<?xml version="1.0" encoding="UTF-8"?>
<testsuite xmlns:xsi="http://www.w3.org/2001/XMLSchema-instance" xsi:noNamespaceSchemaLocation="https://maven.apache.org/surefire/maven-surefire-plugin/xsd/surefire-test-report.xsd" version="3.0.2" name="com.example.trainup.controller.AuthenticationControllerTest" time="27.658" tests="12" errors="0" skipped="0" failures="0">
  <properties>
    <property name="java.specification.version" value="17"/>
    <property name="sun.jnu.encoding" value="UTF-8"/>
    <property name="java.class.path" value="/mnt/c/Users/Bohdan-Dymydiuk/projects/com-projects/train-up/backend/target/test-classes:/mnt/c/Users/Bohdan-Dymydiuk/projects/com-projects/train-up/backend/target/classes:/home/sadsadsa/.m2/repository/org/springframework/boot/spring-boot-starter-data-jdbc/3.4.3/spring-boot-starter-data-jdbc-3.4.3.jar:/home/sadsadsa/.m2/repository/org/springframework/boot/spring-boot-starter-jdbc/3.4.3/spring-boot-starter-jdbc-3.4.3.jar:/home/sadsadsa/.m2/repository/com/zaxxer/HikariCP/5.1.0/HikariCP-5.1.0.jar:/home/sadsadsa/.m2/repository/org/springframework/spring-jdbc/6.2.3/spring-jdbc-6.2.3.jar:/home/sadsadsa/.m2/repository/org/springframework/data/spring-data-jdbc/3.4.3/spring-data-jdbc-3.4.3.jar:/home/sadsadsa/.m2/repository/org/springframework/data/spring-data-relational/3.4.3/spring-data-relational-3.4.3.jar:/home/sadsadsa/.m2/repository/org/springframework/data/spring-data-commons/3.4.3/spring-data-commons-3.4.3.jar:/home/sadsadsa/.m2/repository/org/springframework/spring-tx/6.2.3/spring-tx-6.2.3.jar:/home/sadsadsa/.m2/repository/org/springframework/spring-context/6.2.3/spring-context-6.2.3.jar:/home/sadsadsa/.m2/repository/org/springframework/spring-beans/6.2.3/spring-beans-6.2.3.jar:/home/sadsadsa/.m2/repository/org/slf4j/slf4j-api/2.0.16/slf4j-api-2.0.16.jar:/home/sadsadsa/.m2/repository/org/springframework/boot/spring-boot-starter-data-jpa/3.4.3/spring-boot-starter-data-jpa-3.4.3.jar:/home/sadsadsa/.m2/repository/org/springframework/boot/spring-boot-starter/3.4.3/spring-boot-starter-3.4.3.jar:/home/sadsadsa/.m2/repository/jakarta/annotation/jakarta.annotation-api/2.1.1/jakarta.annotation-api-2.1.1.jar:/home/sadsadsa/.m2/repository/org/hibernate/orm/hibernate-core/6.6.8.Final/hibernate-core-6.6.8.Final.jar:/home/sadsadsa/.m2/repository/jakarta/persistence/jakarta.persistence-api/3.1.0/jakarta.persistence-api-3.1.0.jar:/home/sadsadsa/.m2/repository/jakarta/transaction/jakarta.transaction-api/2.0.1/jakarta.transaction-api-2.0.1.jar:/home/sadsadsa/.m2/repository/org/jboss/logging/jboss-logging/3.6.1.Final/jboss-logging-3.6.1.Final.jar:/home/sadsadsa/.m2/repository/org/hibernate/common/hibernate-commons-annotations/7.0.3.Final/hibernate-commons-annotations-7.0.3.Final.jar:/home/sadsadsa/.m2/repository/io/smallrye/jandex/3.2.0/jandex-3.2.0.jar:/home/sadsadsa/.m2/repository/com/fasterxml/classmate/1.7.0/classmate-1.7.0.jar:/home/sadsadsa/.m2/repository/org/glassfish/jaxb/jaxb-runtime/4.0.5/jaxb-runtime-4.0.5.jar:/home/sadsadsa/.m2/repository/org/glassfish/jaxb/jaxb-core/4.0.5/jaxb-core-4.0.5.jar:/home/sadsadsa/.m2/repository/org/glassfish/jaxb/txw2/4.0.5/txw2-4.0.5.jar:/home/sadsadsa/.m2/repository/com/sun/istack/istack-commons-runtime/4.1.2/istack-commons-runtime-4.1.2.jar:/home/sadsadsa/.m2/repository/jakarta/inject/jakarta.inject-api/2.0.1/jakarta.inject-api-2.0.1.jar:/home/sadsadsa/.m2/repository/org/antlr/antlr4-runtime/4.13.0/antlr4-runtime-4.13.0.jar:/home/sadsadsa/.m2/repository/org/springframework/data/spring-data-jpa/3.4.3/spring-data-jpa-3.4.3.jar:/home/sadsadsa/.m2/repository/org/springframework/spring-orm/6.2.3/spring-orm-6.2.3.jar:/home/sadsadsa/.m2/repository/org/springframework/spring-aspects/6.2.3/spring-aspects-6.2.3.jar:/home/sadsadsa/.m2/repository/org/aspectj/aspectjweaver/1.9.22.1/aspectjweaver-1.9.22.1.jar:/home/sadsadsa/.m2/repository/org/springframework/boot/spring-boot-starter-security/3.4.3/spring-boot-starter-security-3.4.3.jar:/home/sadsadsa/.m2/repository/org/springframework/spring-aop/6.2.3/spring-aop-6.2.3.jar:/home/sadsadsa/.m2/repository/org/springframework/security/spring-security-config/6.4.3/spring-security-config-6.4.3.jar:/home/sadsadsa/.m2/repository/org/springframework/security/spring-security-web/6.4.3/spring-security-web-6.4.3.jar:/home/sadsadsa/.m2/repository/org/springframework/spring-expression/6.2.3/spring-expression-6.2.3.jar:/home/sadsadsa/.m2/repository/org/springframework/boot/spring-boot-starter-web/3.4.3/spring-boot-starter-web-3.4.3.jar:/home/sadsadsa/.m2/repository/org/springframework/boot/spring-boot-starter-json/3.4.3/spring-boot-starter-json-3.4.3.jar:/home/sadsadsa/.m2/repository/org/springframework/boot/spring-boot-starter-tomcat/3.4.3/spring-boot-starter-tomcat-3.4.3.jar:/home/sadsadsa/.m2/repository/org/apache/tomcat/embed/tomcat-embed-core/10.1.36/tomcat-embed-core-10.1.36.jar:/home/sadsadsa/.m2/repository/org/apache/tomcat/embed/tomcat-embed-websocket/10.1.36/tomcat-embed-websocket-10.1.36.jar:/home/sadsadsa/.m2/repository/org/springframework/spring-web/6.2.3/spring-web-6.2.3.jar:/home/sadsadsa/.m2/repository/org/springframework/spring-webmvc/6.2.3/spring-webmvc-6.2.3.jar:/home/sadsadsa/.m2/repository/org/springframework/boot/spring-boot-starter-web-services/3.4.3/spring-boot-starter-web-services-3.4.3.jar:/home/sadsadsa/.m2/repository/com/sun/xml/messaging/saaj/saaj-impl/3.0.4/saaj-impl-3.0.4.jar:/home/sadsadsa/.m2/repository/jakarta/xml/soap/jakarta.xml.soap-api/3.0.2/jakarta.xml.soap-api-3.0.2.jar:/home/sadsadsa/.m2/repository/org/jvnet/staxex/stax-ex/2.1.0/stax-ex-2.1.0.jar:/home/sadsadsa/.m2/repository/org/eclipse/angus/angus-activation/2.0.2/angus-activation-2.0.2.jar:/home/sadsadsa/.m2/repository/jakarta/xml/ws/jakarta.xml.ws-api/4.0.2/jakarta.xml.ws-api-4.0.2.jar:/home/sadsadsa/.m2/repository/org/springframework/spring-oxm/6.2.3/spring-oxm-6.2.3.jar:/home/sadsadsa/.m2/repository/org/springframework/ws/spring-ws-core/4.0.11/spring-ws-core-4.0.11.jar:/home/sadsadsa/.m2/repository/org/springframework/ws/spring-xml/4.0.11/spring-xml-4.0.11.jar:/home/sadsadsa/.m2/repository/org/springframework/boot/spring-boot-devtools/3.4.3/spring-boot-devtools-3.4.3.jar:/home/sadsadsa/.m2/repository/org/springframework/boot/spring-boot/3.4.3/spring-boot-3.4.3.jar:/home/sadsadsa/.m2/repository/org/springframework/boot/spring-boot-autoconfigure/3.4.3/spring-boot-autoconfigure-3.4.3.jar:/home/sadsadsa/.m2/repository/org/springframework/boot/spring-boot-docker-compose/3.4.3/spring-boot-docker-compose-3.4.3.jar:/home/sadsadsa/.m2/repository/com/fasterxml/jackson/module/jackson-module-parameter-names/2.18.2/jackson-module-parameter-names-2.18.2.jar:/home/sadsadsa/.m2/repository/org/postgresql/postgresql/42.7.4/postgresql-42.7.4.jar:/home/sadsadsa/.m2/repository/org/checkerframework/checker-qual/3.42.0/checker-qual-3.42.0.jar:/home/sadsadsa/.m2/repository/org/projectlombok/lombok/1.18.34/lombok-1.18.34.jar:/home/sadsadsa/.m2/repository/org/springframework/boot/spring-boot-starter-test/3.4.3/spring-boot-starter-test-3.4.3.jar:/home/sadsadsa/.m2/repository/org/springframework/boot/spring-boot-test/3.4.3/spring-boot-test-3.4.3.jar:/home/sadsadsa/.m2/repository/org/springframework/boot/spring-boot-test-autoconfigure/3.4.3/spring-boot-test-autoconfigure-3.4.3.jar:/home/sadsadsa/.m2/repository/com/jayway/jsonpath/json-path/2.9.0/json-path-2.9.0.jar:/home/sadsadsa/.m2/repository/jakarta/xml/bind/jakarta.xml.bind-api/4.0.2/jakarta.xml.bind-api-4.0.2.jar:/home/sadsadsa/.m2/repository/net/minidev/json-smart/2.5.2/json-smart-2.5.2.jar:/home/sadsadsa/.m2/repository/net/minidev/accessors-smart/2.5.2/accessors-smart-2.5.2.jar:/home/sadsadsa/.m2/repository/org/ow2/asm/asm/9.7.1/asm-9.7.1.jar:/home/sadsadsa/.m2/repository/org/assertj/assertj-core/3.26.3/assertj-core-3.26.3.jar:/home/sadsadsa/.m2/repository/org/awaitility/awaitility/4.2.2/awaitility-4.2.2.jar:/home/sadsadsa/.m2/repository/org/skyscreamer/jsonassert/1.5.3/jsonassert-1.5.3.jar:/home/sadsadsa/.m2/repository/com/vaadin/external/google/android-json/0.0.20131108.vaadin1/android-json-0.0.20131108.vaadin1.jar:/home/sadsadsa/.m2/repository/org/springframework/spring-core/6.2.3/spring-core-6.2.3.jar:/home/sadsadsa/.m2/repository/org/springframework/spring-jcl/6.2.3/spring-jcl-6.2.3.jar:/home/sadsadsa/.m2/repository/org/springframework/spring-test/6.2.3/spring-test-6.2.3.jar:/home/sadsadsa/.m2/repository/org/xmlunit/xmlunit-core/2.10.0/xmlunit-core-2.10.0.jar:/home/sadsadsa/.m2/repository/org/springframework/security/spring-security-test/6.4.3/spring-security-test-6.4.3.jar:/home/sadsadsa/.m2/repository/org/springframework/security/spring-security-core/6.4.3/spring-security-core-6.4.3.jar:/home/sadsadsa/.m2/repository/org/springframework/security/spring-security-crypto/6.4.3/spring-security-crypto-6.4.3.jar:/home/sadsadsa/.m2/repository/org/liquibase/liquibase-core/4.29.2/liquibase-core-4.29.2.jar:/home/sadsadsa/.m2/repository/com/opencsv/opencsv/5.9/opencsv-5.9.jar:/home/sadsadsa/.m2/repository/org/yaml/snakeyaml/2.3/snakeyaml-2.3.jar:/home/sadsadsa/.m2/repository/javax/xml/bind/jaxb-api/2.3.1/jaxb-api-2.3.1.jar:/home/sadsadsa/.m2/repository/commons-io/commons-io/2.16.1/commons-io-2.16.1.jar:/home/sadsadsa/.m2/repository/org/apache/commons/commons-collections4/4.4/commons-collections4-4.4.jar:/home/sadsadsa/.m2/repository/org/apache/commons/commons-text/1.12.0/commons-text-1.12.0.jar:/home/sadsadsa/.m2/repository/org/apache/commons/commons-lang3/3.17.0/commons-lang3-3.17.0.jar:/home/sadsadsa/.m2/repository/org/mapstruct/mapstruct/1.5.5.Final/mapstruct-1.5.5.Final.jar:/home/sadsadsa/.m2/repository/io/jsonwebtoken/jjwt-api/0.12.6/jjwt-api-0.12.6.jar:/home/sadsadsa/.m2/repository/io/jsonwebtoken/jjwt-impl/0.12.6/jjwt-impl-0.12.6.jar:/home/sadsadsa/.m2/repository/org/springframework/boot/spring-boot-starter-validation/3.4.3/spring-boot-starter-validation-3.4.3.jar:/home/sadsadsa/.m2/repository/org/apache/tomcat/embed/tomcat-embed-el/10.1.36/tomcat-embed-el-10.1.36.jar:/home/sadsadsa/.m2/repository/org/hibernate/validator/hibernate-validator/8.0.2.Final/hibernate-validator-8.0.2.Final.jar:/home/sadsadsa/.m2/repository/jakarta/validation/jakarta.validation-api/3.0.2/jakarta.validation-api-3.0.2.jar:/home/sadsadsa/.m2/repository/org/springdoc/springdoc-openapi-starter-webmvc-ui/2.8.6/springdoc-openapi-starter-webmvc-ui-2.8.6.jar:/home/sadsadsa/.m2/repository/org/springdoc/springdoc-openapi-starter-webmvc-api/2.8.6/springdoc-openapi-starter-webmvc-api-2.8.6.jar:/home/sadsadsa/.m2/repository/org/springdoc/springdoc-openapi-starter-common/2.8.6/springdoc-openapi-starter-common-2.8.6.jar:/home/sadsadsa/.m2/repository/io/swagger/core/v3/swagger-core-jakarta/2.2.29/swagger-core-jakarta-2.2.29.jar:/home/sadsadsa/.m2/repository/io/swagger/core/v3/swagger-annotations-jakarta/2.2.29/swagger-annotations-jakarta-2.2.29.jar:/home/sadsadsa/.m2/repository/io/swagger/core/v3/swagger-models-jakarta/2.2.29/swagger-models-jakarta-2.2.29.jar:/home/sadsadsa/.m2/repository/com/fasterxml/jackson/dataformat/jackson-dataformat-yaml/2.18.2/jackson-dataformat-yaml-2.18.2.jar:/home/sadsadsa/.m2/repository/org/webjars/swagger-ui/5.20.1/swagger-ui-5.20.1.jar:/home/sadsadsa/.m2/repository/org/webjars/webjars-locator-lite/1.0.1/webjars-locator-lite-1.0.1.jar:/home/sadsadsa/.m2/repository/org/junit/jupiter/junit-jupiter/5.11.4/junit-jupiter-5.11.4.jar:/home/sadsadsa/.m2/repository/org/junit/jupiter/junit-jupiter-api/5.11.4/junit-jupiter-api-5.11.4.jar:/home/sadsadsa/.m2/repository/org/opentest4j/opentest4j/1.3.0/opentest4j-1.3.0.jar:/home/sadsadsa/.m2/repository/org/junit/platform/junit-platform-commons/1.11.4/junit-platform-commons-1.11.4.jar:/home/sadsadsa/.m2/repository/org/junit/jupiter/junit-jupiter-params/5.11.4/junit-jupiter-params-5.11.4.jar:/home/sadsadsa/.m2/repository/org/junit/jupiter/junit-jupiter-engine/5.11.4/junit-jupiter-engine-5.11.4.jar:/home/sadsadsa/.m2/repository/org/junit/platform/junit-platform-launcher/1.11.4/junit-platform-launcher-1.11.4.jar:/home/sadsadsa/.m2/repository/org/junit/platform/junit-platform-engine/1.11.4/junit-platform-engine-1.11.4.jar:/home/sadsadsa/.m2/repository/org/apiguardian/apiguardian-api/1.1.2/apiguardian-api-1.1.2.jar:/home/sadsadsa/.m2/repository/com/h2database/h2/2.3.232/h2-2.3.232.jar:/home/sadsadsa/.m2/repository/org/springframework/boot/spring-boot-starter-actuator/3.4.3/spring-boot-starter-actuator-3.4.3.jar:/home/sadsadsa/.m2/repository/org/springframework/boot/spring-boot-actuator-autoconfigure/3.4.3/spring-boot-actuator-autoconfigure-3.4.3.jar:/home/sadsadsa/.m2/repository/org/springframework/boot/spring-boot-actuator/3.4.3/spring-boot-actuator-3.4.3.jar:/home/sadsadsa/.m2/repository/io/micrometer/micrometer-observation/1.14.4/micrometer-observation-1.14.4.jar:/home/sadsadsa/.m2/repository/io/micrometer/micrometer-commons/1.14.4/micrometer-commons-1.14.4.jar:/home/sadsadsa/.m2/repository/io/micrometer/micrometer-jakarta9/1.14.4/micrometer-jakarta9-1.14.4.jar:/home/sadsadsa/.m2/repository/io/micrometer/micrometer-core/1.14.4/micrometer-core-1.14.4.jar:/home/sadsadsa/.m2/repository/org/hdrhistogram/HdrHistogram/2.2.2/HdrHistogram-2.2.2.jar:/home/sadsadsa/.m2/repository/org/latencyutils/LatencyUtils/2.0.3/LatencyUtils-2.0.3.jar:/home/sadsadsa/.m2/repository/org/springframework/boot/spring-boot-starter-log4j2/3.4.3/spring-boot-starter-log4j2-3.4.3.jar:/home/sadsadsa/.m2/repository/org/apache/logging/log4j/log4j-slf4j2-impl/2.24.3/log4j-slf4j2-impl-2.24.3.jar:/home/sadsadsa/.m2/repository/org/apache/logging/log4j/log4j-api/2.24.3/log4j-api-2.24.3.jar:/home/sadsadsa/.m2/repository/org/apache/logging/log4j/log4j-core/2.24.3/log4j-core-2.24.3.jar:/home/sadsadsa/.m2/repository/org/apache/logging/log4j/log4j-jul/2.24.3/log4j-jul-2.24.3.jar:/home/sadsadsa/.m2/repository/jakarta/activation/jakarta.activation-api/2.1.2/jakarta.activation-api-2.1.2.jar:/home/sadsadsa/.m2/repository/io/jsonwebtoken/jjwt-jackson/0.12.6/jjwt-jackson-0.12.6.jar:/home/sadsadsa/.m2/repository/org/springframework/boot/spring-boot-starter-webflux/3.4.3/spring-boot-starter-webflux-3.4.3.jar:/home/sadsadsa/.m2/repository/org/springframework/boot/spring-boot-starter-reactor-netty/3.4.3/spring-boot-starter-reactor-netty-3.4.3.jar:/home/sadsadsa/.m2/repository/io/projectreactor/netty/reactor-netty-http/1.2.3/reactor-netty-http-1.2.3.jar:/home/sadsadsa/.m2/repository/io/netty/netty-codec-http/4.1.118.Final/netty-codec-http-4.1.118.Final.jar:/home/sadsadsa/.m2/repository/io/netty/netty-common/4.1.118.Final/netty-common-4.1.118.Final.jar:/home/sadsadsa/.m2/repository/io/netty/netty-buffer/4.1.118.Final/netty-buffer-4.1.118.Final.jar:/home/sadsadsa/.m2/repository/io/netty/netty-transport/4.1.118.Final/netty-transport-4.1.118.Final.jar:/home/sadsadsa/.m2/repository/io/netty/netty-codec/4.1.118.Final/netty-codec-4.1.118.Final.jar:/home/sadsadsa/.m2/repository/io/netty/netty-handler/4.1.118.Final/netty-handler-4.1.118.Final.jar:/home/sadsadsa/.m2/repository/io/netty/netty-codec-http2/4.1.118.Final/netty-codec-http2-4.1.118.Final.jar:/home/sadsadsa/.m2/repository/io/netty/netty-resolver-dns/4.1.118.Final/netty-resolver-dns-4.1.118.Final.jar:/home/sadsadsa/.m2/repository/io/netty/netty-resolver/4.1.118.Final/netty-resolver-4.1.118.Final.jar:/home/sadsadsa/.m2/repository/io/netty/netty-codec-dns/4.1.118.Final/netty-codec-dns-4.1.118.Final.jar:/home/sadsadsa/.m2/repository/io/netty/netty-resolver-dns-native-macos/4.1.118.Final/netty-resolver-dns-native-macos-4.1.118.Final-osx-x86_64.jar:/home/sadsadsa/.m2/repository/io/netty/netty-resolver-dns-classes-macos/4.1.118.Final/netty-resolver-dns-classes-macos-4.1.118.Final.jar:/home/sadsadsa/.m2/repository/io/netty/netty-transport-native-epoll/4.1.118.Final/netty-transport-native-epoll-4.1.118.Final-linux-x86_64.jar:/home/sadsadsa/.m2/repository/io/netty/netty-transport-native-unix-common/4.1.118.Final/netty-transport-native-unix-common-4.1.118.Final.jar:/home/sadsadsa/.m2/repository/io/netty/netty-transport-classes-epoll/4.1.118.Final/netty-transport-classes-epoll-4.1.118.Final.jar:/home/sadsadsa/.m2/repository/io/projectreactor/netty/reactor-netty-core/1.2.3/reactor-netty-core-1.2.3.jar:/home/sadsadsa/.m2/repository/io/netty/netty-handler-proxy/4.1.118.Final/netty-handler-proxy-4.1.118.Final.jar:/home/sadsadsa/.m2/repository/io/netty/netty-codec-socks/4.1.118.Final/netty-codec-socks-4.1.118.Final.jar:/home/sadsadsa/.m2/repository/org/springframework/spring-webflux/6.2.3/spring-webflux-6.2.3.jar:/home/sadsadsa/.m2/repository/io/projectreactor/reactor-core/3.7.3/reactor-core-3.7.3.jar:/home/sadsadsa/.m2/repository/org/reactivestreams/reactive-streams/1.0.4/reactive-streams-1.0.4.jar:/home/sadsadsa/.m2/repository/com/google/genai/google-genai/1.0.0/google-genai-1.0.0.jar:/home/sadsadsa/.m2/repository/com/google/auth/google-auth-library-oauth2-http/1.30.1/google-auth-library-oauth2-http-1.30.1.jar:/home/sadsadsa/.m2/repository/com/google/auto/value/auto-value-annotations/1.11.0/auto-value-annotations-1.11.0.jar:/home/sadsadsa/.m2/repository/com/google/code/findbugs/jsr305/3.0.2/jsr305-3.0.2.jar:/home/sadsadsa/.m2/repository/com/google/auth/google-auth-library-credentials/1.30.1/google-auth-library-credentials-1.30.1.jar:/home/sadsadsa/.m2/repository/com/google/http-client/google-http-client/1.45.2/google-http-client-1.45.2.jar:/home/sadsadsa/.m2/repository/io/grpc/grpc-context/1.68.2/grpc-context-1.68.2.jar:/home/sadsadsa/.m2/repository/io/grpc/grpc-api/1.68.2/grpc-api-1.68.2.jar:/home/sadsadsa/.m2/repository/io/opencensus/opencensus-api/0.31.1/opencensus-api-0.31.1.jar:/home/sadsadsa/.m2/repository/io/opencensus/opencensus-contrib-http-util/0.31.1/opencensus-contrib-http-util-0.31.1.jar:/home/sadsadsa/.m2/repository/com/google/http-client/google-http-client-gson/1.45.2/google-http-client-gson-1.45.2.jar:/home/sadsadsa/.m2/repository/com/google/code/gson/gson/2.11.0/gson-2.11.0.jar:/home/sadsadsa/.m2/repository/com/google/guava/guava/33.3.1-android/guava-33.3.1-android.jar:/home/sadsadsa/.m2/repository/com/google/guava/failureaccess/1.0.2/failureaccess-1.0.2.jar:/home/sadsadsa/.m2/repository/com/google/guava/listenablefuture/9999.0-empty-to-avoid-conflict-with-guava/listenablefuture-9999.0-empty-to-avoid-conflict-with-guava.jar:/home/sadsadsa/.m2/repository/com/google/errorprone/error_prone_annotations/2.36.0/error_prone_annotations-2.36.0.jar:/home/sadsadsa/.m2/repository/org/apache/httpcomponents/httpclient/4.5.14/httpclient-4.5.14.jar:/home/sadsadsa/.m2/repository/commons-logging/commons-logging/1.2/commons-logging-1.2.jar:/home/sadsadsa/.m2/repository/commons-codec/commons-codec/1.17.2/commons-codec-1.17.2.jar:/home/sadsadsa/.m2/repository/org/apache/httpcomponents/httpcore/4.4.16/httpcore-4.4.16.jar:/home/sadsadsa/.m2/repository/com/google/auto/value/auto-value/1.11.0/auto-value-1.11.0.jar:/home/sadsadsa/.m2/repository/com/google/api/api-common/2.42.1/api-common-2.42.1.jar:/home/sadsadsa/.m2/repository/javax/annotation/javax.annotation-api/1.3.2/javax.annotation-api-1.3.2.jar:/home/sadsadsa/.m2/repository/com/google/j2objc/j2objc-annotations/3.0.0/j2objc-annotations-3.0.0.jar:/home/sadsadsa/.m2/repository/com/fasterxml/jackson/datatype/jackson-datatype-jdk8/2.18.2/jackson-datatype-jdk8-2.18.2.jar:/home/sadsadsa/.m2/repository/com/fasterxml/jackson/datatype/jackson-datatype-jsr310/2.18.2/jackson-datatype-jsr310-2.18.2.jar:/home/sadsadsa/.m2/repository/org/java-websocket/Java-WebSocket/1.6.0/Java-WebSocket-1.6.0.jar:/home/sadsadsa/.m2/repository/org/jspecify/jspecify/1.0.0/jspecify-1.0.0.jar:/home/sadsadsa/.m2/repository/org/mockito/mockito-core/5.14.2/mockito-core-5.14.2.jar:/home/sadsadsa/.m2/repository/net/bytebuddy/byte-buddy/1.15.11/byte-buddy-1.15.11.jar:/home/sadsadsa/.m2/repository/net/bytebuddy/byte-buddy-agent/1.15.11/byte-buddy-agent-1.15.11.jar:/home/sadsadsa/.m2/repository/org/objenesis/objenesis/3.3/objenesis-3.3.jar:/home/sadsadsa/.m2/repository/org/mockito/mockito-junit-jupiter/5.14.2/mockito-junit-jupiter-5.14.2.jar:/home/sadsadsa/.m2/repository/com/fasterxml/jackson/core/jackson-databind/2.18.2/jackson-databind-2.18.2.jar:/home/sadsadsa/.m2/repository/com/fasterxml/jackson/core/jackson-annotations/2.18.2/jackson-annotations-2.18.2.jar:/home/sadsadsa/.m2/repository/com/fasterxml/jackson/core/jackson-core/2.18.2/jackson-core-2.18.2.jar:/home/sadsadsa/.m2/repository/org/hamcrest/hamcrest/2.2/hamcrest-2.2.jar:/home/sadsadsa/.m2/repository/com/cloudinary/cloudinary-http44/1.33.0/cloudinary-http44-1.33.0.jar:/home/sadsadsa/.m2/repository/com/cloudinary/cloudinary-core/1.33.0/cloudinary-core-1.33.0.jar:/home/sadsadsa/.m2/repository/org/apache/httpcomponents/httpmime/4.4/httpmime-4.4.jar:"/>
    <property name="java.vm.vendor" value="Ubuntu"/>
    <property name="sun.arch.data.model" value="64"/>
    <property name="java.vendor.url" value="https://ubuntu.com/"/>
    <property name="user.timezone" value="Etc/UTC"/>
    <property name="os.name" value="Linux"/>
    <property name="java.vm.specification.version" value="17"/>
    <property name="APPLICATION_NAME" value="train-up"/>
    <property name="sun.java.launcher" value="SUN_STANDARD"/>
    <property name="sun.boot.library.path" value="/usr/lib/jvm/java-17-openjdk-amd64/lib"/>
    <property name="sun.java.command" value="/mnt/c/Users/Bohdan-Dymydiuk/projects/com-projects/train-up/backend/target/surefire/surefirebooter-20250801192141350_3.jar /mnt/c/Users/Bohdan-Dymydiuk/projects/com-projects/train-up/backend/target/surefire 2025-08-01T19-21-40_794-jvmRun1 surefire-20250801192141350_1tmp surefire_0-20250801192141350_2tmp"/>
    <property name="jdk.debug" value="release"/>
    <property name="surefire.test.class.path" value="/mnt/c/Users/Bohdan-Dymydiuk/projects/com-projects/train-up/backend/target/test-classes:/mnt/c/Users/Bohdan-Dymydiuk/projects/com-projects/train-up/backend/target/classes:/home/sadsadsa/.m2/repository/org/springframework/boot/spring-boot-starter-data-jdbc/3.4.3/spring-boot-starter-data-jdbc-3.4.3.jar:/home/sadsadsa/.m2/repository/org/springframework/boot/spring-boot-starter-jdbc/3.4.3/spring-boot-starter-jdbc-3.4.3.jar:/home/sadsadsa/.m2/repository/com/zaxxer/HikariCP/5.1.0/HikariCP-5.1.0.jar:/home/sadsadsa/.m2/repository/org/springframework/spring-jdbc/6.2.3/spring-jdbc-6.2.3.jar:/home/sadsadsa/.m2/repository/org/springframework/data/spring-data-jdbc/3.4.3/spring-data-jdbc-3.4.3.jar:/home/sadsadsa/.m2/repository/org/springframework/data/spring-data-relational/3.4.3/spring-data-relational-3.4.3.jar:/home/sadsadsa/.m2/repository/org/springframework/data/spring-data-commons/3.4.3/spring-data-commons-3.4.3.jar:/home/sadsadsa/.m2/repository/org/springframework/spring-tx/6.2.3/spring-tx-6.2.3.jar:/home/sadsadsa/.m2/repository/org/springframework/spring-context/6.2.3/spring-context-6.2.3.jar:/home/sadsadsa/.m2/repository/org/springframework/spring-beans/6.2.3/spring-beans-6.2.3.jar:/home/sadsadsa/.m2/repository/org/slf4j/slf4j-api/2.0.16/slf4j-api-2.0.16.jar:/home/sadsadsa/.m2/repository/org/springframework/boot/spring-boot-starter-data-jpa/3.4.3/spring-boot-starter-data-jpa-3.4.3.jar:/home/sadsadsa/.m2/repository/org/springframework/boot/spring-boot-starter/3.4.3/spring-boot-starter-3.4.3.jar:/home/sadsadsa/.m2/repository/jakarta/annotation/jakarta.annotation-api/2.1.1/jakarta.annotation-api-2.1.1.jar:/home/sadsadsa/.m2/repository/org/hibernate/orm/hibernate-core/6.6.8.Final/hibernate-core-6.6.8.Final.jar:/home/sadsadsa/.m2/repository/jakarta/persistence/jakarta.persistence-api/3.1.0/jakarta.persistence-api-3.1.0.jar:/home/sadsadsa/.m2/repository/jakarta/transaction/jakarta.transaction-api/2.0.1/jakarta.transaction-api-2.0.1.jar:/home/sadsadsa/.m2/repository/org/jboss/logging/jboss-logging/3.6.1.Final/jboss-logging-3.6.1.Final.jar:/home/sadsadsa/.m2/repository/org/hibernate/common/hibernate-commons-annotations/7.0.3.Final/hibernate-commons-annotations-7.0.3.Final.jar:/home/sadsadsa/.m2/repository/io/smallrye/jandex/3.2.0/jandex-3.2.0.jar:/home/sadsadsa/.m2/repository/com/fasterxml/classmate/1.7.0/classmate-1.7.0.jar:/home/sadsadsa/.m2/repository/org/glassfish/jaxb/jaxb-runtime/4.0.5/jaxb-runtime-4.0.5.jar:/home/sadsadsa/.m2/repository/org/glassfish/jaxb/jaxb-core/4.0.5/jaxb-core-4.0.5.jar:/home/sadsadsa/.m2/repository/org/glassfish/jaxb/txw2/4.0.5/txw2-4.0.5.jar:/home/sadsadsa/.m2/repository/com/sun/istack/istack-commons-runtime/4.1.2/istack-commons-runtime-4.1.2.jar:/home/sadsadsa/.m2/repository/jakarta/inject/jakarta.inject-api/2.0.1/jakarta.inject-api-2.0.1.jar:/home/sadsadsa/.m2/repository/org/antlr/antlr4-runtime/4.13.0/antlr4-runtime-4.13.0.jar:/home/sadsadsa/.m2/repository/org/springframework/data/spring-data-jpa/3.4.3/spring-data-jpa-3.4.3.jar:/home/sadsadsa/.m2/repository/org/springframework/spring-orm/6.2.3/spring-orm-6.2.3.jar:/home/sadsadsa/.m2/repository/org/springframework/spring-aspects/6.2.3/spring-aspects-6.2.3.jar:/home/sadsadsa/.m2/repository/org/aspectj/aspectjweaver/1.9.22.1/aspectjweaver-1.9.22.1.jar:/home/sadsadsa/.m2/repository/org/springframework/boot/spring-boot-starter-security/3.4.3/spring-boot-starter-security-3.4.3.jar:/home/sadsadsa/.m2/repository/org/springframework/spring-aop/6.2.3/spring-aop-6.2.3.jar:/home/sadsadsa/.m2/repository/org/springframework/security/spring-security-config/6.4.3/spring-security-config-6.4.3.jar:/home/sadsadsa/.m2/repository/org/springframework/security/spring-security-web/6.4.3/spring-security-web-6.4.3.jar:/home/sadsadsa/.m2/repository/org/springframework/spring-expression/6.2.3/spring-expression-6.2.3.jar:/home/sadsadsa/.m2/repository/org/springframework/boot/spring-boot-starter-web/3.4.3/spring-boot-starter-web-3.4.3.jar:/home/sadsadsa/.m2/repository/org/springframework/boot/spring-boot-starter-json/3.4.3/spring-boot-starter-json-3.4.3.jar:/home/sadsadsa/.m2/repository/org/springframework/boot/spring-boot-starter-tomcat/3.4.3/spring-boot-starter-tomcat-3.4.3.jar:/home/sadsadsa/.m2/repository/org/apache/tomcat/embed/tomcat-embed-core/10.1.36/tomcat-embed-core-10.1.36.jar:/home/sadsadsa/.m2/repository/org/apache/tomcat/embed/tomcat-embed-websocket/10.1.36/tomcat-embed-websocket-10.1.36.jar:/home/sadsadsa/.m2/repository/org/springframework/spring-web/6.2.3/spring-web-6.2.3.jar:/home/sadsadsa/.m2/repository/org/springframework/spring-webmvc/6.2.3/spring-webmvc-6.2.3.jar:/home/sadsadsa/.m2/repository/org/springframework/boot/spring-boot-starter-web-services/3.4.3/spring-boot-starter-web-services-3.4.3.jar:/home/sadsadsa/.m2/repository/com/sun/xml/messaging/saaj/saaj-impl/3.0.4/saaj-impl-3.0.4.jar:/home/sadsadsa/.m2/repository/jakarta/xml/soap/jakarta.xml.soap-api/3.0.2/jakarta.xml.soap-api-3.0.2.jar:/home/sadsadsa/.m2/repository/org/jvnet/staxex/stax-ex/2.1.0/stax-ex-2.1.0.jar:/home/sadsadsa/.m2/repository/org/eclipse/angus/angus-activation/2.0.2/angus-activation-2.0.2.jar:/home/sadsadsa/.m2/repository/jakarta/xml/ws/jakarta.xml.ws-api/4.0.2/jakarta.xml.ws-api-4.0.2.jar:/home/sadsadsa/.m2/repository/org/springframework/spring-oxm/6.2.3/spring-oxm-6.2.3.jar:/home/sadsadsa/.m2/repository/org/springframework/ws/spring-ws-core/4.0.11/spring-ws-core-4.0.11.jar:/home/sadsadsa/.m2/repository/org/springframework/ws/spring-xml/4.0.11/spring-xml-4.0.11.jar:/home/sadsadsa/.m2/repository/org/springframework/boot/spring-boot-devtools/3.4.3/spring-boot-devtools-3.4.3.jar:/home/sadsadsa/.m2/repository/org/springframework/boot/spring-boot/3.4.3/spring-boot-3.4.3.jar:/home/sadsadsa/.m2/repository/org/springframework/boot/spring-boot-autoconfigure/3.4.3/spring-boot-autoconfigure-3.4.3.jar:/home/sadsadsa/.m2/repository/org/springframework/boot/spring-boot-docker-compose/3.4.3/spring-boot-docker-compose-3.4.3.jar:/home/sadsadsa/.m2/repository/com/fasterxml/jackson/module/jackson-module-parameter-names/2.18.2/jackson-module-parameter-names-2.18.2.jar:/home/sadsadsa/.m2/repository/org/postgresql/postgresql/42.7.4/postgresql-42.7.4.jar:/home/sadsadsa/.m2/repository/org/checkerframework/checker-qual/3.42.0/checker-qual-3.42.0.jar:/home/sadsadsa/.m2/repository/org/projectlombok/lombok/1.18.34/lombok-1.18.34.jar:/home/sadsadsa/.m2/repository/org/springframework/boot/spring-boot-starter-test/3.4.3/spring-boot-starter-test-3.4.3.jar:/home/sadsadsa/.m2/repository/org/springframework/boot/spring-boot-test/3.4.3/spring-boot-test-3.4.3.jar:/home/sadsadsa/.m2/repository/org/springframework/boot/spring-boot-test-autoconfigure/3.4.3/spring-boot-test-autoconfigure-3.4.3.jar:/home/sadsadsa/.m2/repository/com/jayway/jsonpath/json-path/2.9.0/json-path-2.9.0.jar:/home/sadsadsa/.m2/repository/jakarta/xml/bind/jakarta.xml.bind-api/4.0.2/jakarta.xml.bind-api-4.0.2.jar:/home/sadsadsa/.m2/repository/net/minidev/json-smart/2.5.2/json-smart-2.5.2.jar:/home/sadsadsa/.m2/repository/net/minidev/accessors-smart/2.5.2/accessors-smart-2.5.2.jar:/home/sadsadsa/.m2/repository/org/ow2/asm/asm/9.7.1/asm-9.7.1.jar:/home/sadsadsa/.m2/repository/org/assertj/assertj-core/3.26.3/assertj-core-3.26.3.jar:/home/sadsadsa/.m2/repository/org/awaitility/awaitility/4.2.2/awaitility-4.2.2.jar:/home/sadsadsa/.m2/repository/org/skyscreamer/jsonassert/1.5.3/jsonassert-1.5.3.jar:/home/sadsadsa/.m2/repository/com/vaadin/external/google/android-json/0.0.20131108.vaadin1/android-json-0.0.20131108.vaadin1.jar:/home/sadsadsa/.m2/repository/org/springframework/spring-core/6.2.3/spring-core-6.2.3.jar:/home/sadsadsa/.m2/repository/org/springframework/spring-jcl/6.2.3/spring-jcl-6.2.3.jar:/home/sadsadsa/.m2/repository/org/springframework/spring-test/6.2.3/spring-test-6.2.3.jar:/home/sadsadsa/.m2/repository/org/xmlunit/xmlunit-core/2.10.0/xmlunit-core-2.10.0.jar:/home/sadsadsa/.m2/repository/org/springframework/security/spring-security-test/6.4.3/spring-security-test-6.4.3.jar:/home/sadsadsa/.m2/repository/org/springframework/security/spring-security-core/6.4.3/spring-security-core-6.4.3.jar:/home/sadsadsa/.m2/repository/org/springframework/security/spring-security-crypto/6.4.3/spring-security-crypto-6.4.3.jar:/home/sadsadsa/.m2/repository/org/liquibase/liquibase-core/4.29.2/liquibase-core-4.29.2.jar:/home/sadsadsa/.m2/repository/com/opencsv/opencsv/5.9/opencsv-5.9.jar:/home/sadsadsa/.m2/repository/org/yaml/snakeyaml/2.3/snakeyaml-2.3.jar:/home/sadsadsa/.m2/repository/javax/xml/bind/jaxb-api/2.3.1/jaxb-api-2.3.1.jar:/home/sadsadsa/.m2/repository/commons-io/commons-io/2.16.1/commons-io-2.16.1.jar:/home/sadsadsa/.m2/repository/org/apache/commons/commons-collections4/4.4/commons-collections4-4.4.jar:/home/sadsadsa/.m2/repository/org/apache/commons/commons-text/1.12.0/commons-text-1.12.0.jar:/home/sadsadsa/.m2/repository/org/apache/commons/commons-lang3/3.17.0/commons-lang3-3.17.0.jar:/home/sadsadsa/.m2/repository/org/mapstruct/mapstruct/1.5.5.Final/mapstruct-1.5.5.Final.jar:/home/sadsadsa/.m2/repository/io/jsonwebtoken/jjwt-api/0.12.6/jjwt-api-0.12.6.jar:/home/sadsadsa/.m2/repository/io/jsonwebtoken/jjwt-impl/0.12.6/jjwt-impl-0.12.6.jar:/home/sadsadsa/.m2/repository/org/springframework/boot/spring-boot-starter-validation/3.4.3/spring-boot-starter-validation-3.4.3.jar:/home/sadsadsa/.m2/repository/org/apache/tomcat/embed/tomcat-embed-el/10.1.36/tomcat-embed-el-10.1.36.jar:/home/sadsadsa/.m2/repository/org/hibernate/validator/hibernate-validator/8.0.2.Final/hibernate-validator-8.0.2.Final.jar:/home/sadsadsa/.m2/repository/jakarta/validation/jakarta.validation-api/3.0.2/jakarta.validation-api-3.0.2.jar:/home/sadsadsa/.m2/repository/org/springdoc/springdoc-openapi-starter-webmvc-ui/2.8.6/springdoc-openapi-starter-webmvc-ui-2.8.6.jar:/home/sadsadsa/.m2/repository/org/springdoc/springdoc-openapi-starter-webmvc-api/2.8.6/springdoc-openapi-starter-webmvc-api-2.8.6.jar:/home/sadsadsa/.m2/repository/org/springdoc/springdoc-openapi-starter-common/2.8.6/springdoc-openapi-starter-common-2.8.6.jar:/home/sadsadsa/.m2/repository/io/swagger/core/v3/swagger-core-jakarta/2.2.29/swagger-core-jakarta-2.2.29.jar:/home/sadsadsa/.m2/repository/io/swagger/core/v3/swagger-annotations-jakarta/2.2.29/swagger-annotations-jakarta-2.2.29.jar:/home/sadsadsa/.m2/repository/io/swagger/core/v3/swagger-models-jakarta/2.2.29/swagger-models-jakarta-2.2.29.jar:/home/sadsadsa/.m2/repository/com/fasterxml/jackson/dataformat/jackson-dataformat-yaml/2.18.2/jackson-dataformat-yaml-2.18.2.jar:/home/sadsadsa/.m2/repository/org/webjars/swagger-ui/5.20.1/swagger-ui-5.20.1.jar:/home/sadsadsa/.m2/repository/org/webjars/webjars-locator-lite/1.0.1/webjars-locator-lite-1.0.1.jar:/home/sadsadsa/.m2/repository/org/junit/jupiter/junit-jupiter/5.11.4/junit-jupiter-5.11.4.jar:/home/sadsadsa/.m2/repository/org/junit/jupiter/junit-jupiter-api/5.11.4/junit-jupiter-api-5.11.4.jar:/home/sadsadsa/.m2/repository/org/opentest4j/opentest4j/1.3.0/opentest4j-1.3.0.jar:/home/sadsadsa/.m2/repository/org/junit/platform/junit-platform-commons/1.11.4/junit-platform-commons-1.11.4.jar:/home/sadsadsa/.m2/repository/org/junit/jupiter/junit-jupiter-params/5.11.4/junit-jupiter-params-5.11.4.jar:/home/sadsadsa/.m2/repository/org/junit/jupiter/junit-jupiter-engine/5.11.4/junit-jupiter-engine-5.11.4.jar:/home/sadsadsa/.m2/repository/org/junit/platform/junit-platform-launcher/1.11.4/junit-platform-launcher-1.11.4.jar:/home/sadsadsa/.m2/repository/org/junit/platform/junit-platform-engine/1.11.4/junit-platform-engine-1.11.4.jar:/home/sadsadsa/.m2/repository/org/apiguardian/apiguardian-api/1.1.2/apiguardian-api-1.1.2.jar:/home/sadsadsa/.m2/repository/com/h2database/h2/2.3.232/h2-2.3.232.jar:/home/sadsadsa/.m2/repository/org/springframework/boot/spring-boot-starter-actuator/3.4.3/spring-boot-starter-actuator-3.4.3.jar:/home/sadsadsa/.m2/repository/org/springframework/boot/spring-boot-actuator-autoconfigure/3.4.3/spring-boot-actuator-autoconfigure-3.4.3.jar:/home/sadsadsa/.m2/repository/org/springframework/boot/spring-boot-actuator/3.4.3/spring-boot-actuator-3.4.3.jar:/home/sadsadsa/.m2/repository/io/micrometer/micrometer-observation/1.14.4/micrometer-observation-1.14.4.jar:/home/sadsadsa/.m2/repository/io/micrometer/micrometer-commons/1.14.4/micrometer-commons-1.14.4.jar:/home/sadsadsa/.m2/repository/io/micrometer/micrometer-jakarta9/1.14.4/micrometer-jakarta9-1.14.4.jar:/home/sadsadsa/.m2/repository/io/micrometer/micrometer-core/1.14.4/micrometer-core-1.14.4.jar:/home/sadsadsa/.m2/repository/org/hdrhistogram/HdrHistogram/2.2.2/HdrHistogram-2.2.2.jar:/home/sadsadsa/.m2/repository/org/latencyutils/LatencyUtils/2.0.3/LatencyUtils-2.0.3.jar:/home/sadsadsa/.m2/repository/org/springframework/boot/spring-boot-starter-log4j2/3.4.3/spring-boot-starter-log4j2-3.4.3.jar:/home/sadsadsa/.m2/repository/org/apache/logging/log4j/log4j-slf4j2-impl/2.24.3/log4j-slf4j2-impl-2.24.3.jar:/home/sadsadsa/.m2/repository/org/apache/logging/log4j/log4j-api/2.24.3/log4j-api-2.24.3.jar:/home/sadsadsa/.m2/repository/org/apache/logging/log4j/log4j-core/2.24.3/log4j-core-2.24.3.jar:/home/sadsadsa/.m2/repository/org/apache/logging/log4j/log4j-jul/2.24.3/log4j-jul-2.24.3.jar:/home/sadsadsa/.m2/repository/jakarta/activation/jakarta.activation-api/2.1.2/jakarta.activation-api-2.1.2.jar:/home/sadsadsa/.m2/repository/io/jsonwebtoken/jjwt-jackson/0.12.6/jjwt-jackson-0.12.6.jar:/home/sadsadsa/.m2/repository/org/springframework/boot/spring-boot-starter-webflux/3.4.3/spring-boot-starter-webflux-3.4.3.jar:/home/sadsadsa/.m2/repository/org/springframework/boot/spring-boot-starter-reactor-netty/3.4.3/spring-boot-starter-reactor-netty-3.4.3.jar:/home/sadsadsa/.m2/repository/io/projectreactor/netty/reactor-netty-http/1.2.3/reactor-netty-http-1.2.3.jar:/home/sadsadsa/.m2/repository/io/netty/netty-codec-http/4.1.118.Final/netty-codec-http-4.1.118.Final.jar:/home/sadsadsa/.m2/repository/io/netty/netty-common/4.1.118.Final/netty-common-4.1.118.Final.jar:/home/sadsadsa/.m2/repository/io/netty/netty-buffer/4.1.118.Final/netty-buffer-4.1.118.Final.jar:/home/sadsadsa/.m2/repository/io/netty/netty-transport/4.1.118.Final/netty-transport-4.1.118.Final.jar:/home/sadsadsa/.m2/repository/io/netty/netty-codec/4.1.118.Final/netty-codec-4.1.118.Final.jar:/home/sadsadsa/.m2/repository/io/netty/netty-handler/4.1.118.Final/netty-handler-4.1.118.Final.jar:/home/sadsadsa/.m2/repository/io/netty/netty-codec-http2/4.1.118.Final/netty-codec-http2-4.1.118.Final.jar:/home/sadsadsa/.m2/repository/io/netty/netty-resolver-dns/4.1.118.Final/netty-resolver-dns-4.1.118.Final.jar:/home/sadsadsa/.m2/repository/io/netty/netty-resolver/4.1.118.Final/netty-resolver-4.1.118.Final.jar:/home/sadsadsa/.m2/repository/io/netty/netty-codec-dns/4.1.118.Final/netty-codec-dns-4.1.118.Final.jar:/home/sadsadsa/.m2/repository/io/netty/netty-resolver-dns-native-macos/4.1.118.Final/netty-resolver-dns-native-macos-4.1.118.Final-osx-x86_64.jar:/home/sadsadsa/.m2/repository/io/netty/netty-resolver-dns-classes-macos/4.1.118.Final/netty-resolver-dns-classes-macos-4.1.118.Final.jar:/home/sadsadsa/.m2/repository/io/netty/netty-transport-native-epoll/4.1.118.Final/netty-transport-native-epoll-4.1.118.Final-linux-x86_64.jar:/home/sadsadsa/.m2/repository/io/netty/netty-transport-native-unix-common/4.1.118.Final/netty-transport-native-unix-common-4.1.118.Final.jar:/home/sadsadsa/.m2/repository/io/netty/netty-transport-classes-epoll/4.1.118.Final/netty-transport-classes-epoll-4.1.118.Final.jar:/home/sadsadsa/.m2/repository/io/projectreactor/netty/reactor-netty-core/1.2.3/reactor-netty-core-1.2.3.jar:/home/sadsadsa/.m2/repository/io/netty/netty-handler-proxy/4.1.118.Final/netty-handler-proxy-4.1.118.Final.jar:/home/sadsadsa/.m2/repository/io/netty/netty-codec-socks/4.1.118.Final/netty-codec-socks-4.1.118.Final.jar:/home/sadsadsa/.m2/repository/org/springframework/spring-webflux/6.2.3/spring-webflux-6.2.3.jar:/home/sadsadsa/.m2/repository/io/projectreactor/reactor-core/3.7.3/reactor-core-3.7.3.jar:/home/sadsadsa/.m2/repository/org/reactivestreams/reactive-streams/1.0.4/reactive-streams-1.0.4.jar:/home/sadsadsa/.m2/repository/com/google/genai/google-genai/1.0.0/google-genai-1.0.0.jar:/home/sadsadsa/.m2/repository/com/google/auth/google-auth-library-oauth2-http/1.30.1/google-auth-library-oauth2-http-1.30.1.jar:/home/sadsadsa/.m2/repository/com/google/auto/value/auto-value-annotations/1.11.0/auto-value-annotations-1.11.0.jar:/home/sadsadsa/.m2/repository/com/google/code/findbugs/jsr305/3.0.2/jsr305-3.0.2.jar:/home/sadsadsa/.m2/repository/com/google/auth/google-auth-library-credentials/1.30.1/google-auth-library-credentials-1.30.1.jar:/home/sadsadsa/.m2/repository/com/google/http-client/google-http-client/1.45.2/google-http-client-1.45.2.jar:/home/sadsadsa/.m2/repository/io/grpc/grpc-context/1.68.2/grpc-context-1.68.2.jar:/home/sadsadsa/.m2/repository/io/grpc/grpc-api/1.68.2/grpc-api-1.68.2.jar:/home/sadsadsa/.m2/repository/io/opencensus/opencensus-api/0.31.1/opencensus-api-0.31.1.jar:/home/sadsadsa/.m2/repository/io/opencensus/opencensus-contrib-http-util/0.31.1/opencensus-contrib-http-util-0.31.1.jar:/home/sadsadsa/.m2/repository/com/google/http-client/google-http-client-gson/1.45.2/google-http-client-gson-1.45.2.jar:/home/sadsadsa/.m2/repository/com/google/code/gson/gson/2.11.0/gson-2.11.0.jar:/home/sadsadsa/.m2/repository/com/google/guava/guava/33.3.1-android/guava-33.3.1-android.jar:/home/sadsadsa/.m2/repository/com/google/guava/failureaccess/1.0.2/failureaccess-1.0.2.jar:/home/sadsadsa/.m2/repository/com/google/guava/listenablefuture/9999.0-empty-to-avoid-conflict-with-guava/listenablefuture-9999.0-empty-to-avoid-conflict-with-guava.jar:/home/sadsadsa/.m2/repository/com/google/errorprone/error_prone_annotations/2.36.0/error_prone_annotations-2.36.0.jar:/home/sadsadsa/.m2/repository/org/apache/httpcomponents/httpclient/4.5.14/httpclient-4.5.14.jar:/home/sadsadsa/.m2/repository/commons-logging/commons-logging/1.2/commons-logging-1.2.jar:/home/sadsadsa/.m2/repository/commons-codec/commons-codec/1.17.2/commons-codec-1.17.2.jar:/home/sadsadsa/.m2/repository/org/apache/httpcomponents/httpcore/4.4.16/httpcore-4.4.16.jar:/home/sadsadsa/.m2/repository/com/google/auto/value/auto-value/1.11.0/auto-value-1.11.0.jar:/home/sadsadsa/.m2/repository/com/google/api/api-common/2.42.1/api-common-2.42.1.jar:/home/sadsadsa/.m2/repository/javax/annotation/javax.annotation-api/1.3.2/javax.annotation-api-1.3.2.jar:/home/sadsadsa/.m2/repository/com/google/j2objc/j2objc-annotations/3.0.0/j2objc-annotations-3.0.0.jar:/home/sadsadsa/.m2/repository/com/fasterxml/jackson/datatype/jackson-datatype-jdk8/2.18.2/jackson-datatype-jdk8-2.18.2.jar:/home/sadsadsa/.m2/repository/com/fasterxml/jackson/datatype/jackson-datatype-jsr310/2.18.2/jackson-datatype-jsr310-2.18.2.jar:/home/sadsadsa/.m2/repository/org/java-websocket/Java-WebSocket/1.6.0/Java-WebSocket-1.6.0.jar:/home/sadsadsa/.m2/repository/org/jspecify/jspecify/1.0.0/jspecify-1.0.0.jar:/home/sadsadsa/.m2/repository/org/mockito/mockito-core/5.14.2/mockito-core-5.14.2.jar:/home/sadsadsa/.m2/repository/net/bytebuddy/byte-buddy/1.15.11/byte-buddy-1.15.11.jar:/home/sadsadsa/.m2/repository/net/bytebuddy/byte-buddy-agent/1.15.11/byte-buddy-agent-1.15.11.jar:/home/sadsadsa/.m2/repository/org/objenesis/objenesis/3.3/objenesis-3.3.jar:/home/sadsadsa/.m2/repository/org/mockito/mockito-junit-jupiter/5.14.2/mockito-junit-jupiter-5.14.2.jar:/home/sadsadsa/.m2/repository/com/fasterxml/jackson/core/jackson-databind/2.18.2/jackson-databind-2.18.2.jar:/home/sadsadsa/.m2/repository/com/fasterxml/jackson/core/jackson-annotations/2.18.2/jackson-annotations-2.18.2.jar:/home/sadsadsa/.m2/repository/com/fasterxml/jackson/core/jackson-core/2.18.2/jackson-core-2.18.2.jar:/home/sadsadsa/.m2/repository/org/hamcrest/hamcrest/2.2/hamcrest-2.2.jar:/home/sadsadsa/.m2/repository/com/cloudinary/cloudinary-http44/1.33.0/cloudinary-http44-1.33.0.jar:/home/sadsadsa/.m2/repository/com/cloudinary/cloudinary-core/1.33.0/cloudinary-core-1.33.0.jar:/home/sadsadsa/.m2/repository/org/apache/httpcomponents/httpmime/4.4/httpmime-4.4.jar:"/>
    <property name="sun.cpu.endian" value="little"/>
    <property name="user.home" value="/home/sadsadsa"/>
    <property name="user.language" value="en"/>
    <property name="java.specification.vendor" value="Oracle Corporation"/>
    <property name="java.version.date" value="2025-04-15"/>
    <property name="java.home" value="/usr/lib/jvm/java-17-openjdk-amd64"/>
    <property name="file.separator" value="/"/>
    <property name="basedir" value="/mnt/c/Users/Bohdan-Dymydiuk/projects/com-projects/train-up/backend"/>
    <property name="java.vm.compressedOopsMode" value="32-bit"/>
    <property name="line.separator" value="&#10;"/>
    <property name="java.specification.name" value="Java Platform API Specification"/>
    <property name="java.vm.specification.vendor" value="Oracle Corporation"/>
    <property name="FILE_LOG_CHARSET" value="UTF-8"/>
    <property name="java.awt.headless" value="true"/>
    <property name="surefire.real.class.path" value="/mnt/c/Users/Bohdan-Dymydiuk/projects/com-projects/train-up/backend/target/surefire/surefirebooter-20250801192141350_3.jar"/>
    <property name="sun.management.compiler" value="HotSpot 64-Bit Tiered Compilers"/>
    <property name="java.runtime.version" value="17.0.15+6-Ubuntu-0ubuntu124.04"/>
    <property name="user.name" value="sadsadsa"/>
    <property name="path.separator" value=":"/>
    <property name="os.version" value="6.6.87.1-microsoft-standard-WSL2"/>
    <property name="java.runtime.name" value="OpenJDK Runtime Environment"/>
    <property name="file.encoding" value="UTF-8"/>
    <property name="java.vm.name" value="OpenJDK 64-Bit Server VM"/>
    <property name="localRepository" value="/home/sadsadsa/.m2/repository"/>
    <property name="java.vendor.url.bug" value="https://bugs.launchpad.net/ubuntu/+source/openjdk-17"/>
    <property name="java.io.tmpdir" value="/tmp"/>
    <property name="com.zaxxer.hikari.pool_number" value="2"/>
    <property name="java.version" value="17.0.15"/>
    <property name="user.dir" value="/mnt/c/Users/Bohdan-Dymydiuk/projects/com-projects/train-up/backend"/>
    <property name="os.arch" value="amd64"/>
    <property name="java.vm.specification.name" value="Java Virtual Machine Specification"/>
    <property name="PID" value="1428"/>
    <property name="CONSOLE_LOG_CHARSET" value="UTF-8"/>
    <property name="native.encoding" value="UTF-8"/>
    <property name="java.library.path" value="/usr/java/packages/lib:/usr/lib/x86_64-linux-gnu/jni:/lib/x86_64-linux-gnu:/usr/lib/x86_64-linux-gnu:/usr/lib/jni:/lib:/usr/lib"/>
    <property name="java.vm.info" value="mixed mode, sharing"/>
    <property name="java.vendor" value="Ubuntu"/>
    <property name="java.vm.version" value="17.0.15+6-Ubuntu-0ubuntu124.04"/>
    <property name="java.specification.maintenance.version" value="1"/>
    <property name="sun.io.unicode.encoding" value="UnicodeLittle"/>
    <property name="java.class.version" value="61.0"/>
    <property name="LOGGED_APPLICATION_NAME" value="[train-up] "/>
  </properties>
  <testcase name="registerAthlete_InvalidEmail_400" classname="com.example.trainup.controller.AuthenticationControllerTest" time="0.836">
    <system-out><![CDATA[2025-08-01 19:23:36.639 [main] DEBUG org.springframework.boot.test.context.SpringBootTestContextBootstrapper - Neither @ContextConfiguration nor @ContextHierarchy found for test class [AuthenticationControllerTest]: using SpringBootContextLoader
2025-08-01 19:23:36.666 [main] DEBUG org.springframework.test.context.support.AbstractContextLoader - Could not detect default resource locations for test class [com.example.trainup.controller.AuthenticationControllerTest]: no resource found for suffixes {-context.xml, Context.groovy}.
2025-08-01 19:23:36.667 [main] INFO  org.springframework.test.context.support.AnnotationConfigContextLoaderUtils - Could not detect default configuration classes for test class [com.example.trainup.controller.AuthenticationControllerTest]: AuthenticationControllerTest does not declare any static, non-private, non-final, nested classes annotated with @Configuration.
2025-08-01 19:23:36.668 [main] DEBUG org.springframework.boot.test.context.SpringBootTestContextBootstrapper - Using ContextCustomizerFactory implementations for test class [AuthenticationControllerTest]: [ImportsContextCustomizerFactory, ExcludeFilterContextCustomizerFactory, HttpGraphQlTesterContextCustomizerFactory, DuplicateJsonObjectContextCustomizerFactory, MockitoContextCustomizerFactory, TestRestTemplateContextCustomizerFactory, WebTestClientContextCustomizerFactory, DisableReactorResourceFactoryGlobalResourcesContextCustomizerFactory, OnFailureConditionReportContextCustomizerFactory, OverrideAutoConfigurationContextCustomizerFactory, ObservabilityContextCustomizerFactory, TypeExcludeFiltersContextCustomizerFactory, PropertyMappingContextCustomizerFactory, WebDriverContextCustomizerFactory, BeanOverrideContextCustomizerFactory, MockServerContainerContextCustomizerFactory, DynamicPropertiesContextCustomizerFactory]
2025-08-01 19:23:36.682 [main] DEBUG org.springframework.boot.test.context.SpringBootTestContextBootstrapper - Using ContextCustomizers for test class [AuthenticationControllerTest]: [ImportsContextCustomizer, ExcludeFilterContextCustomizer, DuplicateJsonObjectContextCustomizer, MockitoContextCustomizer, TestRestTemplateContextCustomizer, WebTestClientContextCustomizer, DisableReactorResourceFactoryGlobalResourcesContextCustomizerCustomizer, OnFailureConditionReportContextCustomizer, DisableObservabilityContextCustomizer, PropertyMappingContextCustomizer, WebDriverContextCustomizer, DynamicPropertiesContextCustomizer]
2025-08-01 19:23:36.687 [main] INFO  org.springframework.boot.test.context.SpringBootTestContextBootstrapper - Found @SpringBootConfiguration com.example.trainup.TrainUpApplication for test class com.example.trainup.controller.AuthenticationControllerTest
2025-08-01 19:23:36.690 [main] DEBUG org.springframework.test.context.util.TestContextSpringFactoriesUtils - Skipping candidate TestExecutionListener [org.springframework.test.context.observation.MicrometerObservationRegistryTestExecutionListener] due to a missing dependency. Specify custom TestExecutionListener classes or make the default TestExecutionListener classes and their required dependencies available. Offending class: io.micrometer.context.ThreadLocalAccessor. MicrometerObservationRegistryTestExecutionListener requires io.micrometer:micrometer-observation:1.10.8 or higher and io.micrometer:context-propagation:1.0.3 or higher.
2025-08-01 19:23:36.691 [main] DEBUG org.springframework.boot.test.context.SpringBootTestContextBootstrapper - Using TestExecutionListeners for test class [AuthenticationControllerTest]: [ServletTestExecutionListener, DirtiesContextBeforeModesTestExecutionListener, ApplicationEventsTestExecutionListener, MockitoTestExecutionListener, BeanOverrideTestExecutionListener, DependencyInjectionTestExecutionListener, DirtiesContextTestExecutionListener, CommonCachesTestExecutionListener, TransactionalTestExecutionListener, SqlScriptsTestExecutionListener, EventPublishingTestExecutionListener, WithSecurityContextTestExecutionListener, ReactorContextTestExecutionListener, ResetMocksTestExecutionListener, RestDocsTestExecutionListener, MockRestServiceServerResetTestExecutionListener, MockMvcPrintOnlyOnFailureTestExecutionListener, WebDriverTestExecutionListener, MockWebServiceServerTestExecutionListener, MockitoResetTestExecutionListener]
2025-08-01 19:23:36.692 [main] DEBUG org.springframework.test.context.support.DirtiesContextBeforeModesTestExecutionListener - Before test class: class [AuthenticationControllerTest], class annotated with @DirtiesContext [false] with mode [null]
2025-08-01 19:23:36.706 [main] INFO  org.springframework.boot.devtools.restart.RestartApplicationListener - Restart disabled due to context in which it is running
2025-08-01 19:23:36.881 [main] DEBUG org.springframework.boot.web.servlet.context.ApplicationServletEnvironment - Activating profiles [test]
2025-08-01 19:23:36.892 [main] DEBUG org.springframework.core.env.PropertySourcesPropertyResolver - Found key 'spring.application.name' in PropertySource 'configurationProperties' with value of type String

  .   ____          _            __ _ _
 /\\ / ___'_ __ _ _(_)_ __  __ _ \ \ \ \
( ( )\___ | '_ | '_| | '_ \/ _` | \ \ \ \
 \\/  ___)| |_)| | | | | || (_| |  ) ) ) )
  '  |____| .__|_| |_|_| |_\__, | / / / /
 =========|_|==============|___/=/_/_/_/

 :: Spring Boot ::                (v3.4.3)

2025-08-01 19:23:36.910 [main] INFO  com.example.trainup.controller.AuthenticationControllerTest - Starting AuthenticationControllerTest using Java 17.0.15 with PID 1428 (started by sadsadsa in /mnt/c/Users/Bohdan-Dymydiuk/projects/com-projects/train-up/backend)
2025-08-01 19:23:36.913 [main] DEBUG com.example.trainup.controller.AuthenticationControllerTest - Running with Spring Boot v3.4.3, Spring v6.2.3
2025-08-01 19:23:36.914 [main] INFO  com.example.trainup.controller.AuthenticationControllerTest - The following 1 profile is active: "test"
2025-08-01 19:23:36.914 [main] DEBUG org.springframework.boot.SpringApplication - Loading source class com.example.trainup.TrainUpApplication
2025-08-01 19:23:36.927 [main] DEBUG org.springframework.web.context.support.GenericWebApplicationContext - Refreshing org.springframework.web.context.support.GenericWebApplicationContext@3a5800c5
2025-08-01 19:23:36.929 [main] DEBUG org.springframework.beans.factory.support.DefaultListableBeanFactory - Creating shared instance of singleton bean 'org.springframework.context.annotation.internalConfigurationAnnotationProcessor'
2025-08-01 19:23:36.930 [main] DEBUG org.springframework.beans.factory.support.DefaultListableBeanFactory - Creating shared instance of singleton bean 'org.springframework.boot.autoconfigure.internalCachingMetadataReaderFactory'
2025-08-01 19:23:37.788 [main] DEBUG org.springframework.context.annotation.ClassPathBeanDefinitionScanner - Identified candidate component class: file [/mnt/c/Users/Bohdan-Dymydiuk/projects/com-projects/train-up/backend/target/classes/com/example/trainup/config/GeminiClientConfig.class]
2025-08-01 19:23:37.810 [main] DEBUG org.springframework.context.annotation.ClassPathBeanDefinitionScanner - Identified candidate component class: file [/mnt/c/Users/Bohdan-Dymydiuk/projects/com-projects/train-up/backend/target/classes/com/example/trainup/config/OpenApiConfig.class]
2025-08-01 19:23:37.822 [main] DEBUG org.springframework.context.annotation.ClassPathBeanDefinitionScanner - Identified candidate component class: file [/mnt/c/Users/Bohdan-Dymydiuk/projects/com-projects/train-up/backend/target/classes/com/example/trainup/config/SecurityConfig.class]
2025-08-01 19:23:37.832 [main] DEBUG org.springframework.context.annotation.ClassPathBeanDefinitionScanner - Identified candidate component class: file [/mnt/c/Users/Bohdan-Dymydiuk/projects/com-projects/train-up/backend/target/classes/com/example/trainup/controller/AthleteController.class]
2025-08-01 19:23:37.842 [main] DEBUG org.springframework.context.annotation.ClassPathBeanDefinitionScanner - Identified candidate component class: file [/mnt/c/Users/Bohdan-Dymydiuk/projects/com-projects/train-up/backend/target/classes/com/example/trainup/controller/AuthenticationController.class]
2025-08-01 19:23:37.855 [main] DEBUG org.springframework.context.annotation.ClassPathBeanDefinitionScanner - Identified candidate component class: file [/mnt/c/Users/Bohdan-Dymydiuk/projects/com-projects/train-up/backend/target/classes/com/example/trainup/controller/BaseUserController.class]
2025-08-01 19:23:37.867 [main] DEBUG org.springframework.context.annotation.ClassPathBeanDefinitionScanner - Identified candidate component class: file [/mnt/c/Users/Bohdan-Dymydiuk/projects/com-projects/train-up/backend/target/classes/com/example/trainup/controller/ChatController.class]
2025-08-01 19:23:37.879 [main] DEBUG org.springframework.context.annotation.ClassPathBeanDefinitionScanner - Identified candidate component class: file [/mnt/c/Users/Bohdan-Dymydiuk/projects/com-projects/train-up/backend/target/classes/com/example/trainup/controller/EventController.class]
2025-08-01 19:23:37.890 [main] DEBUG org.springframework.context.annotation.ClassPathBeanDefinitionScanner - Identified candidate component class: file [/mnt/c/Users/Bohdan-Dymydiuk/projects/com-projects/train-up/backend/target/classes/com/example/trainup/controller/GymController.class]
2025-08-01 19:23:37.901 [main] DEBUG org.springframework.context.annotation.ClassPathBeanDefinitionScanner - Identified candidate component class: file [/mnt/c/Users/Bohdan-Dymydiuk/projects/com-projects/train-up/backend/target/classes/com/example/trainup/controller/ReviewController.class]
2025-08-01 19:23:37.913 [main] DEBUG org.springframework.context.annotation.ClassPathBeanDefinitionScanner - Identified candidate component class: file [/mnt/c/Users/Bohdan-Dymydiuk/projects/com-projects/train-up/backend/target/classes/com/example/trainup/controller/SportController.class]
2025-08-01 19:23:37.926 [main] DEBUG org.springframework.context.annotation.ClassPathBeanDefinitionScanner - Identified candidate component class: file [/mnt/c/Users/Bohdan-Dymydiuk/projects/com-projects/train-up/backend/target/classes/com/example/trainup/controller/TrainerController.class]
2025-08-01 19:23:38.323 [main] DEBUG org.springframework.context.annotation.ClassPathBeanDefinitionScanner - Identified candidate component class: file [/mnt/c/Users/Bohdan-Dymydiuk/projects/com-projects/train-up/backend/target/classes/com/example/trainup/exception/CustomGlobalExceptionHandler.class]
2025-08-01 19:23:38.341 [main] DEBUG org.springframework.context.annotation.ClassPathBeanDefinitionScanner - Identified candidate component class: file [/mnt/c/Users/Bohdan-Dymydiuk/projects/com-projects/train-up/backend/target/classes/com/example/trainup/mapper/AthleteMapperImpl.class]
2025-08-01 19:23:38.359 [main] DEBUG org.springframework.context.annotation.ClassPathBeanDefinitionScanner - Identified candidate component class: file [/mnt/c/Users/Bohdan-Dymydiuk/projects/com-projects/train-up/backend/target/classes/com/example/trainup/mapper/EventMapperImpl.class]
2025-08-01 19:23:38.378 [main] DEBUG org.springframework.context.annotation.ClassPathBeanDefinitionScanner - Identified candidate component class: file [/mnt/c/Users/Bohdan-Dymydiuk/projects/com-projects/train-up/backend/target/classes/com/example/trainup/mapper/GymMapperImpl.class]
2025-08-01 19:23:38.397 [main] DEBUG org.springframework.context.annotation.ClassPathBeanDefinitionScanner - Identified candidate component class: file [/mnt/c/Users/Bohdan-Dymydiuk/projects/com-projects/train-up/backend/target/classes/com/example/trainup/mapper/GymOwnerMapperImpl.class]
2025-08-01 19:23:38.417 [main] DEBUG org.springframework.context.annotation.ClassPathBeanDefinitionScanner - Identified candidate component class: file [/mnt/c/Users/Bohdan-Dymydiuk/projects/com-projects/train-up/backend/target/classes/com/example/trainup/mapper/ReviewMapperImpl.class]
2025-08-01 19:23:38.436 [main] DEBUG org.springframework.context.annotation.ClassPathBeanDefinitionScanner - Identified candidate component class: file [/mnt/c/Users/Bohdan-Dymydiuk/projects/com-projects/train-up/backend/target/classes/com/example/trainup/mapper/SportMapperImpl.class]
2025-08-01 19:23:38.455 [main] DEBUG org.springframework.context.annotation.ClassPathBeanDefinitionScanner - Identified candidate component class: file [/mnt/c/Users/Bohdan-Dymydiuk/projects/com-projects/train-up/backend/target/classes/com/example/trainup/mapper/TrainerMapperImpl.class]
2025-08-01 19:23:38.475 [main] DEBUG org.springframework.context.annotation.ClassPathBeanDefinitionScanner - Identified candidate component class: file [/mnt/c/Users/Bohdan-Dymydiuk/projects/com-projects/train-up/backend/target/classes/com/example/trainup/model/ChatSession.class]
2025-08-01 19:23:38.872 [main] DEBUG org.springframework.context.annotation.ClassPathBeanDefinitionScanner - Identified candidate component class: file [/mnt/c/Users/Bohdan-Dymydiuk/projects/com-projects/train-up/backend/target/classes/com/example/trainup/security/AuthenticationService.class]
2025-08-01 19:23:38.883 [main] DEBUG org.springframework.context.annotation.ClassPathBeanDefinitionScanner - Identified candidate component class: file [/mnt/c/Users/Bohdan-Dymydiuk/projects/com-projects/train-up/backend/target/classes/com/example/trainup/security/CustomUserDetailsService.class]
2025-08-01 19:23:38.893 [main] DEBUG org.springframework.context.annotation.ClassPathBeanDefinitionScanner - Identified candidate component class: file [/mnt/c/Users/Bohdan-Dymydiuk/projects/com-projects/train-up/backend/target/classes/com/example/trainup/security/JwtAuthenticationFilter.class]
2025-08-01 19:23:38.903 [main] DEBUG org.springframework.context.annotation.ClassPathBeanDefinitionScanner - Identified candidate component class: file [/mnt/c/Users/Bohdan-Dymydiuk/projects/com-projects/train-up/backend/target/classes/com/example/trainup/security/JwtUtil.class]
2025-08-01 19:23:38.945 [main] DEBUG org.springframework.context.annotation.ClassPathBeanDefinitionScanner - Identified candidate component class: file [/mnt/c/Users/Bohdan-Dymydiuk/projects/com-projects/train-up/backend/target/classes/com/example/trainup/service/CurrentUserService.class]
2025-08-01 19:23:38.967 [main] DEBUG org.springframework.context.annotation.ClassPathBeanDefinitionScanner - Identified candidate component class: file [/mnt/c/Users/Bohdan-Dymydiuk/projects/com-projects/train-up/backend/target/classes/com/example/trainup/service/EventServiceImpl.class]
2025-08-01 19:23:38.978 [main] DEBUG org.springframework.context.annotation.ClassPathBeanDefinitionScanner - Identified candidate component class: file [/mnt/c/Users/Bohdan-Dymydiuk/projects/com-projects/train-up/backend/target/classes/com/example/trainup/service/GeminiChatService.class]
2025-08-01 19:23:38.993 [main] DEBUG org.springframework.context.annotation.ClassPathBeanDefinitionScanner - Identified candidate component class: file [/mnt/c/Users/Bohdan-Dymydiuk/projects/com-projects/train-up/backend/target/classes/com/example/trainup/service/GymServiceImpl.class]
2025-08-01 19:23:39.007 [main] DEBUG org.springframework.context.annotation.ClassPathBeanDefinitionScanner - Identified candidate component class: file [/mnt/c/Users/Bohdan-Dymydiuk/projects/com-projects/train-up/backend/target/classes/com/example/trainup/service/ReviewServiceImpl.class]
2025-08-01 19:23:39.022 [main] DEBUG org.springframework.context.annotation.ClassPathBeanDefinitionScanner - Identified candidate component class: file [/mnt/c/Users/Bohdan-Dymydiuk/projects/com-projects/train-up/backend/target/classes/com/example/trainup/service/SportServiceImpl.class]
2025-08-01 19:23:39.029 [main] DEBUG org.springframework.context.annotation.ClassPathBeanDefinitionScanner - Identified candidate component class: file [/mnt/c/Users/Bohdan-Dymydiuk/projects/com-projects/train-up/backend/target/classes/com/example/trainup/service/UserCredentialService.class]
2025-08-01 19:23:39.038 [main] DEBUG org.springframework.context.annotation.ClassPathBeanDefinitionScanner - Identified candidate component class: file [/mnt/c/Users/Bohdan-Dymydiuk/projects/com-projects/train-up/backend/target/classes/com/example/trainup/service/UserPhotoService.class]
2025-08-01 19:23:39.065 [main] DEBUG org.springframework.context.annotation.ClassPathBeanDefinitionScanner - Identified candidate component class: file [/mnt/c/Users/Bohdan-Dymydiuk/projects/com-projects/train-up/backend/target/classes/com/example/trainup/service/users/AthleteServiceImpl.class]
2025-08-01 19:23:39.094 [main] DEBUG org.springframework.context.annotation.ClassPathBeanDefinitionScanner - Identified candidate component class: file [/mnt/c/Users/Bohdan-Dymydiuk/projects/com-projects/train-up/backend/target/classes/com/example/trainup/service/users/GymOwnerServiceImpl.class]
2025-08-01 19:23:39.116 [main] DEBUG org.springframework.context.annotation.ClassPathBeanDefinitionScanner - Identified candidate component class: file [/mnt/c/Users/Bohdan-Dymydiuk/projects/com-projects/train-up/backend/target/classes/com/example/trainup/service/users/TrainerServiceImpl.class]
2025-08-01 19:23:39.135 [main] DEBUG org.springframework.context.annotation.ClassPathBeanDefinitionScanner - Identified candidate component class: file [/mnt/c/Users/Bohdan-Dymydiuk/projects/com-projects/train-up/backend/target/classes/com/example/trainup/validation/EmailUniqueValidator.class]
2025-08-01 19:23:43.628 [main] INFO  org.springframework.data.repository.config.RepositoryConfigurationDelegate - Multiple Spring Data modules found, entering strict repository configuration mode
2025-08-01 19:23:43.628 [main] INFO  org.springframework.data.repository.config.RepositoryConfigurationDelegate - Bootstrapping Spring Data JDBC repositories in DEFAULT mode.
2025-08-01 19:23:43.635 [main] DEBUG org.springframework.beans.factory.support.DefaultListableBeanFactory - Creating shared instance of singleton bean 'org.springframework.boot.autoconfigure.AutoConfigurationPackages'
2025-08-01 19:23:43.636 [main] DEBUG org.springframework.boot.autoconfigure.AutoConfigurationPackages - @EnableAutoConfiguration was declared on a class in the package 'com.example.trainup'. Automatic @Repository and @Entity scanning is enabled.
2025-08-01 19:23:43.636 [main] DEBUG org.springframework.data.repository.config.RepositoryConfigurationDelegate - Scanning for JDBC repositories in packages com.example.trainup.
2025-08-01 19:23:44.318 [main] DEBUG org.springframework.data.repository.config.RepositoryComponentProvider - Identified candidate component class: file [/mnt/c/Users/Bohdan-Dymydiuk/projects/com-projects/train-up/backend/target/classes/com/example/trainup/repository/AddressRepository.class]
2025-08-01 19:23:44.319 [main] DEBUG org.springframework.data.repository.config.RepositoryComponentProvider - Identified candidate component class: file [/mnt/c/Users/Bohdan-Dymydiuk/projects/com-projects/train-up/backend/target/classes/com/example/trainup/repository/AdminRepository.class]
2025-08-01 19:23:44.319 [main] DEBUG org.springframework.data.repository.config.RepositoryComponentProvider - Identified candidate component class: file [/mnt/c/Users/Bohdan-Dymydiuk/projects/com-projects/train-up/backend/target/classes/com/example/trainup/repository/AthleteRepository.class]
2025-08-01 19:23:44.320 [main] DEBUG org.springframework.data.repository.config.RepositoryComponentProvider - Identified candidate component class: file [/mnt/c/Users/Bohdan-Dymydiuk/projects/com-projects/train-up/backend/target/classes/com/example/trainup/repository/BaseUserRepository.class]
2025-08-01 19:23:44.320 [main] DEBUG org.springframework.data.repository.config.RepositoryComponentProvider - Identified candidate component class: file [/mnt/c/Users/Bohdan-Dymydiuk/projects/com-projects/train-up/backend/target/classes/com/example/trainup/repository/EventRepository.class]
2025-08-01 19:23:44.321 [main] DEBUG org.springframework.data.repository.config.RepositoryComponentProvider - Identified candidate component class: file [/mnt/c/Users/Bohdan-Dymydiuk/projects/com-projects/train-up/backend/target/classes/com/example/trainup/repository/GymOwnerRepository.class]
2025-08-01 19:23:44.321 [main] DEBUG org.springframework.data.repository.config.RepositoryComponentProvider - Identified candidate component class: file [/mnt/c/Users/Bohdan-Dymydiuk/projects/com-projects/train-up/backend/target/classes/com/example/trainup/repository/GymRepository.class]
2025-08-01 19:23:44.321 [main] DEBUG org.springframework.data.repository.config.RepositoryComponentProvider - Identified candidate component class: file [/mnt/c/Users/Bohdan-Dymydiuk/projects/com-projects/train-up/backend/target/classes/com/example/trainup/repository/ReviewRepository.class]
2025-08-01 19:23:44.322 [main] DEBUG org.springframework.data.repository.config.RepositoryComponentProvider - Identified candidate component class: file [/mnt/c/Users/Bohdan-Dymydiuk/projects/com-projects/train-up/backend/target/classes/com/example/trainup/repository/RoleRepository.class]
2025-08-01 19:23:44.322 [main] DEBUG org.springframework.data.repository.config.RepositoryComponentProvider - Identified candidate component class: file [/mnt/c/Users/Bohdan-Dymydiuk/projects/com-projects/train-up/backend/target/classes/com/example/trainup/repository/SportRepository.class]
2025-08-01 19:23:44.323 [main] DEBUG org.springframework.data.repository.config.RepositoryComponentProvider - Identified candidate component class: file [/mnt/c/Users/Bohdan-Dymydiuk/projects/com-projects/train-up/backend/target/classes/com/example/trainup/repository/TrainerRepository.class]
2025-08-01 19:23:44.323 [main] DEBUG org.springframework.data.repository.config.RepositoryComponentProvider - Identified candidate component class: file [/mnt/c/Users/Bohdan-Dymydiuk/projects/com-projects/train-up/backend/target/classes/com/example/trainup/repository/UserCredentialsRepository.class]
2025-08-01 19:23:44.579 [main] INFO  org.springframework.data.repository.config.RepositoryConfigurationExtensionSupport - Spring Data JDBC - Could not safely identify store assignment for repository candidate interface com.example.trainup.repository.AddressRepository; If you want this repository to be a JDBC repository, consider annotating your entities with one of these annotations: org.springframework.data.relational.core.mapping.Table.
2025-08-01 19:23:44.580 [main] INFO  org.springframework.data.repository.config.RepositoryConfigurationExtensionSupport - Spring Data JDBC - Could not safely identify store assignment for repository candidate interface com.example.trainup.repository.AdminRepository; If you want this repository to be a JDBC repository, consider annotating your entities with one of these annotations: org.springframework.data.relational.core.mapping.Table.
2025-08-01 19:23:44.580 [main] INFO  org.springframework.data.repository.config.RepositoryConfigurationExtensionSupport - Spring Data JDBC - Could not safely identify store assignment for repository candidate interface com.example.trainup.repository.AthleteRepository; If you want this repository to be a JDBC repository, consider annotating your entities with one of these annotations: org.springframework.data.relational.core.mapping.Table.
2025-08-01 19:23:44.581 [main] INFO  org.springframework.data.repository.config.RepositoryConfigurationExtensionSupport - Spring Data JDBC - Could not safely identify store assignment for repository candidate interface com.example.trainup.repository.BaseUserRepository; If you want this repository to be a JDBC repository, consider annotating your entities with one of these annotations: org.springframework.data.relational.core.mapping.Table.
2025-08-01 19:23:44.582 [main] INFO  org.springframework.data.repository.config.RepositoryConfigurationExtensionSupport - Spring Data JDBC - Could not safely identify store assignment for repository candidate interface com.example.trainup.repository.EventRepository; If you want this repository to be a JDBC repository, consider annotating your entities with one of these annotations: org.springframework.data.relational.core.mapping.Table.
2025-08-01 19:23:44.582 [main] INFO  org.springframework.data.repository.config.RepositoryConfigurationExtensionSupport - Spring Data JDBC - Could not safely identify store assignment for repository candidate interface com.example.trainup.repository.GymOwnerRepository; If you want this repository to be a JDBC repository, consider annotating your entities with one of these annotations: org.springframework.data.relational.core.mapping.Table.
2025-08-01 19:23:44.583 [main] INFO  org.springframework.data.repository.config.RepositoryConfigurationExtensionSupport - Spring Data JDBC - Could not safely identify store assignment for repository candidate interface com.example.trainup.repository.GymRepository; If you want this repository to be a JDBC repository, consider annotating your entities with one of these annotations: org.springframework.data.relational.core.mapping.Table.
2025-08-01 19:23:44.583 [main] INFO  org.springframework.data.repository.config.RepositoryConfigurationExtensionSupport - Spring Data JDBC - Could not safely identify store assignment for repository candidate interface com.example.trainup.repository.ReviewRepository; If you want this repository to be a JDBC repository, consider annotating your entities with one of these annotations: org.springframework.data.relational.core.mapping.Table.
2025-08-01 19:23:44.584 [main] INFO  org.springframework.data.repository.config.RepositoryConfigurationExtensionSupport - Spring Data JDBC - Could not safely identify store assignment for repository candidate interface com.example.trainup.repository.RoleRepository; If you want this repository to be a JDBC repository, consider annotating your entities with one of these annotations: org.springframework.data.relational.core.mapping.Table.
2025-08-01 19:23:44.584 [main] INFO  org.springframework.data.repository.config.RepositoryConfigurationExtensionSupport - Spring Data JDBC - Could not safely identify store assignment for repository candidate interface com.example.trainup.repository.SportRepository; If you want this repository to be a JDBC repository, consider annotating your entities with one of these annotations: org.springframework.data.relational.core.mapping.Table.
2025-08-01 19:23:44.584 [main] INFO  org.springframework.data.repository.config.RepositoryConfigurationExtensionSupport - Spring Data JDBC - Could not safely identify store assignment for repository candidate interface com.example.trainup.repository.TrainerRepository; If you want this repository to be a JDBC repository, consider annotating your entities with one of these annotations: org.springframework.data.relational.core.mapping.Table.
2025-08-01 19:23:44.585 [main] INFO  org.springframework.data.repository.config.RepositoryConfigurationExtensionSupport - Spring Data JDBC - Could not safely identify store assignment for repository candidate interface com.example.trainup.repository.UserCredentialsRepository; If you want this repository to be a JDBC repository, consider annotating your entities with one of these annotations: org.springframework.data.relational.core.mapping.Table.
2025-08-01 19:23:44.586 [main] INFO  org.springframework.data.repository.config.RepositoryConfigurationDelegate - Finished Spring Data repository scanning in 949 ms. Found 0 JDBC repository interfaces.
2025-08-01 19:23:44.601 [main] INFO  org.springframework.data.repository.config.RepositoryConfigurationDelegate - Multiple Spring Data modules found, entering strict repository configuration mode
2025-08-01 19:23:44.601 [main] INFO  org.springframework.data.repository.config.RepositoryConfigurationDelegate - Bootstrapping Spring Data JPA repositories in DEFAULT mode.
2025-08-01 19:23:44.606 [main] DEBUG org.springframework.data.repository.config.RepositoryConfigurationDelegate - Scanning for JPA repositories in packages com.example.trainup.
2025-08-01 19:23:44.997 [main] DEBUG org.springframework.data.repository.config.RepositoryComponentProvider - Identified candidate component class: file [/mnt/c/Users/Bohdan-Dymydiuk/projects/com-projects/train-up/backend/target/classes/com/example/trainup/repository/AddressRepository.class]
2025-08-01 19:23:44.998 [main] DEBUG org.springframework.data.repository.config.RepositoryComponentProvider - Identified candidate component class: file [/mnt/c/Users/Bohdan-Dymydiuk/projects/com-projects/train-up/backend/target/classes/com/example/trainup/repository/AdminRepository.class]
2025-08-01 19:23:44.998 [main] DEBUG org.springframework.data.repository.config.RepositoryComponentProvider - Identified candidate component class: file [/mnt/c/Users/Bohdan-Dymydiuk/projects/com-projects/train-up/backend/target/classes/com/example/trainup/repository/AthleteRepository.class]
2025-08-01 19:23:44.999 [main] DEBUG org.springframework.data.repository.config.RepositoryComponentProvider - Identified candidate component class: file [/mnt/c/Users/Bohdan-Dymydiuk/projects/com-projects/train-up/backend/target/classes/com/example/trainup/repository/BaseUserRepository.class]
2025-08-01 19:23:44.999 [main] DEBUG org.springframework.data.repository.config.RepositoryComponentProvider - Identified candidate component class: file [/mnt/c/Users/Bohdan-Dymydiuk/projects/com-projects/train-up/backend/target/classes/com/example/trainup/repository/EventRepository.class]
2025-08-01 19:23:45.000 [main] DEBUG org.springframework.data.repository.config.RepositoryComponentProvider - Identified candidate component class: file [/mnt/c/Users/Bohdan-Dymydiuk/projects/com-projects/train-up/backend/target/classes/com/example/trainup/repository/GymOwnerRepository.class]
2025-08-01 19:23:45.000 [main] DEBUG org.springframework.data.repository.config.RepositoryComponentProvider - Identified candidate component class: file [/mnt/c/Users/Bohdan-Dymydiuk/projects/com-projects/train-up/backend/target/classes/com/example/trainup/repository/GymRepository.class]
2025-08-01 19:23:45.001 [main] DEBUG org.springframework.data.repository.config.RepositoryComponentProvider - Identified candidate component class: file [/mnt/c/Users/Bohdan-Dymydiuk/projects/com-projects/train-up/backend/target/classes/com/example/trainup/repository/ReviewRepository.class]
2025-08-01 19:23:45.001 [main] DEBUG org.springframework.data.repository.config.RepositoryComponentProvider - Identified candidate component class: file [/mnt/c/Users/Bohdan-Dymydiuk/projects/com-projects/train-up/backend/target/classes/com/example/trainup/repository/RoleRepository.class]
2025-08-01 19:23:45.002 [main] DEBUG org.springframework.data.repository.config.RepositoryComponentProvider - Identified candidate component class: file [/mnt/c/Users/Bohdan-Dymydiuk/projects/com-projects/train-up/backend/target/classes/com/example/trainup/repository/SportRepository.class]
2025-08-01 19:23:45.002 [main] DEBUG org.springframework.data.repository.config.RepositoryComponentProvider - Identified candidate component class: file [/mnt/c/Users/Bohdan-Dymydiuk/projects/com-projects/train-up/backend/target/classes/com/example/trainup/repository/TrainerRepository.class]
2025-08-01 19:23:45.002 [main] DEBUG org.springframework.data.repository.config.RepositoryComponentProvider - Identified candidate component class: file [/mnt/c/Users/Bohdan-Dymydiuk/projects/com-projects/train-up/backend/target/classes/com/example/trainup/repository/UserCredentialsRepository.class]
2025-08-01 19:23:45.475 [main] DEBUG org.springframework.context.annotation.ClassPathScanningCandidateComponentProvider - Identified candidate component class: file [/mnt/c/Users/Bohdan-Dymydiuk/projects/com-projects/train-up/backend/target/classes/com/example/trainup/mapper/AthleteMapperImpl.class]
2025-08-01 19:23:45.475 [main] DEBUG org.springframework.context.annotation.ClassPathScanningCandidateComponentProvider - Identified candidate component class: file [/mnt/c/Users/Bohdan-Dymydiuk/projects/com-projects/train-up/backend/target/classes/com/example/trainup/mapper/EventMapperImpl.class]
2025-08-01 19:23:45.476 [main] DEBUG org.springframework.context.annotation.ClassPathScanningCandidateComponentProvider - Identified candidate component class: file [/mnt/c/Users/Bohdan-Dymydiuk/projects/com-projects/train-up/backend/target/classes/com/example/trainup/mapper/GymMapperImpl.class]
2025-08-01 19:23:45.476 [main] DEBUG org.springframework.context.annotation.ClassPathScanningCandidateComponentProvider - Identified candidate component class: file [/mnt/c/Users/Bohdan-Dymydiuk/projects/com-projects/train-up/backend/target/classes/com/example/trainup/mapper/GymOwnerMapperImpl.class]
2025-08-01 19:23:45.476 [main] DEBUG org.springframework.context.annotation.ClassPathScanningCandidateComponentProvider - Identified candidate component class: file [/mnt/c/Users/Bohdan-Dymydiuk/projects/com-projects/train-up/backend/target/classes/com/example/trainup/mapper/ReviewMapperImpl.class]
2025-08-01 19:23:45.477 [main] DEBUG org.springframework.context.annotation.ClassPathScanningCandidateComponentProvider - Identified candidate component class: file [/mnt/c/Users/Bohdan-Dymydiuk/projects/com-projects/train-up/backend/target/classes/com/example/trainup/mapper/SportMapperImpl.class]
2025-08-01 19:23:45.477 [main] DEBUG org.springframework.context.annotation.ClassPathScanningCandidateComponentProvider - Identified candidate component class: file [/mnt/c/Users/Bohdan-Dymydiuk/projects/com-projects/train-up/backend/target/classes/com/example/trainup/mapper/TrainerMapperImpl.class]
2025-08-01 19:23:45.478 [main] DEBUG org.springframework.context.annotation.ClassPathScanningCandidateComponentProvider - Identified candidate component class: file [/mnt/c/Users/Bohdan-Dymydiuk/projects/com-projects/train-up/backend/target/classes/com/example/trainup/service/EventServiceImpl.class]
2025-08-01 19:23:45.478 [main] DEBUG org.springframework.context.annotation.ClassPathScanningCandidateComponentProvider - Identified candidate component class: file [/mnt/c/Users/Bohdan-Dymydiuk/projects/com-projects/train-up/backend/target/classes/com/example/trainup/service/GymServiceImpl.class]
2025-08-01 19:23:45.479 [main] DEBUG org.springframework.context.annotation.ClassPathScanningCandidateComponentProvider - Identified candidate component class: file [/mnt/c/Users/Bohdan-Dymydiuk/projects/com-projects/train-up/backend/target/classes/com/example/trainup/service/ReviewServiceImpl.class]
2025-08-01 19:23:45.480 [main] DEBUG org.springframework.context.annotation.ClassPathScanningCandidateComponentProvider - Identified candidate component class: file [/mnt/c/Users/Bohdan-Dymydiuk/projects/com-projects/train-up/backend/target/classes/com/example/trainup/service/SportServiceImpl.class]
2025-08-01 19:23:45.480 [main] DEBUG org.springframework.context.annotation.ClassPathScanningCandidateComponentProvider - Identified candidate component class: file [/mnt/c/Users/Bohdan-Dymydiuk/projects/com-projects/train-up/backend/target/classes/com/example/trainup/service/users/AthleteServiceImpl.class]
2025-08-01 19:23:45.481 [main] DEBUG org.springframework.context.annotation.ClassPathScanningCandidateComponentProvider - Identified candidate component class: file [/mnt/c/Users/Bohdan-Dymydiuk/projects/com-projects/train-up/backend/target/classes/com/example/trainup/service/users/GymOwnerServiceImpl.class]
2025-08-01 19:23:45.482 [main] DEBUG org.springframework.context.annotation.ClassPathScanningCandidateComponentProvider - Identified candidate component class: file [/mnt/c/Users/Bohdan-Dymydiuk/projects/com-projects/train-up/backend/target/classes/com/example/trainup/service/users/TrainerServiceImpl.class]
2025-08-01 19:23:46.371 [main] INFO  org.springframework.data.repository.config.RepositoryConfigurationDelegate - Finished Spring Data repository scanning in 1763 ms. Found 12 JPA repository interfaces.
2025-08-01 19:23:46.442 [main] DEBUG org.springframework.beans.factory.support.DefaultListableBeanFactory - Creating shared instance of singleton bean 'org.springframework.boot.test.context.ImportsContextCustomizer$ImportsCleanupPostProcessor'
2025-08-01 19:23:46.443 [main] DEBUG org.springframework.beans.factory.support.DefaultListableBeanFactory - Creating shared instance of singleton bean 'springSecurityHandlerMappingIntrospectorBeanDefinitionRegistryPostProcessor'
2025-08-01 19:23:46.449 [main] DEBUG org.springframework.beans.factory.support.DefaultListableBeanFactory - Creating shared instance of singleton bean 'propertySourcesPlaceholderConfigurer'
2025-08-01 19:23:46.454 [main] DEBUG org.springframework.beans.factory.support.DefaultListableBeanFactory - Creating shared instance of singleton bean 'org.springframework.boot.test.mock.mockito.MockitoPostProcessor'
2025-08-01 19:23:46.455 [main] DEBUG org.springframework.beans.factory.support.DefaultListableBeanFactory - Creating shared instance of singleton bean 'org.springframework.boot.sql.init.dependency.DatabaseInitializationDependencyConfigurer$DependsOnDatabaseInitializationPostProcessor'
2025-08-01 19:23:46.456 [main] DEBUG org.springframework.beans.factory.support.DefaultListableBeanFactory - Creating shared instance of singleton bean 'emBeanDefinitionRegistrarPostProcessor'
2025-08-01 19:23:47.118 [main] DEBUG org.springframework.beans.factory.support.DefaultListableBeanFactory - Creating shared instance of singleton bean 'org.springframework.context.event.internalEventListenerProcessor'
2025-08-01 19:23:47.119 [main] DEBUG org.springframework.beans.factory.support.DefaultListableBeanFactory - Creating shared instance of singleton bean 'preserveErrorControllerTargetClassPostProcessor'
2025-08-01 19:23:47.124 [main] DEBUG org.springframework.beans.factory.support.DefaultListableBeanFactory - Creating shared instance of singleton bean 'conversionServicePostProcessor'
2025-08-01 19:23:47.129 [main] DEBUG org.springframework.beans.factory.support.DefaultListableBeanFactory - Creating shared instance of singleton bean 'org.springframework.context.event.internalEventListenerFactory'
2025-08-01 19:23:47.129 [main] DEBUG org.springframework.beans.factory.support.DefaultListableBeanFactory - Creating shared instance of singleton bean 'org.springframework.transaction.config.internalTransactionalEventListenerFactory'
2025-08-01 19:23:47.145 [main] DEBUG org.springframework.beans.factory.support.DefaultListableBeanFactory - Creating shared instance of singleton bean 'org.springframework.context.annotation.internalAutowiredAnnotationProcessor'
2025-08-01 19:23:47.150 [main] DEBUG org.springframework.beans.factory.support.DefaultListableBeanFactory - Creating shared instance of singleton bean 'org.springframework.context.annotation.internalCommonAnnotationProcessor'
2025-08-01 19:23:47.150 [main] DEBUG org.springframework.beans.factory.support.DefaultListableBeanFactory - Creating shared instance of singleton bean 'org.springframework.context.annotation.internalPersistenceAnnotationProcessor'
2025-08-01 19:23:47.151 [main] DEBUG org.springframework.beans.factory.support.DefaultListableBeanFactory - Creating shared instance of singleton bean 'org.springframework.boot.test.mock.mockito.MockitoPostProcessor$SpyPostProcessor'
2025-08-01 19:23:47.153 [main] DEBUG org.springframework.beans.factory.support.DefaultListableBeanFactory - Creating shared instance of singleton bean 'org.springframework.boot.context.properties.ConfigurationPropertiesBindingPostProcessor'
2025-08-01 19:23:47.153 [main] DEBUG org.springframework.beans.factory.support.DefaultListableBeanFactory - Creating shared instance of singleton bean 'org.springframework.boot.context.internalConfigurationPropertiesBinder'
2025-08-01 19:23:47.157 [main] DEBUG org.springframework.beans.factory.support.DefaultListableBeanFactory - Creating shared instance of singleton bean 'jdbcConnectionDetailsHikariBeanPostProcessor'
2025-08-01 19:23:47.159 [main] DEBUG org.springframework.beans.factory.support.DefaultListableBeanFactory - Creating shared instance of singleton bean 'org.springframework.aop.config.internalAutoProxyCreator'
2025-08-01 19:23:47.168 [main] DEBUG org.springframework.beans.factory.support.DefaultListableBeanFactory - Creating shared instance of singleton bean 'methodValidationPostProcessor'
2025-08-01 19:23:47.169 [main] DEBUG org.springframework.beans.factory.support.DefaultListableBeanFactory - Autowiring by type from bean name 'methodValidationPostProcessor' via factory method to bean named 'environment'
2025-08-01 19:23:47.184 [main] DEBUG org.springframework.beans.factory.support.DefaultListableBeanFactory - Creating shared instance of singleton bean 'org.springframework.boot.context.properties.EnableConfigurationPropertiesRegistrar.methodValidationExcludeFilter'
2025-08-01 19:23:47.190 [main] DEBUG org.springframework.beans.factory.support.DefaultListableBeanFactory - Creating shared instance of singleton bean 'persistenceExceptionTranslationPostProcessor'
2025-08-01 19:23:47.191 [main] DEBUG org.springframework.beans.factory.support.DefaultListableBeanFactory - Autowiring by type from bean name 'persistenceExceptionTranslationPostProcessor' via factory method to bean named 'environment'
2025-08-01 19:23:47.193 [main] DEBUG org.springframework.beans.factory.support.DefaultListableBeanFactory - Creating shared instance of singleton bean 'annotationActionEndpointMapping'
2025-08-01 19:23:47.193 [main] DEBUG org.springframework.beans.factory.support.DefaultListableBeanFactory - Creating shared instance of singleton bean 'org.springframework.ws.config.annotation.DelegatingWsConfiguration'
2025-08-01 19:23:47.206 [main] WARN  org.springframework.context.support.PostProcessorRegistrationDelegate$BeanPostProcessorChecker - Bean 'org.springframework.ws.config.annotation.DelegatingWsConfiguration' of type [org.springframework.ws.config.annotation.DelegatingWsConfiguration$$SpringCGLIB$$0] is not eligible for getting processed by all BeanPostProcessors (for example: not eligible for auto-proxying). The currently created BeanPostProcessor [annotationActionEndpointMapping] is declared through a non-static factory method on that class; consider declaring it as static instead.
2025-08-01 19:23:47.211 [main] INFO  org.springframework.ws.soap.addressing.server.AnnotationActionEndpointMapping - Supporting [WS-Addressing August 2004, WS-Addressing 1.0]
2025-08-01 19:23:47.214 [main] DEBUG org.springframework.beans.factory.support.DefaultListableBeanFactory - Creating shared instance of singleton bean 'webServerFactoryCustomizerBeanPostProcessor'
2025-08-01 19:23:47.216 [main] DEBUG org.springframework.beans.factory.support.DefaultListableBeanFactory - Creating shared instance of singleton bean 'errorPageRegistrarBeanPostProcessor'
2025-08-01 19:23:47.217 [main] DEBUG org.springframework.beans.factory.support.DefaultListableBeanFactory - Creating shared instance of singleton bean 'healthEndpointGroupsBeanPostProcessor'
2025-08-01 19:23:47.221 [main] DEBUG org.springframework.beans.factory.support.DefaultListableBeanFactory - Creating shared instance of singleton bean 'preFilterAuthorizationAdvisor'
2025-08-01 19:23:47.223 [main] DEBUG org.springframework.beans.factory.support.DefaultListableBeanFactory - Creating shared instance of singleton bean 'preFilterAuthorizationMethodInterceptor'
2025-08-01 19:23:47.226 [main] DEBUG org.springframework.beans.factory.support.DefaultListableBeanFactory - Creating shared instance of singleton bean 'preAuthorizeAuthorizationAdvisor'
2025-08-01 19:23:47.227 [main] DEBUG org.springframework.beans.factory.support.DefaultListableBeanFactory - Creating shared instance of singleton bean 'preAuthorizeAuthorizationMethodInterceptor'
2025-08-01 19:23:47.229 [main] DEBUG org.springframework.beans.factory.support.DefaultListableBeanFactory - Creating shared instance of singleton bean 'postFilterAuthorizationAdvisor'
2025-08-01 19:23:47.230 [main] DEBUG org.springframework.beans.factory.support.DefaultListableBeanFactory - Creating shared instance of singleton bean 'postFilterAuthorizationMethodInterceptor'
2025-08-01 19:23:47.232 [main] DEBUG org.springframework.beans.factory.support.DefaultListableBeanFactory - Creating shared instance of singleton bean 'postAuthorizeAuthorizationAdvisor'
2025-08-01 19:23:47.233 [main] DEBUG org.springframework.beans.factory.support.DefaultListableBeanFactory - Creating shared instance of singleton bean 'postAuthorizeAuthorizationMethodInterceptor'
2025-08-01 19:23:47.234 [main] DEBUG org.springframework.beans.factory.support.DefaultListableBeanFactory - Creating shared instance of singleton bean 'authorizeReturnObjectAdvisor'
2025-08-01 19:23:47.235 [main] DEBUG org.springframework.beans.factory.support.DefaultListableBeanFactory - Creating shared instance of singleton bean 'authorizeReturnObjectMethodInterceptor'
2025-08-01 19:23:47.236 [main] DEBUG org.springframework.beans.factory.support.DefaultListableBeanFactory - Creating shared instance of singleton bean 'authorizationProxyFactory'
2025-08-01 19:23:47.240 [main] DEBUG org.springframework.beans.factory.support.DefaultListableBeanFactory - Autowiring by type from bean name 'authorizeReturnObjectMethodInterceptor' via factory method to bean named 'authorizationProxyFactory'
2025-08-01 19:23:47.245 [main] DEBUG org.springframework.beans.factory.support.DefaultListableBeanFactory - Creating shared instance of singleton bean 'org.springframework.transaction.config.internalTransactionAdvisor'
2025-08-01 19:23:47.246 [main] DEBUG org.springframework.beans.factory.support.DefaultListableBeanFactory - Creating shared instance of singleton bean 'org.springframework.transaction.annotation.ProxyTransactionManagementConfiguration'
2025-08-01 19:23:47.262 [main] DEBUG org.springframework.aop.aspectj.annotation.ReflectiveAspectJAdvisorFactory - Found AspectJ method: public java.lang.Object io.micrometer.observation.aop.ObservedAspect.observeClass(org.aspectj.lang.ProceedingJoinPoint) throws java.lang.Throwable
2025-08-01 19:23:47.264 [main] DEBUG org.springframework.aop.aspectj.annotation.ReflectiveAspectJAdvisorFactory - Found AspectJ method: public java.lang.Object io.micrometer.observation.aop.ObservedAspect.observeMethod(org.aspectj.lang.ProceedingJoinPoint) throws java.lang.Throwable
2025-08-01 19:23:47.307 [main] DEBUG org.springframework.beans.factory.support.DefaultListableBeanFactory - Creating shared instance of singleton bean 'transactionAttributeSource'
2025-08-01 19:23:47.332 [main] DEBUG org.springframework.beans.factory.support.DefaultListableBeanFactory - Creating shared instance of singleton bean 'transactionInterceptor'
2025-08-01 19:23:47.333 [main] DEBUG org.springframework.beans.factory.support.DefaultListableBeanFactory - Autowiring by type from bean name 'transactionInterceptor' via factory method to bean named 'transactionAttributeSource'
2025-08-01 19:23:47.334 [main] DEBUG org.springframework.beans.factory.support.DefaultListableBeanFactory - Autowiring by type from bean name 'org.springframework.transaction.config.internalTransactionAdvisor' via factory method to bean named 'transactionAttributeSource'
2025-08-01 19:23:47.335 [main] DEBUG org.springframework.beans.factory.support.DefaultListableBeanFactory - Autowiring by type from bean name 'org.springframework.transaction.config.internalTransactionAdvisor' via factory method to bean named 'transactionInterceptor'
2025-08-01 19:23:47.349 [main] DEBUG org.springframework.beans.factory.support.DefaultListableBeanFactory - Creating shared instance of singleton bean 'meterRegistryPostProcessor'
2025-08-01 19:23:47.353 [main] DEBUG org.springframework.beans.factory.support.DefaultListableBeanFactory - Autowiring by type from bean name 'meterRegistryPostProcessor' via factory method to bean named 'org.springframework.web.context.support.GenericWebApplicationContext@3a5800c5'
2025-08-01 19:23:47.367 [main] DEBUG org.springframework.beans.factory.support.DefaultListableBeanFactory - Creating shared instance of singleton bean 'metricsRepositoryMethodInvocationListenerBeanPostProcessor'
2025-08-01 19:23:47.375 [main] DEBUG org.springframework.beans.factory.support.DefaultListableBeanFactory - Creating shared instance of singleton bean 'observationRegistryPostProcessor'
2025-08-01 19:23:47.382 [main] DEBUG org.springframework.beans.factory.support.DefaultListableBeanFactory - Creating shared instance of singleton bean 'projectingArgumentResolverBeanPostProcessor'
2025-08-01 19:23:47.390 [main] DEBUG org.springframework.ui.context.support.UiApplicationContextUtils - Unable to locate ThemeSource with name 'themeSource': using default [org.springframework.ui.context.support.ResourceBundleThemeSource@752a9c0b]
2025-08-01 19:23:47.394 [main] DEBUG org.springframework.beans.factory.support.DefaultListableBeanFactory - Creating shared instance of singleton bean 'org.springframework.test.context.support.internalDynamicPropertyRegistrarBeanInitializer'
2025-08-01 19:23:47.404 [main] DEBUG org.springframework.beans.factory.support.DefaultListableBeanFactory - Creating shared instance of singleton bean 'liquibase'
2025-08-01 19:23:47.405 [main] DEBUG org.springframework.beans.factory.support.DefaultListableBeanFactory - Creating shared instance of singleton bean 'org.springframework.boot.autoconfigure.liquibase.LiquibaseAutoConfiguration$LiquibaseConfiguration'
2025-08-01 19:23:47.414 [main] DEBUG org.springframework.beans.factory.support.DefaultListableBeanFactory - Creating shared instance of singleton bean 'spring.liquibase-org.springframework.boot.autoconfigure.liquibase.LiquibaseProperties'
2025-08-01 19:23:47.416 [main] DEBUG org.springframework.beans.factory.support.DefaultListableBeanFactory - Creating shared instance of singleton bean 'org.springframework.boot.context.properties.BoundConfigurationProperties'
2025-08-01 19:23:47.452 [main] DEBUG org.springframework.beans.factory.support.DefaultListableBeanFactory - Creating shared instance of singleton bean 'liquibaseConnectionDetails'
2025-08-01 19:23:47.455 [main] DEBUG org.springframework.beans.factory.support.DefaultListableBeanFactory - Autowiring by type from bean name 'liquibaseConnectionDetails' via factory method to bean named 'spring.liquibase-org.springframework.boot.autoconfigure.liquibase.LiquibaseProperties'
2025-08-01 19:23:47.462 [main] DEBUG org.springframework.beans.factory.support.DefaultListableBeanFactory - Autowiring by type from bean name 'liquibase' via factory method to bean named 'spring.liquibase-org.springframework.boot.autoconfigure.liquibase.LiquibaseProperties'
2025-08-01 19:23:47.462 [main] DEBUG org.springframework.beans.factory.support.DefaultListableBeanFactory - Autowiring by type from bean name 'liquibase' via factory method to bean named 'liquibaseConnectionDetails'
2025-08-01 19:23:47.466 [main] DEBUG org.springframework.beans.factory.support.DefaultListableBeanFactory - Creating shared instance of singleton bean 'dataSource'
2025-08-01 19:23:47.467 [main] DEBUG org.springframework.beans.factory.support.DefaultListableBeanFactory - Creating shared instance of singleton bean 'org.springframework.boot.autoconfigure.jdbc.DataSourceConfiguration$Hikari'
2025-08-01 19:23:47.475 [main] DEBUG org.springframework.beans.factory.support.DefaultListableBeanFactory - Creating shared instance of singleton bean 'spring.datasource-org.springframework.boot.autoconfigure.jdbc.DataSourceProperties'
2025-08-01 19:23:47.494 [main] DEBUG org.springframework.beans.factory.support.DefaultListableBeanFactory - Creating shared instance of singleton bean 'jdbcConnectionDetails'
2025-08-01 19:23:47.495 [main] DEBUG org.springframework.beans.factory.support.DefaultListableBeanFactory - Creating shared instance of singleton bean 'org.springframework.boot.autoconfigure.jdbc.DataSourceAutoConfiguration$PooledDataSourceConfiguration'
2025-08-01 19:23:47.504 [main] DEBUG org.springframework.beans.factory.support.DefaultListableBeanFactory - Autowiring by type from bean name 'jdbcConnectionDetails' via factory method to bean named 'spring.datasource-org.springframework.boot.autoconfigure.jdbc.DataSourceProperties'
2025-08-01 19:23:47.511 [main] DEBUG org.springframework.beans.factory.support.DefaultListableBeanFactory - Autowiring by type from bean name 'dataSource' via factory method to bean named 'spring.datasource-org.springframework.boot.autoconfigure.jdbc.DataSourceProperties'
2025-08-01 19:23:47.512 [main] DEBUG org.springframework.beans.factory.support.DefaultListableBeanFactory - Autowiring by type from bean name 'dataSource' via factory method to bean named 'jdbcConnectionDetails'
2025-08-01 19:23:47.513 [main] DEBUG com.zaxxer.hikari.HikariConfig - Driver class org.h2.Driver found in Thread context class loader jdk.internal.loader.ClassLoaders$AppClassLoader@30946e09
2025-08-01 19:23:47.562 [main] DEBUG com.zaxxer.hikari.HikariConfig - HikariPool-2 - configuration:
2025-08-01 19:23:47.565 [main] DEBUG com.zaxxer.hikari.HikariConfig - allowPoolSuspension.............false
2025-08-01 19:23:47.565 [main] DEBUG com.zaxxer.hikari.HikariConfig - autoCommit......................true
2025-08-01 19:23:47.566 [main] DEBUG com.zaxxer.hikari.HikariConfig - catalog.........................none
2025-08-01 19:23:47.567 [main] DEBUG com.zaxxer.hikari.HikariConfig - connectionInitSql...............none
2025-08-01 19:23:47.567 [main] DEBUG com.zaxxer.hikari.HikariConfig - connectionTestQuery.............none
2025-08-01 19:23:47.568 [main] DEBUG com.zaxxer.hikari.HikariConfig - connectionTimeout...............30000
2025-08-01 19:23:47.568 [main] DEBUG com.zaxxer.hikari.HikariConfig - dataSource......................none
2025-08-01 19:23:47.569 [main] DEBUG com.zaxxer.hikari.HikariConfig - dataSourceClassName.............none
2025-08-01 19:23:47.569 [main] DEBUG com.zaxxer.hikari.HikariConfig - dataSourceJNDI..................none
2025-08-01 19:23:47.570 [main] DEBUG com.zaxxer.hikari.HikariConfig - dataSourceProperties............{password=<masked>}
2025-08-01 19:23:47.570 [main] DEBUG com.zaxxer.hikari.HikariConfig - driverClassName................."org.h2.Driver"
2025-08-01 19:23:47.571 [main] DEBUG com.zaxxer.hikari.HikariConfig - exceptionOverrideClassName......none
2025-08-01 19:23:47.571 [main] DEBUG com.zaxxer.hikari.HikariConfig - healthCheckProperties...........{}
2025-08-01 19:23:47.572 [main] DEBUG com.zaxxer.hikari.HikariConfig - healthCheckRegistry.............none
2025-08-01 19:23:47.572 [main] DEBUG com.zaxxer.hikari.HikariConfig - idleTimeout.....................600000
2025-08-01 19:23:47.573 [main] DEBUG com.zaxxer.hikari.HikariConfig - initializationFailTimeout.......1
2025-08-01 19:23:47.573 [main] DEBUG com.zaxxer.hikari.HikariConfig - isolateInternalQueries..........false
2025-08-01 19:23:47.574 [main] DEBUG com.zaxxer.hikari.HikariConfig - jdbcUrl.........................jdbc:h2:mem:acecd610-2626-4581-a544-723e7eed7b96;DB_CLOSE_DELAY=-1;DB_CLOSE_ON_EXIT=FALSE
2025-08-01 19:23:47.574 [main] DEBUG com.zaxxer.hikari.HikariConfig - keepaliveTime...................0
2025-08-01 19:23:47.575 [main] DEBUG com.zaxxer.hikari.HikariConfig - leakDetectionThreshold..........0
2025-08-01 19:23:47.575 [main] DEBUG com.zaxxer.hikari.HikariConfig - maxLifetime.....................1800000
2025-08-01 19:23:47.576 [main] DEBUG com.zaxxer.hikari.HikariConfig - maximumPoolSize.................10
2025-08-01 19:23:47.576 [main] DEBUG com.zaxxer.hikari.HikariConfig - metricRegistry..................none
2025-08-01 19:23:47.577 [main] DEBUG com.zaxxer.hikari.HikariConfig - metricsTrackerFactory...........none
2025-08-01 19:23:47.577 [main] DEBUG com.zaxxer.hikari.HikariConfig - minimumIdle.....................10
2025-08-01 19:23:47.578 [main] DEBUG com.zaxxer.hikari.HikariConfig - password........................<masked>
2025-08-01 19:23:47.578 [main] DEBUG com.zaxxer.hikari.HikariConfig - poolName........................"HikariPool-2"
2025-08-01 19:23:47.579 [main] DEBUG com.zaxxer.hikari.HikariConfig - readOnly........................false
2025-08-01 19:23:47.579 [main] DEBUG com.zaxxer.hikari.HikariConfig - registerMbeans..................false
2025-08-01 19:23:47.580 [main] DEBUG com.zaxxer.hikari.HikariConfig - scheduledExecutor...............none
2025-08-01 19:23:47.580 [main] DEBUG com.zaxxer.hikari.HikariConfig - schema..........................none
2025-08-01 19:23:47.580 [main] DEBUG com.zaxxer.hikari.HikariConfig - threadFactory...................internal
2025-08-01 19:23:47.581 [main] DEBUG com.zaxxer.hikari.HikariConfig - transactionIsolation............default
2025-08-01 19:23:47.581 [main] DEBUG com.zaxxer.hikari.HikariConfig - username........................"sa"
2025-08-01 19:23:47.582 [main] DEBUG com.zaxxer.hikari.HikariConfig - validationTimeout...............5000
2025-08-01 19:23:47.582 [main] INFO  com.zaxxer.hikari.HikariDataSource - HikariPool-2 - Starting...
2025-08-01 19:23:47.588 [main] INFO  com.zaxxer.hikari.pool.HikariPool - HikariPool-2 - Added connection conn10: url=jdbc:h2:mem:acecd610-2626-4581-a544-723e7eed7b96 user=SA
2025-08-01 19:23:47.590 [main] INFO  com.zaxxer.hikari.HikariDataSource - HikariPool-2 - Start completed.
2025-08-01 19:23:47.592 [main] DEBUG liquibase.database - Connected to SA@jdbc:h2:mem:acecd610-2626-4581-a544-723e7eed7b96
2025-08-01 19:23:47.592 [main] DEBUG liquibase.database - Setting auto commit to false from true
2025-08-01 19:23:47.594 [main] INFO  liquibase.database - Set default schema name to PUBLIC
2025-08-01 19:23:47.603 [main] DEBUG liquibase.configuration - Found 'liquibase.command.update.changelogParameters' configuration of 'liquibase.changelog.ChangeLogParameters@6edd76a9'
    command argument 'changelogParameters' of 'liquibase.changelog.ChangeLogParameters@6edd76a9'
2025-08-01 19:23:47.606 [main] DEBUG liquibase.configuration - Found 'liquibase.command.update.database' configuration of 'SA @ jdbc:h2:mem:acecd610-2626-4581-a544-723e7eed7b96 (Default Schema: PUBLIC)'
    command argument 'database' of 'SA @ jdbc:h2:mem:acecd610-2626-4581-a544-723e7eed7b96 (Default Schema: PUBLIC)'
2025-08-01 19:23:47.613 [main] DEBUG liquibase.configuration - Configuration liquibase.command.update.showSummary is using the default value of SUMMARY
2025-08-01 19:23:47.615 [main] DEBUG liquibase.configuration - Configuration liquibase.command.showSummary is using the default value of SUMMARY
2025-08-01 19:23:47.616 [main] DEBUG liquibase.configuration - Configuration liquibase.command.update.skipDatabaseStep is using the default value of false
2025-08-01 19:23:47.618 [main] DEBUG liquibase.configuration - Configuration liquibase.command.skipDatabaseStep is using the default value of false
2025-08-01 19:23:47.619 [main] DEBUG liquibase.configuration - No configuration value for liquibase.command.update.updateNullChecksums found
2025-08-01 19:23:47.619 [main] DEBUG liquibase.configuration - Configuration liquibase.command.update.updateNullChecksums is using the default value of false
2025-08-01 19:23:47.620 [main] DEBUG liquibase.configuration - Configuration liquibase.command.updateNullChecksums is using the default value of false
2025-08-01 19:23:47.622 [main] DEBUG liquibase.command - Pipeline for command 'update: liquibase.command.core.helpers.DbUrlConnectionArgumentsCommandStep then liquibase.command.core.helpers.ShowSummaryArgument then liquibase.command.core.helpers.DbUrlConnectionCommandStep then liquibase.command.core.helpers.DatabaseChangelogCommandStep then liquibase.command.core.helpers.ChangeExecListenerCommandStep then liquibase.command.core.UpdateCommandStep
2025-08-01 19:23:47.623 [main] DEBUG liquibase.command - Writing output with encoding 'UTF-8'
2025-08-01 19:23:47.624 [main] DEBUG liquibase.command - Executing internal command dbUrlConnectionArguments
2025-08-01 19:23:47.625 [main] DEBUG liquibase.command - Executing internal command showSummary
2025-08-01 19:23:47.625 [main] DEBUG liquibase.configuration - Configuration liquibase.command.update.showSummary is using the default value of SUMMARY
2025-08-01 19:23:47.626 [main] DEBUG liquibase.configuration - Configuration liquibase.command.showSummary is using the default value of SUMMARY
2025-08-01 19:23:47.627 [main] DEBUG liquibase.command - Executing internal command dbUrlConnectionCommandStep
2025-08-01 19:23:47.628 [main] DEBUG liquibase.configuration - Configuration liquibase.command.update.skipDatabaseStep is using the default value of false
2025-08-01 19:23:47.629 [main] DEBUG liquibase.configuration - Configuration liquibase.command.skipDatabaseStep is using the default value of false
2025-08-01 19:23:47.630 [main] DEBUG liquibase.command - Executing internal command changelogCommandStep
2025-08-01 19:23:47.633 [main] DEBUG liquibase.parser - Matched file 'classpath:db.changelog/db.changelog-master.yaml' to parser 'YamlChangeLogParser'
2025-08-01 19:23:47.685 [main] DEBUG liquibase.parser - Matched file 'db.changelog/changes/01-create-roles-table.yaml' to parser 'YamlChangeLogParser'
2025-08-01 19:23:47.690 [HikariPool-2 housekeeper] DEBUG com.zaxxer.hikari.pool.HikariPool - HikariPool-2 - Pool stats (total=1, active=1, idle=0, waiting=0)
2025-08-01 19:23:47.694 [HikariPool-2 connection adder] DEBUG com.zaxxer.hikari.pool.HikariPool - HikariPool-2 - Added connection conn11: url=jdbc:h2:mem:acecd610-2626-4581-a544-723e7eed7b96 user=SA
2025-08-01 19:23:47.725 [HikariPool-2 connection adder] DEBUG com.zaxxer.hikari.pool.HikariPool - HikariPool-2 - After adding stats (total=2, active=1, idle=1, waiting=0)
2025-08-01 19:23:47.727 [HikariPool-2 connection adder] DEBUG com.zaxxer.hikari.pool.HikariPool - HikariPool-2 - Added connection conn12: url=jdbc:h2:mem:acecd610-2626-4581-a544-723e7eed7b96 user=SA
2025-08-01 19:23:47.739 [main] DEBUG liquibase.parser - Matched file 'db.changelog/changes/02-create-user_credentials-table.yaml' to parser 'YamlChangeLogParser'
2025-08-01 19:23:47.758 [HikariPool-2 connection adder] DEBUG com.zaxxer.hikari.pool.HikariPool - HikariPool-2 - After adding stats (total=3, active=1, idle=2, waiting=0)
2025-08-01 19:23:47.761 [HikariPool-2 connection adder] DEBUG com.zaxxer.hikari.pool.HikariPool - HikariPool-2 - Added connection conn13: url=jdbc:h2:mem:acecd610-2626-4581-a544-723e7eed7b96 user=SA
2025-08-01 19:23:47.792 [HikariPool-2 connection adder] DEBUG com.zaxxer.hikari.pool.HikariPool - HikariPool-2 - After adding stats (total=4, active=1, idle=3, waiting=0)
2025-08-01 19:23:47.794 [HikariPool-2 connection adder] DEBUG com.zaxxer.hikari.pool.HikariPool - HikariPool-2 - Added connection conn14: url=jdbc:h2:mem:acecd610-2626-4581-a544-723e7eed7b96 user=SA
2025-08-01 19:23:47.795 [main] DEBUG liquibase.parser - Matched file 'db.changelog/changes/03-create-admins-table.yaml' to parser 'YamlChangeLogParser'
2025-08-01 19:23:47.824 [HikariPool-2 connection adder] DEBUG com.zaxxer.hikari.pool.HikariPool - HikariPool-2 - After adding stats (total=5, active=1, idle=4, waiting=0)
2025-08-01 19:23:47.826 [HikariPool-2 connection adder] DEBUG com.zaxxer.hikari.pool.HikariPool - HikariPool-2 - Added connection conn15: url=jdbc:h2:mem:acecd610-2626-4581-a544-723e7eed7b96 user=SA
2025-08-01 19:23:47.845 [main] DEBUG liquibase.parser - Matched file 'db.changelog/changes/04-create-athletes-table.yaml' to parser 'YamlChangeLogParser'
2025-08-01 19:23:47.857 [HikariPool-2 connection adder] DEBUG com.zaxxer.hikari.pool.HikariPool - HikariPool-2 - After adding stats (total=6, active=1, idle=5, waiting=0)
2025-08-01 19:23:47.859 [HikariPool-2 connection adder] DEBUG com.zaxxer.hikari.pool.HikariPool - HikariPool-2 - Added connection conn16: url=jdbc:h2:mem:acecd610-2626-4581-a544-723e7eed7b96 user=SA
2025-08-01 19:23:47.890 [HikariPool-2 connection adder] DEBUG com.zaxxer.hikari.pool.HikariPool - HikariPool-2 - After adding stats (total=7, active=1, idle=6, waiting=0)
2025-08-01 19:23:47.892 [HikariPool-2 connection adder] DEBUG com.zaxxer.hikari.pool.HikariPool - HikariPool-2 - Added connection conn17: url=jdbc:h2:mem:acecd610-2626-4581-a544-723e7eed7b96 user=SA
2025-08-01 19:23:47.897 [main] DEBUG liquibase.parser - Matched file 'db.changelog/changes/05-create-athlete_phone_numbers-table.yaml' to parser 'YamlChangeLogParser'
2025-08-01 19:23:47.923 [HikariPool-2 connection adder] DEBUG com.zaxxer.hikari.pool.HikariPool - HikariPool-2 - After adding stats (total=8, active=1, idle=7, waiting=0)
2025-08-01 19:23:47.925 [HikariPool-2 connection adder] DEBUG com.zaxxer.hikari.pool.HikariPool - HikariPool-2 - Added connection conn18: url=jdbc:h2:mem:acecd610-2626-4581-a544-723e7eed7b96 user=SA
2025-08-01 19:23:47.947 [main] DEBUG liquibase.parser - Matched file 'db.changelog/changes/06-create-sports-table.yaml' to parser 'YamlChangeLogParser'
2025-08-01 19:23:47.956 [HikariPool-2 connection adder] DEBUG com.zaxxer.hikari.pool.HikariPool - HikariPool-2 - After adding stats (total=9, active=1, idle=8, waiting=0)
2025-08-01 19:23:47.958 [HikariPool-2 connection adder] DEBUG com.zaxxer.hikari.pool.HikariPool - HikariPool-2 - Added connection conn19: url=jdbc:h2:mem:acecd610-2626-4581-a544-723e7eed7b96 user=SA
2025-08-01 19:23:47.988 [HikariPool-2 connection adder] DEBUG com.zaxxer.hikari.pool.HikariPool - HikariPool-2 - After adding stats (total=10, active=1, idle=9, waiting=0)
2025-08-01 19:23:47.989 [HikariPool-2 connection adder] DEBUG com.zaxxer.hikari.pool.HikariPool - HikariPool-2 - Connection not added, stats (total=10, active=1, idle=9, waiting=0)
2025-08-01 19:23:47.989 [main] DEBUG liquibase.parser - Matched file 'db.changelog/changes/07-create-sports_athletes-table.yaml' to parser 'YamlChangeLogParser'
2025-08-01 19:23:48.040 [main] DEBUG liquibase.parser - Matched file 'db.changelog/changes/08-create-gym_owners-table.yaml' to parser 'YamlChangeLogParser'
2025-08-01 19:23:48.088 [main] DEBUG liquibase.parser - Matched file 'db.changelog/changes/09-create-gym_owner_phone_numbers-table.yaml' to parser 'YamlChangeLogParser'
2025-08-01 19:23:48.136 [main] DEBUG liquibase.parser - Matched file 'db.changelog/changes/10-create-addresses-table.yaml' to parser 'YamlChangeLogParser'
2025-08-01 19:23:48.184 [main] DEBUG liquibase.parser - Matched file 'db.changelog/changes/11-create-gyms-table.yaml' to parser 'YamlChangeLogParser'
2025-08-01 19:23:48.235 [main] DEBUG liquibase.parser - Matched file 'db.changelog/changes/12-create-gym_phone_numbers-table.yaml' to parser 'YamlChangeLogParser'
2025-08-01 19:23:48.280 [main] DEBUG liquibase.parser - Matched file 'db.changelog/changes/13-create-gym_working_hours-table.yaml' to parser 'YamlChangeLogParser'
2025-08-01 19:23:48.336 [main] DEBUG liquibase.parser - Matched file 'db.changelog/changes/14-create-sports_gyms-table.yaml' to parser 'YamlChangeLogParser'
2025-08-01 19:23:48.404 [main] DEBUG liquibase.parser - Matched file 'db.changelog/changes/15-create-gym_photos-table.yaml' to parser 'YamlChangeLogParser'
2025-08-01 19:23:48.448 [main] DEBUG liquibase.parser - Matched file 'db.changelog/changes/16-create-trainers-table.yaml' to parser 'YamlChangeLogParser'
2025-08-01 19:23:48.494 [main] DEBUG liquibase.parser - Matched file 'db.changelog/changes/17-create-trainer_phone_numbers-table.yaml' to parser 'YamlChangeLogParser'
2025-08-01 19:23:48.545 [main] DEBUG liquibase.parser - Matched file 'db.changelog/changes/18-create-sports_trainers-table.yaml' to parser 'YamlChangeLogParser'
2025-08-01 19:23:48.595 [main] DEBUG liquibase.parser - Matched file 'db.changelog/changes/19-create-gyms_trainers-table.yaml' to parser 'YamlChangeLogParser'
2025-08-01 19:23:48.650 [main] DEBUG liquibase.parser - Matched file 'db.changelog/changes/20-create-reviews-table.yaml' to parser 'YamlChangeLogParser'
2025-08-01 19:23:48.705 [main] DEBUG liquibase.parser - Matched file 'db.changelog/changes/21-create-events-table.yaml' to parser 'YamlChangeLogParser'
2025-08-01 19:23:48.759 [main] DEBUG liquibase.parser - Matched file 'db.changelog/changes/22-create-user_credentials_roles-table.yaml' to parser 'YamlChangeLogParser'
2025-08-01 19:23:48.809 [main] DEBUG liquibase.parser - Matched file 'db.changelog/changes/23-create-trainer_certificates-table.yaml' to parser 'YamlChangeLogParser'
2025-08-01 19:23:48.865 [main] DEBUG liquibase.parser - Matched file 'db.changelog/changes/24-insert-sports-data.yaml' to parser 'YamlChangeLogParser'
2025-08-01 19:23:48.927 [main] DEBUG liquibase.parser - Matched file 'db.changelog/changes/25-insert-roles-to-roles.yaml' to parser 'YamlChangeLogParser'
2025-08-01 19:23:48.981 [main] DEBUG liquibase.parser - Matched file 'db.changelog/changes/26-insert-admin-to-admins.yaml' to parser 'YamlChangeLogParser'
2025-08-01 19:23:49.023 [main] DEBUG liquibase.parser - Matched file 'db.changelog/changes/27-insert-trainers-for-testing.yaml' to parser 'YamlChangeLogParser'
2025-08-01 19:23:49.093 [main] DEBUG liquibase.parser - Matched file 'db.changelog/changes/28-insert-gym-owner-and-gyms.yaml' to parser 'YamlChangeLogParser'
2025-08-01 19:23:49.167 [main] DEBUG liquibase.configuration - Found 'liquibase.command.update.updateNullChecksums' configuration of 'true'
    command argument 'updateNullChecksums' of 'true'
2025-08-01 19:23:49.170 [main] DEBUG liquibase.executor - Create Database Change Log Table
2025-08-01 19:23:49.171 [main] INFO  liquibase.changelog - Creating database history table with name: PUBLIC.DATABASECHANGELOG
2025-08-01 19:23:49.176 [main] DEBUG liquibase.executor - CREATE TABLE PUBLIC.DATABASECHANGELOG (ID VARCHAR(255) NOT NULL, AUTHOR VARCHAR(255) NOT NULL, FILENAME VARCHAR(255) NOT NULL, DATEEXECUTED TIMESTAMP NOT NULL, ORDEREXECUTED INT NOT NULL, EXECTYPE VARCHAR(10) NOT NULL, MD5SUM VARCHAR(35), DESCRIPTION VARCHAR(255), COMMENTS VARCHAR(255), TAG VARCHAR(255), LIQUIBASE VARCHAR(20), CONTEXTS VARCHAR(255), LABELS VARCHAR(255), DEPLOYMENT_ID VARCHAR(10))
2025-08-01 19:23:49.178 [main] DEBUG liquibase.executor - 0 row(s) affected
2025-08-01 19:23:49.178 [main] DEBUG liquibase.executor - Changelog query completed.
2025-08-01 19:23:49.180 [main] INFO  liquibase.changelog - Reading from PUBLIC.DATABASECHANGELOG
2025-08-01 19:23:49.182 [main] DEBUG liquibase.executor - Changelog query completed.
2025-08-01 19:23:49.189 [main] DEBUG liquibase.servicelocator - Loaded liquibase.lockservice.LockService instance liquibase.lockservice.LockServiceImpl
2025-08-01 19:23:49.190 [main] DEBUG liquibase.servicelocator - Loaded liquibase.lockservice.LockService instance liquibase.lockservice.MockLockService
2025-08-01 19:23:49.191 [main] DEBUG liquibase.servicelocator - Loaded liquibase.lockservice.LockService instance liquibase.lockservice.OfflineLockService
2025-08-01 19:23:49.191 [main] DEBUG liquibase.servicelocator - Loaded liquibase.lockservice.LockService instance liquibase.lockservice.StandardLockService
2025-08-01 19:23:49.193 [main] DEBUG liquibase.executor - Create Database Lock Table
2025-08-01 19:23:49.195 [main] DEBUG liquibase.executor - CREATE TABLE PUBLIC.DATABASECHANGELOGLOCK (ID INT NOT NULL, LOCKED BOOLEAN NOT NULL, LOCKGRANTED TIMESTAMP, LOCKEDBY VARCHAR(255), CONSTRAINT PK_DATABASECHANGELOGLOCK PRIMARY KEY (ID))
2025-08-01 19:23:49.197 [main] DEBUG liquibase.executor - 0 row(s) affected
2025-08-01 19:23:49.198 [main] DEBUG liquibase.executor - Changelog query completed.
2025-08-01 19:23:49.199 [main] DEBUG liquibase.lockservice - Created database lock table with name: PUBLIC.DATABASECHANGELOGLOCK
2025-08-01 19:23:49.200 [main] DEBUG liquibase.executor - Changelog query completed.
2025-08-01 19:23:49.201 [main] DEBUG liquibase.executor - Initialize Database Lock Table
2025-08-01 19:23:49.202 [main] DEBUG liquibase.executor - DELETE FROM PUBLIC.DATABASECHANGELOGLOCK
2025-08-01 19:23:49.203 [main] DEBUG liquibase.executor - 0 row(s) affected
2025-08-01 19:23:49.204 [main] DEBUG liquibase.executor - INSERT INTO PUBLIC.DATABASECHANGELOGLOCK (ID, LOCKED) VALUES (1, FALSE)
2025-08-01 19:23:49.205 [main] DEBUG liquibase.executor - 1 row(s) affected
2025-08-01 19:23:49.205 [main] DEBUG liquibase.executor - Changelog query completed.
2025-08-01 19:23:49.270 [main] DEBUG liquibase.command - Executing internal command changeExecListener
2025-08-01 19:23:49.272 [main] DEBUG liquibase.command - Executing internal command update migrate
2025-08-01 19:23:49.312 [main] DEBUG liquibase.executor - Changelog query completed.
2025-08-01 19:23:49.314 [main] DEBUG liquibase.executor - Changelog query completed.
2025-08-01 19:23:49.314 [main] DEBUG liquibase.executor - Lock Database
2025-08-01 19:23:49.317 [main] DEBUG liquibase.executor - Changelog query completed.
2025-08-01 19:23:49.318 [main] INFO  liquibase.lockservice - Successfully acquired change log lock
2025-08-01 19:23:49.319 [main] INFO  liquibase.command - Using deploymentId: 4076229319
2025-08-01 19:23:49.321 [main] INFO  liquibase.changelog - Reading from PUBLIC.DATABASECHANGELOG
2025-08-01 19:23:49.322 [main] DEBUG liquibase.executor - Changelog query completed.
2025-08-01 19:23:49.325 [main] DEBUG liquibase.util - Computed checksum for createTable:[
    columns=[
        [
            [
                nullable="false"
                primaryKey="true"
            ]
            autoIncrement="true"
            name="id"
            type="BIGINT"
        ],
        [
            [
                nullable="false"
                unique="true"
            ]
            name="name"
            type="VARCHAR(255)"
        ]
    ]
    tableName="roles"
] as 9d3031c884ba07cdb66eb5a753652c5b
2025-08-01 19:23:49.325 [main] DEBUG liquibase.util - Computed checksum for 9:9d3031c884ba07cdb66eb5a753652c5b: as 89e14b3e9bbfb3a0437b63b3f48a4578
2025-08-01 19:23:49.328 [main] DEBUG liquibase.util - Computed checksum for createTable:[
    columns=[
        [
            [
                nullable="false"
                primaryKey="true"
            ]
            autoIncrement="true"
            name="id"
            type="BIGINT"
        ],
        [
            [
                nullable="false"
                unique="true"
            ]
            name="email"
            type="VARCHAR(255)"
        ],
        [
            [
                nullable="false"
            ]
            name="password"
       ... [truncated in log] as e6e6267c421d7f7057947de393dfa0d7
2025-08-01 19:23:49.329 [main] DEBUG liquibase.util - Computed checksum for 9:e6e6267c421d7f7057947de393dfa0d7: as d9c05a03a1542ac1c442a313831be33d
2025-08-01 19:23:49.333 [main] DEBUG liquibase.util - Computed checksum for createTable:[
    columns=[
        [
            [
                nullable="false"
                primaryKey="true"
            ]
            autoIncrement="true"
            name="id"
            type="BIGINT"
        ],
        [
            [
                nullable="false"
            ]
            name="first_name"
            type="VARCHAR(255)"
        ],
        [
            [
                nullable="false"
            ]
            name="last_name"
            type="VARCHAR(255)"... [truncated in log] as 11aa7df409881a0303ed94634d3b5b4b
2025-08-01 19:23:49.334 [main] DEBUG liquibase.util - Computed checksum for 9:11aa7df409881a0303ed94634d3b5b4b: as bf5b431ae5ea105162190121e6a192ae
2025-08-01 19:23:49.336 [main] DEBUG liquibase.util - Computed checksum for createTable:[
    columns=[
        [
            [
                nullable="false"
                primaryKey="true"
            ]
            autoIncrement="true"
            name="id"
            type="BIGINT"
        ],
        [
            [
                nullable="false"
            ]
            name="first_name"
            type="VARCHAR(255)"
        ],
        [
            [
                nullable="false"
            ]
            name="last_name"
            type="VARCHAR(255)"... [truncated in log] as 8b097651a9c8cdf0f7a378596dce0beb
2025-08-01 19:23:49.337 [main] DEBUG liquibase.util - Computed checksum for 9:8b097651a9c8cdf0f7a378596dce0beb: as 8c67f3d6bbf20ddfdcef1b34f5f205d6
2025-08-01 19:23:49.338 [main] DEBUG liquibase.util - Computed checksum for createTable:[
    columns=[
        [
            [
                foreignKeyName="fk_athlete_phone_athlete"
                nullable="false"
                references="athletes(id)"
            ]
            name="athlete_id"
            type="BIGINT"
        ],
        [
            [
                nullable="false"
            ]
            name="phone_numbers"
            type="VARCHAR(255)"
        ]
    ]
    tableName="athlete_phone_numbers"
] as abdf8138a79cc6a2381bf5f3cdac3c83
2025-08-01 19:23:49.339 [main] DEBUG liquibase.util - Computed checksum for 9:abdf8138a79cc6a2381bf5f3cdac3c83: as 7c5a81e170adc177f9641b66d3e444fc
2025-08-01 19:23:49.341 [main] DEBUG liquibase.util - Computed checksum for createTable:[
    columns=[
        [
            [
                nullable="false"
                primaryKey="true"
            ]
            autoIncrement="true"
            name="id"
            type="BIGINT"
        ],
        [
            [
                nullable="false"
                unique="true"
            ]
            name="sport_name"
            type="VARCHAR(50)"
        ],
        [
            [
                nullable="false"
            ]
            defaultValueBoolean... [truncated in log] as 1608e865bd2466447eb59d76d318f220
2025-08-01 19:23:49.342 [main] DEBUG liquibase.util - Computed checksum for createIndex:[
    columns=[
        [
            name="sport_name"
        ]
    ]
    indexName="idx_sports_sport_name"
    tableName="sports"
] as 1f92050c9422db9be5d1e3dff20ba241
2025-08-01 19:23:49.343 [main] DEBUG liquibase.util - Computed checksum for 9:1608e865bd2466447eb59d76d318f220:9:1f92050c9422db9be5d1e3dff20ba241: as a5006f73ee34e2827b447ac47f9d4d61
2025-08-01 19:23:49.344 [main] DEBUG liquibase.util - Computed checksum for createTable:[
    columns=[
        [
            [
                foreignKeyName="fk_sport_athlete_sport"
                nullable="false"
                references="sports(id)"
            ]
            name="sport_id"
            type="BIGINT"
        ],
        [
            [
                foreignKeyName="fk_sport_athlete_athlete"
                nullable="false"
                references="athletes(id)"
            ]
            name="athlete_id"
            type="BIGINT"
        ]
   ... [truncated in log] as 7f397610fd81e1bbf81ab6acc0ade43a
2025-08-01 19:23:49.345 [main] DEBUG liquibase.util - Computed checksum for addPrimaryKey:[
    columnNames="sport_id,athlete_id"
    tableName="sports_athletes"
] as cd94b1e37aed1eb9d1f20621074afed0
2025-08-01 19:23:49.346 [main] DEBUG liquibase.util - Computed checksum for 9:7f397610fd81e1bbf81ab6acc0ade43a:9:cd94b1e37aed1eb9d1f20621074afed0: as 5a806aa133a19e017ef2586b92106951
2025-08-01 19:23:49.347 [main] DEBUG liquibase.util - Computed checksum for createTable:[
    columns=[
        [
            [
                nullable="false"
                primaryKey="true"
            ]
            autoIncrement="true"
            name="id"
            type="BIGINT"
        ],
        [
            [
                nullable="false"
            ]
            name="first_name"
            type="VARCHAR(255)"
        ],
        [
            [
                nullable="false"
            ]
            name="last_name"
            type="VARCHAR(255)"... [truncated in log] as 504cacbf644e11be681724cbde7f58c1
2025-08-01 19:23:49.348 [main] DEBUG liquibase.util - Computed checksum for 9:504cacbf644e11be681724cbde7f58c1: as 96d86ff05cf002df7d914b3243cb68bb
2025-08-01 19:23:49.349 [main] DEBUG liquibase.util - Computed checksum for createTable:[
    columns=[
        [
            [
                foreignKeyName="fk_gym_owner_phone_gym_owner"
                nullable="false"
                references="gym_owners(id)"
            ]
            name="gym_owner_id"
            type="BIGINT"
        ],
        [
            [
                nullable="false"
            ]
            name="phone_numbers"
            type="VARCHAR(255)"
        ]
    ]
    tableName="gym_owner_phone_numbers"
] as 4570637f5f9cf9fa2bbf87a3563c007b
2025-08-01 19:23:49.350 [main] DEBUG liquibase.util - Computed checksum for 9:4570637f5f9cf9fa2bbf87a3563c007b: as 1a0b5c834dee77ed2f8fd414839749fa
2025-08-01 19:23:49.352 [main] DEBUG liquibase.util - Computed checksum for createTable:[
    columns=[
        [
            [
                nullable="false"
                primaryKey="true"
            ]
            autoIncrement="true"
            name="id"
            type="BIGINT"
        ],
        [
            [
                nullable="false"
            ]
            name="country"
            type="VARCHAR(255)"
        ],
        [
            [
                nullable="false"
            ]
            name="city"
            type="VARCHAR(255)"
       ... [truncated in log] as 7cf4e963ec67998402fad50606724127
2025-08-01 19:23:49.353 [main] DEBUG liquibase.util - Computed checksum for 9:7cf4e963ec67998402fad50606724127: as bb5305c7af5222e50eb36927cb33f7e1
2025-08-01 19:23:49.354 [main] DEBUG liquibase.util - Computed checksum for createTable:[
    columns=[
        [
            [
                nullable="false"
                primaryKey="true"
            ]
            autoIncrement="true"
            name="id"
            type="BIGINT"
        ],
        [
            [
                nullable="false"
            ]
            name="name"
            type="VARCHAR(255)"
        ],
        [
            [
                foreignKeyName="fk_gym_address"
                nullable="false"
                references="addr... [truncated in log] as 05eb5b281eb32b3b0fe81c394f77401a
2025-08-01 19:23:49.355 [main] DEBUG liquibase.util - Computed checksum for 9:05eb5b281eb32b3b0fe81c394f77401a: as dfc9245ca879b7b91ed15c2a33ec295b
2025-08-01 19:23:49.356 [main] DEBUG liquibase.util - Computed checksum for createTable:[
    columns=[
        [
            [
                foreignKeyName="fk_gym_phone_gym"
                nullable="false"
                references="gyms(id)"
            ]
            name="gym_id"
            type="BIGINT"
        ],
        [
            [
                nullable="false"
            ]
            name="phone_numbers"
            type="VARCHAR(255)"
        ]
    ]
    tableName="gym_phone_numbers"
] as 5e8fb6be37d19064b6ca184ce8fcefa7
2025-08-01 19:23:49.356 [main] DEBUG liquibase.util - Computed checksum for 9:5e8fb6be37d19064b6ca184ce8fcefa7: as 77d9fba58149238e9069114507284237
2025-08-01 19:23:49.357 [main] DEBUG liquibase.util - Computed checksum for createTable:[
    columns=[
        [
            [
                foreignKeyName="fk_gym_working_hours_gym"
                nullable="false"
                references="gyms(id)"
            ]
            name="gym_id"
            type="BIGINT"
        ],
        [
            name="day_of_week"
            type="VARCHAR(255)"
        ],
        [
            name="start_time"
            type="TIME"
        ],
        [
            name="end_time"
            type="TIME"
        ]
    ]
    t... [truncated in log] as 4e926c86630e0c1d5e7e45064d83ebcb
2025-08-01 19:23:49.357 [main] DEBUG liquibase.util - Computed checksum for 9:4e926c86630e0c1d5e7e45064d83ebcb: as 43091ebbce4249e25299b3acd520e86d
2025-08-01 19:23:49.358 [main] DEBUG liquibase.util - Computed checksum for createTable:[
    columns=[
        [
            [
                foreignKeyName="fk_sport_gym_sport"
                nullable="false"
                references="sports(id)"
            ]
            name="sport_id"
            type="BIGINT"
        ],
        [
            [
                foreignKeyName="fk_sport_gym_gym"
                nullable="false"
                references="gyms(id)"
            ]
            name="gym_id"
            type="BIGINT"
        ]
    ]
    tableName="sp... [truncated in log] as 85b7266df37d7487c37a41a7b9e1983e
2025-08-01 19:23:49.359 [main] DEBUG liquibase.util - Computed checksum for addPrimaryKey:[
    columnNames="sport_id, gym_id"
    tableName="sports_gyms"
] as 2412d5c38dfbb98c92ef48f3937d10e7
2025-08-01 19:23:49.359 [main] DEBUG liquibase.util - Computed checksum for 9:85b7266df37d7487c37a41a7b9e1983e:9:2412d5c38dfbb98c92ef48f3937d10e7: as 8c4f59e30ebe0117496901e3e6cd85d8
2025-08-01 19:23:49.360 [main] DEBUG liquibase.util - Computed checksum for createTable:[
    columns=[
        [
            [
                nullable="false"
                primaryKey="true"
            ]
            autoIncrement="true"
            name="id"
            type="BIGINT"
        ],
        [
            [
                nullable="false"
            ]
            name="image_url"
            type="VARCHAR(255)"
        ],
        [
            [
                foreignKeyName="fk_gym_photo_gym"
                nullable="false"
                reference... [truncated in log] as d8c4f5cd1a772d501ec3c15af843d61c
2025-08-01 19:23:49.361 [main] DEBUG liquibase.util - Computed checksum for 9:d8c4f5cd1a772d501ec3c15af843d61c: as 765018a82ce0768dd07260a502cb3041
2025-08-01 19:23:49.362 [main] DEBUG liquibase.util - Computed checksum for createTable:[
    columns=[
        [
            [
                nullable="false"
                primaryKey="true"
            ]
            autoIncrement="true"
            name="id"
            type="BIGINT"
        ],
        [
            [
                nullable="false"
            ]
            name="first_name"
            type="VARCHAR(255)"
        ],
        [
            [
                nullable="false"
            ]
            name="last_name"
            type="VARCHAR(255)"... [truncated in log] as b90e0343a59f97898ef8dc43865f3e9e
2025-08-01 19:23:49.362 [main] DEBUG liquibase.util - Computed checksum for 9:b90e0343a59f97898ef8dc43865f3e9e: as a77651a661afcabb4f1ff85de215c60a
2025-08-01 19:23:49.363 [main] DEBUG liquibase.util - Computed checksum for createTable:[
    columns=[
        [
            [
                foreignKeyName="fk_trainer_phone_trainer"
                nullable="false"
                references="trainers(id)"
            ]
            name="trainer_id"
            type="BIGINT"
        ],
        [
            [
                nullable="false"
            ]
            name="phone_numbers"
            type="VARCHAR(255)"
        ]
    ]
    tableName="trainer_phone_numbers"
] as 6eecf1a8c375927cb5fa042fda9c47ca
2025-08-01 19:23:49.364 [main] DEBUG liquibase.util - Computed checksum for 9:6eecf1a8c375927cb5fa042fda9c47ca: as 921277ddc05ebac15718b45849f874d6
2025-08-01 19:23:49.365 [main] DEBUG liquibase.util - Computed checksum for createTable:[
    columns=[
        [
            [
                foreignKeyName="fk_sport_trainer_sport"
                nullable="false"
                references="sports(id)"
            ]
            name="sport_id"
            type="BIGINT"
        ],
        [
            [
                foreignKeyName="fk_sport_trainer_trainer"
                nullable="false"
                references="trainers(id)"
            ]
            name="trainer_id"
            type="BIGINT"
        ]
   ... [truncated in log] as 02996d6c953780bef45cce8ef76614f7
2025-08-01 19:23:49.366 [main] DEBUG liquibase.util - Computed checksum for addPrimaryKey:[
    columnNames="sport_id, trainer_id"
    tableName="sports_trainers"
] as 8a5ad8b6aa5ca7a15174418a738b7153
2025-08-01 19:23:49.367 [main] DEBUG liquibase.util - Computed checksum for 9:02996d6c953780bef45cce8ef76614f7:9:8a5ad8b6aa5ca7a15174418a738b7153: as f7c1995436349b41a0dcf9253b707670
2025-08-01 19:23:49.368 [main] DEBUG liquibase.util - Computed checksum for createTable:[
    columns=[
        [
            [
                foreignKeyName="fk_gym_trainer_gym"
                nullable="false"
                references="gyms(id)"
            ]
            name="gym_id"
            type="BIGINT"
        ],
        [
            [
                foreignKeyName="fk_gym_trainer_trainer"
                nullable="false"
                references="trainers(id)"
            ]
            name="trainer_id"
            type="BIGINT"
        ]
    ]
    tab... [truncated in log] as 3207ae034a7d5944c02f874beb93cbaa
2025-08-01 19:23:49.369 [main] DEBUG liquibase.util - Computed checksum for addPrimaryKey:[
    columnNames="gym_id, trainer_id"
    tableName="gyms_trainers"
] as 141bd742ba3b7f8bf76e6dedbb9ee5e6
2025-08-01 19:23:49.370 [main] DEBUG liquibase.util - Computed checksum for 9:3207ae034a7d5944c02f874beb93cbaa:9:141bd742ba3b7f8bf76e6dedbb9ee5e6: as 9c5b620f4c4767a5d53c1bb19f949568
2025-08-01 19:23:49.371 [main] DEBUG liquibase.util - Computed checksum for createTable:[
    columns=[
        [
            [
                nullable="false"
                primaryKey="true"
            ]
            autoIncrement="true"
            name="id"
            type="BIGINT"
        ],
        [
            [
                nullable="false"
            ]
            name="rating"
            type="INT"
        ],
        [
            name="description"
            type="VARCHAR(255)"
        ],
        [
            [
                foreignKeyName="fk_r... [truncated in log] as 2e7d702aa98cb88facfc1989b94ead80
2025-08-01 19:23:49.371 [main] DEBUG liquibase.util - Computed checksum for 9:2e7d702aa98cb88facfc1989b94ead80: as ee79d17a8ff5a9e7583cfd18c5dbf3af
2025-08-01 19:23:49.372 [main] DEBUG liquibase.util - Computed checksum for createTable:[
    columns=[
        [
            [
                nullable="false"
                primaryKey="true"
            ]
            autoIncrement="true"
            name="id"
            type="BIGINT"
        ],
        [
            [
                nullable="false"
            ]
            name="name"
            type="VARCHAR(255)"
        ],
        [
            [
                foreignKeyName="fk_event_sport"
                nullable="false"
                references="spor... [truncated in log] as 9d9f7aedd21973fa92bfd94f87811133
2025-08-01 19:23:49.373 [main] DEBUG liquibase.util - Computed checksum for 9:9d9f7aedd21973fa92bfd94f87811133: as 77d6c658cec160983089042a91fa03ca
2025-08-01 19:23:49.374 [main] DEBUG liquibase.util - Computed checksum for createTable:[
    columns=[
        [
            [
                foreignKeyName="fk_user_credentials_role_user"
                nullable="false"
                references="user_credentials(id)"
            ]
            name="user_credentials_id"
            type="BIGINT"
        ],
        [
            [
                foreignKeyName="fk_user_credentials_role_role"
                nullable="false"
                references="roles(id)"
            ]
            name="role_id"
            ... [truncated in log] as 89d2f8157a888a4d4095494a33daa267
2025-08-01 19:23:49.375 [main] DEBUG liquibase.util - Computed checksum for addPrimaryKey:[
    columnNames="user_credentials_id, role_id"
    tableName="user_credentials_roles"
] as 108b48105b442cfb7fe94ba44f2529c6
2025-08-01 19:23:49.375 [main] DEBUG liquibase.util - Computed checksum for 9:89d2f8157a888a4d4095494a33daa267:9:108b48105b442cfb7fe94ba44f2529c6: as d0ed0797686dfb5c49cd8db5633f80d6
2025-08-01 19:23:49.376 [main] DEBUG liquibase.util - Computed checksum for createTable:[
    columns=[
        [
            [
                foreignKeyName="fk_trainer_certificate_trainer"
                nullable="false"
                references="trainers(id)"
            ]
            name="trainer_id"
            type="BIGINT"
        ],
        [
            [
                nullable="false"
            ]
            name="certificates"
            type="VARCHAR(255)"
        ]
    ]
    tableName="trainer_certificates"
] as fd78aeb8f5f5ece1c706d4a325f8a6b5
2025-08-01 19:23:49.377 [main] DEBUG liquibase.util - Computed checksum for 9:fd78aeb8f5f5ece1c706d4a325f8a6b5: as 47d44a7a18adbac784c2d097e62fb32f
2025-08-01 19:23:49.378 [main] DEBUG liquibase.util - Computed checksum for insert:[
    columns=[
        [
            name="sport_name"
            value="Тренажерний зал"
        ]
    ]
    tableName="sports"
] as 66413d13a3669fe9f2c3d8a5bcdea4b0
2025-08-01 19:23:49.378 [main] DEBUG liquibase.util - Computed checksum for insert:[
    columns=[
        [
            name="sport_name"
            value="Плавання"
        ]
    ]
    tableName="sports"
] as 25be80afdb242566293082dc7db6a951
2025-08-01 19:23:49.379 [main] DEBUG liquibase.util - Computed checksum for insert:[
    columns=[
        [
            name="sport_name"
            value="Кроссфіт"
        ]
    ]
    tableName="sports"
] as 09c2ac996272d2c81fdde37d20e29fe7
2025-08-01 19:23:49.379 [main] DEBUG liquibase.util - Computed checksum for insert:[
    columns=[
        [
            name="sport_name"
            value="Сквош"
        ]
    ]
    tableName="sports"
] as e8154bdca60e47ec87f4f76be59df100
2025-08-01 19:23:49.380 [main] DEBUG liquibase.util - Computed checksum for insert:[
    columns=[
        [
            name="sport_name"
            value="Бокс"
        ]
    ]
    tableName="sports"
] as b851ae036e92d643c98dcf075e446de6
2025-08-01 19:23:49.381 [main] DEBUG liquibase.util - Computed checksum for insert:[
    columns=[
        [
            name="sport_name"
            value="Стретчинг"
        ]
    ]
    tableName="sports"
] as ac48b4e8db96d399c060f972bc02a896
2025-08-01 19:23:49.381 [main] DEBUG liquibase.util - Computed checksum for insert:[
    columns=[
        [
            name="sport_name"
            value="Йога"
        ]
    ]
    tableName="sports"
] as 3895a541270234ece0fa267c696b0ec9
2025-08-01 19:23:49.382 [main] DEBUG liquibase.util - Computed checksum for insert:[
    columns=[
        [
            name="sport_name"
            value="Сайклінг"
        ]
    ]
    tableName="sports"
] as 806a6b0386bed69e2c3889ff35cdcf69
2025-08-01 19:23:49.383 [main] DEBUG liquibase.util - Computed checksum for insert:[
    columns=[
        [
            name="sport_name"
            value="Дитячий фітнес"
        ]
    ]
    tableName="sports"
] as be829fdf665dfad19e9570cccfad69df
2025-08-01 19:23:49.384 [main] DEBUG liquibase.util - Computed checksum for insert:[
    columns=[
        [
            name="sport_name"
            value="Дитяче плавання"
        ]
    ]
    tableName="sports"
] as cd16e3a60cc295f0a072073b50ca9400
2025-08-01 19:23:49.384 [main] DEBUG liquibase.util - Computed checksum for insert:[
    columns=[
        [
            name="sport_name"
            value="Плавання для немовлят"
        ]
    ]
    tableName="sports"
] as 2959ad132728c9d8404e62f529badc23
2025-08-01 19:23:49.385 [main] DEBUG liquibase.util - Computed checksum for insert:[
    columns=[
        [
            name="sport_name"
            value="Аква аеробіка"
        ]
    ]
    tableName="sports"
] as 0c7daa00f997b86059d340521e3cab54
2025-08-01 19:23:49.386 [main] DEBUG liquibase.util - Computed checksum for insert:[
    columns=[
        [
            name="sport_name"
            value="Пілатес"
        ]
    ]
    tableName="sports"
] as 62a3aa773f19481a876790dd9d97f1a0
2025-08-01 19:23:49.386 [main] DEBUG liquibase.util - Computed checksum for insert:[
    columns=[
        [
            name="sport_name"
            value="Степ аеробіка"
        ]
    ]
    tableName="sports"
] as e53db54307ef228d9d84362c7e1cfc94
2025-08-01 19:23:49.387 [main] DEBUG liquibase.util - Computed checksum for insert:[
    columns=[
        [
            name="sport_name"
            value="Настільний теніс"
        ]
    ]
    tableName="sports"
] as 9379616fa3d85b93d1c0ac36a5373505
2025-08-01 19:23:49.388 [main] DEBUG liquibase.util - Computed checksum for insert:[
    columns=[
        [
            name="sport_name"
            value="TRX"
        ]
    ]
    tableName="sports"
] as 1d6864036782db0d874fb8d9b2ad4fc1
2025-08-01 19:23:49.388 [main] DEBUG liquibase.util - Computed checksum for insert:[
    columns=[
        [
            name="sport_name"
            value="Жіночий бокс"
        ]
    ]
    tableName="sports"
] as f2efef703a78bf94533aa5dcdd03e155
2025-08-01 19:23:49.389 [main] DEBUG liquibase.util - Computed checksum for 9:66413d13a3669fe9f2c3d8a5bcdea4b0:9:25be80afdb242566293082dc7db6a951:9:09c2ac996272d2c81fdde37d20e29fe7:9:e8154bdca60e47ec87f4f76be59df100:9:b851ae036e92d643c98dcf075e446de6:9:ac48b4e8db96d399c060f972bc02a896:9:3895a541270234ece0fa267c696b0ec9:9:806a6b0386bed69e2c3889ff35cdcf69:9:be829fdf665dfad19e9570cccfad69df:9:cd16e3a60cc295f0a072073b50ca9400:9:2959ad132728c9d8404e62f529badc23:9:0c7daa00f997b86059d340521e3cab54:9:62a3aa773f19481a876790dd9d97f1a0:9:e53db54307ef228d9d84362c7e1cfc94:9:9379616f... [truncated in log] as 9ab65fac254bdd27b612be7540a13856
2025-08-01 19:23:49.390 [main] DEBUG liquibase.util - Computed checksum for insert:[
    columns=[
        [
            name="id"
            value="1"
        ],
        [
            name="name"
            value="ROLE_ADMIN"
        ]
    ]
    tableName="roles"
] as ecf6c6cfbd47a4757d0cf45373ee2061
2025-08-01 19:23:49.391 [main] DEBUG liquibase.util - Computed checksum for insert:[
    columns=[
        [
            name="id"
            value="2"
        ],
        [
            name="name"
            value="ROLE_ATHLETE"
        ]
    ]
    tableName="roles"
] as 95d818b01fa89cf0dbc53f9ec047932c
2025-08-01 19:23:49.392 [main] DEBUG liquibase.util - Computed checksum for insert:[
    columns=[
        [
            name="id"
            value="3"
        ],
        [
            name="name"
            value="ROLE_TRAINER"
        ]
    ]
    tableName="roles"
] as d626e5893cb4c9b5517dc355f7f302a3
2025-08-01 19:23:49.392 [main] DEBUG liquibase.util - Computed checksum for insert:[
    columns=[
        [
            name="id"
            value="4"
        ],
        [
            name="name"
            value="ROLE_GYM_OWNER"
        ]
    ]
    tableName="roles"
] as fccab4751b9c36bd6fe4bb4d135565c6
2025-08-01 19:23:49.393 [main] DEBUG liquibase.util - Computed checksum for 9:ecf6c6cfbd47a4757d0cf45373ee2061:9:95d818b01fa89cf0dbc53f9ec047932c:9:d626e5893cb4c9b5517dc355f7f302a3:9:fccab4751b9c36bd6fe4bb4d135565c6: as 70e56b87383493f606906824f528f836
2025-08-01 19:23:49.394 [main] DEBUG liquibase.util - Computed checksum for inputStream as 6fb70ffae83ad39b0eaba7cc05d62223
2025-08-01 19:23:49.395 [main] DEBUG liquibase.util - Computed checksum for insert:[
    columns=[
        [
            name="first_name"
            value="Super"
        ],
        [
            name="last_name"
            value="Admin"
        ],
        [
            name="user_credentials_id"
            valueComputed="(SELECT id FROM user_credentials WHERE email = 'admin@example.com')"
        ]
    ]
    tableName="admins"
] as cdcbea42e7e6691a3fc8f07884ab7955
2025-08-01 19:23:49.395 [main] DEBUG liquibase.util - Computed checksum for insert:[
    columns=[
        [
            name="user_credentials_id"
            valueComputed="(SELECT id FROM user_credentials WHERE email = 'admin@example.com')"
        ],
        [
            name="role_id"
            valueComputed="(SELECT id FROM roles WHERE name = 'ROLE_ADMIN')"
        ]
    ]
    tableName="user_credentials_roles"
] as bc5bed366659a0e25592f2f4ba56b2dc
2025-08-01 19:23:49.396 [main] DEBUG liquibase.util - Computed checksum for 9:6fb70ffae83ad39b0eaba7cc05d62223:9:cdcbea42e7e6691a3fc8f07884ab7955:9:bc5bed366659a0e25592f2f4ba56b2dc: as 6dd6ceb3e49f5d969581e1e63aea8190
2025-08-01 19:23:49.397 [main] DEBUG liquibase.util - Computed checksum for insert:[
    columns=[
        [
            name="email"
            value="ivan.petrenko@example.com"
        ],
        [
            name="password"
            value="$2a$10$2y03kivOdVnunKG2k53YeO8VO6Ks1UFPsWixKvl9PKtQsyXAFncmi"
        ],
        [
            name="user_type"
            value="TRAINER"
        ],
        [
            name="is_deleted"
            value="false"
        ]
    ]
    tableName="user_credentials"
] as 46347dc36c4ba709d4e76b75f317b194
2025-08-01 19:23:49.398 [main] DEBUG liquibase.util - Computed checksum for insert:[
    columns=[
        [
            name="user_credentials_id"
            valueComputed="(SELECT id FROM user_credentials WHERE email = 'ivan.petrenko@example.com')"
        ],
        [
            name="role_id"
            value="3"
        ]
    ]
    tableName="user_credentials_roles"
] as 7b57a43f905c1d30b9aa39b62ebec5d4
2025-08-01 19:23:49.398 [main] DEBUG liquibase.util - Computed checksum for insert:[
    columns=[
        [
            name="country"
            value="Україна"
        ],
        [
            name="city"
            value="Київ"
        ],
        [
            name="street"
            value="Хрещатик"
        ],
        [
            name="house"
            value="10"
        ],
        [
            name="is_deleted"
            value="false"
        ]
    ]
    tableName="addresses"
] as 0cc3f9033240d254be653a86218e6b44
2025-08-01 19:23:49.399 [main] DEBUG liquibase.util - Computed checksum for insert:[
    columns=[
        [
            name="first_name"
            value="Іван"
        ],
        [
            name="last_name"
            value="Петренко_TEST"
        ],
        [
            name="gender"
            value="MALE"
        ],
        [
            name="date_of_birth"
            value="1985-05-15"
        ],
        [
            name="profile_image_url"
            value=""
        ],
        [
            name="user_credentials_id"
            valueComputed="(SELE... [truncated in log] as 381663ba417c2fb84197237f5e332d0d
2025-08-01 19:23:49.400 [main] DEBUG liquibase.util - Computed checksum for insert:[
    columns=[
        [
            name="trainer_id"
            valueComputed="(SELECT id FROM trainers WHERE first_name = 'Іван' AND last_name = 'Петренко_TEST')"
        ],
        [
            name="phone_numbers"
            value="+38(050)-111-2233"
        ]
    ]
    tableName="trainer_phone_numbers"
] as 850ce1de1db5aa351998505fc0ca0f82
2025-08-01 19:23:49.401 [main] DEBUG liquibase.util - Computed checksum for insert:[
    columns=[
        [
            name="trainer_id"
            valueComputed="(SELECT id FROM trainers WHERE first_name = 'Іван' AND last_name = 'Петренко_TEST')"
        ],
        [
            name="certificates"
            value="Сертифікат АФК"
        ]
    ]
    tableName="trainer_certificates"
] as 844e3bd96e796403416699383bdc8c1e
2025-08-01 19:23:49.402 [main] DEBUG liquibase.util - Computed checksum for insert:[
    columns=[
        [
            name="trainer_id"
            valueComputed="(SELECT id FROM trainers WHERE first_name = 'Іван' AND last_name = 'Петренко_TEST')"
        ],
        [
            name="sport_id"
            value="3"
        ]
    ]
    tableName="sports_trainers"
] as 243e43dd4aab5fdbebf00531f4f0a551
2025-08-01 19:23:49.402 [main] DEBUG liquibase.util - Computed checksum for insert:[
    columns=[
        [
            name="trainer_id"
            valueComputed="(SELECT id FROM trainers WHERE first_name = 'Іван' AND last_name = 'Петренко_TEST')"
        ],
        [
            name="sport_id"
            value="1"
        ]
    ]
    tableName="sports_trainers"
] as 8a13fa56f7562ba6f690f4cc6f98c198
2025-08-01 19:23:49.403 [main] DEBUG liquibase.util - Computed checksum for insert:[
    columns=[
        [
            name="email"
            value="olena.kovalchuk@example.com"
        ],
        [
            name="password"
            value="$2a$10$2y03kivOdVnunKG2k53YeO8VO6Ks1UFPsWixKvl9PKtQsyXAFncmi"
        ],
        [
            name="user_type"
            value="TRAINER"
        ],
        [
            name="is_deleted"
            value="false"
        ]
    ]
    tableName="user_credentials"
] as d358c464e1b591896202e75e91d2655a
2025-08-01 19:23:49.404 [main] DEBUG liquibase.util - Computed checksum for insert:[
    columns=[
        [
            name="user_credentials_id"
            valueComputed="(SELECT id FROM user_credentials WHERE email = 'olena.kovalchuk@example.com')"
        ],
        [
            name="role_id"
            value="3"
        ]
    ]
    tableName="user_credentials_roles"
] as 3d1afb454ee3a4469d2dc69e6b2ac732
2025-08-01 19:23:49.405 [main] DEBUG liquibase.util - Computed checksum for insert:[
    columns=[
        [
            name="country"
            value="Україна"
        ],
        [
            name="city"
            value="Львів"
        ],
        [
            name="street"
            value="Просп. Свободи"
        ],
        [
            name="house"
            value="25"
        ],
        [
            name="is_deleted"
            value="false"
        ]
    ]
    tableName="addresses"
] as a3888613964618ed3763f715ee8911f0
2025-08-01 19:23:49.406 [main] DEBUG liquibase.util - Computed checksum for insert:[
    columns=[
        [
            name="first_name"
            value="Олена"
        ],
        [
            name="last_name"
            value="Ковальчук_TEST"
        ],
        [
            name="gender"
            value="FEMALE"
        ],
        [
            name="date_of_birth"
            value="1990-11-20"
        ],
        [
            name="profile_image_url"
            value=""
        ],
        [
            name="user_credentials_id"
            valueComputed="(... [truncated in log] as 08776f31c0cac1c48d171e336eb89d94
2025-08-01 19:23:49.407 [main] DEBUG liquibase.util - Computed checksum for insert:[
    columns=[
        [
            name="trainer_id"
            valueComputed="(SELECT id FROM trainers WHERE first_name = 'Олена' AND last_name = 'Ковальчук_TEST')"
        ],
        [
            name="phone_numbers"
            value="+38(067)-222-3344"
        ]
    ]
    tableName="trainer_phone_numbers"
] as 4ee43f03356033aae8b06a34c3f750bc
2025-08-01 19:23:49.407 [main] DEBUG liquibase.util - Computed checksum for insert:[
    columns=[
        [
            name="trainer_id"
            valueComputed="(SELECT id FROM trainers WHERE first_name = 'Олена' AND last_name = 'Ковальчук_TEST')"
        ],
        [
            name="certificates"
            value="Сертифікат Йога Альянс"
        ]
    ]
    tableName="trainer_certificates"
] as fa128c8a35279b370e7aac464289c5e3
2025-08-01 19:23:49.408 [main] DEBUG liquibase.util - Computed checksum for insert:[
    columns=[
        [
            name="trainer_id"
            valueComputed="(SELECT id FROM trainers WHERE first_name = 'Олена' AND last_name = 'Ковальчук_TEST')"
        ],
        [
            name="sport_id"
            value="7"
        ]
    ]
    tableName="sports_trainers"
] as ba1ada4788017f464238b7edb3a6f276
2025-08-01 19:23:49.409 [main] DEBUG liquibase.util - Computed checksum for insert:[
    columns=[
        [
            name="trainer_id"
            valueComputed="(SELECT id FROM trainers WHERE first_name = 'Олена' AND last_name = 'Ковальчук_TEST')"
        ],
        [
            name="sport_id"
            value="13"
        ]
    ]
    tableName="sports_trainers"
] as b246d38968981e91597206656af1a708
2025-08-01 19:23:49.410 [main] DEBUG liquibase.util - Computed checksum for insert:[
    columns=[
        [
            name="email"
            value="mykhailo.sydorenko@example.com"
        ],
        [
            name="password"
            value="$2a$10$2y03kivOdVnunKG2k53YeO8VO6Ks1UFPsWixKvl9PKtQsyXAFncmi"
        ],
        [
            name="user_type"
            value="TRAINER"
        ],
        [
            name="is_deleted"
            value="false"
        ]
    ]
    tableName="user_credentials"
] as b631912c3ac18de6b6d8a63960bf8dac
2025-08-01 19:23:49.410 [main] DEBUG liquibase.util - Computed checksum for insert:[
    columns=[
        [
            name="user_credentials_id"
            valueComputed="(SELECT id FROM user_credentials WHERE email = 'mykhailo.sydorenko@example.com')"
        ],
        [
            name="role_id"
            value="3"
        ]
    ]
    tableName="user_credentials_roles"
] as 5ecb022a7ad1eeb0705d374e0e359e26
2025-08-01 19:23:49.411 [main] DEBUG liquibase.util - Computed checksum for insert:[
    columns=[
        [
            name="country"
            value="Україна"
        ],
        [
            name="city"
            value="Одеса"
        ],
        [
            name="street"
            value="Дерибасівська"
        ],
        [
            name="house"
            value="5"
        ],
        [
            name="is_deleted"
            value="false"
        ]
    ]
    tableName="addresses"
] as e11f67d219b6e8d9f11e928e96cb2b83
2025-08-01 19:23:49.413 [main] DEBUG liquibase.util - Computed checksum for insert:[
    columns=[
        [
            name="first_name"
            value="Михайло"
        ],
        [
            name="last_name"
            value="Сидоренко_TEST"
        ],
        [
            name="gender"
            value="MALE"
        ],
        [
            name="date_of_birth"
            value="1988-03-01"
        ],
        [
            name="profile_image_url"
            value=""
        ],
        [
            name="user_credentials_id"
            valueComputed="(... [truncated in log] as ccb0e3284da6a0938a3db429dea8a41a
2025-08-01 19:23:49.413 [main] DEBUG liquibase.util - Computed checksum for insert:[
    columns=[
        [
            name="trainer_id"
            valueComputed="(SELECT id FROM trainers WHERE first_name = 'Михайло' AND last_name = 'Сидоренко_TEST')"
        ],
        [
            name="phone_numbers"
            value="+38(095)-333-4455"
        ]
    ]
    tableName="trainer_phone_numbers"
] as e273fc1f26758d035006b9a44b220fd3
2025-08-01 19:23:49.414 [main] DEBUG liquibase.util - Computed checksum for insert:[
    columns=[
        [
            name="trainer_id"
            valueComputed="(SELECT id FROM trainers WHERE first_name = 'Михайло' AND last_name = 'Сидоренко_TEST')"
        ],
        [
            name="certificates"
            value="Сертифікат Федерації Боксу"
        ]
    ]
    tableName="trainer_certificates"
] as 8873840ce0c3d1f499cd69ee9da64e04
2025-08-01 19:23:49.415 [main] DEBUG liquibase.util - Computed checksum for insert:[
    columns=[
        [
            name="trainer_id"
            valueComputed="(SELECT id FROM trainers WHERE first_name = 'Михайло' AND last_name = 'Сидоренко_TEST')"
        ],
        [
            name="sport_id"
            value="5"
        ]
    ]
    tableName="sports_trainers"
] as 95cb53d78748966ccda8236178bb70a7
2025-08-01 19:23:49.416 [main] DEBUG liquibase.util - Computed checksum for insert:[
    columns=[
        [
            name="trainer_id"
            valueComputed="(SELECT id FROM trainers WHERE first_name = 'Михайло' AND last_name = 'Сидоренко_TEST')"
        ],
        [
            name="sport_id"
            value="17"
        ]
    ]
    tableName="sports_trainers"
] as e8248ed7e867135c00d66d3a67fa4a5b
2025-08-01 19:23:49.416 [main] DEBUG liquibase.util - Computed checksum for insert:[
    columns=[
        [
            name="email"
            value="nataliia.melnyk@example.com"
        ],
        [
            name="password"
            value="$2a$10$2y03kivOdVnunKG2k53YeO8VO6Ks1UFPsWixKvl9PKtQsyXAFncmi"
        ],
        [
            name="user_type"
            value="TRAINER"
        ],
        [
            name="is_deleted"
            value="false"
        ]
    ]
    tableName="user_credentials"
] as fac9648147266b7bffd9bef99644ca85
2025-08-01 19:23:49.417 [main] DEBUG liquibase.util - Computed checksum for insert:[
    columns=[
        [
            name="user_credentials_id"
            valueComputed="(SELECT id FROM user_credentials WHERE email = 'nataliia.melnyk@example.com')"
        ],
        [
            name="role_id"
            value="3"
        ]
    ]
    tableName="user_credentials_roles"
] as fcdaae243f79eb8fadba553779707785
2025-08-01 19:23:49.418 [main] DEBUG liquibase.util - Computed checksum for insert:[
    columns=[
        [
            name="country"
            value="Україна"
        ],
        [
            name="city"
            value="Харків"
        ],
        [
            name="street"
            value="Пл. Свободи"
        ],
        [
            name="house"
            value="1"
        ],
        [
            name="is_deleted"
            value="false"
        ]
    ]
    tableName="addresses"
] as 03d63a4564a74836604c3da3ae15ca4c
2025-08-01 19:23:49.419 [main] DEBUG liquibase.util - Computed checksum for insert:[
    columns=[
        [
            name="first_name"
            value="Наталія"
        ],
        [
            name="last_name"
            value="Мельник_TEST"
        ],
        [
            name="gender"
            value="FEMALE"
        ],
        [
            name="date_of_birth"
            value="1992-07-25"
        ],
        [
            name="profile_image_url"
            value=""
        ],
        [
            name="user_credentials_id"
            valueComputed="(... [truncated in log] as af6796aa9dd82a7a494692f3caa92cf0
2025-08-01 19:23:49.420 [main] DEBUG liquibase.util - Computed checksum for insert:[
    columns=[
        [
            name="trainer_id"
            valueComputed="(SELECT id FROM trainers WHERE first_name = 'Наталія' AND last_name = 'Мельник_TEST')"
        ],
        [
            name="phone_numbers"
            value="+38(096)-444-5566"
        ]
    ]
    tableName="trainer_phone_numbers"
] as 84a6ecddd62d13a14b123c41f91778f6
2025-08-01 19:23:49.421 [main] DEBUG liquibase.util - Computed checksum for insert:[
    columns=[
        [
            name="trainer_id"
            valueComputed="(SELECT id FROM trainers WHERE first_name = 'Наталія' AND last_name = 'Мельник_TEST')"
        ],
        [
            name="certificates"
            value="ACE Certified Personal Trainer"
        ]
    ]
    tableName="trainer_certificates"
] as 0e30368bd74936f4580310880bef0955
2025-08-01 19:23:49.421 [main] DEBUG liquibase.util - Computed checksum for insert:[
    columns=[
        [
            name="trainer_id"
            valueComputed="(SELECT id FROM trainers WHERE first_name = 'Наталія' AND last_name = 'Мельник_TEST')"
        ],
        [
            name="sport_id"
            value="6"
        ]
    ]
    tableName="sports_trainers"
] as dcca16231bc14b8514aefb8f3f54698f
2025-08-01 19:23:49.422 [main] DEBUG liquibase.util - Computed checksum for insert:[
    columns=[
        [
            name="trainer_id"
            valueComputed="(SELECT id FROM trainers WHERE first_name = 'Наталія' AND last_name = 'Мельник_TEST')"
        ],
        [
            name="sport_id"
            value="16"
        ]
    ]
    tableName="sports_trainers"
] as fdea958c7a1f60c090d3779730f384a7
2025-08-01 19:23:49.423 [main] DEBUG liquibase.util - Computed checksum for insert:[
    columns=[
        [
            name="email"
            value="andrii.shevchenko@example.com"
        ],
        [
            name="password"
            value="$2a$10$2y03kivOdVnunKG2k53YeO8VO6Ks1UFPsWixKvl9PKtQsyXAFncmi"
        ],
        [
            name="user_type"
            value="TRAINER"
        ],
        [
            name="is_deleted"
            value="false"
        ]
    ]
    tableName="user_credentials"
] as 617149826f837c4e3dfc7fecc3d0b129
2025-08-01 19:23:49.424 [main] DEBUG liquibase.util - Computed checksum for insert:[
    columns=[
        [
            name="user_credentials_id"
            valueComputed="(SELECT id FROM user_credentials WHERE email = 'andrii.shevchenko@example.com')"
        ],
        [
            name="role_id"
            value="3"
        ]
    ]
    tableName="user_credentials_roles"
] as 75470b401c3ab9ac63032fe6a04adbae
2025-08-01 19:23:49.425 [main] DEBUG liquibase.util - Computed checksum for insert:[
    columns=[
        [
            name="country"
            value="Україна"
        ],
        [
            name="city"
            value="Дніпро"
        ],
        [
            name="street"
            value="Січеславська Набережна"
        ],
        [
            name="house"
            value="35"
        ],
        [
            name="is_deleted"
            value="false"
        ]
    ]
    tableName="addresses"
] as 4b8e73bca00dcf511d07f48ca9e18aa8
2025-08-01 19:23:49.426 [main] DEBUG liquibase.util - Computed checksum for insert:[
    columns=[
        [
            name="first_name"
            value="Андрій"
        ],
        [
            name="last_name"
            value="Шевченко_TEST"
        ],
        [
            name="gender"
            value="MALE"
        ],
        [
            name="date_of_birth"
            value="1980-01-01"
        ],
        [
            name="profile_image_url"
            value=""
        ],
        [
            name="user_credentials_id"
            valueComputed="(SE... [truncated in log] as b04cdbdcd9af358eb661728c6e65a656
2025-08-01 19:23:49.427 [main] DEBUG liquibase.util - Computed checksum for insert:[
    columns=[
        [
            name="trainer_id"
            valueComputed="(SELECT id FROM trainers WHERE first_name = 'Андрій' AND last_name = 'Шевченко_TEST')"
        ],
        [
            name="phone_numbers"
            value="+38(050)-555-6677"
        ]
    ]
    tableName="trainer_phone_numbers"
] as 4654244bf7605358e9c055a5c62bf491
2025-08-01 19:23:49.428 [main] DEBUG liquibase.util - Computed checksum for insert:[
    columns=[
        [
            name="trainer_id"
            valueComputed="(SELECT id FROM trainers WHERE first_name = 'Андрій' AND last_name = 'Шевченко_TEST')"
        ],
        [
            name="certificates"
            value="Сертифікат CrossFit Level 1"
        ]
    ]
    tableName="trainer_certificates"
] as 8f8d8e614daefbabc9774dc022ccf5ab
2025-08-01 19:23:49.429 [main] DEBUG liquibase.util - Computed checksum for insert:[
    columns=[
        [
            name="trainer_id"
            valueComputed="(SELECT id FROM trainers WHERE first_name = 'Андрій' AND last_name = 'Шевченко_TEST')"
        ],
        [
            name="sport_id"
            value="3"
        ]
    ]
    tableName="sports_trainers"
] as d823c530aaf51f09de4cda01c37b21ab
2025-08-01 19:23:49.430 [main] DEBUG liquibase.util - Computed checksum for insert:[
    columns=[
        [
            name="email"
            value="yuliia.tkachenko@example.com"
        ],
        [
            name="password"
            value="$2a$10$2y03kivOdVnunKG2k53YeO8VO6Ks1UFPsWixKvl9PKtQsyXAFncmi"
        ],
        [
            name="user_type"
            value="TRAINER"
        ],
        [
            name="is_deleted"
            value="false"
        ]
    ]
    tableName="user_credentials"
] as 247e5921bb2a60bdf0ded86c98a8e76a
2025-08-01 19:23:49.430 [main] DEBUG liquibase.util - Computed checksum for insert:[
    columns=[
        [
            name="user_credentials_id"
            valueComputed="(SELECT id FROM user_credentials WHERE email = 'yuliia.tkachenko@example.com')"
        ],
        [
            name="role_id"
            value="3"
        ]
    ]
    tableName="user_credentials_roles"
] as f067fd904f9fb3e8a8d567bc2949a6d6
2025-08-01 19:23:49.431 [main] DEBUG liquibase.util - Computed checksum for insert:[
    columns=[
        [
            name="country"
            value="Україна"
        ],
        [
            name="city"
            value="Запоріжжя"
        ],
        [
            name="street"
            value="Просп. Соборний"
        ],
        [
            name="house"
            value="150"
        ],
        [
            name="is_deleted"
            value="false"
        ]
    ]
    tableName="addresses"
] as a0da9600d0ecc8c7b1211e268de42554
2025-08-01 19:23:49.433 [main] DEBUG liquibase.util - Computed checksum for insert:[
    columns=[
        [
            name="first_name"
            value="Юлія"
        ],
        [
            name="last_name"
            value="Ткаченко_TEST"
        ],
        [
            name="gender"
            value="FEMALE"
        ],
        [
            name="date_of_birth"
            value="1991-09-05"
        ],
        [
            name="profile_image_url"
            value=""
        ],
        [
            name="user_credentials_id"
            valueComputed="(SE... [truncated in log] as a4459e0f52890c29055bb9697ff40cf6
2025-08-01 19:23:49.434 [main] DEBUG liquibase.util - Computed checksum for insert:[
    columns=[
        [
            name="trainer_id"
            valueComputed="(SELECT id FROM trainers WHERE first_name = 'Юлія' AND last_name = 'Ткаченко_TEST')"
        ],
        [
            name="phone_numbers"
            value="+38(097)-666-7788"
        ]
    ]
    tableName="trainer_phone_numbers"
] as 7ec4dffdc6d4970c23bb83bda6d018d3
2025-08-01 19:23:49.435 [main] DEBUG liquibase.util - Computed checksum for insert:[
    columns=[
        [
            name="trainer_id"
            valueComputed="(SELECT id FROM trainers WHERE first_name = 'Юлія' AND last_name = 'Ткаченко_TEST')"
        ],
        [
            name="certificates"
            value="Сертифікат Zumba Instructor"
        ]
    ]
    tableName="trainer_certificates"
] as c5b23a8e430d745484e93264657e4b9f
2025-08-01 19:23:49.436 [main] DEBUG liquibase.util - Computed checksum for insert:[
    columns=[
        [
            name="trainer_id"
            valueComputed="(SELECT id FROM trainers WHERE first_name = 'Юлія' AND last_name = 'Ткаченко_TEST')"
        ],
        [
            name="sport_id"
            value="14"
        ]
    ]
    tableName="sports_trainers"
] as e67fd391c7db9debf7aaf2a24e934c0f
2025-08-01 19:23:49.437 [main] DEBUG liquibase.util - Computed checksum for insert:[
    columns=[
        [
            name="email"
            value="volodymyr.bondarenko@example.com"
        ],
        [
            name="password"
            value="$2a$10$2y03kivOdVnunKG2k53YeO8VO6Ks1UFPsWixKvl9PKtQsyXAFncmi"
        ],
        [
            name="user_type"
            value="TRAINER"
        ],
        [
            name="is_deleted"
            value="false"
        ]
    ]
    tableName="user_credentials"
] as 542a0e139f3bd9490d67a7abe8815b5f
2025-08-01 19:23:49.438 [main] DEBUG liquibase.util - Computed checksum for insert:[
    columns=[
        [
            name="user_credentials_id"
            valueComputed="(SELECT id FROM user_credentials WHERE email = 'volodymyr.bondarenko@example.com')"
        ],
        [
            name="role_id"
            value="3"
        ]
    ]
    tableName="user_credentials_roles"
] as 700480cb16130e388f5f72bc35e0cdab
2025-08-01 19:23:49.439 [main] DEBUG liquibase.util - Computed checksum for insert:[
    columns=[
        [
            name="country"
            value="Україна"
        ],
        [
            name="city"
            value="Вінниця"
        ],
        [
            name="street"
            value="Соборна"
        ],
        [
            name="house"
            value="80"
        ],
        [
            name="is_deleted"
            value="false"
        ]
    ]
    tableName="addresses"
] as b4e031c29c04166e8bb923178a6599c9
2025-08-01 19:23:49.440 [main] DEBUG liquibase.util - Computed checksum for insert:[
    columns=[
        [
            name="first_name"
            value="Володимир"
        ],
        [
            name="last_name"
            value="Бондаренко_TEST"
        ],
        [
            name="gender"
            value="MALE"
        ],
        [
            name="date_of_birth"
            value="1983-02-10"
        ],
        [
            name="profile_image_url"
            value=""
        ],
        [
            name="user_credentials_id"
            valueComputed... [truncated in log] as 3607be20d320ac6bdc48a6dd38e9e2b2
2025-08-01 19:23:49.441 [main] DEBUG liquibase.util - Computed checksum for insert:[
    columns=[
        [
            name="trainer_id"
            valueComputed="(SELECT id FROM trainers WHERE first_name = 'Володимир' AND last_name = 'Бондаренко_TEST')"
        ],
        [
            name="phone_numbers"
            value="+38(063)-777-8899"
        ]
    ]
    tableName="trainer_phone_numbers"
] as 9bbcc763f8e7e1c88e396aea9b84504d
2025-08-01 19:23:49.442 [main] DEBUG liquibase.util - Computed checksum for insert:[
    columns=[
        [
            name="trainer_id"
            valueComputed="(SELECT id FROM trainers WHERE first_name = 'Володимир' AND last_name = 'Бондаренко_TEST')"
        ],
        [
            name="certificates"
            value="IPF Powerlifting Coach"
        ]
    ]
    tableName="trainer_certificates"
] as abf3bf67b8024b6deba354b966b3f48b
2025-08-01 19:23:49.443 [main] DEBUG liquibase.util - Computed checksum for insert:[
    columns=[
        [
            name="trainer_id"
            valueComputed="(SELECT id FROM trainers WHERE first_name = 'Володимир' AND last_name = 'Бондаренко_TEST')"
        ],
        [
            name="sport_id"
            value="1"
        ]
    ]
    tableName="sports_trainers"
] as 8bbbbfea478fcc62bfce9f77e0fb0a43
2025-08-01 19:23:49.444 [main] DEBUG liquibase.util - Computed checksum for insert:[
    columns=[
        [
            name="email"
            value="iryna.kravchenko@example.com"
        ],
        [
            name="password"
            value="$2a$10$2y03kivOdVnunKG2k53YeO8VO6Ks1UFPsWixKvl9PKtQsyXAFncmi"
        ],
        [
            name="user_type"
            value="TRAINER"
        ],
        [
            name="is_deleted"
            value="false"
        ]
    ]
    tableName="user_credentials"
] as b3ee8a785055d5ce032bc0a784c5d9aa
2025-08-01 19:23:49.444 [main] DEBUG liquibase.util - Computed checksum for insert:[
    columns=[
        [
            name="user_credentials_id"
            valueComputed="(SELECT id FROM user_credentials WHERE email = 'iryna.kravchenko@example.com')"
        ],
        [
            name="role_id"
            value="3"
        ]
    ]
    tableName="user_credentials_roles"
] as 8564ad8735f92dc92c33e90ad7be7dae
2025-08-01 19:23:49.453 [main] DEBUG liquibase.util - Computed checksum for insert:[
    columns=[
        [
            name="country"
            value="Україна"
        ],
        [
            name="city"
            value="Чернігів"
        ],
        [
            name="street"
            value="Просп. Миру"
        ],
        [
            name="house"
            value="49"
        ],
        [
            name="is_deleted"
            value="false"
        ]
    ]
    tableName="addresses"
] as a9a371ae2b559c9fd32fe013c026ce80
2025-08-01 19:23:49.455 [main] DEBUG liquibase.util - Computed checksum for insert:[
    columns=[
        [
            name="first_name"
            value="Ірина"
        ],
        [
            name="last_name"
            value="Кравченко_TEST"
        ],
        [
            name="gender"
            value="FEMALE"
        ],
        [
            name="date_of_birth"
            value="1993-04-12"
        ],
        [
            name="profile_image_url"
            value=""
        ],
        [
            name="user_credentials_id"
            valueComputed="(... [truncated in log] as 76eb7b810b22d151a7eef9eb79ea9532
2025-08-01 19:23:49.456 [main] DEBUG liquibase.util - Computed checksum for insert:[
    columns=[
        [
            name="trainer_id"
            valueComputed="(SELECT id FROM trainers WHERE first_name = 'Ірина' AND last_name = 'Кравченко_TEST')"
        ],
        [
            name="phone_numbers"
            value="+38(098)-888-9900"
        ]
    ]
    tableName="trainer_phone_numbers"
] as 7dffbfb7c4abbd4c7cb85b9bae319ed2
2025-08-01 19:23:49.457 [main] DEBUG liquibase.util - Computed checksum for insert:[
    columns=[
        [
            name="trainer_id"
            valueComputed="(SELECT id FROM trainers WHERE first_name = 'Ірина' AND last_name = 'Кравченко_TEST')"
        ],
        [
            name="certificates"
            value="AFAA Group Fitness Instructor"
        ]
    ]
    tableName="trainer_certificates"
] as 7377a1fede14bc32bf7a8f2bdd053847
2025-08-01 19:23:49.458 [main] DEBUG liquibase.util - Computed checksum for insert:[
    columns=[
        [
            name="trainer_id"
            valueComputed="(SELECT id FROM trainers WHERE first_name = 'Ірина' AND last_name = 'Кравченко_TEST')"
        ],
        [
            name="sport_id"
            value="6"
        ]
    ]
    tableName="sports_trainers"
] as 12653dcbdf322c616969ecdb7bf1c380
2025-08-01 19:23:49.459 [main] DEBUG liquibase.util - Computed checksum for insert:[
    columns=[
        [
            name="trainer_id"
            valueComputed="(SELECT id FROM trainers WHERE first_name = 'Ірина' AND last_name = 'Кравченко_TEST')"
        ],
        [
            name="sport_id"
            value="7"
        ]
    ]
    tableName="sports_trainers"
] as 979f7c45e0a927369e62b469260734e7
2025-08-01 19:23:49.460 [main] DEBUG liquibase.util - Computed checksum for insert:[
    columns=[
        [
            name="email"
            value="serhii.marchenko@example.com"
        ],
        [
            name="password"
            value="$2a$10$2y03kivOdVnunKG2k53YeO8VO6Ks1UFPsWixKvl9PKtQsyXAFncmi"
        ],
        [
            name="user_type"
            value="TRAINER"
        ],
        [
            name="is_deleted"
            value="false"
        ]
    ]
    tableName="user_credentials"
] as 7b99fe434efc3bad6210a0742a35e55b
2025-08-01 19:23:49.460 [main] DEBUG liquibase.util - Computed checksum for insert:[
    columns=[
        [
            name="user_credentials_id"
            valueComputed="(SELECT id FROM user_credentials WHERE email = 'serhii.marchenko@example.com')"
        ],
        [
            name="role_id"
            value="3"
        ]
    ]
    tableName="user_credentials_roles"
] as 35110850724440b0bd2b6d15685ec816
2025-08-01 19:23:49.461 [main] DEBUG liquibase.util - Computed checksum for insert:[
    columns=[
        [
            name="country"
            value="Україна"
        ],
        [
            name="city"
            value="Полтава"
        ],
        [
            name="street"
            value="Європейська"
        ],
        [
            name="house"
            value="10"
        ],
        [
            name="is_deleted"
            value="false"
        ]
    ]
    tableName="addresses"
] as 3e7aaa6e30702a37fb920be87a89eb60
2025-08-01 19:23:49.462 [main] DEBUG liquibase.util - Computed checksum for insert:[
    columns=[
        [
            name="first_name"
            value="Сергій"
        ],
        [
            name="last_name"
            value="Марченко_TEST"
        ],
        [
            name="gender"
            value="MALE"
        ],
        [
            name="date_of_birth"
            value="1987-08-28"
        ],
        [
            name="profile_image_url"
            value=""
        ],
        [
            name="user_credentials_id"
            valueComputed="(SE... [truncated in log] as d994788a0a0b29577dfc970c1f26af74
2025-08-01 19:23:49.463 [main] DEBUG liquibase.util - Computed checksum for insert:[
    columns=[
        [
            name="trainer_id"
            valueComputed="(SELECT id FROM trainers WHERE first_name = 'Сергій' AND last_name = 'Марченко_TEST')"
        ],
        [
            name="phone_numbers"
            value="+38(050)-999-0011"
        ]
    ]
    tableName="trainer_phone_numbers"
] as 11016c25211a61b7426400ead18b3e9a
2025-08-01 19:23:49.464 [main] DEBUG liquibase.util - Computed checksum for insert:[
    columns=[
        [
            name="trainer_id"
            valueComputed="(SELECT id FROM trainers WHERE first_name = 'Сергій' AND last_name = 'Марченко_TEST')"
        ],
        [
            name="certificates"
            value="Сертифікат FINA"
        ]
    ]
    tableName="trainer_certificates"
] as 690290a7b9376150de852d75382f7449
2025-08-01 19:23:49.465 [main] DEBUG liquibase.util - Computed checksum for insert:[
    columns=[
        [
            name="trainer_id"
            valueComputed="(SELECT id FROM trainers WHERE first_name = 'Сергій' AND last_name = 'Марченко_TEST')"
        ],
        [
            name="sport_id"
            value="2"
        ]
    ]
    tableName="sports_trainers"
] as 9a441f458bb18013ae559d75683051d9
2025-08-01 19:23:49.465 [main] DEBUG liquibase.util - Computed checksum for insert:[
    columns=[
        [
            name="trainer_id"
            valueComputed="(SELECT id FROM trainers WHERE first_name = 'Сергій' AND last_name = 'Марченко_TEST')"
        ],
        [
            name="sport_id"
            value="12"
        ]
    ]
    tableName="sports_trainers"
] as 7ea6a9f498a5fe357a4085ffb274df30
2025-08-01 19:23:49.466 [main] DEBUG liquibase.util - Computed checksum for insert:[
    columns=[
        [
            name="email"
            value="halyna.oliynyk@example.com"
        ],
        [
            name="password"
            value="$2a$10$2y03kivOdVnunKG2k53YeO8VO6Ks1UFPsWixKvl9PKtQsyXAFncmi"
        ],
        [
            name="user_type"
            value="TRAINER"
        ],
        [
            name="is_deleted"
            value="false"
        ]
    ]
    tableName="user_credentials"
] as 9885df4aea9848ff95e0dffde4558a59
2025-08-01 19:23:49.467 [main] DEBUG liquibase.util - Computed checksum for insert:[
    columns=[
        [
            name="user_credentials_id"
            valueComputed="(SELECT id FROM user_credentials WHERE email = 'halyna.oliynyk@example.com')"
        ],
        [
            name="role_id"
            value="3"
        ]
    ]
    tableName="user_credentials_roles"
] as 744e40682a5c2faa7c372982a5bd88f7
2025-08-01 19:23:49.469 [main] DEBUG liquibase.util - Computed checksum for insert:[
    columns=[
        [
            name="country"
            value="Україна"
        ],
        [
            name="city"
            value="Черкаси"
        ],
        [
            name="street"
            value="Хрещатик"
        ],
        [
            name="house"
            value="200"
        ],
        [
            name="is_deleted"
            value="false"
        ]
    ]
    tableName="addresses"
] as 68f7f5d7352e3a35c1cf2990d767fec6
2025-08-01 19:23:49.471 [main] DEBUG liquibase.util - Computed checksum for insert:[
    columns=[
        [
            name="first_name"
            value="Галина"
        ],
        [
            name="last_name"
            value="Олійник_TEST"
        ],
        [
            name="gender"
            value="FEMALE"
        ],
        [
            name="date_of_birth"
            value="1994-10-18"
        ],
        [
            name="profile_image_url"
            value=""
        ],
        [
            name="user_credentials_id"
            valueComputed="(S... [truncated in log] as aad6e050ea440790ac31552202160a9a
2025-08-01 19:23:49.472 [main] DEBUG liquibase.util - Computed checksum for insert:[
    columns=[
        [
            name="trainer_id"
            valueComputed="(SELECT id FROM trainers WHERE first_name = 'Галина' AND last_name = 'Олійник_TEST')"
        ],
        [
            name="phone_numbers"
            value="+38(067)-123-4567"
        ]
    ]
    tableName="trainer_phone_numbers"
] as 4eebd43046b67e47738916638af4b52c
2025-08-01 19:23:49.473 [main] DEBUG liquibase.util - Computed checksum for insert:[
    columns=[
        [
            name="trainer_id"
            valueComputed="(SELECT id FROM trainers WHERE first_name = 'Галина' AND last_name = 'Олійник_TEST')"
        ],
        [
            name="certificates"
            value="Certified Rehabilitation Specialist"
        ]
    ]
    tableName="trainer_certificates"
] as 45e95207184bbe128800ef6cae58de11
2025-08-01 19:23:49.474 [main] DEBUG liquibase.util - Computed checksum for insert:[
    columns=[
        [
            name="trainer_id"
            valueComputed="(SELECT id FROM trainers WHERE first_name = 'Галина' AND last_name = 'Олійник_TEST')"
        ],
        [
            name="sport_id"
            value="4"
        ]
    ]
    tableName="sports_trainers"
] as 8e6426be7350ecc5dfa6d125a5c59b3a
2025-08-01 19:23:49.475 [main] DEBUG liquibase.util - Computed checksum for insert:[
    columns=[
        [
            name="trainer_id"
            valueComputed="(SELECT id FROM trainers WHERE first_name = 'Галина' AND last_name = 'Олійник_TEST')"
        ],
        [
            name="sport_id"
            value="15"
        ]
    ]
    tableName="sports_trainers"
] as 0da9c9768da28297345ba6f7c9e08e5f
2025-08-01 19:23:49.476 [main] DEBUG liquibase.util - Computed checksum for 9:46347dc36c4ba709d4e76b75f317b194:9:7b57a43f905c1d30b9aa39b62ebec5d4:9:0cc3f9033240d254be653a86218e6b44:9:381663ba417c2fb84197237f5e332d0d:9:850ce1de1db5aa351998505fc0ca0f82:9:844e3bd96e796403416699383bdc8c1e:9:243e43dd4aab5fdbebf00531f4f0a551:9:8a13fa56f7562ba6f690f4cc6f98c198:9:d358c464e1b591896202e75e91d2655a:9:3d1afb454ee3a4469d2dc69e6b2ac732:9:a3888613964618ed3763f715ee8911f0:9:08776f31c0cac1c48d171e336eb89d94:9:4ee43f03356033aae8b06a34c3f750bc:9:fa128c8a35279b370e7aac464289c5e3:9:ba1ada47... [truncated in log] as 18bb7a6c6d60c3b3d3a8292c3630b15f
2025-08-01 19:23:49.478 [main] DEBUG liquibase.util - Computed checksum for insert:[
    columns=[
        [
            name="email"
            value="oleksii.hryshchenko@example.com"
        ],
        [
            name="password"
            value="$2a$10$2y03kivOdVnunKG2k53YeO8VO6Ks1UFPsWixKvl9PKtQsyXAFncmi"
        ],
        [
            name="user_type"
            value="GYM_OWNER"
        ],
        [
            name="is_deleted"
            value="false"
        ]
    ]
    tableName="user_credentials"
] as a186cdaecbad24427526f8efcbf6b91a
2025-08-01 19:23:49.479 [main] DEBUG liquibase.util - Computed checksum for insert:[
    columns=[
        [
            name="user_credentials_id"
            valueComputed="(SELECT id FROM user_credentials WHERE email = 'oleksii.hryshchenko@example.com')"
        ],
        [
            name="role_id"
            value="4"
        ]
    ]
    tableName="user_credentials_roles"
] as 9ef3126979d0b7e124200225ad552ea0
2025-08-01 19:23:49.480 [main] DEBUG liquibase.util - Computed checksum for insert:[
    columns=[
        [
            name="first_name"
            value="Олексій"
        ],
        [
            name="last_name"
            value="Грищенко_TEST"
        ],
        [
            name="gender"
            value="MALE"
        ],
        [
            name="date_of_birth"
            value="1980-01-01"
        ],
        [
            name="profile_image_url"
            value=""
        ],
        [
            name="user_credentials_id"
            valueComputed="(S... [truncated in log] as 9bb98a0e34b29db65729d2ed3f6a249f
2025-08-01 19:23:49.481 [main] DEBUG liquibase.util - Computed checksum for insert:[
    columns=[
        [
            name="gym_owner_id"
            valueComputed="(SELECT id FROM gym_owners WHERE first_name = 'Олексій' AND last_name = 'Грищенко_TEST')"
        ],
        [
            name="phone_numbers"
            value="+38(044)-111-2233"
        ]
    ]
    tableName="gym_owner_phone_numbers"
] as 0dc361460464624946144961607a0252
2025-08-01 19:23:49.483 [main] DEBUG liquibase.util - Computed checksum for insert:[
    columns=[
        [
            name="country"
            value="Україна"
        ],
        [
            name="city"
            value="Київ"
        ],
        [
            name="street"
            value="вул. Антоновича"
        ],
        [
            name="house"
            value="50"
        ],
        [
            name="is_deleted"
            value="false"
        ]
    ]
    tableName="addresses"
] as 29e45c29b85d6da7c38633e34f4655a8
2025-08-01 19:23:49.484 [main] DEBUG liquibase.util - Computed checksum for insert:[
    columns=[
        [
            name="name"
            value="StrongBody_TEST"
        ],
        [
            name="address_id"
            valueComputed="(SELECT id FROM addresses WHERE country = 'Україна' AND city = 'Київ' AND street = 'вул. Антоновича' AND house = '50')"
        ],
        [
            name="description"
            value="Сучасний тренажерний зал з великим вибором обладнання."
        ],
        [
            name="website"
            value="http://strongbo... [truncated in log] as 2c3d26909d9d4ed5e2357f97e1a2358f
2025-08-01 19:23:49.485 [main] DEBUG liquibase.util - Computed checksum for insert:[
    columns=[
        [
            name="gym_id"
            valueComputed="(SELECT id FROM gyms WHERE name = 'StrongBody_TEST')"
        ],
        [
            name="phone_numbers"
            value="+38(044)-111-2233"
        ]
    ]
    tableName="gym_phone_numbers"
] as 22bdbe6522a4ecd590a576b9e6ef4f69
2025-08-01 19:23:49.486 [main] DEBUG liquibase.util - Computed checksum for insert:[
    columns=[
        [
            name="gym_id"
            valueComputed="(SELECT id FROM gyms WHERE name = 'StrongBody_TEST')"
        ],
        [
            name="day_of_week"
            value="MONDAY"
        ],
        [
            name="start_time"
            value="07:00:00"
        ],
        [
            name="end_time"
            value="22:00:00"
        ]
    ]
    tableName="gym_working_hours"
] as fdd532cb2bf819a4ac986d879e17fb2a
2025-08-01 19:23:49.487 [main] DEBUG liquibase.util - Computed checksum for insert:[
    columns=[
        [
            name="gym_id"
            valueComputed="(SELECT id FROM gyms WHERE name = 'StrongBody_TEST')"
        ],
        [
            name="day_of_week"
            value="TUESDAY"
        ],
        [
            name="start_time"
            value="07:00:00"
        ],
        [
            name="end_time"
            value="22:00:00"
        ]
    ]
    tableName="gym_working_hours"
] as dc696c063f339e0b37f8ad038440ad00
2025-08-01 19:23:49.488 [main] DEBUG liquibase.util - Computed checksum for insert:[
    columns=[
        [
            name="gym_id"
            valueComputed="(SELECT id FROM gyms WHERE name = 'StrongBody_TEST')"
        ],
        [
            name="day_of_week"
            value="WEDNESDAY"
        ],
        [
            name="start_time"
            value="07:00:00"
        ],
        [
            name="end_time"
            value="22:00:00"
        ]
    ]
    tableName="gym_working_hours"
] as e2c6a6d1941fc2e01d41b1d9848894a1
2025-08-01 19:23:49.489 [main] DEBUG liquibase.util - Computed checksum for insert:[
    columns=[
        [
            name="gym_id"
            valueComputed="(SELECT id FROM gyms WHERE name = 'StrongBody_TEST')"
        ],
        [
            name="day_of_week"
            value="THURSDAY"
        ],
        [
            name="start_time"
            value="07:00:00"
        ],
        [
            name="end_time"
            value="22:00:00"
        ]
    ]
    tableName="gym_working_hours"
] as 3336aa01d7a18527f627cf3a86d5d03c
2025-08-01 19:23:49.490 [main] DEBUG liquibase.util - Computed checksum for insert:[
    columns=[
        [
            name="gym_id"
            valueComputed="(SELECT id FROM gyms WHERE name = 'StrongBody_TEST')"
        ],
        [
            name="day_of_week"
            value="FRIDAY"
        ],
        [
            name="start_time"
            value="07:00:00"
        ],
        [
            name="end_time"
            value="22:00:00"
        ]
    ]
    tableName="gym_working_hours"
] as 23f75e170e665544ed5877832f0f82f0
2025-08-01 19:23:49.491 [main] DEBUG liquibase.util - Computed checksum for insert:[
    columns=[
        [
            name="gym_id"
            valueComputed="(SELECT id FROM gyms WHERE name = 'StrongBody_TEST')"
        ],
        [
            name="day_of_week"
            value="SATURDAY"
        ],
        [
            name="start_time"
            value="09:00:00"
        ],
        [
            name="end_time"
            value="18:00:00"
        ]
    ]
    tableName="gym_working_hours"
] as b2578eb066447df75eaddfbe69230296
2025-08-01 19:23:49.492 [main] DEBUG liquibase.util - Computed checksum for insert:[
    columns=[
        [
            name="gym_id"
            valueComputed="(SELECT id FROM gyms WHERE name = 'StrongBody_TEST')"
        ],
        [
            name="day_of_week"
            value="SUNDAY"
        ],
        [
            name="start_time"
            value="09:00:00"
        ],
        [
            name="end_time"
            value="16:00:00"
        ]
    ]
    tableName="gym_working_hours"
] as f3333d5b4b54a5408b0e733d36db7451
2025-08-01 19:23:49.492 [main] DEBUG liquibase.util - Computed checksum for insert:[
    columns=[
        [
            name="gym_id"
            valueComputed="(SELECT id FROM gyms WHERE name = 'StrongBody_TEST')"
        ],
        [
            name="sport_id"
            value="3"
        ]
    ]
    tableName="sports_gyms"
] as b7897eb5898708ff779dce15c75dbbe1
2025-08-01 19:23:49.493 [main] DEBUG liquibase.util - Computed checksum for insert:[
    columns=[
        [
            name="gym_id"
            valueComputed="(SELECT id FROM gyms WHERE name = 'StrongBody_TEST')"
        ],
        [
            name="sport_id"
            value="1"
        ]
    ]
    tableName="sports_gyms"
] as 87fe014fc527f50e1e8379d7bddbaea9
2025-08-01 19:23:49.494 [main] DEBUG liquibase.util - Computed checksum for insert:[
    columns=[
        [
            name="country"
            value="Україна"
        ],
        [
            name="city"
            value="Львів"
        ],
        [
            name="street"
            value="вул. Городоцька"
        ],
        [
            name="house"
            value="17"
        ],
        [
            name="is_deleted"
            value="false"
        ]
    ]
    tableName="addresses"
] as 1904447d7b851e519fa45160330725b8
2025-08-01 19:23:49.495 [main] DEBUG liquibase.util - Computed checksum for insert:[
    columns=[
        [
            name="name"
            value="FitZone_TEST"
        ],
        [
            name="address_id"
            valueComputed="(SELECT id FROM addresses WHERE country = 'Україна' AND city = 'Львів' AND street = 'вул. Городоцька' AND house = '17')"
        ],
        [
            name="description"
            value="Просторий фітнес-центр з зонами для групових тренувань."
        ],
        [
            name="website"
            value="http://fitzone.l... [truncated in log] as f2e14af4ebd0b0699a69c73587d3b45e
2025-08-01 19:23:49.496 [main] DEBUG liquibase.util - Computed checksum for insert:[
    columns=[
        [
            name="gym_id"
            valueComputed="(SELECT id FROM gyms WHERE name = 'FitZone_TEST')"
        ],
        [
            name="phone_numbers"
            value="+38(032)-222-3344"
        ]
    ]
    tableName="gym_phone_numbers"
] as 7a44c4e1168588bc2efed261c38b2a46
2025-08-01 19:23:49.497 [main] DEBUG liquibase.util - Computed checksum for insert:[
    columns=[
        [
            name="gym_id"
            valueComputed="(SELECT id FROM gyms WHERE name = 'FitZone_TEST')"
        ],
        [
            name="day_of_week"
            value="MONDAY"
        ],
        [
            name="start_time"
            value="08:00:00"
        ],
        [
            name="end_time"
            value="21:00:00"
        ]
    ]
    tableName="gym_working_hours"
] as 0bab65249fca8bec2dc55c5e263fc59c
2025-08-01 19:23:49.497 [main] DEBUG liquibase.util - Computed checksum for insert:[
    columns=[
        [
            name="gym_id"
            valueComputed="(SELECT id FROM gyms WHERE name = 'FitZone_TEST')"
        ],
        [
            name="day_of_week"
            value="TUESDAY"
        ],
        [
            name="start_time"
            value="08:00:00"
        ],
        [
            name="end_time"
            value="21:00:00"
        ]
    ]
    tableName="gym_working_hours"
] as 9e2be34af71f2d3e189b317b75490841
2025-08-01 19:23:49.498 [main] DEBUG liquibase.util - Computed checksum for insert:[
    columns=[
        [
            name="gym_id"
            valueComputed="(SELECT id FROM gyms WHERE name = 'FitZone_TEST')"
        ],
        [
            name="day_of_week"
            value="WEDNESDAY"
        ],
        [
            name="start_time"
            value="08:00:00"
        ],
        [
            name="end_time"
            value="21:00:00"
        ]
    ]
    tableName="gym_working_hours"
] as ede8a4a3343c5bdb0c35a198db6e437e
2025-08-01 19:23:49.498 [main] DEBUG liquibase.util - Computed checksum for insert:[
    columns=[
        [
            name="gym_id"
            valueComputed="(SELECT id FROM gyms WHERE name = 'FitZone_TEST')"
        ],
        [
            name="day_of_week"
            value="THURSDAY"
        ],
        [
            name="start_time"
            value="08:00:00"
        ],
        [
            name="end_time"
            value="21:00:00"
        ]
    ]
    tableName="gym_working_hours"
] as 58a6f4c5f3dca4eb5fd5e2b92f3b90f0
2025-08-01 19:23:49.499 [main] DEBUG liquibase.util - Computed checksum for insert:[
    columns=[
        [
            name="gym_id"
            valueComputed="(SELECT id FROM gyms WHERE name = 'FitZone_TEST')"
        ],
        [
            name="day_of_week"
            value="FRIDAY"
        ],
        [
            name="start_time"
            value="08:00:00"
        ],
        [
            name="end_time"
            value="21:00:00"
        ]
    ]
    tableName="gym_working_hours"
] as fd8c4582f5bbe38d18da68cbeda3ceea
2025-08-01 19:23:49.499 [main] DEBUG liquibase.util - Computed checksum for insert:[
    columns=[
        [
            name="gym_id"
            valueComputed="(SELECT id FROM gyms WHERE name = 'FitZone_TEST')"
        ],
        [
            name="day_of_week"
            value="SATURDAY"
        ],
        [
            name="start_time"
            value="10:00:00"
        ],
        [
            name="end_time"
            value="17:00:00"
        ]
    ]
    tableName="gym_working_hours"
] as ecf6da0cf50db3524defe41071744449
2025-08-01 19:23:49.500 [main] DEBUG liquibase.util - Computed checksum for insert:[
    columns=[
        [
            name="gym_id"
            valueComputed="(SELECT id FROM gyms WHERE name = 'FitZone_TEST')"
        ],
        [
            name="sport_id"
            value="7"
        ]
    ]
    tableName="sports_gyms"
] as 6f7d1438af2b7019de9da57fd7df9d44
2025-08-01 19:23:49.501 [main] DEBUG liquibase.util - Computed checksum for insert:[
    columns=[
        [
            name="gym_id"
            valueComputed="(SELECT id FROM gyms WHERE name = 'FitZone_TEST')"
        ],
        [
            name="sport_id"
            value="13"
        ]
    ]
    tableName="sports_gyms"
] as 87bbd099f660cae0e764a75e4a9e8e51
2025-08-01 19:23:49.506 [main] DEBUG liquibase.util - Computed checksum for insert:[
    columns=[
        [
            name="gym_id"
            valueComputed="(SELECT id FROM gyms WHERE name = 'FitZone_TEST')"
        ],
        [
            name="sport_id"
            value="1"
        ]
    ]
    tableName="sports_gyms"
] as b3258160a2da867cab3fb7c2fff8685d
2025-08-01 19:23:49.508 [main] DEBUG liquibase.util - Computed checksum for insert:[
    columns=[
        [
            name="country"
            value="Україна"
        ],
        [
            name="city"
            value="Одеса"
        ],
        [
            name="street"
            value="вул. Катерининська"
        ],
        [
            name="house"
            value="20"
        ],
        [
            name="is_deleted"
            value="false"
        ]
    ]
    tableName="addresses"
] as a886b7a6bde59aafc5d26f305008b40d
2025-08-01 19:23:49.510 [main] DEBUG liquibase.util - Computed checksum for insert:[
    columns=[
        [
            name="name"
            value="Dynamo_TEST"
        ],
        [
            name="address_id"
            valueComputed="(SELECT id FROM addresses WHERE country = 'Україна' AND city = 'Одеса' AND street = 'вул. Катерининська' AND house = '20')"
        ],
        [
            name="description"
            value="Класичний спортивний клуб з басейном та сауною."
        ],
        [
            name="website"
            value="http://dynamo.od.ua"
 ... [truncated in log] as 12e125cb99179e7a89e73b2841ebc08b
2025-08-01 19:23:49.511 [main] DEBUG liquibase.util - Computed checksum for insert:[
    columns=[
        [
            name="gym_id"
            valueComputed="(SELECT id FROM gyms WHERE name = 'Dynamo_TEST')"
        ],
        [
            name="phone_numbers"
            value="+38(048)-333-4455"
        ]
    ]
    tableName="gym_phone_numbers"
] as b6caa5ec433522920b57749d76661096
2025-08-01 19:23:49.511 [main] DEBUG liquibase.util - Computed checksum for insert:[
    columns=[
        [
            name="gym_id"
            valueComputed="(SELECT id FROM gyms WHERE name = 'Dynamo_TEST')"
        ],
        [
            name="day_of_week"
            value="MONDAY"
        ],
        [
            name="start_time"
            value="06:00:00"
        ],
        [
            name="end_time"
            value="23:00:00"
        ]
    ]
    tableName="gym_working_hours"
] as b6e87d8e96d078ccab18203023a36ec7
2025-08-01 19:23:49.512 [main] DEBUG liquibase.util - Computed checksum for insert:[
    columns=[
        [
            name="gym_id"
            valueComputed="(SELECT id FROM gyms WHERE name = 'Dynamo_TEST')"
        ],
        [
            name="day_of_week"
            value="TUESDAY"
        ],
        [
            name="start_time"
            value="06:00:00"
        ],
        [
            name="end_time"
            value="23:00:00"
        ]
    ]
    tableName="gym_working_hours"
] as de59218f70f5fb295b1c90985b7f0f44
2025-08-01 19:23:49.513 [main] DEBUG liquibase.util - Computed checksum for insert:[
    columns=[
        [
            name="gym_id"
            valueComputed="(SELECT id FROM gyms WHERE name = 'Dynamo_TEST')"
        ],
        [
            name="day_of_week"
            value="WEDNESDAY"
        ],
        [
            name="start_time"
            value="06:00:00"
        ],
        [
            name="end_time"
            value="23:00:00"
        ]
    ]
    tableName="gym_working_hours"
] as 9dee3aa84b661e86ad655d67aa064b33
2025-08-01 19:23:49.514 [main] DEBUG liquibase.util - Computed checksum for insert:[
    columns=[
        [
            name="gym_id"
            valueComputed="(SELECT id FROM gyms WHERE name = 'Dynamo_TEST')"
        ],
        [
            name="day_of_week"
            value="THURSDAY"
        ],
        [
            name="start_time"
            value="06:00:00"
        ],
        [
            name="end_time"
            value="23:00:00"
        ]
    ]
    tableName="gym_working_hours"
] as ec14ef8865263b86807d65a440266bf2
2025-08-01 19:23:49.515 [main] DEBUG liquibase.util - Computed checksum for insert:[
    columns=[
        [
            name="gym_id"
            valueComputed="(SELECT id FROM gyms WHERE name = 'Dynamo_TEST')"
        ],
        [
            name="day_of_week"
            value="FRIDAY"
        ],
        [
            name="start_time"
            value="06:00:00"
        ],
        [
            name="end_time"
            value="23:00:00"
        ]
    ]
    tableName="gym_working_hours"
] as 0331175adffb3d4dcfe1d68546d4f548
2025-08-01 19:23:49.516 [main] DEBUG liquibase.util - Computed checksum for insert:[
    columns=[
        [
            name="gym_id"
            valueComputed="(SELECT id FROM gyms WHERE name = 'Dynamo_TEST')"
        ],
        [
            name="day_of_week"
            value="SATURDAY"
        ],
        [
            name="start_time"
            value="08:00:00"
        ],
        [
            name="end_time"
            value="20:00:00"
        ]
    ]
    tableName="gym_working_hours"
] as 710ef1519e1b7b1f4bf64b9d7f46cb9c
2025-08-01 19:23:49.518 [main] DEBUG liquibase.util - Computed checksum for insert:[
    columns=[
        [
            name="gym_id"
            valueComputed="(SELECT id FROM gyms WHERE name = 'Dynamo_TEST')"
        ],
        [
            name="day_of_week"
            value="SUNDAY"
        ],
        [
            name="start_time"
            value="08:00:00"
        ],
        [
            name="end_time"
            value="18:00:00"
        ]
    ]
    tableName="gym_working_hours"
] as fe64c3bd00cbb11d0ff1ec9d5dc78809
2025-08-01 19:23:49.518 [main] DEBUG liquibase.util - Computed checksum for insert:[
    columns=[
        [
            name="gym_id"
            valueComputed="(SELECT id FROM gyms WHERE name = 'Dynamo_TEST')"
        ],
        [
            name="sport_id"
            value="2"
        ]
    ]
    tableName="sports_gyms"
] as 7d9fd06d5aebd1d7fb6c412eec608c0e
2025-08-01 19:23:49.519 [main] DEBUG liquibase.util - Computed checksum for insert:[
    columns=[
        [
            name="gym_id"
            valueComputed="(SELECT id FROM gyms WHERE name = 'Dynamo_TEST')"
        ],
        [
            name="sport_id"
            value="12"
        ]
    ]
    tableName="sports_gyms"
] as bbd9a9aef4b0b0462e211d00334a3886
2025-08-01 19:23:49.520 [main] DEBUG liquibase.util - Computed checksum for insert:[
    columns=[
        [
            name="gym_id"
            valueComputed="(SELECT id FROM gyms WHERE name = 'Dynamo_TEST')"
        ],
        [
            name="sport_id"
            value="1"
        ]
    ]
    tableName="sports_gyms"
] as 9f5012badfbfd9fe0fe97e50f8e9f07a
2025-08-01 19:23:49.521 [main] DEBUG liquibase.util - Computed checksum for insert:[
    columns=[
        [
            name="country"
            value="Україна"
        ],
        [
            name="city"
            value="Харків"
        ],
        [
            name="street"
            value="просп. Науки"
        ],
        [
            name="house"
            value="9"
        ],
        [
            name="is_deleted"
            value="false"
        ]
    ]
    tableName="addresses"
] as faac327685d870ec67bd2406acea346f
2025-08-01 19:23:49.523 [main] DEBUG liquibase.util - Computed checksum for insert:[
    columns=[
        [
            name="name"
            value="SportLife_TEST"
        ],
        [
            name="address_id"
            valueComputed="(SELECT id FROM addresses WHERE country = 'Україна' AND city = 'Харків' AND street = 'просп. Науки' AND house = '9')"
        ],
        [
            name="description"
            value="Велика мережа фітнес-клубів з басейном та спа."
        ],
        [
            name="website"
            value="http://sportlife.ua"
     ... [truncated in log] as b1c6c42c0f25a9d88f361887a253ea48
2025-08-01 19:23:49.525 [main] DEBUG liquibase.util - Computed checksum for insert:[
    columns=[
        [
            name="gym_id"
            valueComputed="(SELECT id FROM gyms WHERE name = 'SportLife_TEST')"
        ],
        [
            name="phone_numbers"
            value="+38(057)-444-5566"
        ]
    ]
    tableName="gym_phone_numbers"
] as e7510a4e1cb33f0dd5d262e98e70f8f8
2025-08-01 19:23:49.527 [main] DEBUG liquibase.util - Computed checksum for insert:[
    columns=[
        [
            name="gym_id"
            valueComputed="(SELECT id FROM gyms WHERE name = 'SportLife_TEST')"
        ],
        [
            name="day_of_week"
            value="MONDAY"
        ],
        [
            name="start_time"
            value="07:00:00"
        ],
        [
            name="end_time"
            value="22:00:00"
        ]
    ]
    tableName="gym_working_hours"
] as 4369b55d3eab1ac1d5597029c3e5e877
2025-08-01 19:23:49.530 [main] DEBUG liquibase.util - Computed checksum for insert:[
    columns=[
        [
            name="gym_id"
            valueComputed="(SELECT id FROM gyms WHERE name = 'SportLife_TEST')"
        ],
        [
            name="day_of_week"
            value="TUESDAY"
        ],
        [
            name="start_time"
            value="07:00:00"
        ],
        [
            name="end_time"
            value="22:00:00"
        ]
    ]
    tableName="gym_working_hours"
] as 0edc8019bf9ae1d523e570663853e388
2025-08-01 19:23:49.532 [main] DEBUG liquibase.util - Computed checksum for insert:[
    columns=[
        [
            name="gym_id"
            valueComputed="(SELECT id FROM gyms WHERE name = 'SportLife_TEST')"
        ],
        [
            name="day_of_week"
            value="WEDNESDAY"
        ],
        [
            name="start_time"
            value="07:00:00"
        ],
        [
            name="end_time"
            value="22:00:00"
        ]
    ]
    tableName="gym_working_hours"
] as b10b239453dc07d5f46cc2c8f6c978da
2025-08-01 19:23:49.533 [main] DEBUG liquibase.util - Computed checksum for insert:[
    columns=[
        [
            name="gym_id"
            valueComputed="(SELECT id FROM gyms WHERE name = 'SportLife_TEST')"
        ],
        [
            name="day_of_week"
            value="THURSDAY"
        ],
        [
            name="start_time"
            value="07:00:00"
        ],
        [
            name="end_time"
            value="22:00:00"
        ]
    ]
    tableName="gym_working_hours"
] as 09854321df3d56492ae4251a4811300c
2025-08-01 19:23:49.534 [main] DEBUG liquibase.util - Computed checksum for insert:[
    columns=[
        [
            name="gym_id"
            valueComputed="(SELECT id FROM gyms WHERE name = 'SportLife_TEST')"
        ],
        [
            name="day_of_week"
            value="FRIDAY"
        ],
        [
            name="start_time"
            value="07:00:00"
        ],
        [
            name="end_time"
            value="22:00:00"
        ]
    ]
    tableName="gym_working_hours"
] as d36a727c6bc9cdcb3bc8da3b882d89a8
2025-08-01 19:23:49.535 [main] DEBUG liquibase.util - Computed checksum for insert:[
    columns=[
        [
            name="gym_id"
            valueComputed="(SELECT id FROM gyms WHERE name = 'SportLife_TEST')"
        ],
        [
            name="day_of_week"
            value="SATURDAY"
        ],
        [
            name="start_time"
            value="09:00:00"
        ],
        [
            name="end_time"
            value="18:00:00"
        ]
    ]
    tableName="gym_working_hours"
] as 7f69e2d84a04b2a48d781a31824d1cba
2025-08-01 19:23:49.536 [main] DEBUG liquibase.util - Computed checksum for insert:[
    columns=[
        [
            name="gym_id"
            valueComputed="(SELECT id FROM gyms WHERE name = 'SportLife_TEST')"
        ],
        [
            name="day_of_week"
            value="SUNDAY"
        ],
        [
            name="start_time"
            value="09:00:00"
        ],
        [
            name="end_time"
            value="16:00:00"
        ]
    ]
    tableName="gym_working_hours"
] as 8ee93f47c13a3749dccb6748d0eef10a
2025-08-01 19:23:49.537 [main] DEBUG liquibase.util - Computed checksum for insert:[
    columns=[
        [
            name="gym_id"
            valueComputed="(SELECT id FROM gyms WHERE name = 'SportLife_TEST')"
        ],
        [
            name="sport_id"
            value="6"
        ]
    ]
    tableName="sports_gyms"
] as 25784dddc04580e07455859cadab9b7a
2025-08-01 19:23:49.538 [main] DEBUG liquibase.util - Computed checksum for insert:[
    columns=[
        [
            name="gym_id"
            valueComputed="(SELECT id FROM gyms WHERE name = 'SportLife_TEST')"
        ],
        [
            name="sport_id"
            value="16"
        ]
    ]
    tableName="sports_gyms"
] as 10b11ca1c5e8d207510c7e150c4a25ee
2025-08-01 19:23:49.539 [main] DEBUG liquibase.util - Computed checksum for insert:[
    columns=[
        [
            name="gym_id"
            valueComputed="(SELECT id FROM gyms WHERE name = 'SportLife_TEST')"
        ],
        [
            name="sport_id"
            value="1"
        ]
    ]
    tableName="sports_gyms"
] as a23984346ad5265ceb897126434f54b0
2025-08-01 19:23:49.540 [main] DEBUG liquibase.util - Computed checksum for insert:[
    columns=[
        [
            name="country"
            value="Україна"
        ],
        [
            name="city"
            value="Дніпро"
        ],
        [
            name="street"
            value="просп. Дмитра Яворницького"
        ],
        [
            name="house"
            value="8"
        ],
        [
            name="is_deleted"
            value="false"
        ]
    ]
    tableName="addresses"
] as 45fedd292e83719824da1f0cc464ef7f
2025-08-01 19:23:49.541 [main] DEBUG liquibase.util - Computed checksum for insert:[
    columns=[
        [
            name="name"
            value="Атлант_TEST"
        ],
        [
            name="address_id"
            valueComputed="(SELECT id FROM addresses WHERE country = 'Україна' AND city = 'Дніпро' AND street = 'просп. Дмитра Яворницького' AND house = '8')"
        ],
        [
            name="description"
            value="Тренажерний зал для силових видів спорту."
        ],
        [
            name="website"
            value="http://atlant.dp.ua"... [truncated in log] as 93a725534042575ad5f69afd785945ac
2025-08-01 19:23:49.542 [main] DEBUG liquibase.util - Computed checksum for insert:[
    columns=[
        [
            name="gym_id"
            valueComputed="(SELECT id FROM gyms WHERE name = 'Атлант_TEST')"
        ],
        [
            name="phone_numbers"
            value="+38(056)-555-6677"
        ]
    ]
    tableName="gym_phone_numbers"
] as 1f6ce2e3592e5a2ffa19ca9d0188db2a
2025-08-01 19:23:49.543 [main] DEBUG liquibase.util - Computed checksum for insert:[
    columns=[
        [
            name="gym_id"
            valueComputed="(SELECT id FROM gyms WHERE name = 'Атлант_TEST')"
        ],
        [
            name="day_of_week"
            value="MONDAY"
        ],
        [
            name="start_time"
            value="08:00:00"
        ],
        [
            name="end_time"
            value="20:00:00"
        ]
    ]
    tableName="gym_working_hours"
] as 55e9294f9c90d56411faba0c340b9d8e
2025-08-01 19:23:49.544 [main] DEBUG liquibase.util - Computed checksum for insert:[
    columns=[
        [
            name="gym_id"
            valueComputed="(SELECT id FROM gyms WHERE name = 'Атлант_TEST')"
        ],
        [
            name="day_of_week"
            value="TUESDAY"
        ],
        [
            name="start_time"
            value="08:00:00"
        ],
        [
            name="end_time"
            value="20:00:00"
        ]
    ]
    tableName="gym_working_hours"
] as d5421612c9f9cdb8984ab967c8d2201d
2025-08-01 19:23:49.545 [main] DEBUG liquibase.util - Computed checksum for insert:[
    columns=[
        [
            name="gym_id"
            valueComputed="(SELECT id FROM gyms WHERE name = 'Атлант_TEST')"
        ],
        [
            name="day_of_week"
            value="WEDNESDAY"
        ],
        [
            name="start_time"
            value="08:00:00"
        ],
        [
            name="end_time"
            value="20:00:00"
        ]
    ]
    tableName="gym_working_hours"
] as 1bda38ca77546c027f7fdf124a7bc1b6
2025-08-01 19:23:49.545 [main] DEBUG liquibase.util - Computed checksum for insert:[
    columns=[
        [
            name="gym_id"
            valueComputed="(SELECT id FROM gyms WHERE name = 'Атлант_TEST')"
        ],
        [
            name="day_of_week"
            value="THURSDAY"
        ],
        [
            name="start_time"
            value="08:00:00"
        ],
        [
            name="end_time"
            value="20:00:00"
        ]
    ]
    tableName="gym_working_hours"
] as 174516c28a42d35326ae0b8262f7f5dd
2025-08-01 19:23:49.546 [main] DEBUG liquibase.util - Computed checksum for insert:[
    columns=[
        [
            name="gym_id"
            valueComputed="(SELECT id FROM gyms WHERE name = 'Атлант_TEST')"
        ],
        [
            name="day_of_week"
            value="FRIDAY"
        ],
        [
            name="start_time"
            value="08:00:00"
        ],
        [
            name="end_time"
            value="20:00:00"
        ]
    ]
    tableName="gym_working_hours"
] as 3d53c09dac6e20d1948ad1a65215f639
2025-08-01 19:23:49.547 [main] DEBUG liquibase.util - Computed checksum for insert:[
    columns=[
        [
            name="gym_id"
            valueComputed="(SELECT id FROM gyms WHERE name = 'Атлант_TEST')"
        ],
        [
            name="day_of_week"
            value="SATURDAY"
        ],
        [
            name="start_time"
            value="09:00:00"
        ],
        [
            name="end_time"
            value="15:00:00"
        ]
    ]
    tableName="gym_working_hours"
] as 80d7d2339b86a1029e14782b53d54c80
2025-08-01 19:23:49.548 [main] DEBUG liquibase.util - Computed checksum for insert:[
    columns=[
        [
            name="gym_id"
            valueComputed="(SELECT id FROM gyms WHERE name = 'Атлант_TEST')"
        ],
        [
            name="sport_id"
            value="5"
        ]
    ]
    tableName="sports_gyms"
] as 197726bee304e61cb39d6ad7b4917691
2025-08-01 19:23:49.549 [main] DEBUG liquibase.util - Computed checksum for insert:[
    columns=[
        [
            name="gym_id"
            valueComputed="(SELECT id FROM gyms WHERE name = 'Атлант_TEST')"
        ],
        [
            name="sport_id"
            value="17"
        ]
    ]
    tableName="sports_gyms"
] as 229cf4a6763ea67c0b6a919fd9db1260
2025-08-01 19:23:49.550 [main] DEBUG liquibase.util - Computed checksum for insert:[
    columns=[
        [
            name="gym_id"
            valueComputed="(SELECT id FROM gyms WHERE name = 'Атлант_TEST')"
        ],
        [
            name="sport_id"
            value="1"
        ]
    ]
    tableName="sports_gyms"
] as 405d5fbc65e494b8f58e9acb0053a8fa
2025-08-01 19:23:49.551 [main] DEBUG liquibase.util - Computed checksum for insert:[
    columns=[
        [
            name="country"
            value="Україна"
        ],
        [
            name="city"
            value="Запоріжжя"
        ],
        [
            name="street"
            value="вул. Незалежної України"
        ],
        [
            name="house"
            value="72"
        ],
        [
            name="is_deleted"
            value="false"
        ]
    ]
    tableName="addresses"
] as 02ee1e41ca412ef30f7ebd72fb4c5e9b
2025-08-01 19:23:49.552 [main] DEBUG liquibase.util - Computed checksum for insert:[
    columns=[
        [
            name="name"
            value="Maximus_TEST"
        ],
        [
            name="address_id"
            valueComputed="(SELECT id FROM addresses WHERE country = 'Україна' AND city = 'Запоріжжя' AND street = 'вул. Незалежної України' AND house = '72')"
        ],
        [
            name="description"
            value="Фітнес-клуб з великим вибором групових програм."
        ],
        [
            name="website"
            value="http://maxim... [truncated in log] as 180227bed642a624dec16ba73f1c5303
2025-08-01 19:23:49.553 [main] DEBUG liquibase.util - Computed checksum for insert:[
    columns=[
        [
            name="gym_id"
            valueComputed="(SELECT id FROM gyms WHERE name = 'Maximus_TEST')"
        ],
        [
            name="phone_numbers"
            value="+38(061)-666-7788"
        ]
    ]
    tableName="gym_phone_numbers"
] as 70fbb919165cf247bd5da41770e2223d
2025-08-01 19:23:49.554 [main] DEBUG liquibase.util - Computed checksum for insert:[
    columns=[
        [
            name="gym_id"
            valueComputed="(SELECT id FROM gyms WHERE name = 'Maximus_TEST')"
        ],
        [
            name="day_of_week"
            value="MONDAY"
        ],
        [
            name="start_time"
            value="07:30:00"
        ],
        [
            name="end_time"
            value="21:30:00"
        ]
    ]
    tableName="gym_working_hours"
] as 353cd5da6a98e9dea521478be2f7ae7e
2025-08-01 19:23:49.555 [main] DEBUG liquibase.util - Computed checksum for insert:[
    columns=[
        [
            name="gym_id"
            valueComputed="(SELECT id FROM gyms WHERE name = 'Maximus_TEST')"
        ],
        [
            name="day_of_week"
            value="TUESDAY"
        ],
        [
            name="start_time"
            value="07:30:00"
        ],
        [
            name="end_time"
            value="21:30:00"
        ]
    ]
    tableName="gym_working_hours"
] as f4d8271629e835cb7866af29881749fc
2025-08-01 19:23:49.556 [main] DEBUG liquibase.util - Computed checksum for insert:[
    columns=[
        [
            name="gym_id"
            valueComputed="(SELECT id FROM gyms WHERE name = 'Maximus_TEST')"
        ],
        [
            name="day_of_week"
            value="WEDNESDAY"
        ],
        [
            name="start_time"
            value="07:30:00"
        ],
        [
            name="end_time"
            value="21:30:00"
        ]
    ]
    tableName="gym_working_hours"
] as 141b681904b0f97092f8089d857ffd9e
2025-08-01 19:23:49.557 [main] DEBUG liquibase.util - Computed checksum for insert:[
    columns=[
        [
            name="gym_id"
            valueComputed="(SELECT id FROM gyms WHERE name = 'Maximus_TEST')"
        ],
        [
            name="day_of_week"
            value="THURSDAY"
        ],
        [
            name="start_time"
            value="07:30:00"
        ],
        [
            name="end_time"
            value="21:30:00"
        ]
    ]
    tableName="gym_working_hours"
] as 565c2f6d4af785a308b9aa5608afbf25
2025-08-01 19:23:49.558 [main] DEBUG liquibase.util - Computed checksum for insert:[
    columns=[
        [
            name="gym_id"
            valueComputed="(SELECT id FROM gyms WHERE name = 'Maximus_TEST')"
        ],
        [
            name="day_of_week"
            value="FRIDAY"
        ],
        [
            name="start_time"
            value="07:30:00"
        ],
        [
            name="end_time"
            value="21:30:00"
        ]
    ]
    tableName="gym_working_hours"
] as 498f970c81e46ffa848455e7d87749ba
2025-08-01 19:23:49.559 [main] DEBUG liquibase.util - Computed checksum for insert:[
    columns=[
        [
            name="gym_id"
            valueComputed="(SELECT id FROM gyms WHERE name = 'Maximus_TEST')"
        ],
        [
            name="day_of_week"
            value="SUNDAY"
        ],
        [
            name="start_time"
            value="10:00:00"
        ],
        [
            name="end_time"
            value="15:00:00"
        ]
    ]
    tableName="gym_working_hours"
] as 9a77fa999025b3f8dda99e3dd715b691
2025-08-01 19:23:49.560 [main] DEBUG liquibase.util - Computed checksum for insert:[
    columns=[
        [
            name="gym_id"
            valueComputed="(SELECT id FROM gyms WHERE name = 'Maximus_TEST')"
        ],
        [
            name="sport_id"
            value="14"
        ]
    ]
    tableName="sports_gyms"
] as 32d2b5edcf2fa63c89ca91fff218bc6f
2025-08-01 19:23:49.561 [main] DEBUG liquibase.util - Computed checksum for insert:[
    columns=[
        [
            name="gym_id"
            valueComputed="(SELECT id FROM gyms WHERE name = 'Maximus_TEST')"
        ],
        [
            name="sport_id"
            value="1"
        ]
    ]
    tableName="sports_gyms"
] as 06da56d1e59529422e0d5b5fa9ebf052
2025-08-01 19:23:49.562 [main] DEBUG liquibase.util - Computed checksum for insert:[
    columns=[
        [
            name="country"
            value="Україна"
        ],
        [
            name="city"
            value="Вінниця"
        ],
        [
            name="street"
            value="вул. Пирогова"
        ],
        [
            name="house"
            value="30"
        ],
        [
            name="is_deleted"
            value="false"
        ]
    ]
    tableName="addresses"
] as 8ee95ed762938b3f6e024aaea702fc8b
2025-08-01 19:23:49.563 [main] DEBUG liquibase.util - Computed checksum for insert:[
    columns=[
        [
            name="name"
            value="GrandFitness_TEST"
        ],
        [
            name="address_id"
            valueComputed="(SELECT id FROM addresses WHERE country = 'Україна' AND city = 'Вінниця' AND street = 'вул. Пирогова' AND house = '30')"
        ],
        [
            name="description"
            value="Елітний фітнес-центр з преміум обладнанням."
        ],
        [
            name="website"
            value="http://grandfitness.vn.... [truncated in log] as 3aaed1a4c0852ff0f979b113c32dff3f
2025-08-01 19:23:49.564 [main] DEBUG liquibase.util - Computed checksum for insert:[
    columns=[
        [
            name="gym_id"
            valueComputed="(SELECT id FROM gyms WHERE name = 'GrandFitness_TEST')"
        ],
        [
            name="phone_numbers"
            value="+38(043)-777-8899"
        ]
    ]
    tableName="gym_phone_numbers"
] as 25d4be338be9c630ddf4067a3245271e
2025-08-01 19:23:49.565 [main] DEBUG liquibase.util - Computed checksum for insert:[
    columns=[
        [
            name="gym_id"
            valueComputed="(SELECT id FROM gyms WHERE name = 'GrandFitness_TEST')"
        ],
        [
            name="day_of_week"
            value="MONDAY"
        ],
        [
            name="start_time"
            value="07:00:00"
        ],
        [
            name="end_time"
            value="22:00:00"
        ]
    ]
    tableName="gym_working_hours"
] as d08bb74b436d827cdba51232d073fafb
2025-08-01 19:23:49.566 [main] DEBUG liquibase.util - Computed checksum for insert:[
    columns=[
        [
            name="gym_id"
            valueComputed="(SELECT id FROM gyms WHERE name = 'GrandFitness_TEST')"
        ],
        [
            name="day_of_week"
            value="TUESDAY"
        ],
        [
            name="start_time"
            value="07:00:00"
        ],
        [
            name="end_time"
            value="22:00:00"
        ]
    ]
    tableName="gym_working_hours"
] as 9827db10f84d8c6c2ffc4487836e8df1
2025-08-01 19:23:49.567 [main] DEBUG liquibase.util - Computed checksum for insert:[
    columns=[
        [
            name="gym_id"
            valueComputed="(SELECT id FROM gyms WHERE name = 'GrandFitness_TEST')"
        ],
        [
            name="day_of_week"
            value="WEDNESDAY"
        ],
        [
            name="start_time"
            value="07:00:00"
        ],
        [
            name="end_time"
            value="22:00:00"
        ]
    ]
    tableName="gym_working_hours"
] as 184eda2f2197332a273da802bce2a467
2025-08-01 19:23:49.568 [main] DEBUG liquibase.util - Computed checksum for insert:[
    columns=[
        [
            name="gym_id"
            valueComputed="(SELECT id FROM gyms WHERE name = 'GrandFitness_TEST')"
        ],
        [
            name="day_of_week"
            value="THURSDAY"
        ],
        [
            name="start_time"
            value="07:00:00"
        ],
        [
            name="end_time"
            value="22:00:00"
        ]
    ]
    tableName="gym_working_hours"
] as e00b7647cd24924e067bd190bd89f2b6
2025-08-01 19:23:49.569 [main] DEBUG liquibase.util - Computed checksum for insert:[
    columns=[
        [
            name="gym_id"
            valueComputed="(SELECT id FROM gyms WHERE name = 'GrandFitness_TEST')"
        ],
        [
            name="day_of_week"
            value="FRIDAY"
        ],
        [
            name="start_time"
            value="07:00:00"
        ],
        [
            name="end_time"
            value="22:00:00"
        ]
    ]
    tableName="gym_working_hours"
] as b5ed1e3604668b467cc3781d89a810a5
2025-08-01 19:23:49.570 [main] DEBUG liquibase.util - Computed checksum for insert:[
    columns=[
        [
            name="gym_id"
            valueComputed="(SELECT id FROM gyms WHERE name = 'GrandFitness_TEST')"
        ],
        [
            name="day_of_week"
            value="SATURDAY"
        ],
        [
            name="start_time"
            value="09:00:00"
        ],
        [
            name="end_time"
            value="19:00:00"
        ]
    ]
    tableName="gym_working_hours"
] as 906834ef981387f5326468fe67a9a228
2025-08-01 19:23:49.571 [main] DEBUG liquibase.util - Computed checksum for insert:[
    columns=[
        [
            name="gym_id"
            valueComputed="(SELECT id FROM gyms WHERE name = 'GrandFitness_TEST')"
        ],
        [
            name="day_of_week"
            value="SUNDAY"
        ],
        [
            name="start_time"
            value="10:00:00"
        ],
        [
            name="end_time"
            value="17:00:00"
        ]
    ]
    tableName="gym_working_hours"
] as 2bd9ce7f945f34a99e4749cc49ac58c7
2025-08-01 19:23:49.572 [main] DEBUG liquibase.util - Computed checksum for insert:[
    columns=[
        [
            name="gym_id"
            valueComputed="(SELECT id FROM gyms WHERE name = 'GrandFitness_TEST')"
        ],
        [
            name="sport_id"
            value="1"
        ]
    ]
    tableName="sports_gyms"
] as 87e983da9925d2bdc4c82d364cc4eca2
2025-08-01 19:23:49.573 [main] DEBUG liquibase.util - Computed checksum for insert:[
    columns=[
        [
            name="country"
            value="Україна"
        ],
        [
            name="city"
            value="Чернігів"
        ],
        [
            name="street"
            value="вул. Київська"
        ],
        [
            name="house"
            value="11"
        ],
        [
            name="is_deleted"
            value="false"
        ]
    ]
    tableName="addresses"
] as 46024a8f776c07b1d476d7ad1a85ae26
2025-08-01 19:23:49.574 [main] DEBUG liquibase.util - Computed checksum for insert:[
    columns=[
        [
            name="name"
            value="EuroSport_TEST"
        ],
        [
            name="address_id"
            valueComputed="(SELECT id FROM addresses WHERE country = 'Україна' AND city = 'Чернігів' AND street = 'вул. Київська' AND house = '11')"
        ],
        [
            name="description"
            value="Доступний спортивний клуб для всієї родини."
        ],
        [
            name="website"
            value="http://eurosport.cn.ua"
 ... [truncated in log] as 8fb6ce1945f574d48c4e5d5789225942
2025-08-01 19:23:49.575 [main] DEBUG liquibase.util - Computed checksum for insert:[
    columns=[
        [
            name="gym_id"
            valueComputed="(SELECT id FROM gyms WHERE name = 'EuroSport_TEST')"
        ],
        [
            name="phone_numbers"
            value="+38(046)-888-9900"
        ]
    ]
    tableName="gym_phone_numbers"
] as 8e0e047e3bea54100f682fc5f7e4e132
2025-08-01 19:23:49.576 [main] DEBUG liquibase.util - Computed checksum for insert:[
    columns=[
        [
            name="gym_id"
            valueComputed="(SELECT id FROM gyms WHERE name = 'EuroSport_TEST')"
        ],
        [
            name="day_of_week"
            value="MONDAY"
        ],
        [
            name="start_time"
            value="08:00:00"
        ],
        [
            name="end_time"
            value="22:00:00"
        ]
    ]
    tableName="gym_working_hours"
] as a0615a1a38d8ed1082a695e66238cfba
2025-08-01 19:23:49.576 [main] DEBUG liquibase.util - Computed checksum for insert:[
    columns=[
        [
            name="gym_id"
            valueComputed="(SELECT id FROM gyms WHERE name = 'EuroSport_TEST')"
        ],
        [
            name="day_of_week"
            value="TUESDAY"
        ],
        [
            name="start_time"
            value="08:00:00"
        ],
        [
            name="end_time"
            value="22:00:00"
        ]
    ]
    tableName="gym_working_hours"
] as 1d752ea451c6ca03528b507471598cf6
2025-08-01 19:23:49.577 [main] DEBUG liquibase.util - Computed checksum for insert:[
    columns=[
        [
            name="gym_id"
            valueComputed="(SELECT id FROM gyms WHERE name = 'EuroSport_TEST')"
        ],
        [
            name="day_of_week"
            value="WEDNESDAY"
        ],
        [
            name="start_time"
            value="08:00:00"
        ],
        [
            name="end_time"
            value="22:00:00"
        ]
    ]
    tableName="gym_working_hours"
] as aca68fbe826fb678c2340805f503ef0e
2025-08-01 19:23:49.578 [main] DEBUG liquibase.util - Computed checksum for insert:[
    columns=[
        [
            name="gym_id"
            valueComputed="(SELECT id FROM gyms WHERE name = 'EuroSport_TEST')"
        ],
        [
            name="day_of_week"
            value="THURSDAY"
        ],
        [
            name="start_time"
            value="08:00:00"
        ],
        [
            name="end_time"
            value="22:00:00"
        ]
    ]
    tableName="gym_working_hours"
] as 8bcc5d17e5efd9faa175150f64245931
2025-08-01 19:23:49.579 [main] DEBUG liquibase.util - Computed checksum for insert:[
    columns=[
        [
            name="gym_id"
            valueComputed="(SELECT id FROM gyms WHERE name = 'EuroSport_TEST')"
        ],
        [
            name="day_of_week"
            value="FRIDAY"
        ],
        [
            name="start_time"
            value="08:00:00"
        ],
        [
            name="end_time"
            value="22:00:00"
        ]
    ]
    tableName="gym_working_hours"
] as e5d5e8d3ef21f688152a526424749630
2025-08-01 19:23:49.580 [main] DEBUG liquibase.util - Computed checksum for insert:[
    columns=[
        [
            name="gym_id"
            valueComputed="(SELECT id FROM gyms WHERE name = 'EuroSport_TEST')"
        ],
        [
            name="day_of_week"
            value="SATURDAY"
        ],
        [
            name="start_time"
            value="09:00:00"
        ],
        [
            name="end_time"
            value="17:00:00"
        ]
    ]
    tableName="gym_working_hours"
] as df2f5979a5e6290551482c94f1f92a70
2025-08-01 19:23:49.581 [main] DEBUG liquibase.util - Computed checksum for insert:[
    columns=[
        [
            name="gym_id"
            valueComputed="(SELECT id FROM gyms WHERE name = 'EuroSport_TEST')"
        ],
        [
            name="sport_id"
            value="6"
        ]
    ]
    tableName="sports_gyms"
] as 4ed4efd326690bd1a4e6b3b557023647
2025-08-01 19:23:49.581 [main] DEBUG liquibase.util - Computed checksum for insert:[
    columns=[
        [
            name="gym_id"
            valueComputed="(SELECT id FROM gyms WHERE name = 'EuroSport_TEST')"
        ],
        [
            name="sport_id"
            value="7"
        ]
    ]
    tableName="sports_gyms"
] as 2f10289e9169ed063caadbe3878eabf9
2025-08-01 19:23:49.582 [main] DEBUG liquibase.util - Computed checksum for insert:[
    columns=[
        [
            name="gym_id"
            valueComputed="(SELECT id FROM gyms WHERE name = 'EuroSport_TEST')"
        ],
        [
            name="sport_id"
            value="1"
        ]
    ]
    tableName="sports_gyms"
] as 3bacf9e6a8a8011cfaffd12179ecfab9
2025-08-01 19:23:49.583 [main] DEBUG liquibase.util - Computed checksum for insert:[
    columns=[
        [
            name="country"
            value="Україна"
        ],
        [
            name="city"
            value="Полтава"
        ],
        [
            name="street"
            value="вул. Соборності"
        ],
        [
            name="house"
            value="33"
        ],
        [
            name="is_deleted"
            value="false"
        ]
    ]
    tableName="addresses"
] as a51654e87b3387a24366baf350d47cfc
2025-08-01 19:23:49.584 [main] DEBUG liquibase.util - Computed checksum for insert:[
    columns=[
        [
            name="name"
            value="Олімп_TEST"
        ],
        [
            name="address_id"
            valueComputed="(SELECT id FROM addresses WHERE country = 'Україна' AND city = 'Полтава' AND street = 'вул. Соборності' AND house = '33')"
        ],
        [
            name="description"
            value="Спортивний комплекс з великим басейном та сучасними тренажерами."
        ],
        [
            name="website"
            value="http://... [truncated in log] as dcbd526a82424c0ba1bd8e5e3d4e3cd2
2025-08-01 19:23:49.585 [main] DEBUG liquibase.util - Computed checksum for insert:[
    columns=[
        [
            name="gym_id"
            valueComputed="(SELECT id FROM gyms WHERE name = 'Олімп_TEST')"
        ],
        [
            name="phone_numbers"
            value="+38(053)-999-0011"
        ]
    ]
    tableName="gym_phone_numbers"
] as 061b097773295219ff7a7dc6b50a6096
2025-08-01 19:23:49.586 [main] DEBUG liquibase.util - Computed checksum for insert:[
    columns=[
        [
            name="gym_id"
            valueComputed="(SELECT id FROM gyms WHERE name = 'Олімп_TEST')"
        ],
        [
            name="day_of_week"
            value="MONDAY"
        ],
        [
            name="start_time"
            value="06:30:00"
        ],
        [
            name="end_time"
            value="22:30:00"
        ]
    ]
    tableName="gym_working_hours"
] as 4a912ec3000b3081b95e52797741ef26
2025-08-01 19:23:49.587 [main] DEBUG liquibase.util - Computed checksum for insert:[
    columns=[
        [
            name="gym_id"
            valueComputed="(SELECT id FROM gyms WHERE name = 'Олімп_TEST')"
        ],
        [
            name="day_of_week"
            value="TUESDAY"
        ],
        [
            name="start_time"
            value="06:30:00"
        ],
        [
            name="end_time"
            value="22:30:00"
        ]
    ]
    tableName="gym_working_hours"
] as 530e80e0e9c78edde42acaa2ec206c7c
2025-08-01 19:23:49.588 [main] DEBUG liquibase.util - Computed checksum for insert:[
    columns=[
        [
            name="gym_id"
            valueComputed="(SELECT id FROM gyms WHERE name = 'Олімп_TEST')"
        ],
        [
            name="day_of_week"
            value="WEDNESDAY"
        ],
        [
            name="start_time"
            value="06:30:00"
        ],
        [
            name="end_time"
            value="22:30:00"
        ]
    ]
    tableName="gym_working_hours"
] as 7f7662d003a4b66b1987badc898fc272
2025-08-01 19:23:49.590 [main] DEBUG liquibase.util - Computed checksum for insert:[
    columns=[
        [
            name="gym_id"
            valueComputed="(SELECT id FROM gyms WHERE name = 'Олімп_TEST')"
        ],
        [
            name="day_of_week"
            value="THURSDAY"
        ],
        [
            name="start_time"
            value="06:30:00"
        ],
        [
            name="end_time"
            value="22:30:00"
        ]
    ]
    tableName="gym_working_hours"
] as be60a340e642c1487eb360ee5bd66224
2025-08-01 19:23:49.591 [main] DEBUG liquibase.util - Computed checksum for insert:[
    columns=[
        [
            name="gym_id"
            valueComputed="(SELECT id FROM gyms WHERE name = 'Олімп_TEST')"
        ],
        [
            name="day_of_week"
            value="FRIDAY"
        ],
        [
            name="start_time"
            value="06:30:00"
        ],
        [
            name="end_time"
            value="22:30:00"
        ]
    ]
    tableName="gym_working_hours"
] as 00337f6bbcb34091ad539daaa6c9b392
2025-08-01 19:23:49.592 [main] DEBUG liquibase.util - Computed checksum for insert:[
    columns=[
        [
            name="gym_id"
            valueComputed="(SELECT id FROM gyms WHERE name = 'Олімп_TEST')"
        ],
        [
            name="day_of_week"
            value="SATURDAY"
        ],
        [
            name="start_time"
            value="08:00:00"
        ],
        [
            name="end_time"
            value="19:00:00"
        ]
    ]
    tableName="gym_working_hours"
] as f79143a1ddc38a5b605283749c0fa9c0
2025-08-01 19:23:49.593 [main] DEBUG liquibase.util - Computed checksum for insert:[
    columns=[
        [
            name="gym_id"
            valueComputed="(SELECT id FROM gyms WHERE name = 'Олімп_TEST')"
        ],
        [
            name="day_of_week"
            value="SUNDAY"
        ],
        [
            name="start_time"
            value="08:00:00"
        ],
        [
            name="end_time"
            value="17:00:00"
        ]
    ]
    tableName="gym_working_hours"
] as 8a68034e61e905d374642c45af844c25
2025-08-01 19:23:49.594 [main] DEBUG liquibase.util - Computed checksum for insert:[
    columns=[
        [
            name="gym_id"
            valueComputed="(SELECT id FROM gyms WHERE name = 'Олімп_TEST')"
        ],
        [
            name="sport_id"
            value="2"
        ]
    ]
    tableName="sports_gyms"
] as 87584ce69d7293d49ccd0af76dd05dce
2025-08-01 19:23:49.595 [main] DEBUG liquibase.util - Computed checksum for insert:[
    columns=[
        [
            name="gym_id"
            valueComputed="(SELECT id FROM gyms WHERE name = 'Олімп_TEST')"
        ],
        [
            name="sport_id"
            value="12"
        ]
    ]
    tableName="sports_gyms"
] as 5d037fc177c772f649e36c62db840ba5
2025-08-01 19:23:49.596 [main] DEBUG liquibase.util - Computed checksum for insert:[
    columns=[
        [
            name="gym_id"
            valueComputed="(SELECT id FROM gyms WHERE name = 'Олімп_TEST')"
        ],
        [
            name="sport_id"
            value="1"
        ]
    ]
    tableName="sports_gyms"
] as 7e4d5c828a63c7ccbade8766a7f9c4d9
2025-08-01 19:23:49.597 [main] DEBUG liquibase.util - Computed checksum for insert:[
    columns=[
        [
            name="country"
            value="Україна"
        ],
        [
            name="city"
            value="Черкаси"
        ],
        [
            name="street"
            value="бульв. Шевченка"
        ],
        [
            name="house"
            value="130"
        ],
        [
            name="is_deleted"
            value="false"
        ]
    ]
    tableName="addresses"
] as 68606d67e0332a0eca747fa537d3573a
2025-08-01 19:23:49.598 [main] DEBUG liquibase.util - Computed checksum for insert:[
    columns=[
        [
            name="name"
            value="Формула_TEST"
        ],
        [
            name="address_id"
            valueComputed="(SELECT id FROM addresses WHERE country = 'Україна' AND city = 'Черкаси' AND street = 'бульв. Шевченка' AND house = '130')"
        ],
        [
            name="description"
            value="Великий вибір кардіо- та силових тренажерів."
        ],
        [
            name="website"
            value="http://formula.ck.ua"
  ... [truncated in log] as 0419307f0e2aec277a8ec2cf491c8ce7
2025-08-01 19:23:49.599 [main] DEBUG liquibase.util - Computed checksum for insert:[
    columns=[
        [
            name="gym_id"
            valueComputed="(SELECT id FROM gyms WHERE name = 'Формула_TEST')"
        ],
        [
            name="phone_numbers"
            value="+38(047)-123-4567"
        ]
    ]
    tableName="gym_phone_numbers"
] as 99518edaa038c91d532506d711794a71
2025-08-01 19:23:49.600 [main] DEBUG liquibase.util - Computed checksum for insert:[
    columns=[
        [
            name="gym_id"
            valueComputed="(SELECT id FROM gyms WHERE name = 'Формула_TEST')"
        ],
        [
            name="day_of_week"
            value="MONDAY"
        ],
        [
            name="start_time"
            value="07:00:00"
        ],
        [
            name="end_time"
            value="22:00:00"
        ]
    ]
    tableName="gym_working_hours"
] as f7597744a8e4c83570559f1fac0daefc
2025-08-01 19:23:49.601 [main] DEBUG liquibase.util - Computed checksum for insert:[
    columns=[
        [
            name="gym_id"
            valueComputed="(SELECT id FROM gyms WHERE name = 'Формула_TEST')"
        ],
        [
            name="day_of_week"
            value="TUESDAY"
        ],
        [
            name="start_time"
            value="07:00:00"
        ],
        [
            name="end_time"
            value="22:00:00"
        ]
    ]
    tableName="gym_working_hours"
] as 607c7983a6bbffb9a924afbcdc481e72
2025-08-01 19:23:49.602 [main] DEBUG liquibase.util - Computed checksum for insert:[
    columns=[
        [
            name="gym_id"
            valueComputed="(SELECT id FROM gyms WHERE name = 'Формула_TEST')"
        ],
        [
            name="day_of_week"
            value="WEDNESDAY"
        ],
        [
            name="start_time"
            value="07:00:00"
        ],
        [
            name="end_time"
            value="22:00:00"
        ]
    ]
    tableName="gym_working_hours"
] as cef00f67ac8773287aa40707b4935420
2025-08-01 19:23:49.603 [main] DEBUG liquibase.util - Computed checksum for insert:[
    columns=[
        [
            name="gym_id"
            valueComputed="(SELECT id FROM gyms WHERE name = 'Формула_TEST')"
        ],
        [
            name="day_of_week"
            value="THURSDAY"
        ],
        [
            name="start_time"
            value="07:00:00"
        ],
        [
            name="end_time"
            value="22:00:00"
        ]
    ]
    tableName="gym_working_hours"
] as d8f6bdc2216fe41ecdeb685858a388d1
2025-08-01 19:23:49.604 [main] DEBUG liquibase.util - Computed checksum for insert:[
    columns=[
        [
            name="gym_id"
            valueComputed="(SELECT id FROM gyms WHERE name = 'Формула_TEST')"
        ],
        [
            name="day_of_week"
            value="FRIDAY"
        ],
        [
            name="start_time"
            value="07:00:00"
        ],
        [
            name="end_time"
            value="22:00:00"
        ]
    ]
    tableName="gym_working_hours"
] as 04fd6a428722b5f998a5d059f3664702
2025-08-01 19:23:49.605 [main] DEBUG liquibase.util - Computed checksum for insert:[
    columns=[
        [
            name="gym_id"
            valueComputed="(SELECT id FROM gyms WHERE name = 'Формула_TEST')"
        ],
        [
            name="day_of_week"
            value="SATURDAY"
        ],
        [
            name="start_time"
            value="09:00:00"
        ],
        [
            name="end_time"
            value="18:00:00"
        ]
    ]
    tableName="gym_working_hours"
] as a8dea33409557d28ab4848f5d7261f5c
2025-08-01 19:23:49.606 [main] DEBUG liquibase.util - Computed checksum for insert:[
    columns=[
        [
            name="gym_id"
            valueComputed="(SELECT id FROM gyms WHERE name = 'Формула_TEST')"
        ],
        [
            name="day_of_week"
            value="SUNDAY"
        ],
        [
            name="start_time"
            value="09:00:00"
        ],
        [
            name="end_time"
            value="16:00:00"
        ]
    ]
    tableName="gym_working_hours"
] as cc6fbdbf3b1e3f2842a310e2ff96742f
2025-08-01 19:23:49.607 [main] DEBUG liquibase.util - Computed checksum for insert:[
    columns=[
        [
            name="gym_id"
            valueComputed="(SELECT id FROM gyms WHERE name = 'Формула_TEST')"
        ],
        [
            name="sport_id"
            value="7"
        ]
    ]
    tableName="sports_gyms"
] as 119c676952a3ce62a0c066e50b8d5d80
2025-08-01 19:23:49.608 [main] DEBUG liquibase.util - Computed checksum for insert:[
    columns=[
        [
            name="gym_id"
            valueComputed="(SELECT id FROM gyms WHERE name = 'Формула_TEST')"
        ],
        [
            name="sport_id"
            value="13"
        ]
    ]
    tableName="sports_gyms"
] as 845290638387f2ec7895ee1330151a53
2025-08-01 19:23:49.609 [main] DEBUG liquibase.util - Computed checksum for insert:[
    columns=[
        [
            name="gym_id"
            valueComputed="(SELECT id FROM gyms WHERE name = 'Формула_TEST')"
        ],
        [
            name="sport_id"
            value="1"
        ]
    ]
    tableName="sports_gyms"
] as 7b535debc0287ae4d45f0810784f0e17
2025-08-01 19:23:49.609 [main] DEBUG liquibase.util - Computed checksum for 9:a186cdaecbad24427526f8efcbf6b91a:9:9ef3126979d0b7e124200225ad552ea0:9:9bb98a0e34b29db65729d2ed3f6a249f:9:0dc361460464624946144961607a0252:9:29e45c29b85d6da7c38633e34f4655a8:9:2c3d26909d9d4ed5e2357f97e1a2358f:9:22bdbe6522a4ecd590a576b9e6ef4f69:9:fdd532cb2bf819a4ac986d879e17fb2a:9:dc696c063f339e0b37f8ad038440ad00:9:e2c6a6d1941fc2e01d41b1d9848894a1:9:3336aa01d7a18527f627cf3a86d5d03c:9:23f75e170e665544ed5877832f0f82f0:9:b2578eb066447df75eaddfbe69230296:9:f3333d5b4b54a5408b0e733d36db7451:9:b7897eb5... [truncated in log] as 9aa04e5c8383a863279f20c1feea129e
2025-08-01 19:23:49.612 [main] DEBUG liquibase.util - Computed checksum for createTable:[
    columns=[
        [
            [
                nullable="false"
                primaryKey="true"
            ]
            autoIncrement="true"
            name="id"
            type="BIGINT"
        ],
        [
            [
                nullable="false"
                unique="true"
            ]
            name="name"
            type="VARCHAR(255)"
        ]
    ]
    tableName="roles"
] as 9d3031c884ba07cdb66eb5a753652c5b
2025-08-01 19:23:49.613 [main] DEBUG liquibase.util - Computed checksum for 9:9d3031c884ba07cdb66eb5a753652c5b: as 89e14b3e9bbfb3a0437b63b3f48a4578
2025-08-01 19:23:49.613 [main] INFO  liquibase.ui - Running Changeset: db.changelog/changes/01-create-roles-table.yaml::01-create-roles-table::bohdan-s
2025-08-01 19:23:49.614 [main] DEBUG liquibase.changelog - Running Changeset: db.changelog/changes/01-create-roles-table.yaml::01-create-roles-table::bohdan-s
2025-08-01 19:23:49.614 [main] DEBUG liquibase.executor - Changeset db.changelog/changes/01-create-roles-table.yaml::01-create-roles-table::bohdan-s
2025-08-01 19:23:49.615 [main] DEBUG liquibase.changelog - Reading ChangeSet: db.changelog/changes/01-create-roles-table.yaml::01-create-roles-table::bohdan-s
2025-08-01 19:23:49.618 [main] DEBUG liquibase.executor - Executing Statement: liquibase.statement.core.CreateTableStatement@2b00bf68
2025-08-01 19:23:49.619 [main] DEBUG liquibase.executor - CREATE TABLE PUBLIC.roles (id BIGINT GENERATED BY DEFAULT AS IDENTITY NOT NULL, name VARCHAR(255) NOT NULL, CONSTRAINT PK_ROLES PRIMARY KEY (id), UNIQUE (name))
2025-08-01 19:23:49.622 [main] DEBUG liquibase.executor - 0 row(s) affected
2025-08-01 19:23:49.623 [main] INFO  liquibase.changelog - Table roles created
2025-08-01 19:23:49.624 [main] INFO  liquibase.changelog - ChangeSet db.changelog/changes/01-create-roles-table.yaml::01-create-roles-table::bohdan-s ran successfully in 10ms
2025-08-01 19:23:49.626 [main] DEBUG liquibase.executor - Changelog query completed.
2025-08-01 19:23:49.627 [main] DEBUG liquibase.executor - INSERT INTO PUBLIC.DATABASECHANGELOG (ID, AUTHOR, FILENAME, DATEEXECUTED, ORDEREXECUTED, MD5SUM, DESCRIPTION, COMMENTS, EXECTYPE, CONTEXTS, LABELS, LIQUIBASE, DEPLOYMENT_ID) VALUES ('01-create-roles-table', 'bohdan-s', 'db.changelog/changes/01-create-roles-table.yaml', NOW(), 1, '9:89e14b3e9bbfb3a0437b63b3f48a4578', 'createTable tableName=roles', '', 'EXECUTED', NULL, NULL, '4.29.2', '4076229319')
2025-08-01 19:23:49.629 [main] DEBUG liquibase.executor - 1 row(s) affected
2025-08-01 19:23:49.630 [main] DEBUG liquibase.executor - Changelog query completed.
2025-08-01 19:23:49.632 [main] DEBUG liquibase.util - Computed checksum for createTable:[
    columns=[
        [
            [
                nullable="false"
                primaryKey="true"
            ]
            autoIncrement="true"
            name="id"
            type="BIGINT"
        ],
        [
            [
                nullable="false"
                unique="true"
            ]
            name="email"
            type="VARCHAR(255)"
        ],
        [
            [
                nullable="false"
            ]
            name="password"
       ... [truncated in log] as e6e6267c421d7f7057947de393dfa0d7
2025-08-01 19:23:49.632 [main] DEBUG liquibase.util - Computed checksum for 9:e6e6267c421d7f7057947de393dfa0d7: as d9c05a03a1542ac1c442a313831be33d
2025-08-01 19:23:49.633 [main] INFO  liquibase.ui - Running Changeset: db.changelog/changes/02-create-user_credentials-table.yaml::02-create-user_credentials-table::bohdan-s
2025-08-01 19:23:49.634 [main] DEBUG liquibase.changelog - Running Changeset: db.changelog/changes/02-create-user_credentials-table.yaml::02-create-user_credentials-table::bohdan-s
2025-08-01 19:23:49.634 [main] DEBUG liquibase.executor - Changeset db.changelog/changes/02-create-user_credentials-table.yaml::02-create-user_credentials-table::bohdan-s
2025-08-01 19:23:49.635 [main] DEBUG liquibase.changelog - Reading ChangeSet: db.changelog/changes/02-create-user_credentials-table.yaml::02-create-user_credentials-table::bohdan-s
2025-08-01 19:23:49.638 [main] DEBUG liquibase.executor - Executing Statement: liquibase.statement.core.CreateTableStatement@2730efa8
2025-08-01 19:23:49.640 [main] DEBUG liquibase.executor - CREATE TABLE PUBLIC.user_credentials (id BIGINT GENERATED BY DEFAULT AS IDENTITY NOT NULL, email VARCHAR(255) NOT NULL, password VARCHAR(255) NOT NULL, user_type VARCHAR(255) NOT NULL, is_deleted BOOLEAN DEFAULT FALSE NOT NULL, CONSTRAINT PK_USER_CREDENTIALS PRIMARY KEY (id), UNIQUE (email))
2025-08-01 19:23:49.643 [main] DEBUG liquibase.executor - 0 row(s) affected
2025-08-01 19:23:49.644 [main] INFO  liquibase.changelog - Table user_credentials created
2025-08-01 19:23:49.648 [main] INFO  liquibase.changelog - ChangeSet db.changelog/changes/02-create-user_credentials-table.yaml::02-create-user_credentials-table::bohdan-s ran successfully in 14ms
2025-08-01 19:23:49.650 [main] DEBUG liquibase.executor - INSERT INTO PUBLIC.DATABASECHANGELOG (ID, AUTHOR, FILENAME, DATEEXECUTED, ORDEREXECUTED, MD5SUM, DESCRIPTION, COMMENTS, EXECTYPE, CONTEXTS, LABELS, LIQUIBASE, DEPLOYMENT_ID) VALUES ('02-create-user_credentials-table', 'bohdan-s', 'db.changelog/changes/02-create-user_credentials-table.yaml', NOW(), 2, '9:d9c05a03a1542ac1c442a313831be33d', 'createTable tableName=user_credentials', '', 'EXECUTED', NULL, NULL, '4.29.2', '4076229319')
2025-08-01 19:23:49.652 [main] DEBUG liquibase.executor - 1 row(s) affected
2025-08-01 19:23:49.653 [main] DEBUG liquibase.executor - Changelog query completed.
2025-08-01 19:23:49.655 [main] DEBUG liquibase.util - Computed checksum for createTable:[
    columns=[
        [
            [
                nullable="false"
                primaryKey="true"
            ]
            autoIncrement="true"
            name="id"
            type="BIGINT"
        ],
        [
            [
                nullable="false"
            ]
            name="first_name"
            type="VARCHAR(255)"
        ],
        [
            [
                nullable="false"
            ]
            name="last_name"
            type="VARCHAR(255)"... [truncated in log] as 11aa7df409881a0303ed94634d3b5b4b
2025-08-01 19:23:49.656 [main] DEBUG liquibase.util - Computed checksum for 9:11aa7df409881a0303ed94634d3b5b4b: as bf5b431ae5ea105162190121e6a192ae
2025-08-01 19:23:49.657 [main] INFO  liquibase.ui - Running Changeset: db.changelog/changes/03-create-admins-table.yaml::03-create-admins-table::bohdan-s
2025-08-01 19:23:49.658 [main] DEBUG liquibase.changelog - Running Changeset: db.changelog/changes/03-create-admins-table.yaml::03-create-admins-table::bohdan-s
2025-08-01 19:23:49.659 [main] DEBUG liquibase.executor - Changeset db.changelog/changes/03-create-admins-table.yaml::03-create-admins-table::bohdan-s
2025-08-01 19:23:49.660 [main] DEBUG liquibase.changelog - Reading ChangeSet: db.changelog/changes/03-create-admins-table.yaml::03-create-admins-table::bohdan-s
2025-08-01 19:23:49.664 [main] DEBUG liquibase.executor - Executing Statement: liquibase.statement.core.CreateTableStatement@7a555c1c
2025-08-01 19:23:49.666 [main] DEBUG liquibase.executor - CREATE TABLE PUBLIC.admins (id BIGINT GENERATED BY DEFAULT AS IDENTITY NOT NULL, first_name VARCHAR(255) NOT NULL, last_name VARCHAR(255) NOT NULL, gender CHAR(10), date_of_birth date, profile_image_url VARCHAR(255), user_credentials_id BIGINT NOT NULL, is_deleted BOOLEAN DEFAULT FALSE NOT NULL, CONSTRAINT PK_ADMINS PRIMARY KEY (id), CONSTRAINT fk_admin_user_credentials FOREIGN KEY (user_credentials_id) REFERENCES PUBLIC.user_credentials(id))
2025-08-01 19:23:49.671 [main] DEBUG liquibase.executor - 0 row(s) affected
2025-08-01 19:23:49.672 [main] INFO  liquibase.changelog - Table admins created
2025-08-01 19:23:49.674 [main] INFO  liquibase.changelog - ChangeSet db.changelog/changes/03-create-admins-table.yaml::03-create-admins-table::bohdan-s ran successfully in 14ms
2025-08-01 19:23:49.676 [main] DEBUG liquibase.executor - INSERT INTO PUBLIC.DATABASECHANGELOG (ID, AUTHOR, FILENAME, DATEEXECUTED, ORDEREXECUTED, MD5SUM, DESCRIPTION, COMMENTS, EXECTYPE, CONTEXTS, LABELS, LIQUIBASE, DEPLOYMENT_ID) VALUES ('03-create-admins-table', 'bohdan-s', 'db.changelog/changes/03-create-admins-table.yaml', NOW(), 3, '9:bf5b431ae5ea105162190121e6a192ae', 'createTable tableName=admins', '', 'EXECUTED', NULL, NULL, '4.29.2', '4076229319')
2025-08-01 19:23:49.678 [main] DEBUG liquibase.executor - 1 row(s) affected
2025-08-01 19:23:49.679 [main] DEBUG liquibase.executor - Changelog query completed.
2025-08-01 19:23:49.682 [main] DEBUG liquibase.util - Computed checksum for createTable:[
    columns=[
        [
            [
                nullable="false"
                primaryKey="true"
            ]
            autoIncrement="true"
            name="id"
            type="BIGINT"
        ],
        [
            [
                nullable="false"
            ]
            name="first_name"
            type="VARCHAR(255)"
        ],
        [
            [
                nullable="false"
            ]
            name="last_name"
            type="VARCHAR(255)"... [truncated in log] as 8b097651a9c8cdf0f7a378596dce0beb
2025-08-01 19:23:49.683 [main] DEBUG liquibase.util - Computed checksum for 9:8b097651a9c8cdf0f7a378596dce0beb: as 8c67f3d6bbf20ddfdcef1b34f5f205d6
2025-08-01 19:23:49.684 [main] INFO  liquibase.ui - Running Changeset: db.changelog/changes/04-create-athletes-table.yaml::04-create-athletes-table::bohdan-s
2025-08-01 19:23:49.684 [main] DEBUG liquibase.changelog - Running Changeset: db.changelog/changes/04-create-athletes-table.yaml::04-create-athletes-table::bohdan-s
2025-08-01 19:23:49.685 [main] DEBUG liquibase.executor - Changeset db.changelog/changes/04-create-athletes-table.yaml::04-create-athletes-table::bohdan-s
2025-08-01 19:23:49.686 [main] DEBUG liquibase.changelog - Reading ChangeSet: db.changelog/changes/04-create-athletes-table.yaml::04-create-athletes-table::bohdan-s
2025-08-01 19:23:49.689 [main] DEBUG liquibase.executor - Executing Statement: liquibase.statement.core.CreateTableStatement@22d0aa9a
2025-08-01 19:23:49.690 [main] DEBUG liquibase.executor - CREATE TABLE PUBLIC.athletes (id BIGINT GENERATED BY DEFAULT AS IDENTITY NOT NULL, first_name VARCHAR(255) NOT NULL, last_name VARCHAR(255) NOT NULL, gender CHAR(10), date_of_birth date, profile_image_url VARCHAR(255), user_credentials_id BIGINT NOT NULL, email_permission BOOLEAN NOT NULL, phone_permission BOOLEAN NOT NULL, is_deleted BOOLEAN DEFAULT FALSE NOT NULL, CONSTRAINT PK_ATHLETES PRIMARY KEY (id), CONSTRAINT fk_athlete_user_credentials FOREIGN KEY (user_credentials_id) REFERENCES PUBLIC.user_credentials(id))
2025-08-01 19:23:49.695 [main] DEBUG liquibase.executor - 0 row(s) affected
2025-08-01 19:23:49.696 [main] INFO  liquibase.changelog - Table athletes created
2025-08-01 19:23:49.696 [main] INFO  liquibase.changelog - ChangeSet db.changelog/changes/04-create-athletes-table.yaml::04-create-athletes-table::bohdan-s ran successfully in 11ms
2025-08-01 19:23:49.698 [main] DEBUG liquibase.executor - INSERT INTO PUBLIC.DATABASECHANGELOG (ID, AUTHOR, FILENAME, DATEEXECUTED, ORDEREXECUTED, MD5SUM, DESCRIPTION, COMMENTS, EXECTYPE, CONTEXTS, LABELS, LIQUIBASE, DEPLOYMENT_ID) VALUES ('04-create-athletes-table', 'bohdan-s', 'db.changelog/changes/04-create-athletes-table.yaml', NOW(), 4, '9:8c67f3d6bbf20ddfdcef1b34f5f205d6', 'createTable tableName=athletes', '', 'EXECUTED', NULL, NULL, '4.29.2', '4076229319')
2025-08-01 19:23:49.700 [main] DEBUG liquibase.executor - 1 row(s) affected
2025-08-01 19:23:49.700 [main] DEBUG liquibase.executor - Changelog query completed.
2025-08-01 19:23:49.701 [main] DEBUG liquibase.util - Computed checksum for createTable:[
    columns=[
        [
            [
                foreignKeyName="fk_athlete_phone_athlete"
                nullable="false"
                references="athletes(id)"
            ]
            name="athlete_id"
            type="BIGINT"
        ],
        [
            [
                nullable="false"
            ]
            name="phone_numbers"
            type="VARCHAR(255)"
        ]
    ]
    tableName="athlete_phone_numbers"
] as abdf8138a79cc6a2381bf5f3cdac3c83
2025-08-01 19:23:49.702 [main] DEBUG liquibase.util - Computed checksum for 9:abdf8138a79cc6a2381bf5f3cdac3c83: as 7c5a81e170adc177f9641b66d3e444fc
2025-08-01 19:23:49.702 [main] INFO  liquibase.ui - Running Changeset: db.changelog/changes/05-create-athlete_phone_numbers-table.yaml::05-create-athlete_phone_numbers-table::bohdan-s
2025-08-01 19:23:49.703 [main] DEBUG liquibase.changelog - Running Changeset: db.changelog/changes/05-create-athlete_phone_numbers-table.yaml::05-create-athlete_phone_numbers-table::bohdan-s
2025-08-01 19:23:49.703 [main] DEBUG liquibase.executor - Changeset db.changelog/changes/05-create-athlete_phone_numbers-table.yaml::05-create-athlete_phone_numbers-table::bohdan-s
2025-08-01 19:23:49.704 [main] DEBUG liquibase.changelog - Reading ChangeSet: db.changelog/changes/05-create-athlete_phone_numbers-table.yaml::05-create-athlete_phone_numbers-table::bohdan-s
2025-08-01 19:23:49.705 [main] DEBUG liquibase.executor - Executing Statement: liquibase.statement.core.CreateTableStatement@2b3074e2
2025-08-01 19:23:49.706 [main] DEBUG liquibase.executor - CREATE TABLE PUBLIC.athlete_phone_numbers (athlete_id BIGINT NOT NULL, phone_numbers VARCHAR(255) NOT NULL, CONSTRAINT fk_athlete_phone_athlete FOREIGN KEY (athlete_id) REFERENCES PUBLIC.athletes(id))
2025-08-01 19:23:49.709 [main] DEBUG liquibase.executor - 0 row(s) affected
2025-08-01 19:23:49.710 [main] INFO  liquibase.changelog - Table athlete_phone_numbers created
2025-08-01 19:23:49.710 [main] INFO  liquibase.changelog - ChangeSet db.changelog/changes/05-create-athlete_phone_numbers-table.yaml::05-create-athlete_phone_numbers-table::bohdan-s ran successfully in 7ms
2025-08-01 19:23:49.712 [main] DEBUG liquibase.executor - INSERT INTO PUBLIC.DATABASECHANGELOG (ID, AUTHOR, FILENAME, DATEEXECUTED, ORDEREXECUTED, MD5SUM, DESCRIPTION, COMMENTS, EXECTYPE, CONTEXTS, LABELS, LIQUIBASE, DEPLOYMENT_ID) VALUES ('05-create-athlete_phone_numbers-table', 'bohdan-s', 'db.changelog/changes/05-create-athlete_phone_numbers-table.yaml', NOW(), 5, '9:7c5a81e170adc177f9641b66d3e444fc', 'createTable tableName=athlete_phone_numbers', '', 'EXECUTED', NULL, NULL, '4.29.2', '4076229319')
2025-08-01 19:23:49.713 [main] DEBUG liquibase.executor - 1 row(s) affected
2025-08-01 19:23:49.713 [main] DEBUG liquibase.executor - Changelog query completed.
2025-08-01 19:23:49.715 [main] DEBUG liquibase.util - Computed checksum for createTable:[
    columns=[
        [
            [
                nullable="false"
                primaryKey="true"
            ]
            autoIncrement="true"
            name="id"
            type="BIGINT"
        ],
        [
            [
                nullable="false"
                unique="true"
            ]
            name="sport_name"
            type="VARCHAR(50)"
        ],
        [
            [
                nullable="false"
            ]
            defaultValueBoolean... [truncated in log] as 1608e865bd2466447eb59d76d318f220
2025-08-01 19:23:49.715 [main] DEBUG liquibase.util - Computed checksum for createIndex:[
    columns=[
        [
            name="sport_name"
        ]
    ]
    indexName="idx_sports_sport_name"
    tableName="sports"
] as 1f92050c9422db9be5d1e3dff20ba241
2025-08-01 19:23:49.716 [main] DEBUG liquibase.util - Computed checksum for 9:1608e865bd2466447eb59d76d318f220:9:1f92050c9422db9be5d1e3dff20ba241: as a5006f73ee34e2827b447ac47f9d4d61
2025-08-01 19:23:49.716 [main] INFO  liquibase.ui - Running Changeset: db.changelog/changes/06-create-sports-table.yaml::06-create-sports-table::bohdan-s
2025-08-01 19:23:49.717 [main] DEBUG liquibase.changelog - Running Changeset: db.changelog/changes/06-create-sports-table.yaml::06-create-sports-table::bohdan-s
2025-08-01 19:23:49.717 [main] DEBUG liquibase.executor - Changeset db.changelog/changes/06-create-sports-table.yaml::06-create-sports-table::bohdan-s
2025-08-01 19:23:49.718 [main] DEBUG liquibase.changelog - Reading ChangeSet: db.changelog/changes/06-create-sports-table.yaml::06-create-sports-table::bohdan-s
2025-08-01 19:23:49.719 [main] DEBUG liquibase.executor - Executing Statement: liquibase.statement.core.CreateTableStatement@10ef43b8
2025-08-01 19:23:49.720 [main] DEBUG liquibase.executor - CREATE TABLE PUBLIC.sports (id BIGINT GENERATED BY DEFAULT AS IDENTITY NOT NULL, sport_name VARCHAR(50) NOT NULL, is_deleted BOOLEAN DEFAULT FALSE NOT NULL, CONSTRAINT PK_SPORTS PRIMARY KEY (id), UNIQUE (sport_name))
2025-08-01 19:23:49.722 [main] DEBUG liquibase.executor - 0 row(s) affected
2025-08-01 19:23:49.723 [main] INFO  liquibase.changelog - Table sports created
2025-08-01 19:23:49.729 [main] DEBUG liquibase.executor - Executing Statement: liquibase.statement.core.CreateIndexStatement@8277de9
2025-08-01 19:23:49.732 [main] DEBUG liquibase.executor - CREATE INDEX PUBLIC.idx_sports_sport_name ON PUBLIC.sports(sport_name)
2025-08-01 19:23:49.733 [main] DEBUG liquibase.executor - 0 row(s) affected
2025-08-01 19:23:49.734 [main] INFO  liquibase.changelog - Index idx_sports_sport_name created
2025-08-01 19:23:49.735 [main] INFO  liquibase.changelog - ChangeSet db.changelog/changes/06-create-sports-table.yaml::06-create-sports-table::bohdan-s ran successfully in 18ms
2025-08-01 19:23:49.737 [main] DEBUG liquibase.executor - INSERT INTO PUBLIC.DATABASECHANGELOG (ID, AUTHOR, FILENAME, DATEEXECUTED, ORDEREXECUTED, MD5SUM, DESCRIPTION, COMMENTS, EXECTYPE, CONTEXTS, LABELS, LIQUIBASE, DEPLOYMENT_ID) VALUES ('06-create-sports-table', 'bohdan-s', 'db.changelog/changes/06-create-sports-table.yaml', NOW(), 6, '9:a5006f73ee34e2827b447ac47f9d4d61', 'createTable tableName=sports; createIndex indexName=idx_sports_sport_name, tableName=sports', '', 'EXECUTED', NULL, NULL, '4.29.2', '4076229319')
2025-08-01 19:23:49.739 [main] DEBUG liquibase.executor - 1 row(s) affected
2025-08-01 19:23:49.740 [main] DEBUG liquibase.executor - Changelog query completed.
2025-08-01 19:23:49.742 [main] DEBUG liquibase.util - Computed checksum for createTable:[
    columns=[
        [
            [
                foreignKeyName="fk_sport_athlete_sport"
                nullable="false"
                references="sports(id)"
            ]
            name="sport_id"
            type="BIGINT"
        ],
        [
            [
                foreignKeyName="fk_sport_athlete_athlete"
                nullable="false"
                references="athletes(id)"
            ]
            name="athlete_id"
            type="BIGINT"
        ]
   ... [truncated in log] as 7f397610fd81e1bbf81ab6acc0ade43a
2025-08-01 19:23:49.744 [main] DEBUG liquibase.util - Computed checksum for addPrimaryKey:[
    columnNames="sport_id,athlete_id"
    tableName="sports_athletes"
] as cd94b1e37aed1eb9d1f20621074afed0
2025-08-01 19:23:49.745 [main] DEBUG liquibase.util - Computed checksum for 9:7f397610fd81e1bbf81ab6acc0ade43a:9:cd94b1e37aed1eb9d1f20621074afed0: as 5a806aa133a19e017ef2586b92106951
2025-08-01 19:23:49.745 [main] INFO  liquibase.ui - Running Changeset: db.changelog/changes/07-create-sports_athletes-table.yaml::07-create-sports_athletes-table::bohdan-s
2025-08-01 19:23:49.745 [main] DEBUG liquibase.changelog - Running Changeset: db.changelog/changes/07-create-sports_athletes-table.yaml::07-create-sports_athletes-table::bohdan-s
2025-08-01 19:23:49.746 [main] DEBUG liquibase.executor - Changeset db.changelog/changes/07-create-sports_athletes-table.yaml::07-create-sports_athletes-table::bohdan-s
2025-08-01 19:23:49.746 [main] DEBUG liquibase.changelog - Reading ChangeSet: db.changelog/changes/07-create-sports_athletes-table.yaml::07-create-sports_athletes-table::bohdan-s
2025-08-01 19:23:49.748 [main] DEBUG liquibase.executor - Executing Statement: liquibase.statement.core.CreateTableStatement@4cbe0324
2025-08-01 19:23:49.748 [main] DEBUG liquibase.executor - CREATE TABLE PUBLIC.sports_athletes (sport_id BIGINT NOT NULL, athlete_id BIGINT NOT NULL, CONSTRAINT fk_sport_athlete_sport FOREIGN KEY (sport_id) REFERENCES PUBLIC.sports(id), CONSTRAINT fk_sport_athlete_athlete FOREIGN KEY (athlete_id) REFERENCES PUBLIC.athletes(id))
2025-08-01 19:23:49.752 [main] DEBUG liquibase.executor - 0 row(s) affected
2025-08-01 19:23:49.752 [main] INFO  liquibase.changelog - Table sports_athletes created
2025-08-01 19:23:49.753 [main] DEBUG liquibase.executor - Executing Statement: liquibase.statement.core.AddPrimaryKeyStatement@6cfeec31
2025-08-01 19:23:49.754 [main] DEBUG liquibase.executor - ALTER TABLE PUBLIC.sports_athletes ADD PRIMARY KEY (sport_id, athlete_id)
2025-08-01 19:23:49.755 [main] DEBUG liquibase.executor - 0 row(s) affected
2025-08-01 19:23:49.756 [main] INFO  liquibase.changelog - Primary key added to sports_athletes (sport_id,athlete_id)
2025-08-01 19:23:49.756 [main] INFO  liquibase.changelog - ChangeSet db.changelog/changes/07-create-sports_athletes-table.yaml::07-create-sports_athletes-table::bohdan-s ran successfully in 10ms
2025-08-01 19:23:49.758 [main] DEBUG liquibase.executor - INSERT INTO PUBLIC.DATABASECHANGELOG (ID, AUTHOR, FILENAME, DATEEXECUTED, ORDEREXECUTED, MD5SUM, DESCRIPTION, COMMENTS, EXECTYPE, CONTEXTS, LABELS, LIQUIBASE, DEPLOYMENT_ID) VALUES ('07-create-sports_athletes-table', 'bohdan-s', 'db.changelog/changes/07-create-sports_athletes-table.yaml', NOW(), 7, '9:5a806aa133a19e017ef2586b92106951', 'createTable tableName=sports_athletes; addPrimaryKey tableName=sports_athletes', '', 'EXECUTED', NULL, NULL, '4.29.2', '4076229319')
2025-08-01 19:23:49.758 [main] DEBUG liquibase.executor - 1 row(s) affected
2025-08-01 19:23:49.759 [main] DEBUG liquibase.executor - Changelog query completed.
2025-08-01 19:23:49.760 [main] DEBUG liquibase.util - Computed checksum for createTable:[
    columns=[
        [
            [
                nullable="false"
                primaryKey="true"
            ]
            autoIncrement="true"
            name="id"
            type="BIGINT"
        ],
        [
            [
                nullable="false"
            ]
            name="first_name"
            type="VARCHAR(255)"
        ],
        [
            [
                nullable="false"
            ]
            name="last_name"
            type="VARCHAR(255)"... [truncated in log] as 504cacbf644e11be681724cbde7f58c1
2025-08-01 19:23:49.761 [main] DEBUG liquibase.util - Computed checksum for 9:504cacbf644e11be681724cbde7f58c1: as 96d86ff05cf002df7d914b3243cb68bb
2025-08-01 19:23:49.761 [main] INFO  liquibase.ui - Running Changeset: db.changelog/changes/08-create-gym_owners-table.yaml::08-create-gym_owners-table::bohdan-s
2025-08-01 19:23:49.762 [main] DEBUG liquibase.changelog - Running Changeset: db.changelog/changes/08-create-gym_owners-table.yaml::08-create-gym_owners-table::bohdan-s
2025-08-01 19:23:49.762 [main] DEBUG liquibase.executor - Changeset db.changelog/changes/08-create-gym_owners-table.yaml::08-create-gym_owners-table::bohdan-s
2025-08-01 19:23:49.762 [main] DEBUG liquibase.changelog - Reading ChangeSet: db.changelog/changes/08-create-gym_owners-table.yaml::08-create-gym_owners-table::bohdan-s
2025-08-01 19:23:49.765 [main] DEBUG liquibase.executor - Executing Statement: liquibase.statement.core.CreateTableStatement@52cf209c
2025-08-01 19:23:49.766 [main] DEBUG liquibase.executor - CREATE TABLE PUBLIC.gym_owners (id BIGINT GENERATED BY DEFAULT AS IDENTITY NOT NULL, first_name VARCHAR(255) NOT NULL, last_name VARCHAR(255) NOT NULL, gender CHAR(10), date_of_birth date, profile_image_url VARCHAR(255), user_credentials_id BIGINT NOT NULL, is_deleted BOOLEAN DEFAULT FALSE NOT NULL, CONSTRAINT PK_GYM_OWNERS PRIMARY KEY (id), CONSTRAINT fk_gym_owner_user_credentials FOREIGN KEY (user_credentials_id) REFERENCES PUBLIC.user_credentials(id))
2025-08-01 19:23:49.770 [main] DEBUG liquibase.executor - 0 row(s) affected
2025-08-01 19:23:49.771 [main] INFO  liquibase.changelog - Table gym_owners created
2025-08-01 19:23:49.771 [main] INFO  liquibase.changelog - ChangeSet db.changelog/changes/08-create-gym_owners-table.yaml::08-create-gym_owners-table::bohdan-s ran successfully in 9ms
2025-08-01 19:23:49.773 [main] DEBUG liquibase.executor - INSERT INTO PUBLIC.DATABASECHANGELOG (ID, AUTHOR, FILENAME, DATEEXECUTED, ORDEREXECUTED, MD5SUM, DESCRIPTION, COMMENTS, EXECTYPE, CONTEXTS, LABELS, LIQUIBASE, DEPLOYMENT_ID) VALUES ('08-create-gym_owners-table', 'bohdan-s', 'db.changelog/changes/08-create-gym_owners-table.yaml', NOW(), 8, '9:96d86ff05cf002df7d914b3243cb68bb', 'createTable tableName=gym_owners', '', 'EXECUTED', NULL, NULL, '4.29.2', '4076229319')
2025-08-01 19:23:49.774 [main] DEBUG liquibase.executor - 1 row(s) affected
2025-08-01 19:23:49.775 [main] DEBUG liquibase.executor - Changelog query completed.
2025-08-01 19:23:49.776 [main] DEBUG liquibase.util - Computed checksum for createTable:[
    columns=[
        [
            [
                foreignKeyName="fk_gym_owner_phone_gym_owner"
                nullable="false"
                references="gym_owners(id)"
            ]
            name="gym_owner_id"
            type="BIGINT"
        ],
        [
            [
                nullable="false"
            ]
            name="phone_numbers"
            type="VARCHAR(255)"
        ]
    ]
    tableName="gym_owner_phone_numbers"
] as 4570637f5f9cf9fa2bbf87a3563c007b
2025-08-01 19:23:49.777 [main] DEBUG liquibase.util - Computed checksum for 9:4570637f5f9cf9fa2bbf87a3563c007b: as 1a0b5c834dee77ed2f8fd414839749fa
2025-08-01 19:23:49.777 [main] INFO  liquibase.ui - Running Changeset: db.changelog/changes/09-create-gym_owner_phone_numbers-table.yaml::09-create-gym_owner_phone_numbers-table::bohdan-s
2025-08-01 19:23:49.778 [main] DEBUG liquibase.changelog - Running Changeset: db.changelog/changes/09-create-gym_owner_phone_numbers-table.yaml::09-create-gym_owner_phone_numbers-table::bohdan-s
2025-08-01 19:23:49.778 [main] DEBUG liquibase.executor - Changeset db.changelog/changes/09-create-gym_owner_phone_numbers-table.yaml::09-create-gym_owner_phone_numbers-table::bohdan-s
2025-08-01 19:23:49.779 [main] DEBUG liquibase.changelog - Reading ChangeSet: db.changelog/changes/09-create-gym_owner_phone_numbers-table.yaml::09-create-gym_owner_phone_numbers-table::bohdan-s
2025-08-01 19:23:49.781 [main] DEBUG liquibase.executor - Executing Statement: liquibase.statement.core.CreateTableStatement@2ea7bb30
2025-08-01 19:23:49.782 [main] DEBUG liquibase.executor - CREATE TABLE PUBLIC.gym_owner_phone_numbers (gym_owner_id BIGINT NOT NULL, phone_numbers VARCHAR(255) NOT NULL, CONSTRAINT fk_gym_owner_phone_gym_owner FOREIGN KEY (gym_owner_id) REFERENCES PUBLIC.gym_owners(id))
2025-08-01 19:23:49.785 [main] DEBUG liquibase.executor - 0 row(s) affected
2025-08-01 19:23:49.785 [main] INFO  liquibase.changelog - Table gym_owner_phone_numbers created
2025-08-01 19:23:49.786 [main] INFO  liquibase.changelog - ChangeSet db.changelog/changes/09-create-gym_owner_phone_numbers-table.yaml::09-create-gym_owner_phone_numbers-table::bohdan-s ran successfully in 8ms
2025-08-01 19:23:49.787 [main] DEBUG liquibase.executor - INSERT INTO PUBLIC.DATABASECHANGELOG (ID, AUTHOR, FILENAME, DATEEXECUTED, ORDEREXECUTED, MD5SUM, DESCRIPTION, COMMENTS, EXECTYPE, CONTEXTS, LABELS, LIQUIBASE, DEPLOYMENT_ID) VALUES ('09-create-gym_owner_phone_numbers-table', 'bohdan-s', 'db.changelog/changes/09-create-gym_owner_phone_numbers-table.yaml', NOW(), 9, '9:1a0b5c834dee77ed2f8fd414839749fa', 'createTable tableName=gym_owner_phone_numbers', '', 'EXECUTED', NULL, NULL, '4.29.2', '4076229319')
2025-08-01 19:23:49.788 [main] DEBUG liquibase.executor - 1 row(s) affected
2025-08-01 19:23:49.789 [main] DEBUG liquibase.executor - Changelog query completed.
2025-08-01 19:23:49.790 [main] DEBUG liquibase.util - Computed checksum for createTable:[
    columns=[
        [
            [
                nullable="false"
                primaryKey="true"
            ]
            autoIncrement="true"
            name="id"
            type="BIGINT"
        ],
        [
            [
                nullable="false"
            ]
            name="country"
            type="VARCHAR(255)"
        ],
        [
            [
                nullable="false"
            ]
            name="city"
            type="VARCHAR(255)"
       ... [truncated in log] as 7cf4e963ec67998402fad50606724127
2025-08-01 19:23:49.791 [main] DEBUG liquibase.util - Computed checksum for 9:7cf4e963ec67998402fad50606724127: as bb5305c7af5222e50eb36927cb33f7e1
2025-08-01 19:23:49.791 [main] INFO  liquibase.ui - Running Changeset: db.changelog/changes/10-create-addresses-table.yaml::10-create-addresses-table::bohdan-s
2025-08-01 19:23:49.791 [main] DEBUG liquibase.changelog - Running Changeset: db.changelog/changes/10-create-addresses-table.yaml::10-create-addresses-table::bohdan-s
2025-08-01 19:23:49.792 [main] DEBUG liquibase.executor - Changeset db.changelog/changes/10-create-addresses-table.yaml::10-create-addresses-table::bohdan-s
2025-08-01 19:23:49.792 [main] DEBUG liquibase.changelog - Reading ChangeSet: db.changelog/changes/10-create-addresses-table.yaml::10-create-addresses-table::bohdan-s
2025-08-01 19:23:49.794 [main] DEBUG liquibase.executor - Executing Statement: liquibase.statement.core.CreateTableStatement@401a087c
2025-08-01 19:23:49.795 [main] DEBUG liquibase.executor - CREATE TABLE PUBLIC.addresses (id BIGINT GENERATED BY DEFAULT AS IDENTITY NOT NULL, country VARCHAR(255) NOT NULL, city VARCHAR(255) NOT NULL, city_district VARCHAR(255), street VARCHAR(255) NOT NULL, house VARCHAR(255) NOT NULL, is_deleted BOOLEAN DEFAULT FALSE NOT NULL, CONSTRAINT PK_ADDRESSES PRIMARY KEY (id))
2025-08-01 19:23:49.797 [main] DEBUG liquibase.executor - 0 row(s) affected
2025-08-01 19:23:49.798 [main] INFO  liquibase.changelog - Table addresses created
2025-08-01 19:23:49.799 [main] INFO  liquibase.changelog - ChangeSet db.changelog/changes/10-create-addresses-table.yaml::10-create-addresses-table::bohdan-s ran successfully in 6ms
2025-08-01 19:23:49.800 [main] DEBUG liquibase.executor - INSERT INTO PUBLIC.DATABASECHANGELOG (ID, AUTHOR, FILENAME, DATEEXECUTED, ORDEREXECUTED, MD5SUM, DESCRIPTION, COMMENTS, EXECTYPE, CONTEXTS, LABELS, LIQUIBASE, DEPLOYMENT_ID) VALUES ('10-create-addresses-table', 'bohdan-s', 'db.changelog/changes/10-create-addresses-table.yaml', NOW(), 10, '9:bb5305c7af5222e50eb36927cb33f7e1', 'createTable tableName=addresses', '', 'EXECUTED', NULL, NULL, '4.29.2', '4076229319')
2025-08-01 19:23:49.801 [main] DEBUG liquibase.executor - 1 row(s) affected
2025-08-01 19:23:49.801 [main] DEBUG liquibase.executor - Changelog query completed.
2025-08-01 19:23:49.803 [main] DEBUG liquibase.util - Computed checksum for createTable:[
    columns=[
        [
            [
                nullable="false"
                primaryKey="true"
            ]
            autoIncrement="true"
            name="id"
            type="BIGINT"
        ],
        [
            [
                nullable="false"
            ]
            name="name"
            type="VARCHAR(255)"
        ],
        [
            [
                foreignKeyName="fk_gym_address"
                nullable="false"
                references="addr... [truncated in log] as 05eb5b281eb32b3b0fe81c394f77401a
2025-08-01 19:23:49.803 [main] DEBUG liquibase.util - Computed checksum for 9:05eb5b281eb32b3b0fe81c394f77401a: as dfc9245ca879b7b91ed15c2a33ec295b
2025-08-01 19:23:49.804 [main] INFO  liquibase.ui - Running Changeset: db.changelog/changes/11-create-gyms-table.yaml::11-create-gyms-table::bohdan-s
2025-08-01 19:23:49.804 [main] DEBUG liquibase.changelog - Running Changeset: db.changelog/changes/11-create-gyms-table.yaml::11-create-gyms-table::bohdan-s
2025-08-01 19:23:49.805 [main] DEBUG liquibase.executor - Changeset db.changelog/changes/11-create-gyms-table.yaml::11-create-gyms-table::bohdan-s
2025-08-01 19:23:49.806 [main] DEBUG liquibase.changelog - Reading ChangeSet: db.changelog/changes/11-create-gyms-table.yaml::11-create-gyms-table::bohdan-s
2025-08-01 19:23:49.808 [main] DEBUG liquibase.executor - Executing Statement: liquibase.statement.core.CreateTableStatement@661b9022
2025-08-01 19:23:49.809 [main] DEBUG liquibase.executor - CREATE TABLE PUBLIC.gyms (id BIGINT GENERATED BY DEFAULT AS IDENTITY NOT NULL, name VARCHAR(255) NOT NULL, address_id BIGINT NOT NULL, description VARCHAR(255), website VARCHAR(255), overall_rating FLOAT DEFAULT 0.0, number_of_reviews INT DEFAULT 0, gym_owner_id BIGINT NOT NULL, is_deleted BOOLEAN DEFAULT FALSE NOT NULL, CONSTRAINT PK_GYMS PRIMARY KEY (id), CONSTRAINT fk_gym_address FOREIGN KEY (address_id) REFERENCES PUBLIC.addresses(id), CONSTRAINT fk_gym_gym_owner FOREIGN KEY (gym_owner_id) REFERENCES PUBLIC.gym_owners(id), UNIQUE (address_id))
2025-08-01 19:23:49.814 [main] DEBUG liquibase.executor - 0 row(s) affected
2025-08-01 19:23:49.815 [main] INFO  liquibase.changelog - Table gyms created
2025-08-01 19:23:49.816 [main] INFO  liquibase.changelog - ChangeSet db.changelog/changes/11-create-gyms-table.yaml::11-create-gyms-table::bohdan-s ran successfully in 11ms
2025-08-01 19:23:49.817 [main] DEBUG liquibase.executor - INSERT INTO PUBLIC.DATABASECHANGELOG (ID, AUTHOR, FILENAME, DATEEXECUTED, ORDEREXECUTED, MD5SUM, DESCRIPTION, COMMENTS, EXECTYPE, CONTEXTS, LABELS, LIQUIBASE, DEPLOYMENT_ID) VALUES ('11-create-gyms-table', 'bohdan-s', 'db.changelog/changes/11-create-gyms-table.yaml', NOW(), 11, '9:dfc9245ca879b7b91ed15c2a33ec295b', 'createTable tableName=gyms', '', 'EXECUTED', NULL, NULL, '4.29.2', '4076229319')
2025-08-01 19:23:49.818 [main] DEBUG liquibase.executor - 1 row(s) affected
2025-08-01 19:23:49.818 [main] DEBUG liquibase.executor - Changelog query completed.
2025-08-01 19:23:49.820 [main] DEBUG liquibase.util - Computed checksum for createTable:[
    columns=[
        [
            [
                foreignKeyName="fk_gym_phone_gym"
                nullable="false"
                references="gyms(id)"
            ]
            name="gym_id"
            type="BIGINT"
        ],
        [
            [
                nullable="false"
            ]
            name="phone_numbers"
            type="VARCHAR(255)"
        ]
    ]
    tableName="gym_phone_numbers"
] as 5e8fb6be37d19064b6ca184ce8fcefa7
2025-08-01 19:23:49.821 [main] DEBUG liquibase.util - Computed checksum for 9:5e8fb6be37d19064b6ca184ce8fcefa7: as 77d9fba58149238e9069114507284237
2025-08-01 19:23:49.821 [main] INFO  liquibase.ui - Running Changeset: db.changelog/changes/12-create-gym_phone_numbers-table.yaml::12-create-gym_phone_numbers-table::bohdan-s
2025-08-01 19:23:49.822 [main] DEBUG liquibase.changelog - Running Changeset: db.changelog/changes/12-create-gym_phone_numbers-table.yaml::12-create-gym_phone_numbers-table::bohdan-s
2025-08-01 19:23:49.823 [main] DEBUG liquibase.executor - Changeset db.changelog/changes/12-create-gym_phone_numbers-table.yaml::12-create-gym_phone_numbers-table::bohdan-s
2025-08-01 19:23:49.823 [main] DEBUG liquibase.changelog - Reading ChangeSet: db.changelog/changes/12-create-gym_phone_numbers-table.yaml::12-create-gym_phone_numbers-table::bohdan-s
2025-08-01 19:23:49.825 [main] DEBUG liquibase.executor - Executing Statement: liquibase.statement.core.CreateTableStatement@796e485e
2025-08-01 19:23:49.827 [main] DEBUG liquibase.executor - CREATE TABLE PUBLIC.gym_phone_numbers (gym_id BIGINT NOT NULL, phone_numbers VARCHAR(255) NOT NULL, CONSTRAINT fk_gym_phone_gym FOREIGN KEY (gym_id) REFERENCES PUBLIC.gyms(id))
2025-08-01 19:23:49.829 [main] DEBUG liquibase.executor - 0 row(s) affected
2025-08-01 19:23:49.830 [main] INFO  liquibase.changelog - Table gym_phone_numbers created
2025-08-01 19:23:49.831 [main] INFO  liquibase.changelog - ChangeSet db.changelog/changes/12-create-gym_phone_numbers-table.yaml::12-create-gym_phone_numbers-table::bohdan-s ran successfully in 7ms
2025-08-01 19:23:49.833 [main] DEBUG liquibase.executor - INSERT INTO PUBLIC.DATABASECHANGELOG (ID, AUTHOR, FILENAME, DATEEXECUTED, ORDEREXECUTED, MD5SUM, DESCRIPTION, COMMENTS, EXECTYPE, CONTEXTS, LABELS, LIQUIBASE, DEPLOYMENT_ID) VALUES ('12-create-gym_phone_numbers-table', 'bohdan-s', 'db.changelog/changes/12-create-gym_phone_numbers-table.yaml', NOW(), 12, '9:77d9fba58149238e9069114507284237', 'createTable tableName=gym_phone_numbers', '', 'EXECUTED', NULL, NULL, '4.29.2', '4076229319')
2025-08-01 19:23:49.834 [main] DEBUG liquibase.executor - 1 row(s) affected
2025-08-01 19:23:49.834 [main] DEBUG liquibase.executor - Changelog query completed.
2025-08-01 19:23:49.835 [main] DEBUG liquibase.util - Computed checksum for createTable:[
    columns=[
        [
            [
                foreignKeyName="fk_gym_working_hours_gym"
                nullable="false"
                references="gyms(id)"
            ]
            name="gym_id"
            type="BIGINT"
        ],
        [
            name="day_of_week"
            type="VARCHAR(255)"
        ],
        [
            name="start_time"
            type="TIME"
        ],
        [
            name="end_time"
            type="TIME"
        ]
    ]
    t... [truncated in log] as 4e926c86630e0c1d5e7e45064d83ebcb
2025-08-01 19:23:49.836 [main] DEBUG liquibase.util - Computed checksum for 9:4e926c86630e0c1d5e7e45064d83ebcb: as 43091ebbce4249e25299b3acd520e86d
2025-08-01 19:23:49.837 [main] INFO  liquibase.ui - Running Changeset: db.changelog/changes/13-create-gym_working_hours-table.yaml::13-create-gym_working_hours-table::bohdan-s
2025-08-01 19:23:49.837 [main] DEBUG liquibase.changelog - Running Changeset: db.changelog/changes/13-create-gym_working_hours-table.yaml::13-create-gym_working_hours-table::bohdan-s
2025-08-01 19:23:49.838 [main] DEBUG liquibase.executor - Changeset db.changelog/changes/13-create-gym_working_hours-table.yaml::13-create-gym_working_hours-table::bohdan-s
2025-08-01 19:23:49.838 [main] DEBUG liquibase.changelog - Reading ChangeSet: db.changelog/changes/13-create-gym_working_hours-table.yaml::13-create-gym_working_hours-table::bohdan-s
2025-08-01 19:23:49.840 [main] DEBUG liquibase.executor - Executing Statement: liquibase.statement.core.CreateTableStatement@488d5e61
2025-08-01 19:23:49.841 [main] DEBUG liquibase.executor - CREATE TABLE PUBLIC.gym_working_hours (gym_id BIGINT NOT NULL, day_of_week VARCHAR(255), start_time time, end_time time, CONSTRAINT fk_gym_working_hours_gym FOREIGN KEY (gym_id) REFERENCES PUBLIC.gyms(id))
2025-08-01 19:23:49.844 [main] DEBUG liquibase.executor - 0 row(s) affected
2025-08-01 19:23:49.844 [main] INFO  liquibase.changelog - Table gym_working_hours created
2025-08-01 19:23:49.845 [main] INFO  liquibase.changelog - ChangeSet db.changelog/changes/13-create-gym_working_hours-table.yaml::13-create-gym_working_hours-table::bohdan-s ran successfully in 8ms
2025-08-01 19:23:49.847 [main] DEBUG liquibase.executor - INSERT INTO PUBLIC.DATABASECHANGELOG (ID, AUTHOR, FILENAME, DATEEXECUTED, ORDEREXECUTED, MD5SUM, DESCRIPTION, COMMENTS, EXECTYPE, CONTEXTS, LABELS, LIQUIBASE, DEPLOYMENT_ID) VALUES ('13-create-gym_working_hours-table', 'bohdan-s', 'db.changelog/changes/13-create-gym_working_hours-table.yaml', NOW(), 13, '9:43091ebbce4249e25299b3acd520e86d', 'createTable tableName=gym_working_hours', '', 'EXECUTED', NULL, NULL, '4.29.2', '4076229319')
2025-08-01 19:23:49.847 [main] DEBUG liquibase.executor - 1 row(s) affected
2025-08-01 19:23:49.848 [main] DEBUG liquibase.executor - Changelog query completed.
2025-08-01 19:23:49.849 [main] DEBUG liquibase.util - Computed checksum for createTable:[
    columns=[
        [
            [
                foreignKeyName="fk_sport_gym_sport"
                nullable="false"
                references="sports(id)"
            ]
            name="sport_id"
            type="BIGINT"
        ],
        [
            [
                foreignKeyName="fk_sport_gym_gym"
                nullable="false"
                references="gyms(id)"
            ]
            name="gym_id"
            type="BIGINT"
        ]
    ]
    tableName="sp... [truncated in log] as 85b7266df37d7487c37a41a7b9e1983e
2025-08-01 19:23:49.850 [main] DEBUG liquibase.util - Computed checksum for addPrimaryKey:[
    columnNames="sport_id, gym_id"
    tableName="sports_gyms"
] as 2412d5c38dfbb98c92ef48f3937d10e7
2025-08-01 19:23:49.851 [main] DEBUG liquibase.util - Computed checksum for 9:85b7266df37d7487c37a41a7b9e1983e:9:2412d5c38dfbb98c92ef48f3937d10e7: as 8c4f59e30ebe0117496901e3e6cd85d8
2025-08-01 19:23:49.851 [main] INFO  liquibase.ui - Running Changeset: db.changelog/changes/14-create-sports_gyms-table.yaml::14-create-sports_gyms-table::bohdan-s
2025-08-01 19:23:49.851 [main] DEBUG liquibase.changelog - Running Changeset: db.changelog/changes/14-create-sports_gyms-table.yaml::14-create-sports_gyms-table::bohdan-s
2025-08-01 19:23:49.852 [main] DEBUG liquibase.executor - Changeset db.changelog/changes/14-create-sports_gyms-table.yaml::14-create-sports_gyms-table::bohdan-s
2025-08-01 19:23:49.853 [main] DEBUG liquibase.changelog - Reading ChangeSet: db.changelog/changes/14-create-sports_gyms-table.yaml::14-create-sports_gyms-table::bohdan-s
2025-08-01 19:23:49.854 [main] DEBUG liquibase.executor - Executing Statement: liquibase.statement.core.CreateTableStatement@2a61089c
2025-08-01 19:23:49.855 [main] DEBUG liquibase.executor - CREATE TABLE PUBLIC.sports_gyms (sport_id BIGINT NOT NULL, gym_id BIGINT NOT NULL, CONSTRAINT fk_sport_gym_sport FOREIGN KEY (sport_id) REFERENCES PUBLIC.sports(id), CONSTRAINT fk_sport_gym_gym FOREIGN KEY (gym_id) REFERENCES PUBLIC.gyms(id))
2025-08-01 19:23:49.858 [main] DEBUG liquibase.executor - 0 row(s) affected
2025-08-01 19:23:49.859 [main] INFO  liquibase.changelog - Table sports_gyms created
2025-08-01 19:23:49.861 [main] DEBUG liquibase.executor - Executing Statement: liquibase.statement.core.AddPrimaryKeyStatement@243235d3
2025-08-01 19:23:49.861 [main] DEBUG liquibase.executor - ALTER TABLE PUBLIC.sports_gyms ADD PRIMARY KEY (sport_id, gym_id)
2025-08-01 19:23:49.863 [main] DEBUG liquibase.executor - 0 row(s) affected
2025-08-01 19:23:49.863 [main] INFO  liquibase.changelog - Primary key added to sports_gyms (sport_id, gym_id)
2025-08-01 19:23:49.864 [main] INFO  liquibase.changelog - ChangeSet db.changelog/changes/14-create-sports_gyms-table.yaml::14-create-sports_gyms-table::bohdan-s ran successfully in 12ms
2025-08-01 19:23:49.865 [main] DEBUG liquibase.executor - INSERT INTO PUBLIC.DATABASECHANGELOG (ID, AUTHOR, FILENAME, DATEEXECUTED, ORDEREXECUTED, MD5SUM, DESCRIPTION, COMMENTS, EXECTYPE, CONTEXTS, LABELS, LIQUIBASE, DEPLOYMENT_ID) VALUES ('14-create-sports_gyms-table', 'bohdan-s', 'db.changelog/changes/14-create-sports_gyms-table.yaml', NOW(), 14, '9:8c4f59e30ebe0117496901e3e6cd85d8', 'createTable tableName=sports_gyms; addPrimaryKey tableName=sports_gyms', '', 'EXECUTED', NULL, NULL, '4.29.2', '4076229319')
2025-08-01 19:23:49.866 [main] DEBUG liquibase.executor - 1 row(s) affected
2025-08-01 19:23:49.867 [main] DEBUG liquibase.executor - Changelog query completed.
2025-08-01 19:23:49.868 [main] DEBUG liquibase.util - Computed checksum for createTable:[
    columns=[
        [
            [
                nullable="false"
                primaryKey="true"
            ]
            autoIncrement="true"
            name="id"
            type="BIGINT"
        ],
        [
            [
                nullable="false"
            ]
            name="image_url"
            type="VARCHAR(255)"
        ],
        [
            [
                foreignKeyName="fk_gym_photo_gym"
                nullable="false"
                reference... [truncated in log] as d8c4f5cd1a772d501ec3c15af843d61c
2025-08-01 19:23:49.868 [main] DEBUG liquibase.util - Computed checksum for 9:d8c4f5cd1a772d501ec3c15af843d61c: as 765018a82ce0768dd07260a502cb3041
2025-08-01 19:23:49.869 [main] INFO  liquibase.ui - Running Changeset: db.changelog/changes/15-create-gym_photos-table.yaml::15-create-gym_photos-table::bohdan-s
2025-08-01 19:23:49.869 [main] DEBUG liquibase.changelog - Running Changeset: db.changelog/changes/15-create-gym_photos-table.yaml::15-create-gym_photos-table::bohdan-s
2025-08-01 19:23:49.870 [main] DEBUG liquibase.executor - Changeset db.changelog/changes/15-create-gym_photos-table.yaml::15-create-gym_photos-table::bohdan-s
2025-08-01 19:23:49.870 [main] DEBUG liquibase.changelog - Reading ChangeSet: db.changelog/changes/15-create-gym_photos-table.yaml::15-create-gym_photos-table::bohdan-s
2025-08-01 19:23:49.872 [main] DEBUG liquibase.executor - Executing Statement: liquibase.statement.core.CreateTableStatement@3452b14
2025-08-01 19:23:49.874 [main] DEBUG liquibase.executor - CREATE TABLE PUBLIC.gym_photos (id BIGINT GENERATED BY DEFAULT AS IDENTITY NOT NULL, image_url VARCHAR(255) NOT NULL, gym_id BIGINT NOT NULL, is_deleted BOOLEAN DEFAULT FALSE NOT NULL, CONSTRAINT PK_GYM_PHOTOS PRIMARY KEY (id), CONSTRAINT fk_gym_photo_gym FOREIGN KEY (gym_id) REFERENCES PUBLIC.gyms(id))
2025-08-01 19:23:49.877 [main] DEBUG liquibase.executor - 0 row(s) affected
2025-08-01 19:23:49.878 [main] INFO  liquibase.changelog - Table gym_photos created
2025-08-01 19:23:49.878 [main] INFO  liquibase.changelog - ChangeSet db.changelog/changes/15-create-gym_photos-table.yaml::15-create-gym_photos-table::bohdan-s ran successfully in 8ms
2025-08-01 19:23:49.880 [main] DEBUG liquibase.executor - INSERT INTO PUBLIC.DATABASECHANGELOG (ID, AUTHOR, FILENAME, DATEEXECUTED, ORDEREXECUTED, MD5SUM, DESCRIPTION, COMMENTS, EXECTYPE, CONTEXTS, LABELS, LIQUIBASE, DEPLOYMENT_ID) VALUES ('15-create-gym_photos-table', 'bohdan-s', 'db.changelog/changes/15-create-gym_photos-table.yaml', NOW(), 15, '9:765018a82ce0768dd07260a502cb3041', 'createTable tableName=gym_photos', '', 'EXECUTED', NULL, NULL, '4.29.2', '4076229319')
2025-08-01 19:23:49.881 [main] DEBUG liquibase.executor - 1 row(s) affected
2025-08-01 19:23:49.882 [main] DEBUG liquibase.executor - Changelog query completed.
2025-08-01 19:23:49.883 [main] DEBUG liquibase.util - Computed checksum for createTable:[
    columns=[
        [
            [
                nullable="false"
                primaryKey="true"
            ]
            autoIncrement="true"
            name="id"
            type="BIGINT"
        ],
        [
            [
                nullable="false"
            ]
            name="first_name"
            type="VARCHAR(255)"
        ],
        [
            [
                nullable="false"
            ]
            name="last_name"
            type="VARCHAR(255)"... [truncated in log] as b90e0343a59f97898ef8dc43865f3e9e
2025-08-01 19:23:49.884 [main] DEBUG liquibase.util - Computed checksum for 9:b90e0343a59f97898ef8dc43865f3e9e: as a77651a661afcabb4f1ff85de215c60a
2025-08-01 19:23:49.884 [main] INFO  liquibase.ui - Running Changeset: db.changelog/changes/16-create-trainers-table.yaml::16-create-trainers-table::bohdan-s
2025-08-01 19:23:49.885 [main] DEBUG liquibase.changelog - Running Changeset: db.changelog/changes/16-create-trainers-table.yaml::16-create-trainers-table::bohdan-s
2025-08-01 19:23:49.885 [main] DEBUG liquibase.executor - Changeset db.changelog/changes/16-create-trainers-table.yaml::16-create-trainers-table::bohdan-s
2025-08-01 19:23:49.886 [main] DEBUG liquibase.changelog - Reading ChangeSet: db.changelog/changes/16-create-trainers-table.yaml::16-create-trainers-table::bohdan-s
2025-08-01 19:23:49.889 [main] DEBUG liquibase.executor - Executing Statement: liquibase.statement.core.CreateTableStatement@20c033c
2025-08-01 19:23:49.890 [main] DEBUG liquibase.executor - CREATE TABLE PUBLIC.trainers (id BIGINT GENERATED BY DEFAULT AS IDENTITY NOT NULL, first_name VARCHAR(255) NOT NULL, last_name VARCHAR(255) NOT NULL, gender CHAR(10), date_of_birth date, profile_image_url VARCHAR(255), user_credentials_id BIGINT NOT NULL, address_id BIGINT, online_training BOOLEAN DEFAULT FALSE NOT NULL, description VARCHAR(255), social_media_links VARCHAR(255), overall_rating FLOAT DEFAULT 0.0, number_of_reviews INT DEFAULT 0, is_deleted BOOLEAN DEFAULT FALSE NOT NULL, CONSTRAINT PK_TRAINERS PRIMARY KEY (id), CONSTRAINT fk_trainer_address FOREIGN KEY (address_id) REFERENCES PUBLIC.addresses(id), CONSTRAINT fk_trainer_user_credentials FOREIGN KEY (user_credentials_id) REFERENCES PUBLIC.user_credentials(id))
2025-08-01 19:23:49.895 [main] DEBUG liquibase.executor - 0 row(s) affected
2025-08-01 19:23:49.895 [main] INFO  liquibase.changelog - Table trainers created
2025-08-01 19:23:49.896 [main] INFO  liquibase.changelog - ChangeSet db.changelog/changes/16-create-trainers-table.yaml::16-create-trainers-table::bohdan-s ran successfully in 11ms
2025-08-01 19:23:49.898 [main] DEBUG liquibase.executor - INSERT INTO PUBLIC.DATABASECHANGELOG (ID, AUTHOR, FILENAME, DATEEXECUTED, ORDEREXECUTED, MD5SUM, DESCRIPTION, COMMENTS, EXECTYPE, CONTEXTS, LABELS, LIQUIBASE, DEPLOYMENT_ID) VALUES ('16-create-trainers-table', 'bohdan-s', 'db.changelog/changes/16-create-trainers-table.yaml', NOW(), 16, '9:a77651a661afcabb4f1ff85de215c60a', 'createTable tableName=trainers', '', 'EXECUTED', NULL, NULL, '4.29.2', '4076229319')
2025-08-01 19:23:49.898 [main] DEBUG liquibase.executor - 1 row(s) affected
2025-08-01 19:23:49.899 [main] DEBUG liquibase.executor - Changelog query completed.
2025-08-01 19:23:49.901 [main] DEBUG liquibase.util - Computed checksum for createTable:[
    columns=[
        [
            [
                foreignKeyName="fk_trainer_phone_trainer"
                nullable="false"
                references="trainers(id)"
            ]
            name="trainer_id"
            type="BIGINT"
        ],
        [
            [
                nullable="false"
            ]
            name="phone_numbers"
            type="VARCHAR(255)"
        ]
    ]
    tableName="trainer_phone_numbers"
] as 6eecf1a8c375927cb5fa042fda9c47ca
2025-08-01 19:23:49.901 [main] DEBUG liquibase.util - Computed checksum for 9:6eecf1a8c375927cb5fa042fda9c47ca: as 921277ddc05ebac15718b45849f874d6
2025-08-01 19:23:49.902 [main] INFO  liquibase.ui - Running Changeset: db.changelog/changes/17-create-trainer_phone_numbers-table.yaml::17-create-trainer_phone_numbers-table::bohdan-s
2025-08-01 19:23:49.902 [main] DEBUG liquibase.changelog - Running Changeset: db.changelog/changes/17-create-trainer_phone_numbers-table.yaml::17-create-trainer_phone_numbers-table::bohdan-s
2025-08-01 19:23:49.903 [main] DEBUG liquibase.executor - Changeset db.changelog/changes/17-create-trainer_phone_numbers-table.yaml::17-create-trainer_phone_numbers-table::bohdan-s
2025-08-01 19:23:49.904 [main] DEBUG liquibase.changelog - Reading ChangeSet: db.changelog/changes/17-create-trainer_phone_numbers-table.yaml::17-create-trainer_phone_numbers-table::bohdan-s
2025-08-01 19:23:49.905 [main] DEBUG liquibase.executor - Executing Statement: liquibase.statement.core.CreateTableStatement@7473fe47
2025-08-01 19:23:49.906 [main] DEBUG liquibase.executor - CREATE TABLE PUBLIC.trainer_phone_numbers (trainer_id BIGINT NOT NULL, phone_numbers VARCHAR(255) NOT NULL, CONSTRAINT fk_trainer_phone_trainer FOREIGN KEY (trainer_id) REFERENCES PUBLIC.trainers(id))
2025-08-01 19:23:49.909 [main] DEBUG liquibase.executor - 0 row(s) affected
2025-08-01 19:23:49.910 [main] INFO  liquibase.changelog - Table trainer_phone_numbers created
2025-08-01 19:23:49.911 [main] INFO  liquibase.changelog - ChangeSet db.changelog/changes/17-create-trainer_phone_numbers-table.yaml::17-create-trainer_phone_numbers-table::bohdan-s ran successfully in 7ms
2025-08-01 19:23:49.912 [main] DEBUG liquibase.executor - INSERT INTO PUBLIC.DATABASECHANGELOG (ID, AUTHOR, FILENAME, DATEEXECUTED, ORDEREXECUTED, MD5SUM, DESCRIPTION, COMMENTS, EXECTYPE, CONTEXTS, LABELS, LIQUIBASE, DEPLOYMENT_ID) VALUES ('17-create-trainer_phone_numbers-table', 'bohdan-s', 'db.changelog/changes/17-create-trainer_phone_numbers-table.yaml', NOW(), 17, '9:921277ddc05ebac15718b45849f874d6', 'createTable tableName=trainer_phone_numbers', '', 'EXECUTED', NULL, NULL, '4.29.2', '4076229319')
2025-08-01 19:23:49.914 [main] DEBUG liquibase.executor - 1 row(s) affected
2025-08-01 19:23:49.914 [main] DEBUG liquibase.executor - Changelog query completed.
2025-08-01 19:23:49.916 [main] DEBUG liquibase.util - Computed checksum for createTable:[
    columns=[
        [
            [
                foreignKeyName="fk_sport_trainer_sport"
                nullable="false"
                references="sports(id)"
            ]
            name="sport_id"
            type="BIGINT"
        ],
        [
            [
                foreignKeyName="fk_sport_trainer_trainer"
                nullable="false"
                references="trainers(id)"
            ]
            name="trainer_id"
            type="BIGINT"
        ]
   ... [truncated in log] as 02996d6c953780bef45cce8ef76614f7
2025-08-01 19:23:49.916 [main] DEBUG liquibase.util - Computed checksum for addPrimaryKey:[
    columnNames="sport_id, trainer_id"
    tableName="sports_trainers"
] as 8a5ad8b6aa5ca7a15174418a738b7153
2025-08-01 19:23:49.917 [main] DEBUG liquibase.util - Computed checksum for 9:02996d6c953780bef45cce8ef76614f7:9:8a5ad8b6aa5ca7a15174418a738b7153: as f7c1995436349b41a0dcf9253b707670
2025-08-01 19:23:49.918 [main] INFO  liquibase.ui - Running Changeset: db.changelog/changes/18-create-sports_trainers-table.yaml::18-create-sports_trainers-table::bohdan-s
2025-08-01 19:23:49.918 [main] DEBUG liquibase.changelog - Running Changeset: db.changelog/changes/18-create-sports_trainers-table.yaml::18-create-sports_trainers-table::bohdan-s
2025-08-01 19:23:49.919 [main] DEBUG liquibase.executor - Changeset db.changelog/changes/18-create-sports_trainers-table.yaml::18-create-sports_trainers-table::bohdan-s
2025-08-01 19:23:49.920 [main] DEBUG liquibase.changelog - Reading ChangeSet: db.changelog/changes/18-create-sports_trainers-table.yaml::18-create-sports_trainers-table::bohdan-s
2025-08-01 19:23:49.922 [main] DEBUG liquibase.executor - Executing Statement: liquibase.statement.core.CreateTableStatement@28f196d7
2025-08-01 19:23:49.924 [main] DEBUG liquibase.executor - CREATE TABLE PUBLIC.sports_trainers (sport_id BIGINT NOT NULL, trainer_id BIGINT NOT NULL, CONSTRAINT fk_sport_trainer_trainer FOREIGN KEY (trainer_id) REFERENCES PUBLIC.trainers(id), CONSTRAINT fk_sport_trainer_sport FOREIGN KEY (sport_id) REFERENCES PUBLIC.sports(id))
2025-08-01 19:23:49.929 [main] DEBUG liquibase.executor - 0 row(s) affected
2025-08-01 19:23:49.929 [main] INFO  liquibase.changelog - Table sports_trainers created
2025-08-01 19:23:49.931 [main] DEBUG liquibase.executor - Executing Statement: liquibase.statement.core.AddPrimaryKeyStatement@11729c09
2025-08-01 19:23:49.931 [main] DEBUG liquibase.executor - ALTER TABLE PUBLIC.sports_trainers ADD PRIMARY KEY (sport_id, trainer_id)
2025-08-01 19:23:49.933 [main] DEBUG liquibase.executor - 0 row(s) affected
2025-08-01 19:23:49.933 [main] INFO  liquibase.changelog - Primary key added to sports_trainers (sport_id, trainer_id)
2025-08-01 19:23:49.934 [main] INFO  liquibase.changelog - ChangeSet db.changelog/changes/18-create-sports_trainers-table.yaml::18-create-sports_trainers-table::bohdan-s ran successfully in 15ms
2025-08-01 19:23:49.935 [main] DEBUG liquibase.executor - INSERT INTO PUBLIC.DATABASECHANGELOG (ID, AUTHOR, FILENAME, DATEEXECUTED, ORDEREXECUTED, MD5SUM, DESCRIPTION, COMMENTS, EXECTYPE, CONTEXTS, LABELS, LIQUIBASE, DEPLOYMENT_ID) VALUES ('18-create-sports_trainers-table', 'bohdan-s', 'db.changelog/changes/18-create-sports_trainers-table.yaml', NOW(), 18, '9:f7c1995436349b41a0dcf9253b707670', 'createTable tableName=sports_trainers; addPrimaryKey tableName=sports_trainers', '', 'EXECUTED', NULL, NULL, '4.29.2', '4076229319')
2025-08-01 19:23:49.936 [main] DEBUG liquibase.executor - 1 row(s) affected
2025-08-01 19:23:49.937 [main] DEBUG liquibase.executor - Changelog query completed.
2025-08-01 19:23:49.938 [main] DEBUG liquibase.util - Computed checksum for createTable:[
    columns=[
        [
            [
                foreignKeyName="fk_gym_trainer_gym"
                nullable="false"
                references="gyms(id)"
            ]
            name="gym_id"
            type="BIGINT"
        ],
        [
            [
                foreignKeyName="fk_gym_trainer_trainer"
                nullable="false"
                references="trainers(id)"
            ]
            name="trainer_id"
            type="BIGINT"
        ]
    ]
    tab... [truncated in log] as 3207ae034a7d5944c02f874beb93cbaa
2025-08-01 19:23:49.939 [main] DEBUG liquibase.util - Computed checksum for addPrimaryKey:[
    columnNames="gym_id, trainer_id"
    tableName="gyms_trainers"
] as 141bd742ba3b7f8bf76e6dedbb9ee5e6
2025-08-01 19:23:49.940 [main] DEBUG liquibase.util - Computed checksum for 9:3207ae034a7d5944c02f874beb93cbaa:9:141bd742ba3b7f8bf76e6dedbb9ee5e6: as 9c5b620f4c4767a5d53c1bb19f949568
2025-08-01 19:23:49.940 [main] INFO  liquibase.ui - Running Changeset: db.changelog/changes/19-create-gyms_trainers-table.yaml::19-create-gyms_trainers-table::bohdan-s
2025-08-01 19:23:49.941 [main] DEBUG liquibase.changelog - Running Changeset: db.changelog/changes/19-create-gyms_trainers-table.yaml::19-create-gyms_trainers-table::bohdan-s
2025-08-01 19:23:49.941 [main] DEBUG liquibase.executor - Changeset db.changelog/changes/19-create-gyms_trainers-table.yaml::19-create-gyms_trainers-table::bohdan-s
2025-08-01 19:23:49.942 [main] DEBUG liquibase.changelog - Reading ChangeSet: db.changelog/changes/19-create-gyms_trainers-table.yaml::19-create-gyms_trainers-table::bohdan-s
2025-08-01 19:23:49.943 [main] DEBUG liquibase.executor - Executing Statement: liquibase.statement.core.CreateTableStatement@390102fd
2025-08-01 19:23:49.944 [main] DEBUG liquibase.executor - CREATE TABLE PUBLIC.gyms_trainers (gym_id BIGINT NOT NULL, trainer_id BIGINT NOT NULL, CONSTRAINT fk_gym_trainer_gym FOREIGN KEY (gym_id) REFERENCES PUBLIC.gyms(id), CONSTRAINT fk_gym_trainer_trainer FOREIGN KEY (trainer_id) REFERENCES PUBLIC.trainers(id))
2025-08-01 19:23:49.948 [main] DEBUG liquibase.executor - 0 row(s) affected
2025-08-01 19:23:49.948 [main] INFO  liquibase.changelog - Table gyms_trainers created
2025-08-01 19:23:49.949 [main] DEBUG liquibase.executor - Executing Statement: liquibase.statement.core.AddPrimaryKeyStatement@c5b4353
2025-08-01 19:23:49.950 [main] DEBUG liquibase.executor - ALTER TABLE PUBLIC.gyms_trainers ADD PRIMARY KEY (gym_id, trainer_id)
2025-08-01 19:23:49.951 [main] DEBUG liquibase.executor - 0 row(s) affected
2025-08-01 19:23:49.951 [main] INFO  liquibase.changelog - Primary key added to gyms_trainers (gym_id, trainer_id)
2025-08-01 19:23:49.952 [main] INFO  liquibase.changelog - ChangeSet db.changelog/changes/19-create-gyms_trainers-table.yaml::19-create-gyms_trainers-table::bohdan-s ran successfully in 11ms
2025-08-01 19:23:49.953 [main] DEBUG liquibase.executor - INSERT INTO PUBLIC.DATABASECHANGELOG (ID, AUTHOR, FILENAME, DATEEXECUTED, ORDEREXECUTED, MD5SUM, DESCRIPTION, COMMENTS, EXECTYPE, CONTEXTS, LABELS, LIQUIBASE, DEPLOYMENT_ID) VALUES ('19-create-gyms_trainers-table', 'bohdan-s', 'db.changelog/changes/19-create-gyms_trainers-table.yaml', NOW(), 19, '9:9c5b620f4c4767a5d53c1bb19f949568', 'createTable tableName=gyms_trainers; addPrimaryKey tableName=gyms_trainers', '', 'EXECUTED', NULL, NULL, '4.29.2', '4076229319')
2025-08-01 19:23:49.954 [main] DEBUG liquibase.executor - 1 row(s) affected
2025-08-01 19:23:49.955 [main] DEBUG liquibase.executor - Changelog query completed.
2025-08-01 19:23:49.956 [main] DEBUG liquibase.util - Computed checksum for createTable:[
    columns=[
        [
            [
                nullable="false"
                primaryKey="true"
            ]
            autoIncrement="true"
            name="id"
            type="BIGINT"
        ],
        [
            [
                nullable="false"
            ]
            name="rating"
            type="INT"
        ],
        [
            name="description"
            type="VARCHAR(255)"
        ],
        [
            [
                foreignKeyName="fk_r... [truncated in log] as 2e7d702aa98cb88facfc1989b94ead80
2025-08-01 19:23:49.957 [main] DEBUG liquibase.util - Computed checksum for 9:2e7d702aa98cb88facfc1989b94ead80: as ee79d17a8ff5a9e7583cfd18c5dbf3af
2025-08-01 19:23:49.957 [main] INFO  liquibase.ui - Running Changeset: db.changelog/changes/20-create-reviews-table.yaml::20-create-reviews-table::bohdan-s
2025-08-01 19:23:49.958 [main] DEBUG liquibase.changelog - Running Changeset: db.changelog/changes/20-create-reviews-table.yaml::20-create-reviews-table::bohdan-s
2025-08-01 19:23:49.958 [main] DEBUG liquibase.executor - Changeset db.changelog/changes/20-create-reviews-table.yaml::20-create-reviews-table::bohdan-s
2025-08-01 19:23:49.959 [main] DEBUG liquibase.changelog - Reading ChangeSet: db.changelog/changes/20-create-reviews-table.yaml::20-create-reviews-table::bohdan-s
2025-08-01 19:23:49.962 [main] DEBUG liquibase.executor - Executing Statement: liquibase.statement.core.CreateTableStatement@782709af
2025-08-01 19:23:49.963 [main] DEBUG liquibase.executor - CREATE TABLE PUBLIC.reviews (id BIGINT GENERATED BY DEFAULT AS IDENTITY NOT NULL, rating INT NOT NULL, description VARCHAR(255), athlete_id BIGINT NOT NULL, gym_id BIGINT, trainer_id BIGINT, CONSTRAINT PK_REVIEWS PRIMARY KEY (id), CONSTRAINT fk_review_athlete FOREIGN KEY (athlete_id) REFERENCES PUBLIC.athletes(id), CONSTRAINT fk_review_gym FOREIGN KEY (gym_id) REFERENCES PUBLIC.gyms(id), CONSTRAINT fk_review_trainer FOREIGN KEY (trainer_id) REFERENCES PUBLIC.trainers(id))
2025-08-01 19:23:49.969 [main] DEBUG liquibase.executor - 0 row(s) affected
2025-08-01 19:23:49.970 [main] INFO  liquibase.changelog - Table reviews created
2025-08-01 19:23:49.970 [main] INFO  liquibase.changelog - ChangeSet db.changelog/changes/20-create-reviews-table.yaml::20-create-reviews-table::bohdan-s ran successfully in 12ms
2025-08-01 19:23:49.973 [main] DEBUG liquibase.executor - INSERT INTO PUBLIC.DATABASECHANGELOG (ID, AUTHOR, FILENAME, DATEEXECUTED, ORDEREXECUTED, MD5SUM, DESCRIPTION, COMMENTS, EXECTYPE, CONTEXTS, LABELS, LIQUIBASE, DEPLOYMENT_ID) VALUES ('20-create-reviews-table', 'bohdan-s', 'db.changelog/changes/20-create-reviews-table.yaml', NOW(), 20, '9:ee79d17a8ff5a9e7583cfd18c5dbf3af', 'createTable tableName=reviews', '', 'EXECUTED', NULL, NULL, '4.29.2', '4076229319')
2025-08-01 19:23:49.974 [main] DEBUG liquibase.executor - 1 row(s) affected
2025-08-01 19:23:49.974 [main] DEBUG liquibase.executor - Changelog query completed.
2025-08-01 19:23:49.976 [main] DEBUG liquibase.util - Computed checksum for createTable:[
    columns=[
        [
            [
                nullable="false"
                primaryKey="true"
            ]
            autoIncrement="true"
            name="id"
            type="BIGINT"
        ],
        [
            [
                nullable="false"
            ]
            name="name"
            type="VARCHAR(255)"
        ],
        [
            [
                foreignKeyName="fk_event_sport"
                nullable="false"
                references="spor... [truncated in log] as 9d9f7aedd21973fa92bfd94f87811133
2025-08-01 19:23:49.976 [main] DEBUG liquibase.util - Computed checksum for 9:9d9f7aedd21973fa92bfd94f87811133: as 77d6c658cec160983089042a91fa03ca
2025-08-01 19:23:49.977 [main] INFO  liquibase.ui - Running Changeset: db.changelog/changes/21-create-events-table.yaml::21-create-events-table::bohdan-s
2025-08-01 19:23:49.977 [main] DEBUG liquibase.changelog - Running Changeset: db.changelog/changes/21-create-events-table.yaml::21-create-events-table::bohdan-s
2025-08-01 19:23:49.978 [main] DEBUG liquibase.executor - Changeset db.changelog/changes/21-create-events-table.yaml::21-create-events-table::bohdan-s
2025-08-01 19:23:49.978 [main] DEBUG liquibase.changelog - Reading ChangeSet: db.changelog/changes/21-create-events-table.yaml::21-create-events-table::bohdan-s
2025-08-01 19:23:49.980 [main] DEBUG liquibase.executor - Executing Statement: liquibase.statement.core.CreateTableStatement@73a8eb11
2025-08-01 19:23:49.981 [main] DEBUG liquibase.executor - CREATE TABLE PUBLIC.events (id BIGINT GENERATED BY DEFAULT AS IDENTITY NOT NULL, name VARCHAR(255) NOT NULL, sport_id BIGINT NOT NULL, description VARCHAR(255), date_time TIMESTAMP NOT NULL, gym_id BIGINT, trainer_id BIGINT, CONSTRAINT PK_EVENTS PRIMARY KEY (id), CONSTRAINT fk_event_sport FOREIGN KEY (sport_id) REFERENCES PUBLIC.sports(id), CONSTRAINT fk_event_gym FOREIGN KEY (gym_id) REFERENCES PUBLIC.gyms(id), CONSTRAINT fk_event_trainer FOREIGN KEY (trainer_id) REFERENCES PUBLIC.trainers(id))
2025-08-01 19:23:49.986 [main] DEBUG liquibase.executor - 0 row(s) affected
2025-08-01 19:23:49.986 [main] INFO  liquibase.changelog - Table events created
2025-08-01 19:23:49.987 [main] INFO  liquibase.changelog - ChangeSet db.changelog/changes/21-create-events-table.yaml::21-create-events-table::bohdan-s ran successfully in 10ms
2025-08-01 19:23:49.988 [main] DEBUG liquibase.executor - INSERT INTO PUBLIC.DATABASECHANGELOG (ID, AUTHOR, FILENAME, DATEEXECUTED, ORDEREXECUTED, MD5SUM, DESCRIPTION, COMMENTS, EXECTYPE, CONTEXTS, LABELS, LIQUIBASE, DEPLOYMENT_ID) VALUES ('21-create-events-table', 'bohdan-s', 'db.changelog/changes/21-create-events-table.yaml', NOW(), 21, '9:77d6c658cec160983089042a91fa03ca', 'createTable tableName=events', '', 'EXECUTED', NULL, NULL, '4.29.2', '4076229319')
2025-08-01 19:23:49.989 [main] DEBUG liquibase.executor - 1 row(s) affected
2025-08-01 19:23:49.989 [main] DEBUG liquibase.executor - Changelog query completed.
2025-08-01 19:23:49.990 [main] DEBUG liquibase.util - Computed checksum for createTable:[
    columns=[
        [
            [
                foreignKeyName="fk_user_credentials_role_user"
                nullable="false"
                references="user_credentials(id)"
            ]
            name="user_credentials_id"
            type="BIGINT"
        ],
        [
            [
                foreignKeyName="fk_user_credentials_role_role"
                nullable="false"
                references="roles(id)"
            ]
            name="role_id"
            ... [truncated in log] as 89d2f8157a888a4d4095494a33daa267
2025-08-01 19:23:49.991 [main] DEBUG liquibase.util - Computed checksum for addPrimaryKey:[
    columnNames="user_credentials_id, role_id"
    tableName="user_credentials_roles"
] as 108b48105b442cfb7fe94ba44f2529c6
2025-08-01 19:23:49.991 [main] DEBUG liquibase.util - Computed checksum for 9:89d2f8157a888a4d4095494a33daa267:9:108b48105b442cfb7fe94ba44f2529c6: as d0ed0797686dfb5c49cd8db5633f80d6
2025-08-01 19:23:49.992 [main] INFO  liquibase.ui - Running Changeset: db.changelog/changes/22-create-user_credentials_roles-table.yaml::22-create-user_credentials_roles-table::bohdan-s
2025-08-01 19:23:49.992 [main] DEBUG liquibase.changelog - Running Changeset: db.changelog/changes/22-create-user_credentials_roles-table.yaml::22-create-user_credentials_roles-table::bohdan-s
2025-08-01 19:23:49.993 [main] DEBUG liquibase.executor - Changeset db.changelog/changes/22-create-user_credentials_roles-table.yaml::22-create-user_credentials_roles-table::bohdan-s
2025-08-01 19:23:49.993 [main] DEBUG liquibase.changelog - Reading ChangeSet: db.changelog/changes/22-create-user_credentials_roles-table.yaml::22-create-user_credentials_roles-table::bohdan-s
2025-08-01 19:23:49.995 [main] DEBUG liquibase.executor - Executing Statement: liquibase.statement.core.CreateTableStatement@8d37e82
2025-08-01 19:23:49.995 [main] DEBUG liquibase.executor - CREATE TABLE PUBLIC.user_credentials_roles (user_credentials_id BIGINT NOT NULL, role_id BIGINT NOT NULL, CONSTRAINT fk_user_credentials_role_role FOREIGN KEY (role_id) REFERENCES PUBLIC.roles(id), CONSTRAINT fk_user_credentials_role_user FOREIGN KEY (user_credentials_id) REFERENCES PUBLIC.user_credentials(id))
2025-08-01 19:23:49.998 [main] DEBUG liquibase.executor - 0 row(s) affected
2025-08-01 19:23:49.999 [main] INFO  liquibase.changelog - Table user_credentials_roles created
2025-08-01 19:23:50.001 [main] DEBUG liquibase.executor - Executing Statement: liquibase.statement.core.AddPrimaryKeyStatement@13791756
2025-08-01 19:23:50.001 [main] DEBUG liquibase.executor - ALTER TABLE PUBLIC.user_credentials_roles ADD PRIMARY KEY (user_credentials_id, role_id)
2025-08-01 19:23:50.003 [main] DEBUG liquibase.executor - 0 row(s) affected
2025-08-01 19:23:50.003 [main] INFO  liquibase.changelog - Primary key added to user_credentials_roles (user_credentials_id, role_id)
2025-08-01 19:23:50.004 [main] INFO  liquibase.changelog - ChangeSet db.changelog/changes/22-create-user_credentials_roles-table.yaml::22-create-user_credentials_roles-table::bohdan-s ran successfully in 10ms
2025-08-01 19:23:50.005 [main] DEBUG liquibase.executor - INSERT INTO PUBLIC.DATABASECHANGELOG (ID, AUTHOR, FILENAME, DATEEXECUTED, ORDEREXECUTED, MD5SUM, DESCRIPTION, COMMENTS, EXECTYPE, CONTEXTS, LABELS, LIQUIBASE, DEPLOYMENT_ID) VALUES ('22-create-user_credentials_roles-table', 'bohdan-s', 'db.changelog/changes/22-create-user_credentials_roles-table.yaml', NOW(), 22, '9:d0ed0797686dfb5c49cd8db5633f80d6', 'createTable tableName=user_credentials_roles; addPrimaryKey tableName=user_credentials_roles', '', 'EXECUTED', NULL, NULL, '4.29.2', '4076229319')
2025-08-01 19:23:50.006 [main] DEBUG liquibase.executor - 1 row(s) affected
2025-08-01 19:23:50.006 [main] DEBUG liquibase.executor - Changelog query completed.
2025-08-01 19:23:50.007 [main] DEBUG liquibase.util - Computed checksum for createTable:[
    columns=[
        [
            [
                foreignKeyName="fk_trainer_certificate_trainer"
                nullable="false"
                references="trainers(id)"
            ]
            name="trainer_id"
            type="BIGINT"
        ],
        [
            [
                nullable="false"
            ]
            name="certificates"
            type="VARCHAR(255)"
        ]
    ]
    tableName="trainer_certificates"
] as fd78aeb8f5f5ece1c706d4a325f8a6b5
2025-08-01 19:23:50.008 [main] DEBUG liquibase.util - Computed checksum for 9:fd78aeb8f5f5ece1c706d4a325f8a6b5: as 47d44a7a18adbac784c2d097e62fb32f
2025-08-01 19:23:50.008 [main] INFO  liquibase.ui - Running Changeset: db.changelog/changes/23-create-trainer_certificates-table.yaml::23-create-trainer_certificates-table::bohdan-s
2025-08-01 19:23:50.009 [main] DEBUG liquibase.changelog - Running Changeset: db.changelog/changes/23-create-trainer_certificates-table.yaml::23-create-trainer_certificates-table::bohdan-s
2025-08-01 19:23:50.009 [main] DEBUG liquibase.executor - Changeset db.changelog/changes/23-create-trainer_certificates-table.yaml::23-create-trainer_certificates-table::bohdan-s
2025-08-01 19:23:50.010 [main] DEBUG liquibase.changelog - Reading ChangeSet: db.changelog/changes/23-create-trainer_certificates-table.yaml::23-create-trainer_certificates-table::bohdan-s
2025-08-01 19:23:50.011 [main] DEBUG liquibase.executor - Executing Statement: liquibase.statement.core.CreateTableStatement@49cae2fe
2025-08-01 19:23:50.012 [main] DEBUG liquibase.executor - CREATE TABLE PUBLIC.trainer_certificates (trainer_id BIGINT NOT NULL, certificates VARCHAR(255) NOT NULL, CONSTRAINT fk_trainer_certificate_trainer FOREIGN KEY (trainer_id) REFERENCES PUBLIC.trainers(id))
2025-08-01 19:23:50.014 [main] DEBUG liquibase.executor - 0 row(s) affected
2025-08-01 19:23:50.014 [main] INFO  liquibase.changelog - Table trainer_certificates created
2025-08-01 19:23:50.015 [main] INFO  liquibase.changelog - ChangeSet db.changelog/changes/23-create-trainer_certificates-table.yaml::23-create-trainer_certificates-table::bohdan-s ran successfully in 6ms
2025-08-01 19:23:50.016 [main] DEBUG liquibase.executor - INSERT INTO PUBLIC.DATABASECHANGELOG (ID, AUTHOR, FILENAME, DATEEXECUTED, ORDEREXECUTED, MD5SUM, DESCRIPTION, COMMENTS, EXECTYPE, CONTEXTS, LABELS, LIQUIBASE, DEPLOYMENT_ID) VALUES ('23-create-trainer_certificates-table', 'bohdan-s', 'db.changelog/changes/23-create-trainer_certificates-table.yaml', NOW(), 23, '9:47d44a7a18adbac784c2d097e62fb32f', 'createTable tableName=trainer_certificates', '', 'EXECUTED', NULL, NULL, '4.29.2', '4076229319')
2025-08-01 19:23:50.017 [main] DEBUG liquibase.executor - 1 row(s) affected
2025-08-01 19:23:50.017 [main] DEBUG liquibase.executor - Changelog query completed.
2025-08-01 19:23:50.018 [main] DEBUG liquibase.util - Computed checksum for insert:[
    columns=[
        [
            name="sport_name"
            value="Тренажерний зал"
        ]
    ]
    tableName="sports"
] as 66413d13a3669fe9f2c3d8a5bcdea4b0
2025-08-01 19:23:50.019 [main] DEBUG liquibase.util - Computed checksum for insert:[
    columns=[
        [
            name="sport_name"
            value="Плавання"
        ]
    ]
    tableName="sports"
] as 25be80afdb242566293082dc7db6a951
2025-08-01 19:23:50.020 [main] DEBUG liquibase.util - Computed checksum for insert:[
    columns=[
        [
            name="sport_name"
            value="Кроссфіт"
        ]
    ]
    tableName="sports"
] as 09c2ac996272d2c81fdde37d20e29fe7
2025-08-01 19:23:50.020 [main] DEBUG liquibase.util - Computed checksum for insert:[
    columns=[
        [
            name="sport_name"
            value="Сквош"
        ]
    ]
    tableName="sports"
] as e8154bdca60e47ec87f4f76be59df100
2025-08-01 19:23:50.021 [main] DEBUG liquibase.util - Computed checksum for insert:[
    columns=[
        [
            name="sport_name"
            value="Бокс"
        ]
    ]
    tableName="sports"
] as b851ae036e92d643c98dcf075e446de6
2025-08-01 19:23:50.022 [main] DEBUG liquibase.util - Computed checksum for insert:[
    columns=[
        [
            name="sport_name"
            value="Стретчинг"
        ]
    ]
    tableName="sports"
] as ac48b4e8db96d399c060f972bc02a896
2025-08-01 19:23:50.022 [main] DEBUG liquibase.util - Computed checksum for insert:[
    columns=[
        [
            name="sport_name"
            value="Йога"
        ]
    ]
    tableName="sports"
] as 3895a541270234ece0fa267c696b0ec9
2025-08-01 19:23:50.023 [main] DEBUG liquibase.util - Computed checksum for insert:[
    columns=[
        [
            name="sport_name"
            value="Сайклінг"
        ]
    ]
    tableName="sports"
] as 806a6b0386bed69e2c3889ff35cdcf69
2025-08-01 19:23:50.023 [main] DEBUG liquibase.util - Computed checksum for insert:[
    columns=[
        [
            name="sport_name"
            value="Дитячий фітнес"
        ]
    ]
    tableName="sports"
] as be829fdf665dfad19e9570cccfad69df
2025-08-01 19:23:50.024 [main] DEBUG liquibase.util - Computed checksum for insert:[
    columns=[
        [
            name="sport_name"
            value="Дитяче плавання"
        ]
    ]
    tableName="sports"
] as cd16e3a60cc295f0a072073b50ca9400
2025-08-01 19:23:50.024 [main] DEBUG liquibase.util - Computed checksum for insert:[
    columns=[
        [
            name="sport_name"
            value="Плавання для немовлят"
        ]
    ]
    tableName="sports"
] as 2959ad132728c9d8404e62f529badc23
2025-08-01 19:23:50.025 [main] DEBUG liquibase.util - Computed checksum for insert:[
    columns=[
        [
            name="sport_name"
            value="Аква аеробіка"
        ]
    ]
    tableName="sports"
] as 0c7daa00f997b86059d340521e3cab54
2025-08-01 19:23:50.025 [main] DEBUG liquibase.util - Computed checksum for insert:[
    columns=[
        [
            name="sport_name"
            value="Пілатес"
        ]
    ]
    tableName="sports"
] as 62a3aa773f19481a876790dd9d97f1a0
2025-08-01 19:23:50.026 [main] DEBUG liquibase.util - Computed checksum for insert:[
    columns=[
        [
            name="sport_name"
            value="Степ аеробіка"
        ]
    ]
    tableName="sports"
] as e53db54307ef228d9d84362c7e1cfc94
2025-08-01 19:23:50.026 [main] DEBUG liquibase.util - Computed checksum for insert:[
    columns=[
        [
            name="sport_name"
            value="Настільний теніс"
        ]
    ]
    tableName="sports"
] as 9379616fa3d85b93d1c0ac36a5373505
2025-08-01 19:23:50.027 [main] DEBUG liquibase.util - Computed checksum for insert:[
    columns=[
        [
            name="sport_name"
            value="TRX"
        ]
    ]
    tableName="sports"
] as 1d6864036782db0d874fb8d9b2ad4fc1
2025-08-01 19:23:50.027 [main] DEBUG liquibase.util - Computed checksum for insert:[
    columns=[
        [
            name="sport_name"
            value="Жіночий бокс"
        ]
    ]
    tableName="sports"
] as f2efef703a78bf94533aa5dcdd03e155
2025-08-01 19:23:50.028 [main] DEBUG liquibase.util - Computed checksum for 9:66413d13a3669fe9f2c3d8a5bcdea4b0:9:25be80afdb242566293082dc7db6a951:9:09c2ac996272d2c81fdde37d20e29fe7:9:e8154bdca60e47ec87f4f76be59df100:9:b851ae036e92d643c98dcf075e446de6:9:ac48b4e8db96d399c060f972bc02a896:9:3895a541270234ece0fa267c696b0ec9:9:806a6b0386bed69e2c3889ff35cdcf69:9:be829fdf665dfad19e9570cccfad69df:9:cd16e3a60cc295f0a072073b50ca9400:9:2959ad132728c9d8404e62f529badc23:9:0c7daa00f997b86059d340521e3cab54:9:62a3aa773f19481a876790dd9d97f1a0:9:e53db54307ef228d9d84362c7e1cfc94:9:9379616f... [truncated in log] as 9ab65fac254bdd27b612be7540a13856
2025-08-01 19:23:50.028 [main] INFO  liquibase.ui - Running Changeset: db.changelog/changes/24-insert-sports-data.yaml::24-insert-sports-data::bohdan-s
2025-08-01 19:23:50.029 [main] DEBUG liquibase.changelog - Running Changeset: db.changelog/changes/24-insert-sports-data.yaml::24-insert-sports-data::bohdan-s
2025-08-01 19:23:50.029 [main] DEBUG liquibase.executor - Changeset db.changelog/changes/24-insert-sports-data.yaml::24-insert-sports-data::bohdan-s
2025-08-01 19:23:50.029 [main] DEBUG liquibase.changelog - Reading ChangeSet: db.changelog/changes/24-insert-sports-data.yaml::24-insert-sports-data::bohdan-s
2025-08-01 19:23:50.030 [main] DEBUG liquibase.executor - Executing Statement: liquibase.statement.core.InsertStatement@4caf1a68
2025-08-01 19:23:50.031 [main] DEBUG liquibase.executor - INSERT INTO PUBLIC.sports (sport_name) VALUES ('Тренажерний зал')
2025-08-01 19:23:50.032 [main] DEBUG liquibase.executor - 1 row(s) affected
2025-08-01 19:23:50.032 [main] INFO  liquibase.changelog - New row inserted into sports
2025-08-01 19:23:50.033 [main] DEBUG liquibase.executor - Executing Statement: liquibase.statement.core.InsertStatement@35390e45
2025-08-01 19:23:50.035 [main] DEBUG liquibase.executor - INSERT INTO PUBLIC.sports (sport_name) VALUES ('Плавання')
2025-08-01 19:23:50.035 [main] DEBUG liquibase.executor - 1 row(s) affected
2025-08-01 19:23:50.036 [main] INFO  liquibase.changelog - New row inserted into sports
2025-08-01 19:23:50.037 [main] DEBUG liquibase.executor - Executing Statement: liquibase.statement.core.InsertStatement@56e83412
2025-08-01 19:23:50.037 [main] DEBUG liquibase.executor - INSERT INTO PUBLIC.sports (sport_name) VALUES ('Кроссфіт')
2025-08-01 19:23:50.038 [main] DEBUG liquibase.executor - 1 row(s) affected
2025-08-01 19:23:50.038 [main] INFO  liquibase.changelog - New row inserted into sports
2025-08-01 19:23:50.039 [main] DEBUG liquibase.executor - Executing Statement: liquibase.statement.core.InsertStatement@187cb42a
2025-08-01 19:23:50.040 [main] DEBUG liquibase.executor - INSERT INTO PUBLIC.sports (sport_name) VALUES ('Сквош')
2025-08-01 19:23:50.041 [main] DEBUG liquibase.executor - 1 row(s) affected
2025-08-01 19:23:50.041 [main] INFO  liquibase.changelog - New row inserted into sports
2025-08-01 19:23:50.042 [main] DEBUG liquibase.executor - Executing Statement: liquibase.statement.core.InsertStatement@2c349117
2025-08-01 19:23:50.042 [main] DEBUG liquibase.executor - INSERT INTO PUBLIC.sports (sport_name) VALUES ('Бокс')
2025-08-01 19:23:50.043 [main] DEBUG liquibase.executor - 1 row(s) affected
2025-08-01 19:23:50.043 [main] INFO  liquibase.changelog - New row inserted into sports
2025-08-01 19:23:50.044 [main] DEBUG liquibase.executor - Executing Statement: liquibase.statement.core.InsertStatement@5182f9f2
2025-08-01 19:23:50.045 [main] DEBUG liquibase.executor - INSERT INTO PUBLIC.sports (sport_name) VALUES ('Стретчинг')
2025-08-01 19:23:50.045 [main] DEBUG liquibase.executor - 1 row(s) affected
2025-08-01 19:23:50.046 [main] INFO  liquibase.changelog - New row inserted into sports
2025-08-01 19:23:50.046 [main] DEBUG liquibase.executor - Executing Statement: liquibase.statement.core.InsertStatement@465d0f74
2025-08-01 19:23:50.047 [main] DEBUG liquibase.executor - INSERT INTO PUBLIC.sports (sport_name) VALUES ('Йога')
2025-08-01 19:23:50.048 [main] DEBUG liquibase.executor - 1 row(s) affected
2025-08-01 19:23:50.048 [main] INFO  liquibase.changelog - New row inserted into sports
2025-08-01 19:23:50.049 [main] DEBUG liquibase.executor - Executing Statement: liquibase.statement.core.InsertStatement@3b7d3e71
2025-08-01 19:23:50.050 [main] DEBUG liquibase.executor - INSERT INTO PUBLIC.sports (sport_name) VALUES ('Сайклінг')
2025-08-01 19:23:50.050 [main] DEBUG liquibase.executor - 1 row(s) affected
2025-08-01 19:23:50.050 [main] INFO  liquibase.changelog - New row inserted into sports
2025-08-01 19:23:50.051 [main] DEBUG liquibase.executor - Executing Statement: liquibase.statement.core.InsertStatement@3349bc20
2025-08-01 19:23:50.052 [main] DEBUG liquibase.executor - INSERT INTO PUBLIC.sports (sport_name) VALUES ('Дитячий фітнес')
2025-08-01 19:23:50.052 [main] DEBUG liquibase.executor - 1 row(s) affected
2025-08-01 19:23:50.053 [main] INFO  liquibase.changelog - New row inserted into sports
2025-08-01 19:23:50.054 [main] DEBUG liquibase.executor - Executing Statement: liquibase.statement.core.InsertStatement@75c29ed2
2025-08-01 19:23:50.054 [main] DEBUG liquibase.executor - INSERT INTO PUBLIC.sports (sport_name) VALUES ('Дитяче плавання')
2025-08-01 19:23:50.055 [main] DEBUG liquibase.executor - 1 row(s) affected
2025-08-01 19:23:50.056 [main] INFO  liquibase.changelog - New row inserted into sports
2025-08-01 19:23:50.056 [main] DEBUG liquibase.executor - Executing Statement: liquibase.statement.core.InsertStatement@5b4a09b1
2025-08-01 19:23:50.057 [main] DEBUG liquibase.executor - INSERT INTO PUBLIC.sports (sport_name) VALUES ('Плавання для немовлят')
2025-08-01 19:23:50.058 [main] DEBUG liquibase.executor - 1 row(s) affected
2025-08-01 19:23:50.058 [main] INFO  liquibase.changelog - New row inserted into sports
2025-08-01 19:23:50.059 [main] DEBUG liquibase.executor - Executing Statement: liquibase.statement.core.InsertStatement@9963a1f
2025-08-01 19:23:50.059 [main] DEBUG liquibase.executor - INSERT INTO PUBLIC.sports (sport_name) VALUES ('Аква аеробіка')
2025-08-01 19:23:50.060 [main] DEBUG liquibase.executor - 1 row(s) affected
2025-08-01 19:23:50.061 [main] INFO  liquibase.changelog - New row inserted into sports
2025-08-01 19:23:50.062 [main] DEBUG liquibase.executor - Executing Statement: liquibase.statement.core.InsertStatement@77402fb1
2025-08-01 19:23:50.062 [main] DEBUG liquibase.executor - INSERT INTO PUBLIC.sports (sport_name) VALUES ('Пілатес')
2025-08-01 19:23:50.063 [main] DEBUG liquibase.executor - 1 row(s) affected
2025-08-01 19:23:50.064 [main] INFO  liquibase.changelog - New row inserted into sports
2025-08-01 19:23:50.064 [main] DEBUG liquibase.executor - Executing Statement: liquibase.statement.core.InsertStatement@16951b85
2025-08-01 19:23:50.065 [main] DEBUG liquibase.executor - INSERT INTO PUBLIC.sports (sport_name) VALUES ('Степ аеробіка')
2025-08-01 19:23:50.066 [main] DEBUG liquibase.executor - 1 row(s) affected
2025-08-01 19:23:50.066 [main] INFO  liquibase.changelog - New row inserted into sports
2025-08-01 19:23:50.067 [main] DEBUG liquibase.executor - Executing Statement: liquibase.statement.core.InsertStatement@1d998f67
2025-08-01 19:23:50.068 [main] DEBUG liquibase.executor - INSERT INTO PUBLIC.sports (sport_name) VALUES ('Настільний теніс')
2025-08-01 19:23:50.069 [main] DEBUG liquibase.executor - 1 row(s) affected
2025-08-01 19:23:50.069 [main] INFO  liquibase.changelog - New row inserted into sports
2025-08-01 19:23:50.070 [main] DEBUG liquibase.executor - Executing Statement: liquibase.statement.core.InsertStatement@25671809
2025-08-01 19:23:50.071 [main] DEBUG liquibase.executor - INSERT INTO PUBLIC.sports (sport_name) VALUES ('TRX')
2025-08-01 19:23:50.072 [main] DEBUG liquibase.executor - 1 row(s) affected
2025-08-01 19:23:50.072 [main] INFO  liquibase.changelog - New row inserted into sports
2025-08-01 19:23:50.073 [main] DEBUG liquibase.executor - Executing Statement: liquibase.statement.core.InsertStatement@532c86b3
2025-08-01 19:23:50.074 [main] DEBUG liquibase.executor - INSERT INTO PUBLIC.sports (sport_name) VALUES ('Жіночий бокс')
2025-08-01 19:23:50.075 [main] DEBUG liquibase.executor - 1 row(s) affected
2025-08-01 19:23:50.075 [main] INFO  liquibase.changelog - New row inserted into sports
2025-08-01 19:23:50.076 [main] INFO  liquibase.changelog - ChangeSet db.changelog/changes/24-insert-sports-data.yaml::24-insert-sports-data::bohdan-s ran successfully in 47ms
2025-08-01 19:23:50.077 [main] DEBUG liquibase.executor - INSERT INTO PUBLIC.DATABASECHANGELOG (ID, AUTHOR, FILENAME, DATEEXECUTED, ORDEREXECUTED, MD5SUM, DESCRIPTION, COMMENTS, EXECTYPE, CONTEXTS, LABELS, LIQUIBASE, DEPLOYMENT_ID) VALUES ('24-insert-sports-data', 'bohdan-s', 'db.changelog/changes/24-insert-sports-data.yaml', NOW(), 24, '9:9ab65fac254bdd27b612be7540a13856', 'insert tableName=sports; insert tableName=sports; insert tableName=sports; insert tableName=sports; insert tableName=sports; insert tableName=sports; insert tableName=sports; insert tableName=sports; insert tableName=sports; insert tableName=sport...', '', 'EXECUTED', NULL, NULL, '4.29.2', '4076229319')
2025-08-01 19:23:50.078 [main] DEBUG liquibase.executor - 1 row(s) affected
2025-08-01 19:23:50.079 [main] DEBUG liquibase.executor - Changelog query completed.
2025-08-01 19:23:50.080 [main] DEBUG liquibase.util - Computed checksum for insert:[
    columns=[
        [
            name="id"
            value="1"
        ],
        [
            name="name"
            value="ROLE_ADMIN"
        ]
    ]
    tableName="roles"
] as ecf6c6cfbd47a4757d0cf45373ee2061
2025-08-01 19:23:50.081 [main] DEBUG liquibase.util - Computed checksum for insert:[
    columns=[
        [
            name="id"
            value="2"
        ],
        [
            name="name"
            value="ROLE_ATHLETE"
        ]
    ]
    tableName="roles"
] as 95d818b01fa89cf0dbc53f9ec047932c
2025-08-01 19:23:50.082 [main] DEBUG liquibase.util - Computed checksum for insert:[
    columns=[
        [
            name="id"
            value="3"
        ],
        [
            name="name"
            value="ROLE_TRAINER"
        ]
    ]
    tableName="roles"
] as d626e5893cb4c9b5517dc355f7f302a3
2025-08-01 19:23:50.082 [main] DEBUG liquibase.util - Computed checksum for insert:[
    columns=[
        [
            name="id"
            value="4"
        ],
        [
            name="name"
            value="ROLE_GYM_OWNER"
        ]
    ]
    tableName="roles"
] as fccab4751b9c36bd6fe4bb4d135565c6
2025-08-01 19:23:50.083 [main] DEBUG liquibase.util - Computed checksum for 9:ecf6c6cfbd47a4757d0cf45373ee2061:9:95d818b01fa89cf0dbc53f9ec047932c:9:d626e5893cb4c9b5517dc355f7f302a3:9:fccab4751b9c36bd6fe4bb4d135565c6: as 70e56b87383493f606906824f528f836
2025-08-01 19:23:50.083 [main] INFO  liquibase.ui - Running Changeset: db.changelog/changes/25-insert-roles-to-roles.yaml::25-insert-roles-to-roles::bohdan-s
2025-08-01 19:23:50.084 [main] DEBUG liquibase.changelog - Running Changeset: db.changelog/changes/25-insert-roles-to-roles.yaml::25-insert-roles-to-roles::bohdan-s
2025-08-01 19:23:50.085 [main] DEBUG liquibase.executor - Changeset db.changelog/changes/25-insert-roles-to-roles.yaml::25-insert-roles-to-roles::bohdan-s
2025-08-01 19:23:50.086 [main] DEBUG liquibase.changelog - Reading ChangeSet: db.changelog/changes/25-insert-roles-to-roles.yaml::25-insert-roles-to-roles::bohdan-s
2025-08-01 19:23:50.088 [main] DEBUG liquibase.executor - Executing Statement: liquibase.statement.core.InsertStatement@24264101
2025-08-01 19:23:50.089 [main] DEBUG liquibase.executor - INSERT INTO PUBLIC.roles (id, name) VALUES ('1', 'ROLE_ADMIN')
2025-08-01 19:23:50.090 [main] DEBUG liquibase.executor - 1 row(s) affected
2025-08-01 19:23:50.090 [main] INFO  liquibase.changelog - New row inserted into roles
2025-08-01 19:23:50.091 [main] DEBUG liquibase.executor - Executing Statement: liquibase.statement.core.InsertStatement@5dc7bbe8
2025-08-01 19:23:50.092 [main] DEBUG liquibase.executor - INSERT INTO PUBLIC.roles (id, name) VALUES ('2', 'ROLE_ATHLETE')
2025-08-01 19:23:50.093 [main] DEBUG liquibase.executor - 1 row(s) affected
2025-08-01 19:23:50.094 [main] INFO  liquibase.changelog - New row inserted into roles
2025-08-01 19:23:50.094 [main] DEBUG liquibase.executor - Executing Statement: liquibase.statement.core.InsertStatement@6ed0a229
2025-08-01 19:23:50.095 [main] DEBUG liquibase.executor - INSERT INTO PUBLIC.roles (id, name) VALUES ('3', 'ROLE_TRAINER')
2025-08-01 19:23:50.096 [main] DEBUG liquibase.executor - 1 row(s) affected
2025-08-01 19:23:50.097 [main] INFO  liquibase.changelog - New row inserted into roles
2025-08-01 19:23:50.098 [main] DEBUG liquibase.executor - Executing Statement: liquibase.statement.core.InsertStatement@1ab2a436
2025-08-01 19:23:50.099 [main] DEBUG liquibase.executor - INSERT INTO PUBLIC.roles (id, name) VALUES ('4', 'ROLE_GYM_OWNER')
2025-08-01 19:23:50.099 [main] DEBUG liquibase.executor - 1 row(s) affected
2025-08-01 19:23:50.100 [main] INFO  liquibase.changelog - New row inserted into roles
2025-08-01 19:23:50.101 [main] INFO  liquibase.changelog - ChangeSet db.changelog/changes/25-insert-roles-to-roles.yaml::25-insert-roles-to-roles::bohdan-s ran successfully in 16ms
2025-08-01 19:23:50.102 [main] DEBUG liquibase.executor - INSERT INTO PUBLIC.DATABASECHANGELOG (ID, AUTHOR, FILENAME, DATEEXECUTED, ORDEREXECUTED, MD5SUM, DESCRIPTION, COMMENTS, EXECTYPE, CONTEXTS, LABELS, LIQUIBASE, DEPLOYMENT_ID) VALUES ('25-insert-roles-to-roles', 'bohdan-s', 'db.changelog/changes/25-insert-roles-to-roles.yaml', NOW(), 25, '9:70e56b87383493f606906824f528f836', 'insert tableName=roles; insert tableName=roles; insert tableName=roles; insert tableName=roles', '', 'EXECUTED', NULL, NULL, '4.29.2', '4076229319')
2025-08-01 19:23:50.103 [main] DEBUG liquibase.executor - 1 row(s) affected
2025-08-01 19:23:50.103 [main] DEBUG liquibase.executor - Changelog query completed.
2025-08-01 19:23:50.104 [main] DEBUG liquibase.util - Computed checksum for inputStream as 6fb70ffae83ad39b0eaba7cc05d62223
2025-08-01 19:23:50.105 [main] DEBUG liquibase.util - Computed checksum for insert:[
    columns=[
        [
            name="first_name"
            value="Super"
        ],
        [
            name="last_name"
            value="Admin"
        ],
        [
            name="user_credentials_id"
            valueComputed="(SELECT id FROM user_credentials WHERE email = 'admin@example.com')"
        ]
    ]
    tableName="admins"
] as cdcbea42e7e6691a3fc8f07884ab7955
2025-08-01 19:23:50.106 [main] DEBUG liquibase.util - Computed checksum for insert:[
    columns=[
        [
            name="user_credentials_id"
            valueComputed="(SELECT id FROM user_credentials WHERE email = 'admin@example.com')"
        ],
        [
            name="role_id"
            valueComputed="(SELECT id FROM roles WHERE name = 'ROLE_ADMIN')"
        ]
    ]
    tableName="user_credentials_roles"
] as bc5bed366659a0e25592f2f4ba56b2dc
2025-08-01 19:23:50.107 [main] DEBUG liquibase.util - Computed checksum for 9:6fb70ffae83ad39b0eaba7cc05d62223:9:cdcbea42e7e6691a3fc8f07884ab7955:9:bc5bed366659a0e25592f2f4ba56b2dc: as 6dd6ceb3e49f5d969581e1e63aea8190
2025-08-01 19:23:50.108 [main] INFO  liquibase.ui - Running Changeset: db.changelog/changes/26-insert-admin-to-admins.yaml::26-insert-admin-to-admins::bohdan-s
2025-08-01 19:23:50.108 [main] DEBUG liquibase.changelog - Running Changeset: db.changelog/changes/26-insert-admin-to-admins.yaml::26-insert-admin-to-admins::bohdan-s
2025-08-01 19:23:50.109 [main] DEBUG liquibase.executor - Changeset db.changelog/changes/26-insert-admin-to-admins.yaml::26-insert-admin-to-admins::bohdan-s
2025-08-01 19:23:50.110 [main] DEBUG liquibase.changelog - Reading ChangeSet: db.changelog/changes/26-insert-admin-to-admins.yaml::26-insert-admin-to-admins::bohdan-s
2025-08-01 19:23:50.114 [main] DEBUG liquibase.executor - Executing Statement: INSERT INTO user_credentials (email, password, user_type)
SELECT 'admin@example.com', '$2a$10$2y03kivOdVnunKG2k53YeO8VO6Ks1UFPsWixKvl9PKtQsyXAFncmi', 'ADMIN'
WHERE NOT EXISTS (SELECT 1 FROM user_credentials WHERE email = 'admin@example.com')
2025-08-01 19:23:50.115 [main] DEBUG liquibase.executor - INSERT INTO user_credentials (email, password, user_type)
SELECT 'admin@example.com', '$2a$10$2y03kivOdVnunKG2k53YeO8VO6Ks1UFPsWixKvl9PKtQsyXAFncmi', 'ADMIN'
WHERE NOT EXISTS (SELECT 1 FROM user_credentials WHERE email = 'admin@example.com')
2025-08-01 19:23:50.117 [main] DEBUG liquibase.executor - 1 row(s) affected
2025-08-01 19:23:50.117 [main] INFO  liquibase.changelog - Custom SQL executed
2025-08-01 19:23:50.119 [main] DEBUG liquibase.executor - Executing Statement: liquibase.statement.core.InsertStatement@44c6e3f5
2025-08-01 19:23:50.120 [main] DEBUG liquibase.executor - INSERT INTO PUBLIC.admins (first_name, last_name, user_credentials_id) VALUES ('Super', 'Admin', (SELECT id FROM user_credentials WHERE email = 'admin@example.com'))
2025-08-01 19:23:50.121 [main] DEBUG liquibase.executor - 1 row(s) affected
2025-08-01 19:23:50.122 [main] INFO  liquibase.changelog - New row inserted into admins
2025-08-01 19:23:50.123 [main] DEBUG liquibase.executor - Executing Statement: liquibase.statement.core.InsertStatement@3a614b0a
2025-08-01 19:23:50.124 [main] DEBUG liquibase.executor - INSERT INTO PUBLIC.user_credentials_roles (user_credentials_id, role_id) VALUES ((SELECT id FROM user_credentials WHERE email = 'admin@example.com'), (SELECT id FROM roles WHERE name = 'ROLE_ADMIN'))
2025-08-01 19:23:50.126 [main] DEBUG liquibase.executor - 1 row(s) affected
2025-08-01 19:23:50.127 [main] INFO  liquibase.changelog - New row inserted into user_credentials_roles
2025-08-01 19:23:50.128 [main] INFO  liquibase.changelog - ChangeSet db.changelog/changes/26-insert-admin-to-admins.yaml::26-insert-admin-to-admins::bohdan-s ran successfully in 19ms
2025-08-01 19:23:50.130 [main] DEBUG liquibase.executor - INSERT INTO PUBLIC.DATABASECHANGELOG (ID, AUTHOR, FILENAME, DATEEXECUTED, ORDEREXECUTED, MD5SUM, DESCRIPTION, COMMENTS, EXECTYPE, CONTEXTS, LABELS, LIQUIBASE, DEPLOYMENT_ID) VALUES ('26-insert-admin-to-admins', 'bohdan-s', 'db.changelog/changes/26-insert-admin-to-admins.yaml', NOW(), 26, '9:6dd6ceb3e49f5d969581e1e63aea8190', 'sql; insert tableName=admins; insert tableName=user_credentials_roles', '', 'EXECUTED', NULL, NULL, '4.29.2', '4076229319')
2025-08-01 19:23:50.131 [main] DEBUG liquibase.executor - 1 row(s) affected
2025-08-01 19:23:50.132 [main] DEBUG liquibase.executor - Changelog query completed.
2025-08-01 19:23:50.133 [main] DEBUG liquibase.util - Computed checksum for insert:[
    columns=[
        [
            name="email"
            value="ivan.petrenko@example.com"
        ],
        [
            name="password"
            value="$2a$10$2y03kivOdVnunKG2k53YeO8VO6Ks1UFPsWixKvl9PKtQsyXAFncmi"
        ],
        [
            name="user_type"
            value="TRAINER"
        ],
        [
            name="is_deleted"
            value="false"
        ]
    ]
    tableName="user_credentials"
] as 46347dc36c4ba709d4e76b75f317b194
2025-08-01 19:23:50.134 [main] DEBUG liquibase.util - Computed checksum for insert:[
    columns=[
        [
            name="user_credentials_id"
            valueComputed="(SELECT id FROM user_credentials WHERE email = 'ivan.petrenko@example.com')"
        ],
        [
            name="role_id"
            value="3"
        ]
    ]
    tableName="user_credentials_roles"
] as 7b57a43f905c1d30b9aa39b62ebec5d4
2025-08-01 19:23:50.134 [main] DEBUG liquibase.util - Computed checksum for insert:[
    columns=[
        [
            name="country"
            value="Україна"
        ],
        [
            name="city"
            value="Київ"
        ],
        [
            name="street"
            value="Хрещатик"
        ],
        [
            name="house"
            value="10"
        ],
        [
            name="is_deleted"
            value="false"
        ]
    ]
    tableName="addresses"
] as 0cc3f9033240d254be653a86218e6b44
2025-08-01 19:23:50.137 [main] DEBUG liquibase.util - Computed checksum for insert:[
    columns=[
        [
            name="first_name"
            value="Іван"
        ],
        [
            name="last_name"
            value="Петренко_TEST"
        ],
        [
            name="gender"
            value="MALE"
        ],
        [
            name="date_of_birth"
            value="1985-05-15"
        ],
        [
            name="profile_image_url"
            value=""
        ],
        [
            name="user_credentials_id"
            valueComputed="(SELE... [truncated in log] as 381663ba417c2fb84197237f5e332d0d
2025-08-01 19:23:50.138 [main] DEBUG liquibase.util - Computed checksum for insert:[
    columns=[
        [
            name="trainer_id"
            valueComputed="(SELECT id FROM trainers WHERE first_name = 'Іван' AND last_name = 'Петренко_TEST')"
        ],
        [
            name="phone_numbers"
            value="+38(050)-111-2233"
        ]
    ]
    tableName="trainer_phone_numbers"
] as 850ce1de1db5aa351998505fc0ca0f82
2025-08-01 19:23:50.139 [main] DEBUG liquibase.util - Computed checksum for insert:[
    columns=[
        [
            name="trainer_id"
            valueComputed="(SELECT id FROM trainers WHERE first_name = 'Іван' AND last_name = 'Петренко_TEST')"
        ],
        [
            name="certificates"
            value="Сертифікат АФК"
        ]
    ]
    tableName="trainer_certificates"
] as 844e3bd96e796403416699383bdc8c1e
2025-08-01 19:23:50.140 [main] DEBUG liquibase.util - Computed checksum for insert:[
    columns=[
        [
            name="trainer_id"
            valueComputed="(SELECT id FROM trainers WHERE first_name = 'Іван' AND last_name = 'Петренко_TEST')"
        ],
        [
            name="sport_id"
            value="3"
        ]
    ]
    tableName="sports_trainers"
] as 243e43dd4aab5fdbebf00531f4f0a551
2025-08-01 19:23:50.141 [main] DEBUG liquibase.util - Computed checksum for insert:[
    columns=[
        [
            name="trainer_id"
            valueComputed="(SELECT id FROM trainers WHERE first_name = 'Іван' AND last_name = 'Петренко_TEST')"
        ],
        [
            name="sport_id"
            value="1"
        ]
    ]
    tableName="sports_trainers"
] as 8a13fa56f7562ba6f690f4cc6f98c198
2025-08-01 19:23:50.142 [main] DEBUG liquibase.util - Computed checksum for insert:[
    columns=[
        [
            name="email"
            value="olena.kovalchuk@example.com"
        ],
        [
            name="password"
            value="$2a$10$2y03kivOdVnunKG2k53YeO8VO6Ks1UFPsWixKvl9PKtQsyXAFncmi"
        ],
        [
            name="user_type"
            value="TRAINER"
        ],
        [
            name="is_deleted"
            value="false"
        ]
    ]
    tableName="user_credentials"
] as d358c464e1b591896202e75e91d2655a
2025-08-01 19:23:50.143 [main] DEBUG liquibase.util - Computed checksum for insert:[
    columns=[
        [
            name="user_credentials_id"
            valueComputed="(SELECT id FROM user_credentials WHERE email = 'olena.kovalchuk@example.com')"
        ],
        [
            name="role_id"
            value="3"
        ]
    ]
    tableName="user_credentials_roles"
] as 3d1afb454ee3a4469d2dc69e6b2ac732
2025-08-01 19:23:50.144 [main] DEBUG liquibase.util - Computed checksum for insert:[
    columns=[
        [
            name="country"
            value="Україна"
        ],
        [
            name="city"
            value="Львів"
        ],
        [
            name="street"
            value="Просп. Свободи"
        ],
        [
            name="house"
            value="25"
        ],
        [
            name="is_deleted"
            value="false"
        ]
    ]
    tableName="addresses"
] as a3888613964618ed3763f715ee8911f0
2025-08-01 19:23:50.145 [main] DEBUG liquibase.util - Computed checksum for insert:[
    columns=[
        [
            name="first_name"
            value="Олена"
        ],
        [
            name="last_name"
            value="Ковальчук_TEST"
        ],
        [
            name="gender"
            value="FEMALE"
        ],
        [
            name="date_of_birth"
            value="1990-11-20"
        ],
        [
            name="profile_image_url"
            value=""
        ],
        [
            name="user_credentials_id"
            valueComputed="(... [truncated in log] as 08776f31c0cac1c48d171e336eb89d94
2025-08-01 19:23:50.146 [main] DEBUG liquibase.util - Computed checksum for insert:[
    columns=[
        [
            name="trainer_id"
            valueComputed="(SELECT id FROM trainers WHERE first_name = 'Олена' AND last_name = 'Ковальчук_TEST')"
        ],
        [
            name="phone_numbers"
            value="+38(067)-222-3344"
        ]
    ]
    tableName="trainer_phone_numbers"
] as 4ee43f03356033aae8b06a34c3f750bc
2025-08-01 19:23:50.147 [main] DEBUG liquibase.util - Computed checksum for insert:[
    columns=[
        [
            name="trainer_id"
            valueComputed="(SELECT id FROM trainers WHERE first_name = 'Олена' AND last_name = 'Ковальчук_TEST')"
        ],
        [
            name="certificates"
            value="Сертифікат Йога Альянс"
        ]
    ]
    tableName="trainer_certificates"
] as fa128c8a35279b370e7aac464289c5e3
2025-08-01 19:23:50.148 [main] DEBUG liquibase.util - Computed checksum for insert:[
    columns=[
        [
            name="trainer_id"
            valueComputed="(SELECT id FROM trainers WHERE first_name = 'Олена' AND last_name = 'Ковальчук_TEST')"
        ],
        [
            name="sport_id"
            value="7"
        ]
    ]
    tableName="sports_trainers"
] as ba1ada4788017f464238b7edb3a6f276
2025-08-01 19:23:50.149 [main] DEBUG liquibase.util - Computed checksum for insert:[
    columns=[
        [
            name="trainer_id"
            valueComputed="(SELECT id FROM trainers WHERE first_name = 'Олена' AND last_name = 'Ковальчук_TEST')"
        ],
        [
            name="sport_id"
            value="13"
        ]
    ]
    tableName="sports_trainers"
] as b246d38968981e91597206656af1a708
2025-08-01 19:23:50.150 [main] DEBUG liquibase.util - Computed checksum for insert:[
    columns=[
        [
            name="email"
            value="mykhailo.sydorenko@example.com"
        ],
        [
            name="password"
            value="$2a$10$2y03kivOdVnunKG2k53YeO8VO6Ks1UFPsWixKvl9PKtQsyXAFncmi"
        ],
        [
            name="user_type"
            value="TRAINER"
        ],
        [
            name="is_deleted"
            value="false"
        ]
    ]
    tableName="user_credentials"
] as b631912c3ac18de6b6d8a63960bf8dac
2025-08-01 19:23:50.151 [main] DEBUG liquibase.util - Computed checksum for insert:[
    columns=[
        [
            name="user_credentials_id"
            valueComputed="(SELECT id FROM user_credentials WHERE email = 'mykhailo.sydorenko@example.com')"
        ],
        [
            name="role_id"
            value="3"
        ]
    ]
    tableName="user_credentials_roles"
] as 5ecb022a7ad1eeb0705d374e0e359e26
2025-08-01 19:23:50.152 [main] DEBUG liquibase.util - Computed checksum for insert:[
    columns=[
        [
            name="country"
            value="Україна"
        ],
        [
            name="city"
            value="Одеса"
        ],
        [
            name="street"
            value="Дерибасівська"
        ],
        [
            name="house"
            value="5"
        ],
        [
            name="is_deleted"
            value="false"
        ]
    ]
    tableName="addresses"
] as e11f67d219b6e8d9f11e928e96cb2b83
2025-08-01 19:23:50.153 [main] DEBUG liquibase.util - Computed checksum for insert:[
    columns=[
        [
            name="first_name"
            value="Михайло"
        ],
        [
            name="last_name"
            value="Сидоренко_TEST"
        ],
        [
            name="gender"
            value="MALE"
        ],
        [
            name="date_of_birth"
            value="1988-03-01"
        ],
        [
            name="profile_image_url"
            value=""
        ],
        [
            name="user_credentials_id"
            valueComputed="(... [truncated in log] as ccb0e3284da6a0938a3db429dea8a41a
2025-08-01 19:23:50.153 [main] DEBUG liquibase.util - Computed checksum for insert:[
    columns=[
        [
            name="trainer_id"
            valueComputed="(SELECT id FROM trainers WHERE first_name = 'Михайло' AND last_name = 'Сидоренко_TEST')"
        ],
        [
            name="phone_numbers"
            value="+38(095)-333-4455"
        ]
    ]
    tableName="trainer_phone_numbers"
] as e273fc1f26758d035006b9a44b220fd3
2025-08-01 19:23:50.154 [main] DEBUG liquibase.util - Computed checksum for insert:[
    columns=[
        [
            name="trainer_id"
            valueComputed="(SELECT id FROM trainers WHERE first_name = 'Михайло' AND last_name = 'Сидоренко_TEST')"
        ],
        [
            name="certificates"
            value="Сертифікат Федерації Боксу"
        ]
    ]
    tableName="trainer_certificates"
] as 8873840ce0c3d1f499cd69ee9da64e04
2025-08-01 19:23:50.154 [main] DEBUG liquibase.util - Computed checksum for insert:[
    columns=[
        [
            name="trainer_id"
            valueComputed="(SELECT id FROM trainers WHERE first_name = 'Михайло' AND last_name = 'Сидоренко_TEST')"
        ],
        [
            name="sport_id"
            value="5"
        ]
    ]
    tableName="sports_trainers"
] as 95cb53d78748966ccda8236178bb70a7
2025-08-01 19:23:50.155 [main] DEBUG liquibase.util - Computed checksum for insert:[
    columns=[
        [
            name="trainer_id"
            valueComputed="(SELECT id FROM trainers WHERE first_name = 'Михайло' AND last_name = 'Сидоренко_TEST')"
        ],
        [
            name="sport_id"
            value="17"
        ]
    ]
    tableName="sports_trainers"
] as e8248ed7e867135c00d66d3a67fa4a5b
2025-08-01 19:23:50.156 [main] DEBUG liquibase.util - Computed checksum for insert:[
    columns=[
        [
            name="email"
            value="nataliia.melnyk@example.com"
        ],
        [
            name="password"
            value="$2a$10$2y03kivOdVnunKG2k53YeO8VO6Ks1UFPsWixKvl9PKtQsyXAFncmi"
        ],
        [
            name="user_type"
            value="TRAINER"
        ],
        [
            name="is_deleted"
            value="false"
        ]
    ]
    tableName="user_credentials"
] as fac9648147266b7bffd9bef99644ca85
2025-08-01 19:23:50.157 [main] DEBUG liquibase.util - Computed checksum for insert:[
    columns=[
        [
            name="user_credentials_id"
            valueComputed="(SELECT id FROM user_credentials WHERE email = 'nataliia.melnyk@example.com')"
        ],
        [
            name="role_id"
            value="3"
        ]
    ]
    tableName="user_credentials_roles"
] as fcdaae243f79eb8fadba553779707785
2025-08-01 19:23:50.157 [main] DEBUG liquibase.util - Computed checksum for insert:[
    columns=[
        [
            name="country"
            value="Україна"
        ],
        [
            name="city"
            value="Харків"
        ],
        [
            name="street"
            value="Пл. Свободи"
        ],
        [
            name="house"
            value="1"
        ],
        [
            name="is_deleted"
            value="false"
        ]
    ]
    tableName="addresses"
] as 03d63a4564a74836604c3da3ae15ca4c
2025-08-01 19:23:50.158 [main] DEBUG liquibase.util - Computed checksum for insert:[
    columns=[
        [
            name="first_name"
            value="Наталія"
        ],
        [
            name="last_name"
            value="Мельник_TEST"
        ],
        [
            name="gender"
            value="FEMALE"
        ],
        [
            name="date_of_birth"
            value="1992-07-25"
        ],
        [
            name="profile_image_url"
            value=""
        ],
        [
            name="user_credentials_id"
            valueComputed="(... [truncated in log] as af6796aa9dd82a7a494692f3caa92cf0
2025-08-01 19:23:50.159 [main] DEBUG liquibase.util - Computed checksum for insert:[
    columns=[
        [
            name="trainer_id"
            valueComputed="(SELECT id FROM trainers WHERE first_name = 'Наталія' AND last_name = 'Мельник_TEST')"
        ],
        [
            name="phone_numbers"
            value="+38(096)-444-5566"
        ]
    ]
    tableName="trainer_phone_numbers"
] as 84a6ecddd62d13a14b123c41f91778f6
2025-08-01 19:23:50.160 [main] DEBUG liquibase.util - Computed checksum for insert:[
    columns=[
        [
            name="trainer_id"
            valueComputed="(SELECT id FROM trainers WHERE first_name = 'Наталія' AND last_name = 'Мельник_TEST')"
        ],
        [
            name="certificates"
            value="ACE Certified Personal Trainer"
        ]
    ]
    tableName="trainer_certificates"
] as 0e30368bd74936f4580310880bef0955
2025-08-01 19:23:50.161 [main] DEBUG liquibase.util - Computed checksum for insert:[
    columns=[
        [
            name="trainer_id"
            valueComputed="(SELECT id FROM trainers WHERE first_name = 'Наталія' AND last_name = 'Мельник_TEST')"
        ],
        [
            name="sport_id"
            value="6"
        ]
    ]
    tableName="sports_trainers"
] as dcca16231bc14b8514aefb8f3f54698f
2025-08-01 19:23:50.161 [main] DEBUG liquibase.util - Computed checksum for insert:[
    columns=[
        [
            name="trainer_id"
            valueComputed="(SELECT id FROM trainers WHERE first_name = 'Наталія' AND last_name = 'Мельник_TEST')"
        ],
        [
            name="sport_id"
            value="16"
        ]
    ]
    tableName="sports_trainers"
] as fdea958c7a1f60c090d3779730f384a7
2025-08-01 19:23:50.162 [main] DEBUG liquibase.util - Computed checksum for insert:[
    columns=[
        [
            name="email"
            value="andrii.shevchenko@example.com"
        ],
        [
            name="password"
            value="$2a$10$2y03kivOdVnunKG2k53YeO8VO6Ks1UFPsWixKvl9PKtQsyXAFncmi"
        ],
        [
            name="user_type"
            value="TRAINER"
        ],
        [
            name="is_deleted"
            value="false"
        ]
    ]
    tableName="user_credentials"
] as 617149826f837c4e3dfc7fecc3d0b129
2025-08-01 19:23:50.163 [main] DEBUG liquibase.util - Computed checksum for insert:[
    columns=[
        [
            name="user_credentials_id"
            valueComputed="(SELECT id FROM user_credentials WHERE email = 'andrii.shevchenko@example.com')"
        ],
        [
            name="role_id"
            value="3"
        ]
    ]
    tableName="user_credentials_roles"
] as 75470b401c3ab9ac63032fe6a04adbae
2025-08-01 19:23:50.164 [main] DEBUG liquibase.util - Computed checksum for insert:[
    columns=[
        [
            name="country"
            value="Україна"
        ],
        [
            name="city"
            value="Дніпро"
        ],
        [
            name="street"
            value="Січеславська Набережна"
        ],
        [
            name="house"
            value="35"
        ],
        [
            name="is_deleted"
            value="false"
        ]
    ]
    tableName="addresses"
] as 4b8e73bca00dcf511d07f48ca9e18aa8
2025-08-01 19:23:50.165 [main] DEBUG liquibase.util - Computed checksum for insert:[
    columns=[
        [
            name="first_name"
            value="Андрій"
        ],
        [
            name="last_name"
            value="Шевченко_TEST"
        ],
        [
            name="gender"
            value="MALE"
        ],
        [
            name="date_of_birth"
            value="1980-01-01"
        ],
        [
            name="profile_image_url"
            value=""
        ],
        [
            name="user_credentials_id"
            valueComputed="(SE... [truncated in log] as b04cdbdcd9af358eb661728c6e65a656
2025-08-01 19:23:50.165 [main] DEBUG liquibase.util - Computed checksum for insert:[
    columns=[
        [
            name="trainer_id"
            valueComputed="(SELECT id FROM trainers WHERE first_name = 'Андрій' AND last_name = 'Шевченко_TEST')"
        ],
        [
            name="phone_numbers"
            value="+38(050)-555-6677"
        ]
    ]
    tableName="trainer_phone_numbers"
] as 4654244bf7605358e9c055a5c62bf491
2025-08-01 19:23:50.166 [main] DEBUG liquibase.util - Computed checksum for insert:[
    columns=[
        [
            name="trainer_id"
            valueComputed="(SELECT id FROM trainers WHERE first_name = 'Андрій' AND last_name = 'Шевченко_TEST')"
        ],
        [
            name="certificates"
            value="Сертифікат CrossFit Level 1"
        ]
    ]
    tableName="trainer_certificates"
] as 8f8d8e614daefbabc9774dc022ccf5ab
2025-08-01 19:23:50.167 [main] DEBUG liquibase.util - Computed checksum for insert:[
    columns=[
        [
            name="trainer_id"
            valueComputed="(SELECT id FROM trainers WHERE first_name = 'Андрій' AND last_name = 'Шевченко_TEST')"
        ],
        [
            name="sport_id"
            value="3"
        ]
    ]
    tableName="sports_trainers"
] as d823c530aaf51f09de4cda01c37b21ab
2025-08-01 19:23:50.168 [main] DEBUG liquibase.util - Computed checksum for insert:[
    columns=[
        [
            name="email"
            value="yuliia.tkachenko@example.com"
        ],
        [
            name="password"
            value="$2a$10$2y03kivOdVnunKG2k53YeO8VO6Ks1UFPsWixKvl9PKtQsyXAFncmi"
        ],
        [
            name="user_type"
            value="TRAINER"
        ],
        [
            name="is_deleted"
            value="false"
        ]
    ]
    tableName="user_credentials"
] as 247e5921bb2a60bdf0ded86c98a8e76a
2025-08-01 19:23:50.168 [main] DEBUG liquibase.util - Computed checksum for insert:[
    columns=[
        [
            name="user_credentials_id"
            valueComputed="(SELECT id FROM user_credentials WHERE email = 'yuliia.tkachenko@example.com')"
        ],
        [
            name="role_id"
            value="3"
        ]
    ]
    tableName="user_credentials_roles"
] as f067fd904f9fb3e8a8d567bc2949a6d6
2025-08-01 19:23:50.169 [main] DEBUG liquibase.util - Computed checksum for insert:[
    columns=[
        [
            name="country"
            value="Україна"
        ],
        [
            name="city"
            value="Запоріжжя"
        ],
        [
            name="street"
            value="Просп. Соборний"
        ],
        [
            name="house"
            value="150"
        ],
        [
            name="is_deleted"
            value="false"
        ]
    ]
    tableName="addresses"
] as a0da9600d0ecc8c7b1211e268de42554
2025-08-01 19:23:50.170 [main] DEBUG liquibase.util - Computed checksum for insert:[
    columns=[
        [
            name="first_name"
            value="Юлія"
        ],
        [
            name="last_name"
            value="Ткаченко_TEST"
        ],
        [
            name="gender"
            value="FEMALE"
        ],
        [
            name="date_of_birth"
            value="1991-09-05"
        ],
        [
            name="profile_image_url"
            value=""
        ],
        [
            name="user_credentials_id"
            valueComputed="(SE... [truncated in log] as a4459e0f52890c29055bb9697ff40cf6
2025-08-01 19:23:50.171 [main] DEBUG liquibase.util - Computed checksum for insert:[
    columns=[
        [
            name="trainer_id"
            valueComputed="(SELECT id FROM trainers WHERE first_name = 'Юлія' AND last_name = 'Ткаченко_TEST')"
        ],
        [
            name="phone_numbers"
            value="+38(097)-666-7788"
        ]
    ]
    tableName="trainer_phone_numbers"
] as 7ec4dffdc6d4970c23bb83bda6d018d3
2025-08-01 19:23:50.172 [main] DEBUG liquibase.util - Computed checksum for insert:[
    columns=[
        [
            name="trainer_id"
            valueComputed="(SELECT id FROM trainers WHERE first_name = 'Юлія' AND last_name = 'Ткаченко_TEST')"
        ],
        [
            name="certificates"
            value="Сертифікат Zumba Instructor"
        ]
    ]
    tableName="trainer_certificates"
] as c5b23a8e430d745484e93264657e4b9f
2025-08-01 19:23:50.172 [main] DEBUG liquibase.util - Computed checksum for insert:[
    columns=[
        [
            name="trainer_id"
            valueComputed="(SELECT id FROM trainers WHERE first_name = 'Юлія' AND last_name = 'Ткаченко_TEST')"
        ],
        [
            name="sport_id"
            value="14"
        ]
    ]
    tableName="sports_trainers"
] as e67fd391c7db9debf7aaf2a24e934c0f
2025-08-01 19:23:50.173 [main] DEBUG liquibase.util - Computed checksum for insert:[
    columns=[
        [
            name="email"
            value="volodymyr.bondarenko@example.com"
        ],
        [
            name="password"
            value="$2a$10$2y03kivOdVnunKG2k53YeO8VO6Ks1UFPsWixKvl9PKtQsyXAFncmi"
        ],
        [
            name="user_type"
            value="TRAINER"
        ],
        [
            name="is_deleted"
            value="false"
        ]
    ]
    tableName="user_credentials"
] as 542a0e139f3bd9490d67a7abe8815b5f
2025-08-01 19:23:50.174 [main] DEBUG liquibase.util - Computed checksum for insert:[
    columns=[
        [
            name="user_credentials_id"
            valueComputed="(SELECT id FROM user_credentials WHERE email = 'volodymyr.bondarenko@example.com')"
        ],
        [
            name="role_id"
            value="3"
        ]
    ]
    tableName="user_credentials_roles"
] as 700480cb16130e388f5f72bc35e0cdab
2025-08-01 19:23:50.174 [main] DEBUG liquibase.util - Computed checksum for insert:[
    columns=[
        [
            name="country"
            value="Україна"
        ],
        [
            name="city"
            value="Вінниця"
        ],
        [
            name="street"
            value="Соборна"
        ],
        [
            name="house"
            value="80"
        ],
        [
            name="is_deleted"
            value="false"
        ]
    ]
    tableName="addresses"
] as b4e031c29c04166e8bb923178a6599c9
2025-08-01 19:23:50.175 [main] DEBUG liquibase.util - Computed checksum for insert:[
    columns=[
        [
            name="first_name"
            value="Володимир"
        ],
        [
            name="last_name"
            value="Бондаренко_TEST"
        ],
        [
            name="gender"
            value="MALE"
        ],
        [
            name="date_of_birth"
            value="1983-02-10"
        ],
        [
            name="profile_image_url"
            value=""
        ],
        [
            name="user_credentials_id"
            valueComputed... [truncated in log] as 3607be20d320ac6bdc48a6dd38e9e2b2
2025-08-01 19:23:50.176 [main] DEBUG liquibase.util - Computed checksum for insert:[
    columns=[
        [
            name="trainer_id"
            valueComputed="(SELECT id FROM trainers WHERE first_name = 'Володимир' AND last_name = 'Бондаренко_TEST')"
        ],
        [
            name="phone_numbers"
            value="+38(063)-777-8899"
        ]
    ]
    tableName="trainer_phone_numbers"
] as 9bbcc763f8e7e1c88e396aea9b84504d
2025-08-01 19:23:50.177 [main] DEBUG liquibase.util - Computed checksum for insert:[
    columns=[
        [
            name="trainer_id"
            valueComputed="(SELECT id FROM trainers WHERE first_name = 'Володимир' AND last_name = 'Бондаренко_TEST')"
        ],
        [
            name="certificates"
            value="IPF Powerlifting Coach"
        ]
    ]
    tableName="trainer_certificates"
] as abf3bf67b8024b6deba354b966b3f48b
2025-08-01 19:23:50.177 [main] DEBUG liquibase.util - Computed checksum for insert:[
    columns=[
        [
            name="trainer_id"
            valueComputed="(SELECT id FROM trainers WHERE first_name = 'Володимир' AND last_name = 'Бондаренко_TEST')"
        ],
        [
            name="sport_id"
            value="1"
        ]
    ]
    tableName="sports_trainers"
] as 8bbbbfea478fcc62bfce9f77e0fb0a43
2025-08-01 19:23:50.178 [main] DEBUG liquibase.util - Computed checksum for insert:[
    columns=[
        [
            name="email"
            value="iryna.kravchenko@example.com"
        ],
        [
            name="password"
            value="$2a$10$2y03kivOdVnunKG2k53YeO8VO6Ks1UFPsWixKvl9PKtQsyXAFncmi"
        ],
        [
            name="user_type"
            value="TRAINER"
        ],
        [
            name="is_deleted"
            value="false"
        ]
    ]
    tableName="user_credentials"
] as b3ee8a785055d5ce032bc0a784c5d9aa
2025-08-01 19:23:50.179 [main] DEBUG liquibase.util - Computed checksum for insert:[
    columns=[
        [
            name="user_credentials_id"
            valueComputed="(SELECT id FROM user_credentials WHERE email = 'iryna.kravchenko@example.com')"
        ],
        [
            name="role_id"
            value="3"
        ]
    ]
    tableName="user_credentials_roles"
] as 8564ad8735f92dc92c33e90ad7be7dae
2025-08-01 19:23:50.180 [main] DEBUG liquibase.util - Computed checksum for insert:[
    columns=[
        [
            name="country"
            value="Україна"
        ],
        [
            name="city"
            value="Чернігів"
        ],
        [
            name="street"
            value="Просп. Миру"
        ],
        [
            name="house"
            value="49"
        ],
        [
            name="is_deleted"
            value="false"
        ]
    ]
    tableName="addresses"
] as a9a371ae2b559c9fd32fe013c026ce80
2025-08-01 19:23:50.181 [main] DEBUG liquibase.util - Computed checksum for insert:[
    columns=[
        [
            name="first_name"
            value="Ірина"
        ],
        [
            name="last_name"
            value="Кравченко_TEST"
        ],
        [
            name="gender"
            value="FEMALE"
        ],
        [
            name="date_of_birth"
            value="1993-04-12"
        ],
        [
            name="profile_image_url"
            value=""
        ],
        [
            name="user_credentials_id"
            valueComputed="(... [truncated in log] as 76eb7b810b22d151a7eef9eb79ea9532
2025-08-01 19:23:50.181 [main] DEBUG liquibase.util - Computed checksum for insert:[
    columns=[
        [
            name="trainer_id"
            valueComputed="(SELECT id FROM trainers WHERE first_name = 'Ірина' AND last_name = 'Кравченко_TEST')"
        ],
        [
            name="phone_numbers"
            value="+38(098)-888-9900"
        ]
    ]
    tableName="trainer_phone_numbers"
] as 7dffbfb7c4abbd4c7cb85b9bae319ed2
2025-08-01 19:23:50.182 [main] DEBUG liquibase.util - Computed checksum for insert:[
    columns=[
        [
            name="trainer_id"
            valueComputed="(SELECT id FROM trainers WHERE first_name = 'Ірина' AND last_name = 'Кравченко_TEST')"
        ],
        [
            name="certificates"
            value="AFAA Group Fitness Instructor"
        ]
    ]
    tableName="trainer_certificates"
] as 7377a1fede14bc32bf7a8f2bdd053847
2025-08-01 19:23:50.183 [main] DEBUG liquibase.util - Computed checksum for insert:[
    columns=[
        [
            name="trainer_id"
            valueComputed="(SELECT id FROM trainers WHERE first_name = 'Ірина' AND last_name = 'Кравченко_TEST')"
        ],
        [
            name="sport_id"
            value="6"
        ]
    ]
    tableName="sports_trainers"
] as 12653dcbdf322c616969ecdb7bf1c380
2025-08-01 19:23:50.184 [main] DEBUG liquibase.util - Computed checksum for insert:[
    columns=[
        [
            name="trainer_id"
            valueComputed="(SELECT id FROM trainers WHERE first_name = 'Ірина' AND last_name = 'Кравченко_TEST')"
        ],
        [
            name="sport_id"
            value="7"
        ]
    ]
    tableName="sports_trainers"
] as 979f7c45e0a927369e62b469260734e7
2025-08-01 19:23:50.184 [main] DEBUG liquibase.util - Computed checksum for insert:[
    columns=[
        [
            name="email"
            value="serhii.marchenko@example.com"
        ],
        [
            name="password"
            value="$2a$10$2y03kivOdVnunKG2k53YeO8VO6Ks1UFPsWixKvl9PKtQsyXAFncmi"
        ],
        [
            name="user_type"
            value="TRAINER"
        ],
        [
            name="is_deleted"
            value="false"
        ]
    ]
    tableName="user_credentials"
] as 7b99fe434efc3bad6210a0742a35e55b
2025-08-01 19:23:50.185 [main] DEBUG liquibase.util - Computed checksum for insert:[
    columns=[
        [
            name="user_credentials_id"
            valueComputed="(SELECT id FROM user_credentials WHERE email = 'serhii.marchenko@example.com')"
        ],
        [
            name="role_id"
            value="3"
        ]
    ]
    tableName="user_credentials_roles"
] as 35110850724440b0bd2b6d15685ec816
2025-08-01 19:23:50.186 [main] DEBUG liquibase.util - Computed checksum for insert:[
    columns=[
        [
            name="country"
            value="Україна"
        ],
        [
            name="city"
            value="Полтава"
        ],
        [
            name="street"
            value="Європейська"
        ],
        [
            name="house"
            value="10"
        ],
        [
            name="is_deleted"
            value="false"
        ]
    ]
    tableName="addresses"
] as 3e7aaa6e30702a37fb920be87a89eb60
2025-08-01 19:23:50.187 [main] DEBUG liquibase.util - Computed checksum for insert:[
    columns=[
        [
            name="first_name"
            value="Сергій"
        ],
        [
            name="last_name"
            value="Марченко_TEST"
        ],
        [
            name="gender"
            value="MALE"
        ],
        [
            name="date_of_birth"
            value="1987-08-28"
        ],
        [
            name="profile_image_url"
            value=""
        ],
        [
            name="user_credentials_id"
            valueComputed="(SE... [truncated in log] as d994788a0a0b29577dfc970c1f26af74
2025-08-01 19:23:50.188 [main] DEBUG liquibase.util - Computed checksum for insert:[
    columns=[
        [
            name="trainer_id"
            valueComputed="(SELECT id FROM trainers WHERE first_name = 'Сергій' AND last_name = 'Марченко_TEST')"
        ],
        [
            name="phone_numbers"
            value="+38(050)-999-0011"
        ]
    ]
    tableName="trainer_phone_numbers"
] as 11016c25211a61b7426400ead18b3e9a
2025-08-01 19:23:50.188 [main] DEBUG liquibase.util - Computed checksum for insert:[
    columns=[
        [
            name="trainer_id"
            valueComputed="(SELECT id FROM trainers WHERE first_name = 'Сергій' AND last_name = 'Марченко_TEST')"
        ],
        [
            name="certificates"
            value="Сертифікат FINA"
        ]
    ]
    tableName="trainer_certificates"
] as 690290a7b9376150de852d75382f7449
2025-08-01 19:23:50.189 [main] DEBUG liquibase.util - Computed checksum for insert:[
    columns=[
        [
            name="trainer_id"
            valueComputed="(SELECT id FROM trainers WHERE first_name = 'Сергій' AND last_name = 'Марченко_TEST')"
        ],
        [
            name="sport_id"
            value="2"
        ]
    ]
    tableName="sports_trainers"
] as 9a441f458bb18013ae559d75683051d9
2025-08-01 19:23:50.190 [main] DEBUG liquibase.util - Computed checksum for insert:[
    columns=[
        [
            name="trainer_id"
            valueComputed="(SELECT id FROM trainers WHERE first_name = 'Сергій' AND last_name = 'Марченко_TEST')"
        ],
        [
            name="sport_id"
            value="12"
        ]
    ]
    tableName="sports_trainers"
] as 7ea6a9f498a5fe357a4085ffb274df30
2025-08-01 19:23:50.190 [main] DEBUG liquibase.util - Computed checksum for insert:[
    columns=[
        [
            name="email"
            value="halyna.oliynyk@example.com"
        ],
        [
            name="password"
            value="$2a$10$2y03kivOdVnunKG2k53YeO8VO6Ks1UFPsWixKvl9PKtQsyXAFncmi"
        ],
        [
            name="user_type"
            value="TRAINER"
        ],
        [
            name="is_deleted"
            value="false"
        ]
    ]
    tableName="user_credentials"
] as 9885df4aea9848ff95e0dffde4558a59
2025-08-01 19:23:50.191 [main] DEBUG liquibase.util - Computed checksum for insert:[
    columns=[
        [
            name="user_credentials_id"
            valueComputed="(SELECT id FROM user_credentials WHERE email = 'halyna.oliynyk@example.com')"
        ],
        [
            name="role_id"
            value="3"
        ]
    ]
    tableName="user_credentials_roles"
] as 744e40682a5c2faa7c372982a5bd88f7
2025-08-01 19:23:50.192 [main] DEBUG liquibase.util - Computed checksum for insert:[
    columns=[
        [
            name="country"
            value="Україна"
        ],
        [
            name="city"
            value="Черкаси"
        ],
        [
            name="street"
            value="Хрещатик"
        ],
        [
            name="house"
            value="200"
        ],
        [
            name="is_deleted"
            value="false"
        ]
    ]
    tableName="addresses"
] as 68f7f5d7352e3a35c1cf2990d767fec6
2025-08-01 19:23:50.193 [main] DEBUG liquibase.util - Computed checksum for insert:[
    columns=[
        [
            name="first_name"
            value="Галина"
        ],
        [
            name="last_name"
            value="Олійник_TEST"
        ],
        [
            name="gender"
            value="FEMALE"
        ],
        [
            name="date_of_birth"
            value="1994-10-18"
        ],
        [
            name="profile_image_url"
            value=""
        ],
        [
            name="user_credentials_id"
            valueComputed="(S... [truncated in log] as aad6e050ea440790ac31552202160a9a
2025-08-01 19:23:50.194 [main] DEBUG liquibase.util - Computed checksum for insert:[
    columns=[
        [
            name="trainer_id"
            valueComputed="(SELECT id FROM trainers WHERE first_name = 'Галина' AND last_name = 'Олійник_TEST')"
        ],
        [
            name="phone_numbers"
            value="+38(067)-123-4567"
        ]
    ]
    tableName="trainer_phone_numbers"
] as 4eebd43046b67e47738916638af4b52c
2025-08-01 19:23:50.194 [main] DEBUG liquibase.util - Computed checksum for insert:[
    columns=[
        [
            name="trainer_id"
            valueComputed="(SELECT id FROM trainers WHERE first_name = 'Галина' AND last_name = 'Олійник_TEST')"
        ],
        [
            name="certificates"
            value="Certified Rehabilitation Specialist"
        ]
    ]
    tableName="trainer_certificates"
] as 45e95207184bbe128800ef6cae58de11
2025-08-01 19:23:50.195 [main] DEBUG liquibase.util - Computed checksum for insert:[
    columns=[
        [
            name="trainer_id"
            valueComputed="(SELECT id FROM trainers WHERE first_name = 'Галина' AND last_name = 'Олійник_TEST')"
        ],
        [
            name="sport_id"
            value="4"
        ]
    ]
    tableName="sports_trainers"
] as 8e6426be7350ecc5dfa6d125a5c59b3a
2025-08-01 19:23:50.196 [main] DEBUG liquibase.util - Computed checksum for insert:[
    columns=[
        [
            name="trainer_id"
            valueComputed="(SELECT id FROM trainers WHERE first_name = 'Галина' AND last_name = 'Олійник_TEST')"
        ],
        [
            name="sport_id"
            value="15"
        ]
    ]
    tableName="sports_trainers"
] as 0da9c9768da28297345ba6f7c9e08e5f
2025-08-01 19:23:50.197 [main] DEBUG liquibase.util - Computed checksum for 9:46347dc36c4ba709d4e76b75f317b194:9:7b57a43f905c1d30b9aa39b62ebec5d4:9:0cc3f9033240d254be653a86218e6b44:9:381663ba417c2fb84197237f5e332d0d:9:850ce1de1db5aa351998505fc0ca0f82:9:844e3bd96e796403416699383bdc8c1e:9:243e43dd4aab5fdbebf00531f4f0a551:9:8a13fa56f7562ba6f690f4cc6f98c198:9:d358c464e1b591896202e75e91d2655a:9:3d1afb454ee3a4469d2dc69e6b2ac732:9:a3888613964618ed3763f715ee8911f0:9:08776f31c0cac1c48d171e336eb89d94:9:4ee43f03356033aae8b06a34c3f750bc:9:fa128c8a35279b370e7aac464289c5e3:9:ba1ada47... [truncated in log] as 18bb7a6c6d60c3b3d3a8292c3630b15f
2025-08-01 19:23:50.197 [main] INFO  liquibase.ui - Running Changeset: db.changelog/changes/27-insert-trainers-for-testing.yaml::27-insert-trainers-for-testing::bohdan-s
2025-08-01 19:23:50.198 [main] DEBUG liquibase.changelog - Running Changeset: db.changelog/changes/27-insert-trainers-for-testing.yaml::27-insert-trainers-for-testing::bohdan-s
2025-08-01 19:23:50.198 [main] DEBUG liquibase.executor - Changeset db.changelog/changes/27-insert-trainers-for-testing.yaml::27-insert-trainers-for-testing::bohdan-s
2025-08-01 19:23:50.200 [main] DEBUG liquibase.changelog - Reading ChangeSet: db.changelog/changes/27-insert-trainers-for-testing.yaml::27-insert-trainers-for-testing::bohdan-s
2025-08-01 19:23:50.201 [main] DEBUG liquibase.executor - Executing Statement: liquibase.statement.core.InsertStatement@7f4f8c8d
2025-08-01 19:23:50.202 [main] DEBUG liquibase.executor - INSERT INTO PUBLIC.user_credentials (email, password, user_type, is_deleted) VALUES ('ivan.petrenko@example.com', '$2a$10$2y03kivOdVnunKG2k53YeO8VO6Ks1UFPsWixKvl9PKtQsyXAFncmi', 'TRAINER', 'false')
2025-08-01 19:23:50.203 [main] DEBUG liquibase.executor - 1 row(s) affected
2025-08-01 19:23:50.204 [main] INFO  liquibase.changelog - New row inserted into user_credentials
2025-08-01 19:23:50.205 [main] DEBUG liquibase.executor - Executing Statement: liquibase.statement.core.InsertStatement@aa10e39
2025-08-01 19:23:50.206 [main] DEBUG liquibase.executor - INSERT INTO PUBLIC.user_credentials_roles (user_credentials_id, role_id) VALUES ((SELECT id FROM user_credentials WHERE email = 'ivan.petrenko@example.com'), '3')
2025-08-01 19:23:50.207 [main] DEBUG liquibase.executor - 1 row(s) affected
2025-08-01 19:23:50.208 [main] INFO  liquibase.changelog - New row inserted into user_credentials_roles
2025-08-01 19:23:50.209 [main] DEBUG liquibase.executor - Executing Statement: liquibase.statement.core.InsertStatement@586c0bee
2025-08-01 19:23:50.210 [main] DEBUG liquibase.executor - INSERT INTO PUBLIC.addresses (country, city, street, house, is_deleted) VALUES ('Україна', 'Київ', 'Хрещатик', '10', 'false')
2025-08-01 19:23:50.210 [main] DEBUG liquibase.executor - 1 row(s) affected
2025-08-01 19:23:50.211 [main] INFO  liquibase.changelog - New row inserted into addresses
2025-08-01 19:23:50.212 [main] DEBUG liquibase.executor - Executing Statement: liquibase.statement.core.InsertStatement@7309368a
2025-08-01 19:23:50.213 [main] DEBUG liquibase.executor - INSERT INTO PUBLIC.trainers (first_name, last_name, gender, date_of_birth, profile_image_url, user_credentials_id, address_id, online_training, description, social_media_links, overall_rating, number_of_reviews, is_deleted) VALUES ('Іван', 'Петренко_TEST', 'MALE', '1985-05-15', '', (SELECT id FROM user_credentials WHERE email = 'ivan.petrenko@example.com'), (SELECT id FROM addresses WHERE country = 'Україна' AND city = 'Київ' AND street = 'Хрещатик' AND house = '10'), 'true', 'Досвідчений тренер з фітнесу та кросфіту.', 'https://fb.com/ivan.trainer', '4.9', '120', 'false')
2025-08-01 19:23:50.215 [main] DEBUG liquibase.executor - 1 row(s) affected
2025-08-01 19:23:50.215 [main] INFO  liquibase.changelog - New row inserted into trainers
2025-08-01 19:23:50.216 [main] DEBUG liquibase.executor - Executing Statement: liquibase.statement.core.InsertStatement@70a1e782
2025-08-01 19:23:50.217 [main] DEBUG liquibase.executor - INSERT INTO PUBLIC.trainer_phone_numbers (trainer_id, phone_numbers) VALUES ((SELECT id FROM trainers WHERE first_name = 'Іван' AND last_name = 'Петренко_TEST'), '+38(050)-111-2233')
2025-08-01 19:23:50.218 [main] DEBUG liquibase.executor - 1 row(s) affected
2025-08-01 19:23:50.219 [main] INFO  liquibase.changelog - New row inserted into trainer_phone_numbers
2025-08-01 19:23:50.219 [main] DEBUG liquibase.executor - Executing Statement: liquibase.statement.core.InsertStatement@72f3ff69
2025-08-01 19:23:50.220 [main] DEBUG liquibase.executor - INSERT INTO PUBLIC.trainer_certificates (trainer_id, certificates) VALUES ((SELECT id FROM trainers WHERE first_name = 'Іван' AND last_name = 'Петренко_TEST'), 'Сертифікат АФК')
2025-08-01 19:23:50.221 [main] DEBUG liquibase.executor - 1 row(s) affected
2025-08-01 19:23:50.222 [main] INFO  liquibase.changelog - New row inserted into trainer_certificates
2025-08-01 19:23:50.223 [main] DEBUG liquibase.executor - Executing Statement: liquibase.statement.core.InsertStatement@4af8a9a2
2025-08-01 19:23:50.224 [main] DEBUG liquibase.executor - INSERT INTO PUBLIC.sports_trainers (trainer_id, sport_id) VALUES ((SELECT id FROM trainers WHERE first_name = 'Іван' AND last_name = 'Петренко_TEST'), '3')
2025-08-01 19:23:50.225 [main] DEBUG liquibase.executor - 1 row(s) affected
2025-08-01 19:23:50.225 [main] INFO  liquibase.changelog - New row inserted into sports_trainers
2025-08-01 19:23:50.226 [main] DEBUG liquibase.executor - Executing Statement: liquibase.statement.core.InsertStatement@70ff6b11
2025-08-01 19:23:50.227 [main] DEBUG liquibase.executor - INSERT INTO PUBLIC.sports_trainers (trainer_id, sport_id) VALUES ((SELECT id FROM trainers WHERE first_name = 'Іван' AND last_name = 'Петренко_TEST'), '1')
2025-08-01 19:23:50.228 [main] DEBUG liquibase.executor - 1 row(s) affected
2025-08-01 19:23:50.229 [main] INFO  liquibase.changelog - New row inserted into sports_trainers
2025-08-01 19:23:50.230 [main] DEBUG liquibase.executor - Executing Statement: liquibase.statement.core.InsertStatement@f1d0f7b
2025-08-01 19:23:50.231 [main] DEBUG liquibase.executor - INSERT INTO PUBLIC.user_credentials (email, password, user_type, is_deleted) VALUES ('olena.kovalchuk@example.com', '$2a$10$2y03kivOdVnunKG2k53YeO8VO6Ks1UFPsWixKvl9PKtQsyXAFncmi', 'TRAINER', 'false')
2025-08-01 19:23:50.231 [main] DEBUG liquibase.executor - 1 row(s) affected
2025-08-01 19:23:50.232 [main] INFO  liquibase.changelog - New row inserted into user_credentials
2025-08-01 19:23:50.233 [main] DEBUG liquibase.executor - Executing Statement: liquibase.statement.core.InsertStatement@6278b146
2025-08-01 19:23:50.234 [main] DEBUG liquibase.executor - INSERT INTO PUBLIC.user_credentials_roles (user_credentials_id, role_id) VALUES ((SELECT id FROM user_credentials WHERE email = 'olena.kovalchuk@example.com'), '3')
2025-08-01 19:23:50.235 [main] DEBUG liquibase.executor - 1 row(s) affected
2025-08-01 19:23:50.235 [main] INFO  liquibase.changelog - New row inserted into user_credentials_roles
2025-08-01 19:23:50.236 [main] DEBUG liquibase.executor - Executing Statement: liquibase.statement.core.InsertStatement@6dc2b112
2025-08-01 19:23:50.237 [main] DEBUG liquibase.executor - INSERT INTO PUBLIC.addresses (country, city, street, house, is_deleted) VALUES ('Україна', 'Львів', 'Просп. Свободи', '25', 'false')
2025-08-01 19:23:50.238 [main] DEBUG liquibase.executor - 1 row(s) affected
2025-08-01 19:23:50.239 [main] INFO  liquibase.changelog - New row inserted into addresses
2025-08-01 19:23:50.240 [main] DEBUG liquibase.executor - Executing Statement: liquibase.statement.core.InsertStatement@66eef858
2025-08-01 19:23:50.241 [main] DEBUG liquibase.executor - INSERT INTO PUBLIC.trainers (first_name, last_name, gender, date_of_birth, profile_image_url, user_credentials_id, address_id, online_training, description, social_media_links, overall_rating, number_of_reviews, is_deleted) VALUES ('Олена', 'Ковальчук_TEST', 'FEMALE', '1990-11-20', '', (SELECT id FROM user_credentials WHERE email = 'olena.kovalchuk@example.com'), (SELECT id FROM addresses WHERE country = 'Україна' AND city = 'Львів' AND street = 'Просп. Свободи' AND house = '25'), 'false', 'Спеціаліст з йоги та пілатесу.', 'https://inst.com/olena.yoga', '4.8', '90', 'false')
2025-08-01 19:23:50.242 [main] DEBUG liquibase.executor - 1 row(s) affected
2025-08-01 19:23:50.243 [main] INFO  liquibase.changelog - New row inserted into trainers
2025-08-01 19:23:50.243 [main] DEBUG liquibase.executor - Executing Statement: liquibase.statement.core.InsertStatement@16f5529
2025-08-01 19:23:50.244 [main] DEBUG liquibase.executor - INSERT INTO PUBLIC.trainer_phone_numbers (trainer_id, phone_numbers) VALUES ((SELECT id FROM trainers WHERE first_name = 'Олена' AND last_name = 'Ковальчук_TEST'), '+38(067)-222-3344')
2025-08-01 19:23:50.246 [main] DEBUG liquibase.executor - 1 row(s) affected
2025-08-01 19:23:50.246 [main] INFO  liquibase.changelog - New row inserted into trainer_phone_numbers
2025-08-01 19:23:50.247 [main] DEBUG liquibase.executor - Executing Statement: liquibase.statement.core.InsertStatement@263a26c3
2025-08-01 19:23:50.248 [main] DEBUG liquibase.executor - INSERT INTO PUBLIC.trainer_certificates (trainer_id, certificates) VALUES ((SELECT id FROM trainers WHERE first_name = 'Олена' AND last_name = 'Ковальчук_TEST'), 'Сертифікат Йога Альянс')
2025-08-01 19:23:50.250 [main] DEBUG liquibase.executor - 1 row(s) affected
2025-08-01 19:23:50.250 [main] INFO  liquibase.changelog - New row inserted into trainer_certificates
2025-08-01 19:23:50.251 [main] DEBUG liquibase.executor - Executing Statement: liquibase.statement.core.InsertStatement@5e085937
2025-08-01 19:23:50.252 [main] DEBUG liquibase.executor - INSERT INTO PUBLIC.sports_trainers (trainer_id, sport_id) VALUES ((SELECT id FROM trainers WHERE first_name = 'Олена' AND last_name = 'Ковальчук_TEST'), '7')
2025-08-01 19:23:50.254 [main] DEBUG liquibase.executor - 1 row(s) affected
2025-08-01 19:23:50.254 [main] INFO  liquibase.changelog - New row inserted into sports_trainers
2025-08-01 19:23:50.255 [main] DEBUG liquibase.executor - Executing Statement: liquibase.statement.core.InsertStatement@4fb55696
2025-08-01 19:23:50.256 [main] DEBUG liquibase.executor - INSERT INTO PUBLIC.sports_trainers (trainer_id, sport_id) VALUES ((SELECT id FROM trainers WHERE first_name = 'Олена' AND last_name = 'Ковальчук_TEST'), '13')
2025-08-01 19:23:50.258 [main] DEBUG liquibase.executor - 1 row(s) affected
2025-08-01 19:23:50.258 [main] INFO  liquibase.changelog - New row inserted into sports_trainers
2025-08-01 19:23:50.260 [main] DEBUG liquibase.executor - Executing Statement: liquibase.statement.core.InsertStatement@34088454
2025-08-01 19:23:50.261 [main] DEBUG liquibase.executor - INSERT INTO PUBLIC.user_credentials (email, password, user_type, is_deleted) VALUES ('mykhailo.sydorenko@example.com', '$2a$10$2y03kivOdVnunKG2k53YeO8VO6Ks1UFPsWixKvl9PKtQsyXAFncmi', 'TRAINER', 'false')
2025-08-01 19:23:50.262 [main] DEBUG liquibase.executor - 1 row(s) affected
2025-08-01 19:23:50.263 [main] INFO  liquibase.changelog - New row inserted into user_credentials
2025-08-01 19:23:50.264 [main] DEBUG liquibase.executor - Executing Statement: liquibase.statement.core.InsertStatement@4373b028
2025-08-01 19:23:50.265 [main] DEBUG liquibase.executor - INSERT INTO PUBLIC.user_credentials_roles (user_credentials_id, role_id) VALUES ((SELECT id FROM user_credentials WHERE email = 'mykhailo.sydorenko@example.com'), '3')
2025-08-01 19:23:50.267 [main] DEBUG liquibase.executor - 1 row(s) affected
2025-08-01 19:23:50.267 [main] INFO  liquibase.changelog - New row inserted into user_credentials_roles
2025-08-01 19:23:50.268 [main] DEBUG liquibase.executor - Executing Statement: liquibase.statement.core.InsertStatement@5f2e9890
2025-08-01 19:23:50.269 [main] DEBUG liquibase.executor - INSERT INTO PUBLIC.addresses (country, city, street, house, is_deleted) VALUES ('Україна', 'Одеса', 'Дерибасівська', '5', 'false')
2025-08-01 19:23:50.270 [main] DEBUG liquibase.executor - 1 row(s) affected
2025-08-01 19:23:50.270 [main] INFO  liquibase.changelog - New row inserted into addresses
2025-08-01 19:23:50.271 [main] DEBUG liquibase.executor - Executing Statement: liquibase.statement.core.InsertStatement@3aca6405
2025-08-01 19:23:50.273 [main] DEBUG liquibase.executor - INSERT INTO PUBLIC.trainers (first_name, last_name, gender, date_of_birth, profile_image_url, user_credentials_id, address_id, online_training, description, social_media_links, overall_rating, number_of_reviews, is_deleted) VALUES ('Михайло', 'Сидоренко_TEST', 'MALE', '1988-03-01', '', (SELECT id FROM user_credentials WHERE email = 'mykhailo.sydorenko@example.com'), (SELECT id FROM addresses WHERE country = 'Україна' AND city = 'Одеса' AND street = 'Дерибасівська' AND house = '5'), 'true', 'Тренер з боксу та єдиноборств.', 'https://tw.com/mykhailo_box', '4.75', '80', 'false')
2025-08-01 19:23:50.275 [main] DEBUG liquibase.executor - 1 row(s) affected
2025-08-01 19:23:50.276 [main] INFO  liquibase.changelog - New row inserted into trainers
2025-08-01 19:23:50.277 [main] DEBUG liquibase.executor - Executing Statement: liquibase.statement.core.InsertStatement@4a906d2c
2025-08-01 19:23:50.279 [main] DEBUG liquibase.executor - INSERT INTO PUBLIC.trainer_phone_numbers (trainer_id, phone_numbers) VALUES ((SELECT id FROM trainers WHERE first_name = 'Михайло' AND last_name = 'Сидоренко_TEST'), '+38(095)-333-4455')
2025-08-01 19:23:50.280 [main] DEBUG liquibase.executor - 1 row(s) affected
2025-08-01 19:23:50.281 [main] INFO  liquibase.changelog - New row inserted into trainer_phone_numbers
2025-08-01 19:23:50.282 [main] DEBUG liquibase.executor - Executing Statement: liquibase.statement.core.InsertStatement@14bc66a6
2025-08-01 19:23:50.283 [main] DEBUG liquibase.executor - INSERT INTO PUBLIC.trainer_certificates (trainer_id, certificates) VALUES ((SELECT id FROM trainers WHERE first_name = 'Михайло' AND last_name = 'Сидоренко_TEST'), 'Сертифікат Федерації Боксу')
2025-08-01 19:23:50.285 [main] DEBUG liquibase.executor - 1 row(s) affected
2025-08-01 19:23:50.285 [main] INFO  liquibase.changelog - New row inserted into trainer_certificates
2025-08-01 19:23:50.287 [main] DEBUG liquibase.executor - Executing Statement: liquibase.statement.core.InsertStatement@3ffd86b9
2025-08-01 19:23:50.288 [main] DEBUG liquibase.executor - INSERT INTO PUBLIC.sports_trainers (trainer_id, sport_id) VALUES ((SELECT id FROM trainers WHERE first_name = 'Михайло' AND last_name = 'Сидоренко_TEST'), '5')
2025-08-01 19:23:50.289 [main] DEBUG liquibase.executor - 1 row(s) affected
2025-08-01 19:23:50.290 [main] INFO  liquibase.changelog - New row inserted into sports_trainers
2025-08-01 19:23:50.291 [main] DEBUG liquibase.executor - Executing Statement: liquibase.statement.core.InsertStatement@567e270f
2025-08-01 19:23:50.292 [main] DEBUG liquibase.executor - INSERT INTO PUBLIC.sports_trainers (trainer_id, sport_id) VALUES ((SELECT id FROM trainers WHERE first_name = 'Михайло' AND last_name = 'Сидоренко_TEST'), '17')
2025-08-01 19:23:50.294 [main] DEBUG liquibase.executor - 1 row(s) affected
2025-08-01 19:23:50.294 [main] INFO  liquibase.changelog - New row inserted into sports_trainers
2025-08-01 19:23:50.295 [main] DEBUG liquibase.executor - Executing Statement: liquibase.statement.core.InsertStatement@1f4ed9e1
2025-08-01 19:23:50.296 [main] DEBUG liquibase.executor - INSERT INTO PUBLIC.user_credentials (email, password, user_type, is_deleted) VALUES ('nataliia.melnyk@example.com', '$2a$10$2y03kivOdVnunKG2k53YeO8VO6Ks1UFPsWixKvl9PKtQsyXAFncmi', 'TRAINER', 'false')
2025-08-01 19:23:50.297 [main] DEBUG liquibase.executor - 1 row(s) affected
2025-08-01 19:23:50.298 [main] INFO  liquibase.changelog - New row inserted into user_credentials
2025-08-01 19:23:50.299 [main] DEBUG liquibase.executor - Executing Statement: liquibase.statement.core.InsertStatement@68b015f8
2025-08-01 19:23:50.300 [main] DEBUG liquibase.executor - INSERT INTO PUBLIC.user_credentials_roles (user_credentials_id, role_id) VALUES ((SELECT id FROM user_credentials WHERE email = 'nataliia.melnyk@example.com'), '3')
2025-08-01 19:23:50.301 [main] DEBUG liquibase.executor - 1 row(s) affected
2025-08-01 19:23:50.302 [main] INFO  liquibase.changelog - New row inserted into user_credentials_roles
2025-08-01 19:23:50.303 [main] DEBUG liquibase.executor - Executing Statement: liquibase.statement.core.InsertStatement@3bab8e19
2025-08-01 19:23:50.305 [main] DEBUG liquibase.executor - INSERT INTO PUBLIC.addresses (country, city, street, house, is_deleted) VALUES ('Україна', 'Харків', 'Пл. Свободи', '1', 'false')
2025-08-01 19:23:50.306 [main] DEBUG liquibase.executor - 1 row(s) affected
2025-08-01 19:23:50.307 [main] INFO  liquibase.changelog - New row inserted into addresses
2025-08-01 19:23:50.308 [main] DEBUG liquibase.executor - Executing Statement: liquibase.statement.core.InsertStatement@1c4a903c
2025-08-01 19:23:50.309 [main] DEBUG liquibase.executor - INSERT INTO PUBLIC.trainers (first_name, last_name, gender, date_of_birth, profile_image_url, user_credentials_id, address_id, online_training, description, social_media_links, overall_rating, number_of_reviews, is_deleted) VALUES ('Наталія', 'Мельник_TEST', 'FEMALE', '1992-07-25', '', (SELECT id FROM user_credentials WHERE email = 'nataliia.melnyk@example.com'), (SELECT id FROM addresses WHERE country = 'Україна' AND city = 'Харків' AND street = 'Пл. Свободи' AND house = '1'), 'false', 'Персональний тренер з функціонального тренінгу.', 'https://link.com/nataliia_fit', '4.85', '100', 'false')
2025-08-01 19:23:50.311 [main] DEBUG liquibase.executor - 1 row(s) affected
2025-08-01 19:23:50.311 [main] INFO  liquibase.changelog - New row inserted into trainers
2025-08-01 19:23:50.313 [main] DEBUG liquibase.executor - Executing Statement: liquibase.statement.core.InsertStatement@7522d385
2025-08-01 19:23:50.314 [main] DEBUG liquibase.executor - INSERT INTO PUBLIC.trainer_phone_numbers (trainer_id, phone_numbers) VALUES ((SELECT id FROM trainers WHERE first_name = 'Наталія' AND last_name = 'Мельник_TEST'), '+38(096)-444-5566')
2025-08-01 19:23:50.316 [main] DEBUG liquibase.executor - 1 row(s) affected
2025-08-01 19:23:50.316 [main] INFO  liquibase.changelog - New row inserted into trainer_phone_numbers
2025-08-01 19:23:50.317 [main] DEBUG liquibase.executor - Executing Statement: liquibase.statement.core.InsertStatement@1d55170c
2025-08-01 19:23:50.318 [main] DEBUG liquibase.executor - INSERT INTO PUBLIC.trainer_certificates (trainer_id, certificates) VALUES ((SELECT id FROM trainers WHERE first_name = 'Наталія' AND last_name = 'Мельник_TEST'), 'ACE Certified Personal Trainer')
2025-08-01 19:23:50.320 [main] DEBUG liquibase.executor - 1 row(s) affected
2025-08-01 19:23:50.320 [main] INFO  liquibase.changelog - New row inserted into trainer_certificates
2025-08-01 19:23:50.323 [main] DEBUG liquibase.executor - Executing Statement: liquibase.statement.core.InsertStatement@7ae989f9
2025-08-01 19:23:50.324 [main] DEBUG liquibase.executor - INSERT INTO PUBLIC.sports_trainers (trainer_id, sport_id) VALUES ((SELECT id FROM trainers WHERE first_name = 'Наталія' AND last_name = 'Мельник_TEST'), '6')
2025-08-01 19:23:50.325 [main] DEBUG liquibase.executor - 1 row(s) affected
2025-08-01 19:23:50.326 [main] INFO  liquibase.changelog - New row inserted into sports_trainers
2025-08-01 19:23:50.327 [main] DEBUG liquibase.executor - Executing Statement: liquibase.statement.core.InsertStatement@32ea3de8
2025-08-01 19:23:50.328 [main] DEBUG liquibase.executor - INSERT INTO PUBLIC.sports_trainers (trainer_id, sport_id) VALUES ((SELECT id FROM trainers WHERE first_name = 'Наталія' AND last_name = 'Мельник_TEST'), '16')
2025-08-01 19:23:50.329 [main] DEBUG liquibase.executor - 1 row(s) affected
2025-08-01 19:23:50.329 [main] INFO  liquibase.changelog - New row inserted into sports_trainers
2025-08-01 19:23:50.330 [main] DEBUG liquibase.executor - Executing Statement: liquibase.statement.core.InsertStatement@51376ecb
2025-08-01 19:23:50.331 [main] DEBUG liquibase.executor - INSERT INTO PUBLIC.user_credentials (email, password, user_type, is_deleted) VALUES ('andrii.shevchenko@example.com', '$2a$10$2y03kivOdVnunKG2k53YeO8VO6Ks1UFPsWixKvl9PKtQsyXAFncmi', 'TRAINER', 'false')
2025-08-01 19:23:50.332 [main] DEBUG liquibase.executor - 1 row(s) affected
2025-08-01 19:23:50.332 [main] INFO  liquibase.changelog - New row inserted into user_credentials
2025-08-01 19:23:50.333 [main] DEBUG liquibase.executor - Executing Statement: liquibase.statement.core.InsertStatement@646fee96
2025-08-01 19:23:50.334 [main] DEBUG liquibase.executor - INSERT INTO PUBLIC.user_credentials_roles (user_credentials_id, role_id) VALUES ((SELECT id FROM user_credentials WHERE email = 'andrii.shevchenko@example.com'), '3')
2025-08-01 19:23:50.335 [main] DEBUG liquibase.executor - 1 row(s) affected
2025-08-01 19:23:50.335 [main] INFO  liquibase.changelog - New row inserted into user_credentials_roles
2025-08-01 19:23:50.336 [main] DEBUG liquibase.executor - Executing Statement: liquibase.statement.core.InsertStatement@52ff05a3
2025-08-01 19:23:50.338 [main] DEBUG liquibase.executor - INSERT INTO PUBLIC.addresses (country, city, street, house, is_deleted) VALUES ('Україна', 'Дніпро', 'Січеславська Набережна', '35', 'false')
2025-08-01 19:23:50.339 [main] DEBUG liquibase.executor - 1 row(s) affected
2025-08-01 19:23:50.339 [main] INFO  liquibase.changelog - New row inserted into addresses
2025-08-01 19:23:50.340 [main] DEBUG liquibase.executor - Executing Statement: liquibase.statement.core.InsertStatement@31197769
2025-08-01 19:23:50.341 [main] DEBUG liquibase.executor - INSERT INTO PUBLIC.trainers (first_name, last_name, gender, date_of_birth, profile_image_url, user_credentials_id, address_id, online_training, description, social_media_links, overall_rating, number_of_reviews, is_deleted) VALUES ('Андрій', 'Шевченко_TEST', 'MALE', '1980-01-01', '', (SELECT id FROM user_credentials WHERE email = 'andrii.shevchenko@example.com'), (SELECT id FROM addresses WHERE country = 'Україна' AND city = 'Дніпро' AND street = 'Січеславська Набережна' AND house = '35'), 'true', 'Професійний тренер з кросфіту.', 'https://fb.com/andrii.coach', '4.6', '200', 'false')
2025-08-01 19:23:50.343 [main] DEBUG liquibase.executor - 1 row(s) affected
2025-08-01 19:23:50.343 [main] INFO  liquibase.changelog - New row inserted into trainers
2025-08-01 19:23:50.344 [main] DEBUG liquibase.executor - Executing Statement: liquibase.statement.core.InsertStatement@5b3216b7
2025-08-01 19:23:50.345 [main] DEBUG liquibase.executor - INSERT INTO PUBLIC.trainer_phone_numbers (trainer_id, phone_numbers) VALUES ((SELECT id FROM trainers WHERE first_name = 'Андрій' AND last_name = 'Шевченко_TEST'), '+38(050)-555-6677')
2025-08-01 19:23:50.346 [main] DEBUG liquibase.executor - 1 row(s) affected
2025-08-01 19:23:50.347 [main] INFO  liquibase.changelog - New row inserted into trainer_phone_numbers
2025-08-01 19:23:50.348 [main] DEBUG liquibase.executor - Executing Statement: liquibase.statement.core.InsertStatement@40324819
2025-08-01 19:23:50.348 [main] DEBUG liquibase.executor - INSERT INTO PUBLIC.trainer_certificates (trainer_id, certificates) VALUES ((SELECT id FROM trainers WHERE first_name = 'Андрій' AND last_name = 'Шевченко_TEST'), 'Сертифікат CrossFit Level 1')
2025-08-01 19:23:50.349 [main] DEBUG liquibase.executor - 1 row(s) affected
2025-08-01 19:23:50.350 [main] INFO  liquibase.changelog - New row inserted into trainer_certificates
2025-08-01 19:23:50.351 [main] DEBUG liquibase.executor - Executing Statement: liquibase.statement.core.InsertStatement@6a4a9fa1
2025-08-01 19:23:50.351 [main] DEBUG liquibase.executor - INSERT INTO PUBLIC.sports_trainers (trainer_id, sport_id) VALUES ((SELECT id FROM trainers WHERE first_name = 'Андрій' AND last_name = 'Шевченко_TEST'), '3')
2025-08-01 19:23:50.353 [main] DEBUG liquibase.executor - 1 row(s) affected
2025-08-01 19:23:50.353 [main] INFO  liquibase.changelog - New row inserted into sports_trainers
2025-08-01 19:23:50.355 [main] DEBUG liquibase.executor - Executing Statement: liquibase.statement.core.InsertStatement@10920fbe
2025-08-01 19:23:50.356 [main] DEBUG liquibase.executor - INSERT INTO PUBLIC.user_credentials (email, password, user_type, is_deleted) VALUES ('yuliia.tkachenko@example.com', '$2a$10$2y03kivOdVnunKG2k53YeO8VO6Ks1UFPsWixKvl9PKtQsyXAFncmi', 'TRAINER', 'false')
2025-08-01 19:23:50.357 [main] DEBUG liquibase.executor - 1 row(s) affected
2025-08-01 19:23:50.357 [main] INFO  liquibase.changelog - New row inserted into user_credentials
2025-08-01 19:23:50.358 [main] DEBUG liquibase.executor - Executing Statement: liquibase.statement.core.InsertStatement@5b5e24b5
2025-08-01 19:23:50.359 [main] DEBUG liquibase.executor - INSERT INTO PUBLIC.user_credentials_roles (user_credentials_id, role_id) VALUES ((SELECT id FROM user_credentials WHERE email = 'yuliia.tkachenko@example.com'), '3')
2025-08-01 19:23:50.360 [main] DEBUG liquibase.executor - 1 row(s) affected
2025-08-01 19:23:50.361 [main] INFO  liquibase.changelog - New row inserted into user_credentials_roles
2025-08-01 19:23:50.361 [main] DEBUG liquibase.executor - Executing Statement: liquibase.statement.core.InsertStatement@97edd47
2025-08-01 19:23:50.362 [main] DEBUG liquibase.executor - INSERT INTO PUBLIC.addresses (country, city, street, house, is_deleted) VALUES ('Україна', 'Запоріжжя', 'Просп. Соборний', '150', 'false')
2025-08-01 19:23:50.363 [main] DEBUG liquibase.executor - 1 row(s) affected
2025-08-01 19:23:50.363 [main] INFO  liquibase.changelog - New row inserted into addresses
2025-08-01 19:23:50.364 [main] DEBUG liquibase.executor - Executing Statement: liquibase.statement.core.InsertStatement@37f7fc5e
2025-08-01 19:23:50.365 [main] DEBUG liquibase.executor - INSERT INTO PUBLIC.trainers (first_name, last_name, gender, date_of_birth, profile_image_url, user_credentials_id, address_id, online_training, description, social_media_links, overall_rating, number_of_reviews, is_deleted) VALUES ('Юлія', 'Ткаченко_TEST', 'FEMALE', '1991-09-05', '', (SELECT id FROM user_credentials WHERE email = 'yuliia.tkachenko@example.com'), (SELECT id FROM addresses WHERE country = 'Україна' AND city = 'Запоріжжя' AND street = 'Просп. Соборний' AND house = '150'), 'false', 'Інструктор з аеробіки та танців.', 'https://tt.com/yuliia_dance', '4.65', '75', 'false')
2025-08-01 19:23:50.366 [main] DEBUG liquibase.executor - 1 row(s) affected
2025-08-01 19:23:50.367 [main] INFO  liquibase.changelog - New row inserted into trainers
2025-08-01 19:23:50.368 [main] DEBUG liquibase.executor - Executing Statement: liquibase.statement.core.InsertStatement@3798eae1
2025-08-01 19:23:50.369 [main] DEBUG liquibase.executor - INSERT INTO PUBLIC.trainer_phone_numbers (trainer_id, phone_numbers) VALUES ((SELECT id FROM trainers WHERE first_name = 'Юлія' AND last_name = 'Ткаченко_TEST'), '+38(097)-666-7788')
2025-08-01 19:23:50.370 [main] DEBUG liquibase.executor - 1 row(s) affected
2025-08-01 19:23:50.370 [main] INFO  liquibase.changelog - New row inserted into trainer_phone_numbers
2025-08-01 19:23:50.371 [main] DEBUG liquibase.executor - Executing Statement: liquibase.statement.core.InsertStatement@1d490b2b
2025-08-01 19:23:50.372 [main] DEBUG liquibase.executor - INSERT INTO PUBLIC.trainer_certificates (trainer_id, certificates) VALUES ((SELECT id FROM trainers WHERE first_name = 'Юлія' AND last_name = 'Ткаченко_TEST'), 'Сертифікат Zumba Instructor')
2025-08-01 19:23:50.373 [main] DEBUG liquibase.executor - 1 row(s) affected
2025-08-01 19:23:50.374 [main] INFO  liquibase.changelog - New row inserted into trainer_certificates
2025-08-01 19:23:50.376 [main] DEBUG liquibase.executor - Executing Statement: liquibase.statement.core.InsertStatement@62227920
2025-08-01 19:23:50.377 [main] DEBUG liquibase.executor - INSERT INTO PUBLIC.sports_trainers (trainer_id, sport_id) VALUES ((SELECT id FROM trainers WHERE first_name = 'Юлія' AND last_name = 'Ткаченко_TEST'), '14')
2025-08-01 19:23:50.378 [main] DEBUG liquibase.executor - 1 row(s) affected
2025-08-01 19:23:50.378 [main] INFO  liquibase.changelog - New row inserted into sports_trainers
2025-08-01 19:23:50.379 [main] DEBUG liquibase.executor - Executing Statement: liquibase.statement.core.InsertStatement@6abf7c36
2025-08-01 19:23:50.380 [main] DEBUG liquibase.executor - INSERT INTO PUBLIC.user_credentials (email, password, user_type, is_deleted) VALUES ('volodymyr.bondarenko@example.com', '$2a$10$2y03kivOdVnunKG2k53YeO8VO6Ks1UFPsWixKvl9PKtQsyXAFncmi', 'TRAINER', 'false')
2025-08-01 19:23:50.381 [main] DEBUG liquibase.executor - 1 row(s) affected
2025-08-01 19:23:50.382 [main] INFO  liquibase.changelog - New row inserted into user_credentials
2025-08-01 19:23:50.383 [main] DEBUG liquibase.executor - Executing Statement: liquibase.statement.core.InsertStatement@1a005c62
2025-08-01 19:23:50.383 [main] DEBUG liquibase.executor - INSERT INTO PUBLIC.user_credentials_roles (user_credentials_id, role_id) VALUES ((SELECT id FROM user_credentials WHERE email = 'volodymyr.bondarenko@example.com'), '3')
2025-08-01 19:23:50.384 [main] DEBUG liquibase.executor - 1 row(s) affected
2025-08-01 19:23:50.385 [main] INFO  liquibase.changelog - New row inserted into user_credentials_roles
2025-08-01 19:23:50.386 [main] DEBUG liquibase.executor - Executing Statement: liquibase.statement.core.InsertStatement@4f451c5a
2025-08-01 19:23:50.387 [main] DEBUG liquibase.executor - INSERT INTO PUBLIC.addresses (country, city, street, house, is_deleted) VALUES ('Україна', 'Вінниця', 'Соборна', '80', 'false')
2025-08-01 19:23:50.387 [main] DEBUG liquibase.executor - 1 row(s) affected
2025-08-01 19:23:50.388 [main] INFO  liquibase.changelog - New row inserted into addresses
2025-08-01 19:23:50.388 [main] DEBUG liquibase.executor - Executing Statement: liquibase.statement.core.InsertStatement@3e5f87eb
2025-08-01 19:23:50.389 [main] DEBUG liquibase.executor - INSERT INTO PUBLIC.trainers (first_name, last_name, gender, date_of_birth, profile_image_url, user_credentials_id, address_id, online_training, description, social_media_links, overall_rating, number_of_reviews, is_deleted) VALUES ('Володимир', 'Бондаренко_TEST', 'MALE', '1983-02-10', '', (SELECT id FROM user_credentials WHERE email = 'volodymyr.bondarenko@example.com'), (SELECT id FROM addresses WHERE country = 'Україна' AND city = 'Вінниця' AND street = 'Соборна' AND house = '80'), 'true', 'Спеціаліст з силового тренінгу.', 'https://in.com/vladimir_power', '4.76', '150', 'false')
2025-08-01 19:23:50.390 [main] DEBUG liquibase.executor - 1 row(s) affected
2025-08-01 19:23:50.391 [main] INFO  liquibase.changelog - New row inserted into trainers
2025-08-01 19:23:50.392 [main] DEBUG liquibase.executor - Executing Statement: liquibase.statement.core.InsertStatement@2f9002da
2025-08-01 19:23:50.392 [main] DEBUG liquibase.executor - INSERT INTO PUBLIC.trainer_phone_numbers (trainer_id, phone_numbers) VALUES ((SELECT id FROM trainers WHERE first_name = 'Володимир' AND last_name = 'Бондаренко_TEST'), '+38(063)-777-8899')
2025-08-01 19:23:50.393 [main] DEBUG liquibase.executor - 1 row(s) affected
2025-08-01 19:23:50.394 [main] INFO  liquibase.changelog - New row inserted into trainer_phone_numbers
2025-08-01 19:23:50.395 [main] DEBUG liquibase.executor - Executing Statement: liquibase.statement.core.InsertStatement@376ba806
2025-08-01 19:23:50.395 [main] DEBUG liquibase.executor - INSERT INTO PUBLIC.trainer_certificates (trainer_id, certificates) VALUES ((SELECT id FROM trainers WHERE first_name = 'Володимир' AND last_name = 'Бондаренко_TEST'), 'IPF Powerlifting Coach')
2025-08-01 19:23:50.396 [main] DEBUG liquibase.executor - 1 row(s) affected
2025-08-01 19:23:50.397 [main] INFO  liquibase.changelog - New row inserted into trainer_certificates
2025-08-01 19:23:50.397 [main] DEBUG liquibase.executor - Executing Statement: liquibase.statement.core.InsertStatement@50abc57d
2025-08-01 19:23:50.398 [main] DEBUG liquibase.executor - INSERT INTO PUBLIC.sports_trainers (trainer_id, sport_id) VALUES ((SELECT id FROM trainers WHERE first_name = 'Володимир' AND last_name = 'Бондаренко_TEST'), '1')
2025-08-01 19:23:50.399 [main] DEBUG liquibase.executor - 1 row(s) affected
2025-08-01 19:23:50.399 [main] INFO  liquibase.changelog - New row inserted into sports_trainers
2025-08-01 19:23:50.400 [main] DEBUG liquibase.executor - Executing Statement: liquibase.statement.core.InsertStatement@1289705c
2025-08-01 19:23:50.401 [main] DEBUG liquibase.executor - INSERT INTO PUBLIC.user_credentials (email, password, user_type, is_deleted) VALUES ('iryna.kravchenko@example.com', '$2a$10$2y03kivOdVnunKG2k53YeO8VO6Ks1UFPsWixKvl9PKtQsyXAFncmi', 'TRAINER', 'false')
2025-08-01 19:23:50.402 [main] DEBUG liquibase.executor - 1 row(s) affected
2025-08-01 19:23:50.402 [main] INFO  liquibase.changelog - New row inserted into user_credentials
2025-08-01 19:23:50.403 [main] DEBUG liquibase.executor - Executing Statement: liquibase.statement.core.InsertStatement@3da02605
2025-08-01 19:23:50.404 [main] DEBUG liquibase.executor - INSERT INTO PUBLIC.user_credentials_roles (user_credentials_id, role_id) VALUES ((SELECT id FROM user_credentials WHERE email = 'iryna.kravchenko@example.com'), '3')
2025-08-01 19:23:50.404 [main] DEBUG liquibase.executor - 1 row(s) affected
2025-08-01 19:23:50.405 [main] INFO  liquibase.changelog - New row inserted into user_credentials_roles
2025-08-01 19:23:50.405 [main] DEBUG liquibase.executor - Executing Statement: liquibase.statement.core.InsertStatement@57e1822f
2025-08-01 19:23:50.406 [main] DEBUG liquibase.executor - INSERT INTO PUBLIC.addresses (country, city, street, house, is_deleted) VALUES ('Україна', 'Чернігів', 'Просп. Миру', '49', 'false')
2025-08-01 19:23:50.407 [main] DEBUG liquibase.executor - 1 row(s) affected
2025-08-01 19:23:50.407 [main] INFO  liquibase.changelog - New row inserted into addresses
2025-08-01 19:23:50.408 [main] DEBUG liquibase.executor - Executing Statement: liquibase.statement.core.InsertStatement@596f3583
2025-08-01 19:23:50.409 [main] DEBUG liquibase.executor - INSERT INTO PUBLIC.trainers (first_name, last_name, gender, date_of_birth, profile_image_url, user_credentials_id, address_id, online_training, description, social_media_links, overall_rating, number_of_reviews, is_deleted) VALUES ('Ірина', 'Кравченко_TEST', 'FEMALE', '1993-04-12', '', (SELECT id FROM user_credentials WHERE email = 'iryna.kravchenko@example.com'), (SELECT id FROM addresses WHERE country = 'Україна' AND city = 'Чернігів' AND street = 'Просп. Миру' AND house = '49'), 'false', 'Тренер з групових програм та стретчингу.', 'https://inst.com/iryna_stretch', '4.65', '60', 'false')
2025-08-01 19:23:50.410 [main] DEBUG liquibase.executor - 1 row(s) affected
2025-08-01 19:23:50.411 [main] INFO  liquibase.changelog - New row inserted into trainers
2025-08-01 19:23:50.411 [main] DEBUG liquibase.executor - Executing Statement: liquibase.statement.core.InsertStatement@3db562
2025-08-01 19:23:50.412 [main] DEBUG liquibase.executor - INSERT INTO PUBLIC.trainer_phone_numbers (trainer_id, phone_numbers) VALUES ((SELECT id FROM trainers WHERE first_name = 'Ірина' AND last_name = 'Кравченко_TEST'), '+38(098)-888-9900')
2025-08-01 19:23:50.413 [main] DEBUG liquibase.executor - 1 row(s) affected
2025-08-01 19:23:50.413 [main] INFO  liquibase.changelog - New row inserted into trainer_phone_numbers
2025-08-01 19:23:50.414 [main] DEBUG liquibase.executor - Executing Statement: liquibase.statement.core.InsertStatement@3c113b6e
2025-08-01 19:23:50.414 [main] DEBUG liquibase.executor - INSERT INTO PUBLIC.trainer_certificates (trainer_id, certificates) VALUES ((SELECT id FROM trainers WHERE first_name = 'Ірина' AND last_name = 'Кравченко_TEST'), 'AFAA Group Fitness Instructor')
2025-08-01 19:23:50.415 [main] DEBUG liquibase.executor - 1 row(s) affected
2025-08-01 19:23:50.415 [main] INFO  liquibase.changelog - New row inserted into trainer_certificates
2025-08-01 19:23:50.416 [main] DEBUG liquibase.executor - Executing Statement: liquibase.statement.core.InsertStatement@673a3639
2025-08-01 19:23:50.417 [main] DEBUG liquibase.executor - INSERT INTO PUBLIC.sports_trainers (trainer_id, sport_id) VALUES ((SELECT id FROM trainers WHERE first_name = 'Ірина' AND last_name = 'Кравченко_TEST'), '6')
2025-08-01 19:23:50.418 [main] DEBUG liquibase.executor - 1 row(s) affected
2025-08-01 19:23:50.418 [main] INFO  liquibase.changelog - New row inserted into sports_trainers
2025-08-01 19:23:50.419 [main] DEBUG liquibase.executor - Executing Statement: liquibase.statement.core.InsertStatement@4759c470
2025-08-01 19:23:50.420 [main] DEBUG liquibase.executor - INSERT INTO PUBLIC.sports_trainers (trainer_id, sport_id) VALUES ((SELECT id FROM trainers WHERE first_name = 'Ірина' AND last_name = 'Кравченко_TEST'), '7')
2025-08-01 19:23:50.421 [main] DEBUG liquibase.executor - 1 row(s) affected
2025-08-01 19:23:50.421 [main] INFO  liquibase.changelog - New row inserted into sports_trainers
2025-08-01 19:23:50.422 [main] DEBUG liquibase.executor - Executing Statement: liquibase.statement.core.InsertStatement@2aa2ff5c
2025-08-01 19:23:50.423 [main] DEBUG liquibase.executor - INSERT INTO PUBLIC.user_credentials (email, password, user_type, is_deleted) VALUES ('serhii.marchenko@example.com', '$2a$10$2y03kivOdVnunKG2k53YeO8VO6Ks1UFPsWixKvl9PKtQsyXAFncmi', 'TRAINER', 'false')
2025-08-01 19:23:50.424 [main] DEBUG liquibase.executor - 1 row(s) affected
2025-08-01 19:23:50.424 [main] INFO  liquibase.changelog - New row inserted into user_credentials
2025-08-01 19:23:50.425 [main] DEBUG liquibase.executor - Executing Statement: liquibase.statement.core.InsertStatement@1fdd7b2d
2025-08-01 19:23:50.426 [main] DEBUG liquibase.executor - INSERT INTO PUBLIC.user_credentials_roles (user_credentials_id, role_id) VALUES ((SELECT id FROM user_credentials WHERE email = 'serhii.marchenko@example.com'), '3')
2025-08-01 19:23:50.427 [main] DEBUG liquibase.executor - 1 row(s) affected
2025-08-01 19:23:50.427 [main] INFO  liquibase.changelog - New row inserted into user_credentials_roles
2025-08-01 19:23:50.429 [main] DEBUG liquibase.executor - Executing Statement: liquibase.statement.core.InsertStatement@29601d11
2025-08-01 19:23:50.430 [main] DEBUG liquibase.executor - INSERT INTO PUBLIC.addresses (country, city, street, house, is_deleted) VALUES ('Україна', 'Полтава', 'Європейська', '10', 'false')
2025-08-01 19:23:50.430 [main] DEBUG liquibase.executor - 1 row(s) affected
2025-08-01 19:23:50.431 [main] INFO  liquibase.changelog - New row inserted into addresses
2025-08-01 19:23:50.432 [main] DEBUG liquibase.executor - Executing Statement: liquibase.statement.core.InsertStatement@20933609
2025-08-01 19:23:50.433 [main] DEBUG liquibase.executor - INSERT INTO PUBLIC.trainers (first_name, last_name, gender, date_of_birth, profile_image_url, user_credentials_id, address_id, online_training, description, social_media_links, overall_rating, number_of_reviews, is_deleted) VALUES ('Сергій', 'Марченко_TEST', 'MALE', '1987-08-28', '', (SELECT id FROM user_credentials WHERE email = 'serhii.marchenko@example.com'), (SELECT id FROM addresses WHERE country = 'Україна' AND city = 'Полтава' AND street = 'Європейська' AND house = '10'), 'true', 'Спеціаліст з плавання та водних видів спорту.', 'https://fb.com/serhii.swim', '4.56', '110', 'false')
2025-08-01 19:23:50.434 [main] DEBUG liquibase.executor - 1 row(s) affected
2025-08-01 19:23:50.435 [main] INFO  liquibase.changelog - New row inserted into trainers
2025-08-01 19:23:50.436 [main] DEBUG liquibase.executor - Executing Statement: liquibase.statement.core.InsertStatement@1df67558
2025-08-01 19:23:50.436 [main] DEBUG liquibase.executor - INSERT INTO PUBLIC.trainer_phone_numbers (trainer_id, phone_numbers) VALUES ((SELECT id FROM trainers WHERE first_name = 'Сергій' AND last_name = 'Марченко_TEST'), '+38(050)-999-0011')
2025-08-01 19:23:50.437 [main] DEBUG liquibase.executor - 1 row(s) affected
2025-08-01 19:23:50.438 [main] INFO  liquibase.changelog - New row inserted into trainer_phone_numbers
2025-08-01 19:23:50.438 [main] DEBUG liquibase.executor - Executing Statement: liquibase.statement.core.InsertStatement@698661d8
2025-08-01 19:23:50.439 [main] DEBUG liquibase.executor - INSERT INTO PUBLIC.trainer_certificates (trainer_id, certificates) VALUES ((SELECT id FROM trainers WHERE first_name = 'Сергій' AND last_name = 'Марченко_TEST'), 'Сертифікат FINA')
2025-08-01 19:23:50.440 [main] DEBUG liquibase.executor - 1 row(s) affected
2025-08-01 19:23:50.441 [main] INFO  liquibase.changelog - New row inserted into trainer_certificates
2025-08-01 19:23:50.442 [main] DEBUG liquibase.executor - Executing Statement: liquibase.statement.core.InsertStatement@40a7716c
2025-08-01 19:23:50.442 [main] DEBUG liquibase.executor - INSERT INTO PUBLIC.sports_trainers (trainer_id, sport_id) VALUES ((SELECT id FROM trainers WHERE first_name = 'Сергій' AND last_name = 'Марченко_TEST'), '2')
2025-08-01 19:23:50.444 [main] DEBUG liquibase.executor - 1 row(s) affected
2025-08-01 19:23:50.444 [main] INFO  liquibase.changelog - New row inserted into sports_trainers
2025-08-01 19:23:50.445 [main] DEBUG liquibase.executor - Executing Statement: liquibase.statement.core.InsertStatement@793d340f
2025-08-01 19:23:50.446 [main] DEBUG liquibase.executor - INSERT INTO PUBLIC.sports_trainers (trainer_id, sport_id) VALUES ((SELECT id FROM trainers WHERE first_name = 'Сергій' AND last_name = 'Марченко_TEST'), '12')
2025-08-01 19:23:50.447 [main] DEBUG liquibase.executor - 1 row(s) affected
2025-08-01 19:23:50.447 [main] INFO  liquibase.changelog - New row inserted into sports_trainers
2025-08-01 19:23:50.448 [main] DEBUG liquibase.executor - Executing Statement: liquibase.statement.core.InsertStatement@57cfd2c5
2025-08-01 19:23:50.449 [main] DEBUG liquibase.executor - INSERT INTO PUBLIC.user_credentials (email, password, user_type, is_deleted) VALUES ('halyna.oliynyk@example.com', '$2a$10$2y03kivOdVnunKG2k53YeO8VO6Ks1UFPsWixKvl9PKtQsyXAFncmi', 'TRAINER', 'false')
2025-08-01 19:23:50.450 [main] DEBUG liquibase.executor - 1 row(s) affected
2025-08-01 19:23:50.450 [main] INFO  liquibase.changelog - New row inserted into user_credentials
2025-08-01 19:23:50.451 [main] DEBUG liquibase.executor - Executing Statement: liquibase.statement.core.InsertStatement@d1de145
2025-08-01 19:23:50.451 [main] DEBUG liquibase.executor - INSERT INTO PUBLIC.user_credentials_roles (user_credentials_id, role_id) VALUES ((SELECT id FROM user_credentials WHERE email = 'halyna.oliynyk@example.com'), '3')
2025-08-01 19:23:50.452 [main] DEBUG liquibase.executor - 1 row(s) affected
2025-08-01 19:23:50.453 [main] INFO  liquibase.changelog - New row inserted into user_credentials_roles
2025-08-01 19:23:50.454 [main] DEBUG liquibase.executor - Executing Statement: liquibase.statement.core.InsertStatement@76cacd9b
2025-08-01 19:23:50.455 [main] DEBUG liquibase.executor - INSERT INTO PUBLIC.addresses (country, city, street, house, is_deleted) VALUES ('Україна', 'Черкаси', 'Хрещатик', '200', 'false')
2025-08-01 19:23:50.456 [main] DEBUG liquibase.executor - 1 row(s) affected
2025-08-01 19:23:50.456 [main] INFO  liquibase.changelog - New row inserted into addresses
2025-08-01 19:23:50.457 [main] DEBUG liquibase.executor - Executing Statement: liquibase.statement.core.InsertStatement@66c71201
2025-08-01 19:23:50.458 [main] DEBUG liquibase.executor - INSERT INTO PUBLIC.trainers (first_name, last_name, gender, date_of_birth, profile_image_url, user_credentials_id, address_id, online_training, description, social_media_links, overall_rating, number_of_reviews, is_deleted) VALUES ('Галина', 'Олійник_TEST', 'FEMALE', '1994-10-18', '', (SELECT id FROM user_credentials WHERE email = 'halyna.oliynyk@example.com'), (SELECT id FROM addresses WHERE country = 'Україна' AND city = 'Черкаси' AND street = 'Хрещатик' AND house = '200'), 'false', 'Фахівець з відновлювального тренінгу.', 'https://fb.com/halyna.rehab', '4.7', '65', 'false')
2025-08-01 19:23:50.459 [main] DEBUG liquibase.executor - 1 row(s) affected
2025-08-01 19:23:50.459 [main] INFO  liquibase.changelog - New row inserted into trainers
2025-08-01 19:23:50.461 [main] DEBUG liquibase.executor - Executing Statement: liquibase.statement.core.InsertStatement@4f37ade6
2025-08-01 19:23:50.461 [main] DEBUG liquibase.executor - INSERT INTO PUBLIC.trainer_phone_numbers (trainer_id, phone_numbers) VALUES ((SELECT id FROM trainers WHERE first_name = 'Галина' AND last_name = 'Олійник_TEST'), '+38(067)-123-4567')
2025-08-01 19:23:50.463 [main] DEBUG liquibase.executor - 1 row(s) affected
2025-08-01 19:23:50.464 [main] INFO  liquibase.changelog - New row inserted into trainer_phone_numbers
2025-08-01 19:23:50.465 [main] DEBUG liquibase.executor - Executing Statement: liquibase.statement.core.InsertStatement@2d427a8c
2025-08-01 19:23:50.466 [main] DEBUG liquibase.executor - INSERT INTO PUBLIC.trainer_certificates (trainer_id, certificates) VALUES ((SELECT id FROM trainers WHERE first_name = 'Галина' AND last_name = 'Олійник_TEST'), 'Certified Rehabilitation Specialist')
2025-08-01 19:23:50.466 [main] DEBUG liquibase.executor - 1 row(s) affected
2025-08-01 19:23:50.467 [main] INFO  liquibase.changelog - New row inserted into trainer_certificates
2025-08-01 19:23:50.468 [main] DEBUG liquibase.executor - Executing Statement: liquibase.statement.core.InsertStatement@dc4ccaa
2025-08-01 19:23:50.469 [main] DEBUG liquibase.executor - INSERT INTO PUBLIC.sports_trainers (trainer_id, sport_id) VALUES ((SELECT id FROM trainers WHERE first_name = 'Галина' AND last_name = 'Олійник_TEST'), '4')
2025-08-01 19:23:50.470 [main] DEBUG liquibase.executor - 1 row(s) affected
2025-08-01 19:23:50.470 [main] INFO  liquibase.changelog - New row inserted into sports_trainers
2025-08-01 19:23:50.471 [main] DEBUG liquibase.executor - Executing Statement: liquibase.statement.core.InsertStatement@534d8009
2025-08-01 19:23:50.472 [main] DEBUG liquibase.executor - INSERT INTO PUBLIC.sports_trainers (trainer_id, sport_id) VALUES ((SELECT id FROM trainers WHERE first_name = 'Галина' AND last_name = 'Олійник_TEST'), '15')
2025-08-01 19:23:50.473 [main] DEBUG liquibase.executor - 1 row(s) affected
2025-08-01 19:23:50.473 [main] INFO  liquibase.changelog - New row inserted into sports_trainers
2025-08-01 19:23:50.474 [main] INFO  liquibase.changelog - ChangeSet db.changelog/changes/27-insert-trainers-for-testing.yaml::27-insert-trainers-for-testing::bohdan-s ran successfully in 276ms
2025-08-01 19:23:50.476 [main] DEBUG liquibase.executor - INSERT INTO PUBLIC.DATABASECHANGELOG (ID, AUTHOR, FILENAME, DATEEXECUTED, ORDEREXECUTED, MD5SUM, DESCRIPTION, COMMENTS, EXECTYPE, CONTEXTS, LABELS, LIQUIBASE, DEPLOYMENT_ID) VALUES ('27-insert-trainers-for-testing', 'bohdan-s', 'db.changelog/changes/27-insert-trainers-for-testing.yaml', NOW(), 27, '9:18bb7a6c6d60c3b3d3a8292c3630b15f', 'insert tableName=user_credentials; insert tableName=user_credentials_roles; insert tableName=addresses; insert tableName=trainers; insert tableName=trainer_phone_numbers; insert tableName=trainer_certificates; insert tableName=sports_trainers; ins...', '', 'EXECUTED', NULL, NULL, '4.29.2', '4076229319')
2025-08-01 19:23:50.476 [main] DEBUG liquibase.executor - 1 row(s) affected
2025-08-01 19:23:50.477 [main] DEBUG liquibase.executor - Changelog query completed.
2025-08-01 19:23:50.479 [main] DEBUG liquibase.util - Computed checksum for insert:[
    columns=[
        [
            name="email"
            value="oleksii.hryshchenko@example.com"
        ],
        [
            name="password"
            value="$2a$10$2y03kivOdVnunKG2k53YeO8VO6Ks1UFPsWixKvl9PKtQsyXAFncmi"
        ],
        [
            name="user_type"
            value="GYM_OWNER"
        ],
        [
            name="is_deleted"
            value="false"
        ]
    ]
    tableName="user_credentials"
] as a186cdaecbad24427526f8efcbf6b91a
2025-08-01 19:23:50.479 [main] DEBUG liquibase.util - Computed checksum for insert:[
    columns=[
        [
            name="user_credentials_id"
            valueComputed="(SELECT id FROM user_credentials WHERE email = 'oleksii.hryshchenko@example.com')"
        ],
        [
            name="role_id"
            value="4"
        ]
    ]
    tableName="user_credentials_roles"
] as 9ef3126979d0b7e124200225ad552ea0
2025-08-01 19:23:50.480 [main] DEBUG liquibase.util - Computed checksum for insert:[
    columns=[
        [
            name="first_name"
            value="Олексій"
        ],
        [
            name="last_name"
            value="Грищенко_TEST"
        ],
        [
            name="gender"
            value="MALE"
        ],
        [
            name="date_of_birth"
            value="1980-01-01"
        ],
        [
            name="profile_image_url"
            value=""
        ],
        [
            name="user_credentials_id"
            valueComputed="(S... [truncated in log] as 9bb98a0e34b29db65729d2ed3f6a249f
2025-08-01 19:23:50.481 [main] DEBUG liquibase.util - Computed checksum for insert:[
    columns=[
        [
            name="gym_owner_id"
            valueComputed="(SELECT id FROM gym_owners WHERE first_name = 'Олексій' AND last_name = 'Грищенко_TEST')"
        ],
        [
            name="phone_numbers"
            value="+38(044)-111-2233"
        ]
    ]
    tableName="gym_owner_phone_numbers"
] as 0dc361460464624946144961607a0252
2025-08-01 19:23:50.482 [main] DEBUG liquibase.util - Computed checksum for insert:[
    columns=[
        [
            name="country"
            value="Україна"
        ],
        [
            name="city"
            value="Київ"
        ],
        [
            name="street"
            value="вул. Антоновича"
        ],
        [
            name="house"
            value="50"
        ],
        [
            name="is_deleted"
            value="false"
        ]
    ]
    tableName="addresses"
] as 29e45c29b85d6da7c38633e34f4655a8
2025-08-01 19:23:50.482 [main] DEBUG liquibase.util - Computed checksum for insert:[
    columns=[
        [
            name="name"
            value="StrongBody_TEST"
        ],
        [
            name="address_id"
            valueComputed="(SELECT id FROM addresses WHERE country = 'Україна' AND city = 'Київ' AND street = 'вул. Антоновича' AND house = '50')"
        ],
        [
            name="description"
            value="Сучасний тренажерний зал з великим вибором обладнання."
        ],
        [
            name="website"
            value="http://strongbo... [truncated in log] as 2c3d26909d9d4ed5e2357f97e1a2358f
2025-08-01 19:23:50.483 [main] DEBUG liquibase.util - Computed checksum for insert:[
    columns=[
        [
            name="gym_id"
            valueComputed="(SELECT id FROM gyms WHERE name = 'StrongBody_TEST')"
        ],
        [
            name="phone_numbers"
            value="+38(044)-111-2233"
        ]
    ]
    tableName="gym_phone_numbers"
] as 22bdbe6522a4ecd590a576b9e6ef4f69
2025-08-01 19:23:50.484 [main] DEBUG liquibase.util - Computed checksum for insert:[
    columns=[
        [
            name="gym_id"
            valueComputed="(SELECT id FROM gyms WHERE name = 'StrongBody_TEST')"
        ],
        [
            name="day_of_week"
            value="MONDAY"
        ],
        [
            name="start_time"
            value="07:00:00"
        ],
        [
            name="end_time"
            value="22:00:00"
        ]
    ]
    tableName="gym_working_hours"
] as fdd532cb2bf819a4ac986d879e17fb2a
2025-08-01 19:23:50.484 [main] DEBUG liquibase.util - Computed checksum for insert:[
    columns=[
        [
            name="gym_id"
            valueComputed="(SELECT id FROM gyms WHERE name = 'StrongBody_TEST')"
        ],
        [
            name="day_of_week"
            value="TUESDAY"
        ],
        [
            name="start_time"
            value="07:00:00"
        ],
        [
            name="end_time"
            value="22:00:00"
        ]
    ]
    tableName="gym_working_hours"
] as dc696c063f339e0b37f8ad038440ad00
2025-08-01 19:23:50.485 [main] DEBUG liquibase.util - Computed checksum for insert:[
    columns=[
        [
            name="gym_id"
            valueComputed="(SELECT id FROM gyms WHERE name = 'StrongBody_TEST')"
        ],
        [
            name="day_of_week"
            value="WEDNESDAY"
        ],
        [
            name="start_time"
            value="07:00:00"
        ],
        [
            name="end_time"
            value="22:00:00"
        ]
    ]
    tableName="gym_working_hours"
] as e2c6a6d1941fc2e01d41b1d9848894a1
2025-08-01 19:23:50.485 [main] DEBUG liquibase.util - Computed checksum for insert:[
    columns=[
        [
            name="gym_id"
            valueComputed="(SELECT id FROM gyms WHERE name = 'StrongBody_TEST')"
        ],
        [
            name="day_of_week"
            value="THURSDAY"
        ],
        [
            name="start_time"
            value="07:00:00"
        ],
        [
            name="end_time"
            value="22:00:00"
        ]
    ]
    tableName="gym_working_hours"
] as 3336aa01d7a18527f627cf3a86d5d03c
2025-08-01 19:23:50.486 [main] DEBUG liquibase.util - Computed checksum for insert:[
    columns=[
        [
            name="gym_id"
            valueComputed="(SELECT id FROM gyms WHERE name = 'StrongBody_TEST')"
        ],
        [
            name="day_of_week"
            value="FRIDAY"
        ],
        [
            name="start_time"
            value="07:00:00"
        ],
        [
            name="end_time"
            value="22:00:00"
        ]
    ]
    tableName="gym_working_hours"
] as 23f75e170e665544ed5877832f0f82f0
2025-08-01 19:23:50.487 [main] DEBUG liquibase.util - Computed checksum for insert:[
    columns=[
        [
            name="gym_id"
            valueComputed="(SELECT id FROM gyms WHERE name = 'StrongBody_TEST')"
        ],
        [
            name="day_of_week"
            value="SATURDAY"
        ],
        [
            name="start_time"
            value="09:00:00"
        ],
        [
            name="end_time"
            value="18:00:00"
        ]
    ]
    tableName="gym_working_hours"
] as b2578eb066447df75eaddfbe69230296
2025-08-01 19:23:50.487 [main] DEBUG liquibase.util - Computed checksum for insert:[
    columns=[
        [
            name="gym_id"
            valueComputed="(SELECT id FROM gyms WHERE name = 'StrongBody_TEST')"
        ],
        [
            name="day_of_week"
            value="SUNDAY"
        ],
        [
            name="start_time"
            value="09:00:00"
        ],
        [
            name="end_time"
            value="16:00:00"
        ]
    ]
    tableName="gym_working_hours"
] as f3333d5b4b54a5408b0e733d36db7451
2025-08-01 19:23:50.488 [main] DEBUG liquibase.util - Computed checksum for insert:[
    columns=[
        [
            name="gym_id"
            valueComputed="(SELECT id FROM gyms WHERE name = 'StrongBody_TEST')"
        ],
        [
            name="sport_id"
            value="3"
        ]
    ]
    tableName="sports_gyms"
] as b7897eb5898708ff779dce15c75dbbe1
2025-08-01 19:23:50.489 [main] DEBUG liquibase.util - Computed checksum for insert:[
    columns=[
        [
            name="gym_id"
            valueComputed="(SELECT id FROM gyms WHERE name = 'StrongBody_TEST')"
        ],
        [
            name="sport_id"
            value="1"
        ]
    ]
    tableName="sports_gyms"
] as 87fe014fc527f50e1e8379d7bddbaea9
2025-08-01 19:23:50.489 [main] DEBUG liquibase.util - Computed checksum for insert:[
    columns=[
        [
            name="country"
            value="Україна"
        ],
        [
            name="city"
            value="Львів"
        ],
        [
            name="street"
            value="вул. Городоцька"
        ],
        [
            name="house"
            value="17"
        ],
        [
            name="is_deleted"
            value="false"
        ]
    ]
    tableName="addresses"
] as 1904447d7b851e519fa45160330725b8
2025-08-01 19:23:50.490 [main] DEBUG liquibase.util - Computed checksum for insert:[
    columns=[
        [
            name="name"
            value="FitZone_TEST"
        ],
        [
            name="address_id"
            valueComputed="(SELECT id FROM addresses WHERE country = 'Україна' AND city = 'Львів' AND street = 'вул. Городоцька' AND house = '17')"
        ],
        [
            name="description"
            value="Просторий фітнес-центр з зонами для групових тренувань."
        ],
        [
            name="website"
            value="http://fitzone.l... [truncated in log] as f2e14af4ebd0b0699a69c73587d3b45e
2025-08-01 19:23:50.491 [main] DEBUG liquibase.util - Computed checksum for insert:[
    columns=[
        [
            name="gym_id"
            valueComputed="(SELECT id FROM gyms WHERE name = 'FitZone_TEST')"
        ],
        [
            name="phone_numbers"
            value="+38(032)-222-3344"
        ]
    ]
    tableName="gym_phone_numbers"
] as 7a44c4e1168588bc2efed261c38b2a46
2025-08-01 19:23:50.492 [main] DEBUG liquibase.util - Computed checksum for insert:[
    columns=[
        [
            name="gym_id"
            valueComputed="(SELECT id FROM gyms WHERE name = 'FitZone_TEST')"
        ],
        [
            name="day_of_week"
            value="MONDAY"
        ],
        [
            name="start_time"
            value="08:00:00"
        ],
        [
            name="end_time"
            value="21:00:00"
        ]
    ]
    tableName="gym_working_hours"
] as 0bab65249fca8bec2dc55c5e263fc59c
2025-08-01 19:23:50.492 [main] DEBUG liquibase.util - Computed checksum for insert:[
    columns=[
        [
            name="gym_id"
            valueComputed="(SELECT id FROM gyms WHERE name = 'FitZone_TEST')"
        ],
        [
            name="day_of_week"
            value="TUESDAY"
        ],
        [
            name="start_time"
            value="08:00:00"
        ],
        [
            name="end_time"
            value="21:00:00"
        ]
    ]
    tableName="gym_working_hours"
] as 9e2be34af71f2d3e189b317b75490841
2025-08-01 19:23:50.493 [main] DEBUG liquibase.util - Computed checksum for insert:[
    columns=[
        [
            name="gym_id"
            valueComputed="(SELECT id FROM gyms WHERE name = 'FitZone_TEST')"
        ],
        [
            name="day_of_week"
            value="WEDNESDAY"
        ],
        [
            name="start_time"
            value="08:00:00"
        ],
        [
            name="end_time"
            value="21:00:00"
        ]
    ]
    tableName="gym_working_hours"
] as ede8a4a3343c5bdb0c35a198db6e437e
2025-08-01 19:23:50.494 [main] DEBUG liquibase.util - Computed checksum for insert:[
    columns=[
        [
            name="gym_id"
            valueComputed="(SELECT id FROM gyms WHERE name = 'FitZone_TEST')"
        ],
        [
            name="day_of_week"
            value="THURSDAY"
        ],
        [
            name="start_time"
            value="08:00:00"
        ],
        [
            name="end_time"
            value="21:00:00"
        ]
    ]
    tableName="gym_working_hours"
] as 58a6f4c5f3dca4eb5fd5e2b92f3b90f0
2025-08-01 19:23:50.494 [main] DEBUG liquibase.util - Computed checksum for insert:[
    columns=[
        [
            name="gym_id"
            valueComputed="(SELECT id FROM gyms WHERE name = 'FitZone_TEST')"
        ],
        [
            name="day_of_week"
            value="FRIDAY"
        ],
        [
            name="start_time"
            value="08:00:00"
        ],
        [
            name="end_time"
            value="21:00:00"
        ]
    ]
    tableName="gym_working_hours"
] as fd8c4582f5bbe38d18da68cbeda3ceea
2025-08-01 19:23:50.495 [main] DEBUG liquibase.util - Computed checksum for insert:[
    columns=[
        [
            name="gym_id"
            valueComputed="(SELECT id FROM gyms WHERE name = 'FitZone_TEST')"
        ],
        [
            name="day_of_week"
            value="SATURDAY"
        ],
        [
            name="start_time"
            value="10:00:00"
        ],
        [
            name="end_time"
            value="17:00:00"
        ]
    ]
    tableName="gym_working_hours"
] as ecf6da0cf50db3524defe41071744449
2025-08-01 19:23:50.495 [main] DEBUG liquibase.util - Computed checksum for insert:[
    columns=[
        [
            name="gym_id"
            valueComputed="(SELECT id FROM gyms WHERE name = 'FitZone_TEST')"
        ],
        [
            name="sport_id"
            value="7"
        ]
    ]
    tableName="sports_gyms"
] as 6f7d1438af2b7019de9da57fd7df9d44
2025-08-01 19:23:50.496 [main] DEBUG liquibase.util - Computed checksum for insert:[
    columns=[
        [
            name="gym_id"
            valueComputed="(SELECT id FROM gyms WHERE name = 'FitZone_TEST')"
        ],
        [
            name="sport_id"
            value="13"
        ]
    ]
    tableName="sports_gyms"
] as 87bbd099f660cae0e764a75e4a9e8e51
2025-08-01 19:23:50.497 [main] DEBUG liquibase.util - Computed checksum for insert:[
    columns=[
        [
            name="gym_id"
            valueComputed="(SELECT id FROM gyms WHERE name = 'FitZone_TEST')"
        ],
        [
            name="sport_id"
            value="1"
        ]
    ]
    tableName="sports_gyms"
] as b3258160a2da867cab3fb7c2fff8685d
2025-08-01 19:23:50.497 [main] DEBUG liquibase.util - Computed checksum for insert:[
    columns=[
        [
            name="country"
            value="Україна"
        ],
        [
            name="city"
            value="Одеса"
        ],
        [
            name="street"
            value="вул. Катерининська"
        ],
        [
            name="house"
            value="20"
        ],
        [
            name="is_deleted"
            value="false"
        ]
    ]
    tableName="addresses"
] as a886b7a6bde59aafc5d26f305008b40d
2025-08-01 19:23:50.498 [main] DEBUG liquibase.util - Computed checksum for insert:[
    columns=[
        [
            name="name"
            value="Dynamo_TEST"
        ],
        [
            name="address_id"
            valueComputed="(SELECT id FROM addresses WHERE country = 'Україна' AND city = 'Одеса' AND street = 'вул. Катерининська' AND house = '20')"
        ],
        [
            name="description"
            value="Класичний спортивний клуб з басейном та сауною."
        ],
        [
            name="website"
            value="http://dynamo.od.ua"
 ... [truncated in log] as 12e125cb99179e7a89e73b2841ebc08b
2025-08-01 19:23:50.499 [main] DEBUG liquibase.util - Computed checksum for insert:[
    columns=[
        [
            name="gym_id"
            valueComputed="(SELECT id FROM gyms WHERE name = 'Dynamo_TEST')"
        ],
        [
            name="phone_numbers"
            value="+38(048)-333-4455"
        ]
    ]
    tableName="gym_phone_numbers"
] as b6caa5ec433522920b57749d76661096
2025-08-01 19:23:50.500 [main] DEBUG liquibase.util - Computed checksum for insert:[
    columns=[
        [
            name="gym_id"
            valueComputed="(SELECT id FROM gyms WHERE name = 'Dynamo_TEST')"
        ],
        [
            name="day_of_week"
            value="MONDAY"
        ],
        [
            name="start_time"
            value="06:00:00"
        ],
        [
            name="end_time"
            value="23:00:00"
        ]
    ]
    tableName="gym_working_hours"
] as b6e87d8e96d078ccab18203023a36ec7
2025-08-01 19:23:50.501 [main] DEBUG liquibase.util - Computed checksum for insert:[
    columns=[
        [
            name="gym_id"
            valueComputed="(SELECT id FROM gyms WHERE name = 'Dynamo_TEST')"
        ],
        [
            name="day_of_week"
            value="TUESDAY"
        ],
        [
            name="start_time"
            value="06:00:00"
        ],
        [
            name="end_time"
            value="23:00:00"
        ]
    ]
    tableName="gym_working_hours"
] as de59218f70f5fb295b1c90985b7f0f44
2025-08-01 19:23:50.502 [main] DEBUG liquibase.util - Computed checksum for insert:[
    columns=[
        [
            name="gym_id"
            valueComputed="(SELECT id FROM gyms WHERE name = 'Dynamo_TEST')"
        ],
        [
            name="day_of_week"
            value="WEDNESDAY"
        ],
        [
            name="start_time"
            value="06:00:00"
        ],
        [
            name="end_time"
            value="23:00:00"
        ]
    ]
    tableName="gym_working_hours"
] as 9dee3aa84b661e86ad655d67aa064b33
2025-08-01 19:23:50.503 [main] DEBUG liquibase.util - Computed checksum for insert:[
    columns=[
        [
            name="gym_id"
            valueComputed="(SELECT id FROM gyms WHERE name = 'Dynamo_TEST')"
        ],
        [
            name="day_of_week"
            value="THURSDAY"
        ],
        [
            name="start_time"
            value="06:00:00"
        ],
        [
            name="end_time"
            value="23:00:00"
        ]
    ]
    tableName="gym_working_hours"
] as ec14ef8865263b86807d65a440266bf2
2025-08-01 19:23:50.504 [main] DEBUG liquibase.util - Computed checksum for insert:[
    columns=[
        [
            name="gym_id"
            valueComputed="(SELECT id FROM gyms WHERE name = 'Dynamo_TEST')"
        ],
        [
            name="day_of_week"
            value="FRIDAY"
        ],
        [
            name="start_time"
            value="06:00:00"
        ],
        [
            name="end_time"
            value="23:00:00"
        ]
    ]
    tableName="gym_working_hours"
] as 0331175adffb3d4dcfe1d68546d4f548
2025-08-01 19:23:50.505 [main] DEBUG liquibase.util - Computed checksum for insert:[
    columns=[
        [
            name="gym_id"
            valueComputed="(SELECT id FROM gyms WHERE name = 'Dynamo_TEST')"
        ],
        [
            name="day_of_week"
            value="SATURDAY"
        ],
        [
            name="start_time"
            value="08:00:00"
        ],
        [
            name="end_time"
            value="20:00:00"
        ]
    ]
    tableName="gym_working_hours"
] as 710ef1519e1b7b1f4bf64b9d7f46cb9c
2025-08-01 19:23:50.506 [main] DEBUG liquibase.util - Computed checksum for insert:[
    columns=[
        [
            name="gym_id"
            valueComputed="(SELECT id FROM gyms WHERE name = 'Dynamo_TEST')"
        ],
        [
            name="day_of_week"
            value="SUNDAY"
        ],
        [
            name="start_time"
            value="08:00:00"
        ],
        [
            name="end_time"
            value="18:00:00"
        ]
    ]
    tableName="gym_working_hours"
] as fe64c3bd00cbb11d0ff1ec9d5dc78809
2025-08-01 19:23:50.507 [main] DEBUG liquibase.util - Computed checksum for insert:[
    columns=[
        [
            name="gym_id"
            valueComputed="(SELECT id FROM gyms WHERE name = 'Dynamo_TEST')"
        ],
        [
            name="sport_id"
            value="2"
        ]
    ]
    tableName="sports_gyms"
] as 7d9fd06d5aebd1d7fb6c412eec608c0e
2025-08-01 19:23:50.507 [main] DEBUG liquibase.util - Computed checksum for insert:[
    columns=[
        [
            name="gym_id"
            valueComputed="(SELECT id FROM gyms WHERE name = 'Dynamo_TEST')"
        ],
        [
            name="sport_id"
            value="12"
        ]
    ]
    tableName="sports_gyms"
] as bbd9a9aef4b0b0462e211d00334a3886
2025-08-01 19:23:50.508 [main] DEBUG liquibase.util - Computed checksum for insert:[
    columns=[
        [
            name="gym_id"
            valueComputed="(SELECT id FROM gyms WHERE name = 'Dynamo_TEST')"
        ],
        [
            name="sport_id"
            value="1"
        ]
    ]
    tableName="sports_gyms"
] as 9f5012badfbfd9fe0fe97e50f8e9f07a
2025-08-01 19:23:50.509 [main] DEBUG liquibase.util - Computed checksum for insert:[
    columns=[
        [
            name="country"
            value="Україна"
        ],
        [
            name="city"
            value="Харків"
        ],
        [
            name="street"
            value="просп. Науки"
        ],
        [
            name="house"
            value="9"
        ],
        [
            name="is_deleted"
            value="false"
        ]
    ]
    tableName="addresses"
] as faac327685d870ec67bd2406acea346f
2025-08-01 19:23:50.510 [main] DEBUG liquibase.util - Computed checksum for insert:[
    columns=[
        [
            name="name"
            value="SportLife_TEST"
        ],
        [
            name="address_id"
            valueComputed="(SELECT id FROM addresses WHERE country = 'Україна' AND city = 'Харків' AND street = 'просп. Науки' AND house = '9')"
        ],
        [
            name="description"
            value="Велика мережа фітнес-клубів з басейном та спа."
        ],
        [
            name="website"
            value="http://sportlife.ua"
     ... [truncated in log] as b1c6c42c0f25a9d88f361887a253ea48
2025-08-01 19:23:50.511 [main] DEBUG liquibase.util - Computed checksum for insert:[
    columns=[
        [
            name="gym_id"
            valueComputed="(SELECT id FROM gyms WHERE name = 'SportLife_TEST')"
        ],
        [
            name="phone_numbers"
            value="+38(057)-444-5566"
        ]
    ]
    tableName="gym_phone_numbers"
] as e7510a4e1cb33f0dd5d262e98e70f8f8
2025-08-01 19:23:50.512 [main] DEBUG liquibase.util - Computed checksum for insert:[
    columns=[
        [
            name="gym_id"
            valueComputed="(SELECT id FROM gyms WHERE name = 'SportLife_TEST')"
        ],
        [
            name="day_of_week"
            value="MONDAY"
        ],
        [
            name="start_time"
            value="07:00:00"
        ],
        [
            name="end_time"
            value="22:00:00"
        ]
    ]
    tableName="gym_working_hours"
] as 4369b55d3eab1ac1d5597029c3e5e877
2025-08-01 19:23:50.513 [main] DEBUG liquibase.util - Computed checksum for insert:[
    columns=[
        [
            name="gym_id"
            valueComputed="(SELECT id FROM gyms WHERE name = 'SportLife_TEST')"
        ],
        [
            name="day_of_week"
            value="TUESDAY"
        ],
        [
            name="start_time"
            value="07:00:00"
        ],
        [
            name="end_time"
            value="22:00:00"
        ]
    ]
    tableName="gym_working_hours"
] as 0edc8019bf9ae1d523e570663853e388
2025-08-01 19:23:50.514 [main] DEBUG liquibase.util - Computed checksum for insert:[
    columns=[
        [
            name="gym_id"
            valueComputed="(SELECT id FROM gyms WHERE name = 'SportLife_TEST')"
        ],
        [
            name="day_of_week"
            value="WEDNESDAY"
        ],
        [
            name="start_time"
            value="07:00:00"
        ],
        [
            name="end_time"
            value="22:00:00"
        ]
    ]
    tableName="gym_working_hours"
] as b10b239453dc07d5f46cc2c8f6c978da
2025-08-01 19:23:50.515 [main] DEBUG liquibase.util - Computed checksum for insert:[
    columns=[
        [
            name="gym_id"
            valueComputed="(SELECT id FROM gyms WHERE name = 'SportLife_TEST')"
        ],
        [
            name="day_of_week"
            value="THURSDAY"
        ],
        [
            name="start_time"
            value="07:00:00"
        ],
        [
            name="end_time"
            value="22:00:00"
        ]
    ]
    tableName="gym_working_hours"
] as 09854321df3d56492ae4251a4811300c
2025-08-01 19:23:50.516 [main] DEBUG liquibase.util - Computed checksum for insert:[
    columns=[
        [
            name="gym_id"
            valueComputed="(SELECT id FROM gyms WHERE name = 'SportLife_TEST')"
        ],
        [
            name="day_of_week"
            value="FRIDAY"
        ],
        [
            name="start_time"
            value="07:00:00"
        ],
        [
            name="end_time"
            value="22:00:00"
        ]
    ]
    tableName="gym_working_hours"
] as d36a727c6bc9cdcb3bc8da3b882d89a8
2025-08-01 19:23:50.517 [main] DEBUG liquibase.util - Computed checksum for insert:[
    columns=[
        [
            name="gym_id"
            valueComputed="(SELECT id FROM gyms WHERE name = 'SportLife_TEST')"
        ],
        [
            name="day_of_week"
            value="SATURDAY"
        ],
        [
            name="start_time"
            value="09:00:00"
        ],
        [
            name="end_time"
            value="18:00:00"
        ]
    ]
    tableName="gym_working_hours"
] as 7f69e2d84a04b2a48d781a31824d1cba
2025-08-01 19:23:50.518 [main] DEBUG liquibase.util - Computed checksum for insert:[
    columns=[
        [
            name="gym_id"
            valueComputed="(SELECT id FROM gyms WHERE name = 'SportLife_TEST')"
        ],
        [
            name="day_of_week"
            value="SUNDAY"
        ],
        [
            name="start_time"
            value="09:00:00"
        ],
        [
            name="end_time"
            value="16:00:00"
        ]
    ]
    tableName="gym_working_hours"
] as 8ee93f47c13a3749dccb6748d0eef10a
2025-08-01 19:23:50.519 [main] DEBUG liquibase.util - Computed checksum for insert:[
    columns=[
        [
            name="gym_id"
            valueComputed="(SELECT id FROM gyms WHERE name = 'SportLife_TEST')"
        ],
        [
            name="sport_id"
            value="6"
        ]
    ]
    tableName="sports_gyms"
] as 25784dddc04580e07455859cadab9b7a
2025-08-01 19:23:50.520 [main] DEBUG liquibase.util - Computed checksum for insert:[
    columns=[
        [
            name="gym_id"
            valueComputed="(SELECT id FROM gyms WHERE name = 'SportLife_TEST')"
        ],
        [
            name="sport_id"
            value="16"
        ]
    ]
    tableName="sports_gyms"
] as 10b11ca1c5e8d207510c7e150c4a25ee
2025-08-01 19:23:50.521 [main] DEBUG liquibase.util - Computed checksum for insert:[
    columns=[
        [
            name="gym_id"
            valueComputed="(SELECT id FROM gyms WHERE name = 'SportLife_TEST')"
        ],
        [
            name="sport_id"
            value="1"
        ]
    ]
    tableName="sports_gyms"
] as a23984346ad5265ceb897126434f54b0
2025-08-01 19:23:50.522 [main] DEBUG liquibase.util - Computed checksum for insert:[
    columns=[
        [
            name="country"
            value="Україна"
        ],
        [
            name="city"
            value="Дніпро"
        ],
        [
            name="street"
            value="просп. Дмитра Яворницького"
        ],
        [
            name="house"
            value="8"
        ],
        [
            name="is_deleted"
            value="false"
        ]
    ]
    tableName="addresses"
] as 45fedd292e83719824da1f0cc464ef7f
2025-08-01 19:23:50.523 [main] DEBUG liquibase.util - Computed checksum for insert:[
    columns=[
        [
            name="name"
            value="Атлант_TEST"
        ],
        [
            name="address_id"
            valueComputed="(SELECT id FROM addresses WHERE country = 'Україна' AND city = 'Дніпро' AND street = 'просп. Дмитра Яворницького' AND house = '8')"
        ],
        [
            name="description"
            value="Тренажерний зал для силових видів спорту."
        ],
        [
            name="website"
            value="http://atlant.dp.ua"... [truncated in log] as 93a725534042575ad5f69afd785945ac
2025-08-01 19:23:50.524 [main] DEBUG liquibase.util - Computed checksum for insert:[
    columns=[
        [
            name="gym_id"
            valueComputed="(SELECT id FROM gyms WHERE name = 'Атлант_TEST')"
        ],
        [
            name="phone_numbers"
            value="+38(056)-555-6677"
        ]
    ]
    tableName="gym_phone_numbers"
] as 1f6ce2e3592e5a2ffa19ca9d0188db2a
2025-08-01 19:23:50.525 [main] DEBUG liquibase.util - Computed checksum for insert:[
    columns=[
        [
            name="gym_id"
            valueComputed="(SELECT id FROM gyms WHERE name = 'Атлант_TEST')"
        ],
        [
            name="day_of_week"
            value="MONDAY"
        ],
        [
            name="start_time"
            value="08:00:00"
        ],
        [
            name="end_time"
            value="20:00:00"
        ]
    ]
    tableName="gym_working_hours"
] as 55e9294f9c90d56411faba0c340b9d8e
2025-08-01 19:23:50.526 [main] DEBUG liquibase.util - Computed checksum for insert:[
    columns=[
        [
            name="gym_id"
            valueComputed="(SELECT id FROM gyms WHERE name = 'Атлант_TEST')"
        ],
        [
            name="day_of_week"
            value="TUESDAY"
        ],
        [
            name="start_time"
            value="08:00:00"
        ],
        [
            name="end_time"
            value="20:00:00"
        ]
    ]
    tableName="gym_working_hours"
] as d5421612c9f9cdb8984ab967c8d2201d
2025-08-01 19:23:50.528 [main] DEBUG liquibase.util - Computed checksum for insert:[
    columns=[
        [
            name="gym_id"
            valueComputed="(SELECT id FROM gyms WHERE name = 'Атлант_TEST')"
        ],
        [
            name="day_of_week"
            value="WEDNESDAY"
        ],
        [
            name="start_time"
            value="08:00:00"
        ],
        [
            name="end_time"
            value="20:00:00"
        ]
    ]
    tableName="gym_working_hours"
] as 1bda38ca77546c027f7fdf124a7bc1b6
2025-08-01 19:23:50.531 [main] DEBUG liquibase.util - Computed checksum for insert:[
    columns=[
        [
            name="gym_id"
            valueComputed="(SELECT id FROM gyms WHERE name = 'Атлант_TEST')"
        ],
        [
            name="day_of_week"
            value="THURSDAY"
        ],
        [
            name="start_time"
            value="08:00:00"
        ],
        [
            name="end_time"
            value="20:00:00"
        ]
    ]
    tableName="gym_working_hours"
] as 174516c28a42d35326ae0b8262f7f5dd
2025-08-01 19:23:50.533 [main] DEBUG liquibase.util - Computed checksum for insert:[
    columns=[
        [
            name="gym_id"
            valueComputed="(SELECT id FROM gyms WHERE name = 'Атлант_TEST')"
        ],
        [
            name="day_of_week"
            value="FRIDAY"
        ],
        [
            name="start_time"
            value="08:00:00"
        ],
        [
            name="end_time"
            value="20:00:00"
        ]
    ]
    tableName="gym_working_hours"
] as 3d53c09dac6e20d1948ad1a65215f639
2025-08-01 19:23:50.534 [main] DEBUG liquibase.util - Computed checksum for insert:[
    columns=[
        [
            name="gym_id"
            valueComputed="(SELECT id FROM gyms WHERE name = 'Атлант_TEST')"
        ],
        [
            name="day_of_week"
            value="SATURDAY"
        ],
        [
            name="start_time"
            value="09:00:00"
        ],
        [
            name="end_time"
            value="15:00:00"
        ]
    ]
    tableName="gym_working_hours"
] as 80d7d2339b86a1029e14782b53d54c80
2025-08-01 19:23:50.535 [main] DEBUG liquibase.util - Computed checksum for insert:[
    columns=[
        [
            name="gym_id"
            valueComputed="(SELECT id FROM gyms WHERE name = 'Атлант_TEST')"
        ],
        [
            name="sport_id"
            value="5"
        ]
    ]
    tableName="sports_gyms"
] as 197726bee304e61cb39d6ad7b4917691
2025-08-01 19:23:50.536 [main] DEBUG liquibase.util - Computed checksum for insert:[
    columns=[
        [
            name="gym_id"
            valueComputed="(SELECT id FROM gyms WHERE name = 'Атлант_TEST')"
        ],
        [
            name="sport_id"
            value="17"
        ]
    ]
    tableName="sports_gyms"
] as 229cf4a6763ea67c0b6a919fd9db1260
2025-08-01 19:23:50.537 [main] DEBUG liquibase.util - Computed checksum for insert:[
    columns=[
        [
            name="gym_id"
            valueComputed="(SELECT id FROM gyms WHERE name = 'Атлант_TEST')"
        ],
        [
            name="sport_id"
            value="1"
        ]
    ]
    tableName="sports_gyms"
] as 405d5fbc65e494b8f58e9acb0053a8fa
2025-08-01 19:23:50.537 [main] DEBUG liquibase.util - Computed checksum for insert:[
    columns=[
        [
            name="country"
            value="Україна"
        ],
        [
            name="city"
            value="Запоріжжя"
        ],
        [
            name="street"
            value="вул. Незалежної України"
        ],
        [
            name="house"
            value="72"
        ],
        [
            name="is_deleted"
            value="false"
        ]
    ]
    tableName="addresses"
] as 02ee1e41ca412ef30f7ebd72fb4c5e9b
2025-08-01 19:23:50.538 [main] DEBUG liquibase.util - Computed checksum for insert:[
    columns=[
        [
            name="name"
            value="Maximus_TEST"
        ],
        [
            name="address_id"
            valueComputed="(SELECT id FROM addresses WHERE country = 'Україна' AND city = 'Запоріжжя' AND street = 'вул. Незалежної України' AND house = '72')"
        ],
        [
            name="description"
            value="Фітнес-клуб з великим вибором групових програм."
        ],
        [
            name="website"
            value="http://maxim... [truncated in log] as 180227bed642a624dec16ba73f1c5303
2025-08-01 19:23:50.539 [main] DEBUG liquibase.util - Computed checksum for insert:[
    columns=[
        [
            name="gym_id"
            valueComputed="(SELECT id FROM gyms WHERE name = 'Maximus_TEST')"
        ],
        [
            name="phone_numbers"
            value="+38(061)-666-7788"
        ]
    ]
    tableName="gym_phone_numbers"
] as 70fbb919165cf247bd5da41770e2223d
2025-08-01 19:23:50.539 [main] DEBUG liquibase.util - Computed checksum for insert:[
    columns=[
        [
            name="gym_id"
            valueComputed="(SELECT id FROM gyms WHERE name = 'Maximus_TEST')"
        ],
        [
            name="day_of_week"
            value="MONDAY"
        ],
        [
            name="start_time"
            value="07:30:00"
        ],
        [
            name="end_time"
            value="21:30:00"
        ]
    ]
    tableName="gym_working_hours"
] as 353cd5da6a98e9dea521478be2f7ae7e
2025-08-01 19:23:50.540 [main] DEBUG liquibase.util - Computed checksum for insert:[
    columns=[
        [
            name="gym_id"
            valueComputed="(SELECT id FROM gyms WHERE name = 'Maximus_TEST')"
        ],
        [
            name="day_of_week"
            value="TUESDAY"
        ],
        [
            name="start_time"
            value="07:30:00"
        ],
        [
            name="end_time"
            value="21:30:00"
        ]
    ]
    tableName="gym_working_hours"
] as f4d8271629e835cb7866af29881749fc
2025-08-01 19:23:50.542 [main] DEBUG liquibase.util - Computed checksum for insert:[
    columns=[
        [
            name="gym_id"
            valueComputed="(SELECT id FROM gyms WHERE name = 'Maximus_TEST')"
        ],
        [
            name="day_of_week"
            value="WEDNESDAY"
        ],
        [
            name="start_time"
            value="07:30:00"
        ],
        [
            name="end_time"
            value="21:30:00"
        ]
    ]
    tableName="gym_working_hours"
] as 141b681904b0f97092f8089d857ffd9e
2025-08-01 19:23:50.543 [main] DEBUG liquibase.util - Computed checksum for insert:[
    columns=[
        [
            name="gym_id"
            valueComputed="(SELECT id FROM gyms WHERE name = 'Maximus_TEST')"
        ],
        [
            name="day_of_week"
            value="THURSDAY"
        ],
        [
            name="start_time"
            value="07:30:00"
        ],
        [
            name="end_time"
            value="21:30:00"
        ]
    ]
    tableName="gym_working_hours"
] as 565c2f6d4af785a308b9aa5608afbf25
2025-08-01 19:23:50.545 [main] DEBUG liquibase.util - Computed checksum for insert:[
    columns=[
        [
            name="gym_id"
            valueComputed="(SELECT id FROM gyms WHERE name = 'Maximus_TEST')"
        ],
        [
            name="day_of_week"
            value="FRIDAY"
        ],
        [
            name="start_time"
            value="07:30:00"
        ],
        [
            name="end_time"
            value="21:30:00"
        ]
    ]
    tableName="gym_working_hours"
] as 498f970c81e46ffa848455e7d87749ba
2025-08-01 19:23:50.546 [main] DEBUG liquibase.util - Computed checksum for insert:[
    columns=[
        [
            name="gym_id"
            valueComputed="(SELECT id FROM gyms WHERE name = 'Maximus_TEST')"
        ],
        [
            name="day_of_week"
            value="SUNDAY"
        ],
        [
            name="start_time"
            value="10:00:00"
        ],
        [
            name="end_time"
            value="15:00:00"
        ]
    ]
    tableName="gym_working_hours"
] as 9a77fa999025b3f8dda99e3dd715b691
2025-08-01 19:23:50.547 [main] DEBUG liquibase.util - Computed checksum for insert:[
    columns=[
        [
            name="gym_id"
            valueComputed="(SELECT id FROM gyms WHERE name = 'Maximus_TEST')"
        ],
        [
            name="sport_id"
            value="14"
        ]
    ]
    tableName="sports_gyms"
] as 32d2b5edcf2fa63c89ca91fff218bc6f
2025-08-01 19:23:50.548 [main] DEBUG liquibase.util - Computed checksum for insert:[
    columns=[
        [
            name="gym_id"
            valueComputed="(SELECT id FROM gyms WHERE name = 'Maximus_TEST')"
        ],
        [
            name="sport_id"
            value="1"
        ]
    ]
    tableName="sports_gyms"
] as 06da56d1e59529422e0d5b5fa9ebf052
2025-08-01 19:23:50.550 [main] DEBUG liquibase.util - Computed checksum for insert:[
    columns=[
        [
            name="country"
            value="Україна"
        ],
        [
            name="city"
            value="Вінниця"
        ],
        [
            name="street"
            value="вул. Пирогова"
        ],
        [
            name="house"
            value="30"
        ],
        [
            name="is_deleted"
            value="false"
        ]
    ]
    tableName="addresses"
] as 8ee95ed762938b3f6e024aaea702fc8b
2025-08-01 19:23:50.551 [main] DEBUG liquibase.util - Computed checksum for insert:[
    columns=[
        [
            name="name"
            value="GrandFitness_TEST"
        ],
        [
            name="address_id"
            valueComputed="(SELECT id FROM addresses WHERE country = 'Україна' AND city = 'Вінниця' AND street = 'вул. Пирогова' AND house = '30')"
        ],
        [
            name="description"
            value="Елітний фітнес-центр з преміум обладнанням."
        ],
        [
            name="website"
            value="http://grandfitness.vn.... [truncated in log] as 3aaed1a4c0852ff0f979b113c32dff3f
2025-08-01 19:23:50.552 [main] DEBUG liquibase.util - Computed checksum for insert:[
    columns=[
        [
            name="gym_id"
            valueComputed="(SELECT id FROM gyms WHERE name = 'GrandFitness_TEST')"
        ],
        [
            name="phone_numbers"
            value="+38(043)-777-8899"
        ]
    ]
    tableName="gym_phone_numbers"
] as 25d4be338be9c630ddf4067a3245271e
2025-08-01 19:23:50.553 [main] DEBUG liquibase.util - Computed checksum for insert:[
    columns=[
        [
            name="gym_id"
            valueComputed="(SELECT id FROM gyms WHERE name = 'GrandFitness_TEST')"
        ],
        [
            name="day_of_week"
            value="MONDAY"
        ],
        [
            name="start_time"
            value="07:00:00"
        ],
        [
            name="end_time"
            value="22:00:00"
        ]
    ]
    tableName="gym_working_hours"
] as d08bb74b436d827cdba51232d073fafb
2025-08-01 19:23:50.554 [main] DEBUG liquibase.util - Computed checksum for insert:[
    columns=[
        [
            name="gym_id"
            valueComputed="(SELECT id FROM gyms WHERE name = 'GrandFitness_TEST')"
        ],
        [
            name="day_of_week"
            value="TUESDAY"
        ],
        [
            name="start_time"
            value="07:00:00"
        ],
        [
            name="end_time"
            value="22:00:00"
        ]
    ]
    tableName="gym_working_hours"
] as 9827db10f84d8c6c2ffc4487836e8df1
2025-08-01 19:23:50.555 [main] DEBUG liquibase.util - Computed checksum for insert:[
    columns=[
        [
            name="gym_id"
            valueComputed="(SELECT id FROM gyms WHERE name = 'GrandFitness_TEST')"
        ],
        [
            name="day_of_week"
            value="WEDNESDAY"
        ],
        [
            name="start_time"
            value="07:00:00"
        ],
        [
            name="end_time"
            value="22:00:00"
        ]
    ]
    tableName="gym_working_hours"
] as 184eda2f2197332a273da802bce2a467
2025-08-01 19:23:50.556 [main] DEBUG liquibase.util - Computed checksum for insert:[
    columns=[
        [
            name="gym_id"
            valueComputed="(SELECT id FROM gyms WHERE name = 'GrandFitness_TEST')"
        ],
        [
            name="day_of_week"
            value="THURSDAY"
        ],
        [
            name="start_time"
            value="07:00:00"
        ],
        [
            name="end_time"
            value="22:00:00"
        ]
    ]
    tableName="gym_working_hours"
] as e00b7647cd24924e067bd190bd89f2b6
2025-08-01 19:23:50.556 [main] DEBUG liquibase.util - Computed checksum for insert:[
    columns=[
        [
            name="gym_id"
            valueComputed="(SELECT id FROM gyms WHERE name = 'GrandFitness_TEST')"
        ],
        [
            name="day_of_week"
            value="FRIDAY"
        ],
        [
            name="start_time"
            value="07:00:00"
        ],
        [
            name="end_time"
            value="22:00:00"
        ]
    ]
    tableName="gym_working_hours"
] as b5ed1e3604668b467cc3781d89a810a5
2025-08-01 19:23:50.557 [main] DEBUG liquibase.util - Computed checksum for insert:[
    columns=[
        [
            name="gym_id"
            valueComputed="(SELECT id FROM gyms WHERE name = 'GrandFitness_TEST')"
        ],
        [
            name="day_of_week"
            value="SATURDAY"
        ],
        [
            name="start_time"
            value="09:00:00"
        ],
        [
            name="end_time"
            value="19:00:00"
        ]
    ]
    tableName="gym_working_hours"
] as 906834ef981387f5326468fe67a9a228
2025-08-01 19:23:50.558 [main] DEBUG liquibase.util - Computed checksum for insert:[
    columns=[
        [
            name="gym_id"
            valueComputed="(SELECT id FROM gyms WHERE name = 'GrandFitness_TEST')"
        ],
        [
            name="day_of_week"
            value="SUNDAY"
        ],
        [
            name="start_time"
            value="10:00:00"
        ],
        [
            name="end_time"
            value="17:00:00"
        ]
    ]
    tableName="gym_working_hours"
] as 2bd9ce7f945f34a99e4749cc49ac58c7
2025-08-01 19:23:50.559 [main] DEBUG liquibase.util - Computed checksum for insert:[
    columns=[
        [
            name="gym_id"
            valueComputed="(SELECT id FROM gyms WHERE name = 'GrandFitness_TEST')"
        ],
        [
            name="sport_id"
            value="1"
        ]
    ]
    tableName="sports_gyms"
] as 87e983da9925d2bdc4c82d364cc4eca2
2025-08-01 19:23:50.560 [main] DEBUG liquibase.util - Computed checksum for insert:[
    columns=[
        [
            name="country"
            value="Україна"
        ],
        [
            name="city"
            value="Чернігів"
        ],
        [
            name="street"
            value="вул. Київська"
        ],
        [
            name="house"
            value="11"
        ],
        [
            name="is_deleted"
            value="false"
        ]
    ]
    tableName="addresses"
] as 46024a8f776c07b1d476d7ad1a85ae26
2025-08-01 19:23:50.561 [main] DEBUG liquibase.util - Computed checksum for insert:[
    columns=[
        [
            name="name"
            value="EuroSport_TEST"
        ],
        [
            name="address_id"
            valueComputed="(SELECT id FROM addresses WHERE country = 'Україна' AND city = 'Чернігів' AND street = 'вул. Київська' AND house = '11')"
        ],
        [
            name="description"
            value="Доступний спортивний клуб для всієї родини."
        ],
        [
            name="website"
            value="http://eurosport.cn.ua"
 ... [truncated in log] as 8fb6ce1945f574d48c4e5d5789225942
2025-08-01 19:23:50.562 [main] DEBUG liquibase.util - Computed checksum for insert:[
    columns=[
        [
            name="gym_id"
            valueComputed="(SELECT id FROM gyms WHERE name = 'EuroSport_TEST')"
        ],
        [
            name="phone_numbers"
            value="+38(046)-888-9900"
        ]
    ]
    tableName="gym_phone_numbers"
] as 8e0e047e3bea54100f682fc5f7e4e132
2025-08-01 19:23:50.563 [main] DEBUG liquibase.util - Computed checksum for insert:[
    columns=[
        [
            name="gym_id"
            valueComputed="(SELECT id FROM gyms WHERE name = 'EuroSport_TEST')"
        ],
        [
            name="day_of_week"
            value="MONDAY"
        ],
        [
            name="start_time"
            value="08:00:00"
        ],
        [
            name="end_time"
            value="22:00:00"
        ]
    ]
    tableName="gym_working_hours"
] as a0615a1a38d8ed1082a695e66238cfba
2025-08-01 19:23:50.564 [main] DEBUG liquibase.util - Computed checksum for insert:[
    columns=[
        [
            name="gym_id"
            valueComputed="(SELECT id FROM gyms WHERE name = 'EuroSport_TEST')"
        ],
        [
            name="day_of_week"
            value="TUESDAY"
        ],
        [
            name="start_time"
            value="08:00:00"
        ],
        [
            name="end_time"
            value="22:00:00"
        ]
    ]
    tableName="gym_working_hours"
] as 1d752ea451c6ca03528b507471598cf6
2025-08-01 19:23:50.565 [main] DEBUG liquibase.util - Computed checksum for insert:[
    columns=[
        [
            name="gym_id"
            valueComputed="(SELECT id FROM gyms WHERE name = 'EuroSport_TEST')"
        ],
        [
            name="day_of_week"
            value="WEDNESDAY"
        ],
        [
            name="start_time"
            value="08:00:00"
        ],
        [
            name="end_time"
            value="22:00:00"
        ]
    ]
    tableName="gym_working_hours"
] as aca68fbe826fb678c2340805f503ef0e
2025-08-01 19:23:50.565 [main] DEBUG liquibase.util - Computed checksum for insert:[
    columns=[
        [
            name="gym_id"
            valueComputed="(SELECT id FROM gyms WHERE name = 'EuroSport_TEST')"
        ],
        [
            name="day_of_week"
            value="THURSDAY"
        ],
        [
            name="start_time"
            value="08:00:00"
        ],
        [
            name="end_time"
            value="22:00:00"
        ]
    ]
    tableName="gym_working_hours"
] as 8bcc5d17e5efd9faa175150f64245931
2025-08-01 19:23:50.566 [main] DEBUG liquibase.util - Computed checksum for insert:[
    columns=[
        [
            name="gym_id"
            valueComputed="(SELECT id FROM gyms WHERE name = 'EuroSport_TEST')"
        ],
        [
            name="day_of_week"
            value="FRIDAY"
        ],
        [
            name="start_time"
            value="08:00:00"
        ],
        [
            name="end_time"
            value="22:00:00"
        ]
    ]
    tableName="gym_working_hours"
] as e5d5e8d3ef21f688152a526424749630
2025-08-01 19:23:50.567 [main] DEBUG liquibase.util - Computed checksum for insert:[
    columns=[
        [
            name="gym_id"
            valueComputed="(SELECT id FROM gyms WHERE name = 'EuroSport_TEST')"
        ],
        [
            name="day_of_week"
            value="SATURDAY"
        ],
        [
            name="start_time"
            value="09:00:00"
        ],
        [
            name="end_time"
            value="17:00:00"
        ]
    ]
    tableName="gym_working_hours"
] as df2f5979a5e6290551482c94f1f92a70
2025-08-01 19:23:50.568 [main] DEBUG liquibase.util - Computed checksum for insert:[
    columns=[
        [
            name="gym_id"
            valueComputed="(SELECT id FROM gyms WHERE name = 'EuroSport_TEST')"
        ],
        [
            name="sport_id"
            value="6"
        ]
    ]
    tableName="sports_gyms"
] as 4ed4efd326690bd1a4e6b3b557023647
2025-08-01 19:23:50.568 [main] DEBUG liquibase.util - Computed checksum for insert:[
    columns=[
        [
            name="gym_id"
            valueComputed="(SELECT id FROM gyms WHERE name = 'EuroSport_TEST')"
        ],
        [
            name="sport_id"
            value="7"
        ]
    ]
    tableName="sports_gyms"
] as 2f10289e9169ed063caadbe3878eabf9
2025-08-01 19:23:50.569 [main] DEBUG liquibase.util - Computed checksum for insert:[
    columns=[
        [
            name="gym_id"
            valueComputed="(SELECT id FROM gyms WHERE name = 'EuroSport_TEST')"
        ],
        [
            name="sport_id"
            value="1"
        ]
    ]
    tableName="sports_gyms"
] as 3bacf9e6a8a8011cfaffd12179ecfab9
2025-08-01 19:23:50.570 [main] DEBUG liquibase.util - Computed checksum for insert:[
    columns=[
        [
            name="country"
            value="Україна"
        ],
        [
            name="city"
            value="Полтава"
        ],
        [
            name="street"
            value="вул. Соборності"
        ],
        [
            name="house"
            value="33"
        ],
        [
            name="is_deleted"
            value="false"
        ]
    ]
    tableName="addresses"
] as a51654e87b3387a24366baf350d47cfc
2025-08-01 19:23:50.571 [main] DEBUG liquibase.util - Computed checksum for insert:[
    columns=[
        [
            name="name"
            value="Олімп_TEST"
        ],
        [
            name="address_id"
            valueComputed="(SELECT id FROM addresses WHERE country = 'Україна' AND city = 'Полтава' AND street = 'вул. Соборності' AND house = '33')"
        ],
        [
            name="description"
            value="Спортивний комплекс з великим басейном та сучасними тренажерами."
        ],
        [
            name="website"
            value="http://... [truncated in log] as dcbd526a82424c0ba1bd8e5e3d4e3cd2
2025-08-01 19:23:50.572 [main] DEBUG liquibase.util - Computed checksum for insert:[
    columns=[
        [
            name="gym_id"
            valueComputed="(SELECT id FROM gyms WHERE name = 'Олімп_TEST')"
        ],
        [
            name="phone_numbers"
            value="+38(053)-999-0011"
        ]
    ]
    tableName="gym_phone_numbers"
] as 061b097773295219ff7a7dc6b50a6096
2025-08-01 19:23:50.572 [main] DEBUG liquibase.util - Computed checksum for insert:[
    columns=[
        [
            name="gym_id"
            valueComputed="(SELECT id FROM gyms WHERE name = 'Олімп_TEST')"
        ],
        [
            name="day_of_week"
            value="MONDAY"
        ],
        [
            name="start_time"
            value="06:30:00"
        ],
        [
            name="end_time"
            value="22:30:00"
        ]
    ]
    tableName="gym_working_hours"
] as 4a912ec3000b3081b95e52797741ef26
2025-08-01 19:23:50.573 [main] DEBUG liquibase.util - Computed checksum for insert:[
    columns=[
        [
            name="gym_id"
            valueComputed="(SELECT id FROM gyms WHERE name = 'Олімп_TEST')"
        ],
        [
            name="day_of_week"
            value="TUESDAY"
        ],
        [
            name="start_time"
            value="06:30:00"
        ],
        [
            name="end_time"
            value="22:30:00"
        ]
    ]
    tableName="gym_working_hours"
] as 530e80e0e9c78edde42acaa2ec206c7c
2025-08-01 19:23:50.575 [main] DEBUG liquibase.util - Computed checksum for insert:[
    columns=[
        [
            name="gym_id"
            valueComputed="(SELECT id FROM gyms WHERE name = 'Олімп_TEST')"
        ],
        [
            name="day_of_week"
            value="WEDNESDAY"
        ],
        [
            name="start_time"
            value="06:30:00"
        ],
        [
            name="end_time"
            value="22:30:00"
        ]
    ]
    tableName="gym_working_hours"
] as 7f7662d003a4b66b1987badc898fc272
2025-08-01 19:23:50.575 [main] DEBUG liquibase.util - Computed checksum for insert:[
    columns=[
        [
            name="gym_id"
            valueComputed="(SELECT id FROM gyms WHERE name = 'Олімп_TEST')"
        ],
        [
            name="day_of_week"
            value="THURSDAY"
        ],
        [
            name="start_time"
            value="06:30:00"
        ],
        [
            name="end_time"
            value="22:30:00"
        ]
    ]
    tableName="gym_working_hours"
] as be60a340e642c1487eb360ee5bd66224
2025-08-01 19:23:50.576 [main] DEBUG liquibase.util - Computed checksum for insert:[
    columns=[
        [
            name="gym_id"
            valueComputed="(SELECT id FROM gyms WHERE name = 'Олімп_TEST')"
        ],
        [
            name="day_of_week"
            value="FRIDAY"
        ],
        [
            name="start_time"
            value="06:30:00"
        ],
        [
            name="end_time"
            value="22:30:00"
        ]
    ]
    tableName="gym_working_hours"
] as 00337f6bbcb34091ad539daaa6c9b392
2025-08-01 19:23:50.577 [main] DEBUG liquibase.util - Computed checksum for insert:[
    columns=[
        [
            name="gym_id"
            valueComputed="(SELECT id FROM gyms WHERE name = 'Олімп_TEST')"
        ],
        [
            name="day_of_week"
            value="SATURDAY"
        ],
        [
            name="start_time"
            value="08:00:00"
        ],
        [
            name="end_time"
            value="19:00:00"
        ]
    ]
    tableName="gym_working_hours"
] as f79143a1ddc38a5b605283749c0fa9c0
2025-08-01 19:23:50.578 [main] DEBUG liquibase.util - Computed checksum for insert:[
    columns=[
        [
            name="gym_id"
            valueComputed="(SELECT id FROM gyms WHERE name = 'Олімп_TEST')"
        ],
        [
            name="day_of_week"
            value="SUNDAY"
        ],
        [
            name="start_time"
            value="08:00:00"
        ],
        [
            name="end_time"
            value="17:00:00"
        ]
    ]
    tableName="gym_working_hours"
] as 8a68034e61e905d374642c45af844c25
2025-08-01 19:23:50.579 [main] DEBUG liquibase.util - Computed checksum for insert:[
    columns=[
        [
            name="gym_id"
            valueComputed="(SELECT id FROM gyms WHERE name = 'Олімп_TEST')"
        ],
        [
            name="sport_id"
            value="2"
        ]
    ]
    tableName="sports_gyms"
] as 87584ce69d7293d49ccd0af76dd05dce
2025-08-01 19:23:50.579 [main] DEBUG liquibase.util - Computed checksum for insert:[
    columns=[
        [
            name="gym_id"
            valueComputed="(SELECT id FROM gyms WHERE name = 'Олімп_TEST')"
        ],
        [
            name="sport_id"
            value="12"
        ]
    ]
    tableName="sports_gyms"
] as 5d037fc177c772f649e36c62db840ba5
2025-08-01 19:23:50.580 [main] DEBUG liquibase.util - Computed checksum for insert:[
    columns=[
        [
            name="gym_id"
            valueComputed="(SELECT id FROM gyms WHERE name = 'Олімп_TEST')"
        ],
        [
            name="sport_id"
            value="1"
        ]
    ]
    tableName="sports_gyms"
] as 7e4d5c828a63c7ccbade8766a7f9c4d9
2025-08-01 19:23:50.581 [main] DEBUG liquibase.util - Computed checksum for insert:[
    columns=[
        [
            name="country"
            value="Україна"
        ],
        [
            name="city"
            value="Черкаси"
        ],
        [
            name="street"
            value="бульв. Шевченка"
        ],
        [
            name="house"
            value="130"
        ],
        [
            name="is_deleted"
            value="false"
        ]
    ]
    tableName="addresses"
] as 68606d67e0332a0eca747fa537d3573a
2025-08-01 19:23:50.581 [main] DEBUG liquibase.util - Computed checksum for insert:[
    columns=[
        [
            name="name"
            value="Формула_TEST"
        ],
        [
            name="address_id"
            valueComputed="(SELECT id FROM addresses WHERE country = 'Україна' AND city = 'Черкаси' AND street = 'бульв. Шевченка' AND house = '130')"
        ],
        [
            name="description"
            value="Великий вибір кардіо- та силових тренажерів."
        ],
        [
            name="website"
            value="http://formula.ck.ua"
  ... [truncated in log] as 0419307f0e2aec277a8ec2cf491c8ce7
2025-08-01 19:23:50.582 [main] DEBUG liquibase.util - Computed checksum for insert:[
    columns=[
        [
            name="gym_id"
            valueComputed="(SELECT id FROM gyms WHERE name = 'Формула_TEST')"
        ],
        [
            name="phone_numbers"
            value="+38(047)-123-4567"
        ]
    ]
    tableName="gym_phone_numbers"
] as 99518edaa038c91d532506d711794a71
2025-08-01 19:23:50.583 [main] DEBUG liquibase.util - Computed checksum for insert:[
    columns=[
        [
            name="gym_id"
            valueComputed="(SELECT id FROM gyms WHERE name = 'Формула_TEST')"
        ],
        [
            name="day_of_week"
            value="MONDAY"
        ],
        [
            name="start_time"
            value="07:00:00"
        ],
        [
            name="end_time"
            value="22:00:00"
        ]
    ]
    tableName="gym_working_hours"
] as f7597744a8e4c83570559f1fac0daefc
2025-08-01 19:23:50.584 [main] DEBUG liquibase.util - Computed checksum for insert:[
    columns=[
        [
            name="gym_id"
            valueComputed="(SELECT id FROM gyms WHERE name = 'Формула_TEST')"
        ],
        [
            name="day_of_week"
            value="TUESDAY"
        ],
        [
            name="start_time"
            value="07:00:00"
        ],
        [
            name="end_time"
            value="22:00:00"
        ]
    ]
    tableName="gym_working_hours"
] as 607c7983a6bbffb9a924afbcdc481e72
2025-08-01 19:23:50.585 [main] DEBUG liquibase.util - Computed checksum for insert:[
    columns=[
        [
            name="gym_id"
            valueComputed="(SELECT id FROM gyms WHERE name = 'Формула_TEST')"
        ],
        [
            name="day_of_week"
            value="WEDNESDAY"
        ],
        [
            name="start_time"
            value="07:00:00"
        ],
        [
            name="end_time"
            value="22:00:00"
        ]
    ]
    tableName="gym_working_hours"
] as cef00f67ac8773287aa40707b4935420
2025-08-01 19:23:50.586 [main] DEBUG liquibase.util - Computed checksum for insert:[
    columns=[
        [
            name="gym_id"
            valueComputed="(SELECT id FROM gyms WHERE name = 'Формула_TEST')"
        ],
        [
            name="day_of_week"
            value="THURSDAY"
        ],
        [
            name="start_time"
            value="07:00:00"
        ],
        [
            name="end_time"
            value="22:00:00"
        ]
    ]
    tableName="gym_working_hours"
] as d8f6bdc2216fe41ecdeb685858a388d1
2025-08-01 19:23:50.587 [main] DEBUG liquibase.util - Computed checksum for insert:[
    columns=[
        [
            name="gym_id"
            valueComputed="(SELECT id FROM gyms WHERE name = 'Формула_TEST')"
        ],
        [
            name="day_of_week"
            value="FRIDAY"
        ],
        [
            name="start_time"
            value="07:00:00"
        ],
        [
            name="end_time"
            value="22:00:00"
        ]
    ]
    tableName="gym_working_hours"
] as 04fd6a428722b5f998a5d059f3664702
2025-08-01 19:23:50.587 [main] DEBUG liquibase.util - Computed checksum for insert:[
    columns=[
        [
            name="gym_id"
            valueComputed="(SELECT id FROM gyms WHERE name = 'Формула_TEST')"
        ],
        [
            name="day_of_week"
            value="SATURDAY"
        ],
        [
            name="start_time"
            value="09:00:00"
        ],
        [
            name="end_time"
            value="18:00:00"
        ]
    ]
    tableName="gym_working_hours"
] as a8dea33409557d28ab4848f5d7261f5c
2025-08-01 19:23:50.588 [main] DEBUG liquibase.util - Computed checksum for insert:[
    columns=[
        [
            name="gym_id"
            valueComputed="(SELECT id FROM gyms WHERE name = 'Формула_TEST')"
        ],
        [
            name="day_of_week"
            value="SUNDAY"
        ],
        [
            name="start_time"
            value="09:00:00"
        ],
        [
            name="end_time"
            value="16:00:00"
        ]
    ]
    tableName="gym_working_hours"
] as cc6fbdbf3b1e3f2842a310e2ff96742f
2025-08-01 19:23:50.589 [main] DEBUG liquibase.util - Computed checksum for insert:[
    columns=[
        [
            name="gym_id"
            valueComputed="(SELECT id FROM gyms WHERE name = 'Формула_TEST')"
        ],
        [
            name="sport_id"
            value="7"
        ]
    ]
    tableName="sports_gyms"
] as 119c676952a3ce62a0c066e50b8d5d80
2025-08-01 19:23:50.589 [main] DEBUG liquibase.util - Computed checksum for insert:[
    columns=[
        [
            name="gym_id"
            valueComputed="(SELECT id FROM gyms WHERE name = 'Формула_TEST')"
        ],
        [
            name="sport_id"
            value="13"
        ]
    ]
    tableName="sports_gyms"
] as 845290638387f2ec7895ee1330151a53
2025-08-01 19:23:50.590 [main] DEBUG liquibase.util - Computed checksum for insert:[
    columns=[
        [
            name="gym_id"
            valueComputed="(SELECT id FROM gyms WHERE name = 'Формула_TEST')"
        ],
        [
            name="sport_id"
            value="1"
        ]
    ]
    tableName="sports_gyms"
] as 7b535debc0287ae4d45f0810784f0e17
2025-08-01 19:23:50.591 [main] DEBUG liquibase.util - Computed checksum for 9:a186cdaecbad24427526f8efcbf6b91a:9:9ef3126979d0b7e124200225ad552ea0:9:9bb98a0e34b29db65729d2ed3f6a249f:9:0dc361460464624946144961607a0252:9:29e45c29b85d6da7c38633e34f4655a8:9:2c3d26909d9d4ed5e2357f97e1a2358f:9:22bdbe6522a4ecd590a576b9e6ef4f69:9:fdd532cb2bf819a4ac986d879e17fb2a:9:dc696c063f339e0b37f8ad038440ad00:9:e2c6a6d1941fc2e01d41b1d9848894a1:9:3336aa01d7a18527f627cf3a86d5d03c:9:23f75e170e665544ed5877832f0f82f0:9:b2578eb066447df75eaddfbe69230296:9:f3333d5b4b54a5408b0e733d36db7451:9:b7897eb5... [truncated in log] as 9aa04e5c8383a863279f20c1feea129e
2025-08-01 19:23:50.591 [main] INFO  liquibase.ui - Running Changeset: db.changelog/changes/28-insert-gym-owner-and-gyms.yaml::28-insert-gym-owner-and-gyms::bohdan-s
2025-08-01 19:23:50.592 [main] DEBUG liquibase.changelog - Running Changeset: db.changelog/changes/28-insert-gym-owner-and-gyms.yaml::28-insert-gym-owner-and-gyms::bohdan-s
2025-08-01 19:23:50.592 [main] DEBUG liquibase.executor - Changeset db.changelog/changes/28-insert-gym-owner-and-gyms.yaml::28-insert-gym-owner-and-gyms::bohdan-s
2025-08-01 19:23:50.593 [main] DEBUG liquibase.changelog - Reading ChangeSet: db.changelog/changes/28-insert-gym-owner-and-gyms.yaml::28-insert-gym-owner-and-gyms::bohdan-s
2025-08-01 19:23:50.594 [main] DEBUG liquibase.executor - Executing Statement: liquibase.statement.core.InsertStatement@1033e3cd
2025-08-01 19:23:50.595 [main] DEBUG liquibase.executor - INSERT INTO PUBLIC.user_credentials (email, password, user_type, is_deleted) VALUES ('oleksii.hryshchenko@example.com', '$2a$10$2y03kivOdVnunKG2k53YeO8VO6Ks1UFPsWixKvl9PKtQsyXAFncmi', 'GYM_OWNER', 'false')
2025-08-01 19:23:50.596 [main] DEBUG liquibase.executor - 1 row(s) affected
2025-08-01 19:23:50.597 [main] INFO  liquibase.changelog - New row inserted into user_credentials
2025-08-01 19:23:50.597 [main] DEBUG liquibase.executor - Executing Statement: liquibase.statement.core.InsertStatement@71a05c25
2025-08-01 19:23:50.598 [main] DEBUG liquibase.executor - INSERT INTO PUBLIC.user_credentials_roles (user_credentials_id, role_id) VALUES ((SELECT id FROM user_credentials WHERE email = 'oleksii.hryshchenko@example.com'), '4')
2025-08-01 19:23:50.599 [main] DEBUG liquibase.executor - 1 row(s) affected
2025-08-01 19:23:50.600 [main] INFO  liquibase.changelog - New row inserted into user_credentials_roles
2025-08-01 19:23:50.601 [main] DEBUG liquibase.executor - Executing Statement: liquibase.statement.core.InsertStatement@6a3555e6
2025-08-01 19:23:50.602 [main] DEBUG liquibase.executor - INSERT INTO PUBLIC.gym_owners (first_name, last_name, gender, date_of_birth, profile_image_url, user_credentials_id, is_deleted) VALUES ('Олексій', 'Грищенко_TEST', 'MALE', '1980-01-01', '', (SELECT id FROM user_credentials WHERE email = 'oleksii.hryshchenko@example.com'), 'false')
2025-08-01 19:23:50.603 [main] DEBUG liquibase.executor - 1 row(s) affected
2025-08-01 19:23:50.603 [main] INFO  liquibase.changelog - New row inserted into gym_owners
2025-08-01 19:23:50.604 [main] DEBUG liquibase.executor - Executing Statement: liquibase.statement.core.InsertStatement@5a63fc45
2025-08-01 19:23:50.605 [main] DEBUG liquibase.executor - INSERT INTO PUBLIC.gym_owner_phone_numbers (gym_owner_id, phone_numbers) VALUES ((SELECT id FROM gym_owners WHERE first_name = 'Олексій' AND last_name = 'Грищенко_TEST'), '+38(044)-111-2233')
2025-08-01 19:23:50.606 [main] DEBUG liquibase.executor - 1 row(s) affected
2025-08-01 19:23:50.606 [main] INFO  liquibase.changelog - New row inserted into gym_owner_phone_numbers
2025-08-01 19:23:50.607 [main] DEBUG liquibase.executor - Executing Statement: liquibase.statement.core.InsertStatement@5541414f
2025-08-01 19:23:50.608 [main] DEBUG liquibase.executor - INSERT INTO PUBLIC.addresses (country, city, street, house, is_deleted) VALUES ('Україна', 'Київ', 'вул. Антоновича', '50', 'false')
2025-08-01 19:23:50.609 [main] DEBUG liquibase.executor - 1 row(s) affected
2025-08-01 19:23:50.610 [main] INFO  liquibase.changelog - New row inserted into addresses
2025-08-01 19:23:50.611 [main] DEBUG liquibase.executor - Executing Statement: liquibase.statement.core.InsertStatement@26f36eb6
2025-08-01 19:23:50.612 [main] DEBUG liquibase.executor - INSERT INTO PUBLIC.gyms (name, address_id, description, website, overall_rating, number_of_reviews, gym_owner_id, is_deleted) VALUES ('StrongBody_TEST', (SELECT id FROM addresses WHERE country = 'Україна' AND city = 'Київ' AND street = 'вул. Антоновича' AND house = '50'), 'Сучасний тренажерний зал з великим вибором обладнання.', 'http://strongbody.ua', '4.9', '150', (SELECT id FROM gym_owners WHERE first_name = 'Олексій' AND last_name = 'Грищенко_TEST'), 'false')
2025-08-01 19:23:50.614 [main] DEBUG liquibase.executor - 1 row(s) affected
2025-08-01 19:23:50.615 [main] INFO  liquibase.changelog - New row inserted into gyms
2025-08-01 19:23:50.616 [main] DEBUG liquibase.executor - Executing Statement: liquibase.statement.core.InsertStatement@662995eb
2025-08-01 19:23:50.617 [main] DEBUG liquibase.executor - INSERT INTO PUBLIC.gym_phone_numbers (gym_id, phone_numbers) VALUES ((SELECT id FROM gyms WHERE name = 'StrongBody_TEST'), '+38(044)-111-2233')
2025-08-01 19:23:50.618 [main] DEBUG liquibase.executor - 1 row(s) affected
2025-08-01 19:23:50.619 [main] INFO  liquibase.changelog - New row inserted into gym_phone_numbers
2025-08-01 19:23:50.620 [main] DEBUG liquibase.executor - Executing Statement: liquibase.statement.core.InsertStatement@236dccbf
2025-08-01 19:23:50.621 [main] DEBUG liquibase.executor - INSERT INTO PUBLIC.gym_working_hours (gym_id, day_of_week, start_time, end_time) VALUES ((SELECT id FROM gyms WHERE name = 'StrongBody_TEST'), 'MONDAY', '07:00:00', '22:00:00')
2025-08-01 19:23:50.622 [main] DEBUG liquibase.executor - 1 row(s) affected
2025-08-01 19:23:50.622 [main] INFO  liquibase.changelog - New row inserted into gym_working_hours
2025-08-01 19:23:50.623 [main] DEBUG liquibase.executor - Executing Statement: liquibase.statement.core.InsertStatement@7cf9aaa4
2025-08-01 19:23:50.624 [main] DEBUG liquibase.executor - INSERT INTO PUBLIC.gym_working_hours (gym_id, day_of_week, start_time, end_time) VALUES ((SELECT id FROM gyms WHERE name = 'StrongBody_TEST'), 'TUESDAY', '07:00:00', '22:00:00')
2025-08-01 19:23:50.625 [main] DEBUG liquibase.executor - 1 row(s) affected
2025-08-01 19:23:50.625 [main] INFO  liquibase.changelog - New row inserted into gym_working_hours
2025-08-01 19:23:50.626 [main] DEBUG liquibase.executor - Executing Statement: liquibase.statement.core.InsertStatement@41c2fd53
2025-08-01 19:23:50.626 [main] DEBUG liquibase.executor - INSERT INTO PUBLIC.gym_working_hours (gym_id, day_of_week, start_time, end_time) VALUES ((SELECT id FROM gyms WHERE name = 'StrongBody_TEST'), 'WEDNESDAY', '07:00:00', '22:00:00')
2025-08-01 19:23:50.627 [main] DEBUG liquibase.executor - 1 row(s) affected
2025-08-01 19:23:50.628 [main] INFO  liquibase.changelog - New row inserted into gym_working_hours
2025-08-01 19:23:50.628 [main] DEBUG liquibase.executor - Executing Statement: liquibase.statement.core.InsertStatement@6b6eae4d
2025-08-01 19:23:50.629 [main] DEBUG liquibase.executor - INSERT INTO PUBLIC.gym_working_hours (gym_id, day_of_week, start_time, end_time) VALUES ((SELECT id FROM gyms WHERE name = 'StrongBody_TEST'), 'THURSDAY', '07:00:00', '22:00:00')
2025-08-01 19:23:50.630 [main] DEBUG liquibase.executor - 1 row(s) affected
2025-08-01 19:23:50.631 [main] INFO  liquibase.changelog - New row inserted into gym_working_hours
2025-08-01 19:23:50.632 [main] DEBUG liquibase.executor - Executing Statement: liquibase.statement.core.InsertStatement@26ab8fab
2025-08-01 19:23:50.633 [main] DEBUG liquibase.executor - INSERT INTO PUBLIC.gym_working_hours (gym_id, day_of_week, start_time, end_time) VALUES ((SELECT id FROM gyms WHERE name = 'StrongBody_TEST'), 'FRIDAY', '07:00:00', '22:00:00')
2025-08-01 19:23:50.634 [main] DEBUG liquibase.executor - 1 row(s) affected
2025-08-01 19:23:50.635 [main] INFO  liquibase.changelog - New row inserted into gym_working_hours
2025-08-01 19:23:50.636 [main] DEBUG liquibase.executor - Executing Statement: liquibase.statement.core.InsertStatement@17b6ad50
2025-08-01 19:23:50.637 [main] DEBUG liquibase.executor - INSERT INTO PUBLIC.gym_working_hours (gym_id, day_of_week, start_time, end_time) VALUES ((SELECT id FROM gyms WHERE name = 'StrongBody_TEST'), 'SATURDAY', '09:00:00', '18:00:00')
2025-08-01 19:23:50.638 [main] DEBUG liquibase.executor - 1 row(s) affected
2025-08-01 19:23:50.638 [main] INFO  liquibase.changelog - New row inserted into gym_working_hours
2025-08-01 19:23:50.639 [main] DEBUG liquibase.executor - Executing Statement: liquibase.statement.core.InsertStatement@4148f290
2025-08-01 19:23:50.640 [main] DEBUG liquibase.executor - INSERT INTO PUBLIC.gym_working_hours (gym_id, day_of_week, start_time, end_time) VALUES ((SELECT id FROM gyms WHERE name = 'StrongBody_TEST'), 'SUNDAY', '09:00:00', '16:00:00')
2025-08-01 19:23:50.641 [main] DEBUG liquibase.executor - 1 row(s) affected
2025-08-01 19:23:50.641 [main] INFO  liquibase.changelog - New row inserted into gym_working_hours
2025-08-01 19:23:50.642 [main] DEBUG liquibase.executor - Executing Statement: liquibase.statement.core.InsertStatement@5fca2032
2025-08-01 19:23:50.644 [main] DEBUG liquibase.executor - INSERT INTO PUBLIC.sports_gyms (gym_id, sport_id) VALUES ((SELECT id FROM gyms WHERE name = 'StrongBody_TEST'), '3')
2025-08-01 19:23:50.645 [main] DEBUG liquibase.executor - 1 row(s) affected
2025-08-01 19:23:50.645 [main] INFO  liquibase.changelog - New row inserted into sports_gyms
2025-08-01 19:23:50.646 [main] DEBUG liquibase.executor - Executing Statement: liquibase.statement.core.InsertStatement@25663ab7
2025-08-01 19:23:50.647 [main] DEBUG liquibase.executor - INSERT INTO PUBLIC.sports_gyms (gym_id, sport_id) VALUES ((SELECT id FROM gyms WHERE name = 'StrongBody_TEST'), '1')
2025-08-01 19:23:50.648 [main] DEBUG liquibase.executor - 1 row(s) affected
2025-08-01 19:23:50.649 [main] INFO  liquibase.changelog - New row inserted into sports_gyms
2025-08-01 19:23:50.650 [main] DEBUG liquibase.executor - Executing Statement: liquibase.statement.core.InsertStatement@798df66
2025-08-01 19:23:50.651 [main] DEBUG liquibase.executor - INSERT INTO PUBLIC.addresses (country, city, street, house, is_deleted) VALUES ('Україна', 'Львів', 'вул. Городоцька', '17', 'false')
2025-08-01 19:23:50.651 [main] DEBUG liquibase.executor - 1 row(s) affected
2025-08-01 19:23:50.652 [main] INFO  liquibase.changelog - New row inserted into addresses
2025-08-01 19:23:50.653 [main] DEBUG liquibase.executor - Executing Statement: liquibase.statement.core.InsertStatement@1426177
2025-08-01 19:23:50.653 [main] DEBUG liquibase.executor - INSERT INTO PUBLIC.gyms (name, address_id, description, website, overall_rating, number_of_reviews, gym_owner_id, is_deleted) VALUES ('FitZone_TEST', (SELECT id FROM addresses WHERE country = 'Україна' AND city = 'Львів' AND street = 'вул. Городоцька' AND house = '17'), 'Просторий фітнес-центр з зонами для групових тренувань.', 'http://fitzone.lviv.ua', '4.8', '90', (SELECT id FROM gym_owners WHERE first_name = 'Олексій' AND last_name = 'Грищенко_TEST'), 'false')
2025-08-01 19:23:50.654 [main] DEBUG liquibase.executor - 1 row(s) affected
2025-08-01 19:23:50.655 [main] INFO  liquibase.changelog - New row inserted into gyms
2025-08-01 19:23:50.656 [main] DEBUG liquibase.executor - Executing Statement: liquibase.statement.core.InsertStatement@f070add
2025-08-01 19:23:50.657 [main] DEBUG liquibase.executor - INSERT INTO PUBLIC.gym_phone_numbers (gym_id, phone_numbers) VALUES ((SELECT id FROM gyms WHERE name = 'FitZone_TEST'), '+38(032)-222-3344')
2025-08-01 19:23:50.658 [main] DEBUG liquibase.executor - 1 row(s) affected
2025-08-01 19:23:50.659 [main] INFO  liquibase.changelog - New row inserted into gym_phone_numbers
2025-08-01 19:23:50.659 [main] DEBUG liquibase.executor - Executing Statement: liquibase.statement.core.InsertStatement@1b203a08
2025-08-01 19:23:50.660 [main] DEBUG liquibase.executor - INSERT INTO PUBLIC.gym_working_hours (gym_id, day_of_week, start_time, end_time) VALUES ((SELECT id FROM gyms WHERE name = 'FitZone_TEST'), 'MONDAY', '08:00:00', '21:00:00')
2025-08-01 19:23:50.661 [main] DEBUG liquibase.executor - 1 row(s) affected
2025-08-01 19:23:50.661 [main] INFO  liquibase.changelog - New row inserted into gym_working_hours
2025-08-01 19:23:50.662 [main] DEBUG liquibase.executor - Executing Statement: liquibase.statement.core.InsertStatement@5a02a5e5
2025-08-01 19:23:50.663 [main] DEBUG liquibase.executor - INSERT INTO PUBLIC.gym_working_hours (gym_id, day_of_week, start_time, end_time) VALUES ((SELECT id FROM gyms WHERE name = 'FitZone_TEST'), 'TUESDAY', '08:00:00', '21:00:00')
2025-08-01 19:23:50.664 [main] DEBUG liquibase.executor - 1 row(s) affected
2025-08-01 19:23:50.664 [main] INFO  liquibase.changelog - New row inserted into gym_working_hours
2025-08-01 19:23:50.665 [main] DEBUG liquibase.executor - Executing Statement: liquibase.statement.core.InsertStatement@48d92e0b
2025-08-01 19:23:50.666 [main] DEBUG liquibase.executor - INSERT INTO PUBLIC.gym_working_hours (gym_id, day_of_week, start_time, end_time) VALUES ((SELECT id FROM gyms WHERE name = 'FitZone_TEST'), 'WEDNESDAY', '08:00:00', '21:00:00')
2025-08-01 19:23:50.667 [main] DEBUG liquibase.executor - 1 row(s) affected
2025-08-01 19:23:50.667 [main] INFO  liquibase.changelog - New row inserted into gym_working_hours
2025-08-01 19:23:50.668 [main] DEBUG liquibase.executor - Executing Statement: liquibase.statement.core.InsertStatement@7fbf942f
2025-08-01 19:23:50.668 [main] DEBUG liquibase.executor - INSERT INTO PUBLIC.gym_working_hours (gym_id, day_of_week, start_time, end_time) VALUES ((SELECT id FROM gyms WHERE name = 'FitZone_TEST'), 'THURSDAY', '08:00:00', '21:00:00')
2025-08-01 19:23:50.669 [main] DEBUG liquibase.executor - 1 row(s) affected
2025-08-01 19:23:50.670 [main] INFO  liquibase.changelog - New row inserted into gym_working_hours
2025-08-01 19:23:50.671 [main] DEBUG liquibase.executor - Executing Statement: liquibase.statement.core.InsertStatement@65d511aa
2025-08-01 19:23:50.672 [main] DEBUG liquibase.executor - INSERT INTO PUBLIC.gym_working_hours (gym_id, day_of_week, start_time, end_time) VALUES ((SELECT id FROM gyms WHERE name = 'FitZone_TEST'), 'FRIDAY', '08:00:00', '21:00:00')
2025-08-01 19:23:50.672 [main] DEBUG liquibase.executor - 1 row(s) affected
2025-08-01 19:23:50.673 [main] INFO  liquibase.changelog - New row inserted into gym_working_hours
2025-08-01 19:23:50.674 [main] DEBUG liquibase.executor - Executing Statement: liquibase.statement.core.InsertStatement@2a37ad78
2025-08-01 19:23:50.674 [main] DEBUG liquibase.executor - INSERT INTO PUBLIC.gym_working_hours (gym_id, day_of_week, start_time, end_time) VALUES ((SELECT id FROM gyms WHERE name = 'FitZone_TEST'), 'SATURDAY', '10:00:00', '17:00:00')
2025-08-01 19:23:50.675 [main] DEBUG liquibase.executor - 1 row(s) affected
2025-08-01 19:23:50.675 [main] INFO  liquibase.changelog - New row inserted into gym_working_hours
2025-08-01 19:23:50.676 [main] DEBUG liquibase.executor - Executing Statement: liquibase.statement.core.InsertStatement@2b1f7743
2025-08-01 19:23:50.677 [main] DEBUG liquibase.executor - INSERT INTO PUBLIC.sports_gyms (gym_id, sport_id) VALUES ((SELECT id FROM gyms WHERE name = 'FitZone_TEST'), '7')
2025-08-01 19:23:50.678 [main] DEBUG liquibase.executor - 1 row(s) affected
2025-08-01 19:23:50.678 [main] INFO  liquibase.changelog - New row inserted into sports_gyms
2025-08-01 19:23:50.679 [main] DEBUG liquibase.executor - Executing Statement: liquibase.statement.core.InsertStatement@288290e3
2025-08-01 19:23:50.680 [main] DEBUG liquibase.executor - INSERT INTO PUBLIC.sports_gyms (gym_id, sport_id) VALUES ((SELECT id FROM gyms WHERE name = 'FitZone_TEST'), '13')
2025-08-01 19:23:50.680 [main] DEBUG liquibase.executor - 1 row(s) affected
2025-08-01 19:23:50.681 [main] INFO  liquibase.changelog - New row inserted into sports_gyms
2025-08-01 19:23:50.681 [main] DEBUG liquibase.executor - Executing Statement: liquibase.statement.core.InsertStatement@65978c18
2025-08-01 19:23:50.682 [main] DEBUG liquibase.executor - INSERT INTO PUBLIC.sports_gyms (gym_id, sport_id) VALUES ((SELECT id FROM gyms WHERE name = 'FitZone_TEST'), '1')
2025-08-01 19:23:50.683 [main] DEBUG liquibase.executor - 1 row(s) affected
2025-08-01 19:23:50.683 [main] INFO  liquibase.changelog - New row inserted into sports_gyms
2025-08-01 19:23:50.684 [main] DEBUG liquibase.executor - Executing Statement: liquibase.statement.core.InsertStatement@725cb1bf
2025-08-01 19:23:50.685 [main] DEBUG liquibase.executor - INSERT INTO PUBLIC.addresses (country, city, street, house, is_deleted) VALUES ('Україна', 'Одеса', 'вул. Катерининська', '20', 'false')
2025-08-01 19:23:50.686 [main] DEBUG liquibase.executor - 1 row(s) affected
2025-08-01 19:23:50.687 [main] INFO  liquibase.changelog - New row inserted into addresses
2025-08-01 19:23:50.688 [main] DEBUG liquibase.executor - Executing Statement: liquibase.statement.core.InsertStatement@22a965d8
2025-08-01 19:23:50.689 [main] DEBUG liquibase.executor - INSERT INTO PUBLIC.gyms (name, address_id, description, website, overall_rating, number_of_reviews, gym_owner_id, is_deleted) VALUES ('Dynamo_TEST', (SELECT id FROM addresses WHERE country = 'Україна' AND city = 'Одеса' AND street = 'вул. Катерининська' AND house = '20'), 'Класичний спортивний клуб з басейном та сауною.', 'http://dynamo.od.ua', '4.75', '110', (SELECT id FROM gym_owners WHERE first_name = 'Олексій' AND last_name = 'Грищенко_TEST'), 'false')
2025-08-01 19:23:50.691 [main] DEBUG liquibase.executor - 1 row(s) affected
2025-08-01 19:23:50.691 [main] INFO  liquibase.changelog - New row inserted into gyms
2025-08-01 19:23:50.692 [main] DEBUG liquibase.executor - Executing Statement: liquibase.statement.core.InsertStatement@1e90fce6
2025-08-01 19:23:50.693 [main] DEBUG liquibase.executor - INSERT INTO PUBLIC.gym_phone_numbers (gym_id, phone_numbers) VALUES ((SELECT id FROM gyms WHERE name = 'Dynamo_TEST'), '+38(048)-333-4455')
2025-08-01 19:23:50.694 [main] DEBUG liquibase.executor - 1 row(s) affected
2025-08-01 19:23:50.694 [main] INFO  liquibase.changelog - New row inserted into gym_phone_numbers
2025-08-01 19:23:50.695 [main] DEBUG liquibase.executor - Executing Statement: liquibase.statement.core.InsertStatement@47be5460
2025-08-01 19:23:50.696 [main] DEBUG liquibase.executor - INSERT INTO PUBLIC.gym_working_hours (gym_id, day_of_week, start_time, end_time) VALUES ((SELECT id FROM gyms WHERE name = 'Dynamo_TEST'), 'MONDAY', '06:00:00', '23:00:00')
2025-08-01 19:23:50.697 [main] DEBUG liquibase.executor - 1 row(s) affected
2025-08-01 19:23:50.697 [main] INFO  liquibase.changelog - New row inserted into gym_working_hours
2025-08-01 19:23:50.698 [main] DEBUG liquibase.executor - Executing Statement: liquibase.statement.core.InsertStatement@5078c461
2025-08-01 19:23:50.699 [main] DEBUG liquibase.executor - INSERT INTO PUBLIC.gym_working_hours (gym_id, day_of_week, start_time, end_time) VALUES ((SELECT id FROM gyms WHERE name = 'Dynamo_TEST'), 'TUESDAY', '06:00:00', '23:00:00')
2025-08-01 19:23:50.700 [main] DEBUG liquibase.executor - 1 row(s) affected
2025-08-01 19:23:50.700 [main] INFO  liquibase.changelog - New row inserted into gym_working_hours
2025-08-01 19:23:50.701 [main] DEBUG liquibase.executor - Executing Statement: liquibase.statement.core.InsertStatement@3916ec13
2025-08-01 19:23:50.702 [main] DEBUG liquibase.executor - INSERT INTO PUBLIC.gym_working_hours (gym_id, day_of_week, start_time, end_time) VALUES ((SELECT id FROM gyms WHERE name = 'Dynamo_TEST'), 'WEDNESDAY', '06:00:00', '23:00:00')
2025-08-01 19:23:50.703 [main] DEBUG liquibase.executor - 1 row(s) affected
2025-08-01 19:23:50.704 [main] INFO  liquibase.changelog - New row inserted into gym_working_hours
2025-08-01 19:23:50.705 [main] DEBUG liquibase.executor - Executing Statement: liquibase.statement.core.InsertStatement@2078401b
2025-08-01 19:23:50.705 [main] DEBUG liquibase.executor - INSERT INTO PUBLIC.gym_working_hours (gym_id, day_of_week, start_time, end_time) VALUES ((SELECT id FROM gyms WHERE name = 'Dynamo_TEST'), 'THURSDAY', '06:00:00', '23:00:00')
2025-08-01 19:23:50.706 [main] DEBUG liquibase.executor - 1 row(s) affected
2025-08-01 19:23:50.706 [main] INFO  liquibase.changelog - New row inserted into gym_working_hours
2025-08-01 19:23:50.707 [main] DEBUG liquibase.executor - Executing Statement: liquibase.statement.core.InsertStatement@15d01d20
2025-08-01 19:23:50.708 [main] DEBUG liquibase.executor - INSERT INTO PUBLIC.gym_working_hours (gym_id, day_of_week, start_time, end_time) VALUES ((SELECT id FROM gyms WHERE name = 'Dynamo_TEST'), 'FRIDAY', '06:00:00', '23:00:00')
2025-08-01 19:23:50.709 [main] DEBUG liquibase.executor - 1 row(s) affected
2025-08-01 19:23:50.709 [main] INFO  liquibase.changelog - New row inserted into gym_working_hours
2025-08-01 19:23:50.710 [main] DEBUG liquibase.executor - Executing Statement: liquibase.statement.core.InsertStatement@31d8837
2025-08-01 19:23:50.710 [main] DEBUG liquibase.executor - INSERT INTO PUBLIC.gym_working_hours (gym_id, day_of_week, start_time, end_time) VALUES ((SELECT id FROM gyms WHERE name = 'Dynamo_TEST'), 'SATURDAY', '08:00:00', '20:00:00')
2025-08-01 19:23:50.711 [main] DEBUG liquibase.executor - 1 row(s) affected
2025-08-01 19:23:50.711 [main] INFO  liquibase.changelog - New row inserted into gym_working_hours
2025-08-01 19:23:50.712 [main] DEBUG liquibase.executor - Executing Statement: liquibase.statement.core.InsertStatement@d659a33
2025-08-01 19:23:50.713 [main] DEBUG liquibase.executor - INSERT INTO PUBLIC.gym_working_hours (gym_id, day_of_week, start_time, end_time) VALUES ((SELECT id FROM gyms WHERE name = 'Dynamo_TEST'), 'SUNDAY', '08:00:00', '18:00:00')
2025-08-01 19:23:50.714 [main] DEBUG liquibase.executor - 1 row(s) affected
2025-08-01 19:23:50.714 [main] INFO  liquibase.changelog - New row inserted into gym_working_hours
2025-08-01 19:23:50.715 [main] DEBUG liquibase.executor - Executing Statement: liquibase.statement.core.InsertStatement@6f7f6b1c
2025-08-01 19:23:50.715 [main] DEBUG liquibase.executor - INSERT INTO PUBLIC.sports_gyms (gym_id, sport_id) VALUES ((SELECT id FROM gyms WHERE name = 'Dynamo_TEST'), '2')
2025-08-01 19:23:50.716 [main] DEBUG liquibase.executor - 1 row(s) affected
2025-08-01 19:23:50.716 [main] INFO  liquibase.changelog - New row inserted into sports_gyms
2025-08-01 19:23:50.717 [main] DEBUG liquibase.executor - Executing Statement: liquibase.statement.core.InsertStatement@7ad352ce
2025-08-01 19:23:50.718 [main] DEBUG liquibase.executor - INSERT INTO PUBLIC.sports_gyms (gym_id, sport_id) VALUES ((SELECT id FROM gyms WHERE name = 'Dynamo_TEST'), '12')
2025-08-01 19:23:50.718 [main] DEBUG liquibase.executor - 1 row(s) affected
2025-08-01 19:23:50.719 [main] INFO  liquibase.changelog - New row inserted into sports_gyms
2025-08-01 19:23:50.720 [main] DEBUG liquibase.executor - Executing Statement: liquibase.statement.core.InsertStatement@15e03193
2025-08-01 19:23:50.720 [main] DEBUG liquibase.executor - INSERT INTO PUBLIC.sports_gyms (gym_id, sport_id) VALUES ((SELECT id FROM gyms WHERE name = 'Dynamo_TEST'), '1')
2025-08-01 19:23:50.721 [main] DEBUG liquibase.executor - 1 row(s) affected
2025-08-01 19:23:50.721 [main] INFO  liquibase.changelog - New row inserted into sports_gyms
2025-08-01 19:23:50.722 [main] DEBUG liquibase.executor - Executing Statement: liquibase.statement.core.InsertStatement@34f5851e
2025-08-01 19:23:50.723 [main] DEBUG liquibase.executor - INSERT INTO PUBLIC.addresses (country, city, street, house, is_deleted) VALUES ('Україна', 'Харків', 'просп. Науки', '9', 'false')
2025-08-01 19:23:50.724 [main] DEBUG liquibase.executor - 1 row(s) affected
2025-08-01 19:23:50.724 [main] INFO  liquibase.changelog - New row inserted into addresses
2025-08-01 19:23:50.725 [main] DEBUG liquibase.executor - Executing Statement: liquibase.statement.core.InsertStatement@20c63f17
2025-08-01 19:23:50.725 [main] DEBUG liquibase.executor - INSERT INTO PUBLIC.gyms (name, address_id, description, website, overall_rating, number_of_reviews, gym_owner_id, is_deleted) VALUES ('SportLife_TEST', (SELECT id FROM addresses WHERE country = 'Україна' AND city = 'Харків' AND street = 'просп. Науки' AND house = '9'), 'Велика мережа фітнес-клубів з басейном та спа.', 'http://sportlife.ua', '4.85', '200', (SELECT id FROM gym_owners WHERE first_name = 'Олексій' AND last_name = 'Грищенко_TEST'), 'false')
2025-08-01 19:23:50.726 [main] DEBUG liquibase.executor - 1 row(s) affected
2025-08-01 19:23:50.727 [main] INFO  liquibase.changelog - New row inserted into gyms
2025-08-01 19:23:50.728 [main] DEBUG liquibase.executor - Executing Statement: liquibase.statement.core.InsertStatement@40634ce3
2025-08-01 19:23:50.730 [main] DEBUG liquibase.executor - INSERT INTO PUBLIC.gym_phone_numbers (gym_id, phone_numbers) VALUES ((SELECT id FROM gyms WHERE name = 'SportLife_TEST'), '+38(057)-444-5566')
2025-08-01 19:23:50.731 [main] DEBUG liquibase.executor - 1 row(s) affected
2025-08-01 19:23:50.732 [main] INFO  liquibase.changelog - New row inserted into gym_phone_numbers
2025-08-01 19:23:50.737 [main] DEBUG liquibase.executor - Executing Statement: liquibase.statement.core.InsertStatement@541b81d5
2025-08-01 19:23:50.745 [main] DEBUG liquibase.executor - INSERT INTO PUBLIC.gym_working_hours (gym_id, day_of_week, start_time, end_time) VALUES ((SELECT id FROM gyms WHERE name = 'SportLife_TEST'), 'MONDAY', '07:00:00', '22:00:00')
2025-08-01 19:23:50.752 [main] DEBUG liquibase.executor - 1 row(s) affected
2025-08-01 19:23:50.754 [main] INFO  liquibase.changelog - New row inserted into gym_working_hours
2025-08-01 19:23:50.755 [main] DEBUG liquibase.executor - Executing Statement: liquibase.statement.core.InsertStatement@4cde233d
2025-08-01 19:23:50.756 [main] DEBUG liquibase.executor - INSERT INTO PUBLIC.gym_working_hours (gym_id, day_of_week, start_time, end_time) VALUES ((SELECT id FROM gyms WHERE name = 'SportLife_TEST'), 'TUESDAY', '07:00:00', '22:00:00')
2025-08-01 19:23:50.757 [main] DEBUG liquibase.executor - 1 row(s) affected
2025-08-01 19:23:50.757 [main] INFO  liquibase.changelog - New row inserted into gym_working_hours
2025-08-01 19:23:50.758 [main] DEBUG liquibase.executor - Executing Statement: liquibase.statement.core.InsertStatement@5d719336
2025-08-01 19:23:50.759 [main] DEBUG liquibase.executor - INSERT INTO PUBLIC.gym_working_hours (gym_id, day_of_week, start_time, end_time) VALUES ((SELECT id FROM gyms WHERE name = 'SportLife_TEST'), 'WEDNESDAY', '07:00:00', '22:00:00')
2025-08-01 19:23:50.761 [main] DEBUG liquibase.executor - 1 row(s) affected
2025-08-01 19:23:50.761 [main] INFO  liquibase.changelog - New row inserted into gym_working_hours
2025-08-01 19:23:50.762 [main] DEBUG liquibase.executor - Executing Statement: liquibase.statement.core.InsertStatement@72fd82f
2025-08-01 19:23:50.803 [main] DEBUG liquibase.executor - INSERT INTO PUBLIC.gym_working_hours (gym_id, day_of_week, start_time, end_time) VALUES ((SELECT id FROM gyms WHERE name = 'SportLife_TEST'), 'THURSDAY', '07:00:00', '22:00:00')
2025-08-01 19:23:50.804 [main] DEBUG liquibase.executor - 1 row(s) affected
2025-08-01 19:23:50.807 [main] INFO  liquibase.changelog - New row inserted into gym_working_hours
2025-08-01 19:23:50.808 [main] DEBUG liquibase.executor - Executing Statement: liquibase.statement.core.InsertStatement@fb2f436
2025-08-01 19:23:50.809 [main] DEBUG liquibase.executor - INSERT INTO PUBLIC.gym_working_hours (gym_id, day_of_week, start_time, end_time) VALUES ((SELECT id FROM gyms WHERE name = 'SportLife_TEST'), 'FRIDAY', '07:00:00', '22:00:00')
2025-08-01 19:23:50.810 [main] DEBUG liquibase.executor - 1 row(s) affected
2025-08-01 19:23:50.815 [main] INFO  liquibase.changelog - New row inserted into gym_working_hours
2025-08-01 19:23:50.816 [main] DEBUG liquibase.executor - Executing Statement: liquibase.statement.core.InsertStatement@32c8f936
2025-08-01 19:23:50.820 [main] DEBUG liquibase.executor - INSERT INTO PUBLIC.gym_working_hours (gym_id, day_of_week, start_time, end_time) VALUES ((SELECT id FROM gyms WHERE name = 'SportLife_TEST'), 'SATURDAY', '09:00:00', '18:00:00')
2025-08-01 19:23:50.821 [main] DEBUG liquibase.executor - 1 row(s) affected
2025-08-01 19:23:50.822 [main] INFO  liquibase.changelog - New row inserted into gym_working_hours
2025-08-01 19:23:50.823 [main] DEBUG liquibase.executor - Executing Statement: liquibase.statement.core.InsertStatement@6371247a
2025-08-01 19:23:50.824 [main] DEBUG liquibase.executor - INSERT INTO PUBLIC.gym_working_hours (gym_id, day_of_week, start_time, end_time) VALUES ((SELECT id FROM gyms WHERE name = 'SportLife_TEST'), 'SUNDAY', '09:00:00', '16:00:00')
2025-08-01 19:23:50.824 [main] DEBUG liquibase.executor - 1 row(s) affected
2025-08-01 19:23:50.825 [main] INFO  liquibase.changelog - New row inserted into gym_working_hours
2025-08-01 19:23:50.826 [main] DEBUG liquibase.executor - Executing Statement: liquibase.statement.core.InsertStatement@1a66769b
2025-08-01 19:23:50.826 [main] DEBUG liquibase.executor - INSERT INTO PUBLIC.sports_gyms (gym_id, sport_id) VALUES ((SELECT id FROM gyms WHERE name = 'SportLife_TEST'), '6')
2025-08-01 19:23:50.827 [main] DEBUG liquibase.executor - 1 row(s) affected
2025-08-01 19:23:50.828 [main] INFO  liquibase.changelog - New row inserted into sports_gyms
2025-08-01 19:23:50.829 [main] DEBUG liquibase.executor - Executing Statement: liquibase.statement.core.InsertStatement@2ed22a5
2025-08-01 19:23:50.831 [main] DEBUG liquibase.executor - INSERT INTO PUBLIC.sports_gyms (gym_id, sport_id) VALUES ((SELECT id FROM gyms WHERE name = 'SportLife_TEST'), '16')
2025-08-01 19:23:50.832 [main] DEBUG liquibase.executor - 1 row(s) affected
2025-08-01 19:23:50.832 [main] INFO  liquibase.changelog - New row inserted into sports_gyms
2025-08-01 19:23:50.833 [main] DEBUG liquibase.executor - Executing Statement: liquibase.statement.core.InsertStatement@77197a87
2025-08-01 19:23:50.834 [main] DEBUG liquibase.executor - INSERT INTO PUBLIC.sports_gyms (gym_id, sport_id) VALUES ((SELECT id FROM gyms WHERE name = 'SportLife_TEST'), '1')
2025-08-01 19:23:50.835 [main] DEBUG liquibase.executor - 1 row(s) affected
2025-08-01 19:23:50.835 [main] INFO  liquibase.changelog - New row inserted into sports_gyms
2025-08-01 19:23:50.836 [main] DEBUG liquibase.executor - Executing Statement: liquibase.statement.core.InsertStatement@1d21d2ea
2025-08-01 19:23:50.837 [main] DEBUG liquibase.executor - INSERT INTO PUBLIC.addresses (country, city, street, house, is_deleted) VALUES ('Україна', 'Дніпро', 'просп. Дмитра Яворницького', '8', 'false')
2025-08-01 19:23:50.837 [main] DEBUG liquibase.executor - 1 row(s) affected
2025-08-01 19:23:50.838 [main] INFO  liquibase.changelog - New row inserted into addresses
2025-08-01 19:23:50.838 [main] DEBUG liquibase.executor - Executing Statement: liquibase.statement.core.InsertStatement@34daad7b
2025-08-01 19:23:50.839 [main] DEBUG liquibase.executor - INSERT INTO PUBLIC.gyms (name, address_id, description, website, overall_rating, number_of_reviews, gym_owner_id, is_deleted) VALUES ('Атлант_TEST', (SELECT id FROM addresses WHERE country = 'Україна' AND city = 'Дніпро' AND street = 'просп. Дмитра Яворницького' AND house = '8'), 'Тренажерний зал для силових видів спорту.', 'http://atlant.dp.ua', '4.6', '130', (SELECT id FROM gym_owners WHERE first_name = 'Олексій' AND last_name = 'Грищенко_TEST'), 'false')
2025-08-01 19:23:50.840 [main] DEBUG liquibase.executor - 1 row(s) affected
2025-08-01 19:23:50.840 [main] INFO  liquibase.changelog - New row inserted into gyms
2025-08-01 19:23:50.841 [main] DEBUG liquibase.executor - Executing Statement: liquibase.statement.core.InsertStatement@5fc9594f
2025-08-01 19:23:50.842 [main] DEBUG liquibase.executor - INSERT INTO PUBLIC.gym_phone_numbers (gym_id, phone_numbers) VALUES ((SELECT id FROM gyms WHERE name = 'Атлант_TEST'), '+38(056)-555-6677')
2025-08-01 19:23:50.842 [main] DEBUG liquibase.executor - 1 row(s) affected
2025-08-01 19:23:50.843 [main] INFO  liquibase.changelog - New row inserted into gym_phone_numbers
2025-08-01 19:23:50.843 [main] DEBUG liquibase.executor - Executing Statement: liquibase.statement.core.InsertStatement@63b8cd73
2025-08-01 19:23:50.844 [main] DEBUG liquibase.executor - INSERT INTO PUBLIC.gym_working_hours (gym_id, day_of_week, start_time, end_time) VALUES ((SELECT id FROM gyms WHERE name = 'Атлант_TEST'), 'MONDAY', '08:00:00', '20:00:00')
2025-08-01 19:23:50.845 [main] DEBUG liquibase.executor - 1 row(s) affected
2025-08-01 19:23:50.845 [main] INFO  liquibase.changelog - New row inserted into gym_working_hours
2025-08-01 19:23:50.846 [main] DEBUG liquibase.executor - Executing Statement: liquibase.statement.core.InsertStatement@701df56c
2025-08-01 19:23:50.847 [main] DEBUG liquibase.executor - INSERT INTO PUBLIC.gym_working_hours (gym_id, day_of_week, start_time, end_time) VALUES ((SELECT id FROM gyms WHERE name = 'Атлант_TEST'), 'TUESDAY', '08:00:00', '20:00:00')
2025-08-01 19:23:50.847 [main] DEBUG liquibase.executor - 1 row(s) affected
2025-08-01 19:23:50.848 [main] INFO  liquibase.changelog - New row inserted into gym_working_hours
2025-08-01 19:23:50.848 [main] DEBUG liquibase.executor - Executing Statement: liquibase.statement.core.InsertStatement@114d3f61
2025-08-01 19:23:50.849 [main] DEBUG liquibase.executor - INSERT INTO PUBLIC.gym_working_hours (gym_id, day_of_week, start_time, end_time) VALUES ((SELECT id FROM gyms WHERE name = 'Атлант_TEST'), 'WEDNESDAY', '08:00:00', '20:00:00')
2025-08-01 19:23:50.850 [main] DEBUG liquibase.executor - 1 row(s) affected
2025-08-01 19:23:50.850 [main] INFO  liquibase.changelog - New row inserted into gym_working_hours
2025-08-01 19:23:50.851 [main] DEBUG liquibase.executor - Executing Statement: liquibase.statement.core.InsertStatement@4db0f26
2025-08-01 19:23:50.852 [main] DEBUG liquibase.executor - INSERT INTO PUBLIC.gym_working_hours (gym_id, day_of_week, start_time, end_time) VALUES ((SELECT id FROM gyms WHERE name = 'Атлант_TEST'), 'THURSDAY', '08:00:00', '20:00:00')
2025-08-01 19:23:50.853 [main] DEBUG liquibase.executor - 1 row(s) affected
2025-08-01 19:23:50.853 [main] INFO  liquibase.changelog - New row inserted into gym_working_hours
2025-08-01 19:23:50.854 [main] DEBUG liquibase.executor - Executing Statement: liquibase.statement.core.InsertStatement@21ad899b
2025-08-01 19:23:50.854 [main] DEBUG liquibase.executor - INSERT INTO PUBLIC.gym_working_hours (gym_id, day_of_week, start_time, end_time) VALUES ((SELECT id FROM gyms WHERE name = 'Атлант_TEST'), 'FRIDAY', '08:00:00', '20:00:00')
2025-08-01 19:23:50.855 [main] DEBUG liquibase.executor - 1 row(s) affected
2025-08-01 19:23:50.855 [main] INFO  liquibase.changelog - New row inserted into gym_working_hours
2025-08-01 19:23:50.856 [main] DEBUG liquibase.executor - Executing Statement: liquibase.statement.core.InsertStatement@3e84be57
2025-08-01 19:23:50.857 [main] DEBUG liquibase.executor - INSERT INTO PUBLIC.gym_working_hours (gym_id, day_of_week, start_time, end_time) VALUES ((SELECT id FROM gyms WHERE name = 'Атлант_TEST'), 'SATURDAY', '09:00:00', '15:00:00')
2025-08-01 19:23:50.857 [main] DEBUG liquibase.executor - 1 row(s) affected
2025-08-01 19:23:50.857 [main] INFO  liquibase.changelog - New row inserted into gym_working_hours
2025-08-01 19:23:50.858 [main] DEBUG liquibase.executor - Executing Statement: liquibase.statement.core.InsertStatement@46ca38d1
2025-08-01 19:23:50.859 [main] DEBUG liquibase.executor - INSERT INTO PUBLIC.sports_gyms (gym_id, sport_id) VALUES ((SELECT id FROM gyms WHERE name = 'Атлант_TEST'), '5')
2025-08-01 19:23:50.860 [main] DEBUG liquibase.executor - 1 row(s) affected
2025-08-01 19:23:50.860 [main] INFO  liquibase.changelog - New row inserted into sports_gyms
2025-08-01 19:23:50.861 [main] DEBUG liquibase.executor - Executing Statement: liquibase.statement.core.InsertStatement@1ab4bd11
2025-08-01 19:23:50.861 [main] DEBUG liquibase.executor - INSERT INTO PUBLIC.sports_gyms (gym_id, sport_id) VALUES ((SELECT id FROM gyms WHERE name = 'Атлант_TEST'), '17')
2025-08-01 19:23:50.862 [main] DEBUG liquibase.executor - 1 row(s) affected
2025-08-01 19:23:50.862 [main] INFO  liquibase.changelog - New row inserted into sports_gyms
2025-08-01 19:23:50.863 [main] DEBUG liquibase.executor - Executing Statement: liquibase.statement.core.InsertStatement@57980e8d
2025-08-01 19:23:50.863 [main] DEBUG liquibase.executor - INSERT INTO PUBLIC.sports_gyms (gym_id, sport_id) VALUES ((SELECT id FROM gyms WHERE name = 'Атлант_TEST'), '1')
2025-08-01 19:23:50.864 [main] DEBUG liquibase.executor - 1 row(s) affected
2025-08-01 19:23:50.864 [main] INFO  liquibase.changelog - New row inserted into sports_gyms
2025-08-01 19:23:50.865 [main] DEBUG liquibase.executor - Executing Statement: liquibase.statement.core.InsertStatement@4cf5642f
2025-08-01 19:23:50.866 [main] DEBUG liquibase.executor - INSERT INTO PUBLIC.addresses (country, city, street, house, is_deleted) VALUES ('Україна', 'Запоріжжя', 'вул. Незалежної України', '72', 'false')
2025-08-01 19:23:50.866 [main] DEBUG liquibase.executor - 1 row(s) affected
2025-08-01 19:23:50.867 [main] INFO  liquibase.changelog - New row inserted into addresses
2025-08-01 19:23:50.867 [main] DEBUG liquibase.executor - Executing Statement: liquibase.statement.core.InsertStatement@5b6ec1d0
2025-08-01 19:23:50.868 [main] DEBUG liquibase.executor - INSERT INTO PUBLIC.gyms (name, address_id, description, website, overall_rating, number_of_reviews, gym_owner_id, is_deleted) VALUES ('Maximus_TEST', (SELECT id FROM addresses WHERE country = 'Україна' AND city = 'Запоріжжя' AND street = 'вул. Незалежної України' AND house = '72'), 'Фітнес-клуб з великим вибором групових програм.', 'http://maximus.zp.ua', '4.65', '85', (SELECT id FROM gym_owners WHERE first_name = 'Олексій' AND last_name = 'Грищенко_TEST'), 'false')
2025-08-01 19:23:50.869 [main] DEBUG liquibase.executor - 1 row(s) affected
2025-08-01 19:23:50.869 [main] INFO  liquibase.changelog - New row inserted into gyms
2025-08-01 19:23:50.870 [main] DEBUG liquibase.executor - Executing Statement: liquibase.statement.core.InsertStatement@648da399
2025-08-01 19:23:50.871 [main] DEBUG liquibase.executor - INSERT INTO PUBLIC.gym_phone_numbers (gym_id, phone_numbers) VALUES ((SELECT id FROM gyms WHERE name = 'Maximus_TEST'), '+38(061)-666-7788')
2025-08-01 19:23:50.871 [main] DEBUG liquibase.executor - 1 row(s) affected
2025-08-01 19:23:50.872 [main] INFO  liquibase.changelog - New row inserted into gym_phone_numbers
2025-08-01 19:23:50.873 [main] DEBUG liquibase.executor - Executing Statement: liquibase.statement.core.InsertStatement@737635e3
2025-08-01 19:23:50.873 [main] DEBUG liquibase.executor - INSERT INTO PUBLIC.gym_working_hours (gym_id, day_of_week, start_time, end_time) VALUES ((SELECT id FROM gyms WHERE name = 'Maximus_TEST'), 'MONDAY', '07:30:00', '21:30:00')
2025-08-01 19:23:50.874 [main] DEBUG liquibase.executor - 1 row(s) affected
2025-08-01 19:23:50.874 [main] INFO  liquibase.changelog - New row inserted into gym_working_hours
2025-08-01 19:23:50.875 [main] DEBUG liquibase.executor - Executing Statement: liquibase.statement.core.InsertStatement@14c5e3be
2025-08-01 19:23:50.875 [main] DEBUG liquibase.executor - INSERT INTO PUBLIC.gym_working_hours (gym_id, day_of_week, start_time, end_time) VALUES ((SELECT id FROM gyms WHERE name = 'Maximus_TEST'), 'TUESDAY', '07:30:00', '21:30:00')
2025-08-01 19:23:50.876 [main] DEBUG liquibase.executor - 1 row(s) affected
2025-08-01 19:23:50.876 [main] INFO  liquibase.changelog - New row inserted into gym_working_hours
2025-08-01 19:23:50.877 [main] DEBUG liquibase.executor - Executing Statement: liquibase.statement.core.InsertStatement@3988d0b7
2025-08-01 19:23:50.878 [main] DEBUG liquibase.executor - INSERT INTO PUBLIC.gym_working_hours (gym_id, day_of_week, start_time, end_time) VALUES ((SELECT id FROM gyms WHERE name = 'Maximus_TEST'), 'WEDNESDAY', '07:30:00', '21:30:00')
2025-08-01 19:23:50.879 [main] DEBUG liquibase.executor - 1 row(s) affected
2025-08-01 19:23:50.879 [main] INFO  liquibase.changelog - New row inserted into gym_working_hours
2025-08-01 19:23:50.880 [main] DEBUG liquibase.executor - Executing Statement: liquibase.statement.core.InsertStatement@30903d74
2025-08-01 19:23:50.881 [main] DEBUG liquibase.executor - INSERT INTO PUBLIC.gym_working_hours (gym_id, day_of_week, start_time, end_time) VALUES ((SELECT id FROM gyms WHERE name = 'Maximus_TEST'), 'THURSDAY', '07:30:00', '21:30:00')
2025-08-01 19:23:50.882 [main] DEBUG liquibase.executor - 1 row(s) affected
2025-08-01 19:23:50.882 [main] INFO  liquibase.changelog - New row inserted into gym_working_hours
2025-08-01 19:23:50.883 [main] DEBUG liquibase.executor - Executing Statement: liquibase.statement.core.InsertStatement@720bcfa8
2025-08-01 19:23:50.884 [main] DEBUG liquibase.executor - INSERT INTO PUBLIC.gym_working_hours (gym_id, day_of_week, start_time, end_time) VALUES ((SELECT id FROM gyms WHERE name = 'Maximus_TEST'), 'FRIDAY', '07:30:00', '21:30:00')
2025-08-01 19:23:50.885 [main] DEBUG liquibase.executor - 1 row(s) affected
2025-08-01 19:23:50.885 [main] INFO  liquibase.changelog - New row inserted into gym_working_hours
2025-08-01 19:23:50.886 [main] DEBUG liquibase.executor - Executing Statement: liquibase.statement.core.InsertStatement@49680a44
2025-08-01 19:23:50.887 [main] DEBUG liquibase.executor - INSERT INTO PUBLIC.gym_working_hours (gym_id, day_of_week, start_time, end_time) VALUES ((SELECT id FROM gyms WHERE name = 'Maximus_TEST'), 'SUNDAY', '10:00:00', '15:00:00')
2025-08-01 19:23:50.887 [main] DEBUG liquibase.executor - 1 row(s) affected
2025-08-01 19:23:50.888 [main] INFO  liquibase.changelog - New row inserted into gym_working_hours
2025-08-01 19:23:50.888 [main] DEBUG liquibase.executor - Executing Statement: liquibase.statement.core.InsertStatement@369a76b6
2025-08-01 19:23:50.889 [main] DEBUG liquibase.executor - INSERT INTO PUBLIC.sports_gyms (gym_id, sport_id) VALUES ((SELECT id FROM gyms WHERE name = 'Maximus_TEST'), '14')
2025-08-01 19:23:50.889 [main] DEBUG liquibase.executor - 1 row(s) affected
2025-08-01 19:23:50.890 [main] INFO  liquibase.changelog - New row inserted into sports_gyms
2025-08-01 19:23:50.890 [main] DEBUG liquibase.executor - Executing Statement: liquibase.statement.core.InsertStatement@750968c
2025-08-01 19:23:50.891 [main] DEBUG liquibase.executor - INSERT INTO PUBLIC.sports_gyms (gym_id, sport_id) VALUES ((SELECT id FROM gyms WHERE name = 'Maximus_TEST'), '1')
2025-08-01 19:23:50.892 [main] DEBUG liquibase.executor - 1 row(s) affected
2025-08-01 19:23:50.892 [main] INFO  liquibase.changelog - New row inserted into sports_gyms
2025-08-01 19:23:50.893 [main] DEBUG liquibase.executor - Executing Statement: liquibase.statement.core.InsertStatement@2b0a7f41
2025-08-01 19:23:50.894 [main] DEBUG liquibase.executor - INSERT INTO PUBLIC.addresses (country, city, street, house, is_deleted) VALUES ('Україна', 'Вінниця', 'вул. Пирогова', '30', 'false')
2025-08-01 19:23:50.895 [main] DEBUG liquibase.executor - 1 row(s) affected
2025-08-01 19:23:50.895 [main] INFO  liquibase.changelog - New row inserted into addresses
2025-08-01 19:23:50.896 [main] DEBUG liquibase.executor - Executing Statement: liquibase.statement.core.InsertStatement@22b97a4e
2025-08-01 19:23:50.897 [main] DEBUG liquibase.executor - INSERT INTO PUBLIC.gyms (name, address_id, description, website, overall_rating, number_of_reviews, gym_owner_id, is_deleted) VALUES ('GrandFitness_TEST', (SELECT id FROM addresses WHERE country = 'Україна' AND city = 'Вінниця' AND street = 'вул. Пирогова' AND house = '30'), 'Елітний фітнес-центр з преміум обладнанням.', 'http://grandfitness.vn.ua', '4.76', '180', (SELECT id FROM gym_owners WHERE first_name = 'Олексій' AND last_name = 'Грищенко_TEST'), 'false')
2025-08-01 19:23:50.897 [main] DEBUG liquibase.executor - 1 row(s) affected
2025-08-01 19:23:50.898 [main] INFO  liquibase.changelog - New row inserted into gyms
2025-08-01 19:23:50.899 [main] DEBUG liquibase.executor - Executing Statement: liquibase.statement.core.InsertStatement@47739769
2025-08-01 19:23:50.900 [main] DEBUG liquibase.executor - INSERT INTO PUBLIC.gym_phone_numbers (gym_id, phone_numbers) VALUES ((SELECT id FROM gyms WHERE name = 'GrandFitness_TEST'), '+38(043)-777-8899')
2025-08-01 19:23:50.900 [main] DEBUG liquibase.executor - 1 row(s) affected
2025-08-01 19:23:50.901 [main] INFO  liquibase.changelog - New row inserted into gym_phone_numbers
2025-08-01 19:23:50.902 [main] DEBUG liquibase.executor - Executing Statement: liquibase.statement.core.InsertStatement@44949dfd
2025-08-01 19:23:50.902 [main] DEBUG liquibase.executor - INSERT INTO PUBLIC.gym_working_hours (gym_id, day_of_week, start_time, end_time) VALUES ((SELECT id FROM gyms WHERE name = 'GrandFitness_TEST'), 'MONDAY', '07:00:00', '22:00:00')
2025-08-01 19:23:50.903 [main] DEBUG liquibase.executor - 1 row(s) affected
2025-08-01 19:23:50.904 [main] INFO  liquibase.changelog - New row inserted into gym_working_hours
2025-08-01 19:23:50.905 [main] DEBUG liquibase.executor - Executing Statement: liquibase.statement.core.InsertStatement@3c9c0259
2025-08-01 19:23:50.905 [main] DEBUG liquibase.executor - INSERT INTO PUBLIC.gym_working_hours (gym_id, day_of_week, start_time, end_time) VALUES ((SELECT id FROM gyms WHERE name = 'GrandFitness_TEST'), 'TUESDAY', '07:00:00', '22:00:00')
2025-08-01 19:23:50.906 [main] DEBUG liquibase.executor - 1 row(s) affected
2025-08-01 19:23:50.907 [main] INFO  liquibase.changelog - New row inserted into gym_working_hours
2025-08-01 19:23:50.908 [main] DEBUG liquibase.executor - Executing Statement: liquibase.statement.core.InsertStatement@551e648e
2025-08-01 19:23:50.908 [main] DEBUG liquibase.executor - INSERT INTO PUBLIC.gym_working_hours (gym_id, day_of_week, start_time, end_time) VALUES ((SELECT id FROM gyms WHERE name = 'GrandFitness_TEST'), 'WEDNESDAY', '07:00:00', '22:00:00')
2025-08-01 19:23:50.909 [main] DEBUG liquibase.executor - 1 row(s) affected
2025-08-01 19:23:50.909 [main] INFO  liquibase.changelog - New row inserted into gym_working_hours
2025-08-01 19:23:50.910 [main] DEBUG liquibase.executor - Executing Statement: liquibase.statement.core.InsertStatement@e8d699b
2025-08-01 19:23:50.911 [main] DEBUG liquibase.executor - INSERT INTO PUBLIC.gym_working_hours (gym_id, day_of_week, start_time, end_time) VALUES ((SELECT id FROM gyms WHERE name = 'GrandFitness_TEST'), 'THURSDAY', '07:00:00', '22:00:00')
2025-08-01 19:23:50.912 [main] DEBUG liquibase.executor - 1 row(s) affected
2025-08-01 19:23:50.912 [main] INFO  liquibase.changelog - New row inserted into gym_working_hours
2025-08-01 19:23:50.913 [main] DEBUG liquibase.executor - Executing Statement: liquibase.statement.core.InsertStatement@6e9676c2
2025-08-01 19:23:50.914 [main] DEBUG liquibase.executor - INSERT INTO PUBLIC.gym_working_hours (gym_id, day_of_week, start_time, end_time) VALUES ((SELECT id FROM gyms WHERE name = 'GrandFitness_TEST'), 'FRIDAY', '07:00:00', '22:00:00')
2025-08-01 19:23:50.915 [main] DEBUG liquibase.executor - 1 row(s) affected
2025-08-01 19:23:50.916 [main] INFO  liquibase.changelog - New row inserted into gym_working_hours
2025-08-01 19:23:50.916 [main] DEBUG liquibase.executor - Executing Statement: liquibase.statement.core.InsertStatement@32c42f83
2025-08-01 19:23:50.917 [main] DEBUG liquibase.executor - INSERT INTO PUBLIC.gym_working_hours (gym_id, day_of_week, start_time, end_time) VALUES ((SELECT id FROM gyms WHERE name = 'GrandFitness_TEST'), 'SATURDAY', '09:00:00', '19:00:00')
2025-08-01 19:23:50.918 [main] DEBUG liquibase.executor - 1 row(s) affected
2025-08-01 19:23:50.918 [main] INFO  liquibase.changelog - New row inserted into gym_working_hours
2025-08-01 19:23:50.919 [main] DEBUG liquibase.executor - Executing Statement: liquibase.statement.core.InsertStatement@14d80741
2025-08-01 19:23:50.920 [main] DEBUG liquibase.executor - INSERT INTO PUBLIC.gym_working_hours (gym_id, day_of_week, start_time, end_time) VALUES ((SELECT id FROM gyms WHERE name = 'GrandFitness_TEST'), 'SUNDAY', '10:00:00', '17:00:00')
2025-08-01 19:23:50.921 [main] DEBUG liquibase.executor - 1 row(s) affected
2025-08-01 19:23:50.922 [main] INFO  liquibase.changelog - New row inserted into gym_working_hours
2025-08-01 19:23:50.923 [main] DEBUG liquibase.executor - Executing Statement: liquibase.statement.core.InsertStatement@71fc75f0
2025-08-01 19:23:50.924 [main] DEBUG liquibase.executor - INSERT INTO PUBLIC.sports_gyms (gym_id, sport_id) VALUES ((SELECT id FROM gyms WHERE name = 'GrandFitness_TEST'), '1')
2025-08-01 19:23:50.925 [main] DEBUG liquibase.executor - 1 row(s) affected
2025-08-01 19:23:50.925 [main] INFO  liquibase.changelog - New row inserted into sports_gyms
2025-08-01 19:23:50.927 [main] DEBUG liquibase.executor - Executing Statement: liquibase.statement.core.InsertStatement@2c812d6b
2025-08-01 19:23:50.928 [main] DEBUG liquibase.executor - INSERT INTO PUBLIC.addresses (country, city, street, house, is_deleted) VALUES ('Україна', 'Чернігів', 'вул. Київська', '11', 'false')
2025-08-01 19:23:50.929 [main] DEBUG liquibase.executor - 1 row(s) affected
2025-08-01 19:23:50.929 [main] INFO  liquibase.changelog - New row inserted into addresses
2025-08-01 19:23:50.930 [main] DEBUG liquibase.executor - Executing Statement: liquibase.statement.core.InsertStatement@3f2ab74f
2025-08-01 19:23:50.931 [main] DEBUG liquibase.executor - INSERT INTO PUBLIC.gyms (name, address_id, description, website, overall_rating, number_of_reviews, gym_owner_id, is_deleted) VALUES ('EuroSport_TEST', (SELECT id FROM addresses WHERE country = 'Україна' AND city = 'Чернігів' AND street = 'вул. Київська' AND house = '11'), 'Доступний спортивний клуб для всієї родини.', 'http://eurosport.cn.ua', '4.65', '70', (SELECT id FROM gym_owners WHERE first_name = 'Олексій' AND last_name = 'Грищенко_TEST'), 'false')
2025-08-01 19:23:50.932 [main] DEBUG liquibase.executor - 1 row(s) affected
2025-08-01 19:23:50.932 [main] INFO  liquibase.changelog - New row inserted into gyms
2025-08-01 19:23:50.933 [main] DEBUG liquibase.executor - Executing Statement: liquibase.statement.core.InsertStatement@6b1c4de4
2025-08-01 19:23:50.934 [main] DEBUG liquibase.executor - INSERT INTO PUBLIC.gym_phone_numbers (gym_id, phone_numbers) VALUES ((SELECT id FROM gyms WHERE name = 'EuroSport_TEST'), '+38(046)-888-9900')
2025-08-01 19:23:50.934 [main] DEBUG liquibase.executor - 1 row(s) affected
2025-08-01 19:23:50.935 [main] INFO  liquibase.changelog - New row inserted into gym_phone_numbers
2025-08-01 19:23:50.935 [main] DEBUG liquibase.executor - Executing Statement: liquibase.statement.core.InsertStatement@795de682
2025-08-01 19:23:50.936 [main] DEBUG liquibase.executor - INSERT INTO PUBLIC.gym_working_hours (gym_id, day_of_week, start_time, end_time) VALUES ((SELECT id FROM gyms WHERE name = 'EuroSport_TEST'), 'MONDAY', '08:00:00', '22:00:00')
2025-08-01 19:23:50.937 [main] DEBUG liquibase.executor - 1 row(s) affected
2025-08-01 19:23:50.937 [main] INFO  liquibase.changelog - New row inserted into gym_working_hours
2025-08-01 19:23:50.938 [main] DEBUG liquibase.executor - Executing Statement: liquibase.statement.core.InsertStatement@5c1276b7
2025-08-01 19:23:50.939 [main] DEBUG liquibase.executor - INSERT INTO PUBLIC.gym_working_hours (gym_id, day_of_week, start_time, end_time) VALUES ((SELECT id FROM gyms WHERE name = 'EuroSport_TEST'), 'TUESDAY', '08:00:00', '22:00:00')
2025-08-01 19:23:50.940 [main] DEBUG liquibase.executor - 1 row(s) affected
2025-08-01 19:23:50.940 [main] INFO  liquibase.changelog - New row inserted into gym_working_hours
2025-08-01 19:23:50.941 [main] DEBUG liquibase.executor - Executing Statement: liquibase.statement.core.InsertStatement@366832b5
2025-08-01 19:23:50.942 [main] DEBUG liquibase.executor - INSERT INTO PUBLIC.gym_working_hours (gym_id, day_of_week, start_time, end_time) VALUES ((SELECT id FROM gyms WHERE name = 'EuroSport_TEST'), 'WEDNESDAY', '08:00:00', '22:00:00')
2025-08-01 19:23:50.943 [main] DEBUG liquibase.executor - 1 row(s) affected
2025-08-01 19:23:50.943 [main] INFO  liquibase.changelog - New row inserted into gym_working_hours
2025-08-01 19:23:50.944 [main] DEBUG liquibase.executor - Executing Statement: liquibase.statement.core.InsertStatement@3f922af1
2025-08-01 19:23:50.945 [main] DEBUG liquibase.executor - INSERT INTO PUBLIC.gym_working_hours (gym_id, day_of_week, start_time, end_time) VALUES ((SELECT id FROM gyms WHERE name = 'EuroSport_TEST'), 'THURSDAY', '08:00:00', '22:00:00')
2025-08-01 19:23:50.946 [main] DEBUG liquibase.executor - 1 row(s) affected
2025-08-01 19:23:50.946 [main] INFO  liquibase.changelog - New row inserted into gym_working_hours
2025-08-01 19:23:50.947 [main] DEBUG liquibase.executor - Executing Statement: liquibase.statement.core.InsertStatement@296da277
2025-08-01 19:23:50.947 [main] DEBUG liquibase.executor - INSERT INTO PUBLIC.gym_working_hours (gym_id, day_of_week, start_time, end_time) VALUES ((SELECT id FROM gyms WHERE name = 'EuroSport_TEST'), 'FRIDAY', '08:00:00', '22:00:00')
2025-08-01 19:23:50.948 [main] DEBUG liquibase.executor - 1 row(s) affected
2025-08-01 19:23:50.949 [main] INFO  liquibase.changelog - New row inserted into gym_working_hours
2025-08-01 19:23:50.949 [main] DEBUG liquibase.executor - Executing Statement: liquibase.statement.core.InsertStatement@6685ce23
2025-08-01 19:23:50.950 [main] DEBUG liquibase.executor - INSERT INTO PUBLIC.gym_working_hours (gym_id, day_of_week, start_time, end_time) VALUES ((SELECT id FROM gyms WHERE name = 'EuroSport_TEST'), 'SATURDAY', '09:00:00', '17:00:00')
2025-08-01 19:23:50.951 [main] DEBUG liquibase.executor - 1 row(s) affected
2025-08-01 19:23:50.951 [main] INFO  liquibase.changelog - New row inserted into gym_working_hours
2025-08-01 19:23:50.952 [main] DEBUG liquibase.executor - Executing Statement: liquibase.statement.core.InsertStatement@110fa5dc
2025-08-01 19:23:50.953 [main] DEBUG liquibase.executor - INSERT INTO PUBLIC.sports_gyms (gym_id, sport_id) VALUES ((SELECT id FROM gyms WHERE name = 'EuroSport_TEST'), '6')
2025-08-01 19:23:50.953 [main] DEBUG liquibase.executor - 1 row(s) affected
2025-08-01 19:23:50.954 [main] INFO  liquibase.changelog - New row inserted into sports_gyms
2025-08-01 19:23:50.954 [main] DEBUG liquibase.executor - Executing Statement: liquibase.statement.core.InsertStatement@3fe4c0ae
2025-08-01 19:23:50.955 [main] DEBUG liquibase.executor - INSERT INTO PUBLIC.sports_gyms (gym_id, sport_id) VALUES ((SELECT id FROM gyms WHERE name = 'EuroSport_TEST'), '7')
2025-08-01 19:23:50.956 [main] DEBUG liquibase.executor - 1 row(s) affected
2025-08-01 19:23:50.956 [main] INFO  liquibase.changelog - New row inserted into sports_gyms
2025-08-01 19:23:50.957 [main] DEBUG liquibase.executor - Executing Statement: liquibase.statement.core.InsertStatement@7bdea33f
2025-08-01 19:23:50.958 [main] DEBUG liquibase.executor - INSERT INTO PUBLIC.sports_gyms (gym_id, sport_id) VALUES ((SELECT id FROM gyms WHERE name = 'EuroSport_TEST'), '1')
2025-08-01 19:23:50.958 [main] DEBUG liquibase.executor - 1 row(s) affected
2025-08-01 19:23:50.959 [main] INFO  liquibase.changelog - New row inserted into sports_gyms
2025-08-01 19:23:50.960 [main] DEBUG liquibase.executor - Executing Statement: liquibase.statement.core.InsertStatement@33628eb1
2025-08-01 19:23:50.961 [main] DEBUG liquibase.executor - INSERT INTO PUBLIC.addresses (country, city, street, house, is_deleted) VALUES ('Україна', 'Полтава', 'вул. Соборності', '33', 'false')
2025-08-01 19:23:50.962 [main] DEBUG liquibase.executor - 1 row(s) affected
2025-08-01 19:23:50.962 [main] INFO  liquibase.changelog - New row inserted into addresses
2025-08-01 19:23:50.963 [main] DEBUG liquibase.executor - Executing Statement: liquibase.statement.core.InsertStatement@5f2fec44
2025-08-01 19:23:50.964 [main] DEBUG liquibase.executor - INSERT INTO PUBLIC.gyms (name, address_id, description, website, overall_rating, number_of_reviews, gym_owner_id, is_deleted) VALUES ('Олімп_TEST', (SELECT id FROM addresses WHERE country = 'Україна' AND city = 'Полтава' AND street = 'вул. Соборності' AND house = '33'), 'Спортивний комплекс з великим басейном та сучасними тренажерами.', 'http://olimp.pl.ua', '4.56', '105', (SELECT id FROM gym_owners WHERE first_name = 'Олексій' AND last_name = 'Грищенко_TEST'), 'false')
2025-08-01 19:23:50.965 [main] DEBUG liquibase.executor - 1 row(s) affected
2025-08-01 19:23:50.965 [main] INFO  liquibase.changelog - New row inserted into gyms
2025-08-01 19:23:50.966 [main] DEBUG liquibase.executor - Executing Statement: liquibase.statement.core.InsertStatement@46d7b6bf
2025-08-01 19:23:50.967 [main] DEBUG liquibase.executor - INSERT INTO PUBLIC.gym_phone_numbers (gym_id, phone_numbers) VALUES ((SELECT id FROM gyms WHERE name = 'Олімп_TEST'), '+38(053)-999-0011')
2025-08-01 19:23:50.968 [main] DEBUG liquibase.executor - 1 row(s) affected
2025-08-01 19:23:50.968 [main] INFO  liquibase.changelog - New row inserted into gym_phone_numbers
2025-08-01 19:23:50.969 [main] DEBUG liquibase.executor - Executing Statement: liquibase.statement.core.InsertStatement@489e2201
2025-08-01 19:23:50.970 [main] DEBUG liquibase.executor - INSERT INTO PUBLIC.gym_working_hours (gym_id, day_of_week, start_time, end_time) VALUES ((SELECT id FROM gyms WHERE name = 'Олімп_TEST'), 'MONDAY', '06:30:00', '22:30:00')
2025-08-01 19:23:50.971 [main] DEBUG liquibase.executor - 1 row(s) affected
2025-08-01 19:23:50.971 [main] INFO  liquibase.changelog - New row inserted into gym_working_hours
2025-08-01 19:23:50.972 [main] DEBUG liquibase.executor - Executing Statement: liquibase.statement.core.InsertStatement@6fae2aa5
2025-08-01 19:23:50.973 [main] DEBUG liquibase.executor - INSERT INTO PUBLIC.gym_working_hours (gym_id, day_of_week, start_time, end_time) VALUES ((SELECT id FROM gyms WHERE name = 'Олімп_TEST'), 'TUESDAY', '06:30:00', '22:30:00')
2025-08-01 19:23:50.974 [main] DEBUG liquibase.executor - 1 row(s) affected
2025-08-01 19:23:50.974 [main] INFO  liquibase.changelog - New row inserted into gym_working_hours
2025-08-01 19:23:50.975 [main] DEBUG liquibase.executor - Executing Statement: liquibase.statement.core.InsertStatement@4fc3b6d8
2025-08-01 19:23:50.976 [main] DEBUG liquibase.executor - INSERT INTO PUBLIC.gym_working_hours (gym_id, day_of_week, start_time, end_time) VALUES ((SELECT id FROM gyms WHERE name = 'Олімп_TEST'), 'WEDNESDAY', '06:30:00', '22:30:00')
2025-08-01 19:23:50.977 [main] DEBUG liquibase.executor - 1 row(s) affected
2025-08-01 19:23:50.977 [main] INFO  liquibase.changelog - New row inserted into gym_working_hours
2025-08-01 19:23:50.978 [main] DEBUG liquibase.executor - Executing Statement: liquibase.statement.core.InsertStatement@345a83d1
2025-08-01 19:23:50.979 [main] DEBUG liquibase.executor - INSERT INTO PUBLIC.gym_working_hours (gym_id, day_of_week, start_time, end_time) VALUES ((SELECT id FROM gyms WHERE name = 'Олімп_TEST'), 'THURSDAY', '06:30:00', '22:30:00')
2025-08-01 19:23:50.980 [main] DEBUG liquibase.executor - 1 row(s) affected
2025-08-01 19:23:50.980 [main] INFO  liquibase.changelog - New row inserted into gym_working_hours
2025-08-01 19:23:50.981 [main] DEBUG liquibase.executor - Executing Statement: liquibase.statement.core.InsertStatement@ded2171
2025-08-01 19:23:50.982 [main] DEBUG liquibase.executor - INSERT INTO PUBLIC.gym_working_hours (gym_id, day_of_week, start_time, end_time) VALUES ((SELECT id FROM gyms WHERE name = 'Олімп_TEST'), 'FRIDAY', '06:30:00', '22:30:00')
2025-08-01 19:23:50.982 [main] DEBUG liquibase.executor - 1 row(s) affected
2025-08-01 19:23:50.983 [main] INFO  liquibase.changelog - New row inserted into gym_working_hours
2025-08-01 19:23:50.983 [main] DEBUG liquibase.executor - Executing Statement: liquibase.statement.core.InsertStatement@1388d96b
2025-08-01 19:23:50.984 [main] DEBUG liquibase.executor - INSERT INTO PUBLIC.gym_working_hours (gym_id, day_of_week, start_time, end_time) VALUES ((SELECT id FROM gyms WHERE name = 'Олімп_TEST'), 'SATURDAY', '08:00:00', '19:00:00')
2025-08-01 19:23:50.985 [main] DEBUG liquibase.executor - 1 row(s) affected
2025-08-01 19:23:50.985 [main] INFO  liquibase.changelog - New row inserted into gym_working_hours
2025-08-01 19:23:50.986 [main] DEBUG liquibase.executor - Executing Statement: liquibase.statement.core.InsertStatement@412fc8b4
2025-08-01 19:23:50.987 [main] DEBUG liquibase.executor - INSERT INTO PUBLIC.gym_working_hours (gym_id, day_of_week, start_time, end_time) VALUES ((SELECT id FROM gyms WHERE name = 'Олімп_TEST'), 'SUNDAY', '08:00:00', '17:00:00')
2025-08-01 19:23:50.987 [main] DEBUG liquibase.executor - 1 row(s) affected
2025-08-01 19:23:50.987 [main] INFO  liquibase.changelog - New row inserted into gym_working_hours
2025-08-01 19:23:50.988 [main] DEBUG liquibase.executor - Executing Statement: liquibase.statement.core.InsertStatement@218b8f4b
2025-08-01 19:23:50.989 [main] DEBUG liquibase.executor - INSERT INTO PUBLIC.sports_gyms (gym_id, sport_id) VALUES ((SELECT id FROM gyms WHERE name = 'Олімп_TEST'), '2')
2025-08-01 19:23:50.989 [main] DEBUG liquibase.executor - 1 row(s) affected
2025-08-01 19:23:50.990 [main] INFO  liquibase.changelog - New row inserted into sports_gyms
2025-08-01 19:23:50.990 [main] DEBUG liquibase.executor - Executing Statement: liquibase.statement.core.InsertStatement@4509d4a2
2025-08-01 19:23:50.991 [main] DEBUG liquibase.executor - INSERT INTO PUBLIC.sports_gyms (gym_id, sport_id) VALUES ((SELECT id FROM gyms WHERE name = 'Олімп_TEST'), '12')
2025-08-01 19:23:50.992 [main] DEBUG liquibase.executor - 1 row(s) affected
2025-08-01 19:23:50.992 [main] INFO  liquibase.changelog - New row inserted into sports_gyms
2025-08-01 19:23:50.993 [main] DEBUG liquibase.executor - Executing Statement: liquibase.statement.core.InsertStatement@109f0ee9
2025-08-01 19:23:50.994 [main] DEBUG liquibase.executor - INSERT INTO PUBLIC.sports_gyms (gym_id, sport_id) VALUES ((SELECT id FROM gyms WHERE name = 'Олімп_TEST'), '1')
2025-08-01 19:23:50.994 [main] DEBUG liquibase.executor - 1 row(s) affected
2025-08-01 19:23:50.995 [main] INFO  liquibase.changelog - New row inserted into sports_gyms
2025-08-01 19:23:50.996 [main] DEBUG liquibase.executor - Executing Statement: liquibase.statement.core.InsertStatement@2fca0e26
2025-08-01 19:23:50.996 [main] DEBUG liquibase.executor - INSERT INTO PUBLIC.addresses (country, city, street, house, is_deleted) VALUES ('Україна', 'Черкаси', 'бульв. Шевченка', '130', 'false')
2025-08-01 19:23:50.997 [main] DEBUG liquibase.executor - 1 row(s) affected
2025-08-01 19:23:50.997 [main] INFO  liquibase.changelog - New row inserted into addresses
2025-08-01 19:23:50.998 [main] DEBUG liquibase.executor - Executing Statement: liquibase.statement.core.InsertStatement@52c62d43
2025-08-01 19:23:50.999 [main] DEBUG liquibase.executor - INSERT INTO PUBLIC.gyms (name, address_id, description, website, overall_rating, number_of_reviews, gym_owner_id, is_deleted) VALUES ('Формула_TEST', (SELECT id FROM addresses WHERE country = 'Україна' AND city = 'Черкаси' AND street = 'бульв. Шевченка' AND house = '130'), 'Великий вибір кардіо- та силових тренажерів.', 'http://formula.ck.ua', '4.7', '95', (SELECT id FROM gym_owners WHERE first_name = 'Олексій' AND last_name = 'Грищенко_TEST'), 'false')
2025-08-01 19:23:51.000 [main] DEBUG liquibase.executor - 1 row(s) affected
2025-08-01 19:23:51.000 [main] INFO  liquibase.changelog - New row inserted into gyms
2025-08-01 19:23:51.001 [main] DEBUG liquibase.executor - Executing Statement: liquibase.statement.core.InsertStatement@59e15f7d
2025-08-01 19:23:51.002 [main] DEBUG liquibase.executor - INSERT INTO PUBLIC.gym_phone_numbers (gym_id, phone_numbers) VALUES ((SELECT id FROM gyms WHERE name = 'Формула_TEST'), '+38(047)-123-4567')
2025-08-01 19:23:51.002 [main] DEBUG liquibase.executor - 1 row(s) affected
2025-08-01 19:23:51.003 [main] INFO  liquibase.changelog - New row inserted into gym_phone_numbers
2025-08-01 19:23:51.003 [main] DEBUG liquibase.executor - Executing Statement: liquibase.statement.core.InsertStatement@31e1faee
2025-08-01 19:23:51.004 [main] DEBUG liquibase.executor - INSERT INTO PUBLIC.gym_working_hours (gym_id, day_of_week, start_time, end_time) VALUES ((SELECT id FROM gyms WHERE name = 'Формула_TEST'), 'MONDAY', '07:00:00', '22:00:00')
2025-08-01 19:23:51.005 [main] DEBUG liquibase.executor - 1 row(s) affected
2025-08-01 19:23:51.005 [main] INFO  liquibase.changelog - New row inserted into gym_working_hours
2025-08-01 19:23:51.006 [main] DEBUG liquibase.executor - Executing Statement: liquibase.statement.core.InsertStatement@4e2569ca
2025-08-01 19:23:51.007 [main] DEBUG liquibase.executor - INSERT INTO PUBLIC.gym_working_hours (gym_id, day_of_week, start_time, end_time) VALUES ((SELECT id FROM gyms WHERE name = 'Формула_TEST'), 'TUESDAY', '07:00:00', '22:00:00')
2025-08-01 19:23:51.007 [main] DEBUG liquibase.executor - 1 row(s) affected
2025-08-01 19:23:51.008 [main] INFO  liquibase.changelog - New row inserted into gym_working_hours
2025-08-01 19:23:51.009 [main] DEBUG liquibase.executor - Executing Statement: liquibase.statement.core.InsertStatement@2d6ae978
2025-08-01 19:23:51.009 [main] DEBUG liquibase.executor - INSERT INTO PUBLIC.gym_working_hours (gym_id, day_of_week, start_time, end_time) VALUES ((SELECT id FROM gyms WHERE name = 'Формула_TEST'), 'WEDNESDAY', '07:00:00', '22:00:00')
2025-08-01 19:23:51.010 [main] DEBUG liquibase.executor - 1 row(s) affected
2025-08-01 19:23:51.010 [main] INFO  liquibase.changelog - New row inserted into gym_working_hours
2025-08-01 19:23:51.011 [main] DEBUG liquibase.executor - Executing Statement: liquibase.statement.core.InsertStatement@7e23411f
2025-08-01 19:23:51.012 [main] DEBUG liquibase.executor - INSERT INTO PUBLIC.gym_working_hours (gym_id, day_of_week, start_time, end_time) VALUES ((SELECT id FROM gyms WHERE name = 'Формула_TEST'), 'THURSDAY', '07:00:00', '22:00:00')
2025-08-01 19:23:51.012 [main] DEBUG liquibase.executor - 1 row(s) affected
2025-08-01 19:23:51.013 [main] INFO  liquibase.changelog - New row inserted into gym_working_hours
2025-08-01 19:23:51.013 [main] DEBUG liquibase.executor - Executing Statement: liquibase.statement.core.InsertStatement@40abf2bf
2025-08-01 19:23:51.014 [main] DEBUG liquibase.executor - INSERT INTO PUBLIC.gym_working_hours (gym_id, day_of_week, start_time, end_time) VALUES ((SELECT id FROM gyms WHERE name = 'Формула_TEST'), 'FRIDAY', '07:00:00', '22:00:00')
2025-08-01 19:23:51.015 [main] DEBUG liquibase.executor - 1 row(s) affected
2025-08-01 19:23:51.015 [main] INFO  liquibase.changelog - New row inserted into gym_working_hours
2025-08-01 19:23:51.016 [main] DEBUG liquibase.executor - Executing Statement: liquibase.statement.core.InsertStatement@2525b859
2025-08-01 19:23:51.017 [main] DEBUG liquibase.executor - INSERT INTO PUBLIC.gym_working_hours (gym_id, day_of_week, start_time, end_time) VALUES ((SELECT id FROM gyms WHERE name = 'Формула_TEST'), 'SATURDAY', '09:00:00', '18:00:00')
2025-08-01 19:23:51.018 [main] DEBUG liquibase.executor - 1 row(s) affected
2025-08-01 19:23:51.018 [main] INFO  liquibase.changelog - New row inserted into gym_working_hours
2025-08-01 19:23:51.019 [main] DEBUG liquibase.executor - Executing Statement: liquibase.statement.core.InsertStatement@5f7eb4ac
2025-08-01 19:23:51.019 [main] DEBUG liquibase.executor - INSERT INTO PUBLIC.gym_working_hours (gym_id, day_of_week, start_time, end_time) VALUES ((SELECT id FROM gyms WHERE name = 'Формула_TEST'), 'SUNDAY', '09:00:00', '16:00:00')
2025-08-01 19:23:51.020 [main] DEBUG liquibase.executor - 1 row(s) affected
2025-08-01 19:23:51.020 [main] INFO  liquibase.changelog - New row inserted into gym_working_hours
2025-08-01 19:23:51.021 [main] DEBUG liquibase.executor - Executing Statement: liquibase.statement.core.InsertStatement@3b312de5
2025-08-01 19:23:51.022 [main] DEBUG liquibase.executor - INSERT INTO PUBLIC.sports_gyms (gym_id, sport_id) VALUES ((SELECT id FROM gyms WHERE name = 'Формула_TEST'), '7')
2025-08-01 19:23:51.022 [main] DEBUG liquibase.executor - 1 row(s) affected
2025-08-01 19:23:51.023 [main] INFO  liquibase.changelog - New row inserted into sports_gyms
2025-08-01 19:23:51.023 [main] DEBUG liquibase.executor - Executing Statement: liquibase.statement.core.InsertStatement@24901e36
2025-08-01 19:23:51.024 [main] DEBUG liquibase.executor - INSERT INTO PUBLIC.sports_gyms (gym_id, sport_id) VALUES ((SELECT id FROM gyms WHERE name = 'Формула_TEST'), '13')
2025-08-01 19:23:51.025 [main] DEBUG liquibase.executor - 1 row(s) affected
2025-08-01 19:23:51.025 [main] INFO  liquibase.changelog - New row inserted into sports_gyms
2025-08-01 19:23:51.026 [main] DEBUG liquibase.executor - Executing Statement: liquibase.statement.core.InsertStatement@2c7f9d8d
2025-08-01 19:23:51.026 [main] DEBUG liquibase.executor - INSERT INTO PUBLIC.sports_gyms (gym_id, sport_id) VALUES ((SELECT id FROM gyms WHERE name = 'Формула_TEST'), '1')
2025-08-01 19:23:51.027 [main] DEBUG liquibase.executor - 1 row(s) affected
2025-08-01 19:23:51.027 [main] INFO  liquibase.changelog - New row inserted into sports_gyms
2025-08-01 19:23:51.029 [main] INFO  liquibase.changelog - ChangeSet db.changelog/changes/28-insert-gym-owner-and-gyms.yaml::28-insert-gym-owner-and-gyms::bohdan-s ran successfully in 437ms
2025-08-01 19:23:51.031 [main] DEBUG liquibase.executor - INSERT INTO PUBLIC.DATABASECHANGELOG (ID, AUTHOR, FILENAME, DATEEXECUTED, ORDEREXECUTED, MD5SUM, DESCRIPTION, COMMENTS, EXECTYPE, CONTEXTS, LABELS, LIQUIBASE, DEPLOYMENT_ID) VALUES ('28-insert-gym-owner-and-gyms', 'bohdan-s', 'db.changelog/changes/28-insert-gym-owner-and-gyms.yaml', NOW(), 28, '9:9aa04e5c8383a863279f20c1feea129e', 'insert tableName=user_credentials; insert tableName=user_credentials_roles; insert tableName=gym_owners; insert tableName=gym_owner_phone_numbers; insert tableName=addresses; insert tableName=gyms; insert tableName=gym_phone_numbers; insert tableN...', '', 'EXECUTED', NULL, NULL, '4.29.2', '4076229319')
2025-08-01 19:23:51.031 [main] DEBUG liquibase.executor - 1 row(s) affected
2025-08-01 19:23:51.032 [main] DEBUG liquibase.executor - Changelog query completed.
2025-08-01 19:23:51.034 [main] INFO  liquibase.util - UPDATE SUMMARY
2025-08-01 19:23:51.034 [main] INFO  liquibase.util - Run:                         28
2025-08-01 19:23:51.035 [main] INFO  liquibase.util - Previously run:               0
2025-08-01 19:23:51.035 [main] INFO  liquibase.util - Filtered out:                 0
2025-08-01 19:23:51.035 [main] INFO  liquibase.util - -------------------------------
2025-08-01 19:23:51.036 [main] INFO  liquibase.util - Total change sets:           28
2025-08-01 19:23:51.036 [main] INFO  liquibase.util - Update summary generated
2025-08-01 19:23:51.037 [main] INFO  liquibase.command - Update command completed successfully.
2025-08-01 19:23:51.037 [main] INFO  liquibase.ui - Liquibase: Update has been successful. Rows affected: 255
2025-08-01 19:23:51.038 [main] DEBUG liquibase.executor - Release Database Lock
2025-08-01 19:23:51.039 [main] DEBUG liquibase.executor - Changelog query completed.
2025-08-01 19:23:51.040 [main] INFO  liquibase.lockservice - Successfully released change log lock
2025-08-01 19:23:51.041 [main] INFO  liquibase.command - Command execution complete
2025-08-01 19:23:51.049 [main] DEBUG org.springframework.beans.factory.support.DefaultListableBeanFactory - Creating shared instance of singleton bean 'dataSourceScriptDatabaseInitializer'
2025-08-01 19:23:51.050 [main] DEBUG org.springframework.beans.factory.support.DefaultListableBeanFactory - Creating shared instance of singleton bean 'org.springframework.boot.autoconfigure.sql.init.DataSourceInitializationConfiguration'
2025-08-01 19:23:51.056 [main] DEBUG org.springframework.beans.factory.support.DefaultListableBeanFactory - Creating shared instance of singleton bean 'spring.sql.init-org.springframework.boot.autoconfigure.sql.init.SqlInitializationProperties'
2025-08-01 19:23:51.065 [main] DEBUG org.springframework.beans.factory.support.DefaultListableBeanFactory - Autowiring by type from bean name 'dataSourceScriptDatabaseInitializer' via factory method to bean named 'dataSource'
2025-08-01 19:23:51.065 [main] DEBUG org.springframework.beans.factory.support.DefaultListableBeanFactory - Autowiring by type from bean name 'dataSourceScriptDatabaseInitializer' via factory method to bean named 'spring.sql.init-org.springframework.boot.autoconfigure.sql.init.SqlInitializationProperties'
2025-08-01 19:23:51.091 [main] DEBUG org.springframework.beans.factory.support.DefaultListableBeanFactory - Creating shared instance of singleton bean 'entityManagerFactory'
2025-08-01 19:23:51.091 [main] DEBUG org.springframework.beans.factory.support.DefaultListableBeanFactory - Creating shared instance of singleton bean 'org.springframework.boot.autoconfigure.orm.jpa.HibernateJpaConfiguration'
2025-08-01 19:23:51.093 [main] DEBUG org.springframework.beans.factory.support.DefaultListableBeanFactory - Creating shared instance of singleton bean 'spring.jpa-org.springframework.boot.autoconfigure.orm.jpa.JpaProperties'
2025-08-01 19:23:51.105 [main] DEBUG org.springframework.beans.factory.support.DefaultListableBeanFactory - Creating shared instance of singleton bean 'spring.jpa.hibernate-org.springframework.boot.autoconfigure.orm.jpa.HibernateProperties'
2025-08-01 19:23:51.112 [main] DEBUG org.springframework.beans.factory.support.DefaultListableBeanFactory - Autowiring by type from bean name 'org.springframework.boot.autoconfigure.orm.jpa.HibernateJpaConfiguration' via constructor to bean named 'dataSource'
2025-08-01 19:23:51.113 [main] DEBUG org.springframework.beans.factory.support.DefaultListableBeanFactory - Autowiring by type from bean name 'org.springframework.boot.autoconfigure.orm.jpa.HibernateJpaConfiguration' via constructor to bean named 'spring.jpa-org.springframework.boot.autoconfigure.orm.jpa.JpaProperties'
2025-08-01 19:23:51.114 [main] DEBUG org.springframework.beans.factory.support.DefaultListableBeanFactory - Autowiring by type from bean name 'org.springframework.boot.autoconfigure.orm.jpa.HibernateJpaConfiguration' via constructor to bean named 'org.springframework.beans.factory.support.DefaultListableBeanFactory@37ec2f46'
2025-08-01 19:23:51.114 [main] DEBUG org.springframework.beans.factory.support.DefaultListableBeanFactory - Autowiring by type from bean name 'org.springframework.boot.autoconfigure.orm.jpa.HibernateJpaConfiguration' via constructor to bean named 'spring.jpa.hibernate-org.springframework.boot.autoconfigure.orm.jpa.HibernateProperties'
2025-08-01 19:23:51.118 [main] DEBUG org.springframework.beans.factory.support.DefaultListableBeanFactory - Creating shared instance of singleton bean 'hikariPoolDataSourceMetadataProvider'
2025-08-01 19:23:51.118 [main] DEBUG org.springframework.beans.factory.support.DefaultListableBeanFactory - Creating shared instance of singleton bean 'org.springframework.boot.autoconfigure.jdbc.metadata.DataSourcePoolMetadataProvidersConfiguration$HikariPoolDataSourceMetadataProviderConfiguration'
2025-08-01 19:23:51.159 [main] DEBUG org.springframework.beans.factory.support.DefaultListableBeanFactory - Creating shared instance of singleton bean 'entityManagerFactoryBuilder'
2025-08-01 19:23:51.160 [main] DEBUG org.springframework.beans.factory.support.DefaultListableBeanFactory - Creating shared instance of singleton bean 'jpaVendorAdapter'
2025-08-01 19:23:51.173 [main] DEBUG org.springframework.beans.factory.support.DefaultListableBeanFactory - Autowiring by type from bean name 'entityManagerFactoryBuilder' via factory method to bean named 'jpaVendorAdapter'
2025-08-01 19:23:51.174 [main] DEBUG org.springframework.jdbc.datasource.DataSourceUtils - Fetching JDBC Connection from DataSource
2025-08-01 19:23:51.178 [main] DEBUG org.springframework.beans.factory.support.DefaultListableBeanFactory - Creating shared instance of singleton bean 'liquibaseDefaultDdlModeProvider'
2025-08-01 19:23:51.179 [main] DEBUG org.springframework.beans.factory.support.DefaultListableBeanFactory - Creating shared instance of singleton bean 'org.springframework.boot.autoconfigure.liquibase.LiquibaseAutoConfiguration'
2025-08-01 19:23:51.200 [main] DEBUG org.springframework.beans.factory.support.DefaultListableBeanFactory - Creating shared instance of singleton bean 'persistenceManagedTypes'
2025-08-01 19:23:51.202 [main] DEBUG org.springframework.beans.factory.support.DefaultListableBeanFactory - Autowiring by type from bean name 'persistenceManagedTypes' via factory method to bean named 'org.springframework.beans.factory.support.DefaultListableBeanFactory@37ec2f46'
2025-08-01 19:23:51.203 [main] DEBUG org.springframework.beans.factory.support.DefaultListableBeanFactory - Autowiring by type from bean name 'persistenceManagedTypes' via factory method to bean named 'org.springframework.web.context.support.GenericWebApplicationContext@3a5800c5'
2025-08-01 19:23:51.720 [main] DEBUG org.springframework.beans.factory.support.DefaultListableBeanFactory - Autowiring by type from bean name 'entityManagerFactory' via factory method to bean named 'entityManagerFactoryBuilder'
2025-08-01 19:23:51.720 [main] DEBUG org.springframework.beans.factory.support.DefaultListableBeanFactory - Autowiring by type from bean name 'entityManagerFactory' via factory method to bean named 'persistenceManagedTypes'
2025-08-01 19:23:51.729 [main] DEBUG org.springframework.orm.jpa.LocalContainerEntityManagerFactoryBean - Building JPA container EntityManagerFactory for persistence unit 'default'
2025-08-01 19:23:51.730 [main] DEBUG org.hibernate.jpa.internal.util.LogHelper - PersistenceUnitInfo [
	name: default
	persistence provider classname: null
	classloader: jdk.internal.loader.ClassLoaders$AppClassLoader@30946e09
	excludeUnlistedClasses: true
	JTA datasource: null
	Non JTA datasource: HikariDataSource (HikariPool-2)
	Transaction type: RESOURCE_LOCAL
	PU root URL: file:/mnt/c/Users/Bohdan-Dymydiuk/projects/com-projects/train-up/backend/target/test-classes/
	Shared Cache Mode: UNSPECIFIED
	Validation Mode: AUTO
	Jar files URLs []
	Managed classes names [
		com.example.trainup.model.Address
		com.example.trainup.model.Event
		com.example.trainup.model.Gym
		com.example.trainup.model.GymPhoto
		com.example.trainup.model.Review
		com.example.trainup.model.Role
		com.example.trainup.model.Sport
		com.example.trainup.model.WorkingHoursEntry
		com.example.trainup.model.user.Admin
		com.example.trainup.model.user.Athlete
		com.example.trainup.model.user.BaseUser
		com.example.trainup.model.user.GymOwner
		com.example.trainup.model.user.Trainer
		com.example.trainup.model.user.UserCredentials]
	Mapping files names []
	Properties []
2025-08-01 19:23:51.730 [main] DEBUG org.hibernate.integrator.internal.IntegratorServiceImpl - Adding Integrator [org.hibernate.boot.beanvalidation.BeanValidationIntegrator].
2025-08-01 19:23:51.731 [main] DEBUG org.hibernate.integrator.internal.IntegratorServiceImpl - Adding Integrator [org.hibernate.cache.internal.CollectionCacheInvalidator].
2025-08-01 19:23:51.820 [main] DEBUG org.hibernate.orm.idgen.factory - Registering IdentifierGenerator strategy [uuid2] -> [org.hibernate.id.UUIDGenerator]
2025-08-01 19:23:51.821 [main] DEBUG org.hibernate.orm.idgen.factory - Registering IdentifierGenerator strategy [guid] -> [org.hibernate.id.GUIDGenerator]
2025-08-01 19:23:51.821 [main] DEBUG org.hibernate.orm.idgen.factory - Registering IdentifierGenerator strategy [uuid] -> [org.hibernate.id.UUIDHexGenerator]
2025-08-01 19:23:51.822 [main] DEBUG org.hibernate.orm.idgen.factory - Registering IdentifierGenerator strategy [uuid.hex] -> [org.hibernate.id.UUIDHexGenerator]
2025-08-01 19:23:51.822 [main] DEBUG org.hibernate.orm.idgen.factory - Registering IdentifierGenerator strategy [assigned] -> [org.hibernate.id.Assigned]
2025-08-01 19:23:51.822 [main] DEBUG org.hibernate.orm.idgen.factory - Registering IdentifierGenerator strategy [identity] -> [org.hibernate.id.IdentityGenerator]
2025-08-01 19:23:51.823 [main] DEBUG org.hibernate.orm.idgen.factory - Registering IdentifierGenerator strategy [select] -> [org.hibernate.id.SelectGenerator]
2025-08-01 19:23:51.823 [main] DEBUG org.hibernate.orm.idgen.factory - Registering IdentifierGenerator strategy [sequence] -> [org.hibernate.id.enhanced.SequenceStyleGenerator]
2025-08-01 19:23:51.824 [main] DEBUG org.hibernate.orm.idgen.factory - Registering IdentifierGenerator strategy [increment] -> [org.hibernate.id.IncrementGenerator]
2025-08-01 19:23:51.824 [main] DEBUG org.hibernate.orm.idgen.factory - Registering IdentifierGenerator strategy [foreign] -> [org.hibernate.id.ForeignGenerator]
2025-08-01 19:23:51.825 [main] DEBUG org.hibernate.orm.idgen.factory - Registering IdentifierGenerator strategy [enhanced-sequence] -> [org.hibernate.id.enhanced.SequenceStyleGenerator]
2025-08-01 19:23:51.825 [main] DEBUG org.hibernate.orm.idgen.factory - Registering IdentifierGenerator strategy [enhanced-table] -> [org.hibernate.id.enhanced.TableGenerator]
2025-08-01 19:23:51.826 [main] DEBUG org.hibernate.cache.internal.RegionFactoryInitiator - Cannot default RegionFactory based on registered strategies as `[]` RegionFactory strategies were registered
2025-08-01 19:23:51.827 [main] INFO  org.hibernate.cache.internal.RegionFactoryInitiator - HHH000026: Second-level cache disabled
2025-08-01 19:23:51.828 [main] DEBUG org.hibernate.type.BasicTypeRegistry - Adding type registration boolean -> org.hibernate.type.BasicTypeReference@67e3839b
2025-08-01 19:23:51.828 [main] DEBUG org.hibernate.type.BasicTypeRegistry - Adding type registration boolean -> org.hibernate.type.BasicTypeReference@67e3839b
2025-08-01 19:23:51.828 [main] DEBUG org.hibernate.type.BasicTypeRegistry - Adding type registration java.lang.Boolean -> org.hibernate.type.BasicTypeReference@67e3839b
2025-08-01 19:23:51.829 [main] DEBUG org.hibernate.type.BasicTypeRegistry - Adding type registration numeric_boolean -> org.hibernate.type.BasicTypeReference@7e04af28
2025-08-01 19:23:51.829 [main] DEBUG org.hibernate.type.BasicTypeRegistry - Adding type registration org.hibernate.type.NumericBooleanConverter -> org.hibernate.type.BasicTypeReference@7e04af28
2025-08-01 19:23:51.830 [main] DEBUG org.hibernate.type.BasicTypeRegistry - Adding type registration true_false -> org.hibernate.type.BasicTypeReference@b78dcdf
2025-08-01 19:23:51.830 [main] DEBUG org.hibernate.type.BasicTypeRegistry - Adding type registration org.hibernate.type.TrueFalseConverter -> org.hibernate.type.BasicTypeReference@b78dcdf
2025-08-01 19:23:51.831 [main] DEBUG org.hibernate.type.BasicTypeRegistry - Adding type registration yes_no -> org.hibernate.type.BasicTypeReference@183ab40f
2025-08-01 19:23:51.831 [main] DEBUG org.hibernate.type.BasicTypeRegistry - Adding type registration org.hibernate.type.YesNoConverter -> org.hibernate.type.BasicTypeReference@183ab40f
2025-08-01 19:23:51.831 [main] DEBUG org.hibernate.type.BasicTypeRegistry - Adding type registration byte -> org.hibernate.type.BasicTypeReference@63be03c8
2025-08-01 19:23:51.832 [main] DEBUG org.hibernate.type.BasicTypeRegistry - Adding type registration byte -> org.hibernate.type.BasicTypeReference@63be03c8
2025-08-01 19:23:51.832 [main] DEBUG org.hibernate.type.BasicTypeRegistry - Adding type registration java.lang.Byte -> org.hibernate.type.BasicTypeReference@63be03c8
2025-08-01 19:23:51.833 [main] DEBUG org.hibernate.type.BasicTypeRegistry - Adding type registration binary -> org.hibernate.type.BasicTypeReference@38988d78
2025-08-01 19:23:51.833 [main] DEBUG org.hibernate.type.BasicTypeRegistry - Adding type registration byte[] -> org.hibernate.type.BasicTypeReference@38988d78
2025-08-01 19:23:51.834 [main] DEBUG org.hibernate.type.BasicTypeRegistry - Adding type registration [B -> org.hibernate.type.BasicTypeReference@38988d78
2025-08-01 19:23:51.834 [main] DEBUG org.hibernate.type.BasicTypeRegistry - Adding type registration binary_wrapper -> org.hibernate.type.BasicTypeReference@75cb2090
2025-08-01 19:23:51.835 [main] DEBUG org.hibernate.type.BasicTypeRegistry - Adding type registration wrapper-binary -> org.hibernate.type.BasicTypeReference@75cb2090
2025-08-01 19:23:51.835 [main] DEBUG org.hibernate.type.BasicTypeRegistry - Adding type registration image -> org.hibernate.type.BasicTypeReference@381c78ea
2025-08-01 19:23:51.835 [main] DEBUG org.hibernate.type.BasicTypeRegistry - Adding type registration blob -> org.hibernate.type.BasicTypeReference@2baf9c62
2025-08-01 19:23:51.836 [main] DEBUG org.hibernate.type.BasicTypeRegistry - Adding type registration java.sql.Blob -> org.hibernate.type.BasicTypeReference@2baf9c62
2025-08-01 19:23:51.836 [main] DEBUG org.hibernate.type.BasicTypeRegistry - Adding type registration materialized_blob -> org.hibernate.type.BasicTypeReference@57202722
2025-08-01 19:23:51.837 [main] DEBUG org.hibernate.type.BasicTypeRegistry - Adding type registration materialized_blob_wrapper -> org.hibernate.type.BasicTypeReference@7bc342f6
2025-08-01 19:23:51.837 [main] DEBUG org.hibernate.type.BasicTypeRegistry - Adding type registration short -> org.hibernate.type.BasicTypeReference@20c3be4c
2025-08-01 19:23:51.838 [main] DEBUG org.hibernate.type.BasicTypeRegistry - Adding type registration short -> org.hibernate.type.BasicTypeReference@20c3be4c
2025-08-01 19:23:51.838 [main] DEBUG org.hibernate.type.BasicTypeRegistry - Adding type registration java.lang.Short -> org.hibernate.type.BasicTypeReference@20c3be4c
2025-08-01 19:23:51.839 [main] DEBUG org.hibernate.type.BasicTypeRegistry - Adding type registration integer -> org.hibernate.type.BasicTypeReference@77d86aba
2025-08-01 19:23:51.839 [main] DEBUG org.hibernate.type.BasicTypeRegistry - Adding type registration int -> org.hibernate.type.BasicTypeReference@77d86aba
2025-08-01 19:23:51.839 [main] DEBUG org.hibernate.type.BasicTypeRegistry - Adding type registration java.lang.Integer -> org.hibernate.type.BasicTypeReference@77d86aba
2025-08-01 19:23:51.840 [main] DEBUG org.hibernate.type.BasicTypeRegistry - Adding type registration long -> org.hibernate.type.BasicTypeReference@21975a54
2025-08-01 19:23:51.840 [main] DEBUG org.hibernate.type.BasicTypeRegistry - Adding type registration long -> org.hibernate.type.BasicTypeReference@21975a54
2025-08-01 19:23:51.841 [main] DEBUG org.hibernate.type.BasicTypeRegistry - Adding type registration java.lang.Long -> org.hibernate.type.BasicTypeReference@21975a54
2025-08-01 19:23:51.841 [main] DEBUG org.hibernate.type.BasicTypeRegistry - Adding type registration float -> org.hibernate.type.BasicTypeReference@40226862
2025-08-01 19:23:51.842 [main] DEBUG org.hibernate.type.BasicTypeRegistry - Adding type registration float -> org.hibernate.type.BasicTypeReference@40226862
2025-08-01 19:23:51.842 [main] DEBUG org.hibernate.type.BasicTypeRegistry - Adding type registration java.lang.Float -> org.hibernate.type.BasicTypeReference@40226862
2025-08-01 19:23:51.843 [main] DEBUG org.hibernate.type.BasicTypeRegistry - Adding type registration double -> org.hibernate.type.BasicTypeReference@7dae9ff4
2025-08-01 19:23:51.843 [main] DEBUG org.hibernate.type.BasicTypeRegistry - Adding type registration double -> org.hibernate.type.BasicTypeReference@7dae9ff4
2025-08-01 19:23:51.843 [main] DEBUG org.hibernate.type.BasicTypeRegistry - Adding type registration java.lang.Double -> org.hibernate.type.BasicTypeReference@7dae9ff4
2025-08-01 19:23:51.844 [main] DEBUG org.hibernate.type.BasicTypeRegistry - Adding type registration big_integer -> org.hibernate.type.BasicTypeReference@4917a741
2025-08-01 19:23:51.844 [main] DEBUG org.hibernate.type.BasicTypeRegistry - Adding type registration java.math.BigInteger -> org.hibernate.type.BasicTypeReference@4917a741
2025-08-01 19:23:51.845 [main] DEBUG org.hibernate.type.BasicTypeRegistry - Adding type registration big_decimal -> org.hibernate.type.BasicTypeReference@524911cd
2025-08-01 19:23:51.845 [main] DEBUG org.hibernate.type.BasicTypeRegistry - Adding type registration java.math.BigDecimal -> org.hibernate.type.BasicTypeReference@524911cd
2025-08-01 19:23:51.845 [main] DEBUG org.hibernate.type.BasicTypeRegistry - Adding type registration character -> org.hibernate.type.BasicTypeReference@1fb029e
2025-08-01 19:23:51.846 [main] DEBUG org.hibernate.type.BasicTypeRegistry - Adding type registration char -> org.hibernate.type.BasicTypeReference@1fb029e
2025-08-01 19:23:51.846 [main] DEBUG org.hibernate.type.BasicTypeRegistry - Adding type registration java.lang.Character -> org.hibernate.type.BasicTypeReference@1fb029e
2025-08-01 19:23:51.846 [main] DEBUG org.hibernate.type.BasicTypeRegistry - Adding type registration character_nchar -> org.hibernate.type.BasicTypeReference@8a37c6a
2025-08-01 19:23:51.847 [main] DEBUG org.hibernate.type.BasicTypeRegistry - Adding type registration string -> org.hibernate.type.BasicTypeReference@7c7aef90
2025-08-01 19:23:51.847 [main] DEBUG org.hibernate.type.BasicTypeRegistry - Adding type registration java.lang.String -> org.hibernate.type.BasicTypeReference@7c7aef90
2025-08-01 19:23:51.847 [main] DEBUG org.hibernate.type.BasicTypeRegistry - Adding type registration nstring -> org.hibernate.type.BasicTypeReference@66a75eab
2025-08-01 19:23:51.848 [main] DEBUG org.hibernate.type.BasicTypeRegistry - Adding type registration characters -> org.hibernate.type.BasicTypeReference@3f114f13
2025-08-01 19:23:51.848 [main] DEBUG org.hibernate.type.BasicTypeRegistry - Adding type registration char[] -> org.hibernate.type.BasicTypeReference@3f114f13
2025-08-01 19:23:51.848 [main] DEBUG org.hibernate.type.BasicTypeRegistry - Adding type registration [C -> org.hibernate.type.BasicTypeReference@3f114f13
2025-08-01 19:23:51.849 [main] DEBUG org.hibernate.type.BasicTypeRegistry - Adding type registration wrapper-characters -> org.hibernate.type.BasicTypeReference@2cc224b7
2025-08-01 19:23:51.849 [main] DEBUG org.hibernate.type.BasicTypeRegistry - Adding type registration text -> org.hibernate.type.BasicTypeReference@76f58d0
2025-08-01 19:23:51.849 [main] DEBUG org.hibernate.type.BasicTypeRegistry - Adding type registration ntext -> org.hibernate.type.BasicTypeReference@5b610c90
2025-08-01 19:23:51.850 [main] DEBUG org.hibernate.type.BasicTypeRegistry - Adding type registration clob -> org.hibernate.type.BasicTypeReference@6ebdb938
2025-08-01 19:23:51.850 [main] DEBUG org.hibernate.type.BasicTypeRegistry - Adding type registration java.sql.Clob -> org.hibernate.type.BasicTypeReference@6ebdb938
2025-08-01 19:23:51.850 [main] DEBUG org.hibernate.type.BasicTypeRegistry - Adding type registration nclob -> org.hibernate.type.BasicTypeReference@53e7dfc4
2025-08-01 19:23:51.851 [main] DEBUG org.hibernate.type.BasicTypeRegistry - Adding type registration java.sql.NClob -> org.hibernate.type.BasicTypeReference@53e7dfc4
2025-08-01 19:23:51.851 [main] DEBUG org.hibernate.type.BasicTypeRegistry - Adding type registration materialized_clob -> org.hibernate.type.BasicTypeReference@2e33a4b0
2025-08-01 19:23:51.852 [main] DEBUG org.hibernate.type.BasicTypeRegistry - Adding type registration materialized_clob_char_array -> org.hibernate.type.BasicTypeReference@7d65286a
2025-08-01 19:23:51.852 [main] DEBUG org.hibernate.type.BasicTypeRegistry - Adding type registration materialized_clob_character_array -> org.hibernate.type.BasicTypeReference@7e122a87
2025-08-01 19:23:51.853 [main] DEBUG org.hibernate.type.BasicTypeRegistry - Adding type registration materialized_nclob -> org.hibernate.type.BasicTypeReference@1366c37e
2025-08-01 19:23:51.853 [main] DEBUG org.hibernate.type.BasicTypeRegistry - Adding type registration materialized_nclob_character_array -> org.hibernate.type.BasicTypeReference@20c3f386
2025-08-01 19:23:51.854 [main] DEBUG org.hibernate.type.BasicTypeRegistry - Adding type registration materialized_nclob_char_array -> org.hibernate.type.BasicTypeReference@74b1b98c
2025-08-01 19:23:51.854 [main] DEBUG org.hibernate.type.BasicTypeRegistry - Adding type registration Duration -> org.hibernate.type.BasicTypeReference@1b18f38f
2025-08-01 19:23:51.854 [main] DEBUG org.hibernate.type.BasicTypeRegistry - Adding type registration java.time.Duration -> org.hibernate.type.BasicTypeReference@1b18f38f
2025-08-01 19:23:51.855 [main] DEBUG org.hibernate.type.BasicTypeRegistry - Adding type registration LocalDateTime -> org.hibernate.type.BasicTypeReference@3e40bea1
2025-08-01 19:23:51.855 [main] DEBUG org.hibernate.type.BasicTypeRegistry - Adding type registration java.time.LocalDateTime -> org.hibernate.type.BasicTypeReference@3e40bea1
2025-08-01 19:23:51.855 [main] DEBUG org.hibernate.type.BasicTypeRegistry - Adding type registration LocalDate -> org.hibernate.type.BasicTypeReference@1a0252c
2025-08-01 19:23:51.856 [main] DEBUG org.hibernate.type.BasicTypeRegistry - Adding type registration java.time.LocalDate -> org.hibernate.type.BasicTypeReference@1a0252c
2025-08-01 19:23:51.856 [main] DEBUG org.hibernate.type.BasicTypeRegistry - Adding type registration LocalTime -> org.hibernate.type.BasicTypeReference@78a4914d
2025-08-01 19:23:51.856 [main] DEBUG org.hibernate.type.BasicTypeRegistry - Adding type registration java.time.LocalTime -> org.hibernate.type.BasicTypeReference@78a4914d
2025-08-01 19:23:51.857 [main] DEBUG org.hibernate.type.BasicTypeRegistry - Adding type registration OffsetDateTime -> org.hibernate.type.BasicTypeReference@24fc815d
2025-08-01 19:23:51.857 [main] DEBUG org.hibernate.type.BasicTypeRegistry - Adding type registration java.time.OffsetDateTime -> org.hibernate.type.BasicTypeReference@24fc815d
2025-08-01 19:23:51.857 [main] DEBUG org.hibernate.type.BasicTypeRegistry - Adding type registration OffsetDateTimeWithTimezone -> org.hibernate.type.BasicTypeReference@1f7286d5
2025-08-01 19:23:51.858 [main] DEBUG org.hibernate.type.BasicTypeRegistry - Adding type registration OffsetDateTimeWithoutTimezone -> org.hibernate.type.BasicTypeReference@1f7b4952
2025-08-01 19:23:51.858 [main] DEBUG org.hibernate.type.BasicTypeRegistry - Adding type registration OffsetTime -> org.hibernate.type.BasicTypeReference@43898d09
2025-08-01 19:23:51.858 [main] DEBUG org.hibernate.type.BasicTypeRegistry - Adding type registration java.time.OffsetTime -> org.hibernate.type.BasicTypeReference@43898d09
2025-08-01 19:23:51.859 [main] DEBUG org.hibernate.type.BasicTypeRegistry - Adding type registration OffsetTimeUtc -> org.hibernate.type.BasicTypeReference@3bf1a4c
2025-08-01 19:23:51.859 [main] DEBUG org.hibernate.type.BasicTypeRegistry - Adding type registration OffsetTimeWithTimezone -> org.hibernate.type.BasicTypeReference@87060c0
2025-08-01 19:23:51.859 [main] DEBUG org.hibernate.type.BasicTypeRegistry - Adding type registration OffsetTimeWithoutTimezone -> org.hibernate.type.BasicTypeReference@4d048945
2025-08-01 19:23:51.860 [main] DEBUG org.hibernate.type.BasicTypeRegistry - Adding type registration ZonedDateTime -> org.hibernate.type.BasicTypeReference@42eaa429
2025-08-01 19:23:51.860 [main] DEBUG org.hibernate.type.BasicTypeRegistry - Adding type registration java.time.ZonedDateTime -> org.hibernate.type.BasicTypeReference@42eaa429
2025-08-01 19:23:51.860 [main] DEBUG org.hibernate.type.BasicTypeRegistry - Adding type registration ZonedDateTimeWithTimezone -> org.hibernate.type.BasicTypeReference@39fcbb42
2025-08-01 19:23:51.861 [main] DEBUG org.hibernate.type.BasicTypeRegistry - Adding type registration ZonedDateTimeWithoutTimezone -> org.hibernate.type.BasicTypeReference@3201aadd
2025-08-01 19:23:51.861 [main] DEBUG org.hibernate.type.BasicTypeRegistry - Adding type registration date -> org.hibernate.type.BasicTypeReference@5b265379
2025-08-01 19:23:51.861 [main] DEBUG org.hibernate.type.BasicTypeRegistry - Adding type registration java.sql.Date -> org.hibernate.type.BasicTypeReference@5b265379
2025-08-01 19:23:51.862 [main] DEBUG org.hibernate.type.BasicTypeRegistry - Adding type registration time -> org.hibernate.type.BasicTypeReference@4cfa6fd8
2025-08-01 19:23:51.862 [main] DEBUG org.hibernate.type.BasicTypeRegistry - Adding type registration java.sql.Time -> org.hibernate.type.BasicTypeReference@4cfa6fd8
2025-08-01 19:23:51.862 [main] DEBUG org.hibernate.type.BasicTypeRegistry - Adding type registration timestamp -> org.hibernate.type.BasicTypeReference@1000fbae
2025-08-01 19:23:51.863 [main] DEBUG org.hibernate.type.BasicTypeRegistry - Adding type registration java.sql.Timestamp -> org.hibernate.type.BasicTypeReference@1000fbae
2025-08-01 19:23:51.863 [main] DEBUG org.hibernate.type.BasicTypeRegistry - Adding type registration java.util.Date -> org.hibernate.type.BasicTypeReference@1000fbae
2025-08-01 19:23:51.863 [main] DEBUG org.hibernate.type.BasicTypeRegistry - Adding type registration calendar -> org.hibernate.type.BasicTypeReference@2fe8ec31
2025-08-01 19:23:51.864 [main] DEBUG org.hibernate.type.BasicTypeRegistry - Adding type registration java.util.Calendar -> org.hibernate.type.BasicTypeReference@2fe8ec31
2025-08-01 19:23:51.864 [main] DEBUG org.hibernate.type.BasicTypeRegistry - Adding type registration java.util.GregorianCalendar -> org.hibernate.type.BasicTypeReference@2fe8ec31
2025-08-01 19:23:51.864 [main] DEBUG org.hibernate.type.BasicTypeRegistry - Adding type registration calendar_date -> org.hibernate.type.BasicTypeReference@46bcdf2e
2025-08-01 19:23:51.865 [main] DEBUG org.hibernate.type.BasicTypeRegistry - Adding type registration calendar_time -> org.hibernate.type.BasicTypeReference@5927fc8e
2025-08-01 19:23:51.865 [main] DEBUG org.hibernate.type.BasicTypeRegistry - Adding type registration instant -> org.hibernate.type.BasicTypeReference@4eeda18f
2025-08-01 19:23:51.865 [main] DEBUG org.hibernate.type.BasicTypeRegistry - Adding type registration java.time.Instant -> org.hibernate.type.BasicTypeReference@4eeda18f
2025-08-01 19:23:51.866 [main] DEBUG org.hibernate.type.BasicTypeRegistry - Adding type registration uuid -> org.hibernate.type.BasicTypeReference@268c4507
2025-08-01 19:23:51.866 [main] DEBUG org.hibernate.type.BasicTypeRegistry - Adding type registration java.util.UUID -> org.hibernate.type.BasicTypeReference@268c4507
2025-08-01 19:23:51.866 [main] DEBUG org.hibernate.type.BasicTypeRegistry - Adding type registration pg-uuid -> org.hibernate.type.BasicTypeReference@268c4507
2025-08-01 19:23:51.867 [main] DEBUG org.hibernate.type.BasicTypeRegistry - Adding type registration uuid-binary -> org.hibernate.type.BasicTypeReference@669bb57
2025-08-01 19:23:51.867 [main] DEBUG org.hibernate.type.BasicTypeRegistry - Adding type registration uuid-char -> org.hibernate.type.BasicTypeReference@60ccf498
2025-08-01 19:23:51.867 [main] DEBUG org.hibernate.type.BasicTypeRegistry - Adding type registration class -> org.hibernate.type.BasicTypeReference@430ec0d7
2025-08-01 19:23:51.868 [main] DEBUG org.hibernate.type.BasicTypeRegistry - Adding type registration java.lang.Class -> org.hibernate.type.BasicTypeReference@430ec0d7
2025-08-01 19:23:51.868 [main] DEBUG org.hibernate.type.BasicTypeRegistry - Adding type registration currency -> org.hibernate.type.BasicTypeReference@76e11cc
2025-08-01 19:23:51.868 [main] DEBUG org.hibernate.type.BasicTypeRegistry - Adding type registration Currency -> org.hibernate.type.BasicTypeReference@76e11cc
2025-08-01 19:23:51.869 [main] DEBUG org.hibernate.type.BasicTypeRegistry - Adding type registration java.util.Currency -> org.hibernate.type.BasicTypeReference@76e11cc
2025-08-01 19:23:51.869 [main] DEBUG org.hibernate.type.BasicTypeRegistry - Adding type registration locale -> org.hibernate.type.BasicTypeReference@4c96b175
2025-08-01 19:23:51.869 [main] DEBUG org.hibernate.type.BasicTypeRegistry - Adding type registration java.util.Locale -> org.hibernate.type.BasicTypeReference@4c96b175
2025-08-01 19:23:51.870 [main] DEBUG org.hibernate.type.BasicTypeRegistry - Adding type registration serializable -> org.hibernate.type.BasicTypeReference@4bf9f44b
2025-08-01 19:23:51.870 [main] DEBUG org.hibernate.type.BasicTypeRegistry - Adding type registration java.io.Serializable -> org.hibernate.type.BasicTypeReference@4bf9f44b
2025-08-01 19:23:51.871 [main] DEBUG org.hibernate.type.BasicTypeRegistry - Adding type registration timezone -> org.hibernate.type.BasicTypeReference@7ec49d9b
2025-08-01 19:23:51.871 [main] DEBUG org.hibernate.type.BasicTypeRegistry - Adding type registration java.util.TimeZone -> org.hibernate.type.BasicTypeReference@7ec49d9b
2025-08-01 19:23:51.871 [main] DEBUG org.hibernate.type.BasicTypeRegistry - Adding type registration ZoneOffset -> org.hibernate.type.BasicTypeReference@9d313fe
2025-08-01 19:23:51.872 [main] DEBUG org.hibernate.type.BasicTypeRegistry - Adding type registration java.time.ZoneOffset -> org.hibernate.type.BasicTypeReference@9d313fe
2025-08-01 19:23:51.872 [main] DEBUG org.hibernate.type.BasicTypeRegistry - Adding type registration url -> org.hibernate.type.BasicTypeReference@70b716a8
2025-08-01 19:23:51.872 [main] DEBUG org.hibernate.type.BasicTypeRegistry - Adding type registration java.net.URL -> org.hibernate.type.BasicTypeReference@70b716a8
2025-08-01 19:23:51.873 [main] DEBUG org.hibernate.type.BasicTypeRegistry - Adding type registration vector -> org.hibernate.type.BasicTypeReference@74e8ef59
2025-08-01 19:23:51.873 [main] DEBUG org.hibernate.type.BasicTypeRegistry - Adding type registration float_vector -> org.hibernate.type.BasicTypeReference@2e1a8c1a
2025-08-01 19:23:51.873 [main] DEBUG org.hibernate.type.BasicTypeRegistry - Adding type registration double_vector -> org.hibernate.type.BasicTypeReference@3fc736c4
2025-08-01 19:23:51.874 [main] DEBUG org.hibernate.type.BasicTypeRegistry - Adding type registration byte_vector -> org.hibernate.type.BasicTypeReference@770d65c2
2025-08-01 19:23:51.874 [main] DEBUG org.hibernate.type.BasicTypeRegistry - Adding type registration row_version -> org.hibernate.type.BasicTypeReference@44acce5d
2025-08-01 19:23:51.875 [main] DEBUG org.hibernate.type.BasicTypeRegistry - Adding type registration object -> org.hibernate.type.JavaObjectType@14eae244
2025-08-01 19:23:51.875 [main] DEBUG org.hibernate.type.BasicTypeRegistry - Adding type registration java.lang.Object -> org.hibernate.type.JavaObjectType@14eae244
2025-08-01 19:23:51.875 [main] DEBUG org.hibernate.type.BasicTypeRegistry - Adding type registration null -> org.hibernate.type.NullType@94d4dd
2025-08-01 19:23:51.876 [main] DEBUG org.hibernate.type.BasicTypeRegistry - Adding type registration imm_date -> org.hibernate.type.BasicTypeReference@4b310c73
2025-08-01 19:23:51.876 [main] DEBUG org.hibernate.type.BasicTypeRegistry - Adding type registration imm_time -> org.hibernate.type.BasicTypeReference@4789d924
2025-08-01 19:23:51.876 [main] DEBUG org.hibernate.type.BasicTypeRegistry - Adding type registration imm_timestamp -> org.hibernate.type.BasicTypeReference@5aff942d
2025-08-01 19:23:51.877 [main] DEBUG org.hibernate.type.BasicTypeRegistry - Adding type registration imm_calendar -> org.hibernate.type.BasicTypeReference@55414032
2025-08-01 19:23:51.877 [main] DEBUG org.hibernate.type.BasicTypeRegistry - Adding type registration imm_calendar_date -> org.hibernate.type.BasicTypeReference@16508c7d
2025-08-01 19:23:51.877 [main] DEBUG org.hibernate.type.BasicTypeRegistry - Adding type registration imm_calendar_time -> org.hibernate.type.BasicTypeReference@1f19376a
2025-08-01 19:23:51.878 [main] DEBUG org.hibernate.type.BasicTypeRegistry - Adding type registration imm_binary -> org.hibernate.type.BasicTypeReference@39e19658
2025-08-01 19:23:51.878 [main] DEBUG org.hibernate.type.BasicTypeRegistry - Adding type registration imm_serializable -> org.hibernate.type.BasicTypeReference@66fe1186
2025-08-01 19:23:51.924 [main] DEBUG org.hibernate.boot.internal.BootstrapContextImpl - Injecting JPA temp ClassLoader [org.springframework.instrument.classloading.SimpleThrowawayClassLoader@222b91c6] into BootstrapContext; was [null]
2025-08-01 19:23:51.924 [main] DEBUG org.hibernate.boot.internal.ClassLoaderAccessImpl - ClassLoaderAccessImpl#injectTempClassLoader(org.springframework.instrument.classloading.SimpleThrowawayClassLoader@222b91c6) [was null]
2025-08-01 19:23:51.925 [main] DEBUG org.hibernate.boot.internal.BootstrapContextImpl - Injecting ScanEnvironment [org.hibernate.jpa.boot.internal.StandardJpaScanEnvironmentImpl@17cd808d] into BootstrapContext; was [null]
2025-08-01 19:23:51.925 [main] DEBUG org.hibernate.boot.internal.BootstrapContextImpl - Injecting ScanOptions [org.hibernate.boot.archive.scan.internal.StandardScanOptions@1a9d1d3] into BootstrapContext; was [org.hibernate.boot.archive.scan.internal.StandardScanOptions@faa06fc]
2025-08-01 19:23:52.101 [main] DEBUG org.hibernate.jpa.boot.internal.PersistenceUnitInfoDescriptor - Pushing class transformers for PU named 'default' on loading classloader jdk.internal.loader.ClassLoaders$AppClassLoader@30946e09
2025-08-01 19:23:52.162 [main] INFO  org.springframework.orm.jpa.persistenceunit.SpringPersistenceUnitInfo - No LoadTimeWeaver setup: ignoring JPA class transformer
2025-08-01 19:23:52.162 [main] DEBUG org.hibernate.boot.internal.BootstrapContextImpl - Injecting JPA temp ClassLoader [null] into BootstrapContext; was [org.springframework.instrument.classloading.SimpleThrowawayClassLoader@222b91c6]
2025-08-01 19:23:52.163 [main] DEBUG org.hibernate.boot.internal.ClassLoaderAccessImpl - ClassLoaderAccessImpl#injectTempClassLoader(null) [was org.springframework.instrument.classloading.SimpleThrowawayClassLoader@222b91c6]
2025-08-01 19:23:52.179 [main] DEBUG org.hibernate.engine.jdbc.env.internal.JdbcEnvironmentInitiator - Database ->
	   name : H2
	version : 2.3.232 (2024-08-11)
	  major : 2
	  minor : 3
2025-08-01 19:23:52.179 [main] DEBUG org.hibernate.engine.jdbc.env.internal.JdbcEnvironmentInitiator - Driver ->
	   name : H2 JDBC Driver
	version : 2.3.232 (2024-08-11)
	  major : 2
	  minor : 3
2025-08-01 19:23:52.180 [main] DEBUG org.hibernate.engine.jdbc.env.internal.JdbcEnvironmentInitiator - JDBC version : 4.3
2025-08-01 19:23:52.181 [main] WARN  org.hibernate.dialect.Dialect - HHH000511: The 2.3.232 version for [org.hibernate.dialect.PostgreSQLDialect] is no longer supported, hence certain features may not work properly. The minimum supported version is 12.0.0. Check the community dialects project for available legacy versions.
2025-08-01 19:23:52.181 [main] WARN  org.hibernate.orm.deprecation - HHH90000025: PostgreSQLDialect does not need to be specified explicitly using 'hibernate.dialect' (remove the property setting and it will be selected by default)
2025-08-01 19:23:52.182 [main] DEBUG org.hibernate.orm.dialect - HHH035001: Using dialect: org.hibernate.dialect.PostgreSQLDialect, version: 2.3.232
2025-08-01 19:23:52.182 [main] DEBUG org.hibernate.engine.jdbc.env.spi.IdentifierHelperBuilder - JDBC driver metadata reported database stores quoted identifiers in neither upper, lower nor mixed case
2025-08-01 19:23:52.183 [main] DEBUG org.hibernate.orm.jdbc.lob - HHH10010004: Disabling contextual LOB creation as Dialect reported it is not supported
2025-08-01 19:23:52.184 [main] INFO  org.hibernate.orm.connections.pooling - HHH10001005: Database info:
	Database JDBC URL [Connecting through datasource 'HikariDataSource (HikariPool-2)']
	Database driver: undefined/unknown
	Database version: 2.3.232
	Autocommit mode: undefined/unknown
	Isolation level: undefined/unknown
	Minimum pool size: undefined/unknown
	Maximum pool size: undefined/unknown
2025-08-01 19:23:52.185 [main] DEBUG org.hibernate.type.descriptor.sql.spi.DdlTypeRegistry - addDescriptor(2003, org.hibernate.type.descriptor.sql.internal.ArrayDdlTypeImpl@7a240160) replaced previous registration(org.hibernate.type.descriptor.sql.internal.ArrayDdlTypeImpl@718f48ee)
2025-08-01 19:23:52.185 [main] DEBUG org.hibernate.type.descriptor.sql.spi.DdlTypeRegistry - addDescriptor(6, org.hibernate.type.descriptor.sql.internal.CapacityDependentDdlType@1ecb0042) replaced previous registration(org.hibernate.type.descriptor.sql.internal.DdlTypeImpl@5499c228)
2025-08-01 19:23:52.186 [main] DEBUG org.hibernate.type.descriptor.jdbc.spi.JdbcTypeRegistry - addDescriptor(2004, BlobTypeDescriptor(BLOB_BINDING)) replaced previous registration(BlobTypeDescriptor(DEFAULT))
2025-08-01 19:23:52.186 [main] DEBUG org.hibernate.type.descriptor.jdbc.spi.JdbcTypeRegistry - addDescriptor(2005, ClobTypeDescriptor(CLOB_BINDING)) replaced previous registration(ClobTypeDescriptor(DEFAULT))
2025-08-01 19:23:52.187 [main] DEBUG org.hibernate.type.BasicTypeRegistry - Adding type registration JAVA_OBJECT -> org.hibernate.type.JavaObjectType@eece6da
2025-08-01 19:23:52.187 [main] DEBUG org.hibernate.type.BasicTypeRegistry - Adding type registration java.lang.Object -> org.hibernate.type.JavaObjectType@eece6da
2025-08-01 19:23:52.187 [main] DEBUG org.hibernate.type.BasicTypeRegistry - Type registration key [java.lang.Object] overrode previous entry : `org.hibernate.type.JavaObjectType@14eae244`
2025-08-01 19:23:52.188 [main] DEBUG org.hibernate.type.BasicTypeRegistry - Adding type registration org.hibernate.type.DurationType -> basicType@27(java.time.Duration,3015)
2025-08-01 19:23:52.188 [main] DEBUG org.hibernate.type.BasicTypeRegistry - Adding type registration Duration -> basicType@27(java.time.Duration,3015)
2025-08-01 19:23:52.188 [main] DEBUG org.hibernate.type.BasicTypeRegistry - Adding type registration java.time.Duration -> basicType@27(java.time.Duration,3015)
2025-08-01 19:23:52.189 [main] DEBUG org.hibernate.type.BasicTypeRegistry - Adding type registration org.hibernate.type.OffsetDateTimeType -> basicType@28(java.time.OffsetDateTime,3003)
2025-08-01 19:23:52.189 [main] DEBUG org.hibernate.type.BasicTypeRegistry - Adding type registration OffsetDateTime -> basicType@28(java.time.OffsetDateTime,3003)
2025-08-01 19:23:52.190 [main] DEBUG org.hibernate.type.BasicTypeRegistry - Adding type registration java.time.OffsetDateTime -> basicType@28(java.time.OffsetDateTime,3003)
2025-08-01 19:23:52.190 [main] DEBUG org.hibernate.type.BasicTypeRegistry - Adding type registration org.hibernate.type.ZonedDateTimeType -> basicType@29(java.time.ZonedDateTime,3003)
2025-08-01 19:23:52.190 [main] DEBUG org.hibernate.type.BasicTypeRegistry - Adding type registration ZonedDateTime -> basicType@29(java.time.ZonedDateTime,3003)
2025-08-01 19:23:52.191 [main] DEBUG org.hibernate.type.BasicTypeRegistry - Adding type registration java.time.ZonedDateTime -> basicType@29(java.time.ZonedDateTime,3003)
2025-08-01 19:23:52.191 [main] DEBUG org.hibernate.type.BasicTypeRegistry - Adding type registration org.hibernate.type.OffsetTimeType -> basicType@30(java.time.OffsetTime,3007)
2025-08-01 19:23:52.191 [main] DEBUG org.hibernate.type.BasicTypeRegistry - Adding type registration OffsetTime -> basicType@30(java.time.OffsetTime,3007)
2025-08-01 19:23:52.192 [main] DEBUG org.hibernate.type.BasicTypeRegistry - Adding type registration java.time.OffsetTime -> basicType@30(java.time.OffsetTime,3007)
2025-08-01 19:23:52.192 [main] DEBUG org.hibernate.type.spi.TypeConfiguration$Scope - Scoping TypeConfiguration [org.hibernate.type.spi.TypeConfiguration@5af17d1] to MetadataBuildingContext [org.hibernate.boot.internal.MetadataBuildingContextRootImpl@43a0de36]
2025-08-01 19:23:52.196 [main] DEBUG org.hibernate.boot.model.relational.Namespace - Created database namespace [logicalName=Name{catalog=null, schema=null}, physicalName=Name{catalog=null, schema=null}]
2025-08-01 19:23:52.196 [main] DEBUG org.hibernate.boot.model.source.internal.annotations.AnnotationMetadataSourceProcessorImpl - Skipping explicit MappedSuperclass com.example.trainup.model.user.BaseUser, the class will be discovered analyzing the implementing class
2025-08-01 19:23:52.198 [main] DEBUG org.hibernate.boot.model.internal.EntityBinder - Binding entity from annotated class: com.example.trainup.model.Address
2025-08-01 19:23:52.198 [main] DEBUG org.hibernate.boot.model.internal.EntityBinder - Import with entity name Address
2025-08-01 19:23:52.199 [main] DEBUG org.hibernate.boot.model.internal.EntityBinder - Bind entity com.example.trainup.model.Address on table addresses
2025-08-01 19:23:52.199 [main] DEBUG org.hibernate.boot.model.internal.AnnotatedColumn - Binding column: AnnotatedDiscriminatorColumn(column='DTYPE')
2025-08-01 19:23:52.201 [main] DEBUG org.hibernate.boot.model.internal.AnnotatedColumn - Binding column: AnnotatedColumn()
2025-08-01 19:23:52.202 [main] DEBUG org.hibernate.boot.internal.ClassLoaderAccessImpl - Not known whether passed class name [com.example.trainup.model.Address] is safe
2025-08-01 19:23:52.202 [main] DEBUG org.hibernate.boot.internal.ClassLoaderAccessImpl - No temp ClassLoader provided; using live ClassLoader for loading potentially unsafe class : com.example.trainup.model.Address
2025-08-01 19:23:52.203 [main] DEBUG org.hibernate.boot.model.internal.PropertyBinder - MetadataSourceProcessor property id with lazy=false
2025-08-01 19:23:52.204 [main] DEBUG org.hibernate.boot.model.internal.AbstractPropertyHolder - Attempting to locate auto-apply AttributeConverter for property [com.example.trainup.model.Address:id]
2025-08-01 19:23:52.204 [main] DEBUG org.hibernate.boot.model.internal.BasicValueBinder - building BasicValue for id
2025-08-01 19:23:52.205 [main] DEBUG org.hibernate.mapping.BasicValue - Skipping column re-registration: addresses.id
2025-08-01 19:23:52.205 [main] DEBUG org.hibernate.boot.model.internal.PropertyBinder - Building property id
2025-08-01 19:23:52.205 [main] DEBUG org.hibernate.boot.model.internal.BinderHelper - #makeIdGenerator(BasicValue([Column(id)]), id, identity, , ...)
2025-08-01 19:23:52.206 [main] DEBUG org.hibernate.boot.model.internal.AnnotatedColumn - Binding column: AnnotatedColumn()
2025-08-01 19:23:52.207 [main] DEBUG org.hibernate.boot.model.internal.PropertyBinder - MetadataSourceProcessor property city with lazy=false
2025-08-01 19:23:52.207 [main] DEBUG org.hibernate.boot.model.internal.AbstractPropertyHolder - Attempting to locate auto-apply AttributeConverter for property [com.example.trainup.model.Address:city]
2025-08-01 19:23:52.208 [main] DEBUG org.hibernate.boot.model.internal.BasicValueBinder - building BasicValue for city
2025-08-01 19:23:52.208 [main] DEBUG org.hibernate.mapping.BasicValue - Skipping column re-registration: addresses.city
2025-08-01 19:23:52.208 [main] DEBUG org.hibernate.boot.model.internal.PropertyBinder - Building property city
2025-08-01 19:23:52.209 [main] DEBUG org.hibernate.boot.model.internal.AnnotatedColumn - Binding column: AnnotatedColumn()
2025-08-01 19:23:52.209 [main] DEBUG org.hibernate.boot.model.internal.PropertyBinder - MetadataSourceProcessor property cityDistrict with lazy=false
2025-08-01 19:23:52.210 [main] DEBUG org.hibernate.boot.model.internal.AbstractPropertyHolder - Attempting to locate auto-apply AttributeConverter for property [com.example.trainup.model.Address:cityDistrict]
2025-08-01 19:23:52.210 [main] DEBUG org.hibernate.boot.model.internal.BasicValueBinder - building BasicValue for cityDistrict
2025-08-01 19:23:52.211 [main] DEBUG org.hibernate.mapping.BasicValue - Skipping column re-registration: addresses.city_district
2025-08-01 19:23:52.211 [main] DEBUG org.hibernate.boot.model.internal.PropertyBinder - Building property cityDistrict
2025-08-01 19:23:52.212 [main] DEBUG org.hibernate.boot.model.internal.AnnotatedColumn - Binding column: AnnotatedColumn()
2025-08-01 19:23:52.212 [main] DEBUG org.hibernate.boot.model.internal.PropertyBinder - MetadataSourceProcessor property country with lazy=false
2025-08-01 19:23:52.213 [main] DEBUG org.hibernate.boot.model.internal.AbstractPropertyHolder - Attempting to locate auto-apply AttributeConverter for property [com.example.trainup.model.Address:country]
2025-08-01 19:23:52.213 [main] DEBUG org.hibernate.boot.model.internal.BasicValueBinder - building BasicValue for country
2025-08-01 19:23:52.213 [main] DEBUG org.hibernate.mapping.BasicValue - Skipping column re-registration: addresses.country
2025-08-01 19:23:52.214 [main] DEBUG org.hibernate.boot.model.internal.PropertyBinder - Building property country
2025-08-01 19:23:52.214 [main] DEBUG org.hibernate.boot.model.internal.AnnotatedColumn - Binding column: AnnotatedJoinColumn()
2025-08-01 19:23:52.215 [main] DEBUG org.hibernate.boot.model.internal.AnnotatedColumn - Binding column: AnnotatedColumn()
2025-08-01 19:23:52.216 [main] DEBUG org.hibernate.boot.model.internal.AnnotatedColumn - Binding column: AnnotatedColumn()
2025-08-01 19:23:52.216 [main] DEBUG org.hibernate.boot.model.internal.PropertyBinder - MetadataSourceProcessor property house with lazy=false
2025-08-01 19:23:52.217 [main] DEBUG org.hibernate.boot.model.internal.AbstractPropertyHolder - Attempting to locate auto-apply AttributeConverter for property [com.example.trainup.model.Address:house]
2025-08-01 19:23:52.217 [main] DEBUG org.hibernate.boot.model.internal.BasicValueBinder - building BasicValue for house
2025-08-01 19:23:52.218 [main] DEBUG org.hibernate.mapping.BasicValue - Skipping column re-registration: addresses.house
2025-08-01 19:23:52.218 [main] DEBUG org.hibernate.boot.model.internal.PropertyBinder - Building property house
2025-08-01 19:23:52.218 [main] DEBUG org.hibernate.boot.model.internal.AnnotatedColumn - Binding column: AnnotatedColumn()
2025-08-01 19:23:52.219 [main] DEBUG org.hibernate.boot.model.internal.PropertyBinder - MetadataSourceProcessor property isDeleted with lazy=false
2025-08-01 19:23:52.219 [main] DEBUG org.hibernate.boot.model.internal.AbstractPropertyHolder - Attempting to locate auto-apply AttributeConverter for property [com.example.trainup.model.Address:isDeleted]
2025-08-01 19:23:52.219 [main] DEBUG org.hibernate.boot.model.internal.BasicValueBinder - building BasicValue for isDeleted
2025-08-01 19:23:52.220 [main] DEBUG org.hibernate.mapping.BasicValue - Skipping column re-registration: addresses.is_deleted
2025-08-01 19:23:52.220 [main] DEBUG org.hibernate.boot.model.internal.PropertyBinder - Building property isDeleted
2025-08-01 19:23:52.221 [main] DEBUG org.hibernate.boot.model.internal.AnnotatedColumn - Binding column: AnnotatedColumn()
2025-08-01 19:23:52.222 [main] DEBUG org.hibernate.boot.model.internal.PropertyBinder - MetadataSourceProcessor property street with lazy=false
2025-08-01 19:23:52.222 [main] DEBUG org.hibernate.boot.model.internal.AbstractPropertyHolder - Attempting to locate auto-apply AttributeConverter for property [com.example.trainup.model.Address:street]
2025-08-01 19:23:52.223 [main] DEBUG org.hibernate.boot.model.internal.BasicValueBinder - building BasicValue for street
2025-08-01 19:23:52.223 [main] DEBUG org.hibernate.mapping.BasicValue - Skipping column re-registration: addresses.street
2025-08-01 19:23:52.223 [main] DEBUG org.hibernate.boot.model.internal.PropertyBinder - Building property street
2025-08-01 19:23:52.225 [main] DEBUG org.hibernate.boot.model.internal.AnnotatedColumn - Binding column: AnnotatedJoinColumn()
2025-08-01 19:23:52.225 [main] DEBUG org.hibernate.boot.model.internal.AnnotatedColumn - Binding column: AnnotatedColumn()
2025-08-01 19:23:52.226 [main] DEBUG org.hibernate.boot.model.internal.AnnotatedColumn - Binding column: IndexColumn(column='trainers_ORDER')
2025-08-01 19:23:52.227 [main] DEBUG org.hibernate.boot.model.internal.AnnotatedColumn - Binding column: AnnotatedColumn()
2025-08-01 19:23:52.227 [main] DEBUG org.hibernate.boot.model.internal.AnnotatedColumn - Binding column: AnnotatedColumn(column='trainers_KEY')
2025-08-01 19:23:52.228 [main] DEBUG org.hibernate.boot.model.internal.AnnotatedColumn - Binding column: AnnotatedJoinColumn(column='trainers_KEY')
2025-08-01 19:23:52.228 [main] DEBUG org.hibernate.boot.model.internal.AnnotatedColumn - Binding column: AnnotatedJoinColumn()
2025-08-01 19:23:52.229 [main] DEBUG org.hibernate.boot.model.internal.AnnotatedColumn - Binding column: AnnotatedJoinColumn()
2025-08-01 19:23:52.229 [main] DEBUG org.hibernate.boot.model.internal.CollectionBinder - Collection role: com.example.trainup.model.Address.trainers
2025-08-01 19:23:52.229 [main] DEBUG org.hibernate.boot.model.internal.PropertyBinder - Building property trainers
2025-08-01 19:23:52.258 [main] DEBUG org.hibernate.boot.registry.classloading.internal.ClassLoaderServiceImpl - HHH000194: Package not found or no package-info.java: com.example.trainup.model
2025-08-01 19:23:52.260 [main] DEBUG org.hibernate.boot.model.internal.EntityBinder - Binding entity from annotated class: com.example.trainup.model.Event
2025-08-01 19:23:52.260 [main] DEBUG org.hibernate.boot.model.internal.EntityBinder - Import with entity name Event
2025-08-01 19:23:52.261 [main] DEBUG org.hibernate.boot.model.internal.EntityBinder - Bind entity com.example.trainup.model.Event on table events
2025-08-01 19:23:52.261 [main] DEBUG org.hibernate.boot.model.internal.AnnotatedColumn - Binding column: AnnotatedDiscriminatorColumn(column='DTYPE')
2025-08-01 19:23:52.263 [main] DEBUG org.hibernate.boot.model.internal.AnnotatedColumn - Binding column: AnnotatedColumn()
2025-08-01 19:23:52.264 [main] DEBUG org.hibernate.boot.internal.ClassLoaderAccessImpl - Not known whether passed class name [com.example.trainup.model.Event] is safe
2025-08-01 19:23:52.264 [main] DEBUG org.hibernate.boot.internal.ClassLoaderAccessImpl - No temp ClassLoader provided; using live ClassLoader for loading potentially unsafe class : com.example.trainup.model.Event
2025-08-01 19:23:52.264 [main] DEBUG org.hibernate.boot.model.internal.PropertyBinder - MetadataSourceProcessor property id with lazy=false
2025-08-01 19:23:52.265 [main] DEBUG org.hibernate.boot.model.internal.AbstractPropertyHolder - Attempting to locate auto-apply AttributeConverter for property [com.example.trainup.model.Event:id]
2025-08-01 19:23:52.265 [main] DEBUG org.hibernate.boot.model.internal.BasicValueBinder - building BasicValue for id
2025-08-01 19:23:52.266 [main] DEBUG org.hibernate.mapping.BasicValue - Skipping column re-registration: events.id
2025-08-01 19:23:52.266 [main] DEBUG org.hibernate.boot.model.internal.PropertyBinder - Building property id
2025-08-01 19:23:52.266 [main] DEBUG org.hibernate.boot.model.internal.BinderHelper - #makeIdGenerator(BasicValue([Column(id)]), id, identity, , ...)
2025-08-01 19:23:52.267 [main] DEBUG org.hibernate.boot.model.internal.AnnotatedColumn - Binding column: AnnotatedColumn()
2025-08-01 19:23:52.268 [main] DEBUG org.hibernate.boot.model.internal.PropertyBinder - MetadataSourceProcessor property dateTime with lazy=false
2025-08-01 19:23:52.268 [main] DEBUG org.hibernate.boot.model.internal.AbstractPropertyHolder - Attempting to locate auto-apply AttributeConverter for property [com.example.trainup.model.Event:dateTime]
2025-08-01 19:23:52.269 [main] DEBUG org.hibernate.boot.model.internal.BasicValueBinder - building BasicValue for dateTime
2025-08-01 19:23:52.269 [main] DEBUG org.hibernate.mapping.BasicValue - Skipping column re-registration: events.date_time
2025-08-01 19:23:52.269 [main] DEBUG org.hibernate.boot.model.internal.PropertyBinder - Building property dateTime
2025-08-01 19:23:52.270 [main] DEBUG org.hibernate.boot.model.internal.AnnotatedColumn - Binding column: AnnotatedColumn()
2025-08-01 19:23:52.270 [main] DEBUG org.hibernate.boot.model.internal.PropertyBinder - MetadataSourceProcessor property description with lazy=false
2025-08-01 19:23:52.271 [main] DEBUG org.hibernate.boot.model.internal.AbstractPropertyHolder - Attempting to locate auto-apply AttributeConverter for property [com.example.trainup.model.Event:description]
2025-08-01 19:23:52.271 [main] DEBUG org.hibernate.boot.model.internal.BasicValueBinder - building BasicValue for description
2025-08-01 19:23:52.271 [main] DEBUG org.hibernate.mapping.BasicValue - Skipping column re-registration: events.description
2025-08-01 19:23:52.272 [main] DEBUG org.hibernate.boot.model.internal.PropertyBinder - Building property description
2025-08-01 19:23:52.272 [main] DEBUG org.hibernate.boot.model.internal.AnnotatedColumn - Binding column: AnnotatedJoinColumn(column='gym_id')
2025-08-01 19:23:52.273 [main] DEBUG org.hibernate.boot.model.internal.AnnotatedColumn - Binding column: AnnotatedColumn()
2025-08-01 19:23:52.273 [main] DEBUG org.hibernate.boot.model.internal.PropertyBinder - Building property gym
2025-08-01 19:23:52.274 [main] DEBUG org.hibernate.boot.model.internal.AnnotatedColumn - Binding column: AnnotatedColumn()
2025-08-01 19:23:52.275 [main] DEBUG org.hibernate.boot.model.internal.PropertyBinder - MetadataSourceProcessor property name with lazy=false
2025-08-01 19:23:52.275 [main] DEBUG org.hibernate.boot.model.internal.AbstractPropertyHolder - Attempting to locate auto-apply AttributeConverter for property [com.example.trainup.model.Event:name]
2025-08-01 19:23:52.276 [main] DEBUG org.hibernate.boot.model.internal.BasicValueBinder - building BasicValue for name
2025-08-01 19:23:52.276 [main] DEBUG org.hibernate.mapping.BasicValue - Skipping column re-registration: events.name
2025-08-01 19:23:52.276 [main] DEBUG org.hibernate.boot.model.internal.PropertyBinder - Building property name
2025-08-01 19:23:52.277 [main] DEBUG org.hibernate.boot.model.internal.AnnotatedColumn - Binding column: AnnotatedJoinColumn(column='sport_id')
2025-08-01 19:23:52.277 [main] DEBUG org.hibernate.boot.model.internal.AnnotatedColumn - Binding column: AnnotatedColumn()
2025-08-01 19:23:52.278 [main] DEBUG org.hibernate.boot.model.internal.PropertyBinder - Building property sport
2025-08-01 19:23:52.278 [main] DEBUG org.hibernate.boot.model.internal.AnnotatedColumn - Binding column: AnnotatedJoinColumn(column='trainer_id')
2025-08-01 19:23:52.279 [main] DEBUG org.hibernate.boot.model.internal.AnnotatedColumn - Binding column: AnnotatedColumn()
2025-08-01 19:23:52.279 [main] DEBUG org.hibernate.boot.model.internal.PropertyBinder - Building property trainer
2025-08-01 19:23:52.305 [main] DEBUG org.hibernate.boot.registry.classloading.internal.ClassLoaderServiceImpl - HHH000194: Package not found or no package-info.java: com.example.trainup.model
2025-08-01 19:23:52.306 [main] DEBUG org.hibernate.boot.model.internal.EntityBinder - Binding entity from annotated class: com.example.trainup.model.Gym
2025-08-01 19:23:52.307 [main] DEBUG org.hibernate.boot.model.internal.EntityBinder - Import with entity name Gym
2025-08-01 19:23:52.308 [main] DEBUG org.hibernate.boot.model.internal.EntityBinder - Bind entity com.example.trainup.model.Gym on table gyms
2025-08-01 19:23:52.308 [main] DEBUG org.hibernate.boot.model.internal.AnnotatedColumn - Binding column: AnnotatedDiscriminatorColumn(column='DTYPE')
2025-08-01 19:23:52.311 [main] DEBUG org.hibernate.boot.model.internal.AnnotatedColumn - Binding column: AnnotatedColumn()
2025-08-01 19:23:52.312 [main] DEBUG org.hibernate.boot.internal.ClassLoaderAccessImpl - Not known whether passed class name [com.example.trainup.model.Gym] is safe
2025-08-01 19:23:52.312 [main] DEBUG org.hibernate.boot.internal.ClassLoaderAccessImpl - No temp ClassLoader provided; using live ClassLoader for loading potentially unsafe class : com.example.trainup.model.Gym
2025-08-01 19:23:52.313 [main] DEBUG org.hibernate.boot.model.internal.PropertyBinder - MetadataSourceProcessor property id with lazy=false
2025-08-01 19:23:52.313 [main] DEBUG org.hibernate.boot.model.internal.AbstractPropertyHolder - Attempting to locate auto-apply AttributeConverter for property [com.example.trainup.model.Gym:id]
2025-08-01 19:23:52.313 [main] DEBUG org.hibernate.boot.model.internal.BasicValueBinder - building BasicValue for id
2025-08-01 19:23:52.314 [main] DEBUG org.hibernate.mapping.BasicValue - Skipping column re-registration: gyms.id
2025-08-01 19:23:52.314 [main] DEBUG org.hibernate.boot.model.internal.PropertyBinder - Building property id
2025-08-01 19:23:52.314 [main] DEBUG org.hibernate.boot.model.internal.BinderHelper - #makeIdGenerator(BasicValue([Column(id)]), id, identity, , ...)
2025-08-01 19:23:52.315 [main] DEBUG org.hibernate.boot.model.internal.AnnotatedColumn - Binding column: AnnotatedColumn()
2025-08-01 19:23:52.316 [main] DEBUG org.hibernate.boot.model.internal.PropertyBinder - MetadataSourceProcessor property description with lazy=false
2025-08-01 19:23:52.317 [main] DEBUG org.hibernate.boot.model.internal.AbstractPropertyHolder - Attempting to locate auto-apply AttributeConverter for property [com.example.trainup.model.Gym:description]
2025-08-01 19:23:52.317 [main] DEBUG org.hibernate.boot.model.internal.BasicValueBinder - building BasicValue for description
2025-08-01 19:23:52.317 [main] DEBUG org.hibernate.mapping.BasicValue - Skipping column re-registration: gyms.description
2025-08-01 19:23:52.318 [main] DEBUG org.hibernate.boot.model.internal.PropertyBinder - Building property description
2025-08-01 19:23:52.318 [main] DEBUG org.hibernate.boot.model.internal.AnnotatedColumn - Binding column: AnnotatedJoinColumn(column='gym_owner_id')
2025-08-01 19:23:52.319 [main] DEBUG org.hibernate.boot.model.internal.AnnotatedColumn - Binding column: AnnotatedColumn()
2025-08-01 19:23:52.320 [main] DEBUG org.hibernate.boot.model.internal.PropertyBinder - Building property gymOwner
2025-08-01 19:23:52.320 [main] DEBUG org.hibernate.boot.model.internal.AnnotatedColumn - Binding column: AnnotatedColumn()
2025-08-01 19:23:52.321 [main] DEBUG org.hibernate.boot.model.internal.PropertyBinder - MetadataSourceProcessor property isDeleted with lazy=false
2025-08-01 19:23:52.321 [main] DEBUG org.hibernate.boot.model.internal.AbstractPropertyHolder - Attempting to locate auto-apply AttributeConverter for property [com.example.trainup.model.Gym:isDeleted]
2025-08-01 19:23:52.321 [main] DEBUG org.hibernate.boot.model.internal.BasicValueBinder - building BasicValue for isDeleted
2025-08-01 19:23:52.322 [main] DEBUG org.hibernate.mapping.BasicValue - Skipping column re-registration: gyms.is_deleted
2025-08-01 19:23:52.322 [main] DEBUG org.hibernate.boot.model.internal.PropertyBinder - Building property isDeleted
2025-08-01 19:23:52.323 [main] DEBUG org.hibernate.boot.model.internal.AnnotatedColumn - Binding column: AnnotatedJoinColumn(column='address_id')
2025-08-01 19:23:52.323 [main] DEBUG org.hibernate.boot.model.internal.AnnotatedColumn - Binding column: AnnotatedColumn()
2025-08-01 19:23:52.324 [main] DEBUG org.hibernate.boot.model.internal.PropertyBinder - Building property location
2025-08-01 19:23:52.325 [main] DEBUG org.hibernate.boot.model.internal.AnnotatedColumn - Binding column: AnnotatedColumn()
2025-08-01 19:23:52.325 [main] DEBUG org.hibernate.boot.model.internal.PropertyBinder - MetadataSourceProcessor property name with lazy=false
2025-08-01 19:23:52.326 [main] DEBUG org.hibernate.boot.model.internal.AbstractPropertyHolder - Attempting to locate auto-apply AttributeConverter for property [com.example.trainup.model.Gym:name]
2025-08-01 19:23:52.327 [main] DEBUG org.hibernate.boot.model.internal.BasicValueBinder - building BasicValue for name
2025-08-01 19:23:52.327 [main] DEBUG org.hibernate.mapping.BasicValue - Skipping column re-registration: gyms.name
2025-08-01 19:23:52.328 [main] DEBUG org.hibernate.boot.model.internal.PropertyBinder - Building property name
2025-08-01 19:23:52.328 [main] DEBUG org.hibernate.boot.model.internal.AnnotatedColumn - Binding column: AnnotatedColumn()
2025-08-01 19:23:52.331 [main] DEBUG org.hibernate.boot.model.internal.PropertyBinder - MetadataSourceProcessor property numberOfReviews with lazy=false
2025-08-01 19:23:52.331 [main] DEBUG org.hibernate.boot.model.internal.AbstractPropertyHolder - Attempting to locate auto-apply AttributeConverter for property [com.example.trainup.model.Gym:numberOfReviews]
2025-08-01 19:23:52.332 [main] DEBUG org.hibernate.boot.model.internal.BasicValueBinder - building BasicValue for numberOfReviews
2025-08-01 19:23:52.332 [main] DEBUG org.hibernate.mapping.BasicValue - Skipping column re-registration: gyms.number_of_reviews
2025-08-01 19:23:52.333 [main] DEBUG org.hibernate.boot.model.internal.PropertyBinder - Building property numberOfReviews
2025-08-01 19:23:52.334 [main] DEBUG org.hibernate.boot.model.internal.AnnotatedColumn - Binding column: AnnotatedColumn()
2025-08-01 19:23:52.334 [main] DEBUG org.hibernate.boot.model.internal.PropertyBinder - MetadataSourceProcessor property overallRating with lazy=false
2025-08-01 19:23:52.335 [main] DEBUG org.hibernate.boot.model.internal.AbstractPropertyHolder - Attempting to locate auto-apply AttributeConverter for property [com.example.trainup.model.Gym:overallRating]
2025-08-01 19:23:52.335 [main] DEBUG org.hibernate.boot.model.internal.BasicValueBinder - building BasicValue for overallRating
2025-08-01 19:23:52.336 [main] DEBUG org.hibernate.mapping.BasicValue - Skipping column re-registration: gyms.overall_rating
2025-08-01 19:23:52.336 [main] DEBUG org.hibernate.boot.model.internal.PropertyBinder - Building property overallRating
2025-08-01 19:23:52.337 [main] DEBUG org.hibernate.boot.model.internal.AnnotatedColumn - Binding column: AnnotatedColumn(column='phone_numbers')
2025-08-01 19:23:52.338 [main] DEBUG org.hibernate.boot.model.internal.AnnotatedColumn - Binding column: AnnotatedJoinColumn()
2025-08-01 19:23:52.339 [main] DEBUG org.hibernate.boot.model.internal.AnnotatedColumn - Binding column: IndexColumn(column='phoneNumbers_ORDER')
2025-08-01 19:23:52.339 [main] DEBUG org.hibernate.boot.model.internal.AnnotatedColumn - Binding column: AnnotatedColumn(column='phone_numbers')
2025-08-01 19:23:52.340 [main] DEBUG org.hibernate.boot.model.internal.AnnotatedColumn - Binding column: AnnotatedColumn(column='phoneNumbers_KEY')
2025-08-01 19:23:52.340 [main] DEBUG org.hibernate.boot.model.internal.AnnotatedColumn - Binding column: AnnotatedJoinColumn(column='phoneNumbers_KEY')
2025-08-01 19:23:52.341 [main] DEBUG org.hibernate.boot.model.internal.AnnotatedColumn - Binding column: AnnotatedJoinColumn(column='gym_id')
2025-08-01 19:23:52.341 [main] DEBUG org.hibernate.boot.model.internal.AnnotatedColumn - Binding column: AnnotatedJoinColumn()
2025-08-01 19:23:52.342 [main] DEBUG org.hibernate.boot.model.internal.CollectionBinder - Collection role: com.example.trainup.model.Gym.phoneNumbers
2025-08-01 19:23:52.342 [main] DEBUG org.hibernate.boot.model.internal.PropertyBinder - Building property phoneNumbers
2025-08-01 19:23:52.343 [main] DEBUG org.hibernate.boot.model.internal.AnnotatedColumn - Binding column: AnnotatedJoinColumn()
2025-08-01 19:23:52.344 [main] DEBUG org.hibernate.boot.model.internal.AnnotatedColumn - Binding column: AnnotatedColumn()
2025-08-01 19:23:52.344 [main] DEBUG org.hibernate.boot.model.internal.AnnotatedColumn - Binding column: IndexColumn(column='photos_ORDER')
2025-08-01 19:23:52.345 [main] DEBUG org.hibernate.boot.model.internal.AnnotatedColumn - Binding column: AnnotatedColumn()
2025-08-01 19:23:52.345 [main] DEBUG org.hibernate.boot.model.internal.AnnotatedColumn - Binding column: AnnotatedColumn(column='photos_KEY')
2025-08-01 19:23:52.347 [main] DEBUG org.hibernate.boot.model.internal.AnnotatedColumn - Binding column: AnnotatedJoinColumn(column='photos_KEY')
2025-08-01 19:23:52.347 [main] DEBUG org.hibernate.boot.model.internal.AnnotatedColumn - Binding column: AnnotatedJoinColumn()
2025-08-01 19:23:52.347 [main] DEBUG org.hibernate.boot.model.internal.AnnotatedColumn - Binding column: AnnotatedJoinColumn()
2025-08-01 19:23:52.348 [main] DEBUG org.hibernate.boot.model.internal.CollectionBinder - Collection role: com.example.trainup.model.Gym.photos
2025-08-01 19:23:52.348 [main] DEBUG org.hibernate.boot.model.internal.PropertyBinder - Building property photos
2025-08-01 19:23:52.349 [main] DEBUG org.hibernate.boot.model.internal.AnnotatedColumn - Binding column: AnnotatedJoinColumn()
2025-08-01 19:23:52.349 [main] DEBUG org.hibernate.boot.model.internal.AnnotatedColumn - Binding column: AnnotatedColumn()
2025-08-01 19:23:52.350 [main] DEBUG org.hibernate.boot.model.internal.AnnotatedColumn - Binding column: IndexColumn(column='reviews_ORDER')
2025-08-01 19:23:52.350 [main] DEBUG org.hibernate.boot.model.internal.AnnotatedColumn - Binding column: AnnotatedColumn()
2025-08-01 19:23:52.350 [main] DEBUG org.hibernate.boot.model.internal.AnnotatedColumn - Binding column: AnnotatedColumn(column='reviews_KEY')
2025-08-01 19:23:52.351 [main] DEBUG org.hibernate.boot.model.internal.AnnotatedColumn - Binding column: AnnotatedJoinColumn(column='reviews_KEY')
2025-08-01 19:23:52.351 [main] DEBUG org.hibernate.boot.model.internal.AnnotatedColumn - Binding column: AnnotatedJoinColumn()
2025-08-01 19:23:52.352 [main] DEBUG org.hibernate.boot.model.internal.AnnotatedColumn - Binding column: AnnotatedJoinColumn()
2025-08-01 19:23:52.352 [main] DEBUG org.hibernate.boot.model.internal.CollectionBinder - Collection role: com.example.trainup.model.Gym.reviews
2025-08-01 19:23:52.353 [main] DEBUG org.hibernate.boot.model.internal.PropertyBinder - Building property reviews
2025-08-01 19:23:52.353 [main] DEBUG org.hibernate.boot.model.internal.AnnotatedColumn - Binding column: IndexColumn(column='sports_ORDER')
2025-08-01 19:23:52.354 [main] DEBUG org.hibernate.boot.model.internal.AnnotatedColumn - Binding column: AnnotatedColumn()
2025-08-01 19:23:52.354 [main] DEBUG org.hibernate.boot.model.internal.AnnotatedColumn - Binding column: AnnotatedColumn(column='sports_KEY')
2025-08-01 19:23:52.355 [main] DEBUG org.hibernate.boot.model.internal.AnnotatedColumn - Binding column: AnnotatedJoinColumn(column='sports_KEY')
2025-08-01 19:23:52.355 [main] DEBUG org.hibernate.boot.model.internal.AnnotatedColumn - Binding column: AnnotatedJoinColumn(column='gym_id')
2025-08-01 19:23:52.355 [main] DEBUG org.hibernate.boot.model.internal.AnnotatedColumn - Binding column: AnnotatedJoinColumn(column='sport_id')
2025-08-01 19:23:52.356 [main] DEBUG org.hibernate.boot.model.internal.CollectionBinder - Collection role: com.example.trainup.model.Gym.sports
2025-08-01 19:23:52.356 [main] DEBUG org.hibernate.boot.model.internal.PropertyBinder - Building property sports
2025-08-01 19:23:52.357 [main] DEBUG org.hibernate.boot.model.internal.AnnotatedColumn - Binding column: IndexColumn(column='trainers_ORDER')
2025-08-01 19:23:52.357 [main] DEBUG org.hibernate.boot.model.internal.AnnotatedColumn - Binding column: AnnotatedColumn()
2025-08-01 19:23:52.358 [main] DEBUG org.hibernate.boot.model.internal.AnnotatedColumn - Binding column: AnnotatedColumn(column='trainers_KEY')
2025-08-01 19:23:52.358 [main] DEBUG org.hibernate.boot.model.internal.AnnotatedColumn - Binding column: AnnotatedJoinColumn(column='trainers_KEY')
2025-08-01 19:23:52.358 [main] DEBUG org.hibernate.boot.model.internal.AnnotatedColumn - Binding column: AnnotatedJoinColumn(column='gym_id')
2025-08-01 19:23:52.359 [main] DEBUG org.hibernate.boot.model.internal.AnnotatedColumn - Binding column: AnnotatedJoinColumn(column='trainer_id')
2025-08-01 19:23:52.359 [main] DEBUG org.hibernate.boot.model.internal.CollectionBinder - Collection role: com.example.trainup.model.Gym.trainers
2025-08-01 19:23:52.360 [main] DEBUG org.hibernate.boot.model.internal.PropertyBinder - Building property trainers
2025-08-01 19:23:52.360 [main] DEBUG org.hibernate.boot.model.internal.AnnotatedColumn - Binding column: AnnotatedColumn()
2025-08-01 19:23:52.361 [main] DEBUG org.hibernate.boot.model.internal.PropertyBinder - MetadataSourceProcessor property website with lazy=false
2025-08-01 19:23:52.361 [main] DEBUG org.hibernate.boot.model.internal.AbstractPropertyHolder - Attempting to locate auto-apply AttributeConverter for property [com.example.trainup.model.Gym:website]
2025-08-01 19:23:52.361 [main] DEBUG org.hibernate.boot.model.internal.BasicValueBinder - building BasicValue for website
2025-08-01 19:23:52.361 [main] DEBUG org.hibernate.mapping.BasicValue - Skipping column re-registration: gyms.website
2025-08-01 19:23:52.362 [main] DEBUG org.hibernate.boot.model.internal.PropertyBinder - Building property website
2025-08-01 19:23:52.362 [main] DEBUG org.hibernate.boot.model.internal.AnnotatedColumn - Binding column: AnnotatedJoinColumn()
2025-08-01 19:23:52.363 [main] DEBUG org.hibernate.boot.model.internal.AnnotatedColumn - Binding column: AnnotatedColumn()
2025-08-01 19:23:52.363 [main] DEBUG org.hibernate.boot.model.internal.AnnotatedColumn - Binding column: IndexColumn(column='workingHours_ORDER')
2025-08-01 19:23:52.364 [main] DEBUG org.hibernate.boot.model.internal.AnnotatedColumn - Binding column: AnnotatedColumn()
2025-08-01 19:23:52.365 [main] DEBUG org.hibernate.boot.model.internal.AnnotatedColumn - Binding column: AnnotatedColumn(column='workingHours_KEY')
2025-08-01 19:23:52.365 [main] DEBUG org.hibernate.boot.model.internal.AnnotatedColumn - Binding column: AnnotatedJoinColumn(column='workingHours_KEY')
2025-08-01 19:23:52.366 [main] DEBUG org.hibernate.boot.model.internal.AnnotatedColumn - Binding column: AnnotatedJoinColumn(column='gym_id')
2025-08-01 19:23:52.366 [main] DEBUG org.hibernate.boot.model.internal.AnnotatedColumn - Binding column: AnnotatedJoinColumn()
2025-08-01 19:23:52.367 [main] DEBUG org.hibernate.boot.model.internal.CollectionBinder - Collection role: com.example.trainup.model.Gym.workingHours
2025-08-01 19:23:52.367 [main] DEBUG org.hibernate.boot.model.internal.PropertyBinder - Building property workingHours
2025-08-01 19:23:52.394 [main] DEBUG org.hibernate.boot.registry.classloading.internal.ClassLoaderServiceImpl - HHH000194: Package not found or no package-info.java: com.example.trainup.model
2025-08-01 19:23:52.396 [main] DEBUG org.hibernate.boot.model.internal.EntityBinder - Binding entity from annotated class: com.example.trainup.model.GymPhoto
2025-08-01 19:23:52.396 [main] DEBUG org.hibernate.boot.model.internal.EntityBinder - Import with entity name GymPhoto
2025-08-01 19:23:52.397 [main] DEBUG org.hibernate.boot.model.internal.EntityBinder - Bind entity com.example.trainup.model.GymPhoto on table gym_photos
2025-08-01 19:23:52.397 [main] DEBUG org.hibernate.boot.model.internal.AnnotatedColumn - Binding column: AnnotatedDiscriminatorColumn(column='DTYPE')
2025-08-01 19:23:52.398 [main] DEBUG org.hibernate.boot.model.internal.AnnotatedColumn - Binding column: AnnotatedColumn()
2025-08-01 19:23:52.398 [main] DEBUG org.hibernate.boot.internal.ClassLoaderAccessImpl - Not known whether passed class name [com.example.trainup.model.GymPhoto] is safe
2025-08-01 19:23:52.399 [main] DEBUG org.hibernate.boot.internal.ClassLoaderAccessImpl - No temp ClassLoader provided; using live ClassLoader for loading potentially unsafe class : com.example.trainup.model.GymPhoto
2025-08-01 19:23:52.399 [main] DEBUG org.hibernate.boot.model.internal.PropertyBinder - MetadataSourceProcessor property id with lazy=false
2025-08-01 19:23:52.399 [main] DEBUG org.hibernate.boot.model.internal.AbstractPropertyHolder - Attempting to locate auto-apply AttributeConverter for property [com.example.trainup.model.GymPhoto:id]
2025-08-01 19:23:52.400 [main] DEBUG org.hibernate.boot.model.internal.BasicValueBinder - building BasicValue for id
2025-08-01 19:23:52.400 [main] DEBUG org.hibernate.mapping.BasicValue - Skipping column re-registration: gym_photos.id
2025-08-01 19:23:52.400 [main] DEBUG org.hibernate.boot.model.internal.PropertyBinder - Building property id
2025-08-01 19:23:52.401 [main] DEBUG org.hibernate.boot.model.internal.BinderHelper - #makeIdGenerator(BasicValue([Column(id)]), id, identity, , ...)
2025-08-01 19:23:52.401 [main] DEBUG org.hibernate.boot.model.internal.AnnotatedColumn - Binding column: AnnotatedJoinColumn(column='gym_id')
2025-08-01 19:23:52.402 [main] DEBUG org.hibernate.boot.model.internal.AnnotatedColumn - Binding column: AnnotatedColumn()
2025-08-01 19:23:52.402 [main] DEBUG org.hibernate.boot.model.internal.PropertyBinder - Building property gym
2025-08-01 19:23:52.402 [main] DEBUG org.hibernate.boot.model.internal.AnnotatedColumn - Binding column: AnnotatedColumn()
2025-08-01 19:23:52.403 [main] DEBUG org.hibernate.boot.model.internal.PropertyBinder - MetadataSourceProcessor property imageUrl with lazy=false
2025-08-01 19:23:52.403 [main] DEBUG org.hibernate.boot.model.internal.AbstractPropertyHolder - Attempting to locate auto-apply AttributeConverter for property [com.example.trainup.model.GymPhoto:imageUrl]
2025-08-01 19:23:52.403 [main] DEBUG org.hibernate.boot.model.internal.BasicValueBinder - building BasicValue for imageUrl
2025-08-01 19:23:52.404 [main] DEBUG org.hibernate.mapping.BasicValue - Skipping column re-registration: gym_photos.image_url
2025-08-01 19:23:52.404 [main] DEBUG org.hibernate.boot.model.internal.PropertyBinder - Building property imageUrl
2025-08-01 19:23:52.405 [main] DEBUG org.hibernate.boot.model.internal.AnnotatedColumn - Binding column: AnnotatedColumn()
2025-08-01 19:23:52.405 [main] DEBUG org.hibernate.boot.model.internal.PropertyBinder - MetadataSourceProcessor property isDeleted with lazy=false
2025-08-01 19:23:52.405 [main] DEBUG org.hibernate.boot.model.internal.AbstractPropertyHolder - Attempting to locate auto-apply AttributeConverter for property [com.example.trainup.model.GymPhoto:isDeleted]
2025-08-01 19:23:52.406 [main] DEBUG org.hibernate.boot.model.internal.BasicValueBinder - building BasicValue for isDeleted
2025-08-01 19:23:52.406 [main] DEBUG org.hibernate.mapping.BasicValue - Skipping column re-registration: gym_photos.is_deleted
2025-08-01 19:23:52.406 [main] DEBUG org.hibernate.boot.model.internal.PropertyBinder - Building property isDeleted
2025-08-01 19:23:52.437 [main] DEBUG org.hibernate.boot.registry.classloading.internal.ClassLoaderServiceImpl - HHH000194: Package not found or no package-info.java: com.example.trainup.model
2025-08-01 19:23:52.438 [main] DEBUG org.hibernate.boot.model.internal.EntityBinder - Binding entity from annotated class: com.example.trainup.model.Review
2025-08-01 19:23:52.438 [main] DEBUG org.hibernate.boot.model.internal.EntityBinder - Import with entity name Review
2025-08-01 19:23:52.439 [main] DEBUG org.hibernate.boot.model.internal.EntityBinder - Bind entity com.example.trainup.model.Review on table reviews
2025-08-01 19:23:52.439 [main] DEBUG org.hibernate.boot.model.internal.AnnotatedColumn - Binding column: AnnotatedDiscriminatorColumn(column='DTYPE')
2025-08-01 19:23:52.441 [main] DEBUG org.hibernate.boot.model.internal.AnnotatedColumn - Binding column: AnnotatedColumn()
2025-08-01 19:23:52.442 [main] DEBUG org.hibernate.boot.internal.ClassLoaderAccessImpl - Not known whether passed class name [com.example.trainup.model.Review] is safe
2025-08-01 19:23:52.442 [main] DEBUG org.hibernate.boot.internal.ClassLoaderAccessImpl - No temp ClassLoader provided; using live ClassLoader for loading potentially unsafe class : com.example.trainup.model.Review
2025-08-01 19:23:52.442 [main] DEBUG org.hibernate.boot.model.internal.PropertyBinder - MetadataSourceProcessor property id with lazy=false
2025-08-01 19:23:52.443 [main] DEBUG org.hibernate.boot.model.internal.AbstractPropertyHolder - Attempting to locate auto-apply AttributeConverter for property [com.example.trainup.model.Review:id]
2025-08-01 19:23:52.443 [main] DEBUG org.hibernate.boot.model.internal.BasicValueBinder - building BasicValue for id
2025-08-01 19:23:52.444 [main] DEBUG org.hibernate.mapping.BasicValue - Skipping column re-registration: reviews.id
2025-08-01 19:23:52.444 [main] DEBUG org.hibernate.boot.model.internal.PropertyBinder - Building property id
2025-08-01 19:23:52.445 [main] DEBUG org.hibernate.boot.model.internal.BinderHelper - #makeIdGenerator(BasicValue([Column(id)]), id, identity, , ...)
2025-08-01 19:23:52.445 [main] DEBUG org.hibernate.boot.model.internal.AnnotatedColumn - Binding column: AnnotatedJoinColumn(column='athlete_id')
2025-08-01 19:23:52.446 [main] DEBUG org.hibernate.boot.model.internal.AnnotatedColumn - Binding column: AnnotatedColumn()
2025-08-01 19:23:52.447 [main] DEBUG org.hibernate.boot.model.internal.PropertyBinder - Building property author
2025-08-01 19:23:52.447 [main] DEBUG org.hibernate.boot.model.internal.AnnotatedColumn - Binding column: AnnotatedColumn()
2025-08-01 19:23:52.448 [main] DEBUG org.hibernate.boot.model.internal.PropertyBinder - MetadataSourceProcessor property description with lazy=false
2025-08-01 19:23:52.448 [main] DEBUG org.hibernate.boot.model.internal.AbstractPropertyHolder - Attempting to locate auto-apply AttributeConverter for property [com.example.trainup.model.Review:description]
2025-08-01 19:23:52.448 [main] DEBUG org.hibernate.boot.model.internal.BasicValueBinder - building BasicValue for description
2025-08-01 19:23:52.449 [main] DEBUG org.hibernate.mapping.BasicValue - Skipping column re-registration: reviews.description
2025-08-01 19:23:52.449 [main] DEBUG org.hibernate.boot.model.internal.PropertyBinder - Building property description
2025-08-01 19:23:52.450 [main] DEBUG org.hibernate.boot.model.internal.AnnotatedColumn - Binding column: AnnotatedJoinColumn(column='gym_id')
2025-08-01 19:23:52.450 [main] DEBUG org.hibernate.boot.model.internal.AnnotatedColumn - Binding column: AnnotatedColumn()
2025-08-01 19:23:52.451 [main] DEBUG org.hibernate.boot.model.internal.PropertyBinder - Building property gym
2025-08-01 19:23:52.451 [main] DEBUG org.hibernate.boot.model.internal.AnnotatedColumn - Binding column: AnnotatedColumn()
2025-08-01 19:23:52.452 [main] DEBUG org.hibernate.boot.model.internal.PropertyBinder - MetadataSourceProcessor property rating with lazy=false
2025-08-01 19:23:52.452 [main] DEBUG org.hibernate.boot.model.internal.AbstractPropertyHolder - Attempting to locate auto-apply AttributeConverter for property [com.example.trainup.model.Review:rating]
2025-08-01 19:23:52.453 [main] DEBUG org.hibernate.boot.model.internal.BasicValueBinder - building BasicValue for rating
2025-08-01 19:23:52.453 [main] DEBUG org.hibernate.mapping.BasicValue - Skipping column re-registration: reviews.rating
2025-08-01 19:23:52.454 [main] DEBUG org.hibernate.boot.model.internal.PropertyBinder - Building property rating
2025-08-01 19:23:52.454 [main] DEBUG org.hibernate.boot.model.internal.AnnotatedColumn - Binding column: AnnotatedJoinColumn(column='trainer_id')
2025-08-01 19:23:52.454 [main] DEBUG org.hibernate.boot.model.internal.AnnotatedColumn - Binding column: AnnotatedColumn()
2025-08-01 19:23:52.455 [main] DEBUG org.hibernate.boot.model.internal.PropertyBinder - Building property trainer
2025-08-01 19:23:52.487 [main] DEBUG org.hibernate.boot.registry.classloading.internal.ClassLoaderServiceImpl - HHH000194: Package not found or no package-info.java: com.example.trainup.model
2025-08-01 19:23:52.488 [main] DEBUG org.hibernate.boot.model.internal.EntityBinder - Binding entity from annotated class: com.example.trainup.model.Role
2025-08-01 19:23:52.489 [main] DEBUG org.hibernate.boot.model.internal.EntityBinder - Import with entity name Role
2025-08-01 19:23:52.489 [main] DEBUG org.hibernate.boot.model.internal.EntityBinder - Bind entity com.example.trainup.model.Role on table roles
2025-08-01 19:23:52.490 [main] DEBUG org.hibernate.boot.model.internal.AnnotatedColumn - Binding column: AnnotatedDiscriminatorColumn(column='DTYPE')
2025-08-01 19:23:52.491 [main] DEBUG org.hibernate.boot.model.internal.AnnotatedColumn - Binding column: AnnotatedColumn()
2025-08-01 19:23:52.491 [main] DEBUG org.hibernate.boot.internal.ClassLoaderAccessImpl - Not known whether passed class name [com.example.trainup.model.Role] is safe
2025-08-01 19:23:52.492 [main] DEBUG org.hibernate.boot.internal.ClassLoaderAccessImpl - No temp ClassLoader provided; using live ClassLoader for loading potentially unsafe class : com.example.trainup.model.Role
2025-08-01 19:23:52.492 [main] DEBUG org.hibernate.boot.model.internal.PropertyBinder - MetadataSourceProcessor property id with lazy=false
2025-08-01 19:23:52.493 [main] DEBUG org.hibernate.boot.model.internal.AbstractPropertyHolder - Attempting to locate auto-apply AttributeConverter for property [com.example.trainup.model.Role:id]
2025-08-01 19:23:52.494 [main] DEBUG org.hibernate.boot.model.internal.BasicValueBinder - building BasicValue for id
2025-08-01 19:23:52.494 [main] DEBUG org.hibernate.mapping.BasicValue - Skipping column re-registration: roles.id
2025-08-01 19:23:52.495 [main] DEBUG org.hibernate.boot.model.internal.PropertyBinder - Building property id
2025-08-01 19:23:52.495 [main] DEBUG org.hibernate.boot.model.internal.BinderHelper - #makeIdGenerator(BasicValue([Column(id)]), id, identity, , ...)
2025-08-01 19:23:52.496 [main] DEBUG org.hibernate.boot.model.internal.AnnotatedColumn - Binding column: AnnotatedColumn()
2025-08-01 19:23:52.497 [main] DEBUG org.hibernate.boot.model.internal.PropertyBinder - MetadataSourceProcessor property name with lazy=false
2025-08-01 19:23:52.497 [main] DEBUG org.hibernate.boot.model.internal.AbstractPropertyHolder - Attempting to locate auto-apply AttributeConverter for property [com.example.trainup.model.Role:name]
2025-08-01 19:23:52.498 [main] DEBUG org.hibernate.boot.model.internal.BasicValueBinder - building BasicValue for name
2025-08-01 19:23:52.498 [main] DEBUG org.hibernate.mapping.BasicValue - Skipping column re-registration: roles.name
2025-08-01 19:23:52.499 [main] DEBUG org.hibernate.boot.model.internal.PropertyBinder - Building property name
2025-08-01 19:23:52.533 [main] DEBUG org.hibernate.boot.registry.classloading.internal.ClassLoaderServiceImpl - HHH000194: Package not found or no package-info.java: com.example.trainup.model
2025-08-01 19:23:52.534 [main] DEBUG org.hibernate.boot.model.internal.EntityBinder - Binding entity from annotated class: com.example.trainup.model.Sport
2025-08-01 19:23:52.535 [main] DEBUG org.hibernate.boot.model.internal.EntityBinder - Import with entity name Sport
2025-08-01 19:23:52.536 [main] DEBUG org.hibernate.boot.model.internal.EntityBinder - Bind entity com.example.trainup.model.Sport on table sports
2025-08-01 19:23:52.536 [main] DEBUG org.hibernate.boot.model.internal.AnnotatedColumn - Binding column: AnnotatedDiscriminatorColumn(column='DTYPE')
2025-08-01 19:23:52.539 [main] DEBUG org.hibernate.boot.model.internal.AnnotatedColumn - Binding column: AnnotatedColumn()
2025-08-01 19:23:52.540 [main] DEBUG org.hibernate.boot.internal.ClassLoaderAccessImpl - Not known whether passed class name [com.example.trainup.model.Sport] is safe
2025-08-01 19:23:52.540 [main] DEBUG org.hibernate.boot.internal.ClassLoaderAccessImpl - No temp ClassLoader provided; using live ClassLoader for loading potentially unsafe class : com.example.trainup.model.Sport
2025-08-01 19:23:52.541 [main] DEBUG org.hibernate.boot.model.internal.PropertyBinder - MetadataSourceProcessor property id with lazy=false
2025-08-01 19:23:52.541 [main] DEBUG org.hibernate.boot.model.internal.AbstractPropertyHolder - Attempting to locate auto-apply AttributeConverter for property [com.example.trainup.model.Sport:id]
2025-08-01 19:23:52.542 [main] DEBUG org.hibernate.boot.model.internal.BasicValueBinder - building BasicValue for id
2025-08-01 19:23:52.542 [main] DEBUG org.hibernate.mapping.BasicValue - Skipping column re-registration: sports.id
2025-08-01 19:23:52.543 [main] DEBUG org.hibernate.boot.model.internal.PropertyBinder - Building property id
2025-08-01 19:23:52.543 [main] DEBUG org.hibernate.boot.model.internal.BinderHelper - #makeIdGenerator(BasicValue([Column(id)]), id, identity, , ...)
2025-08-01 19:23:52.544 [main] DEBUG org.hibernate.boot.model.internal.AnnotatedColumn - Binding column: IndexColumn(column='athletes_ORDER')
2025-08-01 19:23:52.545 [main] DEBUG org.hibernate.boot.model.internal.AnnotatedColumn - Binding column: AnnotatedColumn()
2025-08-01 19:23:52.545 [main] DEBUG org.hibernate.boot.model.internal.AnnotatedColumn - Binding column: AnnotatedColumn(column='athletes_KEY')
2025-08-01 19:23:52.546 [main] DEBUG org.hibernate.boot.model.internal.AnnotatedColumn - Binding column: AnnotatedJoinColumn(column='athletes_KEY')
2025-08-01 19:23:52.546 [main] DEBUG org.hibernate.boot.model.internal.AnnotatedColumn - Binding column: AnnotatedJoinColumn(column='sport_id')
2025-08-01 19:23:52.547 [main] DEBUG org.hibernate.boot.model.internal.AnnotatedColumn - Binding column: AnnotatedJoinColumn(column='athlete_id')
2025-08-01 19:23:52.547 [main] DEBUG org.hibernate.boot.model.internal.CollectionBinder - Collection role: com.example.trainup.model.Sport.athletes
2025-08-01 19:23:52.548 [main] DEBUG org.hibernate.boot.model.internal.PropertyBinder - Building property athletes
2025-08-01 19:23:52.549 [main] DEBUG org.hibernate.boot.model.internal.AnnotatedColumn - Binding column: IndexColumn(column='gyms_ORDER')
2025-08-01 19:23:52.550 [main] DEBUG org.hibernate.boot.model.internal.AnnotatedColumn - Binding column: AnnotatedColumn()
2025-08-01 19:23:52.550 [main] DEBUG org.hibernate.boot.model.internal.AnnotatedColumn - Binding column: AnnotatedColumn(column='gyms_KEY')
2025-08-01 19:23:52.551 [main] DEBUG org.hibernate.boot.model.internal.AnnotatedColumn - Binding column: AnnotatedJoinColumn(column='gyms_KEY')
2025-08-01 19:23:52.551 [main] DEBUG org.hibernate.boot.model.internal.AnnotatedColumn - Binding column: AnnotatedJoinColumn()
2025-08-01 19:23:52.552 [main] DEBUG org.hibernate.boot.model.internal.AnnotatedColumn - Binding column: AnnotatedJoinColumn()
2025-08-01 19:23:52.552 [main] DEBUG org.hibernate.boot.model.internal.CollectionBinder - Collection role: com.example.trainup.model.Sport.gyms
2025-08-01 19:23:52.553 [main] DEBUG org.hibernate.boot.model.internal.PropertyBinder - Building property gyms
2025-08-01 19:23:52.553 [main] DEBUG org.hibernate.boot.model.internal.AnnotatedColumn - Binding column: AnnotatedColumn()
2025-08-01 19:23:52.554 [main] DEBUG org.hibernate.boot.model.internal.PropertyBinder - MetadataSourceProcessor property isDeleted with lazy=false
2025-08-01 19:23:52.554 [main] DEBUG org.hibernate.boot.model.internal.AbstractPropertyHolder - Attempting to locate auto-apply AttributeConverter for property [com.example.trainup.model.Sport:isDeleted]
2025-08-01 19:23:52.555 [main] DEBUG org.hibernate.boot.model.internal.BasicValueBinder - building BasicValue for isDeleted
2025-08-01 19:23:52.555 [main] DEBUG org.hibernate.mapping.BasicValue - Skipping column re-registration: sports.is_deleted
2025-08-01 19:23:52.555 [main] DEBUG org.hibernate.boot.model.internal.PropertyBinder - Building property isDeleted
2025-08-01 19:23:52.556 [main] DEBUG org.hibernate.boot.model.internal.AnnotatedColumn - Binding column: AnnotatedColumn()
2025-08-01 19:23:52.557 [main] DEBUG org.hibernate.boot.model.internal.PropertyBinder - MetadataSourceProcessor property sportName with lazy=false
2025-08-01 19:23:52.557 [main] DEBUG org.hibernate.boot.model.internal.AbstractPropertyHolder - Attempting to locate auto-apply AttributeConverter for property [com.example.trainup.model.Sport:sportName]
2025-08-01 19:23:52.557 [main] DEBUG org.hibernate.boot.model.internal.BasicValueBinder - building BasicValue for sportName
2025-08-01 19:23:52.558 [main] DEBUG org.hibernate.mapping.BasicValue - Skipping column re-registration: sports.sport_name
2025-08-01 19:23:52.558 [main] DEBUG org.hibernate.boot.model.internal.PropertyBinder - Building property sportName
2025-08-01 19:23:52.559 [main] DEBUG org.hibernate.boot.model.internal.AnnotatedColumn - Binding column: IndexColumn(column='trainers_ORDER')
2025-08-01 19:23:52.559 [main] DEBUG org.hibernate.boot.model.internal.AnnotatedColumn - Binding column: AnnotatedColumn()
2025-08-01 19:23:52.561 [main] DEBUG org.hibernate.boot.model.internal.AnnotatedColumn - Binding column: AnnotatedColumn(column='trainers_KEY')
2025-08-01 19:23:52.561 [main] DEBUG org.hibernate.boot.model.internal.AnnotatedColumn - Binding column: AnnotatedJoinColumn(column='trainers_KEY')
2025-08-01 19:23:52.562 [main] DEBUG org.hibernate.boot.model.internal.AnnotatedColumn - Binding column: AnnotatedJoinColumn()
2025-08-01 19:23:52.562 [main] DEBUG org.hibernate.boot.model.internal.AnnotatedColumn - Binding column: AnnotatedJoinColumn()
2025-08-01 19:23:52.562 [main] DEBUG org.hibernate.boot.model.internal.CollectionBinder - Collection role: com.example.trainup.model.Sport.trainers
2025-08-01 19:23:52.563 [main] DEBUG org.hibernate.boot.model.internal.PropertyBinder - Building property trainers
2025-08-01 19:23:52.590 [main] DEBUG org.hibernate.boot.registry.classloading.internal.ClassLoaderServiceImpl - HHH000194: Package not found or no package-info.java: com.example.trainup.model
2025-08-01 19:23:52.591 [main] DEBUG org.hibernate.boot.model.internal.EntityBinder - Binding entity from annotated class: com.example.trainup.model.user.Admin
2025-08-01 19:23:52.592 [main] DEBUG org.hibernate.boot.model.internal.EntityBinder - Import with entity name Admin
2025-08-01 19:23:52.592 [main] DEBUG org.hibernate.boot.model.internal.EntityBinder - Bind entity com.example.trainup.model.user.Admin on table admins
2025-08-01 19:23:52.593 [main] DEBUG org.hibernate.boot.model.internal.AnnotatedColumn - Binding column: AnnotatedDiscriminatorColumn(column='DTYPE')
2025-08-01 19:23:52.594 [main] DEBUG org.hibernate.boot.model.internal.AnnotatedColumn - Binding column: AnnotatedColumn()
2025-08-01 19:23:52.594 [main] DEBUG org.hibernate.boot.internal.ClassLoaderAccessImpl - Not known whether passed class name [com.example.trainup.model.user.Admin] is safe
2025-08-01 19:23:52.595 [main] DEBUG org.hibernate.boot.internal.ClassLoaderAccessImpl - No temp ClassLoader provided; using live ClassLoader for loading potentially unsafe class : com.example.trainup.model.user.Admin
2025-08-01 19:23:52.595 [main] DEBUG org.hibernate.boot.model.internal.PropertyBinder - MetadataSourceProcessor property id with lazy=false
2025-08-01 19:23:52.595 [main] DEBUG org.hibernate.boot.model.internal.AbstractPropertyHolder - Attempting to locate auto-apply AttributeConverter for property [com.example.trainup.model.user.Admin:id]
2025-08-01 19:23:52.596 [main] DEBUG org.hibernate.boot.model.internal.BasicValueBinder - building BasicValue for id
2025-08-01 19:23:52.596 [main] DEBUG org.hibernate.mapping.BasicValue - Skipping column re-registration: admins.id
2025-08-01 19:23:52.597 [main] DEBUG org.hibernate.boot.model.internal.PropertyBinder - Building property id
2025-08-01 19:23:52.597 [main] DEBUG org.hibernate.boot.model.internal.BinderHelper - #makeIdGenerator(BasicValue([Column(id)]), id, identity, , ...)
2025-08-01 19:23:52.597 [main] DEBUG org.hibernate.boot.model.internal.AnnotatedColumn - Binding column: AnnotatedColumn()
2025-08-01 19:23:52.598 [main] DEBUG org.hibernate.boot.model.internal.PropertyBinder - MetadataSourceProcessor property dateOfBirth with lazy=false
2025-08-01 19:23:52.598 [main] DEBUG org.hibernate.boot.model.internal.AbstractPropertyHolder - Attempting to locate auto-apply AttributeConverter for property [com.example.trainup.model.user.Admin:dateOfBirth]
2025-08-01 19:23:52.599 [main] DEBUG org.hibernate.boot.model.internal.BasicValueBinder - building BasicValue for dateOfBirth
2025-08-01 19:23:52.599 [main] DEBUG org.hibernate.mapping.BasicValue - Skipping column re-registration: admins.date_of_birth
2025-08-01 19:23:52.600 [main] DEBUG org.hibernate.boot.model.internal.PropertyBinder - Building property dateOfBirth
2025-08-01 19:23:52.600 [main] DEBUG org.hibernate.boot.model.internal.AnnotatedColumn - Binding column: AnnotatedColumn()
2025-08-01 19:23:52.601 [main] DEBUG org.hibernate.boot.model.internal.PropertyBinder - MetadataSourceProcessor property firstName with lazy=false
2025-08-01 19:23:52.601 [main] DEBUG org.hibernate.boot.model.internal.AbstractPropertyHolder - Attempting to locate auto-apply AttributeConverter for property [com.example.trainup.model.user.Admin:firstName]
2025-08-01 19:23:52.602 [main] DEBUG org.hibernate.boot.model.internal.BasicValueBinder - building BasicValue for firstName
2025-08-01 19:23:52.602 [main] DEBUG org.hibernate.mapping.BasicValue - Skipping column re-registration: admins.first_name
2025-08-01 19:23:52.603 [main] DEBUG org.hibernate.boot.model.internal.PropertyBinder - Building property firstName
2025-08-01 19:23:52.603 [main] DEBUG org.hibernate.boot.model.internal.AnnotatedColumn - Binding column: AnnotatedColumn()
2025-08-01 19:23:52.604 [main] DEBUG org.hibernate.boot.model.internal.PropertyBinder - MetadataSourceProcessor property gender with lazy=false
2025-08-01 19:23:52.604 [main] DEBUG org.hibernate.boot.model.internal.AbstractPropertyHolder - Attempting to locate auto-apply AttributeConverter for property [com.example.trainup.model.user.Admin:gender]
2025-08-01 19:23:52.605 [main] DEBUG org.hibernate.boot.model.internal.BasicValueBinder - building BasicValue for gender
2025-08-01 19:23:52.605 [main] DEBUG org.hibernate.mapping.BasicValue - Skipping column re-registration: admins.gender
2025-08-01 19:23:52.605 [main] DEBUG org.hibernate.boot.model.internal.PropertyBinder - Building property gender
2025-08-01 19:23:52.606 [main] DEBUG org.hibernate.boot.model.internal.AnnotatedColumn - Binding column: AnnotatedColumn()
2025-08-01 19:23:52.607 [main] DEBUG org.hibernate.boot.model.internal.PropertyBinder - MetadataSourceProcessor property isDeleted with lazy=false
2025-08-01 19:23:52.607 [main] DEBUG org.hibernate.boot.model.internal.AbstractPropertyHolder - Attempting to locate auto-apply AttributeConverter for property [com.example.trainup.model.user.Admin:isDeleted]
2025-08-01 19:23:52.607 [main] DEBUG org.hibernate.boot.model.internal.BasicValueBinder - building BasicValue for isDeleted
2025-08-01 19:23:52.608 [main] DEBUG org.hibernate.mapping.BasicValue - Skipping column re-registration: admins.is_deleted
2025-08-01 19:23:52.608 [main] DEBUG org.hibernate.boot.model.internal.PropertyBinder - Building property isDeleted
2025-08-01 19:23:52.609 [main] DEBUG org.hibernate.boot.model.internal.AnnotatedColumn - Binding column: AnnotatedColumn()
2025-08-01 19:23:52.609 [main] DEBUG org.hibernate.boot.model.internal.PropertyBinder - MetadataSourceProcessor property lastName with lazy=false
2025-08-01 19:23:52.610 [main] DEBUG org.hibernate.boot.model.internal.AbstractPropertyHolder - Attempting to locate auto-apply AttributeConverter for property [com.example.trainup.model.user.Admin:lastName]
2025-08-01 19:23:52.610 [main] DEBUG org.hibernate.boot.model.internal.BasicValueBinder - building BasicValue for lastName
2025-08-01 19:23:52.611 [main] DEBUG org.hibernate.mapping.BasicValue - Skipping column re-registration: admins.last_name
2025-08-01 19:23:52.611 [main] DEBUG org.hibernate.boot.model.internal.PropertyBinder - Building property lastName
2025-08-01 19:23:52.611 [main] DEBUG org.hibernate.boot.model.internal.AnnotatedColumn - Binding column: AnnotatedColumn()
2025-08-01 19:23:52.612 [main] DEBUG org.hibernate.boot.model.internal.PropertyBinder - MetadataSourceProcessor property profileImageUrl with lazy=false
2025-08-01 19:23:52.612 [main] DEBUG org.hibernate.boot.model.internal.AbstractPropertyHolder - Attempting to locate auto-apply AttributeConverter for property [com.example.trainup.model.user.Admin:profileImageUrl]
2025-08-01 19:23:52.613 [main] DEBUG org.hibernate.boot.model.internal.BasicValueBinder - building BasicValue for profileImageUrl
2025-08-01 19:23:52.613 [main] DEBUG org.hibernate.mapping.BasicValue - Skipping column re-registration: admins.profile_image_url
2025-08-01 19:23:52.613 [main] DEBUG org.hibernate.boot.model.internal.PropertyBinder - Building property profileImageUrl
2025-08-01 19:23:52.614 [main] DEBUG org.hibernate.boot.model.internal.AnnotatedColumn - Binding column: AnnotatedJoinColumn(column='user_credentials_id')
2025-08-01 19:23:52.614 [main] DEBUG org.hibernate.boot.model.internal.AnnotatedColumn - Binding column: AnnotatedColumn()
2025-08-01 19:23:52.615 [main] DEBUG org.hibernate.boot.model.internal.PropertyBinder - Building property userCredentials
2025-08-01 19:23:52.647 [main] DEBUG org.hibernate.boot.registry.classloading.internal.ClassLoaderServiceImpl - HHH000194: Package not found or no package-info.java: com.example.trainup.model.user
2025-08-01 19:23:52.648 [main] DEBUG org.hibernate.boot.model.internal.EntityBinder - Binding entity from annotated class: com.example.trainup.model.user.Athlete
2025-08-01 19:23:52.649 [main] DEBUG org.hibernate.boot.model.internal.EntityBinder - Import with entity name Athlete
2025-08-01 19:23:52.649 [main] DEBUG org.hibernate.boot.model.internal.EntityBinder - Bind entity com.example.trainup.model.user.Athlete on table athletes
2025-08-01 19:23:52.650 [main] DEBUG org.hibernate.boot.model.internal.AnnotatedColumn - Binding column: AnnotatedDiscriminatorColumn(column='DTYPE')
2025-08-01 19:23:52.652 [main] DEBUG org.hibernate.boot.model.internal.AnnotatedColumn - Binding column: AnnotatedColumn()
2025-08-01 19:23:52.653 [main] DEBUG org.hibernate.boot.internal.ClassLoaderAccessImpl - Not known whether passed class name [com.example.trainup.model.user.Athlete] is safe
2025-08-01 19:23:52.653 [main] DEBUG org.hibernate.boot.internal.ClassLoaderAccessImpl - No temp ClassLoader provided; using live ClassLoader for loading potentially unsafe class : com.example.trainup.model.user.Athlete
2025-08-01 19:23:52.653 [main] DEBUG org.hibernate.boot.model.internal.PropertyBinder - MetadataSourceProcessor property id with lazy=false
2025-08-01 19:23:52.654 [main] DEBUG org.hibernate.boot.model.internal.AbstractPropertyHolder - Attempting to locate auto-apply AttributeConverter for property [com.example.trainup.model.user.Athlete:id]
2025-08-01 19:23:52.654 [main] DEBUG org.hibernate.boot.model.internal.BasicValueBinder - building BasicValue for id
2025-08-01 19:23:52.655 [main] DEBUG org.hibernate.mapping.BasicValue - Skipping column re-registration: athletes.id
2025-08-01 19:23:52.655 [main] DEBUG org.hibernate.boot.model.internal.PropertyBinder - Building property id
2025-08-01 19:23:52.656 [main] DEBUG org.hibernate.boot.model.internal.BinderHelper - #makeIdGenerator(BasicValue([Column(id)]), id, identity, , ...)
2025-08-01 19:23:52.656 [main] DEBUG org.hibernate.boot.model.internal.AnnotatedColumn - Binding column: AnnotatedColumn()
2025-08-01 19:23:52.657 [main] DEBUG org.hibernate.boot.model.internal.PropertyBinder - MetadataSourceProcessor property dateOfBirth with lazy=false
2025-08-01 19:23:52.657 [main] DEBUG org.hibernate.boot.model.internal.AbstractPropertyHolder - Attempting to locate auto-apply AttributeConverter for property [com.example.trainup.model.user.Athlete:dateOfBirth]
2025-08-01 19:23:52.658 [main] DEBUG org.hibernate.boot.model.internal.BasicValueBinder - building BasicValue for dateOfBirth
2025-08-01 19:23:52.658 [main] DEBUG org.hibernate.mapping.BasicValue - Skipping column re-registration: athletes.date_of_birth
2025-08-01 19:23:52.658 [main] DEBUG org.hibernate.boot.model.internal.PropertyBinder - Building property dateOfBirth
2025-08-01 19:23:52.659 [main] DEBUG org.hibernate.boot.model.internal.AnnotatedColumn - Binding column: AnnotatedColumn()
2025-08-01 19:23:52.659 [main] DEBUG org.hibernate.boot.model.internal.PropertyBinder - MetadataSourceProcessor property firstName with lazy=false
2025-08-01 19:23:52.660 [main] DEBUG org.hibernate.boot.model.internal.AbstractPropertyHolder - Attempting to locate auto-apply AttributeConverter for property [com.example.trainup.model.user.Athlete:firstName]
2025-08-01 19:23:52.660 [main] DEBUG org.hibernate.boot.model.internal.BasicValueBinder - building BasicValue for firstName
2025-08-01 19:23:52.660 [main] DEBUG org.hibernate.mapping.BasicValue - Skipping column re-registration: athletes.first_name
2025-08-01 19:23:52.661 [main] DEBUG org.hibernate.boot.model.internal.PropertyBinder - Building property firstName
2025-08-01 19:23:52.661 [main] DEBUG org.hibernate.boot.model.internal.AnnotatedColumn - Binding column: AnnotatedColumn()
2025-08-01 19:23:52.662 [main] DEBUG org.hibernate.boot.model.internal.PropertyBinder - MetadataSourceProcessor property gender with lazy=false
2025-08-01 19:23:52.662 [main] DEBUG org.hibernate.boot.model.internal.AbstractPropertyHolder - Attempting to locate auto-apply AttributeConverter for property [com.example.trainup.model.user.Athlete:gender]
2025-08-01 19:23:52.662 [main] DEBUG org.hibernate.boot.model.internal.BasicValueBinder - building BasicValue for gender
2025-08-01 19:23:52.663 [main] DEBUG org.hibernate.mapping.BasicValue - Skipping column re-registration: athletes.gender
2025-08-01 19:23:52.663 [main] DEBUG org.hibernate.boot.model.internal.PropertyBinder - Building property gender
2025-08-01 19:23:52.664 [main] DEBUG org.hibernate.boot.model.internal.AnnotatedColumn - Binding column: AnnotatedColumn()
2025-08-01 19:23:52.664 [main] DEBUG org.hibernate.boot.model.internal.PropertyBinder - MetadataSourceProcessor property isDeleted with lazy=false
2025-08-01 19:23:52.665 [main] DEBUG org.hibernate.boot.model.internal.AbstractPropertyHolder - Attempting to locate auto-apply AttributeConverter for property [com.example.trainup.model.user.Athlete:isDeleted]
2025-08-01 19:23:52.665 [main] DEBUG org.hibernate.boot.model.internal.BasicValueBinder - building BasicValue for isDeleted
2025-08-01 19:23:52.665 [main] DEBUG org.hibernate.mapping.BasicValue - Skipping column re-registration: athletes.is_deleted
2025-08-01 19:23:52.666 [main] DEBUG org.hibernate.boot.model.internal.PropertyBinder - Building property isDeleted
2025-08-01 19:23:52.666 [main] DEBUG org.hibernate.boot.model.internal.AnnotatedColumn - Binding column: AnnotatedColumn()
2025-08-01 19:23:52.666 [main] DEBUG org.hibernate.boot.model.internal.PropertyBinder - MetadataSourceProcessor property lastName with lazy=false
2025-08-01 19:23:52.667 [main] DEBUG org.hibernate.boot.model.internal.AbstractPropertyHolder - Attempting to locate auto-apply AttributeConverter for property [com.example.trainup.model.user.Athlete:lastName]
2025-08-01 19:23:52.667 [main] DEBUG org.hibernate.boot.model.internal.BasicValueBinder - building BasicValue for lastName
2025-08-01 19:23:52.667 [main] DEBUG org.hibernate.mapping.BasicValue - Skipping column re-registration: athletes.last_name
2025-08-01 19:23:52.668 [main] DEBUG org.hibernate.boot.model.internal.PropertyBinder - Building property lastName
2025-08-01 19:23:52.668 [main] DEBUG org.hibernate.boot.model.internal.AnnotatedColumn - Binding column: AnnotatedColumn()
2025-08-01 19:23:52.669 [main] DEBUG org.hibernate.boot.model.internal.PropertyBinder - MetadataSourceProcessor property profileImageUrl with lazy=false
2025-08-01 19:23:52.669 [main] DEBUG org.hibernate.boot.model.internal.AbstractPropertyHolder - Attempting to locate auto-apply AttributeConverter for property [com.example.trainup.model.user.Athlete:profileImageUrl]
2025-08-01 19:23:52.670 [main] DEBUG org.hibernate.boot.model.internal.BasicValueBinder - building BasicValue for profileImageUrl
2025-08-01 19:23:52.670 [main] DEBUG org.hibernate.mapping.BasicValue - Skipping column re-registration: athletes.profile_image_url
2025-08-01 19:23:52.670 [main] DEBUG org.hibernate.boot.model.internal.PropertyBinder - Building property profileImageUrl
2025-08-01 19:23:52.671 [main] DEBUG org.hibernate.boot.model.internal.AnnotatedColumn - Binding column: AnnotatedJoinColumn(column='user_credentials_id')
2025-08-01 19:23:52.671 [main] DEBUG org.hibernate.boot.model.internal.AnnotatedColumn - Binding column: AnnotatedColumn()
2025-08-01 19:23:52.671 [main] DEBUG org.hibernate.boot.model.internal.PropertyBinder - Building property userCredentials
2025-08-01 19:23:52.672 [main] DEBUG org.hibernate.boot.model.internal.AnnotatedColumn - Binding column: AnnotatedColumn()
2025-08-01 19:23:52.673 [main] DEBUG org.hibernate.boot.model.internal.PropertyBinder - MetadataSourceProcessor property emailPermission with lazy=false
2025-08-01 19:23:52.673 [main] DEBUG org.hibernate.boot.model.internal.AbstractPropertyHolder - Attempting to locate auto-apply AttributeConverter for property [com.example.trainup.model.user.Athlete:emailPermission]
2025-08-01 19:23:52.673 [main] DEBUG org.hibernate.boot.model.internal.BasicValueBinder - building BasicValue for emailPermission
2025-08-01 19:23:52.674 [main] DEBUG org.hibernate.mapping.BasicValue - Skipping column re-registration: athletes.email_permission
2025-08-01 19:23:52.674 [main] DEBUG org.hibernate.boot.model.internal.PropertyBinder - Building property emailPermission
2025-08-01 19:23:52.675 [main] DEBUG org.hibernate.boot.model.internal.AnnotatedColumn - Binding column: AnnotatedJoinColumn()
2025-08-01 19:23:52.675 [main] DEBUG org.hibernate.boot.model.internal.AnnotatedColumn - Binding column: AnnotatedColumn()
2025-08-01 19:23:52.676 [main] DEBUG org.hibernate.boot.model.internal.AnnotatedColumn - Binding column: IndexColumn(column='phoneNumbers_ORDER')
2025-08-01 19:23:52.676 [main] DEBUG org.hibernate.boot.model.internal.AnnotatedColumn - Binding column: AnnotatedColumn()
2025-08-01 19:23:52.677 [main] DEBUG org.hibernate.boot.model.internal.AnnotatedColumn - Binding column: AnnotatedColumn(column='phoneNumbers_KEY')
2025-08-01 19:23:52.677 [main] DEBUG org.hibernate.boot.model.internal.AnnotatedColumn - Binding column: AnnotatedJoinColumn(column='phoneNumbers_KEY')
2025-08-01 19:23:52.677 [main] DEBUG org.hibernate.boot.model.internal.AnnotatedColumn - Binding column: AnnotatedJoinColumn(column='athlete_id')
2025-08-01 19:23:52.677 [main] DEBUG org.hibernate.boot.model.internal.AnnotatedColumn - Binding column: AnnotatedJoinColumn()
2025-08-01 19:23:52.678 [main] DEBUG org.hibernate.boot.model.internal.CollectionBinder - Collection role: com.example.trainup.model.user.Athlete.phoneNumbers
2025-08-01 19:23:52.678 [main] DEBUG org.hibernate.boot.model.internal.PropertyBinder - Building property phoneNumbers
2025-08-01 19:23:52.678 [main] DEBUG org.hibernate.boot.model.internal.AnnotatedColumn - Binding column: AnnotatedColumn()
2025-08-01 19:23:52.679 [main] DEBUG org.hibernate.boot.model.internal.PropertyBinder - MetadataSourceProcessor property phonePermission with lazy=false
2025-08-01 19:23:52.680 [main] DEBUG org.hibernate.boot.model.internal.AbstractPropertyHolder - Attempting to locate auto-apply AttributeConverter for property [com.example.trainup.model.user.Athlete:phonePermission]
2025-08-01 19:23:52.680 [main] DEBUG org.hibernate.boot.model.internal.BasicValueBinder - building BasicValue for phonePermission
2025-08-01 19:23:52.681 [main] DEBUG org.hibernate.mapping.BasicValue - Skipping column re-registration: athletes.phone_permission
2025-08-01 19:23:52.681 [main] DEBUG org.hibernate.boot.model.internal.PropertyBinder - Building property phonePermission
2025-08-01 19:23:52.682 [main] DEBUG org.hibernate.boot.model.internal.AnnotatedColumn - Binding column: IndexColumn(column='sports_ORDER')
2025-08-01 19:23:52.682 [main] DEBUG org.hibernate.boot.model.internal.AnnotatedColumn - Binding column: AnnotatedColumn()
2025-08-01 19:23:52.683 [main] DEBUG org.hibernate.boot.model.internal.AnnotatedColumn - Binding column: AnnotatedColumn(column='sports_KEY')
2025-08-01 19:23:52.684 [main] DEBUG org.hibernate.boot.model.internal.AnnotatedColumn - Binding column: AnnotatedJoinColumn(column='sports_KEY')
2025-08-01 19:23:52.684 [main] DEBUG org.hibernate.boot.model.internal.AnnotatedColumn - Binding column: AnnotatedJoinColumn()
2025-08-01 19:23:52.685 [main] DEBUG org.hibernate.boot.model.internal.AnnotatedColumn - Binding column: AnnotatedJoinColumn()
2025-08-01 19:23:52.685 [main] DEBUG org.hibernate.boot.model.internal.CollectionBinder - Collection role: com.example.trainup.model.user.Athlete.sports
2025-08-01 19:23:52.685 [main] DEBUG org.hibernate.boot.model.internal.PropertyBinder - Building property sports
2025-08-01 19:23:52.713 [main] DEBUG org.hibernate.boot.registry.classloading.internal.ClassLoaderServiceImpl - HHH000194: Package not found or no package-info.java: com.example.trainup.model.user
2025-08-01 19:23:52.714 [main] DEBUG org.hibernate.boot.model.internal.EntityBinder - Binding entity from annotated class: com.example.trainup.model.user.GymOwner
2025-08-01 19:23:52.714 [main] DEBUG org.hibernate.boot.model.internal.EntityBinder - Import with entity name GymOwner
2025-08-01 19:23:52.715 [main] DEBUG org.hibernate.boot.model.internal.EntityBinder - Bind entity com.example.trainup.model.user.GymOwner on table gym_owners
2025-08-01 19:23:52.715 [main] DEBUG org.hibernate.boot.model.internal.AnnotatedColumn - Binding column: AnnotatedDiscriminatorColumn(column='DTYPE')
2025-08-01 19:23:52.716 [main] DEBUG org.hibernate.boot.model.internal.AnnotatedColumn - Binding column: AnnotatedColumn()
2025-08-01 19:23:52.717 [main] DEBUG org.hibernate.boot.internal.ClassLoaderAccessImpl - Not known whether passed class name [com.example.trainup.model.user.GymOwner] is safe
2025-08-01 19:23:52.717 [main] DEBUG org.hibernate.boot.internal.ClassLoaderAccessImpl - No temp ClassLoader provided; using live ClassLoader for loading potentially unsafe class : com.example.trainup.model.user.GymOwner
2025-08-01 19:23:52.718 [main] DEBUG org.hibernate.boot.model.internal.PropertyBinder - MetadataSourceProcessor property id with lazy=false
2025-08-01 19:23:52.718 [main] DEBUG org.hibernate.boot.model.internal.AbstractPropertyHolder - Attempting to locate auto-apply AttributeConverter for property [com.example.trainup.model.user.GymOwner:id]
2025-08-01 19:23:52.718 [main] DEBUG org.hibernate.boot.model.internal.BasicValueBinder - building BasicValue for id
2025-08-01 19:23:52.719 [main] DEBUG org.hibernate.mapping.BasicValue - Skipping column re-registration: gym_owners.id
2025-08-01 19:23:52.719 [main] DEBUG org.hibernate.boot.model.internal.PropertyBinder - Building property id
2025-08-01 19:23:52.720 [main] DEBUG org.hibernate.boot.model.internal.BinderHelper - #makeIdGenerator(BasicValue([Column(id)]), id, identity, , ...)
2025-08-01 19:23:52.720 [main] DEBUG org.hibernate.boot.model.internal.AnnotatedColumn - Binding column: AnnotatedColumn()
2025-08-01 19:23:52.720 [main] DEBUG org.hibernate.boot.model.internal.PropertyBinder - MetadataSourceProcessor property dateOfBirth with lazy=false
2025-08-01 19:23:52.721 [main] DEBUG org.hibernate.boot.model.internal.AbstractPropertyHolder - Attempting to locate auto-apply AttributeConverter for property [com.example.trainup.model.user.GymOwner:dateOfBirth]
2025-08-01 19:23:52.721 [main] DEBUG org.hibernate.boot.model.internal.BasicValueBinder - building BasicValue for dateOfBirth
2025-08-01 19:23:52.722 [main] DEBUG org.hibernate.mapping.BasicValue - Skipping column re-registration: gym_owners.date_of_birth
2025-08-01 19:23:52.722 [main] DEBUG org.hibernate.boot.model.internal.PropertyBinder - Building property dateOfBirth
2025-08-01 19:23:52.723 [main] DEBUG org.hibernate.boot.model.internal.AnnotatedColumn - Binding column: AnnotatedColumn()
2025-08-01 19:23:52.723 [main] DEBUG org.hibernate.boot.model.internal.PropertyBinder - MetadataSourceProcessor property firstName with lazy=false
2025-08-01 19:23:52.723 [main] DEBUG org.hibernate.boot.model.internal.AbstractPropertyHolder - Attempting to locate auto-apply AttributeConverter for property [com.example.trainup.model.user.GymOwner:firstName]
2025-08-01 19:23:52.724 [main] DEBUG org.hibernate.boot.model.internal.BasicValueBinder - building BasicValue for firstName
2025-08-01 19:23:52.724 [main] DEBUG org.hibernate.mapping.BasicValue - Skipping column re-registration: gym_owners.first_name
2025-08-01 19:23:52.725 [main] DEBUG org.hibernate.boot.model.internal.PropertyBinder - Building property firstName
2025-08-01 19:23:52.725 [main] DEBUG org.hibernate.boot.model.internal.AnnotatedColumn - Binding column: AnnotatedColumn()
2025-08-01 19:23:52.726 [main] DEBUG org.hibernate.boot.model.internal.PropertyBinder - MetadataSourceProcessor property gender with lazy=false
2025-08-01 19:23:52.726 [main] DEBUG org.hibernate.boot.model.internal.AbstractPropertyHolder - Attempting to locate auto-apply AttributeConverter for property [com.example.trainup.model.user.GymOwner:gender]
2025-08-01 19:23:52.727 [main] DEBUG org.hibernate.boot.model.internal.BasicValueBinder - building BasicValue for gender
2025-08-01 19:23:52.727 [main] DEBUG org.hibernate.mapping.BasicValue - Skipping column re-registration: gym_owners.gender
2025-08-01 19:23:52.727 [main] DEBUG org.hibernate.boot.model.internal.PropertyBinder - Building property gender
2025-08-01 19:23:52.728 [main] DEBUG org.hibernate.boot.model.internal.AnnotatedColumn - Binding column: AnnotatedColumn()
2025-08-01 19:23:52.728 [main] DEBUG org.hibernate.boot.model.internal.PropertyBinder - MetadataSourceProcessor property isDeleted with lazy=false
2025-08-01 19:23:52.728 [main] DEBUG org.hibernate.boot.model.internal.AbstractPropertyHolder - Attempting to locate auto-apply AttributeConverter for property [com.example.trainup.model.user.GymOwner:isDeleted]
2025-08-01 19:23:52.729 [main] DEBUG org.hibernate.boot.model.internal.BasicValueBinder - building BasicValue for isDeleted
2025-08-01 19:23:52.729 [main] DEBUG org.hibernate.mapping.BasicValue - Skipping column re-registration: gym_owners.is_deleted
2025-08-01 19:23:52.729 [main] DEBUG org.hibernate.boot.model.internal.PropertyBinder - Building property isDeleted
2025-08-01 19:23:52.730 [main] DEBUG org.hibernate.boot.model.internal.AnnotatedColumn - Binding column: AnnotatedColumn()
2025-08-01 19:23:52.730 [main] DEBUG org.hibernate.boot.model.internal.PropertyBinder - MetadataSourceProcessor property lastName with lazy=false
2025-08-01 19:23:52.730 [main] DEBUG org.hibernate.boot.model.internal.AbstractPropertyHolder - Attempting to locate auto-apply AttributeConverter for property [com.example.trainup.model.user.GymOwner:lastName]
2025-08-01 19:23:52.731 [main] DEBUG org.hibernate.boot.model.internal.BasicValueBinder - building BasicValue for lastName
2025-08-01 19:23:52.731 [main] DEBUG org.hibernate.mapping.BasicValue - Skipping column re-registration: gym_owners.last_name
2025-08-01 19:23:52.732 [main] DEBUG org.hibernate.boot.model.internal.PropertyBinder - Building property lastName
2025-08-01 19:23:52.732 [main] DEBUG org.hibernate.boot.model.internal.AnnotatedColumn - Binding column: AnnotatedColumn()
2025-08-01 19:23:52.733 [main] DEBUG org.hibernate.boot.model.internal.PropertyBinder - MetadataSourceProcessor property profileImageUrl with lazy=false
2025-08-01 19:23:52.733 [main] DEBUG org.hibernate.boot.model.internal.AbstractPropertyHolder - Attempting to locate auto-apply AttributeConverter for property [com.example.trainup.model.user.GymOwner:profileImageUrl]
2025-08-01 19:23:52.734 [main] DEBUG org.hibernate.boot.model.internal.BasicValueBinder - building BasicValue for profileImageUrl
2025-08-01 19:23:52.734 [main] DEBUG org.hibernate.mapping.BasicValue - Skipping column re-registration: gym_owners.profile_image_url
2025-08-01 19:23:52.734 [main] DEBUG org.hibernate.boot.model.internal.PropertyBinder - Building property profileImageUrl
2025-08-01 19:23:52.735 [main] DEBUG org.hibernate.boot.model.internal.AnnotatedColumn - Binding column: AnnotatedJoinColumn(column='user_credentials_id')
2025-08-01 19:23:52.735 [main] DEBUG org.hibernate.boot.model.internal.AnnotatedColumn - Binding column: AnnotatedColumn()
2025-08-01 19:23:52.735 [main] DEBUG org.hibernate.boot.model.internal.PropertyBinder - Building property userCredentials
2025-08-01 19:23:52.736 [main] DEBUG org.hibernate.boot.model.internal.AnnotatedColumn - Binding column: AnnotatedJoinColumn()
2025-08-01 19:23:52.736 [main] DEBUG org.hibernate.boot.model.internal.AnnotatedColumn - Binding column: AnnotatedColumn()
2025-08-01 19:23:52.737 [main] DEBUG org.hibernate.boot.model.internal.AnnotatedColumn - Binding column: IndexColumn(column='ownedGyms_ORDER')
2025-08-01 19:23:52.737 [main] DEBUG org.hibernate.boot.model.internal.AnnotatedColumn - Binding column: AnnotatedColumn()
2025-08-01 19:23:52.738 [main] DEBUG org.hibernate.boot.model.internal.AnnotatedColumn - Binding column: AnnotatedColumn(column='ownedGyms_KEY')
2025-08-01 19:23:52.738 [main] DEBUG org.hibernate.boot.model.internal.AnnotatedColumn - Binding column: AnnotatedJoinColumn(column='ownedGyms_KEY')
2025-08-01 19:23:52.738 [main] DEBUG org.hibernate.boot.model.internal.AnnotatedColumn - Binding column: AnnotatedJoinColumn()
2025-08-01 19:23:52.739 [main] DEBUG org.hibernate.boot.model.internal.AnnotatedColumn - Binding column: AnnotatedJoinColumn()
2025-08-01 19:23:52.739 [main] DEBUG org.hibernate.boot.model.internal.CollectionBinder - Collection role: com.example.trainup.model.user.GymOwner.ownedGyms
2025-08-01 19:23:52.739 [main] DEBUG org.hibernate.boot.model.internal.PropertyBinder - Building property ownedGyms
2025-08-01 19:23:52.740 [main] DEBUG org.hibernate.boot.model.internal.AnnotatedColumn - Binding column: AnnotatedJoinColumn()
2025-08-01 19:23:52.741 [main] DEBUG org.hibernate.boot.model.internal.AnnotatedColumn - Binding column: AnnotatedColumn()
2025-08-01 19:23:52.741 [main] DEBUG org.hibernate.boot.model.internal.AnnotatedColumn - Binding column: IndexColumn(column='phoneNumbers_ORDER')
2025-08-01 19:23:52.742 [main] DEBUG org.hibernate.boot.model.internal.AnnotatedColumn - Binding column: AnnotatedColumn()
2025-08-01 19:23:52.742 [main] DEBUG org.hibernate.boot.model.internal.AnnotatedColumn - Binding column: AnnotatedColumn(column='phoneNumbers_KEY')
2025-08-01 19:23:52.742 [main] DEBUG org.hibernate.boot.model.internal.AnnotatedColumn - Binding column: AnnotatedJoinColumn(column='phoneNumbers_KEY')
2025-08-01 19:23:52.743 [main] DEBUG org.hibernate.boot.model.internal.AnnotatedColumn - Binding column: AnnotatedJoinColumn(column='gym_owner_id')
2025-08-01 19:23:52.743 [main] DEBUG org.hibernate.boot.model.internal.AnnotatedColumn - Binding column: AnnotatedJoinColumn()
2025-08-01 19:23:52.744 [main] DEBUG org.hibernate.boot.model.internal.CollectionBinder - Collection role: com.example.trainup.model.user.GymOwner.phoneNumbers
2025-08-01 19:23:52.744 [main] DEBUG org.hibernate.boot.model.internal.PropertyBinder - Building property phoneNumbers
2025-08-01 19:23:52.774 [main] DEBUG org.hibernate.boot.registry.classloading.internal.ClassLoaderServiceImpl - HHH000194: Package not found or no package-info.java: com.example.trainup.model.user
2025-08-01 19:23:52.775 [main] DEBUG org.hibernate.boot.model.internal.EntityBinder - Binding entity from annotated class: com.example.trainup.model.user.Trainer
2025-08-01 19:23:52.775 [main] DEBUG org.hibernate.boot.model.internal.EntityBinder - Import with entity name Trainer
2025-08-01 19:23:52.776 [main] DEBUG org.hibernate.boot.model.internal.EntityBinder - Bind entity com.example.trainup.model.user.Trainer on table trainers
2025-08-01 19:23:52.777 [main] DEBUG org.hibernate.boot.model.internal.AnnotatedColumn - Binding column: AnnotatedDiscriminatorColumn(column='DTYPE')
2025-08-01 19:23:52.779 [main] DEBUG org.hibernate.boot.model.internal.AnnotatedColumn - Binding column: AnnotatedColumn()
2025-08-01 19:23:52.780 [main] DEBUG org.hibernate.boot.internal.ClassLoaderAccessImpl - Not known whether passed class name [com.example.trainup.model.user.Trainer] is safe
2025-08-01 19:23:52.780 [main] DEBUG org.hibernate.boot.internal.ClassLoaderAccessImpl - No temp ClassLoader provided; using live ClassLoader for loading potentially unsafe class : com.example.trainup.model.user.Trainer
2025-08-01 19:23:52.781 [main] DEBUG org.hibernate.boot.model.internal.PropertyBinder - MetadataSourceProcessor property id with lazy=false
2025-08-01 19:23:52.781 [main] DEBUG org.hibernate.boot.model.internal.AbstractPropertyHolder - Attempting to locate auto-apply AttributeConverter for property [com.example.trainup.model.user.Trainer:id]
2025-08-01 19:23:52.782 [main] DEBUG org.hibernate.boot.model.internal.BasicValueBinder - building BasicValue for id
2025-08-01 19:23:52.782 [main] DEBUG org.hibernate.mapping.BasicValue - Skipping column re-registration: trainers.id
2025-08-01 19:23:52.782 [main] DEBUG org.hibernate.boot.model.internal.PropertyBinder - Building property id
2025-08-01 19:23:52.783 [main] DEBUG org.hibernate.boot.model.internal.BinderHelper - #makeIdGenerator(BasicValue([Column(id)]), id, identity, , ...)
2025-08-01 19:23:52.783 [main] DEBUG org.hibernate.boot.model.internal.AnnotatedColumn - Binding column: AnnotatedColumn()
2025-08-01 19:23:52.784 [main] DEBUG org.hibernate.boot.model.internal.PropertyBinder - MetadataSourceProcessor property dateOfBirth with lazy=false
2025-08-01 19:23:52.784 [main] DEBUG org.hibernate.boot.model.internal.AbstractPropertyHolder - Attempting to locate auto-apply AttributeConverter for property [com.example.trainup.model.user.Trainer:dateOfBirth]
2025-08-01 19:23:52.784 [main] DEBUG org.hibernate.boot.model.internal.BasicValueBinder - building BasicValue for dateOfBirth
2025-08-01 19:23:52.785 [main] DEBUG org.hibernate.mapping.BasicValue - Skipping column re-registration: trainers.date_of_birth
2025-08-01 19:23:52.785 [main] DEBUG org.hibernate.boot.model.internal.PropertyBinder - Building property dateOfBirth
2025-08-01 19:23:52.786 [main] DEBUG org.hibernate.boot.model.internal.AnnotatedColumn - Binding column: AnnotatedColumn()
2025-08-01 19:23:52.786 [main] DEBUG org.hibernate.boot.model.internal.PropertyBinder - MetadataSourceProcessor property firstName with lazy=false
2025-08-01 19:23:52.787 [main] DEBUG org.hibernate.boot.model.internal.AbstractPropertyHolder - Attempting to locate auto-apply AttributeConverter for property [com.example.trainup.model.user.Trainer:firstName]
2025-08-01 19:23:52.787 [main] DEBUG org.hibernate.boot.model.internal.BasicValueBinder - building BasicValue for firstName
2025-08-01 19:23:52.787 [main] DEBUG org.hibernate.mapping.BasicValue - Skipping column re-registration: trainers.first_name
2025-08-01 19:23:52.788 [main] DEBUG org.hibernate.boot.model.internal.PropertyBinder - Building property firstName
2025-08-01 19:23:52.788 [main] DEBUG org.hibernate.boot.model.internal.AnnotatedColumn - Binding column: AnnotatedColumn()
2025-08-01 19:23:52.789 [main] DEBUG org.hibernate.boot.model.internal.PropertyBinder - MetadataSourceProcessor property gender with lazy=false
2025-08-01 19:23:52.789 [main] DEBUG org.hibernate.boot.model.internal.AbstractPropertyHolder - Attempting to locate auto-apply AttributeConverter for property [com.example.trainup.model.user.Trainer:gender]
2025-08-01 19:23:52.789 [main] DEBUG org.hibernate.boot.model.internal.BasicValueBinder - building BasicValue for gender
2025-08-01 19:23:52.790 [main] DEBUG org.hibernate.mapping.BasicValue - Skipping column re-registration: trainers.gender
2025-08-01 19:23:52.790 [main] DEBUG org.hibernate.boot.model.internal.PropertyBinder - Building property gender
2025-08-01 19:23:52.791 [main] DEBUG org.hibernate.boot.model.internal.AnnotatedColumn - Binding column: AnnotatedColumn()
2025-08-01 19:23:52.791 [main] DEBUG org.hibernate.boot.model.internal.PropertyBinder - MetadataSourceProcessor property isDeleted with lazy=false
2025-08-01 19:23:52.791 [main] DEBUG org.hibernate.boot.model.internal.AbstractPropertyHolder - Attempting to locate auto-apply AttributeConverter for property [com.example.trainup.model.user.Trainer:isDeleted]
2025-08-01 19:23:52.792 [main] DEBUG org.hibernate.boot.model.internal.BasicValueBinder - building BasicValue for isDeleted
2025-08-01 19:23:52.792 [main] DEBUG org.hibernate.mapping.BasicValue - Skipping column re-registration: trainers.is_deleted
2025-08-01 19:23:52.792 [main] DEBUG org.hibernate.boot.model.internal.PropertyBinder - Building property isDeleted
2025-08-01 19:23:52.793 [main] DEBUG org.hibernate.boot.model.internal.AnnotatedColumn - Binding column: AnnotatedColumn()
2025-08-01 19:23:52.793 [main] DEBUG org.hibernate.boot.model.internal.PropertyBinder - MetadataSourceProcessor property lastName with lazy=false
2025-08-01 19:23:52.793 [main] DEBUG org.hibernate.boot.model.internal.AbstractPropertyHolder - Attempting to locate auto-apply AttributeConverter for property [com.example.trainup.model.user.Trainer:lastName]
2025-08-01 19:23:52.794 [main] DEBUG org.hibernate.boot.model.internal.BasicValueBinder - building BasicValue for lastName
2025-08-01 19:23:52.794 [main] DEBUG org.hibernate.mapping.BasicValue - Skipping column re-registration: trainers.last_name
2025-08-01 19:23:52.794 [main] DEBUG org.hibernate.boot.model.internal.PropertyBinder - Building property lastName
2025-08-01 19:23:52.794 [main] DEBUG org.hibernate.boot.model.internal.AnnotatedColumn - Binding column: AnnotatedColumn()
2025-08-01 19:23:52.795 [main] DEBUG org.hibernate.boot.model.internal.PropertyBinder - MetadataSourceProcessor property profileImageUrl with lazy=false
2025-08-01 19:23:52.795 [main] DEBUG org.hibernate.boot.model.internal.AbstractPropertyHolder - Attempting to locate auto-apply AttributeConverter for property [com.example.trainup.model.user.Trainer:profileImageUrl]
2025-08-01 19:23:52.795 [main] DEBUG org.hibernate.boot.model.internal.BasicValueBinder - building BasicValue for profileImageUrl
2025-08-01 19:23:52.796 [main] DEBUG org.hibernate.mapping.BasicValue - Skipping column re-registration: trainers.profile_image_url
2025-08-01 19:23:52.796 [main] DEBUG org.hibernate.boot.model.internal.PropertyBinder - Building property profileImageUrl
2025-08-01 19:23:52.796 [main] DEBUG org.hibernate.boot.model.internal.AnnotatedColumn - Binding column: AnnotatedJoinColumn(column='user_credentials_id')
2025-08-01 19:23:52.797 [main] DEBUG org.hibernate.boot.model.internal.AnnotatedColumn - Binding column: AnnotatedColumn()
2025-08-01 19:23:52.797 [main] DEBUG org.hibernate.boot.model.internal.PropertyBinder - Building property userCredentials
2025-08-01 19:23:52.798 [main] DEBUG org.hibernate.boot.model.internal.AnnotatedColumn - Binding column: AnnotatedJoinColumn()
2025-08-01 19:23:52.798 [main] DEBUG org.hibernate.boot.model.internal.AnnotatedColumn - Binding column: AnnotatedColumn()
2025-08-01 19:23:52.799 [main] DEBUG org.hibernate.boot.model.internal.AnnotatedColumn - Binding column: IndexColumn(column='certificates_ORDER')
2025-08-01 19:23:52.799 [main] DEBUG org.hibernate.boot.model.internal.AnnotatedColumn - Binding column: AnnotatedColumn()
2025-08-01 19:23:52.800 [main] DEBUG org.hibernate.boot.model.internal.AnnotatedColumn - Binding column: AnnotatedColumn(column='certificates_KEY')
2025-08-01 19:23:52.800 [main] DEBUG org.hibernate.boot.model.internal.AnnotatedColumn - Binding column: AnnotatedJoinColumn(column='certificates_KEY')
2025-08-01 19:23:52.801 [main] DEBUG org.hibernate.boot.model.internal.AnnotatedColumn - Binding column: AnnotatedJoinColumn(column='trainer_id')
2025-08-01 19:23:52.801 [main] DEBUG org.hibernate.boot.model.internal.AnnotatedColumn - Binding column: AnnotatedJoinColumn()
2025-08-01 19:23:52.801 [main] DEBUG org.hibernate.boot.model.internal.CollectionBinder - Collection role: com.example.trainup.model.user.Trainer.certificates
2025-08-01 19:23:52.801 [main] DEBUG org.hibernate.boot.model.internal.PropertyBinder - Building property certificates
2025-08-01 19:23:52.802 [main] DEBUG org.hibernate.boot.model.internal.AnnotatedColumn - Binding column: AnnotatedColumn()
2025-08-01 19:23:52.802 [main] DEBUG org.hibernate.boot.model.internal.PropertyBinder - MetadataSourceProcessor property description with lazy=false
2025-08-01 19:23:52.803 [main] DEBUG org.hibernate.boot.model.internal.AbstractPropertyHolder - Attempting to locate auto-apply AttributeConverter for property [com.example.trainup.model.user.Trainer:description]
2025-08-01 19:23:52.803 [main] DEBUG org.hibernate.boot.model.internal.BasicValueBinder - building BasicValue for description
2025-08-01 19:23:52.803 [main] DEBUG org.hibernate.mapping.BasicValue - Skipping column re-registration: trainers.description
2025-08-01 19:23:52.803 [main] DEBUG org.hibernate.boot.model.internal.PropertyBinder - Building property description
2025-08-01 19:23:52.804 [main] DEBUG org.hibernate.boot.model.internal.AnnotatedColumn - Binding column: IndexColumn(column='gyms_ORDER')
2025-08-01 19:23:52.804 [main] DEBUG org.hibernate.boot.model.internal.AnnotatedColumn - Binding column: AnnotatedColumn()
2025-08-01 19:23:52.805 [main] DEBUG org.hibernate.boot.model.internal.AnnotatedColumn - Binding column: AnnotatedColumn(column='gyms_KEY')
2025-08-01 19:23:52.805 [main] DEBUG org.hibernate.boot.model.internal.AnnotatedColumn - Binding column: AnnotatedJoinColumn(column='gyms_KEY')
2025-08-01 19:23:52.806 [main] DEBUG org.hibernate.boot.model.internal.AnnotatedColumn - Binding column: AnnotatedJoinColumn()
2025-08-01 19:23:52.806 [main] DEBUG org.hibernate.boot.model.internal.AnnotatedColumn - Binding column: AnnotatedJoinColumn()
2025-08-01 19:23:52.806 [main] DEBUG org.hibernate.boot.model.internal.CollectionBinder - Collection role: com.example.trainup.model.user.Trainer.gyms
2025-08-01 19:23:52.807 [main] DEBUG org.hibernate.boot.model.internal.PropertyBinder - Building property gyms
2025-08-01 19:23:52.807 [main] DEBUG org.hibernate.boot.model.internal.AnnotatedColumn - Binding column: AnnotatedJoinColumn(column='address_id')
2025-08-01 19:23:52.808 [main] DEBUG org.hibernate.boot.model.internal.AnnotatedColumn - Binding column: AnnotatedColumn()
2025-08-01 19:23:52.809 [main] DEBUG org.hibernate.boot.model.internal.PropertyBinder - Building property location
2025-08-01 19:23:52.809 [main] DEBUG org.hibernate.boot.model.internal.AnnotatedColumn - Binding column: AnnotatedColumn()
2025-08-01 19:23:52.810 [main] DEBUG org.hibernate.boot.model.internal.PropertyBinder - MetadataSourceProcessor property numberOfReviews with lazy=false
2025-08-01 19:23:52.811 [main] DEBUG org.hibernate.boot.model.internal.AbstractPropertyHolder - Attempting to locate auto-apply AttributeConverter for property [com.example.trainup.model.user.Trainer:numberOfReviews]
2025-08-01 19:23:52.811 [main] DEBUG org.hibernate.boot.model.internal.BasicValueBinder - building BasicValue for numberOfReviews
2025-08-01 19:23:52.812 [main] DEBUG org.hibernate.mapping.BasicValue - Skipping column re-registration: trainers.number_of_reviews
2025-08-01 19:23:52.812 [main] DEBUG org.hibernate.boot.model.internal.PropertyBinder - Building property numberOfReviews
2025-08-01 19:23:52.813 [main] DEBUG org.hibernate.boot.model.internal.AnnotatedColumn - Binding column: AnnotatedColumn()
2025-08-01 19:23:52.813 [main] DEBUG org.hibernate.boot.model.internal.PropertyBinder - MetadataSourceProcessor property onlineTraining with lazy=false
2025-08-01 19:23:52.814 [main] DEBUG org.hibernate.boot.model.internal.AbstractPropertyHolder - Attempting to locate auto-apply AttributeConverter for property [com.example.trainup.model.user.Trainer:onlineTraining]
2025-08-01 19:23:52.814 [main] DEBUG org.hibernate.boot.model.internal.BasicValueBinder - building BasicValue for onlineTraining
2025-08-01 19:23:52.815 [main] DEBUG org.hibernate.mapping.BasicValue - Skipping column re-registration: trainers.online_training
2025-08-01 19:23:52.815 [main] DEBUG org.hibernate.boot.model.internal.PropertyBinder - Building property onlineTraining
2025-08-01 19:23:52.816 [main] DEBUG org.hibernate.boot.model.internal.AnnotatedColumn - Binding column: AnnotatedColumn()
2025-08-01 19:23:52.816 [main] DEBUG org.hibernate.boot.model.internal.PropertyBinder - MetadataSourceProcessor property overallRating with lazy=false
2025-08-01 19:23:52.817 [main] DEBUG org.hibernate.boot.model.internal.AbstractPropertyHolder - Attempting to locate auto-apply AttributeConverter for property [com.example.trainup.model.user.Trainer:overallRating]
2025-08-01 19:23:52.817 [main] DEBUG org.hibernate.boot.model.internal.BasicValueBinder - building BasicValue for overallRating
2025-08-01 19:23:52.818 [main] DEBUG org.hibernate.mapping.BasicValue - Skipping column re-registration: trainers.overall_rating
2025-08-01 19:23:52.818 [main] DEBUG org.hibernate.boot.model.internal.PropertyBinder - Building property overallRating
2025-08-01 19:23:52.819 [main] DEBUG org.hibernate.boot.model.internal.AnnotatedColumn - Binding column: AnnotatedJoinColumn()
2025-08-01 19:23:52.819 [main] DEBUG org.hibernate.boot.model.internal.AnnotatedColumn - Binding column: AnnotatedColumn()
2025-08-01 19:23:52.820 [main] DEBUG org.hibernate.boot.model.internal.AnnotatedColumn - Binding column: IndexColumn(column='phoneNumbers_ORDER')
2025-08-01 19:23:52.821 [main] DEBUG org.hibernate.boot.model.internal.AnnotatedColumn - Binding column: AnnotatedColumn()
2025-08-01 19:23:52.821 [main] DEBUG org.hibernate.boot.model.internal.AnnotatedColumn - Binding column: AnnotatedColumn(column='phoneNumbers_KEY')
2025-08-01 19:23:52.822 [main] DEBUG org.hibernate.boot.model.internal.AnnotatedColumn - Binding column: AnnotatedJoinColumn(column='phoneNumbers_KEY')
2025-08-01 19:23:52.822 [main] DEBUG org.hibernate.boot.model.internal.AnnotatedColumn - Binding column: AnnotatedJoinColumn(column='trainer_id')
2025-08-01 19:23:52.823 [main] DEBUG org.hibernate.boot.model.internal.AnnotatedColumn - Binding column: AnnotatedJoinColumn()
2025-08-01 19:23:52.823 [main] DEBUG org.hibernate.boot.model.internal.CollectionBinder - Collection role: com.example.trainup.model.user.Trainer.phoneNumbers
2025-08-01 19:23:52.823 [main] DEBUG org.hibernate.boot.model.internal.PropertyBinder - Building property phoneNumbers
2025-08-01 19:23:52.824 [main] DEBUG org.hibernate.boot.model.internal.AnnotatedColumn - Binding column: AnnotatedJoinColumn()
2025-08-01 19:23:52.824 [main] DEBUG org.hibernate.boot.model.internal.AnnotatedColumn - Binding column: AnnotatedColumn()
2025-08-01 19:23:52.825 [main] DEBUG org.hibernate.boot.model.internal.AnnotatedColumn - Binding column: IndexColumn(column='reviews_ORDER')
2025-08-01 19:23:52.826 [main] DEBUG org.hibernate.boot.model.internal.AnnotatedColumn - Binding column: AnnotatedColumn()
2025-08-01 19:23:52.826 [main] DEBUG org.hibernate.boot.model.internal.AnnotatedColumn - Binding column: AnnotatedColumn(column='reviews_KEY')
2025-08-01 19:23:52.826 [main] DEBUG org.hibernate.boot.model.internal.AnnotatedColumn - Binding column: AnnotatedJoinColumn(column='reviews_KEY')
2025-08-01 19:23:52.827 [main] DEBUG org.hibernate.boot.model.internal.AnnotatedColumn - Binding column: AnnotatedJoinColumn()
2025-08-01 19:23:52.827 [main] DEBUG org.hibernate.boot.model.internal.AnnotatedColumn - Binding column: AnnotatedJoinColumn()
2025-08-01 19:23:52.828 [main] DEBUG org.hibernate.boot.model.internal.CollectionBinder - Collection role: com.example.trainup.model.user.Trainer.reviews
2025-08-01 19:23:52.829 [main] DEBUG org.hibernate.boot.model.internal.PropertyBinder - Building property reviews
2025-08-01 19:23:52.829 [main] DEBUG org.hibernate.boot.model.internal.AnnotatedColumn - Binding column: AnnotatedColumn()
2025-08-01 19:23:52.829 [main] DEBUG org.hibernate.boot.model.internal.PropertyBinder - MetadataSourceProcessor property socialMediaLinks with lazy=false
2025-08-01 19:23:52.830 [main] DEBUG org.hibernate.boot.model.internal.AbstractPropertyHolder - Attempting to locate auto-apply AttributeConverter for property [com.example.trainup.model.user.Trainer:socialMediaLinks]
2025-08-01 19:23:52.830 [main] DEBUG org.hibernate.boot.model.internal.BasicValueBinder - building BasicValue for socialMediaLinks
2025-08-01 19:23:52.831 [main] DEBUG org.hibernate.mapping.BasicValue - Skipping column re-registration: trainers.social_media_links
2025-08-01 19:23:52.831 [main] DEBUG org.hibernate.boot.model.internal.PropertyBinder - Building property socialMediaLinks
2025-08-01 19:23:52.832 [main] DEBUG org.hibernate.boot.model.internal.AnnotatedColumn - Binding column: IndexColumn(column='sports_ORDER')
2025-08-01 19:23:52.832 [main] DEBUG org.hibernate.boot.model.internal.AnnotatedColumn - Binding column: AnnotatedColumn()
2025-08-01 19:23:52.833 [main] DEBUG org.hibernate.boot.model.internal.AnnotatedColumn - Binding column: AnnotatedColumn(column='sports_KEY')
2025-08-01 19:23:52.833 [main] DEBUG org.hibernate.boot.model.internal.AnnotatedColumn - Binding column: AnnotatedJoinColumn(column='sports_KEY')
2025-08-01 19:23:52.834 [main] DEBUG org.hibernate.boot.model.internal.AnnotatedColumn - Binding column: AnnotatedJoinColumn(column='trainer_id')
2025-08-01 19:23:52.835 [main] DEBUG org.hibernate.boot.model.internal.AnnotatedColumn - Binding column: AnnotatedJoinColumn(column='sport_id')
2025-08-01 19:23:52.835 [main] DEBUG org.hibernate.boot.model.internal.CollectionBinder - Collection role: com.example.trainup.model.user.Trainer.sports
2025-08-01 19:23:52.836 [main] DEBUG org.hibernate.boot.model.internal.PropertyBinder - Building property sports
2025-08-01 19:23:52.867 [main] DEBUG org.hibernate.boot.registry.classloading.internal.ClassLoaderServiceImpl - HHH000194: Package not found or no package-info.java: com.example.trainup.model.user
2025-08-01 19:23:52.868 [main] DEBUG org.hibernate.boot.model.internal.EntityBinder - Binding entity from annotated class: com.example.trainup.model.user.UserCredentials
2025-08-01 19:23:52.869 [main] DEBUG org.hibernate.boot.model.internal.EntityBinder - Import with entity name UserCredentials
2025-08-01 19:23:52.869 [main] DEBUG org.hibernate.boot.model.internal.EntityBinder - Bind entity com.example.trainup.model.user.UserCredentials on table user_credentials
2025-08-01 19:23:52.870 [main] DEBUG org.hibernate.boot.model.internal.AnnotatedColumn - Binding column: AnnotatedDiscriminatorColumn(column='DTYPE')
2025-08-01 19:23:52.871 [main] DEBUG org.hibernate.boot.model.internal.AnnotatedColumn - Binding column: AnnotatedColumn()
2025-08-01 19:23:52.871 [main] DEBUG org.hibernate.boot.internal.ClassLoaderAccessImpl - Not known whether passed class name [com.example.trainup.model.user.UserCredentials] is safe
2025-08-01 19:23:52.872 [main] DEBUG org.hibernate.boot.internal.ClassLoaderAccessImpl - No temp ClassLoader provided; using live ClassLoader for loading potentially unsafe class : com.example.trainup.model.user.UserCredentials
2025-08-01 19:23:52.872 [main] DEBUG org.hibernate.boot.model.internal.PropertyBinder - MetadataSourceProcessor property id with lazy=false
2025-08-01 19:23:52.873 [main] DEBUG org.hibernate.boot.model.internal.AbstractPropertyHolder - Attempting to locate auto-apply AttributeConverter for property [com.example.trainup.model.user.UserCredentials:id]
2025-08-01 19:23:52.873 [main] DEBUG org.hibernate.boot.model.internal.BasicValueBinder - building BasicValue for id
2025-08-01 19:23:52.873 [main] DEBUG org.hibernate.mapping.BasicValue - Skipping column re-registration: user_credentials.id
2025-08-01 19:23:52.874 [main] DEBUG org.hibernate.boot.model.internal.PropertyBinder - Building property id
2025-08-01 19:23:52.874 [main] DEBUG org.hibernate.boot.model.internal.BinderHelper - #makeIdGenerator(BasicValue([Column(id)]), id, identity, , ...)
2025-08-01 19:23:52.875 [main] DEBUG org.hibernate.boot.model.internal.AnnotatedColumn - Binding column: AnnotatedColumn()
2025-08-01 19:23:52.875 [main] DEBUG org.hibernate.boot.model.internal.PropertyBinder - MetadataSourceProcessor property email with lazy=false
2025-08-01 19:23:52.875 [main] DEBUG org.hibernate.boot.model.internal.AbstractPropertyHolder - Attempting to locate auto-apply AttributeConverter for property [com.example.trainup.model.user.UserCredentials:email]
2025-08-01 19:23:52.876 [main] DEBUG org.hibernate.boot.model.internal.BasicValueBinder - building BasicValue for email
2025-08-01 19:23:52.876 [main] DEBUG org.hibernate.mapping.BasicValue - Skipping column re-registration: user_credentials.email
2025-08-01 19:23:52.876 [main] DEBUG org.hibernate.boot.model.internal.PropertyBinder - Building property email
2025-08-01 19:23:52.877 [main] DEBUG org.hibernate.boot.model.internal.AnnotatedColumn - Binding column: AnnotatedColumn()
2025-08-01 19:23:52.877 [main] DEBUG org.hibernate.boot.model.internal.PropertyBinder - MetadataSourceProcessor property isDeleted with lazy=false
2025-08-01 19:23:52.877 [main] DEBUG org.hibernate.boot.model.internal.AbstractPropertyHolder - Attempting to locate auto-apply AttributeConverter for property [com.example.trainup.model.user.UserCredentials:isDeleted]
2025-08-01 19:23:52.878 [main] DEBUG org.hibernate.boot.model.internal.BasicValueBinder - building BasicValue for isDeleted
2025-08-01 19:23:52.878 [main] DEBUG org.hibernate.mapping.BasicValue - Skipping column re-registration: user_credentials.is_deleted
2025-08-01 19:23:52.879 [main] DEBUG org.hibernate.boot.model.internal.PropertyBinder - Building property isDeleted
2025-08-01 19:23:52.879 [main] DEBUG org.hibernate.boot.model.internal.AnnotatedColumn - Binding column: AnnotatedColumn()
2025-08-01 19:23:52.880 [main] DEBUG org.hibernate.boot.model.internal.PropertyBinder - MetadataSourceProcessor property password with lazy=false
2025-08-01 19:23:52.880 [main] DEBUG org.hibernate.boot.model.internal.AbstractPropertyHolder - Attempting to locate auto-apply AttributeConverter for property [com.example.trainup.model.user.UserCredentials:password]
2025-08-01 19:23:52.880 [main] DEBUG org.hibernate.boot.model.internal.BasicValueBinder - building BasicValue for password
2025-08-01 19:23:52.881 [main] DEBUG org.hibernate.mapping.BasicValue - Skipping column re-registration: user_credentials.password
2025-08-01 19:23:52.881 [main] DEBUG org.hibernate.boot.model.internal.PropertyBinder - Building property password
2025-08-01 19:23:52.881 [main] DEBUG org.hibernate.boot.model.internal.AnnotatedColumn - Binding column: IndexColumn(column='roles_ORDER')
2025-08-01 19:23:52.882 [main] DEBUG org.hibernate.boot.model.internal.AnnotatedColumn - Binding column: AnnotatedColumn()
2025-08-01 19:23:52.882 [main] DEBUG org.hibernate.boot.model.internal.AnnotatedColumn - Binding column: AnnotatedColumn(column='roles_KEY')
2025-08-01 19:23:52.883 [main] DEBUG org.hibernate.boot.model.internal.AnnotatedColumn - Binding column: AnnotatedJoinColumn(column='roles_KEY')
2025-08-01 19:23:52.883 [main] DEBUG org.hibernate.boot.model.internal.AnnotatedColumn - Binding column: AnnotatedJoinColumn(column='user_credentials_id')
2025-08-01 19:23:52.883 [main] DEBUG org.hibernate.boot.model.internal.AnnotatedColumn - Binding column: AnnotatedJoinColumn(column='role_id')
2025-08-01 19:23:52.884 [main] DEBUG org.hibernate.boot.model.internal.CollectionBinder - Collection role: com.example.trainup.model.user.UserCredentials.roles
2025-08-01 19:23:52.884 [main] DEBUG org.hibernate.boot.model.internal.PropertyBinder - Building property roles
2025-08-01 19:23:52.884 [main] DEBUG org.hibernate.boot.model.internal.AnnotatedColumn - Binding column: AnnotatedColumn()
2025-08-01 19:23:52.885 [main] DEBUG org.hibernate.boot.model.internal.PropertyBinder - MetadataSourceProcessor property userType with lazy=false
2025-08-01 19:23:52.885 [main] DEBUG org.hibernate.boot.model.internal.AbstractPropertyHolder - Attempting to locate auto-apply AttributeConverter for property [com.example.trainup.model.user.UserCredentials:userType]
2025-08-01 19:23:52.886 [main] DEBUG org.hibernate.boot.model.internal.BasicValueBinder - building BasicValue for userType
2025-08-01 19:23:52.886 [main] DEBUG org.hibernate.mapping.BasicValue - Skipping column re-registration: user_credentials.user_type
2025-08-01 19:23:52.886 [main] DEBUG org.hibernate.boot.model.internal.PropertyBinder - Building property userType
2025-08-01 19:23:52.920 [main] DEBUG org.hibernate.boot.registry.classloading.internal.ClassLoaderServiceImpl - HHH000194: Package not found or no package-info.java: com.example.trainup.model.user
2025-08-01 19:23:52.942 [main] DEBUG org.hibernate.boot.model.internal.BasicValueBinder - Starting `BasicValueBinder#fillSimpleValue` for id
2025-08-01 19:23:52.942 [main] DEBUG org.hibernate.boot.model.internal.BasicValueBinder - Starting `BasicValueBinder#fillSimpleValue` for city
2025-08-01 19:23:52.943 [main] DEBUG org.hibernate.boot.model.internal.BasicValueBinder - Starting `BasicValueBinder#fillSimpleValue` for cityDistrict
2025-08-01 19:23:52.944 [main] DEBUG org.hibernate.boot.model.internal.BasicValueBinder - Starting `BasicValueBinder#fillSimpleValue` for country
2025-08-01 19:23:52.944 [main] DEBUG org.hibernate.boot.model.internal.BasicValueBinder - Starting `BasicValueBinder#fillSimpleValue` for house
2025-08-01 19:23:52.944 [main] DEBUG org.hibernate.boot.model.internal.BasicValueBinder - Starting `BasicValueBinder#fillSimpleValue` for isDeleted
2025-08-01 19:23:52.945 [main] DEBUG org.hibernate.boot.model.internal.BasicValueBinder - Starting `BasicValueBinder#fillSimpleValue` for street
2025-08-01 19:23:52.945 [main] DEBUG org.hibernate.boot.model.internal.BasicValueBinder - Starting `BasicValueBinder#fillSimpleValue` for id
2025-08-01 19:23:52.946 [main] DEBUG org.hibernate.boot.model.internal.BasicValueBinder - Starting `BasicValueBinder#fillSimpleValue` for dateTime
2025-08-01 19:23:52.946 [main] DEBUG org.hibernate.boot.model.internal.BasicValueBinder - Starting `BasicValueBinder#fillSimpleValue` for description
2025-08-01 19:23:52.946 [main] DEBUG org.hibernate.boot.model.internal.BasicValueBinder - Starting `BasicValueBinder#fillSimpleValue` for name
2025-08-01 19:23:52.947 [main] DEBUG org.hibernate.boot.model.internal.BasicValueBinder - Starting `BasicValueBinder#fillSimpleValue` for id
2025-08-01 19:23:52.947 [main] DEBUG org.hibernate.boot.model.internal.BasicValueBinder - Starting `BasicValueBinder#fillSimpleValue` for description
2025-08-01 19:23:52.948 [main] DEBUG org.hibernate.boot.model.internal.BasicValueBinder - Starting `BasicValueBinder#fillSimpleValue` for isDeleted
2025-08-01 19:23:52.948 [main] DEBUG org.hibernate.boot.model.internal.BasicValueBinder - Starting `BasicValueBinder#fillSimpleValue` for name
2025-08-01 19:23:52.949 [main] DEBUG org.hibernate.boot.model.internal.BasicValueBinder - Starting `BasicValueBinder#fillSimpleValue` for numberOfReviews
2025-08-01 19:23:52.949 [main] DEBUG org.hibernate.boot.model.internal.BasicValueBinder - Starting `BasicValueBinder#fillSimpleValue` for overallRating
2025-08-01 19:23:52.950 [main] DEBUG org.hibernate.boot.model.internal.BasicValueBinder - Starting `BasicValueBinder#fillSimpleValue` for website
2025-08-01 19:23:52.950 [main] DEBUG org.hibernate.boot.model.internal.BasicValueBinder - Starting `BasicValueBinder#fillSimpleValue` for id
2025-08-01 19:23:52.951 [main] DEBUG org.hibernate.boot.model.internal.BasicValueBinder - Starting `BasicValueBinder#fillSimpleValue` for imageUrl
2025-08-01 19:23:52.951 [main] DEBUG org.hibernate.boot.model.internal.BasicValueBinder - Starting `BasicValueBinder#fillSimpleValue` for isDeleted
2025-08-01 19:23:52.952 [main] DEBUG org.hibernate.boot.model.internal.BasicValueBinder - Starting `BasicValueBinder#fillSimpleValue` for id
2025-08-01 19:23:52.952 [main] DEBUG org.hibernate.boot.model.internal.BasicValueBinder - Starting `BasicValueBinder#fillSimpleValue` for description
2025-08-01 19:23:52.953 [main] DEBUG org.hibernate.boot.model.internal.BasicValueBinder - Starting `BasicValueBinder#fillSimpleValue` for rating
2025-08-01 19:23:52.953 [main] DEBUG org.hibernate.boot.model.internal.BasicValueBinder - Starting `BasicValueBinder#fillSimpleValue` for id
2025-08-01 19:23:52.954 [main] DEBUG org.hibernate.boot.model.internal.BasicValueBinder - Starting `BasicValueBinder#fillSimpleValue` for name
2025-08-01 19:23:52.954 [main] DEBUG org.hibernate.boot.model.internal.BasicValueBinder - Starting `BasicValueBinder#fillSimpleValue` for id
2025-08-01 19:23:52.955 [main] DEBUG org.hibernate.boot.model.internal.BasicValueBinder - Starting `BasicValueBinder#fillSimpleValue` for isDeleted
2025-08-01 19:23:52.955 [main] DEBUG org.hibernate.boot.model.internal.BasicValueBinder - Starting `BasicValueBinder#fillSimpleValue` for sportName
2025-08-01 19:23:52.955 [main] DEBUG org.hibernate.boot.model.internal.BasicValueBinder - Starting `BasicValueBinder#fillSimpleValue` for id
2025-08-01 19:23:52.956 [main] DEBUG org.hibernate.boot.model.internal.BasicValueBinder - Starting `BasicValueBinder#fillSimpleValue` for dateOfBirth
2025-08-01 19:23:52.956 [main] DEBUG org.hibernate.boot.model.internal.BasicValueBinder - Starting `BasicValueBinder#fillSimpleValue` for firstName
2025-08-01 19:23:52.957 [main] DEBUG org.hibernate.boot.model.internal.BasicValueBinder - Starting `BasicValueBinder#fillSimpleValue` for gender
2025-08-01 19:23:52.957 [main] DEBUG org.hibernate.boot.model.internal.BasicValueBinder - Starting `BasicValueBinder#fillSimpleValue` for isDeleted
2025-08-01 19:23:52.957 [main] DEBUG org.hibernate.boot.model.internal.BasicValueBinder - Starting `BasicValueBinder#fillSimpleValue` for lastName
2025-08-01 19:23:52.958 [main] DEBUG org.hibernate.boot.model.internal.BasicValueBinder - Starting `BasicValueBinder#fillSimpleValue` for profileImageUrl
2025-08-01 19:23:52.958 [main] DEBUG org.hibernate.boot.model.internal.BasicValueBinder - Starting `BasicValueBinder#fillSimpleValue` for id
2025-08-01 19:23:52.959 [main] DEBUG org.hibernate.boot.model.internal.BasicValueBinder - Starting `BasicValueBinder#fillSimpleValue` for dateOfBirth
2025-08-01 19:23:52.959 [main] DEBUG org.hibernate.boot.model.internal.BasicValueBinder - Starting `BasicValueBinder#fillSimpleValue` for firstName
2025-08-01 19:23:52.959 [main] DEBUG org.hibernate.boot.model.internal.BasicValueBinder - Starting `BasicValueBinder#fillSimpleValue` for gender
2025-08-01 19:23:52.960 [main] DEBUG org.hibernate.boot.model.internal.BasicValueBinder - Starting `BasicValueBinder#fillSimpleValue` for isDeleted
2025-08-01 19:23:52.960 [main] DEBUG org.hibernate.boot.model.internal.BasicValueBinder - Starting `BasicValueBinder#fillSimpleValue` for lastName
2025-08-01 19:23:52.961 [main] DEBUG org.hibernate.boot.model.internal.BasicValueBinder - Starting `BasicValueBinder#fillSimpleValue` for profileImageUrl
2025-08-01 19:23:52.961 [main] DEBUG org.hibernate.boot.model.internal.BasicValueBinder - Starting `BasicValueBinder#fillSimpleValue` for emailPermission
2025-08-01 19:23:52.962 [main] DEBUG org.hibernate.boot.model.internal.BasicValueBinder - Starting `BasicValueBinder#fillSimpleValue` for phonePermission
2025-08-01 19:23:52.962 [main] DEBUG org.hibernate.boot.model.internal.BasicValueBinder - Starting `BasicValueBinder#fillSimpleValue` for id
2025-08-01 19:23:52.963 [main] DEBUG org.hibernate.boot.model.internal.BasicValueBinder - Starting `BasicValueBinder#fillSimpleValue` for dateOfBirth
2025-08-01 19:23:52.963 [main] DEBUG org.hibernate.boot.model.internal.BasicValueBinder - Starting `BasicValueBinder#fillSimpleValue` for firstName
2025-08-01 19:23:52.964 [main] DEBUG org.hibernate.boot.model.internal.BasicValueBinder - Starting `BasicValueBinder#fillSimpleValue` for gender
2025-08-01 19:23:52.964 [main] DEBUG org.hibernate.boot.model.internal.BasicValueBinder - Starting `BasicValueBinder#fillSimpleValue` for isDeleted
2025-08-01 19:23:52.965 [main] DEBUG org.hibernate.boot.model.internal.BasicValueBinder - Starting `BasicValueBinder#fillSimpleValue` for lastName
2025-08-01 19:23:52.965 [main] DEBUG org.hibernate.boot.model.internal.BasicValueBinder - Starting `BasicValueBinder#fillSimpleValue` for profileImageUrl
2025-08-01 19:23:52.965 [main] DEBUG org.hibernate.boot.model.internal.BasicValueBinder - Starting `BasicValueBinder#fillSimpleValue` for id
2025-08-01 19:23:52.966 [main] DEBUG org.hibernate.boot.model.internal.BasicValueBinder - Starting `BasicValueBinder#fillSimpleValue` for dateOfBirth
2025-08-01 19:23:52.966 [main] DEBUG org.hibernate.boot.model.internal.BasicValueBinder - Starting `BasicValueBinder#fillSimpleValue` for firstName
2025-08-01 19:23:52.967 [main] DEBUG org.hibernate.boot.model.internal.BasicValueBinder - Starting `BasicValueBinder#fillSimpleValue` for gender
2025-08-01 19:23:52.968 [main] DEBUG org.hibernate.boot.model.internal.BasicValueBinder - Starting `BasicValueBinder#fillSimpleValue` for isDeleted
2025-08-01 19:23:52.968 [main] DEBUG org.hibernate.boot.model.internal.BasicValueBinder - Starting `BasicValueBinder#fillSimpleValue` for lastName
2025-08-01 19:23:52.969 [main] DEBUG org.hibernate.boot.model.internal.BasicValueBinder - Starting `BasicValueBinder#fillSimpleValue` for profileImageUrl
2025-08-01 19:23:52.969 [main] DEBUG org.hibernate.boot.model.internal.BasicValueBinder - Starting `BasicValueBinder#fillSimpleValue` for description
2025-08-01 19:23:52.970 [main] DEBUG org.hibernate.boot.model.internal.BasicValueBinder - Starting `BasicValueBinder#fillSimpleValue` for numberOfReviews
2025-08-01 19:23:52.970 [main] DEBUG org.hibernate.boot.model.internal.BasicValueBinder - Starting `BasicValueBinder#fillSimpleValue` for onlineTraining
2025-08-01 19:23:52.970 [main] DEBUG org.hibernate.boot.model.internal.BasicValueBinder - Starting `BasicValueBinder#fillSimpleValue` for overallRating
2025-08-01 19:23:52.971 [main] DEBUG org.hibernate.boot.model.internal.BasicValueBinder - Starting `BasicValueBinder#fillSimpleValue` for socialMediaLinks
2025-08-01 19:23:52.971 [main] DEBUG org.hibernate.boot.model.internal.BasicValueBinder - Starting `BasicValueBinder#fillSimpleValue` for id
2025-08-01 19:23:52.972 [main] DEBUG org.hibernate.boot.model.internal.BasicValueBinder - Starting `BasicValueBinder#fillSimpleValue` for email
2025-08-01 19:23:52.972 [main] DEBUG org.hibernate.boot.model.internal.BasicValueBinder - Starting `BasicValueBinder#fillSimpleValue` for isDeleted
2025-08-01 19:23:52.973 [main] DEBUG org.hibernate.boot.model.internal.BasicValueBinder - Starting `BasicValueBinder#fillSimpleValue` for password
2025-08-01 19:23:52.973 [main] DEBUG org.hibernate.boot.model.internal.BasicValueBinder - Starting `BasicValueBinder#fillSimpleValue` for userType
2025-08-01 19:23:52.975 [main] DEBUG org.hibernate.mapping.PrimaryKey - Forcing column [id] to be non-null as it is part of the primary key for table [addresses]
2025-08-01 19:23:52.976 [main] DEBUG org.hibernate.mapping.PrimaryKey - Forcing column [id] to be non-null as it is part of the primary key for table [events]
2025-08-01 19:23:52.976 [main] DEBUG org.hibernate.mapping.PrimaryKey - Forcing column [id] to be non-null as it is part of the primary key for table [gyms]
2025-08-01 19:23:52.977 [main] DEBUG org.hibernate.mapping.PrimaryKey - Forcing column [id] to be non-null as it is part of the primary key for table [gym_photos]
2025-08-01 19:23:52.978 [main] DEBUG org.hibernate.mapping.PrimaryKey - Forcing column [id] to be non-null as it is part of the primary key for table [reviews]
2025-08-01 19:23:52.979 [main] DEBUG org.hibernate.mapping.PrimaryKey - Forcing column [id] to be non-null as it is part of the primary key for table [roles]
2025-08-01 19:23:52.979 [main] DEBUG org.hibernate.mapping.PrimaryKey - Forcing column [id] to be non-null as it is part of the primary key for table [sports]
2025-08-01 19:23:52.980 [main] DEBUG org.hibernate.mapping.PrimaryKey - Forcing column [id] to be non-null as it is part of the primary key for table [admins]
2025-08-01 19:23:52.980 [main] DEBUG org.hibernate.mapping.PrimaryKey - Forcing column [id] to be non-null as it is part of the primary key for table [athletes]
2025-08-01 19:23:52.981 [main] DEBUG org.hibernate.mapping.PrimaryKey - Forcing column [id] to be non-null as it is part of the primary key for table [gym_owners]
2025-08-01 19:23:52.981 [main] DEBUG org.hibernate.mapping.PrimaryKey - Forcing column [id] to be non-null as it is part of the primary key for table [trainers]
2025-08-01 19:23:52.982 [main] DEBUG org.hibernate.mapping.PrimaryKey - Forcing column [id] to be non-null as it is part of the primary key for table [user_credentials]
2025-08-01 19:23:52.982 [main] DEBUG org.hibernate.boot.model.internal.CollectionSecondPass - Second pass for collection: com.example.trainup.model.user.UserCredentials.roles
2025-08-01 19:23:52.982 [main] DEBUG org.hibernate.boot.model.internal.CollectionBinder - Binding a ManyToMany: com.example.trainup.model.user.UserCredentials.roles
2025-08-01 19:23:53.011 [main] DEBUG org.hibernate.boot.registry.classloading.internal.ClassLoaderServiceImpl - HHH000194: Package not found or no package-info.java: com.example.trainup.model.user
2025-08-01 19:23:53.012 [main] DEBUG org.hibernate.mapping.PrimaryKey - Forcing column [user_credentials_id] to be non-null as it is part of the primary key for table [user_credentials_roles]
2025-08-01 19:23:53.012 [main] DEBUG org.hibernate.mapping.PrimaryKey - Forcing column [role_id] to be non-null as it is part of the primary key for table [user_credentials_roles]
2025-08-01 19:23:53.013 [main] DEBUG org.hibernate.boot.model.internal.CollectionSecondPass - Mapped collection key: user_credentials_id, element: role_id
2025-08-01 19:23:53.013 [main] DEBUG org.hibernate.boot.model.internal.CollectionSecondPass - Second pass for collection: com.example.trainup.model.user.Trainer.sports
2025-08-01 19:23:53.013 [main] DEBUG org.hibernate.boot.model.internal.CollectionBinder - Binding a ManyToMany: com.example.trainup.model.user.Trainer.sports
2025-08-01 19:23:53.042 [main] DEBUG org.hibernate.boot.registry.classloading.internal.ClassLoaderServiceImpl - HHH000194: Package not found or no package-info.java: com.example.trainup.model.user
2025-08-01 19:23:53.043 [main] DEBUG org.hibernate.mapping.PrimaryKey - Forcing column [trainer_id] to be non-null as it is part of the primary key for table [sports_trainers]
2025-08-01 19:23:53.043 [main] DEBUG org.hibernate.mapping.PrimaryKey - Forcing column [sport_id] to be non-null as it is part of the primary key for table [sports_trainers]
2025-08-01 19:23:53.043 [main] DEBUG org.hibernate.boot.model.internal.CollectionSecondPass - Mapped collection key: trainer_id, element: sport_id
2025-08-01 19:23:53.044 [main] DEBUG org.hibernate.boot.model.internal.CollectionSecondPass - Second pass for collection: com.example.trainup.model.user.Trainer.phoneNumbers
2025-08-01 19:23:53.044 [main] DEBUG org.hibernate.boot.model.internal.CollectionBinder - Binding a collection of element: com.example.trainup.model.user.Trainer.phoneNumbers
2025-08-01 19:23:53.073 [main] DEBUG org.hibernate.boot.registry.classloading.internal.ClassLoaderServiceImpl - HHH000194: Package not found or no package-info.java: com.example.trainup.model.user
2025-08-01 19:23:53.074 [main] DEBUG org.hibernate.boot.model.internal.CollectionPropertyHolder - Attempting to locate auto-apply AttributeConverter for collection element [com.example.trainup.model.user.Trainer.phoneNumbers]
2025-08-01 19:23:53.075 [main] DEBUG org.hibernate.boot.model.internal.BasicValueBinder - building BasicValue for null
2025-08-01 19:23:53.075 [main] DEBUG org.hibernate.mapping.BasicValue - Skipping column re-registration: trainer_phone_numbers.phone_numbers
2025-08-01 19:23:53.076 [main] DEBUG org.hibernate.boot.model.internal.BasicValueBinder - Starting `BasicValueBinder#fillSimpleValue` for null
2025-08-01 19:23:53.076 [main] DEBUG org.hibernate.mapping.PrimaryKey - Forcing column [trainer_id] to be non-null as it is part of the primary key for table [trainer_phone_numbers]
2025-08-01 19:23:53.077 [main] DEBUG org.hibernate.boot.model.internal.CollectionSecondPass - Mapped collection key: trainer_id, element: phone_numbers
2025-08-01 19:23:53.077 [main] DEBUG org.hibernate.boot.model.internal.CollectionSecondPass - Second pass for collection: com.example.trainup.model.user.Trainer.certificates
2025-08-01 19:23:53.077 [main] DEBUG org.hibernate.boot.model.internal.CollectionBinder - Binding a collection of element: com.example.trainup.model.user.Trainer.certificates
2025-08-01 19:23:53.112 [main] DEBUG org.hibernate.boot.registry.classloading.internal.ClassLoaderServiceImpl - HHH000194: Package not found or no package-info.java: com.example.trainup.model.user
2025-08-01 19:23:53.113 [main] DEBUG org.hibernate.boot.model.internal.CollectionPropertyHolder - Attempting to locate auto-apply AttributeConverter for collection element [com.example.trainup.model.user.Trainer.certificates]
2025-08-01 19:23:53.114 [main] DEBUG org.hibernate.boot.model.internal.BasicValueBinder - building BasicValue for null
2025-08-01 19:23:53.114 [main] DEBUG org.hibernate.mapping.BasicValue - Skipping column re-registration: trainer_certificates.certificates
2025-08-01 19:23:53.114 [main] DEBUG org.hibernate.boot.model.internal.BasicValueBinder - Starting `BasicValueBinder#fillSimpleValue` for null
2025-08-01 19:23:53.115 [main] DEBUG org.hibernate.mapping.PrimaryKey - Forcing column [trainer_id] to be non-null as it is part of the primary key for table [trainer_certificates]
2025-08-01 19:23:53.115 [main] DEBUG org.hibernate.boot.model.internal.CollectionSecondPass - Mapped collection key: trainer_id, element: certificates
2025-08-01 19:23:53.116 [main] DEBUG org.hibernate.boot.model.internal.CollectionSecondPass - Second pass for collection: com.example.trainup.model.user.GymOwner.phoneNumbers
2025-08-01 19:23:53.116 [main] DEBUG org.hibernate.boot.model.internal.CollectionBinder - Binding a collection of element: com.example.trainup.model.user.GymOwner.phoneNumbers
2025-08-01 19:23:53.151 [main] DEBUG org.hibernate.boot.registry.classloading.internal.ClassLoaderServiceImpl - HHH000194: Package not found or no package-info.java: com.example.trainup.model.user
2025-08-01 19:23:53.152 [main] DEBUG org.hibernate.boot.model.internal.CollectionPropertyHolder - Attempting to locate auto-apply AttributeConverter for collection element [com.example.trainup.model.user.GymOwner.phoneNumbers]
2025-08-01 19:23:53.153 [main] DEBUG org.hibernate.boot.model.internal.BasicValueBinder - building BasicValue for null
2025-08-01 19:23:53.153 [main] DEBUG org.hibernate.mapping.BasicValue - Skipping column re-registration: gym_owner_phone_numbers.phone_numbers
2025-08-01 19:23:53.153 [main] DEBUG org.hibernate.boot.model.internal.BasicValueBinder - Starting `BasicValueBinder#fillSimpleValue` for null
2025-08-01 19:23:53.154 [main] DEBUG org.hibernate.mapping.PrimaryKey - Forcing column [gym_owner_id] to be non-null as it is part of the primary key for table [gym_owner_phone_numbers]
2025-08-01 19:23:53.154 [main] DEBUG org.hibernate.boot.model.internal.CollectionSecondPass - Mapped collection key: gym_owner_id, element: phone_numbers
2025-08-01 19:23:53.155 [main] DEBUG org.hibernate.boot.model.internal.CollectionSecondPass - Second pass for collection: com.example.trainup.model.user.Athlete.phoneNumbers
2025-08-01 19:23:53.155 [main] DEBUG org.hibernate.boot.model.internal.CollectionBinder - Binding a collection of element: com.example.trainup.model.user.Athlete.phoneNumbers
2025-08-01 19:23:53.189 [main] DEBUG org.hibernate.boot.registry.classloading.internal.ClassLoaderServiceImpl - HHH000194: Package not found or no package-info.java: com.example.trainup.model.user
2025-08-01 19:23:53.190 [main] DEBUG org.hibernate.boot.model.internal.CollectionPropertyHolder - Attempting to locate auto-apply AttributeConverter for collection element [com.example.trainup.model.user.Athlete.phoneNumbers]
2025-08-01 19:23:53.191 [main] DEBUG org.hibernate.boot.model.internal.BasicValueBinder - building BasicValue for null
2025-08-01 19:23:53.191 [main] DEBUG org.hibernate.mapping.BasicValue - Skipping column re-registration: athlete_phone_numbers.phone_numbers
2025-08-01 19:23:53.191 [main] DEBUG org.hibernate.boot.model.internal.BasicValueBinder - Starting `BasicValueBinder#fillSimpleValue` for null
2025-08-01 19:23:53.192 [main] DEBUG org.hibernate.mapping.PrimaryKey - Forcing column [athlete_id] to be non-null as it is part of the primary key for table [athlete_phone_numbers]
2025-08-01 19:23:53.192 [main] DEBUG org.hibernate.boot.model.internal.CollectionSecondPass - Mapped collection key: athlete_id, element: phone_numbers
2025-08-01 19:23:53.192 [main] DEBUG org.hibernate.boot.model.internal.CollectionSecondPass - Second pass for collection: com.example.trainup.model.Sport.athletes
2025-08-01 19:23:53.193 [main] DEBUG org.hibernate.boot.model.internal.CollectionBinder - Binding a ManyToMany: com.example.trainup.model.Sport.athletes
2025-08-01 19:23:53.218 [main] DEBUG org.hibernate.boot.registry.classloading.internal.ClassLoaderServiceImpl - HHH000194: Package not found or no package-info.java: com.example.trainup.model
2025-08-01 19:23:53.219 [main] DEBUG org.hibernate.mapping.PrimaryKey - Forcing column [sport_id] to be non-null as it is part of the primary key for table [sports_athletes]
2025-08-01 19:23:53.220 [main] DEBUG org.hibernate.mapping.PrimaryKey - Forcing column [athlete_id] to be non-null as it is part of the primary key for table [sports_athletes]
2025-08-01 19:23:53.220 [main] DEBUG org.hibernate.boot.model.internal.CollectionSecondPass - Mapped collection key: sport_id, element: athlete_id
2025-08-01 19:23:53.220 [main] DEBUG org.hibernate.boot.model.internal.CollectionSecondPass - Second pass for collection: com.example.trainup.model.Gym.workingHours
2025-08-01 19:23:53.221 [main] DEBUG org.hibernate.boot.model.internal.CollectionBinder - Binding a collection of element: com.example.trainup.model.Gym.workingHours
2025-08-01 19:23:53.252 [main] DEBUG org.hibernate.boot.registry.classloading.internal.ClassLoaderServiceImpl - HHH000194: Package not found or no package-info.java: com.example.trainup.model
2025-08-01 19:23:53.253 [main] DEBUG org.hibernate.boot.model.internal.AnnotatedColumn - Binding column: AnnotatedColumn(column='day_of_week')
2025-08-01 19:23:53.254 [main] DEBUG org.hibernate.boot.model.internal.PropertyBinder - MetadataSourceProcessor property dayOfWeek with lazy=false
2025-08-01 19:23:53.254 [main] DEBUG org.hibernate.boot.model.internal.AbstractPropertyHolder - Attempting to locate auto-apply AttributeConverter for property [com.example.trainup.model.Gym.workingHours.collection&&element:dayOfWeek]
2025-08-01 19:23:53.254 [main] DEBUG org.hibernate.boot.model.internal.BasicValueBinder - building BasicValue for dayOfWeek
2025-08-01 19:23:53.255 [main] DEBUG org.hibernate.mapping.BasicValue - Skipping column re-registration: gym_working_hours.day_of_week
2025-08-01 19:23:53.255 [main] DEBUG org.hibernate.boot.model.internal.BasicValueBinder - Starting `BasicValueBinder#fillSimpleValue` for dayOfWeek
2025-08-01 19:23:53.255 [main] DEBUG org.hibernate.boot.model.internal.PropertyBinder - Building property dayOfWeek
2025-08-01 19:23:53.255 [main] DEBUG org.hibernate.boot.model.internal.AnnotatedColumn - Binding column: AnnotatedColumn(column='end_time')
2025-08-01 19:23:53.256 [main] DEBUG org.hibernate.boot.model.internal.PropertyBinder - MetadataSourceProcessor property endTime with lazy=false
2025-08-01 19:23:53.256 [main] DEBUG org.hibernate.boot.model.internal.AbstractPropertyHolder - Attempting to locate auto-apply AttributeConverter for property [com.example.trainup.model.Gym.workingHours.collection&&element:endTime]
2025-08-01 19:23:53.256 [main] DEBUG org.hibernate.boot.model.internal.BasicValueBinder - building BasicValue for endTime
2025-08-01 19:23:53.257 [main] DEBUG org.hibernate.mapping.BasicValue - Skipping column re-registration: gym_working_hours.end_time
2025-08-01 19:23:53.257 [main] DEBUG org.hibernate.boot.model.internal.BasicValueBinder - Starting `BasicValueBinder#fillSimpleValue` for endTime
2025-08-01 19:23:53.257 [main] DEBUG org.hibernate.boot.model.internal.PropertyBinder - Building property endTime
2025-08-01 19:23:53.258 [main] DEBUG org.hibernate.boot.model.internal.AnnotatedColumn - Binding column: AnnotatedColumn(column='start_time')
2025-08-01 19:23:53.258 [main] DEBUG org.hibernate.boot.model.internal.PropertyBinder - MetadataSourceProcessor property startTime with lazy=false
2025-08-01 19:23:53.258 [main] DEBUG org.hibernate.boot.model.internal.AbstractPropertyHolder - Attempting to locate auto-apply AttributeConverter for property [com.example.trainup.model.Gym.workingHours.collection&&element:startTime]
2025-08-01 19:23:53.259 [main] DEBUG org.hibernate.boot.model.internal.BasicValueBinder - building BasicValue for startTime
2025-08-01 19:23:53.259 [main] DEBUG org.hibernate.mapping.BasicValue - Skipping column re-registration: gym_working_hours.start_time
2025-08-01 19:23:53.259 [main] DEBUG org.hibernate.boot.model.internal.BasicValueBinder - Starting `BasicValueBinder#fillSimpleValue` for startTime
2025-08-01 19:23:53.259 [main] DEBUG org.hibernate.boot.model.internal.PropertyBinder - Building property startTime
2025-08-01 19:23:53.260 [main] DEBUG org.hibernate.mapping.PrimaryKey - Forcing column [gym_id] to be non-null as it is part of the primary key for table [gym_working_hours]
2025-08-01 19:23:53.260 [main] DEBUG org.hibernate.boot.model.internal.CollectionSecondPass - Mapped collection key: gym_id, element: day_of_week, end_time, start_time
2025-08-01 19:23:53.260 [main] DEBUG org.hibernate.boot.model.internal.CollectionSecondPass - Second pass for collection: com.example.trainup.model.Gym.trainers
2025-08-01 19:23:53.261 [main] DEBUG org.hibernate.boot.model.internal.CollectionBinder - Binding a ManyToMany: com.example.trainup.model.Gym.trainers
2025-08-01 19:23:53.286 [main] DEBUG org.hibernate.boot.registry.classloading.internal.ClassLoaderServiceImpl - HHH000194: Package not found or no package-info.java: com.example.trainup.model
2025-08-01 19:23:53.287 [main] DEBUG org.hibernate.mapping.PrimaryKey - Forcing column [gym_id] to be non-null as it is part of the primary key for table [gyms_trainers]
2025-08-01 19:23:53.287 [main] DEBUG org.hibernate.mapping.PrimaryKey - Forcing column [trainer_id] to be non-null as it is part of the primary key for table [gyms_trainers]
2025-08-01 19:23:53.287 [main] DEBUG org.hibernate.boot.model.internal.CollectionSecondPass - Mapped collection key: gym_id, element: trainer_id
2025-08-01 19:23:53.288 [main] DEBUG org.hibernate.boot.model.internal.CollectionSecondPass - Second pass for collection: com.example.trainup.model.Gym.sports
2025-08-01 19:23:53.288 [main] DEBUG org.hibernate.boot.model.internal.CollectionBinder - Binding a ManyToMany: com.example.trainup.model.Gym.sports
2025-08-01 19:23:53.315 [main] DEBUG org.hibernate.boot.registry.classloading.internal.ClassLoaderServiceImpl - HHH000194: Package not found or no package-info.java: com.example.trainup.model
2025-08-01 19:23:53.316 [main] DEBUG org.hibernate.mapping.PrimaryKey - Forcing column [gym_id] to be non-null as it is part of the primary key for table [sports_gyms]
2025-08-01 19:23:53.316 [main] DEBUG org.hibernate.mapping.PrimaryKey - Forcing column [sport_id] to be non-null as it is part of the primary key for table [sports_gyms]
2025-08-01 19:23:53.316 [main] DEBUG org.hibernate.boot.model.internal.CollectionSecondPass - Mapped collection key: gym_id, element: sport_id
2025-08-01 19:23:53.317 [main] DEBUG org.hibernate.boot.model.internal.CollectionSecondPass - Second pass for collection: com.example.trainup.model.Gym.phoneNumbers
2025-08-01 19:23:53.317 [main] DEBUG org.hibernate.boot.model.internal.CollectionBinder - Binding a collection of element: com.example.trainup.model.Gym.phoneNumbers
2025-08-01 19:23:53.349 [main] DEBUG org.hibernate.boot.registry.classloading.internal.ClassLoaderServiceImpl - HHH000194: Package not found or no package-info.java: com.example.trainup.model
2025-08-01 19:23:53.349 [main] DEBUG org.hibernate.boot.model.internal.CollectionPropertyHolder - Attempting to locate auto-apply AttributeConverter for collection element [com.example.trainup.model.Gym.phoneNumbers]
2025-08-01 19:23:53.350 [main] DEBUG org.hibernate.boot.model.internal.BasicValueBinder - building BasicValue for null
2025-08-01 19:23:53.350 [main] DEBUG org.hibernate.mapping.BasicValue - Skipping column re-registration: gym_phone_numbers.phone_numbers
2025-08-01 19:23:53.350 [main] DEBUG org.hibernate.boot.model.internal.BasicValueBinder - Starting `BasicValueBinder#fillSimpleValue` for null
2025-08-01 19:23:53.351 [main] DEBUG org.hibernate.mapping.PrimaryKey - Forcing column [gym_id] to be non-null as it is part of the primary key for table [gym_phone_numbers]
2025-08-01 19:23:53.351 [main] DEBUG org.hibernate.boot.model.internal.CollectionSecondPass - Mapped collection key: gym_id, element: phone_numbers
2025-08-01 19:23:53.351 [main] DEBUG org.hibernate.boot.model.internal.PropertyBinder - Building property gym
2025-08-01 19:23:53.352 [main] DEBUG org.hibernate.boot.model.internal.CollectionSecondPass - Second pass for collection: com.example.trainup.model.Address.trainers
2025-08-01 19:23:53.353 [main] DEBUG org.hibernate.boot.model.internal.CollectionBinder - Binding a OneToMany: com.example.trainup.model.Address.trainers through a foreign key
2025-08-01 19:23:53.353 [main] DEBUG org.hibernate.boot.model.internal.CollectionBinder - Mapping collection: com.example.trainup.model.Address.trainers -> trainers
2025-08-01 19:23:53.354 [main] DEBUG org.hibernate.boot.model.internal.TableBinder - Retrieving property com.example.trainup.model.user.Trainer.location
2025-08-01 19:23:53.354 [main] DEBUG org.hibernate.boot.model.internal.CollectionSecondPass - Mapped collection key: address_id, one-to-many: com.example.trainup.model.user.Trainer
2025-08-01 19:23:53.355 [main] DEBUG org.hibernate.boot.model.internal.CollectionSecondPass - Second pass for collection: com.example.trainup.model.Gym.photos
2025-08-01 19:23:53.355 [main] DEBUG org.hibernate.boot.model.internal.CollectionBinder - Binding a OneToMany: com.example.trainup.model.Gym.photos through a foreign key
2025-08-01 19:23:53.355 [main] DEBUG org.hibernate.boot.model.internal.CollectionBinder - Mapping collection: com.example.trainup.model.Gym.photos -> gym_photos
2025-08-01 19:23:53.356 [main] DEBUG org.hibernate.boot.model.internal.TableBinder - Retrieving property com.example.trainup.model.GymPhoto.gym
2025-08-01 19:23:53.356 [main] DEBUG org.hibernate.boot.model.internal.CollectionSecondPass - Mapped collection key: gym_id, one-to-many: com.example.trainup.model.GymPhoto
2025-08-01 19:23:53.357 [main] DEBUG org.hibernate.boot.model.internal.CollectionSecondPass - Second pass for collection: com.example.trainup.model.Gym.reviews
2025-08-01 19:23:53.357 [main] DEBUG org.hibernate.boot.model.internal.CollectionBinder - Binding a OneToMany: com.example.trainup.model.Gym.reviews through a foreign key
2025-08-01 19:23:53.357 [main] DEBUG org.hibernate.boot.model.internal.CollectionBinder - Mapping collection: com.example.trainup.model.Gym.reviews -> reviews
2025-08-01 19:23:53.358 [main] DEBUG org.hibernate.boot.model.internal.TableBinder - Retrieving property com.example.trainup.model.Review.gym
2025-08-01 19:23:53.358 [main] DEBUG org.hibernate.boot.model.internal.CollectionSecondPass - Mapped collection key: gym_id, one-to-many: com.example.trainup.model.Review
2025-08-01 19:23:53.359 [main] DEBUG org.hibernate.boot.model.internal.CollectionSecondPass - Second pass for collection: com.example.trainup.model.Sport.gyms
2025-08-01 19:23:53.359 [main] DEBUG org.hibernate.boot.model.internal.CollectionBinder - Binding a ManyToMany: com.example.trainup.model.Sport.gyms
2025-08-01 19:23:53.385 [main] DEBUG org.hibernate.boot.registry.classloading.internal.ClassLoaderServiceImpl - HHH000194: Package not found or no package-info.java: com.example.trainup.model
2025-08-01 19:23:53.386 [main] DEBUG org.hibernate.boot.model.internal.TableBinder - Retrieving property com.example.trainup.model.Gym.sports
2025-08-01 19:23:53.386 [main] DEBUG org.hibernate.boot.model.internal.CollectionSecondPass - Mapped collection key: sport_id, element: gym_id
2025-08-01 19:23:53.387 [main] DEBUG org.hibernate.boot.model.internal.CollectionSecondPass - Second pass for collection: com.example.trainup.model.Sport.trainers
2025-08-01 19:23:53.387 [main] DEBUG org.hibernate.boot.model.internal.CollectionBinder - Binding a ManyToMany: com.example.trainup.model.Sport.trainers
2025-08-01 19:23:53.412 [main] DEBUG org.hibernate.boot.registry.classloading.internal.ClassLoaderServiceImpl - HHH000194: Package not found or no package-info.java: com.example.trainup.model
2025-08-01 19:23:53.413 [main] DEBUG org.hibernate.boot.model.internal.TableBinder - Retrieving property com.example.trainup.model.user.Trainer.sports
2025-08-01 19:23:53.413 [main] DEBUG org.hibernate.boot.model.internal.CollectionSecondPass - Mapped collection key: sport_id, element: trainer_id
2025-08-01 19:23:53.414 [main] DEBUG org.hibernate.boot.model.internal.CollectionSecondPass - Second pass for collection: com.example.trainup.model.user.Athlete.sports
2025-08-01 19:23:53.414 [main] DEBUG org.hibernate.boot.model.internal.CollectionBinder - Binding a ManyToMany: com.example.trainup.model.user.Athlete.sports
2025-08-01 19:23:53.445 [main] DEBUG org.hibernate.boot.registry.classloading.internal.ClassLoaderServiceImpl - HHH000194: Package not found or no package-info.java: com.example.trainup.model.user
2025-08-01 19:23:53.446 [main] DEBUG org.hibernate.boot.model.internal.TableBinder - Retrieving property com.example.trainup.model.Sport.athletes
2025-08-01 19:23:53.447 [main] DEBUG org.hibernate.boot.model.internal.CollectionSecondPass - Mapped collection key: athlete_id, element: sport_id
2025-08-01 19:23:53.448 [main] DEBUG org.hibernate.boot.model.internal.CollectionSecondPass - Second pass for collection: com.example.trainup.model.user.GymOwner.ownedGyms
2025-08-01 19:23:53.448 [main] DEBUG org.hibernate.boot.model.internal.CollectionBinder - Binding a OneToMany: com.example.trainup.model.user.GymOwner.ownedGyms through a foreign key
2025-08-01 19:23:53.449 [main] DEBUG org.hibernate.boot.model.internal.CollectionBinder - Mapping collection: com.example.trainup.model.user.GymOwner.ownedGyms -> gyms
2025-08-01 19:23:53.449 [main] DEBUG org.hibernate.boot.model.internal.TableBinder - Retrieving property com.example.trainup.model.Gym.gymOwner
2025-08-01 19:23:53.450 [main] DEBUG org.hibernate.boot.model.internal.CollectionSecondPass - Mapped collection key: gym_owner_id, one-to-many: com.example.trainup.model.Gym
2025-08-01 19:23:53.451 [main] DEBUG org.hibernate.boot.model.internal.CollectionSecondPass - Second pass for collection: com.example.trainup.model.user.Trainer.gyms
2025-08-01 19:23:53.451 [main] DEBUG org.hibernate.boot.model.internal.CollectionBinder - Binding a ManyToMany: com.example.trainup.model.user.Trainer.gyms
2025-08-01 19:23:53.488 [main] DEBUG org.hibernate.boot.registry.classloading.internal.ClassLoaderServiceImpl - HHH000194: Package not found or no package-info.java: com.example.trainup.model.user
2025-08-01 19:23:53.489 [main] DEBUG org.hibernate.boot.model.internal.TableBinder - Retrieving property com.example.trainup.model.Gym.trainers
2025-08-01 19:23:53.489 [main] DEBUG org.hibernate.boot.model.internal.CollectionSecondPass - Mapped collection key: trainer_id, element: gym_id
2025-08-01 19:23:53.490 [main] DEBUG org.hibernate.boot.model.internal.CollectionSecondPass - Second pass for collection: com.example.trainup.model.user.Trainer.reviews
2025-08-01 19:23:53.490 [main] DEBUG org.hibernate.boot.model.internal.CollectionBinder - Binding a OneToMany: com.example.trainup.model.user.Trainer.reviews through a foreign key
2025-08-01 19:23:53.491 [main] DEBUG org.hibernate.boot.model.internal.CollectionBinder - Mapping collection: com.example.trainup.model.user.Trainer.reviews -> reviews
2025-08-01 19:23:53.491 [main] DEBUG org.hibernate.boot.model.internal.TableBinder - Retrieving property com.example.trainup.model.Review.trainer
2025-08-01 19:23:53.492 [main] DEBUG org.hibernate.boot.model.internal.CollectionSecondPass - Mapped collection key: trainer_id, one-to-many: com.example.trainup.model.Review
2025-08-01 19:23:53.492 [main] DEBUG org.hibernate.boot.internal.InFlightMetadataCollectorImpl - Processing association property references
2025-08-01 19:23:53.546 [main] DEBUG org.hibernate.boot.internal.InFlightMetadataCollectorImpl - Processing association property references
2025-08-01 19:23:53.646 [main] DEBUG org.hibernate.internal.SessionFactoryImpl - Building session factory
2025-08-01 19:23:53.691 [main] DEBUG org.hibernate.service.internal.SessionFactoryServiceRegistryImpl - EventListenerRegistry access via ServiceRegistry is deprecated.  Use `sessionFactory.getEventEngine().getListenerRegistry()` instead
2025-08-01 19:23:53.692 [main] DEBUG org.hibernate.internal.SessionFactoryImpl - Instantiating SessionFactory with settings: {hibernate.format_sql=true, java.specification.version=17, hibernate.resource.beans.container=org.springframework.orm.hibernate5.SpringBeanContainer@7867d9d3, hibernate.connection.handling_mode=DELAYED_ACQUISITION_AND_HOLD, sun.jnu.encoding=UTF-8, hibernate.dialect=org.hibernate.dialect.PostgreSQLDialect, hibernate.implicit_naming_strategy=org.springframework.boot.orm.jpa.hibernate.SpringImplicitNamingStrategy, java.class.path=/mnt/c/Users/Bohdan-Dymydiuk/projects/com-projects/train-up/backend/target/test-classes:/mnt/c/Users/Bohdan-Dymydiuk/projects/com-projects/train-up/backend/target/classes:/home/sadsadsa/.m2/repository/org/springframework/boot/spring-boot-starter-data-jdbc/3.4.3/spring-boot-starter-data-jdbc-3.4.3.jar:/home/sadsadsa/.m2/repository/org/springframework/boot/spring-boot-starter-jdbc/3.4.3/spring-boot-starter-jdbc-3.4.3.jar:/home/sadsadsa/.m2/repository/com/zaxxer/HikariCP/5.1.0/HikariCP-5.1.0.jar:/home/sadsadsa/.m2/repository/org/springframework/spring-jdbc/6.2.3/spring-jdbc-6.2.3.jar:/home/sadsadsa/.m2/repository/org/springframework/data/spring-data-jdbc/3.4.3/spring-data-jdbc-3.4.3.jar:/home/sadsadsa/.m2/repository/org/springframework/data/spring-data-relational/3.4.3/spring-data-relational-3.4.3.jar:/home/sadsadsa/.m2/repository/org/springframework/data/spring-data-commons/3.4.3/spring-data-commons-3.4.3.jar:/home/sadsadsa/.m2/repository/org/springframework/spring-tx/6.2.3/spring-tx-6.2.3.jar:/home/sadsadsa/.m2/repository/org/springframework/spring-context/6.2.3/spring-context-6.2.3.jar:/home/sadsadsa/.m2/repository/org/springframework/spring-beans/6.2.3/spring-beans-6.2.3.jar:/home/sadsadsa/.m2/repository/org/slf4j/slf4j-api/2.0.16/slf4j-api-2.0.16.jar:/home/sadsadsa/.m2/repository/org/springframework/boot/spring-boot-starter-data-jpa/3.4.3/spring-boot-starter-data-jpa-3.4.3.jar:/home/sadsadsa/.m2/repository/org/springframework/boot/spring-boot-starter/3.4.3/spring-boot-starter-3.4.3.jar:/home/sadsadsa/.m2/repository/jakarta/annotation/jakarta.annotation-api/2.1.1/jakarta.annotation-api-2.1.1.jar:/home/sadsadsa/.m2/repository/org/hibernate/orm/hibernate-core/6.6.8.Final/hibernate-core-6.6.8.Final.jar:/home/sadsadsa/.m2/repository/jakarta/persistence/jakarta.persistence-api/3.1.0/jakarta.persistence-api-3.1.0.jar:/home/sadsadsa/.m2/repository/jakarta/transaction/jakarta.transaction-api/2.0.1/jakarta.transaction-api-2.0.1.jar:/home/sadsadsa/.m2/repository/org/jboss/logging/jboss-logging/3.6.1.Final/jboss-logging-3.6.1.Final.jar:/home/sadsadsa/.m2/repository/org/hibernate/common/hibernate-commons-annotations/7.0.3.Final/hibernate-commons-annotations-7.0.3.Final.jar:/home/sadsadsa/.m2/repository/io/smallrye/jandex/3.2.0/jandex-3.2.0.jar:/home/sadsadsa/.m2/repository/com/fasterxml/classmate/1.7.0/classmate-1.7.0.jar:/home/sadsadsa/.m2/repository/org/glassfish/jaxb/jaxb-runtime/4.0.5/jaxb-runtime-4.0.5.jar:/home/sadsadsa/.m2/repository/org/glassfish/jaxb/jaxb-core/4.0.5/jaxb-core-4.0.5.jar:/home/sadsadsa/.m2/repository/org/glassfish/jaxb/txw2/4.0.5/txw2-4.0.5.jar:/home/sadsadsa/.m2/repository/com/sun/istack/istack-commons-runtime/4.1.2/istack-commons-runtime-4.1.2.jar:/home/sadsadsa/.m2/repository/jakarta/inject/jakarta.inject-api/2.0.1/jakarta.inject-api-2.0.1.jar:/home/sadsadsa/.m2/repository/org/antlr/antlr4-runtime/4.13.0/antlr4-runtime-4.13.0.jar:/home/sadsadsa/.m2/repository/org/springframework/data/spring-data-jpa/3.4.3/spring-data-jpa-3.4.3.jar:/home/sadsadsa/.m2/repository/org/springframework/spring-orm/6.2.3/spring-orm-6.2.3.jar:/home/sadsadsa/.m2/repository/org/springframework/spring-aspects/6.2.3/spring-aspects-6.2.3.jar:/home/sadsadsa/.m2/repository/org/aspectj/aspectjweaver/1.9.22.1/aspectjweaver-1.9.22.1.jar:/home/sadsadsa/.m2/repository/org/springframework/boot/spring-boot-starter-security/3.4.3/spring-boot-starter-security-3.4.3.jar:/home/sadsadsa/.m2/repository/org/springframework/spring-aop/6.2.3/spring-aop-6.2.3.jar:/home/sadsadsa/.m2/repository/org/springframework/security/spring-security-config/6.4.3/spring-security-config-6.4.3.jar:/home/sadsadsa/.m2/repository/org/springframework/security/spring-security-web/6.4.3/spring-security-web-6.4.3.jar:/home/sadsadsa/.m2/repository/org/springframework/spring-expression/6.2.3/spring-expression-6.2.3.jar:/home/sadsadsa/.m2/repository/org/springframework/boot/spring-boot-starter-web/3.4.3/spring-boot-starter-web-3.4.3.jar:/home/sadsadsa/.m2/repository/org/springframework/boot/spring-boot-starter-json/3.4.3/spring-boot-starter-json-3.4.3.jar:/home/sadsadsa/.m2/repository/org/springframework/boot/spring-boot-starter-tomcat/3.4.3/spring-boot-starter-tomcat-3.4.3.jar:/home/sadsadsa/.m2/repository/org/apache/tomcat/embed/tomcat-embed-core/10.1.36/tomcat-embed-core-10.1.36.jar:/home/sadsadsa/.m2/repository/org/apache/tomcat/embed/tomcat-embed-websocket/10.1.36/tomcat-embed-websocket-10.1.36.jar:/home/sadsadsa/.m2/repository/org/springframework/spring-web/6.2.3/spring-web-6.2.3.jar:/home/sadsadsa/.m2/repository/org/springframework/spring-webmvc/6.2.3/spring-webmvc-6.2.3.jar:/home/sadsadsa/.m2/repository/org/springframework/boot/spring-boot-starter-web-services/3.4.3/spring-boot-starter-web-services-3.4.3.jar:/home/sadsadsa/.m2/repository/com/sun/xml/messaging/saaj/saaj-impl/3.0.4/saaj-impl-3.0.4.jar:/home/sadsadsa/.m2/repository/jakarta/xml/soap/jakarta.xml.soap-api/3.0.2/jakarta.xml.soap-api-3.0.2.jar:/home/sadsadsa/.m2/repository/org/jvnet/staxex/stax-ex/2.1.0/stax-ex-2.1.0.jar:/home/sadsadsa/.m2/repository/org/eclipse/angus/angus-activation/2.0.2/angus-activation-2.0.2.jar:/home/sadsadsa/.m2/repository/jakarta/xml/ws/jakarta.xml.ws-api/4.0.2/jakarta.xml.ws-api-4.0.2.jar:/home/sadsadsa/.m2/repository/org/springframework/spring-oxm/6.2.3/spring-oxm-6.2.3.jar:/home/sadsadsa/.m2/repository/org/springframework/ws/spring-ws-core/4.0.11/spring-ws-core-4.0.11.jar:/home/sadsadsa/.m2/repository/org/springframework/ws/spring-xml/4.0.11/spring-xml-4.0.11.jar:/home/sadsadsa/.m2/repository/org/springframework/boot/spring-boot-devtools/3.4.3/spring-boot-devtools-3.4.3.jar:/home/sadsadsa/.m2/repository/org/springframework/boot/spring-boot/3.4.3/spring-boot-3.4.3.jar:/home/sadsadsa/.m2/repository/org/springframework/boot/spring-boot-autoconfigure/3.4.3/spring-boot-autoconfigure-3.4.3.jar:/home/sadsadsa/.m2/repository/org/springframework/boot/spring-boot-docker-compose/3.4.3/spring-boot-docker-compose-3.4.3.jar:/home/sadsadsa/.m2/repository/com/fasterxml/jackson/module/jackson-module-parameter-names/2.18.2/jackson-module-parameter-names-2.18.2.jar:/home/sadsadsa/.m2/repository/org/postgresql/postgresql/42.7.4/postgresql-42.7.4.jar:/home/sadsadsa/.m2/repository/org/checkerframework/checker-qual/3.42.0/checker-qual-3.42.0.jar:/home/sadsadsa/.m2/repository/org/projectlombok/lombok/1.18.34/lombok-1.18.34.jar:/home/sadsadsa/.m2/repository/org/springframework/boot/spring-boot-starter-test/3.4.3/spring-boot-starter-test-3.4.3.jar:/home/sadsadsa/.m2/repository/org/springframework/boot/spring-boot-test/3.4.3/spring-boot-test-3.4.3.jar:/home/sadsadsa/.m2/repository/org/springframework/boot/spring-boot-test-autoconfigure/3.4.3/spring-boot-test-autoconfigure-3.4.3.jar:/home/sadsadsa/.m2/repository/com/jayway/jsonpath/json-path/2.9.0/json-path-2.9.0.jar:/home/sadsadsa/.m2/repository/jakarta/xml/bind/jakarta.xml.bind-api/4.0.2/jakarta.xml.bind-api-4.0.2.jar:/home/sadsadsa/.m2/repository/net/minidev/json-smart/2.5.2/json-smart-2.5.2.jar:/home/sadsadsa/.m2/repository/net/minidev/accessors-smart/2.5.2/accessors-smart-2.5.2.jar:/home/sadsadsa/.m2/repository/org/ow2/asm/asm/9.7.1/asm-9.7.1.jar:/home/sadsadsa/.m2/repository/org/assertj/assertj-core/3.26.3/assertj-core-3.26.3.jar:/home/sadsadsa/.m2/repository/org/awaitility/awaitility/4.2.2/awaitility-4.2.2.jar:/home/sadsadsa/.m2/repository/org/skyscreamer/jsonassert/1.5.3/jsonassert-1.5.3.jar:/home/sadsadsa/.m2/repository/com/vaadin/external/google/android-json/0.0.20131108.vaadin1/android-json-0.0.20131108.vaadin1.jar:/home/sadsadsa/.m2/repository/org/springframework/spring-core/6.2.3/spring-core-6.2.3.jar:/home/sadsadsa/.m2/repository/org/springframework/spring-jcl/6.2.3/spring-jcl-6.2.3.jar:/home/sadsadsa/.m2/repository/org/springframework/spring-test/6.2.3/spring-test-6.2.3.jar:/home/sadsadsa/.m2/repository/org/xmlunit/xmlunit-core/2.10.0/xmlunit-core-2.10.0.jar:/home/sadsadsa/.m2/repository/org/springframework/security/spring-security-test/6.4.3/spring-security-test-6.4.3.jar:/home/sadsadsa/.m2/repository/org/springframework/security/spring-security-core/6.4.3/spring-security-core-6.4.3.jar:/home/sadsadsa/.m2/repository/org/springframework/security/spring-security-crypto/6.4.3/spring-security-crypto-6.4.3.jar:/home/sadsadsa/.m2/repository/org/liquibase/liquibase-core/4.29.2/liquibase-core-4.29.2.jar:/home/sadsadsa/.m2/repository/com/opencsv/opencsv/5.9/opencsv-5.9.jar:/home/sadsadsa/.m2/repository/org/yaml/snakeyaml/2.3/snakeyaml-2.3.jar:/home/sadsadsa/.m2/repository/javax/xml/bind/jaxb-api/2.3.1/jaxb-api-2.3.1.jar:/home/sadsadsa/.m2/repository/commons-io/commons-io/2.16.1/commons-io-2.16.1.jar:/home/sadsadsa/.m2/repository/org/apache/commons/commons-collections4/4.4/commons-collections4-4.4.jar:/home/sadsadsa/.m2/repository/org/apache/commons/commons-text/1.12.0/commons-text-1.12.0.jar:/home/sadsadsa/.m2/repository/org/apache/commons/commons-lang3/3.17.0/commons-lang3-3.17.0.jar:/home/sadsadsa/.m2/repository/org/mapstruct/mapstruct/1.5.5.Final/mapstruct-1.5.5.Final.jar:/home/sadsadsa/.m2/repository/io/jsonwebtoken/jjwt-api/0.12.6/jjwt-api-0.12.6.jar:/home/sadsadsa/.m2/repository/io/jsonwebtoken/jjwt-impl/0.12.6/jjwt-impl-0.12.6.jar:/home/sadsadsa/.m2/repository/org/springframework/boot/spring-boot-starter-validation/3.4.3/spring-boot-starter-validation-3.4.3.jar:/home/sadsadsa/.m2/repository/org/apache/tomcat/embed/tomcat-embed-el/10.1.36/tomcat-embed-el-10.1.36.jar:/home/sadsadsa/.m2/repository/org/hibernate/validator/hibernate-validator/8.0.2.Final/hibernate-validator-8.0.2.Final.jar:/home/sadsadsa/.m2/repository/jakarta/validation/jakarta.validation-api/3.0.2/jakarta.validation-api-3.0.2.jar:/home/sadsadsa/.m2/repository/org/springdoc/springdoc-openapi-starter-webmvc-ui/2.8.6/springdoc-openapi-starter-webmvc-ui-2.8.6.jar:/home/sadsadsa/.m2/repository/org/springdoc/springdoc-openapi-starter-webmvc-api/2.8.6/springdoc-openapi-starter-webmvc-api-2.8.6.jar:/home/sadsadsa/.m2/repository/org/springdoc/springdoc-openapi-starter-common/2.8.6/springdoc-openapi-starter-common-2.8.6.jar:/home/sadsadsa/.m2/repository/io/swagger/core/v3/swagger-core-jakarta/2.2.29/swagger-core-jakarta-2.2.29.jar:/home/sadsadsa/.m2/repository/io/swagger/core/v3/swagger-annotations-jakarta/2.2.29/swagger-annotations-jakarta-2.2.29.jar:/home/sadsadsa/.m2/repository/io/swagger/core/v3/swagger-models-jakarta/2.2.29/swagger-models-jakarta-2.2.29.jar:/home/sadsadsa/.m2/repository/com/fasterxml/jackson/dataformat/jackson-dataformat-yaml/2.18.2/jackson-dataformat-yaml-2.18.2.jar:/home/sadsadsa/.m2/repository/org/webjars/swagger-ui/5.20.1/swagger-ui-5.20.1.jar:/home/sadsadsa/.m2/repository/org/webjars/webjars-locator-lite/1.0.1/webjars-locator-lite-1.0.1.jar:/home/sadsadsa/.m2/repository/org/junit/jupiter/junit-jupiter/5.11.4/junit-jupiter-5.11.4.jar:/home/sadsadsa/.m2/repository/org/junit/jupiter/junit-jupiter-api/5.11.4/junit-jupiter-api-5.11.4.jar:/home/sadsadsa/.m2/repository/org/opentest4j/opentest4j/1.3.0/opentest4j-1.3.0.jar:/home/sadsadsa/.m2/repository/org/junit/platform/junit-platform-commons/1.11.4/junit-platform-commons-1.11.4.jar:/home/sadsadsa/.m2/repository/org/junit/jupiter/junit-jupiter-params/5.11.4/junit-jupiter-params-5.11.4.jar:/home/sadsadsa/.m2/repository/org/junit/jupiter/junit-jupiter-engine/5.11.4/junit-jupiter-engine-5.11.4.jar:/home/sadsadsa/.m2/repository/org/junit/platform/junit-platform-launcher/1.11.4/junit-platform-launcher-1.11.4.jar:/home/sadsadsa/.m2/repository/org/junit/platform/junit-platform-engine/1.11.4/junit-platform-engine-1.11.4.jar:/home/sadsadsa/.m2/repository/org/apiguardian/apiguardian-api/1.1.2/apiguardian-api-1.1.2.jar:/home/sadsadsa/.m2/repository/com/h2database/h2/2.3.232/h2-2.3.232.jar:/home/sadsadsa/.m2/repository/org/springframework/boot/spring-boot-starter-actuator/3.4.3/spring-boot-starter-actuator-3.4.3.jar:/home/sadsadsa/.m2/repository/org/springframework/boot/spring-boot-actuator-autoconfigure/3.4.3/spring-boot-actuator-autoconfigure-3.4.3.jar:/home/sadsadsa/.m2/repository/org/springframework/boot/spring-boot-actuator/3.4.3/spring-boot-actuator-3.4.3.jar:/home/sadsadsa/.m2/repository/io/micrometer/micrometer-observation/1.14.4/micrometer-observation-1.14.4.jar:/home/sadsadsa/.m2/repository/io/micrometer/micrometer-commons/1.14.4/micrometer-commons-1.14.4.jar:/home/sadsadsa/.m2/repository/io/micrometer/micrometer-jakarta9/1.14.4/micrometer-jakarta9-1.14.4.jar:/home/sadsadsa/.m2/repository/io/micrometer/micrometer-core/1.14.4/micrometer-core-1.14.4.jar:/home/sadsadsa/.m2/repository/org/hdrhistogram/HdrHistogram/2.2.2/HdrHistogram-2.2.2.jar:/home/sadsadsa/.m2/repository/org/latencyutils/LatencyUtils/2.0.3/LatencyUtils-2.0.3.jar:/home/sadsadsa/.m2/repository/org/springframework/boot/spring-boot-starter-log4j2/3.4.3/spring-boot-starter-log4j2-3.4.3.jar:/home/sadsadsa/.m2/repository/org/apache/logging/log4j/log4j-slf4j2-impl/2.24.3/log4j-slf4j2-impl-2.24.3.jar:/home/sadsadsa/.m2/repository/org/apache/logging/log4j/log4j-api/2.24.3/log4j-api-2.24.3.jar:/home/sadsadsa/.m2/repository/org/apache/logging/log4j/log4j-core/2.24.3/log4j-core-2.24.3.jar:/home/sadsadsa/.m2/repository/org/apache/logging/log4j/log4j-jul/2.24.3/log4j-jul-2.24.3.jar:/home/sadsadsa/.m2/repository/jakarta/activation/jakarta.activation-api/2.1.2/jakarta.activation-api-2.1.2.jar:/home/sadsadsa/.m2/repository/io/jsonwebtoken/jjwt-jackson/0.12.6/jjwt-jackson-0.12.6.jar:/home/sadsadsa/.m2/repository/org/springframework/boot/spring-boot-starter-webflux/3.4.3/spring-boot-starter-webflux-3.4.3.jar:/home/sadsadsa/.m2/repository/org/springframework/boot/spring-boot-starter-reactor-netty/3.4.3/spring-boot-starter-reactor-netty-3.4.3.jar:/home/sadsadsa/.m2/repository/io/projectreactor/netty/reactor-netty-http/1.2.3/reactor-netty-http-1.2.3.jar:/home/sadsadsa/.m2/repository/io/netty/netty-codec-http/4.1.118.Final/netty-codec-http-4.1.118.Final.jar:/home/sadsadsa/.m2/repository/io/netty/netty-common/4.1.118.Final/netty-common-4.1.118.Final.jar:/home/sadsadsa/.m2/repository/io/netty/netty-buffer/4.1.118.Final/netty-buffer-4.1.118.Final.jar:/home/sadsadsa/.m2/repository/io/netty/netty-transport/4.1.118.Final/netty-transport-4.1.118.Final.jar:/home/sadsadsa/.m2/repository/io/netty/netty-codec/4.1.118.Final/netty-codec-4.1.118.Final.jar:/home/sadsadsa/.m2/repository/io/netty/netty-handler/4.1.118.Final/netty-handler-4.1.118.Final.jar:/home/sadsadsa/.m2/repository/io/netty/netty-codec-http2/4.1.118.Final/netty-codec-http2-4.1.118.Final.jar:/home/sadsadsa/.m2/repository/io/netty/netty-resolver-dns/4.1.118.Final/netty-resolver-dns-4.1.118.Final.jar:/home/sadsadsa/.m2/repository/io/netty/netty-resolver/4.1.118.Final/netty-resolver-4.1.118.Final.jar:/home/sadsadsa/.m2/repository/io/netty/netty-codec-dns/4.1.118.Final/netty-codec-dns-4.1.118.Final.jar:/home/sadsadsa/.m2/repository/io/netty/netty-resolver-dns-native-macos/4.1.118.Final/netty-resolver-dns-native-macos-4.1.118.Final-osx-x86_64.jar:/home/sadsadsa/.m2/repository/io/netty/netty-resolver-dns-classes-macos/4.1.118.Final/netty-resolver-dns-classes-macos-4.1.118.Final.jar:/home/sadsadsa/.m2/repository/io/netty/netty-transport-native-epoll/4.1.118.Final/netty-transport-native-epoll-4.1.118.Final-linux-x86_64.jar:/home/sadsadsa/.m2/repository/io/netty/netty-transport-native-unix-common/4.1.118.Final/netty-transport-native-unix-common-4.1.118.Final.jar:/home/sadsadsa/.m2/repository/io/netty/netty-transport-classes-epoll/4.1.118.Final/netty-transport-classes-epoll-4.1.118.Final.jar:/home/sadsadsa/.m2/repository/io/projectreactor/netty/reactor-netty-core/1.2.3/reactor-netty-core-1.2.3.jar:/home/sadsadsa/.m2/repository/io/netty/netty-handler-proxy/4.1.118.Final/netty-handler-proxy-4.1.118.Final.jar:/home/sadsadsa/.m2/repository/io/netty/netty-codec-socks/4.1.118.Final/netty-codec-socks-4.1.118.Final.jar:/home/sadsadsa/.m2/repository/org/springframework/spring-webflux/6.2.3/spring-webflux-6.2.3.jar:/home/sadsadsa/.m2/repository/io/projectreactor/reactor-core/3.7.3/reactor-core-3.7.3.jar:/home/sadsadsa/.m2/repository/org/reactivestreams/reactive-streams/1.0.4/reactive-streams-1.0.4.jar:/home/sadsadsa/.m2/repository/com/google/genai/google-genai/1.0.0/google-genai-1.0.0.jar:/home/sadsadsa/.m2/repository/com/google/auth/google-auth-library-oauth2-http/1.30.1/google-auth-library-oauth2-http-1.30.1.jar:/home/sadsadsa/.m2/repository/com/google/auto/value/auto-value-annotations/1.11.0/auto-value-annotations-1.11.0.jar:/home/sadsadsa/.m2/repository/com/google/code/findbugs/jsr305/3.0.2/jsr305-3.0.2.jar:/home/sadsadsa/.m2/repository/com/google/auth/google-auth-library-credentials/1.30.1/google-auth-library-credentials-1.30.1.jar:/home/sadsadsa/.m2/repository/com/google/http-client/google-http-client/1.45.2/google-http-client-1.45.2.jar:/home/sadsadsa/.m2/repository/io/grpc/grpc-context/1.68.2/grpc-context-1.68.2.jar:/home/sadsadsa/.m2/repository/io/grpc/grpc-api/1.68.2/grpc-api-1.68.2.jar:/home/sadsadsa/.m2/repository/io/opencensus/opencensus-api/0.31.1/opencensus-api-0.31.1.jar:/home/sadsadsa/.m2/repository/io/opencensus/opencensus-contrib-http-util/0.31.1/opencensus-contrib-http-util-0.31.1.jar:/home/sadsadsa/.m2/repository/com/google/http-client/google-http-client-gson/1.45.2/google-http-client-gson-1.45.2.jar:/home/sadsadsa/.m2/repository/com/google/code/gson/gson/2.11.0/gson-2.11.0.jar:/home/sadsadsa/.m2/repository/com/google/guava/guava/33.3.1-android/guava-33.3.1-android.jar:/home/sadsadsa/.m2/repository/com/google/guava/failureaccess/1.0.2/failureaccess-1.0.2.jar:/home/sadsadsa/.m2/repository/com/google/guava/listenablefuture/9999.0-empty-to-avoid-conflict-with-guava/listenablefuture-9999.0-empty-to-avoid-conflict-with-guava.jar:/home/sadsadsa/.m2/repository/com/google/errorprone/error_prone_annotations/2.36.0/error_prone_annotations-2.36.0.jar:/home/sadsadsa/.m2/repository/org/apache/httpcomponents/httpclient/4.5.14/httpclient-4.5.14.jar:/home/sadsadsa/.m2/repository/commons-logging/commons-logging/1.2/commons-logging-1.2.jar:/home/sadsadsa/.m2/repository/commons-codec/commons-codec/1.17.2/commons-codec-1.17.2.jar:/home/sadsadsa/.m2/repository/org/apache/httpcomponents/httpcore/4.4.16/httpcore-4.4.16.jar:/home/sadsadsa/.m2/repository/com/google/auto/value/auto-value/1.11.0/auto-value-1.11.0.jar:/home/sadsadsa/.m2/repository/com/google/api/api-common/2.42.1/api-common-2.42.1.jar:/home/sadsadsa/.m2/repository/javax/annotation/javax.annotation-api/1.3.2/javax.annotation-api-1.3.2.jar:/home/sadsadsa/.m2/repository/com/google/j2objc/j2objc-annotations/3.0.0/j2objc-annotations-3.0.0.jar:/home/sadsadsa/.m2/repository/com/fasterxml/jackson/datatype/jackson-datatype-jdk8/2.18.2/jackson-datatype-jdk8-2.18.2.jar:/home/sadsadsa/.m2/repository/com/fasterxml/jackson/datatype/jackson-datatype-jsr310/2.18.2/jackson-datatype-jsr310-2.18.2.jar:/home/sadsadsa/.m2/repository/org/java-websocket/Java-WebSocket/1.6.0/Java-WebSocket-1.6.0.jar:/home/sadsadsa/.m2/repository/org/jspecify/jspecify/1.0.0/jspecify-1.0.0.jar:/home/sadsadsa/.m2/repository/org/mockito/mockito-core/5.14.2/mockito-core-5.14.2.jar:/home/sadsadsa/.m2/repository/net/bytebuddy/byte-buddy/1.15.11/byte-buddy-1.15.11.jar:/home/sadsadsa/.m2/repository/net/bytebuddy/byte-buddy-agent/1.15.11/byte-buddy-agent-1.15.11.jar:/home/sadsadsa/.m2/repository/org/objenesis/objenesis/3.3/objenesis-3.3.jar:/home/sadsadsa/.m2/repository/org/mockito/mockito-junit-jupiter/5.14.2/mockito-junit-jupiter-5.14.2.jar:/home/sadsadsa/.m2/repository/com/fasterxml/jackson/core/jackson-databind/2.18.2/jackson-databind-2.18.2.jar:/home/sadsadsa/.m2/repository/com/fasterxml/jackson/core/jackson-annotations/2.18.2/jackson-annotations-2.18.2.jar:/home/sadsadsa/.m2/repository/com/fasterxml/jackson/core/jackson-core/2.18.2/jackson-core-2.18.2.jar:/home/sadsadsa/.m2/repository/org/hamcrest/hamcrest/2.2/hamcrest-2.2.jar:/home/sadsadsa/.m2/repository/com/cloudinary/cloudinary-http44/1.33.0/cloudinary-http44-1.33.0.jar:/home/sadsadsa/.m2/repository/com/cloudinary/cloudinary-core/1.33.0/cloudinary-core-1.33.0.jar:/home/sadsadsa/.m2/repository/org/apache/httpcomponents/httpmime/4.4/httpmime-4.4.jar:, java.vm.vendor=Ubuntu, sun.arch.data.model=64, java.vendor.url=https://ubuntu.com/, user.timezone=Etc/UTC, jakarta.persistence.sharedCache.mode=UNSPECIFIED, java.vm.specification.version=17, os.name=Linux, APPLICATION_NAME=train-up, jakarta.persistence.nonJtaDataSource=HikariDataSource (HikariPool-2), sun.java.launcher=SUN_STANDARD, sun.boot.library.path=/usr/lib/jvm/java-17-openjdk-amd64/lib, sun.java.command=/mnt/c/Users/Bohdan-Dymydiuk/projects/com-projects/train-up/backend/target/surefire/surefirebooter-20250801192141350_3.jar /mnt/c/Users/Bohdan-Dymydiuk/projects/com-projects/train-up/backend/target/surefire 2025-08-01T19-21-40_794-jvmRun1 surefire-20250801192141350_1tmp surefire_0-20250801192141350_2tmp, javax.persistence.nonJtaDataSource=HikariDataSource (HikariPool-2), hibernate.transaction.jta.platform=org.hibernate.engine.transaction.jta.platform.internal.NoJtaPlatform@d8a79b4, jdk.debug=release, surefire.test.class.path=/mnt/c/Users/Bohdan-Dymydiuk/projects/com-projects/train-up/backend/target/test-classes:/mnt/c/Users/Bohdan-Dymydiuk/projects/com-projects/train-up/backend/target/classes:/home/sadsadsa/.m2/repository/org/springframework/boot/spring-boot-starter-data-jdbc/3.4.3/spring-boot-starter-data-jdbc-3.4.3.jar:/home/sadsadsa/.m2/repository/org/springframework/boot/spring-boot-starter-jdbc/3.4.3/spring-boot-starter-jdbc-3.4.3.jar:/home/sadsadsa/.m2/repository/com/zaxxer/HikariCP/5.1.0/HikariCP-5.1.0.jar:/home/sadsadsa/.m2/repository/org/springframework/spring-jdbc/6.2.3/spring-jdbc-6.2.3.jar:/home/sadsadsa/.m2/repository/org/springframework/data/spring-data-jdbc/3.4.3/spring-data-jdbc-3.4.3.jar:/home/sadsadsa/.m2/repository/org/springframework/data/spring-data-relational/3.4.3/spring-data-relational-3.4.3.jar:/home/sadsadsa/.m2/repository/org/springframework/data/spring-data-commons/3.4.3/spring-data-commons-3.4.3.jar:/home/sadsadsa/.m2/repository/org/springframework/spring-tx/6.2.3/spring-tx-6.2.3.jar:/home/sadsadsa/.m2/repository/org/springframework/spring-context/6.2.3/spring-context-6.2.3.jar:/home/sadsadsa/.m2/repository/org/springframework/spring-beans/6.2.3/spring-beans-6.2.3.jar:/home/sadsadsa/.m2/repository/org/slf4j/slf4j-api/2.0.16/slf4j-api-2.0.16.jar:/home/sadsadsa/.m2/repository/org/springframework/boot/spring-boot-starter-data-jpa/3.4.3/spring-boot-starter-data-jpa-3.4.3.jar:/home/sadsadsa/.m2/repository/org/springframework/boot/spring-boot-starter/3.4.3/spring-boot-starter-3.4.3.jar:/home/sadsadsa/.m2/repository/jakarta/annotation/jakarta.annotation-api/2.1.1/jakarta.annotation-api-2.1.1.jar:/home/sadsadsa/.m2/repository/org/hibernate/orm/hibernate-core/6.6.8.Final/hibernate-core-6.6.8.Final.jar:/home/sadsadsa/.m2/repository/jakarta/persistence/jakarta.persistence-api/3.1.0/jakarta.persistence-api-3.1.0.jar:/home/sadsadsa/.m2/repository/jakarta/transaction/jakarta.transaction-api/2.0.1/jakarta.transaction-api-2.0.1.jar:/home/sadsadsa/.m2/repository/org/jboss/logging/jboss-logging/3.6.1.Final/jboss-logging-3.6.1.Final.jar:/home/sadsadsa/.m2/repository/org/hibernate/common/hibernate-commons-annotations/7.0.3.Final/hibernate-commons-annotations-7.0.3.Final.jar:/home/sadsadsa/.m2/repository/io/smallrye/jandex/3.2.0/jandex-3.2.0.jar:/home/sadsadsa/.m2/repository/com/fasterxml/classmate/1.7.0/classmate-1.7.0.jar:/home/sadsadsa/.m2/repository/org/glassfish/jaxb/jaxb-runtime/4.0.5/jaxb-runtime-4.0.5.jar:/home/sadsadsa/.m2/repository/org/glassfish/jaxb/jaxb-core/4.0.5/jaxb-core-4.0.5.jar:/home/sadsadsa/.m2/repository/org/glassfish/jaxb/txw2/4.0.5/txw2-4.0.5.jar:/home/sadsadsa/.m2/repository/com/sun/istack/istack-commons-runtime/4.1.2/istack-commons-runtime-4.1.2.jar:/home/sadsadsa/.m2/repository/jakarta/inject/jakarta.inject-api/2.0.1/jakarta.inject-api-2.0.1.jar:/home/sadsadsa/.m2/repository/org/antlr/antlr4-runtime/4.13.0/antlr4-runtime-4.13.0.jar:/home/sadsadsa/.m2/repository/org/springframework/data/spring-data-jpa/3.4.3/spring-data-jpa-3.4.3.jar:/home/sadsadsa/.m2/repository/org/springframework/spring-orm/6.2.3/spring-orm-6.2.3.jar:/home/sadsadsa/.m2/repository/org/springframework/spring-aspects/6.2.3/spring-aspects-6.2.3.jar:/home/sadsadsa/.m2/repository/org/aspectj/aspectjweaver/1.9.22.1/aspectjweaver-1.9.22.1.jar:/home/sadsadsa/.m2/repository/org/springframework/boot/spring-boot-starter-security/3.4.3/spring-boot-starter-security-3.4.3.jar:/home/sadsadsa/.m2/repository/org/springframework/spring-aop/6.2.3/spring-aop-6.2.3.jar:/home/sadsadsa/.m2/repository/org/springframework/security/spring-security-config/6.4.3/spring-security-config-6.4.3.jar:/home/sadsadsa/.m2/repository/org/springframework/security/spring-security-web/6.4.3/spring-security-web-6.4.3.jar:/home/sadsadsa/.m2/repository/org/springframework/spring-expression/6.2.3/spring-expression-6.2.3.jar:/home/sadsadsa/.m2/repository/org/springframework/boot/spring-boot-starter-web/3.4.3/spring-boot-starter-web-3.4.3.jar:/home/sadsadsa/.m2/repository/org/springframework/boot/spring-boot-starter-json/3.4.3/spring-boot-starter-json-3.4.3.jar:/home/sadsadsa/.m2/repository/org/springframework/boot/spring-boot-starter-tomcat/3.4.3/spring-boot-starter-tomcat-3.4.3.jar:/home/sadsadsa/.m2/repository/org/apache/tomcat/embed/tomcat-embed-core/10.1.36/tomcat-embed-core-10.1.36.jar:/home/sadsadsa/.m2/repository/org/apache/tomcat/embed/tomcat-embed-websocket/10.1.36/tomcat-embed-websocket-10.1.36.jar:/home/sadsadsa/.m2/repository/org/springframework/spring-web/6.2.3/spring-web-6.2.3.jar:/home/sadsadsa/.m2/repository/org/springframework/spring-webmvc/6.2.3/spring-webmvc-6.2.3.jar:/home/sadsadsa/.m2/repository/org/springframework/boot/spring-boot-starter-web-services/3.4.3/spring-boot-starter-web-services-3.4.3.jar:/home/sadsadsa/.m2/repository/com/sun/xml/messaging/saaj/saaj-impl/3.0.4/saaj-impl-3.0.4.jar:/home/sadsadsa/.m2/repository/jakarta/xml/soap/jakarta.xml.soap-api/3.0.2/jakarta.xml.soap-api-3.0.2.jar:/home/sadsadsa/.m2/repository/org/jvnet/staxex/stax-ex/2.1.0/stax-ex-2.1.0.jar:/home/sadsadsa/.m2/repository/org/eclipse/angus/angus-activation/2.0.2/angus-activation-2.0.2.jar:/home/sadsadsa/.m2/repository/jakarta/xml/ws/jakarta.xml.ws-api/4.0.2/jakarta.xml.ws-api-4.0.2.jar:/home/sadsadsa/.m2/repository/org/springframework/spring-oxm/6.2.3/spring-oxm-6.2.3.jar:/home/sadsadsa/.m2/repository/org/springframework/ws/spring-ws-core/4.0.11/spring-ws-core-4.0.11.jar:/home/sadsadsa/.m2/repository/org/springframework/ws/spring-xml/4.0.11/spring-xml-4.0.11.jar:/home/sadsadsa/.m2/repository/org/springframework/boot/spring-boot-devtools/3.4.3/spring-boot-devtools-3.4.3.jar:/home/sadsadsa/.m2/repository/org/springframework/boot/spring-boot/3.4.3/spring-boot-3.4.3.jar:/home/sadsadsa/.m2/repository/org/springframework/boot/spring-boot-autoconfigure/3.4.3/spring-boot-autoconfigure-3.4.3.jar:/home/sadsadsa/.m2/repository/org/springframework/boot/spring-boot-docker-compose/3.4.3/spring-boot-docker-compose-3.4.3.jar:/home/sadsadsa/.m2/repository/com/fasterxml/jackson/module/jackson-module-parameter-names/2.18.2/jackson-module-parameter-names-2.18.2.jar:/home/sadsadsa/.m2/repository/org/postgresql/postgresql/42.7.4/postgresql-42.7.4.jar:/home/sadsadsa/.m2/repository/org/checkerframework/checker-qual/3.42.0/checker-qual-3.42.0.jar:/home/sadsadsa/.m2/repository/org/projectlombok/lombok/1.18.34/lombok-1.18.34.jar:/home/sadsadsa/.m2/repository/org/springframework/boot/spring-boot-starter-test/3.4.3/spring-boot-starter-test-3.4.3.jar:/home/sadsadsa/.m2/repository/org/springframework/boot/spring-boot-test/3.4.3/spring-boot-test-3.4.3.jar:/home/sadsadsa/.m2/repository/org/springframework/boot/spring-boot-test-autoconfigure/3.4.3/spring-boot-test-autoconfigure-3.4.3.jar:/home/sadsadsa/.m2/repository/com/jayway/jsonpath/json-path/2.9.0/json-path-2.9.0.jar:/home/sadsadsa/.m2/repository/jakarta/xml/bind/jakarta.xml.bind-api/4.0.2/jakarta.xml.bind-api-4.0.2.jar:/home/sadsadsa/.m2/repository/net/minidev/json-smart/2.5.2/json-smart-2.5.2.jar:/home/sadsadsa/.m2/repository/net/minidev/accessors-smart/2.5.2/accessors-smart-2.5.2.jar:/home/sadsadsa/.m2/repository/org/ow2/asm/asm/9.7.1/asm-9.7.1.jar:/home/sadsadsa/.m2/repository/org/assertj/assertj-core/3.26.3/assertj-core-3.26.3.jar:/home/sadsadsa/.m2/repository/org/awaitility/awaitility/4.2.2/awaitility-4.2.2.jar:/home/sadsadsa/.m2/repository/org/skyscreamer/jsonassert/1.5.3/jsonassert-1.5.3.jar:/home/sadsadsa/.m2/repository/com/vaadin/external/google/android-json/0.0.20131108.vaadin1/android-json-0.0.20131108.vaadin1.jar:/home/sadsadsa/.m2/repository/org/springframework/spring-core/6.2.3/spring-core-6.2.3.jar:/home/sadsadsa/.m2/repository/org/springframework/spring-jcl/6.2.3/spring-jcl-6.2.3.jar:/home/sadsadsa/.m2/repository/org/springframework/spring-test/6.2.3/spring-test-6.2.3.jar:/home/sadsadsa/.m2/repository/org/xmlunit/xmlunit-core/2.10.0/xmlunit-core-2.10.0.jar:/home/sadsadsa/.m2/repository/org/springframework/security/spring-security-test/6.4.3/spring-security-test-6.4.3.jar:/home/sadsadsa/.m2/repository/org/springframework/security/spring-security-core/6.4.3/spring-security-core-6.4.3.jar:/home/sadsadsa/.m2/repository/org/springframework/security/spring-security-crypto/6.4.3/spring-security-crypto-6.4.3.jar:/home/sadsadsa/.m2/repository/org/liquibase/liquibase-core/4.29.2/liquibase-core-4.29.2.jar:/home/sadsadsa/.m2/repository/com/opencsv/opencsv/5.9/opencsv-5.9.jar:/home/sadsadsa/.m2/repository/org/yaml/snakeyaml/2.3/snakeyaml-2.3.jar:/home/sadsadsa/.m2/repository/javax/xml/bind/jaxb-api/2.3.1/jaxb-api-2.3.1.jar:/home/sadsadsa/.m2/repository/commons-io/commons-io/2.16.1/commons-io-2.16.1.jar:/home/sadsadsa/.m2/repository/org/apache/commons/commons-collections4/4.4/commons-collections4-4.4.jar:/home/sadsadsa/.m2/repository/org/apache/commons/commons-text/1.12.0/commons-text-1.12.0.jar:/home/sadsadsa/.m2/repository/org/apache/commons/commons-lang3/3.17.0/commons-lang3-3.17.0.jar:/home/sadsadsa/.m2/repository/org/mapstruct/mapstruct/1.5.5.Final/mapstruct-1.5.5.Final.jar:/home/sadsadsa/.m2/repository/io/jsonwebtoken/jjwt-api/0.12.6/jjwt-api-0.12.6.jar:/home/sadsadsa/.m2/repository/io/jsonwebtoken/jjwt-impl/0.12.6/jjwt-impl-0.12.6.jar:/home/sadsadsa/.m2/repository/org/springframework/boot/spring-boot-starter-validation/3.4.3/spring-boot-starter-validation-3.4.3.jar:/home/sadsadsa/.m2/repository/org/apache/tomcat/embed/tomcat-embed-el/10.1.36/tomcat-embed-el-10.1.36.jar:/home/sadsadsa/.m2/repository/org/hibernate/validator/hibernate-validator/8.0.2.Final/hibernate-validator-8.0.2.Final.jar:/home/sadsadsa/.m2/repository/jakarta/validation/jakarta.validation-api/3.0.2/jakarta.validation-api-3.0.2.jar:/home/sadsadsa/.m2/repository/org/springdoc/springdoc-openapi-starter-webmvc-ui/2.8.6/springdoc-openapi-starter-webmvc-ui-2.8.6.jar:/home/sadsadsa/.m2/repository/org/springdoc/springdoc-openapi-starter-webmvc-api/2.8.6/springdoc-openapi-starter-webmvc-api-2.8.6.jar:/home/sadsadsa/.m2/repository/org/springdoc/springdoc-openapi-starter-common/2.8.6/springdoc-openapi-starter-common-2.8.6.jar:/home/sadsadsa/.m2/repository/io/swagger/core/v3/swagger-core-jakarta/2.2.29/swagger-core-jakarta-2.2.29.jar:/home/sadsadsa/.m2/repository/io/swagger/core/v3/swagger-annotations-jakarta/2.2.29/swagger-annotations-jakarta-2.2.29.jar:/home/sadsadsa/.m2/repository/io/swagger/core/v3/swagger-models-jakarta/2.2.29/swagger-models-jakarta-2.2.29.jar:/home/sadsadsa/.m2/repository/com/fasterxml/jackson/dataformat/jackson-dataformat-yaml/2.18.2/jackson-dataformat-yaml-2.18.2.jar:/home/sadsadsa/.m2/repository/org/webjars/swagger-ui/5.20.1/swagger-ui-5.20.1.jar:/home/sadsadsa/.m2/repository/org/webjars/webjars-locator-lite/1.0.1/webjars-locator-lite-1.0.1.jar:/home/sadsadsa/.m2/repository/org/junit/jupiter/junit-jupiter/5.11.4/junit-jupiter-5.11.4.jar:/home/sadsadsa/.m2/repository/org/junit/jupiter/junit-jupiter-api/5.11.4/junit-jupiter-api-5.11.4.jar:/home/sadsadsa/.m2/repository/org/opentest4j/opentest4j/1.3.0/opentest4j-1.3.0.jar:/home/sadsadsa/.m2/repository/org/junit/platform/junit-platform-commons/1.11.4/junit-platform-commons-1.11.4.jar:/home/sadsadsa/.m2/repository/org/junit/jupiter/junit-jupiter-params/5.11.4/junit-jupiter-params-5.11.4.jar:/home/sadsadsa/.m2/repository/org/junit/jupiter/junit-jupiter-engine/5.11.4/junit-jupiter-engine-5.11.4.jar:/home/sadsadsa/.m2/repository/org/junit/platform/junit-platform-launcher/1.11.4/junit-platform-launcher-1.11.4.jar:/home/sadsadsa/.m2/repository/org/junit/platform/junit-platform-engine/1.11.4/junit-platform-engine-1.11.4.jar:/home/sadsadsa/.m2/repository/org/apiguardian/apiguardian-api/1.1.2/apiguardian-api-1.1.2.jar:/home/sadsadsa/.m2/repository/com/h2database/h2/2.3.232/h2-2.3.232.jar:/home/sadsadsa/.m2/repository/org/springframework/boot/spring-boot-starter-actuator/3.4.3/spring-boot-starter-actuator-3.4.3.jar:/home/sadsadsa/.m2/repository/org/springframework/boot/spring-boot-actuator-autoconfigure/3.4.3/spring-boot-actuator-autoconfigure-3.4.3.jar:/home/sadsadsa/.m2/repository/org/springframework/boot/spring-boot-actuator/3.4.3/spring-boot-actuator-3.4.3.jar:/home/sadsadsa/.m2/repository/io/micrometer/micrometer-observation/1.14.4/micrometer-observation-1.14.4.jar:/home/sadsadsa/.m2/repository/io/micrometer/micrometer-commons/1.14.4/micrometer-commons-1.14.4.jar:/home/sadsadsa/.m2/repository/io/micrometer/micrometer-jakarta9/1.14.4/micrometer-jakarta9-1.14.4.jar:/home/sadsadsa/.m2/repository/io/micrometer/micrometer-core/1.14.4/micrometer-core-1.14.4.jar:/home/sadsadsa/.m2/repository/org/hdrhistogram/HdrHistogram/2.2.2/HdrHistogram-2.2.2.jar:/home/sadsadsa/.m2/repository/org/latencyutils/LatencyUtils/2.0.3/LatencyUtils-2.0.3.jar:/home/sadsadsa/.m2/repository/org/springframework/boot/spring-boot-starter-log4j2/3.4.3/spring-boot-starter-log4j2-3.4.3.jar:/home/sadsadsa/.m2/repository/org/apache/logging/log4j/log4j-slf4j2-impl/2.24.3/log4j-slf4j2-impl-2.24.3.jar:/home/sadsadsa/.m2/repository/org/apache/logging/log4j/log4j-api/2.24.3/log4j-api-2.24.3.jar:/home/sadsadsa/.m2/repository/org/apache/logging/log4j/log4j-core/2.24.3/log4j-core-2.24.3.jar:/home/sadsadsa/.m2/repository/org/apache/logging/log4j/log4j-jul/2.24.3/log4j-jul-2.24.3.jar:/home/sadsadsa/.m2/repository/jakarta/activation/jakarta.activation-api/2.1.2/jakarta.activation-api-2.1.2.jar:/home/sadsadsa/.m2/repository/io/jsonwebtoken/jjwt-jackson/0.12.6/jjwt-jackson-0.12.6.jar:/home/sadsadsa/.m2/repository/org/springframework/boot/spring-boot-starter-webflux/3.4.3/spring-boot-starter-webflux-3.4.3.jar:/home/sadsadsa/.m2/repository/org/springframework/boot/spring-boot-starter-reactor-netty/3.4.3/spring-boot-starter-reactor-netty-3.4.3.jar:/home/sadsadsa/.m2/repository/io/projectreactor/netty/reactor-netty-http/1.2.3/reactor-netty-http-1.2.3.jar:/home/sadsadsa/.m2/repository/io/netty/netty-codec-http/4.1.118.Final/netty-codec-http-4.1.118.Final.jar:/home/sadsadsa/.m2/repository/io/netty/netty-common/4.1.118.Final/netty-common-4.1.118.Final.jar:/home/sadsadsa/.m2/repository/io/netty/netty-buffer/4.1.118.Final/netty-buffer-4.1.118.Final.jar:/home/sadsadsa/.m2/repository/io/netty/netty-transport/4.1.118.Final/netty-transport-4.1.118.Final.jar:/home/sadsadsa/.m2/repository/io/netty/netty-codec/4.1.118.Final/netty-codec-4.1.118.Final.jar:/home/sadsadsa/.m2/repository/io/netty/netty-handler/4.1.118.Final/netty-handler-4.1.118.Final.jar:/home/sadsadsa/.m2/repository/io/netty/netty-codec-http2/4.1.118.Final/netty-codec-http2-4.1.118.Final.jar:/home/sadsadsa/.m2/repository/io/netty/netty-resolver-dns/4.1.118.Final/netty-resolver-dns-4.1.118.Final.jar:/home/sadsadsa/.m2/repository/io/netty/netty-resolver/4.1.118.Final/netty-resolver-4.1.118.Final.jar:/home/sadsadsa/.m2/repository/io/netty/netty-codec-dns/4.1.118.Final/netty-codec-dns-4.1.118.Final.jar:/home/sadsadsa/.m2/repository/io/netty/netty-resolver-dns-native-macos/4.1.118.Final/netty-resolver-dns-native-macos-4.1.118.Final-osx-x86_64.jar:/home/sadsadsa/.m2/repository/io/netty/netty-resolver-dns-classes-macos/4.1.118.Final/netty-resolver-dns-classes-macos-4.1.118.Final.jar:/home/sadsadsa/.m2/repository/io/netty/netty-transport-native-epoll/4.1.118.Final/netty-transport-native-epoll-4.1.118.Final-linux-x86_64.jar:/home/sadsadsa/.m2/repository/io/netty/netty-transport-native-unix-common/4.1.118.Final/netty-transport-native-unix-common-4.1.118.Final.jar:/home/sadsadsa/.m2/repository/io/netty/netty-transport-classes-epoll/4.1.118.Final/netty-transport-classes-epoll-4.1.118.Final.jar:/home/sadsadsa/.m2/repository/io/projectreactor/netty/reactor-netty-core/1.2.3/reactor-netty-core-1.2.3.jar:/home/sadsadsa/.m2/repository/io/netty/netty-handler-proxy/4.1.118.Final/netty-handler-proxy-4.1.118.Final.jar:/home/sadsadsa/.m2/repository/io/netty/netty-codec-socks/4.1.118.Final/netty-codec-socks-4.1.118.Final.jar:/home/sadsadsa/.m2/repository/org/springframework/spring-webflux/6.2.3/spring-webflux-6.2.3.jar:/home/sadsadsa/.m2/repository/io/projectreactor/reactor-core/3.7.3/reactor-core-3.7.3.jar:/home/sadsadsa/.m2/repository/org/reactivestreams/reactive-streams/1.0.4/reactive-streams-1.0.4.jar:/home/sadsadsa/.m2/repository/com/google/genai/google-genai/1.0.0/google-genai-1.0.0.jar:/home/sadsadsa/.m2/repository/com/google/auth/google-auth-library-oauth2-http/1.30.1/google-auth-library-oauth2-http-1.30.1.jar:/home/sadsadsa/.m2/repository/com/google/auto/value/auto-value-annotations/1.11.0/auto-value-annotations-1.11.0.jar:/home/sadsadsa/.m2/repository/com/google/code/findbugs/jsr305/3.0.2/jsr305-3.0.2.jar:/home/sadsadsa/.m2/repository/com/google/auth/google-auth-library-credentials/1.30.1/google-auth-library-credentials-1.30.1.jar:/home/sadsadsa/.m2/repository/com/google/http-client/google-http-client/1.45.2/google-http-client-1.45.2.jar:/home/sadsadsa/.m2/repository/io/grpc/grpc-context/1.68.2/grpc-context-1.68.2.jar:/home/sadsadsa/.m2/repository/io/grpc/grpc-api/1.68.2/grpc-api-1.68.2.jar:/home/sadsadsa/.m2/repository/io/opencensus/opencensus-api/0.31.1/opencensus-api-0.31.1.jar:/home/sadsadsa/.m2/repository/io/opencensus/opencensus-contrib-http-util/0.31.1/opencensus-contrib-http-util-0.31.1.jar:/home/sadsadsa/.m2/repository/com/google/http-client/google-http-client-gson/1.45.2/google-http-client-gson-1.45.2.jar:/home/sadsadsa/.m2/repository/com/google/code/gson/gson/2.11.0/gson-2.11.0.jar:/home/sadsadsa/.m2/repository/com/google/guava/guava/33.3.1-android/guava-33.3.1-android.jar:/home/sadsadsa/.m2/repository/com/google/guava/failureaccess/1.0.2/failureaccess-1.0.2.jar:/home/sadsadsa/.m2/repository/com/google/guava/listenablefuture/9999.0-empty-to-avoid-conflict-with-guava/listenablefuture-9999.0-empty-to-avoid-conflict-with-guava.jar:/home/sadsadsa/.m2/repository/com/google/errorprone/error_prone_annotations/2.36.0/error_prone_annotations-2.36.0.jar:/home/sadsadsa/.m2/repository/org/apache/httpcomponents/httpclient/4.5.14/httpclient-4.5.14.jar:/home/sadsadsa/.m2/repository/commons-logging/commons-logging/1.2/commons-logging-1.2.jar:/home/sadsadsa/.m2/repository/commons-codec/commons-codec/1.17.2/commons-codec-1.17.2.jar:/home/sadsadsa/.m2/repository/org/apache/httpcomponents/httpcore/4.4.16/httpcore-4.4.16.jar:/home/sadsadsa/.m2/repository/com/google/auto/value/auto-value/1.11.0/auto-value-1.11.0.jar:/home/sadsadsa/.m2/repository/com/google/api/api-common/2.42.1/api-common-2.42.1.jar:/home/sadsadsa/.m2/repository/javax/annotation/javax.annotation-api/1.3.2/javax.annotation-api-1.3.2.jar:/home/sadsadsa/.m2/repository/com/google/j2objc/j2objc-annotations/3.0.0/j2objc-annotations-3.0.0.jar:/home/sadsadsa/.m2/repository/com/fasterxml/jackson/datatype/jackson-datatype-jdk8/2.18.2/jackson-datatype-jdk8-2.18.2.jar:/home/sadsadsa/.m2/repository/com/fasterxml/jackson/datatype/jackson-datatype-jsr310/2.18.2/jackson-datatype-jsr310-2.18.2.jar:/home/sadsadsa/.m2/repository/org/java-websocket/Java-WebSocket/1.6.0/Java-WebSocket-1.6.0.jar:/home/sadsadsa/.m2/repository/org/jspecify/jspecify/1.0.0/jspecify-1.0.0.jar:/home/sadsadsa/.m2/repository/org/mockito/mockito-core/5.14.2/mockito-core-5.14.2.jar:/home/sadsadsa/.m2/repository/net/bytebuddy/byte-buddy/1.15.11/byte-buddy-1.15.11.jar:/home/sadsadsa/.m2/repository/net/bytebuddy/byte-buddy-agent/1.15.11/byte-buddy-agent-1.15.11.jar:/home/sadsadsa/.m2/repository/org/objenesis/objenesis/3.3/objenesis-3.3.jar:/home/sadsadsa/.m2/repository/org/mockito/mockito-junit-jupiter/5.14.2/mockito-junit-jupiter-5.14.2.jar:/home/sadsadsa/.m2/repository/com/fasterxml/jackson/core/jackson-databind/2.18.2/jackson-databind-2.18.2.jar:/home/sadsadsa/.m2/repository/com/fasterxml/jackson/core/jackson-annotations/2.18.2/jackson-annotations-2.18.2.jar:/home/sadsadsa/.m2/repository/com/fasterxml/jackson/core/jackson-core/2.18.2/jackson-core-2.18.2.jar:/home/sadsadsa/.m2/repository/org/hamcrest/hamcrest/2.2/hamcrest-2.2.jar:/home/sadsadsa/.m2/repository/com/cloudinary/cloudinary-http44/1.33.0/cloudinary-http44-1.33.0.jar:/home/sadsadsa/.m2/repository/com/cloudinary/cloudinary-core/1.33.0/cloudinary-core-1.33.0.jar:/home/sadsadsa/.m2/repository/org/apache/httpcomponents/httpmime/4.4/httpmime-4.4.jar:, sun.cpu.endian=little, hibernate.cdi.extensions=true, user.home=/home/sadsadsa, user.language=en, java.specification.vendor=Oracle Corporation, java.version.date=2025-04-15, java.home=/usr/lib/jvm/java-17-openjdk-amd64, file.separator=/, basedir=/mnt/c/Users/Bohdan-Dymydiuk/projects/com-projects/train-up/backend, java.vm.compressedOopsMode=32-bit, line.separator=
, hibernate.persistenceUnitName=default, java.specification.name=Java Platform API Specification, java.vm.specification.vendor=Oracle Corporation, FILE_LOG_CHARSET=UTF-8, hibernate.transaction.coordinator_class=class org.hibernate.resource.transaction.backend.jdbc.internal.JdbcResourceLocalTransactionCoordinatorBuilderImpl, java.awt.headless=true, surefire.real.class.path=/mnt/c/Users/Bohdan-Dymydiuk/projects/com-projects/train-up/backend/target/surefire/surefirebooter-20250801192141350_3.jar, jakarta.persistence.validation.mode=AUTO, sun.management.compiler=HotSpot 64-Bit Tiered Compilers, java.runtime.version=17.0.15+6-Ubuntu-0ubuntu124.04, user.name=sadsadsa, path.separator=:, os.version=6.6.87.1-microsoft-standard-WSL2, java.runtime.name=OpenJDK Runtime Environment, file.encoding=UTF-8, java.vm.name=OpenJDK 64-Bit Server VM, hibernate.show_sql=true, localRepository=/home/sadsadsa/.m2/repository, java.vendor.url.bug=https://bugs.launchpad.net/ubuntu/+source/openjdk-17, java.io.tmpdir=/tmp, com.zaxxer.hikari.pool_number=1, java.version=17.0.15, hibernate.physical_naming_strategy=org.hibernate.boot.model.naming.CamelCaseToUnderscoresNamingStrategy, user.dir=/mnt/c/Users/Bohdan-Dymydiuk/projects/com-projects/train-up/backend, os.arch=amd64, java.vm.specification.name=Java Virtual Machine Specification, PID=1428, CONSOLE_LOG_CHARSET=UTF-8, hibernate.boot.CfgXmlAccessService.key=org.hibernate.boot.registry.StandardServiceRegistryBuilder$1@7bec4428, native.encoding=UTF-8, java.library.path=/usr/java/packages/lib:/usr/lib/x86_64-linux-gnu/jni:/lib/x86_64-linux-gnu:/usr/lib/x86_64-linux-gnu:/usr/lib/jni:/lib:/usr/lib, java.vendor=Ubuntu, java.vm.info=mixed mode, sharing, java.vm.version=17.0.15+6-Ubuntu-0ubuntu124.04, java.specification.maintenance.version=1, sun.io.unicode.encoding=UnicodeLittle, hibernate.archive.scanner=org.hibernate.boot.archive.scan.internal.DisabledScanner, hibernate.connection.datasource=HikariDataSource (HikariPool-2), java.class.version=61.0, LOGGED_APPLICATION_NAME=[train-up] }
2025-08-01 19:23:53.696 [main] DEBUG org.hibernate.internal.SessionFactoryImpl - Session factory constructed with filter configurations : {}
2025-08-01 19:23:53.700 [main] DEBUG org.hibernate.validator.internal.xml.config.ValidationXmlParser - Trying to load META-INF/validation.xml for XML based Validator configuration.
2025-08-01 19:23:53.701 [main] DEBUG org.hibernate.validator.internal.xml.config.ResourceLoaderHelper - Trying to load META-INF/validation.xml via TCCL
2025-08-01 19:23:53.704 [main] DEBUG org.hibernate.validator.internal.xml.config.ResourceLoaderHelper - Trying to load META-INF/validation.xml via Hibernate Validator's class loader
2025-08-01 19:23:53.708 [main] DEBUG org.hibernate.validator.internal.xml.config.ValidationXmlParser - No META-INF/validation.xml found. Using annotation based configuration only.
2025-08-01 19:23:53.709 [main] DEBUG org.hibernate.validator.internal.engine.resolver.TraversableResolvers - Found jakarta.persistence.Persistence on classpath containing 'getPersistenceUtil'. Assuming JPA 2 environment. Trying to instantiate JPA aware TraversableResolver
2025-08-01 19:23:53.709 [main] DEBUG org.hibernate.validator.internal.engine.resolver.TraversableResolvers - Instantiated JPA aware TraversableResolver of type org.hibernate.validator.internal.engine.resolver.JPATraversableResolver.
2025-08-01 19:23:53.710 [main] DEBUG org.hibernate.validator.messageinterpolation.ResourceBundleMessageInterpolator - Loaded expression factory via original TCCL
2025-08-01 19:23:53.718 [main] DEBUG org.hibernate.validator.internal.engine.ValidatorFactoryConfigurationHelper - HV000252: Using org.hibernate.validator.internal.engine.DefaultPropertyNodeNameProvider as property node name provider.
2025-08-01 19:23:53.722 [main] DEBUG org.hibernate.validator.internal.engine.ValidatorFactoryConfigurationHelper - HV000234: Using org.hibernate.validator.messageinterpolation.ResourceBundleMessageInterpolator as ValidatorFactory-scoped message interpolator.
2025-08-01 19:23:53.722 [main] DEBUG org.hibernate.validator.internal.engine.ValidatorFactoryConfigurationHelper - HV000234: Using org.hibernate.validator.internal.engine.resolver.JPATraversableResolver as ValidatorFactory-scoped traversable resolver.
2025-08-01 19:23:53.723 [main] DEBUG org.hibernate.validator.internal.engine.ValidatorFactoryConfigurationHelper - HV000234: Using org.hibernate.validator.internal.util.ExecutableParameterNameProvider as ValidatorFactory-scoped parameter name provider.
2025-08-01 19:23:53.723 [main] DEBUG org.hibernate.validator.internal.engine.ValidatorFactoryConfigurationHelper - HV000234: Using org.hibernate.validator.internal.engine.DefaultClockProvider as ValidatorFactory-scoped clock provider.
2025-08-01 19:23:53.724 [main] DEBUG org.hibernate.validator.internal.engine.ValidatorFactoryConfigurationHelper - HV000234: Using org.hibernate.validator.internal.engine.scripting.DefaultScriptEvaluatorFactory as ValidatorFactory-scoped script evaluator factory.
2025-08-01 19:23:53.724 [main] DEBUG org.hibernate.boot.internal.ClassLoaderAccessImpl - Not known whether passed class name [com.example.trainup.model.Gym] is safe
2025-08-01 19:23:53.725 [main] DEBUG org.hibernate.boot.internal.ClassLoaderAccessImpl - No temp ClassLoader provided; using live ClassLoader for loading potentially unsafe class : com.example.trainup.model.Gym
2025-08-01 19:23:53.739 [main] DEBUG org.hibernate.boot.internal.ClassLoaderAccessImpl - Not known whether passed class name [com.example.trainup.model.user.GymOwner] is safe
2025-08-01 19:23:53.739 [main] DEBUG org.hibernate.boot.internal.ClassLoaderAccessImpl - No temp ClassLoader provided; using live ClassLoader for loading potentially unsafe class : com.example.trainup.model.user.GymOwner
2025-08-01 19:23:53.744 [main] DEBUG org.hibernate.boot.internal.ClassLoaderAccessImpl - Not known whether passed class name [com.example.trainup.model.user.UserCredentials] is safe
2025-08-01 19:23:53.745 [main] DEBUG org.hibernate.boot.internal.ClassLoaderAccessImpl - No temp ClassLoader provided; using live ClassLoader for loading potentially unsafe class : com.example.trainup.model.user.UserCredentials
2025-08-01 19:23:53.750 [main] DEBUG org.hibernate.boot.internal.ClassLoaderAccessImpl - Not known whether passed class name [com.example.trainup.model.Sport] is safe
2025-08-01 19:23:53.751 [main] DEBUG org.hibernate.boot.internal.ClassLoaderAccessImpl - No temp ClassLoader provided; using live ClassLoader for loading potentially unsafe class : com.example.trainup.model.Sport
2025-08-01 19:23:53.755 [main] DEBUG org.hibernate.boot.internal.ClassLoaderAccessImpl - Not known whether passed class name [com.example.trainup.model.Address] is safe
2025-08-01 19:23:53.755 [main] DEBUG org.hibernate.boot.internal.ClassLoaderAccessImpl - No temp ClassLoader provided; using live ClassLoader for loading potentially unsafe class : com.example.trainup.model.Address
2025-08-01 19:23:53.760 [main] DEBUG org.hibernate.boot.internal.ClassLoaderAccessImpl - Not known whether passed class name [com.example.trainup.model.Event] is safe
2025-08-01 19:23:53.761 [main] DEBUG org.hibernate.boot.internal.ClassLoaderAccessImpl - No temp ClassLoader provided; using live ClassLoader for loading potentially unsafe class : com.example.trainup.model.Event
2025-08-01 19:23:53.766 [main] DEBUG org.hibernate.boot.internal.ClassLoaderAccessImpl - Not known whether passed class name [com.example.trainup.model.user.Athlete] is safe
2025-08-01 19:23:53.766 [main] DEBUG org.hibernate.boot.internal.ClassLoaderAccessImpl - No temp ClassLoader provided; using live ClassLoader for loading potentially unsafe class : com.example.trainup.model.user.Athlete
2025-08-01 19:23:53.771 [main] DEBUG org.hibernate.boot.internal.ClassLoaderAccessImpl - Not known whether passed class name [com.example.trainup.model.Review] is safe
2025-08-01 19:23:53.772 [main] DEBUG org.hibernate.boot.internal.ClassLoaderAccessImpl - No temp ClassLoader provided; using live ClassLoader for loading potentially unsafe class : com.example.trainup.model.Review
2025-08-01 19:23:53.778 [main] DEBUG org.hibernate.boot.internal.ClassLoaderAccessImpl - Not known whether passed class name [com.example.trainup.model.Role] is safe
2025-08-01 19:23:53.778 [main] DEBUG org.hibernate.boot.internal.ClassLoaderAccessImpl - No temp ClassLoader provided; using live ClassLoader for loading potentially unsafe class : com.example.trainup.model.Role
2025-08-01 19:23:53.779 [main] DEBUG org.hibernate.boot.internal.ClassLoaderAccessImpl - Not known whether passed class name [com.example.trainup.model.user.Admin] is safe
2025-08-01 19:23:53.780 [main] DEBUG org.hibernate.boot.internal.ClassLoaderAccessImpl - No temp ClassLoader provided; using live ClassLoader for loading potentially unsafe class : com.example.trainup.model.user.Admin
2025-08-01 19:23:53.782 [main] DEBUG org.hibernate.boot.internal.ClassLoaderAccessImpl - Not known whether passed class name [com.example.trainup.model.user.Trainer] is safe
2025-08-01 19:23:53.782 [main] DEBUG org.hibernate.boot.internal.ClassLoaderAccessImpl - No temp ClassLoader provided; using live ClassLoader for loading potentially unsafe class : com.example.trainup.model.user.Trainer
2025-08-01 19:23:53.788 [main] DEBUG org.hibernate.boot.internal.ClassLoaderAccessImpl - Not known whether passed class name [com.example.trainup.model.GymPhoto] is safe
2025-08-01 19:23:53.788 [main] DEBUG org.hibernate.boot.internal.ClassLoaderAccessImpl - No temp ClassLoader provided; using live ClassLoader for loading potentially unsafe class : com.example.trainup.model.GymPhoto
2025-08-01 19:23:53.790 [main] DEBUG org.hibernate.service.internal.SessionFactoryServiceRegistryImpl - EventListenerRegistry access via ServiceRegistry is deprecated.  Use `sessionFactory.getEventEngine().getListenerRegistry()` instead
2025-08-01 19:23:53.791 [main] DEBUG org.hibernate.tool.schema.spi.SchemaManagementToolCoordinator - No schema actions specified for contributor `orm`; doing nothing
2025-08-01 19:23:53.809 [main] DEBUG org.hibernate.query.sqm.function.SqmFunctionRegistry - Registered SqmFunctionTemplate [NamedSqmFunctionTemplate(max)] under max; prior registration was null
2025-08-01 19:23:53.809 [main] DEBUG org.hibernate.query.sqm.function.SqmFunctionRegistry - Registered SqmFunctionTemplate [NamedSqmFunctionTemplate(min)] under min; prior registration was null
2025-08-01 19:23:53.810 [main] DEBUG org.hibernate.query.sqm.function.SqmFunctionRegistry - Registered SqmFunctionTemplate [NamedSqmFunctionTemplate(sum)] under sum; prior registration was null
2025-08-01 19:23:53.810 [main] DEBUG org.hibernate.query.sqm.function.SqmFunctionRegistry - Registered SqmFunctionTemplate [NamedSqmFunctionTemplate(avg)] under avg; prior registration was null
2025-08-01 19:23:53.811 [main] DEBUG org.hibernate.query.sqm.function.SqmFunctionRegistry - Registered SqmFunctionTemplate [org.hibernate.dialect.function.CountFunction@6d93ab33] under count; prior registration was null
2025-08-01 19:23:53.811 [main] DEBUG org.hibernate.query.sqm.function.SqmFunctionRegistry - Registered SqmFunctionTemplate [org.hibernate.dialect.function.EveryAnyEmulation@3ecb6df2] under every; prior registration was null
2025-08-01 19:23:53.811 [main] DEBUG org.hibernate.query.sqm.function.SqmFunctionRegistry - Registered SqmFunctionTemplate [org.hibernate.dialect.function.EveryAnyEmulation@56551d65] under any; prior registration was null
2025-08-01 19:23:53.812 [main] DEBUG org.hibernate.query.sqm.function.SqmFunctionRegistry - Registered SqmFunctionTemplate [NamedSqmFunctionTemplate(floor)] under floor; prior registration was null
2025-08-01 19:23:53.812 [main] DEBUG org.hibernate.query.sqm.function.SqmFunctionRegistry - Registered SqmFunctionTemplate [NamedSqmFunctionTemplate(ceiling)] under ceiling; prior registration was null
2025-08-01 19:23:53.813 [main] DEBUG org.hibernate.query.sqm.function.SqmFunctionRegistry - Registered SqmFunctionTemplate [NamedSqmFunctionTemplate(mod)] under mod; prior registration was null
2025-08-01 19:23:53.813 [main] DEBUG org.hibernate.query.sqm.function.SqmFunctionRegistry - Registered SqmFunctionTemplate [NamedSqmFunctionTemplate(abs)] under abs; prior registration was null
2025-08-01 19:23:53.813 [main] DEBUG org.hibernate.query.sqm.function.SqmFunctionRegistry - Registered SqmFunctionTemplate [NamedSqmFunctionTemplate(sign)] under sign; prior registration was null
2025-08-01 19:23:53.814 [main] DEBUG org.hibernate.query.sqm.function.SqmFunctionRegistry - Registered SqmFunctionTemplate [NamedSqmFunctionTemplate(sqrt)] under sqrt; prior registration was null
2025-08-01 19:23:53.814 [main] DEBUG org.hibernate.query.sqm.function.SqmFunctionRegistry - Registered SqmFunctionTemplate [NamedSqmFunctionTemplate(ln)] under ln; prior registration was null
2025-08-01 19:23:53.814 [main] DEBUG org.hibernate.query.sqm.function.SqmFunctionRegistry - Registered SqmFunctionTemplate [NamedSqmFunctionTemplate(exp)] under exp; prior registration was null
2025-08-01 19:23:53.815 [main] DEBUG org.hibernate.query.sqm.function.SqmFunctionRegistry - Registered SqmFunctionTemplate [NamedSqmFunctionTemplate(power)] under power; prior registration was null
2025-08-01 19:23:53.815 [main] DEBUG org.hibernate.query.sqm.function.SqmFunctionRegistry - Registered SqmFunctionTemplate [NamedSqmFunctionTemplate(round)] under round; prior registration was null
2025-08-01 19:23:53.815 [main] DEBUG org.hibernate.query.sqm.function.SqmFunctionRegistry - Registered SqmFunctionTemplate [NamedSqmFunctionTemplate(sin)] under sin; prior registration was null
2025-08-01 19:23:53.816 [main] DEBUG org.hibernate.query.sqm.function.SqmFunctionRegistry - Registered SqmFunctionTemplate [NamedSqmFunctionTemplate(cos)] under cos; prior registration was null
2025-08-01 19:23:53.816 [main] DEBUG org.hibernate.query.sqm.function.SqmFunctionRegistry - Registered SqmFunctionTemplate [NamedSqmFunctionTemplate(tan)] under tan; prior registration was null
2025-08-01 19:23:53.816 [main] DEBUG org.hibernate.query.sqm.function.SqmFunctionRegistry - Registered SqmFunctionTemplate [NamedSqmFunctionTemplate(asin)] under asin; prior registration was null
2025-08-01 19:23:53.817 [main] DEBUG org.hibernate.query.sqm.function.SqmFunctionRegistry - Registered SqmFunctionTemplate [NamedSqmFunctionTemplate(acos)] under acos; prior registration was null
2025-08-01 19:23:53.817 [main] DEBUG org.hibernate.query.sqm.function.SqmFunctionRegistry - Registered SqmFunctionTemplate [NamedSqmFunctionTemplate(atan)] under atan; prior registration was null
2025-08-01 19:23:53.818 [main] DEBUG org.hibernate.query.sqm.function.SqmFunctionRegistry - Registered SqmFunctionTemplate [NamedSqmFunctionTemplate(atan2)] under atan2; prior registration was null
2025-08-01 19:23:53.818 [main] DEBUG org.hibernate.query.sqm.function.SqmFunctionRegistry - Registered SqmFunctionTemplate [org.hibernate.query.sqm.function.PatternBasedSqmFunctionDescriptor@3c3b997b] under sinh; prior registration was null
2025-08-01 19:23:53.818 [main] DEBUG org.hibernate.query.sqm.function.SqmFunctionRegistry - Registered SqmFunctionTemplate [org.hibernate.query.sqm.function.PatternBasedSqmFunctionDescriptor@4c0177fc] under cosh; prior registration was null
2025-08-01 19:23:53.819 [main] DEBUG org.hibernate.query.sqm.function.SqmFunctionRegistry - Registered SqmFunctionTemplate [org.hibernate.query.sqm.function.PatternBasedSqmFunctionDescriptor@29402773] under tanh; prior registration was null
2025-08-01 19:23:53.819 [main] DEBUG org.hibernate.query.sqm.function.SqmFunctionRegistry - Registered SqmFunctionTemplate [org.hibernate.query.sqm.function.PatternBasedSqmFunctionDescriptor@5700b90b] under pi; prior registration was null
2025-08-01 19:23:53.819 [main] DEBUG org.hibernate.query.sqm.function.SqmFunctionRegistry - Registered SqmFunctionTemplate [org.hibernate.query.sqm.function.PatternBasedSqmFunctionDescriptor@379002d1] under log; prior registration was null
2025-08-01 19:23:53.820 [main] DEBUG org.hibernate.query.sqm.function.SqmFunctionRegistry - Registered SqmFunctionTemplate [NamedSqmFunctionTemplate(coalesce)] under coalesce; prior registration was null
2025-08-01 19:23:53.820 [main] DEBUG org.hibernate.query.sqm.function.SqmFunctionRegistry - Registered SqmFunctionTemplate [NamedSqmFunctionTemplate(nullif)] under nullif; prior registration was null
2025-08-01 19:23:53.821 [main] DEBUG org.hibernate.query.sqm.function.SqmFunctionRegistry - Registered SqmFunctionTemplate [NamedSqmFunctionTemplate(left)] under left; prior registration was null
2025-08-01 19:23:53.821 [main] DEBUG org.hibernate.query.sqm.function.SqmFunctionRegistry - Registered SqmFunctionTemplate [NamedSqmFunctionTemplate(right)] under right; prior registration was null
2025-08-01 19:23:53.822 [main] DEBUG org.hibernate.query.sqm.function.SqmFunctionRegistry - Registered SqmFunctionTemplate [NamedSqmFunctionTemplate(replace)] under replace; prior registration was null
2025-08-01 19:23:53.822 [main] DEBUG org.hibernate.query.sqm.function.SqmFunctionRegistry - Registered SqmFunctionTemplate [NamedSqmFunctionTemplate(concat)] under concat; prior registration was null
2025-08-01 19:23:53.822 [main] DEBUG org.hibernate.query.sqm.function.SqmFunctionRegistry - Registered SqmFunctionTemplate [NamedSqmFunctionTemplate(lower)] under lower; prior registration was null
2025-08-01 19:23:53.823 [main] DEBUG org.hibernate.query.sqm.function.SqmFunctionRegistry - Registered SqmFunctionTemplate [NamedSqmFunctionTemplate(upper)] under upper; prior registration was null
2025-08-01 19:23:53.823 [main] DEBUG org.hibernate.query.sqm.function.SqmFunctionRegistry - Registered SqmFunctionTemplate [NamedSqmFunctionTemplate(substring)] under substring; prior registration was null
2025-08-01 19:23:53.823 [main] DEBUG org.hibernate.query.sqm.function.SqmFunctionRegistry - Registered SqmFunctionTemplate [NamedSqmFunctionTemplate(locate)] under locate; prior registration was null
2025-08-01 19:23:53.824 [main] DEBUG org.hibernate.query.sqm.function.SqmFunctionRegistry - Registered SqmFunctionTemplate [NamedSqmFunctionTemplate(character_length)] under character_length; prior registration was null
2025-08-01 19:23:53.824 [main] DEBUG org.hibernate.query.sqm.function.SqmFunctionRegistry - Registering alternate key : length -> character_length
2025-08-01 19:23:53.825 [main] DEBUG org.hibernate.query.sqm.function.SqmFunctionRegistry - Registered SqmFunctionTemplate [org.hibernate.dialect.function.LocatePositionEmulation@70692d48] under position; prior registration was null
2025-08-01 19:23:53.825 [main] DEBUG org.hibernate.query.sqm.function.SqmFunctionRegistry - Registered SqmFunctionTemplate [org.hibernate.dialect.function.InsertSubstringOverlayEmulation@58bae789] under overlay; prior registration was null
2025-08-01 19:23:53.825 [main] DEBUG org.hibernate.query.sqm.function.SqmFunctionRegistry - Registered SqmFunctionTemplate [org.hibernate.dialect.function.TrimFunction@a20d574] under trim; prior registration was null
2025-08-01 19:23:53.826 [main] DEBUG org.hibernate.query.sqm.function.SqmFunctionRegistry - Registered SqmFunctionTemplate [org.hibernate.dialect.function.CastFunction@3d11c86b] under cast; prior registration was null
2025-08-01 19:23:53.826 [main] DEBUG org.hibernate.query.sqm.function.SqmFunctionRegistry - Registered SqmFunctionTemplate [org.hibernate.query.sqm.function.PatternBasedSqmFunctionDescriptor@42ba1ec] under collate; prior registration was null
2025-08-01 19:23:53.826 [main] DEBUG org.hibernate.query.sqm.function.SqmFunctionRegistry - Registered SqmFunctionTemplate [org.hibernate.dialect.function.ExtractFunction@ba2884f] under extract; prior registration was null
2025-08-01 19:23:53.827 [main] DEBUG org.hibernate.query.sqm.function.SqmFunctionRegistry - Registered SqmFunctionTemplate [NamedSqmFunctionTemplate(least)] under least; prior registration was null
2025-08-01 19:23:53.827 [main] DEBUG org.hibernate.query.sqm.function.SqmFunctionRegistry - Registered SqmFunctionTemplate [NamedSqmFunctionTemplate(greatest)] under greatest; prior registration was null
2025-08-01 19:23:53.827 [main] DEBUG org.hibernate.query.sqm.function.SqmFunctionRegistry - Registered SqmFunctionTemplate [org.hibernate.dialect.function.CoalesceIfnullEmulation@7a5773a] under ifnull; prior registration was null
2025-08-01 19:23:53.832 [main] DEBUG org.hibernate.query.sqm.function.SqmFunctionRegistry - Registered SqmFunctionTemplate [NamedSqmFunctionTemplate(lpad)] under lpad; prior registration was null
2025-08-01 19:23:53.832 [main] DEBUG org.hibernate.query.sqm.function.SqmFunctionRegistry - Registered SqmFunctionTemplate [NamedSqmFunctionTemplate(rpad)] under rpad; prior registration was null
2025-08-01 19:23:53.833 [main] DEBUG org.hibernate.query.sqm.function.SqmFunctionRegistry - Registered SqmFunctionTemplate [org.hibernate.dialect.function.LpadRpadPadEmulation@3444a535] under pad; prior registration was null
2025-08-01 19:23:53.833 [main] DEBUG org.hibernate.query.sqm.function.SqmFunctionRegistry - Registered SqmFunctionTemplate [org.hibernate.dialect.function.CastStrEmulation@6d394690] under str; prior registration was null
2025-08-01 19:23:53.833 [main] DEBUG org.hibernate.query.sqm.function.SqmFunctionRegistry - Registered SqmFunctionTemplate [org.hibernate.dialect.function.FormatFunction@72c65b88] under format; prior registration was null
2025-08-01 19:23:53.834 [main] DEBUG org.hibernate.query.sqm.function.SqmFunctionRegistry - Registered SqmFunctionTemplate [org.hibernate.dialect.function.TimestampaddFunction@5e76ee4d] under timestampadd; prior registration was null
2025-08-01 19:23:53.834 [main] DEBUG org.hibernate.query.sqm.function.SqmFunctionRegistry - Registered SqmFunctionTemplate [org.hibernate.dialect.function.TimestampdiffFunction@4f0a95bb] under timestampdiff; prior registration was null
2025-08-01 19:23:53.835 [main] DEBUG org.hibernate.query.sqm.function.SqmFunctionRegistry - Registering alternate key : dateadd -> timestampadd
2025-08-01 19:23:53.835 [main] DEBUG org.hibernate.query.sqm.function.SqmFunctionRegistry - Registering alternate key : datediff -> timestampdiff
2025-08-01 19:23:53.836 [main] DEBUG org.hibernate.query.sqm.function.SqmFunctionRegistry - Registered SqmFunctionTemplate [org.hibernate.dialect.function.CurrentFunction@68a0470c] under current_date; prior registration was null
2025-08-01 19:23:53.836 [main] DEBUG org.hibernate.query.sqm.function.SqmFunctionRegistry - Registered SqmFunctionTemplate [org.hibernate.dialect.function.CurrentFunction@28fa4b8b] under current_time; prior registration was null
2025-08-01 19:23:53.837 [main] DEBUG org.hibernate.query.sqm.function.SqmFunctionRegistry - Registered SqmFunctionTemplate [org.hibernate.dialect.function.CurrentFunction@4197cc5f] under current_timestamp; prior registration was null
2025-08-01 19:23:53.837 [main] DEBUG org.hibernate.query.sqm.function.SqmFunctionRegistry - Registering alternate key : current date -> current_date
2025-08-01 19:23:53.837 [main] DEBUG org.hibernate.query.sqm.function.SqmFunctionRegistry - Registering alternate key : current time -> current_time
2025-08-01 19:23:53.838 [main] DEBUG org.hibernate.query.sqm.function.SqmFunctionRegistry - Registering alternate key : current timestamp -> current_timestamp
2025-08-01 19:23:53.838 [main] DEBUG org.hibernate.query.sqm.function.SqmFunctionRegistry - Registered SqmFunctionTemplate [org.hibernate.dialect.function.CurrentFunction@5aab2e9b] under local_date; prior registration was null
2025-08-01 19:23:53.838 [main] DEBUG org.hibernate.query.sqm.function.SqmFunctionRegistry - Registered SqmFunctionTemplate [org.hibernate.dialect.function.CurrentFunction@30598ae5] under local_time; prior registration was null
2025-08-01 19:23:53.839 [main] DEBUG org.hibernate.query.sqm.function.SqmFunctionRegistry - Registered SqmFunctionTemplate [org.hibernate.dialect.function.CurrentFunction@4a052976] under local_datetime; prior registration was null
2025-08-01 19:23:53.839 [main] DEBUG org.hibernate.query.sqm.function.SqmFunctionRegistry - Registered SqmFunctionTemplate [org.hibernate.dialect.function.CurrentFunction@350fe15d] under offset_datetime; prior registration was null
2025-08-01 19:23:53.840 [main] DEBUG org.hibernate.query.sqm.function.SqmFunctionRegistry - Registering alternate key : local date -> local_date
2025-08-01 19:23:53.840 [main] DEBUG org.hibernate.query.sqm.function.SqmFunctionRegistry - Registering alternate key : local time -> local_time
2025-08-01 19:23:53.841 [main] DEBUG org.hibernate.query.sqm.function.SqmFunctionRegistry - Registering alternate key : local datetime -> local_datetime
2025-08-01 19:23:53.841 [main] DEBUG org.hibernate.query.sqm.function.SqmFunctionRegistry - Registering alternate key : offset datetime -> offset_datetime
2025-08-01 19:23:53.841 [main] DEBUG org.hibernate.query.sqm.function.SqmFunctionRegistry - Registered SqmFunctionTemplate [org.hibernate.dialect.function.CurrentFunction@3653de91] under instant; prior registration was null
2025-08-01 19:23:53.842 [main] DEBUG org.hibernate.query.sqm.function.SqmFunctionRegistry - Registering alternate key : current_instant -> instant
2025-08-01 19:23:53.842 [main] DEBUG org.hibernate.query.sqm.function.SqmFunctionRegistry - Registered SqmFunctionTemplate [org.hibernate.dialect.function.SqlFunction@4a21741c] under sql; prior registration was null
2025-08-01 19:23:53.842 [main] DEBUG org.hibernate.query.sqm.function.SqmFunctionRegistry - Registered SqmFunctionTemplate [NamedSqmFunctionTemplate(cot)] under cot; prior registration was null
2025-08-01 19:23:53.843 [main] DEBUG org.hibernate.query.sqm.function.SqmFunctionRegistry - Registered SqmFunctionTemplate [NamedSqmFunctionTemplate(radians)] under radians; prior registration was null
2025-08-01 19:23:53.843 [main] DEBUG org.hibernate.query.sqm.function.SqmFunctionRegistry - Registered SqmFunctionTemplate [NamedSqmFunctionTemplate(degrees)] under degrees; prior registration was null
2025-08-01 19:23:53.844 [main] DEBUG org.hibernate.query.sqm.function.SqmFunctionRegistry - Registered SqmFunctionTemplate [NamedSqmFunctionTemplate(log)] under log; prior registration was org.hibernate.query.sqm.function.PatternBasedSqmFunctionDescriptor@379002d1
2025-08-01 19:23:53.844 [main] DEBUG org.hibernate.query.sqm.function.SqmFunctionRegistry - Registered SqmFunctionTemplate [org.hibernate.query.sqm.function.PatternBasedSqmFunctionDescriptor@290caab7] under mod; prior registration was NamedSqmFunctionTemplate(mod)
2025-08-01 19:23:53.844 [main] DEBUG org.hibernate.query.sqm.function.SqmFunctionRegistry - Registered SqmFunctionTemplate [NamedSqmFunctionTemplate(log10)] under log10; prior registration was null
2025-08-01 19:23:53.845 [main] DEBUG org.hibernate.query.sqm.function.SqmFunctionRegistry - Registered SqmFunctionTemplate [NamedSqmFunctionTemplate(tanh)] under tanh; prior registration was org.hibernate.query.sqm.function.PatternBasedSqmFunctionDescriptor@29402773
2025-08-01 19:23:53.845 [main] DEBUG org.hibernate.query.sqm.function.SqmFunctionRegistry - Registered SqmFunctionTemplate [NamedSqmFunctionTemplate(sinh)] under sinh; prior registration was org.hibernate.query.sqm.function.PatternBasedSqmFunctionDescriptor@3c3b997b
2025-08-01 19:23:53.846 [main] DEBUG org.hibernate.query.sqm.function.SqmFunctionRegistry - Registered SqmFunctionTemplate [NamedSqmFunctionTemplate(cosh)] under cosh; prior registration was org.hibernate.query.sqm.function.PatternBasedSqmFunctionDescriptor@4c0177fc
2025-08-01 19:23:53.846 [main] DEBUG org.hibernate.query.sqm.function.SqmFunctionRegistry - Registered SqmFunctionTemplate [NamedSqmFunctionTemplate(acosh)] under acosh; prior registration was null
2025-08-01 19:23:53.847 [main] DEBUG org.hibernate.query.sqm.function.SqmFunctionRegistry - Registered SqmFunctionTemplate [NamedSqmFunctionTemplate(asinh)] under asinh; prior registration was null
2025-08-01 19:23:53.847 [main] DEBUG org.hibernate.query.sqm.function.SqmFunctionRegistry - Registered SqmFunctionTemplate [NamedSqmFunctionTemplate(atanh)] under atanh; prior registration was null
2025-08-01 19:23:53.847 [main] DEBUG org.hibernate.query.sqm.function.SqmFunctionRegistry - Registered SqmFunctionTemplate [NamedSqmFunctionTemplate(cbrt)] under cbrt; prior registration was null
2025-08-01 19:23:53.848 [main] DEBUG org.hibernate.query.sqm.function.SqmFunctionRegistry - Registered SqmFunctionTemplate [NamedSqmFunctionTemplate(pi)] under pi; prior registration was org.hibernate.query.sqm.function.PatternBasedSqmFunctionDescriptor@5700b90b
2025-08-01 19:23:53.848 [main] DEBUG org.hibernate.query.sqm.function.SqmFunctionRegistry - Registered SqmFunctionTemplate [NamedSqmFunctionTemplate(ltrim)] under ltrim; prior registration was null
2025-08-01 19:23:53.848 [main] DEBUG org.hibernate.query.sqm.function.SqmFunctionRegistry - Registered SqmFunctionTemplate [NamedSqmFunctionTemplate(rtrim)] under rtrim; prior registration was null
2025-08-01 19:23:53.849 [main] DEBUG org.hibernate.query.sqm.function.SqmFunctionRegistry - Registered SqmFunctionTemplate [NamedSqmFunctionTemplate(repeat)] under repeat; prior registration was null
2025-08-01 19:23:53.849 [main] DEBUG org.hibernate.query.sqm.function.SqmFunctionRegistry - Registered SqmFunctionTemplate [NamedSqmFunctionTemplate(md5)] under md5; prior registration was null
2025-08-01 19:23:53.849 [main] DEBUG org.hibernate.query.sqm.function.SqmFunctionRegistry - Registered SqmFunctionTemplate [NamedSqmFunctionTemplate(initcap)] under initcap; prior registration was null
2025-08-01 19:23:53.850 [main] DEBUG org.hibernate.query.sqm.function.SqmFunctionRegistry - Registered SqmFunctionTemplate [NamedSqmFunctionTemplate(substr)] under substr; prior registration was null
2025-08-01 19:23:53.850 [main] DEBUG org.hibernate.query.sqm.function.SqmFunctionRegistry - Registered SqmFunctionTemplate [NamedSqmFunctionTemplate(substr)] under substring; prior registration was NamedSqmFunctionTemplate(substring)
2025-08-01 19:23:53.850 [main] DEBUG org.hibernate.query.sqm.function.SqmFunctionRegistry - Registered SqmFunctionTemplate [NamedSqmFunctionTemplate(translate)] under translate; prior registration was null
2025-08-01 19:23:53.851 [main] DEBUG org.hibernate.query.sqm.function.SqmFunctionRegistry - Registered SqmFunctionTemplate [NamedSqmFunctionTemplate(to_number)] under to_number; prior registration was null
2025-08-01 19:23:53.851 [main] DEBUG org.hibernate.query.sqm.function.SqmFunctionRegistry - Registered SqmFunctionTemplate [NamedSqmFunctionTemplate(to_char)] under to_char; prior registration was null
2025-08-01 19:23:53.851 [main] DEBUG org.hibernate.query.sqm.function.SqmFunctionRegistry - Registered SqmFunctionTemplate [NamedSqmFunctionTemplate(to_date)] under to_date; prior registration was null
2025-08-01 19:23:53.852 [main] DEBUG org.hibernate.query.sqm.function.SqmFunctionRegistry - Registered SqmFunctionTemplate [NamedSqmFunctionTemplate(to_timestamp)] under to_timestamp; prior registration was null
2025-08-01 19:23:53.852 [main] DEBUG org.hibernate.query.sqm.function.SqmFunctionRegistry - Registered SqmFunctionTemplate [org.hibernate.dialect.function.ConcatPipeFunction@63c3a3c2] under concat; prior registration was NamedSqmFunctionTemplate(concat)
2025-08-01 19:23:53.853 [main] DEBUG org.hibernate.query.sqm.function.SqmFunctionRegistry - Registered SqmFunctionTemplate [NamedSqmFunctionTemplate(localtime)] under localtime; prior registration was null
2025-08-01 19:23:53.853 [main] DEBUG org.hibernate.query.sqm.function.SqmFunctionRegistry - Registered SqmFunctionTemplate [NamedSqmFunctionTemplate(localtimestamp)] under localtimestamp; prior registration was null
2025-08-01 19:23:53.853 [main] DEBUG org.hibernate.query.sqm.function.SqmFunctionRegistry - Registered SqmFunctionTemplate [NamedSqmFunctionTemplate(localtime)] under local_time; prior registration was org.hibernate.dialect.function.CurrentFunction@30598ae5
2025-08-01 19:23:53.854 [main] DEBUG org.hibernate.query.sqm.function.SqmFunctionRegistry - Registered SqmFunctionTemplate [NamedSqmFunctionTemplate(localtimestamp)] under local_datetime; prior registration was org.hibernate.dialect.function.CurrentFunction@4a052976
2025-08-01 19:23:53.854 [main] DEBUG org.hibernate.query.sqm.function.SqmFunctionRegistry - Registered SqmFunctionTemplate [org.hibernate.dialect.function.LengthFunction@4bcc4e7d] under character_length; prior registration was NamedSqmFunctionTemplate(character_length)
2025-08-01 19:23:53.854 [main] DEBUG org.hibernate.query.sqm.function.SqmFunctionRegistry - Registering alternate key : length -> character_length
2025-08-01 19:23:53.855 [main] DEBUG org.hibernate.query.sqm.function.SqmFunctionRegistry - Registered SqmFunctionTemplate [org.hibernate.dialect.function.LengthFunction@a0c528c] under bit_length; prior registration was null
2025-08-01 19:23:53.855 [main] DEBUG org.hibernate.query.sqm.function.SqmFunctionRegistry - Registered SqmFunctionTemplate [org.hibernate.dialect.function.LengthFunction@46191868] under octet_length; prior registration was null
2025-08-01 19:23:53.855 [main] DEBUG org.hibernate.query.sqm.function.SqmFunctionRegistry - Registered SqmFunctionTemplate [NamedSqmFunctionTemplate(ascii)] under ascii; prior registration was null
2025-08-01 19:23:53.856 [main] DEBUG org.hibernate.query.sqm.function.SqmFunctionRegistry - Registered SqmFunctionTemplate [NamedSqmFunctionTemplate(chr)] under chr; prior registration was null
2025-08-01 19:23:53.856 [main] DEBUG org.hibernate.query.sqm.function.SqmFunctionRegistry - Registering alternate key : char -> chr
2025-08-01 19:23:53.857 [main] DEBUG org.hibernate.query.sqm.function.SqmFunctionRegistry - Registered SqmFunctionTemplate [org.hibernate.query.sqm.function.PatternBasedSqmFunctionDescriptor@383a7eda] under position; prior registration was org.hibernate.dialect.function.LocatePositionEmulation@70692d48
2025-08-01 19:23:53.857 [main] DEBUG org.hibernate.query.sqm.function.SqmFunctionRegistry - Registered SqmFunctionTemplate [org.hibernate.query.sqm.function.PatternBasedSqmFunctionDescriptor@11ac7006] under bitand; prior registration was null
2025-08-01 19:23:53.857 [main] DEBUG org.hibernate.query.sqm.function.SqmFunctionRegistry - Registered SqmFunctionTemplate [org.hibernate.query.sqm.function.PatternBasedSqmFunctionDescriptor@795cc88d] under bitor; prior registration was null
2025-08-01 19:23:53.857 [main] DEBUG org.hibernate.query.sqm.function.SqmFunctionRegistry - Registered SqmFunctionTemplate [org.hibernate.query.sqm.function.PatternBasedSqmFunctionDescriptor@77085596] under bitxor; prior registration was null
2025-08-01 19:23:53.858 [main] DEBUG org.hibernate.query.sqm.function.SqmFunctionRegistry - Registered SqmFunctionTemplate [org.hibernate.query.sqm.function.PatternBasedSqmFunctionDescriptor@1caf3903] under bitnot; prior registration was null
2025-08-01 19:23:53.858 [main] DEBUG org.hibernate.query.sqm.function.SqmFunctionRegistry - Registered SqmFunctionTemplate [NamedSqmFunctionTemplate(bit_and)] under bit_and; prior registration was null
2025-08-01 19:23:53.859 [main] DEBUG org.hibernate.query.sqm.function.SqmFunctionRegistry - Registered SqmFunctionTemplate [NamedSqmFunctionTemplate(bit_or)] under bit_or; prior registration was null
2025-08-01 19:23:53.859 [main] DEBUG org.hibernate.query.sqm.function.SqmFunctionRegistry - Registered SqmFunctionTemplate [NamedSqmFunctionTemplate(bool_and)] under bool_and; prior registration was null
2025-08-01 19:23:53.859 [main] DEBUG org.hibernate.query.sqm.function.SqmFunctionRegistry - Registering alternate key : every -> bool_and
2025-08-01 19:23:53.859 [main] DEBUG org.hibernate.query.sqm.function.SqmFunctionRegistry - Registered SqmFunctionTemplate [NamedSqmFunctionTemplate(bool_or)] under bool_or; prior registration was null
2025-08-01 19:23:53.860 [main] DEBUG org.hibernate.query.sqm.function.SqmFunctionRegistry - Registering alternate key : any -> bool_or
2025-08-01 19:23:53.860 [main] DEBUG org.hibernate.query.sqm.function.SqmFunctionRegistry - Registered SqmFunctionTemplate [org.hibernate.query.sqm.function.PatternBasedSqmFunctionDescriptor@6e7156d0] under median; prior registration was null
2025-08-01 19:23:53.861 [main] DEBUG org.hibernate.query.sqm.function.SqmFunctionRegistry - Registered SqmFunctionTemplate [NamedSqmFunctionTemplate(stddev)] under stddev; prior registration was null
2025-08-01 19:23:53.861 [main] DEBUG org.hibernate.query.sqm.function.SqmFunctionRegistry - Registered SqmFunctionTemplate [NamedSqmFunctionTemplate(stddev_pop)] under stddev_pop; prior registration was null
2025-08-01 19:23:53.861 [main] DEBUG org.hibernate.query.sqm.function.SqmFunctionRegistry - Registered SqmFunctionTemplate [NamedSqmFunctionTemplate(stddev_samp)] under stddev_samp; prior registration was null
2025-08-01 19:23:53.861 [main] DEBUG org.hibernate.query.sqm.function.SqmFunctionRegistry - Registered SqmFunctionTemplate [NamedSqmFunctionTemplate(variance)] under variance; prior registration was null
2025-08-01 19:23:53.862 [main] DEBUG org.hibernate.query.sqm.function.SqmFunctionRegistry - Registered SqmFunctionTemplate [NamedSqmFunctionTemplate(var_pop)] under var_pop; prior registration was null
2025-08-01 19:23:53.862 [main] DEBUG org.hibernate.query.sqm.function.SqmFunctionRegistry - Registered SqmFunctionTemplate [NamedSqmFunctionTemplate(var_samp)] under var_samp; prior registration was null
2025-08-01 19:23:53.862 [main] DEBUG org.hibernate.query.sqm.function.SqmFunctionRegistry - Registered SqmFunctionTemplate [NamedSqmFunctionTemplate(covar_pop)] under covar_pop; prior registration was null
2025-08-01 19:23:53.863 [main] DEBUG org.hibernate.query.sqm.function.SqmFunctionRegistry - Registered SqmFunctionTemplate [NamedSqmFunctionTemplate(covar_samp)] under covar_samp; prior registration was null
2025-08-01 19:23:53.863 [main] DEBUG org.hibernate.query.sqm.function.SqmFunctionRegistry - Registered SqmFunctionTemplate [NamedSqmFunctionTemplate(corr)] under corr; prior registration was null
2025-08-01 19:23:53.863 [main] DEBUG org.hibernate.query.sqm.function.SqmFunctionRegistry - Registered SqmFunctionTemplate [NamedSqmFunctionTemplate(regr_avgx)] under regr_avgx; prior registration was null
2025-08-01 19:23:53.863 [main] DEBUG org.hibernate.query.sqm.function.SqmFunctionRegistry - Registered SqmFunctionTemplate [NamedSqmFunctionTemplate(regr_avgy)] under regr_avgy; prior registration was null
2025-08-01 19:23:53.864 [main] DEBUG org.hibernate.query.sqm.function.SqmFunctionRegistry - Registered SqmFunctionTemplate [NamedSqmFunctionTemplate(regr_count)] under regr_count; prior registration was null
2025-08-01 19:23:53.864 [main] DEBUG org.hibernate.query.sqm.function.SqmFunctionRegistry - Registered SqmFunctionTemplate [NamedSqmFunctionTemplate(regr_intercept)] under regr_intercept; prior registration was null
2025-08-01 19:23:53.865 [main] DEBUG org.hibernate.query.sqm.function.SqmFunctionRegistry - Registered SqmFunctionTemplate [NamedSqmFunctionTemplate(regr_r2)] under regr_r2; prior registration was null
2025-08-01 19:23:53.865 [main] DEBUG org.hibernate.query.sqm.function.SqmFunctionRegistry - Registered SqmFunctionTemplate [NamedSqmFunctionTemplate(regr_slope)] under regr_slope; prior registration was null
2025-08-01 19:23:53.865 [main] DEBUG org.hibernate.query.sqm.function.SqmFunctionRegistry - Registered SqmFunctionTemplate [NamedSqmFunctionTemplate(regr_sxx)] under regr_sxx; prior registration was null
2025-08-01 19:23:53.866 [main] DEBUG org.hibernate.query.sqm.function.SqmFunctionRegistry - Registered SqmFunctionTemplate [NamedSqmFunctionTemplate(regr_sxy)] under regr_sxy; prior registration was null
2025-08-01 19:23:53.866 [main] DEBUG org.hibernate.query.sqm.function.SqmFunctionRegistry - Registered SqmFunctionTemplate [NamedSqmFunctionTemplate(regr_syy)] under regr_syy; prior registration was null
2025-08-01 19:23:53.866 [main] DEBUG org.hibernate.query.sqm.function.SqmFunctionRegistry - Registered SqmFunctionTemplate [org.hibernate.query.sqm.function.PatternBasedSqmFunctionDescriptor@7176f333] under insert; prior registration was null
2025-08-01 19:23:53.867 [main] DEBUG org.hibernate.query.sqm.function.SqmFunctionRegistry - Registered SqmFunctionTemplate [org.hibernate.query.sqm.function.MultipatternSqmFunctionDescriptor@44e7ac6e] under overlay; prior registration was org.hibernate.dialect.function.InsertSubstringOverlayEmulation@58bae789
2025-08-01 19:23:53.867 [main] DEBUG org.hibernate.query.sqm.function.SqmFunctionRegistry - Registered SqmFunctionTemplate [NamedSqmFunctionTemplate(soundex)] under soundex; prior registration was null
2025-08-01 19:23:53.867 [main] DEBUG org.hibernate.query.sqm.function.SqmFunctionRegistry - Registered SqmFunctionTemplate [org.hibernate.query.sqm.function.MultipatternSqmFunctionDescriptor@21e5f2d0] under locate; prior registration was NamedSqmFunctionTemplate(locate)
2025-08-01 19:23:53.868 [main] DEBUG org.hibernate.query.sqm.function.SqmFunctionRegistry - Registered SqmFunctionTemplate [NamedSqmFunctionTemplate(row_number)] under row_number; prior registration was null
2025-08-01 19:23:53.868 [main] DEBUG org.hibernate.query.sqm.function.SqmFunctionRegistry - Registered SqmFunctionTemplate [NamedSqmFunctionTemplate(lag)] under lag; prior registration was null
2025-08-01 19:23:53.868 [main] DEBUG org.hibernate.query.sqm.function.SqmFunctionRegistry - Registered SqmFunctionTemplate [NamedSqmFunctionTemplate(lead)] under lead; prior registration was null
2025-08-01 19:23:53.869 [main] DEBUG org.hibernate.query.sqm.function.SqmFunctionRegistry - Registered SqmFunctionTemplate [NamedSqmFunctionTemplate(first_value)] under first_value; prior registration was null
2025-08-01 19:23:53.869 [main] DEBUG org.hibernate.query.sqm.function.SqmFunctionRegistry - Registered SqmFunctionTemplate [NamedSqmFunctionTemplate(last_value)] under last_value; prior registration was null
2025-08-01 19:23:53.869 [main] DEBUG org.hibernate.query.sqm.function.SqmFunctionRegistry - Registered SqmFunctionTemplate [NamedSqmFunctionTemplate(nth_value)] under nth_value; prior registration was null
2025-08-01 19:23:53.870 [main] DEBUG org.hibernate.query.sqm.function.SqmFunctionRegistry - Registered SqmFunctionTemplate [org.hibernate.dialect.function.ListaggStringAggEmulation@4546f7ea] under listagg; prior registration was null
2025-08-01 19:23:53.870 [main] DEBUG org.hibernate.query.sqm.function.SqmFunctionRegistry - Registered SqmFunctionTemplate [org.hibernate.dialect.function.array.PostgreSQLArrayConstructorFunction@3ef6b1a] under array; prior registration was null
2025-08-01 19:23:53.870 [main] DEBUG org.hibernate.query.sqm.function.SqmFunctionRegistry - Registered SqmFunctionTemplate [org.hibernate.dialect.function.array.PostgreSQLArrayConstructorFunction@7a9223d5] under array_list; prior registration was null
2025-08-01 19:23:53.871 [main] DEBUG org.hibernate.query.sqm.function.SqmFunctionRegistry - Registered SqmFunctionTemplate [org.hibernate.dialect.function.array.ArrayAggFunction@746f2d25] under array_agg; prior registration was null
2025-08-01 19:23:53.871 [main] DEBUG org.hibernate.query.sqm.function.SqmFunctionRegistry - Registered SqmFunctionTemplate [org.hibernate.dialect.function.array.PostgreSQLArrayPositionFunction@6646de5] under array_position; prior registration was null
2025-08-01 19:23:53.871 [main] DEBUG org.hibernate.query.sqm.function.SqmFunctionRegistry - Registered SqmFunctionTemplate [org.hibernate.dialect.function.array.PostgreSQLArrayPositionsFunction@154c7913] under array_positions; prior registration was null
2025-08-01 19:23:53.872 [main] DEBUG org.hibernate.query.sqm.function.SqmFunctionRegistry - Registered SqmFunctionTemplate [org.hibernate.dialect.function.array.PostgreSQLArrayPositionsFunction@18c7789a] under array_positions_list; prior registration was null
2025-08-01 19:23:53.872 [main] DEBUG org.hibernate.query.sqm.function.SqmFunctionRegistry - Registered SqmFunctionTemplate [org.hibernate.query.sqm.function.PatternBasedSqmFunctionDescriptor@3de92522] under array_length; prior registration was null
2025-08-01 19:23:53.872 [main] DEBUG org.hibernate.query.sqm.function.SqmFunctionRegistry - Registered SqmFunctionTemplate [org.hibernate.dialect.function.DynamicDispatchFunction@186b3436] under length; prior registration was null
2025-08-01 19:23:53.873 [main] DEBUG org.hibernate.query.sqm.function.SqmFunctionRegistry - Registered SqmFunctionTemplate [org.hibernate.dialect.function.array.PostgreSQLArrayConcatFunction@6e9952c9] under array_concat; prior registration was null
2025-08-01 19:23:53.873 [main] DEBUG org.hibernate.query.sqm.function.SqmFunctionRegistry - Registered SqmFunctionTemplate [org.hibernate.dialect.function.array.PostgreSQLArrayConcatElementFunction@4d39f428] under array_prepend; prior registration was null
2025-08-01 19:23:53.873 [main] DEBUG org.hibernate.query.sqm.function.SqmFunctionRegistry - Registered SqmFunctionTemplate [org.hibernate.dialect.function.array.PostgreSQLArrayConcatElementFunction@390d1898] under array_append; prior registration was null
2025-08-01 19:23:53.874 [main] DEBUG org.hibernate.query.sqm.function.SqmFunctionRegistry - Registered SqmFunctionTemplate [org.hibernate.dialect.function.array.ArrayContainsOperatorFunction@7886510b] under array_contains; prior registration was null
2025-08-01 19:23:53.874 [main] DEBUG org.hibernate.query.sqm.function.SqmFunctionRegistry - Registered SqmFunctionTemplate [org.hibernate.dialect.function.array.ArrayContainsOperatorFunction@5c2d4bc8] under array_contains_nullable; prior registration was null
2025-08-01 19:23:53.875 [main] DEBUG org.hibernate.query.sqm.function.SqmFunctionRegistry - Registered SqmFunctionTemplate [org.hibernate.dialect.function.array.ArrayIncludesOperatorFunction@5eb77cd1] under array_includes; prior registration was null
2025-08-01 19:23:53.875 [main] DEBUG org.hibernate.query.sqm.function.SqmFunctionRegistry - Registered SqmFunctionTemplate [org.hibernate.dialect.function.array.ArrayIncludesOperatorFunction@f2f7647] under array_includes_nullable; prior registration was null
2025-08-01 19:23:53.875 [main] DEBUG org.hibernate.query.sqm.function.SqmFunctionRegistry - Registered SqmFunctionTemplate [org.hibernate.dialect.function.array.ArrayIntersectsOperatorFunction@456b60a0] under array_intersects; prior registration was null
2025-08-01 19:23:53.876 [main] DEBUG org.hibernate.query.sqm.function.SqmFunctionRegistry - Registered SqmFunctionTemplate [org.hibernate.dialect.function.array.ArrayIntersectsOperatorFunction@73ae00ce] under array_intersects_nullable; prior registration was null
2025-08-01 19:23:53.876 [main] DEBUG org.hibernate.query.sqm.function.SqmFunctionRegistry - Registering alternate key : array_overlaps -> array_intersects
2025-08-01 19:23:53.877 [main] DEBUG org.hibernate.query.sqm.function.SqmFunctionRegistry - Registering alternate key : array_overlaps_nullable -> array_intersects_nullable
2025-08-01 19:23:53.877 [main] DEBUG org.hibernate.query.sqm.function.SqmFunctionRegistry - Registered SqmFunctionTemplate [org.hibernate.query.sqm.function.PatternBasedSqmFunctionDescriptor@169aab9e] under array_get; prior registration was null
2025-08-01 19:23:53.877 [main] DEBUG org.hibernate.query.sqm.function.SqmFunctionRegistry - Registered SqmFunctionTemplate [org.hibernate.dialect.function.array.ArraySetUnnestFunction@62f37a44] under array_set; prior registration was null
2025-08-01 19:23:53.878 [main] DEBUG org.hibernate.query.sqm.function.SqmFunctionRegistry - Registered SqmFunctionTemplate [NamedSqmFunctionTemplate(array_remove)] under array_remove; prior registration was null
2025-08-01 19:23:53.878 [main] DEBUG org.hibernate.query.sqm.function.SqmFunctionRegistry - Registered SqmFunctionTemplate [org.hibernate.dialect.function.array.ArrayRemoveIndexUnnestFunction@7c0368da] under array_remove_index; prior registration was null
2025-08-01 19:23:53.878 [main] DEBUG org.hibernate.query.sqm.function.SqmFunctionRegistry - Registered SqmFunctionTemplate [org.hibernate.query.sqm.function.PatternBasedSqmFunctionDescriptor@7fa8bfe4] under array_slice; prior registration was null
2025-08-01 19:23:53.879 [main] DEBUG org.hibernate.query.sqm.function.SqmFunctionRegistry - Registered SqmFunctionTemplate [NamedSqmFunctionTemplate(array_replace)] under array_replace; prior registration was null
2025-08-01 19:23:53.879 [main] DEBUG org.hibernate.query.sqm.function.SqmFunctionRegistry - Registered SqmFunctionTemplate [org.hibernate.dialect.function.array.PostgreSQLArrayTrimEmulation@3cad2dd4] under array_trim; prior registration was null
2025-08-01 19:23:53.879 [main] DEBUG org.hibernate.query.sqm.function.SqmFunctionRegistry - Registered SqmFunctionTemplate [org.hibernate.dialect.function.array.PostgreSQLArrayFillFunction@45f5415f] under array_fill; prior registration was null
2025-08-01 19:23:53.879 [main] DEBUG org.hibernate.query.sqm.function.SqmFunctionRegistry - Registered SqmFunctionTemplate [org.hibernate.dialect.function.array.PostgreSQLArrayFillFunction@22d7a483] under array_fill_list; prior registration was null
2025-08-01 19:23:53.880 [main] DEBUG org.hibernate.query.sqm.function.SqmFunctionRegistry - Registered SqmFunctionTemplate [org.hibernate.dialect.function.array.ArrayToStringFunction@18ba78a2] under array_to_string; prior registration was null
2025-08-01 19:23:53.880 [main] DEBUG org.hibernate.query.sqm.function.SqmFunctionRegistry - Registered SqmFunctionTemplate [NamedSqmFunctionTemplate(make_date)] under make_date; prior registration was null
2025-08-01 19:23:53.880 [main] DEBUG org.hibernate.query.sqm.function.SqmFunctionRegistry - Registered SqmFunctionTemplate [NamedSqmFunctionTemplate(make_time)] under make_time; prior registration was null
2025-08-01 19:23:53.881 [main] DEBUG org.hibernate.query.sqm.function.SqmFunctionRegistry - Registered SqmFunctionTemplate [NamedSqmFunctionTemplate(make_timestamp)] under make_timestamp; prior registration was null
2025-08-01 19:23:53.881 [main] DEBUG org.hibernate.query.sqm.function.SqmFunctionRegistry - Registered SqmFunctionTemplate [NamedSqmFunctionTemplate(make_timestamptz)] under make_timestamptz; prior registration was null
2025-08-01 19:23:53.881 [main] DEBUG org.hibernate.query.sqm.function.SqmFunctionRegistry - Registered SqmFunctionTemplate [org.hibernate.dialect.function.InverseDistributionFunction@4dac25ec] under mode; prior registration was null
2025-08-01 19:23:53.882 [main] DEBUG org.hibernate.query.sqm.function.SqmFunctionRegistry - Registered SqmFunctionTemplate [org.hibernate.dialect.function.InverseDistributionFunction@223c6abf] under percentile_cont; prior registration was null
2025-08-01 19:23:53.882 [main] DEBUG org.hibernate.query.sqm.function.SqmFunctionRegistry - Registered SqmFunctionTemplate [org.hibernate.dialect.function.InverseDistributionFunction@3dd021c7] under percentile_disc; prior registration was null
2025-08-01 19:23:53.882 [main] DEBUG org.hibernate.query.sqm.function.SqmFunctionRegistry - Registered SqmFunctionTemplate [org.hibernate.dialect.function.HypotheticalSetFunction@76e431b7] under rank; prior registration was null
2025-08-01 19:23:53.883 [main] DEBUG org.hibernate.query.sqm.function.SqmFunctionRegistry - Registered SqmFunctionTemplate [org.hibernate.dialect.function.HypotheticalSetFunction@5a4bf9c2] under dense_rank; prior registration was null
2025-08-01 19:23:53.883 [main] DEBUG org.hibernate.query.sqm.function.SqmFunctionRegistry - Registered SqmFunctionTemplate [org.hibernate.dialect.function.HypotheticalSetFunction@1be309a6] under percent_rank; prior registration was null
2025-08-01 19:23:53.883 [main] DEBUG org.hibernate.query.sqm.function.SqmFunctionRegistry - Registered SqmFunctionTemplate [org.hibernate.dialect.function.HypotheticalSetFunction@2781dd04] under cume_dist; prior registration was null
2025-08-01 19:23:53.884 [main] DEBUG org.hibernate.query.sqm.function.SqmFunctionRegistry - Registered SqmFunctionTemplate [org.hibernate.dialect.function.PostgreSQLMinMaxFunction@70bf39ca] under min; prior registration was NamedSqmFunctionTemplate(min)
2025-08-01 19:23:53.884 [main] DEBUG org.hibernate.query.sqm.function.SqmFunctionRegistry - Registered SqmFunctionTemplate [org.hibernate.dialect.function.PostgreSQLMinMaxFunction@753f5bf6] under max; prior registration was NamedSqmFunctionTemplate(max)
2025-08-01 19:23:53.884 [main] DEBUG org.hibernate.query.sqm.function.SqmFunctionRegistry - Registered SqmFunctionTemplate [org.hibernate.query.sqm.function.PatternBasedSqmFunctionDescriptor@7612c2ce] under bitxor; prior registration was org.hibernate.query.sqm.function.PatternBasedSqmFunctionDescriptor@77085596
2025-08-01 19:23:53.885 [main] DEBUG org.hibernate.query.sqm.function.SqmFunctionRegistry - Registered SqmFunctionTemplate [org.hibernate.dialect.function.PostgreSQLTruncRoundFunction@5f5248f5] under round; prior registration was NamedSqmFunctionTemplate(round)
2025-08-01 19:23:53.885 [main] DEBUG org.hibernate.query.sqm.function.SqmFunctionRegistry - Registered SqmFunctionTemplate [org.hibernate.dialect.function.PostgreSQLTruncFunction@56aa4bbc] under trunc; prior registration was null
2025-08-01 19:23:53.885 [main] DEBUG org.hibernate.query.sqm.function.SqmFunctionRegistry - Registering alternate key : truncate -> trunc
2025-08-01 19:23:53.886 [main] DEBUG org.hibernate.query.sqm.function.SqmFunctionRegistry - Registered SqmFunctionTemplate [org.hibernate.query.sqm.function.PatternBasedSqmFunctionDescriptor@59c54a74] under date_trunc; prior registration was null
2025-08-01 19:23:53.886 [main] DEBUG org.hibernate.HQL_FUNCTIONS - abs(NUMERIC arg)
2025-08-01 19:23:53.887 [main] DEBUG org.hibernate.HQL_FUNCTIONS - Double acos(NUMERIC arg)
2025-08-01 19:23:53.887 [main] DEBUG org.hibernate.HQL_FUNCTIONS - Double acosh(NUMERIC arg)
2025-08-01 19:23:53.887 [main] DEBUG org.hibernate.HQL_FUNCTIONS - Boolean any(BOOLEAN predicate)
2025-08-01 19:23:53.888 [main] DEBUG org.hibernate.HQL_FUNCTIONS - array( ... )
2025-08-01 19:23:53.888 [main] DEBUG org.hibernate.HQL_FUNCTIONS - array_agg(arg)
2025-08-01 19:23:53.888 [main] DEBUG org.hibernate.HQL_FUNCTIONS - array_append( ... )
2025-08-01 19:23:53.889 [main] DEBUG org.hibernate.HQL_FUNCTIONS - array_concat( ... )
2025-08-01 19:23:53.889 [main] DEBUG org.hibernate.HQL_FUNCTIONS - Boolean array_contains(ARRAY haystackArray, OBJECT needleElementOrArray)
2025-08-01 19:23:53.889 [main] DEBUG org.hibernate.HQL_FUNCTIONS - Boolean array_contains_nullable(ARRAY haystackArray, OBJECT needleElementOrArray)
2025-08-01 19:23:53.890 [main] DEBUG org.hibernate.HQL_FUNCTIONS - array_fill(OBJECT element, INTEGER elementCount)
2025-08-01 19:23:53.890 [main] DEBUG org.hibernate.HQL_FUNCTIONS - array_fill_list(OBJECT element, INTEGER elementCount)
2025-08-01 19:23:53.890 [main] DEBUG org.hibernate.HQL_FUNCTIONS - array_get(ARRAY array, INTEGER index)
2025-08-01 19:23:53.890 [main] DEBUG org.hibernate.HQL_FUNCTIONS - Boolean array_includes(ARRAY haystackArray, OBJECT needleArray)
2025-08-01 19:23:53.891 [main] DEBUG org.hibernate.HQL_FUNCTIONS - Boolean array_includes_nullable(ARRAY haystackArray, OBJECT needleArray)
2025-08-01 19:23:53.891 [main] DEBUG org.hibernate.HQL_FUNCTIONS - Boolean array_intersects(ARRAY array0, OBJECT array1)
2025-08-01 19:23:53.891 [main] DEBUG org.hibernate.HQL_FUNCTIONS - Boolean array_intersects_nullable(ARRAY array0, OBJECT array1)
2025-08-01 19:23:53.892 [main] DEBUG org.hibernate.HQL_FUNCTIONS - Integer array_length(ARRAY array)
2025-08-01 19:23:53.892 [main] DEBUG org.hibernate.HQL_FUNCTIONS - array_list( ... )
2025-08-01 19:23:53.893 [main] DEBUG org.hibernate.HQL_FUNCTIONS - Boolean array_overlaps(ARRAY array0, OBJECT array1)
2025-08-01 19:23:53.893 [main] DEBUG org.hibernate.HQL_FUNCTIONS - Boolean array_overlaps_nullable(ARRAY array0, OBJECT array1)
2025-08-01 19:23:53.893 [main] DEBUG org.hibernate.HQL_FUNCTIONS - Integer array_position(ARRAY array, OBJECT element[, INTEGER startPosition])
2025-08-01 19:23:53.894 [main] DEBUG org.hibernate.HQL_FUNCTIONS - int[] array_positions(ARRAY array, OBJECT element)
2025-08-01 19:23:53.894 [main] DEBUG org.hibernate.HQL_FUNCTIONS - List array_positions_list(ARRAY array, OBJECT element)
2025-08-01 19:23:53.894 [main] DEBUG org.hibernate.HQL_FUNCTIONS - array_prepend( ... )
2025-08-01 19:23:53.895 [main] DEBUG org.hibernate.HQL_FUNCTIONS - array_remove( ... )
2025-08-01 19:23:53.895 [main] DEBUG org.hibernate.HQL_FUNCTIONS - array_remove_index( ... )
2025-08-01 19:23:53.895 [main] DEBUG org.hibernate.HQL_FUNCTIONS - array_replace(ARRAY array, OBJECT old, OBJECT new)
2025-08-01 19:23:53.896 [main] DEBUG org.hibernate.HQL_FUNCTIONS - array_set( ... )
2025-08-01 19:23:53.896 [main] DEBUG org.hibernate.HQL_FUNCTIONS - array_slice(ARRAY array, INTEGER start, INTEGER end)
2025-08-01 19:23:53.896 [main] DEBUG org.hibernate.HQL_FUNCTIONS - String array_to_string( ... )
2025-08-01 19:23:53.897 [main] DEBUG org.hibernate.HQL_FUNCTIONS - array_trim( ... )
2025-08-01 19:23:53.897 [main] DEBUG org.hibernate.HQL_FUNCTIONS - Integer ascii(STRING arg)
2025-08-01 19:23:53.897 [main] DEBUG org.hibernate.HQL_FUNCTIONS - Double asin(NUMERIC arg)
2025-08-01 19:23:53.898 [main] DEBUG org.hibernate.HQL_FUNCTIONS - Double asinh(NUMERIC arg)
2025-08-01 19:23:53.898 [main] DEBUG org.hibernate.HQL_FUNCTIONS - Double atan(NUMERIC arg)
2025-08-01 19:23:53.898 [main] DEBUG org.hibernate.HQL_FUNCTIONS - Double atan2(NUMERIC arg0, NUMERIC arg1)
2025-08-01 19:23:53.899 [main] DEBUG org.hibernate.HQL_FUNCTIONS - Double atanh(NUMERIC arg)
2025-08-01 19:23:53.899 [main] DEBUG org.hibernate.HQL_FUNCTIONS - avg(arg)
2025-08-01 19:23:53.900 [main] DEBUG org.hibernate.HQL_FUNCTIONS - bit_and(arg)
2025-08-01 19:23:53.900 [main] DEBUG org.hibernate.HQL_FUNCTIONS - Integer bit_length(STRING_OR_CLOB arg)
2025-08-01 19:23:53.900 [main] DEBUG org.hibernate.HQL_FUNCTIONS - bit_or(arg)
2025-08-01 19:23:53.901 [main] DEBUG org.hibernate.HQL_FUNCTIONS - bitand(arg0, arg1)
2025-08-01 19:23:53.901 [main] DEBUG org.hibernate.HQL_FUNCTIONS - bitnot(arg)
2025-08-01 19:23:53.902 [main] DEBUG org.hibernate.HQL_FUNCTIONS - bitor(arg0, arg1)
2025-08-01 19:23:53.902 [main] DEBUG org.hibernate.HQL_FUNCTIONS - bitxor(arg0, arg1)
2025-08-01 19:23:53.902 [main] DEBUG org.hibernate.HQL_FUNCTIONS - Boolean bool_and(BOOLEAN predicate)
2025-08-01 19:23:53.903 [main] DEBUG org.hibernate.HQL_FUNCTIONS - Boolean bool_or(BOOLEAN predicate)
2025-08-01 19:23:53.903 [main] DEBUG org.hibernate.HQL_FUNCTIONS - cast(arg as Type)
2025-08-01 19:23:53.904 [main] DEBUG org.hibernate.HQL_FUNCTIONS - Double cbrt(NUMERIC arg)
2025-08-01 19:23:53.904 [main] DEBUG org.hibernate.HQL_FUNCTIONS - ceiling(NUMERIC arg)
2025-08-01 19:23:53.904 [main] DEBUG org.hibernate.HQL_FUNCTIONS - Character char(INTEGER arg)
2025-08-01 19:23:53.905 [main] DEBUG org.hibernate.HQL_FUNCTIONS - Integer character_length(STRING_OR_CLOB arg)
2025-08-01 19:23:53.905 [main] DEBUG org.hibernate.HQL_FUNCTIONS - Character chr(INTEGER arg)
2025-08-01 19:23:53.906 [main] DEBUG org.hibernate.HQL_FUNCTIONS - coalesce(arg0[, arg1[, ...]])
2025-08-01 19:23:53.906 [main] DEBUG org.hibernate.HQL_FUNCTIONS - String collate(STRING string as COLLATION collation)
2025-08-01 19:23:53.906 [main] DEBUG org.hibernate.HQL_FUNCTIONS - (STRING string0[, STRING string1[, ...]])
2025-08-01 19:23:53.907 [main] DEBUG org.hibernate.HQL_FUNCTIONS - Double corr(NUMERIC arg0, NUMERIC arg1)
2025-08-01 19:23:53.908 [main] DEBUG org.hibernate.HQL_FUNCTIONS - Double cos(NUMERIC arg)
2025-08-01 19:23:53.908 [main] DEBUG org.hibernate.HQL_FUNCTIONS - Double cosh(NUMERIC arg)
2025-08-01 19:23:53.908 [main] DEBUG org.hibernate.HQL_FUNCTIONS - Double cot(NUMERIC arg)
2025-08-01 19:23:53.909 [main] DEBUG org.hibernate.HQL_FUNCTIONS - Long count([distinct ]{arg|*})
2025-08-01 19:23:53.909 [main] DEBUG org.hibernate.HQL_FUNCTIONS - Double covar_pop(NUMERIC arg0, NUMERIC arg1)
2025-08-01 19:23:53.910 [main] DEBUG org.hibernate.HQL_FUNCTIONS - Double covar_samp(NUMERIC arg0, NUMERIC arg1)
2025-08-01 19:23:53.910 [main] DEBUG org.hibernate.HQL_FUNCTIONS - Double cume_dist([arg0[, ...]])
2025-08-01 19:23:53.911 [main] DEBUG org.hibernate.HQL_FUNCTIONS - Date current date
2025-08-01 19:23:53.911 [main] DEBUG org.hibernate.HQL_FUNCTIONS - Time current time
2025-08-01 19:23:53.911 [main] DEBUG org.hibernate.HQL_FUNCTIONS - Timestamp current timestamp
2025-08-01 19:23:53.912 [main] DEBUG org.hibernate.HQL_FUNCTIONS - Date current_date
2025-08-01 19:23:53.912 [main] DEBUG org.hibernate.HQL_FUNCTIONS - Instant current_instant
2025-08-01 19:23:53.913 [main] DEBUG org.hibernate.HQL_FUNCTIONS - Time current_time
2025-08-01 19:23:53.913 [main] DEBUG org.hibernate.HQL_FUNCTIONS - Timestamp current_timestamp
2025-08-01 19:23:53.913 [main] DEBUG org.hibernate.HQL_FUNCTIONS - date_trunc(STRING field, TEMPORAL datetime)
2025-08-01 19:23:53.914 [main] DEBUG org.hibernate.HQL_FUNCTIONS - dateadd(TEMPORAL_UNIT field, INTEGER magnitude, TEMPORAL datetime)
2025-08-01 19:23:53.914 [main] DEBUG org.hibernate.HQL_FUNCTIONS - Long|Double datediff(TEMPORAL_UNIT field, TEMPORAL start, TEMPORAL end)
2025-08-01 19:23:53.914 [main] DEBUG org.hibernate.HQL_FUNCTIONS - Double degrees(NUMERIC arg)
2025-08-01 19:23:53.915 [main] DEBUG org.hibernate.HQL_FUNCTIONS - Long dense_rank([arg0[, ...]])
2025-08-01 19:23:53.915 [main] DEBUG org.hibernate.HQL_FUNCTIONS - Boolean every(BOOLEAN predicate)
2025-08-01 19:23:53.916 [main] DEBUG org.hibernate.HQL_FUNCTIONS - Double exp(NUMERIC arg)
2025-08-01 19:23:53.916 [main] DEBUG org.hibernate.HQL_FUNCTIONS - extract(TEMPORAL_UNIT field from TEMPORAL arg)
2025-08-01 19:23:53.916 [main] DEBUG org.hibernate.HQL_FUNCTIONS - first_valueANY value
2025-08-01 19:23:53.917 [main] DEBUG org.hibernate.HQL_FUNCTIONS - floor(NUMERIC arg)
2025-08-01 19:23:53.917 [main] DEBUG org.hibernate.HQL_FUNCTIONS - String format(TEMPORAL datetime as STRING pattern)
2025-08-01 19:23:53.918 [main] DEBUG org.hibernate.HQL_FUNCTIONS - greatest(COMPARABLE arg0, COMPARABLE arg1[, arg2[, ...]])
2025-08-01 19:23:53.918 [main] DEBUG org.hibernate.HQL_FUNCTIONS - ifnull(arg0, arg1)
2025-08-01 19:23:53.918 [main] DEBUG org.hibernate.HQL_FUNCTIONS - String initcap(arg)
2025-08-01 19:23:53.919 [main] DEBUG org.hibernate.HQL_FUNCTIONS - String insert(STRING string, INTEGER start, INTEGER length, STRING replacement)
2025-08-01 19:23:53.919 [main] DEBUG org.hibernate.HQL_FUNCTIONS - Instant instant
2025-08-01 19:23:53.919 [main] DEBUG org.hibernate.HQL_FUNCTIONS - lagANY value[, INTEGER offset[, ANY default]]
2025-08-01 19:23:53.920 [main] DEBUG org.hibernate.HQL_FUNCTIONS - last_valueANY value
2025-08-01 19:23:53.920 [main] DEBUG org.hibernate.HQL_FUNCTIONS - leadANY value[, INTEGER offset[, ANY default]]
2025-08-01 19:23:53.920 [main] DEBUG org.hibernate.HQL_FUNCTIONS - least(COMPARABLE arg0, COMPARABLE arg1[, arg2[, ...]])
2025-08-01 19:23:53.921 [main] DEBUG org.hibernate.HQL_FUNCTIONS - String left(STRING string, INTEGER length)
2025-08-01 19:23:53.921 [main] DEBUG org.hibernate.HQL_FUNCTIONS - length
2025-08-01 19:23:53.922 [main] DEBUG org.hibernate.HQL_FUNCTIONS - String listagg(STRING arg0, STRING arg1)
2025-08-01 19:23:53.922 [main] DEBUG org.hibernate.HQL_FUNCTIONS - Double ln(NUMERIC arg)
2025-08-01 19:23:53.922 [main] DEBUG org.hibernate.HQL_FUNCTIONS - LocalDate local date
2025-08-01 19:23:53.923 [main] DEBUG org.hibernate.HQL_FUNCTIONS - LocalDateTime local datetime
2025-08-01 19:23:53.923 [main] DEBUG org.hibernate.HQL_FUNCTIONS - LocalTime local time
2025-08-01 19:23:53.923 [main] DEBUG org.hibernate.HQL_FUNCTIONS - LocalDate local_date
2025-08-01 19:23:53.924 [main] DEBUG org.hibernate.HQL_FUNCTIONS - LocalDateTime local_datetime
2025-08-01 19:23:53.924 [main] DEBUG org.hibernate.HQL_FUNCTIONS - LocalTime local_time
2025-08-01 19:23:53.925 [main] DEBUG org.hibernate.HQL_FUNCTIONS - Time localtime
2025-08-01 19:23:53.925 [main] DEBUG org.hibernate.HQL_FUNCTIONS - Timestamp localtimestamp
2025-08-01 19:23:53.926 [main] DEBUG org.hibernate.HQL_FUNCTIONS - Integer locate(STRING pattern, STRING string[, INTEGER start])
2025-08-01 19:23:53.926 [main] DEBUG org.hibernate.HQL_FUNCTIONS - Double log(NUMERIC arg0[, NUMERIC arg1])
2025-08-01 19:23:53.927 [main] DEBUG org.hibernate.HQL_FUNCTIONS - Double log10(NUMERIC arg)
2025-08-01 19:23:53.927 [main] DEBUG org.hibernate.HQL_FUNCTIONS - String lower(STRING string)
2025-08-01 19:23:53.927 [main] DEBUG org.hibernate.HQL_FUNCTIONS - String lpad(STRING string, INTEGER length[, STRING padding])
2025-08-01 19:23:53.928 [main] DEBUG org.hibernate.HQL_FUNCTIONS - String ltrim(STRING string[, STRING characters])
2025-08-01 19:23:53.928 [main] DEBUG org.hibernate.HQL_FUNCTIONS - Date make_date(INTEGER arg0, INTEGER arg1, INTEGER arg2)
2025-08-01 19:23:53.929 [main] DEBUG org.hibernate.HQL_FUNCTIONS - Time make_time(INTEGER arg0, INTEGER arg1, INTEGER arg2)
2025-08-01 19:23:53.929 [main] DEBUG org.hibernate.HQL_FUNCTIONS - Timestamp make_timestamp(INTEGER arg0, INTEGER arg1, INTEGER arg2, INTEGER arg3, INTEGER arg4, INTEGER arg5)
2025-08-01 19:23:53.930 [main] DEBUG org.hibernate.HQL_FUNCTIONS - Timestamp make_timestamptz(INTEGER arg0, INTEGER arg1, INTEGER arg2, INTEGER arg3, INTEGER arg4, INTEGER arg5[, INTEGER arg6])
2025-08-01 19:23:53.930 [main] DEBUG org.hibernate.HQL_FUNCTIONS - max(COMPARABLE arg)
2025-08-01 19:23:53.930 [main] DEBUG org.hibernate.HQL_FUNCTIONS - String md5(arg)
2025-08-01 19:23:53.931 [main] DEBUG org.hibernate.HQL_FUNCTIONS - Double median(NUMERIC arg)
2025-08-01 19:23:53.931 [main] DEBUG org.hibernate.HQL_FUNCTIONS - min(COMPARABLE arg)
2025-08-01 19:23:53.931 [main] DEBUG org.hibernate.HQL_FUNCTIONS - Integer mod(INTEGER arg0, INTEGER arg1)
2025-08-01 19:23:53.932 [main] DEBUG org.hibernate.HQL_FUNCTIONS - mode()
2025-08-01 19:23:53.932 [main] DEBUG org.hibernate.HQL_FUNCTIONS - nth_valueANY value, INTEGER nth
2025-08-01 19:23:53.933 [main] DEBUG org.hibernate.HQL_FUNCTIONS - nullif(arg0, arg1)
2025-08-01 19:23:53.933 [main] DEBUG org.hibernate.HQL_FUNCTIONS - Integer octet_length(STRING_OR_CLOB arg)
2025-08-01 19:23:53.933 [main] DEBUG org.hibernate.HQL_FUNCTIONS - OffsetDateTime offset datetime
2025-08-01 19:23:53.934 [main] DEBUG org.hibernate.HQL_FUNCTIONS - OffsetDateTime offset_datetime
2025-08-01 19:23:53.934 [main] DEBUG org.hibernate.HQL_FUNCTIONS - String overlay(string placing replacement from start[ for length])
2025-08-01 19:23:53.935 [main] DEBUG org.hibernate.HQL_FUNCTIONS - String pad(STRING string with INTEGER length {leading|trailing}[ STRING character])
2025-08-01 19:23:53.935 [main] DEBUG org.hibernate.HQL_FUNCTIONS - Double percent_rank([arg0[, ...]])
2025-08-01 19:23:53.935 [main] DEBUG org.hibernate.HQL_FUNCTIONS - percentile_cont(NUMERIC arg)
2025-08-01 19:23:53.935 [main] DEBUG org.hibernate.HQL_FUNCTIONS - percentile_disc(NUMERIC arg)
2025-08-01 19:23:53.936 [main] DEBUG org.hibernate.HQL_FUNCTIONS - Double pi
2025-08-01 19:23:53.936 [main] DEBUG org.hibernate.HQL_FUNCTIONS - Integer position(STRING pattern in STRING string)
2025-08-01 19:23:53.937 [main] DEBUG org.hibernate.HQL_FUNCTIONS - Double power(NUMERIC arg0, NUMERIC arg1)
2025-08-01 19:23:53.937 [main] DEBUG org.hibernate.HQL_FUNCTIONS - Double radians(NUMERIC arg)
2025-08-01 19:23:53.937 [main] DEBUG org.hibernate.HQL_FUNCTIONS - Long rank([arg0[, ...]])
2025-08-01 19:23:53.938 [main] DEBUG org.hibernate.HQL_FUNCTIONS - Double regr_avgx(NUMERIC arg0, NUMERIC arg1)
2025-08-01 19:23:53.938 [main] DEBUG org.hibernate.HQL_FUNCTIONS - Double regr_avgy(NUMERIC arg0, NUMERIC arg1)
2025-08-01 19:23:53.938 [main] DEBUG org.hibernate.HQL_FUNCTIONS - Double regr_count(NUMERIC arg0, NUMERIC arg1)
2025-08-01 19:23:53.939 [main] DEBUG org.hibernate.HQL_FUNCTIONS - Double regr_intercept(NUMERIC arg0, NUMERIC arg1)
2025-08-01 19:23:53.939 [main] DEBUG org.hibernate.HQL_FUNCTIONS - Double regr_r2(NUMERIC arg0, NUMERIC arg1)
2025-08-01 19:23:53.940 [main] DEBUG org.hibernate.HQL_FUNCTIONS - Double regr_slope(NUMERIC arg0, NUMERIC arg1)
2025-08-01 19:23:53.940 [main] DEBUG org.hibernate.HQL_FUNCTIONS - Double regr_sxx(NUMERIC arg0, NUMERIC arg1)
2025-08-01 19:23:53.940 [main] DEBUG org.hibernate.HQL_FUNCTIONS - Double regr_sxy(NUMERIC arg0, NUMERIC arg1)
2025-08-01 19:23:53.941 [main] DEBUG org.hibernate.HQL_FUNCTIONS - Double regr_syy(NUMERIC arg0, NUMERIC arg1)
2025-08-01 19:23:53.942 [main] DEBUG org.hibernate.HQL_FUNCTIONS - String repeat(STRING string, INTEGER times)
2025-08-01 19:23:53.942 [main] DEBUG org.hibernate.HQL_FUNCTIONS - String replace(STRING string, STRING pattern, STRING replacement)
2025-08-01 19:23:53.943 [main] DEBUG org.hibernate.HQL_FUNCTIONS - String right(STRING string, INTEGER length)
2025-08-01 19:23:53.943 [main] DEBUG org.hibernate.HQL_FUNCTIONS - round(NUMERIC number[, INTEGER places])
2025-08-01 19:23:53.943 [main] DEBUG org.hibernate.HQL_FUNCTIONS - Long row_number()
2025-08-01 19:23:53.944 [main] DEBUG org.hibernate.HQL_FUNCTIONS - String rpad(STRING string, INTEGER length[, STRING padding])
2025-08-01 19:23:53.945 [main] DEBUG org.hibernate.HQL_FUNCTIONS - String rtrim(STRING string[, STRING characters])
2025-08-01 19:23:53.945 [main] DEBUG org.hibernate.HQL_FUNCTIONS - Integer sign(NUMERIC arg)
2025-08-01 19:23:53.946 [main] DEBUG org.hibernate.HQL_FUNCTIONS - Double sin(NUMERIC arg)
2025-08-01 19:23:53.946 [main] DEBUG org.hibernate.HQL_FUNCTIONS - Double sinh(NUMERIC arg)
2025-08-01 19:23:53.947 [main] DEBUG org.hibernate.HQL_FUNCTIONS - String soundex(arg)
2025-08-01 19:23:53.947 [main] DEBUG org.hibernate.HQL_FUNCTIONS - Object sql
2025-08-01 19:23:53.948 [main] DEBUG org.hibernate.HQL_FUNCTIONS - Double sqrt(NUMERIC arg)
2025-08-01 19:23:53.948 [main] DEBUG org.hibernate.HQL_FUNCTIONS - Double stddev(NUMERIC arg)
2025-08-01 19:23:53.949 [main] DEBUG org.hibernate.HQL_FUNCTIONS - Double stddev_pop(NUMERIC arg)
2025-08-01 19:23:53.949 [main] DEBUG org.hibernate.HQL_FUNCTIONS - Double stddev_samp(NUMERIC arg)
2025-08-01 19:23:53.950 [main] DEBUG org.hibernate.HQL_FUNCTIONS - String str(arg)
2025-08-01 19:23:53.950 [main] DEBUG org.hibernate.HQL_FUNCTIONS - String substr(STRING string, INTEGER start[, INTEGER length])
2025-08-01 19:23:53.950 [main] DEBUG org.hibernate.HQL_FUNCTIONS - String substring(STRING string{ from|,} INTEGER start[{ for|,} INTEGER length])
2025-08-01 19:23:53.951 [main] DEBUG org.hibernate.HQL_FUNCTIONS - sum(arg)
2025-08-01 19:23:53.951 [main] DEBUG org.hibernate.HQL_FUNCTIONS - Double tan(NUMERIC arg)
2025-08-01 19:23:53.951 [main] DEBUG org.hibernate.HQL_FUNCTIONS - Double tanh(NUMERIC arg)
2025-08-01 19:23:53.952 [main] DEBUG org.hibernate.HQL_FUNCTIONS - timestampadd(TEMPORAL_UNIT field, INTEGER magnitude, TEMPORAL datetime)
2025-08-01 19:23:53.952 [main] DEBUG org.hibernate.HQL_FUNCTIONS - Long|Double timestampdiff(TEMPORAL_UNIT field, TEMPORAL start, TEMPORAL end)
2025-08-01 19:23:53.952 [main] DEBUG org.hibernate.HQL_FUNCTIONS - String to_char(ANY arg0[, STRING arg1, STRING arg2])
2025-08-01 19:23:53.953 [main] DEBUG org.hibernate.HQL_FUNCTIONS - Date to_date(STRING arg0[, STRING arg1, STRING arg2])
2025-08-01 19:23:53.953 [main] DEBUG org.hibernate.HQL_FUNCTIONS - Double to_number(STRING arg0[, STRING arg1, STRING arg2])
2025-08-01 19:23:53.954 [main] DEBUG org.hibernate.HQL_FUNCTIONS - Timestamp to_timestamp(STRING arg0[, STRING arg1, STRING arg2])
2025-08-01 19:23:53.954 [main] DEBUG org.hibernate.HQL_FUNCTIONS - String translate(STRING arg0, STRING arg1, STRING arg2)
2025-08-01 19:23:53.955 [main] DEBUG org.hibernate.HQL_FUNCTIONS - String trim([[{leading|trailing|both} ][STRING arg0 ]from] STRING arg1)
2025-08-01 19:23:53.955 [main] DEBUG org.hibernate.HQL_FUNCTIONS - trunc( ... )
2025-08-01 19:23:53.955 [main] DEBUG org.hibernate.HQL_FUNCTIONS - truncate( ... )
2025-08-01 19:23:53.956 [main] DEBUG org.hibernate.HQL_FUNCTIONS - String upper(STRING string)
2025-08-01 19:23:53.956 [main] DEBUG org.hibernate.HQL_FUNCTIONS - Double var_pop(NUMERIC arg)
2025-08-01 19:23:53.957 [main] DEBUG org.hibernate.HQL_FUNCTIONS - Double var_samp(NUMERIC arg)
2025-08-01 19:23:53.957 [main] DEBUG org.hibernate.HQL_FUNCTIONS - Double variance(NUMERIC arg)
2025-08-01 19:23:53.958 [main] DEBUG org.hibernate.orm.query.plan.cache - Starting QueryInterpretationCache(2048)
2025-08-01 19:23:53.962 [main] DEBUG org.hibernate.service.internal.SessionFactoryServiceRegistryImpl - EventListenerRegistry access via ServiceRegistry is deprecated.  Use `sessionFactory.getEventEngine().getListenerRegistry()` instead
2025-08-01 19:23:53.962 [main] DEBUG org.hibernate.event.internal.EntityCopyObserverFactoryInitiator - Configured EntityCopyObserver strategy: disallow
2025-08-01 19:23:53.983 [main] DEBUG org.hibernate.boot.internal.ClassLoaderAccessImpl - Not known whether passed class name [com.example.trainup.model.Gym] is safe
2025-08-01 19:23:53.984 [main] DEBUG org.hibernate.boot.internal.ClassLoaderAccessImpl - No temp ClassLoader provided; using live ClassLoader for loading potentially unsafe class : com.example.trainup.model.Gym
2025-08-01 19:23:54.017 [main] DEBUG org.hibernate.bytecode.internal.bytebuddy.BytecodeProviderImpl - HHH000513: Unable to create the ReflectionOptimizer for [com.example.trainup.model.Gym]: private accessor [description]
2025-08-01 19:23:54.019 [main] DEBUG org.hibernate.ormbytecode.interceptor - To-one property `com.example.trainup.model.user.GymOwner#userCredentials` was mapped with LAZY + NO_PROXY but the class was not enhanced
2025-08-01 19:23:54.020 [main] DEBUG org.hibernate.ormbytecode.interceptor - To-one property `com.example.trainup.model.user.GymOwner#userCredentials` was mapped with LAZY + NO_PROXY but the class was not enhanced
2025-08-01 19:23:54.020 [main] DEBUG org.hibernate.boot.internal.ClassLoaderAccessImpl - Not known whether passed class name [com.example.trainup.model.user.GymOwner] is safe
2025-08-01 19:23:54.021 [main] DEBUG org.hibernate.boot.internal.ClassLoaderAccessImpl - No temp ClassLoader provided; using live ClassLoader for loading potentially unsafe class : com.example.trainup.model.user.GymOwner
2025-08-01 19:23:54.045 [main] DEBUG org.hibernate.bytecode.internal.bytebuddy.BytecodeProviderImpl - HHH000513: Unable to create the ReflectionOptimizer for [com.example.trainup.model.user.GymOwner]: private accessor [dateOfBirth]
2025-08-01 19:23:54.046 [main] DEBUG org.hibernate.ormbytecode.interceptor - To-one property `com.example.trainup.model.user.GymOwner#userCredentials` was mapped with LAZY + NO_PROXY but the class was not enhanced
2025-08-01 19:23:54.047 [main] DEBUG org.hibernate.boot.internal.ClassLoaderAccessImpl - Not known whether passed class name [com.example.trainup.model.user.UserCredentials] is safe
2025-08-01 19:23:54.047 [main] DEBUG org.hibernate.boot.internal.ClassLoaderAccessImpl - No temp ClassLoader provided; using live ClassLoader for loading potentially unsafe class : com.example.trainup.model.user.UserCredentials
2025-08-01 19:23:54.069 [main] DEBUG org.hibernate.bytecode.internal.bytebuddy.BytecodeProviderImpl - HHH000513: Unable to create the ReflectionOptimizer for [com.example.trainup.model.user.UserCredentials]: private accessor [email]
2025-08-01 19:23:54.070 [main] DEBUG org.hibernate.boot.internal.ClassLoaderAccessImpl - Not known whether passed class name [com.example.trainup.model.Sport] is safe
2025-08-01 19:23:54.071 [main] DEBUG org.hibernate.boot.internal.ClassLoaderAccessImpl - No temp ClassLoader provided; using live ClassLoader for loading potentially unsafe class : com.example.trainup.model.Sport
2025-08-01 19:23:54.088 [main] DEBUG org.hibernate.bytecode.internal.bytebuddy.BytecodeProviderImpl - HHH000513: Unable to create the ReflectionOptimizer for [com.example.trainup.model.Sport]: private accessor [athletes]
2025-08-01 19:23:54.090 [main] DEBUG org.hibernate.ormbytecode.interceptor - To-one property `com.example.trainup.model.Address#gym` was mapped with LAZY + NO_PROXY but the class was not enhanced
2025-08-01 19:23:54.090 [main] DEBUG org.hibernate.ormbytecode.interceptor - To-one property `com.example.trainup.model.Address#gym` was mapped with LAZY + NO_PROXY but the class was not enhanced
2025-08-01 19:23:54.091 [main] DEBUG org.hibernate.boot.internal.ClassLoaderAccessImpl - Not known whether passed class name [com.example.trainup.model.Address] is safe
2025-08-01 19:23:54.091 [main] DEBUG org.hibernate.boot.internal.ClassLoaderAccessImpl - No temp ClassLoader provided; using live ClassLoader for loading potentially unsafe class : com.example.trainup.model.Address
2025-08-01 19:23:54.108 [main] DEBUG org.hibernate.bytecode.internal.bytebuddy.BytecodeProviderImpl - HHH000513: Unable to create the ReflectionOptimizer for [com.example.trainup.model.Address]: private accessor [city]
2025-08-01 19:23:54.109 [main] DEBUG org.hibernate.ormbytecode.interceptor - To-one property `com.example.trainup.model.Address#gym` was mapped with LAZY + NO_PROXY but the class was not enhanced
2025-08-01 19:23:54.110 [main] DEBUG org.hibernate.ormbytecode.interceptor - To-one property `com.example.trainup.model.Event#gym` was mapped with LAZY + NO_PROXY but the class was not enhanced
2025-08-01 19:23:54.110 [main] DEBUG org.hibernate.ormbytecode.interceptor - To-one property `com.example.trainup.model.Event#gym` was mapped with LAZY + NO_PROXY but the class was not enhanced
2025-08-01 19:23:54.111 [main] DEBUG org.hibernate.ormbytecode.interceptor - To-one property `com.example.trainup.model.Event#trainer` was mapped with LAZY + NO_PROXY but the class was not enhanced
2025-08-01 19:23:54.111 [main] DEBUG org.hibernate.ormbytecode.interceptor - To-one property `com.example.trainup.model.Event#trainer` was mapped with LAZY + NO_PROXY but the class was not enhanced
2025-08-01 19:23:54.112 [main] DEBUG org.hibernate.boot.internal.ClassLoaderAccessImpl - Not known whether passed class name [com.example.trainup.model.Event] is safe
2025-08-01 19:23:54.112 [main] DEBUG org.hibernate.boot.internal.ClassLoaderAccessImpl - No temp ClassLoader provided; using live ClassLoader for loading potentially unsafe class : com.example.trainup.model.Event
2025-08-01 19:23:54.129 [main] DEBUG org.hibernate.bytecode.internal.bytebuddy.BytecodeProviderImpl - HHH000513: Unable to create the ReflectionOptimizer for [com.example.trainup.model.Event]: private accessor [dateTime]
2025-08-01 19:23:54.130 [main] DEBUG org.hibernate.ormbytecode.interceptor - To-one property `com.example.trainup.model.Event#gym` was mapped with LAZY + NO_PROXY but the class was not enhanced
2025-08-01 19:23:54.131 [main] DEBUG org.hibernate.ormbytecode.interceptor - To-one property `com.example.trainup.model.Event#trainer` was mapped with LAZY + NO_PROXY but the class was not enhanced
2025-08-01 19:23:54.132 [main] DEBUG org.hibernate.ormbytecode.interceptor - To-one property `com.example.trainup.model.user.Athlete#userCredentials` was mapped with LAZY + NO_PROXY but the class was not enhanced
2025-08-01 19:23:54.132 [main] DEBUG org.hibernate.ormbytecode.interceptor - To-one property `com.example.trainup.model.user.Athlete#userCredentials` was mapped with LAZY + NO_PROXY but the class was not enhanced
2025-08-01 19:23:54.133 [main] DEBUG org.hibernate.boot.internal.ClassLoaderAccessImpl - Not known whether passed class name [com.example.trainup.model.user.Athlete] is safe
2025-08-01 19:23:54.133 [main] DEBUG org.hibernate.boot.internal.ClassLoaderAccessImpl - No temp ClassLoader provided; using live ClassLoader for loading potentially unsafe class : com.example.trainup.model.user.Athlete
2025-08-01 19:23:54.154 [main] DEBUG org.hibernate.bytecode.internal.bytebuddy.BytecodeProviderImpl - HHH000513: Unable to create the ReflectionOptimizer for [com.example.trainup.model.user.Athlete]: private accessor [dateOfBirth]
2025-08-01 19:23:54.156 [main] DEBUG org.hibernate.ormbytecode.interceptor - To-one property `com.example.trainup.model.user.Athlete#userCredentials` was mapped with LAZY + NO_PROXY but the class was not enhanced
2025-08-01 19:23:54.157 [main] DEBUG org.hibernate.ormbytecode.interceptor - To-one property `com.example.trainup.model.Review#gym` was mapped with LAZY + NO_PROXY but the class was not enhanced
2025-08-01 19:23:54.158 [main] DEBUG org.hibernate.ormbytecode.interceptor - To-one property `com.example.trainup.model.Review#gym` was mapped with LAZY + NO_PROXY but the class was not enhanced
2025-08-01 19:23:54.158 [main] DEBUG org.hibernate.ormbytecode.interceptor - To-one property `com.example.trainup.model.Review#trainer` was mapped with LAZY + NO_PROXY but the class was not enhanced
2025-08-01 19:23:54.158 [main] DEBUG org.hibernate.ormbytecode.interceptor - To-one property `com.example.trainup.model.Review#trainer` was mapped with LAZY + NO_PROXY but the class was not enhanced
2025-08-01 19:23:54.159 [main] DEBUG org.hibernate.boot.internal.ClassLoaderAccessImpl - Not known whether passed class name [com.example.trainup.model.Review] is safe
2025-08-01 19:23:54.159 [main] DEBUG org.hibernate.boot.internal.ClassLoaderAccessImpl - No temp ClassLoader provided; using live ClassLoader for loading potentially unsafe class : com.example.trainup.model.Review
2025-08-01 19:23:54.171 [main] DEBUG org.hibernate.bytecode.internal.bytebuddy.BytecodeProviderImpl - HHH000513: Unable to create the ReflectionOptimizer for [com.example.trainup.model.Review]: private accessor [author]
2025-08-01 19:23:54.172 [main] DEBUG org.hibernate.ormbytecode.interceptor - To-one property `com.example.trainup.model.Review#gym` was mapped with LAZY + NO_PROXY but the class was not enhanced
2025-08-01 19:23:54.173 [main] DEBUG org.hibernate.ormbytecode.interceptor - To-one property `com.example.trainup.model.Review#trainer` was mapped with LAZY + NO_PROXY but the class was not enhanced
2025-08-01 19:23:54.174 [main] DEBUG org.hibernate.boot.internal.ClassLoaderAccessImpl - Not known whether passed class name [com.example.trainup.model.Role] is safe
2025-08-01 19:23:54.175 [main] DEBUG org.hibernate.boot.internal.ClassLoaderAccessImpl - No temp ClassLoader provided; using live ClassLoader for loading potentially unsafe class : com.example.trainup.model.Role
2025-08-01 19:23:54.187 [main] DEBUG org.hibernate.bytecode.internal.bytebuddy.BytecodeProviderImpl - HHH000513: Unable to create the ReflectionOptimizer for [com.example.trainup.model.Role]: private accessor [name]
2025-08-01 19:23:54.188 [main] DEBUG org.hibernate.ormbytecode.interceptor - To-one property `com.example.trainup.model.user.Admin#userCredentials` was mapped with LAZY + NO_PROXY but the class was not enhanced
2025-08-01 19:23:54.189 [main] DEBUG org.hibernate.ormbytecode.interceptor - To-one property `com.example.trainup.model.user.Admin#userCredentials` was mapped with LAZY + NO_PROXY but the class was not enhanced
2025-08-01 19:23:54.189 [main] DEBUG org.hibernate.boot.internal.ClassLoaderAccessImpl - Not known whether passed class name [com.example.trainup.model.user.Admin] is safe
2025-08-01 19:23:54.190 [main] DEBUG org.hibernate.boot.internal.ClassLoaderAccessImpl - No temp ClassLoader provided; using live ClassLoader for loading potentially unsafe class : com.example.trainup.model.user.Admin
2025-08-01 19:23:54.203 [main] DEBUG org.hibernate.bytecode.internal.bytebuddy.BytecodeProviderImpl - HHH000513: Unable to create the ReflectionOptimizer for [com.example.trainup.model.user.Admin]: private accessor [dateOfBirth]
2025-08-01 19:23:54.204 [main] DEBUG org.hibernate.ormbytecode.interceptor - To-one property `com.example.trainup.model.user.Admin#userCredentials` was mapped with LAZY + NO_PROXY but the class was not enhanced
2025-08-01 19:23:54.205 [main] DEBUG org.hibernate.ormbytecode.interceptor - To-one property `com.example.trainup.model.user.Trainer#userCredentials` was mapped with LAZY + NO_PROXY but the class was not enhanced
2025-08-01 19:23:54.205 [main] DEBUG org.hibernate.ormbytecode.interceptor - To-one property `com.example.trainup.model.user.Trainer#userCredentials` was mapped with LAZY + NO_PROXY but the class was not enhanced
2025-08-01 19:23:54.206 [main] DEBUG org.hibernate.boot.internal.ClassLoaderAccessImpl - Not known whether passed class name [com.example.trainup.model.user.Trainer] is safe
2025-08-01 19:23:54.206 [main] DEBUG org.hibernate.boot.internal.ClassLoaderAccessImpl - No temp ClassLoader provided; using live ClassLoader for loading potentially unsafe class : com.example.trainup.model.user.Trainer
2025-08-01 19:23:54.237 [main] DEBUG org.hibernate.bytecode.internal.bytebuddy.BytecodeProviderImpl - HHH000513: Unable to create the ReflectionOptimizer for [com.example.trainup.model.user.Trainer]: private accessor [certificates]
2025-08-01 19:23:54.238 [main] DEBUG org.hibernate.ormbytecode.interceptor - To-one property `com.example.trainup.model.user.Trainer#userCredentials` was mapped with LAZY + NO_PROXY but the class was not enhanced
2025-08-01 19:23:54.240 [main] DEBUG org.hibernate.boot.internal.ClassLoaderAccessImpl - Not known whether passed class name [com.example.trainup.model.GymPhoto] is safe
2025-08-01 19:23:54.240 [main] DEBUG org.hibernate.boot.internal.ClassLoaderAccessImpl - No temp ClassLoader provided; using live ClassLoader for loading potentially unsafe class : com.example.trainup.model.GymPhoto
2025-08-01 19:23:54.253 [main] DEBUG org.hibernate.bytecode.internal.bytebuddy.BytecodeProviderImpl - HHH000513: Unable to create the ReflectionOptimizer for [com.example.trainup.model.GymPhoto]: private accessor [gym]
2025-08-01 19:23:54.255 [main] DEBUG org.hibernate.orm.jdbc.mutation - Skipping collection (re)creation - com.example.trainup.model.user.Trainer.reviews
2025-08-01 19:23:54.256 [main] DEBUG org.hibernate.orm.jdbc.mutation - Skipping collection row deletions - com.example.trainup.model.user.Trainer.reviews
2025-08-01 19:23:54.256 [main] DEBUG org.hibernate.orm.jdbc.mutation - Skipping collection removals - com.example.trainup.model.user.Trainer.reviews
2025-08-01 19:23:54.257 [main] DEBUG org.hibernate.orm.jdbc.mutation - Skipping collection inserts - com.example.trainup.model.Sport.trainers
2025-08-01 19:23:54.257 [main] DEBUG org.hibernate.orm.jdbc.mutation - Skipping collection row updates - com.example.trainup.model.Sport.trainers
2025-08-01 19:23:54.258 [main] DEBUG org.hibernate.orm.jdbc.mutation - Skipping collection row deletions - com.example.trainup.model.Sport.trainers
2025-08-01 19:23:54.258 [main] DEBUG org.hibernate.orm.jdbc.mutation - Skipping collection removals - com.example.trainup.model.Sport.trainers
2025-08-01 19:23:54.259 [main] DEBUG org.hibernate.orm.jdbc.mutation - Skipping collection (re)creation - com.example.trainup.model.Gym.photos
2025-08-01 19:23:54.259 [main] DEBUG org.hibernate.orm.jdbc.mutation - Skipping collection row deletions - com.example.trainup.model.Gym.photos
2025-08-01 19:23:54.259 [main] DEBUG org.hibernate.orm.jdbc.mutation - Skipping collection removals - com.example.trainup.model.Gym.photos
2025-08-01 19:23:54.260 [main] DEBUG org.hibernate.orm.jdbc.mutation - Skipping collection (re)creation - com.example.trainup.model.Gym.reviews
2025-08-01 19:23:54.261 [main] DEBUG org.hibernate.orm.jdbc.mutation - Skipping collection row deletions - com.example.trainup.model.Gym.reviews
2025-08-01 19:23:54.261 [main] DEBUG org.hibernate.orm.jdbc.mutation - Skipping collection removals - com.example.trainup.model.Gym.reviews
2025-08-01 19:23:54.262 [main] DEBUG org.hibernate.orm.jdbc.mutation - Skipping collection row updates - com.example.trainup.model.Gym.phoneNumbers
2025-08-01 19:23:54.262 [main] DEBUG org.hibernate.orm.jdbc.mutation - Skipping collection (re)creation - com.example.trainup.model.user.GymOwner.ownedGyms
2025-08-01 19:23:54.263 [main] DEBUG org.hibernate.orm.jdbc.mutation - Skipping collection row deletions - com.example.trainup.model.user.GymOwner.ownedGyms
2025-08-01 19:23:54.263 [main] DEBUG org.hibernate.orm.jdbc.mutation - Skipping collection removals - com.example.trainup.model.user.GymOwner.ownedGyms
2025-08-01 19:23:54.264 [main] DEBUG org.hibernate.orm.jdbc.mutation - Skipping collection row updates - com.example.trainup.model.user.UserCredentials.roles
2025-08-01 19:23:54.264 [main] DEBUG org.hibernate.orm.jdbc.mutation - Skipping collection row updates - com.example.trainup.model.Sport.athletes
2025-08-01 19:23:54.265 [main] DEBUG org.hibernate.orm.jdbc.mutation - Skipping collection inserts - com.example.trainup.model.user.Athlete.sports
2025-08-01 19:23:54.266 [main] DEBUG org.hibernate.orm.jdbc.mutation - Skipping collection row updates - com.example.trainup.model.user.Athlete.sports
2025-08-01 19:23:54.266 [main] DEBUG org.hibernate.orm.jdbc.mutation - Skipping collection row deletions - com.example.trainup.model.user.Athlete.sports
2025-08-01 19:23:54.266 [main] DEBUG org.hibernate.orm.jdbc.mutation - Skipping collection removals - com.example.trainup.model.user.Athlete.sports
2025-08-01 19:23:54.267 [main] DEBUG org.hibernate.orm.jdbc.mutation - Skipping collection row updates - com.example.trainup.model.user.Trainer.phoneNumbers
2025-08-01 19:23:54.268 [main] DEBUG org.hibernate.orm.jdbc.mutation - Skipping collection row updates - com.example.trainup.model.user.Athlete.phoneNumbers
2025-08-01 19:23:54.268 [main] DEBUG org.hibernate.orm.jdbc.mutation - Skipping collection row updates - com.example.trainup.model.Gym.workingHours
2025-08-01 19:23:54.269 [main] DEBUG org.hibernate.orm.jdbc.mutation - Skipping collection row updates - com.example.trainup.model.Gym.sports
2025-08-01 19:23:54.270 [main] DEBUG org.hibernate.orm.jdbc.mutation - Skipping collection row updates - com.example.trainup.model.user.GymOwner.phoneNumbers
2025-08-01 19:23:54.270 [main] DEBUG org.hibernate.orm.jdbc.mutation - Skipping collection row updates - com.example.trainup.model.Gym.trainers
2025-08-01 19:23:54.271 [main] DEBUG org.hibernate.orm.jdbc.mutation - Skipping collection row updates - com.example.trainup.model.user.Trainer.certificates
2025-08-01 19:23:54.272 [main] DEBUG org.hibernate.orm.jdbc.mutation - Skipping collection inserts - com.example.trainup.model.user.Trainer.gyms
2025-08-01 19:23:54.272 [main] DEBUG org.hibernate.orm.jdbc.mutation - Skipping collection row updates - com.example.trainup.model.user.Trainer.gyms
2025-08-01 19:23:54.272 [main] DEBUG org.hibernate.orm.jdbc.mutation - Skipping collection row deletions - com.example.trainup.model.user.Trainer.gyms
2025-08-01 19:23:54.273 [main] DEBUG org.hibernate.orm.jdbc.mutation - Skipping collection removals - com.example.trainup.model.user.Trainer.gyms
2025-08-01 19:23:54.274 [main] DEBUG org.hibernate.orm.jdbc.mutation - Skipping collection inserts - com.example.trainup.model.Sport.gyms
2025-08-01 19:23:54.274 [main] DEBUG org.hibernate.orm.jdbc.mutation - Skipping collection row updates - com.example.trainup.model.Sport.gyms
2025-08-01 19:23:54.274 [main] DEBUG org.hibernate.orm.jdbc.mutation - Skipping collection row deletions - com.example.trainup.model.Sport.gyms
2025-08-01 19:23:54.275 [main] DEBUG org.hibernate.orm.jdbc.mutation - Skipping collection removals - com.example.trainup.model.Sport.gyms
2025-08-01 19:23:54.275 [main] DEBUG org.hibernate.orm.jdbc.mutation - Skipping collection row updates - com.example.trainup.model.user.Trainer.sports
2025-08-01 19:23:54.276 [main] DEBUG org.hibernate.orm.jdbc.mutation - Skipping collection (re)creation - com.example.trainup.model.Address.trainers
2025-08-01 19:23:54.276 [main] DEBUG org.hibernate.orm.jdbc.mutation - Skipping collection row deletions - com.example.trainup.model.Address.trainers
2025-08-01 19:23:54.277 [main] DEBUG org.hibernate.orm.jdbc.mutation - Skipping collection removals - com.example.trainup.model.Address.trainers
2025-08-01 19:23:54.288 [main] DEBUG org.hibernate.orm.model.mapping.creation - Starting post-init callbacks
2025-08-01 19:23:54.288 [main] DEBUG org.hibernate.orm.model.mapping.creation - Starting PostInitCallbackEntry : To-one key - NavigableRole[com.example.trainup.model.Gym.gymOwner]
2025-08-01 19:23:54.289 [main] DEBUG org.hibernate.orm.model.mapping.creation - Starting PostInitCallbackEntry : To-one key - NavigableRole[com.example.trainup.model.Gym.location]
2025-08-01 19:23:54.289 [main] DEBUG org.hibernate.orm.model.mapping.creation - Starting PostInitCallbackEntry : PluralAttributeMapping(com.example.trainup.model.Gym.phoneNumbers)#finishInitialization
2025-08-01 19:23:54.290 [main] DEBUG org.hibernate.orm.model.mapping.creation - Starting PostInitCallbackEntry : PluralAttributeMapping(com.example.trainup.model.Gym.phoneNumbers) - key descriptor
2025-08-01 19:23:54.290 [main] DEBUG org.hibernate.orm.model.mapping.creation - Starting PostInitCallbackEntry : PluralAttributeMapping( NavigableRole[com.example.trainup.model.Gym.photos#{element}]) - element descriptor
2025-08-01 19:23:54.291 [main] DEBUG org.hibernate.orm.model.mapping.creation - Starting PostInitCallbackEntry : PluralAttributeMapping(com.example.trainup.model.Gym.photos)#finishInitialization
2025-08-01 19:23:54.291 [main] DEBUG org.hibernate.orm.model.mapping.creation - Starting PostInitCallbackEntry : PluralAttributeMapping(com.example.trainup.model.Gym.photos) - key descriptor
2025-08-01 19:23:54.292 [main] DEBUG org.hibernate.orm.model.mapping.creation - Starting PostInitCallbackEntry : PluralAttributeMapping( NavigableRole[com.example.trainup.model.Gym.reviews#{element}]) - element descriptor
2025-08-01 19:23:54.292 [main] DEBUG org.hibernate.orm.model.mapping.creation - Starting PostInitCallbackEntry : PluralAttributeMapping(com.example.trainup.model.Gym.reviews)#finishInitialization
2025-08-01 19:23:54.293 [main] DEBUG org.hibernate.orm.model.mapping.creation - Starting PostInitCallbackEntry : PluralAttributeMapping(com.example.trainup.model.Gym.reviews) - key descriptor
2025-08-01 19:23:54.293 [main] DEBUG org.hibernate.orm.model.mapping.creation - Starting PostInitCallbackEntry : PluralAttributeMapping( NavigableRole[com.example.trainup.model.Gym.sports#{element}]) - element descriptor
2025-08-01 19:23:54.294 [main] DEBUG org.hibernate.orm.model.mapping.creation - Starting PostInitCallbackEntry : PluralAttributeMapping(com.example.trainup.model.Gym.sports)#finishInitialization
2025-08-01 19:23:54.294 [main] DEBUG org.hibernate.orm.model.mapping.creation - Starting PostInitCallbackEntry : PluralAttributeMapping(com.example.trainup.model.Gym.sports) - key descriptor
2025-08-01 19:23:54.294 [main] DEBUG org.hibernate.orm.model.mapping.creation - Starting PostInitCallbackEntry : PluralAttributeMapping( NavigableRole[com.example.trainup.model.Gym.trainers#{element}]) - element descriptor
2025-08-01 19:23:54.295 [main] DEBUG org.hibernate.orm.model.mapping.creation - Starting PostInitCallbackEntry : PluralAttributeMapping(com.example.trainup.model.Gym.trainers)#finishInitialization
2025-08-01 19:23:54.295 [main] DEBUG org.hibernate.orm.model.mapping.creation - Starting PostInitCallbackEntry : PluralAttributeMapping(com.example.trainup.model.Gym.trainers) - key descriptor
2025-08-01 19:23:54.296 [main] DEBUG org.hibernate.orm.model.mapping.creation - Starting PostInitCallbackEntry : EmbeddableMappingType(com.example.trainup.model.Gym.workingHours#{element})#finishInitialization
2025-08-01 19:23:54.296 [main] DEBUG org.hibernate.orm.model.mapping.creation - Starting PostInitCallbackEntry : PluralAttributeMapping(com.example.trainup.model.Gym.workingHours)#finishInitialization
2025-08-01 19:23:54.297 [main] DEBUG org.hibernate.orm.model.mapping.creation - Starting PostInitCallbackEntry : PluralAttributeMapping(com.example.trainup.model.Gym.workingHours) - key descriptor
2025-08-01 19:23:54.297 [main] DEBUG org.hibernate.orm.model.mapping.creation - Starting PostInitCallbackEntry : Entity(com.example.trainup.model.Gym) `staticFetchableList` generator
2025-08-01 19:23:54.298 [main] DEBUG org.hibernate.orm.model.mapping.creation - Starting PostInitCallbackEntry : PluralAttributeMapping( NavigableRole[com.example.trainup.model.user.GymOwner.ownedGyms#{element}]) - element descriptor
2025-08-01 19:23:54.298 [main] DEBUG org.hibernate.orm.model.mapping.creation - Starting PostInitCallbackEntry : PluralAttributeMapping(com.example.trainup.model.user.GymOwner.ownedGyms)#finishInitialization
2025-08-01 19:23:54.299 [main] DEBUG org.hibernate.orm.model.mapping.creation - Starting PostInitCallbackEntry : PluralAttributeMapping(com.example.trainup.model.user.GymOwner.ownedGyms) - key descriptor
2025-08-01 19:23:54.299 [main] DEBUG org.hibernate.orm.model.mapping.creation - Starting PostInitCallbackEntry : PluralAttributeMapping(com.example.trainup.model.user.GymOwner.phoneNumbers)#finishInitialization
2025-08-01 19:23:54.299 [main] DEBUG org.hibernate.orm.model.mapping.creation - Starting PostInitCallbackEntry : PluralAttributeMapping(com.example.trainup.model.user.GymOwner.phoneNumbers) - key descriptor
2025-08-01 19:23:54.300 [main] DEBUG org.hibernate.orm.model.mapping.creation - Starting PostInitCallbackEntry : To-one key - NavigableRole[com.example.trainup.model.user.GymOwner.userCredentials]
2025-08-01 19:23:54.300 [main] DEBUG org.hibernate.orm.model.mapping.creation - Starting PostInitCallbackEntry : Entity(com.example.trainup.model.user.GymOwner) `staticFetchableList` generator
2025-08-01 19:23:54.301 [main] DEBUG org.hibernate.orm.model.mapping.creation - Starting PostInitCallbackEntry : PluralAttributeMapping( NavigableRole[com.example.trainup.model.user.UserCredentials.roles#{element}]) - element descriptor
2025-08-01 19:23:54.301 [main] DEBUG org.hibernate.orm.model.mapping.creation - Starting PostInitCallbackEntry : PluralAttributeMapping(com.example.trainup.model.user.UserCredentials.roles)#finishInitialization
2025-08-01 19:23:54.302 [main] DEBUG org.hibernate.orm.model.mapping.creation - Starting PostInitCallbackEntry : PluralAttributeMapping(com.example.trainup.model.user.UserCredentials.roles) - key descriptor
2025-08-01 19:23:54.302 [main] DEBUG org.hibernate.orm.model.mapping.creation - Starting PostInitCallbackEntry : Entity(com.example.trainup.model.user.UserCredentials) `staticFetchableList` generator
2025-08-01 19:23:54.303 [main] DEBUG org.hibernate.orm.model.mapping.creation - Starting PostInitCallbackEntry : PluralAttributeMapping(com.example.trainup.model.user.Athlete.phoneNumbers)#finishInitialization
2025-08-01 19:23:54.303 [main] DEBUG org.hibernate.orm.model.mapping.creation - Starting PostInitCallbackEntry : PluralAttributeMapping(com.example.trainup.model.user.Athlete.phoneNumbers) - key descriptor
2025-08-01 19:23:54.304 [main] DEBUG org.hibernate.orm.model.mapping.creation - Starting PostInitCallbackEntry : PluralAttributeMapping( NavigableRole[com.example.trainup.model.user.Athlete.sports#{element}]) - element descriptor
2025-08-01 19:23:54.304 [main] DEBUG org.hibernate.orm.model.mapping.creation - Starting PostInitCallbackEntry : PluralAttributeMapping(com.example.trainup.model.user.Athlete.sports)#finishInitialization
2025-08-01 19:23:54.305 [main] DEBUG org.hibernate.orm.model.mapping.creation - Starting PostInitCallbackEntry : PluralAttributeMapping(com.example.trainup.model.user.Athlete.sports) - key descriptor
2025-08-01 19:23:54.305 [main] DEBUG org.hibernate.orm.model.mapping.creation - Starting PostInitCallbackEntry : To-one key - NavigableRole[com.example.trainup.model.user.Athlete.userCredentials]
2025-08-01 19:23:54.306 [main] DEBUG org.hibernate.orm.model.mapping.creation - Starting PostInitCallbackEntry : Entity(com.example.trainup.model.user.Athlete) `staticFetchableList` generator
2025-08-01 19:23:54.306 [main] DEBUG org.hibernate.orm.model.mapping.creation - Starting PostInitCallbackEntry : To-one key - NavigableRole[com.example.trainup.model.Review.author]
2025-08-01 19:23:54.307 [main] DEBUG org.hibernate.orm.model.mapping.creation - Starting PostInitCallbackEntry : To-one key - NavigableRole[com.example.trainup.model.Review.gym]
2025-08-01 19:23:54.308 [main] DEBUG org.hibernate.orm.model.mapping.creation - Starting PostInitCallbackEntry : To-one key - NavigableRole[com.example.trainup.model.Review.trainer]
2025-08-01 19:23:54.308 [main] DEBUG org.hibernate.orm.model.mapping.creation - Starting PostInitCallbackEntry : Entity(com.example.trainup.model.Review) `staticFetchableList` generator
2025-08-01 19:23:54.309 [main] DEBUG org.hibernate.orm.model.mapping.creation - Starting PostInitCallbackEntry : To-one key - NavigableRole[com.example.trainup.model.user.Admin.userCredentials]
2025-08-01 19:23:54.309 [main] DEBUG org.hibernate.orm.model.mapping.creation - Starting PostInitCallbackEntry : Entity(com.example.trainup.model.user.Admin) `staticFetchableList` generator
2025-08-01 19:23:54.309 [main] DEBUG org.hibernate.orm.model.mapping.creation - Starting PostInitCallbackEntry : PluralAttributeMapping(com.example.trainup.model.user.Trainer.certificates)#finishInitialization
2025-08-01 19:23:54.310 [main] DEBUG org.hibernate.orm.model.mapping.creation - Starting PostInitCallbackEntry : PluralAttributeMapping(com.example.trainup.model.user.Trainer.certificates) - key descriptor
2025-08-01 19:23:54.310 [main] DEBUG org.hibernate.orm.model.mapping.creation - Starting PostInitCallbackEntry : PluralAttributeMapping( NavigableRole[com.example.trainup.model.user.Trainer.gyms#{element}]) - element descriptor
2025-08-01 19:23:54.310 [main] DEBUG org.hibernate.orm.model.mapping.creation - Starting PostInitCallbackEntry : PluralAttributeMapping(com.example.trainup.model.user.Trainer.gyms)#finishInitialization
2025-08-01 19:23:54.311 [main] DEBUG org.hibernate.orm.model.mapping.creation - Starting PostInitCallbackEntry : PluralAttributeMapping(com.example.trainup.model.user.Trainer.gyms) - key descriptor
2025-08-01 19:23:54.311 [main] DEBUG org.hibernate.orm.model.mapping.creation - Starting PostInitCallbackEntry : To-one key - NavigableRole[com.example.trainup.model.user.Trainer.location]
2025-08-01 19:23:54.312 [main] DEBUG org.hibernate.orm.model.mapping.creation - Starting PostInitCallbackEntry : PluralAttributeMapping(com.example.trainup.model.user.Trainer.phoneNumbers)#finishInitialization
2025-08-01 19:23:54.312 [main] DEBUG org.hibernate.orm.model.mapping.creation - Starting PostInitCallbackEntry : PluralAttributeMapping(com.example.trainup.model.user.Trainer.phoneNumbers) - key descriptor
2025-08-01 19:23:54.313 [main] DEBUG org.hibernate.orm.model.mapping.creation - Starting PostInitCallbackEntry : PluralAttributeMapping( NavigableRole[com.example.trainup.model.user.Trainer.reviews#{element}]) - element descriptor
2025-08-01 19:23:54.313 [main] DEBUG org.hibernate.orm.model.mapping.creation - Starting PostInitCallbackEntry : PluralAttributeMapping(com.example.trainup.model.user.Trainer.reviews)#finishInitialization
2025-08-01 19:23:54.313 [main] DEBUG org.hibernate.orm.model.mapping.creation - Starting PostInitCallbackEntry : PluralAttributeMapping(com.example.trainup.model.user.Trainer.reviews) - key descriptor
2025-08-01 19:23:54.314 [main] DEBUG org.hibernate.orm.model.mapping.creation - Starting PostInitCallbackEntry : PluralAttributeMapping( NavigableRole[com.example.trainup.model.user.Trainer.sports#{element}]) - element descriptor
2025-08-01 19:23:54.314 [main] DEBUG org.hibernate.orm.model.mapping.creation - Starting PostInitCallbackEntry : PluralAttributeMapping(com.example.trainup.model.user.Trainer.sports)#finishInitialization
2025-08-01 19:23:54.315 [main] DEBUG org.hibernate.orm.model.mapping.creation - Starting PostInitCallbackEntry : PluralAttributeMapping(com.example.trainup.model.user.Trainer.sports) - key descriptor
2025-08-01 19:23:54.315 [main] DEBUG org.hibernate.orm.model.mapping.creation - Starting PostInitCallbackEntry : To-one key - NavigableRole[com.example.trainup.model.user.Trainer.userCredentials]
2025-08-01 19:23:54.316 [main] DEBUG org.hibernate.orm.model.mapping.creation - Starting PostInitCallbackEntry : Entity(com.example.trainup.model.user.Trainer) `staticFetchableList` generator
2025-08-01 19:23:54.316 [main] DEBUG org.hibernate.orm.model.mapping.creation - Starting PostInitCallbackEntry : To-one key - NavigableRole[com.example.trainup.model.GymPhoto.gym]
2025-08-01 19:23:54.317 [main] DEBUG org.hibernate.orm.model.mapping.creation - Starting PostInitCallbackEntry : Entity(com.example.trainup.model.GymPhoto) `staticFetchableList` generator
2025-08-01 19:23:54.317 [main] DEBUG org.hibernate.orm.model.mapping.creation - Starting PostInitCallbackEntry : PluralAttributeMapping( NavigableRole[com.example.trainup.model.Sport.athletes#{element}]) - element descriptor
2025-08-01 19:23:54.317 [main] DEBUG org.hibernate.orm.model.mapping.creation - Starting PostInitCallbackEntry : PluralAttributeMapping(com.example.trainup.model.Sport.athletes)#finishInitialization
2025-08-01 19:23:54.318 [main] DEBUG org.hibernate.orm.model.mapping.creation - Starting PostInitCallbackEntry : PluralAttributeMapping(com.example.trainup.model.Sport.athletes) - key descriptor
2025-08-01 19:23:54.318 [main] DEBUG org.hibernate.orm.model.mapping.creation - Starting PostInitCallbackEntry : PluralAttributeMapping( NavigableRole[com.example.trainup.model.Sport.gyms#{element}]) - element descriptor
2025-08-01 19:23:54.318 [main] DEBUG org.hibernate.orm.model.mapping.creation - Starting PostInitCallbackEntry : PluralAttributeMapping(com.example.trainup.model.Sport.gyms)#finishInitialization
2025-08-01 19:23:54.319 [main] DEBUG org.hibernate.orm.model.mapping.creation - Starting PostInitCallbackEntry : PluralAttributeMapping(com.example.trainup.model.Sport.gyms) - key descriptor
2025-08-01 19:23:54.319 [main] DEBUG org.hibernate.orm.model.mapping.creation - Starting PostInitCallbackEntry : PluralAttributeMapping( NavigableRole[com.example.trainup.model.Sport.trainers#{element}]) - element descriptor
2025-08-01 19:23:54.320 [main] DEBUG org.hibernate.orm.model.mapping.creation - Starting PostInitCallbackEntry : PluralAttributeMapping(com.example.trainup.model.Sport.trainers)#finishInitialization
2025-08-01 19:23:54.320 [main] DEBUG org.hibernate.orm.model.mapping.creation - Starting PostInitCallbackEntry : PluralAttributeMapping(com.example.trainup.model.Sport.trainers) - key descriptor
2025-08-01 19:23:54.321 [main] DEBUG org.hibernate.orm.model.mapping.creation - Starting PostInitCallbackEntry : Entity(com.example.trainup.model.Sport) `staticFetchableList` generator
2025-08-01 19:23:54.321 [main] DEBUG org.hibernate.orm.model.mapping.creation - Starting PostInitCallbackEntry : To-one key - NavigableRole[com.example.trainup.model.Event.gym]
2025-08-01 19:23:54.322 [main] DEBUG org.hibernate.orm.model.mapping.creation - Starting PostInitCallbackEntry : To-one key - NavigableRole[com.example.trainup.model.Event.sport]
2025-08-01 19:23:54.322 [main] DEBUG org.hibernate.orm.model.mapping.creation - Starting PostInitCallbackEntry : To-one key - NavigableRole[com.example.trainup.model.Event.trainer]
2025-08-01 19:23:54.323 [main] DEBUG org.hibernate.orm.model.mapping.creation - Starting PostInitCallbackEntry : Entity(com.example.trainup.model.Event) `staticFetchableList` generator
2025-08-01 19:23:54.323 [main] DEBUG org.hibernate.orm.model.mapping.creation - Starting PostInitCallbackEntry : To-one key - NavigableRole[com.example.trainup.model.Address.gym]
2025-08-01 19:23:54.324 [main] DEBUG org.hibernate.orm.model.mapping.creation - Starting PostInitCallbackEntry : PluralAttributeMapping( NavigableRole[com.example.trainup.model.Address.trainers#{element}]) - element descriptor
2025-08-01 19:23:54.324 [main] DEBUG org.hibernate.orm.model.mapping.creation - Starting PostInitCallbackEntry : PluralAttributeMapping(com.example.trainup.model.Address.trainers)#finishInitialization
2025-08-01 19:23:54.325 [main] DEBUG org.hibernate.orm.model.mapping.creation - Starting PostInitCallbackEntry : PluralAttributeMapping(com.example.trainup.model.Address.trainers) - key descriptor
2025-08-01 19:23:54.325 [main] DEBUG org.hibernate.orm.model.mapping.creation - Starting PostInitCallbackEntry : Entity(com.example.trainup.model.Address) `staticFetchableList` generator
2025-08-01 19:23:54.325 [main] DEBUG org.hibernate.orm.model.mapping.creation - Starting PostInitCallbackEntry : Entity(com.example.trainup.model.Role) `staticFetchableList` generator
2025-08-01 19:23:54.326 [main] DEBUG org.hibernate.orm.model.mapping.creation - Starting PostInitCallbackEntry : PluralAttributeMapping( NavigableRole[com.example.trainup.model.Gym.photos#{element}]) - element descriptor
2025-08-01 19:23:54.326 [main] DEBUG org.hibernate.orm.model.mapping.creation - Starting PostInitCallbackEntry : PluralAttributeMapping( NavigableRole[com.example.trainup.model.Gym.reviews#{element}]) - element descriptor
2025-08-01 19:23:54.328 [main] DEBUG org.hibernate.orm.model.mapping.creation - Starting PostInitCallbackEntry : PluralAttributeMapping( NavigableRole[com.example.trainup.model.user.GymOwner.ownedGyms#{element}]) - element descriptor
2025-08-01 19:23:54.329 [main] DEBUG org.hibernate.orm.model.mapping.creation - Starting PostInitCallbackEntry : PluralAttributeMapping( NavigableRole[com.example.trainup.model.user.Athlete.sports#{element}]) - element descriptor
2025-08-01 19:23:54.329 [main] DEBUG org.hibernate.orm.model.mapping.creation - Starting PostInitCallbackEntry : PluralAttributeMapping( NavigableRole[com.example.trainup.model.user.Trainer.reviews#{element}]) - element descriptor
2025-08-01 19:23:54.330 [main] DEBUG org.hibernate.orm.model.mapping.creation - Starting PostInitCallbackEntry : PluralAttributeMapping( NavigableRole[com.example.trainup.model.Address.trainers#{element}]) - element descriptor
2025-08-01 19:23:54.330 [main] DEBUG org.hibernate.orm.model.mapping.creation - Starting PostInitCallbackEntry : EmbeddableMappingType(com.example.trainup.model.Gym.workingHours#{element})#initColumnMappings
2025-08-01 19:23:54.342 [main] DEBUG org.hibernate.orm.sql.ast.create - Created new SQL alias : g1_0
2025-08-01 19:23:54.343 [main] DEBUG org.hibernate.orm.sql.ast.create - Registration of TableGroup [StandardTableGroup(com.example.trainup.model.Gym)] with identifierForTableGroup [com.example.trainup.model.Gym] for NavigablePath [com.example.trainup.model.Gym] 
2025-08-01 19:23:54.343 [main] DEBUG org.hibernate.orm.sql.ast.create - Registration of TableGroup [org.hibernate.sql.ast.tree.from.LazyTableGroup@3a8dded8] with identifierForTableGroup [com.example.trainup.model.Gym.gymOwner] for NavigablePath [com.example.trainup.model.Gym.gymOwner] 
2025-08-01 19:23:54.344 [main] DEBUG org.hibernate.orm.sql.ast.create - Registration of TableGroup [org.hibernate.sql.ast.tree.from.LazyTableGroup@696d7989] with identifierForTableGroup [com.example.trainup.model.Gym.location] for NavigablePath [com.example.trainup.model.Gym.location] 
2025-08-01 19:23:54.345 [main] DEBUG org.hibernate.orm.results.graph.AST - DomainResult Graph:
 \-EntityResultImpl [com.example.trainup.model.Gym]
 |  +-BasicFetch [com.example.trainup.model.Gym.description]
 |  +-EntityDelayedFetchImpl [com.example.trainup.model.Gym.gymOwner]
 |  +-BasicFetch [com.example.trainup.model.Gym.isDeleted]
 |  +-EntityDelayedFetchImpl [com.example.trainup.model.Gym.location]
 |  +-BasicFetch [com.example.trainup.model.Gym.name]
 |  +-BasicFetch [com.example.trainup.model.Gym.numberOfReviews]
 |  +-BasicFetch [com.example.trainup.model.Gym.overallRating]
 |  +-DelayedCollectionFetch [com.example.trainup.model.Gym.phoneNumbers]
 |  +-DelayedCollectionFetch [com.example.trainup.model.Gym.photos]
 |  +-DelayedCollectionFetch [com.example.trainup.model.Gym.reviews]
 |  +-DelayedCollectionFetch [com.example.trainup.model.Gym.sports]
 |  +-DelayedCollectionFetch [com.example.trainup.model.Gym.trainers]
 |  +-BasicFetch [com.example.trainup.model.Gym.website]
 |  \-DelayedCollectionFetch [com.example.trainup.model.Gym.workingHours]

2025-08-01 19:23:54.346 [main] DEBUG org.hibernate.orm.sql.ast.tree - SQL AST Tree:
    SelectStatement {
      FromClause {
        StandardTableGroup (g1 : com.example.trainup.model.Gym) {
          primaryTableReference : gyms as g1_0
          TableGroupJoins {
            left  join LazyTableGroup (go1 : com.example.trainup.model.Gym.gymOwner) {
            }
            left  join LazyTableGroup (l1 : com.example.trainup.model.Gym.location) {
            }
          }
        }
      }
    }

2025-08-01 19:23:54.347 [main] DEBUG org.hibernate.persister.entity.AbstractEntityPersister - Static SQL for entity: com.example.trainup.model.Gym
2025-08-01 19:23:54.348 [main] DEBUG org.hibernate.persister.entity.AbstractEntityPersister -  Version select: select id from gyms where id=?
2025-08-01 19:23:54.348 [main] DEBUG org.hibernate.persister.entity.AbstractEntityPersister -  Insert (0): insert into gyms (description,gym_owner_id,is_deleted,address_id,name,number_of_reviews,overall_rating,website) values (?,?,?,?,?,?,?,?)
2025-08-01 19:23:54.349 [main] DEBUG org.hibernate.persister.entity.AbstractEntityPersister -  Update (0): update gyms set description=?,gym_owner_id=?,is_deleted=?,address_id=?,name=?,number_of_reviews=?,overall_rating=?,website=? where id=?
2025-08-01 19:23:54.349 [main] DEBUG org.hibernate.persister.entity.AbstractEntityPersister -  Delete (0): UPDATE gyms SET is_deleted=true WHERE id=?
2025-08-01 19:23:54.350 [main] DEBUG org.hibernate.orm.sql.ast.create - Created new SQL alias : go1_0
2025-08-01 19:23:54.350 [main] DEBUG org.hibernate.orm.sql.ast.create - Registration of TableGroup [StandardTableGroup(com.example.trainup.model.user.GymOwner)] with identifierForTableGroup [com.example.trainup.model.user.GymOwner] for NavigablePath [com.example.trainup.model.user.GymOwner] 
2025-08-01 19:23:54.352 [main] DEBUG org.hibernate.orm.sql.ast.create - Registration of TableGroup [org.hibernate.sql.ast.tree.from.LazyTableGroup@4869c55d] with identifierForTableGroup [com.example.trainup.model.user.GymOwner.userCredentials] for NavigablePath [com.example.trainup.model.user.GymOwner.userCredentials] 
2025-08-01 19:23:54.352 [main] DEBUG org.hibernate.orm.sql.ast.create - Created new SQL alias : uc1_0
2025-08-01 19:23:54.354 [main] DEBUG org.hibernate.orm.sql.ast.create - Created new SQL alias : r1_0
2025-08-01 19:23:54.354 [main] DEBUG org.hibernate.orm.sql.ast.create - Registration of TableGroup [CollectionTableGroup(com.example.trainup.model.user.GymOwner.userCredentials.roles)] with identifierForTableGroup [com.example.trainup.model.user.GymOwner.userCredentials.roles] for NavigablePath [com.example.trainup.model.user.GymOwner.userCredentials.roles] 
2025-08-01 19:23:54.355 [main] DEBUG org.hibernate.orm.sql.ast.create - Registration of TableGroup [org.hibernate.sql.ast.tree.from.LazyTableGroup@65ef46cb] with identifierForTableGroup [com.example.trainup.model.user.GymOwner.userCredentials.roles.{element}] for NavigablePath [com.example.trainup.model.user.GymOwner.userCredentials.roles.{element}] 
2025-08-01 19:23:54.355 [main] DEBUG org.hibernate.orm.sql.ast.create - Created new SQL alias : r1_1
2025-08-01 19:23:54.357 [main] DEBUG org.hibernate.orm.results.graph.AST - DomainResult Graph:
 \-EntityResultImpl [com.example.trainup.model.user.GymOwner]
 |  +-BasicFetch [com.example.trainup.model.user.GymOwner.dateOfBirth]
 |  +-BasicFetch [com.example.trainup.model.user.GymOwner.firstName]
 |  +-BasicFetch [com.example.trainup.model.user.GymOwner.gender]
 |  +-BasicFetch [com.example.trainup.model.user.GymOwner.isDeleted]
 |  +-BasicFetch [com.example.trainup.model.user.GymOwner.lastName]
 |  +-DelayedCollectionFetch [com.example.trainup.model.user.GymOwner.ownedGyms]
 |  +-DelayedCollectionFetch [com.example.trainup.model.user.GymOwner.phoneNumbers]
 |  +-BasicFetch [com.example.trainup.model.user.GymOwner.profileImageUrl]
 |  \-EntityFetchJoinedImpl [com.example.trainup.model.user.GymOwner.userCredentials]
 |  |  +-BasicFetch [com.example.trainup.model.user.GymOwner.userCredentials.email]
 |  |  +-BasicFetch [com.example.trainup.model.user.GymOwner.userCredentials.isDeleted]
 |  |  +-BasicFetch [com.example.trainup.model.user.GymOwner.userCredentials.password]
 |  |  +-EagerCollectionFetch [com.example.trainup.model.user.GymOwner.userCredentials.roles]
 |  |  |  \-EntityFetchJoinedImpl [com.example.trainup.model.user.GymOwner.userCredentials.roles.{element}]
 |  |  |  |  \-BasicFetch [com.example.trainup.model.user.GymOwner.userCredentials.roles.{element}.name]
 |  |  \-BasicFetch [com.example.trainup.model.user.GymOwner.userCredentials.userType]

2025-08-01 19:23:54.357 [main] DEBUG org.hibernate.orm.sql.ast.tree - SQL AST Tree:
    SelectStatement {
      FromClause {
        StandardTableGroup (go1 : com.example.trainup.model.user.GymOwner) {
          primaryTableReference : gym_owners as go1_0
          TableGroupJoins {
             join LazyTableGroup (uc1 : com.example.trainup.model.user.GymOwner.userCredentials) {
              primaryTableReference : user_credentials as uc1_0
              TableGroupJoins {
                left  join CollectionTableGroup (r1 : com.example.trainup.model.user.GymOwner.userCredentials.roles) {
                  primaryTableReference : user_credentials_roles as r1_0
                  TableGroupJoins {
                    left  join LazyTableGroup (r1 : com.example.trainup.model.user.GymOwner.userCredentials.roles.{element}) {
                      primaryTableReference : roles as r1_1
                    }
                  }
                }
              }
            }
          }
        }
      }
    }

2025-08-01 19:23:54.358 [main] DEBUG org.hibernate.persister.entity.AbstractEntityPersister - Static SQL for entity: com.example.trainup.model.user.GymOwner
2025-08-01 19:23:54.359 [main] DEBUG org.hibernate.persister.entity.AbstractEntityPersister -  Version select: select id from gym_owners where id=?
2025-08-01 19:23:54.359 [main] DEBUG org.hibernate.persister.entity.AbstractEntityPersister -  Insert (0): insert into gym_owners (date_of_birth,first_name,gender,is_deleted,last_name,profile_image_url,user_credentials_id) values (?,?,?,?,?,?,?)
2025-08-01 19:23:54.360 [main] DEBUG org.hibernate.persister.entity.AbstractEntityPersister -  Update (0): update gym_owners set date_of_birth=?,first_name=?,gender=?,is_deleted=?,last_name=?,profile_image_url=?,user_credentials_id=? where id=?
2025-08-01 19:23:54.360 [main] DEBUG org.hibernate.persister.entity.AbstractEntityPersister -  Delete (0): UPDATE gym_owners SET is_deleted=true WHERE id=?
2025-08-01 19:23:54.361 [main] DEBUG org.hibernate.orm.sql.ast.create - Created new SQL alias : uc1_0
2025-08-01 19:23:54.361 [main] DEBUG org.hibernate.orm.sql.ast.create - Registration of TableGroup [StandardTableGroup(com.example.trainup.model.user.UserCredentials)] with identifierForTableGroup [com.example.trainup.model.user.UserCredentials] for NavigablePath [com.example.trainup.model.user.UserCredentials] 
2025-08-01 19:23:54.362 [main] DEBUG org.hibernate.orm.sql.ast.create - Created new SQL alias : r1_0
2025-08-01 19:23:54.362 [main] DEBUG org.hibernate.orm.sql.ast.create - Registration of TableGroup [CollectionTableGroup(com.example.trainup.model.user.UserCredentials.roles)] with identifierForTableGroup [com.example.trainup.model.user.UserCredentials.roles] for NavigablePath [com.example.trainup.model.user.UserCredentials.roles] 
2025-08-01 19:23:54.363 [main] DEBUG org.hibernate.orm.sql.ast.create - Registration of TableGroup [org.hibernate.sql.ast.tree.from.LazyTableGroup@6c9a4f34] with identifierForTableGroup [com.example.trainup.model.user.UserCredentials.roles.{element}] for NavigablePath [com.example.trainup.model.user.UserCredentials.roles.{element}] 
2025-08-01 19:23:54.363 [main] DEBUG org.hibernate.orm.sql.ast.create - Created new SQL alias : r1_1
2025-08-01 19:23:54.364 [main] DEBUG org.hibernate.orm.results.graph.AST - DomainResult Graph:
 \-EntityResultImpl [com.example.trainup.model.user.UserCredentials]
 |  +-BasicFetch [com.example.trainup.model.user.UserCredentials.email]
 |  +-BasicFetch [com.example.trainup.model.user.UserCredentials.isDeleted]
 |  +-BasicFetch [com.example.trainup.model.user.UserCredentials.password]
 |  +-EagerCollectionFetch [com.example.trainup.model.user.UserCredentials.roles]
 |  |  \-EntityFetchJoinedImpl [com.example.trainup.model.user.UserCredentials.roles.{element}]
 |  |  |  \-BasicFetch [com.example.trainup.model.user.UserCredentials.roles.{element}.name]
 |  \-BasicFetch [com.example.trainup.model.user.UserCredentials.userType]

2025-08-01 19:23:54.365 [main] DEBUG org.hibernate.orm.sql.ast.tree - SQL AST Tree:
    SelectStatement {
      FromClause {
        StandardTableGroup (uc1 : com.example.trainup.model.user.UserCredentials) {
          primaryTableReference : user_credentials as uc1_0
          TableGroupJoins {
            left  join CollectionTableGroup (r1 : com.example.trainup.model.user.UserCredentials.roles) {
              primaryTableReference : user_credentials_roles as r1_0
              TableGroupJoins {
                left  join LazyTableGroup (r1 : com.example.trainup.model.user.UserCredentials.roles.{element}) {
                  primaryTableReference : roles as r1_1
                }
              }
            }
          }
        }
      }
    }

2025-08-01 19:23:54.365 [main] DEBUG org.hibernate.persister.entity.AbstractEntityPersister - Static SQL for entity: com.example.trainup.model.user.UserCredentials
2025-08-01 19:23:54.366 [main] DEBUG org.hibernate.persister.entity.AbstractEntityPersister -  Version select: select id from user_credentials where id=?
2025-08-01 19:23:54.366 [main] DEBUG org.hibernate.persister.entity.AbstractEntityPersister -  Insert (0): insert into user_credentials (email,is_deleted,password,user_type) values (?,?,?,?)
2025-08-01 19:23:54.366 [main] DEBUG org.hibernate.persister.entity.AbstractEntityPersister -  Update (0): update user_credentials set email=?,is_deleted=?,password=?,user_type=? where id=?
2025-08-01 19:23:54.367 [main] DEBUG org.hibernate.persister.entity.AbstractEntityPersister -  Delete (0): UPDATE user_credentials SET is_deleted=true WHERE id=?
2025-08-01 19:23:54.367 [main] DEBUG org.hibernate.orm.sql.ast.create - Created new SQL alias : a1_0
2025-08-01 19:23:54.367 [main] DEBUG org.hibernate.orm.sql.ast.create - Registration of TableGroup [StandardTableGroup(com.example.trainup.model.user.Athlete)] with identifierForTableGroup [com.example.trainup.model.user.Athlete] for NavigablePath [com.example.trainup.model.user.Athlete] 
2025-08-01 19:23:54.368 [main] DEBUG org.hibernate.orm.sql.ast.create - Registration of TableGroup [org.hibernate.sql.ast.tree.from.LazyTableGroup@7de2a464] with identifierForTableGroup [com.example.trainup.model.user.Athlete.userCredentials] for NavigablePath [com.example.trainup.model.user.Athlete.userCredentials] 
2025-08-01 19:23:54.369 [main] DEBUG org.hibernate.orm.sql.ast.create - Created new SQL alias : uc1_0
2025-08-01 19:23:54.369 [main] DEBUG org.hibernate.orm.sql.ast.create - Created new SQL alias : r1_0
2025-08-01 19:23:54.370 [main] DEBUG org.hibernate.orm.sql.ast.create - Registration of TableGroup [CollectionTableGroup(com.example.trainup.model.user.Athlete.userCredentials.roles)] with identifierForTableGroup [com.example.trainup.model.user.Athlete.userCredentials.roles] for NavigablePath [com.example.trainup.model.user.Athlete.userCredentials.roles] 
2025-08-01 19:23:54.370 [main] DEBUG org.hibernate.orm.sql.ast.create - Registration of TableGroup [org.hibernate.sql.ast.tree.from.LazyTableGroup@6ece5003] with identifierForTableGroup [com.example.trainup.model.user.Athlete.userCredentials.roles.{element}] for NavigablePath [com.example.trainup.model.user.Athlete.userCredentials.roles.{element}] 
2025-08-01 19:23:54.370 [main] DEBUG org.hibernate.orm.sql.ast.create - Created new SQL alias : r1_1
2025-08-01 19:23:54.371 [main] DEBUG org.hibernate.orm.results.graph.AST - DomainResult Graph:
 \-EntityResultImpl [com.example.trainup.model.user.Athlete]
 |  +-BasicFetch [com.example.trainup.model.user.Athlete.dateOfBirth]
 |  +-BasicFetch [com.example.trainup.model.user.Athlete.emailPermission]
 |  +-BasicFetch [com.example.trainup.model.user.Athlete.firstName]
 |  +-BasicFetch [com.example.trainup.model.user.Athlete.gender]
 |  +-BasicFetch [com.example.trainup.model.user.Athlete.isDeleted]
 |  +-BasicFetch [com.example.trainup.model.user.Athlete.lastName]
 |  +-DelayedCollectionFetch [com.example.trainup.model.user.Athlete.phoneNumbers]
 |  +-BasicFetch [com.example.trainup.model.user.Athlete.phonePermission]
 |  +-BasicFetch [com.example.trainup.model.user.Athlete.profileImageUrl]
 |  +-DelayedCollectionFetch [com.example.trainup.model.user.Athlete.sports]
 |  \-EntityFetchJoinedImpl [com.example.trainup.model.user.Athlete.userCredentials]
 |  |  +-BasicFetch [com.example.trainup.model.user.Athlete.userCredentials.email]
 |  |  +-BasicFetch [com.example.trainup.model.user.Athlete.userCredentials.isDeleted]
 |  |  +-BasicFetch [com.example.trainup.model.user.Athlete.userCredentials.password]
 |  |  +-EagerCollectionFetch [com.example.trainup.model.user.Athlete.userCredentials.roles]
 |  |  |  \-EntityFetchJoinedImpl [com.example.trainup.model.user.Athlete.userCredentials.roles.{element}]
 |  |  |  |  \-BasicFetch [com.example.trainup.model.user.Athlete.userCredentials.roles.{element}.name]
 |  |  \-BasicFetch [com.example.trainup.model.user.Athlete.userCredentials.userType]

2025-08-01 19:23:54.372 [main] DEBUG org.hibernate.orm.sql.ast.tree - SQL AST Tree:
    SelectStatement {
      FromClause {
        StandardTableGroup (a1 : com.example.trainup.model.user.Athlete) {
          primaryTableReference : athletes as a1_0
          TableGroupJoins {
             join LazyTableGroup (uc1 : com.example.trainup.model.user.Athlete.userCredentials) {
              primaryTableReference : user_credentials as uc1_0
              TableGroupJoins {
                left  join CollectionTableGroup (r1 : com.example.trainup.model.user.Athlete.userCredentials.roles) {
                  primaryTableReference : user_credentials_roles as r1_0
                  TableGroupJoins {
                    left  join LazyTableGroup (r1 : com.example.trainup.model.user.Athlete.userCredentials.roles.{element}) {
                      primaryTableReference : roles as r1_1
                    }
                  }
                }
              }
            }
          }
        }
      }
    }

2025-08-01 19:23:54.373 [main] DEBUG org.hibernate.persister.entity.AbstractEntityPersister - Static SQL for entity: com.example.trainup.model.user.Athlete
2025-08-01 19:23:54.373 [main] DEBUG org.hibernate.persister.entity.AbstractEntityPersister -  Version select: select id from athletes where id=?
2025-08-01 19:23:54.373 [main] DEBUG org.hibernate.persister.entity.AbstractEntityPersister -  Insert (0): insert into athletes (date_of_birth,email_permission,first_name,gender,is_deleted,last_name,phone_permission,profile_image_url,user_credentials_id) values (?,?,?,?,?,?,?,?,?)
2025-08-01 19:23:54.374 [main] DEBUG org.hibernate.persister.entity.AbstractEntityPersister -  Update (0): update athletes set date_of_birth=?,email_permission=?,first_name=?,gender=?,is_deleted=?,last_name=?,phone_permission=?,profile_image_url=?,user_credentials_id=? where id=?
2025-08-01 19:23:54.374 [main] DEBUG org.hibernate.persister.entity.AbstractEntityPersister -  Delete (0): UPDATE athletes SET is_deleted=true WHERE id=?
2025-08-01 19:23:54.374 [main] DEBUG org.hibernate.orm.sql.ast.create - Created new SQL alias : r1_0
2025-08-01 19:23:54.375 [main] DEBUG org.hibernate.orm.sql.ast.create - Registration of TableGroup [StandardTableGroup(com.example.trainup.model.Review)] with identifierForTableGroup [com.example.trainup.model.Review] for NavigablePath [com.example.trainup.model.Review] 
2025-08-01 19:23:54.375 [main] DEBUG org.hibernate.orm.sql.ast.create - Registration of TableGroup [org.hibernate.sql.ast.tree.from.LazyTableGroup@47f3a974] with identifierForTableGroup [com.example.trainup.model.Review.author] for NavigablePath [com.example.trainup.model.Review.author] 
2025-08-01 19:23:54.375 [main] DEBUG org.hibernate.orm.sql.ast.create - Registration of TableGroup [org.hibernate.sql.ast.tree.from.LazyTableGroup@3308e7ca] with identifierForTableGroup [com.example.trainup.model.Review.gym] for NavigablePath [com.example.trainup.model.Review.gym] 
2025-08-01 19:23:54.376 [main] DEBUG org.hibernate.orm.sql.ast.create - Created new SQL alias : g1_0
2025-08-01 19:23:54.376 [main] DEBUG org.hibernate.orm.sql.ast.create - Registration of TableGroup [org.hibernate.sql.ast.tree.from.LazyTableGroup@795923f3] with identifierForTableGroup [com.example.trainup.model.Review.gym.gymOwner] for NavigablePath [com.example.trainup.model.Review.gym.gymOwner] 
2025-08-01 19:23:54.377 [main] DEBUG org.hibernate.orm.sql.ast.create - Registration of TableGroup [org.hibernate.sql.ast.tree.from.LazyTableGroup@5bba441c] with identifierForTableGroup [com.example.trainup.model.Review.gym.location] for NavigablePath [com.example.trainup.model.Review.gym.location] 
2025-08-01 19:23:54.378 [main] DEBUG org.hibernate.orm.sql.ast.create - Registration of TableGroup [org.hibernate.sql.ast.tree.from.LazyTableGroup@1f8e36a1] with identifierForTableGroup [com.example.trainup.model.Review.trainer] for NavigablePath [com.example.trainup.model.Review.trainer] 
2025-08-01 19:23:54.379 [main] DEBUG org.hibernate.orm.sql.ast.create - Created new SQL alias : t1_0
2025-08-01 19:23:54.379 [main] DEBUG org.hibernate.orm.sql.ast.create - Registration of TableGroup [org.hibernate.sql.ast.tree.from.LazyTableGroup@6027d650] with identifierForTableGroup [com.example.trainup.model.Review.trainer.location] for NavigablePath [com.example.trainup.model.Review.trainer.location] 
2025-08-01 19:23:54.380 [main] DEBUG org.hibernate.orm.sql.ast.create - Registration of TableGroup [org.hibernate.sql.ast.tree.from.LazyTableGroup@d58fa2] with identifierForTableGroup [com.example.trainup.model.Review.trainer.userCredentials] for NavigablePath [com.example.trainup.model.Review.trainer.userCredentials] 
2025-08-01 19:23:54.381 [main] DEBUG org.hibernate.orm.sql.ast.create - Created new SQL alias : uc1_0
2025-08-01 19:23:54.381 [main] DEBUG org.hibernate.orm.sql.ast.create - Created new SQL alias : r2_0
2025-08-01 19:23:54.382 [main] DEBUG org.hibernate.orm.sql.ast.create - Registration of TableGroup [CollectionTableGroup(com.example.trainup.model.Review.trainer.userCredentials.roles)] with identifierForTableGroup [com.example.trainup.model.Review.trainer.userCredentials.roles] for NavigablePath [com.example.trainup.model.Review.trainer.userCredentials.roles] 
2025-08-01 19:23:54.382 [main] DEBUG org.hibernate.orm.sql.ast.create - Registration of TableGroup [org.hibernate.sql.ast.tree.from.LazyTableGroup@6e008a27] with identifierForTableGroup [com.example.trainup.model.Review.trainer.userCredentials.roles.{element}] for NavigablePath [com.example.trainup.model.Review.trainer.userCredentials.roles.{element}] 
2025-08-01 19:23:54.383 [main] DEBUG org.hibernate.orm.sql.ast.create - Created new SQL alias : r2_1
2025-08-01 19:23:54.384 [main] DEBUG org.hibernate.orm.results.graph.AST - DomainResult Graph:
 \-EntityResultImpl [com.example.trainup.model.Review]
 |  +-EntityDelayedFetchImpl [com.example.trainup.model.Review.author]
 |  +-BasicFetch [com.example.trainup.model.Review.description]
 |  +-EntityFetchJoinedImpl [com.example.trainup.model.Review.gym]
 |  |  +-BasicFetch [com.example.trainup.model.Review.gym.description]
 |  |  +-EntityDelayedFetchImpl [com.example.trainup.model.Review.gym.gymOwner]
 |  |  +-BasicFetch [com.example.trainup.model.Review.gym.isDeleted]
 |  |  +-EntityDelayedFetchImpl [com.example.trainup.model.Review.gym.location]
 |  |  +-BasicFetch [com.example.trainup.model.Review.gym.name]
 |  |  +-BasicFetch [com.example.trainup.model.Review.gym.numberOfReviews]
 |  |  +-BasicFetch [com.example.trainup.model.Review.gym.overallRating]
 |  |  +-DelayedCollectionFetch [com.example.trainup.model.Review.gym.phoneNumbers]
 |  |  +-DelayedCollectionFetch [com.example.trainup.model.Review.gym.photos]
 |  |  +-DelayedCollectionFetch [com.example.trainup.model.Review.gym.reviews]
 |  |  +-DelayedCollectionFetch [com.example.trainup.model.Review.gym.sports]
 |  |  +-DelayedCollectionFetch [com.example.trainup.model.Review.gym.trainers]
 |  |  +-BasicFetch [com.example.trainup.model.Review.gym.website]
 |  |  \-DelayedCollectionFetch [com.example.trainup.model.Review.gym.workingHours]
 |  +-BasicFetch [com.example.trainup.model.Review.rating]
 |  \-EntityFetchJoinedImpl [com.example.trainup.model.Review.trainer]
 |  |  +-DelayedCollectionFetch [com.example.trainup.model.Review.trainer.certificates]
 |  |  +-BasicFetch [com.example.trainup.model.Review.trainer.dateOfBirth]
 |  |  +-BasicFetch [com.example.trainup.model.Review.trainer.description]
 |  |  +-BasicFetch [com.example.trainup.model.Review.trainer.firstName]
 |  |  +-BasicFetch [com.example.trainup.model.Review.trainer.gender]
 |  |  +-DelayedCollectionFetch [com.example.trainup.model.Review.trainer.gyms]
 |  |  +-BasicFetch [com.example.trainup.model.Review.trainer.isDeleted]
 |  |  +-BasicFetch [com.example.trainup.model.Review.trainer.lastName]
 |  |  +-EntityDelayedFetchImpl [com.example.trainup.model.Review.trainer.location]
 |  |  +-BasicFetch [com.example.trainup.model.Review.trainer.numberOfReviews]
 |  |  +-BasicFetch [com.example.trainup.model.Review.trainer.onlineTraining]
 |  |  +-BasicFetch [com.example.trainup.model.Review.trainer.overallRating]
 |  |  +-DelayedCollectionFetch [com.example.trainup.model.Review.trainer.phoneNumbers]
 |  |  +-BasicFetch [com.example.trainup.model.Review.trainer.profileImageUrl]
 |  |  +-DelayedCollectionFetch [com.example.trainup.model.Review.trainer.reviews]
 |  |  +-BasicFetch [com.example.trainup.model.Review.trainer.socialMediaLinks]
 |  |  +-DelayedCollectionFetch [com.example.trainup.model.Review.trainer.sports]
 |  |  \-EntityFetchJoinedImpl [com.example.trainup.model.Review.trainer.userCredentials]
 |  |  |  +-BasicFetch [com.example.trainup.model.Review.trainer.userCredentials.email]
 |  |  |  +-BasicFetch [com.example.trainup.model.Review.trainer.userCredentials.isDeleted]
 |  |  |  +-BasicFetch [com.example.trainup.model.Review.trainer.userCredentials.password]
 |  |  |  +-EagerCollectionFetch [com.example.trainup.model.Review.trainer.userCredentials.roles]
 |  |  |  |  \-EntityFetchJoinedImpl [com.example.trainup.model.Review.trainer.userCredentials.roles.{element}]
 |  |  |  |  |  \-BasicFetch [com.example.trainup.model.Review.trainer.userCredentials.roles.{element}.name]
 |  |  |  \-BasicFetch [com.example.trainup.model.Review.trainer.userCredentials.userType]

2025-08-01 19:23:54.385 [main] DEBUG org.hibernate.orm.sql.ast.tree - SQL AST Tree:
    SelectStatement {
      FromClause {
        StandardTableGroup (r1 : com.example.trainup.model.Review) {
          primaryTableReference : reviews as r1_0
          TableGroupJoins {
            left  join LazyTableGroup (a1 : com.example.trainup.model.Review.author) {
            }
            left  join LazyTableGroup (g1 : com.example.trainup.model.Review.gym) {
              primaryTableReference : gyms as g1_0
              TableGroupJoins {
                left  join LazyTableGroup (go1 : com.example.trainup.model.Review.gym.gymOwner) {
                }
                left  join LazyTableGroup (l1 : com.example.trainup.model.Review.gym.location) {
                }
              }
            }
            left  join LazyTableGroup (t1 : com.example.trainup.model.Review.trainer) {
              primaryTableReference : trainers as t1_0
              TableGroupJoins {
                left  join LazyTableGroup (l2 : com.example.trainup.model.Review.trainer.location) {
                }
                left  join LazyTableGroup (uc1 : com.example.trainup.model.Review.trainer.userCredentials) {
                  primaryTableReference : user_credentials as uc1_0
                  TableGroupJoins {
                    left  join CollectionTableGroup (r2 : com.example.trainup.model.Review.trainer.userCredentials.roles) {
                      primaryTableReference : user_credentials_roles as r2_0
                      TableGroupJoins {
                        left  join LazyTableGroup (r2 : com.example.trainup.model.Review.trainer.userCredentials.roles.{element}) {
                          primaryTableReference : roles as r2_1
                        }
                      }
                    }
                  }
                }
              }
            }
          }
        }
      }
    }

2025-08-01 19:23:54.386 [main] DEBUG org.hibernate.persister.entity.AbstractEntityPersister - Static SQL for entity: com.example.trainup.model.Review
2025-08-01 19:23:54.386 [main] DEBUG org.hibernate.persister.entity.AbstractEntityPersister -  Version select: select id from reviews where id=?
2025-08-01 19:23:54.386 [main] DEBUG org.hibernate.persister.entity.AbstractEntityPersister -  Insert (0): insert into reviews (athlete_id,description,gym_id,rating,trainer_id) values (?,?,?,?,?)
2025-08-01 19:23:54.387 [main] DEBUG org.hibernate.persister.entity.AbstractEntityPersister -  Update (0): update reviews set athlete_id=?,description=?,gym_id=?,rating=?,trainer_id=? where id=?
2025-08-01 19:23:54.387 [main] DEBUG org.hibernate.persister.entity.AbstractEntityPersister -  Delete (0): delete from reviews where id=?
2025-08-01 19:23:54.388 [main] DEBUG org.hibernate.orm.sql.ast.create - Created new SQL alias : a1_0
2025-08-01 19:23:54.388 [main] DEBUG org.hibernate.orm.sql.ast.create - Registration of TableGroup [StandardTableGroup(com.example.trainup.model.user.Admin)] with identifierForTableGroup [com.example.trainup.model.user.Admin] for NavigablePath [com.example.trainup.model.user.Admin] 
2025-08-01 19:23:54.389 [main] DEBUG org.hibernate.orm.sql.ast.create - Registration of TableGroup [org.hibernate.sql.ast.tree.from.LazyTableGroup@7e965590] with identifierForTableGroup [com.example.trainup.model.user.Admin.userCredentials] for NavigablePath [com.example.trainup.model.user.Admin.userCredentials] 
2025-08-01 19:23:54.389 [main] DEBUG org.hibernate.orm.sql.ast.create - Created new SQL alias : uc1_0
2025-08-01 19:23:54.390 [main] DEBUG org.hibernate.orm.sql.ast.create - Created new SQL alias : r1_0
2025-08-01 19:23:54.391 [main] DEBUG org.hibernate.orm.sql.ast.create - Registration of TableGroup [CollectionTableGroup(com.example.trainup.model.user.Admin.userCredentials.roles)] with identifierForTableGroup [com.example.trainup.model.user.Admin.userCredentials.roles] for NavigablePath [com.example.trainup.model.user.Admin.userCredentials.roles] 
2025-08-01 19:23:54.391 [main] DEBUG org.hibernate.orm.sql.ast.create - Registration of TableGroup [org.hibernate.sql.ast.tree.from.LazyTableGroup@52926d7f] with identifierForTableGroup [com.example.trainup.model.user.Admin.userCredentials.roles.{element}] for NavigablePath [com.example.trainup.model.user.Admin.userCredentials.roles.{element}] 
2025-08-01 19:23:54.392 [main] DEBUG org.hibernate.orm.sql.ast.create - Created new SQL alias : r1_1
2025-08-01 19:23:54.392 [main] DEBUG org.hibernate.orm.results.graph.AST - DomainResult Graph:
 \-EntityResultImpl [com.example.trainup.model.user.Admin]
 |  +-BasicFetch [com.example.trainup.model.user.Admin.dateOfBirth]
 |  +-BasicFetch [com.example.trainup.model.user.Admin.firstName]
 |  +-BasicFetch [com.example.trainup.model.user.Admin.gender]
 |  +-BasicFetch [com.example.trainup.model.user.Admin.isDeleted]
 |  +-BasicFetch [com.example.trainup.model.user.Admin.lastName]
 |  +-BasicFetch [com.example.trainup.model.user.Admin.profileImageUrl]
 |  \-EntityFetchJoinedImpl [com.example.trainup.model.user.Admin.userCredentials]
 |  |  +-BasicFetch [com.example.trainup.model.user.Admin.userCredentials.email]
 |  |  +-BasicFetch [com.example.trainup.model.user.Admin.userCredentials.isDeleted]
 |  |  +-BasicFetch [com.example.trainup.model.user.Admin.userCredentials.password]
 |  |  +-EagerCollectionFetch [com.example.trainup.model.user.Admin.userCredentials.roles]
 |  |  |  \-EntityFetchJoinedImpl [com.example.trainup.model.user.Admin.userCredentials.roles.{element}]
 |  |  |  |  \-BasicFetch [com.example.trainup.model.user.Admin.userCredentials.roles.{element}.name]
 |  |  \-BasicFetch [com.example.trainup.model.user.Admin.userCredentials.userType]

2025-08-01 19:23:54.393 [main] DEBUG org.hibernate.orm.sql.ast.tree - SQL AST Tree:
    SelectStatement {
      FromClause {
        StandardTableGroup (a1 : com.example.trainup.model.user.Admin) {
          primaryTableReference : admins as a1_0
          TableGroupJoins {
             join LazyTableGroup (uc1 : com.example.trainup.model.user.Admin.userCredentials) {
              primaryTableReference : user_credentials as uc1_0
              TableGroupJoins {
                left  join CollectionTableGroup (r1 : com.example.trainup.model.user.Admin.userCredentials.roles) {
                  primaryTableReference : user_credentials_roles as r1_0
                  TableGroupJoins {
                    left  join LazyTableGroup (r1 : com.example.trainup.model.user.Admin.userCredentials.roles.{element}) {
                      primaryTableReference : roles as r1_1
                    }
                  }
                }
              }
            }
          }
        }
      }
    }

2025-08-01 19:23:54.394 [main] DEBUG org.hibernate.persister.entity.AbstractEntityPersister - Static SQL for entity: com.example.trainup.model.user.Admin
2025-08-01 19:23:54.394 [main] DEBUG org.hibernate.persister.entity.AbstractEntityPersister -  Version select: select id from admins where id=?
2025-08-01 19:23:54.395 [main] DEBUG org.hibernate.persister.entity.AbstractEntityPersister -  Insert (0): insert into admins (date_of_birth,first_name,gender,is_deleted,last_name,profile_image_url,user_credentials_id) values (?,?,?,?,?,?,?)
2025-08-01 19:23:54.395 [main] DEBUG org.hibernate.persister.entity.AbstractEntityPersister -  Update (0): update admins set date_of_birth=?,first_name=?,gender=?,is_deleted=?,last_name=?,profile_image_url=?,user_credentials_id=? where id=?
2025-08-01 19:23:54.395 [main] DEBUG org.hibernate.persister.entity.AbstractEntityPersister -  Delete (0): UPDATE admins SET is_deleted=true WHERE id=?
2025-08-01 19:23:54.396 [main] DEBUG org.hibernate.orm.sql.ast.create - Created new SQL alias : t1_0
2025-08-01 19:23:54.396 [main] DEBUG org.hibernate.orm.sql.ast.create - Registration of TableGroup [StandardTableGroup(com.example.trainup.model.user.Trainer)] with identifierForTableGroup [com.example.trainup.model.user.Trainer] for NavigablePath [com.example.trainup.model.user.Trainer] 
2025-08-01 19:23:54.397 [main] DEBUG org.hibernate.orm.sql.ast.create - Registration of TableGroup [org.hibernate.sql.ast.tree.from.LazyTableGroup@52afa300] with identifierForTableGroup [com.example.trainup.model.user.Trainer.location] for NavigablePath [com.example.trainup.model.user.Trainer.location] 
2025-08-01 19:23:54.398 [main] DEBUG org.hibernate.orm.sql.ast.create - Registration of TableGroup [org.hibernate.sql.ast.tree.from.LazyTableGroup@5fe13931] with identifierForTableGroup [com.example.trainup.model.user.Trainer.userCredentials] for NavigablePath [com.example.trainup.model.user.Trainer.userCredentials] 
2025-08-01 19:23:54.398 [main] DEBUG org.hibernate.orm.sql.ast.create - Created new SQL alias : uc1_0
2025-08-01 19:23:54.399 [main] DEBUG org.hibernate.orm.sql.ast.create - Created new SQL alias : r1_0
2025-08-01 19:23:54.399 [main] DEBUG org.hibernate.orm.sql.ast.create - Registration of TableGroup [CollectionTableGroup(com.example.trainup.model.user.Trainer.userCredentials.roles)] with identifierForTableGroup [com.example.trainup.model.user.Trainer.userCredentials.roles] for NavigablePath [com.example.trainup.model.user.Trainer.userCredentials.roles] 
2025-08-01 19:23:54.400 [main] DEBUG org.hibernate.orm.sql.ast.create - Registration of TableGroup [org.hibernate.sql.ast.tree.from.LazyTableGroup@2b19ea21] with identifierForTableGroup [com.example.trainup.model.user.Trainer.userCredentials.roles.{element}] for NavigablePath [com.example.trainup.model.user.Trainer.userCredentials.roles.{element}] 
2025-08-01 19:23:54.400 [main] DEBUG org.hibernate.orm.sql.ast.create - Created new SQL alias : r1_1
2025-08-01 19:23:54.401 [main] DEBUG org.hibernate.orm.results.graph.AST - DomainResult Graph:
 \-EntityResultImpl [com.example.trainup.model.user.Trainer]
 |  +-DelayedCollectionFetch [com.example.trainup.model.user.Trainer.certificates]
 |  +-BasicFetch [com.example.trainup.model.user.Trainer.dateOfBirth]
 |  +-BasicFetch [com.example.trainup.model.user.Trainer.description]
 |  +-BasicFetch [com.example.trainup.model.user.Trainer.firstName]
 |  +-BasicFetch [com.example.trainup.model.user.Trainer.gender]
 |  +-DelayedCollectionFetch [com.example.trainup.model.user.Trainer.gyms]
 |  +-BasicFetch [com.example.trainup.model.user.Trainer.isDeleted]
 |  +-BasicFetch [com.example.trainup.model.user.Trainer.lastName]
 |  +-EntityDelayedFetchImpl [com.example.trainup.model.user.Trainer.location]
 |  +-BasicFetch [com.example.trainup.model.user.Trainer.numberOfReviews]
 |  +-BasicFetch [com.example.trainup.model.user.Trainer.onlineTraining]
 |  +-BasicFetch [com.example.trainup.model.user.Trainer.overallRating]
 |  +-DelayedCollectionFetch [com.example.trainup.model.user.Trainer.phoneNumbers]
 |  +-BasicFetch [com.example.trainup.model.user.Trainer.profileImageUrl]
 |  +-DelayedCollectionFetch [com.example.trainup.model.user.Trainer.reviews]
 |  +-BasicFetch [com.example.trainup.model.user.Trainer.socialMediaLinks]
 |  +-DelayedCollectionFetch [com.example.trainup.model.user.Trainer.sports]
 |  \-EntityFetchJoinedImpl [com.example.trainup.model.user.Trainer.userCredentials]
 |  |  +-BasicFetch [com.example.trainup.model.user.Trainer.userCredentials.email]
 |  |  +-BasicFetch [com.example.trainup.model.user.Trainer.userCredentials.isDeleted]
 |  |  +-BasicFetch [com.example.trainup.model.user.Trainer.userCredentials.password]
 |  |  +-EagerCollectionFetch [com.example.trainup.model.user.Trainer.userCredentials.roles]
 |  |  |  \-EntityFetchJoinedImpl [com.example.trainup.model.user.Trainer.userCredentials.roles.{element}]
 |  |  |  |  \-BasicFetch [com.example.trainup.model.user.Trainer.userCredentials.roles.{element}.name]
 |  |  \-BasicFetch [com.example.trainup.model.user.Trainer.userCredentials.userType]

2025-08-01 19:23:54.402 [main] DEBUG org.hibernate.orm.sql.ast.tree - SQL AST Tree:
    SelectStatement {
      FromClause {
        StandardTableGroup (t1 : com.example.trainup.model.user.Trainer) {
          primaryTableReference : trainers as t1_0
          TableGroupJoins {
            left  join LazyTableGroup (l1 : com.example.trainup.model.user.Trainer.location) {
            }
             join LazyTableGroup (uc1 : com.example.trainup.model.user.Trainer.userCredentials) {
              primaryTableReference : user_credentials as uc1_0
              TableGroupJoins {
                left  join CollectionTableGroup (r1 : com.example.trainup.model.user.Trainer.userCredentials.roles) {
                  primaryTableReference : user_credentials_roles as r1_0
                  TableGroupJoins {
                    left  join LazyTableGroup (r1 : com.example.trainup.model.user.Trainer.userCredentials.roles.{element}) {
                      primaryTableReference : roles as r1_1
                    }
                  }
                }
              }
            }
          }
        }
      }
    }

2025-08-01 19:23:54.402 [main] DEBUG org.hibernate.persister.entity.AbstractEntityPersister - Static SQL for entity: com.example.trainup.model.user.Trainer
2025-08-01 19:23:54.403 [main] DEBUG org.hibernate.persister.entity.AbstractEntityPersister -  Version select: select id from trainers where id=?
2025-08-01 19:23:54.403 [main] DEBUG org.hibernate.persister.entity.AbstractEntityPersister -  Insert (0): insert into trainers (date_of_birth,description,first_name,gender,is_deleted,last_name,address_id,number_of_reviews,online_training,overall_rating,profile_image_url,social_media_links,user_credentials_id) values (?,?,?,?,?,?,?,?,?,?,?,?,?)
2025-08-01 19:23:54.404 [main] DEBUG org.hibernate.persister.entity.AbstractEntityPersister -  Update (0): update trainers set date_of_birth=?,description=?,first_name=?,gender=?,is_deleted=?,last_name=?,address_id=?,number_of_reviews=?,online_training=?,overall_rating=?,profile_image_url=?,social_media_links=?,user_credentials_id=? where id=?
2025-08-01 19:23:54.404 [main] DEBUG org.hibernate.persister.entity.AbstractEntityPersister -  Delete (0): UPDATE trainers SET is_deleted=true WHERE id=?
2025-08-01 19:23:54.405 [main] DEBUG org.hibernate.orm.sql.ast.create - Created new SQL alias : gp1_0
2025-08-01 19:23:54.405 [main] DEBUG org.hibernate.orm.sql.ast.create - Registration of TableGroup [StandardTableGroup(com.example.trainup.model.GymPhoto)] with identifierForTableGroup [com.example.trainup.model.GymPhoto] for NavigablePath [com.example.trainup.model.GymPhoto] 
2025-08-01 19:23:54.406 [main] DEBUG org.hibernate.orm.sql.ast.create - Registration of TableGroup [org.hibernate.sql.ast.tree.from.LazyTableGroup@503cd4a7] with identifierForTableGroup [com.example.trainup.model.GymPhoto.gym] for NavigablePath [com.example.trainup.model.GymPhoto.gym] 
2025-08-01 19:23:54.407 [main] DEBUG org.hibernate.orm.results.graph.AST - DomainResult Graph:
 \-EntityResultImpl [com.example.trainup.model.GymPhoto]
 |  +-EntityDelayedFetchImpl [com.example.trainup.model.GymPhoto.gym]
 |  +-BasicFetch [com.example.trainup.model.GymPhoto.imageUrl]
 |  \-BasicFetch [com.example.trainup.model.GymPhoto.isDeleted]

2025-08-01 19:23:54.407 [main] DEBUG org.hibernate.orm.sql.ast.tree - SQL AST Tree:
    SelectStatement {
      FromClause {
        StandardTableGroup (gp1 : com.example.trainup.model.GymPhoto) {
          primaryTableReference : gym_photos as gp1_0
          TableGroupJoins {
            left  join LazyTableGroup (g1 : com.example.trainup.model.GymPhoto.gym) {
            }
          }
        }
      }
    }

2025-08-01 19:23:54.408 [main] DEBUG org.hibernate.persister.entity.AbstractEntityPersister - Static SQL for entity: com.example.trainup.model.GymPhoto
2025-08-01 19:23:54.408 [main] DEBUG org.hibernate.persister.entity.AbstractEntityPersister -  Version select: select id from gym_photos where id=?
2025-08-01 19:23:54.409 [main] DEBUG org.hibernate.persister.entity.AbstractEntityPersister -  Insert (0): insert into gym_photos (gym_id,image_url,is_deleted) values (?,?,?)
2025-08-01 19:23:54.409 [main] DEBUG org.hibernate.persister.entity.AbstractEntityPersister -  Update (0): update gym_photos set gym_id=?,image_url=?,is_deleted=? where id=?
2025-08-01 19:23:54.409 [main] DEBUG org.hibernate.persister.entity.AbstractEntityPersister -  Delete (0): UPDATE gym_photos SET is_deleted=true WHERE id=?
2025-08-01 19:23:54.410 [main] DEBUG org.hibernate.orm.sql.ast.create - Created new SQL alias : s1_0
2025-08-01 19:23:54.410 [main] DEBUG org.hibernate.orm.sql.ast.create - Registration of TableGroup [StandardTableGroup(com.example.trainup.model.Sport)] with identifierForTableGroup [com.example.trainup.model.Sport] for NavigablePath [com.example.trainup.model.Sport] 
2025-08-01 19:23:54.410 [main] DEBUG org.hibernate.orm.results.graph.AST - DomainResult Graph:
 \-EntityResultImpl [com.example.trainup.model.Sport]
 |  +-DelayedCollectionFetch [com.example.trainup.model.Sport.athletes]
 |  +-DelayedCollectionFetch [com.example.trainup.model.Sport.gyms]
 |  +-BasicFetch [com.example.trainup.model.Sport.isDeleted]
 |  +-BasicFetch [com.example.trainup.model.Sport.sportName]
 |  \-DelayedCollectionFetch [com.example.trainup.model.Sport.trainers]

2025-08-01 19:23:54.411 [main] DEBUG org.hibernate.orm.sql.ast.tree - SQL AST Tree:
    SelectStatement {
      FromClause {
        StandardTableGroup (s1 : com.example.trainup.model.Sport) {
          primaryTableReference : sports as s1_0
        }
      }
    }

2025-08-01 19:23:54.411 [main] DEBUG org.hibernate.persister.entity.AbstractEntityPersister - Static SQL for entity: com.example.trainup.model.Sport
2025-08-01 19:23:54.412 [main] DEBUG org.hibernate.persister.entity.AbstractEntityPersister -  Version select: select id from sports where id=?
2025-08-01 19:23:54.412 [main] DEBUG org.hibernate.persister.entity.AbstractEntityPersister -  Insert (0): insert into sports (is_deleted,sport_name) values (?,?)
2025-08-01 19:23:54.412 [main] DEBUG org.hibernate.persister.entity.AbstractEntityPersister -  Update (0): update sports set is_deleted=?,sport_name=? where id=?
2025-08-01 19:23:54.413 [main] DEBUG org.hibernate.persister.entity.AbstractEntityPersister -  Delete (0): UPDATE sports SET is_deleted=true WHERE id=?
2025-08-01 19:23:54.413 [main] DEBUG org.hibernate.orm.sql.ast.create - Created new SQL alias : e1_0
2025-08-01 19:23:54.413 [main] DEBUG org.hibernate.orm.sql.ast.create - Registration of TableGroup [StandardTableGroup(com.example.trainup.model.Event)] with identifierForTableGroup [com.example.trainup.model.Event] for NavigablePath [com.example.trainup.model.Event] 
2025-08-01 19:23:54.414 [main] DEBUG org.hibernate.orm.sql.ast.create - Registration of TableGroup [org.hibernate.sql.ast.tree.from.LazyTableGroup@5f94a418] with identifierForTableGroup [com.example.trainup.model.Event.gym] for NavigablePath [com.example.trainup.model.Event.gym] 
2025-08-01 19:23:54.414 [main] DEBUG org.hibernate.orm.sql.ast.create - Created new SQL alias : g1_0
2025-08-01 19:23:54.414 [main] DEBUG org.hibernate.orm.sql.ast.create - Registration of TableGroup [org.hibernate.sql.ast.tree.from.LazyTableGroup@4bfb838d] with identifierForTableGroup [com.example.trainup.model.Event.gym.gymOwner] for NavigablePath [com.example.trainup.model.Event.gym.gymOwner] 
2025-08-01 19:23:54.415 [main] DEBUG org.hibernate.orm.sql.ast.create - Registration of TableGroup [org.hibernate.sql.ast.tree.from.LazyTableGroup@69060729] with identifierForTableGroup [com.example.trainup.model.Event.gym.location] for NavigablePath [com.example.trainup.model.Event.gym.location] 
2025-08-01 19:23:54.416 [main] DEBUG org.hibernate.orm.sql.ast.create - Registration of TableGroup [org.hibernate.sql.ast.tree.from.LazyTableGroup@438d46a] with identifierForTableGroup [com.example.trainup.model.Event.sport] for NavigablePath [com.example.trainup.model.Event.sport] 
2025-08-01 19:23:54.416 [main] DEBUG org.hibernate.orm.sql.ast.create - Registration of TableGroup [org.hibernate.sql.ast.tree.from.LazyTableGroup@4e67c4df] with identifierForTableGroup [com.example.trainup.model.Event.trainer] for NavigablePath [com.example.trainup.model.Event.trainer] 
2025-08-01 19:23:54.417 [main] DEBUG org.hibernate.orm.sql.ast.create - Created new SQL alias : t1_0
2025-08-01 19:23:54.417 [main] DEBUG org.hibernate.orm.sql.ast.create - Registration of TableGroup [org.hibernate.sql.ast.tree.from.LazyTableGroup@1b293404] with identifierForTableGroup [com.example.trainup.model.Event.trainer.location] for NavigablePath [com.example.trainup.model.Event.trainer.location] 
2025-08-01 19:23:54.418 [main] DEBUG org.hibernate.orm.sql.ast.create - Registration of TableGroup [org.hibernate.sql.ast.tree.from.LazyTableGroup@43d97e16] with identifierForTableGroup [com.example.trainup.model.Event.trainer.userCredentials] for NavigablePath [com.example.trainup.model.Event.trainer.userCredentials] 
2025-08-01 19:23:54.418 [main] DEBUG org.hibernate.orm.sql.ast.create - Created new SQL alias : uc1_0
2025-08-01 19:23:54.419 [main] DEBUG org.hibernate.orm.sql.ast.create - Created new SQL alias : r1_0
2025-08-01 19:23:54.419 [main] DEBUG org.hibernate.orm.sql.ast.create - Registration of TableGroup [CollectionTableGroup(com.example.trainup.model.Event.trainer.userCredentials.roles)] with identifierForTableGroup [com.example.trainup.model.Event.trainer.userCredentials.roles] for NavigablePath [com.example.trainup.model.Event.trainer.userCredentials.roles] 
2025-08-01 19:23:54.420 [main] DEBUG org.hibernate.orm.sql.ast.create - Registration of TableGroup [org.hibernate.sql.ast.tree.from.LazyTableGroup@33e80b8e] with identifierForTableGroup [com.example.trainup.model.Event.trainer.userCredentials.roles.{element}] for NavigablePath [com.example.trainup.model.Event.trainer.userCredentials.roles.{element}] 
2025-08-01 19:23:54.420 [main] DEBUG org.hibernate.orm.sql.ast.create - Created new SQL alias : r1_1
2025-08-01 19:23:54.421 [main] DEBUG org.hibernate.orm.results.graph.AST - DomainResult Graph:
 \-EntityResultImpl [com.example.trainup.model.Event]
 |  +-BasicFetch [com.example.trainup.model.Event.dateTime]
 |  +-BasicFetch [com.example.trainup.model.Event.description]
 |  +-EntityFetchJoinedImpl [com.example.trainup.model.Event.gym]
 |  |  +-BasicFetch [com.example.trainup.model.Event.gym.description]
 |  |  +-EntityDelayedFetchImpl [com.example.trainup.model.Event.gym.gymOwner]
 |  |  +-BasicFetch [com.example.trainup.model.Event.gym.isDeleted]
 |  |  +-EntityDelayedFetchImpl [com.example.trainup.model.Event.gym.location]
 |  |  +-BasicFetch [com.example.trainup.model.Event.gym.name]
 |  |  +-BasicFetch [com.example.trainup.model.Event.gym.numberOfReviews]
 |  |  +-BasicFetch [com.example.trainup.model.Event.gym.overallRating]
 |  |  +-DelayedCollectionFetch [com.example.trainup.model.Event.gym.phoneNumbers]
 |  |  +-DelayedCollectionFetch [com.example.trainup.model.Event.gym.photos]
 |  |  +-DelayedCollectionFetch [com.example.trainup.model.Event.gym.reviews]
 |  |  +-DelayedCollectionFetch [com.example.trainup.model.Event.gym.sports]
 |  |  +-DelayedCollectionFetch [com.example.trainup.model.Event.gym.trainers]
 |  |  +-BasicFetch [com.example.trainup.model.Event.gym.website]
 |  |  \-DelayedCollectionFetch [com.example.trainup.model.Event.gym.workingHours]
 |  +-BasicFetch [com.example.trainup.model.Event.name]
 |  +-EntityDelayedFetchImpl [com.example.trainup.model.Event.sport]
 |  \-EntityFetchJoinedImpl [com.example.trainup.model.Event.trainer]
 |  |  +-DelayedCollectionFetch [com.example.trainup.model.Event.trainer.certificates]
 |  |  +-BasicFetch [com.example.trainup.model.Event.trainer.dateOfBirth]
 |  |  +-BasicFetch [com.example.trainup.model.Event.trainer.description]
 |  |  +-BasicFetch [com.example.trainup.model.Event.trainer.firstName]
 |  |  +-BasicFetch [com.example.trainup.model.Event.trainer.gender]
 |  |  +-DelayedCollectionFetch [com.example.trainup.model.Event.trainer.gyms]
 |  |  +-BasicFetch [com.example.trainup.model.Event.trainer.isDeleted]
 |  |  +-BasicFetch [com.example.trainup.model.Event.trainer.lastName]
 |  |  +-EntityDelayedFetchImpl [com.example.trainup.model.Event.trainer.location]
 |  |  +-BasicFetch [com.example.trainup.model.Event.trainer.numberOfReviews]
 |  |  +-BasicFetch [com.example.trainup.model.Event.trainer.onlineTraining]
 |  |  +-BasicFetch [com.example.trainup.model.Event.trainer.overallRating]
 |  |  +-DelayedCollectionFetch [com.example.trainup.model.Event.trainer.phoneNumbers]
 |  |  +-BasicFetch [com.example.trainup.model.Event.trainer.profileImageUrl]
 |  |  +-DelayedCollectionFetch [com.example.trainup.model.Event.trainer.reviews]
 |  |  +-BasicFetch [com.example.trainup.model.Event.trainer.socialMediaLinks]
 |  |  +-DelayedCollectionFetch [com.example.trainup.model.Event.trainer.sports]
 |  |  \-EntityFetchJoinedImpl [com.example.trainup.model.Event.trainer.userCredentials]
 |  |  |  +-BasicFetch [com.example.trainup.model.Event.trainer.userCredentials.email]
 |  |  |  +-BasicFetch [com.example.trainup.model.Event.trainer.userCredentials.isDeleted]
 |  |  |  +-BasicFetch [com.example.trainup.model.Event.trainer.userCredentials.password]
 |  |  |  +-EagerCollectionFetch [com.example.trainup.model.Event.trainer.userCredentials.roles]
 |  |  |  |  \-EntityFetchJoinedImpl [com.example.trainup.model.Event.trainer.userCredentials.roles.{element}]
 |  |  |  |  |  \-BasicFetch [com.example.trainup.model.Event.trainer.userCredentials.roles.{element}.name]
 |  |  |  \-BasicFetch [com.example.trainup.model.Event.trainer.userCredentials.userType]

2025-08-01 19:23:54.422 [main] DEBUG org.hibernate.orm.sql.ast.tree - SQL AST Tree:
    SelectStatement {
      FromClause {
        StandardTableGroup (e1 : com.example.trainup.model.Event) {
          primaryTableReference : events as e1_0
          TableGroupJoins {
            left  join LazyTableGroup (g1 : com.example.trainup.model.Event.gym) {
              primaryTableReference : gyms as g1_0
              TableGroupJoins {
                left  join LazyTableGroup (go1 : com.example.trainup.model.Event.gym.gymOwner) {
                }
                left  join LazyTableGroup (l1 : com.example.trainup.model.Event.gym.location) {
                }
              }
            }
            left  join LazyTableGroup (s1 : com.example.trainup.model.Event.sport) {
            }
            left  join LazyTableGroup (t1 : com.example.trainup.model.Event.trainer) {
              primaryTableReference : trainers as t1_0
              TableGroupJoins {
                left  join LazyTableGroup (l2 : com.example.trainup.model.Event.trainer.location) {
                }
                left  join LazyTableGroup (uc1 : com.example.trainup.model.Event.trainer.userCredentials) {
                  primaryTableReference : user_credentials as uc1_0
                  TableGroupJoins {
                    left  join CollectionTableGroup (r1 : com.example.trainup.model.Event.trainer.userCredentials.roles) {
                      primaryTableReference : user_credentials_roles as r1_0
                      TableGroupJoins {
                        left  join LazyTableGroup (r1 : com.example.trainup.model.Event.trainer.userCredentials.roles.{element}) {
                          primaryTableReference : roles as r1_1
                        }
                      }
                    }
                  }
                }
              }
            }
          }
        }
      }
    }

2025-08-01 19:23:54.423 [main] DEBUG org.hibernate.persister.entity.AbstractEntityPersister - Static SQL for entity: com.example.trainup.model.Event
2025-08-01 19:23:54.423 [main] DEBUG org.hibernate.persister.entity.AbstractEntityPersister -  Version select: select id from events where id=?
2025-08-01 19:23:54.423 [main] DEBUG org.hibernate.persister.entity.AbstractEntityPersister -  Insert (0): insert into events (date_time,description,gym_id,name,sport_id,trainer_id) values (?,?,?,?,?,?)
2025-08-01 19:23:54.424 [main] DEBUG org.hibernate.persister.entity.AbstractEntityPersister -  Update (0): update events set date_time=?,description=?,gym_id=?,name=?,sport_id=?,trainer_id=? where id=?
2025-08-01 19:23:54.424 [main] DEBUG org.hibernate.persister.entity.AbstractEntityPersister -  Delete (0): delete from events where id=?
2025-08-01 19:23:54.425 [main] DEBUG org.hibernate.orm.sql.ast.create - Created new SQL alias : a1_0
2025-08-01 19:23:54.425 [main] DEBUG org.hibernate.orm.sql.ast.create - Registration of TableGroup [StandardTableGroup(com.example.trainup.model.Address)] with identifierForTableGroup [com.example.trainup.model.Address] for NavigablePath [com.example.trainup.model.Address] 
2025-08-01 19:23:54.426 [main] DEBUG org.hibernate.orm.sql.ast.create - Registration of TableGroup [org.hibernate.sql.ast.tree.from.LazyTableGroup@39dff81a] with identifierForTableGroup [com.example.trainup.model.Address.gym] for NavigablePath [com.example.trainup.model.Address.gym] 
2025-08-01 19:23:54.427 [main] DEBUG org.hibernate.orm.sql.ast.create - Created new SQL alias : g1_0
2025-08-01 19:23:54.427 [main] DEBUG org.hibernate.orm.sql.ast.create - Registration of TableGroup [org.hibernate.sql.ast.tree.from.LazyTableGroup@317e08f9] with identifierForTableGroup [com.example.trainup.model.Address.gym.gymOwner] for NavigablePath [com.example.trainup.model.Address.gym.gymOwner] 
2025-08-01 19:23:54.428 [main] DEBUG org.hibernate.orm.sql.ast.create - Registration of TableGroup [org.hibernate.sql.ast.tree.from.LazyTableGroup@3ff0751f] with identifierForTableGroup [com.example.trainup.model.Address.gym.location] for NavigablePath [com.example.trainup.model.Address.gym.location] 
2025-08-01 19:23:54.429 [main] DEBUG org.hibernate.orm.results.graph.AST - DomainResult Graph:
 \-EntityResultImpl [com.example.trainup.model.Address]
 |  +-BasicFetch [com.example.trainup.model.Address.city]
 |  +-BasicFetch [com.example.trainup.model.Address.cityDistrict]
 |  +-BasicFetch [com.example.trainup.model.Address.country]
 |  +-EntityFetchJoinedImpl [com.example.trainup.model.Address.gym]
 |  |  +-BasicFetch [com.example.trainup.model.Address.gym.description]
 |  |  +-EntityDelayedFetchImpl [com.example.trainup.model.Address.gym.gymOwner]
 |  |  +-BasicFetch [com.example.trainup.model.Address.gym.isDeleted]
 |  |  +-CircularBiDirectionalFetchImpl [com.example.trainup.model.Address.gym.location]
 |  |  +-BasicFetch [com.example.trainup.model.Address.gym.name]
 |  |  +-BasicFetch [com.example.trainup.model.Address.gym.numberOfReviews]
 |  |  +-BasicFetch [com.example.trainup.model.Address.gym.overallRating]
 |  |  +-DelayedCollectionFetch [com.example.trainup.model.Address.gym.phoneNumbers]
 |  |  +-DelayedCollectionFetch [com.example.trainup.model.Address.gym.photos]
 |  |  +-DelayedCollectionFetch [com.example.trainup.model.Address.gym.reviews]
 |  |  +-DelayedCollectionFetch [com.example.trainup.model.Address.gym.sports]
 |  |  +-DelayedCollectionFetch [com.example.trainup.model.Address.gym.trainers]
 |  |  +-BasicFetch [com.example.trainup.model.Address.gym.website]
 |  |  \-DelayedCollectionFetch [com.example.trainup.model.Address.gym.workingHours]
 |  +-BasicFetch [com.example.trainup.model.Address.house]
 |  +-BasicFetch [com.example.trainup.model.Address.isDeleted]
 |  +-BasicFetch [com.example.trainup.model.Address.street]
 |  \-DelayedCollectionFetch [com.example.trainup.model.Address.trainers]

2025-08-01 19:23:54.429 [main] DEBUG org.hibernate.orm.sql.ast.tree - SQL AST Tree:
    SelectStatement {
      FromClause {
        StandardTableGroup (a1 : com.example.trainup.model.Address) {
          primaryTableReference : addresses as a1_0
          TableGroupJoins {
            left  join LazyTableGroup (g1 : com.example.trainup.model.Address.gym) {
              primaryTableReference : gyms as g1_0
              TableGroupJoins {
                left  join LazyTableGroup (go1 : com.example.trainup.model.Address.gym.gymOwner) {
                }
                left  join LazyTableGroup (l1 : com.example.trainup.model.Address.gym.location) {
                }
              }
            }
          }
        }
      }
    }

2025-08-01 19:23:54.430 [main] DEBUG org.hibernate.persister.entity.AbstractEntityPersister - Static SQL for entity: com.example.trainup.model.Address
2025-08-01 19:23:54.431 [main] DEBUG org.hibernate.persister.entity.AbstractEntityPersister -  Version select: select id from addresses where id=?
2025-08-01 19:23:54.431 [main] DEBUG org.hibernate.persister.entity.AbstractEntityPersister -  Insert (0): insert into addresses (city,city_district,country,house,is_deleted,street) values (?,?,?,?,?,?)
2025-08-01 19:23:54.431 [main] DEBUG org.hibernate.persister.entity.AbstractEntityPersister -  Update (0): update addresses set city=?,city_district=?,country=?,house=?,is_deleted=?,street=? where id=?
2025-08-01 19:23:54.432 [main] DEBUG org.hibernate.persister.entity.AbstractEntityPersister -  Delete (0): UPDATE addresses SET is_deleted=true WHERE id=?
2025-08-01 19:23:54.432 [main] DEBUG org.hibernate.orm.sql.ast.create - Created new SQL alias : r1_0
2025-08-01 19:23:54.432 [main] DEBUG org.hibernate.orm.sql.ast.create - Registration of TableGroup [StandardTableGroup(com.example.trainup.model.Role)] with identifierForTableGroup [com.example.trainup.model.Role] for NavigablePath [com.example.trainup.model.Role] 
2025-08-01 19:23:54.433 [main] DEBUG org.hibernate.orm.results.graph.AST - DomainResult Graph:
 \-EntityResultImpl [com.example.trainup.model.Role]
 |  \-BasicFetch [com.example.trainup.model.Role.name]

2025-08-01 19:23:54.433 [main] DEBUG org.hibernate.orm.sql.ast.tree - SQL AST Tree:
    SelectStatement {
      FromClause {
        StandardTableGroup (r1 : com.example.trainup.model.Role) {
          primaryTableReference : roles as r1_0
        }
      }
    }

2025-08-01 19:23:54.434 [main] DEBUG org.hibernate.persister.entity.AbstractEntityPersister - Static SQL for entity: com.example.trainup.model.Role
2025-08-01 19:23:54.434 [main] DEBUG org.hibernate.persister.entity.AbstractEntityPersister -  Version select: select id from roles where id=?
2025-08-01 19:23:54.435 [main] DEBUG org.hibernate.persister.entity.AbstractEntityPersister -  Insert (0): insert into roles (name) values (?)
2025-08-01 19:23:54.435 [main] DEBUG org.hibernate.persister.entity.AbstractEntityPersister -  Update (0): update roles set name=? where id=?
2025-08-01 19:23:54.435 [main] DEBUG org.hibernate.persister.entity.AbstractEntityPersister -  Delete (0): delete from roles where id=?
2025-08-01 19:23:54.436 [main] DEBUG org.hibernate.orm.sql.ast.create - Created new SQL alias : r1_0
2025-08-01 19:23:54.437 [main] DEBUG org.hibernate.orm.sql.ast.create - Registration of TableGroup [org.hibernate.sql.ast.tree.from.OneToManyTableGroup@346dcd2f] with identifierForTableGroup [com.example.trainup.model.user.Trainer.reviews] for NavigablePath [com.example.trainup.model.user.Trainer.reviews] 
2025-08-01 19:23:54.437 [main] DEBUG org.hibernate.orm.sql.ast.create - Registration of TableGroup [StandardTableGroup(com.example.trainup.model.user.Trainer.reviews.{element})] with identifierForTableGroup [com.example.trainup.model.user.Trainer.reviews.{element}] for NavigablePath [com.example.trainup.model.user.Trainer.reviews.{element}] 
2025-08-01 19:23:54.438 [main] DEBUG org.hibernate.orm.sql.ast.create - Registration of TableGroup [org.hibernate.sql.ast.tree.from.LazyTableGroup@8891e30] with identifierForTableGroup [com.example.trainup.model.user.Trainer.reviews.{element}.author] for NavigablePath [com.example.trainup.model.user.Trainer.reviews.{element}.author] 
2025-08-01 19:23:54.438 [main] DEBUG org.hibernate.orm.sql.ast.create - Registration of TableGroup [org.hibernate.sql.ast.tree.from.LazyTableGroup@ec7c6dc] with identifierForTableGroup [com.example.trainup.model.user.Trainer.reviews.{element}.gym] for NavigablePath [com.example.trainup.model.user.Trainer.reviews.{element}.gym] 
2025-08-01 19:23:54.439 [main] DEBUG org.hibernate.orm.sql.ast.create - Created new SQL alias : g1_0
2025-08-01 19:23:54.439 [main] DEBUG org.hibernate.orm.sql.ast.create - Registration of TableGroup [org.hibernate.sql.ast.tree.from.LazyTableGroup@5499669e] with identifierForTableGroup [com.example.trainup.model.user.Trainer.reviews.{element}.gym.gymOwner] for NavigablePath [com.example.trainup.model.user.Trainer.reviews.{element}.gym.gymOwner] 
2025-08-01 19:23:54.440 [main] DEBUG org.hibernate.orm.sql.ast.create - Registration of TableGroup [org.hibernate.sql.ast.tree.from.LazyTableGroup@45e42125] with identifierForTableGroup [com.example.trainup.model.user.Trainer.reviews.{element}.gym.location] for NavigablePath [com.example.trainup.model.user.Trainer.reviews.{element}.gym.location] 
2025-08-01 19:23:54.441 [main] DEBUG org.hibernate.orm.sql.ast.create - Registration of TableGroup [org.hibernate.sql.ast.tree.from.LazyTableGroup@6a17dbdf] with identifierForTableGroup [com.example.trainup.model.user.Trainer.reviews.{element}.trainer] for NavigablePath [com.example.trainup.model.user.Trainer.reviews.{element}.trainer] 
2025-08-01 19:23:54.442 [main] DEBUG org.hibernate.orm.results.graph.AST - DomainResult Graph:
 \-CollectionDomainResult [com.example.trainup.model.user.Trainer.reviews]

2025-08-01 19:23:54.442 [main] DEBUG org.hibernate.orm.sql.ast.tree - SQL AST Tree:
    SelectStatement {
      FromClause {
        OneToManyTableGroup (r1 : com.example.trainup.model.user.Trainer.reviews) {
          primaryTableReference : reviews as r1_0
          TableGroupJoins {
            left  join LazyTableGroup (a1 : com.example.trainup.model.user.Trainer.reviews.{element}.author) {
            }
            left  join LazyTableGroup (g1 : com.example.trainup.model.user.Trainer.reviews.{element}.gym) {
              primaryTableReference : gyms as g1_0
              TableGroupJoins {
                left  join LazyTableGroup (go1 : com.example.trainup.model.user.Trainer.reviews.{element}.gym.gymOwner) {
                }
                left  join LazyTableGroup (l1 : com.example.trainup.model.user.Trainer.reviews.{element}.gym.location) {
                }
              }
            }
            left  join LazyTableGroup (t1 : com.example.trainup.model.user.Trainer.reviews.{element}.trainer) {
            }
          }
        }
      }
    }

2025-08-01 19:23:54.443 [main] DEBUG org.hibernate.orm.jdbc.mutation - Static SQL for collection: com.example.trainup.model.user.Trainer.reviews
2025-08-01 19:23:54.443 [main] DEBUG org.hibernate.orm.sql.ast.create - Created new SQL alias : t1_0
2025-08-01 19:23:54.444 [main] DEBUG org.hibernate.orm.sql.ast.create - Registration of TableGroup [CollectionTableGroup(com.example.trainup.model.Sport.trainers)] with identifierForTableGroup [com.example.trainup.model.Sport.trainers] for NavigablePath [com.example.trainup.model.Sport.trainers] 
2025-08-01 19:23:54.444 [main] DEBUG org.hibernate.orm.sql.ast.create - Registration of TableGroup [org.hibernate.sql.ast.tree.from.LazyTableGroup@16724acf] with identifierForTableGroup [com.example.trainup.model.Sport.trainers.{element}] for NavigablePath [com.example.trainup.model.Sport.trainers.{element}] 
2025-08-01 19:23:54.445 [main] DEBUG org.hibernate.orm.sql.ast.create - Created new SQL alias : t1_1
2025-08-01 19:23:54.445 [main] DEBUG org.hibernate.orm.sql.ast.create - Registration of TableGroup [org.hibernate.sql.ast.tree.from.LazyTableGroup@4cfee884] with identifierForTableGroup [com.example.trainup.model.Sport.trainers.{element}.location] for NavigablePath [com.example.trainup.model.Sport.trainers.{element}.location] 
2025-08-01 19:23:54.446 [main] DEBUG org.hibernate.orm.sql.ast.create - Registration of TableGroup [org.hibernate.sql.ast.tree.from.LazyTableGroup@37322607] with identifierForTableGroup [com.example.trainup.model.Sport.trainers.{element}.userCredentials] for NavigablePath [com.example.trainup.model.Sport.trainers.{element}.userCredentials] 
2025-08-01 19:23:54.447 [main] DEBUG org.hibernate.orm.sql.ast.create - Created new SQL alias : uc1_0
2025-08-01 19:23:54.447 [main] DEBUG org.hibernate.orm.sql.ast.create - Created new SQL alias : r1_0
2025-08-01 19:23:54.448 [main] DEBUG org.hibernate.orm.sql.ast.create - Registration of TableGroup [CollectionTableGroup(com.example.trainup.model.Sport.trainers.{element}.userCredentials.roles)] with identifierForTableGroup [com.example.trainup.model.Sport.trainers.{element}.userCredentials.roles] for NavigablePath [com.example.trainup.model.Sport.trainers.{element}.userCredentials.roles] 
2025-08-01 19:23:54.448 [main] DEBUG org.hibernate.orm.sql.ast.create - Registration of TableGroup [org.hibernate.sql.ast.tree.from.LazyTableGroup@3312361c] with identifierForTableGroup [com.example.trainup.model.Sport.trainers.{element}.userCredentials.roles.{element}] for NavigablePath [com.example.trainup.model.Sport.trainers.{element}.userCredentials.roles.{element}] 
2025-08-01 19:23:54.449 [main] DEBUG org.hibernate.orm.sql.ast.create - Created new SQL alias : r1_1
2025-08-01 19:23:54.449 [main] DEBUG org.hibernate.orm.results.graph.AST - DomainResult Graph:
 \-CollectionDomainResult [com.example.trainup.model.Sport.trainers]

2025-08-01 19:23:54.450 [main] DEBUG org.hibernate.orm.sql.ast.tree - SQL AST Tree:
    SelectStatement {
      FromClause {
        CollectionTableGroup (t1 : com.example.trainup.model.Sport.trainers) {
          primaryTableReference : sports_trainers as t1_0
          TableGroupJoins {
             join LazyTableGroup (t1 : com.example.trainup.model.Sport.trainers.{element}) {
              primaryTableReference : trainers as t1_1
              TableGroupJoins {
                left  join LazyTableGroup (l1 : com.example.trainup.model.Sport.trainers.{element}.location) {
                }
                left  join LazyTableGroup (uc1 : com.example.trainup.model.Sport.trainers.{element}.userCredentials) {
                  primaryTableReference : user_credentials as uc1_0
                  TableGroupJoins {
                    left  join CollectionTableGroup (r1 : com.example.trainup.model.Sport.trainers.{element}.userCredentials.roles) {
                      primaryTableReference : user_credentials_roles as r1_0
                      TableGroupJoins {
                        left  join LazyTableGroup (r1 : com.example.trainup.model.Sport.trainers.{element}.userCredentials.roles.{element}) {
                          primaryTableReference : roles as r1_1
                        }
                      }
                    }
                  }
                }
              }
            }
          }
        }
      }
    }

2025-08-01 19:23:54.451 [main] DEBUG org.hibernate.orm.jdbc.mutation - Static SQL for collection: com.example.trainup.model.Sport.trainers
2025-08-01 19:23:54.451 [main] DEBUG org.hibernate.orm.sql.ast.create - Created new SQL alias : p1_0
2025-08-01 19:23:54.451 [main] DEBUG org.hibernate.orm.sql.ast.create - Registration of TableGroup [org.hibernate.sql.ast.tree.from.OneToManyTableGroup@82f5ce4] with identifierForTableGroup [com.example.trainup.model.Gym.photos] for NavigablePath [com.example.trainup.model.Gym.photos] 
2025-08-01 19:23:54.452 [main] DEBUG org.hibernate.orm.sql.ast.create - Registration of TableGroup [StandardTableGroup(com.example.trainup.model.Gym.photos.{element})] with identifierForTableGroup [com.example.trainup.model.Gym.photos.{element}] for NavigablePath [com.example.trainup.model.Gym.photos.{element}] 
2025-08-01 19:23:54.452 [main] DEBUG org.hibernate.orm.sql.ast.create - Registration of TableGroup [org.hibernate.sql.ast.tree.from.LazyTableGroup@2e8b51f8] with identifierForTableGroup [com.example.trainup.model.Gym.photos.{element}.gym] for NavigablePath [com.example.trainup.model.Gym.photos.{element}.gym] 
2025-08-01 19:23:54.453 [main] DEBUG org.hibernate.orm.results.graph.AST - DomainResult Graph:
 \-CollectionDomainResult [com.example.trainup.model.Gym.photos]

2025-08-01 19:23:54.453 [main] DEBUG org.hibernate.orm.sql.ast.tree - SQL AST Tree:
    SelectStatement {
      FromClause {
        OneToManyTableGroup (p1 : com.example.trainup.model.Gym.photos) {
          primaryTableReference : gym_photos as p1_0
          TableGroupJoins {
            left  join LazyTableGroup (g1 : com.example.trainup.model.Gym.photos.{element}.gym) {
            }
          }
        }
      }
    }

2025-08-01 19:23:54.454 [main] DEBUG org.hibernate.orm.jdbc.mutation - Static SQL for collection: com.example.trainup.model.Gym.photos
2025-08-01 19:23:54.454 [main] DEBUG org.hibernate.orm.sql.ast.create - Created new SQL alias : r1_0
2025-08-01 19:23:54.455 [main] DEBUG org.hibernate.orm.sql.ast.create - Registration of TableGroup [org.hibernate.sql.ast.tree.from.OneToManyTableGroup@1e9be192] with identifierForTableGroup [com.example.trainup.model.Gym.reviews] for NavigablePath [com.example.trainup.model.Gym.reviews] 
2025-08-01 19:23:54.455 [main] DEBUG org.hibernate.orm.sql.ast.create - Registration of TableGroup [StandardTableGroup(com.example.trainup.model.Gym.reviews.{element})] with identifierForTableGroup [com.example.trainup.model.Gym.reviews.{element}] for NavigablePath [com.example.trainup.model.Gym.reviews.{element}] 
2025-08-01 19:23:54.456 [main] DEBUG org.hibernate.orm.sql.ast.create - Registration of TableGroup [org.hibernate.sql.ast.tree.from.LazyTableGroup@6ca146d9] with identifierForTableGroup [com.example.trainup.model.Gym.reviews.{element}.author] for NavigablePath [com.example.trainup.model.Gym.reviews.{element}.author] 
2025-08-01 19:23:54.457 [main] DEBUG org.hibernate.orm.sql.ast.create - Registration of TableGroup [org.hibernate.sql.ast.tree.from.LazyTableGroup@4d8869e5] with identifierForTableGroup [com.example.trainup.model.Gym.reviews.{element}.gym] for NavigablePath [com.example.trainup.model.Gym.reviews.{element}.gym] 
2025-08-01 19:23:54.457 [main] DEBUG org.hibernate.orm.sql.ast.create - Registration of TableGroup [org.hibernate.sql.ast.tree.from.LazyTableGroup@6aaf9e6b] with identifierForTableGroup [com.example.trainup.model.Gym.reviews.{element}.trainer] for NavigablePath [com.example.trainup.model.Gym.reviews.{element}.trainer] 
2025-08-01 19:23:54.458 [main] DEBUG org.hibernate.orm.sql.ast.create - Created new SQL alias : t1_0
2025-08-01 19:23:54.458 [main] DEBUG org.hibernate.orm.sql.ast.create - Registration of TableGroup [org.hibernate.sql.ast.tree.from.LazyTableGroup@7c195de4] with identifierForTableGroup [com.example.trainup.model.Gym.reviews.{element}.trainer.location] for NavigablePath [com.example.trainup.model.Gym.reviews.{element}.trainer.location] 
2025-08-01 19:23:54.459 [main] DEBUG org.hibernate.orm.sql.ast.create - Registration of TableGroup [org.hibernate.sql.ast.tree.from.LazyTableGroup@ac30f10] with identifierForTableGroup [com.example.trainup.model.Gym.reviews.{element}.trainer.userCredentials] for NavigablePath [com.example.trainup.model.Gym.reviews.{element}.trainer.userCredentials] 
2025-08-01 19:23:54.459 [main] DEBUG org.hibernate.orm.sql.ast.create - Created new SQL alias : uc1_0
2025-08-01 19:23:54.460 [main] DEBUG org.hibernate.orm.results.graph.AST - DomainResult Graph:
 \-CollectionDomainResult [com.example.trainup.model.Gym.reviews]

2025-08-01 19:23:54.461 [main] DEBUG org.hibernate.orm.sql.ast.tree - SQL AST Tree:
    SelectStatement {
      FromClause {
        OneToManyTableGroup (r1 : com.example.trainup.model.Gym.reviews) {
          primaryTableReference : reviews as r1_0
          TableGroupJoins {
            left  join LazyTableGroup (a1 : com.example.trainup.model.Gym.reviews.{element}.author) {
            }
            left  join LazyTableGroup (g1 : com.example.trainup.model.Gym.reviews.{element}.gym) {
            }
            left  join LazyTableGroup (t1 : com.example.trainup.model.Gym.reviews.{element}.trainer) {
              primaryTableReference : trainers as t1_0
              TableGroupJoins {
                left  join LazyTableGroup (l1 : com.example.trainup.model.Gym.reviews.{element}.trainer.location) {
                }
                left  join LazyTableGroup (uc1 : com.example.trainup.model.Gym.reviews.{element}.trainer.userCredentials) {
                  primaryTableReference : user_credentials as uc1_0
                }
              }
            }
          }
        }
      }
    }

2025-08-01 19:23:54.462 [main] DEBUG org.hibernate.orm.jdbc.mutation - Static SQL for collection: com.example.trainup.model.Gym.reviews
2025-08-01 19:23:54.463 [main] DEBUG org.hibernate.orm.sql.ast.create - Created new SQL alias : pn1_0
2025-08-01 19:23:54.463 [main] DEBUG org.hibernate.orm.sql.ast.create - Registration of TableGroup [CollectionTableGroup(com.example.trainup.model.Gym.phoneNumbers)] with identifierForTableGroup [com.example.trainup.model.Gym.phoneNumbers] for NavigablePath [com.example.trainup.model.Gym.phoneNumbers] 
2025-08-01 19:23:54.464 [main] DEBUG org.hibernate.orm.results - Generating Fetch for collection-part : `com.example.trainup.model.Gym.phoneNumbers` -> `{element}`
2025-08-01 19:23:54.464 [main] DEBUG org.hibernate.orm.results.graph.AST - DomainResult Graph:
 \-CollectionDomainResult [com.example.trainup.model.Gym.phoneNumbers]

2025-08-01 19:23:54.465 [main] DEBUG org.hibernate.orm.sql.ast.tree - SQL AST Tree:
    SelectStatement {
      FromClause {
        CollectionTableGroup (pn1 : com.example.trainup.model.Gym.phoneNumbers) {
          primaryTableReference : gym_phone_numbers as pn1_0
        }
      }
    }

2025-08-01 19:23:54.465 [main] DEBUG org.hibernate.orm.jdbc.mutation - Static SQL for collection: com.example.trainup.model.Gym.phoneNumbers
2025-08-01 19:23:54.466 [main] DEBUG org.hibernate.orm.jdbc.mutation -  Row insert: insert into gym_phone_numbers (gym_id,phone_numbers) values (?,?)
2025-08-01 19:23:54.466 [main] DEBUG org.hibernate.orm.jdbc.mutation -  Row delete: delete from gym_phone_numbers where gym_id=? and phone_numbers=?
2025-08-01 19:23:54.467 [main] DEBUG org.hibernate.orm.jdbc.mutation -  One-shot delete: delete from gym_phone_numbers where gym_id=?
2025-08-01 19:23:54.467 [main] DEBUG org.hibernate.orm.sql.ast.create - Created new SQL alias : og1_0
2025-08-01 19:23:54.468 [main] DEBUG org.hibernate.orm.sql.ast.create - Registration of TableGroup [org.hibernate.sql.ast.tree.from.OneToManyTableGroup@25d81211] with identifierForTableGroup [com.example.trainup.model.user.GymOwner.ownedGyms] for NavigablePath [com.example.trainup.model.user.GymOwner.ownedGyms] 
2025-08-01 19:23:54.468 [main] DEBUG org.hibernate.orm.sql.ast.create - Registration of TableGroup [StandardTableGroup(com.example.trainup.model.user.GymOwner.ownedGyms.{element})] with identifierForTableGroup [com.example.trainup.model.user.GymOwner.ownedGyms.{element}] for NavigablePath [com.example.trainup.model.user.GymOwner.ownedGyms.{element}] 
2025-08-01 19:23:54.469 [main] DEBUG org.hibernate.orm.sql.ast.create - Registration of TableGroup [org.hibernate.sql.ast.tree.from.LazyTableGroup@5d857445] with identifierForTableGroup [com.example.trainup.model.user.GymOwner.ownedGyms.{element}.gymOwner] for NavigablePath [com.example.trainup.model.user.GymOwner.ownedGyms.{element}.gymOwner] 
2025-08-01 19:23:54.470 [main] DEBUG org.hibernate.orm.sql.ast.create - Registration of TableGroup [org.hibernate.sql.ast.tree.from.LazyTableGroup@534edc26] with identifierForTableGroup [com.example.trainup.model.user.GymOwner.ownedGyms.{element}.location] for NavigablePath [com.example.trainup.model.user.GymOwner.ownedGyms.{element}.location] 
2025-08-01 19:23:54.470 [main] DEBUG org.hibernate.orm.results.graph.AST - DomainResult Graph:
 \-CollectionDomainResult [com.example.trainup.model.user.GymOwner.ownedGyms]

2025-08-01 19:23:54.471 [main] DEBUG org.hibernate.orm.sql.ast.tree - SQL AST Tree:
    SelectStatement {
      FromClause {
        OneToManyTableGroup (og1 : com.example.trainup.model.user.GymOwner.ownedGyms) {
          primaryTableReference : gyms as og1_0
          TableGroupJoins {
            left  join LazyTableGroup (go1 : com.example.trainup.model.user.GymOwner.ownedGyms.{element}.gymOwner) {
            }
            left  join LazyTableGroup (l1 : com.example.trainup.model.user.GymOwner.ownedGyms.{element}.location) {
            }
          }
        }
      }
    }

2025-08-01 19:23:54.471 [main] DEBUG org.hibernate.orm.jdbc.mutation - Static SQL for collection: com.example.trainup.model.user.GymOwner.ownedGyms
2025-08-01 19:23:54.472 [main] DEBUG org.hibernate.orm.sql.ast.create - Created new SQL alias : r1_0
2025-08-01 19:23:54.472 [main] DEBUG org.hibernate.orm.sql.ast.create - Registration of TableGroup [CollectionTableGroup(com.example.trainup.model.user.UserCredentials.roles)] with identifierForTableGroup [com.example.trainup.model.user.UserCredentials.roles] for NavigablePath [com.example.trainup.model.user.UserCredentials.roles] 
2025-08-01 19:23:54.472 [main] DEBUG org.hibernate.orm.sql.ast.create - Registration of TableGroup [org.hibernate.sql.ast.tree.from.LazyTableGroup@40326901] with identifierForTableGroup [com.example.trainup.model.user.UserCredentials.roles.{element}] for NavigablePath [com.example.trainup.model.user.UserCredentials.roles.{element}] 
2025-08-01 19:23:54.473 [main] DEBUG org.hibernate.orm.sql.ast.create - Created new SQL alias : r1_1
2025-08-01 19:23:54.473 [main] DEBUG org.hibernate.orm.results.graph.AST - DomainResult Graph:
 \-CollectionDomainResult [com.example.trainup.model.user.UserCredentials.roles]

2025-08-01 19:23:54.473 [main] DEBUG org.hibernate.orm.sql.ast.tree - SQL AST Tree:
    SelectStatement {
      FromClause {
        CollectionTableGroup (r1 : com.example.trainup.model.user.UserCredentials.roles) {
          primaryTableReference : user_credentials_roles as r1_0
          TableGroupJoins {
             join LazyTableGroup (r1 : com.example.trainup.model.user.UserCredentials.roles.{element}) {
              primaryTableReference : roles as r1_1
            }
          }
        }
      }
    }

2025-08-01 19:23:54.474 [main] DEBUG org.hibernate.orm.jdbc.mutation - Static SQL for collection: com.example.trainup.model.user.UserCredentials.roles
2025-08-01 19:23:54.475 [main] DEBUG org.hibernate.orm.jdbc.mutation -  Row insert: insert into user_credentials_roles (user_credentials_id,role_id) values (?,?)
2025-08-01 19:23:54.475 [main] DEBUG org.hibernate.orm.jdbc.mutation -  Row delete: delete from user_credentials_roles where user_credentials_id=? and role_id=?
2025-08-01 19:23:54.476 [main] DEBUG org.hibernate.orm.jdbc.mutation -  One-shot delete: delete from user_credentials_roles where user_credentials_id=?
2025-08-01 19:23:54.476 [main] DEBUG org.hibernate.orm.sql.ast.create - Created new SQL alias : a1_0
2025-08-01 19:23:54.476 [main] DEBUG org.hibernate.orm.sql.ast.create - Registration of TableGroup [CollectionTableGroup(com.example.trainup.model.Sport.athletes)] with identifierForTableGroup [com.example.trainup.model.Sport.athletes] for NavigablePath [com.example.trainup.model.Sport.athletes] 
2025-08-01 19:23:54.477 [main] DEBUG org.hibernate.orm.sql.ast.create - Registration of TableGroup [org.hibernate.sql.ast.tree.from.LazyTableGroup@578c1659] with identifierForTableGroup [com.example.trainup.model.Sport.athletes.{element}] for NavigablePath [com.example.trainup.model.Sport.athletes.{element}] 
2025-08-01 19:23:54.477 [main] DEBUG org.hibernate.orm.sql.ast.create - Created new SQL alias : a1_1
2025-08-01 19:23:54.478 [main] DEBUG org.hibernate.orm.sql.ast.create - Registration of TableGroup [org.hibernate.sql.ast.tree.from.LazyTableGroup@35c66901] with identifierForTableGroup [com.example.trainup.model.Sport.athletes.{element}.userCredentials] for NavigablePath [com.example.trainup.model.Sport.athletes.{element}.userCredentials] 
2025-08-01 19:23:54.479 [main] DEBUG org.hibernate.orm.sql.ast.create - Created new SQL alias : uc1_0
2025-08-01 19:23:54.479 [main] DEBUG org.hibernate.orm.sql.ast.create - Created new SQL alias : r1_0
2025-08-01 19:23:54.480 [main] DEBUG org.hibernate.orm.sql.ast.create - Registration of TableGroup [CollectionTableGroup(com.example.trainup.model.Sport.athletes.{element}.userCredentials.roles)] with identifierForTableGroup [com.example.trainup.model.Sport.athletes.{element}.userCredentials.roles] for NavigablePath [com.example.trainup.model.Sport.athletes.{element}.userCredentials.roles] 
2025-08-01 19:23:54.480 [main] DEBUG org.hibernate.orm.sql.ast.create - Registration of TableGroup [org.hibernate.sql.ast.tree.from.LazyTableGroup@5e868e3c] with identifierForTableGroup [com.example.trainup.model.Sport.athletes.{element}.userCredentials.roles.{element}] for NavigablePath [com.example.trainup.model.Sport.athletes.{element}.userCredentials.roles.{element}] 
2025-08-01 19:23:54.481 [main] DEBUG org.hibernate.orm.sql.ast.create - Created new SQL alias : r1_1
2025-08-01 19:23:54.481 [main] DEBUG org.hibernate.orm.results.graph.AST - DomainResult Graph:
 \-CollectionDomainResult [com.example.trainup.model.Sport.athletes]

2025-08-01 19:23:54.482 [main] DEBUG org.hibernate.orm.sql.ast.tree - SQL AST Tree:
    SelectStatement {
      FromClause {
        CollectionTableGroup (a1 : com.example.trainup.model.Sport.athletes) {
          primaryTableReference : sports_athletes as a1_0
          TableGroupJoins {
             join LazyTableGroup (a1 : com.example.trainup.model.Sport.athletes.{element}) {
              primaryTableReference : athletes as a1_1
              TableGroupJoins {
                left  join LazyTableGroup (uc1 : com.example.trainup.model.Sport.athletes.{element}.userCredentials) {
                  primaryTableReference : user_credentials as uc1_0
                  TableGroupJoins {
                    left  join CollectionTableGroup (r1 : com.example.trainup.model.Sport.athletes.{element}.userCredentials.roles) {
                      primaryTableReference : user_credentials_roles as r1_0
                      TableGroupJoins {
                        left  join LazyTableGroup (r1 : com.example.trainup.model.Sport.athletes.{element}.userCredentials.roles.{element}) {
                          primaryTableReference : roles as r1_1
                        }
                      }
                    }
                  }
                }
              }
            }
          }
        }
      }
    }

2025-08-01 19:23:54.483 [main] DEBUG org.hibernate.orm.jdbc.mutation - Static SQL for collection: com.example.trainup.model.Sport.athletes
2025-08-01 19:23:54.483 [main] DEBUG org.hibernate.orm.jdbc.mutation -  Row insert: insert into sports_athletes (sport_id,athlete_id) values (?,?)
2025-08-01 19:23:54.484 [main] DEBUG org.hibernate.orm.jdbc.mutation -  Row delete: delete from sports_athletes where sport_id=? and athlete_id=?
2025-08-01 19:23:54.484 [main] DEBUG org.hibernate.orm.jdbc.mutation -  One-shot delete: delete from sports_athletes where sport_id=?
2025-08-01 19:23:54.485 [main] DEBUG org.hibernate.orm.sql.ast.create - Created new SQL alias : s1_0
2025-08-01 19:23:54.485 [main] DEBUG org.hibernate.orm.sql.ast.create - Registration of TableGroup [CollectionTableGroup(com.example.trainup.model.user.Athlete.sports)] with identifierForTableGroup [com.example.trainup.model.user.Athlete.sports] for NavigablePath [com.example.trainup.model.user.Athlete.sports] 
2025-08-01 19:23:54.485 [main] DEBUG org.hibernate.orm.sql.ast.create - Registration of TableGroup [org.hibernate.sql.ast.tree.from.LazyTableGroup@11abc93b] with identifierForTableGroup [com.example.trainup.model.user.Athlete.sports.{element}] for NavigablePath [com.example.trainup.model.user.Athlete.sports.{element}] 
2025-08-01 19:23:54.486 [main] DEBUG org.hibernate.orm.sql.ast.create - Created new SQL alias : s1_1
2025-08-01 19:23:54.486 [main] DEBUG org.hibernate.orm.results.graph.AST - DomainResult Graph:
 \-CollectionDomainResult [com.example.trainup.model.user.Athlete.sports]

2025-08-01 19:23:54.487 [main] DEBUG org.hibernate.orm.sql.ast.tree - SQL AST Tree:
    SelectStatement {
      FromClause {
        CollectionTableGroup (s1 : com.example.trainup.model.user.Athlete.sports) {
          primaryTableReference : sports_athletes as s1_0
          TableGroupJoins {
             join LazyTableGroup (s1 : com.example.trainup.model.user.Athlete.sports.{element}) {
              primaryTableReference : sports as s1_1
            }
          }
        }
      }
    }

2025-08-01 19:23:54.487 [main] DEBUG org.hibernate.orm.jdbc.mutation - Static SQL for collection: com.example.trainup.model.user.Athlete.sports
2025-08-01 19:23:54.488 [main] DEBUG org.hibernate.orm.sql.ast.create - Created new SQL alias : pn1_0
2025-08-01 19:23:54.488 [main] DEBUG org.hibernate.orm.sql.ast.create - Registration of TableGroup [CollectionTableGroup(com.example.trainup.model.user.Trainer.phoneNumbers)] with identifierForTableGroup [com.example.trainup.model.user.Trainer.phoneNumbers] for NavigablePath [com.example.trainup.model.user.Trainer.phoneNumbers] 
2025-08-01 19:23:54.488 [main] DEBUG org.hibernate.orm.results - Generating Fetch for collection-part : `com.example.trainup.model.user.Trainer.phoneNumbers` -> `{element}`
2025-08-01 19:23:54.489 [main] DEBUG org.hibernate.orm.results.graph.AST - DomainResult Graph:
 \-CollectionDomainResult [com.example.trainup.model.user.Trainer.phoneNumbers]

2025-08-01 19:23:54.489 [main] DEBUG org.hibernate.orm.sql.ast.tree - SQL AST Tree:
    SelectStatement {
      FromClause {
        CollectionTableGroup (pn1 : com.example.trainup.model.user.Trainer.phoneNumbers) {
          primaryTableReference : trainer_phone_numbers as pn1_0
        }
      }
    }

2025-08-01 19:23:54.490 [main] DEBUG org.hibernate.orm.jdbc.mutation - Static SQL for collection: com.example.trainup.model.user.Trainer.phoneNumbers
2025-08-01 19:23:54.490 [main] DEBUG org.hibernate.orm.jdbc.mutation -  Row insert: insert into trainer_phone_numbers (trainer_id,phone_numbers) values (?,?)
2025-08-01 19:23:54.491 [main] DEBUG org.hibernate.orm.jdbc.mutation -  Row delete: delete from trainer_phone_numbers where trainer_id=? and phone_numbers=?
2025-08-01 19:23:54.491 [main] DEBUG org.hibernate.orm.jdbc.mutation -  One-shot delete: delete from trainer_phone_numbers where trainer_id=?
2025-08-01 19:23:54.491 [main] DEBUG org.hibernate.orm.sql.ast.create - Created new SQL alias : pn1_0
2025-08-01 19:23:54.492 [main] DEBUG org.hibernate.orm.sql.ast.create - Registration of TableGroup [CollectionTableGroup(com.example.trainup.model.user.Athlete.phoneNumbers)] with identifierForTableGroup [com.example.trainup.model.user.Athlete.phoneNumbers] for NavigablePath [com.example.trainup.model.user.Athlete.phoneNumbers] 
2025-08-01 19:23:54.492 [main] DEBUG org.hibernate.orm.results - Generating Fetch for collection-part : `com.example.trainup.model.user.Athlete.phoneNumbers` -> `{element}`
2025-08-01 19:23:54.493 [main] DEBUG org.hibernate.orm.results.graph.AST - DomainResult Graph:
 \-CollectionDomainResult [com.example.trainup.model.user.Athlete.phoneNumbers]

2025-08-01 19:23:54.493 [main] DEBUG org.hibernate.orm.sql.ast.tree - SQL AST Tree:
    SelectStatement {
      FromClause {
        CollectionTableGroup (pn1 : com.example.trainup.model.user.Athlete.phoneNumbers) {
          primaryTableReference : athlete_phone_numbers as pn1_0
        }
      }
    }

2025-08-01 19:23:54.493 [main] DEBUG org.hibernate.orm.jdbc.mutation - Static SQL for collection: com.example.trainup.model.user.Athlete.phoneNumbers
2025-08-01 19:23:54.494 [main] DEBUG org.hibernate.orm.jdbc.mutation -  Row insert: insert into athlete_phone_numbers (athlete_id,phone_numbers) values (?,?)
2025-08-01 19:23:54.494 [main] DEBUG org.hibernate.orm.jdbc.mutation -  Row delete: delete from athlete_phone_numbers where athlete_id=? and phone_numbers=?
2025-08-01 19:23:54.495 [main] DEBUG org.hibernate.orm.jdbc.mutation -  One-shot delete: delete from athlete_phone_numbers where athlete_id=?
2025-08-01 19:23:54.495 [main] DEBUG org.hibernate.orm.sql.ast.create - Created new SQL alias : wh1_0
2025-08-01 19:23:54.495 [main] DEBUG org.hibernate.orm.sql.ast.create - Registration of TableGroup [CollectionTableGroup(com.example.trainup.model.Gym.workingHours)] with identifierForTableGroup [com.example.trainup.model.Gym.workingHours] for NavigablePath [com.example.trainup.model.Gym.workingHours] 
2025-08-01 19:23:54.495 [main] DEBUG org.hibernate.orm.sql.ast.create - Registration of TableGroup [StandardVirtualTableGroup(com.example.trainup.model.Gym.workingHours.{element})] with identifierForTableGroup [com.example.trainup.model.Gym.workingHours.{element}] for NavigablePath [com.example.trainup.model.Gym.workingHours.{element}] 
2025-08-01 19:23:54.496 [main] DEBUG org.hibernate.orm.results.graph.AST - DomainResult Graph:
 \-CollectionDomainResult [com.example.trainup.model.Gym.workingHours]

2025-08-01 19:23:54.496 [main] DEBUG org.hibernate.orm.sql.ast.tree - SQL AST Tree:
    SelectStatement {
      FromClause {
        CollectionTableGroup (wh1 : com.example.trainup.model.Gym.workingHours) {
          primaryTableReference : gym_working_hours as wh1_0
          TableGroupJoins {
             join StandardVirtualTableGroup (null : com.example.trainup.model.Gym.workingHours.{element}) {
              primaryTableReference : gym_working_hours as wh1_0
            }
          }
        }
      }
    }

2025-08-01 19:23:54.497 [main] DEBUG org.hibernate.orm.jdbc.mutation - Static SQL for collection: com.example.trainup.model.Gym.workingHours
2025-08-01 19:23:54.497 [main] DEBUG org.hibernate.orm.jdbc.mutation -  Row insert: insert into gym_working_hours (gym_id,day_of_week,end_time,start_time) values (?,?,?,?)
2025-08-01 19:23:54.498 [main] DEBUG org.hibernate.orm.jdbc.mutation -  Row delete: delete from gym_working_hours where gym_id=?
2025-08-01 19:23:54.498 [main] DEBUG org.hibernate.orm.jdbc.mutation -  One-shot delete: delete from gym_working_hours where gym_id=?
2025-08-01 19:23:54.498 [main] DEBUG org.hibernate.orm.sql.ast.create - Created new SQL alias : s1_0
2025-08-01 19:23:54.499 [main] DEBUG org.hibernate.orm.sql.ast.create - Registration of TableGroup [CollectionTableGroup(com.example.trainup.model.Gym.sports)] with identifierForTableGroup [com.example.trainup.model.Gym.sports] for NavigablePath [com.example.trainup.model.Gym.sports] 
2025-08-01 19:23:54.499 [main] DEBUG org.hibernate.orm.sql.ast.create - Registration of TableGroup [org.hibernate.sql.ast.tree.from.LazyTableGroup@200e04db] with identifierForTableGroup [com.example.trainup.model.Gym.sports.{element}] for NavigablePath [com.example.trainup.model.Gym.sports.{element}] 
2025-08-01 19:23:54.499 [main] DEBUG org.hibernate.orm.sql.ast.create - Created new SQL alias : s1_1
2025-08-01 19:23:54.500 [main] DEBUG org.hibernate.orm.results.graph.AST - DomainResult Graph:
 \-CollectionDomainResult [com.example.trainup.model.Gym.sports]

2025-08-01 19:23:54.500 [main] DEBUG org.hibernate.orm.sql.ast.tree - SQL AST Tree:
    SelectStatement {
      FromClause {
        CollectionTableGroup (s1 : com.example.trainup.model.Gym.sports) {
          primaryTableReference : sports_gyms as s1_0
          TableGroupJoins {
             join LazyTableGroup (s1 : com.example.trainup.model.Gym.sports.{element}) {
              primaryTableReference : sports as s1_1
            }
          }
        }
      }
    }

2025-08-01 19:23:54.501 [main] DEBUG org.hibernate.orm.jdbc.mutation - Static SQL for collection: com.example.trainup.model.Gym.sports
2025-08-01 19:23:54.501 [main] DEBUG org.hibernate.orm.jdbc.mutation -  Row insert: insert into sports_gyms (gym_id,sport_id) values (?,?)
2025-08-01 19:23:54.501 [main] DEBUG org.hibernate.orm.jdbc.mutation -  Row delete: delete from sports_gyms where gym_id=? and sport_id=?
2025-08-01 19:23:54.502 [main] DEBUG org.hibernate.orm.jdbc.mutation -  One-shot delete: delete from sports_gyms where gym_id=?
2025-08-01 19:23:54.502 [main] DEBUG org.hibernate.orm.sql.ast.create - Created new SQL alias : pn1_0
2025-08-01 19:23:54.502 [main] DEBUG org.hibernate.orm.sql.ast.create - Registration of TableGroup [CollectionTableGroup(com.example.trainup.model.user.GymOwner.phoneNumbers)] with identifierForTableGroup [com.example.trainup.model.user.GymOwner.phoneNumbers] for NavigablePath [com.example.trainup.model.user.GymOwner.phoneNumbers] 
2025-08-01 19:23:54.503 [main] DEBUG org.hibernate.orm.results - Generating Fetch for collection-part : `com.example.trainup.model.user.GymOwner.phoneNumbers` -> `{element}`
2025-08-01 19:23:54.503 [main] DEBUG org.hibernate.orm.results.graph.AST - DomainResult Graph:
 \-CollectionDomainResult [com.example.trainup.model.user.GymOwner.phoneNumbers]

2025-08-01 19:23:54.503 [main] DEBUG org.hibernate.orm.sql.ast.tree - SQL AST Tree:
    SelectStatement {
      FromClause {
        CollectionTableGroup (pn1 : com.example.trainup.model.user.GymOwner.phoneNumbers) {
          primaryTableReference : gym_owner_phone_numbers as pn1_0
        }
      }
    }

2025-08-01 19:23:54.504 [main] DEBUG org.hibernate.orm.jdbc.mutation - Static SQL for collection: com.example.trainup.model.user.GymOwner.phoneNumbers
2025-08-01 19:23:54.504 [main] DEBUG org.hibernate.orm.jdbc.mutation -  Row insert: insert into gym_owner_phone_numbers (gym_owner_id,phone_numbers) values (?,?)
2025-08-01 19:23:54.504 [main] DEBUG org.hibernate.orm.jdbc.mutation -  Row delete: delete from gym_owner_phone_numbers where gym_owner_id=? and phone_numbers=?
2025-08-01 19:23:54.505 [main] DEBUG org.hibernate.orm.jdbc.mutation -  One-shot delete: delete from gym_owner_phone_numbers where gym_owner_id=?
2025-08-01 19:23:54.505 [main] DEBUG org.hibernate.orm.sql.ast.create - Created new SQL alias : t1_0
2025-08-01 19:23:54.506 [main] DEBUG org.hibernate.orm.sql.ast.create - Registration of TableGroup [CollectionTableGroup(com.example.trainup.model.Gym.trainers)] with identifierForTableGroup [com.example.trainup.model.Gym.trainers] for NavigablePath [com.example.trainup.model.Gym.trainers] 
2025-08-01 19:23:54.506 [main] DEBUG org.hibernate.orm.sql.ast.create - Registration of TableGroup [org.hibernate.sql.ast.tree.from.LazyTableGroup@5f05b4b3] with identifierForTableGroup [com.example.trainup.model.Gym.trainers.{element}] for NavigablePath [com.example.trainup.model.Gym.trainers.{element}] 
2025-08-01 19:23:54.506 [main] DEBUG org.hibernate.orm.sql.ast.create - Created new SQL alias : t1_1
2025-08-01 19:23:54.507 [main] DEBUG org.hibernate.orm.sql.ast.create - Registration of TableGroup [org.hibernate.sql.ast.tree.from.LazyTableGroup@3d94cdb0] with identifierForTableGroup [com.example.trainup.model.Gym.trainers.{element}.location] for NavigablePath [com.example.trainup.model.Gym.trainers.{element}.location] 
2025-08-01 19:23:54.508 [main] DEBUG org.hibernate.orm.sql.ast.create - Registration of TableGroup [org.hibernate.sql.ast.tree.from.LazyTableGroup@6477123c] with identifierForTableGroup [com.example.trainup.model.Gym.trainers.{element}.userCredentials] for NavigablePath [com.example.trainup.model.Gym.trainers.{element}.userCredentials] 
2025-08-01 19:23:54.508 [main] DEBUG org.hibernate.orm.sql.ast.create - Created new SQL alias : uc1_0
2025-08-01 19:23:54.509 [main] DEBUG org.hibernate.orm.sql.ast.create - Created new SQL alias : r1_0
2025-08-01 19:23:54.509 [main] DEBUG org.hibernate.orm.sql.ast.create - Registration of TableGroup [CollectionTableGroup(com.example.trainup.model.Gym.trainers.{element}.userCredentials.roles)] with identifierForTableGroup [com.example.trainup.model.Gym.trainers.{element}.userCredentials.roles] for NavigablePath [com.example.trainup.model.Gym.trainers.{element}.userCredentials.roles] 
2025-08-01 19:23:54.510 [main] DEBUG org.hibernate.orm.sql.ast.create - Registration of TableGroup [org.hibernate.sql.ast.tree.from.LazyTableGroup@16a5922d] with identifierForTableGroup [com.example.trainup.model.Gym.trainers.{element}.userCredentials.roles.{element}] for NavigablePath [com.example.trainup.model.Gym.trainers.{element}.userCredentials.roles.{element}] 
2025-08-01 19:23:54.510 [main] DEBUG org.hibernate.orm.sql.ast.create - Created new SQL alias : r1_1
2025-08-01 19:23:54.511 [main] DEBUG org.hibernate.orm.results.graph.AST - DomainResult Graph:
 \-CollectionDomainResult [com.example.trainup.model.Gym.trainers]

2025-08-01 19:23:54.513 [main] DEBUG org.hibernate.orm.sql.ast.tree - SQL AST Tree:
    SelectStatement {
      FromClause {
        CollectionTableGroup (t1 : com.example.trainup.model.Gym.trainers) {
          primaryTableReference : gyms_trainers as t1_0
          TableGroupJoins {
             join LazyTableGroup (t1 : com.example.trainup.model.Gym.trainers.{element}) {
              primaryTableReference : trainers as t1_1
              TableGroupJoins {
                left  join LazyTableGroup (l1 : com.example.trainup.model.Gym.trainers.{element}.location) {
                }
                left  join LazyTableGroup (uc1 : com.example.trainup.model.Gym.trainers.{element}.userCredentials) {
                  primaryTableReference : user_credentials as uc1_0
                  TableGroupJoins {
                    left  join CollectionTableGroup (r1 : com.example.trainup.model.Gym.trainers.{element}.userCredentials.roles) {
                      primaryTableReference : user_credentials_roles as r1_0
                      TableGroupJoins {
                        left  join LazyTableGroup (r1 : com.example.trainup.model.Gym.trainers.{element}.userCredentials.roles.{element}) {
                          primaryTableReference : roles as r1_1
                        }
                      }
                    }
                  }
                }
              }
            }
          }
        }
      }
    }

2025-08-01 19:23:54.514 [main] DEBUG org.hibernate.orm.jdbc.mutation - Static SQL for collection: com.example.trainup.model.Gym.trainers
2025-08-01 19:23:54.514 [main] DEBUG org.hibernate.orm.jdbc.mutation -  Row insert: insert into gyms_trainers (gym_id,trainer_id) values (?,?)
2025-08-01 19:23:54.515 [main] DEBUG org.hibernate.orm.jdbc.mutation -  Row delete: delete from gyms_trainers where gym_id=? and trainer_id=?
2025-08-01 19:23:54.515 [main] DEBUG org.hibernate.orm.jdbc.mutation -  One-shot delete: delete from gyms_trainers where gym_id=?
2025-08-01 19:23:54.516 [main] DEBUG org.hibernate.orm.sql.ast.create - Created new SQL alias : c1_0
2025-08-01 19:23:54.516 [main] DEBUG org.hibernate.orm.sql.ast.create - Registration of TableGroup [CollectionTableGroup(com.example.trainup.model.user.Trainer.certificates)] with identifierForTableGroup [com.example.trainup.model.user.Trainer.certificates] for NavigablePath [com.example.trainup.model.user.Trainer.certificates] 
2025-08-01 19:23:54.517 [main] DEBUG org.hibernate.orm.results - Generating Fetch for collection-part : `com.example.trainup.model.user.Trainer.certificates` -> `{element}`
2025-08-01 19:23:54.518 [main] DEBUG org.hibernate.orm.results.graph.AST - DomainResult Graph:
 \-CollectionDomainResult [com.example.trainup.model.user.Trainer.certificates]

2025-08-01 19:23:54.518 [main] DEBUG org.hibernate.orm.sql.ast.tree - SQL AST Tree:
    SelectStatement {
      FromClause {
        CollectionTableGroup (c1 : com.example.trainup.model.user.Trainer.certificates) {
          primaryTableReference : trainer_certificates as c1_0
        }
      }
    }

2025-08-01 19:23:54.519 [main] DEBUG org.hibernate.orm.jdbc.mutation - Static SQL for collection: com.example.trainup.model.user.Trainer.certificates
2025-08-01 19:23:54.519 [main] DEBUG org.hibernate.orm.jdbc.mutation -  Row insert: insert into trainer_certificates (trainer_id,certificates) values (?,?)
2025-08-01 19:23:54.520 [main] DEBUG org.hibernate.orm.jdbc.mutation -  Row delete: delete from trainer_certificates where trainer_id=? and certificates=?
2025-08-01 19:23:54.520 [main] DEBUG org.hibernate.orm.jdbc.mutation -  One-shot delete: delete from trainer_certificates where trainer_id=?
2025-08-01 19:23:54.521 [main] DEBUG org.hibernate.orm.sql.ast.create - Created new SQL alias : g1_0
2025-08-01 19:23:54.521 [main] DEBUG org.hibernate.orm.sql.ast.create - Registration of TableGroup [CollectionTableGroup(com.example.trainup.model.user.Trainer.gyms)] with identifierForTableGroup [com.example.trainup.model.user.Trainer.gyms] for NavigablePath [com.example.trainup.model.user.Trainer.gyms] 
2025-08-01 19:23:54.521 [main] DEBUG org.hibernate.orm.sql.ast.create - Registration of TableGroup [org.hibernate.sql.ast.tree.from.LazyTableGroup@522c641f] with identifierForTableGroup [com.example.trainup.model.user.Trainer.gyms.{element}] for NavigablePath [com.example.trainup.model.user.Trainer.gyms.{element}] 
2025-08-01 19:23:54.522 [main] DEBUG org.hibernate.orm.sql.ast.create - Created new SQL alias : g1_1
2025-08-01 19:23:54.522 [main] DEBUG org.hibernate.orm.sql.ast.create - Registration of TableGroup [org.hibernate.sql.ast.tree.from.LazyTableGroup@40e9fcbe] with identifierForTableGroup [com.example.trainup.model.user.Trainer.gyms.{element}.gymOwner] for NavigablePath [com.example.trainup.model.user.Trainer.gyms.{element}.gymOwner] 
2025-08-01 19:23:54.523 [main] DEBUG org.hibernate.orm.sql.ast.create - Registration of TableGroup [org.hibernate.sql.ast.tree.from.LazyTableGroup@33682785] with identifierForTableGroup [com.example.trainup.model.user.Trainer.gyms.{element}.location] for NavigablePath [com.example.trainup.model.user.Trainer.gyms.{element}.location] 
2025-08-01 19:23:54.524 [main] DEBUG org.hibernate.orm.results.graph.AST - DomainResult Graph:
 \-CollectionDomainResult [com.example.trainup.model.user.Trainer.gyms]

2025-08-01 19:23:54.524 [main] DEBUG org.hibernate.orm.sql.ast.tree - SQL AST Tree:
    SelectStatement {
      FromClause {
        CollectionTableGroup (g1 : com.example.trainup.model.user.Trainer.gyms) {
          primaryTableReference : gyms_trainers as g1_0
          TableGroupJoins {
             join LazyTableGroup (g1 : com.example.trainup.model.user.Trainer.gyms.{element}) {
              primaryTableReference : gyms as g1_1
              TableGroupJoins {
                left  join LazyTableGroup (go1 : com.example.trainup.model.user.Trainer.gyms.{element}.gymOwner) {
                }
                left  join LazyTableGroup (l1 : com.example.trainup.model.user.Trainer.gyms.{element}.location) {
                }
              }
            }
          }
        }
      }
    }

2025-08-01 19:23:54.525 [main] DEBUG org.hibernate.orm.jdbc.mutation - Static SQL for collection: com.example.trainup.model.user.Trainer.gyms
2025-08-01 19:23:54.525 [main] DEBUG org.hibernate.orm.sql.ast.create - Created new SQL alias : g1_0
2025-08-01 19:23:54.526 [main] DEBUG org.hibernate.orm.sql.ast.create - Registration of TableGroup [CollectionTableGroup(com.example.trainup.model.Sport.gyms)] with identifierForTableGroup [com.example.trainup.model.Sport.gyms] for NavigablePath [com.example.trainup.model.Sport.gyms] 
2025-08-01 19:23:54.526 [main] DEBUG org.hibernate.orm.sql.ast.create - Registration of TableGroup [org.hibernate.sql.ast.tree.from.LazyTableGroup@d56b193] with identifierForTableGroup [com.example.trainup.model.Sport.gyms.{element}] for NavigablePath [com.example.trainup.model.Sport.gyms.{element}] 
2025-08-01 19:23:54.526 [main] DEBUG org.hibernate.orm.sql.ast.create - Created new SQL alias : g1_1
2025-08-01 19:23:54.527 [main] DEBUG org.hibernate.orm.sql.ast.create - Registration of TableGroup [org.hibernate.sql.ast.tree.from.LazyTableGroup@667f4ca9] with identifierForTableGroup [com.example.trainup.model.Sport.gyms.{element}.gymOwner] for NavigablePath [com.example.trainup.model.Sport.gyms.{element}.gymOwner] 
2025-08-01 19:23:54.527 [main] DEBUG org.hibernate.orm.sql.ast.create - Registration of TableGroup [org.hibernate.sql.ast.tree.from.LazyTableGroup@3ba8aee5] with identifierForTableGroup [com.example.trainup.model.Sport.gyms.{element}.location] for NavigablePath [com.example.trainup.model.Sport.gyms.{element}.location] 
2025-08-01 19:23:54.528 [main] DEBUG org.hibernate.orm.results.graph.AST - DomainResult Graph:
 \-CollectionDomainResult [com.example.trainup.model.Sport.gyms]

2025-08-01 19:23:54.528 [main] DEBUG org.hibernate.orm.sql.ast.tree - SQL AST Tree:
    SelectStatement {
      FromClause {
        CollectionTableGroup (g1 : com.example.trainup.model.Sport.gyms) {
          primaryTableReference : sports_gyms as g1_0
          TableGroupJoins {
             join LazyTableGroup (g1 : com.example.trainup.model.Sport.gyms.{element}) {
              primaryTableReference : gyms as g1_1
              TableGroupJoins {
                left  join LazyTableGroup (go1 : com.example.trainup.model.Sport.gyms.{element}.gymOwner) {
                }
                left  join LazyTableGroup (l1 : com.example.trainup.model.Sport.gyms.{element}.location) {
                }
              }
            }
          }
        }
      }
    }

2025-08-01 19:23:54.529 [main] DEBUG org.hibernate.orm.jdbc.mutation - Static SQL for collection: com.example.trainup.model.Sport.gyms
2025-08-01 19:23:54.530 [main] DEBUG org.hibernate.orm.sql.ast.create - Created new SQL alias : s1_0
2025-08-01 19:23:54.530 [main] DEBUG org.hibernate.orm.sql.ast.create - Registration of TableGroup [CollectionTableGroup(com.example.trainup.model.user.Trainer.sports)] with identifierForTableGroup [com.example.trainup.model.user.Trainer.sports] for NavigablePath [com.example.trainup.model.user.Trainer.sports] 
2025-08-01 19:23:54.531 [main] DEBUG org.hibernate.orm.sql.ast.create - Registration of TableGroup [org.hibernate.sql.ast.tree.from.LazyTableGroup@1fcc44ee] with identifierForTableGroup [com.example.trainup.model.user.Trainer.sports.{element}] for NavigablePath [com.example.trainup.model.user.Trainer.sports.{element}] 
2025-08-01 19:23:54.531 [main] DEBUG org.hibernate.orm.sql.ast.create - Created new SQL alias : s1_1
2025-08-01 19:23:54.532 [main] DEBUG org.hibernate.orm.results.graph.AST - DomainResult Graph:
 \-CollectionDomainResult [com.example.trainup.model.user.Trainer.sports]

2025-08-01 19:23:54.533 [main] DEBUG org.hibernate.orm.sql.ast.tree - SQL AST Tree:
    SelectStatement {
      FromClause {
        CollectionTableGroup (s1 : com.example.trainup.model.user.Trainer.sports) {
          primaryTableReference : sports_trainers as s1_0
          TableGroupJoins {
             join LazyTableGroup (s1 : com.example.trainup.model.user.Trainer.sports.{element}) {
              primaryTableReference : sports as s1_1
            }
          }
        }
      }
    }

2025-08-01 19:23:54.533 [main] DEBUG org.hibernate.orm.jdbc.mutation - Static SQL for collection: com.example.trainup.model.user.Trainer.sports
2025-08-01 19:23:54.534 [main] DEBUG org.hibernate.orm.jdbc.mutation -  Row insert: insert into sports_trainers (trainer_id,sport_id) values (?,?)
2025-08-01 19:23:54.534 [main] DEBUG org.hibernate.orm.jdbc.mutation -  Row delete: delete from sports_trainers where trainer_id=? and sport_id=?
2025-08-01 19:23:54.535 [main] DEBUG org.hibernate.orm.jdbc.mutation -  One-shot delete: delete from sports_trainers where trainer_id=?
2025-08-01 19:23:54.535 [main] DEBUG org.hibernate.orm.sql.ast.create - Created new SQL alias : t1_0
2025-08-01 19:23:54.536 [main] DEBUG org.hibernate.orm.sql.ast.create - Registration of TableGroup [org.hibernate.sql.ast.tree.from.OneToManyTableGroup@62a48db8] with identifierForTableGroup [com.example.trainup.model.Address.trainers] for NavigablePath [com.example.trainup.model.Address.trainers] 
2025-08-01 19:23:54.536 [main] DEBUG org.hibernate.orm.sql.ast.create - Registration of TableGroup [StandardTableGroup(com.example.trainup.model.Address.trainers.{element})] with identifierForTableGroup [com.example.trainup.model.Address.trainers.{element}] for NavigablePath [com.example.trainup.model.Address.trainers.{element}] 
2025-08-01 19:23:54.537 [main] DEBUG org.hibernate.orm.sql.ast.create - Registration of TableGroup [org.hibernate.sql.ast.tree.from.LazyTableGroup@2e79af11] with identifierForTableGroup [com.example.trainup.model.Address.trainers.{element}.location] for NavigablePath [com.example.trainup.model.Address.trainers.{element}.location] 
2025-08-01 19:23:54.538 [main] DEBUG org.hibernate.orm.sql.ast.create - Registration of TableGroup [org.hibernate.sql.ast.tree.from.LazyTableGroup@405a396d] with identifierForTableGroup [com.example.trainup.model.Address.trainers.{element}.userCredentials] for NavigablePath [com.example.trainup.model.Address.trainers.{element}.userCredentials] 
2025-08-01 19:23:54.538 [main] DEBUG org.hibernate.orm.sql.ast.create - Created new SQL alias : uc1_0
2025-08-01 19:23:54.539 [main] DEBUG org.hibernate.orm.sql.ast.create - Created new SQL alias : r1_0
2025-08-01 19:23:54.539 [main] DEBUG org.hibernate.orm.sql.ast.create - Registration of TableGroup [CollectionTableGroup(com.example.trainup.model.Address.trainers.{element}.userCredentials.roles)] with identifierForTableGroup [com.example.trainup.model.Address.trainers.{element}.userCredentials.roles] for NavigablePath [com.example.trainup.model.Address.trainers.{element}.userCredentials.roles] 
2025-08-01 19:23:54.540 [main] DEBUG org.hibernate.orm.sql.ast.create - Registration of TableGroup [org.hibernate.sql.ast.tree.from.LazyTableGroup@6d5b593] with identifierForTableGroup [com.example.trainup.model.Address.trainers.{element}.userCredentials.roles.{element}] for NavigablePath [com.example.trainup.model.Address.trainers.{element}.userCredentials.roles.{element}] 
2025-08-01 19:23:54.540 [main] DEBUG org.hibernate.orm.sql.ast.create - Created new SQL alias : r1_1
2025-08-01 19:23:54.541 [main] DEBUG org.hibernate.orm.results.graph.AST - DomainResult Graph:
 \-CollectionDomainResult [com.example.trainup.model.Address.trainers]

2025-08-01 19:23:54.541 [main] DEBUG org.hibernate.orm.sql.ast.tree - SQL AST Tree:
    SelectStatement {
      FromClause {
        OneToManyTableGroup (t1 : com.example.trainup.model.Address.trainers) {
          primaryTableReference : trainers as t1_0
          TableGroupJoins {
            left  join LazyTableGroup (l1 : com.example.trainup.model.Address.trainers.{element}.location) {
            }
            left  join LazyTableGroup (uc1 : com.example.trainup.model.Address.trainers.{element}.userCredentials) {
              primaryTableReference : user_credentials as uc1_0
              TableGroupJoins {
                left  join CollectionTableGroup (r1 : com.example.trainup.model.Address.trainers.{element}.userCredentials.roles) {
                  primaryTableReference : user_credentials_roles as r1_0
                  TableGroupJoins {
                    left  join LazyTableGroup (r1 : com.example.trainup.model.Address.trainers.{element}.userCredentials.roles.{element}) {
                      primaryTableReference : roles as r1_1
                    }
                  }
                }
              }
            }
          }
        }
      }
    }

2025-08-01 19:23:54.542 [main] DEBUG org.hibernate.orm.jdbc.mutation - Static SQL for collection: com.example.trainup.model.Address.trainers
2025-08-01 19:23:54.964 [main] INFO  org.hibernate.engine.transaction.jta.platform.internal.JtaPlatformInitiator - HHH000489: No JTA platform available (set 'hibernate.transaction.jta.platform' to enable JTA platform integration)
2025-08-01 19:23:54.964 [main] DEBUG org.hibernate.type.spi.TypeConfiguration$Scope - Scoping TypeConfiguration [org.hibernate.type.spi.TypeConfiguration@5af17d1] to SessionFactoryImplementor [org.hibernate.internal.SessionFactoryImpl@2397ec72]
2025-08-01 19:23:54.965 [main] DEBUG org.hibernate.query.named.NamedObjectRepository - Checking 0 named HQL queries
2025-08-01 19:23:54.965 [main] DEBUG org.hibernate.query.named.NamedObjectRepository - Checking 0 named SQL queries
2025-08-01 19:23:54.965 [main] DEBUG org.hibernate.tool.schema.spi.SchemaManagementToolCoordinator - No schema actions specified for contributor `orm`; doing nothing
2025-08-01 19:23:54.966 [main] DEBUG org.hibernate.tool.schema.spi.SchemaManagementToolCoordinator - No actions found; doing nothing
2025-08-01 19:23:54.966 [main] DEBUG org.hibernate.internal.SessionFactoryRegistry - Registering SessionFactory: 924f5240-aa79-4c84-82d6-23d867a3de07 (<unnamed>)
2025-08-01 19:23:54.966 [main] DEBUG org.hibernate.internal.SessionFactoryRegistry - Not binding SessionFactory to JNDI, no JNDI name configured
2025-08-01 19:23:54.967 [main] DEBUG org.hibernate.internal.SessionFactoryImpl - Instantiated SessionFactory
2025-08-01 19:23:54.967 [main] INFO  org.springframework.orm.jpa.LocalContainerEntityManagerFactoryBean - Initialized JPA EntityManagerFactory for persistence unit 'default'
2025-08-01 19:23:54.982 [main] DEBUG org.springframework.beans.factory.support.DefaultListableBeanFactory - Creating shared instance of singleton bean 'trainUpApplication'
2025-08-01 19:23:55.023 [main] DEBUG org.springframework.beans.factory.support.DefaultListableBeanFactory - Creating shared instance of singleton bean 'geminiClientConfig'
2025-08-01 19:23:55.026 [main] DEBUG org.springframework.core.env.PropertySourcesPropertyResolver - Found key 'gemini.api.key' in PropertySource 'environmentProperties' with value of type String
2025-08-01 19:23:55.062 [main] DEBUG org.springframework.beans.factory.support.DefaultListableBeanFactory - Creating shared instance of singleton bean 'openApiConfig'
2025-08-01 19:23:55.099 [main] DEBUG org.springframework.beans.factory.support.DefaultListableBeanFactory - Creating shared instance of singleton bean 'securityConfig'
2025-08-01 19:23:55.104 [main] DEBUG org.springframework.beans.factory.support.DefaultListableBeanFactory - Creating shared instance of singleton bean 'customUserDetailsService'
2025-08-01 19:23:55.105 [main] DEBUG org.springframework.beans.factory.support.DefaultListableBeanFactory - Creating shared instance of singleton bean 'userCredentialsRepository'
2025-08-01 19:23:55.121 [main] DEBUG org.springframework.beans.factory.support.DefaultListableBeanFactory - Creating shared instance of singleton bean 'jpa.named-queries#1'
2025-08-01 19:23:55.141 [main] DEBUG org.springframework.beans.factory.support.DefaultListableBeanFactory - Creating shared instance of singleton bean 'jpa.UserCredentialsRepository.fragments#0'
2025-08-01 19:23:55.173 [main] DEBUG org.springframework.beans.factory.support.DefaultListableBeanFactory - Creating shared instance of singleton bean 'jpaSharedEM_entityManagerFactory'
2025-08-01 19:23:55.240 [main] DEBUG org.springframework.beans.factory.support.DefaultListableBeanFactory - Creating shared instance of singleton bean 'jpaMappingContext'
2025-08-01 19:23:55.241 [main] DEBUG org.springframework.data.jpa.repository.config.JpaMetamodelMappingContextFactoryBean - Initializing JpaMetamodelMappingContext…
2025-08-01 19:23:55.242 [main] DEBUG org.springframework.data.jpa.repository.config.JpaMetamodelMappingContextFactoryBean - Finished initializing JpaMetamodelMappingContext
2025-08-01 19:23:55.269 [main] DEBUG org.springframework.orm.jpa.SharedEntityManagerCreator$SharedEntityManagerInvocationHandler - Creating new EntityManager for shared EntityManager invocation
2025-08-01 19:23:55.270 [main] DEBUG org.hibernate.stat.internal.StatisticsInitiator - Statistics initialized [enabled=false]
2025-08-01 19:23:55.272 [main] DEBUG org.springframework.beans.factory.support.DefaultListableBeanFactory - Creating shared instance of singleton bean 'metricsRepositoryMethodInvocationListener'
2025-08-01 19:23:55.272 [main] DEBUG org.springframework.beans.factory.support.DefaultListableBeanFactory - Creating shared instance of singleton bean 'org.springframework.boot.actuate.autoconfigure.metrics.data.RepositoryMetricsAutoConfiguration'
2025-08-01 19:23:55.274 [main] DEBUG org.springframework.beans.factory.support.DefaultListableBeanFactory - Creating shared instance of singleton bean 'management.metrics-org.springframework.boot.actuate.autoconfigure.metrics.MetricsProperties'
2025-08-01 19:23:55.281 [main] DEBUG org.springframework.beans.factory.support.DefaultListableBeanFactory - Autowiring by type from bean name 'org.springframework.boot.actuate.autoconfigure.metrics.data.RepositoryMetricsAutoConfiguration' via constructor to bean named 'management.metrics-org.springframework.boot.actuate.autoconfigure.metrics.MetricsProperties'
2025-08-01 19:23:55.288 [main] DEBUG org.springframework.beans.factory.support.DefaultListableBeanFactory - Creating shared instance of singleton bean 'repositoryTagsProvider'
2025-08-01 19:23:55.293 [main] DEBUG org.springframework.beans.factory.support.DefaultListableBeanFactory - Autowiring by type from bean name 'metricsRepositoryMethodInvocationListener' via factory method to bean named 'repositoryTagsProvider'
2025-08-01 19:23:55.317 [main] DEBUG org.springframework.data.repository.core.support.RepositoryFactorySupport - Initializing repository instance for com.example.trainup.repository.UserCredentialsRepository…
2025-08-01 19:23:55.320 [main] DEBUG org.springframework.orm.jpa.SharedEntityManagerCreator$SharedEntityManagerInvocationHandler - Creating new EntityManager for shared EntityManager invocation
2025-08-01 19:23:55.326 [main] DEBUG org.springframework.data.jpa.repository.query.NamedQuery - Looking up named query 'UserCredentials.findByEmail'
2025-08-01 19:23:55.326 [main] DEBUG org.hibernate.resource.transaction.backend.jdbc.internal.JdbcResourceLocalTransactionCoordinatorImpl - JDBC transaction marked for rollback-only (exception provided for stack trace)
java.lang.Exception: exception just for purpose of providing stack trace
	at org.hibernate.resource.transaction.backend.jdbc.internal.JdbcResourceLocalTransactionCoordinatorImpl$TransactionDriverControlImpl.markRollbackOnly(JdbcResourceLocalTransactionCoordinatorImpl.java:309) ~[hibernate-core-6.6.8.Final.jar:6.6.8.Final]
	at org.hibernate.internal.AbstractSharedSessionContract.buildNamedQuery(AbstractSharedSessionContract.java:1141) ~[hibernate-core-6.6.8.Final.jar:6.6.8.Final]
	at org.hibernate.internal.AbstractSharedSessionContract.createNamedQuery(AbstractSharedSessionContract.java:1019) ~[hibernate-core-6.6.8.Final.jar:6.6.8.Final]
	at org.hibernate.internal.AbstractSharedSessionContract.createNamedQuery(AbstractSharedSessionContract.java:143) ~[hibernate-core-6.6.8.Final.jar:6.6.8.Final]
	at jdk.internal.reflect.GeneratedMethodAccessor95.invoke(Unknown Source) ~[?:?]
	at java.base/jdk.internal.reflect.DelegatingMethodAccessorImpl.invoke(DelegatingMethodAccessorImpl.java:43) ~[?:?]
	at java.base/java.lang.reflect.Method.invoke(Method.java:569) ~[?:?]
	at org.springframework.orm.jpa.ExtendedEntityManagerCreator$ExtendedEntityManagerInvocationHandler.invoke(ExtendedEntityManagerCreator.java:364) ~[spring-orm-6.2.3.jar:6.2.3]
	at jdk.proxy2/jdk.proxy2.$Proxy236.createNamedQuery(Unknown Source) ~[?:?]
	at org.springframework.data.jpa.repository.query.NamedQuery.hasNamedQuery(NamedQuery.java:114) ~[spring-data-jpa-3.4.3.jar:3.4.3]
	at org.springframework.data.jpa.repository.query.NamedQuery.lookupFrom(NamedQuery.java:140) ~[spring-data-jpa-3.4.3.jar:3.4.3]
	at org.springframework.data.jpa.repository.query.JpaQueryLookupStrategy$DeclaredQueryLookupStrategy.resolveQuery(JpaQueryLookupStrategy.java:184) ~[spring-data-jpa-3.4.3.jar:3.4.3]
	at org.springframework.data.jpa.repository.query.JpaQueryLookupStrategy$CreateIfNotFoundQueryLookupStrategy.resolveQuery(JpaQueryLookupStrategy.java:256) ~[spring-data-jpa-3.4.3.jar:3.4.3]
	at org.springframework.data.jpa.repository.query.JpaQueryLookupStrategy$AbstractQueryLookupStrategy.resolveQuery(JpaQueryLookupStrategy.java:99) ~[spring-data-jpa-3.4.3.jar:3.4.3]
	at org.springframework.data.repository.core.support.QueryExecutorMethodInterceptor.lookupQuery(QueryExecutorMethodInterceptor.java:116) ~[spring-data-commons-3.4.3.jar:3.4.3]
	at org.springframework.data.repository.core.support.QueryExecutorMethodInterceptor.mapMethodsToQuery(QueryExecutorMethodInterceptor.java:104) ~[spring-data-commons-3.4.3.jar:3.4.3]
	at org.springframework.data.repository.core.support.QueryExecutorMethodInterceptor.lambda$new$0(QueryExecutorMethodInterceptor.java:92) ~[spring-data-commons-3.4.3.jar:3.4.3]
	at java.base/java.util.Optional.map(Optional.java:260) ~[?:?]
	at org.springframework.data.repository.core.support.QueryExecutorMethodInterceptor.<init>(QueryExecutorMethodInterceptor.java:92) ~[spring-data-commons-3.4.3.jar:3.4.3]
	at org.springframework.data.repository.core.support.RepositoryFactorySupport.getRepository(RepositoryFactorySupport.java:440) ~[spring-data-commons-3.4.3.jar:3.4.3]
	at org.springframework.data.repository.core.support.RepositoryFactoryBeanSupport.lambda$afterPropertiesSet$4(RepositoryFactoryBeanSupport.java:350) ~[spring-data-commons-3.4.3.jar:3.4.3]
	at org.springframework.data.util.Lazy.getNullable(Lazy.java:135) ~[spring-data-commons-3.4.3.jar:3.4.3]
	at org.springframework.data.util.Lazy.get(Lazy.java:113) ~[spring-data-commons-3.4.3.jar:3.4.3]
	at org.springframework.data.repository.core.support.RepositoryFactoryBeanSupport.afterPropertiesSet(RepositoryFactoryBeanSupport.java:356) ~[spring-data-commons-3.4.3.jar:3.4.3]
	at org.springframework.data.jpa.repository.support.JpaRepositoryFactoryBean.afterPropertiesSet(JpaRepositoryFactoryBean.java:132) ~[spring-data-jpa-3.4.3.jar:3.4.3]
	at org.springframework.beans.factory.support.AbstractAutowireCapableBeanFactory.invokeInitMethods(AbstractAutowireCapableBeanFactory.java:1859) ~[spring-beans-6.2.3.jar:6.2.3]
	at org.springframework.beans.factory.support.AbstractAutowireCapableBeanFactory.initializeBean(AbstractAutowireCapableBeanFactory.java:1808) ~[spring-beans-6.2.3.jar:6.2.3]
	at org.springframework.beans.factory.support.AbstractAutowireCapableBeanFactory.doCreateBean(AbstractAutowireCapableBeanFactory.java:601) ~[spring-beans-6.2.3.jar:6.2.3]
	at org.springframework.beans.factory.support.AbstractAutowireCapableBeanFactory.createBean(AbstractAutowireCapableBeanFactory.java:523) ~[spring-beans-6.2.3.jar:6.2.3]
	at org.springframework.beans.factory.support.AbstractBeanFactory.lambda$doGetBean$0(AbstractBeanFactory.java:339) ~[spring-beans-6.2.3.jar:6.2.3]
	at org.springframework.beans.factory.support.DefaultSingletonBeanRegistry.getSingleton(DefaultSingletonBeanRegistry.java:346) ~[spring-beans-6.2.3.jar:6.2.3]
	at org.springframework.beans.factory.support.AbstractBeanFactory.doGetBean(AbstractBeanFactory.java:337) ~[spring-beans-6.2.3.jar:6.2.3]
	at org.springframework.beans.factory.support.AbstractBeanFactory.getBean(AbstractBeanFactory.java:202) ~[spring-beans-6.2.3.jar:6.2.3]
	at org.springframework.beans.factory.support.DefaultListableBeanFactory.doResolveDependency(DefaultListableBeanFactory.java:1606) ~[spring-beans-6.2.3.jar:6.2.3]
	at org.springframework.beans.factory.support.DefaultListableBeanFactory.resolveDependency(DefaultListableBeanFactory.java:1552) ~[spring-beans-6.2.3.jar:6.2.3]
	at org.springframework.beans.factory.support.ConstructorResolver.resolveAutowiredArgument(ConstructorResolver.java:913) ~[spring-beans-6.2.3.jar:6.2.3]
	at org.springframework.beans.factory.support.ConstructorResolver.createArgumentArray(ConstructorResolver.java:791) ~[spring-beans-6.2.3.jar:6.2.3]
	at org.springframework.beans.factory.support.ConstructorResolver.autowireConstructor(ConstructorResolver.java:240) ~[spring-beans-6.2.3.jar:6.2.3]
	at org.springframework.beans.factory.support.AbstractAutowireCapableBeanFactory.autowireConstructor(AbstractAutowireCapableBeanFactory.java:1381) ~[spring-beans-6.2.3.jar:6.2.3]
	at org.springframework.beans.factory.support.AbstractAutowireCapableBeanFactory.createBeanInstance(AbstractAutowireCapableBeanFactory.java:1218) ~[spring-beans-6.2.3.jar:6.2.3]
	at org.springframework.beans.factory.support.AbstractAutowireCapableBeanFactory.doCreateBean(AbstractAutowireCapableBeanFactory.java:563) ~[spring-beans-6.2.3.jar:6.2.3]
	at org.springframework.beans.factory.support.AbstractAutowireCapableBeanFactory.createBean(AbstractAutowireCapableBeanFactory.java:523) ~[spring-beans-6.2.3.jar:6.2.3]
	at org.springframework.beans.factory.support.AbstractBeanFactory.lambda$doGetBean$0(AbstractBeanFactory.java:339) ~[spring-beans-6.2.3.jar:6.2.3]
	at org.springframework.beans.factory.support.DefaultSingletonBeanRegistry.getSingleton(DefaultSingletonBeanRegistry.java:346) ~[spring-beans-6.2.3.jar:6.2.3]
	at org.springframework.beans.factory.support.AbstractBeanFactory.doGetBean(AbstractBeanFactory.java:337) ~[spring-beans-6.2.3.jar:6.2.3]
	at org.springframework.beans.factory.support.AbstractBeanFactory.getBean(AbstractBeanFactory.java:202) ~[spring-beans-6.2.3.jar:6.2.3]
	at org.springframework.beans.factory.config.DependencyDescriptor.resolveCandidate(DependencyDescriptor.java:254) ~[spring-beans-6.2.3.jar:6.2.3]
	at org.springframework.beans.factory.support.DefaultListableBeanFactory.doResolveDependency(DefaultListableBeanFactory.java:1664) ~[spring-beans-6.2.3.jar:6.2.3]
	at org.springframework.beans.factory.support.DefaultListableBeanFactory.resolveDependency(DefaultListableBeanFactory.java:1552) ~[spring-beans-6.2.3.jar:6.2.3]
	at org.springframework.beans.factory.support.ConstructorResolver.resolveAutowiredArgument(ConstructorResolver.java:913) ~[spring-beans-6.2.3.jar:6.2.3]
	at org.springframework.beans.factory.support.ConstructorResolver.createArgumentArray(ConstructorResolver.java:791) ~[spring-beans-6.2.3.jar:6.2.3]
	at org.springframework.beans.factory.support.ConstructorResolver.autowireConstructor(ConstructorResolver.java:240) ~[spring-beans-6.2.3.jar:6.2.3]
	at org.springframework.beans.factory.support.AbstractAutowireCapableBeanFactory.autowireConstructor(AbstractAutowireCapableBeanFactory.java:1381) ~[spring-beans-6.2.3.jar:6.2.3]
	at org.springframework.beans.factory.support.AbstractAutowireCapableBeanFactory.createBeanInstance(AbstractAutowireCapableBeanFactory.java:1218) ~[spring-beans-6.2.3.jar:6.2.3]
	at org.springframework.beans.factory.support.AbstractAutowireCapableBeanFactory.doCreateBean(AbstractAutowireCapableBeanFactory.java:563) ~[spring-beans-6.2.3.jar:6.2.3]
	at org.springframework.beans.factory.support.AbstractAutowireCapableBeanFactory.createBean(AbstractAutowireCapableBeanFactory.java:523) ~[spring-beans-6.2.3.jar:6.2.3]
	at org.springframework.beans.factory.support.AbstractBeanFactory.lambda$doGetBean$0(AbstractBeanFactory.java:339) ~[spring-beans-6.2.3.jar:6.2.3]
	at org.springframework.beans.factory.support.DefaultSingletonBeanRegistry.getSingleton(DefaultSingletonBeanRegistry.java:346) ~[spring-beans-6.2.3.jar:6.2.3]
	at org.springframework.beans.factory.support.AbstractBeanFactory.doGetBean(AbstractBeanFactory.java:337) ~[spring-beans-6.2.3.jar:6.2.3]
	at org.springframework.beans.factory.support.AbstractBeanFactory.getBean(AbstractBeanFactory.java:202) ~[spring-beans-6.2.3.jar:6.2.3]
	at org.springframework.beans.factory.support.DefaultListableBeanFactory.instantiateSingleton(DefaultListableBeanFactory.java:1155) ~[spring-beans-6.2.3.jar:6.2.3]
	at org.springframework.beans.factory.support.DefaultListableBeanFactory.preInstantiateSingleton(DefaultListableBeanFactory.java:1121) ~[spring-beans-6.2.3.jar:6.2.3]
	at org.springframework.beans.factory.support.DefaultListableBeanFactory.preInstantiateSingletons(DefaultListableBeanFactory.java:1056) ~[spring-beans-6.2.3.jar:6.2.3]
	at org.springframework.context.support.AbstractApplicationContext.finishBeanFactoryInitialization(AbstractApplicationContext.java:987) ~[spring-context-6.2.3.jar:6.2.3]
	at org.springframework.context.support.AbstractApplicationContext.refresh(AbstractApplicationContext.java:627) ~[spring-context-6.2.3.jar:6.2.3]
	at org.springframework.boot.SpringApplication.refresh(SpringApplication.java:752) ~[spring-boot-3.4.3.jar:3.4.3]
	at org.springframework.boot.SpringApplication.refreshContext(SpringApplication.java:439) ~[spring-boot-3.4.3.jar:3.4.3]
	at org.springframework.boot.SpringApplication.run(SpringApplication.java:318) ~[spring-boot-3.4.3.jar:3.4.3]
	at org.springframework.boot.test.context.SpringBootContextLoader.lambda$loadContext$3(SpringBootContextLoader.java:137) ~[spring-boot-test-3.4.3.jar:3.4.3]
	at org.springframework.util.function.ThrowingSupplier.get(ThrowingSupplier.java:58) ~[spring-core-6.2.3.jar:6.2.3]
	at org.springframework.util.function.ThrowingSupplier.get(ThrowingSupplier.java:46) ~[spring-core-6.2.3.jar:6.2.3]
	at org.springframework.boot.SpringApplication.withHook(SpringApplication.java:1461) ~[spring-boot-3.4.3.jar:3.4.3]
	at org.springframework.boot.test.context.SpringBootContextLoader$ContextLoaderHook.run(SpringBootContextLoader.java:553) ~[spring-boot-test-3.4.3.jar:3.4.3]
	at org.springframework.boot.test.context.SpringBootContextLoader.loadContext(SpringBootContextLoader.java:137) ~[spring-boot-test-3.4.3.jar:3.4.3]
	at org.springframework.boot.test.context.SpringBootContextLoader.loadContext(SpringBootContextLoader.java:108) ~[spring-boot-test-3.4.3.jar:3.4.3]
	at org.springframework.test.context.cache.DefaultCacheAwareContextLoaderDelegate.loadContextInternal(DefaultCacheAwareContextLoaderDelegate.java:225) ~[spring-test-6.2.3.jar:6.2.3]
	at org.springframework.test.context.cache.DefaultCacheAwareContextLoaderDelegate.loadContext(DefaultCacheAwareContextLoaderDelegate.java:152) ~[spring-test-6.2.3.jar:6.2.3]
	at org.springframework.test.context.support.DefaultTestContext.getApplicationContext(DefaultTestContext.java:130) ~[spring-test-6.2.3.jar:6.2.3]
	at org.springframework.test.context.web.ServletTestExecutionListener.setUpRequestContextIfNecessary(ServletTestExecutionListener.java:200) ~[spring-test-6.2.3.jar:6.2.3]
	at org.springframework.test.context.web.ServletTestExecutionListener.prepareTestInstance(ServletTestExecutionListener.java:139) ~[spring-test-6.2.3.jar:6.2.3]
	at org.springframework.test.context.TestContextManager.prepareTestInstance(TestContextManager.java:260) ~[spring-test-6.2.3.jar:6.2.3]
	at org.springframework.test.context.junit.jupiter.SpringExtension.postProcessTestInstance(SpringExtension.java:160) ~[spring-test-6.2.3.jar:6.2.3]
	at org.junit.jupiter.engine.descriptor.ClassBasedTestDescriptor.lambda$invokeTestInstancePostProcessors$11(ClassBasedTestDescriptor.java:378) ~[junit-jupiter-engine-5.11.4.jar:5.11.4]
	at org.junit.jupiter.engine.descriptor.ClassBasedTestDescriptor.executeAndMaskThrowable(ClassBasedTestDescriptor.java:383) ~[junit-jupiter-engine-5.11.4.jar:5.11.4]
	at org.junit.jupiter.engine.descriptor.ClassBasedTestDescriptor.lambda$invokeTestInstancePostProcessors$12(ClassBasedTestDescriptor.java:378) ~[junit-jupiter-engine-5.11.4.jar:5.11.4]
	at java.base/java.util.stream.ForEachOps$ForEachOp$OfRef.accept(ForEachOps.java:183) ~[?:?]
	at java.base/java.util.stream.ReferencePipeline$3$1.accept(ReferencePipeline.java:197) ~[?:?]
	at java.base/java.util.stream.ReferencePipeline$2$1.accept(ReferencePipeline.java:179) ~[?:?]
	at java.base/java.util.stream.ReferencePipeline$3$1.accept(ReferencePipeline.java:197) ~[?:?]
	at java.base/java.util.ArrayList$ArrayListSpliterator.forEachRemaining(ArrayList.java:1625) ~[?:?]
	at java.base/java.util.stream.AbstractPipeline.copyInto(AbstractPipeline.java:509) ~[?:?]
	at java.base/java.util.stream.AbstractPipeline.wrapAndCopyInto(AbstractPipeline.java:499) ~[?:?]
	at java.base/java.util.stream.ForEachOps$ForEachOp.evaluateSequential(ForEachOps.java:150) ~[?:?]
	at java.base/java.util.stream.ForEachOps$ForEachOp$OfRef.evaluateSequential(ForEachOps.java:173) ~[?:?]
	at java.base/java.util.stream.AbstractPipeline.evaluate(AbstractPipeline.java:234) ~[?:?]
	at java.base/java.util.stream.ReferencePipeline.forEach(ReferencePipeline.java:596) ~[?:?]
	at org.junit.jupiter.engine.descriptor.ClassBasedTestDescriptor.invokeTestInstancePostProcessors(ClassBasedTestDescriptor.java:377) ~[junit-jupiter-engine-5.11.4.jar:5.11.4]
	at org.junit.jupiter.engine.descriptor.ClassBasedTestDescriptor.lambda$instantiateAndPostProcessTestInstance$7(ClassBasedTestDescriptor.java:290) ~[junit-jupiter-engine-5.11.4.jar:5.11.4]
	at org.junit.platform.engine.support.hierarchical.ThrowableCollector.execute(ThrowableCollector.java:73) ~[junit-platform-engine-1.11.4.jar:1.11.4]
	at org.junit.jupiter.engine.descriptor.ClassBasedTestDescriptor.instantiateAndPostProcessTestInstance(ClassBasedTestDescriptor.java:289) ~[junit-jupiter-engine-5.11.4.jar:5.11.4]
	at org.junit.jupiter.engine.descriptor.ClassBasedTestDescriptor.lambda$testInstancesProvider$5(ClassBasedTestDescriptor.java:279) ~[junit-jupiter-engine-5.11.4.jar:5.11.4]
	at java.base/java.util.Optional.orElseGet(Optional.java:364) ~[?:?]
	at org.junit.jupiter.engine.descriptor.ClassBasedTestDescriptor.lambda$testInstancesProvider$6(ClassBasedTestDescriptor.java:278) ~[junit-jupiter-engine-5.11.4.jar:5.11.4]
	at org.junit.jupiter.engine.execution.TestInstancesProvider.getTestInstances(TestInstancesProvider.java:31) ~[junit-jupiter-engine-5.11.4.jar:5.11.4]
	at org.junit.jupiter.engine.descriptor.TestMethodTestDescriptor.lambda$prepare$1(TestMethodTestDescriptor.java:105) ~[junit-jupiter-engine-5.11.4.jar:5.11.4]
	at org.junit.platform.engine.support.hierarchical.ThrowableCollector.execute(ThrowableCollector.java:73) ~[junit-platform-engine-1.11.4.jar:1.11.4]
	at org.junit.jupiter.engine.descriptor.TestMethodTestDescriptor.prepare(TestMethodTestDescriptor.java:104) ~[junit-jupiter-engine-5.11.4.jar:5.11.4]
	at org.junit.jupiter.engine.descriptor.TestMethodTestDescriptor.prepare(TestMethodTestDescriptor.java:68) ~[junit-jupiter-engine-5.11.4.jar:5.11.4]
	at org.junit.platform.engine.support.hierarchical.NodeTestTask.lambda$prepare$2(NodeTestTask.java:128) ~[junit-platform-engine-1.11.4.jar:1.11.4]
	at org.junit.platform.engine.support.hierarchical.ThrowableCollector.execute(ThrowableCollector.java:73) ~[junit-platform-engine-1.11.4.jar:1.11.4]
	at org.junit.platform.engine.support.hierarchical.NodeTestTask.prepare(NodeTestTask.java:128) ~[junit-platform-engine-1.11.4.jar:1.11.4]
	at org.junit.platform.engine.support.hierarchical.NodeTestTask.execute(NodeTestTask.java:95) ~[junit-platform-engine-1.11.4.jar:1.11.4]
	at java.base/java.util.ArrayList.forEach(ArrayList.java:1511) ~[?:?]
	at org.junit.platform.engine.support.hierarchical.SameThreadHierarchicalTestExecutorService.invokeAll(SameThreadHierarchicalTestExecutorService.java:41) ~[junit-platform-engine-1.11.4.jar:1.11.4]
	at org.junit.platform.engine.support.hierarchical.NodeTestTask.lambda$executeRecursively$6(NodeTestTask.java:160) ~[junit-platform-engine-1.11.4.jar:1.11.4]
	at org.junit.platform.engine.support.hierarchical.ThrowableCollector.execute(ThrowableCollector.java:73) ~[junit-platform-engine-1.11.4.jar:1.11.4]
	at org.junit.platform.engine.support.hierarchical.NodeTestTask.lambda$executeRecursively$8(NodeTestTask.java:146) ~[junit-platform-engine-1.11.4.jar:1.11.4]
	at org.junit.platform.engine.support.hierarchical.Node.around(Node.java:137) ~[junit-platform-engine-1.11.4.jar:1.11.4]
	at org.junit.platform.engine.support.hierarchical.NodeTestTask.lambda$executeRecursively$9(NodeTestTask.java:144) ~[junit-platform-engine-1.11.4.jar:1.11.4]
	at org.junit.platform.engine.support.hierarchical.ThrowableCollector.execute(ThrowableCollector.java:73) ~[junit-platform-engine-1.11.4.jar:1.11.4]
	at org.junit.platform.engine.support.hierarchical.NodeTestTask.executeRecursively(NodeTestTask.java:143) ~[junit-platform-engine-1.11.4.jar:1.11.4]
	at org.junit.platform.engine.support.hierarchical.NodeTestTask.execute(NodeTestTask.java:100) ~[junit-platform-engine-1.11.4.jar:1.11.4]
	at java.base/java.util.ArrayList.forEach(ArrayList.java:1511) ~[?:?]
	at org.junit.platform.engine.support.hierarchical.SameThreadHierarchicalTestExecutorService.invokeAll(SameThreadHierarchicalTestExecutorService.java:41) ~[junit-platform-engine-1.11.4.jar:1.11.4]
	at org.junit.platform.engine.support.hierarchical.NodeTestTask.lambda$executeRecursively$6(NodeTestTask.java:160) ~[junit-platform-engine-1.11.4.jar:1.11.4]
	at org.junit.platform.engine.support.hierarchical.ThrowableCollector.execute(ThrowableCollector.java:73) ~[junit-platform-engine-1.11.4.jar:1.11.4]
	at org.junit.platform.engine.support.hierarchical.NodeTestTask.lambda$executeRecursively$8(NodeTestTask.java:146) ~[junit-platform-engine-1.11.4.jar:1.11.4]
	at org.junit.platform.engine.support.hierarchical.Node.around(Node.java:137) ~[junit-platform-engine-1.11.4.jar:1.11.4]
	at org.junit.platform.engine.support.hierarchical.NodeTestTask.lambda$executeRecursively$9(NodeTestTask.java:144) ~[junit-platform-engine-1.11.4.jar:1.11.4]
	at org.junit.platform.engine.support.hierarchical.ThrowableCollector.execute(ThrowableCollector.java:73) ~[junit-platform-engine-1.11.4.jar:1.11.4]
	at org.junit.platform.engine.support.hierarchical.NodeTestTask.executeRecursively(NodeTestTask.java:143) ~[junit-platform-engine-1.11.4.jar:1.11.4]
	at org.junit.platform.engine.support.hierarchical.NodeTestTask.execute(NodeTestTask.java:100) ~[junit-platform-engine-1.11.4.jar:1.11.4]
	at org.junit.platform.engine.support.hierarchical.SameThreadHierarchicalTestExecutorService.submit(SameThreadHierarchicalTestExecutorService.java:35) ~[junit-platform-engine-1.11.4.jar:1.11.4]
	at org.junit.platform.engine.support.hierarchical.HierarchicalTestExecutor.execute(HierarchicalTestExecutor.java:57) ~[junit-platform-engine-1.11.4.jar:1.11.4]
	at org.junit.platform.engine.support.hierarchical.HierarchicalTestEngine.execute(HierarchicalTestEngine.java:54) ~[junit-platform-engine-1.11.4.jar:1.11.4]
	at org.junit.platform.launcher.core.EngineExecutionOrchestrator.execute(EngineExecutionOrchestrator.java:198) ~[junit-platform-launcher-1.11.4.jar:1.11.4]
	at org.junit.platform.launcher.core.EngineExecutionOrchestrator.execute(EngineExecutionOrchestrator.java:169) ~[junit-platform-launcher-1.11.4.jar:1.11.4]
	at org.junit.platform.launcher.core.EngineExecutionOrchestrator.execute(EngineExecutionOrchestrator.java:93) ~[junit-platform-launcher-1.11.4.jar:1.11.4]
	at org.junit.platform.launcher.core.EngineExecutionOrchestrator.lambda$execute$0(EngineExecutionOrchestrator.java:58) ~[junit-platform-launcher-1.11.4.jar:1.11.4]
	at org.junit.platform.launcher.core.EngineExecutionOrchestrator.withInterceptedStreams(EngineExecutionOrchestrator.java:141) [junit-platform-launcher-1.11.4.jar:1.11.4]
	at org.junit.platform.launcher.core.EngineExecutionOrchestrator.execute(EngineExecutionOrchestrator.java:57) [junit-platform-launcher-1.11.4.jar:1.11.4]
	at org.junit.platform.launcher.core.DefaultLauncher.execute(DefaultLauncher.java:103) [junit-platform-launcher-1.11.4.jar:1.11.4]
	at org.junit.platform.launcher.core.DefaultLauncher.execute(DefaultLauncher.java:85) [junit-platform-launcher-1.11.4.jar:1.11.4]
	at org.junit.platform.launcher.core.DelegatingLauncher.execute(DelegatingLauncher.java:47) [junit-platform-launcher-1.11.4.jar:1.11.4]
	at org.apache.maven.surefire.junitplatform.LazyLauncher.execute(LazyLauncher.java:56) [surefire-junit-platform-3.5.2.jar:3.5.2]
	at org.apache.maven.surefire.junitplatform.JUnitPlatformProvider.execute(JUnitPlatformProvider.java:184) [surefire-junit-platform-3.5.2.jar:3.5.2]
	at org.apache.maven.surefire.junitplatform.JUnitPlatformProvider.invokeAllTests(JUnitPlatformProvider.java:148) [surefire-junit-platform-3.5.2.jar:3.5.2]
	at org.apache.maven.surefire.junitplatform.JUnitPlatformProvider.invoke(JUnitPlatformProvider.java:122) [surefire-junit-platform-3.5.2.jar:3.5.2]
	at org.apache.maven.surefire.booter.ForkedBooter.runSuitesInProcess(ForkedBooter.java:385) [surefire-booter-3.5.2.jar:3.5.2]
	at org.apache.maven.surefire.booter.ForkedBooter.execute(ForkedBooter.java:162) [surefire-booter-3.5.2.jar:3.5.2]
	at org.apache.maven.surefire.booter.ForkedBooter.run(ForkedBooter.java:507) [surefire-booter-3.5.2.jar:3.5.2]
	at org.apache.maven.surefire.booter.ForkedBooter.main(ForkedBooter.java:495) [surefire-booter-3.5.2.jar:3.5.2]
2025-08-01 19:23:55.330 [main] DEBUG org.springframework.data.jpa.repository.query.NamedQuery - Did not find named query UserCredentials.findByEmail
2025-08-01 19:23:55.331 [main] DEBUG org.springframework.orm.jpa.SharedEntityManagerCreator$SharedEntityManagerInvocationHandler - Creating new EntityManager for shared EntityManager invocation
2025-08-01 19:23:55.333 [main] DEBUG org.springframework.data.jpa.repository.query.NamedQuery - Looking up named query 'UserCredentials.existsByEmail'
2025-08-01 19:23:55.334 [main] DEBUG org.hibernate.resource.transaction.backend.jdbc.internal.JdbcResourceLocalTransactionCoordinatorImpl - JDBC transaction marked for rollback-only (exception provided for stack trace)
java.lang.Exception: exception just for purpose of providing stack trace
	at org.hibernate.resource.transaction.backend.jdbc.internal.JdbcResourceLocalTransactionCoordinatorImpl$TransactionDriverControlImpl.markRollbackOnly(JdbcResourceLocalTransactionCoordinatorImpl.java:309) ~[hibernate-core-6.6.8.Final.jar:6.6.8.Final]
	at org.hibernate.internal.AbstractSharedSessionContract.buildNamedQuery(AbstractSharedSessionContract.java:1141) ~[hibernate-core-6.6.8.Final.jar:6.6.8.Final]
	at org.hibernate.internal.AbstractSharedSessionContract.createNamedQuery(AbstractSharedSessionContract.java:1019) ~[hibernate-core-6.6.8.Final.jar:6.6.8.Final]
	at org.hibernate.internal.AbstractSharedSessionContract.createNamedQuery(AbstractSharedSessionContract.java:143) ~[hibernate-core-6.6.8.Final.jar:6.6.8.Final]
	at jdk.internal.reflect.GeneratedMethodAccessor95.invoke(Unknown Source) ~[?:?]
	at java.base/jdk.internal.reflect.DelegatingMethodAccessorImpl.invoke(DelegatingMethodAccessorImpl.java:43) ~[?:?]
	at java.base/java.lang.reflect.Method.invoke(Method.java:569) ~[?:?]
	at org.springframework.orm.jpa.ExtendedEntityManagerCreator$ExtendedEntityManagerInvocationHandler.invoke(ExtendedEntityManagerCreator.java:364) ~[spring-orm-6.2.3.jar:6.2.3]
	at jdk.proxy2/jdk.proxy2.$Proxy236.createNamedQuery(Unknown Source) ~[?:?]
	at org.springframework.data.jpa.repository.query.NamedQuery.hasNamedQuery(NamedQuery.java:114) ~[spring-data-jpa-3.4.3.jar:3.4.3]
	at org.springframework.data.jpa.repository.query.NamedQuery.lookupFrom(NamedQuery.java:140) ~[spring-data-jpa-3.4.3.jar:3.4.3]
	at org.springframework.data.jpa.repository.query.JpaQueryLookupStrategy$DeclaredQueryLookupStrategy.resolveQuery(JpaQueryLookupStrategy.java:184) ~[spring-data-jpa-3.4.3.jar:3.4.3]
	at org.springframework.data.jpa.repository.query.JpaQueryLookupStrategy$CreateIfNotFoundQueryLookupStrategy.resolveQuery(JpaQueryLookupStrategy.java:256) ~[spring-data-jpa-3.4.3.jar:3.4.3]
	at org.springframework.data.jpa.repository.query.JpaQueryLookupStrategy$AbstractQueryLookupStrategy.resolveQuery(JpaQueryLookupStrategy.java:99) ~[spring-data-jpa-3.4.3.jar:3.4.3]
	at org.springframework.data.repository.core.support.QueryExecutorMethodInterceptor.lookupQuery(QueryExecutorMethodInterceptor.java:116) ~[spring-data-commons-3.4.3.jar:3.4.3]
	at org.springframework.data.repository.core.support.QueryExecutorMethodInterceptor.mapMethodsToQuery(QueryExecutorMethodInterceptor.java:104) ~[spring-data-commons-3.4.3.jar:3.4.3]
	at org.springframework.data.repository.core.support.QueryExecutorMethodInterceptor.lambda$new$0(QueryExecutorMethodInterceptor.java:92) ~[spring-data-commons-3.4.3.jar:3.4.3]
	at java.base/java.util.Optional.map(Optional.java:260) ~[?:?]
	at org.springframework.data.repository.core.support.QueryExecutorMethodInterceptor.<init>(QueryExecutorMethodInterceptor.java:92) ~[spring-data-commons-3.4.3.jar:3.4.3]
	at org.springframework.data.repository.core.support.RepositoryFactorySupport.getRepository(RepositoryFactorySupport.java:440) ~[spring-data-commons-3.4.3.jar:3.4.3]
	at org.springframework.data.repository.core.support.RepositoryFactoryBeanSupport.lambda$afterPropertiesSet$4(RepositoryFactoryBeanSupport.java:350) ~[spring-data-commons-3.4.3.jar:3.4.3]
	at org.springframework.data.util.Lazy.getNullable(Lazy.java:135) ~[spring-data-commons-3.4.3.jar:3.4.3]
	at org.springframework.data.util.Lazy.get(Lazy.java:113) ~[spring-data-commons-3.4.3.jar:3.4.3]
	at org.springframework.data.repository.core.support.RepositoryFactoryBeanSupport.afterPropertiesSet(RepositoryFactoryBeanSupport.java:356) ~[spring-data-commons-3.4.3.jar:3.4.3]
	at org.springframework.data.jpa.repository.support.JpaRepositoryFactoryBean.afterPropertiesSet(JpaRepositoryFactoryBean.java:132) ~[spring-data-jpa-3.4.3.jar:3.4.3]
	at org.springframework.beans.factory.support.AbstractAutowireCapableBeanFactory.invokeInitMethods(AbstractAutowireCapableBeanFactory.java:1859) ~[spring-beans-6.2.3.jar:6.2.3]
	at org.springframework.beans.factory.support.AbstractAutowireCapableBeanFactory.initializeBean(AbstractAutowireCapableBeanFactory.java:1808) ~[spring-beans-6.2.3.jar:6.2.3]
	at org.springframework.beans.factory.support.AbstractAutowireCapableBeanFactory.doCreateBean(AbstractAutowireCapableBeanFactory.java:601) ~[spring-beans-6.2.3.jar:6.2.3]
	at org.springframework.beans.factory.support.AbstractAutowireCapableBeanFactory.createBean(AbstractAutowireCapableBeanFactory.java:523) ~[spring-beans-6.2.3.jar:6.2.3]
	at org.springframework.beans.factory.support.AbstractBeanFactory.lambda$doGetBean$0(AbstractBeanFactory.java:339) ~[spring-beans-6.2.3.jar:6.2.3]
	at org.springframework.beans.factory.support.DefaultSingletonBeanRegistry.getSingleton(DefaultSingletonBeanRegistry.java:346) ~[spring-beans-6.2.3.jar:6.2.3]
	at org.springframework.beans.factory.support.AbstractBeanFactory.doGetBean(AbstractBeanFactory.java:337) ~[spring-beans-6.2.3.jar:6.2.3]
	at org.springframework.beans.factory.support.AbstractBeanFactory.getBean(AbstractBeanFactory.java:202) ~[spring-beans-6.2.3.jar:6.2.3]
	at org.springframework.beans.factory.support.DefaultListableBeanFactory.doResolveDependency(DefaultListableBeanFactory.java:1606) ~[spring-beans-6.2.3.jar:6.2.3]
	at org.springframework.beans.factory.support.DefaultListableBeanFactory.resolveDependency(DefaultListableBeanFactory.java:1552) ~[spring-beans-6.2.3.jar:6.2.3]
	at org.springframework.beans.factory.support.ConstructorResolver.resolveAutowiredArgument(ConstructorResolver.java:913) ~[spring-beans-6.2.3.jar:6.2.3]
	at org.springframework.beans.factory.support.ConstructorResolver.createArgumentArray(ConstructorResolver.java:791) ~[spring-beans-6.2.3.jar:6.2.3]
	at org.springframework.beans.factory.support.ConstructorResolver.autowireConstructor(ConstructorResolver.java:240) ~[spring-beans-6.2.3.jar:6.2.3]
	at org.springframework.beans.factory.support.AbstractAutowireCapableBeanFactory.autowireConstructor(AbstractAutowireCapableBeanFactory.java:1381) ~[spring-beans-6.2.3.jar:6.2.3]
	at org.springframework.beans.factory.support.AbstractAutowireCapableBeanFactory.createBeanInstance(AbstractAutowireCapableBeanFactory.java:1218) ~[spring-beans-6.2.3.jar:6.2.3]
	at org.springframework.beans.factory.support.AbstractAutowireCapableBeanFactory.doCreateBean(AbstractAutowireCapableBeanFactory.java:563) ~[spring-beans-6.2.3.jar:6.2.3]
	at org.springframework.beans.factory.support.AbstractAutowireCapableBeanFactory.createBean(AbstractAutowireCapableBeanFactory.java:523) ~[spring-beans-6.2.3.jar:6.2.3]
	at org.springframework.beans.factory.support.AbstractBeanFactory.lambda$doGetBean$0(AbstractBeanFactory.java:339) ~[spring-beans-6.2.3.jar:6.2.3]
	at org.springframework.beans.factory.support.DefaultSingletonBeanRegistry.getSingleton(DefaultSingletonBeanRegistry.java:346) ~[spring-beans-6.2.3.jar:6.2.3]
	at org.springframework.beans.factory.support.AbstractBeanFactory.doGetBean(AbstractBeanFactory.java:337) ~[spring-beans-6.2.3.jar:6.2.3]
	at org.springframework.beans.factory.support.AbstractBeanFactory.getBean(AbstractBeanFactory.java:202) ~[spring-beans-6.2.3.jar:6.2.3]
	at org.springframework.beans.factory.config.DependencyDescriptor.resolveCandidate(DependencyDescriptor.java:254) ~[spring-beans-6.2.3.jar:6.2.3]
	at org.springframework.beans.factory.support.DefaultListableBeanFactory.doResolveDependency(DefaultListableBeanFactory.java:1664) ~[spring-beans-6.2.3.jar:6.2.3]
	at org.springframework.beans.factory.support.DefaultListableBeanFactory.resolveDependency(DefaultListableBeanFactory.java:1552) ~[spring-beans-6.2.3.jar:6.2.3]
	at org.springframework.beans.factory.support.ConstructorResolver.resolveAutowiredArgument(ConstructorResolver.java:913) ~[spring-beans-6.2.3.jar:6.2.3]
	at org.springframework.beans.factory.support.ConstructorResolver.createArgumentArray(ConstructorResolver.java:791) ~[spring-beans-6.2.3.jar:6.2.3]
	at org.springframework.beans.factory.support.ConstructorResolver.autowireConstructor(ConstructorResolver.java:240) ~[spring-beans-6.2.3.jar:6.2.3]
	at org.springframework.beans.factory.support.AbstractAutowireCapableBeanFactory.autowireConstructor(AbstractAutowireCapableBeanFactory.java:1381) ~[spring-beans-6.2.3.jar:6.2.3]
	at org.springframework.beans.factory.support.AbstractAutowireCapableBeanFactory.createBeanInstance(AbstractAutowireCapableBeanFactory.java:1218) ~[spring-beans-6.2.3.jar:6.2.3]
	at org.springframework.beans.factory.support.AbstractAutowireCapableBeanFactory.doCreateBean(AbstractAutowireCapableBeanFactory.java:563) ~[spring-beans-6.2.3.jar:6.2.3]
	at org.springframework.beans.factory.support.AbstractAutowireCapableBeanFactory.createBean(AbstractAutowireCapableBeanFactory.java:523) ~[spring-beans-6.2.3.jar:6.2.3]
	at org.springframework.beans.factory.support.AbstractBeanFactory.lambda$doGetBean$0(AbstractBeanFactory.java:339) ~[spring-beans-6.2.3.jar:6.2.3]
	at org.springframework.beans.factory.support.DefaultSingletonBeanRegistry.getSingleton(DefaultSingletonBeanRegistry.java:346) ~[spring-beans-6.2.3.jar:6.2.3]
	at org.springframework.beans.factory.support.AbstractBeanFactory.doGetBean(AbstractBeanFactory.java:337) ~[spring-beans-6.2.3.jar:6.2.3]
	at org.springframework.beans.factory.support.AbstractBeanFactory.getBean(AbstractBeanFactory.java:202) ~[spring-beans-6.2.3.jar:6.2.3]
	at org.springframework.beans.factory.support.DefaultListableBeanFactory.instantiateSingleton(DefaultListableBeanFactory.java:1155) ~[spring-beans-6.2.3.jar:6.2.3]
	at org.springframework.beans.factory.support.DefaultListableBeanFactory.preInstantiateSingleton(DefaultListableBeanFactory.java:1121) ~[spring-beans-6.2.3.jar:6.2.3]
	at org.springframework.beans.factory.support.DefaultListableBeanFactory.preInstantiateSingletons(DefaultListableBeanFactory.java:1056) ~[spring-beans-6.2.3.jar:6.2.3]
	at org.springframework.context.support.AbstractApplicationContext.finishBeanFactoryInitialization(AbstractApplicationContext.java:987) ~[spring-context-6.2.3.jar:6.2.3]
	at org.springframework.context.support.AbstractApplicationContext.refresh(AbstractApplicationContext.java:627) ~[spring-context-6.2.3.jar:6.2.3]
	at org.springframework.boot.SpringApplication.refresh(SpringApplication.java:752) ~[spring-boot-3.4.3.jar:3.4.3]
	at org.springframework.boot.SpringApplication.refreshContext(SpringApplication.java:439) ~[spring-boot-3.4.3.jar:3.4.3]
	at org.springframework.boot.SpringApplication.run(SpringApplication.java:318) ~[spring-boot-3.4.3.jar:3.4.3]
	at org.springframework.boot.test.context.SpringBootContextLoader.lambda$loadContext$3(SpringBootContextLoader.java:137) ~[spring-boot-test-3.4.3.jar:3.4.3]
	at org.springframework.util.function.ThrowingSupplier.get(ThrowingSupplier.java:58) ~[spring-core-6.2.3.jar:6.2.3]
	at org.springframework.util.function.ThrowingSupplier.get(ThrowingSupplier.java:46) ~[spring-core-6.2.3.jar:6.2.3]
	at org.springframework.boot.SpringApplication.withHook(SpringApplication.java:1461) ~[spring-boot-3.4.3.jar:3.4.3]
	at org.springframework.boot.test.context.SpringBootContextLoader$ContextLoaderHook.run(SpringBootContextLoader.java:553) ~[spring-boot-test-3.4.3.jar:3.4.3]
	at org.springframework.boot.test.context.SpringBootContextLoader.loadContext(SpringBootContextLoader.java:137) ~[spring-boot-test-3.4.3.jar:3.4.3]
	at org.springframework.boot.test.context.SpringBootContextLoader.loadContext(SpringBootContextLoader.java:108) ~[spring-boot-test-3.4.3.jar:3.4.3]
	at org.springframework.test.context.cache.DefaultCacheAwareContextLoaderDelegate.loadContextInternal(DefaultCacheAwareContextLoaderDelegate.java:225) ~[spring-test-6.2.3.jar:6.2.3]
	at org.springframework.test.context.cache.DefaultCacheAwareContextLoaderDelegate.loadContext(DefaultCacheAwareContextLoaderDelegate.java:152) ~[spring-test-6.2.3.jar:6.2.3]
	at org.springframework.test.context.support.DefaultTestContext.getApplicationContext(DefaultTestContext.java:130) ~[spring-test-6.2.3.jar:6.2.3]
	at org.springframework.test.context.web.ServletTestExecutionListener.setUpRequestContextIfNecessary(ServletTestExecutionListener.java:200) ~[spring-test-6.2.3.jar:6.2.3]
	at org.springframework.test.context.web.ServletTestExecutionListener.prepareTestInstance(ServletTestExecutionListener.java:139) ~[spring-test-6.2.3.jar:6.2.3]
	at org.springframework.test.context.TestContextManager.prepareTestInstance(TestContextManager.java:260) ~[spring-test-6.2.3.jar:6.2.3]
	at org.springframework.test.context.junit.jupiter.SpringExtension.postProcessTestInstance(SpringExtension.java:160) ~[spring-test-6.2.3.jar:6.2.3]
	at org.junit.jupiter.engine.descriptor.ClassBasedTestDescriptor.lambda$invokeTestInstancePostProcessors$11(ClassBasedTestDescriptor.java:378) ~[junit-jupiter-engine-5.11.4.jar:5.11.4]
	at org.junit.jupiter.engine.descriptor.ClassBasedTestDescriptor.executeAndMaskThrowable(ClassBasedTestDescriptor.java:383) ~[junit-jupiter-engine-5.11.4.jar:5.11.4]
	at org.junit.jupiter.engine.descriptor.ClassBasedTestDescriptor.lambda$invokeTestInstancePostProcessors$12(ClassBasedTestDescriptor.java:378) ~[junit-jupiter-engine-5.11.4.jar:5.11.4]
	at java.base/java.util.stream.ForEachOps$ForEachOp$OfRef.accept(ForEachOps.java:183) ~[?:?]
	at java.base/java.util.stream.ReferencePipeline$3$1.accept(ReferencePipeline.java:197) ~[?:?]
	at java.base/java.util.stream.ReferencePipeline$2$1.accept(ReferencePipeline.java:179) ~[?:?]
	at java.base/java.util.stream.ReferencePipeline$3$1.accept(ReferencePipeline.java:197) ~[?:?]
	at java.base/java.util.ArrayList$ArrayListSpliterator.forEachRemaining(ArrayList.java:1625) ~[?:?]
	at java.base/java.util.stream.AbstractPipeline.copyInto(AbstractPipeline.java:509) ~[?:?]
	at java.base/java.util.stream.AbstractPipeline.wrapAndCopyInto(AbstractPipeline.java:499) ~[?:?]
	at java.base/java.util.stream.ForEachOps$ForEachOp.evaluateSequential(ForEachOps.java:150) ~[?:?]
	at java.base/java.util.stream.ForEachOps$ForEachOp$OfRef.evaluateSequential(ForEachOps.java:173) ~[?:?]
	at java.base/java.util.stream.AbstractPipeline.evaluate(AbstractPipeline.java:234) ~[?:?]
	at java.base/java.util.stream.ReferencePipeline.forEach(ReferencePipeline.java:596) ~[?:?]
	at org.junit.jupiter.engine.descriptor.ClassBasedTestDescriptor.invokeTestInstancePostProcessors(ClassBasedTestDescriptor.java:377) ~[junit-jupiter-engine-5.11.4.jar:5.11.4]
	at org.junit.jupiter.engine.descriptor.ClassBasedTestDescriptor.lambda$instantiateAndPostProcessTestInstance$7(ClassBasedTestDescriptor.java:290) ~[junit-jupiter-engine-5.11.4.jar:5.11.4]
	at org.junit.platform.engine.support.hierarchical.ThrowableCollector.execute(ThrowableCollector.java:73) ~[junit-platform-engine-1.11.4.jar:1.11.4]
	at org.junit.jupiter.engine.descriptor.ClassBasedTestDescriptor.instantiateAndPostProcessTestInstance(ClassBasedTestDescriptor.java:289) ~[junit-jupiter-engine-5.11.4.jar:5.11.4]
	at org.junit.jupiter.engine.descriptor.ClassBasedTestDescriptor.lambda$testInstancesProvider$5(ClassBasedTestDescriptor.java:279) ~[junit-jupiter-engine-5.11.4.jar:5.11.4]
	at java.base/java.util.Optional.orElseGet(Optional.java:364) ~[?:?]
	at org.junit.jupiter.engine.descriptor.ClassBasedTestDescriptor.lambda$testInstancesProvider$6(ClassBasedTestDescriptor.java:278) ~[junit-jupiter-engine-5.11.4.jar:5.11.4]
	at org.junit.jupiter.engine.execution.TestInstancesProvider.getTestInstances(TestInstancesProvider.java:31) ~[junit-jupiter-engine-5.11.4.jar:5.11.4]
	at org.junit.jupiter.engine.descriptor.TestMethodTestDescriptor.lambda$prepare$1(TestMethodTestDescriptor.java:105) ~[junit-jupiter-engine-5.11.4.jar:5.11.4]
	at org.junit.platform.engine.support.hierarchical.ThrowableCollector.execute(ThrowableCollector.java:73) ~[junit-platform-engine-1.11.4.jar:1.11.4]
	at org.junit.jupiter.engine.descriptor.TestMethodTestDescriptor.prepare(TestMethodTestDescriptor.java:104) ~[junit-jupiter-engine-5.11.4.jar:5.11.4]
	at org.junit.jupiter.engine.descriptor.TestMethodTestDescriptor.prepare(TestMethodTestDescriptor.java:68) ~[junit-jupiter-engine-5.11.4.jar:5.11.4]
	at org.junit.platform.engine.support.hierarchical.NodeTestTask.lambda$prepare$2(NodeTestTask.java:128) ~[junit-platform-engine-1.11.4.jar:1.11.4]
	at org.junit.platform.engine.support.hierarchical.ThrowableCollector.execute(ThrowableCollector.java:73) ~[junit-platform-engine-1.11.4.jar:1.11.4]
	at org.junit.platform.engine.support.hierarchical.NodeTestTask.prepare(NodeTestTask.java:128) ~[junit-platform-engine-1.11.4.jar:1.11.4]
	at org.junit.platform.engine.support.hierarchical.NodeTestTask.execute(NodeTestTask.java:95) ~[junit-platform-engine-1.11.4.jar:1.11.4]
	at java.base/java.util.ArrayList.forEach(ArrayList.java:1511) ~[?:?]
	at org.junit.platform.engine.support.hierarchical.SameThreadHierarchicalTestExecutorService.invokeAll(SameThreadHierarchicalTestExecutorService.java:41) ~[junit-platform-engine-1.11.4.jar:1.11.4]
	at org.junit.platform.engine.support.hierarchical.NodeTestTask.lambda$executeRecursively$6(NodeTestTask.java:160) ~[junit-platform-engine-1.11.4.jar:1.11.4]
	at org.junit.platform.engine.support.hierarchical.ThrowableCollector.execute(ThrowableCollector.java:73) ~[junit-platform-engine-1.11.4.jar:1.11.4]
	at org.junit.platform.engine.support.hierarchical.NodeTestTask.lambda$executeRecursively$8(NodeTestTask.java:146) ~[junit-platform-engine-1.11.4.jar:1.11.4]
	at org.junit.platform.engine.support.hierarchical.Node.around(Node.java:137) ~[junit-platform-engine-1.11.4.jar:1.11.4]
	at org.junit.platform.engine.support.hierarchical.NodeTestTask.lambda$executeRecursively$9(NodeTestTask.java:144) ~[junit-platform-engine-1.11.4.jar:1.11.4]
	at org.junit.platform.engine.support.hierarchical.ThrowableCollector.execute(ThrowableCollector.java:73) ~[junit-platform-engine-1.11.4.jar:1.11.4]
	at org.junit.platform.engine.support.hierarchical.NodeTestTask.executeRecursively(NodeTestTask.java:143) ~[junit-platform-engine-1.11.4.jar:1.11.4]
	at org.junit.platform.engine.support.hierarchical.NodeTestTask.execute(NodeTestTask.java:100) ~[junit-platform-engine-1.11.4.jar:1.11.4]
	at java.base/java.util.ArrayList.forEach(ArrayList.java:1511) ~[?:?]
	at org.junit.platform.engine.support.hierarchical.SameThreadHierarchicalTestExecutorService.invokeAll(SameThreadHierarchicalTestExecutorService.java:41) ~[junit-platform-engine-1.11.4.jar:1.11.4]
	at org.junit.platform.engine.support.hierarchical.NodeTestTask.lambda$executeRecursively$6(NodeTestTask.java:160) ~[junit-platform-engine-1.11.4.jar:1.11.4]
	at org.junit.platform.engine.support.hierarchical.ThrowableCollector.execute(ThrowableCollector.java:73) ~[junit-platform-engine-1.11.4.jar:1.11.4]
	at org.junit.platform.engine.support.hierarchical.NodeTestTask.lambda$executeRecursively$8(NodeTestTask.java:146) ~[junit-platform-engine-1.11.4.jar:1.11.4]
	at org.junit.platform.engine.support.hierarchical.Node.around(Node.java:137) ~[junit-platform-engine-1.11.4.jar:1.11.4]
	at org.junit.platform.engine.support.hierarchical.NodeTestTask.lambda$executeRecursively$9(NodeTestTask.java:144) ~[junit-platform-engine-1.11.4.jar:1.11.4]
	at org.junit.platform.engine.support.hierarchical.ThrowableCollector.execute(ThrowableCollector.java:73) ~[junit-platform-engine-1.11.4.jar:1.11.4]
	at org.junit.platform.engine.support.hierarchical.NodeTestTask.executeRecursively(NodeTestTask.java:143) ~[junit-platform-engine-1.11.4.jar:1.11.4]
	at org.junit.platform.engine.support.hierarchical.NodeTestTask.execute(NodeTestTask.java:100) ~[junit-platform-engine-1.11.4.jar:1.11.4]
	at org.junit.platform.engine.support.hierarchical.SameThreadHierarchicalTestExecutorService.submit(SameThreadHierarchicalTestExecutorService.java:35) ~[junit-platform-engine-1.11.4.jar:1.11.4]
	at org.junit.platform.engine.support.hierarchical.HierarchicalTestExecutor.execute(HierarchicalTestExecutor.java:57) ~[junit-platform-engine-1.11.4.jar:1.11.4]
	at org.junit.platform.engine.support.hierarchical.HierarchicalTestEngine.execute(HierarchicalTestEngine.java:54) ~[junit-platform-engine-1.11.4.jar:1.11.4]
	at org.junit.platform.launcher.core.EngineExecutionOrchestrator.execute(EngineExecutionOrchestrator.java:198) ~[junit-platform-launcher-1.11.4.jar:1.11.4]
	at org.junit.platform.launcher.core.EngineExecutionOrchestrator.execute(EngineExecutionOrchestrator.java:169) ~[junit-platform-launcher-1.11.4.jar:1.11.4]
	at org.junit.platform.launcher.core.EngineExecutionOrchestrator.execute(EngineExecutionOrchestrator.java:93) ~[junit-platform-launcher-1.11.4.jar:1.11.4]
	at org.junit.platform.launcher.core.EngineExecutionOrchestrator.lambda$execute$0(EngineExecutionOrchestrator.java:58) ~[junit-platform-launcher-1.11.4.jar:1.11.4]
	at org.junit.platform.launcher.core.EngineExecutionOrchestrator.withInterceptedStreams(EngineExecutionOrchestrator.java:141) [junit-platform-launcher-1.11.4.jar:1.11.4]
	at org.junit.platform.launcher.core.EngineExecutionOrchestrator.execute(EngineExecutionOrchestrator.java:57) [junit-platform-launcher-1.11.4.jar:1.11.4]
	at org.junit.platform.launcher.core.DefaultLauncher.execute(DefaultLauncher.java:103) [junit-platform-launcher-1.11.4.jar:1.11.4]
	at org.junit.platform.launcher.core.DefaultLauncher.execute(DefaultLauncher.java:85) [junit-platform-launcher-1.11.4.jar:1.11.4]
	at org.junit.platform.launcher.core.DelegatingLauncher.execute(DelegatingLauncher.java:47) [junit-platform-launcher-1.11.4.jar:1.11.4]
	at org.apache.maven.surefire.junitplatform.LazyLauncher.execute(LazyLauncher.java:56) [surefire-junit-platform-3.5.2.jar:3.5.2]
	at org.apache.maven.surefire.junitplatform.JUnitPlatformProvider.execute(JUnitPlatformProvider.java:184) [surefire-junit-platform-3.5.2.jar:3.5.2]
	at org.apache.maven.surefire.junitplatform.JUnitPlatformProvider.invokeAllTests(JUnitPlatformProvider.java:148) [surefire-junit-platform-3.5.2.jar:3.5.2]
	at org.apache.maven.surefire.junitplatform.JUnitPlatformProvider.invoke(JUnitPlatformProvider.java:122) [surefire-junit-platform-3.5.2.jar:3.5.2]
	at org.apache.maven.surefire.booter.ForkedBooter.runSuitesInProcess(ForkedBooter.java:385) [surefire-booter-3.5.2.jar:3.5.2]
	at org.apache.maven.surefire.booter.ForkedBooter.execute(ForkedBooter.java:162) [surefire-booter-3.5.2.jar:3.5.2]
	at org.apache.maven.surefire.booter.ForkedBooter.run(ForkedBooter.java:507) [surefire-booter-3.5.2.jar:3.5.2]
	at org.apache.maven.surefire.booter.ForkedBooter.main(ForkedBooter.java:495) [surefire-booter-3.5.2.jar:3.5.2]
2025-08-01 19:23:55.338 [main] DEBUG org.springframework.data.jpa.repository.query.NamedQuery - Did not find named query UserCredentials.existsByEmail
2025-08-01 19:23:55.339 [main] DEBUG org.springframework.orm.jpa.SharedEntityManagerCreator$SharedEntityManagerInvocationHandler - Creating new EntityManager for shared EntityManager invocation
2025-08-01 19:23:55.341 [main] DEBUG org.springframework.data.repository.core.support.RepositoryFactorySupport - Finished creation of repository instance for com.example.trainup.repository.UserCredentialsRepository.
2025-08-01 19:23:55.413 [main] DEBUG org.springframework.beans.factory.support.DefaultListableBeanFactory - Autowiring by type from bean name 'customUserDetailsService' via constructor to bean named 'userCredentialsRepository'
2025-08-01 19:23:55.451 [main] DEBUG org.springframework.beans.factory.support.DefaultListableBeanFactory - Creating shared instance of singleton bean 'jwtAuthenticationFilter'
2025-08-01 19:23:55.452 [main] DEBUG org.springframework.beans.factory.support.DefaultListableBeanFactory - Creating shared instance of singleton bean 'jwtUtil'
2025-08-01 19:23:55.453 [main] DEBUG org.springframework.core.env.PropertySourcesPropertyResolver - Found key 'jwt.secret' in PropertySource 'environmentProperties' with value of type String
2025-08-01 19:23:55.455 [main] DEBUG org.springframework.core.env.PropertySourcesPropertyResolver - Found key 'jwt.expiration' in PropertySource 'environmentProperties' with value of type String
2025-08-01 19:23:55.492 [main] DEBUG org.springframework.beans.factory.support.DefaultListableBeanFactory - Autowiring by type from bean name 'jwtAuthenticationFilter' via constructor to bean named 'customUserDetailsService'
2025-08-01 19:23:55.493 [main] DEBUG org.springframework.beans.factory.support.DefaultListableBeanFactory - Autowiring by type from bean name 'jwtAuthenticationFilter' via constructor to bean named 'jwtUtil'
2025-08-01 19:23:55.532 [main] DEBUG org.springframework.beans.factory.support.DefaultListableBeanFactory - Autowiring by type from bean name 'securityConfig' via constructor to bean named 'customUserDetailsService'
2025-08-01 19:23:55.532 [main] DEBUG org.springframework.beans.factory.support.DefaultListableBeanFactory - Autowiring by type from bean name 'securityConfig' via constructor to bean named 'jwtAuthenticationFilter'
2025-08-01 19:23:55.532 [main] DEBUG org.springframework.beans.factory.support.DefaultListableBeanFactory - Autowiring by type from bean name 'securityConfig' via constructor to bean named 'org.springframework.web.context.support.GenericWebApplicationContext@3a5800c5'
2025-08-01 19:23:55.581 [main] DEBUG org.springframework.beans.factory.support.DefaultListableBeanFactory - Creating shared instance of singleton bean 'athleteController'
2025-08-01 19:23:55.583 [main] DEBUG org.springframework.beans.factory.support.DefaultListableBeanFactory - Autowiring by type from bean name 'athleteController' via constructor to bean named 'athleteServiceImpl'
2025-08-01 19:23:55.617 [main] DEBUG org.springframework.beans.factory.support.DefaultListableBeanFactory - Creating shared instance of singleton bean 'authenticationController'
2025-08-01 19:23:55.621 [main] DEBUG org.springframework.beans.factory.support.DefaultListableBeanFactory - Autowiring by type from bean name 'authenticationController' via constructor to bean named 'authenticationService'
2025-08-01 19:23:55.622 [main] DEBUG org.springframework.beans.factory.support.DefaultListableBeanFactory - Autowiring by type from bean name 'authenticationController' via constructor to bean named 'athleteServiceImpl'
2025-08-01 19:23:55.622 [main] DEBUG org.springframework.beans.factory.support.DefaultListableBeanFactory - Autowiring by type from bean name 'authenticationController' via constructor to bean named 'trainerServiceImpl'
2025-08-01 19:23:55.623 [main] DEBUG org.springframework.beans.factory.support.DefaultListableBeanFactory - Autowiring by type from bean name 'authenticationController' via constructor to bean named 'gymOwnerServiceImpl'
2025-08-01 19:23:55.653 [main] DEBUG org.springframework.beans.factory.support.DefaultListableBeanFactory - Creating shared instance of singleton bean 'baseUserController'
2025-08-01 19:23:55.654 [main] DEBUG org.springframework.beans.factory.support.DefaultListableBeanFactory - Creating shared instance of singleton bean 'userPhotoService'
2025-08-01 19:23:55.655 [main] DEBUG org.springframework.beans.factory.support.DefaultListableBeanFactory - Creating shared instance of singleton bean 'athleteRepository'
2025-08-01 19:23:55.661 [main] DEBUG org.springframework.beans.factory.support.DefaultListableBeanFactory - Creating shared instance of singleton bean 'jpa.named-queries#5'
2025-08-01 19:23:55.667 [main] DEBUG org.springframework.beans.factory.support.DefaultListableBeanFactory - Creating shared instance of singleton bean 'jpa.AthleteRepository.fragments#0'
2025-08-01 19:23:55.670 [main] DEBUG org.springframework.orm.jpa.SharedEntityManagerCreator$SharedEntityManagerInvocationHandler - Creating new EntityManager for shared EntityManager invocation
2025-08-01 19:23:55.722 [main] DEBUG org.springframework.data.repository.core.support.RepositoryFactorySupport - Initializing repository instance for com.example.trainup.repository.AthleteRepository…
2025-08-01 19:23:55.723 [main] DEBUG org.springframework.orm.jpa.SharedEntityManagerCreator$SharedEntityManagerInvocationHandler - Creating new EntityManager for shared EntityManager invocation
2025-08-01 19:23:55.729 [main] DEBUG org.springframework.data.jpa.repository.query.NamedQuery - Looking up named query 'Athlete.findByUserCredentials'
2025-08-01 19:23:55.730 [main] DEBUG org.hibernate.resource.transaction.backend.jdbc.internal.JdbcResourceLocalTransactionCoordinatorImpl - JDBC transaction marked for rollback-only (exception provided for stack trace)
java.lang.Exception: exception just for purpose of providing stack trace
	at org.hibernate.resource.transaction.backend.jdbc.internal.JdbcResourceLocalTransactionCoordinatorImpl$TransactionDriverControlImpl.markRollbackOnly(JdbcResourceLocalTransactionCoordinatorImpl.java:309) ~[hibernate-core-6.6.8.Final.jar:6.6.8.Final]
	at org.hibernate.internal.AbstractSharedSessionContract.buildNamedQuery(AbstractSharedSessionContract.java:1141) ~[hibernate-core-6.6.8.Final.jar:6.6.8.Final]
	at org.hibernate.internal.AbstractSharedSessionContract.createNamedQuery(AbstractSharedSessionContract.java:1019) ~[hibernate-core-6.6.8.Final.jar:6.6.8.Final]
	at org.hibernate.internal.AbstractSharedSessionContract.createNamedQuery(AbstractSharedSessionContract.java:143) ~[hibernate-core-6.6.8.Final.jar:6.6.8.Final]
	at jdk.internal.reflect.GeneratedMethodAccessor95.invoke(Unknown Source) ~[?:?]
	at java.base/jdk.internal.reflect.DelegatingMethodAccessorImpl.invoke(DelegatingMethodAccessorImpl.java:43) ~[?:?]
	at java.base/java.lang.reflect.Method.invoke(Method.java:569) ~[?:?]
	at org.springframework.orm.jpa.ExtendedEntityManagerCreator$ExtendedEntityManagerInvocationHandler.invoke(ExtendedEntityManagerCreator.java:364) ~[spring-orm-6.2.3.jar:6.2.3]
	at jdk.proxy2/jdk.proxy2.$Proxy236.createNamedQuery(Unknown Source) ~[?:?]
	at org.springframework.data.jpa.repository.query.NamedQuery.hasNamedQuery(NamedQuery.java:114) ~[spring-data-jpa-3.4.3.jar:3.4.3]
	at org.springframework.data.jpa.repository.query.NamedQuery.lookupFrom(NamedQuery.java:140) ~[spring-data-jpa-3.4.3.jar:3.4.3]
	at org.springframework.data.jpa.repository.query.JpaQueryLookupStrategy$DeclaredQueryLookupStrategy.resolveQuery(JpaQueryLookupStrategy.java:184) ~[spring-data-jpa-3.4.3.jar:3.4.3]
	at org.springframework.data.jpa.repository.query.JpaQueryLookupStrategy$CreateIfNotFoundQueryLookupStrategy.resolveQuery(JpaQueryLookupStrategy.java:256) ~[spring-data-jpa-3.4.3.jar:3.4.3]
	at org.springframework.data.jpa.repository.query.JpaQueryLookupStrategy$AbstractQueryLookupStrategy.resolveQuery(JpaQueryLookupStrategy.java:99) ~[spring-data-jpa-3.4.3.jar:3.4.3]
	at org.springframework.data.repository.core.support.QueryExecutorMethodInterceptor.lookupQuery(QueryExecutorMethodInterceptor.java:116) ~[spring-data-commons-3.4.3.jar:3.4.3]
	at org.springframework.data.repository.core.support.QueryExecutorMethodInterceptor.mapMethodsToQuery(QueryExecutorMethodInterceptor.java:104) ~[spring-data-commons-3.4.3.jar:3.4.3]
	at org.springframework.data.repository.core.support.QueryExecutorMethodInterceptor.lambda$new$0(QueryExecutorMethodInterceptor.java:92) ~[spring-data-commons-3.4.3.jar:3.4.3]
	at java.base/java.util.Optional.map(Optional.java:260) ~[?:?]
	at org.springframework.data.repository.core.support.QueryExecutorMethodInterceptor.<init>(QueryExecutorMethodInterceptor.java:92) ~[spring-data-commons-3.4.3.jar:3.4.3]
	at org.springframework.data.repository.core.support.RepositoryFactorySupport.getRepository(RepositoryFactorySupport.java:440) ~[spring-data-commons-3.4.3.jar:3.4.3]
	at org.springframework.data.repository.core.support.RepositoryFactoryBeanSupport.lambda$afterPropertiesSet$4(RepositoryFactoryBeanSupport.java:350) ~[spring-data-commons-3.4.3.jar:3.4.3]
	at org.springframework.data.util.Lazy.getNullable(Lazy.java:135) ~[spring-data-commons-3.4.3.jar:3.4.3]
	at org.springframework.data.util.Lazy.get(Lazy.java:113) ~[spring-data-commons-3.4.3.jar:3.4.3]
	at org.springframework.data.repository.core.support.RepositoryFactoryBeanSupport.afterPropertiesSet(RepositoryFactoryBeanSupport.java:356) ~[spring-data-commons-3.4.3.jar:3.4.3]
	at org.springframework.data.jpa.repository.support.JpaRepositoryFactoryBean.afterPropertiesSet(JpaRepositoryFactoryBean.java:132) ~[spring-data-jpa-3.4.3.jar:3.4.3]
	at org.springframework.beans.factory.support.AbstractAutowireCapableBeanFactory.invokeInitMethods(AbstractAutowireCapableBeanFactory.java:1859) ~[spring-beans-6.2.3.jar:6.2.3]
	at org.springframework.beans.factory.support.AbstractAutowireCapableBeanFactory.initializeBean(AbstractAutowireCapableBeanFactory.java:1808) ~[spring-beans-6.2.3.jar:6.2.3]
	at org.springframework.beans.factory.support.AbstractAutowireCapableBeanFactory.doCreateBean(AbstractAutowireCapableBeanFactory.java:601) ~[spring-beans-6.2.3.jar:6.2.3]
	at org.springframework.beans.factory.support.AbstractAutowireCapableBeanFactory.createBean(AbstractAutowireCapableBeanFactory.java:523) ~[spring-beans-6.2.3.jar:6.2.3]
	at org.springframework.beans.factory.support.AbstractBeanFactory.lambda$doGetBean$0(AbstractBeanFactory.java:339) ~[spring-beans-6.2.3.jar:6.2.3]
	at org.springframework.beans.factory.support.DefaultSingletonBeanRegistry.getSingleton(DefaultSingletonBeanRegistry.java:346) ~[spring-beans-6.2.3.jar:6.2.3]
	at org.springframework.beans.factory.support.AbstractBeanFactory.doGetBean(AbstractBeanFactory.java:337) ~[spring-beans-6.2.3.jar:6.2.3]
	at org.springframework.beans.factory.support.AbstractBeanFactory.getBean(AbstractBeanFactory.java:202) ~[spring-beans-6.2.3.jar:6.2.3]
	at org.springframework.beans.factory.support.DefaultListableBeanFactory.doResolveDependency(DefaultListableBeanFactory.java:1606) ~[spring-beans-6.2.3.jar:6.2.3]
	at org.springframework.beans.factory.support.DefaultListableBeanFactory.resolveDependency(DefaultListableBeanFactory.java:1552) ~[spring-beans-6.2.3.jar:6.2.3]
	at org.springframework.beans.factory.support.ConstructorResolver.resolveAutowiredArgument(ConstructorResolver.java:913) ~[spring-beans-6.2.3.jar:6.2.3]
	at org.springframework.beans.factory.support.ConstructorResolver.createArgumentArray(ConstructorResolver.java:791) ~[spring-beans-6.2.3.jar:6.2.3]
	at org.springframework.beans.factory.support.ConstructorResolver.autowireConstructor(ConstructorResolver.java:240) ~[spring-beans-6.2.3.jar:6.2.3]
	at org.springframework.beans.factory.support.AbstractAutowireCapableBeanFactory.autowireConstructor(AbstractAutowireCapableBeanFactory.java:1381) ~[spring-beans-6.2.3.jar:6.2.3]
	at org.springframework.beans.factory.support.AbstractAutowireCapableBeanFactory.createBeanInstance(AbstractAutowireCapableBeanFactory.java:1218) ~[spring-beans-6.2.3.jar:6.2.3]
	at org.springframework.beans.factory.support.AbstractAutowireCapableBeanFactory.doCreateBean(AbstractAutowireCapableBeanFactory.java:563) ~[spring-beans-6.2.3.jar:6.2.3]
	at org.springframework.beans.factory.support.AbstractAutowireCapableBeanFactory.createBean(AbstractAutowireCapableBeanFactory.java:523) ~[spring-beans-6.2.3.jar:6.2.3]
	at org.springframework.beans.factory.support.AbstractBeanFactory.lambda$doGetBean$0(AbstractBeanFactory.java:339) ~[spring-beans-6.2.3.jar:6.2.3]
	at org.springframework.beans.factory.support.DefaultSingletonBeanRegistry.getSingleton(DefaultSingletonBeanRegistry.java:346) ~[spring-beans-6.2.3.jar:6.2.3]
	at org.springframework.beans.factory.support.AbstractBeanFactory.doGetBean(AbstractBeanFactory.java:337) ~[spring-beans-6.2.3.jar:6.2.3]
	at org.springframework.beans.factory.support.AbstractBeanFactory.getBean(AbstractBeanFactory.java:202) ~[spring-beans-6.2.3.jar:6.2.3]
	at org.springframework.beans.factory.support.DefaultListableBeanFactory.doResolveDependency(DefaultListableBeanFactory.java:1606) ~[spring-beans-6.2.3.jar:6.2.3]
	at org.springframework.beans.factory.support.DefaultListableBeanFactory.resolveDependency(DefaultListableBeanFactory.java:1552) ~[spring-beans-6.2.3.jar:6.2.3]
	at org.springframework.beans.factory.annotation.AutowiredAnnotationBeanPostProcessor$AutowiredFieldElement.resolveFieldValue(AutowiredAnnotationBeanPostProcessor.java:785) ~[spring-beans-6.2.3.jar:6.2.3]
	at org.springframework.beans.factory.annotation.AutowiredAnnotationBeanPostProcessor$AutowiredFieldElement.inject(AutowiredAnnotationBeanPostProcessor.java:768) ~[spring-beans-6.2.3.jar:6.2.3]
	at org.springframework.beans.factory.annotation.InjectionMetadata.inject(InjectionMetadata.java:146) ~[spring-beans-6.2.3.jar:6.2.3]
	at org.springframework.beans.factory.annotation.AutowiredAnnotationBeanPostProcessor.postProcessProperties(AutowiredAnnotationBeanPostProcessor.java:509) ~[spring-beans-6.2.3.jar:6.2.3]
	at org.springframework.beans.factory.support.AbstractAutowireCapableBeanFactory.populateBean(AbstractAutowireCapableBeanFactory.java:1445) ~[spring-beans-6.2.3.jar:6.2.3]
	at org.springframework.beans.factory.support.AbstractAutowireCapableBeanFactory.doCreateBean(AbstractAutowireCapableBeanFactory.java:600) ~[spring-beans-6.2.3.jar:6.2.3]
	at org.springframework.beans.factory.support.AbstractAutowireCapableBeanFactory.createBean(AbstractAutowireCapableBeanFactory.java:523) ~[spring-beans-6.2.3.jar:6.2.3]
	at org.springframework.beans.factory.support.AbstractBeanFactory.lambda$doGetBean$0(AbstractBeanFactory.java:339) ~[spring-beans-6.2.3.jar:6.2.3]
	at org.springframework.beans.factory.support.DefaultSingletonBeanRegistry.getSingleton(DefaultSingletonBeanRegistry.java:346) ~[spring-beans-6.2.3.jar:6.2.3]
	at org.springframework.beans.factory.support.AbstractBeanFactory.doGetBean(AbstractBeanFactory.java:337) ~[spring-beans-6.2.3.jar:6.2.3]
	at org.springframework.beans.factory.support.AbstractBeanFactory.getBean(AbstractBeanFactory.java:202) ~[spring-beans-6.2.3.jar:6.2.3]
	at org.springframework.beans.factory.support.DefaultListableBeanFactory.instantiateSingleton(DefaultListableBeanFactory.java:1155) ~[spring-beans-6.2.3.jar:6.2.3]
	at org.springframework.beans.factory.support.DefaultListableBeanFactory.preInstantiateSingleton(DefaultListableBeanFactory.java:1121) ~[spring-beans-6.2.3.jar:6.2.3]
	at org.springframework.beans.factory.support.DefaultListableBeanFactory.preInstantiateSingletons(DefaultListableBeanFactory.java:1056) ~[spring-beans-6.2.3.jar:6.2.3]
	at org.springframework.context.support.AbstractApplicationContext.finishBeanFactoryInitialization(AbstractApplicationContext.java:987) ~[spring-context-6.2.3.jar:6.2.3]
	at org.springframework.context.support.AbstractApplicationContext.refresh(AbstractApplicationContext.java:627) ~[spring-context-6.2.3.jar:6.2.3]
	at org.springframework.boot.SpringApplication.refresh(SpringApplication.java:752) ~[spring-boot-3.4.3.jar:3.4.3]
	at org.springframework.boot.SpringApplication.refreshContext(SpringApplication.java:439) ~[spring-boot-3.4.3.jar:3.4.3]
	at org.springframework.boot.SpringApplication.run(SpringApplication.java:318) ~[spring-boot-3.4.3.jar:3.4.3]
	at org.springframework.boot.test.context.SpringBootContextLoader.lambda$loadContext$3(SpringBootContextLoader.java:137) ~[spring-boot-test-3.4.3.jar:3.4.3]
	at org.springframework.util.function.ThrowingSupplier.get(ThrowingSupplier.java:58) ~[spring-core-6.2.3.jar:6.2.3]
	at org.springframework.util.function.ThrowingSupplier.get(ThrowingSupplier.java:46) ~[spring-core-6.2.3.jar:6.2.3]
	at org.springframework.boot.SpringApplication.withHook(SpringApplication.java:1461) ~[spring-boot-3.4.3.jar:3.4.3]
	at org.springframework.boot.test.context.SpringBootContextLoader$ContextLoaderHook.run(SpringBootContextLoader.java:553) ~[spring-boot-test-3.4.3.jar:3.4.3]
	at org.springframework.boot.test.context.SpringBootContextLoader.loadContext(SpringBootContextLoader.java:137) ~[spring-boot-test-3.4.3.jar:3.4.3]
	at org.springframework.boot.test.context.SpringBootContextLoader.loadContext(SpringBootContextLoader.java:108) ~[spring-boot-test-3.4.3.jar:3.4.3]
	at org.springframework.test.context.cache.DefaultCacheAwareContextLoaderDelegate.loadContextInternal(DefaultCacheAwareContextLoaderDelegate.java:225) ~[spring-test-6.2.3.jar:6.2.3]
	at org.springframework.test.context.cache.DefaultCacheAwareContextLoaderDelegate.loadContext(DefaultCacheAwareContextLoaderDelegate.java:152) ~[spring-test-6.2.3.jar:6.2.3]
	at org.springframework.test.context.support.DefaultTestContext.getApplicationContext(DefaultTestContext.java:130) ~[spring-test-6.2.3.jar:6.2.3]
	at org.springframework.test.context.web.ServletTestExecutionListener.setUpRequestContextIfNecessary(ServletTestExecutionListener.java:200) ~[spring-test-6.2.3.jar:6.2.3]
	at org.springframework.test.context.web.ServletTestExecutionListener.prepareTestInstance(ServletTestExecutionListener.java:139) ~[spring-test-6.2.3.jar:6.2.3]
	at org.springframework.test.context.TestContextManager.prepareTestInstance(TestContextManager.java:260) ~[spring-test-6.2.3.jar:6.2.3]
	at org.springframework.test.context.junit.jupiter.SpringExtension.postProcessTestInstance(SpringExtension.java:160) ~[spring-test-6.2.3.jar:6.2.3]
	at org.junit.jupiter.engine.descriptor.ClassBasedTestDescriptor.lambda$invokeTestInstancePostProcessors$11(ClassBasedTestDescriptor.java:378) ~[junit-jupiter-engine-5.11.4.jar:5.11.4]
	at org.junit.jupiter.engine.descriptor.ClassBasedTestDescriptor.executeAndMaskThrowable(ClassBasedTestDescriptor.java:383) ~[junit-jupiter-engine-5.11.4.jar:5.11.4]
	at org.junit.jupiter.engine.descriptor.ClassBasedTestDescriptor.lambda$invokeTestInstancePostProcessors$12(ClassBasedTestDescriptor.java:378) ~[junit-jupiter-engine-5.11.4.jar:5.11.4]
	at java.base/java.util.stream.ForEachOps$ForEachOp$OfRef.accept(ForEachOps.java:183) ~[?:?]
	at java.base/java.util.stream.ReferencePipeline$3$1.accept(ReferencePipeline.java:197) ~[?:?]
	at java.base/java.util.stream.ReferencePipeline$2$1.accept(ReferencePipeline.java:179) ~[?:?]
	at java.base/java.util.stream.ReferencePipeline$3$1.accept(ReferencePipeline.java:197) ~[?:?]
	at java.base/java.util.ArrayList$ArrayListSpliterator.forEachRemaining(ArrayList.java:1625) ~[?:?]
	at java.base/java.util.stream.AbstractPipeline.copyInto(AbstractPipeline.java:509) ~[?:?]
	at java.base/java.util.stream.AbstractPipeline.wrapAndCopyInto(AbstractPipeline.java:499) ~[?:?]
	at java.base/java.util.stream.ForEachOps$ForEachOp.evaluateSequential(ForEachOps.java:150) ~[?:?]
	at java.base/java.util.stream.ForEachOps$ForEachOp$OfRef.evaluateSequential(ForEachOps.java:173) ~[?:?]
	at java.base/java.util.stream.AbstractPipeline.evaluate(AbstractPipeline.java:234) ~[?:?]
	at java.base/java.util.stream.ReferencePipeline.forEach(ReferencePipeline.java:596) ~[?:?]
	at org.junit.jupiter.engine.descriptor.ClassBasedTestDescriptor.invokeTestInstancePostProcessors(ClassBasedTestDescriptor.java:377) ~[junit-jupiter-engine-5.11.4.jar:5.11.4]
	at org.junit.jupiter.engine.descriptor.ClassBasedTestDescriptor.lambda$instantiateAndPostProcessTestInstance$7(ClassBasedTestDescriptor.java:290) ~[junit-jupiter-engine-5.11.4.jar:5.11.4]
	at org.junit.platform.engine.support.hierarchical.ThrowableCollector.execute(ThrowableCollector.java:73) ~[junit-platform-engine-1.11.4.jar:1.11.4]
	at org.junit.jupiter.engine.descriptor.ClassBasedTestDescriptor.instantiateAndPostProcessTestInstance(ClassBasedTestDescriptor.java:289) ~[junit-jupiter-engine-5.11.4.jar:5.11.4]
	at org.junit.jupiter.engine.descriptor.ClassBasedTestDescriptor.lambda$testInstancesProvider$5(ClassBasedTestDescriptor.java:279) ~[junit-jupiter-engine-5.11.4.jar:5.11.4]
	at java.base/java.util.Optional.orElseGet(Optional.java:364) ~[?:?]
	at org.junit.jupiter.engine.descriptor.ClassBasedTestDescriptor.lambda$testInstancesProvider$6(ClassBasedTestDescriptor.java:278) ~[junit-jupiter-engine-5.11.4.jar:5.11.4]
	at org.junit.jupiter.engine.execution.TestInstancesProvider.getTestInstances(TestInstancesProvider.java:31) ~[junit-jupiter-engine-5.11.4.jar:5.11.4]
	at org.junit.jupiter.engine.descriptor.TestMethodTestDescriptor.lambda$prepare$1(TestMethodTestDescriptor.java:105) ~[junit-jupiter-engine-5.11.4.jar:5.11.4]
	at org.junit.platform.engine.support.hierarchical.ThrowableCollector.execute(ThrowableCollector.java:73) ~[junit-platform-engine-1.11.4.jar:1.11.4]
	at org.junit.jupiter.engine.descriptor.TestMethodTestDescriptor.prepare(TestMethodTestDescriptor.java:104) ~[junit-jupiter-engine-5.11.4.jar:5.11.4]
	at org.junit.jupiter.engine.descriptor.TestMethodTestDescriptor.prepare(TestMethodTestDescriptor.java:68) ~[junit-jupiter-engine-5.11.4.jar:5.11.4]
	at org.junit.platform.engine.support.hierarchical.NodeTestTask.lambda$prepare$2(NodeTestTask.java:128) ~[junit-platform-engine-1.11.4.jar:1.11.4]
	at org.junit.platform.engine.support.hierarchical.ThrowableCollector.execute(ThrowableCollector.java:73) ~[junit-platform-engine-1.11.4.jar:1.11.4]
	at org.junit.platform.engine.support.hierarchical.NodeTestTask.prepare(NodeTestTask.java:128) ~[junit-platform-engine-1.11.4.jar:1.11.4]
	at org.junit.platform.engine.support.hierarchical.NodeTestTask.execute(NodeTestTask.java:95) ~[junit-platform-engine-1.11.4.jar:1.11.4]
	at java.base/java.util.ArrayList.forEach(ArrayList.java:1511) ~[?:?]
	at org.junit.platform.engine.support.hierarchical.SameThreadHierarchicalTestExecutorService.invokeAll(SameThreadHierarchicalTestExecutorService.java:41) ~[junit-platform-engine-1.11.4.jar:1.11.4]
	at org.junit.platform.engine.support.hierarchical.NodeTestTask.lambda$executeRecursively$6(NodeTestTask.java:160) ~[junit-platform-engine-1.11.4.jar:1.11.4]
	at org.junit.platform.engine.support.hierarchical.ThrowableCollector.execute(ThrowableCollector.java:73) ~[junit-platform-engine-1.11.4.jar:1.11.4]
	at org.junit.platform.engine.support.hierarchical.NodeTestTask.lambda$executeRecursively$8(NodeTestTask.java:146) ~[junit-platform-engine-1.11.4.jar:1.11.4]
	at org.junit.platform.engine.support.hierarchical.Node.around(Node.java:137) ~[junit-platform-engine-1.11.4.jar:1.11.4]
	at org.junit.platform.engine.support.hierarchical.NodeTestTask.lambda$executeRecursively$9(NodeTestTask.java:144) ~[junit-platform-engine-1.11.4.jar:1.11.4]
	at org.junit.platform.engine.support.hierarchical.ThrowableCollector.execute(ThrowableCollector.java:73) ~[junit-platform-engine-1.11.4.jar:1.11.4]
	at org.junit.platform.engine.support.hierarchical.NodeTestTask.executeRecursively(NodeTestTask.java:143) ~[junit-platform-engine-1.11.4.jar:1.11.4]
	at org.junit.platform.engine.support.hierarchical.NodeTestTask.execute(NodeTestTask.java:100) ~[junit-platform-engine-1.11.4.jar:1.11.4]
	at java.base/java.util.ArrayList.forEach(ArrayList.java:1511) ~[?:?]
	at org.junit.platform.engine.support.hierarchical.SameThreadHierarchicalTestExecutorService.invokeAll(SameThreadHierarchicalTestExecutorService.java:41) ~[junit-platform-engine-1.11.4.jar:1.11.4]
	at org.junit.platform.engine.support.hierarchical.NodeTestTask.lambda$executeRecursively$6(NodeTestTask.java:160) ~[junit-platform-engine-1.11.4.jar:1.11.4]
	at org.junit.platform.engine.support.hierarchical.ThrowableCollector.execute(ThrowableCollector.java:73) ~[junit-platform-engine-1.11.4.jar:1.11.4]
	at org.junit.platform.engine.support.hierarchical.NodeTestTask.lambda$executeRecursively$8(NodeTestTask.java:146) ~[junit-platform-engine-1.11.4.jar:1.11.4]
	at org.junit.platform.engine.support.hierarchical.Node.around(Node.java:137) ~[junit-platform-engine-1.11.4.jar:1.11.4]
	at org.junit.platform.engine.support.hierarchical.NodeTestTask.lambda$executeRecursively$9(NodeTestTask.java:144) ~[junit-platform-engine-1.11.4.jar:1.11.4]
	at org.junit.platform.engine.support.hierarchical.ThrowableCollector.execute(ThrowableCollector.java:73) ~[junit-platform-engine-1.11.4.jar:1.11.4]
	at org.junit.platform.engine.support.hierarchical.NodeTestTask.executeRecursively(NodeTestTask.java:143) ~[junit-platform-engine-1.11.4.jar:1.11.4]
	at org.junit.platform.engine.support.hierarchical.NodeTestTask.execute(NodeTestTask.java:100) ~[junit-platform-engine-1.11.4.jar:1.11.4]
	at org.junit.platform.engine.support.hierarchical.SameThreadHierarchicalTestExecutorService.submit(SameThreadHierarchicalTestExecutorService.java:35) ~[junit-platform-engine-1.11.4.jar:1.11.4]
	at org.junit.platform.engine.support.hierarchical.HierarchicalTestExecutor.execute(HierarchicalTestExecutor.java:57) ~[junit-platform-engine-1.11.4.jar:1.11.4]
	at org.junit.platform.engine.support.hierarchical.HierarchicalTestEngine.execute(HierarchicalTestEngine.java:54) ~[junit-platform-engine-1.11.4.jar:1.11.4]
	at org.junit.platform.launcher.core.EngineExecutionOrchestrator.execute(EngineExecutionOrchestrator.java:198) ~[junit-platform-launcher-1.11.4.jar:1.11.4]
	at org.junit.platform.launcher.core.EngineExecutionOrchestrator.execute(EngineExecutionOrchestrator.java:169) ~[junit-platform-launcher-1.11.4.jar:1.11.4]
	at org.junit.platform.launcher.core.EngineExecutionOrchestrator.execute(EngineExecutionOrchestrator.java:93) ~[junit-platform-launcher-1.11.4.jar:1.11.4]
	at org.junit.platform.launcher.core.EngineExecutionOrchestrator.lambda$execute$0(EngineExecutionOrchestrator.java:58) ~[junit-platform-launcher-1.11.4.jar:1.11.4]
	at org.junit.platform.launcher.core.EngineExecutionOrchestrator.withInterceptedStreams(EngineExecutionOrchestrator.java:141) [junit-platform-launcher-1.11.4.jar:1.11.4]
	at org.junit.platform.launcher.core.EngineExecutionOrchestrator.execute(EngineExecutionOrchestrator.java:57) [junit-platform-launcher-1.11.4.jar:1.11.4]
	at org.junit.platform.launcher.core.DefaultLauncher.execute(DefaultLauncher.java:103) [junit-platform-launcher-1.11.4.jar:1.11.4]
	at org.junit.platform.launcher.core.DefaultLauncher.execute(DefaultLauncher.java:85) [junit-platform-launcher-1.11.4.jar:1.11.4]
	at org.junit.platform.launcher.core.DelegatingLauncher.execute(DelegatingLauncher.java:47) [junit-platform-launcher-1.11.4.jar:1.11.4]
	at org.apache.maven.surefire.junitplatform.LazyLauncher.execute(LazyLauncher.java:56) [surefire-junit-platform-3.5.2.jar:3.5.2]
	at org.apache.maven.surefire.junitplatform.JUnitPlatformProvider.execute(JUnitPlatformProvider.java:184) [surefire-junit-platform-3.5.2.jar:3.5.2]
	at org.apache.maven.surefire.junitplatform.JUnitPlatformProvider.invokeAllTests(JUnitPlatformProvider.java:148) [surefire-junit-platform-3.5.2.jar:3.5.2]
	at org.apache.maven.surefire.junitplatform.JUnitPlatformProvider.invoke(JUnitPlatformProvider.java:122) [surefire-junit-platform-3.5.2.jar:3.5.2]
	at org.apache.maven.surefire.booter.ForkedBooter.runSuitesInProcess(ForkedBooter.java:385) [surefire-booter-3.5.2.jar:3.5.2]
	at org.apache.maven.surefire.booter.ForkedBooter.execute(ForkedBooter.java:162) [surefire-booter-3.5.2.jar:3.5.2]
	at org.apache.maven.surefire.booter.ForkedBooter.run(ForkedBooter.java:507) [surefire-booter-3.5.2.jar:3.5.2]
	at org.apache.maven.surefire.booter.ForkedBooter.main(ForkedBooter.java:495) [surefire-booter-3.5.2.jar:3.5.2]
2025-08-01 19:23:55.733 [main] DEBUG org.springframework.data.jpa.repository.query.NamedQuery - Did not find named query Athlete.findByUserCredentials
2025-08-01 19:23:55.734 [main] DEBUG org.springframework.orm.jpa.SharedEntityManagerCreator$SharedEntityManagerInvocationHandler - Creating new EntityManager for shared EntityManager invocation
2025-08-01 19:23:55.738 [main] DEBUG org.hibernate.resource.transaction.backend.jdbc.internal.JdbcResourceLocalTransactionCoordinatorImpl - JDBC transaction marked for rollback-only (exception provided for stack trace)
java.lang.Exception: exception just for purpose of providing stack trace
	at org.hibernate.resource.transaction.backend.jdbc.internal.JdbcResourceLocalTransactionCoordinatorImpl$TransactionDriverControlImpl.markRollbackOnly(JdbcResourceLocalTransactionCoordinatorImpl.java:309) ~[hibernate-core-6.6.8.Final.jar:6.6.8.Final]
	at org.hibernate.internal.AbstractSharedSessionContract.buildNamedQuery(AbstractSharedSessionContract.java:1141) ~[hibernate-core-6.6.8.Final.jar:6.6.8.Final]
	at org.hibernate.internal.AbstractSharedSessionContract.createNamedQuery(AbstractSharedSessionContract.java:1019) ~[hibernate-core-6.6.8.Final.jar:6.6.8.Final]
	at org.hibernate.internal.AbstractSharedSessionContract.createNamedQuery(AbstractSharedSessionContract.java:143) ~[hibernate-core-6.6.8.Final.jar:6.6.8.Final]
	at jdk.internal.reflect.GeneratedMethodAccessor95.invoke(Unknown Source) ~[?:?]
	at java.base/jdk.internal.reflect.DelegatingMethodAccessorImpl.invoke(DelegatingMethodAccessorImpl.java:43) ~[?:?]
	at java.base/java.lang.reflect.Method.invoke(Method.java:569) ~[?:?]
	at org.springframework.orm.jpa.ExtendedEntityManagerCreator$ExtendedEntityManagerInvocationHandler.invoke(ExtendedEntityManagerCreator.java:364) ~[spring-orm-6.2.3.jar:6.2.3]
	at jdk.proxy2/jdk.proxy2.$Proxy236.createNamedQuery(Unknown Source) ~[?:?]
	at org.springframework.data.jpa.repository.query.NamedQuery.hasNamedQuery(NamedQuery.java:114) ~[spring-data-jpa-3.4.3.jar:3.4.3]
	at org.springframework.data.jpa.repository.query.JpaQueryLookupStrategy$DeclaredQueryLookupStrategy.getCountQuery(JpaQueryLookupStrategy.java:208) ~[spring-data-jpa-3.4.3.jar:3.4.3]
	at org.springframework.data.jpa.repository.query.JpaQueryLookupStrategy$DeclaredQueryLookupStrategy.resolveQuery(JpaQueryLookupStrategy.java:175) ~[spring-data-jpa-3.4.3.jar:3.4.3]
	at org.springframework.data.jpa.repository.query.JpaQueryLookupStrategy$CreateIfNotFoundQueryLookupStrategy.resolveQuery(JpaQueryLookupStrategy.java:256) ~[spring-data-jpa-3.4.3.jar:3.4.3]
	at org.springframework.data.jpa.repository.query.JpaQueryLookupStrategy$AbstractQueryLookupStrategy.resolveQuery(JpaQueryLookupStrategy.java:99) ~[spring-data-jpa-3.4.3.jar:3.4.3]
	at org.springframework.data.repository.core.support.QueryExecutorMethodInterceptor.lookupQuery(QueryExecutorMethodInterceptor.java:116) ~[spring-data-commons-3.4.3.jar:3.4.3]
	at org.springframework.data.repository.core.support.QueryExecutorMethodInterceptor.mapMethodsToQuery(QueryExecutorMethodInterceptor.java:104) ~[spring-data-commons-3.4.3.jar:3.4.3]
	at org.springframework.data.repository.core.support.QueryExecutorMethodInterceptor.lambda$new$0(QueryExecutorMethodInterceptor.java:92) ~[spring-data-commons-3.4.3.jar:3.4.3]
	at java.base/java.util.Optional.map(Optional.java:260) ~[?:?]
	at org.springframework.data.repository.core.support.QueryExecutorMethodInterceptor.<init>(QueryExecutorMethodInterceptor.java:92) ~[spring-data-commons-3.4.3.jar:3.4.3]
	at org.springframework.data.repository.core.support.RepositoryFactorySupport.getRepository(RepositoryFactorySupport.java:440) ~[spring-data-commons-3.4.3.jar:3.4.3]
	at org.springframework.data.repository.core.support.RepositoryFactoryBeanSupport.lambda$afterPropertiesSet$4(RepositoryFactoryBeanSupport.java:350) ~[spring-data-commons-3.4.3.jar:3.4.3]
	at org.springframework.data.util.Lazy.getNullable(Lazy.java:135) ~[spring-data-commons-3.4.3.jar:3.4.3]
	at org.springframework.data.util.Lazy.get(Lazy.java:113) ~[spring-data-commons-3.4.3.jar:3.4.3]
	at org.springframework.data.repository.core.support.RepositoryFactoryBeanSupport.afterPropertiesSet(RepositoryFactoryBeanSupport.java:356) ~[spring-data-commons-3.4.3.jar:3.4.3]
	at org.springframework.data.jpa.repository.support.JpaRepositoryFactoryBean.afterPropertiesSet(JpaRepositoryFactoryBean.java:132) ~[spring-data-jpa-3.4.3.jar:3.4.3]
	at org.springframework.beans.factory.support.AbstractAutowireCapableBeanFactory.invokeInitMethods(AbstractAutowireCapableBeanFactory.java:1859) ~[spring-beans-6.2.3.jar:6.2.3]
	at org.springframework.beans.factory.support.AbstractAutowireCapableBeanFactory.initializeBean(AbstractAutowireCapableBeanFactory.java:1808) ~[spring-beans-6.2.3.jar:6.2.3]
	at org.springframework.beans.factory.support.AbstractAutowireCapableBeanFactory.doCreateBean(AbstractAutowireCapableBeanFactory.java:601) ~[spring-beans-6.2.3.jar:6.2.3]
	at org.springframework.beans.factory.support.AbstractAutowireCapableBeanFactory.createBean(AbstractAutowireCapableBeanFactory.java:523) ~[spring-beans-6.2.3.jar:6.2.3]
	at org.springframework.beans.factory.support.AbstractBeanFactory.lambda$doGetBean$0(AbstractBeanFactory.java:339) ~[spring-beans-6.2.3.jar:6.2.3]
	at org.springframework.beans.factory.support.DefaultSingletonBeanRegistry.getSingleton(DefaultSingletonBeanRegistry.java:346) ~[spring-beans-6.2.3.jar:6.2.3]
	at org.springframework.beans.factory.support.AbstractBeanFactory.doGetBean(AbstractBeanFactory.java:337) ~[spring-beans-6.2.3.jar:6.2.3]
	at org.springframework.beans.factory.support.AbstractBeanFactory.getBean(AbstractBeanFactory.java:202) ~[spring-beans-6.2.3.jar:6.2.3]
	at org.springframework.beans.factory.support.DefaultListableBeanFactory.doResolveDependency(DefaultListableBeanFactory.java:1606) ~[spring-beans-6.2.3.jar:6.2.3]
	at org.springframework.beans.factory.support.DefaultListableBeanFactory.resolveDependency(DefaultListableBeanFactory.java:1552) ~[spring-beans-6.2.3.jar:6.2.3]
	at org.springframework.beans.factory.support.ConstructorResolver.resolveAutowiredArgument(ConstructorResolver.java:913) ~[spring-beans-6.2.3.jar:6.2.3]
	at org.springframework.beans.factory.support.ConstructorResolver.createArgumentArray(ConstructorResolver.java:791) ~[spring-beans-6.2.3.jar:6.2.3]
	at org.springframework.beans.factory.support.ConstructorResolver.autowireConstructor(ConstructorResolver.java:240) ~[spring-beans-6.2.3.jar:6.2.3]
	at org.springframework.beans.factory.support.AbstractAutowireCapableBeanFactory.autowireConstructor(AbstractAutowireCapableBeanFactory.java:1381) ~[spring-beans-6.2.3.jar:6.2.3]
	at org.springframework.beans.factory.support.AbstractAutowireCapableBeanFactory.createBeanInstance(AbstractAutowireCapableBeanFactory.java:1218) ~[spring-beans-6.2.3.jar:6.2.3]
	at org.springframework.beans.factory.support.AbstractAutowireCapableBeanFactory.doCreateBean(AbstractAutowireCapableBeanFactory.java:563) ~[spring-beans-6.2.3.jar:6.2.3]
	at org.springframework.beans.factory.support.AbstractAutowireCapableBeanFactory.createBean(AbstractAutowireCapableBeanFactory.java:523) ~[spring-beans-6.2.3.jar:6.2.3]
	at org.springframework.beans.factory.support.AbstractBeanFactory.lambda$doGetBean$0(AbstractBeanFactory.java:339) ~[spring-beans-6.2.3.jar:6.2.3]
	at org.springframework.beans.factory.support.DefaultSingletonBeanRegistry.getSingleton(DefaultSingletonBeanRegistry.java:346) ~[spring-beans-6.2.3.jar:6.2.3]
	at org.springframework.beans.factory.support.AbstractBeanFactory.doGetBean(AbstractBeanFactory.java:337) ~[spring-beans-6.2.3.jar:6.2.3]
	at org.springframework.beans.factory.support.AbstractBeanFactory.getBean(AbstractBeanFactory.java:202) ~[spring-beans-6.2.3.jar:6.2.3]
	at org.springframework.beans.factory.support.DefaultListableBeanFactory.doResolveDependency(DefaultListableBeanFactory.java:1606) ~[spring-beans-6.2.3.jar:6.2.3]
	at org.springframework.beans.factory.support.DefaultListableBeanFactory.resolveDependency(DefaultListableBeanFactory.java:1552) ~[spring-beans-6.2.3.jar:6.2.3]
	at org.springframework.beans.factory.annotation.AutowiredAnnotationBeanPostProcessor$AutowiredFieldElement.resolveFieldValue(AutowiredAnnotationBeanPostProcessor.java:785) ~[spring-beans-6.2.3.jar:6.2.3]
	at org.springframework.beans.factory.annotation.AutowiredAnnotationBeanPostProcessor$AutowiredFieldElement.inject(AutowiredAnnotationBeanPostProcessor.java:768) ~[spring-beans-6.2.3.jar:6.2.3]
	at org.springframework.beans.factory.annotation.InjectionMetadata.inject(InjectionMetadata.java:146) ~[spring-beans-6.2.3.jar:6.2.3]
	at org.springframework.beans.factory.annotation.AutowiredAnnotationBeanPostProcessor.postProcessProperties(AutowiredAnnotationBeanPostProcessor.java:509) ~[spring-beans-6.2.3.jar:6.2.3]
	at org.springframework.beans.factory.support.AbstractAutowireCapableBeanFactory.populateBean(AbstractAutowireCapableBeanFactory.java:1445) ~[spring-beans-6.2.3.jar:6.2.3]
	at org.springframework.beans.factory.support.AbstractAutowireCapableBeanFactory.doCreateBean(AbstractAutowireCapableBeanFactory.java:600) ~[spring-beans-6.2.3.jar:6.2.3]
	at org.springframework.beans.factory.support.AbstractAutowireCapableBeanFactory.createBean(AbstractAutowireCapableBeanFactory.java:523) ~[spring-beans-6.2.3.jar:6.2.3]
	at org.springframework.beans.factory.support.AbstractBeanFactory.lambda$doGetBean$0(AbstractBeanFactory.java:339) ~[spring-beans-6.2.3.jar:6.2.3]
	at org.springframework.beans.factory.support.DefaultSingletonBeanRegistry.getSingleton(DefaultSingletonBeanRegistry.java:346) ~[spring-beans-6.2.3.jar:6.2.3]
	at org.springframework.beans.factory.support.AbstractBeanFactory.doGetBean(AbstractBeanFactory.java:337) ~[spring-beans-6.2.3.jar:6.2.3]
	at org.springframework.beans.factory.support.AbstractBeanFactory.getBean(AbstractBeanFactory.java:202) ~[spring-beans-6.2.3.jar:6.2.3]
	at org.springframework.beans.factory.support.DefaultListableBeanFactory.instantiateSingleton(DefaultListableBeanFactory.java:1155) ~[spring-beans-6.2.3.jar:6.2.3]
	at org.springframework.beans.factory.support.DefaultListableBeanFactory.preInstantiateSingleton(DefaultListableBeanFactory.java:1121) ~[spring-beans-6.2.3.jar:6.2.3]
	at org.springframework.beans.factory.support.DefaultListableBeanFactory.preInstantiateSingletons(DefaultListableBeanFactory.java:1056) ~[spring-beans-6.2.3.jar:6.2.3]
	at org.springframework.context.support.AbstractApplicationContext.finishBeanFactoryInitialization(AbstractApplicationContext.java:987) ~[spring-context-6.2.3.jar:6.2.3]
	at org.springframework.context.support.AbstractApplicationContext.refresh(AbstractApplicationContext.java:627) ~[spring-context-6.2.3.jar:6.2.3]
	at org.springframework.boot.SpringApplication.refresh(SpringApplication.java:752) ~[spring-boot-3.4.3.jar:3.4.3]
	at org.springframework.boot.SpringApplication.refreshContext(SpringApplication.java:439) ~[spring-boot-3.4.3.jar:3.4.3]
	at org.springframework.boot.SpringApplication.run(SpringApplication.java:318) ~[spring-boot-3.4.3.jar:3.4.3]
	at org.springframework.boot.test.context.SpringBootContextLoader.lambda$loadContext$3(SpringBootContextLoader.java:137) ~[spring-boot-test-3.4.3.jar:3.4.3]
	at org.springframework.util.function.ThrowingSupplier.get(ThrowingSupplier.java:58) ~[spring-core-6.2.3.jar:6.2.3]
	at org.springframework.util.function.ThrowingSupplier.get(ThrowingSupplier.java:46) ~[spring-core-6.2.3.jar:6.2.3]
	at org.springframework.boot.SpringApplication.withHook(SpringApplication.java:1461) ~[spring-boot-3.4.3.jar:3.4.3]
	at org.springframework.boot.test.context.SpringBootContextLoader$ContextLoaderHook.run(SpringBootContextLoader.java:553) ~[spring-boot-test-3.4.3.jar:3.4.3]
	at org.springframework.boot.test.context.SpringBootContextLoader.loadContext(SpringBootContextLoader.java:137) ~[spring-boot-test-3.4.3.jar:3.4.3]
	at org.springframework.boot.test.context.SpringBootContextLoader.loadContext(SpringBootContextLoader.java:108) ~[spring-boot-test-3.4.3.jar:3.4.3]
	at org.springframework.test.context.cache.DefaultCacheAwareContextLoaderDelegate.loadContextInternal(DefaultCacheAwareContextLoaderDelegate.java:225) ~[spring-test-6.2.3.jar:6.2.3]
	at org.springframework.test.context.cache.DefaultCacheAwareContextLoaderDelegate.loadContext(DefaultCacheAwareContextLoaderDelegate.java:152) ~[spring-test-6.2.3.jar:6.2.3]
	at org.springframework.test.context.support.DefaultTestContext.getApplicationContext(DefaultTestContext.java:130) ~[spring-test-6.2.3.jar:6.2.3]
	at org.springframework.test.context.web.ServletTestExecutionListener.setUpRequestContextIfNecessary(ServletTestExecutionListener.java:200) ~[spring-test-6.2.3.jar:6.2.3]
	at org.springframework.test.context.web.ServletTestExecutionListener.prepareTestInstance(ServletTestExecutionListener.java:139) ~[spring-test-6.2.3.jar:6.2.3]
	at org.springframework.test.context.TestContextManager.prepareTestInstance(TestContextManager.java:260) ~[spring-test-6.2.3.jar:6.2.3]
	at org.springframework.test.context.junit.jupiter.SpringExtension.postProcessTestInstance(SpringExtension.java:160) ~[spring-test-6.2.3.jar:6.2.3]
	at org.junit.jupiter.engine.descriptor.ClassBasedTestDescriptor.lambda$invokeTestInstancePostProcessors$11(ClassBasedTestDescriptor.java:378) ~[junit-jupiter-engine-5.11.4.jar:5.11.4]
	at org.junit.jupiter.engine.descriptor.ClassBasedTestDescriptor.executeAndMaskThrowable(ClassBasedTestDescriptor.java:383) ~[junit-jupiter-engine-5.11.4.jar:5.11.4]
	at org.junit.jupiter.engine.descriptor.ClassBasedTestDescriptor.lambda$invokeTestInstancePostProcessors$12(ClassBasedTestDescriptor.java:378) ~[junit-jupiter-engine-5.11.4.jar:5.11.4]
	at java.base/java.util.stream.ForEachOps$ForEachOp$OfRef.accept(ForEachOps.java:183) ~[?:?]
	at java.base/java.util.stream.ReferencePipeline$3$1.accept(ReferencePipeline.java:197) ~[?:?]
	at java.base/java.util.stream.ReferencePipeline$2$1.accept(ReferencePipeline.java:179) ~[?:?]
	at java.base/java.util.stream.ReferencePipeline$3$1.accept(ReferencePipeline.java:197) ~[?:?]
	at java.base/java.util.ArrayList$ArrayListSpliterator.forEachRemaining(ArrayList.java:1625) ~[?:?]
	at java.base/java.util.stream.AbstractPipeline.copyInto(AbstractPipeline.java:509) ~[?:?]
	at java.base/java.util.stream.AbstractPipeline.wrapAndCopyInto(AbstractPipeline.java:499) ~[?:?]
	at java.base/java.util.stream.ForEachOps$ForEachOp.evaluateSequential(ForEachOps.java:150) ~[?:?]
	at java.base/java.util.stream.ForEachOps$ForEachOp$OfRef.evaluateSequential(ForEachOps.java:173) ~[?:?]
	at java.base/java.util.stream.AbstractPipeline.evaluate(AbstractPipeline.java:234) ~[?:?]
	at java.base/java.util.stream.ReferencePipeline.forEach(ReferencePipeline.java:596) ~[?:?]
	at org.junit.jupiter.engine.descriptor.ClassBasedTestDescriptor.invokeTestInstancePostProcessors(ClassBasedTestDescriptor.java:377) ~[junit-jupiter-engine-5.11.4.jar:5.11.4]
	at org.junit.jupiter.engine.descriptor.ClassBasedTestDescriptor.lambda$instantiateAndPostProcessTestInstance$7(ClassBasedTestDescriptor.java:290) ~[junit-jupiter-engine-5.11.4.jar:5.11.4]
	at org.junit.platform.engine.support.hierarchical.ThrowableCollector.execute(ThrowableCollector.java:73) ~[junit-platform-engine-1.11.4.jar:1.11.4]
	at org.junit.jupiter.engine.descriptor.ClassBasedTestDescriptor.instantiateAndPostProcessTestInstance(ClassBasedTestDescriptor.java:289) ~[junit-jupiter-engine-5.11.4.jar:5.11.4]
	at org.junit.jupiter.engine.descriptor.ClassBasedTestDescriptor.lambda$testInstancesProvider$5(ClassBasedTestDescriptor.java:279) ~[junit-jupiter-engine-5.11.4.jar:5.11.4]
	at java.base/java.util.Optional.orElseGet(Optional.java:364) ~[?:?]
	at org.junit.jupiter.engine.descriptor.ClassBasedTestDescriptor.lambda$testInstancesProvider$6(ClassBasedTestDescriptor.java:278) ~[junit-jupiter-engine-5.11.4.jar:5.11.4]
	at org.junit.jupiter.engine.execution.TestInstancesProvider.getTestInstances(TestInstancesProvider.java:31) ~[junit-jupiter-engine-5.11.4.jar:5.11.4]
	at org.junit.jupiter.engine.descriptor.TestMethodTestDescriptor.lambda$prepare$1(TestMethodTestDescriptor.java:105) ~[junit-jupiter-engine-5.11.4.jar:5.11.4]
	at org.junit.platform.engine.support.hierarchical.ThrowableCollector.execute(ThrowableCollector.java:73) ~[junit-platform-engine-1.11.4.jar:1.11.4]
	at org.junit.jupiter.engine.descriptor.TestMethodTestDescriptor.prepare(TestMethodTestDescriptor.java:104) ~[junit-jupiter-engine-5.11.4.jar:5.11.4]
	at org.junit.jupiter.engine.descriptor.TestMethodTestDescriptor.prepare(TestMethodTestDescriptor.java:68) ~[junit-jupiter-engine-5.11.4.jar:5.11.4]
	at org.junit.platform.engine.support.hierarchical.NodeTestTask.lambda$prepare$2(NodeTestTask.java:128) ~[junit-platform-engine-1.11.4.jar:1.11.4]
	at org.junit.platform.engine.support.hierarchical.ThrowableCollector.execute(ThrowableCollector.java:73) ~[junit-platform-engine-1.11.4.jar:1.11.4]
	at org.junit.platform.engine.support.hierarchical.NodeTestTask.prepare(NodeTestTask.java:128) ~[junit-platform-engine-1.11.4.jar:1.11.4]
	at org.junit.platform.engine.support.hierarchical.NodeTestTask.execute(NodeTestTask.java:95) ~[junit-platform-engine-1.11.4.jar:1.11.4]
	at java.base/java.util.ArrayList.forEach(ArrayList.java:1511) ~[?:?]
	at org.junit.platform.engine.support.hierarchical.SameThreadHierarchicalTestExecutorService.invokeAll(SameThreadHierarchicalTestExecutorService.java:41) ~[junit-platform-engine-1.11.4.jar:1.11.4]
	at org.junit.platform.engine.support.hierarchical.NodeTestTask.lambda$executeRecursively$6(NodeTestTask.java:160) ~[junit-platform-engine-1.11.4.jar:1.11.4]
	at org.junit.platform.engine.support.hierarchical.ThrowableCollector.execute(ThrowableCollector.java:73) ~[junit-platform-engine-1.11.4.jar:1.11.4]
	at org.junit.platform.engine.support.hierarchical.NodeTestTask.lambda$executeRecursively$8(NodeTestTask.java:146) ~[junit-platform-engine-1.11.4.jar:1.11.4]
	at org.junit.platform.engine.support.hierarchical.Node.around(Node.java:137) ~[junit-platform-engine-1.11.4.jar:1.11.4]
	at org.junit.platform.engine.support.hierarchical.NodeTestTask.lambda$executeRecursively$9(NodeTestTask.java:144) ~[junit-platform-engine-1.11.4.jar:1.11.4]
	at org.junit.platform.engine.support.hierarchical.ThrowableCollector.execute(ThrowableCollector.java:73) ~[junit-platform-engine-1.11.4.jar:1.11.4]
	at org.junit.platform.engine.support.hierarchical.NodeTestTask.executeRecursively(NodeTestTask.java:143) ~[junit-platform-engine-1.11.4.jar:1.11.4]
	at org.junit.platform.engine.support.hierarchical.NodeTestTask.execute(NodeTestTask.java:100) ~[junit-platform-engine-1.11.4.jar:1.11.4]
	at java.base/java.util.ArrayList.forEach(ArrayList.java:1511) ~[?:?]
	at org.junit.platform.engine.support.hierarchical.SameThreadHierarchicalTestExecutorService.invokeAll(SameThreadHierarchicalTestExecutorService.java:41) ~[junit-platform-engine-1.11.4.jar:1.11.4]
	at org.junit.platform.engine.support.hierarchical.NodeTestTask.lambda$executeRecursively$6(NodeTestTask.java:160) ~[junit-platform-engine-1.11.4.jar:1.11.4]
	at org.junit.platform.engine.support.hierarchical.ThrowableCollector.execute(ThrowableCollector.java:73) ~[junit-platform-engine-1.11.4.jar:1.11.4]
	at org.junit.platform.engine.support.hierarchical.NodeTestTask.lambda$executeRecursively$8(NodeTestTask.java:146) ~[junit-platform-engine-1.11.4.jar:1.11.4]
	at org.junit.platform.engine.support.hierarchical.Node.around(Node.java:137) ~[junit-platform-engine-1.11.4.jar:1.11.4]
	at org.junit.platform.engine.support.hierarchical.NodeTestTask.lambda$executeRecursively$9(NodeTestTask.java:144) ~[junit-platform-engine-1.11.4.jar:1.11.4]
	at org.junit.platform.engine.support.hierarchical.ThrowableCollector.execute(ThrowableCollector.java:73) ~[junit-platform-engine-1.11.4.jar:1.11.4]
	at org.junit.platform.engine.support.hierarchical.NodeTestTask.executeRecursively(NodeTestTask.java:143) ~[junit-platform-engine-1.11.4.jar:1.11.4]
	at org.junit.platform.engine.support.hierarchical.NodeTestTask.execute(NodeTestTask.java:100) ~[junit-platform-engine-1.11.4.jar:1.11.4]
	at org.junit.platform.engine.support.hierarchical.SameThreadHierarchicalTestExecutorService.submit(SameThreadHierarchicalTestExecutorService.java:35) ~[junit-platform-engine-1.11.4.jar:1.11.4]
	at org.junit.platform.engine.support.hierarchical.HierarchicalTestExecutor.execute(HierarchicalTestExecutor.java:57) ~[junit-platform-engine-1.11.4.jar:1.11.4]
	at org.junit.platform.engine.support.hierarchical.HierarchicalTestEngine.execute(HierarchicalTestEngine.java:54) ~[junit-platform-engine-1.11.4.jar:1.11.4]
	at org.junit.platform.launcher.core.EngineExecutionOrchestrator.execute(EngineExecutionOrchestrator.java:198) ~[junit-platform-launcher-1.11.4.jar:1.11.4]
	at org.junit.platform.launcher.core.EngineExecutionOrchestrator.execute(EngineExecutionOrchestrator.java:169) ~[junit-platform-launcher-1.11.4.jar:1.11.4]
	at org.junit.platform.launcher.core.EngineExecutionOrchestrator.execute(EngineExecutionOrchestrator.java:93) ~[junit-platform-launcher-1.11.4.jar:1.11.4]
	at org.junit.platform.launcher.core.EngineExecutionOrchestrator.lambda$execute$0(EngineExecutionOrchestrator.java:58) ~[junit-platform-launcher-1.11.4.jar:1.11.4]
	at org.junit.platform.launcher.core.EngineExecutionOrchestrator.withInterceptedStreams(EngineExecutionOrchestrator.java:141) [junit-platform-launcher-1.11.4.jar:1.11.4]
	at org.junit.platform.launcher.core.EngineExecutionOrchestrator.execute(EngineExecutionOrchestrator.java:57) [junit-platform-launcher-1.11.4.jar:1.11.4]
	at org.junit.platform.launcher.core.DefaultLauncher.execute(DefaultLauncher.java:103) [junit-platform-launcher-1.11.4.jar:1.11.4]
	at org.junit.platform.launcher.core.DefaultLauncher.execute(DefaultLauncher.java:85) [junit-platform-launcher-1.11.4.jar:1.11.4]
	at org.junit.platform.launcher.core.DelegatingLauncher.execute(DelegatingLauncher.java:47) [junit-platform-launcher-1.11.4.jar:1.11.4]
	at org.apache.maven.surefire.junitplatform.LazyLauncher.execute(LazyLauncher.java:56) [surefire-junit-platform-3.5.2.jar:3.5.2]
	at org.apache.maven.surefire.junitplatform.JUnitPlatformProvider.execute(JUnitPlatformProvider.java:184) [surefire-junit-platform-3.5.2.jar:3.5.2]
	at org.apache.maven.surefire.junitplatform.JUnitPlatformProvider.invokeAllTests(JUnitPlatformProvider.java:148) [surefire-junit-platform-3.5.2.jar:3.5.2]
	at org.apache.maven.surefire.junitplatform.JUnitPlatformProvider.invoke(JUnitPlatformProvider.java:122) [surefire-junit-platform-3.5.2.jar:3.5.2]
	at org.apache.maven.surefire.booter.ForkedBooter.runSuitesInProcess(ForkedBooter.java:385) [surefire-booter-3.5.2.jar:3.5.2]
	at org.apache.maven.surefire.booter.ForkedBooter.execute(ForkedBooter.java:162) [surefire-booter-3.5.2.jar:3.5.2]
	at org.apache.maven.surefire.booter.ForkedBooter.run(ForkedBooter.java:507) [surefire-booter-3.5.2.jar:3.5.2]
	at org.apache.maven.surefire.booter.ForkedBooter.main(ForkedBooter.java:495) [surefire-booter-3.5.2.jar:3.5.2]
2025-08-01 19:23:55.742 [main] DEBUG org.springframework.data.jpa.repository.query.NamedQuery - Did not find named query Athlete.findAthleteByCriteria.count
2025-08-01 19:23:55.743 [main] DEBUG org.springframework.orm.jpa.SharedEntityManagerCreator$SharedEntityManagerInvocationHandler - Creating new EntityManager for shared EntityManager invocation
2025-08-01 19:23:55.749 [main] DEBUG org.hibernate.orm.query.hql - HQL : SELECT DISTINCT a FROM Athlete a LEFT JOIN a.sports s WHERE a.isDeleted = false AND (:firstName IS NULL OR (CAST(a.firstName AS string) LIKE CONCAT('%', CAST(:firstName AS string), '%'))) AND (:lastName IS NULL OR (CAST(a.lastName AS string) LIKE CONCAT('%', CAST(:lastName AS string), '%'))) AND (:gender IS NULL OR a.gender = :gender) AND (:dateOfBirth IS NULL OR a.dateOfBirth = :dateOfBirth) AND (:sportIds IS NULL OR s.id IN :sportIds_1) AND (:emailPermission IS NULL OR a.emailPermission = :emailPermission) AND (:phonePermission IS NULL OR a.phonePermission = :phonePermission)
2025-08-01 19:23:55.751 [main] DEBUG org.hibernate.orm.query.hql.reservedWordAsIdentifier - Encountered use of reserved word as identifier : IN
2025-08-01 19:23:55.753 [main] DEBUG org.hibernate.orm.query.sqm.creation - Applying inferable type to SqmExpression [SqmNamedParameter(gender)] : null -> SqmBasicValuedSimplePath(com.example.trainup.model.user.Athlete(a).gender)
2025-08-01 19:23:55.754 [main] DEBUG org.hibernate.orm.query.sqm.creation - Applying inferable type to SqmExpression [SqmNamedParameter(dateOfBirth)] : null -> SqmBasicValuedSimplePath(com.example.trainup.model.user.Athlete(a).dateOfBirth)
2025-08-01 19:23:55.755 [main] DEBUG org.hibernate.orm.query.sqm.creation - Applying inferable type to SqmExpression [SqmNamedParameter(sportIds_1)] : null -> SqmBasicValuedSimplePath(com.example.trainup.model.user.Athlete(a).sports(s).{element}.id)
2025-08-01 19:23:55.755 [main] DEBUG org.hibernate.orm.query.sqm.creation - Applying inferable type to SqmExpression [SqmNamedParameter(emailPermission)] : null -> SqmBasicValuedSimplePath(com.example.trainup.model.user.Athlete(a).emailPermission)
2025-08-01 19:23:55.756 [main] DEBUG org.hibernate.orm.query.sqm.creation - Applying inferable type to SqmExpression [SqmNamedParameter(phonePermission)] : null -> SqmBasicValuedSimplePath(com.example.trainup.model.user.Athlete(a).phonePermission)
2025-08-01 19:23:55.756 [main] DEBUG org.hibernate.orm.query.sqm.ast - SqmStatement Tree :
    -> [select]
      -> [query-spec]
        -> [select(distinct)]
          -> [selection]
            -> [root] - `com.example.trainup.model.user.Athlete(a)`
              -> [joins]
                -> [attribute] - `com.example.trainup.model.user.Athlete(a).sports(s)`
                    [fetched = false]
                <- [attribute] - `com.example.trainup.model.user.Athlete(a).sports(s)`
              <- [joins]
            <- [root] - `com.example.trainup.model.user.Athlete(a)`
          <- [selection]
        <- [select(distinct)]
        -> [from]
          -> [root] - `com.example.trainup.model.user.Athlete(a)`
            -> [joins]
              -> [attribute] - `com.example.trainup.model.user.Athlete(a).sports(s)`
                  [fetched = false]
              <- [attribute] - `com.example.trainup.model.user.Athlete(a).sports(s)`
            <- [joins]
          <- [root] - `com.example.trainup.model.user.Athlete(a)`
        <- [from]
        -> [where]
          -> [and]
            -> [EQUAL]
                -> [basic-path] - `com.example.trainup.model.user.Athlete(a).isDeleted`
            <- [EQUAL]
            -> [grouped]
                -> [or]
                  -> [is-null]
                      :firstName
                  <- [is-null]
                  -> [grouped]
                      -> [is-like]
                      <- [is-like]
                  <- [grouped]
                <- [or]
            <- [grouped]
            -> [grouped]
                -> [or]
                  -> [is-null]
                      :lastName
                  <- [is-null]
                  -> [grouped]
                      -> [is-like]
                      <- [is-like]
                  <- [grouped]
                <- [or]
            <- [grouped]
            -> [grouped]
                -> [or]
                  -> [is-null]
                      :gender
                  <- [is-null]
                  -> [EQUAL]
                      -> [basic-path] - `com.example.trainup.model.user.Athlete(a).gender`
                      :gender
                  <- [EQUAL]
                <- [or]
            <- [grouped]
            -> [grouped]
                -> [or]
                  -> [is-null]
                      :dateOfBirth
                  <- [is-null]
                  -> [EQUAL]
                      -> [basic-path] - `com.example.trainup.model.user.Athlete(a).dateOfBirth`
                      :dateOfBirth
                  <- [EQUAL]
                <- [or]
            <- [grouped]
            -> [grouped]
                -> [or]
                  -> [is-null]
                      :sportIds
                  <- [is-null]
                <- [or]
            <- [grouped]
            -> [grouped]
                -> [or]
                  -> [is-null]
                      :emailPermission
                  <- [is-null]
                  -> [EQUAL]
                      -> [basic-path] - `com.example.trainup.model.user.Athlete(a).emailPermission`
                      :emailPermission
                  <- [EQUAL]
                <- [or]
            <- [grouped]
            -> [grouped]
                -> [or]
                  -> [is-null]
                      :phonePermission
                  <- [is-null]
                  -> [EQUAL]
                      -> [basic-path] - `com.example.trainup.model.user.Athlete(a).phonePermission`
                      :phonePermission
                  <- [EQUAL]
                <- [or]
            <- [grouped]
          <- [and]
        <- [where]
      <- [query-spec]
    <- [select]

2025-08-01 19:23:55.763 [main] DEBUG org.hibernate.orm.query.hql - HQL : SELECT count(DISTINCT a) FROM Athlete a LEFT JOIN a.sports s WHERE a.isDeleted = false AND (:firstName IS NULL OR (CAST(a.firstName AS string) LIKE CONCAT('%', CAST(:firstName AS string), '%'))) AND (:lastName IS NULL OR (CAST(a.lastName AS string) LIKE CONCAT('%', CAST(:lastName AS string), '%'))) AND (:gender IS NULL OR a.gender = :gender) AND (:dateOfBirth IS NULL OR a.dateOfBirth = :dateOfBirth) AND (:sportIds IS NULL OR s.id IN :sportIds_1) AND (:emailPermission IS NULL OR a.emailPermission = :emailPermission) AND (:phonePermission IS NULL OR a.phonePermission = :phonePermission)
2025-08-01 19:23:55.764 [main] DEBUG org.hibernate.orm.query.hql.reservedWordAsIdentifier - Encountered use of reserved word as identifier : (
2025-08-01 19:23:55.765 [main] DEBUG org.hibernate.orm.query.hql.reservedWordAsIdentifier - Encountered use of reserved word as identifier : IN
2025-08-01 19:23:55.767 [main] DEBUG org.hibernate.orm.query.sqm.creation - Applying inferable type to SqmExpression [SqmNamedParameter(gender)] : null -> SqmBasicValuedSimplePath(com.example.trainup.model.user.Athlete(a).gender)
2025-08-01 19:23:55.767 [main] DEBUG org.hibernate.orm.query.sqm.creation - Applying inferable type to SqmExpression [SqmNamedParameter(dateOfBirth)] : null -> SqmBasicValuedSimplePath(com.example.trainup.model.user.Athlete(a).dateOfBirth)
2025-08-01 19:23:55.768 [main] DEBUG org.hibernate.orm.query.sqm.creation - Applying inferable type to SqmExpression [SqmNamedParameter(sportIds_1)] : null -> SqmBasicValuedSimplePath(com.example.trainup.model.user.Athlete(a).sports(s).{element}.id)
2025-08-01 19:23:55.769 [main] DEBUG org.hibernate.orm.query.sqm.creation - Applying inferable type to SqmExpression [SqmNamedParameter(emailPermission)] : null -> SqmBasicValuedSimplePath(com.example.trainup.model.user.Athlete(a).emailPermission)
2025-08-01 19:23:55.769 [main] DEBUG org.hibernate.orm.query.sqm.creation - Applying inferable type to SqmExpression [SqmNamedParameter(phonePermission)] : null -> SqmBasicValuedSimplePath(com.example.trainup.model.user.Athlete(a).phonePermission)
2025-08-01 19:23:55.770 [main] DEBUG org.hibernate.orm.query.sqm.ast - SqmStatement Tree :
    -> [select]
      -> [query-spec]
        -> [select]
          -> [selection]
          <- [selection]
        <- [select]
        -> [from]
          -> [root] - `com.example.trainup.model.user.Athlete(a)`
            -> [joins]
              -> [attribute] - `com.example.trainup.model.user.Athlete(a).sports(s)`
                  [fetched = false]
              <- [attribute] - `com.example.trainup.model.user.Athlete(a).sports(s)`
            <- [joins]
          <- [root] - `com.example.trainup.model.user.Athlete(a)`
        <- [from]
        -> [where]
          -> [and]
            -> [EQUAL]
                -> [basic-path] - `com.example.trainup.model.user.Athlete(a).isDeleted`
            <- [EQUAL]
            -> [grouped]
                -> [or]
                  -> [is-null]
                      :firstName
                  <- [is-null]
                  -> [grouped]
                      -> [is-like]
                      <- [is-like]
                  <- [grouped]
                <- [or]
            <- [grouped]
            -> [grouped]
                -> [or]
                  -> [is-null]
                      :lastName
                  <- [is-null]
                  -> [grouped]
                      -> [is-like]
                      <- [is-like]
                  <- [grouped]
                <- [or]
            <- [grouped]
            -> [grouped]
                -> [or]
                  -> [is-null]
                      :gender
                  <- [is-null]
                  -> [EQUAL]
                      -> [basic-path] - `com.example.trainup.model.user.Athlete(a).gender`
                      :gender
                  <- [EQUAL]
                <- [or]
            <- [grouped]
            -> [grouped]
                -> [or]
                  -> [is-null]
                      :dateOfBirth
                  <- [is-null]
                  -> [EQUAL]
                      -> [basic-path] - `com.example.trainup.model.user.Athlete(a).dateOfBirth`
                      :dateOfBirth
                  <- [EQUAL]
                <- [or]
            <- [grouped]
            -> [grouped]
                -> [or]
                  -> [is-null]
                      :sportIds
                  <- [is-null]
                <- [or]
            <- [grouped]
            -> [grouped]
                -> [or]
                  -> [is-null]
                      :emailPermission
                  <- [is-null]
                  -> [EQUAL]
                      -> [basic-path] - `com.example.trainup.model.user.Athlete(a).emailPermission`
                      :emailPermission
                  <- [EQUAL]
                <- [or]
            <- [grouped]
            -> [grouped]
                -> [or]
                  -> [is-null]
                      :phonePermission
                  <- [is-null]
                  -> [EQUAL]
                      -> [basic-path] - `com.example.trainup.model.user.Athlete(a).phonePermission`
                      :phonePermission
                  <- [EQUAL]
                <- [or]
            <- [grouped]
          <- [and]
        <- [where]
      <- [query-spec]
    <- [select]

2025-08-01 19:23:55.772 [main] DEBUG org.hibernate.resource.transaction.backend.jdbc.internal.JdbcResourceLocalTransactionCoordinatorImpl - JDBC transaction marked for rollback-only (exception provided for stack trace)
java.lang.Exception: exception just for purpose of providing stack trace
	at org.hibernate.resource.transaction.backend.jdbc.internal.JdbcResourceLocalTransactionCoordinatorImpl$TransactionDriverControlImpl.markRollbackOnly(JdbcResourceLocalTransactionCoordinatorImpl.java:309) ~[hibernate-core-6.6.8.Final.jar:6.6.8.Final]
	at org.hibernate.internal.AbstractSharedSessionContract.buildNamedQuery(AbstractSharedSessionContract.java:1141) ~[hibernate-core-6.6.8.Final.jar:6.6.8.Final]
	at org.hibernate.internal.AbstractSharedSessionContract.createNamedQuery(AbstractSharedSessionContract.java:1019) ~[hibernate-core-6.6.8.Final.jar:6.6.8.Final]
	at org.hibernate.internal.AbstractSharedSessionContract.createNamedQuery(AbstractSharedSessionContract.java:143) ~[hibernate-core-6.6.8.Final.jar:6.6.8.Final]
	at jdk.internal.reflect.GeneratedMethodAccessor95.invoke(Unknown Source) ~[?:?]
	at java.base/jdk.internal.reflect.DelegatingMethodAccessorImpl.invoke(DelegatingMethodAccessorImpl.java:43) ~[?:?]
	at java.base/java.lang.reflect.Method.invoke(Method.java:569) ~[?:?]
	at org.springframework.orm.jpa.ExtendedEntityManagerCreator$ExtendedEntityManagerInvocationHandler.invoke(ExtendedEntityManagerCreator.java:364) ~[spring-orm-6.2.3.jar:6.2.3]
	at jdk.proxy2/jdk.proxy2.$Proxy236.createNamedQuery(Unknown Source) ~[?:?]
	at org.springframework.data.jpa.repository.query.NamedQuery.hasNamedQuery(NamedQuery.java:114) ~[spring-data-jpa-3.4.3.jar:3.4.3]
	at org.springframework.data.jpa.repository.query.JpaQueryLookupStrategy$DeclaredQueryLookupStrategy.getCountQuery(JpaQueryLookupStrategy.java:208) ~[spring-data-jpa-3.4.3.jar:3.4.3]
	at org.springframework.data.jpa.repository.query.JpaQueryLookupStrategy$DeclaredQueryLookupStrategy.resolveQuery(JpaQueryLookupStrategy.java:175) ~[spring-data-jpa-3.4.3.jar:3.4.3]
	at org.springframework.data.jpa.repository.query.JpaQueryLookupStrategy$CreateIfNotFoundQueryLookupStrategy.resolveQuery(JpaQueryLookupStrategy.java:256) ~[spring-data-jpa-3.4.3.jar:3.4.3]
	at org.springframework.data.jpa.repository.query.JpaQueryLookupStrategy$AbstractQueryLookupStrategy.resolveQuery(JpaQueryLookupStrategy.java:99) ~[spring-data-jpa-3.4.3.jar:3.4.3]
	at org.springframework.data.repository.core.support.QueryExecutorMethodInterceptor.lookupQuery(QueryExecutorMethodInterceptor.java:116) ~[spring-data-commons-3.4.3.jar:3.4.3]
	at org.springframework.data.repository.core.support.QueryExecutorMethodInterceptor.mapMethodsToQuery(QueryExecutorMethodInterceptor.java:104) ~[spring-data-commons-3.4.3.jar:3.4.3]
	at org.springframework.data.repository.core.support.QueryExecutorMethodInterceptor.lambda$new$0(QueryExecutorMethodInterceptor.java:92) ~[spring-data-commons-3.4.3.jar:3.4.3]
	at java.base/java.util.Optional.map(Optional.java:260) ~[?:?]
	at org.springframework.data.repository.core.support.QueryExecutorMethodInterceptor.<init>(QueryExecutorMethodInterceptor.java:92) ~[spring-data-commons-3.4.3.jar:3.4.3]
	at org.springframework.data.repository.core.support.RepositoryFactorySupport.getRepository(RepositoryFactorySupport.java:440) ~[spring-data-commons-3.4.3.jar:3.4.3]
	at org.springframework.data.repository.core.support.RepositoryFactoryBeanSupport.lambda$afterPropertiesSet$4(RepositoryFactoryBeanSupport.java:350) ~[spring-data-commons-3.4.3.jar:3.4.3]
	at org.springframework.data.util.Lazy.getNullable(Lazy.java:135) ~[spring-data-commons-3.4.3.jar:3.4.3]
	at org.springframework.data.util.Lazy.get(Lazy.java:113) ~[spring-data-commons-3.4.3.jar:3.4.3]
	at org.springframework.data.repository.core.support.RepositoryFactoryBeanSupport.afterPropertiesSet(RepositoryFactoryBeanSupport.java:356) ~[spring-data-commons-3.4.3.jar:3.4.3]
	at org.springframework.data.jpa.repository.support.JpaRepositoryFactoryBean.afterPropertiesSet(JpaRepositoryFactoryBean.java:132) ~[spring-data-jpa-3.4.3.jar:3.4.3]
	at org.springframework.beans.factory.support.AbstractAutowireCapableBeanFactory.invokeInitMethods(AbstractAutowireCapableBeanFactory.java:1859) ~[spring-beans-6.2.3.jar:6.2.3]
	at org.springframework.beans.factory.support.AbstractAutowireCapableBeanFactory.initializeBean(AbstractAutowireCapableBeanFactory.java:1808) ~[spring-beans-6.2.3.jar:6.2.3]
	at org.springframework.beans.factory.support.AbstractAutowireCapableBeanFactory.doCreateBean(AbstractAutowireCapableBeanFactory.java:601) ~[spring-beans-6.2.3.jar:6.2.3]
	at org.springframework.beans.factory.support.AbstractAutowireCapableBeanFactory.createBean(AbstractAutowireCapableBeanFactory.java:523) ~[spring-beans-6.2.3.jar:6.2.3]
	at org.springframework.beans.factory.support.AbstractBeanFactory.lambda$doGetBean$0(AbstractBeanFactory.java:339) ~[spring-beans-6.2.3.jar:6.2.3]
	at org.springframework.beans.factory.support.DefaultSingletonBeanRegistry.getSingleton(DefaultSingletonBeanRegistry.java:346) ~[spring-beans-6.2.3.jar:6.2.3]
	at org.springframework.beans.factory.support.AbstractBeanFactory.doGetBean(AbstractBeanFactory.java:337) ~[spring-beans-6.2.3.jar:6.2.3]
	at org.springframework.beans.factory.support.AbstractBeanFactory.getBean(AbstractBeanFactory.java:202) ~[spring-beans-6.2.3.jar:6.2.3]
	at org.springframework.beans.factory.support.DefaultListableBeanFactory.doResolveDependency(DefaultListableBeanFactory.java:1606) ~[spring-beans-6.2.3.jar:6.2.3]
	at org.springframework.beans.factory.support.DefaultListableBeanFactory.resolveDependency(DefaultListableBeanFactory.java:1552) ~[spring-beans-6.2.3.jar:6.2.3]
	at org.springframework.beans.factory.support.ConstructorResolver.resolveAutowiredArgument(ConstructorResolver.java:913) ~[spring-beans-6.2.3.jar:6.2.3]
	at org.springframework.beans.factory.support.ConstructorResolver.createArgumentArray(ConstructorResolver.java:791) ~[spring-beans-6.2.3.jar:6.2.3]
	at org.springframework.beans.factory.support.ConstructorResolver.autowireConstructor(ConstructorResolver.java:240) ~[spring-beans-6.2.3.jar:6.2.3]
	at org.springframework.beans.factory.support.AbstractAutowireCapableBeanFactory.autowireConstructor(AbstractAutowireCapableBeanFactory.java:1381) ~[spring-beans-6.2.3.jar:6.2.3]
	at org.springframework.beans.factory.support.AbstractAutowireCapableBeanFactory.createBeanInstance(AbstractAutowireCapableBeanFactory.java:1218) ~[spring-beans-6.2.3.jar:6.2.3]
	at org.springframework.beans.factory.support.AbstractAutowireCapableBeanFactory.doCreateBean(AbstractAutowireCapableBeanFactory.java:563) ~[spring-beans-6.2.3.jar:6.2.3]
	at org.springframework.beans.factory.support.AbstractAutowireCapableBeanFactory.createBean(AbstractAutowireCapableBeanFactory.java:523) ~[spring-beans-6.2.3.jar:6.2.3]
	at org.springframework.beans.factory.support.AbstractBeanFactory.lambda$doGetBean$0(AbstractBeanFactory.java:339) ~[spring-beans-6.2.3.jar:6.2.3]
	at org.springframework.beans.factory.support.DefaultSingletonBeanRegistry.getSingleton(DefaultSingletonBeanRegistry.java:346) ~[spring-beans-6.2.3.jar:6.2.3]
	at org.springframework.beans.factory.support.AbstractBeanFactory.doGetBean(AbstractBeanFactory.java:337) ~[spring-beans-6.2.3.jar:6.2.3]
	at org.springframework.beans.factory.support.AbstractBeanFactory.getBean(AbstractBeanFactory.java:202) ~[spring-beans-6.2.3.jar:6.2.3]
	at org.springframework.beans.factory.support.DefaultListableBeanFactory.doResolveDependency(DefaultListableBeanFactory.java:1606) ~[spring-beans-6.2.3.jar:6.2.3]
	at org.springframework.beans.factory.support.DefaultListableBeanFactory.resolveDependency(DefaultListableBeanFactory.java:1552) ~[spring-beans-6.2.3.jar:6.2.3]
	at org.springframework.beans.factory.annotation.AutowiredAnnotationBeanPostProcessor$AutowiredFieldElement.resolveFieldValue(AutowiredAnnotationBeanPostProcessor.java:785) ~[spring-beans-6.2.3.jar:6.2.3]
	at org.springframework.beans.factory.annotation.AutowiredAnnotationBeanPostProcessor$AutowiredFieldElement.inject(AutowiredAnnotationBeanPostProcessor.java:768) ~[spring-beans-6.2.3.jar:6.2.3]
	at org.springframework.beans.factory.annotation.InjectionMetadata.inject(InjectionMetadata.java:146) ~[spring-beans-6.2.3.jar:6.2.3]
	at org.springframework.beans.factory.annotation.AutowiredAnnotationBeanPostProcessor.postProcessProperties(AutowiredAnnotationBeanPostProcessor.java:509) ~[spring-beans-6.2.3.jar:6.2.3]
	at org.springframework.beans.factory.support.AbstractAutowireCapableBeanFactory.populateBean(AbstractAutowireCapableBeanFactory.java:1445) ~[spring-beans-6.2.3.jar:6.2.3]
	at org.springframework.beans.factory.support.AbstractAutowireCapableBeanFactory.doCreateBean(AbstractAutowireCapableBeanFactory.java:600) ~[spring-beans-6.2.3.jar:6.2.3]
	at org.springframework.beans.factory.support.AbstractAutowireCapableBeanFactory.createBean(AbstractAutowireCapableBeanFactory.java:523) ~[spring-beans-6.2.3.jar:6.2.3]
	at org.springframework.beans.factory.support.AbstractBeanFactory.lambda$doGetBean$0(AbstractBeanFactory.java:339) ~[spring-beans-6.2.3.jar:6.2.3]
	at org.springframework.beans.factory.support.DefaultSingletonBeanRegistry.getSingleton(DefaultSingletonBeanRegistry.java:346) ~[spring-beans-6.2.3.jar:6.2.3]
	at org.springframework.beans.factory.support.AbstractBeanFactory.doGetBean(AbstractBeanFactory.java:337) ~[spring-beans-6.2.3.jar:6.2.3]
	at org.springframework.beans.factory.support.AbstractBeanFactory.getBean(AbstractBeanFactory.java:202) ~[spring-beans-6.2.3.jar:6.2.3]
	at org.springframework.beans.factory.support.DefaultListableBeanFactory.instantiateSingleton(DefaultListableBeanFactory.java:1155) ~[spring-beans-6.2.3.jar:6.2.3]
	at org.springframework.beans.factory.support.DefaultListableBeanFactory.preInstantiateSingleton(DefaultListableBeanFactory.java:1121) ~[spring-beans-6.2.3.jar:6.2.3]
	at org.springframework.beans.factory.support.DefaultListableBeanFactory.preInstantiateSingletons(DefaultListableBeanFactory.java:1056) ~[spring-beans-6.2.3.jar:6.2.3]
	at org.springframework.context.support.AbstractApplicationContext.finishBeanFactoryInitialization(AbstractApplicationContext.java:987) ~[spring-context-6.2.3.jar:6.2.3]
	at org.springframework.context.support.AbstractApplicationContext.refresh(AbstractApplicationContext.java:627) ~[spring-context-6.2.3.jar:6.2.3]
	at org.springframework.boot.SpringApplication.refresh(SpringApplication.java:752) ~[spring-boot-3.4.3.jar:3.4.3]
	at org.springframework.boot.SpringApplication.refreshContext(SpringApplication.java:439) ~[spring-boot-3.4.3.jar:3.4.3]
	at org.springframework.boot.SpringApplication.run(SpringApplication.java:318) ~[spring-boot-3.4.3.jar:3.4.3]
	at org.springframework.boot.test.context.SpringBootContextLoader.lambda$loadContext$3(SpringBootContextLoader.java:137) ~[spring-boot-test-3.4.3.jar:3.4.3]
	at org.springframework.util.function.ThrowingSupplier.get(ThrowingSupplier.java:58) ~[spring-core-6.2.3.jar:6.2.3]
	at org.springframework.util.function.ThrowingSupplier.get(ThrowingSupplier.java:46) ~[spring-core-6.2.3.jar:6.2.3]
	at org.springframework.boot.SpringApplication.withHook(SpringApplication.java:1461) ~[spring-boot-3.4.3.jar:3.4.3]
	at org.springframework.boot.test.context.SpringBootContextLoader$ContextLoaderHook.run(SpringBootContextLoader.java:553) ~[spring-boot-test-3.4.3.jar:3.4.3]
	at org.springframework.boot.test.context.SpringBootContextLoader.loadContext(SpringBootContextLoader.java:137) ~[spring-boot-test-3.4.3.jar:3.4.3]
	at org.springframework.boot.test.context.SpringBootContextLoader.loadContext(SpringBootContextLoader.java:108) ~[spring-boot-test-3.4.3.jar:3.4.3]
	at org.springframework.test.context.cache.DefaultCacheAwareContextLoaderDelegate.loadContextInternal(DefaultCacheAwareContextLoaderDelegate.java:225) ~[spring-test-6.2.3.jar:6.2.3]
	at org.springframework.test.context.cache.DefaultCacheAwareContextLoaderDelegate.loadContext(DefaultCacheAwareContextLoaderDelegate.java:152) ~[spring-test-6.2.3.jar:6.2.3]
	at org.springframework.test.context.support.DefaultTestContext.getApplicationContext(DefaultTestContext.java:130) ~[spring-test-6.2.3.jar:6.2.3]
	at org.springframework.test.context.web.ServletTestExecutionListener.setUpRequestContextIfNecessary(ServletTestExecutionListener.java:200) ~[spring-test-6.2.3.jar:6.2.3]
	at org.springframework.test.context.web.ServletTestExecutionListener.prepareTestInstance(ServletTestExecutionListener.java:139) ~[spring-test-6.2.3.jar:6.2.3]
	at org.springframework.test.context.TestContextManager.prepareTestInstance(TestContextManager.java:260) ~[spring-test-6.2.3.jar:6.2.3]
	at org.springframework.test.context.junit.jupiter.SpringExtension.postProcessTestInstance(SpringExtension.java:160) ~[spring-test-6.2.3.jar:6.2.3]
	at org.junit.jupiter.engine.descriptor.ClassBasedTestDescriptor.lambda$invokeTestInstancePostProcessors$11(ClassBasedTestDescriptor.java:378) ~[junit-jupiter-engine-5.11.4.jar:5.11.4]
	at org.junit.jupiter.engine.descriptor.ClassBasedTestDescriptor.executeAndMaskThrowable(ClassBasedTestDescriptor.java:383) ~[junit-jupiter-engine-5.11.4.jar:5.11.4]
	at org.junit.jupiter.engine.descriptor.ClassBasedTestDescriptor.lambda$invokeTestInstancePostProcessors$12(ClassBasedTestDescriptor.java:378) ~[junit-jupiter-engine-5.11.4.jar:5.11.4]
	at java.base/java.util.stream.ForEachOps$ForEachOp$OfRef.accept(ForEachOps.java:183) ~[?:?]
	at java.base/java.util.stream.ReferencePipeline$3$1.accept(ReferencePipeline.java:197) ~[?:?]
	at java.base/java.util.stream.ReferencePipeline$2$1.accept(ReferencePipeline.java:179) ~[?:?]
	at java.base/java.util.stream.ReferencePipeline$3$1.accept(ReferencePipeline.java:197) ~[?:?]
	at java.base/java.util.ArrayList$ArrayListSpliterator.forEachRemaining(ArrayList.java:1625) ~[?:?]
	at java.base/java.util.stream.AbstractPipeline.copyInto(AbstractPipeline.java:509) ~[?:?]
	at java.base/java.util.stream.AbstractPipeline.wrapAndCopyInto(AbstractPipeline.java:499) ~[?:?]
	at java.base/java.util.stream.ForEachOps$ForEachOp.evaluateSequential(ForEachOps.java:150) ~[?:?]
	at java.base/java.util.stream.ForEachOps$ForEachOp$OfRef.evaluateSequential(ForEachOps.java:173) ~[?:?]
	at java.base/java.util.stream.AbstractPipeline.evaluate(AbstractPipeline.java:234) ~[?:?]
	at java.base/java.util.stream.ReferencePipeline.forEach(ReferencePipeline.java:596) ~[?:?]
	at org.junit.jupiter.engine.descriptor.ClassBasedTestDescriptor.invokeTestInstancePostProcessors(ClassBasedTestDescriptor.java:377) ~[junit-jupiter-engine-5.11.4.jar:5.11.4]
	at org.junit.jupiter.engine.descriptor.ClassBasedTestDescriptor.lambda$instantiateAndPostProcessTestInstance$7(ClassBasedTestDescriptor.java:290) ~[junit-jupiter-engine-5.11.4.jar:5.11.4]
	at org.junit.platform.engine.support.hierarchical.ThrowableCollector.execute(ThrowableCollector.java:73) ~[junit-platform-engine-1.11.4.jar:1.11.4]
	at org.junit.jupiter.engine.descriptor.ClassBasedTestDescriptor.instantiateAndPostProcessTestInstance(ClassBasedTestDescriptor.java:289) ~[junit-jupiter-engine-5.11.4.jar:5.11.4]
	at org.junit.jupiter.engine.descriptor.ClassBasedTestDescriptor.lambda$testInstancesProvider$5(ClassBasedTestDescriptor.java:279) ~[junit-jupiter-engine-5.11.4.jar:5.11.4]
	at java.base/java.util.Optional.orElseGet(Optional.java:364) ~[?:?]
	at org.junit.jupiter.engine.descriptor.ClassBasedTestDescriptor.lambda$testInstancesProvider$6(ClassBasedTestDescriptor.java:278) ~[junit-jupiter-engine-5.11.4.jar:5.11.4]
	at org.junit.jupiter.engine.execution.TestInstancesProvider.getTestInstances(TestInstancesProvider.java:31) ~[junit-jupiter-engine-5.11.4.jar:5.11.4]
	at org.junit.jupiter.engine.descriptor.TestMethodTestDescriptor.lambda$prepare$1(TestMethodTestDescriptor.java:105) ~[junit-jupiter-engine-5.11.4.jar:5.11.4]
	at org.junit.platform.engine.support.hierarchical.ThrowableCollector.execute(ThrowableCollector.java:73) ~[junit-platform-engine-1.11.4.jar:1.11.4]
	at org.junit.jupiter.engine.descriptor.TestMethodTestDescriptor.prepare(TestMethodTestDescriptor.java:104) ~[junit-jupiter-engine-5.11.4.jar:5.11.4]
	at org.junit.jupiter.engine.descriptor.TestMethodTestDescriptor.prepare(TestMethodTestDescriptor.java:68) ~[junit-jupiter-engine-5.11.4.jar:5.11.4]
	at org.junit.platform.engine.support.hierarchical.NodeTestTask.lambda$prepare$2(NodeTestTask.java:128) ~[junit-platform-engine-1.11.4.jar:1.11.4]
	at org.junit.platform.engine.support.hierarchical.ThrowableCollector.execute(ThrowableCollector.java:73) ~[junit-platform-engine-1.11.4.jar:1.11.4]
	at org.junit.platform.engine.support.hierarchical.NodeTestTask.prepare(NodeTestTask.java:128) ~[junit-platform-engine-1.11.4.jar:1.11.4]
	at org.junit.platform.engine.support.hierarchical.NodeTestTask.execute(NodeTestTask.java:95) ~[junit-platform-engine-1.11.4.jar:1.11.4]
	at java.base/java.util.ArrayList.forEach(ArrayList.java:1511) ~[?:?]
	at org.junit.platform.engine.support.hierarchical.SameThreadHierarchicalTestExecutorService.invokeAll(SameThreadHierarchicalTestExecutorService.java:41) ~[junit-platform-engine-1.11.4.jar:1.11.4]
	at org.junit.platform.engine.support.hierarchical.NodeTestTask.lambda$executeRecursively$6(NodeTestTask.java:160) ~[junit-platform-engine-1.11.4.jar:1.11.4]
	at org.junit.platform.engine.support.hierarchical.ThrowableCollector.execute(ThrowableCollector.java:73) ~[junit-platform-engine-1.11.4.jar:1.11.4]
	at org.junit.platform.engine.support.hierarchical.NodeTestTask.lambda$executeRecursively$8(NodeTestTask.java:146) ~[junit-platform-engine-1.11.4.jar:1.11.4]
	at org.junit.platform.engine.support.hierarchical.Node.around(Node.java:137) ~[junit-platform-engine-1.11.4.jar:1.11.4]
	at org.junit.platform.engine.support.hierarchical.NodeTestTask.lambda$executeRecursively$9(NodeTestTask.java:144) ~[junit-platform-engine-1.11.4.jar:1.11.4]
	at org.junit.platform.engine.support.hierarchical.ThrowableCollector.execute(ThrowableCollector.java:73) ~[junit-platform-engine-1.11.4.jar:1.11.4]
	at org.junit.platform.engine.support.hierarchical.NodeTestTask.executeRecursively(NodeTestTask.java:143) ~[junit-platform-engine-1.11.4.jar:1.11.4]
	at org.junit.platform.engine.support.hierarchical.NodeTestTask.execute(NodeTestTask.java:100) ~[junit-platform-engine-1.11.4.jar:1.11.4]
	at java.base/java.util.ArrayList.forEach(ArrayList.java:1511) ~[?:?]
	at org.junit.platform.engine.support.hierarchical.SameThreadHierarchicalTestExecutorService.invokeAll(SameThreadHierarchicalTestExecutorService.java:41) ~[junit-platform-engine-1.11.4.jar:1.11.4]
	at org.junit.platform.engine.support.hierarchical.NodeTestTask.lambda$executeRecursively$6(NodeTestTask.java:160) ~[junit-platform-engine-1.11.4.jar:1.11.4]
	at org.junit.platform.engine.support.hierarchical.ThrowableCollector.execute(ThrowableCollector.java:73) ~[junit-platform-engine-1.11.4.jar:1.11.4]
	at org.junit.platform.engine.support.hierarchical.NodeTestTask.lambda$executeRecursively$8(NodeTestTask.java:146) ~[junit-platform-engine-1.11.4.jar:1.11.4]
	at org.junit.platform.engine.support.hierarchical.Node.around(Node.java:137) ~[junit-platform-engine-1.11.4.jar:1.11.4]
	at org.junit.platform.engine.support.hierarchical.NodeTestTask.lambda$executeRecursively$9(NodeTestTask.java:144) ~[junit-platform-engine-1.11.4.jar:1.11.4]
	at org.junit.platform.engine.support.hierarchical.ThrowableCollector.execute(ThrowableCollector.java:73) ~[junit-platform-engine-1.11.4.jar:1.11.4]
	at org.junit.platform.engine.support.hierarchical.NodeTestTask.executeRecursively(NodeTestTask.java:143) ~[junit-platform-engine-1.11.4.jar:1.11.4]
	at org.junit.platform.engine.support.hierarchical.NodeTestTask.execute(NodeTestTask.java:100) ~[junit-platform-engine-1.11.4.jar:1.11.4]
	at org.junit.platform.engine.support.hierarchical.SameThreadHierarchicalTestExecutorService.submit(SameThreadHierarchicalTestExecutorService.java:35) ~[junit-platform-engine-1.11.4.jar:1.11.4]
	at org.junit.platform.engine.support.hierarchical.HierarchicalTestExecutor.execute(HierarchicalTestExecutor.java:57) ~[junit-platform-engine-1.11.4.jar:1.11.4]
	at org.junit.platform.engine.support.hierarchical.HierarchicalTestEngine.execute(HierarchicalTestEngine.java:54) ~[junit-platform-engine-1.11.4.jar:1.11.4]
	at org.junit.platform.launcher.core.EngineExecutionOrchestrator.execute(EngineExecutionOrchestrator.java:198) ~[junit-platform-launcher-1.11.4.jar:1.11.4]
	at org.junit.platform.launcher.core.EngineExecutionOrchestrator.execute(EngineExecutionOrchestrator.java:169) ~[junit-platform-launcher-1.11.4.jar:1.11.4]
	at org.junit.platform.launcher.core.EngineExecutionOrchestrator.execute(EngineExecutionOrchestrator.java:93) ~[junit-platform-launcher-1.11.4.jar:1.11.4]
	at org.junit.platform.launcher.core.EngineExecutionOrchestrator.lambda$execute$0(EngineExecutionOrchestrator.java:58) ~[junit-platform-launcher-1.11.4.jar:1.11.4]
	at org.junit.platform.launcher.core.EngineExecutionOrchestrator.withInterceptedStreams(EngineExecutionOrchestrator.java:141) [junit-platform-launcher-1.11.4.jar:1.11.4]
	at org.junit.platform.launcher.core.EngineExecutionOrchestrator.execute(EngineExecutionOrchestrator.java:57) [junit-platform-launcher-1.11.4.jar:1.11.4]
	at org.junit.platform.launcher.core.DefaultLauncher.execute(DefaultLauncher.java:103) [junit-platform-launcher-1.11.4.jar:1.11.4]
	at org.junit.platform.launcher.core.DefaultLauncher.execute(DefaultLauncher.java:85) [junit-platform-launcher-1.11.4.jar:1.11.4]
	at org.junit.platform.launcher.core.DelegatingLauncher.execute(DelegatingLauncher.java:47) [junit-platform-launcher-1.11.4.jar:1.11.4]
	at org.apache.maven.surefire.junitplatform.LazyLauncher.execute(LazyLauncher.java:56) [surefire-junit-platform-3.5.2.jar:3.5.2]
	at org.apache.maven.surefire.junitplatform.JUnitPlatformProvider.execute(JUnitPlatformProvider.java:184) [surefire-junit-platform-3.5.2.jar:3.5.2]
	at org.apache.maven.surefire.junitplatform.JUnitPlatformProvider.invokeAllTests(JUnitPlatformProvider.java:148) [surefire-junit-platform-3.5.2.jar:3.5.2]
	at org.apache.maven.surefire.junitplatform.JUnitPlatformProvider.invoke(JUnitPlatformProvider.java:122) [surefire-junit-platform-3.5.2.jar:3.5.2]
	at org.apache.maven.surefire.booter.ForkedBooter.runSuitesInProcess(ForkedBooter.java:385) [surefire-booter-3.5.2.jar:3.5.2]
	at org.apache.maven.surefire.booter.ForkedBooter.execute(ForkedBooter.java:162) [surefire-booter-3.5.2.jar:3.5.2]
	at org.apache.maven.surefire.booter.ForkedBooter.run(ForkedBooter.java:507) [surefire-booter-3.5.2.jar:3.5.2]
	at org.apache.maven.surefire.booter.ForkedBooter.main(ForkedBooter.java:495) [surefire-booter-3.5.2.jar:3.5.2]
2025-08-01 19:23:55.775 [main] DEBUG org.springframework.data.jpa.repository.query.NamedQuery - Did not find named query Athlete.findByEmail.count
2025-08-01 19:23:55.776 [main] DEBUG org.springframework.orm.jpa.SharedEntityManagerCreator$SharedEntityManagerInvocationHandler - Creating new EntityManager for shared EntityManager invocation
2025-08-01 19:23:55.778 [main] DEBUG org.hibernate.orm.query.hql - HQL : SELECT a FROM Athlete a JOIN a.userCredentials uc WHERE uc.email = :email AND a.isDeleted = false
2025-08-01 19:23:55.780 [main] DEBUG org.hibernate.orm.query.sqm.creation - Applying inferable type to SqmExpression [SqmNamedParameter(email)] : null -> SqmBasicValuedSimplePath(com.example.trainup.model.user.Athlete(a).userCredentials(uc).email)
2025-08-01 19:23:55.781 [main] DEBUG org.hibernate.orm.query.sqm.ast - SqmStatement Tree :
    -> [select]
      -> [query-spec]
        -> [select]
          -> [selection]
            -> [root] - `com.example.trainup.model.user.Athlete(a)`
              -> [joins]
                -> [attribute] - `com.example.trainup.model.user.Athlete(a).userCredentials(uc)`
                    [fetched = false]
                <- [attribute] - `com.example.trainup.model.user.Athlete(a).userCredentials(uc)`
              <- [joins]
            <- [root] - `com.example.trainup.model.user.Athlete(a)`
          <- [selection]
        <- [select]
        -> [from]
          -> [root] - `com.example.trainup.model.user.Athlete(a)`
            -> [joins]
              -> [attribute] - `com.example.trainup.model.user.Athlete(a).userCredentials(uc)`
                  [fetched = false]
              <- [attribute] - `com.example.trainup.model.user.Athlete(a).userCredentials(uc)`
            <- [joins]
          <- [root] - `com.example.trainup.model.user.Athlete(a)`
        <- [from]
        -> [where]
          -> [and]
            -> [EQUAL]
                -> [basic-path] - `com.example.trainup.model.user.Athlete(a).userCredentials(uc).email`
                :email
            <- [EQUAL]
            -> [EQUAL]
                -> [basic-path] - `com.example.trainup.model.user.Athlete(a).isDeleted`
            <- [EQUAL]
          <- [and]
        <- [where]
      <- [query-spec]
    <- [select]

2025-08-01 19:23:55.782 [main] DEBUG org.springframework.data.repository.core.support.RepositoryFactorySupport - Finished creation of repository instance for com.example.trainup.repository.AthleteRepository.
2025-08-01 19:23:55.823 [main] DEBUG org.springframework.beans.factory.support.DefaultListableBeanFactory - Creating shared instance of singleton bean 'trainerRepository'
2025-08-01 19:23:55.829 [main] DEBUG org.springframework.beans.factory.support.DefaultListableBeanFactory - Creating shared instance of singleton bean 'jpa.named-queries#0'
2025-08-01 19:23:55.834 [main] DEBUG org.springframework.beans.factory.support.DefaultListableBeanFactory - Creating shared instance of singleton bean 'jpa.TrainerRepository.fragments#0'
2025-08-01 19:23:55.837 [main] DEBUG org.springframework.orm.jpa.SharedEntityManagerCreator$SharedEntityManagerInvocationHandler - Creating new EntityManager for shared EntityManager invocation
2025-08-01 19:23:55.838 [main] DEBUG org.springframework.data.repository.core.support.RepositoryFactorySupport - Initializing repository instance for com.example.trainup.repository.TrainerRepository…
2025-08-01 19:23:55.839 [main] DEBUG org.springframework.orm.jpa.SharedEntityManagerCreator$SharedEntityManagerInvocationHandler - Creating new EntityManager for shared EntityManager invocation
2025-08-01 19:23:55.843 [main] DEBUG org.springframework.data.jpa.repository.query.NamedQuery - Looking up named query 'Trainer.getTrainerById'
2025-08-01 19:23:55.844 [main] DEBUG org.hibernate.resource.transaction.backend.jdbc.internal.JdbcResourceLocalTransactionCoordinatorImpl - JDBC transaction marked for rollback-only (exception provided for stack trace)
java.lang.Exception: exception just for purpose of providing stack trace
	at org.hibernate.resource.transaction.backend.jdbc.internal.JdbcResourceLocalTransactionCoordinatorImpl$TransactionDriverControlImpl.markRollbackOnly(JdbcResourceLocalTransactionCoordinatorImpl.java:309) ~[hibernate-core-6.6.8.Final.jar:6.6.8.Final]
	at org.hibernate.internal.AbstractSharedSessionContract.buildNamedQuery(AbstractSharedSessionContract.java:1141) ~[hibernate-core-6.6.8.Final.jar:6.6.8.Final]
	at org.hibernate.internal.AbstractSharedSessionContract.createNamedQuery(AbstractSharedSessionContract.java:1019) ~[hibernate-core-6.6.8.Final.jar:6.6.8.Final]
	at org.hibernate.internal.AbstractSharedSessionContract.createNamedQuery(AbstractSharedSessionContract.java:143) ~[hibernate-core-6.6.8.Final.jar:6.6.8.Final]
	at jdk.internal.reflect.GeneratedMethodAccessor95.invoke(Unknown Source) ~[?:?]
	at java.base/jdk.internal.reflect.DelegatingMethodAccessorImpl.invoke(DelegatingMethodAccessorImpl.java:43) ~[?:?]
	at java.base/java.lang.reflect.Method.invoke(Method.java:569) ~[?:?]
	at org.springframework.orm.jpa.ExtendedEntityManagerCreator$ExtendedEntityManagerInvocationHandler.invoke(ExtendedEntityManagerCreator.java:364) ~[spring-orm-6.2.3.jar:6.2.3]
	at jdk.proxy2/jdk.proxy2.$Proxy236.createNamedQuery(Unknown Source) ~[?:?]
	at org.springframework.data.jpa.repository.query.NamedQuery.hasNamedQuery(NamedQuery.java:114) ~[spring-data-jpa-3.4.3.jar:3.4.3]
	at org.springframework.data.jpa.repository.query.NamedQuery.lookupFrom(NamedQuery.java:140) ~[spring-data-jpa-3.4.3.jar:3.4.3]
	at org.springframework.data.jpa.repository.query.JpaQueryLookupStrategy$DeclaredQueryLookupStrategy.resolveQuery(JpaQueryLookupStrategy.java:184) ~[spring-data-jpa-3.4.3.jar:3.4.3]
	at org.springframework.data.jpa.repository.query.JpaQueryLookupStrategy$CreateIfNotFoundQueryLookupStrategy.resolveQuery(JpaQueryLookupStrategy.java:256) ~[spring-data-jpa-3.4.3.jar:3.4.3]
	at org.springframework.data.jpa.repository.query.JpaQueryLookupStrategy$AbstractQueryLookupStrategy.resolveQuery(JpaQueryLookupStrategy.java:99) ~[spring-data-jpa-3.4.3.jar:3.4.3]
	at org.springframework.data.repository.core.support.QueryExecutorMethodInterceptor.lookupQuery(QueryExecutorMethodInterceptor.java:116) ~[spring-data-commons-3.4.3.jar:3.4.3]
	at org.springframework.data.repository.core.support.QueryExecutorMethodInterceptor.mapMethodsToQuery(QueryExecutorMethodInterceptor.java:104) ~[spring-data-commons-3.4.3.jar:3.4.3]
	at org.springframework.data.repository.core.support.QueryExecutorMethodInterceptor.lambda$new$0(QueryExecutorMethodInterceptor.java:92) ~[spring-data-commons-3.4.3.jar:3.4.3]
	at java.base/java.util.Optional.map(Optional.java:260) ~[?:?]
	at org.springframework.data.repository.core.support.QueryExecutorMethodInterceptor.<init>(QueryExecutorMethodInterceptor.java:92) ~[spring-data-commons-3.4.3.jar:3.4.3]
	at org.springframework.data.repository.core.support.RepositoryFactorySupport.getRepository(RepositoryFactorySupport.java:440) ~[spring-data-commons-3.4.3.jar:3.4.3]
	at org.springframework.data.repository.core.support.RepositoryFactoryBeanSupport.lambda$afterPropertiesSet$4(RepositoryFactoryBeanSupport.java:350) ~[spring-data-commons-3.4.3.jar:3.4.3]
	at org.springframework.data.util.Lazy.getNullable(Lazy.java:135) ~[spring-data-commons-3.4.3.jar:3.4.3]
	at org.springframework.data.util.Lazy.get(Lazy.java:113) ~[spring-data-commons-3.4.3.jar:3.4.3]
	at org.springframework.data.repository.core.support.RepositoryFactoryBeanSupport.afterPropertiesSet(RepositoryFactoryBeanSupport.java:356) ~[spring-data-commons-3.4.3.jar:3.4.3]
	at org.springframework.data.jpa.repository.support.JpaRepositoryFactoryBean.afterPropertiesSet(JpaRepositoryFactoryBean.java:132) ~[spring-data-jpa-3.4.3.jar:3.4.3]
	at org.springframework.beans.factory.support.AbstractAutowireCapableBeanFactory.invokeInitMethods(AbstractAutowireCapableBeanFactory.java:1859) ~[spring-beans-6.2.3.jar:6.2.3]
	at org.springframework.beans.factory.support.AbstractAutowireCapableBeanFactory.initializeBean(AbstractAutowireCapableBeanFactory.java:1808) ~[spring-beans-6.2.3.jar:6.2.3]
	at org.springframework.beans.factory.support.AbstractAutowireCapableBeanFactory.doCreateBean(AbstractAutowireCapableBeanFactory.java:601) ~[spring-beans-6.2.3.jar:6.2.3]
	at org.springframework.beans.factory.support.AbstractAutowireCapableBeanFactory.createBean(AbstractAutowireCapableBeanFactory.java:523) ~[spring-beans-6.2.3.jar:6.2.3]
	at org.springframework.beans.factory.support.AbstractBeanFactory.lambda$doGetBean$0(AbstractBeanFactory.java:339) ~[spring-beans-6.2.3.jar:6.2.3]
	at org.springframework.beans.factory.support.DefaultSingletonBeanRegistry.getSingleton(DefaultSingletonBeanRegistry.java:346) ~[spring-beans-6.2.3.jar:6.2.3]
	at org.springframework.beans.factory.support.AbstractBeanFactory.doGetBean(AbstractBeanFactory.java:337) ~[spring-beans-6.2.3.jar:6.2.3]
	at org.springframework.beans.factory.support.AbstractBeanFactory.getBean(AbstractBeanFactory.java:202) ~[spring-beans-6.2.3.jar:6.2.3]
	at org.springframework.beans.factory.support.DefaultListableBeanFactory.doResolveDependency(DefaultListableBeanFactory.java:1606) ~[spring-beans-6.2.3.jar:6.2.3]
	at org.springframework.beans.factory.support.DefaultListableBeanFactory.resolveDependency(DefaultListableBeanFactory.java:1552) ~[spring-beans-6.2.3.jar:6.2.3]
	at org.springframework.beans.factory.support.ConstructorResolver.resolveAutowiredArgument(ConstructorResolver.java:913) ~[spring-beans-6.2.3.jar:6.2.3]
	at org.springframework.beans.factory.support.ConstructorResolver.createArgumentArray(ConstructorResolver.java:791) ~[spring-beans-6.2.3.jar:6.2.3]
	at org.springframework.beans.factory.support.ConstructorResolver.autowireConstructor(ConstructorResolver.java:240) ~[spring-beans-6.2.3.jar:6.2.3]
	at org.springframework.beans.factory.support.AbstractAutowireCapableBeanFactory.autowireConstructor(AbstractAutowireCapableBeanFactory.java:1381) ~[spring-beans-6.2.3.jar:6.2.3]
	at org.springframework.beans.factory.support.AbstractAutowireCapableBeanFactory.createBeanInstance(AbstractAutowireCapableBeanFactory.java:1218) ~[spring-beans-6.2.3.jar:6.2.3]
	at org.springframework.beans.factory.support.AbstractAutowireCapableBeanFactory.doCreateBean(AbstractAutowireCapableBeanFactory.java:563) ~[spring-beans-6.2.3.jar:6.2.3]
	at org.springframework.beans.factory.support.AbstractAutowireCapableBeanFactory.createBean(AbstractAutowireCapableBeanFactory.java:523) ~[spring-beans-6.2.3.jar:6.2.3]
	at org.springframework.beans.factory.support.AbstractBeanFactory.lambda$doGetBean$0(AbstractBeanFactory.java:339) ~[spring-beans-6.2.3.jar:6.2.3]
	at org.springframework.beans.factory.support.DefaultSingletonBeanRegistry.getSingleton(DefaultSingletonBeanRegistry.java:346) ~[spring-beans-6.2.3.jar:6.2.3]
	at org.springframework.beans.factory.support.AbstractBeanFactory.doGetBean(AbstractBeanFactory.java:337) ~[spring-beans-6.2.3.jar:6.2.3]
	at org.springframework.beans.factory.support.AbstractBeanFactory.getBean(AbstractBeanFactory.java:202) ~[spring-beans-6.2.3.jar:6.2.3]
	at org.springframework.beans.factory.support.DefaultListableBeanFactory.doResolveDependency(DefaultListableBeanFactory.java:1606) ~[spring-beans-6.2.3.jar:6.2.3]
	at org.springframework.beans.factory.support.DefaultListableBeanFactory.resolveDependency(DefaultListableBeanFactory.java:1552) ~[spring-beans-6.2.3.jar:6.2.3]
	at org.springframework.beans.factory.annotation.AutowiredAnnotationBeanPostProcessor$AutowiredFieldElement.resolveFieldValue(AutowiredAnnotationBeanPostProcessor.java:785) ~[spring-beans-6.2.3.jar:6.2.3]
	at org.springframework.beans.factory.annotation.AutowiredAnnotationBeanPostProcessor$AutowiredFieldElement.inject(AutowiredAnnotationBeanPostProcessor.java:768) ~[spring-beans-6.2.3.jar:6.2.3]
	at org.springframework.beans.factory.annotation.InjectionMetadata.inject(InjectionMetadata.java:146) ~[spring-beans-6.2.3.jar:6.2.3]
	at org.springframework.beans.factory.annotation.AutowiredAnnotationBeanPostProcessor.postProcessProperties(AutowiredAnnotationBeanPostProcessor.java:509) ~[spring-beans-6.2.3.jar:6.2.3]
	at org.springframework.beans.factory.support.AbstractAutowireCapableBeanFactory.populateBean(AbstractAutowireCapableBeanFactory.java:1445) ~[spring-beans-6.2.3.jar:6.2.3]
	at org.springframework.beans.factory.support.AbstractAutowireCapableBeanFactory.doCreateBean(AbstractAutowireCapableBeanFactory.java:600) ~[spring-beans-6.2.3.jar:6.2.3]
	at org.springframework.beans.factory.support.AbstractAutowireCapableBeanFactory.createBean(AbstractAutowireCapableBeanFactory.java:523) ~[spring-beans-6.2.3.jar:6.2.3]
	at org.springframework.beans.factory.support.AbstractBeanFactory.lambda$doGetBean$0(AbstractBeanFactory.java:339) ~[spring-beans-6.2.3.jar:6.2.3]
	at org.springframework.beans.factory.support.DefaultSingletonBeanRegistry.getSingleton(DefaultSingletonBeanRegistry.java:346) ~[spring-beans-6.2.3.jar:6.2.3]
	at org.springframework.beans.factory.support.AbstractBeanFactory.doGetBean(AbstractBeanFactory.java:337) ~[spring-beans-6.2.3.jar:6.2.3]
	at org.springframework.beans.factory.support.AbstractBeanFactory.getBean(AbstractBeanFactory.java:202) ~[spring-beans-6.2.3.jar:6.2.3]
	at org.springframework.beans.factory.support.DefaultListableBeanFactory.instantiateSingleton(DefaultListableBeanFactory.java:1155) ~[spring-beans-6.2.3.jar:6.2.3]
	at org.springframework.beans.factory.support.DefaultListableBeanFactory.preInstantiateSingleton(DefaultListableBeanFactory.java:1121) ~[spring-beans-6.2.3.jar:6.2.3]
	at org.springframework.beans.factory.support.DefaultListableBeanFactory.preInstantiateSingletons(DefaultListableBeanFactory.java:1056) ~[spring-beans-6.2.3.jar:6.2.3]
	at org.springframework.context.support.AbstractApplicationContext.finishBeanFactoryInitialization(AbstractApplicationContext.java:987) ~[spring-context-6.2.3.jar:6.2.3]
	at org.springframework.context.support.AbstractApplicationContext.refresh(AbstractApplicationContext.java:627) ~[spring-context-6.2.3.jar:6.2.3]
	at org.springframework.boot.SpringApplication.refresh(SpringApplication.java:752) ~[spring-boot-3.4.3.jar:3.4.3]
	at org.springframework.boot.SpringApplication.refreshContext(SpringApplication.java:439) ~[spring-boot-3.4.3.jar:3.4.3]
	at org.springframework.boot.SpringApplication.run(SpringApplication.java:318) ~[spring-boot-3.4.3.jar:3.4.3]
	at org.springframework.boot.test.context.SpringBootContextLoader.lambda$loadContext$3(SpringBootContextLoader.java:137) ~[spring-boot-test-3.4.3.jar:3.4.3]
	at org.springframework.util.function.ThrowingSupplier.get(ThrowingSupplier.java:58) ~[spring-core-6.2.3.jar:6.2.3]
	at org.springframework.util.function.ThrowingSupplier.get(ThrowingSupplier.java:46) ~[spring-core-6.2.3.jar:6.2.3]
	at org.springframework.boot.SpringApplication.withHook(SpringApplication.java:1461) ~[spring-boot-3.4.3.jar:3.4.3]
	at org.springframework.boot.test.context.SpringBootContextLoader$ContextLoaderHook.run(SpringBootContextLoader.java:553) ~[spring-boot-test-3.4.3.jar:3.4.3]
	at org.springframework.boot.test.context.SpringBootContextLoader.loadContext(SpringBootContextLoader.java:137) ~[spring-boot-test-3.4.3.jar:3.4.3]
	at org.springframework.boot.test.context.SpringBootContextLoader.loadContext(SpringBootContextLoader.java:108) ~[spring-boot-test-3.4.3.jar:3.4.3]
	at org.springframework.test.context.cache.DefaultCacheAwareContextLoaderDelegate.loadContextInternal(DefaultCacheAwareContextLoaderDelegate.java:225) ~[spring-test-6.2.3.jar:6.2.3]
	at org.springframework.test.context.cache.DefaultCacheAwareContextLoaderDelegate.loadContext(DefaultCacheAwareContextLoaderDelegate.java:152) ~[spring-test-6.2.3.jar:6.2.3]
	at org.springframework.test.context.support.DefaultTestContext.getApplicationContext(DefaultTestContext.java:130) ~[spring-test-6.2.3.jar:6.2.3]
	at org.springframework.test.context.web.ServletTestExecutionListener.setUpRequestContextIfNecessary(ServletTestExecutionListener.java:200) ~[spring-test-6.2.3.jar:6.2.3]
	at org.springframework.test.context.web.ServletTestExecutionListener.prepareTestInstance(ServletTestExecutionListener.java:139) ~[spring-test-6.2.3.jar:6.2.3]
	at org.springframework.test.context.TestContextManager.prepareTestInstance(TestContextManager.java:260) ~[spring-test-6.2.3.jar:6.2.3]
	at org.springframework.test.context.junit.jupiter.SpringExtension.postProcessTestInstance(SpringExtension.java:160) ~[spring-test-6.2.3.jar:6.2.3]
	at org.junit.jupiter.engine.descriptor.ClassBasedTestDescriptor.lambda$invokeTestInstancePostProcessors$11(ClassBasedTestDescriptor.java:378) ~[junit-jupiter-engine-5.11.4.jar:5.11.4]
	at org.junit.jupiter.engine.descriptor.ClassBasedTestDescriptor.executeAndMaskThrowable(ClassBasedTestDescriptor.java:383) ~[junit-jupiter-engine-5.11.4.jar:5.11.4]
	at org.junit.jupiter.engine.descriptor.ClassBasedTestDescriptor.lambda$invokeTestInstancePostProcessors$12(ClassBasedTestDescriptor.java:378) ~[junit-jupiter-engine-5.11.4.jar:5.11.4]
	at java.base/java.util.stream.ForEachOps$ForEachOp$OfRef.accept(ForEachOps.java:183) ~[?:?]
	at java.base/java.util.stream.ReferencePipeline$3$1.accept(ReferencePipeline.java:197) ~[?:?]
	at java.base/java.util.stream.ReferencePipeline$2$1.accept(ReferencePipeline.java:179) ~[?:?]
	at java.base/java.util.stream.ReferencePipeline$3$1.accept(ReferencePipeline.java:197) ~[?:?]
	at java.base/java.util.ArrayList$ArrayListSpliterator.forEachRemaining(ArrayList.java:1625) ~[?:?]
	at java.base/java.util.stream.AbstractPipeline.copyInto(AbstractPipeline.java:509) ~[?:?]
	at java.base/java.util.stream.AbstractPipeline.wrapAndCopyInto(AbstractPipeline.java:499) ~[?:?]
	at java.base/java.util.stream.ForEachOps$ForEachOp.evaluateSequential(ForEachOps.java:150) ~[?:?]
	at java.base/java.util.stream.ForEachOps$ForEachOp$OfRef.evaluateSequential(ForEachOps.java:173) ~[?:?]
	at java.base/java.util.stream.AbstractPipeline.evaluate(AbstractPipeline.java:234) ~[?:?]
	at java.base/java.util.stream.ReferencePipeline.forEach(ReferencePipeline.java:596) ~[?:?]
	at org.junit.jupiter.engine.descriptor.ClassBasedTestDescriptor.invokeTestInstancePostProcessors(ClassBasedTestDescriptor.java:377) ~[junit-jupiter-engine-5.11.4.jar:5.11.4]
	at org.junit.jupiter.engine.descriptor.ClassBasedTestDescriptor.lambda$instantiateAndPostProcessTestInstance$7(ClassBasedTestDescriptor.java:290) ~[junit-jupiter-engine-5.11.4.jar:5.11.4]
	at org.junit.platform.engine.support.hierarchical.ThrowableCollector.execute(ThrowableCollector.java:73) ~[junit-platform-engine-1.11.4.jar:1.11.4]
	at org.junit.jupiter.engine.descriptor.ClassBasedTestDescriptor.instantiateAndPostProcessTestInstance(ClassBasedTestDescriptor.java:289) ~[junit-jupiter-engine-5.11.4.jar:5.11.4]
	at org.junit.jupiter.engine.descriptor.ClassBasedTestDescriptor.lambda$testInstancesProvider$5(ClassBasedTestDescriptor.java:279) ~[junit-jupiter-engine-5.11.4.jar:5.11.4]
	at java.base/java.util.Optional.orElseGet(Optional.java:364) ~[?:?]
	at org.junit.jupiter.engine.descriptor.ClassBasedTestDescriptor.lambda$testInstancesProvider$6(ClassBasedTestDescriptor.java:278) ~[junit-jupiter-engine-5.11.4.jar:5.11.4]
	at org.junit.jupiter.engine.execution.TestInstancesProvider.getTestInstances(TestInstancesProvider.java:31) ~[junit-jupiter-engine-5.11.4.jar:5.11.4]
	at org.junit.jupiter.engine.descriptor.TestMethodTestDescriptor.lambda$prepare$1(TestMethodTestDescriptor.java:105) ~[junit-jupiter-engine-5.11.4.jar:5.11.4]
	at org.junit.platform.engine.support.hierarchical.ThrowableCollector.execute(ThrowableCollector.java:73) ~[junit-platform-engine-1.11.4.jar:1.11.4]
	at org.junit.jupiter.engine.descriptor.TestMethodTestDescriptor.prepare(TestMethodTestDescriptor.java:104) ~[junit-jupiter-engine-5.11.4.jar:5.11.4]
	at org.junit.jupiter.engine.descriptor.TestMethodTestDescriptor.prepare(TestMethodTestDescriptor.java:68) ~[junit-jupiter-engine-5.11.4.jar:5.11.4]
	at org.junit.platform.engine.support.hierarchical.NodeTestTask.lambda$prepare$2(NodeTestTask.java:128) ~[junit-platform-engine-1.11.4.jar:1.11.4]
	at org.junit.platform.engine.support.hierarchical.ThrowableCollector.execute(ThrowableCollector.java:73) ~[junit-platform-engine-1.11.4.jar:1.11.4]
	at org.junit.platform.engine.support.hierarchical.NodeTestTask.prepare(NodeTestTask.java:128) ~[junit-platform-engine-1.11.4.jar:1.11.4]
	at org.junit.platform.engine.support.hierarchical.NodeTestTask.execute(NodeTestTask.java:95) ~[junit-platform-engine-1.11.4.jar:1.11.4]
	at java.base/java.util.ArrayList.forEach(ArrayList.java:1511) ~[?:?]
	at org.junit.platform.engine.support.hierarchical.SameThreadHierarchicalTestExecutorService.invokeAll(SameThreadHierarchicalTestExecutorService.java:41) ~[junit-platform-engine-1.11.4.jar:1.11.4]
	at org.junit.platform.engine.support.hierarchical.NodeTestTask.lambda$executeRecursively$6(NodeTestTask.java:160) ~[junit-platform-engine-1.11.4.jar:1.11.4]
	at org.junit.platform.engine.support.hierarchical.ThrowableCollector.execute(ThrowableCollector.java:73) ~[junit-platform-engine-1.11.4.jar:1.11.4]
	at org.junit.platform.engine.support.hierarchical.NodeTestTask.lambda$executeRecursively$8(NodeTestTask.java:146) ~[junit-platform-engine-1.11.4.jar:1.11.4]
	at org.junit.platform.engine.support.hierarchical.Node.around(Node.java:137) ~[junit-platform-engine-1.11.4.jar:1.11.4]
	at org.junit.platform.engine.support.hierarchical.NodeTestTask.lambda$executeRecursively$9(NodeTestTask.java:144) ~[junit-platform-engine-1.11.4.jar:1.11.4]
	at org.junit.platform.engine.support.hierarchical.ThrowableCollector.execute(ThrowableCollector.java:73) ~[junit-platform-engine-1.11.4.jar:1.11.4]
	at org.junit.platform.engine.support.hierarchical.NodeTestTask.executeRecursively(NodeTestTask.java:143) ~[junit-platform-engine-1.11.4.jar:1.11.4]
	at org.junit.platform.engine.support.hierarchical.NodeTestTask.execute(NodeTestTask.java:100) ~[junit-platform-engine-1.11.4.jar:1.11.4]
	at java.base/java.util.ArrayList.forEach(ArrayList.java:1511) ~[?:?]
	at org.junit.platform.engine.support.hierarchical.SameThreadHierarchicalTestExecutorService.invokeAll(SameThreadHierarchicalTestExecutorService.java:41) ~[junit-platform-engine-1.11.4.jar:1.11.4]
	at org.junit.platform.engine.support.hierarchical.NodeTestTask.lambda$executeRecursively$6(NodeTestTask.java:160) ~[junit-platform-engine-1.11.4.jar:1.11.4]
	at org.junit.platform.engine.support.hierarchical.ThrowableCollector.execute(ThrowableCollector.java:73) ~[junit-platform-engine-1.11.4.jar:1.11.4]
	at org.junit.platform.engine.support.hierarchical.NodeTestTask.lambda$executeRecursively$8(NodeTestTask.java:146) ~[junit-platform-engine-1.11.4.jar:1.11.4]
	at org.junit.platform.engine.support.hierarchical.Node.around(Node.java:137) ~[junit-platform-engine-1.11.4.jar:1.11.4]
	at org.junit.platform.engine.support.hierarchical.NodeTestTask.lambda$executeRecursively$9(NodeTestTask.java:144) ~[junit-platform-engine-1.11.4.jar:1.11.4]
	at org.junit.platform.engine.support.hierarchical.ThrowableCollector.execute(ThrowableCollector.java:73) ~[junit-platform-engine-1.11.4.jar:1.11.4]
	at org.junit.platform.engine.support.hierarchical.NodeTestTask.executeRecursively(NodeTestTask.java:143) ~[junit-platform-engine-1.11.4.jar:1.11.4]
	at org.junit.platform.engine.support.hierarchical.NodeTestTask.execute(NodeTestTask.java:100) ~[junit-platform-engine-1.11.4.jar:1.11.4]
	at org.junit.platform.engine.support.hierarchical.SameThreadHierarchicalTestExecutorService.submit(SameThreadHierarchicalTestExecutorService.java:35) ~[junit-platform-engine-1.11.4.jar:1.11.4]
	at org.junit.platform.engine.support.hierarchical.HierarchicalTestExecutor.execute(HierarchicalTestExecutor.java:57) ~[junit-platform-engine-1.11.4.jar:1.11.4]
	at org.junit.platform.engine.support.hierarchical.HierarchicalTestEngine.execute(HierarchicalTestEngine.java:54) ~[junit-platform-engine-1.11.4.jar:1.11.4]
	at org.junit.platform.launcher.core.EngineExecutionOrchestrator.execute(EngineExecutionOrchestrator.java:198) ~[junit-platform-launcher-1.11.4.jar:1.11.4]
	at org.junit.platform.launcher.core.EngineExecutionOrchestrator.execute(EngineExecutionOrchestrator.java:169) ~[junit-platform-launcher-1.11.4.jar:1.11.4]
	at org.junit.platform.launcher.core.EngineExecutionOrchestrator.execute(EngineExecutionOrchestrator.java:93) ~[junit-platform-launcher-1.11.4.jar:1.11.4]
	at org.junit.platform.launcher.core.EngineExecutionOrchestrator.lambda$execute$0(EngineExecutionOrchestrator.java:58) ~[junit-platform-launcher-1.11.4.jar:1.11.4]
	at org.junit.platform.launcher.core.EngineExecutionOrchestrator.withInterceptedStreams(EngineExecutionOrchestrator.java:141) [junit-platform-launcher-1.11.4.jar:1.11.4]
	at org.junit.platform.launcher.core.EngineExecutionOrchestrator.execute(EngineExecutionOrchestrator.java:57) [junit-platform-launcher-1.11.4.jar:1.11.4]
	at org.junit.platform.launcher.core.DefaultLauncher.execute(DefaultLauncher.java:103) [junit-platform-launcher-1.11.4.jar:1.11.4]
	at org.junit.platform.launcher.core.DefaultLauncher.execute(DefaultLauncher.java:85) [junit-platform-launcher-1.11.4.jar:1.11.4]
	at org.junit.platform.launcher.core.DelegatingLauncher.execute(DelegatingLauncher.java:47) [junit-platform-launcher-1.11.4.jar:1.11.4]
	at org.apache.maven.surefire.junitplatform.LazyLauncher.execute(LazyLauncher.java:56) [surefire-junit-platform-3.5.2.jar:3.5.2]
	at org.apache.maven.surefire.junitplatform.JUnitPlatformProvider.execute(JUnitPlatformProvider.java:184) [surefire-junit-platform-3.5.2.jar:3.5.2]
	at org.apache.maven.surefire.junitplatform.JUnitPlatformProvider.invokeAllTests(JUnitPlatformProvider.java:148) [surefire-junit-platform-3.5.2.jar:3.5.2]
	at org.apache.maven.surefire.junitplatform.JUnitPlatformProvider.invoke(JUnitPlatformProvider.java:122) [surefire-junit-platform-3.5.2.jar:3.5.2]
	at org.apache.maven.surefire.booter.ForkedBooter.runSuitesInProcess(ForkedBooter.java:385) [surefire-booter-3.5.2.jar:3.5.2]
	at org.apache.maven.surefire.booter.ForkedBooter.execute(ForkedBooter.java:162) [surefire-booter-3.5.2.jar:3.5.2]
	at org.apache.maven.surefire.booter.ForkedBooter.run(ForkedBooter.java:507) [surefire-booter-3.5.2.jar:3.5.2]
	at org.apache.maven.surefire.booter.ForkedBooter.main(ForkedBooter.java:495) [surefire-booter-3.5.2.jar:3.5.2]
2025-08-01 19:23:55.847 [main] DEBUG org.springframework.data.jpa.repository.query.NamedQuery - Did not find named query Trainer.getTrainerById
2025-08-01 19:23:55.847 [main] DEBUG org.springframework.orm.jpa.SharedEntityManagerCreator$SharedEntityManagerInvocationHandler - Creating new EntityManager for shared EntityManager invocation
2025-08-01 19:23:55.850 [main] DEBUG org.springframework.data.jpa.repository.query.NamedQuery - Looking up named query 'Trainer.findByUserCredentials'
2025-08-01 19:23:55.851 [main] DEBUG org.hibernate.resource.transaction.backend.jdbc.internal.JdbcResourceLocalTransactionCoordinatorImpl - JDBC transaction marked for rollback-only (exception provided for stack trace)
java.lang.Exception: exception just for purpose of providing stack trace
	at org.hibernate.resource.transaction.backend.jdbc.internal.JdbcResourceLocalTransactionCoordinatorImpl$TransactionDriverControlImpl.markRollbackOnly(JdbcResourceLocalTransactionCoordinatorImpl.java:309) ~[hibernate-core-6.6.8.Final.jar:6.6.8.Final]
	at org.hibernate.internal.AbstractSharedSessionContract.buildNamedQuery(AbstractSharedSessionContract.java:1141) ~[hibernate-core-6.6.8.Final.jar:6.6.8.Final]
	at org.hibernate.internal.AbstractSharedSessionContract.createNamedQuery(AbstractSharedSessionContract.java:1019) ~[hibernate-core-6.6.8.Final.jar:6.6.8.Final]
	at org.hibernate.internal.AbstractSharedSessionContract.createNamedQuery(AbstractSharedSessionContract.java:143) ~[hibernate-core-6.6.8.Final.jar:6.6.8.Final]
	at jdk.internal.reflect.GeneratedMethodAccessor95.invoke(Unknown Source) ~[?:?]
	at java.base/jdk.internal.reflect.DelegatingMethodAccessorImpl.invoke(DelegatingMethodAccessorImpl.java:43) ~[?:?]
	at java.base/java.lang.reflect.Method.invoke(Method.java:569) ~[?:?]
	at org.springframework.orm.jpa.ExtendedEntityManagerCreator$ExtendedEntityManagerInvocationHandler.invoke(ExtendedEntityManagerCreator.java:364) ~[spring-orm-6.2.3.jar:6.2.3]
	at jdk.proxy2/jdk.proxy2.$Proxy236.createNamedQuery(Unknown Source) ~[?:?]
	at org.springframework.data.jpa.repository.query.NamedQuery.hasNamedQuery(NamedQuery.java:114) ~[spring-data-jpa-3.4.3.jar:3.4.3]
	at org.springframework.data.jpa.repository.query.NamedQuery.lookupFrom(NamedQuery.java:140) ~[spring-data-jpa-3.4.3.jar:3.4.3]
	at org.springframework.data.jpa.repository.query.JpaQueryLookupStrategy$DeclaredQueryLookupStrategy.resolveQuery(JpaQueryLookupStrategy.java:184) ~[spring-data-jpa-3.4.3.jar:3.4.3]
	at org.springframework.data.jpa.repository.query.JpaQueryLookupStrategy$CreateIfNotFoundQueryLookupStrategy.resolveQuery(JpaQueryLookupStrategy.java:256) ~[spring-data-jpa-3.4.3.jar:3.4.3]
	at org.springframework.data.jpa.repository.query.JpaQueryLookupStrategy$AbstractQueryLookupStrategy.resolveQuery(JpaQueryLookupStrategy.java:99) ~[spring-data-jpa-3.4.3.jar:3.4.3]
	at org.springframework.data.repository.core.support.QueryExecutorMethodInterceptor.lookupQuery(QueryExecutorMethodInterceptor.java:116) ~[spring-data-commons-3.4.3.jar:3.4.3]
	at org.springframework.data.repository.core.support.QueryExecutorMethodInterceptor.mapMethodsToQuery(QueryExecutorMethodInterceptor.java:104) ~[spring-data-commons-3.4.3.jar:3.4.3]
	at org.springframework.data.repository.core.support.QueryExecutorMethodInterceptor.lambda$new$0(QueryExecutorMethodInterceptor.java:92) ~[spring-data-commons-3.4.3.jar:3.4.3]
	at java.base/java.util.Optional.map(Optional.java:260) ~[?:?]
	at org.springframework.data.repository.core.support.QueryExecutorMethodInterceptor.<init>(QueryExecutorMethodInterceptor.java:92) ~[spring-data-commons-3.4.3.jar:3.4.3]
	at org.springframework.data.repository.core.support.RepositoryFactorySupport.getRepository(RepositoryFactorySupport.java:440) ~[spring-data-commons-3.4.3.jar:3.4.3]
	at org.springframework.data.repository.core.support.RepositoryFactoryBeanSupport.lambda$afterPropertiesSet$4(RepositoryFactoryBeanSupport.java:350) ~[spring-data-commons-3.4.3.jar:3.4.3]
	at org.springframework.data.util.Lazy.getNullable(Lazy.java:135) ~[spring-data-commons-3.4.3.jar:3.4.3]
	at org.springframework.data.util.Lazy.get(Lazy.java:113) ~[spring-data-commons-3.4.3.jar:3.4.3]
	at org.springframework.data.repository.core.support.RepositoryFactoryBeanSupport.afterPropertiesSet(RepositoryFactoryBeanSupport.java:356) ~[spring-data-commons-3.4.3.jar:3.4.3]
	at org.springframework.data.jpa.repository.support.JpaRepositoryFactoryBean.afterPropertiesSet(JpaRepositoryFactoryBean.java:132) ~[spring-data-jpa-3.4.3.jar:3.4.3]
	at org.springframework.beans.factory.support.AbstractAutowireCapableBeanFactory.invokeInitMethods(AbstractAutowireCapableBeanFactory.java:1859) ~[spring-beans-6.2.3.jar:6.2.3]
	at org.springframework.beans.factory.support.AbstractAutowireCapableBeanFactory.initializeBean(AbstractAutowireCapableBeanFactory.java:1808) ~[spring-beans-6.2.3.jar:6.2.3]
	at org.springframework.beans.factory.support.AbstractAutowireCapableBeanFactory.doCreateBean(AbstractAutowireCapableBeanFactory.java:601) ~[spring-beans-6.2.3.jar:6.2.3]
	at org.springframework.beans.factory.support.AbstractAutowireCapableBeanFactory.createBean(AbstractAutowireCapableBeanFactory.java:523) ~[spring-beans-6.2.3.jar:6.2.3]
	at org.springframework.beans.factory.support.AbstractBeanFactory.lambda$doGetBean$0(AbstractBeanFactory.java:339) ~[spring-beans-6.2.3.jar:6.2.3]
	at org.springframework.beans.factory.support.DefaultSingletonBeanRegistry.getSingleton(DefaultSingletonBeanRegistry.java:346) ~[spring-beans-6.2.3.jar:6.2.3]
	at org.springframework.beans.factory.support.AbstractBeanFactory.doGetBean(AbstractBeanFactory.java:337) ~[spring-beans-6.2.3.jar:6.2.3]
	at org.springframework.beans.factory.support.AbstractBeanFactory.getBean(AbstractBeanFactory.java:202) ~[spring-beans-6.2.3.jar:6.2.3]
	at org.springframework.beans.factory.support.DefaultListableBeanFactory.doResolveDependency(DefaultListableBeanFactory.java:1606) ~[spring-beans-6.2.3.jar:6.2.3]
	at org.springframework.beans.factory.support.DefaultListableBeanFactory.resolveDependency(DefaultListableBeanFactory.java:1552) ~[spring-beans-6.2.3.jar:6.2.3]
	at org.springframework.beans.factory.support.ConstructorResolver.resolveAutowiredArgument(ConstructorResolver.java:913) ~[spring-beans-6.2.3.jar:6.2.3]
	at org.springframework.beans.factory.support.ConstructorResolver.createArgumentArray(ConstructorResolver.java:791) ~[spring-beans-6.2.3.jar:6.2.3]
	at org.springframework.beans.factory.support.ConstructorResolver.autowireConstructor(ConstructorResolver.java:240) ~[spring-beans-6.2.3.jar:6.2.3]
	at org.springframework.beans.factory.support.AbstractAutowireCapableBeanFactory.autowireConstructor(AbstractAutowireCapableBeanFactory.java:1381) ~[spring-beans-6.2.3.jar:6.2.3]
	at org.springframework.beans.factory.support.AbstractAutowireCapableBeanFactory.createBeanInstance(AbstractAutowireCapableBeanFactory.java:1218) ~[spring-beans-6.2.3.jar:6.2.3]
	at org.springframework.beans.factory.support.AbstractAutowireCapableBeanFactory.doCreateBean(AbstractAutowireCapableBeanFactory.java:563) ~[spring-beans-6.2.3.jar:6.2.3]
	at org.springframework.beans.factory.support.AbstractAutowireCapableBeanFactory.createBean(AbstractAutowireCapableBeanFactory.java:523) ~[spring-beans-6.2.3.jar:6.2.3]
	at org.springframework.beans.factory.support.AbstractBeanFactory.lambda$doGetBean$0(AbstractBeanFactory.java:339) ~[spring-beans-6.2.3.jar:6.2.3]
	at org.springframework.beans.factory.support.DefaultSingletonBeanRegistry.getSingleton(DefaultSingletonBeanRegistry.java:346) ~[spring-beans-6.2.3.jar:6.2.3]
	at org.springframework.beans.factory.support.AbstractBeanFactory.doGetBean(AbstractBeanFactory.java:337) ~[spring-beans-6.2.3.jar:6.2.3]
	at org.springframework.beans.factory.support.AbstractBeanFactory.getBean(AbstractBeanFactory.java:202) ~[spring-beans-6.2.3.jar:6.2.3]
	at org.springframework.beans.factory.support.DefaultListableBeanFactory.doResolveDependency(DefaultListableBeanFactory.java:1606) ~[spring-beans-6.2.3.jar:6.2.3]
	at org.springframework.beans.factory.support.DefaultListableBeanFactory.resolveDependency(DefaultListableBeanFactory.java:1552) ~[spring-beans-6.2.3.jar:6.2.3]
	at org.springframework.beans.factory.annotation.AutowiredAnnotationBeanPostProcessor$AutowiredFieldElement.resolveFieldValue(AutowiredAnnotationBeanPostProcessor.java:785) ~[spring-beans-6.2.3.jar:6.2.3]
	at org.springframework.beans.factory.annotation.AutowiredAnnotationBeanPostProcessor$AutowiredFieldElement.inject(AutowiredAnnotationBeanPostProcessor.java:768) ~[spring-beans-6.2.3.jar:6.2.3]
	at org.springframework.beans.factory.annotation.InjectionMetadata.inject(InjectionMetadata.java:146) ~[spring-beans-6.2.3.jar:6.2.3]
	at org.springframework.beans.factory.annotation.AutowiredAnnotationBeanPostProcessor.postProcessProperties(AutowiredAnnotationBeanPostProcessor.java:509) ~[spring-beans-6.2.3.jar:6.2.3]
	at org.springframework.beans.factory.support.AbstractAutowireCapableBeanFactory.populateBean(AbstractAutowireCapableBeanFactory.java:1445) ~[spring-beans-6.2.3.jar:6.2.3]
	at org.springframework.beans.factory.support.AbstractAutowireCapableBeanFactory.doCreateBean(AbstractAutowireCapableBeanFactory.java:600) ~[spring-beans-6.2.3.jar:6.2.3]
	at org.springframework.beans.factory.support.AbstractAutowireCapableBeanFactory.createBean(AbstractAutowireCapableBeanFactory.java:523) ~[spring-beans-6.2.3.jar:6.2.3]
	at org.springframework.beans.factory.support.AbstractBeanFactory.lambda$doGetBean$0(AbstractBeanFactory.java:339) ~[spring-beans-6.2.3.jar:6.2.3]
	at org.springframework.beans.factory.support.DefaultSingletonBeanRegistry.getSingleton(DefaultSingletonBeanRegistry.java:346) ~[spring-beans-6.2.3.jar:6.2.3]
	at org.springframework.beans.factory.support.AbstractBeanFactory.doGetBean(AbstractBeanFactory.java:337) ~[spring-beans-6.2.3.jar:6.2.3]
	at org.springframework.beans.factory.support.AbstractBeanFactory.getBean(AbstractBeanFactory.java:202) ~[spring-beans-6.2.3.jar:6.2.3]
	at org.springframework.beans.factory.support.DefaultListableBeanFactory.instantiateSingleton(DefaultListableBeanFactory.java:1155) ~[spring-beans-6.2.3.jar:6.2.3]
	at org.springframework.beans.factory.support.DefaultListableBeanFactory.preInstantiateSingleton(DefaultListableBeanFactory.java:1121) ~[spring-beans-6.2.3.jar:6.2.3]
	at org.springframework.beans.factory.support.DefaultListableBeanFactory.preInstantiateSingletons(DefaultListableBeanFactory.java:1056) ~[spring-beans-6.2.3.jar:6.2.3]
	at org.springframework.context.support.AbstractApplicationContext.finishBeanFactoryInitialization(AbstractApplicationContext.java:987) ~[spring-context-6.2.3.jar:6.2.3]
	at org.springframework.context.support.AbstractApplicationContext.refresh(AbstractApplicationContext.java:627) ~[spring-context-6.2.3.jar:6.2.3]
	at org.springframework.boot.SpringApplication.refresh(SpringApplication.java:752) ~[spring-boot-3.4.3.jar:3.4.3]
	at org.springframework.boot.SpringApplication.refreshContext(SpringApplication.java:439) ~[spring-boot-3.4.3.jar:3.4.3]
	at org.springframework.boot.SpringApplication.run(SpringApplication.java:318) ~[spring-boot-3.4.3.jar:3.4.3]
	at org.springframework.boot.test.context.SpringBootContextLoader.lambda$loadContext$3(SpringBootContextLoader.java:137) ~[spring-boot-test-3.4.3.jar:3.4.3]
	at org.springframework.util.function.ThrowingSupplier.get(ThrowingSupplier.java:58) ~[spring-core-6.2.3.jar:6.2.3]
	at org.springframework.util.function.ThrowingSupplier.get(ThrowingSupplier.java:46) ~[spring-core-6.2.3.jar:6.2.3]
	at org.springframework.boot.SpringApplication.withHook(SpringApplication.java:1461) ~[spring-boot-3.4.3.jar:3.4.3]
	at org.springframework.boot.test.context.SpringBootContextLoader$ContextLoaderHook.run(SpringBootContextLoader.java:553) ~[spring-boot-test-3.4.3.jar:3.4.3]
	at org.springframework.boot.test.context.SpringBootContextLoader.loadContext(SpringBootContextLoader.java:137) ~[spring-boot-test-3.4.3.jar:3.4.3]
	at org.springframework.boot.test.context.SpringBootContextLoader.loadContext(SpringBootContextLoader.java:108) ~[spring-boot-test-3.4.3.jar:3.4.3]
	at org.springframework.test.context.cache.DefaultCacheAwareContextLoaderDelegate.loadContextInternal(DefaultCacheAwareContextLoaderDelegate.java:225) ~[spring-test-6.2.3.jar:6.2.3]
	at org.springframework.test.context.cache.DefaultCacheAwareContextLoaderDelegate.loadContext(DefaultCacheAwareContextLoaderDelegate.java:152) ~[spring-test-6.2.3.jar:6.2.3]
	at org.springframework.test.context.support.DefaultTestContext.getApplicationContext(DefaultTestContext.java:130) ~[spring-test-6.2.3.jar:6.2.3]
	at org.springframework.test.context.web.ServletTestExecutionListener.setUpRequestContextIfNecessary(ServletTestExecutionListener.java:200) ~[spring-test-6.2.3.jar:6.2.3]
	at org.springframework.test.context.web.ServletTestExecutionListener.prepareTestInstance(ServletTestExecutionListener.java:139) ~[spring-test-6.2.3.jar:6.2.3]
	at org.springframework.test.context.TestContextManager.prepareTestInstance(TestContextManager.java:260) ~[spring-test-6.2.3.jar:6.2.3]
	at org.springframework.test.context.junit.jupiter.SpringExtension.postProcessTestInstance(SpringExtension.java:160) ~[spring-test-6.2.3.jar:6.2.3]
	at org.junit.jupiter.engine.descriptor.ClassBasedTestDescriptor.lambda$invokeTestInstancePostProcessors$11(ClassBasedTestDescriptor.java:378) ~[junit-jupiter-engine-5.11.4.jar:5.11.4]
	at org.junit.jupiter.engine.descriptor.ClassBasedTestDescriptor.executeAndMaskThrowable(ClassBasedTestDescriptor.java:383) ~[junit-jupiter-engine-5.11.4.jar:5.11.4]
	at org.junit.jupiter.engine.descriptor.ClassBasedTestDescriptor.lambda$invokeTestInstancePostProcessors$12(ClassBasedTestDescriptor.java:378) ~[junit-jupiter-engine-5.11.4.jar:5.11.4]
	at java.base/java.util.stream.ForEachOps$ForEachOp$OfRef.accept(ForEachOps.java:183) ~[?:?]
	at java.base/java.util.stream.ReferencePipeline$3$1.accept(ReferencePipeline.java:197) ~[?:?]
	at java.base/java.util.stream.ReferencePipeline$2$1.accept(ReferencePipeline.java:179) ~[?:?]
	at java.base/java.util.stream.ReferencePipeline$3$1.accept(ReferencePipeline.java:197) ~[?:?]
	at java.base/java.util.ArrayList$ArrayListSpliterator.forEachRemaining(ArrayList.java:1625) ~[?:?]
	at java.base/java.util.stream.AbstractPipeline.copyInto(AbstractPipeline.java:509) ~[?:?]
	at java.base/java.util.stream.AbstractPipeline.wrapAndCopyInto(AbstractPipeline.java:499) ~[?:?]
	at java.base/java.util.stream.ForEachOps$ForEachOp.evaluateSequential(ForEachOps.java:150) ~[?:?]
	at java.base/java.util.stream.ForEachOps$ForEachOp$OfRef.evaluateSequential(ForEachOps.java:173) ~[?:?]
	at java.base/java.util.stream.AbstractPipeline.evaluate(AbstractPipeline.java:234) ~[?:?]
	at java.base/java.util.stream.ReferencePipeline.forEach(ReferencePipeline.java:596) ~[?:?]
	at org.junit.jupiter.engine.descriptor.ClassBasedTestDescriptor.invokeTestInstancePostProcessors(ClassBasedTestDescriptor.java:377) ~[junit-jupiter-engine-5.11.4.jar:5.11.4]
	at org.junit.jupiter.engine.descriptor.ClassBasedTestDescriptor.lambda$instantiateAndPostProcessTestInstance$7(ClassBasedTestDescriptor.java:290) ~[junit-jupiter-engine-5.11.4.jar:5.11.4]
	at org.junit.platform.engine.support.hierarchical.ThrowableCollector.execute(ThrowableCollector.java:73) ~[junit-platform-engine-1.11.4.jar:1.11.4]
	at org.junit.jupiter.engine.descriptor.ClassBasedTestDescriptor.instantiateAndPostProcessTestInstance(ClassBasedTestDescriptor.java:289) ~[junit-jupiter-engine-5.11.4.jar:5.11.4]
	at org.junit.jupiter.engine.descriptor.ClassBasedTestDescriptor.lambda$testInstancesProvider$5(ClassBasedTestDescriptor.java:279) ~[junit-jupiter-engine-5.11.4.jar:5.11.4]
	at java.base/java.util.Optional.orElseGet(Optional.java:364) ~[?:?]
	at org.junit.jupiter.engine.descriptor.ClassBasedTestDescriptor.lambda$testInstancesProvider$6(ClassBasedTestDescriptor.java:278) ~[junit-jupiter-engine-5.11.4.jar:5.11.4]
	at org.junit.jupiter.engine.execution.TestInstancesProvider.getTestInstances(TestInstancesProvider.java:31) ~[junit-jupiter-engine-5.11.4.jar:5.11.4]
	at org.junit.jupiter.engine.descriptor.TestMethodTestDescriptor.lambda$prepare$1(TestMethodTestDescriptor.java:105) ~[junit-jupiter-engine-5.11.4.jar:5.11.4]
	at org.junit.platform.engine.support.hierarchical.ThrowableCollector.execute(ThrowableCollector.java:73) ~[junit-platform-engine-1.11.4.jar:1.11.4]
	at org.junit.jupiter.engine.descriptor.TestMethodTestDescriptor.prepare(TestMethodTestDescriptor.java:104) ~[junit-jupiter-engine-5.11.4.jar:5.11.4]
	at org.junit.jupiter.engine.descriptor.TestMethodTestDescriptor.prepare(TestMethodTestDescriptor.java:68) ~[junit-jupiter-engine-5.11.4.jar:5.11.4]
	at org.junit.platform.engine.support.hierarchical.NodeTestTask.lambda$prepare$2(NodeTestTask.java:128) ~[junit-platform-engine-1.11.4.jar:1.11.4]
	at org.junit.platform.engine.support.hierarchical.ThrowableCollector.execute(ThrowableCollector.java:73) ~[junit-platform-engine-1.11.4.jar:1.11.4]
	at org.junit.platform.engine.support.hierarchical.NodeTestTask.prepare(NodeTestTask.java:128) ~[junit-platform-engine-1.11.4.jar:1.11.4]
	at org.junit.platform.engine.support.hierarchical.NodeTestTask.execute(NodeTestTask.java:95) ~[junit-platform-engine-1.11.4.jar:1.11.4]
	at java.base/java.util.ArrayList.forEach(ArrayList.java:1511) ~[?:?]
	at org.junit.platform.engine.support.hierarchical.SameThreadHierarchicalTestExecutorService.invokeAll(SameThreadHierarchicalTestExecutorService.java:41) ~[junit-platform-engine-1.11.4.jar:1.11.4]
	at org.junit.platform.engine.support.hierarchical.NodeTestTask.lambda$executeRecursively$6(NodeTestTask.java:160) ~[junit-platform-engine-1.11.4.jar:1.11.4]
	at org.junit.platform.engine.support.hierarchical.ThrowableCollector.execute(ThrowableCollector.java:73) ~[junit-platform-engine-1.11.4.jar:1.11.4]
	at org.junit.platform.engine.support.hierarchical.NodeTestTask.lambda$executeRecursively$8(NodeTestTask.java:146) ~[junit-platform-engine-1.11.4.jar:1.11.4]
	at org.junit.platform.engine.support.hierarchical.Node.around(Node.java:137) ~[junit-platform-engine-1.11.4.jar:1.11.4]
	at org.junit.platform.engine.support.hierarchical.NodeTestTask.lambda$executeRecursively$9(NodeTestTask.java:144) ~[junit-platform-engine-1.11.4.jar:1.11.4]
	at org.junit.platform.engine.support.hierarchical.ThrowableCollector.execute(ThrowableCollector.java:73) ~[junit-platform-engine-1.11.4.jar:1.11.4]
	at org.junit.platform.engine.support.hierarchical.NodeTestTask.executeRecursively(NodeTestTask.java:143) ~[junit-platform-engine-1.11.4.jar:1.11.4]
	at org.junit.platform.engine.support.hierarchical.NodeTestTask.execute(NodeTestTask.java:100) ~[junit-platform-engine-1.11.4.jar:1.11.4]
	at java.base/java.util.ArrayList.forEach(ArrayList.java:1511) ~[?:?]
	at org.junit.platform.engine.support.hierarchical.SameThreadHierarchicalTestExecutorService.invokeAll(SameThreadHierarchicalTestExecutorService.java:41) ~[junit-platform-engine-1.11.4.jar:1.11.4]
	at org.junit.platform.engine.support.hierarchical.NodeTestTask.lambda$executeRecursively$6(NodeTestTask.java:160) ~[junit-platform-engine-1.11.4.jar:1.11.4]
	at org.junit.platform.engine.support.hierarchical.ThrowableCollector.execute(ThrowableCollector.java:73) ~[junit-platform-engine-1.11.4.jar:1.11.4]
	at org.junit.platform.engine.support.hierarchical.NodeTestTask.lambda$executeRecursively$8(NodeTestTask.java:146) ~[junit-platform-engine-1.11.4.jar:1.11.4]
	at org.junit.platform.engine.support.hierarchical.Node.around(Node.java:137) ~[junit-platform-engine-1.11.4.jar:1.11.4]
	at org.junit.platform.engine.support.hierarchical.NodeTestTask.lambda$executeRecursively$9(NodeTestTask.java:144) ~[junit-platform-engine-1.11.4.jar:1.11.4]
	at org.junit.platform.engine.support.hierarchical.ThrowableCollector.execute(ThrowableCollector.java:73) ~[junit-platform-engine-1.11.4.jar:1.11.4]
	at org.junit.platform.engine.support.hierarchical.NodeTestTask.executeRecursively(NodeTestTask.java:143) ~[junit-platform-engine-1.11.4.jar:1.11.4]
	at org.junit.platform.engine.support.hierarchical.NodeTestTask.execute(NodeTestTask.java:100) ~[junit-platform-engine-1.11.4.jar:1.11.4]
	at org.junit.platform.engine.support.hierarchical.SameThreadHierarchicalTestExecutorService.submit(SameThreadHierarchicalTestExecutorService.java:35) ~[junit-platform-engine-1.11.4.jar:1.11.4]
	at org.junit.platform.engine.support.hierarchical.HierarchicalTestExecutor.execute(HierarchicalTestExecutor.java:57) ~[junit-platform-engine-1.11.4.jar:1.11.4]
	at org.junit.platform.engine.support.hierarchical.HierarchicalTestEngine.execute(HierarchicalTestEngine.java:54) ~[junit-platform-engine-1.11.4.jar:1.11.4]
	at org.junit.platform.launcher.core.EngineExecutionOrchestrator.execute(EngineExecutionOrchestrator.java:198) ~[junit-platform-launcher-1.11.4.jar:1.11.4]
	at org.junit.platform.launcher.core.EngineExecutionOrchestrator.execute(EngineExecutionOrchestrator.java:169) ~[junit-platform-launcher-1.11.4.jar:1.11.4]
	at org.junit.platform.launcher.core.EngineExecutionOrchestrator.execute(EngineExecutionOrchestrator.java:93) ~[junit-platform-launcher-1.11.4.jar:1.11.4]
	at org.junit.platform.launcher.core.EngineExecutionOrchestrator.lambda$execute$0(EngineExecutionOrchestrator.java:58) ~[junit-platform-launcher-1.11.4.jar:1.11.4]
	at org.junit.platform.launcher.core.EngineExecutionOrchestrator.withInterceptedStreams(EngineExecutionOrchestrator.java:141) [junit-platform-launcher-1.11.4.jar:1.11.4]
	at org.junit.platform.launcher.core.EngineExecutionOrchestrator.execute(EngineExecutionOrchestrator.java:57) [junit-platform-launcher-1.11.4.jar:1.11.4]
	at org.junit.platform.launcher.core.DefaultLauncher.execute(DefaultLauncher.java:103) [junit-platform-launcher-1.11.4.jar:1.11.4]
	at org.junit.platform.launcher.core.DefaultLauncher.execute(DefaultLauncher.java:85) [junit-platform-launcher-1.11.4.jar:1.11.4]
	at org.junit.platform.launcher.core.DelegatingLauncher.execute(DelegatingLauncher.java:47) [junit-platform-launcher-1.11.4.jar:1.11.4]
	at org.apache.maven.surefire.junitplatform.LazyLauncher.execute(LazyLauncher.java:56) [surefire-junit-platform-3.5.2.jar:3.5.2]
	at org.apache.maven.surefire.junitplatform.JUnitPlatformProvider.execute(JUnitPlatformProvider.java:184) [surefire-junit-platform-3.5.2.jar:3.5.2]
	at org.apache.maven.surefire.junitplatform.JUnitPlatformProvider.invokeAllTests(JUnitPlatformProvider.java:148) [surefire-junit-platform-3.5.2.jar:3.5.2]
	at org.apache.maven.surefire.junitplatform.JUnitPlatformProvider.invoke(JUnitPlatformProvider.java:122) [surefire-junit-platform-3.5.2.jar:3.5.2]
	at org.apache.maven.surefire.booter.ForkedBooter.runSuitesInProcess(ForkedBooter.java:385) [surefire-booter-3.5.2.jar:3.5.2]
	at org.apache.maven.surefire.booter.ForkedBooter.execute(ForkedBooter.java:162) [surefire-booter-3.5.2.jar:3.5.2]
	at org.apache.maven.surefire.booter.ForkedBooter.run(ForkedBooter.java:507) [surefire-booter-3.5.2.jar:3.5.2]
	at org.apache.maven.surefire.booter.ForkedBooter.main(ForkedBooter.java:495) [surefire-booter-3.5.2.jar:3.5.2]
2025-08-01 19:23:55.857 [main] DEBUG org.springframework.data.jpa.repository.query.NamedQuery - Did not find named query Trainer.findByUserCredentials
2025-08-01 19:23:55.858 [main] DEBUG org.springframework.orm.jpa.SharedEntityManagerCreator$SharedEntityManagerInvocationHandler - Creating new EntityManager for shared EntityManager invocation
2025-08-01 19:23:55.861 [main] DEBUG org.hibernate.resource.transaction.backend.jdbc.internal.JdbcResourceLocalTransactionCoordinatorImpl - JDBC transaction marked for rollback-only (exception provided for stack trace)
java.lang.Exception: exception just for purpose of providing stack trace
	at org.hibernate.resource.transaction.backend.jdbc.internal.JdbcResourceLocalTransactionCoordinatorImpl$TransactionDriverControlImpl.markRollbackOnly(JdbcResourceLocalTransactionCoordinatorImpl.java:309) ~[hibernate-core-6.6.8.Final.jar:6.6.8.Final]
	at org.hibernate.internal.AbstractSharedSessionContract.buildNamedQuery(AbstractSharedSessionContract.java:1141) ~[hibernate-core-6.6.8.Final.jar:6.6.8.Final]
	at org.hibernate.internal.AbstractSharedSessionContract.createNamedQuery(AbstractSharedSessionContract.java:1019) ~[hibernate-core-6.6.8.Final.jar:6.6.8.Final]
	at org.hibernate.internal.AbstractSharedSessionContract.createNamedQuery(AbstractSharedSessionContract.java:143) ~[hibernate-core-6.6.8.Final.jar:6.6.8.Final]
	at jdk.internal.reflect.GeneratedMethodAccessor95.invoke(Unknown Source) ~[?:?]
	at java.base/jdk.internal.reflect.DelegatingMethodAccessorImpl.invoke(DelegatingMethodAccessorImpl.java:43) ~[?:?]
	at java.base/java.lang.reflect.Method.invoke(Method.java:569) ~[?:?]
	at org.springframework.orm.jpa.ExtendedEntityManagerCreator$ExtendedEntityManagerInvocationHandler.invoke(ExtendedEntityManagerCreator.java:364) ~[spring-orm-6.2.3.jar:6.2.3]
	at jdk.proxy2/jdk.proxy2.$Proxy236.createNamedQuery(Unknown Source) ~[?:?]
	at org.springframework.data.jpa.repository.query.NamedQuery.hasNamedQuery(NamedQuery.java:114) ~[spring-data-jpa-3.4.3.jar:3.4.3]
	at org.springframework.data.jpa.repository.query.JpaQueryLookupStrategy$DeclaredQueryLookupStrategy.getCountQuery(JpaQueryLookupStrategy.java:208) ~[spring-data-jpa-3.4.3.jar:3.4.3]
	at org.springframework.data.jpa.repository.query.JpaQueryLookupStrategy$DeclaredQueryLookupStrategy.resolveQuery(JpaQueryLookupStrategy.java:175) ~[spring-data-jpa-3.4.3.jar:3.4.3]
	at org.springframework.data.jpa.repository.query.JpaQueryLookupStrategy$CreateIfNotFoundQueryLookupStrategy.resolveQuery(JpaQueryLookupStrategy.java:256) ~[spring-data-jpa-3.4.3.jar:3.4.3]
	at org.springframework.data.jpa.repository.query.JpaQueryLookupStrategy$AbstractQueryLookupStrategy.resolveQuery(JpaQueryLookupStrategy.java:99) ~[spring-data-jpa-3.4.3.jar:3.4.3]
	at org.springframework.data.repository.core.support.QueryExecutorMethodInterceptor.lookupQuery(QueryExecutorMethodInterceptor.java:116) ~[spring-data-commons-3.4.3.jar:3.4.3]
	at org.springframework.data.repository.core.support.QueryExecutorMethodInterceptor.mapMethodsToQuery(QueryExecutorMethodInterceptor.java:104) ~[spring-data-commons-3.4.3.jar:3.4.3]
	at org.springframework.data.repository.core.support.QueryExecutorMethodInterceptor.lambda$new$0(QueryExecutorMethodInterceptor.java:92) ~[spring-data-commons-3.4.3.jar:3.4.3]
	at java.base/java.util.Optional.map(Optional.java:260) ~[?:?]
	at org.springframework.data.repository.core.support.QueryExecutorMethodInterceptor.<init>(QueryExecutorMethodInterceptor.java:92) ~[spring-data-commons-3.4.3.jar:3.4.3]
	at org.springframework.data.repository.core.support.RepositoryFactorySupport.getRepository(RepositoryFactorySupport.java:440) ~[spring-data-commons-3.4.3.jar:3.4.3]
	at org.springframework.data.repository.core.support.RepositoryFactoryBeanSupport.lambda$afterPropertiesSet$4(RepositoryFactoryBeanSupport.java:350) ~[spring-data-commons-3.4.3.jar:3.4.3]
	at org.springframework.data.util.Lazy.getNullable(Lazy.java:135) ~[spring-data-commons-3.4.3.jar:3.4.3]
	at org.springframework.data.util.Lazy.get(Lazy.java:113) ~[spring-data-commons-3.4.3.jar:3.4.3]
	at org.springframework.data.repository.core.support.RepositoryFactoryBeanSupport.afterPropertiesSet(RepositoryFactoryBeanSupport.java:356) ~[spring-data-commons-3.4.3.jar:3.4.3]
	at org.springframework.data.jpa.repository.support.JpaRepositoryFactoryBean.afterPropertiesSet(JpaRepositoryFactoryBean.java:132) ~[spring-data-jpa-3.4.3.jar:3.4.3]
	at org.springframework.beans.factory.support.AbstractAutowireCapableBeanFactory.invokeInitMethods(AbstractAutowireCapableBeanFactory.java:1859) ~[spring-beans-6.2.3.jar:6.2.3]
	at org.springframework.beans.factory.support.AbstractAutowireCapableBeanFactory.initializeBean(AbstractAutowireCapableBeanFactory.java:1808) ~[spring-beans-6.2.3.jar:6.2.3]
	at org.springframework.beans.factory.support.AbstractAutowireCapableBeanFactory.doCreateBean(AbstractAutowireCapableBeanFactory.java:601) ~[spring-beans-6.2.3.jar:6.2.3]
	at org.springframework.beans.factory.support.AbstractAutowireCapableBeanFactory.createBean(AbstractAutowireCapableBeanFactory.java:523) ~[spring-beans-6.2.3.jar:6.2.3]
	at org.springframework.beans.factory.support.AbstractBeanFactory.lambda$doGetBean$0(AbstractBeanFactory.java:339) ~[spring-beans-6.2.3.jar:6.2.3]
	at org.springframework.beans.factory.support.DefaultSingletonBeanRegistry.getSingleton(DefaultSingletonBeanRegistry.java:346) ~[spring-beans-6.2.3.jar:6.2.3]
	at org.springframework.beans.factory.support.AbstractBeanFactory.doGetBean(AbstractBeanFactory.java:337) ~[spring-beans-6.2.3.jar:6.2.3]
	at org.springframework.beans.factory.support.AbstractBeanFactory.getBean(AbstractBeanFactory.java:202) ~[spring-beans-6.2.3.jar:6.2.3]
	at org.springframework.beans.factory.support.DefaultListableBeanFactory.doResolveDependency(DefaultListableBeanFactory.java:1606) ~[spring-beans-6.2.3.jar:6.2.3]
	at org.springframework.beans.factory.support.DefaultListableBeanFactory.resolveDependency(DefaultListableBeanFactory.java:1552) ~[spring-beans-6.2.3.jar:6.2.3]
	at org.springframework.beans.factory.support.ConstructorResolver.resolveAutowiredArgument(ConstructorResolver.java:913) ~[spring-beans-6.2.3.jar:6.2.3]
	at org.springframework.beans.factory.support.ConstructorResolver.createArgumentArray(ConstructorResolver.java:791) ~[spring-beans-6.2.3.jar:6.2.3]
	at org.springframework.beans.factory.support.ConstructorResolver.autowireConstructor(ConstructorResolver.java:240) ~[spring-beans-6.2.3.jar:6.2.3]
	at org.springframework.beans.factory.support.AbstractAutowireCapableBeanFactory.autowireConstructor(AbstractAutowireCapableBeanFactory.java:1381) ~[spring-beans-6.2.3.jar:6.2.3]
	at org.springframework.beans.factory.support.AbstractAutowireCapableBeanFactory.createBeanInstance(AbstractAutowireCapableBeanFactory.java:1218) ~[spring-beans-6.2.3.jar:6.2.3]
	at org.springframework.beans.factory.support.AbstractAutowireCapableBeanFactory.doCreateBean(AbstractAutowireCapableBeanFactory.java:563) ~[spring-beans-6.2.3.jar:6.2.3]
	at org.springframework.beans.factory.support.AbstractAutowireCapableBeanFactory.createBean(AbstractAutowireCapableBeanFactory.java:523) ~[spring-beans-6.2.3.jar:6.2.3]
	at org.springframework.beans.factory.support.AbstractBeanFactory.lambda$doGetBean$0(AbstractBeanFactory.java:339) ~[spring-beans-6.2.3.jar:6.2.3]
	at org.springframework.beans.factory.support.DefaultSingletonBeanRegistry.getSingleton(DefaultSingletonBeanRegistry.java:346) ~[spring-beans-6.2.3.jar:6.2.3]
	at org.springframework.beans.factory.support.AbstractBeanFactory.doGetBean(AbstractBeanFactory.java:337) ~[spring-beans-6.2.3.jar:6.2.3]
	at org.springframework.beans.factory.support.AbstractBeanFactory.getBean(AbstractBeanFactory.java:202) ~[spring-beans-6.2.3.jar:6.2.3]
	at org.springframework.beans.factory.support.DefaultListableBeanFactory.doResolveDependency(DefaultListableBeanFactory.java:1606) ~[spring-beans-6.2.3.jar:6.2.3]
	at org.springframework.beans.factory.support.DefaultListableBeanFactory.resolveDependency(DefaultListableBeanFactory.java:1552) ~[spring-beans-6.2.3.jar:6.2.3]
	at org.springframework.beans.factory.annotation.AutowiredAnnotationBeanPostProcessor$AutowiredFieldElement.resolveFieldValue(AutowiredAnnotationBeanPostProcessor.java:785) ~[spring-beans-6.2.3.jar:6.2.3]
	at org.springframework.beans.factory.annotation.AutowiredAnnotationBeanPostProcessor$AutowiredFieldElement.inject(AutowiredAnnotationBeanPostProcessor.java:768) ~[spring-beans-6.2.3.jar:6.2.3]
	at org.springframework.beans.factory.annotation.InjectionMetadata.inject(InjectionMetadata.java:146) ~[spring-beans-6.2.3.jar:6.2.3]
	at org.springframework.beans.factory.annotation.AutowiredAnnotationBeanPostProcessor.postProcessProperties(AutowiredAnnotationBeanPostProcessor.java:509) ~[spring-beans-6.2.3.jar:6.2.3]
	at org.springframework.beans.factory.support.AbstractAutowireCapableBeanFactory.populateBean(AbstractAutowireCapableBeanFactory.java:1445) ~[spring-beans-6.2.3.jar:6.2.3]
	at org.springframework.beans.factory.support.AbstractAutowireCapableBeanFactory.doCreateBean(AbstractAutowireCapableBeanFactory.java:600) ~[spring-beans-6.2.3.jar:6.2.3]
	at org.springframework.beans.factory.support.AbstractAutowireCapableBeanFactory.createBean(AbstractAutowireCapableBeanFactory.java:523) ~[spring-beans-6.2.3.jar:6.2.3]
	at org.springframework.beans.factory.support.AbstractBeanFactory.lambda$doGetBean$0(AbstractBeanFactory.java:339) ~[spring-beans-6.2.3.jar:6.2.3]
	at org.springframework.beans.factory.support.DefaultSingletonBeanRegistry.getSingleton(DefaultSingletonBeanRegistry.java:346) ~[spring-beans-6.2.3.jar:6.2.3]
	at org.springframework.beans.factory.support.AbstractBeanFactory.doGetBean(AbstractBeanFactory.java:337) ~[spring-beans-6.2.3.jar:6.2.3]
	at org.springframework.beans.factory.support.AbstractBeanFactory.getBean(AbstractBeanFactory.java:202) ~[spring-beans-6.2.3.jar:6.2.3]
	at org.springframework.beans.factory.support.DefaultListableBeanFactory.instantiateSingleton(DefaultListableBeanFactory.java:1155) ~[spring-beans-6.2.3.jar:6.2.3]
	at org.springframework.beans.factory.support.DefaultListableBeanFactory.preInstantiateSingleton(DefaultListableBeanFactory.java:1121) ~[spring-beans-6.2.3.jar:6.2.3]
	at org.springframework.beans.factory.support.DefaultListableBeanFactory.preInstantiateSingletons(DefaultListableBeanFactory.java:1056) ~[spring-beans-6.2.3.jar:6.2.3]
	at org.springframework.context.support.AbstractApplicationContext.finishBeanFactoryInitialization(AbstractApplicationContext.java:987) ~[spring-context-6.2.3.jar:6.2.3]
	at org.springframework.context.support.AbstractApplicationContext.refresh(AbstractApplicationContext.java:627) ~[spring-context-6.2.3.jar:6.2.3]
	at org.springframework.boot.SpringApplication.refresh(SpringApplication.java:752) ~[spring-boot-3.4.3.jar:3.4.3]
	at org.springframework.boot.SpringApplication.refreshContext(SpringApplication.java:439) ~[spring-boot-3.4.3.jar:3.4.3]
	at org.springframework.boot.SpringApplication.run(SpringApplication.java:318) ~[spring-boot-3.4.3.jar:3.4.3]
	at org.springframework.boot.test.context.SpringBootContextLoader.lambda$loadContext$3(SpringBootContextLoader.java:137) ~[spring-boot-test-3.4.3.jar:3.4.3]
	at org.springframework.util.function.ThrowingSupplier.get(ThrowingSupplier.java:58) ~[spring-core-6.2.3.jar:6.2.3]
	at org.springframework.util.function.ThrowingSupplier.get(ThrowingSupplier.java:46) ~[spring-core-6.2.3.jar:6.2.3]
	at org.springframework.boot.SpringApplication.withHook(SpringApplication.java:1461) ~[spring-boot-3.4.3.jar:3.4.3]
	at org.springframework.boot.test.context.SpringBootContextLoader$ContextLoaderHook.run(SpringBootContextLoader.java:553) ~[spring-boot-test-3.4.3.jar:3.4.3]
	at org.springframework.boot.test.context.SpringBootContextLoader.loadContext(SpringBootContextLoader.java:137) ~[spring-boot-test-3.4.3.jar:3.4.3]
	at org.springframework.boot.test.context.SpringBootContextLoader.loadContext(SpringBootContextLoader.java:108) ~[spring-boot-test-3.4.3.jar:3.4.3]
	at org.springframework.test.context.cache.DefaultCacheAwareContextLoaderDelegate.loadContextInternal(DefaultCacheAwareContextLoaderDelegate.java:225) ~[spring-test-6.2.3.jar:6.2.3]
	at org.springframework.test.context.cache.DefaultCacheAwareContextLoaderDelegate.loadContext(DefaultCacheAwareContextLoaderDelegate.java:152) ~[spring-test-6.2.3.jar:6.2.3]
	at org.springframework.test.context.support.DefaultTestContext.getApplicationContext(DefaultTestContext.java:130) ~[spring-test-6.2.3.jar:6.2.3]
	at org.springframework.test.context.web.ServletTestExecutionListener.setUpRequestContextIfNecessary(ServletTestExecutionListener.java:200) ~[spring-test-6.2.3.jar:6.2.3]
	at org.springframework.test.context.web.ServletTestExecutionListener.prepareTestInstance(ServletTestExecutionListener.java:139) ~[spring-test-6.2.3.jar:6.2.3]
	at org.springframework.test.context.TestContextManager.prepareTestInstance(TestContextManager.java:260) ~[spring-test-6.2.3.jar:6.2.3]
	at org.springframework.test.context.junit.jupiter.SpringExtension.postProcessTestInstance(SpringExtension.java:160) ~[spring-test-6.2.3.jar:6.2.3]
	at org.junit.jupiter.engine.descriptor.ClassBasedTestDescriptor.lambda$invokeTestInstancePostProcessors$11(ClassBasedTestDescriptor.java:378) ~[junit-jupiter-engine-5.11.4.jar:5.11.4]
	at org.junit.jupiter.engine.descriptor.ClassBasedTestDescriptor.executeAndMaskThrowable(ClassBasedTestDescriptor.java:383) ~[junit-jupiter-engine-5.11.4.jar:5.11.4]
	at org.junit.jupiter.engine.descriptor.ClassBasedTestDescriptor.lambda$invokeTestInstancePostProcessors$12(ClassBasedTestDescriptor.java:378) ~[junit-jupiter-engine-5.11.4.jar:5.11.4]
	at java.base/java.util.stream.ForEachOps$ForEachOp$OfRef.accept(ForEachOps.java:183) ~[?:?]
	at java.base/java.util.stream.ReferencePipeline$3$1.accept(ReferencePipeline.java:197) ~[?:?]
	at java.base/java.util.stream.ReferencePipeline$2$1.accept(ReferencePipeline.java:179) ~[?:?]
	at java.base/java.util.stream.ReferencePipeline$3$1.accept(ReferencePipeline.java:197) ~[?:?]
	at java.base/java.util.ArrayList$ArrayListSpliterator.forEachRemaining(ArrayList.java:1625) ~[?:?]
	at java.base/java.util.stream.AbstractPipeline.copyInto(AbstractPipeline.java:509) ~[?:?]
	at java.base/java.util.stream.AbstractPipeline.wrapAndCopyInto(AbstractPipeline.java:499) ~[?:?]
	at java.base/java.util.stream.ForEachOps$ForEachOp.evaluateSequential(ForEachOps.java:150) ~[?:?]
	at java.base/java.util.stream.ForEachOps$ForEachOp$OfRef.evaluateSequential(ForEachOps.java:173) ~[?:?]
	at java.base/java.util.stream.AbstractPipeline.evaluate(AbstractPipeline.java:234) ~[?:?]
	at java.base/java.util.stream.ReferencePipeline.forEach(ReferencePipeline.java:596) ~[?:?]
	at org.junit.jupiter.engine.descriptor.ClassBasedTestDescriptor.invokeTestInstancePostProcessors(ClassBasedTestDescriptor.java:377) ~[junit-jupiter-engine-5.11.4.jar:5.11.4]
	at org.junit.jupiter.engine.descriptor.ClassBasedTestDescriptor.lambda$instantiateAndPostProcessTestInstance$7(ClassBasedTestDescriptor.java:290) ~[junit-jupiter-engine-5.11.4.jar:5.11.4]
	at org.junit.platform.engine.support.hierarchical.ThrowableCollector.execute(ThrowableCollector.java:73) ~[junit-platform-engine-1.11.4.jar:1.11.4]
	at org.junit.jupiter.engine.descriptor.ClassBasedTestDescriptor.instantiateAndPostProcessTestInstance(ClassBasedTestDescriptor.java:289) ~[junit-jupiter-engine-5.11.4.jar:5.11.4]
	at org.junit.jupiter.engine.descriptor.ClassBasedTestDescriptor.lambda$testInstancesProvider$5(ClassBasedTestDescriptor.java:279) ~[junit-jupiter-engine-5.11.4.jar:5.11.4]
	at java.base/java.util.Optional.orElseGet(Optional.java:364) ~[?:?]
	at org.junit.jupiter.engine.descriptor.ClassBasedTestDescriptor.lambda$testInstancesProvider$6(ClassBasedTestDescriptor.java:278) ~[junit-jupiter-engine-5.11.4.jar:5.11.4]
	at org.junit.jupiter.engine.execution.TestInstancesProvider.getTestInstances(TestInstancesProvider.java:31) ~[junit-jupiter-engine-5.11.4.jar:5.11.4]
	at org.junit.jupiter.engine.descriptor.TestMethodTestDescriptor.lambda$prepare$1(TestMethodTestDescriptor.java:105) ~[junit-jupiter-engine-5.11.4.jar:5.11.4]
	at org.junit.platform.engine.support.hierarchical.ThrowableCollector.execute(ThrowableCollector.java:73) ~[junit-platform-engine-1.11.4.jar:1.11.4]
	at org.junit.jupiter.engine.descriptor.TestMethodTestDescriptor.prepare(TestMethodTestDescriptor.java:104) ~[junit-jupiter-engine-5.11.4.jar:5.11.4]
	at org.junit.jupiter.engine.descriptor.TestMethodTestDescriptor.prepare(TestMethodTestDescriptor.java:68) ~[junit-jupiter-engine-5.11.4.jar:5.11.4]
	at org.junit.platform.engine.support.hierarchical.NodeTestTask.lambda$prepare$2(NodeTestTask.java:128) ~[junit-platform-engine-1.11.4.jar:1.11.4]
	at org.junit.platform.engine.support.hierarchical.ThrowableCollector.execute(ThrowableCollector.java:73) ~[junit-platform-engine-1.11.4.jar:1.11.4]
	at org.junit.platform.engine.support.hierarchical.NodeTestTask.prepare(NodeTestTask.java:128) ~[junit-platform-engine-1.11.4.jar:1.11.4]
	at org.junit.platform.engine.support.hierarchical.NodeTestTask.execute(NodeTestTask.java:95) ~[junit-platform-engine-1.11.4.jar:1.11.4]
	at java.base/java.util.ArrayList.forEach(ArrayList.java:1511) ~[?:?]
	at org.junit.platform.engine.support.hierarchical.SameThreadHierarchicalTestExecutorService.invokeAll(SameThreadHierarchicalTestExecutorService.java:41) ~[junit-platform-engine-1.11.4.jar:1.11.4]
	at org.junit.platform.engine.support.hierarchical.NodeTestTask.lambda$executeRecursively$6(NodeTestTask.java:160) ~[junit-platform-engine-1.11.4.jar:1.11.4]
	at org.junit.platform.engine.support.hierarchical.ThrowableCollector.execute(ThrowableCollector.java:73) ~[junit-platform-engine-1.11.4.jar:1.11.4]
	at org.junit.platform.engine.support.hierarchical.NodeTestTask.lambda$executeRecursively$8(NodeTestTask.java:146) ~[junit-platform-engine-1.11.4.jar:1.11.4]
	at org.junit.platform.engine.support.hierarchical.Node.around(Node.java:137) ~[junit-platform-engine-1.11.4.jar:1.11.4]
	at org.junit.platform.engine.support.hierarchical.NodeTestTask.lambda$executeRecursively$9(NodeTestTask.java:144) ~[junit-platform-engine-1.11.4.jar:1.11.4]
	at org.junit.platform.engine.support.hierarchical.ThrowableCollector.execute(ThrowableCollector.java:73) ~[junit-platform-engine-1.11.4.jar:1.11.4]
	at org.junit.platform.engine.support.hierarchical.NodeTestTask.executeRecursively(NodeTestTask.java:143) ~[junit-platform-engine-1.11.4.jar:1.11.4]
	at org.junit.platform.engine.support.hierarchical.NodeTestTask.execute(NodeTestTask.java:100) ~[junit-platform-engine-1.11.4.jar:1.11.4]
	at java.base/java.util.ArrayList.forEach(ArrayList.java:1511) ~[?:?]
	at org.junit.platform.engine.support.hierarchical.SameThreadHierarchicalTestExecutorService.invokeAll(SameThreadHierarchicalTestExecutorService.java:41) ~[junit-platform-engine-1.11.4.jar:1.11.4]
	at org.junit.platform.engine.support.hierarchical.NodeTestTask.lambda$executeRecursively$6(NodeTestTask.java:160) ~[junit-platform-engine-1.11.4.jar:1.11.4]
	at org.junit.platform.engine.support.hierarchical.ThrowableCollector.execute(ThrowableCollector.java:73) ~[junit-platform-engine-1.11.4.jar:1.11.4]
	at org.junit.platform.engine.support.hierarchical.NodeTestTask.lambda$executeRecursively$8(NodeTestTask.java:146) ~[junit-platform-engine-1.11.4.jar:1.11.4]
	at org.junit.platform.engine.support.hierarchical.Node.around(Node.java:137) ~[junit-platform-engine-1.11.4.jar:1.11.4]
	at org.junit.platform.engine.support.hierarchical.NodeTestTask.lambda$executeRecursively$9(NodeTestTask.java:144) ~[junit-platform-engine-1.11.4.jar:1.11.4]
	at org.junit.platform.engine.support.hierarchical.ThrowableCollector.execute(ThrowableCollector.java:73) ~[junit-platform-engine-1.11.4.jar:1.11.4]
	at org.junit.platform.engine.support.hierarchical.NodeTestTask.executeRecursively(NodeTestTask.java:143) ~[junit-platform-engine-1.11.4.jar:1.11.4]
	at org.junit.platform.engine.support.hierarchical.NodeTestTask.execute(NodeTestTask.java:100) ~[junit-platform-engine-1.11.4.jar:1.11.4]
	at org.junit.platform.engine.support.hierarchical.SameThreadHierarchicalTestExecutorService.submit(SameThreadHierarchicalTestExecutorService.java:35) ~[junit-platform-engine-1.11.4.jar:1.11.4]
	at org.junit.platform.engine.support.hierarchical.HierarchicalTestExecutor.execute(HierarchicalTestExecutor.java:57) ~[junit-platform-engine-1.11.4.jar:1.11.4]
	at org.junit.platform.engine.support.hierarchical.HierarchicalTestEngine.execute(HierarchicalTestEngine.java:54) ~[junit-platform-engine-1.11.4.jar:1.11.4]
	at org.junit.platform.launcher.core.EngineExecutionOrchestrator.execute(EngineExecutionOrchestrator.java:198) ~[junit-platform-launcher-1.11.4.jar:1.11.4]
	at org.junit.platform.launcher.core.EngineExecutionOrchestrator.execute(EngineExecutionOrchestrator.java:169) ~[junit-platform-launcher-1.11.4.jar:1.11.4]
	at org.junit.platform.launcher.core.EngineExecutionOrchestrator.execute(EngineExecutionOrchestrator.java:93) ~[junit-platform-launcher-1.11.4.jar:1.11.4]
	at org.junit.platform.launcher.core.EngineExecutionOrchestrator.lambda$execute$0(EngineExecutionOrchestrator.java:58) ~[junit-platform-launcher-1.11.4.jar:1.11.4]
	at org.junit.platform.launcher.core.EngineExecutionOrchestrator.withInterceptedStreams(EngineExecutionOrchestrator.java:141) [junit-platform-launcher-1.11.4.jar:1.11.4]
	at org.junit.platform.launcher.core.EngineExecutionOrchestrator.execute(EngineExecutionOrchestrator.java:57) [junit-platform-launcher-1.11.4.jar:1.11.4]
	at org.junit.platform.launcher.core.DefaultLauncher.execute(DefaultLauncher.java:103) [junit-platform-launcher-1.11.4.jar:1.11.4]
	at org.junit.platform.launcher.core.DefaultLauncher.execute(DefaultLauncher.java:85) [junit-platform-launcher-1.11.4.jar:1.11.4]
	at org.junit.platform.launcher.core.DelegatingLauncher.execute(DelegatingLauncher.java:47) [junit-platform-launcher-1.11.4.jar:1.11.4]
	at org.apache.maven.surefire.junitplatform.LazyLauncher.execute(LazyLauncher.java:56) [surefire-junit-platform-3.5.2.jar:3.5.2]
	at org.apache.maven.surefire.junitplatform.JUnitPlatformProvider.execute(JUnitPlatformProvider.java:184) [surefire-junit-platform-3.5.2.jar:3.5.2]
	at org.apache.maven.surefire.junitplatform.JUnitPlatformProvider.invokeAllTests(JUnitPlatformProvider.java:148) [surefire-junit-platform-3.5.2.jar:3.5.2]
	at org.apache.maven.surefire.junitplatform.JUnitPlatformProvider.invoke(JUnitPlatformProvider.java:122) [surefire-junit-platform-3.5.2.jar:3.5.2]
	at org.apache.maven.surefire.booter.ForkedBooter.runSuitesInProcess(ForkedBooter.java:385) [surefire-booter-3.5.2.jar:3.5.2]
	at org.apache.maven.surefire.booter.ForkedBooter.execute(ForkedBooter.java:162) [surefire-booter-3.5.2.jar:3.5.2]
	at org.apache.maven.surefire.booter.ForkedBooter.run(ForkedBooter.java:507) [surefire-booter-3.5.2.jar:3.5.2]
	at org.apache.maven.surefire.booter.ForkedBooter.main(ForkedBooter.java:495) [surefire-booter-3.5.2.jar:3.5.2]
2025-08-01 19:23:55.865 [main] DEBUG org.springframework.data.jpa.repository.query.NamedQuery - Did not find named query Trainer.findByEmail.count
2025-08-01 19:23:55.866 [main] DEBUG org.springframework.orm.jpa.SharedEntityManagerCreator$SharedEntityManagerInvocationHandler - Creating new EntityManager for shared EntityManager invocation
2025-08-01 19:23:55.867 [main] DEBUG org.hibernate.orm.query.hql - HQL : SELECT t FROM Trainer t JOIN t.userCredentials uc WHERE uc.email = :email AND t.isDeleted = false
2025-08-01 19:23:55.869 [main] DEBUG org.hibernate.orm.query.sqm.creation - Applying inferable type to SqmExpression [SqmNamedParameter(email)] : null -> SqmBasicValuedSimplePath(com.example.trainup.model.user.Trainer(t).userCredentials(uc).email)
2025-08-01 19:23:55.870 [main] DEBUG org.hibernate.orm.query.sqm.ast - SqmStatement Tree :
    -> [select]
      -> [query-spec]
        -> [select]
          -> [selection]
            -> [root] - `com.example.trainup.model.user.Trainer(t)`
              -> [joins]
                -> [attribute] - `com.example.trainup.model.user.Trainer(t).userCredentials(uc)`
                    [fetched = false]
                <- [attribute] - `com.example.trainup.model.user.Trainer(t).userCredentials(uc)`
              <- [joins]
            <- [root] - `com.example.trainup.model.user.Trainer(t)`
          <- [selection]
        <- [select]
        -> [from]
          -> [root] - `com.example.trainup.model.user.Trainer(t)`
            -> [joins]
              -> [attribute] - `com.example.trainup.model.user.Trainer(t).userCredentials(uc)`
                  [fetched = false]
              <- [attribute] - `com.example.trainup.model.user.Trainer(t).userCredentials(uc)`
            <- [joins]
          <- [root] - `com.example.trainup.model.user.Trainer(t)`
        <- [from]
        -> [where]
          -> [and]
            -> [EQUAL]
                -> [basic-path] - `com.example.trainup.model.user.Trainer(t).userCredentials(uc).email`
                :email
            <- [EQUAL]
            -> [EQUAL]
                -> [basic-path] - `com.example.trainup.model.user.Trainer(t).isDeleted`
            <- [EQUAL]
          <- [and]
        <- [where]
      <- [query-spec]
    <- [select]

2025-08-01 19:23:55.873 [main] DEBUG org.hibernate.resource.transaction.backend.jdbc.internal.JdbcResourceLocalTransactionCoordinatorImpl - JDBC transaction marked for rollback-only (exception provided for stack trace)
java.lang.Exception: exception just for purpose of providing stack trace
	at org.hibernate.resource.transaction.backend.jdbc.internal.JdbcResourceLocalTransactionCoordinatorImpl$TransactionDriverControlImpl.markRollbackOnly(JdbcResourceLocalTransactionCoordinatorImpl.java:309) ~[hibernate-core-6.6.8.Final.jar:6.6.8.Final]
	at org.hibernate.internal.AbstractSharedSessionContract.buildNamedQuery(AbstractSharedSessionContract.java:1141) ~[hibernate-core-6.6.8.Final.jar:6.6.8.Final]
	at org.hibernate.internal.AbstractSharedSessionContract.createNamedQuery(AbstractSharedSessionContract.java:1019) ~[hibernate-core-6.6.8.Final.jar:6.6.8.Final]
	at org.hibernate.internal.AbstractSharedSessionContract.createNamedQuery(AbstractSharedSessionContract.java:143) ~[hibernate-core-6.6.8.Final.jar:6.6.8.Final]
	at jdk.internal.reflect.GeneratedMethodAccessor95.invoke(Unknown Source) ~[?:?]
	at java.base/jdk.internal.reflect.DelegatingMethodAccessorImpl.invoke(DelegatingMethodAccessorImpl.java:43) ~[?:?]
	at java.base/java.lang.reflect.Method.invoke(Method.java:569) ~[?:?]
	at org.springframework.orm.jpa.ExtendedEntityManagerCreator$ExtendedEntityManagerInvocationHandler.invoke(ExtendedEntityManagerCreator.java:364) ~[spring-orm-6.2.3.jar:6.2.3]
	at jdk.proxy2/jdk.proxy2.$Proxy236.createNamedQuery(Unknown Source) ~[?:?]
	at org.springframework.data.jpa.repository.query.NamedQuery.hasNamedQuery(NamedQuery.java:114) ~[spring-data-jpa-3.4.3.jar:3.4.3]
	at org.springframework.data.jpa.repository.query.JpaQueryLookupStrategy$DeclaredQueryLookupStrategy.getCountQuery(JpaQueryLookupStrategy.java:208) ~[spring-data-jpa-3.4.3.jar:3.4.3]
	at org.springframework.data.jpa.repository.query.JpaQueryLookupStrategy$DeclaredQueryLookupStrategy.resolveQuery(JpaQueryLookupStrategy.java:175) ~[spring-data-jpa-3.4.3.jar:3.4.3]
	at org.springframework.data.jpa.repository.query.JpaQueryLookupStrategy$CreateIfNotFoundQueryLookupStrategy.resolveQuery(JpaQueryLookupStrategy.java:256) ~[spring-data-jpa-3.4.3.jar:3.4.3]
	at org.springframework.data.jpa.repository.query.JpaQueryLookupStrategy$AbstractQueryLookupStrategy.resolveQuery(JpaQueryLookupStrategy.java:99) ~[spring-data-jpa-3.4.3.jar:3.4.3]
	at org.springframework.data.repository.core.support.QueryExecutorMethodInterceptor.lookupQuery(QueryExecutorMethodInterceptor.java:116) ~[spring-data-commons-3.4.3.jar:3.4.3]
	at org.springframework.data.repository.core.support.QueryExecutorMethodInterceptor.mapMethodsToQuery(QueryExecutorMethodInterceptor.java:104) ~[spring-data-commons-3.4.3.jar:3.4.3]
	at org.springframework.data.repository.core.support.QueryExecutorMethodInterceptor.lambda$new$0(QueryExecutorMethodInterceptor.java:92) ~[spring-data-commons-3.4.3.jar:3.4.3]
	at java.base/java.util.Optional.map(Optional.java:260) ~[?:?]
	at org.springframework.data.repository.core.support.QueryExecutorMethodInterceptor.<init>(QueryExecutorMethodInterceptor.java:92) ~[spring-data-commons-3.4.3.jar:3.4.3]
	at org.springframework.data.repository.core.support.RepositoryFactorySupport.getRepository(RepositoryFactorySupport.java:440) ~[spring-data-commons-3.4.3.jar:3.4.3]
	at org.springframework.data.repository.core.support.RepositoryFactoryBeanSupport.lambda$afterPropertiesSet$4(RepositoryFactoryBeanSupport.java:350) ~[spring-data-commons-3.4.3.jar:3.4.3]
	at org.springframework.data.util.Lazy.getNullable(Lazy.java:135) ~[spring-data-commons-3.4.3.jar:3.4.3]
	at org.springframework.data.util.Lazy.get(Lazy.java:113) ~[spring-data-commons-3.4.3.jar:3.4.3]
	at org.springframework.data.repository.core.support.RepositoryFactoryBeanSupport.afterPropertiesSet(RepositoryFactoryBeanSupport.java:356) ~[spring-data-commons-3.4.3.jar:3.4.3]
	at org.springframework.data.jpa.repository.support.JpaRepositoryFactoryBean.afterPropertiesSet(JpaRepositoryFactoryBean.java:132) ~[spring-data-jpa-3.4.3.jar:3.4.3]
	at org.springframework.beans.factory.support.AbstractAutowireCapableBeanFactory.invokeInitMethods(AbstractAutowireCapableBeanFactory.java:1859) ~[spring-beans-6.2.3.jar:6.2.3]
	at org.springframework.beans.factory.support.AbstractAutowireCapableBeanFactory.initializeBean(AbstractAutowireCapableBeanFactory.java:1808) ~[spring-beans-6.2.3.jar:6.2.3]
	at org.springframework.beans.factory.support.AbstractAutowireCapableBeanFactory.doCreateBean(AbstractAutowireCapableBeanFactory.java:601) ~[spring-beans-6.2.3.jar:6.2.3]
	at org.springframework.beans.factory.support.AbstractAutowireCapableBeanFactory.createBean(AbstractAutowireCapableBeanFactory.java:523) ~[spring-beans-6.2.3.jar:6.2.3]
	at org.springframework.beans.factory.support.AbstractBeanFactory.lambda$doGetBean$0(AbstractBeanFactory.java:339) ~[spring-beans-6.2.3.jar:6.2.3]
	at org.springframework.beans.factory.support.DefaultSingletonBeanRegistry.getSingleton(DefaultSingletonBeanRegistry.java:346) ~[spring-beans-6.2.3.jar:6.2.3]
	at org.springframework.beans.factory.support.AbstractBeanFactory.doGetBean(AbstractBeanFactory.java:337) ~[spring-beans-6.2.3.jar:6.2.3]
	at org.springframework.beans.factory.support.AbstractBeanFactory.getBean(AbstractBeanFactory.java:202) ~[spring-beans-6.2.3.jar:6.2.3]
	at org.springframework.beans.factory.support.DefaultListableBeanFactory.doResolveDependency(DefaultListableBeanFactory.java:1606) ~[spring-beans-6.2.3.jar:6.2.3]
	at org.springframework.beans.factory.support.DefaultListableBeanFactory.resolveDependency(DefaultListableBeanFactory.java:1552) ~[spring-beans-6.2.3.jar:6.2.3]
	at org.springframework.beans.factory.support.ConstructorResolver.resolveAutowiredArgument(ConstructorResolver.java:913) ~[spring-beans-6.2.3.jar:6.2.3]
	at org.springframework.beans.factory.support.ConstructorResolver.createArgumentArray(ConstructorResolver.java:791) ~[spring-beans-6.2.3.jar:6.2.3]
	at org.springframework.beans.factory.support.ConstructorResolver.autowireConstructor(ConstructorResolver.java:240) ~[spring-beans-6.2.3.jar:6.2.3]
	at org.springframework.beans.factory.support.AbstractAutowireCapableBeanFactory.autowireConstructor(AbstractAutowireCapableBeanFactory.java:1381) ~[spring-beans-6.2.3.jar:6.2.3]
	at org.springframework.beans.factory.support.AbstractAutowireCapableBeanFactory.createBeanInstance(AbstractAutowireCapableBeanFactory.java:1218) ~[spring-beans-6.2.3.jar:6.2.3]
	at org.springframework.beans.factory.support.AbstractAutowireCapableBeanFactory.doCreateBean(AbstractAutowireCapableBeanFactory.java:563) ~[spring-beans-6.2.3.jar:6.2.3]
	at org.springframework.beans.factory.support.AbstractAutowireCapableBeanFactory.createBean(AbstractAutowireCapableBeanFactory.java:523) ~[spring-beans-6.2.3.jar:6.2.3]
	at org.springframework.beans.factory.support.AbstractBeanFactory.lambda$doGetBean$0(AbstractBeanFactory.java:339) ~[spring-beans-6.2.3.jar:6.2.3]
	at org.springframework.beans.factory.support.DefaultSingletonBeanRegistry.getSingleton(DefaultSingletonBeanRegistry.java:346) ~[spring-beans-6.2.3.jar:6.2.3]
	at org.springframework.beans.factory.support.AbstractBeanFactory.doGetBean(AbstractBeanFactory.java:337) ~[spring-beans-6.2.3.jar:6.2.3]
	at org.springframework.beans.factory.support.AbstractBeanFactory.getBean(AbstractBeanFactory.java:202) ~[spring-beans-6.2.3.jar:6.2.3]
	at org.springframework.beans.factory.support.DefaultListableBeanFactory.doResolveDependency(DefaultListableBeanFactory.java:1606) ~[spring-beans-6.2.3.jar:6.2.3]
	at org.springframework.beans.factory.support.DefaultListableBeanFactory.resolveDependency(DefaultListableBeanFactory.java:1552) ~[spring-beans-6.2.3.jar:6.2.3]
	at org.springframework.beans.factory.annotation.AutowiredAnnotationBeanPostProcessor$AutowiredFieldElement.resolveFieldValue(AutowiredAnnotationBeanPostProcessor.java:785) ~[spring-beans-6.2.3.jar:6.2.3]
	at org.springframework.beans.factory.annotation.AutowiredAnnotationBeanPostProcessor$AutowiredFieldElement.inject(AutowiredAnnotationBeanPostProcessor.java:768) ~[spring-beans-6.2.3.jar:6.2.3]
	at org.springframework.beans.factory.annotation.InjectionMetadata.inject(InjectionMetadata.java:146) ~[spring-beans-6.2.3.jar:6.2.3]
	at org.springframework.beans.factory.annotation.AutowiredAnnotationBeanPostProcessor.postProcessProperties(AutowiredAnnotationBeanPostProcessor.java:509) ~[spring-beans-6.2.3.jar:6.2.3]
	at org.springframework.beans.factory.support.AbstractAutowireCapableBeanFactory.populateBean(AbstractAutowireCapableBeanFactory.java:1445) ~[spring-beans-6.2.3.jar:6.2.3]
	at org.springframework.beans.factory.support.AbstractAutowireCapableBeanFactory.doCreateBean(AbstractAutowireCapableBeanFactory.java:600) ~[spring-beans-6.2.3.jar:6.2.3]
	at org.springframework.beans.factory.support.AbstractAutowireCapableBeanFactory.createBean(AbstractAutowireCapableBeanFactory.java:523) ~[spring-beans-6.2.3.jar:6.2.3]
	at org.springframework.beans.factory.support.AbstractBeanFactory.lambda$doGetBean$0(AbstractBeanFactory.java:339) ~[spring-beans-6.2.3.jar:6.2.3]
	at org.springframework.beans.factory.support.DefaultSingletonBeanRegistry.getSingleton(DefaultSingletonBeanRegistry.java:346) ~[spring-beans-6.2.3.jar:6.2.3]
	at org.springframework.beans.factory.support.AbstractBeanFactory.doGetBean(AbstractBeanFactory.java:337) ~[spring-beans-6.2.3.jar:6.2.3]
	at org.springframework.beans.factory.support.AbstractBeanFactory.getBean(AbstractBeanFactory.java:202) ~[spring-beans-6.2.3.jar:6.2.3]
	at org.springframework.beans.factory.support.DefaultListableBeanFactory.instantiateSingleton(DefaultListableBeanFactory.java:1155) ~[spring-beans-6.2.3.jar:6.2.3]
	at org.springframework.beans.factory.support.DefaultListableBeanFactory.preInstantiateSingleton(DefaultListableBeanFactory.java:1121) ~[spring-beans-6.2.3.jar:6.2.3]
	at org.springframework.beans.factory.support.DefaultListableBeanFactory.preInstantiateSingletons(DefaultListableBeanFactory.java:1056) ~[spring-beans-6.2.3.jar:6.2.3]
	at org.springframework.context.support.AbstractApplicationContext.finishBeanFactoryInitialization(AbstractApplicationContext.java:987) ~[spring-context-6.2.3.jar:6.2.3]
	at org.springframework.context.support.AbstractApplicationContext.refresh(AbstractApplicationContext.java:627) ~[spring-context-6.2.3.jar:6.2.3]
	at org.springframework.boot.SpringApplication.refresh(SpringApplication.java:752) ~[spring-boot-3.4.3.jar:3.4.3]
	at org.springframework.boot.SpringApplication.refreshContext(SpringApplication.java:439) ~[spring-boot-3.4.3.jar:3.4.3]
	at org.springframework.boot.SpringApplication.run(SpringApplication.java:318) ~[spring-boot-3.4.3.jar:3.4.3]
	at org.springframework.boot.test.context.SpringBootContextLoader.lambda$loadContext$3(SpringBootContextLoader.java:137) ~[spring-boot-test-3.4.3.jar:3.4.3]
	at org.springframework.util.function.ThrowingSupplier.get(ThrowingSupplier.java:58) ~[spring-core-6.2.3.jar:6.2.3]
	at org.springframework.util.function.ThrowingSupplier.get(ThrowingSupplier.java:46) ~[spring-core-6.2.3.jar:6.2.3]
	at org.springframework.boot.SpringApplication.withHook(SpringApplication.java:1461) ~[spring-boot-3.4.3.jar:3.4.3]
	at org.springframework.boot.test.context.SpringBootContextLoader$ContextLoaderHook.run(SpringBootContextLoader.java:553) ~[spring-boot-test-3.4.3.jar:3.4.3]
	at org.springframework.boot.test.context.SpringBootContextLoader.loadContext(SpringBootContextLoader.java:137) ~[spring-boot-test-3.4.3.jar:3.4.3]
	at org.springframework.boot.test.context.SpringBootContextLoader.loadContext(SpringBootContextLoader.java:108) ~[spring-boot-test-3.4.3.jar:3.4.3]
	at org.springframework.test.context.cache.DefaultCacheAwareContextLoaderDelegate.loadContextInternal(DefaultCacheAwareContextLoaderDelegate.java:225) ~[spring-test-6.2.3.jar:6.2.3]
	at org.springframework.test.context.cache.DefaultCacheAwareContextLoaderDelegate.loadContext(DefaultCacheAwareContextLoaderDelegate.java:152) ~[spring-test-6.2.3.jar:6.2.3]
	at org.springframework.test.context.support.DefaultTestContext.getApplicationContext(DefaultTestContext.java:130) ~[spring-test-6.2.3.jar:6.2.3]
	at org.springframework.test.context.web.ServletTestExecutionListener.setUpRequestContextIfNecessary(ServletTestExecutionListener.java:200) ~[spring-test-6.2.3.jar:6.2.3]
	at org.springframework.test.context.web.ServletTestExecutionListener.prepareTestInstance(ServletTestExecutionListener.java:139) ~[spring-test-6.2.3.jar:6.2.3]
	at org.springframework.test.context.TestContextManager.prepareTestInstance(TestContextManager.java:260) ~[spring-test-6.2.3.jar:6.2.3]
	at org.springframework.test.context.junit.jupiter.SpringExtension.postProcessTestInstance(SpringExtension.java:160) ~[spring-test-6.2.3.jar:6.2.3]
	at org.junit.jupiter.engine.descriptor.ClassBasedTestDescriptor.lambda$invokeTestInstancePostProcessors$11(ClassBasedTestDescriptor.java:378) ~[junit-jupiter-engine-5.11.4.jar:5.11.4]
	at org.junit.jupiter.engine.descriptor.ClassBasedTestDescriptor.executeAndMaskThrowable(ClassBasedTestDescriptor.java:383) ~[junit-jupiter-engine-5.11.4.jar:5.11.4]
	at org.junit.jupiter.engine.descriptor.ClassBasedTestDescriptor.lambda$invokeTestInstancePostProcessors$12(ClassBasedTestDescriptor.java:378) ~[junit-jupiter-engine-5.11.4.jar:5.11.4]
	at java.base/java.util.stream.ForEachOps$ForEachOp$OfRef.accept(ForEachOps.java:183) ~[?:?]
	at java.base/java.util.stream.ReferencePipeline$3$1.accept(ReferencePipeline.java:197) ~[?:?]
	at java.base/java.util.stream.ReferencePipeline$2$1.accept(ReferencePipeline.java:179) ~[?:?]
	at java.base/java.util.stream.ReferencePipeline$3$1.accept(ReferencePipeline.java:197) ~[?:?]
	at java.base/java.util.ArrayList$ArrayListSpliterator.forEachRemaining(ArrayList.java:1625) ~[?:?]
	at java.base/java.util.stream.AbstractPipeline.copyInto(AbstractPipeline.java:509) ~[?:?]
	at java.base/java.util.stream.AbstractPipeline.wrapAndCopyInto(AbstractPipeline.java:499) ~[?:?]
	at java.base/java.util.stream.ForEachOps$ForEachOp.evaluateSequential(ForEachOps.java:150) ~[?:?]
	at java.base/java.util.stream.ForEachOps$ForEachOp$OfRef.evaluateSequential(ForEachOps.java:173) ~[?:?]
	at java.base/java.util.stream.AbstractPipeline.evaluate(AbstractPipeline.java:234) ~[?:?]
	at java.base/java.util.stream.ReferencePipeline.forEach(ReferencePipeline.java:596) ~[?:?]
	at org.junit.jupiter.engine.descriptor.ClassBasedTestDescriptor.invokeTestInstancePostProcessors(ClassBasedTestDescriptor.java:377) ~[junit-jupiter-engine-5.11.4.jar:5.11.4]
	at org.junit.jupiter.engine.descriptor.ClassBasedTestDescriptor.lambda$instantiateAndPostProcessTestInstance$7(ClassBasedTestDescriptor.java:290) ~[junit-jupiter-engine-5.11.4.jar:5.11.4]
	at org.junit.platform.engine.support.hierarchical.ThrowableCollector.execute(ThrowableCollector.java:73) ~[junit-platform-engine-1.11.4.jar:1.11.4]
	at org.junit.jupiter.engine.descriptor.ClassBasedTestDescriptor.instantiateAndPostProcessTestInstance(ClassBasedTestDescriptor.java:289) ~[junit-jupiter-engine-5.11.4.jar:5.11.4]
	at org.junit.jupiter.engine.descriptor.ClassBasedTestDescriptor.lambda$testInstancesProvider$5(ClassBasedTestDescriptor.java:279) ~[junit-jupiter-engine-5.11.4.jar:5.11.4]
	at java.base/java.util.Optional.orElseGet(Optional.java:364) ~[?:?]
	at org.junit.jupiter.engine.descriptor.ClassBasedTestDescriptor.lambda$testInstancesProvider$6(ClassBasedTestDescriptor.java:278) ~[junit-jupiter-engine-5.11.4.jar:5.11.4]
	at org.junit.jupiter.engine.execution.TestInstancesProvider.getTestInstances(TestInstancesProvider.java:31) ~[junit-jupiter-engine-5.11.4.jar:5.11.4]
	at org.junit.jupiter.engine.descriptor.TestMethodTestDescriptor.lambda$prepare$1(TestMethodTestDescriptor.java:105) ~[junit-jupiter-engine-5.11.4.jar:5.11.4]
	at org.junit.platform.engine.support.hierarchical.ThrowableCollector.execute(ThrowableCollector.java:73) ~[junit-platform-engine-1.11.4.jar:1.11.4]
	at org.junit.jupiter.engine.descriptor.TestMethodTestDescriptor.prepare(TestMethodTestDescriptor.java:104) ~[junit-jupiter-engine-5.11.4.jar:5.11.4]
	at org.junit.jupiter.engine.descriptor.TestMethodTestDescriptor.prepare(TestMethodTestDescriptor.java:68) ~[junit-jupiter-engine-5.11.4.jar:5.11.4]
	at org.junit.platform.engine.support.hierarchical.NodeTestTask.lambda$prepare$2(NodeTestTask.java:128) ~[junit-platform-engine-1.11.4.jar:1.11.4]
	at org.junit.platform.engine.support.hierarchical.ThrowableCollector.execute(ThrowableCollector.java:73) ~[junit-platform-engine-1.11.4.jar:1.11.4]
	at org.junit.platform.engine.support.hierarchical.NodeTestTask.prepare(NodeTestTask.java:128) ~[junit-platform-engine-1.11.4.jar:1.11.4]
	at org.junit.platform.engine.support.hierarchical.NodeTestTask.execute(NodeTestTask.java:95) ~[junit-platform-engine-1.11.4.jar:1.11.4]
	at java.base/java.util.ArrayList.forEach(ArrayList.java:1511) ~[?:?]
	at org.junit.platform.engine.support.hierarchical.SameThreadHierarchicalTestExecutorService.invokeAll(SameThreadHierarchicalTestExecutorService.java:41) ~[junit-platform-engine-1.11.4.jar:1.11.4]
	at org.junit.platform.engine.support.hierarchical.NodeTestTask.lambda$executeRecursively$6(NodeTestTask.java:160) ~[junit-platform-engine-1.11.4.jar:1.11.4]
	at org.junit.platform.engine.support.hierarchical.ThrowableCollector.execute(ThrowableCollector.java:73) ~[junit-platform-engine-1.11.4.jar:1.11.4]
	at org.junit.platform.engine.support.hierarchical.NodeTestTask.lambda$executeRecursively$8(NodeTestTask.java:146) ~[junit-platform-engine-1.11.4.jar:1.11.4]
	at org.junit.platform.engine.support.hierarchical.Node.around(Node.java:137) ~[junit-platform-engine-1.11.4.jar:1.11.4]
	at org.junit.platform.engine.support.hierarchical.NodeTestTask.lambda$executeRecursively$9(NodeTestTask.java:144) ~[junit-platform-engine-1.11.4.jar:1.11.4]
	at org.junit.platform.engine.support.hierarchical.ThrowableCollector.execute(ThrowableCollector.java:73) ~[junit-platform-engine-1.11.4.jar:1.11.4]
	at org.junit.platform.engine.support.hierarchical.NodeTestTask.executeRecursively(NodeTestTask.java:143) ~[junit-platform-engine-1.11.4.jar:1.11.4]
	at org.junit.platform.engine.support.hierarchical.NodeTestTask.execute(NodeTestTask.java:100) ~[junit-platform-engine-1.11.4.jar:1.11.4]
	at java.base/java.util.ArrayList.forEach(ArrayList.java:1511) ~[?:?]
	at org.junit.platform.engine.support.hierarchical.SameThreadHierarchicalTestExecutorService.invokeAll(SameThreadHierarchicalTestExecutorService.java:41) ~[junit-platform-engine-1.11.4.jar:1.11.4]
	at org.junit.platform.engine.support.hierarchical.NodeTestTask.lambda$executeRecursively$6(NodeTestTask.java:160) ~[junit-platform-engine-1.11.4.jar:1.11.4]
	at org.junit.platform.engine.support.hierarchical.ThrowableCollector.execute(ThrowableCollector.java:73) ~[junit-platform-engine-1.11.4.jar:1.11.4]
	at org.junit.platform.engine.support.hierarchical.NodeTestTask.lambda$executeRecursively$8(NodeTestTask.java:146) ~[junit-platform-engine-1.11.4.jar:1.11.4]
	at org.junit.platform.engine.support.hierarchical.Node.around(Node.java:137) ~[junit-platform-engine-1.11.4.jar:1.11.4]
	at org.junit.platform.engine.support.hierarchical.NodeTestTask.lambda$executeRecursively$9(NodeTestTask.java:144) ~[junit-platform-engine-1.11.4.jar:1.11.4]
	at org.junit.platform.engine.support.hierarchical.ThrowableCollector.execute(ThrowableCollector.java:73) ~[junit-platform-engine-1.11.4.jar:1.11.4]
	at org.junit.platform.engine.support.hierarchical.NodeTestTask.executeRecursively(NodeTestTask.java:143) ~[junit-platform-engine-1.11.4.jar:1.11.4]
	at org.junit.platform.engine.support.hierarchical.NodeTestTask.execute(NodeTestTask.java:100) ~[junit-platform-engine-1.11.4.jar:1.11.4]
	at org.junit.platform.engine.support.hierarchical.SameThreadHierarchicalTestExecutorService.submit(SameThreadHierarchicalTestExecutorService.java:35) ~[junit-platform-engine-1.11.4.jar:1.11.4]
	at org.junit.platform.engine.support.hierarchical.HierarchicalTestExecutor.execute(HierarchicalTestExecutor.java:57) ~[junit-platform-engine-1.11.4.jar:1.11.4]
	at org.junit.platform.engine.support.hierarchical.HierarchicalTestEngine.execute(HierarchicalTestEngine.java:54) ~[junit-platform-engine-1.11.4.jar:1.11.4]
	at org.junit.platform.launcher.core.EngineExecutionOrchestrator.execute(EngineExecutionOrchestrator.java:198) ~[junit-platform-launcher-1.11.4.jar:1.11.4]
	at org.junit.platform.launcher.core.EngineExecutionOrchestrator.execute(EngineExecutionOrchestrator.java:169) ~[junit-platform-launcher-1.11.4.jar:1.11.4]
	at org.junit.platform.launcher.core.EngineExecutionOrchestrator.execute(EngineExecutionOrchestrator.java:93) ~[junit-platform-launcher-1.11.4.jar:1.11.4]
	at org.junit.platform.launcher.core.EngineExecutionOrchestrator.lambda$execute$0(EngineExecutionOrchestrator.java:58) ~[junit-platform-launcher-1.11.4.jar:1.11.4]
	at org.junit.platform.launcher.core.EngineExecutionOrchestrator.withInterceptedStreams(EngineExecutionOrchestrator.java:141) [junit-platform-launcher-1.11.4.jar:1.11.4]
	at org.junit.platform.launcher.core.EngineExecutionOrchestrator.execute(EngineExecutionOrchestrator.java:57) [junit-platform-launcher-1.11.4.jar:1.11.4]
	at org.junit.platform.launcher.core.DefaultLauncher.execute(DefaultLauncher.java:103) [junit-platform-launcher-1.11.4.jar:1.11.4]
	at org.junit.platform.launcher.core.DefaultLauncher.execute(DefaultLauncher.java:85) [junit-platform-launcher-1.11.4.jar:1.11.4]
	at org.junit.platform.launcher.core.DelegatingLauncher.execute(DelegatingLauncher.java:47) [junit-platform-launcher-1.11.4.jar:1.11.4]
	at org.apache.maven.surefire.junitplatform.LazyLauncher.execute(LazyLauncher.java:56) [surefire-junit-platform-3.5.2.jar:3.5.2]
	at org.apache.maven.surefire.junitplatform.JUnitPlatformProvider.execute(JUnitPlatformProvider.java:184) [surefire-junit-platform-3.5.2.jar:3.5.2]
	at org.apache.maven.surefire.junitplatform.JUnitPlatformProvider.invokeAllTests(JUnitPlatformProvider.java:148) [surefire-junit-platform-3.5.2.jar:3.5.2]
	at org.apache.maven.surefire.junitplatform.JUnitPlatformProvider.invoke(JUnitPlatformProvider.java:122) [surefire-junit-platform-3.5.2.jar:3.5.2]
	at org.apache.maven.surefire.booter.ForkedBooter.runSuitesInProcess(ForkedBooter.java:385) [surefire-booter-3.5.2.jar:3.5.2]
	at org.apache.maven.surefire.booter.ForkedBooter.execute(ForkedBooter.java:162) [surefire-booter-3.5.2.jar:3.5.2]
	at org.apache.maven.surefire.booter.ForkedBooter.run(ForkedBooter.java:507) [surefire-booter-3.5.2.jar:3.5.2]
	at org.apache.maven.surefire.booter.ForkedBooter.main(ForkedBooter.java:495) [surefire-booter-3.5.2.jar:3.5.2]
2025-08-01 19:23:55.877 [main] DEBUG org.springframework.data.jpa.repository.query.NamedQuery - Did not find named query Trainer.findTrainersByCriteria.count
2025-08-01 19:23:55.877 [main] DEBUG org.springframework.orm.jpa.SharedEntityManagerCreator$SharedEntityManagerInvocationHandler - Creating new EntityManager for shared EntityManager invocation
2025-08-01 19:23:55.885 [main] DEBUG org.hibernate.orm.query.hql - HQL : SELECT DISTINCT t FROM Trainer t LEFT JOIN t.location a LEFT JOIN t.sports s LEFT JOIN t.gyms g WHERE t.isDeleted = false AND (:firstName IS NULL OR (CAST(t.firstName AS string) LIKE CONCAT('%', CAST(:firstName AS string), '%'))) AND (:lastName IS NULL OR (CAST(t.lastName AS string) LIKE CONCAT('%', CAST(:lastName AS string), '%'))) AND (:gender IS NULL OR t.gender = :gender) AND (:__$synthetic$__1 = true OR s.id IN :sportIds) AND (:__$synthetic$__2 = true OR g.id IN :gymIds) AND (:locationCountry IS NULL OR (a.country LIKE CONCAT('%', CAST(:locationCountry AS string), '%'))) AND (:locationCity IS NULL OR (a.city LIKE CONCAT('%', CAST(:locationCity AS string), '%'))) AND (:locationCityDistrict IS NULL OR (a.cityDistrict LIKE CONCAT('%', CAST(:locationCityDistrict AS string), '%'))) AND (:locationStreet IS NULL OR (a.street LIKE CONCAT('%', CAST(:locationStreet AS string), '%'))) AND (:locationHouse IS NULL OR (a.house LIKE CONCAT('%', CAST(:locationHouse AS string), '%'))) AND (:onlineTraining IS NULL OR t.onlineTraining = :onlineTraining) 
2025-08-01 19:23:55.886 [main] DEBUG org.hibernate.orm.query.hql.reservedWordAsIdentifier - Encountered use of reserved word as identifier : IN
2025-08-01 19:23:55.887 [main] DEBUG org.hibernate.orm.query.hql.reservedWordAsIdentifier - Encountered use of reserved word as identifier : IN
2025-08-01 19:23:55.889 [main] DEBUG org.hibernate.orm.query.sqm.creation - Applying inferable type to SqmExpression [SqmNamedParameter(gender)] : null -> SqmBasicValuedSimplePath(com.example.trainup.model.user.Trainer(t).gender)
2025-08-01 19:23:55.891 [main] DEBUG org.hibernate.orm.query.sqm.creation - Applying inferable type to SqmExpression [SqmNamedParameter(__$synthetic$__1)] : null -> basicType@33(java.lang.Boolean,16)
2025-08-01 19:23:55.892 [main] DEBUG org.hibernate.orm.query.sqm.creation - Applying inferable type to SqmExpression [SqmNamedParameter(sportIds)] : null -> SqmBasicValuedSimplePath(com.example.trainup.model.user.Trainer(t).sports(s).{element}.id)
2025-08-01 19:23:55.893 [main] DEBUG org.hibernate.orm.query.sqm.creation - Applying inferable type to SqmExpression [SqmNamedParameter(__$synthetic$__2)] : null -> basicType@33(java.lang.Boolean,16)
2025-08-01 19:23:55.893 [main] DEBUG org.hibernate.orm.query.sqm.creation - Applying inferable type to SqmExpression [SqmNamedParameter(gymIds)] : null -> SqmBasicValuedSimplePath(com.example.trainup.model.user.Trainer(t).gyms(g).{element}.id)
2025-08-01 19:23:55.895 [main] DEBUG org.hibernate.orm.query.sqm.creation - Applying inferable type to SqmExpression [SqmNamedParameter(onlineTraining)] : null -> SqmBasicValuedSimplePath(com.example.trainup.model.user.Trainer(t).onlineTraining)
2025-08-01 19:23:55.896 [main] DEBUG org.hibernate.orm.query.sqm.ast - SqmStatement Tree :
    -> [select]
      -> [query-spec]
        -> [select(distinct)]
          -> [selection]
            -> [root] - `com.example.trainup.model.user.Trainer(t)`
              -> [joins]
                -> [attribute] - `com.example.trainup.model.user.Trainer(t).location(a)`
                    [fetched = false]
                <- [attribute] - `com.example.trainup.model.user.Trainer(t).location(a)`
                -> [attribute] - `com.example.trainup.model.user.Trainer(t).sports(s)`
                    [fetched = false]
                <- [attribute] - `com.example.trainup.model.user.Trainer(t).sports(s)`
                -> [attribute] - `com.example.trainup.model.user.Trainer(t).gyms(g)`
                    [fetched = false]
                <- [attribute] - `com.example.trainup.model.user.Trainer(t).gyms(g)`
              <- [joins]
            <- [root] - `com.example.trainup.model.user.Trainer(t)`
          <- [selection]
        <- [select(distinct)]
        -> [from]
          -> [root] - `com.example.trainup.model.user.Trainer(t)`
            -> [joins]
              -> [attribute] - `com.example.trainup.model.user.Trainer(t).location(a)`
                  [fetched = false]
              <- [attribute] - `com.example.trainup.model.user.Trainer(t).location(a)`
              -> [attribute] - `com.example.trainup.model.user.Trainer(t).sports(s)`
                  [fetched = false]
              <- [attribute] - `com.example.trainup.model.user.Trainer(t).sports(s)`
              -> [attribute] - `com.example.trainup.model.user.Trainer(t).gyms(g)`
                  [fetched = false]
              <- [attribute] - `com.example.trainup.model.user.Trainer(t).gyms(g)`
            <- [joins]
          <- [root] - `com.example.trainup.model.user.Trainer(t)`
        <- [from]
        -> [where]
          -> [and]
            -> [EQUAL]
                -> [basic-path] - `com.example.trainup.model.user.Trainer(t).isDeleted`
            <- [EQUAL]
            -> [grouped]
                -> [or]
                  -> [is-null]
                      :firstName
                  <- [is-null]
                  -> [grouped]
                      -> [is-like]
                      <- [is-like]
                  <- [grouped]
                <- [or]
            <- [grouped]
            -> [grouped]
                -> [or]
                  -> [is-null]
                      :lastName
                  <- [is-null]
                  -> [grouped]
                      -> [is-like]
                      <- [is-like]
                  <- [grouped]
                <- [or]
            <- [grouped]
            -> [grouped]
                -> [or]
                  -> [is-null]
                      :gender
                  <- [is-null]
                  -> [EQUAL]
                      -> [basic-path] - `com.example.trainup.model.user.Trainer(t).gender`
                      :gender
                  <- [EQUAL]
                <- [or]
            <- [grouped]
            -> [grouped]
                -> [or]
                  -> [EQUAL]
                      :__$synthetic$__1
                  <- [EQUAL]
                <- [or]
            <- [grouped]
            -> [grouped]
                -> [or]
                  -> [EQUAL]
                      :__$synthetic$__2
                  <- [EQUAL]
                <- [or]
            <- [grouped]
            -> [grouped]
                -> [or]
                  -> [is-null]
                      :locationCountry
                  <- [is-null]
                  -> [grouped]
                      -> [is-like]
                        -> [basic-path] - `com.example.trainup.model.user.Trainer(t).location(a).country`
                      <- [is-like]
                  <- [grouped]
                <- [or]
            <- [grouped]
            -> [grouped]
                -> [or]
                  -> [is-null]
                      :locationCity
                  <- [is-null]
                  -> [grouped]
                      -> [is-like]
                        -> [basic-path] - `com.example.trainup.model.user.Trainer(t).location(a).city`
                      <- [is-like]
                  <- [grouped]
                <- [or]
            <- [grouped]
            -> [grouped]
                -> [or]
                  -> [is-null]
                      :locationCityDistrict
                  <- [is-null]
                  -> [grouped]
                      -> [is-like]
                        -> [basic-path] - `com.example.trainup.model.user.Trainer(t).location(a).cityDistrict`
                      <- [is-like]
                  <- [grouped]
                <- [or]
            <- [grouped]
            -> [grouped]
                -> [or]
                  -> [is-null]
                      :locationStreet
                  <- [is-null]
                  -> [grouped]
                      -> [is-like]
                        -> [basic-path] - `com.example.trainup.model.user.Trainer(t).location(a).street`
                      <- [is-like]
                  <- [grouped]
                <- [or]
            <- [grouped]
            -> [grouped]
                -> [or]
                  -> [is-null]
                      :locationHouse
                  <- [is-null]
                  -> [grouped]
                      -> [is-like]
                        -> [basic-path] - `com.example.trainup.model.user.Trainer(t).location(a).house`
                      <- [is-like]
                  <- [grouped]
                <- [or]
            <- [grouped]
            -> [grouped]
                -> [or]
                  -> [is-null]
                      :onlineTraining
                  <- [is-null]
                  -> [EQUAL]
                      -> [basic-path] - `com.example.trainup.model.user.Trainer(t).onlineTraining`
                      :onlineTraining
                  <- [EQUAL]
                <- [or]
            <- [grouped]
          <- [and]
        <- [where]
      <- [query-spec]
    <- [select]

2025-08-01 19:23:55.907 [main] DEBUG org.hibernate.orm.query.hql - HQL : SELECT count(DISTINCT t) FROM Trainer t LEFT JOIN t.location a LEFT JOIN t.sports s LEFT JOIN t.gyms g WHERE t.isDeleted = false AND (:firstName IS NULL OR (CAST(t.firstName AS string) LIKE CONCAT('%', CAST(:firstName AS string), '%'))) AND (:lastName IS NULL OR (CAST(t.lastName AS string) LIKE CONCAT('%', CAST(:lastName AS string), '%'))) AND (:gender IS NULL OR t.gender = :gender) AND (:__$synthetic$__1 = true OR s.id IN :sportIds) AND (:__$synthetic$__2 = true OR g.id IN :gymIds) AND (:locationCountry IS NULL OR (a.country LIKE CONCAT('%', CAST(:locationCountry AS string), '%'))) AND (:locationCity IS NULL OR (a.city LIKE CONCAT('%', CAST(:locationCity AS string), '%'))) AND (:locationCityDistrict IS NULL OR (a.cityDistrict LIKE CONCAT('%', CAST(:locationCityDistrict AS string), '%'))) AND (:locationStreet IS NULL OR (a.street LIKE CONCAT('%', CAST(:locationStreet AS string), '%'))) AND (:locationHouse IS NULL OR (a.house LIKE CONCAT('%', CAST(:locationHouse AS string), '%'))) AND (:onlineTraining IS NULL OR t.onlineTraining = :onlineTraining)
2025-08-01 19:23:55.908 [main] DEBUG org.hibernate.orm.query.hql.reservedWordAsIdentifier - Encountered use of reserved word as identifier : (
2025-08-01 19:23:55.909 [main] DEBUG org.hibernate.orm.query.hql.reservedWordAsIdentifier - Encountered use of reserved word as identifier : IN
2025-08-01 19:23:55.910 [main] DEBUG org.hibernate.orm.query.hql.reservedWordAsIdentifier - Encountered use of reserved word as identifier : IN
2025-08-01 19:23:55.912 [main] DEBUG org.hibernate.orm.query.sqm.creation - Applying inferable type to SqmExpression [SqmNamedParameter(gender)] : null -> SqmBasicValuedSimplePath(com.example.trainup.model.user.Trainer(t).gender)
2025-08-01 19:23:55.913 [main] DEBUG org.hibernate.orm.query.sqm.creation - Applying inferable type to SqmExpression [SqmNamedParameter(__$synthetic$__1)] : null -> basicType@33(java.lang.Boolean,16)
2025-08-01 19:23:55.913 [main] DEBUG org.hibernate.orm.query.sqm.creation - Applying inferable type to SqmExpression [SqmNamedParameter(sportIds)] : null -> SqmBasicValuedSimplePath(com.example.trainup.model.user.Trainer(t).sports(s).{element}.id)
2025-08-01 19:23:55.914 [main] DEBUG org.hibernate.orm.query.sqm.creation - Applying inferable type to SqmExpression [SqmNamedParameter(__$synthetic$__2)] : null -> basicType@33(java.lang.Boolean,16)
2025-08-01 19:23:55.914 [main] DEBUG org.hibernate.orm.query.sqm.creation - Applying inferable type to SqmExpression [SqmNamedParameter(gymIds)] : null -> SqmBasicValuedSimplePath(com.example.trainup.model.user.Trainer(t).gyms(g).{element}.id)
2025-08-01 19:23:55.916 [main] DEBUG org.hibernate.orm.query.sqm.creation - Applying inferable type to SqmExpression [SqmNamedParameter(onlineTraining)] : null -> SqmBasicValuedSimplePath(com.example.trainup.model.user.Trainer(t).onlineTraining)
2025-08-01 19:23:55.917 [main] DEBUG org.hibernate.orm.query.sqm.ast - SqmStatement Tree :
    -> [select]
      -> [query-spec]
        -> [select]
          -> [selection]
          <- [selection]
        <- [select]
        -> [from]
          -> [root] - `com.example.trainup.model.user.Trainer(t)`
            -> [joins]
              -> [attribute] - `com.example.trainup.model.user.Trainer(t).location(a)`
                  [fetched = false]
              <- [attribute] - `com.example.trainup.model.user.Trainer(t).location(a)`
              -> [attribute] - `com.example.trainup.model.user.Trainer(t).sports(s)`
                  [fetched = false]
              <- [attribute] - `com.example.trainup.model.user.Trainer(t).sports(s)`
              -> [attribute] - `com.example.trainup.model.user.Trainer(t).gyms(g)`
                  [fetched = false]
              <- [attribute] - `com.example.trainup.model.user.Trainer(t).gyms(g)`
            <- [joins]
          <- [root] - `com.example.trainup.model.user.Trainer(t)`
        <- [from]
        -> [where]
          -> [and]
            -> [EQUAL]
                -> [basic-path] - `com.example.trainup.model.user.Trainer(t).isDeleted`
            <- [EQUAL]
            -> [grouped]
                -> [or]
                  -> [is-null]
                      :firstName
                  <- [is-null]
                  -> [grouped]
                      -> [is-like]
                      <- [is-like]
                  <- [grouped]
                <- [or]
            <- [grouped]
            -> [grouped]
                -> [or]
                  -> [is-null]
                      :lastName
                  <- [is-null]
                  -> [grouped]
                      -> [is-like]
                      <- [is-like]
                  <- [grouped]
                <- [or]
            <- [grouped]
            -> [grouped]
                -> [or]
                  -> [is-null]
                      :gender
                  <- [is-null]
                  -> [EQUAL]
                      -> [basic-path] - `com.example.trainup.model.user.Trainer(t).gender`
                      :gender
                  <- [EQUAL]
                <- [or]
            <- [grouped]
            -> [grouped]
                -> [or]
                  -> [EQUAL]
                      :__$synthetic$__1
                  <- [EQUAL]
                <- [or]
            <- [grouped]
            -> [grouped]
                -> [or]
                  -> [EQUAL]
                      :__$synthetic$__2
                  <- [EQUAL]
                <- [or]
            <- [grouped]
            -> [grouped]
                -> [or]
                  -> [is-null]
                      :locationCountry
                  <- [is-null]
                  -> [grouped]
                      -> [is-like]
                        -> [basic-path] - `com.example.trainup.model.user.Trainer(t).location(a).country`
                      <- [is-like]
                  <- [grouped]
                <- [or]
            <- [grouped]
            -> [grouped]
                -> [or]
                  -> [is-null]
                      :locationCity
                  <- [is-null]
                  -> [grouped]
                      -> [is-like]
                        -> [basic-path] - `com.example.trainup.model.user.Trainer(t).location(a).city`
                      <- [is-like]
                  <- [grouped]
                <- [or]
            <- [grouped]
            -> [grouped]
                -> [or]
                  -> [is-null]
                      :locationCityDistrict
                  <- [is-null]
                  -> [grouped]
                      -> [is-like]
                        -> [basic-path] - `com.example.trainup.model.user.Trainer(t).location(a).cityDistrict`
                      <- [is-like]
                  <- [grouped]
                <- [or]
            <- [grouped]
            -> [grouped]
                -> [or]
                  -> [is-null]
                      :locationStreet
                  <- [is-null]
                  -> [grouped]
                      -> [is-like]
                        -> [basic-path] - `com.example.trainup.model.user.Trainer(t).location(a).street`
                      <- [is-like]
                  <- [grouped]
                <- [or]
            <- [grouped]
            -> [grouped]
                -> [or]
                  -> [is-null]
                      :locationHouse
                  <- [is-null]
                  -> [grouped]
                      -> [is-like]
                        -> [basic-path] - `com.example.trainup.model.user.Trainer(t).location(a).house`
                      <- [is-like]
                  <- [grouped]
                <- [or]
            <- [grouped]
            -> [grouped]
                -> [or]
                  -> [is-null]
                      :onlineTraining
                  <- [is-null]
                  -> [EQUAL]
                      -> [basic-path] - `com.example.trainup.model.user.Trainer(t).onlineTraining`
                      :onlineTraining
                  <- [EQUAL]
                <- [or]
            <- [grouped]
          <- [and]
        <- [where]
      <- [query-spec]
    <- [select]

2025-08-01 19:23:55.919 [main] DEBUG org.springframework.data.jpa.repository.query.NamedQuery - Looking up named query 'Trainer.findTrainerById'
2025-08-01 19:23:55.920 [main] DEBUG org.hibernate.resource.transaction.backend.jdbc.internal.JdbcResourceLocalTransactionCoordinatorImpl - JDBC transaction marked for rollback-only (exception provided for stack trace)
java.lang.Exception: exception just for purpose of providing stack trace
	at org.hibernate.resource.transaction.backend.jdbc.internal.JdbcResourceLocalTransactionCoordinatorImpl$TransactionDriverControlImpl.markRollbackOnly(JdbcResourceLocalTransactionCoordinatorImpl.java:309) ~[hibernate-core-6.6.8.Final.jar:6.6.8.Final]
	at org.hibernate.internal.AbstractSharedSessionContract.buildNamedQuery(AbstractSharedSessionContract.java:1141) ~[hibernate-core-6.6.8.Final.jar:6.6.8.Final]
	at org.hibernate.internal.AbstractSharedSessionContract.createNamedQuery(AbstractSharedSessionContract.java:1019) ~[hibernate-core-6.6.8.Final.jar:6.6.8.Final]
	at org.hibernate.internal.AbstractSharedSessionContract.createNamedQuery(AbstractSharedSessionContract.java:143) ~[hibernate-core-6.6.8.Final.jar:6.6.8.Final]
	at jdk.internal.reflect.GeneratedMethodAccessor95.invoke(Unknown Source) ~[?:?]
	at java.base/jdk.internal.reflect.DelegatingMethodAccessorImpl.invoke(DelegatingMethodAccessorImpl.java:43) ~[?:?]
	at java.base/java.lang.reflect.Method.invoke(Method.java:569) ~[?:?]
	at org.springframework.orm.jpa.ExtendedEntityManagerCreator$ExtendedEntityManagerInvocationHandler.invoke(ExtendedEntityManagerCreator.java:364) ~[spring-orm-6.2.3.jar:6.2.3]
	at jdk.proxy2/jdk.proxy2.$Proxy236.createNamedQuery(Unknown Source) ~[?:?]
	at org.springframework.data.jpa.repository.query.NamedQuery.hasNamedQuery(NamedQuery.java:114) ~[spring-data-jpa-3.4.3.jar:3.4.3]
	at org.springframework.data.jpa.repository.query.NamedQuery.lookupFrom(NamedQuery.java:140) ~[spring-data-jpa-3.4.3.jar:3.4.3]
	at org.springframework.data.jpa.repository.query.JpaQueryLookupStrategy$DeclaredQueryLookupStrategy.resolveQuery(JpaQueryLookupStrategy.java:184) ~[spring-data-jpa-3.4.3.jar:3.4.3]
	at org.springframework.data.jpa.repository.query.JpaQueryLookupStrategy$CreateIfNotFoundQueryLookupStrategy.resolveQuery(JpaQueryLookupStrategy.java:256) ~[spring-data-jpa-3.4.3.jar:3.4.3]
	at org.springframework.data.jpa.repository.query.JpaQueryLookupStrategy$AbstractQueryLookupStrategy.resolveQuery(JpaQueryLookupStrategy.java:99) ~[spring-data-jpa-3.4.3.jar:3.4.3]
	at org.springframework.data.repository.core.support.QueryExecutorMethodInterceptor.lookupQuery(QueryExecutorMethodInterceptor.java:116) ~[spring-data-commons-3.4.3.jar:3.4.3]
	at org.springframework.data.repository.core.support.QueryExecutorMethodInterceptor.mapMethodsToQuery(QueryExecutorMethodInterceptor.java:104) ~[spring-data-commons-3.4.3.jar:3.4.3]
	at org.springframework.data.repository.core.support.QueryExecutorMethodInterceptor.lambda$new$0(QueryExecutorMethodInterceptor.java:92) ~[spring-data-commons-3.4.3.jar:3.4.3]
	at java.base/java.util.Optional.map(Optional.java:260) ~[?:?]
	at org.springframework.data.repository.core.support.QueryExecutorMethodInterceptor.<init>(QueryExecutorMethodInterceptor.java:92) ~[spring-data-commons-3.4.3.jar:3.4.3]
	at org.springframework.data.repository.core.support.RepositoryFactorySupport.getRepository(RepositoryFactorySupport.java:440) ~[spring-data-commons-3.4.3.jar:3.4.3]
	at org.springframework.data.repository.core.support.RepositoryFactoryBeanSupport.lambda$afterPropertiesSet$4(RepositoryFactoryBeanSupport.java:350) ~[spring-data-commons-3.4.3.jar:3.4.3]
	at org.springframework.data.util.Lazy.getNullable(Lazy.java:135) ~[spring-data-commons-3.4.3.jar:3.4.3]
	at org.springframework.data.util.Lazy.get(Lazy.java:113) ~[spring-data-commons-3.4.3.jar:3.4.3]
	at org.springframework.data.repository.core.support.RepositoryFactoryBeanSupport.afterPropertiesSet(RepositoryFactoryBeanSupport.java:356) ~[spring-data-commons-3.4.3.jar:3.4.3]
	at org.springframework.data.jpa.repository.support.JpaRepositoryFactoryBean.afterPropertiesSet(JpaRepositoryFactoryBean.java:132) ~[spring-data-jpa-3.4.3.jar:3.4.3]
	at org.springframework.beans.factory.support.AbstractAutowireCapableBeanFactory.invokeInitMethods(AbstractAutowireCapableBeanFactory.java:1859) ~[spring-beans-6.2.3.jar:6.2.3]
	at org.springframework.beans.factory.support.AbstractAutowireCapableBeanFactory.initializeBean(AbstractAutowireCapableBeanFactory.java:1808) ~[spring-beans-6.2.3.jar:6.2.3]
	at org.springframework.beans.factory.support.AbstractAutowireCapableBeanFactory.doCreateBean(AbstractAutowireCapableBeanFactory.java:601) ~[spring-beans-6.2.3.jar:6.2.3]
	at org.springframework.beans.factory.support.AbstractAutowireCapableBeanFactory.createBean(AbstractAutowireCapableBeanFactory.java:523) ~[spring-beans-6.2.3.jar:6.2.3]
	at org.springframework.beans.factory.support.AbstractBeanFactory.lambda$doGetBean$0(AbstractBeanFactory.java:339) ~[spring-beans-6.2.3.jar:6.2.3]
	at org.springframework.beans.factory.support.DefaultSingletonBeanRegistry.getSingleton(DefaultSingletonBeanRegistry.java:346) ~[spring-beans-6.2.3.jar:6.2.3]
	at org.springframework.beans.factory.support.AbstractBeanFactory.doGetBean(AbstractBeanFactory.java:337) ~[spring-beans-6.2.3.jar:6.2.3]
	at org.springframework.beans.factory.support.AbstractBeanFactory.getBean(AbstractBeanFactory.java:202) ~[spring-beans-6.2.3.jar:6.2.3]
	at org.springframework.beans.factory.support.DefaultListableBeanFactory.doResolveDependency(DefaultListableBeanFactory.java:1606) ~[spring-beans-6.2.3.jar:6.2.3]
	at org.springframework.beans.factory.support.DefaultListableBeanFactory.resolveDependency(DefaultListableBeanFactory.java:1552) ~[spring-beans-6.2.3.jar:6.2.3]
	at org.springframework.beans.factory.support.ConstructorResolver.resolveAutowiredArgument(ConstructorResolver.java:913) ~[spring-beans-6.2.3.jar:6.2.3]
	at org.springframework.beans.factory.support.ConstructorResolver.createArgumentArray(ConstructorResolver.java:791) ~[spring-beans-6.2.3.jar:6.2.3]
	at org.springframework.beans.factory.support.ConstructorResolver.autowireConstructor(ConstructorResolver.java:240) ~[spring-beans-6.2.3.jar:6.2.3]
	at org.springframework.beans.factory.support.AbstractAutowireCapableBeanFactory.autowireConstructor(AbstractAutowireCapableBeanFactory.java:1381) ~[spring-beans-6.2.3.jar:6.2.3]
	at org.springframework.beans.factory.support.AbstractAutowireCapableBeanFactory.createBeanInstance(AbstractAutowireCapableBeanFactory.java:1218) ~[spring-beans-6.2.3.jar:6.2.3]
	at org.springframework.beans.factory.support.AbstractAutowireCapableBeanFactory.doCreateBean(AbstractAutowireCapableBeanFactory.java:563) ~[spring-beans-6.2.3.jar:6.2.3]
	at org.springframework.beans.factory.support.AbstractAutowireCapableBeanFactory.createBean(AbstractAutowireCapableBeanFactory.java:523) ~[spring-beans-6.2.3.jar:6.2.3]
	at org.springframework.beans.factory.support.AbstractBeanFactory.lambda$doGetBean$0(AbstractBeanFactory.java:339) ~[spring-beans-6.2.3.jar:6.2.3]
	at org.springframework.beans.factory.support.DefaultSingletonBeanRegistry.getSingleton(DefaultSingletonBeanRegistry.java:346) ~[spring-beans-6.2.3.jar:6.2.3]
	at org.springframework.beans.factory.support.AbstractBeanFactory.doGetBean(AbstractBeanFactory.java:337) ~[spring-beans-6.2.3.jar:6.2.3]
	at org.springframework.beans.factory.support.AbstractBeanFactory.getBean(AbstractBeanFactory.java:202) ~[spring-beans-6.2.3.jar:6.2.3]
	at org.springframework.beans.factory.support.DefaultListableBeanFactory.doResolveDependency(DefaultListableBeanFactory.java:1606) ~[spring-beans-6.2.3.jar:6.2.3]
	at org.springframework.beans.factory.support.DefaultListableBeanFactory.resolveDependency(DefaultListableBeanFactory.java:1552) ~[spring-beans-6.2.3.jar:6.2.3]
	at org.springframework.beans.factory.annotation.AutowiredAnnotationBeanPostProcessor$AutowiredFieldElement.resolveFieldValue(AutowiredAnnotationBeanPostProcessor.java:785) ~[spring-beans-6.2.3.jar:6.2.3]
	at org.springframework.beans.factory.annotation.AutowiredAnnotationBeanPostProcessor$AutowiredFieldElement.inject(AutowiredAnnotationBeanPostProcessor.java:768) ~[spring-beans-6.2.3.jar:6.2.3]
	at org.springframework.beans.factory.annotation.InjectionMetadata.inject(InjectionMetadata.java:146) ~[spring-beans-6.2.3.jar:6.2.3]
	at org.springframework.beans.factory.annotation.AutowiredAnnotationBeanPostProcessor.postProcessProperties(AutowiredAnnotationBeanPostProcessor.java:509) ~[spring-beans-6.2.3.jar:6.2.3]
	at org.springframework.beans.factory.support.AbstractAutowireCapableBeanFactory.populateBean(AbstractAutowireCapableBeanFactory.java:1445) ~[spring-beans-6.2.3.jar:6.2.3]
	at org.springframework.beans.factory.support.AbstractAutowireCapableBeanFactory.doCreateBean(AbstractAutowireCapableBeanFactory.java:600) ~[spring-beans-6.2.3.jar:6.2.3]
	at org.springframework.beans.factory.support.AbstractAutowireCapableBeanFactory.createBean(AbstractAutowireCapableBeanFactory.java:523) ~[spring-beans-6.2.3.jar:6.2.3]
	at org.springframework.beans.factory.support.AbstractBeanFactory.lambda$doGetBean$0(AbstractBeanFactory.java:339) ~[spring-beans-6.2.3.jar:6.2.3]
	at org.springframework.beans.factory.support.DefaultSingletonBeanRegistry.getSingleton(DefaultSingletonBeanRegistry.java:346) ~[spring-beans-6.2.3.jar:6.2.3]
	at org.springframework.beans.factory.support.AbstractBeanFactory.doGetBean(AbstractBeanFactory.java:337) ~[spring-beans-6.2.3.jar:6.2.3]
	at org.springframework.beans.factory.support.AbstractBeanFactory.getBean(AbstractBeanFactory.java:202) ~[spring-beans-6.2.3.jar:6.2.3]
	at org.springframework.beans.factory.support.DefaultListableBeanFactory.instantiateSingleton(DefaultListableBeanFactory.java:1155) ~[spring-beans-6.2.3.jar:6.2.3]
	at org.springframework.beans.factory.support.DefaultListableBeanFactory.preInstantiateSingleton(DefaultListableBeanFactory.java:1121) ~[spring-beans-6.2.3.jar:6.2.3]
	at org.springframework.beans.factory.support.DefaultListableBeanFactory.preInstantiateSingletons(DefaultListableBeanFactory.java:1056) ~[spring-beans-6.2.3.jar:6.2.3]
	at org.springframework.context.support.AbstractApplicationContext.finishBeanFactoryInitialization(AbstractApplicationContext.java:987) ~[spring-context-6.2.3.jar:6.2.3]
	at org.springframework.context.support.AbstractApplicationContext.refresh(AbstractApplicationContext.java:627) ~[spring-context-6.2.3.jar:6.2.3]
	at org.springframework.boot.SpringApplication.refresh(SpringApplication.java:752) ~[spring-boot-3.4.3.jar:3.4.3]
	at org.springframework.boot.SpringApplication.refreshContext(SpringApplication.java:439) ~[spring-boot-3.4.3.jar:3.4.3]
	at org.springframework.boot.SpringApplication.run(SpringApplication.java:318) ~[spring-boot-3.4.3.jar:3.4.3]
	at org.springframework.boot.test.context.SpringBootContextLoader.lambda$loadContext$3(SpringBootContextLoader.java:137) ~[spring-boot-test-3.4.3.jar:3.4.3]
	at org.springframework.util.function.ThrowingSupplier.get(ThrowingSupplier.java:58) ~[spring-core-6.2.3.jar:6.2.3]
	at org.springframework.util.function.ThrowingSupplier.get(ThrowingSupplier.java:46) ~[spring-core-6.2.3.jar:6.2.3]
	at org.springframework.boot.SpringApplication.withHook(SpringApplication.java:1461) ~[spring-boot-3.4.3.jar:3.4.3]
	at org.springframework.boot.test.context.SpringBootContextLoader$ContextLoaderHook.run(SpringBootContextLoader.java:553) ~[spring-boot-test-3.4.3.jar:3.4.3]
	at org.springframework.boot.test.context.SpringBootContextLoader.loadContext(SpringBootContextLoader.java:137) ~[spring-boot-test-3.4.3.jar:3.4.3]
	at org.springframework.boot.test.context.SpringBootContextLoader.loadContext(SpringBootContextLoader.java:108) ~[spring-boot-test-3.4.3.jar:3.4.3]
	at org.springframework.test.context.cache.DefaultCacheAwareContextLoaderDelegate.loadContextInternal(DefaultCacheAwareContextLoaderDelegate.java:225) ~[spring-test-6.2.3.jar:6.2.3]
	at org.springframework.test.context.cache.DefaultCacheAwareContextLoaderDelegate.loadContext(DefaultCacheAwareContextLoaderDelegate.java:152) ~[spring-test-6.2.3.jar:6.2.3]
	at org.springframework.test.context.support.DefaultTestContext.getApplicationContext(DefaultTestContext.java:130) ~[spring-test-6.2.3.jar:6.2.3]
	at org.springframework.test.context.web.ServletTestExecutionListener.setUpRequestContextIfNecessary(ServletTestExecutionListener.java:200) ~[spring-test-6.2.3.jar:6.2.3]
	at org.springframework.test.context.web.ServletTestExecutionListener.prepareTestInstance(ServletTestExecutionListener.java:139) ~[spring-test-6.2.3.jar:6.2.3]
	at org.springframework.test.context.TestContextManager.prepareTestInstance(TestContextManager.java:260) ~[spring-test-6.2.3.jar:6.2.3]
	at org.springframework.test.context.junit.jupiter.SpringExtension.postProcessTestInstance(SpringExtension.java:160) ~[spring-test-6.2.3.jar:6.2.3]
	at org.junit.jupiter.engine.descriptor.ClassBasedTestDescriptor.lambda$invokeTestInstancePostProcessors$11(ClassBasedTestDescriptor.java:378) ~[junit-jupiter-engine-5.11.4.jar:5.11.4]
	at org.junit.jupiter.engine.descriptor.ClassBasedTestDescriptor.executeAndMaskThrowable(ClassBasedTestDescriptor.java:383) ~[junit-jupiter-engine-5.11.4.jar:5.11.4]
	at org.junit.jupiter.engine.descriptor.ClassBasedTestDescriptor.lambda$invokeTestInstancePostProcessors$12(ClassBasedTestDescriptor.java:378) ~[junit-jupiter-engine-5.11.4.jar:5.11.4]
	at java.base/java.util.stream.ForEachOps$ForEachOp$OfRef.accept(ForEachOps.java:183) ~[?:?]
	at java.base/java.util.stream.ReferencePipeline$3$1.accept(ReferencePipeline.java:197) ~[?:?]
	at java.base/java.util.stream.ReferencePipeline$2$1.accept(ReferencePipeline.java:179) ~[?:?]
	at java.base/java.util.stream.ReferencePipeline$3$1.accept(ReferencePipeline.java:197) ~[?:?]
	at java.base/java.util.ArrayList$ArrayListSpliterator.forEachRemaining(ArrayList.java:1625) ~[?:?]
	at java.base/java.util.stream.AbstractPipeline.copyInto(AbstractPipeline.java:509) ~[?:?]
	at java.base/java.util.stream.AbstractPipeline.wrapAndCopyInto(AbstractPipeline.java:499) ~[?:?]
	at java.base/java.util.stream.ForEachOps$ForEachOp.evaluateSequential(ForEachOps.java:150) ~[?:?]
	at java.base/java.util.stream.ForEachOps$ForEachOp$OfRef.evaluateSequential(ForEachOps.java:173) ~[?:?]
	at java.base/java.util.stream.AbstractPipeline.evaluate(AbstractPipeline.java:234) ~[?:?]
	at java.base/java.util.stream.ReferencePipeline.forEach(ReferencePipeline.java:596) ~[?:?]
	at org.junit.jupiter.engine.descriptor.ClassBasedTestDescriptor.invokeTestInstancePostProcessors(ClassBasedTestDescriptor.java:377) ~[junit-jupiter-engine-5.11.4.jar:5.11.4]
	at org.junit.jupiter.engine.descriptor.ClassBasedTestDescriptor.lambda$instantiateAndPostProcessTestInstance$7(ClassBasedTestDescriptor.java:290) ~[junit-jupiter-engine-5.11.4.jar:5.11.4]
	at org.junit.platform.engine.support.hierarchical.ThrowableCollector.execute(ThrowableCollector.java:73) ~[junit-platform-engine-1.11.4.jar:1.11.4]
	at org.junit.jupiter.engine.descriptor.ClassBasedTestDescriptor.instantiateAndPostProcessTestInstance(ClassBasedTestDescriptor.java:289) ~[junit-jupiter-engine-5.11.4.jar:5.11.4]
	at org.junit.jupiter.engine.descriptor.ClassBasedTestDescriptor.lambda$testInstancesProvider$5(ClassBasedTestDescriptor.java:279) ~[junit-jupiter-engine-5.11.4.jar:5.11.4]
	at java.base/java.util.Optional.orElseGet(Optional.java:364) ~[?:?]
	at org.junit.jupiter.engine.descriptor.ClassBasedTestDescriptor.lambda$testInstancesProvider$6(ClassBasedTestDescriptor.java:278) ~[junit-jupiter-engine-5.11.4.jar:5.11.4]
	at org.junit.jupiter.engine.execution.TestInstancesProvider.getTestInstances(TestInstancesProvider.java:31) ~[junit-jupiter-engine-5.11.4.jar:5.11.4]
	at org.junit.jupiter.engine.descriptor.TestMethodTestDescriptor.lambda$prepare$1(TestMethodTestDescriptor.java:105) ~[junit-jupiter-engine-5.11.4.jar:5.11.4]
	at org.junit.platform.engine.support.hierarchical.ThrowableCollector.execute(ThrowableCollector.java:73) ~[junit-platform-engine-1.11.4.jar:1.11.4]
	at org.junit.jupiter.engine.descriptor.TestMethodTestDescriptor.prepare(TestMethodTestDescriptor.java:104) ~[junit-jupiter-engine-5.11.4.jar:5.11.4]
	at org.junit.jupiter.engine.descriptor.TestMethodTestDescriptor.prepare(TestMethodTestDescriptor.java:68) ~[junit-jupiter-engine-5.11.4.jar:5.11.4]
	at org.junit.platform.engine.support.hierarchical.NodeTestTask.lambda$prepare$2(NodeTestTask.java:128) ~[junit-platform-engine-1.11.4.jar:1.11.4]
	at org.junit.platform.engine.support.hierarchical.ThrowableCollector.execute(ThrowableCollector.java:73) ~[junit-platform-engine-1.11.4.jar:1.11.4]
	at org.junit.platform.engine.support.hierarchical.NodeTestTask.prepare(NodeTestTask.java:128) ~[junit-platform-engine-1.11.4.jar:1.11.4]
	at org.junit.platform.engine.support.hierarchical.NodeTestTask.execute(NodeTestTask.java:95) ~[junit-platform-engine-1.11.4.jar:1.11.4]
	at java.base/java.util.ArrayList.forEach(ArrayList.java:1511) ~[?:?]
	at org.junit.platform.engine.support.hierarchical.SameThreadHierarchicalTestExecutorService.invokeAll(SameThreadHierarchicalTestExecutorService.java:41) ~[junit-platform-engine-1.11.4.jar:1.11.4]
	at org.junit.platform.engine.support.hierarchical.NodeTestTask.lambda$executeRecursively$6(NodeTestTask.java:160) ~[junit-platform-engine-1.11.4.jar:1.11.4]
	at org.junit.platform.engine.support.hierarchical.ThrowableCollector.execute(ThrowableCollector.java:73) ~[junit-platform-engine-1.11.4.jar:1.11.4]
	at org.junit.platform.engine.support.hierarchical.NodeTestTask.lambda$executeRecursively$8(NodeTestTask.java:146) ~[junit-platform-engine-1.11.4.jar:1.11.4]
	at org.junit.platform.engine.support.hierarchical.Node.around(Node.java:137) ~[junit-platform-engine-1.11.4.jar:1.11.4]
	at org.junit.platform.engine.support.hierarchical.NodeTestTask.lambda$executeRecursively$9(NodeTestTask.java:144) ~[junit-platform-engine-1.11.4.jar:1.11.4]
	at org.junit.platform.engine.support.hierarchical.ThrowableCollector.execute(ThrowableCollector.java:73) ~[junit-platform-engine-1.11.4.jar:1.11.4]
	at org.junit.platform.engine.support.hierarchical.NodeTestTask.executeRecursively(NodeTestTask.java:143) ~[junit-platform-engine-1.11.4.jar:1.11.4]
	at org.junit.platform.engine.support.hierarchical.NodeTestTask.execute(NodeTestTask.java:100) ~[junit-platform-engine-1.11.4.jar:1.11.4]
	at java.base/java.util.ArrayList.forEach(ArrayList.java:1511) ~[?:?]
	at org.junit.platform.engine.support.hierarchical.SameThreadHierarchicalTestExecutorService.invokeAll(SameThreadHierarchicalTestExecutorService.java:41) ~[junit-platform-engine-1.11.4.jar:1.11.4]
	at org.junit.platform.engine.support.hierarchical.NodeTestTask.lambda$executeRecursively$6(NodeTestTask.java:160) ~[junit-platform-engine-1.11.4.jar:1.11.4]
	at org.junit.platform.engine.support.hierarchical.ThrowableCollector.execute(ThrowableCollector.java:73) ~[junit-platform-engine-1.11.4.jar:1.11.4]
	at org.junit.platform.engine.support.hierarchical.NodeTestTask.lambda$executeRecursively$8(NodeTestTask.java:146) ~[junit-platform-engine-1.11.4.jar:1.11.4]
	at org.junit.platform.engine.support.hierarchical.Node.around(Node.java:137) ~[junit-platform-engine-1.11.4.jar:1.11.4]
	at org.junit.platform.engine.support.hierarchical.NodeTestTask.lambda$executeRecursively$9(NodeTestTask.java:144) ~[junit-platform-engine-1.11.4.jar:1.11.4]
	at org.junit.platform.engine.support.hierarchical.ThrowableCollector.execute(ThrowableCollector.java:73) ~[junit-platform-engine-1.11.4.jar:1.11.4]
	at org.junit.platform.engine.support.hierarchical.NodeTestTask.executeRecursively(NodeTestTask.java:143) ~[junit-platform-engine-1.11.4.jar:1.11.4]
	at org.junit.platform.engine.support.hierarchical.NodeTestTask.execute(NodeTestTask.java:100) ~[junit-platform-engine-1.11.4.jar:1.11.4]
	at org.junit.platform.engine.support.hierarchical.SameThreadHierarchicalTestExecutorService.submit(SameThreadHierarchicalTestExecutorService.java:35) ~[junit-platform-engine-1.11.4.jar:1.11.4]
	at org.junit.platform.engine.support.hierarchical.HierarchicalTestExecutor.execute(HierarchicalTestExecutor.java:57) ~[junit-platform-engine-1.11.4.jar:1.11.4]
	at org.junit.platform.engine.support.hierarchical.HierarchicalTestEngine.execute(HierarchicalTestEngine.java:54) ~[junit-platform-engine-1.11.4.jar:1.11.4]
	at org.junit.platform.launcher.core.EngineExecutionOrchestrator.execute(EngineExecutionOrchestrator.java:198) ~[junit-platform-launcher-1.11.4.jar:1.11.4]
	at org.junit.platform.launcher.core.EngineExecutionOrchestrator.execute(EngineExecutionOrchestrator.java:169) ~[junit-platform-launcher-1.11.4.jar:1.11.4]
	at org.junit.platform.launcher.core.EngineExecutionOrchestrator.execute(EngineExecutionOrchestrator.java:93) ~[junit-platform-launcher-1.11.4.jar:1.11.4]
	at org.junit.platform.launcher.core.EngineExecutionOrchestrator.lambda$execute$0(EngineExecutionOrchestrator.java:58) ~[junit-platform-launcher-1.11.4.jar:1.11.4]
	at org.junit.platform.launcher.core.EngineExecutionOrchestrator.withInterceptedStreams(EngineExecutionOrchestrator.java:141) [junit-platform-launcher-1.11.4.jar:1.11.4]
	at org.junit.platform.launcher.core.EngineExecutionOrchestrator.execute(EngineExecutionOrchestrator.java:57) [junit-platform-launcher-1.11.4.jar:1.11.4]
	at org.junit.platform.launcher.core.DefaultLauncher.execute(DefaultLauncher.java:103) [junit-platform-launcher-1.11.4.jar:1.11.4]
	at org.junit.platform.launcher.core.DefaultLauncher.execute(DefaultLauncher.java:85) [junit-platform-launcher-1.11.4.jar:1.11.4]
	at org.junit.platform.launcher.core.DelegatingLauncher.execute(DelegatingLauncher.java:47) [junit-platform-launcher-1.11.4.jar:1.11.4]
	at org.apache.maven.surefire.junitplatform.LazyLauncher.execute(LazyLauncher.java:56) [surefire-junit-platform-3.5.2.jar:3.5.2]
	at org.apache.maven.surefire.junitplatform.JUnitPlatformProvider.execute(JUnitPlatformProvider.java:184) [surefire-junit-platform-3.5.2.jar:3.5.2]
	at org.apache.maven.surefire.junitplatform.JUnitPlatformProvider.invokeAllTests(JUnitPlatformProvider.java:148) [surefire-junit-platform-3.5.2.jar:3.5.2]
	at org.apache.maven.surefire.junitplatform.JUnitPlatformProvider.invoke(JUnitPlatformProvider.java:122) [surefire-junit-platform-3.5.2.jar:3.5.2]
	at org.apache.maven.surefire.booter.ForkedBooter.runSuitesInProcess(ForkedBooter.java:385) [surefire-booter-3.5.2.jar:3.5.2]
	at org.apache.maven.surefire.booter.ForkedBooter.execute(ForkedBooter.java:162) [surefire-booter-3.5.2.jar:3.5.2]
	at org.apache.maven.surefire.booter.ForkedBooter.run(ForkedBooter.java:507) [surefire-booter-3.5.2.jar:3.5.2]
	at org.apache.maven.surefire.booter.ForkedBooter.main(ForkedBooter.java:495) [surefire-booter-3.5.2.jar:3.5.2]
2025-08-01 19:23:55.923 [main] DEBUG org.springframework.data.jpa.repository.query.NamedQuery - Did not find named query Trainer.findTrainerById
2025-08-01 19:23:55.924 [main] DEBUG org.springframework.orm.jpa.SharedEntityManagerCreator$SharedEntityManagerInvocationHandler - Creating new EntityManager for shared EntityManager invocation
2025-08-01 19:23:55.926 [main] DEBUG org.springframework.data.repository.core.support.RepositoryFactorySupport - Finished creation of repository instance for com.example.trainup.repository.TrainerRepository.
2025-08-01 19:23:55.965 [main] DEBUG org.springframework.beans.factory.support.DefaultListableBeanFactory - Creating shared instance of singleton bean 'gymOwnerRepository'
2025-08-01 19:23:55.969 [main] DEBUG org.springframework.beans.factory.support.DefaultListableBeanFactory - Creating shared instance of singleton bean 'jpa.named-queries#3'
2025-08-01 19:23:55.975 [main] DEBUG org.springframework.beans.factory.support.DefaultListableBeanFactory - Creating shared instance of singleton bean 'jpa.GymOwnerRepository.fragments#0'
2025-08-01 19:23:55.980 [main] DEBUG org.springframework.orm.jpa.SharedEntityManagerCreator$SharedEntityManagerInvocationHandler - Creating new EntityManager for shared EntityManager invocation
2025-08-01 19:23:55.982 [main] DEBUG org.springframework.data.repository.core.support.RepositoryFactorySupport - Initializing repository instance for com.example.trainup.repository.GymOwnerRepository…
2025-08-01 19:23:55.982 [main] DEBUG org.springframework.orm.jpa.SharedEntityManagerCreator$SharedEntityManagerInvocationHandler - Creating new EntityManager for shared EntityManager invocation
2025-08-01 19:23:55.985 [main] DEBUG org.springframework.data.jpa.repository.query.NamedQuery - Looking up named query 'GymOwner.findByUserCredentials'
2025-08-01 19:23:55.986 [main] DEBUG org.hibernate.resource.transaction.backend.jdbc.internal.JdbcResourceLocalTransactionCoordinatorImpl - JDBC transaction marked for rollback-only (exception provided for stack trace)
java.lang.Exception: exception just for purpose of providing stack trace
	at org.hibernate.resource.transaction.backend.jdbc.internal.JdbcResourceLocalTransactionCoordinatorImpl$TransactionDriverControlImpl.markRollbackOnly(JdbcResourceLocalTransactionCoordinatorImpl.java:309) ~[hibernate-core-6.6.8.Final.jar:6.6.8.Final]
	at org.hibernate.internal.AbstractSharedSessionContract.buildNamedQuery(AbstractSharedSessionContract.java:1141) ~[hibernate-core-6.6.8.Final.jar:6.6.8.Final]
	at org.hibernate.internal.AbstractSharedSessionContract.createNamedQuery(AbstractSharedSessionContract.java:1019) ~[hibernate-core-6.6.8.Final.jar:6.6.8.Final]
	at org.hibernate.internal.AbstractSharedSessionContract.createNamedQuery(AbstractSharedSessionContract.java:143) ~[hibernate-core-6.6.8.Final.jar:6.6.8.Final]
	at jdk.internal.reflect.GeneratedMethodAccessor95.invoke(Unknown Source) ~[?:?]
	at java.base/jdk.internal.reflect.DelegatingMethodAccessorImpl.invoke(DelegatingMethodAccessorImpl.java:43) ~[?:?]
	at java.base/java.lang.reflect.Method.invoke(Method.java:569) ~[?:?]
	at org.springframework.orm.jpa.ExtendedEntityManagerCreator$ExtendedEntityManagerInvocationHandler.invoke(ExtendedEntityManagerCreator.java:364) ~[spring-orm-6.2.3.jar:6.2.3]
	at jdk.proxy2/jdk.proxy2.$Proxy236.createNamedQuery(Unknown Source) ~[?:?]
	at org.springframework.data.jpa.repository.query.NamedQuery.hasNamedQuery(NamedQuery.java:114) ~[spring-data-jpa-3.4.3.jar:3.4.3]
	at org.springframework.data.jpa.repository.query.NamedQuery.lookupFrom(NamedQuery.java:140) ~[spring-data-jpa-3.4.3.jar:3.4.3]
	at org.springframework.data.jpa.repository.query.JpaQueryLookupStrategy$DeclaredQueryLookupStrategy.resolveQuery(JpaQueryLookupStrategy.java:184) ~[spring-data-jpa-3.4.3.jar:3.4.3]
	at org.springframework.data.jpa.repository.query.JpaQueryLookupStrategy$CreateIfNotFoundQueryLookupStrategy.resolveQuery(JpaQueryLookupStrategy.java:256) ~[spring-data-jpa-3.4.3.jar:3.4.3]
	at org.springframework.data.jpa.repository.query.JpaQueryLookupStrategy$AbstractQueryLookupStrategy.resolveQuery(JpaQueryLookupStrategy.java:99) ~[spring-data-jpa-3.4.3.jar:3.4.3]
	at org.springframework.data.repository.core.support.QueryExecutorMethodInterceptor.lookupQuery(QueryExecutorMethodInterceptor.java:116) ~[spring-data-commons-3.4.3.jar:3.4.3]
	at org.springframework.data.repository.core.support.QueryExecutorMethodInterceptor.mapMethodsToQuery(QueryExecutorMethodInterceptor.java:104) ~[spring-data-commons-3.4.3.jar:3.4.3]
	at org.springframework.data.repository.core.support.QueryExecutorMethodInterceptor.lambda$new$0(QueryExecutorMethodInterceptor.java:92) ~[spring-data-commons-3.4.3.jar:3.4.3]
	at java.base/java.util.Optional.map(Optional.java:260) ~[?:?]
	at org.springframework.data.repository.core.support.QueryExecutorMethodInterceptor.<init>(QueryExecutorMethodInterceptor.java:92) ~[spring-data-commons-3.4.3.jar:3.4.3]
	at org.springframework.data.repository.core.support.RepositoryFactorySupport.getRepository(RepositoryFactorySupport.java:440) ~[spring-data-commons-3.4.3.jar:3.4.3]
	at org.springframework.data.repository.core.support.RepositoryFactoryBeanSupport.lambda$afterPropertiesSet$4(RepositoryFactoryBeanSupport.java:350) ~[spring-data-commons-3.4.3.jar:3.4.3]
	at org.springframework.data.util.Lazy.getNullable(Lazy.java:135) ~[spring-data-commons-3.4.3.jar:3.4.3]
	at org.springframework.data.util.Lazy.get(Lazy.java:113) ~[spring-data-commons-3.4.3.jar:3.4.3]
	at org.springframework.data.repository.core.support.RepositoryFactoryBeanSupport.afterPropertiesSet(RepositoryFactoryBeanSupport.java:356) ~[spring-data-commons-3.4.3.jar:3.4.3]
	at org.springframework.data.jpa.repository.support.JpaRepositoryFactoryBean.afterPropertiesSet(JpaRepositoryFactoryBean.java:132) ~[spring-data-jpa-3.4.3.jar:3.4.3]
	at org.springframework.beans.factory.support.AbstractAutowireCapableBeanFactory.invokeInitMethods(AbstractAutowireCapableBeanFactory.java:1859) ~[spring-beans-6.2.3.jar:6.2.3]
	at org.springframework.beans.factory.support.AbstractAutowireCapableBeanFactory.initializeBean(AbstractAutowireCapableBeanFactory.java:1808) ~[spring-beans-6.2.3.jar:6.2.3]
	at org.springframework.beans.factory.support.AbstractAutowireCapableBeanFactory.doCreateBean(AbstractAutowireCapableBeanFactory.java:601) ~[spring-beans-6.2.3.jar:6.2.3]
	at org.springframework.beans.factory.support.AbstractAutowireCapableBeanFactory.createBean(AbstractAutowireCapableBeanFactory.java:523) ~[spring-beans-6.2.3.jar:6.2.3]
	at org.springframework.beans.factory.support.AbstractBeanFactory.lambda$doGetBean$0(AbstractBeanFactory.java:339) ~[spring-beans-6.2.3.jar:6.2.3]
	at org.springframework.beans.factory.support.DefaultSingletonBeanRegistry.getSingleton(DefaultSingletonBeanRegistry.java:346) ~[spring-beans-6.2.3.jar:6.2.3]
	at org.springframework.beans.factory.support.AbstractBeanFactory.doGetBean(AbstractBeanFactory.java:337) ~[spring-beans-6.2.3.jar:6.2.3]
	at org.springframework.beans.factory.support.AbstractBeanFactory.getBean(AbstractBeanFactory.java:202) ~[spring-beans-6.2.3.jar:6.2.3]
	at org.springframework.beans.factory.support.DefaultListableBeanFactory.doResolveDependency(DefaultListableBeanFactory.java:1606) ~[spring-beans-6.2.3.jar:6.2.3]
	at org.springframework.beans.factory.support.DefaultListableBeanFactory.resolveDependency(DefaultListableBeanFactory.java:1552) ~[spring-beans-6.2.3.jar:6.2.3]
	at org.springframework.beans.factory.support.ConstructorResolver.resolveAutowiredArgument(ConstructorResolver.java:913) ~[spring-beans-6.2.3.jar:6.2.3]
	at org.springframework.beans.factory.support.ConstructorResolver.createArgumentArray(ConstructorResolver.java:791) ~[spring-beans-6.2.3.jar:6.2.3]
	at org.springframework.beans.factory.support.ConstructorResolver.autowireConstructor(ConstructorResolver.java:240) ~[spring-beans-6.2.3.jar:6.2.3]
	at org.springframework.beans.factory.support.AbstractAutowireCapableBeanFactory.autowireConstructor(AbstractAutowireCapableBeanFactory.java:1381) ~[spring-beans-6.2.3.jar:6.2.3]
	at org.springframework.beans.factory.support.AbstractAutowireCapableBeanFactory.createBeanInstance(AbstractAutowireCapableBeanFactory.java:1218) ~[spring-beans-6.2.3.jar:6.2.3]
	at org.springframework.beans.factory.support.AbstractAutowireCapableBeanFactory.doCreateBean(AbstractAutowireCapableBeanFactory.java:563) ~[spring-beans-6.2.3.jar:6.2.3]
	at org.springframework.beans.factory.support.AbstractAutowireCapableBeanFactory.createBean(AbstractAutowireCapableBeanFactory.java:523) ~[spring-beans-6.2.3.jar:6.2.3]
	at org.springframework.beans.factory.support.AbstractBeanFactory.lambda$doGetBean$0(AbstractBeanFactory.java:339) ~[spring-beans-6.2.3.jar:6.2.3]
	at org.springframework.beans.factory.support.DefaultSingletonBeanRegistry.getSingleton(DefaultSingletonBeanRegistry.java:346) ~[spring-beans-6.2.3.jar:6.2.3]
	at org.springframework.beans.factory.support.AbstractBeanFactory.doGetBean(AbstractBeanFactory.java:337) ~[spring-beans-6.2.3.jar:6.2.3]
	at org.springframework.beans.factory.support.AbstractBeanFactory.getBean(AbstractBeanFactory.java:202) ~[spring-beans-6.2.3.jar:6.2.3]
	at org.springframework.beans.factory.support.DefaultListableBeanFactory.doResolveDependency(DefaultListableBeanFactory.java:1606) ~[spring-beans-6.2.3.jar:6.2.3]
	at org.springframework.beans.factory.support.DefaultListableBeanFactory.resolveDependency(DefaultListableBeanFactory.java:1552) ~[spring-beans-6.2.3.jar:6.2.3]
	at org.springframework.beans.factory.annotation.AutowiredAnnotationBeanPostProcessor$AutowiredFieldElement.resolveFieldValue(AutowiredAnnotationBeanPostProcessor.java:785) ~[spring-beans-6.2.3.jar:6.2.3]
	at org.springframework.beans.factory.annotation.AutowiredAnnotationBeanPostProcessor$AutowiredFieldElement.inject(AutowiredAnnotationBeanPostProcessor.java:768) ~[spring-beans-6.2.3.jar:6.2.3]
	at org.springframework.beans.factory.annotation.InjectionMetadata.inject(InjectionMetadata.java:146) ~[spring-beans-6.2.3.jar:6.2.3]
	at org.springframework.beans.factory.annotation.AutowiredAnnotationBeanPostProcessor.postProcessProperties(AutowiredAnnotationBeanPostProcessor.java:509) ~[spring-beans-6.2.3.jar:6.2.3]
	at org.springframework.beans.factory.support.AbstractAutowireCapableBeanFactory.populateBean(AbstractAutowireCapableBeanFactory.java:1445) ~[spring-beans-6.2.3.jar:6.2.3]
	at org.springframework.beans.factory.support.AbstractAutowireCapableBeanFactory.doCreateBean(AbstractAutowireCapableBeanFactory.java:600) ~[spring-beans-6.2.3.jar:6.2.3]
	at org.springframework.beans.factory.support.AbstractAutowireCapableBeanFactory.createBean(AbstractAutowireCapableBeanFactory.java:523) ~[spring-beans-6.2.3.jar:6.2.3]
	at org.springframework.beans.factory.support.AbstractBeanFactory.lambda$doGetBean$0(AbstractBeanFactory.java:339) ~[spring-beans-6.2.3.jar:6.2.3]
	at org.springframework.beans.factory.support.DefaultSingletonBeanRegistry.getSingleton(DefaultSingletonBeanRegistry.java:346) ~[spring-beans-6.2.3.jar:6.2.3]
	at org.springframework.beans.factory.support.AbstractBeanFactory.doGetBean(AbstractBeanFactory.java:337) ~[spring-beans-6.2.3.jar:6.2.3]
	at org.springframework.beans.factory.support.AbstractBeanFactory.getBean(AbstractBeanFactory.java:202) ~[spring-beans-6.2.3.jar:6.2.3]
	at org.springframework.beans.factory.support.DefaultListableBeanFactory.instantiateSingleton(DefaultListableBeanFactory.java:1155) ~[spring-beans-6.2.3.jar:6.2.3]
	at org.springframework.beans.factory.support.DefaultListableBeanFactory.preInstantiateSingleton(DefaultListableBeanFactory.java:1121) ~[spring-beans-6.2.3.jar:6.2.3]
	at org.springframework.beans.factory.support.DefaultListableBeanFactory.preInstantiateSingletons(DefaultListableBeanFactory.java:1056) ~[spring-beans-6.2.3.jar:6.2.3]
	at org.springframework.context.support.AbstractApplicationContext.finishBeanFactoryInitialization(AbstractApplicationContext.java:987) ~[spring-context-6.2.3.jar:6.2.3]
	at org.springframework.context.support.AbstractApplicationContext.refresh(AbstractApplicationContext.java:627) ~[spring-context-6.2.3.jar:6.2.3]
	at org.springframework.boot.SpringApplication.refresh(SpringApplication.java:752) ~[spring-boot-3.4.3.jar:3.4.3]
	at org.springframework.boot.SpringApplication.refreshContext(SpringApplication.java:439) ~[spring-boot-3.4.3.jar:3.4.3]
	at org.springframework.boot.SpringApplication.run(SpringApplication.java:318) ~[spring-boot-3.4.3.jar:3.4.3]
	at org.springframework.boot.test.context.SpringBootContextLoader.lambda$loadContext$3(SpringBootContextLoader.java:137) ~[spring-boot-test-3.4.3.jar:3.4.3]
	at org.springframework.util.function.ThrowingSupplier.get(ThrowingSupplier.java:58) ~[spring-core-6.2.3.jar:6.2.3]
	at org.springframework.util.function.ThrowingSupplier.get(ThrowingSupplier.java:46) ~[spring-core-6.2.3.jar:6.2.3]
	at org.springframework.boot.SpringApplication.withHook(SpringApplication.java:1461) ~[spring-boot-3.4.3.jar:3.4.3]
	at org.springframework.boot.test.context.SpringBootContextLoader$ContextLoaderHook.run(SpringBootContextLoader.java:553) ~[spring-boot-test-3.4.3.jar:3.4.3]
	at org.springframework.boot.test.context.SpringBootContextLoader.loadContext(SpringBootContextLoader.java:137) ~[spring-boot-test-3.4.3.jar:3.4.3]
	at org.springframework.boot.test.context.SpringBootContextLoader.loadContext(SpringBootContextLoader.java:108) ~[spring-boot-test-3.4.3.jar:3.4.3]
	at org.springframework.test.context.cache.DefaultCacheAwareContextLoaderDelegate.loadContextInternal(DefaultCacheAwareContextLoaderDelegate.java:225) ~[spring-test-6.2.3.jar:6.2.3]
	at org.springframework.test.context.cache.DefaultCacheAwareContextLoaderDelegate.loadContext(DefaultCacheAwareContextLoaderDelegate.java:152) ~[spring-test-6.2.3.jar:6.2.3]
	at org.springframework.test.context.support.DefaultTestContext.getApplicationContext(DefaultTestContext.java:130) ~[spring-test-6.2.3.jar:6.2.3]
	at org.springframework.test.context.web.ServletTestExecutionListener.setUpRequestContextIfNecessary(ServletTestExecutionListener.java:200) ~[spring-test-6.2.3.jar:6.2.3]
	at org.springframework.test.context.web.ServletTestExecutionListener.prepareTestInstance(ServletTestExecutionListener.java:139) ~[spring-test-6.2.3.jar:6.2.3]
	at org.springframework.test.context.TestContextManager.prepareTestInstance(TestContextManager.java:260) ~[spring-test-6.2.3.jar:6.2.3]
	at org.springframework.test.context.junit.jupiter.SpringExtension.postProcessTestInstance(SpringExtension.java:160) ~[spring-test-6.2.3.jar:6.2.3]
	at org.junit.jupiter.engine.descriptor.ClassBasedTestDescriptor.lambda$invokeTestInstancePostProcessors$11(ClassBasedTestDescriptor.java:378) ~[junit-jupiter-engine-5.11.4.jar:5.11.4]
	at org.junit.jupiter.engine.descriptor.ClassBasedTestDescriptor.executeAndMaskThrowable(ClassBasedTestDescriptor.java:383) ~[junit-jupiter-engine-5.11.4.jar:5.11.4]
	at org.junit.jupiter.engine.descriptor.ClassBasedTestDescriptor.lambda$invokeTestInstancePostProcessors$12(ClassBasedTestDescriptor.java:378) ~[junit-jupiter-engine-5.11.4.jar:5.11.4]
	at java.base/java.util.stream.ForEachOps$ForEachOp$OfRef.accept(ForEachOps.java:183) ~[?:?]
	at java.base/java.util.stream.ReferencePipeline$3$1.accept(ReferencePipeline.java:197) ~[?:?]
	at java.base/java.util.stream.ReferencePipeline$2$1.accept(ReferencePipeline.java:179) ~[?:?]
	at java.base/java.util.stream.ReferencePipeline$3$1.accept(ReferencePipeline.java:197) ~[?:?]
	at java.base/java.util.ArrayList$ArrayListSpliterator.forEachRemaining(ArrayList.java:1625) ~[?:?]
	at java.base/java.util.stream.AbstractPipeline.copyInto(AbstractPipeline.java:509) ~[?:?]
	at java.base/java.util.stream.AbstractPipeline.wrapAndCopyInto(AbstractPipeline.java:499) ~[?:?]
	at java.base/java.util.stream.ForEachOps$ForEachOp.evaluateSequential(ForEachOps.java:150) ~[?:?]
	at java.base/java.util.stream.ForEachOps$ForEachOp$OfRef.evaluateSequential(ForEachOps.java:173) ~[?:?]
	at java.base/java.util.stream.AbstractPipeline.evaluate(AbstractPipeline.java:234) ~[?:?]
	at java.base/java.util.stream.ReferencePipeline.forEach(ReferencePipeline.java:596) ~[?:?]
	at org.junit.jupiter.engine.descriptor.ClassBasedTestDescriptor.invokeTestInstancePostProcessors(ClassBasedTestDescriptor.java:377) ~[junit-jupiter-engine-5.11.4.jar:5.11.4]
	at org.junit.jupiter.engine.descriptor.ClassBasedTestDescriptor.lambda$instantiateAndPostProcessTestInstance$7(ClassBasedTestDescriptor.java:290) ~[junit-jupiter-engine-5.11.4.jar:5.11.4]
	at org.junit.platform.engine.support.hierarchical.ThrowableCollector.execute(ThrowableCollector.java:73) ~[junit-platform-engine-1.11.4.jar:1.11.4]
	at org.junit.jupiter.engine.descriptor.ClassBasedTestDescriptor.instantiateAndPostProcessTestInstance(ClassBasedTestDescriptor.java:289) ~[junit-jupiter-engine-5.11.4.jar:5.11.4]
	at org.junit.jupiter.engine.descriptor.ClassBasedTestDescriptor.lambda$testInstancesProvider$5(ClassBasedTestDescriptor.java:279) ~[junit-jupiter-engine-5.11.4.jar:5.11.4]
	at java.base/java.util.Optional.orElseGet(Optional.java:364) ~[?:?]
	at org.junit.jupiter.engine.descriptor.ClassBasedTestDescriptor.lambda$testInstancesProvider$6(ClassBasedTestDescriptor.java:278) ~[junit-jupiter-engine-5.11.4.jar:5.11.4]
	at org.junit.jupiter.engine.execution.TestInstancesProvider.getTestInstances(TestInstancesProvider.java:31) ~[junit-jupiter-engine-5.11.4.jar:5.11.4]
	at org.junit.jupiter.engine.descriptor.TestMethodTestDescriptor.lambda$prepare$1(TestMethodTestDescriptor.java:105) ~[junit-jupiter-engine-5.11.4.jar:5.11.4]
	at org.junit.platform.engine.support.hierarchical.ThrowableCollector.execute(ThrowableCollector.java:73) ~[junit-platform-engine-1.11.4.jar:1.11.4]
	at org.junit.jupiter.engine.descriptor.TestMethodTestDescriptor.prepare(TestMethodTestDescriptor.java:104) ~[junit-jupiter-engine-5.11.4.jar:5.11.4]
	at org.junit.jupiter.engine.descriptor.TestMethodTestDescriptor.prepare(TestMethodTestDescriptor.java:68) ~[junit-jupiter-engine-5.11.4.jar:5.11.4]
	at org.junit.platform.engine.support.hierarchical.NodeTestTask.lambda$prepare$2(NodeTestTask.java:128) ~[junit-platform-engine-1.11.4.jar:1.11.4]
	at org.junit.platform.engine.support.hierarchical.ThrowableCollector.execute(ThrowableCollector.java:73) ~[junit-platform-engine-1.11.4.jar:1.11.4]
	at org.junit.platform.engine.support.hierarchical.NodeTestTask.prepare(NodeTestTask.java:128) ~[junit-platform-engine-1.11.4.jar:1.11.4]
	at org.junit.platform.engine.support.hierarchical.NodeTestTask.execute(NodeTestTask.java:95) ~[junit-platform-engine-1.11.4.jar:1.11.4]
	at java.base/java.util.ArrayList.forEach(ArrayList.java:1511) ~[?:?]
	at org.junit.platform.engine.support.hierarchical.SameThreadHierarchicalTestExecutorService.invokeAll(SameThreadHierarchicalTestExecutorService.java:41) ~[junit-platform-engine-1.11.4.jar:1.11.4]
	at org.junit.platform.engine.support.hierarchical.NodeTestTask.lambda$executeRecursively$6(NodeTestTask.java:160) ~[junit-platform-engine-1.11.4.jar:1.11.4]
	at org.junit.platform.engine.support.hierarchical.ThrowableCollector.execute(ThrowableCollector.java:73) ~[junit-platform-engine-1.11.4.jar:1.11.4]
	at org.junit.platform.engine.support.hierarchical.NodeTestTask.lambda$executeRecursively$8(NodeTestTask.java:146) ~[junit-platform-engine-1.11.4.jar:1.11.4]
	at org.junit.platform.engine.support.hierarchical.Node.around(Node.java:137) ~[junit-platform-engine-1.11.4.jar:1.11.4]
	at org.junit.platform.engine.support.hierarchical.NodeTestTask.lambda$executeRecursively$9(NodeTestTask.java:144) ~[junit-platform-engine-1.11.4.jar:1.11.4]
	at org.junit.platform.engine.support.hierarchical.ThrowableCollector.execute(ThrowableCollector.java:73) ~[junit-platform-engine-1.11.4.jar:1.11.4]
	at org.junit.platform.engine.support.hierarchical.NodeTestTask.executeRecursively(NodeTestTask.java:143) ~[junit-platform-engine-1.11.4.jar:1.11.4]
	at org.junit.platform.engine.support.hierarchical.NodeTestTask.execute(NodeTestTask.java:100) ~[junit-platform-engine-1.11.4.jar:1.11.4]
	at java.base/java.util.ArrayList.forEach(ArrayList.java:1511) ~[?:?]
	at org.junit.platform.engine.support.hierarchical.SameThreadHierarchicalTestExecutorService.invokeAll(SameThreadHierarchicalTestExecutorService.java:41) ~[junit-platform-engine-1.11.4.jar:1.11.4]
	at org.junit.platform.engine.support.hierarchical.NodeTestTask.lambda$executeRecursively$6(NodeTestTask.java:160) ~[junit-platform-engine-1.11.4.jar:1.11.4]
	at org.junit.platform.engine.support.hierarchical.ThrowableCollector.execute(ThrowableCollector.java:73) ~[junit-platform-engine-1.11.4.jar:1.11.4]
	at org.junit.platform.engine.support.hierarchical.NodeTestTask.lambda$executeRecursively$8(NodeTestTask.java:146) ~[junit-platform-engine-1.11.4.jar:1.11.4]
	at org.junit.platform.engine.support.hierarchical.Node.around(Node.java:137) ~[junit-platform-engine-1.11.4.jar:1.11.4]
	at org.junit.platform.engine.support.hierarchical.NodeTestTask.lambda$executeRecursively$9(NodeTestTask.java:144) ~[junit-platform-engine-1.11.4.jar:1.11.4]
	at org.junit.platform.engine.support.hierarchical.ThrowableCollector.execute(ThrowableCollector.java:73) ~[junit-platform-engine-1.11.4.jar:1.11.4]
	at org.junit.platform.engine.support.hierarchical.NodeTestTask.executeRecursively(NodeTestTask.java:143) ~[junit-platform-engine-1.11.4.jar:1.11.4]
	at org.junit.platform.engine.support.hierarchical.NodeTestTask.execute(NodeTestTask.java:100) ~[junit-platform-engine-1.11.4.jar:1.11.4]
	at org.junit.platform.engine.support.hierarchical.SameThreadHierarchicalTestExecutorService.submit(SameThreadHierarchicalTestExecutorService.java:35) ~[junit-platform-engine-1.11.4.jar:1.11.4]
	at org.junit.platform.engine.support.hierarchical.HierarchicalTestExecutor.execute(HierarchicalTestExecutor.java:57) ~[junit-platform-engine-1.11.4.jar:1.11.4]
	at org.junit.platform.engine.support.hierarchical.HierarchicalTestEngine.execute(HierarchicalTestEngine.java:54) ~[junit-platform-engine-1.11.4.jar:1.11.4]
	at org.junit.platform.launcher.core.EngineExecutionOrchestrator.execute(EngineExecutionOrchestrator.java:198) ~[junit-platform-launcher-1.11.4.jar:1.11.4]
	at org.junit.platform.launcher.core.EngineExecutionOrchestrator.execute(EngineExecutionOrchestrator.java:169) ~[junit-platform-launcher-1.11.4.jar:1.11.4]
	at org.junit.platform.launcher.core.EngineExecutionOrchestrator.execute(EngineExecutionOrchestrator.java:93) ~[junit-platform-launcher-1.11.4.jar:1.11.4]
	at org.junit.platform.launcher.core.EngineExecutionOrchestrator.lambda$execute$0(EngineExecutionOrchestrator.java:58) ~[junit-platform-launcher-1.11.4.jar:1.11.4]
	at org.junit.platform.launcher.core.EngineExecutionOrchestrator.withInterceptedStreams(EngineExecutionOrchestrator.java:141) [junit-platform-launcher-1.11.4.jar:1.11.4]
	at org.junit.platform.launcher.core.EngineExecutionOrchestrator.execute(EngineExecutionOrchestrator.java:57) [junit-platform-launcher-1.11.4.jar:1.11.4]
	at org.junit.platform.launcher.core.DefaultLauncher.execute(DefaultLauncher.java:103) [junit-platform-launcher-1.11.4.jar:1.11.4]
	at org.junit.platform.launcher.core.DefaultLauncher.execute(DefaultLauncher.java:85) [junit-platform-launcher-1.11.4.jar:1.11.4]
	at org.junit.platform.launcher.core.DelegatingLauncher.execute(DelegatingLauncher.java:47) [junit-platform-launcher-1.11.4.jar:1.11.4]
	at org.apache.maven.surefire.junitplatform.LazyLauncher.execute(LazyLauncher.java:56) [surefire-junit-platform-3.5.2.jar:3.5.2]
	at org.apache.maven.surefire.junitplatform.JUnitPlatformProvider.execute(JUnitPlatformProvider.java:184) [surefire-junit-platform-3.5.2.jar:3.5.2]
	at org.apache.maven.surefire.junitplatform.JUnitPlatformProvider.invokeAllTests(JUnitPlatformProvider.java:148) [surefire-junit-platform-3.5.2.jar:3.5.2]
	at org.apache.maven.surefire.junitplatform.JUnitPlatformProvider.invoke(JUnitPlatformProvider.java:122) [surefire-junit-platform-3.5.2.jar:3.5.2]
	at org.apache.maven.surefire.booter.ForkedBooter.runSuitesInProcess(ForkedBooter.java:385) [surefire-booter-3.5.2.jar:3.5.2]
	at org.apache.maven.surefire.booter.ForkedBooter.execute(ForkedBooter.java:162) [surefire-booter-3.5.2.jar:3.5.2]
	at org.apache.maven.surefire.booter.ForkedBooter.run(ForkedBooter.java:507) [surefire-booter-3.5.2.jar:3.5.2]
	at org.apache.maven.surefire.booter.ForkedBooter.main(ForkedBooter.java:495) [surefire-booter-3.5.2.jar:3.5.2]
2025-08-01 19:23:55.989 [main] DEBUG org.springframework.data.jpa.repository.query.NamedQuery - Did not find named query GymOwner.findByUserCredentials
2025-08-01 19:23:55.989 [main] DEBUG org.springframework.orm.jpa.SharedEntityManagerCreator$SharedEntityManagerInvocationHandler - Creating new EntityManager for shared EntityManager invocation
2025-08-01 19:23:55.991 [main] DEBUG org.springframework.data.repository.core.support.RepositoryFactorySupport - Finished creation of repository instance for com.example.trainup.repository.GymOwnerRepository.
2025-08-01 19:23:56.029 [main] DEBUG org.springframework.beans.factory.support.DefaultListableBeanFactory - Autowiring by type from bean name 'userPhotoService' via constructor to bean named 'athleteRepository'
2025-08-01 19:23:56.029 [main] DEBUG org.springframework.beans.factory.support.DefaultListableBeanFactory - Autowiring by type from bean name 'userPhotoService' via constructor to bean named 'trainerRepository'
2025-08-01 19:23:56.030 [main] DEBUG org.springframework.beans.factory.support.DefaultListableBeanFactory - Autowiring by type from bean name 'userPhotoService' via constructor to bean named 'gymOwnerRepository'
2025-08-01 19:23:56.030 [main] DEBUG org.springframework.beans.factory.support.DefaultListableBeanFactory - Autowiring by type from bean name 'userPhotoService' via constructor to bean named 'userCredentialsRepository'
2025-08-01 19:23:56.057 [main] DEBUG org.springframework.beans.factory.support.DefaultListableBeanFactory - Creating shared instance of singleton bean 'baseUserRepository'
2025-08-01 19:23:56.063 [main] DEBUG org.springframework.beans.factory.support.DefaultListableBeanFactory - Creating shared instance of singleton bean 'jpa.named-queries#9'
2025-08-01 19:23:56.070 [main] DEBUG org.springframework.beans.factory.support.DefaultListableBeanFactory - Creating shared instance of singleton bean 'jpa.BaseUserRepository.fragments#0'
2025-08-01 19:23:56.074 [main] DEBUG org.springframework.orm.jpa.SharedEntityManagerCreator$SharedEntityManagerInvocationHandler - Creating new EntityManager for shared EntityManager invocation
2025-08-01 19:23:56.083 [main] DEBUG org.springframework.data.repository.core.support.RepositoryFactorySupport - Initializing repository instance for com.example.trainup.repository.BaseUserRepository…
2025-08-01 19:23:56.085 [main] DEBUG org.springframework.orm.jpa.SharedEntityManagerCreator$SharedEntityManagerInvocationHandler - Creating new EntityManager for shared EntityManager invocation
2025-08-01 19:23:56.088 [main] DEBUG org.springframework.data.repository.core.support.RepositoryFactorySupport - Finished creation of repository instance for com.example.trainup.repository.BaseUserRepository.
2025-08-01 19:23:56.138 [main] DEBUG org.springframework.beans.factory.support.DefaultListableBeanFactory - Creating shared instance of singleton bean 'chatController'
2025-08-01 19:23:56.139 [main] DEBUG org.springframework.beans.factory.support.DefaultListableBeanFactory - Creating shared instance of singleton bean 'geminiChatService'
2025-08-01 19:23:56.141 [main] DEBUG org.springframework.beans.factory.support.DefaultListableBeanFactory - Creating shared instance of singleton bean 'chatSession'
2025-08-01 19:23:56.143 [main] DEBUG org.springframework.beans.factory.support.DefaultListableBeanFactory - Creating shared instance of singleton bean 'geminiClient'
2025-08-01 19:23:56.154 [main] DEBUG org.springframework.beans.factory.support.DefaultListableBeanFactory - Autowiring by type from bean name 'geminiChatService' via constructor to bean named 'org.springframework.web.context.support.GenericWebApplicationContext@3a5800c5'
2025-08-01 19:23:56.184 [main] DEBUG org.springframework.beans.factory.support.DefaultListableBeanFactory - Autowiring by type from bean name 'geminiChatService' via constructor to bean named 'chatSession'
2025-08-01 19:23:56.185 [main] DEBUG org.springframework.beans.factory.support.DefaultListableBeanFactory - Autowiring by type from bean name 'geminiChatService' via constructor to bean named 'geminiClient'
2025-08-01 19:23:56.186 [main] DEBUG org.springframework.core.env.PropertySourcesPropertyResolver - Found key 'app.system-prompt-file' in PropertySource 'environmentProperties' with value of type String
2025-08-01 19:23:56.187 [main] DEBUG org.springframework.core.env.PropertySourcesPropertyResolver - Found key 'gemini.model.name' in PropertySource 'environmentProperties' with value of type String
2025-08-01 19:23:56.200 [main] INFO  com.example.trainup.service.GeminiChatService - System prompt loaded.
2025-08-01 19:23:56.229 [main] DEBUG org.springframework.beans.factory.support.DefaultListableBeanFactory - Autowiring by type from bean name 'chatController' via constructor to bean named 'geminiChatService'
2025-08-01 19:23:56.229 [main] DEBUG org.springframework.beans.factory.support.DefaultListableBeanFactory - Autowiring by type from bean name 'chatController' via constructor to bean named 'chatSession'
2025-08-01 19:23:56.266 [main] DEBUG org.springframework.beans.factory.support.DefaultListableBeanFactory - Creating shared instance of singleton bean 'eventController'
2025-08-01 19:23:56.268 [main] DEBUG org.springframework.beans.factory.support.DefaultListableBeanFactory - Creating shared instance of singleton bean 'eventServiceImpl'
2025-08-01 19:23:56.270 [main] DEBUG org.springframework.beans.factory.support.DefaultListableBeanFactory - Creating shared instance of singleton bean 'eventMapperImpl'
2025-08-01 19:23:56.306 [main] DEBUG org.springframework.beans.factory.support.DefaultListableBeanFactory - Creating shared instance of singleton bean 'eventRepository'
2025-08-01 19:23:56.310 [main] DEBUG org.springframework.beans.factory.support.DefaultListableBeanFactory - Creating shared instance of singleton bean 'jpa.named-queries#10'
2025-08-01 19:23:56.316 [main] DEBUG org.springframework.beans.factory.support.DefaultListableBeanFactory - Creating shared instance of singleton bean 'jpa.EventRepository.fragments#0'
2025-08-01 19:23:56.319 [main] DEBUG org.springframework.orm.jpa.SharedEntityManagerCreator$SharedEntityManagerInvocationHandler - Creating new EntityManager for shared EntityManager invocation
2025-08-01 19:23:56.324 [main] DEBUG org.springframework.data.repository.core.support.RepositoryFactorySupport - Initializing repository instance for com.example.trainup.repository.EventRepository…
2025-08-01 19:23:56.325 [main] DEBUG org.springframework.orm.jpa.SharedEntityManagerCreator$SharedEntityManagerInvocationHandler - Creating new EntityManager for shared EntityManager invocation
2025-08-01 19:23:56.329 [main] DEBUG org.hibernate.resource.transaction.backend.jdbc.internal.JdbcResourceLocalTransactionCoordinatorImpl - JDBC transaction marked for rollback-only (exception provided for stack trace)
java.lang.Exception: exception just for purpose of providing stack trace
	at org.hibernate.resource.transaction.backend.jdbc.internal.JdbcResourceLocalTransactionCoordinatorImpl$TransactionDriverControlImpl.markRollbackOnly(JdbcResourceLocalTransactionCoordinatorImpl.java:309) ~[hibernate-core-6.6.8.Final.jar:6.6.8.Final]
	at org.hibernate.internal.AbstractSharedSessionContract.buildNamedQuery(AbstractSharedSessionContract.java:1141) ~[hibernate-core-6.6.8.Final.jar:6.6.8.Final]
	at org.hibernate.internal.AbstractSharedSessionContract.createNamedQuery(AbstractSharedSessionContract.java:1019) ~[hibernate-core-6.6.8.Final.jar:6.6.8.Final]
	at org.hibernate.internal.AbstractSharedSessionContract.createNamedQuery(AbstractSharedSessionContract.java:143) ~[hibernate-core-6.6.8.Final.jar:6.6.8.Final]
	at jdk.internal.reflect.GeneratedMethodAccessor95.invoke(Unknown Source) ~[?:?]
	at java.base/jdk.internal.reflect.DelegatingMethodAccessorImpl.invoke(DelegatingMethodAccessorImpl.java:43) ~[?:?]
	at java.base/java.lang.reflect.Method.invoke(Method.java:569) ~[?:?]
	at org.springframework.orm.jpa.ExtendedEntityManagerCreator$ExtendedEntityManagerInvocationHandler.invoke(ExtendedEntityManagerCreator.java:364) ~[spring-orm-6.2.3.jar:6.2.3]
	at jdk.proxy2/jdk.proxy2.$Proxy236.createNamedQuery(Unknown Source) ~[?:?]
	at org.springframework.data.jpa.repository.query.NamedQuery.hasNamedQuery(NamedQuery.java:114) ~[spring-data-jpa-3.4.3.jar:3.4.3]
	at org.springframework.data.jpa.repository.query.JpaQueryLookupStrategy$DeclaredQueryLookupStrategy.getCountQuery(JpaQueryLookupStrategy.java:208) ~[spring-data-jpa-3.4.3.jar:3.4.3]
	at org.springframework.data.jpa.repository.query.JpaQueryLookupStrategy$DeclaredQueryLookupStrategy.resolveQuery(JpaQueryLookupStrategy.java:175) ~[spring-data-jpa-3.4.3.jar:3.4.3]
	at org.springframework.data.jpa.repository.query.JpaQueryLookupStrategy$CreateIfNotFoundQueryLookupStrategy.resolveQuery(JpaQueryLookupStrategy.java:256) ~[spring-data-jpa-3.4.3.jar:3.4.3]
	at org.springframework.data.jpa.repository.query.JpaQueryLookupStrategy$AbstractQueryLookupStrategy.resolveQuery(JpaQueryLookupStrategy.java:99) ~[spring-data-jpa-3.4.3.jar:3.4.3]
	at org.springframework.data.repository.core.support.QueryExecutorMethodInterceptor.lookupQuery(QueryExecutorMethodInterceptor.java:116) ~[spring-data-commons-3.4.3.jar:3.4.3]
	at org.springframework.data.repository.core.support.QueryExecutorMethodInterceptor.mapMethodsToQuery(QueryExecutorMethodInterceptor.java:104) ~[spring-data-commons-3.4.3.jar:3.4.3]
	at org.springframework.data.repository.core.support.QueryExecutorMethodInterceptor.lambda$new$0(QueryExecutorMethodInterceptor.java:92) ~[spring-data-commons-3.4.3.jar:3.4.3]
	at java.base/java.util.Optional.map(Optional.java:260) ~[?:?]
	at org.springframework.data.repository.core.support.QueryExecutorMethodInterceptor.<init>(QueryExecutorMethodInterceptor.java:92) ~[spring-data-commons-3.4.3.jar:3.4.3]
	at org.springframework.data.repository.core.support.RepositoryFactorySupport.getRepository(RepositoryFactorySupport.java:440) ~[spring-data-commons-3.4.3.jar:3.4.3]
	at org.springframework.data.repository.core.support.RepositoryFactoryBeanSupport.lambda$afterPropertiesSet$4(RepositoryFactoryBeanSupport.java:350) ~[spring-data-commons-3.4.3.jar:3.4.3]
	at org.springframework.data.util.Lazy.getNullable(Lazy.java:135) ~[spring-data-commons-3.4.3.jar:3.4.3]
	at org.springframework.data.util.Lazy.get(Lazy.java:113) ~[spring-data-commons-3.4.3.jar:3.4.3]
	at org.springframework.data.repository.core.support.RepositoryFactoryBeanSupport.afterPropertiesSet(RepositoryFactoryBeanSupport.java:356) ~[spring-data-commons-3.4.3.jar:3.4.3]
	at org.springframework.data.jpa.repository.support.JpaRepositoryFactoryBean.afterPropertiesSet(JpaRepositoryFactoryBean.java:132) ~[spring-data-jpa-3.4.3.jar:3.4.3]
	at org.springframework.beans.factory.support.AbstractAutowireCapableBeanFactory.invokeInitMethods(AbstractAutowireCapableBeanFactory.java:1859) ~[spring-beans-6.2.3.jar:6.2.3]
	at org.springframework.beans.factory.support.AbstractAutowireCapableBeanFactory.initializeBean(AbstractAutowireCapableBeanFactory.java:1808) ~[spring-beans-6.2.3.jar:6.2.3]
	at org.springframework.beans.factory.support.AbstractAutowireCapableBeanFactory.doCreateBean(AbstractAutowireCapableBeanFactory.java:601) ~[spring-beans-6.2.3.jar:6.2.3]
	at org.springframework.beans.factory.support.AbstractAutowireCapableBeanFactory.createBean(AbstractAutowireCapableBeanFactory.java:523) ~[spring-beans-6.2.3.jar:6.2.3]
	at org.springframework.beans.factory.support.AbstractBeanFactory.lambda$doGetBean$0(AbstractBeanFactory.java:339) ~[spring-beans-6.2.3.jar:6.2.3]
	at org.springframework.beans.factory.support.DefaultSingletonBeanRegistry.getSingleton(DefaultSingletonBeanRegistry.java:346) ~[spring-beans-6.2.3.jar:6.2.3]
	at org.springframework.beans.factory.support.AbstractBeanFactory.doGetBean(AbstractBeanFactory.java:337) ~[spring-beans-6.2.3.jar:6.2.3]
	at org.springframework.beans.factory.support.AbstractBeanFactory.getBean(AbstractBeanFactory.java:202) ~[spring-beans-6.2.3.jar:6.2.3]
	at org.springframework.beans.factory.support.DefaultListableBeanFactory.doResolveDependency(DefaultListableBeanFactory.java:1606) ~[spring-beans-6.2.3.jar:6.2.3]
	at org.springframework.beans.factory.support.DefaultListableBeanFactory.resolveDependency(DefaultListableBeanFactory.java:1552) ~[spring-beans-6.2.3.jar:6.2.3]
	at org.springframework.beans.factory.support.ConstructorResolver.resolveAutowiredArgument(ConstructorResolver.java:913) ~[spring-beans-6.2.3.jar:6.2.3]
	at org.springframework.beans.factory.support.ConstructorResolver.createArgumentArray(ConstructorResolver.java:791) ~[spring-beans-6.2.3.jar:6.2.3]
	at org.springframework.beans.factory.support.ConstructorResolver.autowireConstructor(ConstructorResolver.java:240) ~[spring-beans-6.2.3.jar:6.2.3]
	at org.springframework.beans.factory.support.AbstractAutowireCapableBeanFactory.autowireConstructor(AbstractAutowireCapableBeanFactory.java:1381) ~[spring-beans-6.2.3.jar:6.2.3]
	at org.springframework.beans.factory.support.AbstractAutowireCapableBeanFactory.createBeanInstance(AbstractAutowireCapableBeanFactory.java:1218) ~[spring-beans-6.2.3.jar:6.2.3]
	at org.springframework.beans.factory.support.AbstractAutowireCapableBeanFactory.doCreateBean(AbstractAutowireCapableBeanFactory.java:563) ~[spring-beans-6.2.3.jar:6.2.3]
	at org.springframework.beans.factory.support.AbstractAutowireCapableBeanFactory.createBean(AbstractAutowireCapableBeanFactory.java:523) ~[spring-beans-6.2.3.jar:6.2.3]
	at org.springframework.beans.factory.support.AbstractBeanFactory.lambda$doGetBean$0(AbstractBeanFactory.java:339) ~[spring-beans-6.2.3.jar:6.2.3]
	at org.springframework.beans.factory.support.DefaultSingletonBeanRegistry.getSingleton(DefaultSingletonBeanRegistry.java:346) ~[spring-beans-6.2.3.jar:6.2.3]
	at org.springframework.beans.factory.support.AbstractBeanFactory.doGetBean(AbstractBeanFactory.java:337) ~[spring-beans-6.2.3.jar:6.2.3]
	at org.springframework.beans.factory.support.AbstractBeanFactory.getBean(AbstractBeanFactory.java:202) ~[spring-beans-6.2.3.jar:6.2.3]
	at org.springframework.beans.factory.config.DependencyDescriptor.resolveCandidate(DependencyDescriptor.java:254) ~[spring-beans-6.2.3.jar:6.2.3]
	at org.springframework.beans.factory.support.DefaultListableBeanFactory.doResolveDependency(DefaultListableBeanFactory.java:1664) ~[spring-beans-6.2.3.jar:6.2.3]
	at org.springframework.beans.factory.support.DefaultListableBeanFactory.resolveDependency(DefaultListableBeanFactory.java:1552) ~[spring-beans-6.2.3.jar:6.2.3]
	at org.springframework.beans.factory.support.ConstructorResolver.resolveAutowiredArgument(ConstructorResolver.java:913) ~[spring-beans-6.2.3.jar:6.2.3]
	at org.springframework.beans.factory.support.ConstructorResolver.createArgumentArray(ConstructorResolver.java:791) ~[spring-beans-6.2.3.jar:6.2.3]
	at org.springframework.beans.factory.support.ConstructorResolver.autowireConstructor(ConstructorResolver.java:240) ~[spring-beans-6.2.3.jar:6.2.3]
	at org.springframework.beans.factory.support.AbstractAutowireCapableBeanFactory.autowireConstructor(AbstractAutowireCapableBeanFactory.java:1381) ~[spring-beans-6.2.3.jar:6.2.3]
	at org.springframework.beans.factory.support.AbstractAutowireCapableBeanFactory.createBeanInstance(AbstractAutowireCapableBeanFactory.java:1218) ~[spring-beans-6.2.3.jar:6.2.3]
	at org.springframework.beans.factory.support.AbstractAutowireCapableBeanFactory.doCreateBean(AbstractAutowireCapableBeanFactory.java:563) ~[spring-beans-6.2.3.jar:6.2.3]
	at org.springframework.beans.factory.support.AbstractAutowireCapableBeanFactory.createBean(AbstractAutowireCapableBeanFactory.java:523) ~[spring-beans-6.2.3.jar:6.2.3]
	at org.springframework.beans.factory.support.AbstractBeanFactory.lambda$doGetBean$0(AbstractBeanFactory.java:339) ~[spring-beans-6.2.3.jar:6.2.3]
	at org.springframework.beans.factory.support.DefaultSingletonBeanRegistry.getSingleton(DefaultSingletonBeanRegistry.java:346) ~[spring-beans-6.2.3.jar:6.2.3]
	at org.springframework.beans.factory.support.AbstractBeanFactory.doGetBean(AbstractBeanFactory.java:337) ~[spring-beans-6.2.3.jar:6.2.3]
	at org.springframework.beans.factory.support.AbstractBeanFactory.getBean(AbstractBeanFactory.java:202) ~[spring-beans-6.2.3.jar:6.2.3]
	at org.springframework.beans.factory.support.DefaultListableBeanFactory.instantiateSingleton(DefaultListableBeanFactory.java:1155) ~[spring-beans-6.2.3.jar:6.2.3]
	at org.springframework.beans.factory.support.DefaultListableBeanFactory.preInstantiateSingleton(DefaultListableBeanFactory.java:1121) ~[spring-beans-6.2.3.jar:6.2.3]
	at org.springframework.beans.factory.support.DefaultListableBeanFactory.preInstantiateSingletons(DefaultListableBeanFactory.java:1056) ~[spring-beans-6.2.3.jar:6.2.3]
	at org.springframework.context.support.AbstractApplicationContext.finishBeanFactoryInitialization(AbstractApplicationContext.java:987) ~[spring-context-6.2.3.jar:6.2.3]
	at org.springframework.context.support.AbstractApplicationContext.refresh(AbstractApplicationContext.java:627) ~[spring-context-6.2.3.jar:6.2.3]
	at org.springframework.boot.SpringApplication.refresh(SpringApplication.java:752) ~[spring-boot-3.4.3.jar:3.4.3]
	at org.springframework.boot.SpringApplication.refreshContext(SpringApplication.java:439) ~[spring-boot-3.4.3.jar:3.4.3]
	at org.springframework.boot.SpringApplication.run(SpringApplication.java:318) ~[spring-boot-3.4.3.jar:3.4.3]
	at org.springframework.boot.test.context.SpringBootContextLoader.lambda$loadContext$3(SpringBootContextLoader.java:137) ~[spring-boot-test-3.4.3.jar:3.4.3]
	at org.springframework.util.function.ThrowingSupplier.get(ThrowingSupplier.java:58) ~[spring-core-6.2.3.jar:6.2.3]
	at org.springframework.util.function.ThrowingSupplier.get(ThrowingSupplier.java:46) ~[spring-core-6.2.3.jar:6.2.3]
	at org.springframework.boot.SpringApplication.withHook(SpringApplication.java:1461) ~[spring-boot-3.4.3.jar:3.4.3]
	at org.springframework.boot.test.context.SpringBootContextLoader$ContextLoaderHook.run(SpringBootContextLoader.java:553) ~[spring-boot-test-3.4.3.jar:3.4.3]
	at org.springframework.boot.test.context.SpringBootContextLoader.loadContext(SpringBootContextLoader.java:137) ~[spring-boot-test-3.4.3.jar:3.4.3]
	at org.springframework.boot.test.context.SpringBootContextLoader.loadContext(SpringBootContextLoader.java:108) ~[spring-boot-test-3.4.3.jar:3.4.3]
	at org.springframework.test.context.cache.DefaultCacheAwareContextLoaderDelegate.loadContextInternal(DefaultCacheAwareContextLoaderDelegate.java:225) ~[spring-test-6.2.3.jar:6.2.3]
	at org.springframework.test.context.cache.DefaultCacheAwareContextLoaderDelegate.loadContext(DefaultCacheAwareContextLoaderDelegate.java:152) ~[spring-test-6.2.3.jar:6.2.3]
	at org.springframework.test.context.support.DefaultTestContext.getApplicationContext(DefaultTestContext.java:130) ~[spring-test-6.2.3.jar:6.2.3]
	at org.springframework.test.context.web.ServletTestExecutionListener.setUpRequestContextIfNecessary(ServletTestExecutionListener.java:200) ~[spring-test-6.2.3.jar:6.2.3]
	at org.springframework.test.context.web.ServletTestExecutionListener.prepareTestInstance(ServletTestExecutionListener.java:139) ~[spring-test-6.2.3.jar:6.2.3]
	at org.springframework.test.context.TestContextManager.prepareTestInstance(TestContextManager.java:260) ~[spring-test-6.2.3.jar:6.2.3]
	at org.springframework.test.context.junit.jupiter.SpringExtension.postProcessTestInstance(SpringExtension.java:160) ~[spring-test-6.2.3.jar:6.2.3]
	at org.junit.jupiter.engine.descriptor.ClassBasedTestDescriptor.lambda$invokeTestInstancePostProcessors$11(ClassBasedTestDescriptor.java:378) ~[junit-jupiter-engine-5.11.4.jar:5.11.4]
	at org.junit.jupiter.engine.descriptor.ClassBasedTestDescriptor.executeAndMaskThrowable(ClassBasedTestDescriptor.java:383) ~[junit-jupiter-engine-5.11.4.jar:5.11.4]
	at org.junit.jupiter.engine.descriptor.ClassBasedTestDescriptor.lambda$invokeTestInstancePostProcessors$12(ClassBasedTestDescriptor.java:378) ~[junit-jupiter-engine-5.11.4.jar:5.11.4]
	at java.base/java.util.stream.ForEachOps$ForEachOp$OfRef.accept(ForEachOps.java:183) ~[?:?]
	at java.base/java.util.stream.ReferencePipeline$3$1.accept(ReferencePipeline.java:197) ~[?:?]
	at java.base/java.util.stream.ReferencePipeline$2$1.accept(ReferencePipeline.java:179) ~[?:?]
	at java.base/java.util.stream.ReferencePipeline$3$1.accept(ReferencePipeline.java:197) ~[?:?]
	at java.base/java.util.ArrayList$ArrayListSpliterator.forEachRemaining(ArrayList.java:1625) ~[?:?]
	at java.base/java.util.stream.AbstractPipeline.copyInto(AbstractPipeline.java:509) ~[?:?]
	at java.base/java.util.stream.AbstractPipeline.wrapAndCopyInto(AbstractPipeline.java:499) ~[?:?]
	at java.base/java.util.stream.ForEachOps$ForEachOp.evaluateSequential(ForEachOps.java:150) ~[?:?]
	at java.base/java.util.stream.ForEachOps$ForEachOp$OfRef.evaluateSequential(ForEachOps.java:173) ~[?:?]
	at java.base/java.util.stream.AbstractPipeline.evaluate(AbstractPipeline.java:234) ~[?:?]
	at java.base/java.util.stream.ReferencePipeline.forEach(ReferencePipeline.java:596) ~[?:?]
	at org.junit.jupiter.engine.descriptor.ClassBasedTestDescriptor.invokeTestInstancePostProcessors(ClassBasedTestDescriptor.java:377) ~[junit-jupiter-engine-5.11.4.jar:5.11.4]
	at org.junit.jupiter.engine.descriptor.ClassBasedTestDescriptor.lambda$instantiateAndPostProcessTestInstance$7(ClassBasedTestDescriptor.java:290) ~[junit-jupiter-engine-5.11.4.jar:5.11.4]
	at org.junit.platform.engine.support.hierarchical.ThrowableCollector.execute(ThrowableCollector.java:73) ~[junit-platform-engine-1.11.4.jar:1.11.4]
	at org.junit.jupiter.engine.descriptor.ClassBasedTestDescriptor.instantiateAndPostProcessTestInstance(ClassBasedTestDescriptor.java:289) ~[junit-jupiter-engine-5.11.4.jar:5.11.4]
	at org.junit.jupiter.engine.descriptor.ClassBasedTestDescriptor.lambda$testInstancesProvider$5(ClassBasedTestDescriptor.java:279) ~[junit-jupiter-engine-5.11.4.jar:5.11.4]
	at java.base/java.util.Optional.orElseGet(Optional.java:364) ~[?:?]
	at org.junit.jupiter.engine.descriptor.ClassBasedTestDescriptor.lambda$testInstancesProvider$6(ClassBasedTestDescriptor.java:278) ~[junit-jupiter-engine-5.11.4.jar:5.11.4]
	at org.junit.jupiter.engine.execution.TestInstancesProvider.getTestInstances(TestInstancesProvider.java:31) ~[junit-jupiter-engine-5.11.4.jar:5.11.4]
	at org.junit.jupiter.engine.descriptor.TestMethodTestDescriptor.lambda$prepare$1(TestMethodTestDescriptor.java:105) ~[junit-jupiter-engine-5.11.4.jar:5.11.4]
	at org.junit.platform.engine.support.hierarchical.ThrowableCollector.execute(ThrowableCollector.java:73) ~[junit-platform-engine-1.11.4.jar:1.11.4]
	at org.junit.jupiter.engine.descriptor.TestMethodTestDescriptor.prepare(TestMethodTestDescriptor.java:104) ~[junit-jupiter-engine-5.11.4.jar:5.11.4]
	at org.junit.jupiter.engine.descriptor.TestMethodTestDescriptor.prepare(TestMethodTestDescriptor.java:68) ~[junit-jupiter-engine-5.11.4.jar:5.11.4]
	at org.junit.platform.engine.support.hierarchical.NodeTestTask.lambda$prepare$2(NodeTestTask.java:128) ~[junit-platform-engine-1.11.4.jar:1.11.4]
	at org.junit.platform.engine.support.hierarchical.ThrowableCollector.execute(ThrowableCollector.java:73) ~[junit-platform-engine-1.11.4.jar:1.11.4]
	at org.junit.platform.engine.support.hierarchical.NodeTestTask.prepare(NodeTestTask.java:128) ~[junit-platform-engine-1.11.4.jar:1.11.4]
	at org.junit.platform.engine.support.hierarchical.NodeTestTask.execute(NodeTestTask.java:95) ~[junit-platform-engine-1.11.4.jar:1.11.4]
	at java.base/java.util.ArrayList.forEach(ArrayList.java:1511) ~[?:?]
	at org.junit.platform.engine.support.hierarchical.SameThreadHierarchicalTestExecutorService.invokeAll(SameThreadHierarchicalTestExecutorService.java:41) ~[junit-platform-engine-1.11.4.jar:1.11.4]
	at org.junit.platform.engine.support.hierarchical.NodeTestTask.lambda$executeRecursively$6(NodeTestTask.java:160) ~[junit-platform-engine-1.11.4.jar:1.11.4]
	at org.junit.platform.engine.support.hierarchical.ThrowableCollector.execute(ThrowableCollector.java:73) ~[junit-platform-engine-1.11.4.jar:1.11.4]
	at org.junit.platform.engine.support.hierarchical.NodeTestTask.lambda$executeRecursively$8(NodeTestTask.java:146) ~[junit-platform-engine-1.11.4.jar:1.11.4]
	at org.junit.platform.engine.support.hierarchical.Node.around(Node.java:137) ~[junit-platform-engine-1.11.4.jar:1.11.4]
	at org.junit.platform.engine.support.hierarchical.NodeTestTask.lambda$executeRecursively$9(NodeTestTask.java:144) ~[junit-platform-engine-1.11.4.jar:1.11.4]
	at org.junit.platform.engine.support.hierarchical.ThrowableCollector.execute(ThrowableCollector.java:73) ~[junit-platform-engine-1.11.4.jar:1.11.4]
	at org.junit.platform.engine.support.hierarchical.NodeTestTask.executeRecursively(NodeTestTask.java:143) ~[junit-platform-engine-1.11.4.jar:1.11.4]
	at org.junit.platform.engine.support.hierarchical.NodeTestTask.execute(NodeTestTask.java:100) ~[junit-platform-engine-1.11.4.jar:1.11.4]
	at java.base/java.util.ArrayList.forEach(ArrayList.java:1511) ~[?:?]
	at org.junit.platform.engine.support.hierarchical.SameThreadHierarchicalTestExecutorService.invokeAll(SameThreadHierarchicalTestExecutorService.java:41) ~[junit-platform-engine-1.11.4.jar:1.11.4]
	at org.junit.platform.engine.support.hierarchical.NodeTestTask.lambda$executeRecursively$6(NodeTestTask.java:160) ~[junit-platform-engine-1.11.4.jar:1.11.4]
	at org.junit.platform.engine.support.hierarchical.ThrowableCollector.execute(ThrowableCollector.java:73) ~[junit-platform-engine-1.11.4.jar:1.11.4]
	at org.junit.platform.engine.support.hierarchical.NodeTestTask.lambda$executeRecursively$8(NodeTestTask.java:146) ~[junit-platform-engine-1.11.4.jar:1.11.4]
	at org.junit.platform.engine.support.hierarchical.Node.around(Node.java:137) ~[junit-platform-engine-1.11.4.jar:1.11.4]
	at org.junit.platform.engine.support.hierarchical.NodeTestTask.lambda$executeRecursively$9(NodeTestTask.java:144) ~[junit-platform-engine-1.11.4.jar:1.11.4]
	at org.junit.platform.engine.support.hierarchical.ThrowableCollector.execute(ThrowableCollector.java:73) ~[junit-platform-engine-1.11.4.jar:1.11.4]
	at org.junit.platform.engine.support.hierarchical.NodeTestTask.executeRecursively(NodeTestTask.java:143) ~[junit-platform-engine-1.11.4.jar:1.11.4]
	at org.junit.platform.engine.support.hierarchical.NodeTestTask.execute(NodeTestTask.java:100) ~[junit-platform-engine-1.11.4.jar:1.11.4]
	at org.junit.platform.engine.support.hierarchical.SameThreadHierarchicalTestExecutorService.submit(SameThreadHierarchicalTestExecutorService.java:35) ~[junit-platform-engine-1.11.4.jar:1.11.4]
	at org.junit.platform.engine.support.hierarchical.HierarchicalTestExecutor.execute(HierarchicalTestExecutor.java:57) ~[junit-platform-engine-1.11.4.jar:1.11.4]
	at org.junit.platform.engine.support.hierarchical.HierarchicalTestEngine.execute(HierarchicalTestEngine.java:54) ~[junit-platform-engine-1.11.4.jar:1.11.4]
	at org.junit.platform.launcher.core.EngineExecutionOrchestrator.execute(EngineExecutionOrchestrator.java:198) ~[junit-platform-launcher-1.11.4.jar:1.11.4]
	at org.junit.platform.launcher.core.EngineExecutionOrchestrator.execute(EngineExecutionOrchestrator.java:169) ~[junit-platform-launcher-1.11.4.jar:1.11.4]
	at org.junit.platform.launcher.core.EngineExecutionOrchestrator.execute(EngineExecutionOrchestrator.java:93) ~[junit-platform-launcher-1.11.4.jar:1.11.4]
	at org.junit.platform.launcher.core.EngineExecutionOrchestrator.lambda$execute$0(EngineExecutionOrchestrator.java:58) ~[junit-platform-launcher-1.11.4.jar:1.11.4]
	at org.junit.platform.launcher.core.EngineExecutionOrchestrator.withInterceptedStreams(EngineExecutionOrchestrator.java:141) [junit-platform-launcher-1.11.4.jar:1.11.4]
	at org.junit.platform.launcher.core.EngineExecutionOrchestrator.execute(EngineExecutionOrchestrator.java:57) [junit-platform-launcher-1.11.4.jar:1.11.4]
	at org.junit.platform.launcher.core.DefaultLauncher.execute(DefaultLauncher.java:103) [junit-platform-launcher-1.11.4.jar:1.11.4]
	at org.junit.platform.launcher.core.DefaultLauncher.execute(DefaultLauncher.java:85) [junit-platform-launcher-1.11.4.jar:1.11.4]
	at org.junit.platform.launcher.core.DelegatingLauncher.execute(DelegatingLauncher.java:47) [junit-platform-launcher-1.11.4.jar:1.11.4]
	at org.apache.maven.surefire.junitplatform.LazyLauncher.execute(LazyLauncher.java:56) [surefire-junit-platform-3.5.2.jar:3.5.2]
	at org.apache.maven.surefire.junitplatform.JUnitPlatformProvider.execute(JUnitPlatformProvider.java:184) [surefire-junit-platform-3.5.2.jar:3.5.2]
	at org.apache.maven.surefire.junitplatform.JUnitPlatformProvider.invokeAllTests(JUnitPlatformProvider.java:148) [surefire-junit-platform-3.5.2.jar:3.5.2]
	at org.apache.maven.surefire.junitplatform.JUnitPlatformProvider.invoke(JUnitPlatformProvider.java:122) [surefire-junit-platform-3.5.2.jar:3.5.2]
	at org.apache.maven.surefire.booter.ForkedBooter.runSuitesInProcess(ForkedBooter.java:385) [surefire-booter-3.5.2.jar:3.5.2]
	at org.apache.maven.surefire.booter.ForkedBooter.execute(ForkedBooter.java:162) [surefire-booter-3.5.2.jar:3.5.2]
	at org.apache.maven.surefire.booter.ForkedBooter.run(ForkedBooter.java:507) [surefire-booter-3.5.2.jar:3.5.2]
	at org.apache.maven.surefire.booter.ForkedBooter.main(ForkedBooter.java:495) [surefire-booter-3.5.2.jar:3.5.2]
2025-08-01 19:23:56.332 [main] DEBUG org.springframework.data.jpa.repository.query.NamedQuery - Did not find named query Event.findEventsByCriteria.count
2025-08-01 19:23:56.333 [main] DEBUG org.springframework.orm.jpa.SharedEntityManagerCreator$SharedEntityManagerInvocationHandler - Creating new EntityManager for shared EntityManager invocation
2025-08-01 19:23:56.335 [main] DEBUG org.hibernate.orm.query.hql - HQL : SELECT DISTINCT e FROM Event e LEFT JOIN e.sport s LEFT JOIN e.gym g LEFT JOIN e.trainer t WHERE (:id IS NULL OR e.id = :id) AND (:name IS NULL OR (CAST(e.name AS string) LIKE CONCAT('%', CAST(:name AS string), '%'))) AND (:sportId IS NULL OR s.id = :sportId) AND ((CAST(:startOfDay AS timestamp) IS NULL AND CAST(:endOfDay AS timestamp) IS NULL) OR (e.dateTime >= :startOfDay AND e.dateTime < :endOfDay)) AND (:gymId IS NULL OR g.id = :gymId) AND (:trainerId IS NULL OR t.id = :trainerId)
2025-08-01 19:23:56.336 [main] DEBUG org.hibernate.orm.query.hql.reservedWordAsIdentifier - Encountered use of reserved word as identifier : IS
2025-08-01 19:23:56.337 [main] DEBUG org.hibernate.orm.query.hql.reservedWordAsIdentifier - Encountered use of reserved word as identifier : =
2025-08-01 19:23:56.337 [main] DEBUG org.hibernate.orm.query.hql.reservedWordAsIdentifier - Encountered use of reserved word as identifier : )
2025-08-01 19:23:56.338 [main] DEBUG org.hibernate.orm.query.hql.reservedWordAsIdentifier - Encountered use of reserved word as identifier : =
2025-08-01 19:23:56.338 [main] DEBUG org.hibernate.orm.query.hql.reservedWordAsIdentifier - Encountered use of reserved word as identifier : )
2025-08-01 19:23:56.339 [main] DEBUG org.hibernate.orm.query.hql.reservedWordAsIdentifier - Encountered use of reserved word as identifier : )
2025-08-01 19:23:56.339 [main] DEBUG org.hibernate.orm.query.hql.reservedWordAsIdentifier - Encountered use of reserved word as identifier : >=
2025-08-01 19:23:56.339 [main] DEBUG org.hibernate.orm.query.hql.reservedWordAsIdentifier - Encountered use of reserved word as identifier : <
2025-08-01 19:23:56.339 [main] DEBUG org.hibernate.orm.query.hql.reservedWordAsIdentifier - Encountered use of reserved word as identifier : =
2025-08-01 19:23:56.340 [main] DEBUG org.hibernate.orm.query.hql.reservedWordAsIdentifier - Encountered use of reserved word as identifier : =
2025-08-01 19:23:56.341 [main] DEBUG org.hibernate.orm.query.sqm.creation - Applying inferable type to SqmExpression [SqmNamedParameter(id)] : null -> SqmBasicValuedSimplePath(com.example.trainup.model.Event(e).id)
2025-08-01 19:23:56.341 [main] DEBUG org.hibernate.orm.query.sqm.creation - Applying inferable type to SqmExpression [SqmNamedParameter(sportId)] : null -> SqmBasicValuedSimplePath(com.example.trainup.model.Event(e).sport(s).id)
2025-08-01 19:23:56.342 [main] DEBUG org.hibernate.orm.query.sqm.creation - Applying inferable type to SqmExpression [SqmNamedParameter(startOfDay)] : null -> SqmBasicValuedSimplePath(com.example.trainup.model.Event(e).dateTime)
2025-08-01 19:23:56.342 [main] DEBUG org.hibernate.orm.query.sqm.creation - Applying inferable type to SqmExpression [SqmNamedParameter(endOfDay)] : null -> SqmBasicValuedSimplePath(com.example.trainup.model.Event(e).dateTime)
2025-08-01 19:23:56.343 [main] DEBUG org.hibernate.orm.query.sqm.creation - Applying inferable type to SqmExpression [SqmNamedParameter(gymId)] : null -> SqmBasicValuedSimplePath(com.example.trainup.model.Event(e).gym(g).id)
2025-08-01 19:23:56.343 [main] DEBUG org.hibernate.orm.query.sqm.creation - Applying inferable type to SqmExpression [SqmNamedParameter(trainerId)] : null -> SqmBasicValuedSimplePath(com.example.trainup.model.Event(e).trainer(t).id)
2025-08-01 19:23:56.344 [main] DEBUG org.hibernate.orm.query.sqm.ast - SqmStatement Tree :
    -> [select]
      -> [query-spec]
        -> [select(distinct)]
          -> [selection]
            -> [root] - `com.example.trainup.model.Event(e)`
              -> [joins]
                -> [attribute] - `com.example.trainup.model.Event(e).sport(s)`
                    [fetched = false]
                <- [attribute] - `com.example.trainup.model.Event(e).sport(s)`
                -> [attribute] - `com.example.trainup.model.Event(e).gym(g)`
                    [fetched = false]
                <- [attribute] - `com.example.trainup.model.Event(e).gym(g)`
                -> [attribute] - `com.example.trainup.model.Event(e).trainer(t)`
                    [fetched = false]
                <- [attribute] - `com.example.trainup.model.Event(e).trainer(t)`
              <- [joins]
            <- [root] - `com.example.trainup.model.Event(e)`
          <- [selection]
        <- [select(distinct)]
        -> [from]
          -> [root] - `com.example.trainup.model.Event(e)`
            -> [joins]
              -> [attribute] - `com.example.trainup.model.Event(e).sport(s)`
                  [fetched = false]
              <- [attribute] - `com.example.trainup.model.Event(e).sport(s)`
              -> [attribute] - `com.example.trainup.model.Event(e).gym(g)`
                  [fetched = false]
              <- [attribute] - `com.example.trainup.model.Event(e).gym(g)`
              -> [attribute] - `com.example.trainup.model.Event(e).trainer(t)`
                  [fetched = false]
              <- [attribute] - `com.example.trainup.model.Event(e).trainer(t)`
            <- [joins]
          <- [root] - `com.example.trainup.model.Event(e)`
        <- [from]
        -> [where]
          -> [and]
            -> [grouped]
                -> [or]
                  -> [is-null]
                      :id
                  <- [is-null]
                  -> [EQUAL]
                      -> [basic-path] - `com.example.trainup.model.Event(e).id`
                      :id
                  <- [EQUAL]
                <- [or]
            <- [grouped]
            -> [grouped]
                -> [or]
                  -> [is-null]
                      :name
                  <- [is-null]
                  -> [grouped]
                      -> [is-like]
                      <- [is-like]
                  <- [grouped]
                <- [or]
            <- [grouped]
            -> [grouped]
                -> [or]
                  -> [is-null]
                      :sportId
                  <- [is-null]
                  -> [EQUAL]
                      -> [basic-path] - `com.example.trainup.model.Event(e).sport(s).id`
                      :sportId
                  <- [EQUAL]
                <- [or]
            <- [grouped]
            -> [grouped]
                -> [or]
                  -> [grouped]
                      -> [and]
                        -> [is-null]
                        <- [is-null]
                        -> [is-null]
                        <- [is-null]
                      <- [and]
                  <- [grouped]
                  -> [grouped]
                      -> [and]
                        -> [GREATER_THAN_OR_EQUAL]
                            -> [basic-path] - `com.example.trainup.model.Event(e).dateTime`
                            :startOfDay
                        <- [GREATER_THAN_OR_EQUAL]
                        -> [LESS_THAN]
                            -> [basic-path] - `com.example.trainup.model.Event(e).dateTime`
                            :endOfDay
                        <- [LESS_THAN]
                      <- [and]
                  <- [grouped]
                <- [or]
            <- [grouped]
            -> [grouped]
                -> [or]
                  -> [is-null]
                      :gymId
                  <- [is-null]
                  -> [EQUAL]
                      -> [basic-path] - `com.example.trainup.model.Event(e).gym(g).id`
                      :gymId
                  <- [EQUAL]
                <- [or]
            <- [grouped]
            -> [grouped]
                -> [or]
                  -> [is-null]
                      :trainerId
                  <- [is-null]
                  -> [EQUAL]
                      -> [basic-path] - `com.example.trainup.model.Event(e).trainer(t).id`
                      :trainerId
                  <- [EQUAL]
                <- [or]
            <- [grouped]
          <- [and]
        <- [where]
      <- [query-spec]
    <- [select]

2025-08-01 19:23:56.348 [main] DEBUG org.hibernate.orm.query.hql - HQL : SELECT count(DISTINCT e) FROM Event e LEFT JOIN e.sport s LEFT JOIN e.gym g LEFT JOIN e.trainer t WHERE (:id IS NULL OR e.id = :id) AND (:name IS NULL OR (CAST(e.name AS string) LIKE CONCAT('%', CAST(:name AS string), '%'))) AND (:sportId IS NULL OR s.id = :sportId) AND ((CAST(:startOfDay AS timestamp) IS NULL AND CAST(:endOfDay AS timestamp) IS NULL) OR (e.dateTime >= :startOfDay AND e.dateTime < :endOfDay)) AND (:gymId IS NULL OR g.id = :gymId) AND (:trainerId IS NULL OR t.id = :trainerId)
2025-08-01 19:23:56.349 [main] DEBUG org.hibernate.orm.query.hql.reservedWordAsIdentifier - Encountered use of reserved word as identifier : (
2025-08-01 19:23:56.349 [main] DEBUG org.hibernate.orm.query.hql.reservedWordAsIdentifier - Encountered use of reserved word as identifier : IS
2025-08-01 19:23:56.350 [main] DEBUG org.hibernate.orm.query.hql.reservedWordAsIdentifier - Encountered use of reserved word as identifier : =
2025-08-01 19:23:56.350 [main] DEBUG org.hibernate.orm.query.hql.reservedWordAsIdentifier - Encountered use of reserved word as identifier : )
2025-08-01 19:23:56.351 [main] DEBUG org.hibernate.orm.query.hql.reservedWordAsIdentifier - Encountered use of reserved word as identifier : =
2025-08-01 19:23:56.352 [main] DEBUG org.hibernate.orm.query.hql.reservedWordAsIdentifier - Encountered use of reserved word as identifier : )
2025-08-01 19:23:56.352 [main] DEBUG org.hibernate.orm.query.hql.reservedWordAsIdentifier - Encountered use of reserved word as identifier : )
2025-08-01 19:23:56.353 [main] DEBUG org.hibernate.orm.query.hql.reservedWordAsIdentifier - Encountered use of reserved word as identifier : >=
2025-08-01 19:23:56.353 [main] DEBUG org.hibernate.orm.query.hql.reservedWordAsIdentifier - Encountered use of reserved word as identifier : <
2025-08-01 19:23:56.354 [main] DEBUG org.hibernate.orm.query.hql.reservedWordAsIdentifier - Encountered use of reserved word as identifier : =
2025-08-01 19:23:56.354 [main] DEBUG org.hibernate.orm.query.hql.reservedWordAsIdentifier - Encountered use of reserved word as identifier : =
2025-08-01 19:23:56.355 [main] DEBUG org.hibernate.orm.query.sqm.creation - Applying inferable type to SqmExpression [SqmNamedParameter(id)] : null -> SqmBasicValuedSimplePath(com.example.trainup.model.Event(e).id)
2025-08-01 19:23:56.356 [main] DEBUG org.hibernate.orm.query.sqm.creation - Applying inferable type to SqmExpression [SqmNamedParameter(sportId)] : null -> SqmBasicValuedSimplePath(com.example.trainup.model.Event(e).sport(s).id)
2025-08-01 19:23:56.357 [main] DEBUG org.hibernate.orm.query.sqm.creation - Applying inferable type to SqmExpression [SqmNamedParameter(startOfDay)] : null -> SqmBasicValuedSimplePath(com.example.trainup.model.Event(e).dateTime)
2025-08-01 19:23:56.358 [main] DEBUG org.hibernate.orm.query.sqm.creation - Applying inferable type to SqmExpression [SqmNamedParameter(endOfDay)] : null -> SqmBasicValuedSimplePath(com.example.trainup.model.Event(e).dateTime)
2025-08-01 19:23:56.358 [main] DEBUG org.hibernate.orm.query.sqm.creation - Applying inferable type to SqmExpression [SqmNamedParameter(gymId)] : null -> SqmBasicValuedSimplePath(com.example.trainup.model.Event(e).gym(g).id)
2025-08-01 19:23:56.359 [main] DEBUG org.hibernate.orm.query.sqm.creation - Applying inferable type to SqmExpression [SqmNamedParameter(trainerId)] : null -> SqmBasicValuedSimplePath(com.example.trainup.model.Event(e).trainer(t).id)
2025-08-01 19:23:56.360 [main] DEBUG org.hibernate.orm.query.sqm.ast - SqmStatement Tree :
    -> [select]
      -> [query-spec]
        -> [select]
          -> [selection]
          <- [selection]
        <- [select]
        -> [from]
          -> [root] - `com.example.trainup.model.Event(e)`
            -> [joins]
              -> [attribute] - `com.example.trainup.model.Event(e).sport(s)`
                  [fetched = false]
              <- [attribute] - `com.example.trainup.model.Event(e).sport(s)`
              -> [attribute] - `com.example.trainup.model.Event(e).gym(g)`
                  [fetched = false]
              <- [attribute] - `com.example.trainup.model.Event(e).gym(g)`
              -> [attribute] - `com.example.trainup.model.Event(e).trainer(t)`
                  [fetched = false]
              <- [attribute] - `com.example.trainup.model.Event(e).trainer(t)`
            <- [joins]
          <- [root] - `com.example.trainup.model.Event(e)`
        <- [from]
        -> [where]
          -> [and]
            -> [grouped]
                -> [or]
                  -> [is-null]
                      :id
                  <- [is-null]
                  -> [EQUAL]
                      -> [basic-path] - `com.example.trainup.model.Event(e).id`
                      :id
                  <- [EQUAL]
                <- [or]
            <- [grouped]
            -> [grouped]
                -> [or]
                  -> [is-null]
                      :name
                  <- [is-null]
                  -> [grouped]
                      -> [is-like]
                      <- [is-like]
                  <- [grouped]
                <- [or]
            <- [grouped]
            -> [grouped]
                -> [or]
                  -> [is-null]
                      :sportId
                  <- [is-null]
                  -> [EQUAL]
                      -> [basic-path] - `com.example.trainup.model.Event(e).sport(s).id`
                      :sportId
                  <- [EQUAL]
                <- [or]
            <- [grouped]
            -> [grouped]
                -> [or]
                  -> [grouped]
                      -> [and]
                        -> [is-null]
                        <- [is-null]
                        -> [is-null]
                        <- [is-null]
                      <- [and]
                  <- [grouped]
                  -> [grouped]
                      -> [and]
                        -> [GREATER_THAN_OR_EQUAL]
                            -> [basic-path] - `com.example.trainup.model.Event(e).dateTime`
                            :startOfDay
                        <- [GREATER_THAN_OR_EQUAL]
                        -> [LESS_THAN]
                            -> [basic-path] - `com.example.trainup.model.Event(e).dateTime`
                            :endOfDay
                        <- [LESS_THAN]
                      <- [and]
                  <- [grouped]
                <- [or]
            <- [grouped]
            -> [grouped]
                -> [or]
                  -> [is-null]
                      :gymId
                  <- [is-null]
                  -> [EQUAL]
                      -> [basic-path] - `com.example.trainup.model.Event(e).gym(g).id`
                      :gymId
                  <- [EQUAL]
                <- [or]
            <- [grouped]
            -> [grouped]
                -> [or]
                  -> [is-null]
                      :trainerId
                  <- [is-null]
                  -> [EQUAL]
                      -> [basic-path] - `com.example.trainup.model.Event(e).trainer(t).id`
                      :trainerId
                  <- [EQUAL]
                <- [or]
            <- [grouped]
          <- [and]
        <- [where]
      <- [query-spec]
    <- [select]

2025-08-01 19:23:56.362 [main] DEBUG org.hibernate.resource.transaction.backend.jdbc.internal.JdbcResourceLocalTransactionCoordinatorImpl - JDBC transaction marked for rollback-only (exception provided for stack trace)
java.lang.Exception: exception just for purpose of providing stack trace
	at org.hibernate.resource.transaction.backend.jdbc.internal.JdbcResourceLocalTransactionCoordinatorImpl$TransactionDriverControlImpl.markRollbackOnly(JdbcResourceLocalTransactionCoordinatorImpl.java:309) ~[hibernate-core-6.6.8.Final.jar:6.6.8.Final]
	at org.hibernate.internal.AbstractSharedSessionContract.buildNamedQuery(AbstractSharedSessionContract.java:1141) ~[hibernate-core-6.6.8.Final.jar:6.6.8.Final]
	at org.hibernate.internal.AbstractSharedSessionContract.createNamedQuery(AbstractSharedSessionContract.java:1019) ~[hibernate-core-6.6.8.Final.jar:6.6.8.Final]
	at org.hibernate.internal.AbstractSharedSessionContract.createNamedQuery(AbstractSharedSessionContract.java:143) ~[hibernate-core-6.6.8.Final.jar:6.6.8.Final]
	at jdk.internal.reflect.GeneratedMethodAccessor95.invoke(Unknown Source) ~[?:?]
	at java.base/jdk.internal.reflect.DelegatingMethodAccessorImpl.invoke(DelegatingMethodAccessorImpl.java:43) ~[?:?]
	at java.base/java.lang.reflect.Method.invoke(Method.java:569) ~[?:?]
	at org.springframework.orm.jpa.ExtendedEntityManagerCreator$ExtendedEntityManagerInvocationHandler.invoke(ExtendedEntityManagerCreator.java:364) ~[spring-orm-6.2.3.jar:6.2.3]
	at jdk.proxy2/jdk.proxy2.$Proxy236.createNamedQuery(Unknown Source) ~[?:?]
	at org.springframework.data.jpa.repository.query.NamedQuery.hasNamedQuery(NamedQuery.java:114) ~[spring-data-jpa-3.4.3.jar:3.4.3]
	at org.springframework.data.jpa.repository.query.JpaQueryLookupStrategy$DeclaredQueryLookupStrategy.getCountQuery(JpaQueryLookupStrategy.java:208) ~[spring-data-jpa-3.4.3.jar:3.4.3]
	at org.springframework.data.jpa.repository.query.JpaQueryLookupStrategy$DeclaredQueryLookupStrategy.resolveQuery(JpaQueryLookupStrategy.java:175) ~[spring-data-jpa-3.4.3.jar:3.4.3]
	at org.springframework.data.jpa.repository.query.JpaQueryLookupStrategy$CreateIfNotFoundQueryLookupStrategy.resolveQuery(JpaQueryLookupStrategy.java:256) ~[spring-data-jpa-3.4.3.jar:3.4.3]
	at org.springframework.data.jpa.repository.query.JpaQueryLookupStrategy$AbstractQueryLookupStrategy.resolveQuery(JpaQueryLookupStrategy.java:99) ~[spring-data-jpa-3.4.3.jar:3.4.3]
	at org.springframework.data.repository.core.support.QueryExecutorMethodInterceptor.lookupQuery(QueryExecutorMethodInterceptor.java:116) ~[spring-data-commons-3.4.3.jar:3.4.3]
	at org.springframework.data.repository.core.support.QueryExecutorMethodInterceptor.mapMethodsToQuery(QueryExecutorMethodInterceptor.java:104) ~[spring-data-commons-3.4.3.jar:3.4.3]
	at org.springframework.data.repository.core.support.QueryExecutorMethodInterceptor.lambda$new$0(QueryExecutorMethodInterceptor.java:92) ~[spring-data-commons-3.4.3.jar:3.4.3]
	at java.base/java.util.Optional.map(Optional.java:260) ~[?:?]
	at org.springframework.data.repository.core.support.QueryExecutorMethodInterceptor.<init>(QueryExecutorMethodInterceptor.java:92) ~[spring-data-commons-3.4.3.jar:3.4.3]
	at org.springframework.data.repository.core.support.RepositoryFactorySupport.getRepository(RepositoryFactorySupport.java:440) ~[spring-data-commons-3.4.3.jar:3.4.3]
	at org.springframework.data.repository.core.support.RepositoryFactoryBeanSupport.lambda$afterPropertiesSet$4(RepositoryFactoryBeanSupport.java:350) ~[spring-data-commons-3.4.3.jar:3.4.3]
	at org.springframework.data.util.Lazy.getNullable(Lazy.java:135) ~[spring-data-commons-3.4.3.jar:3.4.3]
	at org.springframework.data.util.Lazy.get(Lazy.java:113) ~[spring-data-commons-3.4.3.jar:3.4.3]
	at org.springframework.data.repository.core.support.RepositoryFactoryBeanSupport.afterPropertiesSet(RepositoryFactoryBeanSupport.java:356) ~[spring-data-commons-3.4.3.jar:3.4.3]
	at org.springframework.data.jpa.repository.support.JpaRepositoryFactoryBean.afterPropertiesSet(JpaRepositoryFactoryBean.java:132) ~[spring-data-jpa-3.4.3.jar:3.4.3]
	at org.springframework.beans.factory.support.AbstractAutowireCapableBeanFactory.invokeInitMethods(AbstractAutowireCapableBeanFactory.java:1859) ~[spring-beans-6.2.3.jar:6.2.3]
	at org.springframework.beans.factory.support.AbstractAutowireCapableBeanFactory.initializeBean(AbstractAutowireCapableBeanFactory.java:1808) ~[spring-beans-6.2.3.jar:6.2.3]
	at org.springframework.beans.factory.support.AbstractAutowireCapableBeanFactory.doCreateBean(AbstractAutowireCapableBeanFactory.java:601) ~[spring-beans-6.2.3.jar:6.2.3]
	at org.springframework.beans.factory.support.AbstractAutowireCapableBeanFactory.createBean(AbstractAutowireCapableBeanFactory.java:523) ~[spring-beans-6.2.3.jar:6.2.3]
	at org.springframework.beans.factory.support.AbstractBeanFactory.lambda$doGetBean$0(AbstractBeanFactory.java:339) ~[spring-beans-6.2.3.jar:6.2.3]
	at org.springframework.beans.factory.support.DefaultSingletonBeanRegistry.getSingleton(DefaultSingletonBeanRegistry.java:346) ~[spring-beans-6.2.3.jar:6.2.3]
	at org.springframework.beans.factory.support.AbstractBeanFactory.doGetBean(AbstractBeanFactory.java:337) ~[spring-beans-6.2.3.jar:6.2.3]
	at org.springframework.beans.factory.support.AbstractBeanFactory.getBean(AbstractBeanFactory.java:202) ~[spring-beans-6.2.3.jar:6.2.3]
	at org.springframework.beans.factory.support.DefaultListableBeanFactory.doResolveDependency(DefaultListableBeanFactory.java:1606) ~[spring-beans-6.2.3.jar:6.2.3]
	at org.springframework.beans.factory.support.DefaultListableBeanFactory.resolveDependency(DefaultListableBeanFactory.java:1552) ~[spring-beans-6.2.3.jar:6.2.3]
	at org.springframework.beans.factory.support.ConstructorResolver.resolveAutowiredArgument(ConstructorResolver.java:913) ~[spring-beans-6.2.3.jar:6.2.3]
	at org.springframework.beans.factory.support.ConstructorResolver.createArgumentArray(ConstructorResolver.java:791) ~[spring-beans-6.2.3.jar:6.2.3]
	at org.springframework.beans.factory.support.ConstructorResolver.autowireConstructor(ConstructorResolver.java:240) ~[spring-beans-6.2.3.jar:6.2.3]
	at org.springframework.beans.factory.support.AbstractAutowireCapableBeanFactory.autowireConstructor(AbstractAutowireCapableBeanFactory.java:1381) ~[spring-beans-6.2.3.jar:6.2.3]
	at org.springframework.beans.factory.support.AbstractAutowireCapableBeanFactory.createBeanInstance(AbstractAutowireCapableBeanFactory.java:1218) ~[spring-beans-6.2.3.jar:6.2.3]
	at org.springframework.beans.factory.support.AbstractAutowireCapableBeanFactory.doCreateBean(AbstractAutowireCapableBeanFactory.java:563) ~[spring-beans-6.2.3.jar:6.2.3]
	at org.springframework.beans.factory.support.AbstractAutowireCapableBeanFactory.createBean(AbstractAutowireCapableBeanFactory.java:523) ~[spring-beans-6.2.3.jar:6.2.3]
	at org.springframework.beans.factory.support.AbstractBeanFactory.lambda$doGetBean$0(AbstractBeanFactory.java:339) ~[spring-beans-6.2.3.jar:6.2.3]
	at org.springframework.beans.factory.support.DefaultSingletonBeanRegistry.getSingleton(DefaultSingletonBeanRegistry.java:346) ~[spring-beans-6.2.3.jar:6.2.3]
	at org.springframework.beans.factory.support.AbstractBeanFactory.doGetBean(AbstractBeanFactory.java:337) ~[spring-beans-6.2.3.jar:6.2.3]
	at org.springframework.beans.factory.support.AbstractBeanFactory.getBean(AbstractBeanFactory.java:202) ~[spring-beans-6.2.3.jar:6.2.3]
	at org.springframework.beans.factory.config.DependencyDescriptor.resolveCandidate(DependencyDescriptor.java:254) ~[spring-beans-6.2.3.jar:6.2.3]
	at org.springframework.beans.factory.support.DefaultListableBeanFactory.doResolveDependency(DefaultListableBeanFactory.java:1664) ~[spring-beans-6.2.3.jar:6.2.3]
	at org.springframework.beans.factory.support.DefaultListableBeanFactory.resolveDependency(DefaultListableBeanFactory.java:1552) ~[spring-beans-6.2.3.jar:6.2.3]
	at org.springframework.beans.factory.support.ConstructorResolver.resolveAutowiredArgument(ConstructorResolver.java:913) ~[spring-beans-6.2.3.jar:6.2.3]
	at org.springframework.beans.factory.support.ConstructorResolver.createArgumentArray(ConstructorResolver.java:791) ~[spring-beans-6.2.3.jar:6.2.3]
	at org.springframework.beans.factory.support.ConstructorResolver.autowireConstructor(ConstructorResolver.java:240) ~[spring-beans-6.2.3.jar:6.2.3]
	at org.springframework.beans.factory.support.AbstractAutowireCapableBeanFactory.autowireConstructor(AbstractAutowireCapableBeanFactory.java:1381) ~[spring-beans-6.2.3.jar:6.2.3]
	at org.springframework.beans.factory.support.AbstractAutowireCapableBeanFactory.createBeanInstance(AbstractAutowireCapableBeanFactory.java:1218) ~[spring-beans-6.2.3.jar:6.2.3]
	at org.springframework.beans.factory.support.AbstractAutowireCapableBeanFactory.doCreateBean(AbstractAutowireCapableBeanFactory.java:563) ~[spring-beans-6.2.3.jar:6.2.3]
	at org.springframework.beans.factory.support.AbstractAutowireCapableBeanFactory.createBean(AbstractAutowireCapableBeanFactory.java:523) ~[spring-beans-6.2.3.jar:6.2.3]
	at org.springframework.beans.factory.support.AbstractBeanFactory.lambda$doGetBean$0(AbstractBeanFactory.java:339) ~[spring-beans-6.2.3.jar:6.2.3]
	at org.springframework.beans.factory.support.DefaultSingletonBeanRegistry.getSingleton(DefaultSingletonBeanRegistry.java:346) ~[spring-beans-6.2.3.jar:6.2.3]
	at org.springframework.beans.factory.support.AbstractBeanFactory.doGetBean(AbstractBeanFactory.java:337) ~[spring-beans-6.2.3.jar:6.2.3]
	at org.springframework.beans.factory.support.AbstractBeanFactory.getBean(AbstractBeanFactory.java:202) ~[spring-beans-6.2.3.jar:6.2.3]
	at org.springframework.beans.factory.support.DefaultListableBeanFactory.instantiateSingleton(DefaultListableBeanFactory.java:1155) ~[spring-beans-6.2.3.jar:6.2.3]
	at org.springframework.beans.factory.support.DefaultListableBeanFactory.preInstantiateSingleton(DefaultListableBeanFactory.java:1121) ~[spring-beans-6.2.3.jar:6.2.3]
	at org.springframework.beans.factory.support.DefaultListableBeanFactory.preInstantiateSingletons(DefaultListableBeanFactory.java:1056) ~[spring-beans-6.2.3.jar:6.2.3]
	at org.springframework.context.support.AbstractApplicationContext.finishBeanFactoryInitialization(AbstractApplicationContext.java:987) ~[spring-context-6.2.3.jar:6.2.3]
	at org.springframework.context.support.AbstractApplicationContext.refresh(AbstractApplicationContext.java:627) ~[spring-context-6.2.3.jar:6.2.3]
	at org.springframework.boot.SpringApplication.refresh(SpringApplication.java:752) ~[spring-boot-3.4.3.jar:3.4.3]
	at org.springframework.boot.SpringApplication.refreshContext(SpringApplication.java:439) ~[spring-boot-3.4.3.jar:3.4.3]
	at org.springframework.boot.SpringApplication.run(SpringApplication.java:318) ~[spring-boot-3.4.3.jar:3.4.3]
	at org.springframework.boot.test.context.SpringBootContextLoader.lambda$loadContext$3(SpringBootContextLoader.java:137) ~[spring-boot-test-3.4.3.jar:3.4.3]
	at org.springframework.util.function.ThrowingSupplier.get(ThrowingSupplier.java:58) ~[spring-core-6.2.3.jar:6.2.3]
	at org.springframework.util.function.ThrowingSupplier.get(ThrowingSupplier.java:46) ~[spring-core-6.2.3.jar:6.2.3]
	at org.springframework.boot.SpringApplication.withHook(SpringApplication.java:1461) ~[spring-boot-3.4.3.jar:3.4.3]
	at org.springframework.boot.test.context.SpringBootContextLoader$ContextLoaderHook.run(SpringBootContextLoader.java:553) ~[spring-boot-test-3.4.3.jar:3.4.3]
	at org.springframework.boot.test.context.SpringBootContextLoader.loadContext(SpringBootContextLoader.java:137) ~[spring-boot-test-3.4.3.jar:3.4.3]
	at org.springframework.boot.test.context.SpringBootContextLoader.loadContext(SpringBootContextLoader.java:108) ~[spring-boot-test-3.4.3.jar:3.4.3]
	at org.springframework.test.context.cache.DefaultCacheAwareContextLoaderDelegate.loadContextInternal(DefaultCacheAwareContextLoaderDelegate.java:225) ~[spring-test-6.2.3.jar:6.2.3]
	at org.springframework.test.context.cache.DefaultCacheAwareContextLoaderDelegate.loadContext(DefaultCacheAwareContextLoaderDelegate.java:152) ~[spring-test-6.2.3.jar:6.2.3]
	at org.springframework.test.context.support.DefaultTestContext.getApplicationContext(DefaultTestContext.java:130) ~[spring-test-6.2.3.jar:6.2.3]
	at org.springframework.test.context.web.ServletTestExecutionListener.setUpRequestContextIfNecessary(ServletTestExecutionListener.java:200) ~[spring-test-6.2.3.jar:6.2.3]
	at org.springframework.test.context.web.ServletTestExecutionListener.prepareTestInstance(ServletTestExecutionListener.java:139) ~[spring-test-6.2.3.jar:6.2.3]
	at org.springframework.test.context.TestContextManager.prepareTestInstance(TestContextManager.java:260) ~[spring-test-6.2.3.jar:6.2.3]
	at org.springframework.test.context.junit.jupiter.SpringExtension.postProcessTestInstance(SpringExtension.java:160) ~[spring-test-6.2.3.jar:6.2.3]
	at org.junit.jupiter.engine.descriptor.ClassBasedTestDescriptor.lambda$invokeTestInstancePostProcessors$11(ClassBasedTestDescriptor.java:378) ~[junit-jupiter-engine-5.11.4.jar:5.11.4]
	at org.junit.jupiter.engine.descriptor.ClassBasedTestDescriptor.executeAndMaskThrowable(ClassBasedTestDescriptor.java:383) ~[junit-jupiter-engine-5.11.4.jar:5.11.4]
	at org.junit.jupiter.engine.descriptor.ClassBasedTestDescriptor.lambda$invokeTestInstancePostProcessors$12(ClassBasedTestDescriptor.java:378) ~[junit-jupiter-engine-5.11.4.jar:5.11.4]
	at java.base/java.util.stream.ForEachOps$ForEachOp$OfRef.accept(ForEachOps.java:183) ~[?:?]
	at java.base/java.util.stream.ReferencePipeline$3$1.accept(ReferencePipeline.java:197) ~[?:?]
	at java.base/java.util.stream.ReferencePipeline$2$1.accept(ReferencePipeline.java:179) ~[?:?]
	at java.base/java.util.stream.ReferencePipeline$3$1.accept(ReferencePipeline.java:197) ~[?:?]
	at java.base/java.util.ArrayList$ArrayListSpliterator.forEachRemaining(ArrayList.java:1625) ~[?:?]
	at java.base/java.util.stream.AbstractPipeline.copyInto(AbstractPipeline.java:509) ~[?:?]
	at java.base/java.util.stream.AbstractPipeline.wrapAndCopyInto(AbstractPipeline.java:499) ~[?:?]
	at java.base/java.util.stream.ForEachOps$ForEachOp.evaluateSequential(ForEachOps.java:150) ~[?:?]
	at java.base/java.util.stream.ForEachOps$ForEachOp$OfRef.evaluateSequential(ForEachOps.java:173) ~[?:?]
	at java.base/java.util.stream.AbstractPipeline.evaluate(AbstractPipeline.java:234) ~[?:?]
	at java.base/java.util.stream.ReferencePipeline.forEach(ReferencePipeline.java:596) ~[?:?]
	at org.junit.jupiter.engine.descriptor.ClassBasedTestDescriptor.invokeTestInstancePostProcessors(ClassBasedTestDescriptor.java:377) ~[junit-jupiter-engine-5.11.4.jar:5.11.4]
	at org.junit.jupiter.engine.descriptor.ClassBasedTestDescriptor.lambda$instantiateAndPostProcessTestInstance$7(ClassBasedTestDescriptor.java:290) ~[junit-jupiter-engine-5.11.4.jar:5.11.4]
	at org.junit.platform.engine.support.hierarchical.ThrowableCollector.execute(ThrowableCollector.java:73) ~[junit-platform-engine-1.11.4.jar:1.11.4]
	at org.junit.jupiter.engine.descriptor.ClassBasedTestDescriptor.instantiateAndPostProcessTestInstance(ClassBasedTestDescriptor.java:289) ~[junit-jupiter-engine-5.11.4.jar:5.11.4]
	at org.junit.jupiter.engine.descriptor.ClassBasedTestDescriptor.lambda$testInstancesProvider$5(ClassBasedTestDescriptor.java:279) ~[junit-jupiter-engine-5.11.4.jar:5.11.4]
	at java.base/java.util.Optional.orElseGet(Optional.java:364) ~[?:?]
	at org.junit.jupiter.engine.descriptor.ClassBasedTestDescriptor.lambda$testInstancesProvider$6(ClassBasedTestDescriptor.java:278) ~[junit-jupiter-engine-5.11.4.jar:5.11.4]
	at org.junit.jupiter.engine.execution.TestInstancesProvider.getTestInstances(TestInstancesProvider.java:31) ~[junit-jupiter-engine-5.11.4.jar:5.11.4]
	at org.junit.jupiter.engine.descriptor.TestMethodTestDescriptor.lambda$prepare$1(TestMethodTestDescriptor.java:105) ~[junit-jupiter-engine-5.11.4.jar:5.11.4]
	at org.junit.platform.engine.support.hierarchical.ThrowableCollector.execute(ThrowableCollector.java:73) ~[junit-platform-engine-1.11.4.jar:1.11.4]
	at org.junit.jupiter.engine.descriptor.TestMethodTestDescriptor.prepare(TestMethodTestDescriptor.java:104) ~[junit-jupiter-engine-5.11.4.jar:5.11.4]
	at org.junit.jupiter.engine.descriptor.TestMethodTestDescriptor.prepare(TestMethodTestDescriptor.java:68) ~[junit-jupiter-engine-5.11.4.jar:5.11.4]
	at org.junit.platform.engine.support.hierarchical.NodeTestTask.lambda$prepare$2(NodeTestTask.java:128) ~[junit-platform-engine-1.11.4.jar:1.11.4]
	at org.junit.platform.engine.support.hierarchical.ThrowableCollector.execute(ThrowableCollector.java:73) ~[junit-platform-engine-1.11.4.jar:1.11.4]
	at org.junit.platform.engine.support.hierarchical.NodeTestTask.prepare(NodeTestTask.java:128) ~[junit-platform-engine-1.11.4.jar:1.11.4]
	at org.junit.platform.engine.support.hierarchical.NodeTestTask.execute(NodeTestTask.java:95) ~[junit-platform-engine-1.11.4.jar:1.11.4]
	at java.base/java.util.ArrayList.forEach(ArrayList.java:1511) ~[?:?]
	at org.junit.platform.engine.support.hierarchical.SameThreadHierarchicalTestExecutorService.invokeAll(SameThreadHierarchicalTestExecutorService.java:41) ~[junit-platform-engine-1.11.4.jar:1.11.4]
	at org.junit.platform.engine.support.hierarchical.NodeTestTask.lambda$executeRecursively$6(NodeTestTask.java:160) ~[junit-platform-engine-1.11.4.jar:1.11.4]
	at org.junit.platform.engine.support.hierarchical.ThrowableCollector.execute(ThrowableCollector.java:73) ~[junit-platform-engine-1.11.4.jar:1.11.4]
	at org.junit.platform.engine.support.hierarchical.NodeTestTask.lambda$executeRecursively$8(NodeTestTask.java:146) ~[junit-platform-engine-1.11.4.jar:1.11.4]
	at org.junit.platform.engine.support.hierarchical.Node.around(Node.java:137) ~[junit-platform-engine-1.11.4.jar:1.11.4]
	at org.junit.platform.engine.support.hierarchical.NodeTestTask.lambda$executeRecursively$9(NodeTestTask.java:144) ~[junit-platform-engine-1.11.4.jar:1.11.4]
	at org.junit.platform.engine.support.hierarchical.ThrowableCollector.execute(ThrowableCollector.java:73) ~[junit-platform-engine-1.11.4.jar:1.11.4]
	at org.junit.platform.engine.support.hierarchical.NodeTestTask.executeRecursively(NodeTestTask.java:143) ~[junit-platform-engine-1.11.4.jar:1.11.4]
	at org.junit.platform.engine.support.hierarchical.NodeTestTask.execute(NodeTestTask.java:100) ~[junit-platform-engine-1.11.4.jar:1.11.4]
	at java.base/java.util.ArrayList.forEach(ArrayList.java:1511) ~[?:?]
	at org.junit.platform.engine.support.hierarchical.SameThreadHierarchicalTestExecutorService.invokeAll(SameThreadHierarchicalTestExecutorService.java:41) ~[junit-platform-engine-1.11.4.jar:1.11.4]
	at org.junit.platform.engine.support.hierarchical.NodeTestTask.lambda$executeRecursively$6(NodeTestTask.java:160) ~[junit-platform-engine-1.11.4.jar:1.11.4]
	at org.junit.platform.engine.support.hierarchical.ThrowableCollector.execute(ThrowableCollector.java:73) ~[junit-platform-engine-1.11.4.jar:1.11.4]
	at org.junit.platform.engine.support.hierarchical.NodeTestTask.lambda$executeRecursively$8(NodeTestTask.java:146) ~[junit-platform-engine-1.11.4.jar:1.11.4]
	at org.junit.platform.engine.support.hierarchical.Node.around(Node.java:137) ~[junit-platform-engine-1.11.4.jar:1.11.4]
	at org.junit.platform.engine.support.hierarchical.NodeTestTask.lambda$executeRecursively$9(NodeTestTask.java:144) ~[junit-platform-engine-1.11.4.jar:1.11.4]
	at org.junit.platform.engine.support.hierarchical.ThrowableCollector.execute(ThrowableCollector.java:73) ~[junit-platform-engine-1.11.4.jar:1.11.4]
	at org.junit.platform.engine.support.hierarchical.NodeTestTask.executeRecursively(NodeTestTask.java:143) ~[junit-platform-engine-1.11.4.jar:1.11.4]
	at org.junit.platform.engine.support.hierarchical.NodeTestTask.execute(NodeTestTask.java:100) ~[junit-platform-engine-1.11.4.jar:1.11.4]
	at org.junit.platform.engine.support.hierarchical.SameThreadHierarchicalTestExecutorService.submit(SameThreadHierarchicalTestExecutorService.java:35) ~[junit-platform-engine-1.11.4.jar:1.11.4]
	at org.junit.platform.engine.support.hierarchical.HierarchicalTestExecutor.execute(HierarchicalTestExecutor.java:57) ~[junit-platform-engine-1.11.4.jar:1.11.4]
	at org.junit.platform.engine.support.hierarchical.HierarchicalTestEngine.execute(HierarchicalTestEngine.java:54) ~[junit-platform-engine-1.11.4.jar:1.11.4]
	at org.junit.platform.launcher.core.EngineExecutionOrchestrator.execute(EngineExecutionOrchestrator.java:198) ~[junit-platform-launcher-1.11.4.jar:1.11.4]
	at org.junit.platform.launcher.core.EngineExecutionOrchestrator.execute(EngineExecutionOrchestrator.java:169) ~[junit-platform-launcher-1.11.4.jar:1.11.4]
	at org.junit.platform.launcher.core.EngineExecutionOrchestrator.execute(EngineExecutionOrchestrator.java:93) ~[junit-platform-launcher-1.11.4.jar:1.11.4]
	at org.junit.platform.launcher.core.EngineExecutionOrchestrator.lambda$execute$0(EngineExecutionOrchestrator.java:58) ~[junit-platform-launcher-1.11.4.jar:1.11.4]
	at org.junit.platform.launcher.core.EngineExecutionOrchestrator.withInterceptedStreams(EngineExecutionOrchestrator.java:141) [junit-platform-launcher-1.11.4.jar:1.11.4]
	at org.junit.platform.launcher.core.EngineExecutionOrchestrator.execute(EngineExecutionOrchestrator.java:57) [junit-platform-launcher-1.11.4.jar:1.11.4]
	at org.junit.platform.launcher.core.DefaultLauncher.execute(DefaultLauncher.java:103) [junit-platform-launcher-1.11.4.jar:1.11.4]
	at org.junit.platform.launcher.core.DefaultLauncher.execute(DefaultLauncher.java:85) [junit-platform-launcher-1.11.4.jar:1.11.4]
	at org.junit.platform.launcher.core.DelegatingLauncher.execute(DelegatingLauncher.java:47) [junit-platform-launcher-1.11.4.jar:1.11.4]
	at org.apache.maven.surefire.junitplatform.LazyLauncher.execute(LazyLauncher.java:56) [surefire-junit-platform-3.5.2.jar:3.5.2]
	at org.apache.maven.surefire.junitplatform.JUnitPlatformProvider.execute(JUnitPlatformProvider.java:184) [surefire-junit-platform-3.5.2.jar:3.5.2]
	at org.apache.maven.surefire.junitplatform.JUnitPlatformProvider.invokeAllTests(JUnitPlatformProvider.java:148) [surefire-junit-platform-3.5.2.jar:3.5.2]
	at org.apache.maven.surefire.junitplatform.JUnitPlatformProvider.invoke(JUnitPlatformProvider.java:122) [surefire-junit-platform-3.5.2.jar:3.5.2]
	at org.apache.maven.surefire.booter.ForkedBooter.runSuitesInProcess(ForkedBooter.java:385) [surefire-booter-3.5.2.jar:3.5.2]
	at org.apache.maven.surefire.booter.ForkedBooter.execute(ForkedBooter.java:162) [surefire-booter-3.5.2.jar:3.5.2]
	at org.apache.maven.surefire.booter.ForkedBooter.run(ForkedBooter.java:507) [surefire-booter-3.5.2.jar:3.5.2]
	at org.apache.maven.surefire.booter.ForkedBooter.main(ForkedBooter.java:495) [surefire-booter-3.5.2.jar:3.5.2]
2025-08-01 19:23:56.365 [main] DEBUG org.springframework.data.jpa.repository.query.NamedQuery - Did not find named query Event.findByIdWithDetails.count
2025-08-01 19:23:56.366 [main] DEBUG org.springframework.orm.jpa.SharedEntityManagerCreator$SharedEntityManagerInvocationHandler - Creating new EntityManager for shared EntityManager invocation
2025-08-01 19:23:56.368 [main] DEBUG org.hibernate.orm.query.hql - HQL : SELECT e FROM Event e LEFT JOIN FETCH e.trainer t LEFT JOIN FETCH t.userCredentials uc LEFT JOIN FETCH e.gym g LEFT JOIN FETCH g.gymOwner go LEFT JOIN FETCH go.userCredentials gou WHERE e.id = :id
2025-08-01 19:23:56.369 [main] DEBUG org.hibernate.orm.query.hql.reservedWordAsIdentifier - Encountered use of reserved word as identifier : =
2025-08-01 19:23:56.369 [main] DEBUG org.hibernate.orm.query.hql.reservedWordAsIdentifier - Encountered use of reserved word as identifier : <EOF>
2025-08-01 19:23:56.370 [main] DEBUG org.hibernate.orm.query.sqm.creation - Applying inferable type to SqmExpression [SqmNamedParameter(id)] : null -> SqmBasicValuedSimplePath(com.example.trainup.model.Event(e).id)
2025-08-01 19:23:56.371 [main] DEBUG org.hibernate.orm.query.sqm.ast - SqmStatement Tree :
    -> [select]
      -> [query-spec]
        -> [select]
          -> [selection]
            -> [root] - `com.example.trainup.model.Event(e)`
              -> [joins]
                -> [attribute] - `com.example.trainup.model.Event(e).trainer(t)`
                    [fetched = true]
                  -> [joins]
                    -> [attribute] - `com.example.trainup.model.Event(e).trainer(t).userCredentials(uc)`
                        [fetched = true]
                    <- [attribute] - `com.example.trainup.model.Event(e).trainer(t).userCredentials(uc)`
                  <- [joins]
                <- [attribute] - `com.example.trainup.model.Event(e).trainer(t)`
                -> [attribute] - `com.example.trainup.model.Event(e).gym(g)`
                    [fetched = true]
                  -> [joins]
                    -> [attribute] - `com.example.trainup.model.Event(e).gym(g).gymOwner(go)`
                        [fetched = true]
                      -> [joins]
                        -> [attribute] - `com.example.trainup.model.Event(e).gym(g).gymOwner(go).userCredentials(gou)`
                            [fetched = true]
                        <- [attribute] - `com.example.trainup.model.Event(e).gym(g).gymOwner(go).userCredentials(gou)`
                      <- [joins]
                    <- [attribute] - `com.example.trainup.model.Event(e).gym(g).gymOwner(go)`
                  <- [joins]
                <- [attribute] - `com.example.trainup.model.Event(e).gym(g)`
              <- [joins]
            <- [root] - `com.example.trainup.model.Event(e)`
          <- [selection]
        <- [select]
        -> [from]
          -> [root] - `com.example.trainup.model.Event(e)`
            -> [joins]
              -> [attribute] - `com.example.trainup.model.Event(e).trainer(t)`
                  [fetched = true]
                -> [joins]
                  -> [attribute] - `com.example.trainup.model.Event(e).trainer(t).userCredentials(uc)`
                      [fetched = true]
                  <- [attribute] - `com.example.trainup.model.Event(e).trainer(t).userCredentials(uc)`
                <- [joins]
              <- [attribute] - `com.example.trainup.model.Event(e).trainer(t)`
              -> [attribute] - `com.example.trainup.model.Event(e).gym(g)`
                  [fetched = true]
                -> [joins]
                  -> [attribute] - `com.example.trainup.model.Event(e).gym(g).gymOwner(go)`
                      [fetched = true]
                    -> [joins]
                      -> [attribute] - `com.example.trainup.model.Event(e).gym(g).gymOwner(go).userCredentials(gou)`
                          [fetched = true]
                      <- [attribute] - `com.example.trainup.model.Event(e).gym(g).gymOwner(go).userCredentials(gou)`
                    <- [joins]
                  <- [attribute] - `com.example.trainup.model.Event(e).gym(g).gymOwner(go)`
                <- [joins]
              <- [attribute] - `com.example.trainup.model.Event(e).gym(g)`
            <- [joins]
          <- [root] - `com.example.trainup.model.Event(e)`
        <- [from]
        -> [where]
          -> [EQUAL]
              -> [basic-path] - `com.example.trainup.model.Event(e).id`
              :id
          <- [EQUAL]
        <- [where]
      <- [query-spec]
    <- [select]

2025-08-01 19:23:56.373 [main] DEBUG org.springframework.data.repository.core.support.RepositoryFactorySupport - Finished creation of repository instance for com.example.trainup.repository.EventRepository.
2025-08-01 19:23:56.416 [main] DEBUG org.springframework.beans.factory.support.DefaultListableBeanFactory - Creating shared instance of singleton bean 'sportRepository'
2025-08-01 19:23:56.421 [main] DEBUG org.springframework.beans.factory.support.DefaultListableBeanFactory - Creating shared instance of singleton bean 'jpa.named-queries#8'
2025-08-01 19:23:56.426 [main] DEBUG org.springframework.beans.factory.support.DefaultListableBeanFactory - Creating shared instance of singleton bean 'jpa.SportRepository.fragments#0'
2025-08-01 19:23:56.430 [main] DEBUG org.springframework.orm.jpa.SharedEntityManagerCreator$SharedEntityManagerInvocationHandler - Creating new EntityManager for shared EntityManager invocation
2025-08-01 19:23:56.431 [main] DEBUG org.springframework.data.repository.core.support.RepositoryFactorySupport - Initializing repository instance for com.example.trainup.repository.SportRepository…
2025-08-01 19:23:56.432 [main] DEBUG org.springframework.orm.jpa.SharedEntityManagerCreator$SharedEntityManagerInvocationHandler - Creating new EntityManager for shared EntityManager invocation
2025-08-01 19:23:56.435 [main] DEBUG org.hibernate.resource.transaction.backend.jdbc.internal.JdbcResourceLocalTransactionCoordinatorImpl - JDBC transaction marked for rollback-only (exception provided for stack trace)
java.lang.Exception: exception just for purpose of providing stack trace
	at org.hibernate.resource.transaction.backend.jdbc.internal.JdbcResourceLocalTransactionCoordinatorImpl$TransactionDriverControlImpl.markRollbackOnly(JdbcResourceLocalTransactionCoordinatorImpl.java:309) ~[hibernate-core-6.6.8.Final.jar:6.6.8.Final]
	at org.hibernate.internal.AbstractSharedSessionContract.buildNamedQuery(AbstractSharedSessionContract.java:1141) ~[hibernate-core-6.6.8.Final.jar:6.6.8.Final]
	at org.hibernate.internal.AbstractSharedSessionContract.createNamedQuery(AbstractSharedSessionContract.java:1019) ~[hibernate-core-6.6.8.Final.jar:6.6.8.Final]
	at org.hibernate.internal.AbstractSharedSessionContract.createNamedQuery(AbstractSharedSessionContract.java:143) ~[hibernate-core-6.6.8.Final.jar:6.6.8.Final]
	at jdk.internal.reflect.GeneratedMethodAccessor95.invoke(Unknown Source) ~[?:?]
	at java.base/jdk.internal.reflect.DelegatingMethodAccessorImpl.invoke(DelegatingMethodAccessorImpl.java:43) ~[?:?]
	at java.base/java.lang.reflect.Method.invoke(Method.java:569) ~[?:?]
	at org.springframework.orm.jpa.ExtendedEntityManagerCreator$ExtendedEntityManagerInvocationHandler.invoke(ExtendedEntityManagerCreator.java:364) ~[spring-orm-6.2.3.jar:6.2.3]
	at jdk.proxy2/jdk.proxy2.$Proxy236.createNamedQuery(Unknown Source) ~[?:?]
	at org.springframework.data.jpa.repository.query.NamedQuery.hasNamedQuery(NamedQuery.java:114) ~[spring-data-jpa-3.4.3.jar:3.4.3]
	at org.springframework.data.jpa.repository.query.JpaQueryLookupStrategy$DeclaredQueryLookupStrategy.getCountQuery(JpaQueryLookupStrategy.java:208) ~[spring-data-jpa-3.4.3.jar:3.4.3]
	at org.springframework.data.jpa.repository.query.JpaQueryLookupStrategy$DeclaredQueryLookupStrategy.resolveQuery(JpaQueryLookupStrategy.java:175) ~[spring-data-jpa-3.4.3.jar:3.4.3]
	at org.springframework.data.jpa.repository.query.JpaQueryLookupStrategy$CreateIfNotFoundQueryLookupStrategy.resolveQuery(JpaQueryLookupStrategy.java:256) ~[spring-data-jpa-3.4.3.jar:3.4.3]
	at org.springframework.data.jpa.repository.query.JpaQueryLookupStrategy$AbstractQueryLookupStrategy.resolveQuery(JpaQueryLookupStrategy.java:99) ~[spring-data-jpa-3.4.3.jar:3.4.3]
	at org.springframework.data.repository.core.support.QueryExecutorMethodInterceptor.lookupQuery(QueryExecutorMethodInterceptor.java:116) ~[spring-data-commons-3.4.3.jar:3.4.3]
	at org.springframework.data.repository.core.support.QueryExecutorMethodInterceptor.mapMethodsToQuery(QueryExecutorMethodInterceptor.java:104) ~[spring-data-commons-3.4.3.jar:3.4.3]
	at org.springframework.data.repository.core.support.QueryExecutorMethodInterceptor.lambda$new$0(QueryExecutorMethodInterceptor.java:92) ~[spring-data-commons-3.4.3.jar:3.4.3]
	at java.base/java.util.Optional.map(Optional.java:260) ~[?:?]
	at org.springframework.data.repository.core.support.QueryExecutorMethodInterceptor.<init>(QueryExecutorMethodInterceptor.java:92) ~[spring-data-commons-3.4.3.jar:3.4.3]
	at org.springframework.data.repository.core.support.RepositoryFactorySupport.getRepository(RepositoryFactorySupport.java:440) ~[spring-data-commons-3.4.3.jar:3.4.3]
	at org.springframework.data.repository.core.support.RepositoryFactoryBeanSupport.lambda$afterPropertiesSet$4(RepositoryFactoryBeanSupport.java:350) ~[spring-data-commons-3.4.3.jar:3.4.3]
	at org.springframework.data.util.Lazy.getNullable(Lazy.java:135) ~[spring-data-commons-3.4.3.jar:3.4.3]
	at org.springframework.data.util.Lazy.get(Lazy.java:113) ~[spring-data-commons-3.4.3.jar:3.4.3]
	at org.springframework.data.repository.core.support.RepositoryFactoryBeanSupport.afterPropertiesSet(RepositoryFactoryBeanSupport.java:356) ~[spring-data-commons-3.4.3.jar:3.4.3]
	at org.springframework.data.jpa.repository.support.JpaRepositoryFactoryBean.afterPropertiesSet(JpaRepositoryFactoryBean.java:132) ~[spring-data-jpa-3.4.3.jar:3.4.3]
	at org.springframework.beans.factory.support.AbstractAutowireCapableBeanFactory.invokeInitMethods(AbstractAutowireCapableBeanFactory.java:1859) ~[spring-beans-6.2.3.jar:6.2.3]
	at org.springframework.beans.factory.support.AbstractAutowireCapableBeanFactory.initializeBean(AbstractAutowireCapableBeanFactory.java:1808) ~[spring-beans-6.2.3.jar:6.2.3]
	at org.springframework.beans.factory.support.AbstractAutowireCapableBeanFactory.doCreateBean(AbstractAutowireCapableBeanFactory.java:601) ~[spring-beans-6.2.3.jar:6.2.3]
	at org.springframework.beans.factory.support.AbstractAutowireCapableBeanFactory.createBean(AbstractAutowireCapableBeanFactory.java:523) ~[spring-beans-6.2.3.jar:6.2.3]
	at org.springframework.beans.factory.support.AbstractBeanFactory.lambda$doGetBean$0(AbstractBeanFactory.java:339) ~[spring-beans-6.2.3.jar:6.2.3]
	at org.springframework.beans.factory.support.DefaultSingletonBeanRegistry.getSingleton(DefaultSingletonBeanRegistry.java:346) ~[spring-beans-6.2.3.jar:6.2.3]
	at org.springframework.beans.factory.support.AbstractBeanFactory.doGetBean(AbstractBeanFactory.java:337) ~[spring-beans-6.2.3.jar:6.2.3]
	at org.springframework.beans.factory.support.AbstractBeanFactory.getBean(AbstractBeanFactory.java:202) ~[spring-beans-6.2.3.jar:6.2.3]
	at org.springframework.beans.factory.support.DefaultListableBeanFactory.doResolveDependency(DefaultListableBeanFactory.java:1606) ~[spring-beans-6.2.3.jar:6.2.3]
	at org.springframework.beans.factory.support.DefaultListableBeanFactory.resolveDependency(DefaultListableBeanFactory.java:1552) ~[spring-beans-6.2.3.jar:6.2.3]
	at org.springframework.beans.factory.support.ConstructorResolver.resolveAutowiredArgument(ConstructorResolver.java:913) ~[spring-beans-6.2.3.jar:6.2.3]
	at org.springframework.beans.factory.support.ConstructorResolver.createArgumentArray(ConstructorResolver.java:791) ~[spring-beans-6.2.3.jar:6.2.3]
	at org.springframework.beans.factory.support.ConstructorResolver.autowireConstructor(ConstructorResolver.java:240) ~[spring-beans-6.2.3.jar:6.2.3]
	at org.springframework.beans.factory.support.AbstractAutowireCapableBeanFactory.autowireConstructor(AbstractAutowireCapableBeanFactory.java:1381) ~[spring-beans-6.2.3.jar:6.2.3]
	at org.springframework.beans.factory.support.AbstractAutowireCapableBeanFactory.createBeanInstance(AbstractAutowireCapableBeanFactory.java:1218) ~[spring-beans-6.2.3.jar:6.2.3]
	at org.springframework.beans.factory.support.AbstractAutowireCapableBeanFactory.doCreateBean(AbstractAutowireCapableBeanFactory.java:563) ~[spring-beans-6.2.3.jar:6.2.3]
	at org.springframework.beans.factory.support.AbstractAutowireCapableBeanFactory.createBean(AbstractAutowireCapableBeanFactory.java:523) ~[spring-beans-6.2.3.jar:6.2.3]
	at org.springframework.beans.factory.support.AbstractBeanFactory.lambda$doGetBean$0(AbstractBeanFactory.java:339) ~[spring-beans-6.2.3.jar:6.2.3]
	at org.springframework.beans.factory.support.DefaultSingletonBeanRegistry.getSingleton(DefaultSingletonBeanRegistry.java:346) ~[spring-beans-6.2.3.jar:6.2.3]
	at org.springframework.beans.factory.support.AbstractBeanFactory.doGetBean(AbstractBeanFactory.java:337) ~[spring-beans-6.2.3.jar:6.2.3]
	at org.springframework.beans.factory.support.AbstractBeanFactory.getBean(AbstractBeanFactory.java:202) ~[spring-beans-6.2.3.jar:6.2.3]
	at org.springframework.beans.factory.config.DependencyDescriptor.resolveCandidate(DependencyDescriptor.java:254) ~[spring-beans-6.2.3.jar:6.2.3]
	at org.springframework.beans.factory.support.DefaultListableBeanFactory.doResolveDependency(DefaultListableBeanFactory.java:1664) ~[spring-beans-6.2.3.jar:6.2.3]
	at org.springframework.beans.factory.support.DefaultListableBeanFactory.resolveDependency(DefaultListableBeanFactory.java:1552) ~[spring-beans-6.2.3.jar:6.2.3]
	at org.springframework.beans.factory.support.ConstructorResolver.resolveAutowiredArgument(ConstructorResolver.java:913) ~[spring-beans-6.2.3.jar:6.2.3]
	at org.springframework.beans.factory.support.ConstructorResolver.createArgumentArray(ConstructorResolver.java:791) ~[spring-beans-6.2.3.jar:6.2.3]
	at org.springframework.beans.factory.support.ConstructorResolver.autowireConstructor(ConstructorResolver.java:240) ~[spring-beans-6.2.3.jar:6.2.3]
	at org.springframework.beans.factory.support.AbstractAutowireCapableBeanFactory.autowireConstructor(AbstractAutowireCapableBeanFactory.java:1381) ~[spring-beans-6.2.3.jar:6.2.3]
	at org.springframework.beans.factory.support.AbstractAutowireCapableBeanFactory.createBeanInstance(AbstractAutowireCapableBeanFactory.java:1218) ~[spring-beans-6.2.3.jar:6.2.3]
	at org.springframework.beans.factory.support.AbstractAutowireCapableBeanFactory.doCreateBean(AbstractAutowireCapableBeanFactory.java:563) ~[spring-beans-6.2.3.jar:6.2.3]
	at org.springframework.beans.factory.support.AbstractAutowireCapableBeanFactory.createBean(AbstractAutowireCapableBeanFactory.java:523) ~[spring-beans-6.2.3.jar:6.2.3]
	at org.springframework.beans.factory.support.AbstractBeanFactory.lambda$doGetBean$0(AbstractBeanFactory.java:339) ~[spring-beans-6.2.3.jar:6.2.3]
	at org.springframework.beans.factory.support.DefaultSingletonBeanRegistry.getSingleton(DefaultSingletonBeanRegistry.java:346) ~[spring-beans-6.2.3.jar:6.2.3]
	at org.springframework.beans.factory.support.AbstractBeanFactory.doGetBean(AbstractBeanFactory.java:337) ~[spring-beans-6.2.3.jar:6.2.3]
	at org.springframework.beans.factory.support.AbstractBeanFactory.getBean(AbstractBeanFactory.java:202) ~[spring-beans-6.2.3.jar:6.2.3]
	at org.springframework.beans.factory.support.DefaultListableBeanFactory.instantiateSingleton(DefaultListableBeanFactory.java:1155) ~[spring-beans-6.2.3.jar:6.2.3]
	at org.springframework.beans.factory.support.DefaultListableBeanFactory.preInstantiateSingleton(DefaultListableBeanFactory.java:1121) ~[spring-beans-6.2.3.jar:6.2.3]
	at org.springframework.beans.factory.support.DefaultListableBeanFactory.preInstantiateSingletons(DefaultListableBeanFactory.java:1056) ~[spring-beans-6.2.3.jar:6.2.3]
	at org.springframework.context.support.AbstractApplicationContext.finishBeanFactoryInitialization(AbstractApplicationContext.java:987) ~[spring-context-6.2.3.jar:6.2.3]
	at org.springframework.context.support.AbstractApplicationContext.refresh(AbstractApplicationContext.java:627) ~[spring-context-6.2.3.jar:6.2.3]
	at org.springframework.boot.SpringApplication.refresh(SpringApplication.java:752) ~[spring-boot-3.4.3.jar:3.4.3]
	at org.springframework.boot.SpringApplication.refreshContext(SpringApplication.java:439) ~[spring-boot-3.4.3.jar:3.4.3]
	at org.springframework.boot.SpringApplication.run(SpringApplication.java:318) ~[spring-boot-3.4.3.jar:3.4.3]
	at org.springframework.boot.test.context.SpringBootContextLoader.lambda$loadContext$3(SpringBootContextLoader.java:137) ~[spring-boot-test-3.4.3.jar:3.4.3]
	at org.springframework.util.function.ThrowingSupplier.get(ThrowingSupplier.java:58) ~[spring-core-6.2.3.jar:6.2.3]
	at org.springframework.util.function.ThrowingSupplier.get(ThrowingSupplier.java:46) ~[spring-core-6.2.3.jar:6.2.3]
	at org.springframework.boot.SpringApplication.withHook(SpringApplication.java:1461) ~[spring-boot-3.4.3.jar:3.4.3]
	at org.springframework.boot.test.context.SpringBootContextLoader$ContextLoaderHook.run(SpringBootContextLoader.java:553) ~[spring-boot-test-3.4.3.jar:3.4.3]
	at org.springframework.boot.test.context.SpringBootContextLoader.loadContext(SpringBootContextLoader.java:137) ~[spring-boot-test-3.4.3.jar:3.4.3]
	at org.springframework.boot.test.context.SpringBootContextLoader.loadContext(SpringBootContextLoader.java:108) ~[spring-boot-test-3.4.3.jar:3.4.3]
	at org.springframework.test.context.cache.DefaultCacheAwareContextLoaderDelegate.loadContextInternal(DefaultCacheAwareContextLoaderDelegate.java:225) ~[spring-test-6.2.3.jar:6.2.3]
	at org.springframework.test.context.cache.DefaultCacheAwareContextLoaderDelegate.loadContext(DefaultCacheAwareContextLoaderDelegate.java:152) ~[spring-test-6.2.3.jar:6.2.3]
	at org.springframework.test.context.support.DefaultTestContext.getApplicationContext(DefaultTestContext.java:130) ~[spring-test-6.2.3.jar:6.2.3]
	at org.springframework.test.context.web.ServletTestExecutionListener.setUpRequestContextIfNecessary(ServletTestExecutionListener.java:200) ~[spring-test-6.2.3.jar:6.2.3]
	at org.springframework.test.context.web.ServletTestExecutionListener.prepareTestInstance(ServletTestExecutionListener.java:139) ~[spring-test-6.2.3.jar:6.2.3]
	at org.springframework.test.context.TestContextManager.prepareTestInstance(TestContextManager.java:260) ~[spring-test-6.2.3.jar:6.2.3]
	at org.springframework.test.context.junit.jupiter.SpringExtension.postProcessTestInstance(SpringExtension.java:160) ~[spring-test-6.2.3.jar:6.2.3]
	at org.junit.jupiter.engine.descriptor.ClassBasedTestDescriptor.lambda$invokeTestInstancePostProcessors$11(ClassBasedTestDescriptor.java:378) ~[junit-jupiter-engine-5.11.4.jar:5.11.4]
	at org.junit.jupiter.engine.descriptor.ClassBasedTestDescriptor.executeAndMaskThrowable(ClassBasedTestDescriptor.java:383) ~[junit-jupiter-engine-5.11.4.jar:5.11.4]
	at org.junit.jupiter.engine.descriptor.ClassBasedTestDescriptor.lambda$invokeTestInstancePostProcessors$12(ClassBasedTestDescriptor.java:378) ~[junit-jupiter-engine-5.11.4.jar:5.11.4]
	at java.base/java.util.stream.ForEachOps$ForEachOp$OfRef.accept(ForEachOps.java:183) ~[?:?]
	at java.base/java.util.stream.ReferencePipeline$3$1.accept(ReferencePipeline.java:197) ~[?:?]
	at java.base/java.util.stream.ReferencePipeline$2$1.accept(ReferencePipeline.java:179) ~[?:?]
	at java.base/java.util.stream.ReferencePipeline$3$1.accept(ReferencePipeline.java:197) ~[?:?]
	at java.base/java.util.ArrayList$ArrayListSpliterator.forEachRemaining(ArrayList.java:1625) ~[?:?]
	at java.base/java.util.stream.AbstractPipeline.copyInto(AbstractPipeline.java:509) ~[?:?]
	at java.base/java.util.stream.AbstractPipeline.wrapAndCopyInto(AbstractPipeline.java:499) ~[?:?]
	at java.base/java.util.stream.ForEachOps$ForEachOp.evaluateSequential(ForEachOps.java:150) ~[?:?]
	at java.base/java.util.stream.ForEachOps$ForEachOp$OfRef.evaluateSequential(ForEachOps.java:173) ~[?:?]
	at java.base/java.util.stream.AbstractPipeline.evaluate(AbstractPipeline.java:234) ~[?:?]
	at java.base/java.util.stream.ReferencePipeline.forEach(ReferencePipeline.java:596) ~[?:?]
	at org.junit.jupiter.engine.descriptor.ClassBasedTestDescriptor.invokeTestInstancePostProcessors(ClassBasedTestDescriptor.java:377) ~[junit-jupiter-engine-5.11.4.jar:5.11.4]
	at org.junit.jupiter.engine.descriptor.ClassBasedTestDescriptor.lambda$instantiateAndPostProcessTestInstance$7(ClassBasedTestDescriptor.java:290) ~[junit-jupiter-engine-5.11.4.jar:5.11.4]
	at org.junit.platform.engine.support.hierarchical.ThrowableCollector.execute(ThrowableCollector.java:73) ~[junit-platform-engine-1.11.4.jar:1.11.4]
	at org.junit.jupiter.engine.descriptor.ClassBasedTestDescriptor.instantiateAndPostProcessTestInstance(ClassBasedTestDescriptor.java:289) ~[junit-jupiter-engine-5.11.4.jar:5.11.4]
	at org.junit.jupiter.engine.descriptor.ClassBasedTestDescriptor.lambda$testInstancesProvider$5(ClassBasedTestDescriptor.java:279) ~[junit-jupiter-engine-5.11.4.jar:5.11.4]
	at java.base/java.util.Optional.orElseGet(Optional.java:364) ~[?:?]
	at org.junit.jupiter.engine.descriptor.ClassBasedTestDescriptor.lambda$testInstancesProvider$6(ClassBasedTestDescriptor.java:278) ~[junit-jupiter-engine-5.11.4.jar:5.11.4]
	at org.junit.jupiter.engine.execution.TestInstancesProvider.getTestInstances(TestInstancesProvider.java:31) ~[junit-jupiter-engine-5.11.4.jar:5.11.4]
	at org.junit.jupiter.engine.descriptor.TestMethodTestDescriptor.lambda$prepare$1(TestMethodTestDescriptor.java:105) ~[junit-jupiter-engine-5.11.4.jar:5.11.4]
	at org.junit.platform.engine.support.hierarchical.ThrowableCollector.execute(ThrowableCollector.java:73) ~[junit-platform-engine-1.11.4.jar:1.11.4]
	at org.junit.jupiter.engine.descriptor.TestMethodTestDescriptor.prepare(TestMethodTestDescriptor.java:104) ~[junit-jupiter-engine-5.11.4.jar:5.11.4]
	at org.junit.jupiter.engine.descriptor.TestMethodTestDescriptor.prepare(TestMethodTestDescriptor.java:68) ~[junit-jupiter-engine-5.11.4.jar:5.11.4]
	at org.junit.platform.engine.support.hierarchical.NodeTestTask.lambda$prepare$2(NodeTestTask.java:128) ~[junit-platform-engine-1.11.4.jar:1.11.4]
	at org.junit.platform.engine.support.hierarchical.ThrowableCollector.execute(ThrowableCollector.java:73) ~[junit-platform-engine-1.11.4.jar:1.11.4]
	at org.junit.platform.engine.support.hierarchical.NodeTestTask.prepare(NodeTestTask.java:128) ~[junit-platform-engine-1.11.4.jar:1.11.4]
	at org.junit.platform.engine.support.hierarchical.NodeTestTask.execute(NodeTestTask.java:95) ~[junit-platform-engine-1.11.4.jar:1.11.4]
	at java.base/java.util.ArrayList.forEach(ArrayList.java:1511) ~[?:?]
	at org.junit.platform.engine.support.hierarchical.SameThreadHierarchicalTestExecutorService.invokeAll(SameThreadHierarchicalTestExecutorService.java:41) ~[junit-platform-engine-1.11.4.jar:1.11.4]
	at org.junit.platform.engine.support.hierarchical.NodeTestTask.lambda$executeRecursively$6(NodeTestTask.java:160) ~[junit-platform-engine-1.11.4.jar:1.11.4]
	at org.junit.platform.engine.support.hierarchical.ThrowableCollector.execute(ThrowableCollector.java:73) ~[junit-platform-engine-1.11.4.jar:1.11.4]
	at org.junit.platform.engine.support.hierarchical.NodeTestTask.lambda$executeRecursively$8(NodeTestTask.java:146) ~[junit-platform-engine-1.11.4.jar:1.11.4]
	at org.junit.platform.engine.support.hierarchical.Node.around(Node.java:137) ~[junit-platform-engine-1.11.4.jar:1.11.4]
	at org.junit.platform.engine.support.hierarchical.NodeTestTask.lambda$executeRecursively$9(NodeTestTask.java:144) ~[junit-platform-engine-1.11.4.jar:1.11.4]
	at org.junit.platform.engine.support.hierarchical.ThrowableCollector.execute(ThrowableCollector.java:73) ~[junit-platform-engine-1.11.4.jar:1.11.4]
	at org.junit.platform.engine.support.hierarchical.NodeTestTask.executeRecursively(NodeTestTask.java:143) ~[junit-platform-engine-1.11.4.jar:1.11.4]
	at org.junit.platform.engine.support.hierarchical.NodeTestTask.execute(NodeTestTask.java:100) ~[junit-platform-engine-1.11.4.jar:1.11.4]
	at java.base/java.util.ArrayList.forEach(ArrayList.java:1511) ~[?:?]
	at org.junit.platform.engine.support.hierarchical.SameThreadHierarchicalTestExecutorService.invokeAll(SameThreadHierarchicalTestExecutorService.java:41) ~[junit-platform-engine-1.11.4.jar:1.11.4]
	at org.junit.platform.engine.support.hierarchical.NodeTestTask.lambda$executeRecursively$6(NodeTestTask.java:160) ~[junit-platform-engine-1.11.4.jar:1.11.4]
	at org.junit.platform.engine.support.hierarchical.ThrowableCollector.execute(ThrowableCollector.java:73) ~[junit-platform-engine-1.11.4.jar:1.11.4]
	at org.junit.platform.engine.support.hierarchical.NodeTestTask.lambda$executeRecursively$8(NodeTestTask.java:146) ~[junit-platform-engine-1.11.4.jar:1.11.4]
	at org.junit.platform.engine.support.hierarchical.Node.around(Node.java:137) ~[junit-platform-engine-1.11.4.jar:1.11.4]
	at org.junit.platform.engine.support.hierarchical.NodeTestTask.lambda$executeRecursively$9(NodeTestTask.java:144) ~[junit-platform-engine-1.11.4.jar:1.11.4]
	at org.junit.platform.engine.support.hierarchical.ThrowableCollector.execute(ThrowableCollector.java:73) ~[junit-platform-engine-1.11.4.jar:1.11.4]
	at org.junit.platform.engine.support.hierarchical.NodeTestTask.executeRecursively(NodeTestTask.java:143) ~[junit-platform-engine-1.11.4.jar:1.11.4]
	at org.junit.platform.engine.support.hierarchical.NodeTestTask.execute(NodeTestTask.java:100) ~[junit-platform-engine-1.11.4.jar:1.11.4]
	at org.junit.platform.engine.support.hierarchical.SameThreadHierarchicalTestExecutorService.submit(SameThreadHierarchicalTestExecutorService.java:35) ~[junit-platform-engine-1.11.4.jar:1.11.4]
	at org.junit.platform.engine.support.hierarchical.HierarchicalTestExecutor.execute(HierarchicalTestExecutor.java:57) ~[junit-platform-engine-1.11.4.jar:1.11.4]
	at org.junit.platform.engine.support.hierarchical.HierarchicalTestEngine.execute(HierarchicalTestEngine.java:54) ~[junit-platform-engine-1.11.4.jar:1.11.4]
	at org.junit.platform.launcher.core.EngineExecutionOrchestrator.execute(EngineExecutionOrchestrator.java:198) ~[junit-platform-launcher-1.11.4.jar:1.11.4]
	at org.junit.platform.launcher.core.EngineExecutionOrchestrator.execute(EngineExecutionOrchestrator.java:169) ~[junit-platform-launcher-1.11.4.jar:1.11.4]
	at org.junit.platform.launcher.core.EngineExecutionOrchestrator.execute(EngineExecutionOrchestrator.java:93) ~[junit-platform-launcher-1.11.4.jar:1.11.4]
	at org.junit.platform.launcher.core.EngineExecutionOrchestrator.lambda$execute$0(EngineExecutionOrchestrator.java:58) ~[junit-platform-launcher-1.11.4.jar:1.11.4]
	at org.junit.platform.launcher.core.EngineExecutionOrchestrator.withInterceptedStreams(EngineExecutionOrchestrator.java:141) [junit-platform-launcher-1.11.4.jar:1.11.4]
	at org.junit.platform.launcher.core.EngineExecutionOrchestrator.execute(EngineExecutionOrchestrator.java:57) [junit-platform-launcher-1.11.4.jar:1.11.4]
	at org.junit.platform.launcher.core.DefaultLauncher.execute(DefaultLauncher.java:103) [junit-platform-launcher-1.11.4.jar:1.11.4]
	at org.junit.platform.launcher.core.DefaultLauncher.execute(DefaultLauncher.java:85) [junit-platform-launcher-1.11.4.jar:1.11.4]
	at org.junit.platform.launcher.core.DelegatingLauncher.execute(DelegatingLauncher.java:47) [junit-platform-launcher-1.11.4.jar:1.11.4]
	at org.apache.maven.surefire.junitplatform.LazyLauncher.execute(LazyLauncher.java:56) [surefire-junit-platform-3.5.2.jar:3.5.2]
	at org.apache.maven.surefire.junitplatform.JUnitPlatformProvider.execute(JUnitPlatformProvider.java:184) [surefire-junit-platform-3.5.2.jar:3.5.2]
	at org.apache.maven.surefire.junitplatform.JUnitPlatformProvider.invokeAllTests(JUnitPlatformProvider.java:148) [surefire-junit-platform-3.5.2.jar:3.5.2]
	at org.apache.maven.surefire.junitplatform.JUnitPlatformProvider.invoke(JUnitPlatformProvider.java:122) [surefire-junit-platform-3.5.2.jar:3.5.2]
	at org.apache.maven.surefire.booter.ForkedBooter.runSuitesInProcess(ForkedBooter.java:385) [surefire-booter-3.5.2.jar:3.5.2]
	at org.apache.maven.surefire.booter.ForkedBooter.execute(ForkedBooter.java:162) [surefire-booter-3.5.2.jar:3.5.2]
	at org.apache.maven.surefire.booter.ForkedBooter.run(ForkedBooter.java:507) [surefire-booter-3.5.2.jar:3.5.2]
	at org.apache.maven.surefire.booter.ForkedBooter.main(ForkedBooter.java:495) [surefire-booter-3.5.2.jar:3.5.2]
2025-08-01 19:23:56.438 [main] DEBUG org.springframework.data.jpa.repository.query.NamedQuery - Did not find named query Sport.findSportsByCriteria.count
2025-08-01 19:23:56.439 [main] DEBUG org.springframework.orm.jpa.SharedEntityManagerCreator$SharedEntityManagerInvocationHandler - Creating new EntityManager for shared EntityManager invocation
2025-08-01 19:23:56.441 [main] DEBUG org.hibernate.orm.query.hql - HQL : SELECT DISTINCT s FROM Sport s WHERE (:id IS NULL OR s.id = :id) AND (:sportName IS NULL OR (CAST(s.sportName AS string)) LIKE CONCAT('%', CAST(:sportName AS string), '%'))
2025-08-01 19:23:56.442 [main] DEBUG org.hibernate.orm.query.hql.reservedWordAsIdentifier - Encountered use of reserved word as identifier : IS
2025-08-01 19:23:56.442 [main] DEBUG org.hibernate.orm.query.hql.reservedWordAsIdentifier - Encountered use of reserved word as identifier : =
2025-08-01 19:23:56.443 [main] DEBUG org.hibernate.orm.query.hql.reservedWordAsIdentifier - Encountered use of reserved word as identifier : )
2025-08-01 19:23:56.444 [main] DEBUG org.hibernate.orm.query.sqm.creation - Applying inferable type to SqmExpression [SqmNamedParameter(id)] : null -> SqmBasicValuedSimplePath(com.example.trainup.model.Sport(s).id)
2025-08-01 19:23:56.445 [main] DEBUG org.hibernate.orm.query.sqm.ast - SqmStatement Tree :
    -> [select]
      -> [query-spec]
        -> [select(distinct)]
          -> [selection]
            -> [root] - `com.example.trainup.model.Sport(s)`
            <- [root] - `com.example.trainup.model.Sport(s)`
          <- [selection]
        <- [select(distinct)]
        -> [from]
          -> [root] - `com.example.trainup.model.Sport(s)`
          <- [root] - `com.example.trainup.model.Sport(s)`
        <- [from]
        -> [where]
          -> [and]
            -> [grouped]
                -> [or]
                  -> [is-null]
                      :id
                  <- [is-null]
                  -> [EQUAL]
                      -> [basic-path] - `com.example.trainup.model.Sport(s).id`
                      :id
                  <- [EQUAL]
                <- [or]
            <- [grouped]
            -> [grouped]
                -> [or]
                  -> [is-null]
                      :sportName
                  <- [is-null]
                  -> [is-like]
                  <- [is-like]
                <- [or]
            <- [grouped]
          <- [and]
        <- [where]
      <- [query-spec]
    <- [select]

2025-08-01 19:23:56.448 [main] DEBUG org.hibernate.orm.query.hql - HQL : SELECT count(DISTINCT s) FROM Sport s WHERE (:id IS NULL OR s.id = :id) AND (:sportName IS NULL OR (CAST(s.sportName AS string)) LIKE CONCAT('%', CAST(:sportName AS string), '%'))
2025-08-01 19:23:56.449 [main] DEBUG org.hibernate.orm.query.hql.reservedWordAsIdentifier - Encountered use of reserved word as identifier : (
2025-08-01 19:23:56.449 [main] DEBUG org.hibernate.orm.query.hql.reservedWordAsIdentifier - Encountered use of reserved word as identifier : IS
2025-08-01 19:23:56.450 [main] DEBUG org.hibernate.orm.query.hql.reservedWordAsIdentifier - Encountered use of reserved word as identifier : =
2025-08-01 19:23:56.450 [main] DEBUG org.hibernate.orm.query.hql.reservedWordAsIdentifier - Encountered use of reserved word as identifier : )
2025-08-01 19:23:56.451 [main] DEBUG org.hibernate.orm.query.sqm.creation - Applying inferable type to SqmExpression [SqmNamedParameter(id)] : null -> SqmBasicValuedSimplePath(com.example.trainup.model.Sport(s).id)
2025-08-01 19:23:56.452 [main] DEBUG org.hibernate.orm.query.sqm.ast - SqmStatement Tree :
    -> [select]
      -> [query-spec]
        -> [select]
          -> [selection]
          <- [selection]
        <- [select]
        -> [from]
          -> [root] - `com.example.trainup.model.Sport(s)`
          <- [root] - `com.example.trainup.model.Sport(s)`
        <- [from]
        -> [where]
          -> [and]
            -> [grouped]
                -> [or]
                  -> [is-null]
                      :id
                  <- [is-null]
                  -> [EQUAL]
                      -> [basic-path] - `com.example.trainup.model.Sport(s).id`
                      :id
                  <- [EQUAL]
                <- [or]
            <- [grouped]
            -> [grouped]
                -> [or]
                  -> [is-null]
                      :sportName
                  <- [is-null]
                  -> [is-like]
                  <- [is-like]
                <- [or]
            <- [grouped]
          <- [and]
        <- [where]
      <- [query-spec]
    <- [select]

2025-08-01 19:23:56.454 [main] DEBUG org.springframework.data.jpa.repository.query.NamedQuery - Looking up named query 'Sport.findBySportName'
2025-08-01 19:23:56.455 [main] DEBUG org.hibernate.resource.transaction.backend.jdbc.internal.JdbcResourceLocalTransactionCoordinatorImpl - JDBC transaction marked for rollback-only (exception provided for stack trace)
java.lang.Exception: exception just for purpose of providing stack trace
	at org.hibernate.resource.transaction.backend.jdbc.internal.JdbcResourceLocalTransactionCoordinatorImpl$TransactionDriverControlImpl.markRollbackOnly(JdbcResourceLocalTransactionCoordinatorImpl.java:309) ~[hibernate-core-6.6.8.Final.jar:6.6.8.Final]
	at org.hibernate.internal.AbstractSharedSessionContract.buildNamedQuery(AbstractSharedSessionContract.java:1141) ~[hibernate-core-6.6.8.Final.jar:6.6.8.Final]
	at org.hibernate.internal.AbstractSharedSessionContract.createNamedQuery(AbstractSharedSessionContract.java:1019) ~[hibernate-core-6.6.8.Final.jar:6.6.8.Final]
	at org.hibernate.internal.AbstractSharedSessionContract.createNamedQuery(AbstractSharedSessionContract.java:143) ~[hibernate-core-6.6.8.Final.jar:6.6.8.Final]
	at jdk.internal.reflect.GeneratedMethodAccessor95.invoke(Unknown Source) ~[?:?]
	at java.base/jdk.internal.reflect.DelegatingMethodAccessorImpl.invoke(DelegatingMethodAccessorImpl.java:43) ~[?:?]
	at java.base/java.lang.reflect.Method.invoke(Method.java:569) ~[?:?]
	at org.springframework.orm.jpa.ExtendedEntityManagerCreator$ExtendedEntityManagerInvocationHandler.invoke(ExtendedEntityManagerCreator.java:364) ~[spring-orm-6.2.3.jar:6.2.3]
	at jdk.proxy2/jdk.proxy2.$Proxy236.createNamedQuery(Unknown Source) ~[?:?]
	at org.springframework.data.jpa.repository.query.NamedQuery.hasNamedQuery(NamedQuery.java:114) ~[spring-data-jpa-3.4.3.jar:3.4.3]
	at org.springframework.data.jpa.repository.query.NamedQuery.lookupFrom(NamedQuery.java:140) ~[spring-data-jpa-3.4.3.jar:3.4.3]
	at org.springframework.data.jpa.repository.query.JpaQueryLookupStrategy$DeclaredQueryLookupStrategy.resolveQuery(JpaQueryLookupStrategy.java:184) ~[spring-data-jpa-3.4.3.jar:3.4.3]
	at org.springframework.data.jpa.repository.query.JpaQueryLookupStrategy$CreateIfNotFoundQueryLookupStrategy.resolveQuery(JpaQueryLookupStrategy.java:256) ~[spring-data-jpa-3.4.3.jar:3.4.3]
	at org.springframework.data.jpa.repository.query.JpaQueryLookupStrategy$AbstractQueryLookupStrategy.resolveQuery(JpaQueryLookupStrategy.java:99) ~[spring-data-jpa-3.4.3.jar:3.4.3]
	at org.springframework.data.repository.core.support.QueryExecutorMethodInterceptor.lookupQuery(QueryExecutorMethodInterceptor.java:116) ~[spring-data-commons-3.4.3.jar:3.4.3]
	at org.springframework.data.repository.core.support.QueryExecutorMethodInterceptor.mapMethodsToQuery(QueryExecutorMethodInterceptor.java:104) ~[spring-data-commons-3.4.3.jar:3.4.3]
	at org.springframework.data.repository.core.support.QueryExecutorMethodInterceptor.lambda$new$0(QueryExecutorMethodInterceptor.java:92) ~[spring-data-commons-3.4.3.jar:3.4.3]
	at java.base/java.util.Optional.map(Optional.java:260) ~[?:?]
	at org.springframework.data.repository.core.support.QueryExecutorMethodInterceptor.<init>(QueryExecutorMethodInterceptor.java:92) ~[spring-data-commons-3.4.3.jar:3.4.3]
	at org.springframework.data.repository.core.support.RepositoryFactorySupport.getRepository(RepositoryFactorySupport.java:440) ~[spring-data-commons-3.4.3.jar:3.4.3]
	at org.springframework.data.repository.core.support.RepositoryFactoryBeanSupport.lambda$afterPropertiesSet$4(RepositoryFactoryBeanSupport.java:350) ~[spring-data-commons-3.4.3.jar:3.4.3]
	at org.springframework.data.util.Lazy.getNullable(Lazy.java:135) ~[spring-data-commons-3.4.3.jar:3.4.3]
	at org.springframework.data.util.Lazy.get(Lazy.java:113) ~[spring-data-commons-3.4.3.jar:3.4.3]
	at org.springframework.data.repository.core.support.RepositoryFactoryBeanSupport.afterPropertiesSet(RepositoryFactoryBeanSupport.java:356) ~[spring-data-commons-3.4.3.jar:3.4.3]
	at org.springframework.data.jpa.repository.support.JpaRepositoryFactoryBean.afterPropertiesSet(JpaRepositoryFactoryBean.java:132) ~[spring-data-jpa-3.4.3.jar:3.4.3]
	at org.springframework.beans.factory.support.AbstractAutowireCapableBeanFactory.invokeInitMethods(AbstractAutowireCapableBeanFactory.java:1859) ~[spring-beans-6.2.3.jar:6.2.3]
	at org.springframework.beans.factory.support.AbstractAutowireCapableBeanFactory.initializeBean(AbstractAutowireCapableBeanFactory.java:1808) ~[spring-beans-6.2.3.jar:6.2.3]
	at org.springframework.beans.factory.support.AbstractAutowireCapableBeanFactory.doCreateBean(AbstractAutowireCapableBeanFactory.java:601) ~[spring-beans-6.2.3.jar:6.2.3]
	at org.springframework.beans.factory.support.AbstractAutowireCapableBeanFactory.createBean(AbstractAutowireCapableBeanFactory.java:523) ~[spring-beans-6.2.3.jar:6.2.3]
	at org.springframework.beans.factory.support.AbstractBeanFactory.lambda$doGetBean$0(AbstractBeanFactory.java:339) ~[spring-beans-6.2.3.jar:6.2.3]
	at org.springframework.beans.factory.support.DefaultSingletonBeanRegistry.getSingleton(DefaultSingletonBeanRegistry.java:346) ~[spring-beans-6.2.3.jar:6.2.3]
	at org.springframework.beans.factory.support.AbstractBeanFactory.doGetBean(AbstractBeanFactory.java:337) ~[spring-beans-6.2.3.jar:6.2.3]
	at org.springframework.beans.factory.support.AbstractBeanFactory.getBean(AbstractBeanFactory.java:202) ~[spring-beans-6.2.3.jar:6.2.3]
	at org.springframework.beans.factory.support.DefaultListableBeanFactory.doResolveDependency(DefaultListableBeanFactory.java:1606) ~[spring-beans-6.2.3.jar:6.2.3]
	at org.springframework.beans.factory.support.DefaultListableBeanFactory.resolveDependency(DefaultListableBeanFactory.java:1552) ~[spring-beans-6.2.3.jar:6.2.3]
	at org.springframework.beans.factory.support.ConstructorResolver.resolveAutowiredArgument(ConstructorResolver.java:913) ~[spring-beans-6.2.3.jar:6.2.3]
	at org.springframework.beans.factory.support.ConstructorResolver.createArgumentArray(ConstructorResolver.java:791) ~[spring-beans-6.2.3.jar:6.2.3]
	at org.springframework.beans.factory.support.ConstructorResolver.autowireConstructor(ConstructorResolver.java:240) ~[spring-beans-6.2.3.jar:6.2.3]
	at org.springframework.beans.factory.support.AbstractAutowireCapableBeanFactory.autowireConstructor(AbstractAutowireCapableBeanFactory.java:1381) ~[spring-beans-6.2.3.jar:6.2.3]
	at org.springframework.beans.factory.support.AbstractAutowireCapableBeanFactory.createBeanInstance(AbstractAutowireCapableBeanFactory.java:1218) ~[spring-beans-6.2.3.jar:6.2.3]
	at org.springframework.beans.factory.support.AbstractAutowireCapableBeanFactory.doCreateBean(AbstractAutowireCapableBeanFactory.java:563) ~[spring-beans-6.2.3.jar:6.2.3]
	at org.springframework.beans.factory.support.AbstractAutowireCapableBeanFactory.createBean(AbstractAutowireCapableBeanFactory.java:523) ~[spring-beans-6.2.3.jar:6.2.3]
	at org.springframework.beans.factory.support.AbstractBeanFactory.lambda$doGetBean$0(AbstractBeanFactory.java:339) ~[spring-beans-6.2.3.jar:6.2.3]
	at org.springframework.beans.factory.support.DefaultSingletonBeanRegistry.getSingleton(DefaultSingletonBeanRegistry.java:346) ~[spring-beans-6.2.3.jar:6.2.3]
	at org.springframework.beans.factory.support.AbstractBeanFactory.doGetBean(AbstractBeanFactory.java:337) ~[spring-beans-6.2.3.jar:6.2.3]
	at org.springframework.beans.factory.support.AbstractBeanFactory.getBean(AbstractBeanFactory.java:202) ~[spring-beans-6.2.3.jar:6.2.3]
	at org.springframework.beans.factory.config.DependencyDescriptor.resolveCandidate(DependencyDescriptor.java:254) ~[spring-beans-6.2.3.jar:6.2.3]
	at org.springframework.beans.factory.support.DefaultListableBeanFactory.doResolveDependency(DefaultListableBeanFactory.java:1664) ~[spring-beans-6.2.3.jar:6.2.3]
	at org.springframework.beans.factory.support.DefaultListableBeanFactory.resolveDependency(DefaultListableBeanFactory.java:1552) ~[spring-beans-6.2.3.jar:6.2.3]
	at org.springframework.beans.factory.support.ConstructorResolver.resolveAutowiredArgument(ConstructorResolver.java:913) ~[spring-beans-6.2.3.jar:6.2.3]
	at org.springframework.beans.factory.support.ConstructorResolver.createArgumentArray(ConstructorResolver.java:791) ~[spring-beans-6.2.3.jar:6.2.3]
	at org.springframework.beans.factory.support.ConstructorResolver.autowireConstructor(ConstructorResolver.java:240) ~[spring-beans-6.2.3.jar:6.2.3]
	at org.springframework.beans.factory.support.AbstractAutowireCapableBeanFactory.autowireConstructor(AbstractAutowireCapableBeanFactory.java:1381) ~[spring-beans-6.2.3.jar:6.2.3]
	at org.springframework.beans.factory.support.AbstractAutowireCapableBeanFactory.createBeanInstance(AbstractAutowireCapableBeanFactory.java:1218) ~[spring-beans-6.2.3.jar:6.2.3]
	at org.springframework.beans.factory.support.AbstractAutowireCapableBeanFactory.doCreateBean(AbstractAutowireCapableBeanFactory.java:563) ~[spring-beans-6.2.3.jar:6.2.3]
	at org.springframework.beans.factory.support.AbstractAutowireCapableBeanFactory.createBean(AbstractAutowireCapableBeanFactory.java:523) ~[spring-beans-6.2.3.jar:6.2.3]
	at org.springframework.beans.factory.support.AbstractBeanFactory.lambda$doGetBean$0(AbstractBeanFactory.java:339) ~[spring-beans-6.2.3.jar:6.2.3]
	at org.springframework.beans.factory.support.DefaultSingletonBeanRegistry.getSingleton(DefaultSingletonBeanRegistry.java:346) ~[spring-beans-6.2.3.jar:6.2.3]
	at org.springframework.beans.factory.support.AbstractBeanFactory.doGetBean(AbstractBeanFactory.java:337) ~[spring-beans-6.2.3.jar:6.2.3]
	at org.springframework.beans.factory.support.AbstractBeanFactory.getBean(AbstractBeanFactory.java:202) ~[spring-beans-6.2.3.jar:6.2.3]
	at org.springframework.beans.factory.support.DefaultListableBeanFactory.instantiateSingleton(DefaultListableBeanFactory.java:1155) ~[spring-beans-6.2.3.jar:6.2.3]
	at org.springframework.beans.factory.support.DefaultListableBeanFactory.preInstantiateSingleton(DefaultListableBeanFactory.java:1121) ~[spring-beans-6.2.3.jar:6.2.3]
	at org.springframework.beans.factory.support.DefaultListableBeanFactory.preInstantiateSingletons(DefaultListableBeanFactory.java:1056) ~[spring-beans-6.2.3.jar:6.2.3]
	at org.springframework.context.support.AbstractApplicationContext.finishBeanFactoryInitialization(AbstractApplicationContext.java:987) ~[spring-context-6.2.3.jar:6.2.3]
	at org.springframework.context.support.AbstractApplicationContext.refresh(AbstractApplicationContext.java:627) ~[spring-context-6.2.3.jar:6.2.3]
	at org.springframework.boot.SpringApplication.refresh(SpringApplication.java:752) ~[spring-boot-3.4.3.jar:3.4.3]
	at org.springframework.boot.SpringApplication.refreshContext(SpringApplication.java:439) ~[spring-boot-3.4.3.jar:3.4.3]
	at org.springframework.boot.SpringApplication.run(SpringApplication.java:318) ~[spring-boot-3.4.3.jar:3.4.3]
	at org.springframework.boot.test.context.SpringBootContextLoader.lambda$loadContext$3(SpringBootContextLoader.java:137) ~[spring-boot-test-3.4.3.jar:3.4.3]
	at org.springframework.util.function.ThrowingSupplier.get(ThrowingSupplier.java:58) ~[spring-core-6.2.3.jar:6.2.3]
	at org.springframework.util.function.ThrowingSupplier.get(ThrowingSupplier.java:46) ~[spring-core-6.2.3.jar:6.2.3]
	at org.springframework.boot.SpringApplication.withHook(SpringApplication.java:1461) ~[spring-boot-3.4.3.jar:3.4.3]
	at org.springframework.boot.test.context.SpringBootContextLoader$ContextLoaderHook.run(SpringBootContextLoader.java:553) ~[spring-boot-test-3.4.3.jar:3.4.3]
	at org.springframework.boot.test.context.SpringBootContextLoader.loadContext(SpringBootContextLoader.java:137) ~[spring-boot-test-3.4.3.jar:3.4.3]
	at org.springframework.boot.test.context.SpringBootContextLoader.loadContext(SpringBootContextLoader.java:108) ~[spring-boot-test-3.4.3.jar:3.4.3]
	at org.springframework.test.context.cache.DefaultCacheAwareContextLoaderDelegate.loadContextInternal(DefaultCacheAwareContextLoaderDelegate.java:225) ~[spring-test-6.2.3.jar:6.2.3]
	at org.springframework.test.context.cache.DefaultCacheAwareContextLoaderDelegate.loadContext(DefaultCacheAwareContextLoaderDelegate.java:152) ~[spring-test-6.2.3.jar:6.2.3]
	at org.springframework.test.context.support.DefaultTestContext.getApplicationContext(DefaultTestContext.java:130) ~[spring-test-6.2.3.jar:6.2.3]
	at org.springframework.test.context.web.ServletTestExecutionListener.setUpRequestContextIfNecessary(ServletTestExecutionListener.java:200) ~[spring-test-6.2.3.jar:6.2.3]
	at org.springframework.test.context.web.ServletTestExecutionListener.prepareTestInstance(ServletTestExecutionListener.java:139) ~[spring-test-6.2.3.jar:6.2.3]
	at org.springframework.test.context.TestContextManager.prepareTestInstance(TestContextManager.java:260) ~[spring-test-6.2.3.jar:6.2.3]
	at org.springframework.test.context.junit.jupiter.SpringExtension.postProcessTestInstance(SpringExtension.java:160) ~[spring-test-6.2.3.jar:6.2.3]
	at org.junit.jupiter.engine.descriptor.ClassBasedTestDescriptor.lambda$invokeTestInstancePostProcessors$11(ClassBasedTestDescriptor.java:378) ~[junit-jupiter-engine-5.11.4.jar:5.11.4]
	at org.junit.jupiter.engine.descriptor.ClassBasedTestDescriptor.executeAndMaskThrowable(ClassBasedTestDescriptor.java:383) ~[junit-jupiter-engine-5.11.4.jar:5.11.4]
	at org.junit.jupiter.engine.descriptor.ClassBasedTestDescriptor.lambda$invokeTestInstancePostProcessors$12(ClassBasedTestDescriptor.java:378) ~[junit-jupiter-engine-5.11.4.jar:5.11.4]
	at java.base/java.util.stream.ForEachOps$ForEachOp$OfRef.accept(ForEachOps.java:183) ~[?:?]
	at java.base/java.util.stream.ReferencePipeline$3$1.accept(ReferencePipeline.java:197) ~[?:?]
	at java.base/java.util.stream.ReferencePipeline$2$1.accept(ReferencePipeline.java:179) ~[?:?]
	at java.base/java.util.stream.ReferencePipeline$3$1.accept(ReferencePipeline.java:197) ~[?:?]
	at java.base/java.util.ArrayList$ArrayListSpliterator.forEachRemaining(ArrayList.java:1625) ~[?:?]
	at java.base/java.util.stream.AbstractPipeline.copyInto(AbstractPipeline.java:509) ~[?:?]
	at java.base/java.util.stream.AbstractPipeline.wrapAndCopyInto(AbstractPipeline.java:499) ~[?:?]
	at java.base/java.util.stream.ForEachOps$ForEachOp.evaluateSequential(ForEachOps.java:150) ~[?:?]
	at java.base/java.util.stream.ForEachOps$ForEachOp$OfRef.evaluateSequential(ForEachOps.java:173) ~[?:?]
	at java.base/java.util.stream.AbstractPipeline.evaluate(AbstractPipeline.java:234) ~[?:?]
	at java.base/java.util.stream.ReferencePipeline.forEach(ReferencePipeline.java:596) ~[?:?]
	at org.junit.jupiter.engine.descriptor.ClassBasedTestDescriptor.invokeTestInstancePostProcessors(ClassBasedTestDescriptor.java:377) ~[junit-jupiter-engine-5.11.4.jar:5.11.4]
	at org.junit.jupiter.engine.descriptor.ClassBasedTestDescriptor.lambda$instantiateAndPostProcessTestInstance$7(ClassBasedTestDescriptor.java:290) ~[junit-jupiter-engine-5.11.4.jar:5.11.4]
	at org.junit.platform.engine.support.hierarchical.ThrowableCollector.execute(ThrowableCollector.java:73) ~[junit-platform-engine-1.11.4.jar:1.11.4]
	at org.junit.jupiter.engine.descriptor.ClassBasedTestDescriptor.instantiateAndPostProcessTestInstance(ClassBasedTestDescriptor.java:289) ~[junit-jupiter-engine-5.11.4.jar:5.11.4]
	at org.junit.jupiter.engine.descriptor.ClassBasedTestDescriptor.lambda$testInstancesProvider$5(ClassBasedTestDescriptor.java:279) ~[junit-jupiter-engine-5.11.4.jar:5.11.4]
	at java.base/java.util.Optional.orElseGet(Optional.java:364) ~[?:?]
	at org.junit.jupiter.engine.descriptor.ClassBasedTestDescriptor.lambda$testInstancesProvider$6(ClassBasedTestDescriptor.java:278) ~[junit-jupiter-engine-5.11.4.jar:5.11.4]
	at org.junit.jupiter.engine.execution.TestInstancesProvider.getTestInstances(TestInstancesProvider.java:31) ~[junit-jupiter-engine-5.11.4.jar:5.11.4]
	at org.junit.jupiter.engine.descriptor.TestMethodTestDescriptor.lambda$prepare$1(TestMethodTestDescriptor.java:105) ~[junit-jupiter-engine-5.11.4.jar:5.11.4]
	at org.junit.platform.engine.support.hierarchical.ThrowableCollector.execute(ThrowableCollector.java:73) ~[junit-platform-engine-1.11.4.jar:1.11.4]
	at org.junit.jupiter.engine.descriptor.TestMethodTestDescriptor.prepare(TestMethodTestDescriptor.java:104) ~[junit-jupiter-engine-5.11.4.jar:5.11.4]
	at org.junit.jupiter.engine.descriptor.TestMethodTestDescriptor.prepare(TestMethodTestDescriptor.java:68) ~[junit-jupiter-engine-5.11.4.jar:5.11.4]
	at org.junit.platform.engine.support.hierarchical.NodeTestTask.lambda$prepare$2(NodeTestTask.java:128) ~[junit-platform-engine-1.11.4.jar:1.11.4]
	at org.junit.platform.engine.support.hierarchical.ThrowableCollector.execute(ThrowableCollector.java:73) ~[junit-platform-engine-1.11.4.jar:1.11.4]
	at org.junit.platform.engine.support.hierarchical.NodeTestTask.prepare(NodeTestTask.java:128) ~[junit-platform-engine-1.11.4.jar:1.11.4]
	at org.junit.platform.engine.support.hierarchical.NodeTestTask.execute(NodeTestTask.java:95) ~[junit-platform-engine-1.11.4.jar:1.11.4]
	at java.base/java.util.ArrayList.forEach(ArrayList.java:1511) ~[?:?]
	at org.junit.platform.engine.support.hierarchical.SameThreadHierarchicalTestExecutorService.invokeAll(SameThreadHierarchicalTestExecutorService.java:41) ~[junit-platform-engine-1.11.4.jar:1.11.4]
	at org.junit.platform.engine.support.hierarchical.NodeTestTask.lambda$executeRecursively$6(NodeTestTask.java:160) ~[junit-platform-engine-1.11.4.jar:1.11.4]
	at org.junit.platform.engine.support.hierarchical.ThrowableCollector.execute(ThrowableCollector.java:73) ~[junit-platform-engine-1.11.4.jar:1.11.4]
	at org.junit.platform.engine.support.hierarchical.NodeTestTask.lambda$executeRecursively$8(NodeTestTask.java:146) ~[junit-platform-engine-1.11.4.jar:1.11.4]
	at org.junit.platform.engine.support.hierarchical.Node.around(Node.java:137) ~[junit-platform-engine-1.11.4.jar:1.11.4]
	at org.junit.platform.engine.support.hierarchical.NodeTestTask.lambda$executeRecursively$9(NodeTestTask.java:144) ~[junit-platform-engine-1.11.4.jar:1.11.4]
	at org.junit.platform.engine.support.hierarchical.ThrowableCollector.execute(ThrowableCollector.java:73) ~[junit-platform-engine-1.11.4.jar:1.11.4]
	at org.junit.platform.engine.support.hierarchical.NodeTestTask.executeRecursively(NodeTestTask.java:143) ~[junit-platform-engine-1.11.4.jar:1.11.4]
	at org.junit.platform.engine.support.hierarchical.NodeTestTask.execute(NodeTestTask.java:100) ~[junit-platform-engine-1.11.4.jar:1.11.4]
	at java.base/java.util.ArrayList.forEach(ArrayList.java:1511) ~[?:?]
	at org.junit.platform.engine.support.hierarchical.SameThreadHierarchicalTestExecutorService.invokeAll(SameThreadHierarchicalTestExecutorService.java:41) ~[junit-platform-engine-1.11.4.jar:1.11.4]
	at org.junit.platform.engine.support.hierarchical.NodeTestTask.lambda$executeRecursively$6(NodeTestTask.java:160) ~[junit-platform-engine-1.11.4.jar:1.11.4]
	at org.junit.platform.engine.support.hierarchical.ThrowableCollector.execute(ThrowableCollector.java:73) ~[junit-platform-engine-1.11.4.jar:1.11.4]
	at org.junit.platform.engine.support.hierarchical.NodeTestTask.lambda$executeRecursively$8(NodeTestTask.java:146) ~[junit-platform-engine-1.11.4.jar:1.11.4]
	at org.junit.platform.engine.support.hierarchical.Node.around(Node.java:137) ~[junit-platform-engine-1.11.4.jar:1.11.4]
	at org.junit.platform.engine.support.hierarchical.NodeTestTask.lambda$executeRecursively$9(NodeTestTask.java:144) ~[junit-platform-engine-1.11.4.jar:1.11.4]
	at org.junit.platform.engine.support.hierarchical.ThrowableCollector.execute(ThrowableCollector.java:73) ~[junit-platform-engine-1.11.4.jar:1.11.4]
	at org.junit.platform.engine.support.hierarchical.NodeTestTask.executeRecursively(NodeTestTask.java:143) ~[junit-platform-engine-1.11.4.jar:1.11.4]
	at org.junit.platform.engine.support.hierarchical.NodeTestTask.execute(NodeTestTask.java:100) ~[junit-platform-engine-1.11.4.jar:1.11.4]
	at org.junit.platform.engine.support.hierarchical.SameThreadHierarchicalTestExecutorService.submit(SameThreadHierarchicalTestExecutorService.java:35) ~[junit-platform-engine-1.11.4.jar:1.11.4]
	at org.junit.platform.engine.support.hierarchical.HierarchicalTestExecutor.execute(HierarchicalTestExecutor.java:57) ~[junit-platform-engine-1.11.4.jar:1.11.4]
	at org.junit.platform.engine.support.hierarchical.HierarchicalTestEngine.execute(HierarchicalTestEngine.java:54) ~[junit-platform-engine-1.11.4.jar:1.11.4]
	at org.junit.platform.launcher.core.EngineExecutionOrchestrator.execute(EngineExecutionOrchestrator.java:198) ~[junit-platform-launcher-1.11.4.jar:1.11.4]
	at org.junit.platform.launcher.core.EngineExecutionOrchestrator.execute(EngineExecutionOrchestrator.java:169) ~[junit-platform-launcher-1.11.4.jar:1.11.4]
	at org.junit.platform.launcher.core.EngineExecutionOrchestrator.execute(EngineExecutionOrchestrator.java:93) ~[junit-platform-launcher-1.11.4.jar:1.11.4]
	at org.junit.platform.launcher.core.EngineExecutionOrchestrator.lambda$execute$0(EngineExecutionOrchestrator.java:58) ~[junit-platform-launcher-1.11.4.jar:1.11.4]
	at org.junit.platform.launcher.core.EngineExecutionOrchestrator.withInterceptedStreams(EngineExecutionOrchestrator.java:141) [junit-platform-launcher-1.11.4.jar:1.11.4]
	at org.junit.platform.launcher.core.EngineExecutionOrchestrator.execute(EngineExecutionOrchestrator.java:57) [junit-platform-launcher-1.11.4.jar:1.11.4]
	at org.junit.platform.launcher.core.DefaultLauncher.execute(DefaultLauncher.java:103) [junit-platform-launcher-1.11.4.jar:1.11.4]
	at org.junit.platform.launcher.core.DefaultLauncher.execute(DefaultLauncher.java:85) [junit-platform-launcher-1.11.4.jar:1.11.4]
	at org.junit.platform.launcher.core.DelegatingLauncher.execute(DelegatingLauncher.java:47) [junit-platform-launcher-1.11.4.jar:1.11.4]
	at org.apache.maven.surefire.junitplatform.LazyLauncher.execute(LazyLauncher.java:56) [surefire-junit-platform-3.5.2.jar:3.5.2]
	at org.apache.maven.surefire.junitplatform.JUnitPlatformProvider.execute(JUnitPlatformProvider.java:184) [surefire-junit-platform-3.5.2.jar:3.5.2]
	at org.apache.maven.surefire.junitplatform.JUnitPlatformProvider.invokeAllTests(JUnitPlatformProvider.java:148) [surefire-junit-platform-3.5.2.jar:3.5.2]
	at org.apache.maven.surefire.junitplatform.JUnitPlatformProvider.invoke(JUnitPlatformProvider.java:122) [surefire-junit-platform-3.5.2.jar:3.5.2]
	at org.apache.maven.surefire.booter.ForkedBooter.runSuitesInProcess(ForkedBooter.java:385) [surefire-booter-3.5.2.jar:3.5.2]
	at org.apache.maven.surefire.booter.ForkedBooter.execute(ForkedBooter.java:162) [surefire-booter-3.5.2.jar:3.5.2]
	at org.apache.maven.surefire.booter.ForkedBooter.run(ForkedBooter.java:507) [surefire-booter-3.5.2.jar:3.5.2]
	at org.apache.maven.surefire.booter.ForkedBooter.main(ForkedBooter.java:495) [surefire-booter-3.5.2.jar:3.5.2]
2025-08-01 19:23:56.458 [main] DEBUG org.springframework.data.jpa.repository.query.NamedQuery - Did not find named query Sport.findBySportName
2025-08-01 19:23:56.459 [main] DEBUG org.springframework.orm.jpa.SharedEntityManagerCreator$SharedEntityManagerInvocationHandler - Creating new EntityManager for shared EntityManager invocation
2025-08-01 19:23:56.461 [main] DEBUG org.springframework.data.repository.core.support.RepositoryFactorySupport - Finished creation of repository instance for com.example.trainup.repository.SportRepository.
2025-08-01 19:23:56.508 [main] DEBUG org.springframework.beans.factory.support.DefaultListableBeanFactory - Creating shared instance of singleton bean 'gymRepository'
2025-08-01 19:23:56.513 [main] DEBUG org.springframework.beans.factory.support.DefaultListableBeanFactory - Creating shared instance of singleton bean 'jpa.named-queries#11'
2025-08-01 19:23:56.518 [main] DEBUG org.springframework.beans.factory.support.DefaultListableBeanFactory - Creating shared instance of singleton bean 'jpa.GymRepository.fragments#0'
2025-08-01 19:23:56.521 [main] DEBUG org.springframework.orm.jpa.SharedEntityManagerCreator$SharedEntityManagerInvocationHandler - Creating new EntityManager for shared EntityManager invocation
2025-08-01 19:23:56.522 [main] DEBUG org.springframework.data.repository.core.support.RepositoryFactorySupport - Initializing repository instance for com.example.trainup.repository.GymRepository…
2025-08-01 19:23:56.523 [main] DEBUG org.springframework.orm.jpa.SharedEntityManagerCreator$SharedEntityManagerInvocationHandler - Creating new EntityManager for shared EntityManager invocation
2025-08-01 19:23:56.527 [main] DEBUG org.springframework.data.jpa.repository.query.NamedQuery - Looking up named query 'Gym.getGymsByGymOwner'
2025-08-01 19:23:56.528 [main] DEBUG org.hibernate.resource.transaction.backend.jdbc.internal.JdbcResourceLocalTransactionCoordinatorImpl - JDBC transaction marked for rollback-only (exception provided for stack trace)
java.lang.Exception: exception just for purpose of providing stack trace
	at org.hibernate.resource.transaction.backend.jdbc.internal.JdbcResourceLocalTransactionCoordinatorImpl$TransactionDriverControlImpl.markRollbackOnly(JdbcResourceLocalTransactionCoordinatorImpl.java:309) ~[hibernate-core-6.6.8.Final.jar:6.6.8.Final]
	at org.hibernate.internal.AbstractSharedSessionContract.buildNamedQuery(AbstractSharedSessionContract.java:1141) ~[hibernate-core-6.6.8.Final.jar:6.6.8.Final]
	at org.hibernate.internal.AbstractSharedSessionContract.createNamedQuery(AbstractSharedSessionContract.java:1019) ~[hibernate-core-6.6.8.Final.jar:6.6.8.Final]
	at org.hibernate.internal.AbstractSharedSessionContract.createNamedQuery(AbstractSharedSessionContract.java:143) ~[hibernate-core-6.6.8.Final.jar:6.6.8.Final]
	at jdk.internal.reflect.GeneratedMethodAccessor95.invoke(Unknown Source) ~[?:?]
	at java.base/jdk.internal.reflect.DelegatingMethodAccessorImpl.invoke(DelegatingMethodAccessorImpl.java:43) ~[?:?]
	at java.base/java.lang.reflect.Method.invoke(Method.java:569) ~[?:?]
	at org.springframework.orm.jpa.ExtendedEntityManagerCreator$ExtendedEntityManagerInvocationHandler.invoke(ExtendedEntityManagerCreator.java:364) ~[spring-orm-6.2.3.jar:6.2.3]
	at jdk.proxy2/jdk.proxy2.$Proxy236.createNamedQuery(Unknown Source) ~[?:?]
	at org.springframework.data.jpa.repository.query.NamedQuery.hasNamedQuery(NamedQuery.java:114) ~[spring-data-jpa-3.4.3.jar:3.4.3]
	at org.springframework.data.jpa.repository.query.NamedQuery.lookupFrom(NamedQuery.java:140) ~[spring-data-jpa-3.4.3.jar:3.4.3]
	at org.springframework.data.jpa.repository.query.JpaQueryLookupStrategy$DeclaredQueryLookupStrategy.resolveQuery(JpaQueryLookupStrategy.java:184) ~[spring-data-jpa-3.4.3.jar:3.4.3]
	at org.springframework.data.jpa.repository.query.JpaQueryLookupStrategy$CreateIfNotFoundQueryLookupStrategy.resolveQuery(JpaQueryLookupStrategy.java:256) ~[spring-data-jpa-3.4.3.jar:3.4.3]
	at org.springframework.data.jpa.repository.query.JpaQueryLookupStrategy$AbstractQueryLookupStrategy.resolveQuery(JpaQueryLookupStrategy.java:99) ~[spring-data-jpa-3.4.3.jar:3.4.3]
	at org.springframework.data.repository.core.support.QueryExecutorMethodInterceptor.lookupQuery(QueryExecutorMethodInterceptor.java:116) ~[spring-data-commons-3.4.3.jar:3.4.3]
	at org.springframework.data.repository.core.support.QueryExecutorMethodInterceptor.mapMethodsToQuery(QueryExecutorMethodInterceptor.java:104) ~[spring-data-commons-3.4.3.jar:3.4.3]
	at org.springframework.data.repository.core.support.QueryExecutorMethodInterceptor.lambda$new$0(QueryExecutorMethodInterceptor.java:92) ~[spring-data-commons-3.4.3.jar:3.4.3]
	at java.base/java.util.Optional.map(Optional.java:260) ~[?:?]
	at org.springframework.data.repository.core.support.QueryExecutorMethodInterceptor.<init>(QueryExecutorMethodInterceptor.java:92) ~[spring-data-commons-3.4.3.jar:3.4.3]
	at org.springframework.data.repository.core.support.RepositoryFactorySupport.getRepository(RepositoryFactorySupport.java:440) ~[spring-data-commons-3.4.3.jar:3.4.3]
	at org.springframework.data.repository.core.support.RepositoryFactoryBeanSupport.lambda$afterPropertiesSet$4(RepositoryFactoryBeanSupport.java:350) ~[spring-data-commons-3.4.3.jar:3.4.3]
	at org.springframework.data.util.Lazy.getNullable(Lazy.java:135) ~[spring-data-commons-3.4.3.jar:3.4.3]
	at org.springframework.data.util.Lazy.get(Lazy.java:113) ~[spring-data-commons-3.4.3.jar:3.4.3]
	at org.springframework.data.repository.core.support.RepositoryFactoryBeanSupport.afterPropertiesSet(RepositoryFactoryBeanSupport.java:356) ~[spring-data-commons-3.4.3.jar:3.4.3]
	at org.springframework.data.jpa.repository.support.JpaRepositoryFactoryBean.afterPropertiesSet(JpaRepositoryFactoryBean.java:132) ~[spring-data-jpa-3.4.3.jar:3.4.3]
	at org.springframework.beans.factory.support.AbstractAutowireCapableBeanFactory.invokeInitMethods(AbstractAutowireCapableBeanFactory.java:1859) ~[spring-beans-6.2.3.jar:6.2.3]
	at org.springframework.beans.factory.support.AbstractAutowireCapableBeanFactory.initializeBean(AbstractAutowireCapableBeanFactory.java:1808) ~[spring-beans-6.2.3.jar:6.2.3]
	at org.springframework.beans.factory.support.AbstractAutowireCapableBeanFactory.doCreateBean(AbstractAutowireCapableBeanFactory.java:601) ~[spring-beans-6.2.3.jar:6.2.3]
	at org.springframework.beans.factory.support.AbstractAutowireCapableBeanFactory.createBean(AbstractAutowireCapableBeanFactory.java:523) ~[spring-beans-6.2.3.jar:6.2.3]
	at org.springframework.beans.factory.support.AbstractBeanFactory.lambda$doGetBean$0(AbstractBeanFactory.java:339) ~[spring-beans-6.2.3.jar:6.2.3]
	at org.springframework.beans.factory.support.DefaultSingletonBeanRegistry.getSingleton(DefaultSingletonBeanRegistry.java:346) ~[spring-beans-6.2.3.jar:6.2.3]
	at org.springframework.beans.factory.support.AbstractBeanFactory.doGetBean(AbstractBeanFactory.java:337) ~[spring-beans-6.2.3.jar:6.2.3]
	at org.springframework.beans.factory.support.AbstractBeanFactory.getBean(AbstractBeanFactory.java:202) ~[spring-beans-6.2.3.jar:6.2.3]
	at org.springframework.beans.factory.support.DefaultListableBeanFactory.doResolveDependency(DefaultListableBeanFactory.java:1606) ~[spring-beans-6.2.3.jar:6.2.3]
	at org.springframework.beans.factory.support.DefaultListableBeanFactory.resolveDependency(DefaultListableBeanFactory.java:1552) ~[spring-beans-6.2.3.jar:6.2.3]
	at org.springframework.beans.factory.support.ConstructorResolver.resolveAutowiredArgument(ConstructorResolver.java:913) ~[spring-beans-6.2.3.jar:6.2.3]
	at org.springframework.beans.factory.support.ConstructorResolver.createArgumentArray(ConstructorResolver.java:791) ~[spring-beans-6.2.3.jar:6.2.3]
	at org.springframework.beans.factory.support.ConstructorResolver.autowireConstructor(ConstructorResolver.java:240) ~[spring-beans-6.2.3.jar:6.2.3]
	at org.springframework.beans.factory.support.AbstractAutowireCapableBeanFactory.autowireConstructor(AbstractAutowireCapableBeanFactory.java:1381) ~[spring-beans-6.2.3.jar:6.2.3]
	at org.springframework.beans.factory.support.AbstractAutowireCapableBeanFactory.createBeanInstance(AbstractAutowireCapableBeanFactory.java:1218) ~[spring-beans-6.2.3.jar:6.2.3]
	at org.springframework.beans.factory.support.AbstractAutowireCapableBeanFactory.doCreateBean(AbstractAutowireCapableBeanFactory.java:563) ~[spring-beans-6.2.3.jar:6.2.3]
	at org.springframework.beans.factory.support.AbstractAutowireCapableBeanFactory.createBean(AbstractAutowireCapableBeanFactory.java:523) ~[spring-beans-6.2.3.jar:6.2.3]
	at org.springframework.beans.factory.support.AbstractBeanFactory.lambda$doGetBean$0(AbstractBeanFactory.java:339) ~[spring-beans-6.2.3.jar:6.2.3]
	at org.springframework.beans.factory.support.DefaultSingletonBeanRegistry.getSingleton(DefaultSingletonBeanRegistry.java:346) ~[spring-beans-6.2.3.jar:6.2.3]
	at org.springframework.beans.factory.support.AbstractBeanFactory.doGetBean(AbstractBeanFactory.java:337) ~[spring-beans-6.2.3.jar:6.2.3]
	at org.springframework.beans.factory.support.AbstractBeanFactory.getBean(AbstractBeanFactory.java:202) ~[spring-beans-6.2.3.jar:6.2.3]
	at org.springframework.beans.factory.config.DependencyDescriptor.resolveCandidate(DependencyDescriptor.java:254) ~[spring-beans-6.2.3.jar:6.2.3]
	at org.springframework.beans.factory.support.DefaultListableBeanFactory.doResolveDependency(DefaultListableBeanFactory.java:1664) ~[spring-beans-6.2.3.jar:6.2.3]
	at org.springframework.beans.factory.support.DefaultListableBeanFactory.resolveDependency(DefaultListableBeanFactory.java:1552) ~[spring-beans-6.2.3.jar:6.2.3]
	at org.springframework.beans.factory.support.ConstructorResolver.resolveAutowiredArgument(ConstructorResolver.java:913) ~[spring-beans-6.2.3.jar:6.2.3]
	at org.springframework.beans.factory.support.ConstructorResolver.createArgumentArray(ConstructorResolver.java:791) ~[spring-beans-6.2.3.jar:6.2.3]
	at org.springframework.beans.factory.support.ConstructorResolver.autowireConstructor(ConstructorResolver.java:240) ~[spring-beans-6.2.3.jar:6.2.3]
	at org.springframework.beans.factory.support.AbstractAutowireCapableBeanFactory.autowireConstructor(AbstractAutowireCapableBeanFactory.java:1381) ~[spring-beans-6.2.3.jar:6.2.3]
	at org.springframework.beans.factory.support.AbstractAutowireCapableBeanFactory.createBeanInstance(AbstractAutowireCapableBeanFactory.java:1218) ~[spring-beans-6.2.3.jar:6.2.3]
	at org.springframework.beans.factory.support.AbstractAutowireCapableBeanFactory.doCreateBean(AbstractAutowireCapableBeanFactory.java:563) ~[spring-beans-6.2.3.jar:6.2.3]
	at org.springframework.beans.factory.support.AbstractAutowireCapableBeanFactory.createBean(AbstractAutowireCapableBeanFactory.java:523) ~[spring-beans-6.2.3.jar:6.2.3]
	at org.springframework.beans.factory.support.AbstractBeanFactory.lambda$doGetBean$0(AbstractBeanFactory.java:339) ~[spring-beans-6.2.3.jar:6.2.3]
	at org.springframework.beans.factory.support.DefaultSingletonBeanRegistry.getSingleton(DefaultSingletonBeanRegistry.java:346) ~[spring-beans-6.2.3.jar:6.2.3]
	at org.springframework.beans.factory.support.AbstractBeanFactory.doGetBean(AbstractBeanFactory.java:337) ~[spring-beans-6.2.3.jar:6.2.3]
	at org.springframework.beans.factory.support.AbstractBeanFactory.getBean(AbstractBeanFactory.java:202) ~[spring-beans-6.2.3.jar:6.2.3]
	at org.springframework.beans.factory.support.DefaultListableBeanFactory.instantiateSingleton(DefaultListableBeanFactory.java:1155) ~[spring-beans-6.2.3.jar:6.2.3]
	at org.springframework.beans.factory.support.DefaultListableBeanFactory.preInstantiateSingleton(DefaultListableBeanFactory.java:1121) ~[spring-beans-6.2.3.jar:6.2.3]
	at org.springframework.beans.factory.support.DefaultListableBeanFactory.preInstantiateSingletons(DefaultListableBeanFactory.java:1056) ~[spring-beans-6.2.3.jar:6.2.3]
	at org.springframework.context.support.AbstractApplicationContext.finishBeanFactoryInitialization(AbstractApplicationContext.java:987) ~[spring-context-6.2.3.jar:6.2.3]
	at org.springframework.context.support.AbstractApplicationContext.refresh(AbstractApplicationContext.java:627) ~[spring-context-6.2.3.jar:6.2.3]
	at org.springframework.boot.SpringApplication.refresh(SpringApplication.java:752) ~[spring-boot-3.4.3.jar:3.4.3]
	at org.springframework.boot.SpringApplication.refreshContext(SpringApplication.java:439) ~[spring-boot-3.4.3.jar:3.4.3]
	at org.springframework.boot.SpringApplication.run(SpringApplication.java:318) ~[spring-boot-3.4.3.jar:3.4.3]
	at org.springframework.boot.test.context.SpringBootContextLoader.lambda$loadContext$3(SpringBootContextLoader.java:137) ~[spring-boot-test-3.4.3.jar:3.4.3]
	at org.springframework.util.function.ThrowingSupplier.get(ThrowingSupplier.java:58) ~[spring-core-6.2.3.jar:6.2.3]
	at org.springframework.util.function.ThrowingSupplier.get(ThrowingSupplier.java:46) ~[spring-core-6.2.3.jar:6.2.3]
	at org.springframework.boot.SpringApplication.withHook(SpringApplication.java:1461) ~[spring-boot-3.4.3.jar:3.4.3]
	at org.springframework.boot.test.context.SpringBootContextLoader$ContextLoaderHook.run(SpringBootContextLoader.java:553) ~[spring-boot-test-3.4.3.jar:3.4.3]
	at org.springframework.boot.test.context.SpringBootContextLoader.loadContext(SpringBootContextLoader.java:137) ~[spring-boot-test-3.4.3.jar:3.4.3]
	at org.springframework.boot.test.context.SpringBootContextLoader.loadContext(SpringBootContextLoader.java:108) ~[spring-boot-test-3.4.3.jar:3.4.3]
	at org.springframework.test.context.cache.DefaultCacheAwareContextLoaderDelegate.loadContextInternal(DefaultCacheAwareContextLoaderDelegate.java:225) ~[spring-test-6.2.3.jar:6.2.3]
	at org.springframework.test.context.cache.DefaultCacheAwareContextLoaderDelegate.loadContext(DefaultCacheAwareContextLoaderDelegate.java:152) ~[spring-test-6.2.3.jar:6.2.3]
	at org.springframework.test.context.support.DefaultTestContext.getApplicationContext(DefaultTestContext.java:130) ~[spring-test-6.2.3.jar:6.2.3]
	at org.springframework.test.context.web.ServletTestExecutionListener.setUpRequestContextIfNecessary(ServletTestExecutionListener.java:200) ~[spring-test-6.2.3.jar:6.2.3]
	at org.springframework.test.context.web.ServletTestExecutionListener.prepareTestInstance(ServletTestExecutionListener.java:139) ~[spring-test-6.2.3.jar:6.2.3]
	at org.springframework.test.context.TestContextManager.prepareTestInstance(TestContextManager.java:260) ~[spring-test-6.2.3.jar:6.2.3]
	at org.springframework.test.context.junit.jupiter.SpringExtension.postProcessTestInstance(SpringExtension.java:160) ~[spring-test-6.2.3.jar:6.2.3]
	at org.junit.jupiter.engine.descriptor.ClassBasedTestDescriptor.lambda$invokeTestInstancePostProcessors$11(ClassBasedTestDescriptor.java:378) ~[junit-jupiter-engine-5.11.4.jar:5.11.4]
	at org.junit.jupiter.engine.descriptor.ClassBasedTestDescriptor.executeAndMaskThrowable(ClassBasedTestDescriptor.java:383) ~[junit-jupiter-engine-5.11.4.jar:5.11.4]
	at org.junit.jupiter.engine.descriptor.ClassBasedTestDescriptor.lambda$invokeTestInstancePostProcessors$12(ClassBasedTestDescriptor.java:378) ~[junit-jupiter-engine-5.11.4.jar:5.11.4]
	at java.base/java.util.stream.ForEachOps$ForEachOp$OfRef.accept(ForEachOps.java:183) ~[?:?]
	at java.base/java.util.stream.ReferencePipeline$3$1.accept(ReferencePipeline.java:197) ~[?:?]
	at java.base/java.util.stream.ReferencePipeline$2$1.accept(ReferencePipeline.java:179) ~[?:?]
	at java.base/java.util.stream.ReferencePipeline$3$1.accept(ReferencePipeline.java:197) ~[?:?]
	at java.base/java.util.ArrayList$ArrayListSpliterator.forEachRemaining(ArrayList.java:1625) ~[?:?]
	at java.base/java.util.stream.AbstractPipeline.copyInto(AbstractPipeline.java:509) ~[?:?]
	at java.base/java.util.stream.AbstractPipeline.wrapAndCopyInto(AbstractPipeline.java:499) ~[?:?]
	at java.base/java.util.stream.ForEachOps$ForEachOp.evaluateSequential(ForEachOps.java:150) ~[?:?]
	at java.base/java.util.stream.ForEachOps$ForEachOp$OfRef.evaluateSequential(ForEachOps.java:173) ~[?:?]
	at java.base/java.util.stream.AbstractPipeline.evaluate(AbstractPipeline.java:234) ~[?:?]
	at java.base/java.util.stream.ReferencePipeline.forEach(ReferencePipeline.java:596) ~[?:?]
	at org.junit.jupiter.engine.descriptor.ClassBasedTestDescriptor.invokeTestInstancePostProcessors(ClassBasedTestDescriptor.java:377) ~[junit-jupiter-engine-5.11.4.jar:5.11.4]
	at org.junit.jupiter.engine.descriptor.ClassBasedTestDescriptor.lambda$instantiateAndPostProcessTestInstance$7(ClassBasedTestDescriptor.java:290) ~[junit-jupiter-engine-5.11.4.jar:5.11.4]
	at org.junit.platform.engine.support.hierarchical.ThrowableCollector.execute(ThrowableCollector.java:73) ~[junit-platform-engine-1.11.4.jar:1.11.4]
	at org.junit.jupiter.engine.descriptor.ClassBasedTestDescriptor.instantiateAndPostProcessTestInstance(ClassBasedTestDescriptor.java:289) ~[junit-jupiter-engine-5.11.4.jar:5.11.4]
	at org.junit.jupiter.engine.descriptor.ClassBasedTestDescriptor.lambda$testInstancesProvider$5(ClassBasedTestDescriptor.java:279) ~[junit-jupiter-engine-5.11.4.jar:5.11.4]
	at java.base/java.util.Optional.orElseGet(Optional.java:364) ~[?:?]
	at org.junit.jupiter.engine.descriptor.ClassBasedTestDescriptor.lambda$testInstancesProvider$6(ClassBasedTestDescriptor.java:278) ~[junit-jupiter-engine-5.11.4.jar:5.11.4]
	at org.junit.jupiter.engine.execution.TestInstancesProvider.getTestInstances(TestInstancesProvider.java:31) ~[junit-jupiter-engine-5.11.4.jar:5.11.4]
	at org.junit.jupiter.engine.descriptor.TestMethodTestDescriptor.lambda$prepare$1(TestMethodTestDescriptor.java:105) ~[junit-jupiter-engine-5.11.4.jar:5.11.4]
	at org.junit.platform.engine.support.hierarchical.ThrowableCollector.execute(ThrowableCollector.java:73) ~[junit-platform-engine-1.11.4.jar:1.11.4]
	at org.junit.jupiter.engine.descriptor.TestMethodTestDescriptor.prepare(TestMethodTestDescriptor.java:104) ~[junit-jupiter-engine-5.11.4.jar:5.11.4]
	at org.junit.jupiter.engine.descriptor.TestMethodTestDescriptor.prepare(TestMethodTestDescriptor.java:68) ~[junit-jupiter-engine-5.11.4.jar:5.11.4]
	at org.junit.platform.engine.support.hierarchical.NodeTestTask.lambda$prepare$2(NodeTestTask.java:128) ~[junit-platform-engine-1.11.4.jar:1.11.4]
	at org.junit.platform.engine.support.hierarchical.ThrowableCollector.execute(ThrowableCollector.java:73) ~[junit-platform-engine-1.11.4.jar:1.11.4]
	at org.junit.platform.engine.support.hierarchical.NodeTestTask.prepare(NodeTestTask.java:128) ~[junit-platform-engine-1.11.4.jar:1.11.4]
	at org.junit.platform.engine.support.hierarchical.NodeTestTask.execute(NodeTestTask.java:95) ~[junit-platform-engine-1.11.4.jar:1.11.4]
	at java.base/java.util.ArrayList.forEach(ArrayList.java:1511) ~[?:?]
	at org.junit.platform.engine.support.hierarchical.SameThreadHierarchicalTestExecutorService.invokeAll(SameThreadHierarchicalTestExecutorService.java:41) ~[junit-platform-engine-1.11.4.jar:1.11.4]
	at org.junit.platform.engine.support.hierarchical.NodeTestTask.lambda$executeRecursively$6(NodeTestTask.java:160) ~[junit-platform-engine-1.11.4.jar:1.11.4]
	at org.junit.platform.engine.support.hierarchical.ThrowableCollector.execute(ThrowableCollector.java:73) ~[junit-platform-engine-1.11.4.jar:1.11.4]
	at org.junit.platform.engine.support.hierarchical.NodeTestTask.lambda$executeRecursively$8(NodeTestTask.java:146) ~[junit-platform-engine-1.11.4.jar:1.11.4]
	at org.junit.platform.engine.support.hierarchical.Node.around(Node.java:137) ~[junit-platform-engine-1.11.4.jar:1.11.4]
	at org.junit.platform.engine.support.hierarchical.NodeTestTask.lambda$executeRecursively$9(NodeTestTask.java:144) ~[junit-platform-engine-1.11.4.jar:1.11.4]
	at org.junit.platform.engine.support.hierarchical.ThrowableCollector.execute(ThrowableCollector.java:73) ~[junit-platform-engine-1.11.4.jar:1.11.4]
	at org.junit.platform.engine.support.hierarchical.NodeTestTask.executeRecursively(NodeTestTask.java:143) ~[junit-platform-engine-1.11.4.jar:1.11.4]
	at org.junit.platform.engine.support.hierarchical.NodeTestTask.execute(NodeTestTask.java:100) ~[junit-platform-engine-1.11.4.jar:1.11.4]
	at java.base/java.util.ArrayList.forEach(ArrayList.java:1511) ~[?:?]
	at org.junit.platform.engine.support.hierarchical.SameThreadHierarchicalTestExecutorService.invokeAll(SameThreadHierarchicalTestExecutorService.java:41) ~[junit-platform-engine-1.11.4.jar:1.11.4]
	at org.junit.platform.engine.support.hierarchical.NodeTestTask.lambda$executeRecursively$6(NodeTestTask.java:160) ~[junit-platform-engine-1.11.4.jar:1.11.4]
	at org.junit.platform.engine.support.hierarchical.ThrowableCollector.execute(ThrowableCollector.java:73) ~[junit-platform-engine-1.11.4.jar:1.11.4]
	at org.junit.platform.engine.support.hierarchical.NodeTestTask.lambda$executeRecursively$8(NodeTestTask.java:146) ~[junit-platform-engine-1.11.4.jar:1.11.4]
	at org.junit.platform.engine.support.hierarchical.Node.around(Node.java:137) ~[junit-platform-engine-1.11.4.jar:1.11.4]
	at org.junit.platform.engine.support.hierarchical.NodeTestTask.lambda$executeRecursively$9(NodeTestTask.java:144) ~[junit-platform-engine-1.11.4.jar:1.11.4]
	at org.junit.platform.engine.support.hierarchical.ThrowableCollector.execute(ThrowableCollector.java:73) ~[junit-platform-engine-1.11.4.jar:1.11.4]
	at org.junit.platform.engine.support.hierarchical.NodeTestTask.executeRecursively(NodeTestTask.java:143) ~[junit-platform-engine-1.11.4.jar:1.11.4]
	at org.junit.platform.engine.support.hierarchical.NodeTestTask.execute(NodeTestTask.java:100) ~[junit-platform-engine-1.11.4.jar:1.11.4]
	at org.junit.platform.engine.support.hierarchical.SameThreadHierarchicalTestExecutorService.submit(SameThreadHierarchicalTestExecutorService.java:35) ~[junit-platform-engine-1.11.4.jar:1.11.4]
	at org.junit.platform.engine.support.hierarchical.HierarchicalTestExecutor.execute(HierarchicalTestExecutor.java:57) ~[junit-platform-engine-1.11.4.jar:1.11.4]
	at org.junit.platform.engine.support.hierarchical.HierarchicalTestEngine.execute(HierarchicalTestEngine.java:54) ~[junit-platform-engine-1.11.4.jar:1.11.4]
	at org.junit.platform.launcher.core.EngineExecutionOrchestrator.execute(EngineExecutionOrchestrator.java:198) ~[junit-platform-launcher-1.11.4.jar:1.11.4]
	at org.junit.platform.launcher.core.EngineExecutionOrchestrator.execute(EngineExecutionOrchestrator.java:169) ~[junit-platform-launcher-1.11.4.jar:1.11.4]
	at org.junit.platform.launcher.core.EngineExecutionOrchestrator.execute(EngineExecutionOrchestrator.java:93) ~[junit-platform-launcher-1.11.4.jar:1.11.4]
	at org.junit.platform.launcher.core.EngineExecutionOrchestrator.lambda$execute$0(EngineExecutionOrchestrator.java:58) ~[junit-platform-launcher-1.11.4.jar:1.11.4]
	at org.junit.platform.launcher.core.EngineExecutionOrchestrator.withInterceptedStreams(EngineExecutionOrchestrator.java:141) [junit-platform-launcher-1.11.4.jar:1.11.4]
	at org.junit.platform.launcher.core.EngineExecutionOrchestrator.execute(EngineExecutionOrchestrator.java:57) [junit-platform-launcher-1.11.4.jar:1.11.4]
	at org.junit.platform.launcher.core.DefaultLauncher.execute(DefaultLauncher.java:103) [junit-platform-launcher-1.11.4.jar:1.11.4]
	at org.junit.platform.launcher.core.DefaultLauncher.execute(DefaultLauncher.java:85) [junit-platform-launcher-1.11.4.jar:1.11.4]
	at org.junit.platform.launcher.core.DelegatingLauncher.execute(DelegatingLauncher.java:47) [junit-platform-launcher-1.11.4.jar:1.11.4]
	at org.apache.maven.surefire.junitplatform.LazyLauncher.execute(LazyLauncher.java:56) [surefire-junit-platform-3.5.2.jar:3.5.2]
	at org.apache.maven.surefire.junitplatform.JUnitPlatformProvider.execute(JUnitPlatformProvider.java:184) [surefire-junit-platform-3.5.2.jar:3.5.2]
	at org.apache.maven.surefire.junitplatform.JUnitPlatformProvider.invokeAllTests(JUnitPlatformProvider.java:148) [surefire-junit-platform-3.5.2.jar:3.5.2]
	at org.apache.maven.surefire.junitplatform.JUnitPlatformProvider.invoke(JUnitPlatformProvider.java:122) [surefire-junit-platform-3.5.2.jar:3.5.2]
	at org.apache.maven.surefire.booter.ForkedBooter.runSuitesInProcess(ForkedBooter.java:385) [surefire-booter-3.5.2.jar:3.5.2]
	at org.apache.maven.surefire.booter.ForkedBooter.execute(ForkedBooter.java:162) [surefire-booter-3.5.2.jar:3.5.2]
	at org.apache.maven.surefire.booter.ForkedBooter.run(ForkedBooter.java:507) [surefire-booter-3.5.2.jar:3.5.2]
	at org.apache.maven.surefire.booter.ForkedBooter.main(ForkedBooter.java:495) [surefire-booter-3.5.2.jar:3.5.2]
2025-08-01 19:23:56.531 [main] DEBUG org.springframework.data.jpa.repository.query.NamedQuery - Did not find named query Gym.getGymsByGymOwner
2025-08-01 19:23:56.532 [main] DEBUG org.springframework.orm.jpa.SharedEntityManagerCreator$SharedEntityManagerInvocationHandler - Creating new EntityManager for shared EntityManager invocation
2025-08-01 19:23:56.534 [main] DEBUG org.springframework.data.jpa.repository.query.NamedQuery - Looking up named query 'Gym.getGymById'
2025-08-01 19:23:56.534 [main] DEBUG org.hibernate.resource.transaction.backend.jdbc.internal.JdbcResourceLocalTransactionCoordinatorImpl - JDBC transaction marked for rollback-only (exception provided for stack trace)
java.lang.Exception: exception just for purpose of providing stack trace
	at org.hibernate.resource.transaction.backend.jdbc.internal.JdbcResourceLocalTransactionCoordinatorImpl$TransactionDriverControlImpl.markRollbackOnly(JdbcResourceLocalTransactionCoordinatorImpl.java:309) ~[hibernate-core-6.6.8.Final.jar:6.6.8.Final]
	at org.hibernate.internal.AbstractSharedSessionContract.buildNamedQuery(AbstractSharedSessionContract.java:1141) ~[hibernate-core-6.6.8.Final.jar:6.6.8.Final]
	at org.hibernate.internal.AbstractSharedSessionContract.createNamedQuery(AbstractSharedSessionContract.java:1019) ~[hibernate-core-6.6.8.Final.jar:6.6.8.Final]
	at org.hibernate.internal.AbstractSharedSessionContract.createNamedQuery(AbstractSharedSessionContract.java:143) ~[hibernate-core-6.6.8.Final.jar:6.6.8.Final]
	at jdk.internal.reflect.GeneratedMethodAccessor95.invoke(Unknown Source) ~[?:?]
	at java.base/jdk.internal.reflect.DelegatingMethodAccessorImpl.invoke(DelegatingMethodAccessorImpl.java:43) ~[?:?]
	at java.base/java.lang.reflect.Method.invoke(Method.java:569) ~[?:?]
	at org.springframework.orm.jpa.ExtendedEntityManagerCreator$ExtendedEntityManagerInvocationHandler.invoke(ExtendedEntityManagerCreator.java:364) ~[spring-orm-6.2.3.jar:6.2.3]
	at jdk.proxy2/jdk.proxy2.$Proxy236.createNamedQuery(Unknown Source) ~[?:?]
	at org.springframework.data.jpa.repository.query.NamedQuery.hasNamedQuery(NamedQuery.java:114) ~[spring-data-jpa-3.4.3.jar:3.4.3]
	at org.springframework.data.jpa.repository.query.NamedQuery.lookupFrom(NamedQuery.java:140) ~[spring-data-jpa-3.4.3.jar:3.4.3]
	at org.springframework.data.jpa.repository.query.JpaQueryLookupStrategy$DeclaredQueryLookupStrategy.resolveQuery(JpaQueryLookupStrategy.java:184) ~[spring-data-jpa-3.4.3.jar:3.4.3]
	at org.springframework.data.jpa.repository.query.JpaQueryLookupStrategy$CreateIfNotFoundQueryLookupStrategy.resolveQuery(JpaQueryLookupStrategy.java:256) ~[spring-data-jpa-3.4.3.jar:3.4.3]
	at org.springframework.data.jpa.repository.query.JpaQueryLookupStrategy$AbstractQueryLookupStrategy.resolveQuery(JpaQueryLookupStrategy.java:99) ~[spring-data-jpa-3.4.3.jar:3.4.3]
	at org.springframework.data.repository.core.support.QueryExecutorMethodInterceptor.lookupQuery(QueryExecutorMethodInterceptor.java:116) ~[spring-data-commons-3.4.3.jar:3.4.3]
	at org.springframework.data.repository.core.support.QueryExecutorMethodInterceptor.mapMethodsToQuery(QueryExecutorMethodInterceptor.java:104) ~[spring-data-commons-3.4.3.jar:3.4.3]
	at org.springframework.data.repository.core.support.QueryExecutorMethodInterceptor.lambda$new$0(QueryExecutorMethodInterceptor.java:92) ~[spring-data-commons-3.4.3.jar:3.4.3]
	at java.base/java.util.Optional.map(Optional.java:260) ~[?:?]
	at org.springframework.data.repository.core.support.QueryExecutorMethodInterceptor.<init>(QueryExecutorMethodInterceptor.java:92) ~[spring-data-commons-3.4.3.jar:3.4.3]
	at org.springframework.data.repository.core.support.RepositoryFactorySupport.getRepository(RepositoryFactorySupport.java:440) ~[spring-data-commons-3.4.3.jar:3.4.3]
	at org.springframework.data.repository.core.support.RepositoryFactoryBeanSupport.lambda$afterPropertiesSet$4(RepositoryFactoryBeanSupport.java:350) ~[spring-data-commons-3.4.3.jar:3.4.3]
	at org.springframework.data.util.Lazy.getNullable(Lazy.java:135) ~[spring-data-commons-3.4.3.jar:3.4.3]
	at org.springframework.data.util.Lazy.get(Lazy.java:113) ~[spring-data-commons-3.4.3.jar:3.4.3]
	at org.springframework.data.repository.core.support.RepositoryFactoryBeanSupport.afterPropertiesSet(RepositoryFactoryBeanSupport.java:356) ~[spring-data-commons-3.4.3.jar:3.4.3]
	at org.springframework.data.jpa.repository.support.JpaRepositoryFactoryBean.afterPropertiesSet(JpaRepositoryFactoryBean.java:132) ~[spring-data-jpa-3.4.3.jar:3.4.3]
	at org.springframework.beans.factory.support.AbstractAutowireCapableBeanFactory.invokeInitMethods(AbstractAutowireCapableBeanFactory.java:1859) ~[spring-beans-6.2.3.jar:6.2.3]
	at org.springframework.beans.factory.support.AbstractAutowireCapableBeanFactory.initializeBean(AbstractAutowireCapableBeanFactory.java:1808) ~[spring-beans-6.2.3.jar:6.2.3]
	at org.springframework.beans.factory.support.AbstractAutowireCapableBeanFactory.doCreateBean(AbstractAutowireCapableBeanFactory.java:601) ~[spring-beans-6.2.3.jar:6.2.3]
	at org.springframework.beans.factory.support.AbstractAutowireCapableBeanFactory.createBean(AbstractAutowireCapableBeanFactory.java:523) ~[spring-beans-6.2.3.jar:6.2.3]
	at org.springframework.beans.factory.support.AbstractBeanFactory.lambda$doGetBean$0(AbstractBeanFactory.java:339) ~[spring-beans-6.2.3.jar:6.2.3]
	at org.springframework.beans.factory.support.DefaultSingletonBeanRegistry.getSingleton(DefaultSingletonBeanRegistry.java:346) ~[spring-beans-6.2.3.jar:6.2.3]
	at org.springframework.beans.factory.support.AbstractBeanFactory.doGetBean(AbstractBeanFactory.java:337) ~[spring-beans-6.2.3.jar:6.2.3]
	at org.springframework.beans.factory.support.AbstractBeanFactory.getBean(AbstractBeanFactory.java:202) ~[spring-beans-6.2.3.jar:6.2.3]
	at org.springframework.beans.factory.support.DefaultListableBeanFactory.doResolveDependency(DefaultListableBeanFactory.java:1606) ~[spring-beans-6.2.3.jar:6.2.3]
	at org.springframework.beans.factory.support.DefaultListableBeanFactory.resolveDependency(DefaultListableBeanFactory.java:1552) ~[spring-beans-6.2.3.jar:6.2.3]
	at org.springframework.beans.factory.support.ConstructorResolver.resolveAutowiredArgument(ConstructorResolver.java:913) ~[spring-beans-6.2.3.jar:6.2.3]
	at org.springframework.beans.factory.support.ConstructorResolver.createArgumentArray(ConstructorResolver.java:791) ~[spring-beans-6.2.3.jar:6.2.3]
	at org.springframework.beans.factory.support.ConstructorResolver.autowireConstructor(ConstructorResolver.java:240) ~[spring-beans-6.2.3.jar:6.2.3]
	at org.springframework.beans.factory.support.AbstractAutowireCapableBeanFactory.autowireConstructor(AbstractAutowireCapableBeanFactory.java:1381) ~[spring-beans-6.2.3.jar:6.2.3]
	at org.springframework.beans.factory.support.AbstractAutowireCapableBeanFactory.createBeanInstance(AbstractAutowireCapableBeanFactory.java:1218) ~[spring-beans-6.2.3.jar:6.2.3]
	at org.springframework.beans.factory.support.AbstractAutowireCapableBeanFactory.doCreateBean(AbstractAutowireCapableBeanFactory.java:563) ~[spring-beans-6.2.3.jar:6.2.3]
	at org.springframework.beans.factory.support.AbstractAutowireCapableBeanFactory.createBean(AbstractAutowireCapableBeanFactory.java:523) ~[spring-beans-6.2.3.jar:6.2.3]
	at org.springframework.beans.factory.support.AbstractBeanFactory.lambda$doGetBean$0(AbstractBeanFactory.java:339) ~[spring-beans-6.2.3.jar:6.2.3]
	at org.springframework.beans.factory.support.DefaultSingletonBeanRegistry.getSingleton(DefaultSingletonBeanRegistry.java:346) ~[spring-beans-6.2.3.jar:6.2.3]
	at org.springframework.beans.factory.support.AbstractBeanFactory.doGetBean(AbstractBeanFactory.java:337) ~[spring-beans-6.2.3.jar:6.2.3]
	at org.springframework.beans.factory.support.AbstractBeanFactory.getBean(AbstractBeanFactory.java:202) ~[spring-beans-6.2.3.jar:6.2.3]
	at org.springframework.beans.factory.config.DependencyDescriptor.resolveCandidate(DependencyDescriptor.java:254) ~[spring-beans-6.2.3.jar:6.2.3]
	at org.springframework.beans.factory.support.DefaultListableBeanFactory.doResolveDependency(DefaultListableBeanFactory.java:1664) ~[spring-beans-6.2.3.jar:6.2.3]
	at org.springframework.beans.factory.support.DefaultListableBeanFactory.resolveDependency(DefaultListableBeanFactory.java:1552) ~[spring-beans-6.2.3.jar:6.2.3]
	at org.springframework.beans.factory.support.ConstructorResolver.resolveAutowiredArgument(ConstructorResolver.java:913) ~[spring-beans-6.2.3.jar:6.2.3]
	at org.springframework.beans.factory.support.ConstructorResolver.createArgumentArray(ConstructorResolver.java:791) ~[spring-beans-6.2.3.jar:6.2.3]
	at org.springframework.beans.factory.support.ConstructorResolver.autowireConstructor(ConstructorResolver.java:240) ~[spring-beans-6.2.3.jar:6.2.3]
	at org.springframework.beans.factory.support.AbstractAutowireCapableBeanFactory.autowireConstructor(AbstractAutowireCapableBeanFactory.java:1381) ~[spring-beans-6.2.3.jar:6.2.3]
	at org.springframework.beans.factory.support.AbstractAutowireCapableBeanFactory.createBeanInstance(AbstractAutowireCapableBeanFactory.java:1218) ~[spring-beans-6.2.3.jar:6.2.3]
	at org.springframework.beans.factory.support.AbstractAutowireCapableBeanFactory.doCreateBean(AbstractAutowireCapableBeanFactory.java:563) ~[spring-beans-6.2.3.jar:6.2.3]
	at org.springframework.beans.factory.support.AbstractAutowireCapableBeanFactory.createBean(AbstractAutowireCapableBeanFactory.java:523) ~[spring-beans-6.2.3.jar:6.2.3]
	at org.springframework.beans.factory.support.AbstractBeanFactory.lambda$doGetBean$0(AbstractBeanFactory.java:339) ~[spring-beans-6.2.3.jar:6.2.3]
	at org.springframework.beans.factory.support.DefaultSingletonBeanRegistry.getSingleton(DefaultSingletonBeanRegistry.java:346) ~[spring-beans-6.2.3.jar:6.2.3]
	at org.springframework.beans.factory.support.AbstractBeanFactory.doGetBean(AbstractBeanFactory.java:337) ~[spring-beans-6.2.3.jar:6.2.3]
	at org.springframework.beans.factory.support.AbstractBeanFactory.getBean(AbstractBeanFactory.java:202) ~[spring-beans-6.2.3.jar:6.2.3]
	at org.springframework.beans.factory.support.DefaultListableBeanFactory.instantiateSingleton(DefaultListableBeanFactory.java:1155) ~[spring-beans-6.2.3.jar:6.2.3]
	at org.springframework.beans.factory.support.DefaultListableBeanFactory.preInstantiateSingleton(DefaultListableBeanFactory.java:1121) ~[spring-beans-6.2.3.jar:6.2.3]
	at org.springframework.beans.factory.support.DefaultListableBeanFactory.preInstantiateSingletons(DefaultListableBeanFactory.java:1056) ~[spring-beans-6.2.3.jar:6.2.3]
	at org.springframework.context.support.AbstractApplicationContext.finishBeanFactoryInitialization(AbstractApplicationContext.java:987) ~[spring-context-6.2.3.jar:6.2.3]
	at org.springframework.context.support.AbstractApplicationContext.refresh(AbstractApplicationContext.java:627) ~[spring-context-6.2.3.jar:6.2.3]
	at org.springframework.boot.SpringApplication.refresh(SpringApplication.java:752) ~[spring-boot-3.4.3.jar:3.4.3]
	at org.springframework.boot.SpringApplication.refreshContext(SpringApplication.java:439) ~[spring-boot-3.4.3.jar:3.4.3]
	at org.springframework.boot.SpringApplication.run(SpringApplication.java:318) ~[spring-boot-3.4.3.jar:3.4.3]
	at org.springframework.boot.test.context.SpringBootContextLoader.lambda$loadContext$3(SpringBootContextLoader.java:137) ~[spring-boot-test-3.4.3.jar:3.4.3]
	at org.springframework.util.function.ThrowingSupplier.get(ThrowingSupplier.java:58) ~[spring-core-6.2.3.jar:6.2.3]
	at org.springframework.util.function.ThrowingSupplier.get(ThrowingSupplier.java:46) ~[spring-core-6.2.3.jar:6.2.3]
	at org.springframework.boot.SpringApplication.withHook(SpringApplication.java:1461) ~[spring-boot-3.4.3.jar:3.4.3]
	at org.springframework.boot.test.context.SpringBootContextLoader$ContextLoaderHook.run(SpringBootContextLoader.java:553) ~[spring-boot-test-3.4.3.jar:3.4.3]
	at org.springframework.boot.test.context.SpringBootContextLoader.loadContext(SpringBootContextLoader.java:137) ~[spring-boot-test-3.4.3.jar:3.4.3]
	at org.springframework.boot.test.context.SpringBootContextLoader.loadContext(SpringBootContextLoader.java:108) ~[spring-boot-test-3.4.3.jar:3.4.3]
	at org.springframework.test.context.cache.DefaultCacheAwareContextLoaderDelegate.loadContextInternal(DefaultCacheAwareContextLoaderDelegate.java:225) ~[spring-test-6.2.3.jar:6.2.3]
	at org.springframework.test.context.cache.DefaultCacheAwareContextLoaderDelegate.loadContext(DefaultCacheAwareContextLoaderDelegate.java:152) ~[spring-test-6.2.3.jar:6.2.3]
	at org.springframework.test.context.support.DefaultTestContext.getApplicationContext(DefaultTestContext.java:130) ~[spring-test-6.2.3.jar:6.2.3]
	at org.springframework.test.context.web.ServletTestExecutionListener.setUpRequestContextIfNecessary(ServletTestExecutionListener.java:200) ~[spring-test-6.2.3.jar:6.2.3]
	at org.springframework.test.context.web.ServletTestExecutionListener.prepareTestInstance(ServletTestExecutionListener.java:139) ~[spring-test-6.2.3.jar:6.2.3]
	at org.springframework.test.context.TestContextManager.prepareTestInstance(TestContextManager.java:260) ~[spring-test-6.2.3.jar:6.2.3]
	at org.springframework.test.context.junit.jupiter.SpringExtension.postProcessTestInstance(SpringExtension.java:160) ~[spring-test-6.2.3.jar:6.2.3]
	at org.junit.jupiter.engine.descriptor.ClassBasedTestDescriptor.lambda$invokeTestInstancePostProcessors$11(ClassBasedTestDescriptor.java:378) ~[junit-jupiter-engine-5.11.4.jar:5.11.4]
	at org.junit.jupiter.engine.descriptor.ClassBasedTestDescriptor.executeAndMaskThrowable(ClassBasedTestDescriptor.java:383) ~[junit-jupiter-engine-5.11.4.jar:5.11.4]
	at org.junit.jupiter.engine.descriptor.ClassBasedTestDescriptor.lambda$invokeTestInstancePostProcessors$12(ClassBasedTestDescriptor.java:378) ~[junit-jupiter-engine-5.11.4.jar:5.11.4]
	at java.base/java.util.stream.ForEachOps$ForEachOp$OfRef.accept(ForEachOps.java:183) ~[?:?]
	at java.base/java.util.stream.ReferencePipeline$3$1.accept(ReferencePipeline.java:197) ~[?:?]
	at java.base/java.util.stream.ReferencePipeline$2$1.accept(ReferencePipeline.java:179) ~[?:?]
	at java.base/java.util.stream.ReferencePipeline$3$1.accept(ReferencePipeline.java:197) ~[?:?]
	at java.base/java.util.ArrayList$ArrayListSpliterator.forEachRemaining(ArrayList.java:1625) ~[?:?]
	at java.base/java.util.stream.AbstractPipeline.copyInto(AbstractPipeline.java:509) ~[?:?]
	at java.base/java.util.stream.AbstractPipeline.wrapAndCopyInto(AbstractPipeline.java:499) ~[?:?]
	at java.base/java.util.stream.ForEachOps$ForEachOp.evaluateSequential(ForEachOps.java:150) ~[?:?]
	at java.base/java.util.stream.ForEachOps$ForEachOp$OfRef.evaluateSequential(ForEachOps.java:173) ~[?:?]
	at java.base/java.util.stream.AbstractPipeline.evaluate(AbstractPipeline.java:234) ~[?:?]
	at java.base/java.util.stream.ReferencePipeline.forEach(ReferencePipeline.java:596) ~[?:?]
	at org.junit.jupiter.engine.descriptor.ClassBasedTestDescriptor.invokeTestInstancePostProcessors(ClassBasedTestDescriptor.java:377) ~[junit-jupiter-engine-5.11.4.jar:5.11.4]
	at org.junit.jupiter.engine.descriptor.ClassBasedTestDescriptor.lambda$instantiateAndPostProcessTestInstance$7(ClassBasedTestDescriptor.java:290) ~[junit-jupiter-engine-5.11.4.jar:5.11.4]
	at org.junit.platform.engine.support.hierarchical.ThrowableCollector.execute(ThrowableCollector.java:73) ~[junit-platform-engine-1.11.4.jar:1.11.4]
	at org.junit.jupiter.engine.descriptor.ClassBasedTestDescriptor.instantiateAndPostProcessTestInstance(ClassBasedTestDescriptor.java:289) ~[junit-jupiter-engine-5.11.4.jar:5.11.4]
	at org.junit.jupiter.engine.descriptor.ClassBasedTestDescriptor.lambda$testInstancesProvider$5(ClassBasedTestDescriptor.java:279) ~[junit-jupiter-engine-5.11.4.jar:5.11.4]
	at java.base/java.util.Optional.orElseGet(Optional.java:364) ~[?:?]
	at org.junit.jupiter.engine.descriptor.ClassBasedTestDescriptor.lambda$testInstancesProvider$6(ClassBasedTestDescriptor.java:278) ~[junit-jupiter-engine-5.11.4.jar:5.11.4]
	at org.junit.jupiter.engine.execution.TestInstancesProvider.getTestInstances(TestInstancesProvider.java:31) ~[junit-jupiter-engine-5.11.4.jar:5.11.4]
	at org.junit.jupiter.engine.descriptor.TestMethodTestDescriptor.lambda$prepare$1(TestMethodTestDescriptor.java:105) ~[junit-jupiter-engine-5.11.4.jar:5.11.4]
	at org.junit.platform.engine.support.hierarchical.ThrowableCollector.execute(ThrowableCollector.java:73) ~[junit-platform-engine-1.11.4.jar:1.11.4]
	at org.junit.jupiter.engine.descriptor.TestMethodTestDescriptor.prepare(TestMethodTestDescriptor.java:104) ~[junit-jupiter-engine-5.11.4.jar:5.11.4]
	at org.junit.jupiter.engine.descriptor.TestMethodTestDescriptor.prepare(TestMethodTestDescriptor.java:68) ~[junit-jupiter-engine-5.11.4.jar:5.11.4]
	at org.junit.platform.engine.support.hierarchical.NodeTestTask.lambda$prepare$2(NodeTestTask.java:128) ~[junit-platform-engine-1.11.4.jar:1.11.4]
	at org.junit.platform.engine.support.hierarchical.ThrowableCollector.execute(ThrowableCollector.java:73) ~[junit-platform-engine-1.11.4.jar:1.11.4]
	at org.junit.platform.engine.support.hierarchical.NodeTestTask.prepare(NodeTestTask.java:128) ~[junit-platform-engine-1.11.4.jar:1.11.4]
	at org.junit.platform.engine.support.hierarchical.NodeTestTask.execute(NodeTestTask.java:95) ~[junit-platform-engine-1.11.4.jar:1.11.4]
	at java.base/java.util.ArrayList.forEach(ArrayList.java:1511) ~[?:?]
	at org.junit.platform.engine.support.hierarchical.SameThreadHierarchicalTestExecutorService.invokeAll(SameThreadHierarchicalTestExecutorService.java:41) ~[junit-platform-engine-1.11.4.jar:1.11.4]
	at org.junit.platform.engine.support.hierarchical.NodeTestTask.lambda$executeRecursively$6(NodeTestTask.java:160) ~[junit-platform-engine-1.11.4.jar:1.11.4]
	at org.junit.platform.engine.support.hierarchical.ThrowableCollector.execute(ThrowableCollector.java:73) ~[junit-platform-engine-1.11.4.jar:1.11.4]
	at org.junit.platform.engine.support.hierarchical.NodeTestTask.lambda$executeRecursively$8(NodeTestTask.java:146) ~[junit-platform-engine-1.11.4.jar:1.11.4]
	at org.junit.platform.engine.support.hierarchical.Node.around(Node.java:137) ~[junit-platform-engine-1.11.4.jar:1.11.4]
	at org.junit.platform.engine.support.hierarchical.NodeTestTask.lambda$executeRecursively$9(NodeTestTask.java:144) ~[junit-platform-engine-1.11.4.jar:1.11.4]
	at org.junit.platform.engine.support.hierarchical.ThrowableCollector.execute(ThrowableCollector.java:73) ~[junit-platform-engine-1.11.4.jar:1.11.4]
	at org.junit.platform.engine.support.hierarchical.NodeTestTask.executeRecursively(NodeTestTask.java:143) ~[junit-platform-engine-1.11.4.jar:1.11.4]
	at org.junit.platform.engine.support.hierarchical.NodeTestTask.execute(NodeTestTask.java:100) ~[junit-platform-engine-1.11.4.jar:1.11.4]
	at java.base/java.util.ArrayList.forEach(ArrayList.java:1511) ~[?:?]
	at org.junit.platform.engine.support.hierarchical.SameThreadHierarchicalTestExecutorService.invokeAll(SameThreadHierarchicalTestExecutorService.java:41) ~[junit-platform-engine-1.11.4.jar:1.11.4]
	at org.junit.platform.engine.support.hierarchical.NodeTestTask.lambda$executeRecursively$6(NodeTestTask.java:160) ~[junit-platform-engine-1.11.4.jar:1.11.4]
	at org.junit.platform.engine.support.hierarchical.ThrowableCollector.execute(ThrowableCollector.java:73) ~[junit-platform-engine-1.11.4.jar:1.11.4]
	at org.junit.platform.engine.support.hierarchical.NodeTestTask.lambda$executeRecursively$8(NodeTestTask.java:146) ~[junit-platform-engine-1.11.4.jar:1.11.4]
	at org.junit.platform.engine.support.hierarchical.Node.around(Node.java:137) ~[junit-platform-engine-1.11.4.jar:1.11.4]
	at org.junit.platform.engine.support.hierarchical.NodeTestTask.lambda$executeRecursively$9(NodeTestTask.java:144) ~[junit-platform-engine-1.11.4.jar:1.11.4]
	at org.junit.platform.engine.support.hierarchical.ThrowableCollector.execute(ThrowableCollector.java:73) ~[junit-platform-engine-1.11.4.jar:1.11.4]
	at org.junit.platform.engine.support.hierarchical.NodeTestTask.executeRecursively(NodeTestTask.java:143) ~[junit-platform-engine-1.11.4.jar:1.11.4]
	at org.junit.platform.engine.support.hierarchical.NodeTestTask.execute(NodeTestTask.java:100) ~[junit-platform-engine-1.11.4.jar:1.11.4]
	at org.junit.platform.engine.support.hierarchical.SameThreadHierarchicalTestExecutorService.submit(SameThreadHierarchicalTestExecutorService.java:35) ~[junit-platform-engine-1.11.4.jar:1.11.4]
	at org.junit.platform.engine.support.hierarchical.HierarchicalTestExecutor.execute(HierarchicalTestExecutor.java:57) ~[junit-platform-engine-1.11.4.jar:1.11.4]
	at org.junit.platform.engine.support.hierarchical.HierarchicalTestEngine.execute(HierarchicalTestEngine.java:54) ~[junit-platform-engine-1.11.4.jar:1.11.4]
	at org.junit.platform.launcher.core.EngineExecutionOrchestrator.execute(EngineExecutionOrchestrator.java:198) ~[junit-platform-launcher-1.11.4.jar:1.11.4]
	at org.junit.platform.launcher.core.EngineExecutionOrchestrator.execute(EngineExecutionOrchestrator.java:169) ~[junit-platform-launcher-1.11.4.jar:1.11.4]
	at org.junit.platform.launcher.core.EngineExecutionOrchestrator.execute(EngineExecutionOrchestrator.java:93) ~[junit-platform-launcher-1.11.4.jar:1.11.4]
	at org.junit.platform.launcher.core.EngineExecutionOrchestrator.lambda$execute$0(EngineExecutionOrchestrator.java:58) ~[junit-platform-launcher-1.11.4.jar:1.11.4]
	at org.junit.platform.launcher.core.EngineExecutionOrchestrator.withInterceptedStreams(EngineExecutionOrchestrator.java:141) [junit-platform-launcher-1.11.4.jar:1.11.4]
	at org.junit.platform.launcher.core.EngineExecutionOrchestrator.execute(EngineExecutionOrchestrator.java:57) [junit-platform-launcher-1.11.4.jar:1.11.4]
	at org.junit.platform.launcher.core.DefaultLauncher.execute(DefaultLauncher.java:103) [junit-platform-launcher-1.11.4.jar:1.11.4]
	at org.junit.platform.launcher.core.DefaultLauncher.execute(DefaultLauncher.java:85) [junit-platform-launcher-1.11.4.jar:1.11.4]
	at org.junit.platform.launcher.core.DelegatingLauncher.execute(DelegatingLauncher.java:47) [junit-platform-launcher-1.11.4.jar:1.11.4]
	at org.apache.maven.surefire.junitplatform.LazyLauncher.execute(LazyLauncher.java:56) [surefire-junit-platform-3.5.2.jar:3.5.2]
	at org.apache.maven.surefire.junitplatform.JUnitPlatformProvider.execute(JUnitPlatformProvider.java:184) [surefire-junit-platform-3.5.2.jar:3.5.2]
	at org.apache.maven.surefire.junitplatform.JUnitPlatformProvider.invokeAllTests(JUnitPlatformProvider.java:148) [surefire-junit-platform-3.5.2.jar:3.5.2]
	at org.apache.maven.surefire.junitplatform.JUnitPlatformProvider.invoke(JUnitPlatformProvider.java:122) [surefire-junit-platform-3.5.2.jar:3.5.2]
	at org.apache.maven.surefire.booter.ForkedBooter.runSuitesInProcess(ForkedBooter.java:385) [surefire-booter-3.5.2.jar:3.5.2]
	at org.apache.maven.surefire.booter.ForkedBooter.execute(ForkedBooter.java:162) [surefire-booter-3.5.2.jar:3.5.2]
	at org.apache.maven.surefire.booter.ForkedBooter.run(ForkedBooter.java:507) [surefire-booter-3.5.2.jar:3.5.2]
	at org.apache.maven.surefire.booter.ForkedBooter.main(ForkedBooter.java:495) [surefire-booter-3.5.2.jar:3.5.2]
2025-08-01 19:23:56.537 [main] DEBUG org.springframework.data.jpa.repository.query.NamedQuery - Did not find named query Gym.getGymById
2025-08-01 19:23:56.538 [main] DEBUG org.springframework.orm.jpa.SharedEntityManagerCreator$SharedEntityManagerInvocationHandler - Creating new EntityManager for shared EntityManager invocation
2025-08-01 19:23:56.542 [main] DEBUG org.hibernate.resource.transaction.backend.jdbc.internal.JdbcResourceLocalTransactionCoordinatorImpl - JDBC transaction marked for rollback-only (exception provided for stack trace)
java.lang.Exception: exception just for purpose of providing stack trace
	at org.hibernate.resource.transaction.backend.jdbc.internal.JdbcResourceLocalTransactionCoordinatorImpl$TransactionDriverControlImpl.markRollbackOnly(JdbcResourceLocalTransactionCoordinatorImpl.java:309) ~[hibernate-core-6.6.8.Final.jar:6.6.8.Final]
	at org.hibernate.internal.AbstractSharedSessionContract.buildNamedQuery(AbstractSharedSessionContract.java:1141) ~[hibernate-core-6.6.8.Final.jar:6.6.8.Final]
	at org.hibernate.internal.AbstractSharedSessionContract.createNamedQuery(AbstractSharedSessionContract.java:1019) ~[hibernate-core-6.6.8.Final.jar:6.6.8.Final]
	at org.hibernate.internal.AbstractSharedSessionContract.createNamedQuery(AbstractSharedSessionContract.java:143) ~[hibernate-core-6.6.8.Final.jar:6.6.8.Final]
	at jdk.internal.reflect.GeneratedMethodAccessor95.invoke(Unknown Source) ~[?:?]
	at java.base/jdk.internal.reflect.DelegatingMethodAccessorImpl.invoke(DelegatingMethodAccessorImpl.java:43) ~[?:?]
	at java.base/java.lang.reflect.Method.invoke(Method.java:569) ~[?:?]
	at org.springframework.orm.jpa.ExtendedEntityManagerCreator$ExtendedEntityManagerInvocationHandler.invoke(ExtendedEntityManagerCreator.java:364) ~[spring-orm-6.2.3.jar:6.2.3]
	at jdk.proxy2/jdk.proxy2.$Proxy236.createNamedQuery(Unknown Source) ~[?:?]
	at org.springframework.data.jpa.repository.query.NamedQuery.hasNamedQuery(NamedQuery.java:114) ~[spring-data-jpa-3.4.3.jar:3.4.3]
	at org.springframework.data.jpa.repository.query.JpaQueryLookupStrategy$DeclaredQueryLookupStrategy.getCountQuery(JpaQueryLookupStrategy.java:208) ~[spring-data-jpa-3.4.3.jar:3.4.3]
	at org.springframework.data.jpa.repository.query.JpaQueryLookupStrategy$DeclaredQueryLookupStrategy.resolveQuery(JpaQueryLookupStrategy.java:175) ~[spring-data-jpa-3.4.3.jar:3.4.3]
	at org.springframework.data.jpa.repository.query.JpaQueryLookupStrategy$CreateIfNotFoundQueryLookupStrategy.resolveQuery(JpaQueryLookupStrategy.java:256) ~[spring-data-jpa-3.4.3.jar:3.4.3]
	at org.springframework.data.jpa.repository.query.JpaQueryLookupStrategy$AbstractQueryLookupStrategy.resolveQuery(JpaQueryLookupStrategy.java:99) ~[spring-data-jpa-3.4.3.jar:3.4.3]
	at org.springframework.data.repository.core.support.QueryExecutorMethodInterceptor.lookupQuery(QueryExecutorMethodInterceptor.java:116) ~[spring-data-commons-3.4.3.jar:3.4.3]
	at org.springframework.data.repository.core.support.QueryExecutorMethodInterceptor.mapMethodsToQuery(QueryExecutorMethodInterceptor.java:104) ~[spring-data-commons-3.4.3.jar:3.4.3]
	at org.springframework.data.repository.core.support.QueryExecutorMethodInterceptor.lambda$new$0(QueryExecutorMethodInterceptor.java:92) ~[spring-data-commons-3.4.3.jar:3.4.3]
	at java.base/java.util.Optional.map(Optional.java:260) ~[?:?]
	at org.springframework.data.repository.core.support.QueryExecutorMethodInterceptor.<init>(QueryExecutorMethodInterceptor.java:92) ~[spring-data-commons-3.4.3.jar:3.4.3]
	at org.springframework.data.repository.core.support.RepositoryFactorySupport.getRepository(RepositoryFactorySupport.java:440) ~[spring-data-commons-3.4.3.jar:3.4.3]
	at org.springframework.data.repository.core.support.RepositoryFactoryBeanSupport.lambda$afterPropertiesSet$4(RepositoryFactoryBeanSupport.java:350) ~[spring-data-commons-3.4.3.jar:3.4.3]
	at org.springframework.data.util.Lazy.getNullable(Lazy.java:135) ~[spring-data-commons-3.4.3.jar:3.4.3]
	at org.springframework.data.util.Lazy.get(Lazy.java:113) ~[spring-data-commons-3.4.3.jar:3.4.3]
	at org.springframework.data.repository.core.support.RepositoryFactoryBeanSupport.afterPropertiesSet(RepositoryFactoryBeanSupport.java:356) ~[spring-data-commons-3.4.3.jar:3.4.3]
	at org.springframework.data.jpa.repository.support.JpaRepositoryFactoryBean.afterPropertiesSet(JpaRepositoryFactoryBean.java:132) ~[spring-data-jpa-3.4.3.jar:3.4.3]
	at org.springframework.beans.factory.support.AbstractAutowireCapableBeanFactory.invokeInitMethods(AbstractAutowireCapableBeanFactory.java:1859) ~[spring-beans-6.2.3.jar:6.2.3]
	at org.springframework.beans.factory.support.AbstractAutowireCapableBeanFactory.initializeBean(AbstractAutowireCapableBeanFactory.java:1808) ~[spring-beans-6.2.3.jar:6.2.3]
	at org.springframework.beans.factory.support.AbstractAutowireCapableBeanFactory.doCreateBean(AbstractAutowireCapableBeanFactory.java:601) ~[spring-beans-6.2.3.jar:6.2.3]
	at org.springframework.beans.factory.support.AbstractAutowireCapableBeanFactory.createBean(AbstractAutowireCapableBeanFactory.java:523) ~[spring-beans-6.2.3.jar:6.2.3]
	at org.springframework.beans.factory.support.AbstractBeanFactory.lambda$doGetBean$0(AbstractBeanFactory.java:339) ~[spring-beans-6.2.3.jar:6.2.3]
	at org.springframework.beans.factory.support.DefaultSingletonBeanRegistry.getSingleton(DefaultSingletonBeanRegistry.java:346) ~[spring-beans-6.2.3.jar:6.2.3]
	at org.springframework.beans.factory.support.AbstractBeanFactory.doGetBean(AbstractBeanFactory.java:337) ~[spring-beans-6.2.3.jar:6.2.3]
	at org.springframework.beans.factory.support.AbstractBeanFactory.getBean(AbstractBeanFactory.java:202) ~[spring-beans-6.2.3.jar:6.2.3]
	at org.springframework.beans.factory.support.DefaultListableBeanFactory.doResolveDependency(DefaultListableBeanFactory.java:1606) ~[spring-beans-6.2.3.jar:6.2.3]
	at org.springframework.beans.factory.support.DefaultListableBeanFactory.resolveDependency(DefaultListableBeanFactory.java:1552) ~[spring-beans-6.2.3.jar:6.2.3]
	at org.springframework.beans.factory.support.ConstructorResolver.resolveAutowiredArgument(ConstructorResolver.java:913) ~[spring-beans-6.2.3.jar:6.2.3]
	at org.springframework.beans.factory.support.ConstructorResolver.createArgumentArray(ConstructorResolver.java:791) ~[spring-beans-6.2.3.jar:6.2.3]
	at org.springframework.beans.factory.support.ConstructorResolver.autowireConstructor(ConstructorResolver.java:240) ~[spring-beans-6.2.3.jar:6.2.3]
	at org.springframework.beans.factory.support.AbstractAutowireCapableBeanFactory.autowireConstructor(AbstractAutowireCapableBeanFactory.java:1381) ~[spring-beans-6.2.3.jar:6.2.3]
	at org.springframework.beans.factory.support.AbstractAutowireCapableBeanFactory.createBeanInstance(AbstractAutowireCapableBeanFactory.java:1218) ~[spring-beans-6.2.3.jar:6.2.3]
	at org.springframework.beans.factory.support.AbstractAutowireCapableBeanFactory.doCreateBean(AbstractAutowireCapableBeanFactory.java:563) ~[spring-beans-6.2.3.jar:6.2.3]
	at org.springframework.beans.factory.support.AbstractAutowireCapableBeanFactory.createBean(AbstractAutowireCapableBeanFactory.java:523) ~[spring-beans-6.2.3.jar:6.2.3]
	at org.springframework.beans.factory.support.AbstractBeanFactory.lambda$doGetBean$0(AbstractBeanFactory.java:339) ~[spring-beans-6.2.3.jar:6.2.3]
	at org.springframework.beans.factory.support.DefaultSingletonBeanRegistry.getSingleton(DefaultSingletonBeanRegistry.java:346) ~[spring-beans-6.2.3.jar:6.2.3]
	at org.springframework.beans.factory.support.AbstractBeanFactory.doGetBean(AbstractBeanFactory.java:337) ~[spring-beans-6.2.3.jar:6.2.3]
	at org.springframework.beans.factory.support.AbstractBeanFactory.getBean(AbstractBeanFactory.java:202) ~[spring-beans-6.2.3.jar:6.2.3]
	at org.springframework.beans.factory.config.DependencyDescriptor.resolveCandidate(DependencyDescriptor.java:254) ~[spring-beans-6.2.3.jar:6.2.3]
	at org.springframework.beans.factory.support.DefaultListableBeanFactory.doResolveDependency(DefaultListableBeanFactory.java:1664) ~[spring-beans-6.2.3.jar:6.2.3]
	at org.springframework.beans.factory.support.DefaultListableBeanFactory.resolveDependency(DefaultListableBeanFactory.java:1552) ~[spring-beans-6.2.3.jar:6.2.3]
	at org.springframework.beans.factory.support.ConstructorResolver.resolveAutowiredArgument(ConstructorResolver.java:913) ~[spring-beans-6.2.3.jar:6.2.3]
	at org.springframework.beans.factory.support.ConstructorResolver.createArgumentArray(ConstructorResolver.java:791) ~[spring-beans-6.2.3.jar:6.2.3]
	at org.springframework.beans.factory.support.ConstructorResolver.autowireConstructor(ConstructorResolver.java:240) ~[spring-beans-6.2.3.jar:6.2.3]
	at org.springframework.beans.factory.support.AbstractAutowireCapableBeanFactory.autowireConstructor(AbstractAutowireCapableBeanFactory.java:1381) ~[spring-beans-6.2.3.jar:6.2.3]
	at org.springframework.beans.factory.support.AbstractAutowireCapableBeanFactory.createBeanInstance(AbstractAutowireCapableBeanFactory.java:1218) ~[spring-beans-6.2.3.jar:6.2.3]
	at org.springframework.beans.factory.support.AbstractAutowireCapableBeanFactory.doCreateBean(AbstractAutowireCapableBeanFactory.java:563) ~[spring-beans-6.2.3.jar:6.2.3]
	at org.springframework.beans.factory.support.AbstractAutowireCapableBeanFactory.createBean(AbstractAutowireCapableBeanFactory.java:523) ~[spring-beans-6.2.3.jar:6.2.3]
	at org.springframework.beans.factory.support.AbstractBeanFactory.lambda$doGetBean$0(AbstractBeanFactory.java:339) ~[spring-beans-6.2.3.jar:6.2.3]
	at org.springframework.beans.factory.support.DefaultSingletonBeanRegistry.getSingleton(DefaultSingletonBeanRegistry.java:346) ~[spring-beans-6.2.3.jar:6.2.3]
	at org.springframework.beans.factory.support.AbstractBeanFactory.doGetBean(AbstractBeanFactory.java:337) ~[spring-beans-6.2.3.jar:6.2.3]
	at org.springframework.beans.factory.support.AbstractBeanFactory.getBean(AbstractBeanFactory.java:202) ~[spring-beans-6.2.3.jar:6.2.3]
	at org.springframework.beans.factory.support.DefaultListableBeanFactory.instantiateSingleton(DefaultListableBeanFactory.java:1155) ~[spring-beans-6.2.3.jar:6.2.3]
	at org.springframework.beans.factory.support.DefaultListableBeanFactory.preInstantiateSingleton(DefaultListableBeanFactory.java:1121) ~[spring-beans-6.2.3.jar:6.2.3]
	at org.springframework.beans.factory.support.DefaultListableBeanFactory.preInstantiateSingletons(DefaultListableBeanFactory.java:1056) ~[spring-beans-6.2.3.jar:6.2.3]
	at org.springframework.context.support.AbstractApplicationContext.finishBeanFactoryInitialization(AbstractApplicationContext.java:987) ~[spring-context-6.2.3.jar:6.2.3]
	at org.springframework.context.support.AbstractApplicationContext.refresh(AbstractApplicationContext.java:627) ~[spring-context-6.2.3.jar:6.2.3]
	at org.springframework.boot.SpringApplication.refresh(SpringApplication.java:752) ~[spring-boot-3.4.3.jar:3.4.3]
	at org.springframework.boot.SpringApplication.refreshContext(SpringApplication.java:439) ~[spring-boot-3.4.3.jar:3.4.3]
	at org.springframework.boot.SpringApplication.run(SpringApplication.java:318) ~[spring-boot-3.4.3.jar:3.4.3]
	at org.springframework.boot.test.context.SpringBootContextLoader.lambda$loadContext$3(SpringBootContextLoader.java:137) ~[spring-boot-test-3.4.3.jar:3.4.3]
	at org.springframework.util.function.ThrowingSupplier.get(ThrowingSupplier.java:58) ~[spring-core-6.2.3.jar:6.2.3]
	at org.springframework.util.function.ThrowingSupplier.get(ThrowingSupplier.java:46) ~[spring-core-6.2.3.jar:6.2.3]
	at org.springframework.boot.SpringApplication.withHook(SpringApplication.java:1461) ~[spring-boot-3.4.3.jar:3.4.3]
	at org.springframework.boot.test.context.SpringBootContextLoader$ContextLoaderHook.run(SpringBootContextLoader.java:553) ~[spring-boot-test-3.4.3.jar:3.4.3]
	at org.springframework.boot.test.context.SpringBootContextLoader.loadContext(SpringBootContextLoader.java:137) ~[spring-boot-test-3.4.3.jar:3.4.3]
	at org.springframework.boot.test.context.SpringBootContextLoader.loadContext(SpringBootContextLoader.java:108) ~[spring-boot-test-3.4.3.jar:3.4.3]
	at org.springframework.test.context.cache.DefaultCacheAwareContextLoaderDelegate.loadContextInternal(DefaultCacheAwareContextLoaderDelegate.java:225) ~[spring-test-6.2.3.jar:6.2.3]
	at org.springframework.test.context.cache.DefaultCacheAwareContextLoaderDelegate.loadContext(DefaultCacheAwareContextLoaderDelegate.java:152) ~[spring-test-6.2.3.jar:6.2.3]
	at org.springframework.test.context.support.DefaultTestContext.getApplicationContext(DefaultTestContext.java:130) ~[spring-test-6.2.3.jar:6.2.3]
	at org.springframework.test.context.web.ServletTestExecutionListener.setUpRequestContextIfNecessary(ServletTestExecutionListener.java:200) ~[spring-test-6.2.3.jar:6.2.3]
	at org.springframework.test.context.web.ServletTestExecutionListener.prepareTestInstance(ServletTestExecutionListener.java:139) ~[spring-test-6.2.3.jar:6.2.3]
	at org.springframework.test.context.TestContextManager.prepareTestInstance(TestContextManager.java:260) ~[spring-test-6.2.3.jar:6.2.3]
	at org.springframework.test.context.junit.jupiter.SpringExtension.postProcessTestInstance(SpringExtension.java:160) ~[spring-test-6.2.3.jar:6.2.3]
	at org.junit.jupiter.engine.descriptor.ClassBasedTestDescriptor.lambda$invokeTestInstancePostProcessors$11(ClassBasedTestDescriptor.java:378) ~[junit-jupiter-engine-5.11.4.jar:5.11.4]
	at org.junit.jupiter.engine.descriptor.ClassBasedTestDescriptor.executeAndMaskThrowable(ClassBasedTestDescriptor.java:383) ~[junit-jupiter-engine-5.11.4.jar:5.11.4]
	at org.junit.jupiter.engine.descriptor.ClassBasedTestDescriptor.lambda$invokeTestInstancePostProcessors$12(ClassBasedTestDescriptor.java:378) ~[junit-jupiter-engine-5.11.4.jar:5.11.4]
	at java.base/java.util.stream.ForEachOps$ForEachOp$OfRef.accept(ForEachOps.java:183) ~[?:?]
	at java.base/java.util.stream.ReferencePipeline$3$1.accept(ReferencePipeline.java:197) ~[?:?]
	at java.base/java.util.stream.ReferencePipeline$2$1.accept(ReferencePipeline.java:179) ~[?:?]
	at java.base/java.util.stream.ReferencePipeline$3$1.accept(ReferencePipeline.java:197) ~[?:?]
	at java.base/java.util.ArrayList$ArrayListSpliterator.forEachRemaining(ArrayList.java:1625) ~[?:?]
	at java.base/java.util.stream.AbstractPipeline.copyInto(AbstractPipeline.java:509) ~[?:?]
	at java.base/java.util.stream.AbstractPipeline.wrapAndCopyInto(AbstractPipeline.java:499) ~[?:?]
	at java.base/java.util.stream.ForEachOps$ForEachOp.evaluateSequential(ForEachOps.java:150) ~[?:?]
	at java.base/java.util.stream.ForEachOps$ForEachOp$OfRef.evaluateSequential(ForEachOps.java:173) ~[?:?]
	at java.base/java.util.stream.AbstractPipeline.evaluate(AbstractPipeline.java:234) ~[?:?]
	at java.base/java.util.stream.ReferencePipeline.forEach(ReferencePipeline.java:596) ~[?:?]
	at org.junit.jupiter.engine.descriptor.ClassBasedTestDescriptor.invokeTestInstancePostProcessors(ClassBasedTestDescriptor.java:377) ~[junit-jupiter-engine-5.11.4.jar:5.11.4]
	at org.junit.jupiter.engine.descriptor.ClassBasedTestDescriptor.lambda$instantiateAndPostProcessTestInstance$7(ClassBasedTestDescriptor.java:290) ~[junit-jupiter-engine-5.11.4.jar:5.11.4]
	at org.junit.platform.engine.support.hierarchical.ThrowableCollector.execute(ThrowableCollector.java:73) ~[junit-platform-engine-1.11.4.jar:1.11.4]
	at org.junit.jupiter.engine.descriptor.ClassBasedTestDescriptor.instantiateAndPostProcessTestInstance(ClassBasedTestDescriptor.java:289) ~[junit-jupiter-engine-5.11.4.jar:5.11.4]
	at org.junit.jupiter.engine.descriptor.ClassBasedTestDescriptor.lambda$testInstancesProvider$5(ClassBasedTestDescriptor.java:279) ~[junit-jupiter-engine-5.11.4.jar:5.11.4]
	at java.base/java.util.Optional.orElseGet(Optional.java:364) ~[?:?]
	at org.junit.jupiter.engine.descriptor.ClassBasedTestDescriptor.lambda$testInstancesProvider$6(ClassBasedTestDescriptor.java:278) ~[junit-jupiter-engine-5.11.4.jar:5.11.4]
	at org.junit.jupiter.engine.execution.TestInstancesProvider.getTestInstances(TestInstancesProvider.java:31) ~[junit-jupiter-engine-5.11.4.jar:5.11.4]
	at org.junit.jupiter.engine.descriptor.TestMethodTestDescriptor.lambda$prepare$1(TestMethodTestDescriptor.java:105) ~[junit-jupiter-engine-5.11.4.jar:5.11.4]
	at org.junit.platform.engine.support.hierarchical.ThrowableCollector.execute(ThrowableCollector.java:73) ~[junit-platform-engine-1.11.4.jar:1.11.4]
	at org.junit.jupiter.engine.descriptor.TestMethodTestDescriptor.prepare(TestMethodTestDescriptor.java:104) ~[junit-jupiter-engine-5.11.4.jar:5.11.4]
	at org.junit.jupiter.engine.descriptor.TestMethodTestDescriptor.prepare(TestMethodTestDescriptor.java:68) ~[junit-jupiter-engine-5.11.4.jar:5.11.4]
	at org.junit.platform.engine.support.hierarchical.NodeTestTask.lambda$prepare$2(NodeTestTask.java:128) ~[junit-platform-engine-1.11.4.jar:1.11.4]
	at org.junit.platform.engine.support.hierarchical.ThrowableCollector.execute(ThrowableCollector.java:73) ~[junit-platform-engine-1.11.4.jar:1.11.4]
	at org.junit.platform.engine.support.hierarchical.NodeTestTask.prepare(NodeTestTask.java:128) ~[junit-platform-engine-1.11.4.jar:1.11.4]
	at org.junit.platform.engine.support.hierarchical.NodeTestTask.execute(NodeTestTask.java:95) ~[junit-platform-engine-1.11.4.jar:1.11.4]
	at java.base/java.util.ArrayList.forEach(ArrayList.java:1511) ~[?:?]
	at org.junit.platform.engine.support.hierarchical.SameThreadHierarchicalTestExecutorService.invokeAll(SameThreadHierarchicalTestExecutorService.java:41) ~[junit-platform-engine-1.11.4.jar:1.11.4]
	at org.junit.platform.engine.support.hierarchical.NodeTestTask.lambda$executeRecursively$6(NodeTestTask.java:160) ~[junit-platform-engine-1.11.4.jar:1.11.4]
	at org.junit.platform.engine.support.hierarchical.ThrowableCollector.execute(ThrowableCollector.java:73) ~[junit-platform-engine-1.11.4.jar:1.11.4]
	at org.junit.platform.engine.support.hierarchical.NodeTestTask.lambda$executeRecursively$8(NodeTestTask.java:146) ~[junit-platform-engine-1.11.4.jar:1.11.4]
	at org.junit.platform.engine.support.hierarchical.Node.around(Node.java:137) ~[junit-platform-engine-1.11.4.jar:1.11.4]
	at org.junit.platform.engine.support.hierarchical.NodeTestTask.lambda$executeRecursively$9(NodeTestTask.java:144) ~[junit-platform-engine-1.11.4.jar:1.11.4]
	at org.junit.platform.engine.support.hierarchical.ThrowableCollector.execute(ThrowableCollector.java:73) ~[junit-platform-engine-1.11.4.jar:1.11.4]
	at org.junit.platform.engine.support.hierarchical.NodeTestTask.executeRecursively(NodeTestTask.java:143) ~[junit-platform-engine-1.11.4.jar:1.11.4]
	at org.junit.platform.engine.support.hierarchical.NodeTestTask.execute(NodeTestTask.java:100) ~[junit-platform-engine-1.11.4.jar:1.11.4]
	at java.base/java.util.ArrayList.forEach(ArrayList.java:1511) ~[?:?]
	at org.junit.platform.engine.support.hierarchical.SameThreadHierarchicalTestExecutorService.invokeAll(SameThreadHierarchicalTestExecutorService.java:41) ~[junit-platform-engine-1.11.4.jar:1.11.4]
	at org.junit.platform.engine.support.hierarchical.NodeTestTask.lambda$executeRecursively$6(NodeTestTask.java:160) ~[junit-platform-engine-1.11.4.jar:1.11.4]
	at org.junit.platform.engine.support.hierarchical.ThrowableCollector.execute(ThrowableCollector.java:73) ~[junit-platform-engine-1.11.4.jar:1.11.4]
	at org.junit.platform.engine.support.hierarchical.NodeTestTask.lambda$executeRecursively$8(NodeTestTask.java:146) ~[junit-platform-engine-1.11.4.jar:1.11.4]
	at org.junit.platform.engine.support.hierarchical.Node.around(Node.java:137) ~[junit-platform-engine-1.11.4.jar:1.11.4]
	at org.junit.platform.engine.support.hierarchical.NodeTestTask.lambda$executeRecursively$9(NodeTestTask.java:144) ~[junit-platform-engine-1.11.4.jar:1.11.4]
	at org.junit.platform.engine.support.hierarchical.ThrowableCollector.execute(ThrowableCollector.java:73) ~[junit-platform-engine-1.11.4.jar:1.11.4]
	at org.junit.platform.engine.support.hierarchical.NodeTestTask.executeRecursively(NodeTestTask.java:143) ~[junit-platform-engine-1.11.4.jar:1.11.4]
	at org.junit.platform.engine.support.hierarchical.NodeTestTask.execute(NodeTestTask.java:100) ~[junit-platform-engine-1.11.4.jar:1.11.4]
	at org.junit.platform.engine.support.hierarchical.SameThreadHierarchicalTestExecutorService.submit(SameThreadHierarchicalTestExecutorService.java:35) ~[junit-platform-engine-1.11.4.jar:1.11.4]
	at org.junit.platform.engine.support.hierarchical.HierarchicalTestExecutor.execute(HierarchicalTestExecutor.java:57) ~[junit-platform-engine-1.11.4.jar:1.11.4]
	at org.junit.platform.engine.support.hierarchical.HierarchicalTestEngine.execute(HierarchicalTestEngine.java:54) ~[junit-platform-engine-1.11.4.jar:1.11.4]
	at org.junit.platform.launcher.core.EngineExecutionOrchestrator.execute(EngineExecutionOrchestrator.java:198) ~[junit-platform-launcher-1.11.4.jar:1.11.4]
	at org.junit.platform.launcher.core.EngineExecutionOrchestrator.execute(EngineExecutionOrchestrator.java:169) ~[junit-platform-launcher-1.11.4.jar:1.11.4]
	at org.junit.platform.launcher.core.EngineExecutionOrchestrator.execute(EngineExecutionOrchestrator.java:93) ~[junit-platform-launcher-1.11.4.jar:1.11.4]
	at org.junit.platform.launcher.core.EngineExecutionOrchestrator.lambda$execute$0(EngineExecutionOrchestrator.java:58) ~[junit-platform-launcher-1.11.4.jar:1.11.4]
	at org.junit.platform.launcher.core.EngineExecutionOrchestrator.withInterceptedStreams(EngineExecutionOrchestrator.java:141) [junit-platform-launcher-1.11.4.jar:1.11.4]
	at org.junit.platform.launcher.core.EngineExecutionOrchestrator.execute(EngineExecutionOrchestrator.java:57) [junit-platform-launcher-1.11.4.jar:1.11.4]
	at org.junit.platform.launcher.core.DefaultLauncher.execute(DefaultLauncher.java:103) [junit-platform-launcher-1.11.4.jar:1.11.4]
	at org.junit.platform.launcher.core.DefaultLauncher.execute(DefaultLauncher.java:85) [junit-platform-launcher-1.11.4.jar:1.11.4]
	at org.junit.platform.launcher.core.DelegatingLauncher.execute(DelegatingLauncher.java:47) [junit-platform-launcher-1.11.4.jar:1.11.4]
	at org.apache.maven.surefire.junitplatform.LazyLauncher.execute(LazyLauncher.java:56) [surefire-junit-platform-3.5.2.jar:3.5.2]
	at org.apache.maven.surefire.junitplatform.JUnitPlatformProvider.execute(JUnitPlatformProvider.java:184) [surefire-junit-platform-3.5.2.jar:3.5.2]
	at org.apache.maven.surefire.junitplatform.JUnitPlatformProvider.invokeAllTests(JUnitPlatformProvider.java:148) [surefire-junit-platform-3.5.2.jar:3.5.2]
	at org.apache.maven.surefire.junitplatform.JUnitPlatformProvider.invoke(JUnitPlatformProvider.java:122) [surefire-junit-platform-3.5.2.jar:3.5.2]
	at org.apache.maven.surefire.booter.ForkedBooter.runSuitesInProcess(ForkedBooter.java:385) [surefire-booter-3.5.2.jar:3.5.2]
	at org.apache.maven.surefire.booter.ForkedBooter.execute(ForkedBooter.java:162) [surefire-booter-3.5.2.jar:3.5.2]
	at org.apache.maven.surefire.booter.ForkedBooter.run(ForkedBooter.java:507) [surefire-booter-3.5.2.jar:3.5.2]
	at org.apache.maven.surefire.booter.ForkedBooter.main(ForkedBooter.java:495) [surefire-booter-3.5.2.jar:3.5.2]
2025-08-01 19:23:56.546 [main] DEBUG org.springframework.data.jpa.repository.query.NamedQuery - Did not find named query Gym.findGymsByCriteria.count
2025-08-01 19:23:56.546 [main] DEBUG org.springframework.orm.jpa.SharedEntityManagerCreator$SharedEntityManagerInvocationHandler - Creating new EntityManager for shared EntityManager invocation
2025-08-01 19:23:56.552 [main] DEBUG org.hibernate.orm.query.hql - HQL : SELECT DISTINCT g FROM Gym g LEFT JOIN g.location a LEFT JOIN g.sports s LEFT JOIN g.trainers t WHERE (:name IS NULL OR (g.name) LIKE (CONCAT('%', CAST(:name AS string), '%'))) AND (:locationCountry IS NULL OR (a.country) LIKE (CONCAT('%', CAST(:locationCountry AS string), '%'))) AND (:locationCity IS NULL OR (a.city) LIKE (CONCAT('%', CAST(:locationCity AS string), '%'))) AND (:locationCityDistrict IS NULL OR (a.cityDistrict) LIKE (CONCAT('%', CAST(:locationCityDistrict AS string), '%'))) AND (:locationStreet IS NULL OR (a.street) LIKE (CONCAT('%', CAST(:locationStreet AS string), '%'))) AND (:locationHouse IS NULL OR (a.house) LIKE (CONCAT('%', CAST(:locationHouse AS string), '%'))) AND (:__$synthetic$__1 = true OR s.id IN :sportIds) AND (:__$synthetic$__2 = true OR t.id IN :trainerIds) AND (:overallRating IS NULL OR g.overallRating >= :overallRating)
2025-08-01 19:23:56.558 [main] DEBUG org.hibernate.orm.query.hql.reservedWordAsIdentifier - Encountered use of reserved word as identifier : IN
2025-08-01 19:23:56.559 [main] DEBUG org.hibernate.orm.query.hql.reservedWordAsIdentifier - Encountered use of reserved word as identifier : IN
2025-08-01 19:23:56.563 [main] DEBUG org.hibernate.orm.query.sqm.creation - Applying inferable type to SqmExpression [SqmNamedParameter(__$synthetic$__1)] : null -> basicType@33(java.lang.Boolean,16)
2025-08-01 19:23:56.563 [main] DEBUG org.hibernate.orm.query.sqm.creation - Applying inferable type to SqmExpression [SqmNamedParameter(sportIds)] : null -> SqmBasicValuedSimplePath(com.example.trainup.model.Gym(g).sports(s).{element}.id)
2025-08-01 19:23:56.564 [main] DEBUG org.hibernate.orm.query.sqm.creation - Applying inferable type to SqmExpression [SqmNamedParameter(__$synthetic$__2)] : null -> basicType@33(java.lang.Boolean,16)
2025-08-01 19:23:56.564 [main] DEBUG org.hibernate.orm.query.sqm.creation - Applying inferable type to SqmExpression [SqmNamedParameter(trainerIds)] : null -> SqmBasicValuedSimplePath(com.example.trainup.model.Gym(g).trainers(t).{element}.id)
2025-08-01 19:23:56.565 [main] DEBUG org.hibernate.orm.query.sqm.creation - Applying inferable type to SqmExpression [SqmNamedParameter(overallRating)] : null -> SqmBasicValuedSimplePath(com.example.trainup.model.Gym(g).overallRating)
2025-08-01 19:23:56.566 [main] DEBUG org.hibernate.orm.query.sqm.ast - SqmStatement Tree :
    -> [select]
      -> [query-spec]
        -> [select(distinct)]
          -> [selection]
            -> [root] - `com.example.trainup.model.Gym(g)`
              -> [joins]
                -> [attribute] - `com.example.trainup.model.Gym(g).location(a)`
                    [fetched = false]
                <- [attribute] - `com.example.trainup.model.Gym(g).location(a)`
                -> [attribute] - `com.example.trainup.model.Gym(g).sports(s)`
                    [fetched = false]
                <- [attribute] - `com.example.trainup.model.Gym(g).sports(s)`
                -> [attribute] - `com.example.trainup.model.Gym(g).trainers(t)`
                    [fetched = false]
                <- [attribute] - `com.example.trainup.model.Gym(g).trainers(t)`
              <- [joins]
            <- [root] - `com.example.trainup.model.Gym(g)`
          <- [selection]
        <- [select(distinct)]
        -> [from]
          -> [root] - `com.example.trainup.model.Gym(g)`
            -> [joins]
              -> [attribute] - `com.example.trainup.model.Gym(g).location(a)`
                  [fetched = false]
              <- [attribute] - `com.example.trainup.model.Gym(g).location(a)`
              -> [attribute] - `com.example.trainup.model.Gym(g).sports(s)`
                  [fetched = false]
              <- [attribute] - `com.example.trainup.model.Gym(g).sports(s)`
              -> [attribute] - `com.example.trainup.model.Gym(g).trainers(t)`
                  [fetched = false]
              <- [attribute] - `com.example.trainup.model.Gym(g).trainers(t)`
            <- [joins]
          <- [root] - `com.example.trainup.model.Gym(g)`
        <- [from]
        -> [where]
          -> [and]
            -> [grouped]
                -> [or]
                  -> [is-null]
                      :name
                  <- [is-null]
                  -> [is-like]
                    -> [basic-path] - `com.example.trainup.model.Gym(g).name`
                  <- [is-like]
                <- [or]
            <- [grouped]
            -> [grouped]
                -> [or]
                  -> [is-null]
                      :locationCountry
                  <- [is-null]
                  -> [is-like]
                    -> [basic-path] - `com.example.trainup.model.Gym(g).location(a).country`
                  <- [is-like]
                <- [or]
            <- [grouped]
            -> [grouped]
                -> [or]
                  -> [is-null]
                      :locationCity
                  <- [is-null]
                  -> [is-like]
                    -> [basic-path] - `com.example.trainup.model.Gym(g).location(a).city`
                  <- [is-like]
                <- [or]
            <- [grouped]
            -> [grouped]
                -> [or]
                  -> [is-null]
                      :locationCityDistrict
                  <- [is-null]
                  -> [is-like]
                    -> [basic-path] - `com.example.trainup.model.Gym(g).location(a).cityDistrict`
                  <- [is-like]
                <- [or]
            <- [grouped]
            -> [grouped]
                -> [or]
                  -> [is-null]
                      :locationStreet
                  <- [is-null]
                  -> [is-like]
                    -> [basic-path] - `com.example.trainup.model.Gym(g).location(a).street`
                  <- [is-like]
                <- [or]
            <- [grouped]
            -> [grouped]
                -> [or]
                  -> [is-null]
                      :locationHouse
                  <- [is-null]
                  -> [is-like]
                    -> [basic-path] - `com.example.trainup.model.Gym(g).location(a).house`
                  <- [is-like]
                <- [or]
            <- [grouped]
            -> [grouped]
                -> [or]
                  -> [EQUAL]
                      :__$synthetic$__1
                  <- [EQUAL]
                <- [or]
            <- [grouped]
            -> [grouped]
                -> [or]
                  -> [EQUAL]
                      :__$synthetic$__2
                  <- [EQUAL]
                <- [or]
            <- [grouped]
            -> [grouped]
                -> [or]
                  -> [is-null]
                      :overallRating
                  <- [is-null]
                  -> [GREATER_THAN_OR_EQUAL]
                      -> [basic-path] - `com.example.trainup.model.Gym(g).overallRating`
                      :overallRating
                  <- [GREATER_THAN_OR_EQUAL]
                <- [or]
            <- [grouped]
          <- [and]
        <- [where]
      <- [query-spec]
    <- [select]

2025-08-01 19:23:56.572 [main] DEBUG org.hibernate.orm.query.hql - HQL : SELECT count(DISTINCT g) FROM Gym g LEFT JOIN g.location a LEFT JOIN g.sports s LEFT JOIN g.trainers t WHERE (:name IS NULL OR (g.name) LIKE (CONCAT('%', CAST(:name AS string), '%'))) AND (:locationCountry IS NULL OR (a.country) LIKE (CONCAT('%', CAST(:locationCountry AS string), '%'))) AND (:locationCity IS NULL OR (a.city) LIKE (CONCAT('%', CAST(:locationCity AS string), '%'))) AND (:locationCityDistrict IS NULL OR (a.cityDistrict) LIKE (CONCAT('%', CAST(:locationCityDistrict AS string), '%'))) AND (:locationStreet IS NULL OR (a.street) LIKE (CONCAT('%', CAST(:locationStreet AS string), '%'))) AND (:locationHouse IS NULL OR (a.house) LIKE (CONCAT('%', CAST(:locationHouse AS string), '%'))) AND (:__$synthetic$__1 = true OR s.id IN :sportIds) AND (:__$synthetic$__2 = true OR t.id IN :trainerIds) AND (:overallRating IS NULL OR g.overallRating >= :overallRating)
2025-08-01 19:23:56.573 [main] DEBUG org.hibernate.orm.query.hql.reservedWordAsIdentifier - Encountered use of reserved word as identifier : (
2025-08-01 19:23:56.574 [main] DEBUG org.hibernate.orm.query.hql.reservedWordAsIdentifier - Encountered use of reserved word as identifier : IN
2025-08-01 19:23:56.575 [main] DEBUG org.hibernate.orm.query.hql.reservedWordAsIdentifier - Encountered use of reserved word as identifier : IN
2025-08-01 19:23:56.577 [main] DEBUG org.hibernate.orm.query.sqm.creation - Applying inferable type to SqmExpression [SqmNamedParameter(__$synthetic$__1)] : null -> basicType@33(java.lang.Boolean,16)
2025-08-01 19:23:56.578 [main] DEBUG org.hibernate.orm.query.sqm.creation - Applying inferable type to SqmExpression [SqmNamedParameter(sportIds)] : null -> SqmBasicValuedSimplePath(com.example.trainup.model.Gym(g).sports(s).{element}.id)
2025-08-01 19:23:56.579 [main] DEBUG org.hibernate.orm.query.sqm.creation - Applying inferable type to SqmExpression [SqmNamedParameter(__$synthetic$__2)] : null -> basicType@33(java.lang.Boolean,16)
2025-08-01 19:23:56.580 [main] DEBUG org.hibernate.orm.query.sqm.creation - Applying inferable type to SqmExpression [SqmNamedParameter(trainerIds)] : null -> SqmBasicValuedSimplePath(com.example.trainup.model.Gym(g).trainers(t).{element}.id)
2025-08-01 19:23:56.581 [main] DEBUG org.hibernate.orm.query.sqm.creation - Applying inferable type to SqmExpression [SqmNamedParameter(overallRating)] : null -> SqmBasicValuedSimplePath(com.example.trainup.model.Gym(g).overallRating)
2025-08-01 19:23:56.582 [main] DEBUG org.hibernate.orm.query.sqm.ast - SqmStatement Tree :
    -> [select]
      -> [query-spec]
        -> [select]
          -> [selection]
          <- [selection]
        <- [select]
        -> [from]
          -> [root] - `com.example.trainup.model.Gym(g)`
            -> [joins]
              -> [attribute] - `com.example.trainup.model.Gym(g).location(a)`
                  [fetched = false]
              <- [attribute] - `com.example.trainup.model.Gym(g).location(a)`
              -> [attribute] - `com.example.trainup.model.Gym(g).sports(s)`
                  [fetched = false]
              <- [attribute] - `com.example.trainup.model.Gym(g).sports(s)`
              -> [attribute] - `com.example.trainup.model.Gym(g).trainers(t)`
                  [fetched = false]
              <- [attribute] - `com.example.trainup.model.Gym(g).trainers(t)`
            <- [joins]
          <- [root] - `com.example.trainup.model.Gym(g)`
        <- [from]
        -> [where]
          -> [and]
            -> [grouped]
                -> [or]
                  -> [is-null]
                      :name
                  <- [is-null]
                  -> [is-like]
                    -> [basic-path] - `com.example.trainup.model.Gym(g).name`
                  <- [is-like]
                <- [or]
            <- [grouped]
            -> [grouped]
                -> [or]
                  -> [is-null]
                      :locationCountry
                  <- [is-null]
                  -> [is-like]
                    -> [basic-path] - `com.example.trainup.model.Gym(g).location(a).country`
                  <- [is-like]
                <- [or]
            <- [grouped]
            -> [grouped]
                -> [or]
                  -> [is-null]
                      :locationCity
                  <- [is-null]
                  -> [is-like]
                    -> [basic-path] - `com.example.trainup.model.Gym(g).location(a).city`
                  <- [is-like]
                <- [or]
            <- [grouped]
            -> [grouped]
                -> [or]
                  -> [is-null]
                      :locationCityDistrict
                  <- [is-null]
                  -> [is-like]
                    -> [basic-path] - `com.example.trainup.model.Gym(g).location(a).cityDistrict`
                  <- [is-like]
                <- [or]
            <- [grouped]
            -> [grouped]
                -> [or]
                  -> [is-null]
                      :locationStreet
                  <- [is-null]
                  -> [is-like]
                    -> [basic-path] - `com.example.trainup.model.Gym(g).location(a).street`
                  <- [is-like]
                <- [or]
            <- [grouped]
            -> [grouped]
                -> [or]
                  -> [is-null]
                      :locationHouse
                  <- [is-null]
                  -> [is-like]
                    -> [basic-path] - `com.example.trainup.model.Gym(g).location(a).house`
                  <- [is-like]
                <- [or]
            <- [grouped]
            -> [grouped]
                -> [or]
                  -> [EQUAL]
                      :__$synthetic$__1
                  <- [EQUAL]
                <- [or]
            <- [grouped]
            -> [grouped]
                -> [or]
                  -> [EQUAL]
                      :__$synthetic$__2
                  <- [EQUAL]
                <- [or]
            <- [grouped]
            -> [grouped]
                -> [or]
                  -> [is-null]
                      :overallRating
                  <- [is-null]
                  -> [GREATER_THAN_OR_EQUAL]
                      -> [basic-path] - `com.example.trainup.model.Gym(g).overallRating`
                      :overallRating
                  <- [GREATER_THAN_OR_EQUAL]
                <- [or]
            <- [grouped]
          <- [and]
        <- [where]
      <- [query-spec]
    <- [select]

2025-08-01 19:23:56.588 [main] DEBUG org.springframework.data.repository.core.support.RepositoryFactorySupport - Finished creation of repository instance for com.example.trainup.repository.GymRepository.
2025-08-01 19:23:56.624 [main] DEBUG org.springframework.beans.factory.support.DefaultListableBeanFactory - Autowiring by type from bean name 'eventServiceImpl' via constructor to bean named 'eventMapperImpl'
2025-08-01 19:23:56.624 [main] DEBUG org.springframework.beans.factory.support.DefaultListableBeanFactory - Autowiring by type from bean name 'eventServiceImpl' via constructor to bean named 'eventRepository'
2025-08-01 19:23:56.625 [main] DEBUG org.springframework.beans.factory.support.DefaultListableBeanFactory - Autowiring by type from bean name 'eventServiceImpl' via constructor to bean named 'userCredentialsRepository'
2025-08-01 19:23:56.625 [main] DEBUG org.springframework.beans.factory.support.DefaultListableBeanFactory - Autowiring by type from bean name 'eventServiceImpl' via constructor to bean named 'trainerRepository'
2025-08-01 19:23:56.626 [main] DEBUG org.springframework.beans.factory.support.DefaultListableBeanFactory - Autowiring by type from bean name 'eventServiceImpl' via constructor to bean named 'sportRepository'
2025-08-01 19:23:56.626 [main] DEBUG org.springframework.beans.factory.support.DefaultListableBeanFactory - Autowiring by type from bean name 'eventServiceImpl' via constructor to bean named 'gymRepository'
2025-08-01 19:23:56.655 [main] DEBUG org.springframework.beans.factory.support.DefaultListableBeanFactory - Autowiring by type from bean name 'eventController' via constructor to bean named 'eventServiceImpl'
2025-08-01 19:23:56.690 [main] DEBUG org.springframework.beans.factory.support.DefaultListableBeanFactory - Creating shared instance of singleton bean 'gymController'
2025-08-01 19:23:56.693 [main] DEBUG org.springframework.beans.factory.support.DefaultListableBeanFactory - Creating shared instance of singleton bean 'gymServiceImpl'
2025-08-01 19:23:56.695 [main] DEBUG org.springframework.beans.factory.support.DefaultListableBeanFactory - Creating shared instance of singleton bean 'gymMapperImpl'
2025-08-01 19:23:56.766 [main] DEBUG org.springframework.beans.factory.support.DefaultListableBeanFactory - Creating shared instance of singleton bean 'addressRepository'
2025-08-01 19:23:56.769 [main] DEBUG org.springframework.beans.factory.support.DefaultListableBeanFactory - Creating shared instance of singleton bean 'jpa.named-queries#2'
2025-08-01 19:23:56.773 [main] DEBUG org.springframework.beans.factory.support.DefaultListableBeanFactory - Creating shared instance of singleton bean 'jpa.AddressRepository.fragments#0'
2025-08-01 19:23:56.776 [main] DEBUG org.springframework.orm.jpa.SharedEntityManagerCreator$SharedEntityManagerInvocationHandler - Creating new EntityManager for shared EntityManager invocation
2025-08-01 19:23:56.777 [main] DEBUG org.springframework.data.repository.core.support.RepositoryFactorySupport - Initializing repository instance for com.example.trainup.repository.AddressRepository…
2025-08-01 19:23:56.778 [main] DEBUG org.springframework.orm.jpa.SharedEntityManagerCreator$SharedEntityManagerInvocationHandler - Creating new EntityManager for shared EntityManager invocation
2025-08-01 19:23:56.780 [main] DEBUG org.springframework.data.jpa.repository.query.NamedQuery - Looking up named query 'Address.findByCountryAndCityAndStreetAndHouse'
2025-08-01 19:23:56.780 [main] DEBUG org.hibernate.resource.transaction.backend.jdbc.internal.JdbcResourceLocalTransactionCoordinatorImpl - JDBC transaction marked for rollback-only (exception provided for stack trace)
java.lang.Exception: exception just for purpose of providing stack trace
	at org.hibernate.resource.transaction.backend.jdbc.internal.JdbcResourceLocalTransactionCoordinatorImpl$TransactionDriverControlImpl.markRollbackOnly(JdbcResourceLocalTransactionCoordinatorImpl.java:309) ~[hibernate-core-6.6.8.Final.jar:6.6.8.Final]
	at org.hibernate.internal.AbstractSharedSessionContract.buildNamedQuery(AbstractSharedSessionContract.java:1141) ~[hibernate-core-6.6.8.Final.jar:6.6.8.Final]
	at org.hibernate.internal.AbstractSharedSessionContract.createNamedQuery(AbstractSharedSessionContract.java:1019) ~[hibernate-core-6.6.8.Final.jar:6.6.8.Final]
	at org.hibernate.internal.AbstractSharedSessionContract.createNamedQuery(AbstractSharedSessionContract.java:143) ~[hibernate-core-6.6.8.Final.jar:6.6.8.Final]
	at jdk.internal.reflect.GeneratedMethodAccessor95.invoke(Unknown Source) ~[?:?]
	at java.base/jdk.internal.reflect.DelegatingMethodAccessorImpl.invoke(DelegatingMethodAccessorImpl.java:43) ~[?:?]
	at java.base/java.lang.reflect.Method.invoke(Method.java:569) ~[?:?]
	at org.springframework.orm.jpa.ExtendedEntityManagerCreator$ExtendedEntityManagerInvocationHandler.invoke(ExtendedEntityManagerCreator.java:364) ~[spring-orm-6.2.3.jar:6.2.3]
	at jdk.proxy2/jdk.proxy2.$Proxy236.createNamedQuery(Unknown Source) ~[?:?]
	at org.springframework.data.jpa.repository.query.NamedQuery.hasNamedQuery(NamedQuery.java:114) ~[spring-data-jpa-3.4.3.jar:3.4.3]
	at org.springframework.data.jpa.repository.query.NamedQuery.lookupFrom(NamedQuery.java:140) ~[spring-data-jpa-3.4.3.jar:3.4.3]
	at org.springframework.data.jpa.repository.query.JpaQueryLookupStrategy$DeclaredQueryLookupStrategy.resolveQuery(JpaQueryLookupStrategy.java:184) ~[spring-data-jpa-3.4.3.jar:3.4.3]
	at org.springframework.data.jpa.repository.query.JpaQueryLookupStrategy$CreateIfNotFoundQueryLookupStrategy.resolveQuery(JpaQueryLookupStrategy.java:256) ~[spring-data-jpa-3.4.3.jar:3.4.3]
	at org.springframework.data.jpa.repository.query.JpaQueryLookupStrategy$AbstractQueryLookupStrategy.resolveQuery(JpaQueryLookupStrategy.java:99) ~[spring-data-jpa-3.4.3.jar:3.4.3]
	at org.springframework.data.repository.core.support.QueryExecutorMethodInterceptor.lookupQuery(QueryExecutorMethodInterceptor.java:116) ~[spring-data-commons-3.4.3.jar:3.4.3]
	at org.springframework.data.repository.core.support.QueryExecutorMethodInterceptor.mapMethodsToQuery(QueryExecutorMethodInterceptor.java:104) ~[spring-data-commons-3.4.3.jar:3.4.3]
	at org.springframework.data.repository.core.support.QueryExecutorMethodInterceptor.lambda$new$0(QueryExecutorMethodInterceptor.java:92) ~[spring-data-commons-3.4.3.jar:3.4.3]
	at java.base/java.util.Optional.map(Optional.java:260) ~[?:?]
	at org.springframework.data.repository.core.support.QueryExecutorMethodInterceptor.<init>(QueryExecutorMethodInterceptor.java:92) ~[spring-data-commons-3.4.3.jar:3.4.3]
	at org.springframework.data.repository.core.support.RepositoryFactorySupport.getRepository(RepositoryFactorySupport.java:440) ~[spring-data-commons-3.4.3.jar:3.4.3]
	at org.springframework.data.repository.core.support.RepositoryFactoryBeanSupport.lambda$afterPropertiesSet$4(RepositoryFactoryBeanSupport.java:350) ~[spring-data-commons-3.4.3.jar:3.4.3]
	at org.springframework.data.util.Lazy.getNullable(Lazy.java:135) ~[spring-data-commons-3.4.3.jar:3.4.3]
	at org.springframework.data.util.Lazy.get(Lazy.java:113) ~[spring-data-commons-3.4.3.jar:3.4.3]
	at org.springframework.data.repository.core.support.RepositoryFactoryBeanSupport.afterPropertiesSet(RepositoryFactoryBeanSupport.java:356) ~[spring-data-commons-3.4.3.jar:3.4.3]
	at org.springframework.data.jpa.repository.support.JpaRepositoryFactoryBean.afterPropertiesSet(JpaRepositoryFactoryBean.java:132) ~[spring-data-jpa-3.4.3.jar:3.4.3]
	at org.springframework.beans.factory.support.AbstractAutowireCapableBeanFactory.invokeInitMethods(AbstractAutowireCapableBeanFactory.java:1859) ~[spring-beans-6.2.3.jar:6.2.3]
	at org.springframework.beans.factory.support.AbstractAutowireCapableBeanFactory.initializeBean(AbstractAutowireCapableBeanFactory.java:1808) ~[spring-beans-6.2.3.jar:6.2.3]
	at org.springframework.beans.factory.support.AbstractAutowireCapableBeanFactory.doCreateBean(AbstractAutowireCapableBeanFactory.java:601) ~[spring-beans-6.2.3.jar:6.2.3]
	at org.springframework.beans.factory.support.AbstractAutowireCapableBeanFactory.createBean(AbstractAutowireCapableBeanFactory.java:523) ~[spring-beans-6.2.3.jar:6.2.3]
	at org.springframework.beans.factory.support.AbstractBeanFactory.lambda$doGetBean$0(AbstractBeanFactory.java:339) ~[spring-beans-6.2.3.jar:6.2.3]
	at org.springframework.beans.factory.support.DefaultSingletonBeanRegistry.getSingleton(DefaultSingletonBeanRegistry.java:346) ~[spring-beans-6.2.3.jar:6.2.3]
	at org.springframework.beans.factory.support.AbstractBeanFactory.doGetBean(AbstractBeanFactory.java:337) ~[spring-beans-6.2.3.jar:6.2.3]
	at org.springframework.beans.factory.support.AbstractBeanFactory.getBean(AbstractBeanFactory.java:202) ~[spring-beans-6.2.3.jar:6.2.3]
	at org.springframework.beans.factory.support.DefaultListableBeanFactory.doResolveDependency(DefaultListableBeanFactory.java:1606) ~[spring-beans-6.2.3.jar:6.2.3]
	at org.springframework.beans.factory.support.DefaultListableBeanFactory.resolveDependency(DefaultListableBeanFactory.java:1552) ~[spring-beans-6.2.3.jar:6.2.3]
	at org.springframework.beans.factory.support.ConstructorResolver.resolveAutowiredArgument(ConstructorResolver.java:913) ~[spring-beans-6.2.3.jar:6.2.3]
	at org.springframework.beans.factory.support.ConstructorResolver.createArgumentArray(ConstructorResolver.java:791) ~[spring-beans-6.2.3.jar:6.2.3]
	at org.springframework.beans.factory.support.ConstructorResolver.autowireConstructor(ConstructorResolver.java:240) ~[spring-beans-6.2.3.jar:6.2.3]
	at org.springframework.beans.factory.support.AbstractAutowireCapableBeanFactory.autowireConstructor(AbstractAutowireCapableBeanFactory.java:1381) ~[spring-beans-6.2.3.jar:6.2.3]
	at org.springframework.beans.factory.support.AbstractAutowireCapableBeanFactory.createBeanInstance(AbstractAutowireCapableBeanFactory.java:1218) ~[spring-beans-6.2.3.jar:6.2.3]
	at org.springframework.beans.factory.support.AbstractAutowireCapableBeanFactory.doCreateBean(AbstractAutowireCapableBeanFactory.java:563) ~[spring-beans-6.2.3.jar:6.2.3]
	at org.springframework.beans.factory.support.AbstractAutowireCapableBeanFactory.createBean(AbstractAutowireCapableBeanFactory.java:523) ~[spring-beans-6.2.3.jar:6.2.3]
	at org.springframework.beans.factory.support.AbstractBeanFactory.lambda$doGetBean$0(AbstractBeanFactory.java:339) ~[spring-beans-6.2.3.jar:6.2.3]
	at org.springframework.beans.factory.support.DefaultSingletonBeanRegistry.getSingleton(DefaultSingletonBeanRegistry.java:346) ~[spring-beans-6.2.3.jar:6.2.3]
	at org.springframework.beans.factory.support.AbstractBeanFactory.doGetBean(AbstractBeanFactory.java:337) ~[spring-beans-6.2.3.jar:6.2.3]
	at org.springframework.beans.factory.support.AbstractBeanFactory.getBean(AbstractBeanFactory.java:202) ~[spring-beans-6.2.3.jar:6.2.3]
	at org.springframework.beans.factory.config.DependencyDescriptor.resolveCandidate(DependencyDescriptor.java:254) ~[spring-beans-6.2.3.jar:6.2.3]
	at org.springframework.beans.factory.support.DefaultListableBeanFactory.doResolveDependency(DefaultListableBeanFactory.java:1664) ~[spring-beans-6.2.3.jar:6.2.3]
	at org.springframework.beans.factory.support.DefaultListableBeanFactory.resolveDependency(DefaultListableBeanFactory.java:1552) ~[spring-beans-6.2.3.jar:6.2.3]
	at org.springframework.beans.factory.support.ConstructorResolver.resolveAutowiredArgument(ConstructorResolver.java:913) ~[spring-beans-6.2.3.jar:6.2.3]
	at org.springframework.beans.factory.support.ConstructorResolver.createArgumentArray(ConstructorResolver.java:791) ~[spring-beans-6.2.3.jar:6.2.3]
	at org.springframework.beans.factory.support.ConstructorResolver.autowireConstructor(ConstructorResolver.java:240) ~[spring-beans-6.2.3.jar:6.2.3]
	at org.springframework.beans.factory.support.AbstractAutowireCapableBeanFactory.autowireConstructor(AbstractAutowireCapableBeanFactory.java:1381) ~[spring-beans-6.2.3.jar:6.2.3]
	at org.springframework.beans.factory.support.AbstractAutowireCapableBeanFactory.createBeanInstance(AbstractAutowireCapableBeanFactory.java:1218) ~[spring-beans-6.2.3.jar:6.2.3]
	at org.springframework.beans.factory.support.AbstractAutowireCapableBeanFactory.doCreateBean(AbstractAutowireCapableBeanFactory.java:563) ~[spring-beans-6.2.3.jar:6.2.3]
	at org.springframework.beans.factory.support.AbstractAutowireCapableBeanFactory.createBean(AbstractAutowireCapableBeanFactory.java:523) ~[spring-beans-6.2.3.jar:6.2.3]
	at org.springframework.beans.factory.support.AbstractBeanFactory.lambda$doGetBean$0(AbstractBeanFactory.java:339) ~[spring-beans-6.2.3.jar:6.2.3]
	at org.springframework.beans.factory.support.DefaultSingletonBeanRegistry.getSingleton(DefaultSingletonBeanRegistry.java:346) ~[spring-beans-6.2.3.jar:6.2.3]
	at org.springframework.beans.factory.support.AbstractBeanFactory.doGetBean(AbstractBeanFactory.java:337) ~[spring-beans-6.2.3.jar:6.2.3]
	at org.springframework.beans.factory.support.AbstractBeanFactory.getBean(AbstractBeanFactory.java:202) ~[spring-beans-6.2.3.jar:6.2.3]
	at org.springframework.beans.factory.support.DefaultListableBeanFactory.instantiateSingleton(DefaultListableBeanFactory.java:1155) ~[spring-beans-6.2.3.jar:6.2.3]
	at org.springframework.beans.factory.support.DefaultListableBeanFactory.preInstantiateSingleton(DefaultListableBeanFactory.java:1121) ~[spring-beans-6.2.3.jar:6.2.3]
	at org.springframework.beans.factory.support.DefaultListableBeanFactory.preInstantiateSingletons(DefaultListableBeanFactory.java:1056) ~[spring-beans-6.2.3.jar:6.2.3]
	at org.springframework.context.support.AbstractApplicationContext.finishBeanFactoryInitialization(AbstractApplicationContext.java:987) ~[spring-context-6.2.3.jar:6.2.3]
	at org.springframework.context.support.AbstractApplicationContext.refresh(AbstractApplicationContext.java:627) ~[spring-context-6.2.3.jar:6.2.3]
	at org.springframework.boot.SpringApplication.refresh(SpringApplication.java:752) ~[spring-boot-3.4.3.jar:3.4.3]
	at org.springframework.boot.SpringApplication.refreshContext(SpringApplication.java:439) ~[spring-boot-3.4.3.jar:3.4.3]
	at org.springframework.boot.SpringApplication.run(SpringApplication.java:318) ~[spring-boot-3.4.3.jar:3.4.3]
	at org.springframework.boot.test.context.SpringBootContextLoader.lambda$loadContext$3(SpringBootContextLoader.java:137) ~[spring-boot-test-3.4.3.jar:3.4.3]
	at org.springframework.util.function.ThrowingSupplier.get(ThrowingSupplier.java:58) ~[spring-core-6.2.3.jar:6.2.3]
	at org.springframework.util.function.ThrowingSupplier.get(ThrowingSupplier.java:46) ~[spring-core-6.2.3.jar:6.2.3]
	at org.springframework.boot.SpringApplication.withHook(SpringApplication.java:1461) ~[spring-boot-3.4.3.jar:3.4.3]
	at org.springframework.boot.test.context.SpringBootContextLoader$ContextLoaderHook.run(SpringBootContextLoader.java:553) ~[spring-boot-test-3.4.3.jar:3.4.3]
	at org.springframework.boot.test.context.SpringBootContextLoader.loadContext(SpringBootContextLoader.java:137) ~[spring-boot-test-3.4.3.jar:3.4.3]
	at org.springframework.boot.test.context.SpringBootContextLoader.loadContext(SpringBootContextLoader.java:108) ~[spring-boot-test-3.4.3.jar:3.4.3]
	at org.springframework.test.context.cache.DefaultCacheAwareContextLoaderDelegate.loadContextInternal(DefaultCacheAwareContextLoaderDelegate.java:225) ~[spring-test-6.2.3.jar:6.2.3]
	at org.springframework.test.context.cache.DefaultCacheAwareContextLoaderDelegate.loadContext(DefaultCacheAwareContextLoaderDelegate.java:152) ~[spring-test-6.2.3.jar:6.2.3]
	at org.springframework.test.context.support.DefaultTestContext.getApplicationContext(DefaultTestContext.java:130) ~[spring-test-6.2.3.jar:6.2.3]
	at org.springframework.test.context.web.ServletTestExecutionListener.setUpRequestContextIfNecessary(ServletTestExecutionListener.java:200) ~[spring-test-6.2.3.jar:6.2.3]
	at org.springframework.test.context.web.ServletTestExecutionListener.prepareTestInstance(ServletTestExecutionListener.java:139) ~[spring-test-6.2.3.jar:6.2.3]
	at org.springframework.test.context.TestContextManager.prepareTestInstance(TestContextManager.java:260) ~[spring-test-6.2.3.jar:6.2.3]
	at org.springframework.test.context.junit.jupiter.SpringExtension.postProcessTestInstance(SpringExtension.java:160) ~[spring-test-6.2.3.jar:6.2.3]
	at org.junit.jupiter.engine.descriptor.ClassBasedTestDescriptor.lambda$invokeTestInstancePostProcessors$11(ClassBasedTestDescriptor.java:378) ~[junit-jupiter-engine-5.11.4.jar:5.11.4]
	at org.junit.jupiter.engine.descriptor.ClassBasedTestDescriptor.executeAndMaskThrowable(ClassBasedTestDescriptor.java:383) ~[junit-jupiter-engine-5.11.4.jar:5.11.4]
	at org.junit.jupiter.engine.descriptor.ClassBasedTestDescriptor.lambda$invokeTestInstancePostProcessors$12(ClassBasedTestDescriptor.java:378) ~[junit-jupiter-engine-5.11.4.jar:5.11.4]
	at java.base/java.util.stream.ForEachOps$ForEachOp$OfRef.accept(ForEachOps.java:183) ~[?:?]
	at java.base/java.util.stream.ReferencePipeline$3$1.accept(ReferencePipeline.java:197) ~[?:?]
	at java.base/java.util.stream.ReferencePipeline$2$1.accept(ReferencePipeline.java:179) ~[?:?]
	at java.base/java.util.stream.ReferencePipeline$3$1.accept(ReferencePipeline.java:197) ~[?:?]
	at java.base/java.util.ArrayList$ArrayListSpliterator.forEachRemaining(ArrayList.java:1625) ~[?:?]
	at java.base/java.util.stream.AbstractPipeline.copyInto(AbstractPipeline.java:509) ~[?:?]
	at java.base/java.util.stream.AbstractPipeline.wrapAndCopyInto(AbstractPipeline.java:499) ~[?:?]
	at java.base/java.util.stream.ForEachOps$ForEachOp.evaluateSequential(ForEachOps.java:150) ~[?:?]
	at java.base/java.util.stream.ForEachOps$ForEachOp$OfRef.evaluateSequential(ForEachOps.java:173) ~[?:?]
	at java.base/java.util.stream.AbstractPipeline.evaluate(AbstractPipeline.java:234) ~[?:?]
	at java.base/java.util.stream.ReferencePipeline.forEach(ReferencePipeline.java:596) ~[?:?]
	at org.junit.jupiter.engine.descriptor.ClassBasedTestDescriptor.invokeTestInstancePostProcessors(ClassBasedTestDescriptor.java:377) ~[junit-jupiter-engine-5.11.4.jar:5.11.4]
	at org.junit.jupiter.engine.descriptor.ClassBasedTestDescriptor.lambda$instantiateAndPostProcessTestInstance$7(ClassBasedTestDescriptor.java:290) ~[junit-jupiter-engine-5.11.4.jar:5.11.4]
	at org.junit.platform.engine.support.hierarchical.ThrowableCollector.execute(ThrowableCollector.java:73) ~[junit-platform-engine-1.11.4.jar:1.11.4]
	at org.junit.jupiter.engine.descriptor.ClassBasedTestDescriptor.instantiateAndPostProcessTestInstance(ClassBasedTestDescriptor.java:289) ~[junit-jupiter-engine-5.11.4.jar:5.11.4]
	at org.junit.jupiter.engine.descriptor.ClassBasedTestDescriptor.lambda$testInstancesProvider$5(ClassBasedTestDescriptor.java:279) ~[junit-jupiter-engine-5.11.4.jar:5.11.4]
	at java.base/java.util.Optional.orElseGet(Optional.java:364) ~[?:?]
	at org.junit.jupiter.engine.descriptor.ClassBasedTestDescriptor.lambda$testInstancesProvider$6(ClassBasedTestDescriptor.java:278) ~[junit-jupiter-engine-5.11.4.jar:5.11.4]
	at org.junit.jupiter.engine.execution.TestInstancesProvider.getTestInstances(TestInstancesProvider.java:31) ~[junit-jupiter-engine-5.11.4.jar:5.11.4]
	at org.junit.jupiter.engine.descriptor.TestMethodTestDescriptor.lambda$prepare$1(TestMethodTestDescriptor.java:105) ~[junit-jupiter-engine-5.11.4.jar:5.11.4]
	at org.junit.platform.engine.support.hierarchical.ThrowableCollector.execute(ThrowableCollector.java:73) ~[junit-platform-engine-1.11.4.jar:1.11.4]
	at org.junit.jupiter.engine.descriptor.TestMethodTestDescriptor.prepare(TestMethodTestDescriptor.java:104) ~[junit-jupiter-engine-5.11.4.jar:5.11.4]
	at org.junit.jupiter.engine.descriptor.TestMethodTestDescriptor.prepare(TestMethodTestDescriptor.java:68) ~[junit-jupiter-engine-5.11.4.jar:5.11.4]
	at org.junit.platform.engine.support.hierarchical.NodeTestTask.lambda$prepare$2(NodeTestTask.java:128) ~[junit-platform-engine-1.11.4.jar:1.11.4]
	at org.junit.platform.engine.support.hierarchical.ThrowableCollector.execute(ThrowableCollector.java:73) ~[junit-platform-engine-1.11.4.jar:1.11.4]
	at org.junit.platform.engine.support.hierarchical.NodeTestTask.prepare(NodeTestTask.java:128) ~[junit-platform-engine-1.11.4.jar:1.11.4]
	at org.junit.platform.engine.support.hierarchical.NodeTestTask.execute(NodeTestTask.java:95) ~[junit-platform-engine-1.11.4.jar:1.11.4]
	at java.base/java.util.ArrayList.forEach(ArrayList.java:1511) ~[?:?]
	at org.junit.platform.engine.support.hierarchical.SameThreadHierarchicalTestExecutorService.invokeAll(SameThreadHierarchicalTestExecutorService.java:41) ~[junit-platform-engine-1.11.4.jar:1.11.4]
	at org.junit.platform.engine.support.hierarchical.NodeTestTask.lambda$executeRecursively$6(NodeTestTask.java:160) ~[junit-platform-engine-1.11.4.jar:1.11.4]
	at org.junit.platform.engine.support.hierarchical.ThrowableCollector.execute(ThrowableCollector.java:73) ~[junit-platform-engine-1.11.4.jar:1.11.4]
	at org.junit.platform.engine.support.hierarchical.NodeTestTask.lambda$executeRecursively$8(NodeTestTask.java:146) ~[junit-platform-engine-1.11.4.jar:1.11.4]
	at org.junit.platform.engine.support.hierarchical.Node.around(Node.java:137) ~[junit-platform-engine-1.11.4.jar:1.11.4]
	at org.junit.platform.engine.support.hierarchical.NodeTestTask.lambda$executeRecursively$9(NodeTestTask.java:144) ~[junit-platform-engine-1.11.4.jar:1.11.4]
	at org.junit.platform.engine.support.hierarchical.ThrowableCollector.execute(ThrowableCollector.java:73) ~[junit-platform-engine-1.11.4.jar:1.11.4]
	at org.junit.platform.engine.support.hierarchical.NodeTestTask.executeRecursively(NodeTestTask.java:143) ~[junit-platform-engine-1.11.4.jar:1.11.4]
	at org.junit.platform.engine.support.hierarchical.NodeTestTask.execute(NodeTestTask.java:100) ~[junit-platform-engine-1.11.4.jar:1.11.4]
	at java.base/java.util.ArrayList.forEach(ArrayList.java:1511) ~[?:?]
	at org.junit.platform.engine.support.hierarchical.SameThreadHierarchicalTestExecutorService.invokeAll(SameThreadHierarchicalTestExecutorService.java:41) ~[junit-platform-engine-1.11.4.jar:1.11.4]
	at org.junit.platform.engine.support.hierarchical.NodeTestTask.lambda$executeRecursively$6(NodeTestTask.java:160) ~[junit-platform-engine-1.11.4.jar:1.11.4]
	at org.junit.platform.engine.support.hierarchical.ThrowableCollector.execute(ThrowableCollector.java:73) ~[junit-platform-engine-1.11.4.jar:1.11.4]
	at org.junit.platform.engine.support.hierarchical.NodeTestTask.lambda$executeRecursively$8(NodeTestTask.java:146) ~[junit-platform-engine-1.11.4.jar:1.11.4]
	at org.junit.platform.engine.support.hierarchical.Node.around(Node.java:137) ~[junit-platform-engine-1.11.4.jar:1.11.4]
	at org.junit.platform.engine.support.hierarchical.NodeTestTask.lambda$executeRecursively$9(NodeTestTask.java:144) ~[junit-platform-engine-1.11.4.jar:1.11.4]
	at org.junit.platform.engine.support.hierarchical.ThrowableCollector.execute(ThrowableCollector.java:73) ~[junit-platform-engine-1.11.4.jar:1.11.4]
	at org.junit.platform.engine.support.hierarchical.NodeTestTask.executeRecursively(NodeTestTask.java:143) ~[junit-platform-engine-1.11.4.jar:1.11.4]
	at org.junit.platform.engine.support.hierarchical.NodeTestTask.execute(NodeTestTask.java:100) ~[junit-platform-engine-1.11.4.jar:1.11.4]
	at org.junit.platform.engine.support.hierarchical.SameThreadHierarchicalTestExecutorService.submit(SameThreadHierarchicalTestExecutorService.java:35) ~[junit-platform-engine-1.11.4.jar:1.11.4]
	at org.junit.platform.engine.support.hierarchical.HierarchicalTestExecutor.execute(HierarchicalTestExecutor.java:57) ~[junit-platform-engine-1.11.4.jar:1.11.4]
	at org.junit.platform.engine.support.hierarchical.HierarchicalTestEngine.execute(HierarchicalTestEngine.java:54) ~[junit-platform-engine-1.11.4.jar:1.11.4]
	at org.junit.platform.launcher.core.EngineExecutionOrchestrator.execute(EngineExecutionOrchestrator.java:198) ~[junit-platform-launcher-1.11.4.jar:1.11.4]
	at org.junit.platform.launcher.core.EngineExecutionOrchestrator.execute(EngineExecutionOrchestrator.java:169) ~[junit-platform-launcher-1.11.4.jar:1.11.4]
	at org.junit.platform.launcher.core.EngineExecutionOrchestrator.execute(EngineExecutionOrchestrator.java:93) ~[junit-platform-launcher-1.11.4.jar:1.11.4]
	at org.junit.platform.launcher.core.EngineExecutionOrchestrator.lambda$execute$0(EngineExecutionOrchestrator.java:58) ~[junit-platform-launcher-1.11.4.jar:1.11.4]
	at org.junit.platform.launcher.core.EngineExecutionOrchestrator.withInterceptedStreams(EngineExecutionOrchestrator.java:141) [junit-platform-launcher-1.11.4.jar:1.11.4]
	at org.junit.platform.launcher.core.EngineExecutionOrchestrator.execute(EngineExecutionOrchestrator.java:57) [junit-platform-launcher-1.11.4.jar:1.11.4]
	at org.junit.platform.launcher.core.DefaultLauncher.execute(DefaultLauncher.java:103) [junit-platform-launcher-1.11.4.jar:1.11.4]
	at org.junit.platform.launcher.core.DefaultLauncher.execute(DefaultLauncher.java:85) [junit-platform-launcher-1.11.4.jar:1.11.4]
	at org.junit.platform.launcher.core.DelegatingLauncher.execute(DelegatingLauncher.java:47) [junit-platform-launcher-1.11.4.jar:1.11.4]
	at org.apache.maven.surefire.junitplatform.LazyLauncher.execute(LazyLauncher.java:56) [surefire-junit-platform-3.5.2.jar:3.5.2]
	at org.apache.maven.surefire.junitplatform.JUnitPlatformProvider.execute(JUnitPlatformProvider.java:184) [surefire-junit-platform-3.5.2.jar:3.5.2]
	at org.apache.maven.surefire.junitplatform.JUnitPlatformProvider.invokeAllTests(JUnitPlatformProvider.java:148) [surefire-junit-platform-3.5.2.jar:3.5.2]
	at org.apache.maven.surefire.junitplatform.JUnitPlatformProvider.invoke(JUnitPlatformProvider.java:122) [surefire-junit-platform-3.5.2.jar:3.5.2]
	at org.apache.maven.surefire.booter.ForkedBooter.runSuitesInProcess(ForkedBooter.java:385) [surefire-booter-3.5.2.jar:3.5.2]
	at org.apache.maven.surefire.booter.ForkedBooter.execute(ForkedBooter.java:162) [surefire-booter-3.5.2.jar:3.5.2]
	at org.apache.maven.surefire.booter.ForkedBooter.run(ForkedBooter.java:507) [surefire-booter-3.5.2.jar:3.5.2]
	at org.apache.maven.surefire.booter.ForkedBooter.main(ForkedBooter.java:495) [surefire-booter-3.5.2.jar:3.5.2]
2025-08-01 19:23:56.783 [main] DEBUG org.springframework.data.jpa.repository.query.NamedQuery - Did not find named query Address.findByCountryAndCityAndStreetAndHouse
2025-08-01 19:23:56.784 [main] DEBUG org.springframework.orm.jpa.SharedEntityManagerCreator$SharedEntityManagerInvocationHandler - Creating new EntityManager for shared EntityManager invocation
2025-08-01 19:23:56.786 [main] DEBUG org.springframework.data.repository.core.support.RepositoryFactorySupport - Finished creation of repository instance for com.example.trainup.repository.AddressRepository.
2025-08-01 19:23:56.826 [main] DEBUG org.springframework.beans.factory.support.DefaultListableBeanFactory - Creating shared instance of singleton bean 'currentUserService'
2025-08-01 19:23:56.827 [main] DEBUG org.springframework.beans.factory.support.DefaultListableBeanFactory - Autowiring by type from bean name 'currentUserService' via constructor to bean named 'gymOwnerRepository'
2025-08-01 19:23:56.828 [main] DEBUG org.springframework.beans.factory.support.DefaultListableBeanFactory - Autowiring by type from bean name 'currentUserService' via constructor to bean named 'athleteRepository'
2025-08-01 19:23:56.828 [main] DEBUG org.springframework.beans.factory.support.DefaultListableBeanFactory - Autowiring by type from bean name 'currentUserService' via constructor to bean named 'trainerRepository'
2025-08-01 19:23:56.864 [main] DEBUG org.springframework.beans.factory.support.DefaultListableBeanFactory - Autowiring by type from bean name 'gymServiceImpl' via constructor to bean named 'gymRepository'
2025-08-01 19:23:56.864 [main] DEBUG org.springframework.beans.factory.support.DefaultListableBeanFactory - Autowiring by type from bean name 'gymServiceImpl' via constructor to bean named 'gymMapperImpl'
2025-08-01 19:23:56.865 [main] DEBUG org.springframework.beans.factory.support.DefaultListableBeanFactory - Autowiring by type from bean name 'gymServiceImpl' via constructor to bean named 'sportRepository'
2025-08-01 19:23:56.865 [main] DEBUG org.springframework.beans.factory.support.DefaultListableBeanFactory - Autowiring by type from bean name 'gymServiceImpl' via constructor to bean named 'trainerRepository'
2025-08-01 19:23:56.866 [main] DEBUG org.springframework.beans.factory.support.DefaultListableBeanFactory - Autowiring by type from bean name 'gymServiceImpl' via constructor to bean named 'addressRepository'
2025-08-01 19:23:56.866 [main] DEBUG org.springframework.beans.factory.support.DefaultListableBeanFactory - Autowiring by type from bean name 'gymServiceImpl' via constructor to bean named 'userCredentialsRepository'
2025-08-01 19:23:56.866 [main] DEBUG org.springframework.beans.factory.support.DefaultListableBeanFactory - Autowiring by type from bean name 'gymServiceImpl' via constructor to bean named 'currentUserService'
2025-08-01 19:23:56.904 [main] DEBUG org.springframework.beans.factory.support.DefaultListableBeanFactory - Autowiring by type from bean name 'gymController' via constructor to bean named 'gymServiceImpl'
2025-08-01 19:23:56.905 [main] DEBUG org.springframework.beans.factory.support.DefaultListableBeanFactory - Autowiring by type from bean name 'gymController' via constructor to bean named 'currentUserService'
2025-08-01 19:23:56.936 [main] DEBUG org.springframework.beans.factory.support.DefaultListableBeanFactory - Creating shared instance of singleton bean 'reviewController'
2025-08-01 19:23:56.939 [main] DEBUG org.springframework.beans.factory.support.DefaultListableBeanFactory - Creating shared instance of singleton bean 'reviewServiceImpl'
2025-08-01 19:23:56.940 [main] DEBUG org.springframework.beans.factory.support.DefaultListableBeanFactory - Creating shared instance of singleton bean 'reviewRepository'
2025-08-01 19:23:56.944 [main] DEBUG org.springframework.beans.factory.support.DefaultListableBeanFactory - Creating shared instance of singleton bean 'jpa.named-queries#6'
2025-08-01 19:23:56.949 [main] DEBUG org.springframework.beans.factory.support.DefaultListableBeanFactory - Creating shared instance of singleton bean 'jpa.ReviewRepository.fragments#0'
2025-08-01 19:23:56.951 [main] DEBUG org.springframework.orm.jpa.SharedEntityManagerCreator$SharedEntityManagerInvocationHandler - Creating new EntityManager for shared EntityManager invocation
2025-08-01 19:23:56.952 [main] DEBUG org.springframework.data.repository.core.support.RepositoryFactorySupport - Initializing repository instance for com.example.trainup.repository.ReviewRepository…
2025-08-01 19:23:56.953 [main] DEBUG org.springframework.orm.jpa.SharedEntityManagerCreator$SharedEntityManagerInvocationHandler - Creating new EntityManager for shared EntityManager invocation
2025-08-01 19:23:56.957 [main] DEBUG org.hibernate.resource.transaction.backend.jdbc.internal.JdbcResourceLocalTransactionCoordinatorImpl - JDBC transaction marked for rollback-only (exception provided for stack trace)
java.lang.Exception: exception just for purpose of providing stack trace
	at org.hibernate.resource.transaction.backend.jdbc.internal.JdbcResourceLocalTransactionCoordinatorImpl$TransactionDriverControlImpl.markRollbackOnly(JdbcResourceLocalTransactionCoordinatorImpl.java:309) ~[hibernate-core-6.6.8.Final.jar:6.6.8.Final]
	at org.hibernate.internal.AbstractSharedSessionContract.buildNamedQuery(AbstractSharedSessionContract.java:1141) ~[hibernate-core-6.6.8.Final.jar:6.6.8.Final]
	at org.hibernate.internal.AbstractSharedSessionContract.createNamedQuery(AbstractSharedSessionContract.java:1019) ~[hibernate-core-6.6.8.Final.jar:6.6.8.Final]
	at org.hibernate.internal.AbstractSharedSessionContract.createNamedQuery(AbstractSharedSessionContract.java:143) ~[hibernate-core-6.6.8.Final.jar:6.6.8.Final]
	at jdk.internal.reflect.GeneratedMethodAccessor95.invoke(Unknown Source) ~[?:?]
	at java.base/jdk.internal.reflect.DelegatingMethodAccessorImpl.invoke(DelegatingMethodAccessorImpl.java:43) ~[?:?]
	at java.base/java.lang.reflect.Method.invoke(Method.java:569) ~[?:?]
	at org.springframework.orm.jpa.ExtendedEntityManagerCreator$ExtendedEntityManagerInvocationHandler.invoke(ExtendedEntityManagerCreator.java:364) ~[spring-orm-6.2.3.jar:6.2.3]
	at jdk.proxy2/jdk.proxy2.$Proxy236.createNamedQuery(Unknown Source) ~[?:?]
	at org.springframework.data.jpa.repository.query.NamedQuery.hasNamedQuery(NamedQuery.java:114) ~[spring-data-jpa-3.4.3.jar:3.4.3]
	at org.springframework.data.jpa.repository.query.JpaQueryLookupStrategy$DeclaredQueryLookupStrategy.getCountQuery(JpaQueryLookupStrategy.java:208) ~[spring-data-jpa-3.4.3.jar:3.4.3]
	at org.springframework.data.jpa.repository.query.JpaQueryLookupStrategy$DeclaredQueryLookupStrategy.resolveQuery(JpaQueryLookupStrategy.java:175) ~[spring-data-jpa-3.4.3.jar:3.4.3]
	at org.springframework.data.jpa.repository.query.JpaQueryLookupStrategy$CreateIfNotFoundQueryLookupStrategy.resolveQuery(JpaQueryLookupStrategy.java:256) ~[spring-data-jpa-3.4.3.jar:3.4.3]
	at org.springframework.data.jpa.repository.query.JpaQueryLookupStrategy$AbstractQueryLookupStrategy.resolveQuery(JpaQueryLookupStrategy.java:99) ~[spring-data-jpa-3.4.3.jar:3.4.3]
	at org.springframework.data.repository.core.support.QueryExecutorMethodInterceptor.lookupQuery(QueryExecutorMethodInterceptor.java:116) ~[spring-data-commons-3.4.3.jar:3.4.3]
	at org.springframework.data.repository.core.support.QueryExecutorMethodInterceptor.mapMethodsToQuery(QueryExecutorMethodInterceptor.java:104) ~[spring-data-commons-3.4.3.jar:3.4.3]
	at org.springframework.data.repository.core.support.QueryExecutorMethodInterceptor.lambda$new$0(QueryExecutorMethodInterceptor.java:92) ~[spring-data-commons-3.4.3.jar:3.4.3]
	at java.base/java.util.Optional.map(Optional.java:260) ~[?:?]
	at org.springframework.data.repository.core.support.QueryExecutorMethodInterceptor.<init>(QueryExecutorMethodInterceptor.java:92) ~[spring-data-commons-3.4.3.jar:3.4.3]
	at org.springframework.data.repository.core.support.RepositoryFactorySupport.getRepository(RepositoryFactorySupport.java:440) ~[spring-data-commons-3.4.3.jar:3.4.3]
	at org.springframework.data.repository.core.support.RepositoryFactoryBeanSupport.lambda$afterPropertiesSet$4(RepositoryFactoryBeanSupport.java:350) ~[spring-data-commons-3.4.3.jar:3.4.3]
	at org.springframework.data.util.Lazy.getNullable(Lazy.java:135) ~[spring-data-commons-3.4.3.jar:3.4.3]
	at org.springframework.data.util.Lazy.get(Lazy.java:113) ~[spring-data-commons-3.4.3.jar:3.4.3]
	at org.springframework.data.repository.core.support.RepositoryFactoryBeanSupport.afterPropertiesSet(RepositoryFactoryBeanSupport.java:356) ~[spring-data-commons-3.4.3.jar:3.4.3]
	at org.springframework.data.jpa.repository.support.JpaRepositoryFactoryBean.afterPropertiesSet(JpaRepositoryFactoryBean.java:132) ~[spring-data-jpa-3.4.3.jar:3.4.3]
	at org.springframework.beans.factory.support.AbstractAutowireCapableBeanFactory.invokeInitMethods(AbstractAutowireCapableBeanFactory.java:1859) ~[spring-beans-6.2.3.jar:6.2.3]
	at org.springframework.beans.factory.support.AbstractAutowireCapableBeanFactory.initializeBean(AbstractAutowireCapableBeanFactory.java:1808) ~[spring-beans-6.2.3.jar:6.2.3]
	at org.springframework.beans.factory.support.AbstractAutowireCapableBeanFactory.doCreateBean(AbstractAutowireCapableBeanFactory.java:601) ~[spring-beans-6.2.3.jar:6.2.3]
	at org.springframework.beans.factory.support.AbstractAutowireCapableBeanFactory.createBean(AbstractAutowireCapableBeanFactory.java:523) ~[spring-beans-6.2.3.jar:6.2.3]
	at org.springframework.beans.factory.support.AbstractBeanFactory.lambda$doGetBean$0(AbstractBeanFactory.java:339) ~[spring-beans-6.2.3.jar:6.2.3]
	at org.springframework.beans.factory.support.DefaultSingletonBeanRegistry.getSingleton(DefaultSingletonBeanRegistry.java:346) ~[spring-beans-6.2.3.jar:6.2.3]
	at org.springframework.beans.factory.support.AbstractBeanFactory.doGetBean(AbstractBeanFactory.java:337) ~[spring-beans-6.2.3.jar:6.2.3]
	at org.springframework.beans.factory.support.AbstractBeanFactory.getBean(AbstractBeanFactory.java:202) ~[spring-beans-6.2.3.jar:6.2.3]
	at org.springframework.beans.factory.support.DefaultListableBeanFactory.doResolveDependency(DefaultListableBeanFactory.java:1606) ~[spring-beans-6.2.3.jar:6.2.3]
	at org.springframework.beans.factory.support.DefaultListableBeanFactory.resolveDependency(DefaultListableBeanFactory.java:1552) ~[spring-beans-6.2.3.jar:6.2.3]
	at org.springframework.beans.factory.support.ConstructorResolver.resolveAutowiredArgument(ConstructorResolver.java:913) ~[spring-beans-6.2.3.jar:6.2.3]
	at org.springframework.beans.factory.support.ConstructorResolver.createArgumentArray(ConstructorResolver.java:791) ~[spring-beans-6.2.3.jar:6.2.3]
	at org.springframework.beans.factory.support.ConstructorResolver.autowireConstructor(ConstructorResolver.java:240) ~[spring-beans-6.2.3.jar:6.2.3]
	at org.springframework.beans.factory.support.AbstractAutowireCapableBeanFactory.autowireConstructor(AbstractAutowireCapableBeanFactory.java:1381) ~[spring-beans-6.2.3.jar:6.2.3]
	at org.springframework.beans.factory.support.AbstractAutowireCapableBeanFactory.createBeanInstance(AbstractAutowireCapableBeanFactory.java:1218) ~[spring-beans-6.2.3.jar:6.2.3]
	at org.springframework.beans.factory.support.AbstractAutowireCapableBeanFactory.doCreateBean(AbstractAutowireCapableBeanFactory.java:563) ~[spring-beans-6.2.3.jar:6.2.3]
	at org.springframework.beans.factory.support.AbstractAutowireCapableBeanFactory.createBean(AbstractAutowireCapableBeanFactory.java:523) ~[spring-beans-6.2.3.jar:6.2.3]
	at org.springframework.beans.factory.support.AbstractBeanFactory.lambda$doGetBean$0(AbstractBeanFactory.java:339) ~[spring-beans-6.2.3.jar:6.2.3]
	at org.springframework.beans.factory.support.DefaultSingletonBeanRegistry.getSingleton(DefaultSingletonBeanRegistry.java:346) ~[spring-beans-6.2.3.jar:6.2.3]
	at org.springframework.beans.factory.support.AbstractBeanFactory.doGetBean(AbstractBeanFactory.java:337) ~[spring-beans-6.2.3.jar:6.2.3]
	at org.springframework.beans.factory.support.AbstractBeanFactory.getBean(AbstractBeanFactory.java:202) ~[spring-beans-6.2.3.jar:6.2.3]
	at org.springframework.beans.factory.config.DependencyDescriptor.resolveCandidate(DependencyDescriptor.java:254) ~[spring-beans-6.2.3.jar:6.2.3]
	at org.springframework.beans.factory.support.DefaultListableBeanFactory.doResolveDependency(DefaultListableBeanFactory.java:1664) ~[spring-beans-6.2.3.jar:6.2.3]
	at org.springframework.beans.factory.support.DefaultListableBeanFactory.resolveDependency(DefaultListableBeanFactory.java:1552) ~[spring-beans-6.2.3.jar:6.2.3]
	at org.springframework.beans.factory.support.ConstructorResolver.resolveAutowiredArgument(ConstructorResolver.java:913) ~[spring-beans-6.2.3.jar:6.2.3]
	at org.springframework.beans.factory.support.ConstructorResolver.createArgumentArray(ConstructorResolver.java:791) ~[spring-beans-6.2.3.jar:6.2.3]
	at org.springframework.beans.factory.support.ConstructorResolver.autowireConstructor(ConstructorResolver.java:240) ~[spring-beans-6.2.3.jar:6.2.3]
	at org.springframework.beans.factory.support.AbstractAutowireCapableBeanFactory.autowireConstructor(AbstractAutowireCapableBeanFactory.java:1381) ~[spring-beans-6.2.3.jar:6.2.3]
	at org.springframework.beans.factory.support.AbstractAutowireCapableBeanFactory.createBeanInstance(AbstractAutowireCapableBeanFactory.java:1218) ~[spring-beans-6.2.3.jar:6.2.3]
	at org.springframework.beans.factory.support.AbstractAutowireCapableBeanFactory.doCreateBean(AbstractAutowireCapableBeanFactory.java:563) ~[spring-beans-6.2.3.jar:6.2.3]
	at org.springframework.beans.factory.support.AbstractAutowireCapableBeanFactory.createBean(AbstractAutowireCapableBeanFactory.java:523) ~[spring-beans-6.2.3.jar:6.2.3]
	at org.springframework.beans.factory.support.AbstractBeanFactory.lambda$doGetBean$0(AbstractBeanFactory.java:339) ~[spring-beans-6.2.3.jar:6.2.3]
	at org.springframework.beans.factory.support.DefaultSingletonBeanRegistry.getSingleton(DefaultSingletonBeanRegistry.java:346) ~[spring-beans-6.2.3.jar:6.2.3]
	at org.springframework.beans.factory.support.AbstractBeanFactory.doGetBean(AbstractBeanFactory.java:337) ~[spring-beans-6.2.3.jar:6.2.3]
	at org.springframework.beans.factory.support.AbstractBeanFactory.getBean(AbstractBeanFactory.java:202) ~[spring-beans-6.2.3.jar:6.2.3]
	at org.springframework.beans.factory.support.DefaultListableBeanFactory.instantiateSingleton(DefaultListableBeanFactory.java:1155) ~[spring-beans-6.2.3.jar:6.2.3]
	at org.springframework.beans.factory.support.DefaultListableBeanFactory.preInstantiateSingleton(DefaultListableBeanFactory.java:1121) ~[spring-beans-6.2.3.jar:6.2.3]
	at org.springframework.beans.factory.support.DefaultListableBeanFactory.preInstantiateSingletons(DefaultListableBeanFactory.java:1056) ~[spring-beans-6.2.3.jar:6.2.3]
	at org.springframework.context.support.AbstractApplicationContext.finishBeanFactoryInitialization(AbstractApplicationContext.java:987) ~[spring-context-6.2.3.jar:6.2.3]
	at org.springframework.context.support.AbstractApplicationContext.refresh(AbstractApplicationContext.java:627) ~[spring-context-6.2.3.jar:6.2.3]
	at org.springframework.boot.SpringApplication.refresh(SpringApplication.java:752) ~[spring-boot-3.4.3.jar:3.4.3]
	at org.springframework.boot.SpringApplication.refreshContext(SpringApplication.java:439) ~[spring-boot-3.4.3.jar:3.4.3]
	at org.springframework.boot.SpringApplication.run(SpringApplication.java:318) ~[spring-boot-3.4.3.jar:3.4.3]
	at org.springframework.boot.test.context.SpringBootContextLoader.lambda$loadContext$3(SpringBootContextLoader.java:137) ~[spring-boot-test-3.4.3.jar:3.4.3]
	at org.springframework.util.function.ThrowingSupplier.get(ThrowingSupplier.java:58) ~[spring-core-6.2.3.jar:6.2.3]
	at org.springframework.util.function.ThrowingSupplier.get(ThrowingSupplier.java:46) ~[spring-core-6.2.3.jar:6.2.3]
	at org.springframework.boot.SpringApplication.withHook(SpringApplication.java:1461) ~[spring-boot-3.4.3.jar:3.4.3]
	at org.springframework.boot.test.context.SpringBootContextLoader$ContextLoaderHook.run(SpringBootContextLoader.java:553) ~[spring-boot-test-3.4.3.jar:3.4.3]
	at org.springframework.boot.test.context.SpringBootContextLoader.loadContext(SpringBootContextLoader.java:137) ~[spring-boot-test-3.4.3.jar:3.4.3]
	at org.springframework.boot.test.context.SpringBootContextLoader.loadContext(SpringBootContextLoader.java:108) ~[spring-boot-test-3.4.3.jar:3.4.3]
	at org.springframework.test.context.cache.DefaultCacheAwareContextLoaderDelegate.loadContextInternal(DefaultCacheAwareContextLoaderDelegate.java:225) ~[spring-test-6.2.3.jar:6.2.3]
	at org.springframework.test.context.cache.DefaultCacheAwareContextLoaderDelegate.loadContext(DefaultCacheAwareContextLoaderDelegate.java:152) ~[spring-test-6.2.3.jar:6.2.3]
	at org.springframework.test.context.support.DefaultTestContext.getApplicationContext(DefaultTestContext.java:130) ~[spring-test-6.2.3.jar:6.2.3]
	at org.springframework.test.context.web.ServletTestExecutionListener.setUpRequestContextIfNecessary(ServletTestExecutionListener.java:200) ~[spring-test-6.2.3.jar:6.2.3]
	at org.springframework.test.context.web.ServletTestExecutionListener.prepareTestInstance(ServletTestExecutionListener.java:139) ~[spring-test-6.2.3.jar:6.2.3]
	at org.springframework.test.context.TestContextManager.prepareTestInstance(TestContextManager.java:260) ~[spring-test-6.2.3.jar:6.2.3]
	at org.springframework.test.context.junit.jupiter.SpringExtension.postProcessTestInstance(SpringExtension.java:160) ~[spring-test-6.2.3.jar:6.2.3]
	at org.junit.jupiter.engine.descriptor.ClassBasedTestDescriptor.lambda$invokeTestInstancePostProcessors$11(ClassBasedTestDescriptor.java:378) ~[junit-jupiter-engine-5.11.4.jar:5.11.4]
	at org.junit.jupiter.engine.descriptor.ClassBasedTestDescriptor.executeAndMaskThrowable(ClassBasedTestDescriptor.java:383) ~[junit-jupiter-engine-5.11.4.jar:5.11.4]
	at org.junit.jupiter.engine.descriptor.ClassBasedTestDescriptor.lambda$invokeTestInstancePostProcessors$12(ClassBasedTestDescriptor.java:378) ~[junit-jupiter-engine-5.11.4.jar:5.11.4]
	at java.base/java.util.stream.ForEachOps$ForEachOp$OfRef.accept(ForEachOps.java:183) ~[?:?]
	at java.base/java.util.stream.ReferencePipeline$3$1.accept(ReferencePipeline.java:197) ~[?:?]
	at java.base/java.util.stream.ReferencePipeline$2$1.accept(ReferencePipeline.java:179) ~[?:?]
	at java.base/java.util.stream.ReferencePipeline$3$1.accept(ReferencePipeline.java:197) ~[?:?]
	at java.base/java.util.ArrayList$ArrayListSpliterator.forEachRemaining(ArrayList.java:1625) ~[?:?]
	at java.base/java.util.stream.AbstractPipeline.copyInto(AbstractPipeline.java:509) ~[?:?]
	at java.base/java.util.stream.AbstractPipeline.wrapAndCopyInto(AbstractPipeline.java:499) ~[?:?]
	at java.base/java.util.stream.ForEachOps$ForEachOp.evaluateSequential(ForEachOps.java:150) ~[?:?]
	at java.base/java.util.stream.ForEachOps$ForEachOp$OfRef.evaluateSequential(ForEachOps.java:173) ~[?:?]
	at java.base/java.util.stream.AbstractPipeline.evaluate(AbstractPipeline.java:234) ~[?:?]
	at java.base/java.util.stream.ReferencePipeline.forEach(ReferencePipeline.java:596) ~[?:?]
	at org.junit.jupiter.engine.descriptor.ClassBasedTestDescriptor.invokeTestInstancePostProcessors(ClassBasedTestDescriptor.java:377) ~[junit-jupiter-engine-5.11.4.jar:5.11.4]
	at org.junit.jupiter.engine.descriptor.ClassBasedTestDescriptor.lambda$instantiateAndPostProcessTestInstance$7(ClassBasedTestDescriptor.java:290) ~[junit-jupiter-engine-5.11.4.jar:5.11.4]
	at org.junit.platform.engine.support.hierarchical.ThrowableCollector.execute(ThrowableCollector.java:73) ~[junit-platform-engine-1.11.4.jar:1.11.4]
	at org.junit.jupiter.engine.descriptor.ClassBasedTestDescriptor.instantiateAndPostProcessTestInstance(ClassBasedTestDescriptor.java:289) ~[junit-jupiter-engine-5.11.4.jar:5.11.4]
	at org.junit.jupiter.engine.descriptor.ClassBasedTestDescriptor.lambda$testInstancesProvider$5(ClassBasedTestDescriptor.java:279) ~[junit-jupiter-engine-5.11.4.jar:5.11.4]
	at java.base/java.util.Optional.orElseGet(Optional.java:364) ~[?:?]
	at org.junit.jupiter.engine.descriptor.ClassBasedTestDescriptor.lambda$testInstancesProvider$6(ClassBasedTestDescriptor.java:278) ~[junit-jupiter-engine-5.11.4.jar:5.11.4]
	at org.junit.jupiter.engine.execution.TestInstancesProvider.getTestInstances(TestInstancesProvider.java:31) ~[junit-jupiter-engine-5.11.4.jar:5.11.4]
	at org.junit.jupiter.engine.descriptor.TestMethodTestDescriptor.lambda$prepare$1(TestMethodTestDescriptor.java:105) ~[junit-jupiter-engine-5.11.4.jar:5.11.4]
	at org.junit.platform.engine.support.hierarchical.ThrowableCollector.execute(ThrowableCollector.java:73) ~[junit-platform-engine-1.11.4.jar:1.11.4]
	at org.junit.jupiter.engine.descriptor.TestMethodTestDescriptor.prepare(TestMethodTestDescriptor.java:104) ~[junit-jupiter-engine-5.11.4.jar:5.11.4]
	at org.junit.jupiter.engine.descriptor.TestMethodTestDescriptor.prepare(TestMethodTestDescriptor.java:68) ~[junit-jupiter-engine-5.11.4.jar:5.11.4]
	at org.junit.platform.engine.support.hierarchical.NodeTestTask.lambda$prepare$2(NodeTestTask.java:128) ~[junit-platform-engine-1.11.4.jar:1.11.4]
	at org.junit.platform.engine.support.hierarchical.ThrowableCollector.execute(ThrowableCollector.java:73) ~[junit-platform-engine-1.11.4.jar:1.11.4]
	at org.junit.platform.engine.support.hierarchical.NodeTestTask.prepare(NodeTestTask.java:128) ~[junit-platform-engine-1.11.4.jar:1.11.4]
	at org.junit.platform.engine.support.hierarchical.NodeTestTask.execute(NodeTestTask.java:95) ~[junit-platform-engine-1.11.4.jar:1.11.4]
	at java.base/java.util.ArrayList.forEach(ArrayList.java:1511) ~[?:?]
	at org.junit.platform.engine.support.hierarchical.SameThreadHierarchicalTestExecutorService.invokeAll(SameThreadHierarchicalTestExecutorService.java:41) ~[junit-platform-engine-1.11.4.jar:1.11.4]
	at org.junit.platform.engine.support.hierarchical.NodeTestTask.lambda$executeRecursively$6(NodeTestTask.java:160) ~[junit-platform-engine-1.11.4.jar:1.11.4]
	at org.junit.platform.engine.support.hierarchical.ThrowableCollector.execute(ThrowableCollector.java:73) ~[junit-platform-engine-1.11.4.jar:1.11.4]
	at org.junit.platform.engine.support.hierarchical.NodeTestTask.lambda$executeRecursively$8(NodeTestTask.java:146) ~[junit-platform-engine-1.11.4.jar:1.11.4]
	at org.junit.platform.engine.support.hierarchical.Node.around(Node.java:137) ~[junit-platform-engine-1.11.4.jar:1.11.4]
	at org.junit.platform.engine.support.hierarchical.NodeTestTask.lambda$executeRecursively$9(NodeTestTask.java:144) ~[junit-platform-engine-1.11.4.jar:1.11.4]
	at org.junit.platform.engine.support.hierarchical.ThrowableCollector.execute(ThrowableCollector.java:73) ~[junit-platform-engine-1.11.4.jar:1.11.4]
	at org.junit.platform.engine.support.hierarchical.NodeTestTask.executeRecursively(NodeTestTask.java:143) ~[junit-platform-engine-1.11.4.jar:1.11.4]
	at org.junit.platform.engine.support.hierarchical.NodeTestTask.execute(NodeTestTask.java:100) ~[junit-platform-engine-1.11.4.jar:1.11.4]
	at java.base/java.util.ArrayList.forEach(ArrayList.java:1511) ~[?:?]
	at org.junit.platform.engine.support.hierarchical.SameThreadHierarchicalTestExecutorService.invokeAll(SameThreadHierarchicalTestExecutorService.java:41) ~[junit-platform-engine-1.11.4.jar:1.11.4]
	at org.junit.platform.engine.support.hierarchical.NodeTestTask.lambda$executeRecursively$6(NodeTestTask.java:160) ~[junit-platform-engine-1.11.4.jar:1.11.4]
	at org.junit.platform.engine.support.hierarchical.ThrowableCollector.execute(ThrowableCollector.java:73) ~[junit-platform-engine-1.11.4.jar:1.11.4]
	at org.junit.platform.engine.support.hierarchical.NodeTestTask.lambda$executeRecursively$8(NodeTestTask.java:146) ~[junit-platform-engine-1.11.4.jar:1.11.4]
	at org.junit.platform.engine.support.hierarchical.Node.around(Node.java:137) ~[junit-platform-engine-1.11.4.jar:1.11.4]
	at org.junit.platform.engine.support.hierarchical.NodeTestTask.lambda$executeRecursively$9(NodeTestTask.java:144) ~[junit-platform-engine-1.11.4.jar:1.11.4]
	at org.junit.platform.engine.support.hierarchical.ThrowableCollector.execute(ThrowableCollector.java:73) ~[junit-platform-engine-1.11.4.jar:1.11.4]
	at org.junit.platform.engine.support.hierarchical.NodeTestTask.executeRecursively(NodeTestTask.java:143) ~[junit-platform-engine-1.11.4.jar:1.11.4]
	at org.junit.platform.engine.support.hierarchical.NodeTestTask.execute(NodeTestTask.java:100) ~[junit-platform-engine-1.11.4.jar:1.11.4]
	at org.junit.platform.engine.support.hierarchical.SameThreadHierarchicalTestExecutorService.submit(SameThreadHierarchicalTestExecutorService.java:35) ~[junit-platform-engine-1.11.4.jar:1.11.4]
	at org.junit.platform.engine.support.hierarchical.HierarchicalTestExecutor.execute(HierarchicalTestExecutor.java:57) ~[junit-platform-engine-1.11.4.jar:1.11.4]
	at org.junit.platform.engine.support.hierarchical.HierarchicalTestEngine.execute(HierarchicalTestEngine.java:54) ~[junit-platform-engine-1.11.4.jar:1.11.4]
	at org.junit.platform.launcher.core.EngineExecutionOrchestrator.execute(EngineExecutionOrchestrator.java:198) ~[junit-platform-launcher-1.11.4.jar:1.11.4]
	at org.junit.platform.launcher.core.EngineExecutionOrchestrator.execute(EngineExecutionOrchestrator.java:169) ~[junit-platform-launcher-1.11.4.jar:1.11.4]
	at org.junit.platform.launcher.core.EngineExecutionOrchestrator.execute(EngineExecutionOrchestrator.java:93) ~[junit-platform-launcher-1.11.4.jar:1.11.4]
	at org.junit.platform.launcher.core.EngineExecutionOrchestrator.lambda$execute$0(EngineExecutionOrchestrator.java:58) ~[junit-platform-launcher-1.11.4.jar:1.11.4]
	at org.junit.platform.launcher.core.EngineExecutionOrchestrator.withInterceptedStreams(EngineExecutionOrchestrator.java:141) [junit-platform-launcher-1.11.4.jar:1.11.4]
	at org.junit.platform.launcher.core.EngineExecutionOrchestrator.execute(EngineExecutionOrchestrator.java:57) [junit-platform-launcher-1.11.4.jar:1.11.4]
	at org.junit.platform.launcher.core.DefaultLauncher.execute(DefaultLauncher.java:103) [junit-platform-launcher-1.11.4.jar:1.11.4]
	at org.junit.platform.launcher.core.DefaultLauncher.execute(DefaultLauncher.java:85) [junit-platform-launcher-1.11.4.jar:1.11.4]
	at org.junit.platform.launcher.core.DelegatingLauncher.execute(DelegatingLauncher.java:47) [junit-platform-launcher-1.11.4.jar:1.11.4]
	at org.apache.maven.surefire.junitplatform.LazyLauncher.execute(LazyLauncher.java:56) [surefire-junit-platform-3.5.2.jar:3.5.2]
	at org.apache.maven.surefire.junitplatform.JUnitPlatformProvider.execute(JUnitPlatformProvider.java:184) [surefire-junit-platform-3.5.2.jar:3.5.2]
	at org.apache.maven.surefire.junitplatform.JUnitPlatformProvider.invokeAllTests(JUnitPlatformProvider.java:148) [surefire-junit-platform-3.5.2.jar:3.5.2]
	at org.apache.maven.surefire.junitplatform.JUnitPlatformProvider.invoke(JUnitPlatformProvider.java:122) [surefire-junit-platform-3.5.2.jar:3.5.2]
	at org.apache.maven.surefire.booter.ForkedBooter.runSuitesInProcess(ForkedBooter.java:385) [surefire-booter-3.5.2.jar:3.5.2]
	at org.apache.maven.surefire.booter.ForkedBooter.execute(ForkedBooter.java:162) [surefire-booter-3.5.2.jar:3.5.2]
	at org.apache.maven.surefire.booter.ForkedBooter.run(ForkedBooter.java:507) [surefire-booter-3.5.2.jar:3.5.2]
	at org.apache.maven.surefire.booter.ForkedBooter.main(ForkedBooter.java:495) [surefire-booter-3.5.2.jar:3.5.2]
2025-08-01 19:23:56.962 [main] DEBUG org.springframework.data.jpa.repository.query.NamedQuery - Did not find named query Review.findReviewsByCriteria.count
2025-08-01 19:23:56.963 [main] DEBUG org.springframework.orm.jpa.SharedEntityManagerCreator$SharedEntityManagerInvocationHandler - Creating new EntityManager for shared EntityManager invocation
2025-08-01 19:23:56.965 [main] DEBUG org.hibernate.orm.query.hql - HQL : SELECT DISTINCT r FROM Review r LEFT JOIN r.author a LEFT JOIN r.gym g LEFT JOIN r.trainer t WHERE (:id IS NULL OR r.id = :id) AND (:rating IS NULL OR r.rating = :rating) AND (:authorId IS NULL OR a.id = :authorId) AND (:gymId IS NULL OR g.id = :gymId) AND (:trainerId IS NULL OR t.id = :trainerId)
2025-08-01 19:23:56.966 [main] DEBUG org.hibernate.orm.query.hql.reservedWordAsIdentifier - Encountered use of reserved word as identifier : IS
2025-08-01 19:23:56.967 [main] DEBUG org.hibernate.orm.query.hql.reservedWordAsIdentifier - Encountered use of reserved word as identifier : =
2025-08-01 19:23:56.967 [main] DEBUG org.hibernate.orm.query.hql.reservedWordAsIdentifier - Encountered use of reserved word as identifier : )
2025-08-01 19:23:56.968 [main] DEBUG org.hibernate.orm.query.hql.reservedWordAsIdentifier - Encountered use of reserved word as identifier : =
2025-08-01 19:23:56.968 [main] DEBUG org.hibernate.orm.query.hql.reservedWordAsIdentifier - Encountered use of reserved word as identifier : =
2025-08-01 19:23:56.969 [main] DEBUG org.hibernate.orm.query.hql.reservedWordAsIdentifier - Encountered use of reserved word as identifier : =
2025-08-01 19:23:56.970 [main] DEBUG org.hibernate.orm.query.sqm.creation - Applying inferable type to SqmExpression [SqmNamedParameter(id)] : null -> SqmBasicValuedSimplePath(com.example.trainup.model.Review(r).id)
2025-08-01 19:23:56.970 [main] DEBUG org.hibernate.orm.query.sqm.creation - Applying inferable type to SqmExpression [SqmNamedParameter(rating)] : null -> SqmBasicValuedSimplePath(com.example.trainup.model.Review(r).rating)
2025-08-01 19:23:56.971 [main] DEBUG org.hibernate.orm.query.sqm.creation - Applying inferable type to SqmExpression [SqmNamedParameter(authorId)] : null -> SqmBasicValuedSimplePath(com.example.trainup.model.Review(r).author(a).id)
2025-08-01 19:23:56.971 [main] DEBUG org.hibernate.orm.query.sqm.creation - Applying inferable type to SqmExpression [SqmNamedParameter(gymId)] : null -> SqmBasicValuedSimplePath(com.example.trainup.model.Review(r).gym(g).id)
2025-08-01 19:23:56.972 [main] DEBUG org.hibernate.orm.query.sqm.creation - Applying inferable type to SqmExpression [SqmNamedParameter(trainerId)] : null -> SqmBasicValuedSimplePath(com.example.trainup.model.Review(r).trainer(t).id)
2025-08-01 19:23:56.972 [main] DEBUG org.hibernate.orm.query.sqm.ast - SqmStatement Tree :
    -> [select]
      -> [query-spec]
        -> [select(distinct)]
          -> [selection]
            -> [root] - `com.example.trainup.model.Review(r)`
              -> [joins]
                -> [attribute] - `com.example.trainup.model.Review(r).author(a)`
                    [fetched = false]
                <- [attribute] - `com.example.trainup.model.Review(r).author(a)`
                -> [attribute] - `com.example.trainup.model.Review(r).gym(g)`
                    [fetched = false]
                <- [attribute] - `com.example.trainup.model.Review(r).gym(g)`
                -> [attribute] - `com.example.trainup.model.Review(r).trainer(t)`
                    [fetched = false]
                <- [attribute] - `com.example.trainup.model.Review(r).trainer(t)`
              <- [joins]
            <- [root] - `com.example.trainup.model.Review(r)`
          <- [selection]
        <- [select(distinct)]
        -> [from]
          -> [root] - `com.example.trainup.model.Review(r)`
            -> [joins]
              -> [attribute] - `com.example.trainup.model.Review(r).author(a)`
                  [fetched = false]
              <- [attribute] - `com.example.trainup.model.Review(r).author(a)`
              -> [attribute] - `com.example.trainup.model.Review(r).gym(g)`
                  [fetched = false]
              <- [attribute] - `com.example.trainup.model.Review(r).gym(g)`
              -> [attribute] - `com.example.trainup.model.Review(r).trainer(t)`
                  [fetched = false]
              <- [attribute] - `com.example.trainup.model.Review(r).trainer(t)`
            <- [joins]
          <- [root] - `com.example.trainup.model.Review(r)`
        <- [from]
        -> [where]
          -> [and]
            -> [grouped]
                -> [or]
                  -> [is-null]
                      :id
                  <- [is-null]
                  -> [EQUAL]
                      -> [basic-path] - `com.example.trainup.model.Review(r).id`
                      :id
                  <- [EQUAL]
                <- [or]
            <- [grouped]
            -> [grouped]
                -> [or]
                  -> [is-null]
                      :rating
                  <- [is-null]
                  -> [EQUAL]
                      -> [basic-path] - `com.example.trainup.model.Review(r).rating`
                      :rating
                  <- [EQUAL]
                <- [or]
            <- [grouped]
            -> [grouped]
                -> [or]
                  -> [is-null]
                      :authorId
                  <- [is-null]
                  -> [EQUAL]
                      -> [basic-path] - `com.example.trainup.model.Review(r).author(a).id`
                      :authorId
                  <- [EQUAL]
                <- [or]
            <- [grouped]
            -> [grouped]
                -> [or]
                  -> [is-null]
                      :gymId
                  <- [is-null]
                  -> [EQUAL]
                      -> [basic-path] - `com.example.trainup.model.Review(r).gym(g).id`
                      :gymId
                  <- [EQUAL]
                <- [or]
            <- [grouped]
            -> [grouped]
                -> [or]
                  -> [is-null]
                      :trainerId
                  <- [is-null]
                  -> [EQUAL]
                      -> [basic-path] - `com.example.trainup.model.Review(r).trainer(t).id`
                      :trainerId
                  <- [EQUAL]
                <- [or]
            <- [grouped]
          <- [and]
        <- [where]
      <- [query-spec]
    <- [select]

2025-08-01 19:23:56.975 [main] DEBUG org.hibernate.orm.query.hql - HQL : SELECT count(DISTINCT r) FROM Review r LEFT JOIN r.author a LEFT JOIN r.gym g LEFT JOIN r.trainer t WHERE (:id IS NULL OR r.id = :id) AND (:rating IS NULL OR r.rating = :rating) AND (:authorId IS NULL OR a.id = :authorId) AND (:gymId IS NULL OR g.id = :gymId) AND (:trainerId IS NULL OR t.id = :trainerId)
2025-08-01 19:23:56.976 [main] DEBUG org.hibernate.orm.query.hql.reservedWordAsIdentifier - Encountered use of reserved word as identifier : (
2025-08-01 19:23:56.977 [main] DEBUG org.hibernate.orm.query.hql.reservedWordAsIdentifier - Encountered use of reserved word as identifier : IS
2025-08-01 19:23:56.978 [main] DEBUG org.hibernate.orm.query.hql.reservedWordAsIdentifier - Encountered use of reserved word as identifier : =
2025-08-01 19:23:56.978 [main] DEBUG org.hibernate.orm.query.hql.reservedWordAsIdentifier - Encountered use of reserved word as identifier : )
2025-08-01 19:23:56.978 [main] DEBUG org.hibernate.orm.query.hql.reservedWordAsIdentifier - Encountered use of reserved word as identifier : =
2025-08-01 19:23:56.979 [main] DEBUG org.hibernate.orm.query.hql.reservedWordAsIdentifier - Encountered use of reserved word as identifier : =
2025-08-01 19:23:56.979 [main] DEBUG org.hibernate.orm.query.hql.reservedWordAsIdentifier - Encountered use of reserved word as identifier : =
2025-08-01 19:23:56.981 [main] DEBUG org.hibernate.orm.query.sqm.creation - Applying inferable type to SqmExpression [SqmNamedParameter(id)] : null -> SqmBasicValuedSimplePath(com.example.trainup.model.Review(r).id)
2025-08-01 19:23:56.981 [main] DEBUG org.hibernate.orm.query.sqm.creation - Applying inferable type to SqmExpression [SqmNamedParameter(rating)] : null -> SqmBasicValuedSimplePath(com.example.trainup.model.Review(r).rating)
2025-08-01 19:23:56.982 [main] DEBUG org.hibernate.orm.query.sqm.creation - Applying inferable type to SqmExpression [SqmNamedParameter(authorId)] : null -> SqmBasicValuedSimplePath(com.example.trainup.model.Review(r).author(a).id)
2025-08-01 19:23:56.982 [main] DEBUG org.hibernate.orm.query.sqm.creation - Applying inferable type to SqmExpression [SqmNamedParameter(gymId)] : null -> SqmBasicValuedSimplePath(com.example.trainup.model.Review(r).gym(g).id)
2025-08-01 19:23:56.983 [main] DEBUG org.hibernate.orm.query.sqm.creation - Applying inferable type to SqmExpression [SqmNamedParameter(trainerId)] : null -> SqmBasicValuedSimplePath(com.example.trainup.model.Review(r).trainer(t).id)
2025-08-01 19:23:56.984 [main] DEBUG org.hibernate.orm.query.sqm.ast - SqmStatement Tree :
    -> [select]
      -> [query-spec]
        -> [select]
          -> [selection]
          <- [selection]
        <- [select]
        -> [from]
          -> [root] - `com.example.trainup.model.Review(r)`
            -> [joins]
              -> [attribute] - `com.example.trainup.model.Review(r).author(a)`
                  [fetched = false]
              <- [attribute] - `com.example.trainup.model.Review(r).author(a)`
              -> [attribute] - `com.example.trainup.model.Review(r).gym(g)`
                  [fetched = false]
              <- [attribute] - `com.example.trainup.model.Review(r).gym(g)`
              -> [attribute] - `com.example.trainup.model.Review(r).trainer(t)`
                  [fetched = false]
              <- [attribute] - `com.example.trainup.model.Review(r).trainer(t)`
            <- [joins]
          <- [root] - `com.example.trainup.model.Review(r)`
        <- [from]
        -> [where]
          -> [and]
            -> [grouped]
                -> [or]
                  -> [is-null]
                      :id
                  <- [is-null]
                  -> [EQUAL]
                      -> [basic-path] - `com.example.trainup.model.Review(r).id`
                      :id
                  <- [EQUAL]
                <- [or]
            <- [grouped]
            -> [grouped]
                -> [or]
                  -> [is-null]
                      :rating
                  <- [is-null]
                  -> [EQUAL]
                      -> [basic-path] - `com.example.trainup.model.Review(r).rating`
                      :rating
                  <- [EQUAL]
                <- [or]
            <- [grouped]
            -> [grouped]
                -> [or]
                  -> [is-null]
                      :authorId
                  <- [is-null]
                  -> [EQUAL]
                      -> [basic-path] - `com.example.trainup.model.Review(r).author(a).id`
                      :authorId
                  <- [EQUAL]
                <- [or]
            <- [grouped]
            -> [grouped]
                -> [or]
                  -> [is-null]
                      :gymId
                  <- [is-null]
                  -> [EQUAL]
                      -> [basic-path] - `com.example.trainup.model.Review(r).gym(g).id`
                      :gymId
                  <- [EQUAL]
                <- [or]
            <- [grouped]
            -> [grouped]
                -> [or]
                  -> [is-null]
                      :trainerId
                  <- [is-null]
                  -> [EQUAL]
                      -> [basic-path] - `com.example.trainup.model.Review(r).trainer(t).id`
                      :trainerId
                  <- [EQUAL]
                <- [or]
            <- [grouped]
          <- [and]
        <- [where]
      <- [query-spec]
    <- [select]

2025-08-01 19:23:56.984 [main] DEBUG org.springframework.data.repository.core.support.RepositoryFactorySupport - Finished creation of repository instance for com.example.trainup.repository.ReviewRepository.
2025-08-01 19:23:57.021 [main] DEBUG org.springframework.beans.factory.support.DefaultListableBeanFactory - Creating shared instance of singleton bean 'reviewMapperImpl'
2025-08-01 19:23:57.048 [main] DEBUG org.springframework.beans.factory.support.DefaultListableBeanFactory - Autowiring by type from bean name 'reviewServiceImpl' via constructor to bean named 'reviewRepository'
2025-08-01 19:23:57.049 [main] DEBUG org.springframework.beans.factory.support.DefaultListableBeanFactory - Autowiring by type from bean name 'reviewServiceImpl' via constructor to bean named 'reviewMapperImpl'
2025-08-01 19:23:57.049 [main] DEBUG org.springframework.beans.factory.support.DefaultListableBeanFactory - Autowiring by type from bean name 'reviewServiceImpl' via constructor to bean named 'athleteRepository'
2025-08-01 19:23:57.050 [main] DEBUG org.springframework.beans.factory.support.DefaultListableBeanFactory - Autowiring by type from bean name 'reviewServiceImpl' via constructor to bean named 'gymRepository'
2025-08-01 19:23:57.050 [main] DEBUG org.springframework.beans.factory.support.DefaultListableBeanFactory - Autowiring by type from bean name 'reviewServiceImpl' via constructor to bean named 'trainerRepository'
2025-08-01 19:23:57.051 [main] DEBUG org.springframework.beans.factory.support.DefaultListableBeanFactory - Autowiring by type from bean name 'reviewServiceImpl' via constructor to bean named 'athleteServiceImpl'
2025-08-01 19:23:57.081 [main] DEBUG org.springframework.beans.factory.support.DefaultListableBeanFactory - Autowiring by type from bean name 'reviewController' via constructor to bean named 'reviewServiceImpl'
2025-08-01 19:23:57.107 [main] DEBUG org.springframework.beans.factory.support.DefaultListableBeanFactory - Creating shared instance of singleton bean 'sportController'
2025-08-01 19:23:57.109 [main] DEBUG org.springframework.beans.factory.support.DefaultListableBeanFactory - Creating shared instance of singleton bean 'sportServiceImpl'
2025-08-01 19:23:57.111 [main] DEBUG org.springframework.beans.factory.support.DefaultListableBeanFactory - Creating shared instance of singleton bean 'sportMapperImpl'
2025-08-01 19:23:57.136 [main] DEBUG org.springframework.beans.factory.support.DefaultListableBeanFactory - Autowiring by type from bean name 'sportServiceImpl' via constructor to bean named 'sportRepository'
2025-08-01 19:23:57.137 [main] DEBUG org.springframework.beans.factory.support.DefaultListableBeanFactory - Autowiring by type from bean name 'sportServiceImpl' via constructor to bean named 'sportMapperImpl'
2025-08-01 19:23:57.164 [main] DEBUG org.springframework.beans.factory.support.DefaultListableBeanFactory - Autowiring by type from bean name 'sportController' via constructor to bean named 'sportServiceImpl'
2025-08-01 19:23:57.207 [main] DEBUG org.springframework.beans.factory.support.DefaultListableBeanFactory - Creating shared instance of singleton bean 'trainerController'
2025-08-01 19:23:57.208 [main] DEBUG org.springframework.beans.factory.support.DefaultListableBeanFactory - Autowiring by type from bean name 'trainerController' via constructor to bean named 'trainerServiceImpl'
2025-08-01 19:23:57.232 [main] DEBUG org.springframework.beans.factory.support.DefaultListableBeanFactory - Creating shared instance of singleton bean 'customGlobalExceptionHandler'
2025-08-01 19:23:57.262 [main] DEBUG org.springframework.beans.factory.support.DefaultListableBeanFactory - Creating shared instance of singleton bean 'athleteMapperImpl'
2025-08-01 19:23:57.310 [main] DEBUG org.springframework.beans.factory.support.DefaultListableBeanFactory - Creating shared instance of singleton bean 'gymOwnerMapperImpl'
2025-08-01 19:23:57.355 [main] DEBUG org.springframework.beans.factory.support.DefaultListableBeanFactory - Creating shared instance of singleton bean 'trainerMapperImpl'
2025-08-01 19:23:57.398 [main] DEBUG org.springframework.beans.factory.support.DefaultListableBeanFactory - Creating shared instance of singleton bean 'userCredentialService'
2025-08-01 19:23:57.399 [main] DEBUG org.springframework.beans.factory.support.DefaultListableBeanFactory - Creating shared instance of singleton bean 'roleRepository'
2025-08-01 19:23:57.402 [main] DEBUG org.springframework.beans.factory.support.DefaultListableBeanFactory - Creating shared instance of singleton bean 'jpa.named-queries#7'
2025-08-01 19:23:57.407 [main] DEBUG org.springframework.beans.factory.support.DefaultListableBeanFactory - Creating shared instance of singleton bean 'jpa.RoleRepository.fragments#0'
2025-08-01 19:23:57.409 [main] DEBUG org.springframework.orm.jpa.SharedEntityManagerCreator$SharedEntityManagerInvocationHandler - Creating new EntityManager for shared EntityManager invocation
2025-08-01 19:23:57.410 [main] DEBUG org.springframework.data.repository.core.support.RepositoryFactorySupport - Initializing repository instance for com.example.trainup.repository.RoleRepository…
2025-08-01 19:23:57.411 [main] DEBUG org.springframework.orm.jpa.SharedEntityManagerCreator$SharedEntityManagerInvocationHandler - Creating new EntityManager for shared EntityManager invocation
2025-08-01 19:23:57.414 [main] DEBUG org.springframework.data.jpa.repository.query.NamedQuery - Looking up named query 'Role.findByName'
2025-08-01 19:23:57.414 [main] DEBUG org.hibernate.resource.transaction.backend.jdbc.internal.JdbcResourceLocalTransactionCoordinatorImpl - JDBC transaction marked for rollback-only (exception provided for stack trace)
java.lang.Exception: exception just for purpose of providing stack trace
	at org.hibernate.resource.transaction.backend.jdbc.internal.JdbcResourceLocalTransactionCoordinatorImpl$TransactionDriverControlImpl.markRollbackOnly(JdbcResourceLocalTransactionCoordinatorImpl.java:309) ~[hibernate-core-6.6.8.Final.jar:6.6.8.Final]
	at org.hibernate.internal.AbstractSharedSessionContract.buildNamedQuery(AbstractSharedSessionContract.java:1141) ~[hibernate-core-6.6.8.Final.jar:6.6.8.Final]
	at org.hibernate.internal.AbstractSharedSessionContract.createNamedQuery(AbstractSharedSessionContract.java:1019) ~[hibernate-core-6.6.8.Final.jar:6.6.8.Final]
	at org.hibernate.internal.AbstractSharedSessionContract.createNamedQuery(AbstractSharedSessionContract.java:143) ~[hibernate-core-6.6.8.Final.jar:6.6.8.Final]
	at jdk.internal.reflect.GeneratedMethodAccessor95.invoke(Unknown Source) ~[?:?]
	at java.base/jdk.internal.reflect.DelegatingMethodAccessorImpl.invoke(DelegatingMethodAccessorImpl.java:43) ~[?:?]
	at java.base/java.lang.reflect.Method.invoke(Method.java:569) ~[?:?]
	at org.springframework.orm.jpa.ExtendedEntityManagerCreator$ExtendedEntityManagerInvocationHandler.invoke(ExtendedEntityManagerCreator.java:364) ~[spring-orm-6.2.3.jar:6.2.3]
	at jdk.proxy2/jdk.proxy2.$Proxy236.createNamedQuery(Unknown Source) ~[?:?]
	at org.springframework.data.jpa.repository.query.NamedQuery.hasNamedQuery(NamedQuery.java:114) ~[spring-data-jpa-3.4.3.jar:3.4.3]
	at org.springframework.data.jpa.repository.query.NamedQuery.lookupFrom(NamedQuery.java:140) ~[spring-data-jpa-3.4.3.jar:3.4.3]
	at org.springframework.data.jpa.repository.query.JpaQueryLookupStrategy$DeclaredQueryLookupStrategy.resolveQuery(JpaQueryLookupStrategy.java:184) ~[spring-data-jpa-3.4.3.jar:3.4.3]
	at org.springframework.data.jpa.repository.query.JpaQueryLookupStrategy$CreateIfNotFoundQueryLookupStrategy.resolveQuery(JpaQueryLookupStrategy.java:256) ~[spring-data-jpa-3.4.3.jar:3.4.3]
	at org.springframework.data.jpa.repository.query.JpaQueryLookupStrategy$AbstractQueryLookupStrategy.resolveQuery(JpaQueryLookupStrategy.java:99) ~[spring-data-jpa-3.4.3.jar:3.4.3]
	at org.springframework.data.repository.core.support.QueryExecutorMethodInterceptor.lookupQuery(QueryExecutorMethodInterceptor.java:116) ~[spring-data-commons-3.4.3.jar:3.4.3]
	at org.springframework.data.repository.core.support.QueryExecutorMethodInterceptor.mapMethodsToQuery(QueryExecutorMethodInterceptor.java:104) ~[spring-data-commons-3.4.3.jar:3.4.3]
	at org.springframework.data.repository.core.support.QueryExecutorMethodInterceptor.lambda$new$0(QueryExecutorMethodInterceptor.java:92) ~[spring-data-commons-3.4.3.jar:3.4.3]
	at java.base/java.util.Optional.map(Optional.java:260) ~[?:?]
	at org.springframework.data.repository.core.support.QueryExecutorMethodInterceptor.<init>(QueryExecutorMethodInterceptor.java:92) ~[spring-data-commons-3.4.3.jar:3.4.3]
	at org.springframework.data.repository.core.support.RepositoryFactorySupport.getRepository(RepositoryFactorySupport.java:440) ~[spring-data-commons-3.4.3.jar:3.4.3]
	at org.springframework.data.repository.core.support.RepositoryFactoryBeanSupport.lambda$afterPropertiesSet$4(RepositoryFactoryBeanSupport.java:350) ~[spring-data-commons-3.4.3.jar:3.4.3]
	at org.springframework.data.util.Lazy.getNullable(Lazy.java:135) ~[spring-data-commons-3.4.3.jar:3.4.3]
	at org.springframework.data.util.Lazy.get(Lazy.java:113) ~[spring-data-commons-3.4.3.jar:3.4.3]
	at org.springframework.data.repository.core.support.RepositoryFactoryBeanSupport.afterPropertiesSet(RepositoryFactoryBeanSupport.java:356) ~[spring-data-commons-3.4.3.jar:3.4.3]
	at org.springframework.data.jpa.repository.support.JpaRepositoryFactoryBean.afterPropertiesSet(JpaRepositoryFactoryBean.java:132) ~[spring-data-jpa-3.4.3.jar:3.4.3]
	at org.springframework.beans.factory.support.AbstractAutowireCapableBeanFactory.invokeInitMethods(AbstractAutowireCapableBeanFactory.java:1859) ~[spring-beans-6.2.3.jar:6.2.3]
	at org.springframework.beans.factory.support.AbstractAutowireCapableBeanFactory.initializeBean(AbstractAutowireCapableBeanFactory.java:1808) ~[spring-beans-6.2.3.jar:6.2.3]
	at org.springframework.beans.factory.support.AbstractAutowireCapableBeanFactory.doCreateBean(AbstractAutowireCapableBeanFactory.java:601) ~[spring-beans-6.2.3.jar:6.2.3]
	at org.springframework.beans.factory.support.AbstractAutowireCapableBeanFactory.createBean(AbstractAutowireCapableBeanFactory.java:523) ~[spring-beans-6.2.3.jar:6.2.3]
	at org.springframework.beans.factory.support.AbstractBeanFactory.lambda$doGetBean$0(AbstractBeanFactory.java:339) ~[spring-beans-6.2.3.jar:6.2.3]
	at org.springframework.beans.factory.support.DefaultSingletonBeanRegistry.getSingleton(DefaultSingletonBeanRegistry.java:346) ~[spring-beans-6.2.3.jar:6.2.3]
	at org.springframework.beans.factory.support.AbstractBeanFactory.doGetBean(AbstractBeanFactory.java:337) ~[spring-beans-6.2.3.jar:6.2.3]
	at org.springframework.beans.factory.support.AbstractBeanFactory.getBean(AbstractBeanFactory.java:202) ~[spring-beans-6.2.3.jar:6.2.3]
	at org.springframework.beans.factory.support.DefaultListableBeanFactory.doResolveDependency(DefaultListableBeanFactory.java:1606) ~[spring-beans-6.2.3.jar:6.2.3]
	at org.springframework.beans.factory.support.DefaultListableBeanFactory.resolveDependency(DefaultListableBeanFactory.java:1552) ~[spring-beans-6.2.3.jar:6.2.3]
	at org.springframework.beans.factory.support.ConstructorResolver.resolveAutowiredArgument(ConstructorResolver.java:913) ~[spring-beans-6.2.3.jar:6.2.3]
	at org.springframework.beans.factory.support.ConstructorResolver.createArgumentArray(ConstructorResolver.java:791) ~[spring-beans-6.2.3.jar:6.2.3]
	at org.springframework.beans.factory.support.ConstructorResolver.autowireConstructor(ConstructorResolver.java:240) ~[spring-beans-6.2.3.jar:6.2.3]
	at org.springframework.beans.factory.support.AbstractAutowireCapableBeanFactory.autowireConstructor(AbstractAutowireCapableBeanFactory.java:1381) ~[spring-beans-6.2.3.jar:6.2.3]
	at org.springframework.beans.factory.support.AbstractAutowireCapableBeanFactory.createBeanInstance(AbstractAutowireCapableBeanFactory.java:1218) ~[spring-beans-6.2.3.jar:6.2.3]
	at org.springframework.beans.factory.support.AbstractAutowireCapableBeanFactory.doCreateBean(AbstractAutowireCapableBeanFactory.java:563) ~[spring-beans-6.2.3.jar:6.2.3]
	at org.springframework.beans.factory.support.AbstractAutowireCapableBeanFactory.createBean(AbstractAutowireCapableBeanFactory.java:523) ~[spring-beans-6.2.3.jar:6.2.3]
	at org.springframework.beans.factory.support.AbstractBeanFactory.lambda$doGetBean$0(AbstractBeanFactory.java:339) ~[spring-beans-6.2.3.jar:6.2.3]
	at org.springframework.beans.factory.support.DefaultSingletonBeanRegistry.getSingleton(DefaultSingletonBeanRegistry.java:346) ~[spring-beans-6.2.3.jar:6.2.3]
	at org.springframework.beans.factory.support.AbstractBeanFactory.doGetBean(AbstractBeanFactory.java:337) ~[spring-beans-6.2.3.jar:6.2.3]
	at org.springframework.beans.factory.support.AbstractBeanFactory.getBean(AbstractBeanFactory.java:202) ~[spring-beans-6.2.3.jar:6.2.3]
	at org.springframework.beans.factory.support.DefaultListableBeanFactory.instantiateSingleton(DefaultListableBeanFactory.java:1155) ~[spring-beans-6.2.3.jar:6.2.3]
	at org.springframework.beans.factory.support.DefaultListableBeanFactory.preInstantiateSingleton(DefaultListableBeanFactory.java:1121) ~[spring-beans-6.2.3.jar:6.2.3]
	at org.springframework.beans.factory.support.DefaultListableBeanFactory.preInstantiateSingletons(DefaultListableBeanFactory.java:1056) ~[spring-beans-6.2.3.jar:6.2.3]
	at org.springframework.context.support.AbstractApplicationContext.finishBeanFactoryInitialization(AbstractApplicationContext.java:987) ~[spring-context-6.2.3.jar:6.2.3]
	at org.springframework.context.support.AbstractApplicationContext.refresh(AbstractApplicationContext.java:627) ~[spring-context-6.2.3.jar:6.2.3]
	at org.springframework.boot.SpringApplication.refresh(SpringApplication.java:752) ~[spring-boot-3.4.3.jar:3.4.3]
	at org.springframework.boot.SpringApplication.refreshContext(SpringApplication.java:439) ~[spring-boot-3.4.3.jar:3.4.3]
	at org.springframework.boot.SpringApplication.run(SpringApplication.java:318) ~[spring-boot-3.4.3.jar:3.4.3]
	at org.springframework.boot.test.context.SpringBootContextLoader.lambda$loadContext$3(SpringBootContextLoader.java:137) ~[spring-boot-test-3.4.3.jar:3.4.3]
	at org.springframework.util.function.ThrowingSupplier.get(ThrowingSupplier.java:58) ~[spring-core-6.2.3.jar:6.2.3]
	at org.springframework.util.function.ThrowingSupplier.get(ThrowingSupplier.java:46) ~[spring-core-6.2.3.jar:6.2.3]
	at org.springframework.boot.SpringApplication.withHook(SpringApplication.java:1461) ~[spring-boot-3.4.3.jar:3.4.3]
	at org.springframework.boot.test.context.SpringBootContextLoader$ContextLoaderHook.run(SpringBootContextLoader.java:553) ~[spring-boot-test-3.4.3.jar:3.4.3]
	at org.springframework.boot.test.context.SpringBootContextLoader.loadContext(SpringBootContextLoader.java:137) ~[spring-boot-test-3.4.3.jar:3.4.3]
	at org.springframework.boot.test.context.SpringBootContextLoader.loadContext(SpringBootContextLoader.java:108) ~[spring-boot-test-3.4.3.jar:3.4.3]
	at org.springframework.test.context.cache.DefaultCacheAwareContextLoaderDelegate.loadContextInternal(DefaultCacheAwareContextLoaderDelegate.java:225) ~[spring-test-6.2.3.jar:6.2.3]
	at org.springframework.test.context.cache.DefaultCacheAwareContextLoaderDelegate.loadContext(DefaultCacheAwareContextLoaderDelegate.java:152) ~[spring-test-6.2.3.jar:6.2.3]
	at org.springframework.test.context.support.DefaultTestContext.getApplicationContext(DefaultTestContext.java:130) ~[spring-test-6.2.3.jar:6.2.3]
	at org.springframework.test.context.web.ServletTestExecutionListener.setUpRequestContextIfNecessary(ServletTestExecutionListener.java:200) ~[spring-test-6.2.3.jar:6.2.3]
	at org.springframework.test.context.web.ServletTestExecutionListener.prepareTestInstance(ServletTestExecutionListener.java:139) ~[spring-test-6.2.3.jar:6.2.3]
	at org.springframework.test.context.TestContextManager.prepareTestInstance(TestContextManager.java:260) ~[spring-test-6.2.3.jar:6.2.3]
	at org.springframework.test.context.junit.jupiter.SpringExtension.postProcessTestInstance(SpringExtension.java:160) ~[spring-test-6.2.3.jar:6.2.3]
	at org.junit.jupiter.engine.descriptor.ClassBasedTestDescriptor.lambda$invokeTestInstancePostProcessors$11(ClassBasedTestDescriptor.java:378) ~[junit-jupiter-engine-5.11.4.jar:5.11.4]
	at org.junit.jupiter.engine.descriptor.ClassBasedTestDescriptor.executeAndMaskThrowable(ClassBasedTestDescriptor.java:383) ~[junit-jupiter-engine-5.11.4.jar:5.11.4]
	at org.junit.jupiter.engine.descriptor.ClassBasedTestDescriptor.lambda$invokeTestInstancePostProcessors$12(ClassBasedTestDescriptor.java:378) ~[junit-jupiter-engine-5.11.4.jar:5.11.4]
	at java.base/java.util.stream.ForEachOps$ForEachOp$OfRef.accept(ForEachOps.java:183) ~[?:?]
	at java.base/java.util.stream.ReferencePipeline$3$1.accept(ReferencePipeline.java:197) ~[?:?]
	at java.base/java.util.stream.ReferencePipeline$2$1.accept(ReferencePipeline.java:179) ~[?:?]
	at java.base/java.util.stream.ReferencePipeline$3$1.accept(ReferencePipeline.java:197) ~[?:?]
	at java.base/java.util.ArrayList$ArrayListSpliterator.forEachRemaining(ArrayList.java:1625) ~[?:?]
	at java.base/java.util.stream.AbstractPipeline.copyInto(AbstractPipeline.java:509) ~[?:?]
	at java.base/java.util.stream.AbstractPipeline.wrapAndCopyInto(AbstractPipeline.java:499) ~[?:?]
	at java.base/java.util.stream.ForEachOps$ForEachOp.evaluateSequential(ForEachOps.java:150) ~[?:?]
	at java.base/java.util.stream.ForEachOps$ForEachOp$OfRef.evaluateSequential(ForEachOps.java:173) ~[?:?]
	at java.base/java.util.stream.AbstractPipeline.evaluate(AbstractPipeline.java:234) ~[?:?]
	at java.base/java.util.stream.ReferencePipeline.forEach(ReferencePipeline.java:596) ~[?:?]
	at org.junit.jupiter.engine.descriptor.ClassBasedTestDescriptor.invokeTestInstancePostProcessors(ClassBasedTestDescriptor.java:377) ~[junit-jupiter-engine-5.11.4.jar:5.11.4]
	at org.junit.jupiter.engine.descriptor.ClassBasedTestDescriptor.lambda$instantiateAndPostProcessTestInstance$7(ClassBasedTestDescriptor.java:290) ~[junit-jupiter-engine-5.11.4.jar:5.11.4]
	at org.junit.platform.engine.support.hierarchical.ThrowableCollector.execute(ThrowableCollector.java:73) ~[junit-platform-engine-1.11.4.jar:1.11.4]
	at org.junit.jupiter.engine.descriptor.ClassBasedTestDescriptor.instantiateAndPostProcessTestInstance(ClassBasedTestDescriptor.java:289) ~[junit-jupiter-engine-5.11.4.jar:5.11.4]
	at org.junit.jupiter.engine.descriptor.ClassBasedTestDescriptor.lambda$testInstancesProvider$5(ClassBasedTestDescriptor.java:279) ~[junit-jupiter-engine-5.11.4.jar:5.11.4]
	at java.base/java.util.Optional.orElseGet(Optional.java:364) ~[?:?]
	at org.junit.jupiter.engine.descriptor.ClassBasedTestDescriptor.lambda$testInstancesProvider$6(ClassBasedTestDescriptor.java:278) ~[junit-jupiter-engine-5.11.4.jar:5.11.4]
	at org.junit.jupiter.engine.execution.TestInstancesProvider.getTestInstances(TestInstancesProvider.java:31) ~[junit-jupiter-engine-5.11.4.jar:5.11.4]
	at org.junit.jupiter.engine.descriptor.TestMethodTestDescriptor.lambda$prepare$1(TestMethodTestDescriptor.java:105) ~[junit-jupiter-engine-5.11.4.jar:5.11.4]
	at org.junit.platform.engine.support.hierarchical.ThrowableCollector.execute(ThrowableCollector.java:73) ~[junit-platform-engine-1.11.4.jar:1.11.4]
	at org.junit.jupiter.engine.descriptor.TestMethodTestDescriptor.prepare(TestMethodTestDescriptor.java:104) ~[junit-jupiter-engine-5.11.4.jar:5.11.4]
	at org.junit.jupiter.engine.descriptor.TestMethodTestDescriptor.prepare(TestMethodTestDescriptor.java:68) ~[junit-jupiter-engine-5.11.4.jar:5.11.4]
	at org.junit.platform.engine.support.hierarchical.NodeTestTask.lambda$prepare$2(NodeTestTask.java:128) ~[junit-platform-engine-1.11.4.jar:1.11.4]
	at org.junit.platform.engine.support.hierarchical.ThrowableCollector.execute(ThrowableCollector.java:73) ~[junit-platform-engine-1.11.4.jar:1.11.4]
	at org.junit.platform.engine.support.hierarchical.NodeTestTask.prepare(NodeTestTask.java:128) ~[junit-platform-engine-1.11.4.jar:1.11.4]
	at org.junit.platform.engine.support.hierarchical.NodeTestTask.execute(NodeTestTask.java:95) ~[junit-platform-engine-1.11.4.jar:1.11.4]
	at java.base/java.util.ArrayList.forEach(ArrayList.java:1511) ~[?:?]
	at org.junit.platform.engine.support.hierarchical.SameThreadHierarchicalTestExecutorService.invokeAll(SameThreadHierarchicalTestExecutorService.java:41) ~[junit-platform-engine-1.11.4.jar:1.11.4]
	at org.junit.platform.engine.support.hierarchical.NodeTestTask.lambda$executeRecursively$6(NodeTestTask.java:160) ~[junit-platform-engine-1.11.4.jar:1.11.4]
	at org.junit.platform.engine.support.hierarchical.ThrowableCollector.execute(ThrowableCollector.java:73) ~[junit-platform-engine-1.11.4.jar:1.11.4]
	at org.junit.platform.engine.support.hierarchical.NodeTestTask.lambda$executeRecursively$8(NodeTestTask.java:146) ~[junit-platform-engine-1.11.4.jar:1.11.4]
	at org.junit.platform.engine.support.hierarchical.Node.around(Node.java:137) ~[junit-platform-engine-1.11.4.jar:1.11.4]
	at org.junit.platform.engine.support.hierarchical.NodeTestTask.lambda$executeRecursively$9(NodeTestTask.java:144) ~[junit-platform-engine-1.11.4.jar:1.11.4]
	at org.junit.platform.engine.support.hierarchical.ThrowableCollector.execute(ThrowableCollector.java:73) ~[junit-platform-engine-1.11.4.jar:1.11.4]
	at org.junit.platform.engine.support.hierarchical.NodeTestTask.executeRecursively(NodeTestTask.java:143) ~[junit-platform-engine-1.11.4.jar:1.11.4]
	at org.junit.platform.engine.support.hierarchical.NodeTestTask.execute(NodeTestTask.java:100) ~[junit-platform-engine-1.11.4.jar:1.11.4]
	at java.base/java.util.ArrayList.forEach(ArrayList.java:1511) ~[?:?]
	at org.junit.platform.engine.support.hierarchical.SameThreadHierarchicalTestExecutorService.invokeAll(SameThreadHierarchicalTestExecutorService.java:41) ~[junit-platform-engine-1.11.4.jar:1.11.4]
	at org.junit.platform.engine.support.hierarchical.NodeTestTask.lambda$executeRecursively$6(NodeTestTask.java:160) ~[junit-platform-engine-1.11.4.jar:1.11.4]
	at org.junit.platform.engine.support.hierarchical.ThrowableCollector.execute(ThrowableCollector.java:73) ~[junit-platform-engine-1.11.4.jar:1.11.4]
	at org.junit.platform.engine.support.hierarchical.NodeTestTask.lambda$executeRecursively$8(NodeTestTask.java:146) ~[junit-platform-engine-1.11.4.jar:1.11.4]
	at org.junit.platform.engine.support.hierarchical.Node.around(Node.java:137) ~[junit-platform-engine-1.11.4.jar:1.11.4]
	at org.junit.platform.engine.support.hierarchical.NodeTestTask.lambda$executeRecursively$9(NodeTestTask.java:144) ~[junit-platform-engine-1.11.4.jar:1.11.4]
	at org.junit.platform.engine.support.hierarchical.ThrowableCollector.execute(ThrowableCollector.java:73) ~[junit-platform-engine-1.11.4.jar:1.11.4]
	at org.junit.platform.engine.support.hierarchical.NodeTestTask.executeRecursively(NodeTestTask.java:143) ~[junit-platform-engine-1.11.4.jar:1.11.4]
	at org.junit.platform.engine.support.hierarchical.NodeTestTask.execute(NodeTestTask.java:100) ~[junit-platform-engine-1.11.4.jar:1.11.4]
	at org.junit.platform.engine.support.hierarchical.SameThreadHierarchicalTestExecutorService.submit(SameThreadHierarchicalTestExecutorService.java:35) ~[junit-platform-engine-1.11.4.jar:1.11.4]
	at org.junit.platform.engine.support.hierarchical.HierarchicalTestExecutor.execute(HierarchicalTestExecutor.java:57) ~[junit-platform-engine-1.11.4.jar:1.11.4]
	at org.junit.platform.engine.support.hierarchical.HierarchicalTestEngine.execute(HierarchicalTestEngine.java:54) ~[junit-platform-engine-1.11.4.jar:1.11.4]
	at org.junit.platform.launcher.core.EngineExecutionOrchestrator.execute(EngineExecutionOrchestrator.java:198) ~[junit-platform-launcher-1.11.4.jar:1.11.4]
	at org.junit.platform.launcher.core.EngineExecutionOrchestrator.execute(EngineExecutionOrchestrator.java:169) ~[junit-platform-launcher-1.11.4.jar:1.11.4]
	at org.junit.platform.launcher.core.EngineExecutionOrchestrator.execute(EngineExecutionOrchestrator.java:93) ~[junit-platform-launcher-1.11.4.jar:1.11.4]
	at org.junit.platform.launcher.core.EngineExecutionOrchestrator.lambda$execute$0(EngineExecutionOrchestrator.java:58) ~[junit-platform-launcher-1.11.4.jar:1.11.4]
	at org.junit.platform.launcher.core.EngineExecutionOrchestrator.withInterceptedStreams(EngineExecutionOrchestrator.java:141) [junit-platform-launcher-1.11.4.jar:1.11.4]
	at org.junit.platform.launcher.core.EngineExecutionOrchestrator.execute(EngineExecutionOrchestrator.java:57) [junit-platform-launcher-1.11.4.jar:1.11.4]
	at org.junit.platform.launcher.core.DefaultLauncher.execute(DefaultLauncher.java:103) [junit-platform-launcher-1.11.4.jar:1.11.4]
	at org.junit.platform.launcher.core.DefaultLauncher.execute(DefaultLauncher.java:85) [junit-platform-launcher-1.11.4.jar:1.11.4]
	at org.junit.platform.launcher.core.DelegatingLauncher.execute(DelegatingLauncher.java:47) [junit-platform-launcher-1.11.4.jar:1.11.4]
	at org.apache.maven.surefire.junitplatform.LazyLauncher.execute(LazyLauncher.java:56) [surefire-junit-platform-3.5.2.jar:3.5.2]
	at org.apache.maven.surefire.junitplatform.JUnitPlatformProvider.execute(JUnitPlatformProvider.java:184) [surefire-junit-platform-3.5.2.jar:3.5.2]
	at org.apache.maven.surefire.junitplatform.JUnitPlatformProvider.invokeAllTests(JUnitPlatformProvider.java:148) [surefire-junit-platform-3.5.2.jar:3.5.2]
	at org.apache.maven.surefire.junitplatform.JUnitPlatformProvider.invoke(JUnitPlatformProvider.java:122) [surefire-junit-platform-3.5.2.jar:3.5.2]
	at org.apache.maven.surefire.booter.ForkedBooter.runSuitesInProcess(ForkedBooter.java:385) [surefire-booter-3.5.2.jar:3.5.2]
	at org.apache.maven.surefire.booter.ForkedBooter.execute(ForkedBooter.java:162) [surefire-booter-3.5.2.jar:3.5.2]
	at org.apache.maven.surefire.booter.ForkedBooter.run(ForkedBooter.java:507) [surefire-booter-3.5.2.jar:3.5.2]
	at org.apache.maven.surefire.booter.ForkedBooter.main(ForkedBooter.java:495) [surefire-booter-3.5.2.jar:3.5.2]
2025-08-01 19:23:57.418 [main] DEBUG org.springframework.data.jpa.repository.query.NamedQuery - Did not find named query Role.findByName
2025-08-01 19:23:57.418 [main] DEBUG org.springframework.orm.jpa.SharedEntityManagerCreator$SharedEntityManagerInvocationHandler - Creating new EntityManager for shared EntityManager invocation
2025-08-01 19:23:57.420 [main] DEBUG org.springframework.data.repository.core.support.RepositoryFactorySupport - Finished creation of repository instance for com.example.trainup.repository.RoleRepository.
2025-08-01 19:23:57.460 [main] DEBUG org.springframework.beans.factory.support.DefaultListableBeanFactory - Autowiring by type from bean name 'userCredentialService' via constructor to bean named 'roleRepository'
2025-08-01 19:23:57.461 [main] DEBUG org.springframework.beans.factory.support.DefaultListableBeanFactory - Autowiring by type from bean name 'userCredentialService' via constructor to bean named 'userCredentialsRepository'
2025-08-01 19:23:57.492 [main] DEBUG org.springframework.beans.factory.support.DefaultListableBeanFactory - Creating shared instance of singleton bean 'emailUniqueValidator'
2025-08-01 19:23:57.493 [main] DEBUG org.springframework.beans.factory.support.DefaultListableBeanFactory - Autowiring by type from bean name 'emailUniqueValidator' via constructor to bean named 'userCredentialsRepository'
2025-08-01 19:23:57.521 [main] DEBUG org.springframework.beans.factory.support.DefaultListableBeanFactory - Creating shared instance of singleton bean 'customOpenApi'
2025-08-01 19:23:57.528 [main] DEBUG org.springframework.beans.factory.support.DefaultListableBeanFactory - Creating shared instance of singleton bean '_prePostMethodSecurityConfiguration'
2025-08-01 19:23:57.530 [main] DEBUG org.springframework.beans.factory.support.DefaultListableBeanFactory - Creating shared instance of singleton bean 'methodAuthorizationManagerPostProcessor'
2025-08-01 19:23:57.538 [main] DEBUG org.springframework.beans.factory.support.DefaultListableBeanFactory - Creating shared instance of singleton bean 'observationRegistry'
2025-08-01 19:23:57.539 [main] DEBUG org.springframework.beans.factory.support.DefaultListableBeanFactory - Creating shared instance of singleton bean 'org.springframework.boot.actuate.autoconfigure.observation.ObservationAutoConfiguration'
2025-08-01 19:23:57.552 [main] DEBUG org.springframework.beans.factory.support.DefaultListableBeanFactory - Creating shared instance of singleton bean 'propertiesObservationFilter'
2025-08-01 19:23:57.554 [main] DEBUG org.springframework.beans.factory.support.DefaultListableBeanFactory - Creating shared instance of singleton bean 'management.observations-org.springframework.boot.actuate.autoconfigure.observation.ObservationProperties'
2025-08-01 19:23:57.561 [main] DEBUG org.springframework.beans.factory.support.DefaultListableBeanFactory - Autowiring by type from bean name 'propertiesObservationFilter' via factory method to bean named 'management.observations-org.springframework.boot.actuate.autoconfigure.observation.ObservationProperties'
2025-08-01 19:23:57.569 [main] DEBUG org.springframework.beans.factory.support.DefaultListableBeanFactory - Creating shared instance of singleton bean 'metricsObservationHandlerGrouping'
2025-08-01 19:23:57.570 [main] DEBUG org.springframework.beans.factory.support.DefaultListableBeanFactory - Creating shared instance of singleton bean 'org.springframework.boot.actuate.autoconfigure.observation.ObservationAutoConfiguration$OnlyMetricsConfiguration'
2025-08-01 19:23:57.580 [main] DEBUG org.springframework.beans.factory.support.DefaultListableBeanFactory - Creating shared instance of singleton bean 'defaultMeterObservationHandler'
2025-08-01 19:23:57.581 [main] DEBUG org.springframework.beans.factory.support.DefaultListableBeanFactory - Creating shared instance of singleton bean 'org.springframework.boot.actuate.autoconfigure.observation.ObservationAutoConfiguration$MeterObservationHandlerConfiguration$OnlyMetricsMeterObservationHandlerConfiguration'
2025-08-01 19:23:57.586 [main] DEBUG org.springframework.beans.factory.support.DefaultListableBeanFactory - Creating shared instance of singleton bean 'simpleMeterRegistry'
2025-08-01 19:23:57.586 [main] DEBUG org.springframework.beans.factory.support.DefaultListableBeanFactory - Creating shared instance of singleton bean 'org.springframework.boot.actuate.autoconfigure.metrics.export.simple.SimpleMetricsExportAutoConfiguration'
2025-08-01 19:23:57.591 [main] DEBUG org.springframework.beans.factory.support.DefaultListableBeanFactory - Creating shared instance of singleton bean 'simpleConfig'
2025-08-01 19:23:57.593 [main] DEBUG org.springframework.beans.factory.support.DefaultListableBeanFactory - Creating shared instance of singleton bean 'management.simple.metrics.export-org.springframework.boot.actuate.autoconfigure.metrics.export.simple.SimpleProperties'
2025-08-01 19:23:57.597 [main] DEBUG org.springframework.beans.factory.support.DefaultListableBeanFactory - Autowiring by type from bean name 'simpleConfig' via factory method to bean named 'management.simple.metrics.export-org.springframework.boot.actuate.autoconfigure.metrics.export.simple.SimpleProperties'
2025-08-01 19:23:57.611 [main] DEBUG org.springframework.beans.factory.support.DefaultListableBeanFactory - Creating shared instance of singleton bean 'micrometerClock'
2025-08-01 19:23:57.612 [main] DEBUG org.springframework.beans.factory.support.DefaultListableBeanFactory - Creating shared instance of singleton bean 'org.springframework.boot.actuate.autoconfigure.metrics.MetricsAutoConfiguration'
2025-08-01 19:23:57.619 [main] DEBUG org.springframework.beans.factory.support.DefaultListableBeanFactory - Autowiring by type from bean name 'simpleMeterRegistry' via factory method to bean named 'simpleConfig'
2025-08-01 19:23:57.620 [main] DEBUG org.springframework.beans.factory.support.DefaultListableBeanFactory - Autowiring by type from bean name 'simpleMeterRegistry' via factory method to bean named 'micrometerClock'
2025-08-01 19:23:57.637 [main] DEBUG org.springframework.beans.factory.support.DefaultListableBeanFactory - Creating shared instance of singleton bean 'propertiesMeterFilter'
2025-08-01 19:23:57.638 [main] DEBUG org.springframework.beans.factory.support.DefaultListableBeanFactory - Autowiring by type from bean name 'propertiesMeterFilter' via factory method to bean named 'management.metrics-org.springframework.boot.actuate.autoconfigure.metrics.MetricsProperties'
2025-08-01 19:23:57.647 [main] DEBUG org.springframework.beans.factory.support.DefaultListableBeanFactory - Creating shared instance of singleton bean 'metricsHttpClientUriTagFilter'
2025-08-01 19:23:57.647 [main] DEBUG org.springframework.beans.factory.support.DefaultListableBeanFactory - Creating shared instance of singleton bean 'org.springframework.boot.actuate.autoconfigure.observation.web.client.HttpClientObservationsAutoConfiguration$MeterFilterConfiguration'
2025-08-01 19:23:57.652 [main] DEBUG org.springframework.beans.factory.support.DefaultListableBeanFactory - Autowiring by type from bean name 'metricsHttpClientUriTagFilter' via factory method to bean named 'management.observations-org.springframework.boot.actuate.autoconfigure.observation.ObservationProperties'
2025-08-01 19:23:57.652 [main] DEBUG org.springframework.beans.factory.support.DefaultListableBeanFactory - Autowiring by type from bean name 'metricsHttpClientUriTagFilter' via factory method to bean named 'management.metrics-org.springframework.boot.actuate.autoconfigure.metrics.MetricsProperties'
2025-08-01 19:23:57.657 [main] DEBUG org.springframework.beans.factory.support.DefaultListableBeanFactory - Creating shared instance of singleton bean 'metricsHttpServerUriTagFilter'
2025-08-01 19:23:57.657 [main] DEBUG org.springframework.beans.factory.support.DefaultListableBeanFactory - Creating shared instance of singleton bean 'org.springframework.boot.actuate.autoconfigure.observation.web.servlet.WebMvcObservationAutoConfiguration$MeterFilterConfiguration'
2025-08-01 19:23:57.662 [main] DEBUG org.springframework.beans.factory.support.DefaultListableBeanFactory - Autowiring by type from bean name 'metricsHttpServerUriTagFilter' via factory method to bean named 'management.observations-org.springframework.boot.actuate.autoconfigure.observation.ObservationProperties'
2025-08-01 19:23:57.663 [main] DEBUG org.springframework.beans.factory.support.DefaultListableBeanFactory - Autowiring by type from bean name 'metricsHttpServerUriTagFilter' via factory method to bean named 'management.metrics-org.springframework.boot.actuate.autoconfigure.metrics.MetricsProperties'
2025-08-01 19:23:57.665 [main] DEBUG org.springframework.beans.factory.support.DefaultListableBeanFactory - Autowiring by type from bean name 'defaultMeterObservationHandler' via factory method to bean named 'simpleMeterRegistry'
2025-08-01 19:23:57.666 [main] DEBUG org.springframework.beans.factory.support.DefaultListableBeanFactory - Autowiring by type from bean name 'defaultMeterObservationHandler' via factory method to bean named 'management.observations-org.springframework.boot.actuate.autoconfigure.observation.ObservationProperties'
2025-08-01 19:23:57.681 [main] DEBUG org.springframework.beans.factory.support.DefaultListableBeanFactory - Creating shared instance of singleton bean 'methodResultAuthorizationManagerPostProcessor'
2025-08-01 19:23:57.694 [main] DEBUG org.springframework.beans.factory.support.DefaultListableBeanFactory - Creating shared instance of singleton bean 'methodSecurityExpressionHandler'
2025-08-01 19:23:57.698 [main] DEBUG org.springframework.beans.factory.support.DefaultListableBeanFactory - Creating shared instance of singleton bean 'prePostAuthorizeExpressionHintsRegistrar'
2025-08-01 19:23:57.702 [main] DEBUG org.springframework.beans.factory.support.DefaultListableBeanFactory - Creating shared instance of singleton bean 'org.springframework.security.config.annotation.method.configuration.AuthorizationProxyConfiguration'
2025-08-01 19:23:57.702 [main] DEBUG org.springframework.beans.factory.support.DefaultListableBeanFactory - Creating shared instance of singleton bean 'authorizeReturnObjectHintsRegistrar'
2025-08-01 19:23:57.704 [main] DEBUG org.springframework.beans.factory.support.DefaultListableBeanFactory - Autowiring by type from bean name 'authorizeReturnObjectHintsRegistrar' via factory method to bean named 'authorizationProxyFactory'
2025-08-01 19:23:57.707 [main] DEBUG org.springframework.beans.factory.support.DefaultListableBeanFactory - Creating shared instance of singleton bean 'org.springframework.security.config.annotation.method.configuration.MethodObservationConfiguration'
2025-08-01 19:23:57.710 [main] DEBUG org.springframework.beans.factory.support.DefaultListableBeanFactory - Creating shared instance of singleton bean 'getPasswordEncoder'
2025-08-01 19:23:57.714 [main] DEBUG org.springframework.beans.factory.support.DefaultListableBeanFactory - Creating shared instance of singleton bean 'authenticationManager'
2025-08-01 19:23:57.716 [main] DEBUG org.springframework.beans.factory.support.DefaultListableBeanFactory - Creating shared instance of singleton bean 'org.springframework.security.config.annotation.authentication.configuration.AuthenticationConfiguration'
2025-08-01 19:23:57.722 [main] DEBUG org.springframework.beans.factory.support.DefaultListableBeanFactory - Creating shared instance of singleton bean 'enableGlobalAuthenticationAutowiredConfigurer'
2025-08-01 19:23:57.722 [main] DEBUG org.springframework.beans.factory.support.DefaultListableBeanFactory - Autowiring by type from bean name 'enableGlobalAuthenticationAutowiredConfigurer' via factory method to bean named 'org.springframework.web.context.support.GenericWebApplicationContext@3a5800c5'
2025-08-01 19:23:57.730 [main] DEBUG org.springframework.beans.factory.support.DefaultListableBeanFactory - Creating shared instance of singleton bean 'initializeUserDetailsBeanManagerConfigurer'
2025-08-01 19:23:57.730 [main] DEBUG org.springframework.beans.factory.support.DefaultListableBeanFactory - Autowiring by type from bean name 'initializeUserDetailsBeanManagerConfigurer' via factory method to bean named 'org.springframework.web.context.support.GenericWebApplicationContext@3a5800c5'
2025-08-01 19:23:57.736 [main] DEBUG org.springframework.beans.factory.support.DefaultListableBeanFactory - Creating shared instance of singleton bean 'initializeAuthenticationProviderBeanManagerConfigurer'
2025-08-01 19:23:57.737 [main] DEBUG org.springframework.beans.factory.support.DefaultListableBeanFactory - Autowiring by type from bean name 'initializeAuthenticationProviderBeanManagerConfigurer' via factory method to bean named 'org.springframework.web.context.support.GenericWebApplicationContext@3a5800c5'
2025-08-01 19:23:57.742 [main] DEBUG org.springframework.beans.factory.support.DefaultListableBeanFactory - Creating shared instance of singleton bean 'objectPostProcessor'
2025-08-01 19:23:57.742 [main] DEBUG org.springframework.beans.factory.support.DefaultListableBeanFactory - Creating shared instance of singleton bean 'org.springframework.security.config.annotation.configuration.ObjectPostProcessorConfiguration'
2025-08-01 19:23:57.746 [main] DEBUG org.springframework.beans.factory.support.DefaultListableBeanFactory - Autowiring by type from bean name 'objectPostProcessor' via factory method to bean named 'org.springframework.beans.factory.support.DefaultListableBeanFactory@37ec2f46'
2025-08-01 19:23:57.752 [main] DEBUG org.springframework.beans.factory.support.DefaultListableBeanFactory - Autowiring by type from bean name 'authenticationManager' via factory method to bean named 'org.springframework.security.config.annotation.authentication.configuration.AuthenticationConfiguration'
2025-08-01 19:23:57.754 [main] DEBUG org.springframework.beans.factory.support.DefaultListableBeanFactory - Creating shared instance of singleton bean 'authenticationManagerBuilder'
2025-08-01 19:23:57.754 [main] DEBUG org.springframework.beans.factory.support.DefaultListableBeanFactory - Autowiring by type from bean name 'authenticationManagerBuilder' via factory method to bean named 'objectPostProcessor'
2025-08-01 19:23:57.755 [main] DEBUG org.springframework.beans.factory.support.DefaultListableBeanFactory - Autowiring by type from bean name 'authenticationManagerBuilder' via factory method to bean named 'org.springframework.web.context.support.GenericWebApplicationContext@3a5800c5'
2025-08-01 19:23:57.757 [main] DEBUG org.springframework.beans.factory.support.DefaultListableBeanFactory - Creating shared instance of singleton bean 'authenticationEventPublisher'
2025-08-01 19:23:57.757 [main] DEBUG org.springframework.beans.factory.support.DefaultListableBeanFactory - Creating shared instance of singleton bean 'org.springframework.boot.autoconfigure.security.servlet.SecurityAutoConfiguration'
2025-08-01 19:23:57.762 [main] DEBUG org.springframework.beans.factory.support.DefaultListableBeanFactory - Autowiring by type from bean name 'authenticationEventPublisher' via factory method to bean named 'org.springframework.web.context.support.GenericWebApplicationContext@3a5800c5'
2025-08-01 19:23:57.782 [main] DEBUG org.springframework.beans.factory.support.DefaultListableBeanFactory - Creating shared instance of singleton bean 'org.springframework.boot.autoconfigure.security.servlet.SpringBootWebSecurityConfiguration$WebSecurityEnablerConfiguration'
2025-08-01 19:23:57.789 [main] INFO  org.springframework.security.config.annotation.authentication.configuration.InitializeUserDetailsBeanManagerConfigurer$InitializeUserDetailsManagerConfigurer - Global AuthenticationManager configured with UserDetailsService bean with name customUserDetailsService
2025-08-01 19:23:57.793 [main] DEBUG org.springframework.beans.factory.support.DefaultListableBeanFactory - Creating shared instance of singleton bean 'securityFilterChain'
2025-08-01 19:23:57.795 [main] DEBUG org.springframework.beans.factory.support.DefaultListableBeanFactory - Creating shared instance of singleton bean 'org.springframework.security.config.annotation.web.configuration.HttpSecurityConfiguration'
2025-08-01 19:23:57.801 [main] DEBUG org.springframework.beans.factory.support.DefaultListableBeanFactory - Creating shared instance of singleton bean 'mvcContentNegotiationManager'
2025-08-01 19:23:57.801 [main] DEBUG org.springframework.beans.factory.support.DefaultListableBeanFactory - Creating shared instance of singleton bean 'org.springframework.boot.autoconfigure.web.servlet.WebMvcAutoConfiguration$EnableWebMvcConfiguration'
2025-08-01 19:23:57.803 [main] DEBUG org.springframework.beans.factory.support.DefaultListableBeanFactory - Creating shared instance of singleton bean 'spring.mvc-org.springframework.boot.autoconfigure.web.servlet.WebMvcProperties'
2025-08-01 19:23:57.811 [main] DEBUG org.springframework.beans.factory.support.DefaultListableBeanFactory - Creating shared instance of singleton bean 'spring.web-org.springframework.boot.autoconfigure.web.WebProperties'
2025-08-01 19:23:57.817 [main] DEBUG org.springframework.beans.factory.support.DefaultListableBeanFactory - Autowiring by type from bean name 'org.springframework.boot.autoconfigure.web.servlet.WebMvcAutoConfiguration$EnableWebMvcConfiguration' via constructor to bean named 'spring.mvc-org.springframework.boot.autoconfigure.web.servlet.WebMvcProperties'
2025-08-01 19:23:57.817 [main] DEBUG org.springframework.beans.factory.support.DefaultListableBeanFactory - Autowiring by type from bean name 'org.springframework.boot.autoconfigure.web.servlet.WebMvcAutoConfiguration$EnableWebMvcConfiguration' via constructor to bean named 'spring.web-org.springframework.boot.autoconfigure.web.WebProperties'
2025-08-01 19:23:57.818 [main] DEBUG org.springframework.beans.factory.support.DefaultListableBeanFactory - Autowiring by type from bean name 'org.springframework.boot.autoconfigure.web.servlet.WebMvcAutoConfiguration$EnableWebMvcConfiguration' via constructor to bean named 'org.springframework.beans.factory.support.DefaultListableBeanFactory@37ec2f46'
2025-08-01 19:23:57.821 [main] DEBUG org.springframework.beans.factory.support.DefaultListableBeanFactory - Creating shared instance of singleton bean 'org.springframework.boot.autoconfigure.web.servlet.WebMvcAutoConfiguration$WebMvcAutoConfigurationAdapter'
2025-08-01 19:23:57.823 [main] DEBUG org.springframework.beans.factory.support.DefaultListableBeanFactory - Autowiring by type from bean name 'org.springframework.boot.autoconfigure.web.servlet.WebMvcAutoConfiguration$WebMvcAutoConfigurationAdapter' via constructor to bean named 'spring.web-org.springframework.boot.autoconfigure.web.WebProperties'
2025-08-01 19:23:57.823 [main] DEBUG org.springframework.beans.factory.support.DefaultListableBeanFactory - Autowiring by type from bean name 'org.springframework.boot.autoconfigure.web.servlet.WebMvcAutoConfiguration$WebMvcAutoConfigurationAdapter' via constructor to bean named 'spring.mvc-org.springframework.boot.autoconfigure.web.servlet.WebMvcProperties'
2025-08-01 19:23:57.823 [main] DEBUG org.springframework.beans.factory.support.DefaultListableBeanFactory - Autowiring by type from bean name 'org.springframework.boot.autoconfigure.web.servlet.WebMvcAutoConfiguration$WebMvcAutoConfigurationAdapter' via constructor to bean named 'org.springframework.beans.factory.support.DefaultListableBeanFactory@37ec2f46'
2025-08-01 19:23:57.825 [main] DEBUG org.springframework.beans.factory.support.DefaultListableBeanFactory - Creating shared instance of singleton bean 'resourceHandlerRegistrationCustomizer'
2025-08-01 19:23:57.825 [main] DEBUG org.springframework.beans.factory.support.DefaultListableBeanFactory - Creating shared instance of singleton bean 'org.springframework.boot.autoconfigure.web.servlet.WebMvcAutoConfiguration$ResourceChainCustomizerConfiguration'
2025-08-01 19:23:57.829 [main] DEBUG org.springframework.beans.factory.support.DefaultListableBeanFactory - Autowiring by type from bean name 'resourceHandlerRegistrationCustomizer' via factory method to bean named 'spring.web-org.springframework.boot.autoconfigure.web.WebProperties'
2025-08-01 19:23:57.842 [main] DEBUG org.springframework.beans.factory.support.DefaultListableBeanFactory - Creating shared instance of singleton bean 'swaggerWebMvcConfigurer'
2025-08-01 19:23:57.843 [main] DEBUG org.springframework.beans.factory.support.DefaultListableBeanFactory - Creating shared instance of singleton bean 'org.springdoc.webmvc.ui.SwaggerConfig'
2025-08-01 19:23:57.848 [main] DEBUG org.springframework.beans.factory.support.DefaultListableBeanFactory - Creating shared instance of singleton bean 'org.springdoc.core.properties.SwaggerUiConfigProperties'
2025-08-01 19:23:57.863 [main] DEBUG org.springframework.beans.factory.support.DefaultListableBeanFactory - Creating shared instance of singleton bean 'indexPageTransformer'
2025-08-01 19:23:57.865 [main] DEBUG org.springframework.beans.factory.support.DefaultListableBeanFactory - Creating shared instance of singleton bean 'org.springdoc.core.properties.SwaggerUiOAuthProperties'
2025-08-01 19:23:57.871 [main] DEBUG org.springframework.beans.factory.support.DefaultListableBeanFactory - Creating shared instance of singleton bean 'swaggerWelcome'
2025-08-01 19:23:57.872 [main] DEBUG org.springframework.beans.factory.support.DefaultListableBeanFactory - Creating shared instance of singleton bean 'org.springdoc.core.properties.SpringDocConfigProperties'
2025-08-01 19:23:57.890 [main] DEBUG org.springframework.beans.factory.support.DefaultListableBeanFactory - Creating shared instance of singleton bean 'springWebProvider'
2025-08-01 19:23:57.890 [main] DEBUG org.springframework.beans.factory.support.DefaultListableBeanFactory - Creating shared instance of singleton bean 'org.springdoc.webmvc.core.configuration.SpringDocWebMvcConfiguration'
2025-08-01 19:23:57.899 [main] DEBUG org.springframework.beans.factory.support.DefaultListableBeanFactory - Autowiring by type from bean name 'swaggerWelcome' via factory method to bean named 'org.springdoc.core.properties.SwaggerUiConfigProperties'
2025-08-01 19:23:57.899 [main] DEBUG org.springframework.beans.factory.support.DefaultListableBeanFactory - Autowiring by type from bean name 'swaggerWelcome' via factory method to bean named 'org.springdoc.core.properties.SpringDocConfigProperties'
2025-08-01 19:23:57.899 [main] DEBUG org.springframework.beans.factory.support.DefaultListableBeanFactory - Autowiring by type from bean name 'swaggerWelcome' via factory method to bean named 'springWebProvider'
2025-08-01 19:23:57.910 [main] DEBUG org.springframework.beans.factory.support.DefaultListableBeanFactory - Creating shared instance of singleton bean 'springdocObjectMapperProvider'
2025-08-01 19:23:57.911 [main] DEBUG org.springframework.beans.factory.support.DefaultListableBeanFactory - Creating shared instance of singleton bean 'org.springdoc.core.configuration.SpringDocConfiguration'
2025-08-01 19:23:57.916 [main] DEBUG org.springframework.beans.factory.support.DefaultListableBeanFactory - Autowiring by type from bean name 'springdocObjectMapperProvider' via factory method to bean named 'org.springdoc.core.properties.SpringDocConfigProperties'
2025-08-01 19:23:57.922 [main] DEBUG org.springframework.beans.factory.support.DefaultListableBeanFactory - Autowiring by type from bean name 'indexPageTransformer' via factory method to bean named 'org.springdoc.core.properties.SwaggerUiConfigProperties'
2025-08-01 19:23:57.923 [main] DEBUG org.springframework.beans.factory.support.DefaultListableBeanFactory - Autowiring by type from bean name 'indexPageTransformer' via factory method to bean named 'org.springdoc.core.properties.SwaggerUiOAuthProperties'
2025-08-01 19:23:57.923 [main] DEBUG org.springframework.beans.factory.support.DefaultListableBeanFactory - Autowiring by type from bean name 'indexPageTransformer' via factory method to bean named 'swaggerWelcome'
2025-08-01 19:23:57.923 [main] DEBUG org.springframework.beans.factory.support.DefaultListableBeanFactory - Autowiring by type from bean name 'indexPageTransformer' via factory method to bean named 'springdocObjectMapperProvider'
2025-08-01 19:23:57.932 [main] DEBUG org.springframework.beans.factory.support.DefaultListableBeanFactory - Creating shared instance of singleton bean 'swaggerResourceResolver'
2025-08-01 19:23:57.933 [main] DEBUG org.springframework.beans.factory.support.DefaultListableBeanFactory - Autowiring by type from bean name 'swaggerResourceResolver' via factory method to bean named 'org.springdoc.core.properties.SwaggerUiConfigProperties'
2025-08-01 19:23:57.942 [main] DEBUG org.springframework.beans.factory.support.DefaultListableBeanFactory - Autowiring by type from bean name 'swaggerWebMvcConfigurer' via factory method to bean named 'org.springdoc.core.properties.SwaggerUiConfigProperties'
2025-08-01 19:23:57.942 [main] DEBUG org.springframework.beans.factory.support.DefaultListableBeanFactory - Autowiring by type from bean name 'swaggerWebMvcConfigurer' via factory method to bean named 'indexPageTransformer'
2025-08-01 19:23:57.943 [main] DEBUG org.springframework.beans.factory.support.DefaultListableBeanFactory - Autowiring by type from bean name 'swaggerWebMvcConfigurer' via factory method to bean named 'swaggerResourceResolver'
2025-08-01 19:23:57.946 [main] DEBUG org.springframework.beans.factory.support.DefaultListableBeanFactory - Creating shared instance of singleton bean 'openEntityManagerInViewInterceptorConfigurer'
2025-08-01 19:23:57.947 [main] DEBUG org.springframework.beans.factory.support.DefaultListableBeanFactory - Creating shared instance of singleton bean 'org.springframework.boot.autoconfigure.orm.jpa.JpaBaseConfiguration$JpaWebConfiguration'
2025-08-01 19:23:57.948 [main] DEBUG org.springframework.beans.factory.support.DefaultListableBeanFactory - Autowiring by type from bean name 'org.springframework.boot.autoconfigure.orm.jpa.JpaBaseConfiguration$JpaWebConfiguration' via constructor to bean named 'spring.jpa-org.springframework.boot.autoconfigure.orm.jpa.JpaProperties'
2025-08-01 19:23:57.953 [main] DEBUG org.springframework.beans.factory.support.DefaultListableBeanFactory - Creating shared instance of singleton bean 'openEntityManagerInViewInterceptor'
2025-08-01 19:23:57.954 [main] WARN  org.springframework.boot.autoconfigure.orm.jpa.JpaBaseConfiguration$JpaWebConfiguration - spring.jpa.open-in-view is enabled by default. Therefore, database queries may be performed during view rendering. Explicitly configure spring.jpa.open-in-view to disable this warning
2025-08-01 19:23:57.961 [main] DEBUG org.springframework.beans.factory.support.DefaultListableBeanFactory - Autowiring by type from bean name 'openEntityManagerInViewInterceptorConfigurer' via factory method to bean named 'openEntityManagerInViewInterceptor'
2025-08-01 19:23:57.965 [main] DEBUG org.springframework.beans.factory.support.DefaultListableBeanFactory - Creating shared instance of singleton bean 'org.springframework.data.web.config.SpringDataWebConfiguration'
2025-08-01 19:23:57.966 [main] DEBUG org.springframework.beans.factory.support.DefaultListableBeanFactory - Autowiring by type from bean name 'org.springframework.data.web.config.SpringDataWebConfiguration' via constructor to bean named 'org.springframework.web.context.support.GenericWebApplicationContext@3a5800c5'
2025-08-01 19:23:57.972 [main] DEBUG org.springframework.beans.factory.support.DefaultListableBeanFactory - Creating shared instance of singleton bean 'org.springframework.security.config.annotation.web.configuration.WebMvcSecurityConfiguration'
2025-08-01 19:23:57.976 [main] DEBUG org.springframework.beans.factory.support.DefaultListableBeanFactory - Creating shared instance of singleton bean 'endpointObjectMapperWebMvcConfigurer'
2025-08-01 19:23:57.977 [main] DEBUG org.springframework.beans.factory.support.DefaultListableBeanFactory - Creating shared instance of singleton bean 'endpointObjectMapper'
2025-08-01 19:23:57.977 [main] DEBUG org.springframework.beans.factory.support.DefaultListableBeanFactory - Creating shared instance of singleton bean 'org.springframework.boot.actuate.autoconfigure.endpoint.jackson.JacksonEndpointAutoConfiguration'
2025-08-01 19:23:57.992 [main] DEBUG org.springframework.beans.factory.support.DefaultListableBeanFactory - Autowiring by type from bean name 'endpointObjectMapperWebMvcConfigurer' via factory method to bean named 'endpointObjectMapper'
2025-08-01 19:23:58.036 [main] DEBUG org.springframework.beans.factory.support.DefaultListableBeanFactory - Autowiring by type from bean name 'securityFilterChain' via factory method to bean named 'org.springframework.security.config.annotation.web.configuration.HttpSecurityConfiguration.httpSecurity'
2025-08-01 19:23:58.037 [main] DEBUG org.springframework.beans.factory.support.DefaultListableBeanFactory - Creating shared instance of singleton bean 'corsConfigurationSource'
2025-08-01 19:23:58.044 [main] DEBUG org.springframework.beans.factory.support.DefaultListableBeanFactory - Creating shared instance of singleton bean 'webAuthorizationManagerPostProcessor'
2025-08-01 19:23:58.051 [main] DEBUG org.springframework.beans.factory.support.DefaultListableBeanFactory - Creating shared instance of singleton bean 'mvcHandlerMappingIntrospector'
2025-08-01 19:23:58.054 [main] DEBUG org.springframework.beans.factory.support.DefaultListableBeanFactory - Creating shared instance of singleton bean 'welcomePageHandlerMapping'
2025-08-01 19:23:58.055 [main] DEBUG org.springframework.beans.factory.support.DefaultListableBeanFactory - Creating shared instance of singleton bean 'mvcConversionService'
2025-08-01 19:23:58.074 [main] DEBUG org.springframework.beans.factory.support.DefaultListableBeanFactory - Creating shared instance of singleton bean 'mvcResourceUrlProvider'
2025-08-01 19:23:58.079 [main] DEBUG org.springframework.beans.factory.support.DefaultListableBeanFactory - Autowiring by type from bean name 'welcomePageHandlerMapping' via factory method to bean named 'org.springframework.web.context.support.GenericWebApplicationContext@3a5800c5'
2025-08-01 19:23:58.080 [main] DEBUG org.springframework.beans.factory.support.DefaultListableBeanFactory - Autowiring by type from bean name 'welcomePageHandlerMapping' via factory method to bean named 'mvcConversionService'
2025-08-01 19:23:58.080 [main] DEBUG org.springframework.beans.factory.support.DefaultListableBeanFactory - Autowiring by type from bean name 'welcomePageHandlerMapping' via factory method to bean named 'mvcResourceUrlProvider'
2025-08-01 19:23:58.131 [main] DEBUG org.springframework.beans.factory.support.DefaultListableBeanFactory - Creating shared instance of singleton bean 'welcomePageNotAcceptableHandlerMapping'
2025-08-01 19:23:58.132 [main] DEBUG org.springframework.beans.factory.support.DefaultListableBeanFactory - Autowiring by type from bean name 'welcomePageNotAcceptableHandlerMapping' via factory method to bean named 'org.springframework.web.context.support.GenericWebApplicationContext@3a5800c5'
2025-08-01 19:23:58.132 [main] DEBUG org.springframework.beans.factory.support.DefaultListableBeanFactory - Autowiring by type from bean name 'welcomePageNotAcceptableHandlerMapping' via factory method to bean named 'mvcConversionService'
2025-08-01 19:23:58.133 [main] DEBUG org.springframework.beans.factory.support.DefaultListableBeanFactory - Autowiring by type from bean name 'welcomePageNotAcceptableHandlerMapping' via factory method to bean named 'mvcResourceUrlProvider'
2025-08-01 19:23:58.178 [main] DEBUG org.springframework.beans.factory.support.DefaultListableBeanFactory - Creating shared instance of singleton bean 'requestMappingHandlerMapping'
2025-08-01 19:23:58.179 [main] DEBUG org.springframework.beans.factory.support.DefaultListableBeanFactory - Autowiring by type from bean name 'requestMappingHandlerMapping' via factory method to bean named 'mvcContentNegotiationManager'
2025-08-01 19:23:58.180 [main] DEBUG org.springframework.beans.factory.support.DefaultListableBeanFactory - Autowiring by type from bean name 'requestMappingHandlerMapping' via factory method to bean named 'mvcConversionService'
2025-08-01 19:23:58.180 [main] DEBUG org.springframework.beans.factory.support.DefaultListableBeanFactory - Autowiring by type from bean name 'requestMappingHandlerMapping' via factory method to bean named 'mvcResourceUrlProvider'
2025-08-01 19:23:58.187 [main] DEBUG _org.springframework.web.servlet.HandlerMapping.Mappings - 
	c.e.t.c.AthleteController:
	{PATCH [/athlete/{id}]}: updateAthleteById(AthleteUpdateRequestDto,Authentication,Long)
	{GET [/athlete/{id}]}: getAthleteById(Long,Authentication)
	{GET [/athlete]}: getAllAthlete(String,String,Gender,LocalDate,Set,Boolean,Boolean,Pageable)
	{DELETE [/athlete/{id}]}: deleteAthleteById(Long,Authentication)
2025-08-01 19:23:58.191 [main] DEBUG _org.springframework.web.servlet.HandlerMapping.Mappings - 
	c.e.t.c.AuthenticationController:
	{POST [/auth/login]}: loginAthlete(UserLoginRequestDto)
	{POST [/auth/register/athlete]}: registerAthlete(AthleteRegistrationRequestDto)
	{POST [/auth/register/trainer]}: registerTrainer(TrainerRegistrationRequestDto)
	{POST [/auth/register/gym_owner]}: registerGymOwner(GymOwnerRegistrationRequestDto)
2025-08-01 19:23:58.195 [main] DEBUG _org.springframework.web.servlet.HandlerMapping.Mappings - 
	c.e.t.c.BaseUserController:
	{POST [/users/photo]}: uploadPhoto(Authentication,MultipartFile)
2025-08-01 19:23:58.197 [main] DEBUG _org.springframework.web.servlet.HandlerMapping.Mappings - 
	c.e.t.c.ChatController:
	{POST [/chat/ask]}: askAi(ChatRequestDto)
	{GET [/chat/history]}: getChatHistory()
	{POST [/chat/clear-history]}: clearChatHistory()
2025-08-01 19:23:58.200 [main] DEBUG _org.springframework.web.servlet.HandlerMapping.Mappings - 
	c.e.t.c.EventController:
	{POST [/event/trainer]}: createEventByTrainer(EventRegistrationRequestDto,Authentication)
	{POST [/event/gym/{gymId}]}: createEventByGymOwner(Long,EventRegistrationRequestDto,Authentication)
	{GET [/event]}: getAllEvents(Long,String,Long,LocalDate,Long,Long,Pageable)
	{PATCH [/event/{id}]}: updateEvent(Long,EventUpdateRequestDto,Authentication)
	{DELETE [/event/{id}]}: deleteEvent(Long,Authentication)
2025-08-01 19:23:58.204 [main] DEBUG _org.springframework.web.servlet.HandlerMapping.Mappings - 
	c.e.t.c.GymController:
	{POST [/gym/{id}/photos]}: uploadGymPhoto(Long,MultipartFile,Authentication)
	{POST [/gym]}: createGym(GymRegistrationRequestDto)
	{GET [/gym/my]}: getGymsByGymsOwnerId(Pageable,Authentication)
	{GET [/gym]}: getAllGyms(String,String,String,String,String,String,Set,Set,Float,Pageable)
	{GET [/gym/{id}]}: getGymById(Long)
	{DELETE [/gym/{id}]}: deleteGymById(Long,Authentication)
	{PATCH [/gym/{id}]}: updateGym(Long,GymUpdateRequestDto,Authentication)
2025-08-01 19:23:58.208 [main] DEBUG _org.springframework.web.servlet.HandlerMapping.Mappings - 
	c.e.t.c.ReviewController:
	{GET [/review]}: getAllReview(Long,Integer,Long,Long,Long,Pageable)
	{DELETE [/review/{id}]}: deleteReviewById(Long)
	{POST [/review/gym/{gymId}]}: createGymReview(Long,ReviewRegistrationRequestDto,Authentication)
	{POST [/review/trainer/{trainerId}]}: createTrainerReview(Long,ReviewRegistrationRequestDto,Authentication)
2025-08-01 19:23:58.211 [main] DEBUG _org.springframework.web.servlet.HandlerMapping.Mappings - 
	c.e.t.c.SportController:
	{GET [/sport]}: getAllSports(Long,String,Pageable)
	{POST [/sport]}: createSport(SportRequestDto)
	{PATCH [/sport/{id}]}: updateSport(Long,SportRequestDto)
	{DELETE [/sport/{id}]}: deleteSport(Long)
2025-08-01 19:23:58.214 [main] DEBUG _org.springframework.web.servlet.HandlerMapping.Mappings - 
	c.e.t.c.TrainerController:
	{GET [/trainer/my]}: getCurrentTrainer(Authentication)
	{PATCH [/trainer/{id}]}: updateTrainerById(TrainerUpdateRequestDto,Long,Authentication)
	{GET [/trainer]}: getAllTrainers(String,String,Gender,Set,Set,String,String,String,String,String,Boolean,Pageable)
	{GET [/trainer/{id}]}: getTrainerById(Long)
	{DELETE [/trainer/{id}]}: deleteTrainerById(Long,Authentication)
2025-08-01 19:23:58.217 [main] DEBUG _org.springframework.web.servlet.HandlerMapping.Mappings - 
	o.s.b.a.w.s.e.BasicErrorController:
	{ [/error]}: error(HttpServletRequest)
	{ [/error], produces [text/html]}: errorHtml(HttpServletRequest,HttpServletResponse)
2025-08-01 19:23:58.221 [main] DEBUG org.springframework.core.env.PropertySourcesPropertyResolver - Found key 'springdoc.api-docs.path' in PropertySource 'environmentProperties' with value of type String
2025-08-01 19:23:58.223 [main] DEBUG org.springframework.core.env.PropertySourcesPropertyResolver - Found key 'springdoc.api-docs.path' in PropertySource 'environmentProperties' with value of type String
2025-08-01 19:23:58.223 [main] DEBUG org.springframework.core.env.PropertySourcesPropertyResolver - Found key 'springdoc.api-docs.path' in PropertySource 'environmentProperties' with value of type String
2025-08-01 19:23:58.224 [main] DEBUG org.springframework.core.env.PropertySourcesPropertyResolver - Found key 'springdoc.api-docs.path' in PropertySource 'environmentProperties' with value of type String
2025-08-01 19:23:58.226 [main] DEBUG _org.springframework.web.servlet.HandlerMapping.Mappings - 
	o.s.w.a.OpenApiWebMvcResource:
	{GET [/v3/api-docs], produces [application/json]}: openapiJson(HttpServletRequest,String,Locale)
	{GET [/v3/api-docs.yaml], produces [application/vnd.oai.openapi]}: openapiYaml(HttpServletRequest,String,Locale)
2025-08-01 19:23:58.229 [main] DEBUG org.springframework.core.env.PropertySourcesPropertyResolver - Found key 'springdoc.swagger-ui.path' in PropertySource 'environmentProperties' with value of type String
2025-08-01 19:23:58.231 [main] DEBUG org.springframework.core.env.PropertySourcesPropertyResolver - Found key 'springdoc.swagger-ui.path' in PropertySource 'environmentProperties' with value of type String
2025-08-01 19:23:58.232 [main] DEBUG _org.springframework.web.servlet.HandlerMapping.Mappings - 
	o.s.w.u.SwaggerWelcomeWebMvc:
	{GET [/swagger-ui.html]}: redirectToUi(HttpServletRequest)
2025-08-01 19:23:58.234 [main] DEBUG org.springframework.core.env.PropertySourcesPropertyResolver - Found key 'springdoc.api-docs.path' in PropertySource 'environmentProperties' with value of type String
2025-08-01 19:23:58.235 [main] DEBUG _org.springframework.web.servlet.HandlerMapping.Mappings - 
	o.s.w.u.SwaggerConfigResource:
	{GET [/v3/api-docs/swagger-config], produces [application/json]}: openapiJson(HttpServletRequest)
2025-08-01 19:23:58.238 [main] DEBUG org.springframework.web.servlet.mvc.method.annotation.RequestMappingHandlerMapping - 43 mappings in 'requestMappingHandlerMapping'
2025-08-01 19:23:58.257 [main] DEBUG org.springframework.beans.factory.support.DefaultListableBeanFactory - Creating shared instance of singleton bean 'viewControllerHandlerMapping'
2025-08-01 19:23:58.258 [main] DEBUG org.springframework.beans.factory.support.DefaultListableBeanFactory - Autowiring by type from bean name 'viewControllerHandlerMapping' via factory method to bean named 'mvcConversionService'
2025-08-01 19:23:58.258 [main] DEBUG org.springframework.beans.factory.support.DefaultListableBeanFactory - Autowiring by type from bean name 'viewControllerHandlerMapping' via factory method to bean named 'mvcResourceUrlProvider'
2025-08-01 19:23:58.261 [main] DEBUG org.springframework.beans.factory.support.DefaultListableBeanFactory - Creating shared instance of singleton bean 'beanNameHandlerMapping'
2025-08-01 19:23:58.261 [main] DEBUG org.springframework.beans.factory.support.DefaultListableBeanFactory - Autowiring by type from bean name 'beanNameHandlerMapping' via factory method to bean named 'mvcConversionService'
2025-08-01 19:23:58.262 [main] DEBUG org.springframework.beans.factory.support.DefaultListableBeanFactory - Autowiring by type from bean name 'beanNameHandlerMapping' via factory method to bean named 'mvcResourceUrlProvider'
2025-08-01 19:23:58.265 [main] DEBUG _org.springframework.web.servlet.HandlerMapping.Mappings - 'beanNameHandlerMapping' {}
2025-08-01 19:23:58.277 [main] DEBUG org.springframework.beans.factory.support.DefaultListableBeanFactory - Creating shared instance of singleton bean 'routerFunctionMapping'
2025-08-01 19:23:58.278 [main] DEBUG org.springframework.beans.factory.support.DefaultListableBeanFactory - Autowiring by type from bean name 'routerFunctionMapping' via factory method to bean named 'mvcConversionService'
2025-08-01 19:23:58.279 [main] DEBUG org.springframework.beans.factory.support.DefaultListableBeanFactory - Autowiring by type from bean name 'routerFunctionMapping' via factory method to bean named 'mvcResourceUrlProvider'
2025-08-01 19:23:58.281 [main] DEBUG org.springframework.beans.factory.support.DefaultListableBeanFactory - Creating shared instance of singleton bean 'messageConverters'
2025-08-01 19:23:58.282 [main] DEBUG org.springframework.beans.factory.support.DefaultListableBeanFactory - Creating shared instance of singleton bean 'org.springframework.boot.autoconfigure.http.HttpMessageConvertersAutoConfiguration'
2025-08-01 19:23:58.289 [main] DEBUG org.springframework.beans.factory.support.DefaultListableBeanFactory - Creating shared instance of singleton bean 'stringHttpMessageConverter'
2025-08-01 19:23:58.290 [main] DEBUG org.springframework.beans.factory.support.DefaultListableBeanFactory - Creating shared instance of singleton bean 'org.springframework.boot.autoconfigure.http.HttpMessageConvertersAutoConfiguration$StringHttpMessageConverterConfiguration'
2025-08-01 19:23:58.294 [main] DEBUG org.springframework.beans.factory.support.DefaultListableBeanFactory - Autowiring by type from bean name 'stringHttpMessageConverter' via factory method to bean named 'environment'
2025-08-01 19:23:58.311 [main] DEBUG org.springframework.beans.factory.support.DefaultListableBeanFactory - Creating shared instance of singleton bean 'mappingJackson2HttpMessageConverter'
2025-08-01 19:23:58.311 [main] DEBUG org.springframework.beans.factory.support.DefaultListableBeanFactory - Creating shared instance of singleton bean 'org.springframework.boot.autoconfigure.http.JacksonHttpMessageConvertersConfiguration$MappingJackson2HttpMessageConverterConfiguration'
2025-08-01 19:23:58.317 [main] DEBUG org.springframework.beans.factory.support.DefaultListableBeanFactory - Creating shared instance of singleton bean 'jacksonObjectMapper'
2025-08-01 19:23:58.317 [main] DEBUG org.springframework.beans.factory.support.DefaultListableBeanFactory - Creating shared instance of singleton bean 'org.springframework.boot.autoconfigure.jackson.JacksonAutoConfiguration$JacksonObjectMapperConfiguration'
2025-08-01 19:23:58.322 [main] DEBUG org.springframework.beans.factory.support.DefaultListableBeanFactory - Creating shared instance of singleton bean 'org.springframework.boot.autoconfigure.jackson.JacksonAutoConfiguration$JacksonObjectMapperBuilderConfiguration'
2025-08-01 19:23:58.328 [main] DEBUG org.springframework.beans.factory.support.DefaultListableBeanFactory - Creating shared instance of singleton bean 'standardJacksonObjectMapperBuilderCustomizer'
2025-08-01 19:23:58.328 [main] DEBUG org.springframework.beans.factory.support.DefaultListableBeanFactory - Creating shared instance of singleton bean 'org.springframework.boot.autoconfigure.jackson.JacksonAutoConfiguration$Jackson2ObjectMapperBuilderCustomizerConfiguration'
2025-08-01 19:23:58.334 [main] DEBUG org.springframework.beans.factory.support.DefaultListableBeanFactory - Creating shared instance of singleton bean 'spring.jackson-org.springframework.boot.autoconfigure.jackson.JacksonProperties'
2025-08-01 19:23:58.343 [main] DEBUG org.springframework.beans.factory.support.DefaultListableBeanFactory - Autowiring by type from bean name 'standardJacksonObjectMapperBuilderCustomizer' via factory method to bean named 'spring.jackson-org.springframework.boot.autoconfigure.jackson.JacksonProperties'
2025-08-01 19:23:58.345 [main] DEBUG org.springframework.beans.factory.support.DefaultListableBeanFactory - Creating shared instance of singleton bean 'parameterNamesModule'
2025-08-01 19:23:58.346 [main] DEBUG org.springframework.beans.factory.support.DefaultListableBeanFactory - Creating shared instance of singleton bean 'org.springframework.boot.autoconfigure.jackson.JacksonAutoConfiguration$ParameterNamesModuleConfiguration'
2025-08-01 19:23:58.366 [main] DEBUG org.springframework.beans.factory.support.DefaultListableBeanFactory - Creating shared instance of singleton bean 'jsonMixinModule'
2025-08-01 19:23:58.366 [main] DEBUG org.springframework.beans.factory.support.DefaultListableBeanFactory - Creating shared instance of singleton bean 'org.springframework.boot.autoconfigure.jackson.JacksonAutoConfiguration$JacksonMixinConfiguration'
2025-08-01 19:23:58.371 [main] DEBUG org.springframework.beans.factory.support.DefaultListableBeanFactory - Creating shared instance of singleton bean 'jsonMixinModuleEntries'
2025-08-01 19:23:58.372 [main] DEBUG org.springframework.beans.factory.support.DefaultListableBeanFactory - Autowiring by type from bean name 'jsonMixinModuleEntries' via factory method to bean named 'org.springframework.web.context.support.GenericWebApplicationContext@3a5800c5'
2025-08-01 19:23:58.756 [main] DEBUG org.springframework.beans.factory.support.DefaultListableBeanFactory - Autowiring by type from bean name 'jsonMixinModule' via factory method to bean named 'org.springframework.web.context.support.GenericWebApplicationContext@3a5800c5'
2025-08-01 19:23:58.757 [main] DEBUG org.springframework.beans.factory.support.DefaultListableBeanFactory - Autowiring by type from bean name 'jsonMixinModule' via factory method to bean named 'jsonMixinModuleEntries'
2025-08-01 19:23:58.759 [main] DEBUG org.springframework.beans.factory.support.DefaultListableBeanFactory - Creating shared instance of singleton bean 'jsonComponentModule'
2025-08-01 19:23:58.760 [main] DEBUG org.springframework.beans.factory.support.DefaultListableBeanFactory - Creating shared instance of singleton bean 'org.springframework.boot.autoconfigure.jackson.JacksonAutoConfiguration'
2025-08-01 19:23:58.770 [main] DEBUG org.springframework.beans.factory.support.DefaultListableBeanFactory - Creating shared instance of singleton bean 'jacksonGeoModule'
2025-08-01 19:23:58.770 [main] DEBUG org.springframework.beans.factory.support.DefaultListableBeanFactory - Creating shared instance of singleton bean 'org.springframework.data.web.config.SpringDataJacksonConfiguration'
2025-08-01 19:23:58.772 [main] DEBUG org.springframework.beans.factory.support.DefaultListableBeanFactory - Creating shared instance of singleton bean 'springDataWebSettings'
2025-08-01 19:23:58.772 [main] DEBUG org.springframework.beans.factory.support.DefaultListableBeanFactory - Creating shared instance of singleton bean 'org.springframework.boot.autoconfigure.data.web.SpringDataWebAutoConfiguration'
2025-08-01 19:23:58.773 [main] DEBUG org.springframework.beans.factory.support.DefaultListableBeanFactory - Creating shared instance of singleton bean 'spring.data.web-org.springframework.boot.autoconfigure.data.web.SpringDataWebProperties'
2025-08-01 19:23:58.777 [main] DEBUG org.springframework.beans.factory.support.DefaultListableBeanFactory - Autowiring by type from bean name 'org.springframework.boot.autoconfigure.data.web.SpringDataWebAutoConfiguration' via constructor to bean named 'spring.data.web-org.springframework.boot.autoconfigure.data.web.SpringDataWebProperties'
2025-08-01 19:23:58.789 [main] DEBUG org.springframework.beans.factory.support.DefaultListableBeanFactory - Creating shared instance of singleton bean 'pageModule'
2025-08-01 19:23:58.797 [main] DEBUG org.springframework.beans.factory.support.DefaultListableBeanFactory - Autowiring by type from bean name 'jacksonObjectMapperBuilder' via factory method to bean named 'org.springframework.web.context.support.GenericWebApplicationContext@3a5800c5'
2025-08-01 19:23:58.797 [main] DEBUG org.springframework.beans.factory.support.DefaultListableBeanFactory - Autowiring by type from bean name 'jacksonObjectMapperBuilder' via factory method to bean named 'standardJacksonObjectMapperBuilderCustomizer'
2025-08-01 19:23:58.802 [main] DEBUG org.springframework.beans.factory.support.DefaultListableBeanFactory - Autowiring by type from bean name 'jacksonObjectMapper' via factory method to bean named 'jacksonObjectMapperBuilder'
2025-08-01 19:23:58.829 [main] DEBUG org.springframework.beans.factory.support.DefaultListableBeanFactory - Autowiring by type from bean name 'mappingJackson2HttpMessageConverter' via factory method to bean named 'jacksonObjectMapper'
2025-08-01 19:23:58.861 [main] DEBUG org.springframework.beans.factory.support.DefaultListableBeanFactory - Creating shared instance of singleton bean 'resourceHandlerMapping'
2025-08-01 19:23:58.862 [main] DEBUG org.springframework.beans.factory.support.DefaultListableBeanFactory - Autowiring by type from bean name 'resourceHandlerMapping' via factory method to bean named 'mvcContentNegotiationManager'
2025-08-01 19:23:58.863 [main] DEBUG org.springframework.beans.factory.support.DefaultListableBeanFactory - Autowiring by type from bean name 'resourceHandlerMapping' via factory method to bean named 'mvcConversionService'
2025-08-01 19:23:58.863 [main] DEBUG org.springframework.beans.factory.support.DefaultListableBeanFactory - Autowiring by type from bean name 'resourceHandlerMapping' via factory method to bean named 'mvcResourceUrlProvider'
2025-08-01 19:23:58.876 [main] DEBUG _org.springframework.web.servlet.HandlerMapping.Mappings - 'resourceHandlerMapping' {/webjars/**=ResourceHttpRequestHandler [classpath [META-INF/resources/webjars/]], /**=ResourceHttpRequestHandler [classpath [META-INF/resources/], classpath [resources/], classpath [static/], classpath [public/], ServletContext [/]], /swagger-ui*/*swagger-initializer.js=ResourceHttpRequestHandler [classpath [META-INF/resources/webjars/]], /swagger-ui*/**=ResourceHttpRequestHandler [classpath [META-INF/resources/webjars/]]}
2025-08-01 19:23:58.882 [main] DEBUG org.springframework.beans.factory.support.DefaultListableBeanFactory - Creating shared instance of singleton bean 'defaultServletHandlerMapping'
2025-08-01 19:23:58.882 [main] DEBUG org.springframework.beans.factory.support.DefaultListableBeanFactory - Creating shared instance of singleton bean 'healthEndpointWebMvcHandlerMapping'
2025-08-01 19:23:58.883 [main] DEBUG org.springframework.beans.factory.support.DefaultListableBeanFactory - Creating shared instance of singleton bean 'org.springframework.boot.actuate.autoconfigure.health.HealthEndpointWebExtensionConfiguration$MvcAdditionalHealthEndpointPathsConfiguration'
2025-08-01 19:23:58.887 [main] DEBUG org.springframework.beans.factory.support.DefaultListableBeanFactory - Creating shared instance of singleton bean 'webEndpointDiscoverer'
2025-08-01 19:23:58.888 [main] DEBUG org.springframework.beans.factory.support.DefaultListableBeanFactory - Creating shared instance of singleton bean 'org.springframework.boot.actuate.autoconfigure.endpoint.web.WebEndpointAutoConfiguration'
2025-08-01 19:23:58.889 [main] DEBUG org.springframework.beans.factory.support.DefaultListableBeanFactory - Creating shared instance of singleton bean 'management.endpoints.web-org.springframework.boot.actuate.autoconfigure.endpoint.web.WebEndpointProperties'
2025-08-01 19:23:58.896 [main] DEBUG org.springframework.beans.factory.support.DefaultListableBeanFactory - Autowiring by type from bean name 'org.springframework.boot.actuate.autoconfigure.endpoint.web.WebEndpointAutoConfiguration' via constructor to bean named 'org.springframework.web.context.support.GenericWebApplicationContext@3a5800c5'
2025-08-01 19:23:58.897 [main] DEBUG org.springframework.beans.factory.support.DefaultListableBeanFactory - Autowiring by type from bean name 'org.springframework.boot.actuate.autoconfigure.endpoint.web.WebEndpointAutoConfiguration' via constructor to bean named 'management.endpoints.web-org.springframework.boot.actuate.autoconfigure.endpoint.web.WebEndpointProperties'
2025-08-01 19:23:58.902 [main] DEBUG org.springframework.beans.factory.support.DefaultListableBeanFactory - Creating shared instance of singleton bean 'endpointOperationParameterMapper'
2025-08-01 19:23:58.902 [main] DEBUG org.springframework.beans.factory.support.DefaultListableBeanFactory - Creating shared instance of singleton bean 'org.springframework.boot.actuate.autoconfigure.endpoint.EndpointAutoConfiguration'
2025-08-01 19:23:58.912 [main] DEBUG org.springframework.beans.factory.support.DefaultListableBeanFactory - Creating shared instance of singleton bean 'endpointMediaTypes'
2025-08-01 19:23:58.915 [main] DEBUG org.springframework.beans.factory.support.DefaultListableBeanFactory - Autowiring by type from bean name 'webEndpointDiscoverer' via factory method to bean named 'endpointOperationParameterMapper'
2025-08-01 19:23:58.915 [main] DEBUG org.springframework.beans.factory.support.DefaultListableBeanFactory - Autowiring by type from bean name 'webEndpointDiscoverer' via factory method to bean named 'endpointMediaTypes'
2025-08-01 19:23:58.917 [main] DEBUG org.springframework.beans.factory.support.DefaultListableBeanFactory - Creating shared instance of singleton bean 'webEndpointPathMapper'
2025-08-01 19:23:58.924 [main] DEBUG org.springframework.beans.factory.support.DefaultListableBeanFactory - Creating shared instance of singleton bean 'healthEndpointGroups'
2025-08-01 19:23:58.925 [main] DEBUG org.springframework.beans.factory.support.DefaultListableBeanFactory - Creating shared instance of singleton bean 'org.springframework.boot.actuate.autoconfigure.health.HealthEndpointConfiguration'
2025-08-01 19:23:58.930 [main] DEBUG org.springframework.beans.factory.support.DefaultListableBeanFactory - Creating shared instance of singleton bean 'management.endpoint.health-org.springframework.boot.actuate.autoconfigure.health.HealthEndpointProperties'
2025-08-01 19:23:58.940 [main] DEBUG org.springframework.beans.factory.support.DefaultListableBeanFactory - Autowiring by type from bean name 'healthEndpointGroups' via factory method to bean named 'org.springframework.web.context.support.GenericWebApplicationContext@3a5800c5'
2025-08-01 19:23:58.940 [main] DEBUG org.springframework.beans.factory.support.DefaultListableBeanFactory - Autowiring by type from bean name 'healthEndpointGroups' via factory method to bean named 'management.endpoint.health-org.springframework.boot.actuate.autoconfigure.health.HealthEndpointProperties'
2025-08-01 19:23:58.942 [main] DEBUG org.springframework.beans.factory.support.DefaultListableBeanFactory - Creating shared instance of singleton bean 'healthStatusAggregator'
2025-08-01 19:23:58.943 [main] DEBUG org.springframework.beans.factory.support.DefaultListableBeanFactory - Autowiring by type from bean name 'healthStatusAggregator' via factory method to bean named 'management.endpoint.health-org.springframework.boot.actuate.autoconfigure.health.HealthEndpointProperties'
2025-08-01 19:23:58.950 [main] DEBUG org.springframework.beans.factory.support.DefaultListableBeanFactory - Creating shared instance of singleton bean 'healthHttpCodeStatusMapper'
2025-08-01 19:23:58.951 [main] DEBUG org.springframework.beans.factory.support.DefaultListableBeanFactory - Autowiring by type from bean name 'healthHttpCodeStatusMapper' via factory method to bean named 'management.endpoint.health-org.springframework.boot.actuate.autoconfigure.health.HealthEndpointProperties'
2025-08-01 19:23:58.964 [main] DEBUG org.springframework.beans.factory.support.DefaultListableBeanFactory - Creating shared instance of singleton bean 'endpointCachingOperationInvokerAdvisor'
2025-08-01 19:23:58.965 [main] DEBUG org.springframework.beans.factory.support.DefaultListableBeanFactory - Autowiring by type from bean name 'endpointCachingOperationInvokerAdvisor' via factory method to bean named 'environment'
2025-08-01 19:23:58.970 [main] DEBUG org.springframework.beans.factory.support.DefaultListableBeanFactory - Creating shared instance of singleton bean 'webExposeExcludePropertyEndpointFilter'
2025-08-01 19:23:58.975 [main] DEBUG org.springframework.beans.factory.support.DefaultListableBeanFactory - Creating shared instance of singleton bean 'webAccessPropertiesOperationFilter'
2025-08-01 19:23:58.977 [main] DEBUG org.springframework.beans.factory.support.DefaultListableBeanFactory - Creating shared instance of singleton bean 'propertiesEndpointAccessResolver'
2025-08-01 19:23:58.977 [main] DEBUG org.springframework.beans.factory.support.DefaultListableBeanFactory - Autowiring by type from bean name 'propertiesEndpointAccessResolver' via factory method to bean named 'environment'
2025-08-01 19:23:58.982 [main] DEBUG org.springframework.beans.factory.support.DefaultListableBeanFactory - Autowiring by type from bean name 'webAccessPropertiesOperationFilter' via factory method to bean named 'propertiesEndpointAccessResolver'
2025-08-01 19:23:59.002 [main] DEBUG org.springframework.beans.factory.support.DefaultListableBeanFactory - Autowiring by type from bean name 'healthEndpointWebMvcHandlerMapping' via factory method to bean named 'webEndpointDiscoverer'
2025-08-01 19:23:59.003 [main] DEBUG org.springframework.beans.factory.support.DefaultListableBeanFactory - Autowiring by type from bean name 'healthEndpointWebMvcHandlerMapping' via factory method to bean named 'healthEndpointGroups'
2025-08-01 19:23:59.010 [main] DEBUG org.springframework.beans.factory.support.DefaultListableBeanFactory - Creating shared instance of singleton bean 'healthEndpoint'
2025-08-01 19:23:59.011 [main] DEBUG org.springframework.beans.factory.support.DefaultListableBeanFactory - Creating shared instance of singleton bean 'healthContributorRegistry'
2025-08-01 19:23:59.012 [main] DEBUG org.springframework.beans.factory.support.DefaultListableBeanFactory - Creating shared instance of singleton bean 'sslHealthIndicator'
2025-08-01 19:23:59.013 [main] DEBUG org.springframework.beans.factory.support.DefaultListableBeanFactory - Creating shared instance of singleton bean 'org.springframework.boot.actuate.autoconfigure.ssl.SslHealthContributorAutoConfiguration'
2025-08-01 19:23:59.016 [main] DEBUG org.springframework.beans.factory.support.DefaultListableBeanFactory - Creating shared instance of singleton bean 'sslInfo'
2025-08-01 19:23:59.018 [main] DEBUG org.springframework.beans.factory.support.DefaultListableBeanFactory - Creating shared instance of singleton bean 'sslBundleRegistry'
2025-08-01 19:23:59.018 [main] DEBUG org.springframework.beans.factory.support.DefaultListableBeanFactory - Creating shared instance of singleton bean 'org.springframework.boot.autoconfigure.ssl.SslAutoConfiguration'
2025-08-01 19:23:59.021 [main] DEBUG org.springframework.beans.factory.support.DefaultListableBeanFactory - Creating shared instance of singleton bean 'spring.ssl-org.springframework.boot.autoconfigure.ssl.SslProperties'
2025-08-01 19:23:59.026 [main] DEBUG org.springframework.beans.factory.support.DefaultListableBeanFactory - Autowiring by type from bean name 'org.springframework.boot.autoconfigure.ssl.SslAutoConfiguration' via constructor to bean named 'org.springframework.web.context.support.GenericWebApplicationContext@3a5800c5'
2025-08-01 19:23:59.026 [main] DEBUG org.springframework.beans.factory.support.DefaultListableBeanFactory - Autowiring by type from bean name 'org.springframework.boot.autoconfigure.ssl.SslAutoConfiguration' via constructor to bean named 'spring.ssl-org.springframework.boot.autoconfigure.ssl.SslProperties'
2025-08-01 19:23:59.033 [main] DEBUG org.springframework.beans.factory.support.DefaultListableBeanFactory - Creating shared instance of singleton bean 'sslPropertiesSslBundleRegistrar'
2025-08-01 19:23:59.033 [main] DEBUG org.springframework.beans.factory.support.DefaultListableBeanFactory - Creating shared instance of singleton bean 'fileWatcher'
2025-08-01 19:23:59.037 [main] DEBUG org.springframework.beans.factory.support.DefaultListableBeanFactory - Autowiring by type from bean name 'sslPropertiesSslBundleRegistrar' via factory method to bean named 'fileWatcher'
2025-08-01 19:23:59.046 [main] DEBUG org.springframework.beans.factory.support.DefaultListableBeanFactory - Creating shared instance of singleton bean 'management.health.ssl-org.springframework.boot.actuate.autoconfigure.ssl.SslHealthIndicatorProperties'
2025-08-01 19:23:59.050 [main] DEBUG org.springframework.beans.factory.support.DefaultListableBeanFactory - Autowiring by type from bean name 'sslInfo' via factory method to bean named 'sslBundleRegistry'
2025-08-01 19:23:59.050 [main] DEBUG org.springframework.beans.factory.support.DefaultListableBeanFactory - Autowiring by type from bean name 'sslInfo' via factory method to bean named 'management.health.ssl-org.springframework.boot.actuate.autoconfigure.ssl.SslHealthIndicatorProperties'
2025-08-01 19:23:59.053 [main] DEBUG org.springframework.beans.factory.support.DefaultListableBeanFactory - Autowiring by type from bean name 'sslHealthIndicator' via factory method to bean named 'sslInfo'
2025-08-01 19:23:59.060 [main] DEBUG org.springframework.beans.factory.support.DefaultListableBeanFactory - Creating shared instance of singleton bean 'diskSpaceHealthIndicator'
2025-08-01 19:23:59.060 [main] DEBUG org.springframework.beans.factory.support.DefaultListableBeanFactory - Creating shared instance of singleton bean 'org.springframework.boot.actuate.autoconfigure.system.DiskSpaceHealthContributorAutoConfiguration'
2025-08-01 19:23:59.065 [main] DEBUG org.springframework.beans.factory.support.DefaultListableBeanFactory - Creating shared instance of singleton bean 'management.health.diskspace-org.springframework.boot.actuate.autoconfigure.system.DiskSpaceHealthIndicatorProperties'
2025-08-01 19:23:59.070 [main] DEBUG org.springframework.beans.factory.support.DefaultListableBeanFactory - Autowiring by type from bean name 'diskSpaceHealthIndicator' via factory method to bean named 'management.health.diskspace-org.springframework.boot.actuate.autoconfigure.system.DiskSpaceHealthIndicatorProperties'
2025-08-01 19:23:59.074 [main] DEBUG org.springframework.beans.factory.support.DefaultListableBeanFactory - Creating shared instance of singleton bean 'pingHealthContributor'
2025-08-01 19:23:59.074 [main] DEBUG org.springframework.beans.factory.support.DefaultListableBeanFactory - Creating shared instance of singleton bean 'org.springframework.boot.actuate.autoconfigure.health.HealthContributorAutoConfiguration'
2025-08-01 19:23:59.081 [main] DEBUG org.springframework.beans.factory.support.DefaultListableBeanFactory - Creating shared instance of singleton bean 'dbHealthContributor'
2025-08-01 19:23:59.081 [main] DEBUG org.springframework.beans.factory.support.DefaultListableBeanFactory - Creating shared instance of singleton bean 'org.springframework.boot.actuate.autoconfigure.jdbc.DataSourceHealthContributorAutoConfiguration'
2025-08-01 19:23:59.089 [main] DEBUG org.springframework.beans.factory.support.DefaultListableBeanFactory - Creating shared instance of singleton bean 'management.health.db-org.springframework.boot.actuate.autoconfigure.jdbc.DataSourceHealthIndicatorProperties'
2025-08-01 19:23:59.094 [main] DEBUG org.springframework.beans.factory.support.DefaultListableBeanFactory - Autowiring by type from bean name 'dbHealthContributor' via factory method to bean named 'org.springframework.beans.factory.support.DefaultListableBeanFactory@37ec2f46'
2025-08-01 19:23:59.094 [main] DEBUG org.springframework.beans.factory.support.DefaultListableBeanFactory - Autowiring by type from bean name 'dbHealthContributor' via factory method to bean named 'management.health.db-org.springframework.boot.actuate.autoconfigure.jdbc.DataSourceHealthIndicatorProperties'
2025-08-01 19:23:59.103 [main] DEBUG org.springframework.beans.factory.support.DefaultListableBeanFactory - Autowiring by type from bean name 'healthContributorRegistry' via factory method to bean named 'org.springframework.web.context.support.GenericWebApplicationContext@3a5800c5'
2025-08-01 19:23:59.104 [main] DEBUG org.springframework.beans.factory.support.DefaultListableBeanFactory - Autowiring by type from bean name 'healthContributorRegistry' via factory method to bean named 'healthEndpointGroups'
2025-08-01 19:23:59.104 [main] DEBUG org.springframework.beans.factory.support.DefaultListableBeanFactory - Autowiring by type from bean name 'healthContributorRegistry' via factory method to bean named 'sslHealthIndicator'
2025-08-01 19:23:59.105 [main] DEBUG org.springframework.beans.factory.support.DefaultListableBeanFactory - Autowiring by type from bean name 'healthContributorRegistry' via factory method to bean named 'diskSpaceHealthIndicator'
2025-08-01 19:23:59.105 [main] DEBUG org.springframework.beans.factory.support.DefaultListableBeanFactory - Autowiring by type from bean name 'healthContributorRegistry' via factory method to bean named 'pingHealthContributor'
2025-08-01 19:23:59.105 [main] DEBUG org.springframework.beans.factory.support.DefaultListableBeanFactory - Autowiring by type from bean name 'healthContributorRegistry' via factory method to bean named 'dbHealthContributor'
2025-08-01 19:23:59.115 [main] DEBUG org.springframework.beans.factory.support.DefaultListableBeanFactory - Autowiring by type from bean name 'healthEndpoint' via factory method to bean named 'healthContributorRegistry'
2025-08-01 19:23:59.115 [main] DEBUG org.springframework.beans.factory.support.DefaultListableBeanFactory - Autowiring by type from bean name 'healthEndpoint' via factory method to bean named 'healthEndpointGroups'
2025-08-01 19:23:59.116 [main] DEBUG org.springframework.beans.factory.support.DefaultListableBeanFactory - Autowiring by type from bean name 'healthEndpoint' via factory method to bean named 'management.endpoint.health-org.springframework.boot.actuate.autoconfigure.health.HealthEndpointProperties'
2025-08-01 19:23:59.125 [main] DEBUG org.springframework.beans.factory.support.DefaultListableBeanFactory - Creating shared instance of singleton bean 'healthEndpointWebExtension'
2025-08-01 19:23:59.125 [main] DEBUG org.springframework.beans.factory.support.DefaultListableBeanFactory - Creating shared instance of singleton bean 'org.springframework.boot.actuate.autoconfigure.health.HealthEndpointWebExtensionConfiguration'
2025-08-01 19:23:59.130 [main] DEBUG org.springframework.beans.factory.support.DefaultListableBeanFactory - Autowiring by type from bean name 'healthEndpointWebExtension' via factory method to bean named 'healthContributorRegistry'
2025-08-01 19:23:59.130 [main] DEBUG org.springframework.beans.factory.support.DefaultListableBeanFactory - Autowiring by type from bean name 'healthEndpointWebExtension' via factory method to bean named 'healthEndpointGroups'
2025-08-01 19:23:59.131 [main] DEBUG org.springframework.beans.factory.support.DefaultListableBeanFactory - Autowiring by type from bean name 'healthEndpointWebExtension' via factory method to bean named 'management.endpoint.health-org.springframework.boot.actuate.autoconfigure.health.HealthEndpointProperties'
2025-08-01 19:23:59.152 [main] DEBUG org.springframework.beans.factory.support.DefaultListableBeanFactory - Creating shared instance of singleton bean 'webEndpointServletHandlerMapping'
2025-08-01 19:23:59.153 [main] DEBUG org.springframework.beans.factory.support.DefaultListableBeanFactory - Creating shared instance of singleton bean 'org.springframework.boot.actuate.autoconfigure.endpoint.web.servlet.WebMvcEndpointManagementContextConfiguration'
2025-08-01 19:23:59.159 [main] DEBUG org.springframework.beans.factory.support.DefaultListableBeanFactory - Creating shared instance of singleton bean 'servletEndpointDiscoverer'
2025-08-01 19:23:59.160 [main] DEBUG org.springframework.beans.factory.support.DefaultListableBeanFactory - Creating shared instance of singleton bean 'org.springframework.boot.actuate.autoconfigure.endpoint.web.WebEndpointAutoConfiguration$WebEndpointServletConfiguration'
2025-08-01 19:23:59.163 [main] DEBUG org.springframework.beans.factory.support.DefaultListableBeanFactory - Autowiring by type from bean name 'servletEndpointDiscoverer' via factory method to bean named 'org.springframework.web.context.support.GenericWebApplicationContext@3a5800c5'
2025-08-01 19:23:59.164 [main] DEBUG org.springframework.beans.factory.support.DefaultListableBeanFactory - Creating shared instance of singleton bean 'servletExposeExcludePropertyEndpointFilter'
2025-08-01 19:23:59.165 [main] DEBUG org.springframework.beans.factory.support.DefaultListableBeanFactory - Creating shared instance of singleton bean 'org.springframework.boot.actuate.autoconfigure.endpoint.web.ServletEndpointManagementContextConfiguration'
2025-08-01 19:23:59.168 [main] DEBUG org.springframework.beans.factory.support.DefaultListableBeanFactory - Autowiring by type from bean name 'servletExposeExcludePropertyEndpointFilter' via factory method to bean named 'management.endpoints.web-org.springframework.boot.actuate.autoconfigure.endpoint.web.WebEndpointProperties'
2025-08-01 19:23:59.175 [main] DEBUG org.springframework.beans.factory.support.DefaultListableBeanFactory - Creating shared instance of singleton bean 'controllerEndpointDiscoverer'
2025-08-01 19:23:59.176 [main] DEBUG org.springframework.beans.factory.support.DefaultListableBeanFactory - Creating shared instance of singleton bean 'controllerExposeExcludePropertyEndpointFilter'
2025-08-01 19:23:59.184 [main] DEBUG org.springframework.beans.factory.support.DefaultListableBeanFactory - Creating shared instance of singleton bean 'management.endpoints.web.cors-org.springframework.boot.actuate.autoconfigure.endpoint.web.CorsEndpointProperties'
2025-08-01 19:23:59.192 [main] DEBUG org.springframework.beans.factory.support.DefaultListableBeanFactory - Autowiring by type from bean name 'webEndpointServletHandlerMapping' via factory method to bean named 'webEndpointDiscoverer'
2025-08-01 19:23:59.192 [main] DEBUG org.springframework.beans.factory.support.DefaultListableBeanFactory - Autowiring by type from bean name 'webEndpointServletHandlerMapping' via factory method to bean named 'servletEndpointDiscoverer'
2025-08-01 19:23:59.193 [main] DEBUG org.springframework.beans.factory.support.DefaultListableBeanFactory - Autowiring by type from bean name 'webEndpointServletHandlerMapping' via factory method to bean named 'controllerEndpointDiscoverer'
2025-08-01 19:23:59.193 [main] DEBUG org.springframework.beans.factory.support.DefaultListableBeanFactory - Autowiring by type from bean name 'webEndpointServletHandlerMapping' via factory method to bean named 'endpointMediaTypes'
2025-08-01 19:23:59.193 [main] DEBUG org.springframework.beans.factory.support.DefaultListableBeanFactory - Autowiring by type from bean name 'webEndpointServletHandlerMapping' via factory method to bean named 'management.endpoints.web.cors-org.springframework.boot.actuate.autoconfigure.endpoint.web.CorsEndpointProperties'
2025-08-01 19:23:59.194 [main] DEBUG org.springframework.beans.factory.support.DefaultListableBeanFactory - Autowiring by type from bean name 'webEndpointServletHandlerMapping' via factory method to bean named 'management.endpoints.web-org.springframework.boot.actuate.autoconfigure.endpoint.web.WebEndpointProperties'
2025-08-01 19:23:59.194 [main] DEBUG org.springframework.beans.factory.support.DefaultListableBeanFactory - Autowiring by type from bean name 'webEndpointServletHandlerMapping' via factory method to bean named 'environment'
2025-08-01 19:23:59.212 [main] INFO  org.springframework.boot.actuate.endpoint.web.EndpointLinksResolver - Exposing 1 endpoint beneath base path '/actuator'
2025-08-01 19:23:59.224 [main] DEBUG org.springframework.beans.factory.support.DefaultListableBeanFactory - Creating shared instance of singleton bean 'controllerEndpointHandlerMapping'
2025-08-01 19:23:59.225 [main] DEBUG org.springframework.beans.factory.support.DefaultListableBeanFactory - Autowiring by type from bean name 'controllerEndpointHandlerMapping' via factory method to bean named 'controllerEndpointDiscoverer'
2025-08-01 19:23:59.225 [main] DEBUG org.springframework.beans.factory.support.DefaultListableBeanFactory - Autowiring by type from bean name 'controllerEndpointHandlerMapping' via factory method to bean named 'management.endpoints.web.cors-org.springframework.boot.actuate.autoconfigure.endpoint.web.CorsEndpointProperties'
2025-08-01 19:23:59.226 [main] DEBUG org.springframework.beans.factory.support.DefaultListableBeanFactory - Autowiring by type from bean name 'controllerEndpointHandlerMapping' via factory method to bean named 'management.endpoints.web-org.springframework.boot.actuate.autoconfigure.endpoint.web.WebEndpointProperties'
2025-08-01 19:23:59.226 [main] DEBUG org.springframework.beans.factory.support.DefaultListableBeanFactory - Autowiring by type from bean name 'controllerEndpointHandlerMapping' via factory method to bean named 'propertiesEndpointAccessResolver'
2025-08-01 19:23:59.290 [main] DEBUG org.springframework.beans.factory.support.DefaultListableBeanFactory - Creating shared instance of singleton bean 'authenticationManagerPostProcessor'
2025-08-01 19:23:59.342 [main] DEBUG org.springframework.security.web.DefaultSecurityFilterChain - Will secure any request with filters: DisableEncodeUrlFilter, WebAsyncManagerIntegrationFilter, SecurityContextHolderFilter, HeaderWriterFilter, CorsFilter, LogoutFilter, JwtAuthenticationFilter, RequestCacheAwareFilter, SecurityContextHolderAwareRequestFilter, AnonymousAuthenticationFilter, SessionManagementFilter, ExceptionTranslationFilter, AuthorizationFilter
2025-08-01 19:23:59.346 [main] DEBUG org.springframework.beans.factory.support.DefaultListableBeanFactory - Creating shared instance of singleton bean 'org.springframework.boot.autoconfigure.context.PropertyPlaceholderAutoConfiguration'
2025-08-01 19:23:59.350 [main] DEBUG org.springframework.beans.factory.support.DefaultListableBeanFactory - Creating shared instance of singleton bean 'org.springframework.boot.autoconfigure.websocket.servlet.WebSocketServletAutoConfiguration$TomcatWebSocketConfiguration'
2025-08-01 19:23:59.353 [main] DEBUG org.springframework.beans.factory.support.DefaultListableBeanFactory - Creating shared instance of singleton bean 'websocketServletWebServerCustomizer'
2025-08-01 19:23:59.356 [main] DEBUG org.springframework.beans.factory.support.DefaultListableBeanFactory - Creating shared instance of singleton bean 'org.springframework.boot.autoconfigure.websocket.servlet.WebSocketServletAutoConfiguration'
2025-08-01 19:23:59.360 [main] DEBUG org.springframework.beans.factory.support.DefaultListableBeanFactory - Creating shared instance of singleton bean 'org.springframework.boot.autoconfigure.web.servlet.ServletWebServerFactoryAutoConfiguration$ForwardedHeaderFilterConfiguration'
2025-08-01 19:23:59.364 [main] DEBUG org.springframework.beans.factory.support.DefaultListableBeanFactory - Creating shared instance of singleton bean 'tomcatForwardedHeaderFilterCustomizer'
2025-08-01 19:23:59.365 [main] DEBUG org.springframework.beans.factory.support.DefaultListableBeanFactory - Creating shared instance of singleton bean 'server-org.springframework.boot.autoconfigure.web.ServerProperties'
2025-08-01 19:23:59.375 [main] DEBUG org.springframework.beans.factory.support.DefaultListableBeanFactory - Autowiring by type from bean name 'tomcatForwardedHeaderFilterCustomizer' via factory method to bean named 'server-org.springframework.boot.autoconfigure.web.ServerProperties'
2025-08-01 19:23:59.387 [main] DEBUG org.springframework.beans.factory.support.DefaultListableBeanFactory - Creating shared instance of singleton bean 'forwardedHeaderFilter'
2025-08-01 19:23:59.403 [main] DEBUG org.springframework.beans.factory.support.DefaultListableBeanFactory - Creating shared instance of singleton bean 'org.springframework.boot.autoconfigure.web.servlet.ServletWebServerFactoryConfiguration$EmbeddedTomcat'
2025-08-01 19:23:59.407 [main] DEBUG org.springframework.beans.factory.support.DefaultListableBeanFactory - Creating shared instance of singleton bean 'tomcatServletWebServerFactory'
2025-08-01 19:23:59.412 [main] DEBUG org.springframework.beans.factory.support.DefaultListableBeanFactory - Creating shared instance of singleton bean 'servletWebServerFactoryCustomizer'
2025-08-01 19:23:59.413 [main] DEBUG org.springframework.beans.factory.support.DefaultListableBeanFactory - Creating shared instance of singleton bean 'org.springframework.boot.autoconfigure.web.servlet.ServletWebServerFactoryAutoConfiguration'
2025-08-01 19:23:59.417 [main] DEBUG org.springframework.beans.factory.support.DefaultListableBeanFactory - Autowiring by type from bean name 'servletWebServerFactoryCustomizer' via factory method to bean named 'server-org.springframework.boot.autoconfigure.web.ServerProperties'
2025-08-01 19:23:59.422 [main] DEBUG org.springframework.beans.factory.support.DefaultListableBeanFactory - Creating shared instance of singleton bean 'tomcatServletWebServerFactoryCustomizer'
2025-08-01 19:23:59.423 [main] DEBUG org.springframework.beans.factory.support.DefaultListableBeanFactory - Autowiring by type from bean name 'tomcatServletWebServerFactoryCustomizer' via factory method to bean named 'server-org.springframework.boot.autoconfigure.web.ServerProperties'
2025-08-01 19:23:59.427 [main] DEBUG org.springframework.beans.factory.support.DefaultListableBeanFactory - Creating shared instance of singleton bean 'localeCharsetMappingsCustomizer'
2025-08-01 19:23:59.428 [main] DEBUG org.springframework.beans.factory.support.DefaultListableBeanFactory - Creating shared instance of singleton bean 'org.springframework.boot.autoconfigure.web.servlet.HttpEncodingAutoConfiguration'
2025-08-01 19:23:59.429 [main] DEBUG org.springframework.beans.factory.support.DefaultListableBeanFactory - Autowiring by type from bean name 'org.springframework.boot.autoconfigure.web.servlet.HttpEncodingAutoConfiguration' via constructor to bean named 'server-org.springframework.boot.autoconfigure.web.ServerProperties'
2025-08-01 19:23:59.438 [main] DEBUG org.springframework.beans.factory.support.DefaultListableBeanFactory - Creating shared instance of singleton bean 'errorPageCustomizer'
2025-08-01 19:23:59.439 [main] DEBUG org.springframework.beans.factory.support.DefaultListableBeanFactory - Creating shared instance of singleton bean 'org.springframework.boot.autoconfigure.web.servlet.error.ErrorMvcAutoConfiguration'
2025-08-01 19:23:59.440 [main] DEBUG org.springframework.beans.factory.support.DefaultListableBeanFactory - Autowiring by type from bean name 'org.springframework.boot.autoconfigure.web.servlet.error.ErrorMvcAutoConfiguration' via constructor to bean named 'server-org.springframework.boot.autoconfigure.web.ServerProperties'
2025-08-01 19:23:59.445 [main] DEBUG org.springframework.beans.factory.support.DefaultListableBeanFactory - Creating shared instance of singleton bean 'dispatcherServletRegistration'
2025-08-01 19:23:59.445 [main] DEBUG org.springframework.beans.factory.support.DefaultListableBeanFactory - Creating shared instance of singleton bean 'org.springframework.boot.autoconfigure.web.servlet.DispatcherServletAutoConfiguration$DispatcherServletRegistrationConfiguration'
2025-08-01 19:23:59.450 [main] DEBUG org.springframework.beans.factory.support.DefaultListableBeanFactory - Creating shared instance of singleton bean 'dispatcherServlet'
2025-08-01 19:23:59.451 [main] DEBUG org.springframework.beans.factory.support.DefaultListableBeanFactory - Creating shared instance of singleton bean 'org.springframework.boot.autoconfigure.web.servlet.DispatcherServletAutoConfiguration$DispatcherServletConfiguration'
2025-08-01 19:23:59.455 [main] DEBUG org.springframework.beans.factory.support.DefaultListableBeanFactory - Autowiring by type from bean name 'dispatcherServlet' via factory method to bean named 'spring.mvc-org.springframework.boot.autoconfigure.web.servlet.WebMvcProperties'
2025-08-01 19:23:59.484 [main] DEBUG org.springframework.beans.factory.support.DefaultListableBeanFactory - Autowiring by type from bean name 'dispatcherServletRegistration' via factory method to bean named 'dispatcherServlet'
2025-08-01 19:23:59.484 [main] DEBUG org.springframework.beans.factory.support.DefaultListableBeanFactory - Autowiring by type from bean name 'dispatcherServletRegistration' via factory method to bean named 'spring.mvc-org.springframework.boot.autoconfigure.web.servlet.WebMvcProperties'
2025-08-01 19:23:59.486 [main] DEBUG org.springframework.beans.factory.support.DefaultListableBeanFactory - Creating shared instance of singleton bean 'multipartConfigElement'
2025-08-01 19:23:59.486 [main] DEBUG org.springframework.beans.factory.support.DefaultListableBeanFactory - Creating shared instance of singleton bean 'org.springframework.boot.autoconfigure.web.servlet.MultipartAutoConfiguration'
2025-08-01 19:23:59.488 [main] DEBUG org.springframework.beans.factory.support.DefaultListableBeanFactory - Creating shared instance of singleton bean 'spring.servlet.multipart-org.springframework.boot.autoconfigure.web.servlet.MultipartProperties'
2025-08-01 19:23:59.493 [main] DEBUG org.springframework.beans.factory.support.DefaultListableBeanFactory - Autowiring by type from bean name 'org.springframework.boot.autoconfigure.web.servlet.MultipartAutoConfiguration' via constructor to bean named 'spring.servlet.multipart-org.springframework.boot.autoconfigure.web.servlet.MultipartProperties'
2025-08-01 19:23:59.506 [main] DEBUG org.springframework.beans.factory.support.DefaultListableBeanFactory - Autowiring by type from bean name 'errorPageCustomizer' via factory method to bean named 'dispatcherServletRegistration'
2025-08-01 19:23:59.528 [main] DEBUG org.springframework.beans.factory.support.DefaultListableBeanFactory - Creating shared instance of singleton bean 'org.springframework.boot.autoconfigure.web.servlet.DispatcherServletAutoConfiguration'
2025-08-01 19:23:59.532 [main] DEBUG org.springframework.beans.factory.support.DefaultListableBeanFactory - Creating shared instance of singleton bean 'org.springframework.boot.autoconfigure.http.codec.CodecsAutoConfiguration$DefaultCodecsConfiguration'
2025-08-01 19:23:59.536 [main] DEBUG org.springframework.beans.factory.support.DefaultListableBeanFactory - Creating shared instance of singleton bean 'defaultCodecCustomizer'
2025-08-01 19:23:59.538 [main] DEBUG org.springframework.beans.factory.support.DefaultListableBeanFactory - Creating shared instance of singleton bean 'spring.codec-org.springframework.boot.autoconfigure.codec.CodecProperties'
2025-08-01 19:23:59.542 [main] DEBUG org.springframework.beans.factory.support.DefaultListableBeanFactory - Autowiring by type from bean name 'defaultCodecCustomizer' via factory method to bean named 'spring.codec-org.springframework.boot.autoconfigure.codec.CodecProperties'
2025-08-01 19:23:59.552 [main] DEBUG org.springframework.beans.factory.support.DefaultListableBeanFactory - Creating shared instance of singleton bean 'org.springframework.boot.autoconfigure.http.codec.CodecsAutoConfiguration$JacksonCodecConfiguration'
2025-08-01 19:23:59.555 [main] DEBUG org.springframework.beans.factory.support.DefaultListableBeanFactory - Creating shared instance of singleton bean 'jacksonCodecCustomizer'
2025-08-01 19:23:59.555 [main] DEBUG org.springframework.beans.factory.support.DefaultListableBeanFactory - Autowiring by type from bean name 'jacksonCodecCustomizer' via factory method to bean named 'jacksonObjectMapper'
2025-08-01 19:23:59.565 [main] DEBUG org.springframework.beans.factory.support.DefaultListableBeanFactory - Creating shared instance of singleton bean 'org.springframework.boot.autoconfigure.http.codec.CodecsAutoConfiguration'
2025-08-01 19:23:59.569 [main] DEBUG org.springframework.beans.factory.support.DefaultListableBeanFactory - Creating shared instance of singleton bean 'org.springframework.boot.autoconfigure.validation.ValidationAutoConfiguration'
2025-08-01 19:23:59.573 [main] DEBUG org.springframework.beans.factory.support.DefaultListableBeanFactory - Creating shared instance of singleton bean 'defaultValidator'
2025-08-01 19:23:59.573 [main] DEBUG org.springframework.beans.factory.support.DefaultListableBeanFactory - Autowiring by type from bean name 'defaultValidator' via factory method to bean named 'org.springframework.web.context.support.GenericWebApplicationContext@3a5800c5'
2025-08-01 19:23:59.574 [main] DEBUG org.hibernate.validator.messageinterpolation.ResourceBundleMessageInterpolator - Loaded expression factory via original TCCL
2025-08-01 19:23:59.576 [main] DEBUG org.hibernate.validator.internal.engine.AbstractConfigurationImpl - Setting custom MessageInterpolator of type org.springframework.validation.beanvalidation.LocaleContextMessageInterpolator
2025-08-01 19:23:59.576 [main] DEBUG org.hibernate.validator.internal.engine.AbstractConfigurationImpl - Setting custom ConstraintValidatorFactory of type org.springframework.validation.beanvalidation.SpringConstraintValidatorFactory
2025-08-01 19:23:59.580 [main] DEBUG org.hibernate.validator.internal.xml.config.ValidationXmlParser - Trying to load META-INF/validation.xml for XML based Validator configuration.
2025-08-01 19:23:59.581 [main] DEBUG org.hibernate.validator.internal.xml.config.ResourceLoaderHelper - Trying to load META-INF/validation.xml via user class loader
2025-08-01 19:23:59.584 [main] DEBUG org.hibernate.validator.internal.xml.config.ResourceLoaderHelper - Trying to load META-INF/validation.xml via TCCL
2025-08-01 19:23:59.587 [main] DEBUG org.hibernate.validator.internal.xml.config.ResourceLoaderHelper - Trying to load META-INF/validation.xml via Hibernate Validator's class loader
2025-08-01 19:23:59.589 [main] DEBUG org.hibernate.validator.internal.xml.config.ValidationXmlParser - No META-INF/validation.xml found. Using annotation based configuration only.
2025-08-01 19:23:59.590 [main] DEBUG org.hibernate.validator.internal.engine.resolver.TraversableResolvers - Found jakarta.persistence.Persistence on classpath containing 'getPersistenceUtil'. Assuming JPA 2 environment. Trying to instantiate JPA aware TraversableResolver
2025-08-01 19:23:59.590 [main] DEBUG org.hibernate.validator.internal.engine.resolver.TraversableResolvers - Instantiated JPA aware TraversableResolver of type org.hibernate.validator.internal.engine.resolver.JPATraversableResolver.
2025-08-01 19:23:59.596 [main] DEBUG org.hibernate.validator.internal.engine.ValidatorFactoryConfigurationHelper - HV000252: Using org.hibernate.validator.internal.engine.DefaultPropertyNodeNameProvider as property node name provider.
2025-08-01 19:23:59.599 [main] DEBUG org.hibernate.validator.internal.engine.ValidatorFactoryConfigurationHelper - HV000234: Using org.springframework.validation.beanvalidation.LocaleContextMessageInterpolator as ValidatorFactory-scoped message interpolator.
2025-08-01 19:23:59.600 [main] DEBUG org.hibernate.validator.internal.engine.ValidatorFactoryConfigurationHelper - HV000234: Using org.hibernate.validator.internal.engine.resolver.JPATraversableResolver as ValidatorFactory-scoped traversable resolver.
2025-08-01 19:23:59.600 [main] DEBUG org.hibernate.validator.internal.engine.ValidatorFactoryConfigurationHelper - HV000234: Using org.hibernate.validator.internal.util.ExecutableParameterNameProvider as ValidatorFactory-scoped parameter name provider.
2025-08-01 19:23:59.601 [main] DEBUG org.hibernate.validator.internal.engine.ValidatorFactoryConfigurationHelper - HV000234: Using org.hibernate.validator.internal.engine.DefaultClockProvider as ValidatorFactory-scoped clock provider.
2025-08-01 19:23:59.601 [main] DEBUG org.hibernate.validator.internal.engine.ValidatorFactoryConfigurationHelper - HV000234: Using org.hibernate.validator.internal.engine.scripting.DefaultScriptEvaluatorFactory as ValidatorFactory-scoped script evaluator factory.
2025-08-01 19:23:59.613 [main] DEBUG org.springframework.beans.factory.support.DefaultListableBeanFactory - Creating shared instance of singleton bean 'org.springframework.boot.autoconfigure.task.TaskExecutorConfigurations$ThreadPoolTaskExecutorBuilderConfiguration'
2025-08-01 19:23:59.617 [main] DEBUG org.springframework.beans.factory.support.DefaultListableBeanFactory - Creating shared instance of singleton bean 'threadPoolTaskExecutorBuilder'
2025-08-01 19:23:59.619 [main] DEBUG org.springframework.beans.factory.support.DefaultListableBeanFactory - Creating shared instance of singleton bean 'spring.task.execution-org.springframework.boot.autoconfigure.task.TaskExecutionProperties'
2025-08-01 19:23:59.623 [main] DEBUG org.springframework.beans.factory.support.DefaultListableBeanFactory - Autowiring by type from bean name 'threadPoolTaskExecutorBuilder' via factory method to bean named 'spring.task.execution-org.springframework.boot.autoconfigure.task.TaskExecutionProperties'
2025-08-01 19:23:59.630 [main] DEBUG org.springframework.beans.factory.support.DefaultListableBeanFactory - Creating shared instance of singleton bean 'org.springframework.boot.autoconfigure.task.TaskExecutorConfigurations$SimpleAsyncTaskExecutorBuilderConfiguration'
2025-08-01 19:23:59.631 [main] DEBUG org.springframework.beans.factory.support.DefaultListableBeanFactory - Autowiring by type from bean name 'org.springframework.boot.autoconfigure.task.TaskExecutorConfigurations$SimpleAsyncTaskExecutorBuilderConfiguration' via constructor to bean named 'spring.task.execution-org.springframework.boot.autoconfigure.task.TaskExecutionProperties'
2025-08-01 19:23:59.634 [main] DEBUG org.springframework.beans.factory.support.DefaultListableBeanFactory - Creating shared instance of singleton bean 'simpleAsyncTaskExecutorBuilder'
2025-08-01 19:23:59.641 [main] DEBUG org.springframework.beans.factory.support.DefaultListableBeanFactory - Creating shared instance of singleton bean 'org.springframework.boot.autoconfigure.task.TaskExecutorConfigurations$TaskExecutorConfiguration'
2025-08-01 19:23:59.645 [main] DEBUG org.springframework.beans.factory.support.DefaultListableBeanFactory - Creating shared instance of singleton bean 'org.springframework.boot.autoconfigure.task.TaskExecutionAutoConfiguration'
2025-08-01 19:23:59.649 [main] DEBUG org.springframework.beans.factory.support.DefaultListableBeanFactory - Creating shared instance of singleton bean 'org.springframework.boot.autoconfigure.web.servlet.error.ErrorMvcAutoConfiguration$WhitelabelErrorViewConfiguration'
2025-08-01 19:23:59.653 [main] DEBUG org.springframework.beans.factory.support.DefaultListableBeanFactory - Creating shared instance of singleton bean 'error'
2025-08-01 19:23:59.657 [main] DEBUG org.springframework.beans.factory.support.DefaultListableBeanFactory - Creating shared instance of singleton bean 'beanNameViewResolver'
2025-08-01 19:23:59.662 [main] DEBUG org.springframework.beans.factory.support.DefaultListableBeanFactory - Creating shared instance of singleton bean 'org.springframework.boot.autoconfigure.web.servlet.error.ErrorMvcAutoConfiguration$DefaultErrorViewResolverConfiguration'
2025-08-01 19:23:59.663 [main] DEBUG org.springframework.beans.factory.support.DefaultListableBeanFactory - Autowiring by type from bean name 'org.springframework.boot.autoconfigure.web.servlet.error.ErrorMvcAutoConfiguration$DefaultErrorViewResolverConfiguration' via constructor to bean named 'org.springframework.web.context.support.GenericWebApplicationContext@3a5800c5'
2025-08-01 19:23:59.664 [main] DEBUG org.springframework.beans.factory.support.DefaultListableBeanFactory - Autowiring by type from bean name 'org.springframework.boot.autoconfigure.web.servlet.error.ErrorMvcAutoConfiguration$DefaultErrorViewResolverConfiguration' via constructor to bean named 'spring.web-org.springframework.boot.autoconfigure.web.WebProperties'
2025-08-01 19:23:59.668 [main] DEBUG org.springframework.beans.factory.support.DefaultListableBeanFactory - Creating shared instance of singleton bean 'conventionErrorViewResolver'
2025-08-01 19:23:59.673 [main] DEBUG org.springframework.beans.factory.support.DefaultListableBeanFactory - Creating shared instance of singleton bean 'errorAttributes'
2025-08-01 19:23:59.678 [main] DEBUG org.springframework.beans.factory.support.DefaultListableBeanFactory - Creating shared instance of singleton bean 'basicErrorController'
2025-08-01 19:23:59.679 [main] DEBUG org.springframework.beans.factory.support.DefaultListableBeanFactory - Autowiring by type from bean name 'basicErrorController' via factory method to bean named 'errorAttributes'
2025-08-01 19:23:59.688 [main] DEBUG org.springframework.beans.factory.support.DefaultListableBeanFactory - Creating shared instance of singleton bean 'localeResolver'
2025-08-01 19:23:59.695 [main] DEBUG org.springframework.beans.factory.support.DefaultListableBeanFactory - Creating shared instance of singleton bean 'themeResolver'
2025-08-01 19:23:59.702 [main] DEBUG org.springframework.beans.factory.support.DefaultListableBeanFactory - Creating shared instance of singleton bean 'flashMapManager'
2025-08-01 19:23:59.709 [main] DEBUG org.springframework.beans.factory.support.DefaultListableBeanFactory - Creating shared instance of singleton bean 'viewNameTranslator'
2025-08-01 19:23:59.714 [main] DEBUG org.springframework.beans.factory.support.DefaultListableBeanFactory - Creating shared instance of singleton bean 'mvcValidator'
2025-08-01 19:23:59.722 [main] DEBUG org.springframework.beans.factory.support.DefaultListableBeanFactory - Creating shared instance of singleton bean 'mvcPatternParser'
2025-08-01 19:23:59.726 [main] DEBUG org.springframework.beans.factory.support.DefaultListableBeanFactory - Creating shared instance of singleton bean 'mvcUrlPathHelper'
2025-08-01 19:23:59.732 [main] DEBUG org.springframework.beans.factory.support.DefaultListableBeanFactory - Creating shared instance of singleton bean 'mvcPathMatcher'
2025-08-01 19:23:59.738 [main] DEBUG org.springframework.beans.factory.support.DefaultListableBeanFactory - Creating shared instance of singleton bean 'requestMappingHandlerAdapter'
2025-08-01 19:23:59.740 [main] DEBUG org.springframework.beans.factory.support.DefaultListableBeanFactory - Autowiring by type from bean name 'requestMappingHandlerAdapter' via factory method to bean named 'mvcContentNegotiationManager'
2025-08-01 19:23:59.741 [main] DEBUG org.springframework.beans.factory.support.DefaultListableBeanFactory - Autowiring by type from bean name 'requestMappingHandlerAdapter' via factory method to bean named 'mvcConversionService'
2025-08-01 19:23:59.741 [main] DEBUG org.springframework.beans.factory.support.DefaultListableBeanFactory - Autowiring by type from bean name 'requestMappingHandlerAdapter' via factory method to bean named 'mvcValidator'
2025-08-01 19:23:59.744 [main] DEBUG org.springframework.beans.factory.support.DefaultListableBeanFactory - Creating shared instance of singleton bean 'sortResolver'
2025-08-01 19:23:59.746 [main] DEBUG org.springframework.beans.factory.support.DefaultListableBeanFactory - Creating shared instance of singleton bean 'sortCustomizer'
2025-08-01 19:23:59.767 [main] DEBUG org.springframework.beans.factory.support.DefaultListableBeanFactory - Creating shared instance of singleton bean 'pageableResolver'
2025-08-01 19:23:59.769 [main] DEBUG org.springframework.beans.factory.support.DefaultListableBeanFactory - Creating shared instance of singleton bean 'pageableCustomizer'
2025-08-01 19:23:59.790 [main] DEBUG org.springframework.beans.factory.support.DefaultListableBeanFactory - Creating shared instance of singleton bean 'applicationTaskExecutor'
2025-08-01 19:23:59.791 [main] DEBUG org.springframework.beans.factory.support.DefaultListableBeanFactory - Autowiring by type from bean name 'applicationTaskExecutor' via factory method to bean named 'threadPoolTaskExecutorBuilder'
2025-08-01 19:23:59.793 [main] DEBUG org.springframework.scheduling.concurrent.ThreadPoolTaskExecutor - Initializing ExecutorService 'applicationTaskExecutor'
2025-08-01 19:23:59.819 [main] DEBUG org.springframework.beans.factory.support.DefaultListableBeanFactory - Creating shared instance of singleton bean 'org.springdoc.core.configuration.SpringDocConfiguration$OpenApiResourceAdvice'
2025-08-01 19:23:59.821 [main] DEBUG org.springframework.beans.factory.support.DefaultListableBeanFactory - Autowiring by type from bean name 'org.springdoc.core.configuration.SpringDocConfiguration$OpenApiResourceAdvice' via constructor to bean named 'org.springdoc.core.configuration.SpringDocConfiguration'
2025-08-01 19:23:59.825 [main] DEBUG org.springframework.web.servlet.mvc.method.annotation.RequestMappingHandlerAdapter - ControllerAdvice beans: 0 @ModelAttribute, 0 @InitBinder, 1 RequestBodyAdvice, 1 ResponseBodyAdvice
2025-08-01 19:23:59.827 [main] DEBUG org.springframework.beans.factory.support.DefaultListableBeanFactory - Creating shared instance of singleton bean 'mvcViewResolver'
2025-08-01 19:23:59.828 [main] DEBUG org.springframework.beans.factory.support.DefaultListableBeanFactory - Autowiring by type from bean name 'mvcViewResolver' via factory method to bean named 'mvcContentNegotiationManager'
2025-08-01 19:23:59.834 [main] DEBUG org.springframework.beans.factory.support.DefaultListableBeanFactory - Creating shared instance of singleton bean 'defaultViewResolver'
2025-08-01 19:23:59.847 [main] DEBUG org.springframework.beans.factory.support.DefaultListableBeanFactory - Creating shared instance of singleton bean 'viewResolver'
2025-08-01 19:23:59.848 [main] DEBUG org.springframework.beans.factory.support.DefaultListableBeanFactory - Autowiring by type from bean name 'viewResolver' via factory method to bean named 'org.springframework.beans.factory.support.DefaultListableBeanFactory@37ec2f46'
2025-08-01 19:23:59.851 [main] DEBUG org.springframework.beans.factory.support.DefaultListableBeanFactory - Creating shared instance of singleton bean 'viewResolver'
2025-08-01 19:23:59.868 [main] DEBUG org.springframework.beans.factory.support.DefaultListableBeanFactory - Creating shared instance of singleton bean 'handlerFunctionAdapter'
2025-08-01 19:23:59.871 [main] DEBUG org.springframework.beans.factory.support.DefaultListableBeanFactory - Creating shared instance of singleton bean 'mvcUriComponentsContributor'
2025-08-01 19:23:59.872 [main] DEBUG org.springframework.beans.factory.support.DefaultListableBeanFactory - Autowiring by type from bean name 'mvcUriComponentsContributor' via factory method to bean named 'mvcConversionService'
2025-08-01 19:23:59.872 [main] DEBUG org.springframework.beans.factory.support.DefaultListableBeanFactory - Autowiring by type from bean name 'mvcUriComponentsContributor' via factory method to bean named 'requestMappingHandlerAdapter'
2025-08-01 19:23:59.875 [main] DEBUG org.springframework.beans.factory.support.DefaultListableBeanFactory - Creating shared instance of singleton bean 'httpRequestHandlerAdapter'
2025-08-01 19:23:59.878 [main] DEBUG org.springframework.beans.factory.support.DefaultListableBeanFactory - Creating shared instance of singleton bean 'simpleControllerHandlerAdapter'
2025-08-01 19:23:59.881 [main] DEBUG org.springframework.beans.factory.support.DefaultListableBeanFactory - Creating shared instance of singleton bean 'handlerExceptionResolver'
2025-08-01 19:23:59.882 [main] DEBUG org.springframework.beans.factory.support.DefaultListableBeanFactory - Autowiring by type from bean name 'handlerExceptionResolver' via factory method to bean named 'mvcContentNegotiationManager'
2025-08-01 19:23:59.888 [main] DEBUG org.springframework.web.servlet.mvc.method.annotation.ExceptionHandlerExceptionResolver - ControllerAdvice beans: 2 @ExceptionHandler, 1 ResponseBodyAdvice
2025-08-01 19:23:59.892 [main] DEBUG org.springframework.beans.factory.support.DefaultListableBeanFactory - Creating shared instance of singleton bean 'requestContextFilter'
2025-08-01 19:23:59.900 [main] DEBUG org.springframework.beans.factory.support.DefaultListableBeanFactory - Creating shared instance of singleton bean 'org.springframework.boot.autoconfigure.web.servlet.WebMvcAutoConfiguration'
2025-08-01 19:23:59.903 [main] DEBUG org.springframework.beans.factory.support.DefaultListableBeanFactory - Creating shared instance of singleton bean 'formContentFilter'
2025-08-01 19:23:59.912 [main] DEBUG org.springframework.beans.factory.support.DefaultListableBeanFactory - Creating shared instance of singleton bean 'org.springdoc.core.configuration.SpringDocConfiguration$QuerydslProvider'
2025-08-01 19:23:59.916 [main] DEBUG org.springframework.beans.factory.support.DefaultListableBeanFactory - Creating shared instance of singleton bean 'queryDslQuerydslPredicateOperationCustomizer'
2025-08-01 19:23:59.918 [main] DEBUG org.springframework.beans.factory.support.DefaultListableBeanFactory - Autowiring by type from bean name 'queryDslQuerydslPredicateOperationCustomizer' via factory method to bean named 'org.springdoc.core.properties.SpringDocConfigProperties'
2025-08-01 19:23:59.918 [main] DEBUG org.springframework.beans.factory.support.DefaultListableBeanFactory - Creating shared instance of singleton bean 'org.springdoc.core.configuration.SpringDocConfiguration$SpringDocWebFluxSupportConfiguration'
2025-08-01 19:23:59.922 [main] DEBUG org.springframework.beans.factory.support.DefaultListableBeanFactory - Creating shared instance of singleton bean 'webFluxSupportConverter'
2025-08-01 19:23:59.923 [main] DEBUG org.springframework.beans.factory.support.DefaultListableBeanFactory - Autowiring by type from bean name 'webFluxSupportConverter' via factory method to bean named 'springdocObjectMapperProvider'
2025-08-01 19:23:59.928 [main] DEBUG org.springframework.beans.factory.support.DefaultListableBeanFactory - Creating shared instance of singleton bean 'org.springdoc.core.configuration.SpringDocConfiguration$SpringDocSpringDataWebPropertiesProvider'
2025-08-01 19:23:59.932 [main] DEBUG org.springframework.beans.factory.support.DefaultListableBeanFactory - Creating shared instance of singleton bean 'springDataWebPropertiesProvider'
2025-08-01 19:23:59.936 [main] DEBUG org.springframework.beans.factory.support.DefaultListableBeanFactory - Creating shared instance of singleton bean 'org.springdoc.core.configuration.SpringDocConfiguration$WebConversionServiceConfiguration'
2025-08-01 19:23:59.940 [main] DEBUG org.springframework.beans.factory.support.DefaultListableBeanFactory - Creating shared instance of singleton bean 'webConversionServiceProvider'
2025-08-01 19:23:59.944 [main] DEBUG org.springframework.beans.factory.support.DefaultListableBeanFactory - Creating shared instance of singleton bean 'initExtraSchemas'
2025-08-01 19:23:59.945 [main] DEBUG org.springframework.beans.factory.support.DefaultListableBeanFactory - Creating shared instance of singleton bean 'localSpringDocParameterNameDiscoverer'
2025-08-01 19:23:59.953 [main] DEBUG org.springframework.beans.factory.support.DefaultListableBeanFactory - Creating shared instance of singleton bean 'additionalModelsConverter'
2025-08-01 19:23:59.954 [main] DEBUG org.springframework.beans.factory.support.DefaultListableBeanFactory - Autowiring by type from bean name 'additionalModelsConverter' via factory method to bean named 'springdocObjectMapperProvider'
2025-08-01 19:23:59.958 [main] DEBUG org.springframework.beans.factory.support.DefaultListableBeanFactory - Creating shared instance of singleton bean 'fileSupportConverter'
2025-08-01 19:23:59.958 [main] DEBUG org.springframework.beans.factory.support.DefaultListableBeanFactory - Autowiring by type from bean name 'fileSupportConverter' via factory method to bean named 'springdocObjectMapperProvider'
2025-08-01 19:23:59.961 [main] DEBUG org.springframework.beans.factory.support.DefaultListableBeanFactory - Creating shared instance of singleton bean 'responseSupportConverter'
2025-08-01 19:23:59.962 [main] DEBUG org.springframework.beans.factory.support.DefaultListableBeanFactory - Autowiring by type from bean name 'responseSupportConverter' via factory method to bean named 'springdocObjectMapperProvider'
2025-08-01 19:23:59.966 [main] DEBUG org.springframework.beans.factory.support.DefaultListableBeanFactory - Creating shared instance of singleton bean 'schemaPropertyDeprecatingConverter'
2025-08-01 19:23:59.971 [main] DEBUG org.springframework.beans.factory.support.DefaultListableBeanFactory - Creating shared instance of singleton bean 'polymorphicModelConverter'
2025-08-01 19:23:59.972 [main] DEBUG org.springframework.beans.factory.support.DefaultListableBeanFactory - Autowiring by type from bean name 'polymorphicModelConverter' via factory method to bean named 'springdocObjectMapperProvider'
2025-08-01 19:23:59.979 [main] DEBUG org.springframework.beans.factory.support.DefaultListableBeanFactory - Creating shared instance of singleton bean 'openAPIBuilder'
2025-08-01 19:23:59.982 [main] DEBUG org.springframework.beans.factory.support.DefaultListableBeanFactory - Creating shared instance of singleton bean 'securityParser'
2025-08-01 19:23:59.982 [main] DEBUG org.springframework.beans.factory.support.DefaultListableBeanFactory - Creating shared instance of singleton bean 'propertyResolverUtils'
2025-08-01 19:23:59.984 [main] DEBUG org.springframework.beans.factory.support.DefaultListableBeanFactory - Autowiring by type from bean name 'propertyResolverUtils' via factory method to bean named 'org.springframework.beans.factory.support.DefaultListableBeanFactory@37ec2f46'
2025-08-01 19:23:59.985 [main] DEBUG org.springframework.beans.factory.support.DefaultListableBeanFactory - Autowiring by type from bean name 'propertyResolverUtils' via factory method to bean named 'messageSource'
2025-08-01 19:23:59.985 [main] DEBUG org.springframework.beans.factory.support.DefaultListableBeanFactory - Autowiring by type from bean name 'propertyResolverUtils' via factory method to bean named 'org.springdoc.core.properties.SpringDocConfigProperties'
2025-08-01 19:23:59.990 [main] DEBUG org.springframework.beans.factory.support.DefaultListableBeanFactory - Autowiring by type from bean name 'securityParser' via factory method to bean named 'propertyResolverUtils'
2025-08-01 19:23:59.998 [main] DEBUG org.springframework.beans.factory.support.DefaultListableBeanFactory - Autowiring by type from bean name 'openAPIBuilder' via factory method to bean named 'securityParser'
2025-08-01 19:23:59.998 [main] DEBUG org.springframework.beans.factory.support.DefaultListableBeanFactory - Autowiring by type from bean name 'openAPIBuilder' via factory method to bean named 'org.springdoc.core.properties.SpringDocConfigProperties'
2025-08-01 19:23:59.999 [main] DEBUG org.springframework.beans.factory.support.DefaultListableBeanFactory - Autowiring by type from bean name 'openAPIBuilder' via factory method to bean named 'propertyResolverUtils'
2025-08-01 19:24:00.004 [main] DEBUG org.springframework.beans.factory.support.DefaultListableBeanFactory - Creating shared instance of singleton bean 'modelConverterRegistrar'
2025-08-01 19:24:00.006 [main] DEBUG org.springframework.beans.factory.support.DefaultListableBeanFactory - Creating shared instance of singleton bean 'oas31ModelConverter'
2025-08-01 19:24:00.006 [main] DEBUG org.springframework.beans.factory.support.DefaultListableBeanFactory - Autowiring by type from bean name 'oas31ModelConverter' via factory method to bean named 'org.springdoc.core.properties.SpringDocConfigProperties'
2025-08-01 19:24:00.009 [main] DEBUG org.springframework.beans.factory.support.DefaultListableBeanFactory - Creating shared instance of singleton bean 'pageableOpenAPIConverter'
2025-08-01 19:24:00.010 [main] DEBUG org.springframework.beans.factory.support.DefaultListableBeanFactory - Creating shared instance of singleton bean 'org.springdoc.core.configuration.SpringDocPageableConfiguration'
2025-08-01 19:24:00.013 [main] DEBUG org.springframework.beans.factory.support.DefaultListableBeanFactory - Autowiring by type from bean name 'pageableOpenAPIConverter' via factory method to bean named 'springdocObjectMapperProvider'
2025-08-01 19:24:00.016 [main] DEBUG org.springframework.beans.factory.support.DefaultListableBeanFactory - Creating shared instance of singleton bean 'pageOpenAPIConverter'
2025-08-01 19:24:00.017 [main] DEBUG org.springframework.beans.factory.support.DefaultListableBeanFactory - Autowiring by type from bean name 'pageOpenAPIConverter' via factory method to bean named 'springdocObjectMapperProvider'
2025-08-01 19:24:00.020 [main] DEBUG org.springframework.beans.factory.support.DefaultListableBeanFactory - Creating shared instance of singleton bean 'sortOpenAPIConverter'
2025-08-01 19:24:00.020 [main] DEBUG org.springframework.beans.factory.support.DefaultListableBeanFactory - Creating shared instance of singleton bean 'org.springdoc.core.configuration.SpringDocSortConfiguration'
2025-08-01 19:24:00.023 [main] DEBUG org.springframework.beans.factory.support.DefaultListableBeanFactory - Autowiring by type from bean name 'sortOpenAPIConverter' via factory method to bean named 'springdocObjectMapperProvider'
2025-08-01 19:24:00.027 [main] DEBUG org.springframework.beans.factory.support.DefaultListableBeanFactory - Autowiring by type from bean name 'modelConverterRegistrar' via factory method to bean named 'org.springdoc.core.properties.SpringDocConfigProperties'
2025-08-01 19:24:00.031 [main] DEBUG org.springframework.beans.factory.support.DefaultListableBeanFactory - Creating shared instance of singleton bean 'operationBuilder'
2025-08-01 19:24:00.031 [main] DEBUG org.springframework.beans.factory.support.DefaultListableBeanFactory - Creating shared instance of singleton bean 'parameterBuilder'
2025-08-01 19:24:00.033 [main] DEBUG org.springframework.beans.factory.support.DefaultListableBeanFactory - Creating shared instance of singleton bean 'parameterObjectNamingStrategyCustomizer'
2025-08-01 19:24:00.037 [main] DEBUG org.springframework.beans.factory.support.DefaultListableBeanFactory - Creating shared instance of singleton bean 'dataRestDelegatingMethodParameterCustomizer'
2025-08-01 19:24:00.046 [main] DEBUG org.springframework.beans.factory.support.DefaultListableBeanFactory - Autowiring by type from bean name 'parameterBuilder' via factory method to bean named 'propertyResolverUtils'
2025-08-01 19:24:00.046 [main] DEBUG org.springframework.beans.factory.support.DefaultListableBeanFactory - Autowiring by type from bean name 'parameterBuilder' via factory method to bean named 'springdocObjectMapperProvider'
2025-08-01 19:24:00.052 [main] DEBUG org.springframework.beans.factory.support.DefaultListableBeanFactory - Creating shared instance of singleton bean 'requestBodyBuilder'
2025-08-01 19:24:00.053 [main] DEBUG org.springframework.beans.factory.support.DefaultListableBeanFactory - Autowiring by type from bean name 'requestBodyBuilder' via factory method to bean named 'parameterBuilder'
2025-08-01 19:24:00.053 [main] DEBUG org.springframework.beans.factory.support.DefaultListableBeanFactory - Autowiring by type from bean name 'requestBodyBuilder' via factory method to bean named 'propertyResolverUtils'
2025-08-01 19:24:00.058 [main] DEBUG org.springframework.beans.factory.support.DefaultListableBeanFactory - Autowiring by type from bean name 'operationBuilder' via factory method to bean named 'parameterBuilder'
2025-08-01 19:24:00.058 [main] DEBUG org.springframework.beans.factory.support.DefaultListableBeanFactory - Autowiring by type from bean name 'operationBuilder' via factory method to bean named 'requestBodyBuilder'
2025-08-01 19:24:00.059 [main] DEBUG org.springframework.beans.factory.support.DefaultListableBeanFactory - Autowiring by type from bean name 'operationBuilder' via factory method to bean named 'securityParser'
2025-08-01 19:24:00.059 [main] DEBUG org.springframework.beans.factory.support.DefaultListableBeanFactory - Autowiring by type from bean name 'operationBuilder' via factory method to bean named 'propertyResolverUtils'
2025-08-01 19:24:00.064 [main] DEBUG org.springframework.beans.factory.support.DefaultListableBeanFactory - Creating shared instance of singleton bean 'springDocProviders'
2025-08-01 19:24:00.067 [main] DEBUG org.springframework.beans.factory.support.DefaultListableBeanFactory - Creating shared instance of singleton bean 'routerFunctionProvider'
2025-08-01 19:24:00.067 [main] DEBUG org.springframework.beans.factory.support.DefaultListableBeanFactory - Creating shared instance of singleton bean 'org.springdoc.webmvc.core.configuration.SpringDocWebMvcConfiguration$SpringDocWebMvcRouterConfiguration'
2025-08-01 19:24:00.074 [main] DEBUG org.springframework.beans.factory.support.DefaultListableBeanFactory - Autowiring by type from bean name 'springDocProviders' via factory method to bean named 'springdocObjectMapperProvider'
2025-08-01 19:24:00.078 [main] DEBUG org.springframework.beans.factory.support.DefaultListableBeanFactory - Creating shared instance of singleton bean 'springDocCustomizers'
2025-08-01 19:24:00.080 [main] DEBUG org.springframework.beans.factory.support.DefaultListableBeanFactory - Creating shared instance of singleton bean 'globalOpenApiCustomizer'
2025-08-01 19:24:00.094 [main] DEBUG org.springframework.beans.factory.support.DefaultListableBeanFactory - Creating shared instance of singleton bean 'org.springdoc.core.configuration.SpringDocSecurityConfiguration$SpringSecurityLoginEndpointConfiguration'
2025-08-01 19:24:00.096 [main] DEBUG org.springframework.beans.factory.support.DefaultListableBeanFactory - Creating shared instance of singleton bean 'org.springdoc.core.configuration.SpringDocSecurityConfiguration'
2025-08-01 19:24:00.100 [main] DEBUG org.springframework.beans.factory.support.DefaultListableBeanFactory - Autowiring by type from bean name 'org.springdoc.core.configuration.SpringDocSecurityConfiguration$SpringSecurityLoginEndpointConfiguration' via constructor to bean named 'org.springdoc.core.configuration.SpringDocSecurityConfiguration'
2025-08-01 19:24:00.103 [main] DEBUG org.springframework.beans.factory.support.DefaultListableBeanFactory - Creating shared instance of singleton bean 'org.springdoc.webmvc.core.configuration.SpringDocWebMvcConfiguration$SpringDocWebMvcActuatorConfiguration'
2025-08-01 19:24:00.108 [main] DEBUG org.springframework.beans.factory.support.DefaultListableBeanFactory - Creating shared instance of singleton bean 'openApiResource'
2025-08-01 19:24:00.109 [main] DEBUG org.springframework.beans.factory.support.DefaultListableBeanFactory - Creating shared instance of singleton bean 'requestBuilder'
2025-08-01 19:24:00.111 [main] DEBUG org.springframework.beans.factory.support.DefaultListableBeanFactory - Autowiring by type from bean name 'requestBuilder' via factory method to bean named 'parameterBuilder'
2025-08-01 19:24:00.111 [main] DEBUG org.springframework.beans.factory.support.DefaultListableBeanFactory - Autowiring by type from bean name 'requestBuilder' via factory method to bean named 'requestBodyBuilder'
2025-08-01 19:24:00.112 [main] DEBUG org.springframework.beans.factory.support.DefaultListableBeanFactory - Autowiring by type from bean name 'requestBuilder' via factory method to bean named 'localSpringDocParameterNameDiscoverer'
2025-08-01 19:24:00.120 [main] DEBUG org.springframework.beans.factory.support.DefaultListableBeanFactory - Creating shared instance of singleton bean 'responseBuilder'
2025-08-01 19:24:00.122 [main] DEBUG org.springframework.beans.factory.support.DefaultListableBeanFactory - Autowiring by type from bean name 'responseBuilder' via factory method to bean named 'operationBuilder'
2025-08-01 19:24:00.123 [main] DEBUG org.springframework.beans.factory.support.DefaultListableBeanFactory - Autowiring by type from bean name 'responseBuilder' via factory method to bean named 'org.springdoc.core.properties.SpringDocConfigProperties'
2025-08-01 19:24:00.123 [main] DEBUG org.springframework.beans.factory.support.DefaultListableBeanFactory - Autowiring by type from bean name 'responseBuilder' via factory method to bean named 'propertyResolverUtils'
2025-08-01 19:24:00.133 [main] DEBUG org.springframework.beans.factory.support.DefaultListableBeanFactory - Autowiring by type from bean name 'openApiResource' via factory method to bean named 'requestBuilder'
2025-08-01 19:24:00.134 [main] DEBUG org.springframework.beans.factory.support.DefaultListableBeanFactory - Autowiring by type from bean name 'openApiResource' via factory method to bean named 'responseBuilder'
2025-08-01 19:24:00.135 [main] DEBUG org.springframework.beans.factory.support.DefaultListableBeanFactory - Autowiring by type from bean name 'openApiResource' via factory method to bean named 'operationBuilder'
2025-08-01 19:24:00.135 [main] DEBUG org.springframework.beans.factory.support.DefaultListableBeanFactory - Autowiring by type from bean name 'openApiResource' via factory method to bean named 'org.springdoc.core.properties.SpringDocConfigProperties'
2025-08-01 19:24:00.135 [main] DEBUG org.springframework.beans.factory.support.DefaultListableBeanFactory - Autowiring by type from bean name 'openApiResource' via factory method to bean named 'springDocProviders'
2025-08-01 19:24:00.136 [main] DEBUG org.springframework.beans.factory.support.DefaultListableBeanFactory - Autowiring by type from bean name 'openApiResource' via factory method to bean named 'springDocCustomizers'
2025-08-01 19:24:00.463 [main] DEBUG org.springframework.beans.factory.support.DefaultListableBeanFactory - Creating shared instance of singleton bean 'swaggerConfigResource'
2025-08-01 19:24:00.464 [main] DEBUG org.springframework.beans.factory.support.DefaultListableBeanFactory - Autowiring by type from bean name 'swaggerConfigResource' via factory method to bean named 'swaggerWelcome'
2025-08-01 19:24:00.467 [main] DEBUG org.springframework.beans.factory.support.DefaultListableBeanFactory - Creating shared instance of singleton bean 'org.springframework.boot.autoconfigure.availability.ApplicationAvailabilityAutoConfiguration'
2025-08-01 19:24:00.471 [main] DEBUG org.springframework.beans.factory.support.DefaultListableBeanFactory - Creating shared instance of singleton bean 'applicationAvailability'
2025-08-01 19:24:00.476 [main] DEBUG org.springframework.beans.factory.support.DefaultListableBeanFactory - Creating shared instance of singleton bean 'org.springframework.boot.actuate.autoconfigure.availability.AvailabilityHealthContributorAutoConfiguration'
2025-08-01 19:24:00.480 [main] DEBUG org.springframework.beans.factory.support.DefaultListableBeanFactory - Creating shared instance of singleton bean 'org.springframework.boot.autoconfigure.transaction.jta.JtaAutoConfiguration'
2025-08-01 19:24:00.483 [main] DEBUG org.springframework.beans.factory.support.DefaultListableBeanFactory - Creating shared instance of singleton bean 'org.springframework.boot.autoconfigure.jdbc.metadata.DataSourcePoolMetadataProvidersConfiguration'
2025-08-01 19:24:00.486 [main] DEBUG org.springframework.beans.factory.support.DefaultListableBeanFactory - Creating shared instance of singleton bean 'org.springframework.boot.autoconfigure.jdbc.DataSourceAutoConfiguration'
2025-08-01 19:24:00.489 [main] DEBUG org.springframework.beans.factory.support.DefaultListableBeanFactory - Creating shared instance of singleton bean 'org.springframework.boot.autoconfigure.transaction.TransactionManagerCustomizationAutoConfiguration'
2025-08-01 19:24:00.492 [main] DEBUG org.springframework.beans.factory.support.DefaultListableBeanFactory - Creating shared instance of singleton bean 'platformTransactionManagerCustomizers'
2025-08-01 19:24:00.494 [main] DEBUG org.springframework.beans.factory.support.DefaultListableBeanFactory - Creating shared instance of singleton bean 'transactionExecutionListeners'
2025-08-01 19:24:00.498 [main] DEBUG org.springframework.beans.factory.support.DefaultListableBeanFactory - Creating shared instance of singleton bean 'spring.transaction-org.springframework.boot.autoconfigure.transaction.TransactionProperties'
2025-08-01 19:24:00.508 [main] DEBUG org.springframework.beans.factory.support.DefaultListableBeanFactory - Creating shared instance of singleton bean 'org.springframework.boot.autoconfigure.orm.jpa.JpaBaseConfiguration$PersistenceManagedTypesConfiguration'
2025-08-01 19:24:00.511 [main] DEBUG org.springframework.beans.factory.support.DefaultListableBeanFactory - Creating shared instance of singleton bean 'transactionManager'
2025-08-01 19:24:00.524 [main] DEBUG org.springframework.beans.factory.support.DefaultListableBeanFactory - Creating shared instance of singleton bean 'org.springframework.boot.autoconfigure.orm.jpa.HibernateJpaAutoConfiguration'
2025-08-01 19:24:00.529 [main] DEBUG org.springframework.beans.factory.support.DefaultListableBeanFactory - Creating shared instance of singleton bean 'healthEndpointGroupMembershipValidator'
2025-08-01 19:24:00.529 [main] DEBUG org.springframework.beans.factory.support.DefaultListableBeanFactory - Autowiring by type from bean name 'healthEndpointGroupMembershipValidator' via factory method to bean named 'management.endpoint.health-org.springframework.boot.actuate.autoconfigure.health.HealthEndpointProperties'
2025-08-01 19:24:00.530 [main] DEBUG org.springframework.beans.factory.support.DefaultListableBeanFactory - Autowiring by type from bean name 'healthEndpointGroupMembershipValidator' via factory method to bean named 'healthContributorRegistry'
2025-08-01 19:24:00.533 [main] DEBUG org.springframework.beans.factory.support.DefaultListableBeanFactory - Creating shared instance of singleton bean 'org.springframework.boot.actuate.autoconfigure.health.ReactiveHealthEndpointConfiguration'
2025-08-01 19:24:00.537 [main] DEBUG org.springframework.beans.factory.support.DefaultListableBeanFactory - Creating shared instance of singleton bean 'reactiveHealthContributorRegistry'
2025-08-01 19:24:00.539 [main] DEBUG org.springframework.beans.factory.support.DefaultListableBeanFactory - Autowiring by type from bean name 'reactiveHealthContributorRegistry' via factory method to bean named 'sslHealthIndicator'
2025-08-01 19:24:00.539 [main] DEBUG org.springframework.beans.factory.support.DefaultListableBeanFactory - Autowiring by type from bean name 'reactiveHealthContributorRegistry' via factory method to bean named 'diskSpaceHealthIndicator'
2025-08-01 19:24:00.539 [main] DEBUG org.springframework.beans.factory.support.DefaultListableBeanFactory - Autowiring by type from bean name 'reactiveHealthContributorRegistry' via factory method to bean named 'pingHealthContributor'
2025-08-01 19:24:00.540 [main] DEBUG org.springframework.beans.factory.support.DefaultListableBeanFactory - Autowiring by type from bean name 'reactiveHealthContributorRegistry' via factory method to bean named 'dbHealthContributor'
2025-08-01 19:24:00.540 [main] DEBUG org.springframework.beans.factory.support.DefaultListableBeanFactory - Autowiring by type from bean name 'reactiveHealthContributorRegistry' via factory method to bean named 'healthEndpointGroups'
2025-08-01 19:24:00.546 [main] DEBUG org.springframework.beans.factory.support.DefaultListableBeanFactory - Creating shared instance of singleton bean 'org.springframework.boot.actuate.autoconfigure.health.HealthEndpointAutoConfiguration'
2025-08-01 19:24:00.549 [main] DEBUG org.springframework.beans.factory.support.DefaultListableBeanFactory - Creating shared instance of singleton bean 'org.springframework.boot.autoconfigure.info.ProjectInfoAutoConfiguration'
2025-08-01 19:24:00.550 [main] DEBUG org.springframework.beans.factory.support.DefaultListableBeanFactory - Creating shared instance of singleton bean 'spring.info-org.springframework.boot.autoconfigure.info.ProjectInfoProperties'
2025-08-01 19:24:00.554 [main] DEBUG org.springframework.beans.factory.support.DefaultListableBeanFactory - Autowiring by type from bean name 'org.springframework.boot.autoconfigure.info.ProjectInfoAutoConfiguration' via constructor to bean named 'spring.info-org.springframework.boot.autoconfigure.info.ProjectInfoProperties'
2025-08-01 19:24:00.557 [main] DEBUG org.springframework.beans.factory.support.DefaultListableBeanFactory - Creating shared instance of singleton bean 'org.springframework.boot.actuate.autoconfigure.info.InfoContributorAutoConfiguration'
2025-08-01 19:24:00.562 [main] DEBUG org.springframework.beans.factory.support.DefaultListableBeanFactory - Creating shared instance of singleton bean 'management.info-org.springframework.boot.actuate.autoconfigure.info.InfoContributorProperties'
2025-08-01 19:24:00.565 [main] DEBUG org.springframework.beans.factory.support.DefaultListableBeanFactory - Creating shared instance of singleton bean 'org.springframework.boot.actuate.autoconfigure.web.servlet.ServletManagementContextAutoConfiguration'
2025-08-01 19:24:00.568 [main] DEBUG org.springframework.beans.factory.support.DefaultListableBeanFactory - Creating shared instance of singleton bean 'servletWebChildContextFactory'
2025-08-01 19:24:00.571 [main] DEBUG org.springframework.beans.factory.support.DefaultListableBeanFactory - Creating shared instance of singleton bean 'managementServletContext'
2025-08-01 19:24:00.571 [main] DEBUG org.springframework.beans.factory.support.DefaultListableBeanFactory - Autowiring by type from bean name 'managementServletContext' via factory method to bean named 'management.endpoints.web-org.springframework.boot.actuate.autoconfigure.endpoint.web.WebEndpointProperties'
2025-08-01 19:24:00.581 [main] DEBUG org.springframework.beans.factory.support.DefaultListableBeanFactory - Creating shared instance of singleton bean 'pathMappedEndpoints'
2025-08-01 19:24:00.583 [main] DEBUG org.springframework.beans.factory.support.DefaultListableBeanFactory - Autowiring by type from bean name 'pathMappedEndpoints' via factory method to bean named 'servletEndpointDiscoverer'
2025-08-01 19:24:00.584 [main] DEBUG org.springframework.beans.factory.support.DefaultListableBeanFactory - Autowiring by type from bean name 'pathMappedEndpoints' via factory method to bean named 'webEndpointDiscoverer'
2025-08-01 19:24:00.584 [main] DEBUG org.springframework.beans.factory.support.DefaultListableBeanFactory - Autowiring by type from bean name 'pathMappedEndpoints' via factory method to bean named 'controllerEndpointDiscoverer'
2025-08-01 19:24:00.589 [main] DEBUG org.springframework.beans.factory.support.DefaultListableBeanFactory - Creating shared instance of singleton bean 'org.springframework.boot.autoconfigure.liquibase.LiquibaseAutoConfiguration$CustomizerConfiguration'
2025-08-01 19:24:00.593 [main] DEBUG org.springframework.beans.factory.support.DefaultListableBeanFactory - Creating shared instance of singleton bean 'meterRegistryCloser'
2025-08-01 19:24:00.597 [main] DEBUG org.springframework.beans.factory.support.DefaultListableBeanFactory - Creating shared instance of singleton bean 'org.springframework.boot.actuate.autoconfigure.metrics.CompositeMeterRegistryAutoConfiguration'
2025-08-01 19:24:00.599 [main] DEBUG org.springframework.beans.factory.support.DefaultListableBeanFactory - Creating shared instance of singleton bean 'org.springframework.boot.actuate.autoconfigure.metrics.JvmMetricsAutoConfiguration'
2025-08-01 19:24:00.603 [main] DEBUG org.springframework.beans.factory.support.DefaultListableBeanFactory - Creating shared instance of singleton bean 'jvmGcMetrics'
2025-08-01 19:24:00.609 [main] DEBUG org.springframework.beans.factory.support.DefaultListableBeanFactory - Creating shared instance of singleton bean 'jvmHeapPressureMetrics'
2025-08-01 19:24:00.614 [main] DEBUG org.springframework.beans.factory.support.DefaultListableBeanFactory - Creating shared instance of singleton bean 'jvmMemoryMetrics'
2025-08-01 19:24:00.618 [main] DEBUG org.springframework.beans.factory.support.DefaultListableBeanFactory - Creating shared instance of singleton bean 'jvmThreadMetrics'
2025-08-01 19:24:01.140 [main] DEBUG org.springframework.beans.factory.support.DefaultListableBeanFactory - Creating shared instance of singleton bean 'classLoaderMetrics'
2025-08-01 19:24:01.144 [main] DEBUG org.springframework.beans.factory.support.DefaultListableBeanFactory - Creating shared instance of singleton bean 'jvmInfoMetrics'
2025-08-01 19:24:01.149 [main] DEBUG org.springframework.beans.factory.support.DefaultListableBeanFactory - Creating shared instance of singleton bean 'jvmCompilationMetrics'
2025-08-01 19:24:01.155 [main] DEBUG org.springframework.beans.factory.support.DefaultListableBeanFactory - Creating shared instance of singleton bean 'org.springframework.boot.actuate.autoconfigure.metrics.Log4J2MetricsAutoConfiguration'
2025-08-01 19:24:01.159 [main] DEBUG org.springframework.beans.factory.support.DefaultListableBeanFactory - Creating shared instance of singleton bean 'log4j2Metrics'
2025-08-01 19:24:01.167 [main] DEBUG org.springframework.beans.factory.support.DefaultListableBeanFactory - Creating shared instance of singleton bean 'org.springframework.boot.actuate.autoconfigure.metrics.SystemMetricsAutoConfiguration'
2025-08-01 19:24:01.171 [main] DEBUG org.springframework.beans.factory.support.DefaultListableBeanFactory - Creating shared instance of singleton bean 'uptimeMetrics'
2025-08-01 19:24:01.175 [main] DEBUG org.springframework.beans.factory.support.DefaultListableBeanFactory - Creating shared instance of singleton bean 'processorMetrics'
2025-08-01 19:24:01.183 [main] DEBUG org.springframework.beans.factory.support.DefaultListableBeanFactory - Creating shared instance of singleton bean 'fileDescriptorMetrics'
2025-08-01 19:24:01.187 [main] DEBUG org.springframework.beans.factory.support.DefaultListableBeanFactory - Creating shared instance of singleton bean 'diskSpaceMetrics'
2025-08-01 19:24:01.188 [main] DEBUG org.springframework.beans.factory.support.DefaultListableBeanFactory - Autowiring by type from bean name 'diskSpaceMetrics' via factory method to bean named 'management.metrics-org.springframework.boot.actuate.autoconfigure.metrics.MetricsProperties'
2025-08-01 19:24:01.191 [main] DEBUG org.springframework.beans.factory.support.DefaultListableBeanFactory - Creating shared instance of singleton bean 'org.springframework.boot.actuate.autoconfigure.metrics.integration.IntegrationMetricsAutoConfiguration'
2025-08-01 19:24:01.194 [main] DEBUG org.springframework.beans.factory.support.DefaultListableBeanFactory - Creating shared instance of singleton bean 'org.springframework.boot.actuate.autoconfigure.metrics.jdbc.DataSourcePoolMetricsAutoConfiguration$HikariDataSourceMetricsConfiguration'
2025-08-01 19:24:01.197 [main] DEBUG org.springframework.beans.factory.support.DefaultListableBeanFactory - Creating shared instance of singleton bean 'hikariDataSourceMeterBinder'
2025-08-01 19:24:01.201 [main] DEBUG org.springframework.beans.factory.support.DefaultListableBeanFactory - Creating shared instance of singleton bean 'org.springframework.boot.actuate.autoconfigure.metrics.jdbc.DataSourcePoolMetricsAutoConfiguration$DataSourcePoolMetadataMetricsConfiguration'
2025-08-01 19:24:01.204 [main] DEBUG org.springframework.beans.factory.support.DefaultListableBeanFactory - Creating shared instance of singleton bean 'dataSourcePoolMetadataMeterBinder'
2025-08-01 19:24:01.204 [main] DEBUG org.springframework.beans.factory.support.DefaultListableBeanFactory - Autowiring by type from bean name 'dataSourcePoolMetadataMeterBinder' via factory method to bean named 'org.springframework.beans.factory.support.DefaultListableBeanFactory@37ec2f46'
2025-08-01 19:24:01.207 [main] DEBUG org.springframework.beans.factory.support.DefaultListableBeanFactory - Creating shared instance of singleton bean 'org.springframework.boot.actuate.autoconfigure.metrics.jdbc.DataSourcePoolMetricsAutoConfiguration'
2025-08-01 19:24:01.210 [main] DEBUG org.springframework.beans.factory.support.DefaultListableBeanFactory - Creating shared instance of singleton bean 'org.springframework.boot.actuate.autoconfigure.metrics.startup.StartupTimeMetricsListenerAutoConfiguration'
2025-08-01 19:24:01.213 [main] DEBUG org.springframework.beans.factory.support.DefaultListableBeanFactory - Creating shared instance of singleton bean 'startupTimeMetrics'
2025-08-01 19:24:01.214 [main] DEBUG org.springframework.beans.factory.support.DefaultListableBeanFactory - Autowiring by type from bean name 'startupTimeMetrics' via factory method to bean named 'simpleMeterRegistry'
2025-08-01 19:24:01.219 [main] DEBUG org.springframework.beans.factory.support.DefaultListableBeanFactory - Creating shared instance of singleton bean 'org.springframework.boot.autoconfigure.task.TaskSchedulingConfigurations$ThreadPoolTaskSchedulerBuilderConfiguration'
2025-08-01 19:24:01.222 [main] DEBUG org.springframework.beans.factory.support.DefaultListableBeanFactory - Creating shared instance of singleton bean 'threadPoolTaskSchedulerBuilder'
2025-08-01 19:24:01.224 [main] DEBUG org.springframework.beans.factory.support.DefaultListableBeanFactory - Creating shared instance of singleton bean 'spring.task.scheduling-org.springframework.boot.autoconfigure.task.TaskSchedulingProperties'
2025-08-01 19:24:01.229 [main] DEBUG org.springframework.beans.factory.support.DefaultListableBeanFactory - Autowiring by type from bean name 'threadPoolTaskSchedulerBuilder' via factory method to bean named 'spring.task.scheduling-org.springframework.boot.autoconfigure.task.TaskSchedulingProperties'
2025-08-01 19:24:01.234 [main] DEBUG org.springframework.beans.factory.support.DefaultListableBeanFactory - Creating shared instance of singleton bean 'org.springframework.boot.autoconfigure.task.TaskSchedulingConfigurations$SimpleAsyncTaskSchedulerBuilderConfiguration'
2025-08-01 19:24:01.235 [main] DEBUG org.springframework.beans.factory.support.DefaultListableBeanFactory - Autowiring by type from bean name 'org.springframework.boot.autoconfigure.task.TaskSchedulingConfigurations$SimpleAsyncTaskSchedulerBuilderConfiguration' via constructor to bean named 'spring.task.scheduling-org.springframework.boot.autoconfigure.task.TaskSchedulingProperties'
2025-08-01 19:24:01.239 [main] DEBUG org.springframework.beans.factory.support.DefaultListableBeanFactory - Creating shared instance of singleton bean 'simpleAsyncTaskSchedulerBuilder'
2025-08-01 19:24:01.244 [main] DEBUG org.springframework.beans.factory.support.DefaultListableBeanFactory - Creating shared instance of singleton bean 'org.springframework.boot.autoconfigure.task.TaskSchedulingAutoConfiguration'
2025-08-01 19:24:01.247 [main] DEBUG org.springframework.beans.factory.support.DefaultListableBeanFactory - Creating shared instance of singleton bean 'org.springframework.boot.actuate.autoconfigure.metrics.task.TaskExecutorMetricsAutoConfiguration'
2025-08-01 19:24:01.253 [main] DEBUG org.springframework.beans.factory.support.DefaultListableBeanFactory - Creating shared instance of singleton bean 'eagerTaskExecutorMetrics'
2025-08-01 19:24:01.275 [main] DEBUG org.springframework.beans.factory.support.DefaultListableBeanFactory - Creating shared instance of singleton bean 'org.springframework.boot.actuate.autoconfigure.metrics.web.tomcat.TomcatMetricsAutoConfiguration'
2025-08-01 19:24:01.280 [main] DEBUG org.springframework.beans.factory.support.DefaultListableBeanFactory - Creating shared instance of singleton bean 'tomcatMetricsBinder'
2025-08-01 19:24:01.281 [main] DEBUG org.springframework.beans.factory.support.DefaultListableBeanFactory - Autowiring by type from bean name 'tomcatMetricsBinder' via factory method to bean named 'simpleMeterRegistry'
2025-08-01 19:24:01.287 [main] DEBUG org.springframework.beans.factory.support.DefaultListableBeanFactory - Creating shared instance of singleton bean 'org.springframework.boot.actuate.autoconfigure.observation.ObservationAutoConfiguration$ObservedAspectConfiguration'
2025-08-01 19:24:01.291 [main] DEBUG org.springframework.beans.factory.support.DefaultListableBeanFactory - Creating shared instance of singleton bean 'observedAspect'
2025-08-01 19:24:01.292 [main] DEBUG org.springframework.beans.factory.support.DefaultListableBeanFactory - Autowiring by type from bean name 'observedAspect' via factory method to bean named 'observationRegistry'
2025-08-01 19:24:01.293 [main] DEBUG org.springframework.beans.factory.support.DefaultListableBeanFactory - Creating shared instance of singleton bean 'org.springframework.boot.actuate.autoconfigure.observation.ObservationAutoConfiguration$MeterObservationHandlerConfiguration'
2025-08-01 19:24:01.296 [main] DEBUG org.springframework.beans.factory.support.DefaultListableBeanFactory - Creating shared instance of singleton bean 'org.springframework.boot.autoconfigure.gson.GsonAutoConfiguration'
2025-08-01 19:24:01.305 [main] DEBUG org.springframework.beans.factory.support.DefaultListableBeanFactory - Creating shared instance of singleton bean 'gsonBuilder'
2025-08-01 19:24:01.307 [main] DEBUG org.springframework.beans.factory.support.DefaultListableBeanFactory - Creating shared instance of singleton bean 'standardGsonBuilderCustomizer'
2025-08-01 19:24:01.308 [main] DEBUG org.springframework.beans.factory.support.DefaultListableBeanFactory - Creating shared instance of singleton bean 'spring.gson-org.springframework.boot.autoconfigure.gson.GsonProperties'
2025-08-01 19:24:01.316 [main] DEBUG org.springframework.beans.factory.support.DefaultListableBeanFactory - Autowiring by type from bean name 'standardGsonBuilderCustomizer' via factory method to bean named 'spring.gson-org.springframework.boot.autoconfigure.gson.GsonProperties'
2025-08-01 19:24:01.318 [main] DEBUG org.springframework.beans.factory.support.DefaultListableBeanFactory - Autowiring by type from bean name 'gsonBuilder' via factory method to bean named 'standardGsonBuilderCustomizer'
2025-08-01 19:24:01.324 [main] DEBUG org.springframework.beans.factory.support.DefaultListableBeanFactory - Creating shared instance of singleton bean 'gson'
2025-08-01 19:24:01.324 [main] DEBUG org.springframework.beans.factory.support.DefaultListableBeanFactory - Autowiring by type from bean name 'gson' via factory method to bean named 'gsonBuilder'
2025-08-01 19:24:01.331 [main] DEBUG org.springframework.beans.factory.support.DefaultListableBeanFactory - Creating shared instance of singleton bean 'org.springframework.boot.autoconfigure.http.JacksonHttpMessageConvertersConfiguration'
2025-08-01 19:24:01.334 [main] DEBUG org.springframework.beans.factory.support.DefaultListableBeanFactory - Creating shared instance of singleton bean 'org.springframework.boot.autoconfigure.http.GsonHttpMessageConvertersConfiguration'
2025-08-01 19:24:01.337 [main] DEBUG org.springframework.beans.factory.support.DefaultListableBeanFactory - Creating shared instance of singleton bean 'org.springframework.boot.autoconfigure.http.client.HttpClientAutoConfiguration'
2025-08-01 19:24:01.340 [main] DEBUG org.springframework.beans.factory.support.DefaultListableBeanFactory - Creating shared instance of singleton bean 'clientHttpRequestFactoryBuilder'
2025-08-01 19:24:01.341 [main] DEBUG org.springframework.beans.factory.support.DefaultListableBeanFactory - Creating shared instance of singleton bean 'spring.http.client-org.springframework.boot.autoconfigure.http.client.HttpClientProperties'
2025-08-01 19:24:01.346 [main] DEBUG org.springframework.beans.factory.support.DefaultListableBeanFactory - Autowiring by type from bean name 'clientHttpRequestFactoryBuilder' via factory method to bean named 'spring.http.client-org.springframework.boot.autoconfigure.http.client.HttpClientProperties'
2025-08-01 19:24:01.356 [main] DEBUG org.springframework.beans.factory.support.DefaultListableBeanFactory - Creating shared instance of singleton bean 'clientHttpRequestFactorySettings'
2025-08-01 19:24:01.356 [main] DEBUG org.springframework.beans.factory.support.DefaultListableBeanFactory - Autowiring by type from bean name 'clientHttpRequestFactorySettings' via factory method to bean named 'spring.http.client-org.springframework.boot.autoconfigure.http.client.HttpClientProperties'
2025-08-01 19:24:01.361 [main] DEBUG org.springframework.beans.factory.support.DefaultListableBeanFactory - Creating shared instance of singleton bean 'org.springframework.boot.autoconfigure.web.client.RestClientAutoConfiguration'
2025-08-01 19:24:01.366 [main] DEBUG org.springframework.beans.factory.support.DefaultListableBeanFactory - Creating shared instance of singleton bean 'httpMessageConvertersRestClientCustomizer'
2025-08-01 19:24:01.370 [main] DEBUG org.springframework.beans.factory.support.DefaultListableBeanFactory - Creating shared instance of singleton bean 'restClientSsl'
2025-08-01 19:24:01.370 [main] DEBUG org.springframework.beans.factory.support.DefaultListableBeanFactory - Autowiring by type from bean name 'restClientSsl' via factory method to bean named 'sslBundleRegistry'
2025-08-01 19:24:01.375 [main] DEBUG org.springframework.beans.factory.support.DefaultListableBeanFactory - Creating shared instance of singleton bean 'restClientBuilderConfigurer'
2025-08-01 19:24:01.376 [main] DEBUG org.springframework.beans.factory.support.DefaultListableBeanFactory - Creating shared instance of singleton bean 'observationRestClientCustomizer'
2025-08-01 19:24:01.377 [main] DEBUG org.springframework.beans.factory.support.DefaultListableBeanFactory - Creating shared instance of singleton bean 'org.springframework.boot.actuate.autoconfigure.observation.web.client.RestClientObservationConfiguration'
2025-08-01 19:24:01.381 [main] DEBUG org.springframework.beans.factory.support.DefaultListableBeanFactory - Autowiring by type from bean name 'observationRestClientCustomizer' via factory method to bean named 'observationRegistry'
2025-08-01 19:24:01.381 [main] DEBUG org.springframework.beans.factory.support.DefaultListableBeanFactory - Autowiring by type from bean name 'observationRestClientCustomizer' via factory method to bean named 'management.observations-org.springframework.boot.actuate.autoconfigure.observation.ObservationProperties'
2025-08-01 19:24:01.389 [main] DEBUG org.springframework.beans.factory.support.DefaultListableBeanFactory - Creating shared instance of singleton bean 'org.springframework.boot.autoconfigure.web.client.RestTemplateAutoConfiguration'
2025-08-01 19:24:01.393 [main] DEBUG org.springframework.beans.factory.support.DefaultListableBeanFactory - Creating shared instance of singleton bean 'org.springframework.boot.autoconfigure.reactor.netty.ReactorNettyConfigurations$ReactorResourceFactoryConfiguration'
2025-08-01 19:24:01.396 [main] DEBUG org.springframework.beans.factory.support.DefaultListableBeanFactory - Creating shared instance of singleton bean 'reactorResourceFactory'
2025-08-01 19:24:01.397 [main] DEBUG org.springframework.beans.factory.support.DefaultListableBeanFactory - Creating shared instance of singleton bean 'spring.reactor.netty-org.springframework.boot.autoconfigure.reactor.netty.ReactorNettyProperties'
2025-08-01 19:24:01.401 [main] DEBUG org.springframework.beans.factory.support.DefaultListableBeanFactory - Autowiring by type from bean name 'reactorResourceFactory' via factory method to bean named 'spring.reactor.netty-org.springframework.boot.autoconfigure.reactor.netty.ReactorNettyProperties'
2025-08-01 19:24:01.405 [main] DEBUG org.springframework.beans.factory.support.DefaultListableBeanFactory - Creating shared instance of singleton bean 'org.springframework.boot.autoconfigure.web.reactive.function.client.ClientHttpConnectorFactoryConfiguration$ReactorNetty'
2025-08-01 19:24:01.408 [main] DEBUG org.springframework.beans.factory.support.DefaultListableBeanFactory - Creating shared instance of singleton bean 'reactorClientHttpConnectorFactory'
2025-08-01 19:24:01.409 [main] DEBUG org.springframework.beans.factory.support.DefaultListableBeanFactory - Autowiring by type from bean name 'reactorClientHttpConnectorFactory' via factory method to bean named 'reactorResourceFactory'
2025-08-01 19:24:01.415 [main] DEBUG org.springframework.beans.factory.support.DefaultListableBeanFactory - Creating shared instance of singleton bean 'org.springframework.boot.autoconfigure.web.reactive.function.client.ClientHttpConnectorAutoConfiguration'
2025-08-01 19:24:01.419 [main] DEBUG org.springframework.beans.factory.support.DefaultListableBeanFactory - Creating shared instance of singleton bean 'org.springframework.boot.autoconfigure.web.reactive.function.client.WebClientAutoConfiguration$WebClientCodecsConfiguration'
2025-08-01 19:24:01.423 [main] DEBUG org.springframework.beans.factory.support.DefaultListableBeanFactory - Creating shared instance of singleton bean 'exchangeStrategiesCustomizer'
2025-08-01 19:24:01.428 [main] DEBUG org.springframework.beans.factory.support.DefaultListableBeanFactory - Creating shared instance of singleton bean 'org.springframework.boot.autoconfigure.web.reactive.function.client.WebClientAutoConfiguration'
2025-08-01 19:24:01.433 [main] DEBUG org.springframework.beans.factory.support.DefaultListableBeanFactory - Creating shared instance of singleton bean 'webClientSsl'
2025-08-01 19:24:01.435 [main] DEBUG org.springframework.beans.factory.support.DefaultListableBeanFactory - Autowiring by type from bean name 'webClientSsl' via factory method to bean named 'reactorClientHttpConnectorFactory'
2025-08-01 19:24:01.435 [main] DEBUG org.springframework.beans.factory.support.DefaultListableBeanFactory - Autowiring by type from bean name 'webClientSsl' via factory method to bean named 'sslBundleRegistry'
2025-08-01 19:24:01.439 [main] DEBUG org.springframework.beans.factory.support.DefaultListableBeanFactory - Creating shared instance of singleton bean 'org.springframework.boot.actuate.autoconfigure.observation.web.client.RestTemplateObservationConfiguration'
2025-08-01 19:24:01.443 [main] DEBUG org.springframework.beans.factory.support.DefaultListableBeanFactory - Creating shared instance of singleton bean 'observationRestTemplateCustomizer'
2025-08-01 19:24:01.444 [main] DEBUG org.springframework.beans.factory.support.DefaultListableBeanFactory - Autowiring by type from bean name 'observationRestTemplateCustomizer' via factory method to bean named 'observationRegistry'
2025-08-01 19:24:01.445 [main] DEBUG org.springframework.beans.factory.support.DefaultListableBeanFactory - Autowiring by type from bean name 'observationRestTemplateCustomizer' via factory method to bean named 'management.observations-org.springframework.boot.actuate.autoconfigure.observation.ObservationProperties'
2025-08-01 19:24:01.449 [main] DEBUG org.springframework.beans.factory.support.DefaultListableBeanFactory - Creating shared instance of singleton bean 'org.springframework.boot.actuate.autoconfigure.observation.web.client.WebClientObservationConfiguration'
2025-08-01 19:24:01.454 [main] DEBUG org.springframework.beans.factory.support.DefaultListableBeanFactory - Creating shared instance of singleton bean 'observationWebClientCustomizer'
2025-08-01 19:24:01.455 [main] DEBUG org.springframework.beans.factory.support.DefaultListableBeanFactory - Autowiring by type from bean name 'observationWebClientCustomizer' via factory method to bean named 'observationRegistry'
2025-08-01 19:24:01.455 [main] DEBUG org.springframework.beans.factory.support.DefaultListableBeanFactory - Autowiring by type from bean name 'observationWebClientCustomizer' via factory method to bean named 'management.observations-org.springframework.boot.actuate.autoconfigure.observation.ObservationProperties'
2025-08-01 19:24:01.456 [main] DEBUG org.springframework.beans.factory.support.DefaultListableBeanFactory - Autowiring by type from bean name 'observationWebClientCustomizer' via factory method to bean named 'management.metrics-org.springframework.boot.actuate.autoconfigure.metrics.MetricsProperties'
2025-08-01 19:24:01.462 [main] DEBUG org.springframework.beans.factory.support.DefaultListableBeanFactory - Creating shared instance of singleton bean 'org.springframework.boot.actuate.autoconfigure.observation.web.client.HttpClientObservationsAutoConfiguration'
2025-08-01 19:24:01.467 [main] DEBUG org.springframework.beans.factory.support.DefaultListableBeanFactory - Creating shared instance of singleton bean 'org.springframework.boot.actuate.autoconfigure.observation.web.servlet.WebMvcObservationAutoConfiguration'
2025-08-01 19:24:01.471 [main] DEBUG org.springframework.beans.factory.support.DefaultListableBeanFactory - Creating shared instance of singleton bean 'webMvcObservationFilter'
2025-08-01 19:24:01.472 [main] DEBUG org.springframework.beans.factory.support.DefaultListableBeanFactory - Autowiring by type from bean name 'webMvcObservationFilter' via factory method to bean named 'observationRegistry'
2025-08-01 19:24:01.473 [main] DEBUG org.springframework.beans.factory.support.DefaultListableBeanFactory - Autowiring by type from bean name 'webMvcObservationFilter' via factory method to bean named 'management.observations-org.springframework.boot.actuate.autoconfigure.observation.ObservationProperties'
2025-08-01 19:24:01.476 [main] DEBUG org.springframework.beans.factory.support.DefaultListableBeanFactory - Creating shared instance of singleton bean 'org.springframework.boot.actuate.autoconfigure.scheduling.ScheduledTasksObservabilityAutoConfiguration'
2025-08-01 19:24:01.481 [main] DEBUG org.springframework.beans.factory.support.DefaultListableBeanFactory - Creating shared instance of singleton bean 'observabilitySchedulingConfigurer'
2025-08-01 19:24:01.482 [main] DEBUG org.springframework.beans.factory.support.DefaultListableBeanFactory - Autowiring by type from bean name 'observabilitySchedulingConfigurer' via factory method to bean named 'observationRegistry'
2025-08-01 19:24:01.486 [main] DEBUG org.springframework.beans.factory.support.DefaultListableBeanFactory - Creating shared instance of singleton bean 'org.springframework.boot.autoconfigure.aop.AopAutoConfiguration$AspectJAutoProxyingConfiguration$CglibAutoProxyConfiguration'
2025-08-01 19:24:01.490 [main] DEBUG org.springframework.beans.factory.support.DefaultListableBeanFactory - Creating shared instance of singleton bean 'org.springframework.boot.autoconfigure.aop.AopAutoConfiguration$AspectJAutoProxyingConfiguration'
2025-08-01 19:24:01.493 [main] DEBUG org.springframework.beans.factory.support.DefaultListableBeanFactory - Creating shared instance of singleton bean 'org.springframework.boot.autoconfigure.aop.AopAutoConfiguration'
2025-08-01 19:24:01.496 [main] DEBUG org.springframework.beans.factory.support.DefaultListableBeanFactory - Creating shared instance of singleton bean 'org.springframework.boot.autoconfigure.context.ConfigurationPropertiesAutoConfiguration'
2025-08-01 19:24:01.499 [main] DEBUG org.springframework.beans.factory.support.DefaultListableBeanFactory - Creating shared instance of singleton bean 'org.springframework.boot.autoconfigure.context.LifecycleAutoConfiguration'
2025-08-01 19:24:01.502 [main] DEBUG org.springframework.beans.factory.support.DefaultListableBeanFactory - Creating shared instance of singleton bean 'lifecycleProcessor'
2025-08-01 19:24:01.504 [main] DEBUG org.springframework.beans.factory.support.DefaultListableBeanFactory - Creating shared instance of singleton bean 'spring.lifecycle-org.springframework.boot.autoconfigure.context.LifecycleProperties'
2025-08-01 19:24:01.507 [main] DEBUG org.springframework.beans.factory.support.DefaultListableBeanFactory - Autowiring by type from bean name 'lifecycleProcessor' via factory method to bean named 'spring.lifecycle-org.springframework.boot.autoconfigure.context.LifecycleProperties'
2025-08-01 19:24:01.514 [main] DEBUG org.springframework.beans.factory.support.DefaultListableBeanFactory - Creating shared instance of singleton bean 'org.springframework.boot.autoconfigure.dao.PersistenceExceptionTranslationAutoConfiguration'
2025-08-01 19:24:01.518 [main] DEBUG org.springframework.beans.factory.support.DefaultListableBeanFactory - Creating shared instance of singleton bean 'org.springframework.boot.autoconfigure.jdbc.JdbcTemplateConfiguration'
2025-08-01 19:24:01.522 [main] DEBUG org.springframework.beans.factory.support.DefaultListableBeanFactory - Creating shared instance of singleton bean 'jdbcTemplate'
2025-08-01 19:24:01.523 [main] DEBUG org.springframework.beans.factory.support.DefaultListableBeanFactory - Creating shared instance of singleton bean 'spring.jdbc-org.springframework.boot.autoconfigure.jdbc.JdbcProperties'
2025-08-01 19:24:01.527 [main] DEBUG org.springframework.beans.factory.support.DefaultListableBeanFactory - Autowiring by type from bean name 'jdbcTemplate' via factory method to bean named 'dataSource'
2025-08-01 19:24:01.527 [main] DEBUG org.springframework.beans.factory.support.DefaultListableBeanFactory - Autowiring by type from bean name 'jdbcTemplate' via factory method to bean named 'spring.jdbc-org.springframework.boot.autoconfigure.jdbc.JdbcProperties'
2025-08-01 19:24:01.540 [main] DEBUG org.springframework.beans.factory.support.DefaultListableBeanFactory - Creating shared instance of singleton bean 'org.springframework.boot.autoconfigure.jdbc.NamedParameterJdbcTemplateConfiguration'
2025-08-01 19:24:01.544 [main] DEBUG org.springframework.beans.factory.support.DefaultListableBeanFactory - Creating shared instance of singleton bean 'namedParameterJdbcTemplate'
2025-08-01 19:24:01.544 [main] DEBUG org.springframework.beans.factory.support.DefaultListableBeanFactory - Autowiring by type from bean name 'namedParameterJdbcTemplate' via factory method to bean named 'jdbcTemplate'
2025-08-01 19:24:01.551 [main] DEBUG org.springframework.beans.factory.support.DefaultListableBeanFactory - Creating shared instance of singleton bean 'org.springframework.boot.autoconfigure.jdbc.JdbcTemplateAutoConfiguration'
2025-08-01 19:24:01.555 [main] DEBUG org.springframework.beans.factory.support.DefaultListableBeanFactory - Creating shared instance of singleton bean 'org.springframework.boot.autoconfigure.jdbc.DataSourceTransactionManagerAutoConfiguration$JdbcTransactionManagerConfiguration'
2025-08-01 19:24:01.560 [main] DEBUG org.springframework.beans.factory.support.DefaultListableBeanFactory - Creating shared instance of singleton bean 'org.springframework.boot.autoconfigure.jdbc.DataSourceTransactionManagerAutoConfiguration'
2025-08-01 19:24:01.564 [main] DEBUG org.springframework.beans.factory.support.DefaultListableBeanFactory - Creating shared instance of singleton bean 'org.springframework.boot.autoconfigure.data.jdbc.JdbcRepositoriesAutoConfiguration$SpringBootJdbcConfiguration'
2025-08-01 19:24:01.565 [main] DEBUG org.springframework.beans.factory.support.DefaultListableBeanFactory - Creating shared instance of singleton bean 'spring.data.jdbc-org.springframework.boot.autoconfigure.data.jdbc.JdbcDataProperties'
2025-08-01 19:24:01.570 [main] DEBUG org.springframework.beans.factory.support.DefaultListableBeanFactory - Autowiring by type from bean name 'org.springframework.boot.autoconfigure.data.jdbc.JdbcRepositoriesAutoConfiguration$SpringBootJdbcConfiguration' via constructor to bean named 'org.springframework.web.context.support.GenericWebApplicationContext@3a5800c5'
2025-08-01 19:24:01.570 [main] DEBUG org.springframework.beans.factory.support.DefaultListableBeanFactory - Autowiring by type from bean name 'org.springframework.boot.autoconfigure.data.jdbc.JdbcRepositoriesAutoConfiguration$SpringBootJdbcConfiguration' via constructor to bean named 'spring.data.jdbc-org.springframework.boot.autoconfigure.data.jdbc.JdbcDataProperties'
2025-08-01 19:24:01.577 [main] DEBUG org.springframework.beans.factory.support.DefaultListableBeanFactory - Creating shared instance of singleton bean 'jdbcManagedTypes'
2025-08-01 19:24:01.972 [main] DEBUG org.springframework.beans.factory.support.DefaultListableBeanFactory - Creating shared instance of singleton bean 'jdbcMappingContext'
2025-08-01 19:24:01.979 [main] DEBUG org.springframework.beans.factory.support.DefaultListableBeanFactory - Creating shared instance of singleton bean 'jdbcCustomConversions'
2025-08-01 19:24:01.981 [main] DEBUG org.springframework.beans.factory.support.DefaultListableBeanFactory - Creating shared instance of singleton bean 'jdbcDialect'
2025-08-01 19:24:01.982 [main] DEBUG org.springframework.beans.factory.support.DefaultListableBeanFactory - Autowiring by type from bean name 'jdbcDialect' via factory method to bean named 'namedParameterJdbcTemplate'
2025-08-01 19:24:01.983 [main] DEBUG org.springframework.jdbc.datasource.DataSourceUtils - Fetching JDBC Connection from DataSource
2025-08-01 19:24:01.998 [main] DEBUG org.springframework.data.convert.CustomConversions - Adding converter from class java.sql.Timestamp to class java.time.LocalDateTime as reading converter
2025-08-01 19:24:01.999 [main] DEBUG org.springframework.data.convert.CustomConversions - Adding converter from class java.sql.Timestamp to class java.time.LocalDate as reading converter
2025-08-01 19:24:01.999 [main] DEBUG org.springframework.data.convert.CustomConversions - Adding converter from class java.time.LocalDate to class java.sql.Timestamp as writing converter
2025-08-01 19:24:02.000 [main] DEBUG org.springframework.data.convert.CustomConversions - Adding converter from class java.sql.Timestamp to class java.time.LocalTime as reading converter
2025-08-01 19:24:02.000 [main] DEBUG org.springframework.data.convert.CustomConversions - Adding converter from class java.time.LocalTime to class java.sql.Timestamp as writing converter
2025-08-01 19:24:02.001 [main] DEBUG org.springframework.data.convert.CustomConversions - Adding converter from class java.sql.Timestamp to class java.time.Instant as reading converter
2025-08-01 19:24:02.001 [main] DEBUG org.springframework.data.convert.CustomConversions - Adding converter from class java.time.Instant to class java.sql.Timestamp as writing converter
2025-08-01 19:24:02.002 [main] DEBUG org.springframework.data.convert.CustomConversions - Adding converter from class java.util.Date to class java.time.LocalDateTime as reading converter
2025-08-01 19:24:02.002 [main] DEBUG org.springframework.data.convert.CustomConversions - Adding converter from class java.time.LocalDateTime to class java.util.Date as writing converter
2025-08-01 19:24:02.003 [main] DEBUG org.springframework.data.convert.CustomConversions - Adding converter from class java.util.Date to class java.time.LocalDate as reading converter
2025-08-01 19:24:02.003 [main] DEBUG org.springframework.data.convert.CustomConversions - Adding converter from class java.time.LocalDate to class java.util.Date as writing converter
2025-08-01 19:24:02.004 [main] DEBUG org.springframework.data.convert.CustomConversions - Adding converter from class java.util.Date to class java.time.LocalTime as reading converter
2025-08-01 19:24:02.004 [main] DEBUG org.springframework.data.convert.CustomConversions - Adding converter from class java.time.LocalTime to class java.util.Date as writing converter
2025-08-01 19:24:02.005 [main] DEBUG org.springframework.data.convert.CustomConversions - Adding converter from class java.util.Date to class java.time.Instant as reading converter
2025-08-01 19:24:02.005 [main] DEBUG org.springframework.data.convert.CustomConversions - Adding converter from class java.time.Instant to class java.util.Date as writing converter
2025-08-01 19:24:02.006 [main] DEBUG org.springframework.data.convert.CustomConversions - Adding converter from class java.time.LocalDateTime to class java.time.Instant as reading converter
2025-08-01 19:24:02.006 [main] DEBUG org.springframework.data.convert.CustomConversions - Adding converter from class java.time.Instant to class java.time.LocalDateTime as reading converter
2025-08-01 19:24:02.007 [main] DEBUG org.springframework.data.convert.CustomConversions - Adding converter from class java.time.ZoneId to class java.lang.String as writing converter
2025-08-01 19:24:02.007 [main] DEBUG org.springframework.data.convert.CustomConversions - Adding converter from class java.lang.String to class java.time.ZoneId as reading converter
2025-08-01 19:24:02.007 [main] DEBUG org.springframework.data.convert.CustomConversions - Adding converter from class java.time.Duration to class java.lang.String as writing converter
2025-08-01 19:24:02.008 [main] DEBUG org.springframework.data.convert.CustomConversions - Adding converter from class java.lang.String to class java.time.Duration as reading converter
2025-08-01 19:24:02.008 [main] DEBUG org.springframework.data.convert.CustomConversions - Adding converter from class java.time.Period to class java.lang.String as writing converter
2025-08-01 19:24:02.009 [main] DEBUG org.springframework.data.convert.CustomConversions - Adding converter from class java.lang.String to class java.time.Period as reading converter
2025-08-01 19:24:02.009 [main] DEBUG org.springframework.data.convert.CustomConversions - Adding converter from class java.lang.String to class java.time.LocalDate as reading converter
2025-08-01 19:24:02.010 [main] DEBUG org.springframework.data.convert.CustomConversions - Adding converter from class java.lang.String to class java.time.LocalDateTime as reading converter
2025-08-01 19:24:02.010 [main] DEBUG org.springframework.data.convert.CustomConversions - Adding converter from class java.lang.String to class java.time.Instant as reading converter
2025-08-01 19:24:02.017 [main] DEBUG org.springframework.beans.factory.support.DefaultListableBeanFactory - Autowiring by type from bean name 'jdbcMappingContext' via factory method to bean named 'jdbcCustomConversions'
2025-08-01 19:24:02.018 [main] DEBUG org.springframework.beans.factory.support.DefaultListableBeanFactory - Autowiring by type from bean name 'jdbcMappingContext' via factory method to bean named 'jdbcManagedTypes'
2025-08-01 19:24:02.025 [main] DEBUG org.springframework.beans.factory.support.DefaultListableBeanFactory - Creating shared instance of singleton bean 'jdbcConverter'
2025-08-01 19:24:02.027 [main] DEBUG org.springframework.beans.factory.support.DefaultListableBeanFactory - Autowiring by type from bean name 'jdbcConverter' via factory method to bean named 'jdbcMappingContext'
2025-08-01 19:24:02.028 [main] DEBUG org.springframework.beans.factory.support.DefaultListableBeanFactory - Autowiring by type from bean name 'jdbcConverter' via factory method to bean named 'namedParameterJdbcTemplate'
2025-08-01 19:24:02.028 [main] DEBUG org.springframework.beans.factory.support.DefaultListableBeanFactory - Autowiring by type from bean name 'jdbcConverter' via factory method to bean named 'jdbcCustomConversions'
2025-08-01 19:24:02.028 [main] DEBUG org.springframework.beans.factory.support.DefaultListableBeanFactory - Autowiring by type from bean name 'jdbcConverter' via factory method to bean named 'jdbcDialect'
2025-08-01 19:24:02.043 [main] DEBUG org.springframework.beans.factory.support.DefaultListableBeanFactory - Creating shared instance of singleton bean 'jdbcAggregateTemplate'
2025-08-01 19:24:02.045 [main] DEBUG org.springframework.beans.factory.support.DefaultListableBeanFactory - Creating shared instance of singleton bean 'dataAccessStrategyBean'
2025-08-01 19:24:02.046 [main] DEBUG org.springframework.beans.factory.support.DefaultListableBeanFactory - Autowiring by type from bean name 'dataAccessStrategyBean' via factory method to bean named 'namedParameterJdbcTemplate'
2025-08-01 19:24:02.046 [main] DEBUG org.springframework.beans.factory.support.DefaultListableBeanFactory - Autowiring by type from bean name 'dataAccessStrategyBean' via factory method to bean named 'jdbcConverter'
2025-08-01 19:24:02.047 [main] DEBUG org.springframework.beans.factory.support.DefaultListableBeanFactory - Autowiring by type from bean name 'dataAccessStrategyBean' via factory method to bean named 'jdbcMappingContext'
2025-08-01 19:24:02.047 [main] DEBUG org.springframework.beans.factory.support.DefaultListableBeanFactory - Autowiring by type from bean name 'dataAccessStrategyBean' via factory method to bean named 'jdbcDialect'
2025-08-01 19:24:02.058 [main] DEBUG org.springframework.beans.factory.support.DefaultListableBeanFactory - Autowiring by type from bean name 'jdbcAggregateTemplate' via factory method to bean named 'org.springframework.web.context.support.GenericWebApplicationContext@3a5800c5'
2025-08-01 19:24:02.059 [main] DEBUG org.springframework.beans.factory.support.DefaultListableBeanFactory - Autowiring by type from bean name 'jdbcAggregateTemplate' via factory method to bean named 'jdbcMappingContext'
2025-08-01 19:24:02.059 [main] DEBUG org.springframework.beans.factory.support.DefaultListableBeanFactory - Autowiring by type from bean name 'jdbcAggregateTemplate' via factory method to bean named 'jdbcConverter'
2025-08-01 19:24:02.059 [main] DEBUG org.springframework.beans.factory.support.DefaultListableBeanFactory - Autowiring by type from bean name 'jdbcAggregateTemplate' via factory method to bean named 'dataAccessStrategyBean'
2025-08-01 19:24:02.067 [main] DEBUG org.springframework.beans.factory.support.DefaultListableBeanFactory - Creating shared instance of singleton bean 'org.springframework.boot.autoconfigure.data.jdbc.JdbcRepositoriesAutoConfiguration$JdbcRepositoriesConfiguration'
2025-08-01 19:24:02.071 [main] DEBUG org.springframework.beans.factory.support.DefaultListableBeanFactory - Creating shared instance of singleton bean 'data-jdbc.repository-aot-processor#0'
2025-08-01 19:24:02.078 [main] DEBUG org.springframework.beans.factory.support.DefaultListableBeanFactory - Creating shared instance of singleton bean 'org.springframework.boot.autoconfigure.data.jdbc.JdbcRepositoriesAutoConfiguration'
2025-08-01 19:24:02.082 [main] DEBUG org.springframework.beans.factory.support.DefaultListableBeanFactory - Creating shared instance of singleton bean 'org.springframework.boot.autoconfigure.data.jpa.JpaRepositoriesAutoConfiguration'
2025-08-01 19:24:02.086 [main] DEBUG org.springframework.beans.factory.support.DefaultListableBeanFactory - Creating shared instance of singleton bean 'org.springframework.data.jpa.util.JpaMetamodelCacheCleanup'
2025-08-01 19:24:02.089 [main] DEBUG org.springframework.beans.factory.support.DefaultListableBeanFactory - Creating shared instance of singleton bean 'org.springframework.data.jpa.repository.support.JpaEvaluationContextExtension'
2025-08-01 19:24:02.094 [main] DEBUG org.springframework.beans.factory.support.DefaultListableBeanFactory - Creating shared instance of singleton bean 'jpa.named-queries#4'
2025-08-01 19:24:02.099 [main] DEBUG org.springframework.beans.factory.support.DefaultListableBeanFactory - Creating shared instance of singleton bean 'jpa.AdminRepository.fragments#0'
2025-08-01 19:24:02.100 [main] DEBUG org.springframework.beans.factory.support.DefaultListableBeanFactory - Creating shared instance of singleton bean 'adminRepository'
2025-08-01 19:24:02.106 [main] DEBUG org.springframework.orm.jpa.SharedEntityManagerCreator$SharedEntityManagerInvocationHandler - Creating new EntityManager for shared EntityManager invocation
2025-08-01 19:24:02.111 [main] DEBUG org.springframework.data.repository.core.support.RepositoryFactorySupport - Initializing repository instance for com.example.trainup.repository.AdminRepository…
2025-08-01 19:24:02.112 [main] DEBUG org.springframework.orm.jpa.SharedEntityManagerCreator$SharedEntityManagerInvocationHandler - Creating new EntityManager for shared EntityManager invocation
2025-08-01 19:24:02.113 [main] DEBUG org.springframework.data.repository.core.support.RepositoryFactorySupport - Finished creation of repository instance for com.example.trainup.repository.AdminRepository.
2025-08-01 19:24:02.116 [main] DEBUG org.springframework.beans.factory.support.DefaultListableBeanFactory - Creating shared instance of singleton bean 'data-jpa.repository-aot-processor#0'
2025-08-01 19:24:02.123 [main] DEBUG org.springframework.beans.factory.support.DefaultListableBeanFactory - Creating shared instance of singleton bean 'org.springframework.data.web.config.ProjectingArgumentResolverRegistrar'
2025-08-01 19:24:02.127 [main] DEBUG org.springframework.beans.factory.support.DefaultListableBeanFactory - Creating shared instance of singleton bean 'offsetResolver'
2025-08-01 19:24:02.135 [main] DEBUG org.springframework.beans.factory.support.DefaultListableBeanFactory - Creating shared instance of singleton bean 'org.springframework.boot.autoconfigure.jdbc.JdbcClientAutoConfiguration'
2025-08-01 19:24:02.139 [main] DEBUG org.springframework.beans.factory.support.DefaultListableBeanFactory - Creating shared instance of singleton bean 'jdbcClient'
2025-08-01 19:24:02.140 [main] DEBUG org.springframework.beans.factory.support.DefaultListableBeanFactory - Autowiring by type from bean name 'jdbcClient' via factory method to bean named 'namedParameterJdbcTemplate'
2025-08-01 19:24:02.146 [main] DEBUG org.springframework.beans.factory.support.DefaultListableBeanFactory - Creating shared instance of singleton bean 'org.springframework.boot.autoconfigure.netty.NettyAutoConfiguration'
2025-08-01 19:24:02.148 [main] DEBUG org.springframework.beans.factory.support.DefaultListableBeanFactory - Creating shared instance of singleton bean 'spring.netty-org.springframework.boot.autoconfigure.netty.NettyProperties'
2025-08-01 19:24:02.153 [main] DEBUG org.springframework.beans.factory.support.DefaultListableBeanFactory - Autowiring by type from bean name 'org.springframework.boot.autoconfigure.netty.NettyAutoConfiguration' via constructor to bean named 'spring.netty-org.springframework.boot.autoconfigure.netty.NettyProperties'
2025-08-01 19:24:02.157 [main] DEBUG org.springframework.beans.factory.support.DefaultListableBeanFactory - Creating shared instance of singleton bean 'org.springframework.boot.autoconfigure.reactor.ReactorAutoConfiguration'
2025-08-01 19:24:02.158 [main] DEBUG org.springframework.beans.factory.support.DefaultListableBeanFactory - Creating shared instance of singleton bean 'spring.reactor-org.springframework.boot.autoconfigure.reactor.ReactorProperties'
2025-08-01 19:24:02.163 [main] DEBUG org.springframework.beans.factory.support.DefaultListableBeanFactory - Autowiring by type from bean name 'org.springframework.boot.autoconfigure.reactor.ReactorAutoConfiguration' via constructor to bean named 'spring.reactor-org.springframework.boot.autoconfigure.reactor.ReactorProperties'
2025-08-01 19:24:02.167 [main] DEBUG org.springframework.beans.factory.support.DefaultListableBeanFactory - Creating shared instance of singleton bean 'org.springframework.boot.autoconfigure.security.reactive.ReactiveSecurityAutoConfiguration'
2025-08-01 19:24:02.171 [main] DEBUG org.springframework.beans.factory.support.DefaultListableBeanFactory - Creating shared instance of singleton bean 'spring.security-org.springframework.boot.autoconfigure.security.SecurityProperties'
2025-08-01 19:24:02.175 [main] DEBUG org.springframework.beans.factory.support.DefaultListableBeanFactory - Creating shared instance of singleton bean 'org.springframework.security.config.annotation.web.configuration.WebSecurityConfiguration'
2025-08-01 19:24:02.185 [main] DEBUG org.springframework.beans.factory.support.DefaultListableBeanFactory - Creating shared instance of singleton bean 'filterChainDecoratorPostProcessor'
2025-08-01 19:24:02.191 [main] DEBUG org.springframework.beans.factory.support.DefaultListableBeanFactory - Creating shared instance of singleton bean 'mvcHandlerMappingIntrospectorRequestTransformer'
2025-08-01 19:24:02.211 [main] DEBUG org.springframework.beans.factory.support.DefaultListableBeanFactory - Creating shared instance of singleton bean 'delegatingApplicationListener'
2025-08-01 19:24:02.215 [main] DEBUG org.springframework.beans.factory.support.DefaultListableBeanFactory - Creating shared instance of singleton bean 'springSecurityFilterChain'
2025-08-01 19:24:02.245 [main] DEBUG org.springframework.beans.factory.support.DefaultListableBeanFactory - Creating shared instance of singleton bean 'webSecurityExpressionHandler'
2025-08-01 19:24:02.247 [main] DEBUG org.springframework.beans.factory.support.DefaultListableBeanFactory - Creating shared instance of singleton bean 'privilegeEvaluator'
2025-08-01 19:24:02.251 [main] DEBUG org.springframework.beans.factory.support.DefaultListableBeanFactory - Creating shared instance of singleton bean 'requestDataValueProcessor'
2025-08-01 19:24:02.255 [main] DEBUG org.springframework.beans.factory.support.DefaultListableBeanFactory - Creating shared instance of singleton bean 'org.springframework.security.config.annotation.web.configuration.ObservationConfiguration'
2025-08-01 19:24:02.259 [main] DEBUG org.springframework.beans.factory.support.DefaultListableBeanFactory - Creating shared instance of singleton bean 'org.springframework.boot.autoconfigure.security.servlet.SpringBootWebSecurityConfiguration'
2025-08-01 19:24:02.262 [main] DEBUG org.springframework.beans.factory.support.DefaultListableBeanFactory - Creating shared instance of singleton bean 'org.springframework.boot.autoconfigure.security.servlet.SecurityFilterAutoConfiguration'
2025-08-01 19:24:02.267 [main] DEBUG org.springframework.beans.factory.support.DefaultListableBeanFactory - Creating shared instance of singleton bean 'securityFilterChainRegistration'
2025-08-01 19:24:02.269 [main] DEBUG org.springframework.beans.factory.support.DefaultListableBeanFactory - Autowiring by type from bean name 'securityFilterChainRegistration' via factory method to bean named 'spring.security-org.springframework.boot.autoconfigure.security.SecurityProperties'
2025-08-01 19:24:02.273 [main] DEBUG org.springframework.beans.factory.support.DefaultListableBeanFactory - Creating shared instance of singleton bean 'org.springframework.boot.autoconfigure.sql.init.SqlInitializationAutoConfiguration'
2025-08-01 19:24:02.277 [main] DEBUG org.springframework.beans.factory.support.DefaultListableBeanFactory - Creating shared instance of singleton bean 'org.springframework.boot.autoconfigure.transaction.TransactionAutoConfiguration$EnableTransactionManagementConfiguration$CglibAutoProxyConfiguration'
2025-08-01 19:24:02.280 [main] DEBUG org.springframework.beans.factory.support.DefaultListableBeanFactory - Creating shared instance of singleton bean 'org.springframework.boot.autoconfigure.transaction.TransactionAutoConfiguration$EnableTransactionManagementConfiguration'
2025-08-01 19:24:02.283 [main] DEBUG org.springframework.beans.factory.support.DefaultListableBeanFactory - Creating shared instance of singleton bean 'org.springframework.boot.autoconfigure.transaction.TransactionAutoConfiguration$TransactionTemplateConfiguration'
2025-08-01 19:24:02.286 [main] DEBUG org.springframework.beans.factory.support.DefaultListableBeanFactory - Creating shared instance of singleton bean 'transactionTemplate'
2025-08-01 19:24:02.287 [main] DEBUG org.springframework.beans.factory.support.DefaultListableBeanFactory - Autowiring by type from bean name 'transactionTemplate' via factory method to bean named 'transactionManager'
2025-08-01 19:24:02.299 [main] DEBUG org.springframework.beans.factory.support.DefaultListableBeanFactory - Creating shared instance of singleton bean 'org.springframework.boot.autoconfigure.transaction.TransactionAutoConfiguration'
2025-08-01 19:24:02.303 [main] DEBUG org.springframework.beans.factory.support.DefaultListableBeanFactory - Creating shared instance of singleton bean 'characterEncodingFilter'
2025-08-01 19:24:02.311 [main] DEBUG org.springframework.beans.factory.support.DefaultListableBeanFactory - Creating shared instance of singleton bean 'multipartResolver'
2025-08-01 19:24:02.315 [main] DEBUG org.springframework.beans.factory.support.DefaultListableBeanFactory - Creating shared instance of singleton bean 'payloadRootAnnotationMethodEndpointMapping'
2025-08-01 19:24:02.318 [main] DEBUG org.springframework.ws.server.endpoint.mapping.PayloadRootAnnotationMethodEndpointMapping - Looking for endpoints in application context: org.springframework.web.context.support.GenericWebApplicationContext@3a5800c5, started on Fri Aug 01 19:23:36 UTC 2025
2025-08-01 19:24:02.332 [main] DEBUG org.springframework.beans.factory.support.DefaultListableBeanFactory - Creating shared instance of singleton bean 'soapActionAnnotationMethodEndpointMapping'
2025-08-01 19:24:02.335 [main] DEBUG org.springframework.ws.soap.server.endpoint.mapping.SoapActionAnnotationMethodEndpointMapping - Looking for endpoints in application context: org.springframework.web.context.support.GenericWebApplicationContext@3a5800c5, started on Fri Aug 01 19:23:36 UTC 2025
2025-08-01 19:24:02.343 [main] DEBUG org.springframework.beans.factory.support.DefaultListableBeanFactory - Creating shared instance of singleton bean 'defaultMethodEndpointAdapter'
2025-08-01 19:24:02.360 [main] DEBUG org.springframework.ws.server.endpoint.adapter.DefaultMethodEndpointAdapter - No MethodArgumentResolvers set, using defaults: [org.springframework.ws.server.endpoint.adapter.method.dom.DomPayloadMethodProcessor@4c6ca19, org.springframework.ws.server.endpoint.adapter.method.MessageContextMethodArgumentResolver@579bcf8d, org.springframework.ws.server.endpoint.adapter.method.SourcePayloadMethodProcessor@363b66c5, org.springframework.ws.server.endpoint.adapter.method.XPathParamMethodArgumentResolver@2600d3bb, org.springframework.ws.soap.server.endpoint.adapter.method.SoapMethodArgumentResolver@14245360, org.springframework.ws.soap.server.endpoint.adapter.method.SoapHeaderElementMethodArgumentResolver@1d4a11ce, org.springframework.ws.server.endpoint.adapter.method.jaxb.XmlRootElementPayloadMethodProcessor@702a41ec, org.springframework.ws.server.endpoint.adapter.method.jaxb.JaxbElementPayloadMethodProcessor@5017c959, org.springframework.ws.server.endpoint.adapter.method.StaxPayloadMethodArgumentResolver@669e2f68]
2025-08-01 19:24:02.370 [main] DEBUG org.springframework.ws.server.endpoint.adapter.DefaultMethodEndpointAdapter - No MethodReturnValueHandlers set, using defaults: [org.springframework.ws.server.endpoint.adapter.method.dom.DomPayloadMethodProcessor@2b978614, org.springframework.ws.server.endpoint.adapter.method.SourcePayloadMethodProcessor@91097ab, org.springframework.ws.server.endpoint.adapter.method.jaxb.XmlRootElementPayloadMethodProcessor@67a3cad1, org.springframework.ws.server.endpoint.adapter.method.jaxb.JaxbElementPayloadMethodProcessor@70d15c22]
2025-08-01 19:24:02.381 [main] DEBUG org.springframework.beans.factory.support.DefaultListableBeanFactory - Creating shared instance of singleton bean 'soapFaultAnnotationExceptionResolver'
2025-08-01 19:24:02.391 [main] DEBUG org.springframework.beans.factory.support.DefaultListableBeanFactory - Creating shared instance of singleton bean 'simpleSoapExceptionResolver'
2025-08-01 19:24:02.396 [main] DEBUG org.springframework.beans.factory.support.DefaultListableBeanFactory - Creating shared instance of singleton bean 'org.springframework.boot.autoconfigure.webservices.WebServicesAutoConfiguration$WsConfiguration'
2025-08-01 19:24:02.399 [main] DEBUG org.springframework.beans.factory.support.DefaultListableBeanFactory - Creating shared instance of singleton bean 'org.springframework.boot.autoconfigure.webservices.WebServicesAutoConfiguration'
2025-08-01 19:24:02.402 [main] DEBUG org.springframework.beans.factory.support.DefaultListableBeanFactory - Creating shared instance of singleton bean 'messageDispatcherServlet'
2025-08-01 19:24:02.404 [main] DEBUG org.springframework.beans.factory.support.DefaultListableBeanFactory - Creating shared instance of singleton bean 'spring.webservices-org.springframework.boot.autoconfigure.webservices.WebServicesProperties'
2025-08-01 19:24:02.408 [main] DEBUG org.springframework.beans.factory.support.DefaultListableBeanFactory - Autowiring by type from bean name 'messageDispatcherServlet' via factory method to bean named 'org.springframework.web.context.support.GenericWebApplicationContext@3a5800c5'
2025-08-01 19:24:02.408 [main] DEBUG org.springframework.beans.factory.support.DefaultListableBeanFactory - Autowiring by type from bean name 'messageDispatcherServlet' via factory method to bean named 'spring.webservices-org.springframework.boot.autoconfigure.webservices.WebServicesProperties'
2025-08-01 19:24:02.412 [main] DEBUG org.springframework.beans.factory.support.DefaultListableBeanFactory - Creating shared instance of singleton bean 'org.springframework.boot.autoconfigure.webservices.client.WebServiceTemplateAutoConfiguration'
2025-08-01 19:24:02.416 [main] DEBUG org.springframework.beans.factory.support.DefaultListableBeanFactory - Creating shared instance of singleton bean 'webServiceHttpMessageSenderFactory'
2025-08-01 19:24:02.432 [main] DEBUG org.springframework.beans.factory.support.DefaultListableBeanFactory - Creating shared instance of singleton bean 'webServiceTemplateBuilder'
2025-08-01 19:24:02.438 [main] DEBUG org.springframework.beans.factory.support.DefaultListableBeanFactory - Creating shared instance of singleton bean 'org.springframework.boot.test.autoconfigure.web.reactive.WebTestClientSecurityConfiguration'
2025-08-01 19:24:02.441 [main] DEBUG org.springframework.beans.factory.support.DefaultListableBeanFactory - Creating shared instance of singleton bean 'mockServerConfigurer'
2025-08-01 19:24:02.447 [main] DEBUG org.springframework.beans.factory.support.DefaultListableBeanFactory - Creating shared instance of singleton bean 'org.springframework.boot.test.autoconfigure.web.reactive.WebTestClientAutoConfiguration'
2025-08-01 19:24:02.451 [main] DEBUG org.springframework.beans.factory.support.DefaultListableBeanFactory - Creating shared instance of singleton bean 'springBootWebTestClientBuilderCustomizer'
2025-08-01 19:24:02.456 [main] DEBUG org.springframework.beans.factory.support.DefaultListableBeanFactory - Creating shared instance of singleton bean 'org.springframework.boot.test.autoconfigure.web.servlet.MockMvcAutoConfiguration$WebTestClientMockMvcConfiguration'
2025-08-01 19:24:02.459 [main] DEBUG org.springframework.beans.factory.support.DefaultListableBeanFactory - Creating shared instance of singleton bean 'webTestClient'
2025-08-01 19:24:02.460 [main] DEBUG org.springframework.beans.factory.support.DefaultListableBeanFactory - Creating shared instance of singleton bean 'mockMvc'
2025-08-01 19:24:02.460 [main] DEBUG org.springframework.beans.factory.support.DefaultListableBeanFactory - Creating shared instance of singleton bean 'org.springframework.boot.test.autoconfigure.web.servlet.MockMvcConfiguration'
2025-08-01 19:24:02.463 [main] DEBUG org.springframework.beans.factory.support.DefaultListableBeanFactory - Autowiring by type from bean name 'org.springframework.boot.test.autoconfigure.web.servlet.MockMvcConfiguration' via constructor to bean named 'org.springframework.web.context.support.GenericWebApplicationContext@3a5800c5'
2025-08-01 19:24:02.463 [main] DEBUG org.springframework.beans.factory.support.DefaultListableBeanFactory - Autowiring by type from bean name 'org.springframework.boot.test.autoconfigure.web.servlet.MockMvcConfiguration' via constructor to bean named 'spring.mvc-org.springframework.boot.autoconfigure.web.servlet.WebMvcProperties'
2025-08-01 19:24:02.468 [main] DEBUG org.springframework.beans.factory.support.DefaultListableBeanFactory - Creating shared instance of singleton bean 'mockMvcBuilder'
2025-08-01 19:24:02.470 [main] DEBUG org.springframework.beans.factory.support.DefaultListableBeanFactory - Creating shared instance of singleton bean 'springBootMockMvcBuilderCustomizer'
2025-08-01 19:24:02.475 [main] DEBUG org.springframework.beans.factory.support.DefaultListableBeanFactory - Creating shared instance of singleton bean 'securityMockMvcBuilderCustomizer'
2025-08-01 19:24:02.475 [main] DEBUG org.springframework.beans.factory.support.DefaultListableBeanFactory - Creating shared instance of singleton bean 'org.springframework.boot.test.autoconfigure.web.servlet.MockMvcSecurityConfiguration'
2025-08-01 19:24:02.482 [main] DEBUG org.springframework.beans.factory.support.DefaultListableBeanFactory - Autowiring by type from bean name 'mockMvcBuilder' via factory method to bean named 'springBootMockMvcBuilderCustomizer'
2025-08-01 19:24:02.482 [main] DEBUG org.springframework.beans.factory.support.DefaultListableBeanFactory - Autowiring by type from bean name 'mockMvcBuilder' via factory method to bean named 'securityMockMvcBuilderCustomizer'
2025-08-01 19:24:02.486 [main] DEBUG org.springframework.boot.web.servlet.ServletContextInitializerBeans - Mapping filters: forwardedHeaderFilter urls=[/*] order=-2147483648, webMvcObservationFilter urls=[/*] order=-2147483647, springSecurityFilterChain urls=[/*] order=-100, characterEncodingFilter urls=[/*] order=-2147483648, formContentFilter urls=[/*] order=-9900, requestContextFilter urls=[/*] order=-105, jwtAuthenticationFilter urls=[/*] order=2147483647
2025-08-01 19:24:02.486 [main] DEBUG org.springframework.boot.web.servlet.ServletContextInitializerBeans - Mapping servlets: 
2025-08-01 19:24:02.496 [main] DEBUG org.springframework.beans.factory.support.DefaultListableBeanFactory - Autowiring by type from bean name 'mockMvc' via factory method to bean named 'mockMvcBuilder'
2025-08-01 19:24:02.497 [main] DEBUG org.springframework.web.filter.ForwardedHeaderFilter - Filter 'forwardedHeaderFilter' configured for use
2025-08-01 19:24:02.497 [main] DEBUG org.springframework.boot.web.servlet.filter.OrderedCharacterEncodingFilter - Filter 'characterEncodingFilter' configured for use
2025-08-01 19:24:02.498 [main] DEBUG org.springframework.web.filter.ServerHttpObservationFilter - Filter 'webMvcObservationFilter' configured for use
2025-08-01 19:24:02.498 [main] DEBUG org.springframework.boot.web.servlet.filter.OrderedFormContentFilter - Filter 'formContentFilter' configured for use
2025-08-01 19:24:02.499 [main] DEBUG org.springframework.boot.web.servlet.filter.OrderedRequestContextFilter - Filter 'requestContextFilter' configured for use
2025-08-01 19:24:02.499 [main] DEBUG org.springframework.boot.web.servlet.DelegatingFilterProxyRegistrationBean$1 - Filter 'springSecurityFilterChain' configured for use
2025-08-01 19:24:02.499 [main] DEBUG com.example.trainup.security.JwtAuthenticationFilter - Filter 'jwtAuthenticationFilter' configured for use
2025-08-01 19:24:02.500 [main] INFO  org.springframework.boot.test.mock.web.SpringBootMockServletContext - Initializing Spring TestDispatcherServlet ''
2025-08-01 19:24:02.500 [main] INFO  org.springframework.test.web.servlet.TestDispatcherServlet - Initializing Servlet ''
2025-08-01 19:24:02.500 [main] DEBUG org.springframework.test.web.servlet.TestDispatcherServlet - Detected StandardServletMultipartResolver
2025-08-01 19:24:02.501 [main] DEBUG org.springframework.test.web.servlet.TestDispatcherServlet - Detected AcceptHeaderLocaleResolver
2025-08-01 19:24:02.501 [main] DEBUG org.springframework.test.web.servlet.TestDispatcherServlet - Detected FixedThemeResolver
2025-08-01 19:24:02.504 [main] DEBUG org.springframework.test.web.servlet.TestDispatcherServlet - Detected org.springframework.web.servlet.view.DefaultRequestToViewNameTranslator@1539d528
2025-08-01 19:24:02.504 [main] DEBUG org.springframework.test.web.servlet.TestDispatcherServlet - Detected org.springframework.web.servlet.support.SessionFlashMapManager@805c59b
2025-08-01 19:24:02.505 [main] DEBUG org.springframework.test.web.servlet.TestDispatcherServlet - enableLoggingRequestDetails='false': request parameters and headers will be masked to prevent unsafe logging of potentially sensitive data
2025-08-01 19:24:02.505 [main] INFO  org.springframework.test.web.servlet.TestDispatcherServlet - Completed initialization in 5 ms
2025-08-01 19:24:02.510 [main] DEBUG org.springframework.beans.factory.support.DefaultListableBeanFactory - Autowiring by type from bean name 'webTestClient' via factory method to bean named 'mockMvc'
2025-08-01 19:24:02.510 [main] DEBUG org.springframework.beans.factory.support.DefaultListableBeanFactory - Autowiring by type from bean name 'webTestClient' via factory method to bean named 'springBootWebTestClientBuilderCustomizer'
2025-08-01 19:24:02.520 [main] DEBUG org.springframework.beans.factory.support.DefaultListableBeanFactory - Creating shared instance of singleton bean 'org.springframework.boot.test.autoconfigure.web.servlet.MockMvcTesterConfiguration'
2025-08-01 19:24:02.524 [main] DEBUG org.springframework.beans.factory.support.DefaultListableBeanFactory - Creating shared instance of singleton bean 'mockMvcTester'
2025-08-01 19:24:02.525 [main] DEBUG org.springframework.beans.factory.support.DefaultListableBeanFactory - Autowiring by type from bean name 'mockMvcTester' via factory method to bean named 'mockMvc'
2025-08-01 19:24:02.530 [main] DEBUG org.springframework.beans.factory.support.DefaultListableBeanFactory - Creating shared instance of singleton bean 'org.springframework.boot.test.autoconfigure.web.servlet.MockMvcAutoConfiguration'
2025-08-01 19:24:02.534 [main] DEBUG org.springframework.beans.factory.support.DefaultListableBeanFactory - Creating shared instance of singleton bean 'org.springframework.boot.actuate.autoconfigure.endpoint.web.ServletEndpointManagementContextConfiguration$WebMvcServletEndpointManagementContextConfiguration'
2025-08-01 19:24:02.538 [main] DEBUG org.springframework.beans.factory.support.DefaultListableBeanFactory - Creating shared instance of singleton bean 'servletEndpointRegistrar'
2025-08-01 19:24:02.540 [main] DEBUG org.springframework.beans.factory.support.DefaultListableBeanFactory - Autowiring by type from bean name 'servletEndpointRegistrar' via factory method to bean named 'management.endpoints.web-org.springframework.boot.actuate.autoconfigure.endpoint.web.WebEndpointProperties'
2025-08-01 19:24:02.541 [main] DEBUG org.springframework.beans.factory.support.DefaultListableBeanFactory - Autowiring by type from bean name 'servletEndpointRegistrar' via factory method to bean named 'servletEndpointDiscoverer'
2025-08-01 19:24:02.541 [main] DEBUG org.springframework.beans.factory.support.DefaultListableBeanFactory - Autowiring by type from bean name 'servletEndpointRegistrar' via factory method to bean named 'dispatcherServletRegistration'
2025-08-01 19:24:02.542 [main] DEBUG org.springframework.beans.factory.support.DefaultListableBeanFactory - Autowiring by type from bean name 'servletEndpointRegistrar' via factory method to bean named 'propertiesEndpointAccessResolver'
2025-08-01 19:24:02.545 [main] DEBUG org.springframework.beans.factory.support.DefaultListableBeanFactory - Creating shared instance of singleton bean 'org.springframework.boot.actuate.autoconfigure.security.servlet.SecurityRequestMatchersManagementContextConfiguration$MvcRequestMatcherConfiguration'
2025-08-01 19:24:02.549 [main] DEBUG org.springframework.beans.factory.support.DefaultListableBeanFactory - Creating shared instance of singleton bean 'requestMatcherProvider'
2025-08-01 19:24:02.549 [main] DEBUG org.springframework.beans.factory.support.DefaultListableBeanFactory - Autowiring by type from bean name 'requestMatcherProvider' via factory method to bean named 'dispatcherServletRegistration'
2025-08-01 19:24:02.553 [main] DEBUG org.springframework.beans.factory.support.DefaultListableBeanFactory - Creating shared instance of singleton bean 'org.springframework.boot.actuate.autoconfigure.security.servlet.SecurityRequestMatchersManagementContextConfiguration'
2025-08-01 19:24:02.557 [main] DEBUG org.springframework.beans.factory.support.DefaultListableBeanFactory - Creating shared instance of singleton bean 'org.springframework.boot.actuate.autoconfigure.web.server.ManagementContextAutoConfiguration$SameManagementContextConfiguration$EnableSameManagementContextConfiguration'
2025-08-01 19:24:02.561 [main] DEBUG org.springframework.beans.factory.support.DefaultListableBeanFactory - Creating shared instance of singleton bean 'org.springframework.boot.actuate.autoconfigure.web.server.ManagementContextAutoConfiguration$SameManagementContextConfiguration'
2025-08-01 19:24:02.562 [main] DEBUG org.springframework.beans.factory.support.DefaultListableBeanFactory - Autowiring by type from bean name 'org.springframework.boot.actuate.autoconfigure.web.server.ManagementContextAutoConfiguration$SameManagementContextConfiguration' via constructor to bean named 'environment'
2025-08-01 19:24:02.566 [main] DEBUG org.springframework.beans.factory.support.DefaultListableBeanFactory - Creating shared instance of singleton bean 'org.springframework.boot.actuate.autoconfigure.web.server.ManagementContextAutoConfiguration'
2025-08-01 19:24:02.570 [main] DEBUG org.springframework.beans.factory.support.DefaultListableBeanFactory - Creating shared instance of singleton bean 'management.server-org.springframework.boot.actuate.autoconfigure.web.server.ManagementServerProperties'
2025-08-01 19:24:02.606 [main] DEBUG org.springframework.context.support.DefaultLifecycleProcessor - Starting beans in phase -2147483647
2025-08-01 19:24:02.607 [main] DEBUG org.springframework.context.support.DefaultLifecycleProcessor - Successfully started bean 'springBootLoggingLifecycle'
2025-08-01 19:24:02.607 [main] DEBUG org.springframework.context.support.DefaultLifecycleProcessor - Starting beans in phase 0
2025-08-01 19:24:02.608 [main] DEBUG org.springframework.context.support.DefaultLifecycleProcessor - Successfully started bean 'reactorResourceFactory'
2025-08-01 19:24:02.608 [main] DEBUG org.springframework.context.support.DefaultLifecycleProcessor - Starting beans in phase 1073741823
2025-08-01 19:24:02.631 [main] DEBUG org.springframework.boot.autoconfigure.logging.ConditionEvaluationReportLogger - 


============================
CONDITIONS EVALUATION REPORT
============================


Positive matches:
-----------------

   AopAutoConfiguration matched:
      - @ConditionalOnProperty (spring.aop.auto=true) matched (OnPropertyCondition)

   AopAutoConfiguration.AspectJAutoProxyingConfiguration matched:
      - @ConditionalOnClass found required class 'org.aspectj.weaver.Advice' (OnClassCondition)

   AopAutoConfiguration.AspectJAutoProxyingConfiguration.CglibAutoProxyConfiguration matched:
      - @ConditionalOnProperty (spring.aop.proxy-target-class=true) matched (OnPropertyCondition)

   ApplicationAvailabilityAutoConfiguration#applicationAvailability matched:
      - @ConditionalOnMissingBean (types: org.springframework.boot.availability.ApplicationAvailability; SearchStrategy: all) did not find any beans (OnBeanCondition)

   CacheMeterBinderProvidersConfiguration matched:
      - @ConditionalOnClass found required class 'io.micrometer.core.instrument.binder.MeterBinder' (OnClassCondition)

   ClientHttpConnectorAutoConfiguration matched:
      - @ConditionalOnClass found required class 'org.springframework.web.reactive.function.client.WebClient' (OnClassCondition)

   ClientHttpConnectorAutoConfiguration#webClientHttpConnector matched:
      - @ConditionalOnMissingBean (types: org.springframework.http.client.reactive.ClientHttpConnector; SearchStrategy: all) did not find any beans (OnBeanCondition)

   ClientHttpConnectorAutoConfiguration#webClientHttpConnectorCustomizer matched:
      - @ConditionalOnBean (types: org.springframework.http.client.reactive.ClientHttpConnector; SearchStrategy: all) found bean 'webClientHttpConnector' (OnBeanCondition)

   ClientHttpConnectorFactoryConfiguration.ReactorNetty matched:
      - @ConditionalOnClass found required class 'reactor.netty.http.client.HttpClient' (OnClassCondition)
      - @ConditionalOnMissingBean (types: org.springframework.boot.autoconfigure.web.reactive.function.client.ClientHttpConnectorFactory; SearchStrategy: all) did not find any beans (OnBeanCondition)

   CodecsAutoConfiguration matched:
      - @ConditionalOnClass found required classes 'org.springframework.http.codec.CodecConfigurer', 'org.springframework.web.reactive.function.client.WebClient' (OnClassCondition)

   CodecsAutoConfiguration.JacksonCodecConfiguration matched:
      - @ConditionalOnClass found required class 'com.fasterxml.jackson.databind.ObjectMapper' (OnClassCondition)

   CodecsAutoConfiguration.JacksonCodecConfiguration#jacksonCodecCustomizer matched:
      - @ConditionalOnBean (types: com.fasterxml.jackson.databind.ObjectMapper; SearchStrategy: all) found bean 'jacksonObjectMapper' (OnBeanCondition)

   CompositeMeterRegistryAutoConfiguration matched:
      - @ConditionalOnClass found required class 'io.micrometer.core.instrument.composite.CompositeMeterRegistry' (OnClassCondition)

   DataSourceAutoConfiguration matched:
      - @ConditionalOnClass found required classes 'javax.sql.DataSource', 'org.springframework.jdbc.datasource.embedded.EmbeddedDatabaseType' (OnClassCondition)
      - @ConditionalOnMissingBean (types: io.r2dbc.spi.ConnectionFactory; SearchStrategy: all) did not find any beans (OnBeanCondition)

   DataSourceAutoConfiguration.PooledDataSourceConfiguration matched:
      - AnyNestedCondition 1 matched 1 did not; NestedCondition on DataSourceAutoConfiguration.PooledDataSourceCondition.PooledDataSourceAvailable PooledDataSource found supported DataSource; NestedCondition on DataSourceAutoConfiguration.PooledDataSourceCondition.ExplicitType @ConditionalOnProperty (spring.datasource.type) did not find property 'type' (DataSourceAutoConfiguration.PooledDataSourceCondition)
      - @ConditionalOnMissingBean (types: javax.sql.DataSource,javax.sql.XADataSource; SearchStrategy: all) did not find any beans (OnBeanCondition)

   DataSourceAutoConfiguration.PooledDataSourceConfiguration#jdbcConnectionDetails matched:
      - @ConditionalOnMissingBean (types: org.springframework.boot.autoconfigure.jdbc.JdbcConnectionDetails; SearchStrategy: all) did not find any beans (OnBeanCondition)

   DataSourceConfiguration.Hikari matched:
      - @ConditionalOnClass found required class 'com.zaxxer.hikari.HikariDataSource' (OnClassCondition)
      - @ConditionalOnProperty (spring.datasource.type=com.zaxxer.hikari.HikariDataSource) matched (OnPropertyCondition)
      - @ConditionalOnMissingBean (types: javax.sql.DataSource; SearchStrategy: all) did not find any beans (OnBeanCondition)

   DataSourceHealthContributorAutoConfiguration matched:
      - @ConditionalOnClass found required classes 'org.springframework.jdbc.core.JdbcTemplate', 'org.springframework.jdbc.datasource.lookup.AbstractRoutingDataSource' (OnClassCondition)
      - @ConditionalOnEnabledHealthIndicator management.health.defaults.enabled is considered true (OnEnabledHealthIndicatorCondition)
      - @ConditionalOnBean (types: javax.sql.DataSource; SearchStrategy: all) found bean 'dataSource' (OnBeanCondition)

   DataSourceHealthContributorAutoConfiguration#dbHealthContributor matched:
      - @ConditionalOnMissingBean (names: dbHealthIndicator,dbHealthContributor; SearchStrategy: all) did not find any beans (OnBeanCondition)

   DataSourceInitializationConfiguration matched:
      - @ConditionalOnClass found required class 'org.springframework.jdbc.datasource.init.DatabasePopulator' (OnClassCondition)
      - @ConditionalOnSingleCandidate (types: javax.sql.DataSource; SearchStrategy: all) found a single bean 'dataSource'; @ConditionalOnMissingBean (types: org.springframework.boot.autoconfigure.sql.init.SqlDataSourceScriptDatabaseInitializer,org.springframework.boot.autoconfigure.sql.init.SqlR2dbcScriptDatabaseInitializer; SearchStrategy: all) did not find any beans (OnBeanCondition)

   DataSourcePoolMetadataProvidersConfiguration.HikariPoolDataSourceMetadataProviderConfiguration matched:
      - @ConditionalOnClass found required class 'com.zaxxer.hikari.HikariDataSource' (OnClassCondition)

   DataSourcePoolMetricsAutoConfiguration matched:
      - @ConditionalOnClass found required classes 'javax.sql.DataSource', 'io.micrometer.core.instrument.MeterRegistry' (OnClassCondition)
      - @ConditionalOnBean (types: javax.sql.DataSource,io.micrometer.core.instrument.MeterRegistry; SearchStrategy: all) found beans 'simpleMeterRegistry', 'dataSource' (OnBeanCondition)

   DataSourcePoolMetricsAutoConfiguration.DataSourcePoolMetadataMetricsConfiguration matched:
      - @ConditionalOnBean (types: org.springframework.boot.jdbc.metadata.DataSourcePoolMetadataProvider; SearchStrategy: all) found bean 'hikariPoolDataSourceMetadataProvider' (OnBeanCondition)

   DataSourcePoolMetricsAutoConfiguration.HikariDataSourceMetricsConfiguration matched:
      - @ConditionalOnClass found required class 'com.zaxxer.hikari.HikariDataSource' (OnClassCondition)

   DataSourceTransactionManagerAutoConfiguration matched:
      - @ConditionalOnClass found required classes 'javax.sql.DataSource', 'org.springframework.jdbc.core.JdbcTemplate', 'org.springframework.transaction.TransactionManager' (OnClassCondition)

   DataSourceTransactionManagerAutoConfiguration.JdbcTransactionManagerConfiguration matched:
      - @ConditionalOnSingleCandidate (types: javax.sql.DataSource; SearchStrategy: all) found a single bean 'dataSource' (OnBeanCondition)

   DiskSpaceHealthContributorAutoConfiguration matched:
      - @ConditionalOnEnabledHealthIndicator management.health.defaults.enabled is considered true (OnEnabledHealthIndicatorCondition)

   DiskSpaceHealthContributorAutoConfiguration#diskSpaceHealthIndicator matched:
      - @ConditionalOnMissingBean (names: diskSpaceHealthIndicator; SearchStrategy: all) did not find any beans (OnBeanCondition)

   DispatcherServletAutoConfiguration matched:
      - @ConditionalOnClass found required class 'org.springframework.web.servlet.DispatcherServlet' (OnClassCondition)
      - found 'session' scope (OnWebApplicationCondition)

   DispatcherServletAutoConfiguration.DispatcherServletConfiguration matched:
      - @ConditionalOnClass found required class 'jakarta.servlet.ServletRegistration' (OnClassCondition)
      - Default DispatcherServlet did not find dispatcher servlet beans (DispatcherServletAutoConfiguration.DefaultDispatcherServletCondition)

   DispatcherServletAutoConfiguration.DispatcherServletRegistrationConfiguration matched:
      - @ConditionalOnClass found required class 'jakarta.servlet.ServletRegistration' (OnClassCondition)
      - DispatcherServlet Registration did not find servlet registration bean (DispatcherServletAutoConfiguration.DispatcherServletRegistrationCondition)

   DispatcherServletAutoConfiguration.DispatcherServletRegistrationConfiguration#dispatcherServletRegistration matched:
      - @ConditionalOnBean (names: dispatcherServlet types: org.springframework.web.servlet.DispatcherServlet; SearchStrategy: all) found bean 'dispatcherServlet' (OnBeanCondition)

   EndpointAutoConfiguration#endpointCachingOperationInvokerAdvisor matched:
      - @ConditionalOnMissingBean (types: org.springframework.boot.actuate.endpoint.invoker.cache.CachingOperationInvokerAdvisor; SearchStrategy: all) did not find any beans (OnBeanCondition)

   EndpointAutoConfiguration#endpointOperationParameterMapper matched:
      - @ConditionalOnMissingBean (types: org.springframework.boot.actuate.endpoint.invoke.ParameterValueMapper; SearchStrategy: all) did not find any beans (OnBeanCondition)

   EndpointAutoConfiguration#propertiesEndpointAccessResolver matched:
      - @ConditionalOnMissingBean (types: org.springframework.boot.actuate.endpoint.EndpointAccessResolver; SearchStrategy: all) did not find any beans (OnBeanCondition)

   ErrorMvcAutoConfiguration matched:
      - @ConditionalOnClass found required classes 'jakarta.servlet.Servlet', 'org.springframework.web.servlet.DispatcherServlet' (OnClassCondition)
      - found 'session' scope (OnWebApplicationCondition)

   ErrorMvcAutoConfiguration#basicErrorController matched:
      - @ConditionalOnMissingBean (types: org.springframework.boot.web.servlet.error.ErrorController; SearchStrategy: current) did not find any beans (OnBeanCondition)

   ErrorMvcAutoConfiguration#errorAttributes matched:
      - @ConditionalOnMissingBean (types: org.springframework.boot.web.servlet.error.ErrorAttributes; SearchStrategy: current) did not find any beans (OnBeanCondition)

   ErrorMvcAutoConfiguration.DefaultErrorViewResolverConfiguration#conventionErrorViewResolver matched:
      - @ConditionalOnBean (types: org.springframework.web.servlet.DispatcherServlet; SearchStrategy: all) found bean 'dispatcherServlet'; @ConditionalOnMissingBean (types: org.springframework.boot.autoconfigure.web.servlet.error.ErrorViewResolver; SearchStrategy: all) did not find any beans (OnBeanCondition)

   ErrorMvcAutoConfiguration.WhitelabelErrorViewConfiguration matched:
      - @ConditionalOnProperty (server.error.whitelabel.enabled) matched (OnPropertyCondition)
      - ErrorTemplate Missing did not find error template view (ErrorMvcAutoConfiguration.ErrorTemplateMissingCondition)

   ErrorMvcAutoConfiguration.WhitelabelErrorViewConfiguration#beanNameViewResolver matched:
      - @ConditionalOnMissingBean (types: org.springframework.web.servlet.view.BeanNameViewResolver; SearchStrategy: all) did not find any beans (OnBeanCondition)

   ErrorMvcAutoConfiguration.WhitelabelErrorViewConfiguration#defaultErrorView matched:
      - @ConditionalOnMissingBean (names: error; SearchStrategy: all) did not find any beans (OnBeanCondition)

   GenericCacheConfiguration matched:
      - Cache org.springframework.boot.autoconfigure.cache.GenericCacheConfiguration automatic cache type (CacheCondition)

   GsonAutoConfiguration matched:
      - @ConditionalOnClass found required class 'com.google.gson.Gson' (OnClassCondition)

   GsonAutoConfiguration#gson matched:
      - @ConditionalOnMissingBean (types: com.google.gson.Gson; SearchStrategy: all) did not find any beans (OnBeanCondition)

   GsonAutoConfiguration#gsonBuilder matched:
      - @ConditionalOnMissingBean (types: com.google.gson.GsonBuilder; SearchStrategy: all) did not find any beans (OnBeanCondition)

   GsonHttpMessageConvertersConfiguration matched:
      - @ConditionalOnClass found required class 'com.google.gson.Gson' (OnClassCondition)

   HealthContributorAutoConfiguration#pingHealthContributor matched:
      - @ConditionalOnEnabledHealthIndicator management.health.defaults.enabled is considered true (OnEnabledHealthIndicatorCondition)

   HealthEndpointAutoConfiguration matched:
      - @ConditionalOnAvailableEndpoint marked as exposed by a 'management.endpoints.web.exposure' property (OnAvailableEndpointCondition)

   HealthEndpointConfiguration#healthContributorRegistry matched:
      - @ConditionalOnMissingBean (types: org.springframework.boot.actuate.health.HealthContributorRegistry; SearchStrategy: all) did not find any beans (OnBeanCondition)

   HealthEndpointConfiguration#healthEndpoint matched:
      - @ConditionalOnMissingBean (types: org.springframework.boot.actuate.health.HealthEndpoint; SearchStrategy: all) did not find any beans (OnBeanCondition)

   HealthEndpointConfiguration#healthEndpointGroupMembershipValidator matched:
      - @ConditionalOnProperty (management.endpoint.health.validate-group-membership=true) matched (OnPropertyCondition)

   HealthEndpointConfiguration#healthEndpointGroups matched:
      - @ConditionalOnMissingBean (types: org.springframework.boot.actuate.health.HealthEndpointGroups; SearchStrategy: all) did not find any beans (OnBeanCondition)

   HealthEndpointConfiguration#healthHttpCodeStatusMapper matched:
      - @ConditionalOnMissingBean (types: org.springframework.boot.actuate.health.HttpCodeStatusMapper; SearchStrategy: all) did not find any beans (OnBeanCondition)

   HealthEndpointConfiguration#healthStatusAggregator matched:
      - @ConditionalOnMissingBean (types: org.springframework.boot.actuate.health.StatusAggregator; SearchStrategy: all) did not find any beans (OnBeanCondition)

   HealthEndpointWebExtensionConfiguration matched:
      - found 'session' scope (OnWebApplicationCondition)
      - @ConditionalOnAvailableEndpoint marked as exposed by a 'management.endpoints.web.exposure' property (OnAvailableEndpointCondition)
      - @ConditionalOnBean (types: org.springframework.boot.actuate.health.HealthEndpoint; SearchStrategy: all) found bean 'healthEndpoint' (OnBeanCondition)

   HealthEndpointWebExtensionConfiguration#healthEndpointWebExtension matched:
      - @ConditionalOnMissingBean (types: org.springframework.boot.actuate.health.HealthEndpointWebExtension; SearchStrategy: all) did not find any beans (OnBeanCondition)

   HealthEndpointWebExtensionConfiguration.MvcAdditionalHealthEndpointPathsConfiguration matched:
      - @ConditionalOnBean (types: org.springframework.web.servlet.DispatcherServlet; SearchStrategy: all) found bean 'dispatcherServlet' (OnBeanCondition)

   HibernateJpaAutoConfiguration matched:
      - @ConditionalOnClass found required classes 'org.springframework.orm.jpa.LocalContainerEntityManagerFactoryBean', 'jakarta.persistence.EntityManager', 'org.hibernate.engine.spi.SessionImplementor' (OnClassCondition)

   HibernateJpaConfiguration matched:
      - @ConditionalOnSingleCandidate (types: javax.sql.DataSource; SearchStrategy: all) found a single bean 'dataSource' (OnBeanCondition)

   HttpClientAutoConfiguration matched:
      - @ConditionalOnClass found required class 'org.springframework.http.client.ClientHttpRequestFactory' (OnClassCondition)
      - NoneNestedConditions 0 matched 1 did not; NestedCondition on NotReactiveWebApplicationCondition.ReactiveWebApplication not a reactive web application (NotReactiveWebApplicationCondition)

   HttpClientAutoConfiguration#clientHttpRequestFactoryBuilder matched:
      - @ConditionalOnMissingBean (types: org.springframework.boot.http.client.ClientHttpRequestFactoryBuilder; SearchStrategy: all) did not find any beans (OnBeanCondition)

   HttpClientAutoConfiguration#clientHttpRequestFactorySettings matched:
      - @ConditionalOnMissingBean (types: org.springframework.boot.http.client.ClientHttpRequestFactorySettings; SearchStrategy: all) did not find any beans (OnBeanCondition)

   HttpClientObservationsAutoConfiguration matched:
      - @ConditionalOnClass found required class 'io.micrometer.observation.Observation' (OnClassCondition)
      - @ConditionalOnBean (types: io.micrometer.observation.ObservationRegistry; SearchStrategy: all) found bean 'observationRegistry' (OnBeanCondition)

   HttpClientObservationsAutoConfiguration.MeterFilterConfiguration matched:
      - @ConditionalOnClass found required class 'io.micrometer.core.instrument.MeterRegistry' (OnClassCondition)
      - @ConditionalOnBean (types: io.micrometer.core.instrument.MeterRegistry; SearchStrategy: all) found bean 'simpleMeterRegistry' (OnBeanCondition)

   HttpEncodingAutoConfiguration matched:
      - @ConditionalOnClass found required class 'org.springframework.web.filter.CharacterEncodingFilter' (OnClassCondition)
      - found 'session' scope (OnWebApplicationCondition)
      - @ConditionalOnProperty (server.servlet.encoding.enabled) matched (OnPropertyCondition)

   HttpEncodingAutoConfiguration#characterEncodingFilter matched:
      - @ConditionalOnMissingBean (types: org.springframework.web.filter.CharacterEncodingFilter; SearchStrategy: all) did not find any beans (OnBeanCondition)

   HttpMessageConvertersAutoConfiguration matched:
      - @ConditionalOnClass found required class 'org.springframework.http.converter.HttpMessageConverter' (OnClassCondition)
      - NoneNestedConditions 0 matched 1 did not; NestedCondition on HttpMessageConvertersAutoConfiguration.NotReactiveWebApplicationCondition.ReactiveWebApplication not a reactive web application (HttpMessageConvertersAutoConfiguration.NotReactiveWebApplicationCondition)

   HttpMessageConvertersAutoConfiguration#messageConverters matched:
      - @ConditionalOnMissingBean (types: org.springframework.boot.autoconfigure.http.HttpMessageConverters; SearchStrategy: all) did not find any beans (OnBeanCondition)

   HttpMessageConvertersAutoConfiguration.StringHttpMessageConverterConfiguration matched:
      - @ConditionalOnClass found required class 'org.springframework.http.converter.StringHttpMessageConverter' (OnClassCondition)

   HttpMessageConvertersAutoConfiguration.StringHttpMessageConverterConfiguration#stringHttpMessageConverter matched:
      - @ConditionalOnMissingBean (types: org.springframework.http.converter.StringHttpMessageConverter; SearchStrategy: all) did not find any beans (OnBeanCondition)

   JacksonAutoConfiguration matched:
      - @ConditionalOnClass found required class 'com.fasterxml.jackson.databind.ObjectMapper' (OnClassCondition)

   JacksonAutoConfiguration.Jackson2ObjectMapperBuilderCustomizerConfiguration matched:
      - @ConditionalOnClass found required class 'org.springframework.http.converter.json.Jackson2ObjectMapperBuilder' (OnClassCondition)

   JacksonAutoConfiguration.JacksonObjectMapperBuilderConfiguration matched:
      - @ConditionalOnClass found required class 'org.springframework.http.converter.json.Jackson2ObjectMapperBuilder' (OnClassCondition)

   JacksonAutoConfiguration.JacksonObjectMapperBuilderConfiguration#jacksonObjectMapperBuilder matched:
      - @ConditionalOnMissingBean (types: org.springframework.http.converter.json.Jackson2ObjectMapperBuilder; SearchStrategy: all) did not find any beans (OnBeanCondition)

   JacksonAutoConfiguration.JacksonObjectMapperConfiguration matched:
      - @ConditionalOnClass found required class 'org.springframework.http.converter.json.Jackson2ObjectMapperBuilder' (OnClassCondition)

   JacksonAutoConfiguration.JacksonObjectMapperConfiguration#jacksonObjectMapper matched:
      - @ConditionalOnMissingBean (types: com.fasterxml.jackson.databind.ObjectMapper; SearchStrategy: all) did not find any beans (OnBeanCondition)

   JacksonAutoConfiguration.ParameterNamesModuleConfiguration matched:
      - @ConditionalOnClass found required class 'com.fasterxml.jackson.module.paramnames.ParameterNamesModule' (OnClassCondition)

   JacksonAutoConfiguration.ParameterNamesModuleConfiguration#parameterNamesModule matched:
      - @ConditionalOnMissingBean (types: com.fasterxml.jackson.module.paramnames.ParameterNamesModule; SearchStrategy: all) did not find any beans (OnBeanCondition)

   JacksonEndpointAutoConfiguration#endpointObjectMapper matched:
      - @ConditionalOnClass found required classes 'com.fasterxml.jackson.databind.ObjectMapper', 'org.springframework.http.converter.json.Jackson2ObjectMapperBuilder' (OnClassCondition)
      - @ConditionalOnProperty (management.endpoints.jackson.isolated-object-mapper) matched (OnPropertyCondition)

   JacksonHttpMessageConvertersConfiguration.MappingJackson2HttpMessageConverterConfiguration matched:
      - @ConditionalOnClass found required class 'com.fasterxml.jackson.databind.ObjectMapper' (OnClassCondition)
      - @ConditionalOnProperty (spring.mvc.converters.preferred-json-mapper=jackson) matched (OnPropertyCondition)
      - @ConditionalOnBean (types: com.fasterxml.jackson.databind.ObjectMapper; SearchStrategy: all) found bean 'jacksonObjectMapper' (OnBeanCondition)

   JacksonHttpMessageConvertersConfiguration.MappingJackson2HttpMessageConverterConfiguration#mappingJackson2HttpMessageConverter matched:
      - @ConditionalOnMissingBean (types: org.springframework.http.converter.json.MappingJackson2HttpMessageConverter ignored: org.springframework.hateoas.server.mvc.TypeConstrainedMappingJackson2HttpMessageConverter,org.springframework.data.rest.webmvc.alps.AlpsJsonHttpMessageConverter; SearchStrategy: all) did not find any beans (OnBeanCondition)

   JdbcClientAutoConfiguration matched:
      - @ConditionalOnSingleCandidate (types: org.springframework.jdbc.core.namedparam.NamedParameterJdbcTemplate; SearchStrategy: all) found a single bean 'namedParameterJdbcTemplate'; @ConditionalOnMissingBean (types: org.springframework.jdbc.core.simple.JdbcClient; SearchStrategy: all) did not find any beans (OnBeanCondition)

   JdbcRepositoriesAutoConfiguration matched:
      - @ConditionalOnClass found required classes 'org.springframework.jdbc.core.namedparam.NamedParameterJdbcOperations', 'org.springframework.data.jdbc.repository.config.AbstractJdbcConfiguration' (OnClassCondition)
      - @ConditionalOnProperty (spring.data.jdbc.repositories.enabled=true) matched (OnPropertyCondition)
      - @ConditionalOnBean (types: org.springframework.jdbc.core.namedparam.NamedParameterJdbcOperations,org.springframework.transaction.PlatformTransactionManager; SearchStrategy: all) found beans 'transactionManager', 'namedParameterJdbcTemplate' (OnBeanCondition)

   JdbcRepositoriesAutoConfiguration.JdbcRepositoriesConfiguration matched:
      - @ConditionalOnMissingBean (types: org.springframework.data.jdbc.repository.config.JdbcRepositoryConfigExtension; SearchStrategy: all) did not find any beans (OnBeanCondition)

   JdbcRepositoriesAutoConfiguration.SpringBootJdbcConfiguration matched:
      - @ConditionalOnMissingBean (types: org.springframework.data.jdbc.repository.config.AbstractJdbcConfiguration; SearchStrategy: all) did not find any beans (OnBeanCondition)

   JdbcRepositoriesAutoConfiguration.SpringBootJdbcConfiguration#dataAccessStrategyBean matched:
      - @ConditionalOnMissingBean (types: org.springframework.data.jdbc.core.convert.DataAccessStrategy; SearchStrategy: all) did not find any beans (OnBeanCondition)

   JdbcRepositoriesAutoConfiguration.SpringBootJdbcConfiguration#jdbcAggregateTemplate matched:
      - @ConditionalOnMissingBean (types: org.springframework.data.jdbc.core.JdbcAggregateTemplate; SearchStrategy: all) did not find any beans (OnBeanCondition)

   JdbcRepositoriesAutoConfiguration.SpringBootJdbcConfiguration#jdbcConverter matched:
      - @ConditionalOnMissingBean (types: org.springframework.data.jdbc.core.convert.JdbcConverter; SearchStrategy: all) did not find any beans (OnBeanCondition)

   JdbcRepositoriesAutoConfiguration.SpringBootJdbcConfiguration#jdbcCustomConversions matched:
      - @ConditionalOnMissingBean (types: org.springframework.data.jdbc.core.convert.JdbcCustomConversions; SearchStrategy: all) did not find any beans (OnBeanCondition)

   JdbcRepositoriesAutoConfiguration.SpringBootJdbcConfiguration#jdbcDialect matched:
      - @ConditionalOnMissingBean (types: org.springframework.data.relational.core.dialect.Dialect; SearchStrategy: all) did not find any beans (OnBeanCondition)

   JdbcRepositoriesAutoConfiguration.SpringBootJdbcConfiguration#jdbcManagedTypes matched:
      - @ConditionalOnMissingBean (types: org.springframework.data.relational.RelationalManagedTypes; SearchStrategy: all) did not find any beans (OnBeanCondition)

   JdbcRepositoriesAutoConfiguration.SpringBootJdbcConfiguration#jdbcMappingContext matched:
      - @ConditionalOnMissingBean (types: org.springframework.data.jdbc.core.mapping.JdbcMappingContext; SearchStrategy: all) did not find any beans (OnBeanCondition)

   JdbcTemplateAutoConfiguration matched:
      - @ConditionalOnClass found required classes 'javax.sql.DataSource', 'org.springframework.jdbc.core.JdbcTemplate' (OnClassCondition)
      - @ConditionalOnSingleCandidate (types: javax.sql.DataSource; SearchStrategy: all) found a single bean 'dataSource' (OnBeanCondition)

   JdbcTemplateConfiguration matched:
      - @ConditionalOnMissingBean (types: org.springframework.jdbc.core.JdbcOperations; SearchStrategy: all) did not find any beans (OnBeanCondition)

   JpaBaseConfiguration#entityManagerFactory matched:
      - @ConditionalOnMissingBean (types: org.springframework.orm.jpa.LocalContainerEntityManagerFactoryBean,jakarta.persistence.EntityManagerFactory; SearchStrategy: all) did not find any beans (OnBeanCondition)

   JpaBaseConfiguration#entityManagerFactoryBuilder matched:
      - @ConditionalOnMissingBean (types: org.springframework.boot.orm.jpa.EntityManagerFactoryBuilder; SearchStrategy: all) did not find any beans (OnBeanCondition)

   JpaBaseConfiguration#jpaVendorAdapter matched:
      - @ConditionalOnMissingBean (types: org.springframework.orm.jpa.JpaVendorAdapter; SearchStrategy: all) did not find any beans (OnBeanCondition)

   JpaBaseConfiguration#transactionManager matched:
      - @ConditionalOnMissingBean (types: org.springframework.transaction.TransactionManager; SearchStrategy: all) did not find any beans (OnBeanCondition)

   JpaBaseConfiguration.JpaWebConfiguration matched:
      - @ConditionalOnClass found required class 'org.springframework.web.servlet.config.annotation.WebMvcConfigurer' (OnClassCondition)
      - found 'session' scope (OnWebApplicationCondition)
      - @ConditionalOnProperty (spring.jpa.open-in-view=true) matched (OnPropertyCondition)
      - @ConditionalOnMissingBean (types: org.springframework.orm.jpa.support.OpenEntityManagerInViewInterceptor,org.springframework.orm.jpa.support.OpenEntityManagerInViewFilter; SearchStrategy: all) did not find any beans (OnBeanCondition)

   JpaBaseConfiguration.PersistenceManagedTypesConfiguration matched:
      - @ConditionalOnMissingBean (types: org.springframework.orm.jpa.LocalContainerEntityManagerFactoryBean,jakarta.persistence.EntityManagerFactory; SearchStrategy: all) did not find any beans (OnBeanCondition)

   JpaBaseConfiguration.PersistenceManagedTypesConfiguration#persistenceManagedTypes matched:
      - @ConditionalOnMissingBean (types: org.springframework.orm.jpa.persistenceunit.PersistenceManagedTypes; SearchStrategy: all) did not find any beans (OnBeanCondition)

   JpaRepositoriesAutoConfiguration matched:
      - @ConditionalOnClass found required class 'org.springframework.data.jpa.repository.JpaRepository' (OnClassCondition)
      - @ConditionalOnProperty (spring.data.jpa.repositories.enabled=true) matched (OnPropertyCondition)
      - @ConditionalOnBean (types: javax.sql.DataSource; SearchStrategy: all) found bean 'dataSource'; @ConditionalOnMissingBean (types: org.springframework.data.jpa.repository.support.JpaRepositoryFactoryBean,org.springframework.data.jpa.repository.config.JpaRepositoryConfigExtension; SearchStrategy: all) did not find any beans (OnBeanCondition)

   JtaAutoConfiguration matched:
      - @ConditionalOnClass found required class 'jakarta.transaction.Transaction' (OnClassCondition)
      - @ConditionalOnProperty (spring.jta.enabled) matched (OnPropertyCondition)

   JvmMetricsAutoConfiguration matched:
      - @ConditionalOnClass found required class 'io.micrometer.core.instrument.MeterRegistry' (OnClassCondition)
      - @ConditionalOnBean (types: io.micrometer.core.instrument.MeterRegistry; SearchStrategy: all) found bean 'simpleMeterRegistry' (OnBeanCondition)

   JvmMetricsAutoConfiguration#classLoaderMetrics matched:
      - @ConditionalOnMissingBean (types: io.micrometer.core.instrument.binder.jvm.ClassLoaderMetrics; SearchStrategy: all) did not find any beans (OnBeanCondition)

   JvmMetricsAutoConfiguration#jvmCompilationMetrics matched:
      - @ConditionalOnMissingBean (types: io.micrometer.core.instrument.binder.jvm.JvmCompilationMetrics; SearchStrategy: all) did not find any beans (OnBeanCondition)

   JvmMetricsAutoConfiguration#jvmGcMetrics matched:
      - @ConditionalOnMissingBean (types: io.micrometer.core.instrument.binder.jvm.JvmGcMetrics; SearchStrategy: all) did not find any beans (OnBeanCondition)

   JvmMetricsAutoConfiguration#jvmHeapPressureMetrics matched:
      - @ConditionalOnMissingBean (types: io.micrometer.core.instrument.binder.jvm.JvmHeapPressureMetrics; SearchStrategy: all) did not find any beans (OnBeanCondition)

   JvmMetricsAutoConfiguration#jvmInfoMetrics matched:
      - @ConditionalOnMissingBean (types: io.micrometer.core.instrument.binder.jvm.JvmInfoMetrics; SearchStrategy: all) did not find any beans (OnBeanCondition)

   JvmMetricsAutoConfiguration#jvmMemoryMetrics matched:
      - @ConditionalOnMissingBean (types: io.micrometer.core.instrument.binder.jvm.JvmMemoryMetrics; SearchStrategy: all) did not find any beans (OnBeanCondition)

   JvmMetricsAutoConfiguration#jvmThreadMetrics matched:
      - @ConditionalOnMissingBean (types: io.micrometer.core.instrument.binder.jvm.JvmThreadMetrics; SearchStrategy: all) did not find any beans (OnBeanCondition)

   LifecycleAutoConfiguration#defaultLifecycleProcessor matched:
      - @ConditionalOnMissingBean (names: lifecycleProcessor; SearchStrategy: current) did not find any beans (OnBeanCondition)

   LiquibaseAutoConfiguration matched:
      - @ConditionalOnClass found required classes 'liquibase.integration.spring.SpringLiquibase', 'liquibase.change.DatabaseChange' (OnClassCondition)
      - @ConditionalOnProperty (spring.liquibase.enabled) matched (OnPropertyCondition)
      - AnyNestedCondition 2 matched 1 did not; NestedCondition on LiquibaseAutoConfiguration.LiquibaseDataSourceCondition.LiquibaseUrlCondition @ConditionalOnProperty (spring.liquibase.url) did not find property 'url'; NestedCondition on LiquibaseAutoConfiguration.LiquibaseDataSourceCondition.JdbcConnectionDetailsCondition @ConditionalOnBean (types: org.springframework.boot.autoconfigure.jdbc.JdbcConnectionDetails; SearchStrategy: all) found bean 'jdbcConnectionDetails'; NestedCondition on LiquibaseAutoConfiguration.LiquibaseDataSourceCondition.DataSourceBeanCondition @ConditionalOnBean (types: javax.sql.DataSource; SearchStrategy: all) found bean 'dataSource' (LiquibaseAutoConfiguration.LiquibaseDataSourceCondition)

   LiquibaseAutoConfiguration.CustomizerConfiguration matched:
      - @ConditionalOnClass found required class 'liquibase.integration.spring.Customizer' (OnClassCondition)

   LiquibaseAutoConfiguration.LiquibaseConfiguration matched:
      - @ConditionalOnClass found required class 'org.springframework.jdbc.core.ConnectionCallback' (OnClassCondition)
      - @ConditionalOnMissingBean (types: liquibase.integration.spring.SpringLiquibase; SearchStrategy: all) did not find any beans (OnBeanCondition)

   LiquibaseAutoConfiguration.LiquibaseConfiguration#liquibaseConnectionDetails matched:
      - @ConditionalOnMissingBean (types: org.springframework.boot.autoconfigure.liquibase.LiquibaseConnectionDetails; SearchStrategy: all) did not find any beans (OnBeanCondition)

   Log4J2MetricsAutoConfiguration matched:
      - @ConditionalOnClass found required classes 'io.micrometer.core.instrument.binder.logging.Log4j2Metrics', 'org.apache.logging.log4j.LogManager', 'org.apache.logging.log4j.core.LoggerContext' (OnClassCondition)
      - LoggerContext was an instance of org.apache.logging.log4j.core.LoggerContext (Log4J2MetricsAutoConfiguration.Log4JCoreLoggerContextCondition)
      - @ConditionalOnBean (types: io.micrometer.core.instrument.MeterRegistry; SearchStrategy: all) found bean 'simpleMeterRegistry' (OnBeanCondition)

   Log4J2MetricsAutoConfiguration#log4j2Metrics matched:
      - @ConditionalOnMissingBean (types: io.micrometer.core.instrument.binder.logging.Log4j2Metrics; SearchStrategy: all) did not find any beans (OnBeanCondition)

   ManagementContextAutoConfiguration.SameManagementContextConfiguration matched:
      - Management Port actual port type (SAME) matched required type (OnManagementPortCondition)

   MetricsAutoConfiguration matched:
      - @ConditionalOnClass found required class 'io.micrometer.core.annotation.Timed' (OnClassCondition)

   MetricsAutoConfiguration#micrometerClock matched:
      - @ConditionalOnMissingBean (types: io.micrometer.core.instrument.Clock; SearchStrategy: all) did not find any beans (OnBeanCondition)

   MockMvcAutoConfiguration matched:
      - found 'session' scope (OnWebApplicationCondition)

   MockMvcAutoConfiguration.WebTestClientMockMvcConfiguration matched:
      - @ConditionalOnClass found required classes 'org.springframework.web.reactive.function.client.WebClient', 'org.springframework.test.web.reactive.server.WebTestClient' (OnClassCondition)

   MockMvcAutoConfiguration.WebTestClientMockMvcConfiguration#webTestClient matched:
      - @ConditionalOnMissingBean (types: org.springframework.test.web.reactive.server.WebTestClient; SearchStrategy: all) did not find any beans (OnBeanCondition)

   MockMvcConfiguration#mockMvc matched:
      - @ConditionalOnMissingBean (types: org.springframework.test.web.servlet.MockMvc; SearchStrategy: all) did not find any beans (OnBeanCondition)

   MockMvcConfiguration#mockMvcBuilder matched:
      - @ConditionalOnMissingBean (types: org.springframework.test.web.servlet.MockMvcBuilder; SearchStrategy: all) did not find any beans (OnBeanCondition)

   MockMvcSecurityConfiguration matched:
      - @ConditionalOnClass found required class 'org.springframework.security.test.web.servlet.request.SecurityMockMvcRequestPostProcessors' (OnClassCondition)

   MockMvcSecurityConfiguration#securityMockMvcBuilderCustomizer matched:
      - @ConditionalOnBean (names: springSecurityFilterChain; SearchStrategy: all) found bean 'springSecurityFilterChain' (OnBeanCondition)

   MockMvcTesterConfiguration matched:
      - @ConditionalOnClass found required class 'org.assertj.core.api.Assert' (OnClassCondition)

   MockMvcTesterConfiguration#mockMvcTester matched:
      - @ConditionalOnMissingBean (types: org.springframework.test.web.servlet.assertj.MockMvcTester; SearchStrategy: all) did not find any beans (OnBeanCondition)

   MultipartAutoConfiguration matched:
      - @ConditionalOnClass found required classes 'jakarta.servlet.Servlet', 'org.springframework.web.multipart.support.StandardServletMultipartResolver', 'jakarta.servlet.MultipartConfigElement' (OnClassCondition)
      - found 'session' scope (OnWebApplicationCondition)
      - @ConditionalOnProperty (spring.servlet.multipart.enabled) matched (OnPropertyCondition)

   MultipartAutoConfiguration#multipartConfigElement matched:
      - @ConditionalOnMissingBean (types: jakarta.servlet.MultipartConfigElement; SearchStrategy: all) did not find any beans (OnBeanCondition)

   MultipartAutoConfiguration#multipartResolver matched:
      - @ConditionalOnMissingBean (types: org.springframework.web.multipart.MultipartResolver; SearchStrategy: all) did not find any beans (OnBeanCondition)

   NamedParameterJdbcTemplateConfiguration matched:
      - @ConditionalOnSingleCandidate (types: org.springframework.jdbc.core.JdbcTemplate; SearchStrategy: all) found a single bean 'jdbcTemplate'; @ConditionalOnMissingBean (types: org.springframework.jdbc.core.namedparam.NamedParameterJdbcOperations; SearchStrategy: all) did not find any beans (OnBeanCondition)

   NettyAutoConfiguration matched:
      - @ConditionalOnClass found required class 'io.netty.util.NettyRuntime' (OnClassCondition)

   NoOpCacheConfiguration matched:
      - Cache org.springframework.boot.autoconfigure.cache.NoOpCacheConfiguration automatic cache type (CacheCondition)

   ObservationAutoConfiguration matched:
      - @ConditionalOnClass found required class 'io.micrometer.observation.ObservationRegistry' (OnClassCondition)

   ObservationAutoConfiguration#observationRegistry matched:
      - @ConditionalOnMissingBean (types: io.micrometer.observation.ObservationRegistry; SearchStrategy: all) did not find any beans (OnBeanCondition)

   ObservationAutoConfiguration.MeterObservationHandlerConfiguration matched:
      - @ConditionalOnBean (types: io.micrometer.core.instrument.MeterRegistry; SearchStrategy: all) found bean 'simpleMeterRegistry'; @ConditionalOnMissingBean (types: io.micrometer.core.instrument.observation.MeterObservationHandler; SearchStrategy: all) did not find any beans (OnBeanCondition)

   ObservationAutoConfiguration.MeterObservationHandlerConfiguration.OnlyMetricsMeterObservationHandlerConfiguration matched:
      - @ConditionalOnMissingBean (types: io.micrometer.tracing.Tracer; SearchStrategy: all) did not find any beans (OnBeanCondition)

   ObservationAutoConfiguration.ObservedAspectConfiguration matched:
      - @ConditionalOnClass found required class 'org.aspectj.weaver.Advice' (OnClassCondition)

   ObservationAutoConfiguration.ObservedAspectConfiguration#observedAspect matched:
      - @ConditionalOnMissingBean (types: io.micrometer.observation.aop.ObservedAspect; SearchStrategy: all) did not find any beans (OnBeanCondition)

   ObservationAutoConfiguration.OnlyMetricsConfiguration matched:
      - @ConditionalOnClass found required class 'io.micrometer.core.instrument.MeterRegistry'; @ConditionalOnMissingClass did not find unwanted class 'io.micrometer.tracing.Tracer' (OnClassCondition)

   PersistenceExceptionTranslationAutoConfiguration matched:
      - @ConditionalOnClass found required class 'org.springframework.dao.annotation.PersistenceExceptionTranslationPostProcessor' (OnClassCondition)

   PersistenceExceptionTranslationAutoConfiguration#persistenceExceptionTranslationPostProcessor matched:
      - @ConditionalOnProperty (spring.dao.exceptiontranslation.enabled) matched (OnPropertyCondition)
      - @ConditionalOnMissingBean (types: org.springframework.dao.annotation.PersistenceExceptionTranslationPostProcessor; SearchStrategy: all) did not find any beans (OnBeanCondition)

   PropertyPlaceholderAutoConfiguration#propertySourcesPlaceholderConfigurer matched:
      - @ConditionalOnMissingBean (types: org.springframework.context.support.PropertySourcesPlaceholderConfigurer; SearchStrategy: current) did not find any beans (OnBeanCondition)

   ReactiveHealthEndpointConfiguration matched:
      - @ConditionalOnClass found required class 'reactor.core.publisher.Flux' (OnClassCondition)
      - @ConditionalOnBean (types: org.springframework.boot.actuate.health.HealthEndpoint; SearchStrategy: all) found bean 'healthEndpoint' (OnBeanCondition)

   ReactiveHealthEndpointConfiguration#reactiveHealthContributorRegistry matched:
      - @ConditionalOnMissingBean (types: org.springframework.boot.actuate.health.ReactiveHealthContributorRegistry; SearchStrategy: all) did not find any beans (OnBeanCondition)

   ReactiveSecurityAutoConfiguration matched:
      - @ConditionalOnClass found required classes 'reactor.core.publisher.Flux', 'org.springframework.security.config.annotation.web.reactive.EnableWebFluxSecurity', 'org.springframework.security.web.server.WebFilterChainProxy', 'org.springframework.web.reactive.config.WebFluxConfigurer' (OnClassCondition)

   ReactorAutoConfiguration matched:
      - @ConditionalOnClass found required class 'reactor.core.publisher.Hooks' (OnClassCondition)

   ReactorNettyConfigurations.ReactorResourceFactoryConfiguration#reactorResourceFactory matched:
      - @ConditionalOnMissingBean (types: org.springframework.http.client.ReactorResourceFactory; SearchStrategy: all) did not find any beans (OnBeanCondition)

   RepositoryMetricsAutoConfiguration matched:
      - @ConditionalOnClass found required class 'org.springframework.data.repository.Repository' (OnClassCondition)
      - @ConditionalOnBean (types: io.micrometer.core.instrument.MeterRegistry; SearchStrategy: all) found bean 'simpleMeterRegistry' (OnBeanCondition)

   RepositoryMetricsAutoConfiguration#metricsRepositoryMethodInvocationListener matched:
      - @ConditionalOnMissingBean (types: org.springframework.boot.actuate.metrics.data.MetricsRepositoryMethodInvocationListener; SearchStrategy: all) did not find any beans (OnBeanCondition)

   RepositoryMetricsAutoConfiguration#repositoryTagsProvider matched:
      - @ConditionalOnMissingBean (types: org.springframework.boot.actuate.metrics.data.RepositoryTagsProvider; SearchStrategy: all) did not find any beans (OnBeanCondition)

   RestClientAutoConfiguration matched:
      - @ConditionalOnClass found required class 'org.springframework.web.client.RestClient' (OnClassCondition)
      - NoneNestedConditions 0 matched 1 did not; NestedCondition on NotReactiveWebApplicationCondition.ReactiveWebApplication not a reactive web application (NotReactiveWebApplicationCondition)

   RestClientAutoConfiguration#httpMessageConvertersRestClientCustomizer matched:
      - @ConditionalOnMissingBean (types: org.springframework.boot.autoconfigure.web.client.HttpMessageConvertersRestClientCustomizer; SearchStrategy: all) did not find any beans (OnBeanCondition)

   RestClientAutoConfiguration#restClientBuilder matched:
      - @ConditionalOnMissingBean (types: org.springframework.web.client.RestClient$Builder; SearchStrategy: all) did not find any beans (OnBeanCondition)

   RestClientAutoConfiguration#restClientBuilderConfigurer matched:
      - @ConditionalOnMissingBean (types: org.springframework.boot.autoconfigure.web.client.RestClientBuilderConfigurer; SearchStrategy: all) did not find any beans (OnBeanCondition)

   RestClientAutoConfiguration#restClientSsl matched:
      - @ConditionalOnBean (types: org.springframework.boot.ssl.SslBundles; SearchStrategy: all) found bean 'sslBundleRegistry'; @ConditionalOnMissingBean (types: org.springframework.boot.autoconfigure.web.client.RestClientSsl; SearchStrategy: all) did not find any beans (OnBeanCondition)

   RestClientObservationConfiguration matched:
      - @ConditionalOnClass found required class 'org.springframework.web.client.RestClient' (OnClassCondition)
      - @ConditionalOnBean (types: org.springframework.web.client.RestClient$Builder; SearchStrategy: all) found bean 'restClientBuilder' (OnBeanCondition)

   RestTemplateAutoConfiguration matched:
      - @ConditionalOnClass found required class 'org.springframework.web.client.RestTemplate' (OnClassCondition)
      - NoneNestedConditions 0 matched 1 did not; NestedCondition on NotReactiveWebApplicationCondition.ReactiveWebApplication not a reactive web application (NotReactiveWebApplicationCondition)

   RestTemplateAutoConfiguration#restTemplateBuilder matched:
      - @ConditionalOnMissingBean (types: org.springframework.boot.web.client.RestTemplateBuilder; SearchStrategy: all) did not find any beans (OnBeanCondition)

   RestTemplateObservationConfiguration matched:
      - @ConditionalOnClass found required class 'org.springframework.web.client.RestTemplate' (OnClassCondition)
      - @ConditionalOnBean (types: org.springframework.boot.web.client.RestTemplateBuilder; SearchStrategy: all) found bean 'restTemplateBuilder' (OnBeanCondition)

   ScheduledTasksObservabilityAutoConfiguration matched:
      - @ConditionalOnClass found required class 'org.springframework.scheduling.concurrent.ThreadPoolTaskScheduler' (OnClassCondition)
      - @ConditionalOnBean (types: io.micrometer.observation.ObservationRegistry; SearchStrategy: all) found bean 'observationRegistry' (OnBeanCondition)

   SecurityAutoConfiguration matched:
      - @ConditionalOnClass found required class 'org.springframework.security.authentication.DefaultAuthenticationEventPublisher' (OnClassCondition)

   SecurityAutoConfiguration#authenticationEventPublisher matched:
      - @ConditionalOnMissingBean (types: org.springframework.security.authentication.AuthenticationEventPublisher; SearchStrategy: all) did not find any beans (OnBeanCondition)

   SecurityFilterAutoConfiguration matched:
      - @ConditionalOnClass found required classes 'org.springframework.security.web.context.AbstractSecurityWebApplicationInitializer', 'org.springframework.security.config.http.SessionCreationPolicy' (OnClassCondition)
      - found 'session' scope (OnWebApplicationCondition)

   SecurityFilterAutoConfiguration#securityFilterChainRegistration matched:
      - @ConditionalOnBean (names: springSecurityFilterChain; SearchStrategy: all) found bean 'springSecurityFilterChain' (OnBeanCondition)

   SecurityRequestMatchersManagementContextConfiguration matched:
      - @ConditionalOnClass found required class 'org.springframework.security.web.util.matcher.RequestMatcher' (OnClassCondition)
      - found 'session' scope (OnWebApplicationCondition)

   SecurityRequestMatchersManagementContextConfiguration.MvcRequestMatcherConfiguration matched:
      - @ConditionalOnClass found required class 'org.springframework.web.servlet.DispatcherServlet' (OnClassCondition)
      - @ConditionalOnBean (types: org.springframework.boot.autoconfigure.web.servlet.DispatcherServletPath; SearchStrategy: all) found bean 'dispatcherServletRegistration' (OnBeanCondition)

   SecurityRequestMatchersManagementContextConfiguration.MvcRequestMatcherConfiguration#requestMatcherProvider matched:
      - @ConditionalOnClass found required class 'org.springframework.web.servlet.DispatcherServlet' (OnClassCondition)
      - @ConditionalOnMissingBean (types: org.springframework.boot.autoconfigure.security.servlet.RequestMatcherProvider; SearchStrategy: all) did not find any beans (OnBeanCondition)

   ServletEndpointManagementContextConfiguration matched:
      - found 'session' scope (OnWebApplicationCondition)

   ServletEndpointManagementContextConfiguration.WebMvcServletEndpointManagementContextConfiguration matched:
      - @ConditionalOnClass found required class 'org.springframework.web.servlet.DispatcherServlet' (OnClassCondition)

   ServletManagementContextAutoConfiguration matched:
      - @ConditionalOnClass found required class 'jakarta.servlet.Servlet' (OnClassCondition)
      - found 'session' scope (OnWebApplicationCondition)

   ServletWebServerFactoryAutoConfiguration matched:
      - @ConditionalOnClass found required class 'jakarta.servlet.ServletRequest' (OnClassCondition)
      - found 'session' scope (OnWebApplicationCondition)

   ServletWebServerFactoryAutoConfiguration#tomcatServletWebServerFactoryCustomizer matched:
      - @ConditionalOnClass found required class 'org.apache.catalina.startup.Tomcat' (OnClassCondition)

   ServletWebServerFactoryAutoConfiguration.ForwardedHeaderFilterConfiguration matched:
      - @ConditionalOnProperty (server.forward-headers-strategy=framework) matched (OnPropertyCondition)
      - @ConditionalOnMissingBean (types: org.springframework.web.filter.ForwardedHeaderFilter; SearchStrategy: all) did not find any beans (OnBeanCondition)

   ServletWebServerFactoryAutoConfiguration.ForwardedHeaderFilterConfiguration#tomcatForwardedHeaderFilterCustomizer matched:
      - @ConditionalOnClass found required class 'org.apache.catalina.startup.Tomcat' (OnClassCondition)

   ServletWebServerFactoryConfiguration.EmbeddedTomcat matched:
      - @ConditionalOnClass found required classes 'jakarta.servlet.Servlet', 'org.apache.catalina.startup.Tomcat', 'org.apache.coyote.UpgradeProtocol' (OnClassCondition)
      - @ConditionalOnMissingBean (types: org.springframework.boot.web.servlet.server.ServletWebServerFactory; SearchStrategy: current) did not find any beans (OnBeanCondition)

   SimpleCacheConfiguration matched:
      - Cache org.springframework.boot.autoconfigure.cache.SimpleCacheConfiguration automatic cache type (CacheCondition)

   SimpleMetricsExportAutoConfiguration matched:
      - @ConditionalOnEnabledMetricsExport management.simple.metrics.export.enabled is true (OnMetricsExportEnabledCondition)
      - @ConditionalOnBean (types: io.micrometer.core.instrument.Clock; SearchStrategy: all) found bean 'micrometerClock'; @ConditionalOnMissingBean (types: io.micrometer.core.instrument.MeterRegistry; SearchStrategy: all) did not find any beans (OnBeanCondition)

   SimpleMetricsExportAutoConfiguration#simpleConfig matched:
      - @ConditionalOnMissingBean (types: io.micrometer.core.instrument.simple.SimpleConfig; SearchStrategy: all) did not find any beans (OnBeanCondition)

   SpringBootWebSecurityConfiguration matched:
      - found 'session' scope (OnWebApplicationCondition)

   SpringBootWebSecurityConfiguration.WebSecurityEnablerConfiguration matched:
      - @ConditionalOnClass found required class 'org.springframework.security.config.annotation.web.configuration.EnableWebSecurity' (OnClassCondition)
      - @ConditionalOnMissingBean (names: springSecurityFilterChain; SearchStrategy: all) did not find any beans (OnBeanCondition)

   SpringDataWebAutoConfiguration matched:
      - @ConditionalOnClass found required classes 'org.springframework.data.web.PageableHandlerMethodArgumentResolver', 'org.springframework.web.servlet.config.annotation.WebMvcConfigurer' (OnClassCondition)
      - found 'session' scope (OnWebApplicationCondition)
      - @ConditionalOnMissingBean (types: org.springframework.data.web.PageableHandlerMethodArgumentResolver; SearchStrategy: all) did not find any beans (OnBeanCondition)

   SpringDataWebAutoConfiguration#pageableCustomizer matched:
      - @ConditionalOnMissingBean (types: org.springframework.data.web.config.PageableHandlerMethodArgumentResolverCustomizer; SearchStrategy: all) did not find any beans (OnBeanCondition)

   SpringDataWebAutoConfiguration#sortCustomizer matched:
      - @ConditionalOnMissingBean (types: org.springframework.data.web.config.SortHandlerMethodArgumentResolverCustomizer; SearchStrategy: all) did not find any beans (OnBeanCondition)

   SpringDataWebAutoConfiguration#springDataWebSettings matched:
      - @ConditionalOnMissingBean (types: org.springframework.data.web.config.SpringDataWebSettings; SearchStrategy: all) did not find any beans (OnBeanCondition)

   SpringDocConfigProperties matched:
      - @ConditionalOnProperty (springdoc.api-docs.enabled) matched (OnPropertyCondition)
      - @ConditionalOnBean (types: org.springdoc.core.configuration.SpringDocConfiguration; SearchStrategy: all) found bean 'org.springdoc.core.configuration.SpringDocConfiguration' (OnBeanCondition)

   SpringDocConfiguration matched:
      - @ConditionalOnWebApplication (required) found 'session' scope (OnWebApplicationCondition)
      - @ConditionalOnProperty (springdoc.api-docs.enabled) matched (OnPropertyCondition)

   SpringDocConfiguration#fileSupportConverter matched:
      - @ConditionalOnMissingBean (types: org.springdoc.core.converters.FileSupportConverter; SearchStrategy: all) did not find any beans (OnBeanCondition)

   SpringDocConfiguration#globalOpenApiCustomizer matched:
      - @ConditionalOnMissingBean (names: globalOpenApiCustomizer; SearchStrategy: all) did not find any beans (OnBeanCondition)

   SpringDocConfiguration#initExtraSchemas matched:
      - @ConditionalOnProperty (springdoc.enable-extra-schemas) matched (OnPropertyCondition)

   SpringDocConfiguration#oas31ModelConverter matched:
      - @ConditionalOnMissingBean (types: org.springdoc.core.converters.OAS31ModelConverter; SearchStrategy: all) did not find any beans (OnBeanCondition)

   SpringDocConfiguration#openAPIBuilder matched:
      - @ConditionalOnMissingBean (types: org.springdoc.core.service.OpenAPIService; SearchStrategy: all) did not find any beans (OnBeanCondition)

   SpringDocConfiguration#operationBuilder matched:
      - @ConditionalOnMissingBean (types: org.springdoc.core.service.OperationService; SearchStrategy: all) did not find any beans (OnBeanCondition)

   SpringDocConfiguration#parameterBuilder matched:
      - @ConditionalOnMissingBean (types: org.springdoc.core.service.GenericParameterService; SearchStrategy: all) did not find any beans (OnBeanCondition)

   SpringDocConfiguration#parameterObjectNamingStrategyCustomizer matched:
      - @ConditionalOnMissingBean (types: org.springdoc.core.customizers.ParameterObjectNamingStrategyCustomizer; SearchStrategy: all) did not find any beans (OnBeanCondition)

   SpringDocConfiguration#polymorphicModelConverter matched:
      - @ConditionalOnProperty (springdoc.model-converters.polymorphic-converter.enabled) matched (OnPropertyCondition)
      - @ConditionalOnMissingBean (types: org.springdoc.core.converters.PolymorphicModelConverter; SearchStrategy: all) did not find any beans (OnBeanCondition)

   SpringDocConfiguration#requestBodyBuilder matched:
      - @ConditionalOnMissingBean (types: org.springdoc.core.service.RequestBodyService; SearchStrategy: all) did not find any beans (OnBeanCondition)

   SpringDocConfiguration#responseSupportConverter matched:
      - @ConditionalOnMissingBean (types: org.springdoc.core.converters.ResponseSupportConverter; SearchStrategy: all) did not find any beans (OnBeanCondition)

   SpringDocConfiguration#schemaPropertyDeprecatingConverter matched:
      - @ConditionalOnProperty (springdoc.model-converters.deprecating-converter.enabled) matched (OnPropertyCondition)
      - @ConditionalOnMissingBean (types: org.springdoc.core.converters.SchemaPropertyDeprecatingConverter; SearchStrategy: all) did not find any beans (OnBeanCondition)

   SpringDocConfiguration#securityParser matched:
      - @ConditionalOnMissingBean (types: org.springdoc.core.service.SecurityService; SearchStrategy: all) did not find any beans (OnBeanCondition)

   SpringDocConfiguration#springDocCustomizers matched:
      - @ConditionalOnMissingBean (types: org.springdoc.core.customizers.SpringDocCustomizers; SearchStrategy: all) did not find any beans (OnBeanCondition)

   SpringDocConfiguration#springDocProviders matched:
      - @ConditionalOnMissingBean (types: org.springdoc.core.providers.SpringDocProviders; SearchStrategy: all) did not find any beans (OnBeanCondition)

   SpringDocConfiguration#springdocObjectMapperProvider matched:
      - @ConditionalOnMissingBean (types: org.springdoc.core.providers.ObjectMapperProvider; SearchStrategy: all) did not find any beans (OnBeanCondition)

   SpringDocConfiguration.QuerydslProvider matched:
      - @ConditionalOnClass found required class 'org.springframework.data.querydsl.binding.QuerydslBindingsFactory' (OnClassCondition)

   SpringDocConfiguration.QuerydslProvider#queryDslQuerydslPredicateOperationCustomizer matched:
      - @ConditionalOnMissingBean (types: org.springdoc.core.customizers.QuerydslPredicateOperationCustomizer; SearchStrategy: all) did not find any beans (OnBeanCondition)

   SpringDocConfiguration.SpringDocSpringDataWebPropertiesProvider matched:
      - @ConditionalOnClass found required class 'org.springframework.boot.autoconfigure.data.web.SpringDataWebProperties' (OnClassCondition)

   SpringDocConfiguration.SpringDocSpringDataWebPropertiesProvider#springDataWebPropertiesProvider matched:
      - @ConditionalOnMissingBean (types: org.springdoc.core.providers.SpringDataWebPropertiesProvider; SearchStrategy: all) did not find any beans (OnBeanCondition)

   SpringDocConfiguration.SpringDocWebFluxSupportConfiguration matched:
      - @ConditionalOnClass found required class 'reactor.core.publisher.Flux' (OnClassCondition)

   SpringDocConfiguration.SpringDocWebFluxSupportConfiguration#webFluxSupportConverter matched:
      - @ConditionalOnMissingBean (types: org.springdoc.core.converters.WebFluxSupportConverter; SearchStrategy: all) did not find any beans (OnBeanCondition)

   SpringDocConfiguration.WebConversionServiceConfiguration matched:
      - @ConditionalOnClass found required class 'org.springframework.boot.autoconfigure.web.format.WebConversionService' (OnClassCondition)

   SpringDocPageableConfiguration matched:
      - @ConditionalOnClass found required class 'org.springframework.data.domain.Pageable' (OnClassCondition)
      - @ConditionalOnWebApplication (required) found 'session' scope (OnWebApplicationCondition)
      - @ConditionalOnProperty (springdoc.api-docs.enabled) matched (OnPropertyCondition)
      - @ConditionalOnBean (types: org.springdoc.core.configuration.SpringDocConfiguration; SearchStrategy: all) found bean 'org.springdoc.core.configuration.SpringDocConfiguration' (OnBeanCondition)

   SpringDocPageableConfiguration#dataRestDelegatingMethodParameterCustomizer matched:
      - @ConditionalOnMissingBean (types: org.springdoc.core.customizers.DataRestDelegatingMethodParameterCustomizer; SearchStrategy: all) did not find any beans (OnBeanCondition)

   SpringDocPageableConfiguration#pageOpenAPIConverter matched:
      - @ConditionalOnClass found required classes 'org.springframework.data.web.PagedModel', 'org.springframework.data.web.config.SpringDataWebSettings' (OnClassCondition)
      - @ConditionalOnMissingBean (types: org.springdoc.core.converters.PageOpenAPIConverter; SearchStrategy: all) did not find any beans (OnBeanCondition)

   SpringDocPageableConfiguration#pageableOpenAPIConverter matched:
      - @ConditionalOnProperty (springdoc.model-converters.pageable-converter.enabled) matched (OnPropertyCondition)
      - @ConditionalOnMissingBean (types: org.springdoc.core.converters.PageableOpenAPIConverter; SearchStrategy: all) did not find any beans (OnBeanCondition)

   SpringDocSecurityConfiguration matched:
      - @ConditionalOnClass found required class 'org.springframework.security.web.SecurityFilterChain' (OnClassCondition)
      - @ConditionalOnWebApplication (required) found 'session' scope (OnWebApplicationCondition)
      - @ConditionalOnExpression (#{${springdoc.api-docs.enabled:true} and ${springdoc.enable-spring-security:true}}) resulted in true (OnExpressionCondition)
      - @ConditionalOnBean (types: org.springdoc.core.configuration.SpringDocConfiguration; SearchStrategy: all) found bean 'org.springdoc.core.configuration.SpringDocConfiguration' (OnBeanCondition)

   SpringDocSecurityConfiguration.SpringSecurityLoginEndpointConfiguration matched:
      - @ConditionalOnClass found required class 'jakarta.servlet.Filter' (OnClassCondition)

   SpringDocSortConfiguration matched:
      - @ConditionalOnClass found required class 'org.springframework.data.domain.Sort' (OnClassCondition)
      - @ConditionalOnWebApplication (required) found 'session' scope (OnWebApplicationCondition)
      - @ConditionalOnProperty (springdoc.api-docs.enabled) matched (OnPropertyCondition)
      - @ConditionalOnBean (types: org.springdoc.core.configuration.SpringDocConfiguration; SearchStrategy: all) found bean 'org.springdoc.core.configuration.SpringDocConfiguration' (OnBeanCondition)

   SpringDocSortConfiguration#sortOpenAPIConverter matched:
      - @ConditionalOnProperty (springdoc.sort-converter.enabled) matched (OnPropertyCondition)
      - @ConditionalOnMissingBean (types: org.springdoc.core.converters.SortOpenAPIConverter; SearchStrategy: all) did not find any beans (OnBeanCondition)

   SpringDocWebMvcConfiguration matched:
      - found 'session' scope (OnWebApplicationCondition)
      - @ConditionalOnProperty (springdoc.api-docs.enabled) matched (OnPropertyCondition)
      - @ConditionalOnBean (types: org.springdoc.core.configuration.SpringDocConfiguration; SearchStrategy: all) found bean 'org.springdoc.core.configuration.SpringDocConfiguration' (OnBeanCondition)

   SpringDocWebMvcConfiguration#openApiResource matched:
      - @ConditionalOnExpression (#{(${springdoc.use-management-port:false} == false ) and ${springdoc.enable-default-api-docs:true}}) resulted in true (OnExpressionCondition)
      - @ConditionalOnMissingBean (types: org.springdoc.webmvc.api.OpenApiWebMvcResource; SearchStrategy: all) did not find any beans (OnBeanCondition)

   SpringDocWebMvcConfiguration#requestBuilder matched:
      - @ConditionalOnMissingBean (types: org.springdoc.webmvc.core.service.RequestService; SearchStrategy: all) did not find any beans (OnBeanCondition)

   SpringDocWebMvcConfiguration#responseBuilder matched:
      - @ConditionalOnMissingBean (types: org.springdoc.core.service.GenericResponseService; SearchStrategy: all) did not find any beans (OnBeanCondition)

   SpringDocWebMvcConfiguration#springWebProvider matched:
      - @ConditionalOnMissingBean (types: org.springdoc.core.providers.SpringWebProvider; SearchStrategy: all) did not find any beans (OnBeanCondition)

   SpringDocWebMvcConfiguration.SpringDocWebMvcActuatorConfiguration matched:
      - @ConditionalOnClass found required class 'org.springframework.boot.actuate.endpoint.web.servlet.WebMvcEndpointHandlerMapping' (OnClassCondition)

   SpringDocWebMvcConfiguration.SpringDocWebMvcRouterConfiguration matched:
      - @ConditionalOnClass found required class 'org.springframework.web.servlet.function.RouterFunction' (OnClassCondition)

   SpringDocWebMvcConfiguration.SpringDocWebMvcRouterConfiguration#routerFunctionProvider matched:
      - @ConditionalOnMissingBean (types: org.springdoc.webmvc.core.providers.RouterFunctionWebMvcProvider; SearchStrategy: all) did not find any beans (OnBeanCondition)

   SqlInitializationAutoConfiguration matched:
      - @ConditionalOnProperty (spring.sql.init.enabled) matched (OnPropertyCondition)
      - NoneNestedConditions 0 matched 1 did not; NestedCondition on SqlInitializationAutoConfiguration.SqlInitializationModeCondition.ModeIsNever @ConditionalOnProperty (spring.sql.init.mode=never) did not find property 'mode' (SqlInitializationAutoConfiguration.SqlInitializationModeCondition)

   SslAutoConfiguration#sslBundleRegistry matched:
      - @ConditionalOnMissingBean (types: org.springframework.boot.ssl.SslBundleRegistry,org.springframework.boot.ssl.SslBundles; SearchStrategy: all) did not find any beans (OnBeanCondition)

   SslHealthContributorAutoConfiguration matched:
      - @ConditionalOnEnabledHealthIndicator management.health.defaults.enabled is considered true (OnEnabledHealthIndicatorCondition)

   SslHealthContributorAutoConfiguration#sslHealthIndicator matched:
      - @ConditionalOnMissingBean (names: sslHealthIndicator; SearchStrategy: all) did not find any beans (OnBeanCondition)

   SslHealthContributorAutoConfiguration#sslInfo matched:
      - @ConditionalOnMissingBean (types: org.springframework.boot.info.SslInfo; SearchStrategy: all) did not find any beans (OnBeanCondition)

   StartupTimeMetricsListenerAutoConfiguration matched:
      - @ConditionalOnClass found required class 'io.micrometer.core.instrument.MeterRegistry' (OnClassCondition)
      - @ConditionalOnBean (types: io.micrometer.core.instrument.MeterRegistry; SearchStrategy: all) found bean 'simpleMeterRegistry' (OnBeanCondition)

   StartupTimeMetricsListenerAutoConfiguration#startupTimeMetrics matched:
      - @ConditionalOnMissingBean (types: org.springframework.boot.actuate.metrics.startup.StartupTimeMetricsListener; SearchStrategy: all) did not find any beans (OnBeanCondition)

   SwaggerConfig matched:
      - found 'session' scope (OnWebApplicationCondition)
      - @ConditionalOnProperty (springdoc.swagger-ui.enabled) matched (OnPropertyCondition)
      - @ConditionalOnBean (types: org.springdoc.core.configuration.SpringDocConfiguration; SearchStrategy: all) found bean 'org.springdoc.core.configuration.SpringDocConfiguration' (OnBeanCondition)

   SwaggerConfig#indexPageTransformer matched:
      - @ConditionalOnMissingBean (types: org.springdoc.webmvc.ui.SwaggerIndexTransformer; SearchStrategy: all) did not find any beans (OnBeanCondition)

   SwaggerConfig#swaggerConfigResource matched:
      - @ConditionalOnProperty (springdoc.use-management-port=false) matched (OnPropertyCondition)
      - @ConditionalOnMissingBean (types: org.springdoc.webmvc.ui.SwaggerConfigResource; SearchStrategy: all) did not find any beans (OnBeanCondition)

   SwaggerConfig#swaggerResourceResolver matched:
      - @ConditionalOnMissingBean (types: org.springdoc.webmvc.ui.SwaggerResourceResolver; SearchStrategy: all) did not find any beans (OnBeanCondition)

   SwaggerConfig#swaggerWebMvcConfigurer matched:
      - @ConditionalOnMissingBean (types: org.springdoc.webmvc.ui.SwaggerWebMvcConfigurer; SearchStrategy: all) did not find any beans (OnBeanCondition)

   SwaggerConfig#swaggerWelcome matched:
      - @ConditionalOnProperty (springdoc.use-management-port=false) matched (OnPropertyCondition)
      - @ConditionalOnMissingBean (types: org.springdoc.webmvc.ui.SwaggerWelcomeWebMvc; SearchStrategy: all) did not find any beans (OnBeanCondition)

   SwaggerUiConfigProperties matched:
      - @ConditionalOnProperty (springdoc.swagger-ui.enabled) matched (OnPropertyCondition)
      - @ConditionalOnBean (types: org.springdoc.core.configuration.SpringDocConfiguration; SearchStrategy: all) found bean 'org.springdoc.core.configuration.SpringDocConfiguration' (OnBeanCondition)

   SwaggerUiOAuthProperties matched:
      - @ConditionalOnProperty (springdoc.swagger-ui.enabled) matched (OnPropertyCondition)
      - @ConditionalOnBean (types: org.springdoc.core.configuration.SpringDocConfiguration; SearchStrategy: all) found bean 'org.springdoc.core.configuration.SpringDocConfiguration' (OnBeanCondition)

   SystemMetricsAutoConfiguration matched:
      - @ConditionalOnClass found required class 'io.micrometer.core.instrument.MeterRegistry' (OnClassCondition)
      - @ConditionalOnBean (types: io.micrometer.core.instrument.MeterRegistry; SearchStrategy: all) found bean 'simpleMeterRegistry' (OnBeanCondition)

   SystemMetricsAutoConfiguration#diskSpaceMetrics matched:
      - @ConditionalOnMissingBean (types: org.springframework.boot.actuate.metrics.system.DiskSpaceMetricsBinder; SearchStrategy: all) did not find any beans (OnBeanCondition)

   SystemMetricsAutoConfiguration#fileDescriptorMetrics matched:
      - @ConditionalOnMissingBean (types: io.micrometer.core.instrument.binder.system.FileDescriptorMetrics; SearchStrategy: all) did not find any beans (OnBeanCondition)

   SystemMetricsAutoConfiguration#processorMetrics matched:
      - @ConditionalOnMissingBean (types: io.micrometer.core.instrument.binder.system.ProcessorMetrics; SearchStrategy: all) did not find any beans (OnBeanCondition)

   SystemMetricsAutoConfiguration#uptimeMetrics matched:
      - @ConditionalOnMissingBean (types: io.micrometer.core.instrument.binder.system.UptimeMetrics; SearchStrategy: all) did not find any beans (OnBeanCondition)

   TaskExecutionAutoConfiguration matched:
      - @ConditionalOnClass found required class 'org.springframework.scheduling.concurrent.ThreadPoolTaskExecutor' (OnClassCondition)

   TaskExecutorConfigurations.SimpleAsyncTaskExecutorBuilderConfiguration#simpleAsyncTaskExecutorBuilder matched:
      - @ConditionalOnMissingBean (types: org.springframework.boot.task.SimpleAsyncTaskExecutorBuilder; SearchStrategy: all) did not find any beans (OnBeanCondition)
      - @ConditionalOnThreading found PLATFORM (OnThreadingCondition)

   TaskExecutorConfigurations.TaskExecutorConfiguration matched:
      - @ConditionalOnMissingBean (types: java.util.concurrent.Executor; SearchStrategy: all) did not find any beans (OnBeanCondition)

   TaskExecutorConfigurations.TaskExecutorConfiguration#applicationTaskExecutor matched:
      - @ConditionalOnThreading found PLATFORM (OnThreadingCondition)

   TaskExecutorConfigurations.ThreadPoolTaskExecutorBuilderConfiguration#threadPoolTaskExecutorBuilder matched:
      - @ConditionalOnMissingBean (types: org.springframework.boot.task.ThreadPoolTaskExecutorBuilder; SearchStrategy: all) did not find any beans (OnBeanCondition)

   TaskExecutorMetricsAutoConfiguration matched:
      - @ConditionalOnClass found required class 'io.micrometer.core.instrument.binder.jvm.ExecutorServiceMetrics' (OnClassCondition)
      - @ConditionalOnBean (types: java.util.concurrent.Executor,io.micrometer.core.instrument.MeterRegistry; SearchStrategy: all) found beans 'applicationTaskExecutor', 'simpleMeterRegistry' (OnBeanCondition)

   TaskSchedulingAutoConfiguration matched:
      - @ConditionalOnClass found required class 'org.springframework.scheduling.concurrent.ThreadPoolTaskScheduler' (OnClassCondition)

   TaskSchedulingConfigurations.SimpleAsyncTaskSchedulerBuilderConfiguration#simpleAsyncTaskSchedulerBuilder matched:
      - @ConditionalOnMissingBean (types: org.springframework.boot.task.SimpleAsyncTaskSchedulerBuilder; SearchStrategy: all) did not find any beans (OnBeanCondition)
      - @ConditionalOnThreading found PLATFORM (OnThreadingCondition)

   TaskSchedulingConfigurations.ThreadPoolTaskSchedulerBuilderConfiguration#threadPoolTaskSchedulerBuilder matched:
      - @ConditionalOnMissingBean (types: org.springframework.boot.task.ThreadPoolTaskSchedulerBuilder; SearchStrategy: all) did not find any beans (OnBeanCondition)

   TomcatMetricsAutoConfiguration matched:
      - @ConditionalOnClass found required classes 'io.micrometer.core.instrument.binder.tomcat.TomcatMetrics', 'org.apache.catalina.Manager' (OnClassCondition)
      - @ConditionalOnWebApplication (required) found 'session' scope (OnWebApplicationCondition)

   TomcatMetricsAutoConfiguration#tomcatMetricsBinder matched:
      - @ConditionalOnBean (types: io.micrometer.core.instrument.MeterRegistry; SearchStrategy: all) found bean 'simpleMeterRegistry'; @ConditionalOnMissingBean (types: io.micrometer.core.instrument.binder.tomcat.TomcatMetrics,org.springframework.boot.actuate.metrics.web.tomcat.TomcatMetricsBinder; SearchStrategy: all) did not find any beans (OnBeanCondition)

   TransactionAutoConfiguration matched:
      - @ConditionalOnClass found required class 'org.springframework.transaction.PlatformTransactionManager' (OnClassCondition)

   TransactionAutoConfiguration.EnableTransactionManagementConfiguration matched:
      - @ConditionalOnBean (types: org.springframework.transaction.TransactionManager; SearchStrategy: all) found bean 'transactionManager'; @ConditionalOnMissingBean (types: org.springframework.transaction.annotation.AbstractTransactionManagementConfiguration; SearchStrategy: all) did not find any beans (OnBeanCondition)

   TransactionAutoConfiguration.EnableTransactionManagementConfiguration.CglibAutoProxyConfiguration matched:
      - @ConditionalOnProperty (spring.aop.proxy-target-class=true) matched (OnPropertyCondition)

   TransactionAutoConfiguration.TransactionTemplateConfiguration matched:
      - @ConditionalOnSingleCandidate (types: org.springframework.transaction.PlatformTransactionManager; SearchStrategy: all) found a single bean 'transactionManager' (OnBeanCondition)

   TransactionAutoConfiguration.TransactionTemplateConfiguration#transactionTemplate matched:
      - @ConditionalOnMissingBean (types: org.springframework.transaction.support.TransactionOperations; SearchStrategy: all) did not find any beans (OnBeanCondition)

   TransactionManagerCustomizationAutoConfiguration matched:
      - @ConditionalOnClass found required class 'org.springframework.transaction.PlatformTransactionManager' (OnClassCondition)

   TransactionManagerCustomizationAutoConfiguration#platformTransactionManagerCustomizers matched:
      - @ConditionalOnMissingBean (types: org.springframework.boot.autoconfigure.transaction.TransactionManagerCustomizers; SearchStrategy: all) did not find any beans (OnBeanCondition)

   ValidationAutoConfiguration matched:
      - @ConditionalOnClass found required class 'jakarta.validation.executable.ExecutableValidator' (OnClassCondition)
      - @ConditionalOnResource found location classpath:META-INF/services/jakarta.validation.spi.ValidationProvider (OnResourceCondition)

   ValidationAutoConfiguration#defaultValidator matched:
      - @ConditionalOnMissingBean (types: jakarta.validation.Validator; SearchStrategy: all) did not find any beans (OnBeanCondition)

   ValidationAutoConfiguration#methodValidationPostProcessor matched:
      - @ConditionalOnMissingBean (types: org.springframework.validation.beanvalidation.MethodValidationPostProcessor; SearchStrategy: current) did not find any beans (OnBeanCondition)

   WebClientAutoConfiguration matched:
      - @ConditionalOnClass found required class 'org.springframework.web.reactive.function.client.WebClient' (OnClassCondition)

   WebClientAutoConfiguration#webClientBuilder matched:
      - @ConditionalOnMissingBean (types: org.springframework.web.reactive.function.client.WebClient$Builder; SearchStrategy: all) did not find any beans (OnBeanCondition)

   WebClientAutoConfiguration#webClientSsl matched:
      - @ConditionalOnBean (types: org.springframework.boot.ssl.SslBundles; SearchStrategy: all) found bean 'sslBundleRegistry'; @ConditionalOnMissingBean (types: org.springframework.boot.autoconfigure.web.reactive.function.client.WebClientSsl; SearchStrategy: all) did not find any beans (OnBeanCondition)

   WebClientAutoConfiguration.WebClientCodecsConfiguration matched:
      - @ConditionalOnBean (types: org.springframework.boot.web.codec.CodecCustomizer; SearchStrategy: all) found beans 'jacksonCodecCustomizer', 'defaultCodecCustomizer' (OnBeanCondition)

   WebClientAutoConfiguration.WebClientCodecsConfiguration#exchangeStrategiesCustomizer matched:
      - @ConditionalOnMissingBean (types: org.springframework.boot.autoconfigure.web.reactive.function.client.WebClientCodecCustomizer; SearchStrategy: all) did not find any beans (OnBeanCondition)

   WebClientObservationConfiguration matched:
      - @ConditionalOnClass found required class 'org.springframework.web.reactive.function.client.WebClient' (OnClassCondition)

   WebEndpointAutoConfiguration matched:
      - @ConditionalOnWebApplication (required) found 'session' scope (OnWebApplicationCondition)

   WebEndpointAutoConfiguration#controllerEndpointDiscoverer matched:
      - @ConditionalOnMissingBean (types: org.springframework.boot.actuate.endpoint.web.annotation.ControllerEndpointsSupplier; SearchStrategy: all) did not find any beans (OnBeanCondition)

   WebEndpointAutoConfiguration#endpointMediaTypes matched:
      - @ConditionalOnMissingBean (types: org.springframework.boot.actuate.endpoint.web.EndpointMediaTypes; SearchStrategy: all) did not find any beans (OnBeanCondition)

   WebEndpointAutoConfiguration#pathMappedEndpoints matched:
      - @ConditionalOnMissingBean (types: org.springframework.boot.actuate.endpoint.web.PathMappedEndpoints; SearchStrategy: all) did not find any beans (OnBeanCondition)

   WebEndpointAutoConfiguration#webEndpointDiscoverer matched:
      - @ConditionalOnMissingBean (types: org.springframework.boot.actuate.endpoint.web.WebEndpointsSupplier; SearchStrategy: all) did not find any beans (OnBeanCondition)

   WebEndpointAutoConfiguration.WebEndpointServletConfiguration matched:
      - found 'session' scope (OnWebApplicationCondition)

   WebEndpointAutoConfiguration.WebEndpointServletConfiguration#servletEndpointDiscoverer matched:
      - @ConditionalOnMissingBean (types: org.springframework.boot.actuate.endpoint.web.annotation.ServletEndpointsSupplier; SearchStrategy: all) did not find any beans (OnBeanCondition)

   WebMvcAutoConfiguration matched:
      - @ConditionalOnClass found required classes 'jakarta.servlet.Servlet', 'org.springframework.web.servlet.DispatcherServlet', 'org.springframework.web.servlet.config.annotation.WebMvcConfigurer' (OnClassCondition)
      - found 'session' scope (OnWebApplicationCondition)
      - @ConditionalOnMissingBean (types: org.springframework.web.servlet.config.annotation.WebMvcConfigurationSupport; SearchStrategy: all) did not find any beans (OnBeanCondition)

   WebMvcAutoConfiguration#formContentFilter matched:
      - @ConditionalOnProperty (spring.mvc.formcontent.filter.enabled) matched (OnPropertyCondition)
      - @ConditionalOnMissingBean (types: org.springframework.web.filter.FormContentFilter; SearchStrategy: all) did not find any beans (OnBeanCondition)

   WebMvcAutoConfiguration.EnableWebMvcConfiguration#flashMapManager matched:
      - @ConditionalOnMissingBean (names: flashMapManager; SearchStrategy: all) did not find any beans (OnBeanCondition)

   WebMvcAutoConfiguration.EnableWebMvcConfiguration#localeResolver matched:
      - @ConditionalOnMissingBean (names: localeResolver; SearchStrategy: all) did not find any beans (OnBeanCondition)

   WebMvcAutoConfiguration.EnableWebMvcConfiguration#themeResolver matched:
      - @ConditionalOnMissingBean (names: themeResolver; SearchStrategy: all) did not find any beans (OnBeanCondition)

   WebMvcAutoConfiguration.EnableWebMvcConfiguration#viewNameTranslator matched:
      - @ConditionalOnMissingBean (names: viewNameTranslator; SearchStrategy: all) did not find any beans (OnBeanCondition)

   WebMvcAutoConfiguration.ResourceChainCustomizerConfiguration matched:
      - @ConditionalOnEnabledResourceChain found class org.webjars.WebJarVersionLocator (OnEnabledResourceChainCondition)

   WebMvcAutoConfiguration.WebMvcAutoConfigurationAdapter#defaultViewResolver matched:
      - @ConditionalOnMissingBean (types: org.springframework.web.servlet.view.InternalResourceViewResolver; SearchStrategy: all) did not find any beans (OnBeanCondition)

   WebMvcAutoConfiguration.WebMvcAutoConfigurationAdapter#requestContextFilter matched:
      - @ConditionalOnMissingBean (types: org.springframework.web.context.request.RequestContextListener,org.springframework.web.filter.RequestContextFilter; SearchStrategy: all) did not find any beans (OnBeanCondition)

   WebMvcAutoConfiguration.WebMvcAutoConfigurationAdapter#viewResolver matched:
      - @ConditionalOnBean (types: org.springframework.web.servlet.ViewResolver; SearchStrategy: all) found beans 'defaultViewResolver', 'beanNameViewResolver', 'mvcViewResolver'; @ConditionalOnMissingBean (names: viewResolver types: org.springframework.web.servlet.view.ContentNegotiatingViewResolver; SearchStrategy: all) did not find any beans (OnBeanCondition)

   WebMvcEndpointManagementContextConfiguration matched:
      - @ConditionalOnClass found required class 'org.springframework.web.servlet.DispatcherServlet' (OnClassCondition)
      - found 'session' scope (OnWebApplicationCondition)
      - @ConditionalOnBean (types: org.springframework.web.servlet.DispatcherServlet,org.springframework.boot.actuate.endpoint.web.WebEndpointsSupplier; SearchStrategy: all) found beans 'webEndpointDiscoverer', 'dispatcherServlet' (OnBeanCondition)

   WebMvcEndpointManagementContextConfiguration#controllerEndpointHandlerMapping matched:
      - @ConditionalOnMissingBean (types: org.springframework.boot.actuate.endpoint.web.servlet.ControllerEndpointHandlerMapping; SearchStrategy: all) did not find any beans (OnBeanCondition)

   WebMvcEndpointManagementContextConfiguration#endpointObjectMapperWebMvcConfigurer matched:
      - @ConditionalOnBean (types: org.springframework.boot.actuate.endpoint.jackson.EndpointObjectMapper; SearchStrategy: all) found bean 'endpointObjectMapper' (OnBeanCondition)

   WebMvcEndpointManagementContextConfiguration#webEndpointServletHandlerMapping matched:
      - @ConditionalOnMissingBean (types: org.springframework.boot.actuate.endpoint.web.servlet.WebMvcEndpointHandlerMapping; SearchStrategy: all) did not find any beans (OnBeanCondition)

   WebMvcObservationAutoConfiguration matched:
      - @ConditionalOnClass found required classes 'org.springframework.web.servlet.DispatcherServlet', 'io.micrometer.observation.Observation' (OnClassCondition)
      - found 'session' scope (OnWebApplicationCondition)
      - @ConditionalOnBean (types: io.micrometer.observation.ObservationRegistry; SearchStrategy: all) found bean 'observationRegistry' (OnBeanCondition)

   WebMvcObservationAutoConfiguration#webMvcObservationFilter matched:
      - @ConditionalOnMissingBean (types: org.springframework.web.filter.ServerHttpObservationFilter; SearchStrategy: all) did not find any beans (OnBeanCondition)

   WebMvcObservationAutoConfiguration.MeterFilterConfiguration matched:
      - @ConditionalOnClass found required class 'io.micrometer.core.instrument.MeterRegistry' (OnClassCondition)
      - @ConditionalOnBean (types: io.micrometer.core.instrument.MeterRegistry; SearchStrategy: all) found bean 'simpleMeterRegistry' (OnBeanCondition)

   WebServiceTemplateAutoConfiguration matched:
      - @ConditionalOnClass found required classes 'org.springframework.ws.client.core.WebServiceTemplate', 'org.springframework.oxm.Unmarshaller', 'org.springframework.oxm.Marshaller' (OnClassCondition)

   WebServiceTemplateAutoConfiguration#webServiceHttpMessageSenderFactory matched:
      - @ConditionalOnMissingBean (types: org.springframework.boot.webservices.client.WebServiceMessageSenderFactory; SearchStrategy: all) did not find any beans (OnBeanCondition)

   WebServiceTemplateAutoConfiguration#webServiceTemplateBuilder matched:
      - @ConditionalOnMissingBean (types: org.springframework.boot.webservices.client.WebServiceTemplateBuilder; SearchStrategy: all) did not find any beans (OnBeanCondition)

   WebServicesAutoConfiguration matched:
      - @ConditionalOnClass found required class 'org.springframework.ws.transport.http.MessageDispatcherServlet' (OnClassCondition)
      - found 'session' scope (OnWebApplicationCondition)
      - @ConditionalOnMissingBean (types: org.springframework.ws.config.annotation.WsConfigurationSupport; SearchStrategy: all) did not find any beans (OnBeanCondition)

   WebSocketServletAutoConfiguration matched:
      - @ConditionalOnClass found required classes 'jakarta.servlet.Servlet', 'jakarta.websocket.server.ServerContainer' (OnClassCondition)
      - found 'session' scope (OnWebApplicationCondition)

   WebSocketServletAutoConfiguration.TomcatWebSocketConfiguration matched:
      - @ConditionalOnClass found required classes 'org.apache.catalina.startup.Tomcat', 'org.apache.tomcat.websocket.server.WsSci' (OnClassCondition)

   WebSocketServletAutoConfiguration.TomcatWebSocketConfiguration#websocketServletWebServerCustomizer matched:
      - @ConditionalOnMissingBean (names: websocketServletWebServerCustomizer; SearchStrategy: all) did not find any beans (OnBeanCondition)

   WebTestClientAutoConfiguration matched:
      - @ConditionalOnClass found required classes 'org.springframework.web.reactive.function.client.WebClient', 'org.springframework.test.web.reactive.server.WebTestClient' (OnClassCondition)

   WebTestClientSecurityConfiguration matched:
      - @ConditionalOnClass found required class 'org.springframework.security.test.web.reactive.server.SecurityMockServerConfigurers' (OnClassCondition)


Negative matches:
-----------------

   ActiveMQAutoConfiguration:
      Did not match:
         - @ConditionalOnClass did not find required class 'jakarta.jms.ConnectionFactory' (OnClassCondition)

   AopAutoConfiguration.AspectJAutoProxyingConfiguration.JdkDynamicAutoProxyConfiguration:
      Did not match:
         - @ConditionalOnProperty (spring.aop.proxy-target-class=false) did not find property 'proxy-target-class' (OnPropertyCondition)

   AopAutoConfiguration.ClassProxyingConfiguration:
      Did not match:
         - @ConditionalOnMissingClass found unwanted class 'org.aspectj.weaver.Advice' (OnClassCondition)

   AppOpticsMetricsExportAutoConfiguration:
      Did not match:
         - @ConditionalOnClass did not find required class 'io.micrometer.appoptics.AppOpticsMeterRegistry' (OnClassCondition)

   ArtemisAutoConfiguration:
      Did not match:
         - @ConditionalOnClass did not find required class 'jakarta.jms.ConnectionFactory' (OnClassCondition)

   AtlasMetricsExportAutoConfiguration:
      Did not match:
         - @ConditionalOnClass did not find required class 'io.micrometer.atlas.AtlasMeterRegistry' (OnClassCondition)

   AuditAutoConfiguration:
      Did not match:
         - @ConditionalOnBean (types: org.springframework.boot.actuate.audit.AuditEventRepository; SearchStrategy: all) did not find any beans of type org.springframework.boot.actuate.audit.AuditEventRepository (OnBeanCondition)
      Matched:
         - @ConditionalOnProperty (management.auditevents.enabled) matched (OnPropertyCondition)

   AuditEventsEndpointAutoConfiguration:
      Did not match:
         - @ConditionalOnAvailableEndpoint not exposed (OnAvailableEndpointCondition)

   AvailabilityHealthContributorAutoConfiguration#livenessStateHealthIndicator:
      Did not match:
         - @ConditionalOnProperty (management.health.livenessstate.enabled=true) did not find property 'enabled' (OnPropertyCondition)

   AvailabilityHealthContributorAutoConfiguration#readinessStateHealthIndicator:
      Did not match:
         - @ConditionalOnProperty (management.health.readinessstate.enabled=true) did not find property 'enabled' (OnPropertyCondition)

   AvailabilityProbesAutoConfiguration:
      Did not match:
         - Probes availability not running on a supported cloud platform (AvailabilityProbesAutoConfiguration.ProbesCondition)

   BatchAutoConfiguration:
      Did not match:
         - @ConditionalOnClass did not find required class 'org.springframework.batch.core.launch.JobLauncher' (OnClassCondition)

   BatchObservationAutoConfiguration:
      Did not match:
         - @ConditionalOnClass did not find required class 'org.springframework.batch.core.configuration.annotation.BatchObservabilityBeanPostProcessor' (OnClassCondition)

   BeansEndpointAutoConfiguration:
      Did not match:
         - @ConditionalOnAvailableEndpoint not exposed (OnAvailableEndpointCondition)

   BraveAutoConfiguration:
      Did not match:
         - @ConditionalOnClass did not find required class 'brave.Tracer' (OnClassCondition)

   Cache2kCacheConfiguration:
      Did not match:
         - @ConditionalOnClass did not find required class 'org.cache2k.Cache2kBuilder' (OnClassCondition)

   CacheAutoConfiguration:
      Did not match:
         - @ConditionalOnBean (types: org.springframework.cache.interceptor.CacheAspectSupport; SearchStrategy: all) did not find any beans of type org.springframework.cache.interceptor.CacheAspectSupport (OnBeanCondition)
      Matched:
         - @ConditionalOnClass found required class 'org.springframework.cache.CacheManager' (OnClassCondition)

   CacheAutoConfiguration.CacheManagerEntityManagerFactoryDependsOnPostProcessor:
      Did not match:
         - Ancestor org.springframework.boot.autoconfigure.cache.CacheAutoConfiguration did not match (ConditionEvaluationReport.AncestorsMatchedCondition)
      Matched:
         - @ConditionalOnClass found required class 'org.springframework.orm.jpa.LocalContainerEntityManagerFactoryBean' (OnClassCondition)

   CacheMeterBinderProvidersConfiguration.Cache2kCacheMeterBinderProviderConfiguration:
      Did not match:
         - @ConditionalOnClass did not find required classes 'org.cache2k.Cache2kBuilder', 'org.cache2k.extra.spring.SpringCache2kCache', 'org.cache2k.extra.micrometer.Cache2kCacheMetrics' (OnClassCondition)

   CacheMeterBinderProvidersConfiguration.CaffeineCacheMeterBinderProviderConfiguration:
      Did not match:
         - @ConditionalOnClass did not find required classes 'org.springframework.cache.caffeine.CaffeineCache', 'com.github.benmanes.caffeine.cache.Cache' (OnClassCondition)

   CacheMeterBinderProvidersConfiguration.HazelcastCacheMeterBinderProviderConfiguration:
      Did not match:
         - @ConditionalOnClass did not find required classes 'com.hazelcast.spring.cache.HazelcastCache', 'com.hazelcast.core.Hazelcast' (OnClassCondition)

   CacheMeterBinderProvidersConfiguration.JCacheCacheMeterBinderProviderConfiguration:
      Did not match:
         - @ConditionalOnClass did not find required classes 'org.springframework.cache.jcache.JCacheCache', 'javax.cache.CacheManager' (OnClassCondition)

   CacheMeterBinderProvidersConfiguration.RedisCacheMeterBinderProviderConfiguration:
      Did not match:
         - @ConditionalOnClass did not find required class 'org.springframework.data.redis.cache.RedisCache' (OnClassCondition)

   CacheMetricsAutoConfiguration:
      Did not match:
         - @ConditionalOnBean (types: org.springframework.cache.CacheManager; SearchStrategy: all) did not find any beans of type org.springframework.cache.CacheManager (OnBeanCondition)

   CachesEndpointAutoConfiguration:
      Did not match:
         - @ConditionalOnAvailableEndpoint not exposed (OnAvailableEndpointCondition)
      Matched:
         - @ConditionalOnClass found required class 'org.springframework.cache.CacheManager' (OnClassCondition)

   CaffeineCacheConfiguration:
      Did not match:
         - @ConditionalOnClass did not find required class 'com.github.benmanes.caffeine.cache.Caffeine' (OnClassCondition)

   CassandraAutoConfiguration:
      Did not match:
         - @ConditionalOnClass did not find required class 'com.datastax.oss.driver.api.core.CqlSession' (OnClassCondition)

   CassandraDataAutoConfiguration:
      Did not match:
         - @ConditionalOnClass did not find required class 'com.datastax.oss.driver.api.core.CqlSession' (OnClassCondition)

   CassandraHealthContributorAutoConfiguration:
      Did not match:
         - @ConditionalOnClass did not find required class 'com.datastax.oss.driver.api.core.CqlSession' (OnClassCondition)

   CassandraReactiveDataAutoConfiguration:
      Did not match:
         - @ConditionalOnClass did not find required class 'com.datastax.oss.driver.api.core.CqlSession' (OnClassCondition)

   CassandraReactiveHealthContributorAutoConfiguration:
      Did not match:
         - @ConditionalOnClass did not find required class 'com.datastax.oss.driver.api.core.CqlSession' (OnClassCondition)

   CassandraReactiveRepositoriesAutoConfiguration:
      Did not match:
         - @ConditionalOnClass did not find required class 'org.springframework.data.cassandra.ReactiveSession' (OnClassCondition)

   CassandraRepositoriesAutoConfiguration:
      Did not match:
         - @ConditionalOnClass did not find required class 'com.datastax.oss.driver.api.core.CqlSession' (OnClassCondition)

   ClientHttpConnectorFactoryConfiguration.HttpClient5:
      Did not match:
         - @ConditionalOnClass did not find required classes 'org.apache.hc.client5.http.impl.async.HttpAsyncClients', 'org.apache.hc.core5.http.nio.AsyncRequestProducer', 'org.apache.hc.core5.reactive.ReactiveResponseConsumer' (OnClassCondition)

   ClientHttpConnectorFactoryConfiguration.JdkClient:
      Did not match:
         - @ConditionalOnMissingBean (types: org.springframework.boot.autoconfigure.web.reactive.function.client.ClientHttpConnectorFactory; SearchStrategy: all) found beans of type 'org.springframework.boot.autoconfigure.web.reactive.function.client.ClientHttpConnectorFactory' reactorClientHttpConnectorFactory (OnBeanCondition)
      Matched:
         - @ConditionalOnClass found required class 'java.net.http.HttpClient' (OnClassCondition)

   CloudFoundryActuatorAutoConfiguration:
      Did not match:
         - @ConditionalOnCloudPlatform did not find CLOUD_FOUNDRY (OnCloudPlatformCondition)
      Matched:
         - @ConditionalOnClass found required class 'org.springframework.web.servlet.DispatcherServlet' (OnClassCondition)
         - found 'session' scope (OnWebApplicationCondition)
         - @ConditionalOnProperty (management.cloudfoundry.enabled) matched (OnPropertyCondition)

   CompositeMeterRegistryConfiguration:
      Did not match:
         - NoneNestedConditions 1 matched 1 did not; NestedCondition on CompositeMeterRegistryConfiguration.MultipleNonPrimaryMeterRegistriesCondition.SingleInjectableMeterRegistry @ConditionalOnSingleCandidate (types: io.micrometer.core.instrument.MeterRegistry; SearchStrategy: all) found a single bean 'simpleMeterRegistry'; NestedCondition on CompositeMeterRegistryConfiguration.MultipleNonPrimaryMeterRegistriesCondition.NoMeterRegistryCondition @ConditionalOnMissingBean (types: io.micrometer.core.instrument.MeterRegistry; SearchStrategy: all) found beans of type 'io.micrometer.core.instrument.MeterRegistry' simpleMeterRegistry (CompositeMeterRegistryConfiguration.MultipleNonPrimaryMeterRegistriesCondition)

   ConditionsReportEndpointAutoConfiguration:
      Did not match:
         - @ConditionalOnAvailableEndpoint not exposed (OnAvailableEndpointCondition)

   ConfigurationPropertiesReportEndpointAutoConfiguration:
      Did not match:
         - @ConditionalOnAvailableEndpoint not exposed (OnAvailableEndpointCondition)

   ConnectionFactoryHealthContributorAutoConfiguration:
      Did not match:
         - @ConditionalOnClass did not find required class 'io.r2dbc.spi.ConnectionFactory' (OnClassCondition)

   ConnectionPoolMetricsAutoConfiguration:
      Did not match:
         - @ConditionalOnClass did not find required class 'io.r2dbc.pool.ConnectionPool' (OnClassCondition)

   CouchbaseAutoConfiguration:
      Did not match:
         - @ConditionalOnClass did not find required class 'com.couchbase.client.java.Cluster' (OnClassCondition)

   CouchbaseCacheConfiguration:
      Did not match:
         - @ConditionalOnClass did not find required class 'com.couchbase.client.java.Cluster' (OnClassCondition)

   CouchbaseDataAutoConfiguration:
      Did not match:
         - @ConditionalOnClass did not find required class 'com.couchbase.client.java.Bucket' (OnClassCondition)

   CouchbaseHealthContributorAutoConfiguration:
      Did not match:
         - @ConditionalOnClass did not find required class 'com.couchbase.client.java.Cluster' (OnClassCondition)

   CouchbaseReactiveDataAutoConfiguration:
      Did not match:
         - @ConditionalOnClass did not find required class 'com.couchbase.client.java.Cluster' (OnClassCondition)

   CouchbaseReactiveHealthContributorAutoConfiguration:
      Did not match:
         - @ConditionalOnClass did not find required class 'com.couchbase.client.java.Cluster' (OnClassCondition)

   CouchbaseReactiveRepositoriesAutoConfiguration:
      Did not match:
         - @ConditionalOnClass did not find required class 'com.couchbase.client.java.Cluster' (OnClassCondition)

   CouchbaseRepositoriesAutoConfiguration:
      Did not match:
         - @ConditionalOnClass did not find required class 'com.couchbase.client.java.Bucket' (OnClassCondition)

   DataSourceAutoConfiguration.EmbeddedDatabaseConfiguration:
      Did not match:
         - EmbeddedDataSource found supported pooled data source (DataSourceAutoConfiguration.EmbeddedDatabaseCondition)

   DataSourceCheckpointRestoreConfiguration:
      Did not match:
         - @ConditionalOnClass did not find required class 'org.crac.Resource' (OnClassCondition)

   DataSourceConfiguration.Dbcp2:
      Did not match:
         - @ConditionalOnClass did not find required class 'org.apache.commons.dbcp2.BasicDataSource' (OnClassCondition)

   DataSourceConfiguration.Generic:
      Did not match:
         - @ConditionalOnProperty (spring.datasource.type) did not find property 'spring.datasource.type' (OnPropertyCondition)

   DataSourceConfiguration.OracleUcp:
      Did not match:
         - @ConditionalOnClass did not find required classes 'oracle.ucp.jdbc.PoolDataSourceImpl', 'oracle.jdbc.OracleConnection' (OnClassCondition)

   DataSourceConfiguration.Tomcat:
      Did not match:
         - @ConditionalOnClass did not find required class 'org.apache.tomcat.jdbc.pool.DataSource' (OnClassCondition)

   DataSourceJmxConfiguration:
      Did not match:
         - @ConditionalOnProperty (spring.jmx.enabled=true) found different value in property 'enabled' (OnPropertyCondition)

   DataSourcePoolMetadataProvidersConfiguration.CommonsDbcp2PoolDataSourceMetadataProviderConfiguration:
      Did not match:
         - @ConditionalOnClass did not find required class 'org.apache.commons.dbcp2.BasicDataSource' (OnClassCondition)

   DataSourcePoolMetadataProvidersConfiguration.OracleUcpPoolDataSourceMetadataProviderConfiguration:
      Did not match:
         - @ConditionalOnClass did not find required classes 'oracle.ucp.jdbc.PoolDataSource', 'oracle.jdbc.OracleConnection' (OnClassCondition)

   DataSourcePoolMetadataProvidersConfiguration.TomcatDataSourcePoolMetadataProviderConfiguration:
      Did not match:
         - @ConditionalOnClass did not find required class 'org.apache.tomcat.jdbc.pool.DataSource' (OnClassCondition)

   DataSourceTransactionManagerAutoConfiguration.JdbcTransactionManagerConfiguration#transactionManager:
      Did not match:
         - @ConditionalOnMissingBean (types: org.springframework.transaction.TransactionManager; SearchStrategy: all) found beans of type 'org.springframework.transaction.TransactionManager' transactionManager (OnBeanCondition)

   DatadogMetricsExportAutoConfiguration:
      Did not match:
         - @ConditionalOnClass did not find required class 'io.micrometer.datadog.DatadogMeterRegistry' (OnClassCondition)

   DevToolsDataSourceAutoConfiguration:
      Did not match:
         - Devtools devtools is disabled for current context. (OnEnabledDevToolsCondition)
      Matched:
         - @ConditionalOnClass found required class 'javax.sql.DataSource' (OnClassCondition)

   DevToolsR2dbcAutoConfiguration:
      Did not match:
         - @ConditionalOnClass did not find required class 'io.r2dbc.spi.ConnectionFactory' (OnClassCondition)

   DispatcherServletAutoConfiguration.DispatcherServletConfiguration#multipartResolver:
      Did not match:
         - @ConditionalOnBean (types: org.springframework.web.multipart.MultipartResolver; SearchStrategy: all) did not find any beans of type org.springframework.web.multipart.MultipartResolver (OnBeanCondition)

   DynatraceMetricsExportAutoConfiguration:
      Did not match:
         - @ConditionalOnClass did not find required class 'io.micrometer.dynatrace.DynatraceMeterRegistry' (OnClassCondition)

   ElasticMetricsExportAutoConfiguration:
      Did not match:
         - @ConditionalOnClass did not find required class 'io.micrometer.elastic.ElasticMeterRegistry' (OnClassCondition)

   ElasticsearchClientAutoConfiguration:
      Did not match:
         - @ConditionalOnClass did not find required class 'co.elastic.clients.elasticsearch.ElasticsearchClient' (OnClassCondition)

   ElasticsearchDataAutoConfiguration:
      Did not match:
         - @ConditionalOnClass did not find required class 'org.springframework.data.elasticsearch.client.elc.ElasticsearchTemplate' (OnClassCondition)

   ElasticsearchReactiveHealthContributorAutoConfiguration:
      Did not match:
         - @ConditionalOnClass did not find required class 'org.springframework.data.elasticsearch.client.elc.ReactiveElasticsearchClient' (OnClassCondition)

   ElasticsearchRepositoriesAutoConfiguration:
      Did not match:
         - @ConditionalOnClass did not find required class 'org.springframework.data.elasticsearch.repository.ElasticsearchRepository' (OnClassCondition)

   ElasticsearchRestClientAutoConfiguration:
      Did not match:
         - @ConditionalOnClass did not find required class 'org.elasticsearch.client.RestClientBuilder' (OnClassCondition)

   ElasticsearchRestHealthContributorAutoConfiguration:
      Did not match:
         - @ConditionalOnClass did not find required class 'org.elasticsearch.client.RestClient' (OnClassCondition)

   EmbeddedLdapAutoConfiguration:
      Did not match:
         - @ConditionalOnClass did not find required class 'com.unboundid.ldap.listener.InMemoryDirectoryServer' (OnClassCondition)

   EmbeddedWebServerFactoryCustomizerAutoConfiguration:
      Did not match:
         - Application is deployed as a WAR file. (OnWarDeploymentCondition)
      Matched:
         - @ConditionalOnWebApplication (required) found 'session' scope (OnWebApplicationCondition)

   EnvironmentEndpointAutoConfiguration:
      Did not match:
         - @ConditionalOnAvailableEndpoint not exposed (OnAvailableEndpointCondition)

   ErrorWebFluxAutoConfiguration:
      Did not match:
         - not a reactive web application (OnWebApplicationCondition)
      Matched:
         - @ConditionalOnClass found required class 'org.springframework.web.reactive.config.WebFluxConfigurer' (OnClassCondition)

   FlywayAutoConfiguration:
      Did not match:
         - @ConditionalOnClass did not find required class 'org.flywaydb.core.Flyway' (OnClassCondition)

   FlywayEndpointAutoConfiguration:
      Did not match:
         - @ConditionalOnClass did not find required class 'org.flywaydb.core.Flyway' (OnClassCondition)

   FreeMarkerAutoConfiguration:
      Did not match:
         - @ConditionalOnClass did not find required class 'freemarker.template.Configuration' (OnClassCondition)

   GangliaMetricsExportAutoConfiguration:
      Did not match:
         - @ConditionalOnClass did not find required class 'io.micrometer.ganglia.GangliaMeterRegistry' (OnClassCondition)

   GraphQlAutoConfiguration:
      Did not match:
         - @ConditionalOnClass did not find required class 'graphql.GraphQL' (OnClassCondition)

   GraphQlObservationAutoConfiguration:
      Did not match:
         - @ConditionalOnClass did not find required class 'graphql.GraphQL' (OnClassCondition)

   GraphQlQueryByExampleAutoConfiguration:
      Did not match:
         - @ConditionalOnClass did not find required class 'graphql.GraphQL' (OnClassCondition)

   GraphQlQuerydslAutoConfiguration:
      Did not match:
         - @ConditionalOnClass did not find required class 'com.querydsl.core.Query' (OnClassCondition)

   GraphQlRSocketAutoConfiguration:
      Did not match:
         - @ConditionalOnClass did not find required class 'graphql.GraphQL' (OnClassCondition)

   GraphQlReactiveQueryByExampleAutoConfiguration:
      Did not match:
         - @ConditionalOnClass did not find required class 'graphql.GraphQL' (OnClassCondition)

   GraphQlReactiveQuerydslAutoConfiguration:
      Did not match:
         - @ConditionalOnClass did not find required class 'com.querydsl.core.Query' (OnClassCondition)

   GraphQlWebFluxAutoConfiguration:
      Did not match:
         - @ConditionalOnClass did not find required class 'graphql.GraphQL' (OnClassCondition)

   GraphQlWebFluxSecurityAutoConfiguration:
      Did not match:
         - @ConditionalOnClass did not find required class 'graphql.GraphQL' (OnClassCondition)

   GraphQlWebMvcAutoConfiguration:
      Did not match:
         - @ConditionalOnClass did not find required class 'graphql.GraphQL' (OnClassCondition)

   GraphQlWebMvcSecurityAutoConfiguration:
      Did not match:
         - @ConditionalOnClass did not find required class 'graphql.GraphQL' (OnClassCondition)

   GraphiteMetricsExportAutoConfiguration:
      Did not match:
         - @ConditionalOnClass did not find required class 'io.micrometer.graphite.GraphiteMeterRegistry' (OnClassCondition)

   GroovyTemplateAutoConfiguration:
      Did not match:
         - @ConditionalOnClass did not find required class 'groovy.text.markup.MarkupTemplateEngine' (OnClassCondition)

   GsonHttpMessageConvertersConfiguration.GsonHttpMessageConverterConfiguration:
      Did not match:
         - AnyNestedCondition 0 matched 2 did not; NestedCondition on GsonHttpMessageConvertersConfiguration.PreferGsonOrJacksonAndJsonbUnavailableCondition.JacksonJsonbUnavailable NoneNestedConditions 1 matched 1 did not; NestedCondition on GsonHttpMessageConvertersConfiguration.JacksonAndJsonbUnavailableCondition.JsonbPreferred @ConditionalOnProperty (spring.mvc.converters.preferred-json-mapper=jsonb) did not find property 'spring.mvc.converters.preferred-json-mapper'; NestedCondition on GsonHttpMessageConvertersConfiguration.JacksonAndJsonbUnavailableCondition.JacksonAvailable @ConditionalOnBean (types: org.springframework.http.converter.json.MappingJackson2HttpMessageConverter; SearchStrategy: all) found bean 'mappingJackson2HttpMessageConverter'; NestedCondition on GsonHttpMessageConvertersConfiguration.PreferGsonOrJacksonAndJsonbUnavailableCondition.GsonPreferred @ConditionalOnProperty (spring.mvc.converters.preferred-json-mapper=gson) did not find property 'spring.mvc.converters.preferred-json-mapper' (GsonHttpMessageConvertersConfiguration.PreferGsonOrJacksonAndJsonbUnavailableCondition)

   H2ConsoleAutoConfiguration:
      Did not match:
         - @ConditionalOnProperty (spring.h2.console.enabled=true) did not find property 'enabled' (OnPropertyCondition)
      Matched:
         - @ConditionalOnClass found required class 'org.h2.server.web.JakartaWebServlet' (OnClassCondition)
         - found 'session' scope (OnWebApplicationCondition)

   HazelcastAutoConfiguration:
      Did not match:
         - @ConditionalOnClass did not find required class 'com.hazelcast.core.HazelcastInstance' (OnClassCondition)

   HazelcastCacheConfiguration:
      Did not match:
         - @ConditionalOnClass did not find required class 'com.hazelcast.core.HazelcastInstance' (OnClassCondition)

   HazelcastHealthContributorAutoConfiguration:
      Did not match:
         - @ConditionalOnClass did not find required class 'com.hazelcast.core.HazelcastInstance' (OnClassCondition)

   HazelcastJpaDependencyAutoConfiguration:
      Did not match:
         - @ConditionalOnClass did not find required class 'com.hazelcast.core.HazelcastInstance' (OnClassCondition)

   HealthEndpointReactiveWebExtensionConfiguration:
      Did not match:
         - not a reactive web application (OnWebApplicationCondition)

   HealthEndpointWebExtensionConfiguration.JerseyAdditionalHealthEndpointPathsConfiguration:
      Did not match:
         - @ConditionalOnClass did not find required class 'org.glassfish.jersey.server.ResourceConfig' (OnClassCondition)

   HeapDumpWebEndpointAutoConfiguration:
      Did not match:
         - @ConditionalOnAvailableEndpoint not exposed (OnAvailableEndpointCondition)

   HibernateMetricsAutoConfiguration:
      Did not match:
         - @ConditionalOnClass did not find required class 'org.hibernate.stat.HibernateMetrics' (OnClassCondition)

   HttpExchangesAutoConfiguration:
      Did not match:
         - @ConditionalOnBean (types: org.springframework.boot.actuate.web.exchanges.HttpExchangeRepository; SearchStrategy: all) did not find any beans of type org.springframework.boot.actuate.web.exchanges.HttpExchangeRepository (OnBeanCondition)
      Matched:
         - @ConditionalOnWebApplication (required) found 'session' scope (OnWebApplicationCondition)
         - @ConditionalOnProperty (management.httpexchanges.recording.enabled) matched (OnPropertyCondition)

   HttpExchangesAutoConfiguration.ReactiveHttpExchangesConfiguration:
      Did not match:
         - not a reactive web application (OnWebApplicationCondition)
         - Ancestor org.springframework.boot.actuate.autoconfigure.web.exchanges.HttpExchangesAutoConfiguration did not match (ConditionEvaluationReport.AncestorsMatchedCondition)

   HttpExchangesAutoConfiguration.ServletHttpExchangesConfiguration:
      Did not match:
         - Ancestor org.springframework.boot.actuate.autoconfigure.web.exchanges.HttpExchangesAutoConfiguration did not match (ConditionEvaluationReport.AncestorsMatchedCondition)
      Matched:
         - found 'session' scope (OnWebApplicationCondition)

   HttpExchangesEndpointAutoConfiguration:
      Did not match:
         - @ConditionalOnAvailableEndpoint not exposed (OnAvailableEndpointCondition)

   HttpHandlerAutoConfiguration:
      Did not match:
         - not a reactive web application (OnWebApplicationCondition)
      Matched:
         - @ConditionalOnClass found required classes 'org.springframework.web.reactive.DispatcherHandler', 'org.springframework.http.server.reactive.HttpHandler' (OnClassCondition)

   HumioMetricsExportAutoConfiguration:
      Did not match:
         - @ConditionalOnClass did not find required class 'io.micrometer.humio.HumioMeterRegistry' (OnClassCondition)

   HypermediaAutoConfiguration:
      Did not match:
         - @ConditionalOnClass did not find required class 'org.springframework.hateoas.EntityModel' (OnClassCondition)

   InfinispanCacheConfiguration:
      Did not match:
         - @ConditionalOnClass did not find required class 'org.infinispan.spring.embedded.provider.SpringEmbeddedCacheManager' (OnClassCondition)

   InfluxMetricsExportAutoConfiguration:
      Did not match:
         - @ConditionalOnClass did not find required class 'io.micrometer.influx.InfluxMeterRegistry' (OnClassCondition)

   InfoContributorAutoConfiguration#buildInfoContributor:
      Did not match:
         - @ConditionalOnSingleCandidate (types: org.springframework.boot.info.BuildProperties; SearchStrategy: all) did not find any beans (OnBeanCondition)
      Matched:
         - @ConditionalOnEnabledInfoContributor management.info.defaults.enabled is considered true (OnEnabledInfoContributorCondition)

   InfoContributorAutoConfiguration#envInfoContributor:
      Did not match:
         - @ConditionalOnEnabledInfoContributor management.info.env.enabled is not true (OnEnabledInfoContributorCondition)

   InfoContributorAutoConfiguration#gitInfoContributor:
      Did not match:
         - @ConditionalOnSingleCandidate (types: org.springframework.boot.info.GitProperties; SearchStrategy: all) did not find any beans (OnBeanCondition)
      Matched:
         - @ConditionalOnEnabledInfoContributor management.info.defaults.enabled is considered true (OnEnabledInfoContributorCondition)

   InfoContributorAutoConfiguration#javaInfoContributor:
      Did not match:
         - @ConditionalOnEnabledInfoContributor management.info.java.enabled is not true (OnEnabledInfoContributorCondition)

   InfoContributorAutoConfiguration#osInfoContributor:
      Did not match:
         - @ConditionalOnEnabledInfoContributor management.info.os.enabled is not true (OnEnabledInfoContributorCondition)

   InfoContributorAutoConfiguration#processInfoContributor:
      Did not match:
         - @ConditionalOnEnabledInfoContributor management.info.process.enabled is not true (OnEnabledInfoContributorCondition)

   InfoContributorAutoConfiguration#sslInfo:
      Did not match:
         - @ConditionalOnEnabledInfoContributor management.info.ssl.enabled is not true (OnEnabledInfoContributorCondition)
      Matched:
         - @ConditionalOnMissingBean (types: org.springframework.boot.info.SslInfo; SearchStrategy: all) did not find any beans (OnBeanCondition)

   InfoContributorAutoConfiguration#sslInfoContributor:
      Did not match:
         - @ConditionalOnEnabledInfoContributor management.info.ssl.enabled is not true (OnEnabledInfoContributorCondition)

   InfoEndpointAutoConfiguration:
      Did not match:
         - @ConditionalOnAvailableEndpoint not exposed (OnAvailableEndpointCondition)

   IntegrationAutoConfiguration:
      Did not match:
         - @ConditionalOnClass did not find required class 'org.springframework.integration.config.EnableIntegration' (OnClassCondition)

   IntegrationGraphEndpointAutoConfiguration:
      Did not match:
         - @ConditionalOnClass did not find required class 'org.springframework.integration.graph.IntegrationGraphServer' (OnClassCondition)

   JCacheCacheConfiguration:
      Did not match:
         - @ConditionalOnClass did not find required class 'javax.cache.Caching' (OnClassCondition)

   JacksonHttpMessageConvertersConfiguration.MappingJackson2XmlHttpMessageConverterConfiguration:
      Did not match:
         - @ConditionalOnClass did not find required class 'com.fasterxml.jackson.dataformat.xml.XmlMapper' (OnClassCondition)

   JerseyAutoConfiguration:
      Did not match:
         - @ConditionalOnClass did not find required class 'org.glassfish.jersey.server.spring.SpringComponentProvider' (OnClassCondition)

   JerseySameManagementContextConfiguration:
      Did not match:
         - @ConditionalOnClass did not find required class 'org.glassfish.jersey.server.ResourceConfig' (OnClassCondition)

   JerseyServerMetricsAutoConfiguration:
      Did not match:
         - @ConditionalOnClass did not find required class 'org.glassfish.jersey.micrometer.server.ObservationApplicationEventListener' (OnClassCondition)

   JerseyWebEndpointManagementContextConfiguration:
      Did not match:
         - @ConditionalOnClass did not find required class 'org.glassfish.jersey.server.ResourceConfig' (OnClassCondition)

   JettyMetricsAutoConfiguration:
      Did not match:
         - @ConditionalOnClass did not find required class 'org.eclipse.jetty.server.Server' (OnClassCondition)

   JmsAutoConfiguration:
      Did not match:
         - @ConditionalOnClass did not find required class 'jakarta.jms.Message' (OnClassCondition)

   JmsHealthContributorAutoConfiguration:
      Did not match:
         - @ConditionalOnClass did not find required class 'jakarta.jms.ConnectionFactory' (OnClassCondition)

   JmxAutoConfiguration:
      Did not match:
         - @ConditionalOnProperty (spring.jmx.enabled=true) found different value in property 'enabled' (OnPropertyCondition)
      Matched:
         - @ConditionalOnClass found required class 'org.springframework.jmx.export.MBeanExporter' (OnClassCondition)

   JmxEndpointAutoConfiguration:
      Did not match:
         - @ConditionalOnProperty (spring.jmx.enabled=true) found different value in property 'enabled' (OnPropertyCondition)

   JmxMetricsExportAutoConfiguration:
      Did not match:
         - @ConditionalOnClass did not find required class 'io.micrometer.jmx.JmxMeterRegistry' (OnClassCondition)

   JndiConnectionFactoryAutoConfiguration:
      Did not match:
         - @ConditionalOnClass did not find required class 'org.springframework.jms.core.JmsTemplate' (OnClassCondition)

   JndiDataSourceAutoConfiguration:
      Did not match:
         - @ConditionalOnProperty (spring.datasource.jndi-name) did not find property 'jndi-name' (OnPropertyCondition)
      Matched:
         - @ConditionalOnClass found required classes 'javax.sql.DataSource', 'org.springframework.jdbc.datasource.embedded.EmbeddedDatabaseType' (OnClassCondition)

   JndiJtaConfiguration:
      Did not match:
         - @ConditionalOnJndi JNDI environment is not available (OnJndiCondition)
      Matched:
         - @ConditionalOnClass found required class 'org.springframework.transaction.jta.JtaTransactionManager' (OnClassCondition)

   JooqAutoConfiguration:
      Did not match:
         - @ConditionalOnClass did not find required class 'org.jooq.DSLContext' (OnClassCondition)

   JpaRepositoriesAutoConfiguration#entityManagerFactoryBootstrapExecutorCustomizer:
      Did not match:
         - AnyNestedCondition 0 matched 2 did not; NestedCondition on JpaRepositoriesAutoConfiguration.BootstrapExecutorCondition.LazyBootstrapMode @ConditionalOnProperty (spring.data.jpa.repositories.bootstrap-mode=lazy) did not find property 'bootstrap-mode'; NestedCondition on JpaRepositoriesAutoConfiguration.BootstrapExecutorCondition.DeferredBootstrapMode @ConditionalOnProperty (spring.data.jpa.repositories.bootstrap-mode=deferred) did not find property 'bootstrap-mode' (JpaRepositoriesAutoConfiguration.BootstrapExecutorCondition)

   JsonbAutoConfiguration:
      Did not match:
         - @ConditionalOnClass did not find required class 'jakarta.json.bind.Jsonb' (OnClassCondition)

   JsonbHttpMessageConvertersConfiguration:
      Did not match:
         - @ConditionalOnClass did not find required class 'jakarta.json.bind.Jsonb' (OnClassCondition)

   KafkaAutoConfiguration:
      Did not match:
         - @ConditionalOnClass did not find required class 'org.springframework.kafka.core.KafkaTemplate' (OnClassCondition)

   KafkaMetricsAutoConfiguration:
      Did not match:
         - @ConditionalOnClass did not find required class 'org.springframework.kafka.core.ProducerFactory' (OnClassCondition)

   KairosMetricsExportAutoConfiguration:
      Did not match:
         - @ConditionalOnClass did not find required class 'io.micrometer.kairos.KairosMeterRegistry' (OnClassCondition)

   LdapAutoConfiguration:
      Did not match:
         - @ConditionalOnClass did not find required class 'org.springframework.ldap.core.ContextSource' (OnClassCondition)

   LdapHealthContributorAutoConfiguration:
      Did not match:
         - @ConditionalOnClass did not find required class 'org.springframework.ldap.core.LdapOperations' (OnClassCondition)

   LdapRepositoriesAutoConfiguration:
      Did not match:
         - @ConditionalOnClass did not find required class 'org.springframework.data.ldap.repository.LdapRepository' (OnClassCondition)

   LettuceMetricsAutoConfiguration:
      Did not match:
         - @ConditionalOnClass did not find required class 'io.lettuce.core.metrics.MicrometerCommandLatencyRecorder' (OnClassCondition)

   LiquibaseAutoConfiguration.CustomizerConfiguration#springLiquibaseCustomizer:
      Did not match:
         - @ConditionalOnBean (types: liquibase.integration.spring.Customizer; SearchStrategy: all) did not find any beans of type liquibase.integration.spring.Customizer (OnBeanCondition)

   LiquibaseEndpointAutoConfiguration:
      Did not match:
         - @ConditionalOnAvailableEndpoint not exposed (OnAvailableEndpointCondition)
      Matched:
         - @ConditionalOnClass found required class 'liquibase.integration.spring.SpringLiquibase' (OnClassCondition)

   LocalDevToolsAutoConfiguration:
      Did not match:
         - Initialized Restarter Condition initialized without URLs (OnInitializedRestarterCondition)

   LogFileWebEndpointAutoConfiguration:
      Did not match:
         - @ConditionalOnAvailableEndpoint not exposed (OnAvailableEndpointCondition)

   LogbackMetricsAutoConfiguration:
      Did not match:
         - @ConditionalOnClass did not find required class 'ch.qos.logback.classic.LoggerContext' (OnClassCondition)

   LoggersEndpointAutoConfiguration:
      Did not match:
         - @ConditionalOnAvailableEndpoint not exposed (OnAvailableEndpointCondition)

   MailHealthContributorAutoConfiguration:
      Did not match:
         - @ConditionalOnClass did not find required class 'org.springframework.mail.javamail.JavaMailSenderImpl' (OnClassCondition)

   MailSenderAutoConfiguration:
      Did not match:
         - @ConditionalOnClass did not find required class 'jakarta.mail.internet.MimeMessage' (OnClassCondition)

   MailSenderValidatorAutoConfiguration:
      Did not match:
         - @ConditionalOnSingleCandidate did not find required type 'org.springframework.mail.javamail.JavaMailSenderImpl' (OnBeanCondition)

   ManagementContextAutoConfiguration.DifferentManagementContextConfiguration:
      Did not match:
         - Management Port actual port type (SAME) did not match required type (DIFFERENT) (OnManagementPortCondition)

   ManagementWebSecurityAutoConfiguration:
      Did not match:
         - AllNestedConditions 1 matched 1 did not; NestedCondition on DefaultWebSecurityCondition.Beans @ConditionalOnMissingBean (types: org.springframework.security.web.SecurityFilterChain; SearchStrategy: all) found beans of type 'org.springframework.security.web.SecurityFilterChain' securityFilterChain; NestedCondition on DefaultWebSecurityCondition.Classes @ConditionalOnClass found required classes 'org.springframework.security.web.SecurityFilterChain', 'org.springframework.security.config.annotation.web.builders.HttpSecurity' (DefaultWebSecurityCondition)
      Matched:
         - found 'session' scope (OnWebApplicationCondition)

   MappingsEndpointAutoConfiguration:
      Did not match:
         - @ConditionalOnAvailableEndpoint not exposed (OnAvailableEndpointCondition)

   MessageSourceAutoConfiguration:
      Did not match:
         - ResourceBundle did not find bundle with basename messages (MessageSourceAutoConfiguration.ResourceBundleCondition)

   MetricsAspectsAutoConfiguration:
      Did not match:
         - AnyNestedCondition 0 matched 2 did not; NestedCondition on MetricsAspectsAutoConfiguration.ObservationAnnotationsEnabledCondition.ManagementObservationsEnabledCondition @ConditionalOnProperty (management.observations.annotations.enabled=true) did not find property 'enabled'; NestedCondition on MetricsAspectsAutoConfiguration.ObservationAnnotationsEnabledCondition.MicrometerObservationsEnabledCondition @ConditionalOnProperty (micrometer.observations.annotations.enabled=true) did not find property 'enabled' (MetricsAspectsAutoConfiguration.ObservationAnnotationsEnabledCondition)
      Matched:
         - @ConditionalOnClass found required classes 'io.micrometer.core.instrument.MeterRegistry', 'org.aspectj.weaver.Advice' (OnClassCondition)

   MetricsEndpointAutoConfiguration:
      Did not match:
         - @ConditionalOnAvailableEndpoint not exposed (OnAvailableEndpointCondition)
      Matched:
         - @ConditionalOnClass found required class 'io.micrometer.core.annotation.Timed' (OnClassCondition)

   MicrometerTracingAutoConfiguration:
      Did not match:
         - @ConditionalOnClass did not find required class 'io.micrometer.tracing.Tracer' (OnClassCondition)

   MockMvcAutoConfiguration#dispatcherServlet:
      Did not match:
         - @ConditionalOnMissingBean (types: org.springframework.web.servlet.DispatcherServlet; SearchStrategy: all) found beans of type 'org.springframework.web.servlet.DispatcherServlet' dispatcherServlet (OnBeanCondition)

   MockMvcAutoConfiguration#dispatcherServletPath:
      Did not match:
         - @ConditionalOnMissingBean (types: org.springframework.boot.autoconfigure.web.servlet.DispatcherServletPath; SearchStrategy: all) found beans of type 'org.springframework.boot.autoconfigure.web.servlet.DispatcherServletPath' dispatcherServletRegistration (OnBeanCondition)

   MockMvcWebClientAutoConfiguration:
      Did not match:
         - @ConditionalOnClass did not find required class 'org.htmlunit.WebClient' (OnClassCondition)

   MockMvcWebDriverAutoConfiguration:
      Did not match:
         - @ConditionalOnClass did not find required class 'org.openqa.selenium.htmlunit.HtmlUnitDriver' (OnClassCondition)

   MongoAutoConfiguration:
      Did not match:
         - @ConditionalOnClass did not find required class 'com.mongodb.client.MongoClient' (OnClassCondition)

   MongoDataAutoConfiguration:
      Did not match:
         - @ConditionalOnClass did not find required class 'com.mongodb.client.MongoClient' (OnClassCondition)

   MongoHealthContributorAutoConfiguration:
      Did not match:
         - @ConditionalOnClass did not find required class 'org.springframework.data.mongodb.core.MongoTemplate' (OnClassCondition)

   MongoMetricsAutoConfiguration:
      Did not match:
         - @ConditionalOnClass did not find required class 'com.mongodb.MongoClientSettings' (OnClassCondition)

   MongoReactiveAutoConfiguration:
      Did not match:
         - @ConditionalOnClass did not find required class 'com.mongodb.reactivestreams.client.MongoClient' (OnClassCondition)

   MongoReactiveDataAutoConfiguration:
      Did not match:
         - @ConditionalOnClass did not find required class 'com.mongodb.reactivestreams.client.MongoClient' (OnClassCondition)

   MongoReactiveHealthContributorAutoConfiguration:
      Did not match:
         - @ConditionalOnClass did not find required class 'org.springframework.data.mongodb.core.ReactiveMongoTemplate' (OnClassCondition)

   MongoReactiveRepositoriesAutoConfiguration:
      Did not match:
         - @ConditionalOnClass did not find required class 'com.mongodb.reactivestreams.client.MongoClient' (OnClassCondition)

   MongoRepositoriesAutoConfiguration:
      Did not match:
         - @ConditionalOnClass did not find required class 'com.mongodb.client.MongoClient' (OnClassCondition)

   MultipleOpenApiSupportConfiguration:
      Did not match:
         - AnyNestedCondition 0 matched 2 did not; NestedCondition on MultipleOpenApiSupportCondition.OnActuatorDifferentPort found non-matching nested conditions Management Port actual port type (SAME) did not match required type (DIFFERENT), @ConditionalOnProperty (springdoc.show-actuator) did not find property 'springdoc.show-actuator'; NestedCondition on MultipleOpenApiSupportCondition.OnMultipleOpenApiSupportCondition AnyNestedCondition 0 matched 3 did not; NestedCondition on MultipleOpenApiGroupsCondition.OnListGroupedOpenApiBean @ConditionalOnBean (types: org.springdoc.core.models.GroupedOpenApi; SearchStrategy: all) did not find any beans of type org.springdoc.core.models.GroupedOpenApi; NestedCondition on MultipleOpenApiGroupsCondition.OnGroupConfigProperty @ConditionalOnProperty (springdoc.group-configs[0].group) did not find property 'springdoc.group-configs[0].group'; NestedCondition on MultipleOpenApiGroupsCondition.OnGroupedOpenApiBean @ConditionalOnBean (types: org.springdoc.core.models.GroupedOpenApi; SearchStrategy: all) did not find any beans of type org.springdoc.core.models.GroupedOpenApi (MultipleOpenApiSupportCondition)
      Matched:
         - found 'session' scope (OnWebApplicationCondition)
         - @ConditionalOnProperty (springdoc.api-docs.enabled) matched (OnPropertyCondition)

   MultipleOpenApiSupportConfiguration.SpringDocWebMvcActuatorDifferentConfiguration:
      Did not match:
         - Management Port actual port type (SAME) did not match required type (DIFFERENT) (OnManagementPortCondition)
         - Ancestor org.springdoc.webmvc.core.configuration.MultipleOpenApiSupportConfiguration did not match (ConditionEvaluationReport.AncestorsMatchedCondition)
      Matched:
         - @ConditionalOnClass found required class 'org.springframework.boot.actuate.endpoint.web.servlet.WebMvcEndpointHandlerMapping' (OnClassCondition)

   MustacheAutoConfiguration:
      Did not match:
         - @ConditionalOnClass did not find required class 'com.samskivert.mustache.Mustache' (OnClassCondition)

   Neo4jAutoConfiguration:
      Did not match:
         - @ConditionalOnClass did not find required class 'org.neo4j.driver.Driver' (OnClassCondition)

   Neo4jDataAutoConfiguration:
      Did not match:
         - @ConditionalOnClass did not find required class 'org.neo4j.driver.Driver' (OnClassCondition)

   Neo4jHealthContributorAutoConfiguration:
      Did not match:
         - @ConditionalOnClass did not find required class 'org.neo4j.driver.Driver' (OnClassCondition)

   Neo4jReactiveDataAutoConfiguration:
      Did not match:
         - @ConditionalOnClass did not find required class 'org.neo4j.driver.Driver' (OnClassCondition)

   Neo4jReactiveRepositoriesAutoConfiguration:
      Did not match:
         - @ConditionalOnClass did not find required class 'org.neo4j.driver.Driver' (OnClassCondition)

   Neo4jRepositoriesAutoConfiguration:
      Did not match:
         - @ConditionalOnClass did not find required class 'org.neo4j.driver.Driver' (OnClassCondition)

   NewRelicMetricsExportAutoConfiguration:
      Did not match:
         - @ConditionalOnClass did not find required class 'io.micrometer.newrelic.NewRelicMeterRegistry' (OnClassCondition)

   NoOpMeterRegistryConfiguration:
      Did not match:
         - @ConditionalOnMissingBean (types: io.micrometer.core.instrument.MeterRegistry; SearchStrategy: all) found beans of type 'io.micrometer.core.instrument.MeterRegistry' simpleMeterRegistry (OnBeanCondition)

   NoopTracerAutoConfiguration:
      Did not match:
         - @ConditionalOnClass did not find required class 'io.micrometer.tracing.Tracer' (OnClassCondition)

   OAuth2AuthorizationServerAutoConfiguration:
      Did not match:
         - @ConditionalOnClass did not find required class 'org.springframework.security.oauth2.server.authorization.OAuth2Authorization' (OnClassCondition)

   OAuth2AuthorizationServerJwtAutoConfiguration:
      Did not match:
         - @ConditionalOnClass did not find required class 'org.springframework.security.oauth2.server.authorization.OAuth2Authorization' (OnClassCondition)

   OAuth2ClientAutoConfiguration:
      Did not match:
         - @ConditionalOnClass did not find required class 'org.springframework.security.oauth2.client.registration.ClientRegistration' (OnClassCondition)

   OAuth2ResourceServerAutoConfiguration:
      Did not match:
         - @ConditionalOnClass did not find required class 'org.springframework.security.oauth2.server.resource.authentication.BearerTokenAuthenticationToken' (OnClassCondition)

   ObservationAutoConfiguration.MeterObservationHandlerConfiguration.TracingAndMetricsObservationHandlerConfiguration:
      Did not match:
         - @ConditionalOnBean did not find required type 'io.micrometer.tracing.Tracer' (OnBeanCondition)
         - @ConditionalOnBean (types: io.micrometer.tracing.Tracer; SearchStrategy: all) did not find any beans of type io.micrometer.tracing.Tracer (OnBeanCondition)

   ObservationAutoConfiguration.MetricsWithTracingConfiguration:
      Did not match:
         - @ConditionalOnClass did not find required class 'io.micrometer.tracing.Tracer' (OnClassCondition)

   ObservationAutoConfiguration.OnlyTracingConfiguration:
      Did not match:
         - @ConditionalOnClass did not find required class 'io.micrometer.tracing.Tracer' (OnClassCondition)

   OpenTelemetryAutoConfiguration:
      Did not match:
         - @ConditionalOnClass did not find required class 'io.opentelemetry.sdk.OpenTelemetrySdk' (OnClassCondition)

   OpenTelemetryLoggingAutoConfiguration:
      Did not match:
         - @ConditionalOnClass did not find required class 'io.opentelemetry.api.OpenTelemetry' (OnClassCondition)

   OpenTelemetryTracingAutoConfiguration:
      Did not match:
         - @ConditionalOnClass did not find required class 'io.micrometer.tracing.otel.bridge.OtelTracer' (OnClassCondition)

   OtlpLoggingAutoConfiguration:
      Did not match:
         - @ConditionalOnClass did not find required class 'io.opentelemetry.api.OpenTelemetry' (OnClassCondition)

   OtlpMetricsExportAutoConfiguration:
      Did not match:
         - @ConditionalOnClass did not find required class 'io.micrometer.registry.otlp.OtlpMeterRegistry' (OnClassCondition)

   OtlpTracingAutoConfiguration:
      Did not match:
         - @ConditionalOnClass did not find required class 'io.micrometer.tracing.otel.bridge.OtelTracer' (OnClassCondition)

   ProjectInfoAutoConfiguration#buildProperties:
      Did not match:
         - @ConditionalOnResource did not find resource '${spring.info.build.location:classpath:META-INF/build-info.properties}' (OnResourceCondition)

   ProjectInfoAutoConfiguration#gitProperties:
      Did not match:
         - GitResource did not find git info at classpath:git.properties (ProjectInfoAutoConfiguration.GitResourceAvailableCondition)

   PrometheusExemplarsAutoConfiguration:
      Did not match:
         - @ConditionalOnClass did not find required class 'io.micrometer.tracing.Tracer' (OnClassCondition)

   PrometheusMetricsExportAutoConfiguration:
      Did not match:
         - @ConditionalOnClass did not find required class 'io.micrometer.prometheusmetrics.PrometheusMeterRegistry' (OnClassCondition)

   PrometheusSimpleclientExemplarsAutoConfiguration:
      Did not match:
         - @ConditionalOnClass did not find required class 'io.micrometer.tracing.Tracer' (OnClassCondition)

   PrometheusSimpleclientMetricsExportAutoConfiguration:
      Did not match:
         - @ConditionalOnClass did not find required class 'io.micrometer.prometheus.PrometheusMeterRegistry' (OnClassCondition)

   PulsarAutoConfiguration:
      Did not match:
         - @ConditionalOnClass did not find required class 'org.apache.pulsar.client.api.PulsarClient' (OnClassCondition)

   PulsarReactiveAutoConfiguration:
      Did not match:
         - @ConditionalOnClass did not find required class 'org.apache.pulsar.client.api.PulsarClient' (OnClassCondition)

   QuartzAutoConfiguration:
      Did not match:
         - @ConditionalOnClass did not find required class 'org.quartz.Scheduler' (OnClassCondition)

   QuartzEndpointAutoConfiguration:
      Did not match:
         - @ConditionalOnClass did not find required class 'org.quartz.Scheduler' (OnClassCondition)

   R2dbcAutoConfiguration:
      Did not match:
         - @ConditionalOnClass did not find required class 'io.r2dbc.spi.ConnectionFactory' (OnClassCondition)

   R2dbcDataAutoConfiguration:
      Did not match:
         - @ConditionalOnClass did not find required class 'org.springframework.data.r2dbc.core.R2dbcEntityTemplate' (OnClassCondition)

   R2dbcInitializationConfiguration:
      Did not match:
         - @ConditionalOnClass did not find required classes 'io.r2dbc.spi.ConnectionFactory', 'org.springframework.r2dbc.connection.init.DatabasePopulator' (OnClassCondition)

   R2dbcObservationAutoConfiguration:
      Did not match:
         - @ConditionalOnClass did not find required class 'io.r2dbc.proxy.ProxyConnectionFactory' (OnClassCondition)

   R2dbcProxyAutoConfiguration:
      Did not match:
         - @ConditionalOnClass did not find required class 'io.r2dbc.proxy.ProxyConnectionFactory' (OnClassCondition)

   R2dbcRepositoriesAutoConfiguration:
      Did not match:
         - @ConditionalOnClass did not find required class 'io.r2dbc.spi.ConnectionFactory' (OnClassCondition)

   R2dbcTransactionManagerAutoConfiguration:
      Did not match:
         - @ConditionalOnClass did not find required class 'org.springframework.r2dbc.connection.R2dbcTransactionManager' (OnClassCondition)

   RSocketGraphQlClientAutoConfiguration:
      Did not match:
         - @ConditionalOnClass did not find required class 'graphql.GraphQL' (OnClassCondition)

   RSocketMessagingAutoConfiguration:
      Did not match:
         - @ConditionalOnClass did not find required class 'io.rsocket.RSocket' (OnClassCondition)

   RSocketRequesterAutoConfiguration:
      Did not match:
         - @ConditionalOnClass did not find required class 'io.rsocket.RSocket' (OnClassCondition)

   RSocketSecurityAutoConfiguration:
      Did not match:
         - @ConditionalOnClass did not find required class 'org.springframework.security.rsocket.core.SecuritySocketAcceptorInterceptor' (OnClassCondition)

   RSocketServerAutoConfiguration:
      Did not match:
         - @ConditionalOnClass did not find required class 'io.rsocket.core.RSocketServer' (OnClassCondition)

   RSocketStrategiesAutoConfiguration:
      Did not match:
         - @ConditionalOnClass did not find required class 'io.rsocket.RSocket' (OnClassCondition)

   RabbitAutoConfiguration:
      Did not match:
         - @ConditionalOnClass did not find required class 'com.rabbitmq.client.Channel' (OnClassCondition)

   RabbitHealthContributorAutoConfiguration:
      Did not match:
         - @ConditionalOnClass did not find required class 'org.springframework.amqp.rabbit.core.RabbitTemplate' (OnClassCondition)

   RabbitMetricsAutoConfiguration:
      Did not match:
         - @ConditionalOnClass did not find required class 'com.rabbitmq.client.ConnectionFactory' (OnClassCondition)

   ReactiveCloudFoundryActuatorAutoConfiguration:
      Did not match:
         - not a reactive web application (OnWebApplicationCondition)

   ReactiveElasticsearchClientAutoConfiguration:
      Did not match:
         - @ConditionalOnClass did not find required class 'co.elastic.clients.transport.ElasticsearchTransport' (OnClassCondition)

   ReactiveElasticsearchRepositoriesAutoConfiguration:
      Did not match:
         - @ConditionalOnClass did not find required class 'org.springframework.data.elasticsearch.client.elc.ReactiveElasticsearchClient' (OnClassCondition)

   ReactiveManagementContextAutoConfiguration:
      Did not match:
         - not a reactive web application (OnWebApplicationCondition)
      Matched:
         - @ConditionalOnClass found required class 'reactor.core.publisher.Flux' (OnClassCondition)

   ReactiveManagementWebSecurityAutoConfiguration:
      Did not match:
         - not a reactive web application (OnWebApplicationCondition)
      Matched:
         - @ConditionalOnClass found required classes 'org.springframework.security.config.annotation.web.reactive.EnableWebFluxSecurity', 'org.springframework.security.web.server.WebFilterChainProxy' (OnClassCondition)

   ReactiveMultipartAutoConfiguration:
      Did not match:
         - not a reactive web application (OnWebApplicationCondition)
      Matched:
         - @ConditionalOnClass found required classes 'org.springframework.http.codec.multipart.DefaultPartHttpMessageReader', 'org.springframework.web.reactive.config.WebFluxConfigurer' (OnClassCondition)

   ReactiveOAuth2ClientAutoConfiguration:
      Did not match:
         - @ConditionalOnClass did not find required class 'org.springframework.security.oauth2.client.registration.ClientRegistration' (OnClassCondition)

   ReactiveOAuth2ResourceServerAutoConfiguration:
      Did not match:
         - not a reactive web application (OnWebApplicationCondition)
      Matched:
         - @ConditionalOnClass found required class 'org.springframework.security.config.annotation.web.reactive.EnableWebFluxSecurity' (OnClassCondition)

   ReactiveSecurityAutoConfiguration.SpringBootWebFluxSecurityConfiguration:
      Did not match:
         - not a reactive web application (OnWebApplicationCondition)

   ReactiveUserDetailsServiceAutoConfiguration:
      Did not match:
         - AnyNestedCondition 0 matched 2 did not; NestedCondition on ReactiveUserDetailsServiceAutoConfiguration.RSocketEnabledOrReactiveWebApplication.ReactiveWebApplicationCondition not a reactive web application; NestedCondition on ReactiveUserDetailsServiceAutoConfiguration.RSocketEnabledOrReactiveWebApplication.RSocketSecurityEnabledCondition @ConditionalOnBean (types: org.springframework.messaging.rsocket.annotation.support.RSocketMessageHandler; SearchStrategy: all) did not find any beans of type org.springframework.messaging.rsocket.annotation.support.RSocketMessageHandler (ReactiveUserDetailsServiceAutoConfiguration.RSocketEnabledOrReactiveWebApplication)
      Matched:
         - @ConditionalOnClass found required class 'org.springframework.security.authentication.ReactiveAuthenticationManager' (OnClassCondition)
         - AnyNestedCondition 1 matched 2 did not; NestedCondition on ReactiveUserDetailsServiceAutoConfiguration.MissingAlternativeOrUserPropertiesConfigured.PasswordConfigured @ConditionalOnProperty (spring.security.user.password) did not find property 'password'; NestedCondition on ReactiveUserDetailsServiceAutoConfiguration.MissingAlternativeOrUserPropertiesConfigured.NameConfigured @ConditionalOnProperty (spring.security.user.name) did not find property 'name'; NestedCondition on ReactiveUserDetailsServiceAutoConfiguration.MissingAlternativeOrUserPropertiesConfigured.MissingAlternative @ConditionalOnMissingClass did not find unwanted classes 'org.springframework.security.oauth2.client.registration.ClientRegistrationRepository', 'org.springframework.security.oauth2.server.resource.introspection.ReactiveOpaqueTokenIntrospector' (ReactiveUserDetailsServiceAutoConfiguration.MissingAlternativeOrUserPropertiesConfigured)

   ReactiveWebServerFactoryAutoConfiguration:
      Did not match:
         - not a reactive web application (OnWebApplicationCondition)
      Matched:
         - @ConditionalOnClass found required class 'org.springframework.http.ReactiveHttpInputMessage' (OnClassCondition)

   RedisAutoConfiguration:
      Did not match:
         - @ConditionalOnClass did not find required class 'org.springframework.data.redis.core.RedisOperations' (OnClassCondition)

   RedisCacheConfiguration:
      Did not match:
         - @ConditionalOnClass did not find required class 'org.springframework.data.redis.connection.RedisConnectionFactory' (OnClassCondition)

   RedisHealthContributorAutoConfiguration:
      Did not match:
         - @ConditionalOnClass did not find required class 'org.springframework.data.redis.connection.RedisConnectionFactory' (OnClassCondition)

   RedisReactiveAutoConfiguration:
      Did not match:
         - @ConditionalOnClass did not find required class 'org.springframework.data.redis.connection.ReactiveRedisConnectionFactory' (OnClassCondition)

   RedisReactiveHealthContributorAutoConfiguration:
      Did not match:
         - @ConditionalOnClass did not find required class 'org.springframework.data.redis.connection.ReactiveRedisConnectionFactory' (OnClassCondition)

   RedisRepositoriesAutoConfiguration:
      Did not match:
         - @ConditionalOnClass did not find required class 'org.springframework.data.redis.repository.configuration.EnableRedisRepositories' (OnClassCondition)

   RemoteDevToolsAutoConfiguration:
      Did not match:
         - @ConditionalOnProperty (spring.devtools.remote.secret) did not find property 'secret' (OnPropertyCondition)
      Matched:
         - @ConditionalOnClass found required classes 'jakarta.servlet.Filter', 'org.springframework.http.server.ServerHttpRequest' (OnClassCondition)

   RepositoryRestMvcAutoConfiguration:
      Did not match:
         - @ConditionalOnClass did not find required class 'org.springframework.data.rest.webmvc.config.RepositoryRestMvcConfiguration' (OnClassCondition)

   Saml2RelyingPartyAutoConfiguration:
      Did not match:
         - @ConditionalOnClass did not find required class 'org.springframework.security.saml2.provider.service.registration.RelyingPartyRegistrationRepository' (OnClassCondition)

   SbomEndpointAutoConfiguration:
      Did not match:
         - @ConditionalOnAvailableEndpoint not exposed (OnAvailableEndpointCondition)

   ScheduledTasksEndpointAutoConfiguration:
      Did not match:
         - @ConditionalOnAvailableEndpoint not exposed (OnAvailableEndpointCondition)

   SecurityDataConfiguration:
      Did not match:
         - @ConditionalOnClass did not find required class 'org.springframework.security.data.repository.query.SecurityEvaluationContextExtension' (OnClassCondition)

   SecurityRequestMatchersManagementContextConfiguration.JerseyRequestMatcherConfiguration:
      Did not match:
         - @ConditionalOnClass did not find required class 'org.glassfish.jersey.server.ResourceConfig' (OnClassCondition)

   SendGridAutoConfiguration:
      Did not match:
         - @ConditionalOnClass did not find required class 'com.sendgrid.SendGrid' (OnClassCondition)

   ServletEndpointManagementContextConfiguration.JerseyServletEndpointManagementContextConfiguration:
      Did not match:
         - @ConditionalOnClass did not find required class 'org.glassfish.jersey.server.ResourceConfig' (OnClassCondition)

   ServletManagementContextAutoConfiguration.ApplicationContextFilterConfiguration:
      Did not match:
         - @ConditionalOnProperty (management.server.add-application-context-header=true) did not find property 'add-application-context-header' (OnPropertyCondition)

   ServletWebServerFactoryConfiguration.EmbeddedJetty:
      Did not match:
         - @ConditionalOnClass did not find required classes 'org.eclipse.jetty.server.Server', 'org.eclipse.jetty.util.Loader', 'org.eclipse.jetty.ee10.webapp.WebAppContext' (OnClassCondition)

   ServletWebServerFactoryConfiguration.EmbeddedUndertow:
      Did not match:
         - @ConditionalOnClass did not find required classes 'io.undertow.Undertow', 'org.xnio.SslClientAuthMode' (OnClassCondition)

   SessionAutoConfiguration:
      Did not match:
         - @ConditionalOnClass did not find required class 'org.springframework.session.Session' (OnClassCondition)

   SessionsEndpointAutoConfiguration:
      Did not match:
         - @ConditionalOnClass did not find required class 'org.springframework.session.Session' (OnClassCondition)

   ShutdownEndpointAutoConfiguration:
      Did not match:
         - @ConditionalOnAvailableEndpoint the configured access for endpoint 'shutdown' is NONE (OnAvailableEndpointCondition)

   SignalFxMetricsExportAutoConfiguration:
      Did not match:
         - @ConditionalOnClass did not find required class 'io.micrometer.signalfx.SignalFxMeterRegistry' (OnClassCondition)

   SpringApplicationAdminJmxAutoConfiguration:
      Did not match:
         - @ConditionalOnProperty (spring.application.admin.enabled=true) did not find property 'enabled' (OnPropertyCondition)

   SpringBootWebSecurityConfiguration.SecurityFilterChainConfiguration:
      Did not match:
         - AllNestedConditions 1 matched 1 did not; NestedCondition on DefaultWebSecurityCondition.Beans @ConditionalOnMissingBean (types: org.springframework.security.web.SecurityFilterChain; SearchStrategy: all) found beans of type 'org.springframework.security.web.SecurityFilterChain' securityFilterChain; NestedCondition on DefaultWebSecurityCondition.Classes @ConditionalOnClass found required classes 'org.springframework.security.web.SecurityFilterChain', 'org.springframework.security.config.annotation.web.builders.HttpSecurity' (DefaultWebSecurityCondition)

   SpringDocConfiguration#propertiesResolverForSchema:
      Did not match:
         - @ConditionalOnProperty (springdoc.api-docs.resolve-schema-properties) did not find property 'springdoc.api-docs.resolve-schema-properties' (OnPropertyCondition)

   SpringDocConfiguration#propertyCustomizingConverter:
      Did not match:
         - @ConditionalOnBean (types: org.springdoc.core.customizers.PropertyCustomizer; SearchStrategy: all) did not find any beans of type org.springdoc.core.customizers.PropertyCustomizer (OnBeanCondition)

   SpringDocConfiguration#springdocBeanFactoryPostProcessor:
      Did not match:
         - AnyNestedCondition 0 matched 2 did not; NestedCondition on CacheOrGroupedOpenApiCondition.OnCacheDisabled found non-matching nested conditions @ConditionalOnProperty (springdoc.cache.disabled) did not find property 'springdoc.cache.disabled'; NestedCondition on CacheOrGroupedOpenApiCondition.OnMultipleOpenApiSupportCondition AnyNestedCondition 0 matched 2 did not; NestedCondition on MultipleOpenApiSupportCondition.OnActuatorDifferentPort found non-matching nested conditions Management Port actual port type (SAME) did not match required type (DIFFERENT), @ConditionalOnProperty (springdoc.show-actuator) did not find property 'springdoc.show-actuator'; NestedCondition on MultipleOpenApiSupportCondition.OnMultipleOpenApiSupportCondition AnyNestedCondition 0 matched 3 did not; NestedCondition on MultipleOpenApiGroupsCondition.OnListGroupedOpenApiBean @ConditionalOnBean (types: org.springdoc.core.models.GroupedOpenApi; SearchStrategy: all) did not find any beans of type org.springdoc.core.models.GroupedOpenApi; NestedCondition on MultipleOpenApiGroupsCondition.OnGroupConfigProperty @ConditionalOnProperty (springdoc.group-configs[0].group) did not find property 'springdoc.group-configs[0].group'; NestedCondition on MultipleOpenApiGroupsCondition.OnGroupedOpenApiBean @ConditionalOnBean (types: org.springdoc.core.models.GroupedOpenApi; SearchStrategy: all) did not find any beans of type org.springdoc.core.models.GroupedOpenApi (CacheOrGroupedOpenApiCondition)
      Matched:
         - @ConditionalOnClass found required class 'org.springframework.boot.context.properties.bind.BindResult' (OnClassCondition)

   SpringDocConfiguration#springdocBeanFactoryPostProcessor2:
      Did not match:
         - @ConditionalOnMissingClass found unwanted class 'org.springframework.boot.context.properties.bind.BindResult' (OnClassCondition)

   SpringDocConfiguration.SpringDocActuatorConfiguration:
      Did not match:
         - @ConditionalOnProperty (springdoc.show-actuator) did not find property 'springdoc.show-actuator' (OnPropertyCondition)
      Matched:
         - @ConditionalOnClass found required class 'org.springframework.boot.actuate.autoconfigure.endpoint.web.WebEndpointProperties' (OnClassCondition)

   SpringDocConfiguration.SpringDocRepositoryRestConfiguration:
      Did not match:
         - @ConditionalOnClass did not find required class 'org.springframework.data.rest.core.config.RepositoryRestConfiguration' (OnClassCondition)

   SpringDocDataRestConfiguration:
      Did not match:
         - @ConditionalOnClass did not find required class 'org.springframework.data.rest.core.config.RepositoryRestConfiguration' (OnClassCondition)

   SpringDocFunctionCatalogConfiguration:
      Did not match:
         - @ConditionalOnClass did not find required class 'org.springframework.cloud.function.web.function.FunctionEndpointInitializer' (OnClassCondition)

   SpringDocGroovyConfiguration:
      Did not match:
         - @ConditionalOnClass did not find required class 'groovy.lang.MetaClass' (OnClassCondition)

   SpringDocHateoasConfiguration:
      Did not match:
         - @ConditionalOnClass did not find required class 'org.springframework.hateoas.server.LinkRelationProvider' (OnClassCondition)

   SpringDocJacksonKotlinModuleConfiguration:
      Did not match:
         - @ConditionalOnClass did not find required class 'com.fasterxml.jackson.module.kotlin.KotlinModule' (OnClassCondition)

   SpringDocJavadocConfiguration:
      Did not match:
         - @ConditionalOnClass did not find required class 'com.github.therapi.runtimejavadoc.CommentFormatter' (OnClassCondition)

   SpringDocKotlinConfiguration:
      Did not match:
         - @ConditionalOnClass did not find required class 'kotlin.coroutines.Continuation' (OnClassCondition)

   SpringDocKotlinxConfiguration:
      Did not match:
         - @ConditionalOnClass did not find required class 'kotlinx.coroutines.flow.Flow' (OnClassCondition)

   SpringDocSecurityConfiguration.SpringDocSecurityOAuth2ClientConfiguration:
      Did not match:
         - @ConditionalOnClass did not find required class 'org.springframework.security.oauth2.client.annotation.RegisteredOAuth2AuthorizedClient' (OnClassCondition)

   SpringDocSecurityConfiguration.SpringDocSecurityOAuth2Configuration:
      Did not match:
         - @ConditionalOnClass did not find required class 'org.springframework.security.oauth2.server.authorization.OAuth2AuthorizationService' (OnClassCondition)

   SpringDocSecurityConfiguration.SpringSecurityLoginEndpointConfiguration#springSecurityLoginEndpointCustomizer:
      Did not match:
         - @ConditionalOnProperty (springdoc.show-login-endpoint) did not find property 'springdoc.show-login-endpoint' (OnPropertyCondition)

   SpringDocSortConfiguration#dataRestDelegatingMethodParameterCustomizer:
      Did not match:
         - @ConditionalOnMissingBean (types: org.springdoc.core.customizers.DataRestDelegatingMethodParameterCustomizer; SearchStrategy: all) found beans of type 'org.springdoc.core.customizers.DataRestDelegatingMethodParameterCustomizer' dataRestDelegatingMethodParameterCustomizer (OnBeanCondition)

   SpringDocWebMvcConfiguration.SpringDocWebMvcActuatorConfiguration#actuatorProvider:
      Did not match:
         - @ConditionalOnExpression (#{${springdoc.show-actuator:false} or ${springdoc.use-management-port:false}}) resulted in false (OnExpressionCondition)

   SpringDocWebMvcConfiguration.SpringDocWebMvcActuatorConfiguration#openApiActuatorResource:
      Did not match:
         - @ConditionalOnExpression (#{${springdoc.use-management-port:false} and ${springdoc.enable-default-api-docs:true}}) resulted in false (OnExpressionCondition)

   StackdriverMetricsExportAutoConfiguration:
      Did not match:
         - @ConditionalOnClass did not find required class 'io.micrometer.stackdriver.StackdriverMeterRegistry' (OnClassCondition)

   StartupEndpointAutoConfiguration:
      Did not match:
         - ApplicationStartup configured applicationStartup is of type class org.springframework.core.metrics.DefaultApplicationStartup, expected BufferingApplicationStartup. (StartupEndpointAutoConfiguration.ApplicationStartupCondition)

   StatsdMetricsExportAutoConfiguration:
      Did not match:
         - @ConditionalOnClass did not find required class 'io.micrometer.statsd.StatsdMeterRegistry' (OnClassCondition)

   SwaggerConfig#springWebProvider:
      Did not match:
         - @ConditionalOnMissingBean (types: org.springdoc.core.providers.SpringWebProvider; SearchStrategy: all) found beans of type 'org.springdoc.core.providers.SpringWebProvider' springWebProvider (OnBeanCondition)

   SwaggerConfig#swaggerUiHome:
      Did not match:
         - @ConditionalOnProperty (springdoc.swagger-ui.use-root-path=true) did not find property 'springdoc.swagger-ui.use-root-path' (OnPropertyCondition)

   SwaggerConfig.SwaggerActuatorWelcomeConfiguration:
      Did not match:
         - @ConditionalOnProperty (springdoc.use-management-port) did not find property 'springdoc.use-management-port' (OnPropertyCondition)
      Matched:
         - @ConditionalOnClass found required class 'org.springframework.boot.actuate.endpoint.web.servlet.WebMvcEndpointHandlerMapping' (OnClassCondition)

   TaskExecutorConfigurations.SimpleAsyncTaskExecutorBuilderConfiguration#simpleAsyncTaskExecutorBuilderVirtualThreads:
      Did not match:
         - @ConditionalOnMissingBean (types: org.springframework.boot.task.SimpleAsyncTaskExecutorBuilder; SearchStrategy: all) found beans of type 'org.springframework.boot.task.SimpleAsyncTaskExecutorBuilder' simpleAsyncTaskExecutorBuilder (OnBeanCondition)

   TaskExecutorConfigurations.TaskExecutorConfiguration#applicationTaskExecutorVirtualThreads:
      Did not match:
         - @ConditionalOnThreading did not find VIRTUAL (OnThreadingCondition)

   TaskSchedulingAutoConfiguration#scheduledBeanLazyInitializationExcludeFilter:
      Did not match:
         - @ConditionalOnBean (names: org.springframework.context.annotation.internalScheduledAnnotationProcessor; SearchStrategy: all) did not find any beans named org.springframework.context.annotation.internalScheduledAnnotationProcessor (OnBeanCondition)

   TaskSchedulingConfigurations.SimpleAsyncTaskSchedulerBuilderConfiguration#simpleAsyncTaskSchedulerBuilderVirtualThreads:
      Did not match:
         - @ConditionalOnMissingBean (types: org.springframework.boot.task.SimpleAsyncTaskSchedulerBuilder; SearchStrategy: all) found beans of type 'org.springframework.boot.task.SimpleAsyncTaskSchedulerBuilder' simpleAsyncTaskSchedulerBuilder (OnBeanCondition)

   TaskSchedulingConfigurations.TaskSchedulerConfiguration:
      Did not match:
         - @ConditionalOnBean (names: org.springframework.context.annotation.internalScheduledAnnotationProcessor; SearchStrategy: all) did not find any beans named org.springframework.context.annotation.internalScheduledAnnotationProcessor (OnBeanCondition)

   ThreadDumpEndpointAutoConfiguration:
      Did not match:
         - @ConditionalOnAvailableEndpoint not exposed (OnAvailableEndpointCondition)

   ThymeleafAutoConfiguration:
      Did not match:
         - @ConditionalOnClass did not find required class 'org.thymeleaf.spring6.SpringTemplateEngine' (OnClassCondition)

   TransactionAutoConfiguration#transactionalOperator:
      Did not match:
         - @ConditionalOnSingleCandidate (types: org.springframework.transaction.ReactiveTransactionManager; SearchStrategy: all) did not find any beans (OnBeanCondition)

   TransactionAutoConfiguration.AspectJTransactionManagementConfiguration:
      Did not match:
         - @ConditionalOnBean (types: org.springframework.transaction.aspectj.AbstractTransactionAspect; SearchStrategy: all) did not find any beans of type org.springframework.transaction.aspectj.AbstractTransactionAspect (OnBeanCondition)

   TransactionAutoConfiguration.EnableTransactionManagementConfiguration.JdkDynamicAutoProxyConfiguration:
      Did not match:
         - @ConditionalOnProperty (spring.aop.proxy-target-class=false) did not find property 'proxy-target-class' (OnPropertyCondition)

   UserDetailsServiceAutoConfiguration:
      Did not match:
         - @ConditionalOnMissingBean (types: org.springframework.security.authentication.AuthenticationManager,org.springframework.security.authentication.AuthenticationProvider,org.springframework.security.core.userdetails.UserDetailsService,org.springframework.security.authentication.AuthenticationManagerResolver,org.springframework.security.oauth2.jwt.JwtDecoder; SearchStrategy: all) found beans of type 'org.springframework.security.authentication.AuthenticationManager' authenticationManager and found beans of type 'org.springframework.security.core.userdetails.UserDetailsService' customUserDetailsService (OnBeanCondition)
      Matched:
         - @ConditionalOnClass found required class 'org.springframework.security.authentication.AuthenticationManager' (OnClassCondition)
         - found 'session' scope (OnWebApplicationCondition)
         - AnyNestedCondition 1 matched 2 did not; NestedCondition on UserDetailsServiceAutoConfiguration.MissingAlternativeOrUserPropertiesConfigured.PasswordConfigured @ConditionalOnProperty (spring.security.user.password) did not find property 'password'; NestedCondition on UserDetailsServiceAutoConfiguration.MissingAlternativeOrUserPropertiesConfigured.NameConfigured @ConditionalOnProperty (spring.security.user.name) did not find property 'name'; NestedCondition on UserDetailsServiceAutoConfiguration.MissingAlternativeOrUserPropertiesConfigured.MissingAlternative @ConditionalOnMissingClass did not find unwanted classes 'org.springframework.security.oauth2.client.registration.ClientRegistrationRepository', 'org.springframework.security.oauth2.server.resource.introspection.OpaqueTokenIntrospector', 'org.springframework.security.saml2.provider.service.registration.RelyingPartyRegistrationRepository' (UserDetailsServiceAutoConfiguration.MissingAlternativeOrUserPropertiesConfigured)

   WavefrontAutoConfiguration:
      Did not match:
         - @ConditionalOnClass did not find required class 'com.wavefront.sdk.common.application.ApplicationTags' (OnClassCondition)

   WavefrontMetricsExportAutoConfiguration:
      Did not match:
         - @ConditionalOnClass did not find required class 'com.wavefront.sdk.common.WavefrontSender' (OnClassCondition)

   WavefrontTracingAutoConfiguration:
      Did not match:
         - @ConditionalOnClass did not find required class 'com.wavefront.sdk.common.WavefrontSender' (OnClassCondition)

   WebFluxAutoConfiguration:
      Did not match:
         - not a reactive web application (OnWebApplicationCondition)
      Matched:
         - @ConditionalOnClass found required class 'org.springframework.web.reactive.config.WebFluxConfigurer' (OnClassCondition)

   WebFluxEndpointManagementContextConfiguration:
      Did not match:
         - not a reactive web application (OnWebApplicationCondition)
      Matched:
         - @ConditionalOnClass found required classes 'org.springframework.web.reactive.DispatcherHandler', 'org.springframework.http.server.reactive.HttpHandler' (OnClassCondition)

   WebFluxObservationAutoConfiguration:
      Did not match:
         - not a reactive web application (OnWebApplicationCondition)
      Matched:
         - @ConditionalOnClass found required classes 'io.micrometer.observation.Observation', 'io.micrometer.core.instrument.MeterRegistry' (OnClassCondition)

   WebMvcAutoConfiguration#hiddenHttpMethodFilter:
      Did not match:
         - @ConditionalOnProperty (spring.mvc.hiddenmethod.filter.enabled) did not find property 'enabled' (OnPropertyCondition)

   WebMvcAutoConfiguration.ProblemDetailsErrorHandlingConfiguration:
      Did not match:
         - @ConditionalOnProperty (spring.mvc.problemdetails.enabled=true) did not find property 'enabled' (OnPropertyCondition)

   WebMvcAutoConfiguration.WebMvcAutoConfigurationAdapter#beanNameViewResolver:
      Did not match:
         - @ConditionalOnMissingBean (types: org.springframework.web.servlet.view.BeanNameViewResolver; SearchStrategy: all) found beans of type 'org.springframework.web.servlet.view.BeanNameViewResolver' beanNameViewResolver (OnBeanCondition)

   WebMvcEndpointManagementContextConfiguration#managementHealthEndpointWebMvcHandlerMapping:
      Did not match:
         - Management Port actual port type (SAME) did not match required type (DIFFERENT) (OnManagementPortCondition)

   WebServicesAutoConfiguration#wsdlDefinitionBeanFactoryPostProcessor:
      Did not match:
         - WSDL locations did not find property spring.webservices.wsdl-locations (OnWsdlLocationsCondition)

   WebSessionIdResolverAutoConfiguration:
      Did not match:
         - not a reactive web application (OnWebApplicationCondition)
      Matched:
         - @ConditionalOnClass found required classes 'org.springframework.web.server.session.WebSessionManager', 'reactor.core.publisher.Mono' (OnClassCondition)

   WebSocketMessagingAutoConfiguration:
      Did not match:
         - @ConditionalOnClass did not find required class 'org.springframework.web.socket.config.annotation.WebSocketMessageBrokerConfigurer' (OnClassCondition)

   WebSocketReactiveAutoConfiguration:
      Did not match:
         - not a reactive web application (OnWebApplicationCondition)
      Matched:
         - @ConditionalOnClass found required classes 'jakarta.servlet.Servlet', 'jakarta.websocket.server.ServerContainer' (OnClassCondition)

   WebSocketServletAutoConfiguration.JettyWebSocketConfiguration:
      Did not match:
         - @ConditionalOnClass did not find required class 'org.eclipse.jetty.ee10.websocket.jakarta.server.config.JakartaWebSocketServletContainerInitializer' (OnClassCondition)

   WebSocketServletAutoConfiguration.UndertowWebSocketConfiguration:
      Did not match:
         - @ConditionalOnClass did not find required class 'io.undertow.websockets.jsr.Bootstrap' (OnClassCondition)

   WebTestClientAutoConfiguration#webTestClient:
      Did not match:
         - @ConditionalOnBean (types: org.springframework.web.server.WebHandler; SearchStrategy: all) did not find any beans of type org.springframework.web.server.WebHandler (OnBeanCondition)

   XADataSourceAutoConfiguration:
      Did not match:
         - @ConditionalOnBean (types: org.springframework.boot.jdbc.XADataSourceWrapper; SearchStrategy: all) did not find any beans of type org.springframework.boot.jdbc.XADataSourceWrapper (OnBeanCondition)
      Matched:
         - @ConditionalOnClass found required classes 'javax.sql.DataSource', 'jakarta.transaction.TransactionManager', 'org.springframework.jdbc.datasource.embedded.EmbeddedDatabaseType' (OnClassCondition)

   ZipkinAutoConfiguration:
      Did not match:
         - @ConditionalOnClass did not find required class 'zipkin2.reporter.Encoding' (OnClassCondition)


Exclusions:
-----------

    None


Unconditional classes:
----------------------

    org.springframework.boot.autoconfigure.context.ConfigurationPropertiesAutoConfiguration

    org.springframework.boot.actuate.autoconfigure.availability.AvailabilityHealthContributorAutoConfiguration

    org.springframework.boot.autoconfigure.ssl.SslAutoConfiguration

    org.springframework.boot.actuate.autoconfigure.info.InfoContributorAutoConfiguration

    org.springframework.boot.autoconfigure.context.PropertyPlaceholderAutoConfiguration

    org.springframework.boot.autoconfigure.context.LifecycleAutoConfiguration

    org.springframework.boot.actuate.autoconfigure.metrics.integration.IntegrationMetricsAutoConfiguration

    org.springframework.boot.actuate.autoconfigure.endpoint.EndpointAutoConfiguration

    org.springframework.boot.actuate.autoconfigure.web.server.ManagementContextAutoConfiguration

    org.springframework.boot.actuate.autoconfigure.health.HealthContributorAutoConfiguration

    org.springframework.boot.actuate.autoconfigure.endpoint.jackson.JacksonEndpointAutoConfiguration

    org.springdoc.core.configuration.SpringDocSpecPropertiesConfiguration

    org.springframework.boot.autoconfigure.availability.ApplicationAvailabilityAutoConfiguration

    org.springframework.boot.autoconfigure.info.ProjectInfoAutoConfiguration



2025-08-01 19:24:02.647 [main] INFO  com.example.trainup.controller.AuthenticationControllerTest - Started AuthenticationControllerTest in 25.942 seconds (process running for 136.891)
2025-08-01 19:24:02.649 [main] DEBUG org.springframework.boot.availability.ApplicationAvailabilityBean - Application availability state LivenessState changed to CORRECT
2025-08-01 19:24:02.652 [main] DEBUG org.springframework.boot.availability.ApplicationAvailabilityBean - Application availability state ReadinessState changed to ACCEPTING_TRAFFIC
2025-08-01 19:24:02.653 [main] DEBUG org.springframework.test.context.cache - Spring test ApplicationContext cache statistics: [DefaultContextCache@674f4f86 size = 2, maxSize = 32, parentContextCount = 0, hitCount = 145, missCount = 2, failureCount = 0]
2025-08-01 19:24:02.653 [main] DEBUG org.springframework.test.context.web.ServletTestExecutionListener - Setting up MockHttpServletRequest, MockHttpServletResponse, ServletWebRequest, and RequestContextHolder for test class com.example.trainup.controller.AuthenticationControllerTest
2025-08-01 19:24:02.658 [main] DEBUG org.springframework.test.context.cache - Spring test ApplicationContext cache statistics: [DefaultContextCache@674f4f86 size = 2, maxSize = 32, parentContextCount = 0, hitCount = 146, missCount = 2, failureCount = 0]
2025-08-01 19:24:02.660 [main] DEBUG org.springframework.test.context.support.DependencyInjectionTestExecutionListener - Performing dependency injection for test class com.example.trainup.controller.AuthenticationControllerTest
2025-08-01 19:24:02.661 [main] DEBUG org.springframework.test.context.cache - Spring test ApplicationContext cache statistics: [DefaultContextCache@674f4f86 size = 2, maxSize = 32, parentContextCount = 0, hitCount = 147, missCount = 2, failureCount = 0]
2025-08-01 19:24:02.664 [main] DEBUG org.springframework.test.context.cache - Spring test ApplicationContext cache statistics: [DefaultContextCache@674f4f86 size = 2, maxSize = 32, parentContextCount = 0, hitCount = 148, missCount = 2, failureCount = 0]
2025-08-01 19:24:02.667 [main] DEBUG org.springframework.test.context.support.DirtiesContextBeforeModesTestExecutionListener - Before test method: class [AuthenticationControllerTest], method [registerAthlete_InvalidEmail_400], class annotated with @DirtiesContext [false] with mode [null], method annotated with @DirtiesContext [false] with mode [null]
2025-08-01 19:24:02.668 [main] DEBUG org.springframework.test.context.cache - Spring test ApplicationContext cache statistics: [DefaultContextCache@674f4f86 size = 2, maxSize = 32, parentContextCount = 0, hitCount = 149, missCount = 2, failureCount = 0]
2025-08-01 19:24:02.669 [main] DEBUG reactor.core.publisher.Hooks - Hooking onLastOperator: org.springframework.security.core.context.SecurityContext
2025-08-01 19:24:02.670 [main] DEBUG org.springframework.test.context.cache - Spring test ApplicationContext cache statistics: [DefaultContextCache@674f4f86 size = 2, maxSize = 32, parentContextCount = 0, hitCount = 150, missCount = 2, failureCount = 0]
2025-08-01 19:24:02.692 [main] DEBUG org.springframework.test.context.cache - Spring test ApplicationContext cache statistics: [DefaultContextCache@674f4f86 size = 2, maxSize = 32, parentContextCount = 0, hitCount = 151, missCount = 2, failureCount = 0]
2025-08-01 19:24:02.698 [main] DEBUG org.springframework.test.context.cache - Spring test ApplicationContext cache statistics: [DefaultContextCache@674f4f86 size = 2, maxSize = 32, parentContextCount = 0, hitCount = 152, missCount = 2, failureCount = 0]
2025-08-01 19:24:02.782 [main] DEBUG org.springframework.security.web.FilterChainProxy - Securing POST /auth/register/athlete
2025-08-01 19:24:02.786 [main] DEBUG org.springframework.security.web.authentication.AnonymousAuthenticationFilter - Set SecurityContextHolder to anonymous SecurityContext
2025-08-01 19:24:02.788 [main] DEBUG org.springframework.security.web.FilterChainProxy - Secured POST /auth/register/athlete
2025-08-01 19:24:02.788 [main] DEBUG org.springframework.test.web.servlet.TestDispatcherServlet - POST "/auth/register/athlete", parameters={}
2025-08-01 19:24:02.789 [main] DEBUG org.springframework.web.servlet.mvc.method.annotation.RequestMappingHandlerMapping - Mapped to com.example.trainup.controller.AuthenticationController#registerAthlete(AthleteRegistrationRequestDto)
2025-08-01 19:24:02.789 [main] DEBUG org.springframework.orm.jpa.support.OpenEntityManagerInViewInterceptor - Opening JPA EntityManager in OpenEntityManagerInViewInterceptor
2025-08-01 19:24:02.804 [main] DEBUG org.springframework.web.servlet.mvc.method.annotation.RequestResponseBodyMethodProcessor - Read "application/json;charset=UTF-8" to [AthleteRegistrationRequestDto[firstName=John, lastName=Doe, gender=MALE, dateOfBirth=1990-01-01, pro (truncated)...]
2025-08-01 19:24:02.941 [main] DEBUG org.springframework.beans.factory.support.DefaultListableBeanFactory - Autowiring by type from bean name 'com.example.trainup.validation.EmailUniqueValidator' via constructor to bean named 'userCredentialsRepository'
2025-08-01 19:24:03.107 [HikariPool-1 housekeeper] DEBUG com.zaxxer.hikari.pool.HikariPool - HikariPool-1 - Pool stats (total=10, active=0, idle=10, waiting=0)
2025-08-01 19:24:03.107 [HikariPool-1 housekeeper] DEBUG com.zaxxer.hikari.pool.HikariPool - HikariPool-1 - Fill pool skipped, pool has sufficient level or currently being filled.
2025-08-01 19:24:03.149 [main] DEBUG org.hibernate.orm.sql.ast.create - Created new SQL alias : uc1_0
2025-08-01 19:24:03.151 [main] DEBUG org.hibernate.orm.sql.ast.create - Registration of TableGroup [StandardTableGroup(com.example.trainup.model.user.UserCredentials(28))] with identifierForTableGroup [com.example.trainup.model.user.UserCredentials] for NavigablePath [com.example.trainup.model.user.UserCredentials] 
2025-08-01 19:24:03.173 [main] DEBUG org.hibernate.query.sqm.sql.BaseSqmToSqlAstConverter - Determining mapping-model type for SqmParameter : org.hibernate.query.sqm.tree.expression.SqmJpaCriteriaParameterWrapper@37d230f4
2025-08-01 19:24:03.173 [main] DEBUG org.hibernate.query.sqm.sql.BaseSqmToSqlAstConverter - Determining mapping-model type for SqmPath : SqmBasicValuedSimplePath(com.example.trainup.model.user.UserCredentials(28).email) 
2025-08-01 19:24:03.201 [main] DEBUG org.hibernate.orm.results.graph.AST - DomainResult Graph:
 \-BasicResult [com.example.trainup.model.user.UserCredentials(28).id]

2025-08-01 19:24:03.202 [main] DEBUG org.hibernate.orm.sql.ast.tree - SQL AST Tree:
    SelectStatement {
      FromClause {
        StandardTableGroup (uc1 : com.example.trainup.model.user.UserCredentials(28)) {
          primaryTableReference : user_credentials as uc1_0
        }
      }
    }

2025-08-01 19:24:03.278 [main] DEBUG org.hibernate.orm.sql.exec - Skipping reading Query result cache data: cache-enabled = false, cache-mode = NORMAL
2025-08-01 19:24:03.312 [main] DEBUG org.hibernate.SQL - 
    select
        uc1_0.id 
    from
        user_credentials uc1_0 
    where
        (
            uc1_0.is_deleted = false
        ) 
        and uc1_0.email=? 
    fetch
        first ? rows only
Hibernate: 
    select
        uc1_0.id 
    from
        user_credentials uc1_0 
    where
        (
            uc1_0.is_deleted = false
        ) 
        and uc1_0.email=? 
    fetch
        first ? rows only
2025-08-01 19:24:03.345 [main] DEBUG org.hibernate.orm.results - Initializer list is empty
2025-08-01 19:24:03.477 [main] DEBUG org.springframework.web.servlet.mvc.method.annotation.ExceptionHandlerExceptionResolver - Using @ExceptionHandler com.example.trainup.exception.CustomGlobalExceptionHandler#handleException(Exception, WebRequest)
2025-08-01 19:24:03.478 [main] DEBUG com.example.trainup.exception.CustomGlobalExceptionHandler - Handling MethodArgumentNotValidException: Validation failed for argument [0] in public com.example.trainup.dto.users.athlete.AthleteResponseDto com.example.trainup.controller.AuthenticationController.registerAthlete(com.example.trainup.dto.users.athlete.AthleteRegistrationRequestDto): [Field error in object 'athleteRegistrationRequestDto' on field 'email': rejected value [invalid-email]; codes [Email.athleteRegistrationRequestDto.email,Email.email,Email.java.lang.String,Email]; arguments [org.springframework.context.support.DefaultMessageSourceResolvable: codes [athleteRegistrationRequestDto.email,email]; arguments []; default message [email],[Ljakarta.validation.constraints.Pattern$Flag;@7173fc92,(?:[a-z0-9!#$%&'*+/=?^_`{|}~-]+(?:\.[a-z0-9!#$%&'*+/=?^_`{|}~-]+)*|"(?:[\x01-\x08\x0b\x0c\x0e-\x1f\x21\x23-\x5b\x5d-\x7f]|\\[\x01-\x09\x0b\x0c\x0e-\x7f])*")@(?:(?:[a-z0-9](?:[a-z0-9-]*[a-z0-9])?\.)+[a-z0-9](?:[a-z0-9-]*[a-z0-9])?|\[(?:(?:(2(5[0-5]|[0-4][0-9])|1[0-9][0-9]|[1-9]?[0-9]))\.){3}(?:(2(5[0-5]|[0-4][0-9])|1[0-9][0-9]|[1-9]?[0-9])|[a-z0-9-]*[a-z0-9]:(?:[\x01-\x08\x0b\x0c\x0e-\x1f\x21-\x5a\x53-\x7f]|\\[\x01-\x09\x0b\x0c\x0e-\x7f])+)\])]; default message [Email is not valid]] 
2025-08-01 19:24:03.480 [main] DEBUG com.example.trainup.exception.CustomGlobalExceptionHandler - Building response: status=400 BAD_REQUEST, error=Validation error, errors=[email: Email is not valid]
2025-08-01 19:24:03.481 [main] DEBUG org.springframework.web.servlet.mvc.method.annotation.HttpEntityMethodProcessor - Found 'Content-Type:application/json' in response
2025-08-01 19:24:03.482 [main] DEBUG org.springframework.web.servlet.mvc.method.annotation.HttpEntityMethodProcessor - Writing [{timestamp=2025-08-01T19:24:03.480316074, error=Validation error, errors=[email: Email is not valid] (truncated)...]
2025-08-01 19:24:03.484 [main] DEBUG org.springframework.web.servlet.mvc.method.annotation.ExceptionHandlerExceptionResolver - Resolved [org.springframework.web.bind.MethodArgumentNotValidException: Validation failed for argument [0] in public com.example.trainup.dto.users.athlete.AthleteResponseDto com.example.trainup.controller.AuthenticationController.registerAthlete(com.example.trainup.dto.users.athlete.AthleteRegistrationRequestDto): [Field error in object 'athleteRegistrationRequestDto' on field 'email': rejected value [invalid-email]; codes [Email.athleteRegistrationRequestDto.email,Email.email,Email.java.lang.String,Email]; arguments [org.springframework.context.support.DefaultMessageSourceResolvable: codes [athleteRegistrationRequestDto.email,email]; arguments []; default message [email],[Ljakarta.validation.constraints.Pattern$Flag;@7173fc92,(?:[a-z0-9!#$%&'*+/=?^_`{|}~-]+(?:\.[a-z0-9!#$%&'*+/=?^_`{|}~-]+)*|"(?:[\x01-\x08\x0b\x0c\x0e-\x1f\x21\x23-\x5b\x5d-\x7f]|\\[\x01-\x09\x0b\x0c\x0e-\x7f])*")@(?:(?:[a-z0-9](?:[a-z0-9-]*[a-z0-9])?\.)+[a-z0-9](?:[a-z0-9-]*[a-z0-9])?|\[(?:(?:(2(5[0-5]|[0-4][0-9])|1[0-9][0-9]|[1-9]?[0-9]))\.){3}(?:(2(5[0-5]|[0-4][0-9])|1[0-9][0-9]|[1-9]?[0-9])|[a-z0-9-]*[a-z0-9]:(?:[\x01-\x08\x0b\x0c\x0e-\x1f\x21-\x5a\x53-\x7f]|\\[\x01-\x09\x0b\x0c\x0e-\x7f])+)\])]; default message [Email is not valid]] ]
2025-08-01 19:24:03.485 [main] DEBUG org.springframework.orm.jpa.support.OpenEntityManagerInViewInterceptor - Closing JPA EntityManager in OpenEntityManagerInViewInterceptor
2025-08-01 19:24:03.486 [main] DEBUG org.springframework.test.web.servlet.TestDispatcherServlet - Completed 400 BAD_REQUEST
2025-08-01 19:24:03.489 [main] DEBUG com.jayway.jsonpath.internal.path.CompiledPath - Evaluating path: $['errors'][0]
2025-08-01 19:24:03.489 [main] DEBUG org.springframework.test.context.cache - Spring test ApplicationContext cache statistics: [DefaultContextCache@674f4f86 size = 2, maxSize = 32, parentContextCount = 0, hitCount = 153, missCount = 2, failureCount = 0]
2025-08-01 19:24:03.490 [main] DEBUG org.springframework.test.context.cache - Spring test ApplicationContext cache statistics: [DefaultContextCache@674f4f86 size = 2, maxSize = 32, parentContextCount = 0, hitCount = 154, missCount = 2, failureCount = 0]
2025-08-01 19:24:03.493 [main] DEBUG org.springframework.test.context.cache - Spring test ApplicationContext cache statistics: [DefaultContextCache@674f4f86 size = 2, maxSize = 32, parentContextCount = 0, hitCount = 155, missCount = 2, failureCount = 0]
2025-08-01 19:24:03.494 [main] DEBUG org.springframework.test.context.cache - Spring test ApplicationContext cache statistics: [DefaultContextCache@674f4f86 size = 2, maxSize = 32, parentContextCount = 0, hitCount = 156, missCount = 2, failureCount = 0]
2025-08-01 19:24:03.494 [main] DEBUG org.springframework.test.context.cache - Spring test ApplicationContext cache statistics: [DefaultContextCache@674f4f86 size = 2, maxSize = 32, parentContextCount = 0, hitCount = 157, missCount = 2, failureCount = 0]
2025-08-01 19:24:03.496 [main] DEBUG org.springframework.test.context.cache - Spring test ApplicationContext cache statistics: [DefaultContextCache@674f4f86 size = 2, maxSize = 32, parentContextCount = 0, hitCount = 158, missCount = 2, failureCount = 0]
2025-08-01 19:24:03.498 [main] DEBUG reactor.core.publisher.Hooks - Reset onLastOperator: org.springframework.security.core.context.SecurityContext
2025-08-01 19:24:03.499 [main] DEBUG org.springframework.test.context.cache - Spring test ApplicationContext cache statistics: [DefaultContextCache@674f4f86 size = 2, maxSize = 32, parentContextCount = 0, hitCount = 159, missCount = 2, failureCount = 0]
2025-08-01 19:24:03.499 [main] DEBUG org.springframework.test.context.cache - Spring test ApplicationContext cache statistics: [DefaultContextCache@674f4f86 size = 2, maxSize = 32, parentContextCount = 0, hitCount = 160, missCount = 2, failureCount = 0]
2025-08-01 19:24:03.500 [main] DEBUG org.springframework.test.context.support.DirtiesContextTestExecutionListener - After test method: class [AuthenticationControllerTest], method [registerAthlete_InvalidEmail_400], class annotated with @DirtiesContext [false] with mode [null], method annotated with @DirtiesContext [false] with mode [null]
2025-08-01 19:24:03.500 [main] DEBUG org.springframework.test.context.web.ServletTestExecutionListener - Resetting RequestContextHolder for test class com.example.trainup.controller.AuthenticationControllerTest
]]></system-out>
  </testcase>
  <testcase name="registerAthlete_Success" classname="com.example.trainup.controller.AuthenticationControllerTest" time="0.124">
    <system-out><![CDATA[2025-08-01 19:24:03.502 [main] DEBUG org.springframework.test.context.cache - Spring test ApplicationContext cache statistics: [DefaultContextCache@674f4f86 size = 2, maxSize = 32, parentContextCount = 0, hitCount = 161, missCount = 2, failureCount = 0]
2025-08-01 19:24:03.503 [main] DEBUG org.springframework.test.context.web.ServletTestExecutionListener - Setting up MockHttpServletRequest, MockHttpServletResponse, ServletWebRequest, and RequestContextHolder for test class com.example.trainup.controller.AuthenticationControllerTest
2025-08-01 19:24:03.504 [main] DEBUG org.springframework.test.context.cache - Spring test ApplicationContext cache statistics: [DefaultContextCache@674f4f86 size = 2, maxSize = 32, parentContextCount = 0, hitCount = 162, missCount = 2, failureCount = 0]
2025-08-01 19:24:03.504 [main] DEBUG org.springframework.test.context.support.DependencyInjectionTestExecutionListener - Performing dependency injection for test class com.example.trainup.controller.AuthenticationControllerTest
2025-08-01 19:24:03.505 [main] DEBUG org.springframework.test.context.cache - Spring test ApplicationContext cache statistics: [DefaultContextCache@674f4f86 size = 2, maxSize = 32, parentContextCount = 0, hitCount = 163, missCount = 2, failureCount = 0]
2025-08-01 19:24:03.506 [main] DEBUG org.springframework.test.context.cache - Spring test ApplicationContext cache statistics: [DefaultContextCache@674f4f86 size = 2, maxSize = 32, parentContextCount = 0, hitCount = 164, missCount = 2, failureCount = 0]
2025-08-01 19:24:03.507 [main] DEBUG org.springframework.test.context.support.DirtiesContextBeforeModesTestExecutionListener - Before test method: class [AuthenticationControllerTest], method [registerAthlete_Success], class annotated with @DirtiesContext [false] with mode [null], method annotated with @DirtiesContext [false] with mode [null]
2025-08-01 19:24:03.508 [main] DEBUG org.springframework.test.context.cache - Spring test ApplicationContext cache statistics: [DefaultContextCache@674f4f86 size = 2, maxSize = 32, parentContextCount = 0, hitCount = 165, missCount = 2, failureCount = 0]
2025-08-01 19:24:03.508 [main] DEBUG reactor.core.publisher.Hooks - Hooking onLastOperator: org.springframework.security.core.context.SecurityContext
2025-08-01 19:24:03.509 [main] DEBUG org.springframework.test.context.cache - Spring test ApplicationContext cache statistics: [DefaultContextCache@674f4f86 size = 2, maxSize = 32, parentContextCount = 0, hitCount = 166, missCount = 2, failureCount = 0]
2025-08-01 19:24:03.512 [main] DEBUG org.springframework.test.context.cache - Spring test ApplicationContext cache statistics: [DefaultContextCache@674f4f86 size = 2, maxSize = 32, parentContextCount = 0, hitCount = 167, missCount = 2, failureCount = 0]
2025-08-01 19:24:03.515 [main] DEBUG org.springframework.test.context.cache - Spring test ApplicationContext cache statistics: [DefaultContextCache@674f4f86 size = 2, maxSize = 32, parentContextCount = 0, hitCount = 168, missCount = 2, failureCount = 0]
2025-08-01 19:24:03.519 [main] DEBUG org.springframework.security.web.FilterChainProxy - Securing POST /auth/register/athlete
2025-08-01 19:24:03.521 [main] DEBUG org.springframework.security.web.authentication.AnonymousAuthenticationFilter - Set SecurityContextHolder to anonymous SecurityContext
2025-08-01 19:24:03.522 [main] DEBUG org.springframework.security.web.FilterChainProxy - Secured POST /auth/register/athlete
2025-08-01 19:24:03.523 [main] DEBUG org.springframework.test.web.servlet.TestDispatcherServlet - POST "/auth/register/athlete", parameters={}
2025-08-01 19:24:03.524 [main] DEBUG org.springframework.web.servlet.mvc.method.annotation.RequestMappingHandlerMapping - Mapped to com.example.trainup.controller.AuthenticationController#registerAthlete(AthleteRegistrationRequestDto)
2025-08-01 19:24:03.524 [main] DEBUG org.springframework.orm.jpa.support.OpenEntityManagerInViewInterceptor - Opening JPA EntityManager in OpenEntityManagerInViewInterceptor
2025-08-01 19:24:03.526 [main] DEBUG org.springframework.web.servlet.mvc.method.annotation.RequestResponseBodyMethodProcessor - Read "application/json;charset=UTF-8" to [AthleteRegistrationRequestDto[firstName=John, lastName=Doe, gender=MALE, dateOfBirth=1990-01-01, pro (truncated)...]
2025-08-01 19:24:03.590 [main] DEBUG org.hibernate.orm.sql.ast.create - Created new SQL alias : uc1_0
2025-08-01 19:24:03.591 [main] DEBUG org.hibernate.orm.sql.ast.create - Registration of TableGroup [StandardTableGroup(com.example.trainup.model.user.UserCredentials(28))] with identifierForTableGroup [com.example.trainup.model.user.UserCredentials] for NavigablePath [com.example.trainup.model.user.UserCredentials] 
2025-08-01 19:24:03.592 [main] DEBUG org.hibernate.query.sqm.sql.BaseSqmToSqlAstConverter - Determining mapping-model type for SqmParameter : org.hibernate.query.sqm.tree.expression.SqmJpaCriteriaParameterWrapper@55b35afa
2025-08-01 19:24:03.592 [main] DEBUG org.hibernate.query.sqm.sql.BaseSqmToSqlAstConverter - Determining mapping-model type for SqmPath : SqmBasicValuedSimplePath(com.example.trainup.model.user.UserCredentials(28).email) 
2025-08-01 19:24:03.593 [main] DEBUG org.hibernate.orm.results.graph.AST - DomainResult Graph:
 \-BasicResult [com.example.trainup.model.user.UserCredentials(28).id]

2025-08-01 19:24:03.594 [main] DEBUG org.hibernate.orm.sql.ast.tree - SQL AST Tree:
    SelectStatement {
      FromClause {
        StandardTableGroup (uc1 : com.example.trainup.model.user.UserCredentials(28)) {
          primaryTableReference : user_credentials as uc1_0
        }
      }
    }

2025-08-01 19:24:03.595 [main] DEBUG org.hibernate.orm.sql.exec - Skipping reading Query result cache data: cache-enabled = false, cache-mode = NORMAL
2025-08-01 19:24:03.595 [main] DEBUG org.hibernate.SQL - 
    select
        uc1_0.id 
    from
        user_credentials uc1_0 
    where
        (
            uc1_0.is_deleted = false
        ) 
        and uc1_0.email=? 
    fetch
        first ? rows only
Hibernate: 
    select
        uc1_0.id 
    from
        user_credentials uc1_0 
    where
        (
            uc1_0.is_deleted = false
        ) 
        and uc1_0.email=? 
    fetch
        first ? rows only
2025-08-01 19:24:03.596 [main] DEBUG org.hibernate.orm.results - Initializer list is empty
2025-08-01 19:24:03.597 [main] INFO  com.example.trainup.controller.AuthenticationController - Attempting athlete registration with email: test@example.com
2025-08-01 19:24:03.598 [main] INFO  com.example.trainup.controller.AuthenticationController - Athlete with email: test@example.com successfully registered. ID: 1
2025-08-01 19:24:03.607 [main] DEBUG org.springframework.web.servlet.mvc.method.annotation.RequestResponseBodyMethodProcessor - Using 'application/json', given [*/*] and supported [application/json, application/*+json, application/yaml]
2025-08-01 19:24:03.608 [main] DEBUG org.springframework.web.servlet.mvc.method.annotation.RequestResponseBodyMethodProcessor - Writing [AthleteResponseDto[id=1, firstName=John, lastName=Doe, gender=MALE, dateOfBirth=1990-01-01, profileI (truncated)...]
2025-08-01 19:24:03.610 [main] DEBUG org.springframework.orm.jpa.support.OpenEntityManagerInViewInterceptor - Closing JPA EntityManager in OpenEntityManagerInViewInterceptor
2025-08-01 19:24:03.611 [main] DEBUG org.springframework.test.web.servlet.TestDispatcherServlet - Completed 201 CREATED
2025-08-01 19:24:03.613 [main] DEBUG com.jayway.jsonpath.internal.path.CompiledPath - Evaluating path: $['id']
2025-08-01 19:24:03.614 [main] DEBUG com.jayway.jsonpath.internal.path.CompiledPath - Evaluating path: $['id']
2025-08-01 19:24:03.614 [main] DEBUG com.jayway.jsonpath.internal.path.CompiledPath - Evaluating path: $['firstName']
2025-08-01 19:24:03.615 [main] DEBUG com.jayway.jsonpath.internal.path.CompiledPath - Evaluating path: $['email']
2025-08-01 19:24:03.616 [main] DEBUG com.jayway.jsonpath.internal.path.CompiledPath - Evaluating path: $['phoneNumbers'][0]
2025-08-01 19:24:03.616 [main] DEBUG com.jayway.jsonpath.internal.path.CompiledPath - Evaluating path: $['sportIds'][0]
2025-08-01 19:24:03.617 [main] DEBUG com.jayway.jsonpath.internal.path.CompiledPath - Evaluating path: $['emailPermission']
2025-08-01 19:24:03.618 [main] DEBUG com.jayway.jsonpath.internal.path.CompiledPath - Evaluating path: $['phonePermission']
2025-08-01 19:24:03.618 [main] DEBUG org.springframework.test.context.cache - Spring test ApplicationContext cache statistics: [DefaultContextCache@674f4f86 size = 2, maxSize = 32, parentContextCount = 0, hitCount = 169, missCount = 2, failureCount = 0]
2025-08-01 19:24:03.619 [main] DEBUG org.springframework.test.context.cache - Spring test ApplicationContext cache statistics: [DefaultContextCache@674f4f86 size = 2, maxSize = 32, parentContextCount = 0, hitCount = 170, missCount = 2, failureCount = 0]
2025-08-01 19:24:03.622 [main] DEBUG org.springframework.test.context.cache - Spring test ApplicationContext cache statistics: [DefaultContextCache@674f4f86 size = 2, maxSize = 32, parentContextCount = 0, hitCount = 171, missCount = 2, failureCount = 0]
2025-08-01 19:24:03.622 [main] DEBUG org.springframework.test.context.cache - Spring test ApplicationContext cache statistics: [DefaultContextCache@674f4f86 size = 2, maxSize = 32, parentContextCount = 0, hitCount = 172, missCount = 2, failureCount = 0]
2025-08-01 19:24:03.623 [main] DEBUG org.springframework.test.context.cache - Spring test ApplicationContext cache statistics: [DefaultContextCache@674f4f86 size = 2, maxSize = 32, parentContextCount = 0, hitCount = 173, missCount = 2, failureCount = 0]
2025-08-01 19:24:03.624 [main] DEBUG org.springframework.test.context.cache - Spring test ApplicationContext cache statistics: [DefaultContextCache@674f4f86 size = 2, maxSize = 32, parentContextCount = 0, hitCount = 174, missCount = 2, failureCount = 0]
2025-08-01 19:24:03.627 [main] DEBUG reactor.core.publisher.Hooks - Reset onLastOperator: org.springframework.security.core.context.SecurityContext
2025-08-01 19:24:03.628 [main] DEBUG org.springframework.test.context.cache - Spring test ApplicationContext cache statistics: [DefaultContextCache@674f4f86 size = 2, maxSize = 32, parentContextCount = 0, hitCount = 175, missCount = 2, failureCount = 0]
2025-08-01 19:24:03.628 [main] DEBUG org.springframework.test.context.cache - Spring test ApplicationContext cache statistics: [DefaultContextCache@674f4f86 size = 2, maxSize = 32, parentContextCount = 0, hitCount = 176, missCount = 2, failureCount = 0]
2025-08-01 19:24:03.629 [main] DEBUG org.springframework.test.context.support.DirtiesContextTestExecutionListener - After test method: class [AuthenticationControllerTest], method [registerAthlete_Success], class annotated with @DirtiesContext [false] with mode [null], method annotated with @DirtiesContext [false] with mode [null]
2025-08-01 19:24:03.629 [main] DEBUG org.springframework.test.context.web.ServletTestExecutionListener - Resetting RequestContextHolder for test class com.example.trainup.controller.AuthenticationControllerTest
]]></system-out>
  </testcase>
  <testcase name="registerGymOwner_EmptyPhoneNumbers_400" classname="com.example.trainup.controller.AuthenticationControllerTest" time="0.063">
    <system-out><![CDATA[2025-08-01 19:24:03.631 [main] DEBUG org.springframework.test.context.cache - Spring test ApplicationContext cache statistics: [DefaultContextCache@674f4f86 size = 2, maxSize = 32, parentContextCount = 0, hitCount = 177, missCount = 2, failureCount = 0]
2025-08-01 19:24:03.632 [main] DEBUG org.springframework.test.context.web.ServletTestExecutionListener - Setting up MockHttpServletRequest, MockHttpServletResponse, ServletWebRequest, and RequestContextHolder for test class com.example.trainup.controller.AuthenticationControllerTest
2025-08-01 19:24:03.633 [main] DEBUG org.springframework.test.context.cache - Spring test ApplicationContext cache statistics: [DefaultContextCache@674f4f86 size = 2, maxSize = 32, parentContextCount = 0, hitCount = 178, missCount = 2, failureCount = 0]
2025-08-01 19:24:03.633 [main] DEBUG org.springframework.test.context.support.DependencyInjectionTestExecutionListener - Performing dependency injection for test class com.example.trainup.controller.AuthenticationControllerTest
2025-08-01 19:24:03.634 [main] DEBUG org.springframework.test.context.cache - Spring test ApplicationContext cache statistics: [DefaultContextCache@674f4f86 size = 2, maxSize = 32, parentContextCount = 0, hitCount = 179, missCount = 2, failureCount = 0]
2025-08-01 19:24:03.635 [main] DEBUG org.springframework.test.context.cache - Spring test ApplicationContext cache statistics: [DefaultContextCache@674f4f86 size = 2, maxSize = 32, parentContextCount = 0, hitCount = 180, missCount = 2, failureCount = 0]
2025-08-01 19:24:03.636 [main] DEBUG org.springframework.test.context.support.DirtiesContextBeforeModesTestExecutionListener - Before test method: class [AuthenticationControllerTest], method [registerGymOwner_EmptyPhoneNumbers_400], class annotated with @DirtiesContext [false] with mode [null], method annotated with @DirtiesContext [false] with mode [null]
2025-08-01 19:24:03.637 [main] DEBUG org.springframework.test.context.cache - Spring test ApplicationContext cache statistics: [DefaultContextCache@674f4f86 size = 2, maxSize = 32, parentContextCount = 0, hitCount = 181, missCount = 2, failureCount = 0]
2025-08-01 19:24:03.638 [main] DEBUG reactor.core.publisher.Hooks - Hooking onLastOperator: org.springframework.security.core.context.SecurityContext
2025-08-01 19:24:03.639 [main] DEBUG org.springframework.test.context.cache - Spring test ApplicationContext cache statistics: [DefaultContextCache@674f4f86 size = 2, maxSize = 32, parentContextCount = 0, hitCount = 182, missCount = 2, failureCount = 0]
2025-08-01 19:24:03.642 [main] DEBUG org.springframework.test.context.cache - Spring test ApplicationContext cache statistics: [DefaultContextCache@674f4f86 size = 2, maxSize = 32, parentContextCount = 0, hitCount = 183, missCount = 2, failureCount = 0]
2025-08-01 19:24:03.645 [main] DEBUG org.springframework.test.context.cache - Spring test ApplicationContext cache statistics: [DefaultContextCache@674f4f86 size = 2, maxSize = 32, parentContextCount = 0, hitCount = 184, missCount = 2, failureCount = 0]
2025-08-01 19:24:03.653 [main] DEBUG org.springframework.security.web.FilterChainProxy - Securing POST /auth/register/gym_owner
2025-08-01 19:24:03.655 [main] DEBUG org.springframework.security.web.authentication.AnonymousAuthenticationFilter - Set SecurityContextHolder to anonymous SecurityContext
2025-08-01 19:24:03.656 [main] DEBUG org.springframework.security.web.FilterChainProxy - Secured POST /auth/register/gym_owner
2025-08-01 19:24:03.657 [main] DEBUG org.springframework.test.web.servlet.TestDispatcherServlet - POST "/auth/register/gym_owner", parameters={}
2025-08-01 19:24:03.657 [main] DEBUG org.springframework.web.servlet.mvc.method.annotation.RequestMappingHandlerMapping - Mapped to com.example.trainup.controller.AuthenticationController#registerGymOwner(GymOwnerRegistrationRequestDto)
2025-08-01 19:24:03.658 [main] DEBUG org.springframework.orm.jpa.support.OpenEntityManagerInViewInterceptor - Opening JPA EntityManager in OpenEntityManagerInViewInterceptor
2025-08-01 19:24:03.663 [main] DEBUG org.springframework.web.servlet.mvc.method.annotation.RequestResponseBodyMethodProcessor - Read "application/json;charset=UTF-8" to [GymOwnerRegistrationRequestDto[firstName=Bob, lastName=Johnson, gender=MALE, dateOfBirth=1980-10-10, (truncated)...]
2025-08-01 19:24:03.673 [main] DEBUG org.hibernate.orm.sql.ast.create - Created new SQL alias : uc1_0
2025-08-01 19:24:03.674 [main] DEBUG org.hibernate.orm.sql.ast.create - Registration of TableGroup [StandardTableGroup(com.example.trainup.model.user.UserCredentials(28))] with identifierForTableGroup [com.example.trainup.model.user.UserCredentials] for NavigablePath [com.example.trainup.model.user.UserCredentials] 
2025-08-01 19:24:03.675 [main] DEBUG org.hibernate.query.sqm.sql.BaseSqmToSqlAstConverter - Determining mapping-model type for SqmParameter : org.hibernate.query.sqm.tree.expression.SqmJpaCriteriaParameterWrapper@28bc0e26
2025-08-01 19:24:03.675 [main] DEBUG org.hibernate.query.sqm.sql.BaseSqmToSqlAstConverter - Determining mapping-model type for SqmPath : SqmBasicValuedSimplePath(com.example.trainup.model.user.UserCredentials(28).email) 
2025-08-01 19:24:03.676 [main] DEBUG org.hibernate.orm.results.graph.AST - DomainResult Graph:
 \-BasicResult [com.example.trainup.model.user.UserCredentials(28).id]

2025-08-01 19:24:03.676 [main] DEBUG org.hibernate.orm.sql.ast.tree - SQL AST Tree:
    SelectStatement {
      FromClause {
        StandardTableGroup (uc1 : com.example.trainup.model.user.UserCredentials(28)) {
          primaryTableReference : user_credentials as uc1_0
        }
      }
    }

2025-08-01 19:24:03.677 [main] DEBUG org.hibernate.orm.sql.exec - Skipping reading Query result cache data: cache-enabled = false, cache-mode = NORMAL
2025-08-01 19:24:03.678 [main] DEBUG org.hibernate.SQL - 
    select
        uc1_0.id 
    from
        user_credentials uc1_0 
    where
        (
            uc1_0.is_deleted = false
        ) 
        and uc1_0.email=? 
    fetch
        first ? rows only
Hibernate: 
    select
        uc1_0.id 
    from
        user_credentials uc1_0 
    where
        (
            uc1_0.is_deleted = false
        ) 
        and uc1_0.email=? 
    fetch
        first ? rows only
2025-08-01 19:24:03.679 [main] DEBUG org.hibernate.orm.results - Initializer list is empty
2025-08-01 19:24:03.680 [main] DEBUG org.springframework.web.servlet.mvc.method.annotation.ExceptionHandlerExceptionResolver - Using @ExceptionHandler com.example.trainup.exception.CustomGlobalExceptionHandler#handleException(Exception, WebRequest)
2025-08-01 19:24:03.681 [main] DEBUG com.example.trainup.exception.CustomGlobalExceptionHandler - Handling MethodArgumentNotValidException: Validation failed for argument [0] in public com.example.trainup.dto.users.gymowner.GymOwnerResponseDto com.example.trainup.controller.AuthenticationController.registerGymOwner(com.example.trainup.dto.users.gymowner.GymOwnerRegistrationRequestDto): [Field error in object 'gymOwnerRegistrationRequestDto' on field 'phoneNumbers': rejected value [[]]; codes [NotEmpty.gymOwnerRegistrationRequestDto.phoneNumbers,NotEmpty.phoneNumbers,NotEmpty.java.util.Set,NotEmpty]; arguments [org.springframework.context.support.DefaultMessageSourceResolvable: codes [gymOwnerRegistrationRequestDto.phoneNumbers,phoneNumbers]; arguments []; default message [phoneNumbers]]; default message [Enter your phone number]] 
2025-08-01 19:24:03.682 [main] DEBUG com.example.trainup.exception.CustomGlobalExceptionHandler - Building response: status=400 BAD_REQUEST, error=Validation error, errors=[phoneNumbers: Enter your phone number]
2025-08-01 19:24:03.682 [main] DEBUG org.springframework.web.servlet.mvc.method.annotation.HttpEntityMethodProcessor - Found 'Content-Type:application/json' in response
2025-08-01 19:24:03.683 [main] DEBUG org.springframework.web.servlet.mvc.method.annotation.HttpEntityMethodProcessor - Writing [{timestamp=2025-08-01T19:24:03.682090014, error=Validation error, errors=[phoneNumbers: Enter your p (truncated)...]
2025-08-01 19:24:03.684 [main] DEBUG org.springframework.web.servlet.mvc.method.annotation.ExceptionHandlerExceptionResolver - Resolved [org.springframework.web.bind.MethodArgumentNotValidException: Validation failed for argument [0] in public com.example.trainup.dto.users.gymowner.GymOwnerResponseDto com.example.trainup.controller.AuthenticationController.registerGymOwner(com.example.trainup.dto.users.gymowner.GymOwnerRegistrationRequestDto): [Field error in object 'gymOwnerRegistrationRequestDto' on field 'phoneNumbers': rejected value [[]]; codes [NotEmpty.gymOwnerRegistrationRequestDto.phoneNumbers,NotEmpty.phoneNumbers,NotEmpty.java.util.Set,NotEmpty]; arguments [org.springframework.context.support.DefaultMessageSourceResolvable: codes [gymOwnerRegistrationRequestDto.phoneNumbers,phoneNumbers]; arguments []; default message [phoneNumbers]]; default message [Enter your phone number]] ]
2025-08-01 19:24:03.685 [main] DEBUG org.springframework.orm.jpa.support.OpenEntityManagerInViewInterceptor - Closing JPA EntityManager in OpenEntityManagerInViewInterceptor
2025-08-01 19:24:03.685 [main] DEBUG org.springframework.test.web.servlet.TestDispatcherServlet - Completed 400 BAD_REQUEST
2025-08-01 19:24:03.687 [main] DEBUG com.jayway.jsonpath.internal.path.CompiledPath - Evaluating path: $['errors'][0]
2025-08-01 19:24:03.688 [main] DEBUG org.springframework.test.context.cache - Spring test ApplicationContext cache statistics: [DefaultContextCache@674f4f86 size = 2, maxSize = 32, parentContextCount = 0, hitCount = 185, missCount = 2, failureCount = 0]
2025-08-01 19:24:03.689 [main] DEBUG org.springframework.test.context.cache - Spring test ApplicationContext cache statistics: [DefaultContextCache@674f4f86 size = 2, maxSize = 32, parentContextCount = 0, hitCount = 186, missCount = 2, failureCount = 0]
2025-08-01 19:24:03.691 [main] DEBUG org.springframework.test.context.cache - Spring test ApplicationContext cache statistics: [DefaultContextCache@674f4f86 size = 2, maxSize = 32, parentContextCount = 0, hitCount = 187, missCount = 2, failureCount = 0]
2025-08-01 19:24:03.691 [main] DEBUG org.springframework.test.context.cache - Spring test ApplicationContext cache statistics: [DefaultContextCache@674f4f86 size = 2, maxSize = 32, parentContextCount = 0, hitCount = 188, missCount = 2, failureCount = 0]
2025-08-01 19:24:03.692 [main] DEBUG org.springframework.test.context.cache - Spring test ApplicationContext cache statistics: [DefaultContextCache@674f4f86 size = 2, maxSize = 32, parentContextCount = 0, hitCount = 189, missCount = 2, failureCount = 0]
2025-08-01 19:24:03.693 [main] DEBUG org.springframework.test.context.cache - Spring test ApplicationContext cache statistics: [DefaultContextCache@674f4f86 size = 2, maxSize = 32, parentContextCount = 0, hitCount = 190, missCount = 2, failureCount = 0]
2025-08-01 19:24:03.695 [main] DEBUG reactor.core.publisher.Hooks - Reset onLastOperator: org.springframework.security.core.context.SecurityContext
2025-08-01 19:24:03.696 [main] DEBUG org.springframework.test.context.cache - Spring test ApplicationContext cache statistics: [DefaultContextCache@674f4f86 size = 2, maxSize = 32, parentContextCount = 0, hitCount = 191, missCount = 2, failureCount = 0]
2025-08-01 19:24:03.697 [main] DEBUG org.springframework.test.context.cache - Spring test ApplicationContext cache statistics: [DefaultContextCache@674f4f86 size = 2, maxSize = 32, parentContextCount = 0, hitCount = 192, missCount = 2, failureCount = 0]
2025-08-01 19:24:03.697 [main] DEBUG org.springframework.test.context.support.DirtiesContextTestExecutionListener - After test method: class [AuthenticationControllerTest], method [registerGymOwner_EmptyPhoneNumbers_400], class annotated with @DirtiesContext [false] with mode [null], method annotated with @DirtiesContext [false] with mode [null]
2025-08-01 19:24:03.698 [main] DEBUG org.springframework.test.context.web.ServletTestExecutionListener - Resetting RequestContextHolder for test class com.example.trainup.controller.AuthenticationControllerTest
]]></system-out>
  </testcase>
  <testcase name="registerGymOwner_Success" classname="com.example.trainup.controller.AuthenticationControllerTest" time="0.066">
    <system-out><![CDATA[2025-08-01 19:24:03.699 [main] DEBUG org.springframework.test.context.cache - Spring test ApplicationContext cache statistics: [DefaultContextCache@674f4f86 size = 2, maxSize = 32, parentContextCount = 0, hitCount = 193, missCount = 2, failureCount = 0]
2025-08-01 19:24:03.700 [main] DEBUG org.springframework.test.context.web.ServletTestExecutionListener - Setting up MockHttpServletRequest, MockHttpServletResponse, ServletWebRequest, and RequestContextHolder for test class com.example.trainup.controller.AuthenticationControllerTest
2025-08-01 19:24:03.700 [main] DEBUG org.springframework.test.context.cache - Spring test ApplicationContext cache statistics: [DefaultContextCache@674f4f86 size = 2, maxSize = 32, parentContextCount = 0, hitCount = 194, missCount = 2, failureCount = 0]
2025-08-01 19:24:03.701 [main] DEBUG org.springframework.test.context.support.DependencyInjectionTestExecutionListener - Performing dependency injection for test class com.example.trainup.controller.AuthenticationControllerTest
2025-08-01 19:24:03.701 [main] DEBUG org.springframework.test.context.cache - Spring test ApplicationContext cache statistics: [DefaultContextCache@674f4f86 size = 2, maxSize = 32, parentContextCount = 0, hitCount = 195, missCount = 2, failureCount = 0]
2025-08-01 19:24:03.702 [main] DEBUG org.springframework.test.context.cache - Spring test ApplicationContext cache statistics: [DefaultContextCache@674f4f86 size = 2, maxSize = 32, parentContextCount = 0, hitCount = 196, missCount = 2, failureCount = 0]
2025-08-01 19:24:03.703 [main] DEBUG org.springframework.test.context.support.DirtiesContextBeforeModesTestExecutionListener - Before test method: class [AuthenticationControllerTest], method [registerGymOwner_Success], class annotated with @DirtiesContext [false] with mode [null], method annotated with @DirtiesContext [false] with mode [null]
2025-08-01 19:24:03.704 [main] DEBUG org.springframework.test.context.cache - Spring test ApplicationContext cache statistics: [DefaultContextCache@674f4f86 size = 2, maxSize = 32, parentContextCount = 0, hitCount = 197, missCount = 2, failureCount = 0]
2025-08-01 19:24:03.704 [main] DEBUG reactor.core.publisher.Hooks - Hooking onLastOperator: org.springframework.security.core.context.SecurityContext
2025-08-01 19:24:03.705 [main] DEBUG org.springframework.test.context.cache - Spring test ApplicationContext cache statistics: [DefaultContextCache@674f4f86 size = 2, maxSize = 32, parentContextCount = 0, hitCount = 198, missCount = 2, failureCount = 0]
2025-08-01 19:24:03.707 [main] DEBUG org.springframework.test.context.cache - Spring test ApplicationContext cache statistics: [DefaultContextCache@674f4f86 size = 2, maxSize = 32, parentContextCount = 0, hitCount = 199, missCount = 2, failureCount = 0]
2025-08-01 19:24:03.710 [main] DEBUG org.springframework.test.context.cache - Spring test ApplicationContext cache statistics: [DefaultContextCache@674f4f86 size = 2, maxSize = 32, parentContextCount = 0, hitCount = 200, missCount = 2, failureCount = 0]
2025-08-01 19:24:03.713 [main] DEBUG org.springframework.security.web.FilterChainProxy - Securing POST /auth/register/gym_owner
2025-08-01 19:24:03.715 [main] DEBUG org.springframework.security.web.authentication.AnonymousAuthenticationFilter - Set SecurityContextHolder to anonymous SecurityContext
2025-08-01 19:24:03.717 [main] DEBUG org.springframework.security.web.FilterChainProxy - Secured POST /auth/register/gym_owner
2025-08-01 19:24:03.718 [main] DEBUG org.springframework.test.web.servlet.TestDispatcherServlet - POST "/auth/register/gym_owner", parameters={}
2025-08-01 19:24:03.718 [main] DEBUG org.springframework.web.servlet.mvc.method.annotation.RequestMappingHandlerMapping - Mapped to com.example.trainup.controller.AuthenticationController#registerGymOwner(GymOwnerRegistrationRequestDto)
2025-08-01 19:24:03.719 [main] DEBUG org.springframework.orm.jpa.support.OpenEntityManagerInViewInterceptor - Opening JPA EntityManager in OpenEntityManagerInViewInterceptor
2025-08-01 19:24:03.721 [main] DEBUG org.springframework.web.servlet.mvc.method.annotation.RequestResponseBodyMethodProcessor - Read "application/json;charset=UTF-8" to [GymOwnerRegistrationRequestDto[firstName=Bob, lastName=Johnson, gender=MALE, dateOfBirth=1980-10-10, (truncated)...]
2025-08-01 19:24:03.723 [main] DEBUG org.hibernate.orm.sql.ast.create - Created new SQL alias : uc1_0
2025-08-01 19:24:03.724 [main] DEBUG org.hibernate.orm.sql.ast.create - Registration of TableGroup [StandardTableGroup(com.example.trainup.model.user.UserCredentials(28))] with identifierForTableGroup [com.example.trainup.model.user.UserCredentials] for NavigablePath [com.example.trainup.model.user.UserCredentials] 
2025-08-01 19:24:03.725 [main] DEBUG org.hibernate.query.sqm.sql.BaseSqmToSqlAstConverter - Determining mapping-model type for SqmParameter : org.hibernate.query.sqm.tree.expression.SqmJpaCriteriaParameterWrapper@1ec31e91
2025-08-01 19:24:03.725 [main] DEBUG org.hibernate.query.sqm.sql.BaseSqmToSqlAstConverter - Determining mapping-model type for SqmPath : SqmBasicValuedSimplePath(com.example.trainup.model.user.UserCredentials(28).email) 
2025-08-01 19:24:03.726 [main] DEBUG org.hibernate.orm.results.graph.AST - DomainResult Graph:
 \-BasicResult [com.example.trainup.model.user.UserCredentials(28).id]

2025-08-01 19:24:03.726 [main] DEBUG org.hibernate.orm.sql.ast.tree - SQL AST Tree:
    SelectStatement {
      FromClause {
        StandardTableGroup (uc1 : com.example.trainup.model.user.UserCredentials(28)) {
          primaryTableReference : user_credentials as uc1_0
        }
      }
    }

2025-08-01 19:24:03.727 [main] DEBUG org.hibernate.orm.sql.exec - Skipping reading Query result cache data: cache-enabled = false, cache-mode = NORMAL
2025-08-01 19:24:03.727 [main] DEBUG org.hibernate.SQL - 
    select
        uc1_0.id 
    from
        user_credentials uc1_0 
    where
        (
            uc1_0.is_deleted = false
        ) 
        and uc1_0.email=? 
    fetch
        first ? rows only
Hibernate: 
    select
        uc1_0.id 
    from
        user_credentials uc1_0 
    where
        (
            uc1_0.is_deleted = false
        ) 
        and uc1_0.email=? 
    fetch
        first ? rows only
2025-08-01 19:24:03.729 [main] DEBUG org.hibernate.orm.results - Initializer list is empty
2025-08-01 19:24:03.730 [main] INFO  com.example.trainup.controller.AuthenticationController - Attempting gym owner registration with email: owner@example.com
2025-08-01 19:24:03.731 [main] INFO  com.example.trainup.controller.AuthenticationController - Gym owner with email: owner@example.com successfully registered. ID: 1
2025-08-01 19:24:03.737 [main] DEBUG org.springframework.web.servlet.mvc.method.annotation.RequestResponseBodyMethodProcessor - Using 'application/json', given [*/*] and supported [application/json, application/*+json, application/yaml]
2025-08-01 19:24:03.749 [main] DEBUG org.springframework.web.servlet.mvc.method.annotation.RequestResponseBodyMethodProcessor - Writing [GymOwnerResponseDto[id=1, firstName=Bob, lastName=Johnson, gender=MALE, dateOfBirth=1980-10-10, prof (truncated)...]
2025-08-01 19:24:03.751 [main] DEBUG org.springframework.orm.jpa.support.OpenEntityManagerInViewInterceptor - Closing JPA EntityManager in OpenEntityManagerInViewInterceptor
2025-08-01 19:24:03.751 [main] DEBUG org.springframework.test.web.servlet.TestDispatcherServlet - Completed 201 CREATED
2025-08-01 19:24:03.754 [main] DEBUG com.jayway.jsonpath.internal.path.CompiledPath - Evaluating path: $['id']
2025-08-01 19:24:03.754 [main] DEBUG com.jayway.jsonpath.internal.path.CompiledPath - Evaluating path: $['id']
2025-08-01 19:24:03.755 [main] DEBUG com.jayway.jsonpath.internal.path.CompiledPath - Evaluating path: $['firstName']
2025-08-01 19:24:03.755 [main] DEBUG com.jayway.jsonpath.internal.path.CompiledPath - Evaluating path: $['email']
2025-08-01 19:24:03.756 [main] DEBUG com.jayway.jsonpath.internal.path.CompiledPath - Evaluating path: $['phoneNumbers'][0]
2025-08-01 19:24:03.757 [main] DEBUG org.springframework.test.context.cache - Spring test ApplicationContext cache statistics: [DefaultContextCache@674f4f86 size = 2, maxSize = 32, parentContextCount = 0, hitCount = 201, missCount = 2, failureCount = 0]
2025-08-01 19:24:03.757 [main] DEBUG org.springframework.test.context.cache - Spring test ApplicationContext cache statistics: [DefaultContextCache@674f4f86 size = 2, maxSize = 32, parentContextCount = 0, hitCount = 202, missCount = 2, failureCount = 0]
2025-08-01 19:24:03.760 [main] DEBUG org.springframework.test.context.cache - Spring test ApplicationContext cache statistics: [DefaultContextCache@674f4f86 size = 2, maxSize = 32, parentContextCount = 0, hitCount = 203, missCount = 2, failureCount = 0]
2025-08-01 19:24:03.760 [main] DEBUG org.springframework.test.context.cache - Spring test ApplicationContext cache statistics: [DefaultContextCache@674f4f86 size = 2, maxSize = 32, parentContextCount = 0, hitCount = 204, missCount = 2, failureCount = 0]
2025-08-01 19:24:03.761 [main] DEBUG org.springframework.test.context.cache - Spring test ApplicationContext cache statistics: [DefaultContextCache@674f4f86 size = 2, maxSize = 32, parentContextCount = 0, hitCount = 205, missCount = 2, failureCount = 0]
2025-08-01 19:24:03.763 [main] DEBUG org.springframework.test.context.cache - Spring test ApplicationContext cache statistics: [DefaultContextCache@674f4f86 size = 2, maxSize = 32, parentContextCount = 0, hitCount = 206, missCount = 2, failureCount = 0]
2025-08-01 19:24:03.765 [main] DEBUG reactor.core.publisher.Hooks - Reset onLastOperator: org.springframework.security.core.context.SecurityContext
2025-08-01 19:24:03.766 [main] DEBUG org.springframework.test.context.cache - Spring test ApplicationContext cache statistics: [DefaultContextCache@674f4f86 size = 2, maxSize = 32, parentContextCount = 0, hitCount = 207, missCount = 2, failureCount = 0]
2025-08-01 19:24:03.767 [main] DEBUG org.springframework.test.context.cache - Spring test ApplicationContext cache statistics: [DefaultContextCache@674f4f86 size = 2, maxSize = 32, parentContextCount = 0, hitCount = 208, missCount = 2, failureCount = 0]
2025-08-01 19:24:03.767 [main] DEBUG org.springframework.test.context.support.DirtiesContextTestExecutionListener - After test method: class [AuthenticationControllerTest], method [registerGymOwner_Success], class annotated with @DirtiesContext [false] with mode [null], method annotated with @DirtiesContext [false] with mode [null]
2025-08-01 19:24:03.768 [main] DEBUG org.springframework.test.context.web.ServletTestExecutionListener - Resetting RequestContextHolder for test class com.example.trainup.controller.AuthenticationControllerTest
]]></system-out>
  </testcase>
  <testcase name="registerAthlete_PasswordMismatch_400" classname="com.example.trainup.controller.AuthenticationControllerTest" time="0.042">
    <system-out><![CDATA[2025-08-01 19:24:03.769 [main] DEBUG org.springframework.test.context.cache - Spring test ApplicationContext cache statistics: [DefaultContextCache@674f4f86 size = 2, maxSize = 32, parentContextCount = 0, hitCount = 209, missCount = 2, failureCount = 0]
2025-08-01 19:24:03.770 [main] DEBUG org.springframework.test.context.web.ServletTestExecutionListener - Setting up MockHttpServletRequest, MockHttpServletResponse, ServletWebRequest, and RequestContextHolder for test class com.example.trainup.controller.AuthenticationControllerTest
2025-08-01 19:24:03.771 [main] DEBUG org.springframework.test.context.cache - Spring test ApplicationContext cache statistics: [DefaultContextCache@674f4f86 size = 2, maxSize = 32, parentContextCount = 0, hitCount = 210, missCount = 2, failureCount = 0]
2025-08-01 19:24:03.771 [main] DEBUG org.springframework.test.context.support.DependencyInjectionTestExecutionListener - Performing dependency injection for test class com.example.trainup.controller.AuthenticationControllerTest
2025-08-01 19:24:03.772 [main] DEBUG org.springframework.test.context.cache - Spring test ApplicationContext cache statistics: [DefaultContextCache@674f4f86 size = 2, maxSize = 32, parentContextCount = 0, hitCount = 211, missCount = 2, failureCount = 0]
2025-08-01 19:24:03.772 [main] DEBUG org.springframework.test.context.cache - Spring test ApplicationContext cache statistics: [DefaultContextCache@674f4f86 size = 2, maxSize = 32, parentContextCount = 0, hitCount = 212, missCount = 2, failureCount = 0]
2025-08-01 19:24:03.774 [main] DEBUG org.springframework.test.context.support.DirtiesContextBeforeModesTestExecutionListener - Before test method: class [AuthenticationControllerTest], method [registerAthlete_PasswordMismatch_400], class annotated with @DirtiesContext [false] with mode [null], method annotated with @DirtiesContext [false] with mode [null]
2025-08-01 19:24:03.774 [main] DEBUG org.springframework.test.context.cache - Spring test ApplicationContext cache statistics: [DefaultContextCache@674f4f86 size = 2, maxSize = 32, parentContextCount = 0, hitCount = 213, missCount = 2, failureCount = 0]
2025-08-01 19:24:03.775 [main] DEBUG reactor.core.publisher.Hooks - Hooking onLastOperator: org.springframework.security.core.context.SecurityContext
2025-08-01 19:24:03.776 [main] DEBUG org.springframework.test.context.cache - Spring test ApplicationContext cache statistics: [DefaultContextCache@674f4f86 size = 2, maxSize = 32, parentContextCount = 0, hitCount = 214, missCount = 2, failureCount = 0]
2025-08-01 19:24:03.778 [main] DEBUG org.springframework.test.context.cache - Spring test ApplicationContext cache statistics: [DefaultContextCache@674f4f86 size = 2, maxSize = 32, parentContextCount = 0, hitCount = 215, missCount = 2, failureCount = 0]
2025-08-01 19:24:03.781 [main] DEBUG org.springframework.test.context.cache - Spring test ApplicationContext cache statistics: [DefaultContextCache@674f4f86 size = 2, maxSize = 32, parentContextCount = 0, hitCount = 216, missCount = 2, failureCount = 0]
2025-08-01 19:24:03.783 [main] DEBUG org.springframework.security.web.FilterChainProxy - Securing POST /auth/register/athlete
2025-08-01 19:24:03.785 [main] DEBUG org.springframework.security.web.authentication.AnonymousAuthenticationFilter - Set SecurityContextHolder to anonymous SecurityContext
2025-08-01 19:24:03.786 [main] DEBUG org.springframework.security.web.FilterChainProxy - Secured POST /auth/register/athlete
2025-08-01 19:24:03.787 [main] DEBUG org.springframework.test.web.servlet.TestDispatcherServlet - POST "/auth/register/athlete", parameters={}
2025-08-01 19:24:03.788 [main] DEBUG org.springframework.web.servlet.mvc.method.annotation.RequestMappingHandlerMapping - Mapped to com.example.trainup.controller.AuthenticationController#registerAthlete(AthleteRegistrationRequestDto)
2025-08-01 19:24:03.788 [main] DEBUG org.springframework.orm.jpa.support.OpenEntityManagerInViewInterceptor - Opening JPA EntityManager in OpenEntityManagerInViewInterceptor
2025-08-01 19:24:03.791 [main] DEBUG org.springframework.web.servlet.mvc.method.annotation.RequestResponseBodyMethodProcessor - Read "application/json;charset=UTF-8" to [AthleteRegistrationRequestDto[firstName=John, lastName=Doe, gender=MALE, dateOfBirth=1990-01-01, pro (truncated)...]
2025-08-01 19:24:03.793 [main] DEBUG org.hibernate.orm.sql.ast.create - Created new SQL alias : uc1_0
2025-08-01 19:24:03.793 [main] DEBUG org.hibernate.orm.sql.ast.create - Registration of TableGroup [StandardTableGroup(com.example.trainup.model.user.UserCredentials(28))] with identifierForTableGroup [com.example.trainup.model.user.UserCredentials] for NavigablePath [com.example.trainup.model.user.UserCredentials] 
2025-08-01 19:24:03.794 [main] DEBUG org.hibernate.query.sqm.sql.BaseSqmToSqlAstConverter - Determining mapping-model type for SqmParameter : org.hibernate.query.sqm.tree.expression.SqmJpaCriteriaParameterWrapper@269cd5ed
2025-08-01 19:24:03.794 [main] DEBUG org.hibernate.query.sqm.sql.BaseSqmToSqlAstConverter - Determining mapping-model type for SqmPath : SqmBasicValuedSimplePath(com.example.trainup.model.user.UserCredentials(28).email) 
2025-08-01 19:24:03.795 [main] DEBUG org.hibernate.orm.results.graph.AST - DomainResult Graph:
 \-BasicResult [com.example.trainup.model.user.UserCredentials(28).id]

2025-08-01 19:24:03.795 [main] DEBUG org.hibernate.orm.sql.ast.tree - SQL AST Tree:
    SelectStatement {
      FromClause {
        StandardTableGroup (uc1 : com.example.trainup.model.user.UserCredentials(28)) {
          primaryTableReference : user_credentials as uc1_0
        }
      }
    }

2025-08-01 19:24:03.796 [main] DEBUG org.hibernate.orm.sql.exec - Skipping reading Query result cache data: cache-enabled = false, cache-mode = NORMAL
2025-08-01 19:24:03.796 [main] DEBUG org.hibernate.SQL - 
    select
        uc1_0.id 
    from
        user_credentials uc1_0 
    where
        (
            uc1_0.is_deleted = false
        ) 
        and uc1_0.email=? 
    fetch
        first ? rows only
Hibernate: 
    select
        uc1_0.id 
    from
        user_credentials uc1_0 
    where
        (
            uc1_0.is_deleted = false
        ) 
        and uc1_0.email=? 
    fetch
        first ? rows only
2025-08-01 19:24:03.797 [main] DEBUG org.hibernate.orm.results - Initializer list is empty
2025-08-01 19:24:03.799 [main] DEBUG org.springframework.web.servlet.mvc.method.annotation.ExceptionHandlerExceptionResolver - Using @ExceptionHandler com.example.trainup.exception.CustomGlobalExceptionHandler#handleException(Exception, WebRequest)
2025-08-01 19:24:03.800 [main] DEBUG com.example.trainup.exception.CustomGlobalExceptionHandler - Handling MethodArgumentNotValidException: Validation failed for argument [0] in public com.example.trainup.dto.users.athlete.AthleteResponseDto com.example.trainup.controller.AuthenticationController.registerAthlete(com.example.trainup.dto.users.athlete.AthleteRegistrationRequestDto): [Error in object 'athleteRegistrationRequestDto': codes [FieldMatch.athleteRegistrationRequestDto,FieldMatch]; arguments [org.springframework.context.support.DefaultMessageSourceResolvable: codes [athleteRegistrationRequestDto]; arguments []; default message [],password,repeatPassword]; default message [The password fields must match]] 
2025-08-01 19:24:03.800 [main] DEBUG com.example.trainup.exception.CustomGlobalExceptionHandler - Building response: status=400 BAD_REQUEST, error=Validation error, errors=[The password fields must match]
2025-08-01 19:24:03.801 [main] DEBUG org.springframework.web.servlet.mvc.method.annotation.HttpEntityMethodProcessor - Found 'Content-Type:application/json' in response
2025-08-01 19:24:03.801 [main] DEBUG org.springframework.web.servlet.mvc.method.annotation.HttpEntityMethodProcessor - Writing [{timestamp=2025-08-01T19:24:03.800395439, error=Validation error, errors=[The password fields must m (truncated)...]
2025-08-01 19:24:03.802 [main] DEBUG org.springframework.web.servlet.mvc.method.annotation.ExceptionHandlerExceptionResolver - Resolved [org.springframework.web.bind.MethodArgumentNotValidException: Validation failed for argument [0] in public com.example.trainup.dto.users.athlete.AthleteResponseDto com.example.trainup.controller.AuthenticationController.registerAthlete(com.example.trainup.dto.users.athlete.AthleteRegistrationRequestDto): [Error in object 'athleteRegistrationRequestDto': codes [FieldMatch.athleteRegistrationRequestDto,FieldMatch]; arguments [org.springframework.context.support.DefaultMessageSourceResolvable: codes [athleteRegistrationRequestDto]; arguments []; default message [],password,repeatPassword]; default message [The password fields must match]] ]
2025-08-01 19:24:03.802 [main] DEBUG org.springframework.orm.jpa.support.OpenEntityManagerInViewInterceptor - Closing JPA EntityManager in OpenEntityManagerInViewInterceptor
2025-08-01 19:24:03.803 [main] DEBUG org.springframework.test.web.servlet.TestDispatcherServlet - Completed 400 BAD_REQUEST
2025-08-01 19:24:03.805 [main] DEBUG com.jayway.jsonpath.internal.path.CompiledPath - Evaluating path: $['errors'][0]
2025-08-01 19:24:03.806 [main] DEBUG org.springframework.test.context.cache - Spring test ApplicationContext cache statistics: [DefaultContextCache@674f4f86 size = 2, maxSize = 32, parentContextCount = 0, hitCount = 217, missCount = 2, failureCount = 0]
2025-08-01 19:24:03.806 [main] DEBUG org.springframework.test.context.cache - Spring test ApplicationContext cache statistics: [DefaultContextCache@674f4f86 size = 2, maxSize = 32, parentContextCount = 0, hitCount = 218, missCount = 2, failureCount = 0]
2025-08-01 19:24:03.808 [main] DEBUG org.springframework.test.context.cache - Spring test ApplicationContext cache statistics: [DefaultContextCache@674f4f86 size = 2, maxSize = 32, parentContextCount = 0, hitCount = 219, missCount = 2, failureCount = 0]
2025-08-01 19:24:03.809 [main] DEBUG org.springframework.test.context.cache - Spring test ApplicationContext cache statistics: [DefaultContextCache@674f4f86 size = 2, maxSize = 32, parentContextCount = 0, hitCount = 220, missCount = 2, failureCount = 0]
2025-08-01 19:24:03.809 [main] DEBUG org.springframework.test.context.cache - Spring test ApplicationContext cache statistics: [DefaultContextCache@674f4f86 size = 2, maxSize = 32, parentContextCount = 0, hitCount = 221, missCount = 2, failureCount = 0]
2025-08-01 19:24:03.810 [main] DEBUG org.springframework.test.context.cache - Spring test ApplicationContext cache statistics: [DefaultContextCache@674f4f86 size = 2, maxSize = 32, parentContextCount = 0, hitCount = 222, missCount = 2, failureCount = 0]
2025-08-01 19:24:03.812 [main] DEBUG reactor.core.publisher.Hooks - Reset onLastOperator: org.springframework.security.core.context.SecurityContext
2025-08-01 19:24:03.813 [main] DEBUG org.springframework.test.context.cache - Spring test ApplicationContext cache statistics: [DefaultContextCache@674f4f86 size = 2, maxSize = 32, parentContextCount = 0, hitCount = 223, missCount = 2, failureCount = 0]
2025-08-01 19:24:03.813 [main] DEBUG org.springframework.test.context.cache - Spring test ApplicationContext cache statistics: [DefaultContextCache@674f4f86 size = 2, maxSize = 32, parentContextCount = 0, hitCount = 224, missCount = 2, failureCount = 0]
2025-08-01 19:24:03.814 [main] DEBUG org.springframework.test.context.support.DirtiesContextTestExecutionListener - After test method: class [AuthenticationControllerTest], method [registerAthlete_PasswordMismatch_400], class annotated with @DirtiesContext [false] with mode [null], method annotated with @DirtiesContext [false] with mode [null]
2025-08-01 19:24:03.814 [main] DEBUG org.springframework.test.context.web.ServletTestExecutionListener - Resetting RequestContextHolder for test class com.example.trainup.controller.AuthenticationControllerTest
]]></system-out>
  </testcase>
  <testcase name="login_InvalidPassword_400" classname="com.example.trainup.controller.AuthenticationControllerTest" time="0.109">
    <system-out><![CDATA[2025-08-01 19:24:03.815 [main] DEBUG org.springframework.test.context.cache - Spring test ApplicationContext cache statistics: [DefaultContextCache@674f4f86 size = 2, maxSize = 32, parentContextCount = 0, hitCount = 225, missCount = 2, failureCount = 0]
2025-08-01 19:24:03.816 [main] DEBUG org.springframework.test.context.web.ServletTestExecutionListener - Setting up MockHttpServletRequest, MockHttpServletResponse, ServletWebRequest, and RequestContextHolder for test class com.example.trainup.controller.AuthenticationControllerTest
2025-08-01 19:24:03.816 [main] DEBUG org.springframework.test.context.cache - Spring test ApplicationContext cache statistics: [DefaultContextCache@674f4f86 size = 2, maxSize = 32, parentContextCount = 0, hitCount = 226, missCount = 2, failureCount = 0]
2025-08-01 19:24:03.817 [main] DEBUG org.springframework.test.context.support.DependencyInjectionTestExecutionListener - Performing dependency injection for test class com.example.trainup.controller.AuthenticationControllerTest
2025-08-01 19:24:03.817 [main] DEBUG org.springframework.test.context.cache - Spring test ApplicationContext cache statistics: [DefaultContextCache@674f4f86 size = 2, maxSize = 32, parentContextCount = 0, hitCount = 227, missCount = 2, failureCount = 0]
2025-08-01 19:24:03.818 [main] DEBUG org.springframework.test.context.cache - Spring test ApplicationContext cache statistics: [DefaultContextCache@674f4f86 size = 2, maxSize = 32, parentContextCount = 0, hitCount = 228, missCount = 2, failureCount = 0]
2025-08-01 19:24:03.819 [main] DEBUG org.springframework.test.context.support.DirtiesContextBeforeModesTestExecutionListener - Before test method: class [AuthenticationControllerTest], method [login_InvalidPassword_400], class annotated with @DirtiesContext [false] with mode [null], method annotated with @DirtiesContext [false] with mode [null]
2025-08-01 19:24:03.819 [main] DEBUG org.springframework.test.context.cache - Spring test ApplicationContext cache statistics: [DefaultContextCache@674f4f86 size = 2, maxSize = 32, parentContextCount = 0, hitCount = 229, missCount = 2, failureCount = 0]
2025-08-01 19:24:03.820 [main] DEBUG reactor.core.publisher.Hooks - Hooking onLastOperator: org.springframework.security.core.context.SecurityContext
2025-08-01 19:24:03.820 [main] DEBUG org.springframework.test.context.cache - Spring test ApplicationContext cache statistics: [DefaultContextCache@674f4f86 size = 2, maxSize = 32, parentContextCount = 0, hitCount = 230, missCount = 2, failureCount = 0]
2025-08-01 19:24:03.823 [main] DEBUG org.springframework.test.context.cache - Spring test ApplicationContext cache statistics: [DefaultContextCache@674f4f86 size = 2, maxSize = 32, parentContextCount = 0, hitCount = 231, missCount = 2, failureCount = 0]
2025-08-01 19:24:03.825 [main] DEBUG org.springframework.test.context.cache - Spring test ApplicationContext cache statistics: [DefaultContextCache@674f4f86 size = 2, maxSize = 32, parentContextCount = 0, hitCount = 232, missCount = 2, failureCount = 0]
2025-08-01 19:24:03.829 [main] DEBUG org.springframework.security.web.FilterChainProxy - Securing POST /auth/login
2025-08-01 19:24:03.831 [main] DEBUG org.springframework.security.web.authentication.AnonymousAuthenticationFilter - Set SecurityContextHolder to anonymous SecurityContext
2025-08-01 19:24:03.833 [main] DEBUG org.springframework.security.web.FilterChainProxy - Secured POST /auth/login
2025-08-01 19:24:03.833 [main] DEBUG org.springframework.test.web.servlet.TestDispatcherServlet - POST "/auth/login", parameters={}
2025-08-01 19:24:03.834 [main] DEBUG org.springframework.web.servlet.mvc.method.annotation.RequestMappingHandlerMapping - Mapped to com.example.trainup.controller.AuthenticationController#loginAthlete(UserLoginRequestDto)
2025-08-01 19:24:03.835 [main] DEBUG org.springframework.orm.jpa.support.OpenEntityManagerInViewInterceptor - Opening JPA EntityManager in OpenEntityManagerInViewInterceptor
2025-08-01 19:24:03.841 [main] DEBUG org.springframework.web.servlet.mvc.method.annotation.RequestResponseBodyMethodProcessor - Read "application/json;charset=UTF-8" to [UserLoginRequestDto[email=test@example.com, password=password]]
2025-08-01 19:24:03.860 [main] DEBUG org.hibernate.validator.resourceloading.PlatformResourceBundleLocator - ValidationMessages not found.
2025-08-01 19:24:03.871 [main] DEBUG org.hibernate.validator.resourceloading.PlatformResourceBundleLocator - ContributorValidationMessages not found.
2025-08-01 19:24:03.881 [main] DEBUG org.hibernate.validator.resourceloading.PlatformResourceBundleLocator - org.hibernate.validator.ValidationMessages found.
2025-08-01 19:24:03.910 [main] DEBUG org.springframework.web.servlet.mvc.method.annotation.ExceptionHandlerExceptionResolver - Using @ExceptionHandler com.example.trainup.exception.CustomGlobalExceptionHandler#handleException(Exception, WebRequest)
2025-08-01 19:24:03.911 [main] DEBUG com.example.trainup.exception.CustomGlobalExceptionHandler - Handling MethodArgumentNotValidException: Validation failed for argument [0] in public com.example.trainup.dto.users.UserLoginResponseDto com.example.trainup.controller.AuthenticationController.loginAthlete(com.example.trainup.dto.users.UserLoginRequestDto): [Field error in object 'userLoginRequestDto' on field 'password': rejected value [password]; codes [Pattern.userLoginRequestDto.password,Pattern.password,Pattern.java.lang.String,Pattern]; arguments [org.springframework.context.support.DefaultMessageSourceResolvable: codes [userLoginRequestDto.password,password]; arguments []; default message [password],[Ljakarta.validation.constraints.Pattern$Flag;@52c4ab88,^(?=.*[a-z])(?=.*[A-Z])(?=.*\d)(?=.*[#$@!%&*?])[A-Za-z\d#$@!%&*?]{8,}$]; default message [must match "^(?=.*[a-z])(?=.*[A-Z])(?=.*\d)(?=.*[#$@!%&*?])[A-Za-z\d#$@!%&*?]{8,}$"]] 
2025-08-01 19:24:03.911 [main] DEBUG com.example.trainup.exception.CustomGlobalExceptionHandler - Building response: status=400 BAD_REQUEST, error=Validation error, errors=[password: must match "^(?=.*[a-z])(?=.*[A-Z])(?=.*\d)(?=.*[#$@!%&*?])[A-Za-z\d#$@!%&*?]{8,}$"]
2025-08-01 19:24:03.912 [main] DEBUG org.springframework.web.servlet.mvc.method.annotation.HttpEntityMethodProcessor - Found 'Content-Type:application/json' in response
2025-08-01 19:24:03.912 [main] DEBUG org.springframework.web.servlet.mvc.method.annotation.HttpEntityMethodProcessor - Writing [{timestamp=2025-08-01T19:24:03.911831547, error=Validation error, errors=[password: must match "^(?= (truncated)...]
2025-08-01 19:24:03.913 [main] DEBUG org.springframework.web.servlet.mvc.method.annotation.ExceptionHandlerExceptionResolver - Resolved [org.springframework.web.bind.MethodArgumentNotValidException: Validation failed for argument [0] in public com.example.trainup.dto.users.UserLoginResponseDto com.example.trainup.controller.AuthenticationController.loginAthlete(com.example.trainup.dto.users.UserLoginRequestDto): [Field error in object 'userLoginRequestDto' on field 'password': rejected value [password]; codes [Pattern.userLoginRequestDto.password,Pattern.password,Pattern.java.lang.String,Pattern]; arguments [org.springframework.context.support.DefaultMessageSourceResolvable: codes [userLoginRequestDto.password,password]; arguments []; default message [password],[Ljakarta.validation.constraints.Pattern$Flag;@52c4ab88,^(?=.*[a-z])(?=.*[A-Z])(?=.*\d)(?=.*[#$@!%&*?])[A-Za-z\d#$@!%&*?]{8,}$]; default message [must match "^(?=.*[a-z])(?=.*[A-Z])(?=.*\d)(?=.*[#$@!%&*?])[A-Za-z\d#$@!%&*?]{8,}$"]] ]
2025-08-01 19:24:03.914 [main] DEBUG org.springframework.orm.jpa.support.OpenEntityManagerInViewInterceptor - Closing JPA EntityManager in OpenEntityManagerInViewInterceptor
2025-08-01 19:24:03.915 [main] DEBUG org.springframework.test.web.servlet.TestDispatcherServlet - Completed 400 BAD_REQUEST
2025-08-01 19:24:03.916 [main] DEBUG com.jayway.jsonpath.internal.path.CompiledPath - Evaluating path: $['errors'][0]
2025-08-01 19:24:03.917 [main] DEBUG org.springframework.test.context.cache - Spring test ApplicationContext cache statistics: [DefaultContextCache@674f4f86 size = 2, maxSize = 32, parentContextCount = 0, hitCount = 233, missCount = 2, failureCount = 0]
2025-08-01 19:24:03.918 [main] DEBUG org.springframework.test.context.cache - Spring test ApplicationContext cache statistics: [DefaultContextCache@674f4f86 size = 2, maxSize = 32, parentContextCount = 0, hitCount = 234, missCount = 2, failureCount = 0]
2025-08-01 19:24:03.920 [main] DEBUG org.springframework.test.context.cache - Spring test ApplicationContext cache statistics: [DefaultContextCache@674f4f86 size = 2, maxSize = 32, parentContextCount = 0, hitCount = 235, missCount = 2, failureCount = 0]
2025-08-01 19:24:03.921 [main] DEBUG org.springframework.test.context.cache - Spring test ApplicationContext cache statistics: [DefaultContextCache@674f4f86 size = 2, maxSize = 32, parentContextCount = 0, hitCount = 236, missCount = 2, failureCount = 0]
2025-08-01 19:24:03.921 [main] DEBUG org.springframework.test.context.cache - Spring test ApplicationContext cache statistics: [DefaultContextCache@674f4f86 size = 2, maxSize = 32, parentContextCount = 0, hitCount = 237, missCount = 2, failureCount = 0]
2025-08-01 19:24:03.923 [main] DEBUG org.springframework.test.context.cache - Spring test ApplicationContext cache statistics: [DefaultContextCache@674f4f86 size = 2, maxSize = 32, parentContextCount = 0, hitCount = 238, missCount = 2, failureCount = 0]
2025-08-01 19:24:03.924 [main] DEBUG reactor.core.publisher.Hooks - Reset onLastOperator: org.springframework.security.core.context.SecurityContext
2025-08-01 19:24:03.925 [main] DEBUG org.springframework.test.context.cache - Spring test ApplicationContext cache statistics: [DefaultContextCache@674f4f86 size = 2, maxSize = 32, parentContextCount = 0, hitCount = 239, missCount = 2, failureCount = 0]
2025-08-01 19:24:03.925 [main] DEBUG org.springframework.test.context.cache - Spring test ApplicationContext cache statistics: [DefaultContextCache@674f4f86 size = 2, maxSize = 32, parentContextCount = 0, hitCount = 240, missCount = 2, failureCount = 0]
2025-08-01 19:24:03.925 [main] DEBUG org.springframework.test.context.support.DirtiesContextTestExecutionListener - After test method: class [AuthenticationControllerTest], method [login_InvalidPassword_400], class annotated with @DirtiesContext [false] with mode [null], method annotated with @DirtiesContext [false] with mode [null]
2025-08-01 19:24:03.926 [main] DEBUG org.springframework.test.context.web.ServletTestExecutionListener - Resetting RequestContextHolder for test class com.example.trainup.controller.AuthenticationControllerTest
]]></system-out>
  </testcase>
  <testcase name="registerTrainer_PasswordMismatch_400" classname="com.example.trainup.controller.AuthenticationControllerTest" time="0.096">
    <system-out><![CDATA[2025-08-01 19:24:03.928 [main] DEBUG org.springframework.test.context.cache - Spring test ApplicationContext cache statistics: [DefaultContextCache@674f4f86 size = 2, maxSize = 32, parentContextCount = 0, hitCount = 241, missCount = 2, failureCount = 0]
2025-08-01 19:24:03.928 [main] DEBUG org.springframework.test.context.web.ServletTestExecutionListener - Setting up MockHttpServletRequest, MockHttpServletResponse, ServletWebRequest, and RequestContextHolder for test class com.example.trainup.controller.AuthenticationControllerTest
2025-08-01 19:24:03.929 [main] DEBUG org.springframework.test.context.cache - Spring test ApplicationContext cache statistics: [DefaultContextCache@674f4f86 size = 2, maxSize = 32, parentContextCount = 0, hitCount = 242, missCount = 2, failureCount = 0]
2025-08-01 19:24:03.930 [main] DEBUG org.springframework.test.context.support.DependencyInjectionTestExecutionListener - Performing dependency injection for test class com.example.trainup.controller.AuthenticationControllerTest
2025-08-01 19:24:03.930 [main] DEBUG org.springframework.test.context.cache - Spring test ApplicationContext cache statistics: [DefaultContextCache@674f4f86 size = 2, maxSize = 32, parentContextCount = 0, hitCount = 243, missCount = 2, failureCount = 0]
2025-08-01 19:24:03.931 [main] DEBUG org.springframework.test.context.cache - Spring test ApplicationContext cache statistics: [DefaultContextCache@674f4f86 size = 2, maxSize = 32, parentContextCount = 0, hitCount = 244, missCount = 2, failureCount = 0]
2025-08-01 19:24:03.932 [main] DEBUG org.springframework.test.context.support.DirtiesContextBeforeModesTestExecutionListener - Before test method: class [AuthenticationControllerTest], method [registerTrainer_PasswordMismatch_400], class annotated with @DirtiesContext [false] with mode [null], method annotated with @DirtiesContext [false] with mode [null]
2025-08-01 19:24:03.933 [main] DEBUG org.springframework.test.context.cache - Spring test ApplicationContext cache statistics: [DefaultContextCache@674f4f86 size = 2, maxSize = 32, parentContextCount = 0, hitCount = 245, missCount = 2, failureCount = 0]
2025-08-01 19:24:03.934 [main] DEBUG reactor.core.publisher.Hooks - Hooking onLastOperator: org.springframework.security.core.context.SecurityContext
2025-08-01 19:24:03.934 [main] DEBUG org.springframework.test.context.cache - Spring test ApplicationContext cache statistics: [DefaultContextCache@674f4f86 size = 2, maxSize = 32, parentContextCount = 0, hitCount = 246, missCount = 2, failureCount = 0]
2025-08-01 19:24:03.937 [main] DEBUG org.springframework.test.context.cache - Spring test ApplicationContext cache statistics: [DefaultContextCache@674f4f86 size = 2, maxSize = 32, parentContextCount = 0, hitCount = 247, missCount = 2, failureCount = 0]
2025-08-01 19:24:03.940 [main] DEBUG org.springframework.test.context.cache - Spring test ApplicationContext cache statistics: [DefaultContextCache@674f4f86 size = 2, maxSize = 32, parentContextCount = 0, hitCount = 248, missCount = 2, failureCount = 0]
2025-08-01 19:24:03.952 [main] DEBUG org.springframework.security.web.FilterChainProxy - Securing POST /auth/register/trainer
2025-08-01 19:24:03.954 [main] DEBUG org.springframework.security.web.authentication.AnonymousAuthenticationFilter - Set SecurityContextHolder to anonymous SecurityContext
2025-08-01 19:24:03.955 [main] DEBUG org.springframework.security.web.FilterChainProxy - Secured POST /auth/register/trainer
2025-08-01 19:24:03.956 [main] DEBUG org.springframework.test.web.servlet.TestDispatcherServlet - POST "/auth/register/trainer", parameters={}
2025-08-01 19:24:03.956 [main] DEBUG org.springframework.web.servlet.mvc.method.annotation.RequestMappingHandlerMapping - Mapped to com.example.trainup.controller.AuthenticationController#registerTrainer(TrainerRegistrationRequestDto)
2025-08-01 19:24:03.957 [main] DEBUG org.springframework.orm.jpa.support.OpenEntityManagerInViewInterceptor - Opening JPA EntityManager in OpenEntityManagerInViewInterceptor
2025-08-01 19:24:03.984 [main] DEBUG org.springframework.web.servlet.mvc.method.annotation.RequestResponseBodyMethodProcessor - Read "application/json;charset=UTF-8" to [TrainerRegistrationRequestDto[firstName=Jane, lastName=Smith, gender=FEMALE, dateOfBirth=1985-05-05, (truncated)...]
2025-08-01 19:24:04.001 [main] DEBUG org.hibernate.orm.sql.ast.create - Created new SQL alias : uc1_0
2025-08-01 19:24:04.002 [main] DEBUG org.hibernate.orm.sql.ast.create - Registration of TableGroup [StandardTableGroup(com.example.trainup.model.user.UserCredentials(28))] with identifierForTableGroup [com.example.trainup.model.user.UserCredentials] for NavigablePath [com.example.trainup.model.user.UserCredentials] 
2025-08-01 19:24:04.003 [main] DEBUG org.hibernate.query.sqm.sql.BaseSqmToSqlAstConverter - Determining mapping-model type for SqmParameter : org.hibernate.query.sqm.tree.expression.SqmJpaCriteriaParameterWrapper@7b573098
2025-08-01 19:24:04.003 [main] DEBUG org.hibernate.query.sqm.sql.BaseSqmToSqlAstConverter - Determining mapping-model type for SqmPath : SqmBasicValuedSimplePath(com.example.trainup.model.user.UserCredentials(28).email) 
2025-08-01 19:24:04.004 [main] DEBUG org.hibernate.orm.results.graph.AST - DomainResult Graph:
 \-BasicResult [com.example.trainup.model.user.UserCredentials(28).id]

2025-08-01 19:24:04.004 [main] DEBUG org.hibernate.orm.sql.ast.tree - SQL AST Tree:
    SelectStatement {
      FromClause {
        StandardTableGroup (uc1 : com.example.trainup.model.user.UserCredentials(28)) {
          primaryTableReference : user_credentials as uc1_0
        }
      }
    }

2025-08-01 19:24:04.005 [main] DEBUG org.hibernate.orm.sql.exec - Skipping reading Query result cache data: cache-enabled = false, cache-mode = NORMAL
2025-08-01 19:24:04.005 [main] DEBUG org.hibernate.SQL - 
    select
        uc1_0.id 
    from
        user_credentials uc1_0 
    where
        (
            uc1_0.is_deleted = false
        ) 
        and uc1_0.email=? 
    fetch
        first ? rows only
Hibernate: 
    select
        uc1_0.id 
    from
        user_credentials uc1_0 
    where
        (
            uc1_0.is_deleted = false
        ) 
        and uc1_0.email=? 
    fetch
        first ? rows only
2025-08-01 19:24:04.006 [main] DEBUG org.hibernate.orm.results - Initializer list is empty
2025-08-01 19:24:04.009 [main] DEBUG org.springframework.web.servlet.mvc.method.annotation.ExceptionHandlerExceptionResolver - Using @ExceptionHandler com.example.trainup.exception.CustomGlobalExceptionHandler#handleException(Exception, WebRequest)
2025-08-01 19:24:04.009 [main] DEBUG com.example.trainup.exception.CustomGlobalExceptionHandler - Handling MethodArgumentNotValidException: Validation failed for argument [0] in public com.example.trainup.dto.users.trainer.TrainerResponseDto com.example.trainup.controller.AuthenticationController.registerTrainer(com.example.trainup.dto.users.trainer.TrainerRegistrationRequestDto): [Error in object 'trainerRegistrationRequestDto': codes [FieldMatch.trainerRegistrationRequestDto,FieldMatch]; arguments [org.springframework.context.support.DefaultMessageSourceResolvable: codes [trainerRegistrationRequestDto]; arguments []; default message [],password,repeatPassword]; default message [The password fields must match]] 
2025-08-01 19:24:04.010 [main] DEBUG com.example.trainup.exception.CustomGlobalExceptionHandler - Building response: status=400 BAD_REQUEST, error=Validation error, errors=[The password fields must match]
2025-08-01 19:24:04.011 [main] DEBUG org.springframework.web.servlet.mvc.method.annotation.HttpEntityMethodProcessor - Found 'Content-Type:application/json' in response
2025-08-01 19:24:04.011 [main] DEBUG org.springframework.web.servlet.mvc.method.annotation.HttpEntityMethodProcessor - Writing [{timestamp=2025-08-01T19:24:04.010380580, error=Validation error, errors=[The password fields must m (truncated)...]
2025-08-01 19:24:04.013 [main] DEBUG org.springframework.web.servlet.mvc.method.annotation.ExceptionHandlerExceptionResolver - Resolved [org.springframework.web.bind.MethodArgumentNotValidException: Validation failed for argument [0] in public com.example.trainup.dto.users.trainer.TrainerResponseDto com.example.trainup.controller.AuthenticationController.registerTrainer(com.example.trainup.dto.users.trainer.TrainerRegistrationRequestDto): [Error in object 'trainerRegistrationRequestDto': codes [FieldMatch.trainerRegistrationRequestDto,FieldMatch]; arguments [org.springframework.context.support.DefaultMessageSourceResolvable: codes [trainerRegistrationRequestDto]; arguments []; default message [],password,repeatPassword]; default message [The password fields must match]] ]
2025-08-01 19:24:04.013 [main] DEBUG org.springframework.orm.jpa.support.OpenEntityManagerInViewInterceptor - Closing JPA EntityManager in OpenEntityManagerInViewInterceptor
2025-08-01 19:24:04.014 [main] DEBUG org.springframework.test.web.servlet.TestDispatcherServlet - Completed 400 BAD_REQUEST
2025-08-01 19:24:04.016 [main] DEBUG com.jayway.jsonpath.internal.path.CompiledPath - Evaluating path: $['errors'][0]
2025-08-01 19:24:04.017 [main] DEBUG org.springframework.test.context.cache - Spring test ApplicationContext cache statistics: [DefaultContextCache@674f4f86 size = 2, maxSize = 32, parentContextCount = 0, hitCount = 249, missCount = 2, failureCount = 0]
2025-08-01 19:24:04.017 [main] DEBUG org.springframework.test.context.cache - Spring test ApplicationContext cache statistics: [DefaultContextCache@674f4f86 size = 2, maxSize = 32, parentContextCount = 0, hitCount = 250, missCount = 2, failureCount = 0]
2025-08-01 19:24:04.020 [main] DEBUG org.springframework.test.context.cache - Spring test ApplicationContext cache statistics: [DefaultContextCache@674f4f86 size = 2, maxSize = 32, parentContextCount = 0, hitCount = 251, missCount = 2, failureCount = 0]
2025-08-01 19:24:04.020 [main] DEBUG org.springframework.test.context.cache - Spring test ApplicationContext cache statistics: [DefaultContextCache@674f4f86 size = 2, maxSize = 32, parentContextCount = 0, hitCount = 252, missCount = 2, failureCount = 0]
2025-08-01 19:24:04.021 [main] DEBUG org.springframework.test.context.cache - Spring test ApplicationContext cache statistics: [DefaultContextCache@674f4f86 size = 2, maxSize = 32, parentContextCount = 0, hitCount = 253, missCount = 2, failureCount = 0]
2025-08-01 19:24:04.022 [main] DEBUG org.springframework.test.context.cache - Spring test ApplicationContext cache statistics: [DefaultContextCache@674f4f86 size = 2, maxSize = 32, parentContextCount = 0, hitCount = 254, missCount = 2, failureCount = 0]
2025-08-01 19:24:04.024 [main] DEBUG reactor.core.publisher.Hooks - Reset onLastOperator: org.springframework.security.core.context.SecurityContext
2025-08-01 19:24:04.025 [main] DEBUG org.springframework.test.context.cache - Spring test ApplicationContext cache statistics: [DefaultContextCache@674f4f86 size = 2, maxSize = 32, parentContextCount = 0, hitCount = 255, missCount = 2, failureCount = 0]
2025-08-01 19:24:04.025 [main] DEBUG org.springframework.test.context.cache - Spring test ApplicationContext cache statistics: [DefaultContextCache@674f4f86 size = 2, maxSize = 32, parentContextCount = 0, hitCount = 256, missCount = 2, failureCount = 0]
2025-08-01 19:24:04.026 [main] DEBUG org.springframework.test.context.support.DirtiesContextTestExecutionListener - After test method: class [AuthenticationControllerTest], method [registerTrainer_PasswordMismatch_400], class annotated with @DirtiesContext [false] with mode [null], method annotated with @DirtiesContext [false] with mode [null]
2025-08-01 19:24:04.026 [main] DEBUG org.springframework.test.context.web.ServletTestExecutionListener - Resetting RequestContextHolder for test class com.example.trainup.controller.AuthenticationControllerTest
]]></system-out>
  </testcase>
  <testcase name="login_Success" classname="com.example.trainup.controller.AuthenticationControllerTest" time="0.046">
    <system-out><![CDATA[2025-08-01 19:24:04.028 [main] DEBUG org.springframework.test.context.cache - Spring test ApplicationContext cache statistics: [DefaultContextCache@674f4f86 size = 2, maxSize = 32, parentContextCount = 0, hitCount = 257, missCount = 2, failureCount = 0]
2025-08-01 19:24:04.028 [main] DEBUG org.springframework.test.context.web.ServletTestExecutionListener - Setting up MockHttpServletRequest, MockHttpServletResponse, ServletWebRequest, and RequestContextHolder for test class com.example.trainup.controller.AuthenticationControllerTest
2025-08-01 19:24:04.029 [main] DEBUG org.springframework.test.context.cache - Spring test ApplicationContext cache statistics: [DefaultContextCache@674f4f86 size = 2, maxSize = 32, parentContextCount = 0, hitCount = 258, missCount = 2, failureCount = 0]
2025-08-01 19:24:04.030 [main] DEBUG org.springframework.test.context.support.DependencyInjectionTestExecutionListener - Performing dependency injection for test class com.example.trainup.controller.AuthenticationControllerTest
2025-08-01 19:24:04.031 [main] DEBUG org.springframework.test.context.cache - Spring test ApplicationContext cache statistics: [DefaultContextCache@674f4f86 size = 2, maxSize = 32, parentContextCount = 0, hitCount = 259, missCount = 2, failureCount = 0]
2025-08-01 19:24:04.031 [main] DEBUG org.springframework.test.context.cache - Spring test ApplicationContext cache statistics: [DefaultContextCache@674f4f86 size = 2, maxSize = 32, parentContextCount = 0, hitCount = 260, missCount = 2, failureCount = 0]
2025-08-01 19:24:04.033 [main] DEBUG org.springframework.test.context.support.DirtiesContextBeforeModesTestExecutionListener - Before test method: class [AuthenticationControllerTest], method [login_Success], class annotated with @DirtiesContext [false] with mode [null], method annotated with @DirtiesContext [false] with mode [null]
2025-08-01 19:24:04.033 [main] DEBUG org.springframework.test.context.cache - Spring test ApplicationContext cache statistics: [DefaultContextCache@674f4f86 size = 2, maxSize = 32, parentContextCount = 0, hitCount = 261, missCount = 2, failureCount = 0]
2025-08-01 19:24:04.034 [main] DEBUG reactor.core.publisher.Hooks - Hooking onLastOperator: org.springframework.security.core.context.SecurityContext
2025-08-01 19:24:04.034 [main] DEBUG org.springframework.test.context.cache - Spring test ApplicationContext cache statistics: [DefaultContextCache@674f4f86 size = 2, maxSize = 32, parentContextCount = 0, hitCount = 262, missCount = 2, failureCount = 0]
2025-08-01 19:24:04.037 [main] DEBUG org.springframework.test.context.cache - Spring test ApplicationContext cache statistics: [DefaultContextCache@674f4f86 size = 2, maxSize = 32, parentContextCount = 0, hitCount = 263, missCount = 2, failureCount = 0]
2025-08-01 19:24:04.040 [main] DEBUG org.springframework.test.context.cache - Spring test ApplicationContext cache statistics: [DefaultContextCache@674f4f86 size = 2, maxSize = 32, parentContextCount = 0, hitCount = 264, missCount = 2, failureCount = 0]
2025-08-01 19:24:04.049 [main] DEBUG org.springframework.security.web.FilterChainProxy - Securing POST /auth/login
2025-08-01 19:24:04.050 [main] DEBUG org.springframework.security.web.authentication.AnonymousAuthenticationFilter - Set SecurityContextHolder to anonymous SecurityContext
2025-08-01 19:24:04.051 [main] DEBUG org.springframework.security.web.FilterChainProxy - Secured POST /auth/login
2025-08-01 19:24:04.052 [main] DEBUG org.springframework.test.web.servlet.TestDispatcherServlet - POST "/auth/login", parameters={}
2025-08-01 19:24:04.052 [main] DEBUG org.springframework.web.servlet.mvc.method.annotation.RequestMappingHandlerMapping - Mapped to com.example.trainup.controller.AuthenticationController#loginAthlete(UserLoginRequestDto)
2025-08-01 19:24:04.053 [main] DEBUG org.springframework.orm.jpa.support.OpenEntityManagerInViewInterceptor - Opening JPA EntityManager in OpenEntityManagerInViewInterceptor
2025-08-01 19:24:04.054 [main] DEBUG org.springframework.web.servlet.mvc.method.annotation.RequestResponseBodyMethodProcessor - Read "application/json;charset=UTF-8" to [UserLoginRequestDto[email=test@example.com, password=Password#1]]
2025-08-01 19:24:04.055 [main] INFO  com.example.trainup.controller.AuthenticationController - Attempting user login for username login: test@example.com
2025-08-01 19:24:04.056 [main] INFO  com.example.trainup.controller.AuthenticationController - User test@example.com successfully logged in.
2025-08-01 19:24:04.059 [main] DEBUG org.springframework.web.servlet.mvc.method.annotation.RequestResponseBodyMethodProcessor - Using 'application/json', given [*/*] and supported [application/json, application/*+json, application/yaml]
2025-08-01 19:24:04.061 [main] DEBUG org.springframework.web.servlet.mvc.method.annotation.RequestResponseBodyMethodProcessor - Writing [UserLoginResponseDto[token=jwt_access_token]]
2025-08-01 19:24:04.062 [main] DEBUG org.springframework.orm.jpa.support.OpenEntityManagerInViewInterceptor - Closing JPA EntityManager in OpenEntityManagerInViewInterceptor
2025-08-01 19:24:04.063 [main] DEBUG org.springframework.test.web.servlet.TestDispatcherServlet - Completed 200 OK
2025-08-01 19:24:04.065 [main] DEBUG com.jayway.jsonpath.internal.path.CompiledPath - Evaluating path: $['token']
2025-08-01 19:24:04.066 [main] DEBUG org.springframework.test.context.cache - Spring test ApplicationContext cache statistics: [DefaultContextCache@674f4f86 size = 2, maxSize = 32, parentContextCount = 0, hitCount = 265, missCount = 2, failureCount = 0]
2025-08-01 19:24:04.067 [main] DEBUG org.springframework.test.context.cache - Spring test ApplicationContext cache statistics: [DefaultContextCache@674f4f86 size = 2, maxSize = 32, parentContextCount = 0, hitCount = 266, missCount = 2, failureCount = 0]
2025-08-01 19:24:04.070 [main] DEBUG org.springframework.test.context.cache - Spring test ApplicationContext cache statistics: [DefaultContextCache@674f4f86 size = 2, maxSize = 32, parentContextCount = 0, hitCount = 267, missCount = 2, failureCount = 0]
2025-08-01 19:24:04.071 [main] DEBUG org.springframework.test.context.cache - Spring test ApplicationContext cache statistics: [DefaultContextCache@674f4f86 size = 2, maxSize = 32, parentContextCount = 0, hitCount = 268, missCount = 2, failureCount = 0]
2025-08-01 19:24:04.071 [main] DEBUG org.springframework.test.context.cache - Spring test ApplicationContext cache statistics: [DefaultContextCache@674f4f86 size = 2, maxSize = 32, parentContextCount = 0, hitCount = 269, missCount = 2, failureCount = 0]
2025-08-01 19:24:04.073 [main] DEBUG org.springframework.test.context.cache - Spring test ApplicationContext cache statistics: [DefaultContextCache@674f4f86 size = 2, maxSize = 32, parentContextCount = 0, hitCount = 270, missCount = 2, failureCount = 0]
2025-08-01 19:24:04.075 [main] DEBUG reactor.core.publisher.Hooks - Reset onLastOperator: org.springframework.security.core.context.SecurityContext
2025-08-01 19:24:04.076 [main] DEBUG org.springframework.test.context.cache - Spring test ApplicationContext cache statistics: [DefaultContextCache@674f4f86 size = 2, maxSize = 32, parentContextCount = 0, hitCount = 271, missCount = 2, failureCount = 0]
2025-08-01 19:24:04.076 [main] DEBUG org.springframework.test.context.cache - Spring test ApplicationContext cache statistics: [DefaultContextCache@674f4f86 size = 2, maxSize = 32, parentContextCount = 0, hitCount = 272, missCount = 2, failureCount = 0]
2025-08-01 19:24:04.077 [main] DEBUG org.springframework.test.context.support.DirtiesContextTestExecutionListener - After test method: class [AuthenticationControllerTest], method [login_Success], class annotated with @DirtiesContext [false] with mode [null], method annotated with @DirtiesContext [false] with mode [null]
2025-08-01 19:24:04.077 [main] DEBUG org.springframework.test.context.web.ServletTestExecutionListener - Resetting RequestContextHolder for test class com.example.trainup.controller.AuthenticationControllerTest
]]></system-out>
  </testcase>
  <testcase name="login_InvalidEmail_400" classname="com.example.trainup.controller.AuthenticationControllerTest" time="0.036">
    <system-out><![CDATA[2025-08-01 19:24:04.079 [main] DEBUG org.springframework.test.context.cache - Spring test ApplicationContext cache statistics: [DefaultContextCache@674f4f86 size = 2, maxSize = 32, parentContextCount = 0, hitCount = 273, missCount = 2, failureCount = 0]
2025-08-01 19:24:04.080 [main] DEBUG org.springframework.test.context.web.ServletTestExecutionListener - Setting up MockHttpServletRequest, MockHttpServletResponse, ServletWebRequest, and RequestContextHolder for test class com.example.trainup.controller.AuthenticationControllerTest
2025-08-01 19:24:04.081 [main] DEBUG org.springframework.test.context.cache - Spring test ApplicationContext cache statistics: [DefaultContextCache@674f4f86 size = 2, maxSize = 32, parentContextCount = 0, hitCount = 274, missCount = 2, failureCount = 0]
2025-08-01 19:24:04.081 [main] DEBUG org.springframework.test.context.support.DependencyInjectionTestExecutionListener - Performing dependency injection for test class com.example.trainup.controller.AuthenticationControllerTest
2025-08-01 19:24:04.082 [main] DEBUG org.springframework.test.context.cache - Spring test ApplicationContext cache statistics: [DefaultContextCache@674f4f86 size = 2, maxSize = 32, parentContextCount = 0, hitCount = 275, missCount = 2, failureCount = 0]
2025-08-01 19:24:04.083 [main] DEBUG org.springframework.test.context.cache - Spring test ApplicationContext cache statistics: [DefaultContextCache@674f4f86 size = 2, maxSize = 32, parentContextCount = 0, hitCount = 276, missCount = 2, failureCount = 0]
2025-08-01 19:24:04.084 [main] DEBUG org.springframework.test.context.support.DirtiesContextBeforeModesTestExecutionListener - Before test method: class [AuthenticationControllerTest], method [login_InvalidEmail_400], class annotated with @DirtiesContext [false] with mode [null], method annotated with @DirtiesContext [false] with mode [null]
2025-08-01 19:24:04.085 [main] DEBUG org.springframework.test.context.cache - Spring test ApplicationContext cache statistics: [DefaultContextCache@674f4f86 size = 2, maxSize = 32, parentContextCount = 0, hitCount = 277, missCount = 2, failureCount = 0]
2025-08-01 19:24:04.085 [main] DEBUG reactor.core.publisher.Hooks - Hooking onLastOperator: org.springframework.security.core.context.SecurityContext
2025-08-01 19:24:04.086 [main] DEBUG org.springframework.test.context.cache - Spring test ApplicationContext cache statistics: [DefaultContextCache@674f4f86 size = 2, maxSize = 32, parentContextCount = 0, hitCount = 278, missCount = 2, failureCount = 0]
2025-08-01 19:24:04.088 [main] DEBUG org.springframework.test.context.cache - Spring test ApplicationContext cache statistics: [DefaultContextCache@674f4f86 size = 2, maxSize = 32, parentContextCount = 0, hitCount = 279, missCount = 2, failureCount = 0]
2025-08-01 19:24:04.091 [main] DEBUG org.springframework.test.context.cache - Spring test ApplicationContext cache statistics: [DefaultContextCache@674f4f86 size = 2, maxSize = 32, parentContextCount = 0, hitCount = 280, missCount = 2, failureCount = 0]
2025-08-01 19:24:04.093 [main] DEBUG org.springframework.security.web.FilterChainProxy - Securing POST /auth/login
2025-08-01 19:24:04.095 [main] DEBUG org.springframework.security.web.authentication.AnonymousAuthenticationFilter - Set SecurityContextHolder to anonymous SecurityContext
2025-08-01 19:24:04.096 [main] DEBUG org.springframework.security.web.FilterChainProxy - Secured POST /auth/login
2025-08-01 19:24:04.096 [main] DEBUG org.springframework.test.web.servlet.TestDispatcherServlet - POST "/auth/login", parameters={}
2025-08-01 19:24:04.097 [main] DEBUG org.springframework.web.servlet.mvc.method.annotation.RequestMappingHandlerMapping - Mapped to com.example.trainup.controller.AuthenticationController#loginAthlete(UserLoginRequestDto)
2025-08-01 19:24:04.098 [main] DEBUG org.springframework.orm.jpa.support.OpenEntityManagerInViewInterceptor - Opening JPA EntityManager in OpenEntityManagerInViewInterceptor
2025-08-01 19:24:04.099 [main] DEBUG org.springframework.web.servlet.mvc.method.annotation.RequestResponseBodyMethodProcessor - Read "application/json;charset=UTF-8" to [UserLoginRequestDto[email=invalid-email, password=Password#1]]
2025-08-01 19:24:04.101 [main] DEBUG org.springframework.web.servlet.mvc.method.annotation.ExceptionHandlerExceptionResolver - Using @ExceptionHandler com.example.trainup.exception.CustomGlobalExceptionHandler#handleException(Exception, WebRequest)
2025-08-01 19:24:04.102 [main] DEBUG com.example.trainup.exception.CustomGlobalExceptionHandler - Handling MethodArgumentNotValidException: Validation failed for argument [0] in public com.example.trainup.dto.users.UserLoginResponseDto com.example.trainup.controller.AuthenticationController.loginAthlete(com.example.trainup.dto.users.UserLoginRequestDto): [Field error in object 'userLoginRequestDto' on field 'email': rejected value [invalid-email]; codes [Email.userLoginRequestDto.email,Email.email,Email.java.lang.String,Email]; arguments [org.springframework.context.support.DefaultMessageSourceResolvable: codes [userLoginRequestDto.email,email]; arguments []; default message [email],[Ljakarta.validation.constraints.Pattern$Flag;@7173fc92,(?:[a-z0-9!#$%&'*+/=?^_`{|}~-]+(?:\.[a-z0-9!#$%&'*+/=?^_`{|}~-]+)*|"(?:[\x01-\x08\x0b\x0c\x0e-\x1f\x21\x23-\x5b\x5d-\x7f]|\\[\x01-\x09\x0b\x0c\x0e-\x7f])*")@(?:(?:[a-z0-9](?:[a-z0-9-]*[a-z0-9])?\.)+[a-z0-9](?:[a-z0-9-]*[a-z0-9])?|\[(?:(?:(2(5[0-5]|[0-4][0-9])|1[0-9][0-9]|[1-9]?[0-9]))\.){3}(?:(2(5[0-5]|[0-4][0-9])|1[0-9][0-9]|[1-9]?[0-9])|[a-z0-9-]*[a-z0-9]:(?:[\x01-\x08\x0b\x0c\x0e-\x1f\x21-\x5a\x53-\x7f]|\\[\x01-\x09\x0b\x0c\x0e-\x7f])+)\])]; default message [Email is not valid]] 
2025-08-01 19:24:04.103 [main] DEBUG com.example.trainup.exception.CustomGlobalExceptionHandler - Building response: status=400 BAD_REQUEST, error=Validation error, errors=[email: Email is not valid]
2025-08-01 19:24:04.103 [main] DEBUG org.springframework.web.servlet.mvc.method.annotation.HttpEntityMethodProcessor - Found 'Content-Type:application/json' in response
2025-08-01 19:24:04.104 [main] DEBUG org.springframework.web.servlet.mvc.method.annotation.HttpEntityMethodProcessor - Writing [{timestamp=2025-08-01T19:24:04.103031682, error=Validation error, errors=[email: Email is not valid] (truncated)...]
2025-08-01 19:24:04.105 [main] DEBUG org.springframework.web.servlet.mvc.method.annotation.ExceptionHandlerExceptionResolver - Resolved [org.springframework.web.bind.MethodArgumentNotValidException: Validation failed for argument [0] in public com.example.trainup.dto.users.UserLoginResponseDto com.example.trainup.controller.AuthenticationController.loginAthlete(com.example.trainup.dto.users.UserLoginRequestDto): [Field error in object 'userLoginRequestDto' on field 'email': rejected value [invalid-email]; codes [Email.userLoginRequestDto.email,Email.email,Email.java.lang.String,Email]; arguments [org.springframework.context.support.DefaultMessageSourceResolvable: codes [userLoginRequestDto.email,email]; arguments []; default message [email],[Ljakarta.validation.constraints.Pattern$Flag;@7173fc92,(?:[a-z0-9!#$%&'*+/=?^_`{|}~-]+(?:\.[a-z0-9!#$%&'*+/=?^_`{|}~-]+)*|"(?:[\x01-\x08\x0b\x0c\x0e-\x1f\x21\x23-\x5b\x5d-\x7f]|\\[\x01-\x09\x0b\x0c\x0e-\x7f])*")@(?:(?:[a-z0-9](?:[a-z0-9-]*[a-z0-9])?\.)+[a-z0-9](?:[a-z0-9-]*[a-z0-9])?|\[(?:(?:(2(5[0-5]|[0-4][0-9])|1[0-9][0-9]|[1-9]?[0-9]))\.){3}(?:(2(5[0-5]|[0-4][0-9])|1[0-9][0-9]|[1-9]?[0-9])|[a-z0-9-]*[a-z0-9]:(?:[\x01-\x08\x0b\x0c\x0e-\x1f\x21-\x5a\x53-\x7f]|\\[\x01-\x09\x0b\x0c\x0e-\x7f])+)\])]; default message [Email is not valid]] ]
2025-08-01 19:24:04.105 [main] DEBUG org.springframework.orm.jpa.support.OpenEntityManagerInViewInterceptor - Closing JPA EntityManager in OpenEntityManagerInViewInterceptor
2025-08-01 19:24:04.106 [main] DEBUG org.springframework.test.web.servlet.TestDispatcherServlet - Completed 400 BAD_REQUEST
2025-08-01 19:24:04.108 [main] DEBUG com.jayway.jsonpath.internal.path.CompiledPath - Evaluating path: $['errors'][0]
2025-08-01 19:24:04.109 [main] DEBUG org.springframework.test.context.cache - Spring test ApplicationContext cache statistics: [DefaultContextCache@674f4f86 size = 2, maxSize = 32, parentContextCount = 0, hitCount = 281, missCount = 2, failureCount = 0]
2025-08-01 19:24:04.110 [main] DEBUG org.springframework.test.context.cache - Spring test ApplicationContext cache statistics: [DefaultContextCache@674f4f86 size = 2, maxSize = 32, parentContextCount = 0, hitCount = 282, missCount = 2, failureCount = 0]
2025-08-01 19:24:04.112 [main] DEBUG org.springframework.test.context.cache - Spring test ApplicationContext cache statistics: [DefaultContextCache@674f4f86 size = 2, maxSize = 32, parentContextCount = 0, hitCount = 283, missCount = 2, failureCount = 0]
2025-08-01 19:24:04.112 [main] DEBUG org.springframework.test.context.cache - Spring test ApplicationContext cache statistics: [DefaultContextCache@674f4f86 size = 2, maxSize = 32, parentContextCount = 0, hitCount = 284, missCount = 2, failureCount = 0]
2025-08-01 19:24:04.112 [main] DEBUG org.springframework.test.context.cache - Spring test ApplicationContext cache statistics: [DefaultContextCache@674f4f86 size = 2, maxSize = 32, parentContextCount = 0, hitCount = 285, missCount = 2, failureCount = 0]
2025-08-01 19:24:04.114 [main] DEBUG org.springframework.test.context.cache - Spring test ApplicationContext cache statistics: [DefaultContextCache@674f4f86 size = 2, maxSize = 32, parentContextCount = 0, hitCount = 286, missCount = 2, failureCount = 0]
2025-08-01 19:24:04.116 [main] DEBUG reactor.core.publisher.Hooks - Reset onLastOperator: org.springframework.security.core.context.SecurityContext
2025-08-01 19:24:04.116 [main] DEBUG org.springframework.test.context.cache - Spring test ApplicationContext cache statistics: [DefaultContextCache@674f4f86 size = 2, maxSize = 32, parentContextCount = 0, hitCount = 287, missCount = 2, failureCount = 0]
2025-08-01 19:24:04.117 [main] DEBUG org.springframework.test.context.cache - Spring test ApplicationContext cache statistics: [DefaultContextCache@674f4f86 size = 2, maxSize = 32, parentContextCount = 0, hitCount = 288, missCount = 2, failureCount = 0]
2025-08-01 19:24:04.117 [main] DEBUG org.springframework.test.context.support.DirtiesContextTestExecutionListener - After test method: class [AuthenticationControllerTest], method [login_InvalidEmail_400], class annotated with @DirtiesContext [false] with mode [null], method annotated with @DirtiesContext [false] with mode [null]
2025-08-01 19:24:04.118 [main] DEBUG org.springframework.test.context.web.ServletTestExecutionListener - Resetting RequestContextHolder for test class com.example.trainup.controller.AuthenticationControllerTest
]]></system-out>
  </testcase>
  <testcase name="registerGymOwner_PasswordMismatch_400" classname="com.example.trainup.controller.AuthenticationControllerTest" time="0.04">
    <system-out><![CDATA[2025-08-01 19:24:04.120 [main] DEBUG org.springframework.test.context.cache - Spring test ApplicationContext cache statistics: [DefaultContextCache@674f4f86 size = 2, maxSize = 32, parentContextCount = 0, hitCount = 289, missCount = 2, failureCount = 0]
2025-08-01 19:24:04.120 [main] DEBUG org.springframework.test.context.web.ServletTestExecutionListener - Setting up MockHttpServletRequest, MockHttpServletResponse, ServletWebRequest, and RequestContextHolder for test class com.example.trainup.controller.AuthenticationControllerTest
2025-08-01 19:24:04.121 [main] DEBUG org.springframework.test.context.cache - Spring test ApplicationContext cache statistics: [DefaultContextCache@674f4f86 size = 2, maxSize = 32, parentContextCount = 0, hitCount = 290, missCount = 2, failureCount = 0]
2025-08-01 19:24:04.122 [main] DEBUG org.springframework.test.context.support.DependencyInjectionTestExecutionListener - Performing dependency injection for test class com.example.trainup.controller.AuthenticationControllerTest
2025-08-01 19:24:04.122 [main] DEBUG org.springframework.test.context.cache - Spring test ApplicationContext cache statistics: [DefaultContextCache@674f4f86 size = 2, maxSize = 32, parentContextCount = 0, hitCount = 291, missCount = 2, failureCount = 0]
2025-08-01 19:24:04.124 [main] DEBUG org.springframework.test.context.cache - Spring test ApplicationContext cache statistics: [DefaultContextCache@674f4f86 size = 2, maxSize = 32, parentContextCount = 0, hitCount = 292, missCount = 2, failureCount = 0]
2025-08-01 19:24:04.125 [main] DEBUG org.springframework.test.context.support.DirtiesContextBeforeModesTestExecutionListener - Before test method: class [AuthenticationControllerTest], method [registerGymOwner_PasswordMismatch_400], class annotated with @DirtiesContext [false] with mode [null], method annotated with @DirtiesContext [false] with mode [null]
2025-08-01 19:24:04.125 [main] DEBUG org.springframework.test.context.cache - Spring test ApplicationContext cache statistics: [DefaultContextCache@674f4f86 size = 2, maxSize = 32, parentContextCount = 0, hitCount = 293, missCount = 2, failureCount = 0]
2025-08-01 19:24:04.126 [main] DEBUG reactor.core.publisher.Hooks - Hooking onLastOperator: org.springframework.security.core.context.SecurityContext
2025-08-01 19:24:04.127 [main] DEBUG org.springframework.test.context.cache - Spring test ApplicationContext cache statistics: [DefaultContextCache@674f4f86 size = 2, maxSize = 32, parentContextCount = 0, hitCount = 294, missCount = 2, failureCount = 0]
2025-08-01 19:24:04.129 [main] DEBUG org.springframework.test.context.cache - Spring test ApplicationContext cache statistics: [DefaultContextCache@674f4f86 size = 2, maxSize = 32, parentContextCount = 0, hitCount = 295, missCount = 2, failureCount = 0]
2025-08-01 19:24:04.132 [main] DEBUG org.springframework.test.context.cache - Spring test ApplicationContext cache statistics: [DefaultContextCache@674f4f86 size = 2, maxSize = 32, parentContextCount = 0, hitCount = 296, missCount = 2, failureCount = 0]
2025-08-01 19:24:04.134 [main] DEBUG org.springframework.security.web.FilterChainProxy - Securing POST /auth/register/gym_owner
2025-08-01 19:24:04.136 [main] DEBUG org.springframework.security.web.authentication.AnonymousAuthenticationFilter - Set SecurityContextHolder to anonymous SecurityContext
2025-08-01 19:24:04.137 [main] DEBUG org.springframework.security.web.FilterChainProxy - Secured POST /auth/register/gym_owner
2025-08-01 19:24:04.138 [main] DEBUG org.springframework.test.web.servlet.TestDispatcherServlet - POST "/auth/register/gym_owner", parameters={}
2025-08-01 19:24:04.139 [main] DEBUG org.springframework.web.servlet.mvc.method.annotation.RequestMappingHandlerMapping - Mapped to com.example.trainup.controller.AuthenticationController#registerGymOwner(GymOwnerRegistrationRequestDto)
2025-08-01 19:24:04.140 [main] DEBUG org.springframework.orm.jpa.support.OpenEntityManagerInViewInterceptor - Opening JPA EntityManager in OpenEntityManagerInViewInterceptor
2025-08-01 19:24:04.141 [main] DEBUG org.springframework.web.servlet.mvc.method.annotation.RequestResponseBodyMethodProcessor - Read "application/json;charset=UTF-8" to [GymOwnerRegistrationRequestDto[firstName=Bob, lastName=Johnson, gender=MALE, dateOfBirth=1980-10-10, (truncated)...]
2025-08-01 19:24:04.144 [main] DEBUG org.hibernate.orm.sql.ast.create - Created new SQL alias : uc1_0
2025-08-01 19:24:04.144 [main] DEBUG org.hibernate.orm.sql.ast.create - Registration of TableGroup [StandardTableGroup(com.example.trainup.model.user.UserCredentials(28))] with identifierForTableGroup [com.example.trainup.model.user.UserCredentials] for NavigablePath [com.example.trainup.model.user.UserCredentials] 
2025-08-01 19:24:04.145 [main] DEBUG org.hibernate.query.sqm.sql.BaseSqmToSqlAstConverter - Determining mapping-model type for SqmParameter : org.hibernate.query.sqm.tree.expression.SqmJpaCriteriaParameterWrapper@171c1f7b
2025-08-01 19:24:04.145 [main] DEBUG org.hibernate.query.sqm.sql.BaseSqmToSqlAstConverter - Determining mapping-model type for SqmPath : SqmBasicValuedSimplePath(com.example.trainup.model.user.UserCredentials(28).email) 
2025-08-01 19:24:04.146 [main] DEBUG org.hibernate.orm.results.graph.AST - DomainResult Graph:
 \-BasicResult [com.example.trainup.model.user.UserCredentials(28).id]

2025-08-01 19:24:04.146 [main] DEBUG org.hibernate.orm.sql.ast.tree - SQL AST Tree:
    SelectStatement {
      FromClause {
        StandardTableGroup (uc1 : com.example.trainup.model.user.UserCredentials(28)) {
          primaryTableReference : user_credentials as uc1_0
        }
      }
    }

2025-08-01 19:24:04.147 [main] DEBUG org.hibernate.orm.sql.exec - Skipping reading Query result cache data: cache-enabled = false, cache-mode = NORMAL
2025-08-01 19:24:04.147 [main] DEBUG org.hibernate.SQL - 
    select
        uc1_0.id 
    from
        user_credentials uc1_0 
    where
        (
            uc1_0.is_deleted = false
        ) 
        and uc1_0.email=? 
    fetch
        first ? rows only
Hibernate: 
    select
        uc1_0.id 
    from
        user_credentials uc1_0 
    where
        (
            uc1_0.is_deleted = false
        ) 
        and uc1_0.email=? 
    fetch
        first ? rows only
2025-08-01 19:24:04.148 [main] DEBUG org.hibernate.orm.results - Initializer list is empty
2025-08-01 19:24:04.149 [main] DEBUG org.springframework.web.servlet.mvc.method.annotation.ExceptionHandlerExceptionResolver - Using @ExceptionHandler com.example.trainup.exception.CustomGlobalExceptionHandler#handleException(Exception, WebRequest)
2025-08-01 19:24:04.150 [main] DEBUG com.example.trainup.exception.CustomGlobalExceptionHandler - Handling MethodArgumentNotValidException: Validation failed for argument [0] in public com.example.trainup.dto.users.gymowner.GymOwnerResponseDto com.example.trainup.controller.AuthenticationController.registerGymOwner(com.example.trainup.dto.users.gymowner.GymOwnerRegistrationRequestDto): [Error in object 'gymOwnerRegistrationRequestDto': codes [FieldMatch.gymOwnerRegistrationRequestDto,FieldMatch]; arguments [org.springframework.context.support.DefaultMessageSourceResolvable: codes [gymOwnerRegistrationRequestDto]; arguments []; default message [],password,repeatPassword]; default message [The password fields must match]] 
2025-08-01 19:24:04.150 [main] DEBUG com.example.trainup.exception.CustomGlobalExceptionHandler - Building response: status=400 BAD_REQUEST, error=Validation error, errors=[The password fields must match]
2025-08-01 19:24:04.151 [main] DEBUG org.springframework.web.servlet.mvc.method.annotation.HttpEntityMethodProcessor - Found 'Content-Type:application/json' in response
2025-08-01 19:24:04.151 [main] DEBUG org.springframework.web.servlet.mvc.method.annotation.HttpEntityMethodProcessor - Writing [{timestamp=2025-08-01T19:24:04.150632232, error=Validation error, errors=[The password fields must m (truncated)...]
2025-08-01 19:24:04.152 [main] DEBUG org.springframework.web.servlet.mvc.method.annotation.ExceptionHandlerExceptionResolver - Resolved [org.springframework.web.bind.MethodArgumentNotValidException: Validation failed for argument [0] in public com.example.trainup.dto.users.gymowner.GymOwnerResponseDto com.example.trainup.controller.AuthenticationController.registerGymOwner(com.example.trainup.dto.users.gymowner.GymOwnerRegistrationRequestDto): [Error in object 'gymOwnerRegistrationRequestDto': codes [FieldMatch.gymOwnerRegistrationRequestDto,FieldMatch]; arguments [org.springframework.context.support.DefaultMessageSourceResolvable: codes [gymOwnerRegistrationRequestDto]; arguments []; default message [],password,repeatPassword]; default message [The password fields must match]] ]
2025-08-01 19:24:04.153 [main] DEBUG org.springframework.orm.jpa.support.OpenEntityManagerInViewInterceptor - Closing JPA EntityManager in OpenEntityManagerInViewInterceptor
2025-08-01 19:24:04.153 [main] DEBUG org.springframework.test.web.servlet.TestDispatcherServlet - Completed 400 BAD_REQUEST
2025-08-01 19:24:04.155 [main] DEBUG com.jayway.jsonpath.internal.path.CompiledPath - Evaluating path: $['errors'][0]
2025-08-01 19:24:04.155 [main] DEBUG org.springframework.test.context.cache - Spring test ApplicationContext cache statistics: [DefaultContextCache@674f4f86 size = 2, maxSize = 32, parentContextCount = 0, hitCount = 297, missCount = 2, failureCount = 0]
2025-08-01 19:24:04.156 [main] DEBUG org.springframework.test.context.cache - Spring test ApplicationContext cache statistics: [DefaultContextCache@674f4f86 size = 2, maxSize = 32, parentContextCount = 0, hitCount = 298, missCount = 2, failureCount = 0]
2025-08-01 19:24:04.158 [main] DEBUG org.springframework.test.context.cache - Spring test ApplicationContext cache statistics: [DefaultContextCache@674f4f86 size = 2, maxSize = 32, parentContextCount = 0, hitCount = 299, missCount = 2, failureCount = 0]
2025-08-01 19:24:04.158 [main] DEBUG org.springframework.test.context.cache - Spring test ApplicationContext cache statistics: [DefaultContextCache@674f4f86 size = 2, maxSize = 32, parentContextCount = 0, hitCount = 300, missCount = 2, failureCount = 0]
2025-08-01 19:24:04.159 [main] DEBUG org.springframework.test.context.cache - Spring test ApplicationContext cache statistics: [DefaultContextCache@674f4f86 size = 2, maxSize = 32, parentContextCount = 0, hitCount = 301, missCount = 2, failureCount = 0]
2025-08-01 19:24:04.160 [main] DEBUG org.springframework.test.context.cache - Spring test ApplicationContext cache statistics: [DefaultContextCache@674f4f86 size = 2, maxSize = 32, parentContextCount = 0, hitCount = 302, missCount = 2, failureCount = 0]
2025-08-01 19:24:04.161 [main] DEBUG reactor.core.publisher.Hooks - Reset onLastOperator: org.springframework.security.core.context.SecurityContext
2025-08-01 19:24:04.162 [main] DEBUG org.springframework.test.context.cache - Spring test ApplicationContext cache statistics: [DefaultContextCache@674f4f86 size = 2, maxSize = 32, parentContextCount = 0, hitCount = 303, missCount = 2, failureCount = 0]
2025-08-01 19:24:04.162 [main] DEBUG org.springframework.test.context.cache - Spring test ApplicationContext cache statistics: [DefaultContextCache@674f4f86 size = 2, maxSize = 32, parentContextCount = 0, hitCount = 304, missCount = 2, failureCount = 0]
2025-08-01 19:24:04.163 [main] DEBUG org.springframework.test.context.support.DirtiesContextTestExecutionListener - After test method: class [AuthenticationControllerTest], method [registerGymOwner_PasswordMismatch_400], class annotated with @DirtiesContext [false] with mode [null], method annotated with @DirtiesContext [false] with mode [null]
2025-08-01 19:24:04.163 [main] DEBUG org.springframework.test.context.web.ServletTestExecutionListener - Resetting RequestContextHolder for test class com.example.trainup.controller.AuthenticationControllerTest
]]></system-out>
  </testcase>
  <testcase name="registerTrainer_EmptySportIds_400" classname="com.example.trainup.controller.AuthenticationControllerTest" time="0.048">
    <system-out><![CDATA[2025-08-01 19:24:04.165 [main] DEBUG org.springframework.test.context.cache - Spring test ApplicationContext cache statistics: [DefaultContextCache@674f4f86 size = 2, maxSize = 32, parentContextCount = 0, hitCount = 305, missCount = 2, failureCount = 0]
2025-08-01 19:24:04.165 [main] DEBUG org.springframework.test.context.web.ServletTestExecutionListener - Setting up MockHttpServletRequest, MockHttpServletResponse, ServletWebRequest, and RequestContextHolder for test class com.example.trainup.controller.AuthenticationControllerTest
2025-08-01 19:24:04.166 [main] DEBUG org.springframework.test.context.cache - Spring test ApplicationContext cache statistics: [DefaultContextCache@674f4f86 size = 2, maxSize = 32, parentContextCount = 0, hitCount = 306, missCount = 2, failureCount = 0]
2025-08-01 19:24:04.166 [main] DEBUG org.springframework.test.context.support.DependencyInjectionTestExecutionListener - Performing dependency injection for test class com.example.trainup.controller.AuthenticationControllerTest
2025-08-01 19:24:04.167 [main] DEBUG org.springframework.test.context.cache - Spring test ApplicationContext cache statistics: [DefaultContextCache@674f4f86 size = 2, maxSize = 32, parentContextCount = 0, hitCount = 307, missCount = 2, failureCount = 0]
2025-08-01 19:24:04.167 [main] DEBUG org.springframework.test.context.cache - Spring test ApplicationContext cache statistics: [DefaultContextCache@674f4f86 size = 2, maxSize = 32, parentContextCount = 0, hitCount = 308, missCount = 2, failureCount = 0]
2025-08-01 19:24:04.169 [main] DEBUG org.springframework.test.context.support.DirtiesContextBeforeModesTestExecutionListener - Before test method: class [AuthenticationControllerTest], method [registerTrainer_EmptySportIds_400], class annotated with @DirtiesContext [false] with mode [null], method annotated with @DirtiesContext [false] with mode [null]
2025-08-01 19:24:04.170 [main] DEBUG org.springframework.test.context.cache - Spring test ApplicationContext cache statistics: [DefaultContextCache@674f4f86 size = 2, maxSize = 32, parentContextCount = 0, hitCount = 309, missCount = 2, failureCount = 0]
2025-08-01 19:24:04.170 [main] DEBUG reactor.core.publisher.Hooks - Hooking onLastOperator: org.springframework.security.core.context.SecurityContext
2025-08-01 19:24:04.171 [main] DEBUG org.springframework.test.context.cache - Spring test ApplicationContext cache statistics: [DefaultContextCache@674f4f86 size = 2, maxSize = 32, parentContextCount = 0, hitCount = 310, missCount = 2, failureCount = 0]
2025-08-01 19:24:04.173 [main] DEBUG org.springframework.test.context.cache - Spring test ApplicationContext cache statistics: [DefaultContextCache@674f4f86 size = 2, maxSize = 32, parentContextCount = 0, hitCount = 311, missCount = 2, failureCount = 0]
2025-08-01 19:24:04.176 [main] DEBUG org.springframework.test.context.cache - Spring test ApplicationContext cache statistics: [DefaultContextCache@674f4f86 size = 2, maxSize = 32, parentContextCount = 0, hitCount = 312, missCount = 2, failureCount = 0]
2025-08-01 19:24:04.180 [main] DEBUG org.springframework.security.web.FilterChainProxy - Securing POST /auth/register/trainer
2025-08-01 19:24:04.181 [main] DEBUG org.springframework.security.web.authentication.AnonymousAuthenticationFilter - Set SecurityContextHolder to anonymous SecurityContext
2025-08-01 19:24:04.183 [main] DEBUG org.springframework.security.web.FilterChainProxy - Secured POST /auth/register/trainer
2025-08-01 19:24:04.183 [main] DEBUG org.springframework.test.web.servlet.TestDispatcherServlet - POST "/auth/register/trainer", parameters={}
2025-08-01 19:24:04.184 [main] DEBUG org.springframework.web.servlet.mvc.method.annotation.RequestMappingHandlerMapping - Mapped to com.example.trainup.controller.AuthenticationController#registerTrainer(TrainerRegistrationRequestDto)
2025-08-01 19:24:04.185 [main] DEBUG org.springframework.orm.jpa.support.OpenEntityManagerInViewInterceptor - Opening JPA EntityManager in OpenEntityManagerInViewInterceptor
2025-08-01 19:24:04.188 [main] DEBUG org.springframework.web.servlet.mvc.method.annotation.RequestResponseBodyMethodProcessor - Read "application/json;charset=UTF-8" to [TrainerRegistrationRequestDto[firstName=Jane, lastName=Smith, gender=FEMALE, dateOfBirth=1985-05-05, (truncated)...]
2025-08-01 19:24:04.193 [main] DEBUG org.hibernate.orm.sql.ast.create - Created new SQL alias : uc1_0
2025-08-01 19:24:04.194 [main] DEBUG org.hibernate.orm.sql.ast.create - Registration of TableGroup [StandardTableGroup(com.example.trainup.model.user.UserCredentials(28))] with identifierForTableGroup [com.example.trainup.model.user.UserCredentials] for NavigablePath [com.example.trainup.model.user.UserCredentials] 
2025-08-01 19:24:04.195 [main] DEBUG org.hibernate.query.sqm.sql.BaseSqmToSqlAstConverter - Determining mapping-model type for SqmParameter : org.hibernate.query.sqm.tree.expression.SqmJpaCriteriaParameterWrapper@65656d90
2025-08-01 19:24:04.195 [main] DEBUG org.hibernate.query.sqm.sql.BaseSqmToSqlAstConverter - Determining mapping-model type for SqmPath : SqmBasicValuedSimplePath(com.example.trainup.model.user.UserCredentials(28).email) 
2025-08-01 19:24:04.196 [main] DEBUG org.hibernate.orm.results.graph.AST - DomainResult Graph:
 \-BasicResult [com.example.trainup.model.user.UserCredentials(28).id]

2025-08-01 19:24:04.196 [main] DEBUG org.hibernate.orm.sql.ast.tree - SQL AST Tree:
    SelectStatement {
      FromClause {
        StandardTableGroup (uc1 : com.example.trainup.model.user.UserCredentials(28)) {
          primaryTableReference : user_credentials as uc1_0
        }
      }
    }

2025-08-01 19:24:04.197 [main] DEBUG org.hibernate.orm.sql.exec - Skipping reading Query result cache data: cache-enabled = false, cache-mode = NORMAL
2025-08-01 19:24:04.197 [main] DEBUG org.hibernate.SQL - 
    select
        uc1_0.id 
    from
        user_credentials uc1_0 
    where
        (
            uc1_0.is_deleted = false
        ) 
        and uc1_0.email=? 
    fetch
        first ? rows only
Hibernate: 
    select
        uc1_0.id 
    from
        user_credentials uc1_0 
    where
        (
            uc1_0.is_deleted = false
        ) 
        and uc1_0.email=? 
    fetch
        first ? rows only
2025-08-01 19:24:04.198 [main] DEBUG org.hibernate.orm.results - Initializer list is empty
2025-08-01 19:24:04.199 [main] DEBUG org.springframework.web.servlet.mvc.method.annotation.ExceptionHandlerExceptionResolver - Using @ExceptionHandler com.example.trainup.exception.CustomGlobalExceptionHandler#handleException(Exception, WebRequest)
2025-08-01 19:24:04.200 [main] DEBUG com.example.trainup.exception.CustomGlobalExceptionHandler - Handling MethodArgumentNotValidException: Validation failed for argument [0] in public com.example.trainup.dto.users.trainer.TrainerResponseDto com.example.trainup.controller.AuthenticationController.registerTrainer(com.example.trainup.dto.users.trainer.TrainerRegistrationRequestDto): [Field error in object 'trainerRegistrationRequestDto' on field 'sportIds': rejected value [[]]; codes [NotEmpty.trainerRegistrationRequestDto.sportIds,NotEmpty.sportIds,NotEmpty.java.util.Set,NotEmpty]; arguments [org.springframework.context.support.DefaultMessageSourceResolvable: codes [trainerRegistrationRequestDto.sportIds,sportIds]; arguments []; default message [sportIds]]; default message [Sport Ids cannot be empty]] 
2025-08-01 19:24:04.200 [main] DEBUG com.example.trainup.exception.CustomGlobalExceptionHandler - Building response: status=400 BAD_REQUEST, error=Validation error, errors=[sportIds: Sport Ids cannot be empty]
2025-08-01 19:24:04.201 [main] DEBUG org.springframework.web.servlet.mvc.method.annotation.HttpEntityMethodProcessor - Found 'Content-Type:application/json' in response
2025-08-01 19:24:04.202 [main] DEBUG org.springframework.web.servlet.mvc.method.annotation.HttpEntityMethodProcessor - Writing [{timestamp=2025-08-01T19:24:04.200790678, error=Validation error, errors=[sportIds: Sport Ids cannot (truncated)...]
2025-08-01 19:24:04.203 [main] DEBUG org.springframework.web.servlet.mvc.method.annotation.ExceptionHandlerExceptionResolver - Resolved [org.springframework.web.bind.MethodArgumentNotValidException: Validation failed for argument [0] in public com.example.trainup.dto.users.trainer.TrainerResponseDto com.example.trainup.controller.AuthenticationController.registerTrainer(com.example.trainup.dto.users.trainer.TrainerRegistrationRequestDto): [Field error in object 'trainerRegistrationRequestDto' on field 'sportIds': rejected value [[]]; codes [NotEmpty.trainerRegistrationRequestDto.sportIds,NotEmpty.sportIds,NotEmpty.java.util.Set,NotEmpty]; arguments [org.springframework.context.support.DefaultMessageSourceResolvable: codes [trainerRegistrationRequestDto.sportIds,sportIds]; arguments []; default message [sportIds]]; default message [Sport Ids cannot be empty]] ]
2025-08-01 19:24:04.203 [main] DEBUG org.springframework.orm.jpa.support.OpenEntityManagerInViewInterceptor - Closing JPA EntityManager in OpenEntityManagerInViewInterceptor
2025-08-01 19:24:04.204 [main] DEBUG org.springframework.test.web.servlet.TestDispatcherServlet - Completed 400 BAD_REQUEST
2025-08-01 19:24:04.206 [main] DEBUG com.jayway.jsonpath.internal.path.CompiledPath - Evaluating path: $['errors'][0]
2025-08-01 19:24:04.207 [main] DEBUG org.springframework.test.context.cache - Spring test ApplicationContext cache statistics: [DefaultContextCache@674f4f86 size = 2, maxSize = 32, parentContextCount = 0, hitCount = 313, missCount = 2, failureCount = 0]
2025-08-01 19:24:04.207 [main] DEBUG org.springframework.test.context.cache - Spring test ApplicationContext cache statistics: [DefaultContextCache@674f4f86 size = 2, maxSize = 32, parentContextCount = 0, hitCount = 314, missCount = 2, failureCount = 0]
2025-08-01 19:24:04.209 [main] DEBUG org.springframework.test.context.cache - Spring test ApplicationContext cache statistics: [DefaultContextCache@674f4f86 size = 2, maxSize = 32, parentContextCount = 0, hitCount = 315, missCount = 2, failureCount = 0]
2025-08-01 19:24:04.210 [main] DEBUG org.springframework.test.context.cache - Spring test ApplicationContext cache statistics: [DefaultContextCache@674f4f86 size = 2, maxSize = 32, parentContextCount = 0, hitCount = 316, missCount = 2, failureCount = 0]
2025-08-01 19:24:04.210 [main] DEBUG org.springframework.test.context.cache - Spring test ApplicationContext cache statistics: [DefaultContextCache@674f4f86 size = 2, maxSize = 32, parentContextCount = 0, hitCount = 317, missCount = 2, failureCount = 0]
2025-08-01 19:24:04.212 [main] DEBUG org.springframework.test.context.cache - Spring test ApplicationContext cache statistics: [DefaultContextCache@674f4f86 size = 2, maxSize = 32, parentContextCount = 0, hitCount = 318, missCount = 2, failureCount = 0]
2025-08-01 19:24:04.213 [main] DEBUG reactor.core.publisher.Hooks - Reset onLastOperator: org.springframework.security.core.context.SecurityContext
2025-08-01 19:24:04.214 [main] DEBUG org.springframework.test.context.cache - Spring test ApplicationContext cache statistics: [DefaultContextCache@674f4f86 size = 2, maxSize = 32, parentContextCount = 0, hitCount = 319, missCount = 2, failureCount = 0]
2025-08-01 19:24:04.214 [main] DEBUG org.springframework.test.context.cache - Spring test ApplicationContext cache statistics: [DefaultContextCache@674f4f86 size = 2, maxSize = 32, parentContextCount = 0, hitCount = 320, missCount = 2, failureCount = 0]
2025-08-01 19:24:04.215 [main] DEBUG org.springframework.test.context.support.DirtiesContextTestExecutionListener - After test method: class [AuthenticationControllerTest], method [registerTrainer_EmptySportIds_400], class annotated with @DirtiesContext [false] with mode [null], method annotated with @DirtiesContext [false] with mode [null]
2025-08-01 19:24:04.215 [main] DEBUG org.springframework.test.context.web.ServletTestExecutionListener - Resetting RequestContextHolder for test class com.example.trainup.controller.AuthenticationControllerTest
]]></system-out>
  </testcase>
  <testcase name="registerTrainer_Success" classname="com.example.trainup.controller.AuthenticationControllerTest" time="0.072">
    <system-out><![CDATA[2025-08-01 19:24:04.217 [main] DEBUG org.springframework.test.context.cache - Spring test ApplicationContext cache statistics: [DefaultContextCache@674f4f86 size = 2, maxSize = 32, parentContextCount = 0, hitCount = 321, missCount = 2, failureCount = 0]
2025-08-01 19:24:04.217 [main] DEBUG org.springframework.test.context.web.ServletTestExecutionListener - Setting up MockHttpServletRequest, MockHttpServletResponse, ServletWebRequest, and RequestContextHolder for test class com.example.trainup.controller.AuthenticationControllerTest
2025-08-01 19:24:04.219 [main] DEBUG org.springframework.test.context.cache - Spring test ApplicationContext cache statistics: [DefaultContextCache@674f4f86 size = 2, maxSize = 32, parentContextCount = 0, hitCount = 322, missCount = 2, failureCount = 0]
2025-08-01 19:24:04.219 [main] DEBUG org.springframework.test.context.support.DependencyInjectionTestExecutionListener - Performing dependency injection for test class com.example.trainup.controller.AuthenticationControllerTest
2025-08-01 19:24:04.220 [main] DEBUG org.springframework.test.context.cache - Spring test ApplicationContext cache statistics: [DefaultContextCache@674f4f86 size = 2, maxSize = 32, parentContextCount = 0, hitCount = 323, missCount = 2, failureCount = 0]
2025-08-01 19:24:04.221 [main] DEBUG org.springframework.test.context.cache - Spring test ApplicationContext cache statistics: [DefaultContextCache@674f4f86 size = 2, maxSize = 32, parentContextCount = 0, hitCount = 324, missCount = 2, failureCount = 0]
2025-08-01 19:24:04.222 [main] DEBUG org.springframework.test.context.support.DirtiesContextBeforeModesTestExecutionListener - Before test method: class [AuthenticationControllerTest], method [registerTrainer_Success], class annotated with @DirtiesContext [false] with mode [null], method annotated with @DirtiesContext [false] with mode [null]
2025-08-01 19:24:04.223 [main] DEBUG org.springframework.test.context.cache - Spring test ApplicationContext cache statistics: [DefaultContextCache@674f4f86 size = 2, maxSize = 32, parentContextCount = 0, hitCount = 325, missCount = 2, failureCount = 0]
2025-08-01 19:24:04.223 [main] DEBUG reactor.core.publisher.Hooks - Hooking onLastOperator: org.springframework.security.core.context.SecurityContext
2025-08-01 19:24:04.224 [main] DEBUG org.springframework.test.context.cache - Spring test ApplicationContext cache statistics: [DefaultContextCache@674f4f86 size = 2, maxSize = 32, parentContextCount = 0, hitCount = 326, missCount = 2, failureCount = 0]
2025-08-01 19:24:04.226 [main] DEBUG org.springframework.test.context.cache - Spring test ApplicationContext cache statistics: [DefaultContextCache@674f4f86 size = 2, maxSize = 32, parentContextCount = 0, hitCount = 327, missCount = 2, failureCount = 0]
2025-08-01 19:24:04.229 [main] DEBUG org.springframework.test.context.cache - Spring test ApplicationContext cache statistics: [DefaultContextCache@674f4f86 size = 2, maxSize = 32, parentContextCount = 0, hitCount = 328, missCount = 2, failureCount = 0]
2025-08-01 19:24:04.232 [main] DEBUG org.springframework.security.web.FilterChainProxy - Securing POST /auth/register/trainer
2025-08-01 19:24:04.233 [main] DEBUG org.springframework.security.web.authentication.AnonymousAuthenticationFilter - Set SecurityContextHolder to anonymous SecurityContext
2025-08-01 19:24:04.235 [main] DEBUG org.springframework.security.web.FilterChainProxy - Secured POST /auth/register/trainer
2025-08-01 19:24:04.235 [main] DEBUG org.springframework.test.web.servlet.TestDispatcherServlet - POST "/auth/register/trainer", parameters={}
2025-08-01 19:24:04.236 [main] DEBUG org.springframework.web.servlet.mvc.method.annotation.RequestMappingHandlerMapping - Mapped to com.example.trainup.controller.AuthenticationController#registerTrainer(TrainerRegistrationRequestDto)
2025-08-01 19:24:04.236 [main] DEBUG org.springframework.orm.jpa.support.OpenEntityManagerInViewInterceptor - Opening JPA EntityManager in OpenEntityManagerInViewInterceptor
2025-08-01 19:24:04.238 [main] DEBUG org.springframework.web.servlet.mvc.method.annotation.RequestResponseBodyMethodProcessor - Read "application/json;charset=UTF-8" to [TrainerRegistrationRequestDto[firstName=Jane, lastName=Smith, gender=FEMALE, dateOfBirth=1985-05-05, (truncated)...]
2025-08-01 19:24:04.241 [main] DEBUG org.hibernate.orm.sql.ast.create - Created new SQL alias : uc1_0
2025-08-01 19:24:04.241 [main] DEBUG org.hibernate.orm.sql.ast.create - Registration of TableGroup [StandardTableGroup(com.example.trainup.model.user.UserCredentials(28))] with identifierForTableGroup [com.example.trainup.model.user.UserCredentials] for NavigablePath [com.example.trainup.model.user.UserCredentials] 
2025-08-01 19:24:04.242 [main] DEBUG org.hibernate.query.sqm.sql.BaseSqmToSqlAstConverter - Determining mapping-model type for SqmParameter : org.hibernate.query.sqm.tree.expression.SqmJpaCriteriaParameterWrapper@16263c8
2025-08-01 19:24:04.243 [main] DEBUG org.hibernate.query.sqm.sql.BaseSqmToSqlAstConverter - Determining mapping-model type for SqmPath : SqmBasicValuedSimplePath(com.example.trainup.model.user.UserCredentials(28).email) 
2025-08-01 19:24:04.243 [main] DEBUG org.hibernate.orm.results.graph.AST - DomainResult Graph:
 \-BasicResult [com.example.trainup.model.user.UserCredentials(28).id]

2025-08-01 19:24:04.244 [main] DEBUG org.hibernate.orm.sql.ast.tree - SQL AST Tree:
    SelectStatement {
      FromClause {
        StandardTableGroup (uc1 : com.example.trainup.model.user.UserCredentials(28)) {
          primaryTableReference : user_credentials as uc1_0
        }
      }
    }

2025-08-01 19:24:04.244 [main] DEBUG org.hibernate.orm.sql.exec - Skipping reading Query result cache data: cache-enabled = false, cache-mode = NORMAL
2025-08-01 19:24:04.245 [main] DEBUG org.hibernate.SQL - 
    select
        uc1_0.id 
    from
        user_credentials uc1_0 
    where
        (
            uc1_0.is_deleted = false
        ) 
        and uc1_0.email=? 
    fetch
        first ? rows only
Hibernate: 
    select
        uc1_0.id 
    from
        user_credentials uc1_0 
    where
        (
            uc1_0.is_deleted = false
        ) 
        and uc1_0.email=? 
    fetch
        first ? rows only
2025-08-01 19:24:04.245 [main] DEBUG org.hibernate.orm.results - Initializer list is empty
2025-08-01 19:24:04.247 [main] INFO  com.example.trainup.controller.AuthenticationController - Attempting trainer registration with email: trainer@example.com
2025-08-01 19:24:04.248 [main] INFO  com.example.trainup.controller.AuthenticationController - Trainer with email: trainer@example.com successfully registered. ID: 1
2025-08-01 19:24:04.271 [main] DEBUG org.springframework.web.servlet.mvc.method.annotation.RequestResponseBodyMethodProcessor - Using 'application/json', given [*/*] and supported [application/json, application/*+json, application/yaml]
2025-08-01 19:24:04.273 [main] DEBUG org.springframework.web.servlet.mvc.method.annotation.RequestResponseBodyMethodProcessor - Writing [TrainerResponseDto[id=1, firstName=Jane, lastName=Smith, gender=FEMALE, dateOfBirth=1985-05-05, prof (truncated)...]
2025-08-01 19:24:04.277 [main] DEBUG org.springframework.orm.jpa.support.OpenEntityManagerInViewInterceptor - Closing JPA EntityManager in OpenEntityManagerInViewInterceptor
2025-08-01 19:24:04.278 [main] DEBUG org.springframework.test.web.servlet.TestDispatcherServlet - Completed 201 CREATED
2025-08-01 19:24:04.279 [main] DEBUG com.jayway.jsonpath.internal.path.CompiledPath - Evaluating path: $['id']
2025-08-01 19:24:04.280 [main] DEBUG com.jayway.jsonpath.internal.path.CompiledPath - Evaluating path: $['id']
2025-08-01 19:24:04.281 [main] DEBUG com.jayway.jsonpath.internal.path.CompiledPath - Evaluating path: $['firstName']
2025-08-01 19:24:04.281 [main] DEBUG com.jayway.jsonpath.internal.path.CompiledPath - Evaluating path: $['email']
2025-08-01 19:24:04.282 [main] DEBUG com.jayway.jsonpath.internal.path.CompiledPath - Evaluating path: $['phoneNumbers'][0]
2025-08-01 19:24:04.282 [main] DEBUG com.jayway.jsonpath.internal.path.CompiledPath - Evaluating path: $['sportIds'][0]
2025-08-01 19:24:04.283 [main] DEBUG com.jayway.jsonpath.internal.path.CompiledPath - Evaluating path: $['gymIds'][0]
2025-08-01 19:24:04.284 [main] DEBUG org.springframework.test.context.cache - Spring test ApplicationContext cache statistics: [DefaultContextCache@674f4f86 size = 2, maxSize = 32, parentContextCount = 0, hitCount = 329, missCount = 2, failureCount = 0]
2025-08-01 19:24:04.285 [main] DEBUG org.springframework.test.context.cache - Spring test ApplicationContext cache statistics: [DefaultContextCache@674f4f86 size = 2, maxSize = 32, parentContextCount = 0, hitCount = 330, missCount = 2, failureCount = 0]
2025-08-01 19:24:04.287 [main] DEBUG org.springframework.test.context.cache - Spring test ApplicationContext cache statistics: [DefaultContextCache@674f4f86 size = 2, maxSize = 32, parentContextCount = 0, hitCount = 331, missCount = 2, failureCount = 0]
2025-08-01 19:24:04.287 [main] DEBUG org.springframework.test.context.cache - Spring test ApplicationContext cache statistics: [DefaultContextCache@674f4f86 size = 2, maxSize = 32, parentContextCount = 0, hitCount = 332, missCount = 2, failureCount = 0]
2025-08-01 19:24:04.287 [main] DEBUG org.springframework.test.context.cache - Spring test ApplicationContext cache statistics: [DefaultContextCache@674f4f86 size = 2, maxSize = 32, parentContextCount = 0, hitCount = 333, missCount = 2, failureCount = 0]
2025-08-01 19:24:04.289 [main] DEBUG org.springframework.test.context.cache - Spring test ApplicationContext cache statistics: [DefaultContextCache@674f4f86 size = 2, maxSize = 32, parentContextCount = 0, hitCount = 334, missCount = 2, failureCount = 0]
2025-08-01 19:24:04.290 [main] DEBUG reactor.core.publisher.Hooks - Reset onLastOperator: org.springframework.security.core.context.SecurityContext
2025-08-01 19:24:04.291 [main] DEBUG org.springframework.test.context.cache - Spring test ApplicationContext cache statistics: [DefaultContextCache@674f4f86 size = 2, maxSize = 32, parentContextCount = 0, hitCount = 335, missCount = 2, failureCount = 0]
2025-08-01 19:24:04.291 [main] DEBUG org.springframework.test.context.cache - Spring test ApplicationContext cache statistics: [DefaultContextCache@674f4f86 size = 2, maxSize = 32, parentContextCount = 0, hitCount = 336, missCount = 2, failureCount = 0]
2025-08-01 19:24:04.292 [main] DEBUG org.springframework.test.context.support.DirtiesContextTestExecutionListener - After test method: class [AuthenticationControllerTest], method [registerTrainer_Success], class annotated with @DirtiesContext [false] with mode [null], method annotated with @DirtiesContext [false] with mode [null]
2025-08-01 19:24:04.292 [main] DEBUG org.springframework.test.context.web.ServletTestExecutionListener - Resetting RequestContextHolder for test class com.example.trainup.controller.AuthenticationControllerTest
]]></system-out>
  </testcase>
</testsuite>