<?xml version="1.0" encoding="UTF-8"?>
<testsuite xmlns:xsi="http://www.w3.org/2001/XMLSchema-instance" xsi:noNamespaceSchemaLocation="https://maven.apache.org/surefire/maven-surefire-plugin/xsd/surefire-test-report.xsd" version="3.0.2" name="com.example.trainup.controller.AthleteControllerTest" time="36.027" tests="9" errors="0" skipped="0" failures="0">
  <properties>
    <property name="java.specification.version" value="17"/>
    <property name="sun.jnu.encoding" value="UTF-8"/>
    <property name="java.class.path" value="/mnt/c/Users/Bohdan-Dymydiuk/projects/com-projects/train-up/backend/target/test-classes:/mnt/c/Users/Bohdan-Dymydiuk/projects/com-projects/train-up/backend/target/classes:/home/sadsadsa/.m2/repository/org/springframework/boot/spring-boot-starter-data-jdbc/3.4.3/spring-boot-starter-data-jdbc-3.4.3.jar:/home/sadsadsa/.m2/repository/org/springframework/boot/spring-boot-starter-jdbc/3.4.3/spring-boot-starter-jdbc-3.4.3.jar:/home/sadsadsa/.m2/repository/com/zaxxer/HikariCP/5.1.0/HikariCP-5.1.0.jar:/home/sadsadsa/.m2/repository/org/springframework/spring-jdbc/6.2.3/spring-jdbc-6.2.3.jar:/home/sadsadsa/.m2/repository/org/springframework/data/spring-data-jdbc/3.4.3/spring-data-jdbc-3.4.3.jar:/home/sadsadsa/.m2/repository/org/springframework/data/spring-data-relational/3.4.3/spring-data-relational-3.4.3.jar:/home/sadsadsa/.m2/repository/org/springframework/data/spring-data-commons/3.4.3/spring-data-commons-3.4.3.jar:/home/sadsadsa/.m2/repository/org/springframework/spring-tx/6.2.3/spring-tx-6.2.3.jar:/home/sadsadsa/.m2/repository/org/springframework/spring-context/6.2.3/spring-context-6.2.3.jar:/home/sadsadsa/.m2/repository/org/springframework/spring-beans/6.2.3/spring-beans-6.2.3.jar:/home/sadsadsa/.m2/repository/org/slf4j/slf4j-api/2.0.16/slf4j-api-2.0.16.jar:/home/sadsadsa/.m2/repository/org/springframework/boot/spring-boot-starter-data-jpa/3.4.3/spring-boot-starter-data-jpa-3.4.3.jar:/home/sadsadsa/.m2/repository/org/springframework/boot/spring-boot-starter/3.4.3/spring-boot-starter-3.4.3.jar:/home/sadsadsa/.m2/repository/jakarta/annotation/jakarta.annotation-api/2.1.1/jakarta.annotation-api-2.1.1.jar:/home/sadsadsa/.m2/repository/org/hibernate/orm/hibernate-core/6.6.8.Final/hibernate-core-6.6.8.Final.jar:/home/sadsadsa/.m2/repository/jakarta/persistence/jakarta.persistence-api/3.1.0/jakarta.persistence-api-3.1.0.jar:/home/sadsadsa/.m2/repository/jakarta/transaction/jakarta.transaction-api/2.0.1/jakarta.transaction-api-2.0.1.jar:/home/sadsadsa/.m2/repository/org/jboss/logging/jboss-logging/3.6.1.Final/jboss-logging-3.6.1.Final.jar:/home/sadsadsa/.m2/repository/org/hibernate/common/hibernate-commons-annotations/7.0.3.Final/hibernate-commons-annotations-7.0.3.Final.jar:/home/sadsadsa/.m2/repository/io/smallrye/jandex/3.2.0/jandex-3.2.0.jar:/home/sadsadsa/.m2/repository/com/fasterxml/classmate/1.7.0/classmate-1.7.0.jar:/home/sadsadsa/.m2/repository/org/glassfish/jaxb/jaxb-runtime/4.0.5/jaxb-runtime-4.0.5.jar:/home/sadsadsa/.m2/repository/org/glassfish/jaxb/jaxb-core/4.0.5/jaxb-core-4.0.5.jar:/home/sadsadsa/.m2/repository/org/glassfish/jaxb/txw2/4.0.5/txw2-4.0.5.jar:/home/sadsadsa/.m2/repository/com/sun/istack/istack-commons-runtime/4.1.2/istack-commons-runtime-4.1.2.jar:/home/sadsadsa/.m2/repository/jakarta/inject/jakarta.inject-api/2.0.1/jakarta.inject-api-2.0.1.jar:/home/sadsadsa/.m2/repository/org/antlr/antlr4-runtime/4.13.0/antlr4-runtime-4.13.0.jar:/home/sadsadsa/.m2/repository/org/springframework/data/spring-data-jpa/3.4.3/spring-data-jpa-3.4.3.jar:/home/sadsadsa/.m2/repository/org/springframework/spring-orm/6.2.3/spring-orm-6.2.3.jar:/home/sadsadsa/.m2/repository/org/springframework/spring-aspects/6.2.3/spring-aspects-6.2.3.jar:/home/sadsadsa/.m2/repository/org/aspectj/aspectjweaver/1.9.22.1/aspectjweaver-1.9.22.1.jar:/home/sadsadsa/.m2/repository/org/springframework/boot/spring-boot-starter-security/3.4.3/spring-boot-starter-security-3.4.3.jar:/home/sadsadsa/.m2/repository/org/springframework/spring-aop/6.2.3/spring-aop-6.2.3.jar:/home/sadsadsa/.m2/repository/org/springframework/security/spring-security-config/6.4.3/spring-security-config-6.4.3.jar:/home/sadsadsa/.m2/repository/org/springframework/security/spring-security-web/6.4.3/spring-security-web-6.4.3.jar:/home/sadsadsa/.m2/repository/org/springframework/spring-expression/6.2.3/spring-expression-6.2.3.jar:/home/sadsadsa/.m2/repository/org/springframework/boot/spring-boot-starter-web/3.4.3/spring-boot-starter-web-3.4.3.jar:/home/sadsadsa/.m2/repository/org/springframework/boot/spring-boot-starter-json/3.4.3/spring-boot-starter-json-3.4.3.jar:/home/sadsadsa/.m2/repository/org/springframework/boot/spring-boot-starter-tomcat/3.4.3/spring-boot-starter-tomcat-3.4.3.jar:/home/sadsadsa/.m2/repository/org/apache/tomcat/embed/tomcat-embed-core/10.1.36/tomcat-embed-core-10.1.36.jar:/home/sadsadsa/.m2/repository/org/apache/tomcat/embed/tomcat-embed-websocket/10.1.36/tomcat-embed-websocket-10.1.36.jar:/home/sadsadsa/.m2/repository/org/springframework/spring-web/6.2.3/spring-web-6.2.3.jar:/home/sadsadsa/.m2/repository/org/springframework/spring-webmvc/6.2.3/spring-webmvc-6.2.3.jar:/home/sadsadsa/.m2/repository/org/springframework/boot/spring-boot-starter-web-services/3.4.3/spring-boot-starter-web-services-3.4.3.jar:/home/sadsadsa/.m2/repository/com/sun/xml/messaging/saaj/saaj-impl/3.0.4/saaj-impl-3.0.4.jar:/home/sadsadsa/.m2/repository/jakarta/xml/soap/jakarta.xml.soap-api/3.0.2/jakarta.xml.soap-api-3.0.2.jar:/home/sadsadsa/.m2/repository/org/jvnet/staxex/stax-ex/2.1.0/stax-ex-2.1.0.jar:/home/sadsadsa/.m2/repository/org/eclipse/angus/angus-activation/2.0.2/angus-activation-2.0.2.jar:/home/sadsadsa/.m2/repository/jakarta/xml/ws/jakarta.xml.ws-api/4.0.2/jakarta.xml.ws-api-4.0.2.jar:/home/sadsadsa/.m2/repository/org/springframework/spring-oxm/6.2.3/spring-oxm-6.2.3.jar:/home/sadsadsa/.m2/repository/org/springframework/ws/spring-ws-core/4.0.11/spring-ws-core-4.0.11.jar:/home/sadsadsa/.m2/repository/org/springframework/ws/spring-xml/4.0.11/spring-xml-4.0.11.jar:/home/sadsadsa/.m2/repository/org/springframework/boot/spring-boot-devtools/3.4.3/spring-boot-devtools-3.4.3.jar:/home/sadsadsa/.m2/repository/org/springframework/boot/spring-boot/3.4.3/spring-boot-3.4.3.jar:/home/sadsadsa/.m2/repository/org/springframework/boot/spring-boot-autoconfigure/3.4.3/spring-boot-autoconfigure-3.4.3.jar:/home/sadsadsa/.m2/repository/org/springframework/boot/spring-boot-docker-compose/3.4.3/spring-boot-docker-compose-3.4.3.jar:/home/sadsadsa/.m2/repository/com/fasterxml/jackson/module/jackson-module-parameter-names/2.18.2/jackson-module-parameter-names-2.18.2.jar:/home/sadsadsa/.m2/repository/org/postgresql/postgresql/42.7.4/postgresql-42.7.4.jar:/home/sadsadsa/.m2/repository/org/checkerframework/checker-qual/3.42.0/checker-qual-3.42.0.jar:/home/sadsadsa/.m2/repository/org/projectlombok/lombok/1.18.34/lombok-1.18.34.jar:/home/sadsadsa/.m2/repository/org/springframework/boot/spring-boot-starter-test/3.4.3/spring-boot-starter-test-3.4.3.jar:/home/sadsadsa/.m2/repository/org/springframework/boot/spring-boot-test/3.4.3/spring-boot-test-3.4.3.jar:/home/sadsadsa/.m2/repository/org/springframework/boot/spring-boot-test-autoconfigure/3.4.3/spring-boot-test-autoconfigure-3.4.3.jar:/home/sadsadsa/.m2/repository/com/jayway/jsonpath/json-path/2.9.0/json-path-2.9.0.jar:/home/sadsadsa/.m2/repository/jakarta/xml/bind/jakarta.xml.bind-api/4.0.2/jakarta.xml.bind-api-4.0.2.jar:/home/sadsadsa/.m2/repository/net/minidev/json-smart/2.5.2/json-smart-2.5.2.jar:/home/sadsadsa/.m2/repository/net/minidev/accessors-smart/2.5.2/accessors-smart-2.5.2.jar:/home/sadsadsa/.m2/repository/org/ow2/asm/asm/9.7.1/asm-9.7.1.jar:/home/sadsadsa/.m2/repository/org/assertj/assertj-core/3.26.3/assertj-core-3.26.3.jar:/home/sadsadsa/.m2/repository/org/awaitility/awaitility/4.2.2/awaitility-4.2.2.jar:/home/sadsadsa/.m2/repository/org/skyscreamer/jsonassert/1.5.3/jsonassert-1.5.3.jar:/home/sadsadsa/.m2/repository/com/vaadin/external/google/android-json/0.0.20131108.vaadin1/android-json-0.0.20131108.vaadin1.jar:/home/sadsadsa/.m2/repository/org/springframework/spring-core/6.2.3/spring-core-6.2.3.jar:/home/sadsadsa/.m2/repository/org/springframework/spring-jcl/6.2.3/spring-jcl-6.2.3.jar:/home/sadsadsa/.m2/repository/org/springframework/spring-test/6.2.3/spring-test-6.2.3.jar:/home/sadsadsa/.m2/repository/org/xmlunit/xmlunit-core/2.10.0/xmlunit-core-2.10.0.jar:/home/sadsadsa/.m2/repository/org/springframework/security/spring-security-test/6.4.3/spring-security-test-6.4.3.jar:/home/sadsadsa/.m2/repository/org/springframework/security/spring-security-core/6.4.3/spring-security-core-6.4.3.jar:/home/sadsadsa/.m2/repository/org/springframework/security/spring-security-crypto/6.4.3/spring-security-crypto-6.4.3.jar:/home/sadsadsa/.m2/repository/org/liquibase/liquibase-core/4.29.2/liquibase-core-4.29.2.jar:/home/sadsadsa/.m2/repository/com/opencsv/opencsv/5.9/opencsv-5.9.jar:/home/sadsadsa/.m2/repository/org/yaml/snakeyaml/2.3/snakeyaml-2.3.jar:/home/sadsadsa/.m2/repository/javax/xml/bind/jaxb-api/2.3.1/jaxb-api-2.3.1.jar:/home/sadsadsa/.m2/repository/commons-io/commons-io/2.16.1/commons-io-2.16.1.jar:/home/sadsadsa/.m2/repository/org/apache/commons/commons-collections4/4.4/commons-collections4-4.4.jar:/home/sadsadsa/.m2/repository/org/apache/commons/commons-text/1.12.0/commons-text-1.12.0.jar:/home/sadsadsa/.m2/repository/org/apache/commons/commons-lang3/3.17.0/commons-lang3-3.17.0.jar:/home/sadsadsa/.m2/repository/org/mapstruct/mapstruct/1.5.5.Final/mapstruct-1.5.5.Final.jar:/home/sadsadsa/.m2/repository/io/jsonwebtoken/jjwt-api/0.12.6/jjwt-api-0.12.6.jar:/home/sadsadsa/.m2/repository/io/jsonwebtoken/jjwt-impl/0.12.6/jjwt-impl-0.12.6.jar:/home/sadsadsa/.m2/repository/org/springframework/boot/spring-boot-starter-validation/3.4.3/spring-boot-starter-validation-3.4.3.jar:/home/sadsadsa/.m2/repository/org/apache/tomcat/embed/tomcat-embed-el/10.1.36/tomcat-embed-el-10.1.36.jar:/home/sadsadsa/.m2/repository/org/hibernate/validator/hibernate-validator/8.0.2.Final/hibernate-validator-8.0.2.Final.jar:/home/sadsadsa/.m2/repository/jakarta/validation/jakarta.validation-api/3.0.2/jakarta.validation-api-3.0.2.jar:/home/sadsadsa/.m2/repository/org/springdoc/springdoc-openapi-starter-webmvc-ui/2.8.6/springdoc-openapi-starter-webmvc-ui-2.8.6.jar:/home/sadsadsa/.m2/repository/org/springdoc/springdoc-openapi-starter-webmvc-api/2.8.6/springdoc-openapi-starter-webmvc-api-2.8.6.jar:/home/sadsadsa/.m2/repository/org/springdoc/springdoc-openapi-starter-common/2.8.6/springdoc-openapi-starter-common-2.8.6.jar:/home/sadsadsa/.m2/repository/io/swagger/core/v3/swagger-core-jakarta/2.2.29/swagger-core-jakarta-2.2.29.jar:/home/sadsadsa/.m2/repository/io/swagger/core/v3/swagger-annotations-jakarta/2.2.29/swagger-annotations-jakarta-2.2.29.jar:/home/sadsadsa/.m2/repository/io/swagger/core/v3/swagger-models-jakarta/2.2.29/swagger-models-jakarta-2.2.29.jar:/home/sadsadsa/.m2/repository/com/fasterxml/jackson/dataformat/jackson-dataformat-yaml/2.18.2/jackson-dataformat-yaml-2.18.2.jar:/home/sadsadsa/.m2/repository/org/webjars/swagger-ui/5.20.1/swagger-ui-5.20.1.jar:/home/sadsadsa/.m2/repository/org/webjars/webjars-locator-lite/1.0.1/webjars-locator-lite-1.0.1.jar:/home/sadsadsa/.m2/repository/org/junit/jupiter/junit-jupiter/5.11.4/junit-jupiter-5.11.4.jar:/home/sadsadsa/.m2/repository/org/junit/jupiter/junit-jupiter-api/5.11.4/junit-jupiter-api-5.11.4.jar:/home/sadsadsa/.m2/repository/org/opentest4j/opentest4j/1.3.0/opentest4j-1.3.0.jar:/home/sadsadsa/.m2/repository/org/junit/platform/junit-platform-commons/1.11.4/junit-platform-commons-1.11.4.jar:/home/sadsadsa/.m2/repository/org/junit/jupiter/junit-jupiter-params/5.11.4/junit-jupiter-params-5.11.4.jar:/home/sadsadsa/.m2/repository/org/junit/jupiter/junit-jupiter-engine/5.11.4/junit-jupiter-engine-5.11.4.jar:/home/sadsadsa/.m2/repository/org/junit/platform/junit-platform-launcher/1.11.4/junit-platform-launcher-1.11.4.jar:/home/sadsadsa/.m2/repository/org/junit/platform/junit-platform-engine/1.11.4/junit-platform-engine-1.11.4.jar:/home/sadsadsa/.m2/repository/org/apiguardian/apiguardian-api/1.1.2/apiguardian-api-1.1.2.jar:/home/sadsadsa/.m2/repository/com/h2database/h2/2.3.232/h2-2.3.232.jar:/home/sadsadsa/.m2/repository/org/springframework/boot/spring-boot-starter-actuator/3.4.3/spring-boot-starter-actuator-3.4.3.jar:/home/sadsadsa/.m2/repository/org/springframework/boot/spring-boot-actuator-autoconfigure/3.4.3/spring-boot-actuator-autoconfigure-3.4.3.jar:/home/sadsadsa/.m2/repository/org/springframework/boot/spring-boot-actuator/3.4.3/spring-boot-actuator-3.4.3.jar:/home/sadsadsa/.m2/repository/io/micrometer/micrometer-observation/1.14.4/micrometer-observation-1.14.4.jar:/home/sadsadsa/.m2/repository/io/micrometer/micrometer-commons/1.14.4/micrometer-commons-1.14.4.jar:/home/sadsadsa/.m2/repository/io/micrometer/micrometer-jakarta9/1.14.4/micrometer-jakarta9-1.14.4.jar:/home/sadsadsa/.m2/repository/io/micrometer/micrometer-core/1.14.4/micrometer-core-1.14.4.jar:/home/sadsadsa/.m2/repository/org/hdrhistogram/HdrHistogram/2.2.2/HdrHistogram-2.2.2.jar:/home/sadsadsa/.m2/repository/org/latencyutils/LatencyUtils/2.0.3/LatencyUtils-2.0.3.jar:/home/sadsadsa/.m2/repository/org/springframework/boot/spring-boot-starter-log4j2/3.4.3/spring-boot-starter-log4j2-3.4.3.jar:/home/sadsadsa/.m2/repository/org/apache/logging/log4j/log4j-slf4j2-impl/2.24.3/log4j-slf4j2-impl-2.24.3.jar:/home/sadsadsa/.m2/repository/org/apache/logging/log4j/log4j-api/2.24.3/log4j-api-2.24.3.jar:/home/sadsadsa/.m2/repository/org/apache/logging/log4j/log4j-core/2.24.3/log4j-core-2.24.3.jar:/home/sadsadsa/.m2/repository/org/apache/logging/log4j/log4j-jul/2.24.3/log4j-jul-2.24.3.jar:/home/sadsadsa/.m2/repository/jakarta/activation/jakarta.activation-api/2.1.2/jakarta.activation-api-2.1.2.jar:/home/sadsadsa/.m2/repository/io/jsonwebtoken/jjwt-jackson/0.12.6/jjwt-jackson-0.12.6.jar:/home/sadsadsa/.m2/repository/org/springframework/boot/spring-boot-starter-webflux/3.4.3/spring-boot-starter-webflux-3.4.3.jar:/home/sadsadsa/.m2/repository/org/springframework/boot/spring-boot-starter-reactor-netty/3.4.3/spring-boot-starter-reactor-netty-3.4.3.jar:/home/sadsadsa/.m2/repository/io/projectreactor/netty/reactor-netty-http/1.2.3/reactor-netty-http-1.2.3.jar:/home/sadsadsa/.m2/repository/io/netty/netty-codec-http/4.1.118.Final/netty-codec-http-4.1.118.Final.jar:/home/sadsadsa/.m2/repository/io/netty/netty-common/4.1.118.Final/netty-common-4.1.118.Final.jar:/home/sadsadsa/.m2/repository/io/netty/netty-buffer/4.1.118.Final/netty-buffer-4.1.118.Final.jar:/home/sadsadsa/.m2/repository/io/netty/netty-transport/4.1.118.Final/netty-transport-4.1.118.Final.jar:/home/sadsadsa/.m2/repository/io/netty/netty-codec/4.1.118.Final/netty-codec-4.1.118.Final.jar:/home/sadsadsa/.m2/repository/io/netty/netty-handler/4.1.118.Final/netty-handler-4.1.118.Final.jar:/home/sadsadsa/.m2/repository/io/netty/netty-codec-http2/4.1.118.Final/netty-codec-http2-4.1.118.Final.jar:/home/sadsadsa/.m2/repository/io/netty/netty-resolver-dns/4.1.118.Final/netty-resolver-dns-4.1.118.Final.jar:/home/sadsadsa/.m2/repository/io/netty/netty-resolver/4.1.118.Final/netty-resolver-4.1.118.Final.jar:/home/sadsadsa/.m2/repository/io/netty/netty-codec-dns/4.1.118.Final/netty-codec-dns-4.1.118.Final.jar:/home/sadsadsa/.m2/repository/io/netty/netty-resolver-dns-native-macos/4.1.118.Final/netty-resolver-dns-native-macos-4.1.118.Final-osx-x86_64.jar:/home/sadsadsa/.m2/repository/io/netty/netty-resolver-dns-classes-macos/4.1.118.Final/netty-resolver-dns-classes-macos-4.1.118.Final.jar:/home/sadsadsa/.m2/repository/io/netty/netty-transport-native-epoll/4.1.118.Final/netty-transport-native-epoll-4.1.118.Final-linux-x86_64.jar:/home/sadsadsa/.m2/repository/io/netty/netty-transport-native-unix-common/4.1.118.Final/netty-transport-native-unix-common-4.1.118.Final.jar:/home/sadsadsa/.m2/repository/io/netty/netty-transport-classes-epoll/4.1.118.Final/netty-transport-classes-epoll-4.1.118.Final.jar:/home/sadsadsa/.m2/repository/io/projectreactor/netty/reactor-netty-core/1.2.3/reactor-netty-core-1.2.3.jar:/home/sadsadsa/.m2/repository/io/netty/netty-handler-proxy/4.1.118.Final/netty-handler-proxy-4.1.118.Final.jar:/home/sadsadsa/.m2/repository/io/netty/netty-codec-socks/4.1.118.Final/netty-codec-socks-4.1.118.Final.jar:/home/sadsadsa/.m2/repository/org/springframework/spring-webflux/6.2.3/spring-webflux-6.2.3.jar:/home/sadsadsa/.m2/repository/io/projectreactor/reactor-core/3.7.3/reactor-core-3.7.3.jar:/home/sadsadsa/.m2/repository/org/reactivestreams/reactive-streams/1.0.4/reactive-streams-1.0.4.jar:/home/sadsadsa/.m2/repository/com/google/genai/google-genai/1.0.0/google-genai-1.0.0.jar:/home/sadsadsa/.m2/repository/com/google/auth/google-auth-library-oauth2-http/1.30.1/google-auth-library-oauth2-http-1.30.1.jar:/home/sadsadsa/.m2/repository/com/google/auto/value/auto-value-annotations/1.11.0/auto-value-annotations-1.11.0.jar:/home/sadsadsa/.m2/repository/com/google/code/findbugs/jsr305/3.0.2/jsr305-3.0.2.jar:/home/sadsadsa/.m2/repository/com/google/auth/google-auth-library-credentials/1.30.1/google-auth-library-credentials-1.30.1.jar:/home/sadsadsa/.m2/repository/com/google/http-client/google-http-client/1.45.2/google-http-client-1.45.2.jar:/home/sadsadsa/.m2/repository/io/grpc/grpc-context/1.68.2/grpc-context-1.68.2.jar:/home/sadsadsa/.m2/repository/io/grpc/grpc-api/1.68.2/grpc-api-1.68.2.jar:/home/sadsadsa/.m2/repository/io/opencensus/opencensus-api/0.31.1/opencensus-api-0.31.1.jar:/home/sadsadsa/.m2/repository/io/opencensus/opencensus-contrib-http-util/0.31.1/opencensus-contrib-http-util-0.31.1.jar:/home/sadsadsa/.m2/repository/com/google/http-client/google-http-client-gson/1.45.2/google-http-client-gson-1.45.2.jar:/home/sadsadsa/.m2/repository/com/google/code/gson/gson/2.11.0/gson-2.11.0.jar:/home/sadsadsa/.m2/repository/com/google/guava/guava/33.3.1-android/guava-33.3.1-android.jar:/home/sadsadsa/.m2/repository/com/google/guava/failureaccess/1.0.2/failureaccess-1.0.2.jar:/home/sadsadsa/.m2/repository/com/google/guava/listenablefuture/9999.0-empty-to-avoid-conflict-with-guava/listenablefuture-9999.0-empty-to-avoid-conflict-with-guava.jar:/home/sadsadsa/.m2/repository/com/google/errorprone/error_prone_annotations/2.36.0/error_prone_annotations-2.36.0.jar:/home/sadsadsa/.m2/repository/org/apache/httpcomponents/httpclient/4.5.14/httpclient-4.5.14.jar:/home/sadsadsa/.m2/repository/commons-logging/commons-logging/1.2/commons-logging-1.2.jar:/home/sadsadsa/.m2/repository/commons-codec/commons-codec/1.17.2/commons-codec-1.17.2.jar:/home/sadsadsa/.m2/repository/org/apache/httpcomponents/httpcore/4.4.16/httpcore-4.4.16.jar:/home/sadsadsa/.m2/repository/com/google/auto/value/auto-value/1.11.0/auto-value-1.11.0.jar:/home/sadsadsa/.m2/repository/com/google/api/api-common/2.42.1/api-common-2.42.1.jar:/home/sadsadsa/.m2/repository/javax/annotation/javax.annotation-api/1.3.2/javax.annotation-api-1.3.2.jar:/home/sadsadsa/.m2/repository/com/google/j2objc/j2objc-annotations/3.0.0/j2objc-annotations-3.0.0.jar:/home/sadsadsa/.m2/repository/com/fasterxml/jackson/datatype/jackson-datatype-jdk8/2.18.2/jackson-datatype-jdk8-2.18.2.jar:/home/sadsadsa/.m2/repository/com/fasterxml/jackson/datatype/jackson-datatype-jsr310/2.18.2/jackson-datatype-jsr310-2.18.2.jar:/home/sadsadsa/.m2/repository/org/java-websocket/Java-WebSocket/1.6.0/Java-WebSocket-1.6.0.jar:/home/sadsadsa/.m2/repository/org/jspecify/jspecify/1.0.0/jspecify-1.0.0.jar:/home/sadsadsa/.m2/repository/org/mockito/mockito-core/5.14.2/mockito-core-5.14.2.jar:/home/sadsadsa/.m2/repository/net/bytebuddy/byte-buddy/1.15.11/byte-buddy-1.15.11.jar:/home/sadsadsa/.m2/repository/net/bytebuddy/byte-buddy-agent/1.15.11/byte-buddy-agent-1.15.11.jar:/home/sadsadsa/.m2/repository/org/objenesis/objenesis/3.3/objenesis-3.3.jar:/home/sadsadsa/.m2/repository/org/mockito/mockito-junit-jupiter/5.14.2/mockito-junit-jupiter-5.14.2.jar:/home/sadsadsa/.m2/repository/com/fasterxml/jackson/core/jackson-databind/2.18.2/jackson-databind-2.18.2.jar:/home/sadsadsa/.m2/repository/com/fasterxml/jackson/core/jackson-annotations/2.18.2/jackson-annotations-2.18.2.jar:/home/sadsadsa/.m2/repository/com/fasterxml/jackson/core/jackson-core/2.18.2/jackson-core-2.18.2.jar:/home/sadsadsa/.m2/repository/org/hamcrest/hamcrest/2.2/hamcrest-2.2.jar:/home/sadsadsa/.m2/repository/com/cloudinary/cloudinary-http44/1.33.0/cloudinary-http44-1.33.0.jar:/home/sadsadsa/.m2/repository/com/cloudinary/cloudinary-core/1.33.0/cloudinary-core-1.33.0.jar:/home/sadsadsa/.m2/repository/org/apache/httpcomponents/httpmime/4.4/httpmime-4.4.jar:"/>
    <property name="java.vm.vendor" value="Ubuntu"/>
    <property name="sun.arch.data.model" value="64"/>
    <property name="java.vendor.url" value="https://ubuntu.com/"/>
    <property name="user.timezone" value="Etc/UTC"/>
    <property name="os.name" value="Linux"/>
    <property name="java.vm.specification.version" value="17"/>
    <property name="APPLICATION_NAME" value="train-up"/>
    <property name="sun.java.launcher" value="SUN_STANDARD"/>
    <property name="sun.boot.library.path" value="/usr/lib/jvm/java-17-openjdk-amd64/lib"/>
    <property name="sun.java.command" value="/mnt/c/Users/Bohdan-Dymydiuk/projects/com-projects/train-up/backend/target/surefire/surefirebooter-20250731162610256_3.jar /mnt/c/Users/Bohdan-Dymydiuk/projects/com-projects/train-up/backend/target/surefire 2025-07-31T16-26-10_078-jvmRun1 surefire-20250731162610256_1tmp surefire_0-20250731162610256_2tmp"/>
    <property name="jdk.debug" value="release"/>
    <property name="surefire.test.class.path" value="/mnt/c/Users/Bohdan-Dymydiuk/projects/com-projects/train-up/backend/target/test-classes:/mnt/c/Users/Bohdan-Dymydiuk/projects/com-projects/train-up/backend/target/classes:/home/sadsadsa/.m2/repository/org/springframework/boot/spring-boot-starter-data-jdbc/3.4.3/spring-boot-starter-data-jdbc-3.4.3.jar:/home/sadsadsa/.m2/repository/org/springframework/boot/spring-boot-starter-jdbc/3.4.3/spring-boot-starter-jdbc-3.4.3.jar:/home/sadsadsa/.m2/repository/com/zaxxer/HikariCP/5.1.0/HikariCP-5.1.0.jar:/home/sadsadsa/.m2/repository/org/springframework/spring-jdbc/6.2.3/spring-jdbc-6.2.3.jar:/home/sadsadsa/.m2/repository/org/springframework/data/spring-data-jdbc/3.4.3/spring-data-jdbc-3.4.3.jar:/home/sadsadsa/.m2/repository/org/springframework/data/spring-data-relational/3.4.3/spring-data-relational-3.4.3.jar:/home/sadsadsa/.m2/repository/org/springframework/data/spring-data-commons/3.4.3/spring-data-commons-3.4.3.jar:/home/sadsadsa/.m2/repository/org/springframework/spring-tx/6.2.3/spring-tx-6.2.3.jar:/home/sadsadsa/.m2/repository/org/springframework/spring-context/6.2.3/spring-context-6.2.3.jar:/home/sadsadsa/.m2/repository/org/springframework/spring-beans/6.2.3/spring-beans-6.2.3.jar:/home/sadsadsa/.m2/repository/org/slf4j/slf4j-api/2.0.16/slf4j-api-2.0.16.jar:/home/sadsadsa/.m2/repository/org/springframework/boot/spring-boot-starter-data-jpa/3.4.3/spring-boot-starter-data-jpa-3.4.3.jar:/home/sadsadsa/.m2/repository/org/springframework/boot/spring-boot-starter/3.4.3/spring-boot-starter-3.4.3.jar:/home/sadsadsa/.m2/repository/jakarta/annotation/jakarta.annotation-api/2.1.1/jakarta.annotation-api-2.1.1.jar:/home/sadsadsa/.m2/repository/org/hibernate/orm/hibernate-core/6.6.8.Final/hibernate-core-6.6.8.Final.jar:/home/sadsadsa/.m2/repository/jakarta/persistence/jakarta.persistence-api/3.1.0/jakarta.persistence-api-3.1.0.jar:/home/sadsadsa/.m2/repository/jakarta/transaction/jakarta.transaction-api/2.0.1/jakarta.transaction-api-2.0.1.jar:/home/sadsadsa/.m2/repository/org/jboss/logging/jboss-logging/3.6.1.Final/jboss-logging-3.6.1.Final.jar:/home/sadsadsa/.m2/repository/org/hibernate/common/hibernate-commons-annotations/7.0.3.Final/hibernate-commons-annotations-7.0.3.Final.jar:/home/sadsadsa/.m2/repository/io/smallrye/jandex/3.2.0/jandex-3.2.0.jar:/home/sadsadsa/.m2/repository/com/fasterxml/classmate/1.7.0/classmate-1.7.0.jar:/home/sadsadsa/.m2/repository/org/glassfish/jaxb/jaxb-runtime/4.0.5/jaxb-runtime-4.0.5.jar:/home/sadsadsa/.m2/repository/org/glassfish/jaxb/jaxb-core/4.0.5/jaxb-core-4.0.5.jar:/home/sadsadsa/.m2/repository/org/glassfish/jaxb/txw2/4.0.5/txw2-4.0.5.jar:/home/sadsadsa/.m2/repository/com/sun/istack/istack-commons-runtime/4.1.2/istack-commons-runtime-4.1.2.jar:/home/sadsadsa/.m2/repository/jakarta/inject/jakarta.inject-api/2.0.1/jakarta.inject-api-2.0.1.jar:/home/sadsadsa/.m2/repository/org/antlr/antlr4-runtime/4.13.0/antlr4-runtime-4.13.0.jar:/home/sadsadsa/.m2/repository/org/springframework/data/spring-data-jpa/3.4.3/spring-data-jpa-3.4.3.jar:/home/sadsadsa/.m2/repository/org/springframework/spring-orm/6.2.3/spring-orm-6.2.3.jar:/home/sadsadsa/.m2/repository/org/springframework/spring-aspects/6.2.3/spring-aspects-6.2.3.jar:/home/sadsadsa/.m2/repository/org/aspectj/aspectjweaver/1.9.22.1/aspectjweaver-1.9.22.1.jar:/home/sadsadsa/.m2/repository/org/springframework/boot/spring-boot-starter-security/3.4.3/spring-boot-starter-security-3.4.3.jar:/home/sadsadsa/.m2/repository/org/springframework/spring-aop/6.2.3/spring-aop-6.2.3.jar:/home/sadsadsa/.m2/repository/org/springframework/security/spring-security-config/6.4.3/spring-security-config-6.4.3.jar:/home/sadsadsa/.m2/repository/org/springframework/security/spring-security-web/6.4.3/spring-security-web-6.4.3.jar:/home/sadsadsa/.m2/repository/org/springframework/spring-expression/6.2.3/spring-expression-6.2.3.jar:/home/sadsadsa/.m2/repository/org/springframework/boot/spring-boot-starter-web/3.4.3/spring-boot-starter-web-3.4.3.jar:/home/sadsadsa/.m2/repository/org/springframework/boot/spring-boot-starter-json/3.4.3/spring-boot-starter-json-3.4.3.jar:/home/sadsadsa/.m2/repository/org/springframework/boot/spring-boot-starter-tomcat/3.4.3/spring-boot-starter-tomcat-3.4.3.jar:/home/sadsadsa/.m2/repository/org/apache/tomcat/embed/tomcat-embed-core/10.1.36/tomcat-embed-core-10.1.36.jar:/home/sadsadsa/.m2/repository/org/apache/tomcat/embed/tomcat-embed-websocket/10.1.36/tomcat-embed-websocket-10.1.36.jar:/home/sadsadsa/.m2/repository/org/springframework/spring-web/6.2.3/spring-web-6.2.3.jar:/home/sadsadsa/.m2/repository/org/springframework/spring-webmvc/6.2.3/spring-webmvc-6.2.3.jar:/home/sadsadsa/.m2/repository/org/springframework/boot/spring-boot-starter-web-services/3.4.3/spring-boot-starter-web-services-3.4.3.jar:/home/sadsadsa/.m2/repository/com/sun/xml/messaging/saaj/saaj-impl/3.0.4/saaj-impl-3.0.4.jar:/home/sadsadsa/.m2/repository/jakarta/xml/soap/jakarta.xml.soap-api/3.0.2/jakarta.xml.soap-api-3.0.2.jar:/home/sadsadsa/.m2/repository/org/jvnet/staxex/stax-ex/2.1.0/stax-ex-2.1.0.jar:/home/sadsadsa/.m2/repository/org/eclipse/angus/angus-activation/2.0.2/angus-activation-2.0.2.jar:/home/sadsadsa/.m2/repository/jakarta/xml/ws/jakarta.xml.ws-api/4.0.2/jakarta.xml.ws-api-4.0.2.jar:/home/sadsadsa/.m2/repository/org/springframework/spring-oxm/6.2.3/spring-oxm-6.2.3.jar:/home/sadsadsa/.m2/repository/org/springframework/ws/spring-ws-core/4.0.11/spring-ws-core-4.0.11.jar:/home/sadsadsa/.m2/repository/org/springframework/ws/spring-xml/4.0.11/spring-xml-4.0.11.jar:/home/sadsadsa/.m2/repository/org/springframework/boot/spring-boot-devtools/3.4.3/spring-boot-devtools-3.4.3.jar:/home/sadsadsa/.m2/repository/org/springframework/boot/spring-boot/3.4.3/spring-boot-3.4.3.jar:/home/sadsadsa/.m2/repository/org/springframework/boot/spring-boot-autoconfigure/3.4.3/spring-boot-autoconfigure-3.4.3.jar:/home/sadsadsa/.m2/repository/org/springframework/boot/spring-boot-docker-compose/3.4.3/spring-boot-docker-compose-3.4.3.jar:/home/sadsadsa/.m2/repository/com/fasterxml/jackson/module/jackson-module-parameter-names/2.18.2/jackson-module-parameter-names-2.18.2.jar:/home/sadsadsa/.m2/repository/org/postgresql/postgresql/42.7.4/postgresql-42.7.4.jar:/home/sadsadsa/.m2/repository/org/checkerframework/checker-qual/3.42.0/checker-qual-3.42.0.jar:/home/sadsadsa/.m2/repository/org/projectlombok/lombok/1.18.34/lombok-1.18.34.jar:/home/sadsadsa/.m2/repository/org/springframework/boot/spring-boot-starter-test/3.4.3/spring-boot-starter-test-3.4.3.jar:/home/sadsadsa/.m2/repository/org/springframework/boot/spring-boot-test/3.4.3/spring-boot-test-3.4.3.jar:/home/sadsadsa/.m2/repository/org/springframework/boot/spring-boot-test-autoconfigure/3.4.3/spring-boot-test-autoconfigure-3.4.3.jar:/home/sadsadsa/.m2/repository/com/jayway/jsonpath/json-path/2.9.0/json-path-2.9.0.jar:/home/sadsadsa/.m2/repository/jakarta/xml/bind/jakarta.xml.bind-api/4.0.2/jakarta.xml.bind-api-4.0.2.jar:/home/sadsadsa/.m2/repository/net/minidev/json-smart/2.5.2/json-smart-2.5.2.jar:/home/sadsadsa/.m2/repository/net/minidev/accessors-smart/2.5.2/accessors-smart-2.5.2.jar:/home/sadsadsa/.m2/repository/org/ow2/asm/asm/9.7.1/asm-9.7.1.jar:/home/sadsadsa/.m2/repository/org/assertj/assertj-core/3.26.3/assertj-core-3.26.3.jar:/home/sadsadsa/.m2/repository/org/awaitility/awaitility/4.2.2/awaitility-4.2.2.jar:/home/sadsadsa/.m2/repository/org/skyscreamer/jsonassert/1.5.3/jsonassert-1.5.3.jar:/home/sadsadsa/.m2/repository/com/vaadin/external/google/android-json/0.0.20131108.vaadin1/android-json-0.0.20131108.vaadin1.jar:/home/sadsadsa/.m2/repository/org/springframework/spring-core/6.2.3/spring-core-6.2.3.jar:/home/sadsadsa/.m2/repository/org/springframework/spring-jcl/6.2.3/spring-jcl-6.2.3.jar:/home/sadsadsa/.m2/repository/org/springframework/spring-test/6.2.3/spring-test-6.2.3.jar:/home/sadsadsa/.m2/repository/org/xmlunit/xmlunit-core/2.10.0/xmlunit-core-2.10.0.jar:/home/sadsadsa/.m2/repository/org/springframework/security/spring-security-test/6.4.3/spring-security-test-6.4.3.jar:/home/sadsadsa/.m2/repository/org/springframework/security/spring-security-core/6.4.3/spring-security-core-6.4.3.jar:/home/sadsadsa/.m2/repository/org/springframework/security/spring-security-crypto/6.4.3/spring-security-crypto-6.4.3.jar:/home/sadsadsa/.m2/repository/org/liquibase/liquibase-core/4.29.2/liquibase-core-4.29.2.jar:/home/sadsadsa/.m2/repository/com/opencsv/opencsv/5.9/opencsv-5.9.jar:/home/sadsadsa/.m2/repository/org/yaml/snakeyaml/2.3/snakeyaml-2.3.jar:/home/sadsadsa/.m2/repository/javax/xml/bind/jaxb-api/2.3.1/jaxb-api-2.3.1.jar:/home/sadsadsa/.m2/repository/commons-io/commons-io/2.16.1/commons-io-2.16.1.jar:/home/sadsadsa/.m2/repository/org/apache/commons/commons-collections4/4.4/commons-collections4-4.4.jar:/home/sadsadsa/.m2/repository/org/apache/commons/commons-text/1.12.0/commons-text-1.12.0.jar:/home/sadsadsa/.m2/repository/org/apache/commons/commons-lang3/3.17.0/commons-lang3-3.17.0.jar:/home/sadsadsa/.m2/repository/org/mapstruct/mapstruct/1.5.5.Final/mapstruct-1.5.5.Final.jar:/home/sadsadsa/.m2/repository/io/jsonwebtoken/jjwt-api/0.12.6/jjwt-api-0.12.6.jar:/home/sadsadsa/.m2/repository/io/jsonwebtoken/jjwt-impl/0.12.6/jjwt-impl-0.12.6.jar:/home/sadsadsa/.m2/repository/org/springframework/boot/spring-boot-starter-validation/3.4.3/spring-boot-starter-validation-3.4.3.jar:/home/sadsadsa/.m2/repository/org/apache/tomcat/embed/tomcat-embed-el/10.1.36/tomcat-embed-el-10.1.36.jar:/home/sadsadsa/.m2/repository/org/hibernate/validator/hibernate-validator/8.0.2.Final/hibernate-validator-8.0.2.Final.jar:/home/sadsadsa/.m2/repository/jakarta/validation/jakarta.validation-api/3.0.2/jakarta.validation-api-3.0.2.jar:/home/sadsadsa/.m2/repository/org/springdoc/springdoc-openapi-starter-webmvc-ui/2.8.6/springdoc-openapi-starter-webmvc-ui-2.8.6.jar:/home/sadsadsa/.m2/repository/org/springdoc/springdoc-openapi-starter-webmvc-api/2.8.6/springdoc-openapi-starter-webmvc-api-2.8.6.jar:/home/sadsadsa/.m2/repository/org/springdoc/springdoc-openapi-starter-common/2.8.6/springdoc-openapi-starter-common-2.8.6.jar:/home/sadsadsa/.m2/repository/io/swagger/core/v3/swagger-core-jakarta/2.2.29/swagger-core-jakarta-2.2.29.jar:/home/sadsadsa/.m2/repository/io/swagger/core/v3/swagger-annotations-jakarta/2.2.29/swagger-annotations-jakarta-2.2.29.jar:/home/sadsadsa/.m2/repository/io/swagger/core/v3/swagger-models-jakarta/2.2.29/swagger-models-jakarta-2.2.29.jar:/home/sadsadsa/.m2/repository/com/fasterxml/jackson/dataformat/jackson-dataformat-yaml/2.18.2/jackson-dataformat-yaml-2.18.2.jar:/home/sadsadsa/.m2/repository/org/webjars/swagger-ui/5.20.1/swagger-ui-5.20.1.jar:/home/sadsadsa/.m2/repository/org/webjars/webjars-locator-lite/1.0.1/webjars-locator-lite-1.0.1.jar:/home/sadsadsa/.m2/repository/org/junit/jupiter/junit-jupiter/5.11.4/junit-jupiter-5.11.4.jar:/home/sadsadsa/.m2/repository/org/junit/jupiter/junit-jupiter-api/5.11.4/junit-jupiter-api-5.11.4.jar:/home/sadsadsa/.m2/repository/org/opentest4j/opentest4j/1.3.0/opentest4j-1.3.0.jar:/home/sadsadsa/.m2/repository/org/junit/platform/junit-platform-commons/1.11.4/junit-platform-commons-1.11.4.jar:/home/sadsadsa/.m2/repository/org/junit/jupiter/junit-jupiter-params/5.11.4/junit-jupiter-params-5.11.4.jar:/home/sadsadsa/.m2/repository/org/junit/jupiter/junit-jupiter-engine/5.11.4/junit-jupiter-engine-5.11.4.jar:/home/sadsadsa/.m2/repository/org/junit/platform/junit-platform-launcher/1.11.4/junit-platform-launcher-1.11.4.jar:/home/sadsadsa/.m2/repository/org/junit/platform/junit-platform-engine/1.11.4/junit-platform-engine-1.11.4.jar:/home/sadsadsa/.m2/repository/org/apiguardian/apiguardian-api/1.1.2/apiguardian-api-1.1.2.jar:/home/sadsadsa/.m2/repository/com/h2database/h2/2.3.232/h2-2.3.232.jar:/home/sadsadsa/.m2/repository/org/springframework/boot/spring-boot-starter-actuator/3.4.3/spring-boot-starter-actuator-3.4.3.jar:/home/sadsadsa/.m2/repository/org/springframework/boot/spring-boot-actuator-autoconfigure/3.4.3/spring-boot-actuator-autoconfigure-3.4.3.jar:/home/sadsadsa/.m2/repository/org/springframework/boot/spring-boot-actuator/3.4.3/spring-boot-actuator-3.4.3.jar:/home/sadsadsa/.m2/repository/io/micrometer/micrometer-observation/1.14.4/micrometer-observation-1.14.4.jar:/home/sadsadsa/.m2/repository/io/micrometer/micrometer-commons/1.14.4/micrometer-commons-1.14.4.jar:/home/sadsadsa/.m2/repository/io/micrometer/micrometer-jakarta9/1.14.4/micrometer-jakarta9-1.14.4.jar:/home/sadsadsa/.m2/repository/io/micrometer/micrometer-core/1.14.4/micrometer-core-1.14.4.jar:/home/sadsadsa/.m2/repository/org/hdrhistogram/HdrHistogram/2.2.2/HdrHistogram-2.2.2.jar:/home/sadsadsa/.m2/repository/org/latencyutils/LatencyUtils/2.0.3/LatencyUtils-2.0.3.jar:/home/sadsadsa/.m2/repository/org/springframework/boot/spring-boot-starter-log4j2/3.4.3/spring-boot-starter-log4j2-3.4.3.jar:/home/sadsadsa/.m2/repository/org/apache/logging/log4j/log4j-slf4j2-impl/2.24.3/log4j-slf4j2-impl-2.24.3.jar:/home/sadsadsa/.m2/repository/org/apache/logging/log4j/log4j-api/2.24.3/log4j-api-2.24.3.jar:/home/sadsadsa/.m2/repository/org/apache/logging/log4j/log4j-core/2.24.3/log4j-core-2.24.3.jar:/home/sadsadsa/.m2/repository/org/apache/logging/log4j/log4j-jul/2.24.3/log4j-jul-2.24.3.jar:/home/sadsadsa/.m2/repository/jakarta/activation/jakarta.activation-api/2.1.2/jakarta.activation-api-2.1.2.jar:/home/sadsadsa/.m2/repository/io/jsonwebtoken/jjwt-jackson/0.12.6/jjwt-jackson-0.12.6.jar:/home/sadsadsa/.m2/repository/org/springframework/boot/spring-boot-starter-webflux/3.4.3/spring-boot-starter-webflux-3.4.3.jar:/home/sadsadsa/.m2/repository/org/springframework/boot/spring-boot-starter-reactor-netty/3.4.3/spring-boot-starter-reactor-netty-3.4.3.jar:/home/sadsadsa/.m2/repository/io/projectreactor/netty/reactor-netty-http/1.2.3/reactor-netty-http-1.2.3.jar:/home/sadsadsa/.m2/repository/io/netty/netty-codec-http/4.1.118.Final/netty-codec-http-4.1.118.Final.jar:/home/sadsadsa/.m2/repository/io/netty/netty-common/4.1.118.Final/netty-common-4.1.118.Final.jar:/home/sadsadsa/.m2/repository/io/netty/netty-buffer/4.1.118.Final/netty-buffer-4.1.118.Final.jar:/home/sadsadsa/.m2/repository/io/netty/netty-transport/4.1.118.Final/netty-transport-4.1.118.Final.jar:/home/sadsadsa/.m2/repository/io/netty/netty-codec/4.1.118.Final/netty-codec-4.1.118.Final.jar:/home/sadsadsa/.m2/repository/io/netty/netty-handler/4.1.118.Final/netty-handler-4.1.118.Final.jar:/home/sadsadsa/.m2/repository/io/netty/netty-codec-http2/4.1.118.Final/netty-codec-http2-4.1.118.Final.jar:/home/sadsadsa/.m2/repository/io/netty/netty-resolver-dns/4.1.118.Final/netty-resolver-dns-4.1.118.Final.jar:/home/sadsadsa/.m2/repository/io/netty/netty-resolver/4.1.118.Final/netty-resolver-4.1.118.Final.jar:/home/sadsadsa/.m2/repository/io/netty/netty-codec-dns/4.1.118.Final/netty-codec-dns-4.1.118.Final.jar:/home/sadsadsa/.m2/repository/io/netty/netty-resolver-dns-native-macos/4.1.118.Final/netty-resolver-dns-native-macos-4.1.118.Final-osx-x86_64.jar:/home/sadsadsa/.m2/repository/io/netty/netty-resolver-dns-classes-macos/4.1.118.Final/netty-resolver-dns-classes-macos-4.1.118.Final.jar:/home/sadsadsa/.m2/repository/io/netty/netty-transport-native-epoll/4.1.118.Final/netty-transport-native-epoll-4.1.118.Final-linux-x86_64.jar:/home/sadsadsa/.m2/repository/io/netty/netty-transport-native-unix-common/4.1.118.Final/netty-transport-native-unix-common-4.1.118.Final.jar:/home/sadsadsa/.m2/repository/io/netty/netty-transport-classes-epoll/4.1.118.Final/netty-transport-classes-epoll-4.1.118.Final.jar:/home/sadsadsa/.m2/repository/io/projectreactor/netty/reactor-netty-core/1.2.3/reactor-netty-core-1.2.3.jar:/home/sadsadsa/.m2/repository/io/netty/netty-handler-proxy/4.1.118.Final/netty-handler-proxy-4.1.118.Final.jar:/home/sadsadsa/.m2/repository/io/netty/netty-codec-socks/4.1.118.Final/netty-codec-socks-4.1.118.Final.jar:/home/sadsadsa/.m2/repository/org/springframework/spring-webflux/6.2.3/spring-webflux-6.2.3.jar:/home/sadsadsa/.m2/repository/io/projectreactor/reactor-core/3.7.3/reactor-core-3.7.3.jar:/home/sadsadsa/.m2/repository/org/reactivestreams/reactive-streams/1.0.4/reactive-streams-1.0.4.jar:/home/sadsadsa/.m2/repository/com/google/genai/google-genai/1.0.0/google-genai-1.0.0.jar:/home/sadsadsa/.m2/repository/com/google/auth/google-auth-library-oauth2-http/1.30.1/google-auth-library-oauth2-http-1.30.1.jar:/home/sadsadsa/.m2/repository/com/google/auto/value/auto-value-annotations/1.11.0/auto-value-annotations-1.11.0.jar:/home/sadsadsa/.m2/repository/com/google/code/findbugs/jsr305/3.0.2/jsr305-3.0.2.jar:/home/sadsadsa/.m2/repository/com/google/auth/google-auth-library-credentials/1.30.1/google-auth-library-credentials-1.30.1.jar:/home/sadsadsa/.m2/repository/com/google/http-client/google-http-client/1.45.2/google-http-client-1.45.2.jar:/home/sadsadsa/.m2/repository/io/grpc/grpc-context/1.68.2/grpc-context-1.68.2.jar:/home/sadsadsa/.m2/repository/io/grpc/grpc-api/1.68.2/grpc-api-1.68.2.jar:/home/sadsadsa/.m2/repository/io/opencensus/opencensus-api/0.31.1/opencensus-api-0.31.1.jar:/home/sadsadsa/.m2/repository/io/opencensus/opencensus-contrib-http-util/0.31.1/opencensus-contrib-http-util-0.31.1.jar:/home/sadsadsa/.m2/repository/com/google/http-client/google-http-client-gson/1.45.2/google-http-client-gson-1.45.2.jar:/home/sadsadsa/.m2/repository/com/google/code/gson/gson/2.11.0/gson-2.11.0.jar:/home/sadsadsa/.m2/repository/com/google/guava/guava/33.3.1-android/guava-33.3.1-android.jar:/home/sadsadsa/.m2/repository/com/google/guava/failureaccess/1.0.2/failureaccess-1.0.2.jar:/home/sadsadsa/.m2/repository/com/google/guava/listenablefuture/9999.0-empty-to-avoid-conflict-with-guava/listenablefuture-9999.0-empty-to-avoid-conflict-with-guava.jar:/home/sadsadsa/.m2/repository/com/google/errorprone/error_prone_annotations/2.36.0/error_prone_annotations-2.36.0.jar:/home/sadsadsa/.m2/repository/org/apache/httpcomponents/httpclient/4.5.14/httpclient-4.5.14.jar:/home/sadsadsa/.m2/repository/commons-logging/commons-logging/1.2/commons-logging-1.2.jar:/home/sadsadsa/.m2/repository/commons-codec/commons-codec/1.17.2/commons-codec-1.17.2.jar:/home/sadsadsa/.m2/repository/org/apache/httpcomponents/httpcore/4.4.16/httpcore-4.4.16.jar:/home/sadsadsa/.m2/repository/com/google/auto/value/auto-value/1.11.0/auto-value-1.11.0.jar:/home/sadsadsa/.m2/repository/com/google/api/api-common/2.42.1/api-common-2.42.1.jar:/home/sadsadsa/.m2/repository/javax/annotation/javax.annotation-api/1.3.2/javax.annotation-api-1.3.2.jar:/home/sadsadsa/.m2/repository/com/google/j2objc/j2objc-annotations/3.0.0/j2objc-annotations-3.0.0.jar:/home/sadsadsa/.m2/repository/com/fasterxml/jackson/datatype/jackson-datatype-jdk8/2.18.2/jackson-datatype-jdk8-2.18.2.jar:/home/sadsadsa/.m2/repository/com/fasterxml/jackson/datatype/jackson-datatype-jsr310/2.18.2/jackson-datatype-jsr310-2.18.2.jar:/home/sadsadsa/.m2/repository/org/java-websocket/Java-WebSocket/1.6.0/Java-WebSocket-1.6.0.jar:/home/sadsadsa/.m2/repository/org/jspecify/jspecify/1.0.0/jspecify-1.0.0.jar:/home/sadsadsa/.m2/repository/org/mockito/mockito-core/5.14.2/mockito-core-5.14.2.jar:/home/sadsadsa/.m2/repository/net/bytebuddy/byte-buddy/1.15.11/byte-buddy-1.15.11.jar:/home/sadsadsa/.m2/repository/net/bytebuddy/byte-buddy-agent/1.15.11/byte-buddy-agent-1.15.11.jar:/home/sadsadsa/.m2/repository/org/objenesis/objenesis/3.3/objenesis-3.3.jar:/home/sadsadsa/.m2/repository/org/mockito/mockito-junit-jupiter/5.14.2/mockito-junit-jupiter-5.14.2.jar:/home/sadsadsa/.m2/repository/com/fasterxml/jackson/core/jackson-databind/2.18.2/jackson-databind-2.18.2.jar:/home/sadsadsa/.m2/repository/com/fasterxml/jackson/core/jackson-annotations/2.18.2/jackson-annotations-2.18.2.jar:/home/sadsadsa/.m2/repository/com/fasterxml/jackson/core/jackson-core/2.18.2/jackson-core-2.18.2.jar:/home/sadsadsa/.m2/repository/org/hamcrest/hamcrest/2.2/hamcrest-2.2.jar:/home/sadsadsa/.m2/repository/com/cloudinary/cloudinary-http44/1.33.0/cloudinary-http44-1.33.0.jar:/home/sadsadsa/.m2/repository/com/cloudinary/cloudinary-core/1.33.0/cloudinary-core-1.33.0.jar:/home/sadsadsa/.m2/repository/org/apache/httpcomponents/httpmime/4.4/httpmime-4.4.jar:"/>
    <property name="sun.cpu.endian" value="little"/>
    <property name="user.home" value="/home/sadsadsa"/>
    <property name="user.language" value="en"/>
    <property name="java.specification.vendor" value="Oracle Corporation"/>
    <property name="java.version.date" value="2025-04-15"/>
    <property name="java.home" value="/usr/lib/jvm/java-17-openjdk-amd64"/>
    <property name="file.separator" value="/"/>
    <property name="basedir" value="/mnt/c/Users/Bohdan-Dymydiuk/projects/com-projects/train-up/backend"/>
    <property name="java.vm.compressedOopsMode" value="32-bit"/>
    <property name="line.separator" value="&#10;"/>
    <property name="java.specification.name" value="Java Platform API Specification"/>
    <property name="java.vm.specification.vendor" value="Oracle Corporation"/>
    <property name="FILE_LOG_CHARSET" value="UTF-8"/>
    <property name="java.awt.headless" value="true"/>
    <property name="surefire.real.class.path" value="/mnt/c/Users/Bohdan-Dymydiuk/projects/com-projects/train-up/backend/target/surefire/surefirebooter-20250731162610256_3.jar"/>
    <property name="sun.management.compiler" value="HotSpot 64-Bit Tiered Compilers"/>
    <property name="java.runtime.version" value="17.0.15+6-Ubuntu-0ubuntu124.04"/>
    <property name="user.name" value="sadsadsa"/>
    <property name="path.separator" value=":"/>
    <property name="os.version" value="6.6.87.1-microsoft-standard-WSL2"/>
    <property name="java.runtime.name" value="OpenJDK Runtime Environment"/>
    <property name="file.encoding" value="UTF-8"/>
    <property name="java.vm.name" value="OpenJDK 64-Bit Server VM"/>
    <property name="localRepository" value="/home/sadsadsa/.m2/repository"/>
    <property name="java.vendor.url.bug" value="https://bugs.launchpad.net/ubuntu/+source/openjdk-17"/>
    <property name="java.io.tmpdir" value="/tmp"/>
    <property name="com.zaxxer.hikari.pool_number" value="1"/>
    <property name="java.version" value="17.0.15"/>
    <property name="user.dir" value="/mnt/c/Users/Bohdan-Dymydiuk/projects/com-projects/train-up/backend"/>
    <property name="os.arch" value="amd64"/>
    <property name="java.vm.specification.name" value="Java Virtual Machine Specification"/>
    <property name="PID" value="5810"/>
    <property name="CONSOLE_LOG_CHARSET" value="UTF-8"/>
    <property name="native.encoding" value="UTF-8"/>
    <property name="java.library.path" value="/usr/java/packages/lib:/usr/lib/x86_64-linux-gnu/jni:/lib/x86_64-linux-gnu:/usr/lib/x86_64-linux-gnu:/usr/lib/jni:/lib:/usr/lib"/>
    <property name="java.vm.info" value="mixed mode, sharing"/>
    <property name="java.vendor" value="Ubuntu"/>
    <property name="java.vm.version" value="17.0.15+6-Ubuntu-0ubuntu124.04"/>
    <property name="java.specification.maintenance.version" value="1"/>
    <property name="sun.io.unicode.encoding" value="UnicodeLittle"/>
    <property name="java.class.version" value="61.0"/>
    <property name="LOGGED_APPLICATION_NAME" value="[train-up] "/>
  </properties>
  <testcase name="updateAthleteById_Self_Success" classname="com.example.trainup.controller.AthleteControllerTest" time="1.018">
    <system-out><![CDATA[2025-07-31T16:26:12.873040466Z main DEBUG Apache Log4j Core 2.24 initializing configuration XmlConfiguration[location=/mnt/c/Users/Bohdan-Dymydiuk/projects/com-projects/train-up/backend/target/classes/log4j2.xml, lastModified=2025-07-31T16:25:41.266Z]
2025-07-31T16:26:12.878195042Z main DEBUG PluginManager 'Core' found 133 plugins
2025-07-31T16:26:12.878448337Z main DEBUG PluginManager 'Level' found 0 plugins
2025-07-31T16:26:12.883373121Z main DEBUG PluginManager 'Lookup' found 17 plugins
2025-07-31T16:26:12.885659756Z main DEBUG Building Plugin[name=layout, class=org.apache.logging.log4j.core.layout.PatternLayout].
2025-07-31T16:26:12.899214535Z main DEBUG PluginManager 'TypeConverter' found 26 plugins
2025-07-31T16:26:12.915932731Z main DEBUG PatternLayout$Builder(pattern="%d{yyyy-MM-dd HH:mm:ss.SSS} [%t] %-5level %logger{36} - %msg%n", PatternSelector=null, Configuration(/mnt/c/Users/Bohdan-Dymydiuk/projects/com-projects/train-up/backend/target/classes/log4j2.xml), Replace=null, charset="null", alwaysWriteExceptions="null", disableAnsi="null", noConsoleNoAnsi="null", header="null", footer="null")
2025-07-31T16:26:12.916290505Z main DEBUG PluginManager 'Converter' found 50 plugins
2025-07-31T16:26:12.932458493Z main DEBUG Building Plugin[name=appender, class=org.apache.logging.log4j.core.appender.ConsoleAppender].
2025-07-31T16:26:12.945700655Z main DEBUG ConsoleAppender$Builder(target="SYSTEM_OUT", follow="null", direct="null", bufferedIo="null", bufferSize="null", immediateFlush="null", ignoreExceptions="null", PatternLayout(%d{yyyy-MM-dd HH:mm:ss.SSS} [%t] %-5level %logger{36} - %msg%n), name="Console", Configuration(/mnt/c/Users/Bohdan-Dymydiuk/projects/com-projects/train-up/backend/target/classes/log4j2.xml), Filter=null, ={})
2025-07-31T16:26:12.950633136Z main DEBUG Starting OutputStreamManager SYSTEM_OUT.false.false
2025-07-31T16:26:12.950828239Z main DEBUG Building Plugin[name=layout, class=org.apache.logging.log4j.core.layout.PatternLayout].
2025-07-31T16:26:12.951560209Z main DEBUG PatternLayout$Builder(pattern="%d{yyyy-MM-dd HH:mm:ss.SSS} [%t] %-5level %logger{36} - %msg%n", PatternSelector=null, Configuration(/mnt/c/Users/Bohdan-Dymydiuk/projects/com-projects/train-up/backend/target/classes/log4j2.xml), Replace=null, charset="null", alwaysWriteExceptions="null", disableAnsi="null", noConsoleNoAnsi="null", header="null", footer="null")
2025-07-31T16:26:12.952112162Z main DEBUG Building Plugin[name=TimeBasedTriggeringPolicy, class=org.apache.logging.log4j.core.appender.rolling.TimeBasedTriggeringPolicy].
2025-07-31T16:26:12.956638016Z main DEBUG TimeBasedTriggeringPolicy$Builder(interval="null", modulate="null", maxRandomDelay="null")
2025-07-31T16:26:12.956831374Z main DEBUG Building Plugin[name=SizeBasedTriggeringPolicy, class=org.apache.logging.log4j.core.appender.rolling.SizeBasedTriggeringPolicy].
2025-07-31T16:26:12.962653057Z main DEBUG createPolicy(size="10MB")
2025-07-31T16:26:12.964695634Z main DEBUG Building Plugin[name=Policies, class=org.apache.logging.log4j.core.appender.rolling.CompositeTriggeringPolicy].
2025-07-31T16:26:12.965026621Z main DEBUG createPolicy(={TimeBasedTriggeringPolicy(nextRolloverMillis=0, interval=1, modulate=false), SizeBasedTriggeringPolicy(size=10485760)})
2025-07-31T16:26:12.965157887Z main DEBUG Building Plugin[name=DefaultRolloverStrategy, class=org.apache.logging.log4j.core.appender.rolling.DefaultRolloverStrategy].
2025-07-31T16:26:12.970068200Z main DEBUG DefaultRolloverStrategy$Builder(max="10", min="null", fileIndex="null", compressionLevel="null", ={}, stopCustomActionsOnError="null", tempCompressedFilePattern="null", Configuration(/mnt/c/Users/Bohdan-Dymydiuk/projects/com-projects/train-up/backend/target/classes/log4j2.xml))
2025-07-31T16:26:12.970318724Z main DEBUG Building Plugin[name=appender, class=org.apache.logging.log4j.core.appender.RollingFileAppender].
2025-07-31T16:26:12.973018965Z main DEBUG RollingFileAppender$Builder(fileName="logs/train-up.log", filePattern="logs/train-up-%d{yyyy-MM-dd}.%i.log", append="null", locking="null", Policies(CompositeTriggeringPolicy(policies=[TimeBasedTriggeringPolicy(nextRolloverMillis=0, interval=1, modulate=false), SizeBasedTriggeringPolicy(size=10485760)])), DefaultRolloverStrategy(DefaultRolloverStrategy(min=1, max=10, useMax=true)), advertise="null", advertiseUri="null", createOnDemand="null", filePermissions="null", fileOwner="null", fileGroup="null", bufferedIo="null", bufferSize="null", immediateFlush="null", ignoreExceptions="null", PatternLayout(%d{yyyy-MM-dd HH:mm:ss.SSS} [%t] %-5level %logger{36} - %msg%n), name="File", Configuration(/mnt/c/Users/Bohdan-Dymydiuk/projects/com-projects/train-up/backend/target/classes/log4j2.xml), Filter=null, ={})
2025-07-31T16:26:12.985783581Z main DEBUG Returning file creation time for /mnt/c/Users/Bohdan-Dymydiuk/projects/com-projects/train-up/backend/logs/train-up.log
2025-07-31T16:26:12.986278369Z main DEBUG Starting RollingFileManager logs/train-up.log
2025-07-31T16:26:12.989039368Z main DEBUG PluginManager 'FileConverter' found 2 plugins
2025-07-31T16:26:13.000022400Z main DEBUG Setting prev file time to 2025-07-31T16:22:11.740+0000
2025-07-31T16:26:13.000240903Z main DEBUG Initializing triggering policy CompositeTriggeringPolicy(policies=[TimeBasedTriggeringPolicy(nextRolloverMillis=0, interval=1, modulate=false), SizeBasedTriggeringPolicy(size=10485760)])
2025-07-31T16:26:13.000367859Z main DEBUG Initializing triggering policy TimeBasedTriggeringPolicy(nextRolloverMillis=0, interval=1, modulate=false)
2025-07-31T16:26:13.000852281Z main DEBUG Initializing triggering policy SizeBasedTriggeringPolicy(size=10485760)
2025-07-31T16:26:13.000986523Z main DEBUG Building Plugin[name=Appenders, class=org.apache.logging.log4j.core.config.AppendersPlugin].
2025-07-31T16:26:13.001279229Z main DEBUG createAppenders(={Console, File})
2025-07-31T16:26:13.001470021Z main DEBUG Building Plugin[name=AppenderRef, class=org.apache.logging.log4j.core.config.AppenderRef].
2025-07-31T16:26:13.001954238Z main DEBUG createAppenderRef(ref="Console", level="null", Filter=null)
2025-07-31T16:26:13.002080475Z main DEBUG Building Plugin[name=AppenderRef, class=org.apache.logging.log4j.core.config.AppenderRef].
2025-07-31T16:26:13.002274243Z main DEBUG createAppenderRef(ref="File", level="null", Filter=null)
2025-07-31T16:26:13.002380057Z main DEBUG Building Plugin[name=Root, class=org.apache.logging.log4j.core.config.LoggerConfig$RootLogger].
2025-07-31T16:26:13.004414012Z main DEBUG LoggerConfig$RootLogger$Builder(additivity="null", level="DEBUG", levelAndRefs="null", includeLocation="null", ={Console, File}, ={}, Configuration(/mnt/c/Users/Bohdan-Dymydiuk/projects/com-projects/train-up/backend/target/classes/log4j2.xml), Filter=null)
2025-07-31T16:26:13.010687582Z main DEBUG Building Plugin[name=AppenderRef, class=org.apache.logging.log4j.core.config.AppenderRef].
2025-07-31T16:26:13.011530805Z main DEBUG createAppenderRef(ref="Console", level="null", Filter=null)
2025-07-31T16:26:13.011713592Z main DEBUG Building Plugin[name=AppenderRef, class=org.apache.logging.log4j.core.config.AppenderRef].
2025-07-31T16:26:13.011980742Z main DEBUG createAppenderRef(ref="File", level="null", Filter=null)
2025-07-31T16:26:13.012097640Z main DEBUG Building Plugin[name=Logger, class=org.apache.logging.log4j.core.config.LoggerConfig].
2025-07-31T16:26:13.015901172Z main DEBUG LoggerConfig$Builder(additivity="false", level="DEBUG", levelAndRefs="null", name="org.springframework.security", includeLocation="null", ={Console, File}, ={}, Configuration(/mnt/c/Users/Bohdan-Dymydiuk/projects/com-projects/train-up/backend/target/classes/log4j2.xml), Filter=null)
2025-07-31T16:26:13.016318062Z main DEBUG Building Plugin[name=AppenderRef, class=org.apache.logging.log4j.core.config.AppenderRef].
2025-07-31T16:26:13.016526815Z main DEBUG createAppenderRef(ref="Console", level="null", Filter=null)
2025-07-31T16:26:13.016640120Z main DEBUG Building Plugin[name=AppenderRef, class=org.apache.logging.log4j.core.config.AppenderRef].
2025-07-31T16:26:13.016804742Z main DEBUG createAppenderRef(ref="File", level="null", Filter=null)
2025-07-31T16:26:13.016957458Z main DEBUG Building Plugin[name=Logger, class=org.apache.logging.log4j.core.config.LoggerConfig].
2025-07-31T16:26:13.017323237Z main DEBUG LoggerConfig$Builder(additivity="false", level="DEBUG", levelAndRefs="null", name="com.example.trainup", includeLocation="null", ={Console, File}, ={}, Configuration(/mnt/c/Users/Bohdan-Dymydiuk/projects/com-projects/train-up/backend/target/classes/log4j2.xml), Filter=null)
2025-07-31T16:26:13.017564011Z main DEBUG Building Plugin[name=Loggers, class=org.apache.logging.log4j.core.config.LoggersPlugin].
2025-07-31T16:26:13.019349290Z main DEBUG createLoggers(={root, org.springframework.security, com.example.trainup})
2025-07-31T16:26:13.020935464Z main DEBUG Configuration XmlConfiguration[location=/mnt/c/Users/Bohdan-Dymydiuk/projects/com-projects/train-up/backend/target/classes/log4j2.xml, lastModified=2025-07-31T16:25:41.266Z] initialized
2025-07-31T16:26:13.021118661Z main INFO Starting configuration XmlConfiguration[location=/mnt/c/Users/Bohdan-Dymydiuk/projects/com-projects/train-up/backend/target/classes/log4j2.xml, lastModified=2025-07-31T16:25:41.266Z]...
2025-07-31T16:26:13.021250954Z main INFO Start watching for changes to /mnt/c/Users/Bohdan-Dymydiuk/projects/com-projects/train-up/backend/target/classes/log4j2.xml every 0 seconds
2025-07-31T16:26:13.021463093Z main INFO Configuration XmlConfiguration[location=/mnt/c/Users/Bohdan-Dymydiuk/projects/com-projects/train-up/backend/target/classes/log4j2.xml, lastModified=2025-07-31T16:25:41.266Z] started.
2025-07-31T16:26:13.023932516Z main INFO Stopping configuration org.apache.logging.log4j.core.config.DefaultConfiguration@e383572...
2025-07-31T16:26:13.024148966Z main DEBUG Shutting down OutputStreamManager SYSTEM_OUT.false.false-1
2025-07-31T16:26:13.024335653Z main DEBUG OutputStream closed
2025-07-31T16:26:13.024470716Z main DEBUG Shut down OutputStreamManager SYSTEM_OUT.false.false-1, all resources released: true
2025-07-31T16:26:13.024630309Z main DEBUG Appender DefaultConsole-1 stopped with status true
2025-07-31T16:26:13.024899512Z main INFO Configuration org.apache.logging.log4j.core.config.DefaultConfiguration@e383572 stopped.
2025-07-31T16:26:13.032896884Z main DEBUG org.apache.logging.log4j.core.util.SystemClock supports precise timestamps.
2025-07-31T16:26:13.033270156Z main DEBUG Reconfiguration complete for context[name=30946e09] at URI /mnt/c/Users/Bohdan-Dymydiuk/projects/com-projects/train-up/backend/target/classes/log4j2.xml (org.apache.logging.log4j.core.LoggerContext@366ef90e) with optional ClassLoader: null
2025-07-31T16:26:13.033540591Z main DEBUG Shutdown hook enabled. Registering a new one.
2025-07-31T16:26:13.035973373Z main DEBUG LoggerContext[name=30946e09, org.apache.logging.log4j.core.LoggerContext@366ef90e] started OK.
2025-07-31 16:26:13.237 [main] DEBUG org.springframework.boot.test.context.SpringBootTestContextBootstrapper - Neither @ContextConfiguration nor @ContextHierarchy found for test class [AthleteControllerTest]: using SpringBootContextLoader
2025-07-31T16:26:13.247669697Z main DEBUG AsyncLogger.ThreadNameStrategy=UNCACHED (user specified null, default is UNCACHED)
2025-07-31T16:26:13.247992268Z main DEBUG org.apache.logging.log4j.core.util.SystemClock supports precise timestamps.
2025-07-31 16:26:13.260 [main] DEBUG org.springframework.test.context.support.AbstractContextLoader - Could not detect default resource locations for test class [com.example.trainup.controller.AthleteControllerTest]: no resource found for suffixes {-context.xml, Context.groovy}.
2025-07-31 16:26:13.261 [main] INFO  org.springframework.test.context.support.AnnotationConfigContextLoaderUtils - Could not detect default configuration classes for test class [com.example.trainup.controller.AthleteControllerTest]: AthleteControllerTest does not declare any static, non-private, non-final, nested classes annotated with @Configuration.
2025-07-31 16:26:13.295 [main] DEBUG org.springframework.boot.test.context.SpringBootTestContextBootstrapper - Using ContextCustomizerFactory implementations for test class [AthleteControllerTest]: [ImportsContextCustomizerFactory, ExcludeFilterContextCustomizerFactory, HttpGraphQlTesterContextCustomizerFactory, DuplicateJsonObjectContextCustomizerFactory, MockitoContextCustomizerFactory, TestRestTemplateContextCustomizerFactory, WebTestClientContextCustomizerFactory, DisableReactorResourceFactoryGlobalResourcesContextCustomizerFactory, OnFailureConditionReportContextCustomizerFactory, OverrideAutoConfigurationContextCustomizerFactory, ObservabilityContextCustomizerFactory, TypeExcludeFiltersContextCustomizerFactory, PropertyMappingContextCustomizerFactory, WebDriverContextCustomizerFactory, BeanOverrideContextCustomizerFactory, MockServerContainerContextCustomizerFactory, DynamicPropertiesContextCustomizerFactory]
2025-07-31 16:26:13.387 [main] DEBUG org.springframework.boot.test.context.SpringBootTestContextBootstrapper - Using ContextCustomizers for test class [AthleteControllerTest]: [ImportsContextCustomizer, ExcludeFilterContextCustomizer, DuplicateJsonObjectContextCustomizer, MockitoContextCustomizer, TestRestTemplateContextCustomizer, WebTestClientContextCustomizer, DisableReactorResourceFactoryGlobalResourcesContextCustomizerCustomizer, OnFailureConditionReportContextCustomizer, DisableObservabilityContextCustomizer, PropertyMappingContextCustomizer, WebDriverContextCustomizer, DynamicPropertiesContextCustomizer]
2025-07-31 16:26:13.848 [main] DEBUG org.springframework.context.annotation.ClassPathScanningCandidateComponentProvider - Identified candidate component class: file [/mnt/c/Users/Bohdan-Dymydiuk/projects/com-projects/train-up/backend/target/classes/com/example/trainup/TrainUpApplication.class]
2025-07-31 16:26:13.849 [main] INFO  org.springframework.boot.test.context.SpringBootTestContextBootstrapper - Found @SpringBootConfiguration com.example.trainup.TrainUpApplication for test class com.example.trainup.controller.AthleteControllerTest
2025-07-31 16:26:14.135 [main] DEBUG org.springframework.test.context.util.TestContextSpringFactoriesUtils - Skipping candidate TestExecutionListener [org.springframework.test.context.observation.MicrometerObservationRegistryTestExecutionListener] due to a missing dependency. Specify custom TestExecutionListener classes or make the default TestExecutionListener classes and their required dependencies available. Offending class: io.micrometer.context.ThreadLocalAccessor. MicrometerObservationRegistryTestExecutionListener requires io.micrometer:micrometer-observation:1.10.8 or higher and io.micrometer:context-propagation:1.0.3 or higher.
2025-07-31 16:26:14.175 [main] DEBUG org.springframework.boot.test.context.SpringBootTestContextBootstrapper - Using TestExecutionListeners for test class [AthleteControllerTest]: [ServletTestExecutionListener, DirtiesContextBeforeModesTestExecutionListener, ApplicationEventsTestExecutionListener, MockitoTestExecutionListener, BeanOverrideTestExecutionListener, DependencyInjectionTestExecutionListener, DirtiesContextTestExecutionListener, CommonCachesTestExecutionListener, TransactionalTestExecutionListener, SqlScriptsTestExecutionListener, EventPublishingTestExecutionListener, WithSecurityContextTestExecutionListener, ReactorContextTestExecutionListener, ResetMocksTestExecutionListener, RestDocsTestExecutionListener, MockRestServiceServerResetTestExecutionListener, MockMvcPrintOnlyOnFailureTestExecutionListener, WebDriverTestExecutionListener, MockWebServiceServerTestExecutionListener, MockitoResetTestExecutionListener]
2025-07-31 16:26:14.178 [main] DEBUG org.springframework.test.context.support.DirtiesContextBeforeModesTestExecutionListener - Before test class: class [AthleteControllerTest], class annotated with @DirtiesContext [false] with mode [null]
2025-07-31 16:26:14.417 [main] INFO  org.springframework.boot.devtools.restart.RestartApplicationListener - Restart disabled due to context in which it is running
2025-07-31T16:26:14.457810947Z main DEBUG Log4jBridgeHandler init. with: suffix='null', lvlProp=true, instance=org.apache.logging.log4j.jul.Log4jBridgeHandler@56d93692

  .   ____          _            __ _ _
 /\\ / ___'_ __ _ _(_)_ __  __ _ \ \ \ \
( ( )\___ | '_ | '_| | '_ \/ _` | \ \ \ \
 \\/  ___)| |_)| | | | | || (_| |  ) ) ) )
  '  |____| .__|_| |_|_| |_\__, | / / / /
 =========|_|==============|___/=/_/_/_/

 :: Spring Boot ::                (v3.4.3)

2025-07-31 16:26:15.055 [background-preinit] DEBUG org.jboss.logging - Logging Provider: org.jboss.logging.Log4j2LoggerProvider
2025-07-31 16:26:15.056 [background-preinit] INFO  org.hibernate.validator.internal.util.Version - HV000001: Hibernate Validator 8.0.2.Final
2025-07-31 16:26:15.077 [background-preinit] DEBUG org.hibernate.validator.internal.xml.config.ValidationXmlParser - Trying to load META-INF/validation.xml for XML based Validator configuration.
2025-07-31 16:26:15.080 [background-preinit] DEBUG org.hibernate.validator.internal.xml.config.ResourceLoaderHelper - Trying to load META-INF/validation.xml via TCCL
2025-07-31 16:26:15.082 [background-preinit] DEBUG org.hibernate.validator.internal.xml.config.ResourceLoaderHelper - Trying to load META-INF/validation.xml via Hibernate Validator's class loader
2025-07-31 16:26:15.083 [background-preinit] DEBUG org.hibernate.validator.internal.xml.config.ValidationXmlParser - No META-INF/validation.xml found. Using annotation based configuration only.
2025-07-31 16:26:15.102 [background-preinit] DEBUG org.hibernate.validator.internal.engine.resolver.TraversableResolvers - Found jakarta.persistence.Persistence on classpath containing 'getPersistenceUtil'. Assuming JPA 2 environment. Trying to instantiate JPA aware TraversableResolver
2025-07-31 16:26:15.105 [background-preinit] DEBUG org.hibernate.validator.internal.engine.resolver.TraversableResolvers - Instantiated JPA aware TraversableResolver of type org.hibernate.validator.internal.engine.resolver.JPATraversableResolver.
2025-07-31 16:26:15.173 [main] INFO  com.example.trainup.controller.AthleteControllerTest - Starting AthleteControllerTest using Java 17.0.15 with PID 5810 (started by sadsadsa in /mnt/c/Users/Bohdan-Dymydiuk/projects/com-projects/train-up/backend)
2025-07-31 16:26:15.177 [main] DEBUG com.example.trainup.controller.AthleteControllerTest - Running with Spring Boot v3.4.3, Spring v6.2.3
2025-07-31 16:26:15.178 [main] INFO  com.example.trainup.controller.AthleteControllerTest - The following 1 profile is active: "test"
2025-07-31 16:26:15.178 [background-preinit] DEBUG org.hibernate.validator.messageinterpolation.ResourceBundleMessageInterpolator - Loaded expression factory via original TCCL
2025-07-31 16:26:15.179 [main] DEBUG org.springframework.boot.SpringApplication - Loading source class com.example.trainup.TrainUpApplication
2025-07-31 16:26:15.250 [main] DEBUG org.springframework.web.context.support.GenericWebApplicationContext - Refreshing org.springframework.web.context.support.GenericWebApplicationContext@7942a854
2025-07-31 16:26:15.307 [main] DEBUG org.springframework.beans.factory.support.DefaultListableBeanFactory - Creating shared instance of singleton bean 'org.springframework.context.annotation.internalConfigurationAnnotationProcessor'
2025-07-31 16:26:15.111 [main] DEBUG org.springframework.beans.factory.support.DefaultListableBeanFactory - Creating shared instance of singleton bean 'org.springframework.boot.autoconfigure.internalCachingMetadataReaderFactory'
2025-07-31 16:26:14.700 [background-preinit] DEBUG org.hibernate.validator.internal.engine.ValidatorFactoryConfigurationHelper - HV000252: Using org.hibernate.validator.internal.engine.DefaultPropertyNodeNameProvider as property node name provider.
2025-07-31 16:26:14.720 [background-preinit] DEBUG org.hibernate.validator.internal.engine.ValidatorFactoryConfigurationHelper - HV000234: Using org.hibernate.validator.messageinterpolation.ResourceBundleMessageInterpolator as ValidatorFactory-scoped message interpolator.
2025-07-31 16:26:14.720 [background-preinit] DEBUG org.hibernate.validator.internal.engine.ValidatorFactoryConfigurationHelper - HV000234: Using org.hibernate.validator.internal.engine.resolver.JPATraversableResolver as ValidatorFactory-scoped traversable resolver.
2025-07-31 16:26:14.720 [background-preinit] DEBUG org.hibernate.validator.internal.engine.ValidatorFactoryConfigurationHelper - HV000234: Using org.hibernate.validator.internal.util.ExecutableParameterNameProvider as ValidatorFactory-scoped parameter name provider.
2025-07-31 16:26:14.721 [background-preinit] DEBUG org.hibernate.validator.internal.engine.ValidatorFactoryConfigurationHelper - HV000234: Using org.hibernate.validator.internal.engine.DefaultClockProvider as ValidatorFactory-scoped clock provider.
2025-07-31 16:26:14.721 [background-preinit] DEBUG org.hibernate.validator.internal.engine.ValidatorFactoryConfigurationHelper - HV000234: Using org.hibernate.validator.internal.engine.scripting.DefaultScriptEvaluatorFactory as ValidatorFactory-scoped script evaluator factory.
2025-07-31 16:26:14.845 [main] DEBUG org.springframework.context.annotation.ClassPathBeanDefinitionScanner - Identified candidate component class: file [/mnt/c/Users/Bohdan-Dymydiuk/projects/com-projects/train-up/backend/target/classes/com/example/trainup/config/GeminiClientConfig.class]
2025-07-31 16:26:14.853 [main] DEBUG org.springframework.context.annotation.ClassPathBeanDefinitionScanner - Identified candidate component class: file [/mnt/c/Users/Bohdan-Dymydiuk/projects/com-projects/train-up/backend/target/classes/com/example/trainup/config/OpenApiConfig.class]
2025-07-31 16:26:14.860 [main] DEBUG org.springframework.context.annotation.ClassPathBeanDefinitionScanner - Identified candidate component class: file [/mnt/c/Users/Bohdan-Dymydiuk/projects/com-projects/train-up/backend/target/classes/com/example/trainup/config/SecurityConfig.class]
2025-07-31 16:26:14.864 [main] DEBUG org.springframework.context.annotation.ClassPathBeanDefinitionScanner - Identified candidate component class: file [/mnt/c/Users/Bohdan-Dymydiuk/projects/com-projects/train-up/backend/target/classes/com/example/trainup/controller/AthleteController.class]
2025-07-31 16:26:14.867 [main] DEBUG org.springframework.context.annotation.ClassPathBeanDefinitionScanner - Identified candidate component class: file [/mnt/c/Users/Bohdan-Dymydiuk/projects/com-projects/train-up/backend/target/classes/com/example/trainup/controller/AuthenticationController.class]
2025-07-31 16:26:14.870 [main] DEBUG org.springframework.context.annotation.ClassPathBeanDefinitionScanner - Identified candidate component class: file [/mnt/c/Users/Bohdan-Dymydiuk/projects/com-projects/train-up/backend/target/classes/com/example/trainup/controller/BaseUserController.class]
2025-07-31 16:26:14.873 [main] DEBUG org.springframework.context.annotation.ClassPathBeanDefinitionScanner - Identified candidate component class: file [/mnt/c/Users/Bohdan-Dymydiuk/projects/com-projects/train-up/backend/target/classes/com/example/trainup/controller/ChatController.class]
2025-07-31 16:26:14.876 [main] DEBUG org.springframework.context.annotation.ClassPathBeanDefinitionScanner - Identified candidate component class: file [/mnt/c/Users/Bohdan-Dymydiuk/projects/com-projects/train-up/backend/target/classes/com/example/trainup/controller/EventController.class]
2025-07-31 16:26:14.879 [main] DEBUG org.springframework.context.annotation.ClassPathBeanDefinitionScanner - Identified candidate component class: file [/mnt/c/Users/Bohdan-Dymydiuk/projects/com-projects/train-up/backend/target/classes/com/example/trainup/controller/GymController.class]
2025-07-31 16:26:14.884 [main] DEBUG org.springframework.context.annotation.ClassPathBeanDefinitionScanner - Identified candidate component class: file [/mnt/c/Users/Bohdan-Dymydiuk/projects/com-projects/train-up/backend/target/classes/com/example/trainup/controller/ReviewController.class]
2025-07-31 16:26:14.887 [main] DEBUG org.springframework.context.annotation.ClassPathBeanDefinitionScanner - Identified candidate component class: file [/mnt/c/Users/Bohdan-Dymydiuk/projects/com-projects/train-up/backend/target/classes/com/example/trainup/controller/SportController.class]
2025-07-31 16:26:14.891 [main] DEBUG org.springframework.context.annotation.ClassPathBeanDefinitionScanner - Identified candidate component class: file [/mnt/c/Users/Bohdan-Dymydiuk/projects/com-projects/train-up/backend/target/classes/com/example/trainup/controller/TrainerController.class]
2025-07-31 16:26:15.053 [main] DEBUG org.springframework.context.annotation.ClassPathBeanDefinitionScanner - Identified candidate component class: file [/mnt/c/Users/Bohdan-Dymydiuk/projects/com-projects/train-up/backend/target/classes/com/example/trainup/exception/CustomGlobalExceptionHandler.class]
2025-07-31 16:26:15.060 [main] DEBUG org.springframework.context.annotation.ClassPathBeanDefinitionScanner - Identified candidate component class: file [/mnt/c/Users/Bohdan-Dymydiuk/projects/com-projects/train-up/backend/target/classes/com/example/trainup/mapper/AthleteMapperImpl.class]
2025-07-31 16:26:15.065 [main] DEBUG org.springframework.context.annotation.ClassPathBeanDefinitionScanner - Identified candidate component class: file [/mnt/c/Users/Bohdan-Dymydiuk/projects/com-projects/train-up/backend/target/classes/com/example/trainup/mapper/EventMapperImpl.class]
2025-07-31 16:26:15.071 [main] DEBUG org.springframework.context.annotation.ClassPathBeanDefinitionScanner - Identified candidate component class: file [/mnt/c/Users/Bohdan-Dymydiuk/projects/com-projects/train-up/backend/target/classes/com/example/trainup/mapper/GymMapperImpl.class]
2025-07-31 16:26:15.078 [main] DEBUG org.springframework.context.annotation.ClassPathBeanDefinitionScanner - Identified candidate component class: file [/mnt/c/Users/Bohdan-Dymydiuk/projects/com-projects/train-up/backend/target/classes/com/example/trainup/mapper/GymOwnerMapperImpl.class]
2025-07-31 16:26:15.085 [main] DEBUG org.springframework.context.annotation.ClassPathBeanDefinitionScanner - Identified candidate component class: file [/mnt/c/Users/Bohdan-Dymydiuk/projects/com-projects/train-up/backend/target/classes/com/example/trainup/mapper/ReviewMapperImpl.class]
2025-07-31 16:26:15.092 [main] DEBUG org.springframework.context.annotation.ClassPathBeanDefinitionScanner - Identified candidate component class: file [/mnt/c/Users/Bohdan-Dymydiuk/projects/com-projects/train-up/backend/target/classes/com/example/trainup/mapper/SportMapperImpl.class]
2025-07-31 16:26:15.097 [main] DEBUG org.springframework.context.annotation.ClassPathBeanDefinitionScanner - Identified candidate component class: file [/mnt/c/Users/Bohdan-Dymydiuk/projects/com-projects/train-up/backend/target/classes/com/example/trainup/mapper/TrainerMapperImpl.class]
2025-07-31 16:26:15.116 [main] DEBUG org.springframework.context.annotation.ClassPathBeanDefinitionScanner - Identified candidate component class: file [/mnt/c/Users/Bohdan-Dymydiuk/projects/com-projects/train-up/backend/target/classes/com/example/trainup/model/ChatSession.class]
2025-07-31 16:26:15.255 [main] DEBUG org.springframework.context.annotation.ClassPathBeanDefinitionScanner - Identified candidate component class: file [/mnt/c/Users/Bohdan-Dymydiuk/projects/com-projects/train-up/backend/target/classes/com/example/trainup/security/AuthenticationService.class]
2025-07-31 16:26:15.258 [main] DEBUG org.springframework.context.annotation.ClassPathBeanDefinitionScanner - Identified candidate component class: file [/mnt/c/Users/Bohdan-Dymydiuk/projects/com-projects/train-up/backend/target/classes/com/example/trainup/security/CustomUserDetailsService.class]
2025-07-31 16:26:15.260 [main] DEBUG org.springframework.context.annotation.ClassPathBeanDefinitionScanner - Identified candidate component class: file [/mnt/c/Users/Bohdan-Dymydiuk/projects/com-projects/train-up/backend/target/classes/com/example/trainup/security/JwtAuthenticationFilter.class]
2025-07-31 16:26:15.263 [main] DEBUG org.springframework.context.annotation.ClassPathBeanDefinitionScanner - Identified candidate component class: file [/mnt/c/Users/Bohdan-Dymydiuk/projects/com-projects/train-up/backend/target/classes/com/example/trainup/security/JwtUtil.class]
2025-07-31 16:26:15.277 [main] DEBUG org.springframework.context.annotation.ClassPathBeanDefinitionScanner - Identified candidate component class: file [/mnt/c/Users/Bohdan-Dymydiuk/projects/com-projects/train-up/backend/target/classes/com/example/trainup/service/CurrentUserService.class]
2025-07-31 16:26:15.288 [main] DEBUG org.springframework.context.annotation.ClassPathBeanDefinitionScanner - Identified candidate component class: file [/mnt/c/Users/Bohdan-Dymydiuk/projects/com-projects/train-up/backend/target/classes/com/example/trainup/service/EventServiceImpl.class]
2025-07-31 16:26:15.292 [main] DEBUG org.springframework.context.annotation.ClassPathBeanDefinitionScanner - Identified candidate component class: file [/mnt/c/Users/Bohdan-Dymydiuk/projects/com-projects/train-up/backend/target/classes/com/example/trainup/service/GeminiChatService.class]
2025-07-31 16:26:15.298 [main] DEBUG org.springframework.context.annotation.ClassPathBeanDefinitionScanner - Identified candidate component class: file [/mnt/c/Users/Bohdan-Dymydiuk/projects/com-projects/train-up/backend/target/classes/com/example/trainup/service/GymServiceImpl.class]
2025-07-31 16:26:15.304 [main] DEBUG org.springframework.context.annotation.ClassPathBeanDefinitionScanner - Identified candidate component class: file [/mnt/c/Users/Bohdan-Dymydiuk/projects/com-projects/train-up/backend/target/classes/com/example/trainup/service/ReviewServiceImpl.class]
2025-07-31 16:26:15.309 [main] DEBUG org.springframework.context.annotation.ClassPathBeanDefinitionScanner - Identified candidate component class: file [/mnt/c/Users/Bohdan-Dymydiuk/projects/com-projects/train-up/backend/target/classes/com/example/trainup/service/SportServiceImpl.class]
2025-07-31 16:26:15.313 [main] DEBUG org.springframework.context.annotation.ClassPathBeanDefinitionScanner - Identified candidate component class: file [/mnt/c/Users/Bohdan-Dymydiuk/projects/com-projects/train-up/backend/target/classes/com/example/trainup/service/UserCredentialService.class]
2025-07-31 16:26:15.316 [main] DEBUG org.springframework.context.annotation.ClassPathBeanDefinitionScanner - Identified candidate component class: file [/mnt/c/Users/Bohdan-Dymydiuk/projects/com-projects/train-up/backend/target/classes/com/example/trainup/service/UserPhotoService.class]
2025-07-31 16:26:15.323 [main] DEBUG org.springframework.context.annotation.ClassPathBeanDefinitionScanner - Identified candidate component class: file [/mnt/c/Users/Bohdan-Dymydiuk/projects/com-projects/train-up/backend/target/classes/com/example/trainup/service/users/AthleteServiceImpl.class]
2025-07-31 16:26:15.330 [main] DEBUG org.springframework.context.annotation.ClassPathBeanDefinitionScanner - Identified candidate component class: file [/mnt/c/Users/Bohdan-Dymydiuk/projects/com-projects/train-up/backend/target/classes/com/example/trainup/service/users/GymOwnerServiceImpl.class]
2025-07-31 16:26:15.336 [main] DEBUG org.springframework.context.annotation.ClassPathBeanDefinitionScanner - Identified candidate component class: file [/mnt/c/Users/Bohdan-Dymydiuk/projects/com-projects/train-up/backend/target/classes/com/example/trainup/service/users/TrainerServiceImpl.class]
2025-07-31 16:26:15.343 [main] DEBUG org.springframework.context.annotation.ClassPathBeanDefinitionScanner - Identified candidate component class: file [/mnt/c/Users/Bohdan-Dymydiuk/projects/com-projects/train-up/backend/target/classes/com/example/trainup/validation/EmailUniqueValidator.class]
2025-07-31 16:26:18.936 [main] INFO  org.springframework.data.repository.config.RepositoryConfigurationDelegate - Multiple Spring Data modules found, entering strict repository configuration mode
2025-07-31 16:26:18.942 [main] INFO  org.springframework.data.repository.config.RepositoryConfigurationDelegate - Bootstrapping Spring Data JDBC repositories in DEFAULT mode.
2025-07-31 16:26:18.954 [main] DEBUG org.springframework.beans.factory.support.DefaultListableBeanFactory - Creating shared instance of singleton bean 'org.springframework.boot.autoconfigure.AutoConfigurationPackages'
2025-07-31 16:26:18.971 [main] DEBUG org.springframework.boot.autoconfigure.AutoConfigurationPackages - @EnableAutoConfiguration was declared on a class in the package 'com.example.trainup'. Automatic @Repository and @Entity scanning is enabled.
2025-07-31 16:26:18.972 [main] DEBUG org.springframework.data.repository.config.RepositoryConfigurationDelegate - Scanning for JDBC repositories in packages com.example.trainup.
2025-07-31 16:26:19.214 [main] DEBUG org.springframework.data.repository.config.RepositoryComponentProvider - Identified candidate component class: file [/mnt/c/Users/Bohdan-Dymydiuk/projects/com-projects/train-up/backend/target/classes/com/example/trainup/repository/AddressRepository.class]
2025-07-31 16:26:19.214 [main] DEBUG org.springframework.data.repository.config.RepositoryComponentProvider - Identified candidate component class: file [/mnt/c/Users/Bohdan-Dymydiuk/projects/com-projects/train-up/backend/target/classes/com/example/trainup/repository/AdminRepository.class]
2025-07-31 16:26:19.214 [main] DEBUG org.springframework.data.repository.config.RepositoryComponentProvider - Identified candidate component class: file [/mnt/c/Users/Bohdan-Dymydiuk/projects/com-projects/train-up/backend/target/classes/com/example/trainup/repository/AthleteRepository.class]
2025-07-31 16:26:19.215 [main] DEBUG org.springframework.data.repository.config.RepositoryComponentProvider - Identified candidate component class: file [/mnt/c/Users/Bohdan-Dymydiuk/projects/com-projects/train-up/backend/target/classes/com/example/trainup/repository/BaseUserRepository.class]
2025-07-31 16:26:19.215 [main] DEBUG org.springframework.data.repository.config.RepositoryComponentProvider - Identified candidate component class: file [/mnt/c/Users/Bohdan-Dymydiuk/projects/com-projects/train-up/backend/target/classes/com/example/trainup/repository/EventRepository.class]
2025-07-31 16:26:19.215 [main] DEBUG org.springframework.data.repository.config.RepositoryComponentProvider - Identified candidate component class: file [/mnt/c/Users/Bohdan-Dymydiuk/projects/com-projects/train-up/backend/target/classes/com/example/trainup/repository/GymOwnerRepository.class]
2025-07-31 16:26:19.216 [main] DEBUG org.springframework.data.repository.config.RepositoryComponentProvider - Identified candidate component class: file [/mnt/c/Users/Bohdan-Dymydiuk/projects/com-projects/train-up/backend/target/classes/com/example/trainup/repository/GymRepository.class]
2025-07-31 16:26:19.216 [main] DEBUG org.springframework.data.repository.config.RepositoryComponentProvider - Identified candidate component class: file [/mnt/c/Users/Bohdan-Dymydiuk/projects/com-projects/train-up/backend/target/classes/com/example/trainup/repository/ReviewRepository.class]
2025-07-31 16:26:19.216 [main] DEBUG org.springframework.data.repository.config.RepositoryComponentProvider - Identified candidate component class: file [/mnt/c/Users/Bohdan-Dymydiuk/projects/com-projects/train-up/backend/target/classes/com/example/trainup/repository/RoleRepository.class]
2025-07-31 16:26:19.216 [main] DEBUG org.springframework.data.repository.config.RepositoryComponentProvider - Identified candidate component class: file [/mnt/c/Users/Bohdan-Dymydiuk/projects/com-projects/train-up/backend/target/classes/com/example/trainup/repository/SportRepository.class]
2025-07-31 16:26:19.217 [main] DEBUG org.springframework.data.repository.config.RepositoryComponentProvider - Identified candidate component class: file [/mnt/c/Users/Bohdan-Dymydiuk/projects/com-projects/train-up/backend/target/classes/com/example/trainup/repository/TrainerRepository.class]
2025-07-31 16:26:19.217 [main] DEBUG org.springframework.data.repository.config.RepositoryComponentProvider - Identified candidate component class: file [/mnt/c/Users/Bohdan-Dymydiuk/projects/com-projects/train-up/backend/target/classes/com/example/trainup/repository/UserCredentialsRepository.class]
2025-07-31 16:26:19.333 [main] INFO  org.springframework.data.repository.config.RepositoryConfigurationExtensionSupport - Spring Data JDBC - Could not safely identify store assignment for repository candidate interface com.example.trainup.repository.AddressRepository; If you want this repository to be a JDBC repository, consider annotating your entities with one of these annotations: org.springframework.data.relational.core.mapping.Table.
2025-07-31 16:26:19.347 [main] INFO  org.springframework.data.repository.config.RepositoryConfigurationExtensionSupport - Spring Data JDBC - Could not safely identify store assignment for repository candidate interface com.example.trainup.repository.AdminRepository; If you want this repository to be a JDBC repository, consider annotating your entities with one of these annotations: org.springframework.data.relational.core.mapping.Table.
2025-07-31 16:26:19.355 [main] INFO  org.springframework.data.repository.config.RepositoryConfigurationExtensionSupport - Spring Data JDBC - Could not safely identify store assignment for repository candidate interface com.example.trainup.repository.AthleteRepository; If you want this repository to be a JDBC repository, consider annotating your entities with one of these annotations: org.springframework.data.relational.core.mapping.Table.
2025-07-31 16:26:19.362 [main] INFO  org.springframework.data.repository.config.RepositoryConfigurationExtensionSupport - Spring Data JDBC - Could not safely identify store assignment for repository candidate interface com.example.trainup.repository.BaseUserRepository; If you want this repository to be a JDBC repository, consider annotating your entities with one of these annotations: org.springframework.data.relational.core.mapping.Table.
2025-07-31 16:26:19.376 [main] INFO  org.springframework.data.repository.config.RepositoryConfigurationExtensionSupport - Spring Data JDBC - Could not safely identify store assignment for repository candidate interface com.example.trainup.repository.EventRepository; If you want this repository to be a JDBC repository, consider annotating your entities with one of these annotations: org.springframework.data.relational.core.mapping.Table.
2025-07-31 16:26:19.391 [main] INFO  org.springframework.data.repository.config.RepositoryConfigurationExtensionSupport - Spring Data JDBC - Could not safely identify store assignment for repository candidate interface com.example.trainup.repository.GymOwnerRepository; If you want this repository to be a JDBC repository, consider annotating your entities with one of these annotations: org.springframework.data.relational.core.mapping.Table.
2025-07-31 16:26:19.398 [main] INFO  org.springframework.data.repository.config.RepositoryConfigurationExtensionSupport - Spring Data JDBC - Could not safely identify store assignment for repository candidate interface com.example.trainup.repository.GymRepository; If you want this repository to be a JDBC repository, consider annotating your entities with one of these annotations: org.springframework.data.relational.core.mapping.Table.
2025-07-31 16:26:19.412 [main] INFO  org.springframework.data.repository.config.RepositoryConfigurationExtensionSupport - Spring Data JDBC - Could not safely identify store assignment for repository candidate interface com.example.trainup.repository.ReviewRepository; If you want this repository to be a JDBC repository, consider annotating your entities with one of these annotations: org.springframework.data.relational.core.mapping.Table.
2025-07-31 16:26:19.425 [main] INFO  org.springframework.data.repository.config.RepositoryConfigurationExtensionSupport - Spring Data JDBC - Could not safely identify store assignment for repository candidate interface com.example.trainup.repository.RoleRepository; If you want this repository to be a JDBC repository, consider annotating your entities with one of these annotations: org.springframework.data.relational.core.mapping.Table.
2025-07-31 16:26:19.433 [main] INFO  org.springframework.data.repository.config.RepositoryConfigurationExtensionSupport - Spring Data JDBC - Could not safely identify store assignment for repository candidate interface com.example.trainup.repository.SportRepository; If you want this repository to be a JDBC repository, consider annotating your entities with one of these annotations: org.springframework.data.relational.core.mapping.Table.
2025-07-31 16:26:19.449 [main] INFO  org.springframework.data.repository.config.RepositoryConfigurationExtensionSupport - Spring Data JDBC - Could not safely identify store assignment for repository candidate interface com.example.trainup.repository.TrainerRepository; If you want this repository to be a JDBC repository, consider annotating your entities with one of these annotations: org.springframework.data.relational.core.mapping.Table.
2025-07-31 16:26:19.467 [main] INFO  org.springframework.data.repository.config.RepositoryConfigurationExtensionSupport - Spring Data JDBC - Could not safely identify store assignment for repository candidate interface com.example.trainup.repository.UserCredentialsRepository; If you want this repository to be a JDBC repository, consider annotating your entities with one of these annotations: org.springframework.data.relational.core.mapping.Table.
2025-07-31 16:26:19.468 [main] INFO  org.springframework.data.repository.config.RepositoryConfigurationDelegate - Finished Spring Data repository scanning in 493 ms. Found 0 JDBC repository interfaces.
2025-07-31 16:26:19.495 [main] INFO  org.springframework.data.repository.config.RepositoryConfigurationDelegate - Multiple Spring Data modules found, entering strict repository configuration mode
2025-07-31 16:26:19.498 [main] INFO  org.springframework.data.repository.config.RepositoryConfigurationDelegate - Bootstrapping Spring Data JPA repositories in DEFAULT mode.
2025-07-31 16:26:19.510 [main] DEBUG org.springframework.data.repository.config.RepositoryConfigurationDelegate - Scanning for JPA repositories in packages com.example.trainup.
2025-07-31 16:26:19.650 [main] DEBUG org.springframework.data.repository.config.RepositoryComponentProvider - Identified candidate component class: file [/mnt/c/Users/Bohdan-Dymydiuk/projects/com-projects/train-up/backend/target/classes/com/example/trainup/repository/AddressRepository.class]
2025-07-31 16:26:19.650 [main] DEBUG org.springframework.data.repository.config.RepositoryComponentProvider - Identified candidate component class: file [/mnt/c/Users/Bohdan-Dymydiuk/projects/com-projects/train-up/backend/target/classes/com/example/trainup/repository/AdminRepository.class]
2025-07-31 16:26:19.650 [main] DEBUG org.springframework.data.repository.config.RepositoryComponentProvider - Identified candidate component class: file [/mnt/c/Users/Bohdan-Dymydiuk/projects/com-projects/train-up/backend/target/classes/com/example/trainup/repository/AthleteRepository.class]
2025-07-31 16:26:19.651 [main] DEBUG org.springframework.data.repository.config.RepositoryComponentProvider - Identified candidate component class: file [/mnt/c/Users/Bohdan-Dymydiuk/projects/com-projects/train-up/backend/target/classes/com/example/trainup/repository/BaseUserRepository.class]
2025-07-31 16:26:19.651 [main] DEBUG org.springframework.data.repository.config.RepositoryComponentProvider - Identified candidate component class: file [/mnt/c/Users/Bohdan-Dymydiuk/projects/com-projects/train-up/backend/target/classes/com/example/trainup/repository/EventRepository.class]
2025-07-31 16:26:19.651 [main] DEBUG org.springframework.data.repository.config.RepositoryComponentProvider - Identified candidate component class: file [/mnt/c/Users/Bohdan-Dymydiuk/projects/com-projects/train-up/backend/target/classes/com/example/trainup/repository/GymOwnerRepository.class]
2025-07-31 16:26:19.652 [main] DEBUG org.springframework.data.repository.config.RepositoryComponentProvider - Identified candidate component class: file [/mnt/c/Users/Bohdan-Dymydiuk/projects/com-projects/train-up/backend/target/classes/com/example/trainup/repository/GymRepository.class]
2025-07-31 16:26:19.652 [main] DEBUG org.springframework.data.repository.config.RepositoryComponentProvider - Identified candidate component class: file [/mnt/c/Users/Bohdan-Dymydiuk/projects/com-projects/train-up/backend/target/classes/com/example/trainup/repository/ReviewRepository.class]
2025-07-31 16:26:19.652 [main] DEBUG org.springframework.data.repository.config.RepositoryComponentProvider - Identified candidate component class: file [/mnt/c/Users/Bohdan-Dymydiuk/projects/com-projects/train-up/backend/target/classes/com/example/trainup/repository/RoleRepository.class]
2025-07-31 16:26:19.652 [main] DEBUG org.springframework.data.repository.config.RepositoryComponentProvider - Identified candidate component class: file [/mnt/c/Users/Bohdan-Dymydiuk/projects/com-projects/train-up/backend/target/classes/com/example/trainup/repository/SportRepository.class]
2025-07-31 16:26:19.653 [main] DEBUG org.springframework.data.repository.config.RepositoryComponentProvider - Identified candidate component class: file [/mnt/c/Users/Bohdan-Dymydiuk/projects/com-projects/train-up/backend/target/classes/com/example/trainup/repository/TrainerRepository.class]
2025-07-31 16:26:19.653 [main] DEBUG org.springframework.data.repository.config.RepositoryComponentProvider - Identified candidate component class: file [/mnt/c/Users/Bohdan-Dymydiuk/projects/com-projects/train-up/backend/target/classes/com/example/trainup/repository/UserCredentialsRepository.class]
2025-07-31 16:26:20.184 [main] DEBUG org.springframework.context.annotation.ClassPathScanningCandidateComponentProvider - Identified candidate component class: file [/mnt/c/Users/Bohdan-Dymydiuk/projects/com-projects/train-up/backend/target/classes/com/example/trainup/mapper/AthleteMapperImpl.class]
2025-07-31 16:26:20.185 [main] DEBUG org.springframework.context.annotation.ClassPathScanningCandidateComponentProvider - Identified candidate component class: file [/mnt/c/Users/Bohdan-Dymydiuk/projects/com-projects/train-up/backend/target/classes/com/example/trainup/mapper/EventMapperImpl.class]
2025-07-31 16:26:20.185 [main] DEBUG org.springframework.context.annotation.ClassPathScanningCandidateComponentProvider - Identified candidate component class: file [/mnt/c/Users/Bohdan-Dymydiuk/projects/com-projects/train-up/backend/target/classes/com/example/trainup/mapper/GymMapperImpl.class]
2025-07-31 16:26:20.185 [main] DEBUG org.springframework.context.annotation.ClassPathScanningCandidateComponentProvider - Identified candidate component class: file [/mnt/c/Users/Bohdan-Dymydiuk/projects/com-projects/train-up/backend/target/classes/com/example/trainup/mapper/GymOwnerMapperImpl.class]
2025-07-31 16:26:20.185 [main] DEBUG org.springframework.context.annotation.ClassPathScanningCandidateComponentProvider - Identified candidate component class: file [/mnt/c/Users/Bohdan-Dymydiuk/projects/com-projects/train-up/backend/target/classes/com/example/trainup/mapper/ReviewMapperImpl.class]
2025-07-31 16:26:20.185 [main] DEBUG org.springframework.context.annotation.ClassPathScanningCandidateComponentProvider - Identified candidate component class: file [/mnt/c/Users/Bohdan-Dymydiuk/projects/com-projects/train-up/backend/target/classes/com/example/trainup/mapper/SportMapperImpl.class]
2025-07-31 16:26:20.186 [main] DEBUG org.springframework.context.annotation.ClassPathScanningCandidateComponentProvider - Identified candidate component class: file [/mnt/c/Users/Bohdan-Dymydiuk/projects/com-projects/train-up/backend/target/classes/com/example/trainup/mapper/TrainerMapperImpl.class]
2025-07-31 16:26:20.186 [main] DEBUG org.springframework.context.annotation.ClassPathScanningCandidateComponentProvider - Identified candidate component class: file [/mnt/c/Users/Bohdan-Dymydiuk/projects/com-projects/train-up/backend/target/classes/com/example/trainup/service/EventServiceImpl.class]
2025-07-31 16:26:20.187 [main] DEBUG org.springframework.context.annotation.ClassPathScanningCandidateComponentProvider - Identified candidate component class: file [/mnt/c/Users/Bohdan-Dymydiuk/projects/com-projects/train-up/backend/target/classes/com/example/trainup/service/GymServiceImpl.class]
2025-07-31 16:26:20.187 [main] DEBUG org.springframework.context.annotation.ClassPathScanningCandidateComponentProvider - Identified candidate component class: file [/mnt/c/Users/Bohdan-Dymydiuk/projects/com-projects/train-up/backend/target/classes/com/example/trainup/service/ReviewServiceImpl.class]
2025-07-31 16:26:20.187 [main] DEBUG org.springframework.context.annotation.ClassPathScanningCandidateComponentProvider - Identified candidate component class: file [/mnt/c/Users/Bohdan-Dymydiuk/projects/com-projects/train-up/backend/target/classes/com/example/trainup/service/SportServiceImpl.class]
2025-07-31 16:26:20.188 [main] DEBUG org.springframework.context.annotation.ClassPathScanningCandidateComponentProvider - Identified candidate component class: file [/mnt/c/Users/Bohdan-Dymydiuk/projects/com-projects/train-up/backend/target/classes/com/example/trainup/service/users/AthleteServiceImpl.class]
2025-07-31 16:26:20.188 [main] DEBUG org.springframework.context.annotation.ClassPathScanningCandidateComponentProvider - Identified candidate component class: file [/mnt/c/Users/Bohdan-Dymydiuk/projects/com-projects/train-up/backend/target/classes/com/example/trainup/service/users/GymOwnerServiceImpl.class]
2025-07-31 16:26:20.188 [main] DEBUG org.springframework.context.annotation.ClassPathScanningCandidateComponentProvider - Identified candidate component class: file [/mnt/c/Users/Bohdan-Dymydiuk/projects/com-projects/train-up/backend/target/classes/com/example/trainup/service/users/TrainerServiceImpl.class]
2025-07-31 16:26:20.451 [main] INFO  org.springframework.data.repository.config.RepositoryConfigurationDelegate - Finished Spring Data repository scanning in 939 ms. Found 12 JPA repository interfaces.
2025-07-31 16:26:20.723 [main] DEBUG org.springframework.beans.factory.support.DefaultListableBeanFactory - Creating shared instance of singleton bean 'org.springframework.boot.test.context.ImportsContextCustomizer$ImportsCleanupPostProcessor'
2025-07-31 16:26:20.724 [main] DEBUG org.springframework.beans.factory.support.DefaultListableBeanFactory - Creating shared instance of singleton bean 'springSecurityHandlerMappingIntrospectorBeanDefinitionRegistryPostProcessor'
2025-07-31 16:26:20.973 [main] DEBUG org.springframework.beans.factory.support.DefaultListableBeanFactory - Creating shared instance of singleton bean 'propertySourcesPlaceholderConfigurer'
2025-07-31 16:26:20.982 [main] DEBUG org.springframework.beans.factory.support.DefaultListableBeanFactory - Creating shared instance of singleton bean 'org.springframework.boot.test.mock.mockito.MockitoPostProcessor'
2025-07-31 16:26:20.984 [main] DEBUG org.springframework.beans.factory.support.DefaultListableBeanFactory - Creating shared instance of singleton bean 'org.springframework.boot.sql.init.dependency.DatabaseInitializationDependencyConfigurer$DependsOnDatabaseInitializationPostProcessor'
2025-07-31 16:26:20.985 [main] DEBUG org.springframework.beans.factory.support.DefaultListableBeanFactory - Creating shared instance of singleton bean 'emBeanDefinitionRegistrarPostProcessor'
2025-07-31 16:26:23.106 [main] DEBUG org.springframework.beans.factory.support.DefaultListableBeanFactory - Creating shared instance of singleton bean 'org.springframework.context.event.internalEventListenerProcessor'
2025-07-31 16:26:23.111 [main] DEBUG org.springframework.beans.factory.support.DefaultListableBeanFactory - Creating shared instance of singleton bean 'preserveErrorControllerTargetClassPostProcessor'
2025-07-31 16:26:23.112 [main] DEBUG org.springframework.beans.factory.support.DefaultListableBeanFactory - Creating shared instance of singleton bean 'conversionServicePostProcessor'
2025-07-31 16:26:23.131 [main] DEBUG org.springframework.beans.factory.support.DefaultListableBeanFactory - Creating shared instance of singleton bean 'org.springframework.context.event.internalEventListenerFactory'
2025-07-31 16:26:23.132 [main] DEBUG org.springframework.beans.factory.support.DefaultListableBeanFactory - Creating shared instance of singleton bean 'org.springframework.transaction.config.internalTransactionalEventListenerFactory'
2025-07-31 16:26:23.148 [main] DEBUG org.springframework.beans.factory.support.DefaultListableBeanFactory - Creating shared instance of singleton bean 'org.springframework.context.annotation.internalAutowiredAnnotationProcessor'
2025-07-31 16:26:23.156 [main] DEBUG org.springframework.beans.factory.support.DefaultListableBeanFactory - Creating shared instance of singleton bean 'org.springframework.context.annotation.internalCommonAnnotationProcessor'
2025-07-31 16:26:23.176 [main] DEBUG org.springframework.beans.factory.support.DefaultListableBeanFactory - Creating shared instance of singleton bean 'org.springframework.context.annotation.internalPersistenceAnnotationProcessor'
2025-07-31 16:26:23.177 [main] DEBUG org.springframework.beans.factory.support.DefaultListableBeanFactory - Creating shared instance of singleton bean 'org.springframework.boot.test.mock.mockito.MockitoPostProcessor$SpyPostProcessor'
2025-07-31 16:26:23.179 [main] DEBUG org.springframework.beans.factory.support.DefaultListableBeanFactory - Creating shared instance of singleton bean 'org.springframework.boot.context.properties.ConfigurationPropertiesBindingPostProcessor'
2025-07-31 16:26:23.180 [main] DEBUG org.springframework.beans.factory.support.DefaultListableBeanFactory - Creating shared instance of singleton bean 'org.springframework.boot.context.internalConfigurationPropertiesBinder'
2025-07-31 16:26:23.187 [main] DEBUG org.springframework.beans.factory.support.DefaultListableBeanFactory - Creating shared instance of singleton bean 'jdbcConnectionDetailsHikariBeanPostProcessor'
2025-07-31 16:26:23.199 [main] DEBUG org.springframework.beans.factory.support.DefaultListableBeanFactory - Creating shared instance of singleton bean 'org.springframework.aop.config.internalAutoProxyCreator'
2025-07-31 16:26:23.291 [main] DEBUG org.springframework.beans.factory.support.DefaultListableBeanFactory - Creating shared instance of singleton bean 'methodValidationPostProcessor'
2025-07-31 16:26:23.296 [main] DEBUG org.springframework.beans.factory.support.DefaultListableBeanFactory - Autowiring by type from bean name 'methodValidationPostProcessor' via factory method to bean named 'environment'
2025-07-31 16:26:23.339 [main] DEBUG org.springframework.beans.factory.support.DefaultListableBeanFactory - Creating shared instance of singleton bean 'org.springframework.boot.context.properties.EnableConfigurationPropertiesRegistrar.methodValidationExcludeFilter'
2025-07-31 16:26:23.383 [main] DEBUG org.springframework.beans.factory.support.DefaultListableBeanFactory - Creating shared instance of singleton bean 'persistenceExceptionTranslationPostProcessor'
2025-07-31 16:26:23.385 [main] DEBUG org.springframework.beans.factory.support.DefaultListableBeanFactory - Autowiring by type from bean name 'persistenceExceptionTranslationPostProcessor' via factory method to bean named 'environment'
2025-07-31 16:26:23.391 [main] DEBUG org.springframework.beans.factory.support.DefaultListableBeanFactory - Creating shared instance of singleton bean 'annotationActionEndpointMapping'
2025-07-31 16:26:23.392 [main] DEBUG org.springframework.beans.factory.support.DefaultListableBeanFactory - Creating shared instance of singleton bean 'org.springframework.ws.config.annotation.DelegatingWsConfiguration'
2025-07-31 16:26:23.405 [main] WARN  org.springframework.context.support.PostProcessorRegistrationDelegate$BeanPostProcessorChecker - Bean 'org.springframework.ws.config.annotation.DelegatingWsConfiguration' of type [org.springframework.ws.config.annotation.DelegatingWsConfiguration$$SpringCGLIB$$0] is not eligible for getting processed by all BeanPostProcessors (for example: not eligible for auto-proxying). The currently created BeanPostProcessor [annotationActionEndpointMapping] is declared through a non-static factory method on that class; consider declaring it as static instead.
2025-07-31 16:26:23.468 [main] INFO  org.springframework.ws.soap.addressing.server.AnnotationActionEndpointMapping - Supporting [WS-Addressing August 2004, WS-Addressing 1.0]
2025-07-31 16:26:23.471 [main] DEBUG org.springframework.beans.factory.support.DefaultListableBeanFactory - Creating shared instance of singleton bean 'webServerFactoryCustomizerBeanPostProcessor'
2025-07-31 16:26:23.473 [main] DEBUG org.springframework.beans.factory.support.DefaultListableBeanFactory - Creating shared instance of singleton bean 'errorPageRegistrarBeanPostProcessor'
2025-07-31 16:26:23.473 [main] DEBUG org.springframework.beans.factory.support.DefaultListableBeanFactory - Creating shared instance of singleton bean 'healthEndpointGroupsBeanPostProcessor'
2025-07-31 16:26:23.475 [main] DEBUG org.springframework.beans.factory.support.DefaultListableBeanFactory - Creating shared instance of singleton bean 'preFilterAuthorizationAdvisor'
2025-07-31 16:26:23.476 [main] DEBUG org.springframework.beans.factory.support.DefaultListableBeanFactory - Creating shared instance of singleton bean 'preFilterAuthorizationMethodInterceptor'
2025-07-31 16:26:23.566 [main] DEBUG org.springframework.beans.factory.support.DefaultListableBeanFactory - Creating shared instance of singleton bean 'preAuthorizeAuthorizationAdvisor'
2025-07-31 16:26:23.567 [main] DEBUG org.springframework.beans.factory.support.DefaultListableBeanFactory - Creating shared instance of singleton bean 'preAuthorizeAuthorizationMethodInterceptor'
2025-07-31 16:26:23.568 [main] DEBUG org.springframework.beans.factory.support.DefaultListableBeanFactory - Creating shared instance of singleton bean 'postFilterAuthorizationAdvisor'
2025-07-31 16:26:23.569 [main] DEBUG org.springframework.beans.factory.support.DefaultListableBeanFactory - Creating shared instance of singleton bean 'postFilterAuthorizationMethodInterceptor'
2025-07-31 16:26:23.571 [main] DEBUG org.springframework.beans.factory.support.DefaultListableBeanFactory - Creating shared instance of singleton bean 'postAuthorizeAuthorizationAdvisor'
2025-07-31 16:26:23.571 [main] DEBUG org.springframework.beans.factory.support.DefaultListableBeanFactory - Creating shared instance of singleton bean 'postAuthorizeAuthorizationMethodInterceptor'
2025-07-31 16:26:23.573 [main] DEBUG org.springframework.beans.factory.support.DefaultListableBeanFactory - Creating shared instance of singleton bean 'authorizeReturnObjectAdvisor'
2025-07-31 16:26:23.574 [main] DEBUG org.springframework.beans.factory.support.DefaultListableBeanFactory - Creating shared instance of singleton bean 'authorizeReturnObjectMethodInterceptor'
2025-07-31 16:26:23.574 [main] DEBUG org.springframework.beans.factory.support.DefaultListableBeanFactory - Creating shared instance of singleton bean 'authorizationProxyFactory'
2025-07-31 16:26:23.589 [main] DEBUG org.springframework.beans.factory.support.DefaultListableBeanFactory - Autowiring by type from bean name 'authorizeReturnObjectMethodInterceptor' via factory method to bean named 'authorizationProxyFactory'
2025-07-31 16:26:23.600 [main] DEBUG org.springframework.beans.factory.support.DefaultListableBeanFactory - Creating shared instance of singleton bean 'org.springframework.transaction.config.internalTransactionAdvisor'
2025-07-31 16:26:23.601 [main] DEBUG org.springframework.beans.factory.support.DefaultListableBeanFactory - Creating shared instance of singleton bean 'org.springframework.transaction.annotation.ProxyTransactionManagementConfiguration'
2025-07-31 16:26:23.671 [main] DEBUG org.springframework.aop.aspectj.annotation.ReflectiveAspectJAdvisorFactory - Found AspectJ method: public java.lang.Object io.micrometer.observation.aop.ObservedAspect.observeClass(org.aspectj.lang.ProceedingJoinPoint) throws java.lang.Throwable
2025-07-31 16:26:23.674 [main] DEBUG org.springframework.aop.aspectj.annotation.ReflectiveAspectJAdvisorFactory - Found AspectJ method: public java.lang.Object io.micrometer.observation.aop.ObservedAspect.observeMethod(org.aspectj.lang.ProceedingJoinPoint) throws java.lang.Throwable
2025-07-31 16:26:24.078 [main] DEBUG org.springframework.beans.factory.support.DefaultListableBeanFactory - Creating shared instance of singleton bean 'transactionAttributeSource'
2025-07-31 16:26:24.098 [main] DEBUG org.springframework.beans.factory.support.DefaultListableBeanFactory - Creating shared instance of singleton bean 'transactionInterceptor'
2025-07-31 16:26:24.099 [main] DEBUG org.springframework.beans.factory.support.DefaultListableBeanFactory - Autowiring by type from bean name 'transactionInterceptor' via factory method to bean named 'transactionAttributeSource'
2025-07-31 16:26:24.118 [main] DEBUG org.springframework.beans.factory.support.DefaultListableBeanFactory - Autowiring by type from bean name 'org.springframework.transaction.config.internalTransactionAdvisor' via factory method to bean named 'transactionAttributeSource'
2025-07-31 16:26:24.119 [main] DEBUG org.springframework.beans.factory.support.DefaultListableBeanFactory - Autowiring by type from bean name 'org.springframework.transaction.config.internalTransactionAdvisor' via factory method to bean named 'transactionInterceptor'
2025-07-31 16:26:24.135 [main] DEBUG org.springframework.beans.factory.support.DefaultListableBeanFactory - Creating shared instance of singleton bean 'meterRegistryPostProcessor'
2025-07-31 16:26:24.140 [main] DEBUG org.springframework.beans.factory.support.DefaultListableBeanFactory - Autowiring by type from bean name 'meterRegistryPostProcessor' via factory method to bean named 'org.springframework.web.context.support.GenericWebApplicationContext@7942a854'
2025-07-31 16:26:24.151 [main] DEBUG org.springframework.beans.factory.support.DefaultListableBeanFactory - Creating shared instance of singleton bean 'metricsRepositoryMethodInvocationListenerBeanPostProcessor'
2025-07-31 16:26:24.159 [main] DEBUG org.springframework.beans.factory.support.DefaultListableBeanFactory - Creating shared instance of singleton bean 'observationRegistryPostProcessor'
2025-07-31 16:26:24.169 [main] DEBUG org.springframework.beans.factory.support.DefaultListableBeanFactory - Creating shared instance of singleton bean 'projectingArgumentResolverBeanPostProcessor'
2025-07-31 16:26:24.263 [main] DEBUG org.springframework.ui.context.support.UiApplicationContextUtils - Unable to locate ThemeSource with name 'themeSource': using default [org.springframework.ui.context.support.ResourceBundleThemeSource@2a7392a3]
2025-07-31 16:26:24.266 [main] DEBUG org.springframework.beans.factory.support.DefaultListableBeanFactory - Creating shared instance of singleton bean 'org.springframework.test.context.support.internalDynamicPropertyRegistrarBeanInitializer'
2025-07-31 16:26:24.274 [main] DEBUG org.springframework.beans.factory.support.DefaultListableBeanFactory - Creating shared instance of singleton bean 'liquibase'
2025-07-31 16:26:24.275 [main] DEBUG org.springframework.beans.factory.support.DefaultListableBeanFactory - Creating shared instance of singleton bean 'org.springframework.boot.autoconfigure.liquibase.LiquibaseAutoConfiguration$LiquibaseConfiguration'
2025-07-31 16:26:24.284 [main] DEBUG org.springframework.beans.factory.support.DefaultListableBeanFactory - Creating shared instance of singleton bean 'spring.liquibase-org.springframework.boot.autoconfigure.liquibase.LiquibaseProperties'
2025-07-31 16:26:24.286 [main] DEBUG org.springframework.beans.factory.support.DefaultListableBeanFactory - Creating shared instance of singleton bean 'org.springframework.boot.context.properties.BoundConfigurationProperties'
2025-07-31 16:26:24.333 [main] DEBUG org.springframework.beans.factory.support.DefaultListableBeanFactory - Creating shared instance of singleton bean 'liquibaseConnectionDetails'
2025-07-31 16:26:24.335 [main] DEBUG org.springframework.beans.factory.support.DefaultListableBeanFactory - Autowiring by type from bean name 'liquibaseConnectionDetails' via factory method to bean named 'spring.liquibase-org.springframework.boot.autoconfigure.liquibase.LiquibaseProperties'
2025-07-31 16:26:24.338 [main] DEBUG org.springframework.beans.factory.support.DefaultListableBeanFactory - Autowiring by type from bean name 'liquibase' via factory method to bean named 'spring.liquibase-org.springframework.boot.autoconfigure.liquibase.LiquibaseProperties'
2025-07-31 16:26:24.339 [main] DEBUG org.springframework.beans.factory.support.DefaultListableBeanFactory - Autowiring by type from bean name 'liquibase' via factory method to bean named 'liquibaseConnectionDetails'
2025-07-31 16:26:24.341 [main] DEBUG org.springframework.beans.factory.support.DefaultListableBeanFactory - Creating shared instance of singleton bean 'dataSource'
2025-07-31 16:26:24.342 [main] DEBUG org.springframework.beans.factory.support.DefaultListableBeanFactory - Creating shared instance of singleton bean 'org.springframework.boot.autoconfigure.jdbc.DataSourceConfiguration$Hikari'
2025-07-31 16:26:24.346 [main] DEBUG org.springframework.beans.factory.support.DefaultListableBeanFactory - Creating shared instance of singleton bean 'spring.datasource-org.springframework.boot.autoconfigure.jdbc.DataSourceProperties'
2025-07-31 16:26:24.372 [main] DEBUG org.springframework.beans.factory.support.DefaultListableBeanFactory - Creating shared instance of singleton bean 'jdbcConnectionDetails'
2025-07-31 16:26:24.373 [main] DEBUG org.springframework.beans.factory.support.DefaultListableBeanFactory - Creating shared instance of singleton bean 'org.springframework.boot.autoconfigure.jdbc.DataSourceAutoConfiguration$PooledDataSourceConfiguration'
2025-07-31 16:26:24.377 [main] DEBUG org.springframework.beans.factory.support.DefaultListableBeanFactory - Autowiring by type from bean name 'jdbcConnectionDetails' via factory method to bean named 'spring.datasource-org.springframework.boot.autoconfigure.jdbc.DataSourceProperties'
2025-07-31 16:26:24.381 [main] DEBUG org.springframework.beans.factory.support.DefaultListableBeanFactory - Autowiring by type from bean name 'dataSource' via factory method to bean named 'spring.datasource-org.springframework.boot.autoconfigure.jdbc.DataSourceProperties'
2025-07-31 16:26:24.382 [main] DEBUG org.springframework.beans.factory.support.DefaultListableBeanFactory - Autowiring by type from bean name 'dataSource' via factory method to bean named 'jdbcConnectionDetails'
2025-07-31 16:26:24.428 [main] DEBUG com.zaxxer.hikari.HikariConfig - Driver class org.h2.Driver found in Thread context class loader jdk.internal.loader.ClassLoaders$AppClassLoader@30946e09
2025-07-31 16:26:24.614 [main] DEBUG com.zaxxer.hikari.HikariConfig - HikariPool-1 - configuration:
2025-07-31 16:26:24.623 [main] DEBUG com.zaxxer.hikari.HikariConfig - allowPoolSuspension.............false
2025-07-31 16:26:24.624 [main] DEBUG com.zaxxer.hikari.HikariConfig - autoCommit......................true
2025-07-31 16:26:24.628 [main] DEBUG com.zaxxer.hikari.HikariConfig - catalog.........................none
2025-07-31 16:26:24.629 [main] DEBUG com.zaxxer.hikari.HikariConfig - connectionInitSql...............none
2025-07-31 16:26:24.630 [main] DEBUG com.zaxxer.hikari.HikariConfig - connectionTestQuery.............none
2025-07-31 16:26:24.630 [main] DEBUG com.zaxxer.hikari.HikariConfig - connectionTimeout...............30000
2025-07-31 16:26:24.631 [main] DEBUG com.zaxxer.hikari.HikariConfig - dataSource......................none
2025-07-31 16:26:24.633 [main] DEBUG com.zaxxer.hikari.HikariConfig - dataSourceClassName.............none
2025-07-31 16:26:24.633 [main] DEBUG com.zaxxer.hikari.HikariConfig - dataSourceJNDI..................none
2025-07-31 16:26:24.634 [main] DEBUG com.zaxxer.hikari.HikariConfig - dataSourceProperties............{password=<masked>}
2025-07-31 16:26:24.636 [main] DEBUG com.zaxxer.hikari.HikariConfig - driverClassName................."org.h2.Driver"
2025-07-31 16:26:24.636 [main] DEBUG com.zaxxer.hikari.HikariConfig - exceptionOverrideClassName......none
2025-07-31 16:26:24.636 [main] DEBUG com.zaxxer.hikari.HikariConfig - healthCheckProperties...........{}
2025-07-31 16:26:24.637 [main] DEBUG com.zaxxer.hikari.HikariConfig - healthCheckRegistry.............none
2025-07-31 16:26:24.637 [main] DEBUG com.zaxxer.hikari.HikariConfig - idleTimeout.....................600000
2025-07-31 16:26:24.638 [main] DEBUG com.zaxxer.hikari.HikariConfig - initializationFailTimeout.......1
2025-07-31 16:26:24.639 [main] DEBUG com.zaxxer.hikari.HikariConfig - isolateInternalQueries..........false
2025-07-31 16:26:24.640 [main] DEBUG com.zaxxer.hikari.HikariConfig - jdbcUrl.........................jdbc:h2:mem:9a86f750-a3f4-4a77-85aa-271c06e7703a;DB_CLOSE_DELAY=-1;DB_CLOSE_ON_EXIT=FALSE
2025-07-31 16:26:24.640 [main] DEBUG com.zaxxer.hikari.HikariConfig - keepaliveTime...................0
2025-07-31 16:26:24.641 [main] DEBUG com.zaxxer.hikari.HikariConfig - leakDetectionThreshold..........0
2025-07-31 16:26:24.641 [main] DEBUG com.zaxxer.hikari.HikariConfig - maxLifetime.....................1800000
2025-07-31 16:26:24.642 [main] DEBUG com.zaxxer.hikari.HikariConfig - maximumPoolSize.................10
2025-07-31 16:26:24.642 [main] DEBUG com.zaxxer.hikari.HikariConfig - metricRegistry..................none
2025-07-31 16:26:24.643 [main] DEBUG com.zaxxer.hikari.HikariConfig - metricsTrackerFactory...........none
2025-07-31 16:26:24.643 [main] DEBUG com.zaxxer.hikari.HikariConfig - minimumIdle.....................10
2025-07-31 16:26:24.643 [main] DEBUG com.zaxxer.hikari.HikariConfig - password........................<masked>
2025-07-31 16:26:24.643 [main] DEBUG com.zaxxer.hikari.HikariConfig - poolName........................"HikariPool-1"
2025-07-31 16:26:24.645 [main] DEBUG com.zaxxer.hikari.HikariConfig - readOnly........................false
2025-07-31 16:26:24.645 [main] DEBUG com.zaxxer.hikari.HikariConfig - registerMbeans..................false
2025-07-31 16:26:24.646 [main] DEBUG com.zaxxer.hikari.HikariConfig - scheduledExecutor...............none
2025-07-31 16:26:24.648 [main] DEBUG com.zaxxer.hikari.HikariConfig - schema..........................none
2025-07-31 16:26:24.648 [main] DEBUG com.zaxxer.hikari.HikariConfig - threadFactory...................internal
2025-07-31 16:26:24.649 [main] DEBUG com.zaxxer.hikari.HikariConfig - transactionIsolation............default
2025-07-31 16:26:24.649 [main] DEBUG com.zaxxer.hikari.HikariConfig - username........................"sa"
2025-07-31 16:26:24.649 [main] DEBUG com.zaxxer.hikari.HikariConfig - validationTimeout...............5000
2025-07-31 16:26:24.649 [main] INFO  com.zaxxer.hikari.HikariDataSource - HikariPool-1 - Starting...
2025-07-31 16:26:25.326 [main] INFO  com.zaxxer.hikari.pool.HikariPool - HikariPool-1 - Added connection conn0: url=jdbc:h2:mem:9a86f750-a3f4-4a77-85aa-271c06e7703a user=SA
2025-07-31 16:26:25.336 [main] INFO  com.zaxxer.hikari.HikariDataSource - HikariPool-1 - Start completed.
2025-07-31 16:26:25.437 [HikariPool-1 housekeeper] DEBUG com.zaxxer.hikari.pool.HikariPool - HikariPool-1 - Pool stats (total=1, active=1, idle=0, waiting=0)
2025-07-31 16:26:25.439 [HikariPool-1 connection adder] DEBUG com.zaxxer.hikari.pool.HikariPool - HikariPool-1 - Added connection conn1: url=jdbc:h2:mem:9a86f750-a3f4-4a77-85aa-271c06e7703a user=SA
2025-07-31 16:26:25.470 [HikariPool-1 connection adder] DEBUG com.zaxxer.hikari.pool.HikariPool - HikariPool-1 - After adding stats (total=2, active=1, idle=1, waiting=0)
2025-07-31 16:26:25.471 [HikariPool-1 connection adder] DEBUG com.zaxxer.hikari.pool.HikariPool - HikariPool-1 - Added connection conn2: url=jdbc:h2:mem:9a86f750-a3f4-4a77-85aa-271c06e7703a user=SA
2025-07-31 16:26:25.503 [HikariPool-1 connection adder] DEBUG com.zaxxer.hikari.pool.HikariPool - HikariPool-1 - After adding stats (total=3, active=1, idle=2, waiting=0)
2025-07-31 16:26:25.504 [HikariPool-1 connection adder] DEBUG com.zaxxer.hikari.pool.HikariPool - HikariPool-1 - Added connection conn3: url=jdbc:h2:mem:9a86f750-a3f4-4a77-85aa-271c06e7703a user=SA
2025-07-31 16:26:25.529 [main] INFO  liquibase.database - Set default schema name to PUBLIC
2025-07-31 16:26:25.531 [main] DEBUG liquibase.configuration - No configuration value for liquibase.liquibaseSchemaName aka liquibase.schemaName found
2025-07-31 16:26:25.535 [HikariPool-1 connection adder] DEBUG com.zaxxer.hikari.pool.HikariPool - HikariPool-1 - After adding stats (total=4, active=1, idle=3, waiting=0)
2025-07-31 16:26:25.535 [main] DEBUG liquibase.configuration - No configuration value for liquibase.supportPropertyEscaping aka enableEscaping found
2025-07-31 16:26:25.536 [main] DEBUG liquibase.configuration - Configuration liquibase.supportPropertyEscaping is using the default value of false
2025-07-31 16:26:25.536 [HikariPool-1 connection adder] DEBUG com.zaxxer.hikari.pool.HikariPool - HikariPool-1 - Added connection conn4: url=jdbc:h2:mem:9a86f750-a3f4-4a77-85aa-271c06e7703a user=SA
2025-07-31 16:26:25.567 [HikariPool-1 connection adder] DEBUG com.zaxxer.hikari.pool.HikariPool - HikariPool-1 - After adding stats (total=5, active=1, idle=4, waiting=0)
2025-07-31 16:26:25.569 [HikariPool-1 connection adder] DEBUG com.zaxxer.hikari.pool.HikariPool - HikariPool-1 - Added connection conn5: url=jdbc:h2:mem:9a86f750-a3f4-4a77-85aa-271c06e7703a user=SA
2025-07-31 16:26:25.595 [main] DEBUG liquibase.servicelocator - Loaded liquibase.command.CommandStep instance liquibase.command.core.CalculateChecksumCommandStep
2025-07-31 16:26:25.597 [main] DEBUG liquibase.servicelocator - Loaded liquibase.command.CommandStep instance liquibase.command.core.ChangelogSyncCommandStep
2025-07-31 16:26:25.599 [main] DEBUG liquibase.servicelocator - Loaded liquibase.command.CommandStep instance liquibase.command.core.ChangelogSyncSqlCommandStep
2025-07-31 16:26:25.600 [HikariPool-1 connection adder] DEBUG com.zaxxer.hikari.pool.HikariPool - HikariPool-1 - After adding stats (total=6, active=1, idle=5, waiting=0)
2025-07-31 16:26:25.601 [main] DEBUG liquibase.servicelocator - Loaded liquibase.command.CommandStep instance liquibase.command.core.ChangelogSyncToTagCommandStep
2025-07-31 16:26:25.601 [HikariPool-1 connection adder] DEBUG com.zaxxer.hikari.pool.HikariPool - HikariPool-1 - Added connection conn6: url=jdbc:h2:mem:9a86f750-a3f4-4a77-85aa-271c06e7703a user=SA
2025-07-31 16:26:25.603 [main] DEBUG liquibase.servicelocator - Loaded liquibase.command.CommandStep instance liquibase.command.core.ChangelogSyncToTagSqlCommandStep
2025-07-31 16:26:25.604 [main] DEBUG liquibase.servicelocator - Loaded liquibase.command.CommandStep instance liquibase.command.core.ClearChecksumsCommandStep
2025-07-31 16:26:25.607 [main] DEBUG liquibase.servicelocator - Loaded liquibase.command.CommandStep instance liquibase.command.core.DbDocCommandStep
2025-07-31 16:26:25.624 [main] DEBUG liquibase.servicelocator - Loaded liquibase.change.Change instance liquibase.change.core.AddAutoIncrementChange
2025-07-31 16:26:25.627 [main] DEBUG liquibase.servicelocator - Loaded liquibase.change.Change instance liquibase.change.core.AddColumnChange
2025-07-31 16:26:25.629 [main] DEBUG liquibase.servicelocator - Loaded liquibase.change.Change instance liquibase.change.core.AddDefaultValueChange
2025-07-31 16:26:25.631 [main] DEBUG liquibase.servicelocator - Loaded liquibase.change.Change instance liquibase.change.core.AddForeignKeyConstraintChange
2025-07-31 16:26:25.632 [HikariPool-1 connection adder] DEBUG com.zaxxer.hikari.pool.HikariPool - HikariPool-1 - After adding stats (total=7, active=1, idle=6, waiting=0)
2025-07-31 16:26:25.633 [main] DEBUG liquibase.servicelocator - Loaded liquibase.change.Change instance liquibase.change.core.AddLookupTableChange
2025-07-31 16:26:25.633 [HikariPool-1 connection adder] DEBUG com.zaxxer.hikari.pool.HikariPool - HikariPool-1 - Added connection conn7: url=jdbc:h2:mem:9a86f750-a3f4-4a77-85aa-271c06e7703a user=SA
2025-07-31 16:26:25.634 [main] DEBUG liquibase.servicelocator - Loaded liquibase.change.Change instance liquibase.change.core.AddNotNullConstraintChange
2025-07-31 16:26:25.636 [main] DEBUG liquibase.servicelocator - Loaded liquibase.change.Change instance liquibase.change.core.AddPrimaryKeyChange
2025-07-31 16:26:25.638 [main] DEBUG liquibase.servicelocator - Loaded liquibase.change.Change instance liquibase.change.core.AddUniqueConstraintChange
2025-07-31 16:26:25.640 [main] DEBUG liquibase.servicelocator - Loaded liquibase.change.Change instance liquibase.change.core.AlterSequenceChange
2025-07-31 16:26:25.643 [main] DEBUG liquibase.servicelocator - Loaded liquibase.change.Change instance liquibase.change.core.CreateIndexChange
2025-07-31 16:26:25.654 [main] DEBUG liquibase.servicelocator - Loaded liquibase.change.Change instance liquibase.change.core.CreateProcedureChange
2025-07-31 16:26:25.655 [main] DEBUG liquibase.servicelocator - Loaded liquibase.change.Change instance liquibase.change.core.CreateSequenceChange
2025-07-31 16:26:25.657 [main] DEBUG liquibase.servicelocator - Loaded liquibase.change.Change instance liquibase.change.core.CreateTableChange
2025-07-31 16:26:25.659 [main] DEBUG liquibase.servicelocator - Loaded liquibase.change.Change instance liquibase.change.core.CreateViewChange
2025-07-31 16:26:25.662 [main] DEBUG liquibase.servicelocator - Loaded liquibase.change.Change instance liquibase.change.core.DeleteDataChange
2025-07-31 16:26:25.664 [HikariPool-1 connection adder] DEBUG com.zaxxer.hikari.pool.HikariPool - HikariPool-1 - After adding stats (total=8, active=1, idle=7, waiting=0)
2025-07-31 16:26:25.664 [main] DEBUG liquibase.servicelocator - Loaded liquibase.change.Change instance liquibase.change.core.DropAllForeignKeyConstraintsChange
2025-07-31 16:26:25.665 [HikariPool-1 connection adder] DEBUG com.zaxxer.hikari.pool.HikariPool - HikariPool-1 - Added connection conn8: url=jdbc:h2:mem:9a86f750-a3f4-4a77-85aa-271c06e7703a user=SA
2025-07-31 16:26:25.668 [main] DEBUG liquibase.servicelocator - Loaded liquibase.change.Change instance liquibase.change.core.DropColumnChange
2025-07-31 16:26:25.671 [main] DEBUG liquibase.servicelocator - Loaded liquibase.change.Change instance liquibase.change.core.DropDefaultValueChange
2025-07-31 16:26:25.673 [main] DEBUG liquibase.servicelocator - Loaded liquibase.change.Change instance liquibase.change.core.DropForeignKeyConstraintChange
2025-07-31 16:26:25.675 [main] DEBUG liquibase.servicelocator - Loaded liquibase.change.Change instance liquibase.change.core.DropIndexChange
2025-07-31 16:26:25.678 [main] DEBUG liquibase.servicelocator - Loaded liquibase.change.Change instance liquibase.change.core.DropNotNullConstraintChange
2025-07-31 16:26:25.679 [main] DEBUG liquibase.servicelocator - Loaded liquibase.change.Change instance liquibase.change.core.DropPrimaryKeyChange
2025-07-31 16:26:25.681 [main] DEBUG liquibase.servicelocator - Loaded liquibase.change.Change instance liquibase.change.core.DropProcedureChange
2025-07-31 16:26:25.683 [main] DEBUG liquibase.servicelocator - Loaded liquibase.change.Change instance liquibase.change.core.DropSequenceChange
2025-07-31 16:26:25.685 [main] DEBUG liquibase.servicelocator - Loaded liquibase.change.Change instance liquibase.change.core.DropTableChange
2025-07-31 16:26:25.687 [main] DEBUG liquibase.servicelocator - Loaded liquibase.change.Change instance liquibase.change.core.DropUniqueConstraintChange
2025-07-31 16:26:25.688 [main] DEBUG liquibase.servicelocator - Loaded liquibase.change.Change instance liquibase.change.core.DropViewChange
2025-07-31 16:26:25.690 [main] DEBUG liquibase.servicelocator - Loaded liquibase.change.Change instance liquibase.change.core.EmptyChange
2025-07-31 16:26:25.693 [main] DEBUG liquibase.servicelocator - Loaded liquibase.change.Change instance liquibase.change.core.ExecuteShellCommandChange
2025-07-31 16:26:25.695 [main] DEBUG liquibase.servicelocator - Loaded liquibase.change.Change instance liquibase.change.core.InsertDataChange
2025-07-31 16:26:25.696 [HikariPool-1 connection adder] DEBUG com.zaxxer.hikari.pool.HikariPool - HikariPool-1 - After adding stats (total=9, active=1, idle=8, waiting=0)
2025-07-31 16:26:25.697 [HikariPool-1 connection adder] DEBUG com.zaxxer.hikari.pool.HikariPool - HikariPool-1 - Added connection conn9: url=jdbc:h2:mem:9a86f750-a3f4-4a77-85aa-271c06e7703a user=SA
2025-07-31 16:26:25.709 [main] DEBUG liquibase.servicelocator - Loaded liquibase.change.Change instance liquibase.change.core.LoadDataChange
2025-07-31 16:26:25.721 [main] DEBUG liquibase.servicelocator - Loaded liquibase.change.Change instance liquibase.change.core.LoadUpdateDataChange
2025-07-31 16:26:25.723 [main] DEBUG liquibase.servicelocator - Loaded liquibase.change.Change instance liquibase.change.core.MergeColumnChange
2025-07-31 16:26:25.725 [main] DEBUG liquibase.servicelocator - Loaded liquibase.change.Change instance liquibase.change.core.ModifyDataTypeChange
2025-07-31 16:26:25.726 [main] DEBUG liquibase.servicelocator - Loaded liquibase.change.Change instance liquibase.change.core.OutputChange
2025-07-31 16:26:25.729 [HikariPool-1 connection adder] DEBUG com.zaxxer.hikari.pool.HikariPool - HikariPool-1 - After adding stats (total=10, active=1, idle=9, waiting=0)
2025-07-31 16:26:25.729 [HikariPool-1 connection adder] DEBUG com.zaxxer.hikari.pool.HikariPool - HikariPool-1 - Connection not added, stats (total=10, active=1, idle=9, waiting=0)
2025-07-31 16:26:25.730 [main] DEBUG liquibase.servicelocator - Loaded liquibase.change.Change instance liquibase.change.core.RawSQLChange
2025-07-31 16:26:25.731 [main] DEBUG liquibase.servicelocator - Loaded liquibase.change.Change instance liquibase.change.core.RenameColumnChange
2025-07-31 16:26:25.733 [main] DEBUG liquibase.servicelocator - Loaded liquibase.change.Change instance liquibase.change.core.RenameSequenceChange
2025-07-31 16:26:25.735 [main] DEBUG liquibase.servicelocator - Loaded liquibase.change.Change instance liquibase.change.core.RenameTableChange
2025-07-31 16:26:25.737 [main] DEBUG liquibase.servicelocator - Loaded liquibase.change.Change instance liquibase.change.core.RenameViewChange
2025-07-31 16:26:25.739 [main] DEBUG liquibase.servicelocator - Loaded liquibase.change.Change instance liquibase.change.core.SQLFileChange
2025-07-31 16:26:25.741 [main] DEBUG liquibase.servicelocator - Loaded liquibase.change.Change instance liquibase.change.core.SetColumnRemarksChange
2025-07-31 16:26:25.744 [main] DEBUG liquibase.servicelocator - Loaded liquibase.change.Change instance liquibase.change.core.SetTableRemarksChange
2025-07-31 16:26:25.747 [main] DEBUG liquibase.servicelocator - Loaded liquibase.change.Change instance liquibase.change.core.StopChange
2025-07-31 16:26:25.749 [main] DEBUG liquibase.servicelocator - Loaded liquibase.change.Change instance liquibase.change.core.TagDatabaseChange
2025-07-31 16:26:25.751 [main] DEBUG liquibase.servicelocator - Loaded liquibase.change.Change instance liquibase.change.core.UpdateDataChange
2025-07-31 16:26:25.754 [main] DEBUG liquibase.servicelocator - Loaded liquibase.change.Change instance liquibase.change.custom.CustomChangeWrapper
2025-07-31 16:26:26.090 [main] DEBUG liquibase.servicelocator - Loaded liquibase.command.CommandStep instance liquibase.command.core.DiffChangelogCommandStep
2025-07-31 16:26:26.096 [main] DEBUG liquibase.servicelocator - Loaded liquibase.command.CommandStep instance liquibase.command.core.DiffCommandStep
2025-07-31 16:26:26.098 [main] DEBUG liquibase.servicelocator - Loaded liquibase.command.CommandStep instance liquibase.command.core.DropAllCommandStep
2025-07-31 16:26:26.100 [main] DEBUG liquibase.servicelocator - Loaded liquibase.command.CommandStep instance liquibase.command.core.ExecuteSqlCommandStep
2025-07-31 16:26:26.102 [main] DEBUG liquibase.servicelocator - Loaded liquibase.command.CommandStep instance liquibase.command.core.FutureRollbackCountSqlCommandStep
2025-07-31 16:26:26.104 [main] DEBUG liquibase.servicelocator - Loaded liquibase.command.CommandStep instance liquibase.command.core.FutureRollbackFromTagSqlCommandStep
2025-07-31 16:26:26.106 [main] DEBUG liquibase.servicelocator - Loaded liquibase.command.CommandStep instance liquibase.command.core.FutureRollbackSqlCommandStep
2025-07-31 16:26:26.109 [main] DEBUG liquibase.servicelocator - Loaded liquibase.command.CommandStep instance liquibase.command.core.GenerateChangelogCommandStep
2025-07-31 16:26:26.114 [main] DEBUG liquibase.servicelocator - Loaded liquibase.command.CommandStep instance liquibase.command.core.HistoryCommandStep
2025-07-31 16:26:26.116 [main] DEBUG liquibase.servicelocator - Loaded liquibase.command.CommandStep instance liquibase.command.core.InternalSnapshotCommandStep
2025-07-31 16:26:26.118 [main] DEBUG liquibase.servicelocator - Loaded liquibase.command.CommandStep instance liquibase.command.core.ListLocksCommandStep
2025-07-31 16:26:26.119 [main] DEBUG liquibase.servicelocator - Loaded liquibase.command.CommandStep instance liquibase.command.core.MarkNextChangesetRanCommandStep
2025-07-31 16:26:26.121 [main] DEBUG liquibase.servicelocator - Loaded liquibase.command.CommandStep instance liquibase.command.core.MarkNextChangesetRanSqlCommandStep
2025-07-31 16:26:26.122 [main] DEBUG liquibase.servicelocator - Loaded liquibase.command.CommandStep instance liquibase.command.core.ReleaseLocksCommandStep
2025-07-31 16:26:26.128 [main] DEBUG liquibase.servicelocator - Loaded liquibase.command.CommandStep instance liquibase.command.core.RollbackCommandStep
2025-07-31 16:26:26.130 [main] DEBUG liquibase.servicelocator - Loaded liquibase.command.CommandStep instance liquibase.command.core.RollbackCountCommandStep
2025-07-31 16:26:26.132 [main] DEBUG liquibase.servicelocator - Loaded liquibase.command.CommandStep instance liquibase.command.core.RollbackCountSqlCommandStep
2025-07-31 16:26:26.133 [main] DEBUG liquibase.servicelocator - Loaded liquibase.command.CommandStep instance liquibase.command.core.RollbackSqlCommandStep
2025-07-31 16:26:26.135 [main] DEBUG liquibase.servicelocator - Loaded liquibase.command.CommandStep instance liquibase.command.core.RollbackToDateCommandStep
2025-07-31 16:26:26.137 [main] DEBUG liquibase.servicelocator - Loaded liquibase.command.CommandStep instance liquibase.command.core.RollbackToDateSqlCommandStep
2025-07-31 16:26:26.138 [main] DEBUG liquibase.servicelocator - Loaded liquibase.command.CommandStep instance liquibase.command.core.SnapshotCommandStep
2025-07-31 16:26:26.140 [main] DEBUG liquibase.servicelocator - Loaded liquibase.command.CommandStep instance liquibase.command.core.SnapshotReferenceCommandStep
2025-07-31 16:26:26.142 [main] DEBUG liquibase.servicelocator - Loaded liquibase.command.CommandStep instance liquibase.command.core.StartH2CommandStep
2025-07-31 16:26:26.146 [main] DEBUG liquibase.servicelocator - Loaded liquibase.command.CommandStep instance liquibase.command.core.StatusCommandStep
2025-07-31 16:26:26.148 [main] DEBUG liquibase.servicelocator - Loaded liquibase.command.CommandStep instance liquibase.command.core.StopH2CommandStep
2025-07-31 16:26:26.150 [main] DEBUG liquibase.servicelocator - Loaded liquibase.command.CommandStep instance liquibase.command.core.TagCommandStep
2025-07-31 16:26:26.151 [main] DEBUG liquibase.servicelocator - Loaded liquibase.command.CommandStep instance liquibase.command.core.TagExistsCommandStep
2025-07-31 16:26:26.153 [main] DEBUG liquibase.servicelocator - Loaded liquibase.command.CommandStep instance liquibase.command.core.UnexpectedChangesetsCommandStep
2025-07-31 16:26:26.153 [main] DEBUG liquibase.servicelocator - Loaded liquibase.command.CommandStep instance liquibase.command.core.UpdateCommandStep
2025-07-31 16:26:26.155 [main] DEBUG liquibase.servicelocator - Loaded liquibase.command.CommandStep instance liquibase.command.core.UpdateCountCommandStep
2025-07-31 16:26:26.156 [main] DEBUG liquibase.servicelocator - Loaded liquibase.command.CommandStep instance liquibase.command.core.UpdateCountSqlCommandStep
2025-07-31 16:26:26.158 [main] DEBUG liquibase.servicelocator - Loaded liquibase.command.CommandStep instance liquibase.command.core.UpdateSqlCommandStep
2025-07-31 16:26:26.160 [main] DEBUG liquibase.servicelocator - Loaded liquibase.command.CommandStep instance liquibase.command.core.UpdateTestingRollbackCommandStep
2025-07-31 16:26:26.161 [main] DEBUG liquibase.servicelocator - Loaded liquibase.command.CommandStep instance liquibase.command.core.UpdateToTagCommandStep
2025-07-31 16:26:26.163 [main] DEBUG liquibase.servicelocator - Loaded liquibase.command.CommandStep instance liquibase.command.core.UpdateToTagSqlCommandStep
2025-07-31 16:26:26.164 [main] DEBUG liquibase.servicelocator - Loaded liquibase.command.CommandStep instance liquibase.command.core.ValidateCommandStep
2025-07-31 16:26:26.166 [main] DEBUG liquibase.servicelocator - Loaded liquibase.command.CommandStep instance liquibase.command.core.helpers.ChangeExecListenerCommandStep
2025-07-31 16:26:26.168 [main] DEBUG liquibase.servicelocator - Loaded liquibase.command.CommandStep instance liquibase.command.core.helpers.DatabaseChangelogCommandStep
2025-07-31 16:26:26.170 [main] DEBUG liquibase.servicelocator - Loaded liquibase.command.CommandStep instance liquibase.command.core.helpers.DbUrlConnectionArgumentsCommandStep
2025-07-31 16:26:26.173 [main] DEBUG liquibase.servicelocator - Loaded liquibase.command.CommandStep instance liquibase.command.core.helpers.DbUrlConnectionCommandStep
2025-07-31 16:26:26.176 [main] DEBUG liquibase.servicelocator - Loaded liquibase.command.CommandStep instance liquibase.command.core.helpers.DiffOutputControlCommandStep
2025-07-31 16:26:26.178 [main] DEBUG liquibase.servicelocator - Loaded liquibase.command.CommandStep instance liquibase.command.core.helpers.LockServiceCommandStep
2025-07-31 16:26:26.181 [main] DEBUG liquibase.servicelocator - Loaded liquibase.command.CommandStep instance liquibase.command.core.helpers.OutputWriterCommandStep
2025-07-31 16:26:26.185 [main] DEBUG liquibase.servicelocator - Loaded liquibase.command.CommandStep instance liquibase.command.core.helpers.PreCompareCommandStep
2025-07-31 16:26:26.186 [main] DEBUG liquibase.servicelocator - Loaded liquibase.command.CommandStep instance liquibase.command.core.helpers.ReferenceDatabaseOutputWriterCommandStep
2025-07-31 16:26:26.188 [main] DEBUG liquibase.servicelocator - Loaded liquibase.command.CommandStep instance liquibase.command.core.helpers.ReferenceDbUrlConnectionCommandStep
2025-07-31 16:26:26.190 [main] DEBUG liquibase.servicelocator - Loaded liquibase.command.CommandStep instance liquibase.command.core.helpers.ShowSummaryArgument
2025-07-31 16:26:26.207 [main] DEBUG liquibase.servicelocator - Loaded liquibase.logging.mdc.MdcManager instance liquibase.logging.mdc.NoOpMdcManager
2025-07-31 16:26:26.211 [main] DEBUG liquibase.configuration - No configuration value for liquibase.strict found
2025-07-31 16:26:26.211 [main] DEBUG liquibase.configuration - Configuration liquibase.strict is using the default value of false
2025-07-31 16:26:26.219 [main] DEBUG liquibase.configuration - No configuration value for liquibase.command.update.changeExecListener found
2025-07-31 16:26:26.220 [main] DEBUG liquibase.configuration - No configuration value for liquibase.command.changeExecListener found
2025-07-31 16:26:26.220 [main] DEBUG liquibase.configuration - No configuration value for liquibase.command.update.changeExecListenerClass found
2025-07-31 16:26:26.221 [main] DEBUG liquibase.configuration - No configuration value for liquibase.command.changeExecListenerClass found
2025-07-31 16:26:26.222 [main] DEBUG liquibase.configuration - No configuration value for liquibase.command.update.changeExecListenerPropertiesFile found
2025-07-31 16:26:26.222 [main] DEBUG liquibase.configuration - No configuration value for liquibase.command.changeExecListenerPropertiesFile found
2025-07-31 16:26:26.223 [main] DEBUG liquibase.configuration - Found 'liquibase.command.update.changelogFile' configuration of 'classpath:db.changelog/db.changelog-master.yaml'
    command argument 'changelogFile' of 'classpath:db.changelog/db.changelog-master.yaml'
2025-07-31 16:26:26.224 [main] DEBUG liquibase.configuration - Found 'liquibase.command.update.changelogParameters' configuration of 'liquibase.changelog.ChangeLogParameters@6fb51e17'
    command argument 'changelogParameters' of 'liquibase.changelog.ChangeLogParameters@6fb51e17'
2025-07-31 16:26:26.224 [main] DEBUG liquibase.configuration - No configuration value for liquibase.command.update.contextFilter aka liquibase.command.update.contexts found
2025-07-31 16:26:26.225 [main] DEBUG liquibase.configuration - No configuration value for liquibase.command.contextFilter aka liquibase.command.contexts found
2025-07-31 16:26:26.226 [main] DEBUG liquibase.configuration - Found 'liquibase.command.update.database' configuration of 'SA @ jdbc:h2:mem:9a86f750-a3f4-4a77-85aa-271c06e7703a (Default Schema: PUBLIC)'
    command argument 'database' of 'SA @ jdbc:h2:mem:9a86f750-a3f4-4a77-85aa-271c06e7703a (Default Schema: PUBLIC)'
2025-07-31 16:26:26.227 [main] DEBUG liquibase.configuration - No configuration value for liquibase.command.update.databaseChangelog found
2025-07-31 16:26:26.227 [main] DEBUG liquibase.configuration - No configuration value for liquibase.command.databaseChangelog found
2025-07-31 16:26:26.228 [main] DEBUG liquibase.configuration - No configuration value for liquibase.command.update.defaultCatalogName found
2025-07-31 16:26:26.229 [main] DEBUG liquibase.configuration - No configuration value for liquibase.command.defaultCatalogName found
2025-07-31 16:26:26.230 [main] DEBUG liquibase.configuration - No configuration value for liquibase.command.update.defaultSchemaName found
2025-07-31 16:26:26.230 [main] DEBUG liquibase.configuration - No configuration value for liquibase.command.defaultSchemaName found
2025-07-31 16:26:26.231 [main] DEBUG liquibase.configuration - No configuration value for liquibase.command.update.driver found
2025-07-31 16:26:26.231 [main] DEBUG liquibase.configuration - No configuration value for liquibase.command.driver found
2025-07-31 16:26:26.232 [main] DEBUG liquibase.configuration - No configuration value for liquibase.command.update.driverPropertiesFile found
2025-07-31 16:26:26.232 [main] DEBUG liquibase.configuration - No configuration value for liquibase.command.driverPropertiesFile found
2025-07-31 16:26:26.233 [main] DEBUG liquibase.configuration - No configuration value for liquibase.command.update.labelFilter aka liquibase.command.update.labels found
2025-07-31 16:26:26.234 [main] DEBUG liquibase.configuration - No configuration value for liquibase.command.labelFilter aka liquibase.command.labels found
2025-07-31 16:26:26.234 [main] DEBUG liquibase.configuration - No configuration value for liquibase.command.update.password found
2025-07-31 16:26:26.235 [main] DEBUG liquibase.configuration - No configuration value for liquibase.command.password found
2025-07-31 16:26:26.236 [main] DEBUG liquibase.configuration - No configuration value for liquibase.command.update.showSummary found
2025-07-31 16:26:26.236 [main] DEBUG liquibase.configuration - Configuration liquibase.command.update.showSummary is using the default value of SUMMARY
2025-07-31 16:26:26.237 [main] DEBUG liquibase.configuration - No configuration value for liquibase.command.showSummary found
2025-07-31 16:26:26.237 [main] DEBUG liquibase.configuration - Configuration liquibase.command.showSummary is using the default value of SUMMARY
2025-07-31 16:26:26.238 [main] DEBUG liquibase.configuration - Found 'liquibase.command.update.showSummaryOutput' configuration of 'LOG'
    command argument 'showSummaryOutput' of 'LOG'
2025-07-31 16:26:26.239 [main] DEBUG liquibase.configuration - No configuration value for liquibase.command.update.skipDatabaseStep found
2025-07-31 16:26:26.239 [main] DEBUG liquibase.configuration - Configuration liquibase.command.update.skipDatabaseStep is using the default value of false
2025-07-31 16:26:26.239 [main] DEBUG liquibase.configuration - No configuration value for liquibase.command.skipDatabaseStep found
2025-07-31 16:26:26.240 [main] DEBUG liquibase.configuration - Configuration liquibase.command.skipDatabaseStep is using the default value of false
2025-07-31 16:26:26.240 [main] DEBUG liquibase.configuration - No configuration value for liquibase.command.update.updateNullChecksums found
2025-07-31 16:26:26.241 [main] DEBUG liquibase.configuration - Configuration liquibase.command.update.updateNullChecksums is using the default value of false
2025-07-31 16:26:26.241 [main] DEBUG liquibase.configuration - No configuration value for liquibase.command.updateNullChecksums found
2025-07-31 16:26:26.241 [main] DEBUG liquibase.configuration - Configuration liquibase.command.updateNullChecksums is using the default value of false
2025-07-31 16:26:26.242 [main] DEBUG liquibase.configuration - No configuration value for liquibase.command.update.url found
2025-07-31 16:26:26.242 [main] DEBUG liquibase.configuration - No configuration value for liquibase.command.url found
2025-07-31 16:26:26.243 [main] DEBUG liquibase.configuration - No configuration value for liquibase.command.update.username found
2025-07-31 16:26:26.244 [main] DEBUG liquibase.configuration - No configuration value for liquibase.command.username found
2025-07-31 16:26:26.245 [main] DEBUG liquibase.command - Pipeline for command 'update: liquibase.command.core.helpers.DbUrlConnectionArgumentsCommandStep then liquibase.command.core.helpers.ShowSummaryArgument then liquibase.command.core.helpers.DbUrlConnectionCommandStep then liquibase.command.core.helpers.DatabaseChangelogCommandStep then liquibase.command.core.helpers.ChangeExecListenerCommandStep then liquibase.command.core.UpdateCommandStep
2025-07-31 16:26:26.246 [main] DEBUG liquibase.configuration - No configuration value for liquibase.outputFile found
2025-07-31 16:26:26.246 [main] DEBUG liquibase.configuration - No configuration value for liquibase.outputFileEncoding found
2025-07-31 16:26:26.247 [main] DEBUG liquibase.configuration - Configuration liquibase.outputFileEncoding is using the default value of UTF-8
2025-07-31 16:26:26.247 [main] DEBUG liquibase.command - Writing output with encoding 'UTF-8'
2025-07-31 16:26:26.248 [main] DEBUG liquibase.command - Executing internal command dbUrlConnectionArguments
2025-07-31 16:26:26.248 [main] DEBUG liquibase.command - Executing internal command showSummary
2025-07-31 16:26:26.248 [main] DEBUG liquibase.configuration - Configuration liquibase.command.update.showSummary is using the default value of SUMMARY
2025-07-31 16:26:26.249 [main] DEBUG liquibase.configuration - Configuration liquibase.command.showSummary is using the default value of SUMMARY
2025-07-31 16:26:26.253 [main] DEBUG liquibase.command - Executing internal command dbUrlConnectionCommandStep
2025-07-31 16:26:26.254 [main] DEBUG liquibase.configuration - Configuration liquibase.command.update.skipDatabaseStep is using the default value of false
2025-07-31 16:26:26.254 [main] DEBUG liquibase.configuration - Configuration liquibase.command.skipDatabaseStep is using the default value of false
2025-07-31 16:26:26.255 [main] DEBUG liquibase.command - Executing internal command changelogCommandStep
2025-07-31 16:26:26.275 [main] DEBUG liquibase.servicelocator - Loaded liquibase.parser.ChangeLogParser instance liquibase.parser.core.formattedsql.FormattedSqlChangeLogParser
2025-07-31 16:26:26.283 [main] DEBUG liquibase.servicelocator - Loaded liquibase.parser.ChangeLogParser instance liquibase.parser.core.json.JsonChangeLogParser
2025-07-31 16:26:26.285 [main] DEBUG liquibase.servicelocator - Loaded liquibase.parser.ChangeLogParser instance liquibase.parser.core.sql.SqlChangeLogParser
2025-07-31 16:26:26.299 [main] DEBUG liquibase.configuration - No configuration value for liquibase.validateXmlChangelogFiles found
2025-07-31 16:26:26.300 [main] DEBUG liquibase.configuration - Configuration liquibase.validateXmlChangelogFiles is using the default value of true
2025-07-31 16:26:26.300 [main] DEBUG liquibase.configuration - No configuration value for liquibase.secureParsing found
2025-07-31 16:26:26.300 [main] DEBUG liquibase.configuration - Configuration liquibase.secureParsing is using the default value of true
2025-07-31 16:26:26.301 [main] DEBUG liquibase.servicelocator - Loaded liquibase.parser.ChangeLogParser instance liquibase.parser.core.xml.XMLChangeLogSAXParser
2025-07-31 16:26:26.301 [main] DEBUG liquibase.servicelocator - Loaded liquibase.parser.ChangeLogParser instance liquibase.parser.core.yaml.YamlChangeLogParser
2025-07-31 16:26:26.302 [main] DEBUG liquibase.parser - Matched file 'classpath:db.changelog/db.changelog-master.yaml' to parser 'YamlChangeLogParser'
2025-07-31 16:26:26.538 [main] DEBUG liquibase.parser - Matched file 'db.changelog/changes/01-create-roles-table.yaml' to parser 'YamlChangeLogParser'
2025-07-31 16:26:26.556 [main] DEBUG liquibase.servicelocator - Loaded liquibase.changeset.ChangeSetService instance liquibase.changeset.StandardChangeSetService
2025-07-31 16:26:26.574 [main] DEBUG liquibase.parser - Matched file 'db.changelog/changes/02-create-user_credentials-table.yaml' to parser 'YamlChangeLogParser'
2025-07-31 16:26:26.593 [main] DEBUG liquibase.parser - Matched file 'db.changelog/changes/03-create-admins-table.yaml' to parser 'YamlChangeLogParser'
2025-07-31 16:26:26.615 [main] DEBUG liquibase.parser - Matched file 'db.changelog/changes/04-create-athletes-table.yaml' to parser 'YamlChangeLogParser'
2025-07-31 16:26:26.635 [main] DEBUG liquibase.parser - Matched file 'db.changelog/changes/05-create-athlete_phone_numbers-table.yaml' to parser 'YamlChangeLogParser'
2025-07-31 16:26:26.656 [main] DEBUG liquibase.parser - Matched file 'db.changelog/changes/06-create-sports-table.yaml' to parser 'YamlChangeLogParser'
2025-07-31 16:26:26.676 [main] DEBUG liquibase.parser - Matched file 'db.changelog/changes/07-create-sports_athletes-table.yaml' to parser 'YamlChangeLogParser'
2025-07-31 16:26:26.693 [main] DEBUG liquibase.parser - Matched file 'db.changelog/changes/08-create-gym_owners-table.yaml' to parser 'YamlChangeLogParser'
2025-07-31 16:26:26.713 [main] DEBUG liquibase.parser - Matched file 'db.changelog/changes/09-create-gym_owner_phone_numbers-table.yaml' to parser 'YamlChangeLogParser'
2025-07-31 16:26:26.732 [main] DEBUG liquibase.parser - Matched file 'db.changelog/changes/10-create-addresses-table.yaml' to parser 'YamlChangeLogParser'
2025-07-31 16:26:26.752 [main] DEBUG liquibase.parser - Matched file 'db.changelog/changes/11-create-gyms-table.yaml' to parser 'YamlChangeLogParser'
2025-07-31 16:26:26.773 [main] DEBUG liquibase.parser - Matched file 'db.changelog/changes/12-create-gym_phone_numbers-table.yaml' to parser 'YamlChangeLogParser'
2025-07-31 16:26:26.801 [main] DEBUG liquibase.parser - Matched file 'db.changelog/changes/13-create-gym_working_hours-table.yaml' to parser 'YamlChangeLogParser'
2025-07-31 16:26:26.821 [main] DEBUG liquibase.parser - Matched file 'db.changelog/changes/14-create-sports_gyms-table.yaml' to parser 'YamlChangeLogParser'
2025-07-31 16:26:26.838 [main] DEBUG liquibase.parser - Matched file 'db.changelog/changes/15-create-gym_photos-table.yaml' to parser 'YamlChangeLogParser'
2025-07-31 16:26:26.858 [main] DEBUG liquibase.parser - Matched file 'db.changelog/changes/16-create-trainers-table.yaml' to parser 'YamlChangeLogParser'
2025-07-31 16:26:26.877 [main] DEBUG liquibase.parser - Matched file 'db.changelog/changes/17-create-trainer_phone_numbers-table.yaml' to parser 'YamlChangeLogParser'
2025-07-31 16:26:26.896 [main] DEBUG liquibase.parser - Matched file 'db.changelog/changes/18-create-sports_trainers-table.yaml' to parser 'YamlChangeLogParser'
2025-07-31 16:26:26.913 [main] DEBUG liquibase.parser - Matched file 'db.changelog/changes/19-create-gyms_trainers-table.yaml' to parser 'YamlChangeLogParser'
2025-07-31 16:26:26.931 [main] DEBUG liquibase.parser - Matched file 'db.changelog/changes/20-create-reviews-table.yaml' to parser 'YamlChangeLogParser'
2025-07-31 16:26:26.948 [main] DEBUG liquibase.parser - Matched file 'db.changelog/changes/21-create-events-table.yaml' to parser 'YamlChangeLogParser'
2025-07-31 16:26:26.967 [main] DEBUG liquibase.parser - Matched file 'db.changelog/changes/22-create-user_credentials_roles-table.yaml' to parser 'YamlChangeLogParser'
2025-07-31 16:26:26.986 [main] DEBUG liquibase.parser - Matched file 'db.changelog/changes/23-create-trainer_certificates-table.yaml' to parser 'YamlChangeLogParser'
2025-07-31 16:26:27.004 [main] DEBUG liquibase.parser - Matched file 'db.changelog/changes/24-insert-sports-data.yaml' to parser 'YamlChangeLogParser'
2025-07-31 16:26:27.028 [main] DEBUG liquibase.parser - Matched file 'db.changelog/changes/25-insert-roles-to-roles.yaml' to parser 'YamlChangeLogParser'
2025-07-31 16:26:27.050 [main] DEBUG liquibase.servicelocator - Loaded liquibase.precondition.Precondition instance liquibase.precondition.CustomPreconditionWrapper
2025-07-31 16:26:27.051 [main] DEBUG liquibase.servicelocator - Loaded liquibase.precondition.Precondition instance liquibase.precondition.core.AndPrecondition
2025-07-31 16:26:27.052 [main] DEBUG liquibase.servicelocator - Loaded liquibase.precondition.Precondition instance liquibase.precondition.core.ChangeLogPropertyDefinedPrecondition
2025-07-31 16:26:27.054 [main] DEBUG liquibase.servicelocator - Loaded liquibase.precondition.Precondition instance liquibase.precondition.core.ChangeSetExecutedPrecondition
2025-07-31 16:26:27.055 [main] DEBUG liquibase.servicelocator - Loaded liquibase.precondition.Precondition instance liquibase.precondition.core.ColumnExistsPrecondition
2025-07-31 16:26:27.056 [main] DEBUG liquibase.servicelocator - Loaded liquibase.precondition.Precondition instance liquibase.precondition.core.DBMSPrecondition
2025-07-31 16:26:27.058 [main] DEBUG liquibase.servicelocator - Loaded liquibase.precondition.Precondition instance liquibase.precondition.core.ForeignKeyExistsPrecondition
2025-07-31 16:26:27.059 [main] DEBUG liquibase.servicelocator - Loaded liquibase.precondition.Precondition instance liquibase.precondition.core.IndexExistsPrecondition
2025-07-31 16:26:27.061 [main] DEBUG liquibase.servicelocator - Loaded liquibase.precondition.Precondition instance liquibase.precondition.core.NotPrecondition
2025-07-31 16:26:27.062 [main] DEBUG liquibase.servicelocator - Loaded liquibase.precondition.Precondition instance liquibase.precondition.core.ObjectQuotingStrategyPrecondition
2025-07-31 16:26:27.064 [main] DEBUG liquibase.servicelocator - Loaded liquibase.precondition.Precondition instance liquibase.precondition.core.OrPrecondition
2025-07-31 16:26:27.064 [main] DEBUG liquibase.servicelocator - Loaded liquibase.precondition.Precondition instance liquibase.precondition.core.PreconditionContainer
2025-07-31 16:26:27.066 [main] DEBUG liquibase.servicelocator - Loaded liquibase.precondition.Precondition instance liquibase.precondition.core.PrimaryKeyExistsPrecondition
2025-07-31 16:26:27.067 [main] DEBUG liquibase.servicelocator - Loaded liquibase.precondition.Precondition instance liquibase.precondition.core.RowCountPrecondition
2025-07-31 16:26:27.068 [main] DEBUG liquibase.servicelocator - Loaded liquibase.precondition.Precondition instance liquibase.precondition.core.RunningAsPrecondition
2025-07-31 16:26:27.070 [main] DEBUG liquibase.servicelocator - Loaded liquibase.precondition.Precondition instance liquibase.precondition.core.SequenceExistsPrecondition
2025-07-31 16:26:27.072 [main] DEBUG liquibase.servicelocator - Loaded liquibase.precondition.Precondition instance liquibase.precondition.core.SqlPrecondition
2025-07-31 16:26:27.073 [main] DEBUG liquibase.servicelocator - Loaded liquibase.precondition.Precondition instance liquibase.precondition.core.TableExistsPrecondition
2025-07-31 16:26:27.075 [main] DEBUG liquibase.servicelocator - Loaded liquibase.precondition.Precondition instance liquibase.precondition.core.TableIsEmptyPrecondition
2025-07-31 16:26:27.076 [main] DEBUG liquibase.servicelocator - Loaded liquibase.precondition.Precondition instance liquibase.precondition.core.UniqueConstraintExistsPrecondition
2025-07-31 16:26:27.078 [main] DEBUG liquibase.servicelocator - Loaded liquibase.precondition.Precondition instance liquibase.precondition.core.ViewExistsPrecondition
2025-07-31 16:26:27.086 [main] DEBUG liquibase.parser - Matched file 'db.changelog/changes/26-insert-admin-to-admins.yaml' to parser 'YamlChangeLogParser'
2025-07-31 16:26:27.105 [main] DEBUG liquibase.parser - Matched file 'db.changelog/changes/27-insert-trainers-for-testing.yaml' to parser 'YamlChangeLogParser'
2025-07-31 16:26:27.149 [main] DEBUG liquibase.parser - Matched file 'db.changelog/changes/28-insert-gym-owner-and-gyms.yaml' to parser 'YamlChangeLogParser'
2025-07-31 16:26:27.185 [main] DEBUG liquibase.configuration - Found 'liquibase.command.update.updateNullChecksums' configuration of 'true'
    command argument 'updateNullChecksums' of 'true'
2025-07-31 16:26:27.197 [main] DEBUG liquibase.servicelocator - Loaded liquibase.changelog.ChangeLogHistoryService instance liquibase.changelog.MockChangeLogHistoryService
2025-07-31 16:26:27.203 [main] DEBUG liquibase.servicelocator - Loaded liquibase.changelog.ChangeLogHistoryService instance liquibase.changelog.StandardChangeLogHistoryService
2025-07-31 16:26:27.213 [main] DEBUG liquibase.servicelocator - Loaded liquibase.snapshot.SnapshotGenerator instance liquibase.snapshot.jvm.CatalogSnapshotGenerator
2025-07-31 16:26:27.219 [main] DEBUG liquibase.servicelocator - Loaded liquibase.snapshot.SnapshotGenerator instance liquibase.snapshot.jvm.ColumnSnapshotGenerator
2025-07-31 16:26:27.221 [main] DEBUG liquibase.servicelocator - Loaded liquibase.snapshot.SnapshotGenerator instance liquibase.snapshot.jvm.ColumnSnapshotGeneratorH2
2025-07-31 16:26:27.223 [main] DEBUG liquibase.servicelocator - Loaded liquibase.snapshot.SnapshotGenerator instance liquibase.snapshot.jvm.ColumnSnapshotGeneratorInformix
2025-07-31 16:26:27.224 [main] DEBUG liquibase.servicelocator - Loaded liquibase.snapshot.SnapshotGenerator instance liquibase.snapshot.jvm.ColumnSnapshotGeneratorOracle
2025-07-31 16:26:27.227 [main] DEBUG liquibase.servicelocator - Loaded liquibase.snapshot.SnapshotGenerator instance liquibase.snapshot.jvm.DataSnapshotGenerator
2025-07-31 16:26:27.229 [main] DEBUG liquibase.servicelocator - Loaded liquibase.snapshot.SnapshotGenerator instance liquibase.snapshot.jvm.ForeignKeySnapshotGenerator
2025-07-31 16:26:27.234 [main] DEBUG liquibase.servicelocator - Loaded liquibase.snapshot.SnapshotGenerator instance liquibase.snapshot.jvm.IndexSnapshotGenerator
2025-07-31 16:26:27.236 [main] DEBUG liquibase.servicelocator - Loaded liquibase.snapshot.SnapshotGenerator instance liquibase.snapshot.jvm.PrimaryKeySnapshotGenerator
2025-07-31 16:26:27.239 [main] DEBUG liquibase.servicelocator - Loaded liquibase.snapshot.SnapshotGenerator instance liquibase.snapshot.jvm.SchemaSnapshotGenerator
2025-07-31 16:26:27.241 [main] DEBUG liquibase.servicelocator - Loaded liquibase.snapshot.SnapshotGenerator instance liquibase.snapshot.jvm.SequenceSnapshotGenerator
2025-07-31 16:26:27.243 [main] DEBUG liquibase.servicelocator - Loaded liquibase.snapshot.SnapshotGenerator instance liquibase.snapshot.jvm.TableSnapshotGenerator
2025-07-31 16:26:27.245 [main] DEBUG liquibase.servicelocator - Loaded liquibase.snapshot.SnapshotGenerator instance liquibase.snapshot.jvm.UniqueConstraintSnapshotGenerator
2025-07-31 16:26:27.248 [main] DEBUG liquibase.servicelocator - Loaded liquibase.snapshot.SnapshotGenerator instance liquibase.snapshot.jvm.ViewSnapshotGenerator
2025-07-31 16:26:27.250 [main] DEBUG liquibase.servicelocator - Loaded liquibase.snapshot.SnapshotGenerator instance liquibase.snapshot.jvm.SchemaSnapshotGeneratorSnowflake
2025-07-31 16:26:27.253 [main] DEBUG liquibase.servicelocator - Loaded liquibase.snapshot.SnapshotGenerator instance liquibase.snapshot.jvm.SequenceSnapshotGeneratorSnowflake
2025-07-31 16:26:27.256 [main] DEBUG liquibase.servicelocator - Loaded liquibase.snapshot.SnapshotGenerator instance liquibase.snapshot.jvm.UniqueConstraintSnapshotGeneratorSnowflake
2025-07-31 16:26:27.257 [main] DEBUG liquibase.configuration - No configuration value for liquibase.liquibaseCatalogName aka liquibase.catalogName found
2025-07-31 16:26:27.270 [main] DEBUG liquibase.util - Computed checksum for 1753979187267 as c7b5c60440db8b56d53a343c7cdbf4d4
2025-07-31 16:26:27.292 [main] DEBUG liquibase.configuration - No configuration value for liquibase.preserveSchemaCase found
2025-07-31 16:26:27.292 [main] DEBUG liquibase.configuration - Configuration liquibase.preserveSchemaCase is using the default value of false
2025-07-31 16:26:27.326 [main] DEBUG liquibase.servicelocator - Loaded liquibase.executor.Executor instance liquibase.executor.jvm.JdbcExecutor
2025-07-31 16:26:27.328 [main] DEBUG liquibase.servicelocator - Loaded liquibase.executor.Executor instance liquibase.executor.jvm.SnowflakeJdbcExecutor
2025-07-31 16:26:27.328 [main] DEBUG liquibase.executor - Create Database Change Log Table
2025-07-31 16:26:27.330 [main] INFO  liquibase.changelog - Creating database history table with name: PUBLIC.DATABASECHANGELOG
2025-07-31 16:26:27.338 [main] DEBUG liquibase.servicelocator - Loaded liquibase.sqlgenerator.SqlGenerator instance liquibase.sqlgenerator.core.AddAutoIncrementGenerator
2025-07-31 16:26:27.340 [main] DEBUG liquibase.servicelocator - Loaded liquibase.sqlgenerator.SqlGenerator instance liquibase.sqlgenerator.core.AddAutoIncrementGeneratorDB2
2025-07-31 16:26:27.342 [main] DEBUG liquibase.servicelocator - Loaded liquibase.sqlgenerator.SqlGenerator instance liquibase.sqlgenerator.core.AddAutoIncrementGeneratorHsqlH2
2025-07-31 16:26:27.343 [main] DEBUG liquibase.servicelocator - Loaded liquibase.sqlgenerator.SqlGenerator instance liquibase.sqlgenerator.core.AddAutoIncrementGeneratorInformix
2025-07-31 16:26:27.345 [main] DEBUG liquibase.servicelocator - Loaded liquibase.sqlgenerator.SqlGenerator instance liquibase.sqlgenerator.core.AddAutoIncrementGeneratorMySQL
2025-07-31 16:26:27.347 [main] DEBUG liquibase.servicelocator - Loaded liquibase.sqlgenerator.SqlGenerator instance liquibase.sqlgenerator.core.AddAutoIncrementGeneratorSQLite
2025-07-31 16:26:27.350 [main] DEBUG liquibase.servicelocator - Loaded liquibase.sqlgenerator.SqlGenerator instance liquibase.sqlgenerator.core.AddColumnGenerator
2025-07-31 16:26:27.353 [main] DEBUG liquibase.servicelocator - Loaded liquibase.sqlgenerator.SqlGenerator instance liquibase.sqlgenerator.core.AddColumnGeneratorDefaultClauseBeforeNotNull
2025-07-31 16:26:27.354 [main] DEBUG liquibase.servicelocator - Loaded liquibase.sqlgenerator.SqlGenerator instance liquibase.sqlgenerator.core.AddColumnGeneratorSQLite
2025-07-31 16:26:27.356 [main] DEBUG liquibase.servicelocator - Loaded liquibase.sqlgenerator.SqlGenerator instance liquibase.sqlgenerator.core.AddDefaultValueGenerator
2025-07-31 16:26:27.357 [main] DEBUG liquibase.servicelocator - Loaded liquibase.sqlgenerator.SqlGenerator instance liquibase.sqlgenerator.core.AddDefaultValueGeneratorDerby
2025-07-31 16:26:27.358 [main] DEBUG liquibase.servicelocator - Loaded liquibase.sqlgenerator.SqlGenerator instance liquibase.sqlgenerator.core.AddDefaultValueGeneratorInformix
2025-07-31 16:26:27.360 [main] DEBUG liquibase.servicelocator - Loaded liquibase.sqlgenerator.SqlGenerator instance liquibase.sqlgenerator.core.AddDefaultValueGeneratorMSSQL
2025-07-31 16:26:27.361 [main] DEBUG liquibase.servicelocator - Loaded liquibase.sqlgenerator.SqlGenerator instance liquibase.sqlgenerator.core.AddDefaultValueGeneratorMySQL
2025-07-31 16:26:27.362 [main] DEBUG liquibase.servicelocator - Loaded liquibase.sqlgenerator.SqlGenerator instance liquibase.sqlgenerator.core.AddDefaultValueGeneratorOracle
2025-07-31 16:26:27.364 [main] DEBUG liquibase.servicelocator - Loaded liquibase.sqlgenerator.SqlGenerator instance liquibase.sqlgenerator.core.AddDefaultValueGeneratorPostgres
2025-07-31 16:26:27.365 [main] DEBUG liquibase.servicelocator - Loaded liquibase.sqlgenerator.SqlGenerator instance liquibase.sqlgenerator.core.AddDefaultValueGeneratorSQLite
2025-07-31 16:26:27.367 [main] DEBUG liquibase.servicelocator - Loaded liquibase.sqlgenerator.SqlGenerator instance liquibase.sqlgenerator.core.AddDefaultValueGeneratorSybase
2025-07-31 16:26:27.368 [main] DEBUG liquibase.servicelocator - Loaded liquibase.sqlgenerator.SqlGenerator instance liquibase.sqlgenerator.core.AddDefaultValueGeneratorSybaseASA
2025-07-31 16:26:27.370 [main] DEBUG liquibase.servicelocator - Loaded liquibase.sqlgenerator.SqlGenerator instance liquibase.sqlgenerator.core.AddForeignKeyConstraintGenerator
2025-07-31 16:26:27.371 [main] DEBUG liquibase.servicelocator - Loaded liquibase.sqlgenerator.SqlGenerator instance liquibase.sqlgenerator.core.AddPrimaryKeyGenerator
2025-07-31 16:26:27.373 [main] DEBUG liquibase.servicelocator - Loaded liquibase.sqlgenerator.SqlGenerator instance liquibase.sqlgenerator.core.AddPrimaryKeyGeneratorInformix
2025-07-31 16:26:27.375 [main] DEBUG liquibase.servicelocator - Loaded liquibase.sqlgenerator.SqlGenerator instance liquibase.sqlgenerator.core.AddUniqueConstraintGenerator
2025-07-31 16:26:27.376 [main] DEBUG liquibase.servicelocator - Loaded liquibase.sqlgenerator.SqlGenerator instance liquibase.sqlgenerator.core.AddUniqueConstraintGeneratorInformix
2025-07-31 16:26:27.378 [main] DEBUG liquibase.servicelocator - Loaded liquibase.sqlgenerator.SqlGenerator instance liquibase.sqlgenerator.core.AddUniqueConstraintGeneratorTDS
2025-07-31 16:26:27.379 [main] DEBUG liquibase.servicelocator - Loaded liquibase.sqlgenerator.SqlGenerator instance liquibase.sqlgenerator.core.AlterSequenceGenerator
2025-07-31 16:26:27.381 [main] DEBUG liquibase.servicelocator - Loaded liquibase.sqlgenerator.SqlGenerator instance liquibase.sqlgenerator.core.BatchDmlExecutablePreparedStatementGenerator
2025-07-31 16:26:27.382 [main] DEBUG liquibase.servicelocator - Loaded liquibase.sqlgenerator.SqlGenerator instance liquibase.sqlgenerator.core.ClearDatabaseChangeLogTableGenerator
2025-07-31 16:26:27.384 [main] DEBUG liquibase.servicelocator - Loaded liquibase.sqlgenerator.SqlGenerator instance liquibase.sqlgenerator.core.CommentGenerator
2025-07-31 16:26:27.385 [main] DEBUG liquibase.servicelocator - Loaded liquibase.sqlgenerator.SqlGenerator instance liquibase.sqlgenerator.core.CopyRowsGenerator
2025-07-31 16:26:27.387 [main] DEBUG liquibase.servicelocator - Loaded liquibase.sqlgenerator.SqlGenerator instance liquibase.sqlgenerator.core.CreateDatabaseChangeLogLockTableGenerator
2025-07-31 16:26:27.388 [main] DEBUG liquibase.servicelocator - Loaded liquibase.sqlgenerator.SqlGenerator instance liquibase.sqlgenerator.core.CreateDatabaseChangeLogTableGenerator
2025-07-31 16:26:27.390 [main] DEBUG liquibase.servicelocator - Loaded liquibase.sqlgenerator.SqlGenerator instance liquibase.sqlgenerator.core.CreateDatabaseChangeLogTableGeneratorSybase
2025-07-31 16:26:27.391 [main] DEBUG liquibase.servicelocator - Loaded liquibase.sqlgenerator.SqlGenerator instance liquibase.sqlgenerator.core.CreateIndexGenerator
2025-07-31 16:26:27.393 [main] DEBUG liquibase.servicelocator - Loaded liquibase.sqlgenerator.SqlGenerator instance liquibase.sqlgenerator.core.CreateIndexGeneratorFirebird
2025-07-31 16:26:27.394 [main] DEBUG liquibase.servicelocator - Loaded liquibase.sqlgenerator.SqlGenerator instance liquibase.sqlgenerator.core.CreateIndexGeneratorPostgres
2025-07-31 16:26:27.396 [main] DEBUG liquibase.servicelocator - Loaded liquibase.sqlgenerator.SqlGenerator instance liquibase.sqlgenerator.core.CreateProcedureGenerator
2025-07-31 16:26:27.397 [main] DEBUG liquibase.servicelocator - Loaded liquibase.sqlgenerator.SqlGenerator instance liquibase.sqlgenerator.core.CreateSequenceGenerator
2025-07-31 16:26:27.399 [main] DEBUG liquibase.servicelocator - Loaded liquibase.sqlgenerator.SqlGenerator instance liquibase.sqlgenerator.core.CreateTableGenerator
2025-07-31 16:26:27.401 [main] DEBUG liquibase.servicelocator - Loaded liquibase.sqlgenerator.SqlGenerator instance liquibase.sqlgenerator.core.CreateTableGeneratorInformix
2025-07-31 16:26:27.402 [main] DEBUG liquibase.servicelocator - Loaded liquibase.sqlgenerator.SqlGenerator instance liquibase.sqlgenerator.core.CreateViewGenerator
2025-07-31 16:26:27.403 [main] DEBUG liquibase.servicelocator - Loaded liquibase.sqlgenerator.SqlGenerator instance liquibase.sqlgenerator.core.CreateViewGeneratorInformix
2025-07-31 16:26:27.405 [main] DEBUG liquibase.servicelocator - Loaded liquibase.sqlgenerator.SqlGenerator instance liquibase.sqlgenerator.core.DeleteGenerator
2025-07-31 16:26:27.406 [main] DEBUG liquibase.servicelocator - Loaded liquibase.sqlgenerator.SqlGenerator instance liquibase.sqlgenerator.core.DropColumnGenerator
2025-07-31 16:26:27.408 [main] DEBUG liquibase.servicelocator - Loaded liquibase.sqlgenerator.SqlGenerator instance liquibase.sqlgenerator.core.DropDefaultValueGenerator
2025-07-31 16:26:27.409 [main] DEBUG liquibase.servicelocator - Loaded liquibase.sqlgenerator.SqlGenerator instance liquibase.sqlgenerator.core.DropForeignKeyConstraintGenerator
2025-07-31 16:26:27.411 [main] DEBUG liquibase.servicelocator - Loaded liquibase.sqlgenerator.SqlGenerator instance liquibase.sqlgenerator.core.DropIndexGenerator
2025-07-31 16:26:27.412 [main] DEBUG liquibase.servicelocator - Loaded liquibase.sqlgenerator.SqlGenerator instance liquibase.sqlgenerator.core.DropPrimaryKeyGenerator
2025-07-31 16:26:27.414 [main] DEBUG liquibase.servicelocator - Loaded liquibase.sqlgenerator.SqlGenerator instance liquibase.sqlgenerator.core.DropProcedureGenerator
2025-07-31 16:26:27.415 [main] DEBUG liquibase.servicelocator - Loaded liquibase.sqlgenerator.SqlGenerator instance liquibase.sqlgenerator.core.DropSequenceGenerator
2025-07-31 16:26:27.417 [main] DEBUG liquibase.servicelocator - Loaded liquibase.sqlgenerator.SqlGenerator instance liquibase.sqlgenerator.core.DropTableGenerator
2025-07-31 16:26:27.418 [main] DEBUG liquibase.servicelocator - Loaded liquibase.sqlgenerator.SqlGenerator instance liquibase.sqlgenerator.core.DropUniqueConstraintGenerator
2025-07-31 16:26:27.420 [main] DEBUG liquibase.servicelocator - Loaded liquibase.sqlgenerator.SqlGenerator instance liquibase.sqlgenerator.core.DropViewGenerator
2025-07-31 16:26:27.421 [main] DEBUG liquibase.servicelocator - Loaded liquibase.sqlgenerator.SqlGenerator instance liquibase.sqlgenerator.core.GetNextChangeSetSequenceValueGenerator
2025-07-31 16:26:27.422 [main] DEBUG liquibase.servicelocator - Loaded liquibase.sqlgenerator.SqlGenerator instance liquibase.sqlgenerator.core.GetViewDefinitionGenerator
2025-07-31 16:26:27.424 [main] DEBUG liquibase.servicelocator - Loaded liquibase.sqlgenerator.SqlGenerator instance liquibase.sqlgenerator.core.GetViewDefinitionGeneratorDB2
2025-07-31 16:26:27.425 [main] DEBUG liquibase.servicelocator - Loaded liquibase.sqlgenerator.SqlGenerator instance liquibase.sqlgenerator.core.GetViewDefinitionGeneratorDerby
2025-07-31 16:26:27.426 [main] DEBUG liquibase.servicelocator - Loaded liquibase.sqlgenerator.SqlGenerator instance liquibase.sqlgenerator.core.GetViewDefinitionGeneratorFirebird
2025-07-31 16:26:27.428 [main] DEBUG liquibase.servicelocator - Loaded liquibase.sqlgenerator.SqlGenerator instance liquibase.sqlgenerator.core.GetViewDefinitionGeneratorHsql
2025-07-31 16:26:27.429 [main] DEBUG liquibase.servicelocator - Loaded liquibase.sqlgenerator.SqlGenerator instance liquibase.sqlgenerator.core.GetViewDefinitionGeneratorInformix
2025-07-31 16:26:27.431 [main] DEBUG liquibase.servicelocator - Loaded liquibase.sqlgenerator.SqlGenerator instance liquibase.sqlgenerator.core.GetViewDefinitionGeneratorMSSQL
2025-07-31 16:26:27.432 [main] DEBUG liquibase.servicelocator - Loaded liquibase.sqlgenerator.SqlGenerator instance liquibase.sqlgenerator.core.GetViewDefinitionGeneratorOracle
2025-07-31 16:26:27.434 [main] DEBUG liquibase.servicelocator - Loaded liquibase.sqlgenerator.SqlGenerator instance liquibase.sqlgenerator.core.GetViewDefinitionGeneratorPostgres
2025-07-31 16:26:27.435 [main] DEBUG liquibase.servicelocator - Loaded liquibase.sqlgenerator.SqlGenerator instance liquibase.sqlgenerator.core.GetViewDefinitionGeneratorSybase
2025-07-31 16:26:27.436 [main] DEBUG liquibase.servicelocator - Loaded liquibase.sqlgenerator.SqlGenerator instance liquibase.sqlgenerator.core.GetViewDefinitionGeneratorSybaseASA
2025-07-31 16:26:27.438 [main] DEBUG liquibase.servicelocator - Loaded liquibase.sqlgenerator.SqlGenerator instance liquibase.sqlgenerator.core.InitializeDatabaseChangeLogLockTableGenerator
2025-07-31 16:26:27.439 [main] DEBUG liquibase.servicelocator - Loaded liquibase.sqlgenerator.SqlGenerator instance liquibase.sqlgenerator.core.InsertDataChangeGenerator
2025-07-31 16:26:27.441 [main] DEBUG liquibase.servicelocator - Loaded liquibase.sqlgenerator.SqlGenerator instance liquibase.sqlgenerator.core.InsertGenerator
2025-07-31 16:26:27.444 [main] DEBUG liquibase.servicelocator - Loaded liquibase.sqlgenerator.SqlGenerator instance liquibase.sqlgenerator.core.InsertOrUpdateGeneratorDB2
2025-07-31 16:26:27.446 [main] DEBUG liquibase.servicelocator - Loaded liquibase.sqlgenerator.SqlGenerator instance liquibase.sqlgenerator.core.InsertOrUpdateGeneratorH2
2025-07-31 16:26:27.453 [main] DEBUG liquibase.servicelocator - Loaded liquibase.sqlgenerator.SqlGenerator instance liquibase.sqlgenerator.core.InsertOrUpdateGeneratorHsql
2025-07-31 16:26:27.455 [main] DEBUG liquibase.servicelocator - Loaded liquibase.sqlgenerator.SqlGenerator instance liquibase.sqlgenerator.core.InsertOrUpdateGeneratorInformix
2025-07-31 16:26:27.458 [main] DEBUG liquibase.servicelocator - Loaded liquibase.sqlgenerator.SqlGenerator instance liquibase.sqlgenerator.core.InsertOrUpdateGeneratorMSSQL
2025-07-31 16:26:27.459 [main] DEBUG liquibase.servicelocator - Loaded liquibase.sqlgenerator.SqlGenerator instance liquibase.sqlgenerator.core.InsertOrUpdateGeneratorMySQL
2025-07-31 16:26:27.461 [main] DEBUG liquibase.servicelocator - Loaded liquibase.sqlgenerator.SqlGenerator instance liquibase.sqlgenerator.core.InsertOrUpdateGeneratorOracle
2025-07-31 16:26:27.463 [main] DEBUG liquibase.servicelocator - Loaded liquibase.sqlgenerator.SqlGenerator instance liquibase.sqlgenerator.core.InsertOrUpdateGeneratorPostgres
2025-07-31 16:26:27.465 [main] DEBUG liquibase.servicelocator - Loaded liquibase.sqlgenerator.SqlGenerator instance liquibase.sqlgenerator.core.InsertOrUpdateGeneratorSQLite
2025-07-31 16:26:27.466 [main] DEBUG liquibase.servicelocator - Loaded liquibase.sqlgenerator.SqlGenerator instance liquibase.sqlgenerator.core.InsertOrUpdateGeneratorSybaseASA
2025-07-31 16:26:27.469 [main] DEBUG liquibase.servicelocator - Loaded liquibase.sqlgenerator.SqlGenerator instance liquibase.sqlgenerator.core.InsertSetGenerator
2025-07-31 16:26:28.561 [main] DEBUG liquibase.servicelocator - Loaded liquibase.sqlgenerator.SqlGenerator instance liquibase.sqlgenerator.core.LockDatabaseChangeLogGenerator
2025-07-31 16:26:28.564 [main] DEBUG liquibase.servicelocator - Loaded liquibase.sqlgenerator.SqlGenerator instance liquibase.sqlgenerator.core.MarkChangeSetRanGenerator
2025-07-31 16:26:28.565 [main] DEBUG liquibase.servicelocator - Loaded liquibase.sqlgenerator.SqlGenerator instance liquibase.sqlgenerator.core.ModifyDataTypeGenerator
2025-07-31 16:26:28.568 [main] DEBUG liquibase.servicelocator - Loaded liquibase.sqlgenerator.SqlGenerator instance liquibase.sqlgenerator.core.RawParameterizedSqlGenerator
2025-07-31 16:26:28.570 [main] DEBUG liquibase.servicelocator - Loaded liquibase.sqlgenerator.SqlGenerator instance liquibase.sqlgenerator.core.RawSqlGenerator
2025-07-31 16:26:28.572 [main] DEBUG liquibase.servicelocator - Loaded liquibase.sqlgenerator.SqlGenerator instance liquibase.sqlgenerator.core.ReindexGeneratorSQLite
2025-07-31 16:26:28.575 [main] DEBUG liquibase.servicelocator - Loaded liquibase.sqlgenerator.SqlGenerator instance liquibase.sqlgenerator.core.RemoveChangeSetRanStatusGenerator
2025-07-31 16:26:28.577 [main] DEBUG liquibase.servicelocator - Loaded liquibase.sqlgenerator.SqlGenerator instance liquibase.sqlgenerator.core.RenameColumnGenerator
2025-07-31 16:26:28.579 [main] DEBUG liquibase.servicelocator - Loaded liquibase.sqlgenerator.SqlGenerator instance liquibase.sqlgenerator.core.RenameSequenceGenerator
2025-07-31 16:26:28.580 [main] DEBUG liquibase.servicelocator - Loaded liquibase.sqlgenerator.SqlGenerator instance liquibase.sqlgenerator.core.RenameTableGenerator
2025-07-31 16:26:28.582 [main] DEBUG liquibase.servicelocator - Loaded liquibase.sqlgenerator.SqlGenerator instance liquibase.sqlgenerator.core.RenameViewGenerator
2025-07-31 16:26:28.584 [main] DEBUG liquibase.servicelocator - Loaded liquibase.sqlgenerator.SqlGenerator instance liquibase.sqlgenerator.core.ReorganizeTableGeneratorDB2
2025-07-31 16:26:28.585 [main] DEBUG liquibase.servicelocator - Loaded liquibase.sqlgenerator.SqlGenerator instance liquibase.sqlgenerator.core.RuntimeGenerator
2025-07-31 16:26:28.586 [main] DEBUG liquibase.servicelocator - Loaded liquibase.sqlgenerator.SqlGenerator instance liquibase.sqlgenerator.core.SelectFromDatabaseChangeLogGenerator
2025-07-31 16:26:28.588 [main] DEBUG liquibase.servicelocator - Loaded liquibase.sqlgenerator.SqlGenerator instance liquibase.sqlgenerator.core.SelectFromDatabaseChangeLogLockGenerator
2025-07-31 16:26:28.590 [main] DEBUG liquibase.servicelocator - Loaded liquibase.sqlgenerator.SqlGenerator instance liquibase.sqlgenerator.core.SetColumnRemarksGenerator
2025-07-31 16:26:28.591 [main] DEBUG liquibase.servicelocator - Loaded liquibase.sqlgenerator.SqlGenerator instance liquibase.sqlgenerator.core.SetNullableGenerator
2025-07-31 16:26:28.592 [main] DEBUG liquibase.servicelocator - Loaded liquibase.sqlgenerator.SqlGenerator instance liquibase.sqlgenerator.core.SetTableRemarksGenerator
2025-07-31 16:26:28.594 [main] DEBUG liquibase.servicelocator - Loaded liquibase.sqlgenerator.SqlGenerator instance liquibase.sqlgenerator.core.SetViewRemarksGenerator
2025-07-31 16:26:28.595 [main] DEBUG liquibase.servicelocator - Loaded liquibase.sqlgenerator.SqlGenerator instance liquibase.sqlgenerator.core.StoredProcedureGenerator
2025-07-31 16:26:28.597 [main] DEBUG liquibase.servicelocator - Loaded liquibase.sqlgenerator.SqlGenerator instance liquibase.sqlgenerator.core.TableIsEmptyGenerator
2025-07-31 16:26:28.598 [main] DEBUG liquibase.servicelocator - Loaded liquibase.sqlgenerator.SqlGenerator instance liquibase.sqlgenerator.core.TableRowCountGenerator
2025-07-31 16:26:28.599 [main] DEBUG liquibase.servicelocator - Loaded liquibase.sqlgenerator.SqlGenerator instance liquibase.sqlgenerator.core.TagDatabaseGenerator
2025-07-31 16:26:28.601 [main] DEBUG liquibase.servicelocator - Loaded liquibase.sqlgenerator.SqlGenerator instance liquibase.sqlgenerator.core.UnlockDatabaseChangeLogGenerator
2025-07-31 16:26:28.602 [main] DEBUG liquibase.servicelocator - Loaded liquibase.sqlgenerator.SqlGenerator instance liquibase.sqlgenerator.core.UpdateChangeSetChecksumGenerator
2025-07-31 16:26:28.604 [main] DEBUG liquibase.servicelocator - Loaded liquibase.sqlgenerator.SqlGenerator instance liquibase.sqlgenerator.core.UpdateDataChangeGenerator
2025-07-31 16:26:28.605 [main] DEBUG liquibase.servicelocator - Loaded liquibase.sqlgenerator.SqlGenerator instance liquibase.sqlgenerator.core.UpdateGenerator
2025-07-31 16:26:28.607 [main] DEBUG liquibase.servicelocator - Loaded liquibase.sqlgenerator.SqlGenerator instance liquibase.sqlgenerator.core.CreateSequenceGeneratorSnowflake
2025-07-31 16:26:28.608 [main] DEBUG liquibase.servicelocator - Loaded liquibase.sqlgenerator.SqlGenerator instance liquibase.sqlgenerator.core.DropDefaultValueGeneratorSnowflake
2025-07-31 16:26:28.609 [main] DEBUG liquibase.servicelocator - Loaded liquibase.sqlgenerator.SqlGenerator instance liquibase.sqlgenerator.core.DropProcedureGeneratorSnowflake
2025-07-31 16:26:28.611 [main] DEBUG liquibase.servicelocator - Loaded liquibase.sqlgenerator.SqlGenerator instance liquibase.sqlgenerator.core.InsertOrUpdateGeneratorSnowflake
2025-07-31 16:26:28.612 [main] DEBUG liquibase.servicelocator - Loaded liquibase.sqlgenerator.SqlGenerator instance liquibase.sqlgenerator.core.RenameTableGeneratorSnowflake
2025-07-31 16:26:28.614 [main] DEBUG liquibase.servicelocator - Loaded liquibase.sqlgenerator.SqlGenerator instance liquibase.sqlgenerator.core.RenameViewGeneratorSnowflake
2025-07-31 16:26:28.615 [main] DEBUG liquibase.servicelocator - Loaded liquibase.sqlgenerator.SqlGenerator instance liquibase.sqlgenerator.core.SetColumnRemarksGeneratorSnowflake
2025-07-31 16:26:28.617 [main] DEBUG liquibase.servicelocator - Loaded liquibase.sqlgenerator.SqlGenerator instance liquibase.sqlgenerator.core.SetTableRemarksGeneratorSnowflake
2025-07-31 16:26:28.618 [main] DEBUG liquibase.servicelocator - Loaded liquibase.sqlgenerator.SqlGenerator instance liquibase.sqlgenerator.core.GetViewDefinitionGeneratorSnowflake
2025-07-31 16:26:28.693 [main] DEBUG liquibase.configuration - No configuration value for liquibase.sql.alwaysSetFetchSize found
2025-07-31 16:26:28.693 [main] DEBUG liquibase.configuration - Configuration liquibase.sql.alwaysSetFetchSize is using the default value of true
2025-07-31 16:26:28.697 [main] DEBUG liquibase.configuration - No configuration value for liquibase.liquibaseTablespaceName aka liquibase.databaseChangeLogTablespaceName aka liquibase.liquibaseTableSpaceName found
2025-07-31 16:26:28.707 [main] DEBUG liquibase.servicelocator - Loaded liquibase.datatype.LiquibaseDataType instance liquibase.datatype.core.BigIntType
2025-07-31 16:26:28.709 [main] DEBUG liquibase.servicelocator - Loaded liquibase.datatype.LiquibaseDataType instance liquibase.datatype.core.BlobType
2025-07-31 16:26:28.711 [main] DEBUG liquibase.servicelocator - Loaded liquibase.datatype.LiquibaseDataType instance liquibase.datatype.core.BooleanType
2025-07-31 16:26:28.713 [main] DEBUG liquibase.servicelocator - Loaded liquibase.datatype.LiquibaseDataType instance liquibase.datatype.core.CharType
2025-07-31 16:26:28.714 [main] DEBUG liquibase.servicelocator - Loaded liquibase.datatype.LiquibaseDataType instance liquibase.datatype.core.ClobType
2025-07-31 16:26:28.716 [main] DEBUG liquibase.servicelocator - Loaded liquibase.datatype.LiquibaseDataType instance liquibase.datatype.core.CurrencyType
2025-07-31 16:26:28.718 [main] DEBUG liquibase.servicelocator - Loaded liquibase.datatype.LiquibaseDataType instance liquibase.datatype.core.DatabaseFunctionType
2025-07-31 16:26:28.720 [main] DEBUG liquibase.servicelocator - Loaded liquibase.datatype.LiquibaseDataType instance liquibase.datatype.core.DateTimeType
2025-07-31 16:26:28.722 [main] DEBUG liquibase.servicelocator - Loaded liquibase.datatype.LiquibaseDataType instance liquibase.datatype.core.DateType
2025-07-31 16:26:28.724 [main] DEBUG liquibase.servicelocator - Loaded liquibase.datatype.LiquibaseDataType instance liquibase.datatype.core.DecimalType
2025-07-31 16:26:28.726 [main] DEBUG liquibase.servicelocator - Loaded liquibase.datatype.LiquibaseDataType instance liquibase.datatype.core.DoubleType
2025-07-31 16:26:28.728 [main] DEBUG liquibase.servicelocator - Loaded liquibase.datatype.LiquibaseDataType instance liquibase.datatype.core.FloatType
2025-07-31 16:26:28.729 [main] DEBUG liquibase.servicelocator - Loaded liquibase.datatype.LiquibaseDataType instance liquibase.datatype.core.IntType
2025-07-31 16:26:28.731 [main] DEBUG liquibase.servicelocator - Loaded liquibase.datatype.LiquibaseDataType instance liquibase.datatype.core.MediumIntType
2025-07-31 16:26:28.733 [main] DEBUG liquibase.servicelocator - Loaded liquibase.datatype.LiquibaseDataType instance liquibase.datatype.core.NCharType
2025-07-31 16:26:28.735 [main] DEBUG liquibase.servicelocator - Loaded liquibase.datatype.LiquibaseDataType instance liquibase.datatype.core.NVarcharType
2025-07-31 16:26:28.736 [main] DEBUG liquibase.servicelocator - Loaded liquibase.datatype.LiquibaseDataType instance liquibase.datatype.core.NumberType
2025-07-31 16:26:28.738 [main] DEBUG liquibase.servicelocator - Loaded liquibase.datatype.LiquibaseDataType instance liquibase.datatype.core.SmallIntType
2025-07-31 16:26:28.740 [main] DEBUG liquibase.servicelocator - Loaded liquibase.datatype.LiquibaseDataType instance liquibase.datatype.core.TimeType
2025-07-31 16:26:28.744 [main] DEBUG liquibase.servicelocator - Loaded liquibase.datatype.LiquibaseDataType instance liquibase.datatype.core.TimestampType
2025-07-31 16:26:28.746 [main] DEBUG liquibase.servicelocator - Loaded liquibase.datatype.LiquibaseDataType instance liquibase.datatype.core.TinyIntType
2025-07-31 16:26:28.748 [main] DEBUG liquibase.servicelocator - Loaded liquibase.datatype.LiquibaseDataType instance liquibase.datatype.core.UUIDType
2025-07-31 16:26:28.748 [main] DEBUG liquibase.servicelocator - Loaded liquibase.datatype.LiquibaseDataType instance liquibase.datatype.core.UnknownType
2025-07-31 16:26:28.749 [main] DEBUG liquibase.servicelocator - Loaded liquibase.datatype.LiquibaseDataType instance liquibase.datatype.core.VarcharType
2025-07-31 16:26:28.751 [main] DEBUG liquibase.servicelocator - Loaded liquibase.datatype.LiquibaseDataType instance liquibase.datatype.core.XMLType
2025-07-31 16:26:28.752 [main] DEBUG liquibase.servicelocator - Loaded liquibase.datatype.LiquibaseDataType instance liquibase.datatype.core.TextDataTypeSnowflake
2025-07-31 16:26:28.754 [main] DEBUG liquibase.servicelocator - Loaded liquibase.datatype.LiquibaseDataType instance liquibase.datatype.core.TimestampNTZTypeSnowflake
2025-07-31 16:26:28.755 [main] DEBUG liquibase.servicelocator - Loaded liquibase.datatype.LiquibaseDataType instance liquibase.datatype.core.DoubleDataTypeSnowflake
2025-07-31 16:26:28.756 [main] DEBUG liquibase.servicelocator - Loaded liquibase.datatype.LiquibaseDataType instance liquibase.datatype.core.BinaryTypeSnowflake
2025-07-31 16:26:28.758 [main] DEBUG liquibase.servicelocator - Loaded liquibase.datatype.LiquibaseDataType instance liquibase.datatype.core.ClobTypeSnowflake
2025-07-31 16:26:28.769 [main] DEBUG liquibase.configuration - No configuration value for liquibase.includeCatalogInSpecification found
2025-07-31 16:26:28.769 [main] DEBUG liquibase.configuration - Configuration liquibase.includeCatalogInSpecification is using the default value of false
2025-07-31 16:26:28.772 [main] DEBUG liquibase.configuration - No configuration value for liquibase.sql.logLevel found
2025-07-31 16:26:28.772 [main] DEBUG liquibase.configuration - Configuration liquibase.sql.logLevel is using the default value of FINE
2025-07-31 16:26:28.772 [main] DEBUG liquibase.executor - CREATE TABLE PUBLIC.DATABASECHANGELOG (ID VARCHAR(255) NOT NULL, AUTHOR VARCHAR(255) NOT NULL, FILENAME VARCHAR(255) NOT NULL, DATEEXECUTED TIMESTAMP NOT NULL, ORDEREXECUTED INT NOT NULL, EXECTYPE VARCHAR(10) NOT NULL, MD5SUM VARCHAR(35), DESCRIPTION VARCHAR(255), COMMENTS VARCHAR(255), TAG VARCHAR(255), LIQUIBASE VARCHAR(20), CONTEXTS VARCHAR(255), LABELS VARCHAR(255), DEPLOYMENT_ID VARCHAR(10))
2025-07-31 16:26:28.778 [main] DEBUG liquibase.executor - 0 row(s) affected
2025-07-31 16:26:28.781 [main] DEBUG liquibase.executor - Changelog query completed.
2025-07-31 16:26:28.789 [main] DEBUG liquibase.servicelocator - Loaded liquibase.database.LiquibaseTableNames instance liquibase.database.StandardLiquibaseTableNames
2025-07-31 16:26:28.803 [main] INFO  liquibase.changelog - Reading from PUBLIC.DATABASECHANGELOG
2025-07-31 16:26:28.809 [main] DEBUG liquibase.executor - Changelog query completed.
2025-07-31 16:26:28.814 [main] DEBUG liquibase.servicelocator - Loaded liquibase.lockservice.LockService instance liquibase.lockservice.LockServiceImpl
2025-07-31 16:26:28.816 [main] DEBUG liquibase.servicelocator - Loaded liquibase.lockservice.LockService instance liquibase.lockservice.MockLockService
2025-07-31 16:26:28.817 [main] DEBUG liquibase.servicelocator - Loaded liquibase.lockservice.LockService instance liquibase.lockservice.OfflineLockService
2025-07-31 16:26:28.817 [main] DEBUG liquibase.servicelocator - Loaded liquibase.lockservice.LockService instance liquibase.lockservice.StandardLockService
2025-07-31 16:26:28.821 [main] DEBUG liquibase.executor - Create Database Lock Table
2025-07-31 16:26:28.823 [main] DEBUG liquibase.executor - CREATE TABLE PUBLIC.DATABASECHANGELOGLOCK (ID INT NOT NULL, LOCKED BOOLEAN NOT NULL, LOCKGRANTED TIMESTAMP, LOCKEDBY VARCHAR(255), CONSTRAINT PK_DATABASECHANGELOGLOCK PRIMARY KEY (ID))
2025-07-31 16:26:28.831 [main] DEBUG liquibase.executor - 0 row(s) affected
2025-07-31 16:26:28.831 [main] DEBUG liquibase.executor - Changelog query completed.
2025-07-31 16:26:28.832 [main] DEBUG liquibase.lockservice - Created database lock table with name: PUBLIC.DATABASECHANGELOGLOCK
2025-07-31 16:26:28.833 [main] DEBUG liquibase.executor - Changelog query completed.
2025-07-31 16:26:28.833 [main] DEBUG liquibase.executor - Initialize Database Lock Table
2025-07-31 16:26:28.835 [main] DEBUG liquibase.executor - DELETE FROM PUBLIC.DATABASECHANGELOGLOCK
2025-07-31 16:26:28.836 [main] DEBUG liquibase.executor - 0 row(s) affected
2025-07-31 16:26:28.836 [main] DEBUG liquibase.executor - INSERT INTO PUBLIC.DATABASECHANGELOGLOCK (ID, LOCKED) VALUES (1, FALSE)
2025-07-31 16:26:28.839 [main] DEBUG liquibase.executor - 1 row(s) affected
2025-07-31 16:26:28.839 [main] DEBUG liquibase.executor - Changelog query completed.
2025-07-31 16:26:28.845 [main] DEBUG liquibase.configuration - No configuration value for liquibase.allowDuplicatedChangesetIdentifiers found
2025-07-31 16:26:28.845 [main] DEBUG liquibase.configuration - Configuration liquibase.allowDuplicatedChangesetIdentifiers is using the default value of false
2025-07-31 16:26:28.850 [main] DEBUG liquibase.servicelocator - Loaded liquibase.changelog.visitor.ValidatingVisitorGenerator instance liquibase.changelog.visitor.StandardValidatingVisitorGenerator
2025-07-31 16:26:28.927 [main] DEBUG liquibase.command - Executing internal command changeExecListener
2025-07-31 16:26:28.930 [main] DEBUG liquibase.command - Executing internal command update migrate
2025-07-31 16:26:28.968 [main] DEBUG liquibase.configuration - No configuration value for liquibase.changelogLockWaitTimeInMinutes aka liquibase.changeLogLockWaitTimeInMinutes found
2025-07-31 16:26:28.969 [main] DEBUG liquibase.configuration - Configuration liquibase.changelogLockWaitTimeInMinutes is using the default value of 5
2025-07-31 16:26:28.970 [main] DEBUG liquibase.executor - Changelog query completed.
2025-07-31 16:26:28.975 [main] DEBUG liquibase.executor - Changelog query completed.
2025-07-31 16:26:28.975 [main] DEBUG liquibase.executor - Lock Database
2025-07-31 16:26:28.986 [main] DEBUG liquibase.executor - Changelog query completed.
2025-07-31 16:26:28.986 [main] INFO  liquibase.lockservice - Successfully acquired change log lock
2025-07-31 16:26:28.987 [main] INFO  liquibase.command - Using deploymentId: 3979188987
2025-07-31 16:26:28.991 [main] INFO  liquibase.changelog - Reading from PUBLIC.DATABASECHANGELOG
2025-07-31 16:26:28.992 [main] DEBUG liquibase.executor - Changelog query completed.
2025-07-31 16:26:29.009 [main] DEBUG liquibase.util - Computed checksum for createTable:[
    columns=[
        [
            [
                nullable="false"
                primaryKey="true"
            ]
            autoIncrement="true"
            name="id"
            type="BIGINT"
        ],
        [
            [
                nullable="false"
                unique="true"
            ]
            name="name"
            type="VARCHAR(255)"
        ]
    ]
    tableName="roles"
] as 9d3031c884ba07cdb66eb5a753652c5b
2025-07-31 16:26:29.010 [main] DEBUG liquibase.util - Computed checksum for 9:9d3031c884ba07cdb66eb5a753652c5b: as 89e14b3e9bbfb3a0437b63b3f48a4578
2025-07-31 16:26:29.013 [main] DEBUG liquibase.util - Computed checksum for createTable:[
    columns=[
        [
            [
                nullable="false"
                primaryKey="true"
            ]
            autoIncrement="true"
            name="id"
            type="BIGINT"
        ],
        [
            [
                nullable="false"
                unique="true"
            ]
            name="email"
            type="VARCHAR(255)"
        ],
        [
            [
                nullable="false"
            ]
            name="password"
       ... [truncated in log] as e6e6267c421d7f7057947de393dfa0d7
2025-07-31 16:26:29.013 [main] DEBUG liquibase.util - Computed checksum for 9:e6e6267c421d7f7057947de393dfa0d7: as d9c05a03a1542ac1c442a313831be33d
2025-07-31 16:26:29.017 [main] DEBUG liquibase.util - Computed checksum for createTable:[
    columns=[
        [
            [
                nullable="false"
                primaryKey="true"
            ]
            autoIncrement="true"
            name="id"
            type="BIGINT"
        ],
        [
            [
                nullable="false"
            ]
            name="first_name"
            type="VARCHAR(255)"
        ],
        [
            [
                nullable="false"
            ]
            name="last_name"
            type="VARCHAR(255)"... [truncated in log] as 11aa7df409881a0303ed94634d3b5b4b
2025-07-31 16:26:29.018 [main] DEBUG liquibase.util - Computed checksum for 9:11aa7df409881a0303ed94634d3b5b4b: as bf5b431ae5ea105162190121e6a192ae
2025-07-31 16:26:29.022 [main] DEBUG liquibase.util - Computed checksum for createTable:[
    columns=[
        [
            [
                nullable="false"
                primaryKey="true"
            ]
            autoIncrement="true"
            name="id"
            type="BIGINT"
        ],
        [
            [
                nullable="false"
            ]
            name="first_name"
            type="VARCHAR(255)"
        ],
        [
            [
                nullable="false"
            ]
            name="last_name"
            type="VARCHAR(255)"... [truncated in log] as 8b097651a9c8cdf0f7a378596dce0beb
2025-07-31 16:26:29.023 [main] DEBUG liquibase.util - Computed checksum for 9:8b097651a9c8cdf0f7a378596dce0beb: as 8c67f3d6bbf20ddfdcef1b34f5f205d6
2025-07-31 16:26:29.024 [main] DEBUG liquibase.util - Computed checksum for createTable:[
    columns=[
        [
            [
                foreignKeyName="fk_athlete_phone_athlete"
                nullable="false"
                references="athletes(id)"
            ]
            name="athlete_id"
            type="BIGINT"
        ],
        [
            [
                nullable="false"
            ]
            name="phone_numbers"
            type="VARCHAR(255)"
        ]
    ]
    tableName="athlete_phone_numbers"
] as abdf8138a79cc6a2381bf5f3cdac3c83
2025-07-31 16:26:29.025 [main] DEBUG liquibase.util - Computed checksum for 9:abdf8138a79cc6a2381bf5f3cdac3c83: as 7c5a81e170adc177f9641b66d3e444fc
2025-07-31 16:26:29.026 [main] DEBUG liquibase.util - Computed checksum for createTable:[
    columns=[
        [
            [
                nullable="false"
                primaryKey="true"
            ]
            autoIncrement="true"
            name="id"
            type="BIGINT"
        ],
        [
            [
                nullable="false"
                unique="true"
            ]
            name="sport_name"
            type="VARCHAR(50)"
        ],
        [
            [
                nullable="false"
            ]
            defaultValueBoolean... [truncated in log] as 1608e865bd2466447eb59d76d318f220
2025-07-31 16:26:29.027 [main] DEBUG liquibase.util - Computed checksum for createIndex:[
    columns=[
        [
            name="sport_name"
        ]
    ]
    indexName="idx_sports_sport_name"
    tableName="sports"
] as 1f92050c9422db9be5d1e3dff20ba241
2025-07-31 16:26:29.028 [main] DEBUG liquibase.util - Computed checksum for 9:1608e865bd2466447eb59d76d318f220:9:1f92050c9422db9be5d1e3dff20ba241: as a5006f73ee34e2827b447ac47f9d4d61
2025-07-31 16:26:29.029 [main] DEBUG liquibase.util - Computed checksum for createTable:[
    columns=[
        [
            [
                foreignKeyName="fk_sport_athlete_sport"
                nullable="false"
                references="sports(id)"
            ]
            name="sport_id"
            type="BIGINT"
        ],
        [
            [
                foreignKeyName="fk_sport_athlete_athlete"
                nullable="false"
                references="athletes(id)"
            ]
            name="athlete_id"
            type="BIGINT"
        ]
   ... [truncated in log] as 7f397610fd81e1bbf81ab6acc0ade43a
2025-07-31 16:26:29.029 [main] DEBUG liquibase.util - Computed checksum for addPrimaryKey:[
    columnNames="sport_id,athlete_id"
    tableName="sports_athletes"
] as cd94b1e37aed1eb9d1f20621074afed0
2025-07-31 16:26:29.030 [main] DEBUG liquibase.util - Computed checksum for 9:7f397610fd81e1bbf81ab6acc0ade43a:9:cd94b1e37aed1eb9d1f20621074afed0: as 5a806aa133a19e017ef2586b92106951
2025-07-31 16:26:29.032 [main] DEBUG liquibase.util - Computed checksum for createTable:[
    columns=[
        [
            [
                nullable="false"
                primaryKey="true"
            ]
            autoIncrement="true"
            name="id"
            type="BIGINT"
        ],
        [
            [
                nullable="false"
            ]
            name="first_name"
            type="VARCHAR(255)"
        ],
        [
            [
                nullable="false"
            ]
            name="last_name"
            type="VARCHAR(255)"... [truncated in log] as 504cacbf644e11be681724cbde7f58c1
2025-07-31 16:26:29.032 [main] DEBUG liquibase.util - Computed checksum for 9:504cacbf644e11be681724cbde7f58c1: as 96d86ff05cf002df7d914b3243cb68bb
2025-07-31 16:26:29.033 [main] DEBUG liquibase.util - Computed checksum for createTable:[
    columns=[
        [
            [
                foreignKeyName="fk_gym_owner_phone_gym_owner"
                nullable="false"
                references="gym_owners(id)"
            ]
            name="gym_owner_id"
            type="BIGINT"
        ],
        [
            [
                nullable="false"
            ]
            name="phone_numbers"
            type="VARCHAR(255)"
        ]
    ]
    tableName="gym_owner_phone_numbers"
] as 4570637f5f9cf9fa2bbf87a3563c007b
2025-07-31 16:26:29.034 [main] DEBUG liquibase.util - Computed checksum for 9:4570637f5f9cf9fa2bbf87a3563c007b: as 1a0b5c834dee77ed2f8fd414839749fa
2025-07-31 16:26:29.036 [main] DEBUG liquibase.util - Computed checksum for createTable:[
    columns=[
        [
            [
                nullable="false"
                primaryKey="true"
            ]
            autoIncrement="true"
            name="id"
            type="BIGINT"
        ],
        [
            [
                nullable="false"
            ]
            name="country"
            type="VARCHAR(255)"
        ],
        [
            [
                nullable="false"
            ]
            name="city"
            type="VARCHAR(255)"
       ... [truncated in log] as 7cf4e963ec67998402fad50606724127
2025-07-31 16:26:29.036 [main] DEBUG liquibase.util - Computed checksum for 9:7cf4e963ec67998402fad50606724127: as bb5305c7af5222e50eb36927cb33f7e1
2025-07-31 16:26:29.042 [main] DEBUG liquibase.util - Computed checksum for createTable:[
    columns=[
        [
            [
                nullable="false"
                primaryKey="true"
            ]
            autoIncrement="true"
            name="id"
            type="BIGINT"
        ],
        [
            [
                nullable="false"
            ]
            name="name"
            type="VARCHAR(255)"
        ],
        [
            [
                foreignKeyName="fk_gym_address"
                nullable="false"
                references="addr... [truncated in log] as 05eb5b281eb32b3b0fe81c394f77401a
2025-07-31 16:26:29.043 [main] DEBUG liquibase.util - Computed checksum for 9:05eb5b281eb32b3b0fe81c394f77401a: as dfc9245ca879b7b91ed15c2a33ec295b
2025-07-31 16:26:29.045 [main] DEBUG liquibase.util - Computed checksum for createTable:[
    columns=[
        [
            [
                foreignKeyName="fk_gym_phone_gym"
                nullable="false"
                references="gyms(id)"
            ]
            name="gym_id"
            type="BIGINT"
        ],
        [
            [
                nullable="false"
            ]
            name="phone_numbers"
            type="VARCHAR(255)"
        ]
    ]
    tableName="gym_phone_numbers"
] as 5e8fb6be37d19064b6ca184ce8fcefa7
2025-07-31 16:26:29.046 [main] DEBUG liquibase.util - Computed checksum for 9:5e8fb6be37d19064b6ca184ce8fcefa7: as 77d9fba58149238e9069114507284237
2025-07-31 16:26:29.047 [main] DEBUG liquibase.util - Computed checksum for createTable:[
    columns=[
        [
            [
                foreignKeyName="fk_gym_working_hours_gym"
                nullable="false"
                references="gyms(id)"
            ]
            name="gym_id"
            type="BIGINT"
        ],
        [
            name="day_of_week"
            type="VARCHAR(255)"
        ],
        [
            name="start_time"
            type="TIME"
        ],
        [
            name="end_time"
            type="TIME"
        ]
    ]
    t... [truncated in log] as 4e926c86630e0c1d5e7e45064d83ebcb
2025-07-31 16:26:29.048 [main] DEBUG liquibase.util - Computed checksum for 9:4e926c86630e0c1d5e7e45064d83ebcb: as 43091ebbce4249e25299b3acd520e86d
2025-07-31 16:26:29.049 [main] DEBUG liquibase.util - Computed checksum for createTable:[
    columns=[
        [
            [
                foreignKeyName="fk_sport_gym_sport"
                nullable="false"
                references="sports(id)"
            ]
            name="sport_id"
            type="BIGINT"
        ],
        [
            [
                foreignKeyName="fk_sport_gym_gym"
                nullable="false"
                references="gyms(id)"
            ]
            name="gym_id"
            type="BIGINT"
        ]
    ]
    tableName="sp... [truncated in log] as 85b7266df37d7487c37a41a7b9e1983e
2025-07-31 16:26:29.050 [main] DEBUG liquibase.util - Computed checksum for addPrimaryKey:[
    columnNames="sport_id, gym_id"
    tableName="sports_gyms"
] as 2412d5c38dfbb98c92ef48f3937d10e7
2025-07-31 16:26:29.050 [main] DEBUG liquibase.util - Computed checksum for 9:85b7266df37d7487c37a41a7b9e1983e:9:2412d5c38dfbb98c92ef48f3937d10e7: as 8c4f59e30ebe0117496901e3e6cd85d8
2025-07-31 16:26:29.052 [main] DEBUG liquibase.util - Computed checksum for createTable:[
    columns=[
        [
            [
                nullable="false"
                primaryKey="true"
            ]
            autoIncrement="true"
            name="id"
            type="BIGINT"
        ],
        [
            [
                nullable="false"
            ]
            name="image_url"
            type="VARCHAR(255)"
        ],
        [
            [
                foreignKeyName="fk_gym_photo_gym"
                nullable="false"
                reference... [truncated in log] as d8c4f5cd1a772d501ec3c15af843d61c
2025-07-31 16:26:29.053 [main] DEBUG liquibase.util - Computed checksum for 9:d8c4f5cd1a772d501ec3c15af843d61c: as 765018a82ce0768dd07260a502cb3041
2025-07-31 16:26:29.058 [main] DEBUG liquibase.util - Computed checksum for createTable:[
    columns=[
        [
            [
                nullable="false"
                primaryKey="true"
            ]
            autoIncrement="true"
            name="id"
            type="BIGINT"
        ],
        [
            [
                nullable="false"
            ]
            name="first_name"
            type="VARCHAR(255)"
        ],
        [
            [
                nullable="false"
            ]
            name="last_name"
            type="VARCHAR(255)"... [truncated in log] as b90e0343a59f97898ef8dc43865f3e9e
2025-07-31 16:26:29.058 [main] DEBUG liquibase.util - Computed checksum for 9:b90e0343a59f97898ef8dc43865f3e9e: as a77651a661afcabb4f1ff85de215c60a
2025-07-31 16:26:29.074 [main] DEBUG liquibase.util - Computed checksum for createTable:[
    columns=[
        [
            [
                foreignKeyName="fk_trainer_phone_trainer"
                nullable="false"
                references="trainers(id)"
            ]
            name="trainer_id"
            type="BIGINT"
        ],
        [
            [
                nullable="false"
            ]
            name="phone_numbers"
            type="VARCHAR(255)"
        ]
    ]
    tableName="trainer_phone_numbers"
] as 6eecf1a8c375927cb5fa042fda9c47ca
2025-07-31 16:26:29.082 [main] DEBUG liquibase.util - Computed checksum for 9:6eecf1a8c375927cb5fa042fda9c47ca: as 921277ddc05ebac15718b45849f874d6
2025-07-31 16:26:29.083 [main] DEBUG liquibase.util - Computed checksum for createTable:[
    columns=[
        [
            [
                foreignKeyName="fk_sport_trainer_sport"
                nullable="false"
                references="sports(id)"
            ]
            name="sport_id"
            type="BIGINT"
        ],
        [
            [
                foreignKeyName="fk_sport_trainer_trainer"
                nullable="false"
                references="trainers(id)"
            ]
            name="trainer_id"
            type="BIGINT"
        ]
   ... [truncated in log] as 02996d6c953780bef45cce8ef76614f7
2025-07-31 16:26:29.086 [main] DEBUG liquibase.util - Computed checksum for addPrimaryKey:[
    columnNames="sport_id, trainer_id"
    tableName="sports_trainers"
] as 8a5ad8b6aa5ca7a15174418a738b7153
2025-07-31 16:26:29.087 [main] DEBUG liquibase.util - Computed checksum for 9:02996d6c953780bef45cce8ef76614f7:9:8a5ad8b6aa5ca7a15174418a738b7153: as f7c1995436349b41a0dcf9253b707670
2025-07-31 16:26:29.089 [main] DEBUG liquibase.util - Computed checksum for createTable:[
    columns=[
        [
            [
                foreignKeyName="fk_gym_trainer_gym"
                nullable="false"
                references="gyms(id)"
            ]
            name="gym_id"
            type="BIGINT"
        ],
        [
            [
                foreignKeyName="fk_gym_trainer_trainer"
                nullable="false"
                references="trainers(id)"
            ]
            name="trainer_id"
            type="BIGINT"
        ]
    ]
    tab... [truncated in log] as 3207ae034a7d5944c02f874beb93cbaa
2025-07-31 16:26:29.093 [main] DEBUG liquibase.util - Computed checksum for addPrimaryKey:[
    columnNames="gym_id, trainer_id"
    tableName="gyms_trainers"
] as 141bd742ba3b7f8bf76e6dedbb9ee5e6
2025-07-31 16:26:29.094 [main] DEBUG liquibase.util - Computed checksum for 9:3207ae034a7d5944c02f874beb93cbaa:9:141bd742ba3b7f8bf76e6dedbb9ee5e6: as 9c5b620f4c4767a5d53c1bb19f949568
2025-07-31 16:26:29.096 [main] DEBUG liquibase.util - Computed checksum for createTable:[
    columns=[
        [
            [
                nullable="false"
                primaryKey="true"
            ]
            autoIncrement="true"
            name="id"
            type="BIGINT"
        ],
        [
            [
                nullable="false"
            ]
            name="rating"
            type="INT"
        ],
        [
            name="description"
            type="VARCHAR(255)"
        ],
        [
            [
                foreignKeyName="fk_r... [truncated in log] as 2e7d702aa98cb88facfc1989b94ead80
2025-07-31 16:26:29.096 [main] DEBUG liquibase.util - Computed checksum for 9:2e7d702aa98cb88facfc1989b94ead80: as ee79d17a8ff5a9e7583cfd18c5dbf3af
2025-07-31 16:26:29.098 [main] DEBUG liquibase.util - Computed checksum for createTable:[
    columns=[
        [
            [
                nullable="false"
                primaryKey="true"
            ]
            autoIncrement="true"
            name="id"
            type="BIGINT"
        ],
        [
            [
                nullable="false"
            ]
            name="name"
            type="VARCHAR(255)"
        ],
        [
            [
                foreignKeyName="fk_event_sport"
                nullable="false"
                references="spor... [truncated in log] as 9d9f7aedd21973fa92bfd94f87811133
2025-07-31 16:26:29.098 [main] DEBUG liquibase.util - Computed checksum for 9:9d9f7aedd21973fa92bfd94f87811133: as 77d6c658cec160983089042a91fa03ca
2025-07-31 16:26:29.099 [main] DEBUG liquibase.util - Computed checksum for createTable:[
    columns=[
        [
            [
                foreignKeyName="fk_user_credentials_role_user"
                nullable="false"
                references="user_credentials(id)"
            ]
            name="user_credentials_id"
            type="BIGINT"
        ],
        [
            [
                foreignKeyName="fk_user_credentials_role_role"
                nullable="false"
                references="roles(id)"
            ]
            name="role_id"
            ... [truncated in log] as 89d2f8157a888a4d4095494a33daa267
2025-07-31 16:26:29.100 [main] DEBUG liquibase.util - Computed checksum for addPrimaryKey:[
    columnNames="user_credentials_id, role_id"
    tableName="user_credentials_roles"
] as 108b48105b442cfb7fe94ba44f2529c6
2025-07-31 16:26:29.101 [main] DEBUG liquibase.util - Computed checksum for 9:89d2f8157a888a4d4095494a33daa267:9:108b48105b442cfb7fe94ba44f2529c6: as d0ed0797686dfb5c49cd8db5633f80d6
2025-07-31 16:26:29.103 [main] DEBUG liquibase.util - Computed checksum for createTable:[
    columns=[
        [
            [
                foreignKeyName="fk_trainer_certificate_trainer"
                nullable="false"
                references="trainers(id)"
            ]
            name="trainer_id"
            type="BIGINT"
        ],
        [
            [
                nullable="false"
            ]
            name="certificates"
            type="VARCHAR(255)"
        ]
    ]
    tableName="trainer_certificates"
] as fd78aeb8f5f5ece1c706d4a325f8a6b5
2025-07-31 16:26:29.106 [main] DEBUG liquibase.util - Computed checksum for 9:fd78aeb8f5f5ece1c706d4a325f8a6b5: as 47d44a7a18adbac784c2d097e62fb32f
2025-07-31 16:26:29.107 [main] DEBUG liquibase.util - Computed checksum for insert:[
    columns=[
        [
            name="sport_name"
            value="Тренажерний зал"
        ]
    ]
    tableName="sports"
] as 66413d13a3669fe9f2c3d8a5bcdea4b0
2025-07-31 16:26:29.108 [main] DEBUG liquibase.util - Computed checksum for insert:[
    columns=[
        [
            name="sport_name"
            value="Плавання"
        ]
    ]
    tableName="sports"
] as 25be80afdb242566293082dc7db6a951
2025-07-31 16:26:29.109 [main] DEBUG liquibase.util - Computed checksum for insert:[
    columns=[
        [
            name="sport_name"
            value="Кроссфіт"
        ]
    ]
    tableName="sports"
] as 09c2ac996272d2c81fdde37d20e29fe7
2025-07-31 16:26:29.110 [main] DEBUG liquibase.util - Computed checksum for insert:[
    columns=[
        [
            name="sport_name"
            value="Сквош"
        ]
    ]
    tableName="sports"
] as e8154bdca60e47ec87f4f76be59df100
2025-07-31 16:26:29.111 [main] DEBUG liquibase.util - Computed checksum for insert:[
    columns=[
        [
            name="sport_name"
            value="Бокс"
        ]
    ]
    tableName="sports"
] as b851ae036e92d643c98dcf075e446de6
2025-07-31 16:26:29.111 [main] DEBUG liquibase.util - Computed checksum for insert:[
    columns=[
        [
            name="sport_name"
            value="Стретчинг"
        ]
    ]
    tableName="sports"
] as ac48b4e8db96d399c060f972bc02a896
2025-07-31 16:26:29.112 [main] DEBUG liquibase.util - Computed checksum for insert:[
    columns=[
        [
            name="sport_name"
            value="Йога"
        ]
    ]
    tableName="sports"
] as 3895a541270234ece0fa267c696b0ec9
2025-07-31 16:26:29.112 [main] DEBUG liquibase.util - Computed checksum for insert:[
    columns=[
        [
            name="sport_name"
            value="Сайклінг"
        ]
    ]
    tableName="sports"
] as 806a6b0386bed69e2c3889ff35cdcf69
2025-07-31 16:26:29.113 [main] DEBUG liquibase.util - Computed checksum for insert:[
    columns=[
        [
            name="sport_name"
            value="Дитячий фітнес"
        ]
    ]
    tableName="sports"
] as be829fdf665dfad19e9570cccfad69df
2025-07-31 16:26:29.113 [main] DEBUG liquibase.util - Computed checksum for insert:[
    columns=[
        [
            name="sport_name"
            value="Дитяче плавання"
        ]
    ]
    tableName="sports"
] as cd16e3a60cc295f0a072073b50ca9400
2025-07-31 16:26:29.114 [main] DEBUG liquibase.util - Computed checksum for insert:[
    columns=[
        [
            name="sport_name"
            value="Плавання для немовлят"
        ]
    ]
    tableName="sports"
] as 2959ad132728c9d8404e62f529badc23
2025-07-31 16:26:29.115 [main] DEBUG liquibase.util - Computed checksum for insert:[
    columns=[
        [
            name="sport_name"
            value="Аква аеробіка"
        ]
    ]
    tableName="sports"
] as 0c7daa00f997b86059d340521e3cab54
2025-07-31 16:26:29.115 [main] DEBUG liquibase.util - Computed checksum for insert:[
    columns=[
        [
            name="sport_name"
            value="Пілатес"
        ]
    ]
    tableName="sports"
] as 62a3aa773f19481a876790dd9d97f1a0
2025-07-31 16:26:29.115 [main] DEBUG liquibase.util - Computed checksum for insert:[
    columns=[
        [
            name="sport_name"
            value="Степ аеробіка"
        ]
    ]
    tableName="sports"
] as e53db54307ef228d9d84362c7e1cfc94
2025-07-31 16:26:29.116 [main] DEBUG liquibase.util - Computed checksum for insert:[
    columns=[
        [
            name="sport_name"
            value="Настільний теніс"
        ]
    ]
    tableName="sports"
] as 9379616fa3d85b93d1c0ac36a5373505
2025-07-31 16:26:29.117 [main] DEBUG liquibase.util - Computed checksum for insert:[
    columns=[
        [
            name="sport_name"
            value="TRX"
        ]
    ]
    tableName="sports"
] as 1d6864036782db0d874fb8d9b2ad4fc1
2025-07-31 16:26:29.118 [main] DEBUG liquibase.util - Computed checksum for insert:[
    columns=[
        [
            name="sport_name"
            value="Жіночий бокс"
        ]
    ]
    tableName="sports"
] as f2efef703a78bf94533aa5dcdd03e155
2025-07-31 16:26:29.118 [main] DEBUG liquibase.util - Computed checksum for 9:66413d13a3669fe9f2c3d8a5bcdea4b0:9:25be80afdb242566293082dc7db6a951:9:09c2ac996272d2c81fdde37d20e29fe7:9:e8154bdca60e47ec87f4f76be59df100:9:b851ae036e92d643c98dcf075e446de6:9:ac48b4e8db96d399c060f972bc02a896:9:3895a541270234ece0fa267c696b0ec9:9:806a6b0386bed69e2c3889ff35cdcf69:9:be829fdf665dfad19e9570cccfad69df:9:cd16e3a60cc295f0a072073b50ca9400:9:2959ad132728c9d8404e62f529badc23:9:0c7daa00f997b86059d340521e3cab54:9:62a3aa773f19481a876790dd9d97f1a0:9:e53db54307ef228d9d84362c7e1cfc94:9:9379616f... [truncated in log] as 9ab65fac254bdd27b612be7540a13856
2025-07-31 16:26:29.119 [main] DEBUG liquibase.util - Computed checksum for insert:[
    columns=[
        [
            name="id"
            value="1"
        ],
        [
            name="name"
            value="ROLE_ADMIN"
        ]
    ]
    tableName="roles"
] as ecf6c6cfbd47a4757d0cf45373ee2061
2025-07-31 16:26:29.119 [main] DEBUG liquibase.util - Computed checksum for insert:[
    columns=[
        [
            name="id"
            value="2"
        ],
        [
            name="name"
            value="ROLE_ATHLETE"
        ]
    ]
    tableName="roles"
] as 95d818b01fa89cf0dbc53f9ec047932c
2025-07-31 16:26:29.120 [main] DEBUG liquibase.util - Computed checksum for insert:[
    columns=[
        [
            name="id"
            value="3"
        ],
        [
            name="name"
            value="ROLE_TRAINER"
        ]
    ]
    tableName="roles"
] as d626e5893cb4c9b5517dc355f7f302a3
2025-07-31 16:26:29.120 [main] DEBUG liquibase.util - Computed checksum for insert:[
    columns=[
        [
            name="id"
            value="4"
        ],
        [
            name="name"
            value="ROLE_GYM_OWNER"
        ]
    ]
    tableName="roles"
] as fccab4751b9c36bd6fe4bb4d135565c6
2025-07-31 16:26:29.121 [main] DEBUG liquibase.util - Computed checksum for 9:ecf6c6cfbd47a4757d0cf45373ee2061:9:95d818b01fa89cf0dbc53f9ec047932c:9:d626e5893cb4c9b5517dc355f7f302a3:9:fccab4751b9c36bd6fe4bb4d135565c6: as 70e56b87383493f606906824f528f836
2025-07-31 16:26:29.122 [main] DEBUG liquibase.configuration - No configuration value for liquibase.fileEncoding found
2025-07-31 16:26:29.122 [main] DEBUG liquibase.configuration - Configuration liquibase.fileEncoding is using the default value of UTF-8
2025-07-31 16:26:29.123 [main] DEBUG liquibase.util - Computed checksum for inputStream as 6fb70ffae83ad39b0eaba7cc05d62223
2025-07-31 16:26:29.123 [main] DEBUG liquibase.util - Computed checksum for insert:[
    columns=[
        [
            name="first_name"
            value="Super"
        ],
        [
            name="last_name"
            value="Admin"
        ],
        [
            name="user_credentials_id"
            valueComputed="(SELECT id FROM user_credentials WHERE email = 'admin@example.com')"
        ]
    ]
    tableName="admins"
] as cdcbea42e7e6691a3fc8f07884ab7955
2025-07-31 16:26:29.124 [main] DEBUG liquibase.util - Computed checksum for insert:[
    columns=[
        [
            name="user_credentials_id"
            valueComputed="(SELECT id FROM user_credentials WHERE email = 'admin@example.com')"
        ],
        [
            name="role_id"
            valueComputed="(SELECT id FROM roles WHERE name = 'ROLE_ADMIN')"
        ]
    ]
    tableName="user_credentials_roles"
] as bc5bed366659a0e25592f2f4ba56b2dc
2025-07-31 16:26:29.124 [main] DEBUG liquibase.util - Computed checksum for 9:6fb70ffae83ad39b0eaba7cc05d62223:9:cdcbea42e7e6691a3fc8f07884ab7955:9:bc5bed366659a0e25592f2f4ba56b2dc: as 6dd6ceb3e49f5d969581e1e63aea8190
2025-07-31 16:26:29.125 [main] DEBUG liquibase.util - Computed checksum for insert:[
    columns=[
        [
            name="email"
            value="ivan.petrenko@example.com"
        ],
        [
            name="password"
            value="$2a$10$2y03kivOdVnunKG2k53YeO8VO6Ks1UFPsWixKvl9PKtQsyXAFncmi"
        ],
        [
            name="user_type"
            value="TRAINER"
        ],
        [
            name="is_deleted"
            value="false"
        ]
    ]
    tableName="user_credentials"
] as 46347dc36c4ba709d4e76b75f317b194
2025-07-31 16:26:29.125 [main] DEBUG liquibase.util - Computed checksum for insert:[
    columns=[
        [
            name="user_credentials_id"
            valueComputed="(SELECT id FROM user_credentials WHERE email = 'ivan.petrenko@example.com')"
        ],
        [
            name="role_id"
            value="3"
        ]
    ]
    tableName="user_credentials_roles"
] as 7b57a43f905c1d30b9aa39b62ebec5d4
2025-07-31 16:26:29.126 [main] DEBUG liquibase.util - Computed checksum for insert:[
    columns=[
        [
            name="country"
            value="Україна"
        ],
        [
            name="city"
            value="Київ"
        ],
        [
            name="street"
            value="Хрещатик"
        ],
        [
            name="house"
            value="10"
        ],
        [
            name="is_deleted"
            value="false"
        ]
    ]
    tableName="addresses"
] as 0cc3f9033240d254be653a86218e6b44
2025-07-31 16:26:29.127 [main] DEBUG liquibase.util - Computed checksum for insert:[
    columns=[
        [
            name="first_name"
            value="Іван"
        ],
        [
            name="last_name"
            value="Петренко_TEST"
        ],
        [
            name="gender"
            value="MALE"
        ],
        [
            name="date_of_birth"
            value="1985-05-15"
        ],
        [
            name="profile_image_url"
            value=""
        ],
        [
            name="user_credentials_id"
            valueComputed="(SELE... [truncated in log] as 381663ba417c2fb84197237f5e332d0d
2025-07-31 16:26:29.128 [main] DEBUG liquibase.util - Computed checksum for insert:[
    columns=[
        [
            name="trainer_id"
            valueComputed="(SELECT id FROM trainers WHERE first_name = 'Іван' AND last_name = 'Петренко_TEST')"
        ],
        [
            name="phone_numbers"
            value="+38(050)-111-2233"
        ]
    ]
    tableName="trainer_phone_numbers"
] as 850ce1de1db5aa351998505fc0ca0f82
2025-07-31 16:26:29.129 [main] DEBUG liquibase.util - Computed checksum for insert:[
    columns=[
        [
            name="trainer_id"
            valueComputed="(SELECT id FROM trainers WHERE first_name = 'Іван' AND last_name = 'Петренко_TEST')"
        ],
        [
            name="certificates"
            value="Сертифікат АФК"
        ]
    ]
    tableName="trainer_certificates"
] as 844e3bd96e796403416699383bdc8c1e
2025-07-31 16:26:29.130 [main] DEBUG liquibase.util - Computed checksum for insert:[
    columns=[
        [
            name="trainer_id"
            valueComputed="(SELECT id FROM trainers WHERE first_name = 'Іван' AND last_name = 'Петренко_TEST')"
        ],
        [
            name="sport_id"
            value="3"
        ]
    ]
    tableName="sports_trainers"
] as 243e43dd4aab5fdbebf00531f4f0a551
2025-07-31 16:26:29.130 [main] DEBUG liquibase.util - Computed checksum for insert:[
    columns=[
        [
            name="trainer_id"
            valueComputed="(SELECT id FROM trainers WHERE first_name = 'Іван' AND last_name = 'Петренко_TEST')"
        ],
        [
            name="sport_id"
            value="1"
        ]
    ]
    tableName="sports_trainers"
] as 8a13fa56f7562ba6f690f4cc6f98c198
2025-07-31 16:26:29.131 [main] DEBUG liquibase.util - Computed checksum for insert:[
    columns=[
        [
            name="email"
            value="olena.kovalchuk@example.com"
        ],
        [
            name="password"
            value="$2a$10$2y03kivOdVnunKG2k53YeO8VO6Ks1UFPsWixKvl9PKtQsyXAFncmi"
        ],
        [
            name="user_type"
            value="TRAINER"
        ],
        [
            name="is_deleted"
            value="false"
        ]
    ]
    tableName="user_credentials"
] as d358c464e1b591896202e75e91d2655a
2025-07-31 16:26:29.131 [main] DEBUG liquibase.util - Computed checksum for insert:[
    columns=[
        [
            name="user_credentials_id"
            valueComputed="(SELECT id FROM user_credentials WHERE email = 'olena.kovalchuk@example.com')"
        ],
        [
            name="role_id"
            value="3"
        ]
    ]
    tableName="user_credentials_roles"
] as 3d1afb454ee3a4469d2dc69e6b2ac732
2025-07-31 16:26:29.132 [main] DEBUG liquibase.util - Computed checksum for insert:[
    columns=[
        [
            name="country"
            value="Україна"
        ],
        [
            name="city"
            value="Львів"
        ],
        [
            name="street"
            value="Просп. Свободи"
        ],
        [
            name="house"
            value="25"
        ],
        [
            name="is_deleted"
            value="false"
        ]
    ]
    tableName="addresses"
] as a3888613964618ed3763f715ee8911f0
2025-07-31 16:26:29.133 [main] DEBUG liquibase.util - Computed checksum for insert:[
    columns=[
        [
            name="first_name"
            value="Олена"
        ],
        [
            name="last_name"
            value="Ковальчук_TEST"
        ],
        [
            name="gender"
            value="FEMALE"
        ],
        [
            name="date_of_birth"
            value="1990-11-20"
        ],
        [
            name="profile_image_url"
            value=""
        ],
        [
            name="user_credentials_id"
            valueComputed="(... [truncated in log] as 08776f31c0cac1c48d171e336eb89d94
2025-07-31 16:26:29.134 [main] DEBUG liquibase.util - Computed checksum for insert:[
    columns=[
        [
            name="trainer_id"
            valueComputed="(SELECT id FROM trainers WHERE first_name = 'Олена' AND last_name = 'Ковальчук_TEST')"
        ],
        [
            name="phone_numbers"
            value="+38(067)-222-3344"
        ]
    ]
    tableName="trainer_phone_numbers"
] as 4ee43f03356033aae8b06a34c3f750bc
2025-07-31 16:26:29.135 [main] DEBUG liquibase.util - Computed checksum for insert:[
    columns=[
        [
            name="trainer_id"
            valueComputed="(SELECT id FROM trainers WHERE first_name = 'Олена' AND last_name = 'Ковальчук_TEST')"
        ],
        [
            name="certificates"
            value="Сертифікат Йога Альянс"
        ]
    ]
    tableName="trainer_certificates"
] as fa128c8a35279b370e7aac464289c5e3
2025-07-31 16:26:29.136 [main] DEBUG liquibase.util - Computed checksum for insert:[
    columns=[
        [
            name="trainer_id"
            valueComputed="(SELECT id FROM trainers WHERE first_name = 'Олена' AND last_name = 'Ковальчук_TEST')"
        ],
        [
            name="sport_id"
            value="7"
        ]
    ]
    tableName="sports_trainers"
] as ba1ada4788017f464238b7edb3a6f276
2025-07-31 16:26:29.136 [main] DEBUG liquibase.util - Computed checksum for insert:[
    columns=[
        [
            name="trainer_id"
            valueComputed="(SELECT id FROM trainers WHERE first_name = 'Олена' AND last_name = 'Ковальчук_TEST')"
        ],
        [
            name="sport_id"
            value="13"
        ]
    ]
    tableName="sports_trainers"
] as b246d38968981e91597206656af1a708
2025-07-31 16:26:29.137 [main] DEBUG liquibase.util - Computed checksum for insert:[
    columns=[
        [
            name="email"
            value="mykhailo.sydorenko@example.com"
        ],
        [
            name="password"
            value="$2a$10$2y03kivOdVnunKG2k53YeO8VO6Ks1UFPsWixKvl9PKtQsyXAFncmi"
        ],
        [
            name="user_type"
            value="TRAINER"
        ],
        [
            name="is_deleted"
            value="false"
        ]
    ]
    tableName="user_credentials"
] as b631912c3ac18de6b6d8a63960bf8dac
2025-07-31 16:26:29.137 [main] DEBUG liquibase.util - Computed checksum for insert:[
    columns=[
        [
            name="user_credentials_id"
            valueComputed="(SELECT id FROM user_credentials WHERE email = 'mykhailo.sydorenko@example.com')"
        ],
        [
            name="role_id"
            value="3"
        ]
    ]
    tableName="user_credentials_roles"
] as 5ecb022a7ad1eeb0705d374e0e359e26
2025-07-31 16:26:29.138 [main] DEBUG liquibase.util - Computed checksum for insert:[
    columns=[
        [
            name="country"
            value="Україна"
        ],
        [
            name="city"
            value="Одеса"
        ],
        [
            name="street"
            value="Дерибасівська"
        ],
        [
            name="house"
            value="5"
        ],
        [
            name="is_deleted"
            value="false"
        ]
    ]
    tableName="addresses"
] as e11f67d219b6e8d9f11e928e96cb2b83
2025-07-31 16:26:29.139 [main] DEBUG liquibase.util - Computed checksum for insert:[
    columns=[
        [
            name="first_name"
            value="Михайло"
        ],
        [
            name="last_name"
            value="Сидоренко_TEST"
        ],
        [
            name="gender"
            value="MALE"
        ],
        [
            name="date_of_birth"
            value="1988-03-01"
        ],
        [
            name="profile_image_url"
            value=""
        ],
        [
            name="user_credentials_id"
            valueComputed="(... [truncated in log] as ccb0e3284da6a0938a3db429dea8a41a
2025-07-31 16:26:29.140 [main] DEBUG liquibase.util - Computed checksum for insert:[
    columns=[
        [
            name="trainer_id"
            valueComputed="(SELECT id FROM trainers WHERE first_name = 'Михайло' AND last_name = 'Сидоренко_TEST')"
        ],
        [
            name="phone_numbers"
            value="+38(095)-333-4455"
        ]
    ]
    tableName="trainer_phone_numbers"
] as e273fc1f26758d035006b9a44b220fd3
2025-07-31 16:26:29.140 [main] DEBUG liquibase.util - Computed checksum for insert:[
    columns=[
        [
            name="trainer_id"
            valueComputed="(SELECT id FROM trainers WHERE first_name = 'Михайло' AND last_name = 'Сидоренко_TEST')"
        ],
        [
            name="certificates"
            value="Сертифікат Федерації Боксу"
        ]
    ]
    tableName="trainer_certificates"
] as 8873840ce0c3d1f499cd69ee9da64e04
2025-07-31 16:26:29.141 [main] DEBUG liquibase.util - Computed checksum for insert:[
    columns=[
        [
            name="trainer_id"
            valueComputed="(SELECT id FROM trainers WHERE first_name = 'Михайло' AND last_name = 'Сидоренко_TEST')"
        ],
        [
            name="sport_id"
            value="5"
        ]
    ]
    tableName="sports_trainers"
] as 95cb53d78748966ccda8236178bb70a7
2025-07-31 16:26:29.141 [main] DEBUG liquibase.util - Computed checksum for insert:[
    columns=[
        [
            name="trainer_id"
            valueComputed="(SELECT id FROM trainers WHERE first_name = 'Михайло' AND last_name = 'Сидоренко_TEST')"
        ],
        [
            name="sport_id"
            value="17"
        ]
    ]
    tableName="sports_trainers"
] as e8248ed7e867135c00d66d3a67fa4a5b
2025-07-31 16:26:29.142 [main] DEBUG liquibase.util - Computed checksum for insert:[
    columns=[
        [
            name="email"
            value="nataliia.melnyk@example.com"
        ],
        [
            name="password"
            value="$2a$10$2y03kivOdVnunKG2k53YeO8VO6Ks1UFPsWixKvl9PKtQsyXAFncmi"
        ],
        [
            name="user_type"
            value="TRAINER"
        ],
        [
            name="is_deleted"
            value="false"
        ]
    ]
    tableName="user_credentials"
] as fac9648147266b7bffd9bef99644ca85
2025-07-31 16:26:29.142 [main] DEBUG liquibase.util - Computed checksum for insert:[
    columns=[
        [
            name="user_credentials_id"
            valueComputed="(SELECT id FROM user_credentials WHERE email = 'nataliia.melnyk@example.com')"
        ],
        [
            name="role_id"
            value="3"
        ]
    ]
    tableName="user_credentials_roles"
] as fcdaae243f79eb8fadba553779707785
2025-07-31 16:26:29.143 [main] DEBUG liquibase.util - Computed checksum for insert:[
    columns=[
        [
            name="country"
            value="Україна"
        ],
        [
            name="city"
            value="Харків"
        ],
        [
            name="street"
            value="Пл. Свободи"
        ],
        [
            name="house"
            value="1"
        ],
        [
            name="is_deleted"
            value="false"
        ]
    ]
    tableName="addresses"
] as 03d63a4564a74836604c3da3ae15ca4c
2025-07-31 16:26:29.144 [main] DEBUG liquibase.util - Computed checksum for insert:[
    columns=[
        [
            name="first_name"
            value="Наталія"
        ],
        [
            name="last_name"
            value="Мельник_TEST"
        ],
        [
            name="gender"
            value="FEMALE"
        ],
        [
            name="date_of_birth"
            value="1992-07-25"
        ],
        [
            name="profile_image_url"
            value=""
        ],
        [
            name="user_credentials_id"
            valueComputed="(... [truncated in log] as af6796aa9dd82a7a494692f3caa92cf0
2025-07-31 16:26:29.145 [main] DEBUG liquibase.util - Computed checksum for insert:[
    columns=[
        [
            name="trainer_id"
            valueComputed="(SELECT id FROM trainers WHERE first_name = 'Наталія' AND last_name = 'Мельник_TEST')"
        ],
        [
            name="phone_numbers"
            value="+38(096)-444-5566"
        ]
    ]
    tableName="trainer_phone_numbers"
] as 84a6ecddd62d13a14b123c41f91778f6
2025-07-31 16:26:29.145 [main] DEBUG liquibase.util - Computed checksum for insert:[
    columns=[
        [
            name="trainer_id"
            valueComputed="(SELECT id FROM trainers WHERE first_name = 'Наталія' AND last_name = 'Мельник_TEST')"
        ],
        [
            name="certificates"
            value="ACE Certified Personal Trainer"
        ]
    ]
    tableName="trainer_certificates"
] as 0e30368bd74936f4580310880bef0955
2025-07-31 16:26:29.146 [main] DEBUG liquibase.util - Computed checksum for insert:[
    columns=[
        [
            name="trainer_id"
            valueComputed="(SELECT id FROM trainers WHERE first_name = 'Наталія' AND last_name = 'Мельник_TEST')"
        ],
        [
            name="sport_id"
            value="6"
        ]
    ]
    tableName="sports_trainers"
] as dcca16231bc14b8514aefb8f3f54698f
2025-07-31 16:26:29.146 [main] DEBUG liquibase.util - Computed checksum for insert:[
    columns=[
        [
            name="trainer_id"
            valueComputed="(SELECT id FROM trainers WHERE first_name = 'Наталія' AND last_name = 'Мельник_TEST')"
        ],
        [
            name="sport_id"
            value="16"
        ]
    ]
    tableName="sports_trainers"
] as fdea958c7a1f60c090d3779730f384a7
2025-07-31 16:26:29.147 [main] DEBUG liquibase.util - Computed checksum for insert:[
    columns=[
        [
            name="email"
            value="andrii.shevchenko@example.com"
        ],
        [
            name="password"
            value="$2a$10$2y03kivOdVnunKG2k53YeO8VO6Ks1UFPsWixKvl9PKtQsyXAFncmi"
        ],
        [
            name="user_type"
            value="TRAINER"
        ],
        [
            name="is_deleted"
            value="false"
        ]
    ]
    tableName="user_credentials"
] as 617149826f837c4e3dfc7fecc3d0b129
2025-07-31 16:26:29.147 [main] DEBUG liquibase.util - Computed checksum for insert:[
    columns=[
        [
            name="user_credentials_id"
            valueComputed="(SELECT id FROM user_credentials WHERE email = 'andrii.shevchenko@example.com')"
        ],
        [
            name="role_id"
            value="3"
        ]
    ]
    tableName="user_credentials_roles"
] as 75470b401c3ab9ac63032fe6a04adbae
2025-07-31 16:26:29.148 [main] DEBUG liquibase.util - Computed checksum for insert:[
    columns=[
        [
            name="country"
            value="Україна"
        ],
        [
            name="city"
            value="Дніпро"
        ],
        [
            name="street"
            value="Січеславська Набережна"
        ],
        [
            name="house"
            value="35"
        ],
        [
            name="is_deleted"
            value="false"
        ]
    ]
    tableName="addresses"
] as 4b8e73bca00dcf511d07f48ca9e18aa8
2025-07-31 16:26:29.149 [main] DEBUG liquibase.util - Computed checksum for insert:[
    columns=[
        [
            name="first_name"
            value="Андрій"
        ],
        [
            name="last_name"
            value="Шевченко_TEST"
        ],
        [
            name="gender"
            value="MALE"
        ],
        [
            name="date_of_birth"
            value="1980-01-01"
        ],
        [
            name="profile_image_url"
            value=""
        ],
        [
            name="user_credentials_id"
            valueComputed="(SE... [truncated in log] as b04cdbdcd9af358eb661728c6e65a656
2025-07-31 16:26:29.150 [main] DEBUG liquibase.util - Computed checksum for insert:[
    columns=[
        [
            name="trainer_id"
            valueComputed="(SELECT id FROM trainers WHERE first_name = 'Андрій' AND last_name = 'Шевченко_TEST')"
        ],
        [
            name="phone_numbers"
            value="+38(050)-555-6677"
        ]
    ]
    tableName="trainer_phone_numbers"
] as 4654244bf7605358e9c055a5c62bf491
2025-07-31 16:26:29.150 [main] DEBUG liquibase.util - Computed checksum for insert:[
    columns=[
        [
            name="trainer_id"
            valueComputed="(SELECT id FROM trainers WHERE first_name = 'Андрій' AND last_name = 'Шевченко_TEST')"
        ],
        [
            name="certificates"
            value="Сертифікат CrossFit Level 1"
        ]
    ]
    tableName="trainer_certificates"
] as 8f8d8e614daefbabc9774dc022ccf5ab
2025-07-31 16:26:29.151 [main] DEBUG liquibase.util - Computed checksum for insert:[
    columns=[
        [
            name="trainer_id"
            valueComputed="(SELECT id FROM trainers WHERE first_name = 'Андрій' AND last_name = 'Шевченко_TEST')"
        ],
        [
            name="sport_id"
            value="3"
        ]
    ]
    tableName="sports_trainers"
] as d823c530aaf51f09de4cda01c37b21ab
2025-07-31 16:26:29.151 [main] DEBUG liquibase.util - Computed checksum for insert:[
    columns=[
        [
            name="email"
            value="yuliia.tkachenko@example.com"
        ],
        [
            name="password"
            value="$2a$10$2y03kivOdVnunKG2k53YeO8VO6Ks1UFPsWixKvl9PKtQsyXAFncmi"
        ],
        [
            name="user_type"
            value="TRAINER"
        ],
        [
            name="is_deleted"
            value="false"
        ]
    ]
    tableName="user_credentials"
] as 247e5921bb2a60bdf0ded86c98a8e76a
2025-07-31 16:26:29.152 [main] DEBUG liquibase.util - Computed checksum for insert:[
    columns=[
        [
            name="user_credentials_id"
            valueComputed="(SELECT id FROM user_credentials WHERE email = 'yuliia.tkachenko@example.com')"
        ],
        [
            name="role_id"
            value="3"
        ]
    ]
    tableName="user_credentials_roles"
] as f067fd904f9fb3e8a8d567bc2949a6d6
2025-07-31 16:26:29.152 [main] DEBUG liquibase.util - Computed checksum for insert:[
    columns=[
        [
            name="country"
            value="Україна"
        ],
        [
            name="city"
            value="Запоріжжя"
        ],
        [
            name="street"
            value="Просп. Соборний"
        ],
        [
            name="house"
            value="150"
        ],
        [
            name="is_deleted"
            value="false"
        ]
    ]
    tableName="addresses"
] as a0da9600d0ecc8c7b1211e268de42554
2025-07-31 16:26:29.154 [main] DEBUG liquibase.util - Computed checksum for insert:[
    columns=[
        [
            name="first_name"
            value="Юлія"
        ],
        [
            name="last_name"
            value="Ткаченко_TEST"
        ],
        [
            name="gender"
            value="FEMALE"
        ],
        [
            name="date_of_birth"
            value="1991-09-05"
        ],
        [
            name="profile_image_url"
            value=""
        ],
        [
            name="user_credentials_id"
            valueComputed="(SE... [truncated in log] as a4459e0f52890c29055bb9697ff40cf6
2025-07-31 16:26:29.155 [main] DEBUG liquibase.util - Computed checksum for insert:[
    columns=[
        [
            name="trainer_id"
            valueComputed="(SELECT id FROM trainers WHERE first_name = 'Юлія' AND last_name = 'Ткаченко_TEST')"
        ],
        [
            name="phone_numbers"
            value="+38(097)-666-7788"
        ]
    ]
    tableName="trainer_phone_numbers"
] as 7ec4dffdc6d4970c23bb83bda6d018d3
2025-07-31 16:26:29.156 [main] DEBUG liquibase.util - Computed checksum for insert:[
    columns=[
        [
            name="trainer_id"
            valueComputed="(SELECT id FROM trainers WHERE first_name = 'Юлія' AND last_name = 'Ткаченко_TEST')"
        ],
        [
            name="certificates"
            value="Сертифікат Zumba Instructor"
        ]
    ]
    tableName="trainer_certificates"
] as c5b23a8e430d745484e93264657e4b9f
2025-07-31 16:26:29.156 [main] DEBUG liquibase.util - Computed checksum for insert:[
    columns=[
        [
            name="trainer_id"
            valueComputed="(SELECT id FROM trainers WHERE first_name = 'Юлія' AND last_name = 'Ткаченко_TEST')"
        ],
        [
            name="sport_id"
            value="14"
        ]
    ]
    tableName="sports_trainers"
] as e67fd391c7db9debf7aaf2a24e934c0f
2025-07-31 16:26:29.157 [main] DEBUG liquibase.util - Computed checksum for insert:[
    columns=[
        [
            name="email"
            value="volodymyr.bondarenko@example.com"
        ],
        [
            name="password"
            value="$2a$10$2y03kivOdVnunKG2k53YeO8VO6Ks1UFPsWixKvl9PKtQsyXAFncmi"
        ],
        [
            name="user_type"
            value="TRAINER"
        ],
        [
            name="is_deleted"
            value="false"
        ]
    ]
    tableName="user_credentials"
] as 542a0e139f3bd9490d67a7abe8815b5f
2025-07-31 16:26:29.157 [main] DEBUG liquibase.util - Computed checksum for insert:[
    columns=[
        [
            name="user_credentials_id"
            valueComputed="(SELECT id FROM user_credentials WHERE email = 'volodymyr.bondarenko@example.com')"
        ],
        [
            name="role_id"
            value="3"
        ]
    ]
    tableName="user_credentials_roles"
] as 700480cb16130e388f5f72bc35e0cdab
2025-07-31 16:26:29.158 [main] DEBUG liquibase.util - Computed checksum for insert:[
    columns=[
        [
            name="country"
            value="Україна"
        ],
        [
            name="city"
            value="Вінниця"
        ],
        [
            name="street"
            value="Соборна"
        ],
        [
            name="house"
            value="80"
        ],
        [
            name="is_deleted"
            value="false"
        ]
    ]
    tableName="addresses"
] as b4e031c29c04166e8bb923178a6599c9
2025-07-31 16:26:29.159 [main] DEBUG liquibase.util - Computed checksum for insert:[
    columns=[
        [
            name="first_name"
            value="Володимир"
        ],
        [
            name="last_name"
            value="Бондаренко_TEST"
        ],
        [
            name="gender"
            value="MALE"
        ],
        [
            name="date_of_birth"
            value="1983-02-10"
        ],
        [
            name="profile_image_url"
            value=""
        ],
        [
            name="user_credentials_id"
            valueComputed... [truncated in log] as 3607be20d320ac6bdc48a6dd38e9e2b2
2025-07-31 16:26:29.159 [main] DEBUG liquibase.util - Computed checksum for insert:[
    columns=[
        [
            name="trainer_id"
            valueComputed="(SELECT id FROM trainers WHERE first_name = 'Володимир' AND last_name = 'Бондаренко_TEST')"
        ],
        [
            name="phone_numbers"
            value="+38(063)-777-8899"
        ]
    ]
    tableName="trainer_phone_numbers"
] as 9bbcc763f8e7e1c88e396aea9b84504d
2025-07-31 16:26:29.160 [main] DEBUG liquibase.util - Computed checksum for insert:[
    columns=[
        [
            name="trainer_id"
            valueComputed="(SELECT id FROM trainers WHERE first_name = 'Володимир' AND last_name = 'Бондаренко_TEST')"
        ],
        [
            name="certificates"
            value="IPF Powerlifting Coach"
        ]
    ]
    tableName="trainer_certificates"
] as abf3bf67b8024b6deba354b966b3f48b
2025-07-31 16:26:29.161 [main] DEBUG liquibase.util - Computed checksum for insert:[
    columns=[
        [
            name="trainer_id"
            valueComputed="(SELECT id FROM trainers WHERE first_name = 'Володимир' AND last_name = 'Бондаренко_TEST')"
        ],
        [
            name="sport_id"
            value="1"
        ]
    ]
    tableName="sports_trainers"
] as 8bbbbfea478fcc62bfce9f77e0fb0a43
2025-07-31 16:26:29.161 [main] DEBUG liquibase.util - Computed checksum for insert:[
    columns=[
        [
            name="email"
            value="iryna.kravchenko@example.com"
        ],
        [
            name="password"
            value="$2a$10$2y03kivOdVnunKG2k53YeO8VO6Ks1UFPsWixKvl9PKtQsyXAFncmi"
        ],
        [
            name="user_type"
            value="TRAINER"
        ],
        [
            name="is_deleted"
            value="false"
        ]
    ]
    tableName="user_credentials"
] as b3ee8a785055d5ce032bc0a784c5d9aa
2025-07-31 16:26:29.162 [main] DEBUG liquibase.util - Computed checksum for insert:[
    columns=[
        [
            name="user_credentials_id"
            valueComputed="(SELECT id FROM user_credentials WHERE email = 'iryna.kravchenko@example.com')"
        ],
        [
            name="role_id"
            value="3"
        ]
    ]
    tableName="user_credentials_roles"
] as 8564ad8735f92dc92c33e90ad7be7dae
2025-07-31 16:26:29.162 [main] DEBUG liquibase.util - Computed checksum for insert:[
    columns=[
        [
            name="country"
            value="Україна"
        ],
        [
            name="city"
            value="Чернігів"
        ],
        [
            name="street"
            value="Просп. Миру"
        ],
        [
            name="house"
            value="49"
        ],
        [
            name="is_deleted"
            value="false"
        ]
    ]
    tableName="addresses"
] as a9a371ae2b559c9fd32fe013c026ce80
2025-07-31 16:26:29.164 [main] DEBUG liquibase.util - Computed checksum for insert:[
    columns=[
        [
            name="first_name"
            value="Ірина"
        ],
        [
            name="last_name"
            value="Кравченко_TEST"
        ],
        [
            name="gender"
            value="FEMALE"
        ],
        [
            name="date_of_birth"
            value="1993-04-12"
        ],
        [
            name="profile_image_url"
            value=""
        ],
        [
            name="user_credentials_id"
            valueComputed="(... [truncated in log] as 76eb7b810b22d151a7eef9eb79ea9532
2025-07-31 16:26:29.165 [main] DEBUG liquibase.util - Computed checksum for insert:[
    columns=[
        [
            name="trainer_id"
            valueComputed="(SELECT id FROM trainers WHERE first_name = 'Ірина' AND last_name = 'Кравченко_TEST')"
        ],
        [
            name="phone_numbers"
            value="+38(098)-888-9900"
        ]
    ]
    tableName="trainer_phone_numbers"
] as 7dffbfb7c4abbd4c7cb85b9bae319ed2
2025-07-31 16:26:29.165 [main] DEBUG liquibase.util - Computed checksum for insert:[
    columns=[
        [
            name="trainer_id"
            valueComputed="(SELECT id FROM trainers WHERE first_name = 'Ірина' AND last_name = 'Кравченко_TEST')"
        ],
        [
            name="certificates"
            value="AFAA Group Fitness Instructor"
        ]
    ]
    tableName="trainer_certificates"
] as 7377a1fede14bc32bf7a8f2bdd053847
2025-07-31 16:26:29.166 [main] DEBUG liquibase.util - Computed checksum for insert:[
    columns=[
        [
            name="trainer_id"
            valueComputed="(SELECT id FROM trainers WHERE first_name = 'Ірина' AND last_name = 'Кравченко_TEST')"
        ],
        [
            name="sport_id"
            value="6"
        ]
    ]
    tableName="sports_trainers"
] as 12653dcbdf322c616969ecdb7bf1c380
2025-07-31 16:26:29.166 [main] DEBUG liquibase.util - Computed checksum for insert:[
    columns=[
        [
            name="trainer_id"
            valueComputed="(SELECT id FROM trainers WHERE first_name = 'Ірина' AND last_name = 'Кравченко_TEST')"
        ],
        [
            name="sport_id"
            value="7"
        ]
    ]
    tableName="sports_trainers"
] as 979f7c45e0a927369e62b469260734e7
2025-07-31 16:26:29.167 [main] DEBUG liquibase.util - Computed checksum for insert:[
    columns=[
        [
            name="email"
            value="serhii.marchenko@example.com"
        ],
        [
            name="password"
            value="$2a$10$2y03kivOdVnunKG2k53YeO8VO6Ks1UFPsWixKvl9PKtQsyXAFncmi"
        ],
        [
            name="user_type"
            value="TRAINER"
        ],
        [
            name="is_deleted"
            value="false"
        ]
    ]
    tableName="user_credentials"
] as 7b99fe434efc3bad6210a0742a35e55b
2025-07-31 16:26:29.167 [main] DEBUG liquibase.util - Computed checksum for insert:[
    columns=[
        [
            name="user_credentials_id"
            valueComputed="(SELECT id FROM user_credentials WHERE email = 'serhii.marchenko@example.com')"
        ],
        [
            name="role_id"
            value="3"
        ]
    ]
    tableName="user_credentials_roles"
] as 35110850724440b0bd2b6d15685ec816
2025-07-31 16:26:29.168 [main] DEBUG liquibase.util - Computed checksum for insert:[
    columns=[
        [
            name="country"
            value="Україна"
        ],
        [
            name="city"
            value="Полтава"
        ],
        [
            name="street"
            value="Європейська"
        ],
        [
            name="house"
            value="10"
        ],
        [
            name="is_deleted"
            value="false"
        ]
    ]
    tableName="addresses"
] as 3e7aaa6e30702a37fb920be87a89eb60
2025-07-31 16:26:29.169 [main] DEBUG liquibase.util - Computed checksum for insert:[
    columns=[
        [
            name="first_name"
            value="Сергій"
        ],
        [
            name="last_name"
            value="Марченко_TEST"
        ],
        [
            name="gender"
            value="MALE"
        ],
        [
            name="date_of_birth"
            value="1987-08-28"
        ],
        [
            name="profile_image_url"
            value=""
        ],
        [
            name="user_credentials_id"
            valueComputed="(SE... [truncated in log] as d994788a0a0b29577dfc970c1f26af74
2025-07-31 16:26:29.169 [main] DEBUG liquibase.util - Computed checksum for insert:[
    columns=[
        [
            name="trainer_id"
            valueComputed="(SELECT id FROM trainers WHERE first_name = 'Сергій' AND last_name = 'Марченко_TEST')"
        ],
        [
            name="phone_numbers"
            value="+38(050)-999-0011"
        ]
    ]
    tableName="trainer_phone_numbers"
] as 11016c25211a61b7426400ead18b3e9a
2025-07-31 16:26:29.170 [main] DEBUG liquibase.util - Computed checksum for insert:[
    columns=[
        [
            name="trainer_id"
            valueComputed="(SELECT id FROM trainers WHERE first_name = 'Сергій' AND last_name = 'Марченко_TEST')"
        ],
        [
            name="certificates"
            value="Сертифікат FINA"
        ]
    ]
    tableName="trainer_certificates"
] as 690290a7b9376150de852d75382f7449
2025-07-31 16:26:29.170 [main] DEBUG liquibase.util - Computed checksum for insert:[
    columns=[
        [
            name="trainer_id"
            valueComputed="(SELECT id FROM trainers WHERE first_name = 'Сергій' AND last_name = 'Марченко_TEST')"
        ],
        [
            name="sport_id"
            value="2"
        ]
    ]
    tableName="sports_trainers"
] as 9a441f458bb18013ae559d75683051d9
2025-07-31 16:26:29.171 [main] DEBUG liquibase.util - Computed checksum for insert:[
    columns=[
        [
            name="trainer_id"
            valueComputed="(SELECT id FROM trainers WHERE first_name = 'Сергій' AND last_name = 'Марченко_TEST')"
        ],
        [
            name="sport_id"
            value="12"
        ]
    ]
    tableName="sports_trainers"
] as 7ea6a9f498a5fe357a4085ffb274df30
2025-07-31 16:26:29.171 [main] DEBUG liquibase.util - Computed checksum for insert:[
    columns=[
        [
            name="email"
            value="halyna.oliynyk@example.com"
        ],
        [
            name="password"
            value="$2a$10$2y03kivOdVnunKG2k53YeO8VO6Ks1UFPsWixKvl9PKtQsyXAFncmi"
        ],
        [
            name="user_type"
            value="TRAINER"
        ],
        [
            name="is_deleted"
            value="false"
        ]
    ]
    tableName="user_credentials"
] as 9885df4aea9848ff95e0dffde4558a59
2025-07-31 16:26:29.172 [main] DEBUG liquibase.util - Computed checksum for insert:[
    columns=[
        [
            name="user_credentials_id"
            valueComputed="(SELECT id FROM user_credentials WHERE email = 'halyna.oliynyk@example.com')"
        ],
        [
            name="role_id"
            value="3"
        ]
    ]
    tableName="user_credentials_roles"
] as 744e40682a5c2faa7c372982a5bd88f7
2025-07-31 16:26:29.172 [main] DEBUG liquibase.util - Computed checksum for insert:[
    columns=[
        [
            name="country"
            value="Україна"
        ],
        [
            name="city"
            value="Черкаси"
        ],
        [
            name="street"
            value="Хрещатик"
        ],
        [
            name="house"
            value="200"
        ],
        [
            name="is_deleted"
            value="false"
        ]
    ]
    tableName="addresses"
] as 68f7f5d7352e3a35c1cf2990d767fec6
2025-07-31 16:26:29.174 [main] DEBUG liquibase.util - Computed checksum for insert:[
    columns=[
        [
            name="first_name"
            value="Галина"
        ],
        [
            name="last_name"
            value="Олійник_TEST"
        ],
        [
            name="gender"
            value="FEMALE"
        ],
        [
            name="date_of_birth"
            value="1994-10-18"
        ],
        [
            name="profile_image_url"
            value=""
        ],
        [
            name="user_credentials_id"
            valueComputed="(S... [truncated in log] as aad6e050ea440790ac31552202160a9a
2025-07-31 16:26:29.174 [main] DEBUG liquibase.util - Computed checksum for insert:[
    columns=[
        [
            name="trainer_id"
            valueComputed="(SELECT id FROM trainers WHERE first_name = 'Галина' AND last_name = 'Олійник_TEST')"
        ],
        [
            name="phone_numbers"
            value="+38(067)-123-4567"
        ]
    ]
    tableName="trainer_phone_numbers"
] as 4eebd43046b67e47738916638af4b52c
2025-07-31 16:26:29.175 [main] DEBUG liquibase.util - Computed checksum for insert:[
    columns=[
        [
            name="trainer_id"
            valueComputed="(SELECT id FROM trainers WHERE first_name = 'Галина' AND last_name = 'Олійник_TEST')"
        ],
        [
            name="certificates"
            value="Certified Rehabilitation Specialist"
        ]
    ]
    tableName="trainer_certificates"
] as 45e95207184bbe128800ef6cae58de11
2025-07-31 16:26:29.175 [main] DEBUG liquibase.util - Computed checksum for insert:[
    columns=[
        [
            name="trainer_id"
            valueComputed="(SELECT id FROM trainers WHERE first_name = 'Галина' AND last_name = 'Олійник_TEST')"
        ],
        [
            name="sport_id"
            value="4"
        ]
    ]
    tableName="sports_trainers"
] as 8e6426be7350ecc5dfa6d125a5c59b3a
2025-07-31 16:26:29.176 [main] DEBUG liquibase.util - Computed checksum for insert:[
    columns=[
        [
            name="trainer_id"
            valueComputed="(SELECT id FROM trainers WHERE first_name = 'Галина' AND last_name = 'Олійник_TEST')"
        ],
        [
            name="sport_id"
            value="15"
        ]
    ]
    tableName="sports_trainers"
] as 0da9c9768da28297345ba6f7c9e08e5f
2025-07-31 16:26:29.176 [main] DEBUG liquibase.util - Computed checksum for 9:46347dc36c4ba709d4e76b75f317b194:9:7b57a43f905c1d30b9aa39b62ebec5d4:9:0cc3f9033240d254be653a86218e6b44:9:381663ba417c2fb84197237f5e332d0d:9:850ce1de1db5aa351998505fc0ca0f82:9:844e3bd96e796403416699383bdc8c1e:9:243e43dd4aab5fdbebf00531f4f0a551:9:8a13fa56f7562ba6f690f4cc6f98c198:9:d358c464e1b591896202e75e91d2655a:9:3d1afb454ee3a4469d2dc69e6b2ac732:9:a3888613964618ed3763f715ee8911f0:9:08776f31c0cac1c48d171e336eb89d94:9:4ee43f03356033aae8b06a34c3f750bc:9:fa128c8a35279b370e7aac464289c5e3:9:ba1ada47... [truncated in log] as 18bb7a6c6d60c3b3d3a8292c3630b15f
2025-07-31 16:26:29.177 [main] DEBUG liquibase.util - Computed checksum for insert:[
    columns=[
        [
            name="email"
            value="oleksii.hryshchenko@example.com"
        ],
        [
            name="password"
            value="$2a$10$2y03kivOdVnunKG2k53YeO8VO6Ks1UFPsWixKvl9PKtQsyXAFncmi"
        ],
        [
            name="user_type"
            value="GYM_OWNER"
        ],
        [
            name="is_deleted"
            value="false"
        ]
    ]
    tableName="user_credentials"
] as a186cdaecbad24427526f8efcbf6b91a
2025-07-31 16:26:29.178 [main] DEBUG liquibase.util - Computed checksum for insert:[
    columns=[
        [
            name="user_credentials_id"
            valueComputed="(SELECT id FROM user_credentials WHERE email = 'oleksii.hryshchenko@example.com')"
        ],
        [
            name="role_id"
            value="4"
        ]
    ]
    tableName="user_credentials_roles"
] as 9ef3126979d0b7e124200225ad552ea0
2025-07-31 16:26:29.178 [main] DEBUG liquibase.util - Computed checksum for insert:[
    columns=[
        [
            name="first_name"
            value="Олексій"
        ],
        [
            name="last_name"
            value="Грищенко_TEST"
        ],
        [
            name="gender"
            value="MALE"
        ],
        [
            name="date_of_birth"
            value="1980-01-01"
        ],
        [
            name="profile_image_url"
            value=""
        ],
        [
            name="user_credentials_id"
            valueComputed="(S... [truncated in log] as 9bb98a0e34b29db65729d2ed3f6a249f
2025-07-31 16:26:29.179 [main] DEBUG liquibase.util - Computed checksum for insert:[
    columns=[
        [
            name="gym_owner_id"
            valueComputed="(SELECT id FROM gym_owners WHERE first_name = 'Олексій' AND last_name = 'Грищенко_TEST')"
        ],
        [
            name="phone_numbers"
            value="+38(044)-111-2233"
        ]
    ]
    tableName="gym_owner_phone_numbers"
] as 0dc361460464624946144961607a0252
2025-07-31 16:26:29.180 [main] DEBUG liquibase.util - Computed checksum for insert:[
    columns=[
        [
            name="country"
            value="Україна"
        ],
        [
            name="city"
            value="Київ"
        ],
        [
            name="street"
            value="вул. Антоновича"
        ],
        [
            name="house"
            value="50"
        ],
        [
            name="is_deleted"
            value="false"
        ]
    ]
    tableName="addresses"
] as 29e45c29b85d6da7c38633e34f4655a8
2025-07-31 16:26:29.180 [main] DEBUG liquibase.util - Computed checksum for insert:[
    columns=[
        [
            name="name"
            value="StrongBody_TEST"
        ],
        [
            name="address_id"
            valueComputed="(SELECT id FROM addresses WHERE country = 'Україна' AND city = 'Київ' AND street = 'вул. Антоновича' AND house = '50')"
        ],
        [
            name="description"
            value="Сучасний тренажерний зал з великим вибором обладнання."
        ],
        [
            name="website"
            value="http://strongbo... [truncated in log] as 2c3d26909d9d4ed5e2357f97e1a2358f
2025-07-31 16:26:29.181 [main] DEBUG liquibase.util - Computed checksum for insert:[
    columns=[
        [
            name="gym_id"
            valueComputed="(SELECT id FROM gyms WHERE name = 'StrongBody_TEST')"
        ],
        [
            name="phone_numbers"
            value="+38(044)-111-2233"
        ]
    ]
    tableName="gym_phone_numbers"
] as 22bdbe6522a4ecd590a576b9e6ef4f69
2025-07-31 16:26:29.181 [main] DEBUG liquibase.util - Computed checksum for insert:[
    columns=[
        [
            name="gym_id"
            valueComputed="(SELECT id FROM gyms WHERE name = 'StrongBody_TEST')"
        ],
        [
            name="day_of_week"
            value="MONDAY"
        ],
        [
            name="start_time"
            value="07:00:00"
        ],
        [
            name="end_time"
            value="22:00:00"
        ]
    ]
    tableName="gym_working_hours"
] as fdd532cb2bf819a4ac986d879e17fb2a
2025-07-31 16:26:29.182 [main] DEBUG liquibase.util - Computed checksum for insert:[
    columns=[
        [
            name="gym_id"
            valueComputed="(SELECT id FROM gyms WHERE name = 'StrongBody_TEST')"
        ],
        [
            name="day_of_week"
            value="TUESDAY"
        ],
        [
            name="start_time"
            value="07:00:00"
        ],
        [
            name="end_time"
            value="22:00:00"
        ]
    ]
    tableName="gym_working_hours"
] as dc696c063f339e0b37f8ad038440ad00
2025-07-31 16:26:29.182 [main] DEBUG liquibase.util - Computed checksum for insert:[
    columns=[
        [
            name="gym_id"
            valueComputed="(SELECT id FROM gyms WHERE name = 'StrongBody_TEST')"
        ],
        [
            name="day_of_week"
            value="WEDNESDAY"
        ],
        [
            name="start_time"
            value="07:00:00"
        ],
        [
            name="end_time"
            value="22:00:00"
        ]
    ]
    tableName="gym_working_hours"
] as e2c6a6d1941fc2e01d41b1d9848894a1
2025-07-31 16:26:29.183 [main] DEBUG liquibase.util - Computed checksum for insert:[
    columns=[
        [
            name="gym_id"
            valueComputed="(SELECT id FROM gyms WHERE name = 'StrongBody_TEST')"
        ],
        [
            name="day_of_week"
            value="THURSDAY"
        ],
        [
            name="start_time"
            value="07:00:00"
        ],
        [
            name="end_time"
            value="22:00:00"
        ]
    ]
    tableName="gym_working_hours"
] as 3336aa01d7a18527f627cf3a86d5d03c
2025-07-31 16:26:29.184 [main] DEBUG liquibase.util - Computed checksum for insert:[
    columns=[
        [
            name="gym_id"
            valueComputed="(SELECT id FROM gyms WHERE name = 'StrongBody_TEST')"
        ],
        [
            name="day_of_week"
            value="FRIDAY"
        ],
        [
            name="start_time"
            value="07:00:00"
        ],
        [
            name="end_time"
            value="22:00:00"
        ]
    ]
    tableName="gym_working_hours"
] as 23f75e170e665544ed5877832f0f82f0
2025-07-31 16:26:29.184 [main] DEBUG liquibase.util - Computed checksum for insert:[
    columns=[
        [
            name="gym_id"
            valueComputed="(SELECT id FROM gyms WHERE name = 'StrongBody_TEST')"
        ],
        [
            name="day_of_week"
            value="SATURDAY"
        ],
        [
            name="start_time"
            value="09:00:00"
        ],
        [
            name="end_time"
            value="18:00:00"
        ]
    ]
    tableName="gym_working_hours"
] as b2578eb066447df75eaddfbe69230296
2025-07-31 16:26:29.184 [main] DEBUG liquibase.util - Computed checksum for insert:[
    columns=[
        [
            name="gym_id"
            valueComputed="(SELECT id FROM gyms WHERE name = 'StrongBody_TEST')"
        ],
        [
            name="day_of_week"
            value="SUNDAY"
        ],
        [
            name="start_time"
            value="09:00:00"
        ],
        [
            name="end_time"
            value="16:00:00"
        ]
    ]
    tableName="gym_working_hours"
] as f3333d5b4b54a5408b0e733d36db7451
2025-07-31 16:26:29.185 [main] DEBUG liquibase.util - Computed checksum for insert:[
    columns=[
        [
            name="gym_id"
            valueComputed="(SELECT id FROM gyms WHERE name = 'StrongBody_TEST')"
        ],
        [
            name="sport_id"
            value="3"
        ]
    ]
    tableName="sports_gyms"
] as b7897eb5898708ff779dce15c75dbbe1
2025-07-31 16:26:29.185 [main] DEBUG liquibase.util - Computed checksum for insert:[
    columns=[
        [
            name="gym_id"
            valueComputed="(SELECT id FROM gyms WHERE name = 'StrongBody_TEST')"
        ],
        [
            name="sport_id"
            value="1"
        ]
    ]
    tableName="sports_gyms"
] as 87fe014fc527f50e1e8379d7bddbaea9
2025-07-31 16:26:29.186 [main] DEBUG liquibase.util - Computed checksum for insert:[
    columns=[
        [
            name="country"
            value="Україна"
        ],
        [
            name="city"
            value="Львів"
        ],
        [
            name="street"
            value="вул. Городоцька"
        ],
        [
            name="house"
            value="17"
        ],
        [
            name="is_deleted"
            value="false"
        ]
    ]
    tableName="addresses"
] as 1904447d7b851e519fa45160330725b8
2025-07-31 16:26:29.187 [main] DEBUG liquibase.util - Computed checksum for insert:[
    columns=[
        [
            name="name"
            value="FitZone_TEST"
        ],
        [
            name="address_id"
            valueComputed="(SELECT id FROM addresses WHERE country = 'Україна' AND city = 'Львів' AND street = 'вул. Городоцька' AND house = '17')"
        ],
        [
            name="description"
            value="Просторий фітнес-центр з зонами для групових тренувань."
        ],
        [
            name="website"
            value="http://fitzone.l... [truncated in log] as f2e14af4ebd0b0699a69c73587d3b45e
2025-07-31 16:26:29.187 [main] DEBUG liquibase.util - Computed checksum for insert:[
    columns=[
        [
            name="gym_id"
            valueComputed="(SELECT id FROM gyms WHERE name = 'FitZone_TEST')"
        ],
        [
            name="phone_numbers"
            value="+38(032)-222-3344"
        ]
    ]
    tableName="gym_phone_numbers"
] as 7a44c4e1168588bc2efed261c38b2a46
2025-07-31 16:26:29.187 [main] DEBUG liquibase.util - Computed checksum for insert:[
    columns=[
        [
            name="gym_id"
            valueComputed="(SELECT id FROM gyms WHERE name = 'FitZone_TEST')"
        ],
        [
            name="day_of_week"
            value="MONDAY"
        ],
        [
            name="start_time"
            value="08:00:00"
        ],
        [
            name="end_time"
            value="21:00:00"
        ]
    ]
    tableName="gym_working_hours"
] as 0bab65249fca8bec2dc55c5e263fc59c
2025-07-31 16:26:29.188 [main] DEBUG liquibase.util - Computed checksum for insert:[
    columns=[
        [
            name="gym_id"
            valueComputed="(SELECT id FROM gyms WHERE name = 'FitZone_TEST')"
        ],
        [
            name="day_of_week"
            value="TUESDAY"
        ],
        [
            name="start_time"
            value="08:00:00"
        ],
        [
            name="end_time"
            value="21:00:00"
        ]
    ]
    tableName="gym_working_hours"
] as 9e2be34af71f2d3e189b317b75490841
2025-07-31 16:26:29.188 [main] DEBUG liquibase.util - Computed checksum for insert:[
    columns=[
        [
            name="gym_id"
            valueComputed="(SELECT id FROM gyms WHERE name = 'FitZone_TEST')"
        ],
        [
            name="day_of_week"
            value="WEDNESDAY"
        ],
        [
            name="start_time"
            value="08:00:00"
        ],
        [
            name="end_time"
            value="21:00:00"
        ]
    ]
    tableName="gym_working_hours"
] as ede8a4a3343c5bdb0c35a198db6e437e
2025-07-31 16:26:29.189 [main] DEBUG liquibase.util - Computed checksum for insert:[
    columns=[
        [
            name="gym_id"
            valueComputed="(SELECT id FROM gyms WHERE name = 'FitZone_TEST')"
        ],
        [
            name="day_of_week"
            value="THURSDAY"
        ],
        [
            name="start_time"
            value="08:00:00"
        ],
        [
            name="end_time"
            value="21:00:00"
        ]
    ]
    tableName="gym_working_hours"
] as 58a6f4c5f3dca4eb5fd5e2b92f3b90f0
2025-07-31 16:26:29.190 [main] DEBUG liquibase.util - Computed checksum for insert:[
    columns=[
        [
            name="gym_id"
            valueComputed="(SELECT id FROM gyms WHERE name = 'FitZone_TEST')"
        ],
        [
            name="day_of_week"
            value="FRIDAY"
        ],
        [
            name="start_time"
            value="08:00:00"
        ],
        [
            name="end_time"
            value="21:00:00"
        ]
    ]
    tableName="gym_working_hours"
] as fd8c4582f5bbe38d18da68cbeda3ceea
2025-07-31 16:26:29.190 [main] DEBUG liquibase.util - Computed checksum for insert:[
    columns=[
        [
            name="gym_id"
            valueComputed="(SELECT id FROM gyms WHERE name = 'FitZone_TEST')"
        ],
        [
            name="day_of_week"
            value="SATURDAY"
        ],
        [
            name="start_time"
            value="10:00:00"
        ],
        [
            name="end_time"
            value="17:00:00"
        ]
    ]
    tableName="gym_working_hours"
] as ecf6da0cf50db3524defe41071744449
2025-07-31 16:26:29.190 [main] DEBUG liquibase.util - Computed checksum for insert:[
    columns=[
        [
            name="gym_id"
            valueComputed="(SELECT id FROM gyms WHERE name = 'FitZone_TEST')"
        ],
        [
            name="sport_id"
            value="7"
        ]
    ]
    tableName="sports_gyms"
] as 6f7d1438af2b7019de9da57fd7df9d44
2025-07-31 16:26:29.191 [main] DEBUG liquibase.util - Computed checksum for insert:[
    columns=[
        [
            name="gym_id"
            valueComputed="(SELECT id FROM gyms WHERE name = 'FitZone_TEST')"
        ],
        [
            name="sport_id"
            value="13"
        ]
    ]
    tableName="sports_gyms"
] as 87bbd099f660cae0e764a75e4a9e8e51
2025-07-31 16:26:29.191 [main] DEBUG liquibase.util - Computed checksum for insert:[
    columns=[
        [
            name="gym_id"
            valueComputed="(SELECT id FROM gyms WHERE name = 'FitZone_TEST')"
        ],
        [
            name="sport_id"
            value="1"
        ]
    ]
    tableName="sports_gyms"
] as b3258160a2da867cab3fb7c2fff8685d
2025-07-31 16:26:29.192 [main] DEBUG liquibase.util - Computed checksum for insert:[
    columns=[
        [
            name="country"
            value="Україна"
        ],
        [
            name="city"
            value="Одеса"
        ],
        [
            name="street"
            value="вул. Катерининська"
        ],
        [
            name="house"
            value="20"
        ],
        [
            name="is_deleted"
            value="false"
        ]
    ]
    tableName="addresses"
] as a886b7a6bde59aafc5d26f305008b40d
2025-07-31 16:26:29.193 [main] DEBUG liquibase.util - Computed checksum for insert:[
    columns=[
        [
            name="name"
            value="Dynamo_TEST"
        ],
        [
            name="address_id"
            valueComputed="(SELECT id FROM addresses WHERE country = 'Україна' AND city = 'Одеса' AND street = 'вул. Катерининська' AND house = '20')"
        ],
        [
            name="description"
            value="Класичний спортивний клуб з басейном та сауною."
        ],
        [
            name="website"
            value="http://dynamo.od.ua"
 ... [truncated in log] as 12e125cb99179e7a89e73b2841ebc08b
2025-07-31 16:26:29.193 [main] DEBUG liquibase.util - Computed checksum for insert:[
    columns=[
        [
            name="gym_id"
            valueComputed="(SELECT id FROM gyms WHERE name = 'Dynamo_TEST')"
        ],
        [
            name="phone_numbers"
            value="+38(048)-333-4455"
        ]
    ]
    tableName="gym_phone_numbers"
] as b6caa5ec433522920b57749d76661096
2025-07-31 16:26:29.193 [main] DEBUG liquibase.util - Computed checksum for insert:[
    columns=[
        [
            name="gym_id"
            valueComputed="(SELECT id FROM gyms WHERE name = 'Dynamo_TEST')"
        ],
        [
            name="day_of_week"
            value="MONDAY"
        ],
        [
            name="start_time"
            value="06:00:00"
        ],
        [
            name="end_time"
            value="23:00:00"
        ]
    ]
    tableName="gym_working_hours"
] as b6e87d8e96d078ccab18203023a36ec7
2025-07-31 16:26:29.194 [main] DEBUG liquibase.util - Computed checksum for insert:[
    columns=[
        [
            name="gym_id"
            valueComputed="(SELECT id FROM gyms WHERE name = 'Dynamo_TEST')"
        ],
        [
            name="day_of_week"
            value="TUESDAY"
        ],
        [
            name="start_time"
            value="06:00:00"
        ],
        [
            name="end_time"
            value="23:00:00"
        ]
    ]
    tableName="gym_working_hours"
] as de59218f70f5fb295b1c90985b7f0f44
2025-07-31 16:26:29.194 [main] DEBUG liquibase.util - Computed checksum for insert:[
    columns=[
        [
            name="gym_id"
            valueComputed="(SELECT id FROM gyms WHERE name = 'Dynamo_TEST')"
        ],
        [
            name="day_of_week"
            value="WEDNESDAY"
        ],
        [
            name="start_time"
            value="06:00:00"
        ],
        [
            name="end_time"
            value="23:00:00"
        ]
    ]
    tableName="gym_working_hours"
] as 9dee3aa84b661e86ad655d67aa064b33
2025-07-31 16:26:29.195 [main] DEBUG liquibase.util - Computed checksum for insert:[
    columns=[
        [
            name="gym_id"
            valueComputed="(SELECT id FROM gyms WHERE name = 'Dynamo_TEST')"
        ],
        [
            name="day_of_week"
            value="THURSDAY"
        ],
        [
            name="start_time"
            value="06:00:00"
        ],
        [
            name="end_time"
            value="23:00:00"
        ]
    ]
    tableName="gym_working_hours"
] as ec14ef8865263b86807d65a440266bf2
2025-07-31 16:26:29.195 [main] DEBUG liquibase.util - Computed checksum for insert:[
    columns=[
        [
            name="gym_id"
            valueComputed="(SELECT id FROM gyms WHERE name = 'Dynamo_TEST')"
        ],
        [
            name="day_of_week"
            value="FRIDAY"
        ],
        [
            name="start_time"
            value="06:00:00"
        ],
        [
            name="end_time"
            value="23:00:00"
        ]
    ]
    tableName="gym_working_hours"
] as 0331175adffb3d4dcfe1d68546d4f548
2025-07-31 16:26:29.196 [main] DEBUG liquibase.util - Computed checksum for insert:[
    columns=[
        [
            name="gym_id"
            valueComputed="(SELECT id FROM gyms WHERE name = 'Dynamo_TEST')"
        ],
        [
            name="day_of_week"
            value="SATURDAY"
        ],
        [
            name="start_time"
            value="08:00:00"
        ],
        [
            name="end_time"
            value="20:00:00"
        ]
    ]
    tableName="gym_working_hours"
] as 710ef1519e1b7b1f4bf64b9d7f46cb9c
2025-07-31 16:26:29.196 [main] DEBUG liquibase.util - Computed checksum for insert:[
    columns=[
        [
            name="gym_id"
            valueComputed="(SELECT id FROM gyms WHERE name = 'Dynamo_TEST')"
        ],
        [
            name="day_of_week"
            value="SUNDAY"
        ],
        [
            name="start_time"
            value="08:00:00"
        ],
        [
            name="end_time"
            value="18:00:00"
        ]
    ]
    tableName="gym_working_hours"
] as fe64c3bd00cbb11d0ff1ec9d5dc78809
2025-07-31 16:26:29.197 [main] DEBUG liquibase.util - Computed checksum for insert:[
    columns=[
        [
            name="gym_id"
            valueComputed="(SELECT id FROM gyms WHERE name = 'Dynamo_TEST')"
        ],
        [
            name="sport_id"
            value="2"
        ]
    ]
    tableName="sports_gyms"
] as 7d9fd06d5aebd1d7fb6c412eec608c0e
2025-07-31 16:26:29.197 [main] DEBUG liquibase.util - Computed checksum for insert:[
    columns=[
        [
            name="gym_id"
            valueComputed="(SELECT id FROM gyms WHERE name = 'Dynamo_TEST')"
        ],
        [
            name="sport_id"
            value="12"
        ]
    ]
    tableName="sports_gyms"
] as bbd9a9aef4b0b0462e211d00334a3886
2025-07-31 16:26:29.198 [main] DEBUG liquibase.util - Computed checksum for insert:[
    columns=[
        [
            name="gym_id"
            valueComputed="(SELECT id FROM gyms WHERE name = 'Dynamo_TEST')"
        ],
        [
            name="sport_id"
            value="1"
        ]
    ]
    tableName="sports_gyms"
] as 9f5012badfbfd9fe0fe97e50f8e9f07a
2025-07-31 16:26:29.198 [main] DEBUG liquibase.util - Computed checksum for insert:[
    columns=[
        [
            name="country"
            value="Україна"
        ],
        [
            name="city"
            value="Харків"
        ],
        [
            name="street"
            value="просп. Науки"
        ],
        [
            name="house"
            value="9"
        ],
        [
            name="is_deleted"
            value="false"
        ]
    ]
    tableName="addresses"
] as faac327685d870ec67bd2406acea346f
2025-07-31 16:26:29.199 [main] DEBUG liquibase.util - Computed checksum for insert:[
    columns=[
        [
            name="name"
            value="SportLife_TEST"
        ],
        [
            name="address_id"
            valueComputed="(SELECT id FROM addresses WHERE country = 'Україна' AND city = 'Харків' AND street = 'просп. Науки' AND house = '9')"
        ],
        [
            name="description"
            value="Велика мережа фітнес-клубів з басейном та спа."
        ],
        [
            name="website"
            value="http://sportlife.ua"
     ... [truncated in log] as b1c6c42c0f25a9d88f361887a253ea48
2025-07-31 16:26:29.199 [main] DEBUG liquibase.util - Computed checksum for insert:[
    columns=[
        [
            name="gym_id"
            valueComputed="(SELECT id FROM gyms WHERE name = 'SportLife_TEST')"
        ],
        [
            name="phone_numbers"
            value="+38(057)-444-5566"
        ]
    ]
    tableName="gym_phone_numbers"
] as e7510a4e1cb33f0dd5d262e98e70f8f8
2025-07-31 16:26:29.200 [main] DEBUG liquibase.util - Computed checksum for insert:[
    columns=[
        [
            name="gym_id"
            valueComputed="(SELECT id FROM gyms WHERE name = 'SportLife_TEST')"
        ],
        [
            name="day_of_week"
            value="MONDAY"
        ],
        [
            name="start_time"
            value="07:00:00"
        ],
        [
            name="end_time"
            value="22:00:00"
        ]
    ]
    tableName="gym_working_hours"
] as 4369b55d3eab1ac1d5597029c3e5e877
2025-07-31 16:26:29.200 [main] DEBUG liquibase.util - Computed checksum for insert:[
    columns=[
        [
            name="gym_id"
            valueComputed="(SELECT id FROM gyms WHERE name = 'SportLife_TEST')"
        ],
        [
            name="day_of_week"
            value="TUESDAY"
        ],
        [
            name="start_time"
            value="07:00:00"
        ],
        [
            name="end_time"
            value="22:00:00"
        ]
    ]
    tableName="gym_working_hours"
] as 0edc8019bf9ae1d523e570663853e388
2025-07-31 16:26:29.201 [main] DEBUG liquibase.util - Computed checksum for insert:[
    columns=[
        [
            name="gym_id"
            valueComputed="(SELECT id FROM gyms WHERE name = 'SportLife_TEST')"
        ],
        [
            name="day_of_week"
            value="WEDNESDAY"
        ],
        [
            name="start_time"
            value="07:00:00"
        ],
        [
            name="end_time"
            value="22:00:00"
        ]
    ]
    tableName="gym_working_hours"
] as b10b239453dc07d5f46cc2c8f6c978da
2025-07-31 16:26:29.201 [main] DEBUG liquibase.util - Computed checksum for insert:[
    columns=[
        [
            name="gym_id"
            valueComputed="(SELECT id FROM gyms WHERE name = 'SportLife_TEST')"
        ],
        [
            name="day_of_week"
            value="THURSDAY"
        ],
        [
            name="start_time"
            value="07:00:00"
        ],
        [
            name="end_time"
            value="22:00:00"
        ]
    ]
    tableName="gym_working_hours"
] as 09854321df3d56492ae4251a4811300c
2025-07-31 16:26:29.202 [main] DEBUG liquibase.util - Computed checksum for insert:[
    columns=[
        [
            name="gym_id"
            valueComputed="(SELECT id FROM gyms WHERE name = 'SportLife_TEST')"
        ],
        [
            name="day_of_week"
            value="FRIDAY"
        ],
        [
            name="start_time"
            value="07:00:00"
        ],
        [
            name="end_time"
            value="22:00:00"
        ]
    ]
    tableName="gym_working_hours"
] as d36a727c6bc9cdcb3bc8da3b882d89a8
2025-07-31 16:26:29.202 [main] DEBUG liquibase.util - Computed checksum for insert:[
    columns=[
        [
            name="gym_id"
            valueComputed="(SELECT id FROM gyms WHERE name = 'SportLife_TEST')"
        ],
        [
            name="day_of_week"
            value="SATURDAY"
        ],
        [
            name="start_time"
            value="09:00:00"
        ],
        [
            name="end_time"
            value="18:00:00"
        ]
    ]
    tableName="gym_working_hours"
] as 7f69e2d84a04b2a48d781a31824d1cba
2025-07-31 16:26:29.203 [main] DEBUG liquibase.util - Computed checksum for insert:[
    columns=[
        [
            name="gym_id"
            valueComputed="(SELECT id FROM gyms WHERE name = 'SportLife_TEST')"
        ],
        [
            name="day_of_week"
            value="SUNDAY"
        ],
        [
            name="start_time"
            value="09:00:00"
        ],
        [
            name="end_time"
            value="16:00:00"
        ]
    ]
    tableName="gym_working_hours"
] as 8ee93f47c13a3749dccb6748d0eef10a
2025-07-31 16:26:29.203 [main] DEBUG liquibase.util - Computed checksum for insert:[
    columns=[
        [
            name="gym_id"
            valueComputed="(SELECT id FROM gyms WHERE name = 'SportLife_TEST')"
        ],
        [
            name="sport_id"
            value="6"
        ]
    ]
    tableName="sports_gyms"
] as 25784dddc04580e07455859cadab9b7a
2025-07-31 16:26:29.203 [main] DEBUG liquibase.util - Computed checksum for insert:[
    columns=[
        [
            name="gym_id"
            valueComputed="(SELECT id FROM gyms WHERE name = 'SportLife_TEST')"
        ],
        [
            name="sport_id"
            value="16"
        ]
    ]
    tableName="sports_gyms"
] as 10b11ca1c5e8d207510c7e150c4a25ee
2025-07-31 16:26:29.204 [main] DEBUG liquibase.util - Computed checksum for insert:[
    columns=[
        [
            name="gym_id"
            valueComputed="(SELECT id FROM gyms WHERE name = 'SportLife_TEST')"
        ],
        [
            name="sport_id"
            value="1"
        ]
    ]
    tableName="sports_gyms"
] as a23984346ad5265ceb897126434f54b0
2025-07-31 16:26:29.204 [main] DEBUG liquibase.util - Computed checksum for insert:[
    columns=[
        [
            name="country"
            value="Україна"
        ],
        [
            name="city"
            value="Дніпро"
        ],
        [
            name="street"
            value="просп. Дмитра Яворницького"
        ],
        [
            name="house"
            value="8"
        ],
        [
            name="is_deleted"
            value="false"
        ]
    ]
    tableName="addresses"
] as 45fedd292e83719824da1f0cc464ef7f
2025-07-31 16:26:29.205 [main] DEBUG liquibase.util - Computed checksum for insert:[
    columns=[
        [
            name="name"
            value="Атлант_TEST"
        ],
        [
            name="address_id"
            valueComputed="(SELECT id FROM addresses WHERE country = 'Україна' AND city = 'Дніпро' AND street = 'просп. Дмитра Яворницького' AND house = '8')"
        ],
        [
            name="description"
            value="Тренажерний зал для силових видів спорту."
        ],
        [
            name="website"
            value="http://atlant.dp.ua"... [truncated in log] as 93a725534042575ad5f69afd785945ac
2025-07-31 16:26:29.206 [main] DEBUG liquibase.util - Computed checksum for insert:[
    columns=[
        [
            name="gym_id"
            valueComputed="(SELECT id FROM gyms WHERE name = 'Атлант_TEST')"
        ],
        [
            name="phone_numbers"
            value="+38(056)-555-6677"
        ]
    ]
    tableName="gym_phone_numbers"
] as 1f6ce2e3592e5a2ffa19ca9d0188db2a
2025-07-31 16:26:29.206 [main] DEBUG liquibase.util - Computed checksum for insert:[
    columns=[
        [
            name="gym_id"
            valueComputed="(SELECT id FROM gyms WHERE name = 'Атлант_TEST')"
        ],
        [
            name="day_of_week"
            value="MONDAY"
        ],
        [
            name="start_time"
            value="08:00:00"
        ],
        [
            name="end_time"
            value="20:00:00"
        ]
    ]
    tableName="gym_working_hours"
] as 55e9294f9c90d56411faba0c340b9d8e
2025-07-31 16:26:29.207 [main] DEBUG liquibase.util - Computed checksum for insert:[
    columns=[
        [
            name="gym_id"
            valueComputed="(SELECT id FROM gyms WHERE name = 'Атлант_TEST')"
        ],
        [
            name="day_of_week"
            value="TUESDAY"
        ],
        [
            name="start_time"
            value="08:00:00"
        ],
        [
            name="end_time"
            value="20:00:00"
        ]
    ]
    tableName="gym_working_hours"
] as d5421612c9f9cdb8984ab967c8d2201d
2025-07-31 16:26:29.207 [main] DEBUG liquibase.util - Computed checksum for insert:[
    columns=[
        [
            name="gym_id"
            valueComputed="(SELECT id FROM gyms WHERE name = 'Атлант_TEST')"
        ],
        [
            name="day_of_week"
            value="WEDNESDAY"
        ],
        [
            name="start_time"
            value="08:00:00"
        ],
        [
            name="end_time"
            value="20:00:00"
        ]
    ]
    tableName="gym_working_hours"
] as 1bda38ca77546c027f7fdf124a7bc1b6
2025-07-31 16:26:29.208 [main] DEBUG liquibase.util - Computed checksum for insert:[
    columns=[
        [
            name="gym_id"
            valueComputed="(SELECT id FROM gyms WHERE name = 'Атлант_TEST')"
        ],
        [
            name="day_of_week"
            value="THURSDAY"
        ],
        [
            name="start_time"
            value="08:00:00"
        ],
        [
            name="end_time"
            value="20:00:00"
        ]
    ]
    tableName="gym_working_hours"
] as 174516c28a42d35326ae0b8262f7f5dd
2025-07-31 16:26:29.208 [main] DEBUG liquibase.util - Computed checksum for insert:[
    columns=[
        [
            name="gym_id"
            valueComputed="(SELECT id FROM gyms WHERE name = 'Атлант_TEST')"
        ],
        [
            name="day_of_week"
            value="FRIDAY"
        ],
        [
            name="start_time"
            value="08:00:00"
        ],
        [
            name="end_time"
            value="20:00:00"
        ]
    ]
    tableName="gym_working_hours"
] as 3d53c09dac6e20d1948ad1a65215f639
2025-07-31 16:26:29.209 [main] DEBUG liquibase.util - Computed checksum for insert:[
    columns=[
        [
            name="gym_id"
            valueComputed="(SELECT id FROM gyms WHERE name = 'Атлант_TEST')"
        ],
        [
            name="day_of_week"
            value="SATURDAY"
        ],
        [
            name="start_time"
            value="09:00:00"
        ],
        [
            name="end_time"
            value="15:00:00"
        ]
    ]
    tableName="gym_working_hours"
] as 80d7d2339b86a1029e14782b53d54c80
2025-07-31 16:26:29.209 [main] DEBUG liquibase.util - Computed checksum for insert:[
    columns=[
        [
            name="gym_id"
            valueComputed="(SELECT id FROM gyms WHERE name = 'Атлант_TEST')"
        ],
        [
            name="sport_id"
            value="5"
        ]
    ]
    tableName="sports_gyms"
] as 197726bee304e61cb39d6ad7b4917691
2025-07-31 16:26:29.210 [main] DEBUG liquibase.util - Computed checksum for insert:[
    columns=[
        [
            name="gym_id"
            valueComputed="(SELECT id FROM gyms WHERE name = 'Атлант_TEST')"
        ],
        [
            name="sport_id"
            value="17"
        ]
    ]
    tableName="sports_gyms"
] as 229cf4a6763ea67c0b6a919fd9db1260
2025-07-31 16:26:29.210 [main] DEBUG liquibase.util - Computed checksum for insert:[
    columns=[
        [
            name="gym_id"
            valueComputed="(SELECT id FROM gyms WHERE name = 'Атлант_TEST')"
        ],
        [
            name="sport_id"
            value="1"
        ]
    ]
    tableName="sports_gyms"
] as 405d5fbc65e494b8f58e9acb0053a8fa
2025-07-31 16:26:29.211 [main] DEBUG liquibase.util - Computed checksum for insert:[
    columns=[
        [
            name="country"
            value="Україна"
        ],
        [
            name="city"
            value="Запоріжжя"
        ],
        [
            name="street"
            value="вул. Незалежної України"
        ],
        [
            name="house"
            value="72"
        ],
        [
            name="is_deleted"
            value="false"
        ]
    ]
    tableName="addresses"
] as 02ee1e41ca412ef30f7ebd72fb4c5e9b
2025-07-31 16:26:29.212 [main] DEBUG liquibase.util - Computed checksum for insert:[
    columns=[
        [
            name="name"
            value="Maximus_TEST"
        ],
        [
            name="address_id"
            valueComputed="(SELECT id FROM addresses WHERE country = 'Україна' AND city = 'Запоріжжя' AND street = 'вул. Незалежної України' AND house = '72')"
        ],
        [
            name="description"
            value="Фітнес-клуб з великим вибором групових програм."
        ],
        [
            name="website"
            value="http://maxim... [truncated in log] as 180227bed642a624dec16ba73f1c5303
2025-07-31 16:26:29.212 [main] DEBUG liquibase.util - Computed checksum for insert:[
    columns=[
        [
            name="gym_id"
            valueComputed="(SELECT id FROM gyms WHERE name = 'Maximus_TEST')"
        ],
        [
            name="phone_numbers"
            value="+38(061)-666-7788"
        ]
    ]
    tableName="gym_phone_numbers"
] as 70fbb919165cf247bd5da41770e2223d
2025-07-31 16:26:29.212 [main] DEBUG liquibase.util - Computed checksum for insert:[
    columns=[
        [
            name="gym_id"
            valueComputed="(SELECT id FROM gyms WHERE name = 'Maximus_TEST')"
        ],
        [
            name="day_of_week"
            value="MONDAY"
        ],
        [
            name="start_time"
            value="07:30:00"
        ],
        [
            name="end_time"
            value="21:30:00"
        ]
    ]
    tableName="gym_working_hours"
] as 353cd5da6a98e9dea521478be2f7ae7e
2025-07-31 16:26:29.213 [main] DEBUG liquibase.util - Computed checksum for insert:[
    columns=[
        [
            name="gym_id"
            valueComputed="(SELECT id FROM gyms WHERE name = 'Maximus_TEST')"
        ],
        [
            name="day_of_week"
            value="TUESDAY"
        ],
        [
            name="start_time"
            value="07:30:00"
        ],
        [
            name="end_time"
            value="21:30:00"
        ]
    ]
    tableName="gym_working_hours"
] as f4d8271629e835cb7866af29881749fc
2025-07-31 16:26:29.213 [main] DEBUG liquibase.util - Computed checksum for insert:[
    columns=[
        [
            name="gym_id"
            valueComputed="(SELECT id FROM gyms WHERE name = 'Maximus_TEST')"
        ],
        [
            name="day_of_week"
            value="WEDNESDAY"
        ],
        [
            name="start_time"
            value="07:30:00"
        ],
        [
            name="end_time"
            value="21:30:00"
        ]
    ]
    tableName="gym_working_hours"
] as 141b681904b0f97092f8089d857ffd9e
2025-07-31 16:26:29.214 [main] DEBUG liquibase.util - Computed checksum for insert:[
    columns=[
        [
            name="gym_id"
            valueComputed="(SELECT id FROM gyms WHERE name = 'Maximus_TEST')"
        ],
        [
            name="day_of_week"
            value="THURSDAY"
        ],
        [
            name="start_time"
            value="07:30:00"
        ],
        [
            name="end_time"
            value="21:30:00"
        ]
    ]
    tableName="gym_working_hours"
] as 565c2f6d4af785a308b9aa5608afbf25
2025-07-31 16:26:29.214 [main] DEBUG liquibase.util - Computed checksum for insert:[
    columns=[
        [
            name="gym_id"
            valueComputed="(SELECT id FROM gyms WHERE name = 'Maximus_TEST')"
        ],
        [
            name="day_of_week"
            value="FRIDAY"
        ],
        [
            name="start_time"
            value="07:30:00"
        ],
        [
            name="end_time"
            value="21:30:00"
        ]
    ]
    tableName="gym_working_hours"
] as 498f970c81e46ffa848455e7d87749ba
2025-07-31 16:26:29.215 [main] DEBUG liquibase.util - Computed checksum for insert:[
    columns=[
        [
            name="gym_id"
            valueComputed="(SELECT id FROM gyms WHERE name = 'Maximus_TEST')"
        ],
        [
            name="day_of_week"
            value="SUNDAY"
        ],
        [
            name="start_time"
            value="10:00:00"
        ],
        [
            name="end_time"
            value="15:00:00"
        ]
    ]
    tableName="gym_working_hours"
] as 9a77fa999025b3f8dda99e3dd715b691
2025-07-31 16:26:29.215 [main] DEBUG liquibase.util - Computed checksum for insert:[
    columns=[
        [
            name="gym_id"
            valueComputed="(SELECT id FROM gyms WHERE name = 'Maximus_TEST')"
        ],
        [
            name="sport_id"
            value="14"
        ]
    ]
    tableName="sports_gyms"
] as 32d2b5edcf2fa63c89ca91fff218bc6f
2025-07-31 16:26:29.216 [main] DEBUG liquibase.util - Computed checksum for insert:[
    columns=[
        [
            name="gym_id"
            valueComputed="(SELECT id FROM gyms WHERE name = 'Maximus_TEST')"
        ],
        [
            name="sport_id"
            value="1"
        ]
    ]
    tableName="sports_gyms"
] as 06da56d1e59529422e0d5b5fa9ebf052
2025-07-31 16:26:29.217 [main] DEBUG liquibase.util - Computed checksum for insert:[
    columns=[
        [
            name="country"
            value="Україна"
        ],
        [
            name="city"
            value="Вінниця"
        ],
        [
            name="street"
            value="вул. Пирогова"
        ],
        [
            name="house"
            value="30"
        ],
        [
            name="is_deleted"
            value="false"
        ]
    ]
    tableName="addresses"
] as 8ee95ed762938b3f6e024aaea702fc8b
2025-07-31 16:26:29.218 [main] DEBUG liquibase.util - Computed checksum for insert:[
    columns=[
        [
            name="name"
            value="GrandFitness_TEST"
        ],
        [
            name="address_id"
            valueComputed="(SELECT id FROM addresses WHERE country = 'Україна' AND city = 'Вінниця' AND street = 'вул. Пирогова' AND house = '30')"
        ],
        [
            name="description"
            value="Елітний фітнес-центр з преміум обладнанням."
        ],
        [
            name="website"
            value="http://grandfitness.vn.... [truncated in log] as 3aaed1a4c0852ff0f979b113c32dff3f
2025-07-31 16:26:29.221 [main] DEBUG liquibase.util - Computed checksum for insert:[
    columns=[
        [
            name="gym_id"
            valueComputed="(SELECT id FROM gyms WHERE name = 'GrandFitness_TEST')"
        ],
        [
            name="phone_numbers"
            value="+38(043)-777-8899"
        ]
    ]
    tableName="gym_phone_numbers"
] as 25d4be338be9c630ddf4067a3245271e
2025-07-31 16:26:29.222 [main] DEBUG liquibase.util - Computed checksum for insert:[
    columns=[
        [
            name="gym_id"
            valueComputed="(SELECT id FROM gyms WHERE name = 'GrandFitness_TEST')"
        ],
        [
            name="day_of_week"
            value="MONDAY"
        ],
        [
            name="start_time"
            value="07:00:00"
        ],
        [
            name="end_time"
            value="22:00:00"
        ]
    ]
    tableName="gym_working_hours"
] as d08bb74b436d827cdba51232d073fafb
2025-07-31 16:26:29.223 [main] DEBUG liquibase.util - Computed checksum for insert:[
    columns=[
        [
            name="gym_id"
            valueComputed="(SELECT id FROM gyms WHERE name = 'GrandFitness_TEST')"
        ],
        [
            name="day_of_week"
            value="TUESDAY"
        ],
        [
            name="start_time"
            value="07:00:00"
        ],
        [
            name="end_time"
            value="22:00:00"
        ]
    ]
    tableName="gym_working_hours"
] as 9827db10f84d8c6c2ffc4487836e8df1
2025-07-31 16:26:29.223 [main] DEBUG liquibase.util - Computed checksum for insert:[
    columns=[
        [
            name="gym_id"
            valueComputed="(SELECT id FROM gyms WHERE name = 'GrandFitness_TEST')"
        ],
        [
            name="day_of_week"
            value="WEDNESDAY"
        ],
        [
            name="start_time"
            value="07:00:00"
        ],
        [
            name="end_time"
            value="22:00:00"
        ]
    ]
    tableName="gym_working_hours"
] as 184eda2f2197332a273da802bce2a467
2025-07-31 16:26:29.224 [main] DEBUG liquibase.util - Computed checksum for insert:[
    columns=[
        [
            name="gym_id"
            valueComputed="(SELECT id FROM gyms WHERE name = 'GrandFitness_TEST')"
        ],
        [
            name="day_of_week"
            value="THURSDAY"
        ],
        [
            name="start_time"
            value="07:00:00"
        ],
        [
            name="end_time"
            value="22:00:00"
        ]
    ]
    tableName="gym_working_hours"
] as e00b7647cd24924e067bd190bd89f2b6
2025-07-31 16:26:29.224 [main] DEBUG liquibase.util - Computed checksum for insert:[
    columns=[
        [
            name="gym_id"
            valueComputed="(SELECT id FROM gyms WHERE name = 'GrandFitness_TEST')"
        ],
        [
            name="day_of_week"
            value="FRIDAY"
        ],
        [
            name="start_time"
            value="07:00:00"
        ],
        [
            name="end_time"
            value="22:00:00"
        ]
    ]
    tableName="gym_working_hours"
] as b5ed1e3604668b467cc3781d89a810a5
2025-07-31 16:26:29.224 [main] DEBUG liquibase.util - Computed checksum for insert:[
    columns=[
        [
            name="gym_id"
            valueComputed="(SELECT id FROM gyms WHERE name = 'GrandFitness_TEST')"
        ],
        [
            name="day_of_week"
            value="SATURDAY"
        ],
        [
            name="start_time"
            value="09:00:00"
        ],
        [
            name="end_time"
            value="19:00:00"
        ]
    ]
    tableName="gym_working_hours"
] as 906834ef981387f5326468fe67a9a228
2025-07-31 16:26:29.225 [main] DEBUG liquibase.util - Computed checksum for insert:[
    columns=[
        [
            name="gym_id"
            valueComputed="(SELECT id FROM gyms WHERE name = 'GrandFitness_TEST')"
        ],
        [
            name="day_of_week"
            value="SUNDAY"
        ],
        [
            name="start_time"
            value="10:00:00"
        ],
        [
            name="end_time"
            value="17:00:00"
        ]
    ]
    tableName="gym_working_hours"
] as 2bd9ce7f945f34a99e4749cc49ac58c7
2025-07-31 16:26:29.226 [main] DEBUG liquibase.util - Computed checksum for insert:[
    columns=[
        [
            name="gym_id"
            valueComputed="(SELECT id FROM gyms WHERE name = 'GrandFitness_TEST')"
        ],
        [
            name="sport_id"
            value="1"
        ]
    ]
    tableName="sports_gyms"
] as 87e983da9925d2bdc4c82d364cc4eca2
2025-07-31 16:26:29.226 [main] DEBUG liquibase.util - Computed checksum for insert:[
    columns=[
        [
            name="country"
            value="Україна"
        ],
        [
            name="city"
            value="Чернігів"
        ],
        [
            name="street"
            value="вул. Київська"
        ],
        [
            name="house"
            value="11"
        ],
        [
            name="is_deleted"
            value="false"
        ]
    ]
    tableName="addresses"
] as 46024a8f776c07b1d476d7ad1a85ae26
2025-07-31 16:26:29.228 [main] DEBUG liquibase.util - Computed checksum for insert:[
    columns=[
        [
            name="name"
            value="EuroSport_TEST"
        ],
        [
            name="address_id"
            valueComputed="(SELECT id FROM addresses WHERE country = 'Україна' AND city = 'Чернігів' AND street = 'вул. Київська' AND house = '11')"
        ],
        [
            name="description"
            value="Доступний спортивний клуб для всієї родини."
        ],
        [
            name="website"
            value="http://eurosport.cn.ua"
 ... [truncated in log] as 8fb6ce1945f574d48c4e5d5789225942
2025-07-31 16:26:29.229 [main] DEBUG liquibase.util - Computed checksum for insert:[
    columns=[
        [
            name="gym_id"
            valueComputed="(SELECT id FROM gyms WHERE name = 'EuroSport_TEST')"
        ],
        [
            name="phone_numbers"
            value="+38(046)-888-9900"
        ]
    ]
    tableName="gym_phone_numbers"
] as 8e0e047e3bea54100f682fc5f7e4e132
2025-07-31 16:26:29.230 [main] DEBUG liquibase.util - Computed checksum for insert:[
    columns=[
        [
            name="gym_id"
            valueComputed="(SELECT id FROM gyms WHERE name = 'EuroSport_TEST')"
        ],
        [
            name="day_of_week"
            value="MONDAY"
        ],
        [
            name="start_time"
            value="08:00:00"
        ],
        [
            name="end_time"
            value="22:00:00"
        ]
    ]
    tableName="gym_working_hours"
] as a0615a1a38d8ed1082a695e66238cfba
2025-07-31 16:26:29.230 [main] DEBUG liquibase.util - Computed checksum for insert:[
    columns=[
        [
            name="gym_id"
            valueComputed="(SELECT id FROM gyms WHERE name = 'EuroSport_TEST')"
        ],
        [
            name="day_of_week"
            value="TUESDAY"
        ],
        [
            name="start_time"
            value="08:00:00"
        ],
        [
            name="end_time"
            value="22:00:00"
        ]
    ]
    tableName="gym_working_hours"
] as 1d752ea451c6ca03528b507471598cf6
2025-07-31 16:26:29.231 [main] DEBUG liquibase.util - Computed checksum for insert:[
    columns=[
        [
            name="gym_id"
            valueComputed="(SELECT id FROM gyms WHERE name = 'EuroSport_TEST')"
        ],
        [
            name="day_of_week"
            value="WEDNESDAY"
        ],
        [
            name="start_time"
            value="08:00:00"
        ],
        [
            name="end_time"
            value="22:00:00"
        ]
    ]
    tableName="gym_working_hours"
] as aca68fbe826fb678c2340805f503ef0e
2025-07-31 16:26:29.231 [main] DEBUG liquibase.util - Computed checksum for insert:[
    columns=[
        [
            name="gym_id"
            valueComputed="(SELECT id FROM gyms WHERE name = 'EuroSport_TEST')"
        ],
        [
            name="day_of_week"
            value="THURSDAY"
        ],
        [
            name="start_time"
            value="08:00:00"
        ],
        [
            name="end_time"
            value="22:00:00"
        ]
    ]
    tableName="gym_working_hours"
] as 8bcc5d17e5efd9faa175150f64245931
2025-07-31 16:26:29.232 [main] DEBUG liquibase.util - Computed checksum for insert:[
    columns=[
        [
            name="gym_id"
            valueComputed="(SELECT id FROM gyms WHERE name = 'EuroSport_TEST')"
        ],
        [
            name="day_of_week"
            value="FRIDAY"
        ],
        [
            name="start_time"
            value="08:00:00"
        ],
        [
            name="end_time"
            value="22:00:00"
        ]
    ]
    tableName="gym_working_hours"
] as e5d5e8d3ef21f688152a526424749630
2025-07-31 16:26:29.233 [main] DEBUG liquibase.util - Computed checksum for insert:[
    columns=[
        [
            name="gym_id"
            valueComputed="(SELECT id FROM gyms WHERE name = 'EuroSport_TEST')"
        ],
        [
            name="day_of_week"
            value="SATURDAY"
        ],
        [
            name="start_time"
            value="09:00:00"
        ],
        [
            name="end_time"
            value="17:00:00"
        ]
    ]
    tableName="gym_working_hours"
] as df2f5979a5e6290551482c94f1f92a70
2025-07-31 16:26:29.234 [main] DEBUG liquibase.util - Computed checksum for insert:[
    columns=[
        [
            name="gym_id"
            valueComputed="(SELECT id FROM gyms WHERE name = 'EuroSport_TEST')"
        ],
        [
            name="sport_id"
            value="6"
        ]
    ]
    tableName="sports_gyms"
] as 4ed4efd326690bd1a4e6b3b557023647
2025-07-31 16:26:29.234 [main] DEBUG liquibase.util - Computed checksum for insert:[
    columns=[
        [
            name="gym_id"
            valueComputed="(SELECT id FROM gyms WHERE name = 'EuroSport_TEST')"
        ],
        [
            name="sport_id"
            value="7"
        ]
    ]
    tableName="sports_gyms"
] as 2f10289e9169ed063caadbe3878eabf9
2025-07-31 16:26:29.235 [main] DEBUG liquibase.util - Computed checksum for insert:[
    columns=[
        [
            name="gym_id"
            valueComputed="(SELECT id FROM gyms WHERE name = 'EuroSport_TEST')"
        ],
        [
            name="sport_id"
            value="1"
        ]
    ]
    tableName="sports_gyms"
] as 3bacf9e6a8a8011cfaffd12179ecfab9
2025-07-31 16:26:29.235 [main] DEBUG liquibase.util - Computed checksum for insert:[
    columns=[
        [
            name="country"
            value="Україна"
        ],
        [
            name="city"
            value="Полтава"
        ],
        [
            name="street"
            value="вул. Соборності"
        ],
        [
            name="house"
            value="33"
        ],
        [
            name="is_deleted"
            value="false"
        ]
    ]
    tableName="addresses"
] as a51654e87b3387a24366baf350d47cfc
2025-07-31 16:26:29.236 [main] DEBUG liquibase.util - Computed checksum for insert:[
    columns=[
        [
            name="name"
            value="Олімп_TEST"
        ],
        [
            name="address_id"
            valueComputed="(SELECT id FROM addresses WHERE country = 'Україна' AND city = 'Полтава' AND street = 'вул. Соборності' AND house = '33')"
        ],
        [
            name="description"
            value="Спортивний комплекс з великим басейном та сучасними тренажерами."
        ],
        [
            name="website"
            value="http://... [truncated in log] as dcbd526a82424c0ba1bd8e5e3d4e3cd2
2025-07-31 16:26:29.236 [main] DEBUG liquibase.util - Computed checksum for insert:[
    columns=[
        [
            name="gym_id"
            valueComputed="(SELECT id FROM gyms WHERE name = 'Олімп_TEST')"
        ],
        [
            name="phone_numbers"
            value="+38(053)-999-0011"
        ]
    ]
    tableName="gym_phone_numbers"
] as 061b097773295219ff7a7dc6b50a6096
2025-07-31 16:26:29.237 [main] DEBUG liquibase.util - Computed checksum for insert:[
    columns=[
        [
            name="gym_id"
            valueComputed="(SELECT id FROM gyms WHERE name = 'Олімп_TEST')"
        ],
        [
            name="day_of_week"
            value="MONDAY"
        ],
        [
            name="start_time"
            value="06:30:00"
        ],
        [
            name="end_time"
            value="22:30:00"
        ]
    ]
    tableName="gym_working_hours"
] as 4a912ec3000b3081b95e52797741ef26
2025-07-31 16:26:29.237 [main] DEBUG liquibase.util - Computed checksum for insert:[
    columns=[
        [
            name="gym_id"
            valueComputed="(SELECT id FROM gyms WHERE name = 'Олімп_TEST')"
        ],
        [
            name="day_of_week"
            value="TUESDAY"
        ],
        [
            name="start_time"
            value="06:30:00"
        ],
        [
            name="end_time"
            value="22:30:00"
        ]
    ]
    tableName="gym_working_hours"
] as 530e80e0e9c78edde42acaa2ec206c7c
2025-07-31 16:26:29.238 [main] DEBUG liquibase.util - Computed checksum for insert:[
    columns=[
        [
            name="gym_id"
            valueComputed="(SELECT id FROM gyms WHERE name = 'Олімп_TEST')"
        ],
        [
            name="day_of_week"
            value="WEDNESDAY"
        ],
        [
            name="start_time"
            value="06:30:00"
        ],
        [
            name="end_time"
            value="22:30:00"
        ]
    ]
    tableName="gym_working_hours"
] as 7f7662d003a4b66b1987badc898fc272
2025-07-31 16:26:29.239 [main] DEBUG liquibase.util - Computed checksum for insert:[
    columns=[
        [
            name="gym_id"
            valueComputed="(SELECT id FROM gyms WHERE name = 'Олімп_TEST')"
        ],
        [
            name="day_of_week"
            value="THURSDAY"
        ],
        [
            name="start_time"
            value="06:30:00"
        ],
        [
            name="end_time"
            value="22:30:00"
        ]
    ]
    tableName="gym_working_hours"
] as be60a340e642c1487eb360ee5bd66224
2025-07-31 16:26:29.240 [main] DEBUG liquibase.util - Computed checksum for insert:[
    columns=[
        [
            name="gym_id"
            valueComputed="(SELECT id FROM gyms WHERE name = 'Олімп_TEST')"
        ],
        [
            name="day_of_week"
            value="FRIDAY"
        ],
        [
            name="start_time"
            value="06:30:00"
        ],
        [
            name="end_time"
            value="22:30:00"
        ]
    ]
    tableName="gym_working_hours"
] as 00337f6bbcb34091ad539daaa6c9b392
2025-07-31 16:26:29.240 [main] DEBUG liquibase.util - Computed checksum for insert:[
    columns=[
        [
            name="gym_id"
            valueComputed="(SELECT id FROM gyms WHERE name = 'Олімп_TEST')"
        ],
        [
            name="day_of_week"
            value="SATURDAY"
        ],
        [
            name="start_time"
            value="08:00:00"
        ],
        [
            name="end_time"
            value="19:00:00"
        ]
    ]
    tableName="gym_working_hours"
] as f79143a1ddc38a5b605283749c0fa9c0
2025-07-31 16:26:29.241 [main] DEBUG liquibase.util - Computed checksum for insert:[
    columns=[
        [
            name="gym_id"
            valueComputed="(SELECT id FROM gyms WHERE name = 'Олімп_TEST')"
        ],
        [
            name="day_of_week"
            value="SUNDAY"
        ],
        [
            name="start_time"
            value="08:00:00"
        ],
        [
            name="end_time"
            value="17:00:00"
        ]
    ]
    tableName="gym_working_hours"
] as 8a68034e61e905d374642c45af844c25
2025-07-31 16:26:29.242 [main] DEBUG liquibase.util - Computed checksum for insert:[
    columns=[
        [
            name="gym_id"
            valueComputed="(SELECT id FROM gyms WHERE name = 'Олімп_TEST')"
        ],
        [
            name="sport_id"
            value="2"
        ]
    ]
    tableName="sports_gyms"
] as 87584ce69d7293d49ccd0af76dd05dce
2025-07-31 16:26:29.243 [main] DEBUG liquibase.util - Computed checksum for insert:[
    columns=[
        [
            name="gym_id"
            valueComputed="(SELECT id FROM gyms WHERE name = 'Олімп_TEST')"
        ],
        [
            name="sport_id"
            value="12"
        ]
    ]
    tableName="sports_gyms"
] as 5d037fc177c772f649e36c62db840ba5
2025-07-31 16:26:29.244 [main] DEBUG liquibase.util - Computed checksum for insert:[
    columns=[
        [
            name="gym_id"
            valueComputed="(SELECT id FROM gyms WHERE name = 'Олімп_TEST')"
        ],
        [
            name="sport_id"
            value="1"
        ]
    ]
    tableName="sports_gyms"
] as 7e4d5c828a63c7ccbade8766a7f9c4d9
2025-07-31 16:26:29.245 [main] DEBUG liquibase.util - Computed checksum for insert:[
    columns=[
        [
            name="country"
            value="Україна"
        ],
        [
            name="city"
            value="Черкаси"
        ],
        [
            name="street"
            value="бульв. Шевченка"
        ],
        [
            name="house"
            value="130"
        ],
        [
            name="is_deleted"
            value="false"
        ]
    ]
    tableName="addresses"
] as 68606d67e0332a0eca747fa537d3573a
2025-07-31 16:26:29.245 [main] DEBUG liquibase.util - Computed checksum for insert:[
    columns=[
        [
            name="name"
            value="Формула_TEST"
        ],
        [
            name="address_id"
            valueComputed="(SELECT id FROM addresses WHERE country = 'Україна' AND city = 'Черкаси' AND street = 'бульв. Шевченка' AND house = '130')"
        ],
        [
            name="description"
            value="Великий вибір кардіо- та силових тренажерів."
        ],
        [
            name="website"
            value="http://formula.ck.ua"
  ... [truncated in log] as 0419307f0e2aec277a8ec2cf491c8ce7
2025-07-31 16:26:29.246 [main] DEBUG liquibase.util - Computed checksum for insert:[
    columns=[
        [
            name="gym_id"
            valueComputed="(SELECT id FROM gyms WHERE name = 'Формула_TEST')"
        ],
        [
            name="phone_numbers"
            value="+38(047)-123-4567"
        ]
    ]
    tableName="gym_phone_numbers"
] as 99518edaa038c91d532506d711794a71
2025-07-31 16:26:29.247 [main] DEBUG liquibase.util - Computed checksum for insert:[
    columns=[
        [
            name="gym_id"
            valueComputed="(SELECT id FROM gyms WHERE name = 'Формула_TEST')"
        ],
        [
            name="day_of_week"
            value="MONDAY"
        ],
        [
            name="start_time"
            value="07:00:00"
        ],
        [
            name="end_time"
            value="22:00:00"
        ]
    ]
    tableName="gym_working_hours"
] as f7597744a8e4c83570559f1fac0daefc
2025-07-31 16:26:29.248 [main] DEBUG liquibase.util - Computed checksum for insert:[
    columns=[
        [
            name="gym_id"
            valueComputed="(SELECT id FROM gyms WHERE name = 'Формула_TEST')"
        ],
        [
            name="day_of_week"
            value="TUESDAY"
        ],
        [
            name="start_time"
            value="07:00:00"
        ],
        [
            name="end_time"
            value="22:00:00"
        ]
    ]
    tableName="gym_working_hours"
] as 607c7983a6bbffb9a924afbcdc481e72
2025-07-31 16:26:29.249 [main] DEBUG liquibase.util - Computed checksum for insert:[
    columns=[
        [
            name="gym_id"
            valueComputed="(SELECT id FROM gyms WHERE name = 'Формула_TEST')"
        ],
        [
            name="day_of_week"
            value="WEDNESDAY"
        ],
        [
            name="start_time"
            value="07:00:00"
        ],
        [
            name="end_time"
            value="22:00:00"
        ]
    ]
    tableName="gym_working_hours"
] as cef00f67ac8773287aa40707b4935420
2025-07-31 16:26:29.249 [main] DEBUG liquibase.util - Computed checksum for insert:[
    columns=[
        [
            name="gym_id"
            valueComputed="(SELECT id FROM gyms WHERE name = 'Формула_TEST')"
        ],
        [
            name="day_of_week"
            value="THURSDAY"
        ],
        [
            name="start_time"
            value="07:00:00"
        ],
        [
            name="end_time"
            value="22:00:00"
        ]
    ]
    tableName="gym_working_hours"
] as d8f6bdc2216fe41ecdeb685858a388d1
2025-07-31 16:26:29.250 [main] DEBUG liquibase.util - Computed checksum for insert:[
    columns=[
        [
            name="gym_id"
            valueComputed="(SELECT id FROM gyms WHERE name = 'Формула_TEST')"
        ],
        [
            name="day_of_week"
            value="FRIDAY"
        ],
        [
            name="start_time"
            value="07:00:00"
        ],
        [
            name="end_time"
            value="22:00:00"
        ]
    ]
    tableName="gym_working_hours"
] as 04fd6a428722b5f998a5d059f3664702
2025-07-31 16:26:29.250 [main] DEBUG liquibase.util - Computed checksum for insert:[
    columns=[
        [
            name="gym_id"
            valueComputed="(SELECT id FROM gyms WHERE name = 'Формула_TEST')"
        ],
        [
            name="day_of_week"
            value="SATURDAY"
        ],
        [
            name="start_time"
            value="09:00:00"
        ],
        [
            name="end_time"
            value="18:00:00"
        ]
    ]
    tableName="gym_working_hours"
] as a8dea33409557d28ab4848f5d7261f5c
2025-07-31 16:26:29.251 [main] DEBUG liquibase.util - Computed checksum for insert:[
    columns=[
        [
            name="gym_id"
            valueComputed="(SELECT id FROM gyms WHERE name = 'Формула_TEST')"
        ],
        [
            name="day_of_week"
            value="SUNDAY"
        ],
        [
            name="start_time"
            value="09:00:00"
        ],
        [
            name="end_time"
            value="16:00:00"
        ]
    ]
    tableName="gym_working_hours"
] as cc6fbdbf3b1e3f2842a310e2ff96742f
2025-07-31 16:26:29.251 [main] DEBUG liquibase.util - Computed checksum for insert:[
    columns=[
        [
            name="gym_id"
            valueComputed="(SELECT id FROM gyms WHERE name = 'Формула_TEST')"
        ],
        [
            name="sport_id"
            value="7"
        ]
    ]
    tableName="sports_gyms"
] as 119c676952a3ce62a0c066e50b8d5d80
2025-07-31 16:26:29.251 [main] DEBUG liquibase.util - Computed checksum for insert:[
    columns=[
        [
            name="gym_id"
            valueComputed="(SELECT id FROM gyms WHERE name = 'Формула_TEST')"
        ],
        [
            name="sport_id"
            value="13"
        ]
    ]
    tableName="sports_gyms"
] as 845290638387f2ec7895ee1330151a53
2025-07-31 16:26:29.252 [main] DEBUG liquibase.util - Computed checksum for insert:[
    columns=[
        [
            name="gym_id"
            valueComputed="(SELECT id FROM gyms WHERE name = 'Формула_TEST')"
        ],
        [
            name="sport_id"
            value="1"
        ]
    ]
    tableName="sports_gyms"
] as 7b535debc0287ae4d45f0810784f0e17
2025-07-31 16:26:29.252 [main] DEBUG liquibase.util - Computed checksum for 9:a186cdaecbad24427526f8efcbf6b91a:9:9ef3126979d0b7e124200225ad552ea0:9:9bb98a0e34b29db65729d2ed3f6a249f:9:0dc361460464624946144961607a0252:9:29e45c29b85d6da7c38633e34f4655a8:9:2c3d26909d9d4ed5e2357f97e1a2358f:9:22bdbe6522a4ecd590a576b9e6ef4f69:9:fdd532cb2bf819a4ac986d879e17fb2a:9:dc696c063f339e0b37f8ad038440ad00:9:e2c6a6d1941fc2e01d41b1d9848894a1:9:3336aa01d7a18527f627cf3a86d5d03c:9:23f75e170e665544ed5877832f0f82f0:9:b2578eb066447df75eaddfbe69230296:9:f3333d5b4b54a5408b0e733d36db7451:9:b7897eb5... [truncated in log] as 9aa04e5c8383a863279f20c1feea129e
2025-07-31 16:26:29.259 [main] DEBUG liquibase.util - Computed checksum for createTable:[
    columns=[
        [
            [
                nullable="false"
                primaryKey="true"
            ]
            autoIncrement="true"
            name="id"
            type="BIGINT"
        ],
        [
            [
                nullable="false"
                unique="true"
            ]
            name="name"
            type="VARCHAR(255)"
        ]
    ]
    tableName="roles"
] as 9d3031c884ba07cdb66eb5a753652c5b
2025-07-31 16:26:29.260 [main] DEBUG liquibase.util - Computed checksum for 9:9d3031c884ba07cdb66eb5a753652c5b: as 89e14b3e9bbfb3a0437b63b3f48a4578
2025-07-31 16:26:29.260 [main] INFO  liquibase.ui - Running Changeset: db.changelog/changes/01-create-roles-table.yaml::01-create-roles-table::bohdan-s
2025-07-31 16:26:29.263 [main] DEBUG liquibase.changelog - Running Changeset: db.changelog/changes/01-create-roles-table.yaml::01-create-roles-table::bohdan-s
2025-07-31 16:26:29.264 [main] DEBUG liquibase.executor - Changeset db.changelog/changes/01-create-roles-table.yaml::01-create-roles-table::bohdan-s
2025-07-31 16:26:29.264 [main] DEBUG liquibase.changelog - Reading ChangeSet: db.changelog/changes/01-create-roles-table.yaml::01-create-roles-table::bohdan-s
2025-07-31 16:26:29.268 [main] DEBUG liquibase.executor - Executing Statement: liquibase.statement.core.CreateTableStatement@28058dd0
2025-07-31 16:26:29.269 [main] DEBUG liquibase.executor - CREATE TABLE PUBLIC.roles (id BIGINT GENERATED BY DEFAULT AS IDENTITY NOT NULL, name VARCHAR(255) NOT NULL, CONSTRAINT PK_ROLES PRIMARY KEY (id), UNIQUE (name))
2025-07-31 16:26:29.283 [main] DEBUG liquibase.executor - 0 row(s) affected
2025-07-31 16:26:29.284 [main] INFO  liquibase.changelog - Table roles created
2025-07-31 16:26:29.285 [main] INFO  liquibase.changelog - ChangeSet db.changelog/changes/01-create-roles-table.yaml::01-create-roles-table::bohdan-s ran successfully in 21ms
2025-07-31 16:26:29.292 [main] DEBUG liquibase.executor - Changelog query completed.
2025-07-31 16:26:29.292 [main] DEBUG liquibase.executor - INSERT INTO PUBLIC.DATABASECHANGELOG (ID, AUTHOR, FILENAME, DATEEXECUTED, ORDEREXECUTED, MD5SUM, DESCRIPTION, COMMENTS, EXECTYPE, CONTEXTS, LABELS, LIQUIBASE, DEPLOYMENT_ID) VALUES ('01-create-roles-table', 'bohdan-s', 'db.changelog/changes/01-create-roles-table.yaml', NOW(), 1, '9:89e14b3e9bbfb3a0437b63b3f48a4578', 'createTable tableName=roles', '', 'EXECUTED', NULL, NULL, '4.29.2', '3979188987')
2025-07-31 16:26:29.293 [main] DEBUG liquibase.executor - 1 row(s) affected
2025-07-31 16:26:29.294 [main] DEBUG liquibase.executor - Changelog query completed.
2025-07-31 16:26:29.295 [main] DEBUG liquibase.util - Computed checksum for createTable:[
    columns=[
        [
            [
                nullable="false"
                primaryKey="true"
            ]
            autoIncrement="true"
            name="id"
            type="BIGINT"
        ],
        [
            [
                nullable="false"
                unique="true"
            ]
            name="email"
            type="VARCHAR(255)"
        ],
        [
            [
                nullable="false"
            ]
            name="password"
       ... [truncated in log] as e6e6267c421d7f7057947de393dfa0d7
2025-07-31 16:26:29.296 [main] DEBUG liquibase.util - Computed checksum for 9:e6e6267c421d7f7057947de393dfa0d7: as d9c05a03a1542ac1c442a313831be33d
2025-07-31 16:26:29.296 [main] INFO  liquibase.ui - Running Changeset: db.changelog/changes/02-create-user_credentials-table.yaml::02-create-user_credentials-table::bohdan-s
2025-07-31 16:26:29.296 [main] DEBUG liquibase.changelog - Running Changeset: db.changelog/changes/02-create-user_credentials-table.yaml::02-create-user_credentials-table::bohdan-s
2025-07-31 16:26:29.296 [main] DEBUG liquibase.executor - Changeset db.changelog/changes/02-create-user_credentials-table.yaml::02-create-user_credentials-table::bohdan-s
2025-07-31 16:26:29.297 [main] DEBUG liquibase.changelog - Reading ChangeSet: db.changelog/changes/02-create-user_credentials-table.yaml::02-create-user_credentials-table::bohdan-s
2025-07-31 16:26:29.298 [main] DEBUG liquibase.executor - Executing Statement: liquibase.statement.core.CreateTableStatement@2c1c3c13
2025-07-31 16:26:29.299 [main] DEBUG liquibase.executor - CREATE TABLE PUBLIC.user_credentials (id BIGINT GENERATED BY DEFAULT AS IDENTITY NOT NULL, email VARCHAR(255) NOT NULL, password VARCHAR(255) NOT NULL, user_type VARCHAR(255) NOT NULL, is_deleted BOOLEAN DEFAULT FALSE NOT NULL, CONSTRAINT PK_USER_CREDENTIALS PRIMARY KEY (id), UNIQUE (email))
2025-07-31 16:26:29.300 [main] DEBUG liquibase.executor - 0 row(s) affected
2025-07-31 16:26:29.300 [main] INFO  liquibase.changelog - Table user_credentials created
2025-07-31 16:26:29.301 [main] INFO  liquibase.changelog - ChangeSet db.changelog/changes/02-create-user_credentials-table.yaml::02-create-user_credentials-table::bohdan-s ran successfully in 5ms
2025-07-31 16:26:29.302 [main] DEBUG liquibase.executor - INSERT INTO PUBLIC.DATABASECHANGELOG (ID, AUTHOR, FILENAME, DATEEXECUTED, ORDEREXECUTED, MD5SUM, DESCRIPTION, COMMENTS, EXECTYPE, CONTEXTS, LABELS, LIQUIBASE, DEPLOYMENT_ID) VALUES ('02-create-user_credentials-table', 'bohdan-s', 'db.changelog/changes/02-create-user_credentials-table.yaml', NOW(), 2, '9:d9c05a03a1542ac1c442a313831be33d', 'createTable tableName=user_credentials', '', 'EXECUTED', NULL, NULL, '4.29.2', '3979188987')
2025-07-31 16:26:29.302 [main] DEBUG liquibase.executor - 1 row(s) affected
2025-07-31 16:26:29.302 [main] DEBUG liquibase.executor - Changelog query completed.
2025-07-31 16:26:29.303 [main] DEBUG liquibase.util - Computed checksum for createTable:[
    columns=[
        [
            [
                nullable="false"
                primaryKey="true"
            ]
            autoIncrement="true"
            name="id"
            type="BIGINT"
        ],
        [
            [
                nullable="false"
            ]
            name="first_name"
            type="VARCHAR(255)"
        ],
        [
            [
                nullable="false"
            ]
            name="last_name"
            type="VARCHAR(255)"... [truncated in log] as 11aa7df409881a0303ed94634d3b5b4b
2025-07-31 16:26:29.304 [main] DEBUG liquibase.util - Computed checksum for 9:11aa7df409881a0303ed94634d3b5b4b: as bf5b431ae5ea105162190121e6a192ae
2025-07-31 16:26:29.304 [main] INFO  liquibase.ui - Running Changeset: db.changelog/changes/03-create-admins-table.yaml::03-create-admins-table::bohdan-s
2025-07-31 16:26:29.304 [main] DEBUG liquibase.changelog - Running Changeset: db.changelog/changes/03-create-admins-table.yaml::03-create-admins-table::bohdan-s
2025-07-31 16:26:29.304 [main] DEBUG liquibase.executor - Changeset db.changelog/changes/03-create-admins-table.yaml::03-create-admins-table::bohdan-s
2025-07-31 16:26:29.305 [main] DEBUG liquibase.changelog - Reading ChangeSet: db.changelog/changes/03-create-admins-table.yaml::03-create-admins-table::bohdan-s
2025-07-31 16:26:29.306 [main] DEBUG liquibase.executor - Executing Statement: liquibase.statement.core.CreateTableStatement@435d74ba
2025-07-31 16:26:29.306 [main] DEBUG liquibase.executor - CREATE TABLE PUBLIC.admins (id BIGINT GENERATED BY DEFAULT AS IDENTITY NOT NULL, first_name VARCHAR(255) NOT NULL, last_name VARCHAR(255) NOT NULL, gender CHAR(10), date_of_birth date, profile_image_url VARCHAR(255), user_credentials_id BIGINT NOT NULL, is_deleted BOOLEAN DEFAULT FALSE NOT NULL, CONSTRAINT PK_ADMINS PRIMARY KEY (id), CONSTRAINT fk_admin_user_credentials FOREIGN KEY (user_credentials_id) REFERENCES PUBLIC.user_credentials(id))
2025-07-31 16:26:29.318 [main] DEBUG liquibase.executor - 0 row(s) affected
2025-07-31 16:26:29.318 [main] INFO  liquibase.changelog - Table admins created
2025-07-31 16:26:29.319 [main] INFO  liquibase.changelog - ChangeSet db.changelog/changes/03-create-admins-table.yaml::03-create-admins-table::bohdan-s ran successfully in 15ms
2025-07-31 16:26:29.319 [main] DEBUG liquibase.executor - INSERT INTO PUBLIC.DATABASECHANGELOG (ID, AUTHOR, FILENAME, DATEEXECUTED, ORDEREXECUTED, MD5SUM, DESCRIPTION, COMMENTS, EXECTYPE, CONTEXTS, LABELS, LIQUIBASE, DEPLOYMENT_ID) VALUES ('03-create-admins-table', 'bohdan-s', 'db.changelog/changes/03-create-admins-table.yaml', NOW(), 3, '9:bf5b431ae5ea105162190121e6a192ae', 'createTable tableName=admins', '', 'EXECUTED', NULL, NULL, '4.29.2', '3979188987')
2025-07-31 16:26:29.320 [main] DEBUG liquibase.executor - 1 row(s) affected
2025-07-31 16:26:29.320 [main] DEBUG liquibase.executor - Changelog query completed.
2025-07-31 16:26:29.321 [main] DEBUG liquibase.util - Computed checksum for createTable:[
    columns=[
        [
            [
                nullable="false"
                primaryKey="true"
            ]
            autoIncrement="true"
            name="id"
            type="BIGINT"
        ],
        [
            [
                nullable="false"
            ]
            name="first_name"
            type="VARCHAR(255)"
        ],
        [
            [
                nullable="false"
            ]
            name="last_name"
            type="VARCHAR(255)"... [truncated in log] as 8b097651a9c8cdf0f7a378596dce0beb
2025-07-31 16:26:29.322 [main] DEBUG liquibase.util - Computed checksum for 9:8b097651a9c8cdf0f7a378596dce0beb: as 8c67f3d6bbf20ddfdcef1b34f5f205d6
2025-07-31 16:26:29.322 [main] INFO  liquibase.ui - Running Changeset: db.changelog/changes/04-create-athletes-table.yaml::04-create-athletes-table::bohdan-s
2025-07-31 16:26:29.322 [main] DEBUG liquibase.changelog - Running Changeset: db.changelog/changes/04-create-athletes-table.yaml::04-create-athletes-table::bohdan-s
2025-07-31 16:26:29.323 [main] DEBUG liquibase.executor - Changeset db.changelog/changes/04-create-athletes-table.yaml::04-create-athletes-table::bohdan-s
2025-07-31 16:26:29.323 [main] DEBUG liquibase.changelog - Reading ChangeSet: db.changelog/changes/04-create-athletes-table.yaml::04-create-athletes-table::bohdan-s
2025-07-31 16:26:29.324 [main] DEBUG liquibase.executor - Executing Statement: liquibase.statement.core.CreateTableStatement@380ea757
2025-07-31 16:26:29.325 [main] DEBUG liquibase.executor - CREATE TABLE PUBLIC.athletes (id BIGINT GENERATED BY DEFAULT AS IDENTITY NOT NULL, first_name VARCHAR(255) NOT NULL, last_name VARCHAR(255) NOT NULL, gender CHAR(10), date_of_birth date, profile_image_url VARCHAR(255), user_credentials_id BIGINT NOT NULL, email_permission BOOLEAN NOT NULL, phone_permission BOOLEAN NOT NULL, is_deleted BOOLEAN DEFAULT FALSE NOT NULL, CONSTRAINT PK_ATHLETES PRIMARY KEY (id), CONSTRAINT fk_athlete_user_credentials FOREIGN KEY (user_credentials_id) REFERENCES PUBLIC.user_credentials(id))
2025-07-31 16:26:29.327 [main] DEBUG liquibase.executor - 0 row(s) affected
2025-07-31 16:26:29.328 [main] INFO  liquibase.changelog - Table athletes created
2025-07-31 16:26:29.328 [main] INFO  liquibase.changelog - ChangeSet db.changelog/changes/04-create-athletes-table.yaml::04-create-athletes-table::bohdan-s ran successfully in 5ms
2025-07-31 16:26:29.329 [main] DEBUG liquibase.executor - INSERT INTO PUBLIC.DATABASECHANGELOG (ID, AUTHOR, FILENAME, DATEEXECUTED, ORDEREXECUTED, MD5SUM, DESCRIPTION, COMMENTS, EXECTYPE, CONTEXTS, LABELS, LIQUIBASE, DEPLOYMENT_ID) VALUES ('04-create-athletes-table', 'bohdan-s', 'db.changelog/changes/04-create-athletes-table.yaml', NOW(), 4, '9:8c67f3d6bbf20ddfdcef1b34f5f205d6', 'createTable tableName=athletes', '', 'EXECUTED', NULL, NULL, '4.29.2', '3979188987')
2025-07-31 16:26:29.330 [main] DEBUG liquibase.executor - 1 row(s) affected
2025-07-31 16:26:29.330 [main] DEBUG liquibase.executor - Changelog query completed.
2025-07-31 16:26:29.331 [main] DEBUG liquibase.util - Computed checksum for createTable:[
    columns=[
        [
            [
                foreignKeyName="fk_athlete_phone_athlete"
                nullable="false"
                references="athletes(id)"
            ]
            name="athlete_id"
            type="BIGINT"
        ],
        [
            [
                nullable="false"
            ]
            name="phone_numbers"
            type="VARCHAR(255)"
        ]
    ]
    tableName="athlete_phone_numbers"
] as abdf8138a79cc6a2381bf5f3cdac3c83
2025-07-31 16:26:29.331 [main] DEBUG liquibase.util - Computed checksum for 9:abdf8138a79cc6a2381bf5f3cdac3c83: as 7c5a81e170adc177f9641b66d3e444fc
2025-07-31 16:26:29.332 [main] INFO  liquibase.ui - Running Changeset: db.changelog/changes/05-create-athlete_phone_numbers-table.yaml::05-create-athlete_phone_numbers-table::bohdan-s
2025-07-31 16:26:29.332 [main] DEBUG liquibase.changelog - Running Changeset: db.changelog/changes/05-create-athlete_phone_numbers-table.yaml::05-create-athlete_phone_numbers-table::bohdan-s
2025-07-31 16:26:29.332 [main] DEBUG liquibase.executor - Changeset db.changelog/changes/05-create-athlete_phone_numbers-table.yaml::05-create-athlete_phone_numbers-table::bohdan-s
2025-07-31 16:26:29.333 [main] DEBUG liquibase.changelog - Reading ChangeSet: db.changelog/changes/05-create-athlete_phone_numbers-table.yaml::05-create-athlete_phone_numbers-table::bohdan-s
2025-07-31 16:26:29.338 [main] DEBUG liquibase.executor - Executing Statement: liquibase.statement.core.CreateTableStatement@594ea722
2025-07-31 16:26:29.338 [main] DEBUG liquibase.executor - CREATE TABLE PUBLIC.athlete_phone_numbers (athlete_id BIGINT NOT NULL, phone_numbers VARCHAR(255) NOT NULL, CONSTRAINT fk_athlete_phone_athlete FOREIGN KEY (athlete_id) REFERENCES PUBLIC.athletes(id))
2025-07-31 16:26:29.340 [main] DEBUG liquibase.executor - 0 row(s) affected
2025-07-31 16:26:29.341 [main] INFO  liquibase.changelog - Table athlete_phone_numbers created
2025-07-31 16:26:29.341 [main] INFO  liquibase.changelog - ChangeSet db.changelog/changes/05-create-athlete_phone_numbers-table.yaml::05-create-athlete_phone_numbers-table::bohdan-s ran successfully in 9ms
2025-07-31 16:26:29.342 [main] DEBUG liquibase.executor - INSERT INTO PUBLIC.DATABASECHANGELOG (ID, AUTHOR, FILENAME, DATEEXECUTED, ORDEREXECUTED, MD5SUM, DESCRIPTION, COMMENTS, EXECTYPE, CONTEXTS, LABELS, LIQUIBASE, DEPLOYMENT_ID) VALUES ('05-create-athlete_phone_numbers-table', 'bohdan-s', 'db.changelog/changes/05-create-athlete_phone_numbers-table.yaml', NOW(), 5, '9:7c5a81e170adc177f9641b66d3e444fc', 'createTable tableName=athlete_phone_numbers', '', 'EXECUTED', NULL, NULL, '4.29.2', '3979188987')
2025-07-31 16:26:29.343 [main] DEBUG liquibase.executor - 1 row(s) affected
2025-07-31 16:26:29.343 [main] DEBUG liquibase.executor - Changelog query completed.
2025-07-31 16:26:29.344 [main] DEBUG liquibase.util - Computed checksum for createTable:[
    columns=[
        [
            [
                nullable="false"
                primaryKey="true"
            ]
            autoIncrement="true"
            name="id"
            type="BIGINT"
        ],
        [
            [
                nullable="false"
                unique="true"
            ]
            name="sport_name"
            type="VARCHAR(50)"
        ],
        [
            [
                nullable="false"
            ]
            defaultValueBoolean... [truncated in log] as 1608e865bd2466447eb59d76d318f220
2025-07-31 16:26:29.344 [main] DEBUG liquibase.util - Computed checksum for createIndex:[
    columns=[
        [
            name="sport_name"
        ]
    ]
    indexName="idx_sports_sport_name"
    tableName="sports"
] as 1f92050c9422db9be5d1e3dff20ba241
2025-07-31 16:26:29.344 [main] DEBUG liquibase.util - Computed checksum for 9:1608e865bd2466447eb59d76d318f220:9:1f92050c9422db9be5d1e3dff20ba241: as a5006f73ee34e2827b447ac47f9d4d61
2025-07-31 16:26:29.345 [main] INFO  liquibase.ui - Running Changeset: db.changelog/changes/06-create-sports-table.yaml::06-create-sports-table::bohdan-s
2025-07-31 16:26:29.345 [main] DEBUG liquibase.changelog - Running Changeset: db.changelog/changes/06-create-sports-table.yaml::06-create-sports-table::bohdan-s
2025-07-31 16:26:29.345 [main] DEBUG liquibase.executor - Changeset db.changelog/changes/06-create-sports-table.yaml::06-create-sports-table::bohdan-s
2025-07-31 16:26:29.346 [main] DEBUG liquibase.changelog - Reading ChangeSet: db.changelog/changes/06-create-sports-table.yaml::06-create-sports-table::bohdan-s
2025-07-31 16:26:29.346 [main] DEBUG liquibase.executor - Executing Statement: liquibase.statement.core.CreateTableStatement@1d8cfad5
2025-07-31 16:26:29.347 [main] DEBUG liquibase.executor - CREATE TABLE PUBLIC.sports (id BIGINT GENERATED BY DEFAULT AS IDENTITY NOT NULL, sport_name VARCHAR(50) NOT NULL, is_deleted BOOLEAN DEFAULT FALSE NOT NULL, CONSTRAINT PK_SPORTS PRIMARY KEY (id), UNIQUE (sport_name))
2025-07-31 16:26:29.348 [main] DEBUG liquibase.executor - 0 row(s) affected
2025-07-31 16:26:29.348 [main] INFO  liquibase.changelog - Table sports created
2025-07-31 16:26:29.349 [main] DEBUG liquibase.executor - Executing Statement: liquibase.statement.core.CreateIndexStatement@65fc2639
2025-07-31 16:26:29.350 [main] DEBUG liquibase.executor - CREATE INDEX PUBLIC.idx_sports_sport_name ON PUBLIC.sports(sport_name)
2025-07-31 16:26:29.350 [main] DEBUG liquibase.executor - 0 row(s) affected
2025-07-31 16:26:29.351 [main] INFO  liquibase.changelog - Index idx_sports_sport_name created
2025-07-31 16:26:29.351 [main] INFO  liquibase.changelog - ChangeSet db.changelog/changes/06-create-sports-table.yaml::06-create-sports-table::bohdan-s ran successfully in 6ms
2025-07-31 16:26:29.352 [main] DEBUG liquibase.executor - INSERT INTO PUBLIC.DATABASECHANGELOG (ID, AUTHOR, FILENAME, DATEEXECUTED, ORDEREXECUTED, MD5SUM, DESCRIPTION, COMMENTS, EXECTYPE, CONTEXTS, LABELS, LIQUIBASE, DEPLOYMENT_ID) VALUES ('06-create-sports-table', 'bohdan-s', 'db.changelog/changes/06-create-sports-table.yaml', NOW(), 6, '9:a5006f73ee34e2827b447ac47f9d4d61', 'createTable tableName=sports; createIndex indexName=idx_sports_sport_name, tableName=sports', '', 'EXECUTED', NULL, NULL, '4.29.2', '3979188987')
2025-07-31 16:26:29.353 [main] DEBUG liquibase.executor - 1 row(s) affected
2025-07-31 16:26:29.353 [main] DEBUG liquibase.executor - Changelog query completed.
2025-07-31 16:26:29.354 [main] DEBUG liquibase.util - Computed checksum for createTable:[
    columns=[
        [
            [
                foreignKeyName="fk_sport_athlete_sport"
                nullable="false"
                references="sports(id)"
            ]
            name="sport_id"
            type="BIGINT"
        ],
        [
            [
                foreignKeyName="fk_sport_athlete_athlete"
                nullable="false"
                references="athletes(id)"
            ]
            name="athlete_id"
            type="BIGINT"
        ]
   ... [truncated in log] as 7f397610fd81e1bbf81ab6acc0ade43a
2025-07-31 16:26:29.362 [main] DEBUG liquibase.util - Computed checksum for addPrimaryKey:[
    columnNames="sport_id,athlete_id"
    tableName="sports_athletes"
] as cd94b1e37aed1eb9d1f20621074afed0
2025-07-31 16:26:29.362 [main] DEBUG liquibase.util - Computed checksum for 9:7f397610fd81e1bbf81ab6acc0ade43a:9:cd94b1e37aed1eb9d1f20621074afed0: as 5a806aa133a19e017ef2586b92106951
2025-07-31 16:26:29.362 [main] INFO  liquibase.ui - Running Changeset: db.changelog/changes/07-create-sports_athletes-table.yaml::07-create-sports_athletes-table::bohdan-s
2025-07-31 16:26:29.363 [main] DEBUG liquibase.changelog - Running Changeset: db.changelog/changes/07-create-sports_athletes-table.yaml::07-create-sports_athletes-table::bohdan-s
2025-07-31 16:26:29.363 [main] DEBUG liquibase.executor - Changeset db.changelog/changes/07-create-sports_athletes-table.yaml::07-create-sports_athletes-table::bohdan-s
2025-07-31 16:26:29.363 [main] DEBUG liquibase.changelog - Reading ChangeSet: db.changelog/changes/07-create-sports_athletes-table.yaml::07-create-sports_athletes-table::bohdan-s
2025-07-31 16:26:29.364 [main] DEBUG liquibase.executor - Executing Statement: liquibase.statement.core.CreateTableStatement@188f626a
2025-07-31 16:26:29.365 [main] DEBUG liquibase.executor - CREATE TABLE PUBLIC.sports_athletes (sport_id BIGINT NOT NULL, athlete_id BIGINT NOT NULL, CONSTRAINT fk_sport_athlete_sport FOREIGN KEY (sport_id) REFERENCES PUBLIC.sports(id), CONSTRAINT fk_sport_athlete_athlete FOREIGN KEY (athlete_id) REFERENCES PUBLIC.athletes(id))
2025-07-31 16:26:29.371 [main] DEBUG liquibase.executor - 0 row(s) affected
2025-07-31 16:26:29.371 [main] INFO  liquibase.changelog - Table sports_athletes created
2025-07-31 16:26:29.372 [main] DEBUG liquibase.executor - Executing Statement: liquibase.statement.core.AddPrimaryKeyStatement@2d0f850
2025-07-31 16:26:29.373 [main] DEBUG liquibase.executor - ALTER TABLE PUBLIC.sports_athletes ADD PRIMARY KEY (sport_id, athlete_id)
2025-07-31 16:26:29.374 [main] DEBUG liquibase.executor - 0 row(s) affected
2025-07-31 16:26:29.374 [main] INFO  liquibase.changelog - Primary key added to sports_athletes (sport_id,athlete_id)
2025-07-31 16:26:29.375 [main] INFO  liquibase.changelog - ChangeSet db.changelog/changes/07-create-sports_athletes-table.yaml::07-create-sports_athletes-table::bohdan-s ran successfully in 12ms
2025-07-31 16:26:29.375 [main] DEBUG liquibase.executor - INSERT INTO PUBLIC.DATABASECHANGELOG (ID, AUTHOR, FILENAME, DATEEXECUTED, ORDEREXECUTED, MD5SUM, DESCRIPTION, COMMENTS, EXECTYPE, CONTEXTS, LABELS, LIQUIBASE, DEPLOYMENT_ID) VALUES ('07-create-sports_athletes-table', 'bohdan-s', 'db.changelog/changes/07-create-sports_athletes-table.yaml', NOW(), 7, '9:5a806aa133a19e017ef2586b92106951', 'createTable tableName=sports_athletes; addPrimaryKey tableName=sports_athletes', '', 'EXECUTED', NULL, NULL, '4.29.2', '3979188987')
2025-07-31 16:26:29.376 [main] DEBUG liquibase.executor - 1 row(s) affected
2025-07-31 16:26:29.376 [main] DEBUG liquibase.executor - Changelog query completed.
2025-07-31 16:26:29.377 [main] DEBUG liquibase.util - Computed checksum for createTable:[
    columns=[
        [
            [
                nullable="false"
                primaryKey="true"
            ]
            autoIncrement="true"
            name="id"
            type="BIGINT"
        ],
        [
            [
                nullable="false"
            ]
            name="first_name"
            type="VARCHAR(255)"
        ],
        [
            [
                nullable="false"
            ]
            name="last_name"
            type="VARCHAR(255)"... [truncated in log] as 504cacbf644e11be681724cbde7f58c1
2025-07-31 16:26:29.377 [main] DEBUG liquibase.util - Computed checksum for 9:504cacbf644e11be681724cbde7f58c1: as 96d86ff05cf002df7d914b3243cb68bb
2025-07-31 16:26:29.378 [main] INFO  liquibase.ui - Running Changeset: db.changelog/changes/08-create-gym_owners-table.yaml::08-create-gym_owners-table::bohdan-s
2025-07-31 16:26:29.378 [main] DEBUG liquibase.changelog - Running Changeset: db.changelog/changes/08-create-gym_owners-table.yaml::08-create-gym_owners-table::bohdan-s
2025-07-31 16:26:29.378 [main] DEBUG liquibase.executor - Changeset db.changelog/changes/08-create-gym_owners-table.yaml::08-create-gym_owners-table::bohdan-s
2025-07-31 16:26:29.378 [main] DEBUG liquibase.changelog - Reading ChangeSet: db.changelog/changes/08-create-gym_owners-table.yaml::08-create-gym_owners-table::bohdan-s
2025-07-31 16:26:29.379 [main] DEBUG liquibase.executor - Executing Statement: liquibase.statement.core.CreateTableStatement@54832ad9
2025-07-31 16:26:29.380 [main] DEBUG liquibase.executor - CREATE TABLE PUBLIC.gym_owners (id BIGINT GENERATED BY DEFAULT AS IDENTITY NOT NULL, first_name VARCHAR(255) NOT NULL, last_name VARCHAR(255) NOT NULL, gender CHAR(10), date_of_birth date, profile_image_url VARCHAR(255), user_credentials_id BIGINT NOT NULL, is_deleted BOOLEAN DEFAULT FALSE NOT NULL, CONSTRAINT PK_GYM_OWNERS PRIMARY KEY (id), CONSTRAINT fk_gym_owner_user_credentials FOREIGN KEY (user_credentials_id) REFERENCES PUBLIC.user_credentials(id))
2025-07-31 16:26:29.382 [main] DEBUG liquibase.executor - 0 row(s) affected
2025-07-31 16:26:29.382 [main] INFO  liquibase.changelog - Table gym_owners created
2025-07-31 16:26:29.382 [main] INFO  liquibase.changelog - ChangeSet db.changelog/changes/08-create-gym_owners-table.yaml::08-create-gym_owners-table::bohdan-s ran successfully in 4ms
2025-07-31 16:26:29.383 [main] DEBUG liquibase.executor - INSERT INTO PUBLIC.DATABASECHANGELOG (ID, AUTHOR, FILENAME, DATEEXECUTED, ORDEREXECUTED, MD5SUM, DESCRIPTION, COMMENTS, EXECTYPE, CONTEXTS, LABELS, LIQUIBASE, DEPLOYMENT_ID) VALUES ('08-create-gym_owners-table', 'bohdan-s', 'db.changelog/changes/08-create-gym_owners-table.yaml', NOW(), 8, '9:96d86ff05cf002df7d914b3243cb68bb', 'createTable tableName=gym_owners', '', 'EXECUTED', NULL, NULL, '4.29.2', '3979188987')
2025-07-31 16:26:29.384 [main] DEBUG liquibase.executor - 1 row(s) affected
2025-07-31 16:26:29.384 [main] DEBUG liquibase.executor - Changelog query completed.
2025-07-31 16:26:29.385 [main] DEBUG liquibase.util - Computed checksum for createTable:[
    columns=[
        [
            [
                foreignKeyName="fk_gym_owner_phone_gym_owner"
                nullable="false"
                references="gym_owners(id)"
            ]
            name="gym_owner_id"
            type="BIGINT"
        ],
        [
            [
                nullable="false"
            ]
            name="phone_numbers"
            type="VARCHAR(255)"
        ]
    ]
    tableName="gym_owner_phone_numbers"
] as 4570637f5f9cf9fa2bbf87a3563c007b
2025-07-31 16:26:29.385 [main] DEBUG liquibase.util - Computed checksum for 9:4570637f5f9cf9fa2bbf87a3563c007b: as 1a0b5c834dee77ed2f8fd414839749fa
2025-07-31 16:26:29.386 [main] INFO  liquibase.ui - Running Changeset: db.changelog/changes/09-create-gym_owner_phone_numbers-table.yaml::09-create-gym_owner_phone_numbers-table::bohdan-s
2025-07-31 16:26:29.386 [main] DEBUG liquibase.changelog - Running Changeset: db.changelog/changes/09-create-gym_owner_phone_numbers-table.yaml::09-create-gym_owner_phone_numbers-table::bohdan-s
2025-07-31 16:26:29.386 [main] DEBUG liquibase.executor - Changeset db.changelog/changes/09-create-gym_owner_phone_numbers-table.yaml::09-create-gym_owner_phone_numbers-table::bohdan-s
2025-07-31 16:26:29.387 [main] DEBUG liquibase.changelog - Reading ChangeSet: db.changelog/changes/09-create-gym_owner_phone_numbers-table.yaml::09-create-gym_owner_phone_numbers-table::bohdan-s
2025-07-31 16:26:29.387 [main] DEBUG liquibase.executor - Executing Statement: liquibase.statement.core.CreateTableStatement@5b4433dc
2025-07-31 16:26:29.388 [main] DEBUG liquibase.executor - CREATE TABLE PUBLIC.gym_owner_phone_numbers (gym_owner_id BIGINT NOT NULL, phone_numbers VARCHAR(255) NOT NULL, CONSTRAINT fk_gym_owner_phone_gym_owner FOREIGN KEY (gym_owner_id) REFERENCES PUBLIC.gym_owners(id))
2025-07-31 16:26:29.389 [main] DEBUG liquibase.executor - 0 row(s) affected
2025-07-31 16:26:29.390 [main] INFO  liquibase.changelog - Table gym_owner_phone_numbers created
2025-07-31 16:26:29.390 [main] INFO  liquibase.changelog - ChangeSet db.changelog/changes/09-create-gym_owner_phone_numbers-table.yaml::09-create-gym_owner_phone_numbers-table::bohdan-s ran successfully in 4ms
2025-07-31 16:26:29.391 [main] DEBUG liquibase.executor - INSERT INTO PUBLIC.DATABASECHANGELOG (ID, AUTHOR, FILENAME, DATEEXECUTED, ORDEREXECUTED, MD5SUM, DESCRIPTION, COMMENTS, EXECTYPE, CONTEXTS, LABELS, LIQUIBASE, DEPLOYMENT_ID) VALUES ('09-create-gym_owner_phone_numbers-table', 'bohdan-s', 'db.changelog/changes/09-create-gym_owner_phone_numbers-table.yaml', NOW(), 9, '9:1a0b5c834dee77ed2f8fd414839749fa', 'createTable tableName=gym_owner_phone_numbers', '', 'EXECUTED', NULL, NULL, '4.29.2', '3979188987')
2025-07-31 16:26:29.392 [main] DEBUG liquibase.executor - 1 row(s) affected
2025-07-31 16:26:29.392 [main] DEBUG liquibase.executor - Changelog query completed.
2025-07-31 16:26:29.393 [main] DEBUG liquibase.util - Computed checksum for createTable:[
    columns=[
        [
            [
                nullable="false"
                primaryKey="true"
            ]
            autoIncrement="true"
            name="id"
            type="BIGINT"
        ],
        [
            [
                nullable="false"
            ]
            name="country"
            type="VARCHAR(255)"
        ],
        [
            [
                nullable="false"
            ]
            name="city"
            type="VARCHAR(255)"
       ... [truncated in log] as 7cf4e963ec67998402fad50606724127
2025-07-31 16:26:29.393 [main] DEBUG liquibase.util - Computed checksum for 9:7cf4e963ec67998402fad50606724127: as bb5305c7af5222e50eb36927cb33f7e1
2025-07-31 16:26:29.393 [main] INFO  liquibase.ui - Running Changeset: db.changelog/changes/10-create-addresses-table.yaml::10-create-addresses-table::bohdan-s
2025-07-31 16:26:29.393 [main] DEBUG liquibase.changelog - Running Changeset: db.changelog/changes/10-create-addresses-table.yaml::10-create-addresses-table::bohdan-s
2025-07-31 16:26:29.394 [main] DEBUG liquibase.executor - Changeset db.changelog/changes/10-create-addresses-table.yaml::10-create-addresses-table::bohdan-s
2025-07-31 16:26:29.394 [main] DEBUG liquibase.changelog - Reading ChangeSet: db.changelog/changes/10-create-addresses-table.yaml::10-create-addresses-table::bohdan-s
2025-07-31 16:26:29.395 [main] DEBUG liquibase.executor - Executing Statement: liquibase.statement.core.CreateTableStatement@6b29771f
2025-07-31 16:26:29.395 [main] DEBUG liquibase.executor - CREATE TABLE PUBLIC.addresses (id BIGINT GENERATED BY DEFAULT AS IDENTITY NOT NULL, country VARCHAR(255) NOT NULL, city VARCHAR(255) NOT NULL, city_district VARCHAR(255), street VARCHAR(255) NOT NULL, house VARCHAR(255) NOT NULL, is_deleted BOOLEAN DEFAULT FALSE NOT NULL, CONSTRAINT PK_ADDRESSES PRIMARY KEY (id))
2025-07-31 16:26:29.396 [main] DEBUG liquibase.executor - 0 row(s) affected
2025-07-31 16:26:29.397 [main] INFO  liquibase.changelog - Table addresses created
2025-07-31 16:26:29.397 [main] INFO  liquibase.changelog - ChangeSet db.changelog/changes/10-create-addresses-table.yaml::10-create-addresses-table::bohdan-s ran successfully in 3ms
2025-07-31 16:26:29.398 [main] DEBUG liquibase.executor - INSERT INTO PUBLIC.DATABASECHANGELOG (ID, AUTHOR, FILENAME, DATEEXECUTED, ORDEREXECUTED, MD5SUM, DESCRIPTION, COMMENTS, EXECTYPE, CONTEXTS, LABELS, LIQUIBASE, DEPLOYMENT_ID) VALUES ('10-create-addresses-table', 'bohdan-s', 'db.changelog/changes/10-create-addresses-table.yaml', NOW(), 10, '9:bb5305c7af5222e50eb36927cb33f7e1', 'createTable tableName=addresses', '', 'EXECUTED', NULL, NULL, '4.29.2', '3979188987')
2025-07-31 16:26:29.398 [main] DEBUG liquibase.executor - 1 row(s) affected
2025-07-31 16:26:29.399 [main] DEBUG liquibase.executor - Changelog query completed.
2025-07-31 16:26:29.399 [main] DEBUG liquibase.util - Computed checksum for createTable:[
    columns=[
        [
            [
                nullable="false"
                primaryKey="true"
            ]
            autoIncrement="true"
            name="id"
            type="BIGINT"
        ],
        [
            [
                nullable="false"
            ]
            name="name"
            type="VARCHAR(255)"
        ],
        [
            [
                foreignKeyName="fk_gym_address"
                nullable="false"
                references="addr... [truncated in log] as 05eb5b281eb32b3b0fe81c394f77401a
2025-07-31 16:26:29.400 [main] DEBUG liquibase.util - Computed checksum for 9:05eb5b281eb32b3b0fe81c394f77401a: as dfc9245ca879b7b91ed15c2a33ec295b
2025-07-31 16:26:29.400 [main] INFO  liquibase.ui - Running Changeset: db.changelog/changes/11-create-gyms-table.yaml::11-create-gyms-table::bohdan-s
2025-07-31 16:26:29.400 [main] DEBUG liquibase.changelog - Running Changeset: db.changelog/changes/11-create-gyms-table.yaml::11-create-gyms-table::bohdan-s
2025-07-31 16:26:29.400 [main] DEBUG liquibase.executor - Changeset db.changelog/changes/11-create-gyms-table.yaml::11-create-gyms-table::bohdan-s
2025-07-31 16:26:29.401 [main] DEBUG liquibase.changelog - Reading ChangeSet: db.changelog/changes/11-create-gyms-table.yaml::11-create-gyms-table::bohdan-s
2025-07-31 16:26:29.402 [main] DEBUG liquibase.executor - Executing Statement: liquibase.statement.core.CreateTableStatement@20bd4fd2
2025-07-31 16:26:29.402 [main] DEBUG liquibase.executor - CREATE TABLE PUBLIC.gyms (id BIGINT GENERATED BY DEFAULT AS IDENTITY NOT NULL, name VARCHAR(255) NOT NULL, address_id BIGINT NOT NULL, description VARCHAR(255), website VARCHAR(255), overall_rating FLOAT DEFAULT 0.0, number_of_reviews INT DEFAULT 0, gym_owner_id BIGINT NOT NULL, is_deleted BOOLEAN DEFAULT FALSE NOT NULL, CONSTRAINT PK_GYMS PRIMARY KEY (id), CONSTRAINT fk_gym_gym_owner FOREIGN KEY (gym_owner_id) REFERENCES PUBLIC.gym_owners(id), CONSTRAINT fk_gym_address FOREIGN KEY (address_id) REFERENCES PUBLIC.addresses(id), UNIQUE (address_id))
2025-07-31 16:26:29.406 [main] DEBUG liquibase.executor - 0 row(s) affected
2025-07-31 16:26:29.406 [main] INFO  liquibase.changelog - Table gyms created
2025-07-31 16:26:29.406 [main] INFO  liquibase.changelog - ChangeSet db.changelog/changes/11-create-gyms-table.yaml::11-create-gyms-table::bohdan-s ran successfully in 6ms
2025-07-31 16:26:29.407 [main] DEBUG liquibase.executor - INSERT INTO PUBLIC.DATABASECHANGELOG (ID, AUTHOR, FILENAME, DATEEXECUTED, ORDEREXECUTED, MD5SUM, DESCRIPTION, COMMENTS, EXECTYPE, CONTEXTS, LABELS, LIQUIBASE, DEPLOYMENT_ID) VALUES ('11-create-gyms-table', 'bohdan-s', 'db.changelog/changes/11-create-gyms-table.yaml', NOW(), 11, '9:dfc9245ca879b7b91ed15c2a33ec295b', 'createTable tableName=gyms', '', 'EXECUTED', NULL, NULL, '4.29.2', '3979188987')
2025-07-31 16:26:29.408 [main] DEBUG liquibase.executor - 1 row(s) affected
2025-07-31 16:26:29.408 [main] DEBUG liquibase.executor - Changelog query completed.
2025-07-31 16:26:29.409 [main] DEBUG liquibase.util - Computed checksum for createTable:[
    columns=[
        [
            [
                foreignKeyName="fk_gym_phone_gym"
                nullable="false"
                references="gyms(id)"
            ]
            name="gym_id"
            type="BIGINT"
        ],
        [
            [
                nullable="false"
            ]
            name="phone_numbers"
            type="VARCHAR(255)"
        ]
    ]
    tableName="gym_phone_numbers"
] as 5e8fb6be37d19064b6ca184ce8fcefa7
2025-07-31 16:26:29.409 [main] DEBUG liquibase.util - Computed checksum for 9:5e8fb6be37d19064b6ca184ce8fcefa7: as 77d9fba58149238e9069114507284237
2025-07-31 16:26:29.409 [main] INFO  liquibase.ui - Running Changeset: db.changelog/changes/12-create-gym_phone_numbers-table.yaml::12-create-gym_phone_numbers-table::bohdan-s
2025-07-31 16:26:29.409 [main] DEBUG liquibase.changelog - Running Changeset: db.changelog/changes/12-create-gym_phone_numbers-table.yaml::12-create-gym_phone_numbers-table::bohdan-s
2025-07-31 16:26:29.410 [main] DEBUG liquibase.executor - Changeset db.changelog/changes/12-create-gym_phone_numbers-table.yaml::12-create-gym_phone_numbers-table::bohdan-s
2025-07-31 16:26:29.410 [main] DEBUG liquibase.changelog - Reading ChangeSet: db.changelog/changes/12-create-gym_phone_numbers-table.yaml::12-create-gym_phone_numbers-table::bohdan-s
2025-07-31 16:26:29.411 [main] DEBUG liquibase.executor - Executing Statement: liquibase.statement.core.CreateTableStatement@21eb33d4
2025-07-31 16:26:29.411 [main] DEBUG liquibase.executor - CREATE TABLE PUBLIC.gym_phone_numbers (gym_id BIGINT NOT NULL, phone_numbers VARCHAR(255) NOT NULL, CONSTRAINT fk_gym_phone_gym FOREIGN KEY (gym_id) REFERENCES PUBLIC.gyms(id))
2025-07-31 16:26:29.412 [main] DEBUG liquibase.executor - 0 row(s) affected
2025-07-31 16:26:29.413 [main] INFO  liquibase.changelog - Table gym_phone_numbers created
2025-07-31 16:26:29.413 [main] INFO  liquibase.changelog - ChangeSet db.changelog/changes/12-create-gym_phone_numbers-table.yaml::12-create-gym_phone_numbers-table::bohdan-s ran successfully in 3ms
2025-07-31 16:26:29.414 [main] DEBUG liquibase.executor - INSERT INTO PUBLIC.DATABASECHANGELOG (ID, AUTHOR, FILENAME, DATEEXECUTED, ORDEREXECUTED, MD5SUM, DESCRIPTION, COMMENTS, EXECTYPE, CONTEXTS, LABELS, LIQUIBASE, DEPLOYMENT_ID) VALUES ('12-create-gym_phone_numbers-table', 'bohdan-s', 'db.changelog/changes/12-create-gym_phone_numbers-table.yaml', NOW(), 12, '9:77d9fba58149238e9069114507284237', 'createTable tableName=gym_phone_numbers', '', 'EXECUTED', NULL, NULL, '4.29.2', '3979188987')
2025-07-31 16:26:29.414 [main] DEBUG liquibase.executor - 1 row(s) affected
2025-07-31 16:26:29.414 [main] DEBUG liquibase.executor - Changelog query completed.
2025-07-31 16:26:29.415 [main] DEBUG liquibase.util - Computed checksum for createTable:[
    columns=[
        [
            [
                foreignKeyName="fk_gym_working_hours_gym"
                nullable="false"
                references="gyms(id)"
            ]
            name="gym_id"
            type="BIGINT"
        ],
        [
            name="day_of_week"
            type="VARCHAR(255)"
        ],
        [
            name="start_time"
            type="TIME"
        ],
        [
            name="end_time"
            type="TIME"
        ]
    ]
    t... [truncated in log] as 4e926c86630e0c1d5e7e45064d83ebcb
2025-07-31 16:26:29.415 [main] DEBUG liquibase.util - Computed checksum for 9:4e926c86630e0c1d5e7e45064d83ebcb: as 43091ebbce4249e25299b3acd520e86d
2025-07-31 16:26:29.415 [main] INFO  liquibase.ui - Running Changeset: db.changelog/changes/13-create-gym_working_hours-table.yaml::13-create-gym_working_hours-table::bohdan-s
2025-07-31 16:26:29.415 [main] DEBUG liquibase.changelog - Running Changeset: db.changelog/changes/13-create-gym_working_hours-table.yaml::13-create-gym_working_hours-table::bohdan-s
2025-07-31 16:26:29.416 [main] DEBUG liquibase.executor - Changeset db.changelog/changes/13-create-gym_working_hours-table.yaml::13-create-gym_working_hours-table::bohdan-s
2025-07-31 16:26:29.416 [main] DEBUG liquibase.changelog - Reading ChangeSet: db.changelog/changes/13-create-gym_working_hours-table.yaml::13-create-gym_working_hours-table::bohdan-s
2025-07-31 16:26:29.416 [main] DEBUG liquibase.executor - Executing Statement: liquibase.statement.core.CreateTableStatement@774f2d7f
2025-07-31 16:26:29.417 [main] DEBUG liquibase.executor - CREATE TABLE PUBLIC.gym_working_hours (gym_id BIGINT NOT NULL, day_of_week VARCHAR(255), start_time time, end_time time, CONSTRAINT fk_gym_working_hours_gym FOREIGN KEY (gym_id) REFERENCES PUBLIC.gyms(id))
2025-07-31 16:26:29.418 [main] DEBUG liquibase.executor - 0 row(s) affected
2025-07-31 16:26:29.419 [main] INFO  liquibase.changelog - Table gym_working_hours created
2025-07-31 16:26:29.419 [main] INFO  liquibase.changelog - ChangeSet db.changelog/changes/13-create-gym_working_hours-table.yaml::13-create-gym_working_hours-table::bohdan-s ran successfully in 3ms
2025-07-31 16:26:29.419 [main] DEBUG liquibase.executor - INSERT INTO PUBLIC.DATABASECHANGELOG (ID, AUTHOR, FILENAME, DATEEXECUTED, ORDEREXECUTED, MD5SUM, DESCRIPTION, COMMENTS, EXECTYPE, CONTEXTS, LABELS, LIQUIBASE, DEPLOYMENT_ID) VALUES ('13-create-gym_working_hours-table', 'bohdan-s', 'db.changelog/changes/13-create-gym_working_hours-table.yaml', NOW(), 13, '9:43091ebbce4249e25299b3acd520e86d', 'createTable tableName=gym_working_hours', '', 'EXECUTED', NULL, NULL, '4.29.2', '3979188987')
2025-07-31 16:26:29.420 [main] DEBUG liquibase.executor - 1 row(s) affected
2025-07-31 16:26:29.420 [main] DEBUG liquibase.executor - Changelog query completed.
2025-07-31 16:26:29.421 [main] DEBUG liquibase.util - Computed checksum for createTable:[
    columns=[
        [
            [
                foreignKeyName="fk_sport_gym_sport"
                nullable="false"
                references="sports(id)"
            ]
            name="sport_id"
            type="BIGINT"
        ],
        [
            [
                foreignKeyName="fk_sport_gym_gym"
                nullable="false"
                references="gyms(id)"
            ]
            name="gym_id"
            type="BIGINT"
        ]
    ]
    tableName="sp... [truncated in log] as 85b7266df37d7487c37a41a7b9e1983e
2025-07-31 16:26:29.421 [main] DEBUG liquibase.util - Computed checksum for addPrimaryKey:[
    columnNames="sport_id, gym_id"
    tableName="sports_gyms"
] as 2412d5c38dfbb98c92ef48f3937d10e7
2025-07-31 16:26:29.422 [main] DEBUG liquibase.util - Computed checksum for 9:85b7266df37d7487c37a41a7b9e1983e:9:2412d5c38dfbb98c92ef48f3937d10e7: as 8c4f59e30ebe0117496901e3e6cd85d8
2025-07-31 16:26:29.422 [main] INFO  liquibase.ui - Running Changeset: db.changelog/changes/14-create-sports_gyms-table.yaml::14-create-sports_gyms-table::bohdan-s
2025-07-31 16:26:29.422 [main] DEBUG liquibase.changelog - Running Changeset: db.changelog/changes/14-create-sports_gyms-table.yaml::14-create-sports_gyms-table::bohdan-s
2025-07-31 16:26:29.422 [main] DEBUG liquibase.executor - Changeset db.changelog/changes/14-create-sports_gyms-table.yaml::14-create-sports_gyms-table::bohdan-s
2025-07-31 16:26:29.423 [main] DEBUG liquibase.changelog - Reading ChangeSet: db.changelog/changes/14-create-sports_gyms-table.yaml::14-create-sports_gyms-table::bohdan-s
2025-07-31 16:26:29.423 [main] DEBUG liquibase.executor - Executing Statement: liquibase.statement.core.CreateTableStatement@49a6b730
2025-07-31 16:26:29.424 [main] DEBUG liquibase.executor - CREATE TABLE PUBLIC.sports_gyms (sport_id BIGINT NOT NULL, gym_id BIGINT NOT NULL, CONSTRAINT fk_sport_gym_gym FOREIGN KEY (gym_id) REFERENCES PUBLIC.gyms(id), CONSTRAINT fk_sport_gym_sport FOREIGN KEY (sport_id) REFERENCES PUBLIC.sports(id))
2025-07-31 16:26:29.427 [main] DEBUG liquibase.executor - 0 row(s) affected
2025-07-31 16:26:29.427 [main] INFO  liquibase.changelog - Table sports_gyms created
2025-07-31 16:26:29.428 [main] DEBUG liquibase.executor - Executing Statement: liquibase.statement.core.AddPrimaryKeyStatement@2d5cb059
2025-07-31 16:26:29.428 [main] DEBUG liquibase.executor - ALTER TABLE PUBLIC.sports_gyms ADD PRIMARY KEY (sport_id, gym_id)
2025-07-31 16:26:29.429 [main] DEBUG liquibase.executor - 0 row(s) affected
2025-07-31 16:26:29.429 [main] INFO  liquibase.changelog - Primary key added to sports_gyms (sport_id, gym_id)
2025-07-31 16:26:29.429 [main] INFO  liquibase.changelog - ChangeSet db.changelog/changes/14-create-sports_gyms-table.yaml::14-create-sports_gyms-table::bohdan-s ran successfully in 7ms
2025-07-31 16:26:29.430 [main] DEBUG liquibase.executor - INSERT INTO PUBLIC.DATABASECHANGELOG (ID, AUTHOR, FILENAME, DATEEXECUTED, ORDEREXECUTED, MD5SUM, DESCRIPTION, COMMENTS, EXECTYPE, CONTEXTS, LABELS, LIQUIBASE, DEPLOYMENT_ID) VALUES ('14-create-sports_gyms-table', 'bohdan-s', 'db.changelog/changes/14-create-sports_gyms-table.yaml', NOW(), 14, '9:8c4f59e30ebe0117496901e3e6cd85d8', 'createTable tableName=sports_gyms; addPrimaryKey tableName=sports_gyms', '', 'EXECUTED', NULL, NULL, '4.29.2', '3979188987')
2025-07-31 16:26:29.431 [main] DEBUG liquibase.executor - 1 row(s) affected
2025-07-31 16:26:29.431 [main] DEBUG liquibase.executor - Changelog query completed.
2025-07-31 16:26:29.432 [main] DEBUG liquibase.util - Computed checksum for createTable:[
    columns=[
        [
            [
                nullable="false"
                primaryKey="true"
            ]
            autoIncrement="true"
            name="id"
            type="BIGINT"
        ],
        [
            [
                nullable="false"
            ]
            name="image_url"
            type="VARCHAR(255)"
        ],
        [
            [
                foreignKeyName="fk_gym_photo_gym"
                nullable="false"
                reference... [truncated in log] as d8c4f5cd1a772d501ec3c15af843d61c
2025-07-31 16:26:29.433 [main] DEBUG liquibase.util - Computed checksum for 9:d8c4f5cd1a772d501ec3c15af843d61c: as 765018a82ce0768dd07260a502cb3041
2025-07-31 16:26:29.433 [main] INFO  liquibase.ui - Running Changeset: db.changelog/changes/15-create-gym_photos-table.yaml::15-create-gym_photos-table::bohdan-s
2025-07-31 16:26:29.433 [main] DEBUG liquibase.changelog - Running Changeset: db.changelog/changes/15-create-gym_photos-table.yaml::15-create-gym_photos-table::bohdan-s
2025-07-31 16:26:29.434 [main] DEBUG liquibase.executor - Changeset db.changelog/changes/15-create-gym_photos-table.yaml::15-create-gym_photos-table::bohdan-s
2025-07-31 16:26:29.434 [main] DEBUG liquibase.changelog - Reading ChangeSet: db.changelog/changes/15-create-gym_photos-table.yaml::15-create-gym_photos-table::bohdan-s
2025-07-31 16:26:29.435 [main] DEBUG liquibase.executor - Executing Statement: liquibase.statement.core.CreateTableStatement@7aadb5e8
2025-07-31 16:26:29.436 [main] DEBUG liquibase.executor - CREATE TABLE PUBLIC.gym_photos (id BIGINT GENERATED BY DEFAULT AS IDENTITY NOT NULL, image_url VARCHAR(255) NOT NULL, gym_id BIGINT NOT NULL, is_deleted BOOLEAN DEFAULT FALSE NOT NULL, CONSTRAINT PK_GYM_PHOTOS PRIMARY KEY (id), CONSTRAINT fk_gym_photo_gym FOREIGN KEY (gym_id) REFERENCES PUBLIC.gyms(id))
2025-07-31 16:26:29.438 [main] DEBUG liquibase.executor - 0 row(s) affected
2025-07-31 16:26:29.438 [main] INFO  liquibase.changelog - Table gym_photos created
2025-07-31 16:26:29.439 [main] INFO  liquibase.changelog - ChangeSet db.changelog/changes/15-create-gym_photos-table.yaml::15-create-gym_photos-table::bohdan-s ran successfully in 6ms
2025-07-31 16:26:29.439 [main] DEBUG liquibase.executor - INSERT INTO PUBLIC.DATABASECHANGELOG (ID, AUTHOR, FILENAME, DATEEXECUTED, ORDEREXECUTED, MD5SUM, DESCRIPTION, COMMENTS, EXECTYPE, CONTEXTS, LABELS, LIQUIBASE, DEPLOYMENT_ID) VALUES ('15-create-gym_photos-table', 'bohdan-s', 'db.changelog/changes/15-create-gym_photos-table.yaml', NOW(), 15, '9:765018a82ce0768dd07260a502cb3041', 'createTable tableName=gym_photos', '', 'EXECUTED', NULL, NULL, '4.29.2', '3979188987')
2025-07-31 16:26:29.440 [main] DEBUG liquibase.executor - 1 row(s) affected
2025-07-31 16:26:29.440 [main] DEBUG liquibase.executor - Changelog query completed.
2025-07-31 16:26:29.441 [main] DEBUG liquibase.util - Computed checksum for createTable:[
    columns=[
        [
            [
                nullable="false"
                primaryKey="true"
            ]
            autoIncrement="true"
            name="id"
            type="BIGINT"
        ],
        [
            [
                nullable="false"
            ]
            name="first_name"
            type="VARCHAR(255)"
        ],
        [
            [
                nullable="false"
            ]
            name="last_name"
            type="VARCHAR(255)"... [truncated in log] as b90e0343a59f97898ef8dc43865f3e9e
2025-07-31 16:26:29.441 [main] DEBUG liquibase.util - Computed checksum for 9:b90e0343a59f97898ef8dc43865f3e9e: as a77651a661afcabb4f1ff85de215c60a
2025-07-31 16:26:29.442 [main] INFO  liquibase.ui - Running Changeset: db.changelog/changes/16-create-trainers-table.yaml::16-create-trainers-table::bohdan-s
2025-07-31 16:26:29.442 [main] DEBUG liquibase.changelog - Running Changeset: db.changelog/changes/16-create-trainers-table.yaml::16-create-trainers-table::bohdan-s
2025-07-31 16:26:29.442 [main] DEBUG liquibase.executor - Changeset db.changelog/changes/16-create-trainers-table.yaml::16-create-trainers-table::bohdan-s
2025-07-31 16:26:29.442 [main] DEBUG liquibase.changelog - Reading ChangeSet: db.changelog/changes/16-create-trainers-table.yaml::16-create-trainers-table::bohdan-s
2025-07-31 16:26:29.443 [main] DEBUG liquibase.executor - Executing Statement: liquibase.statement.core.CreateTableStatement@14eaab92
2025-07-31 16:26:29.444 [main] DEBUG liquibase.executor - CREATE TABLE PUBLIC.trainers (id BIGINT GENERATED BY DEFAULT AS IDENTITY NOT NULL, first_name VARCHAR(255) NOT NULL, last_name VARCHAR(255) NOT NULL, gender CHAR(10), date_of_birth date, profile_image_url VARCHAR(255), user_credentials_id BIGINT NOT NULL, address_id BIGINT, online_training BOOLEAN DEFAULT FALSE NOT NULL, description VARCHAR(255), social_media_links VARCHAR(255), overall_rating FLOAT DEFAULT 0.0, number_of_reviews INT DEFAULT 0, is_deleted BOOLEAN DEFAULT FALSE NOT NULL, CONSTRAINT PK_TRAINERS PRIMARY KEY (id), CONSTRAINT fk_trainer_address FOREIGN KEY (address_id) REFERENCES PUBLIC.addresses(id), CONSTRAINT fk_trainer_user_credentials FOREIGN KEY (user_credentials_id) REFERENCES PUBLIC.user_credentials(id))
2025-07-31 16:26:29.447 [main] DEBUG liquibase.executor - 0 row(s) affected
2025-07-31 16:26:29.447 [main] INFO  liquibase.changelog - Table trainers created
2025-07-31 16:26:29.447 [main] INFO  liquibase.changelog - ChangeSet db.changelog/changes/16-create-trainers-table.yaml::16-create-trainers-table::bohdan-s ran successfully in 5ms
2025-07-31 16:26:29.448 [main] DEBUG liquibase.executor - INSERT INTO PUBLIC.DATABASECHANGELOG (ID, AUTHOR, FILENAME, DATEEXECUTED, ORDEREXECUTED, MD5SUM, DESCRIPTION, COMMENTS, EXECTYPE, CONTEXTS, LABELS, LIQUIBASE, DEPLOYMENT_ID) VALUES ('16-create-trainers-table', 'bohdan-s', 'db.changelog/changes/16-create-trainers-table.yaml', NOW(), 16, '9:a77651a661afcabb4f1ff85de215c60a', 'createTable tableName=trainers', '', 'EXECUTED', NULL, NULL, '4.29.2', '3979188987')
2025-07-31 16:26:29.449 [main] DEBUG liquibase.executor - 1 row(s) affected
2025-07-31 16:26:29.449 [main] DEBUG liquibase.executor - Changelog query completed.
2025-07-31 16:26:29.450 [main] DEBUG liquibase.util - Computed checksum for createTable:[
    columns=[
        [
            [
                foreignKeyName="fk_trainer_phone_trainer"
                nullable="false"
                references="trainers(id)"
            ]
            name="trainer_id"
            type="BIGINT"
        ],
        [
            [
                nullable="false"
            ]
            name="phone_numbers"
            type="VARCHAR(255)"
        ]
    ]
    tableName="trainer_phone_numbers"
] as 6eecf1a8c375927cb5fa042fda9c47ca
2025-07-31 16:26:29.450 [main] DEBUG liquibase.util - Computed checksum for 9:6eecf1a8c375927cb5fa042fda9c47ca: as 921277ddc05ebac15718b45849f874d6
2025-07-31 16:26:29.450 [main] INFO  liquibase.ui - Running Changeset: db.changelog/changes/17-create-trainer_phone_numbers-table.yaml::17-create-trainer_phone_numbers-table::bohdan-s
2025-07-31 16:26:29.450 [main] DEBUG liquibase.changelog - Running Changeset: db.changelog/changes/17-create-trainer_phone_numbers-table.yaml::17-create-trainer_phone_numbers-table::bohdan-s
2025-07-31 16:26:29.451 [main] DEBUG liquibase.executor - Changeset db.changelog/changes/17-create-trainer_phone_numbers-table.yaml::17-create-trainer_phone_numbers-table::bohdan-s
2025-07-31 16:26:29.451 [main] DEBUG liquibase.changelog - Reading ChangeSet: db.changelog/changes/17-create-trainer_phone_numbers-table.yaml::17-create-trainer_phone_numbers-table::bohdan-s
2025-07-31 16:26:29.451 [main] DEBUG liquibase.executor - Executing Statement: liquibase.statement.core.CreateTableStatement@10fef3d1
2025-07-31 16:26:29.452 [main] DEBUG liquibase.executor - CREATE TABLE PUBLIC.trainer_phone_numbers (trainer_id BIGINT NOT NULL, phone_numbers VARCHAR(255) NOT NULL, CONSTRAINT fk_trainer_phone_trainer FOREIGN KEY (trainer_id) REFERENCES PUBLIC.trainers(id))
2025-07-31 16:26:29.454 [main] DEBUG liquibase.executor - 0 row(s) affected
2025-07-31 16:26:29.454 [main] INFO  liquibase.changelog - Table trainer_phone_numbers created
2025-07-31 16:26:29.454 [main] INFO  liquibase.changelog - ChangeSet db.changelog/changes/17-create-trainer_phone_numbers-table.yaml::17-create-trainer_phone_numbers-table::bohdan-s ran successfully in 4ms
2025-07-31 16:26:29.455 [main] DEBUG liquibase.executor - INSERT INTO PUBLIC.DATABASECHANGELOG (ID, AUTHOR, FILENAME, DATEEXECUTED, ORDEREXECUTED, MD5SUM, DESCRIPTION, COMMENTS, EXECTYPE, CONTEXTS, LABELS, LIQUIBASE, DEPLOYMENT_ID) VALUES ('17-create-trainer_phone_numbers-table', 'bohdan-s', 'db.changelog/changes/17-create-trainer_phone_numbers-table.yaml', NOW(), 17, '9:921277ddc05ebac15718b45849f874d6', 'createTable tableName=trainer_phone_numbers', '', 'EXECUTED', NULL, NULL, '4.29.2', '3979188987')
2025-07-31 16:26:29.455 [main] DEBUG liquibase.executor - 1 row(s) affected
2025-07-31 16:26:29.456 [main] DEBUG liquibase.executor - Changelog query completed.
2025-07-31 16:26:29.456 [main] DEBUG liquibase.util - Computed checksum for createTable:[
    columns=[
        [
            [
                foreignKeyName="fk_sport_trainer_sport"
                nullable="false"
                references="sports(id)"
            ]
            name="sport_id"
            type="BIGINT"
        ],
        [
            [
                foreignKeyName="fk_sport_trainer_trainer"
                nullable="false"
                references="trainers(id)"
            ]
            name="trainer_id"
            type="BIGINT"
        ]
   ... [truncated in log] as 02996d6c953780bef45cce8ef76614f7
2025-07-31 16:26:29.456 [main] DEBUG liquibase.util - Computed checksum for addPrimaryKey:[
    columnNames="sport_id, trainer_id"
    tableName="sports_trainers"
] as 8a5ad8b6aa5ca7a15174418a738b7153
2025-07-31 16:26:29.457 [main] DEBUG liquibase.util - Computed checksum for 9:02996d6c953780bef45cce8ef76614f7:9:8a5ad8b6aa5ca7a15174418a738b7153: as f7c1995436349b41a0dcf9253b707670
2025-07-31 16:26:29.457 [main] INFO  liquibase.ui - Running Changeset: db.changelog/changes/18-create-sports_trainers-table.yaml::18-create-sports_trainers-table::bohdan-s
2025-07-31 16:26:29.457 [main] DEBUG liquibase.changelog - Running Changeset: db.changelog/changes/18-create-sports_trainers-table.yaml::18-create-sports_trainers-table::bohdan-s
2025-07-31 16:26:29.457 [main] DEBUG liquibase.executor - Changeset db.changelog/changes/18-create-sports_trainers-table.yaml::18-create-sports_trainers-table::bohdan-s
2025-07-31 16:26:29.458 [main] DEBUG liquibase.changelog - Reading ChangeSet: db.changelog/changes/18-create-sports_trainers-table.yaml::18-create-sports_trainers-table::bohdan-s
2025-07-31 16:26:29.458 [main] DEBUG liquibase.executor - Executing Statement: liquibase.statement.core.CreateTableStatement@43e587cd
2025-07-31 16:26:29.458 [main] DEBUG liquibase.executor - CREATE TABLE PUBLIC.sports_trainers (sport_id BIGINT NOT NULL, trainer_id BIGINT NOT NULL, CONSTRAINT fk_sport_trainer_sport FOREIGN KEY (sport_id) REFERENCES PUBLIC.sports(id), CONSTRAINT fk_sport_trainer_trainer FOREIGN KEY (trainer_id) REFERENCES PUBLIC.trainers(id))
2025-07-31 16:26:29.461 [main] DEBUG liquibase.executor - 0 row(s) affected
2025-07-31 16:26:29.461 [main] INFO  liquibase.changelog - Table sports_trainers created
2025-07-31 16:26:29.462 [main] DEBUG liquibase.executor - Executing Statement: liquibase.statement.core.AddPrimaryKeyStatement@62509b77
2025-07-31 16:26:29.462 [main] DEBUG liquibase.executor - ALTER TABLE PUBLIC.sports_trainers ADD PRIMARY KEY (sport_id, trainer_id)
2025-07-31 16:26:29.463 [main] DEBUG liquibase.executor - 0 row(s) affected
2025-07-31 16:26:29.463 [main] INFO  liquibase.changelog - Primary key added to sports_trainers (sport_id, trainer_id)
2025-07-31 16:26:29.463 [main] INFO  liquibase.changelog - ChangeSet db.changelog/changes/18-create-sports_trainers-table.yaml::18-create-sports_trainers-table::bohdan-s ran successfully in 6ms
2025-07-31 16:26:29.464 [main] DEBUG liquibase.executor - INSERT INTO PUBLIC.DATABASECHANGELOG (ID, AUTHOR, FILENAME, DATEEXECUTED, ORDEREXECUTED, MD5SUM, DESCRIPTION, COMMENTS, EXECTYPE, CONTEXTS, LABELS, LIQUIBASE, DEPLOYMENT_ID) VALUES ('18-create-sports_trainers-table', 'bohdan-s', 'db.changelog/changes/18-create-sports_trainers-table.yaml', NOW(), 18, '9:f7c1995436349b41a0dcf9253b707670', 'createTable tableName=sports_trainers; addPrimaryKey tableName=sports_trainers', '', 'EXECUTED', NULL, NULL, '4.29.2', '3979188987')
2025-07-31 16:26:29.464 [main] DEBUG liquibase.executor - 1 row(s) affected
2025-07-31 16:26:29.464 [main] DEBUG liquibase.executor - Changelog query completed.
2025-07-31 16:26:29.465 [main] DEBUG liquibase.util - Computed checksum for createTable:[
    columns=[
        [
            [
                foreignKeyName="fk_gym_trainer_gym"
                nullable="false"
                references="gyms(id)"
            ]
            name="gym_id"
            type="BIGINT"
        ],
        [
            [
                foreignKeyName="fk_gym_trainer_trainer"
                nullable="false"
                references="trainers(id)"
            ]
            name="trainer_id"
            type="BIGINT"
        ]
    ]
    tab... [truncated in log] as 3207ae034a7d5944c02f874beb93cbaa
2025-07-31 16:26:29.466 [main] DEBUG liquibase.util - Computed checksum for addPrimaryKey:[
    columnNames="gym_id, trainer_id"
    tableName="gyms_trainers"
] as 141bd742ba3b7f8bf76e6dedbb9ee5e6
2025-07-31 16:26:29.466 [main] DEBUG liquibase.util - Computed checksum for 9:3207ae034a7d5944c02f874beb93cbaa:9:141bd742ba3b7f8bf76e6dedbb9ee5e6: as 9c5b620f4c4767a5d53c1bb19f949568
2025-07-31 16:26:29.466 [main] INFO  liquibase.ui - Running Changeset: db.changelog/changes/19-create-gyms_trainers-table.yaml::19-create-gyms_trainers-table::bohdan-s
2025-07-31 16:26:29.466 [main] DEBUG liquibase.changelog - Running Changeset: db.changelog/changes/19-create-gyms_trainers-table.yaml::19-create-gyms_trainers-table::bohdan-s
2025-07-31 16:26:29.467 [main] DEBUG liquibase.executor - Changeset db.changelog/changes/19-create-gyms_trainers-table.yaml::19-create-gyms_trainers-table::bohdan-s
2025-07-31 16:26:29.467 [main] DEBUG liquibase.changelog - Reading ChangeSet: db.changelog/changes/19-create-gyms_trainers-table.yaml::19-create-gyms_trainers-table::bohdan-s
2025-07-31 16:26:29.467 [main] DEBUG liquibase.executor - Executing Statement: liquibase.statement.core.CreateTableStatement@c79a727
2025-07-31 16:26:29.468 [main] DEBUG liquibase.executor - CREATE TABLE PUBLIC.gyms_trainers (gym_id BIGINT NOT NULL, trainer_id BIGINT NOT NULL, CONSTRAINT fk_gym_trainer_trainer FOREIGN KEY (trainer_id) REFERENCES PUBLIC.trainers(id), CONSTRAINT fk_gym_trainer_gym FOREIGN KEY (gym_id) REFERENCES PUBLIC.gyms(id))
2025-07-31 16:26:29.470 [main] DEBUG liquibase.executor - 0 row(s) affected
2025-07-31 16:26:29.470 [main] INFO  liquibase.changelog - Table gyms_trainers created
2025-07-31 16:26:29.471 [main] DEBUG liquibase.executor - Executing Statement: liquibase.statement.core.AddPrimaryKeyStatement@6fab250b
2025-07-31 16:26:29.471 [main] DEBUG liquibase.executor - ALTER TABLE PUBLIC.gyms_trainers ADD PRIMARY KEY (gym_id, trainer_id)
2025-07-31 16:26:29.472 [main] DEBUG liquibase.executor - 0 row(s) affected
2025-07-31 16:26:29.472 [main] INFO  liquibase.changelog - Primary key added to gyms_trainers (gym_id, trainer_id)
2025-07-31 16:26:29.472 [main] INFO  liquibase.changelog - ChangeSet db.changelog/changes/19-create-gyms_trainers-table.yaml::19-create-gyms_trainers-table::bohdan-s ran successfully in 5ms
2025-07-31 16:26:29.473 [main] DEBUG liquibase.executor - INSERT INTO PUBLIC.DATABASECHANGELOG (ID, AUTHOR, FILENAME, DATEEXECUTED, ORDEREXECUTED, MD5SUM, DESCRIPTION, COMMENTS, EXECTYPE, CONTEXTS, LABELS, LIQUIBASE, DEPLOYMENT_ID) VALUES ('19-create-gyms_trainers-table', 'bohdan-s', 'db.changelog/changes/19-create-gyms_trainers-table.yaml', NOW(), 19, '9:9c5b620f4c4767a5d53c1bb19f949568', 'createTable tableName=gyms_trainers; addPrimaryKey tableName=gyms_trainers', '', 'EXECUTED', NULL, NULL, '4.29.2', '3979188987')
2025-07-31 16:26:29.473 [main] DEBUG liquibase.executor - 1 row(s) affected
2025-07-31 16:26:29.474 [main] DEBUG liquibase.executor - Changelog query completed.
2025-07-31 16:26:29.474 [main] DEBUG liquibase.util - Computed checksum for createTable:[
    columns=[
        [
            [
                nullable="false"
                primaryKey="true"
            ]
            autoIncrement="true"
            name="id"
            type="BIGINT"
        ],
        [
            [
                nullable="false"
            ]
            name="rating"
            type="INT"
        ],
        [
            name="description"
            type="VARCHAR(255)"
        ],
        [
            [
                foreignKeyName="fk_r... [truncated in log] as 2e7d702aa98cb88facfc1989b94ead80
2025-07-31 16:26:29.475 [main] DEBUG liquibase.util - Computed checksum for 9:2e7d702aa98cb88facfc1989b94ead80: as ee79d17a8ff5a9e7583cfd18c5dbf3af
2025-07-31 16:26:29.475 [main] INFO  liquibase.ui - Running Changeset: db.changelog/changes/20-create-reviews-table.yaml::20-create-reviews-table::bohdan-s
2025-07-31 16:26:29.475 [main] DEBUG liquibase.changelog - Running Changeset: db.changelog/changes/20-create-reviews-table.yaml::20-create-reviews-table::bohdan-s
2025-07-31 16:26:29.475 [main] DEBUG liquibase.executor - Changeset db.changelog/changes/20-create-reviews-table.yaml::20-create-reviews-table::bohdan-s
2025-07-31 16:26:29.475 [main] DEBUG liquibase.changelog - Reading ChangeSet: db.changelog/changes/20-create-reviews-table.yaml::20-create-reviews-table::bohdan-s
2025-07-31 16:26:29.476 [main] DEBUG liquibase.executor - Executing Statement: liquibase.statement.core.CreateTableStatement@57fd93f9
2025-07-31 16:26:29.477 [main] DEBUG liquibase.executor - CREATE TABLE PUBLIC.reviews (id BIGINT GENERATED BY DEFAULT AS IDENTITY NOT NULL, rating INT NOT NULL, description VARCHAR(255), athlete_id BIGINT NOT NULL, gym_id BIGINT, trainer_id BIGINT, CONSTRAINT PK_REVIEWS PRIMARY KEY (id), CONSTRAINT fk_review_trainer FOREIGN KEY (trainer_id) REFERENCES PUBLIC.trainers(id), CONSTRAINT fk_review_athlete FOREIGN KEY (athlete_id) REFERENCES PUBLIC.athletes(id), CONSTRAINT fk_review_gym FOREIGN KEY (gym_id) REFERENCES PUBLIC.gyms(id))
2025-07-31 16:26:29.480 [main] DEBUG liquibase.executor - 0 row(s) affected
2025-07-31 16:26:29.481 [main] INFO  liquibase.changelog - Table reviews created
2025-07-31 16:26:29.481 [main] INFO  liquibase.changelog - ChangeSet db.changelog/changes/20-create-reviews-table.yaml::20-create-reviews-table::bohdan-s ran successfully in 6ms
2025-07-31 16:26:29.482 [main] DEBUG liquibase.executor - INSERT INTO PUBLIC.DATABASECHANGELOG (ID, AUTHOR, FILENAME, DATEEXECUTED, ORDEREXECUTED, MD5SUM, DESCRIPTION, COMMENTS, EXECTYPE, CONTEXTS, LABELS, LIQUIBASE, DEPLOYMENT_ID) VALUES ('20-create-reviews-table', 'bohdan-s', 'db.changelog/changes/20-create-reviews-table.yaml', NOW(), 20, '9:ee79d17a8ff5a9e7583cfd18c5dbf3af', 'createTable tableName=reviews', '', 'EXECUTED', NULL, NULL, '4.29.2', '3979188987')
2025-07-31 16:26:29.483 [main] DEBUG liquibase.executor - 1 row(s) affected
2025-07-31 16:26:29.483 [main] DEBUG liquibase.executor - Changelog query completed.
2025-07-31 16:26:29.484 [main] DEBUG liquibase.util - Computed checksum for createTable:[
    columns=[
        [
            [
                nullable="false"
                primaryKey="true"
            ]
            autoIncrement="true"
            name="id"
            type="BIGINT"
        ],
        [
            [
                nullable="false"
            ]
            name="name"
            type="VARCHAR(255)"
        ],
        [
            [
                foreignKeyName="fk_event_sport"
                nullable="false"
                references="spor... [truncated in log] as 9d9f7aedd21973fa92bfd94f87811133
2025-07-31 16:26:29.484 [main] DEBUG liquibase.util - Computed checksum for 9:9d9f7aedd21973fa92bfd94f87811133: as 77d6c658cec160983089042a91fa03ca
2025-07-31 16:26:29.485 [main] INFO  liquibase.ui - Running Changeset: db.changelog/changes/21-create-events-table.yaml::21-create-events-table::bohdan-s
2025-07-31 16:26:29.485 [main] DEBUG liquibase.changelog - Running Changeset: db.changelog/changes/21-create-events-table.yaml::21-create-events-table::bohdan-s
2025-07-31 16:26:29.485 [main] DEBUG liquibase.executor - Changeset db.changelog/changes/21-create-events-table.yaml::21-create-events-table::bohdan-s
2025-07-31 16:26:29.486 [main] DEBUG liquibase.changelog - Reading ChangeSet: db.changelog/changes/21-create-events-table.yaml::21-create-events-table::bohdan-s
2025-07-31 16:26:29.487 [main] DEBUG liquibase.executor - Executing Statement: liquibase.statement.core.CreateTableStatement@7bc3e36b
2025-07-31 16:26:29.488 [main] DEBUG liquibase.executor - CREATE TABLE PUBLIC.events (id BIGINT GENERATED BY DEFAULT AS IDENTITY NOT NULL, name VARCHAR(255) NOT NULL, sport_id BIGINT NOT NULL, description VARCHAR(255), date_time TIMESTAMP NOT NULL, gym_id BIGINT, trainer_id BIGINT, CONSTRAINT PK_EVENTS PRIMARY KEY (id), CONSTRAINT fk_event_trainer FOREIGN KEY (trainer_id) REFERENCES PUBLIC.trainers(id), CONSTRAINT fk_event_sport FOREIGN KEY (sport_id) REFERENCES PUBLIC.sports(id), CONSTRAINT fk_event_gym FOREIGN KEY (gym_id) REFERENCES PUBLIC.gyms(id))
2025-07-31 16:26:29.491 [main] DEBUG liquibase.executor - 0 row(s) affected
2025-07-31 16:26:29.491 [main] INFO  liquibase.changelog - Table events created
2025-07-31 16:26:29.492 [main] INFO  liquibase.changelog - ChangeSet db.changelog/changes/21-create-events-table.yaml::21-create-events-table::bohdan-s ran successfully in 7ms
2025-07-31 16:26:29.492 [main] DEBUG liquibase.executor - INSERT INTO PUBLIC.DATABASECHANGELOG (ID, AUTHOR, FILENAME, DATEEXECUTED, ORDEREXECUTED, MD5SUM, DESCRIPTION, COMMENTS, EXECTYPE, CONTEXTS, LABELS, LIQUIBASE, DEPLOYMENT_ID) VALUES ('21-create-events-table', 'bohdan-s', 'db.changelog/changes/21-create-events-table.yaml', NOW(), 21, '9:77d6c658cec160983089042a91fa03ca', 'createTable tableName=events', '', 'EXECUTED', NULL, NULL, '4.29.2', '3979188987')
2025-07-31 16:26:29.493 [main] DEBUG liquibase.executor - 1 row(s) affected
2025-07-31 16:26:29.493 [main] DEBUG liquibase.executor - Changelog query completed.
2025-07-31 16:26:29.494 [main] DEBUG liquibase.util - Computed checksum for createTable:[
    columns=[
        [
            [
                foreignKeyName="fk_user_credentials_role_user"
                nullable="false"
                references="user_credentials(id)"
            ]
            name="user_credentials_id"
            type="BIGINT"
        ],
        [
            [
                foreignKeyName="fk_user_credentials_role_role"
                nullable="false"
                references="roles(id)"
            ]
            name="role_id"
            ... [truncated in log] as 89d2f8157a888a4d4095494a33daa267
2025-07-31 16:26:29.494 [main] DEBUG liquibase.util - Computed checksum for addPrimaryKey:[
    columnNames="user_credentials_id, role_id"
    tableName="user_credentials_roles"
] as 108b48105b442cfb7fe94ba44f2529c6
2025-07-31 16:26:29.499 [main] DEBUG liquibase.util - Computed checksum for 9:89d2f8157a888a4d4095494a33daa267:9:108b48105b442cfb7fe94ba44f2529c6: as d0ed0797686dfb5c49cd8db5633f80d6
2025-07-31 16:26:29.499 [main] INFO  liquibase.ui - Running Changeset: db.changelog/changes/22-create-user_credentials_roles-table.yaml::22-create-user_credentials_roles-table::bohdan-s
2025-07-31 16:26:29.500 [main] DEBUG liquibase.changelog - Running Changeset: db.changelog/changes/22-create-user_credentials_roles-table.yaml::22-create-user_credentials_roles-table::bohdan-s
2025-07-31 16:26:29.500 [main] DEBUG liquibase.executor - Changeset db.changelog/changes/22-create-user_credentials_roles-table.yaml::22-create-user_credentials_roles-table::bohdan-s
2025-07-31 16:26:29.500 [main] DEBUG liquibase.changelog - Reading ChangeSet: db.changelog/changes/22-create-user_credentials_roles-table.yaml::22-create-user_credentials_roles-table::bohdan-s
2025-07-31 16:26:29.501 [main] DEBUG liquibase.executor - Executing Statement: liquibase.statement.core.CreateTableStatement@5271c49b
2025-07-31 16:26:29.501 [main] DEBUG liquibase.executor - CREATE TABLE PUBLIC.user_credentials_roles (user_credentials_id BIGINT NOT NULL, role_id BIGINT NOT NULL, CONSTRAINT fk_user_credentials_role_role FOREIGN KEY (role_id) REFERENCES PUBLIC.roles(id), CONSTRAINT fk_user_credentials_role_user FOREIGN KEY (user_credentials_id) REFERENCES PUBLIC.user_credentials(id))
2025-07-31 16:26:29.504 [main] DEBUG liquibase.executor - 0 row(s) affected
2025-07-31 16:26:29.505 [main] INFO  liquibase.changelog - Table user_credentials_roles created
2025-07-31 16:26:29.505 [main] DEBUG liquibase.executor - Executing Statement: liquibase.statement.core.AddPrimaryKeyStatement@58b2c0b4
2025-07-31 16:26:29.506 [main] DEBUG liquibase.executor - ALTER TABLE PUBLIC.user_credentials_roles ADD PRIMARY KEY (user_credentials_id, role_id)
2025-07-31 16:26:29.507 [main] DEBUG liquibase.executor - 0 row(s) affected
2025-07-31 16:26:29.507 [main] INFO  liquibase.changelog - Primary key added to user_credentials_roles (user_credentials_id, role_id)
2025-07-31 16:26:29.507 [main] INFO  liquibase.changelog - ChangeSet db.changelog/changes/22-create-user_credentials_roles-table.yaml::22-create-user_credentials_roles-table::bohdan-s ran successfully in 7ms
2025-07-31 16:26:29.508 [main] DEBUG liquibase.executor - INSERT INTO PUBLIC.DATABASECHANGELOG (ID, AUTHOR, FILENAME, DATEEXECUTED, ORDEREXECUTED, MD5SUM, DESCRIPTION, COMMENTS, EXECTYPE, CONTEXTS, LABELS, LIQUIBASE, DEPLOYMENT_ID) VALUES ('22-create-user_credentials_roles-table', 'bohdan-s', 'db.changelog/changes/22-create-user_credentials_roles-table.yaml', NOW(), 22, '9:d0ed0797686dfb5c49cd8db5633f80d6', 'createTable tableName=user_credentials_roles; addPrimaryKey tableName=user_credentials_roles', '', 'EXECUTED', NULL, NULL, '4.29.2', '3979188987')
2025-07-31 16:26:29.509 [main] DEBUG liquibase.executor - 1 row(s) affected
2025-07-31 16:26:29.510 [main] DEBUG liquibase.executor - Changelog query completed.
2025-07-31 16:26:29.510 [main] DEBUG liquibase.util - Computed checksum for createTable:[
    columns=[
        [
            [
                foreignKeyName="fk_trainer_certificate_trainer"
                nullable="false"
                references="trainers(id)"
            ]
            name="trainer_id"
            type="BIGINT"
        ],
        [
            [
                nullable="false"
            ]
            name="certificates"
            type="VARCHAR(255)"
        ]
    ]
    tableName="trainer_certificates"
] as fd78aeb8f5f5ece1c706d4a325f8a6b5
2025-07-31 16:26:29.511 [main] DEBUG liquibase.util - Computed checksum for 9:fd78aeb8f5f5ece1c706d4a325f8a6b5: as 47d44a7a18adbac784c2d097e62fb32f
2025-07-31 16:26:29.511 [main] INFO  liquibase.ui - Running Changeset: db.changelog/changes/23-create-trainer_certificates-table.yaml::23-create-trainer_certificates-table::bohdan-s
2025-07-31 16:26:29.511 [main] DEBUG liquibase.changelog - Running Changeset: db.changelog/changes/23-create-trainer_certificates-table.yaml::23-create-trainer_certificates-table::bohdan-s
2025-07-31 16:26:29.511 [main] DEBUG liquibase.executor - Changeset db.changelog/changes/23-create-trainer_certificates-table.yaml::23-create-trainer_certificates-table::bohdan-s
2025-07-31 16:26:29.512 [main] DEBUG liquibase.changelog - Reading ChangeSet: db.changelog/changes/23-create-trainer_certificates-table.yaml::23-create-trainer_certificates-table::bohdan-s
2025-07-31 16:26:29.512 [main] DEBUG liquibase.executor - Executing Statement: liquibase.statement.core.CreateTableStatement@31e90355
2025-07-31 16:26:29.513 [main] DEBUG liquibase.executor - CREATE TABLE PUBLIC.trainer_certificates (trainer_id BIGINT NOT NULL, certificates VARCHAR(255) NOT NULL, CONSTRAINT fk_trainer_certificate_trainer FOREIGN KEY (trainer_id) REFERENCES PUBLIC.trainers(id))
2025-07-31 16:26:29.516 [main] DEBUG liquibase.executor - 0 row(s) affected
2025-07-31 16:26:29.516 [main] INFO  liquibase.changelog - Table trainer_certificates created
2025-07-31 16:26:29.517 [main] INFO  liquibase.changelog - ChangeSet db.changelog/changes/23-create-trainer_certificates-table.yaml::23-create-trainer_certificates-table::bohdan-s ran successfully in 6ms
2025-07-31 16:26:29.518 [main] DEBUG liquibase.executor - INSERT INTO PUBLIC.DATABASECHANGELOG (ID, AUTHOR, FILENAME, DATEEXECUTED, ORDEREXECUTED, MD5SUM, DESCRIPTION, COMMENTS, EXECTYPE, CONTEXTS, LABELS, LIQUIBASE, DEPLOYMENT_ID) VALUES ('23-create-trainer_certificates-table', 'bohdan-s', 'db.changelog/changes/23-create-trainer_certificates-table.yaml', NOW(), 23, '9:47d44a7a18adbac784c2d097e62fb32f', 'createTable tableName=trainer_certificates', '', 'EXECUTED', NULL, NULL, '4.29.2', '3979188987')
2025-07-31 16:26:29.518 [main] DEBUG liquibase.executor - 1 row(s) affected
2025-07-31 16:26:29.519 [main] DEBUG liquibase.executor - Changelog query completed.
2025-07-31 16:26:29.519 [main] DEBUG liquibase.util - Computed checksum for insert:[
    columns=[
        [
            name="sport_name"
            value="Тренажерний зал"
        ]
    ]
    tableName="sports"
] as 66413d13a3669fe9f2c3d8a5bcdea4b0
2025-07-31 16:26:29.520 [main] DEBUG liquibase.util - Computed checksum for insert:[
    columns=[
        [
            name="sport_name"
            value="Плавання"
        ]
    ]
    tableName="sports"
] as 25be80afdb242566293082dc7db6a951
2025-07-31 16:26:29.520 [main] DEBUG liquibase.util - Computed checksum for insert:[
    columns=[
        [
            name="sport_name"
            value="Кроссфіт"
        ]
    ]
    tableName="sports"
] as 09c2ac996272d2c81fdde37d20e29fe7
2025-07-31 16:26:29.521 [main] DEBUG liquibase.util - Computed checksum for insert:[
    columns=[
        [
            name="sport_name"
            value="Сквош"
        ]
    ]
    tableName="sports"
] as e8154bdca60e47ec87f4f76be59df100
2025-07-31 16:26:29.521 [main] DEBUG liquibase.util - Computed checksum for insert:[
    columns=[
        [
            name="sport_name"
            value="Бокс"
        ]
    ]
    tableName="sports"
] as b851ae036e92d643c98dcf075e446de6
2025-07-31 16:26:29.522 [main] DEBUG liquibase.util - Computed checksum for insert:[
    columns=[
        [
            name="sport_name"
            value="Стретчинг"
        ]
    ]
    tableName="sports"
] as ac48b4e8db96d399c060f972bc02a896
2025-07-31 16:26:29.522 [main] DEBUG liquibase.util - Computed checksum for insert:[
    columns=[
        [
            name="sport_name"
            value="Йога"
        ]
    ]
    tableName="sports"
] as 3895a541270234ece0fa267c696b0ec9
2025-07-31 16:26:29.522 [main] DEBUG liquibase.util - Computed checksum for insert:[
    columns=[
        [
            name="sport_name"
            value="Сайклінг"
        ]
    ]
    tableName="sports"
] as 806a6b0386bed69e2c3889ff35cdcf69
2025-07-31 16:26:29.522 [main] DEBUG liquibase.util - Computed checksum for insert:[
    columns=[
        [
            name="sport_name"
            value="Дитячий фітнес"
        ]
    ]
    tableName="sports"
] as be829fdf665dfad19e9570cccfad69df
2025-07-31 16:26:29.523 [main] DEBUG liquibase.util - Computed checksum for insert:[
    columns=[
        [
            name="sport_name"
            value="Дитяче плавання"
        ]
    ]
    tableName="sports"
] as cd16e3a60cc295f0a072073b50ca9400
2025-07-31 16:26:29.523 [main] DEBUG liquibase.util - Computed checksum for insert:[
    columns=[
        [
            name="sport_name"
            value="Плавання для немовлят"
        ]
    ]
    tableName="sports"
] as 2959ad132728c9d8404e62f529badc23
2025-07-31 16:26:29.523 [main] DEBUG liquibase.util - Computed checksum for insert:[
    columns=[
        [
            name="sport_name"
            value="Аква аеробіка"
        ]
    ]
    tableName="sports"
] as 0c7daa00f997b86059d340521e3cab54
2025-07-31 16:26:29.523 [main] DEBUG liquibase.util - Computed checksum for insert:[
    columns=[
        [
            name="sport_name"
            value="Пілатес"
        ]
    ]
    tableName="sports"
] as 62a3aa773f19481a876790dd9d97f1a0
2025-07-31 16:26:29.524 [main] DEBUG liquibase.util - Computed checksum for insert:[
    columns=[
        [
            name="sport_name"
            value="Степ аеробіка"
        ]
    ]
    tableName="sports"
] as e53db54307ef228d9d84362c7e1cfc94
2025-07-31 16:26:29.524 [main] DEBUG liquibase.util - Computed checksum for insert:[
    columns=[
        [
            name="sport_name"
            value="Настільний теніс"
        ]
    ]
    tableName="sports"
] as 9379616fa3d85b93d1c0ac36a5373505
2025-07-31 16:26:29.524 [main] DEBUG liquibase.util - Computed checksum for insert:[
    columns=[
        [
            name="sport_name"
            value="TRX"
        ]
    ]
    tableName="sports"
] as 1d6864036782db0d874fb8d9b2ad4fc1
2025-07-31 16:26:29.525 [main] DEBUG liquibase.util - Computed checksum for insert:[
    columns=[
        [
            name="sport_name"
            value="Жіночий бокс"
        ]
    ]
    tableName="sports"
] as f2efef703a78bf94533aa5dcdd03e155
2025-07-31 16:26:29.525 [main] DEBUG liquibase.util - Computed checksum for 9:66413d13a3669fe9f2c3d8a5bcdea4b0:9:25be80afdb242566293082dc7db6a951:9:09c2ac996272d2c81fdde37d20e29fe7:9:e8154bdca60e47ec87f4f76be59df100:9:b851ae036e92d643c98dcf075e446de6:9:ac48b4e8db96d399c060f972bc02a896:9:3895a541270234ece0fa267c696b0ec9:9:806a6b0386bed69e2c3889ff35cdcf69:9:be829fdf665dfad19e9570cccfad69df:9:cd16e3a60cc295f0a072073b50ca9400:9:2959ad132728c9d8404e62f529badc23:9:0c7daa00f997b86059d340521e3cab54:9:62a3aa773f19481a876790dd9d97f1a0:9:e53db54307ef228d9d84362c7e1cfc94:9:9379616f... [truncated in log] as 9ab65fac254bdd27b612be7540a13856
2025-07-31 16:26:29.525 [main] INFO  liquibase.ui - Running Changeset: db.changelog/changes/24-insert-sports-data.yaml::24-insert-sports-data::bohdan-s
2025-07-31 16:26:29.525 [main] DEBUG liquibase.changelog - Running Changeset: db.changelog/changes/24-insert-sports-data.yaml::24-insert-sports-data::bohdan-s
2025-07-31 16:26:29.526 [main] DEBUG liquibase.executor - Changeset db.changelog/changes/24-insert-sports-data.yaml::24-insert-sports-data::bohdan-s
2025-07-31 16:26:29.526 [main] DEBUG liquibase.changelog - Reading ChangeSet: db.changelog/changes/24-insert-sports-data.yaml::24-insert-sports-data::bohdan-s
2025-07-31 16:26:29.527 [main] DEBUG liquibase.executor - Executing Statement: liquibase.statement.core.InsertStatement@6a844
2025-07-31 16:26:29.528 [main] DEBUG liquibase.executor - INSERT INTO PUBLIC.sports (sport_name) VALUES ('Тренажерний зал')
2025-07-31 16:26:29.529 [main] DEBUG liquibase.executor - 1 row(s) affected
2025-07-31 16:26:29.529 [main] INFO  liquibase.changelog - New row inserted into sports
2025-07-31 16:26:29.530 [main] DEBUG liquibase.executor - Executing Statement: liquibase.statement.core.InsertStatement@282fabe9
2025-07-31 16:26:29.530 [main] DEBUG liquibase.executor - INSERT INTO PUBLIC.sports (sport_name) VALUES ('Плавання')
2025-07-31 16:26:29.531 [main] DEBUG liquibase.executor - 1 row(s) affected
2025-07-31 16:26:29.531 [main] INFO  liquibase.changelog - New row inserted into sports
2025-07-31 16:26:29.532 [main] DEBUG liquibase.executor - Executing Statement: liquibase.statement.core.InsertStatement@1c3dadce
2025-07-31 16:26:29.532 [main] DEBUG liquibase.executor - INSERT INTO PUBLIC.sports (sport_name) VALUES ('Кроссфіт')
2025-07-31 16:26:29.532 [main] DEBUG liquibase.executor - 1 row(s) affected
2025-07-31 16:26:29.533 [main] INFO  liquibase.changelog - New row inserted into sports
2025-07-31 16:26:29.533 [main] DEBUG liquibase.executor - Executing Statement: liquibase.statement.core.InsertStatement@48bd8247
2025-07-31 16:26:29.534 [main] DEBUG liquibase.executor - INSERT INTO PUBLIC.sports (sport_name) VALUES ('Сквош')
2025-07-31 16:26:29.534 [main] DEBUG liquibase.executor - 1 row(s) affected
2025-07-31 16:26:29.534 [main] INFO  liquibase.changelog - New row inserted into sports
2025-07-31 16:26:29.535 [main] DEBUG liquibase.executor - Executing Statement: liquibase.statement.core.InsertStatement@26a9754a
2025-07-31 16:26:29.535 [main] DEBUG liquibase.executor - INSERT INTO PUBLIC.sports (sport_name) VALUES ('Бокс')
2025-07-31 16:26:29.535 [main] DEBUG liquibase.executor - 1 row(s) affected
2025-07-31 16:26:29.536 [main] INFO  liquibase.changelog - New row inserted into sports
2025-07-31 16:26:29.536 [main] DEBUG liquibase.executor - Executing Statement: liquibase.statement.core.InsertStatement@738ce295
2025-07-31 16:26:29.536 [main] DEBUG liquibase.executor - INSERT INTO PUBLIC.sports (sport_name) VALUES ('Стретчинг')
2025-07-31 16:26:29.537 [main] DEBUG liquibase.executor - 1 row(s) affected
2025-07-31 16:26:29.537 [main] INFO  liquibase.changelog - New row inserted into sports
2025-07-31 16:26:29.537 [main] DEBUG liquibase.executor - Executing Statement: liquibase.statement.core.InsertStatement@2ae62f7
2025-07-31 16:26:29.538 [main] DEBUG liquibase.executor - INSERT INTO PUBLIC.sports (sport_name) VALUES ('Йога')
2025-07-31 16:26:29.538 [main] DEBUG liquibase.executor - 1 row(s) affected
2025-07-31 16:26:29.538 [main] INFO  liquibase.changelog - New row inserted into sports
2025-07-31 16:26:29.538 [main] DEBUG liquibase.executor - Executing Statement: liquibase.statement.core.InsertStatement@26a5775f
2025-07-31 16:26:29.539 [main] DEBUG liquibase.executor - INSERT INTO PUBLIC.sports (sport_name) VALUES ('Сайклінг')
2025-07-31 16:26:29.539 [main] DEBUG liquibase.executor - 1 row(s) affected
2025-07-31 16:26:29.539 [main] INFO  liquibase.changelog - New row inserted into sports
2025-07-31 16:26:29.540 [main] DEBUG liquibase.executor - Executing Statement: liquibase.statement.core.InsertStatement@4bcb45e4
2025-07-31 16:26:29.540 [main] DEBUG liquibase.executor - INSERT INTO PUBLIC.sports (sport_name) VALUES ('Дитячий фітнес')
2025-07-31 16:26:29.541 [main] DEBUG liquibase.executor - 1 row(s) affected
2025-07-31 16:26:29.541 [main] INFO  liquibase.changelog - New row inserted into sports
2025-07-31 16:26:29.542 [main] DEBUG liquibase.executor - Executing Statement: liquibase.statement.core.InsertStatement@5f478e42
2025-07-31 16:26:29.542 [main] DEBUG liquibase.executor - INSERT INTO PUBLIC.sports (sport_name) VALUES ('Дитяче плавання')
2025-07-31 16:26:29.542 [main] DEBUG liquibase.executor - 1 row(s) affected
2025-07-31 16:26:29.543 [main] INFO  liquibase.changelog - New row inserted into sports
2025-07-31 16:26:29.543 [main] DEBUG liquibase.executor - Executing Statement: liquibase.statement.core.InsertStatement@2e8ff687
2025-07-31 16:26:29.544 [main] DEBUG liquibase.executor - INSERT INTO PUBLIC.sports (sport_name) VALUES ('Плавання для немовлят')
2025-07-31 16:26:29.544 [main] DEBUG liquibase.executor - 1 row(s) affected
2025-07-31 16:26:29.544 [main] INFO  liquibase.changelog - New row inserted into sports
2025-07-31 16:26:29.545 [main] DEBUG liquibase.executor - Executing Statement: liquibase.statement.core.InsertStatement@231d7386
2025-07-31 16:26:29.545 [main] DEBUG liquibase.executor - INSERT INTO PUBLIC.sports (sport_name) VALUES ('Аква аеробіка')
2025-07-31 16:26:29.545 [main] DEBUG liquibase.executor - 1 row(s) affected
2025-07-31 16:26:29.546 [main] INFO  liquibase.changelog - New row inserted into sports
2025-07-31 16:26:29.546 [main] DEBUG liquibase.executor - Executing Statement: liquibase.statement.core.InsertStatement@3268f664
2025-07-31 16:26:29.546 [main] DEBUG liquibase.executor - INSERT INTO PUBLIC.sports (sport_name) VALUES ('Пілатес')
2025-07-31 16:26:29.547 [main] DEBUG liquibase.executor - 1 row(s) affected
2025-07-31 16:26:29.547 [main] INFO  liquibase.changelog - New row inserted into sports
2025-07-31 16:26:29.547 [main] DEBUG liquibase.executor - Executing Statement: liquibase.statement.core.InsertStatement@51be4bf5
2025-07-31 16:26:29.547 [main] DEBUG liquibase.executor - INSERT INTO PUBLIC.sports (sport_name) VALUES ('Степ аеробіка')
2025-07-31 16:26:29.548 [main] DEBUG liquibase.executor - 1 row(s) affected
2025-07-31 16:26:29.548 [main] INFO  liquibase.changelog - New row inserted into sports
2025-07-31 16:26:29.548 [main] DEBUG liquibase.executor - Executing Statement: liquibase.statement.core.InsertStatement@54b48b
2025-07-31 16:26:29.549 [main] DEBUG liquibase.executor - INSERT INTO PUBLIC.sports (sport_name) VALUES ('Настільний теніс')
2025-07-31 16:26:29.549 [main] DEBUG liquibase.executor - 1 row(s) affected
2025-07-31 16:26:29.549 [main] INFO  liquibase.changelog - New row inserted into sports
2025-07-31 16:26:29.550 [main] DEBUG liquibase.executor - Executing Statement: liquibase.statement.core.InsertStatement@481d6644
2025-07-31 16:26:29.550 [main] DEBUG liquibase.executor - INSERT INTO PUBLIC.sports (sport_name) VALUES ('TRX')
2025-07-31 16:26:29.551 [main] DEBUG liquibase.executor - 1 row(s) affected
2025-07-31 16:26:29.551 [main] INFO  liquibase.changelog - New row inserted into sports
2025-07-31 16:26:29.551 [main] DEBUG liquibase.executor - Executing Statement: liquibase.statement.core.InsertStatement@3d3362f5
2025-07-31 16:26:29.552 [main] DEBUG liquibase.executor - INSERT INTO PUBLIC.sports (sport_name) VALUES ('Жіночий бокс')
2025-07-31 16:26:29.552 [main] DEBUG liquibase.executor - 1 row(s) affected
2025-07-31 16:26:29.552 [main] INFO  liquibase.changelog - New row inserted into sports
2025-07-31 16:26:29.553 [main] INFO  liquibase.changelog - ChangeSet db.changelog/changes/24-insert-sports-data.yaml::24-insert-sports-data::bohdan-s ran successfully in 27ms
2025-07-31 16:26:29.554 [main] DEBUG liquibase.executor - INSERT INTO PUBLIC.DATABASECHANGELOG (ID, AUTHOR, FILENAME, DATEEXECUTED, ORDEREXECUTED, MD5SUM, DESCRIPTION, COMMENTS, EXECTYPE, CONTEXTS, LABELS, LIQUIBASE, DEPLOYMENT_ID) VALUES ('24-insert-sports-data', 'bohdan-s', 'db.changelog/changes/24-insert-sports-data.yaml', NOW(), 24, '9:9ab65fac254bdd27b612be7540a13856', 'insert tableName=sports; insert tableName=sports; insert tableName=sports; insert tableName=sports; insert tableName=sports; insert tableName=sports; insert tableName=sports; insert tableName=sports; insert tableName=sports; insert tableName=sport...', '', 'EXECUTED', NULL, NULL, '4.29.2', '3979188987')
2025-07-31 16:26:29.554 [main] DEBUG liquibase.executor - 1 row(s) affected
2025-07-31 16:26:29.555 [main] DEBUG liquibase.executor - Changelog query completed.
2025-07-31 16:26:29.555 [main] DEBUG liquibase.util - Computed checksum for insert:[
    columns=[
        [
            name="id"
            value="1"
        ],
        [
            name="name"
            value="ROLE_ADMIN"
        ]
    ]
    tableName="roles"
] as ecf6c6cfbd47a4757d0cf45373ee2061
2025-07-31 16:26:29.556 [main] DEBUG liquibase.util - Computed checksum for insert:[
    columns=[
        [
            name="id"
            value="2"
        ],
        [
            name="name"
            value="ROLE_ATHLETE"
        ]
    ]
    tableName="roles"
] as 95d818b01fa89cf0dbc53f9ec047932c
2025-07-31 16:26:29.556 [main] DEBUG liquibase.util - Computed checksum for insert:[
    columns=[
        [
            name="id"
            value="3"
        ],
        [
            name="name"
            value="ROLE_TRAINER"
        ]
    ]
    tableName="roles"
] as d626e5893cb4c9b5517dc355f7f302a3
2025-07-31 16:26:29.556 [main] DEBUG liquibase.util - Computed checksum for insert:[
    columns=[
        [
            name="id"
            value="4"
        ],
        [
            name="name"
            value="ROLE_GYM_OWNER"
        ]
    ]
    tableName="roles"
] as fccab4751b9c36bd6fe4bb4d135565c6
2025-07-31 16:26:29.557 [main] DEBUG liquibase.util - Computed checksum for 9:ecf6c6cfbd47a4757d0cf45373ee2061:9:95d818b01fa89cf0dbc53f9ec047932c:9:d626e5893cb4c9b5517dc355f7f302a3:9:fccab4751b9c36bd6fe4bb4d135565c6: as 70e56b87383493f606906824f528f836
2025-07-31 16:26:29.557 [main] INFO  liquibase.ui - Running Changeset: db.changelog/changes/25-insert-roles-to-roles.yaml::25-insert-roles-to-roles::bohdan-s
2025-07-31 16:26:29.557 [main] DEBUG liquibase.changelog - Running Changeset: db.changelog/changes/25-insert-roles-to-roles.yaml::25-insert-roles-to-roles::bohdan-s
2025-07-31 16:26:29.557 [main] DEBUG liquibase.executor - Changeset db.changelog/changes/25-insert-roles-to-roles.yaml::25-insert-roles-to-roles::bohdan-s
2025-07-31 16:26:29.560 [main] DEBUG liquibase.changelog - Reading ChangeSet: db.changelog/changes/25-insert-roles-to-roles.yaml::25-insert-roles-to-roles::bohdan-s
2025-07-31 16:26:29.560 [main] DEBUG liquibase.executor - Executing Statement: liquibase.statement.core.InsertStatement@2554bfa
2025-07-31 16:26:29.561 [main] DEBUG liquibase.executor - INSERT INTO PUBLIC.roles (id, name) VALUES ('1', 'ROLE_ADMIN')
2025-07-31 16:26:29.561 [main] DEBUG liquibase.executor - 1 row(s) affected
2025-07-31 16:26:29.561 [main] INFO  liquibase.changelog - New row inserted into roles
2025-07-31 16:26:29.562 [main] DEBUG liquibase.executor - Executing Statement: liquibase.statement.core.InsertStatement@a6a7c4f
2025-07-31 16:26:29.562 [main] DEBUG liquibase.executor - INSERT INTO PUBLIC.roles (id, name) VALUES ('2', 'ROLE_ATHLETE')
2025-07-31 16:26:29.563 [main] DEBUG liquibase.executor - 1 row(s) affected
2025-07-31 16:26:29.563 [main] INFO  liquibase.changelog - New row inserted into roles
2025-07-31 16:26:29.564 [main] DEBUG liquibase.executor - Executing Statement: liquibase.statement.core.InsertStatement@451d6bc9
2025-07-31 16:26:29.564 [main] DEBUG liquibase.executor - INSERT INTO PUBLIC.roles (id, name) VALUES ('3', 'ROLE_TRAINER')
2025-07-31 16:26:29.564 [main] DEBUG liquibase.executor - 1 row(s) affected
2025-07-31 16:26:29.564 [main] INFO  liquibase.changelog - New row inserted into roles
2025-07-31 16:26:29.565 [main] DEBUG liquibase.executor - Executing Statement: liquibase.statement.core.InsertStatement@7431f4b8
2025-07-31 16:26:29.565 [main] DEBUG liquibase.executor - INSERT INTO PUBLIC.roles (id, name) VALUES ('4', 'ROLE_GYM_OWNER')
2025-07-31 16:26:29.565 [main] DEBUG liquibase.executor - 1 row(s) affected
2025-07-31 16:26:29.566 [main] INFO  liquibase.changelog - New row inserted into roles
2025-07-31 16:26:29.566 [main] INFO  liquibase.changelog - ChangeSet db.changelog/changes/25-insert-roles-to-roles.yaml::25-insert-roles-to-roles::bohdan-s ran successfully in 9ms
2025-07-31 16:26:29.567 [main] DEBUG liquibase.executor - INSERT INTO PUBLIC.DATABASECHANGELOG (ID, AUTHOR, FILENAME, DATEEXECUTED, ORDEREXECUTED, MD5SUM, DESCRIPTION, COMMENTS, EXECTYPE, CONTEXTS, LABELS, LIQUIBASE, DEPLOYMENT_ID) VALUES ('25-insert-roles-to-roles', 'bohdan-s', 'db.changelog/changes/25-insert-roles-to-roles.yaml', NOW(), 25, '9:70e56b87383493f606906824f528f836', 'insert tableName=roles; insert tableName=roles; insert tableName=roles; insert tableName=roles', '', 'EXECUTED', NULL, NULL, '4.29.2', '3979188987')
2025-07-31 16:26:29.567 [main] DEBUG liquibase.executor - 1 row(s) affected
2025-07-31 16:26:29.567 [main] DEBUG liquibase.executor - Changelog query completed.
2025-07-31 16:26:29.568 [main] DEBUG liquibase.util - Computed checksum for inputStream as 6fb70ffae83ad39b0eaba7cc05d62223
2025-07-31 16:26:29.569 [main] DEBUG liquibase.util - Computed checksum for insert:[
    columns=[
        [
            name="first_name"
            value="Super"
        ],
        [
            name="last_name"
            value="Admin"
        ],
        [
            name="user_credentials_id"
            valueComputed="(SELECT id FROM user_credentials WHERE email = 'admin@example.com')"
        ]
    ]
    tableName="admins"
] as cdcbea42e7e6691a3fc8f07884ab7955
2025-07-31 16:26:29.569 [main] DEBUG liquibase.util - Computed checksum for insert:[
    columns=[
        [
            name="user_credentials_id"
            valueComputed="(SELECT id FROM user_credentials WHERE email = 'admin@example.com')"
        ],
        [
            name="role_id"
            valueComputed="(SELECT id FROM roles WHERE name = 'ROLE_ADMIN')"
        ]
    ]
    tableName="user_credentials_roles"
] as bc5bed366659a0e25592f2f4ba56b2dc
2025-07-31 16:26:29.570 [main] DEBUG liquibase.util - Computed checksum for 9:6fb70ffae83ad39b0eaba7cc05d62223:9:cdcbea42e7e6691a3fc8f07884ab7955:9:bc5bed366659a0e25592f2f4ba56b2dc: as 6dd6ceb3e49f5d969581e1e63aea8190
2025-07-31 16:26:29.570 [main] INFO  liquibase.ui - Running Changeset: db.changelog/changes/26-insert-admin-to-admins.yaml::26-insert-admin-to-admins::bohdan-s
2025-07-31 16:26:29.570 [main] DEBUG liquibase.changelog - Running Changeset: db.changelog/changes/26-insert-admin-to-admins.yaml::26-insert-admin-to-admins::bohdan-s
2025-07-31 16:26:29.571 [main] DEBUG liquibase.executor - Changeset db.changelog/changes/26-insert-admin-to-admins.yaml::26-insert-admin-to-admins::bohdan-s
2025-07-31 16:26:29.571 [main] DEBUG liquibase.changelog - Reading ChangeSet: db.changelog/changes/26-insert-admin-to-admins.yaml::26-insert-admin-to-admins::bohdan-s
2025-07-31 16:26:29.578 [main] DEBUG liquibase.servicelocator - Loaded liquibase.parser.LiquibaseSqlParser instance liquibase.util.StandardSqlParser
2025-07-31 16:26:29.592 [main] DEBUG liquibase.executor - Executing Statement: INSERT INTO user_credentials (email, password, user_type)
SELECT 'admin@example.com', '$2a$10$2y03kivOdVnunKG2k53YeO8VO6Ks1UFPsWixKvl9PKtQsyXAFncmi', 'ADMIN'
WHERE NOT EXISTS (SELECT 1 FROM user_credentials WHERE email = 'admin@example.com')
2025-07-31 16:26:29.592 [main] DEBUG liquibase.executor - INSERT INTO user_credentials (email, password, user_type)
SELECT 'admin@example.com', '$2a$10$2y03kivOdVnunKG2k53YeO8VO6Ks1UFPsWixKvl9PKtQsyXAFncmi', 'ADMIN'
WHERE NOT EXISTS (SELECT 1 FROM user_credentials WHERE email = 'admin@example.com')
2025-07-31 16:26:29.594 [main] DEBUG liquibase.executor - 1 row(s) affected
2025-07-31 16:26:29.594 [main] INFO  liquibase.changelog - Custom SQL executed
2025-07-31 16:26:29.594 [main] DEBUG liquibase.executor - Executing Statement: liquibase.statement.core.InsertStatement@243deb3f
2025-07-31 16:26:29.595 [main] DEBUG liquibase.executor - INSERT INTO PUBLIC.admins (first_name, last_name, user_credentials_id) VALUES ('Super', 'Admin', (SELECT id FROM user_credentials WHERE email = 'admin@example.com'))
2025-07-31 16:26:29.596 [main] DEBUG liquibase.executor - 1 row(s) affected
2025-07-31 16:26:29.596 [main] INFO  liquibase.changelog - New row inserted into admins
2025-07-31 16:26:29.596 [main] DEBUG liquibase.executor - Executing Statement: liquibase.statement.core.InsertStatement@38a147ba
2025-07-31 16:26:29.597 [main] DEBUG liquibase.executor - INSERT INTO PUBLIC.user_credentials_roles (user_credentials_id, role_id) VALUES ((SELECT id FROM user_credentials WHERE email = 'admin@example.com'), (SELECT id FROM roles WHERE name = 'ROLE_ADMIN'))
2025-07-31 16:26:29.597 [main] DEBUG liquibase.executor - 1 row(s) affected
2025-07-31 16:26:29.597 [main] INFO  liquibase.changelog - New row inserted into user_credentials_roles
2025-07-31 16:26:29.598 [main] INFO  liquibase.changelog - ChangeSet db.changelog/changes/26-insert-admin-to-admins.yaml::26-insert-admin-to-admins::bohdan-s ran successfully in 28ms
2025-07-31 16:26:29.598 [main] DEBUG liquibase.executor - INSERT INTO PUBLIC.DATABASECHANGELOG (ID, AUTHOR, FILENAME, DATEEXECUTED, ORDEREXECUTED, MD5SUM, DESCRIPTION, COMMENTS, EXECTYPE, CONTEXTS, LABELS, LIQUIBASE, DEPLOYMENT_ID) VALUES ('26-insert-admin-to-admins', 'bohdan-s', 'db.changelog/changes/26-insert-admin-to-admins.yaml', NOW(), 26, '9:6dd6ceb3e49f5d969581e1e63aea8190', 'sql; insert tableName=admins; insert tableName=user_credentials_roles', '', 'EXECUTED', NULL, NULL, '4.29.2', '3979188987')
2025-07-31 16:26:29.599 [main] DEBUG liquibase.executor - 1 row(s) affected
2025-07-31 16:26:29.599 [main] DEBUG liquibase.executor - Changelog query completed.
2025-07-31 16:26:29.600 [main] DEBUG liquibase.util - Computed checksum for insert:[
    columns=[
        [
            name="email"
            value="ivan.petrenko@example.com"
        ],
        [
            name="password"
            value="$2a$10$2y03kivOdVnunKG2k53YeO8VO6Ks1UFPsWixKvl9PKtQsyXAFncmi"
        ],
        [
            name="user_type"
            value="TRAINER"
        ],
        [
            name="is_deleted"
            value="false"
        ]
    ]
    tableName="user_credentials"
] as 46347dc36c4ba709d4e76b75f317b194
2025-07-31 16:26:29.600 [main] DEBUG liquibase.util - Computed checksum for insert:[
    columns=[
        [
            name="user_credentials_id"
            valueComputed="(SELECT id FROM user_credentials WHERE email = 'ivan.petrenko@example.com')"
        ],
        [
            name="role_id"
            value="3"
        ]
    ]
    tableName="user_credentials_roles"
] as 7b57a43f905c1d30b9aa39b62ebec5d4
2025-07-31 16:26:29.600 [main] DEBUG liquibase.util - Computed checksum for insert:[
    columns=[
        [
            name="country"
            value="Україна"
        ],
        [
            name="city"
            value="Київ"
        ],
        [
            name="street"
            value="Хрещатик"
        ],
        [
            name="house"
            value="10"
        ],
        [
            name="is_deleted"
            value="false"
        ]
    ]
    tableName="addresses"
] as 0cc3f9033240d254be653a86218e6b44
2025-07-31 16:26:29.601 [main] DEBUG liquibase.util - Computed checksum for insert:[
    columns=[
        [
            name="first_name"
            value="Іван"
        ],
        [
            name="last_name"
            value="Петренко_TEST"
        ],
        [
            name="gender"
            value="MALE"
        ],
        [
            name="date_of_birth"
            value="1985-05-15"
        ],
        [
            name="profile_image_url"
            value=""
        ],
        [
            name="user_credentials_id"
            valueComputed="(SELE... [truncated in log] as 381663ba417c2fb84197237f5e332d0d
2025-07-31 16:26:29.601 [main] DEBUG liquibase.util - Computed checksum for insert:[
    columns=[
        [
            name="trainer_id"
            valueComputed="(SELECT id FROM trainers WHERE first_name = 'Іван' AND last_name = 'Петренко_TEST')"
        ],
        [
            name="phone_numbers"
            value="+38(050)-111-2233"
        ]
    ]
    tableName="trainer_phone_numbers"
] as 850ce1de1db5aa351998505fc0ca0f82
2025-07-31 16:26:29.602 [main] DEBUG liquibase.util - Computed checksum for insert:[
    columns=[
        [
            name="trainer_id"
            valueComputed="(SELECT id FROM trainers WHERE first_name = 'Іван' AND last_name = 'Петренко_TEST')"
        ],
        [
            name="certificates"
            value="Сертифікат АФК"
        ]
    ]
    tableName="trainer_certificates"
] as 844e3bd96e796403416699383bdc8c1e
2025-07-31 16:26:29.602 [main] DEBUG liquibase.util - Computed checksum for insert:[
    columns=[
        [
            name="trainer_id"
            valueComputed="(SELECT id FROM trainers WHERE first_name = 'Іван' AND last_name = 'Петренко_TEST')"
        ],
        [
            name="sport_id"
            value="3"
        ]
    ]
    tableName="sports_trainers"
] as 243e43dd4aab5fdbebf00531f4f0a551
2025-07-31 16:26:29.602 [main] DEBUG liquibase.util - Computed checksum for insert:[
    columns=[
        [
            name="trainer_id"
            valueComputed="(SELECT id FROM trainers WHERE first_name = 'Іван' AND last_name = 'Петренко_TEST')"
        ],
        [
            name="sport_id"
            value="1"
        ]
    ]
    tableName="sports_trainers"
] as 8a13fa56f7562ba6f690f4cc6f98c198
2025-07-31 16:26:29.602 [main] DEBUG liquibase.util - Computed checksum for insert:[
    columns=[
        [
            name="email"
            value="olena.kovalchuk@example.com"
        ],
        [
            name="password"
            value="$2a$10$2y03kivOdVnunKG2k53YeO8VO6Ks1UFPsWixKvl9PKtQsyXAFncmi"
        ],
        [
            name="user_type"
            value="TRAINER"
        ],
        [
            name="is_deleted"
            value="false"
        ]
    ]
    tableName="user_credentials"
] as d358c464e1b591896202e75e91d2655a
2025-07-31 16:26:29.603 [main] DEBUG liquibase.util - Computed checksum for insert:[
    columns=[
        [
            name="user_credentials_id"
            valueComputed="(SELECT id FROM user_credentials WHERE email = 'olena.kovalchuk@example.com')"
        ],
        [
            name="role_id"
            value="3"
        ]
    ]
    tableName="user_credentials_roles"
] as 3d1afb454ee3a4469d2dc69e6b2ac732
2025-07-31 16:26:29.603 [main] DEBUG liquibase.util - Computed checksum for insert:[
    columns=[
        [
            name="country"
            value="Україна"
        ],
        [
            name="city"
            value="Львів"
        ],
        [
            name="street"
            value="Просп. Свободи"
        ],
        [
            name="house"
            value="25"
        ],
        [
            name="is_deleted"
            value="false"
        ]
    ]
    tableName="addresses"
] as a3888613964618ed3763f715ee8911f0
2025-07-31 16:26:29.604 [main] DEBUG liquibase.util - Computed checksum for insert:[
    columns=[
        [
            name="first_name"
            value="Олена"
        ],
        [
            name="last_name"
            value="Ковальчук_TEST"
        ],
        [
            name="gender"
            value="FEMALE"
        ],
        [
            name="date_of_birth"
            value="1990-11-20"
        ],
        [
            name="profile_image_url"
            value=""
        ],
        [
            name="user_credentials_id"
            valueComputed="(... [truncated in log] as 08776f31c0cac1c48d171e336eb89d94
2025-07-31 16:26:29.604 [main] DEBUG liquibase.util - Computed checksum for insert:[
    columns=[
        [
            name="trainer_id"
            valueComputed="(SELECT id FROM trainers WHERE first_name = 'Олена' AND last_name = 'Ковальчук_TEST')"
        ],
        [
            name="phone_numbers"
            value="+38(067)-222-3344"
        ]
    ]
    tableName="trainer_phone_numbers"
] as 4ee43f03356033aae8b06a34c3f750bc
2025-07-31 16:26:29.604 [main] DEBUG liquibase.util - Computed checksum for insert:[
    columns=[
        [
            name="trainer_id"
            valueComputed="(SELECT id FROM trainers WHERE first_name = 'Олена' AND last_name = 'Ковальчук_TEST')"
        ],
        [
            name="certificates"
            value="Сертифікат Йога Альянс"
        ]
    ]
    tableName="trainer_certificates"
] as fa128c8a35279b370e7aac464289c5e3
2025-07-31 16:26:29.605 [main] DEBUG liquibase.util - Computed checksum for insert:[
    columns=[
        [
            name="trainer_id"
            valueComputed="(SELECT id FROM trainers WHERE first_name = 'Олена' AND last_name = 'Ковальчук_TEST')"
        ],
        [
            name="sport_id"
            value="7"
        ]
    ]
    tableName="sports_trainers"
] as ba1ada4788017f464238b7edb3a6f276
2025-07-31 16:26:29.605 [main] DEBUG liquibase.util - Computed checksum for insert:[
    columns=[
        [
            name="trainer_id"
            valueComputed="(SELECT id FROM trainers WHERE first_name = 'Олена' AND last_name = 'Ковальчук_TEST')"
        ],
        [
            name="sport_id"
            value="13"
        ]
    ]
    tableName="sports_trainers"
] as b246d38968981e91597206656af1a708
2025-07-31 16:26:29.606 [main] DEBUG liquibase.util - Computed checksum for insert:[
    columns=[
        [
            name="email"
            value="mykhailo.sydorenko@example.com"
        ],
        [
            name="password"
            value="$2a$10$2y03kivOdVnunKG2k53YeO8VO6Ks1UFPsWixKvl9PKtQsyXAFncmi"
        ],
        [
            name="user_type"
            value="TRAINER"
        ],
        [
            name="is_deleted"
            value="false"
        ]
    ]
    tableName="user_credentials"
] as b631912c3ac18de6b6d8a63960bf8dac
2025-07-31 16:26:29.606 [main] DEBUG liquibase.util - Computed checksum for insert:[
    columns=[
        [
            name="user_credentials_id"
            valueComputed="(SELECT id FROM user_credentials WHERE email = 'mykhailo.sydorenko@example.com')"
        ],
        [
            name="role_id"
            value="3"
        ]
    ]
    tableName="user_credentials_roles"
] as 5ecb022a7ad1eeb0705d374e0e359e26
2025-07-31 16:26:29.606 [main] DEBUG liquibase.util - Computed checksum for insert:[
    columns=[
        [
            name="country"
            value="Україна"
        ],
        [
            name="city"
            value="Одеса"
        ],
        [
            name="street"
            value="Дерибасівська"
        ],
        [
            name="house"
            value="5"
        ],
        [
            name="is_deleted"
            value="false"
        ]
    ]
    tableName="addresses"
] as e11f67d219b6e8d9f11e928e96cb2b83
2025-07-31 16:26:29.607 [main] DEBUG liquibase.util - Computed checksum for insert:[
    columns=[
        [
            name="first_name"
            value="Михайло"
        ],
        [
            name="last_name"
            value="Сидоренко_TEST"
        ],
        [
            name="gender"
            value="MALE"
        ],
        [
            name="date_of_birth"
            value="1988-03-01"
        ],
        [
            name="profile_image_url"
            value=""
        ],
        [
            name="user_credentials_id"
            valueComputed="(... [truncated in log] as ccb0e3284da6a0938a3db429dea8a41a
2025-07-31 16:26:29.607 [main] DEBUG liquibase.util - Computed checksum for insert:[
    columns=[
        [
            name="trainer_id"
            valueComputed="(SELECT id FROM trainers WHERE first_name = 'Михайло' AND last_name = 'Сидоренко_TEST')"
        ],
        [
            name="phone_numbers"
            value="+38(095)-333-4455"
        ]
    ]
    tableName="trainer_phone_numbers"
] as e273fc1f26758d035006b9a44b220fd3
2025-07-31 16:26:29.607 [main] DEBUG liquibase.util - Computed checksum for insert:[
    columns=[
        [
            name="trainer_id"
            valueComputed="(SELECT id FROM trainers WHERE first_name = 'Михайло' AND last_name = 'Сидоренко_TEST')"
        ],
        [
            name="certificates"
            value="Сертифікат Федерації Боксу"
        ]
    ]
    tableName="trainer_certificates"
] as 8873840ce0c3d1f499cd69ee9da64e04
2025-07-31 16:26:29.608 [main] DEBUG liquibase.util - Computed checksum for insert:[
    columns=[
        [
            name="trainer_id"
            valueComputed="(SELECT id FROM trainers WHERE first_name = 'Михайло' AND last_name = 'Сидоренко_TEST')"
        ],
        [
            name="sport_id"
            value="5"
        ]
    ]
    tableName="sports_trainers"
] as 95cb53d78748966ccda8236178bb70a7
2025-07-31 16:26:29.608 [main] DEBUG liquibase.util - Computed checksum for insert:[
    columns=[
        [
            name="trainer_id"
            valueComputed="(SELECT id FROM trainers WHERE first_name = 'Михайло' AND last_name = 'Сидоренко_TEST')"
        ],
        [
            name="sport_id"
            value="17"
        ]
    ]
    tableName="sports_trainers"
] as e8248ed7e867135c00d66d3a67fa4a5b
2025-07-31 16:26:29.609 [main] DEBUG liquibase.util - Computed checksum for insert:[
    columns=[
        [
            name="email"
            value="nataliia.melnyk@example.com"
        ],
        [
            name="password"
            value="$2a$10$2y03kivOdVnunKG2k53YeO8VO6Ks1UFPsWixKvl9PKtQsyXAFncmi"
        ],
        [
            name="user_type"
            value="TRAINER"
        ],
        [
            name="is_deleted"
            value="false"
        ]
    ]
    tableName="user_credentials"
] as fac9648147266b7bffd9bef99644ca85
2025-07-31 16:26:29.609 [main] DEBUG liquibase.util - Computed checksum for insert:[
    columns=[
        [
            name="user_credentials_id"
            valueComputed="(SELECT id FROM user_credentials WHERE email = 'nataliia.melnyk@example.com')"
        ],
        [
            name="role_id"
            value="3"
        ]
    ]
    tableName="user_credentials_roles"
] as fcdaae243f79eb8fadba553779707785
2025-07-31 16:26:29.610 [main] DEBUG liquibase.util - Computed checksum for insert:[
    columns=[
        [
            name="country"
            value="Україна"
        ],
        [
            name="city"
            value="Харків"
        ],
        [
            name="street"
            value="Пл. Свободи"
        ],
        [
            name="house"
            value="1"
        ],
        [
            name="is_deleted"
            value="false"
        ]
    ]
    tableName="addresses"
] as 03d63a4564a74836604c3da3ae15ca4c
2025-07-31 16:26:29.610 [main] DEBUG liquibase.util - Computed checksum for insert:[
    columns=[
        [
            name="first_name"
            value="Наталія"
        ],
        [
            name="last_name"
            value="Мельник_TEST"
        ],
        [
            name="gender"
            value="FEMALE"
        ],
        [
            name="date_of_birth"
            value="1992-07-25"
        ],
        [
            name="profile_image_url"
            value=""
        ],
        [
            name="user_credentials_id"
            valueComputed="(... [truncated in log] as af6796aa9dd82a7a494692f3caa92cf0
2025-07-31 16:26:29.611 [main] DEBUG liquibase.util - Computed checksum for insert:[
    columns=[
        [
            name="trainer_id"
            valueComputed="(SELECT id FROM trainers WHERE first_name = 'Наталія' AND last_name = 'Мельник_TEST')"
        ],
        [
            name="phone_numbers"
            value="+38(096)-444-5566"
        ]
    ]
    tableName="trainer_phone_numbers"
] as 84a6ecddd62d13a14b123c41f91778f6
2025-07-31 16:26:29.611 [main] DEBUG liquibase.util - Computed checksum for insert:[
    columns=[
        [
            name="trainer_id"
            valueComputed="(SELECT id FROM trainers WHERE first_name = 'Наталія' AND last_name = 'Мельник_TEST')"
        ],
        [
            name="certificates"
            value="ACE Certified Personal Trainer"
        ]
    ]
    tableName="trainer_certificates"
] as 0e30368bd74936f4580310880bef0955
2025-07-31 16:26:29.611 [main] DEBUG liquibase.util - Computed checksum for insert:[
    columns=[
        [
            name="trainer_id"
            valueComputed="(SELECT id FROM trainers WHERE first_name = 'Наталія' AND last_name = 'Мельник_TEST')"
        ],
        [
            name="sport_id"
            value="6"
        ]
    ]
    tableName="sports_trainers"
] as dcca16231bc14b8514aefb8f3f54698f
2025-07-31 16:26:29.612 [main] DEBUG liquibase.util - Computed checksum for insert:[
    columns=[
        [
            name="trainer_id"
            valueComputed="(SELECT id FROM trainers WHERE first_name = 'Наталія' AND last_name = 'Мельник_TEST')"
        ],
        [
            name="sport_id"
            value="16"
        ]
    ]
    tableName="sports_trainers"
] as fdea958c7a1f60c090d3779730f384a7
2025-07-31 16:26:29.612 [main] DEBUG liquibase.util - Computed checksum for insert:[
    columns=[
        [
            name="email"
            value="andrii.shevchenko@example.com"
        ],
        [
            name="password"
            value="$2a$10$2y03kivOdVnunKG2k53YeO8VO6Ks1UFPsWixKvl9PKtQsyXAFncmi"
        ],
        [
            name="user_type"
            value="TRAINER"
        ],
        [
            name="is_deleted"
            value="false"
        ]
    ]
    tableName="user_credentials"
] as 617149826f837c4e3dfc7fecc3d0b129
2025-07-31 16:26:29.613 [main] DEBUG liquibase.util - Computed checksum for insert:[
    columns=[
        [
            name="user_credentials_id"
            valueComputed="(SELECT id FROM user_credentials WHERE email = 'andrii.shevchenko@example.com')"
        ],
        [
            name="role_id"
            value="3"
        ]
    ]
    tableName="user_credentials_roles"
] as 75470b401c3ab9ac63032fe6a04adbae
2025-07-31 16:26:29.613 [main] DEBUG liquibase.util - Computed checksum for insert:[
    columns=[
        [
            name="country"
            value="Україна"
        ],
        [
            name="city"
            value="Дніпро"
        ],
        [
            name="street"
            value="Січеславська Набережна"
        ],
        [
            name="house"
            value="35"
        ],
        [
            name="is_deleted"
            value="false"
        ]
    ]
    tableName="addresses"
] as 4b8e73bca00dcf511d07f48ca9e18aa8
2025-07-31 16:26:29.614 [main] DEBUG liquibase.util - Computed checksum for insert:[
    columns=[
        [
            name="first_name"
            value="Андрій"
        ],
        [
            name="last_name"
            value="Шевченко_TEST"
        ],
        [
            name="gender"
            value="MALE"
        ],
        [
            name="date_of_birth"
            value="1980-01-01"
        ],
        [
            name="profile_image_url"
            value=""
        ],
        [
            name="user_credentials_id"
            valueComputed="(SE... [truncated in log] as b04cdbdcd9af358eb661728c6e65a656
2025-07-31 16:26:29.614 [main] DEBUG liquibase.util - Computed checksum for insert:[
    columns=[
        [
            name="trainer_id"
            valueComputed="(SELECT id FROM trainers WHERE first_name = 'Андрій' AND last_name = 'Шевченко_TEST')"
        ],
        [
            name="phone_numbers"
            value="+38(050)-555-6677"
        ]
    ]
    tableName="trainer_phone_numbers"
] as 4654244bf7605358e9c055a5c62bf491
2025-07-31 16:26:29.615 [main] DEBUG liquibase.util - Computed checksum for insert:[
    columns=[
        [
            name="trainer_id"
            valueComputed="(SELECT id FROM trainers WHERE first_name = 'Андрій' AND last_name = 'Шевченко_TEST')"
        ],
        [
            name="certificates"
            value="Сертифікат CrossFit Level 1"
        ]
    ]
    tableName="trainer_certificates"
] as 8f8d8e614daefbabc9774dc022ccf5ab
2025-07-31 16:26:29.615 [main] DEBUG liquibase.util - Computed checksum for insert:[
    columns=[
        [
            name="trainer_id"
            valueComputed="(SELECT id FROM trainers WHERE first_name = 'Андрій' AND last_name = 'Шевченко_TEST')"
        ],
        [
            name="sport_id"
            value="3"
        ]
    ]
    tableName="sports_trainers"
] as d823c530aaf51f09de4cda01c37b21ab
2025-07-31 16:26:29.621 [main] DEBUG liquibase.util - Computed checksum for insert:[
    columns=[
        [
            name="email"
            value="yuliia.tkachenko@example.com"
        ],
        [
            name="password"
            value="$2a$10$2y03kivOdVnunKG2k53YeO8VO6Ks1UFPsWixKvl9PKtQsyXAFncmi"
        ],
        [
            name="user_type"
            value="TRAINER"
        ],
        [
            name="is_deleted"
            value="false"
        ]
    ]
    tableName="user_credentials"
] as 247e5921bb2a60bdf0ded86c98a8e76a
2025-07-31 16:26:29.622 [main] DEBUG liquibase.util - Computed checksum for insert:[
    columns=[
        [
            name="user_credentials_id"
            valueComputed="(SELECT id FROM user_credentials WHERE email = 'yuliia.tkachenko@example.com')"
        ],
        [
            name="role_id"
            value="3"
        ]
    ]
    tableName="user_credentials_roles"
] as f067fd904f9fb3e8a8d567bc2949a6d6
2025-07-31 16:26:29.623 [main] DEBUG liquibase.util - Computed checksum for insert:[
    columns=[
        [
            name="country"
            value="Україна"
        ],
        [
            name="city"
            value="Запоріжжя"
        ],
        [
            name="street"
            value="Просп. Соборний"
        ],
        [
            name="house"
            value="150"
        ],
        [
            name="is_deleted"
            value="false"
        ]
    ]
    tableName="addresses"
] as a0da9600d0ecc8c7b1211e268de42554
2025-07-31 16:26:29.623 [main] DEBUG liquibase.util - Computed checksum for insert:[
    columns=[
        [
            name="first_name"
            value="Юлія"
        ],
        [
            name="last_name"
            value="Ткаченко_TEST"
        ],
        [
            name="gender"
            value="FEMALE"
        ],
        [
            name="date_of_birth"
            value="1991-09-05"
        ],
        [
            name="profile_image_url"
            value=""
        ],
        [
            name="user_credentials_id"
            valueComputed="(SE... [truncated in log] as a4459e0f52890c29055bb9697ff40cf6
2025-07-31 16:26:29.623 [main] DEBUG liquibase.util - Computed checksum for insert:[
    columns=[
        [
            name="trainer_id"
            valueComputed="(SELECT id FROM trainers WHERE first_name = 'Юлія' AND last_name = 'Ткаченко_TEST')"
        ],
        [
            name="phone_numbers"
            value="+38(097)-666-7788"
        ]
    ]
    tableName="trainer_phone_numbers"
] as 7ec4dffdc6d4970c23bb83bda6d018d3
2025-07-31 16:26:29.624 [main] DEBUG liquibase.util - Computed checksum for insert:[
    columns=[
        [
            name="trainer_id"
            valueComputed="(SELECT id FROM trainers WHERE first_name = 'Юлія' AND last_name = 'Ткаченко_TEST')"
        ],
        [
            name="certificates"
            value="Сертифікат Zumba Instructor"
        ]
    ]
    tableName="trainer_certificates"
] as c5b23a8e430d745484e93264657e4b9f
2025-07-31 16:26:29.624 [main] DEBUG liquibase.util - Computed checksum for insert:[
    columns=[
        [
            name="trainer_id"
            valueComputed="(SELECT id FROM trainers WHERE first_name = 'Юлія' AND last_name = 'Ткаченко_TEST')"
        ],
        [
            name="sport_id"
            value="14"
        ]
    ]
    tableName="sports_trainers"
] as e67fd391c7db9debf7aaf2a24e934c0f
2025-07-31 16:26:29.624 [main] DEBUG liquibase.util - Computed checksum for insert:[
    columns=[
        [
            name="email"
            value="volodymyr.bondarenko@example.com"
        ],
        [
            name="password"
            value="$2a$10$2y03kivOdVnunKG2k53YeO8VO6Ks1UFPsWixKvl9PKtQsyXAFncmi"
        ],
        [
            name="user_type"
            value="TRAINER"
        ],
        [
            name="is_deleted"
            value="false"
        ]
    ]
    tableName="user_credentials"
] as 542a0e139f3bd9490d67a7abe8815b5f
2025-07-31 16:26:29.625 [main] DEBUG liquibase.util - Computed checksum for insert:[
    columns=[
        [
            name="user_credentials_id"
            valueComputed="(SELECT id FROM user_credentials WHERE email = 'volodymyr.bondarenko@example.com')"
        ],
        [
            name="role_id"
            value="3"
        ]
    ]
    tableName="user_credentials_roles"
] as 700480cb16130e388f5f72bc35e0cdab
2025-07-31 16:26:29.625 [main] DEBUG liquibase.util - Computed checksum for insert:[
    columns=[
        [
            name="country"
            value="Україна"
        ],
        [
            name="city"
            value="Вінниця"
        ],
        [
            name="street"
            value="Соборна"
        ],
        [
            name="house"
            value="80"
        ],
        [
            name="is_deleted"
            value="false"
        ]
    ]
    tableName="addresses"
] as b4e031c29c04166e8bb923178a6599c9
2025-07-31 16:26:29.625 [main] DEBUG liquibase.util - Computed checksum for insert:[
    columns=[
        [
            name="first_name"
            value="Володимир"
        ],
        [
            name="last_name"
            value="Бондаренко_TEST"
        ],
        [
            name="gender"
            value="MALE"
        ],
        [
            name="date_of_birth"
            value="1983-02-10"
        ],
        [
            name="profile_image_url"
            value=""
        ],
        [
            name="user_credentials_id"
            valueComputed... [truncated in log] as 3607be20d320ac6bdc48a6dd38e9e2b2
2025-07-31 16:26:29.626 [main] DEBUG liquibase.util - Computed checksum for insert:[
    columns=[
        [
            name="trainer_id"
            valueComputed="(SELECT id FROM trainers WHERE first_name = 'Володимир' AND last_name = 'Бондаренко_TEST')"
        ],
        [
            name="phone_numbers"
            value="+38(063)-777-8899"
        ]
    ]
    tableName="trainer_phone_numbers"
] as 9bbcc763f8e7e1c88e396aea9b84504d
2025-07-31 16:26:29.626 [main] DEBUG liquibase.util - Computed checksum for insert:[
    columns=[
        [
            name="trainer_id"
            valueComputed="(SELECT id FROM trainers WHERE first_name = 'Володимир' AND last_name = 'Бондаренко_TEST')"
        ],
        [
            name="certificates"
            value="IPF Powerlifting Coach"
        ]
    ]
    tableName="trainer_certificates"
] as abf3bf67b8024b6deba354b966b3f48b
2025-07-31 16:26:29.627 [main] DEBUG liquibase.util - Computed checksum for insert:[
    columns=[
        [
            name="trainer_id"
            valueComputed="(SELECT id FROM trainers WHERE first_name = 'Володимир' AND last_name = 'Бондаренко_TEST')"
        ],
        [
            name="sport_id"
            value="1"
        ]
    ]
    tableName="sports_trainers"
] as 8bbbbfea478fcc62bfce9f77e0fb0a43
2025-07-31 16:26:29.628 [main] DEBUG liquibase.util - Computed checksum for insert:[
    columns=[
        [
            name="email"
            value="iryna.kravchenko@example.com"
        ],
        [
            name="password"
            value="$2a$10$2y03kivOdVnunKG2k53YeO8VO6Ks1UFPsWixKvl9PKtQsyXAFncmi"
        ],
        [
            name="user_type"
            value="TRAINER"
        ],
        [
            name="is_deleted"
            value="false"
        ]
    ]
    tableName="user_credentials"
] as b3ee8a785055d5ce032bc0a784c5d9aa
2025-07-31 16:26:29.628 [main] DEBUG liquibase.util - Computed checksum for insert:[
    columns=[
        [
            name="user_credentials_id"
            valueComputed="(SELECT id FROM user_credentials WHERE email = 'iryna.kravchenko@example.com')"
        ],
        [
            name="role_id"
            value="3"
        ]
    ]
    tableName="user_credentials_roles"
] as 8564ad8735f92dc92c33e90ad7be7dae
2025-07-31 16:26:29.629 [main] DEBUG liquibase.util - Computed checksum for insert:[
    columns=[
        [
            name="country"
            value="Україна"
        ],
        [
            name="city"
            value="Чернігів"
        ],
        [
            name="street"
            value="Просп. Миру"
        ],
        [
            name="house"
            value="49"
        ],
        [
            name="is_deleted"
            value="false"
        ]
    ]
    tableName="addresses"
] as a9a371ae2b559c9fd32fe013c026ce80
2025-07-31 16:26:29.630 [main] DEBUG liquibase.util - Computed checksum for insert:[
    columns=[
        [
            name="first_name"
            value="Ірина"
        ],
        [
            name="last_name"
            value="Кравченко_TEST"
        ],
        [
            name="gender"
            value="FEMALE"
        ],
        [
            name="date_of_birth"
            value="1993-04-12"
        ],
        [
            name="profile_image_url"
            value=""
        ],
        [
            name="user_credentials_id"
            valueComputed="(... [truncated in log] as 76eb7b810b22d151a7eef9eb79ea9532
2025-07-31 16:26:29.631 [main] DEBUG liquibase.util - Computed checksum for insert:[
    columns=[
        [
            name="trainer_id"
            valueComputed="(SELECT id FROM trainers WHERE first_name = 'Ірина' AND last_name = 'Кравченко_TEST')"
        ],
        [
            name="phone_numbers"
            value="+38(098)-888-9900"
        ]
    ]
    tableName="trainer_phone_numbers"
] as 7dffbfb7c4abbd4c7cb85b9bae319ed2
2025-07-31 16:26:29.631 [main] DEBUG liquibase.util - Computed checksum for insert:[
    columns=[
        [
            name="trainer_id"
            valueComputed="(SELECT id FROM trainers WHERE first_name = 'Ірина' AND last_name = 'Кравченко_TEST')"
        ],
        [
            name="certificates"
            value="AFAA Group Fitness Instructor"
        ]
    ]
    tableName="trainer_certificates"
] as 7377a1fede14bc32bf7a8f2bdd053847
2025-07-31 16:26:29.632 [main] DEBUG liquibase.util - Computed checksum for insert:[
    columns=[
        [
            name="trainer_id"
            valueComputed="(SELECT id FROM trainers WHERE first_name = 'Ірина' AND last_name = 'Кравченко_TEST')"
        ],
        [
            name="sport_id"
            value="6"
        ]
    ]
    tableName="sports_trainers"
] as 12653dcbdf322c616969ecdb7bf1c380
2025-07-31 16:26:29.632 [main] DEBUG liquibase.util - Computed checksum for insert:[
    columns=[
        [
            name="trainer_id"
            valueComputed="(SELECT id FROM trainers WHERE first_name = 'Ірина' AND last_name = 'Кравченко_TEST')"
        ],
        [
            name="sport_id"
            value="7"
        ]
    ]
    tableName="sports_trainers"
] as 979f7c45e0a927369e62b469260734e7
2025-07-31 16:26:29.633 [main] DEBUG liquibase.util - Computed checksum for insert:[
    columns=[
        [
            name="email"
            value="serhii.marchenko@example.com"
        ],
        [
            name="password"
            value="$2a$10$2y03kivOdVnunKG2k53YeO8VO6Ks1UFPsWixKvl9PKtQsyXAFncmi"
        ],
        [
            name="user_type"
            value="TRAINER"
        ],
        [
            name="is_deleted"
            value="false"
        ]
    ]
    tableName="user_credentials"
] as 7b99fe434efc3bad6210a0742a35e55b
2025-07-31 16:26:29.633 [main] DEBUG liquibase.util - Computed checksum for insert:[
    columns=[
        [
            name="user_credentials_id"
            valueComputed="(SELECT id FROM user_credentials WHERE email = 'serhii.marchenko@example.com')"
        ],
        [
            name="role_id"
            value="3"
        ]
    ]
    tableName="user_credentials_roles"
] as 35110850724440b0bd2b6d15685ec816
2025-07-31 16:26:29.634 [main] DEBUG liquibase.util - Computed checksum for insert:[
    columns=[
        [
            name="country"
            value="Україна"
        ],
        [
            name="city"
            value="Полтава"
        ],
        [
            name="street"
            value="Європейська"
        ],
        [
            name="house"
            value="10"
        ],
        [
            name="is_deleted"
            value="false"
        ]
    ]
    tableName="addresses"
] as 3e7aaa6e30702a37fb920be87a89eb60
2025-07-31 16:26:29.634 [main] DEBUG liquibase.util - Computed checksum for insert:[
    columns=[
        [
            name="first_name"
            value="Сергій"
        ],
        [
            name="last_name"
            value="Марченко_TEST"
        ],
        [
            name="gender"
            value="MALE"
        ],
        [
            name="date_of_birth"
            value="1987-08-28"
        ],
        [
            name="profile_image_url"
            value=""
        ],
        [
            name="user_credentials_id"
            valueComputed="(SE... [truncated in log] as d994788a0a0b29577dfc970c1f26af74
2025-07-31 16:26:29.635 [main] DEBUG liquibase.util - Computed checksum for insert:[
    columns=[
        [
            name="trainer_id"
            valueComputed="(SELECT id FROM trainers WHERE first_name = 'Сергій' AND last_name = 'Марченко_TEST')"
        ],
        [
            name="phone_numbers"
            value="+38(050)-999-0011"
        ]
    ]
    tableName="trainer_phone_numbers"
] as 11016c25211a61b7426400ead18b3e9a
2025-07-31 16:26:29.635 [main] DEBUG liquibase.util - Computed checksum for insert:[
    columns=[
        [
            name="trainer_id"
            valueComputed="(SELECT id FROM trainers WHERE first_name = 'Сергій' AND last_name = 'Марченко_TEST')"
        ],
        [
            name="certificates"
            value="Сертифікат FINA"
        ]
    ]
    tableName="trainer_certificates"
] as 690290a7b9376150de852d75382f7449
2025-07-31 16:26:29.635 [main] DEBUG liquibase.util - Computed checksum for insert:[
    columns=[
        [
            name="trainer_id"
            valueComputed="(SELECT id FROM trainers WHERE first_name = 'Сергій' AND last_name = 'Марченко_TEST')"
        ],
        [
            name="sport_id"
            value="2"
        ]
    ]
    tableName="sports_trainers"
] as 9a441f458bb18013ae559d75683051d9
2025-07-31 16:26:29.636 [main] DEBUG liquibase.util - Computed checksum for insert:[
    columns=[
        [
            name="trainer_id"
            valueComputed="(SELECT id FROM trainers WHERE first_name = 'Сергій' AND last_name = 'Марченко_TEST')"
        ],
        [
            name="sport_id"
            value="12"
        ]
    ]
    tableName="sports_trainers"
] as 7ea6a9f498a5fe357a4085ffb274df30
2025-07-31 16:26:29.636 [main] DEBUG liquibase.util - Computed checksum for insert:[
    columns=[
        [
            name="email"
            value="halyna.oliynyk@example.com"
        ],
        [
            name="password"
            value="$2a$10$2y03kivOdVnunKG2k53YeO8VO6Ks1UFPsWixKvl9PKtQsyXAFncmi"
        ],
        [
            name="user_type"
            value="TRAINER"
        ],
        [
            name="is_deleted"
            value="false"
        ]
    ]
    tableName="user_credentials"
] as 9885df4aea9848ff95e0dffde4558a59
2025-07-31 16:26:29.636 [main] DEBUG liquibase.util - Computed checksum for insert:[
    columns=[
        [
            name="user_credentials_id"
            valueComputed="(SELECT id FROM user_credentials WHERE email = 'halyna.oliynyk@example.com')"
        ],
        [
            name="role_id"
            value="3"
        ]
    ]
    tableName="user_credentials_roles"
] as 744e40682a5c2faa7c372982a5bd88f7
2025-07-31 16:26:29.637 [main] DEBUG liquibase.util - Computed checksum for insert:[
    columns=[
        [
            name="country"
            value="Україна"
        ],
        [
            name="city"
            value="Черкаси"
        ],
        [
            name="street"
            value="Хрещатик"
        ],
        [
            name="house"
            value="200"
        ],
        [
            name="is_deleted"
            value="false"
        ]
    ]
    tableName="addresses"
] as 68f7f5d7352e3a35c1cf2990d767fec6
2025-07-31 16:26:29.638 [main] DEBUG liquibase.util - Computed checksum for insert:[
    columns=[
        [
            name="first_name"
            value="Галина"
        ],
        [
            name="last_name"
            value="Олійник_TEST"
        ],
        [
            name="gender"
            value="FEMALE"
        ],
        [
            name="date_of_birth"
            value="1994-10-18"
        ],
        [
            name="profile_image_url"
            value=""
        ],
        [
            name="user_credentials_id"
            valueComputed="(S... [truncated in log] as aad6e050ea440790ac31552202160a9a
2025-07-31 16:26:29.638 [main] DEBUG liquibase.util - Computed checksum for insert:[
    columns=[
        [
            name="trainer_id"
            valueComputed="(SELECT id FROM trainers WHERE first_name = 'Галина' AND last_name = 'Олійник_TEST')"
        ],
        [
            name="phone_numbers"
            value="+38(067)-123-4567"
        ]
    ]
    tableName="trainer_phone_numbers"
] as 4eebd43046b67e47738916638af4b52c
2025-07-31 16:26:29.643 [main] DEBUG liquibase.util - Computed checksum for insert:[
    columns=[
        [
            name="trainer_id"
            valueComputed="(SELECT id FROM trainers WHERE first_name = 'Галина' AND last_name = 'Олійник_TEST')"
        ],
        [
            name="certificates"
            value="Certified Rehabilitation Specialist"
        ]
    ]
    tableName="trainer_certificates"
] as 45e95207184bbe128800ef6cae58de11
2025-07-31 16:26:29.644 [main] DEBUG liquibase.util - Computed checksum for insert:[
    columns=[
        [
            name="trainer_id"
            valueComputed="(SELECT id FROM trainers WHERE first_name = 'Галина' AND last_name = 'Олійник_TEST')"
        ],
        [
            name="sport_id"
            value="4"
        ]
    ]
    tableName="sports_trainers"
] as 8e6426be7350ecc5dfa6d125a5c59b3a
2025-07-31 16:26:29.644 [main] DEBUG liquibase.util - Computed checksum for insert:[
    columns=[
        [
            name="trainer_id"
            valueComputed="(SELECT id FROM trainers WHERE first_name = 'Галина' AND last_name = 'Олійник_TEST')"
        ],
        [
            name="sport_id"
            value="15"
        ]
    ]
    tableName="sports_trainers"
] as 0da9c9768da28297345ba6f7c9e08e5f
2025-07-31 16:26:29.644 [main] DEBUG liquibase.util - Computed checksum for 9:46347dc36c4ba709d4e76b75f317b194:9:7b57a43f905c1d30b9aa39b62ebec5d4:9:0cc3f9033240d254be653a86218e6b44:9:381663ba417c2fb84197237f5e332d0d:9:850ce1de1db5aa351998505fc0ca0f82:9:844e3bd96e796403416699383bdc8c1e:9:243e43dd4aab5fdbebf00531f4f0a551:9:8a13fa56f7562ba6f690f4cc6f98c198:9:d358c464e1b591896202e75e91d2655a:9:3d1afb454ee3a4469d2dc69e6b2ac732:9:a3888613964618ed3763f715ee8911f0:9:08776f31c0cac1c48d171e336eb89d94:9:4ee43f03356033aae8b06a34c3f750bc:9:fa128c8a35279b370e7aac464289c5e3:9:ba1ada47... [truncated in log] as 18bb7a6c6d60c3b3d3a8292c3630b15f
2025-07-31 16:26:29.645 [main] INFO  liquibase.ui - Running Changeset: db.changelog/changes/27-insert-trainers-for-testing.yaml::27-insert-trainers-for-testing::bohdan-s
2025-07-31 16:26:29.645 [main] DEBUG liquibase.changelog - Running Changeset: db.changelog/changes/27-insert-trainers-for-testing.yaml::27-insert-trainers-for-testing::bohdan-s
2025-07-31 16:26:29.645 [main] DEBUG liquibase.executor - Changeset db.changelog/changes/27-insert-trainers-for-testing.yaml::27-insert-trainers-for-testing::bohdan-s
2025-07-31 16:26:29.649 [main] DEBUG liquibase.changelog - Reading ChangeSet: db.changelog/changes/27-insert-trainers-for-testing.yaml::27-insert-trainers-for-testing::bohdan-s
2025-07-31 16:26:29.650 [main] DEBUG liquibase.executor - Executing Statement: liquibase.statement.core.InsertStatement@2094a7be
2025-07-31 16:26:29.650 [main] DEBUG liquibase.executor - INSERT INTO PUBLIC.user_credentials (email, password, user_type, is_deleted) VALUES ('ivan.petrenko@example.com', '$2a$10$2y03kivOdVnunKG2k53YeO8VO6Ks1UFPsWixKvl9PKtQsyXAFncmi', 'TRAINER', 'false')
2025-07-31 16:26:29.651 [main] DEBUG liquibase.executor - 1 row(s) affected
2025-07-31 16:26:29.651 [main] INFO  liquibase.changelog - New row inserted into user_credentials
2025-07-31 16:26:29.652 [main] DEBUG liquibase.executor - Executing Statement: liquibase.statement.core.InsertStatement@57f2a68c
2025-07-31 16:26:29.652 [main] DEBUG liquibase.executor - INSERT INTO PUBLIC.user_credentials_roles (user_credentials_id, role_id) VALUES ((SELECT id FROM user_credentials WHERE email = 'ivan.petrenko@example.com'), '3')
2025-07-31 16:26:29.653 [main] DEBUG liquibase.executor - 1 row(s) affected
2025-07-31 16:26:29.653 [main] INFO  liquibase.changelog - New row inserted into user_credentials_roles
2025-07-31 16:26:29.653 [main] DEBUG liquibase.executor - Executing Statement: liquibase.statement.core.InsertStatement@2c63f1fe
2025-07-31 16:26:29.654 [main] DEBUG liquibase.executor - INSERT INTO PUBLIC.addresses (country, city, street, house, is_deleted) VALUES ('Україна', 'Київ', 'Хрещатик', '10', 'false')
2025-07-31 16:26:29.655 [main] DEBUG liquibase.executor - 1 row(s) affected
2025-07-31 16:26:29.655 [main] INFO  liquibase.changelog - New row inserted into addresses
2025-07-31 16:26:29.656 [main] DEBUG liquibase.executor - Executing Statement: liquibase.statement.core.InsertStatement@7c4c091a
2025-07-31 16:26:29.657 [main] DEBUG liquibase.executor - INSERT INTO PUBLIC.trainers (first_name, last_name, gender, date_of_birth, profile_image_url, user_credentials_id, address_id, online_training, description, social_media_links, overall_rating, number_of_reviews, is_deleted) VALUES ('Іван', 'Петренко_TEST', 'MALE', '1985-05-15', '', (SELECT id FROM user_credentials WHERE email = 'ivan.petrenko@example.com'), (SELECT id FROM addresses WHERE country = 'Україна' AND city = 'Київ' AND street = 'Хрещатик' AND house = '10'), 'true', 'Досвідчений тренер з фітнесу та кросфіту.', 'https://fb.com/ivan.trainer', '4.9', '120', 'false')
2025-07-31 16:26:29.667 [main] DEBUG liquibase.executor - 1 row(s) affected
2025-07-31 16:26:29.667 [main] INFO  liquibase.changelog - New row inserted into trainers
2025-07-31 16:26:29.668 [main] DEBUG liquibase.executor - Executing Statement: liquibase.statement.core.InsertStatement@2c1a86e1
2025-07-31 16:26:29.668 [main] DEBUG liquibase.executor - INSERT INTO PUBLIC.trainer_phone_numbers (trainer_id, phone_numbers) VALUES ((SELECT id FROM trainers WHERE first_name = 'Іван' AND last_name = 'Петренко_TEST'), '+38(050)-111-2233')
2025-07-31 16:26:29.669 [main] DEBUG liquibase.executor - 1 row(s) affected
2025-07-31 16:26:29.669 [main] INFO  liquibase.changelog - New row inserted into trainer_phone_numbers
2025-07-31 16:26:29.670 [main] DEBUG liquibase.executor - Executing Statement: liquibase.statement.core.InsertStatement@303c195f
2025-07-31 16:26:29.670 [main] DEBUG liquibase.executor - INSERT INTO PUBLIC.trainer_certificates (trainer_id, certificates) VALUES ((SELECT id FROM trainers WHERE first_name = 'Іван' AND last_name = 'Петренко_TEST'), 'Сертифікат АФК')
2025-07-31 16:26:29.671 [main] DEBUG liquibase.executor - 1 row(s) affected
2025-07-31 16:26:29.671 [main] INFO  liquibase.changelog - New row inserted into trainer_certificates
2025-07-31 16:26:29.672 [main] DEBUG liquibase.executor - Executing Statement: liquibase.statement.core.InsertStatement@36f291c7
2025-07-31 16:26:29.672 [main] DEBUG liquibase.executor - INSERT INTO PUBLIC.sports_trainers (trainer_id, sport_id) VALUES ((SELECT id FROM trainers WHERE first_name = 'Іван' AND last_name = 'Петренко_TEST'), '3')
2025-07-31 16:26:29.673 [main] DEBUG liquibase.executor - 1 row(s) affected
2025-07-31 16:26:29.673 [main] INFO  liquibase.changelog - New row inserted into sports_trainers
2025-07-31 16:26:29.673 [main] DEBUG liquibase.executor - Executing Statement: liquibase.statement.core.InsertStatement@5db3afff
2025-07-31 16:26:29.674 [main] DEBUG liquibase.executor - INSERT INTO PUBLIC.sports_trainers (trainer_id, sport_id) VALUES ((SELECT id FROM trainers WHERE first_name = 'Іван' AND last_name = 'Петренко_TEST'), '1')
2025-07-31 16:26:29.674 [main] DEBUG liquibase.executor - 1 row(s) affected
2025-07-31 16:26:29.675 [main] INFO  liquibase.changelog - New row inserted into sports_trainers
2025-07-31 16:26:29.675 [main] DEBUG liquibase.executor - Executing Statement: liquibase.statement.core.InsertStatement@25e60726
2025-07-31 16:26:29.675 [main] DEBUG liquibase.executor - INSERT INTO PUBLIC.user_credentials (email, password, user_type, is_deleted) VALUES ('olena.kovalchuk@example.com', '$2a$10$2y03kivOdVnunKG2k53YeO8VO6Ks1UFPsWixKvl9PKtQsyXAFncmi', 'TRAINER', 'false')
2025-07-31 16:26:29.676 [main] DEBUG liquibase.executor - 1 row(s) affected
2025-07-31 16:26:29.676 [main] INFO  liquibase.changelog - New row inserted into user_credentials
2025-07-31 16:26:29.677 [main] DEBUG liquibase.executor - Executing Statement: liquibase.statement.core.InsertStatement@75401424
2025-07-31 16:26:29.677 [main] DEBUG liquibase.executor - INSERT INTO PUBLIC.user_credentials_roles (user_credentials_id, role_id) VALUES ((SELECT id FROM user_credentials WHERE email = 'olena.kovalchuk@example.com'), '3')
2025-07-31 16:26:29.678 [main] DEBUG liquibase.executor - 1 row(s) affected
2025-07-31 16:26:29.678 [main] INFO  liquibase.changelog - New row inserted into user_credentials_roles
2025-07-31 16:26:29.679 [main] DEBUG liquibase.executor - Executing Statement: liquibase.statement.core.InsertStatement@571ecfe2
2025-07-31 16:26:29.679 [main] DEBUG liquibase.executor - INSERT INTO PUBLIC.addresses (country, city, street, house, is_deleted) VALUES ('Україна', 'Львів', 'Просп. Свободи', '25', 'false')
2025-07-31 16:26:29.679 [main] DEBUG liquibase.executor - 1 row(s) affected
2025-07-31 16:26:29.679 [main] INFO  liquibase.changelog - New row inserted into addresses
2025-07-31 16:26:29.680 [main] DEBUG liquibase.executor - Executing Statement: liquibase.statement.core.InsertStatement@17125ea9
2025-07-31 16:26:29.681 [main] DEBUG liquibase.executor - INSERT INTO PUBLIC.trainers (first_name, last_name, gender, date_of_birth, profile_image_url, user_credentials_id, address_id, online_training, description, social_media_links, overall_rating, number_of_reviews, is_deleted) VALUES ('Олена', 'Ковальчук_TEST', 'FEMALE', '1990-11-20', '', (SELECT id FROM user_credentials WHERE email = 'olena.kovalchuk@example.com'), (SELECT id FROM addresses WHERE country = 'Україна' AND city = 'Львів' AND street = 'Просп. Свободи' AND house = '25'), 'false', 'Спеціаліст з йоги та пілатесу.', 'https://inst.com/olena.yoga', '4.8', '90', 'false')
2025-07-31 16:26:29.682 [main] DEBUG liquibase.executor - 1 row(s) affected
2025-07-31 16:26:29.682 [main] INFO  liquibase.changelog - New row inserted into trainers
2025-07-31 16:26:29.682 [main] DEBUG liquibase.executor - Executing Statement: liquibase.statement.core.InsertStatement@2d8a45a
2025-07-31 16:26:29.683 [main] DEBUG liquibase.executor - INSERT INTO PUBLIC.trainer_phone_numbers (trainer_id, phone_numbers) VALUES ((SELECT id FROM trainers WHERE first_name = 'Олена' AND last_name = 'Ковальчук_TEST'), '+38(067)-222-3344')
2025-07-31 16:26:29.684 [main] DEBUG liquibase.executor - 1 row(s) affected
2025-07-31 16:26:29.684 [main] INFO  liquibase.changelog - New row inserted into trainer_phone_numbers
2025-07-31 16:26:29.685 [main] DEBUG liquibase.executor - Executing Statement: liquibase.statement.core.InsertStatement@774c6111
2025-07-31 16:26:29.685 [main] DEBUG liquibase.executor - INSERT INTO PUBLIC.trainer_certificates (trainer_id, certificates) VALUES ((SELECT id FROM trainers WHERE first_name = 'Олена' AND last_name = 'Ковальчук_TEST'), 'Сертифікат Йога Альянс')
2025-07-31 16:26:29.686 [main] DEBUG liquibase.executor - 1 row(s) affected
2025-07-31 16:26:29.686 [main] INFO  liquibase.changelog - New row inserted into trainer_certificates
2025-07-31 16:26:29.686 [main] DEBUG liquibase.executor - Executing Statement: liquibase.statement.core.InsertStatement@568cc1c5
2025-07-31 16:26:29.687 [main] DEBUG liquibase.executor - INSERT INTO PUBLIC.sports_trainers (trainer_id, sport_id) VALUES ((SELECT id FROM trainers WHERE first_name = 'Олена' AND last_name = 'Ковальчук_TEST'), '7')
2025-07-31 16:26:29.687 [main] DEBUG liquibase.executor - 1 row(s) affected
2025-07-31 16:26:29.688 [main] INFO  liquibase.changelog - New row inserted into sports_trainers
2025-07-31 16:26:29.688 [main] DEBUG liquibase.executor - Executing Statement: liquibase.statement.core.InsertStatement@536e3aab
2025-07-31 16:26:29.689 [main] DEBUG liquibase.executor - INSERT INTO PUBLIC.sports_trainers (trainer_id, sport_id) VALUES ((SELECT id FROM trainers WHERE first_name = 'Олена' AND last_name = 'Ковальчук_TEST'), '13')
2025-07-31 16:26:29.689 [main] DEBUG liquibase.executor - 1 row(s) affected
2025-07-31 16:26:29.689 [main] INFO  liquibase.changelog - New row inserted into sports_trainers
2025-07-31 16:26:29.690 [main] DEBUG liquibase.executor - Executing Statement: liquibase.statement.core.InsertStatement@14d3bee8
2025-07-31 16:26:29.690 [main] DEBUG liquibase.executor - INSERT INTO PUBLIC.user_credentials (email, password, user_type, is_deleted) VALUES ('mykhailo.sydorenko@example.com', '$2a$10$2y03kivOdVnunKG2k53YeO8VO6Ks1UFPsWixKvl9PKtQsyXAFncmi', 'TRAINER', 'false')
2025-07-31 16:26:29.691 [main] DEBUG liquibase.executor - 1 row(s) affected
2025-07-31 16:26:29.691 [main] INFO  liquibase.changelog - New row inserted into user_credentials
2025-07-31 16:26:29.691 [main] DEBUG liquibase.executor - Executing Statement: liquibase.statement.core.InsertStatement@3118a
2025-07-31 16:26:29.692 [main] DEBUG liquibase.executor - INSERT INTO PUBLIC.user_credentials_roles (user_credentials_id, role_id) VALUES ((SELECT id FROM user_credentials WHERE email = 'mykhailo.sydorenko@example.com'), '3')
2025-07-31 16:26:29.692 [main] DEBUG liquibase.executor - 1 row(s) affected
2025-07-31 16:26:29.693 [main] INFO  liquibase.changelog - New row inserted into user_credentials_roles
2025-07-31 16:26:29.693 [main] DEBUG liquibase.executor - Executing Statement: liquibase.statement.core.InsertStatement@30b16aa6
2025-07-31 16:26:29.693 [main] DEBUG liquibase.executor - INSERT INTO PUBLIC.addresses (country, city, street, house, is_deleted) VALUES ('Україна', 'Одеса', 'Дерибасівська', '5', 'false')
2025-07-31 16:26:29.694 [main] DEBUG liquibase.executor - 1 row(s) affected
2025-07-31 16:26:29.694 [main] INFO  liquibase.changelog - New row inserted into addresses
2025-07-31 16:26:29.694 [main] DEBUG liquibase.executor - Executing Statement: liquibase.statement.core.InsertStatement@1228a579
2025-07-31 16:26:29.695 [main] DEBUG liquibase.executor - INSERT INTO PUBLIC.trainers (first_name, last_name, gender, date_of_birth, profile_image_url, user_credentials_id, address_id, online_training, description, social_media_links, overall_rating, number_of_reviews, is_deleted) VALUES ('Михайло', 'Сидоренко_TEST', 'MALE', '1988-03-01', '', (SELECT id FROM user_credentials WHERE email = 'mykhailo.sydorenko@example.com'), (SELECT id FROM addresses WHERE country = 'Україна' AND city = 'Одеса' AND street = 'Дерибасівська' AND house = '5'), 'true', 'Тренер з боксу та єдиноборств.', 'https://tw.com/mykhailo_box', '4.75', '80', 'false')
2025-07-31 16:26:29.696 [main] DEBUG liquibase.executor - 1 row(s) affected
2025-07-31 16:26:29.696 [main] INFO  liquibase.changelog - New row inserted into trainers
2025-07-31 16:26:29.696 [main] DEBUG liquibase.executor - Executing Statement: liquibase.statement.core.InsertStatement@1b856d2a
2025-07-31 16:26:29.697 [main] DEBUG liquibase.executor - INSERT INTO PUBLIC.trainer_phone_numbers (trainer_id, phone_numbers) VALUES ((SELECT id FROM trainers WHERE first_name = 'Михайло' AND last_name = 'Сидоренко_TEST'), '+38(095)-333-4455')
2025-07-31 16:26:29.697 [main] DEBUG liquibase.executor - 1 row(s) affected
2025-07-31 16:26:29.697 [main] INFO  liquibase.changelog - New row inserted into trainer_phone_numbers
2025-07-31 16:26:29.698 [main] DEBUG liquibase.executor - Executing Statement: liquibase.statement.core.InsertStatement@392a091
2025-07-31 16:26:29.699 [main] DEBUG liquibase.executor - INSERT INTO PUBLIC.trainer_certificates (trainer_id, certificates) VALUES ((SELECT id FROM trainers WHERE first_name = 'Михайло' AND last_name = 'Сидоренко_TEST'), 'Сертифікат Федерації Боксу')
2025-07-31 16:26:29.700 [main] DEBUG liquibase.executor - 1 row(s) affected
2025-07-31 16:26:29.700 [main] INFO  liquibase.changelog - New row inserted into trainer_certificates
2025-07-31 16:26:29.700 [main] DEBUG liquibase.executor - Executing Statement: liquibase.statement.core.InsertStatement@384d0e1f
2025-07-31 16:26:29.701 [main] DEBUG liquibase.executor - INSERT INTO PUBLIC.sports_trainers (trainer_id, sport_id) VALUES ((SELECT id FROM trainers WHERE first_name = 'Михайло' AND last_name = 'Сидоренко_TEST'), '5')
2025-07-31 16:26:29.701 [main] DEBUG liquibase.executor - 1 row(s) affected
2025-07-31 16:26:29.702 [main] INFO  liquibase.changelog - New row inserted into sports_trainers
2025-07-31 16:26:29.702 [main] DEBUG liquibase.executor - Executing Statement: liquibase.statement.core.InsertStatement@6f997702
2025-07-31 16:26:29.702 [main] DEBUG liquibase.executor - INSERT INTO PUBLIC.sports_trainers (trainer_id, sport_id) VALUES ((SELECT id FROM trainers WHERE first_name = 'Михайло' AND last_name = 'Сидоренко_TEST'), '17')
2025-07-31 16:26:29.703 [main] DEBUG liquibase.executor - 1 row(s) affected
2025-07-31 16:26:29.703 [main] INFO  liquibase.changelog - New row inserted into sports_trainers
2025-07-31 16:26:29.704 [main] DEBUG liquibase.executor - Executing Statement: liquibase.statement.core.InsertStatement@5f45abe6
2025-07-31 16:26:29.704 [main] DEBUG liquibase.executor - INSERT INTO PUBLIC.user_credentials (email, password, user_type, is_deleted) VALUES ('nataliia.melnyk@example.com', '$2a$10$2y03kivOdVnunKG2k53YeO8VO6Ks1UFPsWixKvl9PKtQsyXAFncmi', 'TRAINER', 'false')
2025-07-31 16:26:29.705 [main] DEBUG liquibase.executor - 1 row(s) affected
2025-07-31 16:26:29.705 [main] INFO  liquibase.changelog - New row inserted into user_credentials
2025-07-31 16:26:29.705 [main] DEBUG liquibase.executor - Executing Statement: liquibase.statement.core.InsertStatement@49c51eb7
2025-07-31 16:26:29.706 [main] DEBUG liquibase.executor - INSERT INTO PUBLIC.user_credentials_roles (user_credentials_id, role_id) VALUES ((SELECT id FROM user_credentials WHERE email = 'nataliia.melnyk@example.com'), '3')
2025-07-31 16:26:29.707 [main] DEBUG liquibase.executor - 1 row(s) affected
2025-07-31 16:26:29.707 [main] INFO  liquibase.changelog - New row inserted into user_credentials_roles
2025-07-31 16:26:29.708 [main] DEBUG liquibase.executor - Executing Statement: liquibase.statement.core.InsertStatement@1928dc66
2025-07-31 16:26:29.708 [main] DEBUG liquibase.executor - INSERT INTO PUBLIC.addresses (country, city, street, house, is_deleted) VALUES ('Україна', 'Харків', 'Пл. Свободи', '1', 'false')
2025-07-31 16:26:29.709 [main] DEBUG liquibase.executor - 1 row(s) affected
2025-07-31 16:26:29.709 [main] INFO  liquibase.changelog - New row inserted into addresses
2025-07-31 16:26:29.709 [main] DEBUG liquibase.executor - Executing Statement: liquibase.statement.core.InsertStatement@3dad8926
2025-07-31 16:26:29.710 [main] DEBUG liquibase.executor - INSERT INTO PUBLIC.trainers (first_name, last_name, gender, date_of_birth, profile_image_url, user_credentials_id, address_id, online_training, description, social_media_links, overall_rating, number_of_reviews, is_deleted) VALUES ('Наталія', 'Мельник_TEST', 'FEMALE', '1992-07-25', '', (SELECT id FROM user_credentials WHERE email = 'nataliia.melnyk@example.com'), (SELECT id FROM addresses WHERE country = 'Україна' AND city = 'Харків' AND street = 'Пл. Свободи' AND house = '1'), 'false', 'Персональний тренер з функціонального тренінгу.', 'https://link.com/nataliia_fit', '4.85', '100', 'false')
2025-07-31 16:26:29.711 [main] DEBUG liquibase.executor - 1 row(s) affected
2025-07-31 16:26:29.711 [main] INFO  liquibase.changelog - New row inserted into trainers
2025-07-31 16:26:29.712 [main] DEBUG liquibase.executor - Executing Statement: liquibase.statement.core.InsertStatement@4fc50fee
2025-07-31 16:26:29.712 [main] DEBUG liquibase.executor - INSERT INTO PUBLIC.trainer_phone_numbers (trainer_id, phone_numbers) VALUES ((SELECT id FROM trainers WHERE first_name = 'Наталія' AND last_name = 'Мельник_TEST'), '+38(096)-444-5566')
2025-07-31 16:26:29.713 [main] DEBUG liquibase.executor - 1 row(s) affected
2025-07-31 16:26:29.713 [main] INFO  liquibase.changelog - New row inserted into trainer_phone_numbers
2025-07-31 16:26:29.714 [main] DEBUG liquibase.executor - Executing Statement: liquibase.statement.core.InsertStatement@2e949007
2025-07-31 16:26:29.714 [main] DEBUG liquibase.executor - INSERT INTO PUBLIC.trainer_certificates (trainer_id, certificates) VALUES ((SELECT id FROM trainers WHERE first_name = 'Наталія' AND last_name = 'Мельник_TEST'), 'ACE Certified Personal Trainer')
2025-07-31 16:26:29.715 [main] DEBUG liquibase.executor - 1 row(s) affected
2025-07-31 16:26:29.715 [main] INFO  liquibase.changelog - New row inserted into trainer_certificates
2025-07-31 16:26:29.716 [main] DEBUG liquibase.executor - Executing Statement: liquibase.statement.core.InsertStatement@7180b25f
2025-07-31 16:26:29.716 [main] DEBUG liquibase.executor - INSERT INTO PUBLIC.sports_trainers (trainer_id, sport_id) VALUES ((SELECT id FROM trainers WHERE first_name = 'Наталія' AND last_name = 'Мельник_TEST'), '6')
2025-07-31 16:26:29.716 [main] DEBUG liquibase.executor - 1 row(s) affected
2025-07-31 16:26:29.717 [main] INFO  liquibase.changelog - New row inserted into sports_trainers
2025-07-31 16:26:29.717 [main] DEBUG liquibase.executor - Executing Statement: liquibase.statement.core.InsertStatement@2035f1f0
2025-07-31 16:26:29.717 [main] DEBUG liquibase.executor - INSERT INTO PUBLIC.sports_trainers (trainer_id, sport_id) VALUES ((SELECT id FROM trainers WHERE first_name = 'Наталія' AND last_name = 'Мельник_TEST'), '16')
2025-07-31 16:26:29.718 [main] DEBUG liquibase.executor - 1 row(s) affected
2025-07-31 16:26:29.718 [main] INFO  liquibase.changelog - New row inserted into sports_trainers
2025-07-31 16:26:29.719 [main] DEBUG liquibase.executor - Executing Statement: liquibase.statement.core.InsertStatement@47e82067
2025-07-31 16:26:29.719 [main] DEBUG liquibase.executor - INSERT INTO PUBLIC.user_credentials (email, password, user_type, is_deleted) VALUES ('andrii.shevchenko@example.com', '$2a$10$2y03kivOdVnunKG2k53YeO8VO6Ks1UFPsWixKvl9PKtQsyXAFncmi', 'TRAINER', 'false')
2025-07-31 16:26:29.720 [main] DEBUG liquibase.executor - 1 row(s) affected
2025-07-31 16:26:29.720 [main] INFO  liquibase.changelog - New row inserted into user_credentials
2025-07-31 16:26:29.721 [main] DEBUG liquibase.executor - Executing Statement: liquibase.statement.core.InsertStatement@4d768435
2025-07-31 16:26:29.721 [main] DEBUG liquibase.executor - INSERT INTO PUBLIC.user_credentials_roles (user_credentials_id, role_id) VALUES ((SELECT id FROM user_credentials WHERE email = 'andrii.shevchenko@example.com'), '3')
2025-07-31 16:26:29.722 [main] DEBUG liquibase.executor - 1 row(s) affected
2025-07-31 16:26:29.722 [main] INFO  liquibase.changelog - New row inserted into user_credentials_roles
2025-07-31 16:26:29.722 [main] DEBUG liquibase.executor - Executing Statement: liquibase.statement.core.InsertStatement@3990d58e
2025-07-31 16:26:29.723 [main] DEBUG liquibase.executor - INSERT INTO PUBLIC.addresses (country, city, street, house, is_deleted) VALUES ('Україна', 'Дніпро', 'Січеславська Набережна', '35', 'false')
2025-07-31 16:26:29.723 [main] DEBUG liquibase.executor - 1 row(s) affected
2025-07-31 16:26:29.723 [main] INFO  liquibase.changelog - New row inserted into addresses
2025-07-31 16:26:29.724 [main] DEBUG liquibase.executor - Executing Statement: liquibase.statement.core.InsertStatement@3625093d
2025-07-31 16:26:29.724 [main] DEBUG liquibase.executor - INSERT INTO PUBLIC.trainers (first_name, last_name, gender, date_of_birth, profile_image_url, user_credentials_id, address_id, online_training, description, social_media_links, overall_rating, number_of_reviews, is_deleted) VALUES ('Андрій', 'Шевченко_TEST', 'MALE', '1980-01-01', '', (SELECT id FROM user_credentials WHERE email = 'andrii.shevchenko@example.com'), (SELECT id FROM addresses WHERE country = 'Україна' AND city = 'Дніпро' AND street = 'Січеславська Набережна' AND house = '35'), 'true', 'Професійний тренер з кросфіту.', 'https://fb.com/andrii.coach', '4.6', '200', 'false')
2025-07-31 16:26:29.725 [main] DEBUG liquibase.executor - 1 row(s) affected
2025-07-31 16:26:29.725 [main] INFO  liquibase.changelog - New row inserted into trainers
2025-07-31 16:26:29.725 [main] DEBUG liquibase.executor - Executing Statement: liquibase.statement.core.InsertStatement@3048ec86
2025-07-31 16:26:29.726 [main] DEBUG liquibase.executor - INSERT INTO PUBLIC.trainer_phone_numbers (trainer_id, phone_numbers) VALUES ((SELECT id FROM trainers WHERE first_name = 'Андрій' AND last_name = 'Шевченко_TEST'), '+38(050)-555-6677')
2025-07-31 16:26:29.727 [main] DEBUG liquibase.executor - 1 row(s) affected
2025-07-31 16:26:29.727 [main] INFO  liquibase.changelog - New row inserted into trainer_phone_numbers
2025-07-31 16:26:29.727 [main] DEBUG liquibase.executor - Executing Statement: liquibase.statement.core.InsertStatement@49e69196
2025-07-31 16:26:29.728 [main] DEBUG liquibase.executor - INSERT INTO PUBLIC.trainer_certificates (trainer_id, certificates) VALUES ((SELECT id FROM trainers WHERE first_name = 'Андрій' AND last_name = 'Шевченко_TEST'), 'Сертифікат CrossFit Level 1')
2025-07-31 16:26:29.728 [main] DEBUG liquibase.executor - 1 row(s) affected
2025-07-31 16:26:29.729 [main] INFO  liquibase.changelog - New row inserted into trainer_certificates
2025-07-31 16:26:29.729 [main] DEBUG liquibase.executor - Executing Statement: liquibase.statement.core.InsertStatement@76e51181
2025-07-31 16:26:29.729 [main] DEBUG liquibase.executor - INSERT INTO PUBLIC.sports_trainers (trainer_id, sport_id) VALUES ((SELECT id FROM trainers WHERE first_name = 'Андрій' AND last_name = 'Шевченко_TEST'), '3')
2025-07-31 16:26:29.730 [main] DEBUG liquibase.executor - 1 row(s) affected
2025-07-31 16:26:29.730 [main] INFO  liquibase.changelog - New row inserted into sports_trainers
2025-07-31 16:26:29.731 [main] DEBUG liquibase.executor - Executing Statement: liquibase.statement.core.InsertStatement@68178281
2025-07-31 16:26:29.731 [main] DEBUG liquibase.executor - INSERT INTO PUBLIC.user_credentials (email, password, user_type, is_deleted) VALUES ('yuliia.tkachenko@example.com', '$2a$10$2y03kivOdVnunKG2k53YeO8VO6Ks1UFPsWixKvl9PKtQsyXAFncmi', 'TRAINER', 'false')
2025-07-31 16:26:29.731 [main] DEBUG liquibase.executor - 1 row(s) affected
2025-07-31 16:26:29.731 [main] INFO  liquibase.changelog - New row inserted into user_credentials
2025-07-31 16:26:29.732 [main] DEBUG liquibase.executor - Executing Statement: liquibase.statement.core.InsertStatement@1f4c7fd9
2025-07-31 16:26:29.732 [main] DEBUG liquibase.executor - INSERT INTO PUBLIC.user_credentials_roles (user_credentials_id, role_id) VALUES ((SELECT id FROM user_credentials WHERE email = 'yuliia.tkachenko@example.com'), '3')
2025-07-31 16:26:29.733 [main] DEBUG liquibase.executor - 1 row(s) affected
2025-07-31 16:26:29.733 [main] INFO  liquibase.changelog - New row inserted into user_credentials_roles
2025-07-31 16:26:29.734 [main] DEBUG liquibase.executor - Executing Statement: liquibase.statement.core.InsertStatement@62db3787
2025-07-31 16:26:29.734 [main] DEBUG liquibase.executor - INSERT INTO PUBLIC.addresses (country, city, street, house, is_deleted) VALUES ('Україна', 'Запоріжжя', 'Просп. Соборний', '150', 'false')
2025-07-31 16:26:29.735 [main] DEBUG liquibase.executor - 1 row(s) affected
2025-07-31 16:26:29.735 [main] INFO  liquibase.changelog - New row inserted into addresses
2025-07-31 16:26:29.736 [main] DEBUG liquibase.executor - Executing Statement: liquibase.statement.core.InsertStatement@3c6c5b44
2025-07-31 16:26:29.736 [main] DEBUG liquibase.executor - INSERT INTO PUBLIC.trainers (first_name, last_name, gender, date_of_birth, profile_image_url, user_credentials_id, address_id, online_training, description, social_media_links, overall_rating, number_of_reviews, is_deleted) VALUES ('Юлія', 'Ткаченко_TEST', 'FEMALE', '1991-09-05', '', (SELECT id FROM user_credentials WHERE email = 'yuliia.tkachenko@example.com'), (SELECT id FROM addresses WHERE country = 'Україна' AND city = 'Запоріжжя' AND street = 'Просп. Соборний' AND house = '150'), 'false', 'Інструктор з аеробіки та танців.', 'https://tt.com/yuliia_dance', '4.65', '75', 'false')
2025-07-31 16:26:29.737 [main] DEBUG liquibase.executor - 1 row(s) affected
2025-07-31 16:26:29.738 [main] INFO  liquibase.changelog - New row inserted into trainers
2025-07-31 16:26:29.738 [main] DEBUG liquibase.executor - Executing Statement: liquibase.statement.core.InsertStatement@68bbd5c2
2025-07-31 16:26:29.738 [main] DEBUG liquibase.executor - INSERT INTO PUBLIC.trainer_phone_numbers (trainer_id, phone_numbers) VALUES ((SELECT id FROM trainers WHERE first_name = 'Юлія' AND last_name = 'Ткаченко_TEST'), '+38(097)-666-7788')
2025-07-31 16:26:29.739 [main] DEBUG liquibase.executor - 1 row(s) affected
2025-07-31 16:26:29.739 [main] INFO  liquibase.changelog - New row inserted into trainer_phone_numbers
2025-07-31 16:26:29.740 [main] DEBUG liquibase.executor - Executing Statement: liquibase.statement.core.InsertStatement@1475cdbb
2025-07-31 16:26:29.740 [main] DEBUG liquibase.executor - INSERT INTO PUBLIC.trainer_certificates (trainer_id, certificates) VALUES ((SELECT id FROM trainers WHERE first_name = 'Юлія' AND last_name = 'Ткаченко_TEST'), 'Сертифікат Zumba Instructor')
2025-07-31 16:26:29.741 [main] DEBUG liquibase.executor - 1 row(s) affected
2025-07-31 16:26:29.741 [main] INFO  liquibase.changelog - New row inserted into trainer_certificates
2025-07-31 16:26:29.742 [main] DEBUG liquibase.executor - Executing Statement: liquibase.statement.core.InsertStatement@2f29b7bd
2025-07-31 16:26:29.749 [main] DEBUG liquibase.executor - INSERT INTO PUBLIC.sports_trainers (trainer_id, sport_id) VALUES ((SELECT id FROM trainers WHERE first_name = 'Юлія' AND last_name = 'Ткаченко_TEST'), '14')
2025-07-31 16:26:29.750 [main] DEBUG liquibase.executor - 1 row(s) affected
2025-07-31 16:26:29.751 [main] INFO  liquibase.changelog - New row inserted into sports_trainers
2025-07-31 16:26:29.751 [main] DEBUG liquibase.executor - Executing Statement: liquibase.statement.core.InsertStatement@71c16f67
2025-07-31 16:26:29.752 [main] DEBUG liquibase.executor - INSERT INTO PUBLIC.user_credentials (email, password, user_type, is_deleted) VALUES ('volodymyr.bondarenko@example.com', '$2a$10$2y03kivOdVnunKG2k53YeO8VO6Ks1UFPsWixKvl9PKtQsyXAFncmi', 'TRAINER', 'false')
2025-07-31 16:26:29.752 [main] DEBUG liquibase.executor - 1 row(s) affected
2025-07-31 16:26:29.753 [main] INFO  liquibase.changelog - New row inserted into user_credentials
2025-07-31 16:26:29.753 [main] DEBUG liquibase.executor - Executing Statement: liquibase.statement.core.InsertStatement@47e2a158
2025-07-31 16:26:29.754 [main] DEBUG liquibase.executor - INSERT INTO PUBLIC.user_credentials_roles (user_credentials_id, role_id) VALUES ((SELECT id FROM user_credentials WHERE email = 'volodymyr.bondarenko@example.com'), '3')
2025-07-31 16:26:29.755 [main] DEBUG liquibase.executor - 1 row(s) affected
2025-07-31 16:26:29.755 [main] INFO  liquibase.changelog - New row inserted into user_credentials_roles
2025-07-31 16:26:29.755 [main] DEBUG liquibase.executor - Executing Statement: liquibase.statement.core.InsertStatement@7dc0b40a
2025-07-31 16:26:29.756 [main] DEBUG liquibase.executor - INSERT INTO PUBLIC.addresses (country, city, street, house, is_deleted) VALUES ('Україна', 'Вінниця', 'Соборна', '80', 'false')
2025-07-31 16:26:29.756 [main] DEBUG liquibase.executor - 1 row(s) affected
2025-07-31 16:26:29.757 [main] INFO  liquibase.changelog - New row inserted into addresses
2025-07-31 16:26:29.757 [main] DEBUG liquibase.executor - Executing Statement: liquibase.statement.core.InsertStatement@1fb66050
2025-07-31 16:26:29.757 [main] DEBUG liquibase.executor - INSERT INTO PUBLIC.trainers (first_name, last_name, gender, date_of_birth, profile_image_url, user_credentials_id, address_id, online_training, description, social_media_links, overall_rating, number_of_reviews, is_deleted) VALUES ('Володимир', 'Бондаренко_TEST', 'MALE', '1983-02-10', '', (SELECT id FROM user_credentials WHERE email = 'volodymyr.bondarenko@example.com'), (SELECT id FROM addresses WHERE country = 'Україна' AND city = 'Вінниця' AND street = 'Соборна' AND house = '80'), 'true', 'Спеціаліст з силового тренінгу.', 'https://in.com/vladimir_power', '4.76', '150', 'false')
2025-07-31 16:26:29.759 [main] DEBUG liquibase.executor - 1 row(s) affected
2025-07-31 16:26:29.759 [main] INFO  liquibase.changelog - New row inserted into trainers
2025-07-31 16:26:29.760 [main] DEBUG liquibase.executor - Executing Statement: liquibase.statement.core.InsertStatement@65f68e96
2025-07-31 16:26:29.760 [main] DEBUG liquibase.executor - INSERT INTO PUBLIC.trainer_phone_numbers (trainer_id, phone_numbers) VALUES ((SELECT id FROM trainers WHERE first_name = 'Володимир' AND last_name = 'Бондаренко_TEST'), '+38(063)-777-8899')
2025-07-31 16:26:29.761 [main] DEBUG liquibase.executor - 1 row(s) affected
2025-07-31 16:26:29.761 [main] INFO  liquibase.changelog - New row inserted into trainer_phone_numbers
2025-07-31 16:26:29.762 [main] DEBUG liquibase.executor - Executing Statement: liquibase.statement.core.InsertStatement@37cc1b11
2025-07-31 16:26:29.763 [main] DEBUG liquibase.executor - INSERT INTO PUBLIC.trainer_certificates (trainer_id, certificates) VALUES ((SELECT id FROM trainers WHERE first_name = 'Володимир' AND last_name = 'Бондаренко_TEST'), 'IPF Powerlifting Coach')
2025-07-31 16:26:29.764 [main] DEBUG liquibase.executor - 1 row(s) affected
2025-07-31 16:26:29.765 [main] INFO  liquibase.changelog - New row inserted into trainer_certificates
2025-07-31 16:26:29.765 [main] DEBUG liquibase.executor - Executing Statement: liquibase.statement.core.InsertStatement@4f549906
2025-07-31 16:26:29.766 [main] DEBUG liquibase.executor - INSERT INTO PUBLIC.sports_trainers (trainer_id, sport_id) VALUES ((SELECT id FROM trainers WHERE first_name = 'Володимир' AND last_name = 'Бондаренко_TEST'), '1')
2025-07-31 16:26:29.766 [main] DEBUG liquibase.executor - 1 row(s) affected
2025-07-31 16:26:29.767 [main] INFO  liquibase.changelog - New row inserted into sports_trainers
2025-07-31 16:26:29.767 [main] DEBUG liquibase.executor - Executing Statement: liquibase.statement.core.InsertStatement@634cd45c
2025-07-31 16:26:29.767 [main] DEBUG liquibase.executor - INSERT INTO PUBLIC.user_credentials (email, password, user_type, is_deleted) VALUES ('iryna.kravchenko@example.com', '$2a$10$2y03kivOdVnunKG2k53YeO8VO6Ks1UFPsWixKvl9PKtQsyXAFncmi', 'TRAINER', 'false')
2025-07-31 16:26:29.768 [main] DEBUG liquibase.executor - 1 row(s) affected
2025-07-31 16:26:29.768 [main] INFO  liquibase.changelog - New row inserted into user_credentials
2025-07-31 16:26:29.768 [main] DEBUG liquibase.executor - Executing Statement: liquibase.statement.core.InsertStatement@329f649d
2025-07-31 16:26:29.768 [main] DEBUG liquibase.executor - INSERT INTO PUBLIC.user_credentials_roles (user_credentials_id, role_id) VALUES ((SELECT id FROM user_credentials WHERE email = 'iryna.kravchenko@example.com'), '3')
2025-07-31 16:26:29.769 [main] DEBUG liquibase.executor - 1 row(s) affected
2025-07-31 16:26:29.769 [main] INFO  liquibase.changelog - New row inserted into user_credentials_roles
2025-07-31 16:26:29.770 [main] DEBUG liquibase.executor - Executing Statement: liquibase.statement.core.InsertStatement@65dce54c
2025-07-31 16:26:29.771 [main] DEBUG liquibase.executor - INSERT INTO PUBLIC.addresses (country, city, street, house, is_deleted) VALUES ('Україна', 'Чернігів', 'Просп. Миру', '49', 'false')
2025-07-31 16:26:29.771 [main] DEBUG liquibase.executor - 1 row(s) affected
2025-07-31 16:26:29.771 [main] INFO  liquibase.changelog - New row inserted into addresses
2025-07-31 16:26:29.772 [main] DEBUG liquibase.executor - Executing Statement: liquibase.statement.core.InsertStatement@e2bdc58
2025-07-31 16:26:29.772 [main] DEBUG liquibase.executor - INSERT INTO PUBLIC.trainers (first_name, last_name, gender, date_of_birth, profile_image_url, user_credentials_id, address_id, online_training, description, social_media_links, overall_rating, number_of_reviews, is_deleted) VALUES ('Ірина', 'Кравченко_TEST', 'FEMALE', '1993-04-12', '', (SELECT id FROM user_credentials WHERE email = 'iryna.kravchenko@example.com'), (SELECT id FROM addresses WHERE country = 'Україна' AND city = 'Чернігів' AND street = 'Просп. Миру' AND house = '49'), 'false', 'Тренер з групових програм та стретчингу.', 'https://inst.com/iryna_stretch', '4.65', '60', 'false')
2025-07-31 16:26:29.773 [main] DEBUG liquibase.executor - 1 row(s) affected
2025-07-31 16:26:29.773 [main] INFO  liquibase.changelog - New row inserted into trainers
2025-07-31 16:26:29.774 [main] DEBUG liquibase.executor - Executing Statement: liquibase.statement.core.InsertStatement@bc007f5
2025-07-31 16:26:29.774 [main] DEBUG liquibase.executor - INSERT INTO PUBLIC.trainer_phone_numbers (trainer_id, phone_numbers) VALUES ((SELECT id FROM trainers WHERE first_name = 'Ірина' AND last_name = 'Кравченко_TEST'), '+38(098)-888-9900')
2025-07-31 16:26:29.775 [main] DEBUG liquibase.executor - 1 row(s) affected
2025-07-31 16:26:29.775 [main] INFO  liquibase.changelog - New row inserted into trainer_phone_numbers
2025-07-31 16:26:29.775 [main] DEBUG liquibase.executor - Executing Statement: liquibase.statement.core.InsertStatement@42b2319c
2025-07-31 16:26:29.776 [main] DEBUG liquibase.executor - INSERT INTO PUBLIC.trainer_certificates (trainer_id, certificates) VALUES ((SELECT id FROM trainers WHERE first_name = 'Ірина' AND last_name = 'Кравченко_TEST'), 'AFAA Group Fitness Instructor')
2025-07-31 16:26:29.776 [main] DEBUG liquibase.executor - 1 row(s) affected
2025-07-31 16:26:29.777 [main] INFO  liquibase.changelog - New row inserted into trainer_certificates
2025-07-31 16:26:29.777 [main] DEBUG liquibase.executor - Executing Statement: liquibase.statement.core.InsertStatement@40c65a03
2025-07-31 16:26:29.778 [main] DEBUG liquibase.executor - INSERT INTO PUBLIC.sports_trainers (trainer_id, sport_id) VALUES ((SELECT id FROM trainers WHERE first_name = 'Ірина' AND last_name = 'Кравченко_TEST'), '6')
2025-07-31 16:26:29.778 [main] DEBUG liquibase.executor - 1 row(s) affected
2025-07-31 16:26:29.779 [main] INFO  liquibase.changelog - New row inserted into sports_trainers
2025-07-31 16:26:29.779 [main] DEBUG liquibase.executor - Executing Statement: liquibase.statement.core.InsertStatement@105f875f
2025-07-31 16:26:29.779 [main] DEBUG liquibase.executor - INSERT INTO PUBLIC.sports_trainers (trainer_id, sport_id) VALUES ((SELECT id FROM trainers WHERE first_name = 'Ірина' AND last_name = 'Кравченко_TEST'), '7')
2025-07-31 16:26:29.780 [main] DEBUG liquibase.executor - 1 row(s) affected
2025-07-31 16:26:29.780 [main] INFO  liquibase.changelog - New row inserted into sports_trainers
2025-07-31 16:26:29.781 [main] DEBUG liquibase.executor - Executing Statement: liquibase.statement.core.InsertStatement@1babd50e
2025-07-31 16:26:29.781 [main] DEBUG liquibase.executor - INSERT INTO PUBLIC.user_credentials (email, password, user_type, is_deleted) VALUES ('serhii.marchenko@example.com', '$2a$10$2y03kivOdVnunKG2k53YeO8VO6Ks1UFPsWixKvl9PKtQsyXAFncmi', 'TRAINER', 'false')
2025-07-31 16:26:29.781 [main] DEBUG liquibase.executor - 1 row(s) affected
2025-07-31 16:26:29.781 [main] INFO  liquibase.changelog - New row inserted into user_credentials
2025-07-31 16:26:29.782 [main] DEBUG liquibase.executor - Executing Statement: liquibase.statement.core.InsertStatement@48c63936
2025-07-31 16:26:29.782 [main] DEBUG liquibase.executor - INSERT INTO PUBLIC.user_credentials_roles (user_credentials_id, role_id) VALUES ((SELECT id FROM user_credentials WHERE email = 'serhii.marchenko@example.com'), '3')
2025-07-31 16:26:29.783 [main] DEBUG liquibase.executor - 1 row(s) affected
2025-07-31 16:26:29.783 [main] INFO  liquibase.changelog - New row inserted into user_credentials_roles
2025-07-31 16:26:29.783 [main] DEBUG liquibase.executor - Executing Statement: liquibase.statement.core.InsertStatement@3aa2646f
2025-07-31 16:26:29.784 [main] DEBUG liquibase.executor - INSERT INTO PUBLIC.addresses (country, city, street, house, is_deleted) VALUES ('Україна', 'Полтава', 'Європейська', '10', 'false')
2025-07-31 16:26:29.784 [main] DEBUG liquibase.executor - 1 row(s) affected
2025-07-31 16:26:29.785 [main] INFO  liquibase.changelog - New row inserted into addresses
2025-07-31 16:26:29.785 [main] DEBUG liquibase.executor - Executing Statement: liquibase.statement.core.InsertStatement@562b791b
2025-07-31 16:26:29.786 [main] DEBUG liquibase.executor - INSERT INTO PUBLIC.trainers (first_name, last_name, gender, date_of_birth, profile_image_url, user_credentials_id, address_id, online_training, description, social_media_links, overall_rating, number_of_reviews, is_deleted) VALUES ('Сергій', 'Марченко_TEST', 'MALE', '1987-08-28', '', (SELECT id FROM user_credentials WHERE email = 'serhii.marchenko@example.com'), (SELECT id FROM addresses WHERE country = 'Україна' AND city = 'Полтава' AND street = 'Європейська' AND house = '10'), 'true', 'Спеціаліст з плавання та водних видів спорту.', 'https://fb.com/serhii.swim', '4.56', '110', 'false')
2025-07-31 16:26:29.787 [main] DEBUG liquibase.executor - 1 row(s) affected
2025-07-31 16:26:29.787 [main] INFO  liquibase.changelog - New row inserted into trainers
2025-07-31 16:26:29.787 [main] DEBUG liquibase.executor - Executing Statement: liquibase.statement.core.InsertStatement@136dc575
2025-07-31 16:26:29.788 [main] DEBUG liquibase.executor - INSERT INTO PUBLIC.trainer_phone_numbers (trainer_id, phone_numbers) VALUES ((SELECT id FROM trainers WHERE first_name = 'Сергій' AND last_name = 'Марченко_TEST'), '+38(050)-999-0011')
2025-07-31 16:26:29.788 [main] DEBUG liquibase.executor - 1 row(s) affected
2025-07-31 16:26:29.788 [main] INFO  liquibase.changelog - New row inserted into trainer_phone_numbers
2025-07-31 16:26:29.789 [main] DEBUG liquibase.executor - Executing Statement: liquibase.statement.core.InsertStatement@6a1b51a7
2025-07-31 16:26:29.789 [main] DEBUG liquibase.executor - INSERT INTO PUBLIC.trainer_certificates (trainer_id, certificates) VALUES ((SELECT id FROM trainers WHERE first_name = 'Сергій' AND last_name = 'Марченко_TEST'), 'Сертифікат FINA')
2025-07-31 16:26:29.790 [main] DEBUG liquibase.executor - 1 row(s) affected
2025-07-31 16:26:29.790 [main] INFO  liquibase.changelog - New row inserted into trainer_certificates
2025-07-31 16:26:29.790 [main] DEBUG liquibase.executor - Executing Statement: liquibase.statement.core.InsertStatement@43b3d197
2025-07-31 16:26:29.791 [main] DEBUG liquibase.executor - INSERT INTO PUBLIC.sports_trainers (trainer_id, sport_id) VALUES ((SELECT id FROM trainers WHERE first_name = 'Сергій' AND last_name = 'Марченко_TEST'), '2')
2025-07-31 16:26:29.791 [main] DEBUG liquibase.executor - 1 row(s) affected
2025-07-31 16:26:29.792 [main] INFO  liquibase.changelog - New row inserted into sports_trainers
2025-07-31 16:26:29.792 [main] DEBUG liquibase.executor - Executing Statement: liquibase.statement.core.InsertStatement@4edd8b5b
2025-07-31 16:26:29.792 [main] DEBUG liquibase.executor - INSERT INTO PUBLIC.sports_trainers (trainer_id, sport_id) VALUES ((SELECT id FROM trainers WHERE first_name = 'Сергій' AND last_name = 'Марченко_TEST'), '12')
2025-07-31 16:26:29.793 [main] DEBUG liquibase.executor - 1 row(s) affected
2025-07-31 16:26:29.793 [main] INFO  liquibase.changelog - New row inserted into sports_trainers
2025-07-31 16:26:29.794 [main] DEBUG liquibase.executor - Executing Statement: liquibase.statement.core.InsertStatement@3366a998
2025-07-31 16:26:29.794 [main] DEBUG liquibase.executor - INSERT INTO PUBLIC.user_credentials (email, password, user_type, is_deleted) VALUES ('halyna.oliynyk@example.com', '$2a$10$2y03kivOdVnunKG2k53YeO8VO6Ks1UFPsWixKvl9PKtQsyXAFncmi', 'TRAINER', 'false')
2025-07-31 16:26:29.794 [main] DEBUG liquibase.executor - 1 row(s) affected
2025-07-31 16:26:29.795 [main] INFO  liquibase.changelog - New row inserted into user_credentials
2025-07-31 16:26:29.795 [main] DEBUG liquibase.executor - Executing Statement: liquibase.statement.core.InsertStatement@3c0403a
2025-07-31 16:26:29.795 [main] DEBUG liquibase.executor - INSERT INTO PUBLIC.user_credentials_roles (user_credentials_id, role_id) VALUES ((SELECT id FROM user_credentials WHERE email = 'halyna.oliynyk@example.com'), '3')
2025-07-31 16:26:29.796 [main] DEBUG liquibase.executor - 1 row(s) affected
2025-07-31 16:26:29.796 [main] INFO  liquibase.changelog - New row inserted into user_credentials_roles
2025-07-31 16:26:29.796 [main] DEBUG liquibase.executor - Executing Statement: liquibase.statement.core.InsertStatement@5ea206bc
2025-07-31 16:26:29.797 [main] DEBUG liquibase.executor - INSERT INTO PUBLIC.addresses (country, city, street, house, is_deleted) VALUES ('Україна', 'Черкаси', 'Хрещатик', '200', 'false')
2025-07-31 16:26:29.797 [main] DEBUG liquibase.executor - 1 row(s) affected
2025-07-31 16:26:29.797 [main] INFO  liquibase.changelog - New row inserted into addresses
2025-07-31 16:26:29.798 [main] DEBUG liquibase.executor - Executing Statement: liquibase.statement.core.InsertStatement@7c87c960
2025-07-31 16:26:29.798 [main] DEBUG liquibase.executor - INSERT INTO PUBLIC.trainers (first_name, last_name, gender, date_of_birth, profile_image_url, user_credentials_id, address_id, online_training, description, social_media_links, overall_rating, number_of_reviews, is_deleted) VALUES ('Галина', 'Олійник_TEST', 'FEMALE', '1994-10-18', '', (SELECT id FROM user_credentials WHERE email = 'halyna.oliynyk@example.com'), (SELECT id FROM addresses WHERE country = 'Україна' AND city = 'Черкаси' AND street = 'Хрещатик' AND house = '200'), 'false', 'Фахівець з відновлювального тренінгу.', 'https://fb.com/halyna.rehab', '4.7', '65', 'false')
2025-07-31 16:26:29.799 [main] DEBUG liquibase.executor - 1 row(s) affected
2025-07-31 16:26:29.800 [main] INFO  liquibase.changelog - New row inserted into trainers
2025-07-31 16:26:29.800 [main] DEBUG liquibase.executor - Executing Statement: liquibase.statement.core.InsertStatement@7a2b8501
2025-07-31 16:26:29.800 [main] DEBUG liquibase.executor - INSERT INTO PUBLIC.trainer_phone_numbers (trainer_id, phone_numbers) VALUES ((SELECT id FROM trainers WHERE first_name = 'Галина' AND last_name = 'Олійник_TEST'), '+38(067)-123-4567')
2025-07-31 16:26:29.801 [main] DEBUG liquibase.executor - 1 row(s) affected
2025-07-31 16:26:29.801 [main] INFO  liquibase.changelog - New row inserted into trainer_phone_numbers
2025-07-31 16:26:29.802 [main] DEBUG liquibase.executor - Executing Statement: liquibase.statement.core.InsertStatement@7b6bcbee
2025-07-31 16:26:29.802 [main] DEBUG liquibase.executor - INSERT INTO PUBLIC.trainer_certificates (trainer_id, certificates) VALUES ((SELECT id FROM trainers WHERE first_name = 'Галина' AND last_name = 'Олійник_TEST'), 'Certified Rehabilitation Specialist')
2025-07-31 16:26:29.803 [main] DEBUG liquibase.executor - 1 row(s) affected
2025-07-31 16:26:29.803 [main] INFO  liquibase.changelog - New row inserted into trainer_certificates
2025-07-31 16:26:29.803 [main] DEBUG liquibase.executor - Executing Statement: liquibase.statement.core.InsertStatement@3532b5d9
2025-07-31 16:26:29.804 [main] DEBUG liquibase.executor - INSERT INTO PUBLIC.sports_trainers (trainer_id, sport_id) VALUES ((SELECT id FROM trainers WHERE first_name = 'Галина' AND last_name = 'Олійник_TEST'), '4')
2025-07-31 16:26:29.805 [main] DEBUG liquibase.executor - 1 row(s) affected
2025-07-31 16:26:29.805 [main] INFO  liquibase.changelog - New row inserted into sports_trainers
2025-07-31 16:26:29.806 [main] DEBUG liquibase.executor - Executing Statement: liquibase.statement.core.InsertStatement@77bca6d6
2025-07-31 16:26:29.807 [main] DEBUG liquibase.executor - INSERT INTO PUBLIC.sports_trainers (trainer_id, sport_id) VALUES ((SELECT id FROM trainers WHERE first_name = 'Галина' AND last_name = 'Олійник_TEST'), '15')
2025-07-31 16:26:29.808 [main] DEBUG liquibase.executor - 1 row(s) affected
2025-07-31 16:26:29.808 [main] INFO  liquibase.changelog - New row inserted into sports_trainers
2025-07-31 16:26:29.809 [main] INFO  liquibase.changelog - ChangeSet db.changelog/changes/27-insert-trainers-for-testing.yaml::27-insert-trainers-for-testing::bohdan-s ran successfully in 164ms
2025-07-31 16:26:29.811 [main] DEBUG liquibase.executor - INSERT INTO PUBLIC.DATABASECHANGELOG (ID, AUTHOR, FILENAME, DATEEXECUTED, ORDEREXECUTED, MD5SUM, DESCRIPTION, COMMENTS, EXECTYPE, CONTEXTS, LABELS, LIQUIBASE, DEPLOYMENT_ID) VALUES ('27-insert-trainers-for-testing', 'bohdan-s', 'db.changelog/changes/27-insert-trainers-for-testing.yaml', NOW(), 27, '9:18bb7a6c6d60c3b3d3a8292c3630b15f', 'insert tableName=user_credentials; insert tableName=user_credentials_roles; insert tableName=addresses; insert tableName=trainers; insert tableName=trainer_phone_numbers; insert tableName=trainer_certificates; insert tableName=sports_trainers; ins...', '', 'EXECUTED', NULL, NULL, '4.29.2', '3979188987')
2025-07-31 16:26:29.811 [main] DEBUG liquibase.executor - 1 row(s) affected
2025-07-31 16:26:29.812 [main] DEBUG liquibase.executor - Changelog query completed.
2025-07-31 16:26:29.813 [main] DEBUG liquibase.util - Computed checksum for insert:[
    columns=[
        [
            name="email"
            value="oleksii.hryshchenko@example.com"
        ],
        [
            name="password"
            value="$2a$10$2y03kivOdVnunKG2k53YeO8VO6Ks1UFPsWixKvl9PKtQsyXAFncmi"
        ],
        [
            name="user_type"
            value="GYM_OWNER"
        ],
        [
            name="is_deleted"
            value="false"
        ]
    ]
    tableName="user_credentials"
] as a186cdaecbad24427526f8efcbf6b91a
2025-07-31 16:26:29.813 [main] DEBUG liquibase.util - Computed checksum for insert:[
    columns=[
        [
            name="user_credentials_id"
            valueComputed="(SELECT id FROM user_credentials WHERE email = 'oleksii.hryshchenko@example.com')"
        ],
        [
            name="role_id"
            value="4"
        ]
    ]
    tableName="user_credentials_roles"
] as 9ef3126979d0b7e124200225ad552ea0
2025-07-31 16:26:29.814 [main] DEBUG liquibase.util - Computed checksum for insert:[
    columns=[
        [
            name="first_name"
            value="Олексій"
        ],
        [
            name="last_name"
            value="Грищенко_TEST"
        ],
        [
            name="gender"
            value="MALE"
        ],
        [
            name="date_of_birth"
            value="1980-01-01"
        ],
        [
            name="profile_image_url"
            value=""
        ],
        [
            name="user_credentials_id"
            valueComputed="(S... [truncated in log] as 9bb98a0e34b29db65729d2ed3f6a249f
2025-07-31 16:26:29.814 [main] DEBUG liquibase.util - Computed checksum for insert:[
    columns=[
        [
            name="gym_owner_id"
            valueComputed="(SELECT id FROM gym_owners WHERE first_name = 'Олексій' AND last_name = 'Грищенко_TEST')"
        ],
        [
            name="phone_numbers"
            value="+38(044)-111-2233"
        ]
    ]
    tableName="gym_owner_phone_numbers"
] as 0dc361460464624946144961607a0252
2025-07-31 16:26:29.814 [main] DEBUG liquibase.util - Computed checksum for insert:[
    columns=[
        [
            name="country"
            value="Україна"
        ],
        [
            name="city"
            value="Київ"
        ],
        [
            name="street"
            value="вул. Антоновича"
        ],
        [
            name="house"
            value="50"
        ],
        [
            name="is_deleted"
            value="false"
        ]
    ]
    tableName="addresses"
] as 29e45c29b85d6da7c38633e34f4655a8
2025-07-31 16:26:29.815 [main] DEBUG liquibase.util - Computed checksum for insert:[
    columns=[
        [
            name="name"
            value="StrongBody_TEST"
        ],
        [
            name="address_id"
            valueComputed="(SELECT id FROM addresses WHERE country = 'Україна' AND city = 'Київ' AND street = 'вул. Антоновича' AND house = '50')"
        ],
        [
            name="description"
            value="Сучасний тренажерний зал з великим вибором обладнання."
        ],
        [
            name="website"
            value="http://strongbo... [truncated in log] as 2c3d26909d9d4ed5e2357f97e1a2358f
2025-07-31 16:26:29.815 [main] DEBUG liquibase.util - Computed checksum for insert:[
    columns=[
        [
            name="gym_id"
            valueComputed="(SELECT id FROM gyms WHERE name = 'StrongBody_TEST')"
        ],
        [
            name="phone_numbers"
            value="+38(044)-111-2233"
        ]
    ]
    tableName="gym_phone_numbers"
] as 22bdbe6522a4ecd590a576b9e6ef4f69
2025-07-31 16:26:29.815 [main] DEBUG liquibase.util - Computed checksum for insert:[
    columns=[
        [
            name="gym_id"
            valueComputed="(SELECT id FROM gyms WHERE name = 'StrongBody_TEST')"
        ],
        [
            name="day_of_week"
            value="MONDAY"
        ],
        [
            name="start_time"
            value="07:00:00"
        ],
        [
            name="end_time"
            value="22:00:00"
        ]
    ]
    tableName="gym_working_hours"
] as fdd532cb2bf819a4ac986d879e17fb2a
2025-07-31 16:26:29.816 [main] DEBUG liquibase.util - Computed checksum for insert:[
    columns=[
        [
            name="gym_id"
            valueComputed="(SELECT id FROM gyms WHERE name = 'StrongBody_TEST')"
        ],
        [
            name="day_of_week"
            value="TUESDAY"
        ],
        [
            name="start_time"
            value="07:00:00"
        ],
        [
            name="end_time"
            value="22:00:00"
        ]
    ]
    tableName="gym_working_hours"
] as dc696c063f339e0b37f8ad038440ad00
2025-07-31 16:26:29.816 [main] DEBUG liquibase.util - Computed checksum for insert:[
    columns=[
        [
            name="gym_id"
            valueComputed="(SELECT id FROM gyms WHERE name = 'StrongBody_TEST')"
        ],
        [
            name="day_of_week"
            value="WEDNESDAY"
        ],
        [
            name="start_time"
            value="07:00:00"
        ],
        [
            name="end_time"
            value="22:00:00"
        ]
    ]
    tableName="gym_working_hours"
] as e2c6a6d1941fc2e01d41b1d9848894a1
2025-07-31 16:26:29.816 [main] DEBUG liquibase.util - Computed checksum for insert:[
    columns=[
        [
            name="gym_id"
            valueComputed="(SELECT id FROM gyms WHERE name = 'StrongBody_TEST')"
        ],
        [
            name="day_of_week"
            value="THURSDAY"
        ],
        [
            name="start_time"
            value="07:00:00"
        ],
        [
            name="end_time"
            value="22:00:00"
        ]
    ]
    tableName="gym_working_hours"
] as 3336aa01d7a18527f627cf3a86d5d03c
2025-07-31 16:26:29.816 [main] DEBUG liquibase.util - Computed checksum for insert:[
    columns=[
        [
            name="gym_id"
            valueComputed="(SELECT id FROM gyms WHERE name = 'StrongBody_TEST')"
        ],
        [
            name="day_of_week"
            value="FRIDAY"
        ],
        [
            name="start_time"
            value="07:00:00"
        ],
        [
            name="end_time"
            value="22:00:00"
        ]
    ]
    tableName="gym_working_hours"
] as 23f75e170e665544ed5877832f0f82f0
2025-07-31 16:26:29.817 [main] DEBUG liquibase.util - Computed checksum for insert:[
    columns=[
        [
            name="gym_id"
            valueComputed="(SELECT id FROM gyms WHERE name = 'StrongBody_TEST')"
        ],
        [
            name="day_of_week"
            value="SATURDAY"
        ],
        [
            name="start_time"
            value="09:00:00"
        ],
        [
            name="end_time"
            value="18:00:00"
        ]
    ]
    tableName="gym_working_hours"
] as b2578eb066447df75eaddfbe69230296
2025-07-31 16:26:29.817 [main] DEBUG liquibase.util - Computed checksum for insert:[
    columns=[
        [
            name="gym_id"
            valueComputed="(SELECT id FROM gyms WHERE name = 'StrongBody_TEST')"
        ],
        [
            name="day_of_week"
            value="SUNDAY"
        ],
        [
            name="start_time"
            value="09:00:00"
        ],
        [
            name="end_time"
            value="16:00:00"
        ]
    ]
    tableName="gym_working_hours"
] as f3333d5b4b54a5408b0e733d36db7451
2025-07-31 16:26:29.817 [main] DEBUG liquibase.util - Computed checksum for insert:[
    columns=[
        [
            name="gym_id"
            valueComputed="(SELECT id FROM gyms WHERE name = 'StrongBody_TEST')"
        ],
        [
            name="sport_id"
            value="3"
        ]
    ]
    tableName="sports_gyms"
] as b7897eb5898708ff779dce15c75dbbe1
2025-07-31 16:26:29.818 [main] DEBUG liquibase.util - Computed checksum for insert:[
    columns=[
        [
            name="gym_id"
            valueComputed="(SELECT id FROM gyms WHERE name = 'StrongBody_TEST')"
        ],
        [
            name="sport_id"
            value="1"
        ]
    ]
    tableName="sports_gyms"
] as 87fe014fc527f50e1e8379d7bddbaea9
2025-07-31 16:26:29.818 [main] DEBUG liquibase.util - Computed checksum for insert:[
    columns=[
        [
            name="country"
            value="Україна"
        ],
        [
            name="city"
            value="Львів"
        ],
        [
            name="street"
            value="вул. Городоцька"
        ],
        [
            name="house"
            value="17"
        ],
        [
            name="is_deleted"
            value="false"
        ]
    ]
    tableName="addresses"
] as 1904447d7b851e519fa45160330725b8
2025-07-31 16:26:29.818 [main] DEBUG liquibase.util - Computed checksum for insert:[
    columns=[
        [
            name="name"
            value="FitZone_TEST"
        ],
        [
            name="address_id"
            valueComputed="(SELECT id FROM addresses WHERE country = 'Україна' AND city = 'Львів' AND street = 'вул. Городоцька' AND house = '17')"
        ],
        [
            name="description"
            value="Просторий фітнес-центр з зонами для групових тренувань."
        ],
        [
            name="website"
            value="http://fitzone.l... [truncated in log] as f2e14af4ebd0b0699a69c73587d3b45e
2025-07-31 16:26:29.819 [main] DEBUG liquibase.util - Computed checksum for insert:[
    columns=[
        [
            name="gym_id"
            valueComputed="(SELECT id FROM gyms WHERE name = 'FitZone_TEST')"
        ],
        [
            name="phone_numbers"
            value="+38(032)-222-3344"
        ]
    ]
    tableName="gym_phone_numbers"
] as 7a44c4e1168588bc2efed261c38b2a46
2025-07-31 16:26:29.819 [main] DEBUG liquibase.util - Computed checksum for insert:[
    columns=[
        [
            name="gym_id"
            valueComputed="(SELECT id FROM gyms WHERE name = 'FitZone_TEST')"
        ],
        [
            name="day_of_week"
            value="MONDAY"
        ],
        [
            name="start_time"
            value="08:00:00"
        ],
        [
            name="end_time"
            value="21:00:00"
        ]
    ]
    tableName="gym_working_hours"
] as 0bab65249fca8bec2dc55c5e263fc59c
2025-07-31 16:26:29.819 [main] DEBUG liquibase.util - Computed checksum for insert:[
    columns=[
        [
            name="gym_id"
            valueComputed="(SELECT id FROM gyms WHERE name = 'FitZone_TEST')"
        ],
        [
            name="day_of_week"
            value="TUESDAY"
        ],
        [
            name="start_time"
            value="08:00:00"
        ],
        [
            name="end_time"
            value="21:00:00"
        ]
    ]
    tableName="gym_working_hours"
] as 9e2be34af71f2d3e189b317b75490841
2025-07-31 16:26:29.820 [main] DEBUG liquibase.util - Computed checksum for insert:[
    columns=[
        [
            name="gym_id"
            valueComputed="(SELECT id FROM gyms WHERE name = 'FitZone_TEST')"
        ],
        [
            name="day_of_week"
            value="WEDNESDAY"
        ],
        [
            name="start_time"
            value="08:00:00"
        ],
        [
            name="end_time"
            value="21:00:00"
        ]
    ]
    tableName="gym_working_hours"
] as ede8a4a3343c5bdb0c35a198db6e437e
2025-07-31 16:26:29.820 [main] DEBUG liquibase.util - Computed checksum for insert:[
    columns=[
        [
            name="gym_id"
            valueComputed="(SELECT id FROM gyms WHERE name = 'FitZone_TEST')"
        ],
        [
            name="day_of_week"
            value="THURSDAY"
        ],
        [
            name="start_time"
            value="08:00:00"
        ],
        [
            name="end_time"
            value="21:00:00"
        ]
    ]
    tableName="gym_working_hours"
] as 58a6f4c5f3dca4eb5fd5e2b92f3b90f0
2025-07-31 16:26:29.820 [main] DEBUG liquibase.util - Computed checksum for insert:[
    columns=[
        [
            name="gym_id"
            valueComputed="(SELECT id FROM gyms WHERE name = 'FitZone_TEST')"
        ],
        [
            name="day_of_week"
            value="FRIDAY"
        ],
        [
            name="start_time"
            value="08:00:00"
        ],
        [
            name="end_time"
            value="21:00:00"
        ]
    ]
    tableName="gym_working_hours"
] as fd8c4582f5bbe38d18da68cbeda3ceea
2025-07-31 16:26:29.821 [main] DEBUG liquibase.util - Computed checksum for insert:[
    columns=[
        [
            name="gym_id"
            valueComputed="(SELECT id FROM gyms WHERE name = 'FitZone_TEST')"
        ],
        [
            name="day_of_week"
            value="SATURDAY"
        ],
        [
            name="start_time"
            value="10:00:00"
        ],
        [
            name="end_time"
            value="17:00:00"
        ]
    ]
    tableName="gym_working_hours"
] as ecf6da0cf50db3524defe41071744449
2025-07-31 16:26:29.821 [main] DEBUG liquibase.util - Computed checksum for insert:[
    columns=[
        [
            name="gym_id"
            valueComputed="(SELECT id FROM gyms WHERE name = 'FitZone_TEST')"
        ],
        [
            name="sport_id"
            value="7"
        ]
    ]
    tableName="sports_gyms"
] as 6f7d1438af2b7019de9da57fd7df9d44
2025-07-31 16:26:29.822 [main] DEBUG liquibase.util - Computed checksum for insert:[
    columns=[
        [
            name="gym_id"
            valueComputed="(SELECT id FROM gyms WHERE name = 'FitZone_TEST')"
        ],
        [
            name="sport_id"
            value="13"
        ]
    ]
    tableName="sports_gyms"
] as 87bbd099f660cae0e764a75e4a9e8e51
2025-07-31 16:26:29.822 [main] DEBUG liquibase.util - Computed checksum for insert:[
    columns=[
        [
            name="gym_id"
            valueComputed="(SELECT id FROM gyms WHERE name = 'FitZone_TEST')"
        ],
        [
            name="sport_id"
            value="1"
        ]
    ]
    tableName="sports_gyms"
] as b3258160a2da867cab3fb7c2fff8685d
2025-07-31 16:26:29.822 [main] DEBUG liquibase.util - Computed checksum for insert:[
    columns=[
        [
            name="country"
            value="Україна"
        ],
        [
            name="city"
            value="Одеса"
        ],
        [
            name="street"
            value="вул. Катерининська"
        ],
        [
            name="house"
            value="20"
        ],
        [
            name="is_deleted"
            value="false"
        ]
    ]
    tableName="addresses"
] as a886b7a6bde59aafc5d26f305008b40d
2025-07-31 16:26:29.823 [main] DEBUG liquibase.util - Computed checksum for insert:[
    columns=[
        [
            name="name"
            value="Dynamo_TEST"
        ],
        [
            name="address_id"
            valueComputed="(SELECT id FROM addresses WHERE country = 'Україна' AND city = 'Одеса' AND street = 'вул. Катерининська' AND house = '20')"
        ],
        [
            name="description"
            value="Класичний спортивний клуб з басейном та сауною."
        ],
        [
            name="website"
            value="http://dynamo.od.ua"
 ... [truncated in log] as 12e125cb99179e7a89e73b2841ebc08b
2025-07-31 16:26:29.823 [main] DEBUG liquibase.util - Computed checksum for insert:[
    columns=[
        [
            name="gym_id"
            valueComputed="(SELECT id FROM gyms WHERE name = 'Dynamo_TEST')"
        ],
        [
            name="phone_numbers"
            value="+38(048)-333-4455"
        ]
    ]
    tableName="gym_phone_numbers"
] as b6caa5ec433522920b57749d76661096
2025-07-31 16:26:29.823 [main] DEBUG liquibase.util - Computed checksum for insert:[
    columns=[
        [
            name="gym_id"
            valueComputed="(SELECT id FROM gyms WHERE name = 'Dynamo_TEST')"
        ],
        [
            name="day_of_week"
            value="MONDAY"
        ],
        [
            name="start_time"
            value="06:00:00"
        ],
        [
            name="end_time"
            value="23:00:00"
        ]
    ]
    tableName="gym_working_hours"
] as b6e87d8e96d078ccab18203023a36ec7
2025-07-31 16:26:29.823 [main] DEBUG liquibase.util - Computed checksum for insert:[
    columns=[
        [
            name="gym_id"
            valueComputed="(SELECT id FROM gyms WHERE name = 'Dynamo_TEST')"
        ],
        [
            name="day_of_week"
            value="TUESDAY"
        ],
        [
            name="start_time"
            value="06:00:00"
        ],
        [
            name="end_time"
            value="23:00:00"
        ]
    ]
    tableName="gym_working_hours"
] as de59218f70f5fb295b1c90985b7f0f44
2025-07-31 16:26:29.824 [main] DEBUG liquibase.util - Computed checksum for insert:[
    columns=[
        [
            name="gym_id"
            valueComputed="(SELECT id FROM gyms WHERE name = 'Dynamo_TEST')"
        ],
        [
            name="day_of_week"
            value="WEDNESDAY"
        ],
        [
            name="start_time"
            value="06:00:00"
        ],
        [
            name="end_time"
            value="23:00:00"
        ]
    ]
    tableName="gym_working_hours"
] as 9dee3aa84b661e86ad655d67aa064b33
2025-07-31 16:26:29.824 [main] DEBUG liquibase.util - Computed checksum for insert:[
    columns=[
        [
            name="gym_id"
            valueComputed="(SELECT id FROM gyms WHERE name = 'Dynamo_TEST')"
        ],
        [
            name="day_of_week"
            value="THURSDAY"
        ],
        [
            name="start_time"
            value="06:00:00"
        ],
        [
            name="end_time"
            value="23:00:00"
        ]
    ]
    tableName="gym_working_hours"
] as ec14ef8865263b86807d65a440266bf2
2025-07-31 16:26:29.824 [main] DEBUG liquibase.util - Computed checksum for insert:[
    columns=[
        [
            name="gym_id"
            valueComputed="(SELECT id FROM gyms WHERE name = 'Dynamo_TEST')"
        ],
        [
            name="day_of_week"
            value="FRIDAY"
        ],
        [
            name="start_time"
            value="06:00:00"
        ],
        [
            name="end_time"
            value="23:00:00"
        ]
    ]
    tableName="gym_working_hours"
] as 0331175adffb3d4dcfe1d68546d4f548
2025-07-31 16:26:29.824 [main] DEBUG liquibase.util - Computed checksum for insert:[
    columns=[
        [
            name="gym_id"
            valueComputed="(SELECT id FROM gyms WHERE name = 'Dynamo_TEST')"
        ],
        [
            name="day_of_week"
            value="SATURDAY"
        ],
        [
            name="start_time"
            value="08:00:00"
        ],
        [
            name="end_time"
            value="20:00:00"
        ]
    ]
    tableName="gym_working_hours"
] as 710ef1519e1b7b1f4bf64b9d7f46cb9c
2025-07-31 16:26:29.825 [main] DEBUG liquibase.util - Computed checksum for insert:[
    columns=[
        [
            name="gym_id"
            valueComputed="(SELECT id FROM gyms WHERE name = 'Dynamo_TEST')"
        ],
        [
            name="day_of_week"
            value="SUNDAY"
        ],
        [
            name="start_time"
            value="08:00:00"
        ],
        [
            name="end_time"
            value="18:00:00"
        ]
    ]
    tableName="gym_working_hours"
] as fe64c3bd00cbb11d0ff1ec9d5dc78809
2025-07-31 16:26:29.825 [main] DEBUG liquibase.util - Computed checksum for insert:[
    columns=[
        [
            name="gym_id"
            valueComputed="(SELECT id FROM gyms WHERE name = 'Dynamo_TEST')"
        ],
        [
            name="sport_id"
            value="2"
        ]
    ]
    tableName="sports_gyms"
] as 7d9fd06d5aebd1d7fb6c412eec608c0e
2025-07-31 16:26:29.825 [main] DEBUG liquibase.util - Computed checksum for insert:[
    columns=[
        [
            name="gym_id"
            valueComputed="(SELECT id FROM gyms WHERE name = 'Dynamo_TEST')"
        ],
        [
            name="sport_id"
            value="12"
        ]
    ]
    tableName="sports_gyms"
] as bbd9a9aef4b0b0462e211d00334a3886
2025-07-31 16:26:29.826 [main] DEBUG liquibase.util - Computed checksum for insert:[
    columns=[
        [
            name="gym_id"
            valueComputed="(SELECT id FROM gyms WHERE name = 'Dynamo_TEST')"
        ],
        [
            name="sport_id"
            value="1"
        ]
    ]
    tableName="sports_gyms"
] as 9f5012badfbfd9fe0fe97e50f8e9f07a
2025-07-31 16:26:29.826 [main] DEBUG liquibase.util - Computed checksum for insert:[
    columns=[
        [
            name="country"
            value="Україна"
        ],
        [
            name="city"
            value="Харків"
        ],
        [
            name="street"
            value="просп. Науки"
        ],
        [
            name="house"
            value="9"
        ],
        [
            name="is_deleted"
            value="false"
        ]
    ]
    tableName="addresses"
] as faac327685d870ec67bd2406acea346f
2025-07-31 16:26:29.826 [main] DEBUG liquibase.util - Computed checksum for insert:[
    columns=[
        [
            name="name"
            value="SportLife_TEST"
        ],
        [
            name="address_id"
            valueComputed="(SELECT id FROM addresses WHERE country = 'Україна' AND city = 'Харків' AND street = 'просп. Науки' AND house = '9')"
        ],
        [
            name="description"
            value="Велика мережа фітнес-клубів з басейном та спа."
        ],
        [
            name="website"
            value="http://sportlife.ua"
     ... [truncated in log] as b1c6c42c0f25a9d88f361887a253ea48
2025-07-31 16:26:29.827 [main] DEBUG liquibase.util - Computed checksum for insert:[
    columns=[
        [
            name="gym_id"
            valueComputed="(SELECT id FROM gyms WHERE name = 'SportLife_TEST')"
        ],
        [
            name="phone_numbers"
            value="+38(057)-444-5566"
        ]
    ]
    tableName="gym_phone_numbers"
] as e7510a4e1cb33f0dd5d262e98e70f8f8
2025-07-31 16:26:29.827 [main] DEBUG liquibase.util - Computed checksum for insert:[
    columns=[
        [
            name="gym_id"
            valueComputed="(SELECT id FROM gyms WHERE name = 'SportLife_TEST')"
        ],
        [
            name="day_of_week"
            value="MONDAY"
        ],
        [
            name="start_time"
            value="07:00:00"
        ],
        [
            name="end_time"
            value="22:00:00"
        ]
    ]
    tableName="gym_working_hours"
] as 4369b55d3eab1ac1d5597029c3e5e877
2025-07-31 16:26:29.827 [main] DEBUG liquibase.util - Computed checksum for insert:[
    columns=[
        [
            name="gym_id"
            valueComputed="(SELECT id FROM gyms WHERE name = 'SportLife_TEST')"
        ],
        [
            name="day_of_week"
            value="TUESDAY"
        ],
        [
            name="start_time"
            value="07:00:00"
        ],
        [
            name="end_time"
            value="22:00:00"
        ]
    ]
    tableName="gym_working_hours"
] as 0edc8019bf9ae1d523e570663853e388
2025-07-31 16:26:29.828 [main] DEBUG liquibase.util - Computed checksum for insert:[
    columns=[
        [
            name="gym_id"
            valueComputed="(SELECT id FROM gyms WHERE name = 'SportLife_TEST')"
        ],
        [
            name="day_of_week"
            value="WEDNESDAY"
        ],
        [
            name="start_time"
            value="07:00:00"
        ],
        [
            name="end_time"
            value="22:00:00"
        ]
    ]
    tableName="gym_working_hours"
] as b10b239453dc07d5f46cc2c8f6c978da
2025-07-31 16:26:29.828 [main] DEBUG liquibase.util - Computed checksum for insert:[
    columns=[
        [
            name="gym_id"
            valueComputed="(SELECT id FROM gyms WHERE name = 'SportLife_TEST')"
        ],
        [
            name="day_of_week"
            value="THURSDAY"
        ],
        [
            name="start_time"
            value="07:00:00"
        ],
        [
            name="end_time"
            value="22:00:00"
        ]
    ]
    tableName="gym_working_hours"
] as 09854321df3d56492ae4251a4811300c
2025-07-31 16:26:29.828 [main] DEBUG liquibase.util - Computed checksum for insert:[
    columns=[
        [
            name="gym_id"
            valueComputed="(SELECT id FROM gyms WHERE name = 'SportLife_TEST')"
        ],
        [
            name="day_of_week"
            value="FRIDAY"
        ],
        [
            name="start_time"
            value="07:00:00"
        ],
        [
            name="end_time"
            value="22:00:00"
        ]
    ]
    tableName="gym_working_hours"
] as d36a727c6bc9cdcb3bc8da3b882d89a8
2025-07-31 16:26:29.828 [main] DEBUG liquibase.util - Computed checksum for insert:[
    columns=[
        [
            name="gym_id"
            valueComputed="(SELECT id FROM gyms WHERE name = 'SportLife_TEST')"
        ],
        [
            name="day_of_week"
            value="SATURDAY"
        ],
        [
            name="start_time"
            value="09:00:00"
        ],
        [
            name="end_time"
            value="18:00:00"
        ]
    ]
    tableName="gym_working_hours"
] as 7f69e2d84a04b2a48d781a31824d1cba
2025-07-31 16:26:29.829 [main] DEBUG liquibase.util - Computed checksum for insert:[
    columns=[
        [
            name="gym_id"
            valueComputed="(SELECT id FROM gyms WHERE name = 'SportLife_TEST')"
        ],
        [
            name="day_of_week"
            value="SUNDAY"
        ],
        [
            name="start_time"
            value="09:00:00"
        ],
        [
            name="end_time"
            value="16:00:00"
        ]
    ]
    tableName="gym_working_hours"
] as 8ee93f47c13a3749dccb6748d0eef10a
2025-07-31 16:26:29.829 [main] DEBUG liquibase.util - Computed checksum for insert:[
    columns=[
        [
            name="gym_id"
            valueComputed="(SELECT id FROM gyms WHERE name = 'SportLife_TEST')"
        ],
        [
            name="sport_id"
            value="6"
        ]
    ]
    tableName="sports_gyms"
] as 25784dddc04580e07455859cadab9b7a
2025-07-31 16:26:29.829 [main] DEBUG liquibase.util - Computed checksum for insert:[
    columns=[
        [
            name="gym_id"
            valueComputed="(SELECT id FROM gyms WHERE name = 'SportLife_TEST')"
        ],
        [
            name="sport_id"
            value="16"
        ]
    ]
    tableName="sports_gyms"
] as 10b11ca1c5e8d207510c7e150c4a25ee
2025-07-31 16:26:29.829 [main] DEBUG liquibase.util - Computed checksum for insert:[
    columns=[
        [
            name="gym_id"
            valueComputed="(SELECT id FROM gyms WHERE name = 'SportLife_TEST')"
        ],
        [
            name="sport_id"
            value="1"
        ]
    ]
    tableName="sports_gyms"
] as a23984346ad5265ceb897126434f54b0
2025-07-31 16:26:29.830 [main] DEBUG liquibase.util - Computed checksum for insert:[
    columns=[
        [
            name="country"
            value="Україна"
        ],
        [
            name="city"
            value="Дніпро"
        ],
        [
            name="street"
            value="просп. Дмитра Яворницького"
        ],
        [
            name="house"
            value="8"
        ],
        [
            name="is_deleted"
            value="false"
        ]
    ]
    tableName="addresses"
] as 45fedd292e83719824da1f0cc464ef7f
2025-07-31 16:26:29.830 [main] DEBUG liquibase.util - Computed checksum for insert:[
    columns=[
        [
            name="name"
            value="Атлант_TEST"
        ],
        [
            name="address_id"
            valueComputed="(SELECT id FROM addresses WHERE country = 'Україна' AND city = 'Дніпро' AND street = 'просп. Дмитра Яворницького' AND house = '8')"
        ],
        [
            name="description"
            value="Тренажерний зал для силових видів спорту."
        ],
        [
            name="website"
            value="http://atlant.dp.ua"... [truncated in log] as 93a725534042575ad5f69afd785945ac
2025-07-31 16:26:29.830 [main] DEBUG liquibase.util - Computed checksum for insert:[
    columns=[
        [
            name="gym_id"
            valueComputed="(SELECT id FROM gyms WHERE name = 'Атлант_TEST')"
        ],
        [
            name="phone_numbers"
            value="+38(056)-555-6677"
        ]
    ]
    tableName="gym_phone_numbers"
] as 1f6ce2e3592e5a2ffa19ca9d0188db2a
2025-07-31 16:26:29.831 [main] DEBUG liquibase.util - Computed checksum for insert:[
    columns=[
        [
            name="gym_id"
            valueComputed="(SELECT id FROM gyms WHERE name = 'Атлант_TEST')"
        ],
        [
            name="day_of_week"
            value="MONDAY"
        ],
        [
            name="start_time"
            value="08:00:00"
        ],
        [
            name="end_time"
            value="20:00:00"
        ]
    ]
    tableName="gym_working_hours"
] as 55e9294f9c90d56411faba0c340b9d8e
2025-07-31 16:26:29.831 [main] DEBUG liquibase.util - Computed checksum for insert:[
    columns=[
        [
            name="gym_id"
            valueComputed="(SELECT id FROM gyms WHERE name = 'Атлант_TEST')"
        ],
        [
            name="day_of_week"
            value="TUESDAY"
        ],
        [
            name="start_time"
            value="08:00:00"
        ],
        [
            name="end_time"
            value="20:00:00"
        ]
    ]
    tableName="gym_working_hours"
] as d5421612c9f9cdb8984ab967c8d2201d
2025-07-31 16:26:29.831 [main] DEBUG liquibase.util - Computed checksum for insert:[
    columns=[
        [
            name="gym_id"
            valueComputed="(SELECT id FROM gyms WHERE name = 'Атлант_TEST')"
        ],
        [
            name="day_of_week"
            value="WEDNESDAY"
        ],
        [
            name="start_time"
            value="08:00:00"
        ],
        [
            name="end_time"
            value="20:00:00"
        ]
    ]
    tableName="gym_working_hours"
] as 1bda38ca77546c027f7fdf124a7bc1b6
2025-07-31 16:26:29.832 [main] DEBUG liquibase.util - Computed checksum for insert:[
    columns=[
        [
            name="gym_id"
            valueComputed="(SELECT id FROM gyms WHERE name = 'Атлант_TEST')"
        ],
        [
            name="day_of_week"
            value="THURSDAY"
        ],
        [
            name="start_time"
            value="08:00:00"
        ],
        [
            name="end_time"
            value="20:00:00"
        ]
    ]
    tableName="gym_working_hours"
] as 174516c28a42d35326ae0b8262f7f5dd
2025-07-31 16:26:29.832 [main] DEBUG liquibase.util - Computed checksum for insert:[
    columns=[
        [
            name="gym_id"
            valueComputed="(SELECT id FROM gyms WHERE name = 'Атлант_TEST')"
        ],
        [
            name="day_of_week"
            value="FRIDAY"
        ],
        [
            name="start_time"
            value="08:00:00"
        ],
        [
            name="end_time"
            value="20:00:00"
        ]
    ]
    tableName="gym_working_hours"
] as 3d53c09dac6e20d1948ad1a65215f639
2025-07-31 16:26:29.832 [main] DEBUG liquibase.util - Computed checksum for insert:[
    columns=[
        [
            name="gym_id"
            valueComputed="(SELECT id FROM gyms WHERE name = 'Атлант_TEST')"
        ],
        [
            name="day_of_week"
            value="SATURDAY"
        ],
        [
            name="start_time"
            value="09:00:00"
        ],
        [
            name="end_time"
            value="15:00:00"
        ]
    ]
    tableName="gym_working_hours"
] as 80d7d2339b86a1029e14782b53d54c80
2025-07-31 16:26:29.832 [main] DEBUG liquibase.util - Computed checksum for insert:[
    columns=[
        [
            name="gym_id"
            valueComputed="(SELECT id FROM gyms WHERE name = 'Атлант_TEST')"
        ],
        [
            name="sport_id"
            value="5"
        ]
    ]
    tableName="sports_gyms"
] as 197726bee304e61cb39d6ad7b4917691
2025-07-31 16:26:29.833 [main] DEBUG liquibase.util - Computed checksum for insert:[
    columns=[
        [
            name="gym_id"
            valueComputed="(SELECT id FROM gyms WHERE name = 'Атлант_TEST')"
        ],
        [
            name="sport_id"
            value="17"
        ]
    ]
    tableName="sports_gyms"
] as 229cf4a6763ea67c0b6a919fd9db1260
2025-07-31 16:26:29.833 [main] DEBUG liquibase.util - Computed checksum for insert:[
    columns=[
        [
            name="gym_id"
            valueComputed="(SELECT id FROM gyms WHERE name = 'Атлант_TEST')"
        ],
        [
            name="sport_id"
            value="1"
        ]
    ]
    tableName="sports_gyms"
] as 405d5fbc65e494b8f58e9acb0053a8fa
2025-07-31 16:26:29.834 [main] DEBUG liquibase.util - Computed checksum for insert:[
    columns=[
        [
            name="country"
            value="Україна"
        ],
        [
            name="city"
            value="Запоріжжя"
        ],
        [
            name="street"
            value="вул. Незалежної України"
        ],
        [
            name="house"
            value="72"
        ],
        [
            name="is_deleted"
            value="false"
        ]
    ]
    tableName="addresses"
] as 02ee1e41ca412ef30f7ebd72fb4c5e9b
2025-07-31 16:26:29.834 [main] DEBUG liquibase.util - Computed checksum for insert:[
    columns=[
        [
            name="name"
            value="Maximus_TEST"
        ],
        [
            name="address_id"
            valueComputed="(SELECT id FROM addresses WHERE country = 'Україна' AND city = 'Запоріжжя' AND street = 'вул. Незалежної України' AND house = '72')"
        ],
        [
            name="description"
            value="Фітнес-клуб з великим вибором групових програм."
        ],
        [
            name="website"
            value="http://maxim... [truncated in log] as 180227bed642a624dec16ba73f1c5303
2025-07-31 16:26:29.835 [main] DEBUG liquibase.util - Computed checksum for insert:[
    columns=[
        [
            name="gym_id"
            valueComputed="(SELECT id FROM gyms WHERE name = 'Maximus_TEST')"
        ],
        [
            name="phone_numbers"
            value="+38(061)-666-7788"
        ]
    ]
    tableName="gym_phone_numbers"
] as 70fbb919165cf247bd5da41770e2223d
2025-07-31 16:26:29.835 [main] DEBUG liquibase.util - Computed checksum for insert:[
    columns=[
        [
            name="gym_id"
            valueComputed="(SELECT id FROM gyms WHERE name = 'Maximus_TEST')"
        ],
        [
            name="day_of_week"
            value="MONDAY"
        ],
        [
            name="start_time"
            value="07:30:00"
        ],
        [
            name="end_time"
            value="21:30:00"
        ]
    ]
    tableName="gym_working_hours"
] as 353cd5da6a98e9dea521478be2f7ae7e
2025-07-31 16:26:29.838 [main] DEBUG liquibase.util - Computed checksum for insert:[
    columns=[
        [
            name="gym_id"
            valueComputed="(SELECT id FROM gyms WHERE name = 'Maximus_TEST')"
        ],
        [
            name="day_of_week"
            value="TUESDAY"
        ],
        [
            name="start_time"
            value="07:30:00"
        ],
        [
            name="end_time"
            value="21:30:00"
        ]
    ]
    tableName="gym_working_hours"
] as f4d8271629e835cb7866af29881749fc
2025-07-31 16:26:29.842 [main] DEBUG liquibase.util - Computed checksum for insert:[
    columns=[
        [
            name="gym_id"
            valueComputed="(SELECT id FROM gyms WHERE name = 'Maximus_TEST')"
        ],
        [
            name="day_of_week"
            value="WEDNESDAY"
        ],
        [
            name="start_time"
            value="07:30:00"
        ],
        [
            name="end_time"
            value="21:30:00"
        ]
    ]
    tableName="gym_working_hours"
] as 141b681904b0f97092f8089d857ffd9e
2025-07-31 16:26:29.843 [main] DEBUG liquibase.util - Computed checksum for insert:[
    columns=[
        [
            name="gym_id"
            valueComputed="(SELECT id FROM gyms WHERE name = 'Maximus_TEST')"
        ],
        [
            name="day_of_week"
            value="THURSDAY"
        ],
        [
            name="start_time"
            value="07:30:00"
        ],
        [
            name="end_time"
            value="21:30:00"
        ]
    ]
    tableName="gym_working_hours"
] as 565c2f6d4af785a308b9aa5608afbf25
2025-07-31 16:26:29.843 [main] DEBUG liquibase.util - Computed checksum for insert:[
    columns=[
        [
            name="gym_id"
            valueComputed="(SELECT id FROM gyms WHERE name = 'Maximus_TEST')"
        ],
        [
            name="day_of_week"
            value="FRIDAY"
        ],
        [
            name="start_time"
            value="07:30:00"
        ],
        [
            name="end_time"
            value="21:30:00"
        ]
    ]
    tableName="gym_working_hours"
] as 498f970c81e46ffa848455e7d87749ba
2025-07-31 16:26:29.844 [main] DEBUG liquibase.util - Computed checksum for insert:[
    columns=[
        [
            name="gym_id"
            valueComputed="(SELECT id FROM gyms WHERE name = 'Maximus_TEST')"
        ],
        [
            name="day_of_week"
            value="SUNDAY"
        ],
        [
            name="start_time"
            value="10:00:00"
        ],
        [
            name="end_time"
            value="15:00:00"
        ]
    ]
    tableName="gym_working_hours"
] as 9a77fa999025b3f8dda99e3dd715b691
2025-07-31 16:26:29.844 [main] DEBUG liquibase.util - Computed checksum for insert:[
    columns=[
        [
            name="gym_id"
            valueComputed="(SELECT id FROM gyms WHERE name = 'Maximus_TEST')"
        ],
        [
            name="sport_id"
            value="14"
        ]
    ]
    tableName="sports_gyms"
] as 32d2b5edcf2fa63c89ca91fff218bc6f
2025-07-31 16:26:29.844 [main] DEBUG liquibase.util - Computed checksum for insert:[
    columns=[
        [
            name="gym_id"
            valueComputed="(SELECT id FROM gyms WHERE name = 'Maximus_TEST')"
        ],
        [
            name="sport_id"
            value="1"
        ]
    ]
    tableName="sports_gyms"
] as 06da56d1e59529422e0d5b5fa9ebf052
2025-07-31 16:26:29.845 [main] DEBUG liquibase.util - Computed checksum for insert:[
    columns=[
        [
            name="country"
            value="Україна"
        ],
        [
            name="city"
            value="Вінниця"
        ],
        [
            name="street"
            value="вул. Пирогова"
        ],
        [
            name="house"
            value="30"
        ],
        [
            name="is_deleted"
            value="false"
        ]
    ]
    tableName="addresses"
] as 8ee95ed762938b3f6e024aaea702fc8b
2025-07-31 16:26:29.845 [main] DEBUG liquibase.util - Computed checksum for insert:[
    columns=[
        [
            name="name"
            value="GrandFitness_TEST"
        ],
        [
            name="address_id"
            valueComputed="(SELECT id FROM addresses WHERE country = 'Україна' AND city = 'Вінниця' AND street = 'вул. Пирогова' AND house = '30')"
        ],
        [
            name="description"
            value="Елітний фітнес-центр з преміум обладнанням."
        ],
        [
            name="website"
            value="http://grandfitness.vn.... [truncated in log] as 3aaed1a4c0852ff0f979b113c32dff3f
2025-07-31 16:26:29.846 [main] DEBUG liquibase.util - Computed checksum for insert:[
    columns=[
        [
            name="gym_id"
            valueComputed="(SELECT id FROM gyms WHERE name = 'GrandFitness_TEST')"
        ],
        [
            name="phone_numbers"
            value="+38(043)-777-8899"
        ]
    ]
    tableName="gym_phone_numbers"
] as 25d4be338be9c630ddf4067a3245271e
2025-07-31 16:26:29.846 [main] DEBUG liquibase.util - Computed checksum for insert:[
    columns=[
        [
            name="gym_id"
            valueComputed="(SELECT id FROM gyms WHERE name = 'GrandFitness_TEST')"
        ],
        [
            name="day_of_week"
            value="MONDAY"
        ],
        [
            name="start_time"
            value="07:00:00"
        ],
        [
            name="end_time"
            value="22:00:00"
        ]
    ]
    tableName="gym_working_hours"
] as d08bb74b436d827cdba51232d073fafb
2025-07-31 16:26:29.846 [main] DEBUG liquibase.util - Computed checksum for insert:[
    columns=[
        [
            name="gym_id"
            valueComputed="(SELECT id FROM gyms WHERE name = 'GrandFitness_TEST')"
        ],
        [
            name="day_of_week"
            value="TUESDAY"
        ],
        [
            name="start_time"
            value="07:00:00"
        ],
        [
            name="end_time"
            value="22:00:00"
        ]
    ]
    tableName="gym_working_hours"
] as 9827db10f84d8c6c2ffc4487836e8df1
2025-07-31 16:26:29.847 [main] DEBUG liquibase.util - Computed checksum for insert:[
    columns=[
        [
            name="gym_id"
            valueComputed="(SELECT id FROM gyms WHERE name = 'GrandFitness_TEST')"
        ],
        [
            name="day_of_week"
            value="WEDNESDAY"
        ],
        [
            name="start_time"
            value="07:00:00"
        ],
        [
            name="end_time"
            value="22:00:00"
        ]
    ]
    tableName="gym_working_hours"
] as 184eda2f2197332a273da802bce2a467
2025-07-31 16:26:29.847 [main] DEBUG liquibase.util - Computed checksum for insert:[
    columns=[
        [
            name="gym_id"
            valueComputed="(SELECT id FROM gyms WHERE name = 'GrandFitness_TEST')"
        ],
        [
            name="day_of_week"
            value="THURSDAY"
        ],
        [
            name="start_time"
            value="07:00:00"
        ],
        [
            name="end_time"
            value="22:00:00"
        ]
    ]
    tableName="gym_working_hours"
] as e00b7647cd24924e067bd190bd89f2b6
2025-07-31 16:26:29.847 [main] DEBUG liquibase.util - Computed checksum for insert:[
    columns=[
        [
            name="gym_id"
            valueComputed="(SELECT id FROM gyms WHERE name = 'GrandFitness_TEST')"
        ],
        [
            name="day_of_week"
            value="FRIDAY"
        ],
        [
            name="start_time"
            value="07:00:00"
        ],
        [
            name="end_time"
            value="22:00:00"
        ]
    ]
    tableName="gym_working_hours"
] as b5ed1e3604668b467cc3781d89a810a5
2025-07-31 16:26:29.848 [main] DEBUG liquibase.util - Computed checksum for insert:[
    columns=[
        [
            name="gym_id"
            valueComputed="(SELECT id FROM gyms WHERE name = 'GrandFitness_TEST')"
        ],
        [
            name="day_of_week"
            value="SATURDAY"
        ],
        [
            name="start_time"
            value="09:00:00"
        ],
        [
            name="end_time"
            value="19:00:00"
        ]
    ]
    tableName="gym_working_hours"
] as 906834ef981387f5326468fe67a9a228
2025-07-31 16:26:29.848 [main] DEBUG liquibase.util - Computed checksum for insert:[
    columns=[
        [
            name="gym_id"
            valueComputed="(SELECT id FROM gyms WHERE name = 'GrandFitness_TEST')"
        ],
        [
            name="day_of_week"
            value="SUNDAY"
        ],
        [
            name="start_time"
            value="10:00:00"
        ],
        [
            name="end_time"
            value="17:00:00"
        ]
    ]
    tableName="gym_working_hours"
] as 2bd9ce7f945f34a99e4749cc49ac58c7
2025-07-31 16:26:29.848 [main] DEBUG liquibase.util - Computed checksum for insert:[
    columns=[
        [
            name="gym_id"
            valueComputed="(SELECT id FROM gyms WHERE name = 'GrandFitness_TEST')"
        ],
        [
            name="sport_id"
            value="1"
        ]
    ]
    tableName="sports_gyms"
] as 87e983da9925d2bdc4c82d364cc4eca2
2025-07-31 16:26:29.849 [main] DEBUG liquibase.util - Computed checksum for insert:[
    columns=[
        [
            name="country"
            value="Україна"
        ],
        [
            name="city"
            value="Чернігів"
        ],
        [
            name="street"
            value="вул. Київська"
        ],
        [
            name="house"
            value="11"
        ],
        [
            name="is_deleted"
            value="false"
        ]
    ]
    tableName="addresses"
] as 46024a8f776c07b1d476d7ad1a85ae26
2025-07-31 16:26:29.849 [main] DEBUG liquibase.util - Computed checksum for insert:[
    columns=[
        [
            name="name"
            value="EuroSport_TEST"
        ],
        [
            name="address_id"
            valueComputed="(SELECT id FROM addresses WHERE country = 'Україна' AND city = 'Чернігів' AND street = 'вул. Київська' AND house = '11')"
        ],
        [
            name="description"
            value="Доступний спортивний клуб для всієї родини."
        ],
        [
            name="website"
            value="http://eurosport.cn.ua"
 ... [truncated in log] as 8fb6ce1945f574d48c4e5d5789225942
2025-07-31 16:26:29.849 [main] DEBUG liquibase.util - Computed checksum for insert:[
    columns=[
        [
            name="gym_id"
            valueComputed="(SELECT id FROM gyms WHERE name = 'EuroSport_TEST')"
        ],
        [
            name="phone_numbers"
            value="+38(046)-888-9900"
        ]
    ]
    tableName="gym_phone_numbers"
] as 8e0e047e3bea54100f682fc5f7e4e132
2025-07-31 16:26:29.850 [main] DEBUG liquibase.util - Computed checksum for insert:[
    columns=[
        [
            name="gym_id"
            valueComputed="(SELECT id FROM gyms WHERE name = 'EuroSport_TEST')"
        ],
        [
            name="day_of_week"
            value="MONDAY"
        ],
        [
            name="start_time"
            value="08:00:00"
        ],
        [
            name="end_time"
            value="22:00:00"
        ]
    ]
    tableName="gym_working_hours"
] as a0615a1a38d8ed1082a695e66238cfba
2025-07-31 16:26:29.850 [main] DEBUG liquibase.util - Computed checksum for insert:[
    columns=[
        [
            name="gym_id"
            valueComputed="(SELECT id FROM gyms WHERE name = 'EuroSport_TEST')"
        ],
        [
            name="day_of_week"
            value="TUESDAY"
        ],
        [
            name="start_time"
            value="08:00:00"
        ],
        [
            name="end_time"
            value="22:00:00"
        ]
    ]
    tableName="gym_working_hours"
] as 1d752ea451c6ca03528b507471598cf6
2025-07-31 16:26:29.850 [main] DEBUG liquibase.util - Computed checksum for insert:[
    columns=[
        [
            name="gym_id"
            valueComputed="(SELECT id FROM gyms WHERE name = 'EuroSport_TEST')"
        ],
        [
            name="day_of_week"
            value="WEDNESDAY"
        ],
        [
            name="start_time"
            value="08:00:00"
        ],
        [
            name="end_time"
            value="22:00:00"
        ]
    ]
    tableName="gym_working_hours"
] as aca68fbe826fb678c2340805f503ef0e
2025-07-31 16:26:29.851 [main] DEBUG liquibase.util - Computed checksum for insert:[
    columns=[
        [
            name="gym_id"
            valueComputed="(SELECT id FROM gyms WHERE name = 'EuroSport_TEST')"
        ],
        [
            name="day_of_week"
            value="THURSDAY"
        ],
        [
            name="start_time"
            value="08:00:00"
        ],
        [
            name="end_time"
            value="22:00:00"
        ]
    ]
    tableName="gym_working_hours"
] as 8bcc5d17e5efd9faa175150f64245931
2025-07-31 16:26:29.851 [main] DEBUG liquibase.util - Computed checksum for insert:[
    columns=[
        [
            name="gym_id"
            valueComputed="(SELECT id FROM gyms WHERE name = 'EuroSport_TEST')"
        ],
        [
            name="day_of_week"
            value="FRIDAY"
        ],
        [
            name="start_time"
            value="08:00:00"
        ],
        [
            name="end_time"
            value="22:00:00"
        ]
    ]
    tableName="gym_working_hours"
] as e5d5e8d3ef21f688152a526424749630
2025-07-31 16:26:29.851 [main] DEBUG liquibase.util - Computed checksum for insert:[
    columns=[
        [
            name="gym_id"
            valueComputed="(SELECT id FROM gyms WHERE name = 'EuroSport_TEST')"
        ],
        [
            name="day_of_week"
            value="SATURDAY"
        ],
        [
            name="start_time"
            value="09:00:00"
        ],
        [
            name="end_time"
            value="17:00:00"
        ]
    ]
    tableName="gym_working_hours"
] as df2f5979a5e6290551482c94f1f92a70
2025-07-31 16:26:29.852 [main] DEBUG liquibase.util - Computed checksum for insert:[
    columns=[
        [
            name="gym_id"
            valueComputed="(SELECT id FROM gyms WHERE name = 'EuroSport_TEST')"
        ],
        [
            name="sport_id"
            value="6"
        ]
    ]
    tableName="sports_gyms"
] as 4ed4efd326690bd1a4e6b3b557023647
2025-07-31 16:26:29.852 [main] DEBUG liquibase.util - Computed checksum for insert:[
    columns=[
        [
            name="gym_id"
            valueComputed="(SELECT id FROM gyms WHERE name = 'EuroSport_TEST')"
        ],
        [
            name="sport_id"
            value="7"
        ]
    ]
    tableName="sports_gyms"
] as 2f10289e9169ed063caadbe3878eabf9
2025-07-31 16:26:29.852 [main] DEBUG liquibase.util - Computed checksum for insert:[
    columns=[
        [
            name="gym_id"
            valueComputed="(SELECT id FROM gyms WHERE name = 'EuroSport_TEST')"
        ],
        [
            name="sport_id"
            value="1"
        ]
    ]
    tableName="sports_gyms"
] as 3bacf9e6a8a8011cfaffd12179ecfab9
2025-07-31 16:26:29.853 [main] DEBUG liquibase.util - Computed checksum for insert:[
    columns=[
        [
            name="country"
            value="Україна"
        ],
        [
            name="city"
            value="Полтава"
        ],
        [
            name="street"
            value="вул. Соборності"
        ],
        [
            name="house"
            value="33"
        ],
        [
            name="is_deleted"
            value="false"
        ]
    ]
    tableName="addresses"
] as a51654e87b3387a24366baf350d47cfc
2025-07-31 16:26:29.853 [main] DEBUG liquibase.util - Computed checksum for insert:[
    columns=[
        [
            name="name"
            value="Олімп_TEST"
        ],
        [
            name="address_id"
            valueComputed="(SELECT id FROM addresses WHERE country = 'Україна' AND city = 'Полтава' AND street = 'вул. Соборності' AND house = '33')"
        ],
        [
            name="description"
            value="Спортивний комплекс з великим басейном та сучасними тренажерами."
        ],
        [
            name="website"
            value="http://... [truncated in log] as dcbd526a82424c0ba1bd8e5e3d4e3cd2
2025-07-31 16:26:29.853 [main] DEBUG liquibase.util - Computed checksum for insert:[
    columns=[
        [
            name="gym_id"
            valueComputed="(SELECT id FROM gyms WHERE name = 'Олімп_TEST')"
        ],
        [
            name="phone_numbers"
            value="+38(053)-999-0011"
        ]
    ]
    tableName="gym_phone_numbers"
] as 061b097773295219ff7a7dc6b50a6096
2025-07-31 16:26:29.854 [main] DEBUG liquibase.util - Computed checksum for insert:[
    columns=[
        [
            name="gym_id"
            valueComputed="(SELECT id FROM gyms WHERE name = 'Олімп_TEST')"
        ],
        [
            name="day_of_week"
            value="MONDAY"
        ],
        [
            name="start_time"
            value="06:30:00"
        ],
        [
            name="end_time"
            value="22:30:00"
        ]
    ]
    tableName="gym_working_hours"
] as 4a912ec3000b3081b95e52797741ef26
2025-07-31 16:26:29.854 [main] DEBUG liquibase.util - Computed checksum for insert:[
    columns=[
        [
            name="gym_id"
            valueComputed="(SELECT id FROM gyms WHERE name = 'Олімп_TEST')"
        ],
        [
            name="day_of_week"
            value="TUESDAY"
        ],
        [
            name="start_time"
            value="06:30:00"
        ],
        [
            name="end_time"
            value="22:30:00"
        ]
    ]
    tableName="gym_working_hours"
] as 530e80e0e9c78edde42acaa2ec206c7c
2025-07-31 16:26:29.854 [main] DEBUG liquibase.util - Computed checksum for insert:[
    columns=[
        [
            name="gym_id"
            valueComputed="(SELECT id FROM gyms WHERE name = 'Олімп_TEST')"
        ],
        [
            name="day_of_week"
            value="WEDNESDAY"
        ],
        [
            name="start_time"
            value="06:30:00"
        ],
        [
            name="end_time"
            value="22:30:00"
        ]
    ]
    tableName="gym_working_hours"
] as 7f7662d003a4b66b1987badc898fc272
2025-07-31 16:26:29.855 [main] DEBUG liquibase.util - Computed checksum for insert:[
    columns=[
        [
            name="gym_id"
            valueComputed="(SELECT id FROM gyms WHERE name = 'Олімп_TEST')"
        ],
        [
            name="day_of_week"
            value="THURSDAY"
        ],
        [
            name="start_time"
            value="06:30:00"
        ],
        [
            name="end_time"
            value="22:30:00"
        ]
    ]
    tableName="gym_working_hours"
] as be60a340e642c1487eb360ee5bd66224
2025-07-31 16:26:29.855 [main] DEBUG liquibase.util - Computed checksum for insert:[
    columns=[
        [
            name="gym_id"
            valueComputed="(SELECT id FROM gyms WHERE name = 'Олімп_TEST')"
        ],
        [
            name="day_of_week"
            value="FRIDAY"
        ],
        [
            name="start_time"
            value="06:30:00"
        ],
        [
            name="end_time"
            value="22:30:00"
        ]
    ]
    tableName="gym_working_hours"
] as 00337f6bbcb34091ad539daaa6c9b392
2025-07-31 16:26:29.855 [main] DEBUG liquibase.util - Computed checksum for insert:[
    columns=[
        [
            name="gym_id"
            valueComputed="(SELECT id FROM gyms WHERE name = 'Олімп_TEST')"
        ],
        [
            name="day_of_week"
            value="SATURDAY"
        ],
        [
            name="start_time"
            value="08:00:00"
        ],
        [
            name="end_time"
            value="19:00:00"
        ]
    ]
    tableName="gym_working_hours"
] as f79143a1ddc38a5b605283749c0fa9c0
2025-07-31 16:26:29.856 [main] DEBUG liquibase.util - Computed checksum for insert:[
    columns=[
        [
            name="gym_id"
            valueComputed="(SELECT id FROM gyms WHERE name = 'Олімп_TEST')"
        ],
        [
            name="day_of_week"
            value="SUNDAY"
        ],
        [
            name="start_time"
            value="08:00:00"
        ],
        [
            name="end_time"
            value="17:00:00"
        ]
    ]
    tableName="gym_working_hours"
] as 8a68034e61e905d374642c45af844c25
2025-07-31 16:26:29.856 [main] DEBUG liquibase.util - Computed checksum for insert:[
    columns=[
        [
            name="gym_id"
            valueComputed="(SELECT id FROM gyms WHERE name = 'Олімп_TEST')"
        ],
        [
            name="sport_id"
            value="2"
        ]
    ]
    tableName="sports_gyms"
] as 87584ce69d7293d49ccd0af76dd05dce
2025-07-31 16:26:29.856 [main] DEBUG liquibase.util - Computed checksum for insert:[
    columns=[
        [
            name="gym_id"
            valueComputed="(SELECT id FROM gyms WHERE name = 'Олімп_TEST')"
        ],
        [
            name="sport_id"
            value="12"
        ]
    ]
    tableName="sports_gyms"
] as 5d037fc177c772f649e36c62db840ba5
2025-07-31 16:26:29.857 [main] DEBUG liquibase.util - Computed checksum for insert:[
    columns=[
        [
            name="gym_id"
            valueComputed="(SELECT id FROM gyms WHERE name = 'Олімп_TEST')"
        ],
        [
            name="sport_id"
            value="1"
        ]
    ]
    tableName="sports_gyms"
] as 7e4d5c828a63c7ccbade8766a7f9c4d9
2025-07-31 16:26:29.857 [main] DEBUG liquibase.util - Computed checksum for insert:[
    columns=[
        [
            name="country"
            value="Україна"
        ],
        [
            name="city"
            value="Черкаси"
        ],
        [
            name="street"
            value="бульв. Шевченка"
        ],
        [
            name="house"
            value="130"
        ],
        [
            name="is_deleted"
            value="false"
        ]
    ]
    tableName="addresses"
] as 68606d67e0332a0eca747fa537d3573a
2025-07-31 16:26:29.858 [main] DEBUG liquibase.util - Computed checksum for insert:[
    columns=[
        [
            name="name"
            value="Формула_TEST"
        ],
        [
            name="address_id"
            valueComputed="(SELECT id FROM addresses WHERE country = 'Україна' AND city = 'Черкаси' AND street = 'бульв. Шевченка' AND house = '130')"
        ],
        [
            name="description"
            value="Великий вибір кардіо- та силових тренажерів."
        ],
        [
            name="website"
            value="http://formula.ck.ua"
  ... [truncated in log] as 0419307f0e2aec277a8ec2cf491c8ce7
2025-07-31 16:26:29.858 [main] DEBUG liquibase.util - Computed checksum for insert:[
    columns=[
        [
            name="gym_id"
            valueComputed="(SELECT id FROM gyms WHERE name = 'Формула_TEST')"
        ],
        [
            name="phone_numbers"
            value="+38(047)-123-4567"
        ]
    ]
    tableName="gym_phone_numbers"
] as 99518edaa038c91d532506d711794a71
2025-07-31 16:26:29.858 [main] DEBUG liquibase.util - Computed checksum for insert:[
    columns=[
        [
            name="gym_id"
            valueComputed="(SELECT id FROM gyms WHERE name = 'Формула_TEST')"
        ],
        [
            name="day_of_week"
            value="MONDAY"
        ],
        [
            name="start_time"
            value="07:00:00"
        ],
        [
            name="end_time"
            value="22:00:00"
        ]
    ]
    tableName="gym_working_hours"
] as f7597744a8e4c83570559f1fac0daefc
2025-07-31 16:26:29.858 [main] DEBUG liquibase.util - Computed checksum for insert:[
    columns=[
        [
            name="gym_id"
            valueComputed="(SELECT id FROM gyms WHERE name = 'Формула_TEST')"
        ],
        [
            name="day_of_week"
            value="TUESDAY"
        ],
        [
            name="start_time"
            value="07:00:00"
        ],
        [
            name="end_time"
            value="22:00:00"
        ]
    ]
    tableName="gym_working_hours"
] as 607c7983a6bbffb9a924afbcdc481e72
2025-07-31 16:26:29.859 [main] DEBUG liquibase.util - Computed checksum for insert:[
    columns=[
        [
            name="gym_id"
            valueComputed="(SELECT id FROM gyms WHERE name = 'Формула_TEST')"
        ],
        [
            name="day_of_week"
            value="WEDNESDAY"
        ],
        [
            name="start_time"
            value="07:00:00"
        ],
        [
            name="end_time"
            value="22:00:00"
        ]
    ]
    tableName="gym_working_hours"
] as cef00f67ac8773287aa40707b4935420
2025-07-31 16:26:29.859 [main] DEBUG liquibase.util - Computed checksum for insert:[
    columns=[
        [
            name="gym_id"
            valueComputed="(SELECT id FROM gyms WHERE name = 'Формула_TEST')"
        ],
        [
            name="day_of_week"
            value="THURSDAY"
        ],
        [
            name="start_time"
            value="07:00:00"
        ],
        [
            name="end_time"
            value="22:00:00"
        ]
    ]
    tableName="gym_working_hours"
] as d8f6bdc2216fe41ecdeb685858a388d1
2025-07-31 16:26:29.859 [main] DEBUG liquibase.util - Computed checksum for insert:[
    columns=[
        [
            name="gym_id"
            valueComputed="(SELECT id FROM gyms WHERE name = 'Формула_TEST')"
        ],
        [
            name="day_of_week"
            value="FRIDAY"
        ],
        [
            name="start_time"
            value="07:00:00"
        ],
        [
            name="end_time"
            value="22:00:00"
        ]
    ]
    tableName="gym_working_hours"
] as 04fd6a428722b5f998a5d059f3664702
2025-07-31 16:26:29.859 [main] DEBUG liquibase.util - Computed checksum for insert:[
    columns=[
        [
            name="gym_id"
            valueComputed="(SELECT id FROM gyms WHERE name = 'Формула_TEST')"
        ],
        [
            name="day_of_week"
            value="SATURDAY"
        ],
        [
            name="start_time"
            value="09:00:00"
        ],
        [
            name="end_time"
            value="18:00:00"
        ]
    ]
    tableName="gym_working_hours"
] as a8dea33409557d28ab4848f5d7261f5c
2025-07-31 16:26:29.860 [main] DEBUG liquibase.util - Computed checksum for insert:[
    columns=[
        [
            name="gym_id"
            valueComputed="(SELECT id FROM gyms WHERE name = 'Формула_TEST')"
        ],
        [
            name="day_of_week"
            value="SUNDAY"
        ],
        [
            name="start_time"
            value="09:00:00"
        ],
        [
            name="end_time"
            value="16:00:00"
        ]
    ]
    tableName="gym_working_hours"
] as cc6fbdbf3b1e3f2842a310e2ff96742f
2025-07-31 16:26:29.860 [main] DEBUG liquibase.util - Computed checksum for insert:[
    columns=[
        [
            name="gym_id"
            valueComputed="(SELECT id FROM gyms WHERE name = 'Формула_TEST')"
        ],
        [
            name="sport_id"
            value="7"
        ]
    ]
    tableName="sports_gyms"
] as 119c676952a3ce62a0c066e50b8d5d80
2025-07-31 16:26:29.860 [main] DEBUG liquibase.util - Computed checksum for insert:[
    columns=[
        [
            name="gym_id"
            valueComputed="(SELECT id FROM gyms WHERE name = 'Формула_TEST')"
        ],
        [
            name="sport_id"
            value="13"
        ]
    ]
    tableName="sports_gyms"
] as 845290638387f2ec7895ee1330151a53
2025-07-31 16:26:29.861 [main] DEBUG liquibase.util - Computed checksum for insert:[
    columns=[
        [
            name="gym_id"
            valueComputed="(SELECT id FROM gyms WHERE name = 'Формула_TEST')"
        ],
        [
            name="sport_id"
            value="1"
        ]
    ]
    tableName="sports_gyms"
] as 7b535debc0287ae4d45f0810784f0e17
2025-07-31 16:26:29.861 [main] DEBUG liquibase.util - Computed checksum for 9:a186cdaecbad24427526f8efcbf6b91a:9:9ef3126979d0b7e124200225ad552ea0:9:9bb98a0e34b29db65729d2ed3f6a249f:9:0dc361460464624946144961607a0252:9:29e45c29b85d6da7c38633e34f4655a8:9:2c3d26909d9d4ed5e2357f97e1a2358f:9:22bdbe6522a4ecd590a576b9e6ef4f69:9:fdd532cb2bf819a4ac986d879e17fb2a:9:dc696c063f339e0b37f8ad038440ad00:9:e2c6a6d1941fc2e01d41b1d9848894a1:9:3336aa01d7a18527f627cf3a86d5d03c:9:23f75e170e665544ed5877832f0f82f0:9:b2578eb066447df75eaddfbe69230296:9:f3333d5b4b54a5408b0e733d36db7451:9:b7897eb5... [truncated in log] as 9aa04e5c8383a863279f20c1feea129e
2025-07-31 16:26:29.861 [main] INFO  liquibase.ui - Running Changeset: db.changelog/changes/28-insert-gym-owner-and-gyms.yaml::28-insert-gym-owner-and-gyms::bohdan-s
2025-07-31 16:26:29.862 [main] DEBUG liquibase.changelog - Running Changeset: db.changelog/changes/28-insert-gym-owner-and-gyms.yaml::28-insert-gym-owner-and-gyms::bohdan-s
2025-07-31 16:26:29.862 [main] DEBUG liquibase.executor - Changeset db.changelog/changes/28-insert-gym-owner-and-gyms.yaml::28-insert-gym-owner-and-gyms::bohdan-s
2025-07-31 16:26:29.863 [main] DEBUG liquibase.changelog - Reading ChangeSet: db.changelog/changes/28-insert-gym-owner-and-gyms.yaml::28-insert-gym-owner-and-gyms::bohdan-s
2025-07-31 16:26:29.864 [main] DEBUG liquibase.executor - Executing Statement: liquibase.statement.core.InsertStatement@5e18309e
2025-07-31 16:26:29.865 [main] DEBUG liquibase.executor - INSERT INTO PUBLIC.user_credentials (email, password, user_type, is_deleted) VALUES ('oleksii.hryshchenko@example.com', '$2a$10$2y03kivOdVnunKG2k53YeO8VO6Ks1UFPsWixKvl9PKtQsyXAFncmi', 'GYM_OWNER', 'false')
2025-07-31 16:26:29.865 [main] DEBUG liquibase.executor - 1 row(s) affected
2025-07-31 16:26:29.865 [main] INFO  liquibase.changelog - New row inserted into user_credentials
2025-07-31 16:26:29.866 [main] DEBUG liquibase.executor - Executing Statement: liquibase.statement.core.InsertStatement@6fbfd6ed
2025-07-31 16:26:29.866 [main] DEBUG liquibase.executor - INSERT INTO PUBLIC.user_credentials_roles (user_credentials_id, role_id) VALUES ((SELECT id FROM user_credentials WHERE email = 'oleksii.hryshchenko@example.com'), '4')
2025-07-31 16:26:29.867 [main] DEBUG liquibase.executor - 1 row(s) affected
2025-07-31 16:26:29.867 [main] INFO  liquibase.changelog - New row inserted into user_credentials_roles
2025-07-31 16:26:29.868 [main] DEBUG liquibase.executor - Executing Statement: liquibase.statement.core.InsertStatement@191a3448
2025-07-31 16:26:29.868 [main] DEBUG liquibase.executor - INSERT INTO PUBLIC.gym_owners (first_name, last_name, gender, date_of_birth, profile_image_url, user_credentials_id, is_deleted) VALUES ('Олексій', 'Грищенко_TEST', 'MALE', '1980-01-01', '', (SELECT id FROM user_credentials WHERE email = 'oleksii.hryshchenko@example.com'), 'false')
2025-07-31 16:26:29.870 [main] DEBUG liquibase.executor - 1 row(s) affected
2025-07-31 16:26:29.870 [main] INFO  liquibase.changelog - New row inserted into gym_owners
2025-07-31 16:26:29.871 [main] DEBUG liquibase.executor - Executing Statement: liquibase.statement.core.InsertStatement@3943c449
2025-07-31 16:26:29.871 [main] DEBUG liquibase.executor - INSERT INTO PUBLIC.gym_owner_phone_numbers (gym_owner_id, phone_numbers) VALUES ((SELECT id FROM gym_owners WHERE first_name = 'Олексій' AND last_name = 'Грищенко_TEST'), '+38(044)-111-2233')
2025-07-31 16:26:29.872 [main] DEBUG liquibase.executor - 1 row(s) affected
2025-07-31 16:26:29.873 [main] INFO  liquibase.changelog - New row inserted into gym_owner_phone_numbers
2025-07-31 16:26:29.873 [main] DEBUG liquibase.executor - Executing Statement: liquibase.statement.core.InsertStatement@26c09f3f
2025-07-31 16:26:29.874 [main] DEBUG liquibase.executor - INSERT INTO PUBLIC.addresses (country, city, street, house, is_deleted) VALUES ('Україна', 'Київ', 'вул. Антоновича', '50', 'false')
2025-07-31 16:26:29.874 [main] DEBUG liquibase.executor - 1 row(s) affected
2025-07-31 16:26:29.874 [main] INFO  liquibase.changelog - New row inserted into addresses
2025-07-31 16:26:29.875 [main] DEBUG liquibase.executor - Executing Statement: liquibase.statement.core.InsertStatement@37d92db4
2025-07-31 16:26:29.875 [main] DEBUG liquibase.executor - INSERT INTO PUBLIC.gyms (name, address_id, description, website, overall_rating, number_of_reviews, gym_owner_id, is_deleted) VALUES ('StrongBody_TEST', (SELECT id FROM addresses WHERE country = 'Україна' AND city = 'Київ' AND street = 'вул. Антоновича' AND house = '50'), 'Сучасний тренажерний зал з великим вибором обладнання.', 'http://strongbody.ua', '4.9', '150', (SELECT id FROM gym_owners WHERE first_name = 'Олексій' AND last_name = 'Грищенко_TEST'), 'false')
2025-07-31 16:26:29.876 [main] DEBUG liquibase.executor - 1 row(s) affected
2025-07-31 16:26:29.876 [main] INFO  liquibase.changelog - New row inserted into gyms
2025-07-31 16:26:29.877 [main] DEBUG liquibase.executor - Executing Statement: liquibase.statement.core.InsertStatement@7fa9e773
2025-07-31 16:26:29.878 [main] DEBUG liquibase.executor - INSERT INTO PUBLIC.gym_phone_numbers (gym_id, phone_numbers) VALUES ((SELECT id FROM gyms WHERE name = 'StrongBody_TEST'), '+38(044)-111-2233')
2025-07-31 16:26:29.878 [main] DEBUG liquibase.executor - 1 row(s) affected
2025-07-31 16:26:29.879 [main] INFO  liquibase.changelog - New row inserted into gym_phone_numbers
2025-07-31 16:26:29.879 [main] DEBUG liquibase.executor - Executing Statement: liquibase.statement.core.InsertStatement@58ef1543
2025-07-31 16:26:29.879 [main] DEBUG liquibase.executor - INSERT INTO PUBLIC.gym_working_hours (gym_id, day_of_week, start_time, end_time) VALUES ((SELECT id FROM gyms WHERE name = 'StrongBody_TEST'), 'MONDAY', '07:00:00', '22:00:00')
2025-07-31 16:26:29.880 [main] DEBUG liquibase.executor - 1 row(s) affected
2025-07-31 16:26:29.880 [main] INFO  liquibase.changelog - New row inserted into gym_working_hours
2025-07-31 16:26:29.881 [main] DEBUG liquibase.executor - Executing Statement: liquibase.statement.core.InsertStatement@4be7661
2025-07-31 16:26:29.881 [main] DEBUG liquibase.executor - INSERT INTO PUBLIC.gym_working_hours (gym_id, day_of_week, start_time, end_time) VALUES ((SELECT id FROM gyms WHERE name = 'StrongBody_TEST'), 'TUESDAY', '07:00:00', '22:00:00')
2025-07-31 16:26:29.882 [main] DEBUG liquibase.executor - 1 row(s) affected
2025-07-31 16:26:29.882 [main] INFO  liquibase.changelog - New row inserted into gym_working_hours
2025-07-31 16:26:29.882 [main] DEBUG liquibase.executor - Executing Statement: liquibase.statement.core.InsertStatement@349c9bfa
2025-07-31 16:26:29.882 [main] DEBUG liquibase.executor - INSERT INTO PUBLIC.gym_working_hours (gym_id, day_of_week, start_time, end_time) VALUES ((SELECT id FROM gyms WHERE name = 'StrongBody_TEST'), 'WEDNESDAY', '07:00:00', '22:00:00')
2025-07-31 16:26:29.883 [main] DEBUG liquibase.executor - 1 row(s) affected
2025-07-31 16:26:29.883 [main] INFO  liquibase.changelog - New row inserted into gym_working_hours
2025-07-31 16:26:29.884 [main] DEBUG liquibase.executor - Executing Statement: liquibase.statement.core.InsertStatement@1479c527
2025-07-31 16:26:29.884 [main] DEBUG liquibase.executor - INSERT INTO PUBLIC.gym_working_hours (gym_id, day_of_week, start_time, end_time) VALUES ((SELECT id FROM gyms WHERE name = 'StrongBody_TEST'), 'THURSDAY', '07:00:00', '22:00:00')
2025-07-31 16:26:29.885 [main] DEBUG liquibase.executor - 1 row(s) affected
2025-07-31 16:26:29.885 [main] INFO  liquibase.changelog - New row inserted into gym_working_hours
2025-07-31 16:26:29.886 [main] DEBUG liquibase.executor - Executing Statement: liquibase.statement.core.InsertStatement@4c55d3ce
2025-07-31 16:26:29.886 [main] DEBUG liquibase.executor - INSERT INTO PUBLIC.gym_working_hours (gym_id, day_of_week, start_time, end_time) VALUES ((SELECT id FROM gyms WHERE name = 'StrongBody_TEST'), 'FRIDAY', '07:00:00', '22:00:00')
2025-07-31 16:26:29.886 [main] DEBUG liquibase.executor - 1 row(s) affected
2025-07-31 16:26:29.887 [main] INFO  liquibase.changelog - New row inserted into gym_working_hours
2025-07-31 16:26:29.887 [main] DEBUG liquibase.executor - Executing Statement: liquibase.statement.core.InsertStatement@3bafa95b
2025-07-31 16:26:29.887 [main] DEBUG liquibase.executor - INSERT INTO PUBLIC.gym_working_hours (gym_id, day_of_week, start_time, end_time) VALUES ((SELECT id FROM gyms WHERE name = 'StrongBody_TEST'), 'SATURDAY', '09:00:00', '18:00:00')
2025-07-31 16:26:29.888 [main] DEBUG liquibase.executor - 1 row(s) affected
2025-07-31 16:26:29.888 [main] INFO  liquibase.changelog - New row inserted into gym_working_hours
2025-07-31 16:26:29.888 [main] DEBUG liquibase.executor - Executing Statement: liquibase.statement.core.InsertStatement@6bbcb69f
2025-07-31 16:26:29.889 [main] DEBUG liquibase.executor - INSERT INTO PUBLIC.gym_working_hours (gym_id, day_of_week, start_time, end_time) VALUES ((SELECT id FROM gyms WHERE name = 'StrongBody_TEST'), 'SUNDAY', '09:00:00', '16:00:00')
2025-07-31 16:26:29.889 [main] DEBUG liquibase.executor - 1 row(s) affected
2025-07-31 16:26:29.890 [main] INFO  liquibase.changelog - New row inserted into gym_working_hours
2025-07-31 16:26:29.890 [main] DEBUG liquibase.executor - Executing Statement: liquibase.statement.core.InsertStatement@31360632
2025-07-31 16:26:29.890 [main] DEBUG liquibase.executor - INSERT INTO PUBLIC.sports_gyms (gym_id, sport_id) VALUES ((SELECT id FROM gyms WHERE name = 'StrongBody_TEST'), '3')
2025-07-31 16:26:29.891 [main] DEBUG liquibase.executor - 1 row(s) affected
2025-07-31 16:26:29.892 [main] INFO  liquibase.changelog - New row inserted into sports_gyms
2025-07-31 16:26:29.892 [main] DEBUG liquibase.executor - Executing Statement: liquibase.statement.core.InsertStatement@531f6879
2025-07-31 16:26:29.892 [main] DEBUG liquibase.executor - INSERT INTO PUBLIC.sports_gyms (gym_id, sport_id) VALUES ((SELECT id FROM gyms WHERE name = 'StrongBody_TEST'), '1')
2025-07-31 16:26:29.893 [main] DEBUG liquibase.executor - 1 row(s) affected
2025-07-31 16:26:29.893 [main] INFO  liquibase.changelog - New row inserted into sports_gyms
2025-07-31 16:26:29.894 [main] DEBUG liquibase.executor - Executing Statement: liquibase.statement.core.InsertStatement@153ce630
2025-07-31 16:26:29.894 [main] DEBUG liquibase.executor - INSERT INTO PUBLIC.addresses (country, city, street, house, is_deleted) VALUES ('Україна', 'Львів', 'вул. Городоцька', '17', 'false')
2025-07-31 16:26:29.894 [main] DEBUG liquibase.executor - 1 row(s) affected
2025-07-31 16:26:29.894 [main] INFO  liquibase.changelog - New row inserted into addresses
2025-07-31 16:26:29.895 [main] DEBUG liquibase.executor - Executing Statement: liquibase.statement.core.InsertStatement@1b3aa246
2025-07-31 16:26:29.895 [main] DEBUG liquibase.executor - INSERT INTO PUBLIC.gyms (name, address_id, description, website, overall_rating, number_of_reviews, gym_owner_id, is_deleted) VALUES ('FitZone_TEST', (SELECT id FROM addresses WHERE country = 'Україна' AND city = 'Львів' AND street = 'вул. Городоцька' AND house = '17'), 'Просторий фітнес-центр з зонами для групових тренувань.', 'http://fitzone.lviv.ua', '4.8', '90', (SELECT id FROM gym_owners WHERE first_name = 'Олексій' AND last_name = 'Грищенко_TEST'), 'false')
2025-07-31 16:26:29.896 [main] DEBUG liquibase.executor - 1 row(s) affected
2025-07-31 16:26:29.897 [main] INFO  liquibase.changelog - New row inserted into gyms
2025-07-31 16:26:29.897 [main] DEBUG liquibase.executor - Executing Statement: liquibase.statement.core.InsertStatement@1abc3085
2025-07-31 16:26:29.898 [main] DEBUG liquibase.executor - INSERT INTO PUBLIC.gym_phone_numbers (gym_id, phone_numbers) VALUES ((SELECT id FROM gyms WHERE name = 'FitZone_TEST'), '+38(032)-222-3344')
2025-07-31 16:26:29.899 [main] DEBUG liquibase.executor - 1 row(s) affected
2025-07-31 16:26:29.899 [main] INFO  liquibase.changelog - New row inserted into gym_phone_numbers
2025-07-31 16:26:29.900 [main] DEBUG liquibase.executor - Executing Statement: liquibase.statement.core.InsertStatement@32c8df0b
2025-07-31 16:26:29.900 [main] DEBUG liquibase.executor - INSERT INTO PUBLIC.gym_working_hours (gym_id, day_of_week, start_time, end_time) VALUES ((SELECT id FROM gyms WHERE name = 'FitZone_TEST'), 'MONDAY', '08:00:00', '21:00:00')
2025-07-31 16:26:29.900 [main] DEBUG liquibase.executor - 1 row(s) affected
2025-07-31 16:26:29.901 [main] INFO  liquibase.changelog - New row inserted into gym_working_hours
2025-07-31 16:26:29.901 [main] DEBUG liquibase.executor - Executing Statement: liquibase.statement.core.InsertStatement@4037a204
2025-07-31 16:26:29.901 [main] DEBUG liquibase.executor - INSERT INTO PUBLIC.gym_working_hours (gym_id, day_of_week, start_time, end_time) VALUES ((SELECT id FROM gyms WHERE name = 'FitZone_TEST'), 'TUESDAY', '08:00:00', '21:00:00')
2025-07-31 16:26:29.902 [main] DEBUG liquibase.executor - 1 row(s) affected
2025-07-31 16:26:29.902 [main] INFO  liquibase.changelog - New row inserted into gym_working_hours
2025-07-31 16:26:29.902 [main] DEBUG liquibase.executor - Executing Statement: liquibase.statement.core.InsertStatement@ed110d6
2025-07-31 16:26:29.903 [main] DEBUG liquibase.executor - INSERT INTO PUBLIC.gym_working_hours (gym_id, day_of_week, start_time, end_time) VALUES ((SELECT id FROM gyms WHERE name = 'FitZone_TEST'), 'WEDNESDAY', '08:00:00', '21:00:00')
2025-07-31 16:26:29.903 [main] DEBUG liquibase.executor - 1 row(s) affected
2025-07-31 16:26:29.903 [main] INFO  liquibase.changelog - New row inserted into gym_working_hours
2025-07-31 16:26:29.904 [main] DEBUG liquibase.executor - Executing Statement: liquibase.statement.core.InsertStatement@75922191
2025-07-31 16:26:29.904 [main] DEBUG liquibase.executor - INSERT INTO PUBLIC.gym_working_hours (gym_id, day_of_week, start_time, end_time) VALUES ((SELECT id FROM gyms WHERE name = 'FitZone_TEST'), 'THURSDAY', '08:00:00', '21:00:00')
2025-07-31 16:26:29.904 [main] DEBUG liquibase.executor - 1 row(s) affected
2025-07-31 16:26:29.904 [main] INFO  liquibase.changelog - New row inserted into gym_working_hours
2025-07-31 16:26:29.905 [main] DEBUG liquibase.executor - Executing Statement: liquibase.statement.core.InsertStatement@15688af
2025-07-31 16:26:29.905 [main] DEBUG liquibase.executor - INSERT INTO PUBLIC.gym_working_hours (gym_id, day_of_week, start_time, end_time) VALUES ((SELECT id FROM gyms WHERE name = 'FitZone_TEST'), 'FRIDAY', '08:00:00', '21:00:00')
2025-07-31 16:26:29.906 [main] DEBUG liquibase.executor - 1 row(s) affected
2025-07-31 16:26:29.906 [main] INFO  liquibase.changelog - New row inserted into gym_working_hours
2025-07-31 16:26:29.907 [main] DEBUG liquibase.executor - Executing Statement: liquibase.statement.core.InsertStatement@7c8c2d03
2025-07-31 16:26:29.907 [main] DEBUG liquibase.executor - INSERT INTO PUBLIC.gym_working_hours (gym_id, day_of_week, start_time, end_time) VALUES ((SELECT id FROM gyms WHERE name = 'FitZone_TEST'), 'SATURDAY', '10:00:00', '17:00:00')
2025-07-31 16:26:29.908 [main] DEBUG liquibase.executor - 1 row(s) affected
2025-07-31 16:26:29.908 [main] INFO  liquibase.changelog - New row inserted into gym_working_hours
2025-07-31 16:26:29.909 [main] DEBUG liquibase.executor - Executing Statement: liquibase.statement.core.InsertStatement@7addc5e4
2025-07-31 16:26:29.909 [main] DEBUG liquibase.executor - INSERT INTO PUBLIC.sports_gyms (gym_id, sport_id) VALUES ((SELECT id FROM gyms WHERE name = 'FitZone_TEST'), '7')
2025-07-31 16:26:29.910 [main] DEBUG liquibase.executor - 1 row(s) affected
2025-07-31 16:26:29.911 [main] INFO  liquibase.changelog - New row inserted into sports_gyms
2025-07-31 16:26:29.911 [main] DEBUG liquibase.executor - Executing Statement: liquibase.statement.core.InsertStatement@1e27ed87
2025-07-31 16:26:29.912 [main] DEBUG liquibase.executor - INSERT INTO PUBLIC.sports_gyms (gym_id, sport_id) VALUES ((SELECT id FROM gyms WHERE name = 'FitZone_TEST'), '13')
2025-07-31 16:26:29.913 [main] DEBUG liquibase.executor - 1 row(s) affected
2025-07-31 16:26:29.913 [main] INFO  liquibase.changelog - New row inserted into sports_gyms
2025-07-31 16:26:29.914 [main] DEBUG liquibase.executor - Executing Statement: liquibase.statement.core.InsertStatement@2b811d1c
2025-07-31 16:26:29.914 [main] DEBUG liquibase.executor - INSERT INTO PUBLIC.sports_gyms (gym_id, sport_id) VALUES ((SELECT id FROM gyms WHERE name = 'FitZone_TEST'), '1')
2025-07-31 16:26:29.915 [main] DEBUG liquibase.executor - 1 row(s) affected
2025-07-31 16:26:29.915 [main] INFO  liquibase.changelog - New row inserted into sports_gyms
2025-07-31 16:26:29.916 [main] DEBUG liquibase.executor - Executing Statement: liquibase.statement.core.InsertStatement@36f8c95a
2025-07-31 16:26:29.916 [main] DEBUG liquibase.executor - INSERT INTO PUBLIC.addresses (country, city, street, house, is_deleted) VALUES ('Україна', 'Одеса', 'вул. Катерининська', '20', 'false')
2025-07-31 16:26:29.920 [main] DEBUG liquibase.executor - 1 row(s) affected
2025-07-31 16:26:29.921 [main] INFO  liquibase.changelog - New row inserted into addresses
2025-07-31 16:26:29.921 [main] DEBUG liquibase.executor - Executing Statement: liquibase.statement.core.InsertStatement@221ec884
2025-07-31 16:26:29.922 [main] DEBUG liquibase.executor - INSERT INTO PUBLIC.gyms (name, address_id, description, website, overall_rating, number_of_reviews, gym_owner_id, is_deleted) VALUES ('Dynamo_TEST', (SELECT id FROM addresses WHERE country = 'Україна' AND city = 'Одеса' AND street = 'вул. Катерининська' AND house = '20'), 'Класичний спортивний клуб з басейном та сауною.', 'http://dynamo.od.ua', '4.75', '110', (SELECT id FROM gym_owners WHERE first_name = 'Олексій' AND last_name = 'Грищенко_TEST'), 'false')
2025-07-31 16:26:29.923 [main] DEBUG liquibase.executor - 1 row(s) affected
2025-07-31 16:26:29.923 [main] INFO  liquibase.changelog - New row inserted into gyms
2025-07-31 16:26:29.923 [main] DEBUG liquibase.executor - Executing Statement: liquibase.statement.core.InsertStatement@3f44295
2025-07-31 16:26:29.924 [main] DEBUG liquibase.executor - INSERT INTO PUBLIC.gym_phone_numbers (gym_id, phone_numbers) VALUES ((SELECT id FROM gyms WHERE name = 'Dynamo_TEST'), '+38(048)-333-4455')
2025-07-31 16:26:29.924 [main] DEBUG liquibase.executor - 1 row(s) affected
2025-07-31 16:26:29.924 [main] INFO  liquibase.changelog - New row inserted into gym_phone_numbers
2025-07-31 16:26:29.925 [main] DEBUG liquibase.executor - Executing Statement: liquibase.statement.core.InsertStatement@20bed60a
2025-07-31 16:26:29.925 [main] DEBUG liquibase.executor - INSERT INTO PUBLIC.gym_working_hours (gym_id, day_of_week, start_time, end_time) VALUES ((SELECT id FROM gyms WHERE name = 'Dynamo_TEST'), 'MONDAY', '06:00:00', '23:00:00')
2025-07-31 16:26:29.926 [main] DEBUG liquibase.executor - 1 row(s) affected
2025-07-31 16:26:29.926 [main] INFO  liquibase.changelog - New row inserted into gym_working_hours
2025-07-31 16:26:29.927 [main] DEBUG liquibase.executor - Executing Statement: liquibase.statement.core.InsertStatement@507c795e
2025-07-31 16:26:29.927 [main] DEBUG liquibase.executor - INSERT INTO PUBLIC.gym_working_hours (gym_id, day_of_week, start_time, end_time) VALUES ((SELECT id FROM gyms WHERE name = 'Dynamo_TEST'), 'TUESDAY', '06:00:00', '23:00:00')
2025-07-31 16:26:29.928 [main] DEBUG liquibase.executor - 1 row(s) affected
2025-07-31 16:26:29.933 [main] INFO  liquibase.changelog - New row inserted into gym_working_hours
2025-07-31 16:26:29.934 [main] DEBUG liquibase.executor - Executing Statement: liquibase.statement.core.InsertStatement@472c13d
2025-07-31 16:26:29.934 [main] DEBUG liquibase.executor - INSERT INTO PUBLIC.gym_working_hours (gym_id, day_of_week, start_time, end_time) VALUES ((SELECT id FROM gyms WHERE name = 'Dynamo_TEST'), 'WEDNESDAY', '06:00:00', '23:00:00')
2025-07-31 16:26:29.935 [main] DEBUG liquibase.executor - 1 row(s) affected
2025-07-31 16:26:29.936 [main] INFO  liquibase.changelog - New row inserted into gym_working_hours
2025-07-31 16:26:29.936 [main] DEBUG liquibase.executor - Executing Statement: liquibase.statement.core.InsertStatement@2533cbcc
2025-07-31 16:26:29.936 [main] DEBUG liquibase.executor - INSERT INTO PUBLIC.gym_working_hours (gym_id, day_of_week, start_time, end_time) VALUES ((SELECT id FROM gyms WHERE name = 'Dynamo_TEST'), 'THURSDAY', '06:00:00', '23:00:00')
2025-07-31 16:26:29.937 [main] DEBUG liquibase.executor - 1 row(s) affected
2025-07-31 16:26:29.937 [main] INFO  liquibase.changelog - New row inserted into gym_working_hours
2025-07-31 16:26:29.938 [main] DEBUG liquibase.executor - Executing Statement: liquibase.statement.core.InsertStatement@73eb57e6
2025-07-31 16:26:29.938 [main] DEBUG liquibase.executor - INSERT INTO PUBLIC.gym_working_hours (gym_id, day_of_week, start_time, end_time) VALUES ((SELECT id FROM gyms WHERE name = 'Dynamo_TEST'), 'FRIDAY', '06:00:00', '23:00:00')
2025-07-31 16:26:29.939 [main] DEBUG liquibase.executor - 1 row(s) affected
2025-07-31 16:26:29.939 [main] INFO  liquibase.changelog - New row inserted into gym_working_hours
2025-07-31 16:26:29.939 [main] DEBUG liquibase.executor - Executing Statement: liquibase.statement.core.InsertStatement@40ee664c
2025-07-31 16:26:29.940 [main] DEBUG liquibase.executor - INSERT INTO PUBLIC.gym_working_hours (gym_id, day_of_week, start_time, end_time) VALUES ((SELECT id FROM gyms WHERE name = 'Dynamo_TEST'), 'SATURDAY', '08:00:00', '20:00:00')
2025-07-31 16:26:29.940 [main] DEBUG liquibase.executor - 1 row(s) affected
2025-07-31 16:26:29.941 [main] INFO  liquibase.changelog - New row inserted into gym_working_hours
2025-07-31 16:26:29.941 [main] DEBUG liquibase.executor - Executing Statement: liquibase.statement.core.InsertStatement@52072c45
2025-07-31 16:26:29.942 [main] DEBUG liquibase.executor - INSERT INTO PUBLIC.gym_working_hours (gym_id, day_of_week, start_time, end_time) VALUES ((SELECT id FROM gyms WHERE name = 'Dynamo_TEST'), 'SUNDAY', '08:00:00', '18:00:00')
2025-07-31 16:26:29.943 [main] DEBUG liquibase.executor - 1 row(s) affected
2025-07-31 16:26:29.943 [main] INFO  liquibase.changelog - New row inserted into gym_working_hours
2025-07-31 16:26:29.943 [main] DEBUG liquibase.executor - Executing Statement: liquibase.statement.core.InsertStatement@6951e062
2025-07-31 16:26:29.944 [main] DEBUG liquibase.executor - INSERT INTO PUBLIC.sports_gyms (gym_id, sport_id) VALUES ((SELECT id FROM gyms WHERE name = 'Dynamo_TEST'), '2')
2025-07-31 16:26:29.945 [main] DEBUG liquibase.executor - 1 row(s) affected
2025-07-31 16:26:29.945 [main] INFO  liquibase.changelog - New row inserted into sports_gyms
2025-07-31 16:26:29.946 [main] DEBUG liquibase.executor - Executing Statement: liquibase.statement.core.InsertStatement@402cdec9
2025-07-31 16:26:29.947 [main] DEBUG liquibase.executor - INSERT INTO PUBLIC.sports_gyms (gym_id, sport_id) VALUES ((SELECT id FROM gyms WHERE name = 'Dynamo_TEST'), '12')
2025-07-31 16:26:29.948 [main] DEBUG liquibase.executor - 1 row(s) affected
2025-07-31 16:26:29.948 [main] INFO  liquibase.changelog - New row inserted into sports_gyms
2025-07-31 16:26:29.948 [main] DEBUG liquibase.executor - Executing Statement: liquibase.statement.core.InsertStatement@73430c86
2025-07-31 16:26:29.949 [main] DEBUG liquibase.executor - INSERT INTO PUBLIC.sports_gyms (gym_id, sport_id) VALUES ((SELECT id FROM gyms WHERE name = 'Dynamo_TEST'), '1')
2025-07-31 16:26:29.949 [main] DEBUG liquibase.executor - 1 row(s) affected
2025-07-31 16:26:29.950 [main] INFO  liquibase.changelog - New row inserted into sports_gyms
2025-07-31 16:26:29.950 [main] DEBUG liquibase.executor - Executing Statement: liquibase.statement.core.InsertStatement@184d73af
2025-07-31 16:26:29.951 [main] DEBUG liquibase.executor - INSERT INTO PUBLIC.addresses (country, city, street, house, is_deleted) VALUES ('Україна', 'Харків', 'просп. Науки', '9', 'false')
2025-07-31 16:26:29.951 [main] DEBUG liquibase.executor - 1 row(s) affected
2025-07-31 16:26:29.952 [main] INFO  liquibase.changelog - New row inserted into addresses
2025-07-31 16:26:29.952 [main] DEBUG liquibase.executor - Executing Statement: liquibase.statement.core.InsertStatement@7ef9c234
2025-07-31 16:26:29.953 [main] DEBUG liquibase.executor - INSERT INTO PUBLIC.gyms (name, address_id, description, website, overall_rating, number_of_reviews, gym_owner_id, is_deleted) VALUES ('SportLife_TEST', (SELECT id FROM addresses WHERE country = 'Україна' AND city = 'Харків' AND street = 'просп. Науки' AND house = '9'), 'Велика мережа фітнес-клубів з басейном та спа.', 'http://sportlife.ua', '4.85', '200', (SELECT id FROM gym_owners WHERE first_name = 'Олексій' AND last_name = 'Грищенко_TEST'), 'false')
2025-07-31 16:26:29.954 [main] DEBUG liquibase.executor - 1 row(s) affected
2025-07-31 16:26:29.954 [main] INFO  liquibase.changelog - New row inserted into gyms
2025-07-31 16:26:29.954 [main] DEBUG liquibase.executor - Executing Statement: liquibase.statement.core.InsertStatement@580581b4
2025-07-31 16:26:29.955 [main] DEBUG liquibase.executor - INSERT INTO PUBLIC.gym_phone_numbers (gym_id, phone_numbers) VALUES ((SELECT id FROM gyms WHERE name = 'SportLife_TEST'), '+38(057)-444-5566')
2025-07-31 16:26:29.956 [main] DEBUG liquibase.executor - 1 row(s) affected
2025-07-31 16:26:29.956 [main] INFO  liquibase.changelog - New row inserted into gym_phone_numbers
2025-07-31 16:26:29.957 [main] DEBUG liquibase.executor - Executing Statement: liquibase.statement.core.InsertStatement@33c9910e
2025-07-31 16:26:29.958 [main] DEBUG liquibase.executor - INSERT INTO PUBLIC.gym_working_hours (gym_id, day_of_week, start_time, end_time) VALUES ((SELECT id FROM gyms WHERE name = 'SportLife_TEST'), 'MONDAY', '07:00:00', '22:00:00')
2025-07-31 16:26:29.959 [main] DEBUG liquibase.executor - 1 row(s) affected
2025-07-31 16:26:29.959 [main] INFO  liquibase.changelog - New row inserted into gym_working_hours
2025-07-31 16:26:29.959 [main] DEBUG liquibase.executor - Executing Statement: liquibase.statement.core.InsertStatement@40ea5cd3
2025-07-31 16:26:29.960 [main] DEBUG liquibase.executor - INSERT INTO PUBLIC.gym_working_hours (gym_id, day_of_week, start_time, end_time) VALUES ((SELECT id FROM gyms WHERE name = 'SportLife_TEST'), 'TUESDAY', '07:00:00', '22:00:00')
2025-07-31 16:26:29.961 [main] DEBUG liquibase.executor - 1 row(s) affected
2025-07-31 16:26:29.961 [main] INFO  liquibase.changelog - New row inserted into gym_working_hours
2025-07-31 16:26:29.961 [main] DEBUG liquibase.executor - Executing Statement: liquibase.statement.core.InsertStatement@70b2de98
2025-07-31 16:26:29.962 [main] DEBUG liquibase.executor - INSERT INTO PUBLIC.gym_working_hours (gym_id, day_of_week, start_time, end_time) VALUES ((SELECT id FROM gyms WHERE name = 'SportLife_TEST'), 'WEDNESDAY', '07:00:00', '22:00:00')
2025-07-31 16:26:29.962 [main] DEBUG liquibase.executor - 1 row(s) affected
2025-07-31 16:26:29.963 [main] INFO  liquibase.changelog - New row inserted into gym_working_hours
2025-07-31 16:26:29.963 [main] DEBUG liquibase.executor - Executing Statement: liquibase.statement.core.InsertStatement@4cee91b
2025-07-31 16:26:29.964 [main] DEBUG liquibase.executor - INSERT INTO PUBLIC.gym_working_hours (gym_id, day_of_week, start_time, end_time) VALUES ((SELECT id FROM gyms WHERE name = 'SportLife_TEST'), 'THURSDAY', '07:00:00', '22:00:00')
2025-07-31 16:26:29.965 [main] DEBUG liquibase.executor - 1 row(s) affected
2025-07-31 16:26:29.965 [main] INFO  liquibase.changelog - New row inserted into gym_working_hours
2025-07-31 16:26:29.966 [main] DEBUG liquibase.executor - Executing Statement: liquibase.statement.core.InsertStatement@7b70596d
2025-07-31 16:26:29.966 [main] DEBUG liquibase.executor - INSERT INTO PUBLIC.gym_working_hours (gym_id, day_of_week, start_time, end_time) VALUES ((SELECT id FROM gyms WHERE name = 'SportLife_TEST'), 'FRIDAY', '07:00:00', '22:00:00')
2025-07-31 16:26:29.967 [main] DEBUG liquibase.executor - 1 row(s) affected
2025-07-31 16:26:29.967 [main] INFO  liquibase.changelog - New row inserted into gym_working_hours
2025-07-31 16:26:29.967 [main] DEBUG liquibase.executor - Executing Statement: liquibase.statement.core.InsertStatement@696e9e14
2025-07-31 16:26:29.968 [main] DEBUG liquibase.executor - INSERT INTO PUBLIC.gym_working_hours (gym_id, day_of_week, start_time, end_time) VALUES ((SELECT id FROM gyms WHERE name = 'SportLife_TEST'), 'SATURDAY', '09:00:00', '18:00:00')
2025-07-31 16:26:29.969 [main] DEBUG liquibase.executor - 1 row(s) affected
2025-07-31 16:26:29.969 [main] INFO  liquibase.changelog - New row inserted into gym_working_hours
2025-07-31 16:26:29.970 [main] DEBUG liquibase.executor - Executing Statement: liquibase.statement.core.InsertStatement@f4ecbbf
2025-07-31 16:26:29.970 [main] DEBUG liquibase.executor - INSERT INTO PUBLIC.gym_working_hours (gym_id, day_of_week, start_time, end_time) VALUES ((SELECT id FROM gyms WHERE name = 'SportLife_TEST'), 'SUNDAY', '09:00:00', '16:00:00')
2025-07-31 16:26:29.971 [main] DEBUG liquibase.executor - 1 row(s) affected
2025-07-31 16:26:29.971 [main] INFO  liquibase.changelog - New row inserted into gym_working_hours
2025-07-31 16:26:29.972 [main] DEBUG liquibase.executor - Executing Statement: liquibase.statement.core.InsertStatement@7c3b7d7c
2025-07-31 16:26:29.972 [main] DEBUG liquibase.executor - INSERT INTO PUBLIC.sports_gyms (gym_id, sport_id) VALUES ((SELECT id FROM gyms WHERE name = 'SportLife_TEST'), '6')
2025-07-31 16:26:29.973 [main] DEBUG liquibase.executor - 1 row(s) affected
2025-07-31 16:26:29.973 [main] INFO  liquibase.changelog - New row inserted into sports_gyms
2025-07-31 16:26:29.973 [main] DEBUG liquibase.executor - Executing Statement: liquibase.statement.core.InsertStatement@579e8a7
2025-07-31 16:26:29.974 [main] DEBUG liquibase.executor - INSERT INTO PUBLIC.sports_gyms (gym_id, sport_id) VALUES ((SELECT id FROM gyms WHERE name = 'SportLife_TEST'), '16')
2025-07-31 16:26:29.975 [main] DEBUG liquibase.executor - 1 row(s) affected
2025-07-31 16:26:29.975 [main] INFO  liquibase.changelog - New row inserted into sports_gyms
2025-07-31 16:26:29.976 [main] DEBUG liquibase.executor - Executing Statement: liquibase.statement.core.InsertStatement@18fa4822
2025-07-31 16:26:29.976 [main] DEBUG liquibase.executor - INSERT INTO PUBLIC.sports_gyms (gym_id, sport_id) VALUES ((SELECT id FROM gyms WHERE name = 'SportLife_TEST'), '1')
2025-07-31 16:26:29.977 [main] DEBUG liquibase.executor - 1 row(s) affected
2025-07-31 16:26:29.977 [main] INFO  liquibase.changelog - New row inserted into sports_gyms
2025-07-31 16:26:29.978 [main] DEBUG liquibase.executor - Executing Statement: liquibase.statement.core.InsertStatement@61906bb1
2025-07-31 16:26:29.978 [main] DEBUG liquibase.executor - INSERT INTO PUBLIC.addresses (country, city, street, house, is_deleted) VALUES ('Україна', 'Дніпро', 'просп. Дмитра Яворницького', '8', 'false')
2025-07-31 16:26:29.979 [main] DEBUG liquibase.executor - 1 row(s) affected
2025-07-31 16:26:29.979 [main] INFO  liquibase.changelog - New row inserted into addresses
2025-07-31 16:26:29.979 [main] DEBUG liquibase.executor - Executing Statement: liquibase.statement.core.InsertStatement@46672a62
2025-07-31 16:26:29.980 [main] DEBUG liquibase.executor - INSERT INTO PUBLIC.gyms (name, address_id, description, website, overall_rating, number_of_reviews, gym_owner_id, is_deleted) VALUES ('Атлант_TEST', (SELECT id FROM addresses WHERE country = 'Україна' AND city = 'Дніпро' AND street = 'просп. Дмитра Яворницького' AND house = '8'), 'Тренажерний зал для силових видів спорту.', 'http://atlant.dp.ua', '4.6', '130', (SELECT id FROM gym_owners WHERE first_name = 'Олексій' AND last_name = 'Грищенко_TEST'), 'false')
2025-07-31 16:26:29.981 [main] DEBUG liquibase.executor - 1 row(s) affected
2025-07-31 16:26:29.981 [main] INFO  liquibase.changelog - New row inserted into gyms
2025-07-31 16:26:29.981 [main] DEBUG liquibase.executor - Executing Statement: liquibase.statement.core.InsertStatement@c91ced9
2025-07-31 16:26:29.982 [main] DEBUG liquibase.executor - INSERT INTO PUBLIC.gym_phone_numbers (gym_id, phone_numbers) VALUES ((SELECT id FROM gyms WHERE name = 'Атлант_TEST'), '+38(056)-555-6677')
2025-07-31 16:26:29.982 [main] DEBUG liquibase.executor - 1 row(s) affected
2025-07-31 16:26:29.982 [main] INFO  liquibase.changelog - New row inserted into gym_phone_numbers
2025-07-31 16:26:29.983 [main] DEBUG liquibase.executor - Executing Statement: liquibase.statement.core.InsertStatement@46e03c31
2025-07-31 16:26:29.983 [main] DEBUG liquibase.executor - INSERT INTO PUBLIC.gym_working_hours (gym_id, day_of_week, start_time, end_time) VALUES ((SELECT id FROM gyms WHERE name = 'Атлант_TEST'), 'MONDAY', '08:00:00', '20:00:00')
2025-07-31 16:26:29.983 [main] DEBUG liquibase.executor - 1 row(s) affected
2025-07-31 16:26:29.984 [main] INFO  liquibase.changelog - New row inserted into gym_working_hours
2025-07-31 16:26:29.984 [main] DEBUG liquibase.executor - Executing Statement: liquibase.statement.core.InsertStatement@24cf1abf
2025-07-31 16:26:29.984 [main] DEBUG liquibase.executor - INSERT INTO PUBLIC.gym_working_hours (gym_id, day_of_week, start_time, end_time) VALUES ((SELECT id FROM gyms WHERE name = 'Атлант_TEST'), 'TUESDAY', '08:00:00', '20:00:00')
2025-07-31 16:26:29.985 [main] DEBUG liquibase.executor - 1 row(s) affected
2025-07-31 16:26:29.986 [main] INFO  liquibase.changelog - New row inserted into gym_working_hours
2025-07-31 16:26:29.986 [main] DEBUG liquibase.executor - Executing Statement: liquibase.statement.core.InsertStatement@5b84007e
2025-07-31 16:26:29.987 [main] DEBUG liquibase.executor - INSERT INTO PUBLIC.gym_working_hours (gym_id, day_of_week, start_time, end_time) VALUES ((SELECT id FROM gyms WHERE name = 'Атлант_TEST'), 'WEDNESDAY', '08:00:00', '20:00:00')
2025-07-31 16:26:29.987 [main] DEBUG liquibase.executor - 1 row(s) affected
2025-07-31 16:26:29.987 [main] INFO  liquibase.changelog - New row inserted into gym_working_hours
2025-07-31 16:26:29.988 [main] DEBUG liquibase.executor - Executing Statement: liquibase.statement.core.InsertStatement@5961fad1
2025-07-31 16:26:29.988 [main] DEBUG liquibase.executor - INSERT INTO PUBLIC.gym_working_hours (gym_id, day_of_week, start_time, end_time) VALUES ((SELECT id FROM gyms WHERE name = 'Атлант_TEST'), 'THURSDAY', '08:00:00', '20:00:00')
2025-07-31 16:26:29.989 [main] DEBUG liquibase.executor - 1 row(s) affected
2025-07-31 16:26:29.989 [main] INFO  liquibase.changelog - New row inserted into gym_working_hours
2025-07-31 16:26:29.989 [main] DEBUG liquibase.executor - Executing Statement: liquibase.statement.core.InsertStatement@1e275478
2025-07-31 16:26:29.990 [main] DEBUG liquibase.executor - INSERT INTO PUBLIC.gym_working_hours (gym_id, day_of_week, start_time, end_time) VALUES ((SELECT id FROM gyms WHERE name = 'Атлант_TEST'), 'FRIDAY', '08:00:00', '20:00:00')
2025-07-31 16:26:29.990 [main] DEBUG liquibase.executor - 1 row(s) affected
2025-07-31 16:26:29.990 [main] INFO  liquibase.changelog - New row inserted into gym_working_hours
2025-07-31 16:26:29.991 [main] DEBUG liquibase.executor - Executing Statement: liquibase.statement.core.InsertStatement@42e1bfe1
2025-07-31 16:26:29.991 [main] DEBUG liquibase.executor - INSERT INTO PUBLIC.gym_working_hours (gym_id, day_of_week, start_time, end_time) VALUES ((SELECT id FROM gyms WHERE name = 'Атлант_TEST'), 'SATURDAY', '09:00:00', '15:00:00')
2025-07-31 16:26:29.992 [main] DEBUG liquibase.executor - 1 row(s) affected
2025-07-31 16:26:29.992 [main] INFO  liquibase.changelog - New row inserted into gym_working_hours
2025-07-31 16:26:29.993 [main] DEBUG liquibase.executor - Executing Statement: liquibase.statement.core.InsertStatement@399dc033
2025-07-31 16:26:29.993 [main] DEBUG liquibase.executor - INSERT INTO PUBLIC.sports_gyms (gym_id, sport_id) VALUES ((SELECT id FROM gyms WHERE name = 'Атлант_TEST'), '5')
2025-07-31 16:26:29.994 [main] DEBUG liquibase.executor - 1 row(s) affected
2025-07-31 16:26:29.994 [main] INFO  liquibase.changelog - New row inserted into sports_gyms
2025-07-31 16:26:29.995 [main] DEBUG liquibase.executor - Executing Statement: liquibase.statement.core.InsertStatement@6ffc12a3
2025-07-31 16:26:29.995 [main] DEBUG liquibase.executor - INSERT INTO PUBLIC.sports_gyms (gym_id, sport_id) VALUES ((SELECT id FROM gyms WHERE name = 'Атлант_TEST'), '17')
2025-07-31 16:26:29.995 [main] DEBUG liquibase.executor - 1 row(s) affected
2025-07-31 16:26:29.996 [main] INFO  liquibase.changelog - New row inserted into sports_gyms
2025-07-31 16:26:29.996 [main] DEBUG liquibase.executor - Executing Statement: liquibase.statement.core.InsertStatement@4bdc0fb0
2025-07-31 16:26:29.996 [main] DEBUG liquibase.executor - INSERT INTO PUBLIC.sports_gyms (gym_id, sport_id) VALUES ((SELECT id FROM gyms WHERE name = 'Атлант_TEST'), '1')
2025-07-31 16:26:29.997 [main] DEBUG liquibase.executor - 1 row(s) affected
2025-07-31 16:26:29.997 [main] INFO  liquibase.changelog - New row inserted into sports_gyms
2025-07-31 16:26:29.997 [main] DEBUG liquibase.executor - Executing Statement: liquibase.statement.core.InsertStatement@48dbf9d
2025-07-31 16:26:29.998 [main] DEBUG liquibase.executor - INSERT INTO PUBLIC.addresses (country, city, street, house, is_deleted) VALUES ('Україна', 'Запоріжжя', 'вул. Незалежної України', '72', 'false')
2025-07-31 16:26:29.998 [main] DEBUG liquibase.executor - 1 row(s) affected
2025-07-31 16:26:29.998 [main] INFO  liquibase.changelog - New row inserted into addresses
2025-07-31 16:26:29.999 [main] DEBUG liquibase.executor - Executing Statement: liquibase.statement.core.InsertStatement@53466b67
2025-07-31 16:26:30.000 [main] DEBUG liquibase.executor - INSERT INTO PUBLIC.gyms (name, address_id, description, website, overall_rating, number_of_reviews, gym_owner_id, is_deleted) VALUES ('Maximus_TEST', (SELECT id FROM addresses WHERE country = 'Україна' AND city = 'Запоріжжя' AND street = 'вул. Незалежної України' AND house = '72'), 'Фітнес-клуб з великим вибором групових програм.', 'http://maximus.zp.ua', '4.65', '85', (SELECT id FROM gym_owners WHERE first_name = 'Олексій' AND last_name = 'Грищенко_TEST'), 'false')
2025-07-31 16:26:30.000 [main] DEBUG liquibase.executor - 1 row(s) affected
2025-07-31 16:26:30.001 [main] INFO  liquibase.changelog - New row inserted into gyms
2025-07-31 16:26:30.001 [main] DEBUG liquibase.executor - Executing Statement: liquibase.statement.core.InsertStatement@5ca012a6
2025-07-31 16:26:30.001 [main] DEBUG liquibase.executor - INSERT INTO PUBLIC.gym_phone_numbers (gym_id, phone_numbers) VALUES ((SELECT id FROM gyms WHERE name = 'Maximus_TEST'), '+38(061)-666-7788')
2025-07-31 16:26:30.002 [main] DEBUG liquibase.executor - 1 row(s) affected
2025-07-31 16:26:30.002 [main] INFO  liquibase.changelog - New row inserted into gym_phone_numbers
2025-07-31 16:26:30.002 [main] DEBUG liquibase.executor - Executing Statement: liquibase.statement.core.InsertStatement@772a370d
2025-07-31 16:26:30.003 [main] DEBUG liquibase.executor - INSERT INTO PUBLIC.gym_working_hours (gym_id, day_of_week, start_time, end_time) VALUES ((SELECT id FROM gyms WHERE name = 'Maximus_TEST'), 'MONDAY', '07:30:00', '21:30:00')
2025-07-31 16:26:30.003 [main] DEBUG liquibase.executor - 1 row(s) affected
2025-07-31 16:26:30.003 [main] INFO  liquibase.changelog - New row inserted into gym_working_hours
2025-07-31 16:26:30.004 [main] DEBUG liquibase.executor - Executing Statement: liquibase.statement.core.InsertStatement@1eb21f22
2025-07-31 16:26:30.004 [main] DEBUG liquibase.executor - INSERT INTO PUBLIC.gym_working_hours (gym_id, day_of_week, start_time, end_time) VALUES ((SELECT id FROM gyms WHERE name = 'Maximus_TEST'), 'TUESDAY', '07:30:00', '21:30:00')
2025-07-31 16:26:30.004 [main] DEBUG liquibase.executor - 1 row(s) affected
2025-07-31 16:26:30.005 [main] INFO  liquibase.changelog - New row inserted into gym_working_hours
2025-07-31 16:26:30.005 [main] DEBUG liquibase.executor - Executing Statement: liquibase.statement.core.InsertStatement@7e4f42c0
2025-07-31 16:26:30.005 [main] DEBUG liquibase.executor - INSERT INTO PUBLIC.gym_working_hours (gym_id, day_of_week, start_time, end_time) VALUES ((SELECT id FROM gyms WHERE name = 'Maximus_TEST'), 'WEDNESDAY', '07:30:00', '21:30:00')
2025-07-31 16:26:30.006 [main] DEBUG liquibase.executor - 1 row(s) affected
2025-07-31 16:26:30.006 [main] INFO  liquibase.changelog - New row inserted into gym_working_hours
2025-07-31 16:26:30.007 [main] DEBUG liquibase.executor - Executing Statement: liquibase.statement.core.InsertStatement@22265a8d
2025-07-31 16:26:30.007 [main] DEBUG liquibase.executor - INSERT INTO PUBLIC.gym_working_hours (gym_id, day_of_week, start_time, end_time) VALUES ((SELECT id FROM gyms WHERE name = 'Maximus_TEST'), 'THURSDAY', '07:30:00', '21:30:00')
2025-07-31 16:26:30.008 [main] DEBUG liquibase.executor - 1 row(s) affected
2025-07-31 16:26:30.008 [main] INFO  liquibase.changelog - New row inserted into gym_working_hours
2025-07-31 16:26:30.008 [main] DEBUG liquibase.executor - Executing Statement: liquibase.statement.core.InsertStatement@492939b
2025-07-31 16:26:30.009 [main] DEBUG liquibase.executor - INSERT INTO PUBLIC.gym_working_hours (gym_id, day_of_week, start_time, end_time) VALUES ((SELECT id FROM gyms WHERE name = 'Maximus_TEST'), 'FRIDAY', '07:30:00', '21:30:00')
2025-07-31 16:26:30.009 [main] DEBUG liquibase.executor - 1 row(s) affected
2025-07-31 16:26:30.009 [main] INFO  liquibase.changelog - New row inserted into gym_working_hours
2025-07-31 16:26:30.010 [main] DEBUG liquibase.executor - Executing Statement: liquibase.statement.core.InsertStatement@ad7d724
2025-07-31 16:26:30.010 [main] DEBUG liquibase.executor - INSERT INTO PUBLIC.gym_working_hours (gym_id, day_of_week, start_time, end_time) VALUES ((SELECT id FROM gyms WHERE name = 'Maximus_TEST'), 'SUNDAY', '10:00:00', '15:00:00')
2025-07-31 16:26:30.011 [main] DEBUG liquibase.executor - 1 row(s) affected
2025-07-31 16:26:30.011 [main] INFO  liquibase.changelog - New row inserted into gym_working_hours
2025-07-31 16:26:30.011 [main] DEBUG liquibase.executor - Executing Statement: liquibase.statement.core.InsertStatement@e8acdfc
2025-07-31 16:26:30.011 [main] DEBUG liquibase.executor - INSERT INTO PUBLIC.sports_gyms (gym_id, sport_id) VALUES ((SELECT id FROM gyms WHERE name = 'Maximus_TEST'), '14')
2025-07-31 16:26:30.012 [main] DEBUG liquibase.executor - 1 row(s) affected
2025-07-31 16:26:30.012 [main] INFO  liquibase.changelog - New row inserted into sports_gyms
2025-07-31 16:26:30.012 [main] DEBUG liquibase.executor - Executing Statement: liquibase.statement.core.InsertStatement@1e680c92
2025-07-31 16:26:30.013 [main] DEBUG liquibase.executor - INSERT INTO PUBLIC.sports_gyms (gym_id, sport_id) VALUES ((SELECT id FROM gyms WHERE name = 'Maximus_TEST'), '1')
2025-07-31 16:26:30.014 [main] DEBUG liquibase.executor - 1 row(s) affected
2025-07-31 16:26:30.014 [main] INFO  liquibase.changelog - New row inserted into sports_gyms
2025-07-31 16:26:30.014 [main] DEBUG liquibase.executor - Executing Statement: liquibase.statement.core.InsertStatement@ef64a8f
2025-07-31 16:26:30.015 [main] DEBUG liquibase.executor - INSERT INTO PUBLIC.addresses (country, city, street, house, is_deleted) VALUES ('Україна', 'Вінниця', 'вул. Пирогова', '30', 'false')
2025-07-31 16:26:30.015 [main] DEBUG liquibase.executor - 1 row(s) affected
2025-07-31 16:26:30.015 [main] INFO  liquibase.changelog - New row inserted into addresses
2025-07-31 16:26:30.016 [main] DEBUG liquibase.executor - Executing Statement: liquibase.statement.core.InsertStatement@3a2cc282
2025-07-31 16:26:30.016 [main] DEBUG liquibase.executor - INSERT INTO PUBLIC.gyms (name, address_id, description, website, overall_rating, number_of_reviews, gym_owner_id, is_deleted) VALUES ('GrandFitness_TEST', (SELECT id FROM addresses WHERE country = 'Україна' AND city = 'Вінниця' AND street = 'вул. Пирогова' AND house = '30'), 'Елітний фітнес-центр з преміум обладнанням.', 'http://grandfitness.vn.ua', '4.76', '180', (SELECT id FROM gym_owners WHERE first_name = 'Олексій' AND last_name = 'Грищенко_TEST'), 'false')
2025-07-31 16:26:30.017 [main] DEBUG liquibase.executor - 1 row(s) affected
2025-07-31 16:26:30.017 [main] INFO  liquibase.changelog - New row inserted into gyms
2025-07-31 16:26:30.018 [main] DEBUG liquibase.executor - Executing Statement: liquibase.statement.core.InsertStatement@62910d16
2025-07-31 16:26:30.018 [main] DEBUG liquibase.executor - INSERT INTO PUBLIC.gym_phone_numbers (gym_id, phone_numbers) VALUES ((SELECT id FROM gyms WHERE name = 'GrandFitness_TEST'), '+38(043)-777-8899')
2025-07-31 16:26:30.019 [main] DEBUG liquibase.executor - 1 row(s) affected
2025-07-31 16:26:30.019 [main] INFO  liquibase.changelog - New row inserted into gym_phone_numbers
2025-07-31 16:26:30.019 [main] DEBUG liquibase.executor - Executing Statement: liquibase.statement.core.InsertStatement@3cc3914a
2025-07-31 16:26:30.019 [main] DEBUG liquibase.executor - INSERT INTO PUBLIC.gym_working_hours (gym_id, day_of_week, start_time, end_time) VALUES ((SELECT id FROM gyms WHERE name = 'GrandFitness_TEST'), 'MONDAY', '07:00:00', '22:00:00')
2025-07-31 16:26:30.020 [main] DEBUG liquibase.executor - 1 row(s) affected
2025-07-31 16:26:30.020 [main] INFO  liquibase.changelog - New row inserted into gym_working_hours
2025-07-31 16:26:30.021 [main] DEBUG liquibase.executor - Executing Statement: liquibase.statement.core.InsertStatement@5d066f
2025-07-31 16:26:30.021 [main] DEBUG liquibase.executor - INSERT INTO PUBLIC.gym_working_hours (gym_id, day_of_week, start_time, end_time) VALUES ((SELECT id FROM gyms WHERE name = 'GrandFitness_TEST'), 'TUESDAY', '07:00:00', '22:00:00')
2025-07-31 16:26:30.022 [main] DEBUG liquibase.executor - 1 row(s) affected
2025-07-31 16:26:30.023 [main] INFO  liquibase.changelog - New row inserted into gym_working_hours
2025-07-31 16:26:30.023 [main] DEBUG liquibase.executor - Executing Statement: liquibase.statement.core.InsertStatement@5c39ec34
2025-07-31 16:26:30.024 [main] DEBUG liquibase.executor - INSERT INTO PUBLIC.gym_working_hours (gym_id, day_of_week, start_time, end_time) VALUES ((SELECT id FROM gyms WHERE name = 'GrandFitness_TEST'), 'WEDNESDAY', '07:00:00', '22:00:00')
2025-07-31 16:26:30.024 [main] DEBUG liquibase.executor - 1 row(s) affected
2025-07-31 16:26:30.024 [main] INFO  liquibase.changelog - New row inserted into gym_working_hours
2025-07-31 16:26:30.025 [main] DEBUG liquibase.executor - Executing Statement: liquibase.statement.core.InsertStatement@362aa318
2025-07-31 16:26:30.025 [main] DEBUG liquibase.executor - INSERT INTO PUBLIC.gym_working_hours (gym_id, day_of_week, start_time, end_time) VALUES ((SELECT id FROM gyms WHERE name = 'GrandFitness_TEST'), 'THURSDAY', '07:00:00', '22:00:00')
2025-07-31 16:26:30.026 [main] DEBUG liquibase.executor - 1 row(s) affected
2025-07-31 16:26:30.026 [main] INFO  liquibase.changelog - New row inserted into gym_working_hours
2025-07-31 16:26:30.026 [main] DEBUG liquibase.executor - Executing Statement: liquibase.statement.core.InsertStatement@16433d56
2025-07-31 16:26:30.026 [main] DEBUG liquibase.executor - INSERT INTO PUBLIC.gym_working_hours (gym_id, day_of_week, start_time, end_time) VALUES ((SELECT id FROM gyms WHERE name = 'GrandFitness_TEST'), 'FRIDAY', '07:00:00', '22:00:00')
2025-07-31 16:26:30.027 [main] DEBUG liquibase.executor - 1 row(s) affected
2025-07-31 16:26:30.027 [main] INFO  liquibase.changelog - New row inserted into gym_working_hours
2025-07-31 16:26:30.028 [main] DEBUG liquibase.executor - Executing Statement: liquibase.statement.core.InsertStatement@7ec53f8f
2025-07-31 16:26:30.028 [main] DEBUG liquibase.executor - INSERT INTO PUBLIC.gym_working_hours (gym_id, day_of_week, start_time, end_time) VALUES ((SELECT id FROM gyms WHERE name = 'GrandFitness_TEST'), 'SATURDAY', '09:00:00', '19:00:00')
2025-07-31 16:26:30.029 [main] DEBUG liquibase.executor - 1 row(s) affected
2025-07-31 16:26:30.029 [main] INFO  liquibase.changelog - New row inserted into gym_working_hours
2025-07-31 16:26:30.030 [main] DEBUG liquibase.executor - Executing Statement: liquibase.statement.core.InsertStatement@6d0e242f
2025-07-31 16:26:30.030 [main] DEBUG liquibase.executor - INSERT INTO PUBLIC.gym_working_hours (gym_id, day_of_week, start_time, end_time) VALUES ((SELECT id FROM gyms WHERE name = 'GrandFitness_TEST'), 'SUNDAY', '10:00:00', '17:00:00')
2025-07-31 16:26:30.031 [main] DEBUG liquibase.executor - 1 row(s) affected
2025-07-31 16:26:30.031 [main] INFO  liquibase.changelog - New row inserted into gym_working_hours
2025-07-31 16:26:30.031 [main] DEBUG liquibase.executor - Executing Statement: liquibase.statement.core.InsertStatement@edf68f5
2025-07-31 16:26:30.032 [main] DEBUG liquibase.executor - INSERT INTO PUBLIC.sports_gyms (gym_id, sport_id) VALUES ((SELECT id FROM gyms WHERE name = 'GrandFitness_TEST'), '1')
2025-07-31 16:26:30.032 [main] DEBUG liquibase.executor - 1 row(s) affected
2025-07-31 16:26:30.032 [main] INFO  liquibase.changelog - New row inserted into sports_gyms
2025-07-31 16:26:30.033 [main] DEBUG liquibase.executor - Executing Statement: liquibase.statement.core.InsertStatement@1f94df5
2025-07-31 16:26:30.033 [main] DEBUG liquibase.executor - INSERT INTO PUBLIC.addresses (country, city, street, house, is_deleted) VALUES ('Україна', 'Чернігів', 'вул. Київська', '11', 'false')
2025-07-31 16:26:30.034 [main] DEBUG liquibase.executor - 1 row(s) affected
2025-07-31 16:26:30.034 [main] INFO  liquibase.changelog - New row inserted into addresses
2025-07-31 16:26:30.034 [main] DEBUG liquibase.executor - Executing Statement: liquibase.statement.core.InsertStatement@56972302
2025-07-31 16:26:30.035 [main] DEBUG liquibase.executor - INSERT INTO PUBLIC.gyms (name, address_id, description, website, overall_rating, number_of_reviews, gym_owner_id, is_deleted) VALUES ('EuroSport_TEST', (SELECT id FROM addresses WHERE country = 'Україна' AND city = 'Чернігів' AND street = 'вул. Київська' AND house = '11'), 'Доступний спортивний клуб для всієї родини.', 'http://eurosport.cn.ua', '4.65', '70', (SELECT id FROM gym_owners WHERE first_name = 'Олексій' AND last_name = 'Грищенко_TEST'), 'false')
2025-07-31 16:26:30.036 [main] DEBUG liquibase.executor - 1 row(s) affected
2025-07-31 16:26:30.036 [main] INFO  liquibase.changelog - New row inserted into gyms
2025-07-31 16:26:30.037 [main] DEBUG liquibase.executor - Executing Statement: liquibase.statement.core.InsertStatement@4a244aa3
2025-07-31 16:26:30.037 [main] DEBUG liquibase.executor - INSERT INTO PUBLIC.gym_phone_numbers (gym_id, phone_numbers) VALUES ((SELECT id FROM gyms WHERE name = 'EuroSport_TEST'), '+38(046)-888-9900')
2025-07-31 16:26:30.038 [main] DEBUG liquibase.executor - 1 row(s) affected
2025-07-31 16:26:30.038 [main] INFO  liquibase.changelog - New row inserted into gym_phone_numbers
2025-07-31 16:26:30.038 [main] DEBUG liquibase.executor - Executing Statement: liquibase.statement.core.InsertStatement@3f491bd2
2025-07-31 16:26:30.039 [main] DEBUG liquibase.executor - INSERT INTO PUBLIC.gym_working_hours (gym_id, day_of_week, start_time, end_time) VALUES ((SELECT id FROM gyms WHERE name = 'EuroSport_TEST'), 'MONDAY', '08:00:00', '22:00:00')
2025-07-31 16:26:30.040 [main] DEBUG liquibase.executor - 1 row(s) affected
2025-07-31 16:26:30.040 [main] INFO  liquibase.changelog - New row inserted into gym_working_hours
2025-07-31 16:26:30.040 [main] DEBUG liquibase.executor - Executing Statement: liquibase.statement.core.InsertStatement@74947f2b
2025-07-31 16:26:30.040 [main] DEBUG liquibase.executor - INSERT INTO PUBLIC.gym_working_hours (gym_id, day_of_week, start_time, end_time) VALUES ((SELECT id FROM gyms WHERE name = 'EuroSport_TEST'), 'TUESDAY', '08:00:00', '22:00:00')
2025-07-31 16:26:30.041 [main] DEBUG liquibase.executor - 1 row(s) affected
2025-07-31 16:26:30.041 [main] INFO  liquibase.changelog - New row inserted into gym_working_hours
2025-07-31 16:26:30.042 [main] DEBUG liquibase.executor - Executing Statement: liquibase.statement.core.InsertStatement@1b74dd88
2025-07-31 16:26:30.042 [main] DEBUG liquibase.executor - INSERT INTO PUBLIC.gym_working_hours (gym_id, day_of_week, start_time, end_time) VALUES ((SELECT id FROM gyms WHERE name = 'EuroSport_TEST'), 'WEDNESDAY', '08:00:00', '22:00:00')
2025-07-31 16:26:30.043 [main] DEBUG liquibase.executor - 1 row(s) affected
2025-07-31 16:26:30.043 [main] INFO  liquibase.changelog - New row inserted into gym_working_hours
2025-07-31 16:26:30.044 [main] DEBUG liquibase.executor - Executing Statement: liquibase.statement.core.InsertStatement@736ded17
2025-07-31 16:26:30.044 [main] DEBUG liquibase.executor - INSERT INTO PUBLIC.gym_working_hours (gym_id, day_of_week, start_time, end_time) VALUES ((SELECT id FROM gyms WHERE name = 'EuroSport_TEST'), 'THURSDAY', '08:00:00', '22:00:00')
2025-07-31 16:26:30.044 [main] DEBUG liquibase.executor - 1 row(s) affected
2025-07-31 16:26:30.045 [main] INFO  liquibase.changelog - New row inserted into gym_working_hours
2025-07-31 16:26:30.045 [main] DEBUG liquibase.executor - Executing Statement: liquibase.statement.core.InsertStatement@40def23
2025-07-31 16:26:30.045 [main] DEBUG liquibase.executor - INSERT INTO PUBLIC.gym_working_hours (gym_id, day_of_week, start_time, end_time) VALUES ((SELECT id FROM gyms WHERE name = 'EuroSport_TEST'), 'FRIDAY', '08:00:00', '22:00:00')
2025-07-31 16:26:30.046 [main] DEBUG liquibase.executor - 1 row(s) affected
2025-07-31 16:26:30.046 [main] INFO  liquibase.changelog - New row inserted into gym_working_hours
2025-07-31 16:26:30.046 [main] DEBUG liquibase.executor - Executing Statement: liquibase.statement.core.InsertStatement@5337a5ae
2025-07-31 16:26:30.047 [main] DEBUG liquibase.executor - INSERT INTO PUBLIC.gym_working_hours (gym_id, day_of_week, start_time, end_time) VALUES ((SELECT id FROM gyms WHERE name = 'EuroSport_TEST'), 'SATURDAY', '09:00:00', '17:00:00')
2025-07-31 16:26:30.047 [main] DEBUG liquibase.executor - 1 row(s) affected
2025-07-31 16:26:30.047 [main] INFO  liquibase.changelog - New row inserted into gym_working_hours
2025-07-31 16:26:30.047 [main] DEBUG liquibase.executor - Executing Statement: liquibase.statement.core.InsertStatement@6e92aadd
2025-07-31 16:26:30.048 [main] DEBUG liquibase.executor - INSERT INTO PUBLIC.sports_gyms (gym_id, sport_id) VALUES ((SELECT id FROM gyms WHERE name = 'EuroSport_TEST'), '6')
2025-07-31 16:26:30.048 [main] DEBUG liquibase.executor - 1 row(s) affected
2025-07-31 16:26:30.048 [main] INFO  liquibase.changelog - New row inserted into sports_gyms
2025-07-31 16:26:30.049 [main] DEBUG liquibase.executor - Executing Statement: liquibase.statement.core.InsertStatement@720bf74d
2025-07-31 16:26:30.049 [main] DEBUG liquibase.executor - INSERT INTO PUBLIC.sports_gyms (gym_id, sport_id) VALUES ((SELECT id FROM gyms WHERE name = 'EuroSport_TEST'), '7')
2025-07-31 16:26:30.050 [main] DEBUG liquibase.executor - 1 row(s) affected
2025-07-31 16:26:30.050 [main] INFO  liquibase.changelog - New row inserted into sports_gyms
2025-07-31 16:26:30.050 [main] DEBUG liquibase.executor - Executing Statement: liquibase.statement.core.InsertStatement@19146ad8
2025-07-31 16:26:30.050 [main] DEBUG liquibase.executor - INSERT INTO PUBLIC.sports_gyms (gym_id, sport_id) VALUES ((SELECT id FROM gyms WHERE name = 'EuroSport_TEST'), '1')
2025-07-31 16:26:30.051 [main] DEBUG liquibase.executor - 1 row(s) affected
2025-07-31 16:26:30.051 [main] INFO  liquibase.changelog - New row inserted into sports_gyms
2025-07-31 16:26:30.051 [main] DEBUG liquibase.executor - Executing Statement: liquibase.statement.core.InsertStatement@77e0b681
2025-07-31 16:26:30.052 [main] DEBUG liquibase.executor - INSERT INTO PUBLIC.addresses (country, city, street, house, is_deleted) VALUES ('Україна', 'Полтава', 'вул. Соборності', '33', 'false')
2025-07-31 16:26:30.052 [main] DEBUG liquibase.executor - 1 row(s) affected
2025-07-31 16:26:30.052 [main] INFO  liquibase.changelog - New row inserted into addresses
2025-07-31 16:26:30.052 [main] DEBUG liquibase.executor - Executing Statement: liquibase.statement.core.InsertStatement@cdf3ee2
2025-07-31 16:26:30.053 [main] DEBUG liquibase.executor - INSERT INTO PUBLIC.gyms (name, address_id, description, website, overall_rating, number_of_reviews, gym_owner_id, is_deleted) VALUES ('Олімп_TEST', (SELECT id FROM addresses WHERE country = 'Україна' AND city = 'Полтава' AND street = 'вул. Соборності' AND house = '33'), 'Спортивний комплекс з великим басейном та сучасними тренажерами.', 'http://olimp.pl.ua', '4.56', '105', (SELECT id FROM gym_owners WHERE first_name = 'Олексій' AND last_name = 'Грищенко_TEST'), 'false')
2025-07-31 16:26:30.053 [main] DEBUG liquibase.executor - 1 row(s) affected
2025-07-31 16:26:30.054 [main] INFO  liquibase.changelog - New row inserted into gyms
2025-07-31 16:26:30.054 [main] DEBUG liquibase.executor - Executing Statement: liquibase.statement.core.InsertStatement@21c301ab
2025-07-31 16:26:30.054 [main] DEBUG liquibase.executor - INSERT INTO PUBLIC.gym_phone_numbers (gym_id, phone_numbers) VALUES ((SELECT id FROM gyms WHERE name = 'Олімп_TEST'), '+38(053)-999-0011')
2025-07-31 16:26:30.055 [main] DEBUG liquibase.executor - 1 row(s) affected
2025-07-31 16:26:30.055 [main] INFO  liquibase.changelog - New row inserted into gym_phone_numbers
2025-07-31 16:26:30.055 [main] DEBUG liquibase.executor - Executing Statement: liquibase.statement.core.InsertStatement@1bbbede1
2025-07-31 16:26:30.055 [main] DEBUG liquibase.executor - INSERT INTO PUBLIC.gym_working_hours (gym_id, day_of_week, start_time, end_time) VALUES ((SELECT id FROM gyms WHERE name = 'Олімп_TEST'), 'MONDAY', '06:30:00', '22:30:00')
2025-07-31 16:26:30.056 [main] DEBUG liquibase.executor - 1 row(s) affected
2025-07-31 16:26:30.056 [main] INFO  liquibase.changelog - New row inserted into gym_working_hours
2025-07-31 16:26:30.056 [main] DEBUG liquibase.executor - Executing Statement: liquibase.statement.core.InsertStatement@699d04a9
2025-07-31 16:26:30.057 [main] DEBUG liquibase.executor - INSERT INTO PUBLIC.gym_working_hours (gym_id, day_of_week, start_time, end_time) VALUES ((SELECT id FROM gyms WHERE name = 'Олімп_TEST'), 'TUESDAY', '06:30:00', '22:30:00')
2025-07-31 16:26:30.057 [main] DEBUG liquibase.executor - 1 row(s) affected
2025-07-31 16:26:30.057 [main] INFO  liquibase.changelog - New row inserted into gym_working_hours
2025-07-31 16:26:30.058 [main] DEBUG liquibase.executor - Executing Statement: liquibase.statement.core.InsertStatement@1cc00f56
2025-07-31 16:26:30.058 [main] DEBUG liquibase.executor - INSERT INTO PUBLIC.gym_working_hours (gym_id, day_of_week, start_time, end_time) VALUES ((SELECT id FROM gyms WHERE name = 'Олімп_TEST'), 'WEDNESDAY', '06:30:00', '22:30:00')
2025-07-31 16:26:30.058 [main] DEBUG liquibase.executor - 1 row(s) affected
2025-07-31 16:26:30.059 [main] INFO  liquibase.changelog - New row inserted into gym_working_hours
2025-07-31 16:26:30.059 [main] DEBUG liquibase.executor - Executing Statement: liquibase.statement.core.InsertStatement@25379b3c
2025-07-31 16:26:30.059 [main] DEBUG liquibase.executor - INSERT INTO PUBLIC.gym_working_hours (gym_id, day_of_week, start_time, end_time) VALUES ((SELECT id FROM gyms WHERE name = 'Олімп_TEST'), 'THURSDAY', '06:30:00', '22:30:00')
2025-07-31 16:26:30.060 [main] DEBUG liquibase.executor - 1 row(s) affected
2025-07-31 16:26:30.060 [main] INFO  liquibase.changelog - New row inserted into gym_working_hours
2025-07-31 16:26:30.060 [main] DEBUG liquibase.executor - Executing Statement: liquibase.statement.core.InsertStatement@6127ae9e
2025-07-31 16:26:30.061 [main] DEBUG liquibase.executor - INSERT INTO PUBLIC.gym_working_hours (gym_id, day_of_week, start_time, end_time) VALUES ((SELECT id FROM gyms WHERE name = 'Олімп_TEST'), 'FRIDAY', '06:30:00', '22:30:00')
2025-07-31 16:26:30.061 [main] DEBUG liquibase.executor - 1 row(s) affected
2025-07-31 16:26:30.061 [main] INFO  liquibase.changelog - New row inserted into gym_working_hours
2025-07-31 16:26:30.062 [main] DEBUG liquibase.executor - Executing Statement: liquibase.statement.core.InsertStatement@601e465f
2025-07-31 16:26:30.062 [main] DEBUG liquibase.executor - INSERT INTO PUBLIC.gym_working_hours (gym_id, day_of_week, start_time, end_time) VALUES ((SELECT id FROM gyms WHERE name = 'Олімп_TEST'), 'SATURDAY', '08:00:00', '19:00:00')
2025-07-31 16:26:30.063 [main] DEBUG liquibase.executor - 1 row(s) affected
2025-07-31 16:26:30.063 [main] INFO  liquibase.changelog - New row inserted into gym_working_hours
2025-07-31 16:26:30.063 [main] DEBUG liquibase.executor - Executing Statement: liquibase.statement.core.InsertStatement@7cb84fb5
2025-07-31 16:26:30.064 [main] DEBUG liquibase.executor - INSERT INTO PUBLIC.gym_working_hours (gym_id, day_of_week, start_time, end_time) VALUES ((SELECT id FROM gyms WHERE name = 'Олімп_TEST'), 'SUNDAY', '08:00:00', '17:00:00')
2025-07-31 16:26:30.064 [main] DEBUG liquibase.executor - 1 row(s) affected
2025-07-31 16:26:30.065 [main] INFO  liquibase.changelog - New row inserted into gym_working_hours
2025-07-31 16:26:30.065 [main] DEBUG liquibase.executor - Executing Statement: liquibase.statement.core.InsertStatement@65cfd565
2025-07-31 16:26:30.065 [main] DEBUG liquibase.executor - INSERT INTO PUBLIC.sports_gyms (gym_id, sport_id) VALUES ((SELECT id FROM gyms WHERE name = 'Олімп_TEST'), '2')
2025-07-31 16:26:30.066 [main] DEBUG liquibase.executor - 1 row(s) affected
2025-07-31 16:26:30.066 [main] INFO  liquibase.changelog - New row inserted into sports_gyms
2025-07-31 16:26:30.066 [main] DEBUG liquibase.executor - Executing Statement: liquibase.statement.core.InsertStatement@3940c41c
2025-07-31 16:26:30.067 [main] DEBUG liquibase.executor - INSERT INTO PUBLIC.sports_gyms (gym_id, sport_id) VALUES ((SELECT id FROM gyms WHERE name = 'Олімп_TEST'), '12')
2025-07-31 16:26:30.067 [main] DEBUG liquibase.executor - 1 row(s) affected
2025-07-31 16:26:30.067 [main] INFO  liquibase.changelog - New row inserted into sports_gyms
2025-07-31 16:26:30.068 [main] DEBUG liquibase.executor - Executing Statement: liquibase.statement.core.InsertStatement@2bfe51d5
2025-07-31 16:26:30.068 [main] DEBUG liquibase.executor - INSERT INTO PUBLIC.sports_gyms (gym_id, sport_id) VALUES ((SELECT id FROM gyms WHERE name = 'Олімп_TEST'), '1')
2025-07-31 16:26:30.068 [main] DEBUG liquibase.executor - 1 row(s) affected
2025-07-31 16:26:30.068 [main] INFO  liquibase.changelog - New row inserted into sports_gyms
2025-07-31 16:26:30.069 [main] DEBUG liquibase.executor - Executing Statement: liquibase.statement.core.InsertStatement@158566f8
2025-07-31 16:26:30.069 [main] DEBUG liquibase.executor - INSERT INTO PUBLIC.addresses (country, city, street, house, is_deleted) VALUES ('Україна', 'Черкаси', 'бульв. Шевченка', '130', 'false')
2025-07-31 16:26:30.070 [main] DEBUG liquibase.executor - 1 row(s) affected
2025-07-31 16:26:30.070 [main] INFO  liquibase.changelog - New row inserted into addresses
2025-07-31 16:26:30.070 [main] DEBUG liquibase.executor - Executing Statement: liquibase.statement.core.InsertStatement@e7afdd0
2025-07-31 16:26:30.071 [main] DEBUG liquibase.executor - INSERT INTO PUBLIC.gyms (name, address_id, description, website, overall_rating, number_of_reviews, gym_owner_id, is_deleted) VALUES ('Формула_TEST', (SELECT id FROM addresses WHERE country = 'Україна' AND city = 'Черкаси' AND street = 'бульв. Шевченка' AND house = '130'), 'Великий вибір кардіо- та силових тренажерів.', 'http://formula.ck.ua', '4.7', '95', (SELECT id FROM gym_owners WHERE first_name = 'Олексій' AND last_name = 'Грищенко_TEST'), 'false')
2025-07-31 16:26:30.072 [main] DEBUG liquibase.executor - 1 row(s) affected
2025-07-31 16:26:30.072 [main] INFO  liquibase.changelog - New row inserted into gyms
2025-07-31 16:26:30.072 [main] DEBUG liquibase.executor - Executing Statement: liquibase.statement.core.InsertStatement@3125a827
2025-07-31 16:26:30.072 [main] DEBUG liquibase.executor - INSERT INTO PUBLIC.gym_phone_numbers (gym_id, phone_numbers) VALUES ((SELECT id FROM gyms WHERE name = 'Формула_TEST'), '+38(047)-123-4567')
2025-07-31 16:26:30.073 [main] DEBUG liquibase.executor - 1 row(s) affected
2025-07-31 16:26:30.073 [main] INFO  liquibase.changelog - New row inserted into gym_phone_numbers
2025-07-31 16:26:30.073 [main] DEBUG liquibase.executor - Executing Statement: liquibase.statement.core.InsertStatement@680c372f
2025-07-31 16:26:30.074 [main] DEBUG liquibase.executor - INSERT INTO PUBLIC.gym_working_hours (gym_id, day_of_week, start_time, end_time) VALUES ((SELECT id FROM gyms WHERE name = 'Формула_TEST'), 'MONDAY', '07:00:00', '22:00:00')
2025-07-31 16:26:30.074 [main] DEBUG liquibase.executor - 1 row(s) affected
2025-07-31 16:26:30.074 [main] INFO  liquibase.changelog - New row inserted into gym_working_hours
2025-07-31 16:26:30.075 [main] DEBUG liquibase.executor - Executing Statement: liquibase.statement.core.InsertStatement@56803e70
2025-07-31 16:26:30.075 [main] DEBUG liquibase.executor - INSERT INTO PUBLIC.gym_working_hours (gym_id, day_of_week, start_time, end_time) VALUES ((SELECT id FROM gyms WHERE name = 'Формула_TEST'), 'TUESDAY', '07:00:00', '22:00:00')
2025-07-31 16:26:30.076 [main] DEBUG liquibase.executor - 1 row(s) affected
2025-07-31 16:26:30.076 [main] INFO  liquibase.changelog - New row inserted into gym_working_hours
2025-07-31 16:26:30.076 [main] DEBUG liquibase.executor - Executing Statement: liquibase.statement.core.InsertStatement@f4dcd0d
2025-07-31 16:26:30.077 [main] DEBUG liquibase.executor - INSERT INTO PUBLIC.gym_working_hours (gym_id, day_of_week, start_time, end_time) VALUES ((SELECT id FROM gyms WHERE name = 'Формула_TEST'), 'WEDNESDAY', '07:00:00', '22:00:00')
2025-07-31 16:26:30.077 [main] DEBUG liquibase.executor - 1 row(s) affected
2025-07-31 16:26:30.077 [main] INFO  liquibase.changelog - New row inserted into gym_working_hours
2025-07-31 16:26:30.077 [main] DEBUG liquibase.executor - Executing Statement: liquibase.statement.core.InsertStatement@13b52853
2025-07-31 16:26:30.078 [main] DEBUG liquibase.executor - INSERT INTO PUBLIC.gym_working_hours (gym_id, day_of_week, start_time, end_time) VALUES ((SELECT id FROM gyms WHERE name = 'Формула_TEST'), 'THURSDAY', '07:00:00', '22:00:00')
2025-07-31 16:26:30.078 [main] DEBUG liquibase.executor - 1 row(s) affected
2025-07-31 16:26:30.079 [main] INFO  liquibase.changelog - New row inserted into gym_working_hours
2025-07-31 16:26:30.079 [main] DEBUG liquibase.executor - Executing Statement: liquibase.statement.core.InsertStatement@1a89d045
2025-07-31 16:26:30.079 [main] DEBUG liquibase.executor - INSERT INTO PUBLIC.gym_working_hours (gym_id, day_of_week, start_time, end_time) VALUES ((SELECT id FROM gyms WHERE name = 'Формула_TEST'), 'FRIDAY', '07:00:00', '22:00:00')
2025-07-31 16:26:30.080 [main] DEBUG liquibase.executor - 1 row(s) affected
2025-07-31 16:26:30.080 [main] INFO  liquibase.changelog - New row inserted into gym_working_hours
2025-07-31 16:26:30.080 [main] DEBUG liquibase.executor - Executing Statement: liquibase.statement.core.InsertStatement@4d2d0eda
2025-07-31 16:26:30.081 [main] DEBUG liquibase.executor - INSERT INTO PUBLIC.gym_working_hours (gym_id, day_of_week, start_time, end_time) VALUES ((SELECT id FROM gyms WHERE name = 'Формула_TEST'), 'SATURDAY', '09:00:00', '18:00:00')
2025-07-31 16:26:30.082 [main] DEBUG liquibase.executor - 1 row(s) affected
2025-07-31 16:26:30.082 [main] INFO  liquibase.changelog - New row inserted into gym_working_hours
2025-07-31 16:26:30.082 [main] DEBUG liquibase.executor - Executing Statement: liquibase.statement.core.InsertStatement@2ce987d7
2025-07-31 16:26:30.082 [main] DEBUG liquibase.executor - INSERT INTO PUBLIC.gym_working_hours (gym_id, day_of_week, start_time, end_time) VALUES ((SELECT id FROM gyms WHERE name = 'Формула_TEST'), 'SUNDAY', '09:00:00', '16:00:00')
2025-07-31 16:26:30.083 [main] DEBUG liquibase.executor - 1 row(s) affected
2025-07-31 16:26:30.083 [main] INFO  liquibase.changelog - New row inserted into gym_working_hours
2025-07-31 16:26:30.083 [main] DEBUG liquibase.executor - Executing Statement: liquibase.statement.core.InsertStatement@16a4d5a9
2025-07-31 16:26:30.084 [main] DEBUG liquibase.executor - INSERT INTO PUBLIC.sports_gyms (gym_id, sport_id) VALUES ((SELECT id FROM gyms WHERE name = 'Формула_TEST'), '7')
2025-07-31 16:26:30.084 [main] DEBUG liquibase.executor - 1 row(s) affected
2025-07-31 16:26:30.084 [main] INFO  liquibase.changelog - New row inserted into sports_gyms
2025-07-31 16:26:30.085 [main] DEBUG liquibase.executor - Executing Statement: liquibase.statement.core.InsertStatement@427b24c0
2025-07-31 16:26:30.085 [main] DEBUG liquibase.executor - INSERT INTO PUBLIC.sports_gyms (gym_id, sport_id) VALUES ((SELECT id FROM gyms WHERE name = 'Формула_TEST'), '13')
2025-07-31 16:26:30.086 [main] DEBUG liquibase.executor - 1 row(s) affected
2025-07-31 16:26:30.086 [main] INFO  liquibase.changelog - New row inserted into sports_gyms
2025-07-31 16:26:30.087 [main] DEBUG liquibase.executor - Executing Statement: liquibase.statement.core.InsertStatement@6705b98b
2025-07-31 16:26:30.087 [main] DEBUG liquibase.executor - INSERT INTO PUBLIC.sports_gyms (gym_id, sport_id) VALUES ((SELECT id FROM gyms WHERE name = 'Формула_TEST'), '1')
2025-07-31 16:26:30.088 [main] DEBUG liquibase.executor - 1 row(s) affected
2025-07-31 16:26:30.088 [main] INFO  liquibase.changelog - New row inserted into sports_gyms
2025-07-31 16:26:30.090 [main] INFO  liquibase.changelog - ChangeSet db.changelog/changes/28-insert-gym-owner-and-gyms.yaml::28-insert-gym-owner-and-gyms::bohdan-s ran successfully in 228ms
2025-07-31 16:26:30.091 [main] DEBUG liquibase.executor - INSERT INTO PUBLIC.DATABASECHANGELOG (ID, AUTHOR, FILENAME, DATEEXECUTED, ORDEREXECUTED, MD5SUM, DESCRIPTION, COMMENTS, EXECTYPE, CONTEXTS, LABELS, LIQUIBASE, DEPLOYMENT_ID) VALUES ('28-insert-gym-owner-and-gyms', 'bohdan-s', 'db.changelog/changes/28-insert-gym-owner-and-gyms.yaml', NOW(), 28, '9:9aa04e5c8383a863279f20c1feea129e', 'insert tableName=user_credentials; insert tableName=user_credentials_roles; insert tableName=gym_owners; insert tableName=gym_owner_phone_numbers; insert tableName=addresses; insert tableName=gyms; insert tableName=gym_phone_numbers; insert tableN...', '', 'EXECUTED', NULL, NULL, '4.29.2', '3979188987')
2025-07-31 16:26:30.091 [main] DEBUG liquibase.executor - 1 row(s) affected
2025-07-31 16:26:30.092 [main] DEBUG liquibase.executor - Changelog query completed.
2025-07-31 16:26:30.102 [main] DEBUG liquibase.servicelocator - Loaded liquibase.report.ShowSummaryGenerator instance liquibase.report.StandardShowSummaryGenerator
2025-07-31 16:26:30.108 [main] INFO  liquibase.util - UPDATE SUMMARY
2025-07-31 16:26:30.108 [main] INFO  liquibase.util - Run:                         28
2025-07-31 16:26:30.108 [main] INFO  liquibase.util - Previously run:               0
2025-07-31 16:26:30.109 [main] INFO  liquibase.util - Filtered out:                 0
2025-07-31 16:26:30.109 [main] INFO  liquibase.util - -------------------------------
2025-07-31 16:26:30.109 [main] INFO  liquibase.util - Total change sets:           28
2025-07-31 16:26:30.112 [main] INFO  liquibase.util - Update summary generated
2025-07-31 16:26:30.119 [main] INFO  liquibase.command - Update command completed successfully.
2025-07-31 16:26:30.119 [main] INFO  liquibase.ui - Liquibase: Update has been successful. Rows affected: 255
2025-07-31 16:26:30.120 [main] DEBUG liquibase.executor - Release Database Lock
2025-07-31 16:26:30.121 [main] DEBUG liquibase.executor - Changelog query completed.
2025-07-31 16:26:30.122 [main] INFO  liquibase.lockservice - Successfully released change log lock
2025-07-31 16:26:30.123 [main] INFO  liquibase.command - Command execution complete
2025-07-31 16:26:30.132 [main] DEBUG org.springframework.beans.factory.support.DefaultListableBeanFactory - Creating shared instance of singleton bean 'dataSourceScriptDatabaseInitializer'
2025-07-31 16:26:30.133 [main] DEBUG org.springframework.beans.factory.support.DefaultListableBeanFactory - Creating shared instance of singleton bean 'org.springframework.boot.autoconfigure.sql.init.DataSourceInitializationConfiguration'
2025-07-31 16:26:30.138 [main] DEBUG org.springframework.beans.factory.support.DefaultListableBeanFactory - Creating shared instance of singleton bean 'spring.sql.init-org.springframework.boot.autoconfigure.sql.init.SqlInitializationProperties'
2025-07-31 16:26:30.144 [main] DEBUG org.springframework.beans.factory.support.DefaultListableBeanFactory - Autowiring by type from bean name 'dataSourceScriptDatabaseInitializer' via factory method to bean named 'dataSource'
2025-07-31 16:26:30.145 [main] DEBUG org.springframework.beans.factory.support.DefaultListableBeanFactory - Autowiring by type from bean name 'dataSourceScriptDatabaseInitializer' via factory method to bean named 'spring.sql.init-org.springframework.boot.autoconfigure.sql.init.SqlInitializationProperties'
2025-07-31 16:26:30.168 [main] DEBUG org.springframework.beans.factory.support.DefaultListableBeanFactory - Creating shared instance of singleton bean 'entityManagerFactory'
2025-07-31 16:26:30.168 [main] DEBUG org.springframework.beans.factory.support.DefaultListableBeanFactory - Creating shared instance of singleton bean 'org.springframework.boot.autoconfigure.orm.jpa.HibernateJpaConfiguration'
2025-07-31 16:26:30.170 [main] DEBUG org.springframework.beans.factory.support.DefaultListableBeanFactory - Creating shared instance of singleton bean 'spring.jpa-org.springframework.boot.autoconfigure.orm.jpa.JpaProperties'
2025-07-31 16:26:30.179 [main] DEBUG org.springframework.beans.factory.support.DefaultListableBeanFactory - Creating shared instance of singleton bean 'spring.jpa.hibernate-org.springframework.boot.autoconfigure.orm.jpa.HibernateProperties'
2025-07-31 16:26:30.184 [main] DEBUG org.springframework.beans.factory.support.DefaultListableBeanFactory - Autowiring by type from bean name 'org.springframework.boot.autoconfigure.orm.jpa.HibernateJpaConfiguration' via constructor to bean named 'dataSource'
2025-07-31 16:26:30.184 [main] DEBUG org.springframework.beans.factory.support.DefaultListableBeanFactory - Autowiring by type from bean name 'org.springframework.boot.autoconfigure.orm.jpa.HibernateJpaConfiguration' via constructor to bean named 'spring.jpa-org.springframework.boot.autoconfigure.orm.jpa.JpaProperties'
2025-07-31 16:26:30.185 [main] DEBUG org.springframework.beans.factory.support.DefaultListableBeanFactory - Autowiring by type from bean name 'org.springframework.boot.autoconfigure.orm.jpa.HibernateJpaConfiguration' via constructor to bean named 'org.springframework.beans.factory.support.DefaultListableBeanFactory@4ac86d6a'
2025-07-31 16:26:30.185 [main] DEBUG org.springframework.beans.factory.support.DefaultListableBeanFactory - Autowiring by type from bean name 'org.springframework.boot.autoconfigure.orm.jpa.HibernateJpaConfiguration' via constructor to bean named 'spring.jpa.hibernate-org.springframework.boot.autoconfigure.orm.jpa.HibernateProperties'
2025-07-31 16:26:30.189 [main] DEBUG org.springframework.beans.factory.support.DefaultListableBeanFactory - Creating shared instance of singleton bean 'hikariPoolDataSourceMetadataProvider'
2025-07-31 16:26:30.190 [main] DEBUG org.springframework.beans.factory.support.DefaultListableBeanFactory - Creating shared instance of singleton bean 'org.springframework.boot.autoconfigure.jdbc.metadata.DataSourcePoolMetadataProvidersConfiguration$HikariPoolDataSourceMetadataProviderConfiguration'
2025-07-31 16:26:30.218 [main] DEBUG org.springframework.beans.factory.support.DefaultListableBeanFactory - Creating shared instance of singleton bean 'entityManagerFactoryBuilder'
2025-07-31 16:26:30.220 [main] DEBUG org.springframework.beans.factory.support.DefaultListableBeanFactory - Creating shared instance of singleton bean 'jpaVendorAdapter'
2025-07-31 16:26:30.289 [main] DEBUG org.springframework.beans.factory.support.DefaultListableBeanFactory - Autowiring by type from bean name 'entityManagerFactoryBuilder' via factory method to bean named 'jpaVendorAdapter'
2025-07-31 16:26:30.332 [main] DEBUG org.springframework.jdbc.datasource.DataSourceUtils - Fetching JDBC Connection from DataSource
2025-07-31 16:26:30.344 [main] DEBUG org.springframework.beans.factory.support.DefaultListableBeanFactory - Creating shared instance of singleton bean 'liquibaseDefaultDdlModeProvider'
2025-07-31 16:26:30.345 [main] DEBUG org.springframework.beans.factory.support.DefaultListableBeanFactory - Creating shared instance of singleton bean 'org.springframework.boot.autoconfigure.liquibase.LiquibaseAutoConfiguration'
2025-07-31 16:26:30.381 [main] DEBUG org.springframework.beans.factory.support.DefaultListableBeanFactory - Creating shared instance of singleton bean 'persistenceManagedTypes'
2025-07-31 16:26:30.385 [main] DEBUG org.springframework.beans.factory.support.DefaultListableBeanFactory - Autowiring by type from bean name 'persistenceManagedTypes' via factory method to bean named 'org.springframework.beans.factory.support.DefaultListableBeanFactory@4ac86d6a'
2025-07-31 16:26:30.386 [main] DEBUG org.springframework.beans.factory.support.DefaultListableBeanFactory - Autowiring by type from bean name 'persistenceManagedTypes' via factory method to bean named 'org.springframework.web.context.support.GenericWebApplicationContext@7942a854'
2025-07-31 16:26:30.598 [main] DEBUG org.springframework.beans.factory.support.DefaultListableBeanFactory - Autowiring by type from bean name 'entityManagerFactory' via factory method to bean named 'entityManagerFactoryBuilder'
2025-07-31 16:26:30.599 [main] DEBUG org.springframework.beans.factory.support.DefaultListableBeanFactory - Autowiring by type from bean name 'entityManagerFactory' via factory method to bean named 'persistenceManagedTypes'
2025-07-31 16:26:30.633 [main] DEBUG org.springframework.orm.jpa.LocalContainerEntityManagerFactoryBean - Building JPA container EntityManagerFactory for persistence unit 'default'
2025-07-31 16:26:30.689 [main] DEBUG org.hibernate.jpa.internal.util.LogHelper - PersistenceUnitInfo [
	name: default
	persistence provider classname: null
	classloader: jdk.internal.loader.ClassLoaders$AppClassLoader@30946e09
	excludeUnlistedClasses: true
	JTA datasource: null
	Non JTA datasource: HikariDataSource (HikariPool-1)
	Transaction type: RESOURCE_LOCAL
	PU root URL: file:/mnt/c/Users/Bohdan-Dymydiuk/projects/com-projects/train-up/backend/target/test-classes/
	Shared Cache Mode: UNSPECIFIED
	Validation Mode: AUTO
	Jar files URLs []
	Managed classes names [
		com.example.trainup.model.Address
		com.example.trainup.model.Event
		com.example.trainup.model.Gym
		com.example.trainup.model.GymPhoto
		com.example.trainup.model.Review
		com.example.trainup.model.Role
		com.example.trainup.model.Sport
		com.example.trainup.model.WorkingHoursEntry
		com.example.trainup.model.user.Admin
		com.example.trainup.model.user.Athlete
		com.example.trainup.model.user.BaseUser
		com.example.trainup.model.user.GymOwner
		com.example.trainup.model.user.Trainer
		com.example.trainup.model.user.UserCredentials]
	Mapping files names []
	Properties []
2025-07-31 16:26:30.722 [main] DEBUG org.hibernate.integrator.internal.IntegratorServiceImpl - Adding Integrator [org.hibernate.boot.beanvalidation.BeanValidationIntegrator].
2025-07-31 16:26:30.728 [main] DEBUG org.hibernate.integrator.internal.IntegratorServiceImpl - Adding Integrator [org.hibernate.cache.internal.CollectionCacheInvalidator].
2025-07-31 16:26:30.986 [main] INFO  org.hibernate.Version - HHH000412: Hibernate ORM core version 6.6.8.Final
2025-07-31 16:26:30.993 [main] DEBUG org.hibernate.cfg.Environment - HHH000206: 'hibernate.properties' not found
2025-07-31 16:26:31.088 [main] DEBUG org.hibernate.orm.idgen.factory - Registering IdentifierGenerator strategy [uuid2] -> [org.hibernate.id.UUIDGenerator]
2025-07-31 16:26:31.089 [main] DEBUG org.hibernate.orm.idgen.factory - Registering IdentifierGenerator strategy [guid] -> [org.hibernate.id.GUIDGenerator]
2025-07-31 16:26:31.092 [main] DEBUG org.hibernate.orm.idgen.factory - Registering IdentifierGenerator strategy [uuid] -> [org.hibernate.id.UUIDHexGenerator]
2025-07-31 16:26:31.092 [main] DEBUG org.hibernate.orm.idgen.factory - Registering IdentifierGenerator strategy [uuid.hex] -> [org.hibernate.id.UUIDHexGenerator]
2025-07-31 16:26:31.094 [main] DEBUG org.hibernate.orm.idgen.factory - Registering IdentifierGenerator strategy [assigned] -> [org.hibernate.id.Assigned]
2025-07-31 16:26:31.099 [main] DEBUG org.hibernate.orm.idgen.factory - Registering IdentifierGenerator strategy [identity] -> [org.hibernate.id.IdentityGenerator]
2025-07-31 16:26:31.100 [main] DEBUG org.hibernate.orm.idgen.factory - Registering IdentifierGenerator strategy [select] -> [org.hibernate.id.SelectGenerator]
2025-07-31 16:26:31.104 [main] DEBUG org.hibernate.orm.idgen.factory - Registering IdentifierGenerator strategy [sequence] -> [org.hibernate.id.enhanced.SequenceStyleGenerator]
2025-07-31 16:26:31.106 [main] DEBUG org.hibernate.orm.idgen.factory - Registering IdentifierGenerator strategy [increment] -> [org.hibernate.id.IncrementGenerator]
2025-07-31 16:26:31.107 [main] DEBUG org.hibernate.orm.idgen.factory - Registering IdentifierGenerator strategy [foreign] -> [org.hibernate.id.ForeignGenerator]
2025-07-31 16:26:31.107 [main] DEBUG org.hibernate.orm.idgen.factory - Registering IdentifierGenerator strategy [enhanced-sequence] -> [org.hibernate.id.enhanced.SequenceStyleGenerator]
2025-07-31 16:26:31.109 [main] DEBUG org.hibernate.orm.idgen.factory - Registering IdentifierGenerator strategy [enhanced-table] -> [org.hibernate.id.enhanced.TableGenerator]
2025-07-31 16:26:31.133 [main] DEBUG org.hibernate.cache.internal.RegionFactoryInitiator - Cannot default RegionFactory based on registered strategies as `[]` RegionFactory strategies were registered
2025-07-31 16:26:31.137 [main] INFO  org.hibernate.cache.internal.RegionFactoryInitiator - HHH000026: Second-level cache disabled
2025-07-31 16:26:31.443 [main] DEBUG org.hibernate.type.BasicTypeRegistry - Adding type registration boolean -> org.hibernate.type.BasicTypeReference@6000b869
2025-07-31 16:26:31.443 [main] DEBUG org.hibernate.type.BasicTypeRegistry - Adding type registration boolean -> org.hibernate.type.BasicTypeReference@6000b869
2025-07-31 16:26:31.443 [main] DEBUG org.hibernate.type.BasicTypeRegistry - Adding type registration java.lang.Boolean -> org.hibernate.type.BasicTypeReference@6000b869
2025-07-31 16:26:31.443 [main] DEBUG org.hibernate.type.BasicTypeRegistry - Adding type registration numeric_boolean -> org.hibernate.type.BasicTypeReference@6cdbb5b8
2025-07-31 16:26:31.443 [main] DEBUG org.hibernate.type.BasicTypeRegistry - Adding type registration org.hibernate.type.NumericBooleanConverter -> org.hibernate.type.BasicTypeReference@6cdbb5b8
2025-07-31 16:26:31.443 [main] DEBUG org.hibernate.type.BasicTypeRegistry - Adding type registration true_false -> org.hibernate.type.BasicTypeReference@6761bb4d
2025-07-31 16:26:31.444 [main] DEBUG org.hibernate.type.BasicTypeRegistry - Adding type registration org.hibernate.type.TrueFalseConverter -> org.hibernate.type.BasicTypeReference@6761bb4d
2025-07-31 16:26:31.444 [main] DEBUG org.hibernate.type.BasicTypeRegistry - Adding type registration yes_no -> org.hibernate.type.BasicTypeReference@75fa16cc
2025-07-31 16:26:31.444 [main] DEBUG org.hibernate.type.BasicTypeRegistry - Adding type registration org.hibernate.type.YesNoConverter -> org.hibernate.type.BasicTypeReference@75fa16cc
2025-07-31 16:26:31.444 [main] DEBUG org.hibernate.type.BasicTypeRegistry - Adding type registration byte -> org.hibernate.type.BasicTypeReference@105c3bea
2025-07-31 16:26:31.444 [main] DEBUG org.hibernate.type.BasicTypeRegistry - Adding type registration byte -> org.hibernate.type.BasicTypeReference@105c3bea
2025-07-31 16:26:31.444 [main] DEBUG org.hibernate.type.BasicTypeRegistry - Adding type registration java.lang.Byte -> org.hibernate.type.BasicTypeReference@105c3bea
2025-07-31 16:26:31.444 [main] DEBUG org.hibernate.type.BasicTypeRegistry - Adding type registration binary -> org.hibernate.type.BasicTypeReference@211b2a2c
2025-07-31 16:26:31.444 [main] DEBUG org.hibernate.type.BasicTypeRegistry - Adding type registration byte[] -> org.hibernate.type.BasicTypeReference@211b2a2c
2025-07-31 16:26:31.445 [main] DEBUG org.hibernate.type.BasicTypeRegistry - Adding type registration [B -> org.hibernate.type.BasicTypeReference@211b2a2c
2025-07-31 16:26:31.445 [main] DEBUG org.hibernate.type.BasicTypeRegistry - Adding type registration binary_wrapper -> org.hibernate.type.BasicTypeReference@4b4a5691
2025-07-31 16:26:31.445 [main] DEBUG org.hibernate.type.BasicTypeRegistry - Adding type registration wrapper-binary -> org.hibernate.type.BasicTypeReference@4b4a5691
2025-07-31 16:26:31.445 [main] DEBUG org.hibernate.type.BasicTypeRegistry - Adding type registration image -> org.hibernate.type.BasicTypeReference@6e236542
2025-07-31 16:26:31.445 [main] DEBUG org.hibernate.type.BasicTypeRegistry - Adding type registration blob -> org.hibernate.type.BasicTypeReference@1fd18007
2025-07-31 16:26:31.445 [main] DEBUG org.hibernate.type.BasicTypeRegistry - Adding type registration java.sql.Blob -> org.hibernate.type.BasicTypeReference@1fd18007
2025-07-31 16:26:31.445 [main] DEBUG org.hibernate.type.BasicTypeRegistry - Adding type registration materialized_blob -> org.hibernate.type.BasicTypeReference@67e3839b
2025-07-31 16:26:31.446 [main] DEBUG org.hibernate.type.BasicTypeRegistry - Adding type registration materialized_blob_wrapper -> org.hibernate.type.BasicTypeReference@7e04af28
2025-07-31 16:26:31.446 [main] DEBUG org.hibernate.type.BasicTypeRegistry - Adding type registration short -> org.hibernate.type.BasicTypeReference@b78dcdf
2025-07-31 16:26:31.446 [main] DEBUG org.hibernate.type.BasicTypeRegistry - Adding type registration short -> org.hibernate.type.BasicTypeReference@b78dcdf
2025-07-31 16:26:31.446 [main] DEBUG org.hibernate.type.BasicTypeRegistry - Adding type registration java.lang.Short -> org.hibernate.type.BasicTypeReference@b78dcdf
2025-07-31 16:26:31.446 [main] DEBUG org.hibernate.type.BasicTypeRegistry - Adding type registration integer -> org.hibernate.type.BasicTypeReference@183ab40f
2025-07-31 16:26:31.446 [main] DEBUG org.hibernate.type.BasicTypeRegistry - Adding type registration int -> org.hibernate.type.BasicTypeReference@183ab40f
2025-07-31 16:26:31.447 [main] DEBUG org.hibernate.type.BasicTypeRegistry - Adding type registration java.lang.Integer -> org.hibernate.type.BasicTypeReference@183ab40f
2025-07-31 16:26:31.447 [main] DEBUG org.hibernate.type.BasicTypeRegistry - Adding type registration long -> org.hibernate.type.BasicTypeReference@63be03c8
2025-07-31 16:26:31.447 [main] DEBUG org.hibernate.type.BasicTypeRegistry - Adding type registration long -> org.hibernate.type.BasicTypeReference@63be03c8
2025-07-31 16:26:31.447 [main] DEBUG org.hibernate.type.BasicTypeRegistry - Adding type registration java.lang.Long -> org.hibernate.type.BasicTypeReference@63be03c8
2025-07-31 16:26:31.447 [main] DEBUG org.hibernate.type.BasicTypeRegistry - Adding type registration float -> org.hibernate.type.BasicTypeReference@38988d78
2025-07-31 16:26:31.447 [main] DEBUG org.hibernate.type.BasicTypeRegistry - Adding type registration float -> org.hibernate.type.BasicTypeReference@38988d78
2025-07-31 16:26:31.448 [main] DEBUG org.hibernate.type.BasicTypeRegistry - Adding type registration java.lang.Float -> org.hibernate.type.BasicTypeReference@38988d78
2025-07-31 16:26:31.448 [main] DEBUG org.hibernate.type.BasicTypeRegistry - Adding type registration double -> org.hibernate.type.BasicTypeReference@75cb2090
2025-07-31 16:26:31.448 [main] DEBUG org.hibernate.type.BasicTypeRegistry - Adding type registration double -> org.hibernate.type.BasicTypeReference@75cb2090
2025-07-31 16:26:31.448 [main] DEBUG org.hibernate.type.BasicTypeRegistry - Adding type registration java.lang.Double -> org.hibernate.type.BasicTypeReference@75cb2090
2025-07-31 16:26:31.448 [main] DEBUG org.hibernate.type.BasicTypeRegistry - Adding type registration big_integer -> org.hibernate.type.BasicTypeReference@381c78ea
2025-07-31 16:26:31.448 [main] DEBUG org.hibernate.type.BasicTypeRegistry - Adding type registration java.math.BigInteger -> org.hibernate.type.BasicTypeReference@381c78ea
2025-07-31 16:26:31.449 [main] DEBUG org.hibernate.type.BasicTypeRegistry - Adding type registration big_decimal -> org.hibernate.type.BasicTypeReference@2baf9c62
2025-07-31 16:26:31.449 [main] DEBUG org.hibernate.type.BasicTypeRegistry - Adding type registration java.math.BigDecimal -> org.hibernate.type.BasicTypeReference@2baf9c62
2025-07-31 16:26:31.449 [main] DEBUG org.hibernate.type.BasicTypeRegistry - Adding type registration character -> org.hibernate.type.BasicTypeReference@57202722
2025-07-31 16:26:31.449 [main] DEBUG org.hibernate.type.BasicTypeRegistry - Adding type registration char -> org.hibernate.type.BasicTypeReference@57202722
2025-07-31 16:26:31.449 [main] DEBUG org.hibernate.type.BasicTypeRegistry - Adding type registration java.lang.Character -> org.hibernate.type.BasicTypeReference@57202722
2025-07-31 16:26:31.449 [main] DEBUG org.hibernate.type.BasicTypeRegistry - Adding type registration character_nchar -> org.hibernate.type.BasicTypeReference@7bc342f6
2025-07-31 16:26:31.450 [main] DEBUG org.hibernate.type.BasicTypeRegistry - Adding type registration string -> org.hibernate.type.BasicTypeReference@20c3be4c
2025-07-31 16:26:31.450 [main] DEBUG org.hibernate.type.BasicTypeRegistry - Adding type registration java.lang.String -> org.hibernate.type.BasicTypeReference@20c3be4c
2025-07-31 16:26:31.450 [main] DEBUG org.hibernate.type.BasicTypeRegistry - Adding type registration nstring -> org.hibernate.type.BasicTypeReference@77d86aba
2025-07-31 16:26:31.450 [main] DEBUG org.hibernate.type.BasicTypeRegistry - Adding type registration characters -> org.hibernate.type.BasicTypeReference@21975a54
2025-07-31 16:26:31.450 [main] DEBUG org.hibernate.type.BasicTypeRegistry - Adding type registration char[] -> org.hibernate.type.BasicTypeReference@21975a54
2025-07-31 16:26:31.450 [main] DEBUG org.hibernate.type.BasicTypeRegistry - Adding type registration [C -> org.hibernate.type.BasicTypeReference@21975a54
2025-07-31 16:26:31.450 [main] DEBUG org.hibernate.type.BasicTypeRegistry - Adding type registration wrapper-characters -> org.hibernate.type.BasicTypeReference@40226862
2025-07-31 16:26:31.451 [main] DEBUG org.hibernate.type.BasicTypeRegistry - Adding type registration text -> org.hibernate.type.BasicTypeReference@7dae9ff4
2025-07-31 16:26:31.451 [main] DEBUG org.hibernate.type.BasicTypeRegistry - Adding type registration ntext -> org.hibernate.type.BasicTypeReference@4917a741
2025-07-31 16:26:31.451 [main] DEBUG org.hibernate.type.BasicTypeRegistry - Adding type registration clob -> org.hibernate.type.BasicTypeReference@524911cd
2025-07-31 16:26:31.451 [main] DEBUG org.hibernate.type.BasicTypeRegistry - Adding type registration java.sql.Clob -> org.hibernate.type.BasicTypeReference@524911cd
2025-07-31 16:26:31.451 [main] DEBUG org.hibernate.type.BasicTypeRegistry - Adding type registration nclob -> org.hibernate.type.BasicTypeReference@1fb029e
2025-07-31 16:26:31.451 [main] DEBUG org.hibernate.type.BasicTypeRegistry - Adding type registration java.sql.NClob -> org.hibernate.type.BasicTypeReference@1fb029e
2025-07-31 16:26:31.451 [main] DEBUG org.hibernate.type.BasicTypeRegistry - Adding type registration materialized_clob -> org.hibernate.type.BasicTypeReference@8a37c6a
2025-07-31 16:26:31.452 [main] DEBUG org.hibernate.type.BasicTypeRegistry - Adding type registration materialized_clob_char_array -> org.hibernate.type.BasicTypeReference@7c7aef90
2025-07-31 16:26:31.452 [main] DEBUG org.hibernate.type.BasicTypeRegistry - Adding type registration materialized_clob_character_array -> org.hibernate.type.BasicTypeReference@66a75eab
2025-07-31 16:26:31.452 [main] DEBUG org.hibernate.type.BasicTypeRegistry - Adding type registration materialized_nclob -> org.hibernate.type.BasicTypeReference@3f114f13
2025-07-31 16:26:31.452 [main] DEBUG org.hibernate.type.BasicTypeRegistry - Adding type registration materialized_nclob_character_array -> org.hibernate.type.BasicTypeReference@2cc224b7
2025-07-31 16:26:31.452 [main] DEBUG org.hibernate.type.BasicTypeRegistry - Adding type registration materialized_nclob_char_array -> org.hibernate.type.BasicTypeReference@76f58d0
2025-07-31 16:26:31.452 [main] DEBUG org.hibernate.type.BasicTypeRegistry - Adding type registration Duration -> org.hibernate.type.BasicTypeReference@5b610c90
2025-07-31 16:26:31.453 [main] DEBUG org.hibernate.type.BasicTypeRegistry - Adding type registration java.time.Duration -> org.hibernate.type.BasicTypeReference@5b610c90
2025-07-31 16:26:31.453 [main] DEBUG org.hibernate.type.BasicTypeRegistry - Adding type registration LocalDateTime -> org.hibernate.type.BasicTypeReference@6ebdb938
2025-07-31 16:26:31.453 [main] DEBUG org.hibernate.type.BasicTypeRegistry - Adding type registration java.time.LocalDateTime -> org.hibernate.type.BasicTypeReference@6ebdb938
2025-07-31 16:26:31.453 [main] DEBUG org.hibernate.type.BasicTypeRegistry - Adding type registration LocalDate -> org.hibernate.type.BasicTypeReference@53e7dfc4
2025-07-31 16:26:31.453 [main] DEBUG org.hibernate.type.BasicTypeRegistry - Adding type registration java.time.LocalDate -> org.hibernate.type.BasicTypeReference@53e7dfc4
2025-07-31 16:26:31.453 [main] DEBUG org.hibernate.type.BasicTypeRegistry - Adding type registration LocalTime -> org.hibernate.type.BasicTypeReference@2e33a4b0
2025-07-31 16:26:31.454 [main] DEBUG org.hibernate.type.BasicTypeRegistry - Adding type registration java.time.LocalTime -> org.hibernate.type.BasicTypeReference@2e33a4b0
2025-07-31 16:26:31.454 [main] DEBUG org.hibernate.type.BasicTypeRegistry - Adding type registration OffsetDateTime -> org.hibernate.type.BasicTypeReference@7d65286a
2025-07-31 16:26:31.454 [main] DEBUG org.hibernate.type.BasicTypeRegistry - Adding type registration java.time.OffsetDateTime -> org.hibernate.type.BasicTypeReference@7d65286a
2025-07-31 16:26:31.454 [main] DEBUG org.hibernate.type.BasicTypeRegistry - Adding type registration OffsetDateTimeWithTimezone -> org.hibernate.type.BasicTypeReference@7e122a87
2025-07-31 16:26:31.454 [main] DEBUG org.hibernate.type.BasicTypeRegistry - Adding type registration OffsetDateTimeWithoutTimezone -> org.hibernate.type.BasicTypeReference@1366c37e
2025-07-31 16:26:31.454 [main] DEBUG org.hibernate.type.BasicTypeRegistry - Adding type registration OffsetTime -> org.hibernate.type.BasicTypeReference@20c3f386
2025-07-31 16:26:31.454 [main] DEBUG org.hibernate.type.BasicTypeRegistry - Adding type registration java.time.OffsetTime -> org.hibernate.type.BasicTypeReference@20c3f386
2025-07-31 16:26:31.455 [main] DEBUG org.hibernate.type.BasicTypeRegistry - Adding type registration OffsetTimeUtc -> org.hibernate.type.BasicTypeReference@74b1b98c
2025-07-31 16:26:31.455 [main] DEBUG org.hibernate.type.BasicTypeRegistry - Adding type registration OffsetTimeWithTimezone -> org.hibernate.type.BasicTypeReference@1b18f38f
2025-07-31 16:26:31.455 [main] DEBUG org.hibernate.type.BasicTypeRegistry - Adding type registration OffsetTimeWithoutTimezone -> org.hibernate.type.BasicTypeReference@3e40bea1
2025-07-31 16:26:31.455 [main] DEBUG org.hibernate.type.BasicTypeRegistry - Adding type registration ZonedDateTime -> org.hibernate.type.BasicTypeReference@1a0252c
2025-07-31 16:26:31.455 [main] DEBUG org.hibernate.type.BasicTypeRegistry - Adding type registration java.time.ZonedDateTime -> org.hibernate.type.BasicTypeReference@1a0252c
2025-07-31 16:26:31.455 [main] DEBUG org.hibernate.type.BasicTypeRegistry - Adding type registration ZonedDateTimeWithTimezone -> org.hibernate.type.BasicTypeReference@78a4914d
2025-07-31 16:26:31.456 [main] DEBUG org.hibernate.type.BasicTypeRegistry - Adding type registration ZonedDateTimeWithoutTimezone -> org.hibernate.type.BasicTypeReference@24fc815d
2025-07-31 16:26:31.456 [main] DEBUG org.hibernate.type.BasicTypeRegistry - Adding type registration date -> org.hibernate.type.BasicTypeReference@1f7286d5
2025-07-31 16:26:31.456 [main] DEBUG org.hibernate.type.BasicTypeRegistry - Adding type registration java.sql.Date -> org.hibernate.type.BasicTypeReference@1f7286d5
2025-07-31 16:26:31.456 [main] DEBUG org.hibernate.type.BasicTypeRegistry - Adding type registration time -> org.hibernate.type.BasicTypeReference@1f7b4952
2025-07-31 16:26:31.456 [main] DEBUG org.hibernate.type.BasicTypeRegistry - Adding type registration java.sql.Time -> org.hibernate.type.BasicTypeReference@1f7b4952
2025-07-31 16:26:31.456 [main] DEBUG org.hibernate.type.BasicTypeRegistry - Adding type registration timestamp -> org.hibernate.type.BasicTypeReference@43898d09
2025-07-31 16:26:31.457 [main] DEBUG org.hibernate.type.BasicTypeRegistry - Adding type registration java.sql.Timestamp -> org.hibernate.type.BasicTypeReference@43898d09
2025-07-31 16:26:31.457 [main] DEBUG org.hibernate.type.BasicTypeRegistry - Adding type registration java.util.Date -> org.hibernate.type.BasicTypeReference@43898d09
2025-07-31 16:26:31.457 [main] DEBUG org.hibernate.type.BasicTypeRegistry - Adding type registration calendar -> org.hibernate.type.BasicTypeReference@3bf1a4c
2025-07-31 16:26:31.457 [main] DEBUG org.hibernate.type.BasicTypeRegistry - Adding type registration java.util.Calendar -> org.hibernate.type.BasicTypeReference@3bf1a4c
2025-07-31 16:26:31.457 [main] DEBUG org.hibernate.type.BasicTypeRegistry - Adding type registration java.util.GregorianCalendar -> org.hibernate.type.BasicTypeReference@3bf1a4c
2025-07-31 16:26:31.457 [main] DEBUG org.hibernate.type.BasicTypeRegistry - Adding type registration calendar_date -> org.hibernate.type.BasicTypeReference@87060c0
2025-07-31 16:26:31.457 [main] DEBUG org.hibernate.type.BasicTypeRegistry - Adding type registration calendar_time -> org.hibernate.type.BasicTypeReference@4d048945
2025-07-31 16:26:31.458 [main] DEBUG org.hibernate.type.BasicTypeRegistry - Adding type registration instant -> org.hibernate.type.BasicTypeReference@42eaa429
2025-07-31 16:26:31.458 [main] DEBUG org.hibernate.type.BasicTypeRegistry - Adding type registration java.time.Instant -> org.hibernate.type.BasicTypeReference@42eaa429
2025-07-31 16:26:31.458 [main] DEBUG org.hibernate.type.BasicTypeRegistry - Adding type registration uuid -> org.hibernate.type.BasicTypeReference@39fcbb42
2025-07-31 16:26:31.458 [main] DEBUG org.hibernate.type.BasicTypeRegistry - Adding type registration java.util.UUID -> org.hibernate.type.BasicTypeReference@39fcbb42
2025-07-31 16:26:31.458 [main] DEBUG org.hibernate.type.BasicTypeRegistry - Adding type registration pg-uuid -> org.hibernate.type.BasicTypeReference@39fcbb42
2025-07-31 16:26:31.459 [main] DEBUG org.hibernate.type.BasicTypeRegistry - Adding type registration uuid-binary -> org.hibernate.type.BasicTypeReference@3201aadd
2025-07-31 16:26:31.459 [main] DEBUG org.hibernate.type.BasicTypeRegistry - Adding type registration uuid-char -> org.hibernate.type.BasicTypeReference@5b265379
2025-07-31 16:26:31.459 [main] DEBUG org.hibernate.type.BasicTypeRegistry - Adding type registration class -> org.hibernate.type.BasicTypeReference@4cfa6fd8
2025-07-31 16:26:31.459 [main] DEBUG org.hibernate.type.BasicTypeRegistry - Adding type registration java.lang.Class -> org.hibernate.type.BasicTypeReference@4cfa6fd8
2025-07-31 16:26:31.459 [main] DEBUG org.hibernate.type.BasicTypeRegistry - Adding type registration currency -> org.hibernate.type.BasicTypeReference@1000fbae
2025-07-31 16:26:31.459 [main] DEBUG org.hibernate.type.BasicTypeRegistry - Adding type registration Currency -> org.hibernate.type.BasicTypeReference@1000fbae
2025-07-31 16:26:31.460 [main] DEBUG org.hibernate.type.BasicTypeRegistry - Adding type registration java.util.Currency -> org.hibernate.type.BasicTypeReference@1000fbae
2025-07-31 16:26:31.460 [main] DEBUG org.hibernate.type.BasicTypeRegistry - Adding type registration locale -> org.hibernate.type.BasicTypeReference@2fe8ec31
2025-07-31 16:26:31.460 [main] DEBUG org.hibernate.type.BasicTypeRegistry - Adding type registration java.util.Locale -> org.hibernate.type.BasicTypeReference@2fe8ec31
2025-07-31 16:26:31.460 [main] DEBUG org.hibernate.type.BasicTypeRegistry - Adding type registration serializable -> org.hibernate.type.BasicTypeReference@46bcdf2e
2025-07-31 16:26:31.460 [main] DEBUG org.hibernate.type.BasicTypeRegistry - Adding type registration java.io.Serializable -> org.hibernate.type.BasicTypeReference@46bcdf2e
2025-07-31 16:26:31.461 [main] DEBUG org.hibernate.type.BasicTypeRegistry - Adding type registration timezone -> org.hibernate.type.BasicTypeReference@5927fc8e
2025-07-31 16:26:31.461 [main] DEBUG org.hibernate.type.BasicTypeRegistry - Adding type registration java.util.TimeZone -> org.hibernate.type.BasicTypeReference@5927fc8e
2025-07-31 16:26:31.461 [main] DEBUG org.hibernate.type.BasicTypeRegistry - Adding type registration ZoneOffset -> org.hibernate.type.BasicTypeReference@4eeda18f
2025-07-31 16:26:31.461 [main] DEBUG org.hibernate.type.BasicTypeRegistry - Adding type registration java.time.ZoneOffset -> org.hibernate.type.BasicTypeReference@4eeda18f
2025-07-31 16:26:31.461 [main] DEBUG org.hibernate.type.BasicTypeRegistry - Adding type registration url -> org.hibernate.type.BasicTypeReference@268c4507
2025-07-31 16:26:31.462 [main] DEBUG org.hibernate.type.BasicTypeRegistry - Adding type registration java.net.URL -> org.hibernate.type.BasicTypeReference@268c4507
2025-07-31 16:26:31.462 [main] DEBUG org.hibernate.type.BasicTypeRegistry - Adding type registration vector -> org.hibernate.type.BasicTypeReference@669bb57
2025-07-31 16:26:31.462 [main] DEBUG org.hibernate.type.BasicTypeRegistry - Adding type registration float_vector -> org.hibernate.type.BasicTypeReference@60ccf498
2025-07-31 16:26:31.462 [main] DEBUG org.hibernate.type.BasicTypeRegistry - Adding type registration double_vector -> org.hibernate.type.BasicTypeReference@430ec0d7
2025-07-31 16:26:31.462 [main] DEBUG org.hibernate.type.BasicTypeRegistry - Adding type registration byte_vector -> org.hibernate.type.BasicTypeReference@76e11cc
2025-07-31 16:26:31.462 [main] DEBUG org.hibernate.type.BasicTypeRegistry - Adding type registration row_version -> org.hibernate.type.BasicTypeReference@4c96b175
2025-07-31 16:26:31.478 [main] DEBUG org.hibernate.type.BasicTypeRegistry - Adding type registration object -> org.hibernate.type.JavaObjectType@2149532d
2025-07-31 16:26:31.479 [main] DEBUG org.hibernate.type.BasicTypeRegistry - Adding type registration java.lang.Object -> org.hibernate.type.JavaObjectType@2149532d
2025-07-31 16:26:31.482 [main] DEBUG org.hibernate.type.BasicTypeRegistry - Adding type registration null -> org.hibernate.type.NullType@79658fe5
2025-07-31 16:26:31.483 [main] DEBUG org.hibernate.type.BasicTypeRegistry - Adding type registration imm_date -> org.hibernate.type.BasicTypeReference@16f108a4
2025-07-31 16:26:31.483 [main] DEBUG org.hibernate.type.BasicTypeRegistry - Adding type registration imm_time -> org.hibernate.type.BasicTypeReference@554a30fc
2025-07-31 16:26:31.483 [main] DEBUG org.hibernate.type.BasicTypeRegistry - Adding type registration imm_timestamp -> org.hibernate.type.BasicTypeReference@2e00ad90
2025-07-31 16:26:31.483 [main] DEBUG org.hibernate.type.BasicTypeRegistry - Adding type registration imm_calendar -> org.hibernate.type.BasicTypeReference@7b4f1512
2025-07-31 16:26:31.483 [main] DEBUG org.hibernate.type.BasicTypeRegistry - Adding type registration imm_calendar_date -> org.hibernate.type.BasicTypeReference@656586f7
2025-07-31 16:26:31.483 [main] DEBUG org.hibernate.type.BasicTypeRegistry - Adding type registration imm_calendar_time -> org.hibernate.type.BasicTypeReference@61ac8777
2025-07-31 16:26:31.483 [main] DEBUG org.hibernate.type.BasicTypeRegistry - Adding type registration imm_binary -> org.hibernate.type.BasicTypeReference@4aebdaff
2025-07-31 16:26:31.484 [main] DEBUG org.hibernate.type.BasicTypeRegistry - Adding type registration imm_serializable -> org.hibernate.type.BasicTypeReference@490fa135
2025-07-31 16:26:31.512 [main] DEBUG org.hibernate.boot.internal.BootstrapContextImpl - Injecting JPA temp ClassLoader [org.springframework.instrument.classloading.SimpleThrowawayClassLoader@7070ae1] into BootstrapContext; was [null]
2025-07-31 16:26:31.512 [main] DEBUG org.hibernate.boot.internal.ClassLoaderAccessImpl - ClassLoaderAccessImpl#injectTempClassLoader(org.springframework.instrument.classloading.SimpleThrowawayClassLoader@7070ae1) [was null]
2025-07-31 16:26:31.513 [main] DEBUG org.hibernate.boot.internal.BootstrapContextImpl - Injecting ScanEnvironment [org.hibernate.jpa.boot.internal.StandardJpaScanEnvironmentImpl@3abe3f9a] into BootstrapContext; was [null]
2025-07-31 16:26:31.514 [main] DEBUG org.hibernate.boot.internal.BootstrapContextImpl - Injecting ScanOptions [org.hibernate.boot.archive.scan.internal.StandardScanOptions@7b338d46] into BootstrapContext; was [org.hibernate.boot.archive.scan.internal.StandardScanOptions@19fc48a0]
2025-07-31 16:26:31.625 [main] DEBUG org.hibernate.jpa.boot.internal.PersistenceUnitInfoDescriptor - Pushing class transformers for PU named 'default' on loading classloader jdk.internal.loader.ClassLoaders$AppClassLoader@30946e09
2025-07-31 16:26:31.724 [main] INFO  org.springframework.orm.jpa.persistenceunit.SpringPersistenceUnitInfo - No LoadTimeWeaver setup: ignoring JPA class transformer
2025-07-31 16:26:31.725 [main] DEBUG org.hibernate.boot.internal.BootstrapContextImpl - Injecting JPA temp ClassLoader [null] into BootstrapContext; was [org.springframework.instrument.classloading.SimpleThrowawayClassLoader@7070ae1]
2025-07-31 16:26:31.725 [main] DEBUG org.hibernate.boot.internal.ClassLoaderAccessImpl - ClassLoaderAccessImpl#injectTempClassLoader(null) [was org.springframework.instrument.classloading.SimpleThrowawayClassLoader@7070ae1]
2025-07-31 16:26:31.852 [main] DEBUG org.hibernate.engine.jdbc.env.internal.JdbcEnvironmentInitiator - Database ->
	   name : H2
	version : 2.3.232 (2024-08-11)
	  major : 2
	  minor : 3
2025-07-31 16:26:31.853 [main] DEBUG org.hibernate.engine.jdbc.env.internal.JdbcEnvironmentInitiator - Driver ->
	   name : H2 JDBC Driver
	version : 2.3.232 (2024-08-11)
	  major : 2
	  minor : 3
2025-07-31 16:26:31.853 [main] DEBUG org.hibernate.engine.jdbc.env.internal.JdbcEnvironmentInitiator - JDBC version : 4.3
2025-07-31 16:26:31.909 [main] WARN  org.hibernate.dialect.Dialect - HHH000511: The 2.3.232 version for [org.hibernate.dialect.PostgreSQLDialect] is no longer supported, hence certain features may not work properly. The minimum supported version is 12.0.0. Check the community dialects project for available legacy versions.
2025-07-31 16:26:31.928 [main] WARN  org.hibernate.orm.deprecation - HHH90000025: PostgreSQLDialect does not need to be specified explicitly using 'hibernate.dialect' (remove the property setting and it will be selected by default)
2025-07-31 16:26:31.932 [main] DEBUG org.hibernate.orm.dialect - HHH035001: Using dialect: org.hibernate.dialect.PostgreSQLDialect, version: 2.3.232
2025-07-31 16:26:31.943 [main] DEBUG org.hibernate.engine.jdbc.env.spi.IdentifierHelperBuilder - JDBC driver metadata reported database stores quoted identifiers in neither upper, lower nor mixed case
2025-07-31 16:26:31.967 [main] DEBUG org.hibernate.orm.jdbc.lob - HHH10010004: Disabling contextual LOB creation as Dialect reported it is not supported
2025-07-31 16:26:31.981 [main] INFO  org.hibernate.orm.connections.pooling - HHH10001005: Database info:
	Database JDBC URL [Connecting through datasource 'HikariDataSource (HikariPool-1)']
	Database driver: undefined/unknown
	Database version: 2.3.232
	Autocommit mode: undefined/unknown
	Isolation level: undefined/unknown
	Minimum pool size: undefined/unknown
	Maximum pool size: undefined/unknown
2025-07-31 16:26:32.003 [main] DEBUG org.hibernate.type.descriptor.sql.spi.DdlTypeRegistry - addDescriptor(2003, org.hibernate.type.descriptor.sql.internal.ArrayDdlTypeImpl@40052266) replaced previous registration(org.hibernate.type.descriptor.sql.internal.ArrayDdlTypeImpl@5a7810e1)
2025-07-31 16:26:32.003 [main] DEBUG org.hibernate.type.descriptor.sql.spi.DdlTypeRegistry - addDescriptor(6, org.hibernate.type.descriptor.sql.internal.CapacityDependentDdlType@29dfc14a) replaced previous registration(org.hibernate.type.descriptor.sql.internal.DdlTypeImpl@7c09fdb8)
2025-07-31 16:26:32.011 [main] DEBUG org.hibernate.type.descriptor.jdbc.spi.JdbcTypeRegistry - addDescriptor(2004, BlobTypeDescriptor(BLOB_BINDING)) replaced previous registration(BlobTypeDescriptor(DEFAULT))
2025-07-31 16:26:32.012 [main] DEBUG org.hibernate.type.descriptor.jdbc.spi.JdbcTypeRegistry - addDescriptor(2005, ClobTypeDescriptor(CLOB_BINDING)) replaced previous registration(ClobTypeDescriptor(DEFAULT))
2025-07-31 16:26:32.029 [main] DEBUG org.hibernate.type.BasicTypeRegistry - Adding type registration JAVA_OBJECT -> org.hibernate.type.JavaObjectType@4aab04cf
2025-07-31 16:26:32.029 [main] DEBUG org.hibernate.type.BasicTypeRegistry - Adding type registration java.lang.Object -> org.hibernate.type.JavaObjectType@4aab04cf
2025-07-31 16:26:32.030 [main] DEBUG org.hibernate.type.BasicTypeRegistry - Type registration key [java.lang.Object] overrode previous entry : `org.hibernate.type.JavaObjectType@2149532d`
2025-07-31 16:26:32.046 [main] DEBUG org.hibernate.type.BasicTypeRegistry - Adding type registration org.hibernate.type.DurationType -> basicType@1(java.time.Duration,3015)
2025-07-31 16:26:32.046 [main] DEBUG org.hibernate.type.BasicTypeRegistry - Adding type registration Duration -> basicType@1(java.time.Duration,3015)
2025-07-31 16:26:32.046 [main] DEBUG org.hibernate.type.BasicTypeRegistry - Adding type registration java.time.Duration -> basicType@1(java.time.Duration,3015)
2025-07-31 16:26:32.058 [main] DEBUG org.hibernate.type.BasicTypeRegistry - Adding type registration org.hibernate.type.OffsetDateTimeType -> basicType@2(java.time.OffsetDateTime,3003)
2025-07-31 16:26:32.058 [main] DEBUG org.hibernate.type.BasicTypeRegistry - Adding type registration OffsetDateTime -> basicType@2(java.time.OffsetDateTime,3003)
2025-07-31 16:26:32.058 [main] DEBUG org.hibernate.type.BasicTypeRegistry - Adding type registration java.time.OffsetDateTime -> basicType@2(java.time.OffsetDateTime,3003)
2025-07-31 16:26:32.058 [main] DEBUG org.hibernate.type.BasicTypeRegistry - Adding type registration org.hibernate.type.ZonedDateTimeType -> basicType@3(java.time.ZonedDateTime,3003)
2025-07-31 16:26:32.059 [main] DEBUG org.hibernate.type.BasicTypeRegistry - Adding type registration ZonedDateTime -> basicType@3(java.time.ZonedDateTime,3003)
2025-07-31 16:26:32.059 [main] DEBUG org.hibernate.type.BasicTypeRegistry - Adding type registration java.time.ZonedDateTime -> basicType@3(java.time.ZonedDateTime,3003)
2025-07-31 16:26:32.061 [main] DEBUG org.hibernate.type.BasicTypeRegistry - Adding type registration org.hibernate.type.OffsetTimeType -> basicType@4(java.time.OffsetTime,3007)
2025-07-31 16:26:32.061 [main] DEBUG org.hibernate.type.BasicTypeRegistry - Adding type registration OffsetTime -> basicType@4(java.time.OffsetTime,3007)
2025-07-31 16:26:32.062 [main] DEBUG org.hibernate.type.BasicTypeRegistry - Adding type registration java.time.OffsetTime -> basicType@4(java.time.OffsetTime,3007)
2025-07-31 16:26:32.065 [main] DEBUG org.hibernate.type.spi.TypeConfiguration$Scope - Scoping TypeConfiguration [org.hibernate.type.spi.TypeConfiguration@70a416c] to MetadataBuildingContext [org.hibernate.boot.internal.MetadataBuildingContextRootImpl@652f3a8c]
2025-07-31 16:26:32.193 [main] DEBUG org.hibernate.boot.model.relational.Namespace - Created database namespace [logicalName=Name{catalog=null, schema=null}, physicalName=Name{catalog=null, schema=null}]
2025-07-31 16:26:32.210 [main] DEBUG org.hibernate.boot.model.source.internal.annotations.AnnotationMetadataSourceProcessorImpl - Skipping explicit MappedSuperclass com.example.trainup.model.user.BaseUser, the class will be discovered analyzing the implementing class
2025-07-31 16:26:32.275 [main] DEBUG org.hibernate.boot.model.internal.EntityBinder - Binding entity from annotated class: com.example.trainup.model.Address
2025-07-31 16:26:32.304 [main] DEBUG org.hibernate.boot.model.internal.EntityBinder - Import with entity name Address
2025-07-31 16:26:32.325 [main] DEBUG org.hibernate.boot.model.internal.EntityBinder - Bind entity com.example.trainup.model.Address on table addresses
2025-07-31 16:26:32.369 [main] DEBUG org.hibernate.boot.model.internal.AnnotatedColumn - Binding column: AnnotatedDiscriminatorColumn(column='DTYPE')
2025-07-31 16:26:32.436 [main] DEBUG org.hibernate.boot.model.internal.AnnotatedColumn - Binding column: AnnotatedColumn()
2025-07-31 16:26:32.440 [main] DEBUG org.hibernate.boot.internal.ClassLoaderAccessImpl - Not known whether passed class name [com.example.trainup.model.Address] is safe
2025-07-31 16:26:32.440 [main] DEBUG org.hibernate.boot.internal.ClassLoaderAccessImpl - No temp ClassLoader provided; using live ClassLoader for loading potentially unsafe class : com.example.trainup.model.Address
2025-07-31 16:26:32.449 [main] DEBUG org.hibernate.boot.model.internal.PropertyBinder - MetadataSourceProcessor property id with lazy=false
2025-07-31 16:26:32.461 [main] DEBUG org.hibernate.boot.model.internal.AbstractPropertyHolder - Attempting to locate auto-apply AttributeConverter for property [com.example.trainup.model.Address:id]
2025-07-31 16:26:32.473 [main] DEBUG org.hibernate.boot.model.internal.BasicValueBinder - building BasicValue for id
2025-07-31 16:26:32.489 [main] DEBUG org.hibernate.mapping.BasicValue - Skipping column re-registration: addresses.id
2025-07-31 16:26:32.493 [main] DEBUG org.hibernate.boot.model.internal.PropertyBinder - Building property id
2025-07-31 16:26:32.511 [main] DEBUG org.hibernate.boot.model.internal.BinderHelper - #makeIdGenerator(BasicValue([Column(id)]), id, identity, , ...)
2025-07-31 16:26:32.514 [main] DEBUG org.hibernate.boot.model.internal.AnnotatedColumn - Binding column: AnnotatedColumn()
2025-07-31 16:26:32.514 [main] DEBUG org.hibernate.boot.model.internal.PropertyBinder - MetadataSourceProcessor property city with lazy=false
2025-07-31 16:26:32.514 [main] DEBUG org.hibernate.boot.model.internal.AbstractPropertyHolder - Attempting to locate auto-apply AttributeConverter for property [com.example.trainup.model.Address:city]
2025-07-31 16:26:32.514 [main] DEBUG org.hibernate.boot.model.internal.BasicValueBinder - building BasicValue for city
2025-07-31 16:26:32.514 [main] DEBUG org.hibernate.mapping.BasicValue - Skipping column re-registration: addresses.city
2025-07-31 16:26:32.515 [main] DEBUG org.hibernate.boot.model.internal.PropertyBinder - Building property city
2025-07-31 16:26:32.515 [main] DEBUG org.hibernate.boot.model.internal.AnnotatedColumn - Binding column: AnnotatedColumn()
2025-07-31 16:26:32.515 [main] DEBUG org.hibernate.boot.model.internal.PropertyBinder - MetadataSourceProcessor property cityDistrict with lazy=false
2025-07-31 16:26:32.515 [main] DEBUG org.hibernate.boot.model.internal.AbstractPropertyHolder - Attempting to locate auto-apply AttributeConverter for property [com.example.trainup.model.Address:cityDistrict]
2025-07-31 16:26:32.516 [main] DEBUG org.hibernate.boot.model.internal.BasicValueBinder - building BasicValue for cityDistrict
2025-07-31 16:26:32.516 [main] DEBUG org.hibernate.mapping.BasicValue - Skipping column re-registration: addresses.city_district
2025-07-31 16:26:32.516 [main] DEBUG org.hibernate.boot.model.internal.PropertyBinder - Building property cityDistrict
2025-07-31 16:26:32.516 [main] DEBUG org.hibernate.boot.model.internal.AnnotatedColumn - Binding column: AnnotatedColumn()
2025-07-31 16:26:32.516 [main] DEBUG org.hibernate.boot.model.internal.PropertyBinder - MetadataSourceProcessor property country with lazy=false
2025-07-31 16:26:32.516 [main] DEBUG org.hibernate.boot.model.internal.AbstractPropertyHolder - Attempting to locate auto-apply AttributeConverter for property [com.example.trainup.model.Address:country]
2025-07-31 16:26:32.517 [main] DEBUG org.hibernate.boot.model.internal.BasicValueBinder - building BasicValue for country
2025-07-31 16:26:32.517 [main] DEBUG org.hibernate.mapping.BasicValue - Skipping column re-registration: addresses.country
2025-07-31 16:26:32.517 [main] DEBUG org.hibernate.boot.model.internal.PropertyBinder - Building property country
2025-07-31 16:26:32.525 [main] DEBUG org.hibernate.boot.model.internal.AnnotatedColumn - Binding column: AnnotatedJoinColumn()
2025-07-31 16:26:32.526 [main] DEBUG org.hibernate.boot.model.internal.AnnotatedColumn - Binding column: AnnotatedColumn()
2025-07-31 16:26:32.537 [main] DEBUG org.hibernate.boot.model.internal.AnnotatedColumn - Binding column: AnnotatedColumn()
2025-07-31 16:26:32.538 [main] DEBUG org.hibernate.boot.model.internal.PropertyBinder - MetadataSourceProcessor property house with lazy=false
2025-07-31 16:26:32.538 [main] DEBUG org.hibernate.boot.model.internal.AbstractPropertyHolder - Attempting to locate auto-apply AttributeConverter for property [com.example.trainup.model.Address:house]
2025-07-31 16:26:32.538 [main] DEBUG org.hibernate.boot.model.internal.BasicValueBinder - building BasicValue for house
2025-07-31 16:26:32.538 [main] DEBUG org.hibernate.mapping.BasicValue - Skipping column re-registration: addresses.house
2025-07-31 16:26:32.538 [main] DEBUG org.hibernate.boot.model.internal.PropertyBinder - Building property house
2025-07-31 16:26:32.539 [main] DEBUG org.hibernate.boot.model.internal.AnnotatedColumn - Binding column: AnnotatedColumn()
2025-07-31 16:26:32.539 [main] DEBUG org.hibernate.boot.model.internal.PropertyBinder - MetadataSourceProcessor property isDeleted with lazy=false
2025-07-31 16:26:32.539 [main] DEBUG org.hibernate.boot.model.internal.AbstractPropertyHolder - Attempting to locate auto-apply AttributeConverter for property [com.example.trainup.model.Address:isDeleted]
2025-07-31 16:26:32.539 [main] DEBUG org.hibernate.boot.model.internal.BasicValueBinder - building BasicValue for isDeleted
2025-07-31 16:26:32.539 [main] DEBUG org.hibernate.mapping.BasicValue - Skipping column re-registration: addresses.is_deleted
2025-07-31 16:26:32.539 [main] DEBUG org.hibernate.boot.model.internal.PropertyBinder - Building property isDeleted
2025-07-31 16:26:32.540 [main] DEBUG org.hibernate.boot.model.internal.AnnotatedColumn - Binding column: AnnotatedColumn()
2025-07-31 16:26:32.540 [main] DEBUG org.hibernate.boot.model.internal.PropertyBinder - MetadataSourceProcessor property street with lazy=false
2025-07-31 16:26:32.540 [main] DEBUG org.hibernate.boot.model.internal.AbstractPropertyHolder - Attempting to locate auto-apply AttributeConverter for property [com.example.trainup.model.Address:street]
2025-07-31 16:26:32.540 [main] DEBUG org.hibernate.boot.model.internal.BasicValueBinder - building BasicValue for street
2025-07-31 16:26:32.540 [main] DEBUG org.hibernate.mapping.BasicValue - Skipping column re-registration: addresses.street
2025-07-31 16:26:32.540 [main] DEBUG org.hibernate.boot.model.internal.PropertyBinder - Building property street
2025-07-31 16:26:32.541 [main] DEBUG org.hibernate.boot.model.internal.AnnotatedColumn - Binding column: AnnotatedJoinColumn()
2025-07-31 16:26:32.541 [main] DEBUG org.hibernate.boot.model.internal.AnnotatedColumn - Binding column: AnnotatedColumn()
2025-07-31 16:26:32.579 [main] DEBUG org.hibernate.boot.model.internal.AnnotatedColumn - Binding column: IndexColumn(column='trainers_ORDER')
2025-07-31 16:26:32.587 [main] DEBUG org.hibernate.boot.model.internal.AnnotatedColumn - Binding column: AnnotatedColumn()
2025-07-31 16:26:32.588 [main] DEBUG org.hibernate.boot.model.internal.AnnotatedColumn - Binding column: AnnotatedColumn(column='trainers_KEY')
2025-07-31 16:26:32.590 [main] DEBUG org.hibernate.boot.model.internal.AnnotatedColumn - Binding column: AnnotatedJoinColumn(column='trainers_KEY')
2025-07-31 16:26:32.592 [main] DEBUG org.hibernate.boot.model.internal.AnnotatedColumn - Binding column: AnnotatedJoinColumn()
2025-07-31 16:26:32.592 [main] DEBUG org.hibernate.boot.model.internal.AnnotatedColumn - Binding column: AnnotatedJoinColumn()
2025-07-31 16:26:32.601 [main] DEBUG org.hibernate.boot.model.internal.CollectionBinder - Collection role: com.example.trainup.model.Address.trainers
2025-07-31 16:26:32.608 [main] DEBUG org.hibernate.boot.model.internal.PropertyBinder - Building property trainers
2025-07-31 16:26:32.620 [main] DEBUG org.hibernate.boot.registry.classloading.internal.ClassLoaderServiceImpl - HHH000194: Package not found or no package-info.java: com.example.trainup.model
2025-07-31 16:26:32.640 [main] DEBUG org.hibernate.boot.model.internal.EntityBinder - Binding entity from annotated class: com.example.trainup.model.Event
2025-07-31 16:26:32.640 [main] DEBUG org.hibernate.boot.model.internal.EntityBinder - Import with entity name Event
2025-07-31 16:26:32.640 [main] DEBUG org.hibernate.boot.model.internal.EntityBinder - Bind entity com.example.trainup.model.Event on table events
2025-07-31 16:26:32.641 [main] DEBUG org.hibernate.boot.model.internal.AnnotatedColumn - Binding column: AnnotatedDiscriminatorColumn(column='DTYPE')
2025-07-31 16:26:32.645 [main] DEBUG org.hibernate.boot.model.internal.AnnotatedColumn - Binding column: AnnotatedColumn()
2025-07-31 16:26:32.646 [main] DEBUG org.hibernate.boot.internal.ClassLoaderAccessImpl - Not known whether passed class name [com.example.trainup.model.Event] is safe
2025-07-31 16:26:32.646 [main] DEBUG org.hibernate.boot.internal.ClassLoaderAccessImpl - No temp ClassLoader provided; using live ClassLoader for loading potentially unsafe class : com.example.trainup.model.Event
2025-07-31 16:26:32.646 [main] DEBUG org.hibernate.boot.model.internal.PropertyBinder - MetadataSourceProcessor property id with lazy=false
2025-07-31 16:26:32.646 [main] DEBUG org.hibernate.boot.model.internal.AbstractPropertyHolder - Attempting to locate auto-apply AttributeConverter for property [com.example.trainup.model.Event:id]
2025-07-31 16:26:32.646 [main] DEBUG org.hibernate.boot.model.internal.BasicValueBinder - building BasicValue for id
2025-07-31 16:26:32.647 [main] DEBUG org.hibernate.mapping.BasicValue - Skipping column re-registration: events.id
2025-07-31 16:26:32.647 [main] DEBUG org.hibernate.boot.model.internal.PropertyBinder - Building property id
2025-07-31 16:26:32.647 [main] DEBUG org.hibernate.boot.model.internal.BinderHelper - #makeIdGenerator(BasicValue([Column(id)]), id, identity, , ...)
2025-07-31 16:26:32.647 [main] DEBUG org.hibernate.boot.model.internal.AnnotatedColumn - Binding column: AnnotatedColumn()
2025-07-31 16:26:32.648 [main] DEBUG org.hibernate.boot.model.internal.PropertyBinder - MetadataSourceProcessor property dateTime with lazy=false
2025-07-31 16:26:32.648 [main] DEBUG org.hibernate.boot.model.internal.AbstractPropertyHolder - Attempting to locate auto-apply AttributeConverter for property [com.example.trainup.model.Event:dateTime]
2025-07-31 16:26:32.648 [main] DEBUG org.hibernate.boot.model.internal.BasicValueBinder - building BasicValue for dateTime
2025-07-31 16:26:32.648 [main] DEBUG org.hibernate.mapping.BasicValue - Skipping column re-registration: events.date_time
2025-07-31 16:26:32.648 [main] DEBUG org.hibernate.boot.model.internal.PropertyBinder - Building property dateTime
2025-07-31 16:26:32.649 [main] DEBUG org.hibernate.boot.model.internal.AnnotatedColumn - Binding column: AnnotatedColumn()
2025-07-31 16:26:32.649 [main] DEBUG org.hibernate.boot.model.internal.PropertyBinder - MetadataSourceProcessor property description with lazy=false
2025-07-31 16:26:32.649 [main] DEBUG org.hibernate.boot.model.internal.AbstractPropertyHolder - Attempting to locate auto-apply AttributeConverter for property [com.example.trainup.model.Event:description]
2025-07-31 16:26:32.649 [main] DEBUG org.hibernate.boot.model.internal.BasicValueBinder - building BasicValue for description
2025-07-31 16:26:32.649 [main] DEBUG org.hibernate.mapping.BasicValue - Skipping column re-registration: events.description
2025-07-31 16:26:32.650 [main] DEBUG org.hibernate.boot.model.internal.PropertyBinder - Building property description
2025-07-31 16:26:32.650 [main] DEBUG org.hibernate.boot.model.internal.AnnotatedColumn - Binding column: AnnotatedJoinColumn(column='gym_id')
2025-07-31 16:26:32.650 [main] DEBUG org.hibernate.boot.model.internal.AnnotatedColumn - Binding column: AnnotatedColumn()
2025-07-31 16:26:32.654 [main] DEBUG org.hibernate.boot.model.internal.PropertyBinder - Building property gym
2025-07-31 16:26:32.654 [main] DEBUG org.hibernate.boot.model.internal.AnnotatedColumn - Binding column: AnnotatedColumn()
2025-07-31 16:26:32.654 [main] DEBUG org.hibernate.boot.model.internal.PropertyBinder - MetadataSourceProcessor property name with lazy=false
2025-07-31 16:26:32.655 [main] DEBUG org.hibernate.boot.model.internal.AbstractPropertyHolder - Attempting to locate auto-apply AttributeConverter for property [com.example.trainup.model.Event:name]
2025-07-31 16:26:32.655 [main] DEBUG org.hibernate.boot.model.internal.BasicValueBinder - building BasicValue for name
2025-07-31 16:26:32.655 [main] DEBUG org.hibernate.mapping.BasicValue - Skipping column re-registration: events.name
2025-07-31 16:26:32.655 [main] DEBUG org.hibernate.boot.model.internal.PropertyBinder - Building property name
2025-07-31 16:26:32.655 [main] DEBUG org.hibernate.boot.model.internal.AnnotatedColumn - Binding column: AnnotatedJoinColumn(column='sport_id')
2025-07-31 16:26:32.656 [main] DEBUG org.hibernate.boot.model.internal.AnnotatedColumn - Binding column: AnnotatedColumn()
2025-07-31 16:26:32.656 [main] DEBUG org.hibernate.boot.model.internal.PropertyBinder - Building property sport
2025-07-31 16:26:32.656 [main] DEBUG org.hibernate.boot.model.internal.AnnotatedColumn - Binding column: AnnotatedJoinColumn(column='trainer_id')
2025-07-31 16:26:32.657 [main] DEBUG org.hibernate.boot.model.internal.AnnotatedColumn - Binding column: AnnotatedColumn()
2025-07-31 16:26:32.657 [main] DEBUG org.hibernate.boot.model.internal.PropertyBinder - Building property trainer
2025-07-31 16:26:32.668 [main] DEBUG org.hibernate.boot.registry.classloading.internal.ClassLoaderServiceImpl - HHH000194: Package not found or no package-info.java: com.example.trainup.model
2025-07-31 16:26:32.668 [main] DEBUG org.hibernate.boot.model.internal.EntityBinder - Binding entity from annotated class: com.example.trainup.model.Gym
2025-07-31 16:26:32.669 [main] DEBUG org.hibernate.boot.model.internal.EntityBinder - Import with entity name Gym
2025-07-31 16:26:32.669 [main] DEBUG org.hibernate.boot.model.internal.EntityBinder - Bind entity com.example.trainup.model.Gym on table gyms
2025-07-31 16:26:32.669 [main] DEBUG org.hibernate.boot.model.internal.AnnotatedColumn - Binding column: AnnotatedDiscriminatorColumn(column='DTYPE')
2025-07-31 16:26:32.675 [main] DEBUG org.hibernate.boot.model.internal.AnnotatedColumn - Binding column: AnnotatedColumn()
2025-07-31 16:26:32.676 [main] DEBUG org.hibernate.boot.internal.ClassLoaderAccessImpl - Not known whether passed class name [com.example.trainup.model.Gym] is safe
2025-07-31 16:26:32.676 [main] DEBUG org.hibernate.boot.internal.ClassLoaderAccessImpl - No temp ClassLoader provided; using live ClassLoader for loading potentially unsafe class : com.example.trainup.model.Gym
2025-07-31 16:26:32.676 [main] DEBUG org.hibernate.boot.model.internal.PropertyBinder - MetadataSourceProcessor property id with lazy=false
2025-07-31 16:26:32.677 [main] DEBUG org.hibernate.boot.model.internal.AbstractPropertyHolder - Attempting to locate auto-apply AttributeConverter for property [com.example.trainup.model.Gym:id]
2025-07-31 16:26:32.677 [main] DEBUG org.hibernate.boot.model.internal.BasicValueBinder - building BasicValue for id
2025-07-31 16:26:32.677 [main] DEBUG org.hibernate.mapping.BasicValue - Skipping column re-registration: gyms.id
2025-07-31 16:26:32.678 [main] DEBUG org.hibernate.boot.model.internal.PropertyBinder - Building property id
2025-07-31 16:26:32.678 [main] DEBUG org.hibernate.boot.model.internal.BinderHelper - #makeIdGenerator(BasicValue([Column(id)]), id, identity, , ...)
2025-07-31 16:26:32.678 [main] DEBUG org.hibernate.boot.model.internal.AnnotatedColumn - Binding column: AnnotatedColumn()
2025-07-31 16:26:32.678 [main] DEBUG org.hibernate.boot.model.internal.PropertyBinder - MetadataSourceProcessor property description with lazy=false
2025-07-31 16:26:32.679 [main] DEBUG org.hibernate.boot.model.internal.AbstractPropertyHolder - Attempting to locate auto-apply AttributeConverter for property [com.example.trainup.model.Gym:description]
2025-07-31 16:26:32.679 [main] DEBUG org.hibernate.boot.model.internal.BasicValueBinder - building BasicValue for description
2025-07-31 16:26:32.679 [main] DEBUG org.hibernate.mapping.BasicValue - Skipping column re-registration: gyms.description
2025-07-31 16:26:32.679 [main] DEBUG org.hibernate.boot.model.internal.PropertyBinder - Building property description
2025-07-31 16:26:32.680 [main] DEBUG org.hibernate.boot.model.internal.AnnotatedColumn - Binding column: AnnotatedJoinColumn(column='gym_owner_id')
2025-07-31 16:26:32.680 [main] DEBUG org.hibernate.boot.model.internal.AnnotatedColumn - Binding column: AnnotatedColumn()
2025-07-31 16:26:32.680 [main] DEBUG org.hibernate.boot.model.internal.PropertyBinder - Building property gymOwner
2025-07-31 16:26:32.681 [main] DEBUG org.hibernate.boot.model.internal.AnnotatedColumn - Binding column: AnnotatedColumn()
2025-07-31 16:26:32.681 [main] DEBUG org.hibernate.boot.model.internal.PropertyBinder - MetadataSourceProcessor property isDeleted with lazy=false
2025-07-31 16:26:32.681 [main] DEBUG org.hibernate.boot.model.internal.AbstractPropertyHolder - Attempting to locate auto-apply AttributeConverter for property [com.example.trainup.model.Gym:isDeleted]
2025-07-31 16:26:32.681 [main] DEBUG org.hibernate.boot.model.internal.BasicValueBinder - building BasicValue for isDeleted
2025-07-31 16:26:32.681 [main] DEBUG org.hibernate.mapping.BasicValue - Skipping column re-registration: gyms.is_deleted
2025-07-31 16:26:32.682 [main] DEBUG org.hibernate.boot.model.internal.PropertyBinder - Building property isDeleted
2025-07-31 16:26:32.686 [main] DEBUG org.hibernate.boot.model.internal.AnnotatedColumn - Binding column: AnnotatedJoinColumn(column='address_id')
2025-07-31 16:26:32.686 [main] DEBUG org.hibernate.boot.model.internal.AnnotatedColumn - Binding column: AnnotatedColumn()
2025-07-31 16:26:32.687 [main] DEBUG org.hibernate.boot.model.internal.PropertyBinder - Building property location
2025-07-31 16:26:32.687 [main] DEBUG org.hibernate.boot.model.internal.AnnotatedColumn - Binding column: AnnotatedColumn()
2025-07-31 16:26:32.687 [main] DEBUG org.hibernate.boot.model.internal.PropertyBinder - MetadataSourceProcessor property name with lazy=false
2025-07-31 16:26:32.687 [main] DEBUG org.hibernate.boot.model.internal.AbstractPropertyHolder - Attempting to locate auto-apply AttributeConverter for property [com.example.trainup.model.Gym:name]
2025-07-31 16:26:32.687 [main] DEBUG org.hibernate.boot.model.internal.BasicValueBinder - building BasicValue for name
2025-07-31 16:26:32.688 [main] DEBUG org.hibernate.mapping.BasicValue - Skipping column re-registration: gyms.name
2025-07-31 16:26:32.688 [main] DEBUG org.hibernate.boot.model.internal.PropertyBinder - Building property name
2025-07-31 16:26:32.688 [main] DEBUG org.hibernate.boot.model.internal.AnnotatedColumn - Binding column: AnnotatedColumn()
2025-07-31 16:26:32.688 [main] DEBUG org.hibernate.boot.model.internal.PropertyBinder - MetadataSourceProcessor property numberOfReviews with lazy=false
2025-07-31 16:26:32.689 [main] DEBUG org.hibernate.boot.model.internal.AbstractPropertyHolder - Attempting to locate auto-apply AttributeConverter for property [com.example.trainup.model.Gym:numberOfReviews]
2025-07-31 16:26:32.689 [main] DEBUG org.hibernate.boot.model.internal.BasicValueBinder - building BasicValue for numberOfReviews
2025-07-31 16:26:32.689 [main] DEBUG org.hibernate.mapping.BasicValue - Skipping column re-registration: gyms.number_of_reviews
2025-07-31 16:26:32.689 [main] DEBUG org.hibernate.boot.model.internal.PropertyBinder - Building property numberOfReviews
2025-07-31 16:26:32.689 [main] DEBUG org.hibernate.boot.model.internal.AnnotatedColumn - Binding column: AnnotatedColumn()
2025-07-31 16:26:32.690 [main] DEBUG org.hibernate.boot.model.internal.PropertyBinder - MetadataSourceProcessor property overallRating with lazy=false
2025-07-31 16:26:32.690 [main] DEBUG org.hibernate.boot.model.internal.AbstractPropertyHolder - Attempting to locate auto-apply AttributeConverter for property [com.example.trainup.model.Gym:overallRating]
2025-07-31 16:26:32.690 [main] DEBUG org.hibernate.boot.model.internal.BasicValueBinder - building BasicValue for overallRating
2025-07-31 16:26:32.690 [main] DEBUG org.hibernate.mapping.BasicValue - Skipping column re-registration: gyms.overall_rating
2025-07-31 16:26:32.690 [main] DEBUG org.hibernate.boot.model.internal.PropertyBinder - Building property overallRating
2025-07-31 16:26:32.691 [main] DEBUG org.hibernate.boot.model.internal.AnnotatedColumn - Binding column: AnnotatedColumn(column='phone_numbers')
2025-07-31 16:26:32.691 [main] DEBUG org.hibernate.boot.model.internal.AnnotatedColumn - Binding column: AnnotatedJoinColumn()
2025-07-31 16:26:32.692 [main] DEBUG org.hibernate.boot.model.internal.AnnotatedColumn - Binding column: IndexColumn(column='phoneNumbers_ORDER')
2025-07-31 16:26:32.692 [main] DEBUG org.hibernate.boot.model.internal.AnnotatedColumn - Binding column: AnnotatedColumn(column='phone_numbers')
2025-07-31 16:26:32.692 [main] DEBUG org.hibernate.boot.model.internal.AnnotatedColumn - Binding column: AnnotatedColumn(column='phoneNumbers_KEY')
2025-07-31 16:26:32.693 [main] DEBUG org.hibernate.boot.model.internal.AnnotatedColumn - Binding column: AnnotatedJoinColumn(column='phoneNumbers_KEY')
2025-07-31 16:26:32.693 [main] DEBUG org.hibernate.boot.model.internal.AnnotatedColumn - Binding column: AnnotatedJoinColumn(column='gym_id')
2025-07-31 16:26:32.693 [main] DEBUG org.hibernate.boot.model.internal.AnnotatedColumn - Binding column: AnnotatedJoinColumn()
2025-07-31 16:26:32.693 [main] DEBUG org.hibernate.boot.model.internal.CollectionBinder - Collection role: com.example.trainup.model.Gym.phoneNumbers
2025-07-31 16:26:32.694 [main] DEBUG org.hibernate.boot.model.internal.PropertyBinder - Building property phoneNumbers
2025-07-31 16:26:32.694 [main] DEBUG org.hibernate.boot.model.internal.AnnotatedColumn - Binding column: AnnotatedJoinColumn()
2025-07-31 16:26:32.694 [main] DEBUG org.hibernate.boot.model.internal.AnnotatedColumn - Binding column: AnnotatedColumn()
2025-07-31 16:26:32.695 [main] DEBUG org.hibernate.boot.model.internal.AnnotatedColumn - Binding column: IndexColumn(column='photos_ORDER')
2025-07-31 16:26:32.695 [main] DEBUG org.hibernate.boot.model.internal.AnnotatedColumn - Binding column: AnnotatedColumn()
2025-07-31 16:26:32.695 [main] DEBUG org.hibernate.boot.model.internal.AnnotatedColumn - Binding column: AnnotatedColumn(column='photos_KEY')
2025-07-31 16:26:32.695 [main] DEBUG org.hibernate.boot.model.internal.AnnotatedColumn - Binding column: AnnotatedJoinColumn(column='photos_KEY')
2025-07-31 16:26:32.695 [main] DEBUG org.hibernate.boot.model.internal.AnnotatedColumn - Binding column: AnnotatedJoinColumn()
2025-07-31 16:26:32.696 [main] DEBUG org.hibernate.boot.model.internal.AnnotatedColumn - Binding column: AnnotatedJoinColumn()
2025-07-31 16:26:32.696 [main] DEBUG org.hibernate.boot.model.internal.CollectionBinder - Collection role: com.example.trainup.model.Gym.photos
2025-07-31 16:26:32.696 [main] DEBUG org.hibernate.boot.model.internal.PropertyBinder - Building property photos
2025-07-31 16:26:32.696 [main] DEBUG org.hibernate.boot.model.internal.AnnotatedColumn - Binding column: AnnotatedJoinColumn()
2025-07-31 16:26:32.696 [main] DEBUG org.hibernate.boot.model.internal.AnnotatedColumn - Binding column: AnnotatedColumn()
2025-07-31 16:26:32.701 [main] DEBUG org.hibernate.boot.model.internal.AnnotatedColumn - Binding column: IndexColumn(column='reviews_ORDER')
2025-07-31 16:26:32.701 [main] DEBUG org.hibernate.boot.model.internal.AnnotatedColumn - Binding column: AnnotatedColumn()
2025-07-31 16:26:32.701 [main] DEBUG org.hibernate.boot.model.internal.AnnotatedColumn - Binding column: AnnotatedColumn(column='reviews_KEY')
2025-07-31 16:26:32.702 [main] DEBUG org.hibernate.boot.model.internal.AnnotatedColumn - Binding column: AnnotatedJoinColumn(column='reviews_KEY')
2025-07-31 16:26:32.702 [main] DEBUG org.hibernate.boot.model.internal.AnnotatedColumn - Binding column: AnnotatedJoinColumn()
2025-07-31 16:26:32.702 [main] DEBUG org.hibernate.boot.model.internal.AnnotatedColumn - Binding column: AnnotatedJoinColumn()
2025-07-31 16:26:32.704 [main] DEBUG org.hibernate.boot.model.internal.CollectionBinder - Collection role: com.example.trainup.model.Gym.reviews
2025-07-31 16:26:32.704 [main] DEBUG org.hibernate.boot.model.internal.PropertyBinder - Building property reviews
2025-07-31 16:26:32.705 [main] DEBUG org.hibernate.boot.model.internal.AnnotatedColumn - Binding column: IndexColumn(column='sports_ORDER')
2025-07-31 16:26:32.705 [main] DEBUG org.hibernate.boot.model.internal.AnnotatedColumn - Binding column: AnnotatedColumn()
2025-07-31 16:26:32.705 [main] DEBUG org.hibernate.boot.model.internal.AnnotatedColumn - Binding column: AnnotatedColumn(column='sports_KEY')
2025-07-31 16:26:32.706 [main] DEBUG org.hibernate.boot.model.internal.AnnotatedColumn - Binding column: AnnotatedJoinColumn(column='sports_KEY')
2025-07-31 16:26:32.706 [main] DEBUG org.hibernate.boot.model.internal.AnnotatedColumn - Binding column: AnnotatedJoinColumn(column='gym_id')
2025-07-31 16:26:32.706 [main] DEBUG org.hibernate.boot.model.internal.AnnotatedColumn - Binding column: AnnotatedJoinColumn(column='sport_id')
2025-07-31 16:26:32.706 [main] DEBUG org.hibernate.boot.model.internal.CollectionBinder - Collection role: com.example.trainup.model.Gym.sports
2025-07-31 16:26:32.706 [main] DEBUG org.hibernate.boot.model.internal.PropertyBinder - Building property sports
2025-07-31 16:26:32.707 [main] DEBUG org.hibernate.boot.model.internal.AnnotatedColumn - Binding column: IndexColumn(column='trainers_ORDER')
2025-07-31 16:26:32.707 [main] DEBUG org.hibernate.boot.model.internal.AnnotatedColumn - Binding column: AnnotatedColumn()
2025-07-31 16:26:32.707 [main] DEBUG org.hibernate.boot.model.internal.AnnotatedColumn - Binding column: AnnotatedColumn(column='trainers_KEY')
2025-07-31 16:26:32.707 [main] DEBUG org.hibernate.boot.model.internal.AnnotatedColumn - Binding column: AnnotatedJoinColumn(column='trainers_KEY')
2025-07-31 16:26:32.707 [main] DEBUG org.hibernate.boot.model.internal.AnnotatedColumn - Binding column: AnnotatedJoinColumn(column='gym_id')
2025-07-31 16:26:32.708 [main] DEBUG org.hibernate.boot.model.internal.AnnotatedColumn - Binding column: AnnotatedJoinColumn(column='trainer_id')
2025-07-31 16:26:32.708 [main] DEBUG org.hibernate.boot.model.internal.CollectionBinder - Collection role: com.example.trainup.model.Gym.trainers
2025-07-31 16:26:32.708 [main] DEBUG org.hibernate.boot.model.internal.PropertyBinder - Building property trainers
2025-07-31 16:26:32.708 [main] DEBUG org.hibernate.boot.model.internal.AnnotatedColumn - Binding column: AnnotatedColumn()
2025-07-31 16:26:32.708 [main] DEBUG org.hibernate.boot.model.internal.PropertyBinder - MetadataSourceProcessor property website with lazy=false
2025-07-31 16:26:32.708 [main] DEBUG org.hibernate.boot.model.internal.AbstractPropertyHolder - Attempting to locate auto-apply AttributeConverter for property [com.example.trainup.model.Gym:website]
2025-07-31 16:26:32.708 [main] DEBUG org.hibernate.boot.model.internal.BasicValueBinder - building BasicValue for website
2025-07-31 16:26:32.709 [main] DEBUG org.hibernate.mapping.BasicValue - Skipping column re-registration: gyms.website
2025-07-31 16:26:32.709 [main] DEBUG org.hibernate.boot.model.internal.PropertyBinder - Building property website
2025-07-31 16:26:32.709 [main] DEBUG org.hibernate.boot.model.internal.AnnotatedColumn - Binding column: AnnotatedJoinColumn()
2025-07-31 16:26:32.709 [main] DEBUG org.hibernate.boot.model.internal.AnnotatedColumn - Binding column: AnnotatedColumn()
2025-07-31 16:26:32.709 [main] DEBUG org.hibernate.boot.model.internal.AnnotatedColumn - Binding column: IndexColumn(column='workingHours_ORDER')
2025-07-31 16:26:32.710 [main] DEBUG org.hibernate.boot.model.internal.AnnotatedColumn - Binding column: AnnotatedColumn()
2025-07-31 16:26:32.710 [main] DEBUG org.hibernate.boot.model.internal.AnnotatedColumn - Binding column: AnnotatedColumn(column='workingHours_KEY')
2025-07-31 16:26:32.710 [main] DEBUG org.hibernate.boot.model.internal.AnnotatedColumn - Binding column: AnnotatedJoinColumn(column='workingHours_KEY')
2025-07-31 16:26:32.710 [main] DEBUG org.hibernate.boot.model.internal.AnnotatedColumn - Binding column: AnnotatedJoinColumn(column='gym_id')
2025-07-31 16:26:32.710 [main] DEBUG org.hibernate.boot.model.internal.AnnotatedColumn - Binding column: AnnotatedJoinColumn()
2025-07-31 16:26:32.710 [main] DEBUG org.hibernate.boot.model.internal.CollectionBinder - Collection role: com.example.trainup.model.Gym.workingHours
2025-07-31 16:26:32.711 [main] DEBUG org.hibernate.boot.model.internal.PropertyBinder - Building property workingHours
2025-07-31 16:26:32.721 [main] DEBUG org.hibernate.boot.registry.classloading.internal.ClassLoaderServiceImpl - HHH000194: Package not found or no package-info.java: com.example.trainup.model
2025-07-31 16:26:32.722 [main] DEBUG org.hibernate.boot.model.internal.EntityBinder - Binding entity from annotated class: com.example.trainup.model.GymPhoto
2025-07-31 16:26:32.723 [main] DEBUG org.hibernate.boot.model.internal.EntityBinder - Import with entity name GymPhoto
2025-07-31 16:26:32.723 [main] DEBUG org.hibernate.boot.model.internal.EntityBinder - Bind entity com.example.trainup.model.GymPhoto on table gym_photos
2025-07-31 16:26:32.723 [main] DEBUG org.hibernate.boot.model.internal.AnnotatedColumn - Binding column: AnnotatedDiscriminatorColumn(column='DTYPE')
2025-07-31 16:26:32.724 [main] DEBUG org.hibernate.boot.model.internal.AnnotatedColumn - Binding column: AnnotatedColumn()
2025-07-31 16:26:32.724 [main] DEBUG org.hibernate.boot.internal.ClassLoaderAccessImpl - Not known whether passed class name [com.example.trainup.model.GymPhoto] is safe
2025-07-31 16:26:32.724 [main] DEBUG org.hibernate.boot.internal.ClassLoaderAccessImpl - No temp ClassLoader provided; using live ClassLoader for loading potentially unsafe class : com.example.trainup.model.GymPhoto
2025-07-31 16:26:32.724 [main] DEBUG org.hibernate.boot.model.internal.PropertyBinder - MetadataSourceProcessor property id with lazy=false
2025-07-31 16:26:32.724 [main] DEBUG org.hibernate.boot.model.internal.AbstractPropertyHolder - Attempting to locate auto-apply AttributeConverter for property [com.example.trainup.model.GymPhoto:id]
2025-07-31 16:26:32.725 [main] DEBUG org.hibernate.boot.model.internal.BasicValueBinder - building BasicValue for id
2025-07-31 16:26:32.725 [main] DEBUG org.hibernate.mapping.BasicValue - Skipping column re-registration: gym_photos.id
2025-07-31 16:26:32.725 [main] DEBUG org.hibernate.boot.model.internal.PropertyBinder - Building property id
2025-07-31 16:26:32.725 [main] DEBUG org.hibernate.boot.model.internal.BinderHelper - #makeIdGenerator(BasicValue([Column(id)]), id, identity, , ...)
2025-07-31 16:26:32.725 [main] DEBUG org.hibernate.boot.model.internal.AnnotatedColumn - Binding column: AnnotatedJoinColumn(column='gym_id')
2025-07-31 16:26:32.726 [main] DEBUG org.hibernate.boot.model.internal.AnnotatedColumn - Binding column: AnnotatedColumn()
2025-07-31 16:26:32.726 [main] DEBUG org.hibernate.boot.model.internal.PropertyBinder - Building property gym
2025-07-31 16:26:32.726 [main] DEBUG org.hibernate.boot.model.internal.AnnotatedColumn - Binding column: AnnotatedColumn()
2025-07-31 16:26:32.726 [main] DEBUG org.hibernate.boot.model.internal.PropertyBinder - MetadataSourceProcessor property imageUrl with lazy=false
2025-07-31 16:26:32.726 [main] DEBUG org.hibernate.boot.model.internal.AbstractPropertyHolder - Attempting to locate auto-apply AttributeConverter for property [com.example.trainup.model.GymPhoto:imageUrl]
2025-07-31 16:26:32.727 [main] DEBUG org.hibernate.boot.model.internal.BasicValueBinder - building BasicValue for imageUrl
2025-07-31 16:26:32.727 [main] DEBUG org.hibernate.mapping.BasicValue - Skipping column re-registration: gym_photos.image_url
2025-07-31 16:26:32.727 [main] DEBUG org.hibernate.boot.model.internal.PropertyBinder - Building property imageUrl
2025-07-31 16:26:32.727 [main] DEBUG org.hibernate.boot.model.internal.AnnotatedColumn - Binding column: AnnotatedColumn()
2025-07-31 16:26:32.727 [main] DEBUG org.hibernate.boot.model.internal.PropertyBinder - MetadataSourceProcessor property isDeleted with lazy=false
2025-07-31 16:26:32.727 [main] DEBUG org.hibernate.boot.model.internal.AbstractPropertyHolder - Attempting to locate auto-apply AttributeConverter for property [com.example.trainup.model.GymPhoto:isDeleted]
2025-07-31 16:26:32.728 [main] DEBUG org.hibernate.boot.model.internal.BasicValueBinder - building BasicValue for isDeleted
2025-07-31 16:26:32.728 [main] DEBUG org.hibernate.mapping.BasicValue - Skipping column re-registration: gym_photos.is_deleted
2025-07-31 16:26:32.728 [main] DEBUG org.hibernate.boot.model.internal.PropertyBinder - Building property isDeleted
2025-07-31 16:26:32.741 [main] DEBUG org.hibernate.boot.registry.classloading.internal.ClassLoaderServiceImpl - HHH000194: Package not found or no package-info.java: com.example.trainup.model
2025-07-31 16:26:32.741 [main] DEBUG org.hibernate.boot.model.internal.EntityBinder - Binding entity from annotated class: com.example.trainup.model.Review
2025-07-31 16:26:32.742 [main] DEBUG org.hibernate.boot.model.internal.EntityBinder - Import with entity name Review
2025-07-31 16:26:32.742 [main] DEBUG org.hibernate.boot.model.internal.EntityBinder - Bind entity com.example.trainup.model.Review on table reviews
2025-07-31 16:26:32.742 [main] DEBUG org.hibernate.boot.model.internal.AnnotatedColumn - Binding column: AnnotatedDiscriminatorColumn(column='DTYPE')
2025-07-31 16:26:32.744 [main] DEBUG org.hibernate.boot.model.internal.AnnotatedColumn - Binding column: AnnotatedColumn()
2025-07-31 16:26:32.745 [main] DEBUG org.hibernate.boot.internal.ClassLoaderAccessImpl - Not known whether passed class name [com.example.trainup.model.Review] is safe
2025-07-31 16:26:32.745 [main] DEBUG org.hibernate.boot.internal.ClassLoaderAccessImpl - No temp ClassLoader provided; using live ClassLoader for loading potentially unsafe class : com.example.trainup.model.Review
2025-07-31 16:26:32.745 [main] DEBUG org.hibernate.boot.model.internal.PropertyBinder - MetadataSourceProcessor property id with lazy=false
2025-07-31 16:26:32.745 [main] DEBUG org.hibernate.boot.model.internal.AbstractPropertyHolder - Attempting to locate auto-apply AttributeConverter for property [com.example.trainup.model.Review:id]
2025-07-31 16:26:32.745 [main] DEBUG org.hibernate.boot.model.internal.BasicValueBinder - building BasicValue for id
2025-07-31 16:26:32.746 [main] DEBUG org.hibernate.mapping.BasicValue - Skipping column re-registration: reviews.id
2025-07-31 16:26:32.746 [main] DEBUG org.hibernate.boot.model.internal.PropertyBinder - Building property id
2025-07-31 16:26:32.746 [main] DEBUG org.hibernate.boot.model.internal.BinderHelper - #makeIdGenerator(BasicValue([Column(id)]), id, identity, , ...)
2025-07-31 16:26:32.746 [main] DEBUG org.hibernate.boot.model.internal.AnnotatedColumn - Binding column: AnnotatedJoinColumn(column='athlete_id')
2025-07-31 16:26:32.746 [main] DEBUG org.hibernate.boot.model.internal.AnnotatedColumn - Binding column: AnnotatedColumn()
2025-07-31 16:26:32.747 [main] DEBUG org.hibernate.boot.model.internal.PropertyBinder - Building property author
2025-07-31 16:26:32.747 [main] DEBUG org.hibernate.boot.model.internal.AnnotatedColumn - Binding column: AnnotatedColumn()
2025-07-31 16:26:32.747 [main] DEBUG org.hibernate.boot.model.internal.PropertyBinder - MetadataSourceProcessor property description with lazy=false
2025-07-31 16:26:32.747 [main] DEBUG org.hibernate.boot.model.internal.AbstractPropertyHolder - Attempting to locate auto-apply AttributeConverter for property [com.example.trainup.model.Review:description]
2025-07-31 16:26:32.747 [main] DEBUG org.hibernate.boot.model.internal.BasicValueBinder - building BasicValue for description
2025-07-31 16:26:32.748 [main] DEBUG org.hibernate.mapping.BasicValue - Skipping column re-registration: reviews.description
2025-07-31 16:26:32.748 [main] DEBUG org.hibernate.boot.model.internal.PropertyBinder - Building property description
2025-07-31 16:26:32.748 [main] DEBUG org.hibernate.boot.model.internal.AnnotatedColumn - Binding column: AnnotatedJoinColumn(column='gym_id')
2025-07-31 16:26:32.748 [main] DEBUG org.hibernate.boot.model.internal.AnnotatedColumn - Binding column: AnnotatedColumn()
2025-07-31 16:26:32.748 [main] DEBUG org.hibernate.boot.model.internal.PropertyBinder - Building property gym
2025-07-31 16:26:32.749 [main] DEBUG org.hibernate.boot.model.internal.AnnotatedColumn - Binding column: AnnotatedColumn()
2025-07-31 16:26:32.749 [main] DEBUG org.hibernate.boot.model.internal.PropertyBinder - MetadataSourceProcessor property rating with lazy=false
2025-07-31 16:26:32.749 [main] DEBUG org.hibernate.boot.model.internal.AbstractPropertyHolder - Attempting to locate auto-apply AttributeConverter for property [com.example.trainup.model.Review:rating]
2025-07-31 16:26:32.749 [main] DEBUG org.hibernate.boot.model.internal.BasicValueBinder - building BasicValue for rating
2025-07-31 16:26:32.750 [main] DEBUG org.hibernate.mapping.BasicValue - Skipping column re-registration: reviews.rating
2025-07-31 16:26:32.750 [main] DEBUG org.hibernate.boot.model.internal.PropertyBinder - Building property rating
2025-07-31 16:26:32.750 [main] DEBUG org.hibernate.boot.model.internal.AnnotatedColumn - Binding column: AnnotatedJoinColumn(column='trainer_id')
2025-07-31 16:26:32.750 [main] DEBUG org.hibernate.boot.model.internal.AnnotatedColumn - Binding column: AnnotatedColumn()
2025-07-31 16:26:32.750 [main] DEBUG org.hibernate.boot.model.internal.PropertyBinder - Building property trainer
2025-07-31 16:26:32.770 [main] DEBUG org.hibernate.boot.registry.classloading.internal.ClassLoaderServiceImpl - HHH000194: Package not found or no package-info.java: com.example.trainup.model
2025-07-31 16:26:32.771 [main] DEBUG org.hibernate.boot.model.internal.EntityBinder - Binding entity from annotated class: com.example.trainup.model.Role
2025-07-31 16:26:32.772 [main] DEBUG org.hibernate.boot.model.internal.EntityBinder - Import with entity name Role
2025-07-31 16:26:32.772 [main] DEBUG org.hibernate.boot.model.internal.EntityBinder - Bind entity com.example.trainup.model.Role on table roles
2025-07-31 16:26:32.772 [main] DEBUG org.hibernate.boot.model.internal.AnnotatedColumn - Binding column: AnnotatedDiscriminatorColumn(column='DTYPE')
2025-07-31 16:26:32.773 [main] DEBUG org.hibernate.boot.model.internal.AnnotatedColumn - Binding column: AnnotatedColumn()
2025-07-31 16:26:32.774 [main] DEBUG org.hibernate.boot.internal.ClassLoaderAccessImpl - Not known whether passed class name [com.example.trainup.model.Role] is safe
2025-07-31 16:26:32.774 [main] DEBUG org.hibernate.boot.internal.ClassLoaderAccessImpl - No temp ClassLoader provided; using live ClassLoader for loading potentially unsafe class : com.example.trainup.model.Role
2025-07-31 16:26:32.774 [main] DEBUG org.hibernate.boot.model.internal.PropertyBinder - MetadataSourceProcessor property id with lazy=false
2025-07-31 16:26:32.774 [main] DEBUG org.hibernate.boot.model.internal.AbstractPropertyHolder - Attempting to locate auto-apply AttributeConverter for property [com.example.trainup.model.Role:id]
2025-07-31 16:26:32.774 [main] DEBUG org.hibernate.boot.model.internal.BasicValueBinder - building BasicValue for id
2025-07-31 16:26:32.775 [main] DEBUG org.hibernate.mapping.BasicValue - Skipping column re-registration: roles.id
2025-07-31 16:26:32.775 [main] DEBUG org.hibernate.boot.model.internal.PropertyBinder - Building property id
2025-07-31 16:26:32.775 [main] DEBUG org.hibernate.boot.model.internal.BinderHelper - #makeIdGenerator(BasicValue([Column(id)]), id, identity, , ...)
2025-07-31 16:26:32.776 [main] DEBUG org.hibernate.boot.model.internal.AnnotatedColumn - Binding column: AnnotatedColumn()
2025-07-31 16:26:32.776 [main] DEBUG org.hibernate.boot.model.internal.PropertyBinder - MetadataSourceProcessor property name with lazy=false
2025-07-31 16:26:32.776 [main] DEBUG org.hibernate.boot.model.internal.AbstractPropertyHolder - Attempting to locate auto-apply AttributeConverter for property [com.example.trainup.model.Role:name]
2025-07-31 16:26:32.776 [main] DEBUG org.hibernate.boot.model.internal.BasicValueBinder - building BasicValue for name
2025-07-31 16:26:32.777 [main] DEBUG org.hibernate.mapping.BasicValue - Skipping column re-registration: roles.name
2025-07-31 16:26:32.777 [main] DEBUG org.hibernate.boot.model.internal.PropertyBinder - Building property name
2025-07-31 16:26:32.789 [main] DEBUG org.hibernate.boot.registry.classloading.internal.ClassLoaderServiceImpl - HHH000194: Package not found or no package-info.java: com.example.trainup.model
2025-07-31 16:26:32.789 [main] DEBUG org.hibernate.boot.model.internal.EntityBinder - Binding entity from annotated class: com.example.trainup.model.Sport
2025-07-31 16:26:32.789 [main] DEBUG org.hibernate.boot.model.internal.EntityBinder - Import with entity name Sport
2025-07-31 16:26:32.790 [main] DEBUG org.hibernate.boot.model.internal.EntityBinder - Bind entity com.example.trainup.model.Sport on table sports
2025-07-31 16:26:32.790 [main] DEBUG org.hibernate.boot.model.internal.AnnotatedColumn - Binding column: AnnotatedDiscriminatorColumn(column='DTYPE')
2025-07-31 16:26:32.791 [main] DEBUG org.hibernate.boot.model.internal.AnnotatedColumn - Binding column: AnnotatedColumn()
2025-07-31 16:26:32.792 [main] DEBUG org.hibernate.boot.internal.ClassLoaderAccessImpl - Not known whether passed class name [com.example.trainup.model.Sport] is safe
2025-07-31 16:26:32.792 [main] DEBUG org.hibernate.boot.internal.ClassLoaderAccessImpl - No temp ClassLoader provided; using live ClassLoader for loading potentially unsafe class : com.example.trainup.model.Sport
2025-07-31 16:26:32.792 [main] DEBUG org.hibernate.boot.model.internal.PropertyBinder - MetadataSourceProcessor property id with lazy=false
2025-07-31 16:26:32.792 [main] DEBUG org.hibernate.boot.model.internal.AbstractPropertyHolder - Attempting to locate auto-apply AttributeConverter for property [com.example.trainup.model.Sport:id]
2025-07-31 16:26:32.792 [main] DEBUG org.hibernate.boot.model.internal.BasicValueBinder - building BasicValue for id
2025-07-31 16:26:32.792 [main] DEBUG org.hibernate.mapping.BasicValue - Skipping column re-registration: sports.id
2025-07-31 16:26:32.793 [main] DEBUG org.hibernate.boot.model.internal.PropertyBinder - Building property id
2025-07-31 16:26:32.793 [main] DEBUG org.hibernate.boot.model.internal.BinderHelper - #makeIdGenerator(BasicValue([Column(id)]), id, identity, , ...)
2025-07-31 16:26:32.793 [main] DEBUG org.hibernate.boot.model.internal.AnnotatedColumn - Binding column: IndexColumn(column='athletes_ORDER')
2025-07-31 16:26:32.793 [main] DEBUG org.hibernate.boot.model.internal.AnnotatedColumn - Binding column: AnnotatedColumn()
2025-07-31 16:26:32.794 [main] DEBUG org.hibernate.boot.model.internal.AnnotatedColumn - Binding column: AnnotatedColumn(column='athletes_KEY')
2025-07-31 16:26:32.794 [main] DEBUG org.hibernate.boot.model.internal.AnnotatedColumn - Binding column: AnnotatedJoinColumn(column='athletes_KEY')
2025-07-31 16:26:32.794 [main] DEBUG org.hibernate.boot.model.internal.AnnotatedColumn - Binding column: AnnotatedJoinColumn(column='sport_id')
2025-07-31 16:26:32.794 [main] DEBUG org.hibernate.boot.model.internal.AnnotatedColumn - Binding column: AnnotatedJoinColumn(column='athlete_id')
2025-07-31 16:26:32.794 [main] DEBUG org.hibernate.boot.model.internal.CollectionBinder - Collection role: com.example.trainup.model.Sport.athletes
2025-07-31 16:26:32.794 [main] DEBUG org.hibernate.boot.model.internal.PropertyBinder - Building property athletes
2025-07-31 16:26:32.795 [main] DEBUG org.hibernate.boot.model.internal.AnnotatedColumn - Binding column: IndexColumn(column='gyms_ORDER')
2025-07-31 16:26:32.795 [main] DEBUG org.hibernate.boot.model.internal.AnnotatedColumn - Binding column: AnnotatedColumn()
2025-07-31 16:26:32.795 [main] DEBUG org.hibernate.boot.model.internal.AnnotatedColumn - Binding column: AnnotatedColumn(column='gyms_KEY')
2025-07-31 16:26:32.795 [main] DEBUG org.hibernate.boot.model.internal.AnnotatedColumn - Binding column: AnnotatedJoinColumn(column='gyms_KEY')
2025-07-31 16:26:32.795 [main] DEBUG org.hibernate.boot.model.internal.AnnotatedColumn - Binding column: AnnotatedJoinColumn()
2025-07-31 16:26:32.796 [main] DEBUG org.hibernate.boot.model.internal.AnnotatedColumn - Binding column: AnnotatedJoinColumn()
2025-07-31 16:26:32.796 [main] DEBUG org.hibernate.boot.model.internal.CollectionBinder - Collection role: com.example.trainup.model.Sport.gyms
2025-07-31 16:26:32.796 [main] DEBUG org.hibernate.boot.model.internal.PropertyBinder - Building property gyms
2025-07-31 16:26:32.796 [main] DEBUG org.hibernate.boot.model.internal.AnnotatedColumn - Binding column: AnnotatedColumn()
2025-07-31 16:26:32.797 [main] DEBUG org.hibernate.boot.model.internal.PropertyBinder - MetadataSourceProcessor property isDeleted with lazy=false
2025-07-31 16:26:32.797 [main] DEBUG org.hibernate.boot.model.internal.AbstractPropertyHolder - Attempting to locate auto-apply AttributeConverter for property [com.example.trainup.model.Sport:isDeleted]
2025-07-31 16:26:32.797 [main] DEBUG org.hibernate.boot.model.internal.BasicValueBinder - building BasicValue for isDeleted
2025-07-31 16:26:32.797 [main] DEBUG org.hibernate.mapping.BasicValue - Skipping column re-registration: sports.is_deleted
2025-07-31 16:26:32.797 [main] DEBUG org.hibernate.boot.model.internal.PropertyBinder - Building property isDeleted
2025-07-31 16:26:32.798 [main] DEBUG org.hibernate.boot.model.internal.AnnotatedColumn - Binding column: AnnotatedColumn()
2025-07-31 16:26:32.798 [main] DEBUG org.hibernate.boot.model.internal.PropertyBinder - MetadataSourceProcessor property sportName with lazy=false
2025-07-31 16:26:32.798 [main] DEBUG org.hibernate.boot.model.internal.AbstractPropertyHolder - Attempting to locate auto-apply AttributeConverter for property [com.example.trainup.model.Sport:sportName]
2025-07-31 16:26:32.798 [main] DEBUG org.hibernate.boot.model.internal.BasicValueBinder - building BasicValue for sportName
2025-07-31 16:26:32.798 [main] DEBUG org.hibernate.mapping.BasicValue - Skipping column re-registration: sports.sport_name
2025-07-31 16:26:32.799 [main] DEBUG org.hibernate.boot.model.internal.PropertyBinder - Building property sportName
2025-07-31 16:26:32.799 [main] DEBUG org.hibernate.boot.model.internal.AnnotatedColumn - Binding column: IndexColumn(column='trainers_ORDER')
2025-07-31 16:26:32.799 [main] DEBUG org.hibernate.boot.model.internal.AnnotatedColumn - Binding column: AnnotatedColumn()
2025-07-31 16:26:32.799 [main] DEBUG org.hibernate.boot.model.internal.AnnotatedColumn - Binding column: AnnotatedColumn(column='trainers_KEY')
2025-07-31 16:26:32.800 [main] DEBUG org.hibernate.boot.model.internal.AnnotatedColumn - Binding column: AnnotatedJoinColumn(column='trainers_KEY')
2025-07-31 16:26:32.800 [main] DEBUG org.hibernate.boot.model.internal.AnnotatedColumn - Binding column: AnnotatedJoinColumn()
2025-07-31 16:26:32.800 [main] DEBUG org.hibernate.boot.model.internal.AnnotatedColumn - Binding column: AnnotatedJoinColumn()
2025-07-31 16:26:32.800 [main] DEBUG org.hibernate.boot.model.internal.CollectionBinder - Collection role: com.example.trainup.model.Sport.trainers
2025-07-31 16:26:32.800 [main] DEBUG org.hibernate.boot.model.internal.PropertyBinder - Building property trainers
2025-07-31 16:26:32.812 [main] DEBUG org.hibernate.boot.registry.classloading.internal.ClassLoaderServiceImpl - HHH000194: Package not found or no package-info.java: com.example.trainup.model
2025-07-31 16:26:32.813 [main] DEBUG org.hibernate.boot.model.internal.EntityBinder - Binding entity from annotated class: com.example.trainup.model.user.Admin
2025-07-31 16:26:32.813 [main] DEBUG org.hibernate.boot.model.internal.EntityBinder - Import with entity name Admin
2025-07-31 16:26:32.814 [main] DEBUG org.hibernate.boot.model.internal.EntityBinder - Bind entity com.example.trainup.model.user.Admin on table admins
2025-07-31 16:26:32.814 [main] DEBUG org.hibernate.boot.model.internal.AnnotatedColumn - Binding column: AnnotatedDiscriminatorColumn(column='DTYPE')
2025-07-31 16:26:32.821 [main] DEBUG org.hibernate.boot.model.internal.AnnotatedColumn - Binding column: AnnotatedColumn()
2025-07-31 16:26:32.821 [main] DEBUG org.hibernate.boot.internal.ClassLoaderAccessImpl - Not known whether passed class name [com.example.trainup.model.user.Admin] is safe
2025-07-31 16:26:32.821 [main] DEBUG org.hibernate.boot.internal.ClassLoaderAccessImpl - No temp ClassLoader provided; using live ClassLoader for loading potentially unsafe class : com.example.trainup.model.user.Admin
2025-07-31 16:26:32.821 [main] DEBUG org.hibernate.boot.model.internal.PropertyBinder - MetadataSourceProcessor property id with lazy=false
2025-07-31 16:26:32.821 [main] DEBUG org.hibernate.boot.model.internal.AbstractPropertyHolder - Attempting to locate auto-apply AttributeConverter for property [com.example.trainup.model.user.Admin:id]
2025-07-31 16:26:32.822 [main] DEBUG org.hibernate.boot.model.internal.BasicValueBinder - building BasicValue for id
2025-07-31 16:26:32.822 [main] DEBUG org.hibernate.mapping.BasicValue - Skipping column re-registration: admins.id
2025-07-31 16:26:32.822 [main] DEBUG org.hibernate.boot.model.internal.PropertyBinder - Building property id
2025-07-31 16:26:32.823 [main] DEBUG org.hibernate.boot.model.internal.BinderHelper - #makeIdGenerator(BasicValue([Column(id)]), id, identity, , ...)
2025-07-31 16:26:32.823 [main] DEBUG org.hibernate.boot.model.internal.AnnotatedColumn - Binding column: AnnotatedColumn()
2025-07-31 16:26:32.823 [main] DEBUG org.hibernate.boot.model.internal.PropertyBinder - MetadataSourceProcessor property dateOfBirth with lazy=false
2025-07-31 16:26:32.823 [main] DEBUG org.hibernate.boot.model.internal.AbstractPropertyHolder - Attempting to locate auto-apply AttributeConverter for property [com.example.trainup.model.user.Admin:dateOfBirth]
2025-07-31 16:26:32.824 [main] DEBUG org.hibernate.boot.model.internal.BasicValueBinder - building BasicValue for dateOfBirth
2025-07-31 16:26:32.824 [main] DEBUG org.hibernate.mapping.BasicValue - Skipping column re-registration: admins.date_of_birth
2025-07-31 16:26:32.824 [main] DEBUG org.hibernate.boot.model.internal.PropertyBinder - Building property dateOfBirth
2025-07-31 16:26:32.825 [main] DEBUG org.hibernate.boot.model.internal.AnnotatedColumn - Binding column: AnnotatedColumn()
2025-07-31 16:26:32.825 [main] DEBUG org.hibernate.boot.model.internal.PropertyBinder - MetadataSourceProcessor property firstName with lazy=false
2025-07-31 16:26:32.825 [main] DEBUG org.hibernate.boot.model.internal.AbstractPropertyHolder - Attempting to locate auto-apply AttributeConverter for property [com.example.trainup.model.user.Admin:firstName]
2025-07-31 16:26:32.825 [main] DEBUG org.hibernate.boot.model.internal.BasicValueBinder - building BasicValue for firstName
2025-07-31 16:26:32.825 [main] DEBUG org.hibernate.mapping.BasicValue - Skipping column re-registration: admins.first_name
2025-07-31 16:26:32.825 [main] DEBUG org.hibernate.boot.model.internal.PropertyBinder - Building property firstName
2025-07-31 16:26:32.826 [main] DEBUG org.hibernate.boot.model.internal.AnnotatedColumn - Binding column: AnnotatedColumn()
2025-07-31 16:26:32.826 [main] DEBUG org.hibernate.boot.model.internal.PropertyBinder - MetadataSourceProcessor property gender with lazy=false
2025-07-31 16:26:32.826 [main] DEBUG org.hibernate.boot.model.internal.AbstractPropertyHolder - Attempting to locate auto-apply AttributeConverter for property [com.example.trainup.model.user.Admin:gender]
2025-07-31 16:26:32.826 [main] DEBUG org.hibernate.boot.model.internal.BasicValueBinder - building BasicValue for gender
2025-07-31 16:26:32.827 [main] DEBUG org.hibernate.mapping.BasicValue - Skipping column re-registration: admins.gender
2025-07-31 16:26:32.827 [main] DEBUG org.hibernate.boot.model.internal.PropertyBinder - Building property gender
2025-07-31 16:26:32.827 [main] DEBUG org.hibernate.boot.model.internal.AnnotatedColumn - Binding column: AnnotatedColumn()
2025-07-31 16:26:32.827 [main] DEBUG org.hibernate.boot.model.internal.PropertyBinder - MetadataSourceProcessor property isDeleted with lazy=false
2025-07-31 16:26:32.828 [main] DEBUG org.hibernate.boot.model.internal.AbstractPropertyHolder - Attempting to locate auto-apply AttributeConverter for property [com.example.trainup.model.user.Admin:isDeleted]
2025-07-31 16:26:32.828 [main] DEBUG org.hibernate.boot.model.internal.BasicValueBinder - building BasicValue for isDeleted
2025-07-31 16:26:32.828 [main] DEBUG org.hibernate.mapping.BasicValue - Skipping column re-registration: admins.is_deleted
2025-07-31 16:26:32.828 [main] DEBUG org.hibernate.boot.model.internal.PropertyBinder - Building property isDeleted
2025-07-31 16:26:32.828 [main] DEBUG org.hibernate.boot.model.internal.AnnotatedColumn - Binding column: AnnotatedColumn()
2025-07-31 16:26:32.829 [main] DEBUG org.hibernate.boot.model.internal.PropertyBinder - MetadataSourceProcessor property lastName with lazy=false
2025-07-31 16:26:32.829 [main] DEBUG org.hibernate.boot.model.internal.AbstractPropertyHolder - Attempting to locate auto-apply AttributeConverter for property [com.example.trainup.model.user.Admin:lastName]
2025-07-31 16:26:32.829 [main] DEBUG org.hibernate.boot.model.internal.BasicValueBinder - building BasicValue for lastName
2025-07-31 16:26:32.829 [main] DEBUG org.hibernate.mapping.BasicValue - Skipping column re-registration: admins.last_name
2025-07-31 16:26:32.829 [main] DEBUG org.hibernate.boot.model.internal.PropertyBinder - Building property lastName
2025-07-31 16:26:32.830 [main] DEBUG org.hibernate.boot.model.internal.AnnotatedColumn - Binding column: AnnotatedColumn()
2025-07-31 16:26:32.830 [main] DEBUG org.hibernate.boot.model.internal.PropertyBinder - MetadataSourceProcessor property profileImageUrl with lazy=false
2025-07-31 16:26:32.830 [main] DEBUG org.hibernate.boot.model.internal.AbstractPropertyHolder - Attempting to locate auto-apply AttributeConverter for property [com.example.trainup.model.user.Admin:profileImageUrl]
2025-07-31 16:26:32.830 [main] DEBUG org.hibernate.boot.model.internal.BasicValueBinder - building BasicValue for profileImageUrl
2025-07-31 16:26:32.830 [main] DEBUG org.hibernate.mapping.BasicValue - Skipping column re-registration: admins.profile_image_url
2025-07-31 16:26:32.830 [main] DEBUG org.hibernate.boot.model.internal.PropertyBinder - Building property profileImageUrl
2025-07-31 16:26:32.831 [main] DEBUG org.hibernate.boot.model.internal.AnnotatedColumn - Binding column: AnnotatedJoinColumn(column='user_credentials_id')
2025-07-31 16:26:32.831 [main] DEBUG org.hibernate.boot.model.internal.AnnotatedColumn - Binding column: AnnotatedColumn()
2025-07-31 16:26:32.831 [main] DEBUG org.hibernate.boot.model.internal.PropertyBinder - Building property userCredentials
2025-07-31 16:26:32.844 [main] DEBUG org.hibernate.boot.registry.classloading.internal.ClassLoaderServiceImpl - HHH000194: Package not found or no package-info.java: com.example.trainup.model.user
2025-07-31 16:26:32.844 [main] DEBUG org.hibernate.boot.model.internal.EntityBinder - Binding entity from annotated class: com.example.trainup.model.user.Athlete
2025-07-31 16:26:32.845 [main] DEBUG org.hibernate.boot.model.internal.EntityBinder - Import with entity name Athlete
2025-07-31 16:26:32.845 [main] DEBUG org.hibernate.boot.model.internal.EntityBinder - Bind entity com.example.trainup.model.user.Athlete on table athletes
2025-07-31 16:26:32.845 [main] DEBUG org.hibernate.boot.model.internal.AnnotatedColumn - Binding column: AnnotatedDiscriminatorColumn(column='DTYPE')
2025-07-31 16:26:32.846 [main] DEBUG org.hibernate.boot.model.internal.AnnotatedColumn - Binding column: AnnotatedColumn()
2025-07-31 16:26:32.846 [main] DEBUG org.hibernate.boot.internal.ClassLoaderAccessImpl - Not known whether passed class name [com.example.trainup.model.user.Athlete] is safe
2025-07-31 16:26:32.847 [main] DEBUG org.hibernate.boot.internal.ClassLoaderAccessImpl - No temp ClassLoader provided; using live ClassLoader for loading potentially unsafe class : com.example.trainup.model.user.Athlete
2025-07-31 16:26:32.847 [main] DEBUG org.hibernate.boot.model.internal.PropertyBinder - MetadataSourceProcessor property id with lazy=false
2025-07-31 16:26:32.847 [main] DEBUG org.hibernate.boot.model.internal.AbstractPropertyHolder - Attempting to locate auto-apply AttributeConverter for property [com.example.trainup.model.user.Athlete:id]
2025-07-31 16:26:32.847 [main] DEBUG org.hibernate.boot.model.internal.BasicValueBinder - building BasicValue for id
2025-07-31 16:26:32.847 [main] DEBUG org.hibernate.mapping.BasicValue - Skipping column re-registration: athletes.id
2025-07-31 16:26:32.848 [main] DEBUG org.hibernate.boot.model.internal.PropertyBinder - Building property id
2025-07-31 16:26:32.848 [main] DEBUG org.hibernate.boot.model.internal.BinderHelper - #makeIdGenerator(BasicValue([Column(id)]), id, identity, , ...)
2025-07-31 16:26:32.848 [main] DEBUG org.hibernate.boot.model.internal.AnnotatedColumn - Binding column: AnnotatedColumn()
2025-07-31 16:26:32.848 [main] DEBUG org.hibernate.boot.model.internal.PropertyBinder - MetadataSourceProcessor property dateOfBirth with lazy=false
2025-07-31 16:26:32.848 [main] DEBUG org.hibernate.boot.model.internal.AbstractPropertyHolder - Attempting to locate auto-apply AttributeConverter for property [com.example.trainup.model.user.Athlete:dateOfBirth]
2025-07-31 16:26:32.849 [main] DEBUG org.hibernate.boot.model.internal.BasicValueBinder - building BasicValue for dateOfBirth
2025-07-31 16:26:32.849 [main] DEBUG org.hibernate.mapping.BasicValue - Skipping column re-registration: athletes.date_of_birth
2025-07-31 16:26:32.849 [main] DEBUG org.hibernate.boot.model.internal.PropertyBinder - Building property dateOfBirth
2025-07-31 16:26:32.849 [main] DEBUG org.hibernate.boot.model.internal.AnnotatedColumn - Binding column: AnnotatedColumn()
2025-07-31 16:26:32.849 [main] DEBUG org.hibernate.boot.model.internal.PropertyBinder - MetadataSourceProcessor property firstName with lazy=false
2025-07-31 16:26:32.850 [main] DEBUG org.hibernate.boot.model.internal.AbstractPropertyHolder - Attempting to locate auto-apply AttributeConverter for property [com.example.trainup.model.user.Athlete:firstName]
2025-07-31 16:26:32.850 [main] DEBUG org.hibernate.boot.model.internal.BasicValueBinder - building BasicValue for firstName
2025-07-31 16:26:32.850 [main] DEBUG org.hibernate.mapping.BasicValue - Skipping column re-registration: athletes.first_name
2025-07-31 16:26:32.850 [main] DEBUG org.hibernate.boot.model.internal.PropertyBinder - Building property firstName
2025-07-31 16:26:32.850 [main] DEBUG org.hibernate.boot.model.internal.AnnotatedColumn - Binding column: AnnotatedColumn()
2025-07-31 16:26:32.850 [main] DEBUG org.hibernate.boot.model.internal.PropertyBinder - MetadataSourceProcessor property gender with lazy=false
2025-07-31 16:26:32.851 [main] DEBUG org.hibernate.boot.model.internal.AbstractPropertyHolder - Attempting to locate auto-apply AttributeConverter for property [com.example.trainup.model.user.Athlete:gender]
2025-07-31 16:26:32.851 [main] DEBUG org.hibernate.boot.model.internal.BasicValueBinder - building BasicValue for gender
2025-07-31 16:26:32.851 [main] DEBUG org.hibernate.mapping.BasicValue - Skipping column re-registration: athletes.gender
2025-07-31 16:26:32.851 [main] DEBUG org.hibernate.boot.model.internal.PropertyBinder - Building property gender
2025-07-31 16:26:32.851 [main] DEBUG org.hibernate.boot.model.internal.AnnotatedColumn - Binding column: AnnotatedColumn()
2025-07-31 16:26:32.852 [main] DEBUG org.hibernate.boot.model.internal.PropertyBinder - MetadataSourceProcessor property isDeleted with lazy=false
2025-07-31 16:26:32.852 [main] DEBUG org.hibernate.boot.model.internal.AbstractPropertyHolder - Attempting to locate auto-apply AttributeConverter for property [com.example.trainup.model.user.Athlete:isDeleted]
2025-07-31 16:26:32.852 [main] DEBUG org.hibernate.boot.model.internal.BasicValueBinder - building BasicValue for isDeleted
2025-07-31 16:26:32.852 [main] DEBUG org.hibernate.mapping.BasicValue - Skipping column re-registration: athletes.is_deleted
2025-07-31 16:26:32.852 [main] DEBUG org.hibernate.boot.model.internal.PropertyBinder - Building property isDeleted
2025-07-31 16:26:32.852 [main] DEBUG org.hibernate.boot.model.internal.AnnotatedColumn - Binding column: AnnotatedColumn()
2025-07-31 16:26:32.852 [main] DEBUG org.hibernate.boot.model.internal.PropertyBinder - MetadataSourceProcessor property lastName with lazy=false
2025-07-31 16:26:32.853 [main] DEBUG org.hibernate.boot.model.internal.AbstractPropertyHolder - Attempting to locate auto-apply AttributeConverter for property [com.example.trainup.model.user.Athlete:lastName]
2025-07-31 16:26:32.853 [main] DEBUG org.hibernate.boot.model.internal.BasicValueBinder - building BasicValue for lastName
2025-07-31 16:26:32.853 [main] DEBUG org.hibernate.mapping.BasicValue - Skipping column re-registration: athletes.last_name
2025-07-31 16:26:32.853 [main] DEBUG org.hibernate.boot.model.internal.PropertyBinder - Building property lastName
2025-07-31 16:26:32.853 [main] DEBUG org.hibernate.boot.model.internal.AnnotatedColumn - Binding column: AnnotatedColumn()
2025-07-31 16:26:32.854 [main] DEBUG org.hibernate.boot.model.internal.PropertyBinder - MetadataSourceProcessor property profileImageUrl with lazy=false
2025-07-31 16:26:32.854 [main] DEBUG org.hibernate.boot.model.internal.AbstractPropertyHolder - Attempting to locate auto-apply AttributeConverter for property [com.example.trainup.model.user.Athlete:profileImageUrl]
2025-07-31 16:26:32.854 [main] DEBUG org.hibernate.boot.model.internal.BasicValueBinder - building BasicValue for profileImageUrl
2025-07-31 16:26:32.854 [main] DEBUG org.hibernate.mapping.BasicValue - Skipping column re-registration: athletes.profile_image_url
2025-07-31 16:26:32.854 [main] DEBUG org.hibernate.boot.model.internal.PropertyBinder - Building property profileImageUrl
2025-07-31 16:26:32.854 [main] DEBUG org.hibernate.boot.model.internal.AnnotatedColumn - Binding column: AnnotatedJoinColumn(column='user_credentials_id')
2025-07-31 16:26:32.855 [main] DEBUG org.hibernate.boot.model.internal.AnnotatedColumn - Binding column: AnnotatedColumn()
2025-07-31 16:26:32.855 [main] DEBUG org.hibernate.boot.model.internal.PropertyBinder - Building property userCredentials
2025-07-31 16:26:32.855 [main] DEBUG org.hibernate.boot.model.internal.AnnotatedColumn - Binding column: AnnotatedColumn()
2025-07-31 16:26:32.855 [main] DEBUG org.hibernate.boot.model.internal.PropertyBinder - MetadataSourceProcessor property emailPermission with lazy=false
2025-07-31 16:26:32.856 [main] DEBUG org.hibernate.boot.model.internal.AbstractPropertyHolder - Attempting to locate auto-apply AttributeConverter for property [com.example.trainup.model.user.Athlete:emailPermission]
2025-07-31 16:26:32.856 [main] DEBUG org.hibernate.boot.model.internal.BasicValueBinder - building BasicValue for emailPermission
2025-07-31 16:26:32.856 [main] DEBUG org.hibernate.mapping.BasicValue - Skipping column re-registration: athletes.email_permission
2025-07-31 16:26:32.856 [main] DEBUG org.hibernate.boot.model.internal.PropertyBinder - Building property emailPermission
2025-07-31 16:26:32.856 [main] DEBUG org.hibernate.boot.model.internal.AnnotatedColumn - Binding column: AnnotatedJoinColumn()
2025-07-31 16:26:32.857 [main] DEBUG org.hibernate.boot.model.internal.AnnotatedColumn - Binding column: AnnotatedColumn()
2025-07-31 16:26:32.857 [main] DEBUG org.hibernate.boot.model.internal.AnnotatedColumn - Binding column: IndexColumn(column='phoneNumbers_ORDER')
2025-07-31 16:26:32.857 [main] DEBUG org.hibernate.boot.model.internal.AnnotatedColumn - Binding column: AnnotatedColumn()
2025-07-31 16:26:32.857 [main] DEBUG org.hibernate.boot.model.internal.AnnotatedColumn - Binding column: AnnotatedColumn(column='phoneNumbers_KEY')
2025-07-31 16:26:32.858 [main] DEBUG org.hibernate.boot.model.internal.AnnotatedColumn - Binding column: AnnotatedJoinColumn(column='phoneNumbers_KEY')
2025-07-31 16:26:32.858 [main] DEBUG org.hibernate.boot.model.internal.AnnotatedColumn - Binding column: AnnotatedJoinColumn(column='athlete_id')
2025-07-31 16:26:32.858 [main] DEBUG org.hibernate.boot.model.internal.AnnotatedColumn - Binding column: AnnotatedJoinColumn()
2025-07-31 16:26:32.858 [main] DEBUG org.hibernate.boot.model.internal.CollectionBinder - Collection role: com.example.trainup.model.user.Athlete.phoneNumbers
2025-07-31 16:26:32.858 [main] DEBUG org.hibernate.boot.model.internal.PropertyBinder - Building property phoneNumbers
2025-07-31 16:26:32.858 [main] DEBUG org.hibernate.boot.model.internal.AnnotatedColumn - Binding column: AnnotatedColumn()
2025-07-31 16:26:32.859 [main] DEBUG org.hibernate.boot.model.internal.PropertyBinder - MetadataSourceProcessor property phonePermission with lazy=false
2025-07-31 16:26:32.859 [main] DEBUG org.hibernate.boot.model.internal.AbstractPropertyHolder - Attempting to locate auto-apply AttributeConverter for property [com.example.trainup.model.user.Athlete:phonePermission]
2025-07-31 16:26:32.859 [main] DEBUG org.hibernate.boot.model.internal.BasicValueBinder - building BasicValue for phonePermission
2025-07-31 16:26:32.859 [main] DEBUG org.hibernate.mapping.BasicValue - Skipping column re-registration: athletes.phone_permission
2025-07-31 16:26:32.859 [main] DEBUG org.hibernate.boot.model.internal.PropertyBinder - Building property phonePermission
2025-07-31 16:26:32.860 [main] DEBUG org.hibernate.boot.model.internal.AnnotatedColumn - Binding column: IndexColumn(column='sports_ORDER')
2025-07-31 16:26:32.860 [main] DEBUG org.hibernate.boot.model.internal.AnnotatedColumn - Binding column: AnnotatedColumn()
2025-07-31 16:26:32.860 [main] DEBUG org.hibernate.boot.model.internal.AnnotatedColumn - Binding column: AnnotatedColumn(column='sports_KEY')
2025-07-31 16:26:32.860 [main] DEBUG org.hibernate.boot.model.internal.AnnotatedColumn - Binding column: AnnotatedJoinColumn(column='sports_KEY')
2025-07-31 16:26:32.860 [main] DEBUG org.hibernate.boot.model.internal.AnnotatedColumn - Binding column: AnnotatedJoinColumn()
2025-07-31 16:26:32.861 [main] DEBUG org.hibernate.boot.model.internal.AnnotatedColumn - Binding column: AnnotatedJoinColumn()
2025-07-31 16:26:32.861 [main] DEBUG org.hibernate.boot.model.internal.CollectionBinder - Collection role: com.example.trainup.model.user.Athlete.sports
2025-07-31 16:26:32.861 [main] DEBUG org.hibernate.boot.model.internal.PropertyBinder - Building property sports
2025-07-31 16:26:32.874 [main] DEBUG org.hibernate.boot.registry.classloading.internal.ClassLoaderServiceImpl - HHH000194: Package not found or no package-info.java: com.example.trainup.model.user
2025-07-31 16:26:32.875 [main] DEBUG org.hibernate.boot.model.internal.EntityBinder - Binding entity from annotated class: com.example.trainup.model.user.GymOwner
2025-07-31 16:26:32.875 [main] DEBUG org.hibernate.boot.model.internal.EntityBinder - Import with entity name GymOwner
2025-07-31 16:26:32.875 [main] DEBUG org.hibernate.boot.model.internal.EntityBinder - Bind entity com.example.trainup.model.user.GymOwner on table gym_owners
2025-07-31 16:26:32.875 [main] DEBUG org.hibernate.boot.model.internal.AnnotatedColumn - Binding column: AnnotatedDiscriminatorColumn(column='DTYPE')
2025-07-31 16:26:32.876 [main] DEBUG org.hibernate.boot.model.internal.AnnotatedColumn - Binding column: AnnotatedColumn()
2025-07-31 16:26:32.876 [main] DEBUG org.hibernate.boot.internal.ClassLoaderAccessImpl - Not known whether passed class name [com.example.trainup.model.user.GymOwner] is safe
2025-07-31 16:26:32.876 [main] DEBUG org.hibernate.boot.internal.ClassLoaderAccessImpl - No temp ClassLoader provided; using live ClassLoader for loading potentially unsafe class : com.example.trainup.model.user.GymOwner
2025-07-31 16:26:32.877 [main] DEBUG org.hibernate.boot.model.internal.PropertyBinder - MetadataSourceProcessor property id with lazy=false
2025-07-31 16:26:32.877 [main] DEBUG org.hibernate.boot.model.internal.AbstractPropertyHolder - Attempting to locate auto-apply AttributeConverter for property [com.example.trainup.model.user.GymOwner:id]
2025-07-31 16:26:32.877 [main] DEBUG org.hibernate.boot.model.internal.BasicValueBinder - building BasicValue for id
2025-07-31 16:26:32.877 [main] DEBUG org.hibernate.mapping.BasicValue - Skipping column re-registration: gym_owners.id
2025-07-31 16:26:32.877 [main] DEBUG org.hibernate.boot.model.internal.PropertyBinder - Building property id
2025-07-31 16:26:32.877 [main] DEBUG org.hibernate.boot.model.internal.BinderHelper - #makeIdGenerator(BasicValue([Column(id)]), id, identity, , ...)
2025-07-31 16:26:32.878 [main] DEBUG org.hibernate.boot.model.internal.AnnotatedColumn - Binding column: AnnotatedColumn()
2025-07-31 16:26:32.878 [main] DEBUG org.hibernate.boot.model.internal.PropertyBinder - MetadataSourceProcessor property dateOfBirth with lazy=false
2025-07-31 16:26:32.878 [main] DEBUG org.hibernate.boot.model.internal.AbstractPropertyHolder - Attempting to locate auto-apply AttributeConverter for property [com.example.trainup.model.user.GymOwner:dateOfBirth]
2025-07-31 16:26:32.878 [main] DEBUG org.hibernate.boot.model.internal.BasicValueBinder - building BasicValue for dateOfBirth
2025-07-31 16:26:32.878 [main] DEBUG org.hibernate.mapping.BasicValue - Skipping column re-registration: gym_owners.date_of_birth
2025-07-31 16:26:32.879 [main] DEBUG org.hibernate.boot.model.internal.PropertyBinder - Building property dateOfBirth
2025-07-31 16:26:32.879 [main] DEBUG org.hibernate.boot.model.internal.AnnotatedColumn - Binding column: AnnotatedColumn()
2025-07-31 16:26:32.879 [main] DEBUG org.hibernate.boot.model.internal.PropertyBinder - MetadataSourceProcessor property firstName with lazy=false
2025-07-31 16:26:32.879 [main] DEBUG org.hibernate.boot.model.internal.AbstractPropertyHolder - Attempting to locate auto-apply AttributeConverter for property [com.example.trainup.model.user.GymOwner:firstName]
2025-07-31 16:26:32.879 [main] DEBUG org.hibernate.boot.model.internal.BasicValueBinder - building BasicValue for firstName
2025-07-31 16:26:32.879 [main] DEBUG org.hibernate.mapping.BasicValue - Skipping column re-registration: gym_owners.first_name
2025-07-31 16:26:32.880 [main] DEBUG org.hibernate.boot.model.internal.PropertyBinder - Building property firstName
2025-07-31 16:26:32.880 [main] DEBUG org.hibernate.boot.model.internal.AnnotatedColumn - Binding column: AnnotatedColumn()
2025-07-31 16:26:32.880 [main] DEBUG org.hibernate.boot.model.internal.PropertyBinder - MetadataSourceProcessor property gender with lazy=false
2025-07-31 16:26:32.880 [main] DEBUG org.hibernate.boot.model.internal.AbstractPropertyHolder - Attempting to locate auto-apply AttributeConverter for property [com.example.trainup.model.user.GymOwner:gender]
2025-07-31 16:26:32.880 [main] DEBUG org.hibernate.boot.model.internal.BasicValueBinder - building BasicValue for gender
2025-07-31 16:26:32.881 [main] DEBUG org.hibernate.mapping.BasicValue - Skipping column re-registration: gym_owners.gender
2025-07-31 16:26:32.881 [main] DEBUG org.hibernate.boot.model.internal.PropertyBinder - Building property gender
2025-07-31 16:26:32.881 [main] DEBUG org.hibernate.boot.model.internal.AnnotatedColumn - Binding column: AnnotatedColumn()
2025-07-31 16:26:32.881 [main] DEBUG org.hibernate.boot.model.internal.PropertyBinder - MetadataSourceProcessor property isDeleted with lazy=false
2025-07-31 16:26:32.881 [main] DEBUG org.hibernate.boot.model.internal.AbstractPropertyHolder - Attempting to locate auto-apply AttributeConverter for property [com.example.trainup.model.user.GymOwner:isDeleted]
2025-07-31 16:26:32.882 [main] DEBUG org.hibernate.boot.model.internal.BasicValueBinder - building BasicValue for isDeleted
2025-07-31 16:26:32.882 [main] DEBUG org.hibernate.mapping.BasicValue - Skipping column re-registration: gym_owners.is_deleted
2025-07-31 16:26:32.882 [main] DEBUG org.hibernate.boot.model.internal.PropertyBinder - Building property isDeleted
2025-07-31 16:26:32.882 [main] DEBUG org.hibernate.boot.model.internal.AnnotatedColumn - Binding column: AnnotatedColumn()
2025-07-31 16:26:32.882 [main] DEBUG org.hibernate.boot.model.internal.PropertyBinder - MetadataSourceProcessor property lastName with lazy=false
2025-07-31 16:26:32.883 [main] DEBUG org.hibernate.boot.model.internal.AbstractPropertyHolder - Attempting to locate auto-apply AttributeConverter for property [com.example.trainup.model.user.GymOwner:lastName]
2025-07-31 16:26:32.883 [main] DEBUG org.hibernate.boot.model.internal.BasicValueBinder - building BasicValue for lastName
2025-07-31 16:26:32.883 [main] DEBUG org.hibernate.mapping.BasicValue - Skipping column re-registration: gym_owners.last_name
2025-07-31 16:26:32.883 [main] DEBUG org.hibernate.boot.model.internal.PropertyBinder - Building property lastName
2025-07-31 16:26:32.883 [main] DEBUG org.hibernate.boot.model.internal.AnnotatedColumn - Binding column: AnnotatedColumn()
2025-07-31 16:26:32.883 [main] DEBUG org.hibernate.boot.model.internal.PropertyBinder - MetadataSourceProcessor property profileImageUrl with lazy=false
2025-07-31 16:26:32.884 [main] DEBUG org.hibernate.boot.model.internal.AbstractPropertyHolder - Attempting to locate auto-apply AttributeConverter for property [com.example.trainup.model.user.GymOwner:profileImageUrl]
2025-07-31 16:26:32.884 [main] DEBUG org.hibernate.boot.model.internal.BasicValueBinder - building BasicValue for profileImageUrl
2025-07-31 16:26:32.884 [main] DEBUG org.hibernate.mapping.BasicValue - Skipping column re-registration: gym_owners.profile_image_url
2025-07-31 16:26:32.884 [main] DEBUG org.hibernate.boot.model.internal.PropertyBinder - Building property profileImageUrl
2025-07-31 16:26:32.884 [main] DEBUG org.hibernate.boot.model.internal.AnnotatedColumn - Binding column: AnnotatedJoinColumn(column='user_credentials_id')
2025-07-31 16:26:32.884 [main] DEBUG org.hibernate.boot.model.internal.AnnotatedColumn - Binding column: AnnotatedColumn()
2025-07-31 16:26:32.885 [main] DEBUG org.hibernate.boot.model.internal.PropertyBinder - Building property userCredentials
2025-07-31 16:26:32.885 [main] DEBUG org.hibernate.boot.model.internal.AnnotatedColumn - Binding column: AnnotatedJoinColumn()
2025-07-31 16:26:32.885 [main] DEBUG org.hibernate.boot.model.internal.AnnotatedColumn - Binding column: AnnotatedColumn()
2025-07-31 16:26:32.885 [main] DEBUG org.hibernate.boot.model.internal.AnnotatedColumn - Binding column: IndexColumn(column='ownedGyms_ORDER')
2025-07-31 16:26:32.886 [main] DEBUG org.hibernate.boot.model.internal.AnnotatedColumn - Binding column: AnnotatedColumn()
2025-07-31 16:26:32.886 [main] DEBUG org.hibernate.boot.model.internal.AnnotatedColumn - Binding column: AnnotatedColumn(column='ownedGyms_KEY')
2025-07-31 16:26:32.886 [main] DEBUG org.hibernate.boot.model.internal.AnnotatedColumn - Binding column: AnnotatedJoinColumn(column='ownedGyms_KEY')
2025-07-31 16:26:32.886 [main] DEBUG org.hibernate.boot.model.internal.AnnotatedColumn - Binding column: AnnotatedJoinColumn()
2025-07-31 16:26:32.886 [main] DEBUG org.hibernate.boot.model.internal.AnnotatedColumn - Binding column: AnnotatedJoinColumn()
2025-07-31 16:26:32.887 [main] DEBUG org.hibernate.boot.model.internal.CollectionBinder - Collection role: com.example.trainup.model.user.GymOwner.ownedGyms
2025-07-31 16:26:32.887 [main] DEBUG org.hibernate.boot.model.internal.PropertyBinder - Building property ownedGyms
2025-07-31 16:26:32.887 [main] DEBUG org.hibernate.boot.model.internal.AnnotatedColumn - Binding column: AnnotatedJoinColumn()
2025-07-31 16:26:32.887 [main] DEBUG org.hibernate.boot.model.internal.AnnotatedColumn - Binding column: AnnotatedColumn()
2025-07-31 16:26:32.887 [main] DEBUG org.hibernate.boot.model.internal.AnnotatedColumn - Binding column: IndexColumn(column='phoneNumbers_ORDER')
2025-07-31 16:26:32.888 [main] DEBUG org.hibernate.boot.model.internal.AnnotatedColumn - Binding column: AnnotatedColumn()
2025-07-31 16:26:32.888 [main] DEBUG org.hibernate.boot.model.internal.AnnotatedColumn - Binding column: AnnotatedColumn(column='phoneNumbers_KEY')
2025-07-31 16:26:32.888 [main] DEBUG org.hibernate.boot.model.internal.AnnotatedColumn - Binding column: AnnotatedJoinColumn(column='phoneNumbers_KEY')
2025-07-31 16:26:32.888 [main] DEBUG org.hibernate.boot.model.internal.AnnotatedColumn - Binding column: AnnotatedJoinColumn(column='gym_owner_id')
2025-07-31 16:26:32.888 [main] DEBUG org.hibernate.boot.model.internal.AnnotatedColumn - Binding column: AnnotatedJoinColumn()
2025-07-31 16:26:32.889 [main] DEBUG org.hibernate.boot.model.internal.CollectionBinder - Collection role: com.example.trainup.model.user.GymOwner.phoneNumbers
2025-07-31 16:26:32.889 [main] DEBUG org.hibernate.boot.model.internal.PropertyBinder - Building property phoneNumbers
2025-07-31 16:26:32.902 [main] DEBUG org.hibernate.boot.registry.classloading.internal.ClassLoaderServiceImpl - HHH000194: Package not found or no package-info.java: com.example.trainup.model.user
2025-07-31 16:26:32.903 [main] DEBUG org.hibernate.boot.model.internal.EntityBinder - Binding entity from annotated class: com.example.trainup.model.user.Trainer
2025-07-31 16:26:32.903 [main] DEBUG org.hibernate.boot.model.internal.EntityBinder - Import with entity name Trainer
2025-07-31 16:26:32.904 [main] DEBUG org.hibernate.boot.model.internal.EntityBinder - Bind entity com.example.trainup.model.user.Trainer on table trainers
2025-07-31 16:26:32.904 [main] DEBUG org.hibernate.boot.model.internal.AnnotatedColumn - Binding column: AnnotatedDiscriminatorColumn(column='DTYPE')
2025-07-31 16:26:32.905 [main] DEBUG org.hibernate.boot.model.internal.AnnotatedColumn - Binding column: AnnotatedColumn()
2025-07-31 16:26:32.906 [main] DEBUG org.hibernate.boot.internal.ClassLoaderAccessImpl - Not known whether passed class name [com.example.trainup.model.user.Trainer] is safe
2025-07-31 16:26:32.906 [main] DEBUG org.hibernate.boot.internal.ClassLoaderAccessImpl - No temp ClassLoader provided; using live ClassLoader for loading potentially unsafe class : com.example.trainup.model.user.Trainer
2025-07-31 16:26:32.906 [main] DEBUG org.hibernate.boot.model.internal.PropertyBinder - MetadataSourceProcessor property id with lazy=false
2025-07-31 16:26:32.906 [main] DEBUG org.hibernate.boot.model.internal.AbstractPropertyHolder - Attempting to locate auto-apply AttributeConverter for property [com.example.trainup.model.user.Trainer:id]
2025-07-31 16:26:32.906 [main] DEBUG org.hibernate.boot.model.internal.BasicValueBinder - building BasicValue for id
2025-07-31 16:26:32.907 [main] DEBUG org.hibernate.mapping.BasicValue - Skipping column re-registration: trainers.id
2025-07-31 16:26:32.907 [main] DEBUG org.hibernate.boot.model.internal.PropertyBinder - Building property id
2025-07-31 16:26:32.907 [main] DEBUG org.hibernate.boot.model.internal.BinderHelper - #makeIdGenerator(BasicValue([Column(id)]), id, identity, , ...)
2025-07-31 16:26:32.907 [main] DEBUG org.hibernate.boot.model.internal.AnnotatedColumn - Binding column: AnnotatedColumn()
2025-07-31 16:26:32.907 [main] DEBUG org.hibernate.boot.model.internal.PropertyBinder - MetadataSourceProcessor property dateOfBirth with lazy=false
2025-07-31 16:26:32.908 [main] DEBUG org.hibernate.boot.model.internal.AbstractPropertyHolder - Attempting to locate auto-apply AttributeConverter for property [com.example.trainup.model.user.Trainer:dateOfBirth]
2025-07-31 16:26:32.908 [main] DEBUG org.hibernate.boot.model.internal.BasicValueBinder - building BasicValue for dateOfBirth
2025-07-31 16:26:32.908 [main] DEBUG org.hibernate.mapping.BasicValue - Skipping column re-registration: trainers.date_of_birth
2025-07-31 16:26:32.908 [main] DEBUG org.hibernate.boot.model.internal.PropertyBinder - Building property dateOfBirth
2025-07-31 16:26:32.908 [main] DEBUG org.hibernate.boot.model.internal.AnnotatedColumn - Binding column: AnnotatedColumn()
2025-07-31 16:26:32.909 [main] DEBUG org.hibernate.boot.model.internal.PropertyBinder - MetadataSourceProcessor property firstName with lazy=false
2025-07-31 16:26:32.909 [main] DEBUG org.hibernate.boot.model.internal.AbstractPropertyHolder - Attempting to locate auto-apply AttributeConverter for property [com.example.trainup.model.user.Trainer:firstName]
2025-07-31 16:26:32.909 [main] DEBUG org.hibernate.boot.model.internal.BasicValueBinder - building BasicValue for firstName
2025-07-31 16:26:32.909 [main] DEBUG org.hibernate.mapping.BasicValue - Skipping column re-registration: trainers.first_name
2025-07-31 16:26:32.910 [main] DEBUG org.hibernate.boot.model.internal.PropertyBinder - Building property firstName
2025-07-31 16:26:32.910 [main] DEBUG org.hibernate.boot.model.internal.AnnotatedColumn - Binding column: AnnotatedColumn()
2025-07-31 16:26:32.910 [main] DEBUG org.hibernate.boot.model.internal.PropertyBinder - MetadataSourceProcessor property gender with lazy=false
2025-07-31 16:26:32.910 [main] DEBUG org.hibernate.boot.model.internal.AbstractPropertyHolder - Attempting to locate auto-apply AttributeConverter for property [com.example.trainup.model.user.Trainer:gender]
2025-07-31 16:26:32.910 [main] DEBUG org.hibernate.boot.model.internal.BasicValueBinder - building BasicValue for gender
2025-07-31 16:26:32.911 [main] DEBUG org.hibernate.mapping.BasicValue - Skipping column re-registration: trainers.gender
2025-07-31 16:26:32.911 [main] DEBUG org.hibernate.boot.model.internal.PropertyBinder - Building property gender
2025-07-31 16:26:32.911 [main] DEBUG org.hibernate.boot.model.internal.AnnotatedColumn - Binding column: AnnotatedColumn()
2025-07-31 16:26:32.912 [main] DEBUG org.hibernate.boot.model.internal.PropertyBinder - MetadataSourceProcessor property isDeleted with lazy=false
2025-07-31 16:26:32.912 [main] DEBUG org.hibernate.boot.model.internal.AbstractPropertyHolder - Attempting to locate auto-apply AttributeConverter for property [com.example.trainup.model.user.Trainer:isDeleted]
2025-07-31 16:26:32.912 [main] DEBUG org.hibernate.boot.model.internal.BasicValueBinder - building BasicValue for isDeleted
2025-07-31 16:26:32.912 [main] DEBUG org.hibernate.mapping.BasicValue - Skipping column re-registration: trainers.is_deleted
2025-07-31 16:26:32.912 [main] DEBUG org.hibernate.boot.model.internal.PropertyBinder - Building property isDeleted
2025-07-31 16:26:32.913 [main] DEBUG org.hibernate.boot.model.internal.AnnotatedColumn - Binding column: AnnotatedColumn()
2025-07-31 16:26:32.913 [main] DEBUG org.hibernate.boot.model.internal.PropertyBinder - MetadataSourceProcessor property lastName with lazy=false
2025-07-31 16:26:32.913 [main] DEBUG org.hibernate.boot.model.internal.AbstractPropertyHolder - Attempting to locate auto-apply AttributeConverter for property [com.example.trainup.model.user.Trainer:lastName]
2025-07-31 16:26:32.913 [main] DEBUG org.hibernate.boot.model.internal.BasicValueBinder - building BasicValue for lastName
2025-07-31 16:26:32.914 [main] DEBUG org.hibernate.mapping.BasicValue - Skipping column re-registration: trainers.last_name
2025-07-31 16:26:32.914 [main] DEBUG org.hibernate.boot.model.internal.PropertyBinder - Building property lastName
2025-07-31 16:26:32.914 [main] DEBUG org.hibernate.boot.model.internal.AnnotatedColumn - Binding column: AnnotatedColumn()
2025-07-31 16:26:32.914 [main] DEBUG org.hibernate.boot.model.internal.PropertyBinder - MetadataSourceProcessor property profileImageUrl with lazy=false
2025-07-31 16:26:32.914 [main] DEBUG org.hibernate.boot.model.internal.AbstractPropertyHolder - Attempting to locate auto-apply AttributeConverter for property [com.example.trainup.model.user.Trainer:profileImageUrl]
2025-07-31 16:26:32.915 [main] DEBUG org.hibernate.boot.model.internal.BasicValueBinder - building BasicValue for profileImageUrl
2025-07-31 16:26:32.915 [main] DEBUG org.hibernate.mapping.BasicValue - Skipping column re-registration: trainers.profile_image_url
2025-07-31 16:26:32.915 [main] DEBUG org.hibernate.boot.model.internal.PropertyBinder - Building property profileImageUrl
2025-07-31 16:26:32.916 [main] DEBUG org.hibernate.boot.model.internal.AnnotatedColumn - Binding column: AnnotatedJoinColumn(column='user_credentials_id')
2025-07-31 16:26:32.916 [main] DEBUG org.hibernate.boot.model.internal.AnnotatedColumn - Binding column: AnnotatedColumn()
2025-07-31 16:26:32.916 [main] DEBUG org.hibernate.boot.model.internal.PropertyBinder - Building property userCredentials
2025-07-31 16:26:32.916 [main] DEBUG org.hibernate.boot.model.internal.AnnotatedColumn - Binding column: AnnotatedJoinColumn()
2025-07-31 16:26:32.917 [main] DEBUG org.hibernate.boot.model.internal.AnnotatedColumn - Binding column: AnnotatedColumn()
2025-07-31 16:26:32.917 [main] DEBUG org.hibernate.boot.model.internal.AnnotatedColumn - Binding column: IndexColumn(column='certificates_ORDER')
2025-07-31 16:26:32.917 [main] DEBUG org.hibernate.boot.model.internal.AnnotatedColumn - Binding column: AnnotatedColumn()
2025-07-31 16:26:32.918 [main] DEBUG org.hibernate.boot.model.internal.AnnotatedColumn - Binding column: AnnotatedColumn(column='certificates_KEY')
2025-07-31 16:26:32.918 [main] DEBUG org.hibernate.boot.model.internal.AnnotatedColumn - Binding column: AnnotatedJoinColumn(column='certificates_KEY')
2025-07-31 16:26:32.918 [main] DEBUG org.hibernate.boot.model.internal.AnnotatedColumn - Binding column: AnnotatedJoinColumn(column='trainer_id')
2025-07-31 16:26:32.918 [main] DEBUG org.hibernate.boot.model.internal.AnnotatedColumn - Binding column: AnnotatedJoinColumn()
2025-07-31 16:26:32.918 [main] DEBUG org.hibernate.boot.model.internal.CollectionBinder - Collection role: com.example.trainup.model.user.Trainer.certificates
2025-07-31 16:26:32.919 [main] DEBUG org.hibernate.boot.model.internal.PropertyBinder - Building property certificates
2025-07-31 16:26:32.919 [main] DEBUG org.hibernate.boot.model.internal.AnnotatedColumn - Binding column: AnnotatedColumn()
2025-07-31 16:26:32.919 [main] DEBUG org.hibernate.boot.model.internal.PropertyBinder - MetadataSourceProcessor property description with lazy=false
2025-07-31 16:26:32.919 [main] DEBUG org.hibernate.boot.model.internal.AbstractPropertyHolder - Attempting to locate auto-apply AttributeConverter for property [com.example.trainup.model.user.Trainer:description]
2025-07-31 16:26:32.919 [main] DEBUG org.hibernate.boot.model.internal.BasicValueBinder - building BasicValue for description
2025-07-31 16:26:32.920 [main] DEBUG org.hibernate.mapping.BasicValue - Skipping column re-registration: trainers.description
2025-07-31 16:26:32.920 [main] DEBUG org.hibernate.boot.model.internal.PropertyBinder - Building property description
2025-07-31 16:26:32.920 [main] DEBUG org.hibernate.boot.model.internal.AnnotatedColumn - Binding column: IndexColumn(column='gyms_ORDER')
2025-07-31 16:26:32.921 [main] DEBUG org.hibernate.boot.model.internal.AnnotatedColumn - Binding column: AnnotatedColumn()
2025-07-31 16:26:32.921 [main] DEBUG org.hibernate.boot.model.internal.AnnotatedColumn - Binding column: AnnotatedColumn(column='gyms_KEY')
2025-07-31 16:26:32.921 [main] DEBUG org.hibernate.boot.model.internal.AnnotatedColumn - Binding column: AnnotatedJoinColumn(column='gyms_KEY')
2025-07-31 16:26:32.921 [main] DEBUG org.hibernate.boot.model.internal.AnnotatedColumn - Binding column: AnnotatedJoinColumn()
2025-07-31 16:26:32.922 [main] DEBUG org.hibernate.boot.model.internal.AnnotatedColumn - Binding column: AnnotatedJoinColumn()
2025-07-31 16:26:32.922 [main] DEBUG org.hibernate.boot.model.internal.CollectionBinder - Collection role: com.example.trainup.model.user.Trainer.gyms
2025-07-31 16:26:32.922 [main] DEBUG org.hibernate.boot.model.internal.PropertyBinder - Building property gyms
2025-07-31 16:26:32.922 [main] DEBUG org.hibernate.boot.model.internal.AnnotatedColumn - Binding column: AnnotatedJoinColumn(column='address_id')
2025-07-31 16:26:32.922 [main] DEBUG org.hibernate.boot.model.internal.AnnotatedColumn - Binding column: AnnotatedColumn()
2025-07-31 16:26:32.923 [main] DEBUG org.hibernate.boot.model.internal.PropertyBinder - Building property location
2025-07-31 16:26:32.923 [main] DEBUG org.hibernate.boot.model.internal.AnnotatedColumn - Binding column: AnnotatedColumn()
2025-07-31 16:26:32.923 [main] DEBUG org.hibernate.boot.model.internal.PropertyBinder - MetadataSourceProcessor property numberOfReviews with lazy=false
2025-07-31 16:26:32.923 [main] DEBUG org.hibernate.boot.model.internal.AbstractPropertyHolder - Attempting to locate auto-apply AttributeConverter for property [com.example.trainup.model.user.Trainer:numberOfReviews]
2025-07-31 16:26:32.923 [main] DEBUG org.hibernate.boot.model.internal.BasicValueBinder - building BasicValue for numberOfReviews
2025-07-31 16:26:32.924 [main] DEBUG org.hibernate.mapping.BasicValue - Skipping column re-registration: trainers.number_of_reviews
2025-07-31 16:26:32.924 [main] DEBUG org.hibernate.boot.model.internal.PropertyBinder - Building property numberOfReviews
2025-07-31 16:26:32.924 [main] DEBUG org.hibernate.boot.model.internal.AnnotatedColumn - Binding column: AnnotatedColumn()
2025-07-31 16:26:32.925 [main] DEBUG org.hibernate.boot.model.internal.PropertyBinder - MetadataSourceProcessor property onlineTraining with lazy=false
2025-07-31 16:26:32.925 [main] DEBUG org.hibernate.boot.model.internal.AbstractPropertyHolder - Attempting to locate auto-apply AttributeConverter for property [com.example.trainup.model.user.Trainer:onlineTraining]
2025-07-31 16:26:32.926 [main] DEBUG org.hibernate.boot.model.internal.BasicValueBinder - building BasicValue for onlineTraining
2025-07-31 16:26:32.926 [main] DEBUG org.hibernate.mapping.BasicValue - Skipping column re-registration: trainers.online_training
2025-07-31 16:26:32.926 [main] DEBUG org.hibernate.boot.model.internal.PropertyBinder - Building property onlineTraining
2025-07-31 16:26:32.926 [main] DEBUG org.hibernate.boot.model.internal.AnnotatedColumn - Binding column: AnnotatedColumn()
2025-07-31 16:26:32.927 [main] DEBUG org.hibernate.boot.model.internal.PropertyBinder - MetadataSourceProcessor property overallRating with lazy=false
2025-07-31 16:26:32.927 [main] DEBUG org.hibernate.boot.model.internal.AbstractPropertyHolder - Attempting to locate auto-apply AttributeConverter for property [com.example.trainup.model.user.Trainer:overallRating]
2025-07-31 16:26:32.927 [main] DEBUG org.hibernate.boot.model.internal.BasicValueBinder - building BasicValue for overallRating
2025-07-31 16:26:32.927 [main] DEBUG org.hibernate.mapping.BasicValue - Skipping column re-registration: trainers.overall_rating
2025-07-31 16:26:32.927 [main] DEBUG org.hibernate.boot.model.internal.PropertyBinder - Building property overallRating
2025-07-31 16:26:32.928 [main] DEBUG org.hibernate.boot.model.internal.AnnotatedColumn - Binding column: AnnotatedJoinColumn()
2025-07-31 16:26:32.928 [main] DEBUG org.hibernate.boot.model.internal.AnnotatedColumn - Binding column: AnnotatedColumn()
2025-07-31 16:26:32.929 [main] DEBUG org.hibernate.boot.model.internal.AnnotatedColumn - Binding column: IndexColumn(column='phoneNumbers_ORDER')
2025-07-31 16:26:32.929 [main] DEBUG org.hibernate.boot.model.internal.AnnotatedColumn - Binding column: AnnotatedColumn()
2025-07-31 16:26:32.930 [main] DEBUG org.hibernate.boot.model.internal.AnnotatedColumn - Binding column: AnnotatedColumn(column='phoneNumbers_KEY')
2025-07-31 16:26:32.930 [main] DEBUG org.hibernate.boot.model.internal.AnnotatedColumn - Binding column: AnnotatedJoinColumn(column='phoneNumbers_KEY')
2025-07-31 16:26:32.930 [main] DEBUG org.hibernate.boot.model.internal.AnnotatedColumn - Binding column: AnnotatedJoinColumn(column='trainer_id')
2025-07-31 16:26:32.930 [main] DEBUG org.hibernate.boot.model.internal.AnnotatedColumn - Binding column: AnnotatedJoinColumn()
2025-07-31 16:26:32.930 [main] DEBUG org.hibernate.boot.model.internal.CollectionBinder - Collection role: com.example.trainup.model.user.Trainer.phoneNumbers
2025-07-31 16:26:32.930 [main] DEBUG org.hibernate.boot.model.internal.PropertyBinder - Building property phoneNumbers
2025-07-31 16:26:32.931 [main] DEBUG org.hibernate.boot.model.internal.AnnotatedColumn - Binding column: AnnotatedJoinColumn()
2025-07-31 16:26:32.931 [main] DEBUG org.hibernate.boot.model.internal.AnnotatedColumn - Binding column: AnnotatedColumn()
2025-07-31 16:26:32.931 [main] DEBUG org.hibernate.boot.model.internal.AnnotatedColumn - Binding column: IndexColumn(column='reviews_ORDER')
2025-07-31 16:26:32.931 [main] DEBUG org.hibernate.boot.model.internal.AnnotatedColumn - Binding column: AnnotatedColumn()
2025-07-31 16:26:32.931 [main] DEBUG org.hibernate.boot.model.internal.AnnotatedColumn - Binding column: AnnotatedColumn(column='reviews_KEY')
2025-07-31 16:26:32.932 [main] DEBUG org.hibernate.boot.model.internal.AnnotatedColumn - Binding column: AnnotatedJoinColumn(column='reviews_KEY')
2025-07-31 16:26:32.932 [main] DEBUG org.hibernate.boot.model.internal.AnnotatedColumn - Binding column: AnnotatedJoinColumn()
2025-07-31 16:26:32.932 [main] DEBUG org.hibernate.boot.model.internal.AnnotatedColumn - Binding column: AnnotatedJoinColumn()
2025-07-31 16:26:32.932 [main] DEBUG org.hibernate.boot.model.internal.CollectionBinder - Collection role: com.example.trainup.model.user.Trainer.reviews
2025-07-31 16:26:32.932 [main] DEBUG org.hibernate.boot.model.internal.PropertyBinder - Building property reviews
2025-07-31 16:26:32.932 [main] DEBUG org.hibernate.boot.model.internal.AnnotatedColumn - Binding column: AnnotatedColumn()
2025-07-31 16:26:32.933 [main] DEBUG org.hibernate.boot.model.internal.PropertyBinder - MetadataSourceProcessor property socialMediaLinks with lazy=false
2025-07-31 16:26:32.933 [main] DEBUG org.hibernate.boot.model.internal.AbstractPropertyHolder - Attempting to locate auto-apply AttributeConverter for property [com.example.trainup.model.user.Trainer:socialMediaLinks]
2025-07-31 16:26:32.933 [main] DEBUG org.hibernate.boot.model.internal.BasicValueBinder - building BasicValue for socialMediaLinks
2025-07-31 16:26:32.933 [main] DEBUG org.hibernate.mapping.BasicValue - Skipping column re-registration: trainers.social_media_links
2025-07-31 16:26:32.933 [main] DEBUG org.hibernate.boot.model.internal.PropertyBinder - Building property socialMediaLinks
2025-07-31 16:26:32.934 [main] DEBUG org.hibernate.boot.model.internal.AnnotatedColumn - Binding column: IndexColumn(column='sports_ORDER')
2025-07-31 16:26:32.934 [main] DEBUG org.hibernate.boot.model.internal.AnnotatedColumn - Binding column: AnnotatedColumn()
2025-07-31 16:26:32.934 [main] DEBUG org.hibernate.boot.model.internal.AnnotatedColumn - Binding column: AnnotatedColumn(column='sports_KEY')
2025-07-31 16:26:32.934 [main] DEBUG org.hibernate.boot.model.internal.AnnotatedColumn - Binding column: AnnotatedJoinColumn(column='sports_KEY')
2025-07-31 16:26:32.935 [main] DEBUG org.hibernate.boot.model.internal.AnnotatedColumn - Binding column: AnnotatedJoinColumn(column='trainer_id')
2025-07-31 16:26:32.935 [main] DEBUG org.hibernate.boot.model.internal.AnnotatedColumn - Binding column: AnnotatedJoinColumn(column='sport_id')
2025-07-31 16:26:32.935 [main] DEBUG org.hibernate.boot.model.internal.CollectionBinder - Collection role: com.example.trainup.model.user.Trainer.sports
2025-07-31 16:26:32.935 [main] DEBUG org.hibernate.boot.model.internal.PropertyBinder - Building property sports
2025-07-31 16:26:32.947 [main] DEBUG org.hibernate.boot.registry.classloading.internal.ClassLoaderServiceImpl - HHH000194: Package not found or no package-info.java: com.example.trainup.model.user
2025-07-31 16:26:32.948 [main] DEBUG org.hibernate.boot.model.internal.EntityBinder - Binding entity from annotated class: com.example.trainup.model.user.UserCredentials
2025-07-31 16:26:32.948 [main] DEBUG org.hibernate.boot.model.internal.EntityBinder - Import with entity name UserCredentials
2025-07-31 16:26:32.949 [main] DEBUG org.hibernate.boot.model.internal.EntityBinder - Bind entity com.example.trainup.model.user.UserCredentials on table user_credentials
2025-07-31 16:26:32.949 [main] DEBUG org.hibernate.boot.model.internal.AnnotatedColumn - Binding column: AnnotatedDiscriminatorColumn(column='DTYPE')
2025-07-31 16:26:32.960 [main] DEBUG org.hibernate.boot.model.internal.AnnotatedColumn - Binding column: AnnotatedColumn()
2025-07-31 16:26:32.961 [main] DEBUG org.hibernate.boot.internal.ClassLoaderAccessImpl - Not known whether passed class name [com.example.trainup.model.user.UserCredentials] is safe
2025-07-31 16:26:32.961 [main] DEBUG org.hibernate.boot.internal.ClassLoaderAccessImpl - No temp ClassLoader provided; using live ClassLoader for loading potentially unsafe class : com.example.trainup.model.user.UserCredentials
2025-07-31 16:26:32.961 [main] DEBUG org.hibernate.boot.model.internal.PropertyBinder - MetadataSourceProcessor property id with lazy=false
2025-07-31 16:26:32.961 [main] DEBUG org.hibernate.boot.model.internal.AbstractPropertyHolder - Attempting to locate auto-apply AttributeConverter for property [com.example.trainup.model.user.UserCredentials:id]
2025-07-31 16:26:32.962 [main] DEBUG org.hibernate.boot.model.internal.BasicValueBinder - building BasicValue for id
2025-07-31 16:26:32.962 [main] DEBUG org.hibernate.mapping.BasicValue - Skipping column re-registration: user_credentials.id
2025-07-31 16:26:32.962 [main] DEBUG org.hibernate.boot.model.internal.PropertyBinder - Building property id
2025-07-31 16:26:32.962 [main] DEBUG org.hibernate.boot.model.internal.BinderHelper - #makeIdGenerator(BasicValue([Column(id)]), id, identity, , ...)
2025-07-31 16:26:32.963 [main] DEBUG org.hibernate.boot.model.internal.AnnotatedColumn - Binding column: AnnotatedColumn()
2025-07-31 16:26:32.963 [main] DEBUG org.hibernate.boot.model.internal.PropertyBinder - MetadataSourceProcessor property email with lazy=false
2025-07-31 16:26:32.963 [main] DEBUG org.hibernate.boot.model.internal.AbstractPropertyHolder - Attempting to locate auto-apply AttributeConverter for property [com.example.trainup.model.user.UserCredentials:email]
2025-07-31 16:26:32.963 [main] DEBUG org.hibernate.boot.model.internal.BasicValueBinder - building BasicValue for email
2025-07-31 16:26:32.963 [main] DEBUG org.hibernate.mapping.BasicValue - Skipping column re-registration: user_credentials.email
2025-07-31 16:26:32.963 [main] DEBUG org.hibernate.boot.model.internal.PropertyBinder - Building property email
2025-07-31 16:26:32.964 [main] DEBUG org.hibernate.boot.model.internal.AnnotatedColumn - Binding column: AnnotatedColumn()
2025-07-31 16:26:32.964 [main] DEBUG org.hibernate.boot.model.internal.PropertyBinder - MetadataSourceProcessor property isDeleted with lazy=false
2025-07-31 16:26:32.964 [main] DEBUG org.hibernate.boot.model.internal.AbstractPropertyHolder - Attempting to locate auto-apply AttributeConverter for property [com.example.trainup.model.user.UserCredentials:isDeleted]
2025-07-31 16:26:32.964 [main] DEBUG org.hibernate.boot.model.internal.BasicValueBinder - building BasicValue for isDeleted
2025-07-31 16:26:32.964 [main] DEBUG org.hibernate.mapping.BasicValue - Skipping column re-registration: user_credentials.is_deleted
2025-07-31 16:26:32.964 [main] DEBUG org.hibernate.boot.model.internal.PropertyBinder - Building property isDeleted
2025-07-31 16:26:32.965 [main] DEBUG org.hibernate.boot.model.internal.AnnotatedColumn - Binding column: AnnotatedColumn()
2025-07-31 16:26:32.965 [main] DEBUG org.hibernate.boot.model.internal.PropertyBinder - MetadataSourceProcessor property password with lazy=false
2025-07-31 16:26:32.965 [main] DEBUG org.hibernate.boot.model.internal.AbstractPropertyHolder - Attempting to locate auto-apply AttributeConverter for property [com.example.trainup.model.user.UserCredentials:password]
2025-07-31 16:26:32.965 [main] DEBUG org.hibernate.boot.model.internal.BasicValueBinder - building BasicValue for password
2025-07-31 16:26:32.965 [main] DEBUG org.hibernate.mapping.BasicValue - Skipping column re-registration: user_credentials.password
2025-07-31 16:26:32.965 [main] DEBUG org.hibernate.boot.model.internal.PropertyBinder - Building property password
2025-07-31 16:26:32.966 [main] DEBUG org.hibernate.boot.model.internal.AnnotatedColumn - Binding column: IndexColumn(column='roles_ORDER')
2025-07-31 16:26:32.966 [main] DEBUG org.hibernate.boot.model.internal.AnnotatedColumn - Binding column: AnnotatedColumn()
2025-07-31 16:26:32.966 [main] DEBUG org.hibernate.boot.model.internal.AnnotatedColumn - Binding column: AnnotatedColumn(column='roles_KEY')
2025-07-31 16:26:32.966 [main] DEBUG org.hibernate.boot.model.internal.AnnotatedColumn - Binding column: AnnotatedJoinColumn(column='roles_KEY')
2025-07-31 16:26:32.966 [main] DEBUG org.hibernate.boot.model.internal.AnnotatedColumn - Binding column: AnnotatedJoinColumn(column='user_credentials_id')
2025-07-31 16:26:32.967 [main] DEBUG org.hibernate.boot.model.internal.AnnotatedColumn - Binding column: AnnotatedJoinColumn(column='role_id')
2025-07-31 16:26:32.967 [main] DEBUG org.hibernate.boot.model.internal.CollectionBinder - Collection role: com.example.trainup.model.user.UserCredentials.roles
2025-07-31 16:26:32.967 [main] DEBUG org.hibernate.boot.model.internal.PropertyBinder - Building property roles
2025-07-31 16:26:32.967 [main] DEBUG org.hibernate.boot.model.internal.AnnotatedColumn - Binding column: AnnotatedColumn()
2025-07-31 16:26:32.967 [main] DEBUG org.hibernate.boot.model.internal.PropertyBinder - MetadataSourceProcessor property userType with lazy=false
2025-07-31 16:26:32.967 [main] DEBUG org.hibernate.boot.model.internal.AbstractPropertyHolder - Attempting to locate auto-apply AttributeConverter for property [com.example.trainup.model.user.UserCredentials:userType]
2025-07-31 16:26:32.968 [main] DEBUG org.hibernate.boot.model.internal.BasicValueBinder - building BasicValue for userType
2025-07-31 16:26:32.968 [main] DEBUG org.hibernate.mapping.BasicValue - Skipping column re-registration: user_credentials.user_type
2025-07-31 16:26:32.968 [main] DEBUG org.hibernate.boot.model.internal.PropertyBinder - Building property userType
2025-07-31 16:26:32.982 [main] DEBUG org.hibernate.boot.registry.classloading.internal.ClassLoaderServiceImpl - HHH000194: Package not found or no package-info.java: com.example.trainup.model.user
2025-07-31 16:26:32.992 [main] DEBUG org.hibernate.boot.model.internal.BasicValueBinder - Starting `BasicValueBinder#fillSimpleValue` for id
2025-07-31 16:26:32.997 [main] DEBUG org.hibernate.boot.model.internal.BasicValueBinder - Starting `BasicValueBinder#fillSimpleValue` for city
2025-07-31 16:26:32.997 [main] DEBUG org.hibernate.boot.model.internal.BasicValueBinder - Starting `BasicValueBinder#fillSimpleValue` for cityDistrict
2025-07-31 16:26:32.997 [main] DEBUG org.hibernate.boot.model.internal.BasicValueBinder - Starting `BasicValueBinder#fillSimpleValue` for country
2025-07-31 16:26:32.998 [main] DEBUG org.hibernate.boot.model.internal.BasicValueBinder - Starting `BasicValueBinder#fillSimpleValue` for house
2025-07-31 16:26:32.998 [main] DEBUG org.hibernate.boot.model.internal.BasicValueBinder - Starting `BasicValueBinder#fillSimpleValue` for isDeleted
2025-07-31 16:26:32.998 [main] DEBUG org.hibernate.boot.model.internal.BasicValueBinder - Starting `BasicValueBinder#fillSimpleValue` for street
2025-07-31 16:26:32.998 [main] DEBUG org.hibernate.boot.model.internal.BasicValueBinder - Starting `BasicValueBinder#fillSimpleValue` for id
2025-07-31 16:26:32.998 [main] DEBUG org.hibernate.boot.model.internal.BasicValueBinder - Starting `BasicValueBinder#fillSimpleValue` for dateTime
2025-07-31 16:26:32.998 [main] DEBUG org.hibernate.boot.model.internal.BasicValueBinder - Starting `BasicValueBinder#fillSimpleValue` for description
2025-07-31 16:26:32.999 [main] DEBUG org.hibernate.boot.model.internal.BasicValueBinder - Starting `BasicValueBinder#fillSimpleValue` for name
2025-07-31 16:26:32.999 [main] DEBUG org.hibernate.boot.model.internal.BasicValueBinder - Starting `BasicValueBinder#fillSimpleValue` for id
2025-07-31 16:26:32.999 [main] DEBUG org.hibernate.boot.model.internal.BasicValueBinder - Starting `BasicValueBinder#fillSimpleValue` for description
2025-07-31 16:26:32.999 [main] DEBUG org.hibernate.boot.model.internal.BasicValueBinder - Starting `BasicValueBinder#fillSimpleValue` for isDeleted
2025-07-31 16:26:32.999 [main] DEBUG org.hibernate.boot.model.internal.BasicValueBinder - Starting `BasicValueBinder#fillSimpleValue` for name
2025-07-31 16:26:32.999 [main] DEBUG org.hibernate.boot.model.internal.BasicValueBinder - Starting `BasicValueBinder#fillSimpleValue` for numberOfReviews
2025-07-31 16:26:33.000 [main] DEBUG org.hibernate.boot.model.internal.BasicValueBinder - Starting `BasicValueBinder#fillSimpleValue` for overallRating
2025-07-31 16:26:33.000 [main] DEBUG org.hibernate.boot.model.internal.BasicValueBinder - Starting `BasicValueBinder#fillSimpleValue` for website
2025-07-31 16:26:33.000 [main] DEBUG org.hibernate.boot.model.internal.BasicValueBinder - Starting `BasicValueBinder#fillSimpleValue` for id
2025-07-31 16:26:33.000 [main] DEBUG org.hibernate.boot.model.internal.BasicValueBinder - Starting `BasicValueBinder#fillSimpleValue` for imageUrl
2025-07-31 16:26:33.000 [main] DEBUG org.hibernate.boot.model.internal.BasicValueBinder - Starting `BasicValueBinder#fillSimpleValue` for isDeleted
2025-07-31 16:26:33.000 [main] DEBUG org.hibernate.boot.model.internal.BasicValueBinder - Starting `BasicValueBinder#fillSimpleValue` for id
2025-07-31 16:26:33.000 [main] DEBUG org.hibernate.boot.model.internal.BasicValueBinder - Starting `BasicValueBinder#fillSimpleValue` for description
2025-07-31 16:26:33.001 [main] DEBUG org.hibernate.boot.model.internal.BasicValueBinder - Starting `BasicValueBinder#fillSimpleValue` for rating
2025-07-31 16:26:33.001 [main] DEBUG org.hibernate.boot.model.internal.BasicValueBinder - Starting `BasicValueBinder#fillSimpleValue` for id
2025-07-31 16:26:33.001 [main] DEBUG org.hibernate.boot.model.internal.BasicValueBinder - Starting `BasicValueBinder#fillSimpleValue` for name
2025-07-31 16:26:33.001 [main] DEBUG org.hibernate.boot.model.internal.BasicValueBinder - Starting `BasicValueBinder#fillSimpleValue` for id
2025-07-31 16:26:33.001 [main] DEBUG org.hibernate.boot.model.internal.BasicValueBinder - Starting `BasicValueBinder#fillSimpleValue` for isDeleted
2025-07-31 16:26:33.001 [main] DEBUG org.hibernate.boot.model.internal.BasicValueBinder - Starting `BasicValueBinder#fillSimpleValue` for sportName
2025-07-31 16:26:33.001 [main] DEBUG org.hibernate.boot.model.internal.BasicValueBinder - Starting `BasicValueBinder#fillSimpleValue` for id
2025-07-31 16:26:33.002 [main] DEBUG org.hibernate.boot.model.internal.BasicValueBinder - Starting `BasicValueBinder#fillSimpleValue` for dateOfBirth
2025-07-31 16:26:33.002 [main] DEBUG org.hibernate.boot.model.internal.BasicValueBinder - Starting `BasicValueBinder#fillSimpleValue` for firstName
2025-07-31 16:26:33.002 [main] DEBUG org.hibernate.boot.model.internal.BasicValueBinder - Starting `BasicValueBinder#fillSimpleValue` for gender
2025-07-31 16:26:33.008 [main] DEBUG org.hibernate.boot.model.internal.BasicValueBinder - Starting `BasicValueBinder#fillSimpleValue` for isDeleted
2025-07-31 16:26:33.009 [main] DEBUG org.hibernate.boot.model.internal.BasicValueBinder - Starting `BasicValueBinder#fillSimpleValue` for lastName
2025-07-31 16:26:33.009 [main] DEBUG org.hibernate.boot.model.internal.BasicValueBinder - Starting `BasicValueBinder#fillSimpleValue` for profileImageUrl
2025-07-31 16:26:33.009 [main] DEBUG org.hibernate.boot.model.internal.BasicValueBinder - Starting `BasicValueBinder#fillSimpleValue` for id
2025-07-31 16:26:33.009 [main] DEBUG org.hibernate.boot.model.internal.BasicValueBinder - Starting `BasicValueBinder#fillSimpleValue` for dateOfBirth
2025-07-31 16:26:33.009 [main] DEBUG org.hibernate.boot.model.internal.BasicValueBinder - Starting `BasicValueBinder#fillSimpleValue` for firstName
2025-07-31 16:26:33.010 [main] DEBUG org.hibernate.boot.model.internal.BasicValueBinder - Starting `BasicValueBinder#fillSimpleValue` for gender
2025-07-31 16:26:33.010 [main] DEBUG org.hibernate.boot.model.internal.BasicValueBinder - Starting `BasicValueBinder#fillSimpleValue` for isDeleted
2025-07-31 16:26:33.010 [main] DEBUG org.hibernate.boot.model.internal.BasicValueBinder - Starting `BasicValueBinder#fillSimpleValue` for lastName
2025-07-31 16:26:33.010 [main] DEBUG org.hibernate.boot.model.internal.BasicValueBinder - Starting `BasicValueBinder#fillSimpleValue` for profileImageUrl
2025-07-31 16:26:33.010 [main] DEBUG org.hibernate.boot.model.internal.BasicValueBinder - Starting `BasicValueBinder#fillSimpleValue` for emailPermission
2025-07-31 16:26:33.010 [main] DEBUG org.hibernate.boot.model.internal.BasicValueBinder - Starting `BasicValueBinder#fillSimpleValue` for phonePermission
2025-07-31 16:26:33.011 [main] DEBUG org.hibernate.boot.model.internal.BasicValueBinder - Starting `BasicValueBinder#fillSimpleValue` for id
2025-07-31 16:26:33.011 [main] DEBUG org.hibernate.boot.model.internal.BasicValueBinder - Starting `BasicValueBinder#fillSimpleValue` for dateOfBirth
2025-07-31 16:26:33.011 [main] DEBUG org.hibernate.boot.model.internal.BasicValueBinder - Starting `BasicValueBinder#fillSimpleValue` for firstName
2025-07-31 16:26:33.011 [main] DEBUG org.hibernate.boot.model.internal.BasicValueBinder - Starting `BasicValueBinder#fillSimpleValue` for gender
2025-07-31 16:26:33.011 [main] DEBUG org.hibernate.boot.model.internal.BasicValueBinder - Starting `BasicValueBinder#fillSimpleValue` for isDeleted
2025-07-31 16:26:33.011 [main] DEBUG org.hibernate.boot.model.internal.BasicValueBinder - Starting `BasicValueBinder#fillSimpleValue` for lastName
2025-07-31 16:26:33.012 [main] DEBUG org.hibernate.boot.model.internal.BasicValueBinder - Starting `BasicValueBinder#fillSimpleValue` for profileImageUrl
2025-07-31 16:26:33.012 [main] DEBUG org.hibernate.boot.model.internal.BasicValueBinder - Starting `BasicValueBinder#fillSimpleValue` for id
2025-07-31 16:26:33.012 [main] DEBUG org.hibernate.boot.model.internal.BasicValueBinder - Starting `BasicValueBinder#fillSimpleValue` for dateOfBirth
2025-07-31 16:26:33.012 [main] DEBUG org.hibernate.boot.model.internal.BasicValueBinder - Starting `BasicValueBinder#fillSimpleValue` for firstName
2025-07-31 16:26:33.012 [main] DEBUG org.hibernate.boot.model.internal.BasicValueBinder - Starting `BasicValueBinder#fillSimpleValue` for gender
2025-07-31 16:26:33.012 [main] DEBUG org.hibernate.boot.model.internal.BasicValueBinder - Starting `BasicValueBinder#fillSimpleValue` for isDeleted
2025-07-31 16:26:33.012 [main] DEBUG org.hibernate.boot.model.internal.BasicValueBinder - Starting `BasicValueBinder#fillSimpleValue` for lastName
2025-07-31 16:26:33.013 [main] DEBUG org.hibernate.boot.model.internal.BasicValueBinder - Starting `BasicValueBinder#fillSimpleValue` for profileImageUrl
2025-07-31 16:26:33.013 [main] DEBUG org.hibernate.boot.model.internal.BasicValueBinder - Starting `BasicValueBinder#fillSimpleValue` for description
2025-07-31 16:26:33.013 [main] DEBUG org.hibernate.boot.model.internal.BasicValueBinder - Starting `BasicValueBinder#fillSimpleValue` for numberOfReviews
2025-07-31 16:26:33.013 [main] DEBUG org.hibernate.boot.model.internal.BasicValueBinder - Starting `BasicValueBinder#fillSimpleValue` for onlineTraining
2025-07-31 16:26:33.013 [main] DEBUG org.hibernate.boot.model.internal.BasicValueBinder - Starting `BasicValueBinder#fillSimpleValue` for overallRating
2025-07-31 16:26:33.014 [main] DEBUG org.hibernate.boot.model.internal.BasicValueBinder - Starting `BasicValueBinder#fillSimpleValue` for socialMediaLinks
2025-07-31 16:26:33.014 [main] DEBUG org.hibernate.boot.model.internal.BasicValueBinder - Starting `BasicValueBinder#fillSimpleValue` for id
2025-07-31 16:26:33.014 [main] DEBUG org.hibernate.boot.model.internal.BasicValueBinder - Starting `BasicValueBinder#fillSimpleValue` for email
2025-07-31 16:26:33.014 [main] DEBUG org.hibernate.boot.model.internal.BasicValueBinder - Starting `BasicValueBinder#fillSimpleValue` for isDeleted
2025-07-31 16:26:33.014 [main] DEBUG org.hibernate.boot.model.internal.BasicValueBinder - Starting `BasicValueBinder#fillSimpleValue` for password
2025-07-31 16:26:33.014 [main] DEBUG org.hibernate.boot.model.internal.BasicValueBinder - Starting `BasicValueBinder#fillSimpleValue` for userType
2025-07-31 16:26:33.038 [main] DEBUG org.hibernate.mapping.PrimaryKey - Forcing column [id] to be non-null as it is part of the primary key for table [addresses]
2025-07-31 16:26:33.038 [main] DEBUG org.hibernate.mapping.PrimaryKey - Forcing column [id] to be non-null as it is part of the primary key for table [events]
2025-07-31 16:26:33.039 [main] DEBUG org.hibernate.mapping.PrimaryKey - Forcing column [id] to be non-null as it is part of the primary key for table [gyms]
2025-07-31 16:26:33.039 [main] DEBUG org.hibernate.mapping.PrimaryKey - Forcing column [id] to be non-null as it is part of the primary key for table [gym_photos]
2025-07-31 16:26:33.039 [main] DEBUG org.hibernate.mapping.PrimaryKey - Forcing column [id] to be non-null as it is part of the primary key for table [reviews]
2025-07-31 16:26:33.039 [main] DEBUG org.hibernate.mapping.PrimaryKey - Forcing column [id] to be non-null as it is part of the primary key for table [roles]
2025-07-31 16:26:33.039 [main] DEBUG org.hibernate.mapping.PrimaryKey - Forcing column [id] to be non-null as it is part of the primary key for table [sports]
2025-07-31 16:26:33.039 [main] DEBUG org.hibernate.mapping.PrimaryKey - Forcing column [id] to be non-null as it is part of the primary key for table [admins]
2025-07-31 16:26:33.039 [main] DEBUG org.hibernate.mapping.PrimaryKey - Forcing column [id] to be non-null as it is part of the primary key for table [athletes]
2025-07-31 16:26:33.040 [main] DEBUG org.hibernate.mapping.PrimaryKey - Forcing column [id] to be non-null as it is part of the primary key for table [gym_owners]
2025-07-31 16:26:33.040 [main] DEBUG org.hibernate.mapping.PrimaryKey - Forcing column [id] to be non-null as it is part of the primary key for table [trainers]
2025-07-31 16:26:33.040 [main] DEBUG org.hibernate.mapping.PrimaryKey - Forcing column [id] to be non-null as it is part of the primary key for table [user_credentials]
2025-07-31 16:26:33.040 [main] DEBUG org.hibernate.boot.model.internal.CollectionSecondPass - Second pass for collection: com.example.trainup.model.user.UserCredentials.roles
2025-07-31 16:26:33.041 [main] DEBUG org.hibernate.boot.model.internal.CollectionBinder - Binding a ManyToMany: com.example.trainup.model.user.UserCredentials.roles
2025-07-31 16:26:33.055 [main] DEBUG org.hibernate.boot.registry.classloading.internal.ClassLoaderServiceImpl - HHH000194: Package not found or no package-info.java: com.example.trainup.model.user
2025-07-31 16:26:33.069 [main] DEBUG org.hibernate.mapping.PrimaryKey - Forcing column [user_credentials_id] to be non-null as it is part of the primary key for table [user_credentials_roles]
2025-07-31 16:26:33.069 [main] DEBUG org.hibernate.mapping.PrimaryKey - Forcing column [role_id] to be non-null as it is part of the primary key for table [user_credentials_roles]
2025-07-31 16:26:33.069 [main] DEBUG org.hibernate.boot.model.internal.CollectionSecondPass - Mapped collection key: user_credentials_id, element: role_id
2025-07-31 16:26:33.069 [main] DEBUG org.hibernate.boot.model.internal.CollectionSecondPass - Second pass for collection: com.example.trainup.model.user.Trainer.sports
2025-07-31 16:26:33.070 [main] DEBUG org.hibernate.boot.model.internal.CollectionBinder - Binding a ManyToMany: com.example.trainup.model.user.Trainer.sports
2025-07-31 16:26:33.082 [main] DEBUG org.hibernate.boot.registry.classloading.internal.ClassLoaderServiceImpl - HHH000194: Package not found or no package-info.java: com.example.trainup.model.user
2025-07-31 16:26:33.083 [main] DEBUG org.hibernate.mapping.PrimaryKey - Forcing column [trainer_id] to be non-null as it is part of the primary key for table [sports_trainers]
2025-07-31 16:26:33.083 [main] DEBUG org.hibernate.mapping.PrimaryKey - Forcing column [sport_id] to be non-null as it is part of the primary key for table [sports_trainers]
2025-07-31 16:26:33.083 [main] DEBUG org.hibernate.boot.model.internal.CollectionSecondPass - Mapped collection key: trainer_id, element: sport_id
2025-07-31 16:26:33.083 [main] DEBUG org.hibernate.boot.model.internal.CollectionSecondPass - Second pass for collection: com.example.trainup.model.user.Trainer.phoneNumbers
2025-07-31 16:26:33.083 [main] DEBUG org.hibernate.boot.model.internal.CollectionBinder - Binding a collection of element: com.example.trainup.model.user.Trainer.phoneNumbers
2025-07-31 16:26:33.095 [main] DEBUG org.hibernate.boot.registry.classloading.internal.ClassLoaderServiceImpl - HHH000194: Package not found or no package-info.java: com.example.trainup.model.user
2025-07-31 16:26:33.099 [main] DEBUG org.hibernate.boot.model.internal.CollectionPropertyHolder - Attempting to locate auto-apply AttributeConverter for collection element [com.example.trainup.model.user.Trainer.phoneNumbers]
2025-07-31 16:26:33.099 [main] DEBUG org.hibernate.boot.model.internal.BasicValueBinder - building BasicValue for null
2025-07-31 16:26:33.100 [main] DEBUG org.hibernate.mapping.BasicValue - Skipping column re-registration: trainer_phone_numbers.phone_numbers
2025-07-31 16:26:33.100 [main] DEBUG org.hibernate.boot.model.internal.BasicValueBinder - Starting `BasicValueBinder#fillSimpleValue` for null
2025-07-31 16:26:33.100 [main] DEBUG org.hibernate.mapping.PrimaryKey - Forcing column [trainer_id] to be non-null as it is part of the primary key for table [trainer_phone_numbers]
2025-07-31 16:26:33.100 [main] DEBUG org.hibernate.boot.model.internal.CollectionSecondPass - Mapped collection key: trainer_id, element: phone_numbers
2025-07-31 16:26:33.101 [main] DEBUG org.hibernate.boot.model.internal.CollectionSecondPass - Second pass for collection: com.example.trainup.model.user.Trainer.certificates
2025-07-31 16:26:33.101 [main] DEBUG org.hibernate.boot.model.internal.CollectionBinder - Binding a collection of element: com.example.trainup.model.user.Trainer.certificates
2025-07-31 16:26:33.112 [main] DEBUG org.hibernate.boot.registry.classloading.internal.ClassLoaderServiceImpl - HHH000194: Package not found or no package-info.java: com.example.trainup.model.user
2025-07-31 16:26:33.113 [main] DEBUG org.hibernate.boot.model.internal.CollectionPropertyHolder - Attempting to locate auto-apply AttributeConverter for collection element [com.example.trainup.model.user.Trainer.certificates]
2025-07-31 16:26:33.113 [main] DEBUG org.hibernate.boot.model.internal.BasicValueBinder - building BasicValue for null
2025-07-31 16:26:33.113 [main] DEBUG org.hibernate.mapping.BasicValue - Skipping column re-registration: trainer_certificates.certificates
2025-07-31 16:26:33.114 [main] DEBUG org.hibernate.boot.model.internal.BasicValueBinder - Starting `BasicValueBinder#fillSimpleValue` for null
2025-07-31 16:26:33.114 [main] DEBUG org.hibernate.mapping.PrimaryKey - Forcing column [trainer_id] to be non-null as it is part of the primary key for table [trainer_certificates]
2025-07-31 16:26:33.114 [main] DEBUG org.hibernate.boot.model.internal.CollectionSecondPass - Mapped collection key: trainer_id, element: certificates
2025-07-31 16:26:33.114 [main] DEBUG org.hibernate.boot.model.internal.CollectionSecondPass - Second pass for collection: com.example.trainup.model.user.GymOwner.phoneNumbers
2025-07-31 16:26:33.114 [main] DEBUG org.hibernate.boot.model.internal.CollectionBinder - Binding a collection of element: com.example.trainup.model.user.GymOwner.phoneNumbers
2025-07-31 16:26:33.126 [main] DEBUG org.hibernate.boot.registry.classloading.internal.ClassLoaderServiceImpl - HHH000194: Package not found or no package-info.java: com.example.trainup.model.user
2025-07-31 16:26:33.127 [main] DEBUG org.hibernate.boot.model.internal.CollectionPropertyHolder - Attempting to locate auto-apply AttributeConverter for collection element [com.example.trainup.model.user.GymOwner.phoneNumbers]
2025-07-31 16:26:33.127 [main] DEBUG org.hibernate.boot.model.internal.BasicValueBinder - building BasicValue for null
2025-07-31 16:26:33.127 [main] DEBUG org.hibernate.mapping.BasicValue - Skipping column re-registration: gym_owner_phone_numbers.phone_numbers
2025-07-31 16:26:33.127 [main] DEBUG org.hibernate.boot.model.internal.BasicValueBinder - Starting `BasicValueBinder#fillSimpleValue` for null
2025-07-31 16:26:33.127 [main] DEBUG org.hibernate.mapping.PrimaryKey - Forcing column [gym_owner_id] to be non-null as it is part of the primary key for table [gym_owner_phone_numbers]
2025-07-31 16:26:33.127 [main] DEBUG org.hibernate.boot.model.internal.CollectionSecondPass - Mapped collection key: gym_owner_id, element: phone_numbers
2025-07-31 16:26:33.127 [main] DEBUG org.hibernate.boot.model.internal.CollectionSecondPass - Second pass for collection: com.example.trainup.model.user.Athlete.phoneNumbers
2025-07-31 16:26:33.128 [main] DEBUG org.hibernate.boot.model.internal.CollectionBinder - Binding a collection of element: com.example.trainup.model.user.Athlete.phoneNumbers
2025-07-31 16:26:33.139 [main] DEBUG org.hibernate.boot.registry.classloading.internal.ClassLoaderServiceImpl - HHH000194: Package not found or no package-info.java: com.example.trainup.model.user
2025-07-31 16:26:33.140 [main] DEBUG org.hibernate.boot.model.internal.CollectionPropertyHolder - Attempting to locate auto-apply AttributeConverter for collection element [com.example.trainup.model.user.Athlete.phoneNumbers]
2025-07-31 16:26:33.140 [main] DEBUG org.hibernate.boot.model.internal.BasicValueBinder - building BasicValue for null
2025-07-31 16:26:33.140 [main] DEBUG org.hibernate.mapping.BasicValue - Skipping column re-registration: athlete_phone_numbers.phone_numbers
2025-07-31 16:26:33.140 [main] DEBUG org.hibernate.boot.model.internal.BasicValueBinder - Starting `BasicValueBinder#fillSimpleValue` for null
2025-07-31 16:26:33.141 [main] DEBUG org.hibernate.mapping.PrimaryKey - Forcing column [athlete_id] to be non-null as it is part of the primary key for table [athlete_phone_numbers]
2025-07-31 16:26:33.141 [main] DEBUG org.hibernate.boot.model.internal.CollectionSecondPass - Mapped collection key: athlete_id, element: phone_numbers
2025-07-31 16:26:33.141 [main] DEBUG org.hibernate.boot.model.internal.CollectionSecondPass - Second pass for collection: com.example.trainup.model.Sport.athletes
2025-07-31 16:26:33.141 [main] DEBUG org.hibernate.boot.model.internal.CollectionBinder - Binding a ManyToMany: com.example.trainup.model.Sport.athletes
2025-07-31 16:26:33.151 [main] DEBUG org.hibernate.boot.registry.classloading.internal.ClassLoaderServiceImpl - HHH000194: Package not found or no package-info.java: com.example.trainup.model
2025-07-31 16:26:33.151 [main] DEBUG org.hibernate.mapping.PrimaryKey - Forcing column [sport_id] to be non-null as it is part of the primary key for table [sports_athletes]
2025-07-31 16:26:33.151 [main] DEBUG org.hibernate.mapping.PrimaryKey - Forcing column [athlete_id] to be non-null as it is part of the primary key for table [sports_athletes]
2025-07-31 16:26:33.151 [main] DEBUG org.hibernate.boot.model.internal.CollectionSecondPass - Mapped collection key: sport_id, element: athlete_id
2025-07-31 16:26:33.151 [main] DEBUG org.hibernate.boot.model.internal.CollectionSecondPass - Second pass for collection: com.example.trainup.model.Gym.workingHours
2025-07-31 16:26:33.152 [main] DEBUG org.hibernate.boot.model.internal.CollectionBinder - Binding a collection of element: com.example.trainup.model.Gym.workingHours
2025-07-31 16:26:33.161 [main] DEBUG org.hibernate.boot.registry.classloading.internal.ClassLoaderServiceImpl - HHH000194: Package not found or no package-info.java: com.example.trainup.model
2025-07-31 16:26:33.175 [main] DEBUG org.hibernate.boot.model.internal.AnnotatedColumn - Binding column: AnnotatedColumn(column='day_of_week')
2025-07-31 16:26:33.176 [main] DEBUG org.hibernate.boot.model.internal.PropertyBinder - MetadataSourceProcessor property dayOfWeek with lazy=false
2025-07-31 16:26:33.177 [main] DEBUG org.hibernate.boot.model.internal.AbstractPropertyHolder - Attempting to locate auto-apply AttributeConverter for property [com.example.trainup.model.Gym.workingHours.collection&&element:dayOfWeek]
2025-07-31 16:26:33.177 [main] DEBUG org.hibernate.boot.model.internal.BasicValueBinder - building BasicValue for dayOfWeek
2025-07-31 16:26:33.177 [main] DEBUG org.hibernate.mapping.BasicValue - Skipping column re-registration: gym_working_hours.day_of_week
2025-07-31 16:26:33.177 [main] DEBUG org.hibernate.boot.model.internal.BasicValueBinder - Starting `BasicValueBinder#fillSimpleValue` for dayOfWeek
2025-07-31 16:26:33.177 [main] DEBUG org.hibernate.boot.model.internal.PropertyBinder - Building property dayOfWeek
2025-07-31 16:26:33.179 [main] DEBUG org.hibernate.boot.model.internal.AnnotatedColumn - Binding column: AnnotatedColumn(column='end_time')
2025-07-31 16:26:33.180 [main] DEBUG org.hibernate.boot.model.internal.PropertyBinder - MetadataSourceProcessor property endTime with lazy=false
2025-07-31 16:26:33.180 [main] DEBUG org.hibernate.boot.model.internal.AbstractPropertyHolder - Attempting to locate auto-apply AttributeConverter for property [com.example.trainup.model.Gym.workingHours.collection&&element:endTime]
2025-07-31 16:26:33.180 [main] DEBUG org.hibernate.boot.model.internal.BasicValueBinder - building BasicValue for endTime
2025-07-31 16:26:33.180 [main] DEBUG org.hibernate.mapping.BasicValue - Skipping column re-registration: gym_working_hours.end_time
2025-07-31 16:26:33.180 [main] DEBUG org.hibernate.boot.model.internal.BasicValueBinder - Starting `BasicValueBinder#fillSimpleValue` for endTime
2025-07-31 16:26:33.180 [main] DEBUG org.hibernate.boot.model.internal.PropertyBinder - Building property endTime
2025-07-31 16:26:33.180 [main] DEBUG org.hibernate.boot.model.internal.AnnotatedColumn - Binding column: AnnotatedColumn(column='start_time')
2025-07-31 16:26:33.181 [main] DEBUG org.hibernate.boot.model.internal.PropertyBinder - MetadataSourceProcessor property startTime with lazy=false
2025-07-31 16:26:33.181 [main] DEBUG org.hibernate.boot.model.internal.AbstractPropertyHolder - Attempting to locate auto-apply AttributeConverter for property [com.example.trainup.model.Gym.workingHours.collection&&element:startTime]
2025-07-31 16:26:33.181 [main] DEBUG org.hibernate.boot.model.internal.BasicValueBinder - building BasicValue for startTime
2025-07-31 16:26:33.181 [main] DEBUG org.hibernate.mapping.BasicValue - Skipping column re-registration: gym_working_hours.start_time
2025-07-31 16:26:33.181 [main] DEBUG org.hibernate.boot.model.internal.BasicValueBinder - Starting `BasicValueBinder#fillSimpleValue` for startTime
2025-07-31 16:26:33.182 [main] DEBUG org.hibernate.boot.model.internal.PropertyBinder - Building property startTime
2025-07-31 16:26:33.182 [main] DEBUG org.hibernate.mapping.PrimaryKey - Forcing column [gym_id] to be non-null as it is part of the primary key for table [gym_working_hours]
2025-07-31 16:26:33.182 [main] DEBUG org.hibernate.boot.model.internal.CollectionSecondPass - Mapped collection key: gym_id, element: day_of_week, end_time, start_time
2025-07-31 16:26:33.182 [main] DEBUG org.hibernate.boot.model.internal.CollectionSecondPass - Second pass for collection: com.example.trainup.model.Gym.trainers
2025-07-31 16:26:33.182 [main] DEBUG org.hibernate.boot.model.internal.CollectionBinder - Binding a ManyToMany: com.example.trainup.model.Gym.trainers
2025-07-31 16:26:33.192 [main] DEBUG org.hibernate.boot.registry.classloading.internal.ClassLoaderServiceImpl - HHH000194: Package not found or no package-info.java: com.example.trainup.model
2025-07-31 16:26:33.193 [main] DEBUG org.hibernate.mapping.PrimaryKey - Forcing column [gym_id] to be non-null as it is part of the primary key for table [gyms_trainers]
2025-07-31 16:26:33.193 [main] DEBUG org.hibernate.mapping.PrimaryKey - Forcing column [trainer_id] to be non-null as it is part of the primary key for table [gyms_trainers]
2025-07-31 16:26:33.193 [main] DEBUG org.hibernate.boot.model.internal.CollectionSecondPass - Mapped collection key: gym_id, element: trainer_id
2025-07-31 16:26:33.193 [main] DEBUG org.hibernate.boot.model.internal.CollectionSecondPass - Second pass for collection: com.example.trainup.model.Gym.sports
2025-07-31 16:26:33.193 [main] DEBUG org.hibernate.boot.model.internal.CollectionBinder - Binding a ManyToMany: com.example.trainup.model.Gym.sports
2025-07-31 16:26:33.203 [main] DEBUG org.hibernate.boot.registry.classloading.internal.ClassLoaderServiceImpl - HHH000194: Package not found or no package-info.java: com.example.trainup.model
2025-07-31 16:26:33.204 [main] DEBUG org.hibernate.mapping.PrimaryKey - Forcing column [gym_id] to be non-null as it is part of the primary key for table [sports_gyms]
2025-07-31 16:26:33.204 [main] DEBUG org.hibernate.mapping.PrimaryKey - Forcing column [sport_id] to be non-null as it is part of the primary key for table [sports_gyms]
2025-07-31 16:26:33.205 [main] DEBUG org.hibernate.boot.model.internal.CollectionSecondPass - Mapped collection key: gym_id, element: sport_id
2025-07-31 16:26:33.205 [main] DEBUG org.hibernate.boot.model.internal.CollectionSecondPass - Second pass for collection: com.example.trainup.model.Gym.phoneNumbers
2025-07-31 16:26:33.205 [main] DEBUG org.hibernate.boot.model.internal.CollectionBinder - Binding a collection of element: com.example.trainup.model.Gym.phoneNumbers
2025-07-31 16:26:33.215 [main] DEBUG org.hibernate.boot.registry.classloading.internal.ClassLoaderServiceImpl - HHH000194: Package not found or no package-info.java: com.example.trainup.model
2025-07-31 16:26:33.216 [main] DEBUG org.hibernate.boot.model.internal.CollectionPropertyHolder - Attempting to locate auto-apply AttributeConverter for collection element [com.example.trainup.model.Gym.phoneNumbers]
2025-07-31 16:26:33.216 [main] DEBUG org.hibernate.boot.model.internal.BasicValueBinder - building BasicValue for null
2025-07-31 16:26:33.216 [main] DEBUG org.hibernate.mapping.BasicValue - Skipping column re-registration: gym_phone_numbers.phone_numbers
2025-07-31 16:26:33.216 [main] DEBUG org.hibernate.boot.model.internal.BasicValueBinder - Starting `BasicValueBinder#fillSimpleValue` for null
2025-07-31 16:26:33.217 [main] DEBUG org.hibernate.mapping.PrimaryKey - Forcing column [gym_id] to be non-null as it is part of the primary key for table [gym_phone_numbers]
2025-07-31 16:26:33.217 [main] DEBUG org.hibernate.boot.model.internal.CollectionSecondPass - Mapped collection key: gym_id, element: phone_numbers
2025-07-31 16:26:33.220 [main] DEBUG org.hibernate.boot.model.internal.PropertyBinder - Building property gym
2025-07-31 16:26:33.224 [main] DEBUG org.hibernate.boot.model.internal.CollectionSecondPass - Second pass for collection: com.example.trainup.model.Address.trainers
2025-07-31 16:26:33.224 [main] DEBUG org.hibernate.boot.model.internal.CollectionBinder - Binding a OneToMany: com.example.trainup.model.Address.trainers through a foreign key
2025-07-31 16:26:33.224 [main] DEBUG org.hibernate.boot.model.internal.CollectionBinder - Mapping collection: com.example.trainup.model.Address.trainers -> trainers
2025-07-31 16:26:33.224 [main] DEBUG org.hibernate.boot.model.internal.TableBinder - Retrieving property com.example.trainup.model.user.Trainer.location
2025-07-31 16:26:33.226 [main] DEBUG org.hibernate.boot.model.internal.CollectionSecondPass - Mapped collection key: address_id, one-to-many: com.example.trainup.model.user.Trainer
2025-07-31 16:26:33.226 [main] DEBUG org.hibernate.boot.model.internal.CollectionSecondPass - Second pass for collection: com.example.trainup.model.Gym.photos
2025-07-31 16:26:33.226 [main] DEBUG org.hibernate.boot.model.internal.CollectionBinder - Binding a OneToMany: com.example.trainup.model.Gym.photos through a foreign key
2025-07-31 16:26:33.226 [main] DEBUG org.hibernate.boot.model.internal.CollectionBinder - Mapping collection: com.example.trainup.model.Gym.photos -> gym_photos
2025-07-31 16:26:33.226 [main] DEBUG org.hibernate.boot.model.internal.TableBinder - Retrieving property com.example.trainup.model.GymPhoto.gym
2025-07-31 16:26:33.227 [main] DEBUG org.hibernate.boot.model.internal.CollectionSecondPass - Mapped collection key: gym_id, one-to-many: com.example.trainup.model.GymPhoto
2025-07-31 16:26:33.227 [main] DEBUG org.hibernate.boot.model.internal.CollectionSecondPass - Second pass for collection: com.example.trainup.model.Gym.reviews
2025-07-31 16:26:33.227 [main] DEBUG org.hibernate.boot.model.internal.CollectionBinder - Binding a OneToMany: com.example.trainup.model.Gym.reviews through a foreign key
2025-07-31 16:26:33.227 [main] DEBUG org.hibernate.boot.model.internal.CollectionBinder - Mapping collection: com.example.trainup.model.Gym.reviews -> reviews
2025-07-31 16:26:33.227 [main] DEBUG org.hibernate.boot.model.internal.TableBinder - Retrieving property com.example.trainup.model.Review.gym
2025-07-31 16:26:33.227 [main] DEBUG org.hibernate.boot.model.internal.CollectionSecondPass - Mapped collection key: gym_id, one-to-many: com.example.trainup.model.Review
2025-07-31 16:26:33.228 [main] DEBUG org.hibernate.boot.model.internal.CollectionSecondPass - Second pass for collection: com.example.trainup.model.Sport.gyms
2025-07-31 16:26:33.228 [main] DEBUG org.hibernate.boot.model.internal.CollectionBinder - Binding a ManyToMany: com.example.trainup.model.Sport.gyms
2025-07-31 16:26:33.237 [main] DEBUG org.hibernate.boot.registry.classloading.internal.ClassLoaderServiceImpl - HHH000194: Package not found or no package-info.java: com.example.trainup.model
2025-07-31 16:26:33.238 [main] DEBUG org.hibernate.boot.model.internal.TableBinder - Retrieving property com.example.trainup.model.Gym.sports
2025-07-31 16:26:33.238 [main] DEBUG org.hibernate.boot.model.internal.CollectionSecondPass - Mapped collection key: sport_id, element: gym_id
2025-07-31 16:26:33.238 [main] DEBUG org.hibernate.boot.model.internal.CollectionSecondPass - Second pass for collection: com.example.trainup.model.Sport.trainers
2025-07-31 16:26:33.238 [main] DEBUG org.hibernate.boot.model.internal.CollectionBinder - Binding a ManyToMany: com.example.trainup.model.Sport.trainers
2025-07-31 16:26:33.248 [main] DEBUG org.hibernate.boot.registry.classloading.internal.ClassLoaderServiceImpl - HHH000194: Package not found or no package-info.java: com.example.trainup.model
2025-07-31 16:26:33.248 [main] DEBUG org.hibernate.boot.model.internal.TableBinder - Retrieving property com.example.trainup.model.user.Trainer.sports
2025-07-31 16:26:33.248 [main] DEBUG org.hibernate.boot.model.internal.CollectionSecondPass - Mapped collection key: sport_id, element: trainer_id
2025-07-31 16:26:33.248 [main] DEBUG org.hibernate.boot.model.internal.CollectionSecondPass - Second pass for collection: com.example.trainup.model.user.Athlete.sports
2025-07-31 16:26:33.248 [main] DEBUG org.hibernate.boot.model.internal.CollectionBinder - Binding a ManyToMany: com.example.trainup.model.user.Athlete.sports
2025-07-31 16:26:33.258 [main] DEBUG org.hibernate.boot.registry.classloading.internal.ClassLoaderServiceImpl - HHH000194: Package not found or no package-info.java: com.example.trainup.model.user
2025-07-31 16:26:33.259 [main] DEBUG org.hibernate.boot.model.internal.TableBinder - Retrieving property com.example.trainup.model.Sport.athletes
2025-07-31 16:26:33.259 [main] DEBUG org.hibernate.boot.model.internal.CollectionSecondPass - Mapped collection key: athlete_id, element: sport_id
2025-07-31 16:26:33.259 [main] DEBUG org.hibernate.boot.model.internal.CollectionSecondPass - Second pass for collection: com.example.trainup.model.user.GymOwner.ownedGyms
2025-07-31 16:26:33.259 [main] DEBUG org.hibernate.boot.model.internal.CollectionBinder - Binding a OneToMany: com.example.trainup.model.user.GymOwner.ownedGyms through a foreign key
2025-07-31 16:26:33.259 [main] DEBUG org.hibernate.boot.model.internal.CollectionBinder - Mapping collection: com.example.trainup.model.user.GymOwner.ownedGyms -> gyms
2025-07-31 16:26:33.260 [main] DEBUG org.hibernate.boot.model.internal.TableBinder - Retrieving property com.example.trainup.model.Gym.gymOwner
2025-07-31 16:26:33.260 [main] DEBUG org.hibernate.boot.model.internal.CollectionSecondPass - Mapped collection key: gym_owner_id, one-to-many: com.example.trainup.model.Gym
2025-07-31 16:26:33.260 [main] DEBUG org.hibernate.boot.model.internal.CollectionSecondPass - Second pass for collection: com.example.trainup.model.user.Trainer.gyms
2025-07-31 16:26:33.260 [main] DEBUG org.hibernate.boot.model.internal.CollectionBinder - Binding a ManyToMany: com.example.trainup.model.user.Trainer.gyms
2025-07-31 16:26:33.270 [main] DEBUG org.hibernate.boot.registry.classloading.internal.ClassLoaderServiceImpl - HHH000194: Package not found or no package-info.java: com.example.trainup.model.user
2025-07-31 16:26:33.270 [main] DEBUG org.hibernate.boot.model.internal.TableBinder - Retrieving property com.example.trainup.model.Gym.trainers
2025-07-31 16:26:33.270 [main] DEBUG org.hibernate.boot.model.internal.CollectionSecondPass - Mapped collection key: trainer_id, element: gym_id
2025-07-31 16:26:33.271 [main] DEBUG org.hibernate.boot.model.internal.CollectionSecondPass - Second pass for collection: com.example.trainup.model.user.Trainer.reviews
2025-07-31 16:26:33.271 [main] DEBUG org.hibernate.boot.model.internal.CollectionBinder - Binding a OneToMany: com.example.trainup.model.user.Trainer.reviews through a foreign key
2025-07-31 16:26:33.271 [main] DEBUG org.hibernate.boot.model.internal.CollectionBinder - Mapping collection: com.example.trainup.model.user.Trainer.reviews -> reviews
2025-07-31 16:26:33.271 [main] DEBUG org.hibernate.boot.model.internal.TableBinder - Retrieving property com.example.trainup.model.Review.trainer
2025-07-31 16:26:33.271 [main] DEBUG org.hibernate.boot.model.internal.CollectionSecondPass - Mapped collection key: trainer_id, one-to-many: com.example.trainup.model.Review
2025-07-31 16:26:33.272 [main] DEBUG org.hibernate.boot.internal.InFlightMetadataCollectorImpl - Processing association property references
2025-07-31 16:26:33.334 [main] DEBUG org.hibernate.boot.internal.InFlightMetadataCollectorImpl - Processing association property references
2025-07-31 16:26:33.476 [main] DEBUG org.hibernate.internal.SessionFactoryImpl - Building session factory
2025-07-31 16:26:33.632 [main] DEBUG org.hibernate.service.internal.SessionFactoryServiceRegistryImpl - EventListenerRegistry access via ServiceRegistry is deprecated.  Use `sessionFactory.getEventEngine().getListenerRegistry()` instead
2025-07-31 16:26:33.633 [main] DEBUG org.hibernate.internal.SessionFactoryImpl - Instantiating SessionFactory with settings: {hibernate.format_sql=true, java.specification.version=17, hibernate.resource.beans.container=org.springframework.orm.hibernate5.SpringBeanContainer@2f49d34d, hibernate.connection.handling_mode=DELAYED_ACQUISITION_AND_HOLD, sun.jnu.encoding=UTF-8, hibernate.dialect=org.hibernate.dialect.PostgreSQLDialect, hibernate.implicit_naming_strategy=org.springframework.boot.orm.jpa.hibernate.SpringImplicitNamingStrategy, java.class.path=/mnt/c/Users/Bohdan-Dymydiuk/projects/com-projects/train-up/backend/target/test-classes:/mnt/c/Users/Bohdan-Dymydiuk/projects/com-projects/train-up/backend/target/classes:/home/sadsadsa/.m2/repository/org/springframework/boot/spring-boot-starter-data-jdbc/3.4.3/spring-boot-starter-data-jdbc-3.4.3.jar:/home/sadsadsa/.m2/repository/org/springframework/boot/spring-boot-starter-jdbc/3.4.3/spring-boot-starter-jdbc-3.4.3.jar:/home/sadsadsa/.m2/repository/com/zaxxer/HikariCP/5.1.0/HikariCP-5.1.0.jar:/home/sadsadsa/.m2/repository/org/springframework/spring-jdbc/6.2.3/spring-jdbc-6.2.3.jar:/home/sadsadsa/.m2/repository/org/springframework/data/spring-data-jdbc/3.4.3/spring-data-jdbc-3.4.3.jar:/home/sadsadsa/.m2/repository/org/springframework/data/spring-data-relational/3.4.3/spring-data-relational-3.4.3.jar:/home/sadsadsa/.m2/repository/org/springframework/data/spring-data-commons/3.4.3/spring-data-commons-3.4.3.jar:/home/sadsadsa/.m2/repository/org/springframework/spring-tx/6.2.3/spring-tx-6.2.3.jar:/home/sadsadsa/.m2/repository/org/springframework/spring-context/6.2.3/spring-context-6.2.3.jar:/home/sadsadsa/.m2/repository/org/springframework/spring-beans/6.2.3/spring-beans-6.2.3.jar:/home/sadsadsa/.m2/repository/org/slf4j/slf4j-api/2.0.16/slf4j-api-2.0.16.jar:/home/sadsadsa/.m2/repository/org/springframework/boot/spring-boot-starter-data-jpa/3.4.3/spring-boot-starter-data-jpa-3.4.3.jar:/home/sadsadsa/.m2/repository/org/springframework/boot/spring-boot-starter/3.4.3/spring-boot-starter-3.4.3.jar:/home/sadsadsa/.m2/repository/jakarta/annotation/jakarta.annotation-api/2.1.1/jakarta.annotation-api-2.1.1.jar:/home/sadsadsa/.m2/repository/org/hibernate/orm/hibernate-core/6.6.8.Final/hibernate-core-6.6.8.Final.jar:/home/sadsadsa/.m2/repository/jakarta/persistence/jakarta.persistence-api/3.1.0/jakarta.persistence-api-3.1.0.jar:/home/sadsadsa/.m2/repository/jakarta/transaction/jakarta.transaction-api/2.0.1/jakarta.transaction-api-2.0.1.jar:/home/sadsadsa/.m2/repository/org/jboss/logging/jboss-logging/3.6.1.Final/jboss-logging-3.6.1.Final.jar:/home/sadsadsa/.m2/repository/org/hibernate/common/hibernate-commons-annotations/7.0.3.Final/hibernate-commons-annotations-7.0.3.Final.jar:/home/sadsadsa/.m2/repository/io/smallrye/jandex/3.2.0/jandex-3.2.0.jar:/home/sadsadsa/.m2/repository/com/fasterxml/classmate/1.7.0/classmate-1.7.0.jar:/home/sadsadsa/.m2/repository/org/glassfish/jaxb/jaxb-runtime/4.0.5/jaxb-runtime-4.0.5.jar:/home/sadsadsa/.m2/repository/org/glassfish/jaxb/jaxb-core/4.0.5/jaxb-core-4.0.5.jar:/home/sadsadsa/.m2/repository/org/glassfish/jaxb/txw2/4.0.5/txw2-4.0.5.jar:/home/sadsadsa/.m2/repository/com/sun/istack/istack-commons-runtime/4.1.2/istack-commons-runtime-4.1.2.jar:/home/sadsadsa/.m2/repository/jakarta/inject/jakarta.inject-api/2.0.1/jakarta.inject-api-2.0.1.jar:/home/sadsadsa/.m2/repository/org/antlr/antlr4-runtime/4.13.0/antlr4-runtime-4.13.0.jar:/home/sadsadsa/.m2/repository/org/springframework/data/spring-data-jpa/3.4.3/spring-data-jpa-3.4.3.jar:/home/sadsadsa/.m2/repository/org/springframework/spring-orm/6.2.3/spring-orm-6.2.3.jar:/home/sadsadsa/.m2/repository/org/springframework/spring-aspects/6.2.3/spring-aspects-6.2.3.jar:/home/sadsadsa/.m2/repository/org/aspectj/aspectjweaver/1.9.22.1/aspectjweaver-1.9.22.1.jar:/home/sadsadsa/.m2/repository/org/springframework/boot/spring-boot-starter-security/3.4.3/spring-boot-starter-security-3.4.3.jar:/home/sadsadsa/.m2/repository/org/springframework/spring-aop/6.2.3/spring-aop-6.2.3.jar:/home/sadsadsa/.m2/repository/org/springframework/security/spring-security-config/6.4.3/spring-security-config-6.4.3.jar:/home/sadsadsa/.m2/repository/org/springframework/security/spring-security-web/6.4.3/spring-security-web-6.4.3.jar:/home/sadsadsa/.m2/repository/org/springframework/spring-expression/6.2.3/spring-expression-6.2.3.jar:/home/sadsadsa/.m2/repository/org/springframework/boot/spring-boot-starter-web/3.4.3/spring-boot-starter-web-3.4.3.jar:/home/sadsadsa/.m2/repository/org/springframework/boot/spring-boot-starter-json/3.4.3/spring-boot-starter-json-3.4.3.jar:/home/sadsadsa/.m2/repository/org/springframework/boot/spring-boot-starter-tomcat/3.4.3/spring-boot-starter-tomcat-3.4.3.jar:/home/sadsadsa/.m2/repository/org/apache/tomcat/embed/tomcat-embed-core/10.1.36/tomcat-embed-core-10.1.36.jar:/home/sadsadsa/.m2/repository/org/apache/tomcat/embed/tomcat-embed-websocket/10.1.36/tomcat-embed-websocket-10.1.36.jar:/home/sadsadsa/.m2/repository/org/springframework/spring-web/6.2.3/spring-web-6.2.3.jar:/home/sadsadsa/.m2/repository/org/springframework/spring-webmvc/6.2.3/spring-webmvc-6.2.3.jar:/home/sadsadsa/.m2/repository/org/springframework/boot/spring-boot-starter-web-services/3.4.3/spring-boot-starter-web-services-3.4.3.jar:/home/sadsadsa/.m2/repository/com/sun/xml/messaging/saaj/saaj-impl/3.0.4/saaj-impl-3.0.4.jar:/home/sadsadsa/.m2/repository/jakarta/xml/soap/jakarta.xml.soap-api/3.0.2/jakarta.xml.soap-api-3.0.2.jar:/home/sadsadsa/.m2/repository/org/jvnet/staxex/stax-ex/2.1.0/stax-ex-2.1.0.jar:/home/sadsadsa/.m2/repository/org/eclipse/angus/angus-activation/2.0.2/angus-activation-2.0.2.jar:/home/sadsadsa/.m2/repository/jakarta/xml/ws/jakarta.xml.ws-api/4.0.2/jakarta.xml.ws-api-4.0.2.jar:/home/sadsadsa/.m2/repository/org/springframework/spring-oxm/6.2.3/spring-oxm-6.2.3.jar:/home/sadsadsa/.m2/repository/org/springframework/ws/spring-ws-core/4.0.11/spring-ws-core-4.0.11.jar:/home/sadsadsa/.m2/repository/org/springframework/ws/spring-xml/4.0.11/spring-xml-4.0.11.jar:/home/sadsadsa/.m2/repository/org/springframework/boot/spring-boot-devtools/3.4.3/spring-boot-devtools-3.4.3.jar:/home/sadsadsa/.m2/repository/org/springframework/boot/spring-boot/3.4.3/spring-boot-3.4.3.jar:/home/sadsadsa/.m2/repository/org/springframework/boot/spring-boot-autoconfigure/3.4.3/spring-boot-autoconfigure-3.4.3.jar:/home/sadsadsa/.m2/repository/org/springframework/boot/spring-boot-docker-compose/3.4.3/spring-boot-docker-compose-3.4.3.jar:/home/sadsadsa/.m2/repository/com/fasterxml/jackson/module/jackson-module-parameter-names/2.18.2/jackson-module-parameter-names-2.18.2.jar:/home/sadsadsa/.m2/repository/org/postgresql/postgresql/42.7.4/postgresql-42.7.4.jar:/home/sadsadsa/.m2/repository/org/checkerframework/checker-qual/3.42.0/checker-qual-3.42.0.jar:/home/sadsadsa/.m2/repository/org/projectlombok/lombok/1.18.34/lombok-1.18.34.jar:/home/sadsadsa/.m2/repository/org/springframework/boot/spring-boot-starter-test/3.4.3/spring-boot-starter-test-3.4.3.jar:/home/sadsadsa/.m2/repository/org/springframework/boot/spring-boot-test/3.4.3/spring-boot-test-3.4.3.jar:/home/sadsadsa/.m2/repository/org/springframework/boot/spring-boot-test-autoconfigure/3.4.3/spring-boot-test-autoconfigure-3.4.3.jar:/home/sadsadsa/.m2/repository/com/jayway/jsonpath/json-path/2.9.0/json-path-2.9.0.jar:/home/sadsadsa/.m2/repository/jakarta/xml/bind/jakarta.xml.bind-api/4.0.2/jakarta.xml.bind-api-4.0.2.jar:/home/sadsadsa/.m2/repository/net/minidev/json-smart/2.5.2/json-smart-2.5.2.jar:/home/sadsadsa/.m2/repository/net/minidev/accessors-smart/2.5.2/accessors-smart-2.5.2.jar:/home/sadsadsa/.m2/repository/org/ow2/asm/asm/9.7.1/asm-9.7.1.jar:/home/sadsadsa/.m2/repository/org/assertj/assertj-core/3.26.3/assertj-core-3.26.3.jar:/home/sadsadsa/.m2/repository/org/awaitility/awaitility/4.2.2/awaitility-4.2.2.jar:/home/sadsadsa/.m2/repository/org/skyscreamer/jsonassert/1.5.3/jsonassert-1.5.3.jar:/home/sadsadsa/.m2/repository/com/vaadin/external/google/android-json/0.0.20131108.vaadin1/android-json-0.0.20131108.vaadin1.jar:/home/sadsadsa/.m2/repository/org/springframework/spring-core/6.2.3/spring-core-6.2.3.jar:/home/sadsadsa/.m2/repository/org/springframework/spring-jcl/6.2.3/spring-jcl-6.2.3.jar:/home/sadsadsa/.m2/repository/org/springframework/spring-test/6.2.3/spring-test-6.2.3.jar:/home/sadsadsa/.m2/repository/org/xmlunit/xmlunit-core/2.10.0/xmlunit-core-2.10.0.jar:/home/sadsadsa/.m2/repository/org/springframework/security/spring-security-test/6.4.3/spring-security-test-6.4.3.jar:/home/sadsadsa/.m2/repository/org/springframework/security/spring-security-core/6.4.3/spring-security-core-6.4.3.jar:/home/sadsadsa/.m2/repository/org/springframework/security/spring-security-crypto/6.4.3/spring-security-crypto-6.4.3.jar:/home/sadsadsa/.m2/repository/org/liquibase/liquibase-core/4.29.2/liquibase-core-4.29.2.jar:/home/sadsadsa/.m2/repository/com/opencsv/opencsv/5.9/opencsv-5.9.jar:/home/sadsadsa/.m2/repository/org/yaml/snakeyaml/2.3/snakeyaml-2.3.jar:/home/sadsadsa/.m2/repository/javax/xml/bind/jaxb-api/2.3.1/jaxb-api-2.3.1.jar:/home/sadsadsa/.m2/repository/commons-io/commons-io/2.16.1/commons-io-2.16.1.jar:/home/sadsadsa/.m2/repository/org/apache/commons/commons-collections4/4.4/commons-collections4-4.4.jar:/home/sadsadsa/.m2/repository/org/apache/commons/commons-text/1.12.0/commons-text-1.12.0.jar:/home/sadsadsa/.m2/repository/org/apache/commons/commons-lang3/3.17.0/commons-lang3-3.17.0.jar:/home/sadsadsa/.m2/repository/org/mapstruct/mapstruct/1.5.5.Final/mapstruct-1.5.5.Final.jar:/home/sadsadsa/.m2/repository/io/jsonwebtoken/jjwt-api/0.12.6/jjwt-api-0.12.6.jar:/home/sadsadsa/.m2/repository/io/jsonwebtoken/jjwt-impl/0.12.6/jjwt-impl-0.12.6.jar:/home/sadsadsa/.m2/repository/org/springframework/boot/spring-boot-starter-validation/3.4.3/spring-boot-starter-validation-3.4.3.jar:/home/sadsadsa/.m2/repository/org/apache/tomcat/embed/tomcat-embed-el/10.1.36/tomcat-embed-el-10.1.36.jar:/home/sadsadsa/.m2/repository/org/hibernate/validator/hibernate-validator/8.0.2.Final/hibernate-validator-8.0.2.Final.jar:/home/sadsadsa/.m2/repository/jakarta/validation/jakarta.validation-api/3.0.2/jakarta.validation-api-3.0.2.jar:/home/sadsadsa/.m2/repository/org/springdoc/springdoc-openapi-starter-webmvc-ui/2.8.6/springdoc-openapi-starter-webmvc-ui-2.8.6.jar:/home/sadsadsa/.m2/repository/org/springdoc/springdoc-openapi-starter-webmvc-api/2.8.6/springdoc-openapi-starter-webmvc-api-2.8.6.jar:/home/sadsadsa/.m2/repository/org/springdoc/springdoc-openapi-starter-common/2.8.6/springdoc-openapi-starter-common-2.8.6.jar:/home/sadsadsa/.m2/repository/io/swagger/core/v3/swagger-core-jakarta/2.2.29/swagger-core-jakarta-2.2.29.jar:/home/sadsadsa/.m2/repository/io/swagger/core/v3/swagger-annotations-jakarta/2.2.29/swagger-annotations-jakarta-2.2.29.jar:/home/sadsadsa/.m2/repository/io/swagger/core/v3/swagger-models-jakarta/2.2.29/swagger-models-jakarta-2.2.29.jar:/home/sadsadsa/.m2/repository/com/fasterxml/jackson/dataformat/jackson-dataformat-yaml/2.18.2/jackson-dataformat-yaml-2.18.2.jar:/home/sadsadsa/.m2/repository/org/webjars/swagger-ui/5.20.1/swagger-ui-5.20.1.jar:/home/sadsadsa/.m2/repository/org/webjars/webjars-locator-lite/1.0.1/webjars-locator-lite-1.0.1.jar:/home/sadsadsa/.m2/repository/org/junit/jupiter/junit-jupiter/5.11.4/junit-jupiter-5.11.4.jar:/home/sadsadsa/.m2/repository/org/junit/jupiter/junit-jupiter-api/5.11.4/junit-jupiter-api-5.11.4.jar:/home/sadsadsa/.m2/repository/org/opentest4j/opentest4j/1.3.0/opentest4j-1.3.0.jar:/home/sadsadsa/.m2/repository/org/junit/platform/junit-platform-commons/1.11.4/junit-platform-commons-1.11.4.jar:/home/sadsadsa/.m2/repository/org/junit/jupiter/junit-jupiter-params/5.11.4/junit-jupiter-params-5.11.4.jar:/home/sadsadsa/.m2/repository/org/junit/jupiter/junit-jupiter-engine/5.11.4/junit-jupiter-engine-5.11.4.jar:/home/sadsadsa/.m2/repository/org/junit/platform/junit-platform-launcher/1.11.4/junit-platform-launcher-1.11.4.jar:/home/sadsadsa/.m2/repository/org/junit/platform/junit-platform-engine/1.11.4/junit-platform-engine-1.11.4.jar:/home/sadsadsa/.m2/repository/org/apiguardian/apiguardian-api/1.1.2/apiguardian-api-1.1.2.jar:/home/sadsadsa/.m2/repository/com/h2database/h2/2.3.232/h2-2.3.232.jar:/home/sadsadsa/.m2/repository/org/springframework/boot/spring-boot-starter-actuator/3.4.3/spring-boot-starter-actuator-3.4.3.jar:/home/sadsadsa/.m2/repository/org/springframework/boot/spring-boot-actuator-autoconfigure/3.4.3/spring-boot-actuator-autoconfigure-3.4.3.jar:/home/sadsadsa/.m2/repository/org/springframework/boot/spring-boot-actuator/3.4.3/spring-boot-actuator-3.4.3.jar:/home/sadsadsa/.m2/repository/io/micrometer/micrometer-observation/1.14.4/micrometer-observation-1.14.4.jar:/home/sadsadsa/.m2/repository/io/micrometer/micrometer-commons/1.14.4/micrometer-commons-1.14.4.jar:/home/sadsadsa/.m2/repository/io/micrometer/micrometer-jakarta9/1.14.4/micrometer-jakarta9-1.14.4.jar:/home/sadsadsa/.m2/repository/io/micrometer/micrometer-core/1.14.4/micrometer-core-1.14.4.jar:/home/sadsadsa/.m2/repository/org/hdrhistogram/HdrHistogram/2.2.2/HdrHistogram-2.2.2.jar:/home/sadsadsa/.m2/repository/org/latencyutils/LatencyUtils/2.0.3/LatencyUtils-2.0.3.jar:/home/sadsadsa/.m2/repository/org/springframework/boot/spring-boot-starter-log4j2/3.4.3/spring-boot-starter-log4j2-3.4.3.jar:/home/sadsadsa/.m2/repository/org/apache/logging/log4j/log4j-slf4j2-impl/2.24.3/log4j-slf4j2-impl-2.24.3.jar:/home/sadsadsa/.m2/repository/org/apache/logging/log4j/log4j-api/2.24.3/log4j-api-2.24.3.jar:/home/sadsadsa/.m2/repository/org/apache/logging/log4j/log4j-core/2.24.3/log4j-core-2.24.3.jar:/home/sadsadsa/.m2/repository/org/apache/logging/log4j/log4j-jul/2.24.3/log4j-jul-2.24.3.jar:/home/sadsadsa/.m2/repository/jakarta/activation/jakarta.activation-api/2.1.2/jakarta.activation-api-2.1.2.jar:/home/sadsadsa/.m2/repository/io/jsonwebtoken/jjwt-jackson/0.12.6/jjwt-jackson-0.12.6.jar:/home/sadsadsa/.m2/repository/org/springframework/boot/spring-boot-starter-webflux/3.4.3/spring-boot-starter-webflux-3.4.3.jar:/home/sadsadsa/.m2/repository/org/springframework/boot/spring-boot-starter-reactor-netty/3.4.3/spring-boot-starter-reactor-netty-3.4.3.jar:/home/sadsadsa/.m2/repository/io/projectreactor/netty/reactor-netty-http/1.2.3/reactor-netty-http-1.2.3.jar:/home/sadsadsa/.m2/repository/io/netty/netty-codec-http/4.1.118.Final/netty-codec-http-4.1.118.Final.jar:/home/sadsadsa/.m2/repository/io/netty/netty-common/4.1.118.Final/netty-common-4.1.118.Final.jar:/home/sadsadsa/.m2/repository/io/netty/netty-buffer/4.1.118.Final/netty-buffer-4.1.118.Final.jar:/home/sadsadsa/.m2/repository/io/netty/netty-transport/4.1.118.Final/netty-transport-4.1.118.Final.jar:/home/sadsadsa/.m2/repository/io/netty/netty-codec/4.1.118.Final/netty-codec-4.1.118.Final.jar:/home/sadsadsa/.m2/repository/io/netty/netty-handler/4.1.118.Final/netty-handler-4.1.118.Final.jar:/home/sadsadsa/.m2/repository/io/netty/netty-codec-http2/4.1.118.Final/netty-codec-http2-4.1.118.Final.jar:/home/sadsadsa/.m2/repository/io/netty/netty-resolver-dns/4.1.118.Final/netty-resolver-dns-4.1.118.Final.jar:/home/sadsadsa/.m2/repository/io/netty/netty-resolver/4.1.118.Final/netty-resolver-4.1.118.Final.jar:/home/sadsadsa/.m2/repository/io/netty/netty-codec-dns/4.1.118.Final/netty-codec-dns-4.1.118.Final.jar:/home/sadsadsa/.m2/repository/io/netty/netty-resolver-dns-native-macos/4.1.118.Final/netty-resolver-dns-native-macos-4.1.118.Final-osx-x86_64.jar:/home/sadsadsa/.m2/repository/io/netty/netty-resolver-dns-classes-macos/4.1.118.Final/netty-resolver-dns-classes-macos-4.1.118.Final.jar:/home/sadsadsa/.m2/repository/io/netty/netty-transport-native-epoll/4.1.118.Final/netty-transport-native-epoll-4.1.118.Final-linux-x86_64.jar:/home/sadsadsa/.m2/repository/io/netty/netty-transport-native-unix-common/4.1.118.Final/netty-transport-native-unix-common-4.1.118.Final.jar:/home/sadsadsa/.m2/repository/io/netty/netty-transport-classes-epoll/4.1.118.Final/netty-transport-classes-epoll-4.1.118.Final.jar:/home/sadsadsa/.m2/repository/io/projectreactor/netty/reactor-netty-core/1.2.3/reactor-netty-core-1.2.3.jar:/home/sadsadsa/.m2/repository/io/netty/netty-handler-proxy/4.1.118.Final/netty-handler-proxy-4.1.118.Final.jar:/home/sadsadsa/.m2/repository/io/netty/netty-codec-socks/4.1.118.Final/netty-codec-socks-4.1.118.Final.jar:/home/sadsadsa/.m2/repository/org/springframework/spring-webflux/6.2.3/spring-webflux-6.2.3.jar:/home/sadsadsa/.m2/repository/io/projectreactor/reactor-core/3.7.3/reactor-core-3.7.3.jar:/home/sadsadsa/.m2/repository/org/reactivestreams/reactive-streams/1.0.4/reactive-streams-1.0.4.jar:/home/sadsadsa/.m2/repository/com/google/genai/google-genai/1.0.0/google-genai-1.0.0.jar:/home/sadsadsa/.m2/repository/com/google/auth/google-auth-library-oauth2-http/1.30.1/google-auth-library-oauth2-http-1.30.1.jar:/home/sadsadsa/.m2/repository/com/google/auto/value/auto-value-annotations/1.11.0/auto-value-annotations-1.11.0.jar:/home/sadsadsa/.m2/repository/com/google/code/findbugs/jsr305/3.0.2/jsr305-3.0.2.jar:/home/sadsadsa/.m2/repository/com/google/auth/google-auth-library-credentials/1.30.1/google-auth-library-credentials-1.30.1.jar:/home/sadsadsa/.m2/repository/com/google/http-client/google-http-client/1.45.2/google-http-client-1.45.2.jar:/home/sadsadsa/.m2/repository/io/grpc/grpc-context/1.68.2/grpc-context-1.68.2.jar:/home/sadsadsa/.m2/repository/io/grpc/grpc-api/1.68.2/grpc-api-1.68.2.jar:/home/sadsadsa/.m2/repository/io/opencensus/opencensus-api/0.31.1/opencensus-api-0.31.1.jar:/home/sadsadsa/.m2/repository/io/opencensus/opencensus-contrib-http-util/0.31.1/opencensus-contrib-http-util-0.31.1.jar:/home/sadsadsa/.m2/repository/com/google/http-client/google-http-client-gson/1.45.2/google-http-client-gson-1.45.2.jar:/home/sadsadsa/.m2/repository/com/google/code/gson/gson/2.11.0/gson-2.11.0.jar:/home/sadsadsa/.m2/repository/com/google/guava/guava/33.3.1-android/guava-33.3.1-android.jar:/home/sadsadsa/.m2/repository/com/google/guava/failureaccess/1.0.2/failureaccess-1.0.2.jar:/home/sadsadsa/.m2/repository/com/google/guava/listenablefuture/9999.0-empty-to-avoid-conflict-with-guava/listenablefuture-9999.0-empty-to-avoid-conflict-with-guava.jar:/home/sadsadsa/.m2/repository/com/google/errorprone/error_prone_annotations/2.36.0/error_prone_annotations-2.36.0.jar:/home/sadsadsa/.m2/repository/org/apache/httpcomponents/httpclient/4.5.14/httpclient-4.5.14.jar:/home/sadsadsa/.m2/repository/commons-logging/commons-logging/1.2/commons-logging-1.2.jar:/home/sadsadsa/.m2/repository/commons-codec/commons-codec/1.17.2/commons-codec-1.17.2.jar:/home/sadsadsa/.m2/repository/org/apache/httpcomponents/httpcore/4.4.16/httpcore-4.4.16.jar:/home/sadsadsa/.m2/repository/com/google/auto/value/auto-value/1.11.0/auto-value-1.11.0.jar:/home/sadsadsa/.m2/repository/com/google/api/api-common/2.42.1/api-common-2.42.1.jar:/home/sadsadsa/.m2/repository/javax/annotation/javax.annotation-api/1.3.2/javax.annotation-api-1.3.2.jar:/home/sadsadsa/.m2/repository/com/google/j2objc/j2objc-annotations/3.0.0/j2objc-annotations-3.0.0.jar:/home/sadsadsa/.m2/repository/com/fasterxml/jackson/datatype/jackson-datatype-jdk8/2.18.2/jackson-datatype-jdk8-2.18.2.jar:/home/sadsadsa/.m2/repository/com/fasterxml/jackson/datatype/jackson-datatype-jsr310/2.18.2/jackson-datatype-jsr310-2.18.2.jar:/home/sadsadsa/.m2/repository/org/java-websocket/Java-WebSocket/1.6.0/Java-WebSocket-1.6.0.jar:/home/sadsadsa/.m2/repository/org/jspecify/jspecify/1.0.0/jspecify-1.0.0.jar:/home/sadsadsa/.m2/repository/org/mockito/mockito-core/5.14.2/mockito-core-5.14.2.jar:/home/sadsadsa/.m2/repository/net/bytebuddy/byte-buddy/1.15.11/byte-buddy-1.15.11.jar:/home/sadsadsa/.m2/repository/net/bytebuddy/byte-buddy-agent/1.15.11/byte-buddy-agent-1.15.11.jar:/home/sadsadsa/.m2/repository/org/objenesis/objenesis/3.3/objenesis-3.3.jar:/home/sadsadsa/.m2/repository/org/mockito/mockito-junit-jupiter/5.14.2/mockito-junit-jupiter-5.14.2.jar:/home/sadsadsa/.m2/repository/com/fasterxml/jackson/core/jackson-databind/2.18.2/jackson-databind-2.18.2.jar:/home/sadsadsa/.m2/repository/com/fasterxml/jackson/core/jackson-annotations/2.18.2/jackson-annotations-2.18.2.jar:/home/sadsadsa/.m2/repository/com/fasterxml/jackson/core/jackson-core/2.18.2/jackson-core-2.18.2.jar:/home/sadsadsa/.m2/repository/org/hamcrest/hamcrest/2.2/hamcrest-2.2.jar:/home/sadsadsa/.m2/repository/com/cloudinary/cloudinary-http44/1.33.0/cloudinary-http44-1.33.0.jar:/home/sadsadsa/.m2/repository/com/cloudinary/cloudinary-core/1.33.0/cloudinary-core-1.33.0.jar:/home/sadsadsa/.m2/repository/org/apache/httpcomponents/httpmime/4.4/httpmime-4.4.jar:, java.vm.vendor=Ubuntu, sun.arch.data.model=64, java.vendor.url=https://ubuntu.com/, user.timezone=Etc/UTC, jakarta.persistence.sharedCache.mode=UNSPECIFIED, java.vm.specification.version=17, os.name=Linux, APPLICATION_NAME=train-up, jakarta.persistence.nonJtaDataSource=HikariDataSource (HikariPool-1), sun.java.launcher=SUN_STANDARD, sun.boot.library.path=/usr/lib/jvm/java-17-openjdk-amd64/lib, sun.java.command=/mnt/c/Users/Bohdan-Dymydiuk/projects/com-projects/train-up/backend/target/surefire/surefirebooter-20250731162610256_3.jar /mnt/c/Users/Bohdan-Dymydiuk/projects/com-projects/train-up/backend/target/surefire 2025-07-31T16-26-10_078-jvmRun1 surefire-20250731162610256_1tmp surefire_0-20250731162610256_2tmp, javax.persistence.nonJtaDataSource=HikariDataSource (HikariPool-1), hibernate.transaction.jta.platform=org.hibernate.engine.transaction.jta.platform.internal.NoJtaPlatform@6aa34b05, jdk.debug=release, surefire.test.class.path=/mnt/c/Users/Bohdan-Dymydiuk/projects/com-projects/train-up/backend/target/test-classes:/mnt/c/Users/Bohdan-Dymydiuk/projects/com-projects/train-up/backend/target/classes:/home/sadsadsa/.m2/repository/org/springframework/boot/spring-boot-starter-data-jdbc/3.4.3/spring-boot-starter-data-jdbc-3.4.3.jar:/home/sadsadsa/.m2/repository/org/springframework/boot/spring-boot-starter-jdbc/3.4.3/spring-boot-starter-jdbc-3.4.3.jar:/home/sadsadsa/.m2/repository/com/zaxxer/HikariCP/5.1.0/HikariCP-5.1.0.jar:/home/sadsadsa/.m2/repository/org/springframework/spring-jdbc/6.2.3/spring-jdbc-6.2.3.jar:/home/sadsadsa/.m2/repository/org/springframework/data/spring-data-jdbc/3.4.3/spring-data-jdbc-3.4.3.jar:/home/sadsadsa/.m2/repository/org/springframework/data/spring-data-relational/3.4.3/spring-data-relational-3.4.3.jar:/home/sadsadsa/.m2/repository/org/springframework/data/spring-data-commons/3.4.3/spring-data-commons-3.4.3.jar:/home/sadsadsa/.m2/repository/org/springframework/spring-tx/6.2.3/spring-tx-6.2.3.jar:/home/sadsadsa/.m2/repository/org/springframework/spring-context/6.2.3/spring-context-6.2.3.jar:/home/sadsadsa/.m2/repository/org/springframework/spring-beans/6.2.3/spring-beans-6.2.3.jar:/home/sadsadsa/.m2/repository/org/slf4j/slf4j-api/2.0.16/slf4j-api-2.0.16.jar:/home/sadsadsa/.m2/repository/org/springframework/boot/spring-boot-starter-data-jpa/3.4.3/spring-boot-starter-data-jpa-3.4.3.jar:/home/sadsadsa/.m2/repository/org/springframework/boot/spring-boot-starter/3.4.3/spring-boot-starter-3.4.3.jar:/home/sadsadsa/.m2/repository/jakarta/annotation/jakarta.annotation-api/2.1.1/jakarta.annotation-api-2.1.1.jar:/home/sadsadsa/.m2/repository/org/hibernate/orm/hibernate-core/6.6.8.Final/hibernate-core-6.6.8.Final.jar:/home/sadsadsa/.m2/repository/jakarta/persistence/jakarta.persistence-api/3.1.0/jakarta.persistence-api-3.1.0.jar:/home/sadsadsa/.m2/repository/jakarta/transaction/jakarta.transaction-api/2.0.1/jakarta.transaction-api-2.0.1.jar:/home/sadsadsa/.m2/repository/org/jboss/logging/jboss-logging/3.6.1.Final/jboss-logging-3.6.1.Final.jar:/home/sadsadsa/.m2/repository/org/hibernate/common/hibernate-commons-annotations/7.0.3.Final/hibernate-commons-annotations-7.0.3.Final.jar:/home/sadsadsa/.m2/repository/io/smallrye/jandex/3.2.0/jandex-3.2.0.jar:/home/sadsadsa/.m2/repository/com/fasterxml/classmate/1.7.0/classmate-1.7.0.jar:/home/sadsadsa/.m2/repository/org/glassfish/jaxb/jaxb-runtime/4.0.5/jaxb-runtime-4.0.5.jar:/home/sadsadsa/.m2/repository/org/glassfish/jaxb/jaxb-core/4.0.5/jaxb-core-4.0.5.jar:/home/sadsadsa/.m2/repository/org/glassfish/jaxb/txw2/4.0.5/txw2-4.0.5.jar:/home/sadsadsa/.m2/repository/com/sun/istack/istack-commons-runtime/4.1.2/istack-commons-runtime-4.1.2.jar:/home/sadsadsa/.m2/repository/jakarta/inject/jakarta.inject-api/2.0.1/jakarta.inject-api-2.0.1.jar:/home/sadsadsa/.m2/repository/org/antlr/antlr4-runtime/4.13.0/antlr4-runtime-4.13.0.jar:/home/sadsadsa/.m2/repository/org/springframework/data/spring-data-jpa/3.4.3/spring-data-jpa-3.4.3.jar:/home/sadsadsa/.m2/repository/org/springframework/spring-orm/6.2.3/spring-orm-6.2.3.jar:/home/sadsadsa/.m2/repository/org/springframework/spring-aspects/6.2.3/spring-aspects-6.2.3.jar:/home/sadsadsa/.m2/repository/org/aspectj/aspectjweaver/1.9.22.1/aspectjweaver-1.9.22.1.jar:/home/sadsadsa/.m2/repository/org/springframework/boot/spring-boot-starter-security/3.4.3/spring-boot-starter-security-3.4.3.jar:/home/sadsadsa/.m2/repository/org/springframework/spring-aop/6.2.3/spring-aop-6.2.3.jar:/home/sadsadsa/.m2/repository/org/springframework/security/spring-security-config/6.4.3/spring-security-config-6.4.3.jar:/home/sadsadsa/.m2/repository/org/springframework/security/spring-security-web/6.4.3/spring-security-web-6.4.3.jar:/home/sadsadsa/.m2/repository/org/springframework/spring-expression/6.2.3/spring-expression-6.2.3.jar:/home/sadsadsa/.m2/repository/org/springframework/boot/spring-boot-starter-web/3.4.3/spring-boot-starter-web-3.4.3.jar:/home/sadsadsa/.m2/repository/org/springframework/boot/spring-boot-starter-json/3.4.3/spring-boot-starter-json-3.4.3.jar:/home/sadsadsa/.m2/repository/org/springframework/boot/spring-boot-starter-tomcat/3.4.3/spring-boot-starter-tomcat-3.4.3.jar:/home/sadsadsa/.m2/repository/org/apache/tomcat/embed/tomcat-embed-core/10.1.36/tomcat-embed-core-10.1.36.jar:/home/sadsadsa/.m2/repository/org/apache/tomcat/embed/tomcat-embed-websocket/10.1.36/tomcat-embed-websocket-10.1.36.jar:/home/sadsadsa/.m2/repository/org/springframework/spring-web/6.2.3/spring-web-6.2.3.jar:/home/sadsadsa/.m2/repository/org/springframework/spring-webmvc/6.2.3/spring-webmvc-6.2.3.jar:/home/sadsadsa/.m2/repository/org/springframework/boot/spring-boot-starter-web-services/3.4.3/spring-boot-starter-web-services-3.4.3.jar:/home/sadsadsa/.m2/repository/com/sun/xml/messaging/saaj/saaj-impl/3.0.4/saaj-impl-3.0.4.jar:/home/sadsadsa/.m2/repository/jakarta/xml/soap/jakarta.xml.soap-api/3.0.2/jakarta.xml.soap-api-3.0.2.jar:/home/sadsadsa/.m2/repository/org/jvnet/staxex/stax-ex/2.1.0/stax-ex-2.1.0.jar:/home/sadsadsa/.m2/repository/org/eclipse/angus/angus-activation/2.0.2/angus-activation-2.0.2.jar:/home/sadsadsa/.m2/repository/jakarta/xml/ws/jakarta.xml.ws-api/4.0.2/jakarta.xml.ws-api-4.0.2.jar:/home/sadsadsa/.m2/repository/org/springframework/spring-oxm/6.2.3/spring-oxm-6.2.3.jar:/home/sadsadsa/.m2/repository/org/springframework/ws/spring-ws-core/4.0.11/spring-ws-core-4.0.11.jar:/home/sadsadsa/.m2/repository/org/springframework/ws/spring-xml/4.0.11/spring-xml-4.0.11.jar:/home/sadsadsa/.m2/repository/org/springframework/boot/spring-boot-devtools/3.4.3/spring-boot-devtools-3.4.3.jar:/home/sadsadsa/.m2/repository/org/springframework/boot/spring-boot/3.4.3/spring-boot-3.4.3.jar:/home/sadsadsa/.m2/repository/org/springframework/boot/spring-boot-autoconfigure/3.4.3/spring-boot-autoconfigure-3.4.3.jar:/home/sadsadsa/.m2/repository/org/springframework/boot/spring-boot-docker-compose/3.4.3/spring-boot-docker-compose-3.4.3.jar:/home/sadsadsa/.m2/repository/com/fasterxml/jackson/module/jackson-module-parameter-names/2.18.2/jackson-module-parameter-names-2.18.2.jar:/home/sadsadsa/.m2/repository/org/postgresql/postgresql/42.7.4/postgresql-42.7.4.jar:/home/sadsadsa/.m2/repository/org/checkerframework/checker-qual/3.42.0/checker-qual-3.42.0.jar:/home/sadsadsa/.m2/repository/org/projectlombok/lombok/1.18.34/lombok-1.18.34.jar:/home/sadsadsa/.m2/repository/org/springframework/boot/spring-boot-starter-test/3.4.3/spring-boot-starter-test-3.4.3.jar:/home/sadsadsa/.m2/repository/org/springframework/boot/spring-boot-test/3.4.3/spring-boot-test-3.4.3.jar:/home/sadsadsa/.m2/repository/org/springframework/boot/spring-boot-test-autoconfigure/3.4.3/spring-boot-test-autoconfigure-3.4.3.jar:/home/sadsadsa/.m2/repository/com/jayway/jsonpath/json-path/2.9.0/json-path-2.9.0.jar:/home/sadsadsa/.m2/repository/jakarta/xml/bind/jakarta.xml.bind-api/4.0.2/jakarta.xml.bind-api-4.0.2.jar:/home/sadsadsa/.m2/repository/net/minidev/json-smart/2.5.2/json-smart-2.5.2.jar:/home/sadsadsa/.m2/repository/net/minidev/accessors-smart/2.5.2/accessors-smart-2.5.2.jar:/home/sadsadsa/.m2/repository/org/ow2/asm/asm/9.7.1/asm-9.7.1.jar:/home/sadsadsa/.m2/repository/org/assertj/assertj-core/3.26.3/assertj-core-3.26.3.jar:/home/sadsadsa/.m2/repository/org/awaitility/awaitility/4.2.2/awaitility-4.2.2.jar:/home/sadsadsa/.m2/repository/org/skyscreamer/jsonassert/1.5.3/jsonassert-1.5.3.jar:/home/sadsadsa/.m2/repository/com/vaadin/external/google/android-json/0.0.20131108.vaadin1/android-json-0.0.20131108.vaadin1.jar:/home/sadsadsa/.m2/repository/org/springframework/spring-core/6.2.3/spring-core-6.2.3.jar:/home/sadsadsa/.m2/repository/org/springframework/spring-jcl/6.2.3/spring-jcl-6.2.3.jar:/home/sadsadsa/.m2/repository/org/springframework/spring-test/6.2.3/spring-test-6.2.3.jar:/home/sadsadsa/.m2/repository/org/xmlunit/xmlunit-core/2.10.0/xmlunit-core-2.10.0.jar:/home/sadsadsa/.m2/repository/org/springframework/security/spring-security-test/6.4.3/spring-security-test-6.4.3.jar:/home/sadsadsa/.m2/repository/org/springframework/security/spring-security-core/6.4.3/spring-security-core-6.4.3.jar:/home/sadsadsa/.m2/repository/org/springframework/security/spring-security-crypto/6.4.3/spring-security-crypto-6.4.3.jar:/home/sadsadsa/.m2/repository/org/liquibase/liquibase-core/4.29.2/liquibase-core-4.29.2.jar:/home/sadsadsa/.m2/repository/com/opencsv/opencsv/5.9/opencsv-5.9.jar:/home/sadsadsa/.m2/repository/org/yaml/snakeyaml/2.3/snakeyaml-2.3.jar:/home/sadsadsa/.m2/repository/javax/xml/bind/jaxb-api/2.3.1/jaxb-api-2.3.1.jar:/home/sadsadsa/.m2/repository/commons-io/commons-io/2.16.1/commons-io-2.16.1.jar:/home/sadsadsa/.m2/repository/org/apache/commons/commons-collections4/4.4/commons-collections4-4.4.jar:/home/sadsadsa/.m2/repository/org/apache/commons/commons-text/1.12.0/commons-text-1.12.0.jar:/home/sadsadsa/.m2/repository/org/apache/commons/commons-lang3/3.17.0/commons-lang3-3.17.0.jar:/home/sadsadsa/.m2/repository/org/mapstruct/mapstruct/1.5.5.Final/mapstruct-1.5.5.Final.jar:/home/sadsadsa/.m2/repository/io/jsonwebtoken/jjwt-api/0.12.6/jjwt-api-0.12.6.jar:/home/sadsadsa/.m2/repository/io/jsonwebtoken/jjwt-impl/0.12.6/jjwt-impl-0.12.6.jar:/home/sadsadsa/.m2/repository/org/springframework/boot/spring-boot-starter-validation/3.4.3/spring-boot-starter-validation-3.4.3.jar:/home/sadsadsa/.m2/repository/org/apache/tomcat/embed/tomcat-embed-el/10.1.36/tomcat-embed-el-10.1.36.jar:/home/sadsadsa/.m2/repository/org/hibernate/validator/hibernate-validator/8.0.2.Final/hibernate-validator-8.0.2.Final.jar:/home/sadsadsa/.m2/repository/jakarta/validation/jakarta.validation-api/3.0.2/jakarta.validation-api-3.0.2.jar:/home/sadsadsa/.m2/repository/org/springdoc/springdoc-openapi-starter-webmvc-ui/2.8.6/springdoc-openapi-starter-webmvc-ui-2.8.6.jar:/home/sadsadsa/.m2/repository/org/springdoc/springdoc-openapi-starter-webmvc-api/2.8.6/springdoc-openapi-starter-webmvc-api-2.8.6.jar:/home/sadsadsa/.m2/repository/org/springdoc/springdoc-openapi-starter-common/2.8.6/springdoc-openapi-starter-common-2.8.6.jar:/home/sadsadsa/.m2/repository/io/swagger/core/v3/swagger-core-jakarta/2.2.29/swagger-core-jakarta-2.2.29.jar:/home/sadsadsa/.m2/repository/io/swagger/core/v3/swagger-annotations-jakarta/2.2.29/swagger-annotations-jakarta-2.2.29.jar:/home/sadsadsa/.m2/repository/io/swagger/core/v3/swagger-models-jakarta/2.2.29/swagger-models-jakarta-2.2.29.jar:/home/sadsadsa/.m2/repository/com/fasterxml/jackson/dataformat/jackson-dataformat-yaml/2.18.2/jackson-dataformat-yaml-2.18.2.jar:/home/sadsadsa/.m2/repository/org/webjars/swagger-ui/5.20.1/swagger-ui-5.20.1.jar:/home/sadsadsa/.m2/repository/org/webjars/webjars-locator-lite/1.0.1/webjars-locator-lite-1.0.1.jar:/home/sadsadsa/.m2/repository/org/junit/jupiter/junit-jupiter/5.11.4/junit-jupiter-5.11.4.jar:/home/sadsadsa/.m2/repository/org/junit/jupiter/junit-jupiter-api/5.11.4/junit-jupiter-api-5.11.4.jar:/home/sadsadsa/.m2/repository/org/opentest4j/opentest4j/1.3.0/opentest4j-1.3.0.jar:/home/sadsadsa/.m2/repository/org/junit/platform/junit-platform-commons/1.11.4/junit-platform-commons-1.11.4.jar:/home/sadsadsa/.m2/repository/org/junit/jupiter/junit-jupiter-params/5.11.4/junit-jupiter-params-5.11.4.jar:/home/sadsadsa/.m2/repository/org/junit/jupiter/junit-jupiter-engine/5.11.4/junit-jupiter-engine-5.11.4.jar:/home/sadsadsa/.m2/repository/org/junit/platform/junit-platform-launcher/1.11.4/junit-platform-launcher-1.11.4.jar:/home/sadsadsa/.m2/repository/org/junit/platform/junit-platform-engine/1.11.4/junit-platform-engine-1.11.4.jar:/home/sadsadsa/.m2/repository/org/apiguardian/apiguardian-api/1.1.2/apiguardian-api-1.1.2.jar:/home/sadsadsa/.m2/repository/com/h2database/h2/2.3.232/h2-2.3.232.jar:/home/sadsadsa/.m2/repository/org/springframework/boot/spring-boot-starter-actuator/3.4.3/spring-boot-starter-actuator-3.4.3.jar:/home/sadsadsa/.m2/repository/org/springframework/boot/spring-boot-actuator-autoconfigure/3.4.3/spring-boot-actuator-autoconfigure-3.4.3.jar:/home/sadsadsa/.m2/repository/org/springframework/boot/spring-boot-actuator/3.4.3/spring-boot-actuator-3.4.3.jar:/home/sadsadsa/.m2/repository/io/micrometer/micrometer-observation/1.14.4/micrometer-observation-1.14.4.jar:/home/sadsadsa/.m2/repository/io/micrometer/micrometer-commons/1.14.4/micrometer-commons-1.14.4.jar:/home/sadsadsa/.m2/repository/io/micrometer/micrometer-jakarta9/1.14.4/micrometer-jakarta9-1.14.4.jar:/home/sadsadsa/.m2/repository/io/micrometer/micrometer-core/1.14.4/micrometer-core-1.14.4.jar:/home/sadsadsa/.m2/repository/org/hdrhistogram/HdrHistogram/2.2.2/HdrHistogram-2.2.2.jar:/home/sadsadsa/.m2/repository/org/latencyutils/LatencyUtils/2.0.3/LatencyUtils-2.0.3.jar:/home/sadsadsa/.m2/repository/org/springframework/boot/spring-boot-starter-log4j2/3.4.3/spring-boot-starter-log4j2-3.4.3.jar:/home/sadsadsa/.m2/repository/org/apache/logging/log4j/log4j-slf4j2-impl/2.24.3/log4j-slf4j2-impl-2.24.3.jar:/home/sadsadsa/.m2/repository/org/apache/logging/log4j/log4j-api/2.24.3/log4j-api-2.24.3.jar:/home/sadsadsa/.m2/repository/org/apache/logging/log4j/log4j-core/2.24.3/log4j-core-2.24.3.jar:/home/sadsadsa/.m2/repository/org/apache/logging/log4j/log4j-jul/2.24.3/log4j-jul-2.24.3.jar:/home/sadsadsa/.m2/repository/jakarta/activation/jakarta.activation-api/2.1.2/jakarta.activation-api-2.1.2.jar:/home/sadsadsa/.m2/repository/io/jsonwebtoken/jjwt-jackson/0.12.6/jjwt-jackson-0.12.6.jar:/home/sadsadsa/.m2/repository/org/springframework/boot/spring-boot-starter-webflux/3.4.3/spring-boot-starter-webflux-3.4.3.jar:/home/sadsadsa/.m2/repository/org/springframework/boot/spring-boot-starter-reactor-netty/3.4.3/spring-boot-starter-reactor-netty-3.4.3.jar:/home/sadsadsa/.m2/repository/io/projectreactor/netty/reactor-netty-http/1.2.3/reactor-netty-http-1.2.3.jar:/home/sadsadsa/.m2/repository/io/netty/netty-codec-http/4.1.118.Final/netty-codec-http-4.1.118.Final.jar:/home/sadsadsa/.m2/repository/io/netty/netty-common/4.1.118.Final/netty-common-4.1.118.Final.jar:/home/sadsadsa/.m2/repository/io/netty/netty-buffer/4.1.118.Final/netty-buffer-4.1.118.Final.jar:/home/sadsadsa/.m2/repository/io/netty/netty-transport/4.1.118.Final/netty-transport-4.1.118.Final.jar:/home/sadsadsa/.m2/repository/io/netty/netty-codec/4.1.118.Final/netty-codec-4.1.118.Final.jar:/home/sadsadsa/.m2/repository/io/netty/netty-handler/4.1.118.Final/netty-handler-4.1.118.Final.jar:/home/sadsadsa/.m2/repository/io/netty/netty-codec-http2/4.1.118.Final/netty-codec-http2-4.1.118.Final.jar:/home/sadsadsa/.m2/repository/io/netty/netty-resolver-dns/4.1.118.Final/netty-resolver-dns-4.1.118.Final.jar:/home/sadsadsa/.m2/repository/io/netty/netty-resolver/4.1.118.Final/netty-resolver-4.1.118.Final.jar:/home/sadsadsa/.m2/repository/io/netty/netty-codec-dns/4.1.118.Final/netty-codec-dns-4.1.118.Final.jar:/home/sadsadsa/.m2/repository/io/netty/netty-resolver-dns-native-macos/4.1.118.Final/netty-resolver-dns-native-macos-4.1.118.Final-osx-x86_64.jar:/home/sadsadsa/.m2/repository/io/netty/netty-resolver-dns-classes-macos/4.1.118.Final/netty-resolver-dns-classes-macos-4.1.118.Final.jar:/home/sadsadsa/.m2/repository/io/netty/netty-transport-native-epoll/4.1.118.Final/netty-transport-native-epoll-4.1.118.Final-linux-x86_64.jar:/home/sadsadsa/.m2/repository/io/netty/netty-transport-native-unix-common/4.1.118.Final/netty-transport-native-unix-common-4.1.118.Final.jar:/home/sadsadsa/.m2/repository/io/netty/netty-transport-classes-epoll/4.1.118.Final/netty-transport-classes-epoll-4.1.118.Final.jar:/home/sadsadsa/.m2/repository/io/projectreactor/netty/reactor-netty-core/1.2.3/reactor-netty-core-1.2.3.jar:/home/sadsadsa/.m2/repository/io/netty/netty-handler-proxy/4.1.118.Final/netty-handler-proxy-4.1.118.Final.jar:/home/sadsadsa/.m2/repository/io/netty/netty-codec-socks/4.1.118.Final/netty-codec-socks-4.1.118.Final.jar:/home/sadsadsa/.m2/repository/org/springframework/spring-webflux/6.2.3/spring-webflux-6.2.3.jar:/home/sadsadsa/.m2/repository/io/projectreactor/reactor-core/3.7.3/reactor-core-3.7.3.jar:/home/sadsadsa/.m2/repository/org/reactivestreams/reactive-streams/1.0.4/reactive-streams-1.0.4.jar:/home/sadsadsa/.m2/repository/com/google/genai/google-genai/1.0.0/google-genai-1.0.0.jar:/home/sadsadsa/.m2/repository/com/google/auth/google-auth-library-oauth2-http/1.30.1/google-auth-library-oauth2-http-1.30.1.jar:/home/sadsadsa/.m2/repository/com/google/auto/value/auto-value-annotations/1.11.0/auto-value-annotations-1.11.0.jar:/home/sadsadsa/.m2/repository/com/google/code/findbugs/jsr305/3.0.2/jsr305-3.0.2.jar:/home/sadsadsa/.m2/repository/com/google/auth/google-auth-library-credentials/1.30.1/google-auth-library-credentials-1.30.1.jar:/home/sadsadsa/.m2/repository/com/google/http-client/google-http-client/1.45.2/google-http-client-1.45.2.jar:/home/sadsadsa/.m2/repository/io/grpc/grpc-context/1.68.2/grpc-context-1.68.2.jar:/home/sadsadsa/.m2/repository/io/grpc/grpc-api/1.68.2/grpc-api-1.68.2.jar:/home/sadsadsa/.m2/repository/io/opencensus/opencensus-api/0.31.1/opencensus-api-0.31.1.jar:/home/sadsadsa/.m2/repository/io/opencensus/opencensus-contrib-http-util/0.31.1/opencensus-contrib-http-util-0.31.1.jar:/home/sadsadsa/.m2/repository/com/google/http-client/google-http-client-gson/1.45.2/google-http-client-gson-1.45.2.jar:/home/sadsadsa/.m2/repository/com/google/code/gson/gson/2.11.0/gson-2.11.0.jar:/home/sadsadsa/.m2/repository/com/google/guava/guava/33.3.1-android/guava-33.3.1-android.jar:/home/sadsadsa/.m2/repository/com/google/guava/failureaccess/1.0.2/failureaccess-1.0.2.jar:/home/sadsadsa/.m2/repository/com/google/guava/listenablefuture/9999.0-empty-to-avoid-conflict-with-guava/listenablefuture-9999.0-empty-to-avoid-conflict-with-guava.jar:/home/sadsadsa/.m2/repository/com/google/errorprone/error_prone_annotations/2.36.0/error_prone_annotations-2.36.0.jar:/home/sadsadsa/.m2/repository/org/apache/httpcomponents/httpclient/4.5.14/httpclient-4.5.14.jar:/home/sadsadsa/.m2/repository/commons-logging/commons-logging/1.2/commons-logging-1.2.jar:/home/sadsadsa/.m2/repository/commons-codec/commons-codec/1.17.2/commons-codec-1.17.2.jar:/home/sadsadsa/.m2/repository/org/apache/httpcomponents/httpcore/4.4.16/httpcore-4.4.16.jar:/home/sadsadsa/.m2/repository/com/google/auto/value/auto-value/1.11.0/auto-value-1.11.0.jar:/home/sadsadsa/.m2/repository/com/google/api/api-common/2.42.1/api-common-2.42.1.jar:/home/sadsadsa/.m2/repository/javax/annotation/javax.annotation-api/1.3.2/javax.annotation-api-1.3.2.jar:/home/sadsadsa/.m2/repository/com/google/j2objc/j2objc-annotations/3.0.0/j2objc-annotations-3.0.0.jar:/home/sadsadsa/.m2/repository/com/fasterxml/jackson/datatype/jackson-datatype-jdk8/2.18.2/jackson-datatype-jdk8-2.18.2.jar:/home/sadsadsa/.m2/repository/com/fasterxml/jackson/datatype/jackson-datatype-jsr310/2.18.2/jackson-datatype-jsr310-2.18.2.jar:/home/sadsadsa/.m2/repository/org/java-websocket/Java-WebSocket/1.6.0/Java-WebSocket-1.6.0.jar:/home/sadsadsa/.m2/repository/org/jspecify/jspecify/1.0.0/jspecify-1.0.0.jar:/home/sadsadsa/.m2/repository/org/mockito/mockito-core/5.14.2/mockito-core-5.14.2.jar:/home/sadsadsa/.m2/repository/net/bytebuddy/byte-buddy/1.15.11/byte-buddy-1.15.11.jar:/home/sadsadsa/.m2/repository/net/bytebuddy/byte-buddy-agent/1.15.11/byte-buddy-agent-1.15.11.jar:/home/sadsadsa/.m2/repository/org/objenesis/objenesis/3.3/objenesis-3.3.jar:/home/sadsadsa/.m2/repository/org/mockito/mockito-junit-jupiter/5.14.2/mockito-junit-jupiter-5.14.2.jar:/home/sadsadsa/.m2/repository/com/fasterxml/jackson/core/jackson-databind/2.18.2/jackson-databind-2.18.2.jar:/home/sadsadsa/.m2/repository/com/fasterxml/jackson/core/jackson-annotations/2.18.2/jackson-annotations-2.18.2.jar:/home/sadsadsa/.m2/repository/com/fasterxml/jackson/core/jackson-core/2.18.2/jackson-core-2.18.2.jar:/home/sadsadsa/.m2/repository/org/hamcrest/hamcrest/2.2/hamcrest-2.2.jar:/home/sadsadsa/.m2/repository/com/cloudinary/cloudinary-http44/1.33.0/cloudinary-http44-1.33.0.jar:/home/sadsadsa/.m2/repository/com/cloudinary/cloudinary-core/1.33.0/cloudinary-core-1.33.0.jar:/home/sadsadsa/.m2/repository/org/apache/httpcomponents/httpmime/4.4/httpmime-4.4.jar:, sun.cpu.endian=little, hibernate.cdi.extensions=true, user.home=/home/sadsadsa, user.language=en, java.specification.vendor=Oracle Corporation, java.version.date=2025-04-15, java.home=/usr/lib/jvm/java-17-openjdk-amd64, file.separator=/, basedir=/mnt/c/Users/Bohdan-Dymydiuk/projects/com-projects/train-up/backend, java.vm.compressedOopsMode=32-bit, line.separator=
, hibernate.persistenceUnitName=default, java.specification.name=Java Platform API Specification, java.vm.specification.vendor=Oracle Corporation, FILE_LOG_CHARSET=UTF-8, hibernate.transaction.coordinator_class=class org.hibernate.resource.transaction.backend.jdbc.internal.JdbcResourceLocalTransactionCoordinatorBuilderImpl, java.awt.headless=true, surefire.real.class.path=/mnt/c/Users/Bohdan-Dymydiuk/projects/com-projects/train-up/backend/target/surefire/surefirebooter-20250731162610256_3.jar, jakarta.persistence.validation.mode=AUTO, sun.management.compiler=HotSpot 64-Bit Tiered Compilers, java.runtime.version=17.0.15+6-Ubuntu-0ubuntu124.04, user.name=sadsadsa, path.separator=:, os.version=6.6.87.1-microsoft-standard-WSL2, java.runtime.name=OpenJDK Runtime Environment, file.encoding=UTF-8, java.vm.name=OpenJDK 64-Bit Server VM, hibernate.show_sql=true, localRepository=/home/sadsadsa/.m2/repository, java.vendor.url.bug=https://bugs.launchpad.net/ubuntu/+source/openjdk-17, java.io.tmpdir=/tmp, com.zaxxer.hikari.pool_number=1, java.version=17.0.15, hibernate.physical_naming_strategy=org.hibernate.boot.model.naming.CamelCaseToUnderscoresNamingStrategy, user.dir=/mnt/c/Users/Bohdan-Dymydiuk/projects/com-projects/train-up/backend, os.arch=amd64, java.vm.specification.name=Java Virtual Machine Specification, PID=5810, CONSOLE_LOG_CHARSET=UTF-8, hibernate.boot.CfgXmlAccessService.key=org.hibernate.boot.registry.StandardServiceRegistryBuilder$1@173ee8f7, native.encoding=UTF-8, java.library.path=/usr/java/packages/lib:/usr/lib/x86_64-linux-gnu/jni:/lib/x86_64-linux-gnu:/usr/lib/x86_64-linux-gnu:/usr/lib/jni:/lib:/usr/lib, java.vendor=Ubuntu, java.vm.info=mixed mode, sharing, java.vm.version=17.0.15+6-Ubuntu-0ubuntu124.04, java.specification.maintenance.version=1, sun.io.unicode.encoding=UnicodeLittle, hibernate.archive.scanner=org.hibernate.boot.archive.scan.internal.DisabledScanner, hibernate.connection.datasource=HikariDataSource (HikariPool-1), java.class.version=61.0, LOGGED_APPLICATION_NAME=[train-up] }
2025-07-31 16:26:33.646 [main] DEBUG org.hibernate.internal.SessionFactoryImpl - Session factory constructed with filter configurations : {}
2025-07-31 16:26:33.658 [main] DEBUG org.hibernate.validator.internal.xml.config.ValidationXmlParser - Trying to load META-INF/validation.xml for XML based Validator configuration.
2025-07-31 16:26:33.658 [main] DEBUG org.hibernate.validator.internal.xml.config.ResourceLoaderHelper - Trying to load META-INF/validation.xml via TCCL
2025-07-31 16:26:33.659 [main] DEBUG org.hibernate.validator.internal.xml.config.ResourceLoaderHelper - Trying to load META-INF/validation.xml via Hibernate Validator's class loader
2025-07-31 16:26:33.661 [main] DEBUG org.hibernate.validator.internal.xml.config.ValidationXmlParser - No META-INF/validation.xml found. Using annotation based configuration only.
2025-07-31 16:26:33.661 [main] DEBUG org.hibernate.validator.internal.engine.resolver.TraversableResolvers - Found jakarta.persistence.Persistence on classpath containing 'getPersistenceUtil'. Assuming JPA 2 environment. Trying to instantiate JPA aware TraversableResolver
2025-07-31 16:26:33.661 [main] DEBUG org.hibernate.validator.internal.engine.resolver.TraversableResolvers - Instantiated JPA aware TraversableResolver of type org.hibernate.validator.internal.engine.resolver.JPATraversableResolver.
2025-07-31 16:26:33.662 [main] DEBUG org.hibernate.validator.messageinterpolation.ResourceBundleMessageInterpolator - Loaded expression factory via original TCCL
2025-07-31 16:26:33.665 [main] DEBUG org.hibernate.validator.internal.engine.ValidatorFactoryConfigurationHelper - HV000252: Using org.hibernate.validator.internal.engine.DefaultPropertyNodeNameProvider as property node name provider.
2025-07-31 16:26:33.666 [main] DEBUG org.hibernate.validator.internal.engine.ValidatorFactoryConfigurationHelper - HV000234: Using org.hibernate.validator.messageinterpolation.ResourceBundleMessageInterpolator as ValidatorFactory-scoped message interpolator.
2025-07-31 16:26:33.666 [main] DEBUG org.hibernate.validator.internal.engine.ValidatorFactoryConfigurationHelper - HV000234: Using org.hibernate.validator.internal.engine.resolver.JPATraversableResolver as ValidatorFactory-scoped traversable resolver.
2025-07-31 16:26:33.666 [main] DEBUG org.hibernate.validator.internal.engine.ValidatorFactoryConfigurationHelper - HV000234: Using org.hibernate.validator.internal.util.ExecutableParameterNameProvider as ValidatorFactory-scoped parameter name provider.
2025-07-31 16:26:33.666 [main] DEBUG org.hibernate.validator.internal.engine.ValidatorFactoryConfigurationHelper - HV000234: Using org.hibernate.validator.internal.engine.DefaultClockProvider as ValidatorFactory-scoped clock provider.
2025-07-31 16:26:33.666 [main] DEBUG org.hibernate.validator.internal.engine.ValidatorFactoryConfigurationHelper - HV000234: Using org.hibernate.validator.internal.engine.scripting.DefaultScriptEvaluatorFactory as ValidatorFactory-scoped script evaluator factory.
2025-07-31 16:26:33.669 [main] DEBUG org.hibernate.boot.internal.ClassLoaderAccessImpl - Not known whether passed class name [com.example.trainup.model.Gym] is safe
2025-07-31 16:26:33.669 [main] DEBUG org.hibernate.boot.internal.ClassLoaderAccessImpl - No temp ClassLoader provided; using live ClassLoader for loading potentially unsafe class : com.example.trainup.model.Gym
2025-07-31 16:26:33.809 [main] DEBUG org.hibernate.boot.internal.ClassLoaderAccessImpl - Not known whether passed class name [com.example.trainup.model.user.GymOwner] is safe
2025-07-31 16:26:33.809 [main] DEBUG org.hibernate.boot.internal.ClassLoaderAccessImpl - No temp ClassLoader provided; using live ClassLoader for loading potentially unsafe class : com.example.trainup.model.user.GymOwner
2025-07-31 16:26:33.813 [main] DEBUG org.hibernate.boot.internal.ClassLoaderAccessImpl - Not known whether passed class name [com.example.trainup.model.user.UserCredentials] is safe
2025-07-31 16:26:33.814 [main] DEBUG org.hibernate.boot.internal.ClassLoaderAccessImpl - No temp ClassLoader provided; using live ClassLoader for loading potentially unsafe class : com.example.trainup.model.user.UserCredentials
2025-07-31 16:26:33.817 [main] DEBUG org.hibernate.boot.internal.ClassLoaderAccessImpl - Not known whether passed class name [com.example.trainup.model.Sport] is safe
2025-07-31 16:26:33.817 [main] DEBUG org.hibernate.boot.internal.ClassLoaderAccessImpl - No temp ClassLoader provided; using live ClassLoader for loading potentially unsafe class : com.example.trainup.model.Sport
2025-07-31 16:26:33.819 [main] DEBUG org.hibernate.boot.internal.ClassLoaderAccessImpl - Not known whether passed class name [com.example.trainup.model.Address] is safe
2025-07-31 16:26:33.819 [main] DEBUG org.hibernate.boot.internal.ClassLoaderAccessImpl - No temp ClassLoader provided; using live ClassLoader for loading potentially unsafe class : com.example.trainup.model.Address
2025-07-31 16:26:33.821 [main] DEBUG org.hibernate.boot.internal.ClassLoaderAccessImpl - Not known whether passed class name [com.example.trainup.model.Event] is safe
2025-07-31 16:26:33.822 [main] DEBUG org.hibernate.boot.internal.ClassLoaderAccessImpl - No temp ClassLoader provided; using live ClassLoader for loading potentially unsafe class : com.example.trainup.model.Event
2025-07-31 16:26:33.829 [main] DEBUG org.hibernate.boot.internal.ClassLoaderAccessImpl - Not known whether passed class name [com.example.trainup.model.user.Athlete] is safe
2025-07-31 16:26:33.829 [main] DEBUG org.hibernate.boot.internal.ClassLoaderAccessImpl - No temp ClassLoader provided; using live ClassLoader for loading potentially unsafe class : com.example.trainup.model.user.Athlete
2025-07-31 16:26:33.832 [main] DEBUG org.hibernate.boot.internal.ClassLoaderAccessImpl - Not known whether passed class name [com.example.trainup.model.Review] is safe
2025-07-31 16:26:33.832 [main] DEBUG org.hibernate.boot.internal.ClassLoaderAccessImpl - No temp ClassLoader provided; using live ClassLoader for loading potentially unsafe class : com.example.trainup.model.Review
2025-07-31 16:26:33.837 [main] DEBUG org.hibernate.boot.internal.ClassLoaderAccessImpl - Not known whether passed class name [com.example.trainup.model.Role] is safe
2025-07-31 16:26:33.837 [main] DEBUG org.hibernate.boot.internal.ClassLoaderAccessImpl - No temp ClassLoader provided; using live ClassLoader for loading potentially unsafe class : com.example.trainup.model.Role
2025-07-31 16:26:33.838 [main] DEBUG org.hibernate.boot.internal.ClassLoaderAccessImpl - Not known whether passed class name [com.example.trainup.model.user.Admin] is safe
2025-07-31 16:26:33.839 [main] DEBUG org.hibernate.boot.internal.ClassLoaderAccessImpl - No temp ClassLoader provided; using live ClassLoader for loading potentially unsafe class : com.example.trainup.model.user.Admin
2025-07-31 16:26:33.840 [main] DEBUG org.hibernate.boot.internal.ClassLoaderAccessImpl - Not known whether passed class name [com.example.trainup.model.user.Trainer] is safe
2025-07-31 16:26:33.840 [main] DEBUG org.hibernate.boot.internal.ClassLoaderAccessImpl - No temp ClassLoader provided; using live ClassLoader for loading potentially unsafe class : com.example.trainup.model.user.Trainer
2025-07-31 16:26:33.843 [main] DEBUG org.hibernate.boot.internal.ClassLoaderAccessImpl - Not known whether passed class name [com.example.trainup.model.GymPhoto] is safe
2025-07-31 16:26:33.844 [main] DEBUG org.hibernate.boot.internal.ClassLoaderAccessImpl - No temp ClassLoader provided; using live ClassLoader for loading potentially unsafe class : com.example.trainup.model.GymPhoto
2025-07-31 16:26:33.845 [main] DEBUG org.hibernate.service.internal.SessionFactoryServiceRegistryImpl - EventListenerRegistry access via ServiceRegistry is deprecated.  Use `sessionFactory.getEventEngine().getListenerRegistry()` instead
2025-07-31 16:26:33.861 [main] DEBUG org.hibernate.tool.schema.spi.SchemaManagementToolCoordinator - No schema actions specified for contributor `orm`; doing nothing
2025-07-31 16:26:33.988 [main] DEBUG org.hibernate.query.sqm.function.SqmFunctionRegistry - Registered SqmFunctionTemplate [NamedSqmFunctionTemplate(max)] under max; prior registration was null
2025-07-31 16:26:33.988 [main] DEBUG org.hibernate.query.sqm.function.SqmFunctionRegistry - Registered SqmFunctionTemplate [NamedSqmFunctionTemplate(min)] under min; prior registration was null
2025-07-31 16:26:33.989 [main] DEBUG org.hibernate.query.sqm.function.SqmFunctionRegistry - Registered SqmFunctionTemplate [NamedSqmFunctionTemplate(sum)] under sum; prior registration was null
2025-07-31 16:26:33.992 [main] DEBUG org.hibernate.query.sqm.function.SqmFunctionRegistry - Registered SqmFunctionTemplate [NamedSqmFunctionTemplate(avg)] under avg; prior registration was null
2025-07-31 16:26:33.994 [main] DEBUG org.hibernate.query.sqm.function.SqmFunctionRegistry - Registered SqmFunctionTemplate [org.hibernate.dialect.function.CountFunction@3fd3d49c] under count; prior registration was null
2025-07-31 16:26:33.996 [main] DEBUG org.hibernate.query.sqm.function.SqmFunctionRegistry - Registered SqmFunctionTemplate [org.hibernate.dialect.function.EveryAnyEmulation@a184485] under every; prior registration was null
2025-07-31 16:26:33.997 [main] DEBUG org.hibernate.query.sqm.function.SqmFunctionRegistry - Registered SqmFunctionTemplate [org.hibernate.dialect.function.EveryAnyEmulation@791d23ff] under any; prior registration was null
2025-07-31 16:26:33.998 [main] DEBUG org.hibernate.query.sqm.function.SqmFunctionRegistry - Registered SqmFunctionTemplate [NamedSqmFunctionTemplate(floor)] under floor; prior registration was null
2025-07-31 16:26:33.998 [main] DEBUG org.hibernate.query.sqm.function.SqmFunctionRegistry - Registered SqmFunctionTemplate [NamedSqmFunctionTemplate(ceiling)] under ceiling; prior registration was null
2025-07-31 16:26:33.998 [main] DEBUG org.hibernate.query.sqm.function.SqmFunctionRegistry - Registered SqmFunctionTemplate [NamedSqmFunctionTemplate(mod)] under mod; prior registration was null
2025-07-31 16:26:33.998 [main] DEBUG org.hibernate.query.sqm.function.SqmFunctionRegistry - Registered SqmFunctionTemplate [NamedSqmFunctionTemplate(abs)] under abs; prior registration was null
2025-07-31 16:26:33.998 [main] DEBUG org.hibernate.query.sqm.function.SqmFunctionRegistry - Registered SqmFunctionTemplate [NamedSqmFunctionTemplate(sign)] under sign; prior registration was null
2025-07-31 16:26:33.998 [main] DEBUG org.hibernate.query.sqm.function.SqmFunctionRegistry - Registered SqmFunctionTemplate [NamedSqmFunctionTemplate(sqrt)] under sqrt; prior registration was null
2025-07-31 16:26:33.999 [main] DEBUG org.hibernate.query.sqm.function.SqmFunctionRegistry - Registered SqmFunctionTemplate [NamedSqmFunctionTemplate(ln)] under ln; prior registration was null
2025-07-31 16:26:33.999 [main] DEBUG org.hibernate.query.sqm.function.SqmFunctionRegistry - Registered SqmFunctionTemplate [NamedSqmFunctionTemplate(exp)] under exp; prior registration was null
2025-07-31 16:26:33.999 [main] DEBUG org.hibernate.query.sqm.function.SqmFunctionRegistry - Registered SqmFunctionTemplate [NamedSqmFunctionTemplate(power)] under power; prior registration was null
2025-07-31 16:26:34.000 [main] DEBUG org.hibernate.query.sqm.function.SqmFunctionRegistry - Registered SqmFunctionTemplate [NamedSqmFunctionTemplate(round)] under round; prior registration was null
2025-07-31 16:26:34.000 [main] DEBUG org.hibernate.query.sqm.function.SqmFunctionRegistry - Registered SqmFunctionTemplate [NamedSqmFunctionTemplate(sin)] under sin; prior registration was null
2025-07-31 16:26:34.000 [main] DEBUG org.hibernate.query.sqm.function.SqmFunctionRegistry - Registered SqmFunctionTemplate [NamedSqmFunctionTemplate(cos)] under cos; prior registration was null
2025-07-31 16:26:34.000 [main] DEBUG org.hibernate.query.sqm.function.SqmFunctionRegistry - Registered SqmFunctionTemplate [NamedSqmFunctionTemplate(tan)] under tan; prior registration was null
2025-07-31 16:26:34.000 [main] DEBUG org.hibernate.query.sqm.function.SqmFunctionRegistry - Registered SqmFunctionTemplate [NamedSqmFunctionTemplate(asin)] under asin; prior registration was null
2025-07-31 16:26:34.000 [main] DEBUG org.hibernate.query.sqm.function.SqmFunctionRegistry - Registered SqmFunctionTemplate [NamedSqmFunctionTemplate(acos)] under acos; prior registration was null
2025-07-31 16:26:34.001 [main] DEBUG org.hibernate.query.sqm.function.SqmFunctionRegistry - Registered SqmFunctionTemplate [NamedSqmFunctionTemplate(atan)] under atan; prior registration was null
2025-07-31 16:26:34.001 [main] DEBUG org.hibernate.query.sqm.function.SqmFunctionRegistry - Registered SqmFunctionTemplate [NamedSqmFunctionTemplate(atan2)] under atan2; prior registration was null
2025-07-31 16:26:34.005 [main] DEBUG org.hibernate.query.sqm.function.SqmFunctionRegistry - Registered SqmFunctionTemplate [org.hibernate.query.sqm.function.PatternBasedSqmFunctionDescriptor@7f52aba0] under sinh; prior registration was null
2025-07-31 16:26:34.005 [main] DEBUG org.hibernate.query.sqm.function.SqmFunctionRegistry - Registered SqmFunctionTemplate [org.hibernate.query.sqm.function.PatternBasedSqmFunctionDescriptor@6ae67bf6] under cosh; prior registration was null
2025-07-31 16:26:34.006 [main] DEBUG org.hibernate.query.sqm.function.SqmFunctionRegistry - Registered SqmFunctionTemplate [org.hibernate.query.sqm.function.PatternBasedSqmFunctionDescriptor@47fa54d] under tanh; prior registration was null
2025-07-31 16:26:34.006 [main] DEBUG org.hibernate.query.sqm.function.SqmFunctionRegistry - Registered SqmFunctionTemplate [org.hibernate.query.sqm.function.PatternBasedSqmFunctionDescriptor@3432a612] under pi; prior registration was null
2025-07-31 16:26:34.006 [main] DEBUG org.hibernate.query.sqm.function.SqmFunctionRegistry - Registered SqmFunctionTemplate [org.hibernate.query.sqm.function.PatternBasedSqmFunctionDescriptor@5e57149f] under log; prior registration was null
2025-07-31 16:26:34.007 [main] DEBUG org.hibernate.query.sqm.function.SqmFunctionRegistry - Registered SqmFunctionTemplate [NamedSqmFunctionTemplate(coalesce)] under coalesce; prior registration was null
2025-07-31 16:26:34.007 [main] DEBUG org.hibernate.query.sqm.function.SqmFunctionRegistry - Registered SqmFunctionTemplate [NamedSqmFunctionTemplate(nullif)] under nullif; prior registration was null
2025-07-31 16:26:34.007 [main] DEBUG org.hibernate.query.sqm.function.SqmFunctionRegistry - Registered SqmFunctionTemplate [NamedSqmFunctionTemplate(left)] under left; prior registration was null
2025-07-31 16:26:34.007 [main] DEBUG org.hibernate.query.sqm.function.SqmFunctionRegistry - Registered SqmFunctionTemplate [NamedSqmFunctionTemplate(right)] under right; prior registration was null
2025-07-31 16:26:34.007 [main] DEBUG org.hibernate.query.sqm.function.SqmFunctionRegistry - Registered SqmFunctionTemplate [NamedSqmFunctionTemplate(replace)] under replace; prior registration was null
2025-07-31 16:26:34.008 [main] DEBUG org.hibernate.query.sqm.function.SqmFunctionRegistry - Registered SqmFunctionTemplate [NamedSqmFunctionTemplate(concat)] under concat; prior registration was null
2025-07-31 16:26:34.008 [main] DEBUG org.hibernate.query.sqm.function.SqmFunctionRegistry - Registered SqmFunctionTemplate [NamedSqmFunctionTemplate(lower)] under lower; prior registration was null
2025-07-31 16:26:34.008 [main] DEBUG org.hibernate.query.sqm.function.SqmFunctionRegistry - Registered SqmFunctionTemplate [NamedSqmFunctionTemplate(upper)] under upper; prior registration was null
2025-07-31 16:26:34.008 [main] DEBUG org.hibernate.query.sqm.function.SqmFunctionRegistry - Registered SqmFunctionTemplate [NamedSqmFunctionTemplate(substring)] under substring; prior registration was null
2025-07-31 16:26:34.008 [main] DEBUG org.hibernate.query.sqm.function.SqmFunctionRegistry - Registered SqmFunctionTemplate [NamedSqmFunctionTemplate(locate)] under locate; prior registration was null
2025-07-31 16:26:34.008 [main] DEBUG org.hibernate.query.sqm.function.SqmFunctionRegistry - Registered SqmFunctionTemplate [NamedSqmFunctionTemplate(character_length)] under character_length; prior registration was null
2025-07-31 16:26:34.008 [main] DEBUG org.hibernate.query.sqm.function.SqmFunctionRegistry - Registering alternate key : length -> character_length
2025-07-31 16:26:34.010 [main] DEBUG org.hibernate.query.sqm.function.SqmFunctionRegistry - Registered SqmFunctionTemplate [org.hibernate.dialect.function.LocatePositionEmulation@7a9794bd] under position; prior registration was null
2025-07-31 16:26:34.014 [main] DEBUG org.hibernate.query.sqm.function.SqmFunctionRegistry - Registered SqmFunctionTemplate [org.hibernate.dialect.function.InsertSubstringOverlayEmulation@70dd4172] under overlay; prior registration was null
2025-07-31 16:26:34.015 [main] DEBUG org.hibernate.query.sqm.function.SqmFunctionRegistry - Registered SqmFunctionTemplate [org.hibernate.dialect.function.TrimFunction@2a670af9] under trim; prior registration was null
2025-07-31 16:26:34.018 [main] DEBUG org.hibernate.query.sqm.function.SqmFunctionRegistry - Registered SqmFunctionTemplate [org.hibernate.dialect.function.CastFunction@e8fabad] under cast; prior registration was null
2025-07-31 16:26:34.018 [main] DEBUG org.hibernate.query.sqm.function.SqmFunctionRegistry - Registered SqmFunctionTemplate [org.hibernate.query.sqm.function.PatternBasedSqmFunctionDescriptor@13866e67] under collate; prior registration was null
2025-07-31 16:26:34.020 [main] DEBUG org.hibernate.query.sqm.function.SqmFunctionRegistry - Registered SqmFunctionTemplate [org.hibernate.dialect.function.ExtractFunction@6b3eb57] under extract; prior registration was null
2025-07-31 16:26:34.020 [main] DEBUG org.hibernate.query.sqm.function.SqmFunctionRegistry - Registered SqmFunctionTemplate [NamedSqmFunctionTemplate(least)] under least; prior registration was null
2025-07-31 16:26:34.020 [main] DEBUG org.hibernate.query.sqm.function.SqmFunctionRegistry - Registered SqmFunctionTemplate [NamedSqmFunctionTemplate(greatest)] under greatest; prior registration was null
2025-07-31 16:26:34.021 [main] DEBUG org.hibernate.query.sqm.function.SqmFunctionRegistry - Registered SqmFunctionTemplate [org.hibernate.dialect.function.CoalesceIfnullEmulation@58fb9020] under ifnull; prior registration was null
2025-07-31 16:26:34.021 [main] DEBUG org.hibernate.query.sqm.function.SqmFunctionRegistry - Registered SqmFunctionTemplate [NamedSqmFunctionTemplate(lpad)] under lpad; prior registration was null
2025-07-31 16:26:34.021 [main] DEBUG org.hibernate.query.sqm.function.SqmFunctionRegistry - Registered SqmFunctionTemplate [NamedSqmFunctionTemplate(rpad)] under rpad; prior registration was null
2025-07-31 16:26:34.022 [main] DEBUG org.hibernate.query.sqm.function.SqmFunctionRegistry - Registered SqmFunctionTemplate [org.hibernate.dialect.function.LpadRpadPadEmulation@31809f2b] under pad; prior registration was null
2025-07-31 16:26:34.024 [main] DEBUG org.hibernate.query.sqm.function.SqmFunctionRegistry - Registered SqmFunctionTemplate [org.hibernate.dialect.function.CastStrEmulation@72c9576a] under str; prior registration was null
2025-07-31 16:26:34.028 [main] DEBUG org.hibernate.query.sqm.function.SqmFunctionRegistry - Registered SqmFunctionTemplate [org.hibernate.dialect.function.FormatFunction@705448e7] under format; prior registration was null
2025-07-31 16:26:34.029 [main] DEBUG org.hibernate.query.sqm.function.SqmFunctionRegistry - Registered SqmFunctionTemplate [org.hibernate.dialect.function.TimestampaddFunction@4f8d98d4] under timestampadd; prior registration was null
2025-07-31 16:26:34.032 [main] DEBUG org.hibernate.query.sqm.function.SqmFunctionRegistry - Registered SqmFunctionTemplate [org.hibernate.dialect.function.TimestampdiffFunction@13e4a4a0] under timestampdiff; prior registration was null
2025-07-31 16:26:34.032 [main] DEBUG org.hibernate.query.sqm.function.SqmFunctionRegistry - Registering alternate key : dateadd -> timestampadd
2025-07-31 16:26:34.032 [main] DEBUG org.hibernate.query.sqm.function.SqmFunctionRegistry - Registering alternate key : datediff -> timestampdiff
2025-07-31 16:26:34.033 [main] DEBUG org.hibernate.query.sqm.function.SqmFunctionRegistry - Registered SqmFunctionTemplate [org.hibernate.dialect.function.CurrentFunction@1ad27a73] under current_date; prior registration was null
2025-07-31 16:26:34.033 [main] DEBUG org.hibernate.query.sqm.function.SqmFunctionRegistry - Registered SqmFunctionTemplate [org.hibernate.dialect.function.CurrentFunction@63813085] under current_time; prior registration was null
2025-07-31 16:26:34.033 [main] DEBUG org.hibernate.query.sqm.function.SqmFunctionRegistry - Registered SqmFunctionTemplate [org.hibernate.dialect.function.CurrentFunction@5e4168dd] under current_timestamp; prior registration was null
2025-07-31 16:26:34.033 [main] DEBUG org.hibernate.query.sqm.function.SqmFunctionRegistry - Registering alternate key : current date -> current_date
2025-07-31 16:26:34.034 [main] DEBUG org.hibernate.query.sqm.function.SqmFunctionRegistry - Registering alternate key : current time -> current_time
2025-07-31 16:26:34.034 [main] DEBUG org.hibernate.query.sqm.function.SqmFunctionRegistry - Registering alternate key : current timestamp -> current_timestamp
2025-07-31 16:26:34.034 [main] DEBUG org.hibernate.query.sqm.function.SqmFunctionRegistry - Registered SqmFunctionTemplate [org.hibernate.dialect.function.CurrentFunction@5a3783e4] under local_date; prior registration was null
2025-07-31 16:26:34.034 [main] DEBUG org.hibernate.query.sqm.function.SqmFunctionRegistry - Registered SqmFunctionTemplate [org.hibernate.dialect.function.CurrentFunction@53bf7b33] under local_time; prior registration was null
2025-07-31 16:26:34.034 [main] DEBUG org.hibernate.query.sqm.function.SqmFunctionRegistry - Registered SqmFunctionTemplate [org.hibernate.dialect.function.CurrentFunction@39d06cd9] under local_datetime; prior registration was null
2025-07-31 16:26:34.034 [main] DEBUG org.hibernate.query.sqm.function.SqmFunctionRegistry - Registered SqmFunctionTemplate [org.hibernate.dialect.function.CurrentFunction@6c82ecbe] under offset_datetime; prior registration was null
2025-07-31 16:26:34.034 [main] DEBUG org.hibernate.query.sqm.function.SqmFunctionRegistry - Registering alternate key : local date -> local_date
2025-07-31 16:26:34.034 [main] DEBUG org.hibernate.query.sqm.function.SqmFunctionRegistry - Registering alternate key : local time -> local_time
2025-07-31 16:26:34.035 [main] DEBUG org.hibernate.query.sqm.function.SqmFunctionRegistry - Registering alternate key : local datetime -> local_datetime
2025-07-31 16:26:34.035 [main] DEBUG org.hibernate.query.sqm.function.SqmFunctionRegistry - Registering alternate key : offset datetime -> offset_datetime
2025-07-31 16:26:34.035 [main] DEBUG org.hibernate.query.sqm.function.SqmFunctionRegistry - Registered SqmFunctionTemplate [org.hibernate.dialect.function.CurrentFunction@acc6a69] under instant; prior registration was null
2025-07-31 16:26:34.035 [main] DEBUG org.hibernate.query.sqm.function.SqmFunctionRegistry - Registering alternate key : current_instant -> instant
2025-07-31 16:26:34.037 [main] DEBUG org.hibernate.query.sqm.function.SqmFunctionRegistry - Registered SqmFunctionTemplate [org.hibernate.dialect.function.SqlFunction@a64a147] under sql; prior registration was null
2025-07-31 16:26:34.037 [main] DEBUG org.hibernate.query.sqm.function.SqmFunctionRegistry - Registered SqmFunctionTemplate [NamedSqmFunctionTemplate(cot)] under cot; prior registration was null
2025-07-31 16:26:34.037 [main] DEBUG org.hibernate.query.sqm.function.SqmFunctionRegistry - Registered SqmFunctionTemplate [NamedSqmFunctionTemplate(radians)] under radians; prior registration was null
2025-07-31 16:26:34.037 [main] DEBUG org.hibernate.query.sqm.function.SqmFunctionRegistry - Registered SqmFunctionTemplate [NamedSqmFunctionTemplate(degrees)] under degrees; prior registration was null
2025-07-31 16:26:34.037 [main] DEBUG org.hibernate.query.sqm.function.SqmFunctionRegistry - Registered SqmFunctionTemplate [NamedSqmFunctionTemplate(log)] under log; prior registration was org.hibernate.query.sqm.function.PatternBasedSqmFunctionDescriptor@5e57149f
2025-07-31 16:26:34.037 [main] DEBUG org.hibernate.query.sqm.function.SqmFunctionRegistry - Registered SqmFunctionTemplate [org.hibernate.query.sqm.function.PatternBasedSqmFunctionDescriptor@3fa43b05] under mod; prior registration was NamedSqmFunctionTemplate(mod)
2025-07-31 16:26:34.038 [main] DEBUG org.hibernate.query.sqm.function.SqmFunctionRegistry - Registered SqmFunctionTemplate [NamedSqmFunctionTemplate(log10)] under log10; prior registration was null
2025-07-31 16:26:34.038 [main] DEBUG org.hibernate.query.sqm.function.SqmFunctionRegistry - Registered SqmFunctionTemplate [NamedSqmFunctionTemplate(tanh)] under tanh; prior registration was org.hibernate.query.sqm.function.PatternBasedSqmFunctionDescriptor@47fa54d
2025-07-31 16:26:34.038 [main] DEBUG org.hibernate.query.sqm.function.SqmFunctionRegistry - Registered SqmFunctionTemplate [NamedSqmFunctionTemplate(sinh)] under sinh; prior registration was org.hibernate.query.sqm.function.PatternBasedSqmFunctionDescriptor@7f52aba0
2025-07-31 16:26:34.038 [main] DEBUG org.hibernate.query.sqm.function.SqmFunctionRegistry - Registered SqmFunctionTemplate [NamedSqmFunctionTemplate(cosh)] under cosh; prior registration was org.hibernate.query.sqm.function.PatternBasedSqmFunctionDescriptor@6ae67bf6
2025-07-31 16:26:34.038 [main] DEBUG org.hibernate.query.sqm.function.SqmFunctionRegistry - Registered SqmFunctionTemplate [NamedSqmFunctionTemplate(acosh)] under acosh; prior registration was null
2025-07-31 16:26:34.038 [main] DEBUG org.hibernate.query.sqm.function.SqmFunctionRegistry - Registered SqmFunctionTemplate [NamedSqmFunctionTemplate(asinh)] under asinh; prior registration was null
2025-07-31 16:26:34.038 [main] DEBUG org.hibernate.query.sqm.function.SqmFunctionRegistry - Registered SqmFunctionTemplate [NamedSqmFunctionTemplate(atanh)] under atanh; prior registration was null
2025-07-31 16:26:34.038 [main] DEBUG org.hibernate.query.sqm.function.SqmFunctionRegistry - Registered SqmFunctionTemplate [NamedSqmFunctionTemplate(cbrt)] under cbrt; prior registration was null
2025-07-31 16:26:34.038 [main] DEBUG org.hibernate.query.sqm.function.SqmFunctionRegistry - Registered SqmFunctionTemplate [NamedSqmFunctionTemplate(pi)] under pi; prior registration was org.hibernate.query.sqm.function.PatternBasedSqmFunctionDescriptor@3432a612
2025-07-31 16:26:34.039 [main] DEBUG org.hibernate.query.sqm.function.SqmFunctionRegistry - Registered SqmFunctionTemplate [NamedSqmFunctionTemplate(ltrim)] under ltrim; prior registration was null
2025-07-31 16:26:34.039 [main] DEBUG org.hibernate.query.sqm.function.SqmFunctionRegistry - Registered SqmFunctionTemplate [NamedSqmFunctionTemplate(rtrim)] under rtrim; prior registration was null
2025-07-31 16:26:34.039 [main] DEBUG org.hibernate.query.sqm.function.SqmFunctionRegistry - Registered SqmFunctionTemplate [NamedSqmFunctionTemplate(repeat)] under repeat; prior registration was null
2025-07-31 16:26:34.039 [main] DEBUG org.hibernate.query.sqm.function.SqmFunctionRegistry - Registered SqmFunctionTemplate [NamedSqmFunctionTemplate(md5)] under md5; prior registration was null
2025-07-31 16:26:34.039 [main] DEBUG org.hibernate.query.sqm.function.SqmFunctionRegistry - Registered SqmFunctionTemplate [NamedSqmFunctionTemplate(initcap)] under initcap; prior registration was null
2025-07-31 16:26:34.039 [main] DEBUG org.hibernate.query.sqm.function.SqmFunctionRegistry - Registered SqmFunctionTemplate [NamedSqmFunctionTemplate(substr)] under substr; prior registration was null
2025-07-31 16:26:34.039 [main] DEBUG org.hibernate.query.sqm.function.SqmFunctionRegistry - Registered SqmFunctionTemplate [NamedSqmFunctionTemplate(substr)] under substring; prior registration was NamedSqmFunctionTemplate(substring)
2025-07-31 16:26:34.039 [main] DEBUG org.hibernate.query.sqm.function.SqmFunctionRegistry - Registered SqmFunctionTemplate [NamedSqmFunctionTemplate(translate)] under translate; prior registration was null
2025-07-31 16:26:34.040 [main] DEBUG org.hibernate.query.sqm.function.SqmFunctionRegistry - Registered SqmFunctionTemplate [NamedSqmFunctionTemplate(to_number)] under to_number; prior registration was null
2025-07-31 16:26:34.040 [main] DEBUG org.hibernate.query.sqm.function.SqmFunctionRegistry - Registered SqmFunctionTemplate [NamedSqmFunctionTemplate(to_char)] under to_char; prior registration was null
2025-07-31 16:26:34.040 [main] DEBUG org.hibernate.query.sqm.function.SqmFunctionRegistry - Registered SqmFunctionTemplate [NamedSqmFunctionTemplate(to_date)] under to_date; prior registration was null
2025-07-31 16:26:34.040 [main] DEBUG org.hibernate.query.sqm.function.SqmFunctionRegistry - Registered SqmFunctionTemplate [NamedSqmFunctionTemplate(to_timestamp)] under to_timestamp; prior registration was null
2025-07-31 16:26:34.041 [main] DEBUG org.hibernate.query.sqm.function.SqmFunctionRegistry - Registered SqmFunctionTemplate [org.hibernate.dialect.function.ConcatPipeFunction@12c21282] under concat; prior registration was NamedSqmFunctionTemplate(concat)
2025-07-31 16:26:34.041 [main] DEBUG org.hibernate.query.sqm.function.SqmFunctionRegistry - Registered SqmFunctionTemplate [NamedSqmFunctionTemplate(localtime)] under localtime; prior registration was null
2025-07-31 16:26:34.041 [main] DEBUG org.hibernate.query.sqm.function.SqmFunctionRegistry - Registered SqmFunctionTemplate [NamedSqmFunctionTemplate(localtimestamp)] under localtimestamp; prior registration was null
2025-07-31 16:26:34.042 [main] DEBUG org.hibernate.query.sqm.function.SqmFunctionRegistry - Registered SqmFunctionTemplate [NamedSqmFunctionTemplate(localtime)] under local_time; prior registration was org.hibernate.dialect.function.CurrentFunction@53bf7b33
2025-07-31 16:26:34.042 [main] DEBUG org.hibernate.query.sqm.function.SqmFunctionRegistry - Registered SqmFunctionTemplate [NamedSqmFunctionTemplate(localtimestamp)] under local_datetime; prior registration was org.hibernate.dialect.function.CurrentFunction@39d06cd9
2025-07-31 16:26:34.043 [main] DEBUG org.hibernate.query.sqm.function.SqmFunctionRegistry - Registered SqmFunctionTemplate [org.hibernate.dialect.function.LengthFunction@7b83476f] under character_length; prior registration was NamedSqmFunctionTemplate(character_length)
2025-07-31 16:26:34.043 [main] DEBUG org.hibernate.query.sqm.function.SqmFunctionRegistry - Registering alternate key : length -> character_length
2025-07-31 16:26:34.043 [main] DEBUG org.hibernate.query.sqm.function.SqmFunctionRegistry - Registered SqmFunctionTemplate [org.hibernate.dialect.function.LengthFunction@7f1bf2db] under bit_length; prior registration was null
2025-07-31 16:26:34.043 [main] DEBUG org.hibernate.query.sqm.function.SqmFunctionRegistry - Registered SqmFunctionTemplate [org.hibernate.dialect.function.LengthFunction@4843fc3c] under octet_length; prior registration was null
2025-07-31 16:26:34.043 [main] DEBUG org.hibernate.query.sqm.function.SqmFunctionRegistry - Registered SqmFunctionTemplate [NamedSqmFunctionTemplate(ascii)] under ascii; prior registration was null
2025-07-31 16:26:34.044 [main] DEBUG org.hibernate.query.sqm.function.SqmFunctionRegistry - Registered SqmFunctionTemplate [NamedSqmFunctionTemplate(chr)] under chr; prior registration was null
2025-07-31 16:26:34.044 [main] DEBUG org.hibernate.query.sqm.function.SqmFunctionRegistry - Registering alternate key : char -> chr
2025-07-31 16:26:34.044 [main] DEBUG org.hibernate.query.sqm.function.SqmFunctionRegistry - Registered SqmFunctionTemplate [org.hibernate.query.sqm.function.PatternBasedSqmFunctionDescriptor@93370c5] under position; prior registration was org.hibernate.dialect.function.LocatePositionEmulation@7a9794bd
2025-07-31 16:26:34.044 [main] DEBUG org.hibernate.query.sqm.function.SqmFunctionRegistry - Registered SqmFunctionTemplate [org.hibernate.query.sqm.function.PatternBasedSqmFunctionDescriptor@686ae6b3] under bitand; prior registration was null
2025-07-31 16:26:34.044 [main] DEBUG org.hibernate.query.sqm.function.SqmFunctionRegistry - Registered SqmFunctionTemplate [org.hibernate.query.sqm.function.PatternBasedSqmFunctionDescriptor@48c74c4f] under bitor; prior registration was null
2025-07-31 16:26:34.044 [main] DEBUG org.hibernate.query.sqm.function.SqmFunctionRegistry - Registered SqmFunctionTemplate [org.hibernate.query.sqm.function.PatternBasedSqmFunctionDescriptor@1f32fb77] under bitxor; prior registration was null
2025-07-31 16:26:34.044 [main] DEBUG org.hibernate.query.sqm.function.SqmFunctionRegistry - Registered SqmFunctionTemplate [org.hibernate.query.sqm.function.PatternBasedSqmFunctionDescriptor@d95150c] under bitnot; prior registration was null
2025-07-31 16:26:34.044 [main] DEBUG org.hibernate.query.sqm.function.SqmFunctionRegistry - Registered SqmFunctionTemplate [NamedSqmFunctionTemplate(bit_and)] under bit_and; prior registration was null
2025-07-31 16:26:34.045 [main] DEBUG org.hibernate.query.sqm.function.SqmFunctionRegistry - Registered SqmFunctionTemplate [NamedSqmFunctionTemplate(bit_or)] under bit_or; prior registration was null
2025-07-31 16:26:34.045 [main] DEBUG org.hibernate.query.sqm.function.SqmFunctionRegistry - Registered SqmFunctionTemplate [NamedSqmFunctionTemplate(bool_and)] under bool_and; prior registration was null
2025-07-31 16:26:34.045 [main] DEBUG org.hibernate.query.sqm.function.SqmFunctionRegistry - Registering alternate key : every -> bool_and
2025-07-31 16:26:34.045 [main] DEBUG org.hibernate.query.sqm.function.SqmFunctionRegistry - Registered SqmFunctionTemplate [NamedSqmFunctionTemplate(bool_or)] under bool_or; prior registration was null
2025-07-31 16:26:34.045 [main] DEBUG org.hibernate.query.sqm.function.SqmFunctionRegistry - Registering alternate key : any -> bool_or
2025-07-31 16:26:34.045 [main] DEBUG org.hibernate.query.sqm.function.SqmFunctionRegistry - Registered SqmFunctionTemplate [org.hibernate.query.sqm.function.PatternBasedSqmFunctionDescriptor@32f53573] under median; prior registration was null
2025-07-31 16:26:34.045 [main] DEBUG org.hibernate.query.sqm.function.SqmFunctionRegistry - Registered SqmFunctionTemplate [NamedSqmFunctionTemplate(stddev)] under stddev; prior registration was null
2025-07-31 16:26:34.046 [main] DEBUG org.hibernate.query.sqm.function.SqmFunctionRegistry - Registered SqmFunctionTemplate [NamedSqmFunctionTemplate(stddev_pop)] under stddev_pop; prior registration was null
2025-07-31 16:26:34.046 [main] DEBUG org.hibernate.query.sqm.function.SqmFunctionRegistry - Registered SqmFunctionTemplate [NamedSqmFunctionTemplate(stddev_samp)] under stddev_samp; prior registration was null
2025-07-31 16:26:34.046 [main] DEBUG org.hibernate.query.sqm.function.SqmFunctionRegistry - Registered SqmFunctionTemplate [NamedSqmFunctionTemplate(variance)] under variance; prior registration was null
2025-07-31 16:26:34.046 [main] DEBUG org.hibernate.query.sqm.function.SqmFunctionRegistry - Registered SqmFunctionTemplate [NamedSqmFunctionTemplate(var_pop)] under var_pop; prior registration was null
2025-07-31 16:26:34.046 [main] DEBUG org.hibernate.query.sqm.function.SqmFunctionRegistry - Registered SqmFunctionTemplate [NamedSqmFunctionTemplate(var_samp)] under var_samp; prior registration was null
2025-07-31 16:26:34.046 [main] DEBUG org.hibernate.query.sqm.function.SqmFunctionRegistry - Registered SqmFunctionTemplate [NamedSqmFunctionTemplate(covar_pop)] under covar_pop; prior registration was null
2025-07-31 16:26:34.046 [main] DEBUG org.hibernate.query.sqm.function.SqmFunctionRegistry - Registered SqmFunctionTemplate [NamedSqmFunctionTemplate(covar_samp)] under covar_samp; prior registration was null
2025-07-31 16:26:34.046 [main] DEBUG org.hibernate.query.sqm.function.SqmFunctionRegistry - Registered SqmFunctionTemplate [NamedSqmFunctionTemplate(corr)] under corr; prior registration was null
2025-07-31 16:26:34.047 [main] DEBUG org.hibernate.query.sqm.function.SqmFunctionRegistry - Registered SqmFunctionTemplate [NamedSqmFunctionTemplate(regr_avgx)] under regr_avgx; prior registration was null
2025-07-31 16:26:34.047 [main] DEBUG org.hibernate.query.sqm.function.SqmFunctionRegistry - Registered SqmFunctionTemplate [NamedSqmFunctionTemplate(regr_avgy)] under regr_avgy; prior registration was null
2025-07-31 16:26:34.047 [main] DEBUG org.hibernate.query.sqm.function.SqmFunctionRegistry - Registered SqmFunctionTemplate [NamedSqmFunctionTemplate(regr_count)] under regr_count; prior registration was null
2025-07-31 16:26:34.047 [main] DEBUG org.hibernate.query.sqm.function.SqmFunctionRegistry - Registered SqmFunctionTemplate [NamedSqmFunctionTemplate(regr_intercept)] under regr_intercept; prior registration was null
2025-07-31 16:26:34.047 [main] DEBUG org.hibernate.query.sqm.function.SqmFunctionRegistry - Registered SqmFunctionTemplate [NamedSqmFunctionTemplate(regr_r2)] under regr_r2; prior registration was null
2025-07-31 16:26:34.047 [main] DEBUG org.hibernate.query.sqm.function.SqmFunctionRegistry - Registered SqmFunctionTemplate [NamedSqmFunctionTemplate(regr_slope)] under regr_slope; prior registration was null
2025-07-31 16:26:34.047 [main] DEBUG org.hibernate.query.sqm.function.SqmFunctionRegistry - Registered SqmFunctionTemplate [NamedSqmFunctionTemplate(regr_sxx)] under regr_sxx; prior registration was null
2025-07-31 16:26:34.048 [main] DEBUG org.hibernate.query.sqm.function.SqmFunctionRegistry - Registered SqmFunctionTemplate [NamedSqmFunctionTemplate(regr_sxy)] under regr_sxy; prior registration was null
2025-07-31 16:26:34.048 [main] DEBUG org.hibernate.query.sqm.function.SqmFunctionRegistry - Registered SqmFunctionTemplate [NamedSqmFunctionTemplate(regr_syy)] under regr_syy; prior registration was null
2025-07-31 16:26:34.048 [main] DEBUG org.hibernate.query.sqm.function.SqmFunctionRegistry - Registered SqmFunctionTemplate [org.hibernate.query.sqm.function.PatternBasedSqmFunctionDescriptor@48430066] under insert; prior registration was null
2025-07-31 16:26:34.049 [main] DEBUG org.hibernate.query.sqm.function.SqmFunctionRegistry - Registered SqmFunctionTemplate [org.hibernate.query.sqm.function.MultipatternSqmFunctionDescriptor@73ebf7cc] under overlay; prior registration was org.hibernate.dialect.function.InsertSubstringOverlayEmulation@70dd4172
2025-07-31 16:26:34.049 [main] DEBUG org.hibernate.query.sqm.function.SqmFunctionRegistry - Registered SqmFunctionTemplate [NamedSqmFunctionTemplate(soundex)] under soundex; prior registration was null
2025-07-31 16:26:34.049 [main] DEBUG org.hibernate.query.sqm.function.SqmFunctionRegistry - Registered SqmFunctionTemplate [org.hibernate.query.sqm.function.MultipatternSqmFunctionDescriptor@440f434f] under locate; prior registration was NamedSqmFunctionTemplate(locate)
2025-07-31 16:26:34.050 [main] DEBUG org.hibernate.query.sqm.function.SqmFunctionRegistry - Registered SqmFunctionTemplate [NamedSqmFunctionTemplate(row_number)] under row_number; prior registration was null
2025-07-31 16:26:34.050 [main] DEBUG org.hibernate.query.sqm.function.SqmFunctionRegistry - Registered SqmFunctionTemplate [NamedSqmFunctionTemplate(lag)] under lag; prior registration was null
2025-07-31 16:26:34.050 [main] DEBUG org.hibernate.query.sqm.function.SqmFunctionRegistry - Registered SqmFunctionTemplate [NamedSqmFunctionTemplate(lead)] under lead; prior registration was null
2025-07-31 16:26:34.050 [main] DEBUG org.hibernate.query.sqm.function.SqmFunctionRegistry - Registered SqmFunctionTemplate [NamedSqmFunctionTemplate(first_value)] under first_value; prior registration was null
2025-07-31 16:26:34.050 [main] DEBUG org.hibernate.query.sqm.function.SqmFunctionRegistry - Registered SqmFunctionTemplate [NamedSqmFunctionTemplate(last_value)] under last_value; prior registration was null
2025-07-31 16:26:34.050 [main] DEBUG org.hibernate.query.sqm.function.SqmFunctionRegistry - Registered SqmFunctionTemplate [NamedSqmFunctionTemplate(nth_value)] under nth_value; prior registration was null
2025-07-31 16:26:34.052 [main] DEBUG org.hibernate.query.sqm.function.SqmFunctionRegistry - Registered SqmFunctionTemplate [org.hibernate.dialect.function.ListaggStringAggEmulation@47fb7dbb] under listagg; prior registration was null
2025-07-31 16:26:34.056 [main] DEBUG org.hibernate.query.sqm.function.SqmFunctionRegistry - Registered SqmFunctionTemplate [org.hibernate.dialect.function.array.PostgreSQLArrayConstructorFunction@6cf2b638] under array; prior registration was null
2025-07-31 16:26:34.056 [main] DEBUG org.hibernate.query.sqm.function.SqmFunctionRegistry - Registered SqmFunctionTemplate [org.hibernate.dialect.function.array.PostgreSQLArrayConstructorFunction@1653cc95] under array_list; prior registration was null
2025-07-31 16:26:34.057 [main] DEBUG org.hibernate.query.sqm.function.SqmFunctionRegistry - Registered SqmFunctionTemplate [org.hibernate.dialect.function.array.ArrayAggFunction@64ec804f] under array_agg; prior registration was null
2025-07-31 16:26:34.063 [main] DEBUG org.hibernate.query.sqm.function.SqmFunctionRegistry - Registered SqmFunctionTemplate [org.hibernate.dialect.function.array.PostgreSQLArrayPositionFunction@60aee4ca] under array_position; prior registration was null
2025-07-31 16:26:34.081 [main] DEBUG org.hibernate.query.sqm.function.SqmFunctionRegistry - Registered SqmFunctionTemplate [org.hibernate.dialect.function.array.PostgreSQLArrayPositionsFunction@58f6dab9] under array_positions; prior registration was null
2025-07-31 16:26:34.086 [main] DEBUG org.hibernate.query.sqm.function.SqmFunctionRegistry - Registered SqmFunctionTemplate [org.hibernate.dialect.function.array.PostgreSQLArrayPositionsFunction@7af65b49] under array_positions_list; prior registration was null
2025-07-31 16:26:34.086 [main] DEBUG org.hibernate.query.sqm.function.SqmFunctionRegistry - Registered SqmFunctionTemplate [org.hibernate.query.sqm.function.PatternBasedSqmFunctionDescriptor@32e14e55] under array_length; prior registration was null
2025-07-31 16:26:34.088 [main] DEBUG org.hibernate.query.sqm.function.SqmFunctionRegistry - Registered SqmFunctionTemplate [org.hibernate.dialect.function.DynamicDispatchFunction@a83c657] under length; prior registration was null
2025-07-31 16:26:34.092 [main] DEBUG org.hibernate.query.sqm.function.SqmFunctionRegistry - Registered SqmFunctionTemplate [org.hibernate.dialect.function.array.PostgreSQLArrayConcatFunction@102ee705] under array_concat; prior registration was null
2025-07-31 16:26:34.095 [main] DEBUG org.hibernate.query.sqm.function.SqmFunctionRegistry - Registered SqmFunctionTemplate [org.hibernate.dialect.function.array.PostgreSQLArrayConcatElementFunction@29ff01df] under array_prepend; prior registration was null
2025-07-31 16:26:34.096 [main] DEBUG org.hibernate.query.sqm.function.SqmFunctionRegistry - Registered SqmFunctionTemplate [org.hibernate.dialect.function.array.PostgreSQLArrayConcatElementFunction@dfa6f48] under array_append; prior registration was null
2025-07-31 16:26:34.102 [main] DEBUG org.hibernate.query.sqm.function.SqmFunctionRegistry - Registered SqmFunctionTemplate [org.hibernate.dialect.function.array.ArrayContainsOperatorFunction@2c7ddfa0] under array_contains; prior registration was null
2025-07-31 16:26:34.102 [main] DEBUG org.hibernate.query.sqm.function.SqmFunctionRegistry - Registered SqmFunctionTemplate [org.hibernate.dialect.function.array.ArrayContainsOperatorFunction@53b52f30] under array_contains_nullable; prior registration was null
2025-07-31 16:26:34.108 [main] DEBUG org.hibernate.query.sqm.function.SqmFunctionRegistry - Registered SqmFunctionTemplate [org.hibernate.dialect.function.array.ArrayIncludesOperatorFunction@95504a0] under array_includes; prior registration was null
2025-07-31 16:26:34.108 [main] DEBUG org.hibernate.query.sqm.function.SqmFunctionRegistry - Registered SqmFunctionTemplate [org.hibernate.dialect.function.array.ArrayIncludesOperatorFunction@68d07b48] under array_includes_nullable; prior registration was null
2025-07-31 16:26:34.111 [main] DEBUG org.hibernate.query.sqm.function.SqmFunctionRegistry - Registered SqmFunctionTemplate [org.hibernate.dialect.function.array.ArrayIntersectsOperatorFunction@109f7381] under array_intersects; prior registration was null
2025-07-31 16:26:34.112 [main] DEBUG org.hibernate.query.sqm.function.SqmFunctionRegistry - Registered SqmFunctionTemplate [org.hibernate.dialect.function.array.ArrayIntersectsOperatorFunction@d5f3118] under array_intersects_nullable; prior registration was null
2025-07-31 16:26:34.112 [main] DEBUG org.hibernate.query.sqm.function.SqmFunctionRegistry - Registering alternate key : array_overlaps -> array_intersects
2025-07-31 16:26:34.112 [main] DEBUG org.hibernate.query.sqm.function.SqmFunctionRegistry - Registering alternate key : array_overlaps_nullable -> array_intersects_nullable
2025-07-31 16:26:34.114 [main] DEBUG org.hibernate.query.sqm.function.SqmFunctionRegistry - Registered SqmFunctionTemplate [org.hibernate.query.sqm.function.PatternBasedSqmFunctionDescriptor@4d7143de] under array_get; prior registration was null
2025-07-31 16:26:34.115 [main] DEBUG org.hibernate.query.sqm.function.SqmFunctionRegistry - Registered SqmFunctionTemplate [org.hibernate.dialect.function.array.ArraySetUnnestFunction@253a2bfa] under array_set; prior registration was null
2025-07-31 16:26:34.115 [main] DEBUG org.hibernate.query.sqm.function.SqmFunctionRegistry - Registered SqmFunctionTemplate [NamedSqmFunctionTemplate(array_remove)] under array_remove; prior registration was null
2025-07-31 16:26:34.116 [main] DEBUG org.hibernate.query.sqm.function.SqmFunctionRegistry - Registered SqmFunctionTemplate [org.hibernate.dialect.function.array.ArrayRemoveIndexUnnestFunction@69789fec] under array_remove_index; prior registration was null
2025-07-31 16:26:34.117 [main] DEBUG org.hibernate.query.sqm.function.SqmFunctionRegistry - Registered SqmFunctionTemplate [org.hibernate.query.sqm.function.PatternBasedSqmFunctionDescriptor@4fa0e166] under array_slice; prior registration was null
2025-07-31 16:26:34.117 [main] DEBUG org.hibernate.query.sqm.function.SqmFunctionRegistry - Registered SqmFunctionTemplate [NamedSqmFunctionTemplate(array_replace)] under array_replace; prior registration was null
2025-07-31 16:26:34.119 [main] DEBUG org.hibernate.query.sqm.function.SqmFunctionRegistry - Registered SqmFunctionTemplate [org.hibernate.dialect.function.array.PostgreSQLArrayTrimEmulation@60219a32] under array_trim; prior registration was null
2025-07-31 16:26:34.122 [main] DEBUG org.hibernate.query.sqm.function.SqmFunctionRegistry - Registered SqmFunctionTemplate [org.hibernate.dialect.function.array.PostgreSQLArrayFillFunction@30ca87d9] under array_fill; prior registration was null
2025-07-31 16:26:34.122 [main] DEBUG org.hibernate.query.sqm.function.SqmFunctionRegistry - Registered SqmFunctionTemplate [org.hibernate.dialect.function.array.PostgreSQLArrayFillFunction@10d5e2dc] under array_fill_list; prior registration was null
2025-07-31 16:26:34.124 [main] DEBUG org.hibernate.query.sqm.function.SqmFunctionRegistry - Registered SqmFunctionTemplate [org.hibernate.dialect.function.array.ArrayToStringFunction@8749c08] under array_to_string; prior registration was null
2025-07-31 16:26:34.124 [main] DEBUG org.hibernate.query.sqm.function.SqmFunctionRegistry - Registered SqmFunctionTemplate [NamedSqmFunctionTemplate(make_date)] under make_date; prior registration was null
2025-07-31 16:26:34.124 [main] DEBUG org.hibernate.query.sqm.function.SqmFunctionRegistry - Registered SqmFunctionTemplate [NamedSqmFunctionTemplate(make_time)] under make_time; prior registration was null
2025-07-31 16:26:34.124 [main] DEBUG org.hibernate.query.sqm.function.SqmFunctionRegistry - Registered SqmFunctionTemplate [NamedSqmFunctionTemplate(make_timestamp)] under make_timestamp; prior registration was null
2025-07-31 16:26:34.124 [main] DEBUG org.hibernate.query.sqm.function.SqmFunctionRegistry - Registered SqmFunctionTemplate [NamedSqmFunctionTemplate(make_timestamptz)] under make_timestamptz; prior registration was null
2025-07-31 16:26:34.126 [main] DEBUG org.hibernate.query.sqm.function.SqmFunctionRegistry - Registered SqmFunctionTemplate [org.hibernate.dialect.function.InverseDistributionFunction@52743ef2] under mode; prior registration was null
2025-07-31 16:26:34.127 [main] DEBUG org.hibernate.query.sqm.function.SqmFunctionRegistry - Registered SqmFunctionTemplate [org.hibernate.dialect.function.InverseDistributionFunction@2a1107a9] under percentile_cont; prior registration was null
2025-07-31 16:26:34.127 [main] DEBUG org.hibernate.query.sqm.function.SqmFunctionRegistry - Registered SqmFunctionTemplate [org.hibernate.dialect.function.InverseDistributionFunction@3cdb3788] under percentile_disc; prior registration was null
2025-07-31 16:26:34.128 [main] DEBUG org.hibernate.query.sqm.function.SqmFunctionRegistry - Registered SqmFunctionTemplate [org.hibernate.dialect.function.HypotheticalSetFunction@1d66664f] under rank; prior registration was null
2025-07-31 16:26:34.128 [main] DEBUG org.hibernate.query.sqm.function.SqmFunctionRegistry - Registered SqmFunctionTemplate [org.hibernate.dialect.function.HypotheticalSetFunction@654fdde2] under dense_rank; prior registration was null
2025-07-31 16:26:34.128 [main] DEBUG org.hibernate.query.sqm.function.SqmFunctionRegistry - Registered SqmFunctionTemplate [org.hibernate.dialect.function.HypotheticalSetFunction@6f279a75] under percent_rank; prior registration was null
2025-07-31 16:26:34.129 [main] DEBUG org.hibernate.query.sqm.function.SqmFunctionRegistry - Registered SqmFunctionTemplate [org.hibernate.dialect.function.HypotheticalSetFunction@34552734] under cume_dist; prior registration was null
2025-07-31 16:26:34.130 [main] DEBUG org.hibernate.query.sqm.function.SqmFunctionRegistry - Registered SqmFunctionTemplate [org.hibernate.dialect.function.PostgreSQLMinMaxFunction@4fc23215] under min; prior registration was NamedSqmFunctionTemplate(min)
2025-07-31 16:26:34.130 [main] DEBUG org.hibernate.query.sqm.function.SqmFunctionRegistry - Registered SqmFunctionTemplate [org.hibernate.dialect.function.PostgreSQLMinMaxFunction@2ed34811] under max; prior registration was NamedSqmFunctionTemplate(max)
2025-07-31 16:26:34.130 [main] DEBUG org.hibernate.query.sqm.function.SqmFunctionRegistry - Registered SqmFunctionTemplate [org.hibernate.query.sqm.function.PatternBasedSqmFunctionDescriptor@fca4863] under bitxor; prior registration was org.hibernate.query.sqm.function.PatternBasedSqmFunctionDescriptor@1f32fb77
2025-07-31 16:26:34.131 [main] DEBUG org.hibernate.query.sqm.function.SqmFunctionRegistry - Registered SqmFunctionTemplate [org.hibernate.dialect.function.PostgreSQLTruncRoundFunction@74d56a25] under round; prior registration was NamedSqmFunctionTemplate(round)
2025-07-31 16:26:34.137 [main] DEBUG org.hibernate.query.sqm.function.SqmFunctionRegistry - Registered SqmFunctionTemplate [org.hibernate.dialect.function.PostgreSQLTruncFunction@456b4892] under trunc; prior registration was null
2025-07-31 16:26:34.137 [main] DEBUG org.hibernate.query.sqm.function.SqmFunctionRegistry - Registering alternate key : truncate -> trunc
2025-07-31 16:26:34.137 [main] DEBUG org.hibernate.query.sqm.function.SqmFunctionRegistry - Registered SqmFunctionTemplate [org.hibernate.query.sqm.function.PatternBasedSqmFunctionDescriptor@3385f1a8] under date_trunc; prior registration was null
2025-07-31 16:26:34.139 [main] DEBUG org.hibernate.HQL_FUNCTIONS - abs(NUMERIC arg)
2025-07-31 16:26:34.139 [main] DEBUG org.hibernate.HQL_FUNCTIONS - Double acos(NUMERIC arg)
2025-07-31 16:26:34.139 [main] DEBUG org.hibernate.HQL_FUNCTIONS - Double acosh(NUMERIC arg)
2025-07-31 16:26:34.139 [main] DEBUG org.hibernate.HQL_FUNCTIONS - Boolean any(BOOLEAN predicate)
2025-07-31 16:26:34.139 [main] DEBUG org.hibernate.HQL_FUNCTIONS - array( ... )
2025-07-31 16:26:34.139 [main] DEBUG org.hibernate.HQL_FUNCTIONS - array_agg(arg)
2025-07-31 16:26:34.139 [main] DEBUG org.hibernate.HQL_FUNCTIONS - array_append( ... )
2025-07-31 16:26:34.140 [main] DEBUG org.hibernate.HQL_FUNCTIONS - array_concat( ... )
2025-07-31 16:26:34.140 [main] DEBUG org.hibernate.HQL_FUNCTIONS - Boolean array_contains(ARRAY haystackArray, OBJECT needleElementOrArray)
2025-07-31 16:26:34.140 [main] DEBUG org.hibernate.HQL_FUNCTIONS - Boolean array_contains_nullable(ARRAY haystackArray, OBJECT needleElementOrArray)
2025-07-31 16:26:34.140 [main] DEBUG org.hibernate.HQL_FUNCTIONS - array_fill(OBJECT element, INTEGER elementCount)
2025-07-31 16:26:34.140 [main] DEBUG org.hibernate.HQL_FUNCTIONS - array_fill_list(OBJECT element, INTEGER elementCount)
2025-07-31 16:26:34.140 [main] DEBUG org.hibernate.HQL_FUNCTIONS - array_get(ARRAY array, INTEGER index)
2025-07-31 16:26:34.140 [main] DEBUG org.hibernate.HQL_FUNCTIONS - Boolean array_includes(ARRAY haystackArray, OBJECT needleArray)
2025-07-31 16:26:34.140 [main] DEBUG org.hibernate.HQL_FUNCTIONS - Boolean array_includes_nullable(ARRAY haystackArray, OBJECT needleArray)
2025-07-31 16:26:34.140 [main] DEBUG org.hibernate.HQL_FUNCTIONS - Boolean array_intersects(ARRAY array0, OBJECT array1)
2025-07-31 16:26:34.141 [main] DEBUG org.hibernate.HQL_FUNCTIONS - Boolean array_intersects_nullable(ARRAY array0, OBJECT array1)
2025-07-31 16:26:34.141 [main] DEBUG org.hibernate.HQL_FUNCTIONS - Integer array_length(ARRAY array)
2025-07-31 16:26:34.141 [main] DEBUG org.hibernate.HQL_FUNCTIONS - array_list( ... )
2025-07-31 16:26:34.141 [main] DEBUG org.hibernate.HQL_FUNCTIONS - Boolean array_overlaps(ARRAY array0, OBJECT array1)
2025-07-31 16:26:34.141 [main] DEBUG org.hibernate.HQL_FUNCTIONS - Boolean array_overlaps_nullable(ARRAY array0, OBJECT array1)
2025-07-31 16:26:34.141 [main] DEBUG org.hibernate.HQL_FUNCTIONS - Integer array_position(ARRAY array, OBJECT element[, INTEGER startPosition])
2025-07-31 16:26:34.141 [main] DEBUG org.hibernate.HQL_FUNCTIONS - int[] array_positions(ARRAY array, OBJECT element)
2025-07-31 16:26:34.141 [main] DEBUG org.hibernate.HQL_FUNCTIONS - List array_positions_list(ARRAY array, OBJECT element)
2025-07-31 16:26:34.141 [main] DEBUG org.hibernate.HQL_FUNCTIONS - array_prepend( ... )
2025-07-31 16:26:34.142 [main] DEBUG org.hibernate.HQL_FUNCTIONS - array_remove( ... )
2025-07-31 16:26:34.142 [main] DEBUG org.hibernate.HQL_FUNCTIONS - array_remove_index( ... )
2025-07-31 16:26:34.142 [main] DEBUG org.hibernate.HQL_FUNCTIONS - array_replace(ARRAY array, OBJECT old, OBJECT new)
2025-07-31 16:26:34.142 [main] DEBUG org.hibernate.HQL_FUNCTIONS - array_set( ... )
2025-07-31 16:26:34.142 [main] DEBUG org.hibernate.HQL_FUNCTIONS - array_slice(ARRAY array, INTEGER start, INTEGER end)
2025-07-31 16:26:34.142 [main] DEBUG org.hibernate.HQL_FUNCTIONS - String array_to_string( ... )
2025-07-31 16:26:34.142 [main] DEBUG org.hibernate.HQL_FUNCTIONS - array_trim( ... )
2025-07-31 16:26:34.142 [main] DEBUG org.hibernate.HQL_FUNCTIONS - Integer ascii(STRING arg)
2025-07-31 16:26:34.142 [main] DEBUG org.hibernate.HQL_FUNCTIONS - Double asin(NUMERIC arg)
2025-07-31 16:26:34.142 [main] DEBUG org.hibernate.HQL_FUNCTIONS - Double asinh(NUMERIC arg)
2025-07-31 16:26:34.143 [main] DEBUG org.hibernate.HQL_FUNCTIONS - Double atan(NUMERIC arg)
2025-07-31 16:26:34.143 [main] DEBUG org.hibernate.HQL_FUNCTIONS - Double atan2(NUMERIC arg0, NUMERIC arg1)
2025-07-31 16:26:34.143 [main] DEBUG org.hibernate.HQL_FUNCTIONS - Double atanh(NUMERIC arg)
2025-07-31 16:26:34.143 [main] DEBUG org.hibernate.HQL_FUNCTIONS - avg(arg)
2025-07-31 16:26:34.143 [main] DEBUG org.hibernate.HQL_FUNCTIONS - bit_and(arg)
2025-07-31 16:26:34.143 [main] DEBUG org.hibernate.HQL_FUNCTIONS - Integer bit_length(STRING_OR_CLOB arg)
2025-07-31 16:26:34.143 [main] DEBUG org.hibernate.HQL_FUNCTIONS - bit_or(arg)
2025-07-31 16:26:34.144 [main] DEBUG org.hibernate.HQL_FUNCTIONS - bitand(arg0, arg1)
2025-07-31 16:26:34.144 [main] DEBUG org.hibernate.HQL_FUNCTIONS - bitnot(arg)
2025-07-31 16:26:34.144 [main] DEBUG org.hibernate.HQL_FUNCTIONS - bitor(arg0, arg1)
2025-07-31 16:26:34.144 [main] DEBUG org.hibernate.HQL_FUNCTIONS - bitxor(arg0, arg1)
2025-07-31 16:26:34.144 [main] DEBUG org.hibernate.HQL_FUNCTIONS - Boolean bool_and(BOOLEAN predicate)
2025-07-31 16:26:34.144 [main] DEBUG org.hibernate.HQL_FUNCTIONS - Boolean bool_or(BOOLEAN predicate)
2025-07-31 16:26:34.144 [main] DEBUG org.hibernate.HQL_FUNCTIONS - cast(arg as Type)
2025-07-31 16:26:34.144 [main] DEBUG org.hibernate.HQL_FUNCTIONS - Double cbrt(NUMERIC arg)
2025-07-31 16:26:34.144 [main] DEBUG org.hibernate.HQL_FUNCTIONS - ceiling(NUMERIC arg)
2025-07-31 16:26:34.144 [main] DEBUG org.hibernate.HQL_FUNCTIONS - Character char(INTEGER arg)
2025-07-31 16:26:34.145 [main] DEBUG org.hibernate.HQL_FUNCTIONS - Integer character_length(STRING_OR_CLOB arg)
2025-07-31 16:26:34.145 [main] DEBUG org.hibernate.HQL_FUNCTIONS - Character chr(INTEGER arg)
2025-07-31 16:26:34.145 [main] DEBUG org.hibernate.HQL_FUNCTIONS - coalesce(arg0[, arg1[, ...]])
2025-07-31 16:26:34.145 [main] DEBUG org.hibernate.HQL_FUNCTIONS - String collate(STRING string as COLLATION collation)
2025-07-31 16:26:34.145 [main] DEBUG org.hibernate.HQL_FUNCTIONS - (STRING string0[, STRING string1[, ...]])
2025-07-31 16:26:34.145 [main] DEBUG org.hibernate.HQL_FUNCTIONS - Double corr(NUMERIC arg0, NUMERIC arg1)
2025-07-31 16:26:34.146 [main] DEBUG org.hibernate.HQL_FUNCTIONS - Double cos(NUMERIC arg)
2025-07-31 16:26:34.146 [main] DEBUG org.hibernate.HQL_FUNCTIONS - Double cosh(NUMERIC arg)
2025-07-31 16:26:34.146 [main] DEBUG org.hibernate.HQL_FUNCTIONS - Double cot(NUMERIC arg)
2025-07-31 16:26:34.146 [main] DEBUG org.hibernate.HQL_FUNCTIONS - Long count([distinct ]{arg|*})
2025-07-31 16:26:34.146 [main] DEBUG org.hibernate.HQL_FUNCTIONS - Double covar_pop(NUMERIC arg0, NUMERIC arg1)
2025-07-31 16:26:34.146 [main] DEBUG org.hibernate.HQL_FUNCTIONS - Double covar_samp(NUMERIC arg0, NUMERIC arg1)
2025-07-31 16:26:34.146 [main] DEBUG org.hibernate.HQL_FUNCTIONS - Double cume_dist([arg0[, ...]])
2025-07-31 16:26:34.147 [main] DEBUG org.hibernate.HQL_FUNCTIONS - Date current date
2025-07-31 16:26:34.147 [main] DEBUG org.hibernate.HQL_FUNCTIONS - Time current time
2025-07-31 16:26:34.147 [main] DEBUG org.hibernate.HQL_FUNCTIONS - Timestamp current timestamp
2025-07-31 16:26:34.147 [main] DEBUG org.hibernate.HQL_FUNCTIONS - Date current_date
2025-07-31 16:26:34.147 [main] DEBUG org.hibernate.HQL_FUNCTIONS - Instant current_instant
2025-07-31 16:26:34.147 [main] DEBUG org.hibernate.HQL_FUNCTIONS - Time current_time
2025-07-31 16:26:34.147 [main] DEBUG org.hibernate.HQL_FUNCTIONS - Timestamp current_timestamp
2025-07-31 16:26:34.147 [main] DEBUG org.hibernate.HQL_FUNCTIONS - date_trunc(STRING field, TEMPORAL datetime)
2025-07-31 16:26:34.148 [main] DEBUG org.hibernate.HQL_FUNCTIONS - dateadd(TEMPORAL_UNIT field, INTEGER magnitude, TEMPORAL datetime)
2025-07-31 16:26:34.148 [main] DEBUG org.hibernate.HQL_FUNCTIONS - Long|Double datediff(TEMPORAL_UNIT field, TEMPORAL start, TEMPORAL end)
2025-07-31 16:26:34.148 [main] DEBUG org.hibernate.HQL_FUNCTIONS - Double degrees(NUMERIC arg)
2025-07-31 16:26:34.148 [main] DEBUG org.hibernate.HQL_FUNCTIONS - Long dense_rank([arg0[, ...]])
2025-07-31 16:26:34.148 [main] DEBUG org.hibernate.HQL_FUNCTIONS - Boolean every(BOOLEAN predicate)
2025-07-31 16:26:34.148 [main] DEBUG org.hibernate.HQL_FUNCTIONS - Double exp(NUMERIC arg)
2025-07-31 16:26:34.148 [main] DEBUG org.hibernate.HQL_FUNCTIONS - extract(TEMPORAL_UNIT field from TEMPORAL arg)
2025-07-31 16:26:34.149 [main] DEBUG org.hibernate.HQL_FUNCTIONS - first_valueANY value
2025-07-31 16:26:34.149 [main] DEBUG org.hibernate.HQL_FUNCTIONS - floor(NUMERIC arg)
2025-07-31 16:26:34.149 [main] DEBUG org.hibernate.HQL_FUNCTIONS - String format(TEMPORAL datetime as STRING pattern)
2025-07-31 16:26:34.149 [main] DEBUG org.hibernate.HQL_FUNCTIONS - greatest(COMPARABLE arg0, COMPARABLE arg1[, arg2[, ...]])
2025-07-31 16:26:34.149 [main] DEBUG org.hibernate.HQL_FUNCTIONS - ifnull(arg0, arg1)
2025-07-31 16:26:34.149 [main] DEBUG org.hibernate.HQL_FUNCTIONS - String initcap(arg)
2025-07-31 16:26:34.149 [main] DEBUG org.hibernate.HQL_FUNCTIONS - String insert(STRING string, INTEGER start, INTEGER length, STRING replacement)
2025-07-31 16:26:34.149 [main] DEBUG org.hibernate.HQL_FUNCTIONS - Instant instant
2025-07-31 16:26:34.150 [main] DEBUG org.hibernate.HQL_FUNCTIONS - lagANY value[, INTEGER offset[, ANY default]]
2025-07-31 16:26:34.150 [main] DEBUG org.hibernate.HQL_FUNCTIONS - last_valueANY value
2025-07-31 16:26:34.150 [main] DEBUG org.hibernate.HQL_FUNCTIONS - leadANY value[, INTEGER offset[, ANY default]]
2025-07-31 16:26:34.150 [main] DEBUG org.hibernate.HQL_FUNCTIONS - least(COMPARABLE arg0, COMPARABLE arg1[, arg2[, ...]])
2025-07-31 16:26:34.150 [main] DEBUG org.hibernate.HQL_FUNCTIONS - String left(STRING string, INTEGER length)
2025-07-31 16:26:34.150 [main] DEBUG org.hibernate.HQL_FUNCTIONS - length
2025-07-31 16:26:34.150 [main] DEBUG org.hibernate.HQL_FUNCTIONS - String listagg(STRING arg0, STRING arg1)
2025-07-31 16:26:34.150 [main] DEBUG org.hibernate.HQL_FUNCTIONS - Double ln(NUMERIC arg)
2025-07-31 16:26:34.150 [main] DEBUG org.hibernate.HQL_FUNCTIONS - LocalDate local date
2025-07-31 16:26:34.151 [main] DEBUG org.hibernate.HQL_FUNCTIONS - LocalDateTime local datetime
2025-07-31 16:26:34.151 [main] DEBUG org.hibernate.HQL_FUNCTIONS - LocalTime local time
2025-07-31 16:26:34.151 [main] DEBUG org.hibernate.HQL_FUNCTIONS - LocalDate local_date
2025-07-31 16:26:34.151 [main] DEBUG org.hibernate.HQL_FUNCTIONS - LocalDateTime local_datetime
2025-07-31 16:26:34.151 [main] DEBUG org.hibernate.HQL_FUNCTIONS - LocalTime local_time
2025-07-31 16:26:34.151 [main] DEBUG org.hibernate.HQL_FUNCTIONS - Time localtime
2025-07-31 16:26:34.151 [main] DEBUG org.hibernate.HQL_FUNCTIONS - Timestamp localtimestamp
2025-07-31 16:26:34.151 [main] DEBUG org.hibernate.HQL_FUNCTIONS - Integer locate(STRING pattern, STRING string[, INTEGER start])
2025-07-31 16:26:34.151 [main] DEBUG org.hibernate.HQL_FUNCTIONS - Double log(NUMERIC arg0[, NUMERIC arg1])
2025-07-31 16:26:34.152 [main] DEBUG org.hibernate.HQL_FUNCTIONS - Double log10(NUMERIC arg)
2025-07-31 16:26:34.152 [main] DEBUG org.hibernate.HQL_FUNCTIONS - String lower(STRING string)
2025-07-31 16:26:34.152 [main] DEBUG org.hibernate.HQL_FUNCTIONS - String lpad(STRING string, INTEGER length[, STRING padding])
2025-07-31 16:26:34.152 [main] DEBUG org.hibernate.HQL_FUNCTIONS - String ltrim(STRING string[, STRING characters])
2025-07-31 16:26:34.152 [main] DEBUG org.hibernate.HQL_FUNCTIONS - Date make_date(INTEGER arg0, INTEGER arg1, INTEGER arg2)
2025-07-31 16:26:34.152 [main] DEBUG org.hibernate.HQL_FUNCTIONS - Time make_time(INTEGER arg0, INTEGER arg1, INTEGER arg2)
2025-07-31 16:26:34.152 [main] DEBUG org.hibernate.HQL_FUNCTIONS - Timestamp make_timestamp(INTEGER arg0, INTEGER arg1, INTEGER arg2, INTEGER arg3, INTEGER arg4, INTEGER arg5)
2025-07-31 16:26:34.152 [main] DEBUG org.hibernate.HQL_FUNCTIONS - Timestamp make_timestamptz(INTEGER arg0, INTEGER arg1, INTEGER arg2, INTEGER arg3, INTEGER arg4, INTEGER arg5[, INTEGER arg6])
2025-07-31 16:26:34.153 [main] DEBUG org.hibernate.HQL_FUNCTIONS - max(COMPARABLE arg)
2025-07-31 16:26:34.153 [main] DEBUG org.hibernate.HQL_FUNCTIONS - String md5(arg)
2025-07-31 16:26:34.153 [main] DEBUG org.hibernate.HQL_FUNCTIONS - Double median(NUMERIC arg)
2025-07-31 16:26:34.153 [main] DEBUG org.hibernate.HQL_FUNCTIONS - min(COMPARABLE arg)
2025-07-31 16:26:34.153 [main] DEBUG org.hibernate.HQL_FUNCTIONS - Integer mod(INTEGER arg0, INTEGER arg1)
2025-07-31 16:26:34.153 [main] DEBUG org.hibernate.HQL_FUNCTIONS - mode()
2025-07-31 16:26:34.153 [main] DEBUG org.hibernate.HQL_FUNCTIONS - nth_valueANY value, INTEGER nth
2025-07-31 16:26:34.153 [main] DEBUG org.hibernate.HQL_FUNCTIONS - nullif(arg0, arg1)
2025-07-31 16:26:34.153 [main] DEBUG org.hibernate.HQL_FUNCTIONS - Integer octet_length(STRING_OR_CLOB arg)
2025-07-31 16:26:34.154 [main] DEBUG org.hibernate.HQL_FUNCTIONS - OffsetDateTime offset datetime
2025-07-31 16:26:34.154 [main] DEBUG org.hibernate.HQL_FUNCTIONS - OffsetDateTime offset_datetime
2025-07-31 16:26:34.154 [main] DEBUG org.hibernate.HQL_FUNCTIONS - String overlay(string placing replacement from start[ for length])
2025-07-31 16:26:34.154 [main] DEBUG org.hibernate.HQL_FUNCTIONS - String pad(STRING string with INTEGER length {leading|trailing}[ STRING character])
2025-07-31 16:26:34.154 [main] DEBUG org.hibernate.HQL_FUNCTIONS - Double percent_rank([arg0[, ...]])
2025-07-31 16:26:34.154 [main] DEBUG org.hibernate.HQL_FUNCTIONS - percentile_cont(NUMERIC arg)
2025-07-31 16:26:34.154 [main] DEBUG org.hibernate.HQL_FUNCTIONS - percentile_disc(NUMERIC arg)
2025-07-31 16:26:34.154 [main] DEBUG org.hibernate.HQL_FUNCTIONS - Double pi
2025-07-31 16:26:34.154 [main] DEBUG org.hibernate.HQL_FUNCTIONS - Integer position(STRING pattern in STRING string)
2025-07-31 16:26:34.155 [main] DEBUG org.hibernate.HQL_FUNCTIONS - Double power(NUMERIC arg0, NUMERIC arg1)
2025-07-31 16:26:34.155 [main] DEBUG org.hibernate.HQL_FUNCTIONS - Double radians(NUMERIC arg)
2025-07-31 16:26:34.155 [main] DEBUG org.hibernate.HQL_FUNCTIONS - Long rank([arg0[, ...]])
2025-07-31 16:26:34.155 [main] DEBUG org.hibernate.HQL_FUNCTIONS - Double regr_avgx(NUMERIC arg0, NUMERIC arg1)
2025-07-31 16:26:34.155 [main] DEBUG org.hibernate.HQL_FUNCTIONS - Double regr_avgy(NUMERIC arg0, NUMERIC arg1)
2025-07-31 16:26:34.155 [main] DEBUG org.hibernate.HQL_FUNCTIONS - Double regr_count(NUMERIC arg0, NUMERIC arg1)
2025-07-31 16:26:34.155 [main] DEBUG org.hibernate.HQL_FUNCTIONS - Double regr_intercept(NUMERIC arg0, NUMERIC arg1)
2025-07-31 16:26:34.155 [main] DEBUG org.hibernate.HQL_FUNCTIONS - Double regr_r2(NUMERIC arg0, NUMERIC arg1)
2025-07-31 16:26:34.156 [main] DEBUG org.hibernate.HQL_FUNCTIONS - Double regr_slope(NUMERIC arg0, NUMERIC arg1)
2025-07-31 16:26:34.156 [main] DEBUG org.hibernate.HQL_FUNCTIONS - Double regr_sxx(NUMERIC arg0, NUMERIC arg1)
2025-07-31 16:26:34.156 [main] DEBUG org.hibernate.HQL_FUNCTIONS - Double regr_sxy(NUMERIC arg0, NUMERIC arg1)
2025-07-31 16:26:34.156 [main] DEBUG org.hibernate.HQL_FUNCTIONS - Double regr_syy(NUMERIC arg0, NUMERIC arg1)
2025-07-31 16:26:34.156 [main] DEBUG org.hibernate.HQL_FUNCTIONS - String repeat(STRING string, INTEGER times)
2025-07-31 16:26:34.156 [main] DEBUG org.hibernate.HQL_FUNCTIONS - String replace(STRING string, STRING pattern, STRING replacement)
2025-07-31 16:26:34.156 [main] DEBUG org.hibernate.HQL_FUNCTIONS - String right(STRING string, INTEGER length)
2025-07-31 16:26:34.156 [main] DEBUG org.hibernate.HQL_FUNCTIONS - round(NUMERIC number[, INTEGER places])
2025-07-31 16:26:34.156 [main] DEBUG org.hibernate.HQL_FUNCTIONS - Long row_number()
2025-07-31 16:26:34.157 [main] DEBUG org.hibernate.HQL_FUNCTIONS - String rpad(STRING string, INTEGER length[, STRING padding])
2025-07-31 16:26:34.157 [main] DEBUG org.hibernate.HQL_FUNCTIONS - String rtrim(STRING string[, STRING characters])
2025-07-31 16:26:34.157 [main] DEBUG org.hibernate.HQL_FUNCTIONS - Integer sign(NUMERIC arg)
2025-07-31 16:26:34.157 [main] DEBUG org.hibernate.HQL_FUNCTIONS - Double sin(NUMERIC arg)
2025-07-31 16:26:34.157 [main] DEBUG org.hibernate.HQL_FUNCTIONS - Double sinh(NUMERIC arg)
2025-07-31 16:26:34.157 [main] DEBUG org.hibernate.HQL_FUNCTIONS - String soundex(arg)
2025-07-31 16:26:34.157 [main] DEBUG org.hibernate.HQL_FUNCTIONS - Object sql
2025-07-31 16:26:34.157 [main] DEBUG org.hibernate.HQL_FUNCTIONS - Double sqrt(NUMERIC arg)
2025-07-31 16:26:34.157 [main] DEBUG org.hibernate.HQL_FUNCTIONS - Double stddev(NUMERIC arg)
2025-07-31 16:26:34.158 [main] DEBUG org.hibernate.HQL_FUNCTIONS - Double stddev_pop(NUMERIC arg)
2025-07-31 16:26:34.158 [main] DEBUG org.hibernate.HQL_FUNCTIONS - Double stddev_samp(NUMERIC arg)
2025-07-31 16:26:34.158 [main] DEBUG org.hibernate.HQL_FUNCTIONS - String str(arg)
2025-07-31 16:26:34.158 [main] DEBUG org.hibernate.HQL_FUNCTIONS - String substr(STRING string, INTEGER start[, INTEGER length])
2025-07-31 16:26:34.158 [main] DEBUG org.hibernate.HQL_FUNCTIONS - String substring(STRING string{ from|,} INTEGER start[{ for|,} INTEGER length])
2025-07-31 16:26:34.158 [main] DEBUG org.hibernate.HQL_FUNCTIONS - sum(arg)
2025-07-31 16:26:34.158 [main] DEBUG org.hibernate.HQL_FUNCTIONS - Double tan(NUMERIC arg)
2025-07-31 16:26:34.158 [main] DEBUG org.hibernate.HQL_FUNCTIONS - Double tanh(NUMERIC arg)
2025-07-31 16:26:34.159 [main] DEBUG org.hibernate.HQL_FUNCTIONS - timestampadd(TEMPORAL_UNIT field, INTEGER magnitude, TEMPORAL datetime)
2025-07-31 16:26:34.159 [main] DEBUG org.hibernate.HQL_FUNCTIONS - Long|Double timestampdiff(TEMPORAL_UNIT field, TEMPORAL start, TEMPORAL end)
2025-07-31 16:26:34.159 [main] DEBUG org.hibernate.HQL_FUNCTIONS - String to_char(ANY arg0[, STRING arg1, STRING arg2])
2025-07-31 16:26:34.159 [main] DEBUG org.hibernate.HQL_FUNCTIONS - Date to_date(STRING arg0[, STRING arg1, STRING arg2])
2025-07-31 16:26:34.159 [main] DEBUG org.hibernate.HQL_FUNCTIONS - Double to_number(STRING arg0[, STRING arg1, STRING arg2])
2025-07-31 16:26:34.159 [main] DEBUG org.hibernate.HQL_FUNCTIONS - Timestamp to_timestamp(STRING arg0[, STRING arg1, STRING arg2])
2025-07-31 16:26:34.159 [main] DEBUG org.hibernate.HQL_FUNCTIONS - String translate(STRING arg0, STRING arg1, STRING arg2)
2025-07-31 16:26:34.159 [main] DEBUG org.hibernate.HQL_FUNCTIONS - String trim([[{leading|trailing|both} ][STRING arg0 ]from] STRING arg1)
2025-07-31 16:26:34.159 [main] DEBUG org.hibernate.HQL_FUNCTIONS - trunc( ... )
2025-07-31 16:26:34.160 [main] DEBUG org.hibernate.HQL_FUNCTIONS - truncate( ... )
2025-07-31 16:26:34.160 [main] DEBUG org.hibernate.HQL_FUNCTIONS - String upper(STRING string)
2025-07-31 16:26:34.160 [main] DEBUG org.hibernate.HQL_FUNCTIONS - Double var_pop(NUMERIC arg)
2025-07-31 16:26:34.160 [main] DEBUG org.hibernate.HQL_FUNCTIONS - Double var_samp(NUMERIC arg)
2025-07-31 16:26:34.160 [main] DEBUG org.hibernate.HQL_FUNCTIONS - Double variance(NUMERIC arg)
2025-07-31 16:26:34.173 [main] DEBUG org.hibernate.orm.query.plan.cache - Starting QueryInterpretationCache(2048)
2025-07-31 16:26:34.344 [main] DEBUG org.hibernate.service.internal.SessionFactoryServiceRegistryImpl - EventListenerRegistry access via ServiceRegistry is deprecated.  Use `sessionFactory.getEventEngine().getListenerRegistry()` instead
2025-07-31 16:26:34.349 [main] DEBUG org.hibernate.event.internal.EntityCopyObserverFactoryInitiator - Configured EntityCopyObserver strategy: disallow
2025-07-31 16:26:34.558 [main] DEBUG org.hibernate.boot.internal.ClassLoaderAccessImpl - Not known whether passed class name [com.example.trainup.model.Gym] is safe
2025-07-31 16:26:34.558 [main] DEBUG org.hibernate.boot.internal.ClassLoaderAccessImpl - No temp ClassLoader provided; using live ClassLoader for loading potentially unsafe class : com.example.trainup.model.Gym
2025-07-31 16:26:34.638 [main] DEBUG org.hibernate.bytecode.internal.bytebuddy.BytecodeProviderImpl - HHH000513: Unable to create the ReflectionOptimizer for [com.example.trainup.model.Gym]: private accessor [description]
2025-07-31 16:26:34.709 [main] DEBUG org.hibernate.ormbytecode.interceptor - To-one property `com.example.trainup.model.user.GymOwner#userCredentials` was mapped with LAZY + NO_PROXY but the class was not enhanced
2025-07-31 16:26:34.709 [main] DEBUG org.hibernate.ormbytecode.interceptor - To-one property `com.example.trainup.model.user.GymOwner#userCredentials` was mapped with LAZY + NO_PROXY but the class was not enhanced
2025-07-31 16:26:34.709 [main] DEBUG org.hibernate.boot.internal.ClassLoaderAccessImpl - Not known whether passed class name [com.example.trainup.model.user.GymOwner] is safe
2025-07-31 16:26:34.709 [main] DEBUG org.hibernate.boot.internal.ClassLoaderAccessImpl - No temp ClassLoader provided; using live ClassLoader for loading potentially unsafe class : com.example.trainup.model.user.GymOwner
2025-07-31 16:26:34.723 [main] DEBUG org.hibernate.bytecode.internal.bytebuddy.BytecodeProviderImpl - HHH000513: Unable to create the ReflectionOptimizer for [com.example.trainup.model.user.GymOwner]: private accessor [dateOfBirth]
2025-07-31 16:26:34.724 [main] DEBUG org.hibernate.ormbytecode.interceptor - To-one property `com.example.trainup.model.user.GymOwner#userCredentials` was mapped with LAZY + NO_PROXY but the class was not enhanced
2025-07-31 16:26:34.724 [main] DEBUG org.hibernate.boot.internal.ClassLoaderAccessImpl - Not known whether passed class name [com.example.trainup.model.user.UserCredentials] is safe
2025-07-31 16:26:34.725 [main] DEBUG org.hibernate.boot.internal.ClassLoaderAccessImpl - No temp ClassLoader provided; using live ClassLoader for loading potentially unsafe class : com.example.trainup.model.user.UserCredentials
2025-07-31 16:26:34.737 [main] DEBUG org.hibernate.bytecode.internal.bytebuddy.BytecodeProviderImpl - HHH000513: Unable to create the ReflectionOptimizer for [com.example.trainup.model.user.UserCredentials]: private accessor [email]
2025-07-31 16:26:34.738 [main] DEBUG org.hibernate.boot.internal.ClassLoaderAccessImpl - Not known whether passed class name [com.example.trainup.model.Sport] is safe
2025-07-31 16:26:34.738 [main] DEBUG org.hibernate.boot.internal.ClassLoaderAccessImpl - No temp ClassLoader provided; using live ClassLoader for loading potentially unsafe class : com.example.trainup.model.Sport
2025-07-31 16:26:34.747 [main] DEBUG org.hibernate.bytecode.internal.bytebuddy.BytecodeProviderImpl - HHH000513: Unable to create the ReflectionOptimizer for [com.example.trainup.model.Sport]: private accessor [athletes]
2025-07-31 16:26:34.748 [main] DEBUG org.hibernate.ormbytecode.interceptor - To-one property `com.example.trainup.model.Address#gym` was mapped with LAZY + NO_PROXY but the class was not enhanced
2025-07-31 16:26:34.748 [main] DEBUG org.hibernate.ormbytecode.interceptor - To-one property `com.example.trainup.model.Address#gym` was mapped with LAZY + NO_PROXY but the class was not enhanced
2025-07-31 16:26:34.749 [main] DEBUG org.hibernate.boot.internal.ClassLoaderAccessImpl - Not known whether passed class name [com.example.trainup.model.Address] is safe
2025-07-31 16:26:34.749 [main] DEBUG org.hibernate.boot.internal.ClassLoaderAccessImpl - No temp ClassLoader provided; using live ClassLoader for loading potentially unsafe class : com.example.trainup.model.Address
2025-07-31 16:26:34.760 [main] DEBUG org.hibernate.bytecode.internal.bytebuddy.BytecodeProviderImpl - HHH000513: Unable to create the ReflectionOptimizer for [com.example.trainup.model.Address]: private accessor [city]
2025-07-31 16:26:34.761 [main] DEBUG org.hibernate.ormbytecode.interceptor - To-one property `com.example.trainup.model.Address#gym` was mapped with LAZY + NO_PROXY but the class was not enhanced
2025-07-31 16:26:34.762 [main] DEBUG org.hibernate.ormbytecode.interceptor - To-one property `com.example.trainup.model.Event#gym` was mapped with LAZY + NO_PROXY but the class was not enhanced
2025-07-31 16:26:34.762 [main] DEBUG org.hibernate.ormbytecode.interceptor - To-one property `com.example.trainup.model.Event#gym` was mapped with LAZY + NO_PROXY but the class was not enhanced
2025-07-31 16:26:34.762 [main] DEBUG org.hibernate.ormbytecode.interceptor - To-one property `com.example.trainup.model.Event#trainer` was mapped with LAZY + NO_PROXY but the class was not enhanced
2025-07-31 16:26:34.762 [main] DEBUG org.hibernate.ormbytecode.interceptor - To-one property `com.example.trainup.model.Event#trainer` was mapped with LAZY + NO_PROXY but the class was not enhanced
2025-07-31 16:26:34.762 [main] DEBUG org.hibernate.boot.internal.ClassLoaderAccessImpl - Not known whether passed class name [com.example.trainup.model.Event] is safe
2025-07-31 16:26:34.762 [main] DEBUG org.hibernate.boot.internal.ClassLoaderAccessImpl - No temp ClassLoader provided; using live ClassLoader for loading potentially unsafe class : com.example.trainup.model.Event
2025-07-31 16:26:34.771 [main] DEBUG org.hibernate.bytecode.internal.bytebuddy.BytecodeProviderImpl - HHH000513: Unable to create the ReflectionOptimizer for [com.example.trainup.model.Event]: private accessor [dateTime]
2025-07-31 16:26:34.772 [main] DEBUG org.hibernate.ormbytecode.interceptor - To-one property `com.example.trainup.model.Event#gym` was mapped with LAZY + NO_PROXY but the class was not enhanced
2025-07-31 16:26:34.772 [main] DEBUG org.hibernate.ormbytecode.interceptor - To-one property `com.example.trainup.model.Event#trainer` was mapped with LAZY + NO_PROXY but the class was not enhanced
2025-07-31 16:26:34.772 [main] DEBUG org.hibernate.ormbytecode.interceptor - To-one property `com.example.trainup.model.user.Athlete#userCredentials` was mapped with LAZY + NO_PROXY but the class was not enhanced
2025-07-31 16:26:34.773 [main] DEBUG org.hibernate.ormbytecode.interceptor - To-one property `com.example.trainup.model.user.Athlete#userCredentials` was mapped with LAZY + NO_PROXY but the class was not enhanced
2025-07-31 16:26:34.773 [main] DEBUG org.hibernate.boot.internal.ClassLoaderAccessImpl - Not known whether passed class name [com.example.trainup.model.user.Athlete] is safe
2025-07-31 16:26:34.773 [main] DEBUG org.hibernate.boot.internal.ClassLoaderAccessImpl - No temp ClassLoader provided; using live ClassLoader for loading potentially unsafe class : com.example.trainup.model.user.Athlete
2025-07-31 16:26:34.784 [main] DEBUG org.hibernate.bytecode.internal.bytebuddy.BytecodeProviderImpl - HHH000513: Unable to create the ReflectionOptimizer for [com.example.trainup.model.user.Athlete]: private accessor [dateOfBirth]
2025-07-31 16:26:34.784 [main] DEBUG org.hibernate.ormbytecode.interceptor - To-one property `com.example.trainup.model.user.Athlete#userCredentials` was mapped with LAZY + NO_PROXY but the class was not enhanced
2025-07-31 16:26:34.785 [main] DEBUG org.hibernate.ormbytecode.interceptor - To-one property `com.example.trainup.model.Review#gym` was mapped with LAZY + NO_PROXY but the class was not enhanced
2025-07-31 16:26:34.786 [main] DEBUG org.hibernate.ormbytecode.interceptor - To-one property `com.example.trainup.model.Review#gym` was mapped with LAZY + NO_PROXY but the class was not enhanced
2025-07-31 16:26:34.786 [main] DEBUG org.hibernate.ormbytecode.interceptor - To-one property `com.example.trainup.model.Review#trainer` was mapped with LAZY + NO_PROXY but the class was not enhanced
2025-07-31 16:26:34.786 [main] DEBUG org.hibernate.ormbytecode.interceptor - To-one property `com.example.trainup.model.Review#trainer` was mapped with LAZY + NO_PROXY but the class was not enhanced
2025-07-31 16:26:34.786 [main] DEBUG org.hibernate.boot.internal.ClassLoaderAccessImpl - Not known whether passed class name [com.example.trainup.model.Review] is safe
2025-07-31 16:26:34.786 [main] DEBUG org.hibernate.boot.internal.ClassLoaderAccessImpl - No temp ClassLoader provided; using live ClassLoader for loading potentially unsafe class : com.example.trainup.model.Review
2025-07-31 16:26:34.796 [main] DEBUG org.hibernate.bytecode.internal.bytebuddy.BytecodeProviderImpl - HHH000513: Unable to create the ReflectionOptimizer for [com.example.trainup.model.Review]: private accessor [author]
2025-07-31 16:26:34.796 [main] DEBUG org.hibernate.ormbytecode.interceptor - To-one property `com.example.trainup.model.Review#gym` was mapped with LAZY + NO_PROXY but the class was not enhanced
2025-07-31 16:26:34.797 [main] DEBUG org.hibernate.ormbytecode.interceptor - To-one property `com.example.trainup.model.Review#trainer` was mapped with LAZY + NO_PROXY but the class was not enhanced
2025-07-31 16:26:34.798 [main] DEBUG org.hibernate.boot.internal.ClassLoaderAccessImpl - Not known whether passed class name [com.example.trainup.model.Role] is safe
2025-07-31 16:26:34.798 [main] DEBUG org.hibernate.boot.internal.ClassLoaderAccessImpl - No temp ClassLoader provided; using live ClassLoader for loading potentially unsafe class : com.example.trainup.model.Role
2025-07-31 16:26:34.810 [main] DEBUG org.hibernate.bytecode.internal.bytebuddy.BytecodeProviderImpl - HHH000513: Unable to create the ReflectionOptimizer for [com.example.trainup.model.Role]: private accessor [name]
2025-07-31 16:26:34.811 [main] DEBUG org.hibernate.ormbytecode.interceptor - To-one property `com.example.trainup.model.user.Admin#userCredentials` was mapped with LAZY + NO_PROXY but the class was not enhanced
2025-07-31 16:26:34.811 [main] DEBUG org.hibernate.ormbytecode.interceptor - To-one property `com.example.trainup.model.user.Admin#userCredentials` was mapped with LAZY + NO_PROXY but the class was not enhanced
2025-07-31 16:26:34.812 [main] DEBUG org.hibernate.boot.internal.ClassLoaderAccessImpl - Not known whether passed class name [com.example.trainup.model.user.Admin] is safe
2025-07-31 16:26:34.812 [main] DEBUG org.hibernate.boot.internal.ClassLoaderAccessImpl - No temp ClassLoader provided; using live ClassLoader for loading potentially unsafe class : com.example.trainup.model.user.Admin
2025-07-31 16:26:34.819 [main] DEBUG org.hibernate.bytecode.internal.bytebuddy.BytecodeProviderImpl - HHH000513: Unable to create the ReflectionOptimizer for [com.example.trainup.model.user.Admin]: private accessor [dateOfBirth]
2025-07-31 16:26:34.819 [main] DEBUG org.hibernate.ormbytecode.interceptor - To-one property `com.example.trainup.model.user.Admin#userCredentials` was mapped with LAZY + NO_PROXY but the class was not enhanced
2025-07-31 16:26:34.820 [main] DEBUG org.hibernate.ormbytecode.interceptor - To-one property `com.example.trainup.model.user.Trainer#userCredentials` was mapped with LAZY + NO_PROXY but the class was not enhanced
2025-07-31 16:26:34.820 [main] DEBUG org.hibernate.ormbytecode.interceptor - To-one property `com.example.trainup.model.user.Trainer#userCredentials` was mapped with LAZY + NO_PROXY but the class was not enhanced
2025-07-31 16:26:34.820 [main] DEBUG org.hibernate.boot.internal.ClassLoaderAccessImpl - Not known whether passed class name [com.example.trainup.model.user.Trainer] is safe
2025-07-31 16:26:34.820 [main] DEBUG org.hibernate.boot.internal.ClassLoaderAccessImpl - No temp ClassLoader provided; using live ClassLoader for loading potentially unsafe class : com.example.trainup.model.user.Trainer
2025-07-31 16:26:34.833 [main] DEBUG org.hibernate.bytecode.internal.bytebuddy.BytecodeProviderImpl - HHH000513: Unable to create the ReflectionOptimizer for [com.example.trainup.model.user.Trainer]: private accessor [certificates]
2025-07-31 16:26:34.833 [main] DEBUG org.hibernate.ormbytecode.interceptor - To-one property `com.example.trainup.model.user.Trainer#userCredentials` was mapped with LAZY + NO_PROXY but the class was not enhanced
2025-07-31 16:26:34.834 [main] DEBUG org.hibernate.boot.internal.ClassLoaderAccessImpl - Not known whether passed class name [com.example.trainup.model.GymPhoto] is safe
2025-07-31 16:26:34.834 [main] DEBUG org.hibernate.boot.internal.ClassLoaderAccessImpl - No temp ClassLoader provided; using live ClassLoader for loading potentially unsafe class : com.example.trainup.model.GymPhoto
2025-07-31 16:26:34.840 [main] DEBUG org.hibernate.bytecode.internal.bytebuddy.BytecodeProviderImpl - HHH000513: Unable to create the ReflectionOptimizer for [com.example.trainup.model.GymPhoto]: private accessor [gym]
2025-07-31 16:26:34.885 [main] DEBUG org.hibernate.orm.jdbc.mutation - Skipping collection (re)creation - com.example.trainup.model.user.Trainer.reviews
2025-07-31 16:26:34.889 [main] DEBUG org.hibernate.orm.jdbc.mutation - Skipping collection row deletions - com.example.trainup.model.user.Trainer.reviews
2025-07-31 16:26:34.890 [main] DEBUG org.hibernate.orm.jdbc.mutation - Skipping collection removals - com.example.trainup.model.user.Trainer.reviews
2025-07-31 16:26:34.894 [main] DEBUG org.hibernate.orm.jdbc.mutation - Skipping collection inserts - com.example.trainup.model.Sport.trainers
2025-07-31 16:26:34.894 [main] DEBUG org.hibernate.orm.jdbc.mutation - Skipping collection row updates - com.example.trainup.model.Sport.trainers
2025-07-31 16:26:34.895 [main] DEBUG org.hibernate.orm.jdbc.mutation - Skipping collection row deletions - com.example.trainup.model.Sport.trainers
2025-07-31 16:26:34.896 [main] DEBUG org.hibernate.orm.jdbc.mutation - Skipping collection removals - com.example.trainup.model.Sport.trainers
2025-07-31 16:26:34.898 [main] DEBUG org.hibernate.orm.jdbc.mutation - Skipping collection (re)creation - com.example.trainup.model.Gym.photos
2025-07-31 16:26:34.898 [main] DEBUG org.hibernate.orm.jdbc.mutation - Skipping collection row deletions - com.example.trainup.model.Gym.photos
2025-07-31 16:26:34.898 [main] DEBUG org.hibernate.orm.jdbc.mutation - Skipping collection removals - com.example.trainup.model.Gym.photos
2025-07-31 16:26:34.898 [main] DEBUG org.hibernate.orm.jdbc.mutation - Skipping collection (re)creation - com.example.trainup.model.Gym.reviews
2025-07-31 16:26:34.898 [main] DEBUG org.hibernate.orm.jdbc.mutation - Skipping collection row deletions - com.example.trainup.model.Gym.reviews
2025-07-31 16:26:34.899 [main] DEBUG org.hibernate.orm.jdbc.mutation - Skipping collection removals - com.example.trainup.model.Gym.reviews
2025-07-31 16:26:34.907 [main] DEBUG org.hibernate.orm.jdbc.mutation - Skipping collection row updates - com.example.trainup.model.Gym.phoneNumbers
2025-07-31 16:26:34.910 [main] DEBUG org.hibernate.orm.jdbc.mutation - Skipping collection (re)creation - com.example.trainup.model.user.GymOwner.ownedGyms
2025-07-31 16:26:34.911 [main] DEBUG org.hibernate.orm.jdbc.mutation - Skipping collection row deletions - com.example.trainup.model.user.GymOwner.ownedGyms
2025-07-31 16:26:34.911 [main] DEBUG org.hibernate.orm.jdbc.mutation - Skipping collection removals - com.example.trainup.model.user.GymOwner.ownedGyms
2025-07-31 16:26:34.911 [main] DEBUG org.hibernate.orm.jdbc.mutation - Skipping collection row updates - com.example.trainup.model.user.UserCredentials.roles
2025-07-31 16:26:34.911 [main] DEBUG org.hibernate.orm.jdbc.mutation - Skipping collection row updates - com.example.trainup.model.Sport.athletes
2025-07-31 16:26:34.912 [main] DEBUG org.hibernate.orm.jdbc.mutation - Skipping collection inserts - com.example.trainup.model.user.Athlete.sports
2025-07-31 16:26:34.912 [main] DEBUG org.hibernate.orm.jdbc.mutation - Skipping collection row updates - com.example.trainup.model.user.Athlete.sports
2025-07-31 16:26:34.912 [main] DEBUG org.hibernate.orm.jdbc.mutation - Skipping collection row deletions - com.example.trainup.model.user.Athlete.sports
2025-07-31 16:26:34.912 [main] DEBUG org.hibernate.orm.jdbc.mutation - Skipping collection removals - com.example.trainup.model.user.Athlete.sports
2025-07-31 16:26:34.912 [main] DEBUG org.hibernate.orm.jdbc.mutation - Skipping collection row updates - com.example.trainup.model.user.Trainer.phoneNumbers
2025-07-31 16:26:34.912 [main] DEBUG org.hibernate.orm.jdbc.mutation - Skipping collection row updates - com.example.trainup.model.user.Athlete.phoneNumbers
2025-07-31 16:26:34.914 [main] DEBUG org.hibernate.orm.jdbc.mutation - Skipping collection row updates - com.example.trainup.model.Gym.workingHours
2025-07-31 16:26:34.914 [main] DEBUG org.hibernate.orm.jdbc.mutation - Skipping collection row updates - com.example.trainup.model.Gym.sports
2025-07-31 16:26:34.914 [main] DEBUG org.hibernate.orm.jdbc.mutation - Skipping collection row updates - com.example.trainup.model.user.GymOwner.phoneNumbers
2025-07-31 16:26:34.915 [main] DEBUG org.hibernate.orm.jdbc.mutation - Skipping collection row updates - com.example.trainup.model.Gym.trainers
2025-07-31 16:26:34.915 [main] DEBUG org.hibernate.orm.jdbc.mutation - Skipping collection row updates - com.example.trainup.model.user.Trainer.certificates
2025-07-31 16:26:34.915 [main] DEBUG org.hibernate.orm.jdbc.mutation - Skipping collection inserts - com.example.trainup.model.user.Trainer.gyms
2025-07-31 16:26:34.915 [main] DEBUG org.hibernate.orm.jdbc.mutation - Skipping collection row updates - com.example.trainup.model.user.Trainer.gyms
2025-07-31 16:26:34.915 [main] DEBUG org.hibernate.orm.jdbc.mutation - Skipping collection row deletions - com.example.trainup.model.user.Trainer.gyms
2025-07-31 16:26:34.916 [main] DEBUG org.hibernate.orm.jdbc.mutation - Skipping collection removals - com.example.trainup.model.user.Trainer.gyms
2025-07-31 16:26:34.916 [main] DEBUG org.hibernate.orm.jdbc.mutation - Skipping collection inserts - com.example.trainup.model.Sport.gyms
2025-07-31 16:26:34.916 [main] DEBUG org.hibernate.orm.jdbc.mutation - Skipping collection row updates - com.example.trainup.model.Sport.gyms
2025-07-31 16:26:34.916 [main] DEBUG org.hibernate.orm.jdbc.mutation - Skipping collection row deletions - com.example.trainup.model.Sport.gyms
2025-07-31 16:26:34.916 [main] DEBUG org.hibernate.orm.jdbc.mutation - Skipping collection removals - com.example.trainup.model.Sport.gyms
2025-07-31 16:26:34.916 [main] DEBUG org.hibernate.orm.jdbc.mutation - Skipping collection row updates - com.example.trainup.model.user.Trainer.sports
2025-07-31 16:26:34.917 [main] DEBUG org.hibernate.orm.jdbc.mutation - Skipping collection (re)creation - com.example.trainup.model.Address.trainers
2025-07-31 16:26:34.917 [main] DEBUG org.hibernate.orm.jdbc.mutation - Skipping collection row deletions - com.example.trainup.model.Address.trainers
2025-07-31 16:26:34.917 [main] DEBUG org.hibernate.orm.jdbc.mutation - Skipping collection removals - com.example.trainup.model.Address.trainers
2025-07-31 16:26:35.008 [main] DEBUG org.hibernate.orm.model.mapping.creation - Starting post-init callbacks
2025-07-31 16:26:35.009 [main] DEBUG org.hibernate.orm.model.mapping.creation - Starting PostInitCallbackEntry : To-one key - NavigableRole[com.example.trainup.model.Gym.gymOwner]
2025-07-31 16:26:35.017 [main] DEBUG org.hibernate.orm.model.mapping.creation - Starting PostInitCallbackEntry : To-one key - NavigableRole[com.example.trainup.model.Gym.location]
2025-07-31 16:26:35.018 [main] DEBUG org.hibernate.orm.model.mapping.creation - Starting PostInitCallbackEntry : PluralAttributeMapping(com.example.trainup.model.Gym.phoneNumbers)#finishInitialization
2025-07-31 16:26:35.018 [main] DEBUG org.hibernate.orm.model.mapping.creation - Starting PostInitCallbackEntry : PluralAttributeMapping(com.example.trainup.model.Gym.phoneNumbers) - key descriptor
2025-07-31 16:26:35.018 [main] DEBUG org.hibernate.orm.model.mapping.creation - Starting PostInitCallbackEntry : PluralAttributeMapping( NavigableRole[com.example.trainup.model.Gym.photos#{element}]) - element descriptor
2025-07-31 16:26:35.019 [main] DEBUG org.hibernate.orm.model.mapping.creation - Starting PostInitCallbackEntry : PluralAttributeMapping(com.example.trainup.model.Gym.photos)#finishInitialization
2025-07-31 16:26:35.019 [main] DEBUG org.hibernate.orm.model.mapping.creation - Starting PostInitCallbackEntry : PluralAttributeMapping(com.example.trainup.model.Gym.photos) - key descriptor
2025-07-31 16:26:35.019 [main] DEBUG org.hibernate.orm.model.mapping.creation - Starting PostInitCallbackEntry : PluralAttributeMapping( NavigableRole[com.example.trainup.model.Gym.reviews#{element}]) - element descriptor
2025-07-31 16:26:35.020 [main] DEBUG org.hibernate.orm.model.mapping.creation - Starting PostInitCallbackEntry : PluralAttributeMapping(com.example.trainup.model.Gym.reviews)#finishInitialization
2025-07-31 16:26:35.020 [main] DEBUG org.hibernate.orm.model.mapping.creation - Starting PostInitCallbackEntry : PluralAttributeMapping(com.example.trainup.model.Gym.reviews) - key descriptor
2025-07-31 16:26:35.020 [main] DEBUG org.hibernate.orm.model.mapping.creation - Starting PostInitCallbackEntry : PluralAttributeMapping( NavigableRole[com.example.trainup.model.Gym.sports#{element}]) - element descriptor
2025-07-31 16:26:35.020 [main] DEBUG org.hibernate.orm.model.mapping.creation - Starting PostInitCallbackEntry : PluralAttributeMapping(com.example.trainup.model.Gym.sports)#finishInitialization
2025-07-31 16:26:35.020 [main] DEBUG org.hibernate.orm.model.mapping.creation - Starting PostInitCallbackEntry : PluralAttributeMapping(com.example.trainup.model.Gym.sports) - key descriptor
2025-07-31 16:26:35.020 [main] DEBUG org.hibernate.orm.model.mapping.creation - Starting PostInitCallbackEntry : PluralAttributeMapping( NavigableRole[com.example.trainup.model.Gym.trainers#{element}]) - element descriptor
2025-07-31 16:26:35.021 [main] DEBUG org.hibernate.orm.model.mapping.creation - Starting PostInitCallbackEntry : PluralAttributeMapping(com.example.trainup.model.Gym.trainers)#finishInitialization
2025-07-31 16:26:35.021 [main] DEBUG org.hibernate.orm.model.mapping.creation - Starting PostInitCallbackEntry : PluralAttributeMapping(com.example.trainup.model.Gym.trainers) - key descriptor
2025-07-31 16:26:35.021 [main] DEBUG org.hibernate.orm.model.mapping.creation - Starting PostInitCallbackEntry : EmbeddableMappingType(com.example.trainup.model.Gym.workingHours#{element})#finishInitialization
2025-07-31 16:26:35.022 [main] DEBUG org.hibernate.orm.model.mapping.creation - Starting PostInitCallbackEntry : PluralAttributeMapping(com.example.trainup.model.Gym.workingHours)#finishInitialization
2025-07-31 16:26:35.022 [main] DEBUG org.hibernate.orm.model.mapping.creation - Starting PostInitCallbackEntry : PluralAttributeMapping(com.example.trainup.model.Gym.workingHours) - key descriptor
2025-07-31 16:26:35.022 [main] DEBUG org.hibernate.orm.model.mapping.creation - Starting PostInitCallbackEntry : Entity(com.example.trainup.model.Gym) `staticFetchableList` generator
2025-07-31 16:26:35.022 [main] DEBUG org.hibernate.orm.model.mapping.creation - Starting PostInitCallbackEntry : PluralAttributeMapping( NavigableRole[com.example.trainup.model.user.GymOwner.ownedGyms#{element}]) - element descriptor
2025-07-31 16:26:35.023 [main] DEBUG org.hibernate.orm.model.mapping.creation - Starting PostInitCallbackEntry : PluralAttributeMapping(com.example.trainup.model.user.GymOwner.ownedGyms)#finishInitialization
2025-07-31 16:26:35.023 [main] DEBUG org.hibernate.orm.model.mapping.creation - Starting PostInitCallbackEntry : PluralAttributeMapping(com.example.trainup.model.user.GymOwner.ownedGyms) - key descriptor
2025-07-31 16:26:35.023 [main] DEBUG org.hibernate.orm.model.mapping.creation - Starting PostInitCallbackEntry : PluralAttributeMapping(com.example.trainup.model.user.GymOwner.phoneNumbers)#finishInitialization
2025-07-31 16:26:35.023 [main] DEBUG org.hibernate.orm.model.mapping.creation - Starting PostInitCallbackEntry : PluralAttributeMapping(com.example.trainup.model.user.GymOwner.phoneNumbers) - key descriptor
2025-07-31 16:26:35.023 [main] DEBUG org.hibernate.orm.model.mapping.creation - Starting PostInitCallbackEntry : To-one key - NavigableRole[com.example.trainup.model.user.GymOwner.userCredentials]
2025-07-31 16:26:35.023 [main] DEBUG org.hibernate.orm.model.mapping.creation - Starting PostInitCallbackEntry : Entity(com.example.trainup.model.user.GymOwner) `staticFetchableList` generator
2025-07-31 16:26:35.023 [main] DEBUG org.hibernate.orm.model.mapping.creation - Starting PostInitCallbackEntry : PluralAttributeMapping( NavigableRole[com.example.trainup.model.user.UserCredentials.roles#{element}]) - element descriptor
2025-07-31 16:26:35.024 [main] DEBUG org.hibernate.orm.model.mapping.creation - Starting PostInitCallbackEntry : PluralAttributeMapping(com.example.trainup.model.user.UserCredentials.roles)#finishInitialization
2025-07-31 16:26:35.024 [main] DEBUG org.hibernate.orm.model.mapping.creation - Starting PostInitCallbackEntry : PluralAttributeMapping(com.example.trainup.model.user.UserCredentials.roles) - key descriptor
2025-07-31 16:26:35.024 [main] DEBUG org.hibernate.orm.model.mapping.creation - Starting PostInitCallbackEntry : Entity(com.example.trainup.model.user.UserCredentials) `staticFetchableList` generator
2025-07-31 16:26:35.024 [main] DEBUG org.hibernate.orm.model.mapping.creation - Starting PostInitCallbackEntry : PluralAttributeMapping(com.example.trainup.model.user.Athlete.phoneNumbers)#finishInitialization
2025-07-31 16:26:35.024 [main] DEBUG org.hibernate.orm.model.mapping.creation - Starting PostInitCallbackEntry : PluralAttributeMapping(com.example.trainup.model.user.Athlete.phoneNumbers) - key descriptor
2025-07-31 16:26:35.024 [main] DEBUG org.hibernate.orm.model.mapping.creation - Starting PostInitCallbackEntry : PluralAttributeMapping( NavigableRole[com.example.trainup.model.user.Athlete.sports#{element}]) - element descriptor
2025-07-31 16:26:35.025 [main] DEBUG org.hibernate.orm.model.mapping.creation - Starting PostInitCallbackEntry : PluralAttributeMapping(com.example.trainup.model.user.Athlete.sports)#finishInitialization
2025-07-31 16:26:35.025 [main] DEBUG org.hibernate.orm.model.mapping.creation - Starting PostInitCallbackEntry : PluralAttributeMapping(com.example.trainup.model.user.Athlete.sports) - key descriptor
2025-07-31 16:26:35.025 [main] DEBUG org.hibernate.orm.model.mapping.creation - Starting PostInitCallbackEntry : To-one key - NavigableRole[com.example.trainup.model.user.Athlete.userCredentials]
2025-07-31 16:26:35.025 [main] DEBUG org.hibernate.orm.model.mapping.creation - Starting PostInitCallbackEntry : Entity(com.example.trainup.model.user.Athlete) `staticFetchableList` generator
2025-07-31 16:26:35.025 [main] DEBUG org.hibernate.orm.model.mapping.creation - Starting PostInitCallbackEntry : To-one key - NavigableRole[com.example.trainup.model.Review.author]
2025-07-31 16:26:35.026 [main] DEBUG org.hibernate.orm.model.mapping.creation - Starting PostInitCallbackEntry : To-one key - NavigableRole[com.example.trainup.model.Review.gym]
2025-07-31 16:26:35.026 [main] DEBUG org.hibernate.orm.model.mapping.creation - Starting PostInitCallbackEntry : To-one key - NavigableRole[com.example.trainup.model.Review.trainer]
2025-07-31 16:26:35.026 [main] DEBUG org.hibernate.orm.model.mapping.creation - Starting PostInitCallbackEntry : Entity(com.example.trainup.model.Review) `staticFetchableList` generator
2025-07-31 16:26:35.026 [main] DEBUG org.hibernate.orm.model.mapping.creation - Starting PostInitCallbackEntry : To-one key - NavigableRole[com.example.trainup.model.user.Admin.userCredentials]
2025-07-31 16:26:35.026 [main] DEBUG org.hibernate.orm.model.mapping.creation - Starting PostInitCallbackEntry : Entity(com.example.trainup.model.user.Admin) `staticFetchableList` generator
2025-07-31 16:26:35.026 [main] DEBUG org.hibernate.orm.model.mapping.creation - Starting PostInitCallbackEntry : PluralAttributeMapping(com.example.trainup.model.user.Trainer.certificates)#finishInitialization
2025-07-31 16:26:35.026 [main] DEBUG org.hibernate.orm.model.mapping.creation - Starting PostInitCallbackEntry : PluralAttributeMapping(com.example.trainup.model.user.Trainer.certificates) - key descriptor
2025-07-31 16:26:35.027 [main] DEBUG org.hibernate.orm.model.mapping.creation - Starting PostInitCallbackEntry : PluralAttributeMapping( NavigableRole[com.example.trainup.model.user.Trainer.gyms#{element}]) - element descriptor
2025-07-31 16:26:35.027 [main] DEBUG org.hibernate.orm.model.mapping.creation - Starting PostInitCallbackEntry : PluralAttributeMapping(com.example.trainup.model.user.Trainer.gyms)#finishInitialization
2025-07-31 16:26:35.027 [main] DEBUG org.hibernate.orm.model.mapping.creation - Starting PostInitCallbackEntry : PluralAttributeMapping(com.example.trainup.model.user.Trainer.gyms) - key descriptor
2025-07-31 16:26:35.027 [main] DEBUG org.hibernate.orm.model.mapping.creation - Starting PostInitCallbackEntry : To-one key - NavigableRole[com.example.trainup.model.user.Trainer.location]
2025-07-31 16:26:35.027 [main] DEBUG org.hibernate.orm.model.mapping.creation - Starting PostInitCallbackEntry : PluralAttributeMapping(com.example.trainup.model.user.Trainer.phoneNumbers)#finishInitialization
2025-07-31 16:26:35.027 [main] DEBUG org.hibernate.orm.model.mapping.creation - Starting PostInitCallbackEntry : PluralAttributeMapping(com.example.trainup.model.user.Trainer.phoneNumbers) - key descriptor
2025-07-31 16:26:35.027 [main] DEBUG org.hibernate.orm.model.mapping.creation - Starting PostInitCallbackEntry : PluralAttributeMapping( NavigableRole[com.example.trainup.model.user.Trainer.reviews#{element}]) - element descriptor
2025-07-31 16:26:35.028 [main] DEBUG org.hibernate.orm.model.mapping.creation - Starting PostInitCallbackEntry : PluralAttributeMapping(com.example.trainup.model.user.Trainer.reviews)#finishInitialization
2025-07-31 16:26:35.028 [main] DEBUG org.hibernate.orm.model.mapping.creation - Starting PostInitCallbackEntry : PluralAttributeMapping(com.example.trainup.model.user.Trainer.reviews) - key descriptor
2025-07-31 16:26:35.028 [main] DEBUG org.hibernate.orm.model.mapping.creation - Starting PostInitCallbackEntry : PluralAttributeMapping( NavigableRole[com.example.trainup.model.user.Trainer.sports#{element}]) - element descriptor
2025-07-31 16:26:35.028 [main] DEBUG org.hibernate.orm.model.mapping.creation - Starting PostInitCallbackEntry : PluralAttributeMapping(com.example.trainup.model.user.Trainer.sports)#finishInitialization
2025-07-31 16:26:35.028 [main] DEBUG org.hibernate.orm.model.mapping.creation - Starting PostInitCallbackEntry : PluralAttributeMapping(com.example.trainup.model.user.Trainer.sports) - key descriptor
2025-07-31 16:26:35.028 [main] DEBUG org.hibernate.orm.model.mapping.creation - Starting PostInitCallbackEntry : To-one key - NavigableRole[com.example.trainup.model.user.Trainer.userCredentials]
2025-07-31 16:26:35.028 [main] DEBUG org.hibernate.orm.model.mapping.creation - Starting PostInitCallbackEntry : Entity(com.example.trainup.model.user.Trainer) `staticFetchableList` generator
2025-07-31 16:26:35.029 [main] DEBUG org.hibernate.orm.model.mapping.creation - Starting PostInitCallbackEntry : To-one key - NavigableRole[com.example.trainup.model.GymPhoto.gym]
2025-07-31 16:26:35.029 [main] DEBUG org.hibernate.orm.model.mapping.creation - Starting PostInitCallbackEntry : Entity(com.example.trainup.model.GymPhoto) `staticFetchableList` generator
2025-07-31 16:26:35.029 [main] DEBUG org.hibernate.orm.model.mapping.creation - Starting PostInitCallbackEntry : PluralAttributeMapping( NavigableRole[com.example.trainup.model.Sport.athletes#{element}]) - element descriptor
2025-07-31 16:26:35.029 [main] DEBUG org.hibernate.orm.model.mapping.creation - Starting PostInitCallbackEntry : PluralAttributeMapping(com.example.trainup.model.Sport.athletes)#finishInitialization
2025-07-31 16:26:35.029 [main] DEBUG org.hibernate.orm.model.mapping.creation - Starting PostInitCallbackEntry : PluralAttributeMapping(com.example.trainup.model.Sport.athletes) - key descriptor
2025-07-31 16:26:35.029 [main] DEBUG org.hibernate.orm.model.mapping.creation - Starting PostInitCallbackEntry : PluralAttributeMapping( NavigableRole[com.example.trainup.model.Sport.gyms#{element}]) - element descriptor
2025-07-31 16:26:35.029 [main] DEBUG org.hibernate.orm.model.mapping.creation - Starting PostInitCallbackEntry : PluralAttributeMapping(com.example.trainup.model.Sport.gyms)#finishInitialization
2025-07-31 16:26:35.030 [main] DEBUG org.hibernate.orm.model.mapping.creation - Starting PostInitCallbackEntry : PluralAttributeMapping(com.example.trainup.model.Sport.gyms) - key descriptor
2025-07-31 16:26:35.030 [main] DEBUG org.hibernate.orm.model.mapping.creation - Starting PostInitCallbackEntry : PluralAttributeMapping( NavigableRole[com.example.trainup.model.Sport.trainers#{element}]) - element descriptor
2025-07-31 16:26:35.030 [main] DEBUG org.hibernate.orm.model.mapping.creation - Starting PostInitCallbackEntry : PluralAttributeMapping(com.example.trainup.model.Sport.trainers)#finishInitialization
2025-07-31 16:26:35.030 [main] DEBUG org.hibernate.orm.model.mapping.creation - Starting PostInitCallbackEntry : PluralAttributeMapping(com.example.trainup.model.Sport.trainers) - key descriptor
2025-07-31 16:26:35.030 [main] DEBUG org.hibernate.orm.model.mapping.creation - Starting PostInitCallbackEntry : Entity(com.example.trainup.model.Sport) `staticFetchableList` generator
2025-07-31 16:26:35.030 [main] DEBUG org.hibernate.orm.model.mapping.creation - Starting PostInitCallbackEntry : To-one key - NavigableRole[com.example.trainup.model.Event.gym]
2025-07-31 16:26:35.030 [main] DEBUG org.hibernate.orm.model.mapping.creation - Starting PostInitCallbackEntry : To-one key - NavigableRole[com.example.trainup.model.Event.sport]
2025-07-31 16:26:35.031 [main] DEBUG org.hibernate.orm.model.mapping.creation - Starting PostInitCallbackEntry : To-one key - NavigableRole[com.example.trainup.model.Event.trainer]
2025-07-31 16:26:35.031 [main] DEBUG org.hibernate.orm.model.mapping.creation - Starting PostInitCallbackEntry : Entity(com.example.trainup.model.Event) `staticFetchableList` generator
2025-07-31 16:26:35.031 [main] DEBUG org.hibernate.orm.model.mapping.creation - Starting PostInitCallbackEntry : To-one key - NavigableRole[com.example.trainup.model.Address.gym]
2025-07-31 16:26:35.031 [main] DEBUG org.hibernate.orm.model.mapping.creation - Starting PostInitCallbackEntry : PluralAttributeMapping( NavigableRole[com.example.trainup.model.Address.trainers#{element}]) - element descriptor
2025-07-31 16:26:35.031 [main] DEBUG org.hibernate.orm.model.mapping.creation - Starting PostInitCallbackEntry : PluralAttributeMapping(com.example.trainup.model.Address.trainers)#finishInitialization
2025-07-31 16:26:35.031 [main] DEBUG org.hibernate.orm.model.mapping.creation - Starting PostInitCallbackEntry : PluralAttributeMapping(com.example.trainup.model.Address.trainers) - key descriptor
2025-07-31 16:26:35.032 [main] DEBUG org.hibernate.orm.model.mapping.creation - Starting PostInitCallbackEntry : Entity(com.example.trainup.model.Address) `staticFetchableList` generator
2025-07-31 16:26:35.032 [main] DEBUG org.hibernate.orm.model.mapping.creation - Starting PostInitCallbackEntry : Entity(com.example.trainup.model.Role) `staticFetchableList` generator
2025-07-31 16:26:35.032 [main] DEBUG org.hibernate.orm.model.mapping.creation - Starting PostInitCallbackEntry : PluralAttributeMapping( NavigableRole[com.example.trainup.model.Gym.photos#{element}]) - element descriptor
2025-07-31 16:26:35.032 [main] DEBUG org.hibernate.orm.model.mapping.creation - Starting PostInitCallbackEntry : PluralAttributeMapping( NavigableRole[com.example.trainup.model.Gym.reviews#{element}]) - element descriptor
2025-07-31 16:26:35.032 [main] DEBUG org.hibernate.orm.model.mapping.creation - Starting PostInitCallbackEntry : PluralAttributeMapping( NavigableRole[com.example.trainup.model.user.GymOwner.ownedGyms#{element}]) - element descriptor
2025-07-31 16:26:35.032 [main] DEBUG org.hibernate.orm.model.mapping.creation - Starting PostInitCallbackEntry : PluralAttributeMapping( NavigableRole[com.example.trainup.model.user.Athlete.sports#{element}]) - element descriptor
2025-07-31 16:26:35.032 [main] DEBUG org.hibernate.orm.model.mapping.creation - Starting PostInitCallbackEntry : PluralAttributeMapping( NavigableRole[com.example.trainup.model.user.Trainer.reviews#{element}]) - element descriptor
2025-07-31 16:26:35.032 [main] DEBUG org.hibernate.orm.model.mapping.creation - Starting PostInitCallbackEntry : PluralAttributeMapping( NavigableRole[com.example.trainup.model.Address.trainers#{element}]) - element descriptor
2025-07-31 16:26:35.033 [main] DEBUG org.hibernate.orm.model.mapping.creation - Starting PostInitCallbackEntry : EmbeddableMappingType(com.example.trainup.model.Gym.workingHours#{element})#initColumnMappings
2025-07-31 16:26:35.262 [main] DEBUG org.hibernate.orm.sql.ast.create - Created new SQL alias : g1_0
2025-07-31 16:26:35.266 [main] DEBUG org.hibernate.orm.sql.ast.create - Registration of TableGroup [StandardTableGroup(com.example.trainup.model.Gym)] with identifierForTableGroup [com.example.trainup.model.Gym] for NavigablePath [com.example.trainup.model.Gym] 
2025-07-31 16:26:35.295 [main] DEBUG org.hibernate.orm.sql.ast.create - Registration of TableGroup [org.hibernate.sql.ast.tree.from.LazyTableGroup@324a5741] with identifierForTableGroup [com.example.trainup.model.Gym.gymOwner] for NavigablePath [com.example.trainup.model.Gym.gymOwner] 
2025-07-31 16:26:35.305 [main] DEBUG org.hibernate.orm.sql.ast.create - Registration of TableGroup [org.hibernate.sql.ast.tree.from.LazyTableGroup@4f1422f7] with identifierForTableGroup [com.example.trainup.model.Gym.location] for NavigablePath [com.example.trainup.model.Gym.location] 
2025-07-31 16:26:35.343 [main] DEBUG org.hibernate.orm.results.graph.AST - DomainResult Graph:
 \-EntityResultImpl [com.example.trainup.model.Gym]
 |  +-BasicFetch [com.example.trainup.model.Gym.description]
 |  +-EntityDelayedFetchImpl [com.example.trainup.model.Gym.gymOwner]
 |  +-BasicFetch [com.example.trainup.model.Gym.isDeleted]
 |  +-EntityDelayedFetchImpl [com.example.trainup.model.Gym.location]
 |  +-BasicFetch [com.example.trainup.model.Gym.name]
 |  +-BasicFetch [com.example.trainup.model.Gym.numberOfReviews]
 |  +-BasicFetch [com.example.trainup.model.Gym.overallRating]
 |  +-DelayedCollectionFetch [com.example.trainup.model.Gym.phoneNumbers]
 |  +-DelayedCollectionFetch [com.example.trainup.model.Gym.photos]
 |  +-DelayedCollectionFetch [com.example.trainup.model.Gym.reviews]
 |  +-DelayedCollectionFetch [com.example.trainup.model.Gym.sports]
 |  +-DelayedCollectionFetch [com.example.trainup.model.Gym.trainers]
 |  +-BasicFetch [com.example.trainup.model.Gym.website]
 |  \-DelayedCollectionFetch [com.example.trainup.model.Gym.workingHours]

2025-07-31 16:26:35.350 [main] DEBUG org.hibernate.orm.sql.ast.tree - SQL AST Tree:
    SelectStatement {
      FromClause {
        StandardTableGroup (g1 : com.example.trainup.model.Gym) {
          primaryTableReference : gyms as g1_0
          TableGroupJoins {
            left  join LazyTableGroup (go1 : com.example.trainup.model.Gym.gymOwner) {
            }
            left  join LazyTableGroup (l1 : com.example.trainup.model.Gym.location) {
            }
          }
        }
      }
    }

2025-07-31 16:26:35.392 [main] DEBUG org.hibernate.persister.entity.AbstractEntityPersister - Static SQL for entity: com.example.trainup.model.Gym
2025-07-31 16:26:35.392 [main] DEBUG org.hibernate.persister.entity.AbstractEntityPersister -  Version select: select id from gyms where id=?
2025-07-31 16:26:35.392 [main] DEBUG org.hibernate.persister.entity.AbstractEntityPersister -  Insert (0): insert into gyms (description,gym_owner_id,is_deleted,address_id,name,number_of_reviews,overall_rating,website) values (?,?,?,?,?,?,?,?)
2025-07-31 16:26:35.393 [main] DEBUG org.hibernate.persister.entity.AbstractEntityPersister -  Update (0): update gyms set description=?,gym_owner_id=?,is_deleted=?,address_id=?,name=?,number_of_reviews=?,overall_rating=?,website=? where id=?
2025-07-31 16:26:35.393 [main] DEBUG org.hibernate.persister.entity.AbstractEntityPersister -  Delete (0): UPDATE gyms SET is_deleted=true WHERE id=?
2025-07-31 16:26:35.393 [main] DEBUG org.hibernate.orm.sql.ast.create - Created new SQL alias : go1_0
2025-07-31 16:26:35.393 [main] DEBUG org.hibernate.orm.sql.ast.create - Registration of TableGroup [StandardTableGroup(com.example.trainup.model.user.GymOwner)] with identifierForTableGroup [com.example.trainup.model.user.GymOwner] for NavigablePath [com.example.trainup.model.user.GymOwner] 
2025-07-31 16:26:35.397 [main] DEBUG org.hibernate.orm.sql.ast.create - Registration of TableGroup [org.hibernate.sql.ast.tree.from.LazyTableGroup@26ed4e27] with identifierForTableGroup [com.example.trainup.model.user.GymOwner.userCredentials] for NavigablePath [com.example.trainup.model.user.GymOwner.userCredentials] 
2025-07-31 16:26:35.400 [main] DEBUG org.hibernate.orm.sql.ast.create - Created new SQL alias : uc1_0
2025-07-31 16:26:35.404 [main] DEBUG org.hibernate.orm.sql.ast.create - Created new SQL alias : r1_0
2025-07-31 16:26:35.408 [main] DEBUG org.hibernate.orm.sql.ast.create - Registration of TableGroup [CollectionTableGroup(com.example.trainup.model.user.GymOwner.userCredentials.roles)] with identifierForTableGroup [com.example.trainup.model.user.GymOwner.userCredentials.roles] for NavigablePath [com.example.trainup.model.user.GymOwner.userCredentials.roles] 
2025-07-31 16:26:35.410 [main] DEBUG org.hibernate.orm.sql.ast.create - Registration of TableGroup [org.hibernate.sql.ast.tree.from.LazyTableGroup@5c35267d] with identifierForTableGroup [com.example.trainup.model.user.GymOwner.userCredentials.roles.{element}] for NavigablePath [com.example.trainup.model.user.GymOwner.userCredentials.roles.{element}] 
2025-07-31 16:26:35.411 [main] DEBUG org.hibernate.orm.sql.ast.create - Created new SQL alias : r1_1
2025-07-31 16:26:35.417 [main] DEBUG org.hibernate.orm.results.graph.AST - DomainResult Graph:
 \-EntityResultImpl [com.example.trainup.model.user.GymOwner]
 |  +-BasicFetch [com.example.trainup.model.user.GymOwner.dateOfBirth]
 |  +-BasicFetch [com.example.trainup.model.user.GymOwner.firstName]
 |  +-BasicFetch [com.example.trainup.model.user.GymOwner.gender]
 |  +-BasicFetch [com.example.trainup.model.user.GymOwner.isDeleted]
 |  +-BasicFetch [com.example.trainup.model.user.GymOwner.lastName]
 |  +-DelayedCollectionFetch [com.example.trainup.model.user.GymOwner.ownedGyms]
 |  +-DelayedCollectionFetch [com.example.trainup.model.user.GymOwner.phoneNumbers]
 |  +-BasicFetch [com.example.trainup.model.user.GymOwner.profileImageUrl]
 |  \-EntityFetchJoinedImpl [com.example.trainup.model.user.GymOwner.userCredentials]
 |  |  +-BasicFetch [com.example.trainup.model.user.GymOwner.userCredentials.email]
 |  |  +-BasicFetch [com.example.trainup.model.user.GymOwner.userCredentials.isDeleted]
 |  |  +-BasicFetch [com.example.trainup.model.user.GymOwner.userCredentials.password]
 |  |  +-EagerCollectionFetch [com.example.trainup.model.user.GymOwner.userCredentials.roles]
 |  |  |  \-EntityFetchJoinedImpl [com.example.trainup.model.user.GymOwner.userCredentials.roles.{element}]
 |  |  |  |  \-BasicFetch [com.example.trainup.model.user.GymOwner.userCredentials.roles.{element}.name]
 |  |  \-BasicFetch [com.example.trainup.model.user.GymOwner.userCredentials.userType]

2025-07-31 16:26:35.417 [main] DEBUG org.hibernate.orm.sql.ast.tree - SQL AST Tree:
    SelectStatement {
      FromClause {
        StandardTableGroup (go1 : com.example.trainup.model.user.GymOwner) {
          primaryTableReference : gym_owners as go1_0
          TableGroupJoins {
             join LazyTableGroup (uc1 : com.example.trainup.model.user.GymOwner.userCredentials) {
              primaryTableReference : user_credentials as uc1_0
              TableGroupJoins {
                left  join CollectionTableGroup (r1 : com.example.trainup.model.user.GymOwner.userCredentials.roles) {
                  primaryTableReference : user_credentials_roles as r1_0
                  TableGroupJoins {
                    left  join LazyTableGroup (r1 : com.example.trainup.model.user.GymOwner.userCredentials.roles.{element}) {
                      primaryTableReference : roles as r1_1
                    }
                  }
                }
              }
            }
          }
        }
      }
    }

2025-07-31 16:26:35.422 [main] DEBUG org.hibernate.persister.entity.AbstractEntityPersister - Static SQL for entity: com.example.trainup.model.user.GymOwner
2025-07-31 16:26:35.422 [main] DEBUG org.hibernate.persister.entity.AbstractEntityPersister -  Version select: select id from gym_owners where id=?
2025-07-31 16:26:35.422 [main] DEBUG org.hibernate.persister.entity.AbstractEntityPersister -  Insert (0): insert into gym_owners (date_of_birth,first_name,gender,is_deleted,last_name,profile_image_url,user_credentials_id) values (?,?,?,?,?,?,?)
2025-07-31 16:26:35.422 [main] DEBUG org.hibernate.persister.entity.AbstractEntityPersister -  Update (0): update gym_owners set date_of_birth=?,first_name=?,gender=?,is_deleted=?,last_name=?,profile_image_url=?,user_credentials_id=? where id=?
2025-07-31 16:26:35.422 [main] DEBUG org.hibernate.persister.entity.AbstractEntityPersister -  Delete (0): UPDATE gym_owners SET is_deleted=true WHERE id=?
2025-07-31 16:26:35.422 [main] DEBUG org.hibernate.orm.sql.ast.create - Created new SQL alias : uc1_0
2025-07-31 16:26:35.422 [main] DEBUG org.hibernate.orm.sql.ast.create - Registration of TableGroup [StandardTableGroup(com.example.trainup.model.user.UserCredentials)] with identifierForTableGroup [com.example.trainup.model.user.UserCredentials] for NavigablePath [com.example.trainup.model.user.UserCredentials] 
2025-07-31 16:26:35.423 [main] DEBUG org.hibernate.orm.sql.ast.create - Created new SQL alias : r1_0
2025-07-31 16:26:35.423 [main] DEBUG org.hibernate.orm.sql.ast.create - Registration of TableGroup [CollectionTableGroup(com.example.trainup.model.user.UserCredentials.roles)] with identifierForTableGroup [com.example.trainup.model.user.UserCredentials.roles] for NavigablePath [com.example.trainup.model.user.UserCredentials.roles] 
2025-07-31 16:26:35.423 [main] DEBUG org.hibernate.orm.sql.ast.create - Registration of TableGroup [org.hibernate.sql.ast.tree.from.LazyTableGroup@42c4f29c] with identifierForTableGroup [com.example.trainup.model.user.UserCredentials.roles.{element}] for NavigablePath [com.example.trainup.model.user.UserCredentials.roles.{element}] 
2025-07-31 16:26:35.426 [main] DEBUG org.hibernate.orm.sql.ast.create - Created new SQL alias : r1_1
2025-07-31 16:26:35.427 [main] DEBUG org.hibernate.orm.results.graph.AST - DomainResult Graph:
 \-EntityResultImpl [com.example.trainup.model.user.UserCredentials]
 |  +-BasicFetch [com.example.trainup.model.user.UserCredentials.email]
 |  +-BasicFetch [com.example.trainup.model.user.UserCredentials.isDeleted]
 |  +-BasicFetch [com.example.trainup.model.user.UserCredentials.password]
 |  +-EagerCollectionFetch [com.example.trainup.model.user.UserCredentials.roles]
 |  |  \-EntityFetchJoinedImpl [com.example.trainup.model.user.UserCredentials.roles.{element}]
 |  |  |  \-BasicFetch [com.example.trainup.model.user.UserCredentials.roles.{element}.name]
 |  \-BasicFetch [com.example.trainup.model.user.UserCredentials.userType]

2025-07-31 16:26:35.427 [main] DEBUG org.hibernate.orm.sql.ast.tree - SQL AST Tree:
    SelectStatement {
      FromClause {
        StandardTableGroup (uc1 : com.example.trainup.model.user.UserCredentials) {
          primaryTableReference : user_credentials as uc1_0
          TableGroupJoins {
            left  join CollectionTableGroup (r1 : com.example.trainup.model.user.UserCredentials.roles) {
              primaryTableReference : user_credentials_roles as r1_0
              TableGroupJoins {
                left  join LazyTableGroup (r1 : com.example.trainup.model.user.UserCredentials.roles.{element}) {
                  primaryTableReference : roles as r1_1
                }
              }
            }
          }
        }
      }
    }

2025-07-31 16:26:35.428 [main] DEBUG org.hibernate.persister.entity.AbstractEntityPersister - Static SQL for entity: com.example.trainup.model.user.UserCredentials
2025-07-31 16:26:35.428 [main] DEBUG org.hibernate.persister.entity.AbstractEntityPersister -  Version select: select id from user_credentials where id=?
2025-07-31 16:26:35.428 [main] DEBUG org.hibernate.persister.entity.AbstractEntityPersister -  Insert (0): insert into user_credentials (email,is_deleted,password,user_type) values (?,?,?,?)
2025-07-31 16:26:35.428 [main] DEBUG org.hibernate.persister.entity.AbstractEntityPersister -  Update (0): update user_credentials set email=?,is_deleted=?,password=?,user_type=? where id=?
2025-07-31 16:26:35.428 [main] DEBUG org.hibernate.persister.entity.AbstractEntityPersister -  Delete (0): UPDATE user_credentials SET is_deleted=true WHERE id=?
2025-07-31 16:26:35.428 [main] DEBUG org.hibernate.orm.sql.ast.create - Created new SQL alias : a1_0
2025-07-31 16:26:35.428 [main] DEBUG org.hibernate.orm.sql.ast.create - Registration of TableGroup [StandardTableGroup(com.example.trainup.model.user.Athlete)] with identifierForTableGroup [com.example.trainup.model.user.Athlete] for NavigablePath [com.example.trainup.model.user.Athlete] 
2025-07-31 16:26:35.429 [main] DEBUG org.hibernate.orm.sql.ast.create - Registration of TableGroup [org.hibernate.sql.ast.tree.from.LazyTableGroup@6b42829] with identifierForTableGroup [com.example.trainup.model.user.Athlete.userCredentials] for NavigablePath [com.example.trainup.model.user.Athlete.userCredentials] 
2025-07-31 16:26:35.429 [main] DEBUG org.hibernate.orm.sql.ast.create - Created new SQL alias : uc1_0
2025-07-31 16:26:35.429 [main] DEBUG org.hibernate.orm.sql.ast.create - Created new SQL alias : r1_0
2025-07-31 16:26:35.430 [main] DEBUG org.hibernate.orm.sql.ast.create - Registration of TableGroup [CollectionTableGroup(com.example.trainup.model.user.Athlete.userCredentials.roles)] with identifierForTableGroup [com.example.trainup.model.user.Athlete.userCredentials.roles] for NavigablePath [com.example.trainup.model.user.Athlete.userCredentials.roles] 
2025-07-31 16:26:35.430 [main] DEBUG org.hibernate.orm.sql.ast.create - Registration of TableGroup [org.hibernate.sql.ast.tree.from.LazyTableGroup@7c03a3f5] with identifierForTableGroup [com.example.trainup.model.user.Athlete.userCredentials.roles.{element}] for NavigablePath [com.example.trainup.model.user.Athlete.userCredentials.roles.{element}] 
2025-07-31 16:26:35.430 [main] DEBUG org.hibernate.orm.sql.ast.create - Created new SQL alias : r1_1
2025-07-31 16:26:35.430 [main] DEBUG org.hibernate.orm.results.graph.AST - DomainResult Graph:
 \-EntityResultImpl [com.example.trainup.model.user.Athlete]
 |  +-BasicFetch [com.example.trainup.model.user.Athlete.dateOfBirth]
 |  +-BasicFetch [com.example.trainup.model.user.Athlete.emailPermission]
 |  +-BasicFetch [com.example.trainup.model.user.Athlete.firstName]
 |  +-BasicFetch [com.example.trainup.model.user.Athlete.gender]
 |  +-BasicFetch [com.example.trainup.model.user.Athlete.isDeleted]
 |  +-BasicFetch [com.example.trainup.model.user.Athlete.lastName]
 |  +-DelayedCollectionFetch [com.example.trainup.model.user.Athlete.phoneNumbers]
 |  +-BasicFetch [com.example.trainup.model.user.Athlete.phonePermission]
 |  +-BasicFetch [com.example.trainup.model.user.Athlete.profileImageUrl]
 |  +-DelayedCollectionFetch [com.example.trainup.model.user.Athlete.sports]
 |  \-EntityFetchJoinedImpl [com.example.trainup.model.user.Athlete.userCredentials]
 |  |  +-BasicFetch [com.example.trainup.model.user.Athlete.userCredentials.email]
 |  |  +-BasicFetch [com.example.trainup.model.user.Athlete.userCredentials.isDeleted]
 |  |  +-BasicFetch [com.example.trainup.model.user.Athlete.userCredentials.password]
 |  |  +-EagerCollectionFetch [com.example.trainup.model.user.Athlete.userCredentials.roles]
 |  |  |  \-EntityFetchJoinedImpl [com.example.trainup.model.user.Athlete.userCredentials.roles.{element}]
 |  |  |  |  \-BasicFetch [com.example.trainup.model.user.Athlete.userCredentials.roles.{element}.name]
 |  |  \-BasicFetch [com.example.trainup.model.user.Athlete.userCredentials.userType]

2025-07-31 16:26:35.430 [main] DEBUG org.hibernate.orm.sql.ast.tree - SQL AST Tree:
    SelectStatement {
      FromClause {
        StandardTableGroup (a1 : com.example.trainup.model.user.Athlete) {
          primaryTableReference : athletes as a1_0
          TableGroupJoins {
             join LazyTableGroup (uc1 : com.example.trainup.model.user.Athlete.userCredentials) {
              primaryTableReference : user_credentials as uc1_0
              TableGroupJoins {
                left  join CollectionTableGroup (r1 : com.example.trainup.model.user.Athlete.userCredentials.roles) {
                  primaryTableReference : user_credentials_roles as r1_0
                  TableGroupJoins {
                    left  join LazyTableGroup (r1 : com.example.trainup.model.user.Athlete.userCredentials.roles.{element}) {
                      primaryTableReference : roles as r1_1
                    }
                  }
                }
              }
            }
          }
        }
      }
    }

2025-07-31 16:26:35.431 [main] DEBUG org.hibernate.persister.entity.AbstractEntityPersister - Static SQL for entity: com.example.trainup.model.user.Athlete
2025-07-31 16:26:35.431 [main] DEBUG org.hibernate.persister.entity.AbstractEntityPersister -  Version select: select id from athletes where id=?
2025-07-31 16:26:35.431 [main] DEBUG org.hibernate.persister.entity.AbstractEntityPersister -  Insert (0): insert into athletes (date_of_birth,email_permission,first_name,gender,is_deleted,last_name,phone_permission,profile_image_url,user_credentials_id) values (?,?,?,?,?,?,?,?,?)
2025-07-31 16:26:35.431 [main] DEBUG org.hibernate.persister.entity.AbstractEntityPersister -  Update (0): update athletes set date_of_birth=?,email_permission=?,first_name=?,gender=?,is_deleted=?,last_name=?,phone_permission=?,profile_image_url=?,user_credentials_id=? where id=?
2025-07-31 16:26:35.431 [main] DEBUG org.hibernate.persister.entity.AbstractEntityPersister -  Delete (0): UPDATE athletes SET is_deleted=true WHERE id=?
2025-07-31 16:26:35.431 [main] DEBUG org.hibernate.orm.sql.ast.create - Created new SQL alias : r1_0
2025-07-31 16:26:35.432 [main] DEBUG org.hibernate.orm.sql.ast.create - Registration of TableGroup [StandardTableGroup(com.example.trainup.model.Review)] with identifierForTableGroup [com.example.trainup.model.Review] for NavigablePath [com.example.trainup.model.Review] 
2025-07-31 16:26:35.432 [main] DEBUG org.hibernate.orm.sql.ast.create - Registration of TableGroup [org.hibernate.sql.ast.tree.from.LazyTableGroup@53633321] with identifierForTableGroup [com.example.trainup.model.Review.author] for NavigablePath [com.example.trainup.model.Review.author] 
2025-07-31 16:26:35.432 [main] DEBUG org.hibernate.orm.sql.ast.create - Registration of TableGroup [org.hibernate.sql.ast.tree.from.LazyTableGroup@7431ac04] with identifierForTableGroup [com.example.trainup.model.Review.gym] for NavigablePath [com.example.trainup.model.Review.gym] 
2025-07-31 16:26:35.432 [main] DEBUG org.hibernate.orm.sql.ast.create - Created new SQL alias : g1_0
2025-07-31 16:26:35.432 [main] DEBUG org.hibernate.orm.sql.ast.create - Registration of TableGroup [org.hibernate.sql.ast.tree.from.LazyTableGroup@154ca57c] with identifierForTableGroup [com.example.trainup.model.Review.gym.gymOwner] for NavigablePath [com.example.trainup.model.Review.gym.gymOwner] 
2025-07-31 16:26:35.433 [main] DEBUG org.hibernate.orm.sql.ast.create - Registration of TableGroup [org.hibernate.sql.ast.tree.from.LazyTableGroup@3ba34018] with identifierForTableGroup [com.example.trainup.model.Review.gym.location] for NavigablePath [com.example.trainup.model.Review.gym.location] 
2025-07-31 16:26:35.433 [main] DEBUG org.hibernate.orm.sql.ast.create - Registration of TableGroup [org.hibernate.sql.ast.tree.from.LazyTableGroup@71139676] with identifierForTableGroup [com.example.trainup.model.Review.trainer] for NavigablePath [com.example.trainup.model.Review.trainer] 
2025-07-31 16:26:35.433 [main] DEBUG org.hibernate.orm.sql.ast.create - Created new SQL alias : t1_0
2025-07-31 16:26:35.434 [main] DEBUG org.hibernate.orm.sql.ast.create - Registration of TableGroup [org.hibernate.sql.ast.tree.from.LazyTableGroup@83b55dc] with identifierForTableGroup [com.example.trainup.model.Review.trainer.location] for NavigablePath [com.example.trainup.model.Review.trainer.location] 
2025-07-31 16:26:35.434 [main] DEBUG org.hibernate.orm.sql.ast.create - Registration of TableGroup [org.hibernate.sql.ast.tree.from.LazyTableGroup@78ac66e2] with identifierForTableGroup [com.example.trainup.model.Review.trainer.userCredentials] for NavigablePath [com.example.trainup.model.Review.trainer.userCredentials] 
2025-07-31 16:26:35.434 [main] DEBUG org.hibernate.orm.sql.ast.create - Created new SQL alias : uc1_0
2025-07-31 16:26:35.434 [main] DEBUG org.hibernate.orm.sql.ast.create - Created new SQL alias : r2_0
2025-07-31 16:26:35.435 [main] DEBUG org.hibernate.orm.sql.ast.create - Registration of TableGroup [CollectionTableGroup(com.example.trainup.model.Review.trainer.userCredentials.roles)] with identifierForTableGroup [com.example.trainup.model.Review.trainer.userCredentials.roles] for NavigablePath [com.example.trainup.model.Review.trainer.userCredentials.roles] 
2025-07-31 16:26:35.435 [main] DEBUG org.hibernate.orm.sql.ast.create - Registration of TableGroup [org.hibernate.sql.ast.tree.from.LazyTableGroup@59ae4a6f] with identifierForTableGroup [com.example.trainup.model.Review.trainer.userCredentials.roles.{element}] for NavigablePath [com.example.trainup.model.Review.trainer.userCredentials.roles.{element}] 
2025-07-31 16:26:35.435 [main] DEBUG org.hibernate.orm.sql.ast.create - Created new SQL alias : r2_1
2025-07-31 16:26:35.435 [main] DEBUG org.hibernate.orm.results.graph.AST - DomainResult Graph:
 \-EntityResultImpl [com.example.trainup.model.Review]
 |  +-EntityDelayedFetchImpl [com.example.trainup.model.Review.author]
 |  +-BasicFetch [com.example.trainup.model.Review.description]
 |  +-EntityFetchJoinedImpl [com.example.trainup.model.Review.gym]
 |  |  +-BasicFetch [com.example.trainup.model.Review.gym.description]
 |  |  +-EntityDelayedFetchImpl [com.example.trainup.model.Review.gym.gymOwner]
 |  |  +-BasicFetch [com.example.trainup.model.Review.gym.isDeleted]
 |  |  +-EntityDelayedFetchImpl [com.example.trainup.model.Review.gym.location]
 |  |  +-BasicFetch [com.example.trainup.model.Review.gym.name]
 |  |  +-BasicFetch [com.example.trainup.model.Review.gym.numberOfReviews]
 |  |  +-BasicFetch [com.example.trainup.model.Review.gym.overallRating]
 |  |  +-DelayedCollectionFetch [com.example.trainup.model.Review.gym.phoneNumbers]
 |  |  +-DelayedCollectionFetch [com.example.trainup.model.Review.gym.photos]
 |  |  +-DelayedCollectionFetch [com.example.trainup.model.Review.gym.reviews]
 |  |  +-DelayedCollectionFetch [com.example.trainup.model.Review.gym.sports]
 |  |  +-DelayedCollectionFetch [com.example.trainup.model.Review.gym.trainers]
 |  |  +-BasicFetch [com.example.trainup.model.Review.gym.website]
 |  |  \-DelayedCollectionFetch [com.example.trainup.model.Review.gym.workingHours]
 |  +-BasicFetch [com.example.trainup.model.Review.rating]
 |  \-EntityFetchJoinedImpl [com.example.trainup.model.Review.trainer]
 |  |  +-DelayedCollectionFetch [com.example.trainup.model.Review.trainer.certificates]
 |  |  +-BasicFetch [com.example.trainup.model.Review.trainer.dateOfBirth]
 |  |  +-BasicFetch [com.example.trainup.model.Review.trainer.description]
 |  |  +-BasicFetch [com.example.trainup.model.Review.trainer.firstName]
 |  |  +-BasicFetch [com.example.trainup.model.Review.trainer.gender]
 |  |  +-DelayedCollectionFetch [com.example.trainup.model.Review.trainer.gyms]
 |  |  +-BasicFetch [com.example.trainup.model.Review.trainer.isDeleted]
 |  |  +-BasicFetch [com.example.trainup.model.Review.trainer.lastName]
 |  |  +-EntityDelayedFetchImpl [com.example.trainup.model.Review.trainer.location]
 |  |  +-BasicFetch [com.example.trainup.model.Review.trainer.numberOfReviews]
 |  |  +-BasicFetch [com.example.trainup.model.Review.trainer.onlineTraining]
 |  |  +-BasicFetch [com.example.trainup.model.Review.trainer.overallRating]
 |  |  +-DelayedCollectionFetch [com.example.trainup.model.Review.trainer.phoneNumbers]
 |  |  +-BasicFetch [com.example.trainup.model.Review.trainer.profileImageUrl]
 |  |  +-DelayedCollectionFetch [com.example.trainup.model.Review.trainer.reviews]
 |  |  +-BasicFetch [com.example.trainup.model.Review.trainer.socialMediaLinks]
 |  |  +-DelayedCollectionFetch [com.example.trainup.model.Review.trainer.sports]
 |  |  \-EntityFetchJoinedImpl [com.example.trainup.model.Review.trainer.userCredentials]
 |  |  |  +-BasicFetch [com.example.trainup.model.Review.trainer.userCredentials.email]
 |  |  |  +-BasicFetch [com.example.trainup.model.Review.trainer.userCredentials.isDeleted]
 |  |  |  +-BasicFetch [com.example.trainup.model.Review.trainer.userCredentials.password]
 |  |  |  +-EagerCollectionFetch [com.example.trainup.model.Review.trainer.userCredentials.roles]
 |  |  |  |  \-EntityFetchJoinedImpl [com.example.trainup.model.Review.trainer.userCredentials.roles.{element}]
 |  |  |  |  |  \-BasicFetch [com.example.trainup.model.Review.trainer.userCredentials.roles.{element}.name]
 |  |  |  \-BasicFetch [com.example.trainup.model.Review.trainer.userCredentials.userType]

2025-07-31 16:26:35.436 [main] DEBUG org.hibernate.orm.sql.ast.tree - SQL AST Tree:
    SelectStatement {
      FromClause {
        StandardTableGroup (r1 : com.example.trainup.model.Review) {
          primaryTableReference : reviews as r1_0
          TableGroupJoins {
            left  join LazyTableGroup (a1 : com.example.trainup.model.Review.author) {
            }
            left  join LazyTableGroup (g1 : com.example.trainup.model.Review.gym) {
              primaryTableReference : gyms as g1_0
              TableGroupJoins {
                left  join LazyTableGroup (go1 : com.example.trainup.model.Review.gym.gymOwner) {
                }
                left  join LazyTableGroup (l1 : com.example.trainup.model.Review.gym.location) {
                }
              }
            }
            left  join LazyTableGroup (t1 : com.example.trainup.model.Review.trainer) {
              primaryTableReference : trainers as t1_0
              TableGroupJoins {
                left  join LazyTableGroup (l2 : com.example.trainup.model.Review.trainer.location) {
                }
                left  join LazyTableGroup (uc1 : com.example.trainup.model.Review.trainer.userCredentials) {
                  primaryTableReference : user_credentials as uc1_0
                  TableGroupJoins {
                    left  join CollectionTableGroup (r2 : com.example.trainup.model.Review.trainer.userCredentials.roles) {
                      primaryTableReference : user_credentials_roles as r2_0
                      TableGroupJoins {
                        left  join LazyTableGroup (r2 : com.example.trainup.model.Review.trainer.userCredentials.roles.{element}) {
                          primaryTableReference : roles as r2_1
                        }
                      }
                    }
                  }
                }
              }
            }
          }
        }
      }
    }

2025-07-31 16:26:35.436 [main] DEBUG org.hibernate.persister.entity.AbstractEntityPersister - Static SQL for entity: com.example.trainup.model.Review
2025-07-31 16:26:35.437 [main] DEBUG org.hibernate.persister.entity.AbstractEntityPersister -  Version select: select id from reviews where id=?
2025-07-31 16:26:35.437 [main] DEBUG org.hibernate.persister.entity.AbstractEntityPersister -  Insert (0): insert into reviews (athlete_id,description,gym_id,rating,trainer_id) values (?,?,?,?,?)
2025-07-31 16:26:35.437 [main] DEBUG org.hibernate.persister.entity.AbstractEntityPersister -  Update (0): update reviews set athlete_id=?,description=?,gym_id=?,rating=?,trainer_id=? where id=?
2025-07-31 16:26:35.437 [main] DEBUG org.hibernate.persister.entity.AbstractEntityPersister -  Delete (0): delete from reviews where id=?
2025-07-31 16:26:35.437 [main] DEBUG org.hibernate.orm.sql.ast.create - Created new SQL alias : a1_0
2025-07-31 16:26:35.437 [main] DEBUG org.hibernate.orm.sql.ast.create - Registration of TableGroup [StandardTableGroup(com.example.trainup.model.user.Admin)] with identifierForTableGroup [com.example.trainup.model.user.Admin] for NavigablePath [com.example.trainup.model.user.Admin] 
2025-07-31 16:26:35.438 [main] DEBUG org.hibernate.orm.sql.ast.create - Registration of TableGroup [org.hibernate.sql.ast.tree.from.LazyTableGroup@66a4e1ef] with identifierForTableGroup [com.example.trainup.model.user.Admin.userCredentials] for NavigablePath [com.example.trainup.model.user.Admin.userCredentials] 
2025-07-31 16:26:35.438 [main] DEBUG org.hibernate.orm.sql.ast.create - Created new SQL alias : uc1_0
2025-07-31 16:26:35.438 [main] DEBUG org.hibernate.orm.sql.ast.create - Created new SQL alias : r1_0
2025-07-31 16:26:35.438 [main] DEBUG org.hibernate.orm.sql.ast.create - Registration of TableGroup [CollectionTableGroup(com.example.trainup.model.user.Admin.userCredentials.roles)] with identifierForTableGroup [com.example.trainup.model.user.Admin.userCredentials.roles] for NavigablePath [com.example.trainup.model.user.Admin.userCredentials.roles] 
2025-07-31 16:26:35.438 [main] DEBUG org.hibernate.orm.sql.ast.create - Registration of TableGroup [org.hibernate.sql.ast.tree.from.LazyTableGroup@7d2410af] with identifierForTableGroup [com.example.trainup.model.user.Admin.userCredentials.roles.{element}] for NavigablePath [com.example.trainup.model.user.Admin.userCredentials.roles.{element}] 
2025-07-31 16:26:35.439 [main] DEBUG org.hibernate.orm.sql.ast.create - Created new SQL alias : r1_1
2025-07-31 16:26:35.439 [main] DEBUG org.hibernate.orm.results.graph.AST - DomainResult Graph:
 \-EntityResultImpl [com.example.trainup.model.user.Admin]
 |  +-BasicFetch [com.example.trainup.model.user.Admin.dateOfBirth]
 |  +-BasicFetch [com.example.trainup.model.user.Admin.firstName]
 |  +-BasicFetch [com.example.trainup.model.user.Admin.gender]
 |  +-BasicFetch [com.example.trainup.model.user.Admin.isDeleted]
 |  +-BasicFetch [com.example.trainup.model.user.Admin.lastName]
 |  +-BasicFetch [com.example.trainup.model.user.Admin.profileImageUrl]
 |  \-EntityFetchJoinedImpl [com.example.trainup.model.user.Admin.userCredentials]
 |  |  +-BasicFetch [com.example.trainup.model.user.Admin.userCredentials.email]
 |  |  +-BasicFetch [com.example.trainup.model.user.Admin.userCredentials.isDeleted]
 |  |  +-BasicFetch [com.example.trainup.model.user.Admin.userCredentials.password]
 |  |  +-EagerCollectionFetch [com.example.trainup.model.user.Admin.userCredentials.roles]
 |  |  |  \-EntityFetchJoinedImpl [com.example.trainup.model.user.Admin.userCredentials.roles.{element}]
 |  |  |  |  \-BasicFetch [com.example.trainup.model.user.Admin.userCredentials.roles.{element}.name]
 |  |  \-BasicFetch [com.example.trainup.model.user.Admin.userCredentials.userType]

2025-07-31 16:26:35.439 [main] DEBUG org.hibernate.orm.sql.ast.tree - SQL AST Tree:
    SelectStatement {
      FromClause {
        StandardTableGroup (a1 : com.example.trainup.model.user.Admin) {
          primaryTableReference : admins as a1_0
          TableGroupJoins {
             join LazyTableGroup (uc1 : com.example.trainup.model.user.Admin.userCredentials) {
              primaryTableReference : user_credentials as uc1_0
              TableGroupJoins {
                left  join CollectionTableGroup (r1 : com.example.trainup.model.user.Admin.userCredentials.roles) {
                  primaryTableReference : user_credentials_roles as r1_0
                  TableGroupJoins {
                    left  join LazyTableGroup (r1 : com.example.trainup.model.user.Admin.userCredentials.roles.{element}) {
                      primaryTableReference : roles as r1_1
                    }
                  }
                }
              }
            }
          }
        }
      }
    }

2025-07-31 16:26:35.440 [main] DEBUG org.hibernate.persister.entity.AbstractEntityPersister - Static SQL for entity: com.example.trainup.model.user.Admin
2025-07-31 16:26:35.440 [main] DEBUG org.hibernate.persister.entity.AbstractEntityPersister -  Version select: select id from admins where id=?
2025-07-31 16:26:35.440 [main] DEBUG org.hibernate.persister.entity.AbstractEntityPersister -  Insert (0): insert into admins (date_of_birth,first_name,gender,is_deleted,last_name,profile_image_url,user_credentials_id) values (?,?,?,?,?,?,?)
2025-07-31 16:26:35.440 [main] DEBUG org.hibernate.persister.entity.AbstractEntityPersister -  Update (0): update admins set date_of_birth=?,first_name=?,gender=?,is_deleted=?,last_name=?,profile_image_url=?,user_credentials_id=? where id=?
2025-07-31 16:26:35.440 [main] DEBUG org.hibernate.persister.entity.AbstractEntityPersister -  Delete (0): UPDATE admins SET is_deleted=true WHERE id=?
2025-07-31 16:26:35.440 [main] DEBUG org.hibernate.orm.sql.ast.create - Created new SQL alias : t1_0
2025-07-31 16:26:35.440 [main] DEBUG org.hibernate.orm.sql.ast.create - Registration of TableGroup [StandardTableGroup(com.example.trainup.model.user.Trainer)] with identifierForTableGroup [com.example.trainup.model.user.Trainer] for NavigablePath [com.example.trainup.model.user.Trainer] 
2025-07-31 16:26:35.441 [main] DEBUG org.hibernate.orm.sql.ast.create - Registration of TableGroup [org.hibernate.sql.ast.tree.from.LazyTableGroup@7c039615] with identifierForTableGroup [com.example.trainup.model.user.Trainer.location] for NavigablePath [com.example.trainup.model.user.Trainer.location] 
2025-07-31 16:26:35.441 [main] DEBUG org.hibernate.orm.sql.ast.create - Registration of TableGroup [org.hibernate.sql.ast.tree.from.LazyTableGroup@3d69bbe3] with identifierForTableGroup [com.example.trainup.model.user.Trainer.userCredentials] for NavigablePath [com.example.trainup.model.user.Trainer.userCredentials] 
2025-07-31 16:26:35.441 [main] DEBUG org.hibernate.orm.sql.ast.create - Created new SQL alias : uc1_0
2025-07-31 16:26:35.442 [main] DEBUG org.hibernate.orm.sql.ast.create - Created new SQL alias : r1_0
2025-07-31 16:26:35.442 [main] DEBUG org.hibernate.orm.sql.ast.create - Registration of TableGroup [CollectionTableGroup(com.example.trainup.model.user.Trainer.userCredentials.roles)] with identifierForTableGroup [com.example.trainup.model.user.Trainer.userCredentials.roles] for NavigablePath [com.example.trainup.model.user.Trainer.userCredentials.roles] 
2025-07-31 16:26:35.442 [main] DEBUG org.hibernate.orm.sql.ast.create - Registration of TableGroup [org.hibernate.sql.ast.tree.from.LazyTableGroup@60157589] with identifierForTableGroup [com.example.trainup.model.user.Trainer.userCredentials.roles.{element}] for NavigablePath [com.example.trainup.model.user.Trainer.userCredentials.roles.{element}] 
2025-07-31 16:26:35.442 [main] DEBUG org.hibernate.orm.sql.ast.create - Created new SQL alias : r1_1
2025-07-31 16:26:35.443 [main] DEBUG org.hibernate.orm.results.graph.AST - DomainResult Graph:
 \-EntityResultImpl [com.example.trainup.model.user.Trainer]
 |  +-DelayedCollectionFetch [com.example.trainup.model.user.Trainer.certificates]
 |  +-BasicFetch [com.example.trainup.model.user.Trainer.dateOfBirth]
 |  +-BasicFetch [com.example.trainup.model.user.Trainer.description]
 |  +-BasicFetch [com.example.trainup.model.user.Trainer.firstName]
 |  +-BasicFetch [com.example.trainup.model.user.Trainer.gender]
 |  +-DelayedCollectionFetch [com.example.trainup.model.user.Trainer.gyms]
 |  +-BasicFetch [com.example.trainup.model.user.Trainer.isDeleted]
 |  +-BasicFetch [com.example.trainup.model.user.Trainer.lastName]
 |  +-EntityDelayedFetchImpl [com.example.trainup.model.user.Trainer.location]
 |  +-BasicFetch [com.example.trainup.model.user.Trainer.numberOfReviews]
 |  +-BasicFetch [com.example.trainup.model.user.Trainer.onlineTraining]
 |  +-BasicFetch [com.example.trainup.model.user.Trainer.overallRating]
 |  +-DelayedCollectionFetch [com.example.trainup.model.user.Trainer.phoneNumbers]
 |  +-BasicFetch [com.example.trainup.model.user.Trainer.profileImageUrl]
 |  +-DelayedCollectionFetch [com.example.trainup.model.user.Trainer.reviews]
 |  +-BasicFetch [com.example.trainup.model.user.Trainer.socialMediaLinks]
 |  +-DelayedCollectionFetch [com.example.trainup.model.user.Trainer.sports]
 |  \-EntityFetchJoinedImpl [com.example.trainup.model.user.Trainer.userCredentials]
 |  |  +-BasicFetch [com.example.trainup.model.user.Trainer.userCredentials.email]
 |  |  +-BasicFetch [com.example.trainup.model.user.Trainer.userCredentials.isDeleted]
 |  |  +-BasicFetch [com.example.trainup.model.user.Trainer.userCredentials.password]
 |  |  +-EagerCollectionFetch [com.example.trainup.model.user.Trainer.userCredentials.roles]
 |  |  |  \-EntityFetchJoinedImpl [com.example.trainup.model.user.Trainer.userCredentials.roles.{element}]
 |  |  |  |  \-BasicFetch [com.example.trainup.model.user.Trainer.userCredentials.roles.{element}.name]
 |  |  \-BasicFetch [com.example.trainup.model.user.Trainer.userCredentials.userType]

2025-07-31 16:26:35.443 [main] DEBUG org.hibernate.orm.sql.ast.tree - SQL AST Tree:
    SelectStatement {
      FromClause {
        StandardTableGroup (t1 : com.example.trainup.model.user.Trainer) {
          primaryTableReference : trainers as t1_0
          TableGroupJoins {
            left  join LazyTableGroup (l1 : com.example.trainup.model.user.Trainer.location) {
            }
             join LazyTableGroup (uc1 : com.example.trainup.model.user.Trainer.userCredentials) {
              primaryTableReference : user_credentials as uc1_0
              TableGroupJoins {
                left  join CollectionTableGroup (r1 : com.example.trainup.model.user.Trainer.userCredentials.roles) {
                  primaryTableReference : user_credentials_roles as r1_0
                  TableGroupJoins {
                    left  join LazyTableGroup (r1 : com.example.trainup.model.user.Trainer.userCredentials.roles.{element}) {
                      primaryTableReference : roles as r1_1
                    }
                  }
                }
              }
            }
          }
        }
      }
    }

2025-07-31 16:26:35.443 [main] DEBUG org.hibernate.persister.entity.AbstractEntityPersister - Static SQL for entity: com.example.trainup.model.user.Trainer
2025-07-31 16:26:35.443 [main] DEBUG org.hibernate.persister.entity.AbstractEntityPersister -  Version select: select id from trainers where id=?
2025-07-31 16:26:35.444 [main] DEBUG org.hibernate.persister.entity.AbstractEntityPersister -  Insert (0): insert into trainers (date_of_birth,description,first_name,gender,is_deleted,last_name,address_id,number_of_reviews,online_training,overall_rating,profile_image_url,social_media_links,user_credentials_id) values (?,?,?,?,?,?,?,?,?,?,?,?,?)
2025-07-31 16:26:35.444 [main] DEBUG org.hibernate.persister.entity.AbstractEntityPersister -  Update (0): update trainers set date_of_birth=?,description=?,first_name=?,gender=?,is_deleted=?,last_name=?,address_id=?,number_of_reviews=?,online_training=?,overall_rating=?,profile_image_url=?,social_media_links=?,user_credentials_id=? where id=?
2025-07-31 16:26:35.444 [main] DEBUG org.hibernate.persister.entity.AbstractEntityPersister -  Delete (0): UPDATE trainers SET is_deleted=true WHERE id=?
2025-07-31 16:26:35.444 [main] DEBUG org.hibernate.orm.sql.ast.create - Created new SQL alias : gp1_0
2025-07-31 16:26:35.444 [main] DEBUG org.hibernate.orm.sql.ast.create - Registration of TableGroup [StandardTableGroup(com.example.trainup.model.GymPhoto)] with identifierForTableGroup [com.example.trainup.model.GymPhoto] for NavigablePath [com.example.trainup.model.GymPhoto] 
2025-07-31 16:26:35.444 [main] DEBUG org.hibernate.orm.sql.ast.create - Registration of TableGroup [org.hibernate.sql.ast.tree.from.LazyTableGroup@40f6e092] with identifierForTableGroup [com.example.trainup.model.GymPhoto.gym] for NavigablePath [com.example.trainup.model.GymPhoto.gym] 
2025-07-31 16:26:35.445 [main] DEBUG org.hibernate.orm.results.graph.AST - DomainResult Graph:
 \-EntityResultImpl [com.example.trainup.model.GymPhoto]
 |  +-EntityDelayedFetchImpl [com.example.trainup.model.GymPhoto.gym]
 |  +-BasicFetch [com.example.trainup.model.GymPhoto.imageUrl]
 |  \-BasicFetch [com.example.trainup.model.GymPhoto.isDeleted]

2025-07-31 16:26:35.445 [main] DEBUG org.hibernate.orm.sql.ast.tree - SQL AST Tree:
    SelectStatement {
      FromClause {
        StandardTableGroup (gp1 : com.example.trainup.model.GymPhoto) {
          primaryTableReference : gym_photos as gp1_0
          TableGroupJoins {
            left  join LazyTableGroup (g1 : com.example.trainup.model.GymPhoto.gym) {
            }
          }
        }
      }
    }

2025-07-31 16:26:35.445 [main] DEBUG org.hibernate.persister.entity.AbstractEntityPersister - Static SQL for entity: com.example.trainup.model.GymPhoto
2025-07-31 16:26:35.445 [main] DEBUG org.hibernate.persister.entity.AbstractEntityPersister -  Version select: select id from gym_photos where id=?
2025-07-31 16:26:35.445 [main] DEBUG org.hibernate.persister.entity.AbstractEntityPersister -  Insert (0): insert into gym_photos (gym_id,image_url,is_deleted) values (?,?,?)
2025-07-31 16:26:35.446 [main] DEBUG org.hibernate.persister.entity.AbstractEntityPersister -  Update (0): update gym_photos set gym_id=?,image_url=?,is_deleted=? where id=?
2025-07-31 16:26:35.446 [main] DEBUG org.hibernate.persister.entity.AbstractEntityPersister -  Delete (0): UPDATE gym_photos SET is_deleted=true WHERE id=?
2025-07-31 16:26:35.446 [main] DEBUG org.hibernate.orm.sql.ast.create - Created new SQL alias : s1_0
2025-07-31 16:26:35.446 [main] DEBUG org.hibernate.orm.sql.ast.create - Registration of TableGroup [StandardTableGroup(com.example.trainup.model.Sport)] with identifierForTableGroup [com.example.trainup.model.Sport] for NavigablePath [com.example.trainup.model.Sport] 
2025-07-31 16:26:35.446 [main] DEBUG org.hibernate.orm.results.graph.AST - DomainResult Graph:
 \-EntityResultImpl [com.example.trainup.model.Sport]
 |  +-DelayedCollectionFetch [com.example.trainup.model.Sport.athletes]
 |  +-DelayedCollectionFetch [com.example.trainup.model.Sport.gyms]
 |  +-BasicFetch [com.example.trainup.model.Sport.isDeleted]
 |  +-BasicFetch [com.example.trainup.model.Sport.sportName]
 |  \-DelayedCollectionFetch [com.example.trainup.model.Sport.trainers]

2025-07-31 16:26:35.446 [main] DEBUG org.hibernate.orm.sql.ast.tree - SQL AST Tree:
    SelectStatement {
      FromClause {
        StandardTableGroup (s1 : com.example.trainup.model.Sport) {
          primaryTableReference : sports as s1_0
        }
      }
    }

2025-07-31 16:26:35.447 [main] DEBUG org.hibernate.persister.entity.AbstractEntityPersister - Static SQL for entity: com.example.trainup.model.Sport
2025-07-31 16:26:35.447 [main] DEBUG org.hibernate.persister.entity.AbstractEntityPersister -  Version select: select id from sports where id=?
2025-07-31 16:26:35.447 [main] DEBUG org.hibernate.persister.entity.AbstractEntityPersister -  Insert (0): insert into sports (is_deleted,sport_name) values (?,?)
2025-07-31 16:26:35.447 [main] DEBUG org.hibernate.persister.entity.AbstractEntityPersister -  Update (0): update sports set is_deleted=?,sport_name=? where id=?
2025-07-31 16:26:35.447 [main] DEBUG org.hibernate.persister.entity.AbstractEntityPersister -  Delete (0): UPDATE sports SET is_deleted=true WHERE id=?
2025-07-31 16:26:35.447 [main] DEBUG org.hibernate.orm.sql.ast.create - Created new SQL alias : e1_0
2025-07-31 16:26:35.448 [main] DEBUG org.hibernate.orm.sql.ast.create - Registration of TableGroup [StandardTableGroup(com.example.trainup.model.Event)] with identifierForTableGroup [com.example.trainup.model.Event] for NavigablePath [com.example.trainup.model.Event] 
2025-07-31 16:26:35.448 [main] DEBUG org.hibernate.orm.sql.ast.create - Registration of TableGroup [org.hibernate.sql.ast.tree.from.LazyTableGroup@7a4154c] with identifierForTableGroup [com.example.trainup.model.Event.gym] for NavigablePath [com.example.trainup.model.Event.gym] 
2025-07-31 16:26:35.448 [main] DEBUG org.hibernate.orm.sql.ast.create - Created new SQL alias : g1_0
2025-07-31 16:26:35.448 [main] DEBUG org.hibernate.orm.sql.ast.create - Registration of TableGroup [org.hibernate.sql.ast.tree.from.LazyTableGroup@30cdd6f9] with identifierForTableGroup [com.example.trainup.model.Event.gym.gymOwner] for NavigablePath [com.example.trainup.model.Event.gym.gymOwner] 
2025-07-31 16:26:35.448 [main] DEBUG org.hibernate.orm.sql.ast.create - Registration of TableGroup [org.hibernate.sql.ast.tree.from.LazyTableGroup@581c7611] with identifierForTableGroup [com.example.trainup.model.Event.gym.location] for NavigablePath [com.example.trainup.model.Event.gym.location] 
2025-07-31 16:26:35.449 [main] DEBUG org.hibernate.orm.sql.ast.create - Registration of TableGroup [org.hibernate.sql.ast.tree.from.LazyTableGroup@248cc861] with identifierForTableGroup [com.example.trainup.model.Event.sport] for NavigablePath [com.example.trainup.model.Event.sport] 
2025-07-31 16:26:35.449 [main] DEBUG org.hibernate.orm.sql.ast.create - Registration of TableGroup [org.hibernate.sql.ast.tree.from.LazyTableGroup@325a7c9] with identifierForTableGroup [com.example.trainup.model.Event.trainer] for NavigablePath [com.example.trainup.model.Event.trainer] 
2025-07-31 16:26:35.449 [main] DEBUG org.hibernate.orm.sql.ast.create - Created new SQL alias : t1_0
2025-07-31 16:26:35.450 [main] DEBUG org.hibernate.orm.sql.ast.create - Registration of TableGroup [org.hibernate.sql.ast.tree.from.LazyTableGroup@5d81c34a] with identifierForTableGroup [com.example.trainup.model.Event.trainer.location] for NavigablePath [com.example.trainup.model.Event.trainer.location] 
2025-07-31 16:26:35.450 [main] DEBUG org.hibernate.orm.sql.ast.create - Registration of TableGroup [org.hibernate.sql.ast.tree.from.LazyTableGroup@66968a15] with identifierForTableGroup [com.example.trainup.model.Event.trainer.userCredentials] for NavigablePath [com.example.trainup.model.Event.trainer.userCredentials] 
2025-07-31 16:26:35.450 [main] DEBUG org.hibernate.orm.sql.ast.create - Created new SQL alias : uc1_0
2025-07-31 16:26:35.450 [main] DEBUG org.hibernate.orm.sql.ast.create - Created new SQL alias : r1_0
2025-07-31 16:26:35.451 [main] DEBUG org.hibernate.orm.sql.ast.create - Registration of TableGroup [CollectionTableGroup(com.example.trainup.model.Event.trainer.userCredentials.roles)] with identifierForTableGroup [com.example.trainup.model.Event.trainer.userCredentials.roles] for NavigablePath [com.example.trainup.model.Event.trainer.userCredentials.roles] 
2025-07-31 16:26:35.454 [main] DEBUG org.hibernate.orm.sql.ast.create - Registration of TableGroup [org.hibernate.sql.ast.tree.from.LazyTableGroup@249b8966] with identifierForTableGroup [com.example.trainup.model.Event.trainer.userCredentials.roles.{element}] for NavigablePath [com.example.trainup.model.Event.trainer.userCredentials.roles.{element}] 
2025-07-31 16:26:35.454 [main] DEBUG org.hibernate.orm.sql.ast.create - Created new SQL alias : r1_1
2025-07-31 16:26:35.455 [main] DEBUG org.hibernate.orm.results.graph.AST - DomainResult Graph:
 \-EntityResultImpl [com.example.trainup.model.Event]
 |  +-BasicFetch [com.example.trainup.model.Event.dateTime]
 |  +-BasicFetch [com.example.trainup.model.Event.description]
 |  +-EntityFetchJoinedImpl [com.example.trainup.model.Event.gym]
 |  |  +-BasicFetch [com.example.trainup.model.Event.gym.description]
 |  |  +-EntityDelayedFetchImpl [com.example.trainup.model.Event.gym.gymOwner]
 |  |  +-BasicFetch [com.example.trainup.model.Event.gym.isDeleted]
 |  |  +-EntityDelayedFetchImpl [com.example.trainup.model.Event.gym.location]
 |  |  +-BasicFetch [com.example.trainup.model.Event.gym.name]
 |  |  +-BasicFetch [com.example.trainup.model.Event.gym.numberOfReviews]
 |  |  +-BasicFetch [com.example.trainup.model.Event.gym.overallRating]
 |  |  +-DelayedCollectionFetch [com.example.trainup.model.Event.gym.phoneNumbers]
 |  |  +-DelayedCollectionFetch [com.example.trainup.model.Event.gym.photos]
 |  |  +-DelayedCollectionFetch [com.example.trainup.model.Event.gym.reviews]
 |  |  +-DelayedCollectionFetch [com.example.trainup.model.Event.gym.sports]
 |  |  +-DelayedCollectionFetch [com.example.trainup.model.Event.gym.trainers]
 |  |  +-BasicFetch [com.example.trainup.model.Event.gym.website]
 |  |  \-DelayedCollectionFetch [com.example.trainup.model.Event.gym.workingHours]
 |  +-BasicFetch [com.example.trainup.model.Event.name]
 |  +-EntityDelayedFetchImpl [com.example.trainup.model.Event.sport]
 |  \-EntityFetchJoinedImpl [com.example.trainup.model.Event.trainer]
 |  |  +-DelayedCollectionFetch [com.example.trainup.model.Event.trainer.certificates]
 |  |  +-BasicFetch [com.example.trainup.model.Event.trainer.dateOfBirth]
 |  |  +-BasicFetch [com.example.trainup.model.Event.trainer.description]
 |  |  +-BasicFetch [com.example.trainup.model.Event.trainer.firstName]
 |  |  +-BasicFetch [com.example.trainup.model.Event.trainer.gender]
 |  |  +-DelayedCollectionFetch [com.example.trainup.model.Event.trainer.gyms]
 |  |  +-BasicFetch [com.example.trainup.model.Event.trainer.isDeleted]
 |  |  +-BasicFetch [com.example.trainup.model.Event.trainer.lastName]
 |  |  +-EntityDelayedFetchImpl [com.example.trainup.model.Event.trainer.location]
 |  |  +-BasicFetch [com.example.trainup.model.Event.trainer.numberOfReviews]
 |  |  +-BasicFetch [com.example.trainup.model.Event.trainer.onlineTraining]
 |  |  +-BasicFetch [com.example.trainup.model.Event.trainer.overallRating]
 |  |  +-DelayedCollectionFetch [com.example.trainup.model.Event.trainer.phoneNumbers]
 |  |  +-BasicFetch [com.example.trainup.model.Event.trainer.profileImageUrl]
 |  |  +-DelayedCollectionFetch [com.example.trainup.model.Event.trainer.reviews]
 |  |  +-BasicFetch [com.example.trainup.model.Event.trainer.socialMediaLinks]
 |  |  +-DelayedCollectionFetch [com.example.trainup.model.Event.trainer.sports]
 |  |  \-EntityFetchJoinedImpl [com.example.trainup.model.Event.trainer.userCredentials]
 |  |  |  +-BasicFetch [com.example.trainup.model.Event.trainer.userCredentials.email]
 |  |  |  +-BasicFetch [com.example.trainup.model.Event.trainer.userCredentials.isDeleted]
 |  |  |  +-BasicFetch [com.example.trainup.model.Event.trainer.userCredentials.password]
 |  |  |  +-EagerCollectionFetch [com.example.trainup.model.Event.trainer.userCredentials.roles]
 |  |  |  |  \-EntityFetchJoinedImpl [com.example.trainup.model.Event.trainer.userCredentials.roles.{element}]
 |  |  |  |  |  \-BasicFetch [com.example.trainup.model.Event.trainer.userCredentials.roles.{element}.name]
 |  |  |  \-BasicFetch [com.example.trainup.model.Event.trainer.userCredentials.userType]

2025-07-31 16:26:35.455 [main] DEBUG org.hibernate.orm.sql.ast.tree - SQL AST Tree:
    SelectStatement {
      FromClause {
        StandardTableGroup (e1 : com.example.trainup.model.Event) {
          primaryTableReference : events as e1_0
          TableGroupJoins {
            left  join LazyTableGroup (g1 : com.example.trainup.model.Event.gym) {
              primaryTableReference : gyms as g1_0
              TableGroupJoins {
                left  join LazyTableGroup (go1 : com.example.trainup.model.Event.gym.gymOwner) {
                }
                left  join LazyTableGroup (l1 : com.example.trainup.model.Event.gym.location) {
                }
              }
            }
            left  join LazyTableGroup (s1 : com.example.trainup.model.Event.sport) {
            }
            left  join LazyTableGroup (t1 : com.example.trainup.model.Event.trainer) {
              primaryTableReference : trainers as t1_0
              TableGroupJoins {
                left  join LazyTableGroup (l2 : com.example.trainup.model.Event.trainer.location) {
                }
                left  join LazyTableGroup (uc1 : com.example.trainup.model.Event.trainer.userCredentials) {
                  primaryTableReference : user_credentials as uc1_0
                  TableGroupJoins {
                    left  join CollectionTableGroup (r1 : com.example.trainup.model.Event.trainer.userCredentials.roles) {
                      primaryTableReference : user_credentials_roles as r1_0
                      TableGroupJoins {
                        left  join LazyTableGroup (r1 : com.example.trainup.model.Event.trainer.userCredentials.roles.{element}) {
                          primaryTableReference : roles as r1_1
                        }
                      }
                    }
                  }
                }
              }
            }
          }
        }
      }
    }

2025-07-31 16:26:35.456 [main] DEBUG org.hibernate.persister.entity.AbstractEntityPersister - Static SQL for entity: com.example.trainup.model.Event
2025-07-31 16:26:35.456 [main] DEBUG org.hibernate.persister.entity.AbstractEntityPersister -  Version select: select id from events where id=?
2025-07-31 16:26:35.456 [main] DEBUG org.hibernate.persister.entity.AbstractEntityPersister -  Insert (0): insert into events (date_time,description,gym_id,name,sport_id,trainer_id) values (?,?,?,?,?,?)
2025-07-31 16:26:35.456 [main] DEBUG org.hibernate.persister.entity.AbstractEntityPersister -  Update (0): update events set date_time=?,description=?,gym_id=?,name=?,sport_id=?,trainer_id=? where id=?
2025-07-31 16:26:35.456 [main] DEBUG org.hibernate.persister.entity.AbstractEntityPersister -  Delete (0): delete from events where id=?
2025-07-31 16:26:35.457 [main] DEBUG org.hibernate.orm.sql.ast.create - Created new SQL alias : a1_0
2025-07-31 16:26:35.457 [main] DEBUG org.hibernate.orm.sql.ast.create - Registration of TableGroup [StandardTableGroup(com.example.trainup.model.Address)] with identifierForTableGroup [com.example.trainup.model.Address] for NavigablePath [com.example.trainup.model.Address] 
2025-07-31 16:26:35.457 [main] DEBUG org.hibernate.orm.sql.ast.create - Registration of TableGroup [org.hibernate.sql.ast.tree.from.LazyTableGroup@59e6705f] with identifierForTableGroup [com.example.trainup.model.Address.gym] for NavigablePath [com.example.trainup.model.Address.gym] 
2025-07-31 16:26:35.457 [main] DEBUG org.hibernate.orm.sql.ast.create - Created new SQL alias : g1_0
2025-07-31 16:26:35.458 [main] DEBUG org.hibernate.orm.sql.ast.create - Registration of TableGroup [org.hibernate.sql.ast.tree.from.LazyTableGroup@bf29f54] with identifierForTableGroup [com.example.trainup.model.Address.gym.gymOwner] for NavigablePath [com.example.trainup.model.Address.gym.gymOwner] 
2025-07-31 16:26:35.462 [main] DEBUG org.hibernate.orm.sql.ast.create - Registration of TableGroup [org.hibernate.sql.ast.tree.from.LazyTableGroup@46646e38] with identifierForTableGroup [com.example.trainup.model.Address.gym.location] for NavigablePath [com.example.trainup.model.Address.gym.location] 
2025-07-31 16:26:35.465 [main] DEBUG org.hibernate.orm.results.graph.AST - DomainResult Graph:
 \-EntityResultImpl [com.example.trainup.model.Address]
 |  +-BasicFetch [com.example.trainup.model.Address.city]
 |  +-BasicFetch [com.example.trainup.model.Address.cityDistrict]
 |  +-BasicFetch [com.example.trainup.model.Address.country]
 |  +-EntityFetchJoinedImpl [com.example.trainup.model.Address.gym]
 |  |  +-BasicFetch [com.example.trainup.model.Address.gym.description]
 |  |  +-EntityDelayedFetchImpl [com.example.trainup.model.Address.gym.gymOwner]
 |  |  +-BasicFetch [com.example.trainup.model.Address.gym.isDeleted]
 |  |  +-CircularBiDirectionalFetchImpl [com.example.trainup.model.Address.gym.location]
 |  |  +-BasicFetch [com.example.trainup.model.Address.gym.name]
 |  |  +-BasicFetch [com.example.trainup.model.Address.gym.numberOfReviews]
 |  |  +-BasicFetch [com.example.trainup.model.Address.gym.overallRating]
 |  |  +-DelayedCollectionFetch [com.example.trainup.model.Address.gym.phoneNumbers]
 |  |  +-DelayedCollectionFetch [com.example.trainup.model.Address.gym.photos]
 |  |  +-DelayedCollectionFetch [com.example.trainup.model.Address.gym.reviews]
 |  |  +-DelayedCollectionFetch [com.example.trainup.model.Address.gym.sports]
 |  |  +-DelayedCollectionFetch [com.example.trainup.model.Address.gym.trainers]
 |  |  +-BasicFetch [com.example.trainup.model.Address.gym.website]
 |  |  \-DelayedCollectionFetch [com.example.trainup.model.Address.gym.workingHours]
 |  +-BasicFetch [com.example.trainup.model.Address.house]
 |  +-BasicFetch [com.example.trainup.model.Address.isDeleted]
 |  +-BasicFetch [com.example.trainup.model.Address.street]
 |  \-DelayedCollectionFetch [com.example.trainup.model.Address.trainers]

2025-07-31 16:26:35.465 [main] DEBUG org.hibernate.orm.sql.ast.tree - SQL AST Tree:
    SelectStatement {
      FromClause {
        StandardTableGroup (a1 : com.example.trainup.model.Address) {
          primaryTableReference : addresses as a1_0
          TableGroupJoins {
            left  join LazyTableGroup (g1 : com.example.trainup.model.Address.gym) {
              primaryTableReference : gyms as g1_0
              TableGroupJoins {
                left  join LazyTableGroup (go1 : com.example.trainup.model.Address.gym.gymOwner) {
                }
                left  join LazyTableGroup (l1 : com.example.trainup.model.Address.gym.location) {
                }
              }
            }
          }
        }
      }
    }

2025-07-31 16:26:35.466 [main] DEBUG org.hibernate.persister.entity.AbstractEntityPersister - Static SQL for entity: com.example.trainup.model.Address
2025-07-31 16:26:35.466 [main] DEBUG org.hibernate.persister.entity.AbstractEntityPersister -  Version select: select id from addresses where id=?
2025-07-31 16:26:35.466 [main] DEBUG org.hibernate.persister.entity.AbstractEntityPersister -  Insert (0): insert into addresses (city,city_district,country,house,is_deleted,street) values (?,?,?,?,?,?)
2025-07-31 16:26:35.466 [main] DEBUG org.hibernate.persister.entity.AbstractEntityPersister -  Update (0): update addresses set city=?,city_district=?,country=?,house=?,is_deleted=?,street=? where id=?
2025-07-31 16:26:35.467 [main] DEBUG org.hibernate.persister.entity.AbstractEntityPersister -  Delete (0): UPDATE addresses SET is_deleted=true WHERE id=?
2025-07-31 16:26:35.467 [main] DEBUG org.hibernate.orm.sql.ast.create - Created new SQL alias : r1_0
2025-07-31 16:26:35.467 [main] DEBUG org.hibernate.orm.sql.ast.create - Registration of TableGroup [StandardTableGroup(com.example.trainup.model.Role)] with identifierForTableGroup [com.example.trainup.model.Role] for NavigablePath [com.example.trainup.model.Role] 
2025-07-31 16:26:35.467 [main] DEBUG org.hibernate.orm.results.graph.AST - DomainResult Graph:
 \-EntityResultImpl [com.example.trainup.model.Role]
 |  \-BasicFetch [com.example.trainup.model.Role.name]

2025-07-31 16:26:35.468 [main] DEBUG org.hibernate.orm.sql.ast.tree - SQL AST Tree:
    SelectStatement {
      FromClause {
        StandardTableGroup (r1 : com.example.trainup.model.Role) {
          primaryTableReference : roles as r1_0
        }
      }
    }

2025-07-31 16:26:35.468 [main] DEBUG org.hibernate.persister.entity.AbstractEntityPersister - Static SQL for entity: com.example.trainup.model.Role
2025-07-31 16:26:35.468 [main] DEBUG org.hibernate.persister.entity.AbstractEntityPersister -  Version select: select id from roles where id=?
2025-07-31 16:26:35.468 [main] DEBUG org.hibernate.persister.entity.AbstractEntityPersister -  Insert (0): insert into roles (name) values (?)
2025-07-31 16:26:35.468 [main] DEBUG org.hibernate.persister.entity.AbstractEntityPersister -  Update (0): update roles set name=? where id=?
2025-07-31 16:26:35.469 [main] DEBUG org.hibernate.persister.entity.AbstractEntityPersister -  Delete (0): delete from roles where id=?
2025-07-31 16:26:35.471 [main] DEBUG org.hibernate.orm.sql.ast.create - Created new SQL alias : r1_0
2025-07-31 16:26:35.471 [main] DEBUG org.hibernate.orm.sql.ast.create - Registration of TableGroup [org.hibernate.sql.ast.tree.from.OneToManyTableGroup@483381ea] with identifierForTableGroup [com.example.trainup.model.user.Trainer.reviews] for NavigablePath [com.example.trainup.model.user.Trainer.reviews] 
2025-07-31 16:26:35.471 [main] DEBUG org.hibernate.orm.sql.ast.create - Registration of TableGroup [StandardTableGroup(com.example.trainup.model.user.Trainer.reviews.{element})] with identifierForTableGroup [com.example.trainup.model.user.Trainer.reviews.{element}] for NavigablePath [com.example.trainup.model.user.Trainer.reviews.{element}] 
2025-07-31 16:26:35.474 [main] DEBUG org.hibernate.orm.sql.ast.create - Registration of TableGroup [org.hibernate.sql.ast.tree.from.LazyTableGroup@11478a05] with identifierForTableGroup [com.example.trainup.model.user.Trainer.reviews.{element}.author] for NavigablePath [com.example.trainup.model.user.Trainer.reviews.{element}.author] 
2025-07-31 16:26:35.474 [main] DEBUG org.hibernate.orm.sql.ast.create - Registration of TableGroup [org.hibernate.sql.ast.tree.from.LazyTableGroup@3ed1cff] with identifierForTableGroup [com.example.trainup.model.user.Trainer.reviews.{element}.gym] for NavigablePath [com.example.trainup.model.user.Trainer.reviews.{element}.gym] 
2025-07-31 16:26:35.475 [main] DEBUG org.hibernate.orm.sql.ast.create - Created new SQL alias : g1_0
2025-07-31 16:26:35.475 [main] DEBUG org.hibernate.orm.sql.ast.create - Registration of TableGroup [org.hibernate.sql.ast.tree.from.LazyTableGroup@591e5480] with identifierForTableGroup [com.example.trainup.model.user.Trainer.reviews.{element}.gym.gymOwner] for NavigablePath [com.example.trainup.model.user.Trainer.reviews.{element}.gym.gymOwner] 
2025-07-31 16:26:35.475 [main] DEBUG org.hibernate.orm.sql.ast.create - Registration of TableGroup [org.hibernate.sql.ast.tree.from.LazyTableGroup@754e3050] with identifierForTableGroup [com.example.trainup.model.user.Trainer.reviews.{element}.gym.location] for NavigablePath [com.example.trainup.model.user.Trainer.reviews.{element}.gym.location] 
2025-07-31 16:26:35.476 [main] DEBUG org.hibernate.orm.sql.ast.create - Registration of TableGroup [org.hibernate.sql.ast.tree.from.LazyTableGroup@58f49b5e] with identifierForTableGroup [com.example.trainup.model.user.Trainer.reviews.{element}.trainer] for NavigablePath [com.example.trainup.model.user.Trainer.reviews.{element}.trainer] 
2025-07-31 16:26:35.482 [main] DEBUG org.hibernate.orm.results.graph.AST - DomainResult Graph:
 \-CollectionDomainResult [com.example.trainup.model.user.Trainer.reviews]

2025-07-31 16:26:35.482 [main] DEBUG org.hibernate.orm.sql.ast.tree - SQL AST Tree:
    SelectStatement {
      FromClause {
        OneToManyTableGroup (r1 : com.example.trainup.model.user.Trainer.reviews) {
          primaryTableReference : reviews as r1_0
          TableGroupJoins {
            left  join LazyTableGroup (a1 : com.example.trainup.model.user.Trainer.reviews.{element}.author) {
            }
            left  join LazyTableGroup (g1 : com.example.trainup.model.user.Trainer.reviews.{element}.gym) {
              primaryTableReference : gyms as g1_0
              TableGroupJoins {
                left  join LazyTableGroup (go1 : com.example.trainup.model.user.Trainer.reviews.{element}.gym.gymOwner) {
                }
                left  join LazyTableGroup (l1 : com.example.trainup.model.user.Trainer.reviews.{element}.gym.location) {
                }
              }
            }
            left  join LazyTableGroup (t1 : com.example.trainup.model.user.Trainer.reviews.{element}.trainer) {
            }
          }
        }
      }
    }

2025-07-31 16:26:35.482 [main] DEBUG org.hibernate.orm.jdbc.mutation - Static SQL for collection: com.example.trainup.model.user.Trainer.reviews
2025-07-31 16:26:35.483 [main] DEBUG org.hibernate.orm.sql.ast.create - Created new SQL alias : t1_0
2025-07-31 16:26:35.483 [main] DEBUG org.hibernate.orm.sql.ast.create - Registration of TableGroup [CollectionTableGroup(com.example.trainup.model.Sport.trainers)] with identifierForTableGroup [com.example.trainup.model.Sport.trainers] for NavigablePath [com.example.trainup.model.Sport.trainers] 
2025-07-31 16:26:35.483 [main] DEBUG org.hibernate.orm.sql.ast.create - Registration of TableGroup [org.hibernate.sql.ast.tree.from.LazyTableGroup@7efceb57] with identifierForTableGroup [com.example.trainup.model.Sport.trainers.{element}] for NavigablePath [com.example.trainup.model.Sport.trainers.{element}] 
2025-07-31 16:26:35.483 [main] DEBUG org.hibernate.orm.sql.ast.create - Created new SQL alias : t1_1
2025-07-31 16:26:35.484 [main] DEBUG org.hibernate.orm.sql.ast.create - Registration of TableGroup [org.hibernate.sql.ast.tree.from.LazyTableGroup@677f0c19] with identifierForTableGroup [com.example.trainup.model.Sport.trainers.{element}.location] for NavigablePath [com.example.trainup.model.Sport.trainers.{element}.location] 
2025-07-31 16:26:35.485 [main] DEBUG org.hibernate.orm.sql.ast.create - Registration of TableGroup [org.hibernate.sql.ast.tree.from.LazyTableGroup@129294c3] with identifierForTableGroup [com.example.trainup.model.Sport.trainers.{element}.userCredentials] for NavigablePath [com.example.trainup.model.Sport.trainers.{element}.userCredentials] 
2025-07-31 16:26:35.485 [main] DEBUG org.hibernate.orm.sql.ast.create - Created new SQL alias : uc1_0
2025-07-31 16:26:35.485 [main] DEBUG org.hibernate.orm.sql.ast.create - Created new SQL alias : r1_0
2025-07-31 16:26:35.485 [main] DEBUG org.hibernate.orm.sql.ast.create - Registration of TableGroup [CollectionTableGroup(com.example.trainup.model.Sport.trainers.{element}.userCredentials.roles)] with identifierForTableGroup [com.example.trainup.model.Sport.trainers.{element}.userCredentials.roles] for NavigablePath [com.example.trainup.model.Sport.trainers.{element}.userCredentials.roles] 
2025-07-31 16:26:35.486 [main] DEBUG org.hibernate.orm.sql.ast.create - Registration of TableGroup [org.hibernate.sql.ast.tree.from.LazyTableGroup@4ca5eb61] with identifierForTableGroup [com.example.trainup.model.Sport.trainers.{element}.userCredentials.roles.{element}] for NavigablePath [com.example.trainup.model.Sport.trainers.{element}.userCredentials.roles.{element}] 
2025-07-31 16:26:35.486 [main] DEBUG org.hibernate.orm.sql.ast.create - Created new SQL alias : r1_1
2025-07-31 16:26:35.486 [main] DEBUG org.hibernate.orm.results.graph.AST - DomainResult Graph:
 \-CollectionDomainResult [com.example.trainup.model.Sport.trainers]

2025-07-31 16:26:35.486 [main] DEBUG org.hibernate.orm.sql.ast.tree - SQL AST Tree:
    SelectStatement {
      FromClause {
        CollectionTableGroup (t1 : com.example.trainup.model.Sport.trainers) {
          primaryTableReference : sports_trainers as t1_0
          TableGroupJoins {
             join LazyTableGroup (t1 : com.example.trainup.model.Sport.trainers.{element}) {
              primaryTableReference : trainers as t1_1
              TableGroupJoins {
                left  join LazyTableGroup (l1 : com.example.trainup.model.Sport.trainers.{element}.location) {
                }
                left  join LazyTableGroup (uc1 : com.example.trainup.model.Sport.trainers.{element}.userCredentials) {
                  primaryTableReference : user_credentials as uc1_0
                  TableGroupJoins {
                    left  join CollectionTableGroup (r1 : com.example.trainup.model.Sport.trainers.{element}.userCredentials.roles) {
                      primaryTableReference : user_credentials_roles as r1_0
                      TableGroupJoins {
                        left  join LazyTableGroup (r1 : com.example.trainup.model.Sport.trainers.{element}.userCredentials.roles.{element}) {
                          primaryTableReference : roles as r1_1
                        }
                      }
                    }
                  }
                }
              }
            }
          }
        }
      }
    }

2025-07-31 16:26:35.487 [main] DEBUG org.hibernate.orm.jdbc.mutation - Static SQL for collection: com.example.trainup.model.Sport.trainers
2025-07-31 16:26:35.487 [main] DEBUG org.hibernate.orm.sql.ast.create - Created new SQL alias : p1_0
2025-07-31 16:26:35.487 [main] DEBUG org.hibernate.orm.sql.ast.create - Registration of TableGroup [org.hibernate.sql.ast.tree.from.OneToManyTableGroup@4a1ac68f] with identifierForTableGroup [com.example.trainup.model.Gym.photos] for NavigablePath [com.example.trainup.model.Gym.photos] 
2025-07-31 16:26:35.487 [main] DEBUG org.hibernate.orm.sql.ast.create - Registration of TableGroup [StandardTableGroup(com.example.trainup.model.Gym.photos.{element})] with identifierForTableGroup [com.example.trainup.model.Gym.photos.{element}] for NavigablePath [com.example.trainup.model.Gym.photos.{element}] 
2025-07-31 16:26:35.487 [main] DEBUG org.hibernate.orm.sql.ast.create - Registration of TableGroup [org.hibernate.sql.ast.tree.from.LazyTableGroup@4ca87783] with identifierForTableGroup [com.example.trainup.model.Gym.photos.{element}.gym] for NavigablePath [com.example.trainup.model.Gym.photos.{element}.gym] 
2025-07-31 16:26:35.488 [main] DEBUG org.hibernate.orm.results.graph.AST - DomainResult Graph:
 \-CollectionDomainResult [com.example.trainup.model.Gym.photos]

2025-07-31 16:26:35.488 [main] DEBUG org.hibernate.orm.sql.ast.tree - SQL AST Tree:
    SelectStatement {
      FromClause {
        OneToManyTableGroup (p1 : com.example.trainup.model.Gym.photos) {
          primaryTableReference : gym_photos as p1_0
          TableGroupJoins {
            left  join LazyTableGroup (g1 : com.example.trainup.model.Gym.photos.{element}.gym) {
            }
          }
        }
      }
    }

2025-07-31 16:26:35.488 [main] DEBUG org.hibernate.orm.jdbc.mutation - Static SQL for collection: com.example.trainup.model.Gym.photos
2025-07-31 16:26:35.488 [main] DEBUG org.hibernate.orm.sql.ast.create - Created new SQL alias : r1_0
2025-07-31 16:26:35.488 [main] DEBUG org.hibernate.orm.sql.ast.create - Registration of TableGroup [org.hibernate.sql.ast.tree.from.OneToManyTableGroup@2a155c1c] with identifierForTableGroup [com.example.trainup.model.Gym.reviews] for NavigablePath [com.example.trainup.model.Gym.reviews] 
2025-07-31 16:26:35.488 [main] DEBUG org.hibernate.orm.sql.ast.create - Registration of TableGroup [StandardTableGroup(com.example.trainup.model.Gym.reviews.{element})] with identifierForTableGroup [com.example.trainup.model.Gym.reviews.{element}] for NavigablePath [com.example.trainup.model.Gym.reviews.{element}] 
2025-07-31 16:26:35.489 [main] DEBUG org.hibernate.orm.sql.ast.create - Registration of TableGroup [org.hibernate.sql.ast.tree.from.LazyTableGroup@36a7c96f] with identifierForTableGroup [com.example.trainup.model.Gym.reviews.{element}.author] for NavigablePath [com.example.trainup.model.Gym.reviews.{element}.author] 
2025-07-31 16:26:35.489 [main] DEBUG org.hibernate.orm.sql.ast.create - Registration of TableGroup [org.hibernate.sql.ast.tree.from.LazyTableGroup@393ca457] with identifierForTableGroup [com.example.trainup.model.Gym.reviews.{element}.gym] for NavigablePath [com.example.trainup.model.Gym.reviews.{element}.gym] 
2025-07-31 16:26:35.489 [main] DEBUG org.hibernate.orm.sql.ast.create - Registration of TableGroup [org.hibernate.sql.ast.tree.from.LazyTableGroup@3d91d937] with identifierForTableGroup [com.example.trainup.model.Gym.reviews.{element}.trainer] for NavigablePath [com.example.trainup.model.Gym.reviews.{element}.trainer] 
2025-07-31 16:26:35.490 [main] DEBUG org.hibernate.orm.sql.ast.create - Created new SQL alias : t1_0
2025-07-31 16:26:35.490 [main] DEBUG org.hibernate.orm.sql.ast.create - Registration of TableGroup [org.hibernate.sql.ast.tree.from.LazyTableGroup@3de49725] with identifierForTableGroup [com.example.trainup.model.Gym.reviews.{element}.trainer.location] for NavigablePath [com.example.trainup.model.Gym.reviews.{element}.trainer.location] 
2025-07-31 16:26:35.490 [main] DEBUG org.hibernate.orm.sql.ast.create - Registration of TableGroup [org.hibernate.sql.ast.tree.from.LazyTableGroup@3580dd47] with identifierForTableGroup [com.example.trainup.model.Gym.reviews.{element}.trainer.userCredentials] for NavigablePath [com.example.trainup.model.Gym.reviews.{element}.trainer.userCredentials] 
2025-07-31 16:26:35.490 [main] DEBUG org.hibernate.orm.sql.ast.create - Created new SQL alias : uc1_0
2025-07-31 16:26:35.492 [main] DEBUG org.hibernate.orm.results.graph.AST - DomainResult Graph:
 \-CollectionDomainResult [com.example.trainup.model.Gym.reviews]

2025-07-31 16:26:35.494 [main] DEBUG org.hibernate.orm.sql.ast.tree - SQL AST Tree:
    SelectStatement {
      FromClause {
        OneToManyTableGroup (r1 : com.example.trainup.model.Gym.reviews) {
          primaryTableReference : reviews as r1_0
          TableGroupJoins {
            left  join LazyTableGroup (a1 : com.example.trainup.model.Gym.reviews.{element}.author) {
            }
            left  join LazyTableGroup (g1 : com.example.trainup.model.Gym.reviews.{element}.gym) {
            }
            left  join LazyTableGroup (t1 : com.example.trainup.model.Gym.reviews.{element}.trainer) {
              primaryTableReference : trainers as t1_0
              TableGroupJoins {
                left  join LazyTableGroup (l1 : com.example.trainup.model.Gym.reviews.{element}.trainer.location) {
                }
                left  join LazyTableGroup (uc1 : com.example.trainup.model.Gym.reviews.{element}.trainer.userCredentials) {
                  primaryTableReference : user_credentials as uc1_0
                }
              }
            }
          }
        }
      }
    }

2025-07-31 16:26:35.494 [main] DEBUG org.hibernate.orm.jdbc.mutation - Static SQL for collection: com.example.trainup.model.Gym.reviews
2025-07-31 16:26:35.494 [main] DEBUG org.hibernate.orm.sql.ast.create - Created new SQL alias : pn1_0
2025-07-31 16:26:35.494 [main] DEBUG org.hibernate.orm.sql.ast.create - Registration of TableGroup [CollectionTableGroup(com.example.trainup.model.Gym.phoneNumbers)] with identifierForTableGroup [com.example.trainup.model.Gym.phoneNumbers] for NavigablePath [com.example.trainup.model.Gym.phoneNumbers] 
2025-07-31 16:26:35.498 [main] DEBUG org.hibernate.orm.results - Generating Fetch for collection-part : `com.example.trainup.model.Gym.phoneNumbers` -> `{element}`
2025-07-31 16:26:35.499 [main] DEBUG org.hibernate.orm.results.graph.AST - DomainResult Graph:
 \-CollectionDomainResult [com.example.trainup.model.Gym.phoneNumbers]

2025-07-31 16:26:35.499 [main] DEBUG org.hibernate.orm.sql.ast.tree - SQL AST Tree:
    SelectStatement {
      FromClause {
        CollectionTableGroup (pn1 : com.example.trainup.model.Gym.phoneNumbers) {
          primaryTableReference : gym_phone_numbers as pn1_0
        }
      }
    }

2025-07-31 16:26:35.499 [main] DEBUG org.hibernate.orm.jdbc.mutation - Static SQL for collection: com.example.trainup.model.Gym.phoneNumbers
2025-07-31 16:26:35.499 [main] DEBUG org.hibernate.orm.jdbc.mutation -  Row insert: insert into gym_phone_numbers (gym_id,phone_numbers) values (?,?)
2025-07-31 16:26:35.502 [main] DEBUG org.hibernate.orm.jdbc.mutation -  Row delete: delete from gym_phone_numbers where gym_id=? and phone_numbers=?
2025-07-31 16:26:35.503 [main] DEBUG org.hibernate.orm.jdbc.mutation -  One-shot delete: delete from gym_phone_numbers where gym_id=?
2025-07-31 16:26:35.504 [main] DEBUG org.hibernate.orm.sql.ast.create - Created new SQL alias : og1_0
2025-07-31 16:26:35.504 [main] DEBUG org.hibernate.orm.sql.ast.create - Registration of TableGroup [org.hibernate.sql.ast.tree.from.OneToManyTableGroup@456454e0] with identifierForTableGroup [com.example.trainup.model.user.GymOwner.ownedGyms] for NavigablePath [com.example.trainup.model.user.GymOwner.ownedGyms] 
2025-07-31 16:26:35.504 [main] DEBUG org.hibernate.orm.sql.ast.create - Registration of TableGroup [StandardTableGroup(com.example.trainup.model.user.GymOwner.ownedGyms.{element})] with identifierForTableGroup [com.example.trainup.model.user.GymOwner.ownedGyms.{element}] for NavigablePath [com.example.trainup.model.user.GymOwner.ownedGyms.{element}] 
2025-07-31 16:26:35.505 [main] DEBUG org.hibernate.orm.sql.ast.create - Registration of TableGroup [org.hibernate.sql.ast.tree.from.LazyTableGroup@6586b4e3] with identifierForTableGroup [com.example.trainup.model.user.GymOwner.ownedGyms.{element}.gymOwner] for NavigablePath [com.example.trainup.model.user.GymOwner.ownedGyms.{element}.gymOwner] 
2025-07-31 16:26:35.505 [main] DEBUG org.hibernate.orm.sql.ast.create - Registration of TableGroup [org.hibernate.sql.ast.tree.from.LazyTableGroup@40340243] with identifierForTableGroup [com.example.trainup.model.user.GymOwner.ownedGyms.{element}.location] for NavigablePath [com.example.trainup.model.user.GymOwner.ownedGyms.{element}.location] 
2025-07-31 16:26:35.505 [main] DEBUG org.hibernate.orm.results.graph.AST - DomainResult Graph:
 \-CollectionDomainResult [com.example.trainup.model.user.GymOwner.ownedGyms]

2025-07-31 16:26:35.505 [main] DEBUG org.hibernate.orm.sql.ast.tree - SQL AST Tree:
    SelectStatement {
      FromClause {
        OneToManyTableGroup (og1 : com.example.trainup.model.user.GymOwner.ownedGyms) {
          primaryTableReference : gyms as og1_0
          TableGroupJoins {
            left  join LazyTableGroup (go1 : com.example.trainup.model.user.GymOwner.ownedGyms.{element}.gymOwner) {
            }
            left  join LazyTableGroup (l1 : com.example.trainup.model.user.GymOwner.ownedGyms.{element}.location) {
            }
          }
        }
      }
    }

2025-07-31 16:26:35.506 [main] DEBUG org.hibernate.orm.jdbc.mutation - Static SQL for collection: com.example.trainup.model.user.GymOwner.ownedGyms
2025-07-31 16:26:35.506 [main] DEBUG org.hibernate.orm.sql.ast.create - Created new SQL alias : r1_0
2025-07-31 16:26:35.506 [main] DEBUG org.hibernate.orm.sql.ast.create - Registration of TableGroup [CollectionTableGroup(com.example.trainup.model.user.UserCredentials.roles)] with identifierForTableGroup [com.example.trainup.model.user.UserCredentials.roles] for NavigablePath [com.example.trainup.model.user.UserCredentials.roles] 
2025-07-31 16:26:35.506 [main] DEBUG org.hibernate.orm.sql.ast.create - Registration of TableGroup [org.hibernate.sql.ast.tree.from.LazyTableGroup@2839ac4c] with identifierForTableGroup [com.example.trainup.model.user.UserCredentials.roles.{element}] for NavigablePath [com.example.trainup.model.user.UserCredentials.roles.{element}] 
2025-07-31 16:26:35.506 [main] DEBUG org.hibernate.orm.sql.ast.create - Created new SQL alias : r1_1
2025-07-31 16:26:35.507 [main] DEBUG org.hibernate.orm.results.graph.AST - DomainResult Graph:
 \-CollectionDomainResult [com.example.trainup.model.user.UserCredentials.roles]

2025-07-31 16:26:35.507 [main] DEBUG org.hibernate.orm.sql.ast.tree - SQL AST Tree:
    SelectStatement {
      FromClause {
        CollectionTableGroup (r1 : com.example.trainup.model.user.UserCredentials.roles) {
          primaryTableReference : user_credentials_roles as r1_0
          TableGroupJoins {
             join LazyTableGroup (r1 : com.example.trainup.model.user.UserCredentials.roles.{element}) {
              primaryTableReference : roles as r1_1
            }
          }
        }
      }
    }

2025-07-31 16:26:35.507 [main] DEBUG org.hibernate.orm.jdbc.mutation - Static SQL for collection: com.example.trainup.model.user.UserCredentials.roles
2025-07-31 16:26:35.508 [main] DEBUG org.hibernate.orm.jdbc.mutation -  Row insert: insert into user_credentials_roles (user_credentials_id,role_id) values (?,?)
2025-07-31 16:26:35.508 [main] DEBUG org.hibernate.orm.jdbc.mutation -  Row delete: delete from user_credentials_roles where user_credentials_id=? and role_id=?
2025-07-31 16:26:35.509 [main] DEBUG org.hibernate.orm.jdbc.mutation -  One-shot delete: delete from user_credentials_roles where user_credentials_id=?
2025-07-31 16:26:35.509 [main] DEBUG org.hibernate.orm.sql.ast.create - Created new SQL alias : a1_0
2025-07-31 16:26:35.509 [main] DEBUG org.hibernate.orm.sql.ast.create - Registration of TableGroup [CollectionTableGroup(com.example.trainup.model.Sport.athletes)] with identifierForTableGroup [com.example.trainup.model.Sport.athletes] for NavigablePath [com.example.trainup.model.Sport.athletes] 
2025-07-31 16:26:35.509 [main] DEBUG org.hibernate.orm.sql.ast.create - Registration of TableGroup [org.hibernate.sql.ast.tree.from.LazyTableGroup@13126d46] with identifierForTableGroup [com.example.trainup.model.Sport.athletes.{element}] for NavigablePath [com.example.trainup.model.Sport.athletes.{element}] 
2025-07-31 16:26:35.509 [main] DEBUG org.hibernate.orm.sql.ast.create - Created new SQL alias : a1_1
2025-07-31 16:26:35.510 [main] DEBUG org.hibernate.orm.sql.ast.create - Registration of TableGroup [org.hibernate.sql.ast.tree.from.LazyTableGroup@53c1792d] with identifierForTableGroup [com.example.trainup.model.Sport.athletes.{element}.userCredentials] for NavigablePath [com.example.trainup.model.Sport.athletes.{element}.userCredentials] 
2025-07-31 16:26:35.510 [main] DEBUG org.hibernate.orm.sql.ast.create - Created new SQL alias : uc1_0
2025-07-31 16:26:35.510 [main] DEBUG org.hibernate.orm.sql.ast.create - Created new SQL alias : r1_0
2025-07-31 16:26:35.510 [main] DEBUG org.hibernate.orm.sql.ast.create - Registration of TableGroup [CollectionTableGroup(com.example.trainup.model.Sport.athletes.{element}.userCredentials.roles)] with identifierForTableGroup [com.example.trainup.model.Sport.athletes.{element}.userCredentials.roles] for NavigablePath [com.example.trainup.model.Sport.athletes.{element}.userCredentials.roles] 
2025-07-31 16:26:35.511 [main] DEBUG org.hibernate.orm.sql.ast.create - Registration of TableGroup [org.hibernate.sql.ast.tree.from.LazyTableGroup@14922268] with identifierForTableGroup [com.example.trainup.model.Sport.athletes.{element}.userCredentials.roles.{element}] for NavigablePath [com.example.trainup.model.Sport.athletes.{element}.userCredentials.roles.{element}] 
2025-07-31 16:26:35.511 [main] DEBUG org.hibernate.orm.sql.ast.create - Created new SQL alias : r1_1
2025-07-31 16:26:35.511 [main] DEBUG org.hibernate.orm.results.graph.AST - DomainResult Graph:
 \-CollectionDomainResult [com.example.trainup.model.Sport.athletes]

2025-07-31 16:26:35.511 [main] DEBUG org.hibernate.orm.sql.ast.tree - SQL AST Tree:
    SelectStatement {
      FromClause {
        CollectionTableGroup (a1 : com.example.trainup.model.Sport.athletes) {
          primaryTableReference : sports_athletes as a1_0
          TableGroupJoins {
             join LazyTableGroup (a1 : com.example.trainup.model.Sport.athletes.{element}) {
              primaryTableReference : athletes as a1_1
              TableGroupJoins {
                left  join LazyTableGroup (uc1 : com.example.trainup.model.Sport.athletes.{element}.userCredentials) {
                  primaryTableReference : user_credentials as uc1_0
                  TableGroupJoins {
                    left  join CollectionTableGroup (r1 : com.example.trainup.model.Sport.athletes.{element}.userCredentials.roles) {
                      primaryTableReference : user_credentials_roles as r1_0
                      TableGroupJoins {
                        left  join LazyTableGroup (r1 : com.example.trainup.model.Sport.athletes.{element}.userCredentials.roles.{element}) {
                          primaryTableReference : roles as r1_1
                        }
                      }
                    }
                  }
                }
              }
            }
          }
        }
      }
    }

2025-07-31 16:26:35.512 [main] DEBUG org.hibernate.orm.jdbc.mutation - Static SQL for collection: com.example.trainup.model.Sport.athletes
2025-07-31 16:26:35.512 [main] DEBUG org.hibernate.orm.jdbc.mutation -  Row insert: insert into sports_athletes (sport_id,athlete_id) values (?,?)
2025-07-31 16:26:35.512 [main] DEBUG org.hibernate.orm.jdbc.mutation -  Row delete: delete from sports_athletes where sport_id=? and athlete_id=?
2025-07-31 16:26:35.512 [main] DEBUG org.hibernate.orm.jdbc.mutation -  One-shot delete: delete from sports_athletes where sport_id=?
2025-07-31 16:26:35.512 [main] DEBUG org.hibernate.orm.sql.ast.create - Created new SQL alias : s1_0
2025-07-31 16:26:35.512 [main] DEBUG org.hibernate.orm.sql.ast.create - Registration of TableGroup [CollectionTableGroup(com.example.trainup.model.user.Athlete.sports)] with identifierForTableGroup [com.example.trainup.model.user.Athlete.sports] for NavigablePath [com.example.trainup.model.user.Athlete.sports] 
2025-07-31 16:26:35.513 [main] DEBUG org.hibernate.orm.sql.ast.create - Registration of TableGroup [org.hibernate.sql.ast.tree.from.LazyTableGroup@18681121] with identifierForTableGroup [com.example.trainup.model.user.Athlete.sports.{element}] for NavigablePath [com.example.trainup.model.user.Athlete.sports.{element}] 
2025-07-31 16:26:35.513 [main] DEBUG org.hibernate.orm.sql.ast.create - Created new SQL alias : s1_1
2025-07-31 16:26:35.513 [main] DEBUG org.hibernate.orm.results.graph.AST - DomainResult Graph:
 \-CollectionDomainResult [com.example.trainup.model.user.Athlete.sports]

2025-07-31 16:26:35.513 [main] DEBUG org.hibernate.orm.sql.ast.tree - SQL AST Tree:
    SelectStatement {
      FromClause {
        CollectionTableGroup (s1 : com.example.trainup.model.user.Athlete.sports) {
          primaryTableReference : sports_athletes as s1_0
          TableGroupJoins {
             join LazyTableGroup (s1 : com.example.trainup.model.user.Athlete.sports.{element}) {
              primaryTableReference : sports as s1_1
            }
          }
        }
      }
    }

2025-07-31 16:26:35.514 [main] DEBUG org.hibernate.orm.jdbc.mutation - Static SQL for collection: com.example.trainup.model.user.Athlete.sports
2025-07-31 16:26:35.514 [main] DEBUG org.hibernate.orm.sql.ast.create - Created new SQL alias : pn1_0
2025-07-31 16:26:35.514 [main] DEBUG org.hibernate.orm.sql.ast.create - Registration of TableGroup [CollectionTableGroup(com.example.trainup.model.user.Trainer.phoneNumbers)] with identifierForTableGroup [com.example.trainup.model.user.Trainer.phoneNumbers] for NavigablePath [com.example.trainup.model.user.Trainer.phoneNumbers] 
2025-07-31 16:26:35.514 [main] DEBUG org.hibernate.orm.results - Generating Fetch for collection-part : `com.example.trainup.model.user.Trainer.phoneNumbers` -> `{element}`
2025-07-31 16:26:35.515 [main] DEBUG org.hibernate.orm.results.graph.AST - DomainResult Graph:
 \-CollectionDomainResult [com.example.trainup.model.user.Trainer.phoneNumbers]

2025-07-31 16:26:35.515 [main] DEBUG org.hibernate.orm.sql.ast.tree - SQL AST Tree:
    SelectStatement {
      FromClause {
        CollectionTableGroup (pn1 : com.example.trainup.model.user.Trainer.phoneNumbers) {
          primaryTableReference : trainer_phone_numbers as pn1_0
        }
      }
    }

2025-07-31 16:26:35.515 [main] DEBUG org.hibernate.orm.jdbc.mutation - Static SQL for collection: com.example.trainup.model.user.Trainer.phoneNumbers
2025-07-31 16:26:35.515 [main] DEBUG org.hibernate.orm.jdbc.mutation -  Row insert: insert into trainer_phone_numbers (trainer_id,phone_numbers) values (?,?)
2025-07-31 16:26:35.515 [main] DEBUG org.hibernate.orm.jdbc.mutation -  Row delete: delete from trainer_phone_numbers where trainer_id=? and phone_numbers=?
2025-07-31 16:26:35.515 [main] DEBUG org.hibernate.orm.jdbc.mutation -  One-shot delete: delete from trainer_phone_numbers where trainer_id=?
2025-07-31 16:26:35.516 [main] DEBUG org.hibernate.orm.sql.ast.create - Created new SQL alias : pn1_0
2025-07-31 16:26:35.516 [main] DEBUG org.hibernate.orm.sql.ast.create - Registration of TableGroup [CollectionTableGroup(com.example.trainup.model.user.Athlete.phoneNumbers)] with identifierForTableGroup [com.example.trainup.model.user.Athlete.phoneNumbers] for NavigablePath [com.example.trainup.model.user.Athlete.phoneNumbers] 
2025-07-31 16:26:35.516 [main] DEBUG org.hibernate.orm.results - Generating Fetch for collection-part : `com.example.trainup.model.user.Athlete.phoneNumbers` -> `{element}`
2025-07-31 16:26:35.516 [main] DEBUG org.hibernate.orm.results.graph.AST - DomainResult Graph:
 \-CollectionDomainResult [com.example.trainup.model.user.Athlete.phoneNumbers]

2025-07-31 16:26:35.516 [main] DEBUG org.hibernate.orm.sql.ast.tree - SQL AST Tree:
    SelectStatement {
      FromClause {
        CollectionTableGroup (pn1 : com.example.trainup.model.user.Athlete.phoneNumbers) {
          primaryTableReference : athlete_phone_numbers as pn1_0
        }
      }
    }

2025-07-31 16:26:35.516 [main] DEBUG org.hibernate.orm.jdbc.mutation - Static SQL for collection: com.example.trainup.model.user.Athlete.phoneNumbers
2025-07-31 16:26:35.517 [main] DEBUG org.hibernate.orm.jdbc.mutation -  Row insert: insert into athlete_phone_numbers (athlete_id,phone_numbers) values (?,?)
2025-07-31 16:26:35.517 [main] DEBUG org.hibernate.orm.jdbc.mutation -  Row delete: delete from athlete_phone_numbers where athlete_id=? and phone_numbers=?
2025-07-31 16:26:35.517 [main] DEBUG org.hibernate.orm.jdbc.mutation -  One-shot delete: delete from athlete_phone_numbers where athlete_id=?
2025-07-31 16:26:35.517 [main] DEBUG org.hibernate.orm.sql.ast.create - Created new SQL alias : wh1_0
2025-07-31 16:26:35.520 [main] DEBUG org.hibernate.orm.sql.ast.create - Registration of TableGroup [CollectionTableGroup(com.example.trainup.model.Gym.workingHours)] with identifierForTableGroup [com.example.trainup.model.Gym.workingHours] for NavigablePath [com.example.trainup.model.Gym.workingHours] 
2025-07-31 16:26:35.521 [main] DEBUG org.hibernate.orm.sql.ast.create - Registration of TableGroup [StandardVirtualTableGroup(com.example.trainup.model.Gym.workingHours.{element})] with identifierForTableGroup [com.example.trainup.model.Gym.workingHours.{element}] for NavigablePath [com.example.trainup.model.Gym.workingHours.{element}] 
2025-07-31 16:26:35.524 [main] DEBUG org.hibernate.orm.results.graph.AST - DomainResult Graph:
 \-CollectionDomainResult [com.example.trainup.model.Gym.workingHours]

2025-07-31 16:26:35.524 [main] DEBUG org.hibernate.orm.sql.ast.tree - SQL AST Tree:
    SelectStatement {
      FromClause {
        CollectionTableGroup (wh1 : com.example.trainup.model.Gym.workingHours) {
          primaryTableReference : gym_working_hours as wh1_0
          TableGroupJoins {
             join StandardVirtualTableGroup (null : com.example.trainup.model.Gym.workingHours.{element}) {
              primaryTableReference : gym_working_hours as wh1_0
            }
          }
        }
      }
    }

2025-07-31 16:26:35.525 [main] DEBUG org.hibernate.orm.jdbc.mutation - Static SQL for collection: com.example.trainup.model.Gym.workingHours
2025-07-31 16:26:35.525 [main] DEBUG org.hibernate.orm.jdbc.mutation -  Row insert: insert into gym_working_hours (gym_id,day_of_week,end_time,start_time) values (?,?,?,?)
2025-07-31 16:26:35.525 [main] DEBUG org.hibernate.orm.jdbc.mutation -  Row delete: delete from gym_working_hours where gym_id=?
2025-07-31 16:26:35.525 [main] DEBUG org.hibernate.orm.jdbc.mutation -  One-shot delete: delete from gym_working_hours where gym_id=?
2025-07-31 16:26:35.526 [main] DEBUG org.hibernate.orm.sql.ast.create - Created new SQL alias : s1_0
2025-07-31 16:26:35.526 [main] DEBUG org.hibernate.orm.sql.ast.create - Registration of TableGroup [CollectionTableGroup(com.example.trainup.model.Gym.sports)] with identifierForTableGroup [com.example.trainup.model.Gym.sports] for NavigablePath [com.example.trainup.model.Gym.sports] 
2025-07-31 16:26:35.526 [main] DEBUG org.hibernate.orm.sql.ast.create - Registration of TableGroup [org.hibernate.sql.ast.tree.from.LazyTableGroup@606b9417] with identifierForTableGroup [com.example.trainup.model.Gym.sports.{element}] for NavigablePath [com.example.trainup.model.Gym.sports.{element}] 
2025-07-31 16:26:35.526 [main] DEBUG org.hibernate.orm.sql.ast.create - Created new SQL alias : s1_1
2025-07-31 16:26:35.526 [main] DEBUG org.hibernate.orm.results.graph.AST - DomainResult Graph:
 \-CollectionDomainResult [com.example.trainup.model.Gym.sports]

2025-07-31 16:26:35.526 [main] DEBUG org.hibernate.orm.sql.ast.tree - SQL AST Tree:
    SelectStatement {
      FromClause {
        CollectionTableGroup (s1 : com.example.trainup.model.Gym.sports) {
          primaryTableReference : sports_gyms as s1_0
          TableGroupJoins {
             join LazyTableGroup (s1 : com.example.trainup.model.Gym.sports.{element}) {
              primaryTableReference : sports as s1_1
            }
          }
        }
      }
    }

2025-07-31 16:26:35.527 [main] DEBUG org.hibernate.orm.jdbc.mutation - Static SQL for collection: com.example.trainup.model.Gym.sports
2025-07-31 16:26:35.527 [main] DEBUG org.hibernate.orm.jdbc.mutation -  Row insert: insert into sports_gyms (gym_id,sport_id) values (?,?)
2025-07-31 16:26:35.527 [main] DEBUG org.hibernate.orm.jdbc.mutation -  Row delete: delete from sports_gyms where gym_id=? and sport_id=?
2025-07-31 16:26:35.527 [main] DEBUG org.hibernate.orm.jdbc.mutation -  One-shot delete: delete from sports_gyms where gym_id=?
2025-07-31 16:26:35.528 [main] DEBUG org.hibernate.orm.sql.ast.create - Created new SQL alias : pn1_0
2025-07-31 16:26:35.528 [main] DEBUG org.hibernate.orm.sql.ast.create - Registration of TableGroup [CollectionTableGroup(com.example.trainup.model.user.GymOwner.phoneNumbers)] with identifierForTableGroup [com.example.trainup.model.user.GymOwner.phoneNumbers] for NavigablePath [com.example.trainup.model.user.GymOwner.phoneNumbers] 
2025-07-31 16:26:35.528 [main] DEBUG org.hibernate.orm.results - Generating Fetch for collection-part : `com.example.trainup.model.user.GymOwner.phoneNumbers` -> `{element}`
2025-07-31 16:26:35.528 [main] DEBUG org.hibernate.orm.results.graph.AST - DomainResult Graph:
 \-CollectionDomainResult [com.example.trainup.model.user.GymOwner.phoneNumbers]

2025-07-31 16:26:35.528 [main] DEBUG org.hibernate.orm.sql.ast.tree - SQL AST Tree:
    SelectStatement {
      FromClause {
        CollectionTableGroup (pn1 : com.example.trainup.model.user.GymOwner.phoneNumbers) {
          primaryTableReference : gym_owner_phone_numbers as pn1_0
        }
      }
    }

2025-07-31 16:26:35.528 [main] DEBUG org.hibernate.orm.jdbc.mutation - Static SQL for collection: com.example.trainup.model.user.GymOwner.phoneNumbers
2025-07-31 16:26:35.529 [main] DEBUG org.hibernate.orm.jdbc.mutation -  Row insert: insert into gym_owner_phone_numbers (gym_owner_id,phone_numbers) values (?,?)
2025-07-31 16:26:35.529 [main] DEBUG org.hibernate.orm.jdbc.mutation -  Row delete: delete from gym_owner_phone_numbers where gym_owner_id=? and phone_numbers=?
2025-07-31 16:26:35.529 [main] DEBUG org.hibernate.orm.jdbc.mutation -  One-shot delete: delete from gym_owner_phone_numbers where gym_owner_id=?
2025-07-31 16:26:35.529 [main] DEBUG org.hibernate.orm.sql.ast.create - Created new SQL alias : t1_0
2025-07-31 16:26:35.529 [main] DEBUG org.hibernate.orm.sql.ast.create - Registration of TableGroup [CollectionTableGroup(com.example.trainup.model.Gym.trainers)] with identifierForTableGroup [com.example.trainup.model.Gym.trainers] for NavigablePath [com.example.trainup.model.Gym.trainers] 
2025-07-31 16:26:35.529 [main] DEBUG org.hibernate.orm.sql.ast.create - Registration of TableGroup [org.hibernate.sql.ast.tree.from.LazyTableGroup@36d476c2] with identifierForTableGroup [com.example.trainup.model.Gym.trainers.{element}] for NavigablePath [com.example.trainup.model.Gym.trainers.{element}] 
2025-07-31 16:26:35.530 [main] DEBUG org.hibernate.orm.sql.ast.create - Created new SQL alias : t1_1
2025-07-31 16:26:35.530 [main] DEBUG org.hibernate.orm.sql.ast.create - Registration of TableGroup [org.hibernate.sql.ast.tree.from.LazyTableGroup@1c541176] with identifierForTableGroup [com.example.trainup.model.Gym.trainers.{element}.location] for NavigablePath [com.example.trainup.model.Gym.trainers.{element}.location] 
2025-07-31 16:26:35.530 [main] DEBUG org.hibernate.orm.sql.ast.create - Registration of TableGroup [org.hibernate.sql.ast.tree.from.LazyTableGroup@768cfd06] with identifierForTableGroup [com.example.trainup.model.Gym.trainers.{element}.userCredentials] for NavigablePath [com.example.trainup.model.Gym.trainers.{element}.userCredentials] 
2025-07-31 16:26:35.530 [main] DEBUG org.hibernate.orm.sql.ast.create - Created new SQL alias : uc1_0
2025-07-31 16:26:35.531 [main] DEBUG org.hibernate.orm.sql.ast.create - Created new SQL alias : r1_0
2025-07-31 16:26:35.531 [main] DEBUG org.hibernate.orm.sql.ast.create - Registration of TableGroup [CollectionTableGroup(com.example.trainup.model.Gym.trainers.{element}.userCredentials.roles)] with identifierForTableGroup [com.example.trainup.model.Gym.trainers.{element}.userCredentials.roles] for NavigablePath [com.example.trainup.model.Gym.trainers.{element}.userCredentials.roles] 
2025-07-31 16:26:35.531 [main] DEBUG org.hibernate.orm.sql.ast.create - Registration of TableGroup [org.hibernate.sql.ast.tree.from.LazyTableGroup@37b6dedf] with identifierForTableGroup [com.example.trainup.model.Gym.trainers.{element}.userCredentials.roles.{element}] for NavigablePath [com.example.trainup.model.Gym.trainers.{element}.userCredentials.roles.{element}] 
2025-07-31 16:26:35.531 [main] DEBUG org.hibernate.orm.sql.ast.create - Created new SQL alias : r1_1
2025-07-31 16:26:35.532 [main] DEBUG org.hibernate.orm.results.graph.AST - DomainResult Graph:
 \-CollectionDomainResult [com.example.trainup.model.Gym.trainers]

2025-07-31 16:26:35.532 [main] DEBUG org.hibernate.orm.sql.ast.tree - SQL AST Tree:
    SelectStatement {
      FromClause {
        CollectionTableGroup (t1 : com.example.trainup.model.Gym.trainers) {
          primaryTableReference : gyms_trainers as t1_0
          TableGroupJoins {
             join LazyTableGroup (t1 : com.example.trainup.model.Gym.trainers.{element}) {
              primaryTableReference : trainers as t1_1
              TableGroupJoins {
                left  join LazyTableGroup (l1 : com.example.trainup.model.Gym.trainers.{element}.location) {
                }
                left  join LazyTableGroup (uc1 : com.example.trainup.model.Gym.trainers.{element}.userCredentials) {
                  primaryTableReference : user_credentials as uc1_0
                  TableGroupJoins {
                    left  join CollectionTableGroup (r1 : com.example.trainup.model.Gym.trainers.{element}.userCredentials.roles) {
                      primaryTableReference : user_credentials_roles as r1_0
                      TableGroupJoins {
                        left  join LazyTableGroup (r1 : com.example.trainup.model.Gym.trainers.{element}.userCredentials.roles.{element}) {
                          primaryTableReference : roles as r1_1
                        }
                      }
                    }
                  }
                }
              }
            }
          }
        }
      }
    }

2025-07-31 16:26:35.532 [main] DEBUG org.hibernate.orm.jdbc.mutation - Static SQL for collection: com.example.trainup.model.Gym.trainers
2025-07-31 16:26:35.532 [main] DEBUG org.hibernate.orm.jdbc.mutation -  Row insert: insert into gyms_trainers (gym_id,trainer_id) values (?,?)
2025-07-31 16:26:35.533 [main] DEBUG org.hibernate.orm.jdbc.mutation -  Row delete: delete from gyms_trainers where gym_id=? and trainer_id=?
2025-07-31 16:26:35.533 [main] DEBUG org.hibernate.orm.jdbc.mutation -  One-shot delete: delete from gyms_trainers where gym_id=?
2025-07-31 16:26:35.533 [main] DEBUG org.hibernate.orm.sql.ast.create - Created new SQL alias : c1_0
2025-07-31 16:26:35.533 [main] DEBUG org.hibernate.orm.sql.ast.create - Registration of TableGroup [CollectionTableGroup(com.example.trainup.model.user.Trainer.certificates)] with identifierForTableGroup [com.example.trainup.model.user.Trainer.certificates] for NavigablePath [com.example.trainup.model.user.Trainer.certificates] 
2025-07-31 16:26:35.533 [main] DEBUG org.hibernate.orm.results - Generating Fetch for collection-part : `com.example.trainup.model.user.Trainer.certificates` -> `{element}`
2025-07-31 16:26:35.533 [main] DEBUG org.hibernate.orm.results.graph.AST - DomainResult Graph:
 \-CollectionDomainResult [com.example.trainup.model.user.Trainer.certificates]

2025-07-31 16:26:35.534 [main] DEBUG org.hibernate.orm.sql.ast.tree - SQL AST Tree:
    SelectStatement {
      FromClause {
        CollectionTableGroup (c1 : com.example.trainup.model.user.Trainer.certificates) {
          primaryTableReference : trainer_certificates as c1_0
        }
      }
    }

2025-07-31 16:26:35.534 [main] DEBUG org.hibernate.orm.jdbc.mutation - Static SQL for collection: com.example.trainup.model.user.Trainer.certificates
2025-07-31 16:26:35.534 [main] DEBUG org.hibernate.orm.jdbc.mutation -  Row insert: insert into trainer_certificates (trainer_id,certificates) values (?,?)
2025-07-31 16:26:35.534 [main] DEBUG org.hibernate.orm.jdbc.mutation -  Row delete: delete from trainer_certificates where trainer_id=? and certificates=?
2025-07-31 16:26:35.534 [main] DEBUG org.hibernate.orm.jdbc.mutation -  One-shot delete: delete from trainer_certificates where trainer_id=?
2025-07-31 16:26:35.535 [main] DEBUG org.hibernate.orm.sql.ast.create - Created new SQL alias : g1_0
2025-07-31 16:26:35.535 [main] DEBUG org.hibernate.orm.sql.ast.create - Registration of TableGroup [CollectionTableGroup(com.example.trainup.model.user.Trainer.gyms)] with identifierForTableGroup [com.example.trainup.model.user.Trainer.gyms] for NavigablePath [com.example.trainup.model.user.Trainer.gyms] 
2025-07-31 16:26:35.535 [main] DEBUG org.hibernate.orm.sql.ast.create - Registration of TableGroup [org.hibernate.sql.ast.tree.from.LazyTableGroup@5a5d16c2] with identifierForTableGroup [com.example.trainup.model.user.Trainer.gyms.{element}] for NavigablePath [com.example.trainup.model.user.Trainer.gyms.{element}] 
2025-07-31 16:26:35.535 [main] DEBUG org.hibernate.orm.sql.ast.create - Created new SQL alias : g1_1
2025-07-31 16:26:35.535 [main] DEBUG org.hibernate.orm.sql.ast.create - Registration of TableGroup [org.hibernate.sql.ast.tree.from.LazyTableGroup@55c9400d] with identifierForTableGroup [com.example.trainup.model.user.Trainer.gyms.{element}.gymOwner] for NavigablePath [com.example.trainup.model.user.Trainer.gyms.{element}.gymOwner] 
2025-07-31 16:26:35.535 [main] DEBUG org.hibernate.orm.sql.ast.create - Registration of TableGroup [org.hibernate.sql.ast.tree.from.LazyTableGroup@650d95e6] with identifierForTableGroup [com.example.trainup.model.user.Trainer.gyms.{element}.location] for NavigablePath [com.example.trainup.model.user.Trainer.gyms.{element}.location] 
2025-07-31 16:26:35.536 [main] DEBUG org.hibernate.orm.results.graph.AST - DomainResult Graph:
 \-CollectionDomainResult [com.example.trainup.model.user.Trainer.gyms]

2025-07-31 16:26:35.536 [main] DEBUG org.hibernate.orm.sql.ast.tree - SQL AST Tree:
    SelectStatement {
      FromClause {
        CollectionTableGroup (g1 : com.example.trainup.model.user.Trainer.gyms) {
          primaryTableReference : gyms_trainers as g1_0
          TableGroupJoins {
             join LazyTableGroup (g1 : com.example.trainup.model.user.Trainer.gyms.{element}) {
              primaryTableReference : gyms as g1_1
              TableGroupJoins {
                left  join LazyTableGroup (go1 : com.example.trainup.model.user.Trainer.gyms.{element}.gymOwner) {
                }
                left  join LazyTableGroup (l1 : com.example.trainup.model.user.Trainer.gyms.{element}.location) {
                }
              }
            }
          }
        }
      }
    }

2025-07-31 16:26:35.541 [main] DEBUG org.hibernate.orm.jdbc.mutation - Static SQL for collection: com.example.trainup.model.user.Trainer.gyms
2025-07-31 16:26:35.541 [main] DEBUG org.hibernate.orm.sql.ast.create - Created new SQL alias : g1_0
2025-07-31 16:26:35.541 [main] DEBUG org.hibernate.orm.sql.ast.create - Registration of TableGroup [CollectionTableGroup(com.example.trainup.model.Sport.gyms)] with identifierForTableGroup [com.example.trainup.model.Sport.gyms] for NavigablePath [com.example.trainup.model.Sport.gyms] 
2025-07-31 16:26:35.541 [main] DEBUG org.hibernate.orm.sql.ast.create - Registration of TableGroup [org.hibernate.sql.ast.tree.from.LazyTableGroup@6e4731d5] with identifierForTableGroup [com.example.trainup.model.Sport.gyms.{element}] for NavigablePath [com.example.trainup.model.Sport.gyms.{element}] 
2025-07-31 16:26:35.541 [main] DEBUG org.hibernate.orm.sql.ast.create - Created new SQL alias : g1_1
2025-07-31 16:26:35.542 [main] DEBUG org.hibernate.orm.sql.ast.create - Registration of TableGroup [org.hibernate.sql.ast.tree.from.LazyTableGroup@7111dd38] with identifierForTableGroup [com.example.trainup.model.Sport.gyms.{element}.gymOwner] for NavigablePath [com.example.trainup.model.Sport.gyms.{element}.gymOwner] 
2025-07-31 16:26:35.542 [main] DEBUG org.hibernate.orm.sql.ast.create - Registration of TableGroup [org.hibernate.sql.ast.tree.from.LazyTableGroup@783ac459] with identifierForTableGroup [com.example.trainup.model.Sport.gyms.{element}.location] for NavigablePath [com.example.trainup.model.Sport.gyms.{element}.location] 
2025-07-31 16:26:35.542 [main] DEBUG org.hibernate.orm.results.graph.AST - DomainResult Graph:
 \-CollectionDomainResult [com.example.trainup.model.Sport.gyms]

2025-07-31 16:26:35.543 [main] DEBUG org.hibernate.orm.sql.ast.tree - SQL AST Tree:
    SelectStatement {
      FromClause {
        CollectionTableGroup (g1 : com.example.trainup.model.Sport.gyms) {
          primaryTableReference : sports_gyms as g1_0
          TableGroupJoins {
             join LazyTableGroup (g1 : com.example.trainup.model.Sport.gyms.{element}) {
              primaryTableReference : gyms as g1_1
              TableGroupJoins {
                left  join LazyTableGroup (go1 : com.example.trainup.model.Sport.gyms.{element}.gymOwner) {
                }
                left  join LazyTableGroup (l1 : com.example.trainup.model.Sport.gyms.{element}.location) {
                }
              }
            }
          }
        }
      }
    }

2025-07-31 16:26:35.543 [main] DEBUG org.hibernate.orm.jdbc.mutation - Static SQL for collection: com.example.trainup.model.Sport.gyms
2025-07-31 16:26:35.543 [main] DEBUG org.hibernate.orm.sql.ast.create - Created new SQL alias : s1_0
2025-07-31 16:26:35.543 [main] DEBUG org.hibernate.orm.sql.ast.create - Registration of TableGroup [CollectionTableGroup(com.example.trainup.model.user.Trainer.sports)] with identifierForTableGroup [com.example.trainup.model.user.Trainer.sports] for NavigablePath [com.example.trainup.model.user.Trainer.sports] 
2025-07-31 16:26:35.543 [main] DEBUG org.hibernate.orm.sql.ast.create - Registration of TableGroup [org.hibernate.sql.ast.tree.from.LazyTableGroup@5ace491] with identifierForTableGroup [com.example.trainup.model.user.Trainer.sports.{element}] for NavigablePath [com.example.trainup.model.user.Trainer.sports.{element}] 
2025-07-31 16:26:35.543 [main] DEBUG org.hibernate.orm.sql.ast.create - Created new SQL alias : s1_1
2025-07-31 16:26:35.544 [main] DEBUG org.hibernate.orm.results.graph.AST - DomainResult Graph:
 \-CollectionDomainResult [com.example.trainup.model.user.Trainer.sports]

2025-07-31 16:26:35.544 [main] DEBUG org.hibernate.orm.sql.ast.tree - SQL AST Tree:
    SelectStatement {
      FromClause {
        CollectionTableGroup (s1 : com.example.trainup.model.user.Trainer.sports) {
          primaryTableReference : sports_trainers as s1_0
          TableGroupJoins {
             join LazyTableGroup (s1 : com.example.trainup.model.user.Trainer.sports.{element}) {
              primaryTableReference : sports as s1_1
            }
          }
        }
      }
    }

2025-07-31 16:26:35.544 [main] DEBUG org.hibernate.orm.jdbc.mutation - Static SQL for collection: com.example.trainup.model.user.Trainer.sports
2025-07-31 16:26:35.545 [main] DEBUG org.hibernate.orm.jdbc.mutation -  Row insert: insert into sports_trainers (trainer_id,sport_id) values (?,?)
2025-07-31 16:26:35.545 [main] DEBUG org.hibernate.orm.jdbc.mutation -  Row delete: delete from sports_trainers where trainer_id=? and sport_id=?
2025-07-31 16:26:35.545 [main] DEBUG org.hibernate.orm.jdbc.mutation -  One-shot delete: delete from sports_trainers where trainer_id=?
2025-07-31 16:26:35.545 [main] DEBUG org.hibernate.orm.sql.ast.create - Created new SQL alias : t1_0
2025-07-31 16:26:35.545 [main] DEBUG org.hibernate.orm.sql.ast.create - Registration of TableGroup [org.hibernate.sql.ast.tree.from.OneToManyTableGroup@196f7dfd] with identifierForTableGroup [com.example.trainup.model.Address.trainers] for NavigablePath [com.example.trainup.model.Address.trainers] 
2025-07-31 16:26:35.546 [main] DEBUG org.hibernate.orm.sql.ast.create - Registration of TableGroup [StandardTableGroup(com.example.trainup.model.Address.trainers.{element})] with identifierForTableGroup [com.example.trainup.model.Address.trainers.{element}] for NavigablePath [com.example.trainup.model.Address.trainers.{element}] 
2025-07-31 16:26:35.546 [main] DEBUG org.hibernate.orm.sql.ast.create - Registration of TableGroup [org.hibernate.sql.ast.tree.from.LazyTableGroup@5aede1ef] with identifierForTableGroup [com.example.trainup.model.Address.trainers.{element}.location] for NavigablePath [com.example.trainup.model.Address.trainers.{element}.location] 
2025-07-31 16:26:35.546 [main] DEBUG org.hibernate.orm.sql.ast.create - Registration of TableGroup [org.hibernate.sql.ast.tree.from.LazyTableGroup@326451bf] with identifierForTableGroup [com.example.trainup.model.Address.trainers.{element}.userCredentials] for NavigablePath [com.example.trainup.model.Address.trainers.{element}.userCredentials] 
2025-07-31 16:26:35.547 [main] DEBUG org.hibernate.orm.sql.ast.create - Created new SQL alias : uc1_0
2025-07-31 16:26:35.547 [main] DEBUG org.hibernate.orm.sql.ast.create - Created new SQL alias : r1_0
2025-07-31 16:26:35.547 [main] DEBUG org.hibernate.orm.sql.ast.create - Registration of TableGroup [CollectionTableGroup(com.example.trainup.model.Address.trainers.{element}.userCredentials.roles)] with identifierForTableGroup [com.example.trainup.model.Address.trainers.{element}.userCredentials.roles] for NavigablePath [com.example.trainup.model.Address.trainers.{element}.userCredentials.roles] 
2025-07-31 16:26:35.547 [main] DEBUG org.hibernate.orm.sql.ast.create - Registration of TableGroup [org.hibernate.sql.ast.tree.from.LazyTableGroup@68819fae] with identifierForTableGroup [com.example.trainup.model.Address.trainers.{element}.userCredentials.roles.{element}] for NavigablePath [com.example.trainup.model.Address.trainers.{element}.userCredentials.roles.{element}] 
2025-07-31 16:26:35.547 [main] DEBUG org.hibernate.orm.sql.ast.create - Created new SQL alias : r1_1
2025-07-31 16:26:35.548 [main] DEBUG org.hibernate.orm.results.graph.AST - DomainResult Graph:
 \-CollectionDomainResult [com.example.trainup.model.Address.trainers]

2025-07-31 16:26:35.548 [main] DEBUG org.hibernate.orm.sql.ast.tree - SQL AST Tree:
    SelectStatement {
      FromClause {
        OneToManyTableGroup (t1 : com.example.trainup.model.Address.trainers) {
          primaryTableReference : trainers as t1_0
          TableGroupJoins {
            left  join LazyTableGroup (l1 : com.example.trainup.model.Address.trainers.{element}.location) {
            }
            left  join LazyTableGroup (uc1 : com.example.trainup.model.Address.trainers.{element}.userCredentials) {
              primaryTableReference : user_credentials as uc1_0
              TableGroupJoins {
                left  join CollectionTableGroup (r1 : com.example.trainup.model.Address.trainers.{element}.userCredentials.roles) {
                  primaryTableReference : user_credentials_roles as r1_0
                  TableGroupJoins {
                    left  join LazyTableGroup (r1 : com.example.trainup.model.Address.trainers.{element}.userCredentials.roles.{element}) {
                      primaryTableReference : roles as r1_1
                    }
                  }
                }
              }
            }
          }
        }
      }
    }

2025-07-31 16:26:35.548 [main] DEBUG org.hibernate.orm.jdbc.mutation - Static SQL for collection: com.example.trainup.model.Address.trainers
2025-07-31 16:26:35.803 [main] INFO  org.hibernate.engine.transaction.jta.platform.internal.JtaPlatformInitiator - HHH000489: No JTA platform available (set 'hibernate.transaction.jta.platform' to enable JTA platform integration)
2025-07-31 16:26:35.806 [main] DEBUG org.hibernate.type.spi.TypeConfiguration$Scope - Scoping TypeConfiguration [org.hibernate.type.spi.TypeConfiguration@70a416c] to SessionFactoryImplementor [org.hibernate.internal.SessionFactoryImpl@7099f498]
2025-07-31 16:26:35.807 [main] DEBUG org.hibernate.query.named.NamedObjectRepository - Checking 0 named HQL queries
2025-07-31 16:26:35.808 [main] DEBUG org.hibernate.query.named.NamedObjectRepository - Checking 0 named SQL queries
2025-07-31 16:26:35.809 [main] DEBUG org.hibernate.tool.schema.spi.SchemaManagementToolCoordinator - No schema actions specified for contributor `orm`; doing nothing
2025-07-31 16:26:35.809 [main] DEBUG org.hibernate.tool.schema.spi.SchemaManagementToolCoordinator - No actions found; doing nothing
2025-07-31 16:26:35.812 [main] DEBUG org.hibernate.internal.SessionFactoryRegistry - Initializing SessionFactoryRegistry : org.hibernate.internal.SessionFactoryRegistry@265c5489
2025-07-31 16:26:35.812 [main] DEBUG org.hibernate.internal.SessionFactoryRegistry - Registering SessionFactory: ec0d91ce-5845-4559-a2ff-0617a0b1754f (<unnamed>)
2025-07-31 16:26:35.813 [main] DEBUG org.hibernate.internal.SessionFactoryRegistry - Not binding SessionFactory to JNDI, no JNDI name configured
2025-07-31 16:26:35.813 [main] DEBUG org.hibernate.internal.SessionFactoryImpl - Instantiated SessionFactory
2025-07-31 16:26:35.813 [main] INFO  org.springframework.orm.jpa.LocalContainerEntityManagerFactoryBean - Initialized JPA EntityManagerFactory for persistence unit 'default'
2025-07-31 16:26:35.827 [main] DEBUG org.springframework.beans.factory.support.DefaultListableBeanFactory - Creating shared instance of singleton bean 'trainUpApplication'
2025-07-31 16:26:35.844 [main] DEBUG org.springframework.beans.factory.support.DefaultListableBeanFactory - Creating shared instance of singleton bean 'geminiClientConfig'
2025-07-31 16:26:35.848 [main] DEBUG org.springframework.core.env.PropertySourcesPropertyResolver - Found key 'gemini.api.key' in PropertySource 'environmentProperties' with value of type String
2025-07-31 16:26:35.864 [main] DEBUG org.springframework.beans.factory.support.DefaultListableBeanFactory - Creating shared instance of singleton bean 'openApiConfig'
2025-07-31 16:26:35.880 [main] DEBUG org.springframework.beans.factory.support.DefaultListableBeanFactory - Creating shared instance of singleton bean 'securityConfig'
2025-07-31 16:26:35.883 [main] DEBUG org.springframework.beans.factory.support.DefaultListableBeanFactory - Creating shared instance of singleton bean 'customUserDetailsService'
2025-07-31 16:26:35.884 [main] DEBUG org.springframework.beans.factory.support.DefaultListableBeanFactory - Creating shared instance of singleton bean 'userCredentialsRepository'
2025-07-31 16:26:35.897 [main] DEBUG org.springframework.beans.factory.support.DefaultListableBeanFactory - Creating shared instance of singleton bean 'jpa.named-queries#11'
2025-07-31 16:26:35.908 [main] DEBUG org.springframework.beans.factory.support.DefaultListableBeanFactory - Creating shared instance of singleton bean 'jpa.UserCredentialsRepository.fragments#0'
2025-07-31 16:26:35.930 [main] DEBUG org.springframework.beans.factory.support.DefaultListableBeanFactory - Creating shared instance of singleton bean 'jpaSharedEM_entityManagerFactory'
2025-07-31 16:26:36.020 [main] DEBUG org.springframework.beans.factory.support.DefaultListableBeanFactory - Creating shared instance of singleton bean 'jpaMappingContext'
2025-07-31 16:26:36.021 [main] DEBUG org.springframework.data.jpa.repository.config.JpaMetamodelMappingContextFactoryBean - Initializing JpaMetamodelMappingContext…
2025-07-31 16:26:36.070 [main] DEBUG org.springframework.data.jpa.repository.config.JpaMetamodelMappingContextFactoryBean - Finished initializing JpaMetamodelMappingContext
2025-07-31 16:26:36.192 [main] DEBUG org.springframework.orm.jpa.SharedEntityManagerCreator$SharedEntityManagerInvocationHandler - Creating new EntityManager for shared EntityManager invocation
2025-07-31 16:26:36.276 [main] DEBUG org.hibernate.stat.internal.StatisticsInitiator - Statistics initialized [enabled=false]
2025-07-31 16:26:36.292 [main] DEBUG org.springframework.orm.jpa.SharedEntityManagerCreator$SharedEntityManagerInvocationHandler - Creating new EntityManager for shared EntityManager invocation
2025-07-31 16:26:36.318 [main] DEBUG org.springframework.beans.factory.support.DefaultListableBeanFactory - Creating shared instance of singleton bean 'metricsRepositoryMethodInvocationListener'
2025-07-31 16:26:36.318 [main] DEBUG org.springframework.beans.factory.support.DefaultListableBeanFactory - Creating shared instance of singleton bean 'org.springframework.boot.actuate.autoconfigure.metrics.data.RepositoryMetricsAutoConfiguration'
2025-07-31 16:26:36.319 [main] DEBUG org.springframework.beans.factory.support.DefaultListableBeanFactory - Creating shared instance of singleton bean 'management.metrics-org.springframework.boot.actuate.autoconfigure.metrics.MetricsProperties'
2025-07-31 16:26:36.332 [main] DEBUG org.springframework.beans.factory.support.DefaultListableBeanFactory - Autowiring by type from bean name 'org.springframework.boot.actuate.autoconfigure.metrics.data.RepositoryMetricsAutoConfiguration' via constructor to bean named 'management.metrics-org.springframework.boot.actuate.autoconfigure.metrics.MetricsProperties'
2025-07-31 16:26:36.336 [main] DEBUG org.springframework.beans.factory.support.DefaultListableBeanFactory - Creating shared instance of singleton bean 'repositoryTagsProvider'
2025-07-31 16:26:36.346 [main] DEBUG org.springframework.beans.factory.support.DefaultListableBeanFactory - Autowiring by type from bean name 'metricsRepositoryMethodInvocationListener' via factory method to bean named 'repositoryTagsProvider'
2025-07-31 16:26:36.438 [main] DEBUG org.springframework.data.repository.core.support.RepositoryFactorySupport - Initializing repository instance for com.example.trainup.repository.UserCredentialsRepository…
2025-07-31 16:26:36.474 [main] DEBUG org.springframework.orm.jpa.SharedEntityManagerCreator$SharedEntityManagerInvocationHandler - Creating new EntityManager for shared EntityManager invocation
2025-07-31 16:26:36.593 [main] DEBUG org.springframework.data.jpa.repository.query.NamedQuery - Looking up named query 'UserCredentials.findByEmail'
2025-07-31 16:26:36.599 [main] DEBUG org.hibernate.resource.transaction.backend.jdbc.internal.JdbcResourceLocalTransactionCoordinatorImpl - JDBC transaction marked for rollback-only (exception provided for stack trace)
java.lang.Exception: exception just for purpose of providing stack trace
	at org.hibernate.resource.transaction.backend.jdbc.internal.JdbcResourceLocalTransactionCoordinatorImpl$TransactionDriverControlImpl.markRollbackOnly(JdbcResourceLocalTransactionCoordinatorImpl.java:309) ~[hibernate-core-6.6.8.Final.jar:6.6.8.Final]
	at org.hibernate.internal.AbstractSharedSessionContract.buildNamedQuery(AbstractSharedSessionContract.java:1141) ~[hibernate-core-6.6.8.Final.jar:6.6.8.Final]
	at org.hibernate.internal.AbstractSharedSessionContract.createNamedQuery(AbstractSharedSessionContract.java:1019) ~[hibernate-core-6.6.8.Final.jar:6.6.8.Final]
	at org.hibernate.internal.AbstractSharedSessionContract.createNamedQuery(AbstractSharedSessionContract.java:143) ~[hibernate-core-6.6.8.Final.jar:6.6.8.Final]
	at java.base/jdk.internal.reflect.NativeMethodAccessorImpl.invoke0(Native Method) ~[?:?]
	at java.base/jdk.internal.reflect.NativeMethodAccessorImpl.invoke(NativeMethodAccessorImpl.java:77) ~[?:?]
	at java.base/jdk.internal.reflect.DelegatingMethodAccessorImpl.invoke(DelegatingMethodAccessorImpl.java:43) ~[?:?]
	at java.base/java.lang.reflect.Method.invoke(Method.java:569) ~[?:?]
	at org.springframework.orm.jpa.ExtendedEntityManagerCreator$ExtendedEntityManagerInvocationHandler.invoke(ExtendedEntityManagerCreator.java:364) ~[spring-orm-6.2.3.jar:6.2.3]
	at jdk.proxy2/jdk.proxy2.$Proxy236.createNamedQuery(Unknown Source) ~[?:?]
	at org.springframework.data.jpa.repository.query.NamedQuery.hasNamedQuery(NamedQuery.java:114) ~[spring-data-jpa-3.4.3.jar:3.4.3]
	at org.springframework.data.jpa.repository.query.NamedQuery.lookupFrom(NamedQuery.java:140) ~[spring-data-jpa-3.4.3.jar:3.4.3]
	at org.springframework.data.jpa.repository.query.JpaQueryLookupStrategy$DeclaredQueryLookupStrategy.resolveQuery(JpaQueryLookupStrategy.java:184) ~[spring-data-jpa-3.4.3.jar:3.4.3]
	at org.springframework.data.jpa.repository.query.JpaQueryLookupStrategy$CreateIfNotFoundQueryLookupStrategy.resolveQuery(JpaQueryLookupStrategy.java:256) ~[spring-data-jpa-3.4.3.jar:3.4.3]
	at org.springframework.data.jpa.repository.query.JpaQueryLookupStrategy$AbstractQueryLookupStrategy.resolveQuery(JpaQueryLookupStrategy.java:99) ~[spring-data-jpa-3.4.3.jar:3.4.3]
	at org.springframework.data.repository.core.support.QueryExecutorMethodInterceptor.lookupQuery(QueryExecutorMethodInterceptor.java:116) ~[spring-data-commons-3.4.3.jar:3.4.3]
	at org.springframework.data.repository.core.support.QueryExecutorMethodInterceptor.mapMethodsToQuery(QueryExecutorMethodInterceptor.java:104) ~[spring-data-commons-3.4.3.jar:3.4.3]
	at org.springframework.data.repository.core.support.QueryExecutorMethodInterceptor.lambda$new$0(QueryExecutorMethodInterceptor.java:92) ~[spring-data-commons-3.4.3.jar:3.4.3]
	at java.base/java.util.Optional.map(Optional.java:260) ~[?:?]
	at org.springframework.data.repository.core.support.QueryExecutorMethodInterceptor.<init>(QueryExecutorMethodInterceptor.java:92) ~[spring-data-commons-3.4.3.jar:3.4.3]
	at org.springframework.data.repository.core.support.RepositoryFactorySupport.getRepository(RepositoryFactorySupport.java:440) ~[spring-data-commons-3.4.3.jar:3.4.3]
	at org.springframework.data.repository.core.support.RepositoryFactoryBeanSupport.lambda$afterPropertiesSet$4(RepositoryFactoryBeanSupport.java:350) ~[spring-data-commons-3.4.3.jar:3.4.3]
	at org.springframework.data.util.Lazy.getNullable(Lazy.java:135) ~[spring-data-commons-3.4.3.jar:3.4.3]
	at org.springframework.data.util.Lazy.get(Lazy.java:113) ~[spring-data-commons-3.4.3.jar:3.4.3]
	at org.springframework.data.repository.core.support.RepositoryFactoryBeanSupport.afterPropertiesSet(RepositoryFactoryBeanSupport.java:356) ~[spring-data-commons-3.4.3.jar:3.4.3]
	at org.springframework.data.jpa.repository.support.JpaRepositoryFactoryBean.afterPropertiesSet(JpaRepositoryFactoryBean.java:132) ~[spring-data-jpa-3.4.3.jar:3.4.3]
	at org.springframework.beans.factory.support.AbstractAutowireCapableBeanFactory.invokeInitMethods(AbstractAutowireCapableBeanFactory.java:1859) ~[spring-beans-6.2.3.jar:6.2.3]
	at org.springframework.beans.factory.support.AbstractAutowireCapableBeanFactory.initializeBean(AbstractAutowireCapableBeanFactory.java:1808) ~[spring-beans-6.2.3.jar:6.2.3]
	at org.springframework.beans.factory.support.AbstractAutowireCapableBeanFactory.doCreateBean(AbstractAutowireCapableBeanFactory.java:601) ~[spring-beans-6.2.3.jar:6.2.3]
	at org.springframework.beans.factory.support.AbstractAutowireCapableBeanFactory.createBean(AbstractAutowireCapableBeanFactory.java:523) ~[spring-beans-6.2.3.jar:6.2.3]
	at org.springframework.beans.factory.support.AbstractBeanFactory.lambda$doGetBean$0(AbstractBeanFactory.java:339) ~[spring-beans-6.2.3.jar:6.2.3]
	at org.springframework.beans.factory.support.DefaultSingletonBeanRegistry.getSingleton(DefaultSingletonBeanRegistry.java:346) ~[spring-beans-6.2.3.jar:6.2.3]
	at org.springframework.beans.factory.support.AbstractBeanFactory.doGetBean(AbstractBeanFactory.java:337) ~[spring-beans-6.2.3.jar:6.2.3]
	at org.springframework.beans.factory.support.AbstractBeanFactory.getBean(AbstractBeanFactory.java:202) ~[spring-beans-6.2.3.jar:6.2.3]
	at org.springframework.beans.factory.support.DefaultListableBeanFactory.doResolveDependency(DefaultListableBeanFactory.java:1606) ~[spring-beans-6.2.3.jar:6.2.3]
	at org.springframework.beans.factory.support.DefaultListableBeanFactory.resolveDependency(DefaultListableBeanFactory.java:1552) ~[spring-beans-6.2.3.jar:6.2.3]
	at org.springframework.beans.factory.support.ConstructorResolver.resolveAutowiredArgument(ConstructorResolver.java:913) ~[spring-beans-6.2.3.jar:6.2.3]
	at org.springframework.beans.factory.support.ConstructorResolver.createArgumentArray(ConstructorResolver.java:791) ~[spring-beans-6.2.3.jar:6.2.3]
	at org.springframework.beans.factory.support.ConstructorResolver.autowireConstructor(ConstructorResolver.java:240) ~[spring-beans-6.2.3.jar:6.2.3]
	at org.springframework.beans.factory.support.AbstractAutowireCapableBeanFactory.autowireConstructor(AbstractAutowireCapableBeanFactory.java:1381) ~[spring-beans-6.2.3.jar:6.2.3]
	at org.springframework.beans.factory.support.AbstractAutowireCapableBeanFactory.createBeanInstance(AbstractAutowireCapableBeanFactory.java:1218) ~[spring-beans-6.2.3.jar:6.2.3]
	at org.springframework.beans.factory.support.AbstractAutowireCapableBeanFactory.doCreateBean(AbstractAutowireCapableBeanFactory.java:563) ~[spring-beans-6.2.3.jar:6.2.3]
	at org.springframework.beans.factory.support.AbstractAutowireCapableBeanFactory.createBean(AbstractAutowireCapableBeanFactory.java:523) ~[spring-beans-6.2.3.jar:6.2.3]
	at org.springframework.beans.factory.support.AbstractBeanFactory.lambda$doGetBean$0(AbstractBeanFactory.java:339) ~[spring-beans-6.2.3.jar:6.2.3]
	at org.springframework.beans.factory.support.DefaultSingletonBeanRegistry.getSingleton(DefaultSingletonBeanRegistry.java:346) ~[spring-beans-6.2.3.jar:6.2.3]
	at org.springframework.beans.factory.support.AbstractBeanFactory.doGetBean(AbstractBeanFactory.java:337) ~[spring-beans-6.2.3.jar:6.2.3]
	at org.springframework.beans.factory.support.AbstractBeanFactory.getBean(AbstractBeanFactory.java:202) ~[spring-beans-6.2.3.jar:6.2.3]
	at org.springframework.beans.factory.config.DependencyDescriptor.resolveCandidate(DependencyDescriptor.java:254) ~[spring-beans-6.2.3.jar:6.2.3]
	at org.springframework.beans.factory.support.DefaultListableBeanFactory.doResolveDependency(DefaultListableBeanFactory.java:1664) ~[spring-beans-6.2.3.jar:6.2.3]
	at org.springframework.beans.factory.support.DefaultListableBeanFactory.resolveDependency(DefaultListableBeanFactory.java:1552) ~[spring-beans-6.2.3.jar:6.2.3]
	at org.springframework.beans.factory.support.ConstructorResolver.resolveAutowiredArgument(ConstructorResolver.java:913) ~[spring-beans-6.2.3.jar:6.2.3]
	at org.springframework.beans.factory.support.ConstructorResolver.createArgumentArray(ConstructorResolver.java:791) ~[spring-beans-6.2.3.jar:6.2.3]
	at org.springframework.beans.factory.support.ConstructorResolver.autowireConstructor(ConstructorResolver.java:240) ~[spring-beans-6.2.3.jar:6.2.3]
	at org.springframework.beans.factory.support.AbstractAutowireCapableBeanFactory.autowireConstructor(AbstractAutowireCapableBeanFactory.java:1381) ~[spring-beans-6.2.3.jar:6.2.3]
	at org.springframework.beans.factory.support.AbstractAutowireCapableBeanFactory.createBeanInstance(AbstractAutowireCapableBeanFactory.java:1218) ~[spring-beans-6.2.3.jar:6.2.3]
	at org.springframework.beans.factory.support.AbstractAutowireCapableBeanFactory.doCreateBean(AbstractAutowireCapableBeanFactory.java:563) ~[spring-beans-6.2.3.jar:6.2.3]
	at org.springframework.beans.factory.support.AbstractAutowireCapableBeanFactory.createBean(AbstractAutowireCapableBeanFactory.java:523) ~[spring-beans-6.2.3.jar:6.2.3]
	at org.springframework.beans.factory.support.AbstractBeanFactory.lambda$doGetBean$0(AbstractBeanFactory.java:339) ~[spring-beans-6.2.3.jar:6.2.3]
	at org.springframework.beans.factory.support.DefaultSingletonBeanRegistry.getSingleton(DefaultSingletonBeanRegistry.java:346) ~[spring-beans-6.2.3.jar:6.2.3]
	at org.springframework.beans.factory.support.AbstractBeanFactory.doGetBean(AbstractBeanFactory.java:337) ~[spring-beans-6.2.3.jar:6.2.3]
	at org.springframework.beans.factory.support.AbstractBeanFactory.getBean(AbstractBeanFactory.java:202) ~[spring-beans-6.2.3.jar:6.2.3]
	at org.springframework.beans.factory.support.DefaultListableBeanFactory.instantiateSingleton(DefaultListableBeanFactory.java:1155) ~[spring-beans-6.2.3.jar:6.2.3]
	at org.springframework.beans.factory.support.DefaultListableBeanFactory.preInstantiateSingleton(DefaultListableBeanFactory.java:1121) ~[spring-beans-6.2.3.jar:6.2.3]
	at org.springframework.beans.factory.support.DefaultListableBeanFactory.preInstantiateSingletons(DefaultListableBeanFactory.java:1056) ~[spring-beans-6.2.3.jar:6.2.3]
	at org.springframework.context.support.AbstractApplicationContext.finishBeanFactoryInitialization(AbstractApplicationContext.java:987) ~[spring-context-6.2.3.jar:6.2.3]
	at org.springframework.context.support.AbstractApplicationContext.refresh(AbstractApplicationContext.java:627) ~[spring-context-6.2.3.jar:6.2.3]
	at org.springframework.boot.SpringApplication.refresh(SpringApplication.java:752) ~[spring-boot-3.4.3.jar:3.4.3]
	at org.springframework.boot.SpringApplication.refreshContext(SpringApplication.java:439) ~[spring-boot-3.4.3.jar:3.4.3]
	at org.springframework.boot.SpringApplication.run(SpringApplication.java:318) ~[spring-boot-3.4.3.jar:3.4.3]
	at org.springframework.boot.test.context.SpringBootContextLoader.lambda$loadContext$3(SpringBootContextLoader.java:137) ~[spring-boot-test-3.4.3.jar:3.4.3]
	at org.springframework.util.function.ThrowingSupplier.get(ThrowingSupplier.java:58) ~[spring-core-6.2.3.jar:6.2.3]
	at org.springframework.util.function.ThrowingSupplier.get(ThrowingSupplier.java:46) ~[spring-core-6.2.3.jar:6.2.3]
	at org.springframework.boot.SpringApplication.withHook(SpringApplication.java:1461) ~[spring-boot-3.4.3.jar:3.4.3]
	at org.springframework.boot.test.context.SpringBootContextLoader$ContextLoaderHook.run(SpringBootContextLoader.java:553) ~[spring-boot-test-3.4.3.jar:3.4.3]
	at org.springframework.boot.test.context.SpringBootContextLoader.loadContext(SpringBootContextLoader.java:137) ~[spring-boot-test-3.4.3.jar:3.4.3]
	at org.springframework.boot.test.context.SpringBootContextLoader.loadContext(SpringBootContextLoader.java:108) ~[spring-boot-test-3.4.3.jar:3.4.3]
	at org.springframework.test.context.cache.DefaultCacheAwareContextLoaderDelegate.loadContextInternal(DefaultCacheAwareContextLoaderDelegate.java:225) ~[spring-test-6.2.3.jar:6.2.3]
	at org.springframework.test.context.cache.DefaultCacheAwareContextLoaderDelegate.loadContext(DefaultCacheAwareContextLoaderDelegate.java:152) ~[spring-test-6.2.3.jar:6.2.3]
	at org.springframework.test.context.support.DefaultTestContext.getApplicationContext(DefaultTestContext.java:130) ~[spring-test-6.2.3.jar:6.2.3]
	at org.springframework.test.context.web.ServletTestExecutionListener.setUpRequestContextIfNecessary(ServletTestExecutionListener.java:200) ~[spring-test-6.2.3.jar:6.2.3]
	at org.springframework.test.context.web.ServletTestExecutionListener.prepareTestInstance(ServletTestExecutionListener.java:139) ~[spring-test-6.2.3.jar:6.2.3]
	at org.springframework.test.context.TestContextManager.prepareTestInstance(TestContextManager.java:260) ~[spring-test-6.2.3.jar:6.2.3]
	at org.springframework.test.context.junit.jupiter.SpringExtension.postProcessTestInstance(SpringExtension.java:160) ~[spring-test-6.2.3.jar:6.2.3]
	at org.junit.jupiter.engine.descriptor.ClassBasedTestDescriptor.lambda$invokeTestInstancePostProcessors$11(ClassBasedTestDescriptor.java:378) ~[junit-jupiter-engine-5.11.4.jar:5.11.4]
	at org.junit.jupiter.engine.descriptor.ClassBasedTestDescriptor.executeAndMaskThrowable(ClassBasedTestDescriptor.java:383) ~[junit-jupiter-engine-5.11.4.jar:5.11.4]
	at org.junit.jupiter.engine.descriptor.ClassBasedTestDescriptor.lambda$invokeTestInstancePostProcessors$12(ClassBasedTestDescriptor.java:378) ~[junit-jupiter-engine-5.11.4.jar:5.11.4]
	at java.base/java.util.stream.ForEachOps$ForEachOp$OfRef.accept(ForEachOps.java:183) ~[?:?]
	at java.base/java.util.stream.ReferencePipeline$3$1.accept(ReferencePipeline.java:197) ~[?:?]
	at java.base/java.util.stream.ReferencePipeline$2$1.accept(ReferencePipeline.java:179) ~[?:?]
	at java.base/java.util.stream.ReferencePipeline$3$1.accept(ReferencePipeline.java:197) ~[?:?]
	at java.base/java.util.ArrayList$ArrayListSpliterator.forEachRemaining(ArrayList.java:1625) ~[?:?]
	at java.base/java.util.stream.AbstractPipeline.copyInto(AbstractPipeline.java:509) ~[?:?]
	at java.base/java.util.stream.AbstractPipeline.wrapAndCopyInto(AbstractPipeline.java:499) ~[?:?]
	at java.base/java.util.stream.ForEachOps$ForEachOp.evaluateSequential(ForEachOps.java:150) ~[?:?]
	at java.base/java.util.stream.ForEachOps$ForEachOp$OfRef.evaluateSequential(ForEachOps.java:173) ~[?:?]
	at java.base/java.util.stream.AbstractPipeline.evaluate(AbstractPipeline.java:234) ~[?:?]
	at java.base/java.util.stream.ReferencePipeline.forEach(ReferencePipeline.java:596) ~[?:?]
	at org.junit.jupiter.engine.descriptor.ClassBasedTestDescriptor.invokeTestInstancePostProcessors(ClassBasedTestDescriptor.java:377) ~[junit-jupiter-engine-5.11.4.jar:5.11.4]
	at org.junit.jupiter.engine.descriptor.ClassBasedTestDescriptor.lambda$instantiateAndPostProcessTestInstance$7(ClassBasedTestDescriptor.java:290) ~[junit-jupiter-engine-5.11.4.jar:5.11.4]
	at org.junit.platform.engine.support.hierarchical.ThrowableCollector.execute(ThrowableCollector.java:73) ~[junit-platform-engine-1.11.4.jar:1.11.4]
	at org.junit.jupiter.engine.descriptor.ClassBasedTestDescriptor.instantiateAndPostProcessTestInstance(ClassBasedTestDescriptor.java:289) ~[junit-jupiter-engine-5.11.4.jar:5.11.4]
	at org.junit.jupiter.engine.descriptor.ClassBasedTestDescriptor.lambda$testInstancesProvider$5(ClassBasedTestDescriptor.java:279) ~[junit-jupiter-engine-5.11.4.jar:5.11.4]
	at java.base/java.util.Optional.orElseGet(Optional.java:364) ~[?:?]
	at org.junit.jupiter.engine.descriptor.ClassBasedTestDescriptor.lambda$testInstancesProvider$6(ClassBasedTestDescriptor.java:278) ~[junit-jupiter-engine-5.11.4.jar:5.11.4]
	at org.junit.jupiter.engine.execution.TestInstancesProvider.getTestInstances(TestInstancesProvider.java:31) ~[junit-jupiter-engine-5.11.4.jar:5.11.4]
	at org.junit.jupiter.engine.descriptor.TestMethodTestDescriptor.lambda$prepare$1(TestMethodTestDescriptor.java:105) ~[junit-jupiter-engine-5.11.4.jar:5.11.4]
	at org.junit.platform.engine.support.hierarchical.ThrowableCollector.execute(ThrowableCollector.java:73) ~[junit-platform-engine-1.11.4.jar:1.11.4]
	at org.junit.jupiter.engine.descriptor.TestMethodTestDescriptor.prepare(TestMethodTestDescriptor.java:104) ~[junit-jupiter-engine-5.11.4.jar:5.11.4]
	at org.junit.jupiter.engine.descriptor.TestMethodTestDescriptor.prepare(TestMethodTestDescriptor.java:68) ~[junit-jupiter-engine-5.11.4.jar:5.11.4]
	at org.junit.platform.engine.support.hierarchical.NodeTestTask.lambda$prepare$2(NodeTestTask.java:128) ~[junit-platform-engine-1.11.4.jar:1.11.4]
	at org.junit.platform.engine.support.hierarchical.ThrowableCollector.execute(ThrowableCollector.java:73) ~[junit-platform-engine-1.11.4.jar:1.11.4]
	at org.junit.platform.engine.support.hierarchical.NodeTestTask.prepare(NodeTestTask.java:128) ~[junit-platform-engine-1.11.4.jar:1.11.4]
	at org.junit.platform.engine.support.hierarchical.NodeTestTask.execute(NodeTestTask.java:95) ~[junit-platform-engine-1.11.4.jar:1.11.4]
	at java.base/java.util.ArrayList.forEach(ArrayList.java:1511) ~[?:?]
	at org.junit.platform.engine.support.hierarchical.SameThreadHierarchicalTestExecutorService.invokeAll(SameThreadHierarchicalTestExecutorService.java:41) ~[junit-platform-engine-1.11.4.jar:1.11.4]
	at org.junit.platform.engine.support.hierarchical.NodeTestTask.lambda$executeRecursively$6(NodeTestTask.java:160) ~[junit-platform-engine-1.11.4.jar:1.11.4]
	at org.junit.platform.engine.support.hierarchical.ThrowableCollector.execute(ThrowableCollector.java:73) ~[junit-platform-engine-1.11.4.jar:1.11.4]
	at org.junit.platform.engine.support.hierarchical.NodeTestTask.lambda$executeRecursively$8(NodeTestTask.java:146) ~[junit-platform-engine-1.11.4.jar:1.11.4]
	at org.junit.platform.engine.support.hierarchical.Node.around(Node.java:137) ~[junit-platform-engine-1.11.4.jar:1.11.4]
	at org.junit.platform.engine.support.hierarchical.NodeTestTask.lambda$executeRecursively$9(NodeTestTask.java:144) ~[junit-platform-engine-1.11.4.jar:1.11.4]
	at org.junit.platform.engine.support.hierarchical.ThrowableCollector.execute(ThrowableCollector.java:73) ~[junit-platform-engine-1.11.4.jar:1.11.4]
	at org.junit.platform.engine.support.hierarchical.NodeTestTask.executeRecursively(NodeTestTask.java:143) ~[junit-platform-engine-1.11.4.jar:1.11.4]
	at org.junit.platform.engine.support.hierarchical.NodeTestTask.execute(NodeTestTask.java:100) ~[junit-platform-engine-1.11.4.jar:1.11.4]
	at java.base/java.util.ArrayList.forEach(ArrayList.java:1511) ~[?:?]
	at org.junit.platform.engine.support.hierarchical.SameThreadHierarchicalTestExecutorService.invokeAll(SameThreadHierarchicalTestExecutorService.java:41) ~[junit-platform-engine-1.11.4.jar:1.11.4]
	at org.junit.platform.engine.support.hierarchical.NodeTestTask.lambda$executeRecursively$6(NodeTestTask.java:160) ~[junit-platform-engine-1.11.4.jar:1.11.4]
	at org.junit.platform.engine.support.hierarchical.ThrowableCollector.execute(ThrowableCollector.java:73) ~[junit-platform-engine-1.11.4.jar:1.11.4]
	at org.junit.platform.engine.support.hierarchical.NodeTestTask.lambda$executeRecursively$8(NodeTestTask.java:146) ~[junit-platform-engine-1.11.4.jar:1.11.4]
	at org.junit.platform.engine.support.hierarchical.Node.around(Node.java:137) ~[junit-platform-engine-1.11.4.jar:1.11.4]
	at org.junit.platform.engine.support.hierarchical.NodeTestTask.lambda$executeRecursively$9(NodeTestTask.java:144) ~[junit-platform-engine-1.11.4.jar:1.11.4]
	at org.junit.platform.engine.support.hierarchical.ThrowableCollector.execute(ThrowableCollector.java:73) ~[junit-platform-engine-1.11.4.jar:1.11.4]
	at org.junit.platform.engine.support.hierarchical.NodeTestTask.executeRecursively(NodeTestTask.java:143) ~[junit-platform-engine-1.11.4.jar:1.11.4]
	at org.junit.platform.engine.support.hierarchical.NodeTestTask.execute(NodeTestTask.java:100) ~[junit-platform-engine-1.11.4.jar:1.11.4]
	at org.junit.platform.engine.support.hierarchical.SameThreadHierarchicalTestExecutorService.submit(SameThreadHierarchicalTestExecutorService.java:35) ~[junit-platform-engine-1.11.4.jar:1.11.4]
	at org.junit.platform.engine.support.hierarchical.HierarchicalTestExecutor.execute(HierarchicalTestExecutor.java:57) ~[junit-platform-engine-1.11.4.jar:1.11.4]
	at org.junit.platform.engine.support.hierarchical.HierarchicalTestEngine.execute(HierarchicalTestEngine.java:54) ~[junit-platform-engine-1.11.4.jar:1.11.4]
	at org.junit.platform.launcher.core.EngineExecutionOrchestrator.execute(EngineExecutionOrchestrator.java:198) ~[junit-platform-launcher-1.11.4.jar:1.11.4]
	at org.junit.platform.launcher.core.EngineExecutionOrchestrator.execute(EngineExecutionOrchestrator.java:169) ~[junit-platform-launcher-1.11.4.jar:1.11.4]
	at org.junit.platform.launcher.core.EngineExecutionOrchestrator.execute(EngineExecutionOrchestrator.java:93) ~[junit-platform-launcher-1.11.4.jar:1.11.4]
	at org.junit.platform.launcher.core.EngineExecutionOrchestrator.lambda$execute$0(EngineExecutionOrchestrator.java:58) ~[junit-platform-launcher-1.11.4.jar:1.11.4]
	at org.junit.platform.launcher.core.EngineExecutionOrchestrator.withInterceptedStreams(EngineExecutionOrchestrator.java:141) [junit-platform-launcher-1.11.4.jar:1.11.4]
	at org.junit.platform.launcher.core.EngineExecutionOrchestrator.execute(EngineExecutionOrchestrator.java:57) [junit-platform-launcher-1.11.4.jar:1.11.4]
	at org.junit.platform.launcher.core.DefaultLauncher.execute(DefaultLauncher.java:103) [junit-platform-launcher-1.11.4.jar:1.11.4]
	at org.junit.platform.launcher.core.DefaultLauncher.execute(DefaultLauncher.java:85) [junit-platform-launcher-1.11.4.jar:1.11.4]
	at org.junit.platform.launcher.core.DelegatingLauncher.execute(DelegatingLauncher.java:47) [junit-platform-launcher-1.11.4.jar:1.11.4]
	at org.apache.maven.surefire.junitplatform.LazyLauncher.execute(LazyLauncher.java:56) [surefire-junit-platform-3.5.2.jar:3.5.2]
	at org.apache.maven.surefire.junitplatform.JUnitPlatformProvider.execute(JUnitPlatformProvider.java:184) [surefire-junit-platform-3.5.2.jar:3.5.2]
	at org.apache.maven.surefire.junitplatform.JUnitPlatformProvider.invokeAllTests(JUnitPlatformProvider.java:148) [surefire-junit-platform-3.5.2.jar:3.5.2]
	at org.apache.maven.surefire.junitplatform.JUnitPlatformProvider.invoke(JUnitPlatformProvider.java:122) [surefire-junit-platform-3.5.2.jar:3.5.2]
	at org.apache.maven.surefire.booter.ForkedBooter.runSuitesInProcess(ForkedBooter.java:385) [surefire-booter-3.5.2.jar:3.5.2]
	at org.apache.maven.surefire.booter.ForkedBooter.execute(ForkedBooter.java:162) [surefire-booter-3.5.2.jar:3.5.2]
	at org.apache.maven.surefire.booter.ForkedBooter.run(ForkedBooter.java:507) [surefire-booter-3.5.2.jar:3.5.2]
	at org.apache.maven.surefire.booter.ForkedBooter.main(ForkedBooter.java:495) [surefire-booter-3.5.2.jar:3.5.2]
2025-07-31 16:26:36.612 [main] DEBUG org.springframework.data.jpa.repository.query.NamedQuery - Did not find named query UserCredentials.findByEmail
2025-07-31 16:26:36.620 [main] DEBUG org.springframework.orm.jpa.SharedEntityManagerCreator$SharedEntityManagerInvocationHandler - Creating new EntityManager for shared EntityManager invocation
2025-07-31 16:26:36.727 [main] DEBUG org.springframework.data.jpa.repository.query.NamedQuery - Looking up named query 'UserCredentials.existsByEmail'
2025-07-31 16:26:36.727 [main] DEBUG org.hibernate.resource.transaction.backend.jdbc.internal.JdbcResourceLocalTransactionCoordinatorImpl - JDBC transaction marked for rollback-only (exception provided for stack trace)
java.lang.Exception: exception just for purpose of providing stack trace
	at org.hibernate.resource.transaction.backend.jdbc.internal.JdbcResourceLocalTransactionCoordinatorImpl$TransactionDriverControlImpl.markRollbackOnly(JdbcResourceLocalTransactionCoordinatorImpl.java:309) ~[hibernate-core-6.6.8.Final.jar:6.6.8.Final]
	at org.hibernate.internal.AbstractSharedSessionContract.buildNamedQuery(AbstractSharedSessionContract.java:1141) ~[hibernate-core-6.6.8.Final.jar:6.6.8.Final]
	at org.hibernate.internal.AbstractSharedSessionContract.createNamedQuery(AbstractSharedSessionContract.java:1019) ~[hibernate-core-6.6.8.Final.jar:6.6.8.Final]
	at org.hibernate.internal.AbstractSharedSessionContract.createNamedQuery(AbstractSharedSessionContract.java:143) ~[hibernate-core-6.6.8.Final.jar:6.6.8.Final]
	at java.base/jdk.internal.reflect.NativeMethodAccessorImpl.invoke0(Native Method) ~[?:?]
	at java.base/jdk.internal.reflect.NativeMethodAccessorImpl.invoke(NativeMethodAccessorImpl.java:77) ~[?:?]
	at java.base/jdk.internal.reflect.DelegatingMethodAccessorImpl.invoke(DelegatingMethodAccessorImpl.java:43) ~[?:?]
	at java.base/java.lang.reflect.Method.invoke(Method.java:569) ~[?:?]
	at org.springframework.orm.jpa.ExtendedEntityManagerCreator$ExtendedEntityManagerInvocationHandler.invoke(ExtendedEntityManagerCreator.java:364) ~[spring-orm-6.2.3.jar:6.2.3]
	at jdk.proxy2/jdk.proxy2.$Proxy236.createNamedQuery(Unknown Source) ~[?:?]
	at org.springframework.data.jpa.repository.query.NamedQuery.hasNamedQuery(NamedQuery.java:114) ~[spring-data-jpa-3.4.3.jar:3.4.3]
	at org.springframework.data.jpa.repository.query.NamedQuery.lookupFrom(NamedQuery.java:140) ~[spring-data-jpa-3.4.3.jar:3.4.3]
	at org.springframework.data.jpa.repository.query.JpaQueryLookupStrategy$DeclaredQueryLookupStrategy.resolveQuery(JpaQueryLookupStrategy.java:184) ~[spring-data-jpa-3.4.3.jar:3.4.3]
	at org.springframework.data.jpa.repository.query.JpaQueryLookupStrategy$CreateIfNotFoundQueryLookupStrategy.resolveQuery(JpaQueryLookupStrategy.java:256) ~[spring-data-jpa-3.4.3.jar:3.4.3]
	at org.springframework.data.jpa.repository.query.JpaQueryLookupStrategy$AbstractQueryLookupStrategy.resolveQuery(JpaQueryLookupStrategy.java:99) ~[spring-data-jpa-3.4.3.jar:3.4.3]
	at org.springframework.data.repository.core.support.QueryExecutorMethodInterceptor.lookupQuery(QueryExecutorMethodInterceptor.java:116) ~[spring-data-commons-3.4.3.jar:3.4.3]
	at org.springframework.data.repository.core.support.QueryExecutorMethodInterceptor.mapMethodsToQuery(QueryExecutorMethodInterceptor.java:104) ~[spring-data-commons-3.4.3.jar:3.4.3]
	at org.springframework.data.repository.core.support.QueryExecutorMethodInterceptor.lambda$new$0(QueryExecutorMethodInterceptor.java:92) ~[spring-data-commons-3.4.3.jar:3.4.3]
	at java.base/java.util.Optional.map(Optional.java:260) ~[?:?]
	at org.springframework.data.repository.core.support.QueryExecutorMethodInterceptor.<init>(QueryExecutorMethodInterceptor.java:92) ~[spring-data-commons-3.4.3.jar:3.4.3]
	at org.springframework.data.repository.core.support.RepositoryFactorySupport.getRepository(RepositoryFactorySupport.java:440) ~[spring-data-commons-3.4.3.jar:3.4.3]
	at org.springframework.data.repository.core.support.RepositoryFactoryBeanSupport.lambda$afterPropertiesSet$4(RepositoryFactoryBeanSupport.java:350) ~[spring-data-commons-3.4.3.jar:3.4.3]
	at org.springframework.data.util.Lazy.getNullable(Lazy.java:135) ~[spring-data-commons-3.4.3.jar:3.4.3]
	at org.springframework.data.util.Lazy.get(Lazy.java:113) ~[spring-data-commons-3.4.3.jar:3.4.3]
	at org.springframework.data.repository.core.support.RepositoryFactoryBeanSupport.afterPropertiesSet(RepositoryFactoryBeanSupport.java:356) ~[spring-data-commons-3.4.3.jar:3.4.3]
	at org.springframework.data.jpa.repository.support.JpaRepositoryFactoryBean.afterPropertiesSet(JpaRepositoryFactoryBean.java:132) ~[spring-data-jpa-3.4.3.jar:3.4.3]
	at org.springframework.beans.factory.support.AbstractAutowireCapableBeanFactory.invokeInitMethods(AbstractAutowireCapableBeanFactory.java:1859) ~[spring-beans-6.2.3.jar:6.2.3]
	at org.springframework.beans.factory.support.AbstractAutowireCapableBeanFactory.initializeBean(AbstractAutowireCapableBeanFactory.java:1808) ~[spring-beans-6.2.3.jar:6.2.3]
	at org.springframework.beans.factory.support.AbstractAutowireCapableBeanFactory.doCreateBean(AbstractAutowireCapableBeanFactory.java:601) ~[spring-beans-6.2.3.jar:6.2.3]
	at org.springframework.beans.factory.support.AbstractAutowireCapableBeanFactory.createBean(AbstractAutowireCapableBeanFactory.java:523) ~[spring-beans-6.2.3.jar:6.2.3]
	at org.springframework.beans.factory.support.AbstractBeanFactory.lambda$doGetBean$0(AbstractBeanFactory.java:339) ~[spring-beans-6.2.3.jar:6.2.3]
	at org.springframework.beans.factory.support.DefaultSingletonBeanRegistry.getSingleton(DefaultSingletonBeanRegistry.java:346) ~[spring-beans-6.2.3.jar:6.2.3]
	at org.springframework.beans.factory.support.AbstractBeanFactory.doGetBean(AbstractBeanFactory.java:337) ~[spring-beans-6.2.3.jar:6.2.3]
	at org.springframework.beans.factory.support.AbstractBeanFactory.getBean(AbstractBeanFactory.java:202) ~[spring-beans-6.2.3.jar:6.2.3]
	at org.springframework.beans.factory.support.DefaultListableBeanFactory.doResolveDependency(DefaultListableBeanFactory.java:1606) ~[spring-beans-6.2.3.jar:6.2.3]
	at org.springframework.beans.factory.support.DefaultListableBeanFactory.resolveDependency(DefaultListableBeanFactory.java:1552) ~[spring-beans-6.2.3.jar:6.2.3]
	at org.springframework.beans.factory.support.ConstructorResolver.resolveAutowiredArgument(ConstructorResolver.java:913) ~[spring-beans-6.2.3.jar:6.2.3]
	at org.springframework.beans.factory.support.ConstructorResolver.createArgumentArray(ConstructorResolver.java:791) ~[spring-beans-6.2.3.jar:6.2.3]
	at org.springframework.beans.factory.support.ConstructorResolver.autowireConstructor(ConstructorResolver.java:240) ~[spring-beans-6.2.3.jar:6.2.3]
	at org.springframework.beans.factory.support.AbstractAutowireCapableBeanFactory.autowireConstructor(AbstractAutowireCapableBeanFactory.java:1381) ~[spring-beans-6.2.3.jar:6.2.3]
	at org.springframework.beans.factory.support.AbstractAutowireCapableBeanFactory.createBeanInstance(AbstractAutowireCapableBeanFactory.java:1218) ~[spring-beans-6.2.3.jar:6.2.3]
	at org.springframework.beans.factory.support.AbstractAutowireCapableBeanFactory.doCreateBean(AbstractAutowireCapableBeanFactory.java:563) ~[spring-beans-6.2.3.jar:6.2.3]
	at org.springframework.beans.factory.support.AbstractAutowireCapableBeanFactory.createBean(AbstractAutowireCapableBeanFactory.java:523) ~[spring-beans-6.2.3.jar:6.2.3]
	at org.springframework.beans.factory.support.AbstractBeanFactory.lambda$doGetBean$0(AbstractBeanFactory.java:339) ~[spring-beans-6.2.3.jar:6.2.3]
	at org.springframework.beans.factory.support.DefaultSingletonBeanRegistry.getSingleton(DefaultSingletonBeanRegistry.java:346) ~[spring-beans-6.2.3.jar:6.2.3]
	at org.springframework.beans.factory.support.AbstractBeanFactory.doGetBean(AbstractBeanFactory.java:337) ~[spring-beans-6.2.3.jar:6.2.3]
	at org.springframework.beans.factory.support.AbstractBeanFactory.getBean(AbstractBeanFactory.java:202) ~[spring-beans-6.2.3.jar:6.2.3]
	at org.springframework.beans.factory.config.DependencyDescriptor.resolveCandidate(DependencyDescriptor.java:254) ~[spring-beans-6.2.3.jar:6.2.3]
	at org.springframework.beans.factory.support.DefaultListableBeanFactory.doResolveDependency(DefaultListableBeanFactory.java:1664) ~[spring-beans-6.2.3.jar:6.2.3]
	at org.springframework.beans.factory.support.DefaultListableBeanFactory.resolveDependency(DefaultListableBeanFactory.java:1552) ~[spring-beans-6.2.3.jar:6.2.3]
	at org.springframework.beans.factory.support.ConstructorResolver.resolveAutowiredArgument(ConstructorResolver.java:913) ~[spring-beans-6.2.3.jar:6.2.3]
	at org.springframework.beans.factory.support.ConstructorResolver.createArgumentArray(ConstructorResolver.java:791) ~[spring-beans-6.2.3.jar:6.2.3]
	at org.springframework.beans.factory.support.ConstructorResolver.autowireConstructor(ConstructorResolver.java:240) ~[spring-beans-6.2.3.jar:6.2.3]
	at org.springframework.beans.factory.support.AbstractAutowireCapableBeanFactory.autowireConstructor(AbstractAutowireCapableBeanFactory.java:1381) ~[spring-beans-6.2.3.jar:6.2.3]
	at org.springframework.beans.factory.support.AbstractAutowireCapableBeanFactory.createBeanInstance(AbstractAutowireCapableBeanFactory.java:1218) ~[spring-beans-6.2.3.jar:6.2.3]
	at org.springframework.beans.factory.support.AbstractAutowireCapableBeanFactory.doCreateBean(AbstractAutowireCapableBeanFactory.java:563) ~[spring-beans-6.2.3.jar:6.2.3]
	at org.springframework.beans.factory.support.AbstractAutowireCapableBeanFactory.createBean(AbstractAutowireCapableBeanFactory.java:523) ~[spring-beans-6.2.3.jar:6.2.3]
	at org.springframework.beans.factory.support.AbstractBeanFactory.lambda$doGetBean$0(AbstractBeanFactory.java:339) ~[spring-beans-6.2.3.jar:6.2.3]
	at org.springframework.beans.factory.support.DefaultSingletonBeanRegistry.getSingleton(DefaultSingletonBeanRegistry.java:346) ~[spring-beans-6.2.3.jar:6.2.3]
	at org.springframework.beans.factory.support.AbstractBeanFactory.doGetBean(AbstractBeanFactory.java:337) ~[spring-beans-6.2.3.jar:6.2.3]
	at org.springframework.beans.factory.support.AbstractBeanFactory.getBean(AbstractBeanFactory.java:202) ~[spring-beans-6.2.3.jar:6.2.3]
	at org.springframework.beans.factory.support.DefaultListableBeanFactory.instantiateSingleton(DefaultListableBeanFactory.java:1155) ~[spring-beans-6.2.3.jar:6.2.3]
	at org.springframework.beans.factory.support.DefaultListableBeanFactory.preInstantiateSingleton(DefaultListableBeanFactory.java:1121) ~[spring-beans-6.2.3.jar:6.2.3]
	at org.springframework.beans.factory.support.DefaultListableBeanFactory.preInstantiateSingletons(DefaultListableBeanFactory.java:1056) ~[spring-beans-6.2.3.jar:6.2.3]
	at org.springframework.context.support.AbstractApplicationContext.finishBeanFactoryInitialization(AbstractApplicationContext.java:987) ~[spring-context-6.2.3.jar:6.2.3]
	at org.springframework.context.support.AbstractApplicationContext.refresh(AbstractApplicationContext.java:627) ~[spring-context-6.2.3.jar:6.2.3]
	at org.springframework.boot.SpringApplication.refresh(SpringApplication.java:752) ~[spring-boot-3.4.3.jar:3.4.3]
	at org.springframework.boot.SpringApplication.refreshContext(SpringApplication.java:439) ~[spring-boot-3.4.3.jar:3.4.3]
	at org.springframework.boot.SpringApplication.run(SpringApplication.java:318) ~[spring-boot-3.4.3.jar:3.4.3]
	at org.springframework.boot.test.context.SpringBootContextLoader.lambda$loadContext$3(SpringBootContextLoader.java:137) ~[spring-boot-test-3.4.3.jar:3.4.3]
	at org.springframework.util.function.ThrowingSupplier.get(ThrowingSupplier.java:58) ~[spring-core-6.2.3.jar:6.2.3]
	at org.springframework.util.function.ThrowingSupplier.get(ThrowingSupplier.java:46) ~[spring-core-6.2.3.jar:6.2.3]
	at org.springframework.boot.SpringApplication.withHook(SpringApplication.java:1461) ~[spring-boot-3.4.3.jar:3.4.3]
	at org.springframework.boot.test.context.SpringBootContextLoader$ContextLoaderHook.run(SpringBootContextLoader.java:553) ~[spring-boot-test-3.4.3.jar:3.4.3]
	at org.springframework.boot.test.context.SpringBootContextLoader.loadContext(SpringBootContextLoader.java:137) ~[spring-boot-test-3.4.3.jar:3.4.3]
	at org.springframework.boot.test.context.SpringBootContextLoader.loadContext(SpringBootContextLoader.java:108) ~[spring-boot-test-3.4.3.jar:3.4.3]
	at org.springframework.test.context.cache.DefaultCacheAwareContextLoaderDelegate.loadContextInternal(DefaultCacheAwareContextLoaderDelegate.java:225) ~[spring-test-6.2.3.jar:6.2.3]
	at org.springframework.test.context.cache.DefaultCacheAwareContextLoaderDelegate.loadContext(DefaultCacheAwareContextLoaderDelegate.java:152) ~[spring-test-6.2.3.jar:6.2.3]
	at org.springframework.test.context.support.DefaultTestContext.getApplicationContext(DefaultTestContext.java:130) ~[spring-test-6.2.3.jar:6.2.3]
	at org.springframework.test.context.web.ServletTestExecutionListener.setUpRequestContextIfNecessary(ServletTestExecutionListener.java:200) ~[spring-test-6.2.3.jar:6.2.3]
	at org.springframework.test.context.web.ServletTestExecutionListener.prepareTestInstance(ServletTestExecutionListener.java:139) ~[spring-test-6.2.3.jar:6.2.3]
	at org.springframework.test.context.TestContextManager.prepareTestInstance(TestContextManager.java:260) ~[spring-test-6.2.3.jar:6.2.3]
	at org.springframework.test.context.junit.jupiter.SpringExtension.postProcessTestInstance(SpringExtension.java:160) ~[spring-test-6.2.3.jar:6.2.3]
	at org.junit.jupiter.engine.descriptor.ClassBasedTestDescriptor.lambda$invokeTestInstancePostProcessors$11(ClassBasedTestDescriptor.java:378) ~[junit-jupiter-engine-5.11.4.jar:5.11.4]
	at org.junit.jupiter.engine.descriptor.ClassBasedTestDescriptor.executeAndMaskThrowable(ClassBasedTestDescriptor.java:383) ~[junit-jupiter-engine-5.11.4.jar:5.11.4]
	at org.junit.jupiter.engine.descriptor.ClassBasedTestDescriptor.lambda$invokeTestInstancePostProcessors$12(ClassBasedTestDescriptor.java:378) ~[junit-jupiter-engine-5.11.4.jar:5.11.4]
	at java.base/java.util.stream.ForEachOps$ForEachOp$OfRef.accept(ForEachOps.java:183) ~[?:?]
	at java.base/java.util.stream.ReferencePipeline$3$1.accept(ReferencePipeline.java:197) ~[?:?]
	at java.base/java.util.stream.ReferencePipeline$2$1.accept(ReferencePipeline.java:179) ~[?:?]
	at java.base/java.util.stream.ReferencePipeline$3$1.accept(ReferencePipeline.java:197) ~[?:?]
	at java.base/java.util.ArrayList$ArrayListSpliterator.forEachRemaining(ArrayList.java:1625) ~[?:?]
	at java.base/java.util.stream.AbstractPipeline.copyInto(AbstractPipeline.java:509) ~[?:?]
	at java.base/java.util.stream.AbstractPipeline.wrapAndCopyInto(AbstractPipeline.java:499) ~[?:?]
	at java.base/java.util.stream.ForEachOps$ForEachOp.evaluateSequential(ForEachOps.java:150) ~[?:?]
	at java.base/java.util.stream.ForEachOps$ForEachOp$OfRef.evaluateSequential(ForEachOps.java:173) ~[?:?]
	at java.base/java.util.stream.AbstractPipeline.evaluate(AbstractPipeline.java:234) ~[?:?]
	at java.base/java.util.stream.ReferencePipeline.forEach(ReferencePipeline.java:596) ~[?:?]
	at org.junit.jupiter.engine.descriptor.ClassBasedTestDescriptor.invokeTestInstancePostProcessors(ClassBasedTestDescriptor.java:377) ~[junit-jupiter-engine-5.11.4.jar:5.11.4]
	at org.junit.jupiter.engine.descriptor.ClassBasedTestDescriptor.lambda$instantiateAndPostProcessTestInstance$7(ClassBasedTestDescriptor.java:290) ~[junit-jupiter-engine-5.11.4.jar:5.11.4]
	at org.junit.platform.engine.support.hierarchical.ThrowableCollector.execute(ThrowableCollector.java:73) ~[junit-platform-engine-1.11.4.jar:1.11.4]
	at org.junit.jupiter.engine.descriptor.ClassBasedTestDescriptor.instantiateAndPostProcessTestInstance(ClassBasedTestDescriptor.java:289) ~[junit-jupiter-engine-5.11.4.jar:5.11.4]
	at org.junit.jupiter.engine.descriptor.ClassBasedTestDescriptor.lambda$testInstancesProvider$5(ClassBasedTestDescriptor.java:279) ~[junit-jupiter-engine-5.11.4.jar:5.11.4]
	at java.base/java.util.Optional.orElseGet(Optional.java:364) ~[?:?]
	at org.junit.jupiter.engine.descriptor.ClassBasedTestDescriptor.lambda$testInstancesProvider$6(ClassBasedTestDescriptor.java:278) ~[junit-jupiter-engine-5.11.4.jar:5.11.4]
	at org.junit.jupiter.engine.execution.TestInstancesProvider.getTestInstances(TestInstancesProvider.java:31) ~[junit-jupiter-engine-5.11.4.jar:5.11.4]
	at org.junit.jupiter.engine.descriptor.TestMethodTestDescriptor.lambda$prepare$1(TestMethodTestDescriptor.java:105) ~[junit-jupiter-engine-5.11.4.jar:5.11.4]
	at org.junit.platform.engine.support.hierarchical.ThrowableCollector.execute(ThrowableCollector.java:73) ~[junit-platform-engine-1.11.4.jar:1.11.4]
	at org.junit.jupiter.engine.descriptor.TestMethodTestDescriptor.prepare(TestMethodTestDescriptor.java:104) ~[junit-jupiter-engine-5.11.4.jar:5.11.4]
	at org.junit.jupiter.engine.descriptor.TestMethodTestDescriptor.prepare(TestMethodTestDescriptor.java:68) ~[junit-jupiter-engine-5.11.4.jar:5.11.4]
	at org.junit.platform.engine.support.hierarchical.NodeTestTask.lambda$prepare$2(NodeTestTask.java:128) ~[junit-platform-engine-1.11.4.jar:1.11.4]
	at org.junit.platform.engine.support.hierarchical.ThrowableCollector.execute(ThrowableCollector.java:73) ~[junit-platform-engine-1.11.4.jar:1.11.4]
	at org.junit.platform.engine.support.hierarchical.NodeTestTask.prepare(NodeTestTask.java:128) ~[junit-platform-engine-1.11.4.jar:1.11.4]
	at org.junit.platform.engine.support.hierarchical.NodeTestTask.execute(NodeTestTask.java:95) ~[junit-platform-engine-1.11.4.jar:1.11.4]
	at java.base/java.util.ArrayList.forEach(ArrayList.java:1511) ~[?:?]
	at org.junit.platform.engine.support.hierarchical.SameThreadHierarchicalTestExecutorService.invokeAll(SameThreadHierarchicalTestExecutorService.java:41) ~[junit-platform-engine-1.11.4.jar:1.11.4]
	at org.junit.platform.engine.support.hierarchical.NodeTestTask.lambda$executeRecursively$6(NodeTestTask.java:160) ~[junit-platform-engine-1.11.4.jar:1.11.4]
	at org.junit.platform.engine.support.hierarchical.ThrowableCollector.execute(ThrowableCollector.java:73) ~[junit-platform-engine-1.11.4.jar:1.11.4]
	at org.junit.platform.engine.support.hierarchical.NodeTestTask.lambda$executeRecursively$8(NodeTestTask.java:146) ~[junit-platform-engine-1.11.4.jar:1.11.4]
	at org.junit.platform.engine.support.hierarchical.Node.around(Node.java:137) ~[junit-platform-engine-1.11.4.jar:1.11.4]
	at org.junit.platform.engine.support.hierarchical.NodeTestTask.lambda$executeRecursively$9(NodeTestTask.java:144) ~[junit-platform-engine-1.11.4.jar:1.11.4]
	at org.junit.platform.engine.support.hierarchical.ThrowableCollector.execute(ThrowableCollector.java:73) ~[junit-platform-engine-1.11.4.jar:1.11.4]
	at org.junit.platform.engine.support.hierarchical.NodeTestTask.executeRecursively(NodeTestTask.java:143) ~[junit-platform-engine-1.11.4.jar:1.11.4]
	at org.junit.platform.engine.support.hierarchical.NodeTestTask.execute(NodeTestTask.java:100) ~[junit-platform-engine-1.11.4.jar:1.11.4]
	at java.base/java.util.ArrayList.forEach(ArrayList.java:1511) ~[?:?]
	at org.junit.platform.engine.support.hierarchical.SameThreadHierarchicalTestExecutorService.invokeAll(SameThreadHierarchicalTestExecutorService.java:41) ~[junit-platform-engine-1.11.4.jar:1.11.4]
	at org.junit.platform.engine.support.hierarchical.NodeTestTask.lambda$executeRecursively$6(NodeTestTask.java:160) ~[junit-platform-engine-1.11.4.jar:1.11.4]
	at org.junit.platform.engine.support.hierarchical.ThrowableCollector.execute(ThrowableCollector.java:73) ~[junit-platform-engine-1.11.4.jar:1.11.4]
	at org.junit.platform.engine.support.hierarchical.NodeTestTask.lambda$executeRecursively$8(NodeTestTask.java:146) ~[junit-platform-engine-1.11.4.jar:1.11.4]
	at org.junit.platform.engine.support.hierarchical.Node.around(Node.java:137) ~[junit-platform-engine-1.11.4.jar:1.11.4]
	at org.junit.platform.engine.support.hierarchical.NodeTestTask.lambda$executeRecursively$9(NodeTestTask.java:144) ~[junit-platform-engine-1.11.4.jar:1.11.4]
	at org.junit.platform.engine.support.hierarchical.ThrowableCollector.execute(ThrowableCollector.java:73) ~[junit-platform-engine-1.11.4.jar:1.11.4]
	at org.junit.platform.engine.support.hierarchical.NodeTestTask.executeRecursively(NodeTestTask.java:143) ~[junit-platform-engine-1.11.4.jar:1.11.4]
	at org.junit.platform.engine.support.hierarchical.NodeTestTask.execute(NodeTestTask.java:100) ~[junit-platform-engine-1.11.4.jar:1.11.4]
	at org.junit.platform.engine.support.hierarchical.SameThreadHierarchicalTestExecutorService.submit(SameThreadHierarchicalTestExecutorService.java:35) ~[junit-platform-engine-1.11.4.jar:1.11.4]
	at org.junit.platform.engine.support.hierarchical.HierarchicalTestExecutor.execute(HierarchicalTestExecutor.java:57) ~[junit-platform-engine-1.11.4.jar:1.11.4]
	at org.junit.platform.engine.support.hierarchical.HierarchicalTestEngine.execute(HierarchicalTestEngine.java:54) ~[junit-platform-engine-1.11.4.jar:1.11.4]
	at org.junit.platform.launcher.core.EngineExecutionOrchestrator.execute(EngineExecutionOrchestrator.java:198) ~[junit-platform-launcher-1.11.4.jar:1.11.4]
	at org.junit.platform.launcher.core.EngineExecutionOrchestrator.execute(EngineExecutionOrchestrator.java:169) ~[junit-platform-launcher-1.11.4.jar:1.11.4]
	at org.junit.platform.launcher.core.EngineExecutionOrchestrator.execute(EngineExecutionOrchestrator.java:93) ~[junit-platform-launcher-1.11.4.jar:1.11.4]
	at org.junit.platform.launcher.core.EngineExecutionOrchestrator.lambda$execute$0(EngineExecutionOrchestrator.java:58) ~[junit-platform-launcher-1.11.4.jar:1.11.4]
	at org.junit.platform.launcher.core.EngineExecutionOrchestrator.withInterceptedStreams(EngineExecutionOrchestrator.java:141) [junit-platform-launcher-1.11.4.jar:1.11.4]
	at org.junit.platform.launcher.core.EngineExecutionOrchestrator.execute(EngineExecutionOrchestrator.java:57) [junit-platform-launcher-1.11.4.jar:1.11.4]
	at org.junit.platform.launcher.core.DefaultLauncher.execute(DefaultLauncher.java:103) [junit-platform-launcher-1.11.4.jar:1.11.4]
	at org.junit.platform.launcher.core.DefaultLauncher.execute(DefaultLauncher.java:85) [junit-platform-launcher-1.11.4.jar:1.11.4]
	at org.junit.platform.launcher.core.DelegatingLauncher.execute(DelegatingLauncher.java:47) [junit-platform-launcher-1.11.4.jar:1.11.4]
	at org.apache.maven.surefire.junitplatform.LazyLauncher.execute(LazyLauncher.java:56) [surefire-junit-platform-3.5.2.jar:3.5.2]
	at org.apache.maven.surefire.junitplatform.JUnitPlatformProvider.execute(JUnitPlatformProvider.java:184) [surefire-junit-platform-3.5.2.jar:3.5.2]
	at org.apache.maven.surefire.junitplatform.JUnitPlatformProvider.invokeAllTests(JUnitPlatformProvider.java:148) [surefire-junit-platform-3.5.2.jar:3.5.2]
	at org.apache.maven.surefire.junitplatform.JUnitPlatformProvider.invoke(JUnitPlatformProvider.java:122) [surefire-junit-platform-3.5.2.jar:3.5.2]
	at org.apache.maven.surefire.booter.ForkedBooter.runSuitesInProcess(ForkedBooter.java:385) [surefire-booter-3.5.2.jar:3.5.2]
	at org.apache.maven.surefire.booter.ForkedBooter.execute(ForkedBooter.java:162) [surefire-booter-3.5.2.jar:3.5.2]
	at org.apache.maven.surefire.booter.ForkedBooter.run(ForkedBooter.java:507) [surefire-booter-3.5.2.jar:3.5.2]
	at org.apache.maven.surefire.booter.ForkedBooter.main(ForkedBooter.java:495) [surefire-booter-3.5.2.jar:3.5.2]
2025-07-31 16:26:36.730 [main] DEBUG org.springframework.data.jpa.repository.query.NamedQuery - Did not find named query UserCredentials.existsByEmail
2025-07-31 16:26:36.730 [main] DEBUG org.springframework.orm.jpa.SharedEntityManagerCreator$SharedEntityManagerInvocationHandler - Creating new EntityManager for shared EntityManager invocation
2025-07-31 16:26:36.737 [main] DEBUG org.springframework.data.repository.core.support.RepositoryFactorySupport - Finished creation of repository instance for com.example.trainup.repository.UserCredentialsRepository.
2025-07-31 16:26:36.775 [main] DEBUG org.springframework.beans.factory.support.DefaultListableBeanFactory - Autowiring by type from bean name 'customUserDetailsService' via constructor to bean named 'userCredentialsRepository'
2025-07-31 16:26:36.787 [main] DEBUG org.springframework.beans.factory.support.DefaultListableBeanFactory - Creating shared instance of singleton bean 'jwtAuthenticationFilter'
2025-07-31 16:26:36.789 [main] DEBUG org.springframework.beans.factory.support.DefaultListableBeanFactory - Creating shared instance of singleton bean 'jwtUtil'
2025-07-31 16:26:36.790 [main] DEBUG org.springframework.core.env.PropertySourcesPropertyResolver - Found key 'jwt.secret' in PropertySource 'environmentProperties' with value of type String
2025-07-31 16:26:36.808 [main] DEBUG org.springframework.core.env.PropertySourcesPropertyResolver - Found key 'jwt.expiration' in PropertySource 'environmentProperties' with value of type String
2025-07-31 16:26:36.819 [main] DEBUG org.springframework.beans.factory.support.DefaultListableBeanFactory - Autowiring by type from bean name 'jwtAuthenticationFilter' via constructor to bean named 'customUserDetailsService'
2025-07-31 16:26:36.820 [main] DEBUG org.springframework.beans.factory.support.DefaultListableBeanFactory - Autowiring by type from bean name 'jwtAuthenticationFilter' via constructor to bean named 'jwtUtil'
2025-07-31 16:26:36.836 [main] DEBUG org.springframework.beans.factory.support.DefaultListableBeanFactory - Autowiring by type from bean name 'securityConfig' via constructor to bean named 'customUserDetailsService'
2025-07-31 16:26:36.836 [main] DEBUG org.springframework.beans.factory.support.DefaultListableBeanFactory - Autowiring by type from bean name 'securityConfig' via constructor to bean named 'jwtAuthenticationFilter'
2025-07-31 16:26:36.836 [main] DEBUG org.springframework.beans.factory.support.DefaultListableBeanFactory - Autowiring by type from bean name 'securityConfig' via constructor to bean named 'org.springframework.web.context.support.GenericWebApplicationContext@7942a854'
2025-07-31 16:26:36.852 [main] DEBUG org.springframework.beans.factory.support.DefaultListableBeanFactory - Creating shared instance of singleton bean 'athleteController'
2025-07-31 16:26:36.860 [main] DEBUG org.springframework.beans.factory.support.DefaultListableBeanFactory - Autowiring by type from bean name 'athleteController' via constructor to bean named 'athleteService'
2025-07-31 16:26:36.940 [main] DEBUG org.springframework.beans.factory.support.DefaultListableBeanFactory - Creating shared instance of singleton bean 'authenticationController'
2025-07-31 16:26:36.982 [main] DEBUG org.springframework.beans.factory.support.DefaultListableBeanFactory - Creating shared instance of singleton bean 'authenticationService'
2025-07-31 16:26:36.982 [main] DEBUG org.springframework.beans.factory.support.DefaultListableBeanFactory - Creating shared instance of singleton bean 'authenticationManager'
2025-07-31 16:26:36.983 [main] DEBUG org.springframework.beans.factory.support.DefaultListableBeanFactory - Creating shared instance of singleton bean 'org.springframework.security.config.annotation.authentication.configuration.AuthenticationConfiguration'
2025-07-31 16:26:36.987 [main] DEBUG org.springframework.beans.factory.support.DefaultListableBeanFactory - Creating shared instance of singleton bean 'enableGlobalAuthenticationAutowiredConfigurer'
2025-07-31 16:26:36.987 [main] DEBUG org.springframework.beans.factory.support.DefaultListableBeanFactory - Autowiring by type from bean name 'enableGlobalAuthenticationAutowiredConfigurer' via factory method to bean named 'org.springframework.web.context.support.GenericWebApplicationContext@7942a854'
2025-07-31 16:26:36.992 [main] DEBUG org.springframework.beans.factory.support.DefaultListableBeanFactory - Creating shared instance of singleton bean 'initializeUserDetailsBeanManagerConfigurer'
2025-07-31 16:26:36.992 [main] DEBUG org.springframework.beans.factory.support.DefaultListableBeanFactory - Autowiring by type from bean name 'initializeUserDetailsBeanManagerConfigurer' via factory method to bean named 'org.springframework.web.context.support.GenericWebApplicationContext@7942a854'
2025-07-31 16:26:36.995 [main] DEBUG org.springframework.beans.factory.support.DefaultListableBeanFactory - Creating shared instance of singleton bean 'initializeAuthenticationProviderBeanManagerConfigurer'
2025-07-31 16:26:36.995 [main] DEBUG org.springframework.beans.factory.support.DefaultListableBeanFactory - Autowiring by type from bean name 'initializeAuthenticationProviderBeanManagerConfigurer' via factory method to bean named 'org.springframework.web.context.support.GenericWebApplicationContext@7942a854'
2025-07-31 16:26:36.999 [main] DEBUG org.springframework.beans.factory.support.DefaultListableBeanFactory - Creating shared instance of singleton bean 'objectPostProcessor'
2025-07-31 16:26:36.999 [main] DEBUG org.springframework.beans.factory.support.DefaultListableBeanFactory - Creating shared instance of singleton bean 'org.springframework.security.config.annotation.configuration.ObjectPostProcessorConfiguration'
2025-07-31 16:26:37.004 [main] DEBUG org.springframework.beans.factory.support.DefaultListableBeanFactory - Autowiring by type from bean name 'objectPostProcessor' via factory method to bean named 'org.springframework.beans.factory.support.DefaultListableBeanFactory@4ac86d6a'
2025-07-31 16:26:37.015 [main] DEBUG org.springframework.beans.factory.support.DefaultListableBeanFactory - Autowiring by type from bean name 'authenticationManager' via factory method to bean named 'org.springframework.security.config.annotation.authentication.configuration.AuthenticationConfiguration'
2025-07-31 16:26:37.016 [main] DEBUG org.springframework.beans.factory.support.DefaultListableBeanFactory - Creating shared instance of singleton bean 'authenticationManagerBuilder'
2025-07-31 16:26:37.017 [main] DEBUG org.springframework.beans.factory.support.DefaultListableBeanFactory - Autowiring by type from bean name 'authenticationManagerBuilder' via factory method to bean named 'objectPostProcessor'
2025-07-31 16:26:37.017 [main] DEBUG org.springframework.beans.factory.support.DefaultListableBeanFactory - Autowiring by type from bean name 'authenticationManagerBuilder' via factory method to bean named 'org.springframework.web.context.support.GenericWebApplicationContext@7942a854'
2025-07-31 16:26:37.020 [main] DEBUG org.springframework.beans.factory.support.DefaultListableBeanFactory - Creating shared instance of singleton bean 'authenticationEventPublisher'
2025-07-31 16:26:37.020 [main] DEBUG org.springframework.beans.factory.support.DefaultListableBeanFactory - Creating shared instance of singleton bean 'org.springframework.boot.autoconfigure.security.servlet.SecurityAutoConfiguration'
2025-07-31 16:26:37.023 [main] DEBUG org.springframework.beans.factory.support.DefaultListableBeanFactory - Autowiring by type from bean name 'authenticationEventPublisher' via factory method to bean named 'org.springframework.web.context.support.GenericWebApplicationContext@7942a854'
2025-07-31 16:26:37.083 [main] DEBUG org.springframework.beans.factory.support.DefaultListableBeanFactory - Creating shared instance of singleton bean 'chatSession'
2025-07-31 16:26:37.109 [main] DEBUG org.springframework.beans.factory.support.DefaultListableBeanFactory - Creating shared instance of singleton bean 'org.springframework.boot.autoconfigure.security.servlet.SpringBootWebSecurityConfiguration$WebSecurityEnablerConfiguration'
2025-07-31 16:26:37.117 [main] DEBUG org.springframework.beans.factory.support.DefaultListableBeanFactory - Creating shared instance of singleton bean 'getPasswordEncoder'
2025-07-31 16:26:37.151 [main] INFO  org.springframework.security.config.annotation.authentication.configuration.InitializeUserDetailsBeanManagerConfigurer$InitializeUserDetailsManagerConfigurer - Global AuthenticationManager configured with UserDetailsService bean with name customUserDetailsService
2025-07-31 16:26:37.156 [main] DEBUG org.springframework.beans.factory.support.DefaultListableBeanFactory - Autowiring by type from bean name 'authenticationService' via constructor to bean named 'authenticationManager'
2025-07-31 16:26:37.157 [main] DEBUG org.springframework.beans.factory.support.DefaultListableBeanFactory - Autowiring by type from bean name 'authenticationService' via constructor to bean named 'jwtUtil'
2025-07-31 16:26:37.169 [main] DEBUG org.springframework.beans.factory.support.DefaultListableBeanFactory - Creating shared instance of singleton bean 'trainerServiceImpl'
2025-07-31 16:26:37.198 [main] DEBUG org.springframework.beans.factory.support.DefaultListableBeanFactory - Creating shared instance of singleton bean 'trainerRepository'
2025-07-31 16:26:37.201 [main] DEBUG org.springframework.beans.factory.support.DefaultListableBeanFactory - Creating shared instance of singleton bean 'jpa.named-queries#6'
2025-07-31 16:26:37.207 [main] DEBUG org.springframework.beans.factory.support.DefaultListableBeanFactory - Creating shared instance of singleton bean 'jpa.TrainerRepository.fragments#0'
2025-07-31 16:26:37.219 [main] DEBUG org.springframework.orm.jpa.SharedEntityManagerCreator$SharedEntityManagerInvocationHandler - Creating new EntityManager for shared EntityManager invocation
2025-07-31 16:26:37.252 [main] DEBUG org.springframework.data.repository.core.support.RepositoryFactorySupport - Initializing repository instance for com.example.trainup.repository.TrainerRepository…
2025-07-31 16:26:37.253 [main] DEBUG org.springframework.orm.jpa.SharedEntityManagerCreator$SharedEntityManagerInvocationHandler - Creating new EntityManager for shared EntityManager invocation
2025-07-31 16:26:37.257 [main] DEBUG org.springframework.data.jpa.repository.query.NamedQuery - Looking up named query 'Trainer.getTrainerById'
2025-07-31 16:26:37.257 [main] DEBUG org.hibernate.resource.transaction.backend.jdbc.internal.JdbcResourceLocalTransactionCoordinatorImpl - JDBC transaction marked for rollback-only (exception provided for stack trace)
java.lang.Exception: exception just for purpose of providing stack trace
	at org.hibernate.resource.transaction.backend.jdbc.internal.JdbcResourceLocalTransactionCoordinatorImpl$TransactionDriverControlImpl.markRollbackOnly(JdbcResourceLocalTransactionCoordinatorImpl.java:309) ~[hibernate-core-6.6.8.Final.jar:6.6.8.Final]
	at org.hibernate.internal.AbstractSharedSessionContract.buildNamedQuery(AbstractSharedSessionContract.java:1141) ~[hibernate-core-6.6.8.Final.jar:6.6.8.Final]
	at org.hibernate.internal.AbstractSharedSessionContract.createNamedQuery(AbstractSharedSessionContract.java:1019) ~[hibernate-core-6.6.8.Final.jar:6.6.8.Final]
	at org.hibernate.internal.AbstractSharedSessionContract.createNamedQuery(AbstractSharedSessionContract.java:143) ~[hibernate-core-6.6.8.Final.jar:6.6.8.Final]
	at java.base/jdk.internal.reflect.NativeMethodAccessorImpl.invoke0(Native Method) ~[?:?]
	at java.base/jdk.internal.reflect.NativeMethodAccessorImpl.invoke(NativeMethodAccessorImpl.java:77) ~[?:?]
	at java.base/jdk.internal.reflect.DelegatingMethodAccessorImpl.invoke(DelegatingMethodAccessorImpl.java:43) ~[?:?]
	at java.base/java.lang.reflect.Method.invoke(Method.java:569) ~[?:?]
	at org.springframework.orm.jpa.ExtendedEntityManagerCreator$ExtendedEntityManagerInvocationHandler.invoke(ExtendedEntityManagerCreator.java:364) ~[spring-orm-6.2.3.jar:6.2.3]
	at jdk.proxy2/jdk.proxy2.$Proxy236.createNamedQuery(Unknown Source) ~[?:?]
	at org.springframework.data.jpa.repository.query.NamedQuery.hasNamedQuery(NamedQuery.java:114) ~[spring-data-jpa-3.4.3.jar:3.4.3]
	at org.springframework.data.jpa.repository.query.NamedQuery.lookupFrom(NamedQuery.java:140) ~[spring-data-jpa-3.4.3.jar:3.4.3]
	at org.springframework.data.jpa.repository.query.JpaQueryLookupStrategy$DeclaredQueryLookupStrategy.resolveQuery(JpaQueryLookupStrategy.java:184) ~[spring-data-jpa-3.4.3.jar:3.4.3]
	at org.springframework.data.jpa.repository.query.JpaQueryLookupStrategy$CreateIfNotFoundQueryLookupStrategy.resolveQuery(JpaQueryLookupStrategy.java:256) ~[spring-data-jpa-3.4.3.jar:3.4.3]
	at org.springframework.data.jpa.repository.query.JpaQueryLookupStrategy$AbstractQueryLookupStrategy.resolveQuery(JpaQueryLookupStrategy.java:99) ~[spring-data-jpa-3.4.3.jar:3.4.3]
	at org.springframework.data.repository.core.support.QueryExecutorMethodInterceptor.lookupQuery(QueryExecutorMethodInterceptor.java:116) ~[spring-data-commons-3.4.3.jar:3.4.3]
	at org.springframework.data.repository.core.support.QueryExecutorMethodInterceptor.mapMethodsToQuery(QueryExecutorMethodInterceptor.java:104) ~[spring-data-commons-3.4.3.jar:3.4.3]
	at org.springframework.data.repository.core.support.QueryExecutorMethodInterceptor.lambda$new$0(QueryExecutorMethodInterceptor.java:92) ~[spring-data-commons-3.4.3.jar:3.4.3]
	at java.base/java.util.Optional.map(Optional.java:260) ~[?:?]
	at org.springframework.data.repository.core.support.QueryExecutorMethodInterceptor.<init>(QueryExecutorMethodInterceptor.java:92) ~[spring-data-commons-3.4.3.jar:3.4.3]
	at org.springframework.data.repository.core.support.RepositoryFactorySupport.getRepository(RepositoryFactorySupport.java:440) ~[spring-data-commons-3.4.3.jar:3.4.3]
	at org.springframework.data.repository.core.support.RepositoryFactoryBeanSupport.lambda$afterPropertiesSet$4(RepositoryFactoryBeanSupport.java:350) ~[spring-data-commons-3.4.3.jar:3.4.3]
	at org.springframework.data.util.Lazy.getNullable(Lazy.java:135) ~[spring-data-commons-3.4.3.jar:3.4.3]
	at org.springframework.data.util.Lazy.get(Lazy.java:113) ~[spring-data-commons-3.4.3.jar:3.4.3]
	at org.springframework.data.repository.core.support.RepositoryFactoryBeanSupport.afterPropertiesSet(RepositoryFactoryBeanSupport.java:356) ~[spring-data-commons-3.4.3.jar:3.4.3]
	at org.springframework.data.jpa.repository.support.JpaRepositoryFactoryBean.afterPropertiesSet(JpaRepositoryFactoryBean.java:132) ~[spring-data-jpa-3.4.3.jar:3.4.3]
	at org.springframework.beans.factory.support.AbstractAutowireCapableBeanFactory.invokeInitMethods(AbstractAutowireCapableBeanFactory.java:1859) ~[spring-beans-6.2.3.jar:6.2.3]
	at org.springframework.beans.factory.support.AbstractAutowireCapableBeanFactory.initializeBean(AbstractAutowireCapableBeanFactory.java:1808) ~[spring-beans-6.2.3.jar:6.2.3]
	at org.springframework.beans.factory.support.AbstractAutowireCapableBeanFactory.doCreateBean(AbstractAutowireCapableBeanFactory.java:601) ~[spring-beans-6.2.3.jar:6.2.3]
	at org.springframework.beans.factory.support.AbstractAutowireCapableBeanFactory.createBean(AbstractAutowireCapableBeanFactory.java:523) ~[spring-beans-6.2.3.jar:6.2.3]
	at org.springframework.beans.factory.support.AbstractBeanFactory.lambda$doGetBean$0(AbstractBeanFactory.java:339) ~[spring-beans-6.2.3.jar:6.2.3]
	at org.springframework.beans.factory.support.DefaultSingletonBeanRegistry.getSingleton(DefaultSingletonBeanRegistry.java:346) ~[spring-beans-6.2.3.jar:6.2.3]
	at org.springframework.beans.factory.support.AbstractBeanFactory.doGetBean(AbstractBeanFactory.java:337) ~[spring-beans-6.2.3.jar:6.2.3]
	at org.springframework.beans.factory.support.AbstractBeanFactory.getBean(AbstractBeanFactory.java:202) ~[spring-beans-6.2.3.jar:6.2.3]
	at org.springframework.beans.factory.support.DefaultListableBeanFactory.doResolveDependency(DefaultListableBeanFactory.java:1606) ~[spring-beans-6.2.3.jar:6.2.3]
	at org.springframework.beans.factory.support.DefaultListableBeanFactory.resolveDependency(DefaultListableBeanFactory.java:1552) ~[spring-beans-6.2.3.jar:6.2.3]
	at org.springframework.beans.factory.support.ConstructorResolver.resolveAutowiredArgument(ConstructorResolver.java:913) ~[spring-beans-6.2.3.jar:6.2.3]
	at org.springframework.beans.factory.support.ConstructorResolver.createArgumentArray(ConstructorResolver.java:791) ~[spring-beans-6.2.3.jar:6.2.3]
	at org.springframework.beans.factory.support.ConstructorResolver.autowireConstructor(ConstructorResolver.java:240) ~[spring-beans-6.2.3.jar:6.2.3]
	at org.springframework.beans.factory.support.AbstractAutowireCapableBeanFactory.autowireConstructor(AbstractAutowireCapableBeanFactory.java:1381) ~[spring-beans-6.2.3.jar:6.2.3]
	at org.springframework.beans.factory.support.AbstractAutowireCapableBeanFactory.createBeanInstance(AbstractAutowireCapableBeanFactory.java:1218) ~[spring-beans-6.2.3.jar:6.2.3]
	at org.springframework.beans.factory.support.AbstractAutowireCapableBeanFactory.doCreateBean(AbstractAutowireCapableBeanFactory.java:563) ~[spring-beans-6.2.3.jar:6.2.3]
	at org.springframework.beans.factory.support.AbstractAutowireCapableBeanFactory.createBean(AbstractAutowireCapableBeanFactory.java:523) ~[spring-beans-6.2.3.jar:6.2.3]
	at org.springframework.beans.factory.support.AbstractBeanFactory.lambda$doGetBean$0(AbstractBeanFactory.java:339) ~[spring-beans-6.2.3.jar:6.2.3]
	at org.springframework.beans.factory.support.DefaultSingletonBeanRegistry.getSingleton(DefaultSingletonBeanRegistry.java:346) ~[spring-beans-6.2.3.jar:6.2.3]
	at org.springframework.beans.factory.support.AbstractBeanFactory.doGetBean(AbstractBeanFactory.java:337) ~[spring-beans-6.2.3.jar:6.2.3]
	at org.springframework.beans.factory.support.AbstractBeanFactory.getBean(AbstractBeanFactory.java:202) ~[spring-beans-6.2.3.jar:6.2.3]
	at org.springframework.beans.factory.config.DependencyDescriptor.resolveCandidate(DependencyDescriptor.java:254) ~[spring-beans-6.2.3.jar:6.2.3]
	at org.springframework.beans.factory.support.DefaultListableBeanFactory.doResolveDependency(DefaultListableBeanFactory.java:1664) ~[spring-beans-6.2.3.jar:6.2.3]
	at org.springframework.beans.factory.support.DefaultListableBeanFactory.resolveDependency(DefaultListableBeanFactory.java:1552) ~[spring-beans-6.2.3.jar:6.2.3]
	at org.springframework.beans.factory.support.ConstructorResolver.resolveAutowiredArgument(ConstructorResolver.java:913) ~[spring-beans-6.2.3.jar:6.2.3]
	at org.springframework.beans.factory.support.ConstructorResolver.createArgumentArray(ConstructorResolver.java:791) ~[spring-beans-6.2.3.jar:6.2.3]
	at org.springframework.beans.factory.support.ConstructorResolver.autowireConstructor(ConstructorResolver.java:240) ~[spring-beans-6.2.3.jar:6.2.3]
	at org.springframework.beans.factory.support.AbstractAutowireCapableBeanFactory.autowireConstructor(AbstractAutowireCapableBeanFactory.java:1381) ~[spring-beans-6.2.3.jar:6.2.3]
	at org.springframework.beans.factory.support.AbstractAutowireCapableBeanFactory.createBeanInstance(AbstractAutowireCapableBeanFactory.java:1218) ~[spring-beans-6.2.3.jar:6.2.3]
	at org.springframework.beans.factory.support.AbstractAutowireCapableBeanFactory.doCreateBean(AbstractAutowireCapableBeanFactory.java:563) ~[spring-beans-6.2.3.jar:6.2.3]
	at org.springframework.beans.factory.support.AbstractAutowireCapableBeanFactory.createBean(AbstractAutowireCapableBeanFactory.java:523) ~[spring-beans-6.2.3.jar:6.2.3]
	at org.springframework.beans.factory.support.AbstractBeanFactory.lambda$doGetBean$0(AbstractBeanFactory.java:339) ~[spring-beans-6.2.3.jar:6.2.3]
	at org.springframework.beans.factory.support.DefaultSingletonBeanRegistry.getSingleton(DefaultSingletonBeanRegistry.java:346) ~[spring-beans-6.2.3.jar:6.2.3]
	at org.springframework.beans.factory.support.AbstractBeanFactory.doGetBean(AbstractBeanFactory.java:337) ~[spring-beans-6.2.3.jar:6.2.3]
	at org.springframework.beans.factory.support.AbstractBeanFactory.getBean(AbstractBeanFactory.java:202) ~[spring-beans-6.2.3.jar:6.2.3]
	at org.springframework.beans.factory.support.DefaultListableBeanFactory.instantiateSingleton(DefaultListableBeanFactory.java:1155) ~[spring-beans-6.2.3.jar:6.2.3]
	at org.springframework.beans.factory.support.DefaultListableBeanFactory.preInstantiateSingleton(DefaultListableBeanFactory.java:1121) ~[spring-beans-6.2.3.jar:6.2.3]
	at org.springframework.beans.factory.support.DefaultListableBeanFactory.preInstantiateSingletons(DefaultListableBeanFactory.java:1056) ~[spring-beans-6.2.3.jar:6.2.3]
	at org.springframework.context.support.AbstractApplicationContext.finishBeanFactoryInitialization(AbstractApplicationContext.java:987) ~[spring-context-6.2.3.jar:6.2.3]
	at org.springframework.context.support.AbstractApplicationContext.refresh(AbstractApplicationContext.java:627) ~[spring-context-6.2.3.jar:6.2.3]
	at org.springframework.boot.SpringApplication.refresh(SpringApplication.java:752) ~[spring-boot-3.4.3.jar:3.4.3]
	at org.springframework.boot.SpringApplication.refreshContext(SpringApplication.java:439) ~[spring-boot-3.4.3.jar:3.4.3]
	at org.springframework.boot.SpringApplication.run(SpringApplication.java:318) ~[spring-boot-3.4.3.jar:3.4.3]
	at org.springframework.boot.test.context.SpringBootContextLoader.lambda$loadContext$3(SpringBootContextLoader.java:137) ~[spring-boot-test-3.4.3.jar:3.4.3]
	at org.springframework.util.function.ThrowingSupplier.get(ThrowingSupplier.java:58) ~[spring-core-6.2.3.jar:6.2.3]
	at org.springframework.util.function.ThrowingSupplier.get(ThrowingSupplier.java:46) ~[spring-core-6.2.3.jar:6.2.3]
	at org.springframework.boot.SpringApplication.withHook(SpringApplication.java:1461) ~[spring-boot-3.4.3.jar:3.4.3]
	at org.springframework.boot.test.context.SpringBootContextLoader$ContextLoaderHook.run(SpringBootContextLoader.java:553) ~[spring-boot-test-3.4.3.jar:3.4.3]
	at org.springframework.boot.test.context.SpringBootContextLoader.loadContext(SpringBootContextLoader.java:137) ~[spring-boot-test-3.4.3.jar:3.4.3]
	at org.springframework.boot.test.context.SpringBootContextLoader.loadContext(SpringBootContextLoader.java:108) ~[spring-boot-test-3.4.3.jar:3.4.3]
	at org.springframework.test.context.cache.DefaultCacheAwareContextLoaderDelegate.loadContextInternal(DefaultCacheAwareContextLoaderDelegate.java:225) ~[spring-test-6.2.3.jar:6.2.3]
	at org.springframework.test.context.cache.DefaultCacheAwareContextLoaderDelegate.loadContext(DefaultCacheAwareContextLoaderDelegate.java:152) ~[spring-test-6.2.3.jar:6.2.3]
	at org.springframework.test.context.support.DefaultTestContext.getApplicationContext(DefaultTestContext.java:130) ~[spring-test-6.2.3.jar:6.2.3]
	at org.springframework.test.context.web.ServletTestExecutionListener.setUpRequestContextIfNecessary(ServletTestExecutionListener.java:200) ~[spring-test-6.2.3.jar:6.2.3]
	at org.springframework.test.context.web.ServletTestExecutionListener.prepareTestInstance(ServletTestExecutionListener.java:139) ~[spring-test-6.2.3.jar:6.2.3]
	at org.springframework.test.context.TestContextManager.prepareTestInstance(TestContextManager.java:260) ~[spring-test-6.2.3.jar:6.2.3]
	at org.springframework.test.context.junit.jupiter.SpringExtension.postProcessTestInstance(SpringExtension.java:160) ~[spring-test-6.2.3.jar:6.2.3]
	at org.junit.jupiter.engine.descriptor.ClassBasedTestDescriptor.lambda$invokeTestInstancePostProcessors$11(ClassBasedTestDescriptor.java:378) ~[junit-jupiter-engine-5.11.4.jar:5.11.4]
	at org.junit.jupiter.engine.descriptor.ClassBasedTestDescriptor.executeAndMaskThrowable(ClassBasedTestDescriptor.java:383) ~[junit-jupiter-engine-5.11.4.jar:5.11.4]
	at org.junit.jupiter.engine.descriptor.ClassBasedTestDescriptor.lambda$invokeTestInstancePostProcessors$12(ClassBasedTestDescriptor.java:378) ~[junit-jupiter-engine-5.11.4.jar:5.11.4]
	at java.base/java.util.stream.ForEachOps$ForEachOp$OfRef.accept(ForEachOps.java:183) ~[?:?]
	at java.base/java.util.stream.ReferencePipeline$3$1.accept(ReferencePipeline.java:197) ~[?:?]
	at java.base/java.util.stream.ReferencePipeline$2$1.accept(ReferencePipeline.java:179) ~[?:?]
	at java.base/java.util.stream.ReferencePipeline$3$1.accept(ReferencePipeline.java:197) ~[?:?]
	at java.base/java.util.ArrayList$ArrayListSpliterator.forEachRemaining(ArrayList.java:1625) ~[?:?]
	at java.base/java.util.stream.AbstractPipeline.copyInto(AbstractPipeline.java:509) ~[?:?]
	at java.base/java.util.stream.AbstractPipeline.wrapAndCopyInto(AbstractPipeline.java:499) ~[?:?]
	at java.base/java.util.stream.ForEachOps$ForEachOp.evaluateSequential(ForEachOps.java:150) ~[?:?]
	at java.base/java.util.stream.ForEachOps$ForEachOp$OfRef.evaluateSequential(ForEachOps.java:173) ~[?:?]
	at java.base/java.util.stream.AbstractPipeline.evaluate(AbstractPipeline.java:234) ~[?:?]
	at java.base/java.util.stream.ReferencePipeline.forEach(ReferencePipeline.java:596) ~[?:?]
	at org.junit.jupiter.engine.descriptor.ClassBasedTestDescriptor.invokeTestInstancePostProcessors(ClassBasedTestDescriptor.java:377) ~[junit-jupiter-engine-5.11.4.jar:5.11.4]
	at org.junit.jupiter.engine.descriptor.ClassBasedTestDescriptor.lambda$instantiateAndPostProcessTestInstance$7(ClassBasedTestDescriptor.java:290) ~[junit-jupiter-engine-5.11.4.jar:5.11.4]
	at org.junit.platform.engine.support.hierarchical.ThrowableCollector.execute(ThrowableCollector.java:73) ~[junit-platform-engine-1.11.4.jar:1.11.4]
	at org.junit.jupiter.engine.descriptor.ClassBasedTestDescriptor.instantiateAndPostProcessTestInstance(ClassBasedTestDescriptor.java:289) ~[junit-jupiter-engine-5.11.4.jar:5.11.4]
	at org.junit.jupiter.engine.descriptor.ClassBasedTestDescriptor.lambda$testInstancesProvider$5(ClassBasedTestDescriptor.java:279) ~[junit-jupiter-engine-5.11.4.jar:5.11.4]
	at java.base/java.util.Optional.orElseGet(Optional.java:364) ~[?:?]
	at org.junit.jupiter.engine.descriptor.ClassBasedTestDescriptor.lambda$testInstancesProvider$6(ClassBasedTestDescriptor.java:278) ~[junit-jupiter-engine-5.11.4.jar:5.11.4]
	at org.junit.jupiter.engine.execution.TestInstancesProvider.getTestInstances(TestInstancesProvider.java:31) ~[junit-jupiter-engine-5.11.4.jar:5.11.4]
	at org.junit.jupiter.engine.descriptor.TestMethodTestDescriptor.lambda$prepare$1(TestMethodTestDescriptor.java:105) ~[junit-jupiter-engine-5.11.4.jar:5.11.4]
	at org.junit.platform.engine.support.hierarchical.ThrowableCollector.execute(ThrowableCollector.java:73) ~[junit-platform-engine-1.11.4.jar:1.11.4]
	at org.junit.jupiter.engine.descriptor.TestMethodTestDescriptor.prepare(TestMethodTestDescriptor.java:104) ~[junit-jupiter-engine-5.11.4.jar:5.11.4]
	at org.junit.jupiter.engine.descriptor.TestMethodTestDescriptor.prepare(TestMethodTestDescriptor.java:68) ~[junit-jupiter-engine-5.11.4.jar:5.11.4]
	at org.junit.platform.engine.support.hierarchical.NodeTestTask.lambda$prepare$2(NodeTestTask.java:128) ~[junit-platform-engine-1.11.4.jar:1.11.4]
	at org.junit.platform.engine.support.hierarchical.ThrowableCollector.execute(ThrowableCollector.java:73) ~[junit-platform-engine-1.11.4.jar:1.11.4]
	at org.junit.platform.engine.support.hierarchical.NodeTestTask.prepare(NodeTestTask.java:128) ~[junit-platform-engine-1.11.4.jar:1.11.4]
	at org.junit.platform.engine.support.hierarchical.NodeTestTask.execute(NodeTestTask.java:95) ~[junit-platform-engine-1.11.4.jar:1.11.4]
	at java.base/java.util.ArrayList.forEach(ArrayList.java:1511) ~[?:?]
	at org.junit.platform.engine.support.hierarchical.SameThreadHierarchicalTestExecutorService.invokeAll(SameThreadHierarchicalTestExecutorService.java:41) ~[junit-platform-engine-1.11.4.jar:1.11.4]
	at org.junit.platform.engine.support.hierarchical.NodeTestTask.lambda$executeRecursively$6(NodeTestTask.java:160) ~[junit-platform-engine-1.11.4.jar:1.11.4]
	at org.junit.platform.engine.support.hierarchical.ThrowableCollector.execute(ThrowableCollector.java:73) ~[junit-platform-engine-1.11.4.jar:1.11.4]
	at org.junit.platform.engine.support.hierarchical.NodeTestTask.lambda$executeRecursively$8(NodeTestTask.java:146) ~[junit-platform-engine-1.11.4.jar:1.11.4]
	at org.junit.platform.engine.support.hierarchical.Node.around(Node.java:137) ~[junit-platform-engine-1.11.4.jar:1.11.4]
	at org.junit.platform.engine.support.hierarchical.NodeTestTask.lambda$executeRecursively$9(NodeTestTask.java:144) ~[junit-platform-engine-1.11.4.jar:1.11.4]
	at org.junit.platform.engine.support.hierarchical.ThrowableCollector.execute(ThrowableCollector.java:73) ~[junit-platform-engine-1.11.4.jar:1.11.4]
	at org.junit.platform.engine.support.hierarchical.NodeTestTask.executeRecursively(NodeTestTask.java:143) ~[junit-platform-engine-1.11.4.jar:1.11.4]
	at org.junit.platform.engine.support.hierarchical.NodeTestTask.execute(NodeTestTask.java:100) ~[junit-platform-engine-1.11.4.jar:1.11.4]
	at java.base/java.util.ArrayList.forEach(ArrayList.java:1511) ~[?:?]
	at org.junit.platform.engine.support.hierarchical.SameThreadHierarchicalTestExecutorService.invokeAll(SameThreadHierarchicalTestExecutorService.java:41) ~[junit-platform-engine-1.11.4.jar:1.11.4]
	at org.junit.platform.engine.support.hierarchical.NodeTestTask.lambda$executeRecursively$6(NodeTestTask.java:160) ~[junit-platform-engine-1.11.4.jar:1.11.4]
	at org.junit.platform.engine.support.hierarchical.ThrowableCollector.execute(ThrowableCollector.java:73) ~[junit-platform-engine-1.11.4.jar:1.11.4]
	at org.junit.platform.engine.support.hierarchical.NodeTestTask.lambda$executeRecursively$8(NodeTestTask.java:146) ~[junit-platform-engine-1.11.4.jar:1.11.4]
	at org.junit.platform.engine.support.hierarchical.Node.around(Node.java:137) ~[junit-platform-engine-1.11.4.jar:1.11.4]
	at org.junit.platform.engine.support.hierarchical.NodeTestTask.lambda$executeRecursively$9(NodeTestTask.java:144) ~[junit-platform-engine-1.11.4.jar:1.11.4]
	at org.junit.platform.engine.support.hierarchical.ThrowableCollector.execute(ThrowableCollector.java:73) ~[junit-platform-engine-1.11.4.jar:1.11.4]
	at org.junit.platform.engine.support.hierarchical.NodeTestTask.executeRecursively(NodeTestTask.java:143) ~[junit-platform-engine-1.11.4.jar:1.11.4]
	at org.junit.platform.engine.support.hierarchical.NodeTestTask.execute(NodeTestTask.java:100) ~[junit-platform-engine-1.11.4.jar:1.11.4]
	at org.junit.platform.engine.support.hierarchical.SameThreadHierarchicalTestExecutorService.submit(SameThreadHierarchicalTestExecutorService.java:35) ~[junit-platform-engine-1.11.4.jar:1.11.4]
	at org.junit.platform.engine.support.hierarchical.HierarchicalTestExecutor.execute(HierarchicalTestExecutor.java:57) ~[junit-platform-engine-1.11.4.jar:1.11.4]
	at org.junit.platform.engine.support.hierarchical.HierarchicalTestEngine.execute(HierarchicalTestEngine.java:54) ~[junit-platform-engine-1.11.4.jar:1.11.4]
	at org.junit.platform.launcher.core.EngineExecutionOrchestrator.execute(EngineExecutionOrchestrator.java:198) ~[junit-platform-launcher-1.11.4.jar:1.11.4]
	at org.junit.platform.launcher.core.EngineExecutionOrchestrator.execute(EngineExecutionOrchestrator.java:169) ~[junit-platform-launcher-1.11.4.jar:1.11.4]
	at org.junit.platform.launcher.core.EngineExecutionOrchestrator.execute(EngineExecutionOrchestrator.java:93) ~[junit-platform-launcher-1.11.4.jar:1.11.4]
	at org.junit.platform.launcher.core.EngineExecutionOrchestrator.lambda$execute$0(EngineExecutionOrchestrator.java:58) ~[junit-platform-launcher-1.11.4.jar:1.11.4]
	at org.junit.platform.launcher.core.EngineExecutionOrchestrator.withInterceptedStreams(EngineExecutionOrchestrator.java:141) [junit-platform-launcher-1.11.4.jar:1.11.4]
	at org.junit.platform.launcher.core.EngineExecutionOrchestrator.execute(EngineExecutionOrchestrator.java:57) [junit-platform-launcher-1.11.4.jar:1.11.4]
	at org.junit.platform.launcher.core.DefaultLauncher.execute(DefaultLauncher.java:103) [junit-platform-launcher-1.11.4.jar:1.11.4]
	at org.junit.platform.launcher.core.DefaultLauncher.execute(DefaultLauncher.java:85) [junit-platform-launcher-1.11.4.jar:1.11.4]
	at org.junit.platform.launcher.core.DelegatingLauncher.execute(DelegatingLauncher.java:47) [junit-platform-launcher-1.11.4.jar:1.11.4]
	at org.apache.maven.surefire.junitplatform.LazyLauncher.execute(LazyLauncher.java:56) [surefire-junit-platform-3.5.2.jar:3.5.2]
	at org.apache.maven.surefire.junitplatform.JUnitPlatformProvider.execute(JUnitPlatformProvider.java:184) [surefire-junit-platform-3.5.2.jar:3.5.2]
	at org.apache.maven.surefire.junitplatform.JUnitPlatformProvider.invokeAllTests(JUnitPlatformProvider.java:148) [surefire-junit-platform-3.5.2.jar:3.5.2]
	at org.apache.maven.surefire.junitplatform.JUnitPlatformProvider.invoke(JUnitPlatformProvider.java:122) [surefire-junit-platform-3.5.2.jar:3.5.2]
	at org.apache.maven.surefire.booter.ForkedBooter.runSuitesInProcess(ForkedBooter.java:385) [surefire-booter-3.5.2.jar:3.5.2]
	at org.apache.maven.surefire.booter.ForkedBooter.execute(ForkedBooter.java:162) [surefire-booter-3.5.2.jar:3.5.2]
	at org.apache.maven.surefire.booter.ForkedBooter.run(ForkedBooter.java:507) [surefire-booter-3.5.2.jar:3.5.2]
	at org.apache.maven.surefire.booter.ForkedBooter.main(ForkedBooter.java:495) [surefire-booter-3.5.2.jar:3.5.2]
2025-07-31 16:26:37.259 [main] DEBUG org.springframework.data.jpa.repository.query.NamedQuery - Did not find named query Trainer.getTrainerById
2025-07-31 16:26:37.260 [main] DEBUG org.springframework.orm.jpa.SharedEntityManagerCreator$SharedEntityManagerInvocationHandler - Creating new EntityManager for shared EntityManager invocation
2025-07-31 16:26:37.269 [main] DEBUG org.hibernate.resource.transaction.backend.jdbc.internal.JdbcResourceLocalTransactionCoordinatorImpl - JDBC transaction marked for rollback-only (exception provided for stack trace)
java.lang.Exception: exception just for purpose of providing stack trace
	at org.hibernate.resource.transaction.backend.jdbc.internal.JdbcResourceLocalTransactionCoordinatorImpl$TransactionDriverControlImpl.markRollbackOnly(JdbcResourceLocalTransactionCoordinatorImpl.java:309) ~[hibernate-core-6.6.8.Final.jar:6.6.8.Final]
	at org.hibernate.internal.AbstractSharedSessionContract.buildNamedQuery(AbstractSharedSessionContract.java:1141) ~[hibernate-core-6.6.8.Final.jar:6.6.8.Final]
	at org.hibernate.internal.AbstractSharedSessionContract.createNamedQuery(AbstractSharedSessionContract.java:1019) ~[hibernate-core-6.6.8.Final.jar:6.6.8.Final]
	at org.hibernate.internal.AbstractSharedSessionContract.createNamedQuery(AbstractSharedSessionContract.java:143) ~[hibernate-core-6.6.8.Final.jar:6.6.8.Final]
	at java.base/jdk.internal.reflect.NativeMethodAccessorImpl.invoke0(Native Method) ~[?:?]
	at java.base/jdk.internal.reflect.NativeMethodAccessorImpl.invoke(NativeMethodAccessorImpl.java:77) ~[?:?]
	at java.base/jdk.internal.reflect.DelegatingMethodAccessorImpl.invoke(DelegatingMethodAccessorImpl.java:43) ~[?:?]
	at java.base/java.lang.reflect.Method.invoke(Method.java:569) ~[?:?]
	at org.springframework.orm.jpa.ExtendedEntityManagerCreator$ExtendedEntityManagerInvocationHandler.invoke(ExtendedEntityManagerCreator.java:364) ~[spring-orm-6.2.3.jar:6.2.3]
	at jdk.proxy2/jdk.proxy2.$Proxy236.createNamedQuery(Unknown Source) ~[?:?]
	at org.springframework.data.jpa.repository.query.NamedQuery.hasNamedQuery(NamedQuery.java:114) ~[spring-data-jpa-3.4.3.jar:3.4.3]
	at org.springframework.data.jpa.repository.query.JpaQueryLookupStrategy$DeclaredQueryLookupStrategy.getCountQuery(JpaQueryLookupStrategy.java:208) ~[spring-data-jpa-3.4.3.jar:3.4.3]
	at org.springframework.data.jpa.repository.query.JpaQueryLookupStrategy$DeclaredQueryLookupStrategy.resolveQuery(JpaQueryLookupStrategy.java:175) ~[spring-data-jpa-3.4.3.jar:3.4.3]
	at org.springframework.data.jpa.repository.query.JpaQueryLookupStrategy$CreateIfNotFoundQueryLookupStrategy.resolveQuery(JpaQueryLookupStrategy.java:256) ~[spring-data-jpa-3.4.3.jar:3.4.3]
	at org.springframework.data.jpa.repository.query.JpaQueryLookupStrategy$AbstractQueryLookupStrategy.resolveQuery(JpaQueryLookupStrategy.java:99) ~[spring-data-jpa-3.4.3.jar:3.4.3]
	at org.springframework.data.repository.core.support.QueryExecutorMethodInterceptor.lookupQuery(QueryExecutorMethodInterceptor.java:116) ~[spring-data-commons-3.4.3.jar:3.4.3]
	at org.springframework.data.repository.core.support.QueryExecutorMethodInterceptor.mapMethodsToQuery(QueryExecutorMethodInterceptor.java:104) ~[spring-data-commons-3.4.3.jar:3.4.3]
	at org.springframework.data.repository.core.support.QueryExecutorMethodInterceptor.lambda$new$0(QueryExecutorMethodInterceptor.java:92) ~[spring-data-commons-3.4.3.jar:3.4.3]
	at java.base/java.util.Optional.map(Optional.java:260) ~[?:?]
	at org.springframework.data.repository.core.support.QueryExecutorMethodInterceptor.<init>(QueryExecutorMethodInterceptor.java:92) ~[spring-data-commons-3.4.3.jar:3.4.3]
	at org.springframework.data.repository.core.support.RepositoryFactorySupport.getRepository(RepositoryFactorySupport.java:440) ~[spring-data-commons-3.4.3.jar:3.4.3]
	at org.springframework.data.repository.core.support.RepositoryFactoryBeanSupport.lambda$afterPropertiesSet$4(RepositoryFactoryBeanSupport.java:350) ~[spring-data-commons-3.4.3.jar:3.4.3]
	at org.springframework.data.util.Lazy.getNullable(Lazy.java:135) ~[spring-data-commons-3.4.3.jar:3.4.3]
	at org.springframework.data.util.Lazy.get(Lazy.java:113) ~[spring-data-commons-3.4.3.jar:3.4.3]
	at org.springframework.data.repository.core.support.RepositoryFactoryBeanSupport.afterPropertiesSet(RepositoryFactoryBeanSupport.java:356) ~[spring-data-commons-3.4.3.jar:3.4.3]
	at org.springframework.data.jpa.repository.support.JpaRepositoryFactoryBean.afterPropertiesSet(JpaRepositoryFactoryBean.java:132) ~[spring-data-jpa-3.4.3.jar:3.4.3]
	at org.springframework.beans.factory.support.AbstractAutowireCapableBeanFactory.invokeInitMethods(AbstractAutowireCapableBeanFactory.java:1859) ~[spring-beans-6.2.3.jar:6.2.3]
	at org.springframework.beans.factory.support.AbstractAutowireCapableBeanFactory.initializeBean(AbstractAutowireCapableBeanFactory.java:1808) ~[spring-beans-6.2.3.jar:6.2.3]
	at org.springframework.beans.factory.support.AbstractAutowireCapableBeanFactory.doCreateBean(AbstractAutowireCapableBeanFactory.java:601) ~[spring-beans-6.2.3.jar:6.2.3]
	at org.springframework.beans.factory.support.AbstractAutowireCapableBeanFactory.createBean(AbstractAutowireCapableBeanFactory.java:523) ~[spring-beans-6.2.3.jar:6.2.3]
	at org.springframework.beans.factory.support.AbstractBeanFactory.lambda$doGetBean$0(AbstractBeanFactory.java:339) ~[spring-beans-6.2.3.jar:6.2.3]
	at org.springframework.beans.factory.support.DefaultSingletonBeanRegistry.getSingleton(DefaultSingletonBeanRegistry.java:346) ~[spring-beans-6.2.3.jar:6.2.3]
	at org.springframework.beans.factory.support.AbstractBeanFactory.doGetBean(AbstractBeanFactory.java:337) ~[spring-beans-6.2.3.jar:6.2.3]
	at org.springframework.beans.factory.support.AbstractBeanFactory.getBean(AbstractBeanFactory.java:202) ~[spring-beans-6.2.3.jar:6.2.3]
	at org.springframework.beans.factory.support.DefaultListableBeanFactory.doResolveDependency(DefaultListableBeanFactory.java:1606) ~[spring-beans-6.2.3.jar:6.2.3]
	at org.springframework.beans.factory.support.DefaultListableBeanFactory.resolveDependency(DefaultListableBeanFactory.java:1552) ~[spring-beans-6.2.3.jar:6.2.3]
	at org.springframework.beans.factory.support.ConstructorResolver.resolveAutowiredArgument(ConstructorResolver.java:913) ~[spring-beans-6.2.3.jar:6.2.3]
	at org.springframework.beans.factory.support.ConstructorResolver.createArgumentArray(ConstructorResolver.java:791) ~[spring-beans-6.2.3.jar:6.2.3]
	at org.springframework.beans.factory.support.ConstructorResolver.autowireConstructor(ConstructorResolver.java:240) ~[spring-beans-6.2.3.jar:6.2.3]
	at org.springframework.beans.factory.support.AbstractAutowireCapableBeanFactory.autowireConstructor(AbstractAutowireCapableBeanFactory.java:1381) ~[spring-beans-6.2.3.jar:6.2.3]
	at org.springframework.beans.factory.support.AbstractAutowireCapableBeanFactory.createBeanInstance(AbstractAutowireCapableBeanFactory.java:1218) ~[spring-beans-6.2.3.jar:6.2.3]
	at org.springframework.beans.factory.support.AbstractAutowireCapableBeanFactory.doCreateBean(AbstractAutowireCapableBeanFactory.java:563) ~[spring-beans-6.2.3.jar:6.2.3]
	at org.springframework.beans.factory.support.AbstractAutowireCapableBeanFactory.createBean(AbstractAutowireCapableBeanFactory.java:523) ~[spring-beans-6.2.3.jar:6.2.3]
	at org.springframework.beans.factory.support.AbstractBeanFactory.lambda$doGetBean$0(AbstractBeanFactory.java:339) ~[spring-beans-6.2.3.jar:6.2.3]
	at org.springframework.beans.factory.support.DefaultSingletonBeanRegistry.getSingleton(DefaultSingletonBeanRegistry.java:346) ~[spring-beans-6.2.3.jar:6.2.3]
	at org.springframework.beans.factory.support.AbstractBeanFactory.doGetBean(AbstractBeanFactory.java:337) ~[spring-beans-6.2.3.jar:6.2.3]
	at org.springframework.beans.factory.support.AbstractBeanFactory.getBean(AbstractBeanFactory.java:202) ~[spring-beans-6.2.3.jar:6.2.3]
	at org.springframework.beans.factory.config.DependencyDescriptor.resolveCandidate(DependencyDescriptor.java:254) ~[spring-beans-6.2.3.jar:6.2.3]
	at org.springframework.beans.factory.support.DefaultListableBeanFactory.doResolveDependency(DefaultListableBeanFactory.java:1664) ~[spring-beans-6.2.3.jar:6.2.3]
	at org.springframework.beans.factory.support.DefaultListableBeanFactory.resolveDependency(DefaultListableBeanFactory.java:1552) ~[spring-beans-6.2.3.jar:6.2.3]
	at org.springframework.beans.factory.support.ConstructorResolver.resolveAutowiredArgument(ConstructorResolver.java:913) ~[spring-beans-6.2.3.jar:6.2.3]
	at org.springframework.beans.factory.support.ConstructorResolver.createArgumentArray(ConstructorResolver.java:791) ~[spring-beans-6.2.3.jar:6.2.3]
	at org.springframework.beans.factory.support.ConstructorResolver.autowireConstructor(ConstructorResolver.java:240) ~[spring-beans-6.2.3.jar:6.2.3]
	at org.springframework.beans.factory.support.AbstractAutowireCapableBeanFactory.autowireConstructor(AbstractAutowireCapableBeanFactory.java:1381) ~[spring-beans-6.2.3.jar:6.2.3]
	at org.springframework.beans.factory.support.AbstractAutowireCapableBeanFactory.createBeanInstance(AbstractAutowireCapableBeanFactory.java:1218) ~[spring-beans-6.2.3.jar:6.2.3]
	at org.springframework.beans.factory.support.AbstractAutowireCapableBeanFactory.doCreateBean(AbstractAutowireCapableBeanFactory.java:563) ~[spring-beans-6.2.3.jar:6.2.3]
	at org.springframework.beans.factory.support.AbstractAutowireCapableBeanFactory.createBean(AbstractAutowireCapableBeanFactory.java:523) ~[spring-beans-6.2.3.jar:6.2.3]
	at org.springframework.beans.factory.support.AbstractBeanFactory.lambda$doGetBean$0(AbstractBeanFactory.java:339) ~[spring-beans-6.2.3.jar:6.2.3]
	at org.springframework.beans.factory.support.DefaultSingletonBeanRegistry.getSingleton(DefaultSingletonBeanRegistry.java:346) ~[spring-beans-6.2.3.jar:6.2.3]
	at org.springframework.beans.factory.support.AbstractBeanFactory.doGetBean(AbstractBeanFactory.java:337) ~[spring-beans-6.2.3.jar:6.2.3]
	at org.springframework.beans.factory.support.AbstractBeanFactory.getBean(AbstractBeanFactory.java:202) ~[spring-beans-6.2.3.jar:6.2.3]
	at org.springframework.beans.factory.support.DefaultListableBeanFactory.instantiateSingleton(DefaultListableBeanFactory.java:1155) ~[spring-beans-6.2.3.jar:6.2.3]
	at org.springframework.beans.factory.support.DefaultListableBeanFactory.preInstantiateSingleton(DefaultListableBeanFactory.java:1121) ~[spring-beans-6.2.3.jar:6.2.3]
	at org.springframework.beans.factory.support.DefaultListableBeanFactory.preInstantiateSingletons(DefaultListableBeanFactory.java:1056) ~[spring-beans-6.2.3.jar:6.2.3]
	at org.springframework.context.support.AbstractApplicationContext.finishBeanFactoryInitialization(AbstractApplicationContext.java:987) ~[spring-context-6.2.3.jar:6.2.3]
	at org.springframework.context.support.AbstractApplicationContext.refresh(AbstractApplicationContext.java:627) ~[spring-context-6.2.3.jar:6.2.3]
	at org.springframework.boot.SpringApplication.refresh(SpringApplication.java:752) ~[spring-boot-3.4.3.jar:3.4.3]
	at org.springframework.boot.SpringApplication.refreshContext(SpringApplication.java:439) ~[spring-boot-3.4.3.jar:3.4.3]
	at org.springframework.boot.SpringApplication.run(SpringApplication.java:318) ~[spring-boot-3.4.3.jar:3.4.3]
	at org.springframework.boot.test.context.SpringBootContextLoader.lambda$loadContext$3(SpringBootContextLoader.java:137) ~[spring-boot-test-3.4.3.jar:3.4.3]
	at org.springframework.util.function.ThrowingSupplier.get(ThrowingSupplier.java:58) ~[spring-core-6.2.3.jar:6.2.3]
	at org.springframework.util.function.ThrowingSupplier.get(ThrowingSupplier.java:46) ~[spring-core-6.2.3.jar:6.2.3]
	at org.springframework.boot.SpringApplication.withHook(SpringApplication.java:1461) ~[spring-boot-3.4.3.jar:3.4.3]
	at org.springframework.boot.test.context.SpringBootContextLoader$ContextLoaderHook.run(SpringBootContextLoader.java:553) ~[spring-boot-test-3.4.3.jar:3.4.3]
	at org.springframework.boot.test.context.SpringBootContextLoader.loadContext(SpringBootContextLoader.java:137) ~[spring-boot-test-3.4.3.jar:3.4.3]
	at org.springframework.boot.test.context.SpringBootContextLoader.loadContext(SpringBootContextLoader.java:108) ~[spring-boot-test-3.4.3.jar:3.4.3]
	at org.springframework.test.context.cache.DefaultCacheAwareContextLoaderDelegate.loadContextInternal(DefaultCacheAwareContextLoaderDelegate.java:225) ~[spring-test-6.2.3.jar:6.2.3]
	at org.springframework.test.context.cache.DefaultCacheAwareContextLoaderDelegate.loadContext(DefaultCacheAwareContextLoaderDelegate.java:152) ~[spring-test-6.2.3.jar:6.2.3]
	at org.springframework.test.context.support.DefaultTestContext.getApplicationContext(DefaultTestContext.java:130) ~[spring-test-6.2.3.jar:6.2.3]
	at org.springframework.test.context.web.ServletTestExecutionListener.setUpRequestContextIfNecessary(ServletTestExecutionListener.java:200) ~[spring-test-6.2.3.jar:6.2.3]
	at org.springframework.test.context.web.ServletTestExecutionListener.prepareTestInstance(ServletTestExecutionListener.java:139) ~[spring-test-6.2.3.jar:6.2.3]
	at org.springframework.test.context.TestContextManager.prepareTestInstance(TestContextManager.java:260) ~[spring-test-6.2.3.jar:6.2.3]
	at org.springframework.test.context.junit.jupiter.SpringExtension.postProcessTestInstance(SpringExtension.java:160) ~[spring-test-6.2.3.jar:6.2.3]
	at org.junit.jupiter.engine.descriptor.ClassBasedTestDescriptor.lambda$invokeTestInstancePostProcessors$11(ClassBasedTestDescriptor.java:378) ~[junit-jupiter-engine-5.11.4.jar:5.11.4]
	at org.junit.jupiter.engine.descriptor.ClassBasedTestDescriptor.executeAndMaskThrowable(ClassBasedTestDescriptor.java:383) ~[junit-jupiter-engine-5.11.4.jar:5.11.4]
	at org.junit.jupiter.engine.descriptor.ClassBasedTestDescriptor.lambda$invokeTestInstancePostProcessors$12(ClassBasedTestDescriptor.java:378) ~[junit-jupiter-engine-5.11.4.jar:5.11.4]
	at java.base/java.util.stream.ForEachOps$ForEachOp$OfRef.accept(ForEachOps.java:183) ~[?:?]
	at java.base/java.util.stream.ReferencePipeline$3$1.accept(ReferencePipeline.java:197) ~[?:?]
	at java.base/java.util.stream.ReferencePipeline$2$1.accept(ReferencePipeline.java:179) ~[?:?]
	at java.base/java.util.stream.ReferencePipeline$3$1.accept(ReferencePipeline.java:197) ~[?:?]
	at java.base/java.util.ArrayList$ArrayListSpliterator.forEachRemaining(ArrayList.java:1625) ~[?:?]
	at java.base/java.util.stream.AbstractPipeline.copyInto(AbstractPipeline.java:509) ~[?:?]
	at java.base/java.util.stream.AbstractPipeline.wrapAndCopyInto(AbstractPipeline.java:499) ~[?:?]
	at java.base/java.util.stream.ForEachOps$ForEachOp.evaluateSequential(ForEachOps.java:150) ~[?:?]
	at java.base/java.util.stream.ForEachOps$ForEachOp$OfRef.evaluateSequential(ForEachOps.java:173) ~[?:?]
	at java.base/java.util.stream.AbstractPipeline.evaluate(AbstractPipeline.java:234) ~[?:?]
	at java.base/java.util.stream.ReferencePipeline.forEach(ReferencePipeline.java:596) ~[?:?]
	at org.junit.jupiter.engine.descriptor.ClassBasedTestDescriptor.invokeTestInstancePostProcessors(ClassBasedTestDescriptor.java:377) ~[junit-jupiter-engine-5.11.4.jar:5.11.4]
	at org.junit.jupiter.engine.descriptor.ClassBasedTestDescriptor.lambda$instantiateAndPostProcessTestInstance$7(ClassBasedTestDescriptor.java:290) ~[junit-jupiter-engine-5.11.4.jar:5.11.4]
	at org.junit.platform.engine.support.hierarchical.ThrowableCollector.execute(ThrowableCollector.java:73) ~[junit-platform-engine-1.11.4.jar:1.11.4]
	at org.junit.jupiter.engine.descriptor.ClassBasedTestDescriptor.instantiateAndPostProcessTestInstance(ClassBasedTestDescriptor.java:289) ~[junit-jupiter-engine-5.11.4.jar:5.11.4]
	at org.junit.jupiter.engine.descriptor.ClassBasedTestDescriptor.lambda$testInstancesProvider$5(ClassBasedTestDescriptor.java:279) ~[junit-jupiter-engine-5.11.4.jar:5.11.4]
	at java.base/java.util.Optional.orElseGet(Optional.java:364) ~[?:?]
	at org.junit.jupiter.engine.descriptor.ClassBasedTestDescriptor.lambda$testInstancesProvider$6(ClassBasedTestDescriptor.java:278) ~[junit-jupiter-engine-5.11.4.jar:5.11.4]
	at org.junit.jupiter.engine.execution.TestInstancesProvider.getTestInstances(TestInstancesProvider.java:31) ~[junit-jupiter-engine-5.11.4.jar:5.11.4]
	at org.junit.jupiter.engine.descriptor.TestMethodTestDescriptor.lambda$prepare$1(TestMethodTestDescriptor.java:105) ~[junit-jupiter-engine-5.11.4.jar:5.11.4]
	at org.junit.platform.engine.support.hierarchical.ThrowableCollector.execute(ThrowableCollector.java:73) ~[junit-platform-engine-1.11.4.jar:1.11.4]
	at org.junit.jupiter.engine.descriptor.TestMethodTestDescriptor.prepare(TestMethodTestDescriptor.java:104) ~[junit-jupiter-engine-5.11.4.jar:5.11.4]
	at org.junit.jupiter.engine.descriptor.TestMethodTestDescriptor.prepare(TestMethodTestDescriptor.java:68) ~[junit-jupiter-engine-5.11.4.jar:5.11.4]
	at org.junit.platform.engine.support.hierarchical.NodeTestTask.lambda$prepare$2(NodeTestTask.java:128) ~[junit-platform-engine-1.11.4.jar:1.11.4]
	at org.junit.platform.engine.support.hierarchical.ThrowableCollector.execute(ThrowableCollector.java:73) ~[junit-platform-engine-1.11.4.jar:1.11.4]
	at org.junit.platform.engine.support.hierarchical.NodeTestTask.prepare(NodeTestTask.java:128) ~[junit-platform-engine-1.11.4.jar:1.11.4]
	at org.junit.platform.engine.support.hierarchical.NodeTestTask.execute(NodeTestTask.java:95) ~[junit-platform-engine-1.11.4.jar:1.11.4]
	at java.base/java.util.ArrayList.forEach(ArrayList.java:1511) ~[?:?]
	at org.junit.platform.engine.support.hierarchical.SameThreadHierarchicalTestExecutorService.invokeAll(SameThreadHierarchicalTestExecutorService.java:41) ~[junit-platform-engine-1.11.4.jar:1.11.4]
	at org.junit.platform.engine.support.hierarchical.NodeTestTask.lambda$executeRecursively$6(NodeTestTask.java:160) ~[junit-platform-engine-1.11.4.jar:1.11.4]
	at org.junit.platform.engine.support.hierarchical.ThrowableCollector.execute(ThrowableCollector.java:73) ~[junit-platform-engine-1.11.4.jar:1.11.4]
	at org.junit.platform.engine.support.hierarchical.NodeTestTask.lambda$executeRecursively$8(NodeTestTask.java:146) ~[junit-platform-engine-1.11.4.jar:1.11.4]
	at org.junit.platform.engine.support.hierarchical.Node.around(Node.java:137) ~[junit-platform-engine-1.11.4.jar:1.11.4]
	at org.junit.platform.engine.support.hierarchical.NodeTestTask.lambda$executeRecursively$9(NodeTestTask.java:144) ~[junit-platform-engine-1.11.4.jar:1.11.4]
	at org.junit.platform.engine.support.hierarchical.ThrowableCollector.execute(ThrowableCollector.java:73) ~[junit-platform-engine-1.11.4.jar:1.11.4]
	at org.junit.platform.engine.support.hierarchical.NodeTestTask.executeRecursively(NodeTestTask.java:143) ~[junit-platform-engine-1.11.4.jar:1.11.4]
	at org.junit.platform.engine.support.hierarchical.NodeTestTask.execute(NodeTestTask.java:100) ~[junit-platform-engine-1.11.4.jar:1.11.4]
	at java.base/java.util.ArrayList.forEach(ArrayList.java:1511) ~[?:?]
	at org.junit.platform.engine.support.hierarchical.SameThreadHierarchicalTestExecutorService.invokeAll(SameThreadHierarchicalTestExecutorService.java:41) ~[junit-platform-engine-1.11.4.jar:1.11.4]
	at org.junit.platform.engine.support.hierarchical.NodeTestTask.lambda$executeRecursively$6(NodeTestTask.java:160) ~[junit-platform-engine-1.11.4.jar:1.11.4]
	at org.junit.platform.engine.support.hierarchical.ThrowableCollector.execute(ThrowableCollector.java:73) ~[junit-platform-engine-1.11.4.jar:1.11.4]
	at org.junit.platform.engine.support.hierarchical.NodeTestTask.lambda$executeRecursively$8(NodeTestTask.java:146) ~[junit-platform-engine-1.11.4.jar:1.11.4]
	at org.junit.platform.engine.support.hierarchical.Node.around(Node.java:137) ~[junit-platform-engine-1.11.4.jar:1.11.4]
	at org.junit.platform.engine.support.hierarchical.NodeTestTask.lambda$executeRecursively$9(NodeTestTask.java:144) ~[junit-platform-engine-1.11.4.jar:1.11.4]
	at org.junit.platform.engine.support.hierarchical.ThrowableCollector.execute(ThrowableCollector.java:73) ~[junit-platform-engine-1.11.4.jar:1.11.4]
	at org.junit.platform.engine.support.hierarchical.NodeTestTask.executeRecursively(NodeTestTask.java:143) ~[junit-platform-engine-1.11.4.jar:1.11.4]
	at org.junit.platform.engine.support.hierarchical.NodeTestTask.execute(NodeTestTask.java:100) ~[junit-platform-engine-1.11.4.jar:1.11.4]
	at org.junit.platform.engine.support.hierarchical.SameThreadHierarchicalTestExecutorService.submit(SameThreadHierarchicalTestExecutorService.java:35) ~[junit-platform-engine-1.11.4.jar:1.11.4]
	at org.junit.platform.engine.support.hierarchical.HierarchicalTestExecutor.execute(HierarchicalTestExecutor.java:57) ~[junit-platform-engine-1.11.4.jar:1.11.4]
	at org.junit.platform.engine.support.hierarchical.HierarchicalTestEngine.execute(HierarchicalTestEngine.java:54) ~[junit-platform-engine-1.11.4.jar:1.11.4]
	at org.junit.platform.launcher.core.EngineExecutionOrchestrator.execute(EngineExecutionOrchestrator.java:198) ~[junit-platform-launcher-1.11.4.jar:1.11.4]
	at org.junit.platform.launcher.core.EngineExecutionOrchestrator.execute(EngineExecutionOrchestrator.java:169) ~[junit-platform-launcher-1.11.4.jar:1.11.4]
	at org.junit.platform.launcher.core.EngineExecutionOrchestrator.execute(EngineExecutionOrchestrator.java:93) ~[junit-platform-launcher-1.11.4.jar:1.11.4]
	at org.junit.platform.launcher.core.EngineExecutionOrchestrator.lambda$execute$0(EngineExecutionOrchestrator.java:58) ~[junit-platform-launcher-1.11.4.jar:1.11.4]
	at org.junit.platform.launcher.core.EngineExecutionOrchestrator.withInterceptedStreams(EngineExecutionOrchestrator.java:141) [junit-platform-launcher-1.11.4.jar:1.11.4]
	at org.junit.platform.launcher.core.EngineExecutionOrchestrator.execute(EngineExecutionOrchestrator.java:57) [junit-platform-launcher-1.11.4.jar:1.11.4]
	at org.junit.platform.launcher.core.DefaultLauncher.execute(DefaultLauncher.java:103) [junit-platform-launcher-1.11.4.jar:1.11.4]
	at org.junit.platform.launcher.core.DefaultLauncher.execute(DefaultLauncher.java:85) [junit-platform-launcher-1.11.4.jar:1.11.4]
	at org.junit.platform.launcher.core.DelegatingLauncher.execute(DelegatingLauncher.java:47) [junit-platform-launcher-1.11.4.jar:1.11.4]
	at org.apache.maven.surefire.junitplatform.LazyLauncher.execute(LazyLauncher.java:56) [surefire-junit-platform-3.5.2.jar:3.5.2]
	at org.apache.maven.surefire.junitplatform.JUnitPlatformProvider.execute(JUnitPlatformProvider.java:184) [surefire-junit-platform-3.5.2.jar:3.5.2]
	at org.apache.maven.surefire.junitplatform.JUnitPlatformProvider.invokeAllTests(JUnitPlatformProvider.java:148) [surefire-junit-platform-3.5.2.jar:3.5.2]
	at org.apache.maven.surefire.junitplatform.JUnitPlatformProvider.invoke(JUnitPlatformProvider.java:122) [surefire-junit-platform-3.5.2.jar:3.5.2]
	at org.apache.maven.surefire.booter.ForkedBooter.runSuitesInProcess(ForkedBooter.java:385) [surefire-booter-3.5.2.jar:3.5.2]
	at org.apache.maven.surefire.booter.ForkedBooter.execute(ForkedBooter.java:162) [surefire-booter-3.5.2.jar:3.5.2]
	at org.apache.maven.surefire.booter.ForkedBooter.run(ForkedBooter.java:507) [surefire-booter-3.5.2.jar:3.5.2]
	at org.apache.maven.surefire.booter.ForkedBooter.main(ForkedBooter.java:495) [surefire-booter-3.5.2.jar:3.5.2]
2025-07-31 16:26:37.272 [main] DEBUG org.springframework.data.jpa.repository.query.NamedQuery - Did not find named query Trainer.findByEmail.count
2025-07-31 16:26:37.274 [main] DEBUG org.springframework.orm.jpa.SharedEntityManagerCreator$SharedEntityManagerInvocationHandler - Creating new EntityManager for shared EntityManager invocation
2025-07-31 16:26:37.302 [main] INFO  org.springframework.data.jpa.repository.query.QueryEnhancerFactory - Hibernate is in classpath; If applicable, HQL parser will be used.
2025-07-31 16:26:37.864 [main] DEBUG org.hibernate.orm.query.hql - HQL : SELECT t FROM Trainer t JOIN t.userCredentials uc WHERE uc.email = :email AND t.isDeleted = false
2025-07-31 16:26:38.317 [main] DEBUG org.hibernate.orm.query.sqm.creation - Applying inferable type to SqmExpression [SqmNamedParameter(email)] : null -> SqmBasicValuedSimplePath(com.example.trainup.model.user.Trainer(t).userCredentials(uc).email)
2025-07-31 16:26:38.335 [main] DEBUG org.hibernate.orm.query.sqm.ast - SqmStatement Tree :
    -> [select]
      -> [query-spec]
        -> [select]
          -> [selection]
            -> [root] - `com.example.trainup.model.user.Trainer(t)`
              -> [joins]
                -> [attribute] - `com.example.trainup.model.user.Trainer(t).userCredentials(uc)`
                    [fetched = false]
                <- [attribute] - `com.example.trainup.model.user.Trainer(t).userCredentials(uc)`
              <- [joins]
            <- [root] - `com.example.trainup.model.user.Trainer(t)`
          <- [selection]
        <- [select]
        -> [from]
          -> [root] - `com.example.trainup.model.user.Trainer(t)`
            -> [joins]
              -> [attribute] - `com.example.trainup.model.user.Trainer(t).userCredentials(uc)`
                  [fetched = false]
              <- [attribute] - `com.example.trainup.model.user.Trainer(t).userCredentials(uc)`
            <- [joins]
          <- [root] - `com.example.trainup.model.user.Trainer(t)`
        <- [from]
        -> [where]
          -> [and]
            -> [EQUAL]
                -> [basic-path] - `com.example.trainup.model.user.Trainer(t).userCredentials(uc).email`
                :email
            <- [EQUAL]
            -> [EQUAL]
                -> [basic-path] - `com.example.trainup.model.user.Trainer(t).isDeleted`
            <- [EQUAL]
          <- [and]
        <- [where]
      <- [query-spec]
    <- [select]

2025-07-31 16:26:38.402 [main] DEBUG org.springframework.data.jpa.repository.query.NamedQuery - Looking up named query 'Trainer.findByUserCredentials'
2025-07-31 16:26:38.403 [main] DEBUG org.hibernate.resource.transaction.backend.jdbc.internal.JdbcResourceLocalTransactionCoordinatorImpl - JDBC transaction marked for rollback-only (exception provided for stack trace)
java.lang.Exception: exception just for purpose of providing stack trace
	at org.hibernate.resource.transaction.backend.jdbc.internal.JdbcResourceLocalTransactionCoordinatorImpl$TransactionDriverControlImpl.markRollbackOnly(JdbcResourceLocalTransactionCoordinatorImpl.java:309) ~[hibernate-core-6.6.8.Final.jar:6.6.8.Final]
	at org.hibernate.internal.AbstractSharedSessionContract.buildNamedQuery(AbstractSharedSessionContract.java:1141) ~[hibernate-core-6.6.8.Final.jar:6.6.8.Final]
	at org.hibernate.internal.AbstractSharedSessionContract.createNamedQuery(AbstractSharedSessionContract.java:1019) ~[hibernate-core-6.6.8.Final.jar:6.6.8.Final]
	at org.hibernate.internal.AbstractSharedSessionContract.createNamedQuery(AbstractSharedSessionContract.java:143) ~[hibernate-core-6.6.8.Final.jar:6.6.8.Final]
	at java.base/jdk.internal.reflect.NativeMethodAccessorImpl.invoke0(Native Method) ~[?:?]
	at java.base/jdk.internal.reflect.NativeMethodAccessorImpl.invoke(NativeMethodAccessorImpl.java:77) ~[?:?]
	at java.base/jdk.internal.reflect.DelegatingMethodAccessorImpl.invoke(DelegatingMethodAccessorImpl.java:43) ~[?:?]
	at java.base/java.lang.reflect.Method.invoke(Method.java:569) ~[?:?]
	at org.springframework.orm.jpa.ExtendedEntityManagerCreator$ExtendedEntityManagerInvocationHandler.invoke(ExtendedEntityManagerCreator.java:364) ~[spring-orm-6.2.3.jar:6.2.3]
	at jdk.proxy2/jdk.proxy2.$Proxy236.createNamedQuery(Unknown Source) ~[?:?]
	at org.springframework.data.jpa.repository.query.NamedQuery.hasNamedQuery(NamedQuery.java:114) ~[spring-data-jpa-3.4.3.jar:3.4.3]
	at org.springframework.data.jpa.repository.query.NamedQuery.lookupFrom(NamedQuery.java:140) ~[spring-data-jpa-3.4.3.jar:3.4.3]
	at org.springframework.data.jpa.repository.query.JpaQueryLookupStrategy$DeclaredQueryLookupStrategy.resolveQuery(JpaQueryLookupStrategy.java:184) ~[spring-data-jpa-3.4.3.jar:3.4.3]
	at org.springframework.data.jpa.repository.query.JpaQueryLookupStrategy$CreateIfNotFoundQueryLookupStrategy.resolveQuery(JpaQueryLookupStrategy.java:256) ~[spring-data-jpa-3.4.3.jar:3.4.3]
	at org.springframework.data.jpa.repository.query.JpaQueryLookupStrategy$AbstractQueryLookupStrategy.resolveQuery(JpaQueryLookupStrategy.java:99) ~[spring-data-jpa-3.4.3.jar:3.4.3]
	at org.springframework.data.repository.core.support.QueryExecutorMethodInterceptor.lookupQuery(QueryExecutorMethodInterceptor.java:116) ~[spring-data-commons-3.4.3.jar:3.4.3]
	at org.springframework.data.repository.core.support.QueryExecutorMethodInterceptor.mapMethodsToQuery(QueryExecutorMethodInterceptor.java:104) ~[spring-data-commons-3.4.3.jar:3.4.3]
	at org.springframework.data.repository.core.support.QueryExecutorMethodInterceptor.lambda$new$0(QueryExecutorMethodInterceptor.java:92) ~[spring-data-commons-3.4.3.jar:3.4.3]
	at java.base/java.util.Optional.map(Optional.java:260) ~[?:?]
	at org.springframework.data.repository.core.support.QueryExecutorMethodInterceptor.<init>(QueryExecutorMethodInterceptor.java:92) ~[spring-data-commons-3.4.3.jar:3.4.3]
	at org.springframework.data.repository.core.support.RepositoryFactorySupport.getRepository(RepositoryFactorySupport.java:440) ~[spring-data-commons-3.4.3.jar:3.4.3]
	at org.springframework.data.repository.core.support.RepositoryFactoryBeanSupport.lambda$afterPropertiesSet$4(RepositoryFactoryBeanSupport.java:350) ~[spring-data-commons-3.4.3.jar:3.4.3]
	at org.springframework.data.util.Lazy.getNullable(Lazy.java:135) ~[spring-data-commons-3.4.3.jar:3.4.3]
	at org.springframework.data.util.Lazy.get(Lazy.java:113) ~[spring-data-commons-3.4.3.jar:3.4.3]
	at org.springframework.data.repository.core.support.RepositoryFactoryBeanSupport.afterPropertiesSet(RepositoryFactoryBeanSupport.java:356) ~[spring-data-commons-3.4.3.jar:3.4.3]
	at org.springframework.data.jpa.repository.support.JpaRepositoryFactoryBean.afterPropertiesSet(JpaRepositoryFactoryBean.java:132) ~[spring-data-jpa-3.4.3.jar:3.4.3]
	at org.springframework.beans.factory.support.AbstractAutowireCapableBeanFactory.invokeInitMethods(AbstractAutowireCapableBeanFactory.java:1859) ~[spring-beans-6.2.3.jar:6.2.3]
	at org.springframework.beans.factory.support.AbstractAutowireCapableBeanFactory.initializeBean(AbstractAutowireCapableBeanFactory.java:1808) ~[spring-beans-6.2.3.jar:6.2.3]
	at org.springframework.beans.factory.support.AbstractAutowireCapableBeanFactory.doCreateBean(AbstractAutowireCapableBeanFactory.java:601) ~[spring-beans-6.2.3.jar:6.2.3]
	at org.springframework.beans.factory.support.AbstractAutowireCapableBeanFactory.createBean(AbstractAutowireCapableBeanFactory.java:523) ~[spring-beans-6.2.3.jar:6.2.3]
	at org.springframework.beans.factory.support.AbstractBeanFactory.lambda$doGetBean$0(AbstractBeanFactory.java:339) ~[spring-beans-6.2.3.jar:6.2.3]
	at org.springframework.beans.factory.support.DefaultSingletonBeanRegistry.getSingleton(DefaultSingletonBeanRegistry.java:346) ~[spring-beans-6.2.3.jar:6.2.3]
	at org.springframework.beans.factory.support.AbstractBeanFactory.doGetBean(AbstractBeanFactory.java:337) ~[spring-beans-6.2.3.jar:6.2.3]
	at org.springframework.beans.factory.support.AbstractBeanFactory.getBean(AbstractBeanFactory.java:202) ~[spring-beans-6.2.3.jar:6.2.3]
	at org.springframework.beans.factory.support.DefaultListableBeanFactory.doResolveDependency(DefaultListableBeanFactory.java:1606) ~[spring-beans-6.2.3.jar:6.2.3]
	at org.springframework.beans.factory.support.DefaultListableBeanFactory.resolveDependency(DefaultListableBeanFactory.java:1552) ~[spring-beans-6.2.3.jar:6.2.3]
	at org.springframework.beans.factory.support.ConstructorResolver.resolveAutowiredArgument(ConstructorResolver.java:913) ~[spring-beans-6.2.3.jar:6.2.3]
	at org.springframework.beans.factory.support.ConstructorResolver.createArgumentArray(ConstructorResolver.java:791) ~[spring-beans-6.2.3.jar:6.2.3]
	at org.springframework.beans.factory.support.ConstructorResolver.autowireConstructor(ConstructorResolver.java:240) ~[spring-beans-6.2.3.jar:6.2.3]
	at org.springframework.beans.factory.support.AbstractAutowireCapableBeanFactory.autowireConstructor(AbstractAutowireCapableBeanFactory.java:1381) ~[spring-beans-6.2.3.jar:6.2.3]
	at org.springframework.beans.factory.support.AbstractAutowireCapableBeanFactory.createBeanInstance(AbstractAutowireCapableBeanFactory.java:1218) ~[spring-beans-6.2.3.jar:6.2.3]
	at org.springframework.beans.factory.support.AbstractAutowireCapableBeanFactory.doCreateBean(AbstractAutowireCapableBeanFactory.java:563) ~[spring-beans-6.2.3.jar:6.2.3]
	at org.springframework.beans.factory.support.AbstractAutowireCapableBeanFactory.createBean(AbstractAutowireCapableBeanFactory.java:523) ~[spring-beans-6.2.3.jar:6.2.3]
	at org.springframework.beans.factory.support.AbstractBeanFactory.lambda$doGetBean$0(AbstractBeanFactory.java:339) ~[spring-beans-6.2.3.jar:6.2.3]
	at org.springframework.beans.factory.support.DefaultSingletonBeanRegistry.getSingleton(DefaultSingletonBeanRegistry.java:346) ~[spring-beans-6.2.3.jar:6.2.3]
	at org.springframework.beans.factory.support.AbstractBeanFactory.doGetBean(AbstractBeanFactory.java:337) ~[spring-beans-6.2.3.jar:6.2.3]
	at org.springframework.beans.factory.support.AbstractBeanFactory.getBean(AbstractBeanFactory.java:202) ~[spring-beans-6.2.3.jar:6.2.3]
	at org.springframework.beans.factory.config.DependencyDescriptor.resolveCandidate(DependencyDescriptor.java:254) ~[spring-beans-6.2.3.jar:6.2.3]
	at org.springframework.beans.factory.support.DefaultListableBeanFactory.doResolveDependency(DefaultListableBeanFactory.java:1664) ~[spring-beans-6.2.3.jar:6.2.3]
	at org.springframework.beans.factory.support.DefaultListableBeanFactory.resolveDependency(DefaultListableBeanFactory.java:1552) ~[spring-beans-6.2.3.jar:6.2.3]
	at org.springframework.beans.factory.support.ConstructorResolver.resolveAutowiredArgument(ConstructorResolver.java:913) ~[spring-beans-6.2.3.jar:6.2.3]
	at org.springframework.beans.factory.support.ConstructorResolver.createArgumentArray(ConstructorResolver.java:791) ~[spring-beans-6.2.3.jar:6.2.3]
	at org.springframework.beans.factory.support.ConstructorResolver.autowireConstructor(ConstructorResolver.java:240) ~[spring-beans-6.2.3.jar:6.2.3]
	at org.springframework.beans.factory.support.AbstractAutowireCapableBeanFactory.autowireConstructor(AbstractAutowireCapableBeanFactory.java:1381) ~[spring-beans-6.2.3.jar:6.2.3]
	at org.springframework.beans.factory.support.AbstractAutowireCapableBeanFactory.createBeanInstance(AbstractAutowireCapableBeanFactory.java:1218) ~[spring-beans-6.2.3.jar:6.2.3]
	at org.springframework.beans.factory.support.AbstractAutowireCapableBeanFactory.doCreateBean(AbstractAutowireCapableBeanFactory.java:563) ~[spring-beans-6.2.3.jar:6.2.3]
	at org.springframework.beans.factory.support.AbstractAutowireCapableBeanFactory.createBean(AbstractAutowireCapableBeanFactory.java:523) ~[spring-beans-6.2.3.jar:6.2.3]
	at org.springframework.beans.factory.support.AbstractBeanFactory.lambda$doGetBean$0(AbstractBeanFactory.java:339) ~[spring-beans-6.2.3.jar:6.2.3]
	at org.springframework.beans.factory.support.DefaultSingletonBeanRegistry.getSingleton(DefaultSingletonBeanRegistry.java:346) ~[spring-beans-6.2.3.jar:6.2.3]
	at org.springframework.beans.factory.support.AbstractBeanFactory.doGetBean(AbstractBeanFactory.java:337) ~[spring-beans-6.2.3.jar:6.2.3]
	at org.springframework.beans.factory.support.AbstractBeanFactory.getBean(AbstractBeanFactory.java:202) ~[spring-beans-6.2.3.jar:6.2.3]
	at org.springframework.beans.factory.support.DefaultListableBeanFactory.instantiateSingleton(DefaultListableBeanFactory.java:1155) ~[spring-beans-6.2.3.jar:6.2.3]
	at org.springframework.beans.factory.support.DefaultListableBeanFactory.preInstantiateSingleton(DefaultListableBeanFactory.java:1121) ~[spring-beans-6.2.3.jar:6.2.3]
	at org.springframework.beans.factory.support.DefaultListableBeanFactory.preInstantiateSingletons(DefaultListableBeanFactory.java:1056) ~[spring-beans-6.2.3.jar:6.2.3]
	at org.springframework.context.support.AbstractApplicationContext.finishBeanFactoryInitialization(AbstractApplicationContext.java:987) ~[spring-context-6.2.3.jar:6.2.3]
	at org.springframework.context.support.AbstractApplicationContext.refresh(AbstractApplicationContext.java:627) ~[spring-context-6.2.3.jar:6.2.3]
	at org.springframework.boot.SpringApplication.refresh(SpringApplication.java:752) ~[spring-boot-3.4.3.jar:3.4.3]
	at org.springframework.boot.SpringApplication.refreshContext(SpringApplication.java:439) ~[spring-boot-3.4.3.jar:3.4.3]
	at org.springframework.boot.SpringApplication.run(SpringApplication.java:318) ~[spring-boot-3.4.3.jar:3.4.3]
	at org.springframework.boot.test.context.SpringBootContextLoader.lambda$loadContext$3(SpringBootContextLoader.java:137) ~[spring-boot-test-3.4.3.jar:3.4.3]
	at org.springframework.util.function.ThrowingSupplier.get(ThrowingSupplier.java:58) ~[spring-core-6.2.3.jar:6.2.3]
	at org.springframework.util.function.ThrowingSupplier.get(ThrowingSupplier.java:46) ~[spring-core-6.2.3.jar:6.2.3]
	at org.springframework.boot.SpringApplication.withHook(SpringApplication.java:1461) ~[spring-boot-3.4.3.jar:3.4.3]
	at org.springframework.boot.test.context.SpringBootContextLoader$ContextLoaderHook.run(SpringBootContextLoader.java:553) ~[spring-boot-test-3.4.3.jar:3.4.3]
	at org.springframework.boot.test.context.SpringBootContextLoader.loadContext(SpringBootContextLoader.java:137) ~[spring-boot-test-3.4.3.jar:3.4.3]
	at org.springframework.boot.test.context.SpringBootContextLoader.loadContext(SpringBootContextLoader.java:108) ~[spring-boot-test-3.4.3.jar:3.4.3]
	at org.springframework.test.context.cache.DefaultCacheAwareContextLoaderDelegate.loadContextInternal(DefaultCacheAwareContextLoaderDelegate.java:225) ~[spring-test-6.2.3.jar:6.2.3]
	at org.springframework.test.context.cache.DefaultCacheAwareContextLoaderDelegate.loadContext(DefaultCacheAwareContextLoaderDelegate.java:152) ~[spring-test-6.2.3.jar:6.2.3]
	at org.springframework.test.context.support.DefaultTestContext.getApplicationContext(DefaultTestContext.java:130) ~[spring-test-6.2.3.jar:6.2.3]
	at org.springframework.test.context.web.ServletTestExecutionListener.setUpRequestContextIfNecessary(ServletTestExecutionListener.java:200) ~[spring-test-6.2.3.jar:6.2.3]
	at org.springframework.test.context.web.ServletTestExecutionListener.prepareTestInstance(ServletTestExecutionListener.java:139) ~[spring-test-6.2.3.jar:6.2.3]
	at org.springframework.test.context.TestContextManager.prepareTestInstance(TestContextManager.java:260) ~[spring-test-6.2.3.jar:6.2.3]
	at org.springframework.test.context.junit.jupiter.SpringExtension.postProcessTestInstance(SpringExtension.java:160) ~[spring-test-6.2.3.jar:6.2.3]
	at org.junit.jupiter.engine.descriptor.ClassBasedTestDescriptor.lambda$invokeTestInstancePostProcessors$11(ClassBasedTestDescriptor.java:378) ~[junit-jupiter-engine-5.11.4.jar:5.11.4]
	at org.junit.jupiter.engine.descriptor.ClassBasedTestDescriptor.executeAndMaskThrowable(ClassBasedTestDescriptor.java:383) ~[junit-jupiter-engine-5.11.4.jar:5.11.4]
	at org.junit.jupiter.engine.descriptor.ClassBasedTestDescriptor.lambda$invokeTestInstancePostProcessors$12(ClassBasedTestDescriptor.java:378) ~[junit-jupiter-engine-5.11.4.jar:5.11.4]
	at java.base/java.util.stream.ForEachOps$ForEachOp$OfRef.accept(ForEachOps.java:183) ~[?:?]
	at java.base/java.util.stream.ReferencePipeline$3$1.accept(ReferencePipeline.java:197) ~[?:?]
	at java.base/java.util.stream.ReferencePipeline$2$1.accept(ReferencePipeline.java:179) ~[?:?]
	at java.base/java.util.stream.ReferencePipeline$3$1.accept(ReferencePipeline.java:197) ~[?:?]
	at java.base/java.util.ArrayList$ArrayListSpliterator.forEachRemaining(ArrayList.java:1625) ~[?:?]
	at java.base/java.util.stream.AbstractPipeline.copyInto(AbstractPipeline.java:509) ~[?:?]
	at java.base/java.util.stream.AbstractPipeline.wrapAndCopyInto(AbstractPipeline.java:499) ~[?:?]
	at java.base/java.util.stream.ForEachOps$ForEachOp.evaluateSequential(ForEachOps.java:150) ~[?:?]
	at java.base/java.util.stream.ForEachOps$ForEachOp$OfRef.evaluateSequential(ForEachOps.java:173) ~[?:?]
	at java.base/java.util.stream.AbstractPipeline.evaluate(AbstractPipeline.java:234) ~[?:?]
	at java.base/java.util.stream.ReferencePipeline.forEach(ReferencePipeline.java:596) ~[?:?]
	at org.junit.jupiter.engine.descriptor.ClassBasedTestDescriptor.invokeTestInstancePostProcessors(ClassBasedTestDescriptor.java:377) ~[junit-jupiter-engine-5.11.4.jar:5.11.4]
	at org.junit.jupiter.engine.descriptor.ClassBasedTestDescriptor.lambda$instantiateAndPostProcessTestInstance$7(ClassBasedTestDescriptor.java:290) ~[junit-jupiter-engine-5.11.4.jar:5.11.4]
	at org.junit.platform.engine.support.hierarchical.ThrowableCollector.execute(ThrowableCollector.java:73) ~[junit-platform-engine-1.11.4.jar:1.11.4]
	at org.junit.jupiter.engine.descriptor.ClassBasedTestDescriptor.instantiateAndPostProcessTestInstance(ClassBasedTestDescriptor.java:289) ~[junit-jupiter-engine-5.11.4.jar:5.11.4]
	at org.junit.jupiter.engine.descriptor.ClassBasedTestDescriptor.lambda$testInstancesProvider$5(ClassBasedTestDescriptor.java:279) ~[junit-jupiter-engine-5.11.4.jar:5.11.4]
	at java.base/java.util.Optional.orElseGet(Optional.java:364) ~[?:?]
	at org.junit.jupiter.engine.descriptor.ClassBasedTestDescriptor.lambda$testInstancesProvider$6(ClassBasedTestDescriptor.java:278) ~[junit-jupiter-engine-5.11.4.jar:5.11.4]
	at org.junit.jupiter.engine.execution.TestInstancesProvider.getTestInstances(TestInstancesProvider.java:31) ~[junit-jupiter-engine-5.11.4.jar:5.11.4]
	at org.junit.jupiter.engine.descriptor.TestMethodTestDescriptor.lambda$prepare$1(TestMethodTestDescriptor.java:105) ~[junit-jupiter-engine-5.11.4.jar:5.11.4]
	at org.junit.platform.engine.support.hierarchical.ThrowableCollector.execute(ThrowableCollector.java:73) ~[junit-platform-engine-1.11.4.jar:1.11.4]
	at org.junit.jupiter.engine.descriptor.TestMethodTestDescriptor.prepare(TestMethodTestDescriptor.java:104) ~[junit-jupiter-engine-5.11.4.jar:5.11.4]
	at org.junit.jupiter.engine.descriptor.TestMethodTestDescriptor.prepare(TestMethodTestDescriptor.java:68) ~[junit-jupiter-engine-5.11.4.jar:5.11.4]
	at org.junit.platform.engine.support.hierarchical.NodeTestTask.lambda$prepare$2(NodeTestTask.java:128) ~[junit-platform-engine-1.11.4.jar:1.11.4]
	at org.junit.platform.engine.support.hierarchical.ThrowableCollector.execute(ThrowableCollector.java:73) ~[junit-platform-engine-1.11.4.jar:1.11.4]
	at org.junit.platform.engine.support.hierarchical.NodeTestTask.prepare(NodeTestTask.java:128) ~[junit-platform-engine-1.11.4.jar:1.11.4]
	at org.junit.platform.engine.support.hierarchical.NodeTestTask.execute(NodeTestTask.java:95) ~[junit-platform-engine-1.11.4.jar:1.11.4]
	at java.base/java.util.ArrayList.forEach(ArrayList.java:1511) ~[?:?]
	at org.junit.platform.engine.support.hierarchical.SameThreadHierarchicalTestExecutorService.invokeAll(SameThreadHierarchicalTestExecutorService.java:41) ~[junit-platform-engine-1.11.4.jar:1.11.4]
	at org.junit.platform.engine.support.hierarchical.NodeTestTask.lambda$executeRecursively$6(NodeTestTask.java:160) ~[junit-platform-engine-1.11.4.jar:1.11.4]
	at org.junit.platform.engine.support.hierarchical.ThrowableCollector.execute(ThrowableCollector.java:73) ~[junit-platform-engine-1.11.4.jar:1.11.4]
	at org.junit.platform.engine.support.hierarchical.NodeTestTask.lambda$executeRecursively$8(NodeTestTask.java:146) ~[junit-platform-engine-1.11.4.jar:1.11.4]
	at org.junit.platform.engine.support.hierarchical.Node.around(Node.java:137) ~[junit-platform-engine-1.11.4.jar:1.11.4]
	at org.junit.platform.engine.support.hierarchical.NodeTestTask.lambda$executeRecursively$9(NodeTestTask.java:144) ~[junit-platform-engine-1.11.4.jar:1.11.4]
	at org.junit.platform.engine.support.hierarchical.ThrowableCollector.execute(ThrowableCollector.java:73) ~[junit-platform-engine-1.11.4.jar:1.11.4]
	at org.junit.platform.engine.support.hierarchical.NodeTestTask.executeRecursively(NodeTestTask.java:143) ~[junit-platform-engine-1.11.4.jar:1.11.4]
	at org.junit.platform.engine.support.hierarchical.NodeTestTask.execute(NodeTestTask.java:100) ~[junit-platform-engine-1.11.4.jar:1.11.4]
	at java.base/java.util.ArrayList.forEach(ArrayList.java:1511) ~[?:?]
	at org.junit.platform.engine.support.hierarchical.SameThreadHierarchicalTestExecutorService.invokeAll(SameThreadHierarchicalTestExecutorService.java:41) ~[junit-platform-engine-1.11.4.jar:1.11.4]
	at org.junit.platform.engine.support.hierarchical.NodeTestTask.lambda$executeRecursively$6(NodeTestTask.java:160) ~[junit-platform-engine-1.11.4.jar:1.11.4]
	at org.junit.platform.engine.support.hierarchical.ThrowableCollector.execute(ThrowableCollector.java:73) ~[junit-platform-engine-1.11.4.jar:1.11.4]
	at org.junit.platform.engine.support.hierarchical.NodeTestTask.lambda$executeRecursively$8(NodeTestTask.java:146) ~[junit-platform-engine-1.11.4.jar:1.11.4]
	at org.junit.platform.engine.support.hierarchical.Node.around(Node.java:137) ~[junit-platform-engine-1.11.4.jar:1.11.4]
	at org.junit.platform.engine.support.hierarchical.NodeTestTask.lambda$executeRecursively$9(NodeTestTask.java:144) ~[junit-platform-engine-1.11.4.jar:1.11.4]
	at org.junit.platform.engine.support.hierarchical.ThrowableCollector.execute(ThrowableCollector.java:73) ~[junit-platform-engine-1.11.4.jar:1.11.4]
	at org.junit.platform.engine.support.hierarchical.NodeTestTask.executeRecursively(NodeTestTask.java:143) ~[junit-platform-engine-1.11.4.jar:1.11.4]
	at org.junit.platform.engine.support.hierarchical.NodeTestTask.execute(NodeTestTask.java:100) ~[junit-platform-engine-1.11.4.jar:1.11.4]
	at org.junit.platform.engine.support.hierarchical.SameThreadHierarchicalTestExecutorService.submit(SameThreadHierarchicalTestExecutorService.java:35) ~[junit-platform-engine-1.11.4.jar:1.11.4]
	at org.junit.platform.engine.support.hierarchical.HierarchicalTestExecutor.execute(HierarchicalTestExecutor.java:57) ~[junit-platform-engine-1.11.4.jar:1.11.4]
	at org.junit.platform.engine.support.hierarchical.HierarchicalTestEngine.execute(HierarchicalTestEngine.java:54) ~[junit-platform-engine-1.11.4.jar:1.11.4]
	at org.junit.platform.launcher.core.EngineExecutionOrchestrator.execute(EngineExecutionOrchestrator.java:198) ~[junit-platform-launcher-1.11.4.jar:1.11.4]
	at org.junit.platform.launcher.core.EngineExecutionOrchestrator.execute(EngineExecutionOrchestrator.java:169) ~[junit-platform-launcher-1.11.4.jar:1.11.4]
	at org.junit.platform.launcher.core.EngineExecutionOrchestrator.execute(EngineExecutionOrchestrator.java:93) ~[junit-platform-launcher-1.11.4.jar:1.11.4]
	at org.junit.platform.launcher.core.EngineExecutionOrchestrator.lambda$execute$0(EngineExecutionOrchestrator.java:58) ~[junit-platform-launcher-1.11.4.jar:1.11.4]
	at org.junit.platform.launcher.core.EngineExecutionOrchestrator.withInterceptedStreams(EngineExecutionOrchestrator.java:141) [junit-platform-launcher-1.11.4.jar:1.11.4]
	at org.junit.platform.launcher.core.EngineExecutionOrchestrator.execute(EngineExecutionOrchestrator.java:57) [junit-platform-launcher-1.11.4.jar:1.11.4]
	at org.junit.platform.launcher.core.DefaultLauncher.execute(DefaultLauncher.java:103) [junit-platform-launcher-1.11.4.jar:1.11.4]
	at org.junit.platform.launcher.core.DefaultLauncher.execute(DefaultLauncher.java:85) [junit-platform-launcher-1.11.4.jar:1.11.4]
	at org.junit.platform.launcher.core.DelegatingLauncher.execute(DelegatingLauncher.java:47) [junit-platform-launcher-1.11.4.jar:1.11.4]
	at org.apache.maven.surefire.junitplatform.LazyLauncher.execute(LazyLauncher.java:56) [surefire-junit-platform-3.5.2.jar:3.5.2]
	at org.apache.maven.surefire.junitplatform.JUnitPlatformProvider.execute(JUnitPlatformProvider.java:184) [surefire-junit-platform-3.5.2.jar:3.5.2]
	at org.apache.maven.surefire.junitplatform.JUnitPlatformProvider.invokeAllTests(JUnitPlatformProvider.java:148) [surefire-junit-platform-3.5.2.jar:3.5.2]
	at org.apache.maven.surefire.junitplatform.JUnitPlatformProvider.invoke(JUnitPlatformProvider.java:122) [surefire-junit-platform-3.5.2.jar:3.5.2]
	at org.apache.maven.surefire.booter.ForkedBooter.runSuitesInProcess(ForkedBooter.java:385) [surefire-booter-3.5.2.jar:3.5.2]
	at org.apache.maven.surefire.booter.ForkedBooter.execute(ForkedBooter.java:162) [surefire-booter-3.5.2.jar:3.5.2]
	at org.apache.maven.surefire.booter.ForkedBooter.run(ForkedBooter.java:507) [surefire-booter-3.5.2.jar:3.5.2]
	at org.apache.maven.surefire.booter.ForkedBooter.main(ForkedBooter.java:495) [surefire-booter-3.5.2.jar:3.5.2]
2025-07-31 16:26:38.415 [main] DEBUG org.springframework.data.jpa.repository.query.NamedQuery - Did not find named query Trainer.findByUserCredentials
2025-07-31 16:26:38.415 [main] DEBUG org.springframework.orm.jpa.SharedEntityManagerCreator$SharedEntityManagerInvocationHandler - Creating new EntityManager for shared EntityManager invocation
2025-07-31 16:26:38.423 [main] DEBUG org.hibernate.resource.transaction.backend.jdbc.internal.JdbcResourceLocalTransactionCoordinatorImpl - JDBC transaction marked for rollback-only (exception provided for stack trace)
java.lang.Exception: exception just for purpose of providing stack trace
	at org.hibernate.resource.transaction.backend.jdbc.internal.JdbcResourceLocalTransactionCoordinatorImpl$TransactionDriverControlImpl.markRollbackOnly(JdbcResourceLocalTransactionCoordinatorImpl.java:309) ~[hibernate-core-6.6.8.Final.jar:6.6.8.Final]
	at org.hibernate.internal.AbstractSharedSessionContract.buildNamedQuery(AbstractSharedSessionContract.java:1141) ~[hibernate-core-6.6.8.Final.jar:6.6.8.Final]
	at org.hibernate.internal.AbstractSharedSessionContract.createNamedQuery(AbstractSharedSessionContract.java:1019) ~[hibernate-core-6.6.8.Final.jar:6.6.8.Final]
	at org.hibernate.internal.AbstractSharedSessionContract.createNamedQuery(AbstractSharedSessionContract.java:143) ~[hibernate-core-6.6.8.Final.jar:6.6.8.Final]
	at java.base/jdk.internal.reflect.NativeMethodAccessorImpl.invoke0(Native Method) ~[?:?]
	at java.base/jdk.internal.reflect.NativeMethodAccessorImpl.invoke(NativeMethodAccessorImpl.java:77) ~[?:?]
	at java.base/jdk.internal.reflect.DelegatingMethodAccessorImpl.invoke(DelegatingMethodAccessorImpl.java:43) ~[?:?]
	at java.base/java.lang.reflect.Method.invoke(Method.java:569) ~[?:?]
	at org.springframework.orm.jpa.ExtendedEntityManagerCreator$ExtendedEntityManagerInvocationHandler.invoke(ExtendedEntityManagerCreator.java:364) ~[spring-orm-6.2.3.jar:6.2.3]
	at jdk.proxy2/jdk.proxy2.$Proxy236.createNamedQuery(Unknown Source) ~[?:?]
	at org.springframework.data.jpa.repository.query.NamedQuery.hasNamedQuery(NamedQuery.java:114) ~[spring-data-jpa-3.4.3.jar:3.4.3]
	at org.springframework.data.jpa.repository.query.JpaQueryLookupStrategy$DeclaredQueryLookupStrategy.getCountQuery(JpaQueryLookupStrategy.java:208) ~[spring-data-jpa-3.4.3.jar:3.4.3]
	at org.springframework.data.jpa.repository.query.JpaQueryLookupStrategy$DeclaredQueryLookupStrategy.resolveQuery(JpaQueryLookupStrategy.java:175) ~[spring-data-jpa-3.4.3.jar:3.4.3]
	at org.springframework.data.jpa.repository.query.JpaQueryLookupStrategy$CreateIfNotFoundQueryLookupStrategy.resolveQuery(JpaQueryLookupStrategy.java:256) ~[spring-data-jpa-3.4.3.jar:3.4.3]
	at org.springframework.data.jpa.repository.query.JpaQueryLookupStrategy$AbstractQueryLookupStrategy.resolveQuery(JpaQueryLookupStrategy.java:99) ~[spring-data-jpa-3.4.3.jar:3.4.3]
	at org.springframework.data.repository.core.support.QueryExecutorMethodInterceptor.lookupQuery(QueryExecutorMethodInterceptor.java:116) ~[spring-data-commons-3.4.3.jar:3.4.3]
	at org.springframework.data.repository.core.support.QueryExecutorMethodInterceptor.mapMethodsToQuery(QueryExecutorMethodInterceptor.java:104) ~[spring-data-commons-3.4.3.jar:3.4.3]
	at org.springframework.data.repository.core.support.QueryExecutorMethodInterceptor.lambda$new$0(QueryExecutorMethodInterceptor.java:92) ~[spring-data-commons-3.4.3.jar:3.4.3]
	at java.base/java.util.Optional.map(Optional.java:260) ~[?:?]
	at org.springframework.data.repository.core.support.QueryExecutorMethodInterceptor.<init>(QueryExecutorMethodInterceptor.java:92) ~[spring-data-commons-3.4.3.jar:3.4.3]
	at org.springframework.data.repository.core.support.RepositoryFactorySupport.getRepository(RepositoryFactorySupport.java:440) ~[spring-data-commons-3.4.3.jar:3.4.3]
	at org.springframework.data.repository.core.support.RepositoryFactoryBeanSupport.lambda$afterPropertiesSet$4(RepositoryFactoryBeanSupport.java:350) ~[spring-data-commons-3.4.3.jar:3.4.3]
	at org.springframework.data.util.Lazy.getNullable(Lazy.java:135) ~[spring-data-commons-3.4.3.jar:3.4.3]
	at org.springframework.data.util.Lazy.get(Lazy.java:113) ~[spring-data-commons-3.4.3.jar:3.4.3]
	at org.springframework.data.repository.core.support.RepositoryFactoryBeanSupport.afterPropertiesSet(RepositoryFactoryBeanSupport.java:356) ~[spring-data-commons-3.4.3.jar:3.4.3]
	at org.springframework.data.jpa.repository.support.JpaRepositoryFactoryBean.afterPropertiesSet(JpaRepositoryFactoryBean.java:132) ~[spring-data-jpa-3.4.3.jar:3.4.3]
	at org.springframework.beans.factory.support.AbstractAutowireCapableBeanFactory.invokeInitMethods(AbstractAutowireCapableBeanFactory.java:1859) ~[spring-beans-6.2.3.jar:6.2.3]
	at org.springframework.beans.factory.support.AbstractAutowireCapableBeanFactory.initializeBean(AbstractAutowireCapableBeanFactory.java:1808) ~[spring-beans-6.2.3.jar:6.2.3]
	at org.springframework.beans.factory.support.AbstractAutowireCapableBeanFactory.doCreateBean(AbstractAutowireCapableBeanFactory.java:601) ~[spring-beans-6.2.3.jar:6.2.3]
	at org.springframework.beans.factory.support.AbstractAutowireCapableBeanFactory.createBean(AbstractAutowireCapableBeanFactory.java:523) ~[spring-beans-6.2.3.jar:6.2.3]
	at org.springframework.beans.factory.support.AbstractBeanFactory.lambda$doGetBean$0(AbstractBeanFactory.java:339) ~[spring-beans-6.2.3.jar:6.2.3]
	at org.springframework.beans.factory.support.DefaultSingletonBeanRegistry.getSingleton(DefaultSingletonBeanRegistry.java:346) ~[spring-beans-6.2.3.jar:6.2.3]
	at org.springframework.beans.factory.support.AbstractBeanFactory.doGetBean(AbstractBeanFactory.java:337) ~[spring-beans-6.2.3.jar:6.2.3]
	at org.springframework.beans.factory.support.AbstractBeanFactory.getBean(AbstractBeanFactory.java:202) ~[spring-beans-6.2.3.jar:6.2.3]
	at org.springframework.beans.factory.support.DefaultListableBeanFactory.doResolveDependency(DefaultListableBeanFactory.java:1606) ~[spring-beans-6.2.3.jar:6.2.3]
	at org.springframework.beans.factory.support.DefaultListableBeanFactory.resolveDependency(DefaultListableBeanFactory.java:1552) ~[spring-beans-6.2.3.jar:6.2.3]
	at org.springframework.beans.factory.support.ConstructorResolver.resolveAutowiredArgument(ConstructorResolver.java:913) ~[spring-beans-6.2.3.jar:6.2.3]
	at org.springframework.beans.factory.support.ConstructorResolver.createArgumentArray(ConstructorResolver.java:791) ~[spring-beans-6.2.3.jar:6.2.3]
	at org.springframework.beans.factory.support.ConstructorResolver.autowireConstructor(ConstructorResolver.java:240) ~[spring-beans-6.2.3.jar:6.2.3]
	at org.springframework.beans.factory.support.AbstractAutowireCapableBeanFactory.autowireConstructor(AbstractAutowireCapableBeanFactory.java:1381) ~[spring-beans-6.2.3.jar:6.2.3]
	at org.springframework.beans.factory.support.AbstractAutowireCapableBeanFactory.createBeanInstance(AbstractAutowireCapableBeanFactory.java:1218) ~[spring-beans-6.2.3.jar:6.2.3]
	at org.springframework.beans.factory.support.AbstractAutowireCapableBeanFactory.doCreateBean(AbstractAutowireCapableBeanFactory.java:563) ~[spring-beans-6.2.3.jar:6.2.3]
	at org.springframework.beans.factory.support.AbstractAutowireCapableBeanFactory.createBean(AbstractAutowireCapableBeanFactory.java:523) ~[spring-beans-6.2.3.jar:6.2.3]
	at org.springframework.beans.factory.support.AbstractBeanFactory.lambda$doGetBean$0(AbstractBeanFactory.java:339) ~[spring-beans-6.2.3.jar:6.2.3]
	at org.springframework.beans.factory.support.DefaultSingletonBeanRegistry.getSingleton(DefaultSingletonBeanRegistry.java:346) ~[spring-beans-6.2.3.jar:6.2.3]
	at org.springframework.beans.factory.support.AbstractBeanFactory.doGetBean(AbstractBeanFactory.java:337) ~[spring-beans-6.2.3.jar:6.2.3]
	at org.springframework.beans.factory.support.AbstractBeanFactory.getBean(AbstractBeanFactory.java:202) ~[spring-beans-6.2.3.jar:6.2.3]
	at org.springframework.beans.factory.config.DependencyDescriptor.resolveCandidate(DependencyDescriptor.java:254) ~[spring-beans-6.2.3.jar:6.2.3]
	at org.springframework.beans.factory.support.DefaultListableBeanFactory.doResolveDependency(DefaultListableBeanFactory.java:1664) ~[spring-beans-6.2.3.jar:6.2.3]
	at org.springframework.beans.factory.support.DefaultListableBeanFactory.resolveDependency(DefaultListableBeanFactory.java:1552) ~[spring-beans-6.2.3.jar:6.2.3]
	at org.springframework.beans.factory.support.ConstructorResolver.resolveAutowiredArgument(ConstructorResolver.java:913) ~[spring-beans-6.2.3.jar:6.2.3]
	at org.springframework.beans.factory.support.ConstructorResolver.createArgumentArray(ConstructorResolver.java:791) ~[spring-beans-6.2.3.jar:6.2.3]
	at org.springframework.beans.factory.support.ConstructorResolver.autowireConstructor(ConstructorResolver.java:240) ~[spring-beans-6.2.3.jar:6.2.3]
	at org.springframework.beans.factory.support.AbstractAutowireCapableBeanFactory.autowireConstructor(AbstractAutowireCapableBeanFactory.java:1381) ~[spring-beans-6.2.3.jar:6.2.3]
	at org.springframework.beans.factory.support.AbstractAutowireCapableBeanFactory.createBeanInstance(AbstractAutowireCapableBeanFactory.java:1218) ~[spring-beans-6.2.3.jar:6.2.3]
	at org.springframework.beans.factory.support.AbstractAutowireCapableBeanFactory.doCreateBean(AbstractAutowireCapableBeanFactory.java:563) ~[spring-beans-6.2.3.jar:6.2.3]
	at org.springframework.beans.factory.support.AbstractAutowireCapableBeanFactory.createBean(AbstractAutowireCapableBeanFactory.java:523) ~[spring-beans-6.2.3.jar:6.2.3]
	at org.springframework.beans.factory.support.AbstractBeanFactory.lambda$doGetBean$0(AbstractBeanFactory.java:339) ~[spring-beans-6.2.3.jar:6.2.3]
	at org.springframework.beans.factory.support.DefaultSingletonBeanRegistry.getSingleton(DefaultSingletonBeanRegistry.java:346) ~[spring-beans-6.2.3.jar:6.2.3]
	at org.springframework.beans.factory.support.AbstractBeanFactory.doGetBean(AbstractBeanFactory.java:337) ~[spring-beans-6.2.3.jar:6.2.3]
	at org.springframework.beans.factory.support.AbstractBeanFactory.getBean(AbstractBeanFactory.java:202) ~[spring-beans-6.2.3.jar:6.2.3]
	at org.springframework.beans.factory.support.DefaultListableBeanFactory.instantiateSingleton(DefaultListableBeanFactory.java:1155) ~[spring-beans-6.2.3.jar:6.2.3]
	at org.springframework.beans.factory.support.DefaultListableBeanFactory.preInstantiateSingleton(DefaultListableBeanFactory.java:1121) ~[spring-beans-6.2.3.jar:6.2.3]
	at org.springframework.beans.factory.support.DefaultListableBeanFactory.preInstantiateSingletons(DefaultListableBeanFactory.java:1056) ~[spring-beans-6.2.3.jar:6.2.3]
	at org.springframework.context.support.AbstractApplicationContext.finishBeanFactoryInitialization(AbstractApplicationContext.java:987) ~[spring-context-6.2.3.jar:6.2.3]
	at org.springframework.context.support.AbstractApplicationContext.refresh(AbstractApplicationContext.java:627) ~[spring-context-6.2.3.jar:6.2.3]
	at org.springframework.boot.SpringApplication.refresh(SpringApplication.java:752) ~[spring-boot-3.4.3.jar:3.4.3]
	at org.springframework.boot.SpringApplication.refreshContext(SpringApplication.java:439) ~[spring-boot-3.4.3.jar:3.4.3]
	at org.springframework.boot.SpringApplication.run(SpringApplication.java:318) ~[spring-boot-3.4.3.jar:3.4.3]
	at org.springframework.boot.test.context.SpringBootContextLoader.lambda$loadContext$3(SpringBootContextLoader.java:137) ~[spring-boot-test-3.4.3.jar:3.4.3]
	at org.springframework.util.function.ThrowingSupplier.get(ThrowingSupplier.java:58) ~[spring-core-6.2.3.jar:6.2.3]
	at org.springframework.util.function.ThrowingSupplier.get(ThrowingSupplier.java:46) ~[spring-core-6.2.3.jar:6.2.3]
	at org.springframework.boot.SpringApplication.withHook(SpringApplication.java:1461) ~[spring-boot-3.4.3.jar:3.4.3]
	at org.springframework.boot.test.context.SpringBootContextLoader$ContextLoaderHook.run(SpringBootContextLoader.java:553) ~[spring-boot-test-3.4.3.jar:3.4.3]
	at org.springframework.boot.test.context.SpringBootContextLoader.loadContext(SpringBootContextLoader.java:137) ~[spring-boot-test-3.4.3.jar:3.4.3]
	at org.springframework.boot.test.context.SpringBootContextLoader.loadContext(SpringBootContextLoader.java:108) ~[spring-boot-test-3.4.3.jar:3.4.3]
	at org.springframework.test.context.cache.DefaultCacheAwareContextLoaderDelegate.loadContextInternal(DefaultCacheAwareContextLoaderDelegate.java:225) ~[spring-test-6.2.3.jar:6.2.3]
	at org.springframework.test.context.cache.DefaultCacheAwareContextLoaderDelegate.loadContext(DefaultCacheAwareContextLoaderDelegate.java:152) ~[spring-test-6.2.3.jar:6.2.3]
	at org.springframework.test.context.support.DefaultTestContext.getApplicationContext(DefaultTestContext.java:130) ~[spring-test-6.2.3.jar:6.2.3]
	at org.springframework.test.context.web.ServletTestExecutionListener.setUpRequestContextIfNecessary(ServletTestExecutionListener.java:200) ~[spring-test-6.2.3.jar:6.2.3]
	at org.springframework.test.context.web.ServletTestExecutionListener.prepareTestInstance(ServletTestExecutionListener.java:139) ~[spring-test-6.2.3.jar:6.2.3]
	at org.springframework.test.context.TestContextManager.prepareTestInstance(TestContextManager.java:260) ~[spring-test-6.2.3.jar:6.2.3]
	at org.springframework.test.context.junit.jupiter.SpringExtension.postProcessTestInstance(SpringExtension.java:160) ~[spring-test-6.2.3.jar:6.2.3]
	at org.junit.jupiter.engine.descriptor.ClassBasedTestDescriptor.lambda$invokeTestInstancePostProcessors$11(ClassBasedTestDescriptor.java:378) ~[junit-jupiter-engine-5.11.4.jar:5.11.4]
	at org.junit.jupiter.engine.descriptor.ClassBasedTestDescriptor.executeAndMaskThrowable(ClassBasedTestDescriptor.java:383) ~[junit-jupiter-engine-5.11.4.jar:5.11.4]
	at org.junit.jupiter.engine.descriptor.ClassBasedTestDescriptor.lambda$invokeTestInstancePostProcessors$12(ClassBasedTestDescriptor.java:378) ~[junit-jupiter-engine-5.11.4.jar:5.11.4]
	at java.base/java.util.stream.ForEachOps$ForEachOp$OfRef.accept(ForEachOps.java:183) ~[?:?]
	at java.base/java.util.stream.ReferencePipeline$3$1.accept(ReferencePipeline.java:197) ~[?:?]
	at java.base/java.util.stream.ReferencePipeline$2$1.accept(ReferencePipeline.java:179) ~[?:?]
	at java.base/java.util.stream.ReferencePipeline$3$1.accept(ReferencePipeline.java:197) ~[?:?]
	at java.base/java.util.ArrayList$ArrayListSpliterator.forEachRemaining(ArrayList.java:1625) ~[?:?]
	at java.base/java.util.stream.AbstractPipeline.copyInto(AbstractPipeline.java:509) ~[?:?]
	at java.base/java.util.stream.AbstractPipeline.wrapAndCopyInto(AbstractPipeline.java:499) ~[?:?]
	at java.base/java.util.stream.ForEachOps$ForEachOp.evaluateSequential(ForEachOps.java:150) ~[?:?]
	at java.base/java.util.stream.ForEachOps$ForEachOp$OfRef.evaluateSequential(ForEachOps.java:173) ~[?:?]
	at java.base/java.util.stream.AbstractPipeline.evaluate(AbstractPipeline.java:234) ~[?:?]
	at java.base/java.util.stream.ReferencePipeline.forEach(ReferencePipeline.java:596) ~[?:?]
	at org.junit.jupiter.engine.descriptor.ClassBasedTestDescriptor.invokeTestInstancePostProcessors(ClassBasedTestDescriptor.java:377) ~[junit-jupiter-engine-5.11.4.jar:5.11.4]
	at org.junit.jupiter.engine.descriptor.ClassBasedTestDescriptor.lambda$instantiateAndPostProcessTestInstance$7(ClassBasedTestDescriptor.java:290) ~[junit-jupiter-engine-5.11.4.jar:5.11.4]
	at org.junit.platform.engine.support.hierarchical.ThrowableCollector.execute(ThrowableCollector.java:73) ~[junit-platform-engine-1.11.4.jar:1.11.4]
	at org.junit.jupiter.engine.descriptor.ClassBasedTestDescriptor.instantiateAndPostProcessTestInstance(ClassBasedTestDescriptor.java:289) ~[junit-jupiter-engine-5.11.4.jar:5.11.4]
	at org.junit.jupiter.engine.descriptor.ClassBasedTestDescriptor.lambda$testInstancesProvider$5(ClassBasedTestDescriptor.java:279) ~[junit-jupiter-engine-5.11.4.jar:5.11.4]
	at java.base/java.util.Optional.orElseGet(Optional.java:364) ~[?:?]
	at org.junit.jupiter.engine.descriptor.ClassBasedTestDescriptor.lambda$testInstancesProvider$6(ClassBasedTestDescriptor.java:278) ~[junit-jupiter-engine-5.11.4.jar:5.11.4]
	at org.junit.jupiter.engine.execution.TestInstancesProvider.getTestInstances(TestInstancesProvider.java:31) ~[junit-jupiter-engine-5.11.4.jar:5.11.4]
	at org.junit.jupiter.engine.descriptor.TestMethodTestDescriptor.lambda$prepare$1(TestMethodTestDescriptor.java:105) ~[junit-jupiter-engine-5.11.4.jar:5.11.4]
	at org.junit.platform.engine.support.hierarchical.ThrowableCollector.execute(ThrowableCollector.java:73) ~[junit-platform-engine-1.11.4.jar:1.11.4]
	at org.junit.jupiter.engine.descriptor.TestMethodTestDescriptor.prepare(TestMethodTestDescriptor.java:104) ~[junit-jupiter-engine-5.11.4.jar:5.11.4]
	at org.junit.jupiter.engine.descriptor.TestMethodTestDescriptor.prepare(TestMethodTestDescriptor.java:68) ~[junit-jupiter-engine-5.11.4.jar:5.11.4]
	at org.junit.platform.engine.support.hierarchical.NodeTestTask.lambda$prepare$2(NodeTestTask.java:128) ~[junit-platform-engine-1.11.4.jar:1.11.4]
	at org.junit.platform.engine.support.hierarchical.ThrowableCollector.execute(ThrowableCollector.java:73) ~[junit-platform-engine-1.11.4.jar:1.11.4]
	at org.junit.platform.engine.support.hierarchical.NodeTestTask.prepare(NodeTestTask.java:128) ~[junit-platform-engine-1.11.4.jar:1.11.4]
	at org.junit.platform.engine.support.hierarchical.NodeTestTask.execute(NodeTestTask.java:95) ~[junit-platform-engine-1.11.4.jar:1.11.4]
	at java.base/java.util.ArrayList.forEach(ArrayList.java:1511) ~[?:?]
	at org.junit.platform.engine.support.hierarchical.SameThreadHierarchicalTestExecutorService.invokeAll(SameThreadHierarchicalTestExecutorService.java:41) ~[junit-platform-engine-1.11.4.jar:1.11.4]
	at org.junit.platform.engine.support.hierarchical.NodeTestTask.lambda$executeRecursively$6(NodeTestTask.java:160) ~[junit-platform-engine-1.11.4.jar:1.11.4]
	at org.junit.platform.engine.support.hierarchical.ThrowableCollector.execute(ThrowableCollector.java:73) ~[junit-platform-engine-1.11.4.jar:1.11.4]
	at org.junit.platform.engine.support.hierarchical.NodeTestTask.lambda$executeRecursively$8(NodeTestTask.java:146) ~[junit-platform-engine-1.11.4.jar:1.11.4]
	at org.junit.platform.engine.support.hierarchical.Node.around(Node.java:137) ~[junit-platform-engine-1.11.4.jar:1.11.4]
	at org.junit.platform.engine.support.hierarchical.NodeTestTask.lambda$executeRecursively$9(NodeTestTask.java:144) ~[junit-platform-engine-1.11.4.jar:1.11.4]
	at org.junit.platform.engine.support.hierarchical.ThrowableCollector.execute(ThrowableCollector.java:73) ~[junit-platform-engine-1.11.4.jar:1.11.4]
	at org.junit.platform.engine.support.hierarchical.NodeTestTask.executeRecursively(NodeTestTask.java:143) ~[junit-platform-engine-1.11.4.jar:1.11.4]
	at org.junit.platform.engine.support.hierarchical.NodeTestTask.execute(NodeTestTask.java:100) ~[junit-platform-engine-1.11.4.jar:1.11.4]
	at java.base/java.util.ArrayList.forEach(ArrayList.java:1511) ~[?:?]
	at org.junit.platform.engine.support.hierarchical.SameThreadHierarchicalTestExecutorService.invokeAll(SameThreadHierarchicalTestExecutorService.java:41) ~[junit-platform-engine-1.11.4.jar:1.11.4]
	at org.junit.platform.engine.support.hierarchical.NodeTestTask.lambda$executeRecursively$6(NodeTestTask.java:160) ~[junit-platform-engine-1.11.4.jar:1.11.4]
	at org.junit.platform.engine.support.hierarchical.ThrowableCollector.execute(ThrowableCollector.java:73) ~[junit-platform-engine-1.11.4.jar:1.11.4]
	at org.junit.platform.engine.support.hierarchical.NodeTestTask.lambda$executeRecursively$8(NodeTestTask.java:146) ~[junit-platform-engine-1.11.4.jar:1.11.4]
	at org.junit.platform.engine.support.hierarchical.Node.around(Node.java:137) ~[junit-platform-engine-1.11.4.jar:1.11.4]
	at org.junit.platform.engine.support.hierarchical.NodeTestTask.lambda$executeRecursively$9(NodeTestTask.java:144) ~[junit-platform-engine-1.11.4.jar:1.11.4]
	at org.junit.platform.engine.support.hierarchical.ThrowableCollector.execute(ThrowableCollector.java:73) ~[junit-platform-engine-1.11.4.jar:1.11.4]
	at org.junit.platform.engine.support.hierarchical.NodeTestTask.executeRecursively(NodeTestTask.java:143) ~[junit-platform-engine-1.11.4.jar:1.11.4]
	at org.junit.platform.engine.support.hierarchical.NodeTestTask.execute(NodeTestTask.java:100) ~[junit-platform-engine-1.11.4.jar:1.11.4]
	at org.junit.platform.engine.support.hierarchical.SameThreadHierarchicalTestExecutorService.submit(SameThreadHierarchicalTestExecutorService.java:35) ~[junit-platform-engine-1.11.4.jar:1.11.4]
	at org.junit.platform.engine.support.hierarchical.HierarchicalTestExecutor.execute(HierarchicalTestExecutor.java:57) ~[junit-platform-engine-1.11.4.jar:1.11.4]
	at org.junit.platform.engine.support.hierarchical.HierarchicalTestEngine.execute(HierarchicalTestEngine.java:54) ~[junit-platform-engine-1.11.4.jar:1.11.4]
	at org.junit.platform.launcher.core.EngineExecutionOrchestrator.execute(EngineExecutionOrchestrator.java:198) ~[junit-platform-launcher-1.11.4.jar:1.11.4]
	at org.junit.platform.launcher.core.EngineExecutionOrchestrator.execute(EngineExecutionOrchestrator.java:169) ~[junit-platform-launcher-1.11.4.jar:1.11.4]
	at org.junit.platform.launcher.core.EngineExecutionOrchestrator.execute(EngineExecutionOrchestrator.java:93) ~[junit-platform-launcher-1.11.4.jar:1.11.4]
	at org.junit.platform.launcher.core.EngineExecutionOrchestrator.lambda$execute$0(EngineExecutionOrchestrator.java:58) ~[junit-platform-launcher-1.11.4.jar:1.11.4]
	at org.junit.platform.launcher.core.EngineExecutionOrchestrator.withInterceptedStreams(EngineExecutionOrchestrator.java:141) [junit-platform-launcher-1.11.4.jar:1.11.4]
	at org.junit.platform.launcher.core.EngineExecutionOrchestrator.execute(EngineExecutionOrchestrator.java:57) [junit-platform-launcher-1.11.4.jar:1.11.4]
	at org.junit.platform.launcher.core.DefaultLauncher.execute(DefaultLauncher.java:103) [junit-platform-launcher-1.11.4.jar:1.11.4]
	at org.junit.platform.launcher.core.DefaultLauncher.execute(DefaultLauncher.java:85) [junit-platform-launcher-1.11.4.jar:1.11.4]
	at org.junit.platform.launcher.core.DelegatingLauncher.execute(DelegatingLauncher.java:47) [junit-platform-launcher-1.11.4.jar:1.11.4]
	at org.apache.maven.surefire.junitplatform.LazyLauncher.execute(LazyLauncher.java:56) [surefire-junit-platform-3.5.2.jar:3.5.2]
	at org.apache.maven.surefire.junitplatform.JUnitPlatformProvider.execute(JUnitPlatformProvider.java:184) [surefire-junit-platform-3.5.2.jar:3.5.2]
	at org.apache.maven.surefire.junitplatform.JUnitPlatformProvider.invokeAllTests(JUnitPlatformProvider.java:148) [surefire-junit-platform-3.5.2.jar:3.5.2]
	at org.apache.maven.surefire.junitplatform.JUnitPlatformProvider.invoke(JUnitPlatformProvider.java:122) [surefire-junit-platform-3.5.2.jar:3.5.2]
	at org.apache.maven.surefire.booter.ForkedBooter.runSuitesInProcess(ForkedBooter.java:385) [surefire-booter-3.5.2.jar:3.5.2]
	at org.apache.maven.surefire.booter.ForkedBooter.execute(ForkedBooter.java:162) [surefire-booter-3.5.2.jar:3.5.2]
	at org.apache.maven.surefire.booter.ForkedBooter.run(ForkedBooter.java:507) [surefire-booter-3.5.2.jar:3.5.2]
	at org.apache.maven.surefire.booter.ForkedBooter.main(ForkedBooter.java:495) [surefire-booter-3.5.2.jar:3.5.2]
2025-07-31 16:26:38.425 [main] DEBUG org.springframework.data.jpa.repository.query.NamedQuery - Did not find named query Trainer.findTrainersByCriteria.count
2025-07-31 16:26:38.425 [main] DEBUG org.springframework.orm.jpa.SharedEntityManagerCreator$SharedEntityManagerInvocationHandler - Creating new EntityManager for shared EntityManager invocation
2025-07-31 16:26:38.869 [main] DEBUG org.hibernate.orm.query.hql - HQL : SELECT DISTINCT t FROM Trainer t LEFT JOIN t.location a LEFT JOIN t.sports s LEFT JOIN t.gyms g WHERE t.isDeleted = false AND (:firstName IS NULL OR (CAST(t.firstName AS string) LIKE CONCAT('%', CAST(:firstName AS string), '%'))) AND (:lastName IS NULL OR (CAST(t.lastName AS string) LIKE CONCAT('%', CAST(:lastName AS string), '%'))) AND (:gender IS NULL OR t.gender = :gender) AND (:__$synthetic$__1 = true OR s.id IN :sportIds) AND (:__$synthetic$__2 = true OR g.id IN :gymIds) AND (:locationCountry IS NULL OR (a.country LIKE CONCAT('%', CAST(:locationCountry AS string), '%'))) AND (:locationCity IS NULL OR (a.city LIKE CONCAT('%', CAST(:locationCity AS string), '%'))) AND (:locationCityDistrict IS NULL OR (a.cityDistrict LIKE CONCAT('%', CAST(:locationCityDistrict AS string), '%'))) AND (:locationStreet IS NULL OR (a.street LIKE CONCAT('%', CAST(:locationStreet AS string), '%'))) AND (:locationHouse IS NULL OR (a.house LIKE CONCAT('%', CAST(:locationHouse AS string), '%'))) AND (:onlineTraining IS NULL OR t.onlineTraining = :onlineTraining) 
2025-07-31 16:26:39.436 [main] DEBUG org.hibernate.orm.query.hql.reservedWordAsIdentifier - Encountered use of reserved word as identifier : IN
2025-07-31 16:26:39.438 [main] DEBUG org.hibernate.orm.query.hql.reservedWordAsIdentifier - Encountered use of reserved word as identifier : IN
2025-07-31 16:26:39.457 [main] DEBUG org.hibernate.orm.query.sqm.creation - Applying inferable type to SqmExpression [SqmNamedParameter(gender)] : null -> SqmBasicValuedSimplePath(com.example.trainup.model.user.Trainer(t).gender)
2025-07-31 16:26:39.457 [main] DEBUG org.hibernate.orm.query.sqm.creation - Applying inferable type to SqmExpression [SqmNamedParameter(__$synthetic$__1)] : null -> basicType@7(java.lang.Boolean,16)
2025-07-31 16:26:39.459 [main] DEBUG org.hibernate.orm.query.sqm.creation - Applying inferable type to SqmExpression [SqmNamedParameter(sportIds)] : null -> SqmBasicValuedSimplePath(com.example.trainup.model.user.Trainer(t).sports(s).{element}.id)
2025-07-31 16:26:39.459 [main] DEBUG org.hibernate.orm.query.sqm.creation - Applying inferable type to SqmExpression [SqmNamedParameter(__$synthetic$__2)] : null -> basicType@7(java.lang.Boolean,16)
2025-07-31 16:26:39.459 [main] DEBUG org.hibernate.orm.query.sqm.creation - Applying inferable type to SqmExpression [SqmNamedParameter(gymIds)] : null -> SqmBasicValuedSimplePath(com.example.trainup.model.user.Trainer(t).gyms(g).{element}.id)
2025-07-31 16:26:39.460 [main] DEBUG org.hibernate.orm.query.sqm.creation - Applying inferable type to SqmExpression [SqmNamedParameter(onlineTraining)] : null -> SqmBasicValuedSimplePath(com.example.trainup.model.user.Trainer(t).onlineTraining)
2025-07-31 16:26:39.462 [main] DEBUG org.hibernate.orm.query.sqm.ast - SqmStatement Tree :
    -> [select]
      -> [query-spec]
        -> [select(distinct)]
          -> [selection]
            -> [root] - `com.example.trainup.model.user.Trainer(t)`
              -> [joins]
                -> [attribute] - `com.example.trainup.model.user.Trainer(t).location(a)`
                    [fetched = false]
                <- [attribute] - `com.example.trainup.model.user.Trainer(t).location(a)`
                -> [attribute] - `com.example.trainup.model.user.Trainer(t).sports(s)`
                    [fetched = false]
                <- [attribute] - `com.example.trainup.model.user.Trainer(t).sports(s)`
                -> [attribute] - `com.example.trainup.model.user.Trainer(t).gyms(g)`
                    [fetched = false]
                <- [attribute] - `com.example.trainup.model.user.Trainer(t).gyms(g)`
              <- [joins]
            <- [root] - `com.example.trainup.model.user.Trainer(t)`
          <- [selection]
        <- [select(distinct)]
        -> [from]
          -> [root] - `com.example.trainup.model.user.Trainer(t)`
            -> [joins]
              -> [attribute] - `com.example.trainup.model.user.Trainer(t).location(a)`
                  [fetched = false]
              <- [attribute] - `com.example.trainup.model.user.Trainer(t).location(a)`
              -> [attribute] - `com.example.trainup.model.user.Trainer(t).sports(s)`
                  [fetched = false]
              <- [attribute] - `com.example.trainup.model.user.Trainer(t).sports(s)`
              -> [attribute] - `com.example.trainup.model.user.Trainer(t).gyms(g)`
                  [fetched = false]
              <- [attribute] - `com.example.trainup.model.user.Trainer(t).gyms(g)`
            <- [joins]
          <- [root] - `com.example.trainup.model.user.Trainer(t)`
        <- [from]
        -> [where]
          -> [and]
            -> [EQUAL]
                -> [basic-path] - `com.example.trainup.model.user.Trainer(t).isDeleted`
            <- [EQUAL]
            -> [grouped]
                -> [or]
                  -> [is-null]
                      :firstName
                  <- [is-null]
                  -> [grouped]
                      -> [is-like]
                      <- [is-like]
                  <- [grouped]
                <- [or]
            <- [grouped]
            -> [grouped]
                -> [or]
                  -> [is-null]
                      :lastName
                  <- [is-null]
                  -> [grouped]
                      -> [is-like]
                      <- [is-like]
                  <- [grouped]
                <- [or]
            <- [grouped]
            -> [grouped]
                -> [or]
                  -> [is-null]
                      :gender
                  <- [is-null]
                  -> [EQUAL]
                      -> [basic-path] - `com.example.trainup.model.user.Trainer(t).gender`
                      :gender
                  <- [EQUAL]
                <- [or]
            <- [grouped]
            -> [grouped]
                -> [or]
                  -> [EQUAL]
                      :__$synthetic$__1
                  <- [EQUAL]
                <- [or]
            <- [grouped]
            -> [grouped]
                -> [or]
                  -> [EQUAL]
                      :__$synthetic$__2
                  <- [EQUAL]
                <- [or]
            <- [grouped]
            -> [grouped]
                -> [or]
                  -> [is-null]
                      :locationCountry
                  <- [is-null]
                  -> [grouped]
                      -> [is-like]
                        -> [basic-path] - `com.example.trainup.model.user.Trainer(t).location(a).country`
                      <- [is-like]
                  <- [grouped]
                <- [or]
            <- [grouped]
            -> [grouped]
                -> [or]
                  -> [is-null]
                      :locationCity
                  <- [is-null]
                  -> [grouped]
                      -> [is-like]
                        -> [basic-path] - `com.example.trainup.model.user.Trainer(t).location(a).city`
                      <- [is-like]
                  <- [grouped]
                <- [or]
            <- [grouped]
            -> [grouped]
                -> [or]
                  -> [is-null]
                      :locationCityDistrict
                  <- [is-null]
                  -> [grouped]
                      -> [is-like]
                        -> [basic-path] - `com.example.trainup.model.user.Trainer(t).location(a).cityDistrict`
                      <- [is-like]
                  <- [grouped]
                <- [or]
            <- [grouped]
            -> [grouped]
                -> [or]
                  -> [is-null]
                      :locationStreet
                  <- [is-null]
                  -> [grouped]
                      -> [is-like]
                        -> [basic-path] - `com.example.trainup.model.user.Trainer(t).location(a).street`
                      <- [is-like]
                  <- [grouped]
                <- [or]
            <- [grouped]
            -> [grouped]
                -> [or]
                  -> [is-null]
                      :locationHouse
                  <- [is-null]
                  -> [grouped]
                      -> [is-like]
                        -> [basic-path] - `com.example.trainup.model.user.Trainer(t).location(a).house`
                      <- [is-like]
                  <- [grouped]
                <- [or]
            <- [grouped]
            -> [grouped]
                -> [or]
                  -> [is-null]
                      :onlineTraining
                  <- [is-null]
                  -> [EQUAL]
                      -> [basic-path] - `com.example.trainup.model.user.Trainer(t).onlineTraining`
                      :onlineTraining
                  <- [EQUAL]
                <- [or]
            <- [grouped]
          <- [and]
        <- [where]
      <- [query-spec]
    <- [select]

2025-07-31 16:26:39.486 [main] DEBUG org.hibernate.orm.query.hql - HQL : SELECT count(DISTINCT t) FROM Trainer t LEFT JOIN t.location a LEFT JOIN t.sports s LEFT JOIN t.gyms g WHERE t.isDeleted = false AND (:firstName IS NULL OR (CAST(t.firstName AS string) LIKE CONCAT('%', CAST(:firstName AS string), '%'))) AND (:lastName IS NULL OR (CAST(t.lastName AS string) LIKE CONCAT('%', CAST(:lastName AS string), '%'))) AND (:gender IS NULL OR t.gender = :gender) AND (:__$synthetic$__1 = true OR s.id IN :sportIds) AND (:__$synthetic$__2 = true OR g.id IN :gymIds) AND (:locationCountry IS NULL OR (a.country LIKE CONCAT('%', CAST(:locationCountry AS string), '%'))) AND (:locationCity IS NULL OR (a.city LIKE CONCAT('%', CAST(:locationCity AS string), '%'))) AND (:locationCityDistrict IS NULL OR (a.cityDistrict LIKE CONCAT('%', CAST(:locationCityDistrict AS string), '%'))) AND (:locationStreet IS NULL OR (a.street LIKE CONCAT('%', CAST(:locationStreet AS string), '%'))) AND (:locationHouse IS NULL OR (a.house LIKE CONCAT('%', CAST(:locationHouse AS string), '%'))) AND (:onlineTraining IS NULL OR t.onlineTraining = :onlineTraining)
2025-07-31 16:26:39.506 [main] DEBUG org.hibernate.orm.query.hql.reservedWordAsIdentifier - Encountered use of reserved word as identifier : (
2025-07-31 16:26:39.510 [main] DEBUG org.hibernate.orm.query.hql.reservedWordAsIdentifier - Encountered use of reserved word as identifier : IN
2025-07-31 16:26:39.510 [main] DEBUG org.hibernate.orm.query.hql.reservedWordAsIdentifier - Encountered use of reserved word as identifier : IN
2025-07-31 16:26:39.513 [main] DEBUG org.hibernate.orm.query.sqm.creation - Applying inferable type to SqmExpression [SqmNamedParameter(gender)] : null -> SqmBasicValuedSimplePath(com.example.trainup.model.user.Trainer(t).gender)
2025-07-31 16:26:39.513 [main] DEBUG org.hibernate.orm.query.sqm.creation - Applying inferable type to SqmExpression [SqmNamedParameter(__$synthetic$__1)] : null -> basicType@7(java.lang.Boolean,16)
2025-07-31 16:26:39.514 [main] DEBUG org.hibernate.orm.query.sqm.creation - Applying inferable type to SqmExpression [SqmNamedParameter(sportIds)] : null -> SqmBasicValuedSimplePath(com.example.trainup.model.user.Trainer(t).sports(s).{element}.id)
2025-07-31 16:26:39.514 [main] DEBUG org.hibernate.orm.query.sqm.creation - Applying inferable type to SqmExpression [SqmNamedParameter(__$synthetic$__2)] : null -> basicType@7(java.lang.Boolean,16)
2025-07-31 16:26:39.514 [main] DEBUG org.hibernate.orm.query.sqm.creation - Applying inferable type to SqmExpression [SqmNamedParameter(gymIds)] : null -> SqmBasicValuedSimplePath(com.example.trainup.model.user.Trainer(t).gyms(g).{element}.id)
2025-07-31 16:26:39.515 [main] DEBUG org.hibernate.orm.query.sqm.creation - Applying inferable type to SqmExpression [SqmNamedParameter(onlineTraining)] : null -> SqmBasicValuedSimplePath(com.example.trainup.model.user.Trainer(t).onlineTraining)
2025-07-31 16:26:39.518 [main] DEBUG org.hibernate.orm.query.sqm.ast - SqmStatement Tree :
    -> [select]
      -> [query-spec]
        -> [select]
          -> [selection]
          <- [selection]
        <- [select]
        -> [from]
          -> [root] - `com.example.trainup.model.user.Trainer(t)`
            -> [joins]
              -> [attribute] - `com.example.trainup.model.user.Trainer(t).location(a)`
                  [fetched = false]
              <- [attribute] - `com.example.trainup.model.user.Trainer(t).location(a)`
              -> [attribute] - `com.example.trainup.model.user.Trainer(t).sports(s)`
                  [fetched = false]
              <- [attribute] - `com.example.trainup.model.user.Trainer(t).sports(s)`
              -> [attribute] - `com.example.trainup.model.user.Trainer(t).gyms(g)`
                  [fetched = false]
              <- [attribute] - `com.example.trainup.model.user.Trainer(t).gyms(g)`
            <- [joins]
          <- [root] - `com.example.trainup.model.user.Trainer(t)`
        <- [from]
        -> [where]
          -> [and]
            -> [EQUAL]
                -> [basic-path] - `com.example.trainup.model.user.Trainer(t).isDeleted`
            <- [EQUAL]
            -> [grouped]
                -> [or]
                  -> [is-null]
                      :firstName
                  <- [is-null]
                  -> [grouped]
                      -> [is-like]
                      <- [is-like]
                  <- [grouped]
                <- [or]
            <- [grouped]
            -> [grouped]
                -> [or]
                  -> [is-null]
                      :lastName
                  <- [is-null]
                  -> [grouped]
                      -> [is-like]
                      <- [is-like]
                  <- [grouped]
                <- [or]
            <- [grouped]
            -> [grouped]
                -> [or]
                  -> [is-null]
                      :gender
                  <- [is-null]
                  -> [EQUAL]
                      -> [basic-path] - `com.example.trainup.model.user.Trainer(t).gender`
                      :gender
                  <- [EQUAL]
                <- [or]
            <- [grouped]
            -> [grouped]
                -> [or]
                  -> [EQUAL]
                      :__$synthetic$__1
                  <- [EQUAL]
                <- [or]
            <- [grouped]
            -> [grouped]
                -> [or]
                  -> [EQUAL]
                      :__$synthetic$__2
                  <- [EQUAL]
                <- [or]
            <- [grouped]
            -> [grouped]
                -> [or]
                  -> [is-null]
                      :locationCountry
                  <- [is-null]
                  -> [grouped]
                      -> [is-like]
                        -> [basic-path] - `com.example.trainup.model.user.Trainer(t).location(a).country`
                      <- [is-like]
                  <- [grouped]
                <- [or]
            <- [grouped]
            -> [grouped]
                -> [or]
                  -> [is-null]
                      :locationCity
                  <- [is-null]
                  -> [grouped]
                      -> [is-like]
                        -> [basic-path] - `com.example.trainup.model.user.Trainer(t).location(a).city`
                      <- [is-like]
                  <- [grouped]
                <- [or]
            <- [grouped]
            -> [grouped]
                -> [or]
                  -> [is-null]
                      :locationCityDistrict
                  <- [is-null]
                  -> [grouped]
                      -> [is-like]
                        -> [basic-path] - `com.example.trainup.model.user.Trainer(t).location(a).cityDistrict`
                      <- [is-like]
                  <- [grouped]
                <- [or]
            <- [grouped]
            -> [grouped]
                -> [or]
                  -> [is-null]
                      :locationStreet
                  <- [is-null]
                  -> [grouped]
                      -> [is-like]
                        -> [basic-path] - `com.example.trainup.model.user.Trainer(t).location(a).street`
                      <- [is-like]
                  <- [grouped]
                <- [or]
            <- [grouped]
            -> [grouped]
                -> [or]
                  -> [is-null]
                      :locationHouse
                  <- [is-null]
                  -> [grouped]
                      -> [is-like]
                        -> [basic-path] - `com.example.trainup.model.user.Trainer(t).location(a).house`
                      <- [is-like]
                  <- [grouped]
                <- [or]
            <- [grouped]
            -> [grouped]
                -> [or]
                  -> [is-null]
                      :onlineTraining
                  <- [is-null]
                  -> [EQUAL]
                      -> [basic-path] - `com.example.trainup.model.user.Trainer(t).onlineTraining`
                      :onlineTraining
                  <- [EQUAL]
                <- [or]
            <- [grouped]
          <- [and]
        <- [where]
      <- [query-spec]
    <- [select]

2025-07-31 16:26:39.519 [main] DEBUG org.springframework.data.jpa.repository.query.NamedQuery - Looking up named query 'Trainer.findTrainerById'
2025-07-31 16:26:39.519 [main] DEBUG org.hibernate.resource.transaction.backend.jdbc.internal.JdbcResourceLocalTransactionCoordinatorImpl - JDBC transaction marked for rollback-only (exception provided for stack trace)
java.lang.Exception: exception just for purpose of providing stack trace
	at org.hibernate.resource.transaction.backend.jdbc.internal.JdbcResourceLocalTransactionCoordinatorImpl$TransactionDriverControlImpl.markRollbackOnly(JdbcResourceLocalTransactionCoordinatorImpl.java:309) ~[hibernate-core-6.6.8.Final.jar:6.6.8.Final]
	at org.hibernate.internal.AbstractSharedSessionContract.buildNamedQuery(AbstractSharedSessionContract.java:1141) ~[hibernate-core-6.6.8.Final.jar:6.6.8.Final]
	at org.hibernate.internal.AbstractSharedSessionContract.createNamedQuery(AbstractSharedSessionContract.java:1019) ~[hibernate-core-6.6.8.Final.jar:6.6.8.Final]
	at org.hibernate.internal.AbstractSharedSessionContract.createNamedQuery(AbstractSharedSessionContract.java:143) ~[hibernate-core-6.6.8.Final.jar:6.6.8.Final]
	at java.base/jdk.internal.reflect.NativeMethodAccessorImpl.invoke0(Native Method) ~[?:?]
	at java.base/jdk.internal.reflect.NativeMethodAccessorImpl.invoke(NativeMethodAccessorImpl.java:77) ~[?:?]
	at java.base/jdk.internal.reflect.DelegatingMethodAccessorImpl.invoke(DelegatingMethodAccessorImpl.java:43) ~[?:?]
	at java.base/java.lang.reflect.Method.invoke(Method.java:569) ~[?:?]
	at org.springframework.orm.jpa.ExtendedEntityManagerCreator$ExtendedEntityManagerInvocationHandler.invoke(ExtendedEntityManagerCreator.java:364) ~[spring-orm-6.2.3.jar:6.2.3]
	at jdk.proxy2/jdk.proxy2.$Proxy236.createNamedQuery(Unknown Source) ~[?:?]
	at org.springframework.data.jpa.repository.query.NamedQuery.hasNamedQuery(NamedQuery.java:114) ~[spring-data-jpa-3.4.3.jar:3.4.3]
	at org.springframework.data.jpa.repository.query.NamedQuery.lookupFrom(NamedQuery.java:140) ~[spring-data-jpa-3.4.3.jar:3.4.3]
	at org.springframework.data.jpa.repository.query.JpaQueryLookupStrategy$DeclaredQueryLookupStrategy.resolveQuery(JpaQueryLookupStrategy.java:184) ~[spring-data-jpa-3.4.3.jar:3.4.3]
	at org.springframework.data.jpa.repository.query.JpaQueryLookupStrategy$CreateIfNotFoundQueryLookupStrategy.resolveQuery(JpaQueryLookupStrategy.java:256) ~[spring-data-jpa-3.4.3.jar:3.4.3]
	at org.springframework.data.jpa.repository.query.JpaQueryLookupStrategy$AbstractQueryLookupStrategy.resolveQuery(JpaQueryLookupStrategy.java:99) ~[spring-data-jpa-3.4.3.jar:3.4.3]
	at org.springframework.data.repository.core.support.QueryExecutorMethodInterceptor.lookupQuery(QueryExecutorMethodInterceptor.java:116) ~[spring-data-commons-3.4.3.jar:3.4.3]
	at org.springframework.data.repository.core.support.QueryExecutorMethodInterceptor.mapMethodsToQuery(QueryExecutorMethodInterceptor.java:104) ~[spring-data-commons-3.4.3.jar:3.4.3]
	at org.springframework.data.repository.core.support.QueryExecutorMethodInterceptor.lambda$new$0(QueryExecutorMethodInterceptor.java:92) ~[spring-data-commons-3.4.3.jar:3.4.3]
	at java.base/java.util.Optional.map(Optional.java:260) ~[?:?]
	at org.springframework.data.repository.core.support.QueryExecutorMethodInterceptor.<init>(QueryExecutorMethodInterceptor.java:92) ~[spring-data-commons-3.4.3.jar:3.4.3]
	at org.springframework.data.repository.core.support.RepositoryFactorySupport.getRepository(RepositoryFactorySupport.java:440) ~[spring-data-commons-3.4.3.jar:3.4.3]
	at org.springframework.data.repository.core.support.RepositoryFactoryBeanSupport.lambda$afterPropertiesSet$4(RepositoryFactoryBeanSupport.java:350) ~[spring-data-commons-3.4.3.jar:3.4.3]
	at org.springframework.data.util.Lazy.getNullable(Lazy.java:135) ~[spring-data-commons-3.4.3.jar:3.4.3]
	at org.springframework.data.util.Lazy.get(Lazy.java:113) ~[spring-data-commons-3.4.3.jar:3.4.3]
	at org.springframework.data.repository.core.support.RepositoryFactoryBeanSupport.afterPropertiesSet(RepositoryFactoryBeanSupport.java:356) ~[spring-data-commons-3.4.3.jar:3.4.3]
	at org.springframework.data.jpa.repository.support.JpaRepositoryFactoryBean.afterPropertiesSet(JpaRepositoryFactoryBean.java:132) ~[spring-data-jpa-3.4.3.jar:3.4.3]
	at org.springframework.beans.factory.support.AbstractAutowireCapableBeanFactory.invokeInitMethods(AbstractAutowireCapableBeanFactory.java:1859) ~[spring-beans-6.2.3.jar:6.2.3]
	at org.springframework.beans.factory.support.AbstractAutowireCapableBeanFactory.initializeBean(AbstractAutowireCapableBeanFactory.java:1808) ~[spring-beans-6.2.3.jar:6.2.3]
	at org.springframework.beans.factory.support.AbstractAutowireCapableBeanFactory.doCreateBean(AbstractAutowireCapableBeanFactory.java:601) ~[spring-beans-6.2.3.jar:6.2.3]
	at org.springframework.beans.factory.support.AbstractAutowireCapableBeanFactory.createBean(AbstractAutowireCapableBeanFactory.java:523) ~[spring-beans-6.2.3.jar:6.2.3]
	at org.springframework.beans.factory.support.AbstractBeanFactory.lambda$doGetBean$0(AbstractBeanFactory.java:339) ~[spring-beans-6.2.3.jar:6.2.3]
	at org.springframework.beans.factory.support.DefaultSingletonBeanRegistry.getSingleton(DefaultSingletonBeanRegistry.java:346) ~[spring-beans-6.2.3.jar:6.2.3]
	at org.springframework.beans.factory.support.AbstractBeanFactory.doGetBean(AbstractBeanFactory.java:337) ~[spring-beans-6.2.3.jar:6.2.3]
	at org.springframework.beans.factory.support.AbstractBeanFactory.getBean(AbstractBeanFactory.java:202) ~[spring-beans-6.2.3.jar:6.2.3]
	at org.springframework.beans.factory.support.DefaultListableBeanFactory.doResolveDependency(DefaultListableBeanFactory.java:1606) ~[spring-beans-6.2.3.jar:6.2.3]
	at org.springframework.beans.factory.support.DefaultListableBeanFactory.resolveDependency(DefaultListableBeanFactory.java:1552) ~[spring-beans-6.2.3.jar:6.2.3]
	at org.springframework.beans.factory.support.ConstructorResolver.resolveAutowiredArgument(ConstructorResolver.java:913) ~[spring-beans-6.2.3.jar:6.2.3]
	at org.springframework.beans.factory.support.ConstructorResolver.createArgumentArray(ConstructorResolver.java:791) ~[spring-beans-6.2.3.jar:6.2.3]
	at org.springframework.beans.factory.support.ConstructorResolver.autowireConstructor(ConstructorResolver.java:240) ~[spring-beans-6.2.3.jar:6.2.3]
	at org.springframework.beans.factory.support.AbstractAutowireCapableBeanFactory.autowireConstructor(AbstractAutowireCapableBeanFactory.java:1381) ~[spring-beans-6.2.3.jar:6.2.3]
	at org.springframework.beans.factory.support.AbstractAutowireCapableBeanFactory.createBeanInstance(AbstractAutowireCapableBeanFactory.java:1218) ~[spring-beans-6.2.3.jar:6.2.3]
	at org.springframework.beans.factory.support.AbstractAutowireCapableBeanFactory.doCreateBean(AbstractAutowireCapableBeanFactory.java:563) ~[spring-beans-6.2.3.jar:6.2.3]
	at org.springframework.beans.factory.support.AbstractAutowireCapableBeanFactory.createBean(AbstractAutowireCapableBeanFactory.java:523) ~[spring-beans-6.2.3.jar:6.2.3]
	at org.springframework.beans.factory.support.AbstractBeanFactory.lambda$doGetBean$0(AbstractBeanFactory.java:339) ~[spring-beans-6.2.3.jar:6.2.3]
	at org.springframework.beans.factory.support.DefaultSingletonBeanRegistry.getSingleton(DefaultSingletonBeanRegistry.java:346) ~[spring-beans-6.2.3.jar:6.2.3]
	at org.springframework.beans.factory.support.AbstractBeanFactory.doGetBean(AbstractBeanFactory.java:337) ~[spring-beans-6.2.3.jar:6.2.3]
	at org.springframework.beans.factory.support.AbstractBeanFactory.getBean(AbstractBeanFactory.java:202) ~[spring-beans-6.2.3.jar:6.2.3]
	at org.springframework.beans.factory.config.DependencyDescriptor.resolveCandidate(DependencyDescriptor.java:254) ~[spring-beans-6.2.3.jar:6.2.3]
	at org.springframework.beans.factory.support.DefaultListableBeanFactory.doResolveDependency(DefaultListableBeanFactory.java:1664) ~[spring-beans-6.2.3.jar:6.2.3]
	at org.springframework.beans.factory.support.DefaultListableBeanFactory.resolveDependency(DefaultListableBeanFactory.java:1552) ~[spring-beans-6.2.3.jar:6.2.3]
	at org.springframework.beans.factory.support.ConstructorResolver.resolveAutowiredArgument(ConstructorResolver.java:913) ~[spring-beans-6.2.3.jar:6.2.3]
	at org.springframework.beans.factory.support.ConstructorResolver.createArgumentArray(ConstructorResolver.java:791) ~[spring-beans-6.2.3.jar:6.2.3]
	at org.springframework.beans.factory.support.ConstructorResolver.autowireConstructor(ConstructorResolver.java:240) ~[spring-beans-6.2.3.jar:6.2.3]
	at org.springframework.beans.factory.support.AbstractAutowireCapableBeanFactory.autowireConstructor(AbstractAutowireCapableBeanFactory.java:1381) ~[spring-beans-6.2.3.jar:6.2.3]
	at org.springframework.beans.factory.support.AbstractAutowireCapableBeanFactory.createBeanInstance(AbstractAutowireCapableBeanFactory.java:1218) ~[spring-beans-6.2.3.jar:6.2.3]
	at org.springframework.beans.factory.support.AbstractAutowireCapableBeanFactory.doCreateBean(AbstractAutowireCapableBeanFactory.java:563) ~[spring-beans-6.2.3.jar:6.2.3]
	at org.springframework.beans.factory.support.AbstractAutowireCapableBeanFactory.createBean(AbstractAutowireCapableBeanFactory.java:523) ~[spring-beans-6.2.3.jar:6.2.3]
	at org.springframework.beans.factory.support.AbstractBeanFactory.lambda$doGetBean$0(AbstractBeanFactory.java:339) ~[spring-beans-6.2.3.jar:6.2.3]
	at org.springframework.beans.factory.support.DefaultSingletonBeanRegistry.getSingleton(DefaultSingletonBeanRegistry.java:346) ~[spring-beans-6.2.3.jar:6.2.3]
	at org.springframework.beans.factory.support.AbstractBeanFactory.doGetBean(AbstractBeanFactory.java:337) ~[spring-beans-6.2.3.jar:6.2.3]
	at org.springframework.beans.factory.support.AbstractBeanFactory.getBean(AbstractBeanFactory.java:202) ~[spring-beans-6.2.3.jar:6.2.3]
	at org.springframework.beans.factory.support.DefaultListableBeanFactory.instantiateSingleton(DefaultListableBeanFactory.java:1155) ~[spring-beans-6.2.3.jar:6.2.3]
	at org.springframework.beans.factory.support.DefaultListableBeanFactory.preInstantiateSingleton(DefaultListableBeanFactory.java:1121) ~[spring-beans-6.2.3.jar:6.2.3]
	at org.springframework.beans.factory.support.DefaultListableBeanFactory.preInstantiateSingletons(DefaultListableBeanFactory.java:1056) ~[spring-beans-6.2.3.jar:6.2.3]
	at org.springframework.context.support.AbstractApplicationContext.finishBeanFactoryInitialization(AbstractApplicationContext.java:987) ~[spring-context-6.2.3.jar:6.2.3]
	at org.springframework.context.support.AbstractApplicationContext.refresh(AbstractApplicationContext.java:627) ~[spring-context-6.2.3.jar:6.2.3]
	at org.springframework.boot.SpringApplication.refresh(SpringApplication.java:752) ~[spring-boot-3.4.3.jar:3.4.3]
	at org.springframework.boot.SpringApplication.refreshContext(SpringApplication.java:439) ~[spring-boot-3.4.3.jar:3.4.3]
	at org.springframework.boot.SpringApplication.run(SpringApplication.java:318) ~[spring-boot-3.4.3.jar:3.4.3]
	at org.springframework.boot.test.context.SpringBootContextLoader.lambda$loadContext$3(SpringBootContextLoader.java:137) ~[spring-boot-test-3.4.3.jar:3.4.3]
	at org.springframework.util.function.ThrowingSupplier.get(ThrowingSupplier.java:58) ~[spring-core-6.2.3.jar:6.2.3]
	at org.springframework.util.function.ThrowingSupplier.get(ThrowingSupplier.java:46) ~[spring-core-6.2.3.jar:6.2.3]
	at org.springframework.boot.SpringApplication.withHook(SpringApplication.java:1461) ~[spring-boot-3.4.3.jar:3.4.3]
	at org.springframework.boot.test.context.SpringBootContextLoader$ContextLoaderHook.run(SpringBootContextLoader.java:553) ~[spring-boot-test-3.4.3.jar:3.4.3]
	at org.springframework.boot.test.context.SpringBootContextLoader.loadContext(SpringBootContextLoader.java:137) ~[spring-boot-test-3.4.3.jar:3.4.3]
	at org.springframework.boot.test.context.SpringBootContextLoader.loadContext(SpringBootContextLoader.java:108) ~[spring-boot-test-3.4.3.jar:3.4.3]
	at org.springframework.test.context.cache.DefaultCacheAwareContextLoaderDelegate.loadContextInternal(DefaultCacheAwareContextLoaderDelegate.java:225) ~[spring-test-6.2.3.jar:6.2.3]
	at org.springframework.test.context.cache.DefaultCacheAwareContextLoaderDelegate.loadContext(DefaultCacheAwareContextLoaderDelegate.java:152) ~[spring-test-6.2.3.jar:6.2.3]
	at org.springframework.test.context.support.DefaultTestContext.getApplicationContext(DefaultTestContext.java:130) ~[spring-test-6.2.3.jar:6.2.3]
	at org.springframework.test.context.web.ServletTestExecutionListener.setUpRequestContextIfNecessary(ServletTestExecutionListener.java:200) ~[spring-test-6.2.3.jar:6.2.3]
	at org.springframework.test.context.web.ServletTestExecutionListener.prepareTestInstance(ServletTestExecutionListener.java:139) ~[spring-test-6.2.3.jar:6.2.3]
	at org.springframework.test.context.TestContextManager.prepareTestInstance(TestContextManager.java:260) ~[spring-test-6.2.3.jar:6.2.3]
	at org.springframework.test.context.junit.jupiter.SpringExtension.postProcessTestInstance(SpringExtension.java:160) ~[spring-test-6.2.3.jar:6.2.3]
	at org.junit.jupiter.engine.descriptor.ClassBasedTestDescriptor.lambda$invokeTestInstancePostProcessors$11(ClassBasedTestDescriptor.java:378) ~[junit-jupiter-engine-5.11.4.jar:5.11.4]
	at org.junit.jupiter.engine.descriptor.ClassBasedTestDescriptor.executeAndMaskThrowable(ClassBasedTestDescriptor.java:383) ~[junit-jupiter-engine-5.11.4.jar:5.11.4]
	at org.junit.jupiter.engine.descriptor.ClassBasedTestDescriptor.lambda$invokeTestInstancePostProcessors$12(ClassBasedTestDescriptor.java:378) ~[junit-jupiter-engine-5.11.4.jar:5.11.4]
	at java.base/java.util.stream.ForEachOps$ForEachOp$OfRef.accept(ForEachOps.java:183) ~[?:?]
	at java.base/java.util.stream.ReferencePipeline$3$1.accept(ReferencePipeline.java:197) ~[?:?]
	at java.base/java.util.stream.ReferencePipeline$2$1.accept(ReferencePipeline.java:179) ~[?:?]
	at java.base/java.util.stream.ReferencePipeline$3$1.accept(ReferencePipeline.java:197) ~[?:?]
	at java.base/java.util.ArrayList$ArrayListSpliterator.forEachRemaining(ArrayList.java:1625) ~[?:?]
	at java.base/java.util.stream.AbstractPipeline.copyInto(AbstractPipeline.java:509) ~[?:?]
	at java.base/java.util.stream.AbstractPipeline.wrapAndCopyInto(AbstractPipeline.java:499) ~[?:?]
	at java.base/java.util.stream.ForEachOps$ForEachOp.evaluateSequential(ForEachOps.java:150) ~[?:?]
	at java.base/java.util.stream.ForEachOps$ForEachOp$OfRef.evaluateSequential(ForEachOps.java:173) ~[?:?]
	at java.base/java.util.stream.AbstractPipeline.evaluate(AbstractPipeline.java:234) ~[?:?]
	at java.base/java.util.stream.ReferencePipeline.forEach(ReferencePipeline.java:596) ~[?:?]
	at org.junit.jupiter.engine.descriptor.ClassBasedTestDescriptor.invokeTestInstancePostProcessors(ClassBasedTestDescriptor.java:377) ~[junit-jupiter-engine-5.11.4.jar:5.11.4]
	at org.junit.jupiter.engine.descriptor.ClassBasedTestDescriptor.lambda$instantiateAndPostProcessTestInstance$7(ClassBasedTestDescriptor.java:290) ~[junit-jupiter-engine-5.11.4.jar:5.11.4]
	at org.junit.platform.engine.support.hierarchical.ThrowableCollector.execute(ThrowableCollector.java:73) ~[junit-platform-engine-1.11.4.jar:1.11.4]
	at org.junit.jupiter.engine.descriptor.ClassBasedTestDescriptor.instantiateAndPostProcessTestInstance(ClassBasedTestDescriptor.java:289) ~[junit-jupiter-engine-5.11.4.jar:5.11.4]
	at org.junit.jupiter.engine.descriptor.ClassBasedTestDescriptor.lambda$testInstancesProvider$5(ClassBasedTestDescriptor.java:279) ~[junit-jupiter-engine-5.11.4.jar:5.11.4]
	at java.base/java.util.Optional.orElseGet(Optional.java:364) ~[?:?]
	at org.junit.jupiter.engine.descriptor.ClassBasedTestDescriptor.lambda$testInstancesProvider$6(ClassBasedTestDescriptor.java:278) ~[junit-jupiter-engine-5.11.4.jar:5.11.4]
	at org.junit.jupiter.engine.execution.TestInstancesProvider.getTestInstances(TestInstancesProvider.java:31) ~[junit-jupiter-engine-5.11.4.jar:5.11.4]
	at org.junit.jupiter.engine.descriptor.TestMethodTestDescriptor.lambda$prepare$1(TestMethodTestDescriptor.java:105) ~[junit-jupiter-engine-5.11.4.jar:5.11.4]
	at org.junit.platform.engine.support.hierarchical.ThrowableCollector.execute(ThrowableCollector.java:73) ~[junit-platform-engine-1.11.4.jar:1.11.4]
	at org.junit.jupiter.engine.descriptor.TestMethodTestDescriptor.prepare(TestMethodTestDescriptor.java:104) ~[junit-jupiter-engine-5.11.4.jar:5.11.4]
	at org.junit.jupiter.engine.descriptor.TestMethodTestDescriptor.prepare(TestMethodTestDescriptor.java:68) ~[junit-jupiter-engine-5.11.4.jar:5.11.4]
	at org.junit.platform.engine.support.hierarchical.NodeTestTask.lambda$prepare$2(NodeTestTask.java:128) ~[junit-platform-engine-1.11.4.jar:1.11.4]
	at org.junit.platform.engine.support.hierarchical.ThrowableCollector.execute(ThrowableCollector.java:73) ~[junit-platform-engine-1.11.4.jar:1.11.4]
	at org.junit.platform.engine.support.hierarchical.NodeTestTask.prepare(NodeTestTask.java:128) ~[junit-platform-engine-1.11.4.jar:1.11.4]
	at org.junit.platform.engine.support.hierarchical.NodeTestTask.execute(NodeTestTask.java:95) ~[junit-platform-engine-1.11.4.jar:1.11.4]
	at java.base/java.util.ArrayList.forEach(ArrayList.java:1511) ~[?:?]
	at org.junit.platform.engine.support.hierarchical.SameThreadHierarchicalTestExecutorService.invokeAll(SameThreadHierarchicalTestExecutorService.java:41) ~[junit-platform-engine-1.11.4.jar:1.11.4]
	at org.junit.platform.engine.support.hierarchical.NodeTestTask.lambda$executeRecursively$6(NodeTestTask.java:160) ~[junit-platform-engine-1.11.4.jar:1.11.4]
	at org.junit.platform.engine.support.hierarchical.ThrowableCollector.execute(ThrowableCollector.java:73) ~[junit-platform-engine-1.11.4.jar:1.11.4]
	at org.junit.platform.engine.support.hierarchical.NodeTestTask.lambda$executeRecursively$8(NodeTestTask.java:146) ~[junit-platform-engine-1.11.4.jar:1.11.4]
	at org.junit.platform.engine.support.hierarchical.Node.around(Node.java:137) ~[junit-platform-engine-1.11.4.jar:1.11.4]
	at org.junit.platform.engine.support.hierarchical.NodeTestTask.lambda$executeRecursively$9(NodeTestTask.java:144) ~[junit-platform-engine-1.11.4.jar:1.11.4]
	at org.junit.platform.engine.support.hierarchical.ThrowableCollector.execute(ThrowableCollector.java:73) ~[junit-platform-engine-1.11.4.jar:1.11.4]
	at org.junit.platform.engine.support.hierarchical.NodeTestTask.executeRecursively(NodeTestTask.java:143) ~[junit-platform-engine-1.11.4.jar:1.11.4]
	at org.junit.platform.engine.support.hierarchical.NodeTestTask.execute(NodeTestTask.java:100) ~[junit-platform-engine-1.11.4.jar:1.11.4]
	at java.base/java.util.ArrayList.forEach(ArrayList.java:1511) ~[?:?]
	at org.junit.platform.engine.support.hierarchical.SameThreadHierarchicalTestExecutorService.invokeAll(SameThreadHierarchicalTestExecutorService.java:41) ~[junit-platform-engine-1.11.4.jar:1.11.4]
	at org.junit.platform.engine.support.hierarchical.NodeTestTask.lambda$executeRecursively$6(NodeTestTask.java:160) ~[junit-platform-engine-1.11.4.jar:1.11.4]
	at org.junit.platform.engine.support.hierarchical.ThrowableCollector.execute(ThrowableCollector.java:73) ~[junit-platform-engine-1.11.4.jar:1.11.4]
	at org.junit.platform.engine.support.hierarchical.NodeTestTask.lambda$executeRecursively$8(NodeTestTask.java:146) ~[junit-platform-engine-1.11.4.jar:1.11.4]
	at org.junit.platform.engine.support.hierarchical.Node.around(Node.java:137) ~[junit-platform-engine-1.11.4.jar:1.11.4]
	at org.junit.platform.engine.support.hierarchical.NodeTestTask.lambda$executeRecursively$9(NodeTestTask.java:144) ~[junit-platform-engine-1.11.4.jar:1.11.4]
	at org.junit.platform.engine.support.hierarchical.ThrowableCollector.execute(ThrowableCollector.java:73) ~[junit-platform-engine-1.11.4.jar:1.11.4]
	at org.junit.platform.engine.support.hierarchical.NodeTestTask.executeRecursively(NodeTestTask.java:143) ~[junit-platform-engine-1.11.4.jar:1.11.4]
	at org.junit.platform.engine.support.hierarchical.NodeTestTask.execute(NodeTestTask.java:100) ~[junit-platform-engine-1.11.4.jar:1.11.4]
	at org.junit.platform.engine.support.hierarchical.SameThreadHierarchicalTestExecutorService.submit(SameThreadHierarchicalTestExecutorService.java:35) ~[junit-platform-engine-1.11.4.jar:1.11.4]
	at org.junit.platform.engine.support.hierarchical.HierarchicalTestExecutor.execute(HierarchicalTestExecutor.java:57) ~[junit-platform-engine-1.11.4.jar:1.11.4]
	at org.junit.platform.engine.support.hierarchical.HierarchicalTestEngine.execute(HierarchicalTestEngine.java:54) ~[junit-platform-engine-1.11.4.jar:1.11.4]
	at org.junit.platform.launcher.core.EngineExecutionOrchestrator.execute(EngineExecutionOrchestrator.java:198) ~[junit-platform-launcher-1.11.4.jar:1.11.4]
	at org.junit.platform.launcher.core.EngineExecutionOrchestrator.execute(EngineExecutionOrchestrator.java:169) ~[junit-platform-launcher-1.11.4.jar:1.11.4]
	at org.junit.platform.launcher.core.EngineExecutionOrchestrator.execute(EngineExecutionOrchestrator.java:93) ~[junit-platform-launcher-1.11.4.jar:1.11.4]
	at org.junit.platform.launcher.core.EngineExecutionOrchestrator.lambda$execute$0(EngineExecutionOrchestrator.java:58) ~[junit-platform-launcher-1.11.4.jar:1.11.4]
	at org.junit.platform.launcher.core.EngineExecutionOrchestrator.withInterceptedStreams(EngineExecutionOrchestrator.java:141) [junit-platform-launcher-1.11.4.jar:1.11.4]
	at org.junit.platform.launcher.core.EngineExecutionOrchestrator.execute(EngineExecutionOrchestrator.java:57) [junit-platform-launcher-1.11.4.jar:1.11.4]
	at org.junit.platform.launcher.core.DefaultLauncher.execute(DefaultLauncher.java:103) [junit-platform-launcher-1.11.4.jar:1.11.4]
	at org.junit.platform.launcher.core.DefaultLauncher.execute(DefaultLauncher.java:85) [junit-platform-launcher-1.11.4.jar:1.11.4]
	at org.junit.platform.launcher.core.DelegatingLauncher.execute(DelegatingLauncher.java:47) [junit-platform-launcher-1.11.4.jar:1.11.4]
	at org.apache.maven.surefire.junitplatform.LazyLauncher.execute(LazyLauncher.java:56) [surefire-junit-platform-3.5.2.jar:3.5.2]
	at org.apache.maven.surefire.junitplatform.JUnitPlatformProvider.execute(JUnitPlatformProvider.java:184) [surefire-junit-platform-3.5.2.jar:3.5.2]
	at org.apache.maven.surefire.junitplatform.JUnitPlatformProvider.invokeAllTests(JUnitPlatformProvider.java:148) [surefire-junit-platform-3.5.2.jar:3.5.2]
	at org.apache.maven.surefire.junitplatform.JUnitPlatformProvider.invoke(JUnitPlatformProvider.java:122) [surefire-junit-platform-3.5.2.jar:3.5.2]
	at org.apache.maven.surefire.booter.ForkedBooter.runSuitesInProcess(ForkedBooter.java:385) [surefire-booter-3.5.2.jar:3.5.2]
	at org.apache.maven.surefire.booter.ForkedBooter.execute(ForkedBooter.java:162) [surefire-booter-3.5.2.jar:3.5.2]
	at org.apache.maven.surefire.booter.ForkedBooter.run(ForkedBooter.java:507) [surefire-booter-3.5.2.jar:3.5.2]
	at org.apache.maven.surefire.booter.ForkedBooter.main(ForkedBooter.java:495) [surefire-booter-3.5.2.jar:3.5.2]
2025-07-31 16:26:39.529 [main] DEBUG org.springframework.data.jpa.repository.query.NamedQuery - Did not find named query Trainer.findTrainerById
2025-07-31 16:26:39.529 [main] DEBUG org.springframework.orm.jpa.SharedEntityManagerCreator$SharedEntityManagerInvocationHandler - Creating new EntityManager for shared EntityManager invocation
2025-07-31 16:26:39.533 [main] DEBUG org.springframework.data.repository.core.support.RepositoryFactorySupport - Finished creation of repository instance for com.example.trainup.repository.TrainerRepository.
2025-07-31 16:26:39.568 [main] DEBUG org.springframework.beans.factory.support.DefaultListableBeanFactory - Creating shared instance of singleton bean 'trainerMapperImpl'
2025-07-31 16:26:39.594 [main] DEBUG org.springframework.beans.factory.support.DefaultListableBeanFactory - Creating shared instance of singleton bean 'sportRepository'
2025-07-31 16:26:39.597 [main] DEBUG org.springframework.beans.factory.support.DefaultListableBeanFactory - Creating shared instance of singleton bean 'jpa.named-queries#3'
2025-07-31 16:26:39.603 [main] DEBUG org.springframework.beans.factory.support.DefaultListableBeanFactory - Creating shared instance of singleton bean 'jpa.SportRepository.fragments#0'
2025-07-31 16:26:39.608 [main] DEBUG org.springframework.orm.jpa.SharedEntityManagerCreator$SharedEntityManagerInvocationHandler - Creating new EntityManager for shared EntityManager invocation
2025-07-31 16:26:39.609 [main] DEBUG org.springframework.data.repository.core.support.RepositoryFactorySupport - Initializing repository instance for com.example.trainup.repository.SportRepository…
2025-07-31 16:26:39.609 [main] DEBUG org.springframework.orm.jpa.SharedEntityManagerCreator$SharedEntityManagerInvocationHandler - Creating new EntityManager for shared EntityManager invocation
2025-07-31 16:26:39.613 [main] DEBUG org.hibernate.resource.transaction.backend.jdbc.internal.JdbcResourceLocalTransactionCoordinatorImpl - JDBC transaction marked for rollback-only (exception provided for stack trace)
java.lang.Exception: exception just for purpose of providing stack trace
	at org.hibernate.resource.transaction.backend.jdbc.internal.JdbcResourceLocalTransactionCoordinatorImpl$TransactionDriverControlImpl.markRollbackOnly(JdbcResourceLocalTransactionCoordinatorImpl.java:309) ~[hibernate-core-6.6.8.Final.jar:6.6.8.Final]
	at org.hibernate.internal.AbstractSharedSessionContract.buildNamedQuery(AbstractSharedSessionContract.java:1141) ~[hibernate-core-6.6.8.Final.jar:6.6.8.Final]
	at org.hibernate.internal.AbstractSharedSessionContract.createNamedQuery(AbstractSharedSessionContract.java:1019) ~[hibernate-core-6.6.8.Final.jar:6.6.8.Final]
	at org.hibernate.internal.AbstractSharedSessionContract.createNamedQuery(AbstractSharedSessionContract.java:143) ~[hibernate-core-6.6.8.Final.jar:6.6.8.Final]
	at java.base/jdk.internal.reflect.NativeMethodAccessorImpl.invoke0(Native Method) ~[?:?]
	at java.base/jdk.internal.reflect.NativeMethodAccessorImpl.invoke(NativeMethodAccessorImpl.java:77) ~[?:?]
	at java.base/jdk.internal.reflect.DelegatingMethodAccessorImpl.invoke(DelegatingMethodAccessorImpl.java:43) ~[?:?]
	at java.base/java.lang.reflect.Method.invoke(Method.java:569) ~[?:?]
	at org.springframework.orm.jpa.ExtendedEntityManagerCreator$ExtendedEntityManagerInvocationHandler.invoke(ExtendedEntityManagerCreator.java:364) ~[spring-orm-6.2.3.jar:6.2.3]
	at jdk.proxy2/jdk.proxy2.$Proxy236.createNamedQuery(Unknown Source) ~[?:?]
	at org.springframework.data.jpa.repository.query.NamedQuery.hasNamedQuery(NamedQuery.java:114) ~[spring-data-jpa-3.4.3.jar:3.4.3]
	at org.springframework.data.jpa.repository.query.JpaQueryLookupStrategy$DeclaredQueryLookupStrategy.getCountQuery(JpaQueryLookupStrategy.java:208) ~[spring-data-jpa-3.4.3.jar:3.4.3]
	at org.springframework.data.jpa.repository.query.JpaQueryLookupStrategy$DeclaredQueryLookupStrategy.resolveQuery(JpaQueryLookupStrategy.java:175) ~[spring-data-jpa-3.4.3.jar:3.4.3]
	at org.springframework.data.jpa.repository.query.JpaQueryLookupStrategy$CreateIfNotFoundQueryLookupStrategy.resolveQuery(JpaQueryLookupStrategy.java:256) ~[spring-data-jpa-3.4.3.jar:3.4.3]
	at org.springframework.data.jpa.repository.query.JpaQueryLookupStrategy$AbstractQueryLookupStrategy.resolveQuery(JpaQueryLookupStrategy.java:99) ~[spring-data-jpa-3.4.3.jar:3.4.3]
	at org.springframework.data.repository.core.support.QueryExecutorMethodInterceptor.lookupQuery(QueryExecutorMethodInterceptor.java:116) ~[spring-data-commons-3.4.3.jar:3.4.3]
	at org.springframework.data.repository.core.support.QueryExecutorMethodInterceptor.mapMethodsToQuery(QueryExecutorMethodInterceptor.java:104) ~[spring-data-commons-3.4.3.jar:3.4.3]
	at org.springframework.data.repository.core.support.QueryExecutorMethodInterceptor.lambda$new$0(QueryExecutorMethodInterceptor.java:92) ~[spring-data-commons-3.4.3.jar:3.4.3]
	at java.base/java.util.Optional.map(Optional.java:260) ~[?:?]
	at org.springframework.data.repository.core.support.QueryExecutorMethodInterceptor.<init>(QueryExecutorMethodInterceptor.java:92) ~[spring-data-commons-3.4.3.jar:3.4.3]
	at org.springframework.data.repository.core.support.RepositoryFactorySupport.getRepository(RepositoryFactorySupport.java:440) ~[spring-data-commons-3.4.3.jar:3.4.3]
	at org.springframework.data.repository.core.support.RepositoryFactoryBeanSupport.lambda$afterPropertiesSet$4(RepositoryFactoryBeanSupport.java:350) ~[spring-data-commons-3.4.3.jar:3.4.3]
	at org.springframework.data.util.Lazy.getNullable(Lazy.java:135) ~[spring-data-commons-3.4.3.jar:3.4.3]
	at org.springframework.data.util.Lazy.get(Lazy.java:113) ~[spring-data-commons-3.4.3.jar:3.4.3]
	at org.springframework.data.repository.core.support.RepositoryFactoryBeanSupport.afterPropertiesSet(RepositoryFactoryBeanSupport.java:356) ~[spring-data-commons-3.4.3.jar:3.4.3]
	at org.springframework.data.jpa.repository.support.JpaRepositoryFactoryBean.afterPropertiesSet(JpaRepositoryFactoryBean.java:132) ~[spring-data-jpa-3.4.3.jar:3.4.3]
	at org.springframework.beans.factory.support.AbstractAutowireCapableBeanFactory.invokeInitMethods(AbstractAutowireCapableBeanFactory.java:1859) ~[spring-beans-6.2.3.jar:6.2.3]
	at org.springframework.beans.factory.support.AbstractAutowireCapableBeanFactory.initializeBean(AbstractAutowireCapableBeanFactory.java:1808) ~[spring-beans-6.2.3.jar:6.2.3]
	at org.springframework.beans.factory.support.AbstractAutowireCapableBeanFactory.doCreateBean(AbstractAutowireCapableBeanFactory.java:601) ~[spring-beans-6.2.3.jar:6.2.3]
	at org.springframework.beans.factory.support.AbstractAutowireCapableBeanFactory.createBean(AbstractAutowireCapableBeanFactory.java:523) ~[spring-beans-6.2.3.jar:6.2.3]
	at org.springframework.beans.factory.support.AbstractBeanFactory.lambda$doGetBean$0(AbstractBeanFactory.java:339) ~[spring-beans-6.2.3.jar:6.2.3]
	at org.springframework.beans.factory.support.DefaultSingletonBeanRegistry.getSingleton(DefaultSingletonBeanRegistry.java:346) ~[spring-beans-6.2.3.jar:6.2.3]
	at org.springframework.beans.factory.support.AbstractBeanFactory.doGetBean(AbstractBeanFactory.java:337) ~[spring-beans-6.2.3.jar:6.2.3]
	at org.springframework.beans.factory.support.AbstractBeanFactory.getBean(AbstractBeanFactory.java:202) ~[spring-beans-6.2.3.jar:6.2.3]
	at org.springframework.beans.factory.support.DefaultListableBeanFactory.doResolveDependency(DefaultListableBeanFactory.java:1606) ~[spring-beans-6.2.3.jar:6.2.3]
	at org.springframework.beans.factory.support.DefaultListableBeanFactory.resolveDependency(DefaultListableBeanFactory.java:1552) ~[spring-beans-6.2.3.jar:6.2.3]
	at org.springframework.beans.factory.support.ConstructorResolver.resolveAutowiredArgument(ConstructorResolver.java:913) ~[spring-beans-6.2.3.jar:6.2.3]
	at org.springframework.beans.factory.support.ConstructorResolver.createArgumentArray(ConstructorResolver.java:791) ~[spring-beans-6.2.3.jar:6.2.3]
	at org.springframework.beans.factory.support.ConstructorResolver.autowireConstructor(ConstructorResolver.java:240) ~[spring-beans-6.2.3.jar:6.2.3]
	at org.springframework.beans.factory.support.AbstractAutowireCapableBeanFactory.autowireConstructor(AbstractAutowireCapableBeanFactory.java:1381) ~[spring-beans-6.2.3.jar:6.2.3]
	at org.springframework.beans.factory.support.AbstractAutowireCapableBeanFactory.createBeanInstance(AbstractAutowireCapableBeanFactory.java:1218) ~[spring-beans-6.2.3.jar:6.2.3]
	at org.springframework.beans.factory.support.AbstractAutowireCapableBeanFactory.doCreateBean(AbstractAutowireCapableBeanFactory.java:563) ~[spring-beans-6.2.3.jar:6.2.3]
	at org.springframework.beans.factory.support.AbstractAutowireCapableBeanFactory.createBean(AbstractAutowireCapableBeanFactory.java:523) ~[spring-beans-6.2.3.jar:6.2.3]
	at org.springframework.beans.factory.support.AbstractBeanFactory.lambda$doGetBean$0(AbstractBeanFactory.java:339) ~[spring-beans-6.2.3.jar:6.2.3]
	at org.springframework.beans.factory.support.DefaultSingletonBeanRegistry.getSingleton(DefaultSingletonBeanRegistry.java:346) ~[spring-beans-6.2.3.jar:6.2.3]
	at org.springframework.beans.factory.support.AbstractBeanFactory.doGetBean(AbstractBeanFactory.java:337) ~[spring-beans-6.2.3.jar:6.2.3]
	at org.springframework.beans.factory.support.AbstractBeanFactory.getBean(AbstractBeanFactory.java:202) ~[spring-beans-6.2.3.jar:6.2.3]
	at org.springframework.beans.factory.config.DependencyDescriptor.resolveCandidate(DependencyDescriptor.java:254) ~[spring-beans-6.2.3.jar:6.2.3]
	at org.springframework.beans.factory.support.DefaultListableBeanFactory.doResolveDependency(DefaultListableBeanFactory.java:1664) ~[spring-beans-6.2.3.jar:6.2.3]
	at org.springframework.beans.factory.support.DefaultListableBeanFactory.resolveDependency(DefaultListableBeanFactory.java:1552) ~[spring-beans-6.2.3.jar:6.2.3]
	at org.springframework.beans.factory.support.ConstructorResolver.resolveAutowiredArgument(ConstructorResolver.java:913) ~[spring-beans-6.2.3.jar:6.2.3]
	at org.springframework.beans.factory.support.ConstructorResolver.createArgumentArray(ConstructorResolver.java:791) ~[spring-beans-6.2.3.jar:6.2.3]
	at org.springframework.beans.factory.support.ConstructorResolver.autowireConstructor(ConstructorResolver.java:240) ~[spring-beans-6.2.3.jar:6.2.3]
	at org.springframework.beans.factory.support.AbstractAutowireCapableBeanFactory.autowireConstructor(AbstractAutowireCapableBeanFactory.java:1381) ~[spring-beans-6.2.3.jar:6.2.3]
	at org.springframework.beans.factory.support.AbstractAutowireCapableBeanFactory.createBeanInstance(AbstractAutowireCapableBeanFactory.java:1218) ~[spring-beans-6.2.3.jar:6.2.3]
	at org.springframework.beans.factory.support.AbstractAutowireCapableBeanFactory.doCreateBean(AbstractAutowireCapableBeanFactory.java:563) ~[spring-beans-6.2.3.jar:6.2.3]
	at org.springframework.beans.factory.support.AbstractAutowireCapableBeanFactory.createBean(AbstractAutowireCapableBeanFactory.java:523) ~[spring-beans-6.2.3.jar:6.2.3]
	at org.springframework.beans.factory.support.AbstractBeanFactory.lambda$doGetBean$0(AbstractBeanFactory.java:339) ~[spring-beans-6.2.3.jar:6.2.3]
	at org.springframework.beans.factory.support.DefaultSingletonBeanRegistry.getSingleton(DefaultSingletonBeanRegistry.java:346) ~[spring-beans-6.2.3.jar:6.2.3]
	at org.springframework.beans.factory.support.AbstractBeanFactory.doGetBean(AbstractBeanFactory.java:337) ~[spring-beans-6.2.3.jar:6.2.3]
	at org.springframework.beans.factory.support.AbstractBeanFactory.getBean(AbstractBeanFactory.java:202) ~[spring-beans-6.2.3.jar:6.2.3]
	at org.springframework.beans.factory.support.DefaultListableBeanFactory.instantiateSingleton(DefaultListableBeanFactory.java:1155) ~[spring-beans-6.2.3.jar:6.2.3]
	at org.springframework.beans.factory.support.DefaultListableBeanFactory.preInstantiateSingleton(DefaultListableBeanFactory.java:1121) ~[spring-beans-6.2.3.jar:6.2.3]
	at org.springframework.beans.factory.support.DefaultListableBeanFactory.preInstantiateSingletons(DefaultListableBeanFactory.java:1056) ~[spring-beans-6.2.3.jar:6.2.3]
	at org.springframework.context.support.AbstractApplicationContext.finishBeanFactoryInitialization(AbstractApplicationContext.java:987) ~[spring-context-6.2.3.jar:6.2.3]
	at org.springframework.context.support.AbstractApplicationContext.refresh(AbstractApplicationContext.java:627) ~[spring-context-6.2.3.jar:6.2.3]
	at org.springframework.boot.SpringApplication.refresh(SpringApplication.java:752) ~[spring-boot-3.4.3.jar:3.4.3]
	at org.springframework.boot.SpringApplication.refreshContext(SpringApplication.java:439) ~[spring-boot-3.4.3.jar:3.4.3]
	at org.springframework.boot.SpringApplication.run(SpringApplication.java:318) ~[spring-boot-3.4.3.jar:3.4.3]
	at org.springframework.boot.test.context.SpringBootContextLoader.lambda$loadContext$3(SpringBootContextLoader.java:137) ~[spring-boot-test-3.4.3.jar:3.4.3]
	at org.springframework.util.function.ThrowingSupplier.get(ThrowingSupplier.java:58) ~[spring-core-6.2.3.jar:6.2.3]
	at org.springframework.util.function.ThrowingSupplier.get(ThrowingSupplier.java:46) ~[spring-core-6.2.3.jar:6.2.3]
	at org.springframework.boot.SpringApplication.withHook(SpringApplication.java:1461) ~[spring-boot-3.4.3.jar:3.4.3]
	at org.springframework.boot.test.context.SpringBootContextLoader$ContextLoaderHook.run(SpringBootContextLoader.java:553) ~[spring-boot-test-3.4.3.jar:3.4.3]
	at org.springframework.boot.test.context.SpringBootContextLoader.loadContext(SpringBootContextLoader.java:137) ~[spring-boot-test-3.4.3.jar:3.4.3]
	at org.springframework.boot.test.context.SpringBootContextLoader.loadContext(SpringBootContextLoader.java:108) ~[spring-boot-test-3.4.3.jar:3.4.3]
	at org.springframework.test.context.cache.DefaultCacheAwareContextLoaderDelegate.loadContextInternal(DefaultCacheAwareContextLoaderDelegate.java:225) ~[spring-test-6.2.3.jar:6.2.3]
	at org.springframework.test.context.cache.DefaultCacheAwareContextLoaderDelegate.loadContext(DefaultCacheAwareContextLoaderDelegate.java:152) ~[spring-test-6.2.3.jar:6.2.3]
	at org.springframework.test.context.support.DefaultTestContext.getApplicationContext(DefaultTestContext.java:130) ~[spring-test-6.2.3.jar:6.2.3]
	at org.springframework.test.context.web.ServletTestExecutionListener.setUpRequestContextIfNecessary(ServletTestExecutionListener.java:200) ~[spring-test-6.2.3.jar:6.2.3]
	at org.springframework.test.context.web.ServletTestExecutionListener.prepareTestInstance(ServletTestExecutionListener.java:139) ~[spring-test-6.2.3.jar:6.2.3]
	at org.springframework.test.context.TestContextManager.prepareTestInstance(TestContextManager.java:260) ~[spring-test-6.2.3.jar:6.2.3]
	at org.springframework.test.context.junit.jupiter.SpringExtension.postProcessTestInstance(SpringExtension.java:160) ~[spring-test-6.2.3.jar:6.2.3]
	at org.junit.jupiter.engine.descriptor.ClassBasedTestDescriptor.lambda$invokeTestInstancePostProcessors$11(ClassBasedTestDescriptor.java:378) ~[junit-jupiter-engine-5.11.4.jar:5.11.4]
	at org.junit.jupiter.engine.descriptor.ClassBasedTestDescriptor.executeAndMaskThrowable(ClassBasedTestDescriptor.java:383) ~[junit-jupiter-engine-5.11.4.jar:5.11.4]
	at org.junit.jupiter.engine.descriptor.ClassBasedTestDescriptor.lambda$invokeTestInstancePostProcessors$12(ClassBasedTestDescriptor.java:378) ~[junit-jupiter-engine-5.11.4.jar:5.11.4]
	at java.base/java.util.stream.ForEachOps$ForEachOp$OfRef.accept(ForEachOps.java:183) ~[?:?]
	at java.base/java.util.stream.ReferencePipeline$3$1.accept(ReferencePipeline.java:197) ~[?:?]
	at java.base/java.util.stream.ReferencePipeline$2$1.accept(ReferencePipeline.java:179) ~[?:?]
	at java.base/java.util.stream.ReferencePipeline$3$1.accept(ReferencePipeline.java:197) ~[?:?]
	at java.base/java.util.ArrayList$ArrayListSpliterator.forEachRemaining(ArrayList.java:1625) ~[?:?]
	at java.base/java.util.stream.AbstractPipeline.copyInto(AbstractPipeline.java:509) ~[?:?]
	at java.base/java.util.stream.AbstractPipeline.wrapAndCopyInto(AbstractPipeline.java:499) ~[?:?]
	at java.base/java.util.stream.ForEachOps$ForEachOp.evaluateSequential(ForEachOps.java:150) ~[?:?]
	at java.base/java.util.stream.ForEachOps$ForEachOp$OfRef.evaluateSequential(ForEachOps.java:173) ~[?:?]
	at java.base/java.util.stream.AbstractPipeline.evaluate(AbstractPipeline.java:234) ~[?:?]
	at java.base/java.util.stream.ReferencePipeline.forEach(ReferencePipeline.java:596) ~[?:?]
	at org.junit.jupiter.engine.descriptor.ClassBasedTestDescriptor.invokeTestInstancePostProcessors(ClassBasedTestDescriptor.java:377) ~[junit-jupiter-engine-5.11.4.jar:5.11.4]
	at org.junit.jupiter.engine.descriptor.ClassBasedTestDescriptor.lambda$instantiateAndPostProcessTestInstance$7(ClassBasedTestDescriptor.java:290) ~[junit-jupiter-engine-5.11.4.jar:5.11.4]
	at org.junit.platform.engine.support.hierarchical.ThrowableCollector.execute(ThrowableCollector.java:73) ~[junit-platform-engine-1.11.4.jar:1.11.4]
	at org.junit.jupiter.engine.descriptor.ClassBasedTestDescriptor.instantiateAndPostProcessTestInstance(ClassBasedTestDescriptor.java:289) ~[junit-jupiter-engine-5.11.4.jar:5.11.4]
	at org.junit.jupiter.engine.descriptor.ClassBasedTestDescriptor.lambda$testInstancesProvider$5(ClassBasedTestDescriptor.java:279) ~[junit-jupiter-engine-5.11.4.jar:5.11.4]
	at java.base/java.util.Optional.orElseGet(Optional.java:364) ~[?:?]
	at org.junit.jupiter.engine.descriptor.ClassBasedTestDescriptor.lambda$testInstancesProvider$6(ClassBasedTestDescriptor.java:278) ~[junit-jupiter-engine-5.11.4.jar:5.11.4]
	at org.junit.jupiter.engine.execution.TestInstancesProvider.getTestInstances(TestInstancesProvider.java:31) ~[junit-jupiter-engine-5.11.4.jar:5.11.4]
	at org.junit.jupiter.engine.descriptor.TestMethodTestDescriptor.lambda$prepare$1(TestMethodTestDescriptor.java:105) ~[junit-jupiter-engine-5.11.4.jar:5.11.4]
	at org.junit.platform.engine.support.hierarchical.ThrowableCollector.execute(ThrowableCollector.java:73) ~[junit-platform-engine-1.11.4.jar:1.11.4]
	at org.junit.jupiter.engine.descriptor.TestMethodTestDescriptor.prepare(TestMethodTestDescriptor.java:104) ~[junit-jupiter-engine-5.11.4.jar:5.11.4]
	at org.junit.jupiter.engine.descriptor.TestMethodTestDescriptor.prepare(TestMethodTestDescriptor.java:68) ~[junit-jupiter-engine-5.11.4.jar:5.11.4]
	at org.junit.platform.engine.support.hierarchical.NodeTestTask.lambda$prepare$2(NodeTestTask.java:128) ~[junit-platform-engine-1.11.4.jar:1.11.4]
	at org.junit.platform.engine.support.hierarchical.ThrowableCollector.execute(ThrowableCollector.java:73) ~[junit-platform-engine-1.11.4.jar:1.11.4]
	at org.junit.platform.engine.support.hierarchical.NodeTestTask.prepare(NodeTestTask.java:128) ~[junit-platform-engine-1.11.4.jar:1.11.4]
	at org.junit.platform.engine.support.hierarchical.NodeTestTask.execute(NodeTestTask.java:95) ~[junit-platform-engine-1.11.4.jar:1.11.4]
	at java.base/java.util.ArrayList.forEach(ArrayList.java:1511) ~[?:?]
	at org.junit.platform.engine.support.hierarchical.SameThreadHierarchicalTestExecutorService.invokeAll(SameThreadHierarchicalTestExecutorService.java:41) ~[junit-platform-engine-1.11.4.jar:1.11.4]
	at org.junit.platform.engine.support.hierarchical.NodeTestTask.lambda$executeRecursively$6(NodeTestTask.java:160) ~[junit-platform-engine-1.11.4.jar:1.11.4]
	at org.junit.platform.engine.support.hierarchical.ThrowableCollector.execute(ThrowableCollector.java:73) ~[junit-platform-engine-1.11.4.jar:1.11.4]
	at org.junit.platform.engine.support.hierarchical.NodeTestTask.lambda$executeRecursively$8(NodeTestTask.java:146) ~[junit-platform-engine-1.11.4.jar:1.11.4]
	at org.junit.platform.engine.support.hierarchical.Node.around(Node.java:137) ~[junit-platform-engine-1.11.4.jar:1.11.4]
	at org.junit.platform.engine.support.hierarchical.NodeTestTask.lambda$executeRecursively$9(NodeTestTask.java:144) ~[junit-platform-engine-1.11.4.jar:1.11.4]
	at org.junit.platform.engine.support.hierarchical.ThrowableCollector.execute(ThrowableCollector.java:73) ~[junit-platform-engine-1.11.4.jar:1.11.4]
	at org.junit.platform.engine.support.hierarchical.NodeTestTask.executeRecursively(NodeTestTask.java:143) ~[junit-platform-engine-1.11.4.jar:1.11.4]
	at org.junit.platform.engine.support.hierarchical.NodeTestTask.execute(NodeTestTask.java:100) ~[junit-platform-engine-1.11.4.jar:1.11.4]
	at java.base/java.util.ArrayList.forEach(ArrayList.java:1511) ~[?:?]
	at org.junit.platform.engine.support.hierarchical.SameThreadHierarchicalTestExecutorService.invokeAll(SameThreadHierarchicalTestExecutorService.java:41) ~[junit-platform-engine-1.11.4.jar:1.11.4]
	at org.junit.platform.engine.support.hierarchical.NodeTestTask.lambda$executeRecursively$6(NodeTestTask.java:160) ~[junit-platform-engine-1.11.4.jar:1.11.4]
	at org.junit.platform.engine.support.hierarchical.ThrowableCollector.execute(ThrowableCollector.java:73) ~[junit-platform-engine-1.11.4.jar:1.11.4]
	at org.junit.platform.engine.support.hierarchical.NodeTestTask.lambda$executeRecursively$8(NodeTestTask.java:146) ~[junit-platform-engine-1.11.4.jar:1.11.4]
	at org.junit.platform.engine.support.hierarchical.Node.around(Node.java:137) ~[junit-platform-engine-1.11.4.jar:1.11.4]
	at org.junit.platform.engine.support.hierarchical.NodeTestTask.lambda$executeRecursively$9(NodeTestTask.java:144) ~[junit-platform-engine-1.11.4.jar:1.11.4]
	at org.junit.platform.engine.support.hierarchical.ThrowableCollector.execute(ThrowableCollector.java:73) ~[junit-platform-engine-1.11.4.jar:1.11.4]
	at org.junit.platform.engine.support.hierarchical.NodeTestTask.executeRecursively(NodeTestTask.java:143) ~[junit-platform-engine-1.11.4.jar:1.11.4]
	at org.junit.platform.engine.support.hierarchical.NodeTestTask.execute(NodeTestTask.java:100) ~[junit-platform-engine-1.11.4.jar:1.11.4]
	at org.junit.platform.engine.support.hierarchical.SameThreadHierarchicalTestExecutorService.submit(SameThreadHierarchicalTestExecutorService.java:35) ~[junit-platform-engine-1.11.4.jar:1.11.4]
	at org.junit.platform.engine.support.hierarchical.HierarchicalTestExecutor.execute(HierarchicalTestExecutor.java:57) ~[junit-platform-engine-1.11.4.jar:1.11.4]
	at org.junit.platform.engine.support.hierarchical.HierarchicalTestEngine.execute(HierarchicalTestEngine.java:54) ~[junit-platform-engine-1.11.4.jar:1.11.4]
	at org.junit.platform.launcher.core.EngineExecutionOrchestrator.execute(EngineExecutionOrchestrator.java:198) ~[junit-platform-launcher-1.11.4.jar:1.11.4]
	at org.junit.platform.launcher.core.EngineExecutionOrchestrator.execute(EngineExecutionOrchestrator.java:169) ~[junit-platform-launcher-1.11.4.jar:1.11.4]
	at org.junit.platform.launcher.core.EngineExecutionOrchestrator.execute(EngineExecutionOrchestrator.java:93) ~[junit-platform-launcher-1.11.4.jar:1.11.4]
	at org.junit.platform.launcher.core.EngineExecutionOrchestrator.lambda$execute$0(EngineExecutionOrchestrator.java:58) ~[junit-platform-launcher-1.11.4.jar:1.11.4]
	at org.junit.platform.launcher.core.EngineExecutionOrchestrator.withInterceptedStreams(EngineExecutionOrchestrator.java:141) [junit-platform-launcher-1.11.4.jar:1.11.4]
	at org.junit.platform.launcher.core.EngineExecutionOrchestrator.execute(EngineExecutionOrchestrator.java:57) [junit-platform-launcher-1.11.4.jar:1.11.4]
	at org.junit.platform.launcher.core.DefaultLauncher.execute(DefaultLauncher.java:103) [junit-platform-launcher-1.11.4.jar:1.11.4]
	at org.junit.platform.launcher.core.DefaultLauncher.execute(DefaultLauncher.java:85) [junit-platform-launcher-1.11.4.jar:1.11.4]
	at org.junit.platform.launcher.core.DelegatingLauncher.execute(DelegatingLauncher.java:47) [junit-platform-launcher-1.11.4.jar:1.11.4]
	at org.apache.maven.surefire.junitplatform.LazyLauncher.execute(LazyLauncher.java:56) [surefire-junit-platform-3.5.2.jar:3.5.2]
	at org.apache.maven.surefire.junitplatform.JUnitPlatformProvider.execute(JUnitPlatformProvider.java:184) [surefire-junit-platform-3.5.2.jar:3.5.2]
	at org.apache.maven.surefire.junitplatform.JUnitPlatformProvider.invokeAllTests(JUnitPlatformProvider.java:148) [surefire-junit-platform-3.5.2.jar:3.5.2]
	at org.apache.maven.surefire.junitplatform.JUnitPlatformProvider.invoke(JUnitPlatformProvider.java:122) [surefire-junit-platform-3.5.2.jar:3.5.2]
	at org.apache.maven.surefire.booter.ForkedBooter.runSuitesInProcess(ForkedBooter.java:385) [surefire-booter-3.5.2.jar:3.5.2]
	at org.apache.maven.surefire.booter.ForkedBooter.execute(ForkedBooter.java:162) [surefire-booter-3.5.2.jar:3.5.2]
	at org.apache.maven.surefire.booter.ForkedBooter.run(ForkedBooter.java:507) [surefire-booter-3.5.2.jar:3.5.2]
	at org.apache.maven.surefire.booter.ForkedBooter.main(ForkedBooter.java:495) [surefire-booter-3.5.2.jar:3.5.2]
2025-07-31 16:26:39.615 [main] DEBUG org.springframework.data.jpa.repository.query.NamedQuery - Did not find named query Sport.findSportsByCriteria.count
2025-07-31 16:26:39.615 [main] DEBUG org.springframework.orm.jpa.SharedEntityManagerCreator$SharedEntityManagerInvocationHandler - Creating new EntityManager for shared EntityManager invocation
2025-07-31 16:26:39.696 [main] DEBUG org.hibernate.orm.query.hql - HQL : SELECT DISTINCT s FROM Sport s WHERE (:id IS NULL OR s.id = :id) AND (:sportName IS NULL OR (CAST(s.sportName AS string)) LIKE CONCAT('%', CAST(:sportName AS string), '%'))
2025-07-31 16:26:39.728 [main] DEBUG org.hibernate.orm.query.hql.reservedWordAsIdentifier - Encountered use of reserved word as identifier : IS
2025-07-31 16:26:39.729 [main] DEBUG org.hibernate.orm.query.hql.reservedWordAsIdentifier - Encountered use of reserved word as identifier : =
2025-07-31 16:26:39.729 [main] DEBUG org.hibernate.orm.query.hql.reservedWordAsIdentifier - Encountered use of reserved word as identifier : )
2025-07-31 16:26:39.863 [main] DEBUG org.hibernate.orm.query.sqm.creation - Applying inferable type to SqmExpression [SqmNamedParameter(id)] : null -> SqmBasicValuedSimplePath(com.example.trainup.model.Sport(s).id)
2025-07-31 16:26:39.864 [main] DEBUG org.hibernate.orm.query.sqm.ast - SqmStatement Tree :
    -> [select]
      -> [query-spec]
        -> [select(distinct)]
          -> [selection]
            -> [root] - `com.example.trainup.model.Sport(s)`
            <- [root] - `com.example.trainup.model.Sport(s)`
          <- [selection]
        <- [select(distinct)]
        -> [from]
          -> [root] - `com.example.trainup.model.Sport(s)`
          <- [root] - `com.example.trainup.model.Sport(s)`
        <- [from]
        -> [where]
          -> [and]
            -> [grouped]
                -> [or]
                  -> [is-null]
                      :id
                  <- [is-null]
                  -> [EQUAL]
                      -> [basic-path] - `com.example.trainup.model.Sport(s).id`
                      :id
                  <- [EQUAL]
                <- [or]
            <- [grouped]
            -> [grouped]
                -> [or]
                  -> [is-null]
                      :sportName
                  <- [is-null]
                  -> [is-like]
                  <- [is-like]
                <- [or]
            <- [grouped]
          <- [and]
        <- [where]
      <- [query-spec]
    <- [select]

2025-07-31 16:26:39.866 [main] DEBUG org.hibernate.orm.query.hql - HQL : SELECT count(DISTINCT s) FROM Sport s WHERE (:id IS NULL OR s.id = :id) AND (:sportName IS NULL OR (CAST(s.sportName AS string)) LIKE CONCAT('%', CAST(:sportName AS string), '%'))
2025-07-31 16:26:39.867 [main] DEBUG org.hibernate.orm.query.hql.reservedWordAsIdentifier - Encountered use of reserved word as identifier : (
2025-07-31 16:26:39.867 [main] DEBUG org.hibernate.orm.query.hql.reservedWordAsIdentifier - Encountered use of reserved word as identifier : IS
2025-07-31 16:26:39.867 [main] DEBUG org.hibernate.orm.query.hql.reservedWordAsIdentifier - Encountered use of reserved word as identifier : =
2025-07-31 16:26:39.867 [main] DEBUG org.hibernate.orm.query.hql.reservedWordAsIdentifier - Encountered use of reserved word as identifier : )
2025-07-31 16:26:39.868 [main] DEBUG org.hibernate.orm.query.sqm.creation - Applying inferable type to SqmExpression [SqmNamedParameter(id)] : null -> SqmBasicValuedSimplePath(com.example.trainup.model.Sport(s).id)
2025-07-31 16:26:39.868 [main] DEBUG org.hibernate.orm.query.sqm.ast - SqmStatement Tree :
    -> [select]
      -> [query-spec]
        -> [select]
          -> [selection]
          <- [selection]
        <- [select]
        -> [from]
          -> [root] - `com.example.trainup.model.Sport(s)`
          <- [root] - `com.example.trainup.model.Sport(s)`
        <- [from]
        -> [where]
          -> [and]
            -> [grouped]
                -> [or]
                  -> [is-null]
                      :id
                  <- [is-null]
                  -> [EQUAL]
                      -> [basic-path] - `com.example.trainup.model.Sport(s).id`
                      :id
                  <- [EQUAL]
                <- [or]
            <- [grouped]
            -> [grouped]
                -> [or]
                  -> [is-null]
                      :sportName
                  <- [is-null]
                  -> [is-like]
                  <- [is-like]
                <- [or]
            <- [grouped]
          <- [and]
        <- [where]
      <- [query-spec]
    <- [select]

2025-07-31 16:26:39.869 [main] DEBUG org.springframework.data.jpa.repository.query.NamedQuery - Looking up named query 'Sport.findBySportName'
2025-07-31 16:26:39.869 [main] DEBUG org.hibernate.resource.transaction.backend.jdbc.internal.JdbcResourceLocalTransactionCoordinatorImpl - JDBC transaction marked for rollback-only (exception provided for stack trace)
java.lang.Exception: exception just for purpose of providing stack trace
	at org.hibernate.resource.transaction.backend.jdbc.internal.JdbcResourceLocalTransactionCoordinatorImpl$TransactionDriverControlImpl.markRollbackOnly(JdbcResourceLocalTransactionCoordinatorImpl.java:309) ~[hibernate-core-6.6.8.Final.jar:6.6.8.Final]
	at org.hibernate.internal.AbstractSharedSessionContract.buildNamedQuery(AbstractSharedSessionContract.java:1141) ~[hibernate-core-6.6.8.Final.jar:6.6.8.Final]
	at org.hibernate.internal.AbstractSharedSessionContract.createNamedQuery(AbstractSharedSessionContract.java:1019) ~[hibernate-core-6.6.8.Final.jar:6.6.8.Final]
	at org.hibernate.internal.AbstractSharedSessionContract.createNamedQuery(AbstractSharedSessionContract.java:143) ~[hibernate-core-6.6.8.Final.jar:6.6.8.Final]
	at java.base/jdk.internal.reflect.NativeMethodAccessorImpl.invoke0(Native Method) ~[?:?]
	at java.base/jdk.internal.reflect.NativeMethodAccessorImpl.invoke(NativeMethodAccessorImpl.java:77) ~[?:?]
	at java.base/jdk.internal.reflect.DelegatingMethodAccessorImpl.invoke(DelegatingMethodAccessorImpl.java:43) ~[?:?]
	at java.base/java.lang.reflect.Method.invoke(Method.java:569) ~[?:?]
	at org.springframework.orm.jpa.ExtendedEntityManagerCreator$ExtendedEntityManagerInvocationHandler.invoke(ExtendedEntityManagerCreator.java:364) ~[spring-orm-6.2.3.jar:6.2.3]
	at jdk.proxy2/jdk.proxy2.$Proxy236.createNamedQuery(Unknown Source) ~[?:?]
	at org.springframework.data.jpa.repository.query.NamedQuery.hasNamedQuery(NamedQuery.java:114) ~[spring-data-jpa-3.4.3.jar:3.4.3]
	at org.springframework.data.jpa.repository.query.NamedQuery.lookupFrom(NamedQuery.java:140) ~[spring-data-jpa-3.4.3.jar:3.4.3]
	at org.springframework.data.jpa.repository.query.JpaQueryLookupStrategy$DeclaredQueryLookupStrategy.resolveQuery(JpaQueryLookupStrategy.java:184) ~[spring-data-jpa-3.4.3.jar:3.4.3]
	at org.springframework.data.jpa.repository.query.JpaQueryLookupStrategy$CreateIfNotFoundQueryLookupStrategy.resolveQuery(JpaQueryLookupStrategy.java:256) ~[spring-data-jpa-3.4.3.jar:3.4.3]
	at org.springframework.data.jpa.repository.query.JpaQueryLookupStrategy$AbstractQueryLookupStrategy.resolveQuery(JpaQueryLookupStrategy.java:99) ~[spring-data-jpa-3.4.3.jar:3.4.3]
	at org.springframework.data.repository.core.support.QueryExecutorMethodInterceptor.lookupQuery(QueryExecutorMethodInterceptor.java:116) ~[spring-data-commons-3.4.3.jar:3.4.3]
	at org.springframework.data.repository.core.support.QueryExecutorMethodInterceptor.mapMethodsToQuery(QueryExecutorMethodInterceptor.java:104) ~[spring-data-commons-3.4.3.jar:3.4.3]
	at org.springframework.data.repository.core.support.QueryExecutorMethodInterceptor.lambda$new$0(QueryExecutorMethodInterceptor.java:92) ~[spring-data-commons-3.4.3.jar:3.4.3]
	at java.base/java.util.Optional.map(Optional.java:260) ~[?:?]
	at org.springframework.data.repository.core.support.QueryExecutorMethodInterceptor.<init>(QueryExecutorMethodInterceptor.java:92) ~[spring-data-commons-3.4.3.jar:3.4.3]
	at org.springframework.data.repository.core.support.RepositoryFactorySupport.getRepository(RepositoryFactorySupport.java:440) ~[spring-data-commons-3.4.3.jar:3.4.3]
	at org.springframework.data.repository.core.support.RepositoryFactoryBeanSupport.lambda$afterPropertiesSet$4(RepositoryFactoryBeanSupport.java:350) ~[spring-data-commons-3.4.3.jar:3.4.3]
	at org.springframework.data.util.Lazy.getNullable(Lazy.java:135) ~[spring-data-commons-3.4.3.jar:3.4.3]
	at org.springframework.data.util.Lazy.get(Lazy.java:113) ~[spring-data-commons-3.4.3.jar:3.4.3]
	at org.springframework.data.repository.core.support.RepositoryFactoryBeanSupport.afterPropertiesSet(RepositoryFactoryBeanSupport.java:356) ~[spring-data-commons-3.4.3.jar:3.4.3]
	at org.springframework.data.jpa.repository.support.JpaRepositoryFactoryBean.afterPropertiesSet(JpaRepositoryFactoryBean.java:132) ~[spring-data-jpa-3.4.3.jar:3.4.3]
	at org.springframework.beans.factory.support.AbstractAutowireCapableBeanFactory.invokeInitMethods(AbstractAutowireCapableBeanFactory.java:1859) ~[spring-beans-6.2.3.jar:6.2.3]
	at org.springframework.beans.factory.support.AbstractAutowireCapableBeanFactory.initializeBean(AbstractAutowireCapableBeanFactory.java:1808) ~[spring-beans-6.2.3.jar:6.2.3]
	at org.springframework.beans.factory.support.AbstractAutowireCapableBeanFactory.doCreateBean(AbstractAutowireCapableBeanFactory.java:601) ~[spring-beans-6.2.3.jar:6.2.3]
	at org.springframework.beans.factory.support.AbstractAutowireCapableBeanFactory.createBean(AbstractAutowireCapableBeanFactory.java:523) ~[spring-beans-6.2.3.jar:6.2.3]
	at org.springframework.beans.factory.support.AbstractBeanFactory.lambda$doGetBean$0(AbstractBeanFactory.java:339) ~[spring-beans-6.2.3.jar:6.2.3]
	at org.springframework.beans.factory.support.DefaultSingletonBeanRegistry.getSingleton(DefaultSingletonBeanRegistry.java:346) ~[spring-beans-6.2.3.jar:6.2.3]
	at org.springframework.beans.factory.support.AbstractBeanFactory.doGetBean(AbstractBeanFactory.java:337) ~[spring-beans-6.2.3.jar:6.2.3]
	at org.springframework.beans.factory.support.AbstractBeanFactory.getBean(AbstractBeanFactory.java:202) ~[spring-beans-6.2.3.jar:6.2.3]
	at org.springframework.beans.factory.support.DefaultListableBeanFactory.doResolveDependency(DefaultListableBeanFactory.java:1606) ~[spring-beans-6.2.3.jar:6.2.3]
	at org.springframework.beans.factory.support.DefaultListableBeanFactory.resolveDependency(DefaultListableBeanFactory.java:1552) ~[spring-beans-6.2.3.jar:6.2.3]
	at org.springframework.beans.factory.support.ConstructorResolver.resolveAutowiredArgument(ConstructorResolver.java:913) ~[spring-beans-6.2.3.jar:6.2.3]
	at org.springframework.beans.factory.support.ConstructorResolver.createArgumentArray(ConstructorResolver.java:791) ~[spring-beans-6.2.3.jar:6.2.3]
	at org.springframework.beans.factory.support.ConstructorResolver.autowireConstructor(ConstructorResolver.java:240) ~[spring-beans-6.2.3.jar:6.2.3]
	at org.springframework.beans.factory.support.AbstractAutowireCapableBeanFactory.autowireConstructor(AbstractAutowireCapableBeanFactory.java:1381) ~[spring-beans-6.2.3.jar:6.2.3]
	at org.springframework.beans.factory.support.AbstractAutowireCapableBeanFactory.createBeanInstance(AbstractAutowireCapableBeanFactory.java:1218) ~[spring-beans-6.2.3.jar:6.2.3]
	at org.springframework.beans.factory.support.AbstractAutowireCapableBeanFactory.doCreateBean(AbstractAutowireCapableBeanFactory.java:563) ~[spring-beans-6.2.3.jar:6.2.3]
	at org.springframework.beans.factory.support.AbstractAutowireCapableBeanFactory.createBean(AbstractAutowireCapableBeanFactory.java:523) ~[spring-beans-6.2.3.jar:6.2.3]
	at org.springframework.beans.factory.support.AbstractBeanFactory.lambda$doGetBean$0(AbstractBeanFactory.java:339) ~[spring-beans-6.2.3.jar:6.2.3]
	at org.springframework.beans.factory.support.DefaultSingletonBeanRegistry.getSingleton(DefaultSingletonBeanRegistry.java:346) ~[spring-beans-6.2.3.jar:6.2.3]
	at org.springframework.beans.factory.support.AbstractBeanFactory.doGetBean(AbstractBeanFactory.java:337) ~[spring-beans-6.2.3.jar:6.2.3]
	at org.springframework.beans.factory.support.AbstractBeanFactory.getBean(AbstractBeanFactory.java:202) ~[spring-beans-6.2.3.jar:6.2.3]
	at org.springframework.beans.factory.config.DependencyDescriptor.resolveCandidate(DependencyDescriptor.java:254) ~[spring-beans-6.2.3.jar:6.2.3]
	at org.springframework.beans.factory.support.DefaultListableBeanFactory.doResolveDependency(DefaultListableBeanFactory.java:1664) ~[spring-beans-6.2.3.jar:6.2.3]
	at org.springframework.beans.factory.support.DefaultListableBeanFactory.resolveDependency(DefaultListableBeanFactory.java:1552) ~[spring-beans-6.2.3.jar:6.2.3]
	at org.springframework.beans.factory.support.ConstructorResolver.resolveAutowiredArgument(ConstructorResolver.java:913) ~[spring-beans-6.2.3.jar:6.2.3]
	at org.springframework.beans.factory.support.ConstructorResolver.createArgumentArray(ConstructorResolver.java:791) ~[spring-beans-6.2.3.jar:6.2.3]
	at org.springframework.beans.factory.support.ConstructorResolver.autowireConstructor(ConstructorResolver.java:240) ~[spring-beans-6.2.3.jar:6.2.3]
	at org.springframework.beans.factory.support.AbstractAutowireCapableBeanFactory.autowireConstructor(AbstractAutowireCapableBeanFactory.java:1381) ~[spring-beans-6.2.3.jar:6.2.3]
	at org.springframework.beans.factory.support.AbstractAutowireCapableBeanFactory.createBeanInstance(AbstractAutowireCapableBeanFactory.java:1218) ~[spring-beans-6.2.3.jar:6.2.3]
	at org.springframework.beans.factory.support.AbstractAutowireCapableBeanFactory.doCreateBean(AbstractAutowireCapableBeanFactory.java:563) ~[spring-beans-6.2.3.jar:6.2.3]
	at org.springframework.beans.factory.support.AbstractAutowireCapableBeanFactory.createBean(AbstractAutowireCapableBeanFactory.java:523) ~[spring-beans-6.2.3.jar:6.2.3]
	at org.springframework.beans.factory.support.AbstractBeanFactory.lambda$doGetBean$0(AbstractBeanFactory.java:339) ~[spring-beans-6.2.3.jar:6.2.3]
	at org.springframework.beans.factory.support.DefaultSingletonBeanRegistry.getSingleton(DefaultSingletonBeanRegistry.java:346) ~[spring-beans-6.2.3.jar:6.2.3]
	at org.springframework.beans.factory.support.AbstractBeanFactory.doGetBean(AbstractBeanFactory.java:337) ~[spring-beans-6.2.3.jar:6.2.3]
	at org.springframework.beans.factory.support.AbstractBeanFactory.getBean(AbstractBeanFactory.java:202) ~[spring-beans-6.2.3.jar:6.2.3]
	at org.springframework.beans.factory.support.DefaultListableBeanFactory.instantiateSingleton(DefaultListableBeanFactory.java:1155) ~[spring-beans-6.2.3.jar:6.2.3]
	at org.springframework.beans.factory.support.DefaultListableBeanFactory.preInstantiateSingleton(DefaultListableBeanFactory.java:1121) ~[spring-beans-6.2.3.jar:6.2.3]
	at org.springframework.beans.factory.support.DefaultListableBeanFactory.preInstantiateSingletons(DefaultListableBeanFactory.java:1056) ~[spring-beans-6.2.3.jar:6.2.3]
	at org.springframework.context.support.AbstractApplicationContext.finishBeanFactoryInitialization(AbstractApplicationContext.java:987) ~[spring-context-6.2.3.jar:6.2.3]
	at org.springframework.context.support.AbstractApplicationContext.refresh(AbstractApplicationContext.java:627) ~[spring-context-6.2.3.jar:6.2.3]
	at org.springframework.boot.SpringApplication.refresh(SpringApplication.java:752) ~[spring-boot-3.4.3.jar:3.4.3]
	at org.springframework.boot.SpringApplication.refreshContext(SpringApplication.java:439) ~[spring-boot-3.4.3.jar:3.4.3]
	at org.springframework.boot.SpringApplication.run(SpringApplication.java:318) ~[spring-boot-3.4.3.jar:3.4.3]
	at org.springframework.boot.test.context.SpringBootContextLoader.lambda$loadContext$3(SpringBootContextLoader.java:137) ~[spring-boot-test-3.4.3.jar:3.4.3]
	at org.springframework.util.function.ThrowingSupplier.get(ThrowingSupplier.java:58) ~[spring-core-6.2.3.jar:6.2.3]
	at org.springframework.util.function.ThrowingSupplier.get(ThrowingSupplier.java:46) ~[spring-core-6.2.3.jar:6.2.3]
	at org.springframework.boot.SpringApplication.withHook(SpringApplication.java:1461) ~[spring-boot-3.4.3.jar:3.4.3]
	at org.springframework.boot.test.context.SpringBootContextLoader$ContextLoaderHook.run(SpringBootContextLoader.java:553) ~[spring-boot-test-3.4.3.jar:3.4.3]
	at org.springframework.boot.test.context.SpringBootContextLoader.loadContext(SpringBootContextLoader.java:137) ~[spring-boot-test-3.4.3.jar:3.4.3]
	at org.springframework.boot.test.context.SpringBootContextLoader.loadContext(SpringBootContextLoader.java:108) ~[spring-boot-test-3.4.3.jar:3.4.3]
	at org.springframework.test.context.cache.DefaultCacheAwareContextLoaderDelegate.loadContextInternal(DefaultCacheAwareContextLoaderDelegate.java:225) ~[spring-test-6.2.3.jar:6.2.3]
	at org.springframework.test.context.cache.DefaultCacheAwareContextLoaderDelegate.loadContext(DefaultCacheAwareContextLoaderDelegate.java:152) ~[spring-test-6.2.3.jar:6.2.3]
	at org.springframework.test.context.support.DefaultTestContext.getApplicationContext(DefaultTestContext.java:130) ~[spring-test-6.2.3.jar:6.2.3]
	at org.springframework.test.context.web.ServletTestExecutionListener.setUpRequestContextIfNecessary(ServletTestExecutionListener.java:200) ~[spring-test-6.2.3.jar:6.2.3]
	at org.springframework.test.context.web.ServletTestExecutionListener.prepareTestInstance(ServletTestExecutionListener.java:139) ~[spring-test-6.2.3.jar:6.2.3]
	at org.springframework.test.context.TestContextManager.prepareTestInstance(TestContextManager.java:260) ~[spring-test-6.2.3.jar:6.2.3]
	at org.springframework.test.context.junit.jupiter.SpringExtension.postProcessTestInstance(SpringExtension.java:160) ~[spring-test-6.2.3.jar:6.2.3]
	at org.junit.jupiter.engine.descriptor.ClassBasedTestDescriptor.lambda$invokeTestInstancePostProcessors$11(ClassBasedTestDescriptor.java:378) ~[junit-jupiter-engine-5.11.4.jar:5.11.4]
	at org.junit.jupiter.engine.descriptor.ClassBasedTestDescriptor.executeAndMaskThrowable(ClassBasedTestDescriptor.java:383) ~[junit-jupiter-engine-5.11.4.jar:5.11.4]
	at org.junit.jupiter.engine.descriptor.ClassBasedTestDescriptor.lambda$invokeTestInstancePostProcessors$12(ClassBasedTestDescriptor.java:378) ~[junit-jupiter-engine-5.11.4.jar:5.11.4]
	at java.base/java.util.stream.ForEachOps$ForEachOp$OfRef.accept(ForEachOps.java:183) ~[?:?]
	at java.base/java.util.stream.ReferencePipeline$3$1.accept(ReferencePipeline.java:197) ~[?:?]
	at java.base/java.util.stream.ReferencePipeline$2$1.accept(ReferencePipeline.java:179) ~[?:?]
	at java.base/java.util.stream.ReferencePipeline$3$1.accept(ReferencePipeline.java:197) ~[?:?]
	at java.base/java.util.ArrayList$ArrayListSpliterator.forEachRemaining(ArrayList.java:1625) ~[?:?]
	at java.base/java.util.stream.AbstractPipeline.copyInto(AbstractPipeline.java:509) ~[?:?]
	at java.base/java.util.stream.AbstractPipeline.wrapAndCopyInto(AbstractPipeline.java:499) ~[?:?]
	at java.base/java.util.stream.ForEachOps$ForEachOp.evaluateSequential(ForEachOps.java:150) ~[?:?]
	at java.base/java.util.stream.ForEachOps$ForEachOp$OfRef.evaluateSequential(ForEachOps.java:173) ~[?:?]
	at java.base/java.util.stream.AbstractPipeline.evaluate(AbstractPipeline.java:234) ~[?:?]
	at java.base/java.util.stream.ReferencePipeline.forEach(ReferencePipeline.java:596) ~[?:?]
	at org.junit.jupiter.engine.descriptor.ClassBasedTestDescriptor.invokeTestInstancePostProcessors(ClassBasedTestDescriptor.java:377) ~[junit-jupiter-engine-5.11.4.jar:5.11.4]
	at org.junit.jupiter.engine.descriptor.ClassBasedTestDescriptor.lambda$instantiateAndPostProcessTestInstance$7(ClassBasedTestDescriptor.java:290) ~[junit-jupiter-engine-5.11.4.jar:5.11.4]
	at org.junit.platform.engine.support.hierarchical.ThrowableCollector.execute(ThrowableCollector.java:73) ~[junit-platform-engine-1.11.4.jar:1.11.4]
	at org.junit.jupiter.engine.descriptor.ClassBasedTestDescriptor.instantiateAndPostProcessTestInstance(ClassBasedTestDescriptor.java:289) ~[junit-jupiter-engine-5.11.4.jar:5.11.4]
	at org.junit.jupiter.engine.descriptor.ClassBasedTestDescriptor.lambda$testInstancesProvider$5(ClassBasedTestDescriptor.java:279) ~[junit-jupiter-engine-5.11.4.jar:5.11.4]
	at java.base/java.util.Optional.orElseGet(Optional.java:364) ~[?:?]
	at org.junit.jupiter.engine.descriptor.ClassBasedTestDescriptor.lambda$testInstancesProvider$6(ClassBasedTestDescriptor.java:278) ~[junit-jupiter-engine-5.11.4.jar:5.11.4]
	at org.junit.jupiter.engine.execution.TestInstancesProvider.getTestInstances(TestInstancesProvider.java:31) ~[junit-jupiter-engine-5.11.4.jar:5.11.4]
	at org.junit.jupiter.engine.descriptor.TestMethodTestDescriptor.lambda$prepare$1(TestMethodTestDescriptor.java:105) ~[junit-jupiter-engine-5.11.4.jar:5.11.4]
	at org.junit.platform.engine.support.hierarchical.ThrowableCollector.execute(ThrowableCollector.java:73) ~[junit-platform-engine-1.11.4.jar:1.11.4]
	at org.junit.jupiter.engine.descriptor.TestMethodTestDescriptor.prepare(TestMethodTestDescriptor.java:104) ~[junit-jupiter-engine-5.11.4.jar:5.11.4]
	at org.junit.jupiter.engine.descriptor.TestMethodTestDescriptor.prepare(TestMethodTestDescriptor.java:68) ~[junit-jupiter-engine-5.11.4.jar:5.11.4]
	at org.junit.platform.engine.support.hierarchical.NodeTestTask.lambda$prepare$2(NodeTestTask.java:128) ~[junit-platform-engine-1.11.4.jar:1.11.4]
	at org.junit.platform.engine.support.hierarchical.ThrowableCollector.execute(ThrowableCollector.java:73) ~[junit-platform-engine-1.11.4.jar:1.11.4]
	at org.junit.platform.engine.support.hierarchical.NodeTestTask.prepare(NodeTestTask.java:128) ~[junit-platform-engine-1.11.4.jar:1.11.4]
	at org.junit.platform.engine.support.hierarchical.NodeTestTask.execute(NodeTestTask.java:95) ~[junit-platform-engine-1.11.4.jar:1.11.4]
	at java.base/java.util.ArrayList.forEach(ArrayList.java:1511) ~[?:?]
	at org.junit.platform.engine.support.hierarchical.SameThreadHierarchicalTestExecutorService.invokeAll(SameThreadHierarchicalTestExecutorService.java:41) ~[junit-platform-engine-1.11.4.jar:1.11.4]
	at org.junit.platform.engine.support.hierarchical.NodeTestTask.lambda$executeRecursively$6(NodeTestTask.java:160) ~[junit-platform-engine-1.11.4.jar:1.11.4]
	at org.junit.platform.engine.support.hierarchical.ThrowableCollector.execute(ThrowableCollector.java:73) ~[junit-platform-engine-1.11.4.jar:1.11.4]
	at org.junit.platform.engine.support.hierarchical.NodeTestTask.lambda$executeRecursively$8(NodeTestTask.java:146) ~[junit-platform-engine-1.11.4.jar:1.11.4]
	at org.junit.platform.engine.support.hierarchical.Node.around(Node.java:137) ~[junit-platform-engine-1.11.4.jar:1.11.4]
	at org.junit.platform.engine.support.hierarchical.NodeTestTask.lambda$executeRecursively$9(NodeTestTask.java:144) ~[junit-platform-engine-1.11.4.jar:1.11.4]
	at org.junit.platform.engine.support.hierarchical.ThrowableCollector.execute(ThrowableCollector.java:73) ~[junit-platform-engine-1.11.4.jar:1.11.4]
	at org.junit.platform.engine.support.hierarchical.NodeTestTask.executeRecursively(NodeTestTask.java:143) ~[junit-platform-engine-1.11.4.jar:1.11.4]
	at org.junit.platform.engine.support.hierarchical.NodeTestTask.execute(NodeTestTask.java:100) ~[junit-platform-engine-1.11.4.jar:1.11.4]
	at java.base/java.util.ArrayList.forEach(ArrayList.java:1511) ~[?:?]
	at org.junit.platform.engine.support.hierarchical.SameThreadHierarchicalTestExecutorService.invokeAll(SameThreadHierarchicalTestExecutorService.java:41) ~[junit-platform-engine-1.11.4.jar:1.11.4]
	at org.junit.platform.engine.support.hierarchical.NodeTestTask.lambda$executeRecursively$6(NodeTestTask.java:160) ~[junit-platform-engine-1.11.4.jar:1.11.4]
	at org.junit.platform.engine.support.hierarchical.ThrowableCollector.execute(ThrowableCollector.java:73) ~[junit-platform-engine-1.11.4.jar:1.11.4]
	at org.junit.platform.engine.support.hierarchical.NodeTestTask.lambda$executeRecursively$8(NodeTestTask.java:146) ~[junit-platform-engine-1.11.4.jar:1.11.4]
	at org.junit.platform.engine.support.hierarchical.Node.around(Node.java:137) ~[junit-platform-engine-1.11.4.jar:1.11.4]
	at org.junit.platform.engine.support.hierarchical.NodeTestTask.lambda$executeRecursively$9(NodeTestTask.java:144) ~[junit-platform-engine-1.11.4.jar:1.11.4]
	at org.junit.platform.engine.support.hierarchical.ThrowableCollector.execute(ThrowableCollector.java:73) ~[junit-platform-engine-1.11.4.jar:1.11.4]
	at org.junit.platform.engine.support.hierarchical.NodeTestTask.executeRecursively(NodeTestTask.java:143) ~[junit-platform-engine-1.11.4.jar:1.11.4]
	at org.junit.platform.engine.support.hierarchical.NodeTestTask.execute(NodeTestTask.java:100) ~[junit-platform-engine-1.11.4.jar:1.11.4]
	at org.junit.platform.engine.support.hierarchical.SameThreadHierarchicalTestExecutorService.submit(SameThreadHierarchicalTestExecutorService.java:35) ~[junit-platform-engine-1.11.4.jar:1.11.4]
	at org.junit.platform.engine.support.hierarchical.HierarchicalTestExecutor.execute(HierarchicalTestExecutor.java:57) ~[junit-platform-engine-1.11.4.jar:1.11.4]
	at org.junit.platform.engine.support.hierarchical.HierarchicalTestEngine.execute(HierarchicalTestEngine.java:54) ~[junit-platform-engine-1.11.4.jar:1.11.4]
	at org.junit.platform.launcher.core.EngineExecutionOrchestrator.execute(EngineExecutionOrchestrator.java:198) ~[junit-platform-launcher-1.11.4.jar:1.11.4]
	at org.junit.platform.launcher.core.EngineExecutionOrchestrator.execute(EngineExecutionOrchestrator.java:169) ~[junit-platform-launcher-1.11.4.jar:1.11.4]
	at org.junit.platform.launcher.core.EngineExecutionOrchestrator.execute(EngineExecutionOrchestrator.java:93) ~[junit-platform-launcher-1.11.4.jar:1.11.4]
	at org.junit.platform.launcher.core.EngineExecutionOrchestrator.lambda$execute$0(EngineExecutionOrchestrator.java:58) ~[junit-platform-launcher-1.11.4.jar:1.11.4]
	at org.junit.platform.launcher.core.EngineExecutionOrchestrator.withInterceptedStreams(EngineExecutionOrchestrator.java:141) [junit-platform-launcher-1.11.4.jar:1.11.4]
	at org.junit.platform.launcher.core.EngineExecutionOrchestrator.execute(EngineExecutionOrchestrator.java:57) [junit-platform-launcher-1.11.4.jar:1.11.4]
	at org.junit.platform.launcher.core.DefaultLauncher.execute(DefaultLauncher.java:103) [junit-platform-launcher-1.11.4.jar:1.11.4]
	at org.junit.platform.launcher.core.DefaultLauncher.execute(DefaultLauncher.java:85) [junit-platform-launcher-1.11.4.jar:1.11.4]
	at org.junit.platform.launcher.core.DelegatingLauncher.execute(DelegatingLauncher.java:47) [junit-platform-launcher-1.11.4.jar:1.11.4]
	at org.apache.maven.surefire.junitplatform.LazyLauncher.execute(LazyLauncher.java:56) [surefire-junit-platform-3.5.2.jar:3.5.2]
	at org.apache.maven.surefire.junitplatform.JUnitPlatformProvider.execute(JUnitPlatformProvider.java:184) [surefire-junit-platform-3.5.2.jar:3.5.2]
	at org.apache.maven.surefire.junitplatform.JUnitPlatformProvider.invokeAllTests(JUnitPlatformProvider.java:148) [surefire-junit-platform-3.5.2.jar:3.5.2]
	at org.apache.maven.surefire.junitplatform.JUnitPlatformProvider.invoke(JUnitPlatformProvider.java:122) [surefire-junit-platform-3.5.2.jar:3.5.2]
	at org.apache.maven.surefire.booter.ForkedBooter.runSuitesInProcess(ForkedBooter.java:385) [surefire-booter-3.5.2.jar:3.5.2]
	at org.apache.maven.surefire.booter.ForkedBooter.execute(ForkedBooter.java:162) [surefire-booter-3.5.2.jar:3.5.2]
	at org.apache.maven.surefire.booter.ForkedBooter.run(ForkedBooter.java:507) [surefire-booter-3.5.2.jar:3.5.2]
	at org.apache.maven.surefire.booter.ForkedBooter.main(ForkedBooter.java:495) [surefire-booter-3.5.2.jar:3.5.2]
2025-07-31 16:26:39.871 [main] DEBUG org.springframework.data.jpa.repository.query.NamedQuery - Did not find named query Sport.findBySportName
2025-07-31 16:26:39.871 [main] DEBUG org.springframework.orm.jpa.SharedEntityManagerCreator$SharedEntityManagerInvocationHandler - Creating new EntityManager for shared EntityManager invocation
2025-07-31 16:26:39.875 [main] DEBUG org.springframework.data.repository.core.support.RepositoryFactorySupport - Finished creation of repository instance for com.example.trainup.repository.SportRepository.
2025-07-31 16:26:39.891 [main] DEBUG org.springframework.beans.factory.support.DefaultListableBeanFactory - Creating shared instance of singleton bean 'gymRepository'
2025-07-31 16:26:39.894 [main] DEBUG org.springframework.beans.factory.support.DefaultListableBeanFactory - Creating shared instance of singleton bean 'jpa.named-queries#9'
2025-07-31 16:26:39.897 [main] DEBUG org.springframework.beans.factory.support.DefaultListableBeanFactory - Creating shared instance of singleton bean 'jpa.GymRepository.fragments#0'
2025-07-31 16:26:39.898 [main] DEBUG org.springframework.orm.jpa.SharedEntityManagerCreator$SharedEntityManagerInvocationHandler - Creating new EntityManager for shared EntityManager invocation
2025-07-31 16:26:39.899 [main] DEBUG org.springframework.data.repository.core.support.RepositoryFactorySupport - Initializing repository instance for com.example.trainup.repository.GymRepository…
2025-07-31 16:26:39.899 [main] DEBUG org.springframework.orm.jpa.SharedEntityManagerCreator$SharedEntityManagerInvocationHandler - Creating new EntityManager for shared EntityManager invocation
2025-07-31 16:26:39.927 [main] DEBUG org.springframework.data.jpa.repository.query.NamedQuery - Looking up named query 'Gym.getGymsByGymOwner'
2025-07-31 16:26:39.928 [main] DEBUG org.hibernate.resource.transaction.backend.jdbc.internal.JdbcResourceLocalTransactionCoordinatorImpl - JDBC transaction marked for rollback-only (exception provided for stack trace)
java.lang.Exception: exception just for purpose of providing stack trace
	at org.hibernate.resource.transaction.backend.jdbc.internal.JdbcResourceLocalTransactionCoordinatorImpl$TransactionDriverControlImpl.markRollbackOnly(JdbcResourceLocalTransactionCoordinatorImpl.java:309) ~[hibernate-core-6.6.8.Final.jar:6.6.8.Final]
	at org.hibernate.internal.AbstractSharedSessionContract.buildNamedQuery(AbstractSharedSessionContract.java:1141) ~[hibernate-core-6.6.8.Final.jar:6.6.8.Final]
	at org.hibernate.internal.AbstractSharedSessionContract.createNamedQuery(AbstractSharedSessionContract.java:1019) ~[hibernate-core-6.6.8.Final.jar:6.6.8.Final]
	at org.hibernate.internal.AbstractSharedSessionContract.createNamedQuery(AbstractSharedSessionContract.java:143) ~[hibernate-core-6.6.8.Final.jar:6.6.8.Final]
	at java.base/jdk.internal.reflect.NativeMethodAccessorImpl.invoke0(Native Method) ~[?:?]
	at java.base/jdk.internal.reflect.NativeMethodAccessorImpl.invoke(NativeMethodAccessorImpl.java:77) ~[?:?]
	at java.base/jdk.internal.reflect.DelegatingMethodAccessorImpl.invoke(DelegatingMethodAccessorImpl.java:43) ~[?:?]
	at java.base/java.lang.reflect.Method.invoke(Method.java:569) ~[?:?]
	at org.springframework.orm.jpa.ExtendedEntityManagerCreator$ExtendedEntityManagerInvocationHandler.invoke(ExtendedEntityManagerCreator.java:364) ~[spring-orm-6.2.3.jar:6.2.3]
	at jdk.proxy2/jdk.proxy2.$Proxy236.createNamedQuery(Unknown Source) ~[?:?]
	at org.springframework.data.jpa.repository.query.NamedQuery.hasNamedQuery(NamedQuery.java:114) ~[spring-data-jpa-3.4.3.jar:3.4.3]
	at org.springframework.data.jpa.repository.query.NamedQuery.lookupFrom(NamedQuery.java:140) ~[spring-data-jpa-3.4.3.jar:3.4.3]
	at org.springframework.data.jpa.repository.query.JpaQueryLookupStrategy$DeclaredQueryLookupStrategy.resolveQuery(JpaQueryLookupStrategy.java:184) ~[spring-data-jpa-3.4.3.jar:3.4.3]
	at org.springframework.data.jpa.repository.query.JpaQueryLookupStrategy$CreateIfNotFoundQueryLookupStrategy.resolveQuery(JpaQueryLookupStrategy.java:256) ~[spring-data-jpa-3.4.3.jar:3.4.3]
	at org.springframework.data.jpa.repository.query.JpaQueryLookupStrategy$AbstractQueryLookupStrategy.resolveQuery(JpaQueryLookupStrategy.java:99) ~[spring-data-jpa-3.4.3.jar:3.4.3]
	at org.springframework.data.repository.core.support.QueryExecutorMethodInterceptor.lookupQuery(QueryExecutorMethodInterceptor.java:116) ~[spring-data-commons-3.4.3.jar:3.4.3]
	at org.springframework.data.repository.core.support.QueryExecutorMethodInterceptor.mapMethodsToQuery(QueryExecutorMethodInterceptor.java:104) ~[spring-data-commons-3.4.3.jar:3.4.3]
	at org.springframework.data.repository.core.support.QueryExecutorMethodInterceptor.lambda$new$0(QueryExecutorMethodInterceptor.java:92) ~[spring-data-commons-3.4.3.jar:3.4.3]
	at java.base/java.util.Optional.map(Optional.java:260) ~[?:?]
	at org.springframework.data.repository.core.support.QueryExecutorMethodInterceptor.<init>(QueryExecutorMethodInterceptor.java:92) ~[spring-data-commons-3.4.3.jar:3.4.3]
	at org.springframework.data.repository.core.support.RepositoryFactorySupport.getRepository(RepositoryFactorySupport.java:440) ~[spring-data-commons-3.4.3.jar:3.4.3]
	at org.springframework.data.repository.core.support.RepositoryFactoryBeanSupport.lambda$afterPropertiesSet$4(RepositoryFactoryBeanSupport.java:350) ~[spring-data-commons-3.4.3.jar:3.4.3]
	at org.springframework.data.util.Lazy.getNullable(Lazy.java:135) ~[spring-data-commons-3.4.3.jar:3.4.3]
	at org.springframework.data.util.Lazy.get(Lazy.java:113) ~[spring-data-commons-3.4.3.jar:3.4.3]
	at org.springframework.data.repository.core.support.RepositoryFactoryBeanSupport.afterPropertiesSet(RepositoryFactoryBeanSupport.java:356) ~[spring-data-commons-3.4.3.jar:3.4.3]
	at org.springframework.data.jpa.repository.support.JpaRepositoryFactoryBean.afterPropertiesSet(JpaRepositoryFactoryBean.java:132) ~[spring-data-jpa-3.4.3.jar:3.4.3]
	at org.springframework.beans.factory.support.AbstractAutowireCapableBeanFactory.invokeInitMethods(AbstractAutowireCapableBeanFactory.java:1859) ~[spring-beans-6.2.3.jar:6.2.3]
	at org.springframework.beans.factory.support.AbstractAutowireCapableBeanFactory.initializeBean(AbstractAutowireCapableBeanFactory.java:1808) ~[spring-beans-6.2.3.jar:6.2.3]
	at org.springframework.beans.factory.support.AbstractAutowireCapableBeanFactory.doCreateBean(AbstractAutowireCapableBeanFactory.java:601) ~[spring-beans-6.2.3.jar:6.2.3]
	at org.springframework.beans.factory.support.AbstractAutowireCapableBeanFactory.createBean(AbstractAutowireCapableBeanFactory.java:523) ~[spring-beans-6.2.3.jar:6.2.3]
	at org.springframework.beans.factory.support.AbstractBeanFactory.lambda$doGetBean$0(AbstractBeanFactory.java:339) ~[spring-beans-6.2.3.jar:6.2.3]
	at org.springframework.beans.factory.support.DefaultSingletonBeanRegistry.getSingleton(DefaultSingletonBeanRegistry.java:346) ~[spring-beans-6.2.3.jar:6.2.3]
	at org.springframework.beans.factory.support.AbstractBeanFactory.doGetBean(AbstractBeanFactory.java:337) ~[spring-beans-6.2.3.jar:6.2.3]
	at org.springframework.beans.factory.support.AbstractBeanFactory.getBean(AbstractBeanFactory.java:202) ~[spring-beans-6.2.3.jar:6.2.3]
	at org.springframework.beans.factory.support.DefaultListableBeanFactory.doResolveDependency(DefaultListableBeanFactory.java:1606) ~[spring-beans-6.2.3.jar:6.2.3]
	at org.springframework.beans.factory.support.DefaultListableBeanFactory.resolveDependency(DefaultListableBeanFactory.java:1552) ~[spring-beans-6.2.3.jar:6.2.3]
	at org.springframework.beans.factory.support.ConstructorResolver.resolveAutowiredArgument(ConstructorResolver.java:913) ~[spring-beans-6.2.3.jar:6.2.3]
	at org.springframework.beans.factory.support.ConstructorResolver.createArgumentArray(ConstructorResolver.java:791) ~[spring-beans-6.2.3.jar:6.2.3]
	at org.springframework.beans.factory.support.ConstructorResolver.autowireConstructor(ConstructorResolver.java:240) ~[spring-beans-6.2.3.jar:6.2.3]
	at org.springframework.beans.factory.support.AbstractAutowireCapableBeanFactory.autowireConstructor(AbstractAutowireCapableBeanFactory.java:1381) ~[spring-beans-6.2.3.jar:6.2.3]
	at org.springframework.beans.factory.support.AbstractAutowireCapableBeanFactory.createBeanInstance(AbstractAutowireCapableBeanFactory.java:1218) ~[spring-beans-6.2.3.jar:6.2.3]
	at org.springframework.beans.factory.support.AbstractAutowireCapableBeanFactory.doCreateBean(AbstractAutowireCapableBeanFactory.java:563) ~[spring-beans-6.2.3.jar:6.2.3]
	at org.springframework.beans.factory.support.AbstractAutowireCapableBeanFactory.createBean(AbstractAutowireCapableBeanFactory.java:523) ~[spring-beans-6.2.3.jar:6.2.3]
	at org.springframework.beans.factory.support.AbstractBeanFactory.lambda$doGetBean$0(AbstractBeanFactory.java:339) ~[spring-beans-6.2.3.jar:6.2.3]
	at org.springframework.beans.factory.support.DefaultSingletonBeanRegistry.getSingleton(DefaultSingletonBeanRegistry.java:346) ~[spring-beans-6.2.3.jar:6.2.3]
	at org.springframework.beans.factory.support.AbstractBeanFactory.doGetBean(AbstractBeanFactory.java:337) ~[spring-beans-6.2.3.jar:6.2.3]
	at org.springframework.beans.factory.support.AbstractBeanFactory.getBean(AbstractBeanFactory.java:202) ~[spring-beans-6.2.3.jar:6.2.3]
	at org.springframework.beans.factory.config.DependencyDescriptor.resolveCandidate(DependencyDescriptor.java:254) ~[spring-beans-6.2.3.jar:6.2.3]
	at org.springframework.beans.factory.support.DefaultListableBeanFactory.doResolveDependency(DefaultListableBeanFactory.java:1664) ~[spring-beans-6.2.3.jar:6.2.3]
	at org.springframework.beans.factory.support.DefaultListableBeanFactory.resolveDependency(DefaultListableBeanFactory.java:1552) ~[spring-beans-6.2.3.jar:6.2.3]
	at org.springframework.beans.factory.support.ConstructorResolver.resolveAutowiredArgument(ConstructorResolver.java:913) ~[spring-beans-6.2.3.jar:6.2.3]
	at org.springframework.beans.factory.support.ConstructorResolver.createArgumentArray(ConstructorResolver.java:791) ~[spring-beans-6.2.3.jar:6.2.3]
	at org.springframework.beans.factory.support.ConstructorResolver.autowireConstructor(ConstructorResolver.java:240) ~[spring-beans-6.2.3.jar:6.2.3]
	at org.springframework.beans.factory.support.AbstractAutowireCapableBeanFactory.autowireConstructor(AbstractAutowireCapableBeanFactory.java:1381) ~[spring-beans-6.2.3.jar:6.2.3]
	at org.springframework.beans.factory.support.AbstractAutowireCapableBeanFactory.createBeanInstance(AbstractAutowireCapableBeanFactory.java:1218) ~[spring-beans-6.2.3.jar:6.2.3]
	at org.springframework.beans.factory.support.AbstractAutowireCapableBeanFactory.doCreateBean(AbstractAutowireCapableBeanFactory.java:563) ~[spring-beans-6.2.3.jar:6.2.3]
	at org.springframework.beans.factory.support.AbstractAutowireCapableBeanFactory.createBean(AbstractAutowireCapableBeanFactory.java:523) ~[spring-beans-6.2.3.jar:6.2.3]
	at org.springframework.beans.factory.support.AbstractBeanFactory.lambda$doGetBean$0(AbstractBeanFactory.java:339) ~[spring-beans-6.2.3.jar:6.2.3]
	at org.springframework.beans.factory.support.DefaultSingletonBeanRegistry.getSingleton(DefaultSingletonBeanRegistry.java:346) ~[spring-beans-6.2.3.jar:6.2.3]
	at org.springframework.beans.factory.support.AbstractBeanFactory.doGetBean(AbstractBeanFactory.java:337) ~[spring-beans-6.2.3.jar:6.2.3]
	at org.springframework.beans.factory.support.AbstractBeanFactory.getBean(AbstractBeanFactory.java:202) ~[spring-beans-6.2.3.jar:6.2.3]
	at org.springframework.beans.factory.support.DefaultListableBeanFactory.instantiateSingleton(DefaultListableBeanFactory.java:1155) ~[spring-beans-6.2.3.jar:6.2.3]
	at org.springframework.beans.factory.support.DefaultListableBeanFactory.preInstantiateSingleton(DefaultListableBeanFactory.java:1121) ~[spring-beans-6.2.3.jar:6.2.3]
	at org.springframework.beans.factory.support.DefaultListableBeanFactory.preInstantiateSingletons(DefaultListableBeanFactory.java:1056) ~[spring-beans-6.2.3.jar:6.2.3]
	at org.springframework.context.support.AbstractApplicationContext.finishBeanFactoryInitialization(AbstractApplicationContext.java:987) ~[spring-context-6.2.3.jar:6.2.3]
	at org.springframework.context.support.AbstractApplicationContext.refresh(AbstractApplicationContext.java:627) ~[spring-context-6.2.3.jar:6.2.3]
	at org.springframework.boot.SpringApplication.refresh(SpringApplication.java:752) ~[spring-boot-3.4.3.jar:3.4.3]
	at org.springframework.boot.SpringApplication.refreshContext(SpringApplication.java:439) ~[spring-boot-3.4.3.jar:3.4.3]
	at org.springframework.boot.SpringApplication.run(SpringApplication.java:318) ~[spring-boot-3.4.3.jar:3.4.3]
	at org.springframework.boot.test.context.SpringBootContextLoader.lambda$loadContext$3(SpringBootContextLoader.java:137) ~[spring-boot-test-3.4.3.jar:3.4.3]
	at org.springframework.util.function.ThrowingSupplier.get(ThrowingSupplier.java:58) ~[spring-core-6.2.3.jar:6.2.3]
	at org.springframework.util.function.ThrowingSupplier.get(ThrowingSupplier.java:46) ~[spring-core-6.2.3.jar:6.2.3]
	at org.springframework.boot.SpringApplication.withHook(SpringApplication.java:1461) ~[spring-boot-3.4.3.jar:3.4.3]
	at org.springframework.boot.test.context.SpringBootContextLoader$ContextLoaderHook.run(SpringBootContextLoader.java:553) ~[spring-boot-test-3.4.3.jar:3.4.3]
	at org.springframework.boot.test.context.SpringBootContextLoader.loadContext(SpringBootContextLoader.java:137) ~[spring-boot-test-3.4.3.jar:3.4.3]
	at org.springframework.boot.test.context.SpringBootContextLoader.loadContext(SpringBootContextLoader.java:108) ~[spring-boot-test-3.4.3.jar:3.4.3]
	at org.springframework.test.context.cache.DefaultCacheAwareContextLoaderDelegate.loadContextInternal(DefaultCacheAwareContextLoaderDelegate.java:225) ~[spring-test-6.2.3.jar:6.2.3]
	at org.springframework.test.context.cache.DefaultCacheAwareContextLoaderDelegate.loadContext(DefaultCacheAwareContextLoaderDelegate.java:152) ~[spring-test-6.2.3.jar:6.2.3]
	at org.springframework.test.context.support.DefaultTestContext.getApplicationContext(DefaultTestContext.java:130) ~[spring-test-6.2.3.jar:6.2.3]
	at org.springframework.test.context.web.ServletTestExecutionListener.setUpRequestContextIfNecessary(ServletTestExecutionListener.java:200) ~[spring-test-6.2.3.jar:6.2.3]
	at org.springframework.test.context.web.ServletTestExecutionListener.prepareTestInstance(ServletTestExecutionListener.java:139) ~[spring-test-6.2.3.jar:6.2.3]
	at org.springframework.test.context.TestContextManager.prepareTestInstance(TestContextManager.java:260) ~[spring-test-6.2.3.jar:6.2.3]
	at org.springframework.test.context.junit.jupiter.SpringExtension.postProcessTestInstance(SpringExtension.java:160) ~[spring-test-6.2.3.jar:6.2.3]
	at org.junit.jupiter.engine.descriptor.ClassBasedTestDescriptor.lambda$invokeTestInstancePostProcessors$11(ClassBasedTestDescriptor.java:378) ~[junit-jupiter-engine-5.11.4.jar:5.11.4]
	at org.junit.jupiter.engine.descriptor.ClassBasedTestDescriptor.executeAndMaskThrowable(ClassBasedTestDescriptor.java:383) ~[junit-jupiter-engine-5.11.4.jar:5.11.4]
	at org.junit.jupiter.engine.descriptor.ClassBasedTestDescriptor.lambda$invokeTestInstancePostProcessors$12(ClassBasedTestDescriptor.java:378) ~[junit-jupiter-engine-5.11.4.jar:5.11.4]
	at java.base/java.util.stream.ForEachOps$ForEachOp$OfRef.accept(ForEachOps.java:183) ~[?:?]
	at java.base/java.util.stream.ReferencePipeline$3$1.accept(ReferencePipeline.java:197) ~[?:?]
	at java.base/java.util.stream.ReferencePipeline$2$1.accept(ReferencePipeline.java:179) ~[?:?]
	at java.base/java.util.stream.ReferencePipeline$3$1.accept(ReferencePipeline.java:197) ~[?:?]
	at java.base/java.util.ArrayList$ArrayListSpliterator.forEachRemaining(ArrayList.java:1625) ~[?:?]
	at java.base/java.util.stream.AbstractPipeline.copyInto(AbstractPipeline.java:509) ~[?:?]
	at java.base/java.util.stream.AbstractPipeline.wrapAndCopyInto(AbstractPipeline.java:499) ~[?:?]
	at java.base/java.util.stream.ForEachOps$ForEachOp.evaluateSequential(ForEachOps.java:150) ~[?:?]
	at java.base/java.util.stream.ForEachOps$ForEachOp$OfRef.evaluateSequential(ForEachOps.java:173) ~[?:?]
	at java.base/java.util.stream.AbstractPipeline.evaluate(AbstractPipeline.java:234) ~[?:?]
	at java.base/java.util.stream.ReferencePipeline.forEach(ReferencePipeline.java:596) ~[?:?]
	at org.junit.jupiter.engine.descriptor.ClassBasedTestDescriptor.invokeTestInstancePostProcessors(ClassBasedTestDescriptor.java:377) ~[junit-jupiter-engine-5.11.4.jar:5.11.4]
	at org.junit.jupiter.engine.descriptor.ClassBasedTestDescriptor.lambda$instantiateAndPostProcessTestInstance$7(ClassBasedTestDescriptor.java:290) ~[junit-jupiter-engine-5.11.4.jar:5.11.4]
	at org.junit.platform.engine.support.hierarchical.ThrowableCollector.execute(ThrowableCollector.java:73) ~[junit-platform-engine-1.11.4.jar:1.11.4]
	at org.junit.jupiter.engine.descriptor.ClassBasedTestDescriptor.instantiateAndPostProcessTestInstance(ClassBasedTestDescriptor.java:289) ~[junit-jupiter-engine-5.11.4.jar:5.11.4]
	at org.junit.jupiter.engine.descriptor.ClassBasedTestDescriptor.lambda$testInstancesProvider$5(ClassBasedTestDescriptor.java:279) ~[junit-jupiter-engine-5.11.4.jar:5.11.4]
	at java.base/java.util.Optional.orElseGet(Optional.java:364) ~[?:?]
	at org.junit.jupiter.engine.descriptor.ClassBasedTestDescriptor.lambda$testInstancesProvider$6(ClassBasedTestDescriptor.java:278) ~[junit-jupiter-engine-5.11.4.jar:5.11.4]
	at org.junit.jupiter.engine.execution.TestInstancesProvider.getTestInstances(TestInstancesProvider.java:31) ~[junit-jupiter-engine-5.11.4.jar:5.11.4]
	at org.junit.jupiter.engine.descriptor.TestMethodTestDescriptor.lambda$prepare$1(TestMethodTestDescriptor.java:105) ~[junit-jupiter-engine-5.11.4.jar:5.11.4]
	at org.junit.platform.engine.support.hierarchical.ThrowableCollector.execute(ThrowableCollector.java:73) ~[junit-platform-engine-1.11.4.jar:1.11.4]
	at org.junit.jupiter.engine.descriptor.TestMethodTestDescriptor.prepare(TestMethodTestDescriptor.java:104) ~[junit-jupiter-engine-5.11.4.jar:5.11.4]
	at org.junit.jupiter.engine.descriptor.TestMethodTestDescriptor.prepare(TestMethodTestDescriptor.java:68) ~[junit-jupiter-engine-5.11.4.jar:5.11.4]
	at org.junit.platform.engine.support.hierarchical.NodeTestTask.lambda$prepare$2(NodeTestTask.java:128) ~[junit-platform-engine-1.11.4.jar:1.11.4]
	at org.junit.platform.engine.support.hierarchical.ThrowableCollector.execute(ThrowableCollector.java:73) ~[junit-platform-engine-1.11.4.jar:1.11.4]
	at org.junit.platform.engine.support.hierarchical.NodeTestTask.prepare(NodeTestTask.java:128) ~[junit-platform-engine-1.11.4.jar:1.11.4]
	at org.junit.platform.engine.support.hierarchical.NodeTestTask.execute(NodeTestTask.java:95) ~[junit-platform-engine-1.11.4.jar:1.11.4]
	at java.base/java.util.ArrayList.forEach(ArrayList.java:1511) ~[?:?]
	at org.junit.platform.engine.support.hierarchical.SameThreadHierarchicalTestExecutorService.invokeAll(SameThreadHierarchicalTestExecutorService.java:41) ~[junit-platform-engine-1.11.4.jar:1.11.4]
	at org.junit.platform.engine.support.hierarchical.NodeTestTask.lambda$executeRecursively$6(NodeTestTask.java:160) ~[junit-platform-engine-1.11.4.jar:1.11.4]
	at org.junit.platform.engine.support.hierarchical.ThrowableCollector.execute(ThrowableCollector.java:73) ~[junit-platform-engine-1.11.4.jar:1.11.4]
	at org.junit.platform.engine.support.hierarchical.NodeTestTask.lambda$executeRecursively$8(NodeTestTask.java:146) ~[junit-platform-engine-1.11.4.jar:1.11.4]
	at org.junit.platform.engine.support.hierarchical.Node.around(Node.java:137) ~[junit-platform-engine-1.11.4.jar:1.11.4]
	at org.junit.platform.engine.support.hierarchical.NodeTestTask.lambda$executeRecursively$9(NodeTestTask.java:144) ~[junit-platform-engine-1.11.4.jar:1.11.4]
	at org.junit.platform.engine.support.hierarchical.ThrowableCollector.execute(ThrowableCollector.java:73) ~[junit-platform-engine-1.11.4.jar:1.11.4]
	at org.junit.platform.engine.support.hierarchical.NodeTestTask.executeRecursively(NodeTestTask.java:143) ~[junit-platform-engine-1.11.4.jar:1.11.4]
	at org.junit.platform.engine.support.hierarchical.NodeTestTask.execute(NodeTestTask.java:100) ~[junit-platform-engine-1.11.4.jar:1.11.4]
	at java.base/java.util.ArrayList.forEach(ArrayList.java:1511) ~[?:?]
	at org.junit.platform.engine.support.hierarchical.SameThreadHierarchicalTestExecutorService.invokeAll(SameThreadHierarchicalTestExecutorService.java:41) ~[junit-platform-engine-1.11.4.jar:1.11.4]
	at org.junit.platform.engine.support.hierarchical.NodeTestTask.lambda$executeRecursively$6(NodeTestTask.java:160) ~[junit-platform-engine-1.11.4.jar:1.11.4]
	at org.junit.platform.engine.support.hierarchical.ThrowableCollector.execute(ThrowableCollector.java:73) ~[junit-platform-engine-1.11.4.jar:1.11.4]
	at org.junit.platform.engine.support.hierarchical.NodeTestTask.lambda$executeRecursively$8(NodeTestTask.java:146) ~[junit-platform-engine-1.11.4.jar:1.11.4]
	at org.junit.platform.engine.support.hierarchical.Node.around(Node.java:137) ~[junit-platform-engine-1.11.4.jar:1.11.4]
	at org.junit.platform.engine.support.hierarchical.NodeTestTask.lambda$executeRecursively$9(NodeTestTask.java:144) ~[junit-platform-engine-1.11.4.jar:1.11.4]
	at org.junit.platform.engine.support.hierarchical.ThrowableCollector.execute(ThrowableCollector.java:73) ~[junit-platform-engine-1.11.4.jar:1.11.4]
	at org.junit.platform.engine.support.hierarchical.NodeTestTask.executeRecursively(NodeTestTask.java:143) ~[junit-platform-engine-1.11.4.jar:1.11.4]
	at org.junit.platform.engine.support.hierarchical.NodeTestTask.execute(NodeTestTask.java:100) ~[junit-platform-engine-1.11.4.jar:1.11.4]
	at org.junit.platform.engine.support.hierarchical.SameThreadHierarchicalTestExecutorService.submit(SameThreadHierarchicalTestExecutorService.java:35) ~[junit-platform-engine-1.11.4.jar:1.11.4]
	at org.junit.platform.engine.support.hierarchical.HierarchicalTestExecutor.execute(HierarchicalTestExecutor.java:57) ~[junit-platform-engine-1.11.4.jar:1.11.4]
	at org.junit.platform.engine.support.hierarchical.HierarchicalTestEngine.execute(HierarchicalTestEngine.java:54) ~[junit-platform-engine-1.11.4.jar:1.11.4]
	at org.junit.platform.launcher.core.EngineExecutionOrchestrator.execute(EngineExecutionOrchestrator.java:198) ~[junit-platform-launcher-1.11.4.jar:1.11.4]
	at org.junit.platform.launcher.core.EngineExecutionOrchestrator.execute(EngineExecutionOrchestrator.java:169) ~[junit-platform-launcher-1.11.4.jar:1.11.4]
	at org.junit.platform.launcher.core.EngineExecutionOrchestrator.execute(EngineExecutionOrchestrator.java:93) ~[junit-platform-launcher-1.11.4.jar:1.11.4]
	at org.junit.platform.launcher.core.EngineExecutionOrchestrator.lambda$execute$0(EngineExecutionOrchestrator.java:58) ~[junit-platform-launcher-1.11.4.jar:1.11.4]
	at org.junit.platform.launcher.core.EngineExecutionOrchestrator.withInterceptedStreams(EngineExecutionOrchestrator.java:141) [junit-platform-launcher-1.11.4.jar:1.11.4]
	at org.junit.platform.launcher.core.EngineExecutionOrchestrator.execute(EngineExecutionOrchestrator.java:57) [junit-platform-launcher-1.11.4.jar:1.11.4]
	at org.junit.platform.launcher.core.DefaultLauncher.execute(DefaultLauncher.java:103) [junit-platform-launcher-1.11.4.jar:1.11.4]
	at org.junit.platform.launcher.core.DefaultLauncher.execute(DefaultLauncher.java:85) [junit-platform-launcher-1.11.4.jar:1.11.4]
	at org.junit.platform.launcher.core.DelegatingLauncher.execute(DelegatingLauncher.java:47) [junit-platform-launcher-1.11.4.jar:1.11.4]
	at org.apache.maven.surefire.junitplatform.LazyLauncher.execute(LazyLauncher.java:56) [surefire-junit-platform-3.5.2.jar:3.5.2]
	at org.apache.maven.surefire.junitplatform.JUnitPlatformProvider.execute(JUnitPlatformProvider.java:184) [surefire-junit-platform-3.5.2.jar:3.5.2]
	at org.apache.maven.surefire.junitplatform.JUnitPlatformProvider.invokeAllTests(JUnitPlatformProvider.java:148) [surefire-junit-platform-3.5.2.jar:3.5.2]
	at org.apache.maven.surefire.junitplatform.JUnitPlatformProvider.invoke(JUnitPlatformProvider.java:122) [surefire-junit-platform-3.5.2.jar:3.5.2]
	at org.apache.maven.surefire.booter.ForkedBooter.runSuitesInProcess(ForkedBooter.java:385) [surefire-booter-3.5.2.jar:3.5.2]
	at org.apache.maven.surefire.booter.ForkedBooter.execute(ForkedBooter.java:162) [surefire-booter-3.5.2.jar:3.5.2]
	at org.apache.maven.surefire.booter.ForkedBooter.run(ForkedBooter.java:507) [surefire-booter-3.5.2.jar:3.5.2]
	at org.apache.maven.surefire.booter.ForkedBooter.main(ForkedBooter.java:495) [surefire-booter-3.5.2.jar:3.5.2]
2025-07-31 16:26:39.929 [main] DEBUG org.springframework.data.jpa.repository.query.NamedQuery - Did not find named query Gym.getGymsByGymOwner
2025-07-31 16:26:39.929 [main] DEBUG org.springframework.orm.jpa.SharedEntityManagerCreator$SharedEntityManagerInvocationHandler - Creating new EntityManager for shared EntityManager invocation
2025-07-31 16:26:39.930 [main] DEBUG org.springframework.data.jpa.repository.query.NamedQuery - Looking up named query 'Gym.getGymById'
2025-07-31 16:26:39.931 [main] DEBUG org.hibernate.resource.transaction.backend.jdbc.internal.JdbcResourceLocalTransactionCoordinatorImpl - JDBC transaction marked for rollback-only (exception provided for stack trace)
java.lang.Exception: exception just for purpose of providing stack trace
	at org.hibernate.resource.transaction.backend.jdbc.internal.JdbcResourceLocalTransactionCoordinatorImpl$TransactionDriverControlImpl.markRollbackOnly(JdbcResourceLocalTransactionCoordinatorImpl.java:309) ~[hibernate-core-6.6.8.Final.jar:6.6.8.Final]
	at org.hibernate.internal.AbstractSharedSessionContract.buildNamedQuery(AbstractSharedSessionContract.java:1141) ~[hibernate-core-6.6.8.Final.jar:6.6.8.Final]
	at org.hibernate.internal.AbstractSharedSessionContract.createNamedQuery(AbstractSharedSessionContract.java:1019) ~[hibernate-core-6.6.8.Final.jar:6.6.8.Final]
	at org.hibernate.internal.AbstractSharedSessionContract.createNamedQuery(AbstractSharedSessionContract.java:143) ~[hibernate-core-6.6.8.Final.jar:6.6.8.Final]
	at java.base/jdk.internal.reflect.NativeMethodAccessorImpl.invoke0(Native Method) ~[?:?]
	at java.base/jdk.internal.reflect.NativeMethodAccessorImpl.invoke(NativeMethodAccessorImpl.java:77) ~[?:?]
	at java.base/jdk.internal.reflect.DelegatingMethodAccessorImpl.invoke(DelegatingMethodAccessorImpl.java:43) ~[?:?]
	at java.base/java.lang.reflect.Method.invoke(Method.java:569) ~[?:?]
	at org.springframework.orm.jpa.ExtendedEntityManagerCreator$ExtendedEntityManagerInvocationHandler.invoke(ExtendedEntityManagerCreator.java:364) ~[spring-orm-6.2.3.jar:6.2.3]
	at jdk.proxy2/jdk.proxy2.$Proxy236.createNamedQuery(Unknown Source) ~[?:?]
	at org.springframework.data.jpa.repository.query.NamedQuery.hasNamedQuery(NamedQuery.java:114) ~[spring-data-jpa-3.4.3.jar:3.4.3]
	at org.springframework.data.jpa.repository.query.NamedQuery.lookupFrom(NamedQuery.java:140) ~[spring-data-jpa-3.4.3.jar:3.4.3]
	at org.springframework.data.jpa.repository.query.JpaQueryLookupStrategy$DeclaredQueryLookupStrategy.resolveQuery(JpaQueryLookupStrategy.java:184) ~[spring-data-jpa-3.4.3.jar:3.4.3]
	at org.springframework.data.jpa.repository.query.JpaQueryLookupStrategy$CreateIfNotFoundQueryLookupStrategy.resolveQuery(JpaQueryLookupStrategy.java:256) ~[spring-data-jpa-3.4.3.jar:3.4.3]
	at org.springframework.data.jpa.repository.query.JpaQueryLookupStrategy$AbstractQueryLookupStrategy.resolveQuery(JpaQueryLookupStrategy.java:99) ~[spring-data-jpa-3.4.3.jar:3.4.3]
	at org.springframework.data.repository.core.support.QueryExecutorMethodInterceptor.lookupQuery(QueryExecutorMethodInterceptor.java:116) ~[spring-data-commons-3.4.3.jar:3.4.3]
	at org.springframework.data.repository.core.support.QueryExecutorMethodInterceptor.mapMethodsToQuery(QueryExecutorMethodInterceptor.java:104) ~[spring-data-commons-3.4.3.jar:3.4.3]
	at org.springframework.data.repository.core.support.QueryExecutorMethodInterceptor.lambda$new$0(QueryExecutorMethodInterceptor.java:92) ~[spring-data-commons-3.4.3.jar:3.4.3]
	at java.base/java.util.Optional.map(Optional.java:260) ~[?:?]
	at org.springframework.data.repository.core.support.QueryExecutorMethodInterceptor.<init>(QueryExecutorMethodInterceptor.java:92) ~[spring-data-commons-3.4.3.jar:3.4.3]
	at org.springframework.data.repository.core.support.RepositoryFactorySupport.getRepository(RepositoryFactorySupport.java:440) ~[spring-data-commons-3.4.3.jar:3.4.3]
	at org.springframework.data.repository.core.support.RepositoryFactoryBeanSupport.lambda$afterPropertiesSet$4(RepositoryFactoryBeanSupport.java:350) ~[spring-data-commons-3.4.3.jar:3.4.3]
	at org.springframework.data.util.Lazy.getNullable(Lazy.java:135) ~[spring-data-commons-3.4.3.jar:3.4.3]
	at org.springframework.data.util.Lazy.get(Lazy.java:113) ~[spring-data-commons-3.4.3.jar:3.4.3]
	at org.springframework.data.repository.core.support.RepositoryFactoryBeanSupport.afterPropertiesSet(RepositoryFactoryBeanSupport.java:356) ~[spring-data-commons-3.4.3.jar:3.4.3]
	at org.springframework.data.jpa.repository.support.JpaRepositoryFactoryBean.afterPropertiesSet(JpaRepositoryFactoryBean.java:132) ~[spring-data-jpa-3.4.3.jar:3.4.3]
	at org.springframework.beans.factory.support.AbstractAutowireCapableBeanFactory.invokeInitMethods(AbstractAutowireCapableBeanFactory.java:1859) ~[spring-beans-6.2.3.jar:6.2.3]
	at org.springframework.beans.factory.support.AbstractAutowireCapableBeanFactory.initializeBean(AbstractAutowireCapableBeanFactory.java:1808) ~[spring-beans-6.2.3.jar:6.2.3]
	at org.springframework.beans.factory.support.AbstractAutowireCapableBeanFactory.doCreateBean(AbstractAutowireCapableBeanFactory.java:601) ~[spring-beans-6.2.3.jar:6.2.3]
	at org.springframework.beans.factory.support.AbstractAutowireCapableBeanFactory.createBean(AbstractAutowireCapableBeanFactory.java:523) ~[spring-beans-6.2.3.jar:6.2.3]
	at org.springframework.beans.factory.support.AbstractBeanFactory.lambda$doGetBean$0(AbstractBeanFactory.java:339) ~[spring-beans-6.2.3.jar:6.2.3]
	at org.springframework.beans.factory.support.DefaultSingletonBeanRegistry.getSingleton(DefaultSingletonBeanRegistry.java:346) ~[spring-beans-6.2.3.jar:6.2.3]
	at org.springframework.beans.factory.support.AbstractBeanFactory.doGetBean(AbstractBeanFactory.java:337) ~[spring-beans-6.2.3.jar:6.2.3]
	at org.springframework.beans.factory.support.AbstractBeanFactory.getBean(AbstractBeanFactory.java:202) ~[spring-beans-6.2.3.jar:6.2.3]
	at org.springframework.beans.factory.support.DefaultListableBeanFactory.doResolveDependency(DefaultListableBeanFactory.java:1606) ~[spring-beans-6.2.3.jar:6.2.3]
	at org.springframework.beans.factory.support.DefaultListableBeanFactory.resolveDependency(DefaultListableBeanFactory.java:1552) ~[spring-beans-6.2.3.jar:6.2.3]
	at org.springframework.beans.factory.support.ConstructorResolver.resolveAutowiredArgument(ConstructorResolver.java:913) ~[spring-beans-6.2.3.jar:6.2.3]
	at org.springframework.beans.factory.support.ConstructorResolver.createArgumentArray(ConstructorResolver.java:791) ~[spring-beans-6.2.3.jar:6.2.3]
	at org.springframework.beans.factory.support.ConstructorResolver.autowireConstructor(ConstructorResolver.java:240) ~[spring-beans-6.2.3.jar:6.2.3]
	at org.springframework.beans.factory.support.AbstractAutowireCapableBeanFactory.autowireConstructor(AbstractAutowireCapableBeanFactory.java:1381) ~[spring-beans-6.2.3.jar:6.2.3]
	at org.springframework.beans.factory.support.AbstractAutowireCapableBeanFactory.createBeanInstance(AbstractAutowireCapableBeanFactory.java:1218) ~[spring-beans-6.2.3.jar:6.2.3]
	at org.springframework.beans.factory.support.AbstractAutowireCapableBeanFactory.doCreateBean(AbstractAutowireCapableBeanFactory.java:563) ~[spring-beans-6.2.3.jar:6.2.3]
	at org.springframework.beans.factory.support.AbstractAutowireCapableBeanFactory.createBean(AbstractAutowireCapableBeanFactory.java:523) ~[spring-beans-6.2.3.jar:6.2.3]
	at org.springframework.beans.factory.support.AbstractBeanFactory.lambda$doGetBean$0(AbstractBeanFactory.java:339) ~[spring-beans-6.2.3.jar:6.2.3]
	at org.springframework.beans.factory.support.DefaultSingletonBeanRegistry.getSingleton(DefaultSingletonBeanRegistry.java:346) ~[spring-beans-6.2.3.jar:6.2.3]
	at org.springframework.beans.factory.support.AbstractBeanFactory.doGetBean(AbstractBeanFactory.java:337) ~[spring-beans-6.2.3.jar:6.2.3]
	at org.springframework.beans.factory.support.AbstractBeanFactory.getBean(AbstractBeanFactory.java:202) ~[spring-beans-6.2.3.jar:6.2.3]
	at org.springframework.beans.factory.config.DependencyDescriptor.resolveCandidate(DependencyDescriptor.java:254) ~[spring-beans-6.2.3.jar:6.2.3]
	at org.springframework.beans.factory.support.DefaultListableBeanFactory.doResolveDependency(DefaultListableBeanFactory.java:1664) ~[spring-beans-6.2.3.jar:6.2.3]
	at org.springframework.beans.factory.support.DefaultListableBeanFactory.resolveDependency(DefaultListableBeanFactory.java:1552) ~[spring-beans-6.2.3.jar:6.2.3]
	at org.springframework.beans.factory.support.ConstructorResolver.resolveAutowiredArgument(ConstructorResolver.java:913) ~[spring-beans-6.2.3.jar:6.2.3]
	at org.springframework.beans.factory.support.ConstructorResolver.createArgumentArray(ConstructorResolver.java:791) ~[spring-beans-6.2.3.jar:6.2.3]
	at org.springframework.beans.factory.support.ConstructorResolver.autowireConstructor(ConstructorResolver.java:240) ~[spring-beans-6.2.3.jar:6.2.3]
	at org.springframework.beans.factory.support.AbstractAutowireCapableBeanFactory.autowireConstructor(AbstractAutowireCapableBeanFactory.java:1381) ~[spring-beans-6.2.3.jar:6.2.3]
	at org.springframework.beans.factory.support.AbstractAutowireCapableBeanFactory.createBeanInstance(AbstractAutowireCapableBeanFactory.java:1218) ~[spring-beans-6.2.3.jar:6.2.3]
	at org.springframework.beans.factory.support.AbstractAutowireCapableBeanFactory.doCreateBean(AbstractAutowireCapableBeanFactory.java:563) ~[spring-beans-6.2.3.jar:6.2.3]
	at org.springframework.beans.factory.support.AbstractAutowireCapableBeanFactory.createBean(AbstractAutowireCapableBeanFactory.java:523) ~[spring-beans-6.2.3.jar:6.2.3]
	at org.springframework.beans.factory.support.AbstractBeanFactory.lambda$doGetBean$0(AbstractBeanFactory.java:339) ~[spring-beans-6.2.3.jar:6.2.3]
	at org.springframework.beans.factory.support.DefaultSingletonBeanRegistry.getSingleton(DefaultSingletonBeanRegistry.java:346) ~[spring-beans-6.2.3.jar:6.2.3]
	at org.springframework.beans.factory.support.AbstractBeanFactory.doGetBean(AbstractBeanFactory.java:337) ~[spring-beans-6.2.3.jar:6.2.3]
	at org.springframework.beans.factory.support.AbstractBeanFactory.getBean(AbstractBeanFactory.java:202) ~[spring-beans-6.2.3.jar:6.2.3]
	at org.springframework.beans.factory.support.DefaultListableBeanFactory.instantiateSingleton(DefaultListableBeanFactory.java:1155) ~[spring-beans-6.2.3.jar:6.2.3]
	at org.springframework.beans.factory.support.DefaultListableBeanFactory.preInstantiateSingleton(DefaultListableBeanFactory.java:1121) ~[spring-beans-6.2.3.jar:6.2.3]
	at org.springframework.beans.factory.support.DefaultListableBeanFactory.preInstantiateSingletons(DefaultListableBeanFactory.java:1056) ~[spring-beans-6.2.3.jar:6.2.3]
	at org.springframework.context.support.AbstractApplicationContext.finishBeanFactoryInitialization(AbstractApplicationContext.java:987) ~[spring-context-6.2.3.jar:6.2.3]
	at org.springframework.context.support.AbstractApplicationContext.refresh(AbstractApplicationContext.java:627) ~[spring-context-6.2.3.jar:6.2.3]
	at org.springframework.boot.SpringApplication.refresh(SpringApplication.java:752) ~[spring-boot-3.4.3.jar:3.4.3]
	at org.springframework.boot.SpringApplication.refreshContext(SpringApplication.java:439) ~[spring-boot-3.4.3.jar:3.4.3]
	at org.springframework.boot.SpringApplication.run(SpringApplication.java:318) ~[spring-boot-3.4.3.jar:3.4.3]
	at org.springframework.boot.test.context.SpringBootContextLoader.lambda$loadContext$3(SpringBootContextLoader.java:137) ~[spring-boot-test-3.4.3.jar:3.4.3]
	at org.springframework.util.function.ThrowingSupplier.get(ThrowingSupplier.java:58) ~[spring-core-6.2.3.jar:6.2.3]
	at org.springframework.util.function.ThrowingSupplier.get(ThrowingSupplier.java:46) ~[spring-core-6.2.3.jar:6.2.3]
	at org.springframework.boot.SpringApplication.withHook(SpringApplication.java:1461) ~[spring-boot-3.4.3.jar:3.4.3]
	at org.springframework.boot.test.context.SpringBootContextLoader$ContextLoaderHook.run(SpringBootContextLoader.java:553) ~[spring-boot-test-3.4.3.jar:3.4.3]
	at org.springframework.boot.test.context.SpringBootContextLoader.loadContext(SpringBootContextLoader.java:137) ~[spring-boot-test-3.4.3.jar:3.4.3]
	at org.springframework.boot.test.context.SpringBootContextLoader.loadContext(SpringBootContextLoader.java:108) ~[spring-boot-test-3.4.3.jar:3.4.3]
	at org.springframework.test.context.cache.DefaultCacheAwareContextLoaderDelegate.loadContextInternal(DefaultCacheAwareContextLoaderDelegate.java:225) ~[spring-test-6.2.3.jar:6.2.3]
	at org.springframework.test.context.cache.DefaultCacheAwareContextLoaderDelegate.loadContext(DefaultCacheAwareContextLoaderDelegate.java:152) ~[spring-test-6.2.3.jar:6.2.3]
	at org.springframework.test.context.support.DefaultTestContext.getApplicationContext(DefaultTestContext.java:130) ~[spring-test-6.2.3.jar:6.2.3]
	at org.springframework.test.context.web.ServletTestExecutionListener.setUpRequestContextIfNecessary(ServletTestExecutionListener.java:200) ~[spring-test-6.2.3.jar:6.2.3]
	at org.springframework.test.context.web.ServletTestExecutionListener.prepareTestInstance(ServletTestExecutionListener.java:139) ~[spring-test-6.2.3.jar:6.2.3]
	at org.springframework.test.context.TestContextManager.prepareTestInstance(TestContextManager.java:260) ~[spring-test-6.2.3.jar:6.2.3]
	at org.springframework.test.context.junit.jupiter.SpringExtension.postProcessTestInstance(SpringExtension.java:160) ~[spring-test-6.2.3.jar:6.2.3]
	at org.junit.jupiter.engine.descriptor.ClassBasedTestDescriptor.lambda$invokeTestInstancePostProcessors$11(ClassBasedTestDescriptor.java:378) ~[junit-jupiter-engine-5.11.4.jar:5.11.4]
	at org.junit.jupiter.engine.descriptor.ClassBasedTestDescriptor.executeAndMaskThrowable(ClassBasedTestDescriptor.java:383) ~[junit-jupiter-engine-5.11.4.jar:5.11.4]
	at org.junit.jupiter.engine.descriptor.ClassBasedTestDescriptor.lambda$invokeTestInstancePostProcessors$12(ClassBasedTestDescriptor.java:378) ~[junit-jupiter-engine-5.11.4.jar:5.11.4]
	at java.base/java.util.stream.ForEachOps$ForEachOp$OfRef.accept(ForEachOps.java:183) ~[?:?]
	at java.base/java.util.stream.ReferencePipeline$3$1.accept(ReferencePipeline.java:197) ~[?:?]
	at java.base/java.util.stream.ReferencePipeline$2$1.accept(ReferencePipeline.java:179) ~[?:?]
	at java.base/java.util.stream.ReferencePipeline$3$1.accept(ReferencePipeline.java:197) ~[?:?]
	at java.base/java.util.ArrayList$ArrayListSpliterator.forEachRemaining(ArrayList.java:1625) ~[?:?]
	at java.base/java.util.stream.AbstractPipeline.copyInto(AbstractPipeline.java:509) ~[?:?]
	at java.base/java.util.stream.AbstractPipeline.wrapAndCopyInto(AbstractPipeline.java:499) ~[?:?]
	at java.base/java.util.stream.ForEachOps$ForEachOp.evaluateSequential(ForEachOps.java:150) ~[?:?]
	at java.base/java.util.stream.ForEachOps$ForEachOp$OfRef.evaluateSequential(ForEachOps.java:173) ~[?:?]
	at java.base/java.util.stream.AbstractPipeline.evaluate(AbstractPipeline.java:234) ~[?:?]
	at java.base/java.util.stream.ReferencePipeline.forEach(ReferencePipeline.java:596) ~[?:?]
	at org.junit.jupiter.engine.descriptor.ClassBasedTestDescriptor.invokeTestInstancePostProcessors(ClassBasedTestDescriptor.java:377) ~[junit-jupiter-engine-5.11.4.jar:5.11.4]
	at org.junit.jupiter.engine.descriptor.ClassBasedTestDescriptor.lambda$instantiateAndPostProcessTestInstance$7(ClassBasedTestDescriptor.java:290) ~[junit-jupiter-engine-5.11.4.jar:5.11.4]
	at org.junit.platform.engine.support.hierarchical.ThrowableCollector.execute(ThrowableCollector.java:73) ~[junit-platform-engine-1.11.4.jar:1.11.4]
	at org.junit.jupiter.engine.descriptor.ClassBasedTestDescriptor.instantiateAndPostProcessTestInstance(ClassBasedTestDescriptor.java:289) ~[junit-jupiter-engine-5.11.4.jar:5.11.4]
	at org.junit.jupiter.engine.descriptor.ClassBasedTestDescriptor.lambda$testInstancesProvider$5(ClassBasedTestDescriptor.java:279) ~[junit-jupiter-engine-5.11.4.jar:5.11.4]
	at java.base/java.util.Optional.orElseGet(Optional.java:364) ~[?:?]
	at org.junit.jupiter.engine.descriptor.ClassBasedTestDescriptor.lambda$testInstancesProvider$6(ClassBasedTestDescriptor.java:278) ~[junit-jupiter-engine-5.11.4.jar:5.11.4]
	at org.junit.jupiter.engine.execution.TestInstancesProvider.getTestInstances(TestInstancesProvider.java:31) ~[junit-jupiter-engine-5.11.4.jar:5.11.4]
	at org.junit.jupiter.engine.descriptor.TestMethodTestDescriptor.lambda$prepare$1(TestMethodTestDescriptor.java:105) ~[junit-jupiter-engine-5.11.4.jar:5.11.4]
	at org.junit.platform.engine.support.hierarchical.ThrowableCollector.execute(ThrowableCollector.java:73) ~[junit-platform-engine-1.11.4.jar:1.11.4]
	at org.junit.jupiter.engine.descriptor.TestMethodTestDescriptor.prepare(TestMethodTestDescriptor.java:104) ~[junit-jupiter-engine-5.11.4.jar:5.11.4]
	at org.junit.jupiter.engine.descriptor.TestMethodTestDescriptor.prepare(TestMethodTestDescriptor.java:68) ~[junit-jupiter-engine-5.11.4.jar:5.11.4]
	at org.junit.platform.engine.support.hierarchical.NodeTestTask.lambda$prepare$2(NodeTestTask.java:128) ~[junit-platform-engine-1.11.4.jar:1.11.4]
	at org.junit.platform.engine.support.hierarchical.ThrowableCollector.execute(ThrowableCollector.java:73) ~[junit-platform-engine-1.11.4.jar:1.11.4]
	at org.junit.platform.engine.support.hierarchical.NodeTestTask.prepare(NodeTestTask.java:128) ~[junit-platform-engine-1.11.4.jar:1.11.4]
	at org.junit.platform.engine.support.hierarchical.NodeTestTask.execute(NodeTestTask.java:95) ~[junit-platform-engine-1.11.4.jar:1.11.4]
	at java.base/java.util.ArrayList.forEach(ArrayList.java:1511) ~[?:?]
	at org.junit.platform.engine.support.hierarchical.SameThreadHierarchicalTestExecutorService.invokeAll(SameThreadHierarchicalTestExecutorService.java:41) ~[junit-platform-engine-1.11.4.jar:1.11.4]
	at org.junit.platform.engine.support.hierarchical.NodeTestTask.lambda$executeRecursively$6(NodeTestTask.java:160) ~[junit-platform-engine-1.11.4.jar:1.11.4]
	at org.junit.platform.engine.support.hierarchical.ThrowableCollector.execute(ThrowableCollector.java:73) ~[junit-platform-engine-1.11.4.jar:1.11.4]
	at org.junit.platform.engine.support.hierarchical.NodeTestTask.lambda$executeRecursively$8(NodeTestTask.java:146) ~[junit-platform-engine-1.11.4.jar:1.11.4]
	at org.junit.platform.engine.support.hierarchical.Node.around(Node.java:137) ~[junit-platform-engine-1.11.4.jar:1.11.4]
	at org.junit.platform.engine.support.hierarchical.NodeTestTask.lambda$executeRecursively$9(NodeTestTask.java:144) ~[junit-platform-engine-1.11.4.jar:1.11.4]
	at org.junit.platform.engine.support.hierarchical.ThrowableCollector.execute(ThrowableCollector.java:73) ~[junit-platform-engine-1.11.4.jar:1.11.4]
	at org.junit.platform.engine.support.hierarchical.NodeTestTask.executeRecursively(NodeTestTask.java:143) ~[junit-platform-engine-1.11.4.jar:1.11.4]
	at org.junit.platform.engine.support.hierarchical.NodeTestTask.execute(NodeTestTask.java:100) ~[junit-platform-engine-1.11.4.jar:1.11.4]
	at java.base/java.util.ArrayList.forEach(ArrayList.java:1511) ~[?:?]
	at org.junit.platform.engine.support.hierarchical.SameThreadHierarchicalTestExecutorService.invokeAll(SameThreadHierarchicalTestExecutorService.java:41) ~[junit-platform-engine-1.11.4.jar:1.11.4]
	at org.junit.platform.engine.support.hierarchical.NodeTestTask.lambda$executeRecursively$6(NodeTestTask.java:160) ~[junit-platform-engine-1.11.4.jar:1.11.4]
	at org.junit.platform.engine.support.hierarchical.ThrowableCollector.execute(ThrowableCollector.java:73) ~[junit-platform-engine-1.11.4.jar:1.11.4]
	at org.junit.platform.engine.support.hierarchical.NodeTestTask.lambda$executeRecursively$8(NodeTestTask.java:146) ~[junit-platform-engine-1.11.4.jar:1.11.4]
	at org.junit.platform.engine.support.hierarchical.Node.around(Node.java:137) ~[junit-platform-engine-1.11.4.jar:1.11.4]
	at org.junit.platform.engine.support.hierarchical.NodeTestTask.lambda$executeRecursively$9(NodeTestTask.java:144) ~[junit-platform-engine-1.11.4.jar:1.11.4]
	at org.junit.platform.engine.support.hierarchical.ThrowableCollector.execute(ThrowableCollector.java:73) ~[junit-platform-engine-1.11.4.jar:1.11.4]
	at org.junit.platform.engine.support.hierarchical.NodeTestTask.executeRecursively(NodeTestTask.java:143) ~[junit-platform-engine-1.11.4.jar:1.11.4]
	at org.junit.platform.engine.support.hierarchical.NodeTestTask.execute(NodeTestTask.java:100) ~[junit-platform-engine-1.11.4.jar:1.11.4]
	at org.junit.platform.engine.support.hierarchical.SameThreadHierarchicalTestExecutorService.submit(SameThreadHierarchicalTestExecutorService.java:35) ~[junit-platform-engine-1.11.4.jar:1.11.4]
	at org.junit.platform.engine.support.hierarchical.HierarchicalTestExecutor.execute(HierarchicalTestExecutor.java:57) ~[junit-platform-engine-1.11.4.jar:1.11.4]
	at org.junit.platform.engine.support.hierarchical.HierarchicalTestEngine.execute(HierarchicalTestEngine.java:54) ~[junit-platform-engine-1.11.4.jar:1.11.4]
	at org.junit.platform.launcher.core.EngineExecutionOrchestrator.execute(EngineExecutionOrchestrator.java:198) ~[junit-platform-launcher-1.11.4.jar:1.11.4]
	at org.junit.platform.launcher.core.EngineExecutionOrchestrator.execute(EngineExecutionOrchestrator.java:169) ~[junit-platform-launcher-1.11.4.jar:1.11.4]
	at org.junit.platform.launcher.core.EngineExecutionOrchestrator.execute(EngineExecutionOrchestrator.java:93) ~[junit-platform-launcher-1.11.4.jar:1.11.4]
	at org.junit.platform.launcher.core.EngineExecutionOrchestrator.lambda$execute$0(EngineExecutionOrchestrator.java:58) ~[junit-platform-launcher-1.11.4.jar:1.11.4]
	at org.junit.platform.launcher.core.EngineExecutionOrchestrator.withInterceptedStreams(EngineExecutionOrchestrator.java:141) [junit-platform-launcher-1.11.4.jar:1.11.4]
	at org.junit.platform.launcher.core.EngineExecutionOrchestrator.execute(EngineExecutionOrchestrator.java:57) [junit-platform-launcher-1.11.4.jar:1.11.4]
	at org.junit.platform.launcher.core.DefaultLauncher.execute(DefaultLauncher.java:103) [junit-platform-launcher-1.11.4.jar:1.11.4]
	at org.junit.platform.launcher.core.DefaultLauncher.execute(DefaultLauncher.java:85) [junit-platform-launcher-1.11.4.jar:1.11.4]
	at org.junit.platform.launcher.core.DelegatingLauncher.execute(DelegatingLauncher.java:47) [junit-platform-launcher-1.11.4.jar:1.11.4]
	at org.apache.maven.surefire.junitplatform.LazyLauncher.execute(LazyLauncher.java:56) [surefire-junit-platform-3.5.2.jar:3.5.2]
	at org.apache.maven.surefire.junitplatform.JUnitPlatformProvider.execute(JUnitPlatformProvider.java:184) [surefire-junit-platform-3.5.2.jar:3.5.2]
	at org.apache.maven.surefire.junitplatform.JUnitPlatformProvider.invokeAllTests(JUnitPlatformProvider.java:148) [surefire-junit-platform-3.5.2.jar:3.5.2]
	at org.apache.maven.surefire.junitplatform.JUnitPlatformProvider.invoke(JUnitPlatformProvider.java:122) [surefire-junit-platform-3.5.2.jar:3.5.2]
	at org.apache.maven.surefire.booter.ForkedBooter.runSuitesInProcess(ForkedBooter.java:385) [surefire-booter-3.5.2.jar:3.5.2]
	at org.apache.maven.surefire.booter.ForkedBooter.execute(ForkedBooter.java:162) [surefire-booter-3.5.2.jar:3.5.2]
	at org.apache.maven.surefire.booter.ForkedBooter.run(ForkedBooter.java:507) [surefire-booter-3.5.2.jar:3.5.2]
	at org.apache.maven.surefire.booter.ForkedBooter.main(ForkedBooter.java:495) [surefire-booter-3.5.2.jar:3.5.2]
2025-07-31 16:26:39.932 [main] DEBUG org.springframework.data.jpa.repository.query.NamedQuery - Did not find named query Gym.getGymById
2025-07-31 16:26:39.932 [main] DEBUG org.springframework.orm.jpa.SharedEntityManagerCreator$SharedEntityManagerInvocationHandler - Creating new EntityManager for shared EntityManager invocation
2025-07-31 16:26:39.935 [main] DEBUG org.hibernate.resource.transaction.backend.jdbc.internal.JdbcResourceLocalTransactionCoordinatorImpl - JDBC transaction marked for rollback-only (exception provided for stack trace)
java.lang.Exception: exception just for purpose of providing stack trace
	at org.hibernate.resource.transaction.backend.jdbc.internal.JdbcResourceLocalTransactionCoordinatorImpl$TransactionDriverControlImpl.markRollbackOnly(JdbcResourceLocalTransactionCoordinatorImpl.java:309) ~[hibernate-core-6.6.8.Final.jar:6.6.8.Final]
	at org.hibernate.internal.AbstractSharedSessionContract.buildNamedQuery(AbstractSharedSessionContract.java:1141) ~[hibernate-core-6.6.8.Final.jar:6.6.8.Final]
	at org.hibernate.internal.AbstractSharedSessionContract.createNamedQuery(AbstractSharedSessionContract.java:1019) ~[hibernate-core-6.6.8.Final.jar:6.6.8.Final]
	at org.hibernate.internal.AbstractSharedSessionContract.createNamedQuery(AbstractSharedSessionContract.java:143) ~[hibernate-core-6.6.8.Final.jar:6.6.8.Final]
	at java.base/jdk.internal.reflect.NativeMethodAccessorImpl.invoke0(Native Method) ~[?:?]
	at java.base/jdk.internal.reflect.NativeMethodAccessorImpl.invoke(NativeMethodAccessorImpl.java:77) ~[?:?]
	at java.base/jdk.internal.reflect.DelegatingMethodAccessorImpl.invoke(DelegatingMethodAccessorImpl.java:43) ~[?:?]
	at java.base/java.lang.reflect.Method.invoke(Method.java:569) ~[?:?]
	at org.springframework.orm.jpa.ExtendedEntityManagerCreator$ExtendedEntityManagerInvocationHandler.invoke(ExtendedEntityManagerCreator.java:364) ~[spring-orm-6.2.3.jar:6.2.3]
	at jdk.proxy2/jdk.proxy2.$Proxy236.createNamedQuery(Unknown Source) ~[?:?]
	at org.springframework.data.jpa.repository.query.NamedQuery.hasNamedQuery(NamedQuery.java:114) ~[spring-data-jpa-3.4.3.jar:3.4.3]
	at org.springframework.data.jpa.repository.query.JpaQueryLookupStrategy$DeclaredQueryLookupStrategy.getCountQuery(JpaQueryLookupStrategy.java:208) ~[spring-data-jpa-3.4.3.jar:3.4.3]
	at org.springframework.data.jpa.repository.query.JpaQueryLookupStrategy$DeclaredQueryLookupStrategy.resolveQuery(JpaQueryLookupStrategy.java:175) ~[spring-data-jpa-3.4.3.jar:3.4.3]
	at org.springframework.data.jpa.repository.query.JpaQueryLookupStrategy$CreateIfNotFoundQueryLookupStrategy.resolveQuery(JpaQueryLookupStrategy.java:256) ~[spring-data-jpa-3.4.3.jar:3.4.3]
	at org.springframework.data.jpa.repository.query.JpaQueryLookupStrategy$AbstractQueryLookupStrategy.resolveQuery(JpaQueryLookupStrategy.java:99) ~[spring-data-jpa-3.4.3.jar:3.4.3]
	at org.springframework.data.repository.core.support.QueryExecutorMethodInterceptor.lookupQuery(QueryExecutorMethodInterceptor.java:116) ~[spring-data-commons-3.4.3.jar:3.4.3]
	at org.springframework.data.repository.core.support.QueryExecutorMethodInterceptor.mapMethodsToQuery(QueryExecutorMethodInterceptor.java:104) ~[spring-data-commons-3.4.3.jar:3.4.3]
	at org.springframework.data.repository.core.support.QueryExecutorMethodInterceptor.lambda$new$0(QueryExecutorMethodInterceptor.java:92) ~[spring-data-commons-3.4.3.jar:3.4.3]
	at java.base/java.util.Optional.map(Optional.java:260) ~[?:?]
	at org.springframework.data.repository.core.support.QueryExecutorMethodInterceptor.<init>(QueryExecutorMethodInterceptor.java:92) ~[spring-data-commons-3.4.3.jar:3.4.3]
	at org.springframework.data.repository.core.support.RepositoryFactorySupport.getRepository(RepositoryFactorySupport.java:440) ~[spring-data-commons-3.4.3.jar:3.4.3]
	at org.springframework.data.repository.core.support.RepositoryFactoryBeanSupport.lambda$afterPropertiesSet$4(RepositoryFactoryBeanSupport.java:350) ~[spring-data-commons-3.4.3.jar:3.4.3]
	at org.springframework.data.util.Lazy.getNullable(Lazy.java:135) ~[spring-data-commons-3.4.3.jar:3.4.3]
	at org.springframework.data.util.Lazy.get(Lazy.java:113) ~[spring-data-commons-3.4.3.jar:3.4.3]
	at org.springframework.data.repository.core.support.RepositoryFactoryBeanSupport.afterPropertiesSet(RepositoryFactoryBeanSupport.java:356) ~[spring-data-commons-3.4.3.jar:3.4.3]
	at org.springframework.data.jpa.repository.support.JpaRepositoryFactoryBean.afterPropertiesSet(JpaRepositoryFactoryBean.java:132) ~[spring-data-jpa-3.4.3.jar:3.4.3]
	at org.springframework.beans.factory.support.AbstractAutowireCapableBeanFactory.invokeInitMethods(AbstractAutowireCapableBeanFactory.java:1859) ~[spring-beans-6.2.3.jar:6.2.3]
	at org.springframework.beans.factory.support.AbstractAutowireCapableBeanFactory.initializeBean(AbstractAutowireCapableBeanFactory.java:1808) ~[spring-beans-6.2.3.jar:6.2.3]
	at org.springframework.beans.factory.support.AbstractAutowireCapableBeanFactory.doCreateBean(AbstractAutowireCapableBeanFactory.java:601) ~[spring-beans-6.2.3.jar:6.2.3]
	at org.springframework.beans.factory.support.AbstractAutowireCapableBeanFactory.createBean(AbstractAutowireCapableBeanFactory.java:523) ~[spring-beans-6.2.3.jar:6.2.3]
	at org.springframework.beans.factory.support.AbstractBeanFactory.lambda$doGetBean$0(AbstractBeanFactory.java:339) ~[spring-beans-6.2.3.jar:6.2.3]
	at org.springframework.beans.factory.support.DefaultSingletonBeanRegistry.getSingleton(DefaultSingletonBeanRegistry.java:346) ~[spring-beans-6.2.3.jar:6.2.3]
	at org.springframework.beans.factory.support.AbstractBeanFactory.doGetBean(AbstractBeanFactory.java:337) ~[spring-beans-6.2.3.jar:6.2.3]
	at org.springframework.beans.factory.support.AbstractBeanFactory.getBean(AbstractBeanFactory.java:202) ~[spring-beans-6.2.3.jar:6.2.3]
	at org.springframework.beans.factory.support.DefaultListableBeanFactory.doResolveDependency(DefaultListableBeanFactory.java:1606) ~[spring-beans-6.2.3.jar:6.2.3]
	at org.springframework.beans.factory.support.DefaultListableBeanFactory.resolveDependency(DefaultListableBeanFactory.java:1552) ~[spring-beans-6.2.3.jar:6.2.3]
	at org.springframework.beans.factory.support.ConstructorResolver.resolveAutowiredArgument(ConstructorResolver.java:913) ~[spring-beans-6.2.3.jar:6.2.3]
	at org.springframework.beans.factory.support.ConstructorResolver.createArgumentArray(ConstructorResolver.java:791) ~[spring-beans-6.2.3.jar:6.2.3]
	at org.springframework.beans.factory.support.ConstructorResolver.autowireConstructor(ConstructorResolver.java:240) ~[spring-beans-6.2.3.jar:6.2.3]
	at org.springframework.beans.factory.support.AbstractAutowireCapableBeanFactory.autowireConstructor(AbstractAutowireCapableBeanFactory.java:1381) ~[spring-beans-6.2.3.jar:6.2.3]
	at org.springframework.beans.factory.support.AbstractAutowireCapableBeanFactory.createBeanInstance(AbstractAutowireCapableBeanFactory.java:1218) ~[spring-beans-6.2.3.jar:6.2.3]
	at org.springframework.beans.factory.support.AbstractAutowireCapableBeanFactory.doCreateBean(AbstractAutowireCapableBeanFactory.java:563) ~[spring-beans-6.2.3.jar:6.2.3]
	at org.springframework.beans.factory.support.AbstractAutowireCapableBeanFactory.createBean(AbstractAutowireCapableBeanFactory.java:523) ~[spring-beans-6.2.3.jar:6.2.3]
	at org.springframework.beans.factory.support.AbstractBeanFactory.lambda$doGetBean$0(AbstractBeanFactory.java:339) ~[spring-beans-6.2.3.jar:6.2.3]
	at org.springframework.beans.factory.support.DefaultSingletonBeanRegistry.getSingleton(DefaultSingletonBeanRegistry.java:346) ~[spring-beans-6.2.3.jar:6.2.3]
	at org.springframework.beans.factory.support.AbstractBeanFactory.doGetBean(AbstractBeanFactory.java:337) ~[spring-beans-6.2.3.jar:6.2.3]
	at org.springframework.beans.factory.support.AbstractBeanFactory.getBean(AbstractBeanFactory.java:202) ~[spring-beans-6.2.3.jar:6.2.3]
	at org.springframework.beans.factory.config.DependencyDescriptor.resolveCandidate(DependencyDescriptor.java:254) ~[spring-beans-6.2.3.jar:6.2.3]
	at org.springframework.beans.factory.support.DefaultListableBeanFactory.doResolveDependency(DefaultListableBeanFactory.java:1664) ~[spring-beans-6.2.3.jar:6.2.3]
	at org.springframework.beans.factory.support.DefaultListableBeanFactory.resolveDependency(DefaultListableBeanFactory.java:1552) ~[spring-beans-6.2.3.jar:6.2.3]
	at org.springframework.beans.factory.support.ConstructorResolver.resolveAutowiredArgument(ConstructorResolver.java:913) ~[spring-beans-6.2.3.jar:6.2.3]
	at org.springframework.beans.factory.support.ConstructorResolver.createArgumentArray(ConstructorResolver.java:791) ~[spring-beans-6.2.3.jar:6.2.3]
	at org.springframework.beans.factory.support.ConstructorResolver.autowireConstructor(ConstructorResolver.java:240) ~[spring-beans-6.2.3.jar:6.2.3]
	at org.springframework.beans.factory.support.AbstractAutowireCapableBeanFactory.autowireConstructor(AbstractAutowireCapableBeanFactory.java:1381) ~[spring-beans-6.2.3.jar:6.2.3]
	at org.springframework.beans.factory.support.AbstractAutowireCapableBeanFactory.createBeanInstance(AbstractAutowireCapableBeanFactory.java:1218) ~[spring-beans-6.2.3.jar:6.2.3]
	at org.springframework.beans.factory.support.AbstractAutowireCapableBeanFactory.doCreateBean(AbstractAutowireCapableBeanFactory.java:563) ~[spring-beans-6.2.3.jar:6.2.3]
	at org.springframework.beans.factory.support.AbstractAutowireCapableBeanFactory.createBean(AbstractAutowireCapableBeanFactory.java:523) ~[spring-beans-6.2.3.jar:6.2.3]
	at org.springframework.beans.factory.support.AbstractBeanFactory.lambda$doGetBean$0(AbstractBeanFactory.java:339) ~[spring-beans-6.2.3.jar:6.2.3]
	at org.springframework.beans.factory.support.DefaultSingletonBeanRegistry.getSingleton(DefaultSingletonBeanRegistry.java:346) ~[spring-beans-6.2.3.jar:6.2.3]
	at org.springframework.beans.factory.support.AbstractBeanFactory.doGetBean(AbstractBeanFactory.java:337) ~[spring-beans-6.2.3.jar:6.2.3]
	at org.springframework.beans.factory.support.AbstractBeanFactory.getBean(AbstractBeanFactory.java:202) ~[spring-beans-6.2.3.jar:6.2.3]
	at org.springframework.beans.factory.support.DefaultListableBeanFactory.instantiateSingleton(DefaultListableBeanFactory.java:1155) ~[spring-beans-6.2.3.jar:6.2.3]
	at org.springframework.beans.factory.support.DefaultListableBeanFactory.preInstantiateSingleton(DefaultListableBeanFactory.java:1121) ~[spring-beans-6.2.3.jar:6.2.3]
	at org.springframework.beans.factory.support.DefaultListableBeanFactory.preInstantiateSingletons(DefaultListableBeanFactory.java:1056) ~[spring-beans-6.2.3.jar:6.2.3]
	at org.springframework.context.support.AbstractApplicationContext.finishBeanFactoryInitialization(AbstractApplicationContext.java:987) ~[spring-context-6.2.3.jar:6.2.3]
	at org.springframework.context.support.AbstractApplicationContext.refresh(AbstractApplicationContext.java:627) ~[spring-context-6.2.3.jar:6.2.3]
	at org.springframework.boot.SpringApplication.refresh(SpringApplication.java:752) ~[spring-boot-3.4.3.jar:3.4.3]
	at org.springframework.boot.SpringApplication.refreshContext(SpringApplication.java:439) ~[spring-boot-3.4.3.jar:3.4.3]
	at org.springframework.boot.SpringApplication.run(SpringApplication.java:318) ~[spring-boot-3.4.3.jar:3.4.3]
	at org.springframework.boot.test.context.SpringBootContextLoader.lambda$loadContext$3(SpringBootContextLoader.java:137) ~[spring-boot-test-3.4.3.jar:3.4.3]
	at org.springframework.util.function.ThrowingSupplier.get(ThrowingSupplier.java:58) ~[spring-core-6.2.3.jar:6.2.3]
	at org.springframework.util.function.ThrowingSupplier.get(ThrowingSupplier.java:46) ~[spring-core-6.2.3.jar:6.2.3]
	at org.springframework.boot.SpringApplication.withHook(SpringApplication.java:1461) ~[spring-boot-3.4.3.jar:3.4.3]
	at org.springframework.boot.test.context.SpringBootContextLoader$ContextLoaderHook.run(SpringBootContextLoader.java:553) ~[spring-boot-test-3.4.3.jar:3.4.3]
	at org.springframework.boot.test.context.SpringBootContextLoader.loadContext(SpringBootContextLoader.java:137) ~[spring-boot-test-3.4.3.jar:3.4.3]
	at org.springframework.boot.test.context.SpringBootContextLoader.loadContext(SpringBootContextLoader.java:108) ~[spring-boot-test-3.4.3.jar:3.4.3]
	at org.springframework.test.context.cache.DefaultCacheAwareContextLoaderDelegate.loadContextInternal(DefaultCacheAwareContextLoaderDelegate.java:225) ~[spring-test-6.2.3.jar:6.2.3]
	at org.springframework.test.context.cache.DefaultCacheAwareContextLoaderDelegate.loadContext(DefaultCacheAwareContextLoaderDelegate.java:152) ~[spring-test-6.2.3.jar:6.2.3]
	at org.springframework.test.context.support.DefaultTestContext.getApplicationContext(DefaultTestContext.java:130) ~[spring-test-6.2.3.jar:6.2.3]
	at org.springframework.test.context.web.ServletTestExecutionListener.setUpRequestContextIfNecessary(ServletTestExecutionListener.java:200) ~[spring-test-6.2.3.jar:6.2.3]
	at org.springframework.test.context.web.ServletTestExecutionListener.prepareTestInstance(ServletTestExecutionListener.java:139) ~[spring-test-6.2.3.jar:6.2.3]
	at org.springframework.test.context.TestContextManager.prepareTestInstance(TestContextManager.java:260) ~[spring-test-6.2.3.jar:6.2.3]
	at org.springframework.test.context.junit.jupiter.SpringExtension.postProcessTestInstance(SpringExtension.java:160) ~[spring-test-6.2.3.jar:6.2.3]
	at org.junit.jupiter.engine.descriptor.ClassBasedTestDescriptor.lambda$invokeTestInstancePostProcessors$11(ClassBasedTestDescriptor.java:378) ~[junit-jupiter-engine-5.11.4.jar:5.11.4]
	at org.junit.jupiter.engine.descriptor.ClassBasedTestDescriptor.executeAndMaskThrowable(ClassBasedTestDescriptor.java:383) ~[junit-jupiter-engine-5.11.4.jar:5.11.4]
	at org.junit.jupiter.engine.descriptor.ClassBasedTestDescriptor.lambda$invokeTestInstancePostProcessors$12(ClassBasedTestDescriptor.java:378) ~[junit-jupiter-engine-5.11.4.jar:5.11.4]
	at java.base/java.util.stream.ForEachOps$ForEachOp$OfRef.accept(ForEachOps.java:183) ~[?:?]
	at java.base/java.util.stream.ReferencePipeline$3$1.accept(ReferencePipeline.java:197) ~[?:?]
	at java.base/java.util.stream.ReferencePipeline$2$1.accept(ReferencePipeline.java:179) ~[?:?]
	at java.base/java.util.stream.ReferencePipeline$3$1.accept(ReferencePipeline.java:197) ~[?:?]
	at java.base/java.util.ArrayList$ArrayListSpliterator.forEachRemaining(ArrayList.java:1625) ~[?:?]
	at java.base/java.util.stream.AbstractPipeline.copyInto(AbstractPipeline.java:509) ~[?:?]
	at java.base/java.util.stream.AbstractPipeline.wrapAndCopyInto(AbstractPipeline.java:499) ~[?:?]
	at java.base/java.util.stream.ForEachOps$ForEachOp.evaluateSequential(ForEachOps.java:150) ~[?:?]
	at java.base/java.util.stream.ForEachOps$ForEachOp$OfRef.evaluateSequential(ForEachOps.java:173) ~[?:?]
	at java.base/java.util.stream.AbstractPipeline.evaluate(AbstractPipeline.java:234) ~[?:?]
	at java.base/java.util.stream.ReferencePipeline.forEach(ReferencePipeline.java:596) ~[?:?]
	at org.junit.jupiter.engine.descriptor.ClassBasedTestDescriptor.invokeTestInstancePostProcessors(ClassBasedTestDescriptor.java:377) ~[junit-jupiter-engine-5.11.4.jar:5.11.4]
	at org.junit.jupiter.engine.descriptor.ClassBasedTestDescriptor.lambda$instantiateAndPostProcessTestInstance$7(ClassBasedTestDescriptor.java:290) ~[junit-jupiter-engine-5.11.4.jar:5.11.4]
	at org.junit.platform.engine.support.hierarchical.ThrowableCollector.execute(ThrowableCollector.java:73) ~[junit-platform-engine-1.11.4.jar:1.11.4]
	at org.junit.jupiter.engine.descriptor.ClassBasedTestDescriptor.instantiateAndPostProcessTestInstance(ClassBasedTestDescriptor.java:289) ~[junit-jupiter-engine-5.11.4.jar:5.11.4]
	at org.junit.jupiter.engine.descriptor.ClassBasedTestDescriptor.lambda$testInstancesProvider$5(ClassBasedTestDescriptor.java:279) ~[junit-jupiter-engine-5.11.4.jar:5.11.4]
	at java.base/java.util.Optional.orElseGet(Optional.java:364) ~[?:?]
	at org.junit.jupiter.engine.descriptor.ClassBasedTestDescriptor.lambda$testInstancesProvider$6(ClassBasedTestDescriptor.java:278) ~[junit-jupiter-engine-5.11.4.jar:5.11.4]
	at org.junit.jupiter.engine.execution.TestInstancesProvider.getTestInstances(TestInstancesProvider.java:31) ~[junit-jupiter-engine-5.11.4.jar:5.11.4]
	at org.junit.jupiter.engine.descriptor.TestMethodTestDescriptor.lambda$prepare$1(TestMethodTestDescriptor.java:105) ~[junit-jupiter-engine-5.11.4.jar:5.11.4]
	at org.junit.platform.engine.support.hierarchical.ThrowableCollector.execute(ThrowableCollector.java:73) ~[junit-platform-engine-1.11.4.jar:1.11.4]
	at org.junit.jupiter.engine.descriptor.TestMethodTestDescriptor.prepare(TestMethodTestDescriptor.java:104) ~[junit-jupiter-engine-5.11.4.jar:5.11.4]
	at org.junit.jupiter.engine.descriptor.TestMethodTestDescriptor.prepare(TestMethodTestDescriptor.java:68) ~[junit-jupiter-engine-5.11.4.jar:5.11.4]
	at org.junit.platform.engine.support.hierarchical.NodeTestTask.lambda$prepare$2(NodeTestTask.java:128) ~[junit-platform-engine-1.11.4.jar:1.11.4]
	at org.junit.platform.engine.support.hierarchical.ThrowableCollector.execute(ThrowableCollector.java:73) ~[junit-platform-engine-1.11.4.jar:1.11.4]
	at org.junit.platform.engine.support.hierarchical.NodeTestTask.prepare(NodeTestTask.java:128) ~[junit-platform-engine-1.11.4.jar:1.11.4]
	at org.junit.platform.engine.support.hierarchical.NodeTestTask.execute(NodeTestTask.java:95) ~[junit-platform-engine-1.11.4.jar:1.11.4]
	at java.base/java.util.ArrayList.forEach(ArrayList.java:1511) ~[?:?]
	at org.junit.platform.engine.support.hierarchical.SameThreadHierarchicalTestExecutorService.invokeAll(SameThreadHierarchicalTestExecutorService.java:41) ~[junit-platform-engine-1.11.4.jar:1.11.4]
	at org.junit.platform.engine.support.hierarchical.NodeTestTask.lambda$executeRecursively$6(NodeTestTask.java:160) ~[junit-platform-engine-1.11.4.jar:1.11.4]
	at org.junit.platform.engine.support.hierarchical.ThrowableCollector.execute(ThrowableCollector.java:73) ~[junit-platform-engine-1.11.4.jar:1.11.4]
	at org.junit.platform.engine.support.hierarchical.NodeTestTask.lambda$executeRecursively$8(NodeTestTask.java:146) ~[junit-platform-engine-1.11.4.jar:1.11.4]
	at org.junit.platform.engine.support.hierarchical.Node.around(Node.java:137) ~[junit-platform-engine-1.11.4.jar:1.11.4]
	at org.junit.platform.engine.support.hierarchical.NodeTestTask.lambda$executeRecursively$9(NodeTestTask.java:144) ~[junit-platform-engine-1.11.4.jar:1.11.4]
	at org.junit.platform.engine.support.hierarchical.ThrowableCollector.execute(ThrowableCollector.java:73) ~[junit-platform-engine-1.11.4.jar:1.11.4]
	at org.junit.platform.engine.support.hierarchical.NodeTestTask.executeRecursively(NodeTestTask.java:143) ~[junit-platform-engine-1.11.4.jar:1.11.4]
	at org.junit.platform.engine.support.hierarchical.NodeTestTask.execute(NodeTestTask.java:100) ~[junit-platform-engine-1.11.4.jar:1.11.4]
	at java.base/java.util.ArrayList.forEach(ArrayList.java:1511) ~[?:?]
	at org.junit.platform.engine.support.hierarchical.SameThreadHierarchicalTestExecutorService.invokeAll(SameThreadHierarchicalTestExecutorService.java:41) ~[junit-platform-engine-1.11.4.jar:1.11.4]
	at org.junit.platform.engine.support.hierarchical.NodeTestTask.lambda$executeRecursively$6(NodeTestTask.java:160) ~[junit-platform-engine-1.11.4.jar:1.11.4]
	at org.junit.platform.engine.support.hierarchical.ThrowableCollector.execute(ThrowableCollector.java:73) ~[junit-platform-engine-1.11.4.jar:1.11.4]
	at org.junit.platform.engine.support.hierarchical.NodeTestTask.lambda$executeRecursively$8(NodeTestTask.java:146) ~[junit-platform-engine-1.11.4.jar:1.11.4]
	at org.junit.platform.engine.support.hierarchical.Node.around(Node.java:137) ~[junit-platform-engine-1.11.4.jar:1.11.4]
	at org.junit.platform.engine.support.hierarchical.NodeTestTask.lambda$executeRecursively$9(NodeTestTask.java:144) ~[junit-platform-engine-1.11.4.jar:1.11.4]
	at org.junit.platform.engine.support.hierarchical.ThrowableCollector.execute(ThrowableCollector.java:73) ~[junit-platform-engine-1.11.4.jar:1.11.4]
	at org.junit.platform.engine.support.hierarchical.NodeTestTask.executeRecursively(NodeTestTask.java:143) ~[junit-platform-engine-1.11.4.jar:1.11.4]
	at org.junit.platform.engine.support.hierarchical.NodeTestTask.execute(NodeTestTask.java:100) ~[junit-platform-engine-1.11.4.jar:1.11.4]
	at org.junit.platform.engine.support.hierarchical.SameThreadHierarchicalTestExecutorService.submit(SameThreadHierarchicalTestExecutorService.java:35) ~[junit-platform-engine-1.11.4.jar:1.11.4]
	at org.junit.platform.engine.support.hierarchical.HierarchicalTestExecutor.execute(HierarchicalTestExecutor.java:57) ~[junit-platform-engine-1.11.4.jar:1.11.4]
	at org.junit.platform.engine.support.hierarchical.HierarchicalTestEngine.execute(HierarchicalTestEngine.java:54) ~[junit-platform-engine-1.11.4.jar:1.11.4]
	at org.junit.platform.launcher.core.EngineExecutionOrchestrator.execute(EngineExecutionOrchestrator.java:198) ~[junit-platform-launcher-1.11.4.jar:1.11.4]
	at org.junit.platform.launcher.core.EngineExecutionOrchestrator.execute(EngineExecutionOrchestrator.java:169) ~[junit-platform-launcher-1.11.4.jar:1.11.4]
	at org.junit.platform.launcher.core.EngineExecutionOrchestrator.execute(EngineExecutionOrchestrator.java:93) ~[junit-platform-launcher-1.11.4.jar:1.11.4]
	at org.junit.platform.launcher.core.EngineExecutionOrchestrator.lambda$execute$0(EngineExecutionOrchestrator.java:58) ~[junit-platform-launcher-1.11.4.jar:1.11.4]
	at org.junit.platform.launcher.core.EngineExecutionOrchestrator.withInterceptedStreams(EngineExecutionOrchestrator.java:141) [junit-platform-launcher-1.11.4.jar:1.11.4]
	at org.junit.platform.launcher.core.EngineExecutionOrchestrator.execute(EngineExecutionOrchestrator.java:57) [junit-platform-launcher-1.11.4.jar:1.11.4]
	at org.junit.platform.launcher.core.DefaultLauncher.execute(DefaultLauncher.java:103) [junit-platform-launcher-1.11.4.jar:1.11.4]
	at org.junit.platform.launcher.core.DefaultLauncher.execute(DefaultLauncher.java:85) [junit-platform-launcher-1.11.4.jar:1.11.4]
	at org.junit.platform.launcher.core.DelegatingLauncher.execute(DelegatingLauncher.java:47) [junit-platform-launcher-1.11.4.jar:1.11.4]
	at org.apache.maven.surefire.junitplatform.LazyLauncher.execute(LazyLauncher.java:56) [surefire-junit-platform-3.5.2.jar:3.5.2]
	at org.apache.maven.surefire.junitplatform.JUnitPlatformProvider.execute(JUnitPlatformProvider.java:184) [surefire-junit-platform-3.5.2.jar:3.5.2]
	at org.apache.maven.surefire.junitplatform.JUnitPlatformProvider.invokeAllTests(JUnitPlatformProvider.java:148) [surefire-junit-platform-3.5.2.jar:3.5.2]
	at org.apache.maven.surefire.junitplatform.JUnitPlatformProvider.invoke(JUnitPlatformProvider.java:122) [surefire-junit-platform-3.5.2.jar:3.5.2]
	at org.apache.maven.surefire.booter.ForkedBooter.runSuitesInProcess(ForkedBooter.java:385) [surefire-booter-3.5.2.jar:3.5.2]
	at org.apache.maven.surefire.booter.ForkedBooter.execute(ForkedBooter.java:162) [surefire-booter-3.5.2.jar:3.5.2]
	at org.apache.maven.surefire.booter.ForkedBooter.run(ForkedBooter.java:507) [surefire-booter-3.5.2.jar:3.5.2]
	at org.apache.maven.surefire.booter.ForkedBooter.main(ForkedBooter.java:495) [surefire-booter-3.5.2.jar:3.5.2]
2025-07-31 16:26:39.939 [main] DEBUG org.springframework.data.jpa.repository.query.NamedQuery - Did not find named query Gym.findGymsByCriteria.count
2025-07-31 16:26:39.939 [main] DEBUG org.springframework.orm.jpa.SharedEntityManagerCreator$SharedEntityManagerInvocationHandler - Creating new EntityManager for shared EntityManager invocation
2025-07-31 16:26:39.993 [main] DEBUG org.hibernate.orm.query.hql - HQL : SELECT DISTINCT g FROM Gym g LEFT JOIN g.location a LEFT JOIN g.sports s LEFT JOIN g.trainers t WHERE (:name IS NULL OR (g.name) LIKE (CONCAT('%', CAST(:name AS string), '%'))) AND (:locationCountry IS NULL OR (a.country) LIKE (CONCAT('%', CAST(:locationCountry AS string), '%'))) AND (:locationCity IS NULL OR (a.city) LIKE (CONCAT('%', CAST(:locationCity AS string), '%'))) AND (:locationCityDistrict IS NULL OR (a.cityDistrict) LIKE (CONCAT('%', CAST(:locationCityDistrict AS string), '%'))) AND (:locationStreet IS NULL OR (a.street) LIKE (CONCAT('%', CAST(:locationStreet AS string), '%'))) AND (:locationHouse IS NULL OR (a.house) LIKE (CONCAT('%', CAST(:locationHouse AS string), '%'))) AND (:__$synthetic$__1 = true OR s.id IN :sportIds) AND (:__$synthetic$__2 = true OR t.id IN :trainerIds) AND (:overallRating IS NULL OR g.overallRating >= :overallRating)
2025-07-31 16:26:40.145 [main] DEBUG org.hibernate.orm.query.hql.reservedWordAsIdentifier - Encountered use of reserved word as identifier : IN
2025-07-31 16:26:40.145 [main] DEBUG org.hibernate.orm.query.hql.reservedWordAsIdentifier - Encountered use of reserved word as identifier : IN
2025-07-31 16:26:40.148 [main] DEBUG org.hibernate.orm.query.sqm.creation - Applying inferable type to SqmExpression [SqmNamedParameter(__$synthetic$__1)] : null -> basicType@7(java.lang.Boolean,16)
2025-07-31 16:26:40.148 [main] DEBUG org.hibernate.orm.query.sqm.creation - Applying inferable type to SqmExpression [SqmNamedParameter(sportIds)] : null -> SqmBasicValuedSimplePath(com.example.trainup.model.Gym(g).sports(s).{element}.id)
2025-07-31 16:26:40.149 [main] DEBUG org.hibernate.orm.query.sqm.creation - Applying inferable type to SqmExpression [SqmNamedParameter(__$synthetic$__2)] : null -> basicType@7(java.lang.Boolean,16)
2025-07-31 16:26:40.149 [main] DEBUG org.hibernate.orm.query.sqm.creation - Applying inferable type to SqmExpression [SqmNamedParameter(trainerIds)] : null -> SqmBasicValuedSimplePath(com.example.trainup.model.Gym(g).trainers(t).{element}.id)
2025-07-31 16:26:40.149 [main] DEBUG org.hibernate.orm.query.sqm.creation - Applying inferable type to SqmExpression [SqmNamedParameter(overallRating)] : null -> SqmBasicValuedSimplePath(com.example.trainup.model.Gym(g).overallRating)
2025-07-31 16:26:40.150 [main] DEBUG org.hibernate.orm.query.sqm.ast - SqmStatement Tree :
    -> [select]
      -> [query-spec]
        -> [select(distinct)]
          -> [selection]
            -> [root] - `com.example.trainup.model.Gym(g)`
              -> [joins]
                -> [attribute] - `com.example.trainup.model.Gym(g).location(a)`
                    [fetched = false]
                <- [attribute] - `com.example.trainup.model.Gym(g).location(a)`
                -> [attribute] - `com.example.trainup.model.Gym(g).sports(s)`
                    [fetched = false]
                <- [attribute] - `com.example.trainup.model.Gym(g).sports(s)`
                -> [attribute] - `com.example.trainup.model.Gym(g).trainers(t)`
                    [fetched = false]
                <- [attribute] - `com.example.trainup.model.Gym(g).trainers(t)`
              <- [joins]
            <- [root] - `com.example.trainup.model.Gym(g)`
          <- [selection]
        <- [select(distinct)]
        -> [from]
          -> [root] - `com.example.trainup.model.Gym(g)`
            -> [joins]
              -> [attribute] - `com.example.trainup.model.Gym(g).location(a)`
                  [fetched = false]
              <- [attribute] - `com.example.trainup.model.Gym(g).location(a)`
              -> [attribute] - `com.example.trainup.model.Gym(g).sports(s)`
                  [fetched = false]
              <- [attribute] - `com.example.trainup.model.Gym(g).sports(s)`
              -> [attribute] - `com.example.trainup.model.Gym(g).trainers(t)`
                  [fetched = false]
              <- [attribute] - `com.example.trainup.model.Gym(g).trainers(t)`
            <- [joins]
          <- [root] - `com.example.trainup.model.Gym(g)`
        <- [from]
        -> [where]
          -> [and]
            -> [grouped]
                -> [or]
                  -> [is-null]
                      :name
                  <- [is-null]
                  -> [is-like]
                    -> [basic-path] - `com.example.trainup.model.Gym(g).name`
                  <- [is-like]
                <- [or]
            <- [grouped]
            -> [grouped]
                -> [or]
                  -> [is-null]
                      :locationCountry
                  <- [is-null]
                  -> [is-like]
                    -> [basic-path] - `com.example.trainup.model.Gym(g).location(a).country`
                  <- [is-like]
                <- [or]
            <- [grouped]
            -> [grouped]
                -> [or]
                  -> [is-null]
                      :locationCity
                  <- [is-null]
                  -> [is-like]
                    -> [basic-path] - `com.example.trainup.model.Gym(g).location(a).city`
                  <- [is-like]
                <- [or]
            <- [grouped]
            -> [grouped]
                -> [or]
                  -> [is-null]
                      :locationCityDistrict
                  <- [is-null]
                  -> [is-like]
                    -> [basic-path] - `com.example.trainup.model.Gym(g).location(a).cityDistrict`
                  <- [is-like]
                <- [or]
            <- [grouped]
            -> [grouped]
                -> [or]
                  -> [is-null]
                      :locationStreet
                  <- [is-null]
                  -> [is-like]
                    -> [basic-path] - `com.example.trainup.model.Gym(g).location(a).street`
                  <- [is-like]
                <- [or]
            <- [grouped]
            -> [grouped]
                -> [or]
                  -> [is-null]
                      :locationHouse
                  <- [is-null]
                  -> [is-like]
                    -> [basic-path] - `com.example.trainup.model.Gym(g).location(a).house`
                  <- [is-like]
                <- [or]
            <- [grouped]
            -> [grouped]
                -> [or]
                  -> [EQUAL]
                      :__$synthetic$__1
                  <- [EQUAL]
                <- [or]
            <- [grouped]
            -> [grouped]
                -> [or]
                  -> [EQUAL]
                      :__$synthetic$__2
                  <- [EQUAL]
                <- [or]
            <- [grouped]
            -> [grouped]
                -> [or]
                  -> [is-null]
                      :overallRating
                  <- [is-null]
                  -> [GREATER_THAN_OR_EQUAL]
                      -> [basic-path] - `com.example.trainup.model.Gym(g).overallRating`
                      :overallRating
                  <- [GREATER_THAN_OR_EQUAL]
                <- [or]
            <- [grouped]
          <- [and]
        <- [where]
      <- [query-spec]
    <- [select]

2025-07-31 16:26:40.154 [main] DEBUG org.hibernate.orm.query.hql - HQL : SELECT count(DISTINCT g) FROM Gym g LEFT JOIN g.location a LEFT JOIN g.sports s LEFT JOIN g.trainers t WHERE (:name IS NULL OR (g.name) LIKE (CONCAT('%', CAST(:name AS string), '%'))) AND (:locationCountry IS NULL OR (a.country) LIKE (CONCAT('%', CAST(:locationCountry AS string), '%'))) AND (:locationCity IS NULL OR (a.city) LIKE (CONCAT('%', CAST(:locationCity AS string), '%'))) AND (:locationCityDistrict IS NULL OR (a.cityDistrict) LIKE (CONCAT('%', CAST(:locationCityDistrict AS string), '%'))) AND (:locationStreet IS NULL OR (a.street) LIKE (CONCAT('%', CAST(:locationStreet AS string), '%'))) AND (:locationHouse IS NULL OR (a.house) LIKE (CONCAT('%', CAST(:locationHouse AS string), '%'))) AND (:__$synthetic$__1 = true OR s.id IN :sportIds) AND (:__$synthetic$__2 = true OR t.id IN :trainerIds) AND (:overallRating IS NULL OR g.overallRating >= :overallRating)
2025-07-31 16:26:40.155 [main] DEBUG org.hibernate.orm.query.hql.reservedWordAsIdentifier - Encountered use of reserved word as identifier : (
2025-07-31 16:26:40.156 [main] DEBUG org.hibernate.orm.query.hql.reservedWordAsIdentifier - Encountered use of reserved word as identifier : IN
2025-07-31 16:26:40.156 [main] DEBUG org.hibernate.orm.query.hql.reservedWordAsIdentifier - Encountered use of reserved word as identifier : IN
2025-07-31 16:26:40.158 [main] DEBUG org.hibernate.orm.query.sqm.creation - Applying inferable type to SqmExpression [SqmNamedParameter(__$synthetic$__1)] : null -> basicType@7(java.lang.Boolean,16)
2025-07-31 16:26:40.158 [main] DEBUG org.hibernate.orm.query.sqm.creation - Applying inferable type to SqmExpression [SqmNamedParameter(sportIds)] : null -> SqmBasicValuedSimplePath(com.example.trainup.model.Gym(g).sports(s).{element}.id)
2025-07-31 16:26:40.158 [main] DEBUG org.hibernate.orm.query.sqm.creation - Applying inferable type to SqmExpression [SqmNamedParameter(__$synthetic$__2)] : null -> basicType@7(java.lang.Boolean,16)
2025-07-31 16:26:40.159 [main] DEBUG org.hibernate.orm.query.sqm.creation - Applying inferable type to SqmExpression [SqmNamedParameter(trainerIds)] : null -> SqmBasicValuedSimplePath(com.example.trainup.model.Gym(g).trainers(t).{element}.id)
2025-07-31 16:26:40.159 [main] DEBUG org.hibernate.orm.query.sqm.creation - Applying inferable type to SqmExpression [SqmNamedParameter(overallRating)] : null -> SqmBasicValuedSimplePath(com.example.trainup.model.Gym(g).overallRating)
2025-07-31 16:26:40.160 [main] DEBUG org.hibernate.orm.query.sqm.ast - SqmStatement Tree :
    -> [select]
      -> [query-spec]
        -> [select]
          -> [selection]
          <- [selection]
        <- [select]
        -> [from]
          -> [root] - `com.example.trainup.model.Gym(g)`
            -> [joins]
              -> [attribute] - `com.example.trainup.model.Gym(g).location(a)`
                  [fetched = false]
              <- [attribute] - `com.example.trainup.model.Gym(g).location(a)`
              -> [attribute] - `com.example.trainup.model.Gym(g).sports(s)`
                  [fetched = false]
              <- [attribute] - `com.example.trainup.model.Gym(g).sports(s)`
              -> [attribute] - `com.example.trainup.model.Gym(g).trainers(t)`
                  [fetched = false]
              <- [attribute] - `com.example.trainup.model.Gym(g).trainers(t)`
            <- [joins]
          <- [root] - `com.example.trainup.model.Gym(g)`
        <- [from]
        -> [where]
          -> [and]
            -> [grouped]
                -> [or]
                  -> [is-null]
                      :name
                  <- [is-null]
                  -> [is-like]
                    -> [basic-path] - `com.example.trainup.model.Gym(g).name`
                  <- [is-like]
                <- [or]
            <- [grouped]
            -> [grouped]
                -> [or]
                  -> [is-null]
                      :locationCountry
                  <- [is-null]
                  -> [is-like]
                    -> [basic-path] - `com.example.trainup.model.Gym(g).location(a).country`
                  <- [is-like]
                <- [or]
            <- [grouped]
            -> [grouped]
                -> [or]
                  -> [is-null]
                      :locationCity
                  <- [is-null]
                  -> [is-like]
                    -> [basic-path] - `com.example.trainup.model.Gym(g).location(a).city`
                  <- [is-like]
                <- [or]
            <- [grouped]
            -> [grouped]
                -> [or]
                  -> [is-null]
                      :locationCityDistrict
                  <- [is-null]
                  -> [is-like]
                    -> [basic-path] - `com.example.trainup.model.Gym(g).location(a).cityDistrict`
                  <- [is-like]
                <- [or]
            <- [grouped]
            -> [grouped]
                -> [or]
                  -> [is-null]
                      :locationStreet
                  <- [is-null]
                  -> [is-like]
                    -> [basic-path] - `com.example.trainup.model.Gym(g).location(a).street`
                  <- [is-like]
                <- [or]
            <- [grouped]
            -> [grouped]
                -> [or]
                  -> [is-null]
                      :locationHouse
                  <- [is-null]
                  -> [is-like]
                    -> [basic-path] - `com.example.trainup.model.Gym(g).location(a).house`
                  <- [is-like]
                <- [or]
            <- [grouped]
            -> [grouped]
                -> [or]
                  -> [EQUAL]
                      :__$synthetic$__1
                  <- [EQUAL]
                <- [or]
            <- [grouped]
            -> [grouped]
                -> [or]
                  -> [EQUAL]
                      :__$synthetic$__2
                  <- [EQUAL]
                <- [or]
            <- [grouped]
            -> [grouped]
                -> [or]
                  -> [is-null]
                      :overallRating
                  <- [is-null]
                  -> [GREATER_THAN_OR_EQUAL]
                      -> [basic-path] - `com.example.trainup.model.Gym(g).overallRating`
                      :overallRating
                  <- [GREATER_THAN_OR_EQUAL]
                <- [or]
            <- [grouped]
          <- [and]
        <- [where]
      <- [query-spec]
    <- [select]

2025-07-31 16:26:40.162 [main] DEBUG org.springframework.data.repository.core.support.RepositoryFactorySupport - Finished creation of repository instance for com.example.trainup.repository.GymRepository.
2025-07-31 16:26:40.193 [main] DEBUG org.springframework.beans.factory.support.DefaultListableBeanFactory - Creating shared instance of singleton bean 'addressRepository'
2025-07-31 16:26:40.196 [main] DEBUG org.springframework.beans.factory.support.DefaultListableBeanFactory - Creating shared instance of singleton bean 'jpa.named-queries#4'
2025-07-31 16:26:40.201 [main] DEBUG org.springframework.beans.factory.support.DefaultListableBeanFactory - Creating shared instance of singleton bean 'jpa.AddressRepository.fragments#0'
2025-07-31 16:26:40.205 [main] DEBUG org.springframework.orm.jpa.SharedEntityManagerCreator$SharedEntityManagerInvocationHandler - Creating new EntityManager for shared EntityManager invocation
2025-07-31 16:26:40.206 [main] DEBUG org.springframework.data.repository.core.support.RepositoryFactorySupport - Initializing repository instance for com.example.trainup.repository.AddressRepository…
2025-07-31 16:26:40.206 [main] DEBUG org.springframework.orm.jpa.SharedEntityManagerCreator$SharedEntityManagerInvocationHandler - Creating new EntityManager for shared EntityManager invocation
2025-07-31 16:26:40.208 [main] DEBUG org.springframework.data.jpa.repository.query.NamedQuery - Looking up named query 'Address.findByCountryAndCityAndStreetAndHouse'
2025-07-31 16:26:40.208 [main] DEBUG org.hibernate.resource.transaction.backend.jdbc.internal.JdbcResourceLocalTransactionCoordinatorImpl - JDBC transaction marked for rollback-only (exception provided for stack trace)
java.lang.Exception: exception just for purpose of providing stack trace
	at org.hibernate.resource.transaction.backend.jdbc.internal.JdbcResourceLocalTransactionCoordinatorImpl$TransactionDriverControlImpl.markRollbackOnly(JdbcResourceLocalTransactionCoordinatorImpl.java:309) ~[hibernate-core-6.6.8.Final.jar:6.6.8.Final]
	at org.hibernate.internal.AbstractSharedSessionContract.buildNamedQuery(AbstractSharedSessionContract.java:1141) ~[hibernate-core-6.6.8.Final.jar:6.6.8.Final]
	at org.hibernate.internal.AbstractSharedSessionContract.createNamedQuery(AbstractSharedSessionContract.java:1019) ~[hibernate-core-6.6.8.Final.jar:6.6.8.Final]
	at org.hibernate.internal.AbstractSharedSessionContract.createNamedQuery(AbstractSharedSessionContract.java:143) ~[hibernate-core-6.6.8.Final.jar:6.6.8.Final]
	at java.base/jdk.internal.reflect.NativeMethodAccessorImpl.invoke0(Native Method) ~[?:?]
	at java.base/jdk.internal.reflect.NativeMethodAccessorImpl.invoke(NativeMethodAccessorImpl.java:77) ~[?:?]
	at java.base/jdk.internal.reflect.DelegatingMethodAccessorImpl.invoke(DelegatingMethodAccessorImpl.java:43) ~[?:?]
	at java.base/java.lang.reflect.Method.invoke(Method.java:569) ~[?:?]
	at org.springframework.orm.jpa.ExtendedEntityManagerCreator$ExtendedEntityManagerInvocationHandler.invoke(ExtendedEntityManagerCreator.java:364) ~[spring-orm-6.2.3.jar:6.2.3]
	at jdk.proxy2/jdk.proxy2.$Proxy236.createNamedQuery(Unknown Source) ~[?:?]
	at org.springframework.data.jpa.repository.query.NamedQuery.hasNamedQuery(NamedQuery.java:114) ~[spring-data-jpa-3.4.3.jar:3.4.3]
	at org.springframework.data.jpa.repository.query.NamedQuery.lookupFrom(NamedQuery.java:140) ~[spring-data-jpa-3.4.3.jar:3.4.3]
	at org.springframework.data.jpa.repository.query.JpaQueryLookupStrategy$DeclaredQueryLookupStrategy.resolveQuery(JpaQueryLookupStrategy.java:184) ~[spring-data-jpa-3.4.3.jar:3.4.3]
	at org.springframework.data.jpa.repository.query.JpaQueryLookupStrategy$CreateIfNotFoundQueryLookupStrategy.resolveQuery(JpaQueryLookupStrategy.java:256) ~[spring-data-jpa-3.4.3.jar:3.4.3]
	at org.springframework.data.jpa.repository.query.JpaQueryLookupStrategy$AbstractQueryLookupStrategy.resolveQuery(JpaQueryLookupStrategy.java:99) ~[spring-data-jpa-3.4.3.jar:3.4.3]
	at org.springframework.data.repository.core.support.QueryExecutorMethodInterceptor.lookupQuery(QueryExecutorMethodInterceptor.java:116) ~[spring-data-commons-3.4.3.jar:3.4.3]
	at org.springframework.data.repository.core.support.QueryExecutorMethodInterceptor.mapMethodsToQuery(QueryExecutorMethodInterceptor.java:104) ~[spring-data-commons-3.4.3.jar:3.4.3]
	at org.springframework.data.repository.core.support.QueryExecutorMethodInterceptor.lambda$new$0(QueryExecutorMethodInterceptor.java:92) ~[spring-data-commons-3.4.3.jar:3.4.3]
	at java.base/java.util.Optional.map(Optional.java:260) ~[?:?]
	at org.springframework.data.repository.core.support.QueryExecutorMethodInterceptor.<init>(QueryExecutorMethodInterceptor.java:92) ~[spring-data-commons-3.4.3.jar:3.4.3]
	at org.springframework.data.repository.core.support.RepositoryFactorySupport.getRepository(RepositoryFactorySupport.java:440) ~[spring-data-commons-3.4.3.jar:3.4.3]
	at org.springframework.data.repository.core.support.RepositoryFactoryBeanSupport.lambda$afterPropertiesSet$4(RepositoryFactoryBeanSupport.java:350) ~[spring-data-commons-3.4.3.jar:3.4.3]
	at org.springframework.data.util.Lazy.getNullable(Lazy.java:135) ~[spring-data-commons-3.4.3.jar:3.4.3]
	at org.springframework.data.util.Lazy.get(Lazy.java:113) ~[spring-data-commons-3.4.3.jar:3.4.3]
	at org.springframework.data.repository.core.support.RepositoryFactoryBeanSupport.afterPropertiesSet(RepositoryFactoryBeanSupport.java:356) ~[spring-data-commons-3.4.3.jar:3.4.3]
	at org.springframework.data.jpa.repository.support.JpaRepositoryFactoryBean.afterPropertiesSet(JpaRepositoryFactoryBean.java:132) ~[spring-data-jpa-3.4.3.jar:3.4.3]
	at org.springframework.beans.factory.support.AbstractAutowireCapableBeanFactory.invokeInitMethods(AbstractAutowireCapableBeanFactory.java:1859) ~[spring-beans-6.2.3.jar:6.2.3]
	at org.springframework.beans.factory.support.AbstractAutowireCapableBeanFactory.initializeBean(AbstractAutowireCapableBeanFactory.java:1808) ~[spring-beans-6.2.3.jar:6.2.3]
	at org.springframework.beans.factory.support.AbstractAutowireCapableBeanFactory.doCreateBean(AbstractAutowireCapableBeanFactory.java:601) ~[spring-beans-6.2.3.jar:6.2.3]
	at org.springframework.beans.factory.support.AbstractAutowireCapableBeanFactory.createBean(AbstractAutowireCapableBeanFactory.java:523) ~[spring-beans-6.2.3.jar:6.2.3]
	at org.springframework.beans.factory.support.AbstractBeanFactory.lambda$doGetBean$0(AbstractBeanFactory.java:339) ~[spring-beans-6.2.3.jar:6.2.3]
	at org.springframework.beans.factory.support.DefaultSingletonBeanRegistry.getSingleton(DefaultSingletonBeanRegistry.java:346) ~[spring-beans-6.2.3.jar:6.2.3]
	at org.springframework.beans.factory.support.AbstractBeanFactory.doGetBean(AbstractBeanFactory.java:337) ~[spring-beans-6.2.3.jar:6.2.3]
	at org.springframework.beans.factory.support.AbstractBeanFactory.getBean(AbstractBeanFactory.java:202) ~[spring-beans-6.2.3.jar:6.2.3]
	at org.springframework.beans.factory.support.DefaultListableBeanFactory.doResolveDependency(DefaultListableBeanFactory.java:1606) ~[spring-beans-6.2.3.jar:6.2.3]
	at org.springframework.beans.factory.support.DefaultListableBeanFactory.resolveDependency(DefaultListableBeanFactory.java:1552) ~[spring-beans-6.2.3.jar:6.2.3]
	at org.springframework.beans.factory.support.ConstructorResolver.resolveAutowiredArgument(ConstructorResolver.java:913) ~[spring-beans-6.2.3.jar:6.2.3]
	at org.springframework.beans.factory.support.ConstructorResolver.createArgumentArray(ConstructorResolver.java:791) ~[spring-beans-6.2.3.jar:6.2.3]
	at org.springframework.beans.factory.support.ConstructorResolver.autowireConstructor(ConstructorResolver.java:240) ~[spring-beans-6.2.3.jar:6.2.3]
	at org.springframework.beans.factory.support.AbstractAutowireCapableBeanFactory.autowireConstructor(AbstractAutowireCapableBeanFactory.java:1381) ~[spring-beans-6.2.3.jar:6.2.3]
	at org.springframework.beans.factory.support.AbstractAutowireCapableBeanFactory.createBeanInstance(AbstractAutowireCapableBeanFactory.java:1218) ~[spring-beans-6.2.3.jar:6.2.3]
	at org.springframework.beans.factory.support.AbstractAutowireCapableBeanFactory.doCreateBean(AbstractAutowireCapableBeanFactory.java:563) ~[spring-beans-6.2.3.jar:6.2.3]
	at org.springframework.beans.factory.support.AbstractAutowireCapableBeanFactory.createBean(AbstractAutowireCapableBeanFactory.java:523) ~[spring-beans-6.2.3.jar:6.2.3]
	at org.springframework.beans.factory.support.AbstractBeanFactory.lambda$doGetBean$0(AbstractBeanFactory.java:339) ~[spring-beans-6.2.3.jar:6.2.3]
	at org.springframework.beans.factory.support.DefaultSingletonBeanRegistry.getSingleton(DefaultSingletonBeanRegistry.java:346) ~[spring-beans-6.2.3.jar:6.2.3]
	at org.springframework.beans.factory.support.AbstractBeanFactory.doGetBean(AbstractBeanFactory.java:337) ~[spring-beans-6.2.3.jar:6.2.3]
	at org.springframework.beans.factory.support.AbstractBeanFactory.getBean(AbstractBeanFactory.java:202) ~[spring-beans-6.2.3.jar:6.2.3]
	at org.springframework.beans.factory.config.DependencyDescriptor.resolveCandidate(DependencyDescriptor.java:254) ~[spring-beans-6.2.3.jar:6.2.3]
	at org.springframework.beans.factory.support.DefaultListableBeanFactory.doResolveDependency(DefaultListableBeanFactory.java:1664) ~[spring-beans-6.2.3.jar:6.2.3]
	at org.springframework.beans.factory.support.DefaultListableBeanFactory.resolveDependency(DefaultListableBeanFactory.java:1552) ~[spring-beans-6.2.3.jar:6.2.3]
	at org.springframework.beans.factory.support.ConstructorResolver.resolveAutowiredArgument(ConstructorResolver.java:913) ~[spring-beans-6.2.3.jar:6.2.3]
	at org.springframework.beans.factory.support.ConstructorResolver.createArgumentArray(ConstructorResolver.java:791) ~[spring-beans-6.2.3.jar:6.2.3]
	at org.springframework.beans.factory.support.ConstructorResolver.autowireConstructor(ConstructorResolver.java:240) ~[spring-beans-6.2.3.jar:6.2.3]
	at org.springframework.beans.factory.support.AbstractAutowireCapableBeanFactory.autowireConstructor(AbstractAutowireCapableBeanFactory.java:1381) ~[spring-beans-6.2.3.jar:6.2.3]
	at org.springframework.beans.factory.support.AbstractAutowireCapableBeanFactory.createBeanInstance(AbstractAutowireCapableBeanFactory.java:1218) ~[spring-beans-6.2.3.jar:6.2.3]
	at org.springframework.beans.factory.support.AbstractAutowireCapableBeanFactory.doCreateBean(AbstractAutowireCapableBeanFactory.java:563) ~[spring-beans-6.2.3.jar:6.2.3]
	at org.springframework.beans.factory.support.AbstractAutowireCapableBeanFactory.createBean(AbstractAutowireCapableBeanFactory.java:523) ~[spring-beans-6.2.3.jar:6.2.3]
	at org.springframework.beans.factory.support.AbstractBeanFactory.lambda$doGetBean$0(AbstractBeanFactory.java:339) ~[spring-beans-6.2.3.jar:6.2.3]
	at org.springframework.beans.factory.support.DefaultSingletonBeanRegistry.getSingleton(DefaultSingletonBeanRegistry.java:346) ~[spring-beans-6.2.3.jar:6.2.3]
	at org.springframework.beans.factory.support.AbstractBeanFactory.doGetBean(AbstractBeanFactory.java:337) ~[spring-beans-6.2.3.jar:6.2.3]
	at org.springframework.beans.factory.support.AbstractBeanFactory.getBean(AbstractBeanFactory.java:202) ~[spring-beans-6.2.3.jar:6.2.3]
	at org.springframework.beans.factory.support.DefaultListableBeanFactory.instantiateSingleton(DefaultListableBeanFactory.java:1155) ~[spring-beans-6.2.3.jar:6.2.3]
	at org.springframework.beans.factory.support.DefaultListableBeanFactory.preInstantiateSingleton(DefaultListableBeanFactory.java:1121) ~[spring-beans-6.2.3.jar:6.2.3]
	at org.springframework.beans.factory.support.DefaultListableBeanFactory.preInstantiateSingletons(DefaultListableBeanFactory.java:1056) ~[spring-beans-6.2.3.jar:6.2.3]
	at org.springframework.context.support.AbstractApplicationContext.finishBeanFactoryInitialization(AbstractApplicationContext.java:987) ~[spring-context-6.2.3.jar:6.2.3]
	at org.springframework.context.support.AbstractApplicationContext.refresh(AbstractApplicationContext.java:627) ~[spring-context-6.2.3.jar:6.2.3]
	at org.springframework.boot.SpringApplication.refresh(SpringApplication.java:752) ~[spring-boot-3.4.3.jar:3.4.3]
	at org.springframework.boot.SpringApplication.refreshContext(SpringApplication.java:439) ~[spring-boot-3.4.3.jar:3.4.3]
	at org.springframework.boot.SpringApplication.run(SpringApplication.java:318) ~[spring-boot-3.4.3.jar:3.4.3]
	at org.springframework.boot.test.context.SpringBootContextLoader.lambda$loadContext$3(SpringBootContextLoader.java:137) ~[spring-boot-test-3.4.3.jar:3.4.3]
	at org.springframework.util.function.ThrowingSupplier.get(ThrowingSupplier.java:58) ~[spring-core-6.2.3.jar:6.2.3]
	at org.springframework.util.function.ThrowingSupplier.get(ThrowingSupplier.java:46) ~[spring-core-6.2.3.jar:6.2.3]
	at org.springframework.boot.SpringApplication.withHook(SpringApplication.java:1461) ~[spring-boot-3.4.3.jar:3.4.3]
	at org.springframework.boot.test.context.SpringBootContextLoader$ContextLoaderHook.run(SpringBootContextLoader.java:553) ~[spring-boot-test-3.4.3.jar:3.4.3]
	at org.springframework.boot.test.context.SpringBootContextLoader.loadContext(SpringBootContextLoader.java:137) ~[spring-boot-test-3.4.3.jar:3.4.3]
	at org.springframework.boot.test.context.SpringBootContextLoader.loadContext(SpringBootContextLoader.java:108) ~[spring-boot-test-3.4.3.jar:3.4.3]
	at org.springframework.test.context.cache.DefaultCacheAwareContextLoaderDelegate.loadContextInternal(DefaultCacheAwareContextLoaderDelegate.java:225) ~[spring-test-6.2.3.jar:6.2.3]
	at org.springframework.test.context.cache.DefaultCacheAwareContextLoaderDelegate.loadContext(DefaultCacheAwareContextLoaderDelegate.java:152) ~[spring-test-6.2.3.jar:6.2.3]
	at org.springframework.test.context.support.DefaultTestContext.getApplicationContext(DefaultTestContext.java:130) ~[spring-test-6.2.3.jar:6.2.3]
	at org.springframework.test.context.web.ServletTestExecutionListener.setUpRequestContextIfNecessary(ServletTestExecutionListener.java:200) ~[spring-test-6.2.3.jar:6.2.3]
	at org.springframework.test.context.web.ServletTestExecutionListener.prepareTestInstance(ServletTestExecutionListener.java:139) ~[spring-test-6.2.3.jar:6.2.3]
	at org.springframework.test.context.TestContextManager.prepareTestInstance(TestContextManager.java:260) ~[spring-test-6.2.3.jar:6.2.3]
	at org.springframework.test.context.junit.jupiter.SpringExtension.postProcessTestInstance(SpringExtension.java:160) ~[spring-test-6.2.3.jar:6.2.3]
	at org.junit.jupiter.engine.descriptor.ClassBasedTestDescriptor.lambda$invokeTestInstancePostProcessors$11(ClassBasedTestDescriptor.java:378) ~[junit-jupiter-engine-5.11.4.jar:5.11.4]
	at org.junit.jupiter.engine.descriptor.ClassBasedTestDescriptor.executeAndMaskThrowable(ClassBasedTestDescriptor.java:383) ~[junit-jupiter-engine-5.11.4.jar:5.11.4]
	at org.junit.jupiter.engine.descriptor.ClassBasedTestDescriptor.lambda$invokeTestInstancePostProcessors$12(ClassBasedTestDescriptor.java:378) ~[junit-jupiter-engine-5.11.4.jar:5.11.4]
	at java.base/java.util.stream.ForEachOps$ForEachOp$OfRef.accept(ForEachOps.java:183) ~[?:?]
	at java.base/java.util.stream.ReferencePipeline$3$1.accept(ReferencePipeline.java:197) ~[?:?]
	at java.base/java.util.stream.ReferencePipeline$2$1.accept(ReferencePipeline.java:179) ~[?:?]
	at java.base/java.util.stream.ReferencePipeline$3$1.accept(ReferencePipeline.java:197) ~[?:?]
	at java.base/java.util.ArrayList$ArrayListSpliterator.forEachRemaining(ArrayList.java:1625) ~[?:?]
	at java.base/java.util.stream.AbstractPipeline.copyInto(AbstractPipeline.java:509) ~[?:?]
	at java.base/java.util.stream.AbstractPipeline.wrapAndCopyInto(AbstractPipeline.java:499) ~[?:?]
	at java.base/java.util.stream.ForEachOps$ForEachOp.evaluateSequential(ForEachOps.java:150) ~[?:?]
	at java.base/java.util.stream.ForEachOps$ForEachOp$OfRef.evaluateSequential(ForEachOps.java:173) ~[?:?]
	at java.base/java.util.stream.AbstractPipeline.evaluate(AbstractPipeline.java:234) ~[?:?]
	at java.base/java.util.stream.ReferencePipeline.forEach(ReferencePipeline.java:596) ~[?:?]
	at org.junit.jupiter.engine.descriptor.ClassBasedTestDescriptor.invokeTestInstancePostProcessors(ClassBasedTestDescriptor.java:377) ~[junit-jupiter-engine-5.11.4.jar:5.11.4]
	at org.junit.jupiter.engine.descriptor.ClassBasedTestDescriptor.lambda$instantiateAndPostProcessTestInstance$7(ClassBasedTestDescriptor.java:290) ~[junit-jupiter-engine-5.11.4.jar:5.11.4]
	at org.junit.platform.engine.support.hierarchical.ThrowableCollector.execute(ThrowableCollector.java:73) ~[junit-platform-engine-1.11.4.jar:1.11.4]
	at org.junit.jupiter.engine.descriptor.ClassBasedTestDescriptor.instantiateAndPostProcessTestInstance(ClassBasedTestDescriptor.java:289) ~[junit-jupiter-engine-5.11.4.jar:5.11.4]
	at org.junit.jupiter.engine.descriptor.ClassBasedTestDescriptor.lambda$testInstancesProvider$5(ClassBasedTestDescriptor.java:279) ~[junit-jupiter-engine-5.11.4.jar:5.11.4]
	at java.base/java.util.Optional.orElseGet(Optional.java:364) ~[?:?]
	at org.junit.jupiter.engine.descriptor.ClassBasedTestDescriptor.lambda$testInstancesProvider$6(ClassBasedTestDescriptor.java:278) ~[junit-jupiter-engine-5.11.4.jar:5.11.4]
	at org.junit.jupiter.engine.execution.TestInstancesProvider.getTestInstances(TestInstancesProvider.java:31) ~[junit-jupiter-engine-5.11.4.jar:5.11.4]
	at org.junit.jupiter.engine.descriptor.TestMethodTestDescriptor.lambda$prepare$1(TestMethodTestDescriptor.java:105) ~[junit-jupiter-engine-5.11.4.jar:5.11.4]
	at org.junit.platform.engine.support.hierarchical.ThrowableCollector.execute(ThrowableCollector.java:73) ~[junit-platform-engine-1.11.4.jar:1.11.4]
	at org.junit.jupiter.engine.descriptor.TestMethodTestDescriptor.prepare(TestMethodTestDescriptor.java:104) ~[junit-jupiter-engine-5.11.4.jar:5.11.4]
	at org.junit.jupiter.engine.descriptor.TestMethodTestDescriptor.prepare(TestMethodTestDescriptor.java:68) ~[junit-jupiter-engine-5.11.4.jar:5.11.4]
	at org.junit.platform.engine.support.hierarchical.NodeTestTask.lambda$prepare$2(NodeTestTask.java:128) ~[junit-platform-engine-1.11.4.jar:1.11.4]
	at org.junit.platform.engine.support.hierarchical.ThrowableCollector.execute(ThrowableCollector.java:73) ~[junit-platform-engine-1.11.4.jar:1.11.4]
	at org.junit.platform.engine.support.hierarchical.NodeTestTask.prepare(NodeTestTask.java:128) ~[junit-platform-engine-1.11.4.jar:1.11.4]
	at org.junit.platform.engine.support.hierarchical.NodeTestTask.execute(NodeTestTask.java:95) ~[junit-platform-engine-1.11.4.jar:1.11.4]
	at java.base/java.util.ArrayList.forEach(ArrayList.java:1511) ~[?:?]
	at org.junit.platform.engine.support.hierarchical.SameThreadHierarchicalTestExecutorService.invokeAll(SameThreadHierarchicalTestExecutorService.java:41) ~[junit-platform-engine-1.11.4.jar:1.11.4]
	at org.junit.platform.engine.support.hierarchical.NodeTestTask.lambda$executeRecursively$6(NodeTestTask.java:160) ~[junit-platform-engine-1.11.4.jar:1.11.4]
	at org.junit.platform.engine.support.hierarchical.ThrowableCollector.execute(ThrowableCollector.java:73) ~[junit-platform-engine-1.11.4.jar:1.11.4]
	at org.junit.platform.engine.support.hierarchical.NodeTestTask.lambda$executeRecursively$8(NodeTestTask.java:146) ~[junit-platform-engine-1.11.4.jar:1.11.4]
	at org.junit.platform.engine.support.hierarchical.Node.around(Node.java:137) ~[junit-platform-engine-1.11.4.jar:1.11.4]
	at org.junit.platform.engine.support.hierarchical.NodeTestTask.lambda$executeRecursively$9(NodeTestTask.java:144) ~[junit-platform-engine-1.11.4.jar:1.11.4]
	at org.junit.platform.engine.support.hierarchical.ThrowableCollector.execute(ThrowableCollector.java:73) ~[junit-platform-engine-1.11.4.jar:1.11.4]
	at org.junit.platform.engine.support.hierarchical.NodeTestTask.executeRecursively(NodeTestTask.java:143) ~[junit-platform-engine-1.11.4.jar:1.11.4]
	at org.junit.platform.engine.support.hierarchical.NodeTestTask.execute(NodeTestTask.java:100) ~[junit-platform-engine-1.11.4.jar:1.11.4]
	at java.base/java.util.ArrayList.forEach(ArrayList.java:1511) ~[?:?]
	at org.junit.platform.engine.support.hierarchical.SameThreadHierarchicalTestExecutorService.invokeAll(SameThreadHierarchicalTestExecutorService.java:41) ~[junit-platform-engine-1.11.4.jar:1.11.4]
	at org.junit.platform.engine.support.hierarchical.NodeTestTask.lambda$executeRecursively$6(NodeTestTask.java:160) ~[junit-platform-engine-1.11.4.jar:1.11.4]
	at org.junit.platform.engine.support.hierarchical.ThrowableCollector.execute(ThrowableCollector.java:73) ~[junit-platform-engine-1.11.4.jar:1.11.4]
	at org.junit.platform.engine.support.hierarchical.NodeTestTask.lambda$executeRecursively$8(NodeTestTask.java:146) ~[junit-platform-engine-1.11.4.jar:1.11.4]
	at org.junit.platform.engine.support.hierarchical.Node.around(Node.java:137) ~[junit-platform-engine-1.11.4.jar:1.11.4]
	at org.junit.platform.engine.support.hierarchical.NodeTestTask.lambda$executeRecursively$9(NodeTestTask.java:144) ~[junit-platform-engine-1.11.4.jar:1.11.4]
	at org.junit.platform.engine.support.hierarchical.ThrowableCollector.execute(ThrowableCollector.java:73) ~[junit-platform-engine-1.11.4.jar:1.11.4]
	at org.junit.platform.engine.support.hierarchical.NodeTestTask.executeRecursively(NodeTestTask.java:143) ~[junit-platform-engine-1.11.4.jar:1.11.4]
	at org.junit.platform.engine.support.hierarchical.NodeTestTask.execute(NodeTestTask.java:100) ~[junit-platform-engine-1.11.4.jar:1.11.4]
	at org.junit.platform.engine.support.hierarchical.SameThreadHierarchicalTestExecutorService.submit(SameThreadHierarchicalTestExecutorService.java:35) ~[junit-platform-engine-1.11.4.jar:1.11.4]
	at org.junit.platform.engine.support.hierarchical.HierarchicalTestExecutor.execute(HierarchicalTestExecutor.java:57) ~[junit-platform-engine-1.11.4.jar:1.11.4]
	at org.junit.platform.engine.support.hierarchical.HierarchicalTestEngine.execute(HierarchicalTestEngine.java:54) ~[junit-platform-engine-1.11.4.jar:1.11.4]
	at org.junit.platform.launcher.core.EngineExecutionOrchestrator.execute(EngineExecutionOrchestrator.java:198) ~[junit-platform-launcher-1.11.4.jar:1.11.4]
	at org.junit.platform.launcher.core.EngineExecutionOrchestrator.execute(EngineExecutionOrchestrator.java:169) ~[junit-platform-launcher-1.11.4.jar:1.11.4]
	at org.junit.platform.launcher.core.EngineExecutionOrchestrator.execute(EngineExecutionOrchestrator.java:93) ~[junit-platform-launcher-1.11.4.jar:1.11.4]
	at org.junit.platform.launcher.core.EngineExecutionOrchestrator.lambda$execute$0(EngineExecutionOrchestrator.java:58) ~[junit-platform-launcher-1.11.4.jar:1.11.4]
	at org.junit.platform.launcher.core.EngineExecutionOrchestrator.withInterceptedStreams(EngineExecutionOrchestrator.java:141) [junit-platform-launcher-1.11.4.jar:1.11.4]
	at org.junit.platform.launcher.core.EngineExecutionOrchestrator.execute(EngineExecutionOrchestrator.java:57) [junit-platform-launcher-1.11.4.jar:1.11.4]
	at org.junit.platform.launcher.core.DefaultLauncher.execute(DefaultLauncher.java:103) [junit-platform-launcher-1.11.4.jar:1.11.4]
	at org.junit.platform.launcher.core.DefaultLauncher.execute(DefaultLauncher.java:85) [junit-platform-launcher-1.11.4.jar:1.11.4]
	at org.junit.platform.launcher.core.DelegatingLauncher.execute(DelegatingLauncher.java:47) [junit-platform-launcher-1.11.4.jar:1.11.4]
	at org.apache.maven.surefire.junitplatform.LazyLauncher.execute(LazyLauncher.java:56) [surefire-junit-platform-3.5.2.jar:3.5.2]
	at org.apache.maven.surefire.junitplatform.JUnitPlatformProvider.execute(JUnitPlatformProvider.java:184) [surefire-junit-platform-3.5.2.jar:3.5.2]
	at org.apache.maven.surefire.junitplatform.JUnitPlatformProvider.invokeAllTests(JUnitPlatformProvider.java:148) [surefire-junit-platform-3.5.2.jar:3.5.2]
	at org.apache.maven.surefire.junitplatform.JUnitPlatformProvider.invoke(JUnitPlatformProvider.java:122) [surefire-junit-platform-3.5.2.jar:3.5.2]
	at org.apache.maven.surefire.booter.ForkedBooter.runSuitesInProcess(ForkedBooter.java:385) [surefire-booter-3.5.2.jar:3.5.2]
	at org.apache.maven.surefire.booter.ForkedBooter.execute(ForkedBooter.java:162) [surefire-booter-3.5.2.jar:3.5.2]
	at org.apache.maven.surefire.booter.ForkedBooter.run(ForkedBooter.java:507) [surefire-booter-3.5.2.jar:3.5.2]
	at org.apache.maven.surefire.booter.ForkedBooter.main(ForkedBooter.java:495) [surefire-booter-3.5.2.jar:3.5.2]
2025-07-31 16:26:40.209 [main] DEBUG org.springframework.data.jpa.repository.query.NamedQuery - Did not find named query Address.findByCountryAndCityAndStreetAndHouse
2025-07-31 16:26:40.210 [main] DEBUG org.springframework.orm.jpa.SharedEntityManagerCreator$SharedEntityManagerInvocationHandler - Creating new EntityManager for shared EntityManager invocation
2025-07-31 16:26:40.213 [main] DEBUG org.springframework.data.repository.core.support.RepositoryFactorySupport - Finished creation of repository instance for com.example.trainup.repository.AddressRepository.
2025-07-31 16:26:40.228 [main] DEBUG org.springframework.beans.factory.support.DefaultListableBeanFactory - Creating shared instance of singleton bean 'userCredentialService'
2025-07-31 16:26:40.228 [main] DEBUG org.springframework.beans.factory.support.DefaultListableBeanFactory - Creating shared instance of singleton bean 'roleRepository'
2025-07-31 16:26:40.231 [main] DEBUG org.springframework.beans.factory.support.DefaultListableBeanFactory - Creating shared instance of singleton bean 'jpa.named-queries#7'
2025-07-31 16:26:40.233 [main] DEBUG org.springframework.beans.factory.support.DefaultListableBeanFactory - Creating shared instance of singleton bean 'jpa.RoleRepository.fragments#0'
2025-07-31 16:26:40.234 [main] DEBUG org.springframework.orm.jpa.SharedEntityManagerCreator$SharedEntityManagerInvocationHandler - Creating new EntityManager for shared EntityManager invocation
2025-07-31 16:26:40.235 [main] DEBUG org.springframework.data.repository.core.support.RepositoryFactorySupport - Initializing repository instance for com.example.trainup.repository.RoleRepository…
2025-07-31 16:26:40.235 [main] DEBUG org.springframework.orm.jpa.SharedEntityManagerCreator$SharedEntityManagerInvocationHandler - Creating new EntityManager for shared EntityManager invocation
2025-07-31 16:26:40.237 [main] DEBUG org.springframework.data.jpa.repository.query.NamedQuery - Looking up named query 'Role.findByName'
2025-07-31 16:26:40.237 [main] DEBUG org.hibernate.resource.transaction.backend.jdbc.internal.JdbcResourceLocalTransactionCoordinatorImpl - JDBC transaction marked for rollback-only (exception provided for stack trace)
java.lang.Exception: exception just for purpose of providing stack trace
	at org.hibernate.resource.transaction.backend.jdbc.internal.JdbcResourceLocalTransactionCoordinatorImpl$TransactionDriverControlImpl.markRollbackOnly(JdbcResourceLocalTransactionCoordinatorImpl.java:309) ~[hibernate-core-6.6.8.Final.jar:6.6.8.Final]
	at org.hibernate.internal.AbstractSharedSessionContract.buildNamedQuery(AbstractSharedSessionContract.java:1141) ~[hibernate-core-6.6.8.Final.jar:6.6.8.Final]
	at org.hibernate.internal.AbstractSharedSessionContract.createNamedQuery(AbstractSharedSessionContract.java:1019) ~[hibernate-core-6.6.8.Final.jar:6.6.8.Final]
	at org.hibernate.internal.AbstractSharedSessionContract.createNamedQuery(AbstractSharedSessionContract.java:143) ~[hibernate-core-6.6.8.Final.jar:6.6.8.Final]
	at java.base/jdk.internal.reflect.NativeMethodAccessorImpl.invoke0(Native Method) ~[?:?]
	at java.base/jdk.internal.reflect.NativeMethodAccessorImpl.invoke(NativeMethodAccessorImpl.java:77) ~[?:?]
	at java.base/jdk.internal.reflect.DelegatingMethodAccessorImpl.invoke(DelegatingMethodAccessorImpl.java:43) ~[?:?]
	at java.base/java.lang.reflect.Method.invoke(Method.java:569) ~[?:?]
	at org.springframework.orm.jpa.ExtendedEntityManagerCreator$ExtendedEntityManagerInvocationHandler.invoke(ExtendedEntityManagerCreator.java:364) ~[spring-orm-6.2.3.jar:6.2.3]
	at jdk.proxy2/jdk.proxy2.$Proxy236.createNamedQuery(Unknown Source) ~[?:?]
	at org.springframework.data.jpa.repository.query.NamedQuery.hasNamedQuery(NamedQuery.java:114) ~[spring-data-jpa-3.4.3.jar:3.4.3]
	at org.springframework.data.jpa.repository.query.NamedQuery.lookupFrom(NamedQuery.java:140) ~[spring-data-jpa-3.4.3.jar:3.4.3]
	at org.springframework.data.jpa.repository.query.JpaQueryLookupStrategy$DeclaredQueryLookupStrategy.resolveQuery(JpaQueryLookupStrategy.java:184) ~[spring-data-jpa-3.4.3.jar:3.4.3]
	at org.springframework.data.jpa.repository.query.JpaQueryLookupStrategy$CreateIfNotFoundQueryLookupStrategy.resolveQuery(JpaQueryLookupStrategy.java:256) ~[spring-data-jpa-3.4.3.jar:3.4.3]
	at org.springframework.data.jpa.repository.query.JpaQueryLookupStrategy$AbstractQueryLookupStrategy.resolveQuery(JpaQueryLookupStrategy.java:99) ~[spring-data-jpa-3.4.3.jar:3.4.3]
	at org.springframework.data.repository.core.support.QueryExecutorMethodInterceptor.lookupQuery(QueryExecutorMethodInterceptor.java:116) ~[spring-data-commons-3.4.3.jar:3.4.3]
	at org.springframework.data.repository.core.support.QueryExecutorMethodInterceptor.mapMethodsToQuery(QueryExecutorMethodInterceptor.java:104) ~[spring-data-commons-3.4.3.jar:3.4.3]
	at org.springframework.data.repository.core.support.QueryExecutorMethodInterceptor.lambda$new$0(QueryExecutorMethodInterceptor.java:92) ~[spring-data-commons-3.4.3.jar:3.4.3]
	at java.base/java.util.Optional.map(Optional.java:260) ~[?:?]
	at org.springframework.data.repository.core.support.QueryExecutorMethodInterceptor.<init>(QueryExecutorMethodInterceptor.java:92) ~[spring-data-commons-3.4.3.jar:3.4.3]
	at org.springframework.data.repository.core.support.RepositoryFactorySupport.getRepository(RepositoryFactorySupport.java:440) ~[spring-data-commons-3.4.3.jar:3.4.3]
	at org.springframework.data.repository.core.support.RepositoryFactoryBeanSupport.lambda$afterPropertiesSet$4(RepositoryFactoryBeanSupport.java:350) ~[spring-data-commons-3.4.3.jar:3.4.3]
	at org.springframework.data.util.Lazy.getNullable(Lazy.java:135) ~[spring-data-commons-3.4.3.jar:3.4.3]
	at org.springframework.data.util.Lazy.get(Lazy.java:113) ~[spring-data-commons-3.4.3.jar:3.4.3]
	at org.springframework.data.repository.core.support.RepositoryFactoryBeanSupport.afterPropertiesSet(RepositoryFactoryBeanSupport.java:356) ~[spring-data-commons-3.4.3.jar:3.4.3]
	at org.springframework.data.jpa.repository.support.JpaRepositoryFactoryBean.afterPropertiesSet(JpaRepositoryFactoryBean.java:132) ~[spring-data-jpa-3.4.3.jar:3.4.3]
	at org.springframework.beans.factory.support.AbstractAutowireCapableBeanFactory.invokeInitMethods(AbstractAutowireCapableBeanFactory.java:1859) ~[spring-beans-6.2.3.jar:6.2.3]
	at org.springframework.beans.factory.support.AbstractAutowireCapableBeanFactory.initializeBean(AbstractAutowireCapableBeanFactory.java:1808) ~[spring-beans-6.2.3.jar:6.2.3]
	at org.springframework.beans.factory.support.AbstractAutowireCapableBeanFactory.doCreateBean(AbstractAutowireCapableBeanFactory.java:601) ~[spring-beans-6.2.3.jar:6.2.3]
	at org.springframework.beans.factory.support.AbstractAutowireCapableBeanFactory.createBean(AbstractAutowireCapableBeanFactory.java:523) ~[spring-beans-6.2.3.jar:6.2.3]
	at org.springframework.beans.factory.support.AbstractBeanFactory.lambda$doGetBean$0(AbstractBeanFactory.java:339) ~[spring-beans-6.2.3.jar:6.2.3]
	at org.springframework.beans.factory.support.DefaultSingletonBeanRegistry.getSingleton(DefaultSingletonBeanRegistry.java:346) ~[spring-beans-6.2.3.jar:6.2.3]
	at org.springframework.beans.factory.support.AbstractBeanFactory.doGetBean(AbstractBeanFactory.java:337) ~[spring-beans-6.2.3.jar:6.2.3]
	at org.springframework.beans.factory.support.AbstractBeanFactory.getBean(AbstractBeanFactory.java:202) ~[spring-beans-6.2.3.jar:6.2.3]
	at org.springframework.beans.factory.support.DefaultListableBeanFactory.doResolveDependency(DefaultListableBeanFactory.java:1606) ~[spring-beans-6.2.3.jar:6.2.3]
	at org.springframework.beans.factory.support.DefaultListableBeanFactory.resolveDependency(DefaultListableBeanFactory.java:1552) ~[spring-beans-6.2.3.jar:6.2.3]
	at org.springframework.beans.factory.support.ConstructorResolver.resolveAutowiredArgument(ConstructorResolver.java:913) ~[spring-beans-6.2.3.jar:6.2.3]
	at org.springframework.beans.factory.support.ConstructorResolver.createArgumentArray(ConstructorResolver.java:791) ~[spring-beans-6.2.3.jar:6.2.3]
	at org.springframework.beans.factory.support.ConstructorResolver.autowireConstructor(ConstructorResolver.java:240) ~[spring-beans-6.2.3.jar:6.2.3]
	at org.springframework.beans.factory.support.AbstractAutowireCapableBeanFactory.autowireConstructor(AbstractAutowireCapableBeanFactory.java:1381) ~[spring-beans-6.2.3.jar:6.2.3]
	at org.springframework.beans.factory.support.AbstractAutowireCapableBeanFactory.createBeanInstance(AbstractAutowireCapableBeanFactory.java:1218) ~[spring-beans-6.2.3.jar:6.2.3]
	at org.springframework.beans.factory.support.AbstractAutowireCapableBeanFactory.doCreateBean(AbstractAutowireCapableBeanFactory.java:563) ~[spring-beans-6.2.3.jar:6.2.3]
	at org.springframework.beans.factory.support.AbstractAutowireCapableBeanFactory.createBean(AbstractAutowireCapableBeanFactory.java:523) ~[spring-beans-6.2.3.jar:6.2.3]
	at org.springframework.beans.factory.support.AbstractBeanFactory.lambda$doGetBean$0(AbstractBeanFactory.java:339) ~[spring-beans-6.2.3.jar:6.2.3]
	at org.springframework.beans.factory.support.DefaultSingletonBeanRegistry.getSingleton(DefaultSingletonBeanRegistry.java:346) ~[spring-beans-6.2.3.jar:6.2.3]
	at org.springframework.beans.factory.support.AbstractBeanFactory.doGetBean(AbstractBeanFactory.java:337) ~[spring-beans-6.2.3.jar:6.2.3]
	at org.springframework.beans.factory.support.AbstractBeanFactory.getBean(AbstractBeanFactory.java:202) ~[spring-beans-6.2.3.jar:6.2.3]
	at org.springframework.beans.factory.support.DefaultListableBeanFactory.doResolveDependency(DefaultListableBeanFactory.java:1606) ~[spring-beans-6.2.3.jar:6.2.3]
	at org.springframework.beans.factory.support.DefaultListableBeanFactory.resolveDependency(DefaultListableBeanFactory.java:1552) ~[spring-beans-6.2.3.jar:6.2.3]
	at org.springframework.beans.factory.support.ConstructorResolver.resolveAutowiredArgument(ConstructorResolver.java:913) ~[spring-beans-6.2.3.jar:6.2.3]
	at org.springframework.beans.factory.support.ConstructorResolver.createArgumentArray(ConstructorResolver.java:791) ~[spring-beans-6.2.3.jar:6.2.3]
	at org.springframework.beans.factory.support.ConstructorResolver.autowireConstructor(ConstructorResolver.java:240) ~[spring-beans-6.2.3.jar:6.2.3]
	at org.springframework.beans.factory.support.AbstractAutowireCapableBeanFactory.autowireConstructor(AbstractAutowireCapableBeanFactory.java:1381) ~[spring-beans-6.2.3.jar:6.2.3]
	at org.springframework.beans.factory.support.AbstractAutowireCapableBeanFactory.createBeanInstance(AbstractAutowireCapableBeanFactory.java:1218) ~[spring-beans-6.2.3.jar:6.2.3]
	at org.springframework.beans.factory.support.AbstractAutowireCapableBeanFactory.doCreateBean(AbstractAutowireCapableBeanFactory.java:563) ~[spring-beans-6.2.3.jar:6.2.3]
	at org.springframework.beans.factory.support.AbstractAutowireCapableBeanFactory.createBean(AbstractAutowireCapableBeanFactory.java:523) ~[spring-beans-6.2.3.jar:6.2.3]
	at org.springframework.beans.factory.support.AbstractBeanFactory.lambda$doGetBean$0(AbstractBeanFactory.java:339) ~[spring-beans-6.2.3.jar:6.2.3]
	at org.springframework.beans.factory.support.DefaultSingletonBeanRegistry.getSingleton(DefaultSingletonBeanRegistry.java:346) ~[spring-beans-6.2.3.jar:6.2.3]
	at org.springframework.beans.factory.support.AbstractBeanFactory.doGetBean(AbstractBeanFactory.java:337) ~[spring-beans-6.2.3.jar:6.2.3]
	at org.springframework.beans.factory.support.AbstractBeanFactory.getBean(AbstractBeanFactory.java:202) ~[spring-beans-6.2.3.jar:6.2.3]
	at org.springframework.beans.factory.config.DependencyDescriptor.resolveCandidate(DependencyDescriptor.java:254) ~[spring-beans-6.2.3.jar:6.2.3]
	at org.springframework.beans.factory.support.DefaultListableBeanFactory.doResolveDependency(DefaultListableBeanFactory.java:1664) ~[spring-beans-6.2.3.jar:6.2.3]
	at org.springframework.beans.factory.support.DefaultListableBeanFactory.resolveDependency(DefaultListableBeanFactory.java:1552) ~[spring-beans-6.2.3.jar:6.2.3]
	at org.springframework.beans.factory.support.ConstructorResolver.resolveAutowiredArgument(ConstructorResolver.java:913) ~[spring-beans-6.2.3.jar:6.2.3]
	at org.springframework.beans.factory.support.ConstructorResolver.createArgumentArray(ConstructorResolver.java:791) ~[spring-beans-6.2.3.jar:6.2.3]
	at org.springframework.beans.factory.support.ConstructorResolver.autowireConstructor(ConstructorResolver.java:240) ~[spring-beans-6.2.3.jar:6.2.3]
	at org.springframework.beans.factory.support.AbstractAutowireCapableBeanFactory.autowireConstructor(AbstractAutowireCapableBeanFactory.java:1381) ~[spring-beans-6.2.3.jar:6.2.3]
	at org.springframework.beans.factory.support.AbstractAutowireCapableBeanFactory.createBeanInstance(AbstractAutowireCapableBeanFactory.java:1218) ~[spring-beans-6.2.3.jar:6.2.3]
	at org.springframework.beans.factory.support.AbstractAutowireCapableBeanFactory.doCreateBean(AbstractAutowireCapableBeanFactory.java:563) ~[spring-beans-6.2.3.jar:6.2.3]
	at org.springframework.beans.factory.support.AbstractAutowireCapableBeanFactory.createBean(AbstractAutowireCapableBeanFactory.java:523) ~[spring-beans-6.2.3.jar:6.2.3]
	at org.springframework.beans.factory.support.AbstractBeanFactory.lambda$doGetBean$0(AbstractBeanFactory.java:339) ~[spring-beans-6.2.3.jar:6.2.3]
	at org.springframework.beans.factory.support.DefaultSingletonBeanRegistry.getSingleton(DefaultSingletonBeanRegistry.java:346) ~[spring-beans-6.2.3.jar:6.2.3]
	at org.springframework.beans.factory.support.AbstractBeanFactory.doGetBean(AbstractBeanFactory.java:337) ~[spring-beans-6.2.3.jar:6.2.3]
	at org.springframework.beans.factory.support.AbstractBeanFactory.getBean(AbstractBeanFactory.java:202) ~[spring-beans-6.2.3.jar:6.2.3]
	at org.springframework.beans.factory.support.DefaultListableBeanFactory.instantiateSingleton(DefaultListableBeanFactory.java:1155) ~[spring-beans-6.2.3.jar:6.2.3]
	at org.springframework.beans.factory.support.DefaultListableBeanFactory.preInstantiateSingleton(DefaultListableBeanFactory.java:1121) ~[spring-beans-6.2.3.jar:6.2.3]
	at org.springframework.beans.factory.support.DefaultListableBeanFactory.preInstantiateSingletons(DefaultListableBeanFactory.java:1056) ~[spring-beans-6.2.3.jar:6.2.3]
	at org.springframework.context.support.AbstractApplicationContext.finishBeanFactoryInitialization(AbstractApplicationContext.java:987) ~[spring-context-6.2.3.jar:6.2.3]
	at org.springframework.context.support.AbstractApplicationContext.refresh(AbstractApplicationContext.java:627) ~[spring-context-6.2.3.jar:6.2.3]
	at org.springframework.boot.SpringApplication.refresh(SpringApplication.java:752) ~[spring-boot-3.4.3.jar:3.4.3]
	at org.springframework.boot.SpringApplication.refreshContext(SpringApplication.java:439) ~[spring-boot-3.4.3.jar:3.4.3]
	at org.springframework.boot.SpringApplication.run(SpringApplication.java:318) ~[spring-boot-3.4.3.jar:3.4.3]
	at org.springframework.boot.test.context.SpringBootContextLoader.lambda$loadContext$3(SpringBootContextLoader.java:137) ~[spring-boot-test-3.4.3.jar:3.4.3]
	at org.springframework.util.function.ThrowingSupplier.get(ThrowingSupplier.java:58) ~[spring-core-6.2.3.jar:6.2.3]
	at org.springframework.util.function.ThrowingSupplier.get(ThrowingSupplier.java:46) ~[spring-core-6.2.3.jar:6.2.3]
	at org.springframework.boot.SpringApplication.withHook(SpringApplication.java:1461) ~[spring-boot-3.4.3.jar:3.4.3]
	at org.springframework.boot.test.context.SpringBootContextLoader$ContextLoaderHook.run(SpringBootContextLoader.java:553) ~[spring-boot-test-3.4.3.jar:3.4.3]
	at org.springframework.boot.test.context.SpringBootContextLoader.loadContext(SpringBootContextLoader.java:137) ~[spring-boot-test-3.4.3.jar:3.4.3]
	at org.springframework.boot.test.context.SpringBootContextLoader.loadContext(SpringBootContextLoader.java:108) ~[spring-boot-test-3.4.3.jar:3.4.3]
	at org.springframework.test.context.cache.DefaultCacheAwareContextLoaderDelegate.loadContextInternal(DefaultCacheAwareContextLoaderDelegate.java:225) ~[spring-test-6.2.3.jar:6.2.3]
	at org.springframework.test.context.cache.DefaultCacheAwareContextLoaderDelegate.loadContext(DefaultCacheAwareContextLoaderDelegate.java:152) ~[spring-test-6.2.3.jar:6.2.3]
	at org.springframework.test.context.support.DefaultTestContext.getApplicationContext(DefaultTestContext.java:130) ~[spring-test-6.2.3.jar:6.2.3]
	at org.springframework.test.context.web.ServletTestExecutionListener.setUpRequestContextIfNecessary(ServletTestExecutionListener.java:200) ~[spring-test-6.2.3.jar:6.2.3]
	at org.springframework.test.context.web.ServletTestExecutionListener.prepareTestInstance(ServletTestExecutionListener.java:139) ~[spring-test-6.2.3.jar:6.2.3]
	at org.springframework.test.context.TestContextManager.prepareTestInstance(TestContextManager.java:260) ~[spring-test-6.2.3.jar:6.2.3]
	at org.springframework.test.context.junit.jupiter.SpringExtension.postProcessTestInstance(SpringExtension.java:160) ~[spring-test-6.2.3.jar:6.2.3]
	at org.junit.jupiter.engine.descriptor.ClassBasedTestDescriptor.lambda$invokeTestInstancePostProcessors$11(ClassBasedTestDescriptor.java:378) ~[junit-jupiter-engine-5.11.4.jar:5.11.4]
	at org.junit.jupiter.engine.descriptor.ClassBasedTestDescriptor.executeAndMaskThrowable(ClassBasedTestDescriptor.java:383) ~[junit-jupiter-engine-5.11.4.jar:5.11.4]
	at org.junit.jupiter.engine.descriptor.ClassBasedTestDescriptor.lambda$invokeTestInstancePostProcessors$12(ClassBasedTestDescriptor.java:378) ~[junit-jupiter-engine-5.11.4.jar:5.11.4]
	at java.base/java.util.stream.ForEachOps$ForEachOp$OfRef.accept(ForEachOps.java:183) ~[?:?]
	at java.base/java.util.stream.ReferencePipeline$3$1.accept(ReferencePipeline.java:197) ~[?:?]
	at java.base/java.util.stream.ReferencePipeline$2$1.accept(ReferencePipeline.java:179) ~[?:?]
	at java.base/java.util.stream.ReferencePipeline$3$1.accept(ReferencePipeline.java:197) ~[?:?]
	at java.base/java.util.ArrayList$ArrayListSpliterator.forEachRemaining(ArrayList.java:1625) ~[?:?]
	at java.base/java.util.stream.AbstractPipeline.copyInto(AbstractPipeline.java:509) ~[?:?]
	at java.base/java.util.stream.AbstractPipeline.wrapAndCopyInto(AbstractPipeline.java:499) ~[?:?]
	at java.base/java.util.stream.ForEachOps$ForEachOp.evaluateSequential(ForEachOps.java:150) ~[?:?]
	at java.base/java.util.stream.ForEachOps$ForEachOp$OfRef.evaluateSequential(ForEachOps.java:173) ~[?:?]
	at java.base/java.util.stream.AbstractPipeline.evaluate(AbstractPipeline.java:234) ~[?:?]
	at java.base/java.util.stream.ReferencePipeline.forEach(ReferencePipeline.java:596) ~[?:?]
	at org.junit.jupiter.engine.descriptor.ClassBasedTestDescriptor.invokeTestInstancePostProcessors(ClassBasedTestDescriptor.java:377) ~[junit-jupiter-engine-5.11.4.jar:5.11.4]
	at org.junit.jupiter.engine.descriptor.ClassBasedTestDescriptor.lambda$instantiateAndPostProcessTestInstance$7(ClassBasedTestDescriptor.java:290) ~[junit-jupiter-engine-5.11.4.jar:5.11.4]
	at org.junit.platform.engine.support.hierarchical.ThrowableCollector.execute(ThrowableCollector.java:73) ~[junit-platform-engine-1.11.4.jar:1.11.4]
	at org.junit.jupiter.engine.descriptor.ClassBasedTestDescriptor.instantiateAndPostProcessTestInstance(ClassBasedTestDescriptor.java:289) ~[junit-jupiter-engine-5.11.4.jar:5.11.4]
	at org.junit.jupiter.engine.descriptor.ClassBasedTestDescriptor.lambda$testInstancesProvider$5(ClassBasedTestDescriptor.java:279) ~[junit-jupiter-engine-5.11.4.jar:5.11.4]
	at java.base/java.util.Optional.orElseGet(Optional.java:364) ~[?:?]
	at org.junit.jupiter.engine.descriptor.ClassBasedTestDescriptor.lambda$testInstancesProvider$6(ClassBasedTestDescriptor.java:278) ~[junit-jupiter-engine-5.11.4.jar:5.11.4]
	at org.junit.jupiter.engine.execution.TestInstancesProvider.getTestInstances(TestInstancesProvider.java:31) ~[junit-jupiter-engine-5.11.4.jar:5.11.4]
	at org.junit.jupiter.engine.descriptor.TestMethodTestDescriptor.lambda$prepare$1(TestMethodTestDescriptor.java:105) ~[junit-jupiter-engine-5.11.4.jar:5.11.4]
	at org.junit.platform.engine.support.hierarchical.ThrowableCollector.execute(ThrowableCollector.java:73) ~[junit-platform-engine-1.11.4.jar:1.11.4]
	at org.junit.jupiter.engine.descriptor.TestMethodTestDescriptor.prepare(TestMethodTestDescriptor.java:104) ~[junit-jupiter-engine-5.11.4.jar:5.11.4]
	at org.junit.jupiter.engine.descriptor.TestMethodTestDescriptor.prepare(TestMethodTestDescriptor.java:68) ~[junit-jupiter-engine-5.11.4.jar:5.11.4]
	at org.junit.platform.engine.support.hierarchical.NodeTestTask.lambda$prepare$2(NodeTestTask.java:128) ~[junit-platform-engine-1.11.4.jar:1.11.4]
	at org.junit.platform.engine.support.hierarchical.ThrowableCollector.execute(ThrowableCollector.java:73) ~[junit-platform-engine-1.11.4.jar:1.11.4]
	at org.junit.platform.engine.support.hierarchical.NodeTestTask.prepare(NodeTestTask.java:128) ~[junit-platform-engine-1.11.4.jar:1.11.4]
	at org.junit.platform.engine.support.hierarchical.NodeTestTask.execute(NodeTestTask.java:95) ~[junit-platform-engine-1.11.4.jar:1.11.4]
	at java.base/java.util.ArrayList.forEach(ArrayList.java:1511) ~[?:?]
	at org.junit.platform.engine.support.hierarchical.SameThreadHierarchicalTestExecutorService.invokeAll(SameThreadHierarchicalTestExecutorService.java:41) ~[junit-platform-engine-1.11.4.jar:1.11.4]
	at org.junit.platform.engine.support.hierarchical.NodeTestTask.lambda$executeRecursively$6(NodeTestTask.java:160) ~[junit-platform-engine-1.11.4.jar:1.11.4]
	at org.junit.platform.engine.support.hierarchical.ThrowableCollector.execute(ThrowableCollector.java:73) ~[junit-platform-engine-1.11.4.jar:1.11.4]
	at org.junit.platform.engine.support.hierarchical.NodeTestTask.lambda$executeRecursively$8(NodeTestTask.java:146) ~[junit-platform-engine-1.11.4.jar:1.11.4]
	at org.junit.platform.engine.support.hierarchical.Node.around(Node.java:137) ~[junit-platform-engine-1.11.4.jar:1.11.4]
	at org.junit.platform.engine.support.hierarchical.NodeTestTask.lambda$executeRecursively$9(NodeTestTask.java:144) ~[junit-platform-engine-1.11.4.jar:1.11.4]
	at org.junit.platform.engine.support.hierarchical.ThrowableCollector.execute(ThrowableCollector.java:73) ~[junit-platform-engine-1.11.4.jar:1.11.4]
	at org.junit.platform.engine.support.hierarchical.NodeTestTask.executeRecursively(NodeTestTask.java:143) ~[junit-platform-engine-1.11.4.jar:1.11.4]
	at org.junit.platform.engine.support.hierarchical.NodeTestTask.execute(NodeTestTask.java:100) ~[junit-platform-engine-1.11.4.jar:1.11.4]
	at java.base/java.util.ArrayList.forEach(ArrayList.java:1511) ~[?:?]
	at org.junit.platform.engine.support.hierarchical.SameThreadHierarchicalTestExecutorService.invokeAll(SameThreadHierarchicalTestExecutorService.java:41) ~[junit-platform-engine-1.11.4.jar:1.11.4]
	at org.junit.platform.engine.support.hierarchical.NodeTestTask.lambda$executeRecursively$6(NodeTestTask.java:160) ~[junit-platform-engine-1.11.4.jar:1.11.4]
	at org.junit.platform.engine.support.hierarchical.ThrowableCollector.execute(ThrowableCollector.java:73) ~[junit-platform-engine-1.11.4.jar:1.11.4]
	at org.junit.platform.engine.support.hierarchical.NodeTestTask.lambda$executeRecursively$8(NodeTestTask.java:146) ~[junit-platform-engine-1.11.4.jar:1.11.4]
	at org.junit.platform.engine.support.hierarchical.Node.around(Node.java:137) ~[junit-platform-engine-1.11.4.jar:1.11.4]
	at org.junit.platform.engine.support.hierarchical.NodeTestTask.lambda$executeRecursively$9(NodeTestTask.java:144) ~[junit-platform-engine-1.11.4.jar:1.11.4]
	at org.junit.platform.engine.support.hierarchical.ThrowableCollector.execute(ThrowableCollector.java:73) ~[junit-platform-engine-1.11.4.jar:1.11.4]
	at org.junit.platform.engine.support.hierarchical.NodeTestTask.executeRecursively(NodeTestTask.java:143) ~[junit-platform-engine-1.11.4.jar:1.11.4]
	at org.junit.platform.engine.support.hierarchical.NodeTestTask.execute(NodeTestTask.java:100) ~[junit-platform-engine-1.11.4.jar:1.11.4]
	at org.junit.platform.engine.support.hierarchical.SameThreadHierarchicalTestExecutorService.submit(SameThreadHierarchicalTestExecutorService.java:35) ~[junit-platform-engine-1.11.4.jar:1.11.4]
	at org.junit.platform.engine.support.hierarchical.HierarchicalTestExecutor.execute(HierarchicalTestExecutor.java:57) ~[junit-platform-engine-1.11.4.jar:1.11.4]
	at org.junit.platform.engine.support.hierarchical.HierarchicalTestEngine.execute(HierarchicalTestEngine.java:54) ~[junit-platform-engine-1.11.4.jar:1.11.4]
	at org.junit.platform.launcher.core.EngineExecutionOrchestrator.execute(EngineExecutionOrchestrator.java:198) ~[junit-platform-launcher-1.11.4.jar:1.11.4]
	at org.junit.platform.launcher.core.EngineExecutionOrchestrator.execute(EngineExecutionOrchestrator.java:169) ~[junit-platform-launcher-1.11.4.jar:1.11.4]
	at org.junit.platform.launcher.core.EngineExecutionOrchestrator.execute(EngineExecutionOrchestrator.java:93) ~[junit-platform-launcher-1.11.4.jar:1.11.4]
	at org.junit.platform.launcher.core.EngineExecutionOrchestrator.lambda$execute$0(EngineExecutionOrchestrator.java:58) ~[junit-platform-launcher-1.11.4.jar:1.11.4]
	at org.junit.platform.launcher.core.EngineExecutionOrchestrator.withInterceptedStreams(EngineExecutionOrchestrator.java:141) [junit-platform-launcher-1.11.4.jar:1.11.4]
	at org.junit.platform.launcher.core.EngineExecutionOrchestrator.execute(EngineExecutionOrchestrator.java:57) [junit-platform-launcher-1.11.4.jar:1.11.4]
	at org.junit.platform.launcher.core.DefaultLauncher.execute(DefaultLauncher.java:103) [junit-platform-launcher-1.11.4.jar:1.11.4]
	at org.junit.platform.launcher.core.DefaultLauncher.execute(DefaultLauncher.java:85) [junit-platform-launcher-1.11.4.jar:1.11.4]
	at org.junit.platform.launcher.core.DelegatingLauncher.execute(DelegatingLauncher.java:47) [junit-platform-launcher-1.11.4.jar:1.11.4]
	at org.apache.maven.surefire.junitplatform.LazyLauncher.execute(LazyLauncher.java:56) [surefire-junit-platform-3.5.2.jar:3.5.2]
	at org.apache.maven.surefire.junitplatform.JUnitPlatformProvider.execute(JUnitPlatformProvider.java:184) [surefire-junit-platform-3.5.2.jar:3.5.2]
	at org.apache.maven.surefire.junitplatform.JUnitPlatformProvider.invokeAllTests(JUnitPlatformProvider.java:148) [surefire-junit-platform-3.5.2.jar:3.5.2]
	at org.apache.maven.surefire.junitplatform.JUnitPlatformProvider.invoke(JUnitPlatformProvider.java:122) [surefire-junit-platform-3.5.2.jar:3.5.2]
	at org.apache.maven.surefire.booter.ForkedBooter.runSuitesInProcess(ForkedBooter.java:385) [surefire-booter-3.5.2.jar:3.5.2]
	at org.apache.maven.surefire.booter.ForkedBooter.execute(ForkedBooter.java:162) [surefire-booter-3.5.2.jar:3.5.2]
	at org.apache.maven.surefire.booter.ForkedBooter.run(ForkedBooter.java:507) [surefire-booter-3.5.2.jar:3.5.2]
	at org.apache.maven.surefire.booter.ForkedBooter.main(ForkedBooter.java:495) [surefire-booter-3.5.2.jar:3.5.2]
2025-07-31 16:26:40.240 [main] DEBUG org.springframework.data.jpa.repository.query.NamedQuery - Did not find named query Role.findByName
2025-07-31 16:26:40.241 [main] DEBUG org.springframework.orm.jpa.SharedEntityManagerCreator$SharedEntityManagerInvocationHandler - Creating new EntityManager for shared EntityManager invocation
2025-07-31 16:26:40.244 [main] DEBUG org.springframework.data.repository.core.support.RepositoryFactorySupport - Finished creation of repository instance for com.example.trainup.repository.RoleRepository.
2025-07-31 16:26:40.264 [main] DEBUG org.springframework.beans.factory.support.DefaultListableBeanFactory - Autowiring by type from bean name 'userCredentialService' via constructor to bean named 'roleRepository'
2025-07-31 16:26:40.264 [main] DEBUG org.springframework.beans.factory.support.DefaultListableBeanFactory - Autowiring by type from bean name 'userCredentialService' via constructor to bean named 'userCredentialsRepository'
2025-07-31 16:26:40.288 [main] DEBUG org.springframework.beans.factory.support.DefaultListableBeanFactory - Creating shared instance of singleton bean 'currentUserService'
2025-07-31 16:26:40.288 [main] DEBUG org.springframework.beans.factory.support.DefaultListableBeanFactory - Creating shared instance of singleton bean 'gymOwnerRepository'
2025-07-31 16:26:40.291 [main] DEBUG org.springframework.beans.factory.support.DefaultListableBeanFactory - Creating shared instance of singleton bean 'jpa.named-queries#2'
2025-07-31 16:26:40.293 [main] DEBUG org.springframework.beans.factory.support.DefaultListableBeanFactory - Creating shared instance of singleton bean 'jpa.GymOwnerRepository.fragments#0'
2025-07-31 16:26:40.294 [main] DEBUG org.springframework.orm.jpa.SharedEntityManagerCreator$SharedEntityManagerInvocationHandler - Creating new EntityManager for shared EntityManager invocation
2025-07-31 16:26:40.295 [main] DEBUG org.springframework.data.repository.core.support.RepositoryFactorySupport - Initializing repository instance for com.example.trainup.repository.GymOwnerRepository…
2025-07-31 16:26:40.295 [main] DEBUG org.springframework.orm.jpa.SharedEntityManagerCreator$SharedEntityManagerInvocationHandler - Creating new EntityManager for shared EntityManager invocation
2025-07-31 16:26:40.298 [main] DEBUG org.springframework.data.jpa.repository.query.NamedQuery - Looking up named query 'GymOwner.findByUserCredentials'
2025-07-31 16:26:40.298 [main] DEBUG org.hibernate.resource.transaction.backend.jdbc.internal.JdbcResourceLocalTransactionCoordinatorImpl - JDBC transaction marked for rollback-only (exception provided for stack trace)
java.lang.Exception: exception just for purpose of providing stack trace
	at org.hibernate.resource.transaction.backend.jdbc.internal.JdbcResourceLocalTransactionCoordinatorImpl$TransactionDriverControlImpl.markRollbackOnly(JdbcResourceLocalTransactionCoordinatorImpl.java:309) ~[hibernate-core-6.6.8.Final.jar:6.6.8.Final]
	at org.hibernate.internal.AbstractSharedSessionContract.buildNamedQuery(AbstractSharedSessionContract.java:1141) ~[hibernate-core-6.6.8.Final.jar:6.6.8.Final]
	at org.hibernate.internal.AbstractSharedSessionContract.createNamedQuery(AbstractSharedSessionContract.java:1019) ~[hibernate-core-6.6.8.Final.jar:6.6.8.Final]
	at org.hibernate.internal.AbstractSharedSessionContract.createNamedQuery(AbstractSharedSessionContract.java:143) ~[hibernate-core-6.6.8.Final.jar:6.6.8.Final]
	at java.base/jdk.internal.reflect.NativeMethodAccessorImpl.invoke0(Native Method) ~[?:?]
	at java.base/jdk.internal.reflect.NativeMethodAccessorImpl.invoke(NativeMethodAccessorImpl.java:77) ~[?:?]
	at java.base/jdk.internal.reflect.DelegatingMethodAccessorImpl.invoke(DelegatingMethodAccessorImpl.java:43) ~[?:?]
	at java.base/java.lang.reflect.Method.invoke(Method.java:569) ~[?:?]
	at org.springframework.orm.jpa.ExtendedEntityManagerCreator$ExtendedEntityManagerInvocationHandler.invoke(ExtendedEntityManagerCreator.java:364) ~[spring-orm-6.2.3.jar:6.2.3]
	at jdk.proxy2/jdk.proxy2.$Proxy236.createNamedQuery(Unknown Source) ~[?:?]
	at org.springframework.data.jpa.repository.query.NamedQuery.hasNamedQuery(NamedQuery.java:114) ~[spring-data-jpa-3.4.3.jar:3.4.3]
	at org.springframework.data.jpa.repository.query.NamedQuery.lookupFrom(NamedQuery.java:140) ~[spring-data-jpa-3.4.3.jar:3.4.3]
	at org.springframework.data.jpa.repository.query.JpaQueryLookupStrategy$DeclaredQueryLookupStrategy.resolveQuery(JpaQueryLookupStrategy.java:184) ~[spring-data-jpa-3.4.3.jar:3.4.3]
	at org.springframework.data.jpa.repository.query.JpaQueryLookupStrategy$CreateIfNotFoundQueryLookupStrategy.resolveQuery(JpaQueryLookupStrategy.java:256) ~[spring-data-jpa-3.4.3.jar:3.4.3]
	at org.springframework.data.jpa.repository.query.JpaQueryLookupStrategy$AbstractQueryLookupStrategy.resolveQuery(JpaQueryLookupStrategy.java:99) ~[spring-data-jpa-3.4.3.jar:3.4.3]
	at org.springframework.data.repository.core.support.QueryExecutorMethodInterceptor.lookupQuery(QueryExecutorMethodInterceptor.java:116) ~[spring-data-commons-3.4.3.jar:3.4.3]
	at org.springframework.data.repository.core.support.QueryExecutorMethodInterceptor.mapMethodsToQuery(QueryExecutorMethodInterceptor.java:104) ~[spring-data-commons-3.4.3.jar:3.4.3]
	at org.springframework.data.repository.core.support.QueryExecutorMethodInterceptor.lambda$new$0(QueryExecutorMethodInterceptor.java:92) ~[spring-data-commons-3.4.3.jar:3.4.3]
	at java.base/java.util.Optional.map(Optional.java:260) ~[?:?]
	at org.springframework.data.repository.core.support.QueryExecutorMethodInterceptor.<init>(QueryExecutorMethodInterceptor.java:92) ~[spring-data-commons-3.4.3.jar:3.4.3]
	at org.springframework.data.repository.core.support.RepositoryFactorySupport.getRepository(RepositoryFactorySupport.java:440) ~[spring-data-commons-3.4.3.jar:3.4.3]
	at org.springframework.data.repository.core.support.RepositoryFactoryBeanSupport.lambda$afterPropertiesSet$4(RepositoryFactoryBeanSupport.java:350) ~[spring-data-commons-3.4.3.jar:3.4.3]
	at org.springframework.data.util.Lazy.getNullable(Lazy.java:135) ~[spring-data-commons-3.4.3.jar:3.4.3]
	at org.springframework.data.util.Lazy.get(Lazy.java:113) ~[spring-data-commons-3.4.3.jar:3.4.3]
	at org.springframework.data.repository.core.support.RepositoryFactoryBeanSupport.afterPropertiesSet(RepositoryFactoryBeanSupport.java:356) ~[spring-data-commons-3.4.3.jar:3.4.3]
	at org.springframework.data.jpa.repository.support.JpaRepositoryFactoryBean.afterPropertiesSet(JpaRepositoryFactoryBean.java:132) ~[spring-data-jpa-3.4.3.jar:3.4.3]
	at org.springframework.beans.factory.support.AbstractAutowireCapableBeanFactory.invokeInitMethods(AbstractAutowireCapableBeanFactory.java:1859) ~[spring-beans-6.2.3.jar:6.2.3]
	at org.springframework.beans.factory.support.AbstractAutowireCapableBeanFactory.initializeBean(AbstractAutowireCapableBeanFactory.java:1808) ~[spring-beans-6.2.3.jar:6.2.3]
	at org.springframework.beans.factory.support.AbstractAutowireCapableBeanFactory.doCreateBean(AbstractAutowireCapableBeanFactory.java:601) ~[spring-beans-6.2.3.jar:6.2.3]
	at org.springframework.beans.factory.support.AbstractAutowireCapableBeanFactory.createBean(AbstractAutowireCapableBeanFactory.java:523) ~[spring-beans-6.2.3.jar:6.2.3]
	at org.springframework.beans.factory.support.AbstractBeanFactory.lambda$doGetBean$0(AbstractBeanFactory.java:339) ~[spring-beans-6.2.3.jar:6.2.3]
	at org.springframework.beans.factory.support.DefaultSingletonBeanRegistry.getSingleton(DefaultSingletonBeanRegistry.java:346) ~[spring-beans-6.2.3.jar:6.2.3]
	at org.springframework.beans.factory.support.AbstractBeanFactory.doGetBean(AbstractBeanFactory.java:337) ~[spring-beans-6.2.3.jar:6.2.3]
	at org.springframework.beans.factory.support.AbstractBeanFactory.getBean(AbstractBeanFactory.java:202) ~[spring-beans-6.2.3.jar:6.2.3]
	at org.springframework.beans.factory.support.DefaultListableBeanFactory.doResolveDependency(DefaultListableBeanFactory.java:1606) ~[spring-beans-6.2.3.jar:6.2.3]
	at org.springframework.beans.factory.support.DefaultListableBeanFactory.resolveDependency(DefaultListableBeanFactory.java:1552) ~[spring-beans-6.2.3.jar:6.2.3]
	at org.springframework.beans.factory.support.ConstructorResolver.resolveAutowiredArgument(ConstructorResolver.java:913) ~[spring-beans-6.2.3.jar:6.2.3]
	at org.springframework.beans.factory.support.ConstructorResolver.createArgumentArray(ConstructorResolver.java:791) ~[spring-beans-6.2.3.jar:6.2.3]
	at org.springframework.beans.factory.support.ConstructorResolver.autowireConstructor(ConstructorResolver.java:240) ~[spring-beans-6.2.3.jar:6.2.3]
	at org.springframework.beans.factory.support.AbstractAutowireCapableBeanFactory.autowireConstructor(AbstractAutowireCapableBeanFactory.java:1381) ~[spring-beans-6.2.3.jar:6.2.3]
	at org.springframework.beans.factory.support.AbstractAutowireCapableBeanFactory.createBeanInstance(AbstractAutowireCapableBeanFactory.java:1218) ~[spring-beans-6.2.3.jar:6.2.3]
	at org.springframework.beans.factory.support.AbstractAutowireCapableBeanFactory.doCreateBean(AbstractAutowireCapableBeanFactory.java:563) ~[spring-beans-6.2.3.jar:6.2.3]
	at org.springframework.beans.factory.support.AbstractAutowireCapableBeanFactory.createBean(AbstractAutowireCapableBeanFactory.java:523) ~[spring-beans-6.2.3.jar:6.2.3]
	at org.springframework.beans.factory.support.AbstractBeanFactory.lambda$doGetBean$0(AbstractBeanFactory.java:339) ~[spring-beans-6.2.3.jar:6.2.3]
	at org.springframework.beans.factory.support.DefaultSingletonBeanRegistry.getSingleton(DefaultSingletonBeanRegistry.java:346) ~[spring-beans-6.2.3.jar:6.2.3]
	at org.springframework.beans.factory.support.AbstractBeanFactory.doGetBean(AbstractBeanFactory.java:337) ~[spring-beans-6.2.3.jar:6.2.3]
	at org.springframework.beans.factory.support.AbstractBeanFactory.getBean(AbstractBeanFactory.java:202) ~[spring-beans-6.2.3.jar:6.2.3]
	at org.springframework.beans.factory.support.DefaultListableBeanFactory.doResolveDependency(DefaultListableBeanFactory.java:1606) ~[spring-beans-6.2.3.jar:6.2.3]
	at org.springframework.beans.factory.support.DefaultListableBeanFactory.resolveDependency(DefaultListableBeanFactory.java:1552) ~[spring-beans-6.2.3.jar:6.2.3]
	at org.springframework.beans.factory.support.ConstructorResolver.resolveAutowiredArgument(ConstructorResolver.java:913) ~[spring-beans-6.2.3.jar:6.2.3]
	at org.springframework.beans.factory.support.ConstructorResolver.createArgumentArray(ConstructorResolver.java:791) ~[spring-beans-6.2.3.jar:6.2.3]
	at org.springframework.beans.factory.support.ConstructorResolver.autowireConstructor(ConstructorResolver.java:240) ~[spring-beans-6.2.3.jar:6.2.3]
	at org.springframework.beans.factory.support.AbstractAutowireCapableBeanFactory.autowireConstructor(AbstractAutowireCapableBeanFactory.java:1381) ~[spring-beans-6.2.3.jar:6.2.3]
	at org.springframework.beans.factory.support.AbstractAutowireCapableBeanFactory.createBeanInstance(AbstractAutowireCapableBeanFactory.java:1218) ~[spring-beans-6.2.3.jar:6.2.3]
	at org.springframework.beans.factory.support.AbstractAutowireCapableBeanFactory.doCreateBean(AbstractAutowireCapableBeanFactory.java:563) ~[spring-beans-6.2.3.jar:6.2.3]
	at org.springframework.beans.factory.support.AbstractAutowireCapableBeanFactory.createBean(AbstractAutowireCapableBeanFactory.java:523) ~[spring-beans-6.2.3.jar:6.2.3]
	at org.springframework.beans.factory.support.AbstractBeanFactory.lambda$doGetBean$0(AbstractBeanFactory.java:339) ~[spring-beans-6.2.3.jar:6.2.3]
	at org.springframework.beans.factory.support.DefaultSingletonBeanRegistry.getSingleton(DefaultSingletonBeanRegistry.java:346) ~[spring-beans-6.2.3.jar:6.2.3]
	at org.springframework.beans.factory.support.AbstractBeanFactory.doGetBean(AbstractBeanFactory.java:337) ~[spring-beans-6.2.3.jar:6.2.3]
	at org.springframework.beans.factory.support.AbstractBeanFactory.getBean(AbstractBeanFactory.java:202) ~[spring-beans-6.2.3.jar:6.2.3]
	at org.springframework.beans.factory.config.DependencyDescriptor.resolveCandidate(DependencyDescriptor.java:254) ~[spring-beans-6.2.3.jar:6.2.3]
	at org.springframework.beans.factory.support.DefaultListableBeanFactory.doResolveDependency(DefaultListableBeanFactory.java:1664) ~[spring-beans-6.2.3.jar:6.2.3]
	at org.springframework.beans.factory.support.DefaultListableBeanFactory.resolveDependency(DefaultListableBeanFactory.java:1552) ~[spring-beans-6.2.3.jar:6.2.3]
	at org.springframework.beans.factory.support.ConstructorResolver.resolveAutowiredArgument(ConstructorResolver.java:913) ~[spring-beans-6.2.3.jar:6.2.3]
	at org.springframework.beans.factory.support.ConstructorResolver.createArgumentArray(ConstructorResolver.java:791) ~[spring-beans-6.2.3.jar:6.2.3]
	at org.springframework.beans.factory.support.ConstructorResolver.autowireConstructor(ConstructorResolver.java:240) ~[spring-beans-6.2.3.jar:6.2.3]
	at org.springframework.beans.factory.support.AbstractAutowireCapableBeanFactory.autowireConstructor(AbstractAutowireCapableBeanFactory.java:1381) ~[spring-beans-6.2.3.jar:6.2.3]
	at org.springframework.beans.factory.support.AbstractAutowireCapableBeanFactory.createBeanInstance(AbstractAutowireCapableBeanFactory.java:1218) ~[spring-beans-6.2.3.jar:6.2.3]
	at org.springframework.beans.factory.support.AbstractAutowireCapableBeanFactory.doCreateBean(AbstractAutowireCapableBeanFactory.java:563) ~[spring-beans-6.2.3.jar:6.2.3]
	at org.springframework.beans.factory.support.AbstractAutowireCapableBeanFactory.createBean(AbstractAutowireCapableBeanFactory.java:523) ~[spring-beans-6.2.3.jar:6.2.3]
	at org.springframework.beans.factory.support.AbstractBeanFactory.lambda$doGetBean$0(AbstractBeanFactory.java:339) ~[spring-beans-6.2.3.jar:6.2.3]
	at org.springframework.beans.factory.support.DefaultSingletonBeanRegistry.getSingleton(DefaultSingletonBeanRegistry.java:346) ~[spring-beans-6.2.3.jar:6.2.3]
	at org.springframework.beans.factory.support.AbstractBeanFactory.doGetBean(AbstractBeanFactory.java:337) ~[spring-beans-6.2.3.jar:6.2.3]
	at org.springframework.beans.factory.support.AbstractBeanFactory.getBean(AbstractBeanFactory.java:202) ~[spring-beans-6.2.3.jar:6.2.3]
	at org.springframework.beans.factory.support.DefaultListableBeanFactory.instantiateSingleton(DefaultListableBeanFactory.java:1155) ~[spring-beans-6.2.3.jar:6.2.3]
	at org.springframework.beans.factory.support.DefaultListableBeanFactory.preInstantiateSingleton(DefaultListableBeanFactory.java:1121) ~[spring-beans-6.2.3.jar:6.2.3]
	at org.springframework.beans.factory.support.DefaultListableBeanFactory.preInstantiateSingletons(DefaultListableBeanFactory.java:1056) ~[spring-beans-6.2.3.jar:6.2.3]
	at org.springframework.context.support.AbstractApplicationContext.finishBeanFactoryInitialization(AbstractApplicationContext.java:987) ~[spring-context-6.2.3.jar:6.2.3]
	at org.springframework.context.support.AbstractApplicationContext.refresh(AbstractApplicationContext.java:627) ~[spring-context-6.2.3.jar:6.2.3]
	at org.springframework.boot.SpringApplication.refresh(SpringApplication.java:752) ~[spring-boot-3.4.3.jar:3.4.3]
	at org.springframework.boot.SpringApplication.refreshContext(SpringApplication.java:439) ~[spring-boot-3.4.3.jar:3.4.3]
	at org.springframework.boot.SpringApplication.run(SpringApplication.java:318) ~[spring-boot-3.4.3.jar:3.4.3]
	at org.springframework.boot.test.context.SpringBootContextLoader.lambda$loadContext$3(SpringBootContextLoader.java:137) ~[spring-boot-test-3.4.3.jar:3.4.3]
	at org.springframework.util.function.ThrowingSupplier.get(ThrowingSupplier.java:58) ~[spring-core-6.2.3.jar:6.2.3]
	at org.springframework.util.function.ThrowingSupplier.get(ThrowingSupplier.java:46) ~[spring-core-6.2.3.jar:6.2.3]
	at org.springframework.boot.SpringApplication.withHook(SpringApplication.java:1461) ~[spring-boot-3.4.3.jar:3.4.3]
	at org.springframework.boot.test.context.SpringBootContextLoader$ContextLoaderHook.run(SpringBootContextLoader.java:553) ~[spring-boot-test-3.4.3.jar:3.4.3]
	at org.springframework.boot.test.context.SpringBootContextLoader.loadContext(SpringBootContextLoader.java:137) ~[spring-boot-test-3.4.3.jar:3.4.3]
	at org.springframework.boot.test.context.SpringBootContextLoader.loadContext(SpringBootContextLoader.java:108) ~[spring-boot-test-3.4.3.jar:3.4.3]
	at org.springframework.test.context.cache.DefaultCacheAwareContextLoaderDelegate.loadContextInternal(DefaultCacheAwareContextLoaderDelegate.java:225) ~[spring-test-6.2.3.jar:6.2.3]
	at org.springframework.test.context.cache.DefaultCacheAwareContextLoaderDelegate.loadContext(DefaultCacheAwareContextLoaderDelegate.java:152) ~[spring-test-6.2.3.jar:6.2.3]
	at org.springframework.test.context.support.DefaultTestContext.getApplicationContext(DefaultTestContext.java:130) ~[spring-test-6.2.3.jar:6.2.3]
	at org.springframework.test.context.web.ServletTestExecutionListener.setUpRequestContextIfNecessary(ServletTestExecutionListener.java:200) ~[spring-test-6.2.3.jar:6.2.3]
	at org.springframework.test.context.web.ServletTestExecutionListener.prepareTestInstance(ServletTestExecutionListener.java:139) ~[spring-test-6.2.3.jar:6.2.3]
	at org.springframework.test.context.TestContextManager.prepareTestInstance(TestContextManager.java:260) ~[spring-test-6.2.3.jar:6.2.3]
	at org.springframework.test.context.junit.jupiter.SpringExtension.postProcessTestInstance(SpringExtension.java:160) ~[spring-test-6.2.3.jar:6.2.3]
	at org.junit.jupiter.engine.descriptor.ClassBasedTestDescriptor.lambda$invokeTestInstancePostProcessors$11(ClassBasedTestDescriptor.java:378) ~[junit-jupiter-engine-5.11.4.jar:5.11.4]
	at org.junit.jupiter.engine.descriptor.ClassBasedTestDescriptor.executeAndMaskThrowable(ClassBasedTestDescriptor.java:383) ~[junit-jupiter-engine-5.11.4.jar:5.11.4]
	at org.junit.jupiter.engine.descriptor.ClassBasedTestDescriptor.lambda$invokeTestInstancePostProcessors$12(ClassBasedTestDescriptor.java:378) ~[junit-jupiter-engine-5.11.4.jar:5.11.4]
	at java.base/java.util.stream.ForEachOps$ForEachOp$OfRef.accept(ForEachOps.java:183) ~[?:?]
	at java.base/java.util.stream.ReferencePipeline$3$1.accept(ReferencePipeline.java:197) ~[?:?]
	at java.base/java.util.stream.ReferencePipeline$2$1.accept(ReferencePipeline.java:179) ~[?:?]
	at java.base/java.util.stream.ReferencePipeline$3$1.accept(ReferencePipeline.java:197) ~[?:?]
	at java.base/java.util.ArrayList$ArrayListSpliterator.forEachRemaining(ArrayList.java:1625) ~[?:?]
	at java.base/java.util.stream.AbstractPipeline.copyInto(AbstractPipeline.java:509) ~[?:?]
	at java.base/java.util.stream.AbstractPipeline.wrapAndCopyInto(AbstractPipeline.java:499) ~[?:?]
	at java.base/java.util.stream.ForEachOps$ForEachOp.evaluateSequential(ForEachOps.java:150) ~[?:?]
	at java.base/java.util.stream.ForEachOps$ForEachOp$OfRef.evaluateSequential(ForEachOps.java:173) ~[?:?]
	at java.base/java.util.stream.AbstractPipeline.evaluate(AbstractPipeline.java:234) ~[?:?]
	at java.base/java.util.stream.ReferencePipeline.forEach(ReferencePipeline.java:596) ~[?:?]
	at org.junit.jupiter.engine.descriptor.ClassBasedTestDescriptor.invokeTestInstancePostProcessors(ClassBasedTestDescriptor.java:377) ~[junit-jupiter-engine-5.11.4.jar:5.11.4]
	at org.junit.jupiter.engine.descriptor.ClassBasedTestDescriptor.lambda$instantiateAndPostProcessTestInstance$7(ClassBasedTestDescriptor.java:290) ~[junit-jupiter-engine-5.11.4.jar:5.11.4]
	at org.junit.platform.engine.support.hierarchical.ThrowableCollector.execute(ThrowableCollector.java:73) ~[junit-platform-engine-1.11.4.jar:1.11.4]
	at org.junit.jupiter.engine.descriptor.ClassBasedTestDescriptor.instantiateAndPostProcessTestInstance(ClassBasedTestDescriptor.java:289) ~[junit-jupiter-engine-5.11.4.jar:5.11.4]
	at org.junit.jupiter.engine.descriptor.ClassBasedTestDescriptor.lambda$testInstancesProvider$5(ClassBasedTestDescriptor.java:279) ~[junit-jupiter-engine-5.11.4.jar:5.11.4]
	at java.base/java.util.Optional.orElseGet(Optional.java:364) ~[?:?]
	at org.junit.jupiter.engine.descriptor.ClassBasedTestDescriptor.lambda$testInstancesProvider$6(ClassBasedTestDescriptor.java:278) ~[junit-jupiter-engine-5.11.4.jar:5.11.4]
	at org.junit.jupiter.engine.execution.TestInstancesProvider.getTestInstances(TestInstancesProvider.java:31) ~[junit-jupiter-engine-5.11.4.jar:5.11.4]
	at org.junit.jupiter.engine.descriptor.TestMethodTestDescriptor.lambda$prepare$1(TestMethodTestDescriptor.java:105) ~[junit-jupiter-engine-5.11.4.jar:5.11.4]
	at org.junit.platform.engine.support.hierarchical.ThrowableCollector.execute(ThrowableCollector.java:73) ~[junit-platform-engine-1.11.4.jar:1.11.4]
	at org.junit.jupiter.engine.descriptor.TestMethodTestDescriptor.prepare(TestMethodTestDescriptor.java:104) ~[junit-jupiter-engine-5.11.4.jar:5.11.4]
	at org.junit.jupiter.engine.descriptor.TestMethodTestDescriptor.prepare(TestMethodTestDescriptor.java:68) ~[junit-jupiter-engine-5.11.4.jar:5.11.4]
	at org.junit.platform.engine.support.hierarchical.NodeTestTask.lambda$prepare$2(NodeTestTask.java:128) ~[junit-platform-engine-1.11.4.jar:1.11.4]
	at org.junit.platform.engine.support.hierarchical.ThrowableCollector.execute(ThrowableCollector.java:73) ~[junit-platform-engine-1.11.4.jar:1.11.4]
	at org.junit.platform.engine.support.hierarchical.NodeTestTask.prepare(NodeTestTask.java:128) ~[junit-platform-engine-1.11.4.jar:1.11.4]
	at org.junit.platform.engine.support.hierarchical.NodeTestTask.execute(NodeTestTask.java:95) ~[junit-platform-engine-1.11.4.jar:1.11.4]
	at java.base/java.util.ArrayList.forEach(ArrayList.java:1511) ~[?:?]
	at org.junit.platform.engine.support.hierarchical.SameThreadHierarchicalTestExecutorService.invokeAll(SameThreadHierarchicalTestExecutorService.java:41) ~[junit-platform-engine-1.11.4.jar:1.11.4]
	at org.junit.platform.engine.support.hierarchical.NodeTestTask.lambda$executeRecursively$6(NodeTestTask.java:160) ~[junit-platform-engine-1.11.4.jar:1.11.4]
	at org.junit.platform.engine.support.hierarchical.ThrowableCollector.execute(ThrowableCollector.java:73) ~[junit-platform-engine-1.11.4.jar:1.11.4]
	at org.junit.platform.engine.support.hierarchical.NodeTestTask.lambda$executeRecursively$8(NodeTestTask.java:146) ~[junit-platform-engine-1.11.4.jar:1.11.4]
	at org.junit.platform.engine.support.hierarchical.Node.around(Node.java:137) ~[junit-platform-engine-1.11.4.jar:1.11.4]
	at org.junit.platform.engine.support.hierarchical.NodeTestTask.lambda$executeRecursively$9(NodeTestTask.java:144) ~[junit-platform-engine-1.11.4.jar:1.11.4]
	at org.junit.platform.engine.support.hierarchical.ThrowableCollector.execute(ThrowableCollector.java:73) ~[junit-platform-engine-1.11.4.jar:1.11.4]
	at org.junit.platform.engine.support.hierarchical.NodeTestTask.executeRecursively(NodeTestTask.java:143) ~[junit-platform-engine-1.11.4.jar:1.11.4]
	at org.junit.platform.engine.support.hierarchical.NodeTestTask.execute(NodeTestTask.java:100) ~[junit-platform-engine-1.11.4.jar:1.11.4]
	at java.base/java.util.ArrayList.forEach(ArrayList.java:1511) ~[?:?]
	at org.junit.platform.engine.support.hierarchical.SameThreadHierarchicalTestExecutorService.invokeAll(SameThreadHierarchicalTestExecutorService.java:41) ~[junit-platform-engine-1.11.4.jar:1.11.4]
	at org.junit.platform.engine.support.hierarchical.NodeTestTask.lambda$executeRecursively$6(NodeTestTask.java:160) ~[junit-platform-engine-1.11.4.jar:1.11.4]
	at org.junit.platform.engine.support.hierarchical.ThrowableCollector.execute(ThrowableCollector.java:73) ~[junit-platform-engine-1.11.4.jar:1.11.4]
	at org.junit.platform.engine.support.hierarchical.NodeTestTask.lambda$executeRecursively$8(NodeTestTask.java:146) ~[junit-platform-engine-1.11.4.jar:1.11.4]
	at org.junit.platform.engine.support.hierarchical.Node.around(Node.java:137) ~[junit-platform-engine-1.11.4.jar:1.11.4]
	at org.junit.platform.engine.support.hierarchical.NodeTestTask.lambda$executeRecursively$9(NodeTestTask.java:144) ~[junit-platform-engine-1.11.4.jar:1.11.4]
	at org.junit.platform.engine.support.hierarchical.ThrowableCollector.execute(ThrowableCollector.java:73) ~[junit-platform-engine-1.11.4.jar:1.11.4]
	at org.junit.platform.engine.support.hierarchical.NodeTestTask.executeRecursively(NodeTestTask.java:143) ~[junit-platform-engine-1.11.4.jar:1.11.4]
	at org.junit.platform.engine.support.hierarchical.NodeTestTask.execute(NodeTestTask.java:100) ~[junit-platform-engine-1.11.4.jar:1.11.4]
	at org.junit.platform.engine.support.hierarchical.SameThreadHierarchicalTestExecutorService.submit(SameThreadHierarchicalTestExecutorService.java:35) ~[junit-platform-engine-1.11.4.jar:1.11.4]
	at org.junit.platform.engine.support.hierarchical.HierarchicalTestExecutor.execute(HierarchicalTestExecutor.java:57) ~[junit-platform-engine-1.11.4.jar:1.11.4]
	at org.junit.platform.engine.support.hierarchical.HierarchicalTestEngine.execute(HierarchicalTestEngine.java:54) ~[junit-platform-engine-1.11.4.jar:1.11.4]
	at org.junit.platform.launcher.core.EngineExecutionOrchestrator.execute(EngineExecutionOrchestrator.java:198) ~[junit-platform-launcher-1.11.4.jar:1.11.4]
	at org.junit.platform.launcher.core.EngineExecutionOrchestrator.execute(EngineExecutionOrchestrator.java:169) ~[junit-platform-launcher-1.11.4.jar:1.11.4]
	at org.junit.platform.launcher.core.EngineExecutionOrchestrator.execute(EngineExecutionOrchestrator.java:93) ~[junit-platform-launcher-1.11.4.jar:1.11.4]
	at org.junit.platform.launcher.core.EngineExecutionOrchestrator.lambda$execute$0(EngineExecutionOrchestrator.java:58) ~[junit-platform-launcher-1.11.4.jar:1.11.4]
	at org.junit.platform.launcher.core.EngineExecutionOrchestrator.withInterceptedStreams(EngineExecutionOrchestrator.java:141) [junit-platform-launcher-1.11.4.jar:1.11.4]
	at org.junit.platform.launcher.core.EngineExecutionOrchestrator.execute(EngineExecutionOrchestrator.java:57) [junit-platform-launcher-1.11.4.jar:1.11.4]
	at org.junit.platform.launcher.core.DefaultLauncher.execute(DefaultLauncher.java:103) [junit-platform-launcher-1.11.4.jar:1.11.4]
	at org.junit.platform.launcher.core.DefaultLauncher.execute(DefaultLauncher.java:85) [junit-platform-launcher-1.11.4.jar:1.11.4]
	at org.junit.platform.launcher.core.DelegatingLauncher.execute(DelegatingLauncher.java:47) [junit-platform-launcher-1.11.4.jar:1.11.4]
	at org.apache.maven.surefire.junitplatform.LazyLauncher.execute(LazyLauncher.java:56) [surefire-junit-platform-3.5.2.jar:3.5.2]
	at org.apache.maven.surefire.junitplatform.JUnitPlatformProvider.execute(JUnitPlatformProvider.java:184) [surefire-junit-platform-3.5.2.jar:3.5.2]
	at org.apache.maven.surefire.junitplatform.JUnitPlatformProvider.invokeAllTests(JUnitPlatformProvider.java:148) [surefire-junit-platform-3.5.2.jar:3.5.2]
	at org.apache.maven.surefire.junitplatform.JUnitPlatformProvider.invoke(JUnitPlatformProvider.java:122) [surefire-junit-platform-3.5.2.jar:3.5.2]
	at org.apache.maven.surefire.booter.ForkedBooter.runSuitesInProcess(ForkedBooter.java:385) [surefire-booter-3.5.2.jar:3.5.2]
	at org.apache.maven.surefire.booter.ForkedBooter.execute(ForkedBooter.java:162) [surefire-booter-3.5.2.jar:3.5.2]
	at org.apache.maven.surefire.booter.ForkedBooter.run(ForkedBooter.java:507) [surefire-booter-3.5.2.jar:3.5.2]
	at org.apache.maven.surefire.booter.ForkedBooter.main(ForkedBooter.java:495) [surefire-booter-3.5.2.jar:3.5.2]
2025-07-31 16:26:40.300 [main] DEBUG org.springframework.data.jpa.repository.query.NamedQuery - Did not find named query GymOwner.findByUserCredentials
2025-07-31 16:26:40.300 [main] DEBUG org.springframework.orm.jpa.SharedEntityManagerCreator$SharedEntityManagerInvocationHandler - Creating new EntityManager for shared EntityManager invocation
2025-07-31 16:26:40.303 [main] DEBUG org.springframework.data.repository.core.support.RepositoryFactorySupport - Finished creation of repository instance for com.example.trainup.repository.GymOwnerRepository.
2025-07-31 16:26:40.318 [main] DEBUG org.springframework.beans.factory.support.DefaultListableBeanFactory - Creating shared instance of singleton bean 'athleteRepository'
2025-07-31 16:26:40.321 [main] DEBUG org.springframework.beans.factory.support.DefaultListableBeanFactory - Creating shared instance of singleton bean 'jpa.named-queries#1'
2025-07-31 16:26:40.323 [main] DEBUG org.springframework.beans.factory.support.DefaultListableBeanFactory - Creating shared instance of singleton bean 'jpa.AthleteRepository.fragments#0'
2025-07-31 16:26:40.325 [main] DEBUG org.springframework.orm.jpa.SharedEntityManagerCreator$SharedEntityManagerInvocationHandler - Creating new EntityManager for shared EntityManager invocation
2025-07-31 16:26:40.325 [main] DEBUG org.springframework.data.repository.core.support.RepositoryFactorySupport - Initializing repository instance for com.example.trainup.repository.AthleteRepository…
2025-07-31 16:26:40.326 [main] DEBUG org.springframework.orm.jpa.SharedEntityManagerCreator$SharedEntityManagerInvocationHandler - Creating new EntityManager for shared EntityManager invocation
2025-07-31 16:26:40.328 [main] DEBUG org.hibernate.resource.transaction.backend.jdbc.internal.JdbcResourceLocalTransactionCoordinatorImpl - JDBC transaction marked for rollback-only (exception provided for stack trace)
java.lang.Exception: exception just for purpose of providing stack trace
	at org.hibernate.resource.transaction.backend.jdbc.internal.JdbcResourceLocalTransactionCoordinatorImpl$TransactionDriverControlImpl.markRollbackOnly(JdbcResourceLocalTransactionCoordinatorImpl.java:309) ~[hibernate-core-6.6.8.Final.jar:6.6.8.Final]
	at org.hibernate.internal.AbstractSharedSessionContract.buildNamedQuery(AbstractSharedSessionContract.java:1141) ~[hibernate-core-6.6.8.Final.jar:6.6.8.Final]
	at org.hibernate.internal.AbstractSharedSessionContract.createNamedQuery(AbstractSharedSessionContract.java:1019) ~[hibernate-core-6.6.8.Final.jar:6.6.8.Final]
	at org.hibernate.internal.AbstractSharedSessionContract.createNamedQuery(AbstractSharedSessionContract.java:143) ~[hibernate-core-6.6.8.Final.jar:6.6.8.Final]
	at java.base/jdk.internal.reflect.NativeMethodAccessorImpl.invoke0(Native Method) ~[?:?]
	at java.base/jdk.internal.reflect.NativeMethodAccessorImpl.invoke(NativeMethodAccessorImpl.java:77) ~[?:?]
	at java.base/jdk.internal.reflect.DelegatingMethodAccessorImpl.invoke(DelegatingMethodAccessorImpl.java:43) ~[?:?]
	at java.base/java.lang.reflect.Method.invoke(Method.java:569) ~[?:?]
	at org.springframework.orm.jpa.ExtendedEntityManagerCreator$ExtendedEntityManagerInvocationHandler.invoke(ExtendedEntityManagerCreator.java:364) ~[spring-orm-6.2.3.jar:6.2.3]
	at jdk.proxy2/jdk.proxy2.$Proxy236.createNamedQuery(Unknown Source) ~[?:?]
	at org.springframework.data.jpa.repository.query.NamedQuery.hasNamedQuery(NamedQuery.java:114) ~[spring-data-jpa-3.4.3.jar:3.4.3]
	at org.springframework.data.jpa.repository.query.JpaQueryLookupStrategy$DeclaredQueryLookupStrategy.getCountQuery(JpaQueryLookupStrategy.java:208) ~[spring-data-jpa-3.4.3.jar:3.4.3]
	at org.springframework.data.jpa.repository.query.JpaQueryLookupStrategy$DeclaredQueryLookupStrategy.resolveQuery(JpaQueryLookupStrategy.java:175) ~[spring-data-jpa-3.4.3.jar:3.4.3]
	at org.springframework.data.jpa.repository.query.JpaQueryLookupStrategy$CreateIfNotFoundQueryLookupStrategy.resolveQuery(JpaQueryLookupStrategy.java:256) ~[spring-data-jpa-3.4.3.jar:3.4.3]
	at org.springframework.data.jpa.repository.query.JpaQueryLookupStrategy$AbstractQueryLookupStrategy.resolveQuery(JpaQueryLookupStrategy.java:99) ~[spring-data-jpa-3.4.3.jar:3.4.3]
	at org.springframework.data.repository.core.support.QueryExecutorMethodInterceptor.lookupQuery(QueryExecutorMethodInterceptor.java:116) ~[spring-data-commons-3.4.3.jar:3.4.3]
	at org.springframework.data.repository.core.support.QueryExecutorMethodInterceptor.mapMethodsToQuery(QueryExecutorMethodInterceptor.java:104) ~[spring-data-commons-3.4.3.jar:3.4.3]
	at org.springframework.data.repository.core.support.QueryExecutorMethodInterceptor.lambda$new$0(QueryExecutorMethodInterceptor.java:92) ~[spring-data-commons-3.4.3.jar:3.4.3]
	at java.base/java.util.Optional.map(Optional.java:260) ~[?:?]
	at org.springframework.data.repository.core.support.QueryExecutorMethodInterceptor.<init>(QueryExecutorMethodInterceptor.java:92) ~[spring-data-commons-3.4.3.jar:3.4.3]
	at org.springframework.data.repository.core.support.RepositoryFactorySupport.getRepository(RepositoryFactorySupport.java:440) ~[spring-data-commons-3.4.3.jar:3.4.3]
	at org.springframework.data.repository.core.support.RepositoryFactoryBeanSupport.lambda$afterPropertiesSet$4(RepositoryFactoryBeanSupport.java:350) ~[spring-data-commons-3.4.3.jar:3.4.3]
	at org.springframework.data.util.Lazy.getNullable(Lazy.java:135) ~[spring-data-commons-3.4.3.jar:3.4.3]
	at org.springframework.data.util.Lazy.get(Lazy.java:113) ~[spring-data-commons-3.4.3.jar:3.4.3]
	at org.springframework.data.repository.core.support.RepositoryFactoryBeanSupport.afterPropertiesSet(RepositoryFactoryBeanSupport.java:356) ~[spring-data-commons-3.4.3.jar:3.4.3]
	at org.springframework.data.jpa.repository.support.JpaRepositoryFactoryBean.afterPropertiesSet(JpaRepositoryFactoryBean.java:132) ~[spring-data-jpa-3.4.3.jar:3.4.3]
	at org.springframework.beans.factory.support.AbstractAutowireCapableBeanFactory.invokeInitMethods(AbstractAutowireCapableBeanFactory.java:1859) ~[spring-beans-6.2.3.jar:6.2.3]
	at org.springframework.beans.factory.support.AbstractAutowireCapableBeanFactory.initializeBean(AbstractAutowireCapableBeanFactory.java:1808) ~[spring-beans-6.2.3.jar:6.2.3]
	at org.springframework.beans.factory.support.AbstractAutowireCapableBeanFactory.doCreateBean(AbstractAutowireCapableBeanFactory.java:601) ~[spring-beans-6.2.3.jar:6.2.3]
	at org.springframework.beans.factory.support.AbstractAutowireCapableBeanFactory.createBean(AbstractAutowireCapableBeanFactory.java:523) ~[spring-beans-6.2.3.jar:6.2.3]
	at org.springframework.beans.factory.support.AbstractBeanFactory.lambda$doGetBean$0(AbstractBeanFactory.java:339) ~[spring-beans-6.2.3.jar:6.2.3]
	at org.springframework.beans.factory.support.DefaultSingletonBeanRegistry.getSingleton(DefaultSingletonBeanRegistry.java:346) ~[spring-beans-6.2.3.jar:6.2.3]
	at org.springframework.beans.factory.support.AbstractBeanFactory.doGetBean(AbstractBeanFactory.java:337) ~[spring-beans-6.2.3.jar:6.2.3]
	at org.springframework.beans.factory.support.AbstractBeanFactory.getBean(AbstractBeanFactory.java:202) ~[spring-beans-6.2.3.jar:6.2.3]
	at org.springframework.beans.factory.support.DefaultListableBeanFactory.doResolveDependency(DefaultListableBeanFactory.java:1606) ~[spring-beans-6.2.3.jar:6.2.3]
	at org.springframework.beans.factory.support.DefaultListableBeanFactory.resolveDependency(DefaultListableBeanFactory.java:1552) ~[spring-beans-6.2.3.jar:6.2.3]
	at org.springframework.beans.factory.support.ConstructorResolver.resolveAutowiredArgument(ConstructorResolver.java:913) ~[spring-beans-6.2.3.jar:6.2.3]
	at org.springframework.beans.factory.support.ConstructorResolver.createArgumentArray(ConstructorResolver.java:791) ~[spring-beans-6.2.3.jar:6.2.3]
	at org.springframework.beans.factory.support.ConstructorResolver.autowireConstructor(ConstructorResolver.java:240) ~[spring-beans-6.2.3.jar:6.2.3]
	at org.springframework.beans.factory.support.AbstractAutowireCapableBeanFactory.autowireConstructor(AbstractAutowireCapableBeanFactory.java:1381) ~[spring-beans-6.2.3.jar:6.2.3]
	at org.springframework.beans.factory.support.AbstractAutowireCapableBeanFactory.createBeanInstance(AbstractAutowireCapableBeanFactory.java:1218) ~[spring-beans-6.2.3.jar:6.2.3]
	at org.springframework.beans.factory.support.AbstractAutowireCapableBeanFactory.doCreateBean(AbstractAutowireCapableBeanFactory.java:563) ~[spring-beans-6.2.3.jar:6.2.3]
	at org.springframework.beans.factory.support.AbstractAutowireCapableBeanFactory.createBean(AbstractAutowireCapableBeanFactory.java:523) ~[spring-beans-6.2.3.jar:6.2.3]
	at org.springframework.beans.factory.support.AbstractBeanFactory.lambda$doGetBean$0(AbstractBeanFactory.java:339) ~[spring-beans-6.2.3.jar:6.2.3]
	at org.springframework.beans.factory.support.DefaultSingletonBeanRegistry.getSingleton(DefaultSingletonBeanRegistry.java:346) ~[spring-beans-6.2.3.jar:6.2.3]
	at org.springframework.beans.factory.support.AbstractBeanFactory.doGetBean(AbstractBeanFactory.java:337) ~[spring-beans-6.2.3.jar:6.2.3]
	at org.springframework.beans.factory.support.AbstractBeanFactory.getBean(AbstractBeanFactory.java:202) ~[spring-beans-6.2.3.jar:6.2.3]
	at org.springframework.beans.factory.support.DefaultListableBeanFactory.doResolveDependency(DefaultListableBeanFactory.java:1606) ~[spring-beans-6.2.3.jar:6.2.3]
	at org.springframework.beans.factory.support.DefaultListableBeanFactory.resolveDependency(DefaultListableBeanFactory.java:1552) ~[spring-beans-6.2.3.jar:6.2.3]
	at org.springframework.beans.factory.support.ConstructorResolver.resolveAutowiredArgument(ConstructorResolver.java:913) ~[spring-beans-6.2.3.jar:6.2.3]
	at org.springframework.beans.factory.support.ConstructorResolver.createArgumentArray(ConstructorResolver.java:791) ~[spring-beans-6.2.3.jar:6.2.3]
	at org.springframework.beans.factory.support.ConstructorResolver.autowireConstructor(ConstructorResolver.java:240) ~[spring-beans-6.2.3.jar:6.2.3]
	at org.springframework.beans.factory.support.AbstractAutowireCapableBeanFactory.autowireConstructor(AbstractAutowireCapableBeanFactory.java:1381) ~[spring-beans-6.2.3.jar:6.2.3]
	at org.springframework.beans.factory.support.AbstractAutowireCapableBeanFactory.createBeanInstance(AbstractAutowireCapableBeanFactory.java:1218) ~[spring-beans-6.2.3.jar:6.2.3]
	at org.springframework.beans.factory.support.AbstractAutowireCapableBeanFactory.doCreateBean(AbstractAutowireCapableBeanFactory.java:563) ~[spring-beans-6.2.3.jar:6.2.3]
	at org.springframework.beans.factory.support.AbstractAutowireCapableBeanFactory.createBean(AbstractAutowireCapableBeanFactory.java:523) ~[spring-beans-6.2.3.jar:6.2.3]
	at org.springframework.beans.factory.support.AbstractBeanFactory.lambda$doGetBean$0(AbstractBeanFactory.java:339) ~[spring-beans-6.2.3.jar:6.2.3]
	at org.springframework.beans.factory.support.DefaultSingletonBeanRegistry.getSingleton(DefaultSingletonBeanRegistry.java:346) ~[spring-beans-6.2.3.jar:6.2.3]
	at org.springframework.beans.factory.support.AbstractBeanFactory.doGetBean(AbstractBeanFactory.java:337) ~[spring-beans-6.2.3.jar:6.2.3]
	at org.springframework.beans.factory.support.AbstractBeanFactory.getBean(AbstractBeanFactory.java:202) ~[spring-beans-6.2.3.jar:6.2.3]
	at org.springframework.beans.factory.config.DependencyDescriptor.resolveCandidate(DependencyDescriptor.java:254) ~[spring-beans-6.2.3.jar:6.2.3]
	at org.springframework.beans.factory.support.DefaultListableBeanFactory.doResolveDependency(DefaultListableBeanFactory.java:1664) ~[spring-beans-6.2.3.jar:6.2.3]
	at org.springframework.beans.factory.support.DefaultListableBeanFactory.resolveDependency(DefaultListableBeanFactory.java:1552) ~[spring-beans-6.2.3.jar:6.2.3]
	at org.springframework.beans.factory.support.ConstructorResolver.resolveAutowiredArgument(ConstructorResolver.java:913) ~[spring-beans-6.2.3.jar:6.2.3]
	at org.springframework.beans.factory.support.ConstructorResolver.createArgumentArray(ConstructorResolver.java:791) ~[spring-beans-6.2.3.jar:6.2.3]
	at org.springframework.beans.factory.support.ConstructorResolver.autowireConstructor(ConstructorResolver.java:240) ~[spring-beans-6.2.3.jar:6.2.3]
	at org.springframework.beans.factory.support.AbstractAutowireCapableBeanFactory.autowireConstructor(AbstractAutowireCapableBeanFactory.java:1381) ~[spring-beans-6.2.3.jar:6.2.3]
	at org.springframework.beans.factory.support.AbstractAutowireCapableBeanFactory.createBeanInstance(AbstractAutowireCapableBeanFactory.java:1218) ~[spring-beans-6.2.3.jar:6.2.3]
	at org.springframework.beans.factory.support.AbstractAutowireCapableBeanFactory.doCreateBean(AbstractAutowireCapableBeanFactory.java:563) ~[spring-beans-6.2.3.jar:6.2.3]
	at org.springframework.beans.factory.support.AbstractAutowireCapableBeanFactory.createBean(AbstractAutowireCapableBeanFactory.java:523) ~[spring-beans-6.2.3.jar:6.2.3]
	at org.springframework.beans.factory.support.AbstractBeanFactory.lambda$doGetBean$0(AbstractBeanFactory.java:339) ~[spring-beans-6.2.3.jar:6.2.3]
	at org.springframework.beans.factory.support.DefaultSingletonBeanRegistry.getSingleton(DefaultSingletonBeanRegistry.java:346) ~[spring-beans-6.2.3.jar:6.2.3]
	at org.springframework.beans.factory.support.AbstractBeanFactory.doGetBean(AbstractBeanFactory.java:337) ~[spring-beans-6.2.3.jar:6.2.3]
	at org.springframework.beans.factory.support.AbstractBeanFactory.getBean(AbstractBeanFactory.java:202) ~[spring-beans-6.2.3.jar:6.2.3]
	at org.springframework.beans.factory.support.DefaultListableBeanFactory.instantiateSingleton(DefaultListableBeanFactory.java:1155) ~[spring-beans-6.2.3.jar:6.2.3]
	at org.springframework.beans.factory.support.DefaultListableBeanFactory.preInstantiateSingleton(DefaultListableBeanFactory.java:1121) ~[spring-beans-6.2.3.jar:6.2.3]
	at org.springframework.beans.factory.support.DefaultListableBeanFactory.preInstantiateSingletons(DefaultListableBeanFactory.java:1056) ~[spring-beans-6.2.3.jar:6.2.3]
	at org.springframework.context.support.AbstractApplicationContext.finishBeanFactoryInitialization(AbstractApplicationContext.java:987) ~[spring-context-6.2.3.jar:6.2.3]
	at org.springframework.context.support.AbstractApplicationContext.refresh(AbstractApplicationContext.java:627) ~[spring-context-6.2.3.jar:6.2.3]
	at org.springframework.boot.SpringApplication.refresh(SpringApplication.java:752) ~[spring-boot-3.4.3.jar:3.4.3]
	at org.springframework.boot.SpringApplication.refreshContext(SpringApplication.java:439) ~[spring-boot-3.4.3.jar:3.4.3]
	at org.springframework.boot.SpringApplication.run(SpringApplication.java:318) ~[spring-boot-3.4.3.jar:3.4.3]
	at org.springframework.boot.test.context.SpringBootContextLoader.lambda$loadContext$3(SpringBootContextLoader.java:137) ~[spring-boot-test-3.4.3.jar:3.4.3]
	at org.springframework.util.function.ThrowingSupplier.get(ThrowingSupplier.java:58) ~[spring-core-6.2.3.jar:6.2.3]
	at org.springframework.util.function.ThrowingSupplier.get(ThrowingSupplier.java:46) ~[spring-core-6.2.3.jar:6.2.3]
	at org.springframework.boot.SpringApplication.withHook(SpringApplication.java:1461) ~[spring-boot-3.4.3.jar:3.4.3]
	at org.springframework.boot.test.context.SpringBootContextLoader$ContextLoaderHook.run(SpringBootContextLoader.java:553) ~[spring-boot-test-3.4.3.jar:3.4.3]
	at org.springframework.boot.test.context.SpringBootContextLoader.loadContext(SpringBootContextLoader.java:137) ~[spring-boot-test-3.4.3.jar:3.4.3]
	at org.springframework.boot.test.context.SpringBootContextLoader.loadContext(SpringBootContextLoader.java:108) ~[spring-boot-test-3.4.3.jar:3.4.3]
	at org.springframework.test.context.cache.DefaultCacheAwareContextLoaderDelegate.loadContextInternal(DefaultCacheAwareContextLoaderDelegate.java:225) ~[spring-test-6.2.3.jar:6.2.3]
	at org.springframework.test.context.cache.DefaultCacheAwareContextLoaderDelegate.loadContext(DefaultCacheAwareContextLoaderDelegate.java:152) ~[spring-test-6.2.3.jar:6.2.3]
	at org.springframework.test.context.support.DefaultTestContext.getApplicationContext(DefaultTestContext.java:130) ~[spring-test-6.2.3.jar:6.2.3]
	at org.springframework.test.context.web.ServletTestExecutionListener.setUpRequestContextIfNecessary(ServletTestExecutionListener.java:200) ~[spring-test-6.2.3.jar:6.2.3]
	at org.springframework.test.context.web.ServletTestExecutionListener.prepareTestInstance(ServletTestExecutionListener.java:139) ~[spring-test-6.2.3.jar:6.2.3]
	at org.springframework.test.context.TestContextManager.prepareTestInstance(TestContextManager.java:260) ~[spring-test-6.2.3.jar:6.2.3]
	at org.springframework.test.context.junit.jupiter.SpringExtension.postProcessTestInstance(SpringExtension.java:160) ~[spring-test-6.2.3.jar:6.2.3]
	at org.junit.jupiter.engine.descriptor.ClassBasedTestDescriptor.lambda$invokeTestInstancePostProcessors$11(ClassBasedTestDescriptor.java:378) ~[junit-jupiter-engine-5.11.4.jar:5.11.4]
	at org.junit.jupiter.engine.descriptor.ClassBasedTestDescriptor.executeAndMaskThrowable(ClassBasedTestDescriptor.java:383) ~[junit-jupiter-engine-5.11.4.jar:5.11.4]
	at org.junit.jupiter.engine.descriptor.ClassBasedTestDescriptor.lambda$invokeTestInstancePostProcessors$12(ClassBasedTestDescriptor.java:378) ~[junit-jupiter-engine-5.11.4.jar:5.11.4]
	at java.base/java.util.stream.ForEachOps$ForEachOp$OfRef.accept(ForEachOps.java:183) ~[?:?]
	at java.base/java.util.stream.ReferencePipeline$3$1.accept(ReferencePipeline.java:197) ~[?:?]
	at java.base/java.util.stream.ReferencePipeline$2$1.accept(ReferencePipeline.java:179) ~[?:?]
	at java.base/java.util.stream.ReferencePipeline$3$1.accept(ReferencePipeline.java:197) ~[?:?]
	at java.base/java.util.ArrayList$ArrayListSpliterator.forEachRemaining(ArrayList.java:1625) ~[?:?]
	at java.base/java.util.stream.AbstractPipeline.copyInto(AbstractPipeline.java:509) ~[?:?]
	at java.base/java.util.stream.AbstractPipeline.wrapAndCopyInto(AbstractPipeline.java:499) ~[?:?]
	at java.base/java.util.stream.ForEachOps$ForEachOp.evaluateSequential(ForEachOps.java:150) ~[?:?]
	at java.base/java.util.stream.ForEachOps$ForEachOp$OfRef.evaluateSequential(ForEachOps.java:173) ~[?:?]
	at java.base/java.util.stream.AbstractPipeline.evaluate(AbstractPipeline.java:234) ~[?:?]
	at java.base/java.util.stream.ReferencePipeline.forEach(ReferencePipeline.java:596) ~[?:?]
	at org.junit.jupiter.engine.descriptor.ClassBasedTestDescriptor.invokeTestInstancePostProcessors(ClassBasedTestDescriptor.java:377) ~[junit-jupiter-engine-5.11.4.jar:5.11.4]
	at org.junit.jupiter.engine.descriptor.ClassBasedTestDescriptor.lambda$instantiateAndPostProcessTestInstance$7(ClassBasedTestDescriptor.java:290) ~[junit-jupiter-engine-5.11.4.jar:5.11.4]
	at org.junit.platform.engine.support.hierarchical.ThrowableCollector.execute(ThrowableCollector.java:73) ~[junit-platform-engine-1.11.4.jar:1.11.4]
	at org.junit.jupiter.engine.descriptor.ClassBasedTestDescriptor.instantiateAndPostProcessTestInstance(ClassBasedTestDescriptor.java:289) ~[junit-jupiter-engine-5.11.4.jar:5.11.4]
	at org.junit.jupiter.engine.descriptor.ClassBasedTestDescriptor.lambda$testInstancesProvider$5(ClassBasedTestDescriptor.java:279) ~[junit-jupiter-engine-5.11.4.jar:5.11.4]
	at java.base/java.util.Optional.orElseGet(Optional.java:364) ~[?:?]
	at org.junit.jupiter.engine.descriptor.ClassBasedTestDescriptor.lambda$testInstancesProvider$6(ClassBasedTestDescriptor.java:278) ~[junit-jupiter-engine-5.11.4.jar:5.11.4]
	at org.junit.jupiter.engine.execution.TestInstancesProvider.getTestInstances(TestInstancesProvider.java:31) ~[junit-jupiter-engine-5.11.4.jar:5.11.4]
	at org.junit.jupiter.engine.descriptor.TestMethodTestDescriptor.lambda$prepare$1(TestMethodTestDescriptor.java:105) ~[junit-jupiter-engine-5.11.4.jar:5.11.4]
	at org.junit.platform.engine.support.hierarchical.ThrowableCollector.execute(ThrowableCollector.java:73) ~[junit-platform-engine-1.11.4.jar:1.11.4]
	at org.junit.jupiter.engine.descriptor.TestMethodTestDescriptor.prepare(TestMethodTestDescriptor.java:104) ~[junit-jupiter-engine-5.11.4.jar:5.11.4]
	at org.junit.jupiter.engine.descriptor.TestMethodTestDescriptor.prepare(TestMethodTestDescriptor.java:68) ~[junit-jupiter-engine-5.11.4.jar:5.11.4]
	at org.junit.platform.engine.support.hierarchical.NodeTestTask.lambda$prepare$2(NodeTestTask.java:128) ~[junit-platform-engine-1.11.4.jar:1.11.4]
	at org.junit.platform.engine.support.hierarchical.ThrowableCollector.execute(ThrowableCollector.java:73) ~[junit-platform-engine-1.11.4.jar:1.11.4]
	at org.junit.platform.engine.support.hierarchical.NodeTestTask.prepare(NodeTestTask.java:128) ~[junit-platform-engine-1.11.4.jar:1.11.4]
	at org.junit.platform.engine.support.hierarchical.NodeTestTask.execute(NodeTestTask.java:95) ~[junit-platform-engine-1.11.4.jar:1.11.4]
	at java.base/java.util.ArrayList.forEach(ArrayList.java:1511) ~[?:?]
	at org.junit.platform.engine.support.hierarchical.SameThreadHierarchicalTestExecutorService.invokeAll(SameThreadHierarchicalTestExecutorService.java:41) ~[junit-platform-engine-1.11.4.jar:1.11.4]
	at org.junit.platform.engine.support.hierarchical.NodeTestTask.lambda$executeRecursively$6(NodeTestTask.java:160) ~[junit-platform-engine-1.11.4.jar:1.11.4]
	at org.junit.platform.engine.support.hierarchical.ThrowableCollector.execute(ThrowableCollector.java:73) ~[junit-platform-engine-1.11.4.jar:1.11.4]
	at org.junit.platform.engine.support.hierarchical.NodeTestTask.lambda$executeRecursively$8(NodeTestTask.java:146) ~[junit-platform-engine-1.11.4.jar:1.11.4]
	at org.junit.platform.engine.support.hierarchical.Node.around(Node.java:137) ~[junit-platform-engine-1.11.4.jar:1.11.4]
	at org.junit.platform.engine.support.hierarchical.NodeTestTask.lambda$executeRecursively$9(NodeTestTask.java:144) ~[junit-platform-engine-1.11.4.jar:1.11.4]
	at org.junit.platform.engine.support.hierarchical.ThrowableCollector.execute(ThrowableCollector.java:73) ~[junit-platform-engine-1.11.4.jar:1.11.4]
	at org.junit.platform.engine.support.hierarchical.NodeTestTask.executeRecursively(NodeTestTask.java:143) ~[junit-platform-engine-1.11.4.jar:1.11.4]
	at org.junit.platform.engine.support.hierarchical.NodeTestTask.execute(NodeTestTask.java:100) ~[junit-platform-engine-1.11.4.jar:1.11.4]
	at java.base/java.util.ArrayList.forEach(ArrayList.java:1511) ~[?:?]
	at org.junit.platform.engine.support.hierarchical.SameThreadHierarchicalTestExecutorService.invokeAll(SameThreadHierarchicalTestExecutorService.java:41) ~[junit-platform-engine-1.11.4.jar:1.11.4]
	at org.junit.platform.engine.support.hierarchical.NodeTestTask.lambda$executeRecursively$6(NodeTestTask.java:160) ~[junit-platform-engine-1.11.4.jar:1.11.4]
	at org.junit.platform.engine.support.hierarchical.ThrowableCollector.execute(ThrowableCollector.java:73) ~[junit-platform-engine-1.11.4.jar:1.11.4]
	at org.junit.platform.engine.support.hierarchical.NodeTestTask.lambda$executeRecursively$8(NodeTestTask.java:146) ~[junit-platform-engine-1.11.4.jar:1.11.4]
	at org.junit.platform.engine.support.hierarchical.Node.around(Node.java:137) ~[junit-platform-engine-1.11.4.jar:1.11.4]
	at org.junit.platform.engine.support.hierarchical.NodeTestTask.lambda$executeRecursively$9(NodeTestTask.java:144) ~[junit-platform-engine-1.11.4.jar:1.11.4]
	at org.junit.platform.engine.support.hierarchical.ThrowableCollector.execute(ThrowableCollector.java:73) ~[junit-platform-engine-1.11.4.jar:1.11.4]
	at org.junit.platform.engine.support.hierarchical.NodeTestTask.executeRecursively(NodeTestTask.java:143) ~[junit-platform-engine-1.11.4.jar:1.11.4]
	at org.junit.platform.engine.support.hierarchical.NodeTestTask.execute(NodeTestTask.java:100) ~[junit-platform-engine-1.11.4.jar:1.11.4]
	at org.junit.platform.engine.support.hierarchical.SameThreadHierarchicalTestExecutorService.submit(SameThreadHierarchicalTestExecutorService.java:35) ~[junit-platform-engine-1.11.4.jar:1.11.4]
	at org.junit.platform.engine.support.hierarchical.HierarchicalTestExecutor.execute(HierarchicalTestExecutor.java:57) ~[junit-platform-engine-1.11.4.jar:1.11.4]
	at org.junit.platform.engine.support.hierarchical.HierarchicalTestEngine.execute(HierarchicalTestEngine.java:54) ~[junit-platform-engine-1.11.4.jar:1.11.4]
	at org.junit.platform.launcher.core.EngineExecutionOrchestrator.execute(EngineExecutionOrchestrator.java:198) ~[junit-platform-launcher-1.11.4.jar:1.11.4]
	at org.junit.platform.launcher.core.EngineExecutionOrchestrator.execute(EngineExecutionOrchestrator.java:169) ~[junit-platform-launcher-1.11.4.jar:1.11.4]
	at org.junit.platform.launcher.core.EngineExecutionOrchestrator.execute(EngineExecutionOrchestrator.java:93) ~[junit-platform-launcher-1.11.4.jar:1.11.4]
	at org.junit.platform.launcher.core.EngineExecutionOrchestrator.lambda$execute$0(EngineExecutionOrchestrator.java:58) ~[junit-platform-launcher-1.11.4.jar:1.11.4]
	at org.junit.platform.launcher.core.EngineExecutionOrchestrator.withInterceptedStreams(EngineExecutionOrchestrator.java:141) [junit-platform-launcher-1.11.4.jar:1.11.4]
	at org.junit.platform.launcher.core.EngineExecutionOrchestrator.execute(EngineExecutionOrchestrator.java:57) [junit-platform-launcher-1.11.4.jar:1.11.4]
	at org.junit.platform.launcher.core.DefaultLauncher.execute(DefaultLauncher.java:103) [junit-platform-launcher-1.11.4.jar:1.11.4]
	at org.junit.platform.launcher.core.DefaultLauncher.execute(DefaultLauncher.java:85) [junit-platform-launcher-1.11.4.jar:1.11.4]
	at org.junit.platform.launcher.core.DelegatingLauncher.execute(DelegatingLauncher.java:47) [junit-platform-launcher-1.11.4.jar:1.11.4]
	at org.apache.maven.surefire.junitplatform.LazyLauncher.execute(LazyLauncher.java:56) [surefire-junit-platform-3.5.2.jar:3.5.2]
	at org.apache.maven.surefire.junitplatform.JUnitPlatformProvider.execute(JUnitPlatformProvider.java:184) [surefire-junit-platform-3.5.2.jar:3.5.2]
	at org.apache.maven.surefire.junitplatform.JUnitPlatformProvider.invokeAllTests(JUnitPlatformProvider.java:148) [surefire-junit-platform-3.5.2.jar:3.5.2]
	at org.apache.maven.surefire.junitplatform.JUnitPlatformProvider.invoke(JUnitPlatformProvider.java:122) [surefire-junit-platform-3.5.2.jar:3.5.2]
	at org.apache.maven.surefire.booter.ForkedBooter.runSuitesInProcess(ForkedBooter.java:385) [surefire-booter-3.5.2.jar:3.5.2]
	at org.apache.maven.surefire.booter.ForkedBooter.execute(ForkedBooter.java:162) [surefire-booter-3.5.2.jar:3.5.2]
	at org.apache.maven.surefire.booter.ForkedBooter.run(ForkedBooter.java:507) [surefire-booter-3.5.2.jar:3.5.2]
	at org.apache.maven.surefire.booter.ForkedBooter.main(ForkedBooter.java:495) [surefire-booter-3.5.2.jar:3.5.2]
2025-07-31 16:26:40.330 [main] DEBUG org.springframework.data.jpa.repository.query.NamedQuery - Did not find named query Athlete.findAthleteByCriteria.count
2025-07-31 16:26:40.330 [main] DEBUG org.springframework.orm.jpa.SharedEntityManagerCreator$SharedEntityManagerInvocationHandler - Creating new EntityManager for shared EntityManager invocation
2025-07-31 16:26:40.333 [main] DEBUG org.hibernate.orm.query.hql - HQL : SELECT DISTINCT a FROM Athlete a LEFT JOIN a.sports s WHERE a.isDeleted = false AND (:firstName IS NULL OR (CAST(a.firstName AS string) LIKE CONCAT('%', CAST(:firstName AS string), '%'))) AND (:lastName IS NULL OR (CAST(a.lastName AS string) LIKE CONCAT('%', CAST(:lastName AS string), '%'))) AND (:gender IS NULL OR a.gender = :gender) AND (:dateOfBirth IS NULL OR a.dateOfBirth = :dateOfBirth) AND (:sportIds IS NULL OR s.id IN :sportIds_1) AND (:emailPermission IS NULL OR a.emailPermission = :emailPermission) AND (:phonePermission IS NULL OR a.phonePermission = :phonePermission)
2025-07-31 16:26:40.336 [main] DEBUG org.hibernate.orm.query.hql.reservedWordAsIdentifier - Encountered use of reserved word as identifier : IN
2025-07-31 16:26:40.337 [main] DEBUG org.hibernate.orm.query.sqm.creation - Applying inferable type to SqmExpression [SqmNamedParameter(gender)] : null -> SqmBasicValuedSimplePath(com.example.trainup.model.user.Athlete(a).gender)
2025-07-31 16:26:40.338 [main] DEBUG org.hibernate.orm.query.sqm.creation - Applying inferable type to SqmExpression [SqmNamedParameter(dateOfBirth)] : null -> SqmBasicValuedSimplePath(com.example.trainup.model.user.Athlete(a).dateOfBirth)
2025-07-31 16:26:40.338 [main] DEBUG org.hibernate.orm.query.sqm.creation - Applying inferable type to SqmExpression [SqmNamedParameter(sportIds_1)] : null -> SqmBasicValuedSimplePath(com.example.trainup.model.user.Athlete(a).sports(s).{element}.id)
2025-07-31 16:26:40.338 [main] DEBUG org.hibernate.orm.query.sqm.creation - Applying inferable type to SqmExpression [SqmNamedParameter(emailPermission)] : null -> SqmBasicValuedSimplePath(com.example.trainup.model.user.Athlete(a).emailPermission)
2025-07-31 16:26:40.338 [main] DEBUG org.hibernate.orm.query.sqm.creation - Applying inferable type to SqmExpression [SqmNamedParameter(phonePermission)] : null -> SqmBasicValuedSimplePath(com.example.trainup.model.user.Athlete(a).phonePermission)
2025-07-31 16:26:40.339 [main] DEBUG org.hibernate.orm.query.sqm.ast - SqmStatement Tree :
    -> [select]
      -> [query-spec]
        -> [select(distinct)]
          -> [selection]
            -> [root] - `com.example.trainup.model.user.Athlete(a)`
              -> [joins]
                -> [attribute] - `com.example.trainup.model.user.Athlete(a).sports(s)`
                    [fetched = false]
                <- [attribute] - `com.example.trainup.model.user.Athlete(a).sports(s)`
              <- [joins]
            <- [root] - `com.example.trainup.model.user.Athlete(a)`
          <- [selection]
        <- [select(distinct)]
        -> [from]
          -> [root] - `com.example.trainup.model.user.Athlete(a)`
            -> [joins]
              -> [attribute] - `com.example.trainup.model.user.Athlete(a).sports(s)`
                  [fetched = false]
              <- [attribute] - `com.example.trainup.model.user.Athlete(a).sports(s)`
            <- [joins]
          <- [root] - `com.example.trainup.model.user.Athlete(a)`
        <- [from]
        -> [where]
          -> [and]
            -> [EQUAL]
                -> [basic-path] - `com.example.trainup.model.user.Athlete(a).isDeleted`
            <- [EQUAL]
            -> [grouped]
                -> [or]
                  -> [is-null]
                      :firstName
                  <- [is-null]
                  -> [grouped]
                      -> [is-like]
                      <- [is-like]
                  <- [grouped]
                <- [or]
            <- [grouped]
            -> [grouped]
                -> [or]
                  -> [is-null]
                      :lastName
                  <- [is-null]
                  -> [grouped]
                      -> [is-like]
                      <- [is-like]
                  <- [grouped]
                <- [or]
            <- [grouped]
            -> [grouped]
                -> [or]
                  -> [is-null]
                      :gender
                  <- [is-null]
                  -> [EQUAL]
                      -> [basic-path] - `com.example.trainup.model.user.Athlete(a).gender`
                      :gender
                  <- [EQUAL]
                <- [or]
            <- [grouped]
            -> [grouped]
                -> [or]
                  -> [is-null]
                      :dateOfBirth
                  <- [is-null]
                  -> [EQUAL]
                      -> [basic-path] - `com.example.trainup.model.user.Athlete(a).dateOfBirth`
                      :dateOfBirth
                  <- [EQUAL]
                <- [or]
            <- [grouped]
            -> [grouped]
                -> [or]
                  -> [is-null]
                      :sportIds
                  <- [is-null]
                <- [or]
            <- [grouped]
            -> [grouped]
                -> [or]
                  -> [is-null]
                      :emailPermission
                  <- [is-null]
                  -> [EQUAL]
                      -> [basic-path] - `com.example.trainup.model.user.Athlete(a).emailPermission`
                      :emailPermission
                  <- [EQUAL]
                <- [or]
            <- [grouped]
            -> [grouped]
                -> [or]
                  -> [is-null]
                      :phonePermission
                  <- [is-null]
                  -> [EQUAL]
                      -> [basic-path] - `com.example.trainup.model.user.Athlete(a).phonePermission`
                      :phonePermission
                  <- [EQUAL]
                <- [or]
            <- [grouped]
          <- [and]
        <- [where]
      <- [query-spec]
    <- [select]

2025-07-31 16:26:40.343 [main] DEBUG org.hibernate.orm.query.hql - HQL : SELECT count(DISTINCT a) FROM Athlete a LEFT JOIN a.sports s WHERE a.isDeleted = false AND (:firstName IS NULL OR (CAST(a.firstName AS string) LIKE CONCAT('%', CAST(:firstName AS string), '%'))) AND (:lastName IS NULL OR (CAST(a.lastName AS string) LIKE CONCAT('%', CAST(:lastName AS string), '%'))) AND (:gender IS NULL OR a.gender = :gender) AND (:dateOfBirth IS NULL OR a.dateOfBirth = :dateOfBirth) AND (:sportIds IS NULL OR s.id IN :sportIds_1) AND (:emailPermission IS NULL OR a.emailPermission = :emailPermission) AND (:phonePermission IS NULL OR a.phonePermission = :phonePermission)
2025-07-31 16:26:40.343 [main] DEBUG org.hibernate.orm.query.hql.reservedWordAsIdentifier - Encountered use of reserved word as identifier : (
2025-07-31 16:26:40.344 [main] DEBUG org.hibernate.orm.query.hql.reservedWordAsIdentifier - Encountered use of reserved word as identifier : IN
2025-07-31 16:26:40.345 [main] DEBUG org.hibernate.orm.query.sqm.creation - Applying inferable type to SqmExpression [SqmNamedParameter(gender)] : null -> SqmBasicValuedSimplePath(com.example.trainup.model.user.Athlete(a).gender)
2025-07-31 16:26:40.346 [main] DEBUG org.hibernate.orm.query.sqm.creation - Applying inferable type to SqmExpression [SqmNamedParameter(dateOfBirth)] : null -> SqmBasicValuedSimplePath(com.example.trainup.model.user.Athlete(a).dateOfBirth)
2025-07-31 16:26:40.346 [main] DEBUG org.hibernate.orm.query.sqm.creation - Applying inferable type to SqmExpression [SqmNamedParameter(sportIds_1)] : null -> SqmBasicValuedSimplePath(com.example.trainup.model.user.Athlete(a).sports(s).{element}.id)
2025-07-31 16:26:40.346 [main] DEBUG org.hibernate.orm.query.sqm.creation - Applying inferable type to SqmExpression [SqmNamedParameter(emailPermission)] : null -> SqmBasicValuedSimplePath(com.example.trainup.model.user.Athlete(a).emailPermission)
2025-07-31 16:26:40.346 [main] DEBUG org.hibernate.orm.query.sqm.creation - Applying inferable type to SqmExpression [SqmNamedParameter(phonePermission)] : null -> SqmBasicValuedSimplePath(com.example.trainup.model.user.Athlete(a).phonePermission)
2025-07-31 16:26:40.347 [main] DEBUG org.hibernate.orm.query.sqm.ast - SqmStatement Tree :
    -> [select]
      -> [query-spec]
        -> [select]
          -> [selection]
          <- [selection]
        <- [select]
        -> [from]
          -> [root] - `com.example.trainup.model.user.Athlete(a)`
            -> [joins]
              -> [attribute] - `com.example.trainup.model.user.Athlete(a).sports(s)`
                  [fetched = false]
              <- [attribute] - `com.example.trainup.model.user.Athlete(a).sports(s)`
            <- [joins]
          <- [root] - `com.example.trainup.model.user.Athlete(a)`
        <- [from]
        -> [where]
          -> [and]
            -> [EQUAL]
                -> [basic-path] - `com.example.trainup.model.user.Athlete(a).isDeleted`
            <- [EQUAL]
            -> [grouped]
                -> [or]
                  -> [is-null]
                      :firstName
                  <- [is-null]
                  -> [grouped]
                      -> [is-like]
                      <- [is-like]
                  <- [grouped]
                <- [or]
            <- [grouped]
            -> [grouped]
                -> [or]
                  -> [is-null]
                      :lastName
                  <- [is-null]
                  -> [grouped]
                      -> [is-like]
                      <- [is-like]
                  <- [grouped]
                <- [or]
            <- [grouped]
            -> [grouped]
                -> [or]
                  -> [is-null]
                      :gender
                  <- [is-null]
                  -> [EQUAL]
                      -> [basic-path] - `com.example.trainup.model.user.Athlete(a).gender`
                      :gender
                  <- [EQUAL]
                <- [or]
            <- [grouped]
            -> [grouped]
                -> [or]
                  -> [is-null]
                      :dateOfBirth
                  <- [is-null]
                  -> [EQUAL]
                      -> [basic-path] - `com.example.trainup.model.user.Athlete(a).dateOfBirth`
                      :dateOfBirth
                  <- [EQUAL]
                <- [or]
            <- [grouped]
            -> [grouped]
                -> [or]
                  -> [is-null]
                      :sportIds
                  <- [is-null]
                <- [or]
            <- [grouped]
            -> [grouped]
                -> [or]
                  -> [is-null]
                      :emailPermission
                  <- [is-null]
                  -> [EQUAL]
                      -> [basic-path] - `com.example.trainup.model.user.Athlete(a).emailPermission`
                      :emailPermission
                  <- [EQUAL]
                <- [or]
            <- [grouped]
            -> [grouped]
                -> [or]
                  -> [is-null]
                      :phonePermission
                  <- [is-null]
                  -> [EQUAL]
                      -> [basic-path] - `com.example.trainup.model.user.Athlete(a).phonePermission`
                      :phonePermission
                  <- [EQUAL]
                <- [or]
            <- [grouped]
          <- [and]
        <- [where]
      <- [query-spec]
    <- [select]

2025-07-31 16:26:40.348 [main] DEBUG org.hibernate.resource.transaction.backend.jdbc.internal.JdbcResourceLocalTransactionCoordinatorImpl - JDBC transaction marked for rollback-only (exception provided for stack trace)
java.lang.Exception: exception just for purpose of providing stack trace
	at org.hibernate.resource.transaction.backend.jdbc.internal.JdbcResourceLocalTransactionCoordinatorImpl$TransactionDriverControlImpl.markRollbackOnly(JdbcResourceLocalTransactionCoordinatorImpl.java:309) ~[hibernate-core-6.6.8.Final.jar:6.6.8.Final]
	at org.hibernate.internal.AbstractSharedSessionContract.buildNamedQuery(AbstractSharedSessionContract.java:1141) ~[hibernate-core-6.6.8.Final.jar:6.6.8.Final]
	at org.hibernate.internal.AbstractSharedSessionContract.createNamedQuery(AbstractSharedSessionContract.java:1019) ~[hibernate-core-6.6.8.Final.jar:6.6.8.Final]
	at org.hibernate.internal.AbstractSharedSessionContract.createNamedQuery(AbstractSharedSessionContract.java:143) ~[hibernate-core-6.6.8.Final.jar:6.6.8.Final]
	at jdk.internal.reflect.GeneratedMethodAccessor95.invoke(Unknown Source) ~[?:?]
	at java.base/jdk.internal.reflect.DelegatingMethodAccessorImpl.invoke(DelegatingMethodAccessorImpl.java:43) ~[?:?]
	at java.base/java.lang.reflect.Method.invoke(Method.java:569) ~[?:?]
	at org.springframework.orm.jpa.ExtendedEntityManagerCreator$ExtendedEntityManagerInvocationHandler.invoke(ExtendedEntityManagerCreator.java:364) ~[spring-orm-6.2.3.jar:6.2.3]
	at jdk.proxy2/jdk.proxy2.$Proxy236.createNamedQuery(Unknown Source) ~[?:?]
	at org.springframework.data.jpa.repository.query.NamedQuery.hasNamedQuery(NamedQuery.java:114) ~[spring-data-jpa-3.4.3.jar:3.4.3]
	at org.springframework.data.jpa.repository.query.JpaQueryLookupStrategy$DeclaredQueryLookupStrategy.getCountQuery(JpaQueryLookupStrategy.java:208) ~[spring-data-jpa-3.4.3.jar:3.4.3]
	at org.springframework.data.jpa.repository.query.JpaQueryLookupStrategy$DeclaredQueryLookupStrategy.resolveQuery(JpaQueryLookupStrategy.java:175) ~[spring-data-jpa-3.4.3.jar:3.4.3]
	at org.springframework.data.jpa.repository.query.JpaQueryLookupStrategy$CreateIfNotFoundQueryLookupStrategy.resolveQuery(JpaQueryLookupStrategy.java:256) ~[spring-data-jpa-3.4.3.jar:3.4.3]
	at org.springframework.data.jpa.repository.query.JpaQueryLookupStrategy$AbstractQueryLookupStrategy.resolveQuery(JpaQueryLookupStrategy.java:99) ~[spring-data-jpa-3.4.3.jar:3.4.3]
	at org.springframework.data.repository.core.support.QueryExecutorMethodInterceptor.lookupQuery(QueryExecutorMethodInterceptor.java:116) ~[spring-data-commons-3.4.3.jar:3.4.3]
	at org.springframework.data.repository.core.support.QueryExecutorMethodInterceptor.mapMethodsToQuery(QueryExecutorMethodInterceptor.java:104) ~[spring-data-commons-3.4.3.jar:3.4.3]
	at org.springframework.data.repository.core.support.QueryExecutorMethodInterceptor.lambda$new$0(QueryExecutorMethodInterceptor.java:92) ~[spring-data-commons-3.4.3.jar:3.4.3]
	at java.base/java.util.Optional.map(Optional.java:260) ~[?:?]
	at org.springframework.data.repository.core.support.QueryExecutorMethodInterceptor.<init>(QueryExecutorMethodInterceptor.java:92) ~[spring-data-commons-3.4.3.jar:3.4.3]
	at org.springframework.data.repository.core.support.RepositoryFactorySupport.getRepository(RepositoryFactorySupport.java:440) ~[spring-data-commons-3.4.3.jar:3.4.3]
	at org.springframework.data.repository.core.support.RepositoryFactoryBeanSupport.lambda$afterPropertiesSet$4(RepositoryFactoryBeanSupport.java:350) ~[spring-data-commons-3.4.3.jar:3.4.3]
	at org.springframework.data.util.Lazy.getNullable(Lazy.java:135) ~[spring-data-commons-3.4.3.jar:3.4.3]
	at org.springframework.data.util.Lazy.get(Lazy.java:113) ~[spring-data-commons-3.4.3.jar:3.4.3]
	at org.springframework.data.repository.core.support.RepositoryFactoryBeanSupport.afterPropertiesSet(RepositoryFactoryBeanSupport.java:356) ~[spring-data-commons-3.4.3.jar:3.4.3]
	at org.springframework.data.jpa.repository.support.JpaRepositoryFactoryBean.afterPropertiesSet(JpaRepositoryFactoryBean.java:132) ~[spring-data-jpa-3.4.3.jar:3.4.3]
	at org.springframework.beans.factory.support.AbstractAutowireCapableBeanFactory.invokeInitMethods(AbstractAutowireCapableBeanFactory.java:1859) ~[spring-beans-6.2.3.jar:6.2.3]
	at org.springframework.beans.factory.support.AbstractAutowireCapableBeanFactory.initializeBean(AbstractAutowireCapableBeanFactory.java:1808) ~[spring-beans-6.2.3.jar:6.2.3]
	at org.springframework.beans.factory.support.AbstractAutowireCapableBeanFactory.doCreateBean(AbstractAutowireCapableBeanFactory.java:601) ~[spring-beans-6.2.3.jar:6.2.3]
	at org.springframework.beans.factory.support.AbstractAutowireCapableBeanFactory.createBean(AbstractAutowireCapableBeanFactory.java:523) ~[spring-beans-6.2.3.jar:6.2.3]
	at org.springframework.beans.factory.support.AbstractBeanFactory.lambda$doGetBean$0(AbstractBeanFactory.java:339) ~[spring-beans-6.2.3.jar:6.2.3]
	at org.springframework.beans.factory.support.DefaultSingletonBeanRegistry.getSingleton(DefaultSingletonBeanRegistry.java:346) ~[spring-beans-6.2.3.jar:6.2.3]
	at org.springframework.beans.factory.support.AbstractBeanFactory.doGetBean(AbstractBeanFactory.java:337) ~[spring-beans-6.2.3.jar:6.2.3]
	at org.springframework.beans.factory.support.AbstractBeanFactory.getBean(AbstractBeanFactory.java:202) ~[spring-beans-6.2.3.jar:6.2.3]
	at org.springframework.beans.factory.support.DefaultListableBeanFactory.doResolveDependency(DefaultListableBeanFactory.java:1606) ~[spring-beans-6.2.3.jar:6.2.3]
	at org.springframework.beans.factory.support.DefaultListableBeanFactory.resolveDependency(DefaultListableBeanFactory.java:1552) ~[spring-beans-6.2.3.jar:6.2.3]
	at org.springframework.beans.factory.support.ConstructorResolver.resolveAutowiredArgument(ConstructorResolver.java:913) ~[spring-beans-6.2.3.jar:6.2.3]
	at org.springframework.beans.factory.support.ConstructorResolver.createArgumentArray(ConstructorResolver.java:791) ~[spring-beans-6.2.3.jar:6.2.3]
	at org.springframework.beans.factory.support.ConstructorResolver.autowireConstructor(ConstructorResolver.java:240) ~[spring-beans-6.2.3.jar:6.2.3]
	at org.springframework.beans.factory.support.AbstractAutowireCapableBeanFactory.autowireConstructor(AbstractAutowireCapableBeanFactory.java:1381) ~[spring-beans-6.2.3.jar:6.2.3]
	at org.springframework.beans.factory.support.AbstractAutowireCapableBeanFactory.createBeanInstance(AbstractAutowireCapableBeanFactory.java:1218) ~[spring-beans-6.2.3.jar:6.2.3]
	at org.springframework.beans.factory.support.AbstractAutowireCapableBeanFactory.doCreateBean(AbstractAutowireCapableBeanFactory.java:563) ~[spring-beans-6.2.3.jar:6.2.3]
	at org.springframework.beans.factory.support.AbstractAutowireCapableBeanFactory.createBean(AbstractAutowireCapableBeanFactory.java:523) ~[spring-beans-6.2.3.jar:6.2.3]
	at org.springframework.beans.factory.support.AbstractBeanFactory.lambda$doGetBean$0(AbstractBeanFactory.java:339) ~[spring-beans-6.2.3.jar:6.2.3]
	at org.springframework.beans.factory.support.DefaultSingletonBeanRegistry.getSingleton(DefaultSingletonBeanRegistry.java:346) ~[spring-beans-6.2.3.jar:6.2.3]
	at org.springframework.beans.factory.support.AbstractBeanFactory.doGetBean(AbstractBeanFactory.java:337) ~[spring-beans-6.2.3.jar:6.2.3]
	at org.springframework.beans.factory.support.AbstractBeanFactory.getBean(AbstractBeanFactory.java:202) ~[spring-beans-6.2.3.jar:6.2.3]
	at org.springframework.beans.factory.support.DefaultListableBeanFactory.doResolveDependency(DefaultListableBeanFactory.java:1606) ~[spring-beans-6.2.3.jar:6.2.3]
	at org.springframework.beans.factory.support.DefaultListableBeanFactory.resolveDependency(DefaultListableBeanFactory.java:1552) ~[spring-beans-6.2.3.jar:6.2.3]
	at org.springframework.beans.factory.support.ConstructorResolver.resolveAutowiredArgument(ConstructorResolver.java:913) ~[spring-beans-6.2.3.jar:6.2.3]
	at org.springframework.beans.factory.support.ConstructorResolver.createArgumentArray(ConstructorResolver.java:791) ~[spring-beans-6.2.3.jar:6.2.3]
	at org.springframework.beans.factory.support.ConstructorResolver.autowireConstructor(ConstructorResolver.java:240) ~[spring-beans-6.2.3.jar:6.2.3]
	at org.springframework.beans.factory.support.AbstractAutowireCapableBeanFactory.autowireConstructor(AbstractAutowireCapableBeanFactory.java:1381) ~[spring-beans-6.2.3.jar:6.2.3]
	at org.springframework.beans.factory.support.AbstractAutowireCapableBeanFactory.createBeanInstance(AbstractAutowireCapableBeanFactory.java:1218) ~[spring-beans-6.2.3.jar:6.2.3]
	at org.springframework.beans.factory.support.AbstractAutowireCapableBeanFactory.doCreateBean(AbstractAutowireCapableBeanFactory.java:563) ~[spring-beans-6.2.3.jar:6.2.3]
	at org.springframework.beans.factory.support.AbstractAutowireCapableBeanFactory.createBean(AbstractAutowireCapableBeanFactory.java:523) ~[spring-beans-6.2.3.jar:6.2.3]
	at org.springframework.beans.factory.support.AbstractBeanFactory.lambda$doGetBean$0(AbstractBeanFactory.java:339) ~[spring-beans-6.2.3.jar:6.2.3]
	at org.springframework.beans.factory.support.DefaultSingletonBeanRegistry.getSingleton(DefaultSingletonBeanRegistry.java:346) ~[spring-beans-6.2.3.jar:6.2.3]
	at org.springframework.beans.factory.support.AbstractBeanFactory.doGetBean(AbstractBeanFactory.java:337) ~[spring-beans-6.2.3.jar:6.2.3]
	at org.springframework.beans.factory.support.AbstractBeanFactory.getBean(AbstractBeanFactory.java:202) ~[spring-beans-6.2.3.jar:6.2.3]
	at org.springframework.beans.factory.config.DependencyDescriptor.resolveCandidate(DependencyDescriptor.java:254) ~[spring-beans-6.2.3.jar:6.2.3]
	at org.springframework.beans.factory.support.DefaultListableBeanFactory.doResolveDependency(DefaultListableBeanFactory.java:1664) ~[spring-beans-6.2.3.jar:6.2.3]
	at org.springframework.beans.factory.support.DefaultListableBeanFactory.resolveDependency(DefaultListableBeanFactory.java:1552) ~[spring-beans-6.2.3.jar:6.2.3]
	at org.springframework.beans.factory.support.ConstructorResolver.resolveAutowiredArgument(ConstructorResolver.java:913) ~[spring-beans-6.2.3.jar:6.2.3]
	at org.springframework.beans.factory.support.ConstructorResolver.createArgumentArray(ConstructorResolver.java:791) ~[spring-beans-6.2.3.jar:6.2.3]
	at org.springframework.beans.factory.support.ConstructorResolver.autowireConstructor(ConstructorResolver.java:240) ~[spring-beans-6.2.3.jar:6.2.3]
	at org.springframework.beans.factory.support.AbstractAutowireCapableBeanFactory.autowireConstructor(AbstractAutowireCapableBeanFactory.java:1381) ~[spring-beans-6.2.3.jar:6.2.3]
	at org.springframework.beans.factory.support.AbstractAutowireCapableBeanFactory.createBeanInstance(AbstractAutowireCapableBeanFactory.java:1218) ~[spring-beans-6.2.3.jar:6.2.3]
	at org.springframework.beans.factory.support.AbstractAutowireCapableBeanFactory.doCreateBean(AbstractAutowireCapableBeanFactory.java:563) ~[spring-beans-6.2.3.jar:6.2.3]
	at org.springframework.beans.factory.support.AbstractAutowireCapableBeanFactory.createBean(AbstractAutowireCapableBeanFactory.java:523) ~[spring-beans-6.2.3.jar:6.2.3]
	at org.springframework.beans.factory.support.AbstractBeanFactory.lambda$doGetBean$0(AbstractBeanFactory.java:339) ~[spring-beans-6.2.3.jar:6.2.3]
	at org.springframework.beans.factory.support.DefaultSingletonBeanRegistry.getSingleton(DefaultSingletonBeanRegistry.java:346) ~[spring-beans-6.2.3.jar:6.2.3]
	at org.springframework.beans.factory.support.AbstractBeanFactory.doGetBean(AbstractBeanFactory.java:337) ~[spring-beans-6.2.3.jar:6.2.3]
	at org.springframework.beans.factory.support.AbstractBeanFactory.getBean(AbstractBeanFactory.java:202) ~[spring-beans-6.2.3.jar:6.2.3]
	at org.springframework.beans.factory.support.DefaultListableBeanFactory.instantiateSingleton(DefaultListableBeanFactory.java:1155) ~[spring-beans-6.2.3.jar:6.2.3]
	at org.springframework.beans.factory.support.DefaultListableBeanFactory.preInstantiateSingleton(DefaultListableBeanFactory.java:1121) ~[spring-beans-6.2.3.jar:6.2.3]
	at org.springframework.beans.factory.support.DefaultListableBeanFactory.preInstantiateSingletons(DefaultListableBeanFactory.java:1056) ~[spring-beans-6.2.3.jar:6.2.3]
	at org.springframework.context.support.AbstractApplicationContext.finishBeanFactoryInitialization(AbstractApplicationContext.java:987) ~[spring-context-6.2.3.jar:6.2.3]
	at org.springframework.context.support.AbstractApplicationContext.refresh(AbstractApplicationContext.java:627) ~[spring-context-6.2.3.jar:6.2.3]
	at org.springframework.boot.SpringApplication.refresh(SpringApplication.java:752) ~[spring-boot-3.4.3.jar:3.4.3]
	at org.springframework.boot.SpringApplication.refreshContext(SpringApplication.java:439) ~[spring-boot-3.4.3.jar:3.4.3]
	at org.springframework.boot.SpringApplication.run(SpringApplication.java:318) ~[spring-boot-3.4.3.jar:3.4.3]
	at org.springframework.boot.test.context.SpringBootContextLoader.lambda$loadContext$3(SpringBootContextLoader.java:137) ~[spring-boot-test-3.4.3.jar:3.4.3]
	at org.springframework.util.function.ThrowingSupplier.get(ThrowingSupplier.java:58) ~[spring-core-6.2.3.jar:6.2.3]
	at org.springframework.util.function.ThrowingSupplier.get(ThrowingSupplier.java:46) ~[spring-core-6.2.3.jar:6.2.3]
	at org.springframework.boot.SpringApplication.withHook(SpringApplication.java:1461) ~[spring-boot-3.4.3.jar:3.4.3]
	at org.springframework.boot.test.context.SpringBootContextLoader$ContextLoaderHook.run(SpringBootContextLoader.java:553) ~[spring-boot-test-3.4.3.jar:3.4.3]
	at org.springframework.boot.test.context.SpringBootContextLoader.loadContext(SpringBootContextLoader.java:137) ~[spring-boot-test-3.4.3.jar:3.4.3]
	at org.springframework.boot.test.context.SpringBootContextLoader.loadContext(SpringBootContextLoader.java:108) ~[spring-boot-test-3.4.3.jar:3.4.3]
	at org.springframework.test.context.cache.DefaultCacheAwareContextLoaderDelegate.loadContextInternal(DefaultCacheAwareContextLoaderDelegate.java:225) ~[spring-test-6.2.3.jar:6.2.3]
	at org.springframework.test.context.cache.DefaultCacheAwareContextLoaderDelegate.loadContext(DefaultCacheAwareContextLoaderDelegate.java:152) ~[spring-test-6.2.3.jar:6.2.3]
	at org.springframework.test.context.support.DefaultTestContext.getApplicationContext(DefaultTestContext.java:130) ~[spring-test-6.2.3.jar:6.2.3]
	at org.springframework.test.context.web.ServletTestExecutionListener.setUpRequestContextIfNecessary(ServletTestExecutionListener.java:200) ~[spring-test-6.2.3.jar:6.2.3]
	at org.springframework.test.context.web.ServletTestExecutionListener.prepareTestInstance(ServletTestExecutionListener.java:139) ~[spring-test-6.2.3.jar:6.2.3]
	at org.springframework.test.context.TestContextManager.prepareTestInstance(TestContextManager.java:260) ~[spring-test-6.2.3.jar:6.2.3]
	at org.springframework.test.context.junit.jupiter.SpringExtension.postProcessTestInstance(SpringExtension.java:160) ~[spring-test-6.2.3.jar:6.2.3]
	at org.junit.jupiter.engine.descriptor.ClassBasedTestDescriptor.lambda$invokeTestInstancePostProcessors$11(ClassBasedTestDescriptor.java:378) ~[junit-jupiter-engine-5.11.4.jar:5.11.4]
	at org.junit.jupiter.engine.descriptor.ClassBasedTestDescriptor.executeAndMaskThrowable(ClassBasedTestDescriptor.java:383) ~[junit-jupiter-engine-5.11.4.jar:5.11.4]
	at org.junit.jupiter.engine.descriptor.ClassBasedTestDescriptor.lambda$invokeTestInstancePostProcessors$12(ClassBasedTestDescriptor.java:378) ~[junit-jupiter-engine-5.11.4.jar:5.11.4]
	at java.base/java.util.stream.ForEachOps$ForEachOp$OfRef.accept(ForEachOps.java:183) ~[?:?]
	at java.base/java.util.stream.ReferencePipeline$3$1.accept(ReferencePipeline.java:197) ~[?:?]
	at java.base/java.util.stream.ReferencePipeline$2$1.accept(ReferencePipeline.java:179) ~[?:?]
	at java.base/java.util.stream.ReferencePipeline$3$1.accept(ReferencePipeline.java:197) ~[?:?]
	at java.base/java.util.ArrayList$ArrayListSpliterator.forEachRemaining(ArrayList.java:1625) ~[?:?]
	at java.base/java.util.stream.AbstractPipeline.copyInto(AbstractPipeline.java:509) ~[?:?]
	at java.base/java.util.stream.AbstractPipeline.wrapAndCopyInto(AbstractPipeline.java:499) ~[?:?]
	at java.base/java.util.stream.ForEachOps$ForEachOp.evaluateSequential(ForEachOps.java:150) ~[?:?]
	at java.base/java.util.stream.ForEachOps$ForEachOp$OfRef.evaluateSequential(ForEachOps.java:173) ~[?:?]
	at java.base/java.util.stream.AbstractPipeline.evaluate(AbstractPipeline.java:234) ~[?:?]
	at java.base/java.util.stream.ReferencePipeline.forEach(ReferencePipeline.java:596) ~[?:?]
	at org.junit.jupiter.engine.descriptor.ClassBasedTestDescriptor.invokeTestInstancePostProcessors(ClassBasedTestDescriptor.java:377) ~[junit-jupiter-engine-5.11.4.jar:5.11.4]
	at org.junit.jupiter.engine.descriptor.ClassBasedTestDescriptor.lambda$instantiateAndPostProcessTestInstance$7(ClassBasedTestDescriptor.java:290) ~[junit-jupiter-engine-5.11.4.jar:5.11.4]
	at org.junit.platform.engine.support.hierarchical.ThrowableCollector.execute(ThrowableCollector.java:73) ~[junit-platform-engine-1.11.4.jar:1.11.4]
	at org.junit.jupiter.engine.descriptor.ClassBasedTestDescriptor.instantiateAndPostProcessTestInstance(ClassBasedTestDescriptor.java:289) ~[junit-jupiter-engine-5.11.4.jar:5.11.4]
	at org.junit.jupiter.engine.descriptor.ClassBasedTestDescriptor.lambda$testInstancesProvider$5(ClassBasedTestDescriptor.java:279) ~[junit-jupiter-engine-5.11.4.jar:5.11.4]
	at java.base/java.util.Optional.orElseGet(Optional.java:364) ~[?:?]
	at org.junit.jupiter.engine.descriptor.ClassBasedTestDescriptor.lambda$testInstancesProvider$6(ClassBasedTestDescriptor.java:278) ~[junit-jupiter-engine-5.11.4.jar:5.11.4]
	at org.junit.jupiter.engine.execution.TestInstancesProvider.getTestInstances(TestInstancesProvider.java:31) ~[junit-jupiter-engine-5.11.4.jar:5.11.4]
	at org.junit.jupiter.engine.descriptor.TestMethodTestDescriptor.lambda$prepare$1(TestMethodTestDescriptor.java:105) ~[junit-jupiter-engine-5.11.4.jar:5.11.4]
	at org.junit.platform.engine.support.hierarchical.ThrowableCollector.execute(ThrowableCollector.java:73) ~[junit-platform-engine-1.11.4.jar:1.11.4]
	at org.junit.jupiter.engine.descriptor.TestMethodTestDescriptor.prepare(TestMethodTestDescriptor.java:104) ~[junit-jupiter-engine-5.11.4.jar:5.11.4]
	at org.junit.jupiter.engine.descriptor.TestMethodTestDescriptor.prepare(TestMethodTestDescriptor.java:68) ~[junit-jupiter-engine-5.11.4.jar:5.11.4]
	at org.junit.platform.engine.support.hierarchical.NodeTestTask.lambda$prepare$2(NodeTestTask.java:128) ~[junit-platform-engine-1.11.4.jar:1.11.4]
	at org.junit.platform.engine.support.hierarchical.ThrowableCollector.execute(ThrowableCollector.java:73) ~[junit-platform-engine-1.11.4.jar:1.11.4]
	at org.junit.platform.engine.support.hierarchical.NodeTestTask.prepare(NodeTestTask.java:128) ~[junit-platform-engine-1.11.4.jar:1.11.4]
	at org.junit.platform.engine.support.hierarchical.NodeTestTask.execute(NodeTestTask.java:95) ~[junit-platform-engine-1.11.4.jar:1.11.4]
	at java.base/java.util.ArrayList.forEach(ArrayList.java:1511) ~[?:?]
	at org.junit.platform.engine.support.hierarchical.SameThreadHierarchicalTestExecutorService.invokeAll(SameThreadHierarchicalTestExecutorService.java:41) ~[junit-platform-engine-1.11.4.jar:1.11.4]
	at org.junit.platform.engine.support.hierarchical.NodeTestTask.lambda$executeRecursively$6(NodeTestTask.java:160) ~[junit-platform-engine-1.11.4.jar:1.11.4]
	at org.junit.platform.engine.support.hierarchical.ThrowableCollector.execute(ThrowableCollector.java:73) ~[junit-platform-engine-1.11.4.jar:1.11.4]
	at org.junit.platform.engine.support.hierarchical.NodeTestTask.lambda$executeRecursively$8(NodeTestTask.java:146) ~[junit-platform-engine-1.11.4.jar:1.11.4]
	at org.junit.platform.engine.support.hierarchical.Node.around(Node.java:137) ~[junit-platform-engine-1.11.4.jar:1.11.4]
	at org.junit.platform.engine.support.hierarchical.NodeTestTask.lambda$executeRecursively$9(NodeTestTask.java:144) ~[junit-platform-engine-1.11.4.jar:1.11.4]
	at org.junit.platform.engine.support.hierarchical.ThrowableCollector.execute(ThrowableCollector.java:73) ~[junit-platform-engine-1.11.4.jar:1.11.4]
	at org.junit.platform.engine.support.hierarchical.NodeTestTask.executeRecursively(NodeTestTask.java:143) ~[junit-platform-engine-1.11.4.jar:1.11.4]
	at org.junit.platform.engine.support.hierarchical.NodeTestTask.execute(NodeTestTask.java:100) ~[junit-platform-engine-1.11.4.jar:1.11.4]
	at java.base/java.util.ArrayList.forEach(ArrayList.java:1511) ~[?:?]
	at org.junit.platform.engine.support.hierarchical.SameThreadHierarchicalTestExecutorService.invokeAll(SameThreadHierarchicalTestExecutorService.java:41) ~[junit-platform-engine-1.11.4.jar:1.11.4]
	at org.junit.platform.engine.support.hierarchical.NodeTestTask.lambda$executeRecursively$6(NodeTestTask.java:160) ~[junit-platform-engine-1.11.4.jar:1.11.4]
	at org.junit.platform.engine.support.hierarchical.ThrowableCollector.execute(ThrowableCollector.java:73) ~[junit-platform-engine-1.11.4.jar:1.11.4]
	at org.junit.platform.engine.support.hierarchical.NodeTestTask.lambda$executeRecursively$8(NodeTestTask.java:146) ~[junit-platform-engine-1.11.4.jar:1.11.4]
	at org.junit.platform.engine.support.hierarchical.Node.around(Node.java:137) ~[junit-platform-engine-1.11.4.jar:1.11.4]
	at org.junit.platform.engine.support.hierarchical.NodeTestTask.lambda$executeRecursively$9(NodeTestTask.java:144) ~[junit-platform-engine-1.11.4.jar:1.11.4]
	at org.junit.platform.engine.support.hierarchical.ThrowableCollector.execute(ThrowableCollector.java:73) ~[junit-platform-engine-1.11.4.jar:1.11.4]
	at org.junit.platform.engine.support.hierarchical.NodeTestTask.executeRecursively(NodeTestTask.java:143) ~[junit-platform-engine-1.11.4.jar:1.11.4]
	at org.junit.platform.engine.support.hierarchical.NodeTestTask.execute(NodeTestTask.java:100) ~[junit-platform-engine-1.11.4.jar:1.11.4]
	at org.junit.platform.engine.support.hierarchical.SameThreadHierarchicalTestExecutorService.submit(SameThreadHierarchicalTestExecutorService.java:35) ~[junit-platform-engine-1.11.4.jar:1.11.4]
	at org.junit.platform.engine.support.hierarchical.HierarchicalTestExecutor.execute(HierarchicalTestExecutor.java:57) ~[junit-platform-engine-1.11.4.jar:1.11.4]
	at org.junit.platform.engine.support.hierarchical.HierarchicalTestEngine.execute(HierarchicalTestEngine.java:54) ~[junit-platform-engine-1.11.4.jar:1.11.4]
	at org.junit.platform.launcher.core.EngineExecutionOrchestrator.execute(EngineExecutionOrchestrator.java:198) ~[junit-platform-launcher-1.11.4.jar:1.11.4]
	at org.junit.platform.launcher.core.EngineExecutionOrchestrator.execute(EngineExecutionOrchestrator.java:169) ~[junit-platform-launcher-1.11.4.jar:1.11.4]
	at org.junit.platform.launcher.core.EngineExecutionOrchestrator.execute(EngineExecutionOrchestrator.java:93) ~[junit-platform-launcher-1.11.4.jar:1.11.4]
	at org.junit.platform.launcher.core.EngineExecutionOrchestrator.lambda$execute$0(EngineExecutionOrchestrator.java:58) ~[junit-platform-launcher-1.11.4.jar:1.11.4]
	at org.junit.platform.launcher.core.EngineExecutionOrchestrator.withInterceptedStreams(EngineExecutionOrchestrator.java:141) [junit-platform-launcher-1.11.4.jar:1.11.4]
	at org.junit.platform.launcher.core.EngineExecutionOrchestrator.execute(EngineExecutionOrchestrator.java:57) [junit-platform-launcher-1.11.4.jar:1.11.4]
	at org.junit.platform.launcher.core.DefaultLauncher.execute(DefaultLauncher.java:103) [junit-platform-launcher-1.11.4.jar:1.11.4]
	at org.junit.platform.launcher.core.DefaultLauncher.execute(DefaultLauncher.java:85) [junit-platform-launcher-1.11.4.jar:1.11.4]
	at org.junit.platform.launcher.core.DelegatingLauncher.execute(DelegatingLauncher.java:47) [junit-platform-launcher-1.11.4.jar:1.11.4]
	at org.apache.maven.surefire.junitplatform.LazyLauncher.execute(LazyLauncher.java:56) [surefire-junit-platform-3.5.2.jar:3.5.2]
	at org.apache.maven.surefire.junitplatform.JUnitPlatformProvider.execute(JUnitPlatformProvider.java:184) [surefire-junit-platform-3.5.2.jar:3.5.2]
	at org.apache.maven.surefire.junitplatform.JUnitPlatformProvider.invokeAllTests(JUnitPlatformProvider.java:148) [surefire-junit-platform-3.5.2.jar:3.5.2]
	at org.apache.maven.surefire.junitplatform.JUnitPlatformProvider.invoke(JUnitPlatformProvider.java:122) [surefire-junit-platform-3.5.2.jar:3.5.2]
	at org.apache.maven.surefire.booter.ForkedBooter.runSuitesInProcess(ForkedBooter.java:385) [surefire-booter-3.5.2.jar:3.5.2]
	at org.apache.maven.surefire.booter.ForkedBooter.execute(ForkedBooter.java:162) [surefire-booter-3.5.2.jar:3.5.2]
	at org.apache.maven.surefire.booter.ForkedBooter.run(ForkedBooter.java:507) [surefire-booter-3.5.2.jar:3.5.2]
	at org.apache.maven.surefire.booter.ForkedBooter.main(ForkedBooter.java:495) [surefire-booter-3.5.2.jar:3.5.2]
2025-07-31 16:26:40.351 [main] DEBUG org.springframework.data.jpa.repository.query.NamedQuery - Did not find named query Athlete.findByEmail.count
2025-07-31 16:26:40.351 [main] DEBUG org.springframework.orm.jpa.SharedEntityManagerCreator$SharedEntityManagerInvocationHandler - Creating new EntityManager for shared EntityManager invocation
2025-07-31 16:26:40.352 [main] DEBUG org.hibernate.orm.query.hql - HQL : SELECT a FROM Athlete a JOIN a.userCredentials uc WHERE uc.email = :email AND a.isDeleted = false
2025-07-31 16:26:40.353 [main] DEBUG org.hibernate.orm.query.sqm.creation - Applying inferable type to SqmExpression [SqmNamedParameter(email)] : null -> SqmBasicValuedSimplePath(com.example.trainup.model.user.Athlete(a).userCredentials(uc).email)
2025-07-31 16:26:40.354 [main] DEBUG org.hibernate.orm.query.sqm.ast - SqmStatement Tree :
    -> [select]
      -> [query-spec]
        -> [select]
          -> [selection]
            -> [root] - `com.example.trainup.model.user.Athlete(a)`
              -> [joins]
                -> [attribute] - `com.example.trainup.model.user.Athlete(a).userCredentials(uc)`
                    [fetched = false]
                <- [attribute] - `com.example.trainup.model.user.Athlete(a).userCredentials(uc)`
              <- [joins]
            <- [root] - `com.example.trainup.model.user.Athlete(a)`
          <- [selection]
        <- [select]
        -> [from]
          -> [root] - `com.example.trainup.model.user.Athlete(a)`
            -> [joins]
              -> [attribute] - `com.example.trainup.model.user.Athlete(a).userCredentials(uc)`
                  [fetched = false]
              <- [attribute] - `com.example.trainup.model.user.Athlete(a).userCredentials(uc)`
            <- [joins]
          <- [root] - `com.example.trainup.model.user.Athlete(a)`
        <- [from]
        -> [where]
          -> [and]
            -> [EQUAL]
                -> [basic-path] - `com.example.trainup.model.user.Athlete(a).userCredentials(uc).email`
                :email
            <- [EQUAL]
            -> [EQUAL]
                -> [basic-path] - `com.example.trainup.model.user.Athlete(a).isDeleted`
            <- [EQUAL]
          <- [and]
        <- [where]
      <- [query-spec]
    <- [select]

2025-07-31 16:26:40.355 [main] DEBUG org.springframework.data.jpa.repository.query.NamedQuery - Looking up named query 'Athlete.findByUserCredentials'
2025-07-31 16:26:40.356 [main] DEBUG org.hibernate.resource.transaction.backend.jdbc.internal.JdbcResourceLocalTransactionCoordinatorImpl - JDBC transaction marked for rollback-only (exception provided for stack trace)
java.lang.Exception: exception just for purpose of providing stack trace
	at org.hibernate.resource.transaction.backend.jdbc.internal.JdbcResourceLocalTransactionCoordinatorImpl$TransactionDriverControlImpl.markRollbackOnly(JdbcResourceLocalTransactionCoordinatorImpl.java:309) ~[hibernate-core-6.6.8.Final.jar:6.6.8.Final]
	at org.hibernate.internal.AbstractSharedSessionContract.buildNamedQuery(AbstractSharedSessionContract.java:1141) ~[hibernate-core-6.6.8.Final.jar:6.6.8.Final]
	at org.hibernate.internal.AbstractSharedSessionContract.createNamedQuery(AbstractSharedSessionContract.java:1019) ~[hibernate-core-6.6.8.Final.jar:6.6.8.Final]
	at org.hibernate.internal.AbstractSharedSessionContract.createNamedQuery(AbstractSharedSessionContract.java:143) ~[hibernate-core-6.6.8.Final.jar:6.6.8.Final]
	at jdk.internal.reflect.GeneratedMethodAccessor95.invoke(Unknown Source) ~[?:?]
	at java.base/jdk.internal.reflect.DelegatingMethodAccessorImpl.invoke(DelegatingMethodAccessorImpl.java:43) ~[?:?]
	at java.base/java.lang.reflect.Method.invoke(Method.java:569) ~[?:?]
	at org.springframework.orm.jpa.ExtendedEntityManagerCreator$ExtendedEntityManagerInvocationHandler.invoke(ExtendedEntityManagerCreator.java:364) ~[spring-orm-6.2.3.jar:6.2.3]
	at jdk.proxy2/jdk.proxy2.$Proxy236.createNamedQuery(Unknown Source) ~[?:?]
	at org.springframework.data.jpa.repository.query.NamedQuery.hasNamedQuery(NamedQuery.java:114) ~[spring-data-jpa-3.4.3.jar:3.4.3]
	at org.springframework.data.jpa.repository.query.NamedQuery.lookupFrom(NamedQuery.java:140) ~[spring-data-jpa-3.4.3.jar:3.4.3]
	at org.springframework.data.jpa.repository.query.JpaQueryLookupStrategy$DeclaredQueryLookupStrategy.resolveQuery(JpaQueryLookupStrategy.java:184) ~[spring-data-jpa-3.4.3.jar:3.4.3]
	at org.springframework.data.jpa.repository.query.JpaQueryLookupStrategy$CreateIfNotFoundQueryLookupStrategy.resolveQuery(JpaQueryLookupStrategy.java:256) ~[spring-data-jpa-3.4.3.jar:3.4.3]
	at org.springframework.data.jpa.repository.query.JpaQueryLookupStrategy$AbstractQueryLookupStrategy.resolveQuery(JpaQueryLookupStrategy.java:99) ~[spring-data-jpa-3.4.3.jar:3.4.3]
	at org.springframework.data.repository.core.support.QueryExecutorMethodInterceptor.lookupQuery(QueryExecutorMethodInterceptor.java:116) ~[spring-data-commons-3.4.3.jar:3.4.3]
	at org.springframework.data.repository.core.support.QueryExecutorMethodInterceptor.mapMethodsToQuery(QueryExecutorMethodInterceptor.java:104) ~[spring-data-commons-3.4.3.jar:3.4.3]
	at org.springframework.data.repository.core.support.QueryExecutorMethodInterceptor.lambda$new$0(QueryExecutorMethodInterceptor.java:92) ~[spring-data-commons-3.4.3.jar:3.4.3]
	at java.base/java.util.Optional.map(Optional.java:260) ~[?:?]
	at org.springframework.data.repository.core.support.QueryExecutorMethodInterceptor.<init>(QueryExecutorMethodInterceptor.java:92) ~[spring-data-commons-3.4.3.jar:3.4.3]
	at org.springframework.data.repository.core.support.RepositoryFactorySupport.getRepository(RepositoryFactorySupport.java:440) ~[spring-data-commons-3.4.3.jar:3.4.3]
	at org.springframework.data.repository.core.support.RepositoryFactoryBeanSupport.lambda$afterPropertiesSet$4(RepositoryFactoryBeanSupport.java:350) ~[spring-data-commons-3.4.3.jar:3.4.3]
	at org.springframework.data.util.Lazy.getNullable(Lazy.java:135) ~[spring-data-commons-3.4.3.jar:3.4.3]
	at org.springframework.data.util.Lazy.get(Lazy.java:113) ~[spring-data-commons-3.4.3.jar:3.4.3]
	at org.springframework.data.repository.core.support.RepositoryFactoryBeanSupport.afterPropertiesSet(RepositoryFactoryBeanSupport.java:356) ~[spring-data-commons-3.4.3.jar:3.4.3]
	at org.springframework.data.jpa.repository.support.JpaRepositoryFactoryBean.afterPropertiesSet(JpaRepositoryFactoryBean.java:132) ~[spring-data-jpa-3.4.3.jar:3.4.3]
	at org.springframework.beans.factory.support.AbstractAutowireCapableBeanFactory.invokeInitMethods(AbstractAutowireCapableBeanFactory.java:1859) ~[spring-beans-6.2.3.jar:6.2.3]
	at org.springframework.beans.factory.support.AbstractAutowireCapableBeanFactory.initializeBean(AbstractAutowireCapableBeanFactory.java:1808) ~[spring-beans-6.2.3.jar:6.2.3]
	at org.springframework.beans.factory.support.AbstractAutowireCapableBeanFactory.doCreateBean(AbstractAutowireCapableBeanFactory.java:601) ~[spring-beans-6.2.3.jar:6.2.3]
	at org.springframework.beans.factory.support.AbstractAutowireCapableBeanFactory.createBean(AbstractAutowireCapableBeanFactory.java:523) ~[spring-beans-6.2.3.jar:6.2.3]
	at org.springframework.beans.factory.support.AbstractBeanFactory.lambda$doGetBean$0(AbstractBeanFactory.java:339) ~[spring-beans-6.2.3.jar:6.2.3]
	at org.springframework.beans.factory.support.DefaultSingletonBeanRegistry.getSingleton(DefaultSingletonBeanRegistry.java:346) ~[spring-beans-6.2.3.jar:6.2.3]
	at org.springframework.beans.factory.support.AbstractBeanFactory.doGetBean(AbstractBeanFactory.java:337) ~[spring-beans-6.2.3.jar:6.2.3]
	at org.springframework.beans.factory.support.AbstractBeanFactory.getBean(AbstractBeanFactory.java:202) ~[spring-beans-6.2.3.jar:6.2.3]
	at org.springframework.beans.factory.support.DefaultListableBeanFactory.doResolveDependency(DefaultListableBeanFactory.java:1606) ~[spring-beans-6.2.3.jar:6.2.3]
	at org.springframework.beans.factory.support.DefaultListableBeanFactory.resolveDependency(DefaultListableBeanFactory.java:1552) ~[spring-beans-6.2.3.jar:6.2.3]
	at org.springframework.beans.factory.support.ConstructorResolver.resolveAutowiredArgument(ConstructorResolver.java:913) ~[spring-beans-6.2.3.jar:6.2.3]
	at org.springframework.beans.factory.support.ConstructorResolver.createArgumentArray(ConstructorResolver.java:791) ~[spring-beans-6.2.3.jar:6.2.3]
	at org.springframework.beans.factory.support.ConstructorResolver.autowireConstructor(ConstructorResolver.java:240) ~[spring-beans-6.2.3.jar:6.2.3]
	at org.springframework.beans.factory.support.AbstractAutowireCapableBeanFactory.autowireConstructor(AbstractAutowireCapableBeanFactory.java:1381) ~[spring-beans-6.2.3.jar:6.2.3]
	at org.springframework.beans.factory.support.AbstractAutowireCapableBeanFactory.createBeanInstance(AbstractAutowireCapableBeanFactory.java:1218) ~[spring-beans-6.2.3.jar:6.2.3]
	at org.springframework.beans.factory.support.AbstractAutowireCapableBeanFactory.doCreateBean(AbstractAutowireCapableBeanFactory.java:563) ~[spring-beans-6.2.3.jar:6.2.3]
	at org.springframework.beans.factory.support.AbstractAutowireCapableBeanFactory.createBean(AbstractAutowireCapableBeanFactory.java:523) ~[spring-beans-6.2.3.jar:6.2.3]
	at org.springframework.beans.factory.support.AbstractBeanFactory.lambda$doGetBean$0(AbstractBeanFactory.java:339) ~[spring-beans-6.2.3.jar:6.2.3]
	at org.springframework.beans.factory.support.DefaultSingletonBeanRegistry.getSingleton(DefaultSingletonBeanRegistry.java:346) ~[spring-beans-6.2.3.jar:6.2.3]
	at org.springframework.beans.factory.support.AbstractBeanFactory.doGetBean(AbstractBeanFactory.java:337) ~[spring-beans-6.2.3.jar:6.2.3]
	at org.springframework.beans.factory.support.AbstractBeanFactory.getBean(AbstractBeanFactory.java:202) ~[spring-beans-6.2.3.jar:6.2.3]
	at org.springframework.beans.factory.support.DefaultListableBeanFactory.doResolveDependency(DefaultListableBeanFactory.java:1606) ~[spring-beans-6.2.3.jar:6.2.3]
	at org.springframework.beans.factory.support.DefaultListableBeanFactory.resolveDependency(DefaultListableBeanFactory.java:1552) ~[spring-beans-6.2.3.jar:6.2.3]
	at org.springframework.beans.factory.support.ConstructorResolver.resolveAutowiredArgument(ConstructorResolver.java:913) ~[spring-beans-6.2.3.jar:6.2.3]
	at org.springframework.beans.factory.support.ConstructorResolver.createArgumentArray(ConstructorResolver.java:791) ~[spring-beans-6.2.3.jar:6.2.3]
	at org.springframework.beans.factory.support.ConstructorResolver.autowireConstructor(ConstructorResolver.java:240) ~[spring-beans-6.2.3.jar:6.2.3]
	at org.springframework.beans.factory.support.AbstractAutowireCapableBeanFactory.autowireConstructor(AbstractAutowireCapableBeanFactory.java:1381) ~[spring-beans-6.2.3.jar:6.2.3]
	at org.springframework.beans.factory.support.AbstractAutowireCapableBeanFactory.createBeanInstance(AbstractAutowireCapableBeanFactory.java:1218) ~[spring-beans-6.2.3.jar:6.2.3]
	at org.springframework.beans.factory.support.AbstractAutowireCapableBeanFactory.doCreateBean(AbstractAutowireCapableBeanFactory.java:563) ~[spring-beans-6.2.3.jar:6.2.3]
	at org.springframework.beans.factory.support.AbstractAutowireCapableBeanFactory.createBean(AbstractAutowireCapableBeanFactory.java:523) ~[spring-beans-6.2.3.jar:6.2.3]
	at org.springframework.beans.factory.support.AbstractBeanFactory.lambda$doGetBean$0(AbstractBeanFactory.java:339) ~[spring-beans-6.2.3.jar:6.2.3]
	at org.springframework.beans.factory.support.DefaultSingletonBeanRegistry.getSingleton(DefaultSingletonBeanRegistry.java:346) ~[spring-beans-6.2.3.jar:6.2.3]
	at org.springframework.beans.factory.support.AbstractBeanFactory.doGetBean(AbstractBeanFactory.java:337) ~[spring-beans-6.2.3.jar:6.2.3]
	at org.springframework.beans.factory.support.AbstractBeanFactory.getBean(AbstractBeanFactory.java:202) ~[spring-beans-6.2.3.jar:6.2.3]
	at org.springframework.beans.factory.config.DependencyDescriptor.resolveCandidate(DependencyDescriptor.java:254) ~[spring-beans-6.2.3.jar:6.2.3]
	at org.springframework.beans.factory.support.DefaultListableBeanFactory.doResolveDependency(DefaultListableBeanFactory.java:1664) ~[spring-beans-6.2.3.jar:6.2.3]
	at org.springframework.beans.factory.support.DefaultListableBeanFactory.resolveDependency(DefaultListableBeanFactory.java:1552) ~[spring-beans-6.2.3.jar:6.2.3]
	at org.springframework.beans.factory.support.ConstructorResolver.resolveAutowiredArgument(ConstructorResolver.java:913) ~[spring-beans-6.2.3.jar:6.2.3]
	at org.springframework.beans.factory.support.ConstructorResolver.createArgumentArray(ConstructorResolver.java:791) ~[spring-beans-6.2.3.jar:6.2.3]
	at org.springframework.beans.factory.support.ConstructorResolver.autowireConstructor(ConstructorResolver.java:240) ~[spring-beans-6.2.3.jar:6.2.3]
	at org.springframework.beans.factory.support.AbstractAutowireCapableBeanFactory.autowireConstructor(AbstractAutowireCapableBeanFactory.java:1381) ~[spring-beans-6.2.3.jar:6.2.3]
	at org.springframework.beans.factory.support.AbstractAutowireCapableBeanFactory.createBeanInstance(AbstractAutowireCapableBeanFactory.java:1218) ~[spring-beans-6.2.3.jar:6.2.3]
	at org.springframework.beans.factory.support.AbstractAutowireCapableBeanFactory.doCreateBean(AbstractAutowireCapableBeanFactory.java:563) ~[spring-beans-6.2.3.jar:6.2.3]
	at org.springframework.beans.factory.support.AbstractAutowireCapableBeanFactory.createBean(AbstractAutowireCapableBeanFactory.java:523) ~[spring-beans-6.2.3.jar:6.2.3]
	at org.springframework.beans.factory.support.AbstractBeanFactory.lambda$doGetBean$0(AbstractBeanFactory.java:339) ~[spring-beans-6.2.3.jar:6.2.3]
	at org.springframework.beans.factory.support.DefaultSingletonBeanRegistry.getSingleton(DefaultSingletonBeanRegistry.java:346) ~[spring-beans-6.2.3.jar:6.2.3]
	at org.springframework.beans.factory.support.AbstractBeanFactory.doGetBean(AbstractBeanFactory.java:337) ~[spring-beans-6.2.3.jar:6.2.3]
	at org.springframework.beans.factory.support.AbstractBeanFactory.getBean(AbstractBeanFactory.java:202) ~[spring-beans-6.2.3.jar:6.2.3]
	at org.springframework.beans.factory.support.DefaultListableBeanFactory.instantiateSingleton(DefaultListableBeanFactory.java:1155) ~[spring-beans-6.2.3.jar:6.2.3]
	at org.springframework.beans.factory.support.DefaultListableBeanFactory.preInstantiateSingleton(DefaultListableBeanFactory.java:1121) ~[spring-beans-6.2.3.jar:6.2.3]
	at org.springframework.beans.factory.support.DefaultListableBeanFactory.preInstantiateSingletons(DefaultListableBeanFactory.java:1056) ~[spring-beans-6.2.3.jar:6.2.3]
	at org.springframework.context.support.AbstractApplicationContext.finishBeanFactoryInitialization(AbstractApplicationContext.java:987) ~[spring-context-6.2.3.jar:6.2.3]
	at org.springframework.context.support.AbstractApplicationContext.refresh(AbstractApplicationContext.java:627) ~[spring-context-6.2.3.jar:6.2.3]
	at org.springframework.boot.SpringApplication.refresh(SpringApplication.java:752) ~[spring-boot-3.4.3.jar:3.4.3]
	at org.springframework.boot.SpringApplication.refreshContext(SpringApplication.java:439) ~[spring-boot-3.4.3.jar:3.4.3]
	at org.springframework.boot.SpringApplication.run(SpringApplication.java:318) ~[spring-boot-3.4.3.jar:3.4.3]
	at org.springframework.boot.test.context.SpringBootContextLoader.lambda$loadContext$3(SpringBootContextLoader.java:137) ~[spring-boot-test-3.4.3.jar:3.4.3]
	at org.springframework.util.function.ThrowingSupplier.get(ThrowingSupplier.java:58) ~[spring-core-6.2.3.jar:6.2.3]
	at org.springframework.util.function.ThrowingSupplier.get(ThrowingSupplier.java:46) ~[spring-core-6.2.3.jar:6.2.3]
	at org.springframework.boot.SpringApplication.withHook(SpringApplication.java:1461) ~[spring-boot-3.4.3.jar:3.4.3]
	at org.springframework.boot.test.context.SpringBootContextLoader$ContextLoaderHook.run(SpringBootContextLoader.java:553) ~[spring-boot-test-3.4.3.jar:3.4.3]
	at org.springframework.boot.test.context.SpringBootContextLoader.loadContext(SpringBootContextLoader.java:137) ~[spring-boot-test-3.4.3.jar:3.4.3]
	at org.springframework.boot.test.context.SpringBootContextLoader.loadContext(SpringBootContextLoader.java:108) ~[spring-boot-test-3.4.3.jar:3.4.3]
	at org.springframework.test.context.cache.DefaultCacheAwareContextLoaderDelegate.loadContextInternal(DefaultCacheAwareContextLoaderDelegate.java:225) ~[spring-test-6.2.3.jar:6.2.3]
	at org.springframework.test.context.cache.DefaultCacheAwareContextLoaderDelegate.loadContext(DefaultCacheAwareContextLoaderDelegate.java:152) ~[spring-test-6.2.3.jar:6.2.3]
	at org.springframework.test.context.support.DefaultTestContext.getApplicationContext(DefaultTestContext.java:130) ~[spring-test-6.2.3.jar:6.2.3]
	at org.springframework.test.context.web.ServletTestExecutionListener.setUpRequestContextIfNecessary(ServletTestExecutionListener.java:200) ~[spring-test-6.2.3.jar:6.2.3]
	at org.springframework.test.context.web.ServletTestExecutionListener.prepareTestInstance(ServletTestExecutionListener.java:139) ~[spring-test-6.2.3.jar:6.2.3]
	at org.springframework.test.context.TestContextManager.prepareTestInstance(TestContextManager.java:260) ~[spring-test-6.2.3.jar:6.2.3]
	at org.springframework.test.context.junit.jupiter.SpringExtension.postProcessTestInstance(SpringExtension.java:160) ~[spring-test-6.2.3.jar:6.2.3]
	at org.junit.jupiter.engine.descriptor.ClassBasedTestDescriptor.lambda$invokeTestInstancePostProcessors$11(ClassBasedTestDescriptor.java:378) ~[junit-jupiter-engine-5.11.4.jar:5.11.4]
	at org.junit.jupiter.engine.descriptor.ClassBasedTestDescriptor.executeAndMaskThrowable(ClassBasedTestDescriptor.java:383) ~[junit-jupiter-engine-5.11.4.jar:5.11.4]
	at org.junit.jupiter.engine.descriptor.ClassBasedTestDescriptor.lambda$invokeTestInstancePostProcessors$12(ClassBasedTestDescriptor.java:378) ~[junit-jupiter-engine-5.11.4.jar:5.11.4]
	at java.base/java.util.stream.ForEachOps$ForEachOp$OfRef.accept(ForEachOps.java:183) ~[?:?]
	at java.base/java.util.stream.ReferencePipeline$3$1.accept(ReferencePipeline.java:197) ~[?:?]
	at java.base/java.util.stream.ReferencePipeline$2$1.accept(ReferencePipeline.java:179) ~[?:?]
	at java.base/java.util.stream.ReferencePipeline$3$1.accept(ReferencePipeline.java:197) ~[?:?]
	at java.base/java.util.ArrayList$ArrayListSpliterator.forEachRemaining(ArrayList.java:1625) ~[?:?]
	at java.base/java.util.stream.AbstractPipeline.copyInto(AbstractPipeline.java:509) ~[?:?]
	at java.base/java.util.stream.AbstractPipeline.wrapAndCopyInto(AbstractPipeline.java:499) ~[?:?]
	at java.base/java.util.stream.ForEachOps$ForEachOp.evaluateSequential(ForEachOps.java:150) ~[?:?]
	at java.base/java.util.stream.ForEachOps$ForEachOp$OfRef.evaluateSequential(ForEachOps.java:173) ~[?:?]
	at java.base/java.util.stream.AbstractPipeline.evaluate(AbstractPipeline.java:234) ~[?:?]
	at java.base/java.util.stream.ReferencePipeline.forEach(ReferencePipeline.java:596) ~[?:?]
	at org.junit.jupiter.engine.descriptor.ClassBasedTestDescriptor.invokeTestInstancePostProcessors(ClassBasedTestDescriptor.java:377) ~[junit-jupiter-engine-5.11.4.jar:5.11.4]
	at org.junit.jupiter.engine.descriptor.ClassBasedTestDescriptor.lambda$instantiateAndPostProcessTestInstance$7(ClassBasedTestDescriptor.java:290) ~[junit-jupiter-engine-5.11.4.jar:5.11.4]
	at org.junit.platform.engine.support.hierarchical.ThrowableCollector.execute(ThrowableCollector.java:73) ~[junit-platform-engine-1.11.4.jar:1.11.4]
	at org.junit.jupiter.engine.descriptor.ClassBasedTestDescriptor.instantiateAndPostProcessTestInstance(ClassBasedTestDescriptor.java:289) ~[junit-jupiter-engine-5.11.4.jar:5.11.4]
	at org.junit.jupiter.engine.descriptor.ClassBasedTestDescriptor.lambda$testInstancesProvider$5(ClassBasedTestDescriptor.java:279) ~[junit-jupiter-engine-5.11.4.jar:5.11.4]
	at java.base/java.util.Optional.orElseGet(Optional.java:364) ~[?:?]
	at org.junit.jupiter.engine.descriptor.ClassBasedTestDescriptor.lambda$testInstancesProvider$6(ClassBasedTestDescriptor.java:278) ~[junit-jupiter-engine-5.11.4.jar:5.11.4]
	at org.junit.jupiter.engine.execution.TestInstancesProvider.getTestInstances(TestInstancesProvider.java:31) ~[junit-jupiter-engine-5.11.4.jar:5.11.4]
	at org.junit.jupiter.engine.descriptor.TestMethodTestDescriptor.lambda$prepare$1(TestMethodTestDescriptor.java:105) ~[junit-jupiter-engine-5.11.4.jar:5.11.4]
	at org.junit.platform.engine.support.hierarchical.ThrowableCollector.execute(ThrowableCollector.java:73) ~[junit-platform-engine-1.11.4.jar:1.11.4]
	at org.junit.jupiter.engine.descriptor.TestMethodTestDescriptor.prepare(TestMethodTestDescriptor.java:104) ~[junit-jupiter-engine-5.11.4.jar:5.11.4]
	at org.junit.jupiter.engine.descriptor.TestMethodTestDescriptor.prepare(TestMethodTestDescriptor.java:68) ~[junit-jupiter-engine-5.11.4.jar:5.11.4]
	at org.junit.platform.engine.support.hierarchical.NodeTestTask.lambda$prepare$2(NodeTestTask.java:128) ~[junit-platform-engine-1.11.4.jar:1.11.4]
	at org.junit.platform.engine.support.hierarchical.ThrowableCollector.execute(ThrowableCollector.java:73) ~[junit-platform-engine-1.11.4.jar:1.11.4]
	at org.junit.platform.engine.support.hierarchical.NodeTestTask.prepare(NodeTestTask.java:128) ~[junit-platform-engine-1.11.4.jar:1.11.4]
	at org.junit.platform.engine.support.hierarchical.NodeTestTask.execute(NodeTestTask.java:95) ~[junit-platform-engine-1.11.4.jar:1.11.4]
	at java.base/java.util.ArrayList.forEach(ArrayList.java:1511) ~[?:?]
	at org.junit.platform.engine.support.hierarchical.SameThreadHierarchicalTestExecutorService.invokeAll(SameThreadHierarchicalTestExecutorService.java:41) ~[junit-platform-engine-1.11.4.jar:1.11.4]
	at org.junit.platform.engine.support.hierarchical.NodeTestTask.lambda$executeRecursively$6(NodeTestTask.java:160) ~[junit-platform-engine-1.11.4.jar:1.11.4]
	at org.junit.platform.engine.support.hierarchical.ThrowableCollector.execute(ThrowableCollector.java:73) ~[junit-platform-engine-1.11.4.jar:1.11.4]
	at org.junit.platform.engine.support.hierarchical.NodeTestTask.lambda$executeRecursively$8(NodeTestTask.java:146) ~[junit-platform-engine-1.11.4.jar:1.11.4]
	at org.junit.platform.engine.support.hierarchical.Node.around(Node.java:137) ~[junit-platform-engine-1.11.4.jar:1.11.4]
	at org.junit.platform.engine.support.hierarchical.NodeTestTask.lambda$executeRecursively$9(NodeTestTask.java:144) ~[junit-platform-engine-1.11.4.jar:1.11.4]
	at org.junit.platform.engine.support.hierarchical.ThrowableCollector.execute(ThrowableCollector.java:73) ~[junit-platform-engine-1.11.4.jar:1.11.4]
	at org.junit.platform.engine.support.hierarchical.NodeTestTask.executeRecursively(NodeTestTask.java:143) ~[junit-platform-engine-1.11.4.jar:1.11.4]
	at org.junit.platform.engine.support.hierarchical.NodeTestTask.execute(NodeTestTask.java:100) ~[junit-platform-engine-1.11.4.jar:1.11.4]
	at java.base/java.util.ArrayList.forEach(ArrayList.java:1511) ~[?:?]
	at org.junit.platform.engine.support.hierarchical.SameThreadHierarchicalTestExecutorService.invokeAll(SameThreadHierarchicalTestExecutorService.java:41) ~[junit-platform-engine-1.11.4.jar:1.11.4]
	at org.junit.platform.engine.support.hierarchical.NodeTestTask.lambda$executeRecursively$6(NodeTestTask.java:160) ~[junit-platform-engine-1.11.4.jar:1.11.4]
	at org.junit.platform.engine.support.hierarchical.ThrowableCollector.execute(ThrowableCollector.java:73) ~[junit-platform-engine-1.11.4.jar:1.11.4]
	at org.junit.platform.engine.support.hierarchical.NodeTestTask.lambda$executeRecursively$8(NodeTestTask.java:146) ~[junit-platform-engine-1.11.4.jar:1.11.4]
	at org.junit.platform.engine.support.hierarchical.Node.around(Node.java:137) ~[junit-platform-engine-1.11.4.jar:1.11.4]
	at org.junit.platform.engine.support.hierarchical.NodeTestTask.lambda$executeRecursively$9(NodeTestTask.java:144) ~[junit-platform-engine-1.11.4.jar:1.11.4]
	at org.junit.platform.engine.support.hierarchical.ThrowableCollector.execute(ThrowableCollector.java:73) ~[junit-platform-engine-1.11.4.jar:1.11.4]
	at org.junit.platform.engine.support.hierarchical.NodeTestTask.executeRecursively(NodeTestTask.java:143) ~[junit-platform-engine-1.11.4.jar:1.11.4]
	at org.junit.platform.engine.support.hierarchical.NodeTestTask.execute(NodeTestTask.java:100) ~[junit-platform-engine-1.11.4.jar:1.11.4]
	at org.junit.platform.engine.support.hierarchical.SameThreadHierarchicalTestExecutorService.submit(SameThreadHierarchicalTestExecutorService.java:35) ~[junit-platform-engine-1.11.4.jar:1.11.4]
	at org.junit.platform.engine.support.hierarchical.HierarchicalTestExecutor.execute(HierarchicalTestExecutor.java:57) ~[junit-platform-engine-1.11.4.jar:1.11.4]
	at org.junit.platform.engine.support.hierarchical.HierarchicalTestEngine.execute(HierarchicalTestEngine.java:54) ~[junit-platform-engine-1.11.4.jar:1.11.4]
	at org.junit.platform.launcher.core.EngineExecutionOrchestrator.execute(EngineExecutionOrchestrator.java:198) ~[junit-platform-launcher-1.11.4.jar:1.11.4]
	at org.junit.platform.launcher.core.EngineExecutionOrchestrator.execute(EngineExecutionOrchestrator.java:169) ~[junit-platform-launcher-1.11.4.jar:1.11.4]
	at org.junit.platform.launcher.core.EngineExecutionOrchestrator.execute(EngineExecutionOrchestrator.java:93) ~[junit-platform-launcher-1.11.4.jar:1.11.4]
	at org.junit.platform.launcher.core.EngineExecutionOrchestrator.lambda$execute$0(EngineExecutionOrchestrator.java:58) ~[junit-platform-launcher-1.11.4.jar:1.11.4]
	at org.junit.platform.launcher.core.EngineExecutionOrchestrator.withInterceptedStreams(EngineExecutionOrchestrator.java:141) [junit-platform-launcher-1.11.4.jar:1.11.4]
	at org.junit.platform.launcher.core.EngineExecutionOrchestrator.execute(EngineExecutionOrchestrator.java:57) [junit-platform-launcher-1.11.4.jar:1.11.4]
	at org.junit.platform.launcher.core.DefaultLauncher.execute(DefaultLauncher.java:103) [junit-platform-launcher-1.11.4.jar:1.11.4]
	at org.junit.platform.launcher.core.DefaultLauncher.execute(DefaultLauncher.java:85) [junit-platform-launcher-1.11.4.jar:1.11.4]
	at org.junit.platform.launcher.core.DelegatingLauncher.execute(DelegatingLauncher.java:47) [junit-platform-launcher-1.11.4.jar:1.11.4]
	at org.apache.maven.surefire.junitplatform.LazyLauncher.execute(LazyLauncher.java:56) [surefire-junit-platform-3.5.2.jar:3.5.2]
	at org.apache.maven.surefire.junitplatform.JUnitPlatformProvider.execute(JUnitPlatformProvider.java:184) [surefire-junit-platform-3.5.2.jar:3.5.2]
	at org.apache.maven.surefire.junitplatform.JUnitPlatformProvider.invokeAllTests(JUnitPlatformProvider.java:148) [surefire-junit-platform-3.5.2.jar:3.5.2]
	at org.apache.maven.surefire.junitplatform.JUnitPlatformProvider.invoke(JUnitPlatformProvider.java:122) [surefire-junit-platform-3.5.2.jar:3.5.2]
	at org.apache.maven.surefire.booter.ForkedBooter.runSuitesInProcess(ForkedBooter.java:385) [surefire-booter-3.5.2.jar:3.5.2]
	at org.apache.maven.surefire.booter.ForkedBooter.execute(ForkedBooter.java:162) [surefire-booter-3.5.2.jar:3.5.2]
	at org.apache.maven.surefire.booter.ForkedBooter.run(ForkedBooter.java:507) [surefire-booter-3.5.2.jar:3.5.2]
	at org.apache.maven.surefire.booter.ForkedBooter.main(ForkedBooter.java:495) [surefire-booter-3.5.2.jar:3.5.2]
2025-07-31 16:26:40.358 [main] DEBUG org.springframework.data.jpa.repository.query.NamedQuery - Did not find named query Athlete.findByUserCredentials
2025-07-31 16:26:40.359 [main] DEBUG org.springframework.orm.jpa.SharedEntityManagerCreator$SharedEntityManagerInvocationHandler - Creating new EntityManager for shared EntityManager invocation
2025-07-31 16:26:40.362 [main] DEBUG org.springframework.data.repository.core.support.RepositoryFactorySupport - Finished creation of repository instance for com.example.trainup.repository.AthleteRepository.
2025-07-31 16:26:40.388 [main] DEBUG org.springframework.beans.factory.support.DefaultListableBeanFactory - Autowiring by type from bean name 'currentUserService' via constructor to bean named 'gymOwnerRepository'
2025-07-31 16:26:40.388 [main] DEBUG org.springframework.beans.factory.support.DefaultListableBeanFactory - Autowiring by type from bean name 'currentUserService' via constructor to bean named 'athleteRepository'
2025-07-31 16:26:40.388 [main] DEBUG org.springframework.beans.factory.support.DefaultListableBeanFactory - Autowiring by type from bean name 'currentUserService' via constructor to bean named 'trainerRepository'
2025-07-31 16:26:40.404 [main] DEBUG org.springframework.beans.factory.support.DefaultListableBeanFactory - Autowiring by type from bean name 'trainerServiceImpl' via constructor to bean named 'trainerRepository'
2025-07-31 16:26:40.405 [main] DEBUG org.springframework.beans.factory.support.DefaultListableBeanFactory - Autowiring by type from bean name 'trainerServiceImpl' via constructor to bean named 'trainerMapperImpl'
2025-07-31 16:26:40.405 [main] DEBUG org.springframework.beans.factory.support.DefaultListableBeanFactory - Autowiring by type from bean name 'trainerServiceImpl' via constructor to bean named 'getPasswordEncoder'
2025-07-31 16:26:40.405 [main] DEBUG org.springframework.beans.factory.support.DefaultListableBeanFactory - Autowiring by type from bean name 'trainerServiceImpl' via constructor to bean named 'sportRepository'
2025-07-31 16:26:40.405 [main] DEBUG org.springframework.beans.factory.support.DefaultListableBeanFactory - Autowiring by type from bean name 'trainerServiceImpl' via constructor to bean named 'gymRepository'
2025-07-31 16:26:40.405 [main] DEBUG org.springframework.beans.factory.support.DefaultListableBeanFactory - Autowiring by type from bean name 'trainerServiceImpl' via constructor to bean named 'addressRepository'
2025-07-31 16:26:40.406 [main] DEBUG org.springframework.beans.factory.support.DefaultListableBeanFactory - Autowiring by type from bean name 'trainerServiceImpl' via constructor to bean named 'userCredentialService'
2025-07-31 16:26:40.406 [main] DEBUG org.springframework.beans.factory.support.DefaultListableBeanFactory - Autowiring by type from bean name 'trainerServiceImpl' via constructor to bean named 'currentUserService'
2025-07-31 16:26:40.406 [main] DEBUG org.springframework.beans.factory.support.DefaultListableBeanFactory - Autowiring by type from bean name 'trainerServiceImpl' via constructor to bean named 'userCredentialsRepository'
2025-07-31 16:26:40.436 [main] DEBUG org.springframework.beans.factory.support.DefaultListableBeanFactory - Creating shared instance of singleton bean 'gymOwnerServiceImpl'
2025-07-31 16:26:40.437 [main] DEBUG org.springframework.beans.factory.support.DefaultListableBeanFactory - Creating shared instance of singleton bean 'gymOwnerMapperImpl'
2025-07-31 16:26:40.458 [main] DEBUG org.springframework.beans.factory.support.DefaultListableBeanFactory - Autowiring by type from bean name 'gymOwnerServiceImpl' via constructor to bean named 'gymOwnerRepository'
2025-07-31 16:26:40.458 [main] DEBUG org.springframework.beans.factory.support.DefaultListableBeanFactory - Autowiring by type from bean name 'gymOwnerServiceImpl' via constructor to bean named 'gymOwnerMapperImpl'
2025-07-31 16:26:40.458 [main] DEBUG org.springframework.beans.factory.support.DefaultListableBeanFactory - Autowiring by type from bean name 'gymOwnerServiceImpl' via constructor to bean named 'getPasswordEncoder'
2025-07-31 16:26:40.459 [main] DEBUG org.springframework.beans.factory.support.DefaultListableBeanFactory - Autowiring by type from bean name 'gymOwnerServiceImpl' via constructor to bean named 'userCredentialService'
2025-07-31 16:26:40.470 [main] DEBUG org.springframework.beans.factory.support.DefaultListableBeanFactory - Autowiring by type from bean name 'authenticationController' via constructor to bean named 'authenticationService'
2025-07-31 16:26:40.470 [main] DEBUG org.springframework.beans.factory.support.DefaultListableBeanFactory - Autowiring by type from bean name 'authenticationController' via constructor to bean named 'athleteService'
2025-07-31 16:26:40.470 [main] DEBUG org.springframework.beans.factory.support.DefaultListableBeanFactory - Autowiring by type from bean name 'authenticationController' via constructor to bean named 'trainerServiceImpl'
2025-07-31 16:26:40.471 [main] DEBUG org.springframework.beans.factory.support.DefaultListableBeanFactory - Autowiring by type from bean name 'authenticationController' via constructor to bean named 'gymOwnerServiceImpl'
2025-07-31 16:26:40.482 [main] DEBUG org.springframework.beans.factory.support.DefaultListableBeanFactory - Creating shared instance of singleton bean 'baseUserController'
2025-07-31 16:26:40.485 [main] DEBUG org.springframework.beans.factory.support.DefaultListableBeanFactory - Creating shared instance of singleton bean 'userPhotoService'
2025-07-31 16:26:40.486 [main] DEBUG org.springframework.beans.factory.support.DefaultListableBeanFactory - Autowiring by type from bean name 'userPhotoService' via constructor to bean named 'athleteRepository'
2025-07-31 16:26:40.486 [main] DEBUG org.springframework.beans.factory.support.DefaultListableBeanFactory - Autowiring by type from bean name 'userPhotoService' via constructor to bean named 'trainerRepository'
2025-07-31 16:26:40.486 [main] DEBUG org.springframework.beans.factory.support.DefaultListableBeanFactory - Autowiring by type from bean name 'userPhotoService' via constructor to bean named 'gymOwnerRepository'
2025-07-31 16:26:40.487 [main] DEBUG org.springframework.beans.factory.support.DefaultListableBeanFactory - Autowiring by type from bean name 'userPhotoService' via constructor to bean named 'userCredentialsRepository'
2025-07-31 16:26:40.510 [main] DEBUG org.springframework.beans.factory.support.DefaultListableBeanFactory - Creating shared instance of singleton bean 'baseUserRepository'
2025-07-31 16:26:40.513 [main] DEBUG org.springframework.beans.factory.support.DefaultListableBeanFactory - Creating shared instance of singleton bean 'jpa.named-queries#8'
2025-07-31 16:26:40.517 [main] DEBUG org.springframework.beans.factory.support.DefaultListableBeanFactory - Creating shared instance of singleton bean 'jpa.BaseUserRepository.fragments#0'
2025-07-31 16:26:40.518 [main] DEBUG org.springframework.orm.jpa.SharedEntityManagerCreator$SharedEntityManagerInvocationHandler - Creating new EntityManager for shared EntityManager invocation
2025-07-31 16:26:40.521 [main] DEBUG org.springframework.data.repository.core.support.RepositoryFactorySupport - Initializing repository instance for com.example.trainup.repository.BaseUserRepository…
2025-07-31 16:26:40.522 [main] DEBUG org.springframework.orm.jpa.SharedEntityManagerCreator$SharedEntityManagerInvocationHandler - Creating new EntityManager for shared EntityManager invocation
2025-07-31 16:26:40.525 [main] DEBUG org.springframework.data.repository.core.support.RepositoryFactorySupport - Finished creation of repository instance for com.example.trainup.repository.BaseUserRepository.
2025-07-31 16:26:40.544 [main] DEBUG org.springframework.beans.factory.support.DefaultListableBeanFactory - Creating shared instance of singleton bean 'chatController'
2025-07-31 16:26:40.556 [main] DEBUG org.springframework.beans.factory.support.DefaultListableBeanFactory - Creating shared instance of singleton bean 'geminiChatService'
2025-07-31 16:26:40.566 [main] DEBUG org.springframework.beans.factory.support.DefaultListableBeanFactory - Creating shared instance of singleton bean 'geminiClient'
2025-07-31 16:26:40.791 [main] DEBUG jdk.event.security - X509Certificate: Alg:SHA256withRSA, Serial:4f:d2:2b:8f:f5:64:c8:33:9e:4f:34:58:66:23:70:60, Subject:CN=UCA Extended Validation Root, O=UniTrust, C=CN, Issuer:CN=UCA Extended Validation Root, O=UniTrust, C=CN, Key type:RSA, Length:4096, Cert Id:649181271, Valid from:3/13/15, 12:00 AM, Valid until:12/31/38, 12:00 AM
2025-07-31 16:26:40.793 [main] DEBUG jdk.event.security - X509Certificate: Alg:SHA256withRSA, Serial:00:92:b8:88:db:b0:8a:c1:63, Subject:CN=CA Disig Root R2, O=Disig a.s., L=Bratislava, C=SK, Issuer:CN=CA Disig Root R2, O=Disig a.s., L=Bratislava, C=SK, Key type:RSA, Length:4096, Cert Id:747175721, Valid from:7/19/12, 9:15 AM, Valid until:7/19/42, 9:15 AM
2025-07-31 16:26:40.793 [main] DEBUG jdk.event.security - X509Certificate: Alg:SHA384withRSA, Serial:6d:8c:14:46:b1:a6:0a:ee, Subject:CN=AffirmTrust Premium, O=AffirmTrust, C=US, Issuer:CN=AffirmTrust Premium, O=AffirmTrust, C=US, Key type:RSA, Length:4096, Cert Id:-2130283955, Valid from:1/29/10, 2:10 PM, Valid until:12/31/40, 2:10 PM
2025-07-31 16:26:40.795 [main] DEBUG jdk.event.security - X509Certificate: Alg:SHA384withECDSA, Serial:21:2a:56:0c:ae:da:0c:ab:40:45:bf:2b:a2:2d:3a:ea, Subject:CN=OISTE WISeKey Global Root GC CA, OU=OISTE Foundation Endorsed, O=WISeKey, C=CH, Issuer:CN=OISTE WISeKey Global Root GC CA, OU=OISTE Foundation Endorsed, O=WISeKey, C=CH, Key type:EC, Length:384, Cert Id:-1513165457, Valid from:5/9/17, 9:48 AM, Valid until:5/9/42, 9:58 AM
2025-07-31 16:26:40.796 [main] DEBUG jdk.event.security - X509Certificate: Alg:SHA256withRSA, Serial:00:d9:b5:43:7f:af:a9:39:0f:00:00:00:00:55:65:ad:58, Subject:CN=Entrust Root Certification Authority - G4, OU="(c) 2015 Entrust, Inc. - for authorized use only", OU=See www.entrust.net/legal-terms, O="Entrust, Inc.", C=US, Issuer:CN=Entrust Root Certification Authority - G4, OU="(c) 2015 Entrust, Inc. - for authorized use only", OU=See www.entrust.net/legal-terms, O="Entrust, Inc.", C=US, Key type:RSA, Length:4096, Cert Id:1368037548, Valid from:5/27/15, 11:11 AM, Valid until:12/27/37, 11:41 AM
2025-07-31 16:26:40.797 [main] DEBUG jdk.event.security - X509Certificate: Alg:SHA256withRSA, Serial:54:16:bf:3b:7e:39:95:71:8d:d1:aa:00:a5:86:0d:2b:8f:7a:05:4e, Subject:CN=CommScope Public Trust RSA Root-02, O=CommScope, C=US, Issuer:CN=CommScope Public Trust RSA Root-02, O=CommScope, C=US, Key type:RSA, Length:4096, Cert Id:1341146455, Valid from:4/28/21, 5:16 PM, Valid until:4/28/46, 5:16 PM
2025-07-31 16:26:40.801 [main] DEBUG jdk.event.security - X509Certificate: Alg:SHA1withRSA, Serial:5e:c3:b7:a6:43:7f:a4:e0, Subject:C=ES, O=ACCV, OU=PKIACCV, CN=ACCVRAIZ1, Issuer:C=ES, O=ACCV, OU=PKIACCV, CN=ACCVRAIZ1, Key type:RSA, Length:4096, Cert Id:-592111236, Valid from:5/5/11, 9:37 AM, Valid until:12/31/30, 9:37 AM
2025-07-31 16:26:40.802 [main] DEBUG jdk.event.security - X509Certificate: Alg:SHA256withRSA, Serial:00, Subject:OU=Security Communication RootCA2, O="SECOM Trust Systems CO.,LTD.", C=JP, Issuer:OU=Security Communication RootCA2, O="SECOM Trust Systems CO.,LTD.", C=JP, Key type:RSA, Length:2048, Cert Id:1521072570, Valid from:5/29/09, 5:00 AM, Valid until:5/29/29, 5:00 AM
2025-07-31 16:26:40.802 [main] DEBUG jdk.event.security - X509Certificate: Alg:SHA256withRSA, Serial:00:8e:0f:f9:4b:90:71:68:65:33:54:f4:d4:44:39:b7:e0, Subject:CN=Certainly Root R1, O=Certainly, C=US, Issuer:CN=Certainly Root R1, O=Certainly, C=US, Key type:RSA, Length:4096, Cert Id:-2039008761, Valid from:4/1/21, 12:00 AM, Valid until:4/1/46, 12:00 AM
2025-07-31 16:26:40.803 [main] DEBUG jdk.event.security - X509Certificate: Alg:SHA1withRSA, Serial:07:56:22:a4:e8:d4:8a:89:4d:f4:13:c8:f0:f8:ea:a5, Subject:CN=Secure Global CA, O=SecureTrust Corporation, C=US, Issuer:CN=Secure Global CA, O=SecureTrust Corporation, C=US, Key type:RSA, Length:2048, Cert Id:-1476772975, Valid from:11/7/06, 7:42 PM, Valid until:12/31/29, 7:52 PM
2025-07-31 16:26:40.804 [main] DEBUG jdk.event.security - X509Certificate: Alg:SHA1withRSA, Serial:50:94:6c:ec:18:ea:d5:9c:4d:d5:97:ef:75:8f:a0:ad, Subject:CN=XRamp Global Certification Authority, O=XRamp Security Services Inc, OU=www.xrampsecurity.com, C=US, Issuer:CN=XRamp Global Certification Authority, O=XRamp Security Services Inc, OU=www.xrampsecurity.com, C=US, Key type:RSA, Length:2048, Cert Id:-952474086, Valid from:11/1/04, 5:14 PM, Valid until:1/1/35, 5:37 AM
2025-07-31 16:26:40.807 [main] DEBUG jdk.event.security - X509Certificate: Alg:SHA384withRSA, Serial:08:f9:b4:78:a8:fa:7e:da:6a:33:37:89:de:7c:cf:8a, Subject:CN=DigiCert TLS RSA4096 Root G5, O="DigiCert, Inc.", C=US, Issuer:CN=DigiCert TLS RSA4096 Root G5, O="DigiCert, Inc.", C=US, Key type:RSA, Length:4096, Cert Id:165956757, Valid from:1/15/21, 12:00 AM, Valid until:1/14/46, 11:59 PM
2025-07-31 16:26:40.808 [main] DEBUG jdk.event.security - X509Certificate: Alg:SHA384withRSA, Serial:02:03:e5:ae:c5:8d:04:25:1a:ab:11:25:aa, Subject:CN=GTS Root R2, O=Google Trust Services LLC, C=US, Issuer:CN=GTS Root R2, O=Google Trust Services LLC, C=US, Key type:RSA, Length:4096, Cert Id:948387669, Valid from:6/22/16, 12:00 AM, Valid until:6/22/36, 12:00 AM
2025-07-31 16:26:40.810 [main] DEBUG jdk.event.security - X509Certificate: Alg:SHA384withECDSA, Serial:66:f2:3d:af:87:de:8b:b1:4a:ea:0c:57:31:01:c2:ec, Subject:CN=Microsoft ECC Root Certificate Authority 2017, O=Microsoft Corporation, C=US, Issuer:CN=Microsoft ECC Root Certificate Authority 2017, O=Microsoft Corporation, C=US, Key type:EC, Length:384, Cert Id:-1054206011, Valid from:12/18/19, 11:06 PM, Valid until:7/18/42, 11:16 PM
2025-07-31 16:26:40.811 [main] DEBUG jdk.event.security - X509Certificate: Alg:SHA1withRSA, Serial:20:06:05:16:70:02, Subject:OU=certSIGN ROOT CA, O=certSIGN, C=RO, Issuer:OU=certSIGN ROOT CA, O=certSIGN, C=RO, Key type:RSA, Length:2048, Cert Id:-289960676, Valid from:7/4/06, 5:20 PM, Valid until:7/4/31, 5:20 PM
2025-07-31 16:26:40.812 [main] DEBUG jdk.event.security - X509Certificate: Alg:SHA384withRSA, Serial:01:94:30:1e:a2:0b:dd:f5:c5:33:2a:b1:43:44:71:f8:d6:50:4d:0d, Subject:CN=NAVER Global Root Certification Authority, O=NAVER BUSINESS PLATFORM Corp., C=KR, Issuer:CN=NAVER Global Root Certification Authority, O=NAVER BUSINESS PLATFORM Corp., C=KR, Key type:RSA, Length:4096, Cert Id:1777546867, Valid from:8/18/17, 8:58 AM, Valid until:8/18/37, 11:59 PM
2025-07-31 16:26:40.813 [main] DEBUG jdk.event.security - X509Certificate: Alg:SHA256withRSA, Serial:00, Subject:CN=Go Daddy Root Certificate Authority - G2, O="GoDaddy.com, Inc.", L=Scottsdale, ST=Arizona, C=US, Issuer:CN=Go Daddy Root Certificate Authority - G2, O="GoDaddy.com, Inc.", L=Scottsdale, ST=Arizona, C=US, Key type:RSA, Length:2048, Cert Id:439600313, Valid from:9/1/09, 12:00 AM, Valid until:12/31/37, 11:59 PM
2025-07-31 16:26:40.814 [main] DEBUG jdk.event.security - X509Certificate: Alg:SHA384withECDSA, Serial:11:d2:bb:ba:33:6e:d4:bc:e6:24:68:c5:0d:84:1d:98:e8:43, Subject:CN=GlobalSign Root E46, O=GlobalSign nv-sa, C=BE, Issuer:CN=GlobalSign Root E46, O=GlobalSign nv-sa, C=BE, Key type:EC, Length:384, Cert Id:-889363391, Valid from:3/20/19, 12:00 AM, Valid until:3/20/46, 12:00 AM
2025-07-31 16:26:40.815 [main] DEBUG jdk.event.security - X509Certificate: Alg:SHA384withECDSA, Serial:5f:02:41:d7:7a:87:7c:4c:03:a3:ac:96:8d:fb:ff:d0, Subject:CN=D-TRUST EV Root CA 1 2020, O=D-Trust GmbH, C=DE, Issuer:CN=D-TRUST EV Root CA 1 2020, O=D-Trust GmbH, C=DE, Key type:EC, Length:384, Cert Id:238735896, Valid from:2/11/20, 10:00 AM, Valid until:2/11/35, 9:59 AM
2025-07-31 16:26:40.815 [main] DEBUG jdk.event.security - X509Certificate: Alg:SHA256withRSA, Serial:2e:f5:9b:02:28:a7:db:7a:ff:d5:a3:a9:ee:bd:03:a0:cf:12:6a:1d, Subject:CN=QuoVadis Root CA 3 G3, O=QuoVadis Limited, C=BM, Issuer:CN=QuoVadis Root CA 3 G3, O=QuoVadis Limited, C=BM, Key type:RSA, Length:4096, Cert Id:-705622991, Valid from:1/12/12, 8:26 PM, Valid until:1/12/42, 8:26 PM
2025-07-31 16:26:40.816 [main] DEBUG jdk.event.security - X509Certificate: Alg:SHA256withRSA, Serial:01, Subject:CN=TUBITAK Kamu SM SSL Kok Sertifikasi - Surum 1, OU=Kamu Sertifikasyon Merkezi - Kamu SM, O=Turkiye Bilimsel ve Teknolojik Arastirma Kurumu - TUBITAK, L=Gebze - Kocaeli, C=TR, Issuer:CN=TUBITAK Kamu SM SSL Kok Sertifikasi - Surum 1, OU=Kamu Sertifikasyon Merkezi - Kamu SM, O=Turkiye Bilimsel ve Teknolojik Arastirma Kurumu - TUBITAK, L=Gebze - Kocaeli, C=TR, Key type:RSA, Length:2048, Cert Id:1093603654, Valid from:11/25/13, 8:25 AM, Valid until:10/25/43, 8:25 AM
2025-07-31 16:26:40.817 [main] DEBUG jdk.event.security - X509Certificate: Alg:SHA256withRSA, Serial:00:ca:e9:1b:89:f1:55:03:0d:a3:e6:41:6d:c4:e3:a6:e1, Subject:CN=Certigna Root CA, OU=0002 48146308100036, O=Dhimyotis, C=FR, Issuer:CN=Certigna Root CA, OU=0002 48146308100036, O=Dhimyotis, C=FR, Key type:RSA, Length:4096, Cert Id:356684591, Valid from:10/1/13, 8:32 AM, Valid until:10/1/33, 8:32 AM
2025-07-31 16:26:40.817 [main] DEBUG jdk.event.security - X509Certificate: Alg:SHA256withRSA, Serial:0d:d3:e3:bc:6c:f9:6b:b1, Subject:CN=ANF Secure Server Root CA, OU=ANF CA Raiz, O=ANF Autoridad de Certificacion, C=ES, SERIALNUMBER=G63287510, Issuer:CN=ANF Secure Server Root CA, OU=ANF CA Raiz, O=ANF Autoridad de Certificacion, C=ES, SERIALNUMBER=G63287510, Key type:RSA, Length:4096, Cert Id:-841649695, Valid from:9/4/19, 10:00 AM, Valid until:8/30/39, 10:00 AM
2025-07-31 16:26:40.818 [main] DEBUG jdk.event.security - X509Certificate: Alg:SHA384withRSA, Serial:05:9b:1b:57:9e:8e:21:32:e2:39:07:bd:a7:77:75:5c, Subject:CN=DigiCert Trusted Root G4, OU=www.digicert.com, O=DigiCert Inc, C=US, Issuer:CN=DigiCert Trusted Root G4, OU=www.digicert.com, O=DigiCert Inc, C=US, Key type:RSA, Length:4096, Cert Id:1057369358, Valid from:8/1/13, 12:00 PM, Valid until:1/15/38, 12:00 PM
2025-07-31 16:26:40.819 [main] DEBUG jdk.event.security - X509Certificate: Alg:SHA384withECDSA, Serial:67:74:9d:8d:77:d8:3b:6a:db:22:f4:ff:59:e2:bf:ce, Subject:CN=HARICA TLS ECC Root CA 2021, O=Hellenic Academic and Research Institutions CA, C=GR, Issuer:CN=HARICA TLS ECC Root CA 2021, O=Hellenic Academic and Research Institutions CA, C=GR, Key type:EC, Length:384, Cert Id:-693932344, Valid from:2/19/21, 11:01 AM, Valid until:2/13/45, 11:01 AM
2025-07-31 16:26:40.819 [main] DEBUG jdk.event.security - X509Certificate: Alg:SHA256withRSA, Serial:03:3a:f1:e6:a7:11:a9:a0:bb:28:64:b1:1d:09:fa:e5, Subject:CN=DigiCert Global Root G2, OU=www.digicert.com, O=DigiCert Inc, C=US, Issuer:CN=DigiCert Global Root G2, OU=www.digicert.com, O=DigiCert Inc, C=US, Key type:RSA, Length:2048, Cert Id:1136084297, Valid from:8/1/13, 12:00 PM, Valid until:1/15/38, 12:00 PM
2025-07-31 16:26:40.820 [main] DEBUG jdk.event.security - X509Certificate: Alg:SHA1withRSA, Serial:01, Subject:CN=AAA Certificate Services, O=Comodo CA Limited, L=Salford, ST=Greater Manchester, C=GB, Issuer:CN=AAA Certificate Services, O=Comodo CA Limited, L=Salford, ST=Greater Manchester, C=GB, Key type:RSA, Length:2048, Cert Id:-1197580894, Valid from:1/1/04, 12:00 AM, Valid until:12/31/28, 11:59 PM
2025-07-31 16:26:40.820 [main] DEBUG jdk.event.security - X509Certificate: Alg:SHA384withECDSA, Serial:6e:6a:bc:59:aa:53:be:98:39:67:a2:d2:6b:a4:3b:e6:6d:1c:d6:da, Subject:CN=vTrus ECC Root CA, O="iTrusChina Co.,Ltd.", C=CN, Issuer:CN=vTrus ECC Root CA, O="iTrusChina Co.,Ltd.", C=CN, Key type:EC, Length:384, Cert Id:268503342, Valid from:7/31/18, 7:26 AM, Valid until:7/31/43, 7:26 AM
2025-07-31 16:26:40.821 [main] DEBUG jdk.event.security - X509Certificate: Alg:SHA256withRSA, Serial:04:00:00:00:00:01:21:58:53:08:a2, Subject:CN=GlobalSign, O=GlobalSign, OU=GlobalSign Root CA - R3, Issuer:CN=GlobalSign, O=GlobalSign, OU=GlobalSign Root CA - R3, Key type:RSA, Length:2048, Cert Id:733875591, Valid from:3/18/09, 10:00 AM, Valid until:3/18/29, 10:00 AM
2025-07-31 16:26:40.822 [main] DEBUG jdk.event.security - X509Certificate: Alg:SHA256withRSA, Serial:02, Subject:CN=Buypass Class 3 Root CA, O=Buypass AS-983163327, C=NO, Issuer:CN=Buypass Class 3 Root CA, O=Buypass AS-983163327, C=NO, Key type:RSA, Length:4096, Cert Id:1264269967, Valid from:10/26/10, 8:28 AM, Valid until:10/26/40, 8:28 AM
2025-07-31 16:26:40.823 [main] DEBUG jdk.event.security - X509Certificate: Alg:SHA384withECDSA, Serial:78:8f:27:5c:81:12:52:20:a5:04:d0:2d:dd:ba:73:f4, Subject:CN=Certum EC-384 CA, OU=Certum Certification Authority, O=Asseco Data Systems S.A., C=PL, Issuer:CN=Certum EC-384 CA, OU=Certum Certification Authority, O=Asseco Data Systems S.A., C=PL, Key type:EC, Length:384, Cert Id:994586241, Valid from:3/26/18, 7:24 AM, Valid until:3/26/43, 7:24 AM
2025-07-31 16:26:40.823 [main] DEBUG jdk.event.security - X509Certificate: Alg:SHA384withECDSA, Serial:2c:17:08:7d:64:2a:c0:fe:85:18:59:06:cf:b4:4a:eb, Subject:CN=BJCA Global Root CA2, O=BEIJING CERTIFICATE AUTHORITY, C=CN, Issuer:CN=BJCA Global Root CA2, O=BEIJING CERTIFICATE AUTHORITY, C=CN, Key type:EC, Length:384, Cert Id:1781225575, Valid from:12/19/19, 3:18 AM, Valid until:12/12/44, 3:18 AM
2025-07-31 16:26:40.824 [main] DEBUG jdk.event.security - X509Certificate: Alg:SHA1withRSA, Serial:4e:81:2d:8a:82:65:e0:0b:02:ee:3e:35:02:46:e5:3d, Subject:CN=COMODO Certification Authority, O=COMODO CA Limited, L=Salford, ST=Greater Manchester, C=GB, Issuer:CN=COMODO Certification Authority, O=COMODO CA Limited, L=Salford, ST=Greater Manchester, C=GB, Key type:RSA, Length:2048, Cert Id:904304908, Valid from:12/1/06, 12:00 AM, Valid until:12/31/29, 11:59 PM
2025-07-31 16:26:40.825 [main] DEBUG jdk.event.security - X509Certificate: Alg:SHA384withECDSA, Serial:41:d2:9d:d1:72:ea:ee:a7:80:c1:2c:6c:e9:2f:87:52, Subject:CN=ISRG Root X2, O=Internet Security Research Group, C=US, Issuer:CN=ISRG Root X2, O=Internet Security Research Group, C=US, Key type:EC, Length:384, Cert Id:-896325052, Valid from:9/4/20, 12:00 AM, Valid until:9/17/40, 4:00 PM
2025-07-31 16:26:40.825 [main] DEBUG jdk.event.security - X509Certificate: Alg:SHA256withRSA, Serial:01:67:5f:27:d6:fe:7a:e3:e4:ac:be:09:5b:05:9e, Subject:CN=Telia Root CA v2, O=Telia Finland Oyj, C=FI, Issuer:CN=Telia Root CA v2, O=Telia Finland Oyj, C=FI, Key type:RSA, Length:4096, Cert Id:-821903320, Valid from:11/29/18, 11:55 AM, Valid until:11/29/43, 11:55 AM
2025-07-31 16:26:40.826 [main] DEBUG jdk.event.security - X509Certificate: Alg:SHA1withRSA, Serial:04:44:c0, Subject:CN=Certum Trusted Network CA, OU=Certum Certification Authority, O=Unizeto Technologies S.A., C=PL, Issuer:CN=Certum Trusted Network CA, OU=Certum Certification Authority, O=Unizeto Technologies S.A., C=PL, Key type:RSA, Length:2048, Cert Id:2014002193, Valid from:10/22/08, 12:07 PM, Valid until:12/31/29, 12:07 PM
2025-07-31 16:26:40.826 [main] DEBUG jdk.event.security - X509Certificate: Alg:SHA256withRSA, Serial:39:ca:93:1c:ef:43:f3:c6:8e:93:c7:f4:64:89:38:7e, Subject:CN=HARICA TLS RSA Root CA 2021, O=Hellenic Academic and Research Institutions CA, C=GR, Issuer:CN=HARICA TLS RSA Root CA 2021, O=Hellenic Academic and Research Institutions CA, C=GR, Key type:RSA, Length:4096, Cert Id:1709624614, Valid from:2/19/21, 10:55 AM, Valid until:2/13/45, 10:55 AM
2025-07-31 16:26:40.827 [main] DEBUG jdk.event.security - X509Certificate: Alg:SHA256withRSA, Serial:06:6c:9f:cf:99:bf:8c:0a:39:e2:f0:78:8a:43:e6:96:36:5b:ca, Subject:CN=Amazon Root CA 1, O=Amazon, C=US, Issuer:CN=Amazon Root CA 1, O=Amazon, C=US, Key type:RSA, Length:2048, Cert Id:-1472444962, Valid from:5/26/15, 12:00 AM, Valid until:1/17/38, 12:00 AM
2025-07-31 16:26:40.828 [main] DEBUG jdk.event.security - X509Certificate: Alg:SHA1withRSA, Serial:02:00:00:b9, Subject:CN=Baltimore CyberTrust Root, OU=CyberTrust, O=Baltimore, C=IE, Issuer:CN=Baltimore CyberTrust Root, OU=CyberTrust, O=Baltimore, C=IE, Key type:RSA, Length:2048, Cert Id:1425294543, Valid from:5/12/00, 6:46 PM, Valid until:5/12/25, 11:59 PM
2025-07-31 16:26:40.828 [main] DEBUG jdk.event.security - X509Certificate: Alg:SHA256withRSA, Serial:13:02:d5:e2:40:4c:92:46:86:16:67:5d:b4:bb:bb:b2:6b:3e:fc:13, Subject:CN=TunTrust Root CA, O=Agence Nationale de Certification Electronique, C=TN, Issuer:CN=TunTrust Root CA, O=Agence Nationale de Certification Electronique, C=TN, Key type:RSA, Length:4096, Cert Id:1973181427, Valid from:4/26/19, 8:57 AM, Valid until:4/26/44, 8:57 AM
2025-07-31 16:26:40.829 [main] DEBUG jdk.event.security - X509Certificate: Alg:SHA1withRSA, Serial:0c:f0:8e:5c:08:16:a5:ad:42:7f:f0:eb:27:18:59:d0, Subject:CN=SecureTrust CA, O=SecureTrust Corporation, C=US, Issuer:CN=SecureTrust CA, O=SecureTrust Corporation, C=US, Key type:RSA, Length:2048, Cert Id:2034155325, Valid from:11/7/06, 7:31 PM, Valid until:12/31/29, 7:40 PM
2025-07-31 16:26:40.830 [main] DEBUG jdk.event.security - X509Certificate: Alg:SHA1withRSA, Serial:05:c6, Subject:CN=QuoVadis Root CA 3, O=QuoVadis Limited, C=BM, Issuer:CN=QuoVadis Root CA 3, O=QuoVadis Limited, C=BM, Key type:RSA, Length:4096, Cert Id:1470392860, Valid from:11/24/06, 7:11 PM, Valid until:11/24/31, 7:06 PM
2025-07-31 16:26:40.830 [main] DEBUG jdk.event.security - X509Certificate: Alg:SHA384withECDSA, Serial:7b:71:b6:82:56:b8:12:7c:9c:a8, Subject:CN=emSign ECC Root CA - C3, O=eMudhra Inc, OU=emSign PKI, C=US, Issuer:CN=emSign ECC Root CA - C3, O=eMudhra Inc, OU=emSign PKI, C=US, Key type:EC, Length:384, Cert Id:-948456756, Valid from:2/18/18, 6:30 PM, Valid until:2/18/43, 6:30 PM
2025-07-31 16:26:40.831 [main] DEBUG jdk.event.security - X509Certificate: Alg:SHA256withRSA, Serial:3e:03:49:81:75:16:74:31:8e:4c:ab:d5:c5:90:29:96:c5:39:10:dd, Subject:CN=CommScope Public Trust RSA Root-01, O=CommScope, C=US, Issuer:CN=CommScope Public Trust RSA Root-01, O=CommScope, C=US, Key type:RSA, Length:4096, Cert Id:-1020105141, Valid from:4/28/21, 4:45 PM, Valid until:4/28/46, 4:45 PM
2025-07-31 16:26:40.832 [main] DEBUG jdk.event.security - X509Certificate: Alg:SHA384withRSA, Serial:45:e6:bb:03:83:33:c3:85:65:48:e6:ff:45:51, Subject:CN=GlobalSign, O=GlobalSign, OU=GlobalSign Root CA - R6, Issuer:CN=GlobalSign, O=GlobalSign, OU=GlobalSign Root CA - R6, Key type:RSA, Length:4096, Cert Id:-506627753, Valid from:12/10/14, 12:00 AM, Valid until:12/10/34, 12:00 AM
2025-07-31 16:26:40.832 [main] DEBUG jdk.event.security - X509Certificate: Alg:SHA256withRSA, Serial:0a:01:42:80:00:00:01:45:23:c8:44:b5:00:00:00:02, Subject:CN=IdenTrust Commercial Root CA 1, O=IdenTrust, C=US, Issuer:CN=IdenTrust Commercial Root CA 1, O=IdenTrust, C=US, Key type:RSA, Length:4096, Cert Id:1232565210, Valid from:1/16/14, 6:12 PM, Valid until:1/16/34, 6:12 PM
2025-07-31 16:26:40.833 [main] DEBUG jdk.event.security - X509Certificate: Alg:SHA256withRSA, Serial:08:16:5f:8a:4c:a5:ec:00:c9:93:40:df:c4:c6:ae:23:b8:1c:5a:a4, Subject:CN=Hongkong Post Root CA 3, O=Hongkong Post, L=Hong Kong, ST=Hong Kong, C=HK, Issuer:CN=Hongkong Post Root CA 3, O=Hongkong Post, L=Hong Kong, ST=Hong Kong, C=HK, Key type:RSA, Length:4096, Cert Id:-901951080, Valid from:6/3/17, 2:29 AM, Valid until:6/3/42, 2:29 AM
2025-07-31 16:26:40.834 [main] DEBUG jdk.event.security - X509Certificate: Alg:SHA1withRSA, Serial:0c:e7:e0:e5:17:d8:46:fe:8f:e5:60:fc:1b:f0:30:39, Subject:CN=DigiCert Assured ID Root CA, OU=www.digicert.com, O=DigiCert Inc, C=US, Issuer:CN=DigiCert Assured ID Root CA, OU=www.digicert.com, O=DigiCert Inc, C=US, Key type:RSA, Length:2048, Cert Id:-860404528, Valid from:11/10/06, 12:00 AM, Valid until:11/10/31, 12:00 AM
2025-07-31 16:26:40.834 [main] DEBUG jdk.event.security - X509Certificate: Alg:SHA384withECDSA, Serial:0b:a1:5a:fa:1d:df:a0:b5:49:44:af:cd:24:a0:6c:ec, Subject:CN=DigiCert Assured ID Root G3, OU=www.digicert.com, O=DigiCert Inc, C=US, Issuer:CN=DigiCert Assured ID Root G3, OU=www.digicert.com, O=DigiCert Inc, C=US, Key type:EC, Length:384, Cert Id:-645537245, Valid from:8/1/13, 12:00 PM, Valid until:1/15/38, 12:00 PM
2025-07-31 16:26:40.835 [main] DEBUG jdk.event.security - X509Certificate: Alg:SHA1withRSA, Serial:15:c8:bd:65:47:5c:af:b8:97:00:5e:e4:06:d2:bc:9d, Subject:OU=ePKI Root Certification Authority, O="Chunghwa Telecom Co., Ltd.", C=TW, Issuer:OU=ePKI Root Certification Authority, O="Chunghwa Telecom Co., Ltd.", C=TW, Key type:RSA, Length:4096, Cert Id:-662636137, Valid from:12/20/04, 2:31 AM, Valid until:12/20/34, 2:31 AM
2025-07-31 16:26:40.836 [main] DEBUG jdk.event.security - X509Certificate: Alg:SHA1withRSA, Serial:00, Subject:OU=Security Communication RootCA1, O=SECOM Trust.net, C=JP, Issuer:OU=Security Communication RootCA1, O=SECOM Trust.net, C=JP, Key type:RSA, Length:2048, Cert Id:1802358121, Valid from:9/30/03, 4:20 AM, Valid until:9/30/23, 4:20 AM
2025-07-31 16:26:40.836 [main] DEBUG jdk.event.security - X509Certificate: Alg:SHA256withECDSA, Serial:75:e6:df:cb:c1:68:5b:a8, Subject:CN=SSL.com Root Certification Authority ECC, O=SSL Corporation, L=Houston, ST=Texas, C=US, Issuer:CN=SSL.com Root Certification Authority ECC, O=SSL Corporation, L=Houston, ST=Texas, C=US, Key type:EC, Length:384, Cert Id:-1368293613, Valid from:2/12/16, 6:14 PM, Valid until:2/12/41, 6:14 PM
2025-07-31 16:26:40.837 [main] DEBUG jdk.event.security - X509Certificate: Alg:SHA384withECDSA, Serial:3c:f6:07:a9:68:70:0e:da:8b:84, Subject:CN=emSign ECC Root CA - G3, O=eMudhra Technologies Limited, OU=emSign PKI, C=IN, Issuer:CN=emSign ECC Root CA - G3, O=eMudhra Technologies Limited, OU=emSign PKI, C=IN, Key type:EC, Length:384, Cert Id:-462931589, Valid from:2/18/18, 6:30 PM, Valid until:2/18/43, 6:30 PM
2025-07-31 16:26:40.837 [main] DEBUG jdk.event.security - X509Certificate: Alg:SHA256withRSA, Serial:56:b6:29:cd:34:bc:78:f6, Subject:CN=SSL.com EV Root Certification Authority RSA R2, O=SSL Corporation, L=Houston, ST=Texas, C=US, Issuer:CN=SSL.com EV Root Certification Authority RSA R2, O=SSL Corporation, L=Houston, ST=Texas, C=US, Key type:RSA, Length:4096, Cert Id:1381862403, Valid from:5/31/17, 6:14 PM, Valid until:5/30/42, 6:14 PM
2025-07-31 16:26:40.838 [main] DEBUG jdk.event.security - X509Certificate: Alg:SHA256withRSA, Serial:5a:4b:bd:5a:fb:4f:8a:5b:fa:65:e5, Subject:CN=GLOBALTRUST 2020, O=e-commerce monitoring GmbH, C=AT, Issuer:CN=GLOBALTRUST 2020, O=e-commerce monitoring GmbH, C=AT, Key type:RSA, Length:4096, Cert Id:-522246883, Valid from:2/10/20, 12:00 AM, Valid until:6/10/40, 12:00 AM
2025-07-31 16:26:40.839 [main] DEBUG jdk.event.security - X509Certificate: Alg:SHA384withRSA, Serial:75:8d:fd:8b:ae:7c:07:00:fa:a9:25:a7:e1:c7:ad:14, Subject:CN=Sectigo Public Server Authentication Root R46, O=Sectigo Limited, C=GB, Issuer:CN=Sectigo Public Server Authentication Root R46, O=Sectigo Limited, C=GB, Key type:RSA, Length:4096, Cert Id:-488315127, Valid from:3/22/21, 12:00 AM, Valid until:3/21/46, 11:59 PM
2025-07-31 16:26:40.839 [main] DEBUG jdk.event.security - X509Certificate: Alg:SHA384withRSA, Serial:02:03:e5:93:6f:31:b0:13:49:88:6b:a2:17, Subject:CN=GTS Root R1, O=Google Trust Services LLC, C=US, Issuer:CN=GTS Root R1, O=Google Trust Services LLC, C=US, Key type:RSA, Length:4096, Cert Id:657172038, Valid from:6/22/16, 12:00 AM, Valid until:6/22/36, 12:00 AM
2025-07-31 16:26:40.840 [main] DEBUG jdk.event.security - X509Certificate: Alg:SHA384withECDSA, Serial:06:6c:9f:d7:c1:bb:10:4c:29:43:e5:71:7b:7b:2c:c8:1a:c1:0e, Subject:CN=Amazon Root CA 4, O=Amazon, C=US, Issuer:CN=Amazon Root CA 4, O=Amazon, C=US, Key type:EC, Length:384, Cert Id:-1654272513, Valid from:5/26/15, 12:00 AM, Valid until:5/26/40, 12:00 AM
2025-07-31 16:26:40.841 [main] DEBUG jdk.event.security - X509Certificate: Alg:SHA384withECDSA, Serial:60:59:49:e0:26:2e:bb:55:f9:0a:77:8a:71:f9:4a:d8:6c, Subject:CN=GlobalSign, O=GlobalSign, OU=GlobalSign ECC Root CA - R5, Issuer:CN=GlobalSign, O=GlobalSign, OU=GlobalSign ECC Root CA - R5, Key type:EC, Length:384, Cert Id:1997048439, Valid from:11/13/12, 12:00 AM, Valid until:1/19/38, 3:14 AM
2025-07-31 16:26:40.841 [main] DEBUG jdk.event.security - X509Certificate: Alg:SHA384withECDSA, Serial:3d:98:3b:a6:66:3d:90:63:f7:7e:26:57:38:04:ef:00, Subject:C=DE, O=Atos, CN=Atos TrustedRoot Root CA ECC TLS 2021, Issuer:C=DE, O=Atos, CN=Atos TrustedRoot Root CA ECC TLS 2021, Key type:EC, Length:384, Cert Id:-1147749653, Valid from:4/22/21, 9:26 AM, Valid until:4/17/41, 9:26 AM
2025-07-31 16:26:40.842 [main] DEBUG jdk.event.security - X509Certificate: Alg:SHA256withECDSA, Serial:0d:6a:5f:08:3f:28:5c:3e:51:95:df:5d, Subject:CN=Trustwave Global ECC P256 Certification Authority, O="Trustwave Holdings, Inc.", L=Chicago, ST=Illinois, C=US, Issuer:CN=Trustwave Global ECC P256 Certification Authority, O="Trustwave Holdings, Inc.", L=Chicago, ST=Illinois, C=US, Key type:EC, Length:256, Cert Id:948272517, Valid from:8/23/17, 7:35 PM, Valid until:8/23/42, 7:35 PM
2025-07-31 16:26:40.842 [main] DEBUG jdk.event.security - X509Certificate: Alg:SHA384withECDSA, Serial:28:fd:99:60:41:47:a6:01:3a:ca:14:7b:1f:ef:f9:68:08:83:5d:7d, Subject:CN=CommScope Public Trust ECC Root-02, O=CommScope, C=US, Issuer:CN=CommScope Public Trust ECC Root-02, O=CommScope, C=US, Key type:EC, Length:384, Cert Id:1468864844, Valid from:4/28/21, 5:44 PM, Valid until:4/28/46, 5:44 PM
2025-07-31 16:26:40.843 [main] DEBUG jdk.event.security - X509Certificate: Alg:SHA1withRSA, Serial:00, Subject:OU=Go Daddy Class 2 Certification Authority, O="The Go Daddy Group, Inc.", C=US, Issuer:OU=Go Daddy Class 2 Certification Authority, O="The Go Daddy Group, Inc.", C=US, Key type:RSA, Length:2048, Cert Id:-271444299, Valid from:6/29/04, 5:06 PM, Valid until:6/29/34, 5:06 PM
2025-07-31 16:26:40.844 [main] DEBUG jdk.event.security - X509Certificate: Alg:SHA256withRSA, Serial:09:83:f3, Subject:CN=D-TRUST Root Class 3 CA 2 2009, O=D-Trust GmbH, C=DE, Issuer:CN=D-TRUST Root Class 3 CA 2 2009, O=D-Trust GmbH, C=DE, Key type:RSA, Length:2048, Cert Id:1430153102, Valid from:11/5/09, 8:35 AM, Valid until:11/5/29, 8:35 AM
2025-07-31 16:26:40.844 [main] DEBUG jdk.event.security - X509Certificate: Alg:SHA1withRSA, Serial:4f:1b:d4:2f:54:bb:2f:4b, Subject:CN=SwissSign Silver CA - G2, O=SwissSign AG, C=CH, Issuer:CN=SwissSign Silver CA - G2, O=SwissSign AG, C=CH, Key type:RSA, Length:4096, Cert Id:126726124, Valid from:10/25/06, 8:32 AM, Valid until:10/25/36, 8:32 AM
2025-07-31 16:26:40.845 [main] DEBUG jdk.event.security - X509Certificate: Alg:SHA512withRSA, Serial:1e:bf:59:50:b8:c9:80:37:4c:06:f7:eb:55:4f:b5:ed, Subject:CN=Certum Trusted Root CA, OU=Certum Certification Authority, O=Asseco Data Systems S.A., C=PL, Issuer:CN=Certum Trusted Root CA, OU=Certum Certification Authority, O=Asseco Data Systems S.A., C=PL, Key type:RSA, Length:4096, Cert Id:-774327051, Valid from:3/16/18, 12:10 PM, Valid until:3/16/43, 12:10 PM
2025-07-31 16:26:40.845 [main] DEBUG jdk.event.security - X509Certificate: Alg:SHA256withRSA, Serial:77:77:06:27:26:a9:b1:7c, Subject:CN=AffirmTrust Commercial, O=AffirmTrust, C=US, Issuer:CN=AffirmTrust Commercial, O=AffirmTrust, C=US, Key type:RSA, Length:2048, Cert Id:630485644, Valid from:1/29/10, 2:06 PM, Valid until:12/31/30, 2:06 PM
2025-07-31 16:26:40.846 [main] DEBUG jdk.event.security - X509Certificate: Alg:SHA256withECDSA, Serial:00, Subject:CN=Hellenic Academic and Research Institutions ECC RootCA 2015, O=Hellenic Academic and Research Institutions Cert. Authority, L=Athens, C=GR, Issuer:CN=Hellenic Academic and Research Institutions ECC RootCA 2015, O=Hellenic Academic and Research Institutions Cert. Authority, L=Athens, C=GR, Key type:EC, Length:384, Cert Id:513613456, Valid from:7/7/15, 10:37 AM, Valid until:6/30/40, 10:37 AM
2025-07-31 16:26:40.846 [main] DEBUG jdk.event.security - X509Certificate: Alg:SHA256withRSA, Serial:78:58:5f:2e:ad:2c:19:4b:e3:37:07:35:34:13:28:b5:96:d4:65:93, Subject:CN=QuoVadis Root CA 1 G3, O=QuoVadis Limited, C=BM, Issuer:CN=QuoVadis Root CA 1 G3, O=QuoVadis Limited, C=BM, Key type:RSA, Length:4096, Cert Id:-762436034, Valid from:1/12/12, 5:27 PM, Valid until:1/12/42, 5:27 PM
2025-07-31 16:26:40.847 [main] DEBUG jdk.event.security - X509Certificate: Alg:SHA256withRSA, Serial:55:6f:65:e3:b4:d9:90:6a:1b:09:d1:6c:3e:c0:6c:20, Subject:CN=BJCA Global Root CA1, O=BEIJING CERTIFICATE AUTHORITY, C=CN, Issuer:CN=BJCA Global Root CA1, O=BEIJING CERTIFICATE AUTHORITY, C=CN, Key type:RSA, Length:4096, Cert Id:-1889263367, Valid from:12/19/19, 3:16 AM, Valid until:12/12/44, 3:16 AM
2025-07-31 16:26:40.848 [main] DEBUG jdk.event.security - X509Certificate: Alg:SHA256withRSA, Serial:00:82:10:cf:b0:d2:40:e3:59:44:63:e0:bb:63:82:8b:00, Subject:CN=ISRG Root X1, O=Internet Security Research Group, C=US, Issuer:CN=ISRG Root X1, O=Internet Security Research Group, C=US, Key type:RSA, Length:4096, Cert Id:1521974916, Valid from:6/4/15, 11:04 AM, Valid until:6/4/35, 11:04 AM
2025-07-31 16:26:40.849 [main] DEBUG jdk.event.security - X509Certificate: Alg:SHA384withECDSA, Serial:7c:c9:8f:2b:84:d7:df:ea:0f:c9:65:9a:d3:4b:4d:96, Subject:CN=D-TRUST BR Root CA 1 2020, O=D-Trust GmbH, C=DE, Issuer:CN=D-TRUST BR Root CA 1 2020, O=D-Trust GmbH, C=DE, Key type:EC, Length:384, Cert Id:-83817738, Valid from:2/11/20, 9:45 AM, Valid until:2/11/35, 9:44 AM
2025-07-31 16:26:40.849 [main] DEBUG jdk.event.security - X509Certificate: Alg:SHA256withRSA, Serial:00:b0:b7:5a:16:48:5f:bf:e1:cb:f5:8b:d7:19:e6:7d, Subject:CN=Izenpe.com, O=IZENPE S.A., C=ES, Issuer:CN=Izenpe.com, O=IZENPE S.A., C=ES, Key type:RSA, Length:4096, Cert Id:-1845580984, Valid from:12/13/07, 1:08 PM, Valid until:12/13/37, 8:27 AM
2025-07-31 16:26:40.850 [main] DEBUG jdk.event.security - X509Certificate: Alg:SHA1withRSA, Serial:01, Subject:CN=SecureSign RootCA11, O="Japan Certification Services, Inc.", C=JP, Issuer:CN=SecureSign RootCA11, O="Japan Certification Services, Inc.", C=JP, Key type:RSA, Length:2048, Cert Id:2079057034, Valid from:4/8/09, 4:56 AM, Valid until:4/8/29, 4:56 AM
2025-07-31 16:26:40.850 [main] DEBUG jdk.event.security - X509Certificate: Alg:SHA256withRSA, Serial:01, Subject:CN=T-TeleSec GlobalRoot Class 3, OU=T-Systems Trust Center, O=T-Systems Enterprise Services GmbH, C=DE, Issuer:CN=T-TeleSec GlobalRoot Class 3, OU=T-Systems Trust Center, O=T-Systems Enterprise Services GmbH, C=DE, Key type:RSA, Length:2048, Cert Id:1894096264, Valid from:10/1/08, 10:29 AM, Valid until:10/1/33, 11:59 PM
2025-07-31 16:26:40.851 [main] DEBUG jdk.event.security - X509Certificate: Alg:SHA384withRSA, Serial:1e:d3:97:09:5f:d8:b4:b3:47:70:1e:aa:be:7f:45:b3, Subject:CN=Microsoft RSA Root Certificate Authority 2017, O=Microsoft Corporation, C=US, Issuer:CN=Microsoft RSA Root Certificate Authority 2017, O=Microsoft Corporation, C=US, Key type:RSA, Length:4096, Cert Id:-1446618248, Valid from:12/18/19, 10:51 PM, Valid until:7/18/42, 11:00 PM
2025-07-31 16:26:40.851 [main] DEBUG jdk.event.security - X509Certificate: Alg:SHA384withECDSA, Serial:02:03:e5:c0:68:ef:63:1a:9c:72:90:50:52, Subject:CN=GTS Root R4, O=Google Trust Services LLC, C=US, Issuer:CN=GTS Root R4, O=Google Trust Services LLC, C=US, Key type:EC, Length:384, Cert Id:1326433111, Valid from:6/22/16, 12:00 AM, Valid until:6/22/36, 12:00 AM
2025-07-31 16:26:40.852 [main] DEBUG jdk.event.security - X509Certificate: Alg:SHA384withECDSA, Serial:00:d6:5d:9b:b3:78:81:2e:eb, Subject:CN=Security Communication ECC RootCA1, O="SECOM Trust Systems CO.,LTD.", C=JP, Issuer:CN=Security Communication ECC RootCA1, O="SECOM Trust Systems CO.,LTD.", C=JP, Key type:EC, Length:384, Cert Id:2131361491, Valid from:6/16/16, 5:15 AM, Valid until:1/18/38, 5:15 AM
2025-07-31 16:26:40.852 [main] DEBUG jdk.event.security - X509Certificate: Alg:SHA256withRSA, Serial:0a:01:42:80:00:00:01:45:23:cf:46:7c:00:00:00:02, Subject:CN=IdenTrust Public Sector Root CA 1, O=IdenTrust, C=US, Issuer:CN=IdenTrust Public Sector Root CA 1, O=IdenTrust, C=US, Key type:RSA, Length:4096, Cert Id:2123370772, Valid from:1/16/14, 5:53 PM, Valid until:1/16/34, 5:53 PM
2025-07-31 16:26:40.853 [main] DEBUG jdk.event.security - X509Certificate: Alg:SHA384withRSA, Serial:53:d5:cf:e6:19:93:0b:fb:2b:05:12:d8:c2:2a:a2:a4, Subject:C=DE, O=Atos, CN=Atos TrustedRoot Root CA RSA TLS 2021, Issuer:C=DE, O=Atos, CN=Atos TrustedRoot Root CA RSA TLS 2021, Key type:RSA, Length:4096, Cert Id:-1322384443, Valid from:4/22/21, 9:21 AM, Valid until:4/17/41, 9:21 AM
2025-07-31 16:26:40.853 [main] DEBUG jdk.event.security - X509Certificate: Alg:SHA384withECDSA, Serial:4f:23:64:b8:8e:97:63:9e:c6:53:81:c1:76:4e:cb:2a:74:15:d6:d7, Subject:CN=TrustAsia Global Root CA G4, O="TrustAsia Technologies, Inc.", C=CN, Issuer:CN=TrustAsia Global Root CA G4, O="TrustAsia Technologies, Inc.", C=CN, Key type:EC, Length:384, Cert Id:-1127247637, Valid from:5/20/21, 2:10 AM, Valid until:5/19/46, 2:10 AM
2025-07-31 16:26:40.854 [main] DEBUG jdk.event.security - X509Certificate: Alg:SHA256withRSA, Serial:3e:8a:5d:07:ec:55:d2:32:d5:b7:e3:b6:5f:01:eb:2d:dc:e4:d6:e4, Subject:CN=SZAFIR ROOT CA2, O=Krajowa Izba Rozliczeniowa S.A., C=PL, Issuer:CN=SZAFIR ROOT CA2, O=Krajowa Izba Rozliczeniowa S.A., C=PL, Key type:RSA, Length:2048, Cert Id:381279303, Valid from:10/19/15, 7:43 AM, Valid until:10/19/35, 7:43 AM
2025-07-31 16:26:40.855 [main] DEBUG jdk.event.security - X509Certificate: Alg:SHA256withRSA, Serial:00:ae:cf:00:ba:c4:cf:32:f8:43:b2, Subject:CN=emSign Root CA - C1, O=eMudhra Inc, OU=emSign PKI, C=US, Issuer:CN=emSign Root CA - C1, O=eMudhra Inc, OU=emSign PKI, C=US, Key type:RSA, Length:2048, Cert Id:-1268863356, Valid from:2/18/18, 6:30 PM, Valid until:2/18/43, 6:30 PM
2025-07-31 16:26:40.855 [main] DEBUG jdk.event.security - X509Certificate: Alg:SHA256withECDSA, Serial:01:54:48:ef:21:fd:97:59:0d:f5:04:0a, Subject:CN=e-Szigno Root CA 2017, OID.2.5.4.97=VATHU-23584497, O=Microsec Ltd., L=Budapest, C=HU, Issuer:CN=e-Szigno Root CA 2017, OID.2.5.4.97=VATHU-23584497, O=Microsec Ltd., L=Budapest, C=HU, Key type:EC, Length:256, Cert Id:-991173715, Valid from:8/22/17, 12:07 PM, Valid until:8/22/42, 12:07 PM
2025-07-31 16:26:40.856 [main] DEBUG jdk.event.security - X509Certificate: Alg:SHA256withRSA, Serial:18:4a:cc:d6, Subject:CN=CFCA EV ROOT, O=China Financial Certification Authority, C=CN, Issuer:CN=CFCA EV ROOT, O=China Financial Certification Authority, C=CN, Key type:RSA, Length:4096, Cert Id:551407782, Valid from:8/8/12, 3:07 AM, Valid until:12/31/29, 3:07 AM
2025-07-31 16:26:40.856 [main] DEBUG jdk.event.security - X509Certificate: Alg:SHA256withRSA, Serial:2d:dd:ac:ce:62:97:94:a1:43:e8:b0:cd:76:6a:5e:60, Subject:CN=HiPKI Root CA - G1, O="Chunghwa Telecom Co., Ltd.", C=TW, Issuer:CN=HiPKI Root CA - G1, O="Chunghwa Telecom Co., Ltd.", C=TW, Key type:RSA, Length:4096, Cert Id:-2016358144, Valid from:2/22/19, 9:46 AM, Valid until:12/31/37, 3:59 PM
2025-07-31 16:26:40.857 [main] DEBUG jdk.event.security - X509Certificate: Alg:SHA256withRSA, Serial:4a:53:8c:28, Subject:CN=Entrust Root Certification Authority - G2, OU="(c) 2009 Entrust, Inc. - for authorized use only", OU=See www.entrust.net/legal-terms, O="Entrust, Inc.", C=US, Issuer:CN=Entrust Root Certification Authority - G2, OU="(c) 2009 Entrust, Inc. - for authorized use only", OU=See www.entrust.net/legal-terms, O="Entrust, Inc.", C=US, Key type:RSA, Length:2048, Cert Id:1936920337, Valid from:7/7/09, 5:25 PM, Valid until:12/7/30, 5:55 PM
2025-07-31 16:26:40.857 [main] DEBUG jdk.event.security - X509Certificate: Alg:SHA1withRSA, Serial:05:09, Subject:CN=QuoVadis Root CA 2, O=QuoVadis Limited, C=BM, Issuer:CN=QuoVadis Root CA 2, O=QuoVadis Limited, C=BM, Key type:RSA, Length:4096, Cert Id:338250116, Valid from:11/24/06, 6:27 PM, Valid until:11/24/31, 6:23 PM
2025-07-31 16:26:40.858 [main] DEBUG jdk.event.security - X509Certificate: Alg:SHA256withRSA, Serial:31:f5:e4:62:0c:6c:58:ed:d6:d8, Subject:CN=emSign Root CA - G1, O=eMudhra Technologies Limited, OU=emSign PKI, C=IN, Issuer:CN=emSign Root CA - G1, O=eMudhra Technologies Limited, OU=emSign PKI, C=IN, Key type:RSA, Length:2048, Cert Id:392709196, Valid from:2/18/18, 6:30 PM, Valid until:2/18/43, 6:30 PM
2025-07-31 16:26:40.858 [main] DEBUG jdk.event.security - X509Certificate: Alg:SHA256withRSA, Serial:5c:33:cb:62:2c:5f:b3:32, Subject:C=DE, O=Atos, CN=Atos TrustedRoot 2011, Issuer:C=DE, O=Atos, CN=Atos TrustedRoot 2011, Key type:RSA, Length:2048, Cert Id:-28528624, Valid from:7/7/11, 2:58 PM, Valid until:12/31/30, 11:59 PM
2025-07-31 16:26:40.858 [main] DEBUG jdk.event.security - X509Certificate: Alg:SHA1withRSA, Serial:02:ac:5c:26:6a:0b:40:9b:8f:0b:79:f2:ae:46:25:77, Subject:CN=DigiCert High Assurance EV Root CA, OU=www.digicert.com, O=DigiCert Inc, C=US, Issuer:CN=DigiCert High Assurance EV Root CA, OU=www.digicert.com, O=DigiCert Inc, C=US, Key type:RSA, Length:2048, Cert Id:-1410680354, Valid from:11/10/06, 12:00 AM, Valid until:11/10/31, 12:00 AM
2025-07-31 16:26:40.859 [main] DEBUG jdk.event.security - X509Certificate: Alg:SHA256withRSA, Serial:00, Subject:CN=Starfield Root Certificate Authority - G2, O="Starfield Technologies, Inc.", L=Scottsdale, ST=Arizona, C=US, Issuer:CN=Starfield Root Certificate Authority - G2, O="Starfield Technologies, Inc.", L=Scottsdale, ST=Arizona, C=US, Key type:RSA, Length:2048, Cert Id:-1026641587, Valid from:9/1/09, 12:00 AM, Valid until:12/31/37, 11:59 PM
2025-07-31 16:26:40.859 [main] DEBUG jdk.event.security - X509Certificate: Alg:SHA256withRSA, Serial:0b:93:1c:3a:d6:39:67:ea:67:23:bf:c3:af:9a:f4:4b, Subject:CN=DigiCert Assured ID Root G2, OU=www.digicert.com, O=DigiCert Inc, C=US, Issuer:CN=DigiCert Assured ID Root G2, OU=www.digicert.com, O=DigiCert Inc, C=US, Key type:RSA, Length:2048, Cert Id:-385398383, Valid from:8/1/13, 12:00 PM, Valid until:1/15/38, 12:00 PM
2025-07-31 16:26:40.860 [main] DEBUG jdk.event.security - X509Certificate: Alg:SHA384withECDSA, Serial:62:f6:32:6c:e5:c4:e3:68:5c:1b:62:dd:9c:2e:9d:95, Subject:CN=AC RAIZ FNMT-RCM SERVIDORES SEGUROS, OID.2.5.4.97=VATES-Q2826004J, OU=Ceres, O=FNMT-RCM, C=ES, Issuer:CN=AC RAIZ FNMT-RCM SERVIDORES SEGUROS, OID.2.5.4.97=VATES-Q2826004J, OU=Ceres, O=FNMT-RCM, C=ES, Key type:EC, Length:384, Cert Id:246315697, Valid from:12/20/18, 9:37 AM, Valid until:12/20/43, 9:37 AM
2025-07-31 16:26:40.860 [main] DEBUG jdk.event.security - X509Certificate: Alg:SHA256withRSA, Serial:09:83:f4, Subject:CN=D-TRUST Root Class 3 CA 2 EV 2009, O=D-Trust GmbH, C=DE, Issuer:CN=D-TRUST Root Class 3 CA 2 EV 2009, O=D-Trust GmbH, C=DE, Key type:RSA, Length:2048, Cert Id:971313728, Valid from:11/5/09, 8:50 AM, Valid until:11/5/29, 8:50 AM
2025-07-31 16:26:40.861 [main] DEBUG jdk.event.security - X509Certificate: Alg:SHA256withRSA, Serial:00, Subject:CN=Starfield Services Root Certificate Authority - G2, O="Starfield Technologies, Inc.", L=Scottsdale, ST=Arizona, C=US, Issuer:CN=Starfield Services Root Certificate Authority - G2, O="Starfield Technologies, Inc.", L=Scottsdale, ST=Arizona, C=US, Key type:RSA, Length:2048, Cert Id:1964785574, Valid from:9/1/09, 12:00 AM, Valid until:12/31/37, 11:59 PM
2025-07-31 16:26:40.862 [main] DEBUG jdk.event.security - X509Certificate: Alg:SHA384withECDSA, Serial:1f:47:af:aa:62:00:70:50:54:4c:01:9e:9b:63:99:2a, Subject:CN=COMODO ECC Certification Authority, O=COMODO CA Limited, L=Salford, ST=Greater Manchester, C=GB, Issuer:CN=COMODO ECC Certification Authority, O=COMODO CA Limited, L=Salford, ST=Greater Manchester, C=GB, Key type:EC, Length:384, Cert Id:1146488932, Valid from:3/6/08, 12:00 AM, Valid until:1/18/38, 11:59 PM
2025-07-31 16:26:40.862 [main] DEBUG jdk.event.security - X509Certificate: Alg:SHA384withECDSA, Serial:74:97:25:8a:c7:3f:7a:54, Subject:CN=AffirmTrust Premium ECC, O=AffirmTrust, C=US, Issuer:CN=AffirmTrust Premium ECC, O=AffirmTrust, C=US, Key type:EC, Length:384, Cert Id:-2080363786, Valid from:1/29/10, 2:20 PM, Valid until:12/31/40, 2:20 PM
2025-07-31 16:26:40.862 [main] DEBUG jdk.event.security - X509Certificate: Alg:SHA384withECDSA, Serial:00:a6:8b:79:29:00:00:00:00:50:d0:91:f9, Subject:CN=Entrust Root Certification Authority - EC1, OU="(c) 2012 Entrust, Inc. - for authorized use only", OU=See www.entrust.net/legal-terms, O="Entrust, Inc.", C=US, Issuer:CN=Entrust Root Certification Authority - EC1, OU="(c) 2012 Entrust, Inc. - for authorized use only", OU=See www.entrust.net/legal-terms, O="Entrust, Inc.", C=US, Key type:EC, Length:384, Cert Id:924514073, Valid from:12/18/12, 3:25 PM, Valid until:12/18/37, 3:55 PM
2025-07-31 16:26:40.863 [main] DEBUG jdk.event.security - X509Certificate: Alg:SHA1withRSA, Serial:00, Subject:OU=Starfield Class 2 Certification Authority, O="Starfield Technologies, Inc.", C=US, Issuer:OU=Starfield Class 2 Certification Authority, O="Starfield Technologies, Inc.", C=US, Key type:RSA, Length:2048, Cert Id:1825617644, Valid from:6/29/04, 5:39 PM, Valid until:6/29/34, 5:39 PM
2025-07-31 16:26:40.863 [main] DEBUG jdk.event.security - X509Certificate: Alg:SHA256withECDSA, Serial:06:6c:9f:d5:74:97:36:66:3f:3b:0b:9a:d9:e8:9e:76:03:f2:4a, Subject:CN=Amazon Root CA 3, O=Amazon, C=US, Issuer:CN=Amazon Root CA 3, O=Amazon, C=US, Key type:EC, Length:256, Cert Id:-1562287523, Valid from:5/26/15, 12:00 AM, Valid until:5/26/40, 12:00 AM
2025-07-31 16:26:40.864 [main] DEBUG jdk.event.security - X509Certificate: Alg:SHA256withRSA, Serial:00, Subject:CN=Hellenic Academic and Research Institutions RootCA 2015, O=Hellenic Academic and Research Institutions Cert. Authority, L=Athens, C=GR, Issuer:CN=Hellenic Academic and Research Institutions RootCA 2015, O=Hellenic Academic and Research Institutions Cert. Authority, L=Athens, C=GR, Key type:RSA, Length:4096, Cert Id:-802976731, Valid from:7/7/15, 10:11 AM, Valid until:6/30/40, 10:11 AM
2025-07-31 16:26:40.864 [main] DEBUG jdk.event.security - X509Certificate: Alg:SHA1withRSA, Serial:00:95:be:16:a0:f7:2e:46:f1:7b:39:82:72:fa:8b:cd:96, Subject:CN=TeliaSonera Root CA v1, O=TeliaSonera, Issuer:CN=TeliaSonera Root CA v1, O=TeliaSonera, Key type:RSA, Length:4096, Cert Id:1495358374, Valid from:10/18/07, 12:00 PM, Valid until:10/18/32, 12:00 PM
2025-07-31 16:26:40.865 [main] DEBUG jdk.event.security - X509Certificate: Alg:SHA256withRSA, Serial:1b:70:e9:d2:ff:ae:6c:71, Subject:CN=Autoridad de Certificacion Firmaprofesional CIF A62634068, C=ES, Issuer:CN=Autoridad de Certificacion Firmaprofesional CIF A62634068, C=ES, Key type:RSA, Length:4096, Cert Id:-1766730314, Valid from:9/23/14, 3:22 PM, Valid until:5/5/36, 3:22 PM
2025-07-31 16:26:40.865 [main] DEBUG jdk.event.security - X509Certificate: Alg:SHA256withRSA, Serial:0c:be, Subject:CN=TWCA Global Root CA, OU=Root CA, O=TAIWAN-CA, C=TW, Issuer:CN=TWCA Global Root CA, OU=Root CA, O=TAIWAN-CA, C=TW, Key type:RSA, Length:4096, Cert Id:861175838, Valid from:6/27/12, 6:28 AM, Valid until:12/31/30, 3:59 PM
2025-07-31 16:26:40.866 [main] DEBUG jdk.event.security - X509Certificate: Alg:SHA256withECDSA, Serial:02:03:e5:7e:f5:3f:93:fd:a5:09:21:b2:a6, Subject:CN=GlobalSign, O=GlobalSign, OU=GlobalSign ECC Root CA - R4, Issuer:CN=GlobalSign, O=GlobalSign, OU=GlobalSign ECC Root CA - R4, Key type:EC, Length:256, Cert Id:-516970517, Valid from:11/13/12, 12:00 AM, Valid until:1/19/38, 3:14 AM
2025-07-31 16:26:40.866 [main] DEBUG jdk.event.security - X509Certificate: Alg:SHA384withECDSA, Serial:06:25:33:b1:47:03:33:27:5c:f9:8d:9a:b9:bf:cc:f8, Subject:CN=Certainly Root E1, O=Certainly, C=US, Issuer:CN=Certainly Root E1, O=Certainly, C=US, Key type:EC, Length:384, Cert Id:792571453, Valid from:4/1/21, 12:00 AM, Valid until:4/1/46, 12:00 AM
2025-07-31 16:26:40.866 [main] DEBUG jdk.event.security - X509Certificate: Alg:SHA384withECDSA, Serial:5c:8b:99:c5:5a:94:c5:d2:71:56:de:cd:89:80:cc:26, Subject:CN=USERTrust ECC Certification Authority, O=The USERTRUST Network, L=Jersey City, ST=New Jersey, C=US, Issuer:CN=USERTrust ECC Certification Authority, O=The USERTRUST Network, L=Jersey City, ST=New Jersey, C=US, Key type:EC, Length:384, Cert Id:-965679910, Valid from:2/1/10, 12:00 AM, Valid until:1/18/38, 11:59 PM
2025-07-31 16:26:40.867 [main] DEBUG jdk.event.security - X509Certificate: Alg:SHA256withECDSA, Serial:2c:29:9c:5b:16:ed:05:95, Subject:CN=SSL.com EV Root Certification Authority ECC, O=SSL Corporation, L=Houston, ST=Texas, C=US, Issuer:CN=SSL.com EV Root Certification Authority ECC, O=SSL Corporation, L=Houston, ST=Texas, C=US, Key type:EC, Length:384, Cert Id:1789254518, Valid from:2/12/16, 6:15 PM, Valid until:2/12/41, 6:15 PM
2025-07-31 16:26:40.867 [main] DEBUG jdk.event.security - X509Certificate: Alg:SHA384withECDSA, Serial:43:70:82:77:cf:4d:5d:34:f1:ca:ae:32:2f:37:f7:f4:7f:75:a0:9e, Subject:CN=CommScope Public Trust ECC Root-01, O=CommScope, C=US, Issuer:CN=CommScope Public Trust ECC Root-01, O=CommScope, C=US, Key type:EC, Length:384, Cert Id:-1762588238, Valid from:4/28/21, 5:35 PM, Valid until:4/28/46, 5:35 PM
2025-07-31 16:26:40.868 [main] DEBUG jdk.event.security - X509Certificate: Alg:SHA384withECDSA, Serial:09:e0:93:65:ac:f7:d9:c8:b9:3e:1c:0b:04:2a:2e:f3, Subject:CN=DigiCert TLS ECC P384 Root G5, O="DigiCert, Inc.", C=US, Issuer:CN=DigiCert TLS ECC P384 Root G5, O="DigiCert, Inc.", C=US, Key type:EC, Length:384, Cert Id:-354195278, Valid from:1/15/21, 12:00 AM, Valid until:1/14/46, 11:59 PM
2025-07-31 16:26:40.868 [main] DEBUG jdk.event.security - X509Certificate: Alg:SHA384withECDSA, Serial:42:f2:cc:da:1b:69:37:44:5f:15:fe:75:28:10:b8:f4, Subject:CN=Sectigo Public Server Authentication Root E46, O=Sectigo Limited, C=GB, Issuer:CN=Sectigo Public Server Authentication Root E46, O=Sectigo Limited, C=GB, Key type:EC, Length:384, Cert Id:-505582027, Valid from:3/22/21, 12:00 AM, Valid until:3/21/46, 11:59 PM
2025-07-31 16:26:40.869 [main] DEBUG jdk.event.security - X509Certificate: Alg:SHA384withECDSA, Serial:08:bd:85:97:6c:99:27:a4:80:68:47:3b, Subject:CN=Trustwave Global ECC P384 Certification Authority, O="Trustwave Holdings, Inc.", L=Chicago, ST=Illinois, C=US, Issuer:CN=Trustwave Global ECC P384 Certification Authority, O="Trustwave Holdings, Inc.", L=Chicago, ST=Illinois, C=US, Key type:EC, Length:384, Cert Id:-1993924923, Valid from:8/23/17, 7:36 PM, Valid until:8/23/42, 7:36 PM
2025-07-31 16:26:40.869 [main] DEBUG jdk.event.security - X509Certificate: Alg:SHA256withRSA, Serial:5d:df:b1:da:5a:a3:ed:5d:be:5a:65:20:65:03:90:ef, Subject:CN=UCA Global G2 Root, O=UniTrust, C=CN, Issuer:CN=UCA Global G2 Root, O=UniTrust, C=CN, Key type:RSA, Length:4096, Cert Id:1844967193, Valid from:3/11/16, 12:00 AM, Valid until:12/31/40, 12:00 AM
2025-07-31 16:26:40.870 [main] DEBUG jdk.event.security - X509Certificate: Alg:SHA256withRSA, Serial:76:b1:20:52:74:f0:85:87:46:b3:f8:23:1a:f6:c2:c0, Subject:CN=OISTE WISeKey Global Root GB CA, OU=OISTE Foundation Endorsed, O=WISeKey, C=CH, Issuer:CN=OISTE WISeKey Global Root GB CA, OU=OISTE Foundation Endorsed, O=WISeKey, C=CH, Key type:RSA, Length:2048, Cert Id:-613481516, Valid from:12/1/14, 3:00 PM, Valid until:12/1/39, 3:10 PM
2025-07-31 16:26:40.870 [main] DEBUG jdk.event.security - X509Certificate: Alg:SHA384withRSA, Serial:4c:aa:f9:ca:db:63:6f:e0:1f:f7:4e:d8:5b:03:86:9d, Subject:CN=COMODO RSA Certification Authority, O=COMODO CA Limited, L=Salford, ST=Greater Manchester, C=GB, Issuer:CN=COMODO RSA Certification Authority, O=COMODO CA Limited, L=Salford, ST=Greater Manchester, C=GB, Key type:RSA, Length:4096, Cert Id:1769425049, Valid from:1/19/10, 12:00 AM, Valid until:1/18/38, 11:59 PM
2025-07-31 16:26:40.870 [main] DEBUG jdk.event.security - X509Certificate: Alg:SHA1withRSA, Serial:04:00:00:00:00:01:15:4b:5a:c3:94, Subject:CN=GlobalSign Root CA, OU=Root CA, O=GlobalSign nv-sa, C=BE, Issuer:CN=GlobalSign Root CA, OU=Root CA, O=GlobalSign nv-sa, C=BE, Key type:RSA, Length:2048, Cert Id:536948034, Valid from:9/1/98, 12:00 PM, Valid until:1/28/28, 12:00 PM
2025-07-31 16:26:40.871 [main] DEBUG jdk.event.security - X509Certificate: Alg:SHA256withRSA, Serial:44:57:34:24:5b:81:89:9b:35:f2:ce:b8:2b:3b:5b:a7:26:f0:75:28, Subject:CN=QuoVadis Root CA 2 G3, O=QuoVadis Limited, C=BM, Issuer:CN=QuoVadis Root CA 2 G3, O=QuoVadis Limited, C=BM, Key type:RSA, Length:4096, Cert Id:696763521, Valid from:1/12/12, 6:59 PM, Valid until:1/12/42, 6:59 PM
2025-07-31 16:26:40.872 [main] DEBUG jdk.event.security - X509Certificate: Alg:SHA384withRSA, Serial:00:e1:7c:37:40:fd:1b:fe:67, Subject:CN=Security Communication RootCA3, O="SECOM Trust Systems CO.,LTD.", C=JP, Issuer:CN=Security Communication RootCA3, O="SECOM Trust Systems CO.,LTD.", C=JP, Key type:RSA, Length:4096, Cert Id:-490273538, Valid from:6/16/16, 6:17 AM, Valid until:1/18/38, 6:17 AM
2025-07-31 16:26:40.872 [main] DEBUG jdk.event.security - X509Certificate: Alg:SHA384withRSA, Serial:01:fd:6d:30:fc:a3:ca:51:a8:1b:bc:64:0e:35:03:2d, Subject:CN=USERTrust RSA Certification Authority, O=The USERTRUST Network, L=Jersey City, ST=New Jersey, C=US, Issuer:CN=USERTrust RSA Certification Authority, O=The USERTRUST Network, L=Jersey City, ST=New Jersey, C=US, Key type:RSA, Length:4096, Cert Id:-347365895, Valid from:2/1/10, 12:00 AM, Valid until:1/18/38, 11:59 PM
2025-07-31 16:26:40.873 [main] DEBUG jdk.event.security - X509Certificate: Alg:SHA1withRSA, Serial:45:6b:50:54, Subject:CN=Entrust Root Certification Authority, OU="(c) 2006 Entrust, Inc.", OU=www.entrust.net/CPS is incorporated by reference, O="Entrust, Inc.", C=US, Issuer:CN=Entrust Root Certification Authority, OU="(c) 2006 Entrust, Inc.", OU=www.entrust.net/CPS is incorporated by reference, O="Entrust, Inc.", C=US, Key type:RSA, Length:2048, Cert Id:-1261404096, Valid from:11/27/06, 8:23 PM, Valid until:11/27/26, 8:53 PM
2025-07-31 16:26:40.874 [main] DEBUG jdk.event.security - X509Certificate: Alg:SHA256withRSA, Serial:7b:2c:9b:d3:16:80:32:99, Subject:CN=SSL.com Root Certification Authority RSA, O=SSL Corporation, L=Houston, ST=Texas, C=US, Issuer:CN=SSL.com Root Certification Authority RSA, O=SSL Corporation, L=Houston, ST=Texas, C=US, Key type:RSA, Length:4096, Cert Id:156725711, Valid from:2/12/16, 5:39 PM, Valid until:2/12/41, 5:39 PM
2025-07-31 16:26:40.875 [main] DEBUG jdk.event.security - X509Certificate: Alg:SHA1withRSA, Serial:00:fe:dc:e3:01:0f:c9:48:ff, Subject:CN=Certigna, O=Dhimyotis, C=FR, Issuer:CN=Certigna, O=Dhimyotis, C=FR, Key type:RSA, Length:2048, Cert Id:-788091456, Valid from:6/29/07, 3:13 PM, Valid until:6/29/27, 3:13 PM
2025-07-31 16:26:40.875 [main] DEBUG jdk.event.security - X509Certificate: Alg:SHA256withRSA, Serial:7d:09:97:fe:f0:47:ea:7a, Subject:CN=GDCA TrustAUTH R5 ROOT, O="GUANG DONG CERTIFICATE AUTHORITY CO.,LTD.", C=CN, Issuer:CN=GDCA TrustAUTH R5 ROOT, O="GUANG DONG CERTIFICATE AUTHORITY CO.,LTD.", C=CN, Key type:RSA, Length:4096, Cert Id:494136981, Valid from:11/26/14, 5:13 AM, Valid until:12/31/40, 3:59 PM
2025-07-31 16:26:40.875 [main] DEBUG jdk.event.security - X509Certificate: Alg:SHA256withRSA, Serial:01, Subject:CN=T-TeleSec GlobalRoot Class 2, OU=T-Systems Trust Center, O=T-Systems Enterprise Services GmbH, C=DE, Issuer:CN=T-TeleSec GlobalRoot Class 2, OU=T-Systems Trust Center, O=T-Systems Enterprise Services GmbH, C=DE, Key type:RSA, Length:2048, Cert Id:-1238464039, Valid from:10/1/08, 10:40 AM, Valid until:10/1/33, 11:59 PM
2025-07-31 16:26:40.876 [main] DEBUG jdk.event.security - X509Certificate: Alg:SHA384withECDSA, Serial:02:03:e5:b8:82:eb:20:f8:25:27:6d:3d:66, Subject:CN=GTS Root R3, O=Google Trust Services LLC, C=US, Issuer:CN=GTS Root R3, O=Google Trust Services LLC, C=US, Key type:EC, Length:384, Cert Id:1163081155, Valid from:6/22/16, 12:00 AM, Valid until:6/22/36, 12:00 AM
2025-07-31 16:26:40.877 [main] DEBUG jdk.event.security - X509Certificate: Alg:SHA1withRSA, Serial:7c:4f:04:39:1c:d4:99:2d, Subject:CN=AffirmTrust Networking, O=AffirmTrust, C=US, Issuer:CN=AffirmTrust Networking, O=AffirmTrust, C=US, Key type:RSA, Length:2048, Cert Id:651670175, Valid from:1/29/10, 2:08 PM, Valid until:12/31/30, 2:08 PM
2025-07-31 16:26:40.877 [main] DEBUG jdk.event.security - X509Certificate: Alg:SHA256withRSA, Serial:00:c2:7e:43:04:4e:47:3f:19, Subject:EMAILADDRESS=info@e-szigno.hu, CN=Microsec e-Szigno Root CA 2009, O=Microsec Ltd., L=Budapest, C=HU, Issuer:EMAILADDRESS=info@e-szigno.hu, CN=Microsec e-Szigno Root CA 2009, O=Microsec Ltd., L=Budapest, C=HU, Key type:RSA, Length:2048, Cert Id:-1903950012, Valid from:6/16/09, 11:30 AM, Valid until:12/30/29, 11:30 AM
2025-07-31 16:26:40.878 [main] DEBUG jdk.event.security - X509Certificate: Alg:SHA384withECDSA, Serial:14:03:f5:ab:fb:37:8b:17:40:5b:e2:43:b2:a5:d1:c4, Subject:CN=SSL.com TLS ECC Root CA 2022, O=SSL Corporation, C=US, Issuer:CN=SSL.com TLS ECC Root CA 2022, O=SSL Corporation, C=US, Key type:EC, Length:384, Cert Id:683561703, Valid from:8/25/22, 4:33 PM, Valid until:8/19/46, 4:33 PM
2025-07-31 16:26:40.878 [main] DEBUG jdk.event.security - X509Certificate: Alg:SHA256withRSA, Serial:6f:be:da:ad:73:bd:08:40:e2:8b:4d:be:d4:f7:5b:91, Subject:CN=SSL.com TLS RSA Root CA 2022, O=SSL Corporation, C=US, Issuer:CN=SSL.com TLS RSA Root CA 2022, O=SSL Corporation, C=US, Key type:RSA, Length:4096, Cert Id:556880013, Valid from:8/25/22, 4:34 PM, Valid until:8/19/46, 4:34 PM
2025-07-31 16:26:40.878 [main] DEBUG jdk.event.security - X509Certificate: Alg:SHA256withRSA, Serial:43:e3:71:13:d8:b3:59:14:5d:b7:ce:8c:fd:35:fd:6f:bc:05:8d:45, Subject:CN=vTrus Root CA, O="iTrusChina Co.,Ltd.", C=CN, Issuer:CN=vTrus Root CA, O="iTrusChina Co.,Ltd.", C=CN, Key type:RSA, Length:4096, Cert Id:-1825883750, Valid from:7/31/18, 7:24 AM, Valid until:7/31/43, 7:24 AM
2025-07-31 16:26:40.879 [main] DEBUG jdk.event.security - X509Certificate: Alg:SHA512withRSA, Serial:21:d6:d0:4a:4f:25:0f:c9:32:37:fc:aa:5e:12:8d:e9, Subject:CN=Certum Trusted Network CA 2, OU=Certum Certification Authority, O=Unizeto Technologies S.A., C=PL, Issuer:CN=Certum Trusted Network CA 2, OU=Certum Certification Authority, O=Unizeto Technologies S.A., C=PL, Key type:RSA, Length:4096, Cert Id:1983350452, Valid from:10/6/11, 8:39 AM, Valid until:10/6/46, 8:39 AM
2025-07-31 16:26:40.879 [main] DEBUG jdk.event.security - X509Certificate: Alg:SHA256withRSA, Serial:49:41:2c:e4:00:10, Subject:CN=NetLock Arany (Class Gold) Főtanúsítvány, OU=Tanúsítványkiadók (Certification Services), O=NetLock Kft., L=Budapest, C=HU, Issuer:CN=NetLock Arany (Class Gold) Főtanúsítvány, OU=Tanúsítványkiadók (Certification Services), O=NetLock Kft., L=Budapest, C=HU, Key type:RSA, Length:2048, Cert Id:58541246, Valid from:12/11/08, 3:08 PM, Valid until:12/6/28, 3:08 PM
2025-07-31 16:26:40.880 [main] DEBUG jdk.event.security - X509Certificate: Alg:SHA384withRSA, Serial:64:f6:0e:65:77:61:6a:ab:3b:b4:ea:85:84:bb:b1:89:b8:71:93:0f, Subject:CN=TrustAsia Global Root CA G3, O="TrustAsia Technologies, Inc.", C=CN, Issuer:CN=TrustAsia Global Root CA G3, O="TrustAsia Technologies, Inc.", C=CN, Key type:RSA, Length:4096, Cert Id:-766524011, Valid from:5/20/21, 2:10 AM, Valid until:5/19/46, 2:10 AM
2025-07-31 16:26:40.880 [main] DEBUG jdk.event.security - X509Certificate: Alg:SHA1withRSA, Serial:38:63:de:f8, Subject:CN=Entrust.net Certification Authority (2048), OU=(c) 1999 Entrust.net Limited, OU=www.entrust.net/CPS_2048 incorp. by ref. (limits liab.), O=Entrust.net, Issuer:CN=Entrust.net Certification Authority (2048), OU=(c) 1999 Entrust.net Limited, OU=www.entrust.net/CPS_2048 incorp. by ref. (limits liab.), O=Entrust.net, Key type:RSA, Length:2048, Cert Id:-328536082, Valid from:12/24/99, 5:50 PM, Valid until:7/24/29, 2:15 PM
2025-07-31 16:26:40.881 [main] DEBUG jdk.event.security - X509Certificate: Alg:SHA256withRSA, Serial:5d:93:8d:30:67:36:c8:06:1d:1a:c7:54:84:69:07, Subject:OU=AC RAIZ FNMT-RCM, O=FNMT-RCM, C=ES, Issuer:OU=AC RAIZ FNMT-RCM, O=FNMT-RCM, C=ES, Key type:RSA, Length:4096, Cert Id:1555523573, Valid from:10/29/08, 3:59 PM, Valid until:1/1/30, 12:00 AM
2025-07-31 16:26:40.881 [main] DEBUG jdk.event.security - X509Certificate: Alg:SHA384withRSA, Serial:11:d2:bb:b9:d7:23:18:9e:40:5f:0a:9d:2d:d0:df:25:67:d1, Subject:CN=GlobalSign Root R46, O=GlobalSign nv-sa, C=BE, Issuer:CN=GlobalSign Root R46, O=GlobalSign nv-sa, C=BE, Key type:RSA, Length:4096, Cert Id:1275948927, Valid from:3/20/19, 12:00 AM, Valid until:3/20/46, 12:00 AM
2025-07-31 16:26:40.882 [main] DEBUG jdk.event.security - X509Certificate: Alg:SHA1withRSA, Serial:01, Subject:CN=TWCA Root Certification Authority, OU=Root CA, O=TAIWAN-CA, C=TW, Issuer:CN=TWCA Root Certification Authority, OU=Root CA, O=TAIWAN-CA, C=TW, Key type:RSA, Length:2048, Cert Id:-1642094263, Valid from:8/28/08, 7:24 AM, Valid until:12/31/30, 3:59 PM
2025-07-31 16:26:40.882 [main] DEBUG jdk.event.security - X509Certificate: Alg:SHA1withRSA, Serial:08:3b:e0:56:90:42:46:b1:a1:75:6a:c9:59:91:c7:4a, Subject:CN=DigiCert Global Root CA, OU=www.digicert.com, O=DigiCert Inc, C=US, Issuer:CN=DigiCert Global Root CA, OU=www.digicert.com, O=DigiCert Inc, C=US, Key type:RSA, Length:2048, Cert Id:1341898239, Valid from:11/10/06, 12:00 AM, Valid until:11/10/31, 12:00 AM
2025-07-31 16:26:40.882 [main] DEBUG jdk.event.security - X509Certificate: Alg:SHA384withECDSA, Serial:05:55:56:bc:f2:5e:a4:35:35:c3:a4:0f:d5:ab:45:72, Subject:CN=DigiCert Global Root G3, OU=www.digicert.com, O=DigiCert Inc, C=US, Issuer:CN=DigiCert Global Root G3, OU=www.digicert.com, O=DigiCert Inc, C=US, Key type:EC, Length:384, Cert Id:-795968543, Valid from:8/1/13, 12:00 PM, Valid until:1/15/38, 12:00 PM
2025-07-31 16:26:40.883 [main] DEBUG jdk.event.security - X509Certificate: Alg:SHA256withRSA, Serial:02, Subject:CN=Buypass Class 2 Root CA, O=Buypass AS-983163327, C=NO, Issuer:CN=Buypass Class 2 Root CA, O=Buypass AS-983163327, C=NO, Key type:RSA, Length:4096, Cert Id:969960563, Valid from:10/26/10, 8:38 AM, Valid until:10/26/40, 8:38 AM
2025-07-31 16:26:40.883 [main] DEBUG jdk.event.security - X509Certificate: Alg:SHA256withRSA, Serial:05:f7:0e:86:da:49:f3:46:35:2e:ba:b2, Subject:CN=Trustwave Global Certification Authority, O="Trustwave Holdings, Inc.", L=Chicago, ST=Illinois, C=US, Issuer:CN=Trustwave Global Certification Authority, O="Trustwave Holdings, Inc.", L=Chicago, ST=Illinois, C=US, Key type:RSA, Length:4096, Cert Id:416366836, Valid from:8/23/17, 7:34 PM, Valid until:8/23/42, 7:34 PM
2025-07-31 16:26:40.884 [main] DEBUG jdk.event.security - X509Certificate: Alg:SHA256withRSA, Serial:57:0a:11:97:42:c4:e3:cc, Subject:CN=Actalis Authentication Root CA, O=Actalis S.p.A./03358520967, L=Milan, C=IT, Issuer:CN=Actalis Authentication Root CA, O=Actalis S.p.A./03358520967, L=Milan, C=IT, Key type:RSA, Length:4096, Cert Id:1729119956, Valid from:9/22/11, 11:22 AM, Valid until:9/22/30, 11:22 AM
2025-07-31 16:26:40.884 [main] DEBUG jdk.event.security - X509Certificate: Alg:SHA1withRSA, Serial:00:bb:40:1c:43:f5:5e:4f:b0, Subject:CN=SwissSign Gold CA - G2, O=SwissSign AG, C=CH, Issuer:CN=SwissSign Gold CA - G2, O=SwissSign AG, C=CH, Key type:RSA, Length:4096, Cert Id:1516221943, Valid from:10/25/06, 8:30 AM, Valid until:10/25/36, 8:30 AM
2025-07-31 16:26:40.885 [main] DEBUG jdk.event.security - X509Certificate: Alg:SHA384withRSA, Serial:06:6c:9f:d2:96:35:86:9f:0a:0f:e5:86:78:f8:5b:26:bb:8a:37, Subject:CN=Amazon Root CA 2, O=Amazon, C=US, Issuer:CN=Amazon Root CA 2, O=Amazon, C=US, Key type:RSA, Length:4096, Cert Id:-1766132388, Valid from:5/26/15, 12:00 AM, Valid until:5/26/40, 12:00 AM
2025-07-31 16:26:40.885 [main] DEBUG jdk.event.security - X509Certificate: Alg:SHA256withRSA, Serial:11:00:34:b6:4e:c6:36:2d:36, Subject:OU=certSIGN ROOT CA G2, O=CERTSIGN SA, C=RO, Issuer:OU=certSIGN ROOT CA G2, O=CERTSIGN SA, C=RO, Key type:RSA, Length:4096, Cert Id:-2113880430, Valid from:2/6/17, 9:27 AM, Valid until:2/6/42, 9:27 AM
2025-07-31 16:26:41.103 [main] DEBUG org.springframework.beans.factory.support.DefaultListableBeanFactory - Autowiring by type from bean name 'geminiChatService' via constructor to bean named 'org.springframework.web.context.support.GenericWebApplicationContext@7942a854'
2025-07-31 16:26:41.104 [main] DEBUG org.springframework.beans.factory.support.DefaultListableBeanFactory - Autowiring by type from bean name 'geminiChatService' via constructor to bean named 'chatSession'
2025-07-31 16:26:41.104 [main] DEBUG org.springframework.beans.factory.support.DefaultListableBeanFactory - Autowiring by type from bean name 'geminiChatService' via constructor to bean named 'geminiClient'
2025-07-31 16:26:41.106 [main] DEBUG org.springframework.core.env.PropertySourcesPropertyResolver - Found key 'app.system-prompt-file' in PropertySource 'environmentProperties' with value of type String
2025-07-31 16:26:41.107 [main] DEBUG org.springframework.core.env.PropertySourcesPropertyResolver - Found key 'gemini.model.name' in PropertySource 'environmentProperties' with value of type String
2025-07-31 16:26:41.112 [main] INFO  com.example.trainup.service.GeminiChatService - System prompt loaded.
2025-07-31 16:26:41.121 [main] DEBUG org.springframework.beans.factory.support.DefaultListableBeanFactory - Autowiring by type from bean name 'chatController' via constructor to bean named 'geminiChatService'
2025-07-31 16:26:41.121 [main] DEBUG org.springframework.beans.factory.support.DefaultListableBeanFactory - Autowiring by type from bean name 'chatController' via constructor to bean named 'chatSession'
2025-07-31 16:26:41.130 [main] DEBUG org.springframework.beans.factory.support.DefaultListableBeanFactory - Creating shared instance of singleton bean 'eventController'
2025-07-31 16:26:41.154 [main] DEBUG org.springframework.beans.factory.support.DefaultListableBeanFactory - Creating shared instance of singleton bean 'eventServiceImpl'
2025-07-31 16:26:41.163 [main] DEBUG org.springframework.beans.factory.support.DefaultListableBeanFactory - Creating shared instance of singleton bean 'eventMapperImpl'
2025-07-31 16:26:41.174 [main] DEBUG org.springframework.beans.factory.support.DefaultListableBeanFactory - Creating shared instance of singleton bean 'eventRepository'
2025-07-31 16:26:41.176 [main] DEBUG org.springframework.beans.factory.support.DefaultListableBeanFactory - Creating shared instance of singleton bean 'jpa.named-queries#10'
2025-07-31 16:26:41.178 [main] DEBUG org.springframework.beans.factory.support.DefaultListableBeanFactory - Creating shared instance of singleton bean 'jpa.EventRepository.fragments#0'
2025-07-31 16:26:41.180 [main] DEBUG org.springframework.orm.jpa.SharedEntityManagerCreator$SharedEntityManagerInvocationHandler - Creating new EntityManager for shared EntityManager invocation
2025-07-31 16:26:41.183 [main] DEBUG org.springframework.data.repository.core.support.RepositoryFactorySupport - Initializing repository instance for com.example.trainup.repository.EventRepository…
2025-07-31 16:26:41.183 [main] DEBUG org.springframework.orm.jpa.SharedEntityManagerCreator$SharedEntityManagerInvocationHandler - Creating new EntityManager for shared EntityManager invocation
2025-07-31 16:26:41.186 [main] DEBUG org.hibernate.resource.transaction.backend.jdbc.internal.JdbcResourceLocalTransactionCoordinatorImpl - JDBC transaction marked for rollback-only (exception provided for stack trace)
java.lang.Exception: exception just for purpose of providing stack trace
	at org.hibernate.resource.transaction.backend.jdbc.internal.JdbcResourceLocalTransactionCoordinatorImpl$TransactionDriverControlImpl.markRollbackOnly(JdbcResourceLocalTransactionCoordinatorImpl.java:309) ~[hibernate-core-6.6.8.Final.jar:6.6.8.Final]
	at org.hibernate.internal.AbstractSharedSessionContract.buildNamedQuery(AbstractSharedSessionContract.java:1141) ~[hibernate-core-6.6.8.Final.jar:6.6.8.Final]
	at org.hibernate.internal.AbstractSharedSessionContract.createNamedQuery(AbstractSharedSessionContract.java:1019) ~[hibernate-core-6.6.8.Final.jar:6.6.8.Final]
	at org.hibernate.internal.AbstractSharedSessionContract.createNamedQuery(AbstractSharedSessionContract.java:143) ~[hibernate-core-6.6.8.Final.jar:6.6.8.Final]
	at jdk.internal.reflect.GeneratedMethodAccessor95.invoke(Unknown Source) ~[?:?]
	at java.base/jdk.internal.reflect.DelegatingMethodAccessorImpl.invoke(DelegatingMethodAccessorImpl.java:43) ~[?:?]
	at java.base/java.lang.reflect.Method.invoke(Method.java:569) ~[?:?]
	at org.springframework.orm.jpa.ExtendedEntityManagerCreator$ExtendedEntityManagerInvocationHandler.invoke(ExtendedEntityManagerCreator.java:364) ~[spring-orm-6.2.3.jar:6.2.3]
	at jdk.proxy2/jdk.proxy2.$Proxy236.createNamedQuery(Unknown Source) ~[?:?]
	at org.springframework.data.jpa.repository.query.NamedQuery.hasNamedQuery(NamedQuery.java:114) ~[spring-data-jpa-3.4.3.jar:3.4.3]
	at org.springframework.data.jpa.repository.query.JpaQueryLookupStrategy$DeclaredQueryLookupStrategy.getCountQuery(JpaQueryLookupStrategy.java:208) ~[spring-data-jpa-3.4.3.jar:3.4.3]
	at org.springframework.data.jpa.repository.query.JpaQueryLookupStrategy$DeclaredQueryLookupStrategy.resolveQuery(JpaQueryLookupStrategy.java:175) ~[spring-data-jpa-3.4.3.jar:3.4.3]
	at org.springframework.data.jpa.repository.query.JpaQueryLookupStrategy$CreateIfNotFoundQueryLookupStrategy.resolveQuery(JpaQueryLookupStrategy.java:256) ~[spring-data-jpa-3.4.3.jar:3.4.3]
	at org.springframework.data.jpa.repository.query.JpaQueryLookupStrategy$AbstractQueryLookupStrategy.resolveQuery(JpaQueryLookupStrategy.java:99) ~[spring-data-jpa-3.4.3.jar:3.4.3]
	at org.springframework.data.repository.core.support.QueryExecutorMethodInterceptor.lookupQuery(QueryExecutorMethodInterceptor.java:116) ~[spring-data-commons-3.4.3.jar:3.4.3]
	at org.springframework.data.repository.core.support.QueryExecutorMethodInterceptor.mapMethodsToQuery(QueryExecutorMethodInterceptor.java:104) ~[spring-data-commons-3.4.3.jar:3.4.3]
	at org.springframework.data.repository.core.support.QueryExecutorMethodInterceptor.lambda$new$0(QueryExecutorMethodInterceptor.java:92) ~[spring-data-commons-3.4.3.jar:3.4.3]
	at java.base/java.util.Optional.map(Optional.java:260) ~[?:?]
	at org.springframework.data.repository.core.support.QueryExecutorMethodInterceptor.<init>(QueryExecutorMethodInterceptor.java:92) ~[spring-data-commons-3.4.3.jar:3.4.3]
	at org.springframework.data.repository.core.support.RepositoryFactorySupport.getRepository(RepositoryFactorySupport.java:440) ~[spring-data-commons-3.4.3.jar:3.4.3]
	at org.springframework.data.repository.core.support.RepositoryFactoryBeanSupport.lambda$afterPropertiesSet$4(RepositoryFactoryBeanSupport.java:350) ~[spring-data-commons-3.4.3.jar:3.4.3]
	at org.springframework.data.util.Lazy.getNullable(Lazy.java:135) ~[spring-data-commons-3.4.3.jar:3.4.3]
	at org.springframework.data.util.Lazy.get(Lazy.java:113) ~[spring-data-commons-3.4.3.jar:3.4.3]
	at org.springframework.data.repository.core.support.RepositoryFactoryBeanSupport.afterPropertiesSet(RepositoryFactoryBeanSupport.java:356) ~[spring-data-commons-3.4.3.jar:3.4.3]
	at org.springframework.data.jpa.repository.support.JpaRepositoryFactoryBean.afterPropertiesSet(JpaRepositoryFactoryBean.java:132) ~[spring-data-jpa-3.4.3.jar:3.4.3]
	at org.springframework.beans.factory.support.AbstractAutowireCapableBeanFactory.invokeInitMethods(AbstractAutowireCapableBeanFactory.java:1859) ~[spring-beans-6.2.3.jar:6.2.3]
	at org.springframework.beans.factory.support.AbstractAutowireCapableBeanFactory.initializeBean(AbstractAutowireCapableBeanFactory.java:1808) ~[spring-beans-6.2.3.jar:6.2.3]
	at org.springframework.beans.factory.support.AbstractAutowireCapableBeanFactory.doCreateBean(AbstractAutowireCapableBeanFactory.java:601) ~[spring-beans-6.2.3.jar:6.2.3]
	at org.springframework.beans.factory.support.AbstractAutowireCapableBeanFactory.createBean(AbstractAutowireCapableBeanFactory.java:523) ~[spring-beans-6.2.3.jar:6.2.3]
	at org.springframework.beans.factory.support.AbstractBeanFactory.lambda$doGetBean$0(AbstractBeanFactory.java:339) ~[spring-beans-6.2.3.jar:6.2.3]
	at org.springframework.beans.factory.support.DefaultSingletonBeanRegistry.getSingleton(DefaultSingletonBeanRegistry.java:346) ~[spring-beans-6.2.3.jar:6.2.3]
	at org.springframework.beans.factory.support.AbstractBeanFactory.doGetBean(AbstractBeanFactory.java:337) ~[spring-beans-6.2.3.jar:6.2.3]
	at org.springframework.beans.factory.support.AbstractBeanFactory.getBean(AbstractBeanFactory.java:202) ~[spring-beans-6.2.3.jar:6.2.3]
	at org.springframework.beans.factory.support.DefaultListableBeanFactory.doResolveDependency(DefaultListableBeanFactory.java:1606) ~[spring-beans-6.2.3.jar:6.2.3]
	at org.springframework.beans.factory.support.DefaultListableBeanFactory.resolveDependency(DefaultListableBeanFactory.java:1552) ~[spring-beans-6.2.3.jar:6.2.3]
	at org.springframework.beans.factory.support.ConstructorResolver.resolveAutowiredArgument(ConstructorResolver.java:913) ~[spring-beans-6.2.3.jar:6.2.3]
	at org.springframework.beans.factory.support.ConstructorResolver.createArgumentArray(ConstructorResolver.java:791) ~[spring-beans-6.2.3.jar:6.2.3]
	at org.springframework.beans.factory.support.ConstructorResolver.autowireConstructor(ConstructorResolver.java:240) ~[spring-beans-6.2.3.jar:6.2.3]
	at org.springframework.beans.factory.support.AbstractAutowireCapableBeanFactory.autowireConstructor(AbstractAutowireCapableBeanFactory.java:1381) ~[spring-beans-6.2.3.jar:6.2.3]
	at org.springframework.beans.factory.support.AbstractAutowireCapableBeanFactory.createBeanInstance(AbstractAutowireCapableBeanFactory.java:1218) ~[spring-beans-6.2.3.jar:6.2.3]
	at org.springframework.beans.factory.support.AbstractAutowireCapableBeanFactory.doCreateBean(AbstractAutowireCapableBeanFactory.java:563) ~[spring-beans-6.2.3.jar:6.2.3]
	at org.springframework.beans.factory.support.AbstractAutowireCapableBeanFactory.createBean(AbstractAutowireCapableBeanFactory.java:523) ~[spring-beans-6.2.3.jar:6.2.3]
	at org.springframework.beans.factory.support.AbstractBeanFactory.lambda$doGetBean$0(AbstractBeanFactory.java:339) ~[spring-beans-6.2.3.jar:6.2.3]
	at org.springframework.beans.factory.support.DefaultSingletonBeanRegistry.getSingleton(DefaultSingletonBeanRegistry.java:346) ~[spring-beans-6.2.3.jar:6.2.3]
	at org.springframework.beans.factory.support.AbstractBeanFactory.doGetBean(AbstractBeanFactory.java:337) ~[spring-beans-6.2.3.jar:6.2.3]
	at org.springframework.beans.factory.support.AbstractBeanFactory.getBean(AbstractBeanFactory.java:202) ~[spring-beans-6.2.3.jar:6.2.3]
	at org.springframework.beans.factory.config.DependencyDescriptor.resolveCandidate(DependencyDescriptor.java:254) ~[spring-beans-6.2.3.jar:6.2.3]
	at org.springframework.beans.factory.support.DefaultListableBeanFactory.doResolveDependency(DefaultListableBeanFactory.java:1664) ~[spring-beans-6.2.3.jar:6.2.3]
	at org.springframework.beans.factory.support.DefaultListableBeanFactory.resolveDependency(DefaultListableBeanFactory.java:1552) ~[spring-beans-6.2.3.jar:6.2.3]
	at org.springframework.beans.factory.support.ConstructorResolver.resolveAutowiredArgument(ConstructorResolver.java:913) ~[spring-beans-6.2.3.jar:6.2.3]
	at org.springframework.beans.factory.support.ConstructorResolver.createArgumentArray(ConstructorResolver.java:791) ~[spring-beans-6.2.3.jar:6.2.3]
	at org.springframework.beans.factory.support.ConstructorResolver.autowireConstructor(ConstructorResolver.java:240) ~[spring-beans-6.2.3.jar:6.2.3]
	at org.springframework.beans.factory.support.AbstractAutowireCapableBeanFactory.autowireConstructor(AbstractAutowireCapableBeanFactory.java:1381) ~[spring-beans-6.2.3.jar:6.2.3]
	at org.springframework.beans.factory.support.AbstractAutowireCapableBeanFactory.createBeanInstance(AbstractAutowireCapableBeanFactory.java:1218) ~[spring-beans-6.2.3.jar:6.2.3]
	at org.springframework.beans.factory.support.AbstractAutowireCapableBeanFactory.doCreateBean(AbstractAutowireCapableBeanFactory.java:563) ~[spring-beans-6.2.3.jar:6.2.3]
	at org.springframework.beans.factory.support.AbstractAutowireCapableBeanFactory.createBean(AbstractAutowireCapableBeanFactory.java:523) ~[spring-beans-6.2.3.jar:6.2.3]
	at org.springframework.beans.factory.support.AbstractBeanFactory.lambda$doGetBean$0(AbstractBeanFactory.java:339) ~[spring-beans-6.2.3.jar:6.2.3]
	at org.springframework.beans.factory.support.DefaultSingletonBeanRegistry.getSingleton(DefaultSingletonBeanRegistry.java:346) ~[spring-beans-6.2.3.jar:6.2.3]
	at org.springframework.beans.factory.support.AbstractBeanFactory.doGetBean(AbstractBeanFactory.java:337) ~[spring-beans-6.2.3.jar:6.2.3]
	at org.springframework.beans.factory.support.AbstractBeanFactory.getBean(AbstractBeanFactory.java:202) ~[spring-beans-6.2.3.jar:6.2.3]
	at org.springframework.beans.factory.support.DefaultListableBeanFactory.instantiateSingleton(DefaultListableBeanFactory.java:1155) ~[spring-beans-6.2.3.jar:6.2.3]
	at org.springframework.beans.factory.support.DefaultListableBeanFactory.preInstantiateSingleton(DefaultListableBeanFactory.java:1121) ~[spring-beans-6.2.3.jar:6.2.3]
	at org.springframework.beans.factory.support.DefaultListableBeanFactory.preInstantiateSingletons(DefaultListableBeanFactory.java:1056) ~[spring-beans-6.2.3.jar:6.2.3]
	at org.springframework.context.support.AbstractApplicationContext.finishBeanFactoryInitialization(AbstractApplicationContext.java:987) ~[spring-context-6.2.3.jar:6.2.3]
	at org.springframework.context.support.AbstractApplicationContext.refresh(AbstractApplicationContext.java:627) ~[spring-context-6.2.3.jar:6.2.3]
	at org.springframework.boot.SpringApplication.refresh(SpringApplication.java:752) ~[spring-boot-3.4.3.jar:3.4.3]
	at org.springframework.boot.SpringApplication.refreshContext(SpringApplication.java:439) ~[spring-boot-3.4.3.jar:3.4.3]
	at org.springframework.boot.SpringApplication.run(SpringApplication.java:318) ~[spring-boot-3.4.3.jar:3.4.3]
	at org.springframework.boot.test.context.SpringBootContextLoader.lambda$loadContext$3(SpringBootContextLoader.java:137) ~[spring-boot-test-3.4.3.jar:3.4.3]
	at org.springframework.util.function.ThrowingSupplier.get(ThrowingSupplier.java:58) ~[spring-core-6.2.3.jar:6.2.3]
	at org.springframework.util.function.ThrowingSupplier.get(ThrowingSupplier.java:46) ~[spring-core-6.2.3.jar:6.2.3]
	at org.springframework.boot.SpringApplication.withHook(SpringApplication.java:1461) ~[spring-boot-3.4.3.jar:3.4.3]
	at org.springframework.boot.test.context.SpringBootContextLoader$ContextLoaderHook.run(SpringBootContextLoader.java:553) ~[spring-boot-test-3.4.3.jar:3.4.3]
	at org.springframework.boot.test.context.SpringBootContextLoader.loadContext(SpringBootContextLoader.java:137) ~[spring-boot-test-3.4.3.jar:3.4.3]
	at org.springframework.boot.test.context.SpringBootContextLoader.loadContext(SpringBootContextLoader.java:108) ~[spring-boot-test-3.4.3.jar:3.4.3]
	at org.springframework.test.context.cache.DefaultCacheAwareContextLoaderDelegate.loadContextInternal(DefaultCacheAwareContextLoaderDelegate.java:225) ~[spring-test-6.2.3.jar:6.2.3]
	at org.springframework.test.context.cache.DefaultCacheAwareContextLoaderDelegate.loadContext(DefaultCacheAwareContextLoaderDelegate.java:152) ~[spring-test-6.2.3.jar:6.2.3]
	at org.springframework.test.context.support.DefaultTestContext.getApplicationContext(DefaultTestContext.java:130) ~[spring-test-6.2.3.jar:6.2.3]
	at org.springframework.test.context.web.ServletTestExecutionListener.setUpRequestContextIfNecessary(ServletTestExecutionListener.java:200) ~[spring-test-6.2.3.jar:6.2.3]
	at org.springframework.test.context.web.ServletTestExecutionListener.prepareTestInstance(ServletTestExecutionListener.java:139) ~[spring-test-6.2.3.jar:6.2.3]
	at org.springframework.test.context.TestContextManager.prepareTestInstance(TestContextManager.java:260) ~[spring-test-6.2.3.jar:6.2.3]
	at org.springframework.test.context.junit.jupiter.SpringExtension.postProcessTestInstance(SpringExtension.java:160) ~[spring-test-6.2.3.jar:6.2.3]
	at org.junit.jupiter.engine.descriptor.ClassBasedTestDescriptor.lambda$invokeTestInstancePostProcessors$11(ClassBasedTestDescriptor.java:378) ~[junit-jupiter-engine-5.11.4.jar:5.11.4]
	at org.junit.jupiter.engine.descriptor.ClassBasedTestDescriptor.executeAndMaskThrowable(ClassBasedTestDescriptor.java:383) ~[junit-jupiter-engine-5.11.4.jar:5.11.4]
	at org.junit.jupiter.engine.descriptor.ClassBasedTestDescriptor.lambda$invokeTestInstancePostProcessors$12(ClassBasedTestDescriptor.java:378) ~[junit-jupiter-engine-5.11.4.jar:5.11.4]
	at java.base/java.util.stream.ForEachOps$ForEachOp$OfRef.accept(ForEachOps.java:183) ~[?:?]
	at java.base/java.util.stream.ReferencePipeline$3$1.accept(ReferencePipeline.java:197) ~[?:?]
	at java.base/java.util.stream.ReferencePipeline$2$1.accept(ReferencePipeline.java:179) ~[?:?]
	at java.base/java.util.stream.ReferencePipeline$3$1.accept(ReferencePipeline.java:197) ~[?:?]
	at java.base/java.util.ArrayList$ArrayListSpliterator.forEachRemaining(ArrayList.java:1625) ~[?:?]
	at java.base/java.util.stream.AbstractPipeline.copyInto(AbstractPipeline.java:509) ~[?:?]
	at java.base/java.util.stream.AbstractPipeline.wrapAndCopyInto(AbstractPipeline.java:499) ~[?:?]
	at java.base/java.util.stream.ForEachOps$ForEachOp.evaluateSequential(ForEachOps.java:150) ~[?:?]
	at java.base/java.util.stream.ForEachOps$ForEachOp$OfRef.evaluateSequential(ForEachOps.java:173) ~[?:?]
	at java.base/java.util.stream.AbstractPipeline.evaluate(AbstractPipeline.java:234) ~[?:?]
	at java.base/java.util.stream.ReferencePipeline.forEach(ReferencePipeline.java:596) ~[?:?]
	at org.junit.jupiter.engine.descriptor.ClassBasedTestDescriptor.invokeTestInstancePostProcessors(ClassBasedTestDescriptor.java:377) ~[junit-jupiter-engine-5.11.4.jar:5.11.4]
	at org.junit.jupiter.engine.descriptor.ClassBasedTestDescriptor.lambda$instantiateAndPostProcessTestInstance$7(ClassBasedTestDescriptor.java:290) ~[junit-jupiter-engine-5.11.4.jar:5.11.4]
	at org.junit.platform.engine.support.hierarchical.ThrowableCollector.execute(ThrowableCollector.java:73) ~[junit-platform-engine-1.11.4.jar:1.11.4]
	at org.junit.jupiter.engine.descriptor.ClassBasedTestDescriptor.instantiateAndPostProcessTestInstance(ClassBasedTestDescriptor.java:289) ~[junit-jupiter-engine-5.11.4.jar:5.11.4]
	at org.junit.jupiter.engine.descriptor.ClassBasedTestDescriptor.lambda$testInstancesProvider$5(ClassBasedTestDescriptor.java:279) ~[junit-jupiter-engine-5.11.4.jar:5.11.4]
	at java.base/java.util.Optional.orElseGet(Optional.java:364) ~[?:?]
	at org.junit.jupiter.engine.descriptor.ClassBasedTestDescriptor.lambda$testInstancesProvider$6(ClassBasedTestDescriptor.java:278) ~[junit-jupiter-engine-5.11.4.jar:5.11.4]
	at org.junit.jupiter.engine.execution.TestInstancesProvider.getTestInstances(TestInstancesProvider.java:31) ~[junit-jupiter-engine-5.11.4.jar:5.11.4]
	at org.junit.jupiter.engine.descriptor.TestMethodTestDescriptor.lambda$prepare$1(TestMethodTestDescriptor.java:105) ~[junit-jupiter-engine-5.11.4.jar:5.11.4]
	at org.junit.platform.engine.support.hierarchical.ThrowableCollector.execute(ThrowableCollector.java:73) ~[junit-platform-engine-1.11.4.jar:1.11.4]
	at org.junit.jupiter.engine.descriptor.TestMethodTestDescriptor.prepare(TestMethodTestDescriptor.java:104) ~[junit-jupiter-engine-5.11.4.jar:5.11.4]
	at org.junit.jupiter.engine.descriptor.TestMethodTestDescriptor.prepare(TestMethodTestDescriptor.java:68) ~[junit-jupiter-engine-5.11.4.jar:5.11.4]
	at org.junit.platform.engine.support.hierarchical.NodeTestTask.lambda$prepare$2(NodeTestTask.java:128) ~[junit-platform-engine-1.11.4.jar:1.11.4]
	at org.junit.platform.engine.support.hierarchical.ThrowableCollector.execute(ThrowableCollector.java:73) ~[junit-platform-engine-1.11.4.jar:1.11.4]
	at org.junit.platform.engine.support.hierarchical.NodeTestTask.prepare(NodeTestTask.java:128) ~[junit-platform-engine-1.11.4.jar:1.11.4]
	at org.junit.platform.engine.support.hierarchical.NodeTestTask.execute(NodeTestTask.java:95) ~[junit-platform-engine-1.11.4.jar:1.11.4]
	at java.base/java.util.ArrayList.forEach(ArrayList.java:1511) ~[?:?]
	at org.junit.platform.engine.support.hierarchical.SameThreadHierarchicalTestExecutorService.invokeAll(SameThreadHierarchicalTestExecutorService.java:41) ~[junit-platform-engine-1.11.4.jar:1.11.4]
	at org.junit.platform.engine.support.hierarchical.NodeTestTask.lambda$executeRecursively$6(NodeTestTask.java:160) ~[junit-platform-engine-1.11.4.jar:1.11.4]
	at org.junit.platform.engine.support.hierarchical.ThrowableCollector.execute(ThrowableCollector.java:73) ~[junit-platform-engine-1.11.4.jar:1.11.4]
	at org.junit.platform.engine.support.hierarchical.NodeTestTask.lambda$executeRecursively$8(NodeTestTask.java:146) ~[junit-platform-engine-1.11.4.jar:1.11.4]
	at org.junit.platform.engine.support.hierarchical.Node.around(Node.java:137) ~[junit-platform-engine-1.11.4.jar:1.11.4]
	at org.junit.platform.engine.support.hierarchical.NodeTestTask.lambda$executeRecursively$9(NodeTestTask.java:144) ~[junit-platform-engine-1.11.4.jar:1.11.4]
	at org.junit.platform.engine.support.hierarchical.ThrowableCollector.execute(ThrowableCollector.java:73) ~[junit-platform-engine-1.11.4.jar:1.11.4]
	at org.junit.platform.engine.support.hierarchical.NodeTestTask.executeRecursively(NodeTestTask.java:143) ~[junit-platform-engine-1.11.4.jar:1.11.4]
	at org.junit.platform.engine.support.hierarchical.NodeTestTask.execute(NodeTestTask.java:100) ~[junit-platform-engine-1.11.4.jar:1.11.4]
	at java.base/java.util.ArrayList.forEach(ArrayList.java:1511) ~[?:?]
	at org.junit.platform.engine.support.hierarchical.SameThreadHierarchicalTestExecutorService.invokeAll(SameThreadHierarchicalTestExecutorService.java:41) ~[junit-platform-engine-1.11.4.jar:1.11.4]
	at org.junit.platform.engine.support.hierarchical.NodeTestTask.lambda$executeRecursively$6(NodeTestTask.java:160) ~[junit-platform-engine-1.11.4.jar:1.11.4]
	at org.junit.platform.engine.support.hierarchical.ThrowableCollector.execute(ThrowableCollector.java:73) ~[junit-platform-engine-1.11.4.jar:1.11.4]
	at org.junit.platform.engine.support.hierarchical.NodeTestTask.lambda$executeRecursively$8(NodeTestTask.java:146) ~[junit-platform-engine-1.11.4.jar:1.11.4]
	at org.junit.platform.engine.support.hierarchical.Node.around(Node.java:137) ~[junit-platform-engine-1.11.4.jar:1.11.4]
	at org.junit.platform.engine.support.hierarchical.NodeTestTask.lambda$executeRecursively$9(NodeTestTask.java:144) ~[junit-platform-engine-1.11.4.jar:1.11.4]
	at org.junit.platform.engine.support.hierarchical.ThrowableCollector.execute(ThrowableCollector.java:73) ~[junit-platform-engine-1.11.4.jar:1.11.4]
	at org.junit.platform.engine.support.hierarchical.NodeTestTask.executeRecursively(NodeTestTask.java:143) ~[junit-platform-engine-1.11.4.jar:1.11.4]
	at org.junit.platform.engine.support.hierarchical.NodeTestTask.execute(NodeTestTask.java:100) ~[junit-platform-engine-1.11.4.jar:1.11.4]
	at org.junit.platform.engine.support.hierarchical.SameThreadHierarchicalTestExecutorService.submit(SameThreadHierarchicalTestExecutorService.java:35) ~[junit-platform-engine-1.11.4.jar:1.11.4]
	at org.junit.platform.engine.support.hierarchical.HierarchicalTestExecutor.execute(HierarchicalTestExecutor.java:57) ~[junit-platform-engine-1.11.4.jar:1.11.4]
	at org.junit.platform.engine.support.hierarchical.HierarchicalTestEngine.execute(HierarchicalTestEngine.java:54) ~[junit-platform-engine-1.11.4.jar:1.11.4]
	at org.junit.platform.launcher.core.EngineExecutionOrchestrator.execute(EngineExecutionOrchestrator.java:198) ~[junit-platform-launcher-1.11.4.jar:1.11.4]
	at org.junit.platform.launcher.core.EngineExecutionOrchestrator.execute(EngineExecutionOrchestrator.java:169) ~[junit-platform-launcher-1.11.4.jar:1.11.4]
	at org.junit.platform.launcher.core.EngineExecutionOrchestrator.execute(EngineExecutionOrchestrator.java:93) ~[junit-platform-launcher-1.11.4.jar:1.11.4]
	at org.junit.platform.launcher.core.EngineExecutionOrchestrator.lambda$execute$0(EngineExecutionOrchestrator.java:58) ~[junit-platform-launcher-1.11.4.jar:1.11.4]
	at org.junit.platform.launcher.core.EngineExecutionOrchestrator.withInterceptedStreams(EngineExecutionOrchestrator.java:141) [junit-platform-launcher-1.11.4.jar:1.11.4]
	at org.junit.platform.launcher.core.EngineExecutionOrchestrator.execute(EngineExecutionOrchestrator.java:57) [junit-platform-launcher-1.11.4.jar:1.11.4]
	at org.junit.platform.launcher.core.DefaultLauncher.execute(DefaultLauncher.java:103) [junit-platform-launcher-1.11.4.jar:1.11.4]
	at org.junit.platform.launcher.core.DefaultLauncher.execute(DefaultLauncher.java:85) [junit-platform-launcher-1.11.4.jar:1.11.4]
	at org.junit.platform.launcher.core.DelegatingLauncher.execute(DelegatingLauncher.java:47) [junit-platform-launcher-1.11.4.jar:1.11.4]
	at org.apache.maven.surefire.junitplatform.LazyLauncher.execute(LazyLauncher.java:56) [surefire-junit-platform-3.5.2.jar:3.5.2]
	at org.apache.maven.surefire.junitplatform.JUnitPlatformProvider.execute(JUnitPlatformProvider.java:184) [surefire-junit-platform-3.5.2.jar:3.5.2]
	at org.apache.maven.surefire.junitplatform.JUnitPlatformProvider.invokeAllTests(JUnitPlatformProvider.java:148) [surefire-junit-platform-3.5.2.jar:3.5.2]
	at org.apache.maven.surefire.junitplatform.JUnitPlatformProvider.invoke(JUnitPlatformProvider.java:122) [surefire-junit-platform-3.5.2.jar:3.5.2]
	at org.apache.maven.surefire.booter.ForkedBooter.runSuitesInProcess(ForkedBooter.java:385) [surefire-booter-3.5.2.jar:3.5.2]
	at org.apache.maven.surefire.booter.ForkedBooter.execute(ForkedBooter.java:162) [surefire-booter-3.5.2.jar:3.5.2]
	at org.apache.maven.surefire.booter.ForkedBooter.run(ForkedBooter.java:507) [surefire-booter-3.5.2.jar:3.5.2]
	at org.apache.maven.surefire.booter.ForkedBooter.main(ForkedBooter.java:495) [surefire-booter-3.5.2.jar:3.5.2]
2025-07-31 16:26:41.187 [main] DEBUG org.springframework.data.jpa.repository.query.NamedQuery - Did not find named query Event.findEventsByCriteria.count
2025-07-31 16:26:41.188 [main] DEBUG org.springframework.orm.jpa.SharedEntityManagerCreator$SharedEntityManagerInvocationHandler - Creating new EntityManager for shared EntityManager invocation
2025-07-31 16:26:41.257 [main] DEBUG org.hibernate.orm.query.hql - HQL : SELECT DISTINCT e FROM Event e LEFT JOIN e.sport s LEFT JOIN e.gym g LEFT JOIN e.trainer t WHERE (:id IS NULL OR e.id = :id) AND (:name IS NULL OR (CAST(e.name AS string) LIKE CONCAT('%', CAST(:name AS string), '%'))) AND (:sportId IS NULL OR s.id = :sportId) AND ((CAST(:startOfDay AS timestamp) IS NULL AND CAST(:endOfDay AS timestamp) IS NULL) OR (e.dateTime >= :startOfDay AND e.dateTime < :endOfDay)) AND (:gymId IS NULL OR g.id = :gymId) AND (:trainerId IS NULL OR t.id = :trainerId)
2025-07-31 16:26:41.269 [main] DEBUG org.hibernate.orm.query.hql.reservedWordAsIdentifier - Encountered use of reserved word as identifier : IS
2025-07-31 16:26:41.270 [main] DEBUG org.hibernate.orm.query.hql.reservedWordAsIdentifier - Encountered use of reserved word as identifier : =
2025-07-31 16:26:41.270 [main] DEBUG org.hibernate.orm.query.hql.reservedWordAsIdentifier - Encountered use of reserved word as identifier : )
2025-07-31 16:26:41.270 [main] DEBUG org.hibernate.orm.query.hql.reservedWordAsIdentifier - Encountered use of reserved word as identifier : =
2025-07-31 16:26:41.474 [main] DEBUG org.hibernate.orm.query.hql.reservedWordAsIdentifier - Encountered use of reserved word as identifier : )
2025-07-31 16:26:41.474 [main] DEBUG org.hibernate.orm.query.hql.reservedWordAsIdentifier - Encountered use of reserved word as identifier : )
2025-07-31 16:26:41.566 [main] DEBUG org.hibernate.orm.query.hql.reservedWordAsIdentifier - Encountered use of reserved word as identifier : >=
2025-07-31 16:26:41.567 [main] DEBUG org.hibernate.orm.query.hql.reservedWordAsIdentifier - Encountered use of reserved word as identifier : <
2025-07-31 16:26:41.567 [main] DEBUG org.hibernate.orm.query.hql.reservedWordAsIdentifier - Encountered use of reserved word as identifier : =
2025-07-31 16:26:41.567 [main] DEBUG org.hibernate.orm.query.hql.reservedWordAsIdentifier - Encountered use of reserved word as identifier : =
2025-07-31 16:26:41.568 [main] DEBUG org.hibernate.orm.query.sqm.creation - Applying inferable type to SqmExpression [SqmNamedParameter(id)] : null -> SqmBasicValuedSimplePath(com.example.trainup.model.Event(e).id)
2025-07-31 16:26:41.569 [main] DEBUG org.hibernate.orm.query.sqm.creation - Applying inferable type to SqmExpression [SqmNamedParameter(sportId)] : null -> SqmBasicValuedSimplePath(com.example.trainup.model.Event(e).sport(s).id)
2025-07-31 16:26:41.569 [main] DEBUG org.hibernate.orm.query.sqm.creation - Applying inferable type to SqmExpression [SqmNamedParameter(startOfDay)] : null -> SqmBasicValuedSimplePath(com.example.trainup.model.Event(e).dateTime)
2025-07-31 16:26:41.569 [main] DEBUG org.hibernate.orm.query.sqm.creation - Applying inferable type to SqmExpression [SqmNamedParameter(endOfDay)] : null -> SqmBasicValuedSimplePath(com.example.trainup.model.Event(e).dateTime)
2025-07-31 16:26:41.569 [main] DEBUG org.hibernate.orm.query.sqm.creation - Applying inferable type to SqmExpression [SqmNamedParameter(gymId)] : null -> SqmBasicValuedSimplePath(com.example.trainup.model.Event(e).gym(g).id)
2025-07-31 16:26:41.570 [main] DEBUG org.hibernate.orm.query.sqm.creation - Applying inferable type to SqmExpression [SqmNamedParameter(trainerId)] : null -> SqmBasicValuedSimplePath(com.example.trainup.model.Event(e).trainer(t).id)
2025-07-31 16:26:41.570 [main] DEBUG org.hibernate.orm.query.sqm.ast - SqmStatement Tree :
    -> [select]
      -> [query-spec]
        -> [select(distinct)]
          -> [selection]
            -> [root] - `com.example.trainup.model.Event(e)`
              -> [joins]
                -> [attribute] - `com.example.trainup.model.Event(e).sport(s)`
                    [fetched = false]
                <- [attribute] - `com.example.trainup.model.Event(e).sport(s)`
                -> [attribute] - `com.example.trainup.model.Event(e).gym(g)`
                    [fetched = false]
                <- [attribute] - `com.example.trainup.model.Event(e).gym(g)`
                -> [attribute] - `com.example.trainup.model.Event(e).trainer(t)`
                    [fetched = false]
                <- [attribute] - `com.example.trainup.model.Event(e).trainer(t)`
              <- [joins]
            <- [root] - `com.example.trainup.model.Event(e)`
          <- [selection]
        <- [select(distinct)]
        -> [from]
          -> [root] - `com.example.trainup.model.Event(e)`
            -> [joins]
              -> [attribute] - `com.example.trainup.model.Event(e).sport(s)`
                  [fetched = false]
              <- [attribute] - `com.example.trainup.model.Event(e).sport(s)`
              -> [attribute] - `com.example.trainup.model.Event(e).gym(g)`
                  [fetched = false]
              <- [attribute] - `com.example.trainup.model.Event(e).gym(g)`
              -> [attribute] - `com.example.trainup.model.Event(e).trainer(t)`
                  [fetched = false]
              <- [attribute] - `com.example.trainup.model.Event(e).trainer(t)`
            <- [joins]
          <- [root] - `com.example.trainup.model.Event(e)`
        <- [from]
        -> [where]
          -> [and]
            -> [grouped]
                -> [or]
                  -> [is-null]
                      :id
                  <- [is-null]
                  -> [EQUAL]
                      -> [basic-path] - `com.example.trainup.model.Event(e).id`
                      :id
                  <- [EQUAL]
                <- [or]
            <- [grouped]
            -> [grouped]
                -> [or]
                  -> [is-null]
                      :name
                  <- [is-null]
                  -> [grouped]
                      -> [is-like]
                      <- [is-like]
                  <- [grouped]
                <- [or]
            <- [grouped]
            -> [grouped]
                -> [or]
                  -> [is-null]
                      :sportId
                  <- [is-null]
                  -> [EQUAL]
                      -> [basic-path] - `com.example.trainup.model.Event(e).sport(s).id`
                      :sportId
                  <- [EQUAL]
                <- [or]
            <- [grouped]
            -> [grouped]
                -> [or]
                  -> [grouped]
                      -> [and]
                        -> [is-null]
                        <- [is-null]
                        -> [is-null]
                        <- [is-null]
                      <- [and]
                  <- [grouped]
                  -> [grouped]
                      -> [and]
                        -> [GREATER_THAN_OR_EQUAL]
                            -> [basic-path] - `com.example.trainup.model.Event(e).dateTime`
                            :startOfDay
                        <- [GREATER_THAN_OR_EQUAL]
                        -> [LESS_THAN]
                            -> [basic-path] - `com.example.trainup.model.Event(e).dateTime`
                            :endOfDay
                        <- [LESS_THAN]
                      <- [and]
                  <- [grouped]
                <- [or]
            <- [grouped]
            -> [grouped]
                -> [or]
                  -> [is-null]
                      :gymId
                  <- [is-null]
                  -> [EQUAL]
                      -> [basic-path] - `com.example.trainup.model.Event(e).gym(g).id`
                      :gymId
                  <- [EQUAL]
                <- [or]
            <- [grouped]
            -> [grouped]
                -> [or]
                  -> [is-null]
                      :trainerId
                  <- [is-null]
                  -> [EQUAL]
                      -> [basic-path] - `com.example.trainup.model.Event(e).trainer(t).id`
                      :trainerId
                  <- [EQUAL]
                <- [or]
            <- [grouped]
          <- [and]
        <- [where]
      <- [query-spec]
    <- [select]

2025-07-31 16:26:41.573 [main] DEBUG org.hibernate.orm.query.hql - HQL : SELECT count(DISTINCT e) FROM Event e LEFT JOIN e.sport s LEFT JOIN e.gym g LEFT JOIN e.trainer t WHERE (:id IS NULL OR e.id = :id) AND (:name IS NULL OR (CAST(e.name AS string) LIKE CONCAT('%', CAST(:name AS string), '%'))) AND (:sportId IS NULL OR s.id = :sportId) AND ((CAST(:startOfDay AS timestamp) IS NULL AND CAST(:endOfDay AS timestamp) IS NULL) OR (e.dateTime >= :startOfDay AND e.dateTime < :endOfDay)) AND (:gymId IS NULL OR g.id = :gymId) AND (:trainerId IS NULL OR t.id = :trainerId)
2025-07-31 16:26:41.573 [main] DEBUG org.hibernate.orm.query.hql.reservedWordAsIdentifier - Encountered use of reserved word as identifier : (
2025-07-31 16:26:41.574 [main] DEBUG org.hibernate.orm.query.hql.reservedWordAsIdentifier - Encountered use of reserved word as identifier : IS
2025-07-31 16:26:41.574 [main] DEBUG org.hibernate.orm.query.hql.reservedWordAsIdentifier - Encountered use of reserved word as identifier : =
2025-07-31 16:26:41.574 [main] DEBUG org.hibernate.orm.query.hql.reservedWordAsIdentifier - Encountered use of reserved word as identifier : )
2025-07-31 16:26:41.574 [main] DEBUG org.hibernate.orm.query.hql.reservedWordAsIdentifier - Encountered use of reserved word as identifier : =
2025-07-31 16:26:41.574 [main] DEBUG org.hibernate.orm.query.hql.reservedWordAsIdentifier - Encountered use of reserved word as identifier : )
2025-07-31 16:26:41.575 [main] DEBUG org.hibernate.orm.query.hql.reservedWordAsIdentifier - Encountered use of reserved word as identifier : )
2025-07-31 16:26:41.575 [main] DEBUG org.hibernate.orm.query.hql.reservedWordAsIdentifier - Encountered use of reserved word as identifier : >=
2025-07-31 16:26:41.575 [main] DEBUG org.hibernate.orm.query.hql.reservedWordAsIdentifier - Encountered use of reserved word as identifier : <
2025-07-31 16:26:41.575 [main] DEBUG org.hibernate.orm.query.hql.reservedWordAsIdentifier - Encountered use of reserved word as identifier : =
2025-07-31 16:26:41.575 [main] DEBUG org.hibernate.orm.query.hql.reservedWordAsIdentifier - Encountered use of reserved word as identifier : =
2025-07-31 16:26:41.576 [main] DEBUG org.hibernate.orm.query.sqm.creation - Applying inferable type to SqmExpression [SqmNamedParameter(id)] : null -> SqmBasicValuedSimplePath(com.example.trainup.model.Event(e).id)
2025-07-31 16:26:41.576 [main] DEBUG org.hibernate.orm.query.sqm.creation - Applying inferable type to SqmExpression [SqmNamedParameter(sportId)] : null -> SqmBasicValuedSimplePath(com.example.trainup.model.Event(e).sport(s).id)
2025-07-31 16:26:41.577 [main] DEBUG org.hibernate.orm.query.sqm.creation - Applying inferable type to SqmExpression [SqmNamedParameter(startOfDay)] : null -> SqmBasicValuedSimplePath(com.example.trainup.model.Event(e).dateTime)
2025-07-31 16:26:41.577 [main] DEBUG org.hibernate.orm.query.sqm.creation - Applying inferable type to SqmExpression [SqmNamedParameter(endOfDay)] : null -> SqmBasicValuedSimplePath(com.example.trainup.model.Event(e).dateTime)
2025-07-31 16:26:41.577 [main] DEBUG org.hibernate.orm.query.sqm.creation - Applying inferable type to SqmExpression [SqmNamedParameter(gymId)] : null -> SqmBasicValuedSimplePath(com.example.trainup.model.Event(e).gym(g).id)
2025-07-31 16:26:41.577 [main] DEBUG org.hibernate.orm.query.sqm.creation - Applying inferable type to SqmExpression [SqmNamedParameter(trainerId)] : null -> SqmBasicValuedSimplePath(com.example.trainup.model.Event(e).trainer(t).id)
2025-07-31 16:26:41.578 [main] DEBUG org.hibernate.orm.query.sqm.ast - SqmStatement Tree :
    -> [select]
      -> [query-spec]
        -> [select]
          -> [selection]
          <- [selection]
        <- [select]
        -> [from]
          -> [root] - `com.example.trainup.model.Event(e)`
            -> [joins]
              -> [attribute] - `com.example.trainup.model.Event(e).sport(s)`
                  [fetched = false]
              <- [attribute] - `com.example.trainup.model.Event(e).sport(s)`
              -> [attribute] - `com.example.trainup.model.Event(e).gym(g)`
                  [fetched = false]
              <- [attribute] - `com.example.trainup.model.Event(e).gym(g)`
              -> [attribute] - `com.example.trainup.model.Event(e).trainer(t)`
                  [fetched = false]
              <- [attribute] - `com.example.trainup.model.Event(e).trainer(t)`
            <- [joins]
          <- [root] - `com.example.trainup.model.Event(e)`
        <- [from]
        -> [where]
          -> [and]
            -> [grouped]
                -> [or]
                  -> [is-null]
                      :id
                  <- [is-null]
                  -> [EQUAL]
                      -> [basic-path] - `com.example.trainup.model.Event(e).id`
                      :id
                  <- [EQUAL]
                <- [or]
            <- [grouped]
            -> [grouped]
                -> [or]
                  -> [is-null]
                      :name
                  <- [is-null]
                  -> [grouped]
                      -> [is-like]
                      <- [is-like]
                  <- [grouped]
                <- [or]
            <- [grouped]
            -> [grouped]
                -> [or]
                  -> [is-null]
                      :sportId
                  <- [is-null]
                  -> [EQUAL]
                      -> [basic-path] - `com.example.trainup.model.Event(e).sport(s).id`
                      :sportId
                  <- [EQUAL]
                <- [or]
            <- [grouped]
            -> [grouped]
                -> [or]
                  -> [grouped]
                      -> [and]
                        -> [is-null]
                        <- [is-null]
                        -> [is-null]
                        <- [is-null]
                      <- [and]
                  <- [grouped]
                  -> [grouped]
                      -> [and]
                        -> [GREATER_THAN_OR_EQUAL]
                            -> [basic-path] - `com.example.trainup.model.Event(e).dateTime`
                            :startOfDay
                        <- [GREATER_THAN_OR_EQUAL]
                        -> [LESS_THAN]
                            -> [basic-path] - `com.example.trainup.model.Event(e).dateTime`
                            :endOfDay
                        <- [LESS_THAN]
                      <- [and]
                  <- [grouped]
                <- [or]
            <- [grouped]
            -> [grouped]
                -> [or]
                  -> [is-null]
                      :gymId
                  <- [is-null]
                  -> [EQUAL]
                      -> [basic-path] - `com.example.trainup.model.Event(e).gym(g).id`
                      :gymId
                  <- [EQUAL]
                <- [or]
            <- [grouped]
            -> [grouped]
                -> [or]
                  -> [is-null]
                      :trainerId
                  <- [is-null]
                  -> [EQUAL]
                      -> [basic-path] - `com.example.trainup.model.Event(e).trainer(t).id`
                      :trainerId
                  <- [EQUAL]
                <- [or]
            <- [grouped]
          <- [and]
        <- [where]
      <- [query-spec]
    <- [select]

2025-07-31 16:26:41.579 [main] DEBUG org.hibernate.resource.transaction.backend.jdbc.internal.JdbcResourceLocalTransactionCoordinatorImpl - JDBC transaction marked for rollback-only (exception provided for stack trace)
java.lang.Exception: exception just for purpose of providing stack trace
	at org.hibernate.resource.transaction.backend.jdbc.internal.JdbcResourceLocalTransactionCoordinatorImpl$TransactionDriverControlImpl.markRollbackOnly(JdbcResourceLocalTransactionCoordinatorImpl.java:309) ~[hibernate-core-6.6.8.Final.jar:6.6.8.Final]
	at org.hibernate.internal.AbstractSharedSessionContract.buildNamedQuery(AbstractSharedSessionContract.java:1141) ~[hibernate-core-6.6.8.Final.jar:6.6.8.Final]
	at org.hibernate.internal.AbstractSharedSessionContract.createNamedQuery(AbstractSharedSessionContract.java:1019) ~[hibernate-core-6.6.8.Final.jar:6.6.8.Final]
	at org.hibernate.internal.AbstractSharedSessionContract.createNamedQuery(AbstractSharedSessionContract.java:143) ~[hibernate-core-6.6.8.Final.jar:6.6.8.Final]
	at jdk.internal.reflect.GeneratedMethodAccessor95.invoke(Unknown Source) ~[?:?]
	at java.base/jdk.internal.reflect.DelegatingMethodAccessorImpl.invoke(DelegatingMethodAccessorImpl.java:43) ~[?:?]
	at java.base/java.lang.reflect.Method.invoke(Method.java:569) ~[?:?]
	at org.springframework.orm.jpa.ExtendedEntityManagerCreator$ExtendedEntityManagerInvocationHandler.invoke(ExtendedEntityManagerCreator.java:364) ~[spring-orm-6.2.3.jar:6.2.3]
	at jdk.proxy2/jdk.proxy2.$Proxy236.createNamedQuery(Unknown Source) ~[?:?]
	at org.springframework.data.jpa.repository.query.NamedQuery.hasNamedQuery(NamedQuery.java:114) ~[spring-data-jpa-3.4.3.jar:3.4.3]
	at org.springframework.data.jpa.repository.query.JpaQueryLookupStrategy$DeclaredQueryLookupStrategy.getCountQuery(JpaQueryLookupStrategy.java:208) ~[spring-data-jpa-3.4.3.jar:3.4.3]
	at org.springframework.data.jpa.repository.query.JpaQueryLookupStrategy$DeclaredQueryLookupStrategy.resolveQuery(JpaQueryLookupStrategy.java:175) ~[spring-data-jpa-3.4.3.jar:3.4.3]
	at org.springframework.data.jpa.repository.query.JpaQueryLookupStrategy$CreateIfNotFoundQueryLookupStrategy.resolveQuery(JpaQueryLookupStrategy.java:256) ~[spring-data-jpa-3.4.3.jar:3.4.3]
	at org.springframework.data.jpa.repository.query.JpaQueryLookupStrategy$AbstractQueryLookupStrategy.resolveQuery(JpaQueryLookupStrategy.java:99) ~[spring-data-jpa-3.4.3.jar:3.4.3]
	at org.springframework.data.repository.core.support.QueryExecutorMethodInterceptor.lookupQuery(QueryExecutorMethodInterceptor.java:116) ~[spring-data-commons-3.4.3.jar:3.4.3]
	at org.springframework.data.repository.core.support.QueryExecutorMethodInterceptor.mapMethodsToQuery(QueryExecutorMethodInterceptor.java:104) ~[spring-data-commons-3.4.3.jar:3.4.3]
	at org.springframework.data.repository.core.support.QueryExecutorMethodInterceptor.lambda$new$0(QueryExecutorMethodInterceptor.java:92) ~[spring-data-commons-3.4.3.jar:3.4.3]
	at java.base/java.util.Optional.map(Optional.java:260) ~[?:?]
	at org.springframework.data.repository.core.support.QueryExecutorMethodInterceptor.<init>(QueryExecutorMethodInterceptor.java:92) ~[spring-data-commons-3.4.3.jar:3.4.3]
	at org.springframework.data.repository.core.support.RepositoryFactorySupport.getRepository(RepositoryFactorySupport.java:440) ~[spring-data-commons-3.4.3.jar:3.4.3]
	at org.springframework.data.repository.core.support.RepositoryFactoryBeanSupport.lambda$afterPropertiesSet$4(RepositoryFactoryBeanSupport.java:350) ~[spring-data-commons-3.4.3.jar:3.4.3]
	at org.springframework.data.util.Lazy.getNullable(Lazy.java:135) ~[spring-data-commons-3.4.3.jar:3.4.3]
	at org.springframework.data.util.Lazy.get(Lazy.java:113) ~[spring-data-commons-3.4.3.jar:3.4.3]
	at org.springframework.data.repository.core.support.RepositoryFactoryBeanSupport.afterPropertiesSet(RepositoryFactoryBeanSupport.java:356) ~[spring-data-commons-3.4.3.jar:3.4.3]
	at org.springframework.data.jpa.repository.support.JpaRepositoryFactoryBean.afterPropertiesSet(JpaRepositoryFactoryBean.java:132) ~[spring-data-jpa-3.4.3.jar:3.4.3]
	at org.springframework.beans.factory.support.AbstractAutowireCapableBeanFactory.invokeInitMethods(AbstractAutowireCapableBeanFactory.java:1859) ~[spring-beans-6.2.3.jar:6.2.3]
	at org.springframework.beans.factory.support.AbstractAutowireCapableBeanFactory.initializeBean(AbstractAutowireCapableBeanFactory.java:1808) ~[spring-beans-6.2.3.jar:6.2.3]
	at org.springframework.beans.factory.support.AbstractAutowireCapableBeanFactory.doCreateBean(AbstractAutowireCapableBeanFactory.java:601) ~[spring-beans-6.2.3.jar:6.2.3]
	at org.springframework.beans.factory.support.AbstractAutowireCapableBeanFactory.createBean(AbstractAutowireCapableBeanFactory.java:523) ~[spring-beans-6.2.3.jar:6.2.3]
	at org.springframework.beans.factory.support.AbstractBeanFactory.lambda$doGetBean$0(AbstractBeanFactory.java:339) ~[spring-beans-6.2.3.jar:6.2.3]
	at org.springframework.beans.factory.support.DefaultSingletonBeanRegistry.getSingleton(DefaultSingletonBeanRegistry.java:346) ~[spring-beans-6.2.3.jar:6.2.3]
	at org.springframework.beans.factory.support.AbstractBeanFactory.doGetBean(AbstractBeanFactory.java:337) ~[spring-beans-6.2.3.jar:6.2.3]
	at org.springframework.beans.factory.support.AbstractBeanFactory.getBean(AbstractBeanFactory.java:202) ~[spring-beans-6.2.3.jar:6.2.3]
	at org.springframework.beans.factory.support.DefaultListableBeanFactory.doResolveDependency(DefaultListableBeanFactory.java:1606) ~[spring-beans-6.2.3.jar:6.2.3]
	at org.springframework.beans.factory.support.DefaultListableBeanFactory.resolveDependency(DefaultListableBeanFactory.java:1552) ~[spring-beans-6.2.3.jar:6.2.3]
	at org.springframework.beans.factory.support.ConstructorResolver.resolveAutowiredArgument(ConstructorResolver.java:913) ~[spring-beans-6.2.3.jar:6.2.3]
	at org.springframework.beans.factory.support.ConstructorResolver.createArgumentArray(ConstructorResolver.java:791) ~[spring-beans-6.2.3.jar:6.2.3]
	at org.springframework.beans.factory.support.ConstructorResolver.autowireConstructor(ConstructorResolver.java:240) ~[spring-beans-6.2.3.jar:6.2.3]
	at org.springframework.beans.factory.support.AbstractAutowireCapableBeanFactory.autowireConstructor(AbstractAutowireCapableBeanFactory.java:1381) ~[spring-beans-6.2.3.jar:6.2.3]
	at org.springframework.beans.factory.support.AbstractAutowireCapableBeanFactory.createBeanInstance(AbstractAutowireCapableBeanFactory.java:1218) ~[spring-beans-6.2.3.jar:6.2.3]
	at org.springframework.beans.factory.support.AbstractAutowireCapableBeanFactory.doCreateBean(AbstractAutowireCapableBeanFactory.java:563) ~[spring-beans-6.2.3.jar:6.2.3]
	at org.springframework.beans.factory.support.AbstractAutowireCapableBeanFactory.createBean(AbstractAutowireCapableBeanFactory.java:523) ~[spring-beans-6.2.3.jar:6.2.3]
	at org.springframework.beans.factory.support.AbstractBeanFactory.lambda$doGetBean$0(AbstractBeanFactory.java:339) ~[spring-beans-6.2.3.jar:6.2.3]
	at org.springframework.beans.factory.support.DefaultSingletonBeanRegistry.getSingleton(DefaultSingletonBeanRegistry.java:346) ~[spring-beans-6.2.3.jar:6.2.3]
	at org.springframework.beans.factory.support.AbstractBeanFactory.doGetBean(AbstractBeanFactory.java:337) ~[spring-beans-6.2.3.jar:6.2.3]
	at org.springframework.beans.factory.support.AbstractBeanFactory.getBean(AbstractBeanFactory.java:202) ~[spring-beans-6.2.3.jar:6.2.3]
	at org.springframework.beans.factory.config.DependencyDescriptor.resolveCandidate(DependencyDescriptor.java:254) ~[spring-beans-6.2.3.jar:6.2.3]
	at org.springframework.beans.factory.support.DefaultListableBeanFactory.doResolveDependency(DefaultListableBeanFactory.java:1664) ~[spring-beans-6.2.3.jar:6.2.3]
	at org.springframework.beans.factory.support.DefaultListableBeanFactory.resolveDependency(DefaultListableBeanFactory.java:1552) ~[spring-beans-6.2.3.jar:6.2.3]
	at org.springframework.beans.factory.support.ConstructorResolver.resolveAutowiredArgument(ConstructorResolver.java:913) ~[spring-beans-6.2.3.jar:6.2.3]
	at org.springframework.beans.factory.support.ConstructorResolver.createArgumentArray(ConstructorResolver.java:791) ~[spring-beans-6.2.3.jar:6.2.3]
	at org.springframework.beans.factory.support.ConstructorResolver.autowireConstructor(ConstructorResolver.java:240) ~[spring-beans-6.2.3.jar:6.2.3]
	at org.springframework.beans.factory.support.AbstractAutowireCapableBeanFactory.autowireConstructor(AbstractAutowireCapableBeanFactory.java:1381) ~[spring-beans-6.2.3.jar:6.2.3]
	at org.springframework.beans.factory.support.AbstractAutowireCapableBeanFactory.createBeanInstance(AbstractAutowireCapableBeanFactory.java:1218) ~[spring-beans-6.2.3.jar:6.2.3]
	at org.springframework.beans.factory.support.AbstractAutowireCapableBeanFactory.doCreateBean(AbstractAutowireCapableBeanFactory.java:563) ~[spring-beans-6.2.3.jar:6.2.3]
	at org.springframework.beans.factory.support.AbstractAutowireCapableBeanFactory.createBean(AbstractAutowireCapableBeanFactory.java:523) ~[spring-beans-6.2.3.jar:6.2.3]
	at org.springframework.beans.factory.support.AbstractBeanFactory.lambda$doGetBean$0(AbstractBeanFactory.java:339) ~[spring-beans-6.2.3.jar:6.2.3]
	at org.springframework.beans.factory.support.DefaultSingletonBeanRegistry.getSingleton(DefaultSingletonBeanRegistry.java:346) ~[spring-beans-6.2.3.jar:6.2.3]
	at org.springframework.beans.factory.support.AbstractBeanFactory.doGetBean(AbstractBeanFactory.java:337) ~[spring-beans-6.2.3.jar:6.2.3]
	at org.springframework.beans.factory.support.AbstractBeanFactory.getBean(AbstractBeanFactory.java:202) ~[spring-beans-6.2.3.jar:6.2.3]
	at org.springframework.beans.factory.support.DefaultListableBeanFactory.instantiateSingleton(DefaultListableBeanFactory.java:1155) ~[spring-beans-6.2.3.jar:6.2.3]
	at org.springframework.beans.factory.support.DefaultListableBeanFactory.preInstantiateSingleton(DefaultListableBeanFactory.java:1121) ~[spring-beans-6.2.3.jar:6.2.3]
	at org.springframework.beans.factory.support.DefaultListableBeanFactory.preInstantiateSingletons(DefaultListableBeanFactory.java:1056) ~[spring-beans-6.2.3.jar:6.2.3]
	at org.springframework.context.support.AbstractApplicationContext.finishBeanFactoryInitialization(AbstractApplicationContext.java:987) ~[spring-context-6.2.3.jar:6.2.3]
	at org.springframework.context.support.AbstractApplicationContext.refresh(AbstractApplicationContext.java:627) ~[spring-context-6.2.3.jar:6.2.3]
	at org.springframework.boot.SpringApplication.refresh(SpringApplication.java:752) ~[spring-boot-3.4.3.jar:3.4.3]
	at org.springframework.boot.SpringApplication.refreshContext(SpringApplication.java:439) ~[spring-boot-3.4.3.jar:3.4.3]
	at org.springframework.boot.SpringApplication.run(SpringApplication.java:318) ~[spring-boot-3.4.3.jar:3.4.3]
	at org.springframework.boot.test.context.SpringBootContextLoader.lambda$loadContext$3(SpringBootContextLoader.java:137) ~[spring-boot-test-3.4.3.jar:3.4.3]
	at org.springframework.util.function.ThrowingSupplier.get(ThrowingSupplier.java:58) ~[spring-core-6.2.3.jar:6.2.3]
	at org.springframework.util.function.ThrowingSupplier.get(ThrowingSupplier.java:46) ~[spring-core-6.2.3.jar:6.2.3]
	at org.springframework.boot.SpringApplication.withHook(SpringApplication.java:1461) ~[spring-boot-3.4.3.jar:3.4.3]
	at org.springframework.boot.test.context.SpringBootContextLoader$ContextLoaderHook.run(SpringBootContextLoader.java:553) ~[spring-boot-test-3.4.3.jar:3.4.3]
	at org.springframework.boot.test.context.SpringBootContextLoader.loadContext(SpringBootContextLoader.java:137) ~[spring-boot-test-3.4.3.jar:3.4.3]
	at org.springframework.boot.test.context.SpringBootContextLoader.loadContext(SpringBootContextLoader.java:108) ~[spring-boot-test-3.4.3.jar:3.4.3]
	at org.springframework.test.context.cache.DefaultCacheAwareContextLoaderDelegate.loadContextInternal(DefaultCacheAwareContextLoaderDelegate.java:225) ~[spring-test-6.2.3.jar:6.2.3]
	at org.springframework.test.context.cache.DefaultCacheAwareContextLoaderDelegate.loadContext(DefaultCacheAwareContextLoaderDelegate.java:152) ~[spring-test-6.2.3.jar:6.2.3]
	at org.springframework.test.context.support.DefaultTestContext.getApplicationContext(DefaultTestContext.java:130) ~[spring-test-6.2.3.jar:6.2.3]
	at org.springframework.test.context.web.ServletTestExecutionListener.setUpRequestContextIfNecessary(ServletTestExecutionListener.java:200) ~[spring-test-6.2.3.jar:6.2.3]
	at org.springframework.test.context.web.ServletTestExecutionListener.prepareTestInstance(ServletTestExecutionListener.java:139) ~[spring-test-6.2.3.jar:6.2.3]
	at org.springframework.test.context.TestContextManager.prepareTestInstance(TestContextManager.java:260) ~[spring-test-6.2.3.jar:6.2.3]
	at org.springframework.test.context.junit.jupiter.SpringExtension.postProcessTestInstance(SpringExtension.java:160) ~[spring-test-6.2.3.jar:6.2.3]
	at org.junit.jupiter.engine.descriptor.ClassBasedTestDescriptor.lambda$invokeTestInstancePostProcessors$11(ClassBasedTestDescriptor.java:378) ~[junit-jupiter-engine-5.11.4.jar:5.11.4]
	at org.junit.jupiter.engine.descriptor.ClassBasedTestDescriptor.executeAndMaskThrowable(ClassBasedTestDescriptor.java:383) ~[junit-jupiter-engine-5.11.4.jar:5.11.4]
	at org.junit.jupiter.engine.descriptor.ClassBasedTestDescriptor.lambda$invokeTestInstancePostProcessors$12(ClassBasedTestDescriptor.java:378) ~[junit-jupiter-engine-5.11.4.jar:5.11.4]
	at java.base/java.util.stream.ForEachOps$ForEachOp$OfRef.accept(ForEachOps.java:183) ~[?:?]
	at java.base/java.util.stream.ReferencePipeline$3$1.accept(ReferencePipeline.java:197) ~[?:?]
	at java.base/java.util.stream.ReferencePipeline$2$1.accept(ReferencePipeline.java:179) ~[?:?]
	at java.base/java.util.stream.ReferencePipeline$3$1.accept(ReferencePipeline.java:197) ~[?:?]
	at java.base/java.util.ArrayList$ArrayListSpliterator.forEachRemaining(ArrayList.java:1625) ~[?:?]
	at java.base/java.util.stream.AbstractPipeline.copyInto(AbstractPipeline.java:509) ~[?:?]
	at java.base/java.util.stream.AbstractPipeline.wrapAndCopyInto(AbstractPipeline.java:499) ~[?:?]
	at java.base/java.util.stream.ForEachOps$ForEachOp.evaluateSequential(ForEachOps.java:150) ~[?:?]
	at java.base/java.util.stream.ForEachOps$ForEachOp$OfRef.evaluateSequential(ForEachOps.java:173) ~[?:?]
	at java.base/java.util.stream.AbstractPipeline.evaluate(AbstractPipeline.java:234) ~[?:?]
	at java.base/java.util.stream.ReferencePipeline.forEach(ReferencePipeline.java:596) ~[?:?]
	at org.junit.jupiter.engine.descriptor.ClassBasedTestDescriptor.invokeTestInstancePostProcessors(ClassBasedTestDescriptor.java:377) ~[junit-jupiter-engine-5.11.4.jar:5.11.4]
	at org.junit.jupiter.engine.descriptor.ClassBasedTestDescriptor.lambda$instantiateAndPostProcessTestInstance$7(ClassBasedTestDescriptor.java:290) ~[junit-jupiter-engine-5.11.4.jar:5.11.4]
	at org.junit.platform.engine.support.hierarchical.ThrowableCollector.execute(ThrowableCollector.java:73) ~[junit-platform-engine-1.11.4.jar:1.11.4]
	at org.junit.jupiter.engine.descriptor.ClassBasedTestDescriptor.instantiateAndPostProcessTestInstance(ClassBasedTestDescriptor.java:289) ~[junit-jupiter-engine-5.11.4.jar:5.11.4]
	at org.junit.jupiter.engine.descriptor.ClassBasedTestDescriptor.lambda$testInstancesProvider$5(ClassBasedTestDescriptor.java:279) ~[junit-jupiter-engine-5.11.4.jar:5.11.4]
	at java.base/java.util.Optional.orElseGet(Optional.java:364) ~[?:?]
	at org.junit.jupiter.engine.descriptor.ClassBasedTestDescriptor.lambda$testInstancesProvider$6(ClassBasedTestDescriptor.java:278) ~[junit-jupiter-engine-5.11.4.jar:5.11.4]
	at org.junit.jupiter.engine.execution.TestInstancesProvider.getTestInstances(TestInstancesProvider.java:31) ~[junit-jupiter-engine-5.11.4.jar:5.11.4]
	at org.junit.jupiter.engine.descriptor.TestMethodTestDescriptor.lambda$prepare$1(TestMethodTestDescriptor.java:105) ~[junit-jupiter-engine-5.11.4.jar:5.11.4]
	at org.junit.platform.engine.support.hierarchical.ThrowableCollector.execute(ThrowableCollector.java:73) ~[junit-platform-engine-1.11.4.jar:1.11.4]
	at org.junit.jupiter.engine.descriptor.TestMethodTestDescriptor.prepare(TestMethodTestDescriptor.java:104) ~[junit-jupiter-engine-5.11.4.jar:5.11.4]
	at org.junit.jupiter.engine.descriptor.TestMethodTestDescriptor.prepare(TestMethodTestDescriptor.java:68) ~[junit-jupiter-engine-5.11.4.jar:5.11.4]
	at org.junit.platform.engine.support.hierarchical.NodeTestTask.lambda$prepare$2(NodeTestTask.java:128) ~[junit-platform-engine-1.11.4.jar:1.11.4]
	at org.junit.platform.engine.support.hierarchical.ThrowableCollector.execute(ThrowableCollector.java:73) ~[junit-platform-engine-1.11.4.jar:1.11.4]
	at org.junit.platform.engine.support.hierarchical.NodeTestTask.prepare(NodeTestTask.java:128) ~[junit-platform-engine-1.11.4.jar:1.11.4]
	at org.junit.platform.engine.support.hierarchical.NodeTestTask.execute(NodeTestTask.java:95) ~[junit-platform-engine-1.11.4.jar:1.11.4]
	at java.base/java.util.ArrayList.forEach(ArrayList.java:1511) ~[?:?]
	at org.junit.platform.engine.support.hierarchical.SameThreadHierarchicalTestExecutorService.invokeAll(SameThreadHierarchicalTestExecutorService.java:41) ~[junit-platform-engine-1.11.4.jar:1.11.4]
	at org.junit.platform.engine.support.hierarchical.NodeTestTask.lambda$executeRecursively$6(NodeTestTask.java:160) ~[junit-platform-engine-1.11.4.jar:1.11.4]
	at org.junit.platform.engine.support.hierarchical.ThrowableCollector.execute(ThrowableCollector.java:73) ~[junit-platform-engine-1.11.4.jar:1.11.4]
	at org.junit.platform.engine.support.hierarchical.NodeTestTask.lambda$executeRecursively$8(NodeTestTask.java:146) ~[junit-platform-engine-1.11.4.jar:1.11.4]
	at org.junit.platform.engine.support.hierarchical.Node.around(Node.java:137) ~[junit-platform-engine-1.11.4.jar:1.11.4]
	at org.junit.platform.engine.support.hierarchical.NodeTestTask.lambda$executeRecursively$9(NodeTestTask.java:144) ~[junit-platform-engine-1.11.4.jar:1.11.4]
	at org.junit.platform.engine.support.hierarchical.ThrowableCollector.execute(ThrowableCollector.java:73) ~[junit-platform-engine-1.11.4.jar:1.11.4]
	at org.junit.platform.engine.support.hierarchical.NodeTestTask.executeRecursively(NodeTestTask.java:143) ~[junit-platform-engine-1.11.4.jar:1.11.4]
	at org.junit.platform.engine.support.hierarchical.NodeTestTask.execute(NodeTestTask.java:100) ~[junit-platform-engine-1.11.4.jar:1.11.4]
	at java.base/java.util.ArrayList.forEach(ArrayList.java:1511) ~[?:?]
	at org.junit.platform.engine.support.hierarchical.SameThreadHierarchicalTestExecutorService.invokeAll(SameThreadHierarchicalTestExecutorService.java:41) ~[junit-platform-engine-1.11.4.jar:1.11.4]
	at org.junit.platform.engine.support.hierarchical.NodeTestTask.lambda$executeRecursively$6(NodeTestTask.java:160) ~[junit-platform-engine-1.11.4.jar:1.11.4]
	at org.junit.platform.engine.support.hierarchical.ThrowableCollector.execute(ThrowableCollector.java:73) ~[junit-platform-engine-1.11.4.jar:1.11.4]
	at org.junit.platform.engine.support.hierarchical.NodeTestTask.lambda$executeRecursively$8(NodeTestTask.java:146) ~[junit-platform-engine-1.11.4.jar:1.11.4]
	at org.junit.platform.engine.support.hierarchical.Node.around(Node.java:137) ~[junit-platform-engine-1.11.4.jar:1.11.4]
	at org.junit.platform.engine.support.hierarchical.NodeTestTask.lambda$executeRecursively$9(NodeTestTask.java:144) ~[junit-platform-engine-1.11.4.jar:1.11.4]
	at org.junit.platform.engine.support.hierarchical.ThrowableCollector.execute(ThrowableCollector.java:73) ~[junit-platform-engine-1.11.4.jar:1.11.4]
	at org.junit.platform.engine.support.hierarchical.NodeTestTask.executeRecursively(NodeTestTask.java:143) ~[junit-platform-engine-1.11.4.jar:1.11.4]
	at org.junit.platform.engine.support.hierarchical.NodeTestTask.execute(NodeTestTask.java:100) ~[junit-platform-engine-1.11.4.jar:1.11.4]
	at org.junit.platform.engine.support.hierarchical.SameThreadHierarchicalTestExecutorService.submit(SameThreadHierarchicalTestExecutorService.java:35) ~[junit-platform-engine-1.11.4.jar:1.11.4]
	at org.junit.platform.engine.support.hierarchical.HierarchicalTestExecutor.execute(HierarchicalTestExecutor.java:57) ~[junit-platform-engine-1.11.4.jar:1.11.4]
	at org.junit.platform.engine.support.hierarchical.HierarchicalTestEngine.execute(HierarchicalTestEngine.java:54) ~[junit-platform-engine-1.11.4.jar:1.11.4]
	at org.junit.platform.launcher.core.EngineExecutionOrchestrator.execute(EngineExecutionOrchestrator.java:198) ~[junit-platform-launcher-1.11.4.jar:1.11.4]
	at org.junit.platform.launcher.core.EngineExecutionOrchestrator.execute(EngineExecutionOrchestrator.java:169) ~[junit-platform-launcher-1.11.4.jar:1.11.4]
	at org.junit.platform.launcher.core.EngineExecutionOrchestrator.execute(EngineExecutionOrchestrator.java:93) ~[junit-platform-launcher-1.11.4.jar:1.11.4]
	at org.junit.platform.launcher.core.EngineExecutionOrchestrator.lambda$execute$0(EngineExecutionOrchestrator.java:58) ~[junit-platform-launcher-1.11.4.jar:1.11.4]
	at org.junit.platform.launcher.core.EngineExecutionOrchestrator.withInterceptedStreams(EngineExecutionOrchestrator.java:141) [junit-platform-launcher-1.11.4.jar:1.11.4]
	at org.junit.platform.launcher.core.EngineExecutionOrchestrator.execute(EngineExecutionOrchestrator.java:57) [junit-platform-launcher-1.11.4.jar:1.11.4]
	at org.junit.platform.launcher.core.DefaultLauncher.execute(DefaultLauncher.java:103) [junit-platform-launcher-1.11.4.jar:1.11.4]
	at org.junit.platform.launcher.core.DefaultLauncher.execute(DefaultLauncher.java:85) [junit-platform-launcher-1.11.4.jar:1.11.4]
	at org.junit.platform.launcher.core.DelegatingLauncher.execute(DelegatingLauncher.java:47) [junit-platform-launcher-1.11.4.jar:1.11.4]
	at org.apache.maven.surefire.junitplatform.LazyLauncher.execute(LazyLauncher.java:56) [surefire-junit-platform-3.5.2.jar:3.5.2]
	at org.apache.maven.surefire.junitplatform.JUnitPlatformProvider.execute(JUnitPlatformProvider.java:184) [surefire-junit-platform-3.5.2.jar:3.5.2]
	at org.apache.maven.surefire.junitplatform.JUnitPlatformProvider.invokeAllTests(JUnitPlatformProvider.java:148) [surefire-junit-platform-3.5.2.jar:3.5.2]
	at org.apache.maven.surefire.junitplatform.JUnitPlatformProvider.invoke(JUnitPlatformProvider.java:122) [surefire-junit-platform-3.5.2.jar:3.5.2]
	at org.apache.maven.surefire.booter.ForkedBooter.runSuitesInProcess(ForkedBooter.java:385) [surefire-booter-3.5.2.jar:3.5.2]
	at org.apache.maven.surefire.booter.ForkedBooter.execute(ForkedBooter.java:162) [surefire-booter-3.5.2.jar:3.5.2]
	at org.apache.maven.surefire.booter.ForkedBooter.run(ForkedBooter.java:507) [surefire-booter-3.5.2.jar:3.5.2]
	at org.apache.maven.surefire.booter.ForkedBooter.main(ForkedBooter.java:495) [surefire-booter-3.5.2.jar:3.5.2]
2025-07-31 16:26:41.580 [main] DEBUG org.springframework.data.jpa.repository.query.NamedQuery - Did not find named query Event.findByIdWithDetails.count
2025-07-31 16:26:41.581 [main] DEBUG org.springframework.orm.jpa.SharedEntityManagerCreator$SharedEntityManagerInvocationHandler - Creating new EntityManager for shared EntityManager invocation
2025-07-31 16:26:41.582 [main] DEBUG org.hibernate.orm.query.hql - HQL : SELECT e FROM Event e LEFT JOIN FETCH e.trainer t LEFT JOIN FETCH t.userCredentials uc LEFT JOIN FETCH e.gym g LEFT JOIN FETCH g.gymOwner go LEFT JOIN FETCH go.userCredentials gou WHERE e.id = :id
2025-07-31 16:26:41.582 [main] DEBUG org.hibernate.orm.query.hql.reservedWordAsIdentifier - Encountered use of reserved word as identifier : =
2025-07-31 16:26:41.582 [main] DEBUG org.hibernate.orm.query.hql.reservedWordAsIdentifier - Encountered use of reserved word as identifier : <EOF>
2025-07-31 16:26:41.583 [main] DEBUG org.hibernate.orm.query.sqm.creation - Applying inferable type to SqmExpression [SqmNamedParameter(id)] : null -> SqmBasicValuedSimplePath(com.example.trainup.model.Event(e).id)
2025-07-31 16:26:41.583 [main] DEBUG org.hibernate.orm.query.sqm.ast - SqmStatement Tree :
    -> [select]
      -> [query-spec]
        -> [select]
          -> [selection]
            -> [root] - `com.example.trainup.model.Event(e)`
              -> [joins]
                -> [attribute] - `com.example.trainup.model.Event(e).trainer(t)`
                    [fetched = true]
                  -> [joins]
                    -> [attribute] - `com.example.trainup.model.Event(e).trainer(t).userCredentials(uc)`
                        [fetched = true]
                    <- [attribute] - `com.example.trainup.model.Event(e).trainer(t).userCredentials(uc)`
                  <- [joins]
                <- [attribute] - `com.example.trainup.model.Event(e).trainer(t)`
                -> [attribute] - `com.example.trainup.model.Event(e).gym(g)`
                    [fetched = true]
                  -> [joins]
                    -> [attribute] - `com.example.trainup.model.Event(e).gym(g).gymOwner(go)`
                        [fetched = true]
                      -> [joins]
                        -> [attribute] - `com.example.trainup.model.Event(e).gym(g).gymOwner(go).userCredentials(gou)`
                            [fetched = true]
                        <- [attribute] - `com.example.trainup.model.Event(e).gym(g).gymOwner(go).userCredentials(gou)`
                      <- [joins]
                    <- [attribute] - `com.example.trainup.model.Event(e).gym(g).gymOwner(go)`
                  <- [joins]
                <- [attribute] - `com.example.trainup.model.Event(e).gym(g)`
              <- [joins]
            <- [root] - `com.example.trainup.model.Event(e)`
          <- [selection]
        <- [select]
        -> [from]
          -> [root] - `com.example.trainup.model.Event(e)`
            -> [joins]
              -> [attribute] - `com.example.trainup.model.Event(e).trainer(t)`
                  [fetched = true]
                -> [joins]
                  -> [attribute] - `com.example.trainup.model.Event(e).trainer(t).userCredentials(uc)`
                      [fetched = true]
                  <- [attribute] - `com.example.trainup.model.Event(e).trainer(t).userCredentials(uc)`
                <- [joins]
              <- [attribute] - `com.example.trainup.model.Event(e).trainer(t)`
              -> [attribute] - `com.example.trainup.model.Event(e).gym(g)`
                  [fetched = true]
                -> [joins]
                  -> [attribute] - `com.example.trainup.model.Event(e).gym(g).gymOwner(go)`
                      [fetched = true]
                    -> [joins]
                      -> [attribute] - `com.example.trainup.model.Event(e).gym(g).gymOwner(go).userCredentials(gou)`
                          [fetched = true]
                      <- [attribute] - `com.example.trainup.model.Event(e).gym(g).gymOwner(go).userCredentials(gou)`
                    <- [joins]
                  <- [attribute] - `com.example.trainup.model.Event(e).gym(g).gymOwner(go)`
                <- [joins]
              <- [attribute] - `com.example.trainup.model.Event(e).gym(g)`
            <- [joins]
          <- [root] - `com.example.trainup.model.Event(e)`
        <- [from]
        -> [where]
          -> [EQUAL]
              -> [basic-path] - `com.example.trainup.model.Event(e).id`
              :id
          <- [EQUAL]
        <- [where]
      <- [query-spec]
    <- [select]

2025-07-31 16:26:41.586 [main] DEBUG org.springframework.data.repository.core.support.RepositoryFactorySupport - Finished creation of repository instance for com.example.trainup.repository.EventRepository.
2025-07-31 16:26:41.614 [main] DEBUG org.springframework.beans.factory.support.DefaultListableBeanFactory - Autowiring by type from bean name 'eventServiceImpl' via constructor to bean named 'eventMapperImpl'
2025-07-31 16:26:41.614 [main] DEBUG org.springframework.beans.factory.support.DefaultListableBeanFactory - Autowiring by type from bean name 'eventServiceImpl' via constructor to bean named 'eventRepository'
2025-07-31 16:26:41.614 [main] DEBUG org.springframework.beans.factory.support.DefaultListableBeanFactory - Autowiring by type from bean name 'eventServiceImpl' via constructor to bean named 'userCredentialsRepository'
2025-07-31 16:26:41.614 [main] DEBUG org.springframework.beans.factory.support.DefaultListableBeanFactory - Autowiring by type from bean name 'eventServiceImpl' via constructor to bean named 'trainerRepository'
2025-07-31 16:26:41.614 [main] DEBUG org.springframework.beans.factory.support.DefaultListableBeanFactory - Autowiring by type from bean name 'eventServiceImpl' via constructor to bean named 'sportRepository'
2025-07-31 16:26:41.614 [main] DEBUG org.springframework.beans.factory.support.DefaultListableBeanFactory - Autowiring by type from bean name 'eventServiceImpl' via constructor to bean named 'gymRepository'
2025-07-31 16:26:41.636 [main] DEBUG org.springframework.beans.factory.support.DefaultListableBeanFactory - Autowiring by type from bean name 'eventController' via constructor to bean named 'eventServiceImpl'
2025-07-31 16:26:41.656 [main] DEBUG org.springframework.beans.factory.support.DefaultListableBeanFactory - Creating shared instance of singleton bean 'gymController'
2025-07-31 16:26:41.676 [main] DEBUG org.springframework.beans.factory.support.DefaultListableBeanFactory - Creating shared instance of singleton bean 'gymServiceImpl'
2025-07-31 16:26:41.694 [main] DEBUG org.springframework.beans.factory.support.DefaultListableBeanFactory - Creating shared instance of singleton bean 'gymMapperImpl'
2025-07-31 16:26:41.715 [main] DEBUG org.springframework.beans.factory.support.DefaultListableBeanFactory - Autowiring by type from bean name 'gymServiceImpl' via constructor to bean named 'gymRepository'
2025-07-31 16:26:41.715 [main] DEBUG org.springframework.beans.factory.support.DefaultListableBeanFactory - Autowiring by type from bean name 'gymServiceImpl' via constructor to bean named 'gymMapperImpl'
2025-07-31 16:26:41.715 [main] DEBUG org.springframework.beans.factory.support.DefaultListableBeanFactory - Autowiring by type from bean name 'gymServiceImpl' via constructor to bean named 'sportRepository'
2025-07-31 16:26:41.715 [main] DEBUG org.springframework.beans.factory.support.DefaultListableBeanFactory - Autowiring by type from bean name 'gymServiceImpl' via constructor to bean named 'trainerRepository'
2025-07-31 16:26:41.716 [main] DEBUG org.springframework.beans.factory.support.DefaultListableBeanFactory - Autowiring by type from bean name 'gymServiceImpl' via constructor to bean named 'addressRepository'
2025-07-31 16:26:41.716 [main] DEBUG org.springframework.beans.factory.support.DefaultListableBeanFactory - Autowiring by type from bean name 'gymServiceImpl' via constructor to bean named 'userCredentialsRepository'
2025-07-31 16:26:41.716 [main] DEBUG org.springframework.beans.factory.support.DefaultListableBeanFactory - Autowiring by type from bean name 'gymServiceImpl' via constructor to bean named 'currentUserService'
2025-07-31 16:26:41.737 [main] DEBUG org.springframework.beans.factory.support.DefaultListableBeanFactory - Autowiring by type from bean name 'gymController' via constructor to bean named 'gymServiceImpl'
2025-07-31 16:26:41.738 [main] DEBUG org.springframework.beans.factory.support.DefaultListableBeanFactory - Autowiring by type from bean name 'gymController' via constructor to bean named 'currentUserService'
2025-07-31 16:26:41.758 [main] DEBUG org.springframework.beans.factory.support.DefaultListableBeanFactory - Creating shared instance of singleton bean 'reviewController'
2025-07-31 16:26:41.776 [main] DEBUG org.springframework.beans.factory.support.DefaultListableBeanFactory - Creating shared instance of singleton bean 'reviewServiceImpl'
2025-07-31 16:26:41.784 [main] DEBUG org.springframework.beans.factory.support.DefaultListableBeanFactory - Creating shared instance of singleton bean 'reviewRepository'
2025-07-31 16:26:41.787 [main] DEBUG org.springframework.beans.factory.support.DefaultListableBeanFactory - Creating shared instance of singleton bean 'jpa.named-queries#5'
2025-07-31 16:26:41.792 [main] DEBUG org.springframework.beans.factory.support.DefaultListableBeanFactory - Creating shared instance of singleton bean 'jpa.ReviewRepository.fragments#0'
2025-07-31 16:26:41.796 [main] DEBUG org.springframework.orm.jpa.SharedEntityManagerCreator$SharedEntityManagerInvocationHandler - Creating new EntityManager for shared EntityManager invocation
2025-07-31 16:26:41.797 [main] DEBUG org.springframework.data.repository.core.support.RepositoryFactorySupport - Initializing repository instance for com.example.trainup.repository.ReviewRepository…
2025-07-31 16:26:41.797 [main] DEBUG org.springframework.orm.jpa.SharedEntityManagerCreator$SharedEntityManagerInvocationHandler - Creating new EntityManager for shared EntityManager invocation
2025-07-31 16:26:41.799 [main] DEBUG org.hibernate.resource.transaction.backend.jdbc.internal.JdbcResourceLocalTransactionCoordinatorImpl - JDBC transaction marked for rollback-only (exception provided for stack trace)
java.lang.Exception: exception just for purpose of providing stack trace
	at org.hibernate.resource.transaction.backend.jdbc.internal.JdbcResourceLocalTransactionCoordinatorImpl$TransactionDriverControlImpl.markRollbackOnly(JdbcResourceLocalTransactionCoordinatorImpl.java:309) ~[hibernate-core-6.6.8.Final.jar:6.6.8.Final]
	at org.hibernate.internal.AbstractSharedSessionContract.buildNamedQuery(AbstractSharedSessionContract.java:1141) ~[hibernate-core-6.6.8.Final.jar:6.6.8.Final]
	at org.hibernate.internal.AbstractSharedSessionContract.createNamedQuery(AbstractSharedSessionContract.java:1019) ~[hibernate-core-6.6.8.Final.jar:6.6.8.Final]
	at org.hibernate.internal.AbstractSharedSessionContract.createNamedQuery(AbstractSharedSessionContract.java:143) ~[hibernate-core-6.6.8.Final.jar:6.6.8.Final]
	at jdk.internal.reflect.GeneratedMethodAccessor95.invoke(Unknown Source) ~[?:?]
	at java.base/jdk.internal.reflect.DelegatingMethodAccessorImpl.invoke(DelegatingMethodAccessorImpl.java:43) ~[?:?]
	at java.base/java.lang.reflect.Method.invoke(Method.java:569) ~[?:?]
	at org.springframework.orm.jpa.ExtendedEntityManagerCreator$ExtendedEntityManagerInvocationHandler.invoke(ExtendedEntityManagerCreator.java:364) ~[spring-orm-6.2.3.jar:6.2.3]
	at jdk.proxy2/jdk.proxy2.$Proxy236.createNamedQuery(Unknown Source) ~[?:?]
	at org.springframework.data.jpa.repository.query.NamedQuery.hasNamedQuery(NamedQuery.java:114) ~[spring-data-jpa-3.4.3.jar:3.4.3]
	at org.springframework.data.jpa.repository.query.JpaQueryLookupStrategy$DeclaredQueryLookupStrategy.getCountQuery(JpaQueryLookupStrategy.java:208) ~[spring-data-jpa-3.4.3.jar:3.4.3]
	at org.springframework.data.jpa.repository.query.JpaQueryLookupStrategy$DeclaredQueryLookupStrategy.resolveQuery(JpaQueryLookupStrategy.java:175) ~[spring-data-jpa-3.4.3.jar:3.4.3]
	at org.springframework.data.jpa.repository.query.JpaQueryLookupStrategy$CreateIfNotFoundQueryLookupStrategy.resolveQuery(JpaQueryLookupStrategy.java:256) ~[spring-data-jpa-3.4.3.jar:3.4.3]
	at org.springframework.data.jpa.repository.query.JpaQueryLookupStrategy$AbstractQueryLookupStrategy.resolveQuery(JpaQueryLookupStrategy.java:99) ~[spring-data-jpa-3.4.3.jar:3.4.3]
	at org.springframework.data.repository.core.support.QueryExecutorMethodInterceptor.lookupQuery(QueryExecutorMethodInterceptor.java:116) ~[spring-data-commons-3.4.3.jar:3.4.3]
	at org.springframework.data.repository.core.support.QueryExecutorMethodInterceptor.mapMethodsToQuery(QueryExecutorMethodInterceptor.java:104) ~[spring-data-commons-3.4.3.jar:3.4.3]
	at org.springframework.data.repository.core.support.QueryExecutorMethodInterceptor.lambda$new$0(QueryExecutorMethodInterceptor.java:92) ~[spring-data-commons-3.4.3.jar:3.4.3]
	at java.base/java.util.Optional.map(Optional.java:260) ~[?:?]
	at org.springframework.data.repository.core.support.QueryExecutorMethodInterceptor.<init>(QueryExecutorMethodInterceptor.java:92) ~[spring-data-commons-3.4.3.jar:3.4.3]
	at org.springframework.data.repository.core.support.RepositoryFactorySupport.getRepository(RepositoryFactorySupport.java:440) ~[spring-data-commons-3.4.3.jar:3.4.3]
	at org.springframework.data.repository.core.support.RepositoryFactoryBeanSupport.lambda$afterPropertiesSet$4(RepositoryFactoryBeanSupport.java:350) ~[spring-data-commons-3.4.3.jar:3.4.3]
	at org.springframework.data.util.Lazy.getNullable(Lazy.java:135) ~[spring-data-commons-3.4.3.jar:3.4.3]
	at org.springframework.data.util.Lazy.get(Lazy.java:113) ~[spring-data-commons-3.4.3.jar:3.4.3]
	at org.springframework.data.repository.core.support.RepositoryFactoryBeanSupport.afterPropertiesSet(RepositoryFactoryBeanSupport.java:356) ~[spring-data-commons-3.4.3.jar:3.4.3]
	at org.springframework.data.jpa.repository.support.JpaRepositoryFactoryBean.afterPropertiesSet(JpaRepositoryFactoryBean.java:132) ~[spring-data-jpa-3.4.3.jar:3.4.3]
	at org.springframework.beans.factory.support.AbstractAutowireCapableBeanFactory.invokeInitMethods(AbstractAutowireCapableBeanFactory.java:1859) ~[spring-beans-6.2.3.jar:6.2.3]
	at org.springframework.beans.factory.support.AbstractAutowireCapableBeanFactory.initializeBean(AbstractAutowireCapableBeanFactory.java:1808) ~[spring-beans-6.2.3.jar:6.2.3]
	at org.springframework.beans.factory.support.AbstractAutowireCapableBeanFactory.doCreateBean(AbstractAutowireCapableBeanFactory.java:601) ~[spring-beans-6.2.3.jar:6.2.3]
	at org.springframework.beans.factory.support.AbstractAutowireCapableBeanFactory.createBean(AbstractAutowireCapableBeanFactory.java:523) ~[spring-beans-6.2.3.jar:6.2.3]
	at org.springframework.beans.factory.support.AbstractBeanFactory.lambda$doGetBean$0(AbstractBeanFactory.java:339) ~[spring-beans-6.2.3.jar:6.2.3]
	at org.springframework.beans.factory.support.DefaultSingletonBeanRegistry.getSingleton(DefaultSingletonBeanRegistry.java:346) ~[spring-beans-6.2.3.jar:6.2.3]
	at org.springframework.beans.factory.support.AbstractBeanFactory.doGetBean(AbstractBeanFactory.java:337) ~[spring-beans-6.2.3.jar:6.2.3]
	at org.springframework.beans.factory.support.AbstractBeanFactory.getBean(AbstractBeanFactory.java:202) ~[spring-beans-6.2.3.jar:6.2.3]
	at org.springframework.beans.factory.support.DefaultListableBeanFactory.doResolveDependency(DefaultListableBeanFactory.java:1606) ~[spring-beans-6.2.3.jar:6.2.3]
	at org.springframework.beans.factory.support.DefaultListableBeanFactory.resolveDependency(DefaultListableBeanFactory.java:1552) ~[spring-beans-6.2.3.jar:6.2.3]
	at org.springframework.beans.factory.support.ConstructorResolver.resolveAutowiredArgument(ConstructorResolver.java:913) ~[spring-beans-6.2.3.jar:6.2.3]
	at org.springframework.beans.factory.support.ConstructorResolver.createArgumentArray(ConstructorResolver.java:791) ~[spring-beans-6.2.3.jar:6.2.3]
	at org.springframework.beans.factory.support.ConstructorResolver.autowireConstructor(ConstructorResolver.java:240) ~[spring-beans-6.2.3.jar:6.2.3]
	at org.springframework.beans.factory.support.AbstractAutowireCapableBeanFactory.autowireConstructor(AbstractAutowireCapableBeanFactory.java:1381) ~[spring-beans-6.2.3.jar:6.2.3]
	at org.springframework.beans.factory.support.AbstractAutowireCapableBeanFactory.createBeanInstance(AbstractAutowireCapableBeanFactory.java:1218) ~[spring-beans-6.2.3.jar:6.2.3]
	at org.springframework.beans.factory.support.AbstractAutowireCapableBeanFactory.doCreateBean(AbstractAutowireCapableBeanFactory.java:563) ~[spring-beans-6.2.3.jar:6.2.3]
	at org.springframework.beans.factory.support.AbstractAutowireCapableBeanFactory.createBean(AbstractAutowireCapableBeanFactory.java:523) ~[spring-beans-6.2.3.jar:6.2.3]
	at org.springframework.beans.factory.support.AbstractBeanFactory.lambda$doGetBean$0(AbstractBeanFactory.java:339) ~[spring-beans-6.2.3.jar:6.2.3]
	at org.springframework.beans.factory.support.DefaultSingletonBeanRegistry.getSingleton(DefaultSingletonBeanRegistry.java:346) ~[spring-beans-6.2.3.jar:6.2.3]
	at org.springframework.beans.factory.support.AbstractBeanFactory.doGetBean(AbstractBeanFactory.java:337) ~[spring-beans-6.2.3.jar:6.2.3]
	at org.springframework.beans.factory.support.AbstractBeanFactory.getBean(AbstractBeanFactory.java:202) ~[spring-beans-6.2.3.jar:6.2.3]
	at org.springframework.beans.factory.config.DependencyDescriptor.resolveCandidate(DependencyDescriptor.java:254) ~[spring-beans-6.2.3.jar:6.2.3]
	at org.springframework.beans.factory.support.DefaultListableBeanFactory.doResolveDependency(DefaultListableBeanFactory.java:1664) ~[spring-beans-6.2.3.jar:6.2.3]
	at org.springframework.beans.factory.support.DefaultListableBeanFactory.resolveDependency(DefaultListableBeanFactory.java:1552) ~[spring-beans-6.2.3.jar:6.2.3]
	at org.springframework.beans.factory.support.ConstructorResolver.resolveAutowiredArgument(ConstructorResolver.java:913) ~[spring-beans-6.2.3.jar:6.2.3]
	at org.springframework.beans.factory.support.ConstructorResolver.createArgumentArray(ConstructorResolver.java:791) ~[spring-beans-6.2.3.jar:6.2.3]
	at org.springframework.beans.factory.support.ConstructorResolver.autowireConstructor(ConstructorResolver.java:240) ~[spring-beans-6.2.3.jar:6.2.3]
	at org.springframework.beans.factory.support.AbstractAutowireCapableBeanFactory.autowireConstructor(AbstractAutowireCapableBeanFactory.java:1381) ~[spring-beans-6.2.3.jar:6.2.3]
	at org.springframework.beans.factory.support.AbstractAutowireCapableBeanFactory.createBeanInstance(AbstractAutowireCapableBeanFactory.java:1218) ~[spring-beans-6.2.3.jar:6.2.3]
	at org.springframework.beans.factory.support.AbstractAutowireCapableBeanFactory.doCreateBean(AbstractAutowireCapableBeanFactory.java:563) ~[spring-beans-6.2.3.jar:6.2.3]
	at org.springframework.beans.factory.support.AbstractAutowireCapableBeanFactory.createBean(AbstractAutowireCapableBeanFactory.java:523) ~[spring-beans-6.2.3.jar:6.2.3]
	at org.springframework.beans.factory.support.AbstractBeanFactory.lambda$doGetBean$0(AbstractBeanFactory.java:339) ~[spring-beans-6.2.3.jar:6.2.3]
	at org.springframework.beans.factory.support.DefaultSingletonBeanRegistry.getSingleton(DefaultSingletonBeanRegistry.java:346) ~[spring-beans-6.2.3.jar:6.2.3]
	at org.springframework.beans.factory.support.AbstractBeanFactory.doGetBean(AbstractBeanFactory.java:337) ~[spring-beans-6.2.3.jar:6.2.3]
	at org.springframework.beans.factory.support.AbstractBeanFactory.getBean(AbstractBeanFactory.java:202) ~[spring-beans-6.2.3.jar:6.2.3]
	at org.springframework.beans.factory.support.DefaultListableBeanFactory.instantiateSingleton(DefaultListableBeanFactory.java:1155) ~[spring-beans-6.2.3.jar:6.2.3]
	at org.springframework.beans.factory.support.DefaultListableBeanFactory.preInstantiateSingleton(DefaultListableBeanFactory.java:1121) ~[spring-beans-6.2.3.jar:6.2.3]
	at org.springframework.beans.factory.support.DefaultListableBeanFactory.preInstantiateSingletons(DefaultListableBeanFactory.java:1056) ~[spring-beans-6.2.3.jar:6.2.3]
	at org.springframework.context.support.AbstractApplicationContext.finishBeanFactoryInitialization(AbstractApplicationContext.java:987) ~[spring-context-6.2.3.jar:6.2.3]
	at org.springframework.context.support.AbstractApplicationContext.refresh(AbstractApplicationContext.java:627) ~[spring-context-6.2.3.jar:6.2.3]
	at org.springframework.boot.SpringApplication.refresh(SpringApplication.java:752) ~[spring-boot-3.4.3.jar:3.4.3]
	at org.springframework.boot.SpringApplication.refreshContext(SpringApplication.java:439) ~[spring-boot-3.4.3.jar:3.4.3]
	at org.springframework.boot.SpringApplication.run(SpringApplication.java:318) ~[spring-boot-3.4.3.jar:3.4.3]
	at org.springframework.boot.test.context.SpringBootContextLoader.lambda$loadContext$3(SpringBootContextLoader.java:137) ~[spring-boot-test-3.4.3.jar:3.4.3]
	at org.springframework.util.function.ThrowingSupplier.get(ThrowingSupplier.java:58) ~[spring-core-6.2.3.jar:6.2.3]
	at org.springframework.util.function.ThrowingSupplier.get(ThrowingSupplier.java:46) ~[spring-core-6.2.3.jar:6.2.3]
	at org.springframework.boot.SpringApplication.withHook(SpringApplication.java:1461) ~[spring-boot-3.4.3.jar:3.4.3]
	at org.springframework.boot.test.context.SpringBootContextLoader$ContextLoaderHook.run(SpringBootContextLoader.java:553) ~[spring-boot-test-3.4.3.jar:3.4.3]
	at org.springframework.boot.test.context.SpringBootContextLoader.loadContext(SpringBootContextLoader.java:137) ~[spring-boot-test-3.4.3.jar:3.4.3]
	at org.springframework.boot.test.context.SpringBootContextLoader.loadContext(SpringBootContextLoader.java:108) ~[spring-boot-test-3.4.3.jar:3.4.3]
	at org.springframework.test.context.cache.DefaultCacheAwareContextLoaderDelegate.loadContextInternal(DefaultCacheAwareContextLoaderDelegate.java:225) ~[spring-test-6.2.3.jar:6.2.3]
	at org.springframework.test.context.cache.DefaultCacheAwareContextLoaderDelegate.loadContext(DefaultCacheAwareContextLoaderDelegate.java:152) ~[spring-test-6.2.3.jar:6.2.3]
	at org.springframework.test.context.support.DefaultTestContext.getApplicationContext(DefaultTestContext.java:130) ~[spring-test-6.2.3.jar:6.2.3]
	at org.springframework.test.context.web.ServletTestExecutionListener.setUpRequestContextIfNecessary(ServletTestExecutionListener.java:200) ~[spring-test-6.2.3.jar:6.2.3]
	at org.springframework.test.context.web.ServletTestExecutionListener.prepareTestInstance(ServletTestExecutionListener.java:139) ~[spring-test-6.2.3.jar:6.2.3]
	at org.springframework.test.context.TestContextManager.prepareTestInstance(TestContextManager.java:260) ~[spring-test-6.2.3.jar:6.2.3]
	at org.springframework.test.context.junit.jupiter.SpringExtension.postProcessTestInstance(SpringExtension.java:160) ~[spring-test-6.2.3.jar:6.2.3]
	at org.junit.jupiter.engine.descriptor.ClassBasedTestDescriptor.lambda$invokeTestInstancePostProcessors$11(ClassBasedTestDescriptor.java:378) ~[junit-jupiter-engine-5.11.4.jar:5.11.4]
	at org.junit.jupiter.engine.descriptor.ClassBasedTestDescriptor.executeAndMaskThrowable(ClassBasedTestDescriptor.java:383) ~[junit-jupiter-engine-5.11.4.jar:5.11.4]
	at org.junit.jupiter.engine.descriptor.ClassBasedTestDescriptor.lambda$invokeTestInstancePostProcessors$12(ClassBasedTestDescriptor.java:378) ~[junit-jupiter-engine-5.11.4.jar:5.11.4]
	at java.base/java.util.stream.ForEachOps$ForEachOp$OfRef.accept(ForEachOps.java:183) ~[?:?]
	at java.base/java.util.stream.ReferencePipeline$3$1.accept(ReferencePipeline.java:197) ~[?:?]
	at java.base/java.util.stream.ReferencePipeline$2$1.accept(ReferencePipeline.java:179) ~[?:?]
	at java.base/java.util.stream.ReferencePipeline$3$1.accept(ReferencePipeline.java:197) ~[?:?]
	at java.base/java.util.ArrayList$ArrayListSpliterator.forEachRemaining(ArrayList.java:1625) ~[?:?]
	at java.base/java.util.stream.AbstractPipeline.copyInto(AbstractPipeline.java:509) ~[?:?]
	at java.base/java.util.stream.AbstractPipeline.wrapAndCopyInto(AbstractPipeline.java:499) ~[?:?]
	at java.base/java.util.stream.ForEachOps$ForEachOp.evaluateSequential(ForEachOps.java:150) ~[?:?]
	at java.base/java.util.stream.ForEachOps$ForEachOp$OfRef.evaluateSequential(ForEachOps.java:173) ~[?:?]
	at java.base/java.util.stream.AbstractPipeline.evaluate(AbstractPipeline.java:234) ~[?:?]
	at java.base/java.util.stream.ReferencePipeline.forEach(ReferencePipeline.java:596) ~[?:?]
	at org.junit.jupiter.engine.descriptor.ClassBasedTestDescriptor.invokeTestInstancePostProcessors(ClassBasedTestDescriptor.java:377) ~[junit-jupiter-engine-5.11.4.jar:5.11.4]
	at org.junit.jupiter.engine.descriptor.ClassBasedTestDescriptor.lambda$instantiateAndPostProcessTestInstance$7(ClassBasedTestDescriptor.java:290) ~[junit-jupiter-engine-5.11.4.jar:5.11.4]
	at org.junit.platform.engine.support.hierarchical.ThrowableCollector.execute(ThrowableCollector.java:73) ~[junit-platform-engine-1.11.4.jar:1.11.4]
	at org.junit.jupiter.engine.descriptor.ClassBasedTestDescriptor.instantiateAndPostProcessTestInstance(ClassBasedTestDescriptor.java:289) ~[junit-jupiter-engine-5.11.4.jar:5.11.4]
	at org.junit.jupiter.engine.descriptor.ClassBasedTestDescriptor.lambda$testInstancesProvider$5(ClassBasedTestDescriptor.java:279) ~[junit-jupiter-engine-5.11.4.jar:5.11.4]
	at java.base/java.util.Optional.orElseGet(Optional.java:364) ~[?:?]
	at org.junit.jupiter.engine.descriptor.ClassBasedTestDescriptor.lambda$testInstancesProvider$6(ClassBasedTestDescriptor.java:278) ~[junit-jupiter-engine-5.11.4.jar:5.11.4]
	at org.junit.jupiter.engine.execution.TestInstancesProvider.getTestInstances(TestInstancesProvider.java:31) ~[junit-jupiter-engine-5.11.4.jar:5.11.4]
	at org.junit.jupiter.engine.descriptor.TestMethodTestDescriptor.lambda$prepare$1(TestMethodTestDescriptor.java:105) ~[junit-jupiter-engine-5.11.4.jar:5.11.4]
	at org.junit.platform.engine.support.hierarchical.ThrowableCollector.execute(ThrowableCollector.java:73) ~[junit-platform-engine-1.11.4.jar:1.11.4]
	at org.junit.jupiter.engine.descriptor.TestMethodTestDescriptor.prepare(TestMethodTestDescriptor.java:104) ~[junit-jupiter-engine-5.11.4.jar:5.11.4]
	at org.junit.jupiter.engine.descriptor.TestMethodTestDescriptor.prepare(TestMethodTestDescriptor.java:68) ~[junit-jupiter-engine-5.11.4.jar:5.11.4]
	at org.junit.platform.engine.support.hierarchical.NodeTestTask.lambda$prepare$2(NodeTestTask.java:128) ~[junit-platform-engine-1.11.4.jar:1.11.4]
	at org.junit.platform.engine.support.hierarchical.ThrowableCollector.execute(ThrowableCollector.java:73) ~[junit-platform-engine-1.11.4.jar:1.11.4]
	at org.junit.platform.engine.support.hierarchical.NodeTestTask.prepare(NodeTestTask.java:128) ~[junit-platform-engine-1.11.4.jar:1.11.4]
	at org.junit.platform.engine.support.hierarchical.NodeTestTask.execute(NodeTestTask.java:95) ~[junit-platform-engine-1.11.4.jar:1.11.4]
	at java.base/java.util.ArrayList.forEach(ArrayList.java:1511) ~[?:?]
	at org.junit.platform.engine.support.hierarchical.SameThreadHierarchicalTestExecutorService.invokeAll(SameThreadHierarchicalTestExecutorService.java:41) ~[junit-platform-engine-1.11.4.jar:1.11.4]
	at org.junit.platform.engine.support.hierarchical.NodeTestTask.lambda$executeRecursively$6(NodeTestTask.java:160) ~[junit-platform-engine-1.11.4.jar:1.11.4]
	at org.junit.platform.engine.support.hierarchical.ThrowableCollector.execute(ThrowableCollector.java:73) ~[junit-platform-engine-1.11.4.jar:1.11.4]
	at org.junit.platform.engine.support.hierarchical.NodeTestTask.lambda$executeRecursively$8(NodeTestTask.java:146) ~[junit-platform-engine-1.11.4.jar:1.11.4]
	at org.junit.platform.engine.support.hierarchical.Node.around(Node.java:137) ~[junit-platform-engine-1.11.4.jar:1.11.4]
	at org.junit.platform.engine.support.hierarchical.NodeTestTask.lambda$executeRecursively$9(NodeTestTask.java:144) ~[junit-platform-engine-1.11.4.jar:1.11.4]
	at org.junit.platform.engine.support.hierarchical.ThrowableCollector.execute(ThrowableCollector.java:73) ~[junit-platform-engine-1.11.4.jar:1.11.4]
	at org.junit.platform.engine.support.hierarchical.NodeTestTask.executeRecursively(NodeTestTask.java:143) ~[junit-platform-engine-1.11.4.jar:1.11.4]
	at org.junit.platform.engine.support.hierarchical.NodeTestTask.execute(NodeTestTask.java:100) ~[junit-platform-engine-1.11.4.jar:1.11.4]
	at java.base/java.util.ArrayList.forEach(ArrayList.java:1511) ~[?:?]
	at org.junit.platform.engine.support.hierarchical.SameThreadHierarchicalTestExecutorService.invokeAll(SameThreadHierarchicalTestExecutorService.java:41) ~[junit-platform-engine-1.11.4.jar:1.11.4]
	at org.junit.platform.engine.support.hierarchical.NodeTestTask.lambda$executeRecursively$6(NodeTestTask.java:160) ~[junit-platform-engine-1.11.4.jar:1.11.4]
	at org.junit.platform.engine.support.hierarchical.ThrowableCollector.execute(ThrowableCollector.java:73) ~[junit-platform-engine-1.11.4.jar:1.11.4]
	at org.junit.platform.engine.support.hierarchical.NodeTestTask.lambda$executeRecursively$8(NodeTestTask.java:146) ~[junit-platform-engine-1.11.4.jar:1.11.4]
	at org.junit.platform.engine.support.hierarchical.Node.around(Node.java:137) ~[junit-platform-engine-1.11.4.jar:1.11.4]
	at org.junit.platform.engine.support.hierarchical.NodeTestTask.lambda$executeRecursively$9(NodeTestTask.java:144) ~[junit-platform-engine-1.11.4.jar:1.11.4]
	at org.junit.platform.engine.support.hierarchical.ThrowableCollector.execute(ThrowableCollector.java:73) ~[junit-platform-engine-1.11.4.jar:1.11.4]
	at org.junit.platform.engine.support.hierarchical.NodeTestTask.executeRecursively(NodeTestTask.java:143) ~[junit-platform-engine-1.11.4.jar:1.11.4]
	at org.junit.platform.engine.support.hierarchical.NodeTestTask.execute(NodeTestTask.java:100) ~[junit-platform-engine-1.11.4.jar:1.11.4]
	at org.junit.platform.engine.support.hierarchical.SameThreadHierarchicalTestExecutorService.submit(SameThreadHierarchicalTestExecutorService.java:35) ~[junit-platform-engine-1.11.4.jar:1.11.4]
	at org.junit.platform.engine.support.hierarchical.HierarchicalTestExecutor.execute(HierarchicalTestExecutor.java:57) ~[junit-platform-engine-1.11.4.jar:1.11.4]
	at org.junit.platform.engine.support.hierarchical.HierarchicalTestEngine.execute(HierarchicalTestEngine.java:54) ~[junit-platform-engine-1.11.4.jar:1.11.4]
	at org.junit.platform.launcher.core.EngineExecutionOrchestrator.execute(EngineExecutionOrchestrator.java:198) ~[junit-platform-launcher-1.11.4.jar:1.11.4]
	at org.junit.platform.launcher.core.EngineExecutionOrchestrator.execute(EngineExecutionOrchestrator.java:169) ~[junit-platform-launcher-1.11.4.jar:1.11.4]
	at org.junit.platform.launcher.core.EngineExecutionOrchestrator.execute(EngineExecutionOrchestrator.java:93) ~[junit-platform-launcher-1.11.4.jar:1.11.4]
	at org.junit.platform.launcher.core.EngineExecutionOrchestrator.lambda$execute$0(EngineExecutionOrchestrator.java:58) ~[junit-platform-launcher-1.11.4.jar:1.11.4]
	at org.junit.platform.launcher.core.EngineExecutionOrchestrator.withInterceptedStreams(EngineExecutionOrchestrator.java:141) [junit-platform-launcher-1.11.4.jar:1.11.4]
	at org.junit.platform.launcher.core.EngineExecutionOrchestrator.execute(EngineExecutionOrchestrator.java:57) [junit-platform-launcher-1.11.4.jar:1.11.4]
	at org.junit.platform.launcher.core.DefaultLauncher.execute(DefaultLauncher.java:103) [junit-platform-launcher-1.11.4.jar:1.11.4]
	at org.junit.platform.launcher.core.DefaultLauncher.execute(DefaultLauncher.java:85) [junit-platform-launcher-1.11.4.jar:1.11.4]
	at org.junit.platform.launcher.core.DelegatingLauncher.execute(DelegatingLauncher.java:47) [junit-platform-launcher-1.11.4.jar:1.11.4]
	at org.apache.maven.surefire.junitplatform.LazyLauncher.execute(LazyLauncher.java:56) [surefire-junit-platform-3.5.2.jar:3.5.2]
	at org.apache.maven.surefire.junitplatform.JUnitPlatformProvider.execute(JUnitPlatformProvider.java:184) [surefire-junit-platform-3.5.2.jar:3.5.2]
	at org.apache.maven.surefire.junitplatform.JUnitPlatformProvider.invokeAllTests(JUnitPlatformProvider.java:148) [surefire-junit-platform-3.5.2.jar:3.5.2]
	at org.apache.maven.surefire.junitplatform.JUnitPlatformProvider.invoke(JUnitPlatformProvider.java:122) [surefire-junit-platform-3.5.2.jar:3.5.2]
	at org.apache.maven.surefire.booter.ForkedBooter.runSuitesInProcess(ForkedBooter.java:385) [surefire-booter-3.5.2.jar:3.5.2]
	at org.apache.maven.surefire.booter.ForkedBooter.execute(ForkedBooter.java:162) [surefire-booter-3.5.2.jar:3.5.2]
	at org.apache.maven.surefire.booter.ForkedBooter.run(ForkedBooter.java:507) [surefire-booter-3.5.2.jar:3.5.2]
	at org.apache.maven.surefire.booter.ForkedBooter.main(ForkedBooter.java:495) [surefire-booter-3.5.2.jar:3.5.2]
2025-07-31 16:26:41.800 [main] DEBUG org.springframework.data.jpa.repository.query.NamedQuery - Did not find named query Review.findReviewsByCriteria.count
2025-07-31 16:26:41.800 [main] DEBUG org.springframework.orm.jpa.SharedEntityManagerCreator$SharedEntityManagerInvocationHandler - Creating new EntityManager for shared EntityManager invocation
2025-07-31 16:26:41.802 [main] DEBUG org.hibernate.orm.query.hql - HQL : SELECT DISTINCT r FROM Review r LEFT JOIN r.author a LEFT JOIN r.gym g LEFT JOIN r.trainer t WHERE (:id IS NULL OR r.id = :id) AND (:rating IS NULL OR r.rating = :rating) AND (:authorId IS NULL OR a.id = :authorId) AND (:gymId IS NULL OR g.id = :gymId) AND (:trainerId IS NULL OR t.id = :trainerId)
2025-07-31 16:26:41.802 [main] DEBUG org.hibernate.orm.query.hql.reservedWordAsIdentifier - Encountered use of reserved word as identifier : IS
2025-07-31 16:26:41.802 [main] DEBUG org.hibernate.orm.query.hql.reservedWordAsIdentifier - Encountered use of reserved word as identifier : =
2025-07-31 16:26:41.802 [main] DEBUG org.hibernate.orm.query.hql.reservedWordAsIdentifier - Encountered use of reserved word as identifier : )
2025-07-31 16:26:41.803 [main] DEBUG org.hibernate.orm.query.hql.reservedWordAsIdentifier - Encountered use of reserved word as identifier : =
2025-07-31 16:26:41.803 [main] DEBUG org.hibernate.orm.query.hql.reservedWordAsIdentifier - Encountered use of reserved word as identifier : =
2025-07-31 16:26:41.803 [main] DEBUG org.hibernate.orm.query.hql.reservedWordAsIdentifier - Encountered use of reserved word as identifier : =
2025-07-31 16:26:41.803 [main] DEBUG org.hibernate.orm.query.sqm.creation - Applying inferable type to SqmExpression [SqmNamedParameter(id)] : null -> SqmBasicValuedSimplePath(com.example.trainup.model.Review(r).id)
2025-07-31 16:26:41.804 [main] DEBUG org.hibernate.orm.query.sqm.creation - Applying inferable type to SqmExpression [SqmNamedParameter(rating)] : null -> SqmBasicValuedSimplePath(com.example.trainup.model.Review(r).rating)
2025-07-31 16:26:41.804 [main] DEBUG org.hibernate.orm.query.sqm.creation - Applying inferable type to SqmExpression [SqmNamedParameter(authorId)] : null -> SqmBasicValuedSimplePath(com.example.trainup.model.Review(r).author(a).id)
2025-07-31 16:26:41.804 [main] DEBUG org.hibernate.orm.query.sqm.creation - Applying inferable type to SqmExpression [SqmNamedParameter(gymId)] : null -> SqmBasicValuedSimplePath(com.example.trainup.model.Review(r).gym(g).id)
2025-07-31 16:26:41.804 [main] DEBUG org.hibernate.orm.query.sqm.creation - Applying inferable type to SqmExpression [SqmNamedParameter(trainerId)] : null -> SqmBasicValuedSimplePath(com.example.trainup.model.Review(r).trainer(t).id)
2025-07-31 16:26:41.805 [main] DEBUG org.hibernate.orm.query.sqm.ast - SqmStatement Tree :
    -> [select]
      -> [query-spec]
        -> [select(distinct)]
          -> [selection]
            -> [root] - `com.example.trainup.model.Review(r)`
              -> [joins]
                -> [attribute] - `com.example.trainup.model.Review(r).author(a)`
                    [fetched = false]
                <- [attribute] - `com.example.trainup.model.Review(r).author(a)`
                -> [attribute] - `com.example.trainup.model.Review(r).gym(g)`
                    [fetched = false]
                <- [attribute] - `com.example.trainup.model.Review(r).gym(g)`
                -> [attribute] - `com.example.trainup.model.Review(r).trainer(t)`
                    [fetched = false]
                <- [attribute] - `com.example.trainup.model.Review(r).trainer(t)`
              <- [joins]
            <- [root] - `com.example.trainup.model.Review(r)`
          <- [selection]
        <- [select(distinct)]
        -> [from]
          -> [root] - `com.example.trainup.model.Review(r)`
            -> [joins]
              -> [attribute] - `com.example.trainup.model.Review(r).author(a)`
                  [fetched = false]
              <- [attribute] - `com.example.trainup.model.Review(r).author(a)`
              -> [attribute] - `com.example.trainup.model.Review(r).gym(g)`
                  [fetched = false]
              <- [attribute] - `com.example.trainup.model.Review(r).gym(g)`
              -> [attribute] - `com.example.trainup.model.Review(r).trainer(t)`
                  [fetched = false]
              <- [attribute] - `com.example.trainup.model.Review(r).trainer(t)`
            <- [joins]
          <- [root] - `com.example.trainup.model.Review(r)`
        <- [from]
        -> [where]
          -> [and]
            -> [grouped]
                -> [or]
                  -> [is-null]
                      :id
                  <- [is-null]
                  -> [EQUAL]
                      -> [basic-path] - `com.example.trainup.model.Review(r).id`
                      :id
                  <- [EQUAL]
                <- [or]
            <- [grouped]
            -> [grouped]
                -> [or]
                  -> [is-null]
                      :rating
                  <- [is-null]
                  -> [EQUAL]
                      -> [basic-path] - `com.example.trainup.model.Review(r).rating`
                      :rating
                  <- [EQUAL]
                <- [or]
            <- [grouped]
            -> [grouped]
                -> [or]
                  -> [is-null]
                      :authorId
                  <- [is-null]
                  -> [EQUAL]
                      -> [basic-path] - `com.example.trainup.model.Review(r).author(a).id`
                      :authorId
                  <- [EQUAL]
                <- [or]
            <- [grouped]
            -> [grouped]
                -> [or]
                  -> [is-null]
                      :gymId
                  <- [is-null]
                  -> [EQUAL]
                      -> [basic-path] - `com.example.trainup.model.Review(r).gym(g).id`
                      :gymId
                  <- [EQUAL]
                <- [or]
            <- [grouped]
            -> [grouped]
                -> [or]
                  -> [is-null]
                      :trainerId
                  <- [is-null]
                  -> [EQUAL]
                      -> [basic-path] - `com.example.trainup.model.Review(r).trainer(t).id`
                      :trainerId
                  <- [EQUAL]
                <- [or]
            <- [grouped]
          <- [and]
        <- [where]
      <- [query-spec]
    <- [select]

2025-07-31 16:26:41.806 [main] DEBUG org.hibernate.orm.query.hql - HQL : SELECT count(DISTINCT r) FROM Review r LEFT JOIN r.author a LEFT JOIN r.gym g LEFT JOIN r.trainer t WHERE (:id IS NULL OR r.id = :id) AND (:rating IS NULL OR r.rating = :rating) AND (:authorId IS NULL OR a.id = :authorId) AND (:gymId IS NULL OR g.id = :gymId) AND (:trainerId IS NULL OR t.id = :trainerId)
2025-07-31 16:26:41.807 [main] DEBUG org.hibernate.orm.query.hql.reservedWordAsIdentifier - Encountered use of reserved word as identifier : (
2025-07-31 16:26:41.807 [main] DEBUG org.hibernate.orm.query.hql.reservedWordAsIdentifier - Encountered use of reserved word as identifier : IS
2025-07-31 16:26:41.807 [main] DEBUG org.hibernate.orm.query.hql.reservedWordAsIdentifier - Encountered use of reserved word as identifier : =
2025-07-31 16:26:41.807 [main] DEBUG org.hibernate.orm.query.hql.reservedWordAsIdentifier - Encountered use of reserved word as identifier : )
2025-07-31 16:26:41.808 [main] DEBUG org.hibernate.orm.query.hql.reservedWordAsIdentifier - Encountered use of reserved word as identifier : =
2025-07-31 16:26:41.808 [main] DEBUG org.hibernate.orm.query.hql.reservedWordAsIdentifier - Encountered use of reserved word as identifier : =
2025-07-31 16:26:41.808 [main] DEBUG org.hibernate.orm.query.hql.reservedWordAsIdentifier - Encountered use of reserved word as identifier : =
2025-07-31 16:26:41.808 [main] DEBUG org.hibernate.orm.query.sqm.creation - Applying inferable type to SqmExpression [SqmNamedParameter(id)] : null -> SqmBasicValuedSimplePath(com.example.trainup.model.Review(r).id)
2025-07-31 16:26:41.809 [main] DEBUG org.hibernate.orm.query.sqm.creation - Applying inferable type to SqmExpression [SqmNamedParameter(rating)] : null -> SqmBasicValuedSimplePath(com.example.trainup.model.Review(r).rating)
2025-07-31 16:26:41.809 [main] DEBUG org.hibernate.orm.query.sqm.creation - Applying inferable type to SqmExpression [SqmNamedParameter(authorId)] : null -> SqmBasicValuedSimplePath(com.example.trainup.model.Review(r).author(a).id)
2025-07-31 16:26:41.809 [main] DEBUG org.hibernate.orm.query.sqm.creation - Applying inferable type to SqmExpression [SqmNamedParameter(gymId)] : null -> SqmBasicValuedSimplePath(com.example.trainup.model.Review(r).gym(g).id)
2025-07-31 16:26:41.809 [main] DEBUG org.hibernate.orm.query.sqm.creation - Applying inferable type to SqmExpression [SqmNamedParameter(trainerId)] : null -> SqmBasicValuedSimplePath(com.example.trainup.model.Review(r).trainer(t).id)
2025-07-31 16:26:41.810 [main] DEBUG org.hibernate.orm.query.sqm.ast - SqmStatement Tree :
    -> [select]
      -> [query-spec]
        -> [select]
          -> [selection]
          <- [selection]
        <- [select]
        -> [from]
          -> [root] - `com.example.trainup.model.Review(r)`
            -> [joins]
              -> [attribute] - `com.example.trainup.model.Review(r).author(a)`
                  [fetched = false]
              <- [attribute] - `com.example.trainup.model.Review(r).author(a)`
              -> [attribute] - `com.example.trainup.model.Review(r).gym(g)`
                  [fetched = false]
              <- [attribute] - `com.example.trainup.model.Review(r).gym(g)`
              -> [attribute] - `com.example.trainup.model.Review(r).trainer(t)`
                  [fetched = false]
              <- [attribute] - `com.example.trainup.model.Review(r).trainer(t)`
            <- [joins]
          <- [root] - `com.example.trainup.model.Review(r)`
        <- [from]
        -> [where]
          -> [and]
            -> [grouped]
                -> [or]
                  -> [is-null]
                      :id
                  <- [is-null]
                  -> [EQUAL]
                      -> [basic-path] - `com.example.trainup.model.Review(r).id`
                      :id
                  <- [EQUAL]
                <- [or]
            <- [grouped]
            -> [grouped]
                -> [or]
                  -> [is-null]
                      :rating
                  <- [is-null]
                  -> [EQUAL]
                      -> [basic-path] - `com.example.trainup.model.Review(r).rating`
                      :rating
                  <- [EQUAL]
                <- [or]
            <- [grouped]
            -> [grouped]
                -> [or]
                  -> [is-null]
                      :authorId
                  <- [is-null]
                  -> [EQUAL]
                      -> [basic-path] - `com.example.trainup.model.Review(r).author(a).id`
                      :authorId
                  <- [EQUAL]
                <- [or]
            <- [grouped]
            -> [grouped]
                -> [or]
                  -> [is-null]
                      :gymId
                  <- [is-null]
                  -> [EQUAL]
                      -> [basic-path] - `com.example.trainup.model.Review(r).gym(g).id`
                      :gymId
                  <- [EQUAL]
                <- [or]
            <- [grouped]
            -> [grouped]
                -> [or]
                  -> [is-null]
                      :trainerId
                  <- [is-null]
                  -> [EQUAL]
                      -> [basic-path] - `com.example.trainup.model.Review(r).trainer(t).id`
                      :trainerId
                  <- [EQUAL]
                <- [or]
            <- [grouped]
          <- [and]
        <- [where]
      <- [query-spec]
    <- [select]

2025-07-31 16:26:41.812 [main] DEBUG org.springframework.data.repository.core.support.RepositoryFactorySupport - Finished creation of repository instance for com.example.trainup.repository.ReviewRepository.
2025-07-31 16:26:41.826 [main] DEBUG org.springframework.beans.factory.support.DefaultListableBeanFactory - Creating shared instance of singleton bean 'reviewMapperImpl'
2025-07-31 16:26:41.837 [main] DEBUG org.springframework.beans.factory.support.DefaultListableBeanFactory - Autowiring by type from bean name 'reviewServiceImpl' via constructor to bean named 'reviewRepository'
2025-07-31 16:26:41.837 [main] DEBUG org.springframework.beans.factory.support.DefaultListableBeanFactory - Autowiring by type from bean name 'reviewServiceImpl' via constructor to bean named 'reviewMapperImpl'
2025-07-31 16:26:41.837 [main] DEBUG org.springframework.beans.factory.support.DefaultListableBeanFactory - Autowiring by type from bean name 'reviewServiceImpl' via constructor to bean named 'athleteRepository'
2025-07-31 16:26:41.837 [main] DEBUG org.springframework.beans.factory.support.DefaultListableBeanFactory - Autowiring by type from bean name 'reviewServiceImpl' via constructor to bean named 'gymRepository'
2025-07-31 16:26:41.837 [main] DEBUG org.springframework.beans.factory.support.DefaultListableBeanFactory - Autowiring by type from bean name 'reviewServiceImpl' via constructor to bean named 'trainerRepository'
2025-07-31 16:26:41.838 [main] DEBUG org.springframework.beans.factory.support.DefaultListableBeanFactory - Autowiring by type from bean name 'reviewServiceImpl' via constructor to bean named 'athleteService'
2025-07-31 16:26:41.856 [main] DEBUG org.springframework.beans.factory.support.DefaultListableBeanFactory - Autowiring by type from bean name 'reviewController' via constructor to bean named 'reviewServiceImpl'
2025-07-31 16:26:41.875 [main] DEBUG org.springframework.beans.factory.support.DefaultListableBeanFactory - Creating shared instance of singleton bean 'sportController'
2025-07-31 16:26:41.883 [main] DEBUG org.springframework.beans.factory.support.DefaultListableBeanFactory - Creating shared instance of singleton bean 'sportServiceImpl'
2025-07-31 16:26:41.884 [main] DEBUG org.springframework.beans.factory.support.DefaultListableBeanFactory - Creating shared instance of singleton bean 'sportMapperImpl'
2025-07-31 16:26:41.893 [main] DEBUG org.springframework.beans.factory.support.DefaultListableBeanFactory - Autowiring by type from bean name 'sportServiceImpl' via constructor to bean named 'sportRepository'
2025-07-31 16:26:41.893 [main] DEBUG org.springframework.beans.factory.support.DefaultListableBeanFactory - Autowiring by type from bean name 'sportServiceImpl' via constructor to bean named 'sportMapperImpl'
2025-07-31 16:26:41.911 [main] DEBUG org.springframework.beans.factory.support.DefaultListableBeanFactory - Autowiring by type from bean name 'sportController' via constructor to bean named 'sportServiceImpl'
2025-07-31 16:26:41.930 [main] DEBUG org.springframework.beans.factory.support.DefaultListableBeanFactory - Creating shared instance of singleton bean 'trainerController'
2025-07-31 16:26:41.931 [main] DEBUG org.springframework.beans.factory.support.DefaultListableBeanFactory - Autowiring by type from bean name 'trainerController' via constructor to bean named 'trainerServiceImpl'
2025-07-31 16:26:41.950 [main] DEBUG org.springframework.beans.factory.support.DefaultListableBeanFactory - Creating shared instance of singleton bean 'customGlobalExceptionHandler'
2025-07-31 16:26:41.972 [main] DEBUG org.springframework.beans.factory.support.DefaultListableBeanFactory - Creating shared instance of singleton bean 'athleteMapperImpl'
2025-07-31 16:26:41.995 [main] DEBUG org.springframework.beans.factory.support.DefaultListableBeanFactory - Creating shared instance of singleton bean 'athleteServiceImpl'
2025-07-31 16:26:41.996 [main] DEBUG org.springframework.beans.factory.support.DefaultListableBeanFactory - Autowiring by type from bean name 'athleteServiceImpl' via constructor to bean named 'athleteMapperImpl'
2025-07-31 16:26:41.996 [main] DEBUG org.springframework.beans.factory.support.DefaultListableBeanFactory - Autowiring by type from bean name 'athleteServiceImpl' via constructor to bean named 'getPasswordEncoder'
2025-07-31 16:26:41.996 [main] DEBUG org.springframework.beans.factory.support.DefaultListableBeanFactory - Autowiring by type from bean name 'athleteServiceImpl' via constructor to bean named 'athleteRepository'
2025-07-31 16:26:41.996 [main] DEBUG org.springframework.beans.factory.support.DefaultListableBeanFactory - Autowiring by type from bean name 'athleteServiceImpl' via constructor to bean named 'sportRepository'
2025-07-31 16:26:41.997 [main] DEBUG org.springframework.beans.factory.support.DefaultListableBeanFactory - Autowiring by type from bean name 'athleteServiceImpl' via constructor to bean named 'userCredentialService'
2025-07-31 16:26:42.017 [main] DEBUG org.springframework.beans.factory.support.DefaultListableBeanFactory - Creating shared instance of singleton bean 'emailUniqueValidator'
2025-07-31 16:26:42.018 [main] DEBUG org.springframework.beans.factory.support.DefaultListableBeanFactory - Autowiring by type from bean name 'emailUniqueValidator' via constructor to bean named 'userCredentialsRepository'
2025-07-31 16:26:42.029 [main] DEBUG org.springframework.beans.factory.support.DefaultListableBeanFactory - Creating shared instance of singleton bean 'customOpenApi'
2025-07-31 16:26:42.047 [main] DEBUG org.springframework.beans.factory.support.DefaultListableBeanFactory - Creating shared instance of singleton bean '_prePostMethodSecurityConfiguration'
2025-07-31 16:26:42.048 [main] DEBUG org.springframework.beans.factory.support.DefaultListableBeanFactory - Creating shared instance of singleton bean 'methodAuthorizationManagerPostProcessor'
2025-07-31 16:26:42.053 [main] DEBUG org.springframework.beans.factory.support.DefaultListableBeanFactory - Creating shared instance of singleton bean 'observationRegistry'
2025-07-31 16:26:42.054 [main] DEBUG org.springframework.beans.factory.support.DefaultListableBeanFactory - Creating shared instance of singleton bean 'org.springframework.boot.actuate.autoconfigure.observation.ObservationAutoConfiguration'
2025-07-31 16:26:42.065 [main] DEBUG org.springframework.beans.factory.support.DefaultListableBeanFactory - Creating shared instance of singleton bean 'propertiesObservationFilter'
2025-07-31 16:26:42.066 [main] DEBUG org.springframework.beans.factory.support.DefaultListableBeanFactory - Creating shared instance of singleton bean 'management.observations-org.springframework.boot.actuate.autoconfigure.observation.ObservationProperties'
2025-07-31 16:26:42.074 [main] DEBUG org.springframework.beans.factory.support.DefaultListableBeanFactory - Autowiring by type from bean name 'propertiesObservationFilter' via factory method to bean named 'management.observations-org.springframework.boot.actuate.autoconfigure.observation.ObservationProperties'
2025-07-31 16:26:42.083 [main] DEBUG org.springframework.beans.factory.support.DefaultListableBeanFactory - Creating shared instance of singleton bean 'metricsObservationHandlerGrouping'
2025-07-31 16:26:42.086 [main] DEBUG org.springframework.beans.factory.support.DefaultListableBeanFactory - Creating shared instance of singleton bean 'org.springframework.boot.actuate.autoconfigure.observation.ObservationAutoConfiguration$OnlyMetricsConfiguration'
2025-07-31 16:26:42.093 [main] DEBUG org.springframework.beans.factory.support.DefaultListableBeanFactory - Creating shared instance of singleton bean 'defaultMeterObservationHandler'
2025-07-31 16:26:42.093 [main] DEBUG org.springframework.beans.factory.support.DefaultListableBeanFactory - Creating shared instance of singleton bean 'org.springframework.boot.actuate.autoconfigure.observation.ObservationAutoConfiguration$MeterObservationHandlerConfiguration$OnlyMetricsMeterObservationHandlerConfiguration'
2025-07-31 16:26:42.097 [main] DEBUG org.springframework.beans.factory.support.DefaultListableBeanFactory - Creating shared instance of singleton bean 'simpleMeterRegistry'
2025-07-31 16:26:42.097 [main] DEBUG org.springframework.beans.factory.support.DefaultListableBeanFactory - Creating shared instance of singleton bean 'org.springframework.boot.actuate.autoconfigure.metrics.export.simple.SimpleMetricsExportAutoConfiguration'
2025-07-31 16:26:42.100 [main] DEBUG org.springframework.beans.factory.support.DefaultListableBeanFactory - Creating shared instance of singleton bean 'simpleConfig'
2025-07-31 16:26:42.101 [main] DEBUG org.springframework.beans.factory.support.DefaultListableBeanFactory - Creating shared instance of singleton bean 'management.simple.metrics.export-org.springframework.boot.actuate.autoconfigure.metrics.export.simple.SimpleProperties'
2025-07-31 16:26:42.104 [main] DEBUG org.springframework.beans.factory.support.DefaultListableBeanFactory - Autowiring by type from bean name 'simpleConfig' via factory method to bean named 'management.simple.metrics.export-org.springframework.boot.actuate.autoconfigure.metrics.export.simple.SimpleProperties'
2025-07-31 16:26:42.117 [main] DEBUG org.springframework.beans.factory.support.DefaultListableBeanFactory - Creating shared instance of singleton bean 'micrometerClock'
2025-07-31 16:26:42.117 [main] DEBUG org.springframework.beans.factory.support.DefaultListableBeanFactory - Creating shared instance of singleton bean 'org.springframework.boot.actuate.autoconfigure.metrics.MetricsAutoConfiguration'
2025-07-31 16:26:42.122 [main] DEBUG org.springframework.beans.factory.support.DefaultListableBeanFactory - Autowiring by type from bean name 'simpleMeterRegistry' via factory method to bean named 'simpleConfig'
2025-07-31 16:26:42.122 [main] DEBUG org.springframework.beans.factory.support.DefaultListableBeanFactory - Autowiring by type from bean name 'simpleMeterRegistry' via factory method to bean named 'micrometerClock'
2025-07-31 16:26:42.144 [main] DEBUG io.micrometer.common.util.internal.logging.InternalLoggerFactory - Using SLF4J as the default logging framework
2025-07-31 16:26:42.199 [main] DEBUG org.springframework.beans.factory.support.DefaultListableBeanFactory - Creating shared instance of singleton bean 'propertiesMeterFilter'
2025-07-31 16:26:42.199 [main] DEBUG org.springframework.beans.factory.support.DefaultListableBeanFactory - Autowiring by type from bean name 'propertiesMeterFilter' via factory method to bean named 'management.metrics-org.springframework.boot.actuate.autoconfigure.metrics.MetricsProperties'
2025-07-31 16:26:42.207 [main] DEBUG org.springframework.beans.factory.support.DefaultListableBeanFactory - Creating shared instance of singleton bean 'metricsHttpClientUriTagFilter'
2025-07-31 16:26:42.208 [main] DEBUG org.springframework.beans.factory.support.DefaultListableBeanFactory - Creating shared instance of singleton bean 'org.springframework.boot.actuate.autoconfigure.observation.web.client.HttpClientObservationsAutoConfiguration$MeterFilterConfiguration'
2025-07-31 16:26:42.210 [main] DEBUG org.springframework.beans.factory.support.DefaultListableBeanFactory - Autowiring by type from bean name 'metricsHttpClientUriTagFilter' via factory method to bean named 'management.observations-org.springframework.boot.actuate.autoconfigure.observation.ObservationProperties'
2025-07-31 16:26:42.211 [main] DEBUG org.springframework.beans.factory.support.DefaultListableBeanFactory - Autowiring by type from bean name 'metricsHttpClientUriTagFilter' via factory method to bean named 'management.metrics-org.springframework.boot.actuate.autoconfigure.metrics.MetricsProperties'
2025-07-31 16:26:42.216 [main] DEBUG org.springframework.beans.factory.support.DefaultListableBeanFactory - Creating shared instance of singleton bean 'metricsHttpServerUriTagFilter'
2025-07-31 16:26:42.217 [main] DEBUG org.springframework.beans.factory.support.DefaultListableBeanFactory - Creating shared instance of singleton bean 'org.springframework.boot.actuate.autoconfigure.observation.web.servlet.WebMvcObservationAutoConfiguration$MeterFilterConfiguration'
2025-07-31 16:26:42.218 [main] DEBUG org.springframework.beans.factory.support.DefaultListableBeanFactory - Autowiring by type from bean name 'metricsHttpServerUriTagFilter' via factory method to bean named 'management.observations-org.springframework.boot.actuate.autoconfigure.observation.ObservationProperties'
2025-07-31 16:26:42.219 [main] DEBUG org.springframework.beans.factory.support.DefaultListableBeanFactory - Autowiring by type from bean name 'metricsHttpServerUriTagFilter' via factory method to bean named 'management.metrics-org.springframework.boot.actuate.autoconfigure.metrics.MetricsProperties'
2025-07-31 16:26:42.226 [main] DEBUG org.springframework.beans.factory.support.DefaultListableBeanFactory - Autowiring by type from bean name 'defaultMeterObservationHandler' via factory method to bean named 'simpleMeterRegistry'
2025-07-31 16:26:42.226 [main] DEBUG org.springframework.beans.factory.support.DefaultListableBeanFactory - Autowiring by type from bean name 'defaultMeterObservationHandler' via factory method to bean named 'management.observations-org.springframework.boot.actuate.autoconfigure.observation.ObservationProperties'
2025-07-31 16:26:42.242 [main] DEBUG org.springframework.beans.factory.support.DefaultListableBeanFactory - Creating shared instance of singleton bean 'methodResultAuthorizationManagerPostProcessor'
2025-07-31 16:26:42.249 [main] DEBUG org.springframework.beans.factory.support.DefaultListableBeanFactory - Creating shared instance of singleton bean 'methodSecurityExpressionHandler'
2025-07-31 16:26:42.254 [main] DEBUG org.springframework.beans.factory.support.DefaultListableBeanFactory - Creating shared instance of singleton bean 'prePostAuthorizeExpressionHintsRegistrar'
2025-07-31 16:26:42.257 [main] DEBUG org.springframework.beans.factory.support.DefaultListableBeanFactory - Creating shared instance of singleton bean 'org.springframework.security.config.annotation.method.configuration.AuthorizationProxyConfiguration'
2025-07-31 16:26:42.257 [main] DEBUG org.springframework.beans.factory.support.DefaultListableBeanFactory - Creating shared instance of singleton bean 'authorizeReturnObjectHintsRegistrar'
2025-07-31 16:26:42.258 [main] DEBUG org.springframework.beans.factory.support.DefaultListableBeanFactory - Autowiring by type from bean name 'authorizeReturnObjectHintsRegistrar' via factory method to bean named 'authorizationProxyFactory'
2025-07-31 16:26:42.262 [main] DEBUG org.springframework.beans.factory.support.DefaultListableBeanFactory - Creating shared instance of singleton bean 'org.springframework.security.config.annotation.method.configuration.MethodObservationConfiguration'
2025-07-31 16:26:42.263 [main] DEBUG org.springframework.beans.factory.support.DefaultListableBeanFactory - Creating shared instance of singleton bean 'securityFilterChain'
2025-07-31 16:26:42.264 [main] DEBUG org.springframework.beans.factory.support.DefaultListableBeanFactory - Creating shared instance of singleton bean 'org.springframework.security.config.annotation.web.configuration.HttpSecurityConfiguration'
2025-07-31 16:26:42.271 [main] DEBUG org.springframework.beans.factory.support.DefaultListableBeanFactory - Creating shared instance of singleton bean 'mvcContentNegotiationManager'
2025-07-31 16:26:42.271 [main] DEBUG org.springframework.beans.factory.support.DefaultListableBeanFactory - Creating shared instance of singleton bean 'org.springframework.boot.autoconfigure.web.servlet.WebMvcAutoConfiguration$EnableWebMvcConfiguration'
2025-07-31 16:26:42.273 [main] DEBUG org.springframework.beans.factory.support.DefaultListableBeanFactory - Creating shared instance of singleton bean 'spring.mvc-org.springframework.boot.autoconfigure.web.servlet.WebMvcProperties'
2025-07-31 16:26:42.281 [main] DEBUG org.springframework.beans.factory.support.DefaultListableBeanFactory - Creating shared instance of singleton bean 'spring.web-org.springframework.boot.autoconfigure.web.WebProperties'
2025-07-31 16:26:42.291 [main] DEBUG org.springframework.beans.factory.support.DefaultListableBeanFactory - Autowiring by type from bean name 'org.springframework.boot.autoconfigure.web.servlet.WebMvcAutoConfiguration$EnableWebMvcConfiguration' via constructor to bean named 'spring.mvc-org.springframework.boot.autoconfigure.web.servlet.WebMvcProperties'
2025-07-31 16:26:42.292 [main] DEBUG org.springframework.beans.factory.support.DefaultListableBeanFactory - Autowiring by type from bean name 'org.springframework.boot.autoconfigure.web.servlet.WebMvcAutoConfiguration$EnableWebMvcConfiguration' via constructor to bean named 'spring.web-org.springframework.boot.autoconfigure.web.WebProperties'
2025-07-31 16:26:42.292 [main] DEBUG org.springframework.beans.factory.support.DefaultListableBeanFactory - Autowiring by type from bean name 'org.springframework.boot.autoconfigure.web.servlet.WebMvcAutoConfiguration$EnableWebMvcConfiguration' via constructor to bean named 'org.springframework.beans.factory.support.DefaultListableBeanFactory@4ac86d6a'
2025-07-31 16:26:42.309 [main] DEBUG org.springframework.beans.factory.support.DefaultListableBeanFactory - Creating shared instance of singleton bean 'org.springframework.boot.autoconfigure.web.servlet.WebMvcAutoConfiguration$WebMvcAutoConfigurationAdapter'
2025-07-31 16:26:42.309 [main] DEBUG org.springframework.beans.factory.support.DefaultListableBeanFactory - Autowiring by type from bean name 'org.springframework.boot.autoconfigure.web.servlet.WebMvcAutoConfiguration$WebMvcAutoConfigurationAdapter' via constructor to bean named 'spring.web-org.springframework.boot.autoconfigure.web.WebProperties'
2025-07-31 16:26:42.309 [main] DEBUG org.springframework.beans.factory.support.DefaultListableBeanFactory - Autowiring by type from bean name 'org.springframework.boot.autoconfigure.web.servlet.WebMvcAutoConfiguration$WebMvcAutoConfigurationAdapter' via constructor to bean named 'spring.mvc-org.springframework.boot.autoconfigure.web.servlet.WebMvcProperties'
2025-07-31 16:26:42.310 [main] DEBUG org.springframework.beans.factory.support.DefaultListableBeanFactory - Autowiring by type from bean name 'org.springframework.boot.autoconfigure.web.servlet.WebMvcAutoConfiguration$WebMvcAutoConfigurationAdapter' via constructor to bean named 'org.springframework.beans.factory.support.DefaultListableBeanFactory@4ac86d6a'
2025-07-31 16:26:42.310 [main] DEBUG org.springframework.beans.factory.support.DefaultListableBeanFactory - Creating shared instance of singleton bean 'resourceHandlerRegistrationCustomizer'
2025-07-31 16:26:42.311 [main] DEBUG org.springframework.beans.factory.support.DefaultListableBeanFactory - Creating shared instance of singleton bean 'org.springframework.boot.autoconfigure.web.servlet.WebMvcAutoConfiguration$ResourceChainCustomizerConfiguration'
2025-07-31 16:26:42.313 [main] DEBUG org.springframework.beans.factory.support.DefaultListableBeanFactory - Autowiring by type from bean name 'resourceHandlerRegistrationCustomizer' via factory method to bean named 'spring.web-org.springframework.boot.autoconfigure.web.WebProperties'
2025-07-31 16:26:42.320 [main] DEBUG org.springframework.beans.factory.support.DefaultListableBeanFactory - Creating shared instance of singleton bean 'swaggerWebMvcConfigurer'
2025-07-31 16:26:42.320 [main] DEBUG org.springframework.beans.factory.support.DefaultListableBeanFactory - Creating shared instance of singleton bean 'org.springdoc.webmvc.ui.SwaggerConfig'
2025-07-31 16:26:42.324 [main] DEBUG org.springframework.beans.factory.support.DefaultListableBeanFactory - Creating shared instance of singleton bean 'org.springdoc.core.properties.SwaggerUiConfigProperties'
2025-07-31 16:26:42.336 [main] DEBUG org.springframework.beans.factory.support.DefaultListableBeanFactory - Creating shared instance of singleton bean 'indexPageTransformer'
2025-07-31 16:26:42.337 [main] DEBUG org.springframework.beans.factory.support.DefaultListableBeanFactory - Creating shared instance of singleton bean 'org.springdoc.core.properties.SwaggerUiOAuthProperties'
2025-07-31 16:26:42.341 [main] DEBUG org.springframework.beans.factory.support.DefaultListableBeanFactory - Creating shared instance of singleton bean 'swaggerWelcome'
2025-07-31 16:26:42.342 [main] DEBUG org.springframework.beans.factory.support.DefaultListableBeanFactory - Creating shared instance of singleton bean 'org.springdoc.core.properties.SpringDocConfigProperties'
2025-07-31 16:26:42.351 [main] DEBUG org.springframework.beans.factory.support.DefaultListableBeanFactory - Creating shared instance of singleton bean 'springWebProvider'
2025-07-31 16:26:42.351 [main] DEBUG org.springframework.beans.factory.support.DefaultListableBeanFactory - Creating shared instance of singleton bean 'org.springdoc.webmvc.core.configuration.SpringDocWebMvcConfiguration'
2025-07-31 16:26:42.370 [main] DEBUG org.springframework.beans.factory.support.DefaultListableBeanFactory - Autowiring by type from bean name 'swaggerWelcome' via factory method to bean named 'org.springdoc.core.properties.SwaggerUiConfigProperties'
2025-07-31 16:26:42.370 [main] DEBUG org.springframework.beans.factory.support.DefaultListableBeanFactory - Autowiring by type from bean name 'swaggerWelcome' via factory method to bean named 'org.springdoc.core.properties.SpringDocConfigProperties'
2025-07-31 16:26:42.371 [main] DEBUG org.springframework.beans.factory.support.DefaultListableBeanFactory - Autowiring by type from bean name 'swaggerWelcome' via factory method to bean named 'springWebProvider'
2025-07-31 16:26:42.386 [main] DEBUG org.springframework.beans.factory.support.DefaultListableBeanFactory - Creating shared instance of singleton bean 'springdocObjectMapperProvider'
2025-07-31 16:26:42.386 [main] DEBUG org.springframework.beans.factory.support.DefaultListableBeanFactory - Creating shared instance of singleton bean 'org.springdoc.core.configuration.SpringDocConfiguration'
2025-07-31 16:26:42.395 [main] DEBUG org.springframework.beans.factory.support.DefaultListableBeanFactory - Autowiring by type from bean name 'springdocObjectMapperProvider' via factory method to bean named 'org.springdoc.core.properties.SpringDocConfigProperties'
2025-07-31 16:26:42.482 [main] DEBUG org.springframework.beans.factory.support.DefaultListableBeanFactory - Autowiring by type from bean name 'indexPageTransformer' via factory method to bean named 'org.springdoc.core.properties.SwaggerUiConfigProperties'
2025-07-31 16:26:42.482 [main] DEBUG org.springframework.beans.factory.support.DefaultListableBeanFactory - Autowiring by type from bean name 'indexPageTransformer' via factory method to bean named 'org.springdoc.core.properties.SwaggerUiOAuthProperties'
2025-07-31 16:26:42.482 [main] DEBUG org.springframework.beans.factory.support.DefaultListableBeanFactory - Autowiring by type from bean name 'indexPageTransformer' via factory method to bean named 'swaggerWelcome'
2025-07-31 16:26:42.482 [main] DEBUG org.springframework.beans.factory.support.DefaultListableBeanFactory - Autowiring by type from bean name 'indexPageTransformer' via factory method to bean named 'springdocObjectMapperProvider'
2025-07-31 16:26:42.492 [main] DEBUG org.springframework.beans.factory.support.DefaultListableBeanFactory - Creating shared instance of singleton bean 'swaggerResourceResolver'
2025-07-31 16:26:42.492 [main] DEBUG org.springframework.beans.factory.support.DefaultListableBeanFactory - Autowiring by type from bean name 'swaggerResourceResolver' via factory method to bean named 'org.springdoc.core.properties.SwaggerUiConfigProperties'
2025-07-31 16:26:42.503 [main] DEBUG org.springframework.beans.factory.support.DefaultListableBeanFactory - Autowiring by type from bean name 'swaggerWebMvcConfigurer' via factory method to bean named 'org.springdoc.core.properties.SwaggerUiConfigProperties'
2025-07-31 16:26:42.504 [main] DEBUG org.springframework.beans.factory.support.DefaultListableBeanFactory - Autowiring by type from bean name 'swaggerWebMvcConfigurer' via factory method to bean named 'indexPageTransformer'
2025-07-31 16:26:42.504 [main] DEBUG org.springframework.beans.factory.support.DefaultListableBeanFactory - Autowiring by type from bean name 'swaggerWebMvcConfigurer' via factory method to bean named 'swaggerResourceResolver'
2025-07-31 16:26:42.507 [main] DEBUG org.springframework.beans.factory.support.DefaultListableBeanFactory - Creating shared instance of singleton bean 'openEntityManagerInViewInterceptorConfigurer'
2025-07-31 16:26:42.507 [main] DEBUG org.springframework.beans.factory.support.DefaultListableBeanFactory - Creating shared instance of singleton bean 'org.springframework.boot.autoconfigure.orm.jpa.JpaBaseConfiguration$JpaWebConfiguration'
2025-07-31 16:26:42.509 [main] DEBUG org.springframework.beans.factory.support.DefaultListableBeanFactory - Autowiring by type from bean name 'org.springframework.boot.autoconfigure.orm.jpa.JpaBaseConfiguration$JpaWebConfiguration' via constructor to bean named 'spring.jpa-org.springframework.boot.autoconfigure.orm.jpa.JpaProperties'
2025-07-31 16:26:42.512 [main] DEBUG org.springframework.beans.factory.support.DefaultListableBeanFactory - Creating shared instance of singleton bean 'openEntityManagerInViewInterceptor'
2025-07-31 16:26:42.512 [main] WARN  org.springframework.boot.autoconfigure.orm.jpa.JpaBaseConfiguration$JpaWebConfiguration - spring.jpa.open-in-view is enabled by default. Therefore, database queries may be performed during view rendering. Explicitly configure spring.jpa.open-in-view to disable this warning
2025-07-31 16:26:42.523 [main] DEBUG org.springframework.beans.factory.support.DefaultListableBeanFactory - Autowiring by type from bean name 'openEntityManagerInViewInterceptorConfigurer' via factory method to bean named 'openEntityManagerInViewInterceptor'
2025-07-31 16:26:42.526 [main] DEBUG org.springframework.beans.factory.support.DefaultListableBeanFactory - Creating shared instance of singleton bean 'org.springframework.data.web.config.SpringDataWebConfiguration'
2025-07-31 16:26:42.527 [main] DEBUG org.springframework.beans.factory.support.DefaultListableBeanFactory - Autowiring by type from bean name 'org.springframework.data.web.config.SpringDataWebConfiguration' via constructor to bean named 'org.springframework.web.context.support.GenericWebApplicationContext@7942a854'
2025-07-31 16:26:42.530 [main] DEBUG org.springframework.beans.factory.support.DefaultListableBeanFactory - Creating shared instance of singleton bean 'org.springframework.security.config.annotation.web.configuration.WebMvcSecurityConfiguration'
2025-07-31 16:26:42.532 [main] DEBUG org.springframework.beans.factory.support.DefaultListableBeanFactory - Creating shared instance of singleton bean 'endpointObjectMapperWebMvcConfigurer'
2025-07-31 16:26:42.533 [main] DEBUG org.springframework.beans.factory.support.DefaultListableBeanFactory - Creating shared instance of singleton bean 'endpointObjectMapper'
2025-07-31 16:26:42.533 [main] DEBUG org.springframework.beans.factory.support.DefaultListableBeanFactory - Creating shared instance of singleton bean 'org.springframework.boot.actuate.autoconfigure.endpoint.jackson.JacksonEndpointAutoConfiguration'
2025-07-31 16:26:42.541 [main] DEBUG org.springframework.beans.factory.support.DefaultListableBeanFactory - Autowiring by type from bean name 'endpointObjectMapperWebMvcConfigurer' via factory method to bean named 'endpointObjectMapper'
2025-07-31 16:26:42.765 [main] DEBUG org.springframework.beans.factory.support.DefaultListableBeanFactory - Autowiring by type from bean name 'securityFilterChain' via factory method to bean named 'org.springframework.security.config.annotation.web.configuration.HttpSecurityConfiguration.httpSecurity'
2025-07-31 16:26:42.766 [main] DEBUG org.springframework.beans.factory.support.DefaultListableBeanFactory - Creating shared instance of singleton bean 'corsConfigurationSource'
2025-07-31 16:26:42.811 [main] DEBUG org.springframework.beans.factory.support.DefaultListableBeanFactory - Creating shared instance of singleton bean 'webAuthorizationManagerPostProcessor'
2025-07-31 16:26:42.816 [main] DEBUG org.springframework.beans.factory.support.DefaultListableBeanFactory - Creating shared instance of singleton bean 'mvcHandlerMappingIntrospector'
2025-07-31 16:26:42.825 [main] DEBUG org.springframework.beans.factory.support.DefaultListableBeanFactory - Creating shared instance of singleton bean 'welcomePageHandlerMapping'
2025-07-31 16:26:42.826 [main] DEBUG org.springframework.beans.factory.support.DefaultListableBeanFactory - Creating shared instance of singleton bean 'mvcConversionService'
2025-07-31 16:26:42.851 [main] DEBUG org.springframework.beans.factory.support.DefaultListableBeanFactory - Creating shared instance of singleton bean 'mvcResourceUrlProvider'
2025-07-31 16:26:42.855 [main] DEBUG org.springframework.beans.factory.support.DefaultListableBeanFactory - Autowiring by type from bean name 'welcomePageHandlerMapping' via factory method to bean named 'org.springframework.web.context.support.GenericWebApplicationContext@7942a854'
2025-07-31 16:26:42.855 [main] DEBUG org.springframework.beans.factory.support.DefaultListableBeanFactory - Autowiring by type from bean name 'welcomePageHandlerMapping' via factory method to bean named 'mvcConversionService'
2025-07-31 16:26:42.856 [main] DEBUG org.springframework.beans.factory.support.DefaultListableBeanFactory - Autowiring by type from bean name 'welcomePageHandlerMapping' via factory method to bean named 'mvcResourceUrlProvider'
2025-07-31 16:26:42.909 [main] DEBUG org.springframework.beans.factory.support.DefaultListableBeanFactory - Creating shared instance of singleton bean 'welcomePageNotAcceptableHandlerMapping'
2025-07-31 16:26:42.909 [main] DEBUG org.springframework.beans.factory.support.DefaultListableBeanFactory - Autowiring by type from bean name 'welcomePageNotAcceptableHandlerMapping' via factory method to bean named 'org.springframework.web.context.support.GenericWebApplicationContext@7942a854'
2025-07-31 16:26:42.909 [main] DEBUG org.springframework.beans.factory.support.DefaultListableBeanFactory - Autowiring by type from bean name 'welcomePageNotAcceptableHandlerMapping' via factory method to bean named 'mvcConversionService'
2025-07-31 16:26:42.909 [main] DEBUG org.springframework.beans.factory.support.DefaultListableBeanFactory - Autowiring by type from bean name 'welcomePageNotAcceptableHandlerMapping' via factory method to bean named 'mvcResourceUrlProvider'
2025-07-31 16:26:42.930 [main] DEBUG org.springframework.beans.factory.support.DefaultListableBeanFactory - Creating shared instance of singleton bean 'requestMappingHandlerMapping'
2025-07-31 16:26:42.931 [main] DEBUG org.springframework.beans.factory.support.DefaultListableBeanFactory - Autowiring by type from bean name 'requestMappingHandlerMapping' via factory method to bean named 'mvcContentNegotiationManager'
2025-07-31 16:26:42.931 [main] DEBUG org.springframework.beans.factory.support.DefaultListableBeanFactory - Autowiring by type from bean name 'requestMappingHandlerMapping' via factory method to bean named 'mvcConversionService'
2025-07-31 16:26:42.931 [main] DEBUG org.springframework.beans.factory.support.DefaultListableBeanFactory - Autowiring by type from bean name 'requestMappingHandlerMapping' via factory method to bean named 'mvcResourceUrlProvider'
2025-07-31 16:26:42.978 [main] DEBUG _org.springframework.web.servlet.HandlerMapping.Mappings - 
	c.e.t.c.AthleteController:
	{GET [/athlete/{id}]}: getAthleteById(Long,Authentication)
	{GET [/athlete]}: getAllAthlete(String,String,Gender,LocalDate,Set,Boolean,Boolean,Pageable)
	{DELETE [/athlete/{id}]}: deleteAthleteById(Long,Authentication)
	{PATCH [/athlete/{id}]}: updateAthleteById(AthleteUpdateRequestDto,Authentication,Long)
2025-07-31 16:26:42.985 [main] DEBUG _org.springframework.web.servlet.HandlerMapping.Mappings - 
	c.e.t.c.AuthenticationController:
	{POST [/auth/login]}: loginAthlete(UserLoginRequestDto)
	{POST [/auth/register/athlete]}: registerAthlete(AthleteRegistrationRequestDto)
	{POST [/auth/register/trainer]}: registerTrainer(TrainerRegistrationRequestDto)
	{POST [/auth/register/gym_owner]}: registerGymOwner(GymOwnerRegistrationRequestDto)
2025-07-31 16:26:42.989 [main] DEBUG _org.springframework.web.servlet.HandlerMapping.Mappings - 
	c.e.t.c.BaseUserController:
	{POST [/users/photo]}: uploadPhoto(Authentication,MultipartFile)
2025-07-31 16:26:42.992 [main] DEBUG _org.springframework.web.servlet.HandlerMapping.Mappings - 
	c.e.t.c.ChatController:
	{POST [/chat/ask]}: askAi(ChatRequestDto)
	{GET [/chat/history]}: getChatHistory()
	{POST [/chat/clear-history]}: clearChatHistory()
2025-07-31 16:26:42.994 [main] DEBUG _org.springframework.web.servlet.HandlerMapping.Mappings - 
	c.e.t.c.EventController:
	{POST [/event/trainer]}: createEventByTrainer(EventRegistrationRequestDto,Authentication)
	{POST [/event/gym/{gymId}]}: createEventByGymOwner(Long,EventRegistrationRequestDto,Authentication)
	{GET [/event]}: getAllEvents(Long,String,Long,LocalDate,Long,Long,Pageable)
	{PATCH [/event/{id}]}: updateEvent(Long,EventUpdateRequestDto,Authentication)
	{DELETE [/event/{id}]}: deleteEvent(Long,Authentication)
2025-07-31 16:26:42.996 [main] DEBUG _org.springframework.web.servlet.HandlerMapping.Mappings - 
	c.e.t.c.GymController:
	{GET [/gym]}: getAllGyms(String,String,String,String,String,String,Set,Set,Float,Pageable)
	{GET [/gym/{id}]}: getGymById(Long)
	{DELETE [/gym/{id}]}: deleteGymById(Long,Authentication)
	{PATCH [/gym/{id}]}: updateGym(Long,GymUpdateRequestDto,Authentication)
	{POST [/gym/{id}/photos]}: uploadGymPhoto(Long,MultipartFile,Authentication)
	{POST [/gym]}: createGym(GymRegistrationRequestDto)
	{GET [/gym/my]}: getGymsByGymsOwnerId(Pageable,Authentication)
2025-07-31 16:26:42.997 [main] DEBUG _org.springframework.web.servlet.HandlerMapping.Mappings - 
	c.e.t.c.ReviewController:
	{POST [/review/gym/{gymId}]}: createGymReview(Long,ReviewRegistrationRequestDto,Authentication)
	{POST [/review/trainer/{trainerId}]}: createTrainerReview(Long,ReviewRegistrationRequestDto,Authentication)
	{GET [/review]}: getAllReview(Long,Integer,Long,Long,Long,Pageable)
	{DELETE [/review/{id}]}: deleteReviewById(Long)
2025-07-31 16:26:42.998 [main] DEBUG _org.springframework.web.servlet.HandlerMapping.Mappings - 
	c.e.t.c.SportController:
	{GET [/sport]}: getAllSports(Long,String,Pageable)
	{POST [/sport]}: createSport(SportRequestDto)
	{PATCH [/sport/{id}]}: updateSport(Long,SportRequestDto)
	{DELETE [/sport/{id}]}: deleteSport(Long)
2025-07-31 16:26:43.000 [main] DEBUG _org.springframework.web.servlet.HandlerMapping.Mappings - 
	c.e.t.c.TrainerController:
	{GET [/trainer]}: getAllTrainers(String,String,Gender,Set,Set,String,String,String,String,String,Boolean,Pageable)
	{GET [/trainer/{id}]}: getTrainerById(Long)
	{DELETE [/trainer/{id}]}: deleteTrainerById(Long,Authentication)
	{GET [/trainer/my]}: getCurrentTrainer(Authentication)
	{PATCH [/trainer/{id}]}: updateTrainerById(TrainerUpdateRequestDto,Long,Authentication)
2025-07-31 16:26:43.005 [main] DEBUG _org.springframework.web.servlet.HandlerMapping.Mappings - 
	o.s.b.a.w.s.e.BasicErrorController:
	{ [/error]}: error(HttpServletRequest)
	{ [/error], produces [text/html]}: errorHtml(HttpServletRequest,HttpServletResponse)
2025-07-31 16:26:43.024 [main] DEBUG org.springframework.core.env.PropertySourcesPropertyResolver - Found key 'springdoc.api-docs.path' in PropertySource 'environmentProperties' with value of type String
2025-07-31 16:26:43.025 [main] DEBUG org.springframework.core.env.PropertySourcesPropertyResolver - Found key 'springdoc.api-docs.path' in PropertySource 'environmentProperties' with value of type String
2025-07-31 16:26:43.025 [main] DEBUG org.springframework.core.env.PropertySourcesPropertyResolver - Found key 'springdoc.api-docs.path' in PropertySource 'environmentProperties' with value of type String
2025-07-31 16:26:43.026 [main] DEBUG org.springframework.core.env.PropertySourcesPropertyResolver - Found key 'springdoc.api-docs.path' in PropertySource 'environmentProperties' with value of type String
2025-07-31 16:26:43.027 [main] DEBUG _org.springframework.web.servlet.HandlerMapping.Mappings - 
	o.s.w.a.OpenApiWebMvcResource:
	{GET [/v3/api-docs], produces [application/json]}: openapiJson(HttpServletRequest,String,Locale)
	{GET [/v3/api-docs.yaml], produces [application/vnd.oai.openapi]}: openapiYaml(HttpServletRequest,String,Locale)
2025-07-31 16:26:43.028 [main] DEBUG org.springframework.core.env.PropertySourcesPropertyResolver - Found key 'springdoc.swagger-ui.path' in PropertySource 'environmentProperties' with value of type String
2025-07-31 16:26:43.029 [main] DEBUG org.springframework.core.env.PropertySourcesPropertyResolver - Found key 'springdoc.swagger-ui.path' in PropertySource 'environmentProperties' with value of type String
2025-07-31 16:26:43.029 [main] DEBUG _org.springframework.web.servlet.HandlerMapping.Mappings - 
	o.s.w.u.SwaggerWelcomeWebMvc:
	{GET [/swagger-ui.html]}: redirectToUi(HttpServletRequest)
2025-07-31 16:26:43.030 [main] DEBUG org.springframework.core.env.PropertySourcesPropertyResolver - Found key 'springdoc.api-docs.path' in PropertySource 'environmentProperties' with value of type String
2025-07-31 16:26:43.030 [main] DEBUG _org.springframework.web.servlet.HandlerMapping.Mappings - 
	o.s.w.u.SwaggerConfigResource:
	{GET [/v3/api-docs/swagger-config], produces [application/json]}: openapiJson(HttpServletRequest)
2025-07-31 16:26:43.033 [main] DEBUG org.springframework.web.servlet.mvc.method.annotation.RequestMappingHandlerMapping - 43 mappings in 'requestMappingHandlerMapping'
2025-07-31 16:26:43.046 [main] DEBUG org.springframework.beans.factory.support.DefaultListableBeanFactory - Creating shared instance of singleton bean 'viewControllerHandlerMapping'
2025-07-31 16:26:43.047 [main] DEBUG org.springframework.beans.factory.support.DefaultListableBeanFactory - Autowiring by type from bean name 'viewControllerHandlerMapping' via factory method to bean named 'mvcConversionService'
2025-07-31 16:26:43.047 [main] DEBUG org.springframework.beans.factory.support.DefaultListableBeanFactory - Autowiring by type from bean name 'viewControllerHandlerMapping' via factory method to bean named 'mvcResourceUrlProvider'
2025-07-31 16:26:43.050 [main] DEBUG org.springframework.beans.factory.support.DefaultListableBeanFactory - Creating shared instance of singleton bean 'beanNameHandlerMapping'
2025-07-31 16:26:43.051 [main] DEBUG org.springframework.beans.factory.support.DefaultListableBeanFactory - Autowiring by type from bean name 'beanNameHandlerMapping' via factory method to bean named 'mvcConversionService'
2025-07-31 16:26:43.051 [main] DEBUG org.springframework.beans.factory.support.DefaultListableBeanFactory - Autowiring by type from bean name 'beanNameHandlerMapping' via factory method to bean named 'mvcResourceUrlProvider'
2025-07-31 16:26:43.054 [main] DEBUG _org.springframework.web.servlet.HandlerMapping.Mappings - 'beanNameHandlerMapping' {}
2025-07-31 16:26:43.061 [main] DEBUG org.springframework.beans.factory.support.DefaultListableBeanFactory - Creating shared instance of singleton bean 'routerFunctionMapping'
2025-07-31 16:26:43.061 [main] DEBUG org.springframework.beans.factory.support.DefaultListableBeanFactory - Autowiring by type from bean name 'routerFunctionMapping' via factory method to bean named 'mvcConversionService'
2025-07-31 16:26:43.062 [main] DEBUG org.springframework.beans.factory.support.DefaultListableBeanFactory - Autowiring by type from bean name 'routerFunctionMapping' via factory method to bean named 'mvcResourceUrlProvider'
2025-07-31 16:26:43.063 [main] DEBUG org.springframework.beans.factory.support.DefaultListableBeanFactory - Creating shared instance of singleton bean 'messageConverters'
2025-07-31 16:26:43.063 [main] DEBUG org.springframework.beans.factory.support.DefaultListableBeanFactory - Creating shared instance of singleton bean 'org.springframework.boot.autoconfigure.http.HttpMessageConvertersAutoConfiguration'
2025-07-31 16:26:43.072 [main] DEBUG org.springframework.beans.factory.support.DefaultListableBeanFactory - Creating shared instance of singleton bean 'stringHttpMessageConverter'
2025-07-31 16:26:43.072 [main] DEBUG org.springframework.beans.factory.support.DefaultListableBeanFactory - Creating shared instance of singleton bean 'org.springframework.boot.autoconfigure.http.HttpMessageConvertersAutoConfiguration$StringHttpMessageConverterConfiguration'
2025-07-31 16:26:43.074 [main] DEBUG org.springframework.beans.factory.support.DefaultListableBeanFactory - Autowiring by type from bean name 'stringHttpMessageConverter' via factory method to bean named 'environment'
2025-07-31 16:26:43.095 [main] DEBUG org.springframework.beans.factory.support.DefaultListableBeanFactory - Creating shared instance of singleton bean 'mappingJackson2HttpMessageConverter'
2025-07-31 16:26:43.096 [main] DEBUG org.springframework.beans.factory.support.DefaultListableBeanFactory - Creating shared instance of singleton bean 'org.springframework.boot.autoconfigure.http.JacksonHttpMessageConvertersConfiguration$MappingJackson2HttpMessageConverterConfiguration'
2025-07-31 16:26:43.100 [main] DEBUG org.springframework.beans.factory.support.DefaultListableBeanFactory - Creating shared instance of singleton bean 'jacksonObjectMapper'
2025-07-31 16:26:43.100 [main] DEBUG org.springframework.beans.factory.support.DefaultListableBeanFactory - Creating shared instance of singleton bean 'org.springframework.boot.autoconfigure.jackson.JacksonAutoConfiguration$JacksonObjectMapperConfiguration'
2025-07-31 16:26:43.103 [main] DEBUG org.springframework.beans.factory.support.DefaultListableBeanFactory - Creating shared instance of singleton bean 'org.springframework.boot.autoconfigure.jackson.JacksonAutoConfiguration$JacksonObjectMapperBuilderConfiguration'
2025-07-31 16:26:43.106 [main] DEBUG org.springframework.beans.factory.support.DefaultListableBeanFactory - Creating shared instance of singleton bean 'standardJacksonObjectMapperBuilderCustomizer'
2025-07-31 16:26:43.107 [main] DEBUG org.springframework.beans.factory.support.DefaultListableBeanFactory - Creating shared instance of singleton bean 'org.springframework.boot.autoconfigure.jackson.JacksonAutoConfiguration$Jackson2ObjectMapperBuilderCustomizerConfiguration'
2025-07-31 16:26:43.109 [main] DEBUG org.springframework.beans.factory.support.DefaultListableBeanFactory - Creating shared instance of singleton bean 'spring.jackson-org.springframework.boot.autoconfigure.jackson.JacksonProperties'
2025-07-31 16:26:43.114 [main] DEBUG org.springframework.beans.factory.support.DefaultListableBeanFactory - Autowiring by type from bean name 'standardJacksonObjectMapperBuilderCustomizer' via factory method to bean named 'spring.jackson-org.springframework.boot.autoconfigure.jackson.JacksonProperties'
2025-07-31 16:26:43.115 [main] DEBUG org.springframework.beans.factory.support.DefaultListableBeanFactory - Creating shared instance of singleton bean 'parameterNamesModule'
2025-07-31 16:26:43.116 [main] DEBUG org.springframework.beans.factory.support.DefaultListableBeanFactory - Creating shared instance of singleton bean 'org.springframework.boot.autoconfigure.jackson.JacksonAutoConfiguration$ParameterNamesModuleConfiguration'
2025-07-31 16:26:43.136 [main] DEBUG org.springframework.beans.factory.support.DefaultListableBeanFactory - Creating shared instance of singleton bean 'jsonMixinModule'
2025-07-31 16:26:43.136 [main] DEBUG org.springframework.beans.factory.support.DefaultListableBeanFactory - Creating shared instance of singleton bean 'org.springframework.boot.autoconfigure.jackson.JacksonAutoConfiguration$JacksonMixinConfiguration'
2025-07-31 16:26:43.140 [main] DEBUG org.springframework.beans.factory.support.DefaultListableBeanFactory - Creating shared instance of singleton bean 'jsonMixinModuleEntries'
2025-07-31 16:26:43.140 [main] DEBUG org.springframework.beans.factory.support.DefaultListableBeanFactory - Autowiring by type from bean name 'jsonMixinModuleEntries' via factory method to bean named 'org.springframework.web.context.support.GenericWebApplicationContext@7942a854'
2025-07-31 16:26:43.299 [main] DEBUG org.springframework.beans.factory.support.DefaultListableBeanFactory - Autowiring by type from bean name 'jsonMixinModule' via factory method to bean named 'org.springframework.web.context.support.GenericWebApplicationContext@7942a854'
2025-07-31 16:26:43.299 [main] DEBUG org.springframework.beans.factory.support.DefaultListableBeanFactory - Autowiring by type from bean name 'jsonMixinModule' via factory method to bean named 'jsonMixinModuleEntries'
2025-07-31 16:26:43.302 [main] DEBUG org.springframework.beans.factory.support.DefaultListableBeanFactory - Creating shared instance of singleton bean 'jsonComponentModule'
2025-07-31 16:26:43.302 [main] DEBUG org.springframework.beans.factory.support.DefaultListableBeanFactory - Creating shared instance of singleton bean 'org.springframework.boot.autoconfigure.jackson.JacksonAutoConfiguration'
2025-07-31 16:26:43.312 [main] DEBUG org.springframework.beans.factory.support.DefaultListableBeanFactory - Creating shared instance of singleton bean 'jacksonGeoModule'
2025-07-31 16:26:43.312 [main] DEBUG org.springframework.beans.factory.support.DefaultListableBeanFactory - Creating shared instance of singleton bean 'org.springframework.data.web.config.SpringDataJacksonConfiguration'
2025-07-31 16:26:43.313 [main] DEBUG org.springframework.beans.factory.support.DefaultListableBeanFactory - Creating shared instance of singleton bean 'springDataWebSettings'
2025-07-31 16:26:43.313 [main] DEBUG org.springframework.beans.factory.support.DefaultListableBeanFactory - Creating shared instance of singleton bean 'org.springframework.boot.autoconfigure.data.web.SpringDataWebAutoConfiguration'
2025-07-31 16:26:43.314 [main] DEBUG org.springframework.beans.factory.support.DefaultListableBeanFactory - Creating shared instance of singleton bean 'spring.data.web-org.springframework.boot.autoconfigure.data.web.SpringDataWebProperties'
2025-07-31 16:26:43.317 [main] DEBUG org.springframework.beans.factory.support.DefaultListableBeanFactory - Autowiring by type from bean name 'org.springframework.boot.autoconfigure.data.web.SpringDataWebAutoConfiguration' via constructor to bean named 'spring.data.web-org.springframework.boot.autoconfigure.data.web.SpringDataWebProperties'
2025-07-31 16:26:43.337 [main] DEBUG org.springframework.beans.factory.support.DefaultListableBeanFactory - Creating shared instance of singleton bean 'pageModule'
2025-07-31 16:26:43.347 [main] DEBUG org.springframework.beans.factory.support.DefaultListableBeanFactory - Autowiring by type from bean name 'jacksonObjectMapperBuilder' via factory method to bean named 'org.springframework.web.context.support.GenericWebApplicationContext@7942a854'
2025-07-31 16:26:43.348 [main] DEBUG org.springframework.beans.factory.support.DefaultListableBeanFactory - Autowiring by type from bean name 'jacksonObjectMapperBuilder' via factory method to bean named 'standardJacksonObjectMapperBuilderCustomizer'
2025-07-31 16:26:43.354 [main] DEBUG org.springframework.beans.factory.support.DefaultListableBeanFactory - Autowiring by type from bean name 'jacksonObjectMapper' via factory method to bean named 'jacksonObjectMapperBuilder'
2025-07-31 16:26:43.413 [main] DEBUG org.springframework.beans.factory.support.DefaultListableBeanFactory - Autowiring by type from bean name 'mappingJackson2HttpMessageConverter' via factory method to bean named 'jacksonObjectMapper'
2025-07-31 16:26:43.594 [main] DEBUG org.springframework.beans.factory.support.DefaultListableBeanFactory - Creating shared instance of singleton bean 'resourceHandlerMapping'
2025-07-31 16:26:43.594 [main] DEBUG org.springframework.beans.factory.support.DefaultListableBeanFactory - Autowiring by type from bean name 'resourceHandlerMapping' via factory method to bean named 'mvcContentNegotiationManager'
2025-07-31 16:26:43.594 [main] DEBUG org.springframework.beans.factory.support.DefaultListableBeanFactory - Autowiring by type from bean name 'resourceHandlerMapping' via factory method to bean named 'mvcConversionService'
2025-07-31 16:26:43.595 [main] DEBUG org.springframework.beans.factory.support.DefaultListableBeanFactory - Autowiring by type from bean name 'resourceHandlerMapping' via factory method to bean named 'mvcResourceUrlProvider'
2025-07-31 16:26:43.635 [main] DEBUG _org.springframework.web.servlet.HandlerMapping.Mappings - 'resourceHandlerMapping' {/webjars/**=ResourceHttpRequestHandler [classpath [META-INF/resources/webjars/]], /**=ResourceHttpRequestHandler [classpath [META-INF/resources/], classpath [resources/], classpath [static/], classpath [public/], ServletContext [/]], /swagger-ui*/*swagger-initializer.js=ResourceHttpRequestHandler [classpath [META-INF/resources/webjars/]], /swagger-ui*/**=ResourceHttpRequestHandler [classpath [META-INF/resources/webjars/]]}
2025-07-31 16:26:43.638 [main] DEBUG org.springframework.beans.factory.support.DefaultListableBeanFactory - Creating shared instance of singleton bean 'defaultServletHandlerMapping'
2025-07-31 16:26:43.639 [main] DEBUG org.springframework.beans.factory.support.DefaultListableBeanFactory - Creating shared instance of singleton bean 'healthEndpointWebMvcHandlerMapping'
2025-07-31 16:26:43.639 [main] DEBUG org.springframework.beans.factory.support.DefaultListableBeanFactory - Creating shared instance of singleton bean 'org.springframework.boot.actuate.autoconfigure.health.HealthEndpointWebExtensionConfiguration$MvcAdditionalHealthEndpointPathsConfiguration'
2025-07-31 16:26:43.642 [main] DEBUG org.springframework.beans.factory.support.DefaultListableBeanFactory - Creating shared instance of singleton bean 'webEndpointDiscoverer'
2025-07-31 16:26:43.642 [main] DEBUG org.springframework.beans.factory.support.DefaultListableBeanFactory - Creating shared instance of singleton bean 'org.springframework.boot.actuate.autoconfigure.endpoint.web.WebEndpointAutoConfiguration'
2025-07-31 16:26:43.643 [main] DEBUG org.springframework.beans.factory.support.DefaultListableBeanFactory - Creating shared instance of singleton bean 'management.endpoints.web-org.springframework.boot.actuate.autoconfigure.endpoint.web.WebEndpointProperties'
2025-07-31 16:26:43.646 [main] DEBUG org.springframework.beans.factory.support.DefaultListableBeanFactory - Autowiring by type from bean name 'org.springframework.boot.actuate.autoconfigure.endpoint.web.WebEndpointAutoConfiguration' via constructor to bean named 'org.springframework.web.context.support.GenericWebApplicationContext@7942a854'
2025-07-31 16:26:43.646 [main] DEBUG org.springframework.beans.factory.support.DefaultListableBeanFactory - Autowiring by type from bean name 'org.springframework.boot.actuate.autoconfigure.endpoint.web.WebEndpointAutoConfiguration' via constructor to bean named 'management.endpoints.web-org.springframework.boot.actuate.autoconfigure.endpoint.web.WebEndpointProperties'
2025-07-31 16:26:43.649 [main] DEBUG org.springframework.beans.factory.support.DefaultListableBeanFactory - Creating shared instance of singleton bean 'endpointOperationParameterMapper'
2025-07-31 16:26:43.650 [main] DEBUG org.springframework.beans.factory.support.DefaultListableBeanFactory - Creating shared instance of singleton bean 'org.springframework.boot.actuate.autoconfigure.endpoint.EndpointAutoConfiguration'
2025-07-31 16:26:43.661 [main] DEBUG org.springframework.beans.factory.support.DefaultListableBeanFactory - Creating shared instance of singleton bean 'endpointMediaTypes'
2025-07-31 16:26:43.665 [main] DEBUG org.springframework.beans.factory.support.DefaultListableBeanFactory - Autowiring by type from bean name 'webEndpointDiscoverer' via factory method to bean named 'endpointOperationParameterMapper'
2025-07-31 16:26:43.666 [main] DEBUG org.springframework.beans.factory.support.DefaultListableBeanFactory - Autowiring by type from bean name 'webEndpointDiscoverer' via factory method to bean named 'endpointMediaTypes'
2025-07-31 16:26:43.669 [main] DEBUG org.springframework.beans.factory.support.DefaultListableBeanFactory - Creating shared instance of singleton bean 'webEndpointPathMapper'
2025-07-31 16:26:43.674 [main] DEBUG org.springframework.beans.factory.support.DefaultListableBeanFactory - Creating shared instance of singleton bean 'healthEndpointGroups'
2025-07-31 16:26:43.675 [main] DEBUG org.springframework.beans.factory.support.DefaultListableBeanFactory - Creating shared instance of singleton bean 'org.springframework.boot.actuate.autoconfigure.health.HealthEndpointConfiguration'
2025-07-31 16:26:43.677 [main] DEBUG org.springframework.beans.factory.support.DefaultListableBeanFactory - Creating shared instance of singleton bean 'management.endpoint.health-org.springframework.boot.actuate.autoconfigure.health.HealthEndpointProperties'
2025-07-31 16:26:43.693 [main] DEBUG org.springframework.beans.factory.support.DefaultListableBeanFactory - Autowiring by type from bean name 'healthEndpointGroups' via factory method to bean named 'org.springframework.web.context.support.GenericWebApplicationContext@7942a854'
2025-07-31 16:26:43.694 [main] DEBUG org.springframework.beans.factory.support.DefaultListableBeanFactory - Autowiring by type from bean name 'healthEndpointGroups' via factory method to bean named 'management.endpoint.health-org.springframework.boot.actuate.autoconfigure.health.HealthEndpointProperties'
2025-07-31 16:26:43.696 [main] DEBUG org.springframework.beans.factory.support.DefaultListableBeanFactory - Creating shared instance of singleton bean 'healthStatusAggregator'
2025-07-31 16:26:43.696 [main] DEBUG org.springframework.beans.factory.support.DefaultListableBeanFactory - Autowiring by type from bean name 'healthStatusAggregator' via factory method to bean named 'management.endpoint.health-org.springframework.boot.actuate.autoconfigure.health.HealthEndpointProperties'
2025-07-31 16:26:43.704 [main] DEBUG org.springframework.beans.factory.support.DefaultListableBeanFactory - Creating shared instance of singleton bean 'healthHttpCodeStatusMapper'
2025-07-31 16:26:43.704 [main] DEBUG org.springframework.beans.factory.support.DefaultListableBeanFactory - Autowiring by type from bean name 'healthHttpCodeStatusMapper' via factory method to bean named 'management.endpoint.health-org.springframework.boot.actuate.autoconfigure.health.HealthEndpointProperties'
2025-07-31 16:26:43.717 [main] DEBUG org.springframework.beans.factory.support.DefaultListableBeanFactory - Creating shared instance of singleton bean 'endpointCachingOperationInvokerAdvisor'
2025-07-31 16:26:43.721 [main] DEBUG org.springframework.beans.factory.support.DefaultListableBeanFactory - Autowiring by type from bean name 'endpointCachingOperationInvokerAdvisor' via factory method to bean named 'environment'
2025-07-31 16:26:43.728 [main] DEBUG org.springframework.beans.factory.support.DefaultListableBeanFactory - Creating shared instance of singleton bean 'webExposeExcludePropertyEndpointFilter'
2025-07-31 16:26:43.730 [main] DEBUG org.springframework.beans.factory.support.DefaultListableBeanFactory - Creating shared instance of singleton bean 'webAccessPropertiesOperationFilter'
2025-07-31 16:26:43.730 [main] DEBUG org.springframework.beans.factory.support.DefaultListableBeanFactory - Creating shared instance of singleton bean 'propertiesEndpointAccessResolver'
2025-07-31 16:26:43.731 [main] DEBUG org.springframework.beans.factory.support.DefaultListableBeanFactory - Autowiring by type from bean name 'propertiesEndpointAccessResolver' via factory method to bean named 'environment'
2025-07-31 16:26:43.733 [main] DEBUG org.springframework.beans.factory.support.DefaultListableBeanFactory - Autowiring by type from bean name 'webAccessPropertiesOperationFilter' via factory method to bean named 'propertiesEndpointAccessResolver'
2025-07-31 16:26:43.758 [main] DEBUG org.springframework.beans.factory.support.DefaultListableBeanFactory - Autowiring by type from bean name 'healthEndpointWebMvcHandlerMapping' via factory method to bean named 'webEndpointDiscoverer'
2025-07-31 16:26:43.758 [main] DEBUG org.springframework.beans.factory.support.DefaultListableBeanFactory - Autowiring by type from bean name 'healthEndpointWebMvcHandlerMapping' via factory method to bean named 'healthEndpointGroups'
2025-07-31 16:26:43.764 [main] DEBUG org.springframework.beans.factory.support.DefaultListableBeanFactory - Creating shared instance of singleton bean 'healthEndpoint'
2025-07-31 16:26:43.765 [main] DEBUG org.springframework.beans.factory.support.DefaultListableBeanFactory - Creating shared instance of singleton bean 'healthContributorRegistry'
2025-07-31 16:26:43.765 [main] DEBUG org.springframework.beans.factory.support.DefaultListableBeanFactory - Creating shared instance of singleton bean 'sslHealthIndicator'
2025-07-31 16:26:43.765 [main] DEBUG org.springframework.beans.factory.support.DefaultListableBeanFactory - Creating shared instance of singleton bean 'org.springframework.boot.actuate.autoconfigure.ssl.SslHealthContributorAutoConfiguration'
2025-07-31 16:26:43.768 [main] DEBUG org.springframework.beans.factory.support.DefaultListableBeanFactory - Creating shared instance of singleton bean 'sslInfo'
2025-07-31 16:26:43.768 [main] DEBUG org.springframework.beans.factory.support.DefaultListableBeanFactory - Creating shared instance of singleton bean 'sslBundleRegistry'
2025-07-31 16:26:43.768 [main] DEBUG org.springframework.beans.factory.support.DefaultListableBeanFactory - Creating shared instance of singleton bean 'org.springframework.boot.autoconfigure.ssl.SslAutoConfiguration'
2025-07-31 16:26:43.769 [main] DEBUG org.springframework.beans.factory.support.DefaultListableBeanFactory - Creating shared instance of singleton bean 'spring.ssl-org.springframework.boot.autoconfigure.ssl.SslProperties'
2025-07-31 16:26:43.774 [main] DEBUG org.springframework.beans.factory.support.DefaultListableBeanFactory - Autowiring by type from bean name 'org.springframework.boot.autoconfigure.ssl.SslAutoConfiguration' via constructor to bean named 'org.springframework.web.context.support.GenericWebApplicationContext@7942a854'
2025-07-31 16:26:43.774 [main] DEBUG org.springframework.beans.factory.support.DefaultListableBeanFactory - Autowiring by type from bean name 'org.springframework.boot.autoconfigure.ssl.SslAutoConfiguration' via constructor to bean named 'spring.ssl-org.springframework.boot.autoconfigure.ssl.SslProperties'
2025-07-31 16:26:43.781 [main] DEBUG org.springframework.beans.factory.support.DefaultListableBeanFactory - Creating shared instance of singleton bean 'sslPropertiesSslBundleRegistrar'
2025-07-31 16:26:43.781 [main] DEBUG org.springframework.beans.factory.support.DefaultListableBeanFactory - Creating shared instance of singleton bean 'fileWatcher'
2025-07-31 16:26:43.786 [main] DEBUG org.springframework.beans.factory.support.DefaultListableBeanFactory - Autowiring by type from bean name 'sslPropertiesSslBundleRegistrar' via factory method to bean named 'fileWatcher'
2025-07-31 16:26:43.803 [main] DEBUG org.springframework.beans.factory.support.DefaultListableBeanFactory - Creating shared instance of singleton bean 'management.health.ssl-org.springframework.boot.actuate.autoconfigure.ssl.SslHealthIndicatorProperties'
2025-07-31 16:26:43.805 [main] DEBUG org.springframework.beans.factory.support.DefaultListableBeanFactory - Autowiring by type from bean name 'sslInfo' via factory method to bean named 'sslBundleRegistry'
2025-07-31 16:26:43.806 [main] DEBUG org.springframework.beans.factory.support.DefaultListableBeanFactory - Autowiring by type from bean name 'sslInfo' via factory method to bean named 'management.health.ssl-org.springframework.boot.actuate.autoconfigure.ssl.SslHealthIndicatorProperties'
2025-07-31 16:26:43.809 [main] DEBUG org.springframework.beans.factory.support.DefaultListableBeanFactory - Autowiring by type from bean name 'sslHealthIndicator' via factory method to bean named 'sslInfo'
2025-07-31 16:26:43.820 [main] DEBUG org.springframework.beans.factory.support.DefaultListableBeanFactory - Creating shared instance of singleton bean 'diskSpaceHealthIndicator'
2025-07-31 16:26:43.820 [main] DEBUG org.springframework.beans.factory.support.DefaultListableBeanFactory - Creating shared instance of singleton bean 'org.springframework.boot.actuate.autoconfigure.system.DiskSpaceHealthContributorAutoConfiguration'
2025-07-31 16:26:43.823 [main] DEBUG org.springframework.beans.factory.support.DefaultListableBeanFactory - Creating shared instance of singleton bean 'management.health.diskspace-org.springframework.boot.actuate.autoconfigure.system.DiskSpaceHealthIndicatorProperties'
2025-07-31 16:26:43.825 [main] DEBUG org.springframework.beans.factory.support.DefaultListableBeanFactory - Autowiring by type from bean name 'diskSpaceHealthIndicator' via factory method to bean named 'management.health.diskspace-org.springframework.boot.actuate.autoconfigure.system.DiskSpaceHealthIndicatorProperties'
2025-07-31 16:26:43.827 [main] DEBUG org.springframework.beans.factory.support.DefaultListableBeanFactory - Creating shared instance of singleton bean 'pingHealthContributor'
2025-07-31 16:26:43.827 [main] DEBUG org.springframework.beans.factory.support.DefaultListableBeanFactory - Creating shared instance of singleton bean 'org.springframework.boot.actuate.autoconfigure.health.HealthContributorAutoConfiguration'
2025-07-31 16:26:43.830 [main] DEBUG org.springframework.beans.factory.support.DefaultListableBeanFactory - Creating shared instance of singleton bean 'dbHealthContributor'
2025-07-31 16:26:43.831 [main] DEBUG org.springframework.beans.factory.support.DefaultListableBeanFactory - Creating shared instance of singleton bean 'org.springframework.boot.actuate.autoconfigure.jdbc.DataSourceHealthContributorAutoConfiguration'
2025-07-31 16:26:43.834 [main] DEBUG org.springframework.beans.factory.support.DefaultListableBeanFactory - Creating shared instance of singleton bean 'management.health.db-org.springframework.boot.actuate.autoconfigure.jdbc.DataSourceHealthIndicatorProperties'
2025-07-31 16:26:43.836 [main] DEBUG org.springframework.beans.factory.support.DefaultListableBeanFactory - Autowiring by type from bean name 'dbHealthContributor' via factory method to bean named 'org.springframework.beans.factory.support.DefaultListableBeanFactory@4ac86d6a'
2025-07-31 16:26:43.836 [main] DEBUG org.springframework.beans.factory.support.DefaultListableBeanFactory - Autowiring by type from bean name 'dbHealthContributor' via factory method to bean named 'management.health.db-org.springframework.boot.actuate.autoconfigure.jdbc.DataSourceHealthIndicatorProperties'
2025-07-31 16:26:43.844 [main] DEBUG org.springframework.beans.factory.support.DefaultListableBeanFactory - Autowiring by type from bean name 'healthContributorRegistry' via factory method to bean named 'org.springframework.web.context.support.GenericWebApplicationContext@7942a854'
2025-07-31 16:26:43.845 [main] DEBUG org.springframework.beans.factory.support.DefaultListableBeanFactory - Autowiring by type from bean name 'healthContributorRegistry' via factory method to bean named 'healthEndpointGroups'
2025-07-31 16:26:43.845 [main] DEBUG org.springframework.beans.factory.support.DefaultListableBeanFactory - Autowiring by type from bean name 'healthContributorRegistry' via factory method to bean named 'sslHealthIndicator'
2025-07-31 16:26:43.845 [main] DEBUG org.springframework.beans.factory.support.DefaultListableBeanFactory - Autowiring by type from bean name 'healthContributorRegistry' via factory method to bean named 'diskSpaceHealthIndicator'
2025-07-31 16:26:43.845 [main] DEBUG org.springframework.beans.factory.support.DefaultListableBeanFactory - Autowiring by type from bean name 'healthContributorRegistry' via factory method to bean named 'pingHealthContributor'
2025-07-31 16:26:43.845 [main] DEBUG org.springframework.beans.factory.support.DefaultListableBeanFactory - Autowiring by type from bean name 'healthContributorRegistry' via factory method to bean named 'dbHealthContributor'
2025-07-31 16:26:43.860 [main] DEBUG org.springframework.beans.factory.support.DefaultListableBeanFactory - Autowiring by type from bean name 'healthEndpoint' via factory method to bean named 'healthContributorRegistry'
2025-07-31 16:26:43.860 [main] DEBUG org.springframework.beans.factory.support.DefaultListableBeanFactory - Autowiring by type from bean name 'healthEndpoint' via factory method to bean named 'healthEndpointGroups'
2025-07-31 16:26:43.861 [main] DEBUG org.springframework.beans.factory.support.DefaultListableBeanFactory - Autowiring by type from bean name 'healthEndpoint' via factory method to bean named 'management.endpoint.health-org.springframework.boot.actuate.autoconfigure.health.HealthEndpointProperties'
2025-07-31 16:26:43.903 [main] DEBUG org.springframework.beans.factory.support.DefaultListableBeanFactory - Creating shared instance of singleton bean 'healthEndpointWebExtension'
2025-07-31 16:26:43.904 [main] DEBUG org.springframework.beans.factory.support.DefaultListableBeanFactory - Creating shared instance of singleton bean 'org.springframework.boot.actuate.autoconfigure.health.HealthEndpointWebExtensionConfiguration'
2025-07-31 16:26:43.906 [main] DEBUG org.springframework.beans.factory.support.DefaultListableBeanFactory - Autowiring by type from bean name 'healthEndpointWebExtension' via factory method to bean named 'healthContributorRegistry'
2025-07-31 16:26:43.907 [main] DEBUG org.springframework.beans.factory.support.DefaultListableBeanFactory - Autowiring by type from bean name 'healthEndpointWebExtension' via factory method to bean named 'healthEndpointGroups'
2025-07-31 16:26:43.907 [main] DEBUG org.springframework.beans.factory.support.DefaultListableBeanFactory - Autowiring by type from bean name 'healthEndpointWebExtension' via factory method to bean named 'management.endpoint.health-org.springframework.boot.actuate.autoconfigure.health.HealthEndpointProperties'
2025-07-31 16:26:43.928 [main] DEBUG org.springframework.beans.factory.support.DefaultListableBeanFactory - Creating shared instance of singleton bean 'webEndpointServletHandlerMapping'
2025-07-31 16:26:43.928 [main] DEBUG org.springframework.beans.factory.support.DefaultListableBeanFactory - Creating shared instance of singleton bean 'org.springframework.boot.actuate.autoconfigure.endpoint.web.servlet.WebMvcEndpointManagementContextConfiguration'
2025-07-31 16:26:43.931 [main] DEBUG org.springframework.beans.factory.support.DefaultListableBeanFactory - Creating shared instance of singleton bean 'servletEndpointDiscoverer'
2025-07-31 16:26:43.931 [main] DEBUG org.springframework.beans.factory.support.DefaultListableBeanFactory - Creating shared instance of singleton bean 'org.springframework.boot.actuate.autoconfigure.endpoint.web.WebEndpointAutoConfiguration$WebEndpointServletConfiguration'
2025-07-31 16:26:43.933 [main] DEBUG org.springframework.beans.factory.support.DefaultListableBeanFactory - Autowiring by type from bean name 'servletEndpointDiscoverer' via factory method to bean named 'org.springframework.web.context.support.GenericWebApplicationContext@7942a854'
2025-07-31 16:26:43.933 [main] DEBUG org.springframework.beans.factory.support.DefaultListableBeanFactory - Creating shared instance of singleton bean 'servletExposeExcludePropertyEndpointFilter'
2025-07-31 16:26:43.934 [main] DEBUG org.springframework.beans.factory.support.DefaultListableBeanFactory - Creating shared instance of singleton bean 'org.springframework.boot.actuate.autoconfigure.endpoint.web.ServletEndpointManagementContextConfiguration'
2025-07-31 16:26:43.936 [main] DEBUG org.springframework.beans.factory.support.DefaultListableBeanFactory - Autowiring by type from bean name 'servletExposeExcludePropertyEndpointFilter' via factory method to bean named 'management.endpoints.web-org.springframework.boot.actuate.autoconfigure.endpoint.web.WebEndpointProperties'
2025-07-31 16:26:43.939 [main] DEBUG org.springframework.beans.factory.support.DefaultListableBeanFactory - Creating shared instance of singleton bean 'controllerEndpointDiscoverer'
2025-07-31 16:26:43.940 [main] DEBUG org.springframework.beans.factory.support.DefaultListableBeanFactory - Creating shared instance of singleton bean 'controllerExposeExcludePropertyEndpointFilter'
2025-07-31 16:26:43.944 [main] DEBUG org.springframework.beans.factory.support.DefaultListableBeanFactory - Creating shared instance of singleton bean 'management.endpoints.web.cors-org.springframework.boot.actuate.autoconfigure.endpoint.web.CorsEndpointProperties'
2025-07-31 16:26:43.949 [main] DEBUG org.springframework.beans.factory.support.DefaultListableBeanFactory - Autowiring by type from bean name 'webEndpointServletHandlerMapping' via factory method to bean named 'webEndpointDiscoverer'
2025-07-31 16:26:43.949 [main] DEBUG org.springframework.beans.factory.support.DefaultListableBeanFactory - Autowiring by type from bean name 'webEndpointServletHandlerMapping' via factory method to bean named 'servletEndpointDiscoverer'
2025-07-31 16:26:43.949 [main] DEBUG org.springframework.beans.factory.support.DefaultListableBeanFactory - Autowiring by type from bean name 'webEndpointServletHandlerMapping' via factory method to bean named 'controllerEndpointDiscoverer'
2025-07-31 16:26:43.949 [main] DEBUG org.springframework.beans.factory.support.DefaultListableBeanFactory - Autowiring by type from bean name 'webEndpointServletHandlerMapping' via factory method to bean named 'endpointMediaTypes'
2025-07-31 16:26:43.949 [main] DEBUG org.springframework.beans.factory.support.DefaultListableBeanFactory - Autowiring by type from bean name 'webEndpointServletHandlerMapping' via factory method to bean named 'management.endpoints.web.cors-org.springframework.boot.actuate.autoconfigure.endpoint.web.CorsEndpointProperties'
2025-07-31 16:26:43.949 [main] DEBUG org.springframework.beans.factory.support.DefaultListableBeanFactory - Autowiring by type from bean name 'webEndpointServletHandlerMapping' via factory method to bean named 'management.endpoints.web-org.springframework.boot.actuate.autoconfigure.endpoint.web.WebEndpointProperties'
2025-07-31 16:26:43.950 [main] DEBUG org.springframework.beans.factory.support.DefaultListableBeanFactory - Autowiring by type from bean name 'webEndpointServletHandlerMapping' via factory method to bean named 'environment'
2025-07-31 16:26:43.966 [main] INFO  org.springframework.boot.actuate.endpoint.web.EndpointLinksResolver - Exposing 1 endpoint beneath base path '/actuator'
2025-07-31 16:26:43.978 [main] DEBUG org.springframework.beans.factory.support.DefaultListableBeanFactory - Creating shared instance of singleton bean 'controllerEndpointHandlerMapping'
2025-07-31 16:26:43.979 [main] DEBUG org.springframework.beans.factory.support.DefaultListableBeanFactory - Autowiring by type from bean name 'controllerEndpointHandlerMapping' via factory method to bean named 'controllerEndpointDiscoverer'
2025-07-31 16:26:43.979 [main] DEBUG org.springframework.beans.factory.support.DefaultListableBeanFactory - Autowiring by type from bean name 'controllerEndpointHandlerMapping' via factory method to bean named 'management.endpoints.web.cors-org.springframework.boot.actuate.autoconfigure.endpoint.web.CorsEndpointProperties'
2025-07-31 16:26:43.979 [main] DEBUG org.springframework.beans.factory.support.DefaultListableBeanFactory - Autowiring by type from bean name 'controllerEndpointHandlerMapping' via factory method to bean named 'management.endpoints.web-org.springframework.boot.actuate.autoconfigure.endpoint.web.WebEndpointProperties'
2025-07-31 16:26:43.979 [main] DEBUG org.springframework.beans.factory.support.DefaultListableBeanFactory - Autowiring by type from bean name 'controllerEndpointHandlerMapping' via factory method to bean named 'propertiesEndpointAccessResolver'
2025-07-31 16:26:44.106 [main] DEBUG org.springframework.beans.factory.support.DefaultListableBeanFactory - Creating shared instance of singleton bean 'authenticationManagerPostProcessor'
2025-07-31 16:26:44.163 [main] DEBUG org.springframework.security.web.DefaultSecurityFilterChain - Will secure any request with filters: DisableEncodeUrlFilter, WebAsyncManagerIntegrationFilter, SecurityContextHolderFilter, HeaderWriterFilter, CorsFilter, LogoutFilter, JwtAuthenticationFilter, RequestCacheAwareFilter, SecurityContextHolderAwareRequestFilter, AnonymousAuthenticationFilter, SessionManagementFilter, ExceptionTranslationFilter, AuthorizationFilter
2025-07-31 16:26:44.165 [main] DEBUG org.springframework.beans.factory.support.DefaultListableBeanFactory - Creating shared instance of singleton bean 'org.springframework.boot.autoconfigure.context.PropertyPlaceholderAutoConfiguration'
2025-07-31 16:26:44.167 [main] DEBUG org.springframework.beans.factory.support.DefaultListableBeanFactory - Creating shared instance of singleton bean 'org.springframework.boot.autoconfigure.websocket.servlet.WebSocketServletAutoConfiguration$TomcatWebSocketConfiguration'
2025-07-31 16:26:44.168 [main] DEBUG org.springframework.beans.factory.support.DefaultListableBeanFactory - Creating shared instance of singleton bean 'websocketServletWebServerCustomizer'
2025-07-31 16:26:44.173 [main] DEBUG org.springframework.beans.factory.support.DefaultListableBeanFactory - Creating shared instance of singleton bean 'org.springframework.boot.autoconfigure.websocket.servlet.WebSocketServletAutoConfiguration'
2025-07-31 16:26:44.175 [main] DEBUG org.springframework.beans.factory.support.DefaultListableBeanFactory - Creating shared instance of singleton bean 'org.springframework.boot.autoconfigure.web.servlet.ServletWebServerFactoryAutoConfiguration$ForwardedHeaderFilterConfiguration'
2025-07-31 16:26:44.177 [main] DEBUG org.springframework.beans.factory.support.DefaultListableBeanFactory - Creating shared instance of singleton bean 'tomcatForwardedHeaderFilterCustomizer'
2025-07-31 16:26:44.178 [main] DEBUG org.springframework.beans.factory.support.DefaultListableBeanFactory - Creating shared instance of singleton bean 'server-org.springframework.boot.autoconfigure.web.ServerProperties'
2025-07-31 16:26:44.222 [main] DEBUG org.springframework.beans.factory.support.DefaultListableBeanFactory - Autowiring by type from bean name 'tomcatForwardedHeaderFilterCustomizer' via factory method to bean named 'server-org.springframework.boot.autoconfigure.web.ServerProperties'
2025-07-31 16:26:44.229 [main] DEBUG org.springframework.beans.factory.support.DefaultListableBeanFactory - Creating shared instance of singleton bean 'forwardedHeaderFilter'
2025-07-31 16:26:44.242 [main] DEBUG org.springframework.beans.factory.support.DefaultListableBeanFactory - Creating shared instance of singleton bean 'org.springframework.boot.autoconfigure.web.servlet.ServletWebServerFactoryConfiguration$EmbeddedTomcat'
2025-07-31 16:26:44.244 [main] DEBUG org.springframework.beans.factory.support.DefaultListableBeanFactory - Creating shared instance of singleton bean 'tomcatServletWebServerFactory'
2025-07-31 16:26:44.283 [main] DEBUG org.apache.catalina.core.AprLifecycleListener - The Apache Tomcat Native library could not be found using names [tcnative-2, libtcnative-2, tcnative-1, libtcnative-1] on the java.library.path [/usr/java/packages/lib:/usr/lib/x86_64-linux-gnu/jni:/lib/x86_64-linux-gnu:/usr/lib/x86_64-linux-gnu:/usr/lib/jni:/lib:/usr/lib]. The errors reported were [Can't load library: /mnt/c/Users/Bohdan-Dymydiuk/projects/com-projects/train-up/backend/bin/libtcnative-2.so, Can't load library: /mnt/c/Users/Bohdan-Dymydiuk/projects/com-projects/train-up/backend/bin/liblibtcnative-2.so, Can't load library: /mnt/c/Users/Bohdan-Dymydiuk/projects/com-projects/train-up/backend/bin/libtcnative-1.so, Can't load library: /mnt/c/Users/Bohdan-Dymydiuk/projects/com-projects/train-up/backend/bin/liblibtcnative-1.so, no tcnative-2 in java.library.path: /usr/java/packages/lib:/usr/lib/x86_64-linux-gnu/jni:/lib/x86_64-linux-gnu:/usr/lib/x86_64-linux-gnu:/usr/lib/jni:/lib:/usr/lib, no libtcnative-2 in java.library.path: /usr/java/packages/lib:/usr/lib/x86_64-linux-gnu/jni:/lib/x86_64-linux-gnu:/usr/lib/x86_64-linux-gnu:/usr/lib/jni:/lib:/usr/lib, no tcnative-1 in java.library.path: /usr/java/packages/lib:/usr/lib/x86_64-linux-gnu/jni:/lib/x86_64-linux-gnu:/usr/lib/x86_64-linux-gnu:/usr/lib/jni:/lib:/usr/lib, no libtcnative-1 in java.library.path: /usr/java/packages/lib:/usr/lib/x86_64-linux-gnu/jni:/lib/x86_64-linux-gnu:/usr/lib/x86_64-linux-gnu:/usr/lib/jni:/lib:/usr/lib]
org.apache.tomcat.jni.LibraryNotFoundError: Can't load library: /mnt/c/Users/Bohdan-Dymydiuk/projects/com-projects/train-up/backend/bin/libtcnative-2.so, Can't load library: /mnt/c/Users/Bohdan-Dymydiuk/projects/com-projects/train-up/backend/bin/liblibtcnative-2.so, Can't load library: /mnt/c/Users/Bohdan-Dymydiuk/projects/com-projects/train-up/backend/bin/libtcnative-1.so, Can't load library: /mnt/c/Users/Bohdan-Dymydiuk/projects/com-projects/train-up/backend/bin/liblibtcnative-1.so, no tcnative-2 in java.library.path: /usr/java/packages/lib:/usr/lib/x86_64-linux-gnu/jni:/lib/x86_64-linux-gnu:/usr/lib/x86_64-linux-gnu:/usr/lib/jni:/lib:/usr/lib, no libtcnative-2 in java.library.path: /usr/java/packages/lib:/usr/lib/x86_64-linux-gnu/jni:/lib/x86_64-linux-gnu:/usr/lib/x86_64-linux-gnu:/usr/lib/jni:/lib:/usr/lib, no tcnative-1 in java.library.path: /usr/java/packages/lib:/usr/lib/x86_64-linux-gnu/jni:/lib/x86_64-linux-gnu:/usr/lib/x86_64-linux-gnu:/usr/lib/jni:/lib:/usr/lib, no libtcnative-1 in java.library.path: /usr/java/packages/lib:/usr/lib/x86_64-linux-gnu/jni:/lib/x86_64-linux-gnu:/usr/lib/x86_64-linux-gnu:/usr/lib/jni:/lib:/usr/lib
	at org.apache.tomcat.jni.Library.<init>(Library.java:91) ~[tomcat-embed-core-10.1.36.jar:10.1.36]
	at org.apache.tomcat.jni.Library.initialize(Library.java:147) ~[tomcat-embed-core-10.1.36.jar:10.1.36]
	at org.apache.catalina.core.AprLifecycleListener.init(AprLifecycleListener.java:211) ~[tomcat-embed-core-10.1.36.jar:10.1.36]
	at org.apache.catalina.core.AprLifecycleListener.isAprAvailable(AprLifecycleListener.java:113) ~[tomcat-embed-core-10.1.36.jar:10.1.36]
	at org.springframework.boot.web.embedded.tomcat.TomcatServletWebServerFactory.getDefaultServerLifecycleListeners(TomcatServletWebServerFactory.java:191) ~[spring-boot-3.4.3.jar:3.4.3]
	at org.springframework.boot.web.embedded.tomcat.TomcatServletWebServerFactory.<init>(TomcatServletWebServerFactory.java:138) ~[spring-boot-3.4.3.jar:3.4.3]
	at org.springframework.boot.autoconfigure.web.servlet.ServletWebServerFactoryConfiguration$EmbeddedTomcat.tomcatServletWebServerFactory(ServletWebServerFactoryConfiguration.java:73) ~[spring-boot-autoconfigure-3.4.3.jar:3.4.3]
	at java.base/jdk.internal.reflect.NativeMethodAccessorImpl.invoke0(Native Method) ~[?:?]
	at java.base/jdk.internal.reflect.NativeMethodAccessorImpl.invoke(NativeMethodAccessorImpl.java:77) ~[?:?]
	at java.base/jdk.internal.reflect.DelegatingMethodAccessorImpl.invoke(DelegatingMethodAccessorImpl.java:43) ~[?:?]
	at java.base/java.lang.reflect.Method.invoke(Method.java:569) ~[?:?]
	at org.springframework.beans.factory.support.SimpleInstantiationStrategy.lambda$instantiate$0(SimpleInstantiationStrategy.java:171) ~[spring-beans-6.2.3.jar:6.2.3]
	at org.springframework.beans.factory.support.SimpleInstantiationStrategy.instantiateWithFactoryMethod(SimpleInstantiationStrategy.java:88) ~[spring-beans-6.2.3.jar:6.2.3]
	at org.springframework.beans.factory.support.SimpleInstantiationStrategy.instantiate(SimpleInstantiationStrategy.java:168) ~[spring-beans-6.2.3.jar:6.2.3]
	at org.springframework.beans.factory.support.ConstructorResolver.instantiate(ConstructorResolver.java:653) ~[spring-beans-6.2.3.jar:6.2.3]
	at org.springframework.beans.factory.support.ConstructorResolver.instantiateUsingFactoryMethod(ConstructorResolver.java:645) ~[spring-beans-6.2.3.jar:6.2.3]
	at org.springframework.beans.factory.support.AbstractAutowireCapableBeanFactory.instantiateUsingFactoryMethod(AbstractAutowireCapableBeanFactory.java:1361) ~[spring-beans-6.2.3.jar:6.2.3]
	at org.springframework.beans.factory.support.AbstractAutowireCapableBeanFactory.createBeanInstance(AbstractAutowireCapableBeanFactory.java:1191) ~[spring-beans-6.2.3.jar:6.2.3]
	at org.springframework.beans.factory.support.AbstractAutowireCapableBeanFactory.doCreateBean(AbstractAutowireCapableBeanFactory.java:563) ~[spring-beans-6.2.3.jar:6.2.3]
	at org.springframework.beans.factory.support.AbstractAutowireCapableBeanFactory.createBean(AbstractAutowireCapableBeanFactory.java:523) ~[spring-beans-6.2.3.jar:6.2.3]
	at org.springframework.beans.factory.support.AbstractBeanFactory.lambda$doGetBean$0(AbstractBeanFactory.java:339) ~[spring-beans-6.2.3.jar:6.2.3]
	at org.springframework.beans.factory.support.DefaultSingletonBeanRegistry.getSingleton(DefaultSingletonBeanRegistry.java:346) ~[spring-beans-6.2.3.jar:6.2.3]
	at org.springframework.beans.factory.support.AbstractBeanFactory.doGetBean(AbstractBeanFactory.java:337) ~[spring-beans-6.2.3.jar:6.2.3]
	at org.springframework.beans.factory.support.AbstractBeanFactory.getBean(AbstractBeanFactory.java:202) ~[spring-beans-6.2.3.jar:6.2.3]
	at org.springframework.beans.factory.support.DefaultListableBeanFactory.instantiateSingleton(DefaultListableBeanFactory.java:1155) ~[spring-beans-6.2.3.jar:6.2.3]
	at org.springframework.beans.factory.support.DefaultListableBeanFactory.preInstantiateSingleton(DefaultListableBeanFactory.java:1121) ~[spring-beans-6.2.3.jar:6.2.3]
	at org.springframework.beans.factory.support.DefaultListableBeanFactory.preInstantiateSingletons(DefaultListableBeanFactory.java:1056) ~[spring-beans-6.2.3.jar:6.2.3]
	at org.springframework.context.support.AbstractApplicationContext.finishBeanFactoryInitialization(AbstractApplicationContext.java:987) ~[spring-context-6.2.3.jar:6.2.3]
	at org.springframework.context.support.AbstractApplicationContext.refresh(AbstractApplicationContext.java:627) ~[spring-context-6.2.3.jar:6.2.3]
	at org.springframework.boot.SpringApplication.refresh(SpringApplication.java:752) ~[spring-boot-3.4.3.jar:3.4.3]
	at org.springframework.boot.SpringApplication.refreshContext(SpringApplication.java:439) ~[spring-boot-3.4.3.jar:3.4.3]
	at org.springframework.boot.SpringApplication.run(SpringApplication.java:318) ~[spring-boot-3.4.3.jar:3.4.3]
	at org.springframework.boot.test.context.SpringBootContextLoader.lambda$loadContext$3(SpringBootContextLoader.java:137) ~[spring-boot-test-3.4.3.jar:3.4.3]
	at org.springframework.util.function.ThrowingSupplier.get(ThrowingSupplier.java:58) ~[spring-core-6.2.3.jar:6.2.3]
	at org.springframework.util.function.ThrowingSupplier.get(ThrowingSupplier.java:46) ~[spring-core-6.2.3.jar:6.2.3]
	at org.springframework.boot.SpringApplication.withHook(SpringApplication.java:1461) ~[spring-boot-3.4.3.jar:3.4.3]
	at org.springframework.boot.test.context.SpringBootContextLoader$ContextLoaderHook.run(SpringBootContextLoader.java:553) ~[spring-boot-test-3.4.3.jar:3.4.3]
	at org.springframework.boot.test.context.SpringBootContextLoader.loadContext(SpringBootContextLoader.java:137) ~[spring-boot-test-3.4.3.jar:3.4.3]
	at org.springframework.boot.test.context.SpringBootContextLoader.loadContext(SpringBootContextLoader.java:108) ~[spring-boot-test-3.4.3.jar:3.4.3]
	at org.springframework.test.context.cache.DefaultCacheAwareContextLoaderDelegate.loadContextInternal(DefaultCacheAwareContextLoaderDelegate.java:225) ~[spring-test-6.2.3.jar:6.2.3]
	at org.springframework.test.context.cache.DefaultCacheAwareContextLoaderDelegate.loadContext(DefaultCacheAwareContextLoaderDelegate.java:152) ~[spring-test-6.2.3.jar:6.2.3]
	at org.springframework.test.context.support.DefaultTestContext.getApplicationContext(DefaultTestContext.java:130) ~[spring-test-6.2.3.jar:6.2.3]
	at org.springframework.test.context.web.ServletTestExecutionListener.setUpRequestContextIfNecessary(ServletTestExecutionListener.java:200) ~[spring-test-6.2.3.jar:6.2.3]
	at org.springframework.test.context.web.ServletTestExecutionListener.prepareTestInstance(ServletTestExecutionListener.java:139) ~[spring-test-6.2.3.jar:6.2.3]
	at org.springframework.test.context.TestContextManager.prepareTestInstance(TestContextManager.java:260) ~[spring-test-6.2.3.jar:6.2.3]
	at org.springframework.test.context.junit.jupiter.SpringExtension.postProcessTestInstance(SpringExtension.java:160) ~[spring-test-6.2.3.jar:6.2.3]
	at org.junit.jupiter.engine.descriptor.ClassBasedTestDescriptor.lambda$invokeTestInstancePostProcessors$11(ClassBasedTestDescriptor.java:378) ~[junit-jupiter-engine-5.11.4.jar:5.11.4]
	at org.junit.jupiter.engine.descriptor.ClassBasedTestDescriptor.executeAndMaskThrowable(ClassBasedTestDescriptor.java:383) ~[junit-jupiter-engine-5.11.4.jar:5.11.4]
	at org.junit.jupiter.engine.descriptor.ClassBasedTestDescriptor.lambda$invokeTestInstancePostProcessors$12(ClassBasedTestDescriptor.java:378) ~[junit-jupiter-engine-5.11.4.jar:5.11.4]
	at java.base/java.util.stream.ForEachOps$ForEachOp$OfRef.accept(ForEachOps.java:183) ~[?:?]
	at java.base/java.util.stream.ReferencePipeline$3$1.accept(ReferencePipeline.java:197) ~[?:?]
	at java.base/java.util.stream.ReferencePipeline$2$1.accept(ReferencePipeline.java:179) ~[?:?]
	at java.base/java.util.stream.ReferencePipeline$3$1.accept(ReferencePipeline.java:197) ~[?:?]
	at java.base/java.util.ArrayList$ArrayListSpliterator.forEachRemaining(ArrayList.java:1625) ~[?:?]
	at java.base/java.util.stream.AbstractPipeline.copyInto(AbstractPipeline.java:509) ~[?:?]
	at java.base/java.util.stream.AbstractPipeline.wrapAndCopyInto(AbstractPipeline.java:499) ~[?:?]
	at java.base/java.util.stream.ForEachOps$ForEachOp.evaluateSequential(ForEachOps.java:150) ~[?:?]
	at java.base/java.util.stream.ForEachOps$ForEachOp$OfRef.evaluateSequential(ForEachOps.java:173) ~[?:?]
	at java.base/java.util.stream.AbstractPipeline.evaluate(AbstractPipeline.java:234) ~[?:?]
	at java.base/java.util.stream.ReferencePipeline.forEach(ReferencePipeline.java:596) ~[?:?]
	at org.junit.jupiter.engine.descriptor.ClassBasedTestDescriptor.invokeTestInstancePostProcessors(ClassBasedTestDescriptor.java:377) ~[junit-jupiter-engine-5.11.4.jar:5.11.4]
	at org.junit.jupiter.engine.descriptor.ClassBasedTestDescriptor.lambda$instantiateAndPostProcessTestInstance$7(ClassBasedTestDescriptor.java:290) ~[junit-jupiter-engine-5.11.4.jar:5.11.4]
	at org.junit.platform.engine.support.hierarchical.ThrowableCollector.execute(ThrowableCollector.java:73) ~[junit-platform-engine-1.11.4.jar:1.11.4]
	at org.junit.jupiter.engine.descriptor.ClassBasedTestDescriptor.instantiateAndPostProcessTestInstance(ClassBasedTestDescriptor.java:289) ~[junit-jupiter-engine-5.11.4.jar:5.11.4]
	at org.junit.jupiter.engine.descriptor.ClassBasedTestDescriptor.lambda$testInstancesProvider$5(ClassBasedTestDescriptor.java:279) ~[junit-jupiter-engine-5.11.4.jar:5.11.4]
	at java.base/java.util.Optional.orElseGet(Optional.java:364) ~[?:?]
	at org.junit.jupiter.engine.descriptor.ClassBasedTestDescriptor.lambda$testInstancesProvider$6(ClassBasedTestDescriptor.java:278) ~[junit-jupiter-engine-5.11.4.jar:5.11.4]
	at org.junit.jupiter.engine.execution.TestInstancesProvider.getTestInstances(TestInstancesProvider.java:31) ~[junit-jupiter-engine-5.11.4.jar:5.11.4]
	at org.junit.jupiter.engine.descriptor.TestMethodTestDescriptor.lambda$prepare$1(TestMethodTestDescriptor.java:105) ~[junit-jupiter-engine-5.11.4.jar:5.11.4]
	at org.junit.platform.engine.support.hierarchical.ThrowableCollector.execute(ThrowableCollector.java:73) ~[junit-platform-engine-1.11.4.jar:1.11.4]
	at org.junit.jupiter.engine.descriptor.TestMethodTestDescriptor.prepare(TestMethodTestDescriptor.java:104) ~[junit-jupiter-engine-5.11.4.jar:5.11.4]
	at org.junit.jupiter.engine.descriptor.TestMethodTestDescriptor.prepare(TestMethodTestDescriptor.java:68) ~[junit-jupiter-engine-5.11.4.jar:5.11.4]
	at org.junit.platform.engine.support.hierarchical.NodeTestTask.lambda$prepare$2(NodeTestTask.java:128) ~[junit-platform-engine-1.11.4.jar:1.11.4]
	at org.junit.platform.engine.support.hierarchical.ThrowableCollector.execute(ThrowableCollector.java:73) ~[junit-platform-engine-1.11.4.jar:1.11.4]
	at org.junit.platform.engine.support.hierarchical.NodeTestTask.prepare(NodeTestTask.java:128) ~[junit-platform-engine-1.11.4.jar:1.11.4]
	at org.junit.platform.engine.support.hierarchical.NodeTestTask.execute(NodeTestTask.java:95) ~[junit-platform-engine-1.11.4.jar:1.11.4]
	at java.base/java.util.ArrayList.forEach(ArrayList.java:1511) ~[?:?]
	at org.junit.platform.engine.support.hierarchical.SameThreadHierarchicalTestExecutorService.invokeAll(SameThreadHierarchicalTestExecutorService.java:41) ~[junit-platform-engine-1.11.4.jar:1.11.4]
	at org.junit.platform.engine.support.hierarchical.NodeTestTask.lambda$executeRecursively$6(NodeTestTask.java:160) ~[junit-platform-engine-1.11.4.jar:1.11.4]
	at org.junit.platform.engine.support.hierarchical.ThrowableCollector.execute(ThrowableCollector.java:73) ~[junit-platform-engine-1.11.4.jar:1.11.4]
	at org.junit.platform.engine.support.hierarchical.NodeTestTask.lambda$executeRecursively$8(NodeTestTask.java:146) ~[junit-platform-engine-1.11.4.jar:1.11.4]
	at org.junit.platform.engine.support.hierarchical.Node.around(Node.java:137) ~[junit-platform-engine-1.11.4.jar:1.11.4]
	at org.junit.platform.engine.support.hierarchical.NodeTestTask.lambda$executeRecursively$9(NodeTestTask.java:144) ~[junit-platform-engine-1.11.4.jar:1.11.4]
	at org.junit.platform.engine.support.hierarchical.ThrowableCollector.execute(ThrowableCollector.java:73) ~[junit-platform-engine-1.11.4.jar:1.11.4]
	at org.junit.platform.engine.support.hierarchical.NodeTestTask.executeRecursively(NodeTestTask.java:143) ~[junit-platform-engine-1.11.4.jar:1.11.4]
	at org.junit.platform.engine.support.hierarchical.NodeTestTask.execute(NodeTestTask.java:100) ~[junit-platform-engine-1.11.4.jar:1.11.4]
	at java.base/java.util.ArrayList.forEach(ArrayList.java:1511) ~[?:?]
	at org.junit.platform.engine.support.hierarchical.SameThreadHierarchicalTestExecutorService.invokeAll(SameThreadHierarchicalTestExecutorService.java:41) ~[junit-platform-engine-1.11.4.jar:1.11.4]
	at org.junit.platform.engine.support.hierarchical.NodeTestTask.lambda$executeRecursively$6(NodeTestTask.java:160) ~[junit-platform-engine-1.11.4.jar:1.11.4]
	at org.junit.platform.engine.support.hierarchical.ThrowableCollector.execute(ThrowableCollector.java:73) ~[junit-platform-engine-1.11.4.jar:1.11.4]
	at org.junit.platform.engine.support.hierarchical.NodeTestTask.lambda$executeRecursively$8(NodeTestTask.java:146) ~[junit-platform-engine-1.11.4.jar:1.11.4]
	at org.junit.platform.engine.support.hierarchical.Node.around(Node.java:137) ~[junit-platform-engine-1.11.4.jar:1.11.4]
	at org.junit.platform.engine.support.hierarchical.NodeTestTask.lambda$executeRecursively$9(NodeTestTask.java:144) ~[junit-platform-engine-1.11.4.jar:1.11.4]
	at org.junit.platform.engine.support.hierarchical.ThrowableCollector.execute(ThrowableCollector.java:73) ~[junit-platform-engine-1.11.4.jar:1.11.4]
	at org.junit.platform.engine.support.hierarchical.NodeTestTask.executeRecursively(NodeTestTask.java:143) ~[junit-platform-engine-1.11.4.jar:1.11.4]
	at org.junit.platform.engine.support.hierarchical.NodeTestTask.execute(NodeTestTask.java:100) ~[junit-platform-engine-1.11.4.jar:1.11.4]
	at org.junit.platform.engine.support.hierarchical.SameThreadHierarchicalTestExecutorService.submit(SameThreadHierarchicalTestExecutorService.java:35) ~[junit-platform-engine-1.11.4.jar:1.11.4]
	at org.junit.platform.engine.support.hierarchical.HierarchicalTestExecutor.execute(HierarchicalTestExecutor.java:57) ~[junit-platform-engine-1.11.4.jar:1.11.4]
	at org.junit.platform.engine.support.hierarchical.HierarchicalTestEngine.execute(HierarchicalTestEngine.java:54) ~[junit-platform-engine-1.11.4.jar:1.11.4]
	at org.junit.platform.launcher.core.EngineExecutionOrchestrator.execute(EngineExecutionOrchestrator.java:198) ~[junit-platform-launcher-1.11.4.jar:1.11.4]
	at org.junit.platform.launcher.core.EngineExecutionOrchestrator.execute(EngineExecutionOrchestrator.java:169) ~[junit-platform-launcher-1.11.4.jar:1.11.4]
	at org.junit.platform.launcher.core.EngineExecutionOrchestrator.execute(EngineExecutionOrchestrator.java:93) ~[junit-platform-launcher-1.11.4.jar:1.11.4]
	at org.junit.platform.launcher.core.EngineExecutionOrchestrator.lambda$execute$0(EngineExecutionOrchestrator.java:58) ~[junit-platform-launcher-1.11.4.jar:1.11.4]
	at org.junit.platform.launcher.core.EngineExecutionOrchestrator.withInterceptedStreams(EngineExecutionOrchestrator.java:141) [junit-platform-launcher-1.11.4.jar:1.11.4]
	at org.junit.platform.launcher.core.EngineExecutionOrchestrator.execute(EngineExecutionOrchestrator.java:57) [junit-platform-launcher-1.11.4.jar:1.11.4]
	at org.junit.platform.launcher.core.DefaultLauncher.execute(DefaultLauncher.java:103) [junit-platform-launcher-1.11.4.jar:1.11.4]
	at org.junit.platform.launcher.core.DefaultLauncher.execute(DefaultLauncher.java:85) [junit-platform-launcher-1.11.4.jar:1.11.4]
	at org.junit.platform.launcher.core.DelegatingLauncher.execute(DelegatingLauncher.java:47) [junit-platform-launcher-1.11.4.jar:1.11.4]
	at org.apache.maven.surefire.junitplatform.LazyLauncher.execute(LazyLauncher.java:56) [surefire-junit-platform-3.5.2.jar:3.5.2]
	at org.apache.maven.surefire.junitplatform.JUnitPlatformProvider.execute(JUnitPlatformProvider.java:184) [surefire-junit-platform-3.5.2.jar:3.5.2]
	at org.apache.maven.surefire.junitplatform.JUnitPlatformProvider.invokeAllTests(JUnitPlatformProvider.java:148) [surefire-junit-platform-3.5.2.jar:3.5.2]
	at org.apache.maven.surefire.junitplatform.JUnitPlatformProvider.invoke(JUnitPlatformProvider.java:122) [surefire-junit-platform-3.5.2.jar:3.5.2]
	at org.apache.maven.surefire.booter.ForkedBooter.runSuitesInProcess(ForkedBooter.java:385) [surefire-booter-3.5.2.jar:3.5.2]
	at org.apache.maven.surefire.booter.ForkedBooter.execute(ForkedBooter.java:162) [surefire-booter-3.5.2.jar:3.5.2]
	at org.apache.maven.surefire.booter.ForkedBooter.run(ForkedBooter.java:507) [surefire-booter-3.5.2.jar:3.5.2]
	at org.apache.maven.surefire.booter.ForkedBooter.main(ForkedBooter.java:495) [surefire-booter-3.5.2.jar:3.5.2]
2025-07-31 16:26:44.324 [main] DEBUG org.springframework.beans.factory.support.DefaultListableBeanFactory - Creating shared instance of singleton bean 'servletWebServerFactoryCustomizer'
2025-07-31 16:26:44.324 [main] DEBUG org.springframework.beans.factory.support.DefaultListableBeanFactory - Creating shared instance of singleton bean 'org.springframework.boot.autoconfigure.web.servlet.ServletWebServerFactoryAutoConfiguration'
2025-07-31 16:26:44.328 [main] DEBUG org.springframework.beans.factory.support.DefaultListableBeanFactory - Autowiring by type from bean name 'servletWebServerFactoryCustomizer' via factory method to bean named 'server-org.springframework.boot.autoconfigure.web.ServerProperties'
2025-07-31 16:26:44.331 [main] DEBUG org.springframework.beans.factory.support.DefaultListableBeanFactory - Creating shared instance of singleton bean 'tomcatServletWebServerFactoryCustomizer'
2025-07-31 16:26:44.331 [main] DEBUG org.springframework.beans.factory.support.DefaultListableBeanFactory - Autowiring by type from bean name 'tomcatServletWebServerFactoryCustomizer' via factory method to bean named 'server-org.springframework.boot.autoconfigure.web.ServerProperties'
2025-07-31 16:26:44.333 [main] DEBUG org.springframework.beans.factory.support.DefaultListableBeanFactory - Creating shared instance of singleton bean 'localeCharsetMappingsCustomizer'
2025-07-31 16:26:44.333 [main] DEBUG org.springframework.beans.factory.support.DefaultListableBeanFactory - Creating shared instance of singleton bean 'org.springframework.boot.autoconfigure.web.servlet.HttpEncodingAutoConfiguration'
2025-07-31 16:26:44.334 [main] DEBUG org.springframework.beans.factory.support.DefaultListableBeanFactory - Autowiring by type from bean name 'org.springframework.boot.autoconfigure.web.servlet.HttpEncodingAutoConfiguration' via constructor to bean named 'server-org.springframework.boot.autoconfigure.web.ServerProperties'
2025-07-31 16:26:44.345 [main] DEBUG org.springframework.beans.factory.support.DefaultListableBeanFactory - Creating shared instance of singleton bean 'errorPageCustomizer'
2025-07-31 16:26:44.345 [main] DEBUG org.springframework.beans.factory.support.DefaultListableBeanFactory - Creating shared instance of singleton bean 'org.springframework.boot.autoconfigure.web.servlet.error.ErrorMvcAutoConfiguration'
2025-07-31 16:26:44.345 [main] DEBUG org.springframework.beans.factory.support.DefaultListableBeanFactory - Autowiring by type from bean name 'org.springframework.boot.autoconfigure.web.servlet.error.ErrorMvcAutoConfiguration' via constructor to bean named 'server-org.springframework.boot.autoconfigure.web.ServerProperties'
2025-07-31 16:26:44.348 [main] DEBUG org.springframework.beans.factory.support.DefaultListableBeanFactory - Creating shared instance of singleton bean 'dispatcherServletRegistration'
2025-07-31 16:26:44.348 [main] DEBUG org.springframework.beans.factory.support.DefaultListableBeanFactory - Creating shared instance of singleton bean 'org.springframework.boot.autoconfigure.web.servlet.DispatcherServletAutoConfiguration$DispatcherServletRegistrationConfiguration'
2025-07-31 16:26:44.350 [main] DEBUG org.springframework.beans.factory.support.DefaultListableBeanFactory - Creating shared instance of singleton bean 'dispatcherServlet'
2025-07-31 16:26:44.350 [main] DEBUG org.springframework.beans.factory.support.DefaultListableBeanFactory - Creating shared instance of singleton bean 'org.springframework.boot.autoconfigure.web.servlet.DispatcherServletAutoConfiguration$DispatcherServletConfiguration'
2025-07-31 16:26:44.352 [main] DEBUG org.springframework.beans.factory.support.DefaultListableBeanFactory - Autowiring by type from bean name 'dispatcherServlet' via factory method to bean named 'spring.mvc-org.springframework.boot.autoconfigure.web.servlet.WebMvcProperties'
2025-07-31 16:26:44.378 [main] DEBUG org.springframework.beans.factory.support.DefaultListableBeanFactory - Autowiring by type from bean name 'dispatcherServletRegistration' via factory method to bean named 'dispatcherServlet'
2025-07-31 16:26:44.379 [main] DEBUG org.springframework.beans.factory.support.DefaultListableBeanFactory - Autowiring by type from bean name 'dispatcherServletRegistration' via factory method to bean named 'spring.mvc-org.springframework.boot.autoconfigure.web.servlet.WebMvcProperties'
2025-07-31 16:26:44.380 [main] DEBUG org.springframework.beans.factory.support.DefaultListableBeanFactory - Creating shared instance of singleton bean 'multipartConfigElement'
2025-07-31 16:26:44.380 [main] DEBUG org.springframework.beans.factory.support.DefaultListableBeanFactory - Creating shared instance of singleton bean 'org.springframework.boot.autoconfigure.web.servlet.MultipartAutoConfiguration'
2025-07-31 16:26:44.381 [main] DEBUG org.springframework.beans.factory.support.DefaultListableBeanFactory - Creating shared instance of singleton bean 'spring.servlet.multipart-org.springframework.boot.autoconfigure.web.servlet.MultipartProperties'
2025-07-31 16:26:44.384 [main] DEBUG org.springframework.beans.factory.support.DefaultListableBeanFactory - Autowiring by type from bean name 'org.springframework.boot.autoconfigure.web.servlet.MultipartAutoConfiguration' via constructor to bean named 'spring.servlet.multipart-org.springframework.boot.autoconfigure.web.servlet.MultipartProperties'
2025-07-31 16:26:44.399 [main] DEBUG org.springframework.beans.factory.support.DefaultListableBeanFactory - Autowiring by type from bean name 'errorPageCustomizer' via factory method to bean named 'dispatcherServletRegistration'
2025-07-31 16:26:44.409 [main] DEBUG org.springframework.beans.factory.support.DefaultListableBeanFactory - Creating shared instance of singleton bean 'org.springframework.boot.autoconfigure.web.servlet.DispatcherServletAutoConfiguration'
2025-07-31 16:26:44.410 [main] DEBUG org.springframework.beans.factory.support.DefaultListableBeanFactory - Creating shared instance of singleton bean 'org.springframework.boot.autoconfigure.http.codec.CodecsAutoConfiguration$DefaultCodecsConfiguration'
2025-07-31 16:26:44.412 [main] DEBUG org.springframework.beans.factory.support.DefaultListableBeanFactory - Creating shared instance of singleton bean 'defaultCodecCustomizer'
2025-07-31 16:26:44.413 [main] DEBUG org.springframework.beans.factory.support.DefaultListableBeanFactory - Creating shared instance of singleton bean 'spring.codec-org.springframework.boot.autoconfigure.codec.CodecProperties'
2025-07-31 16:26:44.415 [main] DEBUG org.springframework.beans.factory.support.DefaultListableBeanFactory - Autowiring by type from bean name 'defaultCodecCustomizer' via factory method to bean named 'spring.codec-org.springframework.boot.autoconfigure.codec.CodecProperties'
2025-07-31 16:26:44.421 [main] DEBUG org.springframework.beans.factory.support.DefaultListableBeanFactory - Creating shared instance of singleton bean 'org.springframework.boot.autoconfigure.http.codec.CodecsAutoConfiguration$JacksonCodecConfiguration'
2025-07-31 16:26:44.423 [main] DEBUG org.springframework.beans.factory.support.DefaultListableBeanFactory - Creating shared instance of singleton bean 'jacksonCodecCustomizer'
2025-07-31 16:26:44.423 [main] DEBUG org.springframework.beans.factory.support.DefaultListableBeanFactory - Autowiring by type from bean name 'jacksonCodecCustomizer' via factory method to bean named 'jacksonObjectMapper'
2025-07-31 16:26:44.430 [main] DEBUG org.springframework.beans.factory.support.DefaultListableBeanFactory - Creating shared instance of singleton bean 'org.springframework.boot.autoconfigure.http.codec.CodecsAutoConfiguration'
2025-07-31 16:26:44.432 [main] DEBUG org.springframework.beans.factory.support.DefaultListableBeanFactory - Creating shared instance of singleton bean 'org.springframework.boot.autoconfigure.validation.ValidationAutoConfiguration'
2025-07-31 16:26:44.434 [main] DEBUG org.springframework.beans.factory.support.DefaultListableBeanFactory - Creating shared instance of singleton bean 'defaultValidator'
2025-07-31 16:26:44.434 [main] DEBUG org.springframework.beans.factory.support.DefaultListableBeanFactory - Autowiring by type from bean name 'defaultValidator' via factory method to bean named 'org.springframework.web.context.support.GenericWebApplicationContext@7942a854'
2025-07-31 16:26:44.439 [main] DEBUG org.hibernate.validator.messageinterpolation.ResourceBundleMessageInterpolator - Loaded expression factory via original TCCL
2025-07-31 16:26:44.443 [main] DEBUG org.hibernate.validator.internal.engine.AbstractConfigurationImpl - Setting custom MessageInterpolator of type org.springframework.validation.beanvalidation.LocaleContextMessageInterpolator
2025-07-31 16:26:44.444 [main] DEBUG org.hibernate.validator.internal.engine.AbstractConfigurationImpl - Setting custom ConstraintValidatorFactory of type org.springframework.validation.beanvalidation.SpringConstraintValidatorFactory
2025-07-31 16:26:44.447 [main] DEBUG org.hibernate.validator.internal.xml.config.ValidationXmlParser - Trying to load META-INF/validation.xml for XML based Validator configuration.
2025-07-31 16:26:44.447 [main] DEBUG org.hibernate.validator.internal.xml.config.ResourceLoaderHelper - Trying to load META-INF/validation.xml via user class loader
2025-07-31 16:26:44.449 [main] DEBUG org.hibernate.validator.internal.xml.config.ResourceLoaderHelper - Trying to load META-INF/validation.xml via TCCL
2025-07-31 16:26:44.450 [main] DEBUG org.hibernate.validator.internal.xml.config.ResourceLoaderHelper - Trying to load META-INF/validation.xml via Hibernate Validator's class loader
2025-07-31 16:26:44.451 [main] DEBUG org.hibernate.validator.internal.xml.config.ValidationXmlParser - No META-INF/validation.xml found. Using annotation based configuration only.
2025-07-31 16:26:44.452 [main] DEBUG org.hibernate.validator.internal.engine.resolver.TraversableResolvers - Found jakarta.persistence.Persistence on classpath containing 'getPersistenceUtil'. Assuming JPA 2 environment. Trying to instantiate JPA aware TraversableResolver
2025-07-31 16:26:44.452 [main] DEBUG org.hibernate.validator.internal.engine.resolver.TraversableResolvers - Instantiated JPA aware TraversableResolver of type org.hibernate.validator.internal.engine.resolver.JPATraversableResolver.
2025-07-31 16:26:44.235 [main] DEBUG org.hibernate.validator.internal.engine.ValidatorFactoryConfigurationHelper - HV000252: Using org.hibernate.validator.internal.engine.DefaultPropertyNodeNameProvider as property node name provider.
2025-07-31 16:26:44.236 [main] DEBUG org.hibernate.validator.internal.engine.ValidatorFactoryConfigurationHelper - HV000234: Using org.springframework.validation.beanvalidation.LocaleContextMessageInterpolator as ValidatorFactory-scoped message interpolator.
2025-07-31 16:26:44.237 [main] DEBUG org.hibernate.validator.internal.engine.ValidatorFactoryConfigurationHelper - HV000234: Using org.hibernate.validator.internal.engine.resolver.JPATraversableResolver as ValidatorFactory-scoped traversable resolver.
2025-07-31 16:26:44.237 [main] DEBUG org.hibernate.validator.internal.engine.ValidatorFactoryConfigurationHelper - HV000234: Using org.hibernate.validator.internal.util.ExecutableParameterNameProvider as ValidatorFactory-scoped parameter name provider.
2025-07-31 16:26:44.237 [main] DEBUG org.hibernate.validator.internal.engine.ValidatorFactoryConfigurationHelper - HV000234: Using org.hibernate.validator.internal.engine.DefaultClockProvider as ValidatorFactory-scoped clock provider.
2025-07-31 16:26:44.237 [main] DEBUG org.hibernate.validator.internal.engine.ValidatorFactoryConfigurationHelper - HV000234: Using org.hibernate.validator.internal.engine.scripting.DefaultScriptEvaluatorFactory as ValidatorFactory-scoped script evaluator factory.
2025-07-31 16:26:44.244 [main] DEBUG org.springframework.beans.factory.support.DefaultListableBeanFactory - Creating shared instance of singleton bean 'org.springframework.boot.autoconfigure.task.TaskExecutorConfigurations$ThreadPoolTaskExecutorBuilderConfiguration'
2025-07-31 16:26:44.246 [main] DEBUG org.springframework.beans.factory.support.DefaultListableBeanFactory - Creating shared instance of singleton bean 'threadPoolTaskExecutorBuilder'
2025-07-31 16:26:44.249 [main] DEBUG org.springframework.beans.factory.support.DefaultListableBeanFactory - Creating shared instance of singleton bean 'spring.task.execution-org.springframework.boot.autoconfigure.task.TaskExecutionProperties'
2025-07-31 16:26:44.254 [main] DEBUG org.springframework.beans.factory.support.DefaultListableBeanFactory - Autowiring by type from bean name 'threadPoolTaskExecutorBuilder' via factory method to bean named 'spring.task.execution-org.springframework.boot.autoconfigure.task.TaskExecutionProperties'
2025-07-31 16:26:44.260 [main] DEBUG org.springframework.beans.factory.support.DefaultListableBeanFactory - Creating shared instance of singleton bean 'org.springframework.boot.autoconfigure.task.TaskExecutorConfigurations$SimpleAsyncTaskExecutorBuilderConfiguration'
2025-07-31 16:26:44.261 [main] DEBUG org.springframework.beans.factory.support.DefaultListableBeanFactory - Autowiring by type from bean name 'org.springframework.boot.autoconfigure.task.TaskExecutorConfigurations$SimpleAsyncTaskExecutorBuilderConfiguration' via constructor to bean named 'spring.task.execution-org.springframework.boot.autoconfigure.task.TaskExecutionProperties'
2025-07-31 16:26:44.264 [main] DEBUG org.springframework.beans.factory.support.DefaultListableBeanFactory - Creating shared instance of singleton bean 'simpleAsyncTaskExecutorBuilder'
2025-07-31 16:26:44.269 [main] DEBUG org.springframework.beans.factory.support.DefaultListableBeanFactory - Creating shared instance of singleton bean 'org.springframework.boot.autoconfigure.task.TaskExecutorConfigurations$TaskExecutorConfiguration'
2025-07-31 16:26:44.271 [main] DEBUG org.springframework.beans.factory.support.DefaultListableBeanFactory - Creating shared instance of singleton bean 'org.springframework.boot.autoconfigure.task.TaskExecutionAutoConfiguration'
2025-07-31 16:26:44.274 [main] DEBUG org.springframework.beans.factory.support.DefaultListableBeanFactory - Creating shared instance of singleton bean 'org.springframework.boot.autoconfigure.web.servlet.error.ErrorMvcAutoConfiguration$WhitelabelErrorViewConfiguration'
2025-07-31 16:26:44.276 [main] DEBUG org.springframework.beans.factory.support.DefaultListableBeanFactory - Creating shared instance of singleton bean 'error'
2025-07-31 16:26:44.278 [main] DEBUG org.springframework.beans.factory.support.DefaultListableBeanFactory - Creating shared instance of singleton bean 'beanNameViewResolver'
2025-07-31 16:26:44.281 [main] DEBUG org.springframework.beans.factory.support.DefaultListableBeanFactory - Creating shared instance of singleton bean 'org.springframework.boot.autoconfigure.web.servlet.error.ErrorMvcAutoConfiguration$DefaultErrorViewResolverConfiguration'
2025-07-31 16:26:44.281 [main] DEBUG org.springframework.beans.factory.support.DefaultListableBeanFactory - Autowiring by type from bean name 'org.springframework.boot.autoconfigure.web.servlet.error.ErrorMvcAutoConfiguration$DefaultErrorViewResolverConfiguration' via constructor to bean named 'org.springframework.web.context.support.GenericWebApplicationContext@7942a854'
2025-07-31 16:26:44.281 [main] DEBUG org.springframework.beans.factory.support.DefaultListableBeanFactory - Autowiring by type from bean name 'org.springframework.boot.autoconfigure.web.servlet.error.ErrorMvcAutoConfiguration$DefaultErrorViewResolverConfiguration' via constructor to bean named 'spring.web-org.springframework.boot.autoconfigure.web.WebProperties'
2025-07-31 16:26:44.283 [main] DEBUG org.springframework.beans.factory.support.DefaultListableBeanFactory - Creating shared instance of singleton bean 'conventionErrorViewResolver'
2025-07-31 16:26:43.675 [main] DEBUG org.springframework.beans.factory.support.DefaultListableBeanFactory - Creating shared instance of singleton bean 'errorAttributes'
2025-07-31 16:26:43.679 [main] DEBUG org.springframework.beans.factory.support.DefaultListableBeanFactory - Creating shared instance of singleton bean 'basicErrorController'
2025-07-31 16:26:43.679 [main] DEBUG org.springframework.beans.factory.support.DefaultListableBeanFactory - Autowiring by type from bean name 'basicErrorController' via factory method to bean named 'errorAttributes'
2025-07-31 16:26:43.684 [main] DEBUG org.springframework.beans.factory.support.DefaultListableBeanFactory - Creating shared instance of singleton bean 'localeResolver'
2025-07-31 16:26:43.690 [main] DEBUG org.springframework.beans.factory.support.DefaultListableBeanFactory - Creating shared instance of singleton bean 'themeResolver'
2025-07-31 16:26:43.697 [main] DEBUG org.springframework.beans.factory.support.DefaultListableBeanFactory - Creating shared instance of singleton bean 'flashMapManager'
2025-07-31 16:26:43.705 [main] DEBUG org.springframework.beans.factory.support.DefaultListableBeanFactory - Creating shared instance of singleton bean 'viewNameTranslator'
2025-07-31 16:26:43.709 [main] DEBUG org.springframework.beans.factory.support.DefaultListableBeanFactory - Creating shared instance of singleton bean 'mvcValidator'
2025-07-31 16:26:43.715 [main] DEBUG org.springframework.beans.factory.support.DefaultListableBeanFactory - Creating shared instance of singleton bean 'mvcPatternParser'
2025-07-31 16:26:43.718 [main] DEBUG org.springframework.beans.factory.support.DefaultListableBeanFactory - Creating shared instance of singleton bean 'mvcUrlPathHelper'
2025-07-31 16:26:43.720 [main] DEBUG org.springframework.beans.factory.support.DefaultListableBeanFactory - Creating shared instance of singleton bean 'mvcPathMatcher'
2025-07-31 16:26:43.723 [main] DEBUG org.springframework.beans.factory.support.DefaultListableBeanFactory - Creating shared instance of singleton bean 'requestMappingHandlerAdapter'
2025-07-31 16:26:43.724 [main] DEBUG org.springframework.beans.factory.support.DefaultListableBeanFactory - Autowiring by type from bean name 'requestMappingHandlerAdapter' via factory method to bean named 'mvcContentNegotiationManager'
2025-07-31 16:26:43.724 [main] DEBUG org.springframework.beans.factory.support.DefaultListableBeanFactory - Autowiring by type from bean name 'requestMappingHandlerAdapter' via factory method to bean named 'mvcConversionService'
2025-07-31 16:26:43.724 [main] DEBUG org.springframework.beans.factory.support.DefaultListableBeanFactory - Autowiring by type from bean name 'requestMappingHandlerAdapter' via factory method to bean named 'mvcValidator'
2025-07-31 16:26:43.741 [main] DEBUG org.springframework.beans.factory.support.DefaultListableBeanFactory - Creating shared instance of singleton bean 'sortResolver'
2025-07-31 16:26:43.745 [main] DEBUG org.springframework.beans.factory.support.DefaultListableBeanFactory - Creating shared instance of singleton bean 'sortCustomizer'
2025-07-31 16:26:43.759 [main] DEBUG org.springframework.beans.factory.support.DefaultListableBeanFactory - Creating shared instance of singleton bean 'pageableResolver'
2025-07-31 16:26:43.763 [main] DEBUG org.springframework.beans.factory.support.DefaultListableBeanFactory - Creating shared instance of singleton bean 'pageableCustomizer'
2025-07-31 16:26:43.791 [main] DEBUG org.springframework.beans.factory.support.DefaultListableBeanFactory - Creating shared instance of singleton bean 'applicationTaskExecutor'
2025-07-31 16:26:43.792 [main] DEBUG org.springframework.beans.factory.support.DefaultListableBeanFactory - Autowiring by type from bean name 'applicationTaskExecutor' via factory method to bean named 'threadPoolTaskExecutorBuilder'
2025-07-31 16:26:43.799 [main] DEBUG org.springframework.scheduling.concurrent.ThreadPoolTaskExecutor - Initializing ExecutorService 'applicationTaskExecutor'
2025-07-31 16:26:43.823 [main] DEBUG org.springframework.beans.factory.support.DefaultListableBeanFactory - Creating shared instance of singleton bean 'org.springdoc.core.configuration.SpringDocConfiguration$OpenApiResourceAdvice'
2025-07-31 16:26:43.826 [main] DEBUG org.springframework.beans.factory.support.DefaultListableBeanFactory - Autowiring by type from bean name 'org.springdoc.core.configuration.SpringDocConfiguration$OpenApiResourceAdvice' via constructor to bean named 'org.springdoc.core.configuration.SpringDocConfiguration'
2025-07-31 16:26:43.835 [main] DEBUG org.springframework.web.servlet.mvc.method.annotation.RequestMappingHandlerAdapter - ControllerAdvice beans: 0 @ModelAttribute, 0 @InitBinder, 1 RequestBodyAdvice, 1 ResponseBodyAdvice
2025-07-31 16:26:43.913 [main] DEBUG org.springframework.beans.factory.support.DefaultListableBeanFactory - Creating shared instance of singleton bean 'mvcViewResolver'
2025-07-31 16:26:43.913 [main] DEBUG org.springframework.beans.factory.support.DefaultListableBeanFactory - Autowiring by type from bean name 'mvcViewResolver' via factory method to bean named 'mvcContentNegotiationManager'
2025-07-31 16:26:43.924 [main] DEBUG org.springframework.beans.factory.support.DefaultListableBeanFactory - Creating shared instance of singleton bean 'defaultViewResolver'
2025-07-31 16:26:43.946 [main] DEBUG org.springframework.beans.factory.support.DefaultListableBeanFactory - Creating shared instance of singleton bean 'viewResolver'
2025-07-31 16:26:43.951 [main] DEBUG org.springframework.beans.factory.support.DefaultListableBeanFactory - Autowiring by type from bean name 'viewResolver' via factory method to bean named 'org.springframework.beans.factory.support.DefaultListableBeanFactory@4ac86d6a'
2025-07-31 16:26:43.955 [main] DEBUG org.springframework.beans.factory.support.DefaultListableBeanFactory - Creating shared instance of singleton bean 'viewResolver'
2025-07-31 16:26:43.985 [main] DEBUG org.springframework.beans.factory.support.DefaultListableBeanFactory - Creating shared instance of singleton bean 'handlerFunctionAdapter'
2025-07-31 16:26:43.989 [main] DEBUG org.springframework.beans.factory.support.DefaultListableBeanFactory - Creating shared instance of singleton bean 'mvcUriComponentsContributor'
2025-07-31 16:26:43.990 [main] DEBUG org.springframework.beans.factory.support.DefaultListableBeanFactory - Autowiring by type from bean name 'mvcUriComponentsContributor' via factory method to bean named 'mvcConversionService'
2025-07-31 16:26:43.990 [main] DEBUG org.springframework.beans.factory.support.DefaultListableBeanFactory - Autowiring by type from bean name 'mvcUriComponentsContributor' via factory method to bean named 'requestMappingHandlerAdapter'
2025-07-31 16:26:43.992 [main] DEBUG org.springframework.beans.factory.support.DefaultListableBeanFactory - Creating shared instance of singleton bean 'httpRequestHandlerAdapter'
2025-07-31 16:26:43.994 [main] DEBUG org.springframework.beans.factory.support.DefaultListableBeanFactory - Creating shared instance of singleton bean 'simpleControllerHandlerAdapter'
2025-07-31 16:26:43.995 [main] DEBUG org.springframework.beans.factory.support.DefaultListableBeanFactory - Creating shared instance of singleton bean 'handlerExceptionResolver'
2025-07-31 16:26:43.996 [main] DEBUG org.springframework.beans.factory.support.DefaultListableBeanFactory - Autowiring by type from bean name 'handlerExceptionResolver' via factory method to bean named 'mvcContentNegotiationManager'
2025-07-31 16:26:44.009 [main] DEBUG org.springframework.web.servlet.mvc.method.annotation.ExceptionHandlerExceptionResolver - ControllerAdvice beans: 2 @ExceptionHandler, 1 ResponseBodyAdvice
2025-07-31 16:26:44.016 [main] DEBUG org.springframework.beans.factory.support.DefaultListableBeanFactory - Creating shared instance of singleton bean 'requestContextFilter'
2025-07-31 16:26:44.022 [main] DEBUG org.springframework.beans.factory.support.DefaultListableBeanFactory - Creating shared instance of singleton bean 'org.springframework.boot.autoconfigure.web.servlet.WebMvcAutoConfiguration'
2025-07-31 16:26:44.024 [main] DEBUG org.springframework.beans.factory.support.DefaultListableBeanFactory - Creating shared instance of singleton bean 'formContentFilter'
2025-07-31 16:26:44.034 [main] DEBUG org.springframework.beans.factory.support.DefaultListableBeanFactory - Creating shared instance of singleton bean 'org.springdoc.core.configuration.SpringDocConfiguration$QuerydslProvider'
2025-07-31 16:26:44.037 [main] DEBUG org.springframework.beans.factory.support.DefaultListableBeanFactory - Creating shared instance of singleton bean 'queryDslQuerydslPredicateOperationCustomizer'
2025-07-31 16:26:44.038 [main] DEBUG org.springframework.beans.factory.support.DefaultListableBeanFactory - Autowiring by type from bean name 'queryDslQuerydslPredicateOperationCustomizer' via factory method to bean named 'org.springdoc.core.properties.SpringDocConfigProperties'
2025-07-31 16:26:44.041 [main] DEBUG org.springframework.beans.factory.support.DefaultListableBeanFactory - Creating shared instance of singleton bean 'org.springdoc.core.configuration.SpringDocConfiguration$SpringDocWebFluxSupportConfiguration'
2025-07-31 16:26:44.043 [main] DEBUG org.springframework.beans.factory.support.DefaultListableBeanFactory - Creating shared instance of singleton bean 'webFluxSupportConverter'
2025-07-31 16:26:44.043 [main] DEBUG org.springframework.beans.factory.support.DefaultListableBeanFactory - Autowiring by type from bean name 'webFluxSupportConverter' via factory method to bean named 'springdocObjectMapperProvider'
2025-07-31 16:26:44.049 [main] DEBUG org.springframework.beans.factory.support.DefaultListableBeanFactory - Creating shared instance of singleton bean 'org.springdoc.core.configuration.SpringDocConfiguration$SpringDocSpringDataWebPropertiesProvider'
2025-07-31 16:26:44.051 [main] DEBUG org.springframework.beans.factory.support.DefaultListableBeanFactory - Creating shared instance of singleton bean 'springDataWebPropertiesProvider'
2025-07-31 16:26:44.056 [main] DEBUG org.springframework.beans.factory.support.DefaultListableBeanFactory - Creating shared instance of singleton bean 'org.springdoc.core.configuration.SpringDocConfiguration$WebConversionServiceConfiguration'
2025-07-31 16:26:44.058 [main] DEBUG org.springframework.beans.factory.support.DefaultListableBeanFactory - Creating shared instance of singleton bean 'webConversionServiceProvider'
2025-07-31 16:26:44.061 [main] DEBUG org.springframework.beans.factory.support.DefaultListableBeanFactory - Creating shared instance of singleton bean 'initExtraSchemas'
2025-07-31 16:26:44.061 [main] DEBUG org.springframework.beans.factory.support.DefaultListableBeanFactory - Creating shared instance of singleton bean 'localSpringDocParameterNameDiscoverer'
2025-07-31 16:26:44.066 [main] DEBUG org.springframework.beans.factory.support.DefaultListableBeanFactory - Creating shared instance of singleton bean 'additionalModelsConverter'
2025-07-31 16:26:44.066 [main] DEBUG org.springframework.beans.factory.support.DefaultListableBeanFactory - Autowiring by type from bean name 'additionalModelsConverter' via factory method to bean named 'springdocObjectMapperProvider'
2025-07-31 16:26:44.069 [main] DEBUG org.springframework.beans.factory.support.DefaultListableBeanFactory - Creating shared instance of singleton bean 'fileSupportConverter'
2025-07-31 16:26:44.069 [main] DEBUG org.springframework.beans.factory.support.DefaultListableBeanFactory - Autowiring by type from bean name 'fileSupportConverter' via factory method to bean named 'springdocObjectMapperProvider'
2025-07-31 16:26:44.073 [main] DEBUG org.springframework.beans.factory.support.DefaultListableBeanFactory - Creating shared instance of singleton bean 'responseSupportConverter'
2025-07-31 16:26:44.073 [main] DEBUG org.springframework.beans.factory.support.DefaultListableBeanFactory - Autowiring by type from bean name 'responseSupportConverter' via factory method to bean named 'springdocObjectMapperProvider'
2025-07-31 16:26:44.076 [main] DEBUG org.springframework.beans.factory.support.DefaultListableBeanFactory - Creating shared instance of singleton bean 'schemaPropertyDeprecatingConverter'
2025-07-31 16:26:44.078 [main] DEBUG org.springframework.beans.factory.support.DefaultListableBeanFactory - Creating shared instance of singleton bean 'polymorphicModelConverter'
2025-07-31 16:26:44.078 [main] DEBUG org.springframework.beans.factory.support.DefaultListableBeanFactory - Autowiring by type from bean name 'polymorphicModelConverter' via factory method to bean named 'springdocObjectMapperProvider'
2025-07-31 16:26:44.083 [main] DEBUG org.springframework.beans.factory.support.DefaultListableBeanFactory - Creating shared instance of singleton bean 'openAPIBuilder'
2025-07-31 16:26:44.087 [main] DEBUG org.springframework.beans.factory.support.DefaultListableBeanFactory - Creating shared instance of singleton bean 'securityParser'
2025-07-31 16:26:44.088 [main] DEBUG org.springframework.beans.factory.support.DefaultListableBeanFactory - Creating shared instance of singleton bean 'propertyResolverUtils'
2025-07-31 16:26:44.089 [main] DEBUG org.springframework.beans.factory.support.DefaultListableBeanFactory - Autowiring by type from bean name 'propertyResolverUtils' via factory method to bean named 'org.springframework.beans.factory.support.DefaultListableBeanFactory@4ac86d6a'
2025-07-31 16:26:44.089 [main] DEBUG org.springframework.beans.factory.support.DefaultListableBeanFactory - Autowiring by type from bean name 'propertyResolverUtils' via factory method to bean named 'messageSource'
2025-07-31 16:26:44.089 [main] DEBUG org.springframework.beans.factory.support.DefaultListableBeanFactory - Autowiring by type from bean name 'propertyResolverUtils' via factory method to bean named 'org.springdoc.core.properties.SpringDocConfigProperties'
2025-07-31 16:26:44.091 [main] DEBUG org.springframework.beans.factory.support.DefaultListableBeanFactory - Autowiring by type from bean name 'securityParser' via factory method to bean named 'propertyResolverUtils'
2025-07-31 16:26:44.101 [main] DEBUG org.springframework.beans.factory.support.DefaultListableBeanFactory - Autowiring by type from bean name 'openAPIBuilder' via factory method to bean named 'securityParser'
2025-07-31 16:26:44.101 [main] DEBUG org.springframework.beans.factory.support.DefaultListableBeanFactory - Autowiring by type from bean name 'openAPIBuilder' via factory method to bean named 'org.springdoc.core.properties.SpringDocConfigProperties'
2025-07-31 16:26:44.102 [main] DEBUG org.springframework.beans.factory.support.DefaultListableBeanFactory - Autowiring by type from bean name 'openAPIBuilder' via factory method to bean named 'propertyResolverUtils'
2025-07-31 16:26:44.108 [main] DEBUG org.springframework.beans.factory.support.DefaultListableBeanFactory - Creating shared instance of singleton bean 'modelConverterRegistrar'
2025-07-31 16:26:44.109 [main] DEBUG org.springframework.beans.factory.support.DefaultListableBeanFactory - Creating shared instance of singleton bean 'oas31ModelConverter'
2025-07-31 16:26:44.110 [main] DEBUG org.springframework.beans.factory.support.DefaultListableBeanFactory - Autowiring by type from bean name 'oas31ModelConverter' via factory method to bean named 'org.springdoc.core.properties.SpringDocConfigProperties'
2025-07-31 16:26:44.112 [main] DEBUG org.springframework.beans.factory.support.DefaultListableBeanFactory - Creating shared instance of singleton bean 'pageableOpenAPIConverter'
2025-07-31 16:26:44.112 [main] DEBUG org.springframework.beans.factory.support.DefaultListableBeanFactory - Creating shared instance of singleton bean 'org.springdoc.core.configuration.SpringDocPageableConfiguration'
2025-07-31 16:26:44.114 [main] DEBUG org.springframework.beans.factory.support.DefaultListableBeanFactory - Autowiring by type from bean name 'pageableOpenAPIConverter' via factory method to bean named 'springdocObjectMapperProvider'
2025-07-31 16:26:44.118 [main] DEBUG org.springframework.beans.factory.support.DefaultListableBeanFactory - Creating shared instance of singleton bean 'pageOpenAPIConverter'
2025-07-31 16:26:44.118 [main] DEBUG org.springframework.beans.factory.support.DefaultListableBeanFactory - Autowiring by type from bean name 'pageOpenAPIConverter' via factory method to bean named 'springdocObjectMapperProvider'
2025-07-31 16:26:44.127 [main] DEBUG org.springframework.beans.factory.support.DefaultListableBeanFactory - Creating shared instance of singleton bean 'sortOpenAPIConverter'
2025-07-31 16:26:44.128 [main] DEBUG org.springframework.beans.factory.support.DefaultListableBeanFactory - Creating shared instance of singleton bean 'org.springdoc.core.configuration.SpringDocSortConfiguration'
2025-07-31 16:26:44.130 [main] DEBUG org.springframework.beans.factory.support.DefaultListableBeanFactory - Autowiring by type from bean name 'sortOpenAPIConverter' via factory method to bean named 'springdocObjectMapperProvider'
2025-07-31 16:26:44.133 [main] DEBUG org.springframework.beans.factory.support.DefaultListableBeanFactory - Autowiring by type from bean name 'modelConverterRegistrar' via factory method to bean named 'org.springdoc.core.properties.SpringDocConfigProperties'
2025-07-31 16:26:44.157 [main] DEBUG org.springframework.beans.factory.support.DefaultListableBeanFactory - Creating shared instance of singleton bean 'operationBuilder'
2025-07-31 16:26:44.167 [main] DEBUG org.springframework.beans.factory.support.DefaultListableBeanFactory - Creating shared instance of singleton bean 'parameterBuilder'
2025-07-31 16:26:44.168 [main] DEBUG org.springframework.beans.factory.support.DefaultListableBeanFactory - Creating shared instance of singleton bean 'parameterObjectNamingStrategyCustomizer'
2025-07-31 16:26:44.171 [main] DEBUG org.springframework.beans.factory.support.DefaultListableBeanFactory - Creating shared instance of singleton bean 'dataRestDelegatingMethodParameterCustomizer'
2025-07-31 16:26:44.180 [main] DEBUG org.springframework.beans.factory.support.DefaultListableBeanFactory - Autowiring by type from bean name 'parameterBuilder' via factory method to bean named 'propertyResolverUtils'
2025-07-31 16:26:44.180 [main] DEBUG org.springframework.beans.factory.support.DefaultListableBeanFactory - Autowiring by type from bean name 'parameterBuilder' via factory method to bean named 'springdocObjectMapperProvider'
2025-07-31 16:26:44.188 [main] DEBUG org.springframework.beans.factory.support.DefaultListableBeanFactory - Creating shared instance of singleton bean 'requestBodyBuilder'
2025-07-31 16:26:44.188 [main] DEBUG org.springframework.beans.factory.support.DefaultListableBeanFactory - Autowiring by type from bean name 'requestBodyBuilder' via factory method to bean named 'parameterBuilder'
2025-07-31 16:26:44.189 [main] DEBUG org.springframework.beans.factory.support.DefaultListableBeanFactory - Autowiring by type from bean name 'requestBodyBuilder' via factory method to bean named 'propertyResolverUtils'
2025-07-31 16:26:44.192 [main] DEBUG org.springframework.beans.factory.support.DefaultListableBeanFactory - Autowiring by type from bean name 'operationBuilder' via factory method to bean named 'parameterBuilder'
2025-07-31 16:26:44.192 [main] DEBUG org.springframework.beans.factory.support.DefaultListableBeanFactory - Autowiring by type from bean name 'operationBuilder' via factory method to bean named 'requestBodyBuilder'
2025-07-31 16:26:44.192 [main] DEBUG org.springframework.beans.factory.support.DefaultListableBeanFactory - Autowiring by type from bean name 'operationBuilder' via factory method to bean named 'securityParser'
2025-07-31 16:26:44.192 [main] DEBUG org.springframework.beans.factory.support.DefaultListableBeanFactory - Autowiring by type from bean name 'operationBuilder' via factory method to bean named 'propertyResolverUtils'
2025-07-31 16:26:44.194 [main] DEBUG org.springframework.beans.factory.support.DefaultListableBeanFactory - Creating shared instance of singleton bean 'springDocProviders'
2025-07-31 16:26:44.197 [main] DEBUG org.springframework.beans.factory.support.DefaultListableBeanFactory - Creating shared instance of singleton bean 'routerFunctionProvider'
2025-07-31 16:26:44.197 [main] DEBUG org.springframework.beans.factory.support.DefaultListableBeanFactory - Creating shared instance of singleton bean 'org.springdoc.webmvc.core.configuration.SpringDocWebMvcConfiguration$SpringDocWebMvcRouterConfiguration'
2025-07-31 16:26:44.202 [main] DEBUG org.springframework.beans.factory.support.DefaultListableBeanFactory - Autowiring by type from bean name 'springDocProviders' via factory method to bean named 'springdocObjectMapperProvider'
2025-07-31 16:26:44.209 [main] DEBUG org.springframework.beans.factory.support.DefaultListableBeanFactory - Creating shared instance of singleton bean 'springDocCustomizers'
2025-07-31 16:26:44.213 [main] DEBUG org.springframework.beans.factory.support.DefaultListableBeanFactory - Creating shared instance of singleton bean 'globalOpenApiCustomizer'
2025-07-31 16:26:44.222 [main] DEBUG org.springframework.beans.factory.support.DefaultListableBeanFactory - Creating shared instance of singleton bean 'org.springdoc.core.configuration.SpringDocSecurityConfiguration$SpringSecurityLoginEndpointConfiguration'
2025-07-31 16:26:44.222 [main] DEBUG org.springframework.beans.factory.support.DefaultListableBeanFactory - Creating shared instance of singleton bean 'org.springdoc.core.configuration.SpringDocSecurityConfiguration'
2025-07-31 16:26:44.234 [main] DEBUG org.springframework.beans.factory.support.DefaultListableBeanFactory - Autowiring by type from bean name 'org.springdoc.core.configuration.SpringDocSecurityConfiguration$SpringSecurityLoginEndpointConfiguration' via constructor to bean named 'org.springdoc.core.configuration.SpringDocSecurityConfiguration'
2025-07-31 16:26:44.236 [main] DEBUG org.springframework.beans.factory.support.DefaultListableBeanFactory - Creating shared instance of singleton bean 'org.springdoc.webmvc.core.configuration.SpringDocWebMvcConfiguration$SpringDocWebMvcActuatorConfiguration'
2025-07-31 16:26:44.241 [main] DEBUG org.springframework.beans.factory.support.DefaultListableBeanFactory - Creating shared instance of singleton bean 'openApiResource'
2025-07-31 16:26:44.241 [main] DEBUG org.springframework.beans.factory.support.DefaultListableBeanFactory - Creating shared instance of singleton bean 'requestBuilder'
2025-07-31 16:26:44.243 [main] DEBUG org.springframework.beans.factory.support.DefaultListableBeanFactory - Autowiring by type from bean name 'requestBuilder' via factory method to bean named 'parameterBuilder'
2025-07-31 16:26:44.243 [main] DEBUG org.springframework.beans.factory.support.DefaultListableBeanFactory - Autowiring by type from bean name 'requestBuilder' via factory method to bean named 'requestBodyBuilder'
2025-07-31 16:26:44.244 [main] DEBUG org.springframework.beans.factory.support.DefaultListableBeanFactory - Autowiring by type from bean name 'requestBuilder' via factory method to bean named 'localSpringDocParameterNameDiscoverer'
2025-07-31 16:26:44.250 [main] DEBUG org.springframework.beans.factory.support.DefaultListableBeanFactory - Creating shared instance of singleton bean 'responseBuilder'
2025-07-31 16:26:44.251 [main] DEBUG org.springframework.beans.factory.support.DefaultListableBeanFactory - Autowiring by type from bean name 'responseBuilder' via factory method to bean named 'operationBuilder'
2025-07-31 16:26:44.251 [main] DEBUG org.springframework.beans.factory.support.DefaultListableBeanFactory - Autowiring by type from bean name 'responseBuilder' via factory method to bean named 'org.springdoc.core.properties.SpringDocConfigProperties'
2025-07-31 16:26:44.251 [main] DEBUG org.springframework.beans.factory.support.DefaultListableBeanFactory - Autowiring by type from bean name 'responseBuilder' via factory method to bean named 'propertyResolverUtils'
2025-07-31 16:26:44.260 [main] DEBUG org.springframework.beans.factory.support.DefaultListableBeanFactory - Autowiring by type from bean name 'openApiResource' via factory method to bean named 'requestBuilder'
2025-07-31 16:26:44.260 [main] DEBUG org.springframework.beans.factory.support.DefaultListableBeanFactory - Autowiring by type from bean name 'openApiResource' via factory method to bean named 'responseBuilder'
2025-07-31 16:26:44.260 [main] DEBUG org.springframework.beans.factory.support.DefaultListableBeanFactory - Autowiring by type from bean name 'openApiResource' via factory method to bean named 'operationBuilder'
2025-07-31 16:26:44.260 [main] DEBUG org.springframework.beans.factory.support.DefaultListableBeanFactory - Autowiring by type from bean name 'openApiResource' via factory method to bean named 'org.springdoc.core.properties.SpringDocConfigProperties'
2025-07-31 16:26:44.260 [main] DEBUG org.springframework.beans.factory.support.DefaultListableBeanFactory - Autowiring by type from bean name 'openApiResource' via factory method to bean named 'springDocProviders'
2025-07-31 16:26:44.261 [main] DEBUG org.springframework.beans.factory.support.DefaultListableBeanFactory - Autowiring by type from bean name 'openApiResource' via factory method to bean named 'springDocCustomizers'
2025-07-31 16:26:44.271 [main] DEBUG org.springframework.beans.factory.support.DefaultListableBeanFactory - Creating shared instance of singleton bean 'swaggerConfigResource'
2025-07-31 16:26:44.272 [main] DEBUG org.springframework.beans.factory.support.DefaultListableBeanFactory - Autowiring by type from bean name 'swaggerConfigResource' via factory method to bean named 'swaggerWelcome'
2025-07-31 16:26:44.274 [main] DEBUG org.springframework.beans.factory.support.DefaultListableBeanFactory - Creating shared instance of singleton bean 'org.springframework.boot.autoconfigure.availability.ApplicationAvailabilityAutoConfiguration'
2025-07-31 16:26:44.277 [main] DEBUG org.springframework.beans.factory.support.DefaultListableBeanFactory - Creating shared instance of singleton bean 'applicationAvailability'
2025-07-31 16:26:44.285 [main] DEBUG org.springframework.beans.factory.support.DefaultListableBeanFactory - Creating shared instance of singleton bean 'org.springframework.boot.actuate.autoconfigure.availability.AvailabilityHealthContributorAutoConfiguration'
2025-07-31 16:26:44.292 [main] DEBUG org.springframework.beans.factory.support.DefaultListableBeanFactory - Creating shared instance of singleton bean 'org.springframework.boot.autoconfigure.transaction.jta.JtaAutoConfiguration'
2025-07-31 16:26:44.294 [main] DEBUG org.springframework.beans.factory.support.DefaultListableBeanFactory - Creating shared instance of singleton bean 'org.springframework.boot.autoconfigure.jdbc.metadata.DataSourcePoolMetadataProvidersConfiguration'
2025-07-31 16:26:44.296 [main] DEBUG org.springframework.beans.factory.support.DefaultListableBeanFactory - Creating shared instance of singleton bean 'org.springframework.boot.autoconfigure.jdbc.DataSourceAutoConfiguration'
2025-07-31 16:26:44.298 [main] DEBUG org.springframework.beans.factory.support.DefaultListableBeanFactory - Creating shared instance of singleton bean 'org.springframework.boot.autoconfigure.transaction.TransactionManagerCustomizationAutoConfiguration'
2025-07-31 16:26:44.300 [main] DEBUG org.springframework.beans.factory.support.DefaultListableBeanFactory - Creating shared instance of singleton bean 'platformTransactionManagerCustomizers'
2025-07-31 16:26:44.301 [main] DEBUG org.springframework.beans.factory.support.DefaultListableBeanFactory - Creating shared instance of singleton bean 'transactionExecutionListeners'
2025-07-31 16:26:44.305 [main] DEBUG org.springframework.beans.factory.support.DefaultListableBeanFactory - Creating shared instance of singleton bean 'spring.transaction-org.springframework.boot.autoconfigure.transaction.TransactionProperties'
2025-07-31 16:26:44.310 [main] DEBUG org.springframework.beans.factory.support.DefaultListableBeanFactory - Creating shared instance of singleton bean 'org.springframework.boot.autoconfigure.orm.jpa.JpaBaseConfiguration$PersistenceManagedTypesConfiguration'
2025-07-31 16:26:44.312 [main] DEBUG org.springframework.beans.factory.support.DefaultListableBeanFactory - Creating shared instance of singleton bean 'transactionManager'
2025-07-31 16:26:44.338 [main] DEBUG org.springframework.beans.factory.support.DefaultListableBeanFactory - Creating shared instance of singleton bean 'org.springframework.boot.autoconfigure.orm.jpa.HibernateJpaAutoConfiguration'
2025-07-31 16:26:44.340 [main] DEBUG org.springframework.beans.factory.support.DefaultListableBeanFactory - Creating shared instance of singleton bean 'healthEndpointGroupMembershipValidator'
2025-07-31 16:26:44.341 [main] DEBUG org.springframework.beans.factory.support.DefaultListableBeanFactory - Autowiring by type from bean name 'healthEndpointGroupMembershipValidator' via factory method to bean named 'management.endpoint.health-org.springframework.boot.actuate.autoconfigure.health.HealthEndpointProperties'
2025-07-31 16:26:44.341 [main] DEBUG org.springframework.beans.factory.support.DefaultListableBeanFactory - Autowiring by type from bean name 'healthEndpointGroupMembershipValidator' via factory method to bean named 'healthContributorRegistry'
2025-07-31 16:26:44.347 [main] DEBUG org.springframework.beans.factory.support.DefaultListableBeanFactory - Creating shared instance of singleton bean 'org.springframework.boot.actuate.autoconfigure.health.ReactiveHealthEndpointConfiguration'
2025-07-31 16:26:44.349 [main] DEBUG org.springframework.beans.factory.support.DefaultListableBeanFactory - Creating shared instance of singleton bean 'reactiveHealthContributorRegistry'
2025-07-31 16:26:44.351 [main] DEBUG org.springframework.beans.factory.support.DefaultListableBeanFactory - Autowiring by type from bean name 'reactiveHealthContributorRegistry' via factory method to bean named 'sslHealthIndicator'
2025-07-31 16:26:44.351 [main] DEBUG org.springframework.beans.factory.support.DefaultListableBeanFactory - Autowiring by type from bean name 'reactiveHealthContributorRegistry' via factory method to bean named 'diskSpaceHealthIndicator'
2025-07-31 16:26:44.351 [main] DEBUG org.springframework.beans.factory.support.DefaultListableBeanFactory - Autowiring by type from bean name 'reactiveHealthContributorRegistry' via factory method to bean named 'pingHealthContributor'
2025-07-31 16:26:44.351 [main] DEBUG org.springframework.beans.factory.support.DefaultListableBeanFactory - Autowiring by type from bean name 'reactiveHealthContributorRegistry' via factory method to bean named 'dbHealthContributor'
2025-07-31 16:26:44.351 [main] DEBUG org.springframework.beans.factory.support.DefaultListableBeanFactory - Autowiring by type from bean name 'reactiveHealthContributorRegistry' via factory method to bean named 'healthEndpointGroups'
2025-07-31 16:26:44.364 [main] DEBUG org.springframework.beans.factory.support.DefaultListableBeanFactory - Creating shared instance of singleton bean 'org.springframework.boot.actuate.autoconfigure.health.HealthEndpointAutoConfiguration'
2025-07-31 16:26:44.366 [main] DEBUG org.springframework.beans.factory.support.DefaultListableBeanFactory - Creating shared instance of singleton bean 'org.springframework.boot.autoconfigure.info.ProjectInfoAutoConfiguration'
2025-07-31 16:26:44.367 [main] DEBUG org.springframework.beans.factory.support.DefaultListableBeanFactory - Creating shared instance of singleton bean 'spring.info-org.springframework.boot.autoconfigure.info.ProjectInfoProperties'
2025-07-31 16:26:44.369 [main] DEBUG org.springframework.beans.factory.support.DefaultListableBeanFactory - Autowiring by type from bean name 'org.springframework.boot.autoconfigure.info.ProjectInfoAutoConfiguration' via constructor to bean named 'spring.info-org.springframework.boot.autoconfigure.info.ProjectInfoProperties'
2025-07-31 16:26:44.371 [main] DEBUG org.springframework.beans.factory.support.DefaultListableBeanFactory - Creating shared instance of singleton bean 'org.springframework.boot.actuate.autoconfigure.info.InfoContributorAutoConfiguration'
2025-07-31 16:26:44.384 [main] DEBUG org.springframework.beans.factory.support.DefaultListableBeanFactory - Creating shared instance of singleton bean 'management.info-org.springframework.boot.actuate.autoconfigure.info.InfoContributorProperties'
2025-07-31 16:26:44.388 [main] DEBUG org.springframework.beans.factory.support.DefaultListableBeanFactory - Creating shared instance of singleton bean 'org.springframework.boot.actuate.autoconfigure.web.servlet.ServletManagementContextAutoConfiguration'
2025-07-31 16:26:44.390 [main] DEBUG org.springframework.beans.factory.support.DefaultListableBeanFactory - Creating shared instance of singleton bean 'servletWebChildContextFactory'
2025-07-31 16:26:44.394 [main] DEBUG org.springframework.beans.factory.support.DefaultListableBeanFactory - Creating shared instance of singleton bean 'managementServletContext'
2025-07-31 16:26:44.394 [main] DEBUG org.springframework.beans.factory.support.DefaultListableBeanFactory - Autowiring by type from bean name 'managementServletContext' via factory method to bean named 'management.endpoints.web-org.springframework.boot.actuate.autoconfigure.endpoint.web.WebEndpointProperties'
2025-07-31 16:26:44.401 [main] DEBUG org.springframework.beans.factory.support.DefaultListableBeanFactory - Creating shared instance of singleton bean 'pathMappedEndpoints'
2025-07-31 16:26:44.403 [main] DEBUG org.springframework.beans.factory.support.DefaultListableBeanFactory - Autowiring by type from bean name 'pathMappedEndpoints' via factory method to bean named 'servletEndpointDiscoverer'
2025-07-31 16:26:44.403 [main] DEBUG org.springframework.beans.factory.support.DefaultListableBeanFactory - Autowiring by type from bean name 'pathMappedEndpoints' via factory method to bean named 'webEndpointDiscoverer'
2025-07-31 16:26:44.403 [main] DEBUG org.springframework.beans.factory.support.DefaultListableBeanFactory - Autowiring by type from bean name 'pathMappedEndpoints' via factory method to bean named 'controllerEndpointDiscoverer'
2025-07-31 16:26:44.406 [main] DEBUG org.springframework.beans.factory.support.DefaultListableBeanFactory - Creating shared instance of singleton bean 'org.springframework.boot.autoconfigure.liquibase.LiquibaseAutoConfiguration$CustomizerConfiguration'
2025-07-31 16:26:44.408 [main] DEBUG org.springframework.beans.factory.support.DefaultListableBeanFactory - Creating shared instance of singleton bean 'meterRegistryCloser'
2025-07-31 16:26:44.411 [main] DEBUG org.springframework.beans.factory.support.DefaultListableBeanFactory - Creating shared instance of singleton bean 'org.springframework.boot.actuate.autoconfigure.metrics.CompositeMeterRegistryAutoConfiguration'
2025-07-31 16:26:44.413 [main] DEBUG org.springframework.beans.factory.support.DefaultListableBeanFactory - Creating shared instance of singleton bean 'org.springframework.boot.actuate.autoconfigure.metrics.JvmMetricsAutoConfiguration'
2025-07-31 16:26:44.416 [main] DEBUG org.springframework.beans.factory.support.DefaultListableBeanFactory - Creating shared instance of singleton bean 'jvmGcMetrics'
2025-07-31 16:26:44.427 [main] DEBUG org.springframework.beans.factory.support.DefaultListableBeanFactory - Creating shared instance of singleton bean 'jvmHeapPressureMetrics'
2025-07-31 16:26:44.433 [main] DEBUG org.springframework.beans.factory.support.DefaultListableBeanFactory - Creating shared instance of singleton bean 'jvmMemoryMetrics'
2025-07-31 16:26:44.435 [main] DEBUG org.springframework.beans.factory.support.DefaultListableBeanFactory - Creating shared instance of singleton bean 'jvmThreadMetrics'
2025-07-31 16:26:44.438 [main] DEBUG org.springframework.beans.factory.support.DefaultListableBeanFactory - Creating shared instance of singleton bean 'classLoaderMetrics'
2025-07-31 16:26:44.440 [main] DEBUG org.springframework.beans.factory.support.DefaultListableBeanFactory - Creating shared instance of singleton bean 'jvmInfoMetrics'
2025-07-31 16:26:44.442 [main] DEBUG org.springframework.beans.factory.support.DefaultListableBeanFactory - Creating shared instance of singleton bean 'jvmCompilationMetrics'
2025-07-31 16:26:44.444 [main] DEBUG org.springframework.beans.factory.support.DefaultListableBeanFactory - Creating shared instance of singleton bean 'org.springframework.boot.actuate.autoconfigure.metrics.Log4J2MetricsAutoConfiguration'
2025-07-31 16:26:44.446 [main] DEBUG org.springframework.beans.factory.support.DefaultListableBeanFactory - Creating shared instance of singleton bean 'log4j2Metrics'
2025-07-31 16:26:44.450 [main] DEBUG org.springframework.beans.factory.support.DefaultListableBeanFactory - Creating shared instance of singleton bean 'org.springframework.boot.actuate.autoconfigure.metrics.SystemMetricsAutoConfiguration'
2025-07-31 16:26:44.452 [main] DEBUG org.springframework.beans.factory.support.DefaultListableBeanFactory - Creating shared instance of singleton bean 'uptimeMetrics'
2025-07-31 16:26:44.454 [main] DEBUG org.springframework.beans.factory.support.DefaultListableBeanFactory - Creating shared instance of singleton bean 'processorMetrics'
2025-07-31 16:26:44.465 [main] DEBUG org.springframework.beans.factory.support.DefaultListableBeanFactory - Creating shared instance of singleton bean 'fileDescriptorMetrics'
2025-07-31 16:26:44.467 [main] DEBUG org.springframework.beans.factory.support.DefaultListableBeanFactory - Creating shared instance of singleton bean 'diskSpaceMetrics'
2025-07-31 16:26:44.468 [main] DEBUG org.springframework.beans.factory.support.DefaultListableBeanFactory - Autowiring by type from bean name 'diskSpaceMetrics' via factory method to bean named 'management.metrics-org.springframework.boot.actuate.autoconfigure.metrics.MetricsProperties'
2025-07-31 16:26:44.470 [main] DEBUG org.springframework.beans.factory.support.DefaultListableBeanFactory - Creating shared instance of singleton bean 'org.springframework.boot.actuate.autoconfigure.metrics.integration.IntegrationMetricsAutoConfiguration'
2025-07-31 16:26:44.472 [main] DEBUG org.springframework.beans.factory.support.DefaultListableBeanFactory - Creating shared instance of singleton bean 'org.springframework.boot.actuate.autoconfigure.metrics.jdbc.DataSourcePoolMetricsAutoConfiguration$HikariDataSourceMetricsConfiguration'
2025-07-31 16:26:44.474 [main] DEBUG org.springframework.beans.factory.support.DefaultListableBeanFactory - Creating shared instance of singleton bean 'hikariDataSourceMeterBinder'
2025-07-31 16:26:44.476 [main] DEBUG org.springframework.beans.factory.support.DefaultListableBeanFactory - Creating shared instance of singleton bean 'org.springframework.boot.actuate.autoconfigure.metrics.jdbc.DataSourcePoolMetricsAutoConfiguration$DataSourcePoolMetadataMetricsConfiguration'
2025-07-31 16:26:44.478 [main] DEBUG org.springframework.beans.factory.support.DefaultListableBeanFactory - Creating shared instance of singleton bean 'dataSourcePoolMetadataMeterBinder'
2025-07-31 16:26:44.478 [main] DEBUG org.springframework.beans.factory.support.DefaultListableBeanFactory - Autowiring by type from bean name 'dataSourcePoolMetadataMeterBinder' via factory method to bean named 'org.springframework.beans.factory.support.DefaultListableBeanFactory@4ac86d6a'
2025-07-31 16:26:44.480 [main] DEBUG org.springframework.beans.factory.support.DefaultListableBeanFactory - Creating shared instance of singleton bean 'org.springframework.boot.actuate.autoconfigure.metrics.jdbc.DataSourcePoolMetricsAutoConfiguration'
2025-07-31 16:26:44.482 [main] DEBUG org.springframework.beans.factory.support.DefaultListableBeanFactory - Creating shared instance of singleton bean 'org.springframework.boot.actuate.autoconfigure.metrics.startup.StartupTimeMetricsListenerAutoConfiguration'
2025-07-31 16:26:44.483 [main] DEBUG org.springframework.beans.factory.support.DefaultListableBeanFactory - Creating shared instance of singleton bean 'startupTimeMetrics'
2025-07-31 16:26:44.484 [main] DEBUG org.springframework.beans.factory.support.DefaultListableBeanFactory - Autowiring by type from bean name 'startupTimeMetrics' via factory method to bean named 'simpleMeterRegistry'
2025-07-31 16:26:44.487 [main] DEBUG org.springframework.beans.factory.support.DefaultListableBeanFactory - Creating shared instance of singleton bean 'org.springframework.boot.autoconfigure.task.TaskSchedulingConfigurations$ThreadPoolTaskSchedulerBuilderConfiguration'
2025-07-31 16:26:44.489 [main] DEBUG org.springframework.beans.factory.support.DefaultListableBeanFactory - Creating shared instance of singleton bean 'threadPoolTaskSchedulerBuilder'
2025-07-31 16:26:44.491 [main] DEBUG org.springframework.beans.factory.support.DefaultListableBeanFactory - Creating shared instance of singleton bean 'spring.task.scheduling-org.springframework.boot.autoconfigure.task.TaskSchedulingProperties'
2025-07-31 16:26:44.494 [main] DEBUG org.springframework.beans.factory.support.DefaultListableBeanFactory - Autowiring by type from bean name 'threadPoolTaskSchedulerBuilder' via factory method to bean named 'spring.task.scheduling-org.springframework.boot.autoconfigure.task.TaskSchedulingProperties'
2025-07-31 16:26:44.497 [main] DEBUG org.springframework.beans.factory.support.DefaultListableBeanFactory - Creating shared instance of singleton bean 'org.springframework.boot.autoconfigure.task.TaskSchedulingConfigurations$SimpleAsyncTaskSchedulerBuilderConfiguration'
2025-07-31 16:26:44.499 [main] DEBUG org.springframework.beans.factory.support.DefaultListableBeanFactory - Autowiring by type from bean name 'org.springframework.boot.autoconfigure.task.TaskSchedulingConfigurations$SimpleAsyncTaskSchedulerBuilderConfiguration' via constructor to bean named 'spring.task.scheduling-org.springframework.boot.autoconfigure.task.TaskSchedulingProperties'
2025-07-31 16:26:44.501 [main] DEBUG org.springframework.beans.factory.support.DefaultListableBeanFactory - Creating shared instance of singleton bean 'simpleAsyncTaskSchedulerBuilder'
2025-07-31 16:26:44.506 [main] DEBUG org.springframework.beans.factory.support.DefaultListableBeanFactory - Creating shared instance of singleton bean 'org.springframework.boot.autoconfigure.task.TaskSchedulingAutoConfiguration'
2025-07-31 16:26:44.508 [main] DEBUG org.springframework.beans.factory.support.DefaultListableBeanFactory - Creating shared instance of singleton bean 'org.springframework.boot.actuate.autoconfigure.metrics.task.TaskExecutorMetricsAutoConfiguration'
2025-07-31 16:26:44.532 [main] DEBUG org.springframework.beans.factory.support.DefaultListableBeanFactory - Creating shared instance of singleton bean 'eagerTaskExecutorMetrics'
2025-07-31 16:26:44.539 [main] DEBUG org.springframework.beans.factory.support.DefaultListableBeanFactory - Creating shared instance of singleton bean 'org.springframework.boot.actuate.autoconfigure.metrics.web.tomcat.TomcatMetricsAutoConfiguration'
2025-07-31 16:26:44.541 [main] DEBUG org.springframework.beans.factory.support.DefaultListableBeanFactory - Creating shared instance of singleton bean 'tomcatMetricsBinder'
2025-07-31 16:26:44.542 [main] DEBUG org.springframework.beans.factory.support.DefaultListableBeanFactory - Autowiring by type from bean name 'tomcatMetricsBinder' via factory method to bean named 'simpleMeterRegistry'
2025-07-31 16:26:44.543 [main] DEBUG org.springframework.beans.factory.support.DefaultListableBeanFactory - Creating shared instance of singleton bean 'org.springframework.boot.actuate.autoconfigure.observation.ObservationAutoConfiguration$ObservedAspectConfiguration'
2025-07-31 16:26:44.545 [main] DEBUG org.springframework.beans.factory.support.DefaultListableBeanFactory - Creating shared instance of singleton bean 'observedAspect'
2025-07-31 16:26:44.545 [main] DEBUG org.springframework.beans.factory.support.DefaultListableBeanFactory - Autowiring by type from bean name 'observedAspect' via factory method to bean named 'observationRegistry'
2025-07-31 16:26:44.549 [main] DEBUG org.springframework.beans.factory.support.DefaultListableBeanFactory - Creating shared instance of singleton bean 'org.springframework.boot.actuate.autoconfigure.observation.ObservationAutoConfiguration$MeterObservationHandlerConfiguration'
2025-07-31 16:26:44.551 [main] DEBUG org.springframework.beans.factory.support.DefaultListableBeanFactory - Creating shared instance of singleton bean 'org.springframework.boot.autoconfigure.gson.GsonAutoConfiguration'
2025-07-31 16:26:44.553 [main] DEBUG org.springframework.beans.factory.support.DefaultListableBeanFactory - Creating shared instance of singleton bean 'gsonBuilder'
2025-07-31 16:26:44.554 [main] DEBUG org.springframework.beans.factory.support.DefaultListableBeanFactory - Creating shared instance of singleton bean 'standardGsonBuilderCustomizer'
2025-07-31 16:26:44.554 [main] DEBUG org.springframework.beans.factory.support.DefaultListableBeanFactory - Creating shared instance of singleton bean 'spring.gson-org.springframework.boot.autoconfigure.gson.GsonProperties'
2025-07-31 16:26:44.558 [main] DEBUG org.springframework.beans.factory.support.DefaultListableBeanFactory - Autowiring by type from bean name 'standardGsonBuilderCustomizer' via factory method to bean named 'spring.gson-org.springframework.boot.autoconfigure.gson.GsonProperties'
2025-07-31 16:26:44.560 [main] DEBUG org.springframework.beans.factory.support.DefaultListableBeanFactory - Autowiring by type from bean name 'gsonBuilder' via factory method to bean named 'standardGsonBuilderCustomizer'
2025-07-31 16:26:44.645 [main] DEBUG org.springframework.beans.factory.support.DefaultListableBeanFactory - Creating shared instance of singleton bean 'gson'
2025-07-31 16:26:44.646 [main] DEBUG org.springframework.beans.factory.support.DefaultListableBeanFactory - Autowiring by type from bean name 'gson' via factory method to bean named 'gsonBuilder'
2025-07-31 16:26:44.793 [main] DEBUG org.springframework.beans.factory.support.DefaultListableBeanFactory - Creating shared instance of singleton bean 'org.springframework.boot.autoconfigure.http.JacksonHttpMessageConvertersConfiguration'
2025-07-31 16:26:44.795 [main] DEBUG org.springframework.beans.factory.support.DefaultListableBeanFactory - Creating shared instance of singleton bean 'org.springframework.boot.autoconfigure.http.GsonHttpMessageConvertersConfiguration'
2025-07-31 16:26:44.797 [main] DEBUG org.springframework.beans.factory.support.DefaultListableBeanFactory - Creating shared instance of singleton bean 'org.springframework.boot.autoconfigure.http.client.HttpClientAutoConfiguration'
2025-07-31 16:26:44.798 [main] DEBUG org.springframework.beans.factory.support.DefaultListableBeanFactory - Creating shared instance of singleton bean 'clientHttpRequestFactoryBuilder'
2025-07-31 16:26:44.799 [main] DEBUG org.springframework.beans.factory.support.DefaultListableBeanFactory - Creating shared instance of singleton bean 'spring.http.client-org.springframework.boot.autoconfigure.http.client.HttpClientProperties'
2025-07-31 16:26:44.802 [main] DEBUG org.springframework.beans.factory.support.DefaultListableBeanFactory - Autowiring by type from bean name 'clientHttpRequestFactoryBuilder' via factory method to bean named 'spring.http.client-org.springframework.boot.autoconfigure.http.client.HttpClientProperties'
2025-07-31 16:26:44.823 [main] DEBUG org.springframework.beans.factory.support.DefaultListableBeanFactory - Creating shared instance of singleton bean 'clientHttpRequestFactorySettings'
2025-07-31 16:26:44.823 [main] DEBUG org.springframework.beans.factory.support.DefaultListableBeanFactory - Autowiring by type from bean name 'clientHttpRequestFactorySettings' via factory method to bean named 'spring.http.client-org.springframework.boot.autoconfigure.http.client.HttpClientProperties'
2025-07-31 16:26:44.827 [main] DEBUG org.springframework.beans.factory.support.DefaultListableBeanFactory - Creating shared instance of singleton bean 'org.springframework.boot.autoconfigure.web.client.RestClientAutoConfiguration'
2025-07-31 16:26:44.829 [main] DEBUG org.springframework.beans.factory.support.DefaultListableBeanFactory - Creating shared instance of singleton bean 'httpMessageConvertersRestClientCustomizer'
2025-07-31 16:26:44.831 [main] DEBUG org.springframework.beans.factory.support.DefaultListableBeanFactory - Creating shared instance of singleton bean 'restClientSsl'
2025-07-31 16:26:44.831 [main] DEBUG org.springframework.beans.factory.support.DefaultListableBeanFactory - Autowiring by type from bean name 'restClientSsl' via factory method to bean named 'sslBundleRegistry'
2025-07-31 16:26:44.833 [main] DEBUG org.springframework.beans.factory.support.DefaultListableBeanFactory - Creating shared instance of singleton bean 'restClientBuilderConfigurer'
2025-07-31 16:26:44.834 [main] DEBUG org.springframework.beans.factory.support.DefaultListableBeanFactory - Creating shared instance of singleton bean 'observationRestClientCustomizer'
2025-07-31 16:26:44.834 [main] DEBUG org.springframework.beans.factory.support.DefaultListableBeanFactory - Creating shared instance of singleton bean 'org.springframework.boot.actuate.autoconfigure.observation.web.client.RestClientObservationConfiguration'
2025-07-31 16:26:44.837 [main] DEBUG org.springframework.beans.factory.support.DefaultListableBeanFactory - Autowiring by type from bean name 'observationRestClientCustomizer' via factory method to bean named 'observationRegistry'
2025-07-31 16:26:44.837 [main] DEBUG org.springframework.beans.factory.support.DefaultListableBeanFactory - Autowiring by type from bean name 'observationRestClientCustomizer' via factory method to bean named 'management.observations-org.springframework.boot.actuate.autoconfigure.observation.ObservationProperties'
2025-07-31 16:26:44.859 [main] DEBUG org.springframework.beans.factory.support.DefaultListableBeanFactory - Creating shared instance of singleton bean 'org.springframework.boot.autoconfigure.web.client.RestTemplateAutoConfiguration'
2025-07-31 16:26:44.861 [main] DEBUG org.springframework.beans.factory.support.DefaultListableBeanFactory - Creating shared instance of singleton bean 'org.springframework.boot.autoconfigure.reactor.netty.ReactorNettyConfigurations$ReactorResourceFactoryConfiguration'
2025-07-31 16:26:44.863 [main] DEBUG org.springframework.beans.factory.support.DefaultListableBeanFactory - Creating shared instance of singleton bean 'reactorResourceFactory'
2025-07-31 16:26:44.864 [main] DEBUG org.springframework.beans.factory.support.DefaultListableBeanFactory - Creating shared instance of singleton bean 'spring.reactor.netty-org.springframework.boot.autoconfigure.reactor.netty.ReactorNettyProperties'
2025-07-31 16:26:44.867 [main] DEBUG org.springframework.beans.factory.support.DefaultListableBeanFactory - Autowiring by type from bean name 'reactorResourceFactory' via factory method to bean named 'spring.reactor.netty-org.springframework.boot.autoconfigure.reactor.netty.ReactorNettyProperties'
2025-07-31 16:26:44.875 [main] DEBUG org.springframework.beans.factory.support.DefaultListableBeanFactory - Creating shared instance of singleton bean 'org.springframework.boot.autoconfigure.web.reactive.function.client.ClientHttpConnectorFactoryConfiguration$ReactorNetty'
2025-07-31 16:26:44.877 [main] DEBUG org.springframework.beans.factory.support.DefaultListableBeanFactory - Creating shared instance of singleton bean 'reactorClientHttpConnectorFactory'
2025-07-31 16:26:44.878 [main] DEBUG org.springframework.beans.factory.support.DefaultListableBeanFactory - Autowiring by type from bean name 'reactorClientHttpConnectorFactory' via factory method to bean named 'reactorResourceFactory'
2025-07-31 16:26:44.885 [main] DEBUG org.springframework.beans.factory.support.DefaultListableBeanFactory - Creating shared instance of singleton bean 'org.springframework.boot.autoconfigure.web.reactive.function.client.ClientHttpConnectorAutoConfiguration'
2025-07-31 16:26:44.887 [main] DEBUG org.springframework.beans.factory.support.DefaultListableBeanFactory - Creating shared instance of singleton bean 'org.springframework.boot.autoconfigure.web.reactive.function.client.WebClientAutoConfiguration$WebClientCodecsConfiguration'
2025-07-31 16:26:44.889 [main] DEBUG org.springframework.beans.factory.support.DefaultListableBeanFactory - Creating shared instance of singleton bean 'exchangeStrategiesCustomizer'
2025-07-31 16:26:44.893 [main] DEBUG org.springframework.beans.factory.support.DefaultListableBeanFactory - Creating shared instance of singleton bean 'org.springframework.boot.autoconfigure.web.reactive.function.client.WebClientAutoConfiguration'
2025-07-31 16:26:44.895 [main] DEBUG org.springframework.beans.factory.support.DefaultListableBeanFactory - Creating shared instance of singleton bean 'webClientSsl'
2025-07-31 16:26:44.896 [main] DEBUG org.springframework.beans.factory.support.DefaultListableBeanFactory - Autowiring by type from bean name 'webClientSsl' via factory method to bean named 'reactorClientHttpConnectorFactory'
2025-07-31 16:26:44.896 [main] DEBUG org.springframework.beans.factory.support.DefaultListableBeanFactory - Autowiring by type from bean name 'webClientSsl' via factory method to bean named 'sslBundleRegistry'
2025-07-31 16:26:44.897 [main] DEBUG org.springframework.beans.factory.support.DefaultListableBeanFactory - Creating shared instance of singleton bean 'org.springframework.boot.actuate.autoconfigure.observation.web.client.RestTemplateObservationConfiguration'
2025-07-31 16:26:44.899 [main] DEBUG org.springframework.beans.factory.support.DefaultListableBeanFactory - Creating shared instance of singleton bean 'observationRestTemplateCustomizer'
2025-07-31 16:26:44.899 [main] DEBUG org.springframework.beans.factory.support.DefaultListableBeanFactory - Autowiring by type from bean name 'observationRestTemplateCustomizer' via factory method to bean named 'observationRegistry'
2025-07-31 16:26:44.899 [main] DEBUG org.springframework.beans.factory.support.DefaultListableBeanFactory - Autowiring by type from bean name 'observationRestTemplateCustomizer' via factory method to bean named 'management.observations-org.springframework.boot.actuate.autoconfigure.observation.ObservationProperties'
2025-07-31 16:26:44.901 [main] DEBUG org.springframework.beans.factory.support.DefaultListableBeanFactory - Creating shared instance of singleton bean 'org.springframework.boot.actuate.autoconfigure.observation.web.client.WebClientObservationConfiguration'
2025-07-31 16:26:44.903 [main] DEBUG org.springframework.beans.factory.support.DefaultListableBeanFactory - Creating shared instance of singleton bean 'observationWebClientCustomizer'
2025-07-31 16:26:44.903 [main] DEBUG org.springframework.beans.factory.support.DefaultListableBeanFactory - Autowiring by type from bean name 'observationWebClientCustomizer' via factory method to bean named 'observationRegistry'
2025-07-31 16:26:44.904 [main] DEBUG org.springframework.beans.factory.support.DefaultListableBeanFactory - Autowiring by type from bean name 'observationWebClientCustomizer' via factory method to bean named 'management.observations-org.springframework.boot.actuate.autoconfigure.observation.ObservationProperties'
2025-07-31 16:26:44.904 [main] DEBUG org.springframework.beans.factory.support.DefaultListableBeanFactory - Autowiring by type from bean name 'observationWebClientCustomizer' via factory method to bean named 'management.metrics-org.springframework.boot.actuate.autoconfigure.metrics.MetricsProperties'
2025-07-31 16:26:44.919 [main] DEBUG org.springframework.beans.factory.support.DefaultListableBeanFactory - Creating shared instance of singleton bean 'org.springframework.boot.actuate.autoconfigure.observation.web.client.HttpClientObservationsAutoConfiguration'
2025-07-31 16:26:44.921 [main] DEBUG org.springframework.beans.factory.support.DefaultListableBeanFactory - Creating shared instance of singleton bean 'org.springframework.boot.actuate.autoconfigure.observation.web.servlet.WebMvcObservationAutoConfiguration'
2025-07-31 16:26:44.922 [main] DEBUG org.springframework.beans.factory.support.DefaultListableBeanFactory - Creating shared instance of singleton bean 'webMvcObservationFilter'
2025-07-31 16:26:44.923 [main] DEBUG org.springframework.beans.factory.support.DefaultListableBeanFactory - Autowiring by type from bean name 'webMvcObservationFilter' via factory method to bean named 'observationRegistry'
2025-07-31 16:26:44.923 [main] DEBUG org.springframework.beans.factory.support.DefaultListableBeanFactory - Autowiring by type from bean name 'webMvcObservationFilter' via factory method to bean named 'management.observations-org.springframework.boot.actuate.autoconfigure.observation.ObservationProperties'
2025-07-31 16:26:44.936 [main] DEBUG org.springframework.beans.factory.support.DefaultListableBeanFactory - Creating shared instance of singleton bean 'org.springframework.boot.actuate.autoconfigure.scheduling.ScheduledTasksObservabilityAutoConfiguration'
2025-07-31 16:26:44.937 [main] DEBUG org.springframework.beans.factory.support.DefaultListableBeanFactory - Creating shared instance of singleton bean 'observabilitySchedulingConfigurer'
2025-07-31 16:26:44.938 [main] DEBUG org.springframework.beans.factory.support.DefaultListableBeanFactory - Autowiring by type from bean name 'observabilitySchedulingConfigurer' via factory method to bean named 'observationRegistry'
2025-07-31 16:26:44.942 [main] DEBUG org.springframework.beans.factory.support.DefaultListableBeanFactory - Creating shared instance of singleton bean 'org.springframework.boot.autoconfigure.aop.AopAutoConfiguration$AspectJAutoProxyingConfiguration$CglibAutoProxyConfiguration'
2025-07-31 16:26:44.943 [main] DEBUG org.springframework.beans.factory.support.DefaultListableBeanFactory - Creating shared instance of singleton bean 'org.springframework.boot.autoconfigure.aop.AopAutoConfiguration$AspectJAutoProxyingConfiguration'
2025-07-31 16:26:44.944 [main] DEBUG org.springframework.beans.factory.support.DefaultListableBeanFactory - Creating shared instance of singleton bean 'org.springframework.boot.autoconfigure.aop.AopAutoConfiguration'
2025-07-31 16:26:44.946 [main] DEBUG org.springframework.beans.factory.support.DefaultListableBeanFactory - Creating shared instance of singleton bean 'org.springframework.boot.autoconfigure.context.ConfigurationPropertiesAutoConfiguration'
2025-07-31 16:26:44.947 [main] DEBUG org.springframework.beans.factory.support.DefaultListableBeanFactory - Creating shared instance of singleton bean 'org.springframework.boot.autoconfigure.context.LifecycleAutoConfiguration'
2025-07-31 16:26:44.949 [main] DEBUG org.springframework.beans.factory.support.DefaultListableBeanFactory - Creating shared instance of singleton bean 'lifecycleProcessor'
2025-07-31 16:26:44.950 [main] DEBUG org.springframework.beans.factory.support.DefaultListableBeanFactory - Creating shared instance of singleton bean 'spring.lifecycle-org.springframework.boot.autoconfigure.context.LifecycleProperties'
2025-07-31 16:26:44.952 [main] DEBUG org.springframework.beans.factory.support.DefaultListableBeanFactory - Autowiring by type from bean name 'lifecycleProcessor' via factory method to bean named 'spring.lifecycle-org.springframework.boot.autoconfigure.context.LifecycleProperties'
2025-07-31 16:26:44.957 [main] DEBUG org.springframework.beans.factory.support.DefaultListableBeanFactory - Creating shared instance of singleton bean 'org.springframework.boot.autoconfigure.dao.PersistenceExceptionTranslationAutoConfiguration'
2025-07-31 16:26:44.958 [main] DEBUG org.springframework.beans.factory.support.DefaultListableBeanFactory - Creating shared instance of singleton bean 'org.springframework.boot.autoconfigure.jdbc.JdbcTemplateConfiguration'
2025-07-31 16:26:44.960 [main] DEBUG org.springframework.beans.factory.support.DefaultListableBeanFactory - Creating shared instance of singleton bean 'jdbcTemplate'
2025-07-31 16:26:44.961 [main] DEBUG org.springframework.beans.factory.support.DefaultListableBeanFactory - Creating shared instance of singleton bean 'spring.jdbc-org.springframework.boot.autoconfigure.jdbc.JdbcProperties'
2025-07-31 16:26:44.963 [main] DEBUG org.springframework.beans.factory.support.DefaultListableBeanFactory - Autowiring by type from bean name 'jdbcTemplate' via factory method to bean named 'dataSource'
2025-07-31 16:26:44.963 [main] DEBUG org.springframework.beans.factory.support.DefaultListableBeanFactory - Autowiring by type from bean name 'jdbcTemplate' via factory method to bean named 'spring.jdbc-org.springframework.boot.autoconfigure.jdbc.JdbcProperties'
2025-07-31 16:26:44.976 [main] DEBUG org.springframework.beans.factory.support.DefaultListableBeanFactory - Creating shared instance of singleton bean 'org.springframework.boot.autoconfigure.jdbc.NamedParameterJdbcTemplateConfiguration'
2025-07-31 16:26:44.978 [main] DEBUG org.springframework.beans.factory.support.DefaultListableBeanFactory - Creating shared instance of singleton bean 'namedParameterJdbcTemplate'
2025-07-31 16:26:44.979 [main] DEBUG org.springframework.beans.factory.support.DefaultListableBeanFactory - Autowiring by type from bean name 'namedParameterJdbcTemplate' via factory method to bean named 'jdbcTemplate'
2025-07-31 16:26:44.989 [main] DEBUG org.springframework.beans.factory.support.DefaultListableBeanFactory - Creating shared instance of singleton bean 'org.springframework.boot.autoconfigure.jdbc.JdbcTemplateAutoConfiguration'
2025-07-31 16:26:44.991 [main] DEBUG org.springframework.beans.factory.support.DefaultListableBeanFactory - Creating shared instance of singleton bean 'org.springframework.boot.autoconfigure.jdbc.DataSourceTransactionManagerAutoConfiguration$JdbcTransactionManagerConfiguration'
2025-07-31 16:26:44.993 [main] DEBUG org.springframework.beans.factory.support.DefaultListableBeanFactory - Creating shared instance of singleton bean 'org.springframework.boot.autoconfigure.jdbc.DataSourceTransactionManagerAutoConfiguration'
2025-07-31 16:26:44.995 [main] DEBUG org.springframework.beans.factory.support.DefaultListableBeanFactory - Creating shared instance of singleton bean 'org.springframework.boot.autoconfigure.data.jdbc.JdbcRepositoriesAutoConfiguration$SpringBootJdbcConfiguration'
2025-07-31 16:26:44.996 [main] DEBUG org.springframework.beans.factory.support.DefaultListableBeanFactory - Creating shared instance of singleton bean 'spring.data.jdbc-org.springframework.boot.autoconfigure.data.jdbc.JdbcDataProperties'
2025-07-31 16:26:44.998 [main] DEBUG org.springframework.beans.factory.support.DefaultListableBeanFactory - Autowiring by type from bean name 'org.springframework.boot.autoconfigure.data.jdbc.JdbcRepositoriesAutoConfiguration$SpringBootJdbcConfiguration' via constructor to bean named 'org.springframework.web.context.support.GenericWebApplicationContext@7942a854'
2025-07-31 16:26:44.998 [main] DEBUG org.springframework.beans.factory.support.DefaultListableBeanFactory - Autowiring by type from bean name 'org.springframework.boot.autoconfigure.data.jdbc.JdbcRepositoriesAutoConfiguration$SpringBootJdbcConfiguration' via constructor to bean named 'spring.data.jdbc-org.springframework.boot.autoconfigure.data.jdbc.JdbcDataProperties'
2025-07-31 16:26:45.002 [main] DEBUG org.springframework.beans.factory.support.DefaultListableBeanFactory - Creating shared instance of singleton bean 'jdbcManagedTypes'
2025-07-31 16:26:45.140 [main] DEBUG org.springframework.beans.factory.support.DefaultListableBeanFactory - Creating shared instance of singleton bean 'jdbcMappingContext'
2025-07-31 16:26:45.142 [main] DEBUG org.springframework.beans.factory.support.DefaultListableBeanFactory - Creating shared instance of singleton bean 'jdbcCustomConversions'
2025-07-31 16:26:45.142 [main] DEBUG org.springframework.beans.factory.support.DefaultListableBeanFactory - Creating shared instance of singleton bean 'jdbcDialect'
2025-07-31 16:26:45.143 [main] DEBUG org.springframework.beans.factory.support.DefaultListableBeanFactory - Autowiring by type from bean name 'jdbcDialect' via factory method to bean named 'namedParameterJdbcTemplate'
2025-07-31 16:26:45.149 [main] DEBUG org.springframework.jdbc.datasource.DataSourceUtils - Fetching JDBC Connection from DataSource
2025-07-31 16:26:45.215 [main] DEBUG org.springframework.data.convert.CustomConversions - Adding converter from class java.sql.Timestamp to class java.time.LocalDateTime as reading converter
2025-07-31 16:26:45.215 [main] DEBUG org.springframework.data.convert.CustomConversions - Adding converter from class java.sql.Timestamp to class java.time.LocalDate as reading converter
2025-07-31 16:26:45.215 [main] DEBUG org.springframework.data.convert.CustomConversions - Adding converter from class java.time.LocalDate to class java.sql.Timestamp as writing converter
2025-07-31 16:26:45.215 [main] DEBUG org.springframework.data.convert.CustomConversions - Adding converter from class java.sql.Timestamp to class java.time.LocalTime as reading converter
2025-07-31 16:26:45.216 [main] DEBUG org.springframework.data.convert.CustomConversions - Adding converter from class java.time.LocalTime to class java.sql.Timestamp as writing converter
2025-07-31 16:26:45.216 [main] DEBUG org.springframework.data.convert.CustomConversions - Adding converter from class java.sql.Timestamp to class java.time.Instant as reading converter
2025-07-31 16:26:45.216 [main] DEBUG org.springframework.data.convert.CustomConversions - Adding converter from class java.time.Instant to class java.sql.Timestamp as writing converter
2025-07-31 16:26:45.216 [main] DEBUG org.springframework.data.convert.CustomConversions - Adding converter from class java.util.Date to class java.time.LocalDateTime as reading converter
2025-07-31 16:26:45.216 [main] DEBUG org.springframework.data.convert.CustomConversions - Adding converter from class java.time.LocalDateTime to class java.util.Date as writing converter
2025-07-31 16:26:45.216 [main] DEBUG org.springframework.data.convert.CustomConversions - Adding converter from class java.util.Date to class java.time.LocalDate as reading converter
2025-07-31 16:26:45.216 [main] DEBUG org.springframework.data.convert.CustomConversions - Adding converter from class java.time.LocalDate to class java.util.Date as writing converter
2025-07-31 16:26:45.216 [main] DEBUG org.springframework.data.convert.CustomConversions - Adding converter from class java.util.Date to class java.time.LocalTime as reading converter
2025-07-31 16:26:45.217 [main] DEBUG org.springframework.data.convert.CustomConversions - Adding converter from class java.time.LocalTime to class java.util.Date as writing converter
2025-07-31 16:26:45.217 [main] DEBUG org.springframework.data.convert.CustomConversions - Adding converter from class java.util.Date to class java.time.Instant as reading converter
2025-07-31 16:26:45.217 [main] DEBUG org.springframework.data.convert.CustomConversions - Adding converter from class java.time.Instant to class java.util.Date as writing converter
2025-07-31 16:26:45.217 [main] DEBUG org.springframework.data.convert.CustomConversions - Adding converter from class java.time.LocalDateTime to class java.time.Instant as reading converter
2025-07-31 16:26:45.217 [main] DEBUG org.springframework.data.convert.CustomConversions - Adding converter from class java.time.Instant to class java.time.LocalDateTime as reading converter
2025-07-31 16:26:45.217 [main] DEBUG org.springframework.data.convert.CustomConversions - Adding converter from class java.time.ZoneId to class java.lang.String as writing converter
2025-07-31 16:26:45.217 [main] DEBUG org.springframework.data.convert.CustomConversions - Adding converter from class java.lang.String to class java.time.ZoneId as reading converter
2025-07-31 16:26:45.217 [main] DEBUG org.springframework.data.convert.CustomConversions - Adding converter from class java.time.Duration to class java.lang.String as writing converter
2025-07-31 16:26:45.217 [main] DEBUG org.springframework.data.convert.CustomConversions - Adding converter from class java.lang.String to class java.time.Duration as reading converter
2025-07-31 16:26:45.218 [main] DEBUG org.springframework.data.convert.CustomConversions - Adding converter from class java.time.Period to class java.lang.String as writing converter
2025-07-31 16:26:45.218 [main] DEBUG org.springframework.data.convert.CustomConversions - Adding converter from class java.lang.String to class java.time.Period as reading converter
2025-07-31 16:26:45.218 [main] DEBUG org.springframework.data.convert.CustomConversions - Adding converter from class java.lang.String to class java.time.LocalDate as reading converter
2025-07-31 16:26:45.218 [main] DEBUG org.springframework.data.convert.CustomConversions - Adding converter from class java.lang.String to class java.time.LocalDateTime as reading converter
2025-07-31 16:26:45.218 [main] DEBUG org.springframework.data.convert.CustomConversions - Adding converter from class java.lang.String to class java.time.Instant as reading converter
2025-07-31 16:26:45.222 [main] DEBUG org.springframework.beans.factory.support.DefaultListableBeanFactory - Autowiring by type from bean name 'jdbcMappingContext' via factory method to bean named 'jdbcCustomConversions'
2025-07-31 16:26:45.222 [main] DEBUG org.springframework.beans.factory.support.DefaultListableBeanFactory - Autowiring by type from bean name 'jdbcMappingContext' via factory method to bean named 'jdbcManagedTypes'
2025-07-31 16:26:45.240 [main] DEBUG org.springframework.beans.factory.support.DefaultListableBeanFactory - Creating shared instance of singleton bean 'jdbcConverter'
2025-07-31 16:26:45.245 [main] DEBUG org.springframework.beans.factory.support.DefaultListableBeanFactory - Autowiring by type from bean name 'jdbcConverter' via factory method to bean named 'jdbcMappingContext'
2025-07-31 16:26:45.245 [main] DEBUG org.springframework.beans.factory.support.DefaultListableBeanFactory - Autowiring by type from bean name 'jdbcConverter' via factory method to bean named 'namedParameterJdbcTemplate'
2025-07-31 16:26:45.245 [main] DEBUG org.springframework.beans.factory.support.DefaultListableBeanFactory - Autowiring by type from bean name 'jdbcConverter' via factory method to bean named 'jdbcCustomConversions'
2025-07-31 16:26:45.245 [main] DEBUG org.springframework.beans.factory.support.DefaultListableBeanFactory - Autowiring by type from bean name 'jdbcConverter' via factory method to bean named 'jdbcDialect'
2025-07-31 16:26:45.290 [main] DEBUG org.springframework.beans.factory.support.DefaultListableBeanFactory - Creating shared instance of singleton bean 'jdbcAggregateTemplate'
2025-07-31 16:26:45.291 [main] DEBUG org.springframework.beans.factory.support.DefaultListableBeanFactory - Creating shared instance of singleton bean 'dataAccessStrategyBean'
2025-07-31 16:26:45.291 [main] DEBUG org.springframework.beans.factory.support.DefaultListableBeanFactory - Autowiring by type from bean name 'dataAccessStrategyBean' via factory method to bean named 'namedParameterJdbcTemplate'
2025-07-31 16:26:45.291 [main] DEBUG org.springframework.beans.factory.support.DefaultListableBeanFactory - Autowiring by type from bean name 'dataAccessStrategyBean' via factory method to bean named 'jdbcConverter'
2025-07-31 16:26:45.292 [main] DEBUG org.springframework.beans.factory.support.DefaultListableBeanFactory - Autowiring by type from bean name 'dataAccessStrategyBean' via factory method to bean named 'jdbcMappingContext'
2025-07-31 16:26:45.292 [main] DEBUG org.springframework.beans.factory.support.DefaultListableBeanFactory - Autowiring by type from bean name 'dataAccessStrategyBean' via factory method to bean named 'jdbcDialect'
2025-07-31 16:26:45.316 [main] DEBUG org.springframework.beans.factory.support.DefaultListableBeanFactory - Autowiring by type from bean name 'jdbcAggregateTemplate' via factory method to bean named 'org.springframework.web.context.support.GenericWebApplicationContext@7942a854'
2025-07-31 16:26:45.316 [main] DEBUG org.springframework.beans.factory.support.DefaultListableBeanFactory - Autowiring by type from bean name 'jdbcAggregateTemplate' via factory method to bean named 'jdbcMappingContext'
2025-07-31 16:26:45.316 [main] DEBUG org.springframework.beans.factory.support.DefaultListableBeanFactory - Autowiring by type from bean name 'jdbcAggregateTemplate' via factory method to bean named 'jdbcConverter'
2025-07-31 16:26:45.316 [main] DEBUG org.springframework.beans.factory.support.DefaultListableBeanFactory - Autowiring by type from bean name 'jdbcAggregateTemplate' via factory method to bean named 'dataAccessStrategyBean'
2025-07-31 16:26:45.344 [main] DEBUG org.springframework.beans.factory.support.DefaultListableBeanFactory - Creating shared instance of singleton bean 'org.springframework.boot.autoconfigure.data.jdbc.JdbcRepositoriesAutoConfiguration$JdbcRepositoriesConfiguration'
2025-07-31 16:26:45.346 [main] DEBUG org.springframework.beans.factory.support.DefaultListableBeanFactory - Creating shared instance of singleton bean 'data-jdbc.repository-aot-processor#0'
2025-07-31 16:26:45.350 [main] DEBUG org.springframework.beans.factory.support.DefaultListableBeanFactory - Creating shared instance of singleton bean 'org.springframework.boot.autoconfigure.data.jdbc.JdbcRepositoriesAutoConfiguration'
2025-07-31 16:26:45.352 [main] DEBUG org.springframework.beans.factory.support.DefaultListableBeanFactory - Creating shared instance of singleton bean 'org.springframework.boot.autoconfigure.data.jpa.JpaRepositoriesAutoConfiguration'
2025-07-31 16:26:45.354 [main] DEBUG org.springframework.beans.factory.support.DefaultListableBeanFactory - Creating shared instance of singleton bean 'org.springframework.data.jpa.util.JpaMetamodelCacheCleanup'
2025-07-31 16:26:45.355 [main] DEBUG org.springframework.beans.factory.support.DefaultListableBeanFactory - Creating shared instance of singleton bean 'org.springframework.data.jpa.repository.support.JpaEvaluationContextExtension'
2025-07-31 16:26:45.359 [main] DEBUG org.springframework.beans.factory.support.DefaultListableBeanFactory - Creating shared instance of singleton bean 'jpa.named-queries#0'
2025-07-31 16:26:45.362 [main] DEBUG org.springframework.beans.factory.support.DefaultListableBeanFactory - Creating shared instance of singleton bean 'jpa.AdminRepository.fragments#0'
2025-07-31 16:26:45.362 [main] DEBUG org.springframework.beans.factory.support.DefaultListableBeanFactory - Creating shared instance of singleton bean 'adminRepository'
2025-07-31 16:26:45.365 [main] DEBUG org.springframework.orm.jpa.SharedEntityManagerCreator$SharedEntityManagerInvocationHandler - Creating new EntityManager for shared EntityManager invocation
2025-07-31 16:26:45.368 [main] DEBUG org.springframework.data.repository.core.support.RepositoryFactorySupport - Initializing repository instance for com.example.trainup.repository.AdminRepository…
2025-07-31 16:26:45.368 [main] DEBUG org.springframework.orm.jpa.SharedEntityManagerCreator$SharedEntityManagerInvocationHandler - Creating new EntityManager for shared EntityManager invocation
2025-07-31 16:26:45.373 [main] DEBUG org.springframework.data.repository.core.support.RepositoryFactorySupport - Finished creation of repository instance for com.example.trainup.repository.AdminRepository.
2025-07-31 16:26:45.374 [main] DEBUG org.springframework.beans.factory.support.DefaultListableBeanFactory - Creating shared instance of singleton bean 'data-jpa.repository-aot-processor#0'
2025-07-31 16:26:45.377 [main] DEBUG org.springframework.beans.factory.support.DefaultListableBeanFactory - Creating shared instance of singleton bean 'org.springframework.data.web.config.ProjectingArgumentResolverRegistrar'
2025-07-31 16:26:45.378 [main] DEBUG org.springframework.beans.factory.support.DefaultListableBeanFactory - Creating shared instance of singleton bean 'offsetResolver'
2025-07-31 16:26:45.384 [main] DEBUG org.springframework.beans.factory.support.DefaultListableBeanFactory - Creating shared instance of singleton bean 'org.springframework.boot.autoconfigure.jdbc.JdbcClientAutoConfiguration'
2025-07-31 16:26:45.385 [main] DEBUG org.springframework.beans.factory.support.DefaultListableBeanFactory - Creating shared instance of singleton bean 'jdbcClient'
2025-07-31 16:26:45.386 [main] DEBUG org.springframework.beans.factory.support.DefaultListableBeanFactory - Autowiring by type from bean name 'jdbcClient' via factory method to bean named 'namedParameterJdbcTemplate'
2025-07-31 16:26:45.391 [main] DEBUG org.springframework.beans.factory.support.DefaultListableBeanFactory - Creating shared instance of singleton bean 'org.springframework.boot.autoconfigure.netty.NettyAutoConfiguration'
2025-07-31 16:26:45.392 [main] DEBUG org.springframework.beans.factory.support.DefaultListableBeanFactory - Creating shared instance of singleton bean 'spring.netty-org.springframework.boot.autoconfigure.netty.NettyProperties'
2025-07-31 16:26:45.394 [main] DEBUG org.springframework.beans.factory.support.DefaultListableBeanFactory - Autowiring by type from bean name 'org.springframework.boot.autoconfigure.netty.NettyAutoConfiguration' via constructor to bean named 'spring.netty-org.springframework.boot.autoconfigure.netty.NettyProperties'
2025-07-31 16:26:45.396 [main] DEBUG org.springframework.beans.factory.support.DefaultListableBeanFactory - Creating shared instance of singleton bean 'org.springframework.boot.autoconfigure.reactor.ReactorAutoConfiguration'
2025-07-31 16:26:45.397 [main] DEBUG org.springframework.beans.factory.support.DefaultListableBeanFactory - Creating shared instance of singleton bean 'spring.reactor-org.springframework.boot.autoconfigure.reactor.ReactorProperties'
2025-07-31 16:26:45.398 [main] DEBUG org.springframework.beans.factory.support.DefaultListableBeanFactory - Autowiring by type from bean name 'org.springframework.boot.autoconfigure.reactor.ReactorAutoConfiguration' via constructor to bean named 'spring.reactor-org.springframework.boot.autoconfigure.reactor.ReactorProperties'
2025-07-31 16:26:45.400 [main] DEBUG org.springframework.beans.factory.support.DefaultListableBeanFactory - Creating shared instance of singleton bean 'org.springframework.boot.autoconfigure.security.reactive.ReactiveSecurityAutoConfiguration'
2025-07-31 16:26:45.401 [main] DEBUG org.springframework.beans.factory.support.DefaultListableBeanFactory - Creating shared instance of singleton bean 'spring.security-org.springframework.boot.autoconfigure.security.SecurityProperties'
2025-07-31 16:26:45.404 [main] DEBUG org.springframework.beans.factory.support.DefaultListableBeanFactory - Creating shared instance of singleton bean 'org.springframework.security.config.annotation.web.configuration.WebSecurityConfiguration'
2025-07-31 16:26:45.414 [main] DEBUG org.springframework.beans.factory.support.DefaultListableBeanFactory - Creating shared instance of singleton bean 'filterChainDecoratorPostProcessor'
2025-07-31 16:26:45.417 [main] DEBUG org.springframework.beans.factory.support.DefaultListableBeanFactory - Creating shared instance of singleton bean 'mvcHandlerMappingIntrospectorRequestTransformer'
2025-07-31 16:26:45.431 [main] DEBUG org.springframework.beans.factory.support.DefaultListableBeanFactory - Creating shared instance of singleton bean 'delegatingApplicationListener'
2025-07-31 16:26:45.432 [main] DEBUG org.springframework.beans.factory.support.DefaultListableBeanFactory - Creating shared instance of singleton bean 'springSecurityFilterChain'
2025-07-31 16:26:45.463 [main] DEBUG org.springframework.beans.factory.support.DefaultListableBeanFactory - Creating shared instance of singleton bean 'webSecurityExpressionHandler'
2025-07-31 16:26:45.464 [main] DEBUG org.springframework.beans.factory.support.DefaultListableBeanFactory - Creating shared instance of singleton bean 'privilegeEvaluator'
2025-07-31 16:26:45.465 [main] DEBUG org.springframework.beans.factory.support.DefaultListableBeanFactory - Creating shared instance of singleton bean 'requestDataValueProcessor'
2025-07-31 16:26:45.468 [main] DEBUG org.springframework.beans.factory.support.DefaultListableBeanFactory - Creating shared instance of singleton bean 'org.springframework.security.config.annotation.web.configuration.ObservationConfiguration'
2025-07-31 16:26:45.470 [main] DEBUG org.springframework.beans.factory.support.DefaultListableBeanFactory - Creating shared instance of singleton bean 'org.springframework.boot.autoconfigure.security.servlet.SpringBootWebSecurityConfiguration'
2025-07-31 16:26:45.473 [main] DEBUG org.springframework.beans.factory.support.DefaultListableBeanFactory - Creating shared instance of singleton bean 'org.springframework.boot.autoconfigure.security.servlet.SecurityFilterAutoConfiguration'
2025-07-31 16:26:45.475 [main] DEBUG org.springframework.beans.factory.support.DefaultListableBeanFactory - Creating shared instance of singleton bean 'securityFilterChainRegistration'
2025-07-31 16:26:45.475 [main] DEBUG org.springframework.beans.factory.support.DefaultListableBeanFactory - Autowiring by type from bean name 'securityFilterChainRegistration' via factory method to bean named 'spring.security-org.springframework.boot.autoconfigure.security.SecurityProperties'
2025-07-31 16:26:45.481 [main] DEBUG org.springframework.beans.factory.support.DefaultListableBeanFactory - Creating shared instance of singleton bean 'org.springframework.boot.autoconfigure.sql.init.SqlInitializationAutoConfiguration'
2025-07-31 16:26:45.482 [main] DEBUG org.springframework.beans.factory.support.DefaultListableBeanFactory - Creating shared instance of singleton bean 'org.springframework.boot.autoconfigure.transaction.TransactionAutoConfiguration$EnableTransactionManagementConfiguration$CglibAutoProxyConfiguration'
2025-07-31 16:26:45.484 [main] DEBUG org.springframework.beans.factory.support.DefaultListableBeanFactory - Creating shared instance of singleton bean 'org.springframework.boot.autoconfigure.transaction.TransactionAutoConfiguration$EnableTransactionManagementConfiguration'
2025-07-31 16:26:45.485 [main] DEBUG org.springframework.beans.factory.support.DefaultListableBeanFactory - Creating shared instance of singleton bean 'org.springframework.boot.autoconfigure.transaction.TransactionAutoConfiguration$TransactionTemplateConfiguration'
2025-07-31 16:26:45.487 [main] DEBUG org.springframework.beans.factory.support.DefaultListableBeanFactory - Creating shared instance of singleton bean 'transactionTemplate'
2025-07-31 16:26:45.487 [main] DEBUG org.springframework.beans.factory.support.DefaultListableBeanFactory - Autowiring by type from bean name 'transactionTemplate' via factory method to bean named 'transactionManager'
2025-07-31 16:26:45.493 [main] DEBUG org.springframework.beans.factory.support.DefaultListableBeanFactory - Creating shared instance of singleton bean 'org.springframework.boot.autoconfigure.transaction.TransactionAutoConfiguration'
2025-07-31 16:26:45.496 [main] DEBUG org.springframework.beans.factory.support.DefaultListableBeanFactory - Creating shared instance of singleton bean 'characterEncodingFilter'
2025-07-31 16:26:45.499 [main] DEBUG org.springframework.beans.factory.support.DefaultListableBeanFactory - Creating shared instance of singleton bean 'multipartResolver'
2025-07-31 16:26:45.502 [main] DEBUG org.springframework.beans.factory.support.DefaultListableBeanFactory - Creating shared instance of singleton bean 'payloadRootAnnotationMethodEndpointMapping'
2025-07-31 16:26:45.508 [main] DEBUG org.springframework.ws.server.endpoint.mapping.PayloadRootAnnotationMethodEndpointMapping - Looking for endpoints in application context: org.springframework.web.context.support.GenericWebApplicationContext@7942a854, started on Thu Jul 31 16:26:15 UTC 2025
2025-07-31 16:26:45.515 [main] DEBUG org.springframework.beans.factory.support.DefaultListableBeanFactory - Creating shared instance of singleton bean 'soapActionAnnotationMethodEndpointMapping'
2025-07-31 16:26:45.516 [main] DEBUG org.springframework.ws.soap.server.endpoint.mapping.SoapActionAnnotationMethodEndpointMapping - Looking for endpoints in application context: org.springframework.web.context.support.GenericWebApplicationContext@7942a854, started on Thu Jul 31 16:26:15 UTC 2025
2025-07-31 16:26:45.519 [main] DEBUG org.springframework.beans.factory.support.DefaultListableBeanFactory - Creating shared instance of singleton bean 'defaultMethodEndpointAdapter'
2025-07-31 16:26:45.547 [main] DEBUG org.springframework.ws.server.endpoint.adapter.DefaultMethodEndpointAdapter - No MethodArgumentResolvers set, using defaults: [org.springframework.ws.server.endpoint.adapter.method.dom.DomPayloadMethodProcessor@6cce41d8, org.springframework.ws.server.endpoint.adapter.method.MessageContextMethodArgumentResolver@1ec120b6, org.springframework.ws.server.endpoint.adapter.method.SourcePayloadMethodProcessor@622ca0cf, org.springframework.ws.server.endpoint.adapter.method.XPathParamMethodArgumentResolver@75b026d3, org.springframework.ws.soap.server.endpoint.adapter.method.SoapMethodArgumentResolver@6b6e693c, org.springframework.ws.soap.server.endpoint.adapter.method.SoapHeaderElementMethodArgumentResolver@7c3d3077, org.springframework.ws.server.endpoint.adapter.method.jaxb.XmlRootElementPayloadMethodProcessor@7b90dde7, org.springframework.ws.server.endpoint.adapter.method.jaxb.JaxbElementPayloadMethodProcessor@fe2eaf8, org.springframework.ws.server.endpoint.adapter.method.StaxPayloadMethodArgumentResolver@17dd55b1]
2025-07-31 16:26:45.551 [main] DEBUG org.springframework.ws.server.endpoint.adapter.DefaultMethodEndpointAdapter - No MethodReturnValueHandlers set, using defaults: [org.springframework.ws.server.endpoint.adapter.method.dom.DomPayloadMethodProcessor@27671b5, org.springframework.ws.server.endpoint.adapter.method.SourcePayloadMethodProcessor@7ff4fbf9, org.springframework.ws.server.endpoint.adapter.method.jaxb.XmlRootElementPayloadMethodProcessor@67d96bd5, org.springframework.ws.server.endpoint.adapter.method.jaxb.JaxbElementPayloadMethodProcessor@1ad4da42]
2025-07-31 16:26:45.555 [main] DEBUG org.springframework.beans.factory.support.DefaultListableBeanFactory - Creating shared instance of singleton bean 'soapFaultAnnotationExceptionResolver'
2025-07-31 16:26:45.560 [main] DEBUG org.springframework.beans.factory.support.DefaultListableBeanFactory - Creating shared instance of singleton bean 'simpleSoapExceptionResolver'
2025-07-31 16:26:45.562 [main] DEBUG org.springframework.beans.factory.support.DefaultListableBeanFactory - Creating shared instance of singleton bean 'org.springframework.boot.autoconfigure.webservices.WebServicesAutoConfiguration$WsConfiguration'
2025-07-31 16:26:45.563 [main] DEBUG org.springframework.beans.factory.support.DefaultListableBeanFactory - Creating shared instance of singleton bean 'org.springframework.boot.autoconfigure.webservices.WebServicesAutoConfiguration'
2025-07-31 16:26:45.564 [main] DEBUG org.springframework.beans.factory.support.DefaultListableBeanFactory - Creating shared instance of singleton bean 'messageDispatcherServlet'
2025-07-31 16:26:45.565 [main] DEBUG org.springframework.beans.factory.support.DefaultListableBeanFactory - Creating shared instance of singleton bean 'spring.webservices-org.springframework.boot.autoconfigure.webservices.WebServicesProperties'
2025-07-31 16:26:45.567 [main] DEBUG org.springframework.beans.factory.support.DefaultListableBeanFactory - Autowiring by type from bean name 'messageDispatcherServlet' via factory method to bean named 'org.springframework.web.context.support.GenericWebApplicationContext@7942a854'
2025-07-31 16:26:45.567 [main] DEBUG org.springframework.beans.factory.support.DefaultListableBeanFactory - Autowiring by type from bean name 'messageDispatcherServlet' via factory method to bean named 'spring.webservices-org.springframework.boot.autoconfigure.webservices.WebServicesProperties'
2025-07-31 16:26:45.572 [main] DEBUG org.springframework.beans.factory.support.DefaultListableBeanFactory - Creating shared instance of singleton bean 'org.springframework.boot.autoconfigure.webservices.client.WebServiceTemplateAutoConfiguration'
2025-07-31 16:26:45.574 [main] DEBUG org.springframework.beans.factory.support.DefaultListableBeanFactory - Creating shared instance of singleton bean 'webServiceHttpMessageSenderFactory'
2025-07-31 16:26:45.581 [main] DEBUG org.springframework.beans.factory.support.DefaultListableBeanFactory - Creating shared instance of singleton bean 'webServiceTemplateBuilder'
2025-07-31 16:26:45.590 [main] DEBUG org.springframework.beans.factory.support.DefaultListableBeanFactory - Creating shared instance of singleton bean 'org.springframework.boot.test.autoconfigure.web.reactive.WebTestClientSecurityConfiguration'
2025-07-31 16:26:45.592 [main] DEBUG org.springframework.beans.factory.support.DefaultListableBeanFactory - Creating shared instance of singleton bean 'mockServerConfigurer'
2025-07-31 16:26:45.599 [main] DEBUG org.springframework.beans.factory.support.DefaultListableBeanFactory - Creating shared instance of singleton bean 'org.springframework.boot.test.autoconfigure.web.reactive.WebTestClientAutoConfiguration'
2025-07-31 16:26:45.601 [main] DEBUG org.springframework.beans.factory.support.DefaultListableBeanFactory - Creating shared instance of singleton bean 'springBootWebTestClientBuilderCustomizer'
2025-07-31 16:26:45.605 [main] DEBUG org.springframework.beans.factory.support.DefaultListableBeanFactory - Creating shared instance of singleton bean 'org.springframework.boot.test.autoconfigure.web.servlet.MockMvcAutoConfiguration$WebTestClientMockMvcConfiguration'
2025-07-31 16:26:45.606 [main] DEBUG org.springframework.beans.factory.support.DefaultListableBeanFactory - Creating shared instance of singleton bean 'webTestClient'
2025-07-31 16:26:45.606 [main] DEBUG org.springframework.beans.factory.support.DefaultListableBeanFactory - Creating shared instance of singleton bean 'mockMvc'
2025-07-31 16:26:45.606 [main] DEBUG org.springframework.beans.factory.support.DefaultListableBeanFactory - Creating shared instance of singleton bean 'org.springframework.boot.test.autoconfigure.web.servlet.MockMvcConfiguration'
2025-07-31 16:26:45.607 [main] DEBUG org.springframework.beans.factory.support.DefaultListableBeanFactory - Autowiring by type from bean name 'org.springframework.boot.test.autoconfigure.web.servlet.MockMvcConfiguration' via constructor to bean named 'org.springframework.web.context.support.GenericWebApplicationContext@7942a854'
2025-07-31 16:26:45.607 [main] DEBUG org.springframework.beans.factory.support.DefaultListableBeanFactory - Autowiring by type from bean name 'org.springframework.boot.test.autoconfigure.web.servlet.MockMvcConfiguration' via constructor to bean named 'spring.mvc-org.springframework.boot.autoconfigure.web.servlet.WebMvcProperties'
2025-07-31 16:26:45.609 [main] DEBUG org.springframework.beans.factory.support.DefaultListableBeanFactory - Creating shared instance of singleton bean 'mockMvcBuilder'
2025-07-31 16:26:45.610 [main] DEBUG org.springframework.beans.factory.support.DefaultListableBeanFactory - Creating shared instance of singleton bean 'springBootMockMvcBuilderCustomizer'
2025-07-31 16:26:45.614 [main] DEBUG org.springframework.beans.factory.support.DefaultListableBeanFactory - Creating shared instance of singleton bean 'securityMockMvcBuilderCustomizer'
2025-07-31 16:26:45.614 [main] DEBUG org.springframework.beans.factory.support.DefaultListableBeanFactory - Creating shared instance of singleton bean 'org.springframework.boot.test.autoconfigure.web.servlet.MockMvcSecurityConfiguration'
2025-07-31 16:26:45.618 [main] DEBUG org.springframework.beans.factory.support.DefaultListableBeanFactory - Autowiring by type from bean name 'mockMvcBuilder' via factory method to bean named 'springBootMockMvcBuilderCustomizer'
2025-07-31 16:26:45.618 [main] DEBUG org.springframework.beans.factory.support.DefaultListableBeanFactory - Autowiring by type from bean name 'mockMvcBuilder' via factory method to bean named 'securityMockMvcBuilderCustomizer'
2025-07-31 16:26:45.633 [main] DEBUG org.springframework.boot.web.servlet.ServletContextInitializerBeans - Mapping filters: forwardedHeaderFilter urls=[/*] order=-2147483648, webMvcObservationFilter urls=[/*] order=-2147483647, springSecurityFilterChain urls=[/*] order=-100, characterEncodingFilter urls=[/*] order=-2147483648, formContentFilter urls=[/*] order=-9900, requestContextFilter urls=[/*] order=-105, jwtAuthenticationFilter urls=[/*] order=2147483647
2025-07-31 16:26:45.633 [main] DEBUG org.springframework.boot.web.servlet.ServletContextInitializerBeans - Mapping servlets: 
2025-07-31 16:26:45.648 [main] DEBUG org.springframework.beans.factory.support.DefaultListableBeanFactory - Autowiring by type from bean name 'mockMvc' via factory method to bean named 'mockMvcBuilder'
2025-07-31 16:26:45.717 [main] DEBUG org.springframework.web.filter.ForwardedHeaderFilter - Filter 'forwardedHeaderFilter' configured for use
2025-07-31 16:26:45.717 [main] DEBUG org.springframework.boot.web.servlet.filter.OrderedCharacterEncodingFilter - Filter 'characterEncodingFilter' configured for use
2025-07-31 16:26:45.718 [main] DEBUG org.springframework.web.filter.ServerHttpObservationFilter - Filter 'webMvcObservationFilter' configured for use
2025-07-31 16:26:45.718 [main] DEBUG org.springframework.boot.web.servlet.filter.OrderedFormContentFilter - Filter 'formContentFilter' configured for use
2025-07-31 16:26:45.718 [main] DEBUG org.springframework.boot.web.servlet.filter.OrderedRequestContextFilter - Filter 'requestContextFilter' configured for use
2025-07-31 16:26:45.718 [main] DEBUG org.springframework.boot.web.servlet.DelegatingFilterProxyRegistrationBean$1 - Filter 'springSecurityFilterChain' configured for use
2025-07-31 16:26:45.718 [main] DEBUG com.example.trainup.security.JwtAuthenticationFilter - Filter 'jwtAuthenticationFilter' configured for use
2025-07-31 16:26:45.720 [main] INFO  org.springframework.boot.test.mock.web.SpringBootMockServletContext - Initializing Spring TestDispatcherServlet ''
2025-07-31 16:26:45.720 [main] INFO  org.springframework.test.web.servlet.TestDispatcherServlet - Initializing Servlet ''
2025-07-31 16:26:45.720 [main] DEBUG org.springframework.test.web.servlet.TestDispatcherServlet - Detected StandardServletMultipartResolver
2025-07-31 16:26:45.721 [main] DEBUG org.springframework.test.web.servlet.TestDispatcherServlet - Detected AcceptHeaderLocaleResolver
2025-07-31 16:26:45.721 [main] DEBUG org.springframework.test.web.servlet.TestDispatcherServlet - Detected FixedThemeResolver
2025-07-31 16:26:45.722 [main] DEBUG org.springframework.test.web.servlet.TestDispatcherServlet - Detected org.springframework.web.servlet.view.DefaultRequestToViewNameTranslator@6ec9b8ad
2025-07-31 16:26:45.723 [main] DEBUG org.springframework.test.web.servlet.TestDispatcherServlet - Detected org.springframework.web.servlet.support.SessionFlashMapManager@705f2da4
2025-07-31 16:26:45.723 [main] DEBUG org.springframework.test.web.servlet.TestDispatcherServlet - enableLoggingRequestDetails='false': request parameters and headers will be masked to prevent unsafe logging of potentially sensitive data
2025-07-31 16:26:45.724 [main] INFO  org.springframework.test.web.servlet.TestDispatcherServlet - Completed initialization in 4 ms
2025-07-31 16:26:45.731 [main] DEBUG org.springframework.beans.factory.support.DefaultListableBeanFactory - Autowiring by type from bean name 'webTestClient' via factory method to bean named 'mockMvc'
2025-07-31 16:26:45.732 [main] DEBUG org.springframework.beans.factory.support.DefaultListableBeanFactory - Autowiring by type from bean name 'webTestClient' via factory method to bean named 'springBootWebTestClientBuilderCustomizer'
2025-07-31 16:26:45.756 [main] DEBUG reactor.util.Loggers - Using Slf4j logging framework
2025-07-31 16:26:45.946 [main] DEBUG org.springframework.beans.factory.support.DefaultListableBeanFactory - Creating shared instance of singleton bean 'org.springframework.boot.test.autoconfigure.web.servlet.MockMvcTesterConfiguration'
2025-07-31 16:26:45.947 [main] DEBUG org.springframework.beans.factory.support.DefaultListableBeanFactory - Creating shared instance of singleton bean 'mockMvcTester'
2025-07-31 16:26:45.948 [main] DEBUG org.springframework.beans.factory.support.DefaultListableBeanFactory - Autowiring by type from bean name 'mockMvcTester' via factory method to bean named 'mockMvc'
2025-07-31 16:26:45.958 [main] DEBUG org.springframework.beans.factory.support.DefaultListableBeanFactory - Creating shared instance of singleton bean 'org.springframework.boot.test.autoconfigure.web.servlet.MockMvcAutoConfiguration'
2025-07-31 16:26:45.960 [main] DEBUG org.springframework.beans.factory.support.DefaultListableBeanFactory - Creating shared instance of singleton bean 'org.springframework.boot.actuate.autoconfigure.endpoint.web.ServletEndpointManagementContextConfiguration$WebMvcServletEndpointManagementContextConfiguration'
2025-07-31 16:26:45.962 [main] DEBUG org.springframework.beans.factory.support.DefaultListableBeanFactory - Creating shared instance of singleton bean 'servletEndpointRegistrar'
2025-07-31 16:26:45.963 [main] DEBUG org.springframework.beans.factory.support.DefaultListableBeanFactory - Autowiring by type from bean name 'servletEndpointRegistrar' via factory method to bean named 'management.endpoints.web-org.springframework.boot.actuate.autoconfigure.endpoint.web.WebEndpointProperties'
2025-07-31 16:26:45.964 [main] DEBUG org.springframework.beans.factory.support.DefaultListableBeanFactory - Autowiring by type from bean name 'servletEndpointRegistrar' via factory method to bean named 'servletEndpointDiscoverer'
2025-07-31 16:26:45.964 [main] DEBUG org.springframework.beans.factory.support.DefaultListableBeanFactory - Autowiring by type from bean name 'servletEndpointRegistrar' via factory method to bean named 'dispatcherServletRegistration'
2025-07-31 16:26:45.964 [main] DEBUG org.springframework.beans.factory.support.DefaultListableBeanFactory - Autowiring by type from bean name 'servletEndpointRegistrar' via factory method to bean named 'propertiesEndpointAccessResolver'
2025-07-31 16:26:45.966 [main] DEBUG org.springframework.beans.factory.support.DefaultListableBeanFactory - Creating shared instance of singleton bean 'org.springframework.boot.actuate.autoconfigure.security.servlet.SecurityRequestMatchersManagementContextConfiguration$MvcRequestMatcherConfiguration'
2025-07-31 16:26:45.968 [main] DEBUG org.springframework.beans.factory.support.DefaultListableBeanFactory - Creating shared instance of singleton bean 'requestMatcherProvider'
2025-07-31 16:26:45.968 [main] DEBUG org.springframework.beans.factory.support.DefaultListableBeanFactory - Autowiring by type from bean name 'requestMatcherProvider' via factory method to bean named 'dispatcherServletRegistration'
2025-07-31 16:26:45.971 [main] DEBUG org.springframework.beans.factory.support.DefaultListableBeanFactory - Creating shared instance of singleton bean 'org.springframework.boot.actuate.autoconfigure.security.servlet.SecurityRequestMatchersManagementContextConfiguration'
2025-07-31 16:26:45.974 [main] DEBUG org.springframework.beans.factory.support.DefaultListableBeanFactory - Creating shared instance of singleton bean 'org.springframework.boot.actuate.autoconfigure.web.server.ManagementContextAutoConfiguration$SameManagementContextConfiguration$EnableSameManagementContextConfiguration'
2025-07-31 16:26:45.977 [main] DEBUG org.springframework.beans.factory.support.DefaultListableBeanFactory - Creating shared instance of singleton bean 'org.springframework.boot.actuate.autoconfigure.web.server.ManagementContextAutoConfiguration$SameManagementContextConfiguration'
2025-07-31 16:26:45.977 [main] DEBUG org.springframework.beans.factory.support.DefaultListableBeanFactory - Autowiring by type from bean name 'org.springframework.boot.actuate.autoconfigure.web.server.ManagementContextAutoConfiguration$SameManagementContextConfiguration' via constructor to bean named 'environment'
2025-07-31 16:26:45.979 [main] DEBUG org.springframework.beans.factory.support.DefaultListableBeanFactory - Creating shared instance of singleton bean 'org.springframework.boot.actuate.autoconfigure.web.server.ManagementContextAutoConfiguration'
2025-07-31 16:26:45.980 [main] DEBUG org.springframework.beans.factory.support.DefaultListableBeanFactory - Creating shared instance of singleton bean 'management.server-org.springframework.boot.actuate.autoconfigure.web.server.ManagementServerProperties'
2025-07-31 16:26:46.083 [main] DEBUG org.springframework.context.support.DefaultLifecycleProcessor - Starting beans in phase -2147483647
2025-07-31 16:26:46.084 [main] DEBUG org.springframework.context.support.DefaultLifecycleProcessor - Successfully started bean 'springBootLoggingLifecycle'
2025-07-31 16:26:46.084 [main] DEBUG org.springframework.context.support.DefaultLifecycleProcessor - Starting beans in phase 0
2025-07-31 16:26:46.196 [main] DEBUG io.netty.util.internal.logging.InternalLoggerFactory - Using SLF4J as the default logging framework
2025-07-31 16:26:46.204 [main] DEBUG io.netty.util.internal.PlatformDependent0 - -Dio.netty.noUnsafe: false
2025-07-31 16:26:46.205 [main] DEBUG io.netty.util.internal.PlatformDependent0 - Java version: 17
2025-07-31 16:26:46.207 [main] DEBUG io.netty.util.internal.PlatformDependent0 - sun.misc.Unsafe.theUnsafe: available
2025-07-31 16:26:46.209 [main] DEBUG io.netty.util.internal.PlatformDependent0 - sun.misc.Unsafe base methods: all available
2025-07-31 16:26:46.210 [main] DEBUG io.netty.util.internal.PlatformDependent0 - sun.misc.Unsafe.storeFence: available
2025-07-31 16:26:46.211 [main] DEBUG io.netty.util.internal.PlatformDependent0 - java.nio.Buffer.address: available
2025-07-31 16:26:46.213 [main] DEBUG io.netty.util.internal.PlatformDependent0 - direct buffer constructor: unavailable: Reflective setAccessible(true) disabled
2025-07-31 16:26:46.214 [main] DEBUG io.netty.util.internal.PlatformDependent0 - java.nio.Bits.unaligned: available, true
2025-07-31 16:26:46.216 [main] DEBUG io.netty.util.internal.PlatformDependent0 - jdk.internal.misc.Unsafe.allocateUninitializedArray(int): unavailable: class io.netty.util.internal.PlatformDependent0$7 cannot access class jdk.internal.misc.Unsafe (in module java.base) because module java.base does not export jdk.internal.misc to unnamed module @69eee410
2025-07-31 16:26:46.218 [main] DEBUG io.netty.util.internal.PlatformDependent0 - java.nio.DirectByteBuffer.<init>(long, {int,long}): unavailable
2025-07-31 16:26:46.218 [main] DEBUG io.netty.util.internal.PlatformDependent - sun.misc.Unsafe: available
2025-07-31 16:26:46.218 [main] DEBUG io.netty.util.internal.PlatformDependent - -Dio.netty.tmpdir: /tmp (java.io.tmpdir)
2025-07-31 16:26:46.218 [main] DEBUG io.netty.util.internal.PlatformDependent - -Dio.netty.bitMode: 64 (sun.arch.data.model)
2025-07-31 16:26:46.221 [main] DEBUG io.netty.util.internal.PlatformDependent - -Dio.netty.maxDirectMemory: -1 bytes
2025-07-31 16:26:46.221 [main] DEBUG io.netty.util.internal.PlatformDependent - -Dio.netty.uninitializedArrayAllocationThreshold: -1
2025-07-31 16:26:46.224 [main] DEBUG io.netty.util.internal.CleanerJava9 - java.nio.ByteBuffer.cleaner(): available
2025-07-31 16:26:46.224 [main] DEBUG io.netty.util.internal.PlatformDependent - -Dio.netty.noPreferDirect: false
2025-07-31 16:26:46.232 [main] DEBUG org.springframework.context.support.DefaultLifecycleProcessor - Successfully started bean 'reactorResourceFactory'
2025-07-31 16:26:46.232 [main] DEBUG org.springframework.context.support.DefaultLifecycleProcessor - Starting beans in phase 1073741823
2025-07-31 16:26:46.252 [main] DEBUG org.springframework.boot.autoconfigure.logging.ConditionEvaluationReportLogger - 


============================
CONDITIONS EVALUATION REPORT
============================


Positive matches:
-----------------

   AopAutoConfiguration matched:
      - @ConditionalOnProperty (spring.aop.auto=true) matched (OnPropertyCondition)

   AopAutoConfiguration.AspectJAutoProxyingConfiguration matched:
      - @ConditionalOnClass found required class 'org.aspectj.weaver.Advice' (OnClassCondition)

   AopAutoConfiguration.AspectJAutoProxyingConfiguration.CglibAutoProxyConfiguration matched:
      - @ConditionalOnProperty (spring.aop.proxy-target-class=true) matched (OnPropertyCondition)

   ApplicationAvailabilityAutoConfiguration#applicationAvailability matched:
      - @ConditionalOnMissingBean (types: org.springframework.boot.availability.ApplicationAvailability; SearchStrategy: all) did not find any beans (OnBeanCondition)

   CacheMeterBinderProvidersConfiguration matched:
      - @ConditionalOnClass found required class 'io.micrometer.core.instrument.binder.MeterBinder' (OnClassCondition)

   ClientHttpConnectorAutoConfiguration matched:
      - @ConditionalOnClass found required class 'org.springframework.web.reactive.function.client.WebClient' (OnClassCondition)

   ClientHttpConnectorAutoConfiguration#webClientHttpConnector matched:
      - @ConditionalOnMissingBean (types: org.springframework.http.client.reactive.ClientHttpConnector; SearchStrategy: all) did not find any beans (OnBeanCondition)

   ClientHttpConnectorAutoConfiguration#webClientHttpConnectorCustomizer matched:
      - @ConditionalOnBean (types: org.springframework.http.client.reactive.ClientHttpConnector; SearchStrategy: all) found bean 'webClientHttpConnector' (OnBeanCondition)

   ClientHttpConnectorFactoryConfiguration.ReactorNetty matched:
      - @ConditionalOnClass found required class 'reactor.netty.http.client.HttpClient' (OnClassCondition)
      - @ConditionalOnMissingBean (types: org.springframework.boot.autoconfigure.web.reactive.function.client.ClientHttpConnectorFactory; SearchStrategy: all) did not find any beans (OnBeanCondition)

   CodecsAutoConfiguration matched:
      - @ConditionalOnClass found required classes 'org.springframework.http.codec.CodecConfigurer', 'org.springframework.web.reactive.function.client.WebClient' (OnClassCondition)

   CodecsAutoConfiguration.JacksonCodecConfiguration matched:
      - @ConditionalOnClass found required class 'com.fasterxml.jackson.databind.ObjectMapper' (OnClassCondition)

   CodecsAutoConfiguration.JacksonCodecConfiguration#jacksonCodecCustomizer matched:
      - @ConditionalOnBean (types: com.fasterxml.jackson.databind.ObjectMapper; SearchStrategy: all) found bean 'jacksonObjectMapper' (OnBeanCondition)

   CompositeMeterRegistryAutoConfiguration matched:
      - @ConditionalOnClass found required class 'io.micrometer.core.instrument.composite.CompositeMeterRegistry' (OnClassCondition)

   DataSourceAutoConfiguration matched:
      - @ConditionalOnClass found required classes 'javax.sql.DataSource', 'org.springframework.jdbc.datasource.embedded.EmbeddedDatabaseType' (OnClassCondition)
      - @ConditionalOnMissingBean (types: io.r2dbc.spi.ConnectionFactory; SearchStrategy: all) did not find any beans (OnBeanCondition)

   DataSourceAutoConfiguration.PooledDataSourceConfiguration matched:
      - AnyNestedCondition 1 matched 1 did not; NestedCondition on DataSourceAutoConfiguration.PooledDataSourceCondition.PooledDataSourceAvailable PooledDataSource found supported DataSource; NestedCondition on DataSourceAutoConfiguration.PooledDataSourceCondition.ExplicitType @ConditionalOnProperty (spring.datasource.type) did not find property 'type' (DataSourceAutoConfiguration.PooledDataSourceCondition)
      - @ConditionalOnMissingBean (types: javax.sql.DataSource,javax.sql.XADataSource; SearchStrategy: all) did not find any beans (OnBeanCondition)

   DataSourceAutoConfiguration.PooledDataSourceConfiguration#jdbcConnectionDetails matched:
      - @ConditionalOnMissingBean (types: org.springframework.boot.autoconfigure.jdbc.JdbcConnectionDetails; SearchStrategy: all) did not find any beans (OnBeanCondition)

   DataSourceConfiguration.Hikari matched:
      - @ConditionalOnClass found required class 'com.zaxxer.hikari.HikariDataSource' (OnClassCondition)
      - @ConditionalOnProperty (spring.datasource.type=com.zaxxer.hikari.HikariDataSource) matched (OnPropertyCondition)
      - @ConditionalOnMissingBean (types: javax.sql.DataSource; SearchStrategy: all) did not find any beans (OnBeanCondition)

   DataSourceHealthContributorAutoConfiguration matched:
      - @ConditionalOnClass found required classes 'org.springframework.jdbc.core.JdbcTemplate', 'org.springframework.jdbc.datasource.lookup.AbstractRoutingDataSource' (OnClassCondition)
      - @ConditionalOnEnabledHealthIndicator management.health.defaults.enabled is considered true (OnEnabledHealthIndicatorCondition)
      - @ConditionalOnBean (types: javax.sql.DataSource; SearchStrategy: all) found bean 'dataSource' (OnBeanCondition)

   DataSourceHealthContributorAutoConfiguration#dbHealthContributor matched:
      - @ConditionalOnMissingBean (names: dbHealthIndicator,dbHealthContributor; SearchStrategy: all) did not find any beans (OnBeanCondition)

   DataSourceInitializationConfiguration matched:
      - @ConditionalOnClass found required class 'org.springframework.jdbc.datasource.init.DatabasePopulator' (OnClassCondition)
      - @ConditionalOnSingleCandidate (types: javax.sql.DataSource; SearchStrategy: all) found a single bean 'dataSource'; @ConditionalOnMissingBean (types: org.springframework.boot.autoconfigure.sql.init.SqlDataSourceScriptDatabaseInitializer,org.springframework.boot.autoconfigure.sql.init.SqlR2dbcScriptDatabaseInitializer; SearchStrategy: all) did not find any beans (OnBeanCondition)

   DataSourcePoolMetadataProvidersConfiguration.HikariPoolDataSourceMetadataProviderConfiguration matched:
      - @ConditionalOnClass found required class 'com.zaxxer.hikari.HikariDataSource' (OnClassCondition)

   DataSourcePoolMetricsAutoConfiguration matched:
      - @ConditionalOnClass found required classes 'javax.sql.DataSource', 'io.micrometer.core.instrument.MeterRegistry' (OnClassCondition)
      - @ConditionalOnBean (types: javax.sql.DataSource,io.micrometer.core.instrument.MeterRegistry; SearchStrategy: all) found beans 'simpleMeterRegistry', 'dataSource' (OnBeanCondition)

   DataSourcePoolMetricsAutoConfiguration.DataSourcePoolMetadataMetricsConfiguration matched:
      - @ConditionalOnBean (types: org.springframework.boot.jdbc.metadata.DataSourcePoolMetadataProvider; SearchStrategy: all) found bean 'hikariPoolDataSourceMetadataProvider' (OnBeanCondition)

   DataSourcePoolMetricsAutoConfiguration.HikariDataSourceMetricsConfiguration matched:
      - @ConditionalOnClass found required class 'com.zaxxer.hikari.HikariDataSource' (OnClassCondition)

   DataSourceTransactionManagerAutoConfiguration matched:
      - @ConditionalOnClass found required classes 'javax.sql.DataSource', 'org.springframework.jdbc.core.JdbcTemplate', 'org.springframework.transaction.TransactionManager' (OnClassCondition)

   DataSourceTransactionManagerAutoConfiguration.JdbcTransactionManagerConfiguration matched:
      - @ConditionalOnSingleCandidate (types: javax.sql.DataSource; SearchStrategy: all) found a single bean 'dataSource' (OnBeanCondition)

   DiskSpaceHealthContributorAutoConfiguration matched:
      - @ConditionalOnEnabledHealthIndicator management.health.defaults.enabled is considered true (OnEnabledHealthIndicatorCondition)

   DiskSpaceHealthContributorAutoConfiguration#diskSpaceHealthIndicator matched:
      - @ConditionalOnMissingBean (names: diskSpaceHealthIndicator; SearchStrategy: all) did not find any beans (OnBeanCondition)

   DispatcherServletAutoConfiguration matched:
      - @ConditionalOnClass found required class 'org.springframework.web.servlet.DispatcherServlet' (OnClassCondition)
      - found 'session' scope (OnWebApplicationCondition)

   DispatcherServletAutoConfiguration.DispatcherServletConfiguration matched:
      - @ConditionalOnClass found required class 'jakarta.servlet.ServletRegistration' (OnClassCondition)
      - Default DispatcherServlet did not find dispatcher servlet beans (DispatcherServletAutoConfiguration.DefaultDispatcherServletCondition)

   DispatcherServletAutoConfiguration.DispatcherServletRegistrationConfiguration matched:
      - @ConditionalOnClass found required class 'jakarta.servlet.ServletRegistration' (OnClassCondition)
      - DispatcherServlet Registration did not find servlet registration bean (DispatcherServletAutoConfiguration.DispatcherServletRegistrationCondition)

   DispatcherServletAutoConfiguration.DispatcherServletRegistrationConfiguration#dispatcherServletRegistration matched:
      - @ConditionalOnBean (names: dispatcherServlet types: org.springframework.web.servlet.DispatcherServlet; SearchStrategy: all) found bean 'dispatcherServlet' (OnBeanCondition)

   EndpointAutoConfiguration#endpointCachingOperationInvokerAdvisor matched:
      - @ConditionalOnMissingBean (types: org.springframework.boot.actuate.endpoint.invoker.cache.CachingOperationInvokerAdvisor; SearchStrategy: all) did not find any beans (OnBeanCondition)

   EndpointAutoConfiguration#endpointOperationParameterMapper matched:
      - @ConditionalOnMissingBean (types: org.springframework.boot.actuate.endpoint.invoke.ParameterValueMapper; SearchStrategy: all) did not find any beans (OnBeanCondition)

   EndpointAutoConfiguration#propertiesEndpointAccessResolver matched:
      - @ConditionalOnMissingBean (types: org.springframework.boot.actuate.endpoint.EndpointAccessResolver; SearchStrategy: all) did not find any beans (OnBeanCondition)

   ErrorMvcAutoConfiguration matched:
      - @ConditionalOnClass found required classes 'jakarta.servlet.Servlet', 'org.springframework.web.servlet.DispatcherServlet' (OnClassCondition)
      - found 'session' scope (OnWebApplicationCondition)

   ErrorMvcAutoConfiguration#basicErrorController matched:
      - @ConditionalOnMissingBean (types: org.springframework.boot.web.servlet.error.ErrorController; SearchStrategy: current) did not find any beans (OnBeanCondition)

   ErrorMvcAutoConfiguration#errorAttributes matched:
      - @ConditionalOnMissingBean (types: org.springframework.boot.web.servlet.error.ErrorAttributes; SearchStrategy: current) did not find any beans (OnBeanCondition)

   ErrorMvcAutoConfiguration.DefaultErrorViewResolverConfiguration#conventionErrorViewResolver matched:
      - @ConditionalOnBean (types: org.springframework.web.servlet.DispatcherServlet; SearchStrategy: all) found bean 'dispatcherServlet'; @ConditionalOnMissingBean (types: org.springframework.boot.autoconfigure.web.servlet.error.ErrorViewResolver; SearchStrategy: all) did not find any beans (OnBeanCondition)

   ErrorMvcAutoConfiguration.WhitelabelErrorViewConfiguration matched:
      - @ConditionalOnProperty (server.error.whitelabel.enabled) matched (OnPropertyCondition)
      - ErrorTemplate Missing did not find error template view (ErrorMvcAutoConfiguration.ErrorTemplateMissingCondition)

   ErrorMvcAutoConfiguration.WhitelabelErrorViewConfiguration#beanNameViewResolver matched:
      - @ConditionalOnMissingBean (types: org.springframework.web.servlet.view.BeanNameViewResolver; SearchStrategy: all) did not find any beans (OnBeanCondition)

   ErrorMvcAutoConfiguration.WhitelabelErrorViewConfiguration#defaultErrorView matched:
      - @ConditionalOnMissingBean (names: error; SearchStrategy: all) did not find any beans (OnBeanCondition)

   GenericCacheConfiguration matched:
      - Cache org.springframework.boot.autoconfigure.cache.GenericCacheConfiguration automatic cache type (CacheCondition)

   GsonAutoConfiguration matched:
      - @ConditionalOnClass found required class 'com.google.gson.Gson' (OnClassCondition)

   GsonAutoConfiguration#gson matched:
      - @ConditionalOnMissingBean (types: com.google.gson.Gson; SearchStrategy: all) did not find any beans (OnBeanCondition)

   GsonAutoConfiguration#gsonBuilder matched:
      - @ConditionalOnMissingBean (types: com.google.gson.GsonBuilder; SearchStrategy: all) did not find any beans (OnBeanCondition)

   GsonHttpMessageConvertersConfiguration matched:
      - @ConditionalOnClass found required class 'com.google.gson.Gson' (OnClassCondition)

   HealthContributorAutoConfiguration#pingHealthContributor matched:
      - @ConditionalOnEnabledHealthIndicator management.health.defaults.enabled is considered true (OnEnabledHealthIndicatorCondition)

   HealthEndpointAutoConfiguration matched:
      - @ConditionalOnAvailableEndpoint marked as exposed by a 'management.endpoints.web.exposure' property (OnAvailableEndpointCondition)

   HealthEndpointConfiguration#healthContributorRegistry matched:
      - @ConditionalOnMissingBean (types: org.springframework.boot.actuate.health.HealthContributorRegistry; SearchStrategy: all) did not find any beans (OnBeanCondition)

   HealthEndpointConfiguration#healthEndpoint matched:
      - @ConditionalOnMissingBean (types: org.springframework.boot.actuate.health.HealthEndpoint; SearchStrategy: all) did not find any beans (OnBeanCondition)

   HealthEndpointConfiguration#healthEndpointGroupMembershipValidator matched:
      - @ConditionalOnProperty (management.endpoint.health.validate-group-membership=true) matched (OnPropertyCondition)

   HealthEndpointConfiguration#healthEndpointGroups matched:
      - @ConditionalOnMissingBean (types: org.springframework.boot.actuate.health.HealthEndpointGroups; SearchStrategy: all) did not find any beans (OnBeanCondition)

   HealthEndpointConfiguration#healthHttpCodeStatusMapper matched:
      - @ConditionalOnMissingBean (types: org.springframework.boot.actuate.health.HttpCodeStatusMapper; SearchStrategy: all) did not find any beans (OnBeanCondition)

   HealthEndpointConfiguration#healthStatusAggregator matched:
      - @ConditionalOnMissingBean (types: org.springframework.boot.actuate.health.StatusAggregator; SearchStrategy: all) did not find any beans (OnBeanCondition)

   HealthEndpointWebExtensionConfiguration matched:
      - found 'session' scope (OnWebApplicationCondition)
      - @ConditionalOnAvailableEndpoint marked as exposed by a 'management.endpoints.web.exposure' property (OnAvailableEndpointCondition)
      - @ConditionalOnBean (types: org.springframework.boot.actuate.health.HealthEndpoint; SearchStrategy: all) found bean 'healthEndpoint' (OnBeanCondition)

   HealthEndpointWebExtensionConfiguration#healthEndpointWebExtension matched:
      - @ConditionalOnMissingBean (types: org.springframework.boot.actuate.health.HealthEndpointWebExtension; SearchStrategy: all) did not find any beans (OnBeanCondition)

   HealthEndpointWebExtensionConfiguration.MvcAdditionalHealthEndpointPathsConfiguration matched:
      - @ConditionalOnBean (types: org.springframework.web.servlet.DispatcherServlet; SearchStrategy: all) found bean 'dispatcherServlet' (OnBeanCondition)

   HibernateJpaAutoConfiguration matched:
      - @ConditionalOnClass found required classes 'org.springframework.orm.jpa.LocalContainerEntityManagerFactoryBean', 'jakarta.persistence.EntityManager', 'org.hibernate.engine.spi.SessionImplementor' (OnClassCondition)

   HibernateJpaConfiguration matched:
      - @ConditionalOnSingleCandidate (types: javax.sql.DataSource; SearchStrategy: all) found a single bean 'dataSource' (OnBeanCondition)

   HttpClientAutoConfiguration matched:
      - @ConditionalOnClass found required class 'org.springframework.http.client.ClientHttpRequestFactory' (OnClassCondition)
      - NoneNestedConditions 0 matched 1 did not; NestedCondition on NotReactiveWebApplicationCondition.ReactiveWebApplication not a reactive web application (NotReactiveWebApplicationCondition)

   HttpClientAutoConfiguration#clientHttpRequestFactoryBuilder matched:
      - @ConditionalOnMissingBean (types: org.springframework.boot.http.client.ClientHttpRequestFactoryBuilder; SearchStrategy: all) did not find any beans (OnBeanCondition)

   HttpClientAutoConfiguration#clientHttpRequestFactorySettings matched:
      - @ConditionalOnMissingBean (types: org.springframework.boot.http.client.ClientHttpRequestFactorySettings; SearchStrategy: all) did not find any beans (OnBeanCondition)

   HttpClientObservationsAutoConfiguration matched:
      - @ConditionalOnClass found required class 'io.micrometer.observation.Observation' (OnClassCondition)
      - @ConditionalOnBean (types: io.micrometer.observation.ObservationRegistry; SearchStrategy: all) found bean 'observationRegistry' (OnBeanCondition)

   HttpClientObservationsAutoConfiguration.MeterFilterConfiguration matched:
      - @ConditionalOnClass found required class 'io.micrometer.core.instrument.MeterRegistry' (OnClassCondition)
      - @ConditionalOnBean (types: io.micrometer.core.instrument.MeterRegistry; SearchStrategy: all) found bean 'simpleMeterRegistry' (OnBeanCondition)

   HttpEncodingAutoConfiguration matched:
      - @ConditionalOnClass found required class 'org.springframework.web.filter.CharacterEncodingFilter' (OnClassCondition)
      - found 'session' scope (OnWebApplicationCondition)
      - @ConditionalOnProperty (server.servlet.encoding.enabled) matched (OnPropertyCondition)

   HttpEncodingAutoConfiguration#characterEncodingFilter matched:
      - @ConditionalOnMissingBean (types: org.springframework.web.filter.CharacterEncodingFilter; SearchStrategy: all) did not find any beans (OnBeanCondition)

   HttpMessageConvertersAutoConfiguration matched:
      - @ConditionalOnClass found required class 'org.springframework.http.converter.HttpMessageConverter' (OnClassCondition)
      - NoneNestedConditions 0 matched 1 did not; NestedCondition on HttpMessageConvertersAutoConfiguration.NotReactiveWebApplicationCondition.ReactiveWebApplication not a reactive web application (HttpMessageConvertersAutoConfiguration.NotReactiveWebApplicationCondition)

   HttpMessageConvertersAutoConfiguration#messageConverters matched:
      - @ConditionalOnMissingBean (types: org.springframework.boot.autoconfigure.http.HttpMessageConverters; SearchStrategy: all) did not find any beans (OnBeanCondition)

   HttpMessageConvertersAutoConfiguration.StringHttpMessageConverterConfiguration matched:
      - @ConditionalOnClass found required class 'org.springframework.http.converter.StringHttpMessageConverter' (OnClassCondition)

   HttpMessageConvertersAutoConfiguration.StringHttpMessageConverterConfiguration#stringHttpMessageConverter matched:
      - @ConditionalOnMissingBean (types: org.springframework.http.converter.StringHttpMessageConverter; SearchStrategy: all) did not find any beans (OnBeanCondition)

   JacksonAutoConfiguration matched:
      - @ConditionalOnClass found required class 'com.fasterxml.jackson.databind.ObjectMapper' (OnClassCondition)

   JacksonAutoConfiguration.Jackson2ObjectMapperBuilderCustomizerConfiguration matched:
      - @ConditionalOnClass found required class 'org.springframework.http.converter.json.Jackson2ObjectMapperBuilder' (OnClassCondition)

   JacksonAutoConfiguration.JacksonObjectMapperBuilderConfiguration matched:
      - @ConditionalOnClass found required class 'org.springframework.http.converter.json.Jackson2ObjectMapperBuilder' (OnClassCondition)

   JacksonAutoConfiguration.JacksonObjectMapperBuilderConfiguration#jacksonObjectMapperBuilder matched:
      - @ConditionalOnMissingBean (types: org.springframework.http.converter.json.Jackson2ObjectMapperBuilder; SearchStrategy: all) did not find any beans (OnBeanCondition)

   JacksonAutoConfiguration.JacksonObjectMapperConfiguration matched:
      - @ConditionalOnClass found required class 'org.springframework.http.converter.json.Jackson2ObjectMapperBuilder' (OnClassCondition)

   JacksonAutoConfiguration.JacksonObjectMapperConfiguration#jacksonObjectMapper matched:
      - @ConditionalOnMissingBean (types: com.fasterxml.jackson.databind.ObjectMapper; SearchStrategy: all) did not find any beans (OnBeanCondition)

   JacksonAutoConfiguration.ParameterNamesModuleConfiguration matched:
      - @ConditionalOnClass found required class 'com.fasterxml.jackson.module.paramnames.ParameterNamesModule' (OnClassCondition)

   JacksonAutoConfiguration.ParameterNamesModuleConfiguration#parameterNamesModule matched:
      - @ConditionalOnMissingBean (types: com.fasterxml.jackson.module.paramnames.ParameterNamesModule; SearchStrategy: all) did not find any beans (OnBeanCondition)

   JacksonEndpointAutoConfiguration#endpointObjectMapper matched:
      - @ConditionalOnClass found required classes 'com.fasterxml.jackson.databind.ObjectMapper', 'org.springframework.http.converter.json.Jackson2ObjectMapperBuilder' (OnClassCondition)
      - @ConditionalOnProperty (management.endpoints.jackson.isolated-object-mapper) matched (OnPropertyCondition)

   JacksonHttpMessageConvertersConfiguration.MappingJackson2HttpMessageConverterConfiguration matched:
      - @ConditionalOnClass found required class 'com.fasterxml.jackson.databind.ObjectMapper' (OnClassCondition)
      - @ConditionalOnProperty (spring.mvc.converters.preferred-json-mapper=jackson) matched (OnPropertyCondition)
      - @ConditionalOnBean (types: com.fasterxml.jackson.databind.ObjectMapper; SearchStrategy: all) found bean 'jacksonObjectMapper' (OnBeanCondition)

   JacksonHttpMessageConvertersConfiguration.MappingJackson2HttpMessageConverterConfiguration#mappingJackson2HttpMessageConverter matched:
      - @ConditionalOnMissingBean (types: org.springframework.http.converter.json.MappingJackson2HttpMessageConverter ignored: org.springframework.hateoas.server.mvc.TypeConstrainedMappingJackson2HttpMessageConverter,org.springframework.data.rest.webmvc.alps.AlpsJsonHttpMessageConverter; SearchStrategy: all) did not find any beans (OnBeanCondition)

   JdbcClientAutoConfiguration matched:
      - @ConditionalOnSingleCandidate (types: org.springframework.jdbc.core.namedparam.NamedParameterJdbcTemplate; SearchStrategy: all) found a single bean 'namedParameterJdbcTemplate'; @ConditionalOnMissingBean (types: org.springframework.jdbc.core.simple.JdbcClient; SearchStrategy: all) did not find any beans (OnBeanCondition)

   JdbcRepositoriesAutoConfiguration matched:
      - @ConditionalOnClass found required classes 'org.springframework.jdbc.core.namedparam.NamedParameterJdbcOperations', 'org.springframework.data.jdbc.repository.config.AbstractJdbcConfiguration' (OnClassCondition)
      - @ConditionalOnProperty (spring.data.jdbc.repositories.enabled=true) matched (OnPropertyCondition)
      - @ConditionalOnBean (types: org.springframework.jdbc.core.namedparam.NamedParameterJdbcOperations,org.springframework.transaction.PlatformTransactionManager; SearchStrategy: all) found beans 'transactionManager', 'namedParameterJdbcTemplate' (OnBeanCondition)

   JdbcRepositoriesAutoConfiguration.JdbcRepositoriesConfiguration matched:
      - @ConditionalOnMissingBean (types: org.springframework.data.jdbc.repository.config.JdbcRepositoryConfigExtension; SearchStrategy: all) did not find any beans (OnBeanCondition)

   JdbcRepositoriesAutoConfiguration.SpringBootJdbcConfiguration matched:
      - @ConditionalOnMissingBean (types: org.springframework.data.jdbc.repository.config.AbstractJdbcConfiguration; SearchStrategy: all) did not find any beans (OnBeanCondition)

   JdbcRepositoriesAutoConfiguration.SpringBootJdbcConfiguration#dataAccessStrategyBean matched:
      - @ConditionalOnMissingBean (types: org.springframework.data.jdbc.core.convert.DataAccessStrategy; SearchStrategy: all) did not find any beans (OnBeanCondition)

   JdbcRepositoriesAutoConfiguration.SpringBootJdbcConfiguration#jdbcAggregateTemplate matched:
      - @ConditionalOnMissingBean (types: org.springframework.data.jdbc.core.JdbcAggregateTemplate; SearchStrategy: all) did not find any beans (OnBeanCondition)

   JdbcRepositoriesAutoConfiguration.SpringBootJdbcConfiguration#jdbcConverter matched:
      - @ConditionalOnMissingBean (types: org.springframework.data.jdbc.core.convert.JdbcConverter; SearchStrategy: all) did not find any beans (OnBeanCondition)

   JdbcRepositoriesAutoConfiguration.SpringBootJdbcConfiguration#jdbcCustomConversions matched:
      - @ConditionalOnMissingBean (types: org.springframework.data.jdbc.core.convert.JdbcCustomConversions; SearchStrategy: all) did not find any beans (OnBeanCondition)

   JdbcRepositoriesAutoConfiguration.SpringBootJdbcConfiguration#jdbcDialect matched:
      - @ConditionalOnMissingBean (types: org.springframework.data.relational.core.dialect.Dialect; SearchStrategy: all) did not find any beans (OnBeanCondition)

   JdbcRepositoriesAutoConfiguration.SpringBootJdbcConfiguration#jdbcManagedTypes matched:
      - @ConditionalOnMissingBean (types: org.springframework.data.relational.RelationalManagedTypes; SearchStrategy: all) did not find any beans (OnBeanCondition)

   JdbcRepositoriesAutoConfiguration.SpringBootJdbcConfiguration#jdbcMappingContext matched:
      - @ConditionalOnMissingBean (types: org.springframework.data.jdbc.core.mapping.JdbcMappingContext; SearchStrategy: all) did not find any beans (OnBeanCondition)

   JdbcTemplateAutoConfiguration matched:
      - @ConditionalOnClass found required classes 'javax.sql.DataSource', 'org.springframework.jdbc.core.JdbcTemplate' (OnClassCondition)
      - @ConditionalOnSingleCandidate (types: javax.sql.DataSource; SearchStrategy: all) found a single bean 'dataSource' (OnBeanCondition)

   JdbcTemplateConfiguration matched:
      - @ConditionalOnMissingBean (types: org.springframework.jdbc.core.JdbcOperations; SearchStrategy: all) did not find any beans (OnBeanCondition)

   JpaBaseConfiguration#entityManagerFactory matched:
      - @ConditionalOnMissingBean (types: org.springframework.orm.jpa.LocalContainerEntityManagerFactoryBean,jakarta.persistence.EntityManagerFactory; SearchStrategy: all) did not find any beans (OnBeanCondition)

   JpaBaseConfiguration#entityManagerFactoryBuilder matched:
      - @ConditionalOnMissingBean (types: org.springframework.boot.orm.jpa.EntityManagerFactoryBuilder; SearchStrategy: all) did not find any beans (OnBeanCondition)

   JpaBaseConfiguration#jpaVendorAdapter matched:
      - @ConditionalOnMissingBean (types: org.springframework.orm.jpa.JpaVendorAdapter; SearchStrategy: all) did not find any beans (OnBeanCondition)

   JpaBaseConfiguration#transactionManager matched:
      - @ConditionalOnMissingBean (types: org.springframework.transaction.TransactionManager; SearchStrategy: all) did not find any beans (OnBeanCondition)

   JpaBaseConfiguration.JpaWebConfiguration matched:
      - @ConditionalOnClass found required class 'org.springframework.web.servlet.config.annotation.WebMvcConfigurer' (OnClassCondition)
      - found 'session' scope (OnWebApplicationCondition)
      - @ConditionalOnProperty (spring.jpa.open-in-view=true) matched (OnPropertyCondition)
      - @ConditionalOnMissingBean (types: org.springframework.orm.jpa.support.OpenEntityManagerInViewInterceptor,org.springframework.orm.jpa.support.OpenEntityManagerInViewFilter; SearchStrategy: all) did not find any beans (OnBeanCondition)

   JpaBaseConfiguration.PersistenceManagedTypesConfiguration matched:
      - @ConditionalOnMissingBean (types: org.springframework.orm.jpa.LocalContainerEntityManagerFactoryBean,jakarta.persistence.EntityManagerFactory; SearchStrategy: all) did not find any beans (OnBeanCondition)

   JpaBaseConfiguration.PersistenceManagedTypesConfiguration#persistenceManagedTypes matched:
      - @ConditionalOnMissingBean (types: org.springframework.orm.jpa.persistenceunit.PersistenceManagedTypes; SearchStrategy: all) did not find any beans (OnBeanCondition)

   JpaRepositoriesAutoConfiguration matched:
      - @ConditionalOnClass found required class 'org.springframework.data.jpa.repository.JpaRepository' (OnClassCondition)
      - @ConditionalOnProperty (spring.data.jpa.repositories.enabled=true) matched (OnPropertyCondition)
      - @ConditionalOnBean (types: javax.sql.DataSource; SearchStrategy: all) found bean 'dataSource'; @ConditionalOnMissingBean (types: org.springframework.data.jpa.repository.support.JpaRepositoryFactoryBean,org.springframework.data.jpa.repository.config.JpaRepositoryConfigExtension; SearchStrategy: all) did not find any beans (OnBeanCondition)

   JtaAutoConfiguration matched:
      - @ConditionalOnClass found required class 'jakarta.transaction.Transaction' (OnClassCondition)
      - @ConditionalOnProperty (spring.jta.enabled) matched (OnPropertyCondition)

   JvmMetricsAutoConfiguration matched:
      - @ConditionalOnClass found required class 'io.micrometer.core.instrument.MeterRegistry' (OnClassCondition)
      - @ConditionalOnBean (types: io.micrometer.core.instrument.MeterRegistry; SearchStrategy: all) found bean 'simpleMeterRegistry' (OnBeanCondition)

   JvmMetricsAutoConfiguration#classLoaderMetrics matched:
      - @ConditionalOnMissingBean (types: io.micrometer.core.instrument.binder.jvm.ClassLoaderMetrics; SearchStrategy: all) did not find any beans (OnBeanCondition)

   JvmMetricsAutoConfiguration#jvmCompilationMetrics matched:
      - @ConditionalOnMissingBean (types: io.micrometer.core.instrument.binder.jvm.JvmCompilationMetrics; SearchStrategy: all) did not find any beans (OnBeanCondition)

   JvmMetricsAutoConfiguration#jvmGcMetrics matched:
      - @ConditionalOnMissingBean (types: io.micrometer.core.instrument.binder.jvm.JvmGcMetrics; SearchStrategy: all) did not find any beans (OnBeanCondition)

   JvmMetricsAutoConfiguration#jvmHeapPressureMetrics matched:
      - @ConditionalOnMissingBean (types: io.micrometer.core.instrument.binder.jvm.JvmHeapPressureMetrics; SearchStrategy: all) did not find any beans (OnBeanCondition)

   JvmMetricsAutoConfiguration#jvmInfoMetrics matched:
      - @ConditionalOnMissingBean (types: io.micrometer.core.instrument.binder.jvm.JvmInfoMetrics; SearchStrategy: all) did not find any beans (OnBeanCondition)

   JvmMetricsAutoConfiguration#jvmMemoryMetrics matched:
      - @ConditionalOnMissingBean (types: io.micrometer.core.instrument.binder.jvm.JvmMemoryMetrics; SearchStrategy: all) did not find any beans (OnBeanCondition)

   JvmMetricsAutoConfiguration#jvmThreadMetrics matched:
      - @ConditionalOnMissingBean (types: io.micrometer.core.instrument.binder.jvm.JvmThreadMetrics; SearchStrategy: all) did not find any beans (OnBeanCondition)

   LifecycleAutoConfiguration#defaultLifecycleProcessor matched:
      - @ConditionalOnMissingBean (names: lifecycleProcessor; SearchStrategy: current) did not find any beans (OnBeanCondition)

   LiquibaseAutoConfiguration matched:
      - @ConditionalOnClass found required classes 'liquibase.integration.spring.SpringLiquibase', 'liquibase.change.DatabaseChange' (OnClassCondition)
      - @ConditionalOnProperty (spring.liquibase.enabled) matched (OnPropertyCondition)
      - AnyNestedCondition 2 matched 1 did not; NestedCondition on LiquibaseAutoConfiguration.LiquibaseDataSourceCondition.LiquibaseUrlCondition @ConditionalOnProperty (spring.liquibase.url) did not find property 'url'; NestedCondition on LiquibaseAutoConfiguration.LiquibaseDataSourceCondition.JdbcConnectionDetailsCondition @ConditionalOnBean (types: org.springframework.boot.autoconfigure.jdbc.JdbcConnectionDetails; SearchStrategy: all) found bean 'jdbcConnectionDetails'; NestedCondition on LiquibaseAutoConfiguration.LiquibaseDataSourceCondition.DataSourceBeanCondition @ConditionalOnBean (types: javax.sql.DataSource; SearchStrategy: all) found bean 'dataSource' (LiquibaseAutoConfiguration.LiquibaseDataSourceCondition)

   LiquibaseAutoConfiguration.CustomizerConfiguration matched:
      - @ConditionalOnClass found required class 'liquibase.integration.spring.Customizer' (OnClassCondition)

   LiquibaseAutoConfiguration.LiquibaseConfiguration matched:
      - @ConditionalOnClass found required class 'org.springframework.jdbc.core.ConnectionCallback' (OnClassCondition)
      - @ConditionalOnMissingBean (types: liquibase.integration.spring.SpringLiquibase; SearchStrategy: all) did not find any beans (OnBeanCondition)

   LiquibaseAutoConfiguration.LiquibaseConfiguration#liquibaseConnectionDetails matched:
      - @ConditionalOnMissingBean (types: org.springframework.boot.autoconfigure.liquibase.LiquibaseConnectionDetails; SearchStrategy: all) did not find any beans (OnBeanCondition)

   Log4J2MetricsAutoConfiguration matched:
      - @ConditionalOnClass found required classes 'io.micrometer.core.instrument.binder.logging.Log4j2Metrics', 'org.apache.logging.log4j.LogManager', 'org.apache.logging.log4j.core.LoggerContext' (OnClassCondition)
      - LoggerContext was an instance of org.apache.logging.log4j.core.LoggerContext (Log4J2MetricsAutoConfiguration.Log4JCoreLoggerContextCondition)
      - @ConditionalOnBean (types: io.micrometer.core.instrument.MeterRegistry; SearchStrategy: all) found bean 'simpleMeterRegistry' (OnBeanCondition)

   Log4J2MetricsAutoConfiguration#log4j2Metrics matched:
      - @ConditionalOnMissingBean (types: io.micrometer.core.instrument.binder.logging.Log4j2Metrics; SearchStrategy: all) did not find any beans (OnBeanCondition)

   ManagementContextAutoConfiguration.SameManagementContextConfiguration matched:
      - Management Port actual port type (SAME) matched required type (OnManagementPortCondition)

   MetricsAutoConfiguration matched:
      - @ConditionalOnClass found required class 'io.micrometer.core.annotation.Timed' (OnClassCondition)

   MetricsAutoConfiguration#micrometerClock matched:
      - @ConditionalOnMissingBean (types: io.micrometer.core.instrument.Clock; SearchStrategy: all) did not find any beans (OnBeanCondition)

   MockMvcAutoConfiguration matched:
      - found 'session' scope (OnWebApplicationCondition)

   MockMvcAutoConfiguration.WebTestClientMockMvcConfiguration matched:
      - @ConditionalOnClass found required classes 'org.springframework.web.reactive.function.client.WebClient', 'org.springframework.test.web.reactive.server.WebTestClient' (OnClassCondition)

   MockMvcAutoConfiguration.WebTestClientMockMvcConfiguration#webTestClient matched:
      - @ConditionalOnMissingBean (types: org.springframework.test.web.reactive.server.WebTestClient; SearchStrategy: all) did not find any beans (OnBeanCondition)

   MockMvcConfiguration#mockMvc matched:
      - @ConditionalOnMissingBean (types: org.springframework.test.web.servlet.MockMvc; SearchStrategy: all) did not find any beans (OnBeanCondition)

   MockMvcConfiguration#mockMvcBuilder matched:
      - @ConditionalOnMissingBean (types: org.springframework.test.web.servlet.MockMvcBuilder; SearchStrategy: all) did not find any beans (OnBeanCondition)

   MockMvcSecurityConfiguration matched:
      - @ConditionalOnClass found required class 'org.springframework.security.test.web.servlet.request.SecurityMockMvcRequestPostProcessors' (OnClassCondition)

   MockMvcSecurityConfiguration#securityMockMvcBuilderCustomizer matched:
      - @ConditionalOnBean (names: springSecurityFilterChain; SearchStrategy: all) found bean 'springSecurityFilterChain' (OnBeanCondition)

   MockMvcTesterConfiguration matched:
      - @ConditionalOnClass found required class 'org.assertj.core.api.Assert' (OnClassCondition)

   MockMvcTesterConfiguration#mockMvcTester matched:
      - @ConditionalOnMissingBean (types: org.springframework.test.web.servlet.assertj.MockMvcTester; SearchStrategy: all) did not find any beans (OnBeanCondition)

   MultipartAutoConfiguration matched:
      - @ConditionalOnClass found required classes 'jakarta.servlet.Servlet', 'org.springframework.web.multipart.support.StandardServletMultipartResolver', 'jakarta.servlet.MultipartConfigElement' (OnClassCondition)
      - found 'session' scope (OnWebApplicationCondition)
      - @ConditionalOnProperty (spring.servlet.multipart.enabled) matched (OnPropertyCondition)

   MultipartAutoConfiguration#multipartConfigElement matched:
      - @ConditionalOnMissingBean (types: jakarta.servlet.MultipartConfigElement; SearchStrategy: all) did not find any beans (OnBeanCondition)

   MultipartAutoConfiguration#multipartResolver matched:
      - @ConditionalOnMissingBean (types: org.springframework.web.multipart.MultipartResolver; SearchStrategy: all) did not find any beans (OnBeanCondition)

   NamedParameterJdbcTemplateConfiguration matched:
      - @ConditionalOnSingleCandidate (types: org.springframework.jdbc.core.JdbcTemplate; SearchStrategy: all) found a single bean 'jdbcTemplate'; @ConditionalOnMissingBean (types: org.springframework.jdbc.core.namedparam.NamedParameterJdbcOperations; SearchStrategy: all) did not find any beans (OnBeanCondition)

   NettyAutoConfiguration matched:
      - @ConditionalOnClass found required class 'io.netty.util.NettyRuntime' (OnClassCondition)

   NoOpCacheConfiguration matched:
      - Cache org.springframework.boot.autoconfigure.cache.NoOpCacheConfiguration automatic cache type (CacheCondition)

   ObservationAutoConfiguration matched:
      - @ConditionalOnClass found required class 'io.micrometer.observation.ObservationRegistry' (OnClassCondition)

   ObservationAutoConfiguration#observationRegistry matched:
      - @ConditionalOnMissingBean (types: io.micrometer.observation.ObservationRegistry; SearchStrategy: all) did not find any beans (OnBeanCondition)

   ObservationAutoConfiguration.MeterObservationHandlerConfiguration matched:
      - @ConditionalOnBean (types: io.micrometer.core.instrument.MeterRegistry; SearchStrategy: all) found bean 'simpleMeterRegistry'; @ConditionalOnMissingBean (types: io.micrometer.core.instrument.observation.MeterObservationHandler; SearchStrategy: all) did not find any beans (OnBeanCondition)

   ObservationAutoConfiguration.MeterObservationHandlerConfiguration.OnlyMetricsMeterObservationHandlerConfiguration matched:
      - @ConditionalOnMissingBean (types: io.micrometer.tracing.Tracer; SearchStrategy: all) did not find any beans (OnBeanCondition)

   ObservationAutoConfiguration.ObservedAspectConfiguration matched:
      - @ConditionalOnClass found required class 'org.aspectj.weaver.Advice' (OnClassCondition)

   ObservationAutoConfiguration.ObservedAspectConfiguration#observedAspect matched:
      - @ConditionalOnMissingBean (types: io.micrometer.observation.aop.ObservedAspect; SearchStrategy: all) did not find any beans (OnBeanCondition)

   ObservationAutoConfiguration.OnlyMetricsConfiguration matched:
      - @ConditionalOnClass found required class 'io.micrometer.core.instrument.MeterRegistry'; @ConditionalOnMissingClass did not find unwanted class 'io.micrometer.tracing.Tracer' (OnClassCondition)

   PersistenceExceptionTranslationAutoConfiguration matched:
      - @ConditionalOnClass found required class 'org.springframework.dao.annotation.PersistenceExceptionTranslationPostProcessor' (OnClassCondition)

   PersistenceExceptionTranslationAutoConfiguration#persistenceExceptionTranslationPostProcessor matched:
      - @ConditionalOnProperty (spring.dao.exceptiontranslation.enabled) matched (OnPropertyCondition)
      - @ConditionalOnMissingBean (types: org.springframework.dao.annotation.PersistenceExceptionTranslationPostProcessor; SearchStrategy: all) did not find any beans (OnBeanCondition)

   PropertyPlaceholderAutoConfiguration#propertySourcesPlaceholderConfigurer matched:
      - @ConditionalOnMissingBean (types: org.springframework.context.support.PropertySourcesPlaceholderConfigurer; SearchStrategy: current) did not find any beans (OnBeanCondition)

   ReactiveHealthEndpointConfiguration matched:
      - @ConditionalOnClass found required class 'reactor.core.publisher.Flux' (OnClassCondition)
      - @ConditionalOnBean (types: org.springframework.boot.actuate.health.HealthEndpoint; SearchStrategy: all) found bean 'healthEndpoint' (OnBeanCondition)

   ReactiveHealthEndpointConfiguration#reactiveHealthContributorRegistry matched:
      - @ConditionalOnMissingBean (types: org.springframework.boot.actuate.health.ReactiveHealthContributorRegistry; SearchStrategy: all) did not find any beans (OnBeanCondition)

   ReactiveSecurityAutoConfiguration matched:
      - @ConditionalOnClass found required classes 'reactor.core.publisher.Flux', 'org.springframework.security.config.annotation.web.reactive.EnableWebFluxSecurity', 'org.springframework.security.web.server.WebFilterChainProxy', 'org.springframework.web.reactive.config.WebFluxConfigurer' (OnClassCondition)

   ReactorAutoConfiguration matched:
      - @ConditionalOnClass found required class 'reactor.core.publisher.Hooks' (OnClassCondition)

   ReactorNettyConfigurations.ReactorResourceFactoryConfiguration#reactorResourceFactory matched:
      - @ConditionalOnMissingBean (types: org.springframework.http.client.ReactorResourceFactory; SearchStrategy: all) did not find any beans (OnBeanCondition)

   RepositoryMetricsAutoConfiguration matched:
      - @ConditionalOnClass found required class 'org.springframework.data.repository.Repository' (OnClassCondition)
      - @ConditionalOnBean (types: io.micrometer.core.instrument.MeterRegistry; SearchStrategy: all) found bean 'simpleMeterRegistry' (OnBeanCondition)

   RepositoryMetricsAutoConfiguration#metricsRepositoryMethodInvocationListener matched:
      - @ConditionalOnMissingBean (types: org.springframework.boot.actuate.metrics.data.MetricsRepositoryMethodInvocationListener; SearchStrategy: all) did not find any beans (OnBeanCondition)

   RepositoryMetricsAutoConfiguration#repositoryTagsProvider matched:
      - @ConditionalOnMissingBean (types: org.springframework.boot.actuate.metrics.data.RepositoryTagsProvider; SearchStrategy: all) did not find any beans (OnBeanCondition)

   RestClientAutoConfiguration matched:
      - @ConditionalOnClass found required class 'org.springframework.web.client.RestClient' (OnClassCondition)
      - NoneNestedConditions 0 matched 1 did not; NestedCondition on NotReactiveWebApplicationCondition.ReactiveWebApplication not a reactive web application (NotReactiveWebApplicationCondition)

   RestClientAutoConfiguration#httpMessageConvertersRestClientCustomizer matched:
      - @ConditionalOnMissingBean (types: org.springframework.boot.autoconfigure.web.client.HttpMessageConvertersRestClientCustomizer; SearchStrategy: all) did not find any beans (OnBeanCondition)

   RestClientAutoConfiguration#restClientBuilder matched:
      - @ConditionalOnMissingBean (types: org.springframework.web.client.RestClient$Builder; SearchStrategy: all) did not find any beans (OnBeanCondition)

   RestClientAutoConfiguration#restClientBuilderConfigurer matched:
      - @ConditionalOnMissingBean (types: org.springframework.boot.autoconfigure.web.client.RestClientBuilderConfigurer; SearchStrategy: all) did not find any beans (OnBeanCondition)

   RestClientAutoConfiguration#restClientSsl matched:
      - @ConditionalOnBean (types: org.springframework.boot.ssl.SslBundles; SearchStrategy: all) found bean 'sslBundleRegistry'; @ConditionalOnMissingBean (types: org.springframework.boot.autoconfigure.web.client.RestClientSsl; SearchStrategy: all) did not find any beans (OnBeanCondition)

   RestClientObservationConfiguration matched:
      - @ConditionalOnClass found required class 'org.springframework.web.client.RestClient' (OnClassCondition)
      - @ConditionalOnBean (types: org.springframework.web.client.RestClient$Builder; SearchStrategy: all) found bean 'restClientBuilder' (OnBeanCondition)

   RestTemplateAutoConfiguration matched:
      - @ConditionalOnClass found required class 'org.springframework.web.client.RestTemplate' (OnClassCondition)
      - NoneNestedConditions 0 matched 1 did not; NestedCondition on NotReactiveWebApplicationCondition.ReactiveWebApplication not a reactive web application (NotReactiveWebApplicationCondition)

   RestTemplateAutoConfiguration#restTemplateBuilder matched:
      - @ConditionalOnMissingBean (types: org.springframework.boot.web.client.RestTemplateBuilder; SearchStrategy: all) did not find any beans (OnBeanCondition)

   RestTemplateObservationConfiguration matched:
      - @ConditionalOnClass found required class 'org.springframework.web.client.RestTemplate' (OnClassCondition)
      - @ConditionalOnBean (types: org.springframework.boot.web.client.RestTemplateBuilder; SearchStrategy: all) found bean 'restTemplateBuilder' (OnBeanCondition)

   ScheduledTasksObservabilityAutoConfiguration matched:
      - @ConditionalOnClass found required class 'org.springframework.scheduling.concurrent.ThreadPoolTaskScheduler' (OnClassCondition)
      - @ConditionalOnBean (types: io.micrometer.observation.ObservationRegistry; SearchStrategy: all) found bean 'observationRegistry' (OnBeanCondition)

   SecurityAutoConfiguration matched:
      - @ConditionalOnClass found required class 'org.springframework.security.authentication.DefaultAuthenticationEventPublisher' (OnClassCondition)

   SecurityAutoConfiguration#authenticationEventPublisher matched:
      - @ConditionalOnMissingBean (types: org.springframework.security.authentication.AuthenticationEventPublisher; SearchStrategy: all) did not find any beans (OnBeanCondition)

   SecurityFilterAutoConfiguration matched:
      - @ConditionalOnClass found required classes 'org.springframework.security.web.context.AbstractSecurityWebApplicationInitializer', 'org.springframework.security.config.http.SessionCreationPolicy' (OnClassCondition)
      - found 'session' scope (OnWebApplicationCondition)

   SecurityFilterAutoConfiguration#securityFilterChainRegistration matched:
      - @ConditionalOnBean (names: springSecurityFilterChain; SearchStrategy: all) found bean 'springSecurityFilterChain' (OnBeanCondition)

   SecurityRequestMatchersManagementContextConfiguration matched:
      - @ConditionalOnClass found required class 'org.springframework.security.web.util.matcher.RequestMatcher' (OnClassCondition)
      - found 'session' scope (OnWebApplicationCondition)

   SecurityRequestMatchersManagementContextConfiguration.MvcRequestMatcherConfiguration matched:
      - @ConditionalOnClass found required class 'org.springframework.web.servlet.DispatcherServlet' (OnClassCondition)
      - @ConditionalOnBean (types: org.springframework.boot.autoconfigure.web.servlet.DispatcherServletPath; SearchStrategy: all) found bean 'dispatcherServletRegistration' (OnBeanCondition)

   SecurityRequestMatchersManagementContextConfiguration.MvcRequestMatcherConfiguration#requestMatcherProvider matched:
      - @ConditionalOnClass found required class 'org.springframework.web.servlet.DispatcherServlet' (OnClassCondition)
      - @ConditionalOnMissingBean (types: org.springframework.boot.autoconfigure.security.servlet.RequestMatcherProvider; SearchStrategy: all) did not find any beans (OnBeanCondition)

   ServletEndpointManagementContextConfiguration matched:
      - found 'session' scope (OnWebApplicationCondition)

   ServletEndpointManagementContextConfiguration.WebMvcServletEndpointManagementContextConfiguration matched:
      - @ConditionalOnClass found required class 'org.springframework.web.servlet.DispatcherServlet' (OnClassCondition)

   ServletManagementContextAutoConfiguration matched:
      - @ConditionalOnClass found required class 'jakarta.servlet.Servlet' (OnClassCondition)
      - found 'session' scope (OnWebApplicationCondition)

   ServletWebServerFactoryAutoConfiguration matched:
      - @ConditionalOnClass found required class 'jakarta.servlet.ServletRequest' (OnClassCondition)
      - found 'session' scope (OnWebApplicationCondition)

   ServletWebServerFactoryAutoConfiguration#tomcatServletWebServerFactoryCustomizer matched:
      - @ConditionalOnClass found required class 'org.apache.catalina.startup.Tomcat' (OnClassCondition)

   ServletWebServerFactoryAutoConfiguration.ForwardedHeaderFilterConfiguration matched:
      - @ConditionalOnProperty (server.forward-headers-strategy=framework) matched (OnPropertyCondition)
      - @ConditionalOnMissingBean (types: org.springframework.web.filter.ForwardedHeaderFilter; SearchStrategy: all) did not find any beans (OnBeanCondition)

   ServletWebServerFactoryAutoConfiguration.ForwardedHeaderFilterConfiguration#tomcatForwardedHeaderFilterCustomizer matched:
      - @ConditionalOnClass found required class 'org.apache.catalina.startup.Tomcat' (OnClassCondition)

   ServletWebServerFactoryConfiguration.EmbeddedTomcat matched:
      - @ConditionalOnClass found required classes 'jakarta.servlet.Servlet', 'org.apache.catalina.startup.Tomcat', 'org.apache.coyote.UpgradeProtocol' (OnClassCondition)
      - @ConditionalOnMissingBean (types: org.springframework.boot.web.servlet.server.ServletWebServerFactory; SearchStrategy: current) did not find any beans (OnBeanCondition)

   SimpleCacheConfiguration matched:
      - Cache org.springframework.boot.autoconfigure.cache.SimpleCacheConfiguration automatic cache type (CacheCondition)

   SimpleMetricsExportAutoConfiguration matched:
      - @ConditionalOnEnabledMetricsExport management.simple.metrics.export.enabled is true (OnMetricsExportEnabledCondition)
      - @ConditionalOnBean (types: io.micrometer.core.instrument.Clock; SearchStrategy: all) found bean 'micrometerClock'; @ConditionalOnMissingBean (types: io.micrometer.core.instrument.MeterRegistry; SearchStrategy: all) did not find any beans (OnBeanCondition)

   SimpleMetricsExportAutoConfiguration#simpleConfig matched:
      - @ConditionalOnMissingBean (types: io.micrometer.core.instrument.simple.SimpleConfig; SearchStrategy: all) did not find any beans (OnBeanCondition)

   SpringBootWebSecurityConfiguration matched:
      - found 'session' scope (OnWebApplicationCondition)

   SpringBootWebSecurityConfiguration.WebSecurityEnablerConfiguration matched:
      - @ConditionalOnClass found required class 'org.springframework.security.config.annotation.web.configuration.EnableWebSecurity' (OnClassCondition)
      - @ConditionalOnMissingBean (names: springSecurityFilterChain; SearchStrategy: all) did not find any beans (OnBeanCondition)

   SpringDataWebAutoConfiguration matched:
      - @ConditionalOnClass found required classes 'org.springframework.data.web.PageableHandlerMethodArgumentResolver', 'org.springframework.web.servlet.config.annotation.WebMvcConfigurer' (OnClassCondition)
      - found 'session' scope (OnWebApplicationCondition)
      - @ConditionalOnMissingBean (types: org.springframework.data.web.PageableHandlerMethodArgumentResolver; SearchStrategy: all) did not find any beans (OnBeanCondition)

   SpringDataWebAutoConfiguration#pageableCustomizer matched:
      - @ConditionalOnMissingBean (types: org.springframework.data.web.config.PageableHandlerMethodArgumentResolverCustomizer; SearchStrategy: all) did not find any beans (OnBeanCondition)

   SpringDataWebAutoConfiguration#sortCustomizer matched:
      - @ConditionalOnMissingBean (types: org.springframework.data.web.config.SortHandlerMethodArgumentResolverCustomizer; SearchStrategy: all) did not find any beans (OnBeanCondition)

   SpringDataWebAutoConfiguration#springDataWebSettings matched:
      - @ConditionalOnMissingBean (types: org.springframework.data.web.config.SpringDataWebSettings; SearchStrategy: all) did not find any beans (OnBeanCondition)

   SpringDocConfigProperties matched:
      - @ConditionalOnProperty (springdoc.api-docs.enabled) matched (OnPropertyCondition)
      - @ConditionalOnBean (types: org.springdoc.core.configuration.SpringDocConfiguration; SearchStrategy: all) found bean 'org.springdoc.core.configuration.SpringDocConfiguration' (OnBeanCondition)

   SpringDocConfiguration matched:
      - @ConditionalOnWebApplication (required) found 'session' scope (OnWebApplicationCondition)
      - @ConditionalOnProperty (springdoc.api-docs.enabled) matched (OnPropertyCondition)

   SpringDocConfiguration#fileSupportConverter matched:
      - @ConditionalOnMissingBean (types: org.springdoc.core.converters.FileSupportConverter; SearchStrategy: all) did not find any beans (OnBeanCondition)

   SpringDocConfiguration#globalOpenApiCustomizer matched:
      - @ConditionalOnMissingBean (names: globalOpenApiCustomizer; SearchStrategy: all) did not find any beans (OnBeanCondition)

   SpringDocConfiguration#initExtraSchemas matched:
      - @ConditionalOnProperty (springdoc.enable-extra-schemas) matched (OnPropertyCondition)

   SpringDocConfiguration#oas31ModelConverter matched:
      - @ConditionalOnMissingBean (types: org.springdoc.core.converters.OAS31ModelConverter; SearchStrategy: all) did not find any beans (OnBeanCondition)

   SpringDocConfiguration#openAPIBuilder matched:
      - @ConditionalOnMissingBean (types: org.springdoc.core.service.OpenAPIService; SearchStrategy: all) did not find any beans (OnBeanCondition)

   SpringDocConfiguration#operationBuilder matched:
      - @ConditionalOnMissingBean (types: org.springdoc.core.service.OperationService; SearchStrategy: all) did not find any beans (OnBeanCondition)

   SpringDocConfiguration#parameterBuilder matched:
      - @ConditionalOnMissingBean (types: org.springdoc.core.service.GenericParameterService; SearchStrategy: all) did not find any beans (OnBeanCondition)

   SpringDocConfiguration#parameterObjectNamingStrategyCustomizer matched:
      - @ConditionalOnMissingBean (types: org.springdoc.core.customizers.ParameterObjectNamingStrategyCustomizer; SearchStrategy: all) did not find any beans (OnBeanCondition)

   SpringDocConfiguration#polymorphicModelConverter matched:
      - @ConditionalOnProperty (springdoc.model-converters.polymorphic-converter.enabled) matched (OnPropertyCondition)
      - @ConditionalOnMissingBean (types: org.springdoc.core.converters.PolymorphicModelConverter; SearchStrategy: all) did not find any beans (OnBeanCondition)

   SpringDocConfiguration#requestBodyBuilder matched:
      - @ConditionalOnMissingBean (types: org.springdoc.core.service.RequestBodyService; SearchStrategy: all) did not find any beans (OnBeanCondition)

   SpringDocConfiguration#responseSupportConverter matched:
      - @ConditionalOnMissingBean (types: org.springdoc.core.converters.ResponseSupportConverter; SearchStrategy: all) did not find any beans (OnBeanCondition)

   SpringDocConfiguration#schemaPropertyDeprecatingConverter matched:
      - @ConditionalOnProperty (springdoc.model-converters.deprecating-converter.enabled) matched (OnPropertyCondition)
      - @ConditionalOnMissingBean (types: org.springdoc.core.converters.SchemaPropertyDeprecatingConverter; SearchStrategy: all) did not find any beans (OnBeanCondition)

   SpringDocConfiguration#securityParser matched:
      - @ConditionalOnMissingBean (types: org.springdoc.core.service.SecurityService; SearchStrategy: all) did not find any beans (OnBeanCondition)

   SpringDocConfiguration#springDocCustomizers matched:
      - @ConditionalOnMissingBean (types: org.springdoc.core.customizers.SpringDocCustomizers; SearchStrategy: all) did not find any beans (OnBeanCondition)

   SpringDocConfiguration#springDocProviders matched:
      - @ConditionalOnMissingBean (types: org.springdoc.core.providers.SpringDocProviders; SearchStrategy: all) did not find any beans (OnBeanCondition)

   SpringDocConfiguration#springdocObjectMapperProvider matched:
      - @ConditionalOnMissingBean (types: org.springdoc.core.providers.ObjectMapperProvider; SearchStrategy: all) did not find any beans (OnBeanCondition)

   SpringDocConfiguration.QuerydslProvider matched:
      - @ConditionalOnClass found required class 'org.springframework.data.querydsl.binding.QuerydslBindingsFactory' (OnClassCondition)

   SpringDocConfiguration.QuerydslProvider#queryDslQuerydslPredicateOperationCustomizer matched:
      - @ConditionalOnMissingBean (types: org.springdoc.core.customizers.QuerydslPredicateOperationCustomizer; SearchStrategy: all) did not find any beans (OnBeanCondition)

   SpringDocConfiguration.SpringDocSpringDataWebPropertiesProvider matched:
      - @ConditionalOnClass found required class 'org.springframework.boot.autoconfigure.data.web.SpringDataWebProperties' (OnClassCondition)

   SpringDocConfiguration.SpringDocSpringDataWebPropertiesProvider#springDataWebPropertiesProvider matched:
      - @ConditionalOnMissingBean (types: org.springdoc.core.providers.SpringDataWebPropertiesProvider; SearchStrategy: all) did not find any beans (OnBeanCondition)

   SpringDocConfiguration.SpringDocWebFluxSupportConfiguration matched:
      - @ConditionalOnClass found required class 'reactor.core.publisher.Flux' (OnClassCondition)

   SpringDocConfiguration.SpringDocWebFluxSupportConfiguration#webFluxSupportConverter matched:
      - @ConditionalOnMissingBean (types: org.springdoc.core.converters.WebFluxSupportConverter; SearchStrategy: all) did not find any beans (OnBeanCondition)

   SpringDocConfiguration.WebConversionServiceConfiguration matched:
      - @ConditionalOnClass found required class 'org.springframework.boot.autoconfigure.web.format.WebConversionService' (OnClassCondition)

   SpringDocPageableConfiguration matched:
      - @ConditionalOnClass found required class 'org.springframework.data.domain.Pageable' (OnClassCondition)
      - @ConditionalOnWebApplication (required) found 'session' scope (OnWebApplicationCondition)
      - @ConditionalOnProperty (springdoc.api-docs.enabled) matched (OnPropertyCondition)
      - @ConditionalOnBean (types: org.springdoc.core.configuration.SpringDocConfiguration; SearchStrategy: all) found bean 'org.springdoc.core.configuration.SpringDocConfiguration' (OnBeanCondition)

   SpringDocPageableConfiguration#dataRestDelegatingMethodParameterCustomizer matched:
      - @ConditionalOnMissingBean (types: org.springdoc.core.customizers.DataRestDelegatingMethodParameterCustomizer; SearchStrategy: all) did not find any beans (OnBeanCondition)

   SpringDocPageableConfiguration#pageOpenAPIConverter matched:
      - @ConditionalOnClass found required classes 'org.springframework.data.web.PagedModel', 'org.springframework.data.web.config.SpringDataWebSettings' (OnClassCondition)
      - @ConditionalOnMissingBean (types: org.springdoc.core.converters.PageOpenAPIConverter; SearchStrategy: all) did not find any beans (OnBeanCondition)

   SpringDocPageableConfiguration#pageableOpenAPIConverter matched:
      - @ConditionalOnProperty (springdoc.model-converters.pageable-converter.enabled) matched (OnPropertyCondition)
      - @ConditionalOnMissingBean (types: org.springdoc.core.converters.PageableOpenAPIConverter; SearchStrategy: all) did not find any beans (OnBeanCondition)

   SpringDocSecurityConfiguration matched:
      - @ConditionalOnClass found required class 'org.springframework.security.web.SecurityFilterChain' (OnClassCondition)
      - @ConditionalOnWebApplication (required) found 'session' scope (OnWebApplicationCondition)
      - @ConditionalOnExpression (#{${springdoc.api-docs.enabled:true} and ${springdoc.enable-spring-security:true}}) resulted in true (OnExpressionCondition)
      - @ConditionalOnBean (types: org.springdoc.core.configuration.SpringDocConfiguration; SearchStrategy: all) found bean 'org.springdoc.core.configuration.SpringDocConfiguration' (OnBeanCondition)

   SpringDocSecurityConfiguration.SpringSecurityLoginEndpointConfiguration matched:
      - @ConditionalOnClass found required class 'jakarta.servlet.Filter' (OnClassCondition)

   SpringDocSortConfiguration matched:
      - @ConditionalOnClass found required class 'org.springframework.data.domain.Sort' (OnClassCondition)
      - @ConditionalOnWebApplication (required) found 'session' scope (OnWebApplicationCondition)
      - @ConditionalOnProperty (springdoc.api-docs.enabled) matched (OnPropertyCondition)
      - @ConditionalOnBean (types: org.springdoc.core.configuration.SpringDocConfiguration; SearchStrategy: all) found bean 'org.springdoc.core.configuration.SpringDocConfiguration' (OnBeanCondition)

   SpringDocSortConfiguration#sortOpenAPIConverter matched:
      - @ConditionalOnProperty (springdoc.sort-converter.enabled) matched (OnPropertyCondition)
      - @ConditionalOnMissingBean (types: org.springdoc.core.converters.SortOpenAPIConverter; SearchStrategy: all) did not find any beans (OnBeanCondition)

   SpringDocWebMvcConfiguration matched:
      - found 'session' scope (OnWebApplicationCondition)
      - @ConditionalOnProperty (springdoc.api-docs.enabled) matched (OnPropertyCondition)
      - @ConditionalOnBean (types: org.springdoc.core.configuration.SpringDocConfiguration; SearchStrategy: all) found bean 'org.springdoc.core.configuration.SpringDocConfiguration' (OnBeanCondition)

   SpringDocWebMvcConfiguration#openApiResource matched:
      - @ConditionalOnExpression (#{(${springdoc.use-management-port:false} == false ) and ${springdoc.enable-default-api-docs:true}}) resulted in true (OnExpressionCondition)
      - @ConditionalOnMissingBean (types: org.springdoc.webmvc.api.OpenApiWebMvcResource; SearchStrategy: all) did not find any beans (OnBeanCondition)

   SpringDocWebMvcConfiguration#requestBuilder matched:
      - @ConditionalOnMissingBean (types: org.springdoc.webmvc.core.service.RequestService; SearchStrategy: all) did not find any beans (OnBeanCondition)

   SpringDocWebMvcConfiguration#responseBuilder matched:
      - @ConditionalOnMissingBean (types: org.springdoc.core.service.GenericResponseService; SearchStrategy: all) did not find any beans (OnBeanCondition)

   SpringDocWebMvcConfiguration#springWebProvider matched:
      - @ConditionalOnMissingBean (types: org.springdoc.core.providers.SpringWebProvider; SearchStrategy: all) did not find any beans (OnBeanCondition)

   SpringDocWebMvcConfiguration.SpringDocWebMvcActuatorConfiguration matched:
      - @ConditionalOnClass found required class 'org.springframework.boot.actuate.endpoint.web.servlet.WebMvcEndpointHandlerMapping' (OnClassCondition)

   SpringDocWebMvcConfiguration.SpringDocWebMvcRouterConfiguration matched:
      - @ConditionalOnClass found required class 'org.springframework.web.servlet.function.RouterFunction' (OnClassCondition)

   SpringDocWebMvcConfiguration.SpringDocWebMvcRouterConfiguration#routerFunctionProvider matched:
      - @ConditionalOnMissingBean (types: org.springdoc.webmvc.core.providers.RouterFunctionWebMvcProvider; SearchStrategy: all) did not find any beans (OnBeanCondition)

   SqlInitializationAutoConfiguration matched:
      - @ConditionalOnProperty (spring.sql.init.enabled) matched (OnPropertyCondition)
      - NoneNestedConditions 0 matched 1 did not; NestedCondition on SqlInitializationAutoConfiguration.SqlInitializationModeCondition.ModeIsNever @ConditionalOnProperty (spring.sql.init.mode=never) did not find property 'mode' (SqlInitializationAutoConfiguration.SqlInitializationModeCondition)

   SslAutoConfiguration#sslBundleRegistry matched:
      - @ConditionalOnMissingBean (types: org.springframework.boot.ssl.SslBundleRegistry,org.springframework.boot.ssl.SslBundles; SearchStrategy: all) did not find any beans (OnBeanCondition)

   SslHealthContributorAutoConfiguration matched:
      - @ConditionalOnEnabledHealthIndicator management.health.defaults.enabled is considered true (OnEnabledHealthIndicatorCondition)

   SslHealthContributorAutoConfiguration#sslHealthIndicator matched:
      - @ConditionalOnMissingBean (names: sslHealthIndicator; SearchStrategy: all) did not find any beans (OnBeanCondition)

   SslHealthContributorAutoConfiguration#sslInfo matched:
      - @ConditionalOnMissingBean (types: org.springframework.boot.info.SslInfo; SearchStrategy: all) did not find any beans (OnBeanCondition)

   StartupTimeMetricsListenerAutoConfiguration matched:
      - @ConditionalOnClass found required class 'io.micrometer.core.instrument.MeterRegistry' (OnClassCondition)
      - @ConditionalOnBean (types: io.micrometer.core.instrument.MeterRegistry; SearchStrategy: all) found bean 'simpleMeterRegistry' (OnBeanCondition)

   StartupTimeMetricsListenerAutoConfiguration#startupTimeMetrics matched:
      - @ConditionalOnMissingBean (types: org.springframework.boot.actuate.metrics.startup.StartupTimeMetricsListener; SearchStrategy: all) did not find any beans (OnBeanCondition)

   SwaggerConfig matched:
      - found 'session' scope (OnWebApplicationCondition)
      - @ConditionalOnProperty (springdoc.swagger-ui.enabled) matched (OnPropertyCondition)
      - @ConditionalOnBean (types: org.springdoc.core.configuration.SpringDocConfiguration; SearchStrategy: all) found bean 'org.springdoc.core.configuration.SpringDocConfiguration' (OnBeanCondition)

   SwaggerConfig#indexPageTransformer matched:
      - @ConditionalOnMissingBean (types: org.springdoc.webmvc.ui.SwaggerIndexTransformer; SearchStrategy: all) did not find any beans (OnBeanCondition)

   SwaggerConfig#swaggerConfigResource matched:
      - @ConditionalOnProperty (springdoc.use-management-port=false) matched (OnPropertyCondition)
      - @ConditionalOnMissingBean (types: org.springdoc.webmvc.ui.SwaggerConfigResource; SearchStrategy: all) did not find any beans (OnBeanCondition)

   SwaggerConfig#swaggerResourceResolver matched:
      - @ConditionalOnMissingBean (types: org.springdoc.webmvc.ui.SwaggerResourceResolver; SearchStrategy: all) did not find any beans (OnBeanCondition)

   SwaggerConfig#swaggerWebMvcConfigurer matched:
      - @ConditionalOnMissingBean (types: org.springdoc.webmvc.ui.SwaggerWebMvcConfigurer; SearchStrategy: all) did not find any beans (OnBeanCondition)

   SwaggerConfig#swaggerWelcome matched:
      - @ConditionalOnProperty (springdoc.use-management-port=false) matched (OnPropertyCondition)
      - @ConditionalOnMissingBean (types: org.springdoc.webmvc.ui.SwaggerWelcomeWebMvc; SearchStrategy: all) did not find any beans (OnBeanCondition)

   SwaggerUiConfigProperties matched:
      - @ConditionalOnProperty (springdoc.swagger-ui.enabled) matched (OnPropertyCondition)
      - @ConditionalOnBean (types: org.springdoc.core.configuration.SpringDocConfiguration; SearchStrategy: all) found bean 'org.springdoc.core.configuration.SpringDocConfiguration' (OnBeanCondition)

   SwaggerUiOAuthProperties matched:
      - @ConditionalOnProperty (springdoc.swagger-ui.enabled) matched (OnPropertyCondition)
      - @ConditionalOnBean (types: org.springdoc.core.configuration.SpringDocConfiguration; SearchStrategy: all) found bean 'org.springdoc.core.configuration.SpringDocConfiguration' (OnBeanCondition)

   SystemMetricsAutoConfiguration matched:
      - @ConditionalOnClass found required class 'io.micrometer.core.instrument.MeterRegistry' (OnClassCondition)
      - @ConditionalOnBean (types: io.micrometer.core.instrument.MeterRegistry; SearchStrategy: all) found bean 'simpleMeterRegistry' (OnBeanCondition)

   SystemMetricsAutoConfiguration#diskSpaceMetrics matched:
      - @ConditionalOnMissingBean (types: org.springframework.boot.actuate.metrics.system.DiskSpaceMetricsBinder; SearchStrategy: all) did not find any beans (OnBeanCondition)

   SystemMetricsAutoConfiguration#fileDescriptorMetrics matched:
      - @ConditionalOnMissingBean (types: io.micrometer.core.instrument.binder.system.FileDescriptorMetrics; SearchStrategy: all) did not find any beans (OnBeanCondition)

   SystemMetricsAutoConfiguration#processorMetrics matched:
      - @ConditionalOnMissingBean (types: io.micrometer.core.instrument.binder.system.ProcessorMetrics; SearchStrategy: all) did not find any beans (OnBeanCondition)

   SystemMetricsAutoConfiguration#uptimeMetrics matched:
      - @ConditionalOnMissingBean (types: io.micrometer.core.instrument.binder.system.UptimeMetrics; SearchStrategy: all) did not find any beans (OnBeanCondition)

   TaskExecutionAutoConfiguration matched:
      - @ConditionalOnClass found required class 'org.springframework.scheduling.concurrent.ThreadPoolTaskExecutor' (OnClassCondition)

   TaskExecutorConfigurations.SimpleAsyncTaskExecutorBuilderConfiguration#simpleAsyncTaskExecutorBuilder matched:
      - @ConditionalOnMissingBean (types: org.springframework.boot.task.SimpleAsyncTaskExecutorBuilder; SearchStrategy: all) did not find any beans (OnBeanCondition)
      - @ConditionalOnThreading found PLATFORM (OnThreadingCondition)

   TaskExecutorConfigurations.TaskExecutorConfiguration matched:
      - @ConditionalOnMissingBean (types: java.util.concurrent.Executor; SearchStrategy: all) did not find any beans (OnBeanCondition)

   TaskExecutorConfigurations.TaskExecutorConfiguration#applicationTaskExecutor matched:
      - @ConditionalOnThreading found PLATFORM (OnThreadingCondition)

   TaskExecutorConfigurations.ThreadPoolTaskExecutorBuilderConfiguration#threadPoolTaskExecutorBuilder matched:
      - @ConditionalOnMissingBean (types: org.springframework.boot.task.ThreadPoolTaskExecutorBuilder; SearchStrategy: all) did not find any beans (OnBeanCondition)

   TaskExecutorMetricsAutoConfiguration matched:
      - @ConditionalOnClass found required class 'io.micrometer.core.instrument.binder.jvm.ExecutorServiceMetrics' (OnClassCondition)
      - @ConditionalOnBean (types: java.util.concurrent.Executor,io.micrometer.core.instrument.MeterRegistry; SearchStrategy: all) found beans 'applicationTaskExecutor', 'simpleMeterRegistry' (OnBeanCondition)

   TaskSchedulingAutoConfiguration matched:
      - @ConditionalOnClass found required class 'org.springframework.scheduling.concurrent.ThreadPoolTaskScheduler' (OnClassCondition)

   TaskSchedulingConfigurations.SimpleAsyncTaskSchedulerBuilderConfiguration#simpleAsyncTaskSchedulerBuilder matched:
      - @ConditionalOnMissingBean (types: org.springframework.boot.task.SimpleAsyncTaskSchedulerBuilder; SearchStrategy: all) did not find any beans (OnBeanCondition)
      - @ConditionalOnThreading found PLATFORM (OnThreadingCondition)

   TaskSchedulingConfigurations.ThreadPoolTaskSchedulerBuilderConfiguration#threadPoolTaskSchedulerBuilder matched:
      - @ConditionalOnMissingBean (types: org.springframework.boot.task.ThreadPoolTaskSchedulerBuilder; SearchStrategy: all) did not find any beans (OnBeanCondition)

   TomcatMetricsAutoConfiguration matched:
      - @ConditionalOnClass found required classes 'io.micrometer.core.instrument.binder.tomcat.TomcatMetrics', 'org.apache.catalina.Manager' (OnClassCondition)
      - @ConditionalOnWebApplication (required) found 'session' scope (OnWebApplicationCondition)

   TomcatMetricsAutoConfiguration#tomcatMetricsBinder matched:
      - @ConditionalOnBean (types: io.micrometer.core.instrument.MeterRegistry; SearchStrategy: all) found bean 'simpleMeterRegistry'; @ConditionalOnMissingBean (types: io.micrometer.core.instrument.binder.tomcat.TomcatMetrics,org.springframework.boot.actuate.metrics.web.tomcat.TomcatMetricsBinder; SearchStrategy: all) did not find any beans (OnBeanCondition)

   TransactionAutoConfiguration matched:
      - @ConditionalOnClass found required class 'org.springframework.transaction.PlatformTransactionManager' (OnClassCondition)

   TransactionAutoConfiguration.EnableTransactionManagementConfiguration matched:
      - @ConditionalOnBean (types: org.springframework.transaction.TransactionManager; SearchStrategy: all) found bean 'transactionManager'; @ConditionalOnMissingBean (types: org.springframework.transaction.annotation.AbstractTransactionManagementConfiguration; SearchStrategy: all) did not find any beans (OnBeanCondition)

   TransactionAutoConfiguration.EnableTransactionManagementConfiguration.CglibAutoProxyConfiguration matched:
      - @ConditionalOnProperty (spring.aop.proxy-target-class=true) matched (OnPropertyCondition)

   TransactionAutoConfiguration.TransactionTemplateConfiguration matched:
      - @ConditionalOnSingleCandidate (types: org.springframework.transaction.PlatformTransactionManager; SearchStrategy: all) found a single bean 'transactionManager' (OnBeanCondition)

   TransactionAutoConfiguration.TransactionTemplateConfiguration#transactionTemplate matched:
      - @ConditionalOnMissingBean (types: org.springframework.transaction.support.TransactionOperations; SearchStrategy: all) did not find any beans (OnBeanCondition)

   TransactionManagerCustomizationAutoConfiguration matched:
      - @ConditionalOnClass found required class 'org.springframework.transaction.PlatformTransactionManager' (OnClassCondition)

   TransactionManagerCustomizationAutoConfiguration#platformTransactionManagerCustomizers matched:
      - @ConditionalOnMissingBean (types: org.springframework.boot.autoconfigure.transaction.TransactionManagerCustomizers; SearchStrategy: all) did not find any beans (OnBeanCondition)

   ValidationAutoConfiguration matched:
      - @ConditionalOnClass found required class 'jakarta.validation.executable.ExecutableValidator' (OnClassCondition)
      - @ConditionalOnResource found location classpath:META-INF/services/jakarta.validation.spi.ValidationProvider (OnResourceCondition)

   ValidationAutoConfiguration#defaultValidator matched:
      - @ConditionalOnMissingBean (types: jakarta.validation.Validator; SearchStrategy: all) did not find any beans (OnBeanCondition)

   ValidationAutoConfiguration#methodValidationPostProcessor matched:
      - @ConditionalOnMissingBean (types: org.springframework.validation.beanvalidation.MethodValidationPostProcessor; SearchStrategy: current) did not find any beans (OnBeanCondition)

   WebClientAutoConfiguration matched:
      - @ConditionalOnClass found required class 'org.springframework.web.reactive.function.client.WebClient' (OnClassCondition)

   WebClientAutoConfiguration#webClientBuilder matched:
      - @ConditionalOnMissingBean (types: org.springframework.web.reactive.function.client.WebClient$Builder; SearchStrategy: all) did not find any beans (OnBeanCondition)

   WebClientAutoConfiguration#webClientSsl matched:
      - @ConditionalOnBean (types: org.springframework.boot.ssl.SslBundles; SearchStrategy: all) found bean 'sslBundleRegistry'; @ConditionalOnMissingBean (types: org.springframework.boot.autoconfigure.web.reactive.function.client.WebClientSsl; SearchStrategy: all) did not find any beans (OnBeanCondition)

   WebClientAutoConfiguration.WebClientCodecsConfiguration matched:
      - @ConditionalOnBean (types: org.springframework.boot.web.codec.CodecCustomizer; SearchStrategy: all) found beans 'jacksonCodecCustomizer', 'defaultCodecCustomizer' (OnBeanCondition)

   WebClientAutoConfiguration.WebClientCodecsConfiguration#exchangeStrategiesCustomizer matched:
      - @ConditionalOnMissingBean (types: org.springframework.boot.autoconfigure.web.reactive.function.client.WebClientCodecCustomizer; SearchStrategy: all) did not find any beans (OnBeanCondition)

   WebClientObservationConfiguration matched:
      - @ConditionalOnClass found required class 'org.springframework.web.reactive.function.client.WebClient' (OnClassCondition)

   WebEndpointAutoConfiguration matched:
      - @ConditionalOnWebApplication (required) found 'session' scope (OnWebApplicationCondition)

   WebEndpointAutoConfiguration#controllerEndpointDiscoverer matched:
      - @ConditionalOnMissingBean (types: org.springframework.boot.actuate.endpoint.web.annotation.ControllerEndpointsSupplier; SearchStrategy: all) did not find any beans (OnBeanCondition)

   WebEndpointAutoConfiguration#endpointMediaTypes matched:
      - @ConditionalOnMissingBean (types: org.springframework.boot.actuate.endpoint.web.EndpointMediaTypes; SearchStrategy: all) did not find any beans (OnBeanCondition)

   WebEndpointAutoConfiguration#pathMappedEndpoints matched:
      - @ConditionalOnMissingBean (types: org.springframework.boot.actuate.endpoint.web.PathMappedEndpoints; SearchStrategy: all) did not find any beans (OnBeanCondition)

   WebEndpointAutoConfiguration#webEndpointDiscoverer matched:
      - @ConditionalOnMissingBean (types: org.springframework.boot.actuate.endpoint.web.WebEndpointsSupplier; SearchStrategy: all) did not find any beans (OnBeanCondition)

   WebEndpointAutoConfiguration.WebEndpointServletConfiguration matched:
      - found 'session' scope (OnWebApplicationCondition)

   WebEndpointAutoConfiguration.WebEndpointServletConfiguration#servletEndpointDiscoverer matched:
      - @ConditionalOnMissingBean (types: org.springframework.boot.actuate.endpoint.web.annotation.ServletEndpointsSupplier; SearchStrategy: all) did not find any beans (OnBeanCondition)

   WebMvcAutoConfiguration matched:
      - @ConditionalOnClass found required classes 'jakarta.servlet.Servlet', 'org.springframework.web.servlet.DispatcherServlet', 'org.springframework.web.servlet.config.annotation.WebMvcConfigurer' (OnClassCondition)
      - found 'session' scope (OnWebApplicationCondition)
      - @ConditionalOnMissingBean (types: org.springframework.web.servlet.config.annotation.WebMvcConfigurationSupport; SearchStrategy: all) did not find any beans (OnBeanCondition)

   WebMvcAutoConfiguration#formContentFilter matched:
      - @ConditionalOnProperty (spring.mvc.formcontent.filter.enabled) matched (OnPropertyCondition)
      - @ConditionalOnMissingBean (types: org.springframework.web.filter.FormContentFilter; SearchStrategy: all) did not find any beans (OnBeanCondition)

   WebMvcAutoConfiguration.EnableWebMvcConfiguration#flashMapManager matched:
      - @ConditionalOnMissingBean (names: flashMapManager; SearchStrategy: all) did not find any beans (OnBeanCondition)

   WebMvcAutoConfiguration.EnableWebMvcConfiguration#localeResolver matched:
      - @ConditionalOnMissingBean (names: localeResolver; SearchStrategy: all) did not find any beans (OnBeanCondition)

   WebMvcAutoConfiguration.EnableWebMvcConfiguration#themeResolver matched:
      - @ConditionalOnMissingBean (names: themeResolver; SearchStrategy: all) did not find any beans (OnBeanCondition)

   WebMvcAutoConfiguration.EnableWebMvcConfiguration#viewNameTranslator matched:
      - @ConditionalOnMissingBean (names: viewNameTranslator; SearchStrategy: all) did not find any beans (OnBeanCondition)

   WebMvcAutoConfiguration.ResourceChainCustomizerConfiguration matched:
      - @ConditionalOnEnabledResourceChain found class org.webjars.WebJarVersionLocator (OnEnabledResourceChainCondition)

   WebMvcAutoConfiguration.WebMvcAutoConfigurationAdapter#defaultViewResolver matched:
      - @ConditionalOnMissingBean (types: org.springframework.web.servlet.view.InternalResourceViewResolver; SearchStrategy: all) did not find any beans (OnBeanCondition)

   WebMvcAutoConfiguration.WebMvcAutoConfigurationAdapter#requestContextFilter matched:
      - @ConditionalOnMissingBean (types: org.springframework.web.context.request.RequestContextListener,org.springframework.web.filter.RequestContextFilter; SearchStrategy: all) did not find any beans (OnBeanCondition)

   WebMvcAutoConfiguration.WebMvcAutoConfigurationAdapter#viewResolver matched:
      - @ConditionalOnBean (types: org.springframework.web.servlet.ViewResolver; SearchStrategy: all) found beans 'defaultViewResolver', 'beanNameViewResolver', 'mvcViewResolver'; @ConditionalOnMissingBean (names: viewResolver types: org.springframework.web.servlet.view.ContentNegotiatingViewResolver; SearchStrategy: all) did not find any beans (OnBeanCondition)

   WebMvcEndpointManagementContextConfiguration matched:
      - @ConditionalOnClass found required class 'org.springframework.web.servlet.DispatcherServlet' (OnClassCondition)
      - found 'session' scope (OnWebApplicationCondition)
      - @ConditionalOnBean (types: org.springframework.web.servlet.DispatcherServlet,org.springframework.boot.actuate.endpoint.web.WebEndpointsSupplier; SearchStrategy: all) found beans 'webEndpointDiscoverer', 'dispatcherServlet' (OnBeanCondition)

   WebMvcEndpointManagementContextConfiguration#controllerEndpointHandlerMapping matched:
      - @ConditionalOnMissingBean (types: org.springframework.boot.actuate.endpoint.web.servlet.ControllerEndpointHandlerMapping; SearchStrategy: all) did not find any beans (OnBeanCondition)

   WebMvcEndpointManagementContextConfiguration#endpointObjectMapperWebMvcConfigurer matched:
      - @ConditionalOnBean (types: org.springframework.boot.actuate.endpoint.jackson.EndpointObjectMapper; SearchStrategy: all) found bean 'endpointObjectMapper' (OnBeanCondition)

   WebMvcEndpointManagementContextConfiguration#webEndpointServletHandlerMapping matched:
      - @ConditionalOnMissingBean (types: org.springframework.boot.actuate.endpoint.web.servlet.WebMvcEndpointHandlerMapping; SearchStrategy: all) did not find any beans (OnBeanCondition)

   WebMvcObservationAutoConfiguration matched:
      - @ConditionalOnClass found required classes 'org.springframework.web.servlet.DispatcherServlet', 'io.micrometer.observation.Observation' (OnClassCondition)
      - found 'session' scope (OnWebApplicationCondition)
      - @ConditionalOnBean (types: io.micrometer.observation.ObservationRegistry; SearchStrategy: all) found bean 'observationRegistry' (OnBeanCondition)

   WebMvcObservationAutoConfiguration#webMvcObservationFilter matched:
      - @ConditionalOnMissingBean (types: org.springframework.web.filter.ServerHttpObservationFilter; SearchStrategy: all) did not find any beans (OnBeanCondition)

   WebMvcObservationAutoConfiguration.MeterFilterConfiguration matched:
      - @ConditionalOnClass found required class 'io.micrometer.core.instrument.MeterRegistry' (OnClassCondition)
      - @ConditionalOnBean (types: io.micrometer.core.instrument.MeterRegistry; SearchStrategy: all) found bean 'simpleMeterRegistry' (OnBeanCondition)

   WebServiceTemplateAutoConfiguration matched:
      - @ConditionalOnClass found required classes 'org.springframework.ws.client.core.WebServiceTemplate', 'org.springframework.oxm.Unmarshaller', 'org.springframework.oxm.Marshaller' (OnClassCondition)

   WebServiceTemplateAutoConfiguration#webServiceHttpMessageSenderFactory matched:
      - @ConditionalOnMissingBean (types: org.springframework.boot.webservices.client.WebServiceMessageSenderFactory; SearchStrategy: all) did not find any beans (OnBeanCondition)

   WebServiceTemplateAutoConfiguration#webServiceTemplateBuilder matched:
      - @ConditionalOnMissingBean (types: org.springframework.boot.webservices.client.WebServiceTemplateBuilder; SearchStrategy: all) did not find any beans (OnBeanCondition)

   WebServicesAutoConfiguration matched:
      - @ConditionalOnClass found required class 'org.springframework.ws.transport.http.MessageDispatcherServlet' (OnClassCondition)
      - found 'session' scope (OnWebApplicationCondition)
      - @ConditionalOnMissingBean (types: org.springframework.ws.config.annotation.WsConfigurationSupport; SearchStrategy: all) did not find any beans (OnBeanCondition)

   WebSocketServletAutoConfiguration matched:
      - @ConditionalOnClass found required classes 'jakarta.servlet.Servlet', 'jakarta.websocket.server.ServerContainer' (OnClassCondition)
      - found 'session' scope (OnWebApplicationCondition)

   WebSocketServletAutoConfiguration.TomcatWebSocketConfiguration matched:
      - @ConditionalOnClass found required classes 'org.apache.catalina.startup.Tomcat', 'org.apache.tomcat.websocket.server.WsSci' (OnClassCondition)

   WebSocketServletAutoConfiguration.TomcatWebSocketConfiguration#websocketServletWebServerCustomizer matched:
      - @ConditionalOnMissingBean (names: websocketServletWebServerCustomizer; SearchStrategy: all) did not find any beans (OnBeanCondition)

   WebTestClientAutoConfiguration matched:
      - @ConditionalOnClass found required classes 'org.springframework.web.reactive.function.client.WebClient', 'org.springframework.test.web.reactive.server.WebTestClient' (OnClassCondition)

   WebTestClientSecurityConfiguration matched:
      - @ConditionalOnClass found required class 'org.springframework.security.test.web.reactive.server.SecurityMockServerConfigurers' (OnClassCondition)


Negative matches:
-----------------

   ActiveMQAutoConfiguration:
      Did not match:
         - @ConditionalOnClass did not find required class 'jakarta.jms.ConnectionFactory' (OnClassCondition)

   AopAutoConfiguration.AspectJAutoProxyingConfiguration.JdkDynamicAutoProxyConfiguration:
      Did not match:
         - @ConditionalOnProperty (spring.aop.proxy-target-class=false) did not find property 'proxy-target-class' (OnPropertyCondition)

   AopAutoConfiguration.ClassProxyingConfiguration:
      Did not match:
         - @ConditionalOnMissingClass found unwanted class 'org.aspectj.weaver.Advice' (OnClassCondition)

   AppOpticsMetricsExportAutoConfiguration:
      Did not match:
         - @ConditionalOnClass did not find required class 'io.micrometer.appoptics.AppOpticsMeterRegistry' (OnClassCondition)

   ArtemisAutoConfiguration:
      Did not match:
         - @ConditionalOnClass did not find required class 'jakarta.jms.ConnectionFactory' (OnClassCondition)

   AtlasMetricsExportAutoConfiguration:
      Did not match:
         - @ConditionalOnClass did not find required class 'io.micrometer.atlas.AtlasMeterRegistry' (OnClassCondition)

   AuditAutoConfiguration:
      Did not match:
         - @ConditionalOnBean (types: org.springframework.boot.actuate.audit.AuditEventRepository; SearchStrategy: all) did not find any beans of type org.springframework.boot.actuate.audit.AuditEventRepository (OnBeanCondition)
      Matched:
         - @ConditionalOnProperty (management.auditevents.enabled) matched (OnPropertyCondition)

   AuditEventsEndpointAutoConfiguration:
      Did not match:
         - @ConditionalOnAvailableEndpoint not exposed (OnAvailableEndpointCondition)

   AvailabilityHealthContributorAutoConfiguration#livenessStateHealthIndicator:
      Did not match:
         - @ConditionalOnProperty (management.health.livenessstate.enabled=true) did not find property 'enabled' (OnPropertyCondition)

   AvailabilityHealthContributorAutoConfiguration#readinessStateHealthIndicator:
      Did not match:
         - @ConditionalOnProperty (management.health.readinessstate.enabled=true) did not find property 'enabled' (OnPropertyCondition)

   AvailabilityProbesAutoConfiguration:
      Did not match:
         - Probes availability not running on a supported cloud platform (AvailabilityProbesAutoConfiguration.ProbesCondition)

   BatchAutoConfiguration:
      Did not match:
         - @ConditionalOnClass did not find required class 'org.springframework.batch.core.launch.JobLauncher' (OnClassCondition)

   BatchObservationAutoConfiguration:
      Did not match:
         - @ConditionalOnClass did not find required class 'org.springframework.batch.core.configuration.annotation.BatchObservabilityBeanPostProcessor' (OnClassCondition)

   BeansEndpointAutoConfiguration:
      Did not match:
         - @ConditionalOnAvailableEndpoint not exposed (OnAvailableEndpointCondition)

   BraveAutoConfiguration:
      Did not match:
         - @ConditionalOnClass did not find required class 'brave.Tracer' (OnClassCondition)

   Cache2kCacheConfiguration:
      Did not match:
         - @ConditionalOnClass did not find required class 'org.cache2k.Cache2kBuilder' (OnClassCondition)

   CacheAutoConfiguration:
      Did not match:
         - @ConditionalOnBean (types: org.springframework.cache.interceptor.CacheAspectSupport; SearchStrategy: all) did not find any beans of type org.springframework.cache.interceptor.CacheAspectSupport (OnBeanCondition)
      Matched:
         - @ConditionalOnClass found required class 'org.springframework.cache.CacheManager' (OnClassCondition)

   CacheAutoConfiguration.CacheManagerEntityManagerFactoryDependsOnPostProcessor:
      Did not match:
         - Ancestor org.springframework.boot.autoconfigure.cache.CacheAutoConfiguration did not match (ConditionEvaluationReport.AncestorsMatchedCondition)
      Matched:
         - @ConditionalOnClass found required class 'org.springframework.orm.jpa.LocalContainerEntityManagerFactoryBean' (OnClassCondition)

   CacheMeterBinderProvidersConfiguration.Cache2kCacheMeterBinderProviderConfiguration:
      Did not match:
         - @ConditionalOnClass did not find required classes 'org.cache2k.Cache2kBuilder', 'org.cache2k.extra.spring.SpringCache2kCache', 'org.cache2k.extra.micrometer.Cache2kCacheMetrics' (OnClassCondition)

   CacheMeterBinderProvidersConfiguration.CaffeineCacheMeterBinderProviderConfiguration:
      Did not match:
         - @ConditionalOnClass did not find required classes 'org.springframework.cache.caffeine.CaffeineCache', 'com.github.benmanes.caffeine.cache.Cache' (OnClassCondition)

   CacheMeterBinderProvidersConfiguration.HazelcastCacheMeterBinderProviderConfiguration:
      Did not match:
         - @ConditionalOnClass did not find required classes 'com.hazelcast.spring.cache.HazelcastCache', 'com.hazelcast.core.Hazelcast' (OnClassCondition)

   CacheMeterBinderProvidersConfiguration.JCacheCacheMeterBinderProviderConfiguration:
      Did not match:
         - @ConditionalOnClass did not find required classes 'org.springframework.cache.jcache.JCacheCache', 'javax.cache.CacheManager' (OnClassCondition)

   CacheMeterBinderProvidersConfiguration.RedisCacheMeterBinderProviderConfiguration:
      Did not match:
         - @ConditionalOnClass did not find required class 'org.springframework.data.redis.cache.RedisCache' (OnClassCondition)

   CacheMetricsAutoConfiguration:
      Did not match:
         - @ConditionalOnBean (types: org.springframework.cache.CacheManager; SearchStrategy: all) did not find any beans of type org.springframework.cache.CacheManager (OnBeanCondition)

   CachesEndpointAutoConfiguration:
      Did not match:
         - @ConditionalOnAvailableEndpoint not exposed (OnAvailableEndpointCondition)
      Matched:
         - @ConditionalOnClass found required class 'org.springframework.cache.CacheManager' (OnClassCondition)

   CaffeineCacheConfiguration:
      Did not match:
         - @ConditionalOnClass did not find required class 'com.github.benmanes.caffeine.cache.Caffeine' (OnClassCondition)

   CassandraAutoConfiguration:
      Did not match:
         - @ConditionalOnClass did not find required class 'com.datastax.oss.driver.api.core.CqlSession' (OnClassCondition)

   CassandraDataAutoConfiguration:
      Did not match:
         - @ConditionalOnClass did not find required class 'com.datastax.oss.driver.api.core.CqlSession' (OnClassCondition)

   CassandraHealthContributorAutoConfiguration:
      Did not match:
         - @ConditionalOnClass did not find required class 'com.datastax.oss.driver.api.core.CqlSession' (OnClassCondition)

   CassandraReactiveDataAutoConfiguration:
      Did not match:
         - @ConditionalOnClass did not find required class 'com.datastax.oss.driver.api.core.CqlSession' (OnClassCondition)

   CassandraReactiveHealthContributorAutoConfiguration:
      Did not match:
         - @ConditionalOnClass did not find required class 'com.datastax.oss.driver.api.core.CqlSession' (OnClassCondition)

   CassandraReactiveRepositoriesAutoConfiguration:
      Did not match:
         - @ConditionalOnClass did not find required class 'org.springframework.data.cassandra.ReactiveSession' (OnClassCondition)

   CassandraRepositoriesAutoConfiguration:
      Did not match:
         - @ConditionalOnClass did not find required class 'com.datastax.oss.driver.api.core.CqlSession' (OnClassCondition)

   ClientHttpConnectorFactoryConfiguration.HttpClient5:
      Did not match:
         - @ConditionalOnClass did not find required classes 'org.apache.hc.client5.http.impl.async.HttpAsyncClients', 'org.apache.hc.core5.http.nio.AsyncRequestProducer', 'org.apache.hc.core5.reactive.ReactiveResponseConsumer' (OnClassCondition)

   ClientHttpConnectorFactoryConfiguration.JdkClient:
      Did not match:
         - @ConditionalOnMissingBean (types: org.springframework.boot.autoconfigure.web.reactive.function.client.ClientHttpConnectorFactory; SearchStrategy: all) found beans of type 'org.springframework.boot.autoconfigure.web.reactive.function.client.ClientHttpConnectorFactory' reactorClientHttpConnectorFactory (OnBeanCondition)
      Matched:
         - @ConditionalOnClass found required class 'java.net.http.HttpClient' (OnClassCondition)

   CloudFoundryActuatorAutoConfiguration:
      Did not match:
         - @ConditionalOnCloudPlatform did not find CLOUD_FOUNDRY (OnCloudPlatformCondition)
      Matched:
         - @ConditionalOnClass found required class 'org.springframework.web.servlet.DispatcherServlet' (OnClassCondition)
         - found 'session' scope (OnWebApplicationCondition)
         - @ConditionalOnProperty (management.cloudfoundry.enabled) matched (OnPropertyCondition)

   CompositeMeterRegistryConfiguration:
      Did not match:
         - NoneNestedConditions 1 matched 1 did not; NestedCondition on CompositeMeterRegistryConfiguration.MultipleNonPrimaryMeterRegistriesCondition.SingleInjectableMeterRegistry @ConditionalOnSingleCandidate (types: io.micrometer.core.instrument.MeterRegistry; SearchStrategy: all) found a single bean 'simpleMeterRegistry'; NestedCondition on CompositeMeterRegistryConfiguration.MultipleNonPrimaryMeterRegistriesCondition.NoMeterRegistryCondition @ConditionalOnMissingBean (types: io.micrometer.core.instrument.MeterRegistry; SearchStrategy: all) found beans of type 'io.micrometer.core.instrument.MeterRegistry' simpleMeterRegistry (CompositeMeterRegistryConfiguration.MultipleNonPrimaryMeterRegistriesCondition)

   ConditionsReportEndpointAutoConfiguration:
      Did not match:
         - @ConditionalOnAvailableEndpoint not exposed (OnAvailableEndpointCondition)

   ConfigurationPropertiesReportEndpointAutoConfiguration:
      Did not match:
         - @ConditionalOnAvailableEndpoint not exposed (OnAvailableEndpointCondition)

   ConnectionFactoryHealthContributorAutoConfiguration:
      Did not match:
         - @ConditionalOnClass did not find required class 'io.r2dbc.spi.ConnectionFactory' (OnClassCondition)

   ConnectionPoolMetricsAutoConfiguration:
      Did not match:
         - @ConditionalOnClass did not find required class 'io.r2dbc.pool.ConnectionPool' (OnClassCondition)

   CouchbaseAutoConfiguration:
      Did not match:
         - @ConditionalOnClass did not find required class 'com.couchbase.client.java.Cluster' (OnClassCondition)

   CouchbaseCacheConfiguration:
      Did not match:
         - @ConditionalOnClass did not find required class 'com.couchbase.client.java.Cluster' (OnClassCondition)

   CouchbaseDataAutoConfiguration:
      Did not match:
         - @ConditionalOnClass did not find required class 'com.couchbase.client.java.Bucket' (OnClassCondition)

   CouchbaseHealthContributorAutoConfiguration:
      Did not match:
         - @ConditionalOnClass did not find required class 'com.couchbase.client.java.Cluster' (OnClassCondition)

   CouchbaseReactiveDataAutoConfiguration:
      Did not match:
         - @ConditionalOnClass did not find required class 'com.couchbase.client.java.Cluster' (OnClassCondition)

   CouchbaseReactiveHealthContributorAutoConfiguration:
      Did not match:
         - @ConditionalOnClass did not find required class 'com.couchbase.client.java.Cluster' (OnClassCondition)

   CouchbaseReactiveRepositoriesAutoConfiguration:
      Did not match:
         - @ConditionalOnClass did not find required class 'com.couchbase.client.java.Cluster' (OnClassCondition)

   CouchbaseRepositoriesAutoConfiguration:
      Did not match:
         - @ConditionalOnClass did not find required class 'com.couchbase.client.java.Bucket' (OnClassCondition)

   DataSourceAutoConfiguration.EmbeddedDatabaseConfiguration:
      Did not match:
         - EmbeddedDataSource found supported pooled data source (DataSourceAutoConfiguration.EmbeddedDatabaseCondition)

   DataSourceCheckpointRestoreConfiguration:
      Did not match:
         - @ConditionalOnClass did not find required class 'org.crac.Resource' (OnClassCondition)

   DataSourceConfiguration.Dbcp2:
      Did not match:
         - @ConditionalOnClass did not find required class 'org.apache.commons.dbcp2.BasicDataSource' (OnClassCondition)

   DataSourceConfiguration.Generic:
      Did not match:
         - @ConditionalOnProperty (spring.datasource.type) did not find property 'spring.datasource.type' (OnPropertyCondition)

   DataSourceConfiguration.OracleUcp:
      Did not match:
         - @ConditionalOnClass did not find required classes 'oracle.ucp.jdbc.PoolDataSourceImpl', 'oracle.jdbc.OracleConnection' (OnClassCondition)

   DataSourceConfiguration.Tomcat:
      Did not match:
         - @ConditionalOnClass did not find required class 'org.apache.tomcat.jdbc.pool.DataSource' (OnClassCondition)

   DataSourceJmxConfiguration:
      Did not match:
         - @ConditionalOnProperty (spring.jmx.enabled=true) found different value in property 'enabled' (OnPropertyCondition)

   DataSourcePoolMetadataProvidersConfiguration.CommonsDbcp2PoolDataSourceMetadataProviderConfiguration:
      Did not match:
         - @ConditionalOnClass did not find required class 'org.apache.commons.dbcp2.BasicDataSource' (OnClassCondition)

   DataSourcePoolMetadataProvidersConfiguration.OracleUcpPoolDataSourceMetadataProviderConfiguration:
      Did not match:
         - @ConditionalOnClass did not find required classes 'oracle.ucp.jdbc.PoolDataSource', 'oracle.jdbc.OracleConnection' (OnClassCondition)

   DataSourcePoolMetadataProvidersConfiguration.TomcatDataSourcePoolMetadataProviderConfiguration:
      Did not match:
         - @ConditionalOnClass did not find required class 'org.apache.tomcat.jdbc.pool.DataSource' (OnClassCondition)

   DataSourceTransactionManagerAutoConfiguration.JdbcTransactionManagerConfiguration#transactionManager:
      Did not match:
         - @ConditionalOnMissingBean (types: org.springframework.transaction.TransactionManager; SearchStrategy: all) found beans of type 'org.springframework.transaction.TransactionManager' transactionManager (OnBeanCondition)

   DatadogMetricsExportAutoConfiguration:
      Did not match:
         - @ConditionalOnClass did not find required class 'io.micrometer.datadog.DatadogMeterRegistry' (OnClassCondition)

   DevToolsDataSourceAutoConfiguration:
      Did not match:
         - Devtools devtools is disabled for current context. (OnEnabledDevToolsCondition)
      Matched:
         - @ConditionalOnClass found required class 'javax.sql.DataSource' (OnClassCondition)

   DevToolsR2dbcAutoConfiguration:
      Did not match:
         - @ConditionalOnClass did not find required class 'io.r2dbc.spi.ConnectionFactory' (OnClassCondition)

   DispatcherServletAutoConfiguration.DispatcherServletConfiguration#multipartResolver:
      Did not match:
         - @ConditionalOnBean (types: org.springframework.web.multipart.MultipartResolver; SearchStrategy: all) did not find any beans of type org.springframework.web.multipart.MultipartResolver (OnBeanCondition)

   DynatraceMetricsExportAutoConfiguration:
      Did not match:
         - @ConditionalOnClass did not find required class 'io.micrometer.dynatrace.DynatraceMeterRegistry' (OnClassCondition)

   ElasticMetricsExportAutoConfiguration:
      Did not match:
         - @ConditionalOnClass did not find required class 'io.micrometer.elastic.ElasticMeterRegistry' (OnClassCondition)

   ElasticsearchClientAutoConfiguration:
      Did not match:
         - @ConditionalOnClass did not find required class 'co.elastic.clients.elasticsearch.ElasticsearchClient' (OnClassCondition)

   ElasticsearchDataAutoConfiguration:
      Did not match:
         - @ConditionalOnClass did not find required class 'org.springframework.data.elasticsearch.client.elc.ElasticsearchTemplate' (OnClassCondition)

   ElasticsearchReactiveHealthContributorAutoConfiguration:
      Did not match:
         - @ConditionalOnClass did not find required class 'org.springframework.data.elasticsearch.client.elc.ReactiveElasticsearchClient' (OnClassCondition)

   ElasticsearchRepositoriesAutoConfiguration:
      Did not match:
         - @ConditionalOnClass did not find required class 'org.springframework.data.elasticsearch.repository.ElasticsearchRepository' (OnClassCondition)

   ElasticsearchRestClientAutoConfiguration:
      Did not match:
         - @ConditionalOnClass did not find required class 'org.elasticsearch.client.RestClientBuilder' (OnClassCondition)

   ElasticsearchRestHealthContributorAutoConfiguration:
      Did not match:
         - @ConditionalOnClass did not find required class 'org.elasticsearch.client.RestClient' (OnClassCondition)

   EmbeddedLdapAutoConfiguration:
      Did not match:
         - @ConditionalOnClass did not find required class 'com.unboundid.ldap.listener.InMemoryDirectoryServer' (OnClassCondition)

   EmbeddedWebServerFactoryCustomizerAutoConfiguration:
      Did not match:
         - Application is deployed as a WAR file. (OnWarDeploymentCondition)
      Matched:
         - @ConditionalOnWebApplication (required) found 'session' scope (OnWebApplicationCondition)

   EnvironmentEndpointAutoConfiguration:
      Did not match:
         - @ConditionalOnAvailableEndpoint not exposed (OnAvailableEndpointCondition)

   ErrorWebFluxAutoConfiguration:
      Did not match:
         - not a reactive web application (OnWebApplicationCondition)
      Matched:
         - @ConditionalOnClass found required class 'org.springframework.web.reactive.config.WebFluxConfigurer' (OnClassCondition)

   FlywayAutoConfiguration:
      Did not match:
         - @ConditionalOnClass did not find required class 'org.flywaydb.core.Flyway' (OnClassCondition)

   FlywayEndpointAutoConfiguration:
      Did not match:
         - @ConditionalOnClass did not find required class 'org.flywaydb.core.Flyway' (OnClassCondition)

   FreeMarkerAutoConfiguration:
      Did not match:
         - @ConditionalOnClass did not find required class 'freemarker.template.Configuration' (OnClassCondition)

   GangliaMetricsExportAutoConfiguration:
      Did not match:
         - @ConditionalOnClass did not find required class 'io.micrometer.ganglia.GangliaMeterRegistry' (OnClassCondition)

   GraphQlAutoConfiguration:
      Did not match:
         - @ConditionalOnClass did not find required class 'graphql.GraphQL' (OnClassCondition)

   GraphQlObservationAutoConfiguration:
      Did not match:
         - @ConditionalOnClass did not find required class 'graphql.GraphQL' (OnClassCondition)

   GraphQlQueryByExampleAutoConfiguration:
      Did not match:
         - @ConditionalOnClass did not find required class 'graphql.GraphQL' (OnClassCondition)

   GraphQlQuerydslAutoConfiguration:
      Did not match:
         - @ConditionalOnClass did not find required class 'com.querydsl.core.Query' (OnClassCondition)

   GraphQlRSocketAutoConfiguration:
      Did not match:
         - @ConditionalOnClass did not find required class 'graphql.GraphQL' (OnClassCondition)

   GraphQlReactiveQueryByExampleAutoConfiguration:
      Did not match:
         - @ConditionalOnClass did not find required class 'graphql.GraphQL' (OnClassCondition)

   GraphQlReactiveQuerydslAutoConfiguration:
      Did not match:
         - @ConditionalOnClass did not find required class 'com.querydsl.core.Query' (OnClassCondition)

   GraphQlWebFluxAutoConfiguration:
      Did not match:
         - @ConditionalOnClass did not find required class 'graphql.GraphQL' (OnClassCondition)

   GraphQlWebFluxSecurityAutoConfiguration:
      Did not match:
         - @ConditionalOnClass did not find required class 'graphql.GraphQL' (OnClassCondition)

   GraphQlWebMvcAutoConfiguration:
      Did not match:
         - @ConditionalOnClass did not find required class 'graphql.GraphQL' (OnClassCondition)

   GraphQlWebMvcSecurityAutoConfiguration:
      Did not match:
         - @ConditionalOnClass did not find required class 'graphql.GraphQL' (OnClassCondition)

   GraphiteMetricsExportAutoConfiguration:
      Did not match:
         - @ConditionalOnClass did not find required class 'io.micrometer.graphite.GraphiteMeterRegistry' (OnClassCondition)

   GroovyTemplateAutoConfiguration:
      Did not match:
         - @ConditionalOnClass did not find required class 'groovy.text.markup.MarkupTemplateEngine' (OnClassCondition)

   GsonHttpMessageConvertersConfiguration.GsonHttpMessageConverterConfiguration:
      Did not match:
         - AnyNestedCondition 0 matched 2 did not; NestedCondition on GsonHttpMessageConvertersConfiguration.PreferGsonOrJacksonAndJsonbUnavailableCondition.JacksonJsonbUnavailable NoneNestedConditions 1 matched 1 did not; NestedCondition on GsonHttpMessageConvertersConfiguration.JacksonAndJsonbUnavailableCondition.JsonbPreferred @ConditionalOnProperty (spring.mvc.converters.preferred-json-mapper=jsonb) did not find property 'spring.mvc.converters.preferred-json-mapper'; NestedCondition on GsonHttpMessageConvertersConfiguration.JacksonAndJsonbUnavailableCondition.JacksonAvailable @ConditionalOnBean (types: org.springframework.http.converter.json.MappingJackson2HttpMessageConverter; SearchStrategy: all) found bean 'mappingJackson2HttpMessageConverter'; NestedCondition on GsonHttpMessageConvertersConfiguration.PreferGsonOrJacksonAndJsonbUnavailableCondition.GsonPreferred @ConditionalOnProperty (spring.mvc.converters.preferred-json-mapper=gson) did not find property 'spring.mvc.converters.preferred-json-mapper' (GsonHttpMessageConvertersConfiguration.PreferGsonOrJacksonAndJsonbUnavailableCondition)

   H2ConsoleAutoConfiguration:
      Did not match:
         - @ConditionalOnProperty (spring.h2.console.enabled=true) did not find property 'enabled' (OnPropertyCondition)
      Matched:
         - @ConditionalOnClass found required class 'org.h2.server.web.JakartaWebServlet' (OnClassCondition)
         - found 'session' scope (OnWebApplicationCondition)

   HazelcastAutoConfiguration:
      Did not match:
         - @ConditionalOnClass did not find required class 'com.hazelcast.core.HazelcastInstance' (OnClassCondition)

   HazelcastCacheConfiguration:
      Did not match:
         - @ConditionalOnClass did not find required class 'com.hazelcast.core.HazelcastInstance' (OnClassCondition)

   HazelcastHealthContributorAutoConfiguration:
      Did not match:
         - @ConditionalOnClass did not find required class 'com.hazelcast.core.HazelcastInstance' (OnClassCondition)

   HazelcastJpaDependencyAutoConfiguration:
      Did not match:
         - @ConditionalOnClass did not find required class 'com.hazelcast.core.HazelcastInstance' (OnClassCondition)

   HealthEndpointReactiveWebExtensionConfiguration:
      Did not match:
         - not a reactive web application (OnWebApplicationCondition)

   HealthEndpointWebExtensionConfiguration.JerseyAdditionalHealthEndpointPathsConfiguration:
      Did not match:
         - @ConditionalOnClass did not find required class 'org.glassfish.jersey.server.ResourceConfig' (OnClassCondition)

   HeapDumpWebEndpointAutoConfiguration:
      Did not match:
         - @ConditionalOnAvailableEndpoint not exposed (OnAvailableEndpointCondition)

   HibernateMetricsAutoConfiguration:
      Did not match:
         - @ConditionalOnClass did not find required class 'org.hibernate.stat.HibernateMetrics' (OnClassCondition)

   HttpExchangesAutoConfiguration:
      Did not match:
         - @ConditionalOnBean (types: org.springframework.boot.actuate.web.exchanges.HttpExchangeRepository; SearchStrategy: all) did not find any beans of type org.springframework.boot.actuate.web.exchanges.HttpExchangeRepository (OnBeanCondition)
      Matched:
         - @ConditionalOnWebApplication (required) found 'session' scope (OnWebApplicationCondition)
         - @ConditionalOnProperty (management.httpexchanges.recording.enabled) matched (OnPropertyCondition)

   HttpExchangesAutoConfiguration.ReactiveHttpExchangesConfiguration:
      Did not match:
         - not a reactive web application (OnWebApplicationCondition)
         - Ancestor org.springframework.boot.actuate.autoconfigure.web.exchanges.HttpExchangesAutoConfiguration did not match (ConditionEvaluationReport.AncestorsMatchedCondition)

   HttpExchangesAutoConfiguration.ServletHttpExchangesConfiguration:
      Did not match:
         - Ancestor org.springframework.boot.actuate.autoconfigure.web.exchanges.HttpExchangesAutoConfiguration did not match (ConditionEvaluationReport.AncestorsMatchedCondition)
      Matched:
         - found 'session' scope (OnWebApplicationCondition)

   HttpExchangesEndpointAutoConfiguration:
      Did not match:
         - @ConditionalOnAvailableEndpoint not exposed (OnAvailableEndpointCondition)

   HttpHandlerAutoConfiguration:
      Did not match:
         - not a reactive web application (OnWebApplicationCondition)
      Matched:
         - @ConditionalOnClass found required classes 'org.springframework.web.reactive.DispatcherHandler', 'org.springframework.http.server.reactive.HttpHandler' (OnClassCondition)

   HumioMetricsExportAutoConfiguration:
      Did not match:
         - @ConditionalOnClass did not find required class 'io.micrometer.humio.HumioMeterRegistry' (OnClassCondition)

   HypermediaAutoConfiguration:
      Did not match:
         - @ConditionalOnClass did not find required class 'org.springframework.hateoas.EntityModel' (OnClassCondition)

   InfinispanCacheConfiguration:
      Did not match:
         - @ConditionalOnClass did not find required class 'org.infinispan.spring.embedded.provider.SpringEmbeddedCacheManager' (OnClassCondition)

   InfluxMetricsExportAutoConfiguration:
      Did not match:
         - @ConditionalOnClass did not find required class 'io.micrometer.influx.InfluxMeterRegistry' (OnClassCondition)

   InfoContributorAutoConfiguration#buildInfoContributor:
      Did not match:
         - @ConditionalOnSingleCandidate (types: org.springframework.boot.info.BuildProperties; SearchStrategy: all) did not find any beans (OnBeanCondition)
      Matched:
         - @ConditionalOnEnabledInfoContributor management.info.defaults.enabled is considered true (OnEnabledInfoContributorCondition)

   InfoContributorAutoConfiguration#envInfoContributor:
      Did not match:
         - @ConditionalOnEnabledInfoContributor management.info.env.enabled is not true (OnEnabledInfoContributorCondition)

   InfoContributorAutoConfiguration#gitInfoContributor:
      Did not match:
         - @ConditionalOnSingleCandidate (types: org.springframework.boot.info.GitProperties; SearchStrategy: all) did not find any beans (OnBeanCondition)
      Matched:
         - @ConditionalOnEnabledInfoContributor management.info.defaults.enabled is considered true (OnEnabledInfoContributorCondition)

   InfoContributorAutoConfiguration#javaInfoContributor:
      Did not match:
         - @ConditionalOnEnabledInfoContributor management.info.java.enabled is not true (OnEnabledInfoContributorCondition)

   InfoContributorAutoConfiguration#osInfoContributor:
      Did not match:
         - @ConditionalOnEnabledInfoContributor management.info.os.enabled is not true (OnEnabledInfoContributorCondition)

   InfoContributorAutoConfiguration#processInfoContributor:
      Did not match:
         - @ConditionalOnEnabledInfoContributor management.info.process.enabled is not true (OnEnabledInfoContributorCondition)

   InfoContributorAutoConfiguration#sslInfo:
      Did not match:
         - @ConditionalOnEnabledInfoContributor management.info.ssl.enabled is not true (OnEnabledInfoContributorCondition)
      Matched:
         - @ConditionalOnMissingBean (types: org.springframework.boot.info.SslInfo; SearchStrategy: all) did not find any beans (OnBeanCondition)

   InfoContributorAutoConfiguration#sslInfoContributor:
      Did not match:
         - @ConditionalOnEnabledInfoContributor management.info.ssl.enabled is not true (OnEnabledInfoContributorCondition)

   InfoEndpointAutoConfiguration:
      Did not match:
         - @ConditionalOnAvailableEndpoint not exposed (OnAvailableEndpointCondition)

   IntegrationAutoConfiguration:
      Did not match:
         - @ConditionalOnClass did not find required class 'org.springframework.integration.config.EnableIntegration' (OnClassCondition)

   IntegrationGraphEndpointAutoConfiguration:
      Did not match:
         - @ConditionalOnClass did not find required class 'org.springframework.integration.graph.IntegrationGraphServer' (OnClassCondition)

   JCacheCacheConfiguration:
      Did not match:
         - @ConditionalOnClass did not find required class 'javax.cache.Caching' (OnClassCondition)

   JacksonHttpMessageConvertersConfiguration.MappingJackson2XmlHttpMessageConverterConfiguration:
      Did not match:
         - @ConditionalOnClass did not find required class 'com.fasterxml.jackson.dataformat.xml.XmlMapper' (OnClassCondition)

   JerseyAutoConfiguration:
      Did not match:
         - @ConditionalOnClass did not find required class 'org.glassfish.jersey.server.spring.SpringComponentProvider' (OnClassCondition)

   JerseySameManagementContextConfiguration:
      Did not match:
         - @ConditionalOnClass did not find required class 'org.glassfish.jersey.server.ResourceConfig' (OnClassCondition)

   JerseyServerMetricsAutoConfiguration:
      Did not match:
         - @ConditionalOnClass did not find required class 'org.glassfish.jersey.micrometer.server.ObservationApplicationEventListener' (OnClassCondition)

   JerseyWebEndpointManagementContextConfiguration:
      Did not match:
         - @ConditionalOnClass did not find required class 'org.glassfish.jersey.server.ResourceConfig' (OnClassCondition)

   JettyMetricsAutoConfiguration:
      Did not match:
         - @ConditionalOnClass did not find required class 'org.eclipse.jetty.server.Server' (OnClassCondition)

   JmsAutoConfiguration:
      Did not match:
         - @ConditionalOnClass did not find required class 'jakarta.jms.Message' (OnClassCondition)

   JmsHealthContributorAutoConfiguration:
      Did not match:
         - @ConditionalOnClass did not find required class 'jakarta.jms.ConnectionFactory' (OnClassCondition)

   JmxAutoConfiguration:
      Did not match:
         - @ConditionalOnProperty (spring.jmx.enabled=true) found different value in property 'enabled' (OnPropertyCondition)
      Matched:
         - @ConditionalOnClass found required class 'org.springframework.jmx.export.MBeanExporter' (OnClassCondition)

   JmxEndpointAutoConfiguration:
      Did not match:
         - @ConditionalOnProperty (spring.jmx.enabled=true) found different value in property 'enabled' (OnPropertyCondition)

   JmxMetricsExportAutoConfiguration:
      Did not match:
         - @ConditionalOnClass did not find required class 'io.micrometer.jmx.JmxMeterRegistry' (OnClassCondition)

   JndiConnectionFactoryAutoConfiguration:
      Did not match:
         - @ConditionalOnClass did not find required class 'org.springframework.jms.core.JmsTemplate' (OnClassCondition)

   JndiDataSourceAutoConfiguration:
      Did not match:
         - @ConditionalOnProperty (spring.datasource.jndi-name) did not find property 'jndi-name' (OnPropertyCondition)
      Matched:
         - @ConditionalOnClass found required classes 'javax.sql.DataSource', 'org.springframework.jdbc.datasource.embedded.EmbeddedDatabaseType' (OnClassCondition)

   JndiJtaConfiguration:
      Did not match:
         - @ConditionalOnJndi JNDI environment is not available (OnJndiCondition)
      Matched:
         - @ConditionalOnClass found required class 'org.springframework.transaction.jta.JtaTransactionManager' (OnClassCondition)

   JooqAutoConfiguration:
      Did not match:
         - @ConditionalOnClass did not find required class 'org.jooq.DSLContext' (OnClassCondition)

   JpaRepositoriesAutoConfiguration#entityManagerFactoryBootstrapExecutorCustomizer:
      Did not match:
         - AnyNestedCondition 0 matched 2 did not; NestedCondition on JpaRepositoriesAutoConfiguration.BootstrapExecutorCondition.LazyBootstrapMode @ConditionalOnProperty (spring.data.jpa.repositories.bootstrap-mode=lazy) did not find property 'bootstrap-mode'; NestedCondition on JpaRepositoriesAutoConfiguration.BootstrapExecutorCondition.DeferredBootstrapMode @ConditionalOnProperty (spring.data.jpa.repositories.bootstrap-mode=deferred) did not find property 'bootstrap-mode' (JpaRepositoriesAutoConfiguration.BootstrapExecutorCondition)

   JsonbAutoConfiguration:
      Did not match:
         - @ConditionalOnClass did not find required class 'jakarta.json.bind.Jsonb' (OnClassCondition)

   JsonbHttpMessageConvertersConfiguration:
      Did not match:
         - @ConditionalOnClass did not find required class 'jakarta.json.bind.Jsonb' (OnClassCondition)

   KafkaAutoConfiguration:
      Did not match:
         - @ConditionalOnClass did not find required class 'org.springframework.kafka.core.KafkaTemplate' (OnClassCondition)

   KafkaMetricsAutoConfiguration:
      Did not match:
         - @ConditionalOnClass did not find required class 'org.springframework.kafka.core.ProducerFactory' (OnClassCondition)

   KairosMetricsExportAutoConfiguration:
      Did not match:
         - @ConditionalOnClass did not find required class 'io.micrometer.kairos.KairosMeterRegistry' (OnClassCondition)

   LdapAutoConfiguration:
      Did not match:
         - @ConditionalOnClass did not find required class 'org.springframework.ldap.core.ContextSource' (OnClassCondition)

   LdapHealthContributorAutoConfiguration:
      Did not match:
         - @ConditionalOnClass did not find required class 'org.springframework.ldap.core.LdapOperations' (OnClassCondition)

   LdapRepositoriesAutoConfiguration:
      Did not match:
         - @ConditionalOnClass did not find required class 'org.springframework.data.ldap.repository.LdapRepository' (OnClassCondition)

   LettuceMetricsAutoConfiguration:
      Did not match:
         - @ConditionalOnClass did not find required class 'io.lettuce.core.metrics.MicrometerCommandLatencyRecorder' (OnClassCondition)

   LiquibaseAutoConfiguration.CustomizerConfiguration#springLiquibaseCustomizer:
      Did not match:
         - @ConditionalOnBean (types: liquibase.integration.spring.Customizer; SearchStrategy: all) did not find any beans of type liquibase.integration.spring.Customizer (OnBeanCondition)

   LiquibaseEndpointAutoConfiguration:
      Did not match:
         - @ConditionalOnAvailableEndpoint not exposed (OnAvailableEndpointCondition)
      Matched:
         - @ConditionalOnClass found required class 'liquibase.integration.spring.SpringLiquibase' (OnClassCondition)

   LocalDevToolsAutoConfiguration:
      Did not match:
         - Initialized Restarter Condition initialized without URLs (OnInitializedRestarterCondition)

   LogFileWebEndpointAutoConfiguration:
      Did not match:
         - @ConditionalOnAvailableEndpoint not exposed (OnAvailableEndpointCondition)

   LogbackMetricsAutoConfiguration:
      Did not match:
         - @ConditionalOnClass did not find required class 'ch.qos.logback.classic.LoggerContext' (OnClassCondition)

   LoggersEndpointAutoConfiguration:
      Did not match:
         - @ConditionalOnAvailableEndpoint not exposed (OnAvailableEndpointCondition)

   MailHealthContributorAutoConfiguration:
      Did not match:
         - @ConditionalOnClass did not find required class 'org.springframework.mail.javamail.JavaMailSenderImpl' (OnClassCondition)

   MailSenderAutoConfiguration:
      Did not match:
         - @ConditionalOnClass did not find required class 'jakarta.mail.internet.MimeMessage' (OnClassCondition)

   MailSenderValidatorAutoConfiguration:
      Did not match:
         - @ConditionalOnSingleCandidate did not find required type 'org.springframework.mail.javamail.JavaMailSenderImpl' (OnBeanCondition)

   ManagementContextAutoConfiguration.DifferentManagementContextConfiguration:
      Did not match:
         - Management Port actual port type (SAME) did not match required type (DIFFERENT) (OnManagementPortCondition)

   ManagementWebSecurityAutoConfiguration:
      Did not match:
         - AllNestedConditions 1 matched 1 did not; NestedCondition on DefaultWebSecurityCondition.Beans @ConditionalOnMissingBean (types: org.springframework.security.web.SecurityFilterChain; SearchStrategy: all) found beans of type 'org.springframework.security.web.SecurityFilterChain' securityFilterChain; NestedCondition on DefaultWebSecurityCondition.Classes @ConditionalOnClass found required classes 'org.springframework.security.web.SecurityFilterChain', 'org.springframework.security.config.annotation.web.builders.HttpSecurity' (DefaultWebSecurityCondition)
      Matched:
         - found 'session' scope (OnWebApplicationCondition)

   MappingsEndpointAutoConfiguration:
      Did not match:
         - @ConditionalOnAvailableEndpoint not exposed (OnAvailableEndpointCondition)

   MessageSourceAutoConfiguration:
      Did not match:
         - ResourceBundle did not find bundle with basename messages (MessageSourceAutoConfiguration.ResourceBundleCondition)

   MetricsAspectsAutoConfiguration:
      Did not match:
         - AnyNestedCondition 0 matched 2 did not; NestedCondition on MetricsAspectsAutoConfiguration.ObservationAnnotationsEnabledCondition.ManagementObservationsEnabledCondition @ConditionalOnProperty (management.observations.annotations.enabled=true) did not find property 'enabled'; NestedCondition on MetricsAspectsAutoConfiguration.ObservationAnnotationsEnabledCondition.MicrometerObservationsEnabledCondition @ConditionalOnProperty (micrometer.observations.annotations.enabled=true) did not find property 'enabled' (MetricsAspectsAutoConfiguration.ObservationAnnotationsEnabledCondition)
      Matched:
         - @ConditionalOnClass found required classes 'io.micrometer.core.instrument.MeterRegistry', 'org.aspectj.weaver.Advice' (OnClassCondition)

   MetricsEndpointAutoConfiguration:
      Did not match:
         - @ConditionalOnAvailableEndpoint not exposed (OnAvailableEndpointCondition)
      Matched:
         - @ConditionalOnClass found required class 'io.micrometer.core.annotation.Timed' (OnClassCondition)

   MicrometerTracingAutoConfiguration:
      Did not match:
         - @ConditionalOnClass did not find required class 'io.micrometer.tracing.Tracer' (OnClassCondition)

   MockMvcAutoConfiguration#dispatcherServlet:
      Did not match:
         - @ConditionalOnMissingBean (types: org.springframework.web.servlet.DispatcherServlet; SearchStrategy: all) found beans of type 'org.springframework.web.servlet.DispatcherServlet' dispatcherServlet (OnBeanCondition)

   MockMvcAutoConfiguration#dispatcherServletPath:
      Did not match:
         - @ConditionalOnMissingBean (types: org.springframework.boot.autoconfigure.web.servlet.DispatcherServletPath; SearchStrategy: all) found beans of type 'org.springframework.boot.autoconfigure.web.servlet.DispatcherServletPath' dispatcherServletRegistration (OnBeanCondition)

   MockMvcWebClientAutoConfiguration:
      Did not match:
         - @ConditionalOnClass did not find required class 'org.htmlunit.WebClient' (OnClassCondition)

   MockMvcWebDriverAutoConfiguration:
      Did not match:
         - @ConditionalOnClass did not find required class 'org.openqa.selenium.htmlunit.HtmlUnitDriver' (OnClassCondition)

   MongoAutoConfiguration:
      Did not match:
         - @ConditionalOnClass did not find required class 'com.mongodb.client.MongoClient' (OnClassCondition)

   MongoDataAutoConfiguration:
      Did not match:
         - @ConditionalOnClass did not find required class 'com.mongodb.client.MongoClient' (OnClassCondition)

   MongoHealthContributorAutoConfiguration:
      Did not match:
         - @ConditionalOnClass did not find required class 'org.springframework.data.mongodb.core.MongoTemplate' (OnClassCondition)

   MongoMetricsAutoConfiguration:
      Did not match:
         - @ConditionalOnClass did not find required class 'com.mongodb.MongoClientSettings' (OnClassCondition)

   MongoReactiveAutoConfiguration:
      Did not match:
         - @ConditionalOnClass did not find required class 'com.mongodb.reactivestreams.client.MongoClient' (OnClassCondition)

   MongoReactiveDataAutoConfiguration:
      Did not match:
         - @ConditionalOnClass did not find required class 'com.mongodb.reactivestreams.client.MongoClient' (OnClassCondition)

   MongoReactiveHealthContributorAutoConfiguration:
      Did not match:
         - @ConditionalOnClass did not find required class 'org.springframework.data.mongodb.core.ReactiveMongoTemplate' (OnClassCondition)

   MongoReactiveRepositoriesAutoConfiguration:
      Did not match:
         - @ConditionalOnClass did not find required class 'com.mongodb.reactivestreams.client.MongoClient' (OnClassCondition)

   MongoRepositoriesAutoConfiguration:
      Did not match:
         - @ConditionalOnClass did not find required class 'com.mongodb.client.MongoClient' (OnClassCondition)

   MultipleOpenApiSupportConfiguration:
      Did not match:
         - AnyNestedCondition 0 matched 2 did not; NestedCondition on MultipleOpenApiSupportCondition.OnActuatorDifferentPort found non-matching nested conditions Management Port actual port type (SAME) did not match required type (DIFFERENT), @ConditionalOnProperty (springdoc.show-actuator) did not find property 'springdoc.show-actuator'; NestedCondition on MultipleOpenApiSupportCondition.OnMultipleOpenApiSupportCondition AnyNestedCondition 0 matched 3 did not; NestedCondition on MultipleOpenApiGroupsCondition.OnListGroupedOpenApiBean @ConditionalOnBean (types: org.springdoc.core.models.GroupedOpenApi; SearchStrategy: all) did not find any beans of type org.springdoc.core.models.GroupedOpenApi; NestedCondition on MultipleOpenApiGroupsCondition.OnGroupConfigProperty @ConditionalOnProperty (springdoc.group-configs[0].group) did not find property 'springdoc.group-configs[0].group'; NestedCondition on MultipleOpenApiGroupsCondition.OnGroupedOpenApiBean @ConditionalOnBean (types: org.springdoc.core.models.GroupedOpenApi; SearchStrategy: all) did not find any beans of type org.springdoc.core.models.GroupedOpenApi (MultipleOpenApiSupportCondition)
      Matched:
         - found 'session' scope (OnWebApplicationCondition)
         - @ConditionalOnProperty (springdoc.api-docs.enabled) matched (OnPropertyCondition)

   MultipleOpenApiSupportConfiguration.SpringDocWebMvcActuatorDifferentConfiguration:
      Did not match:
         - Management Port actual port type (SAME) did not match required type (DIFFERENT) (OnManagementPortCondition)
         - Ancestor org.springdoc.webmvc.core.configuration.MultipleOpenApiSupportConfiguration did not match (ConditionEvaluationReport.AncestorsMatchedCondition)
      Matched:
         - @ConditionalOnClass found required class 'org.springframework.boot.actuate.endpoint.web.servlet.WebMvcEndpointHandlerMapping' (OnClassCondition)

   MustacheAutoConfiguration:
      Did not match:
         - @ConditionalOnClass did not find required class 'com.samskivert.mustache.Mustache' (OnClassCondition)

   Neo4jAutoConfiguration:
      Did not match:
         - @ConditionalOnClass did not find required class 'org.neo4j.driver.Driver' (OnClassCondition)

   Neo4jDataAutoConfiguration:
      Did not match:
         - @ConditionalOnClass did not find required class 'org.neo4j.driver.Driver' (OnClassCondition)

   Neo4jHealthContributorAutoConfiguration:
      Did not match:
         - @ConditionalOnClass did not find required class 'org.neo4j.driver.Driver' (OnClassCondition)

   Neo4jReactiveDataAutoConfiguration:
      Did not match:
         - @ConditionalOnClass did not find required class 'org.neo4j.driver.Driver' (OnClassCondition)

   Neo4jReactiveRepositoriesAutoConfiguration:
      Did not match:
         - @ConditionalOnClass did not find required class 'org.neo4j.driver.Driver' (OnClassCondition)

   Neo4jRepositoriesAutoConfiguration:
      Did not match:
         - @ConditionalOnClass did not find required class 'org.neo4j.driver.Driver' (OnClassCondition)

   NewRelicMetricsExportAutoConfiguration:
      Did not match:
         - @ConditionalOnClass did not find required class 'io.micrometer.newrelic.NewRelicMeterRegistry' (OnClassCondition)

   NoOpMeterRegistryConfiguration:
      Did not match:
         - @ConditionalOnMissingBean (types: io.micrometer.core.instrument.MeterRegistry; SearchStrategy: all) found beans of type 'io.micrometer.core.instrument.MeterRegistry' simpleMeterRegistry (OnBeanCondition)

   NoopTracerAutoConfiguration:
      Did not match:
         - @ConditionalOnClass did not find required class 'io.micrometer.tracing.Tracer' (OnClassCondition)

   OAuth2AuthorizationServerAutoConfiguration:
      Did not match:
         - @ConditionalOnClass did not find required class 'org.springframework.security.oauth2.server.authorization.OAuth2Authorization' (OnClassCondition)

   OAuth2AuthorizationServerJwtAutoConfiguration:
      Did not match:
         - @ConditionalOnClass did not find required class 'org.springframework.security.oauth2.server.authorization.OAuth2Authorization' (OnClassCondition)

   OAuth2ClientAutoConfiguration:
      Did not match:
         - @ConditionalOnClass did not find required class 'org.springframework.security.oauth2.client.registration.ClientRegistration' (OnClassCondition)

   OAuth2ResourceServerAutoConfiguration:
      Did not match:
         - @ConditionalOnClass did not find required class 'org.springframework.security.oauth2.server.resource.authentication.BearerTokenAuthenticationToken' (OnClassCondition)

   ObservationAutoConfiguration.MeterObservationHandlerConfiguration.TracingAndMetricsObservationHandlerConfiguration:
      Did not match:
         - @ConditionalOnBean did not find required type 'io.micrometer.tracing.Tracer' (OnBeanCondition)
         - @ConditionalOnBean (types: io.micrometer.tracing.Tracer; SearchStrategy: all) did not find any beans of type io.micrometer.tracing.Tracer (OnBeanCondition)

   ObservationAutoConfiguration.MetricsWithTracingConfiguration:
      Did not match:
         - @ConditionalOnClass did not find required class 'io.micrometer.tracing.Tracer' (OnClassCondition)

   ObservationAutoConfiguration.OnlyTracingConfiguration:
      Did not match:
         - @ConditionalOnClass did not find required class 'io.micrometer.tracing.Tracer' (OnClassCondition)

   OpenTelemetryAutoConfiguration:
      Did not match:
         - @ConditionalOnClass did not find required class 'io.opentelemetry.sdk.OpenTelemetrySdk' (OnClassCondition)

   OpenTelemetryLoggingAutoConfiguration:
      Did not match:
         - @ConditionalOnClass did not find required class 'io.opentelemetry.api.OpenTelemetry' (OnClassCondition)

   OpenTelemetryTracingAutoConfiguration:
      Did not match:
         - @ConditionalOnClass did not find required class 'io.micrometer.tracing.otel.bridge.OtelTracer' (OnClassCondition)

   OtlpLoggingAutoConfiguration:
      Did not match:
         - @ConditionalOnClass did not find required class 'io.opentelemetry.api.OpenTelemetry' (OnClassCondition)

   OtlpMetricsExportAutoConfiguration:
      Did not match:
         - @ConditionalOnClass did not find required class 'io.micrometer.registry.otlp.OtlpMeterRegistry' (OnClassCondition)

   OtlpTracingAutoConfiguration:
      Did not match:
         - @ConditionalOnClass did not find required class 'io.micrometer.tracing.otel.bridge.OtelTracer' (OnClassCondition)

   ProjectInfoAutoConfiguration#buildProperties:
      Did not match:
         - @ConditionalOnResource did not find resource '${spring.info.build.location:classpath:META-INF/build-info.properties}' (OnResourceCondition)

   ProjectInfoAutoConfiguration#gitProperties:
      Did not match:
         - GitResource did not find git info at classpath:git.properties (ProjectInfoAutoConfiguration.GitResourceAvailableCondition)

   PrometheusExemplarsAutoConfiguration:
      Did not match:
         - @ConditionalOnClass did not find required class 'io.micrometer.tracing.Tracer' (OnClassCondition)

   PrometheusMetricsExportAutoConfiguration:
      Did not match:
         - @ConditionalOnClass did not find required class 'io.micrometer.prometheusmetrics.PrometheusMeterRegistry' (OnClassCondition)

   PrometheusSimpleclientExemplarsAutoConfiguration:
      Did not match:
         - @ConditionalOnClass did not find required class 'io.micrometer.tracing.Tracer' (OnClassCondition)

   PrometheusSimpleclientMetricsExportAutoConfiguration:
      Did not match:
         - @ConditionalOnClass did not find required class 'io.micrometer.prometheus.PrometheusMeterRegistry' (OnClassCondition)

   PulsarAutoConfiguration:
      Did not match:
         - @ConditionalOnClass did not find required class 'org.apache.pulsar.client.api.PulsarClient' (OnClassCondition)

   PulsarReactiveAutoConfiguration:
      Did not match:
         - @ConditionalOnClass did not find required class 'org.apache.pulsar.client.api.PulsarClient' (OnClassCondition)

   QuartzAutoConfiguration:
      Did not match:
         - @ConditionalOnClass did not find required class 'org.quartz.Scheduler' (OnClassCondition)

   QuartzEndpointAutoConfiguration:
      Did not match:
         - @ConditionalOnClass did not find required class 'org.quartz.Scheduler' (OnClassCondition)

   R2dbcAutoConfiguration:
      Did not match:
         - @ConditionalOnClass did not find required class 'io.r2dbc.spi.ConnectionFactory' (OnClassCondition)

   R2dbcDataAutoConfiguration:
      Did not match:
         - @ConditionalOnClass did not find required class 'org.springframework.data.r2dbc.core.R2dbcEntityTemplate' (OnClassCondition)

   R2dbcInitializationConfiguration:
      Did not match:
         - @ConditionalOnClass did not find required classes 'io.r2dbc.spi.ConnectionFactory', 'org.springframework.r2dbc.connection.init.DatabasePopulator' (OnClassCondition)

   R2dbcObservationAutoConfiguration:
      Did not match:
         - @ConditionalOnClass did not find required class 'io.r2dbc.proxy.ProxyConnectionFactory' (OnClassCondition)

   R2dbcProxyAutoConfiguration:
      Did not match:
         - @ConditionalOnClass did not find required class 'io.r2dbc.proxy.ProxyConnectionFactory' (OnClassCondition)

   R2dbcRepositoriesAutoConfiguration:
      Did not match:
         - @ConditionalOnClass did not find required class 'io.r2dbc.spi.ConnectionFactory' (OnClassCondition)

   R2dbcTransactionManagerAutoConfiguration:
      Did not match:
         - @ConditionalOnClass did not find required class 'org.springframework.r2dbc.connection.R2dbcTransactionManager' (OnClassCondition)

   RSocketGraphQlClientAutoConfiguration:
      Did not match:
         - @ConditionalOnClass did not find required class 'graphql.GraphQL' (OnClassCondition)

   RSocketMessagingAutoConfiguration:
      Did not match:
         - @ConditionalOnClass did not find required class 'io.rsocket.RSocket' (OnClassCondition)

   RSocketRequesterAutoConfiguration:
      Did not match:
         - @ConditionalOnClass did not find required class 'io.rsocket.RSocket' (OnClassCondition)

   RSocketSecurityAutoConfiguration:
      Did not match:
         - @ConditionalOnClass did not find required class 'org.springframework.security.rsocket.core.SecuritySocketAcceptorInterceptor' (OnClassCondition)

   RSocketServerAutoConfiguration:
      Did not match:
         - @ConditionalOnClass did not find required class 'io.rsocket.core.RSocketServer' (OnClassCondition)

   RSocketStrategiesAutoConfiguration:
      Did not match:
         - @ConditionalOnClass did not find required class 'io.rsocket.RSocket' (OnClassCondition)

   RabbitAutoConfiguration:
      Did not match:
         - @ConditionalOnClass did not find required class 'com.rabbitmq.client.Channel' (OnClassCondition)

   RabbitHealthContributorAutoConfiguration:
      Did not match:
         - @ConditionalOnClass did not find required class 'org.springframework.amqp.rabbit.core.RabbitTemplate' (OnClassCondition)

   RabbitMetricsAutoConfiguration:
      Did not match:
         - @ConditionalOnClass did not find required class 'com.rabbitmq.client.ConnectionFactory' (OnClassCondition)

   ReactiveCloudFoundryActuatorAutoConfiguration:
      Did not match:
         - not a reactive web application (OnWebApplicationCondition)

   ReactiveElasticsearchClientAutoConfiguration:
      Did not match:
         - @ConditionalOnClass did not find required class 'co.elastic.clients.transport.ElasticsearchTransport' (OnClassCondition)

   ReactiveElasticsearchRepositoriesAutoConfiguration:
      Did not match:
         - @ConditionalOnClass did not find required class 'org.springframework.data.elasticsearch.client.elc.ReactiveElasticsearchClient' (OnClassCondition)

   ReactiveManagementContextAutoConfiguration:
      Did not match:
         - not a reactive web application (OnWebApplicationCondition)
      Matched:
         - @ConditionalOnClass found required class 'reactor.core.publisher.Flux' (OnClassCondition)

   ReactiveManagementWebSecurityAutoConfiguration:
      Did not match:
         - not a reactive web application (OnWebApplicationCondition)
      Matched:
         - @ConditionalOnClass found required classes 'org.springframework.security.config.annotation.web.reactive.EnableWebFluxSecurity', 'org.springframework.security.web.server.WebFilterChainProxy' (OnClassCondition)

   ReactiveMultipartAutoConfiguration:
      Did not match:
         - not a reactive web application (OnWebApplicationCondition)
      Matched:
         - @ConditionalOnClass found required classes 'org.springframework.http.codec.multipart.DefaultPartHttpMessageReader', 'org.springframework.web.reactive.config.WebFluxConfigurer' (OnClassCondition)

   ReactiveOAuth2ClientAutoConfiguration:
      Did not match:
         - @ConditionalOnClass did not find required class 'org.springframework.security.oauth2.client.registration.ClientRegistration' (OnClassCondition)

   ReactiveOAuth2ResourceServerAutoConfiguration:
      Did not match:
         - not a reactive web application (OnWebApplicationCondition)
      Matched:
         - @ConditionalOnClass found required class 'org.springframework.security.config.annotation.web.reactive.EnableWebFluxSecurity' (OnClassCondition)

   ReactiveSecurityAutoConfiguration.SpringBootWebFluxSecurityConfiguration:
      Did not match:
         - not a reactive web application (OnWebApplicationCondition)

   ReactiveUserDetailsServiceAutoConfiguration:
      Did not match:
         - AnyNestedCondition 0 matched 2 did not; NestedCondition on ReactiveUserDetailsServiceAutoConfiguration.RSocketEnabledOrReactiveWebApplication.ReactiveWebApplicationCondition not a reactive web application; NestedCondition on ReactiveUserDetailsServiceAutoConfiguration.RSocketEnabledOrReactiveWebApplication.RSocketSecurityEnabledCondition @ConditionalOnBean (types: org.springframework.messaging.rsocket.annotation.support.RSocketMessageHandler; SearchStrategy: all) did not find any beans of type org.springframework.messaging.rsocket.annotation.support.RSocketMessageHandler (ReactiveUserDetailsServiceAutoConfiguration.RSocketEnabledOrReactiveWebApplication)
      Matched:
         - @ConditionalOnClass found required class 'org.springframework.security.authentication.ReactiveAuthenticationManager' (OnClassCondition)
         - AnyNestedCondition 1 matched 2 did not; NestedCondition on ReactiveUserDetailsServiceAutoConfiguration.MissingAlternativeOrUserPropertiesConfigured.PasswordConfigured @ConditionalOnProperty (spring.security.user.password) did not find property 'password'; NestedCondition on ReactiveUserDetailsServiceAutoConfiguration.MissingAlternativeOrUserPropertiesConfigured.NameConfigured @ConditionalOnProperty (spring.security.user.name) did not find property 'name'; NestedCondition on ReactiveUserDetailsServiceAutoConfiguration.MissingAlternativeOrUserPropertiesConfigured.MissingAlternative @ConditionalOnMissingClass did not find unwanted classes 'org.springframework.security.oauth2.client.registration.ClientRegistrationRepository', 'org.springframework.security.oauth2.server.resource.introspection.ReactiveOpaqueTokenIntrospector' (ReactiveUserDetailsServiceAutoConfiguration.MissingAlternativeOrUserPropertiesConfigured)

   ReactiveWebServerFactoryAutoConfiguration:
      Did not match:
         - not a reactive web application (OnWebApplicationCondition)
      Matched:
         - @ConditionalOnClass found required class 'org.springframework.http.ReactiveHttpInputMessage' (OnClassCondition)

   RedisAutoConfiguration:
      Did not match:
         - @ConditionalOnClass did not find required class 'org.springframework.data.redis.core.RedisOperations' (OnClassCondition)

   RedisCacheConfiguration:
      Did not match:
         - @ConditionalOnClass did not find required class 'org.springframework.data.redis.connection.RedisConnectionFactory' (OnClassCondition)

   RedisHealthContributorAutoConfiguration:
      Did not match:
         - @ConditionalOnClass did not find required class 'org.springframework.data.redis.connection.RedisConnectionFactory' (OnClassCondition)

   RedisReactiveAutoConfiguration:
      Did not match:
         - @ConditionalOnClass did not find required class 'org.springframework.data.redis.connection.ReactiveRedisConnectionFactory' (OnClassCondition)

   RedisReactiveHealthContributorAutoConfiguration:
      Did not match:
         - @ConditionalOnClass did not find required class 'org.springframework.data.redis.connection.ReactiveRedisConnectionFactory' (OnClassCondition)

   RedisRepositoriesAutoConfiguration:
      Did not match:
         - @ConditionalOnClass did not find required class 'org.springframework.data.redis.repository.configuration.EnableRedisRepositories' (OnClassCondition)

   RemoteDevToolsAutoConfiguration:
      Did not match:
         - @ConditionalOnProperty (spring.devtools.remote.secret) did not find property 'secret' (OnPropertyCondition)
      Matched:
         - @ConditionalOnClass found required classes 'jakarta.servlet.Filter', 'org.springframework.http.server.ServerHttpRequest' (OnClassCondition)

   RepositoryRestMvcAutoConfiguration:
      Did not match:
         - @ConditionalOnClass did not find required class 'org.springframework.data.rest.webmvc.config.RepositoryRestMvcConfiguration' (OnClassCondition)

   Saml2RelyingPartyAutoConfiguration:
      Did not match:
         - @ConditionalOnClass did not find required class 'org.springframework.security.saml2.provider.service.registration.RelyingPartyRegistrationRepository' (OnClassCondition)

   SbomEndpointAutoConfiguration:
      Did not match:
         - @ConditionalOnAvailableEndpoint not exposed (OnAvailableEndpointCondition)

   ScheduledTasksEndpointAutoConfiguration:
      Did not match:
         - @ConditionalOnAvailableEndpoint not exposed (OnAvailableEndpointCondition)

   SecurityDataConfiguration:
      Did not match:
         - @ConditionalOnClass did not find required class 'org.springframework.security.data.repository.query.SecurityEvaluationContextExtension' (OnClassCondition)

   SecurityRequestMatchersManagementContextConfiguration.JerseyRequestMatcherConfiguration:
      Did not match:
         - @ConditionalOnClass did not find required class 'org.glassfish.jersey.server.ResourceConfig' (OnClassCondition)

   SendGridAutoConfiguration:
      Did not match:
         - @ConditionalOnClass did not find required class 'com.sendgrid.SendGrid' (OnClassCondition)

   ServletEndpointManagementContextConfiguration.JerseyServletEndpointManagementContextConfiguration:
      Did not match:
         - @ConditionalOnClass did not find required class 'org.glassfish.jersey.server.ResourceConfig' (OnClassCondition)

   ServletManagementContextAutoConfiguration.ApplicationContextFilterConfiguration:
      Did not match:
         - @ConditionalOnProperty (management.server.add-application-context-header=true) did not find property 'add-application-context-header' (OnPropertyCondition)

   ServletWebServerFactoryConfiguration.EmbeddedJetty:
      Did not match:
         - @ConditionalOnClass did not find required classes 'org.eclipse.jetty.server.Server', 'org.eclipse.jetty.util.Loader', 'org.eclipse.jetty.ee10.webapp.WebAppContext' (OnClassCondition)

   ServletWebServerFactoryConfiguration.EmbeddedUndertow:
      Did not match:
         - @ConditionalOnClass did not find required classes 'io.undertow.Undertow', 'org.xnio.SslClientAuthMode' (OnClassCondition)

   SessionAutoConfiguration:
      Did not match:
         - @ConditionalOnClass did not find required class 'org.springframework.session.Session' (OnClassCondition)

   SessionsEndpointAutoConfiguration:
      Did not match:
         - @ConditionalOnClass did not find required class 'org.springframework.session.Session' (OnClassCondition)

   ShutdownEndpointAutoConfiguration:
      Did not match:
         - @ConditionalOnAvailableEndpoint the configured access for endpoint 'shutdown' is NONE (OnAvailableEndpointCondition)

   SignalFxMetricsExportAutoConfiguration:
      Did not match:
         - @ConditionalOnClass did not find required class 'io.micrometer.signalfx.SignalFxMeterRegistry' (OnClassCondition)

   SpringApplicationAdminJmxAutoConfiguration:
      Did not match:
         - @ConditionalOnProperty (spring.application.admin.enabled=true) did not find property 'enabled' (OnPropertyCondition)

   SpringBootWebSecurityConfiguration.SecurityFilterChainConfiguration:
      Did not match:
         - AllNestedConditions 1 matched 1 did not; NestedCondition on DefaultWebSecurityCondition.Beans @ConditionalOnMissingBean (types: org.springframework.security.web.SecurityFilterChain; SearchStrategy: all) found beans of type 'org.springframework.security.web.SecurityFilterChain' securityFilterChain; NestedCondition on DefaultWebSecurityCondition.Classes @ConditionalOnClass found required classes 'org.springframework.security.web.SecurityFilterChain', 'org.springframework.security.config.annotation.web.builders.HttpSecurity' (DefaultWebSecurityCondition)

   SpringDocConfiguration#propertiesResolverForSchema:
      Did not match:
         - @ConditionalOnProperty (springdoc.api-docs.resolve-schema-properties) did not find property 'springdoc.api-docs.resolve-schema-properties' (OnPropertyCondition)

   SpringDocConfiguration#propertyCustomizingConverter:
      Did not match:
         - @ConditionalOnBean (types: org.springdoc.core.customizers.PropertyCustomizer; SearchStrategy: all) did not find any beans of type org.springdoc.core.customizers.PropertyCustomizer (OnBeanCondition)

   SpringDocConfiguration#springdocBeanFactoryPostProcessor:
      Did not match:
         - AnyNestedCondition 0 matched 2 did not; NestedCondition on CacheOrGroupedOpenApiCondition.OnCacheDisabled found non-matching nested conditions @ConditionalOnProperty (springdoc.cache.disabled) did not find property 'springdoc.cache.disabled'; NestedCondition on CacheOrGroupedOpenApiCondition.OnMultipleOpenApiSupportCondition AnyNestedCondition 0 matched 2 did not; NestedCondition on MultipleOpenApiSupportCondition.OnActuatorDifferentPort found non-matching nested conditions Management Port actual port type (SAME) did not match required type (DIFFERENT), @ConditionalOnProperty (springdoc.show-actuator) did not find property 'springdoc.show-actuator'; NestedCondition on MultipleOpenApiSupportCondition.OnMultipleOpenApiSupportCondition AnyNestedCondition 0 matched 3 did not; NestedCondition on MultipleOpenApiGroupsCondition.OnListGroupedOpenApiBean @ConditionalOnBean (types: org.springdoc.core.models.GroupedOpenApi; SearchStrategy: all) did not find any beans of type org.springdoc.core.models.GroupedOpenApi; NestedCondition on MultipleOpenApiGroupsCondition.OnGroupConfigProperty @ConditionalOnProperty (springdoc.group-configs[0].group) did not find property 'springdoc.group-configs[0].group'; NestedCondition on MultipleOpenApiGroupsCondition.OnGroupedOpenApiBean @ConditionalOnBean (types: org.springdoc.core.models.GroupedOpenApi; SearchStrategy: all) did not find any beans of type org.springdoc.core.models.GroupedOpenApi (CacheOrGroupedOpenApiCondition)
      Matched:
         - @ConditionalOnClass found required class 'org.springframework.boot.context.properties.bind.BindResult' (OnClassCondition)

   SpringDocConfiguration#springdocBeanFactoryPostProcessor2:
      Did not match:
         - @ConditionalOnMissingClass found unwanted class 'org.springframework.boot.context.properties.bind.BindResult' (OnClassCondition)

   SpringDocConfiguration.SpringDocActuatorConfiguration:
      Did not match:
         - @ConditionalOnProperty (springdoc.show-actuator) did not find property 'springdoc.show-actuator' (OnPropertyCondition)
      Matched:
         - @ConditionalOnClass found required class 'org.springframework.boot.actuate.autoconfigure.endpoint.web.WebEndpointProperties' (OnClassCondition)

   SpringDocConfiguration.SpringDocRepositoryRestConfiguration:
      Did not match:
         - @ConditionalOnClass did not find required class 'org.springframework.data.rest.core.config.RepositoryRestConfiguration' (OnClassCondition)

   SpringDocDataRestConfiguration:
      Did not match:
         - @ConditionalOnClass did not find required class 'org.springframework.data.rest.core.config.RepositoryRestConfiguration' (OnClassCondition)

   SpringDocFunctionCatalogConfiguration:
      Did not match:
         - @ConditionalOnClass did not find required class 'org.springframework.cloud.function.web.function.FunctionEndpointInitializer' (OnClassCondition)

   SpringDocGroovyConfiguration:
      Did not match:
         - @ConditionalOnClass did not find required class 'groovy.lang.MetaClass' (OnClassCondition)

   SpringDocHateoasConfiguration:
      Did not match:
         - @ConditionalOnClass did not find required class 'org.springframework.hateoas.server.LinkRelationProvider' (OnClassCondition)

   SpringDocJacksonKotlinModuleConfiguration:
      Did not match:
         - @ConditionalOnClass did not find required class 'com.fasterxml.jackson.module.kotlin.KotlinModule' (OnClassCondition)

   SpringDocJavadocConfiguration:
      Did not match:
         - @ConditionalOnClass did not find required class 'com.github.therapi.runtimejavadoc.CommentFormatter' (OnClassCondition)

   SpringDocKotlinConfiguration:
      Did not match:
         - @ConditionalOnClass did not find required class 'kotlin.coroutines.Continuation' (OnClassCondition)

   SpringDocKotlinxConfiguration:
      Did not match:
         - @ConditionalOnClass did not find required class 'kotlinx.coroutines.flow.Flow' (OnClassCondition)

   SpringDocSecurityConfiguration.SpringDocSecurityOAuth2ClientConfiguration:
      Did not match:
         - @ConditionalOnClass did not find required class 'org.springframework.security.oauth2.client.annotation.RegisteredOAuth2AuthorizedClient' (OnClassCondition)

   SpringDocSecurityConfiguration.SpringDocSecurityOAuth2Configuration:
      Did not match:
         - @ConditionalOnClass did not find required class 'org.springframework.security.oauth2.server.authorization.OAuth2AuthorizationService' (OnClassCondition)

   SpringDocSecurityConfiguration.SpringSecurityLoginEndpointConfiguration#springSecurityLoginEndpointCustomizer:
      Did not match:
         - @ConditionalOnProperty (springdoc.show-login-endpoint) did not find property 'springdoc.show-login-endpoint' (OnPropertyCondition)

   SpringDocSortConfiguration#dataRestDelegatingMethodParameterCustomizer:
      Did not match:
         - @ConditionalOnMissingBean (types: org.springdoc.core.customizers.DataRestDelegatingMethodParameterCustomizer; SearchStrategy: all) found beans of type 'org.springdoc.core.customizers.DataRestDelegatingMethodParameterCustomizer' dataRestDelegatingMethodParameterCustomizer (OnBeanCondition)

   SpringDocWebMvcConfiguration.SpringDocWebMvcActuatorConfiguration#actuatorProvider:
      Did not match:
         - @ConditionalOnExpression (#{${springdoc.show-actuator:false} or ${springdoc.use-management-port:false}}) resulted in false (OnExpressionCondition)

   SpringDocWebMvcConfiguration.SpringDocWebMvcActuatorConfiguration#openApiActuatorResource:
      Did not match:
         - @ConditionalOnExpression (#{${springdoc.use-management-port:false} and ${springdoc.enable-default-api-docs:true}}) resulted in false (OnExpressionCondition)

   StackdriverMetricsExportAutoConfiguration:
      Did not match:
         - @ConditionalOnClass did not find required class 'io.micrometer.stackdriver.StackdriverMeterRegistry' (OnClassCondition)

   StartupEndpointAutoConfiguration:
      Did not match:
         - ApplicationStartup configured applicationStartup is of type class org.springframework.core.metrics.DefaultApplicationStartup, expected BufferingApplicationStartup. (StartupEndpointAutoConfiguration.ApplicationStartupCondition)

   StatsdMetricsExportAutoConfiguration:
      Did not match:
         - @ConditionalOnClass did not find required class 'io.micrometer.statsd.StatsdMeterRegistry' (OnClassCondition)

   SwaggerConfig#springWebProvider:
      Did not match:
         - @ConditionalOnMissingBean (types: org.springdoc.core.providers.SpringWebProvider; SearchStrategy: all) found beans of type 'org.springdoc.core.providers.SpringWebProvider' springWebProvider (OnBeanCondition)

   SwaggerConfig#swaggerUiHome:
      Did not match:
         - @ConditionalOnProperty (springdoc.swagger-ui.use-root-path=true) did not find property 'springdoc.swagger-ui.use-root-path' (OnPropertyCondition)

   SwaggerConfig.SwaggerActuatorWelcomeConfiguration:
      Did not match:
         - @ConditionalOnProperty (springdoc.use-management-port) did not find property 'springdoc.use-management-port' (OnPropertyCondition)
      Matched:
         - @ConditionalOnClass found required class 'org.springframework.boot.actuate.endpoint.web.servlet.WebMvcEndpointHandlerMapping' (OnClassCondition)

   TaskExecutorConfigurations.SimpleAsyncTaskExecutorBuilderConfiguration#simpleAsyncTaskExecutorBuilderVirtualThreads:
      Did not match:
         - @ConditionalOnMissingBean (types: org.springframework.boot.task.SimpleAsyncTaskExecutorBuilder; SearchStrategy: all) found beans of type 'org.springframework.boot.task.SimpleAsyncTaskExecutorBuilder' simpleAsyncTaskExecutorBuilder (OnBeanCondition)

   TaskExecutorConfigurations.TaskExecutorConfiguration#applicationTaskExecutorVirtualThreads:
      Did not match:
         - @ConditionalOnThreading did not find VIRTUAL (OnThreadingCondition)

   TaskSchedulingAutoConfiguration#scheduledBeanLazyInitializationExcludeFilter:
      Did not match:
         - @ConditionalOnBean (names: org.springframework.context.annotation.internalScheduledAnnotationProcessor; SearchStrategy: all) did not find any beans named org.springframework.context.annotation.internalScheduledAnnotationProcessor (OnBeanCondition)

   TaskSchedulingConfigurations.SimpleAsyncTaskSchedulerBuilderConfiguration#simpleAsyncTaskSchedulerBuilderVirtualThreads:
      Did not match:
         - @ConditionalOnMissingBean (types: org.springframework.boot.task.SimpleAsyncTaskSchedulerBuilder; SearchStrategy: all) found beans of type 'org.springframework.boot.task.SimpleAsyncTaskSchedulerBuilder' simpleAsyncTaskSchedulerBuilder (OnBeanCondition)

   TaskSchedulingConfigurations.TaskSchedulerConfiguration:
      Did not match:
         - @ConditionalOnBean (names: org.springframework.context.annotation.internalScheduledAnnotationProcessor; SearchStrategy: all) did not find any beans named org.springframework.context.annotation.internalScheduledAnnotationProcessor (OnBeanCondition)

   ThreadDumpEndpointAutoConfiguration:
      Did not match:
         - @ConditionalOnAvailableEndpoint not exposed (OnAvailableEndpointCondition)

   ThymeleafAutoConfiguration:
      Did not match:
         - @ConditionalOnClass did not find required class 'org.thymeleaf.spring6.SpringTemplateEngine' (OnClassCondition)

   TransactionAutoConfiguration#transactionalOperator:
      Did not match:
         - @ConditionalOnSingleCandidate (types: org.springframework.transaction.ReactiveTransactionManager; SearchStrategy: all) did not find any beans (OnBeanCondition)

   TransactionAutoConfiguration.AspectJTransactionManagementConfiguration:
      Did not match:
         - @ConditionalOnBean (types: org.springframework.transaction.aspectj.AbstractTransactionAspect; SearchStrategy: all) did not find any beans of type org.springframework.transaction.aspectj.AbstractTransactionAspect (OnBeanCondition)

   TransactionAutoConfiguration.EnableTransactionManagementConfiguration.JdkDynamicAutoProxyConfiguration:
      Did not match:
         - @ConditionalOnProperty (spring.aop.proxy-target-class=false) did not find property 'proxy-target-class' (OnPropertyCondition)

   UserDetailsServiceAutoConfiguration:
      Did not match:
         - @ConditionalOnMissingBean (types: org.springframework.security.authentication.AuthenticationManager,org.springframework.security.authentication.AuthenticationProvider,org.springframework.security.core.userdetails.UserDetailsService,org.springframework.security.authentication.AuthenticationManagerResolver,org.springframework.security.oauth2.jwt.JwtDecoder; SearchStrategy: all) found beans of type 'org.springframework.security.authentication.AuthenticationManager' authenticationManager and found beans of type 'org.springframework.security.core.userdetails.UserDetailsService' customUserDetailsService (OnBeanCondition)
      Matched:
         - @ConditionalOnClass found required class 'org.springframework.security.authentication.AuthenticationManager' (OnClassCondition)
         - found 'session' scope (OnWebApplicationCondition)
         - AnyNestedCondition 1 matched 2 did not; NestedCondition on UserDetailsServiceAutoConfiguration.MissingAlternativeOrUserPropertiesConfigured.PasswordConfigured @ConditionalOnProperty (spring.security.user.password) did not find property 'password'; NestedCondition on UserDetailsServiceAutoConfiguration.MissingAlternativeOrUserPropertiesConfigured.NameConfigured @ConditionalOnProperty (spring.security.user.name) did not find property 'name'; NestedCondition on UserDetailsServiceAutoConfiguration.MissingAlternativeOrUserPropertiesConfigured.MissingAlternative @ConditionalOnMissingClass did not find unwanted classes 'org.springframework.security.oauth2.client.registration.ClientRegistrationRepository', 'org.springframework.security.oauth2.server.resource.introspection.OpaqueTokenIntrospector', 'org.springframework.security.saml2.provider.service.registration.RelyingPartyRegistrationRepository' (UserDetailsServiceAutoConfiguration.MissingAlternativeOrUserPropertiesConfigured)

   WavefrontAutoConfiguration:
      Did not match:
         - @ConditionalOnClass did not find required class 'com.wavefront.sdk.common.application.ApplicationTags' (OnClassCondition)

   WavefrontMetricsExportAutoConfiguration:
      Did not match:
         - @ConditionalOnClass did not find required class 'com.wavefront.sdk.common.WavefrontSender' (OnClassCondition)

   WavefrontTracingAutoConfiguration:
      Did not match:
         - @ConditionalOnClass did not find required class 'com.wavefront.sdk.common.WavefrontSender' (OnClassCondition)

   WebFluxAutoConfiguration:
      Did not match:
         - not a reactive web application (OnWebApplicationCondition)
      Matched:
         - @ConditionalOnClass found required class 'org.springframework.web.reactive.config.WebFluxConfigurer' (OnClassCondition)

   WebFluxEndpointManagementContextConfiguration:
      Did not match:
         - not a reactive web application (OnWebApplicationCondition)
      Matched:
         - @ConditionalOnClass found required classes 'org.springframework.web.reactive.DispatcherHandler', 'org.springframework.http.server.reactive.HttpHandler' (OnClassCondition)

   WebFluxObservationAutoConfiguration:
      Did not match:
         - not a reactive web application (OnWebApplicationCondition)
      Matched:
         - @ConditionalOnClass found required classes 'io.micrometer.observation.Observation', 'io.micrometer.core.instrument.MeterRegistry' (OnClassCondition)

   WebMvcAutoConfiguration#hiddenHttpMethodFilter:
      Did not match:
         - @ConditionalOnProperty (spring.mvc.hiddenmethod.filter.enabled) did not find property 'enabled' (OnPropertyCondition)

   WebMvcAutoConfiguration.ProblemDetailsErrorHandlingConfiguration:
      Did not match:
         - @ConditionalOnProperty (spring.mvc.problemdetails.enabled=true) did not find property 'enabled' (OnPropertyCondition)

   WebMvcAutoConfiguration.WebMvcAutoConfigurationAdapter#beanNameViewResolver:
      Did not match:
         - @ConditionalOnMissingBean (types: org.springframework.web.servlet.view.BeanNameViewResolver; SearchStrategy: all) found beans of type 'org.springframework.web.servlet.view.BeanNameViewResolver' beanNameViewResolver (OnBeanCondition)

   WebMvcEndpointManagementContextConfiguration#managementHealthEndpointWebMvcHandlerMapping:
      Did not match:
         - Management Port actual port type (SAME) did not match required type (DIFFERENT) (OnManagementPortCondition)

   WebServicesAutoConfiguration#wsdlDefinitionBeanFactoryPostProcessor:
      Did not match:
         - WSDL locations did not find property spring.webservices.wsdl-locations (OnWsdlLocationsCondition)

   WebSessionIdResolverAutoConfiguration:
      Did not match:
         - not a reactive web application (OnWebApplicationCondition)
      Matched:
         - @ConditionalOnClass found required classes 'org.springframework.web.server.session.WebSessionManager', 'reactor.core.publisher.Mono' (OnClassCondition)

   WebSocketMessagingAutoConfiguration:
      Did not match:
         - @ConditionalOnClass did not find required class 'org.springframework.web.socket.config.annotation.WebSocketMessageBrokerConfigurer' (OnClassCondition)

   WebSocketReactiveAutoConfiguration:
      Did not match:
         - not a reactive web application (OnWebApplicationCondition)
      Matched:
         - @ConditionalOnClass found required classes 'jakarta.servlet.Servlet', 'jakarta.websocket.server.ServerContainer' (OnClassCondition)

   WebSocketServletAutoConfiguration.JettyWebSocketConfiguration:
      Did not match:
         - @ConditionalOnClass did not find required class 'org.eclipse.jetty.ee10.websocket.jakarta.server.config.JakartaWebSocketServletContainerInitializer' (OnClassCondition)

   WebSocketServletAutoConfiguration.UndertowWebSocketConfiguration:
      Did not match:
         - @ConditionalOnClass did not find required class 'io.undertow.websockets.jsr.Bootstrap' (OnClassCondition)

   WebTestClientAutoConfiguration#webTestClient:
      Did not match:
         - @ConditionalOnBean (types: org.springframework.web.server.WebHandler; SearchStrategy: all) did not find any beans of type org.springframework.web.server.WebHandler (OnBeanCondition)

   XADataSourceAutoConfiguration:
      Did not match:
         - @ConditionalOnBean (types: org.springframework.boot.jdbc.XADataSourceWrapper; SearchStrategy: all) did not find any beans of type org.springframework.boot.jdbc.XADataSourceWrapper (OnBeanCondition)
      Matched:
         - @ConditionalOnClass found required classes 'javax.sql.DataSource', 'jakarta.transaction.TransactionManager', 'org.springframework.jdbc.datasource.embedded.EmbeddedDatabaseType' (OnClassCondition)

   ZipkinAutoConfiguration:
      Did not match:
         - @ConditionalOnClass did not find required class 'zipkin2.reporter.Encoding' (OnClassCondition)


Exclusions:
-----------

    None


Unconditional classes:
----------------------

    org.springframework.boot.autoconfigure.context.ConfigurationPropertiesAutoConfiguration

    org.springframework.boot.actuate.autoconfigure.availability.AvailabilityHealthContributorAutoConfiguration

    org.springframework.boot.autoconfigure.ssl.SslAutoConfiguration

    org.springframework.boot.actuate.autoconfigure.info.InfoContributorAutoConfiguration

    org.springframework.boot.autoconfigure.context.PropertyPlaceholderAutoConfiguration

    org.springframework.boot.autoconfigure.context.LifecycleAutoConfiguration

    org.springframework.boot.actuate.autoconfigure.metrics.integration.IntegrationMetricsAutoConfiguration

    org.springframework.boot.actuate.autoconfigure.endpoint.EndpointAutoConfiguration

    org.springframework.boot.actuate.autoconfigure.web.server.ManagementContextAutoConfiguration

    org.springframework.boot.actuate.autoconfigure.health.HealthContributorAutoConfiguration

    org.springframework.boot.actuate.autoconfigure.endpoint.jackson.JacksonEndpointAutoConfiguration

    org.springdoc.core.configuration.SpringDocSpecPropertiesConfiguration

    org.springframework.boot.autoconfigure.availability.ApplicationAvailabilityAutoConfiguration

    org.springframework.boot.autoconfigure.info.ProjectInfoAutoConfiguration



2025-07-31 16:26:46.260 [main] INFO  com.example.trainup.controller.AthleteControllerTest - Started AthleteControllerTest in 31.882 seconds (process running for 37.59)
2025-07-31 16:26:46.303 [main] DEBUG org.springframework.boot.availability.ApplicationAvailabilityBean - Application availability state LivenessState changed to CORRECT
2025-07-31 16:26:46.307 [main] DEBUG org.springframework.boot.devtools.restart.Restarter - Creating new Restarter for thread Thread[main,5,main]
2025-07-31 16:26:46.308 [main] DEBUG org.springframework.boot.availability.ApplicationAvailabilityBean - Application availability state ReadinessState changed to ACCEPTING_TRAFFIC
2025-07-31 16:26:46.313 [main] DEBUG org.springframework.test.context.cache - Spring test ApplicationContext cache statistics: [DefaultContextCache@7439940d size = 1, maxSize = 32, parentContextCount = 0, hitCount = 0, missCount = 1, failureCount = 0]
2025-07-31 16:26:46.314 [main] DEBUG org.springframework.test.context.web.ServletTestExecutionListener - Setting up MockHttpServletRequest, MockHttpServletResponse, ServletWebRequest, and RequestContextHolder for test class com.example.trainup.controller.AthleteControllerTest
2025-07-31 16:26:46.337 [main] DEBUG org.springframework.test.context.cache - Spring test ApplicationContext cache statistics: [DefaultContextCache@7439940d size = 1, maxSize = 32, parentContextCount = 0, hitCount = 1, missCount = 1, failureCount = 0]
2025-07-31 16:26:46.339 [main] DEBUG org.springframework.test.context.support.DependencyInjectionTestExecutionListener - Performing dependency injection for test class com.example.trainup.controller.AthleteControllerTest
2025-07-31 16:26:46.339 [main] DEBUG org.springframework.test.context.cache - Spring test ApplicationContext cache statistics: [DefaultContextCache@7439940d size = 1, maxSize = 32, parentContextCount = 0, hitCount = 2, missCount = 1, failureCount = 0]
2025-07-31 16:26:46.343 [main] DEBUG org.springframework.test.context.cache - Spring test ApplicationContext cache statistics: [DefaultContextCache@7439940d size = 1, maxSize = 32, parentContextCount = 0, hitCount = 3, missCount = 1, failureCount = 0]
2025-07-31 16:26:46.351 [main] DEBUG org.springframework.test.context.support.DirtiesContextBeforeModesTestExecutionListener - Before test method: class [AthleteControllerTest], method [updateAthleteById_Self_Success], class annotated with @DirtiesContext [false] with mode [null], method annotated with @DirtiesContext [false] with mode [null]
2025-07-31 16:26:46.357 [main] DEBUG org.springframework.test.context.cache - Spring test ApplicationContext cache statistics: [DefaultContextCache@7439940d size = 1, maxSize = 32, parentContextCount = 0, hitCount = 4, missCount = 1, failureCount = 0]
2025-07-31 16:26:46.369 [main] DEBUG reactor.core.publisher.Hooks - Hooking onLastOperator: org.springframework.security.core.context.SecurityContext
2025-07-31 16:26:46.370 [main] DEBUG org.springframework.test.context.cache - Spring test ApplicationContext cache statistics: [DefaultContextCache@7439940d size = 1, maxSize = 32, parentContextCount = 0, hitCount = 5, missCount = 1, failureCount = 0]
2025-07-31 16:26:46.380 [main] DEBUG org.springframework.test.context.cache - Spring test ApplicationContext cache statistics: [DefaultContextCache@7439940d size = 1, maxSize = 32, parentContextCount = 0, hitCount = 6, missCount = 1, failureCount = 0]
2025-07-31 16:26:46.402 [main] DEBUG org.springframework.test.context.cache - Spring test ApplicationContext cache statistics: [DefaultContextCache@7439940d size = 1, maxSize = 32, parentContextCount = 0, hitCount = 7, missCount = 1, failureCount = 0]
2025-07-31 16:26:46.647 [main] DEBUG org.springframework.test.util.ReflectionTestUtils - Invoking method 'getFilters' on target object [FilterChainProxy[Filter Chains: null]] or target class [null] with arguments {org.springframework.mock.web.MockHttpServletRequest@4752881}
2025-07-31 16:26:46.648 [main] DEBUG org.springframework.test.util.ReflectionTestUtils - Invoking method 'getFilters' on target object [FilterChainProxy[Filter Chains: null]] or target class [null] with arguments {org.springframework.mock.web.MockHttpServletRequest@4752881}
2025-07-31 16:26:46.649 [main] DEBUG org.springframework.test.util.ReflectionTestUtils - Getting field 'securityContextRepository' from target object [org.springframework.security.web.context.SecurityContextHolderFilter@9225384] or target class [class org.springframework.security.web.context.SecurityContextHolderFilter]
2025-07-31 16:26:46.649 [main] DEBUG org.springframework.test.util.ReflectionTestUtils - Invoking method 'getFilters' on target object [FilterChainProxy[Filter Chains: null]] or target class [null] with arguments {org.springframework.mock.web.MockHttpServletRequest@4752881}
2025-07-31 16:26:46.650 [main] DEBUG org.springframework.test.util.ReflectionTestUtils - Invoking method 'getFilters' on target object [FilterChainProxy[Filter Chains: null]] or target class [null] with arguments {org.springframework.mock.web.MockHttpServletRequest@4752881}
2025-07-31 16:26:46.650 [main] DEBUG org.springframework.test.util.ReflectionTestUtils - Setting field 'securityContextRepository' of type [null] on target object [org.springframework.security.web.context.SecurityContextHolderFilter@9225384] or target class [class org.springframework.security.web.context.SecurityContextHolderFilter] to value [org.springframework.security.test.web.servlet.request.SecurityMockMvcRequestPostProcessors$SecurityContextRequestPostProcessorSupport$TestSecurityContextRepository@501b389b]
2025-07-31 16:26:46.698 [main] DEBUG org.springframework.security.web.FilterChainProxy - Securing PATCH /athlete/1
2025-07-31 16:26:46.740 [main] DEBUG org.springframework.security.web.FilterChainProxy - Secured PATCH /athlete/1
2025-07-31 16:26:46.747 [main] DEBUG org.springframework.test.web.servlet.TestDispatcherServlet - PATCH "/athlete/1", parameters={}
2025-07-31 16:26:46.751 [main] DEBUG org.springframework.web.servlet.mvc.method.annotation.RequestMappingHandlerMapping - Mapped to com.example.trainup.controller.AthleteController#updateAthleteById(AthleteUpdateRequestDto, Authentication, Long)
2025-07-31 16:26:46.753 [main] DEBUG org.springframework.orm.jpa.support.OpenEntityManagerInViewInterceptor - Opening JPA EntityManager in OpenEntityManagerInViewInterceptor
2025-07-31 16:26:46.923 [main] DEBUG org.springframework.web.servlet.mvc.method.annotation.RequestResponseBodyMethodProcessor - Read "application/json;charset=UTF-8" to [AthleteUpdateRequestDto[firstName=John, lastName=Smith, gender=MALE, dateOfBirth=1990-01-01, profile (truncated)...]
2025-07-31 16:26:46.949 [main] DEBUG org.springframework.security.authorization.method.AuthorizationManagerBeforeMethodInterceptor - Authorizing method invocation ReflectiveMethodInvocation: public com.example.trainup.dto.users.athlete.AthleteResponseDto com.example.trainup.controller.AthleteController.updateAthleteById(com.example.trainup.dto.users.athlete.AthleteUpdateRequestDto,org.springframework.security.core.Authentication,java.lang.Long); target is of class [com.example.trainup.controller.AthleteController]
2025-07-31 16:26:46.980 [main] DEBUG org.springframework.security.authorization.method.AuthorizationManagerBeforeMethodInterceptor - Authorized method invocation ReflectiveMethodInvocation: public com.example.trainup.dto.users.athlete.AthleteResponseDto com.example.trainup.controller.AthleteController.updateAthleteById(com.example.trainup.dto.users.athlete.AthleteUpdateRequestDto,org.springframework.security.core.Authentication,java.lang.Long); target is of class [com.example.trainup.controller.AthleteController]
2025-07-31 16:26:47.037 [main] INFO  com.example.trainup.controller.AthleteController - Attempting to update athlete with ID: 1 by user: john.doe@example.com
2025-07-31 16:26:47.038 [main] INFO  com.example.trainup.controller.AthleteController - Successfully updated athlete with ID: 1
2025-07-31 16:26:47.059 [main] DEBUG org.springframework.web.servlet.mvc.method.annotation.RequestResponseBodyMethodProcessor - Using 'application/json', given [*/*] and supported [application/json, application/*+json, application/yaml]
2025-07-31 16:26:47.065 [main] DEBUG org.springframework.web.servlet.mvc.method.annotation.RequestResponseBodyMethodProcessor - Writing [AthleteResponseDto[id=1, firstName=John, lastName=Smith, gender=MALE, dateOfBirth=1990-01-01, profil (truncated)...]
2025-07-31 16:26:47.083 [main] DEBUG org.springframework.orm.jpa.support.OpenEntityManagerInViewInterceptor - Closing JPA EntityManager in OpenEntityManagerInViewInterceptor
2025-07-31 16:26:47.084 [main] DEBUG org.springframework.test.web.servlet.TestDispatcherServlet - Completed 200 OK
2025-07-31 16:26:47.298 [main] DEBUG com.jayway.jsonpath.internal.path.CompiledPath - Evaluating path: $['id']
2025-07-31 16:26:47.327 [main] DEBUG com.jayway.jsonpath.internal.path.CompiledPath - Evaluating path: $['id']
2025-07-31 16:26:47.328 [main] DEBUG com.jayway.jsonpath.internal.path.CompiledPath - Evaluating path: $['firstName']
2025-07-31 16:26:47.328 [main] DEBUG com.jayway.jsonpath.internal.path.CompiledPath - Evaluating path: $['lastName']
2025-07-31 16:26:47.331 [main] DEBUG com.jayway.jsonpath.internal.path.CompiledPath - Evaluating path: $['phoneNumbers'][0]
2025-07-31 16:26:47.332 [main] DEBUG com.jayway.jsonpath.internal.path.CompiledPath - Evaluating path: $['sportIds'][0]
2025-07-31 16:26:47.332 [main] DEBUG com.jayway.jsonpath.internal.path.CompiledPath - Evaluating path: $['emailPermission']
2025-07-31 16:26:47.332 [main] DEBUG com.jayway.jsonpath.internal.path.CompiledPath - Evaluating path: $['phonePermission']
2025-07-31 16:26:47.335 [main] DEBUG org.springframework.test.context.cache - Spring test ApplicationContext cache statistics: [DefaultContextCache@7439940d size = 1, maxSize = 32, parentContextCount = 0, hitCount = 8, missCount = 1, failureCount = 0]
2025-07-31 16:26:47.336 [main] DEBUG org.springframework.test.context.cache - Spring test ApplicationContext cache statistics: [DefaultContextCache@7439940d size = 1, maxSize = 32, parentContextCount = 0, hitCount = 9, missCount = 1, failureCount = 0]
2025-07-31 16:26:47.338 [main] DEBUG org.springframework.test.context.cache - Spring test ApplicationContext cache statistics: [DefaultContextCache@7439940d size = 1, maxSize = 32, parentContextCount = 0, hitCount = 10, missCount = 1, failureCount = 0]
2025-07-31 16:26:47.338 [main] DEBUG org.springframework.test.context.cache - Spring test ApplicationContext cache statistics: [DefaultContextCache@7439940d size = 1, maxSize = 32, parentContextCount = 0, hitCount = 11, missCount = 1, failureCount = 0]
2025-07-31 16:26:47.338 [main] DEBUG org.springframework.test.context.cache - Spring test ApplicationContext cache statistics: [DefaultContextCache@7439940d size = 1, maxSize = 32, parentContextCount = 0, hitCount = 12, missCount = 1, failureCount = 0]
2025-07-31 16:26:47.341 [main] DEBUG org.springframework.test.context.cache - Spring test ApplicationContext cache statistics: [DefaultContextCache@7439940d size = 1, maxSize = 32, parentContextCount = 0, hitCount = 13, missCount = 1, failureCount = 0]
2025-07-31 16:26:47.342 [main] DEBUG reactor.core.publisher.Hooks - Reset onLastOperator: org.springframework.security.core.context.SecurityContext
2025-07-31 16:26:47.343 [main] DEBUG org.springframework.test.context.cache - Spring test ApplicationContext cache statistics: [DefaultContextCache@7439940d size = 1, maxSize = 32, parentContextCount = 0, hitCount = 14, missCount = 1, failureCount = 0]
2025-07-31 16:26:47.345 [main] DEBUG org.springframework.test.context.cache - Spring test ApplicationContext cache statistics: [DefaultContextCache@7439940d size = 1, maxSize = 32, parentContextCount = 0, hitCount = 15, missCount = 1, failureCount = 0]
2025-07-31 16:26:47.346 [main] DEBUG org.springframework.test.context.support.DirtiesContextTestExecutionListener - After test method: class [AthleteControllerTest], method [updateAthleteById_Self_Success], class annotated with @DirtiesContext [false] with mode [null], method annotated with @DirtiesContext [false] with mode [null]
2025-07-31 16:26:47.346 [main] DEBUG org.springframework.test.context.web.ServletTestExecutionListener - Resetting RequestContextHolder for test class com.example.trainup.controller.AthleteControllerTest
]]></system-out>
  </testcase>
  <testcase name="getAllAthlete_NonAdmin_403" classname="com.example.trainup.controller.AthleteControllerTest" time="0.087">
    <system-out><![CDATA[2025-07-31 16:26:47.364 [main] DEBUG org.springframework.test.context.cache - Spring test ApplicationContext cache statistics: [DefaultContextCache@7439940d size = 1, maxSize = 32, parentContextCount = 0, hitCount = 16, missCount = 1, failureCount = 0]
2025-07-31 16:26:47.365 [main] DEBUG org.springframework.test.context.web.ServletTestExecutionListener - Setting up MockHttpServletRequest, MockHttpServletResponse, ServletWebRequest, and RequestContextHolder for test class com.example.trainup.controller.AthleteControllerTest
2025-07-31 16:26:47.365 [main] DEBUG org.springframework.test.context.cache - Spring test ApplicationContext cache statistics: [DefaultContextCache@7439940d size = 1, maxSize = 32, parentContextCount = 0, hitCount = 17, missCount = 1, failureCount = 0]
2025-07-31 16:26:47.365 [main] DEBUG org.springframework.test.context.support.DependencyInjectionTestExecutionListener - Performing dependency injection for test class com.example.trainup.controller.AthleteControllerTest
2025-07-31 16:26:47.366 [main] DEBUG org.springframework.test.context.cache - Spring test ApplicationContext cache statistics: [DefaultContextCache@7439940d size = 1, maxSize = 32, parentContextCount = 0, hitCount = 18, missCount = 1, failureCount = 0]
2025-07-31 16:26:47.366 [main] DEBUG org.springframework.test.context.cache - Spring test ApplicationContext cache statistics: [DefaultContextCache@7439940d size = 1, maxSize = 32, parentContextCount = 0, hitCount = 19, missCount = 1, failureCount = 0]
2025-07-31 16:26:47.367 [main] DEBUG org.springframework.test.context.support.DirtiesContextBeforeModesTestExecutionListener - Before test method: class [AthleteControllerTest], method [getAllAthlete_NonAdmin_403], class annotated with @DirtiesContext [false] with mode [null], method annotated with @DirtiesContext [false] with mode [null]
2025-07-31 16:26:47.370 [main] DEBUG org.springframework.test.context.cache - Spring test ApplicationContext cache statistics: [DefaultContextCache@7439940d size = 1, maxSize = 32, parentContextCount = 0, hitCount = 20, missCount = 1, failureCount = 0]
2025-07-31 16:26:47.370 [main] DEBUG reactor.core.publisher.Hooks - Hooking onLastOperator: org.springframework.security.core.context.SecurityContext
2025-07-31 16:26:47.371 [main] DEBUG org.springframework.test.context.cache - Spring test ApplicationContext cache statistics: [DefaultContextCache@7439940d size = 1, maxSize = 32, parentContextCount = 0, hitCount = 21, missCount = 1, failureCount = 0]
2025-07-31 16:26:47.373 [main] DEBUG org.springframework.test.context.cache - Spring test ApplicationContext cache statistics: [DefaultContextCache@7439940d size = 1, maxSize = 32, parentContextCount = 0, hitCount = 22, missCount = 1, failureCount = 0]
2025-07-31 16:26:47.375 [main] DEBUG org.springframework.test.context.cache - Spring test ApplicationContext cache statistics: [DefaultContextCache@7439940d size = 1, maxSize = 32, parentContextCount = 0, hitCount = 23, missCount = 1, failureCount = 0]
2025-07-31 16:26:47.375 [main] DEBUG org.springframework.test.util.ReflectionTestUtils - Invoking method 'getFilters' on target object [FilterChainProxy[Filter Chains: null]] or target class [null] with arguments {org.springframework.mock.web.MockHttpServletRequest@6f7d9af1}
2025-07-31 16:26:47.376 [main] DEBUG org.springframework.test.util.ReflectionTestUtils - Invoking method 'getFilters' on target object [FilterChainProxy[Filter Chains: null]] or target class [null] with arguments {org.springframework.mock.web.MockHttpServletRequest@6f7d9af1}
2025-07-31 16:26:47.376 [main] DEBUG org.springframework.test.util.ReflectionTestUtils - Getting field 'securityContextRepository' from target object [org.springframework.security.web.context.SecurityContextHolderFilter@9225384] or target class [class org.springframework.security.web.context.SecurityContextHolderFilter]
2025-07-31 16:26:47.378 [main] DEBUG org.springframework.security.web.FilterChainProxy - Securing GET /athlete
2025-07-31 16:26:47.380 [main] DEBUG org.springframework.security.web.FilterChainProxy - Secured GET /athlete
2025-07-31 16:26:47.381 [main] DEBUG org.springframework.test.web.servlet.TestDispatcherServlet - GET "/athlete", parameters={}
2025-07-31 16:26:47.382 [main] DEBUG org.springframework.web.servlet.mvc.method.annotation.RequestMappingHandlerMapping - Mapped to com.example.trainup.controller.AthleteController#getAllAthlete(String, String, Gender, LocalDate, Set, Boolean, Boolean, Pageable)
2025-07-31 16:26:47.382 [main] DEBUG org.springframework.orm.jpa.support.OpenEntityManagerInViewInterceptor - Opening JPA EntityManager in OpenEntityManagerInViewInterceptor
2025-07-31 16:26:47.393 [main] DEBUG org.springframework.security.authorization.method.AuthorizationManagerBeforeMethodInterceptor - Authorizing method invocation ReflectiveMethodInvocation: public java.util.List com.example.trainup.controller.AthleteController.getAllAthlete(java.lang.String,java.lang.String,com.example.trainup.model.enums.Gender,java.time.LocalDate,java.util.Set,java.lang.Boolean,java.lang.Boolean,org.springframework.data.domain.Pageable); target is of class [com.example.trainup.controller.AthleteController]
2025-07-31 16:26:47.405 [main] DEBUG org.springframework.security.authorization.method.AuthorizationManagerBeforeMethodInterceptor - Failed to authorize ReflectiveMethodInvocation: public java.util.List com.example.trainup.controller.AthleteController.getAllAthlete(java.lang.String,java.lang.String,com.example.trainup.model.enums.Gender,java.time.LocalDate,java.util.Set,java.lang.Boolean,java.lang.Boolean,org.springframework.data.domain.Pageable); target is of class [com.example.trainup.controller.AthleteController] with authorization manager org.springframework.security.authorization.ObservationAuthorizationManager@48689397 and result ExpressionAuthorizationDecision [granted=false, expressionAttribute=hasRole('ADMIN')]
2025-07-31 16:26:47.413 [main] DEBUG org.springframework.web.servlet.mvc.method.annotation.ExceptionHandlerExceptionResolver - Using @ExceptionHandler com.example.trainup.exception.CustomGlobalExceptionHandler#handleAuthorizationDenied(AuthorizationDeniedException)
2025-07-31 16:26:47.414 [main] DEBUG com.example.trainup.exception.CustomGlobalExceptionHandler - Handling AuthorizationDeniedException: Access Denied
2025-07-31 16:26:47.414 [main] DEBUG com.example.trainup.exception.CustomGlobalExceptionHandler - Building response: status=403 FORBIDDEN, error=Authorization denied, errors=[Access Denied]
2025-07-31 16:26:47.420 [main] DEBUG org.springframework.web.servlet.mvc.method.annotation.HttpEntityMethodProcessor - Found 'Content-Type:application/json' in response
2025-07-31 16:26:47.421 [main] DEBUG org.springframework.web.servlet.mvc.method.annotation.HttpEntityMethodProcessor - Writing [{timestamp=2025-07-31T16:26:47.414476611, error=Authorization denied, errors=[Access Denied]}]
2025-07-31 16:26:47.446 [main] DEBUG org.springframework.web.servlet.mvc.method.annotation.ExceptionHandlerExceptionResolver - Resolved [org.springframework.security.authorization.AuthorizationDeniedException: Access Denied]
2025-07-31 16:26:47.446 [main] DEBUG org.springframework.orm.jpa.support.OpenEntityManagerInViewInterceptor - Closing JPA EntityManager in OpenEntityManagerInViewInterceptor
2025-07-31 16:26:47.446 [main] DEBUG org.springframework.test.web.servlet.TestDispatcherServlet - Completed 403 FORBIDDEN
2025-07-31 16:26:47.448 [main] DEBUG org.springframework.test.context.cache - Spring test ApplicationContext cache statistics: [DefaultContextCache@7439940d size = 1, maxSize = 32, parentContextCount = 0, hitCount = 24, missCount = 1, failureCount = 0]
2025-07-31 16:26:47.448 [main] DEBUG org.springframework.test.context.cache - Spring test ApplicationContext cache statistics: [DefaultContextCache@7439940d size = 1, maxSize = 32, parentContextCount = 0, hitCount = 25, missCount = 1, failureCount = 0]
2025-07-31 16:26:47.450 [main] DEBUG org.springframework.test.context.cache - Spring test ApplicationContext cache statistics: [DefaultContextCache@7439940d size = 1, maxSize = 32, parentContextCount = 0, hitCount = 26, missCount = 1, failureCount = 0]
2025-07-31 16:26:47.450 [main] DEBUG org.springframework.test.context.cache - Spring test ApplicationContext cache statistics: [DefaultContextCache@7439940d size = 1, maxSize = 32, parentContextCount = 0, hitCount = 27, missCount = 1, failureCount = 0]
2025-07-31 16:26:47.450 [main] DEBUG org.springframework.test.context.cache - Spring test ApplicationContext cache statistics: [DefaultContextCache@7439940d size = 1, maxSize = 32, parentContextCount = 0, hitCount = 28, missCount = 1, failureCount = 0]
2025-07-31 16:26:47.452 [main] DEBUG org.springframework.test.context.cache - Spring test ApplicationContext cache statistics: [DefaultContextCache@7439940d size = 1, maxSize = 32, parentContextCount = 0, hitCount = 29, missCount = 1, failureCount = 0]
2025-07-31 16:26:47.453 [main] DEBUG reactor.core.publisher.Hooks - Reset onLastOperator: org.springframework.security.core.context.SecurityContext
2025-07-31 16:26:47.453 [main] DEBUG org.springframework.test.context.cache - Spring test ApplicationContext cache statistics: [DefaultContextCache@7439940d size = 1, maxSize = 32, parentContextCount = 0, hitCount = 30, missCount = 1, failureCount = 0]
2025-07-31 16:26:47.453 [main] DEBUG org.springframework.test.context.cache - Spring test ApplicationContext cache statistics: [DefaultContextCache@7439940d size = 1, maxSize = 32, parentContextCount = 0, hitCount = 31, missCount = 1, failureCount = 0]
2025-07-31 16:26:47.454 [main] DEBUG org.springframework.test.context.support.DirtiesContextTestExecutionListener - After test method: class [AthleteControllerTest], method [getAllAthlete_NonAdmin_403], class annotated with @DirtiesContext [false] with mode [null], method annotated with @DirtiesContext [false] with mode [null]
2025-07-31 16:26:47.454 [main] DEBUG org.springframework.test.context.web.ServletTestExecutionListener - Resetting RequestContextHolder for test class com.example.trainup.controller.AthleteControllerTest
]]></system-out>
  </testcase>
  <testcase name="deleteAthleteById_Admin_Success" classname="com.example.trainup.controller.AthleteControllerTest" time="0.039">
    <system-out><![CDATA[2025-07-31 16:26:47.455 [main] DEBUG org.springframework.test.context.cache - Spring test ApplicationContext cache statistics: [DefaultContextCache@7439940d size = 1, maxSize = 32, parentContextCount = 0, hitCount = 32, missCount = 1, failureCount = 0]
2025-07-31 16:26:47.455 [main] DEBUG org.springframework.test.context.web.ServletTestExecutionListener - Setting up MockHttpServletRequest, MockHttpServletResponse, ServletWebRequest, and RequestContextHolder for test class com.example.trainup.controller.AthleteControllerTest
2025-07-31 16:26:47.456 [main] DEBUG org.springframework.test.context.cache - Spring test ApplicationContext cache statistics: [DefaultContextCache@7439940d size = 1, maxSize = 32, parentContextCount = 0, hitCount = 33, missCount = 1, failureCount = 0]
2025-07-31 16:26:47.456 [main] DEBUG org.springframework.test.context.support.DependencyInjectionTestExecutionListener - Performing dependency injection for test class com.example.trainup.controller.AthleteControllerTest
2025-07-31 16:26:47.456 [main] DEBUG org.springframework.test.context.cache - Spring test ApplicationContext cache statistics: [DefaultContextCache@7439940d size = 1, maxSize = 32, parentContextCount = 0, hitCount = 34, missCount = 1, failureCount = 0]
2025-07-31 16:26:47.457 [main] DEBUG org.springframework.test.context.cache - Spring test ApplicationContext cache statistics: [DefaultContextCache@7439940d size = 1, maxSize = 32, parentContextCount = 0, hitCount = 35, missCount = 1, failureCount = 0]
2025-07-31 16:26:47.458 [main] DEBUG org.springframework.test.context.support.DirtiesContextBeforeModesTestExecutionListener - Before test method: class [AthleteControllerTest], method [deleteAthleteById_Admin_Success], class annotated with @DirtiesContext [false] with mode [null], method annotated with @DirtiesContext [false] with mode [null]
2025-07-31 16:26:47.458 [main] DEBUG org.springframework.test.context.cache - Spring test ApplicationContext cache statistics: [DefaultContextCache@7439940d size = 1, maxSize = 32, parentContextCount = 0, hitCount = 36, missCount = 1, failureCount = 0]
2025-07-31 16:26:47.459 [main] DEBUG reactor.core.publisher.Hooks - Hooking onLastOperator: org.springframework.security.core.context.SecurityContext
2025-07-31 16:26:47.459 [main] DEBUG org.springframework.test.context.cache - Spring test ApplicationContext cache statistics: [DefaultContextCache@7439940d size = 1, maxSize = 32, parentContextCount = 0, hitCount = 37, missCount = 1, failureCount = 0]
2025-07-31 16:26:47.460 [main] DEBUG org.springframework.test.context.cache - Spring test ApplicationContext cache statistics: [DefaultContextCache@7439940d size = 1, maxSize = 32, parentContextCount = 0, hitCount = 38, missCount = 1, failureCount = 0]
2025-07-31 16:26:47.462 [main] DEBUG org.springframework.test.context.cache - Spring test ApplicationContext cache statistics: [DefaultContextCache@7439940d size = 1, maxSize = 32, parentContextCount = 0, hitCount = 39, missCount = 1, failureCount = 0]
2025-07-31 16:26:47.468 [main] DEBUG org.springframework.test.util.ReflectionTestUtils - Invoking method 'getFilters' on target object [FilterChainProxy[Filter Chains: null]] or target class [null] with arguments {org.springframework.mock.web.MockHttpServletRequest@2ef9ab78}
2025-07-31 16:26:47.468 [main] DEBUG org.springframework.test.util.ReflectionTestUtils - Invoking method 'getFilters' on target object [FilterChainProxy[Filter Chains: null]] or target class [null] with arguments {org.springframework.mock.web.MockHttpServletRequest@2ef9ab78}
2025-07-31 16:26:47.469 [main] DEBUG org.springframework.test.util.ReflectionTestUtils - Getting field 'securityContextRepository' from target object [org.springframework.security.web.context.SecurityContextHolderFilter@9225384] or target class [class org.springframework.security.web.context.SecurityContextHolderFilter]
2025-07-31 16:26:47.470 [main] DEBUG org.springframework.security.web.FilterChainProxy - Securing DELETE /athlete/1
2025-07-31 16:26:47.471 [main] DEBUG org.springframework.security.web.FilterChainProxy - Secured DELETE /athlete/1
2025-07-31 16:26:47.472 [main] DEBUG org.springframework.test.web.servlet.TestDispatcherServlet - DELETE "/athlete/1", parameters={}
2025-07-31 16:26:47.473 [main] DEBUG org.springframework.web.servlet.mvc.method.annotation.RequestMappingHandlerMapping - Mapped to com.example.trainup.controller.AthleteController#deleteAthleteById(Long, Authentication)
2025-07-31 16:26:47.473 [main] DEBUG org.springframework.orm.jpa.support.OpenEntityManagerInViewInterceptor - Opening JPA EntityManager in OpenEntityManagerInViewInterceptor
2025-07-31 16:26:47.475 [main] DEBUG org.springframework.security.authorization.method.AuthorizationManagerBeforeMethodInterceptor - Authorizing method invocation ReflectiveMethodInvocation: public org.springframework.http.ResponseEntity com.example.trainup.controller.AthleteController.deleteAthleteById(java.lang.Long,org.springframework.security.core.Authentication); target is of class [com.example.trainup.controller.AthleteController]
2025-07-31 16:26:47.477 [main] DEBUG org.springframework.security.authorization.method.AuthorizationManagerBeforeMethodInterceptor - Authorized method invocation ReflectiveMethodInvocation: public org.springframework.http.ResponseEntity com.example.trainup.controller.AthleteController.deleteAthleteById(java.lang.Long,org.springframework.security.core.Authentication); target is of class [com.example.trainup.controller.AthleteController]
2025-07-31 16:26:47.478 [main] INFO  com.example.trainup.controller.AthleteController - Attempting to delete athlete with ID: 1 by user: admin@example.com
2025-07-31 16:26:47.478 [main] INFO  com.example.trainup.controller.AthleteController - Successfully deleted athlete with ID: 1
2025-07-31 16:26:47.479 [main] DEBUG org.springframework.web.servlet.mvc.method.annotation.HttpEntityMethodProcessor - Using 'application/json', given [*/*] and supported [application/json, application/*+json, application/yaml]
2025-07-31 16:26:47.480 [main] DEBUG org.springframework.web.servlet.mvc.method.annotation.HttpEntityMethodProcessor - Nothing to write: null body
2025-07-31 16:26:47.481 [main] DEBUG org.springframework.orm.jpa.support.OpenEntityManagerInViewInterceptor - Closing JPA EntityManager in OpenEntityManagerInViewInterceptor
2025-07-31 16:26:47.481 [main] DEBUG org.springframework.test.web.servlet.TestDispatcherServlet - Completed 204 NO_CONTENT
2025-07-31 16:26:47.483 [main] DEBUG org.springframework.test.context.cache - Spring test ApplicationContext cache statistics: [DefaultContextCache@7439940d size = 1, maxSize = 32, parentContextCount = 0, hitCount = 40, missCount = 1, failureCount = 0]
2025-07-31 16:26:47.485 [main] DEBUG org.springframework.test.context.cache - Spring test ApplicationContext cache statistics: [DefaultContextCache@7439940d size = 1, maxSize = 32, parentContextCount = 0, hitCount = 41, missCount = 1, failureCount = 0]
2025-07-31 16:26:47.487 [main] DEBUG org.springframework.test.context.cache - Spring test ApplicationContext cache statistics: [DefaultContextCache@7439940d size = 1, maxSize = 32, parentContextCount = 0, hitCount = 42, missCount = 1, failureCount = 0]
2025-07-31 16:26:47.489 [main] DEBUG org.springframework.test.context.cache - Spring test ApplicationContext cache statistics: [DefaultContextCache@7439940d size = 1, maxSize = 32, parentContextCount = 0, hitCount = 43, missCount = 1, failureCount = 0]
2025-07-31 16:26:47.490 [main] DEBUG org.springframework.test.context.cache - Spring test ApplicationContext cache statistics: [DefaultContextCache@7439940d size = 1, maxSize = 32, parentContextCount = 0, hitCount = 44, missCount = 1, failureCount = 0]
2025-07-31 16:26:47.492 [main] DEBUG org.springframework.test.context.cache - Spring test ApplicationContext cache statistics: [DefaultContextCache@7439940d size = 1, maxSize = 32, parentContextCount = 0, hitCount = 45, missCount = 1, failureCount = 0]
2025-07-31 16:26:47.493 [main] DEBUG reactor.core.publisher.Hooks - Reset onLastOperator: org.springframework.security.core.context.SecurityContext
2025-07-31 16:26:47.494 [main] DEBUG org.springframework.test.context.cache - Spring test ApplicationContext cache statistics: [DefaultContextCache@7439940d size = 1, maxSize = 32, parentContextCount = 0, hitCount = 46, missCount = 1, failureCount = 0]
2025-07-31 16:26:47.494 [main] DEBUG org.springframework.test.context.cache - Spring test ApplicationContext cache statistics: [DefaultContextCache@7439940d size = 1, maxSize = 32, parentContextCount = 0, hitCount = 47, missCount = 1, failureCount = 0]
2025-07-31 16:26:47.495 [main] DEBUG org.springframework.test.context.support.DirtiesContextTestExecutionListener - After test method: class [AthleteControllerTest], method [deleteAthleteById_Admin_Success], class annotated with @DirtiesContext [false] with mode [null], method annotated with @DirtiesContext [false] with mode [null]
2025-07-31 16:26:47.495 [main] DEBUG org.springframework.test.context.web.ServletTestExecutionListener - Resetting RequestContextHolder for test class com.example.trainup.controller.AthleteControllerTest
]]></system-out>
  </testcase>
  <testcase name="getAthleteById_Unauthorized_403" classname="com.example.trainup.controller.AthleteControllerTest" time="0.029">
    <system-out><![CDATA[2025-07-31 16:26:47.496 [main] DEBUG org.springframework.test.context.cache - Spring test ApplicationContext cache statistics: [DefaultContextCache@7439940d size = 1, maxSize = 32, parentContextCount = 0, hitCount = 48, missCount = 1, failureCount = 0]
2025-07-31 16:26:47.497 [main] DEBUG org.springframework.test.context.web.ServletTestExecutionListener - Setting up MockHttpServletRequest, MockHttpServletResponse, ServletWebRequest, and RequestContextHolder for test class com.example.trainup.controller.AthleteControllerTest
2025-07-31 16:26:47.498 [main] DEBUG org.springframework.test.context.cache - Spring test ApplicationContext cache statistics: [DefaultContextCache@7439940d size = 1, maxSize = 32, parentContextCount = 0, hitCount = 49, missCount = 1, failureCount = 0]
2025-07-31 16:26:47.499 [main] DEBUG org.springframework.test.context.support.DependencyInjectionTestExecutionListener - Performing dependency injection for test class com.example.trainup.controller.AthleteControllerTest
2025-07-31 16:26:47.499 [main] DEBUG org.springframework.test.context.cache - Spring test ApplicationContext cache statistics: [DefaultContextCache@7439940d size = 1, maxSize = 32, parentContextCount = 0, hitCount = 50, missCount = 1, failureCount = 0]
2025-07-31 16:26:47.500 [main] DEBUG org.springframework.test.context.cache - Spring test ApplicationContext cache statistics: [DefaultContextCache@7439940d size = 1, maxSize = 32, parentContextCount = 0, hitCount = 51, missCount = 1, failureCount = 0]
2025-07-31 16:26:47.501 [main] DEBUG org.springframework.test.context.support.DirtiesContextBeforeModesTestExecutionListener - Before test method: class [AthleteControllerTest], method [getAthleteById_Unauthorized_403], class annotated with @DirtiesContext [false] with mode [null], method annotated with @DirtiesContext [false] with mode [null]
2025-07-31 16:26:47.502 [main] DEBUG org.springframework.test.context.cache - Spring test ApplicationContext cache statistics: [DefaultContextCache@7439940d size = 1, maxSize = 32, parentContextCount = 0, hitCount = 52, missCount = 1, failureCount = 0]
2025-07-31 16:26:47.503 [main] DEBUG reactor.core.publisher.Hooks - Hooking onLastOperator: org.springframework.security.core.context.SecurityContext
2025-07-31 16:26:47.503 [main] DEBUG org.springframework.test.context.cache - Spring test ApplicationContext cache statistics: [DefaultContextCache@7439940d size = 1, maxSize = 32, parentContextCount = 0, hitCount = 53, missCount = 1, failureCount = 0]
2025-07-31 16:26:47.505 [main] DEBUG org.springframework.test.context.cache - Spring test ApplicationContext cache statistics: [DefaultContextCache@7439940d size = 1, maxSize = 32, parentContextCount = 0, hitCount = 54, missCount = 1, failureCount = 0]
2025-07-31 16:26:47.506 [main] DEBUG org.springframework.test.context.cache - Spring test ApplicationContext cache statistics: [DefaultContextCache@7439940d size = 1, maxSize = 32, parentContextCount = 0, hitCount = 55, missCount = 1, failureCount = 0]
2025-07-31 16:26:47.508 [main] DEBUG org.springframework.test.util.ReflectionTestUtils - Invoking method 'getFilters' on target object [FilterChainProxy[Filter Chains: null]] or target class [null] with arguments {org.springframework.mock.web.MockHttpServletRequest@1125dcb7}
2025-07-31 16:26:47.509 [main] DEBUG org.springframework.test.util.ReflectionTestUtils - Invoking method 'getFilters' on target object [FilterChainProxy[Filter Chains: null]] or target class [null] with arguments {org.springframework.mock.web.MockHttpServletRequest@1125dcb7}
2025-07-31 16:26:47.509 [main] DEBUG org.springframework.test.util.ReflectionTestUtils - Getting field 'securityContextRepository' from target object [org.springframework.security.web.context.SecurityContextHolderFilter@9225384] or target class [class org.springframework.security.web.context.SecurityContextHolderFilter]
2025-07-31 16:26:47.511 [main] DEBUG org.springframework.security.web.FilterChainProxy - Securing GET /athlete/1
2025-07-31 16:26:47.512 [main] DEBUG org.springframework.security.web.FilterChainProxy - Secured GET /athlete/1
2025-07-31 16:26:47.513 [main] DEBUG org.springframework.test.web.servlet.TestDispatcherServlet - GET "/athlete/1", parameters={}
2025-07-31 16:26:47.513 [main] DEBUG org.springframework.web.servlet.mvc.method.annotation.RequestMappingHandlerMapping - Mapped to com.example.trainup.controller.AthleteController#getAthleteById(Long, Authentication)
2025-07-31 16:26:47.513 [main] DEBUG org.springframework.orm.jpa.support.OpenEntityManagerInViewInterceptor - Opening JPA EntityManager in OpenEntityManagerInViewInterceptor
2025-07-31 16:26:47.515 [main] DEBUG org.springframework.security.authorization.method.AuthorizationManagerBeforeMethodInterceptor - Authorizing method invocation ReflectiveMethodInvocation: public com.example.trainup.dto.users.athlete.AthleteResponseDto com.example.trainup.controller.AthleteController.getAthleteById(java.lang.Long,org.springframework.security.core.Authentication); target is of class [com.example.trainup.controller.AthleteController]
2025-07-31 16:26:47.517 [main] DEBUG org.springframework.security.authorization.method.AuthorizationManagerBeforeMethodInterceptor - Failed to authorize ReflectiveMethodInvocation: public com.example.trainup.dto.users.athlete.AthleteResponseDto com.example.trainup.controller.AthleteController.getAthleteById(java.lang.Long,org.springframework.security.core.Authentication); target is of class [com.example.trainup.controller.AthleteController] with authorization manager org.springframework.security.authorization.ObservationAuthorizationManager@48689397 and result ExpressionAuthorizationDecision [granted=false, expressionAttribute=hasRole('ADMIN') or @athleteService.canUserModifyAthlete(#authentication, #id)]
2025-07-31 16:26:47.518 [main] DEBUG org.springframework.web.servlet.mvc.method.annotation.ExceptionHandlerExceptionResolver - Using @ExceptionHandler com.example.trainup.exception.CustomGlobalExceptionHandler#handleAuthorizationDenied(AuthorizationDeniedException)
2025-07-31 16:26:47.519 [main] DEBUG com.example.trainup.exception.CustomGlobalExceptionHandler - Handling AuthorizationDeniedException: Access Denied
2025-07-31 16:26:47.519 [main] DEBUG com.example.trainup.exception.CustomGlobalExceptionHandler - Building response: status=403 FORBIDDEN, error=Authorization denied, errors=[Access Denied]
2025-07-31 16:26:47.519 [main] DEBUG org.springframework.web.servlet.mvc.method.annotation.HttpEntityMethodProcessor - Found 'Content-Type:application/json' in response
2025-07-31 16:26:47.520 [main] DEBUG org.springframework.web.servlet.mvc.method.annotation.HttpEntityMethodProcessor - Writing [{timestamp=2025-07-31T16:26:47.519379143, error=Authorization denied, errors=[Access Denied]}]
2025-07-31 16:26:47.520 [main] DEBUG org.springframework.web.servlet.mvc.method.annotation.ExceptionHandlerExceptionResolver - Resolved [org.springframework.security.authorization.AuthorizationDeniedException: Access Denied]
2025-07-31 16:26:47.521 [main] DEBUG org.springframework.orm.jpa.support.OpenEntityManagerInViewInterceptor - Closing JPA EntityManager in OpenEntityManagerInViewInterceptor
2025-07-31 16:26:47.521 [main] DEBUG org.springframework.test.web.servlet.TestDispatcherServlet - Completed 403 FORBIDDEN
2025-07-31 16:26:47.523 [main] DEBUG org.springframework.test.context.cache - Spring test ApplicationContext cache statistics: [DefaultContextCache@7439940d size = 1, maxSize = 32, parentContextCount = 0, hitCount = 56, missCount = 1, failureCount = 0]
2025-07-31 16:26:47.523 [main] DEBUG org.springframework.test.context.cache - Spring test ApplicationContext cache statistics: [DefaultContextCache@7439940d size = 1, maxSize = 32, parentContextCount = 0, hitCount = 57, missCount = 1, failureCount = 0]
2025-07-31 16:26:47.525 [main] DEBUG org.springframework.test.context.cache - Spring test ApplicationContext cache statistics: [DefaultContextCache@7439940d size = 1, maxSize = 32, parentContextCount = 0, hitCount = 58, missCount = 1, failureCount = 0]
2025-07-31 16:26:47.525 [main] DEBUG org.springframework.test.context.cache - Spring test ApplicationContext cache statistics: [DefaultContextCache@7439940d size = 1, maxSize = 32, parentContextCount = 0, hitCount = 59, missCount = 1, failureCount = 0]
2025-07-31 16:26:47.525 [main] DEBUG org.springframework.test.context.cache - Spring test ApplicationContext cache statistics: [DefaultContextCache@7439940d size = 1, maxSize = 32, parentContextCount = 0, hitCount = 60, missCount = 1, failureCount = 0]
2025-07-31 16:26:47.526 [main] DEBUG org.springframework.test.context.cache - Spring test ApplicationContext cache statistics: [DefaultContextCache@7439940d size = 1, maxSize = 32, parentContextCount = 0, hitCount = 61, missCount = 1, failureCount = 0]
2025-07-31 16:26:47.528 [main] DEBUG reactor.core.publisher.Hooks - Reset onLastOperator: org.springframework.security.core.context.SecurityContext
2025-07-31 16:26:47.528 [main] DEBUG org.springframework.test.context.cache - Spring test ApplicationContext cache statistics: [DefaultContextCache@7439940d size = 1, maxSize = 32, parentContextCount = 0, hitCount = 62, missCount = 1, failureCount = 0]
2025-07-31 16:26:47.528 [main] DEBUG org.springframework.test.context.cache - Spring test ApplicationContext cache statistics: [DefaultContextCache@7439940d size = 1, maxSize = 32, parentContextCount = 0, hitCount = 63, missCount = 1, failureCount = 0]
2025-07-31 16:26:47.529 [main] DEBUG org.springframework.test.context.support.DirtiesContextTestExecutionListener - After test method: class [AthleteControllerTest], method [getAthleteById_Unauthorized_403], class annotated with @DirtiesContext [false] with mode [null], method annotated with @DirtiesContext [false] with mode [null]
2025-07-31 16:26:47.529 [main] DEBUG org.springframework.test.context.web.ServletTestExecutionListener - Resetting RequestContextHolder for test class com.example.trainup.controller.AthleteControllerTest
]]></system-out>
  </testcase>
  <testcase name="getAllAthlete_Admin_Success" classname="com.example.trainup.controller.AthleteControllerTest" time="0.05">
    <system-out><![CDATA[2025-07-31 16:26:47.530 [main] DEBUG org.springframework.test.context.cache - Spring test ApplicationContext cache statistics: [DefaultContextCache@7439940d size = 1, maxSize = 32, parentContextCount = 0, hitCount = 64, missCount = 1, failureCount = 0]
2025-07-31 16:26:47.531 [main] DEBUG org.springframework.test.context.web.ServletTestExecutionListener - Setting up MockHttpServletRequest, MockHttpServletResponse, ServletWebRequest, and RequestContextHolder for test class com.example.trainup.controller.AthleteControllerTest
2025-07-31 16:26:47.532 [main] DEBUG org.springframework.test.context.cache - Spring test ApplicationContext cache statistics: [DefaultContextCache@7439940d size = 1, maxSize = 32, parentContextCount = 0, hitCount = 65, missCount = 1, failureCount = 0]
2025-07-31 16:26:47.532 [main] DEBUG org.springframework.test.context.support.DependencyInjectionTestExecutionListener - Performing dependency injection for test class com.example.trainup.controller.AthleteControllerTest
2025-07-31 16:26:47.532 [main] DEBUG org.springframework.test.context.cache - Spring test ApplicationContext cache statistics: [DefaultContextCache@7439940d size = 1, maxSize = 32, parentContextCount = 0, hitCount = 66, missCount = 1, failureCount = 0]
2025-07-31 16:26:47.532 [main] DEBUG org.springframework.test.context.cache - Spring test ApplicationContext cache statistics: [DefaultContextCache@7439940d size = 1, maxSize = 32, parentContextCount = 0, hitCount = 67, missCount = 1, failureCount = 0]
2025-07-31 16:26:47.533 [main] DEBUG org.springframework.test.context.support.DirtiesContextBeforeModesTestExecutionListener - Before test method: class [AthleteControllerTest], method [getAllAthlete_Admin_Success], class annotated with @DirtiesContext [false] with mode [null], method annotated with @DirtiesContext [false] with mode [null]
2025-07-31 16:26:47.533 [main] DEBUG org.springframework.test.context.cache - Spring test ApplicationContext cache statistics: [DefaultContextCache@7439940d size = 1, maxSize = 32, parentContextCount = 0, hitCount = 68, missCount = 1, failureCount = 0]
2025-07-31 16:26:47.534 [main] DEBUG reactor.core.publisher.Hooks - Hooking onLastOperator: org.springframework.security.core.context.SecurityContext
2025-07-31 16:26:47.535 [main] DEBUG org.springframework.test.context.cache - Spring test ApplicationContext cache statistics: [DefaultContextCache@7439940d size = 1, maxSize = 32, parentContextCount = 0, hitCount = 69, missCount = 1, failureCount = 0]
2025-07-31 16:26:47.536 [main] DEBUG org.springframework.test.context.cache - Spring test ApplicationContext cache statistics: [DefaultContextCache@7439940d size = 1, maxSize = 32, parentContextCount = 0, hitCount = 70, missCount = 1, failureCount = 0]
2025-07-31 16:26:47.538 [main] DEBUG org.springframework.test.context.cache - Spring test ApplicationContext cache statistics: [DefaultContextCache@7439940d size = 1, maxSize = 32, parentContextCount = 0, hitCount = 71, missCount = 1, failureCount = 0]
2025-07-31 16:26:47.541 [main] DEBUG org.springframework.test.util.ReflectionTestUtils - Invoking method 'getFilters' on target object [FilterChainProxy[Filter Chains: null]] or target class [null] with arguments {org.springframework.mock.web.MockHttpServletRequest@c3c534}
2025-07-31 16:26:47.541 [main] DEBUG org.springframework.test.util.ReflectionTestUtils - Invoking method 'getFilters' on target object [FilterChainProxy[Filter Chains: null]] or target class [null] with arguments {org.springframework.mock.web.MockHttpServletRequest@c3c534}
2025-07-31 16:26:47.542 [main] DEBUG org.springframework.test.util.ReflectionTestUtils - Getting field 'securityContextRepository' from target object [org.springframework.security.web.context.SecurityContextHolderFilter@9225384] or target class [class org.springframework.security.web.context.SecurityContextHolderFilter]
2025-07-31 16:26:47.544 [main] DEBUG org.springframework.security.web.FilterChainProxy - Securing GET /athlete
2025-07-31 16:26:47.547 [main] DEBUG org.springframework.security.web.FilterChainProxy - Secured GET /athlete
2025-07-31 16:26:47.549 [main] DEBUG org.springframework.test.web.servlet.TestDispatcherServlet - GET "/athlete", parameters={masked}
2025-07-31 16:26:47.549 [main] DEBUG org.springframework.web.servlet.mvc.method.annotation.RequestMappingHandlerMapping - Mapped to com.example.trainup.controller.AthleteController#getAllAthlete(String, String, Gender, LocalDate, Set, Boolean, Boolean, Pageable)
2025-07-31 16:26:47.550 [main] DEBUG org.springframework.orm.jpa.support.OpenEntityManagerInViewInterceptor - Opening JPA EntityManager in OpenEntityManagerInViewInterceptor
2025-07-31 16:26:47.565 [main] DEBUG org.springframework.security.authorization.method.AuthorizationManagerBeforeMethodInterceptor - Authorizing method invocation ReflectiveMethodInvocation: public java.util.List com.example.trainup.controller.AthleteController.getAllAthlete(java.lang.String,java.lang.String,com.example.trainup.model.enums.Gender,java.time.LocalDate,java.util.Set,java.lang.Boolean,java.lang.Boolean,org.springframework.data.domain.Pageable); target is of class [com.example.trainup.controller.AthleteController]
2025-07-31 16:26:47.566 [main] DEBUG org.springframework.security.authorization.method.AuthorizationManagerBeforeMethodInterceptor - Authorized method invocation ReflectiveMethodInvocation: public java.util.List com.example.trainup.controller.AthleteController.getAllAthlete(java.lang.String,java.lang.String,com.example.trainup.model.enums.Gender,java.time.LocalDate,java.util.Set,java.lang.Boolean,java.lang.Boolean,org.springframework.data.domain.Pageable); target is of class [com.example.trainup.controller.AthleteController]
2025-07-31 16:26:47.567 [main] INFO  com.example.trainup.controller.AthleteController - Attempting to retrieve all athletes with filter: firstName=John, lastName=null, gender=MALE, dateOfBirth=null, sportIds=[1], emailPermission=true, phonePermission=null
2025-07-31 16:26:47.567 [main] INFO  com.example.trainup.controller.AthleteController - Successfully retrieved 1 athletes with specified criteria.
2025-07-31 16:26:47.569 [main] DEBUG org.springframework.web.servlet.mvc.method.annotation.RequestResponseBodyMethodProcessor - Using 'application/json', given [*/*] and supported [application/json, application/*+json, application/yaml]
2025-07-31 16:26:47.571 [main] DEBUG org.springframework.web.servlet.mvc.method.annotation.RequestResponseBodyMethodProcessor - Writing [[AthleteResponseDto[id=1, firstName=John, lastName=Doe, gender=MALE, dateOfBirth=1990-01-01, profile (truncated)...]
2025-07-31 16:26:47.572 [main] DEBUG org.springframework.orm.jpa.support.OpenEntityManagerInViewInterceptor - Closing JPA EntityManager in OpenEntityManagerInViewInterceptor
2025-07-31 16:26:47.573 [main] DEBUG org.springframework.test.web.servlet.TestDispatcherServlet - Completed 200 OK
2025-07-31 16:26:47.575 [main] DEBUG com.jayway.jsonpath.internal.path.CompiledPath - Evaluating path: $[0]['id']
2025-07-31 16:26:47.575 [main] DEBUG com.jayway.jsonpath.internal.path.CompiledPath - Evaluating path: $[0]['id']
2025-07-31 16:26:47.576 [main] DEBUG com.jayway.jsonpath.internal.path.CompiledPath - Evaluating path: $[0]['firstName']
2025-07-31 16:26:47.576 [main] DEBUG com.jayway.jsonpath.internal.path.CompiledPath - Evaluating path: $[0]['email']
2025-07-31 16:26:47.576 [main] DEBUG com.jayway.jsonpath.internal.path.CompiledPath - Evaluating path: $[0]['phoneNumbers'][0]
2025-07-31 16:26:47.577 [main] DEBUG com.jayway.jsonpath.internal.path.CompiledPath - Evaluating path: $[0]['sportIds'][0]
2025-07-31 16:26:47.577 [main] DEBUG org.springframework.test.context.cache - Spring test ApplicationContext cache statistics: [DefaultContextCache@7439940d size = 1, maxSize = 32, parentContextCount = 0, hitCount = 72, missCount = 1, failureCount = 0]
2025-07-31 16:26:47.578 [main] DEBUG org.springframework.test.context.cache - Spring test ApplicationContext cache statistics: [DefaultContextCache@7439940d size = 1, maxSize = 32, parentContextCount = 0, hitCount = 73, missCount = 1, failureCount = 0]
2025-07-31 16:26:47.579 [main] DEBUG org.springframework.test.context.cache - Spring test ApplicationContext cache statistics: [DefaultContextCache@7439940d size = 1, maxSize = 32, parentContextCount = 0, hitCount = 74, missCount = 1, failureCount = 0]
2025-07-31 16:26:47.579 [main] DEBUG org.springframework.test.context.cache - Spring test ApplicationContext cache statistics: [DefaultContextCache@7439940d size = 1, maxSize = 32, parentContextCount = 0, hitCount = 75, missCount = 1, failureCount = 0]
2025-07-31 16:26:47.579 [main] DEBUG org.springframework.test.context.cache - Spring test ApplicationContext cache statistics: [DefaultContextCache@7439940d size = 1, maxSize = 32, parentContextCount = 0, hitCount = 76, missCount = 1, failureCount = 0]
2025-07-31 16:26:47.580 [main] DEBUG org.springframework.test.context.cache - Spring test ApplicationContext cache statistics: [DefaultContextCache@7439940d size = 1, maxSize = 32, parentContextCount = 0, hitCount = 77, missCount = 1, failureCount = 0]
2025-07-31 16:26:47.581 [main] DEBUG reactor.core.publisher.Hooks - Reset onLastOperator: org.springframework.security.core.context.SecurityContext
2025-07-31 16:26:47.581 [main] DEBUG org.springframework.test.context.cache - Spring test ApplicationContext cache statistics: [DefaultContextCache@7439940d size = 1, maxSize = 32, parentContextCount = 0, hitCount = 78, missCount = 1, failureCount = 0]
2025-07-31 16:26:47.582 [main] DEBUG org.springframework.test.context.cache - Spring test ApplicationContext cache statistics: [DefaultContextCache@7439940d size = 1, maxSize = 32, parentContextCount = 0, hitCount = 79, missCount = 1, failureCount = 0]
2025-07-31 16:26:47.582 [main] DEBUG org.springframework.test.context.support.DirtiesContextTestExecutionListener - After test method: class [AthleteControllerTest], method [getAllAthlete_Admin_Success], class annotated with @DirtiesContext [false] with mode [null], method annotated with @DirtiesContext [false] with mode [null]
2025-07-31 16:26:47.582 [main] DEBUG org.springframework.test.context.web.ServletTestExecutionListener - Resetting RequestContextHolder for test class com.example.trainup.controller.AthleteControllerTest
]]></system-out>
  </testcase>
  <testcase name="getAthleteById_Self_Success" classname="com.example.trainup.controller.AthleteControllerTest" time="0.028">
    <system-out><![CDATA[2025-07-31 16:26:47.583 [main] DEBUG org.springframework.test.context.cache - Spring test ApplicationContext cache statistics: [DefaultContextCache@7439940d size = 1, maxSize = 32, parentContextCount = 0, hitCount = 80, missCount = 1, failureCount = 0]
2025-07-31 16:26:47.583 [main] DEBUG org.springframework.test.context.web.ServletTestExecutionListener - Setting up MockHttpServletRequest, MockHttpServletResponse, ServletWebRequest, and RequestContextHolder for test class com.example.trainup.controller.AthleteControllerTest
2025-07-31 16:26:47.584 [main] DEBUG org.springframework.test.context.cache - Spring test ApplicationContext cache statistics: [DefaultContextCache@7439940d size = 1, maxSize = 32, parentContextCount = 0, hitCount = 81, missCount = 1, failureCount = 0]
2025-07-31 16:26:47.584 [main] DEBUG org.springframework.test.context.support.DependencyInjectionTestExecutionListener - Performing dependency injection for test class com.example.trainup.controller.AthleteControllerTest
2025-07-31 16:26:47.584 [main] DEBUG org.springframework.test.context.cache - Spring test ApplicationContext cache statistics: [DefaultContextCache@7439940d size = 1, maxSize = 32, parentContextCount = 0, hitCount = 82, missCount = 1, failureCount = 0]
2025-07-31 16:26:47.585 [main] DEBUG org.springframework.test.context.cache - Spring test ApplicationContext cache statistics: [DefaultContextCache@7439940d size = 1, maxSize = 32, parentContextCount = 0, hitCount = 83, missCount = 1, failureCount = 0]
2025-07-31 16:26:47.586 [main] DEBUG org.springframework.test.context.support.DirtiesContextBeforeModesTestExecutionListener - Before test method: class [AthleteControllerTest], method [getAthleteById_Self_Success], class annotated with @DirtiesContext [false] with mode [null], method annotated with @DirtiesContext [false] with mode [null]
2025-07-31 16:26:47.586 [main] DEBUG org.springframework.test.context.cache - Spring test ApplicationContext cache statistics: [DefaultContextCache@7439940d size = 1, maxSize = 32, parentContextCount = 0, hitCount = 84, missCount = 1, failureCount = 0]
2025-07-31 16:26:47.586 [main] DEBUG reactor.core.publisher.Hooks - Hooking onLastOperator: org.springframework.security.core.context.SecurityContext
2025-07-31 16:26:47.587 [main] DEBUG org.springframework.test.context.cache - Spring test ApplicationContext cache statistics: [DefaultContextCache@7439940d size = 1, maxSize = 32, parentContextCount = 0, hitCount = 85, missCount = 1, failureCount = 0]
2025-07-31 16:26:47.588 [main] DEBUG org.springframework.test.context.cache - Spring test ApplicationContext cache statistics: [DefaultContextCache@7439940d size = 1, maxSize = 32, parentContextCount = 0, hitCount = 86, missCount = 1, failureCount = 0]
2025-07-31 16:26:47.590 [main] DEBUG org.springframework.test.context.cache - Spring test ApplicationContext cache statistics: [DefaultContextCache@7439940d size = 1, maxSize = 32, parentContextCount = 0, hitCount = 87, missCount = 1, failureCount = 0]
2025-07-31 16:26:47.592 [main] DEBUG org.springframework.test.util.ReflectionTestUtils - Invoking method 'getFilters' on target object [FilterChainProxy[Filter Chains: null]] or target class [null] with arguments {org.springframework.mock.web.MockHttpServletRequest@71203870}
2025-07-31 16:26:47.592 [main] DEBUG org.springframework.test.util.ReflectionTestUtils - Invoking method 'getFilters' on target object [FilterChainProxy[Filter Chains: null]] or target class [null] with arguments {org.springframework.mock.web.MockHttpServletRequest@71203870}
2025-07-31 16:26:47.592 [main] DEBUG org.springframework.test.util.ReflectionTestUtils - Getting field 'securityContextRepository' from target object [org.springframework.security.web.context.SecurityContextHolderFilter@9225384] or target class [class org.springframework.security.web.context.SecurityContextHolderFilter]
2025-07-31 16:26:47.594 [main] DEBUG org.springframework.security.web.FilterChainProxy - Securing GET /athlete/1
2025-07-31 16:26:47.595 [main] DEBUG org.springframework.security.web.FilterChainProxy - Secured GET /athlete/1
2025-07-31 16:26:47.596 [main] DEBUG org.springframework.test.web.servlet.TestDispatcherServlet - GET "/athlete/1", parameters={}
2025-07-31 16:26:47.597 [main] DEBUG org.springframework.web.servlet.mvc.method.annotation.RequestMappingHandlerMapping - Mapped to com.example.trainup.controller.AthleteController#getAthleteById(Long, Authentication)
2025-07-31 16:26:47.597 [main] DEBUG org.springframework.orm.jpa.support.OpenEntityManagerInViewInterceptor - Opening JPA EntityManager in OpenEntityManagerInViewInterceptor
2025-07-31 16:26:47.598 [main] DEBUG org.springframework.security.authorization.method.AuthorizationManagerBeforeMethodInterceptor - Authorizing method invocation ReflectiveMethodInvocation: public com.example.trainup.dto.users.athlete.AthleteResponseDto com.example.trainup.controller.AthleteController.getAthleteById(java.lang.Long,org.springframework.security.core.Authentication); target is of class [com.example.trainup.controller.AthleteController]
2025-07-31 16:26:47.599 [main] DEBUG org.springframework.security.authorization.method.AuthorizationManagerBeforeMethodInterceptor - Authorized method invocation ReflectiveMethodInvocation: public com.example.trainup.dto.users.athlete.AthleteResponseDto com.example.trainup.controller.AthleteController.getAthleteById(java.lang.Long,org.springframework.security.core.Authentication); target is of class [com.example.trainup.controller.AthleteController]
2025-07-31 16:26:47.600 [main] INFO  com.example.trainup.controller.AthleteController - Attempting to retrieve athlete with ID: 1 by user: john.doe@example.com
2025-07-31 16:26:47.600 [main] INFO  com.example.trainup.controller.AthleteController - Successfully retrieved athlete with ID: 1
2025-07-31 16:26:47.601 [main] DEBUG org.springframework.web.servlet.mvc.method.annotation.RequestResponseBodyMethodProcessor - Using 'application/json', given [*/*] and supported [application/json, application/*+json, application/yaml]
2025-07-31 16:26:47.601 [main] DEBUG org.springframework.web.servlet.mvc.method.annotation.RequestResponseBodyMethodProcessor - Writing [AthleteResponseDto[id=1, firstName=John, lastName=Doe, gender=MALE, dateOfBirth=1990-01-01, profileI (truncated)...]
2025-07-31 16:26:47.602 [main] DEBUG org.springframework.orm.jpa.support.OpenEntityManagerInViewInterceptor - Closing JPA EntityManager in OpenEntityManagerInViewInterceptor
2025-07-31 16:26:47.602 [main] DEBUG org.springframework.test.web.servlet.TestDispatcherServlet - Completed 200 OK
2025-07-31 16:26:47.604 [main] DEBUG com.jayway.jsonpath.internal.path.CompiledPath - Evaluating path: $['id']
2025-07-31 16:26:47.604 [main] DEBUG com.jayway.jsonpath.internal.path.CompiledPath - Evaluating path: $['id']
2025-07-31 16:26:47.604 [main] DEBUG com.jayway.jsonpath.internal.path.CompiledPath - Evaluating path: $['firstName']
2025-07-31 16:26:47.604 [main] DEBUG com.jayway.jsonpath.internal.path.CompiledPath - Evaluating path: $['email']
2025-07-31 16:26:47.605 [main] DEBUG com.jayway.jsonpath.internal.path.CompiledPath - Evaluating path: $['phoneNumbers'][0]
2025-07-31 16:26:47.606 [main] DEBUG org.springframework.test.context.cache - Spring test ApplicationContext cache statistics: [DefaultContextCache@7439940d size = 1, maxSize = 32, parentContextCount = 0, hitCount = 88, missCount = 1, failureCount = 0]
2025-07-31 16:26:47.606 [main] DEBUG org.springframework.test.context.cache - Spring test ApplicationContext cache statistics: [DefaultContextCache@7439940d size = 1, maxSize = 32, parentContextCount = 0, hitCount = 89, missCount = 1, failureCount = 0]
2025-07-31 16:26:47.607 [main] DEBUG org.springframework.test.context.cache - Spring test ApplicationContext cache statistics: [DefaultContextCache@7439940d size = 1, maxSize = 32, parentContextCount = 0, hitCount = 90, missCount = 1, failureCount = 0]
2025-07-31 16:26:47.608 [main] DEBUG org.springframework.test.context.cache - Spring test ApplicationContext cache statistics: [DefaultContextCache@7439940d size = 1, maxSize = 32, parentContextCount = 0, hitCount = 91, missCount = 1, failureCount = 0]
2025-07-31 16:26:47.608 [main] DEBUG org.springframework.test.context.cache - Spring test ApplicationContext cache statistics: [DefaultContextCache@7439940d size = 1, maxSize = 32, parentContextCount = 0, hitCount = 92, missCount = 1, failureCount = 0]
2025-07-31 16:26:47.610 [main] DEBUG org.springframework.test.context.cache - Spring test ApplicationContext cache statistics: [DefaultContextCache@7439940d size = 1, maxSize = 32, parentContextCount = 0, hitCount = 93, missCount = 1, failureCount = 0]
2025-07-31 16:26:47.611 [main] DEBUG reactor.core.publisher.Hooks - Reset onLastOperator: org.springframework.security.core.context.SecurityContext
2025-07-31 16:26:47.612 [main] DEBUG org.springframework.test.context.cache - Spring test ApplicationContext cache statistics: [DefaultContextCache@7439940d size = 1, maxSize = 32, parentContextCount = 0, hitCount = 94, missCount = 1, failureCount = 0]
2025-07-31 16:26:47.612 [main] DEBUG org.springframework.test.context.cache - Spring test ApplicationContext cache statistics: [DefaultContextCache@7439940d size = 1, maxSize = 32, parentContextCount = 0, hitCount = 95, missCount = 1, failureCount = 0]
2025-07-31 16:26:47.612 [main] DEBUG org.springframework.test.context.support.DirtiesContextTestExecutionListener - After test method: class [AthleteControllerTest], method [getAthleteById_Self_Success], class annotated with @DirtiesContext [false] with mode [null], method annotated with @DirtiesContext [false] with mode [null]
2025-07-31 16:26:47.612 [main] DEBUG org.springframework.test.context.web.ServletTestExecutionListener - Resetting RequestContextHolder for test class com.example.trainup.controller.AthleteControllerTest
]]></system-out>
  </testcase>
  <testcase name="updateAthleteById_Unauthorized_403" classname="com.example.trainup.controller.AthleteControllerTest" time="0.027">
    <system-out><![CDATA[2025-07-31 16:26:47.613 [main] DEBUG org.springframework.test.context.cache - Spring test ApplicationContext cache statistics: [DefaultContextCache@7439940d size = 1, maxSize = 32, parentContextCount = 0, hitCount = 96, missCount = 1, failureCount = 0]
2025-07-31 16:26:47.613 [main] DEBUG org.springframework.test.context.web.ServletTestExecutionListener - Setting up MockHttpServletRequest, MockHttpServletResponse, ServletWebRequest, and RequestContextHolder for test class com.example.trainup.controller.AthleteControllerTest
2025-07-31 16:26:47.614 [main] DEBUG org.springframework.test.context.cache - Spring test ApplicationContext cache statistics: [DefaultContextCache@7439940d size = 1, maxSize = 32, parentContextCount = 0, hitCount = 97, missCount = 1, failureCount = 0]
2025-07-31 16:26:47.614 [main] DEBUG org.springframework.test.context.support.DependencyInjectionTestExecutionListener - Performing dependency injection for test class com.example.trainup.controller.AthleteControllerTest
2025-07-31 16:26:47.614 [main] DEBUG org.springframework.test.context.cache - Spring test ApplicationContext cache statistics: [DefaultContextCache@7439940d size = 1, maxSize = 32, parentContextCount = 0, hitCount = 98, missCount = 1, failureCount = 0]
2025-07-31 16:26:47.615 [main] DEBUG org.springframework.test.context.cache - Spring test ApplicationContext cache statistics: [DefaultContextCache@7439940d size = 1, maxSize = 32, parentContextCount = 0, hitCount = 99, missCount = 1, failureCount = 0]
2025-07-31 16:26:47.616 [main] DEBUG org.springframework.test.context.support.DirtiesContextBeforeModesTestExecutionListener - Before test method: class [AthleteControllerTest], method [updateAthleteById_Unauthorized_403], class annotated with @DirtiesContext [false] with mode [null], method annotated with @DirtiesContext [false] with mode [null]
2025-07-31 16:26:47.616 [main] DEBUG org.springframework.test.context.cache - Spring test ApplicationContext cache statistics: [DefaultContextCache@7439940d size = 1, maxSize = 32, parentContextCount = 0, hitCount = 100, missCount = 1, failureCount = 0]
2025-07-31 16:26:47.617 [main] DEBUG reactor.core.publisher.Hooks - Hooking onLastOperator: org.springframework.security.core.context.SecurityContext
2025-07-31 16:26:47.617 [main] DEBUG org.springframework.test.context.cache - Spring test ApplicationContext cache statistics: [DefaultContextCache@7439940d size = 1, maxSize = 32, parentContextCount = 0, hitCount = 101, missCount = 1, failureCount = 0]
2025-07-31 16:26:47.618 [main] DEBUG org.springframework.test.context.cache - Spring test ApplicationContext cache statistics: [DefaultContextCache@7439940d size = 1, maxSize = 32, parentContextCount = 0, hitCount = 102, missCount = 1, failureCount = 0]
2025-07-31 16:26:47.620 [main] DEBUG org.springframework.test.context.cache - Spring test ApplicationContext cache statistics: [DefaultContextCache@7439940d size = 1, maxSize = 32, parentContextCount = 0, hitCount = 103, missCount = 1, failureCount = 0]
2025-07-31 16:26:47.621 [main] DEBUG org.springframework.test.util.ReflectionTestUtils - Invoking method 'getFilters' on target object [FilterChainProxy[Filter Chains: null]] or target class [null] with arguments {org.springframework.mock.web.MockHttpServletRequest@6e9595a6}
2025-07-31 16:26:47.621 [main] DEBUG org.springframework.test.util.ReflectionTestUtils - Invoking method 'getFilters' on target object [FilterChainProxy[Filter Chains: null]] or target class [null] with arguments {org.springframework.mock.web.MockHttpServletRequest@6e9595a6}
2025-07-31 16:26:47.622 [main] DEBUG org.springframework.test.util.ReflectionTestUtils - Getting field 'securityContextRepository' from target object [org.springframework.security.web.context.SecurityContextHolderFilter@9225384] or target class [class org.springframework.security.web.context.SecurityContextHolderFilter]
2025-07-31 16:26:47.623 [main] DEBUG org.springframework.security.web.FilterChainProxy - Securing PATCH /athlete/1
2025-07-31 16:26:47.625 [main] DEBUG org.springframework.security.web.FilterChainProxy - Secured PATCH /athlete/1
2025-07-31 16:26:47.626 [main] DEBUG org.springframework.test.web.servlet.TestDispatcherServlet - PATCH "/athlete/1", parameters={}
2025-07-31 16:26:47.626 [main] DEBUG org.springframework.web.servlet.mvc.method.annotation.RequestMappingHandlerMapping - Mapped to com.example.trainup.controller.AthleteController#updateAthleteById(AthleteUpdateRequestDto, Authentication, Long)
2025-07-31 16:26:47.627 [main] DEBUG org.springframework.orm.jpa.support.OpenEntityManagerInViewInterceptor - Opening JPA EntityManager in OpenEntityManagerInViewInterceptor
2025-07-31 16:26:47.628 [main] DEBUG org.springframework.web.servlet.mvc.method.annotation.RequestResponseBodyMethodProcessor - Read "application/json;charset=UTF-8" to [AthleteUpdateRequestDto[firstName=John, lastName=Smith, gender=MALE, dateOfBirth=1990-01-01, profile (truncated)...]
2025-07-31 16:26:47.629 [main] DEBUG org.springframework.security.authorization.method.AuthorizationManagerBeforeMethodInterceptor - Authorizing method invocation ReflectiveMethodInvocation: public com.example.trainup.dto.users.athlete.AthleteResponseDto com.example.trainup.controller.AthleteController.updateAthleteById(com.example.trainup.dto.users.athlete.AthleteUpdateRequestDto,org.springframework.security.core.Authentication,java.lang.Long); target is of class [com.example.trainup.controller.AthleteController]
2025-07-31 16:26:47.631 [main] DEBUG org.springframework.security.authorization.method.AuthorizationManagerBeforeMethodInterceptor - Failed to authorize ReflectiveMethodInvocation: public com.example.trainup.dto.users.athlete.AthleteResponseDto com.example.trainup.controller.AthleteController.updateAthleteById(com.example.trainup.dto.users.athlete.AthleteUpdateRequestDto,org.springframework.security.core.Authentication,java.lang.Long); target is of class [com.example.trainup.controller.AthleteController] with authorization manager org.springframework.security.authorization.ObservationAuthorizationManager@48689397 and result ExpressionAuthorizationDecision [granted=false, expressionAttribute=@athleteService.canUserModifyAthlete(#authentication, #id)]
2025-07-31 16:26:47.632 [main] DEBUG org.springframework.web.servlet.mvc.method.annotation.ExceptionHandlerExceptionResolver - Using @ExceptionHandler com.example.trainup.exception.CustomGlobalExceptionHandler#handleAuthorizationDenied(AuthorizationDeniedException)
2025-07-31 16:26:47.632 [main] DEBUG com.example.trainup.exception.CustomGlobalExceptionHandler - Handling AuthorizationDeniedException: Access Denied
2025-07-31 16:26:47.632 [main] DEBUG com.example.trainup.exception.CustomGlobalExceptionHandler - Building response: status=403 FORBIDDEN, error=Authorization denied, errors=[Access Denied]
2025-07-31 16:26:47.632 [main] DEBUG org.springframework.web.servlet.mvc.method.annotation.HttpEntityMethodProcessor - Found 'Content-Type:application/json' in response
2025-07-31 16:26:47.633 [main] DEBUG org.springframework.web.servlet.mvc.method.annotation.HttpEntityMethodProcessor - Writing [{timestamp=2025-07-31T16:26:47.632500942, error=Authorization denied, errors=[Access Denied]}]
2025-07-31 16:26:47.633 [main] DEBUG org.springframework.web.servlet.mvc.method.annotation.ExceptionHandlerExceptionResolver - Resolved [org.springframework.security.authorization.AuthorizationDeniedException: Access Denied]
2025-07-31 16:26:47.633 [main] DEBUG org.springframework.orm.jpa.support.OpenEntityManagerInViewInterceptor - Closing JPA EntityManager in OpenEntityManagerInViewInterceptor
2025-07-31 16:26:47.634 [main] DEBUG org.springframework.test.web.servlet.TestDispatcherServlet - Completed 403 FORBIDDEN
2025-07-31 16:26:47.635 [main] DEBUG org.springframework.test.context.cache - Spring test ApplicationContext cache statistics: [DefaultContextCache@7439940d size = 1, maxSize = 32, parentContextCount = 0, hitCount = 104, missCount = 1, failureCount = 0]
2025-07-31 16:26:47.636 [main] DEBUG org.springframework.test.context.cache - Spring test ApplicationContext cache statistics: [DefaultContextCache@7439940d size = 1, maxSize = 32, parentContextCount = 0, hitCount = 105, missCount = 1, failureCount = 0]
2025-07-31 16:26:47.638 [main] DEBUG org.springframework.test.context.cache - Spring test ApplicationContext cache statistics: [DefaultContextCache@7439940d size = 1, maxSize = 32, parentContextCount = 0, hitCount = 106, missCount = 1, failureCount = 0]
2025-07-31 16:26:47.638 [main] DEBUG org.springframework.test.context.cache - Spring test ApplicationContext cache statistics: [DefaultContextCache@7439940d size = 1, maxSize = 32, parentContextCount = 0, hitCount = 107, missCount = 1, failureCount = 0]
2025-07-31 16:26:47.638 [main] DEBUG org.springframework.test.context.cache - Spring test ApplicationContext cache statistics: [DefaultContextCache@7439940d size = 1, maxSize = 32, parentContextCount = 0, hitCount = 108, missCount = 1, failureCount = 0]
2025-07-31 16:26:47.639 [main] DEBUG org.springframework.test.context.cache - Spring test ApplicationContext cache statistics: [DefaultContextCache@7439940d size = 1, maxSize = 32, parentContextCount = 0, hitCount = 109, missCount = 1, failureCount = 0]
2025-07-31 16:26:47.640 [main] DEBUG reactor.core.publisher.Hooks - Reset onLastOperator: org.springframework.security.core.context.SecurityContext
2025-07-31 16:26:47.641 [main] DEBUG org.springframework.test.context.cache - Spring test ApplicationContext cache statistics: [DefaultContextCache@7439940d size = 1, maxSize = 32, parentContextCount = 0, hitCount = 110, missCount = 1, failureCount = 0]
2025-07-31 16:26:47.641 [main] DEBUG org.springframework.test.context.cache - Spring test ApplicationContext cache statistics: [DefaultContextCache@7439940d size = 1, maxSize = 32, parentContextCount = 0, hitCount = 111, missCount = 1, failureCount = 0]
2025-07-31 16:26:47.641 [main] DEBUG org.springframework.test.context.support.DirtiesContextTestExecutionListener - After test method: class [AthleteControllerTest], method [updateAthleteById_Unauthorized_403], class annotated with @DirtiesContext [false] with mode [null], method annotated with @DirtiesContext [false] with mode [null]
2025-07-31 16:26:47.641 [main] DEBUG org.springframework.test.context.web.ServletTestExecutionListener - Resetting RequestContextHolder for test class com.example.trainup.controller.AthleteControllerTest
]]></system-out>
  </testcase>
  <testcase name="deleteAthleteById_Self_Success" classname="com.example.trainup.controller.AthleteControllerTest" time="0.023">
    <system-out><![CDATA[2025-07-31 16:26:47.642 [main] DEBUG org.springframework.test.context.cache - Spring test ApplicationContext cache statistics: [DefaultContextCache@7439940d size = 1, maxSize = 32, parentContextCount = 0, hitCount = 112, missCount = 1, failureCount = 0]
2025-07-31 16:26:47.643 [main] DEBUG org.springframework.test.context.web.ServletTestExecutionListener - Setting up MockHttpServletRequest, MockHttpServletResponse, ServletWebRequest, and RequestContextHolder for test class com.example.trainup.controller.AthleteControllerTest
2025-07-31 16:26:47.643 [main] DEBUG org.springframework.test.context.cache - Spring test ApplicationContext cache statistics: [DefaultContextCache@7439940d size = 1, maxSize = 32, parentContextCount = 0, hitCount = 113, missCount = 1, failureCount = 0]
2025-07-31 16:26:47.643 [main] DEBUG org.springframework.test.context.support.DependencyInjectionTestExecutionListener - Performing dependency injection for test class com.example.trainup.controller.AthleteControllerTest
2025-07-31 16:26:47.644 [main] DEBUG org.springframework.test.context.cache - Spring test ApplicationContext cache statistics: [DefaultContextCache@7439940d size = 1, maxSize = 32, parentContextCount = 0, hitCount = 114, missCount = 1, failureCount = 0]
2025-07-31 16:26:47.644 [main] DEBUG org.springframework.test.context.cache - Spring test ApplicationContext cache statistics: [DefaultContextCache@7439940d size = 1, maxSize = 32, parentContextCount = 0, hitCount = 115, missCount = 1, failureCount = 0]
2025-07-31 16:26:47.645 [main] DEBUG org.springframework.test.context.support.DirtiesContextBeforeModesTestExecutionListener - Before test method: class [AthleteControllerTest], method [deleteAthleteById_Self_Success], class annotated with @DirtiesContext [false] with mode [null], method annotated with @DirtiesContext [false] with mode [null]
2025-07-31 16:26:47.645 [main] DEBUG org.springframework.test.context.cache - Spring test ApplicationContext cache statistics: [DefaultContextCache@7439940d size = 1, maxSize = 32, parentContextCount = 0, hitCount = 116, missCount = 1, failureCount = 0]
2025-07-31 16:26:47.646 [main] DEBUG reactor.core.publisher.Hooks - Hooking onLastOperator: org.springframework.security.core.context.SecurityContext
2025-07-31 16:26:47.646 [main] DEBUG org.springframework.test.context.cache - Spring test ApplicationContext cache statistics: [DefaultContextCache@7439940d size = 1, maxSize = 32, parentContextCount = 0, hitCount = 117, missCount = 1, failureCount = 0]
2025-07-31 16:26:47.647 [main] DEBUG org.springframework.test.context.cache - Spring test ApplicationContext cache statistics: [DefaultContextCache@7439940d size = 1, maxSize = 32, parentContextCount = 0, hitCount = 118, missCount = 1, failureCount = 0]
2025-07-31 16:26:47.648 [main] DEBUG org.springframework.test.context.cache - Spring test ApplicationContext cache statistics: [DefaultContextCache@7439940d size = 1, maxSize = 32, parentContextCount = 0, hitCount = 119, missCount = 1, failureCount = 0]
2025-07-31 16:26:47.650 [main] DEBUG org.springframework.test.util.ReflectionTestUtils - Invoking method 'getFilters' on target object [FilterChainProxy[Filter Chains: null]] or target class [null] with arguments {org.springframework.mock.web.MockHttpServletRequest@1a2f1788}
2025-07-31 16:26:47.650 [main] DEBUG org.springframework.test.util.ReflectionTestUtils - Invoking method 'getFilters' on target object [FilterChainProxy[Filter Chains: null]] or target class [null] with arguments {org.springframework.mock.web.MockHttpServletRequest@1a2f1788}
2025-07-31 16:26:47.650 [main] DEBUG org.springframework.test.util.ReflectionTestUtils - Getting field 'securityContextRepository' from target object [org.springframework.security.web.context.SecurityContextHolderFilter@9225384] or target class [class org.springframework.security.web.context.SecurityContextHolderFilter]
2025-07-31 16:26:47.651 [main] DEBUG org.springframework.security.web.FilterChainProxy - Securing DELETE /athlete/1
2025-07-31 16:26:47.652 [main] DEBUG org.springframework.security.web.FilterChainProxy - Secured DELETE /athlete/1
2025-07-31 16:26:47.653 [main] DEBUG org.springframework.test.web.servlet.TestDispatcherServlet - DELETE "/athlete/1", parameters={}
2025-07-31 16:26:47.653 [main] DEBUG org.springframework.web.servlet.mvc.method.annotation.RequestMappingHandlerMapping - Mapped to com.example.trainup.controller.AthleteController#deleteAthleteById(Long, Authentication)
2025-07-31 16:26:47.653 [main] DEBUG org.springframework.orm.jpa.support.OpenEntityManagerInViewInterceptor - Opening JPA EntityManager in OpenEntityManagerInViewInterceptor
2025-07-31 16:26:47.654 [main] DEBUG org.springframework.security.authorization.method.AuthorizationManagerBeforeMethodInterceptor - Authorizing method invocation ReflectiveMethodInvocation: public org.springframework.http.ResponseEntity com.example.trainup.controller.AthleteController.deleteAthleteById(java.lang.Long,org.springframework.security.core.Authentication); target is of class [com.example.trainup.controller.AthleteController]
2025-07-31 16:26:47.655 [main] DEBUG org.springframework.security.authorization.method.AuthorizationManagerBeforeMethodInterceptor - Authorized method invocation ReflectiveMethodInvocation: public org.springframework.http.ResponseEntity com.example.trainup.controller.AthleteController.deleteAthleteById(java.lang.Long,org.springframework.security.core.Authentication); target is of class [com.example.trainup.controller.AthleteController]
2025-07-31 16:26:47.656 [main] INFO  com.example.trainup.controller.AthleteController - Attempting to delete athlete with ID: 1 by user: john.doe@example.com
2025-07-31 16:26:47.657 [main] INFO  com.example.trainup.controller.AthleteController - Successfully deleted athlete with ID: 1
2025-07-31 16:26:47.658 [main] DEBUG org.springframework.web.servlet.mvc.method.annotation.HttpEntityMethodProcessor - Using 'application/json', given [*/*] and supported [application/json, application/*+json, application/yaml]
2025-07-31 16:26:47.658 [main] DEBUG org.springframework.web.servlet.mvc.method.annotation.HttpEntityMethodProcessor - Nothing to write: null body
2025-07-31 16:26:47.659 [main] DEBUG org.springframework.orm.jpa.support.OpenEntityManagerInViewInterceptor - Closing JPA EntityManager in OpenEntityManagerInViewInterceptor
2025-07-31 16:26:47.659 [main] DEBUG org.springframework.test.web.servlet.TestDispatcherServlet - Completed 204 NO_CONTENT
2025-07-31 16:26:47.661 [main] DEBUG org.springframework.test.context.cache - Spring test ApplicationContext cache statistics: [DefaultContextCache@7439940d size = 1, maxSize = 32, parentContextCount = 0, hitCount = 120, missCount = 1, failureCount = 0]
2025-07-31 16:26:47.661 [main] DEBUG org.springframework.test.context.cache - Spring test ApplicationContext cache statistics: [DefaultContextCache@7439940d size = 1, maxSize = 32, parentContextCount = 0, hitCount = 121, missCount = 1, failureCount = 0]
2025-07-31 16:26:47.663 [main] DEBUG org.springframework.test.context.cache - Spring test ApplicationContext cache statistics: [DefaultContextCache@7439940d size = 1, maxSize = 32, parentContextCount = 0, hitCount = 122, missCount = 1, failureCount = 0]
2025-07-31 16:26:47.663 [main] DEBUG org.springframework.test.context.cache - Spring test ApplicationContext cache statistics: [DefaultContextCache@7439940d size = 1, maxSize = 32, parentContextCount = 0, hitCount = 123, missCount = 1, failureCount = 0]
2025-07-31 16:26:47.663 [main] DEBUG org.springframework.test.context.cache - Spring test ApplicationContext cache statistics: [DefaultContextCache@7439940d size = 1, maxSize = 32, parentContextCount = 0, hitCount = 124, missCount = 1, failureCount = 0]
2025-07-31 16:26:47.664 [main] DEBUG org.springframework.test.context.cache - Spring test ApplicationContext cache statistics: [DefaultContextCache@7439940d size = 1, maxSize = 32, parentContextCount = 0, hitCount = 125, missCount = 1, failureCount = 0]
2025-07-31 16:26:47.665 [main] DEBUG reactor.core.publisher.Hooks - Reset onLastOperator: org.springframework.security.core.context.SecurityContext
2025-07-31 16:26:47.666 [main] DEBUG org.springframework.test.context.cache - Spring test ApplicationContext cache statistics: [DefaultContextCache@7439940d size = 1, maxSize = 32, parentContextCount = 0, hitCount = 126, missCount = 1, failureCount = 0]
2025-07-31 16:26:47.666 [main] DEBUG org.springframework.test.context.cache - Spring test ApplicationContext cache statistics: [DefaultContextCache@7439940d size = 1, maxSize = 32, parentContextCount = 0, hitCount = 127, missCount = 1, failureCount = 0]
2025-07-31 16:26:47.666 [main] DEBUG org.springframework.test.context.support.DirtiesContextTestExecutionListener - After test method: class [AthleteControllerTest], method [deleteAthleteById_Self_Success], class annotated with @DirtiesContext [false] with mode [null], method annotated with @DirtiesContext [false] with mode [null]
2025-07-31 16:26:47.667 [main] DEBUG org.springframework.test.context.web.ServletTestExecutionListener - Resetting RequestContextHolder for test class com.example.trainup.controller.AthleteControllerTest
]]></system-out>
  </testcase>
  <testcase name="deleteAthleteById_Unauthorized_403" classname="com.example.trainup.controller.AthleteControllerTest" time="0.024">
    <system-out><![CDATA[2025-07-31 16:26:47.668 [main] DEBUG org.springframework.test.context.cache - Spring test ApplicationContext cache statistics: [DefaultContextCache@7439940d size = 1, maxSize = 32, parentContextCount = 0, hitCount = 128, missCount = 1, failureCount = 0]
2025-07-31 16:26:47.668 [main] DEBUG org.springframework.test.context.web.ServletTestExecutionListener - Setting up MockHttpServletRequest, MockHttpServletResponse, ServletWebRequest, and RequestContextHolder for test class com.example.trainup.controller.AthleteControllerTest
2025-07-31 16:26:47.668 [main] DEBUG org.springframework.test.context.cache - Spring test ApplicationContext cache statistics: [DefaultContextCache@7439940d size = 1, maxSize = 32, parentContextCount = 0, hitCount = 129, missCount = 1, failureCount = 0]
2025-07-31 16:26:47.669 [main] DEBUG org.springframework.test.context.support.DependencyInjectionTestExecutionListener - Performing dependency injection for test class com.example.trainup.controller.AthleteControllerTest
2025-07-31 16:26:47.669 [main] DEBUG org.springframework.test.context.cache - Spring test ApplicationContext cache statistics: [DefaultContextCache@7439940d size = 1, maxSize = 32, parentContextCount = 0, hitCount = 130, missCount = 1, failureCount = 0]
2025-07-31 16:26:47.669 [main] DEBUG org.springframework.test.context.cache - Spring test ApplicationContext cache statistics: [DefaultContextCache@7439940d size = 1, maxSize = 32, parentContextCount = 0, hitCount = 131, missCount = 1, failureCount = 0]
2025-07-31 16:26:47.670 [main] DEBUG org.springframework.test.context.support.DirtiesContextBeforeModesTestExecutionListener - Before test method: class [AthleteControllerTest], method [deleteAthleteById_Unauthorized_403], class annotated with @DirtiesContext [false] with mode [null], method annotated with @DirtiesContext [false] with mode [null]
2025-07-31 16:26:47.670 [main] DEBUG org.springframework.test.context.cache - Spring test ApplicationContext cache statistics: [DefaultContextCache@7439940d size = 1, maxSize = 32, parentContextCount = 0, hitCount = 132, missCount = 1, failureCount = 0]
2025-07-31 16:26:47.671 [main] DEBUG reactor.core.publisher.Hooks - Hooking onLastOperator: org.springframework.security.core.context.SecurityContext
2025-07-31 16:26:47.671 [main] DEBUG org.springframework.test.context.cache - Spring test ApplicationContext cache statistics: [DefaultContextCache@7439940d size = 1, maxSize = 32, parentContextCount = 0, hitCount = 133, missCount = 1, failureCount = 0]
2025-07-31 16:26:47.672 [main] DEBUG org.springframework.test.context.cache - Spring test ApplicationContext cache statistics: [DefaultContextCache@7439940d size = 1, maxSize = 32, parentContextCount = 0, hitCount = 134, missCount = 1, failureCount = 0]
2025-07-31 16:26:47.674 [main] DEBUG org.springframework.test.context.cache - Spring test ApplicationContext cache statistics: [DefaultContextCache@7439940d size = 1, maxSize = 32, parentContextCount = 0, hitCount = 135, missCount = 1, failureCount = 0]
2025-07-31 16:26:47.675 [main] DEBUG org.springframework.test.util.ReflectionTestUtils - Invoking method 'getFilters' on target object [FilterChainProxy[Filter Chains: null]] or target class [null] with arguments {org.springframework.mock.web.MockHttpServletRequest@325554e9}
2025-07-31 16:26:47.675 [main] DEBUG org.springframework.test.util.ReflectionTestUtils - Invoking method 'getFilters' on target object [FilterChainProxy[Filter Chains: null]] or target class [null] with arguments {org.springframework.mock.web.MockHttpServletRequest@325554e9}
2025-07-31 16:26:47.676 [main] DEBUG org.springframework.test.util.ReflectionTestUtils - Getting field 'securityContextRepository' from target object [org.springframework.security.web.context.SecurityContextHolderFilter@9225384] or target class [class org.springframework.security.web.context.SecurityContextHolderFilter]
2025-07-31 16:26:47.677 [main] DEBUG org.springframework.security.web.FilterChainProxy - Securing DELETE /athlete/1
2025-07-31 16:26:47.679 [main] DEBUG org.springframework.security.web.FilterChainProxy - Secured DELETE /athlete/1
2025-07-31 16:26:47.679 [main] DEBUG org.springframework.test.web.servlet.TestDispatcherServlet - DELETE "/athlete/1", parameters={}
2025-07-31 16:26:47.680 [main] DEBUG org.springframework.web.servlet.mvc.method.annotation.RequestMappingHandlerMapping - Mapped to com.example.trainup.controller.AthleteController#deleteAthleteById(Long, Authentication)
2025-07-31 16:26:47.680 [main] DEBUG org.springframework.orm.jpa.support.OpenEntityManagerInViewInterceptor - Opening JPA EntityManager in OpenEntityManagerInViewInterceptor
2025-07-31 16:26:47.681 [main] DEBUG org.springframework.security.authorization.method.AuthorizationManagerBeforeMethodInterceptor - Authorizing method invocation ReflectiveMethodInvocation: public org.springframework.http.ResponseEntity com.example.trainup.controller.AthleteController.deleteAthleteById(java.lang.Long,org.springframework.security.core.Authentication); target is of class [com.example.trainup.controller.AthleteController]
2025-07-31 16:26:47.682 [main] DEBUG org.springframework.security.authorization.method.AuthorizationManagerBeforeMethodInterceptor - Failed to authorize ReflectiveMethodInvocation: public org.springframework.http.ResponseEntity com.example.trainup.controller.AthleteController.deleteAthleteById(java.lang.Long,org.springframework.security.core.Authentication); target is of class [com.example.trainup.controller.AthleteController] with authorization manager org.springframework.security.authorization.ObservationAuthorizationManager@48689397 and result ExpressionAuthorizationDecision [granted=false, expressionAttribute=hasRole('ADMIN') or @athleteService.canUserModifyAthlete(#authentication, #id)]
2025-07-31 16:26:47.683 [main] DEBUG org.springframework.web.servlet.mvc.method.annotation.ExceptionHandlerExceptionResolver - Using @ExceptionHandler com.example.trainup.exception.CustomGlobalExceptionHandler#handleAuthorizationDenied(AuthorizationDeniedException)
2025-07-31 16:26:47.683 [main] DEBUG com.example.trainup.exception.CustomGlobalExceptionHandler - Handling AuthorizationDeniedException: Access Denied
2025-07-31 16:26:47.683 [main] DEBUG com.example.trainup.exception.CustomGlobalExceptionHandler - Building response: status=403 FORBIDDEN, error=Authorization denied, errors=[Access Denied]
2025-07-31 16:26:47.683 [main] DEBUG org.springframework.web.servlet.mvc.method.annotation.HttpEntityMethodProcessor - Found 'Content-Type:application/json' in response
2025-07-31 16:26:47.684 [main] DEBUG org.springframework.web.servlet.mvc.method.annotation.HttpEntityMethodProcessor - Writing [{timestamp=2025-07-31T16:26:47.683459885, error=Authorization denied, errors=[Access Denied]}]
2025-07-31 16:26:47.684 [main] DEBUG org.springframework.web.servlet.mvc.method.annotation.ExceptionHandlerExceptionResolver - Resolved [org.springframework.security.authorization.AuthorizationDeniedException: Access Denied]
2025-07-31 16:26:47.684 [main] DEBUG org.springframework.orm.jpa.support.OpenEntityManagerInViewInterceptor - Closing JPA EntityManager in OpenEntityManagerInViewInterceptor
2025-07-31 16:26:47.685 [main] DEBUG org.springframework.test.web.servlet.TestDispatcherServlet - Completed 403 FORBIDDEN
2025-07-31 16:26:47.686 [main] DEBUG org.springframework.test.context.cache - Spring test ApplicationContext cache statistics: [DefaultContextCache@7439940d size = 1, maxSize = 32, parentContextCount = 0, hitCount = 136, missCount = 1, failureCount = 0]
2025-07-31 16:26:47.686 [main] DEBUG org.springframework.test.context.cache - Spring test ApplicationContext cache statistics: [DefaultContextCache@7439940d size = 1, maxSize = 32, parentContextCount = 0, hitCount = 137, missCount = 1, failureCount = 0]
2025-07-31 16:26:47.688 [main] DEBUG org.springframework.test.context.cache - Spring test ApplicationContext cache statistics: [DefaultContextCache@7439940d size = 1, maxSize = 32, parentContextCount = 0, hitCount = 138, missCount = 1, failureCount = 0]
2025-07-31 16:26:47.689 [main] DEBUG org.springframework.test.context.cache - Spring test ApplicationContext cache statistics: [DefaultContextCache@7439940d size = 1, maxSize = 32, parentContextCount = 0, hitCount = 139, missCount = 1, failureCount = 0]
2025-07-31 16:26:47.689 [main] DEBUG org.springframework.test.context.cache - Spring test ApplicationContext cache statistics: [DefaultContextCache@7439940d size = 1, maxSize = 32, parentContextCount = 0, hitCount = 140, missCount = 1, failureCount = 0]
2025-07-31 16:26:47.690 [main] DEBUG org.springframework.test.context.cache - Spring test ApplicationContext cache statistics: [DefaultContextCache@7439940d size = 1, maxSize = 32, parentContextCount = 0, hitCount = 141, missCount = 1, failureCount = 0]
2025-07-31 16:26:47.691 [main] DEBUG reactor.core.publisher.Hooks - Reset onLastOperator: org.springframework.security.core.context.SecurityContext
2025-07-31 16:26:47.691 [main] DEBUG org.springframework.test.context.cache - Spring test ApplicationContext cache statistics: [DefaultContextCache@7439940d size = 1, maxSize = 32, parentContextCount = 0, hitCount = 142, missCount = 1, failureCount = 0]
2025-07-31 16:26:47.692 [main] DEBUG org.springframework.test.context.cache - Spring test ApplicationContext cache statistics: [DefaultContextCache@7439940d size = 1, maxSize = 32, parentContextCount = 0, hitCount = 143, missCount = 1, failureCount = 0]
2025-07-31 16:26:47.692 [main] DEBUG org.springframework.test.context.support.DirtiesContextTestExecutionListener - After test method: class [AthleteControllerTest], method [deleteAthleteById_Unauthorized_403], class annotated with @DirtiesContext [false] with mode [null], method annotated with @DirtiesContext [false] with mode [null]
2025-07-31 16:26:47.692 [main] DEBUG org.springframework.test.context.web.ServletTestExecutionListener - Resetting RequestContextHolder for test class com.example.trainup.controller.AthleteControllerTest
]]></system-out>
  </testcase>
</testsuite>