<?xml version="1.0" encoding="UTF-8"?>
<testsuite xmlns:xsi="http://www.w3.org/2001/XMLSchema-instance" xsi:noNamespaceSchemaLocation="https://maven.apache.org/surefire/maven-surefire-plugin/xsd/surefire-test-report.xsd" version="3.0.2" name="TrainUpApplicationTest" time="8.584" tests="1" errors="0" skipped="0" failures="0">
  <properties>
    <property name="java.specification.version" value="17"/>
    <property name="sun.jnu.encoding" value="UTF-8"/>
    <property name="java.class.path" value="/mnt/c/Users/Bohdan-Dymydiuk/projects/my-projects/train-up/target/test-classes:/mnt/c/Users/Bohdan-Dymydiuk/projects/my-projects/train-up/target/classes:/home/sadsadsa/.m2/repository/org/springframework/boot/spring-boot-starter-data-jdbc/3.4.3/spring-boot-starter-data-jdbc-3.4.3.jar:/home/sadsadsa/.m2/repository/org/springframework/boot/spring-boot-starter-jdbc/3.4.3/spring-boot-starter-jdbc-3.4.3.jar:/home/sadsadsa/.m2/repository/com/zaxxer/HikariCP/5.1.0/HikariCP-5.1.0.jar:/home/sadsadsa/.m2/repository/org/springframework/spring-jdbc/6.2.3/spring-jdbc-6.2.3.jar:/home/sadsadsa/.m2/repository/org/springframework/data/spring-data-jdbc/3.4.3/spring-data-jdbc-3.4.3.jar:/home/sadsadsa/.m2/repository/org/springframework/data/spring-data-relational/3.4.3/spring-data-relational-3.4.3.jar:/home/sadsadsa/.m2/repository/org/springframework/data/spring-data-commons/3.4.3/spring-data-commons-3.4.3.jar:/home/sadsadsa/.m2/repository/org/springframework/spring-tx/6.2.3/spring-tx-6.2.3.jar:/home/sadsadsa/.m2/repository/org/springframework/spring-context/6.2.3/spring-context-6.2.3.jar:/home/sadsadsa/.m2/repository/org/springframework/spring-beans/6.2.3/spring-beans-6.2.3.jar:/home/sadsadsa/.m2/repository/org/slf4j/slf4j-api/2.0.16/slf4j-api-2.0.16.jar:/home/sadsadsa/.m2/repository/org/springframework/boot/spring-boot-starter-data-jpa/3.4.3/spring-boot-starter-data-jpa-3.4.3.jar:/home/sadsadsa/.m2/repository/org/springframework/boot/spring-boot-starter/3.4.3/spring-boot-starter-3.4.3.jar:/home/sadsadsa/.m2/repository/jakarta/annotation/jakarta.annotation-api/2.1.1/jakarta.annotation-api-2.1.1.jar:/home/sadsadsa/.m2/repository/org/hibernate/orm/hibernate-core/6.6.8.Final/hibernate-core-6.6.8.Final.jar:/home/sadsadsa/.m2/repository/jakarta/persistence/jakarta.persistence-api/3.1.0/jakarta.persistence-api-3.1.0.jar:/home/sadsadsa/.m2/repository/jakarta/transaction/jakarta.transaction-api/2.0.1/jakarta.transaction-api-2.0.1.jar:/home/sadsadsa/.m2/repository/org/jboss/logging/jboss-logging/3.6.1.Final/jboss-logging-3.6.1.Final.jar:/home/sadsadsa/.m2/repository/org/hibernate/common/hibernate-commons-annotations/7.0.3.Final/hibernate-commons-annotations-7.0.3.Final.jar:/home/sadsadsa/.m2/repository/io/smallrye/jandex/3.2.0/jandex-3.2.0.jar:/home/sadsadsa/.m2/repository/com/fasterxml/classmate/1.7.0/classmate-1.7.0.jar:/home/sadsadsa/.m2/repository/org/glassfish/jaxb/jaxb-runtime/4.0.5/jaxb-runtime-4.0.5.jar:/home/sadsadsa/.m2/repository/org/glassfish/jaxb/jaxb-core/4.0.5/jaxb-core-4.0.5.jar:/home/sadsadsa/.m2/repository/org/glassfish/jaxb/txw2/4.0.5/txw2-4.0.5.jar:/home/sadsadsa/.m2/repository/com/sun/istack/istack-commons-runtime/4.1.2/istack-commons-runtime-4.1.2.jar:/home/sadsadsa/.m2/repository/jakarta/inject/jakarta.inject-api/2.0.1/jakarta.inject-api-2.0.1.jar:/home/sadsadsa/.m2/repository/org/antlr/antlr4-runtime/4.13.0/antlr4-runtime-4.13.0.jar:/home/sadsadsa/.m2/repository/org/springframework/data/spring-data-jpa/3.4.3/spring-data-jpa-3.4.3.jar:/home/sadsadsa/.m2/repository/org/springframework/spring-orm/6.2.3/spring-orm-6.2.3.jar:/home/sadsadsa/.m2/repository/org/springframework/spring-aspects/6.2.3/spring-aspects-6.2.3.jar:/home/sadsadsa/.m2/repository/org/aspectj/aspectjweaver/1.9.22.1/aspectjweaver-1.9.22.1.jar:/home/sadsadsa/.m2/repository/org/springframework/boot/spring-boot-starter-security/3.4.3/spring-boot-starter-security-3.4.3.jar:/home/sadsadsa/.m2/repository/org/springframework/spring-aop/6.2.3/spring-aop-6.2.3.jar:/home/sadsadsa/.m2/repository/org/springframework/security/spring-security-config/6.4.3/spring-security-config-6.4.3.jar:/home/sadsadsa/.m2/repository/org/springframework/security/spring-security-web/6.4.3/spring-security-web-6.4.3.jar:/home/sadsadsa/.m2/repository/org/springframework/spring-expression/6.2.3/spring-expression-6.2.3.jar:/home/sadsadsa/.m2/repository/org/springframework/boot/spring-boot-starter-web/3.4.3/spring-boot-starter-web-3.4.3.jar:/home/sadsadsa/.m2/repository/org/springframework/boot/spring-boot-starter-json/3.4.3/spring-boot-starter-json-3.4.3.jar:/home/sadsadsa/.m2/repository/org/springframework/boot/spring-boot-starter-tomcat/3.4.3/spring-boot-starter-tomcat-3.4.3.jar:/home/sadsadsa/.m2/repository/org/apache/tomcat/embed/tomcat-embed-core/10.1.36/tomcat-embed-core-10.1.36.jar:/home/sadsadsa/.m2/repository/org/apache/tomcat/embed/tomcat-embed-websocket/10.1.36/tomcat-embed-websocket-10.1.36.jar:/home/sadsadsa/.m2/repository/org/springframework/spring-web/6.2.3/spring-web-6.2.3.jar:/home/sadsadsa/.m2/repository/org/springframework/spring-webmvc/6.2.3/spring-webmvc-6.2.3.jar:/home/sadsadsa/.m2/repository/org/springframework/boot/spring-boot-starter-web-services/3.4.3/spring-boot-starter-web-services-3.4.3.jar:/home/sadsadsa/.m2/repository/com/sun/xml/messaging/saaj/saaj-impl/3.0.4/saaj-impl-3.0.4.jar:/home/sadsadsa/.m2/repository/jakarta/xml/soap/jakarta.xml.soap-api/3.0.2/jakarta.xml.soap-api-3.0.2.jar:/home/sadsadsa/.m2/repository/org/jvnet/staxex/stax-ex/2.1.0/stax-ex-2.1.0.jar:/home/sadsadsa/.m2/repository/org/eclipse/angus/angus-activation/2.0.2/angus-activation-2.0.2.jar:/home/sadsadsa/.m2/repository/jakarta/xml/ws/jakarta.xml.ws-api/4.0.2/jakarta.xml.ws-api-4.0.2.jar:/home/sadsadsa/.m2/repository/org/springframework/spring-oxm/6.2.3/spring-oxm-6.2.3.jar:/home/sadsadsa/.m2/repository/org/springframework/ws/spring-ws-core/4.0.11/spring-ws-core-4.0.11.jar:/home/sadsadsa/.m2/repository/org/springframework/ws/spring-xml/4.0.11/spring-xml-4.0.11.jar:/home/sadsadsa/.m2/repository/org/springframework/boot/spring-boot-devtools/3.4.3/spring-boot-devtools-3.4.3.jar:/home/sadsadsa/.m2/repository/org/springframework/boot/spring-boot/3.4.3/spring-boot-3.4.3.jar:/home/sadsadsa/.m2/repository/org/springframework/boot/spring-boot-autoconfigure/3.4.3/spring-boot-autoconfigure-3.4.3.jar:/home/sadsadsa/.m2/repository/org/springframework/boot/spring-boot-docker-compose/3.4.3/spring-boot-docker-compose-3.4.3.jar:/home/sadsadsa/.m2/repository/com/fasterxml/jackson/module/jackson-module-parameter-names/2.18.2/jackson-module-parameter-names-2.18.2.jar:/home/sadsadsa/.m2/repository/org/postgresql/postgresql/42.7.4/postgresql-42.7.4.jar:/home/sadsadsa/.m2/repository/org/checkerframework/checker-qual/3.42.0/checker-qual-3.42.0.jar:/home/sadsadsa/.m2/repository/org/projectlombok/lombok/1.18.34/lombok-1.18.34.jar:/home/sadsadsa/.m2/repository/org/springframework/boot/spring-boot-starter-test/3.4.3/spring-boot-starter-test-3.4.3.jar:/home/sadsadsa/.m2/repository/org/springframework/boot/spring-boot-test/3.4.3/spring-boot-test-3.4.3.jar:/home/sadsadsa/.m2/repository/org/springframework/boot/spring-boot-test-autoconfigure/3.4.3/spring-boot-test-autoconfigure-3.4.3.jar:/home/sadsadsa/.m2/repository/com/jayway/jsonpath/json-path/2.9.0/json-path-2.9.0.jar:/home/sadsadsa/.m2/repository/jakarta/xml/bind/jakarta.xml.bind-api/4.0.2/jakarta.xml.bind-api-4.0.2.jar:/home/sadsadsa/.m2/repository/net/minidev/json-smart/2.5.2/json-smart-2.5.2.jar:/home/sadsadsa/.m2/repository/net/minidev/accessors-smart/2.5.2/accessors-smart-2.5.2.jar:/home/sadsadsa/.m2/repository/org/ow2/asm/asm/9.7.1/asm-9.7.1.jar:/home/sadsadsa/.m2/repository/org/assertj/assertj-core/3.26.3/assertj-core-3.26.3.jar:/home/sadsadsa/.m2/repository/org/awaitility/awaitility/4.2.2/awaitility-4.2.2.jar:/home/sadsadsa/.m2/repository/org/hamcrest/hamcrest/2.2/hamcrest-2.2.jar:/home/sadsadsa/.m2/repository/org/skyscreamer/jsonassert/1.5.3/jsonassert-1.5.3.jar:/home/sadsadsa/.m2/repository/com/vaadin/external/google/android-json/0.0.20131108.vaadin1/android-json-0.0.20131108.vaadin1.jar:/home/sadsadsa/.m2/repository/org/springframework/spring-core/6.2.3/spring-core-6.2.3.jar:/home/sadsadsa/.m2/repository/org/springframework/spring-jcl/6.2.3/spring-jcl-6.2.3.jar:/home/sadsadsa/.m2/repository/org/springframework/spring-test/6.2.3/spring-test-6.2.3.jar:/home/sadsadsa/.m2/repository/org/xmlunit/xmlunit-core/2.10.0/xmlunit-core-2.10.0.jar:/home/sadsadsa/.m2/repository/org/springframework/security/spring-security-test/6.4.3/spring-security-test-6.4.3.jar:/home/sadsadsa/.m2/repository/org/springframework/security/spring-security-core/6.4.3/spring-security-core-6.4.3.jar:/home/sadsadsa/.m2/repository/org/springframework/security/spring-security-crypto/6.4.3/spring-security-crypto-6.4.3.jar:/home/sadsadsa/.m2/repository/org/liquibase/liquibase-core/4.29.2/liquibase-core-4.29.2.jar:/home/sadsadsa/.m2/repository/com/opencsv/opencsv/5.9/opencsv-5.9.jar:/home/sadsadsa/.m2/repository/org/yaml/snakeyaml/2.3/snakeyaml-2.3.jar:/home/sadsadsa/.m2/repository/javax/xml/bind/jaxb-api/2.3.1/jaxb-api-2.3.1.jar:/home/sadsadsa/.m2/repository/commons-io/commons-io/2.16.1/commons-io-2.16.1.jar:/home/sadsadsa/.m2/repository/org/apache/commons/commons-collections4/4.4/commons-collections4-4.4.jar:/home/sadsadsa/.m2/repository/org/apache/commons/commons-text/1.12.0/commons-text-1.12.0.jar:/home/sadsadsa/.m2/repository/org/apache/commons/commons-lang3/3.17.0/commons-lang3-3.17.0.jar:/home/sadsadsa/.m2/repository/org/mapstruct/mapstruct/1.5.5.Final/mapstruct-1.5.5.Final.jar:/home/sadsadsa/.m2/repository/io/jsonwebtoken/jjwt-api/0.12.6/jjwt-api-0.12.6.jar:/home/sadsadsa/.m2/repository/io/jsonwebtoken/jjwt-impl/0.12.6/jjwt-impl-0.12.6.jar:/home/sadsadsa/.m2/repository/org/springframework/boot/spring-boot-starter-validation/3.4.3/spring-boot-starter-validation-3.4.3.jar:/home/sadsadsa/.m2/repository/org/apache/tomcat/embed/tomcat-embed-el/10.1.36/tomcat-embed-el-10.1.36.jar:/home/sadsadsa/.m2/repository/org/hibernate/validator/hibernate-validator/8.0.2.Final/hibernate-validator-8.0.2.Final.jar:/home/sadsadsa/.m2/repository/jakarta/validation/jakarta.validation-api/3.0.2/jakarta.validation-api-3.0.2.jar:/home/sadsadsa/.m2/repository/org/springdoc/springdoc-openapi-starter-webmvc-ui/2.8.6/springdoc-openapi-starter-webmvc-ui-2.8.6.jar:/home/sadsadsa/.m2/repository/org/springdoc/springdoc-openapi-starter-webmvc-api/2.8.6/springdoc-openapi-starter-webmvc-api-2.8.6.jar:/home/sadsadsa/.m2/repository/org/springdoc/springdoc-openapi-starter-common/2.8.6/springdoc-openapi-starter-common-2.8.6.jar:/home/sadsadsa/.m2/repository/io/swagger/core/v3/swagger-core-jakarta/2.2.29/swagger-core-jakarta-2.2.29.jar:/home/sadsadsa/.m2/repository/io/swagger/core/v3/swagger-annotations-jakarta/2.2.29/swagger-annotations-jakarta-2.2.29.jar:/home/sadsadsa/.m2/repository/io/swagger/core/v3/swagger-models-jakarta/2.2.29/swagger-models-jakarta-2.2.29.jar:/home/sadsadsa/.m2/repository/com/fasterxml/jackson/dataformat/jackson-dataformat-yaml/2.18.2/jackson-dataformat-yaml-2.18.2.jar:/home/sadsadsa/.m2/repository/org/webjars/swagger-ui/5.20.1/swagger-ui-5.20.1.jar:/home/sadsadsa/.m2/repository/org/webjars/webjars-locator-lite/1.0.1/webjars-locator-lite-1.0.1.jar:/home/sadsadsa/.m2/repository/org/junit/jupiter/junit-jupiter/5.11.4/junit-jupiter-5.11.4.jar:/home/sadsadsa/.m2/repository/org/junit/jupiter/junit-jupiter-api/5.11.4/junit-jupiter-api-5.11.4.jar:/home/sadsadsa/.m2/repository/org/opentest4j/opentest4j/1.3.0/opentest4j-1.3.0.jar:/home/sadsadsa/.m2/repository/org/junit/platform/junit-platform-commons/1.11.4/junit-platform-commons-1.11.4.jar:/home/sadsadsa/.m2/repository/org/junit/jupiter/junit-jupiter-params/5.11.4/junit-jupiter-params-5.11.4.jar:/home/sadsadsa/.m2/repository/org/junit/jupiter/junit-jupiter-engine/5.11.4/junit-jupiter-engine-5.11.4.jar:/home/sadsadsa/.m2/repository/org/junit/platform/junit-platform-launcher/1.11.4/junit-platform-launcher-1.11.4.jar:/home/sadsadsa/.m2/repository/org/junit/platform/junit-platform-engine/1.11.4/junit-platform-engine-1.11.4.jar:/home/sadsadsa/.m2/repository/org/apiguardian/apiguardian-api/1.1.2/apiguardian-api-1.1.2.jar:/home/sadsadsa/.m2/repository/com/h2database/h2/2.3.232/h2-2.3.232.jar:/home/sadsadsa/.m2/repository/org/springframework/boot/spring-boot-starter-actuator/3.4.3/spring-boot-starter-actuator-3.4.3.jar:/home/sadsadsa/.m2/repository/org/springframework/boot/spring-boot-actuator-autoconfigure/3.4.3/spring-boot-actuator-autoconfigure-3.4.3.jar:/home/sadsadsa/.m2/repository/org/springframework/boot/spring-boot-actuator/3.4.3/spring-boot-actuator-3.4.3.jar:/home/sadsadsa/.m2/repository/io/micrometer/micrometer-observation/1.14.4/micrometer-observation-1.14.4.jar:/home/sadsadsa/.m2/repository/io/micrometer/micrometer-commons/1.14.4/micrometer-commons-1.14.4.jar:/home/sadsadsa/.m2/repository/io/micrometer/micrometer-jakarta9/1.14.4/micrometer-jakarta9-1.14.4.jar:/home/sadsadsa/.m2/repository/io/micrometer/micrometer-core/1.14.4/micrometer-core-1.14.4.jar:/home/sadsadsa/.m2/repository/org/hdrhistogram/HdrHistogram/2.2.2/HdrHistogram-2.2.2.jar:/home/sadsadsa/.m2/repository/org/latencyutils/LatencyUtils/2.0.3/LatencyUtils-2.0.3.jar:/home/sadsadsa/.m2/repository/org/springframework/boot/spring-boot-starter-log4j2/3.4.3/spring-boot-starter-log4j2-3.4.3.jar:/home/sadsadsa/.m2/repository/org/apache/logging/log4j/log4j-slf4j2-impl/2.24.3/log4j-slf4j2-impl-2.24.3.jar:/home/sadsadsa/.m2/repository/org/apache/logging/log4j/log4j-api/2.24.3/log4j-api-2.24.3.jar:/home/sadsadsa/.m2/repository/org/apache/logging/log4j/log4j-core/2.24.3/log4j-core-2.24.3.jar:/home/sadsadsa/.m2/repository/org/apache/logging/log4j/log4j-jul/2.24.3/log4j-jul-2.24.3.jar:/home/sadsadsa/.m2/repository/jakarta/activation/jakarta.activation-api/2.1.2/jakarta.activation-api-2.1.2.jar:/home/sadsadsa/.m2/repository/io/jsonwebtoken/jjwt-jackson/0.12.6/jjwt-jackson-0.12.6.jar:/home/sadsadsa/.m2/repository/org/springframework/boot/spring-boot-starter-webflux/3.4.3/spring-boot-starter-webflux-3.4.3.jar:/home/sadsadsa/.m2/repository/org/springframework/boot/spring-boot-starter-reactor-netty/3.4.3/spring-boot-starter-reactor-netty-3.4.3.jar:/home/sadsadsa/.m2/repository/io/projectreactor/netty/reactor-netty-http/1.2.3/reactor-netty-http-1.2.3.jar:/home/sadsadsa/.m2/repository/io/netty/netty-codec-http/4.1.118.Final/netty-codec-http-4.1.118.Final.jar:/home/sadsadsa/.m2/repository/io/netty/netty-common/4.1.118.Final/netty-common-4.1.118.Final.jar:/home/sadsadsa/.m2/repository/io/netty/netty-buffer/4.1.118.Final/netty-buffer-4.1.118.Final.jar:/home/sadsadsa/.m2/repository/io/netty/netty-transport/4.1.118.Final/netty-transport-4.1.118.Final.jar:/home/sadsadsa/.m2/repository/io/netty/netty-codec/4.1.118.Final/netty-codec-4.1.118.Final.jar:/home/sadsadsa/.m2/repository/io/netty/netty-handler/4.1.118.Final/netty-handler-4.1.118.Final.jar:/home/sadsadsa/.m2/repository/io/netty/netty-codec-http2/4.1.118.Final/netty-codec-http2-4.1.118.Final.jar:/home/sadsadsa/.m2/repository/io/netty/netty-resolver-dns/4.1.118.Final/netty-resolver-dns-4.1.118.Final.jar:/home/sadsadsa/.m2/repository/io/netty/netty-resolver/4.1.118.Final/netty-resolver-4.1.118.Final.jar:/home/sadsadsa/.m2/repository/io/netty/netty-codec-dns/4.1.118.Final/netty-codec-dns-4.1.118.Final.jar:/home/sadsadsa/.m2/repository/io/netty/netty-resolver-dns-native-macos/4.1.118.Final/netty-resolver-dns-native-macos-4.1.118.Final-osx-x86_64.jar:/home/sadsadsa/.m2/repository/io/netty/netty-resolver-dns-classes-macos/4.1.118.Final/netty-resolver-dns-classes-macos-4.1.118.Final.jar:/home/sadsadsa/.m2/repository/io/netty/netty-transport-native-epoll/4.1.118.Final/netty-transport-native-epoll-4.1.118.Final-linux-x86_64.jar:/home/sadsadsa/.m2/repository/io/netty/netty-transport-native-unix-common/4.1.118.Final/netty-transport-native-unix-common-4.1.118.Final.jar:/home/sadsadsa/.m2/repository/io/netty/netty-transport-classes-epoll/4.1.118.Final/netty-transport-classes-epoll-4.1.118.Final.jar:/home/sadsadsa/.m2/repository/io/projectreactor/netty/reactor-netty-core/1.2.3/reactor-netty-core-1.2.3.jar:/home/sadsadsa/.m2/repository/io/netty/netty-handler-proxy/4.1.118.Final/netty-handler-proxy-4.1.118.Final.jar:/home/sadsadsa/.m2/repository/io/netty/netty-codec-socks/4.1.118.Final/netty-codec-socks-4.1.118.Final.jar:/home/sadsadsa/.m2/repository/org/springframework/spring-webflux/6.2.3/spring-webflux-6.2.3.jar:/home/sadsadsa/.m2/repository/io/projectreactor/reactor-core/3.7.3/reactor-core-3.7.3.jar:/home/sadsadsa/.m2/repository/org/reactivestreams/reactive-streams/1.0.4/reactive-streams-1.0.4.jar:/home/sadsadsa/.m2/repository/com/google/genai/google-genai/1.0.0/google-genai-1.0.0.jar:/home/sadsadsa/.m2/repository/com/google/auth/google-auth-library-oauth2-http/1.30.1/google-auth-library-oauth2-http-1.30.1.jar:/home/sadsadsa/.m2/repository/com/google/auto/value/auto-value-annotations/1.11.0/auto-value-annotations-1.11.0.jar:/home/sadsadsa/.m2/repository/com/google/code/findbugs/jsr305/3.0.2/jsr305-3.0.2.jar:/home/sadsadsa/.m2/repository/com/google/auth/google-auth-library-credentials/1.30.1/google-auth-library-credentials-1.30.1.jar:/home/sadsadsa/.m2/repository/com/google/http-client/google-http-client/1.45.2/google-http-client-1.45.2.jar:/home/sadsadsa/.m2/repository/io/grpc/grpc-context/1.68.2/grpc-context-1.68.2.jar:/home/sadsadsa/.m2/repository/io/grpc/grpc-api/1.68.2/grpc-api-1.68.2.jar:/home/sadsadsa/.m2/repository/io/opencensus/opencensus-api/0.31.1/opencensus-api-0.31.1.jar:/home/sadsadsa/.m2/repository/io/opencensus/opencensus-contrib-http-util/0.31.1/opencensus-contrib-http-util-0.31.1.jar:/home/sadsadsa/.m2/repository/com/google/http-client/google-http-client-gson/1.45.2/google-http-client-gson-1.45.2.jar:/home/sadsadsa/.m2/repository/com/google/code/gson/gson/2.11.0/gson-2.11.0.jar:/home/sadsadsa/.m2/repository/com/google/guava/guava/33.3.1-android/guava-33.3.1-android.jar:/home/sadsadsa/.m2/repository/com/google/guava/failureaccess/1.0.2/failureaccess-1.0.2.jar:/home/sadsadsa/.m2/repository/com/google/guava/listenablefuture/9999.0-empty-to-avoid-conflict-with-guava/listenablefuture-9999.0-empty-to-avoid-conflict-with-guava.jar:/home/sadsadsa/.m2/repository/com/google/errorprone/error_prone_annotations/2.36.0/error_prone_annotations-2.36.0.jar:/home/sadsadsa/.m2/repository/org/apache/httpcomponents/httpclient/4.5.14/httpclient-4.5.14.jar:/home/sadsadsa/.m2/repository/commons-logging/commons-logging/1.2/commons-logging-1.2.jar:/home/sadsadsa/.m2/repository/commons-codec/commons-codec/1.17.2/commons-codec-1.17.2.jar:/home/sadsadsa/.m2/repository/org/apache/httpcomponents/httpcore/4.4.16/httpcore-4.4.16.jar:/home/sadsadsa/.m2/repository/com/google/auto/value/auto-value/1.11.0/auto-value-1.11.0.jar:/home/sadsadsa/.m2/repository/com/google/api/api-common/2.42.1/api-common-2.42.1.jar:/home/sadsadsa/.m2/repository/javax/annotation/javax.annotation-api/1.3.2/javax.annotation-api-1.3.2.jar:/home/sadsadsa/.m2/repository/com/google/j2objc/j2objc-annotations/3.0.0/j2objc-annotations-3.0.0.jar:/home/sadsadsa/.m2/repository/com/fasterxml/jackson/datatype/jackson-datatype-jdk8/2.18.2/jackson-datatype-jdk8-2.18.2.jar:/home/sadsadsa/.m2/repository/com/fasterxml/jackson/datatype/jackson-datatype-jsr310/2.18.2/jackson-datatype-jsr310-2.18.2.jar:/home/sadsadsa/.m2/repository/org/java-websocket/Java-WebSocket/1.6.0/Java-WebSocket-1.6.0.jar:/home/sadsadsa/.m2/repository/org/jspecify/jspecify/1.0.0/jspecify-1.0.0.jar:/home/sadsadsa/.m2/repository/org/mockito/mockito-core/5.14.2/mockito-core-5.14.2.jar:/home/sadsadsa/.m2/repository/net/bytebuddy/byte-buddy/1.15.11/byte-buddy-1.15.11.jar:/home/sadsadsa/.m2/repository/net/bytebuddy/byte-buddy-agent/1.15.11/byte-buddy-agent-1.15.11.jar:/home/sadsadsa/.m2/repository/org/objenesis/objenesis/3.3/objenesis-3.3.jar:/home/sadsadsa/.m2/repository/org/mockito/mockito-junit-jupiter/5.14.2/mockito-junit-jupiter-5.14.2.jar:/home/sadsadsa/.m2/repository/com/fasterxml/jackson/core/jackson-databind/2.18.2/jackson-databind-2.18.2.jar:/home/sadsadsa/.m2/repository/com/fasterxml/jackson/core/jackson-annotations/2.18.2/jackson-annotations-2.18.2.jar:/home/sadsadsa/.m2/repository/com/fasterxml/jackson/core/jackson-core/2.18.2/jackson-core-2.18.2.jar:"/>
    <property name="java.vm.vendor" value="Ubuntu"/>
    <property name="sun.arch.data.model" value="64"/>
    <property name="java.vendor.url" value="https://ubuntu.com/"/>
    <property name="user.timezone" value="Etc/UTC"/>
    <property name="os.name" value="Linux"/>
    <property name="java.vm.specification.version" value="17"/>
    <property name="APPLICATION_NAME" value="train-up"/>
    <property name="sun.java.launcher" value="SUN_STANDARD"/>
    <property name="sun.boot.library.path" value="/usr/lib/jvm/java-17-openjdk-amd64/lib"/>
    <property name="sun.java.command" value="/mnt/c/Users/Bohdan-Dymydiuk/projects/my-projects/train-up/target/surefire/surefirebooter-20250613172356162_3.jar /mnt/c/Users/Bohdan-Dymydiuk/projects/my-projects/train-up/target/surefire 2025-06-13T17-23-54_681-jvmRun1 surefire-20250613172356162_1tmp surefire_0-20250613172356162_2tmp"/>
    <property name="jdk.debug" value="release"/>
    <property name="surefire.test.class.path" value="/mnt/c/Users/Bohdan-Dymydiuk/projects/my-projects/train-up/target/test-classes:/mnt/c/Users/Bohdan-Dymydiuk/projects/my-projects/train-up/target/classes:/home/sadsadsa/.m2/repository/org/springframework/boot/spring-boot-starter-data-jdbc/3.4.3/spring-boot-starter-data-jdbc-3.4.3.jar:/home/sadsadsa/.m2/repository/org/springframework/boot/spring-boot-starter-jdbc/3.4.3/spring-boot-starter-jdbc-3.4.3.jar:/home/sadsadsa/.m2/repository/com/zaxxer/HikariCP/5.1.0/HikariCP-5.1.0.jar:/home/sadsadsa/.m2/repository/org/springframework/spring-jdbc/6.2.3/spring-jdbc-6.2.3.jar:/home/sadsadsa/.m2/repository/org/springframework/data/spring-data-jdbc/3.4.3/spring-data-jdbc-3.4.3.jar:/home/sadsadsa/.m2/repository/org/springframework/data/spring-data-relational/3.4.3/spring-data-relational-3.4.3.jar:/home/sadsadsa/.m2/repository/org/springframework/data/spring-data-commons/3.4.3/spring-data-commons-3.4.3.jar:/home/sadsadsa/.m2/repository/org/springframework/spring-tx/6.2.3/spring-tx-6.2.3.jar:/home/sadsadsa/.m2/repository/org/springframework/spring-context/6.2.3/spring-context-6.2.3.jar:/home/sadsadsa/.m2/repository/org/springframework/spring-beans/6.2.3/spring-beans-6.2.3.jar:/home/sadsadsa/.m2/repository/org/slf4j/slf4j-api/2.0.16/slf4j-api-2.0.16.jar:/home/sadsadsa/.m2/repository/org/springframework/boot/spring-boot-starter-data-jpa/3.4.3/spring-boot-starter-data-jpa-3.4.3.jar:/home/sadsadsa/.m2/repository/org/springframework/boot/spring-boot-starter/3.4.3/spring-boot-starter-3.4.3.jar:/home/sadsadsa/.m2/repository/jakarta/annotation/jakarta.annotation-api/2.1.1/jakarta.annotation-api-2.1.1.jar:/home/sadsadsa/.m2/repository/org/hibernate/orm/hibernate-core/6.6.8.Final/hibernate-core-6.6.8.Final.jar:/home/sadsadsa/.m2/repository/jakarta/persistence/jakarta.persistence-api/3.1.0/jakarta.persistence-api-3.1.0.jar:/home/sadsadsa/.m2/repository/jakarta/transaction/jakarta.transaction-api/2.0.1/jakarta.transaction-api-2.0.1.jar:/home/sadsadsa/.m2/repository/org/jboss/logging/jboss-logging/3.6.1.Final/jboss-logging-3.6.1.Final.jar:/home/sadsadsa/.m2/repository/org/hibernate/common/hibernate-commons-annotations/7.0.3.Final/hibernate-commons-annotations-7.0.3.Final.jar:/home/sadsadsa/.m2/repository/io/smallrye/jandex/3.2.0/jandex-3.2.0.jar:/home/sadsadsa/.m2/repository/com/fasterxml/classmate/1.7.0/classmate-1.7.0.jar:/home/sadsadsa/.m2/repository/org/glassfish/jaxb/jaxb-runtime/4.0.5/jaxb-runtime-4.0.5.jar:/home/sadsadsa/.m2/repository/org/glassfish/jaxb/jaxb-core/4.0.5/jaxb-core-4.0.5.jar:/home/sadsadsa/.m2/repository/org/glassfish/jaxb/txw2/4.0.5/txw2-4.0.5.jar:/home/sadsadsa/.m2/repository/com/sun/istack/istack-commons-runtime/4.1.2/istack-commons-runtime-4.1.2.jar:/home/sadsadsa/.m2/repository/jakarta/inject/jakarta.inject-api/2.0.1/jakarta.inject-api-2.0.1.jar:/home/sadsadsa/.m2/repository/org/antlr/antlr4-runtime/4.13.0/antlr4-runtime-4.13.0.jar:/home/sadsadsa/.m2/repository/org/springframework/data/spring-data-jpa/3.4.3/spring-data-jpa-3.4.3.jar:/home/sadsadsa/.m2/repository/org/springframework/spring-orm/6.2.3/spring-orm-6.2.3.jar:/home/sadsadsa/.m2/repository/org/springframework/spring-aspects/6.2.3/spring-aspects-6.2.3.jar:/home/sadsadsa/.m2/repository/org/aspectj/aspectjweaver/1.9.22.1/aspectjweaver-1.9.22.1.jar:/home/sadsadsa/.m2/repository/org/springframework/boot/spring-boot-starter-security/3.4.3/spring-boot-starter-security-3.4.3.jar:/home/sadsadsa/.m2/repository/org/springframework/spring-aop/6.2.3/spring-aop-6.2.3.jar:/home/sadsadsa/.m2/repository/org/springframework/security/spring-security-config/6.4.3/spring-security-config-6.4.3.jar:/home/sadsadsa/.m2/repository/org/springframework/security/spring-security-web/6.4.3/spring-security-web-6.4.3.jar:/home/sadsadsa/.m2/repository/org/springframework/spring-expression/6.2.3/spring-expression-6.2.3.jar:/home/sadsadsa/.m2/repository/org/springframework/boot/spring-boot-starter-web/3.4.3/spring-boot-starter-web-3.4.3.jar:/home/sadsadsa/.m2/repository/org/springframework/boot/spring-boot-starter-json/3.4.3/spring-boot-starter-json-3.4.3.jar:/home/sadsadsa/.m2/repository/org/springframework/boot/spring-boot-starter-tomcat/3.4.3/spring-boot-starter-tomcat-3.4.3.jar:/home/sadsadsa/.m2/repository/org/apache/tomcat/embed/tomcat-embed-core/10.1.36/tomcat-embed-core-10.1.36.jar:/home/sadsadsa/.m2/repository/org/apache/tomcat/embed/tomcat-embed-websocket/10.1.36/tomcat-embed-websocket-10.1.36.jar:/home/sadsadsa/.m2/repository/org/springframework/spring-web/6.2.3/spring-web-6.2.3.jar:/home/sadsadsa/.m2/repository/org/springframework/spring-webmvc/6.2.3/spring-webmvc-6.2.3.jar:/home/sadsadsa/.m2/repository/org/springframework/boot/spring-boot-starter-web-services/3.4.3/spring-boot-starter-web-services-3.4.3.jar:/home/sadsadsa/.m2/repository/com/sun/xml/messaging/saaj/saaj-impl/3.0.4/saaj-impl-3.0.4.jar:/home/sadsadsa/.m2/repository/jakarta/xml/soap/jakarta.xml.soap-api/3.0.2/jakarta.xml.soap-api-3.0.2.jar:/home/sadsadsa/.m2/repository/org/jvnet/staxex/stax-ex/2.1.0/stax-ex-2.1.0.jar:/home/sadsadsa/.m2/repository/org/eclipse/angus/angus-activation/2.0.2/angus-activation-2.0.2.jar:/home/sadsadsa/.m2/repository/jakarta/xml/ws/jakarta.xml.ws-api/4.0.2/jakarta.xml.ws-api-4.0.2.jar:/home/sadsadsa/.m2/repository/org/springframework/spring-oxm/6.2.3/spring-oxm-6.2.3.jar:/home/sadsadsa/.m2/repository/org/springframework/ws/spring-ws-core/4.0.11/spring-ws-core-4.0.11.jar:/home/sadsadsa/.m2/repository/org/springframework/ws/spring-xml/4.0.11/spring-xml-4.0.11.jar:/home/sadsadsa/.m2/repository/org/springframework/boot/spring-boot-devtools/3.4.3/spring-boot-devtools-3.4.3.jar:/home/sadsadsa/.m2/repository/org/springframework/boot/spring-boot/3.4.3/spring-boot-3.4.3.jar:/home/sadsadsa/.m2/repository/org/springframework/boot/spring-boot-autoconfigure/3.4.3/spring-boot-autoconfigure-3.4.3.jar:/home/sadsadsa/.m2/repository/org/springframework/boot/spring-boot-docker-compose/3.4.3/spring-boot-docker-compose-3.4.3.jar:/home/sadsadsa/.m2/repository/com/fasterxml/jackson/module/jackson-module-parameter-names/2.18.2/jackson-module-parameter-names-2.18.2.jar:/home/sadsadsa/.m2/repository/org/postgresql/postgresql/42.7.4/postgresql-42.7.4.jar:/home/sadsadsa/.m2/repository/org/checkerframework/checker-qual/3.42.0/checker-qual-3.42.0.jar:/home/sadsadsa/.m2/repository/org/projectlombok/lombok/1.18.34/lombok-1.18.34.jar:/home/sadsadsa/.m2/repository/org/springframework/boot/spring-boot-starter-test/3.4.3/spring-boot-starter-test-3.4.3.jar:/home/sadsadsa/.m2/repository/org/springframework/boot/spring-boot-test/3.4.3/spring-boot-test-3.4.3.jar:/home/sadsadsa/.m2/repository/org/springframework/boot/spring-boot-test-autoconfigure/3.4.3/spring-boot-test-autoconfigure-3.4.3.jar:/home/sadsadsa/.m2/repository/com/jayway/jsonpath/json-path/2.9.0/json-path-2.9.0.jar:/home/sadsadsa/.m2/repository/jakarta/xml/bind/jakarta.xml.bind-api/4.0.2/jakarta.xml.bind-api-4.0.2.jar:/home/sadsadsa/.m2/repository/net/minidev/json-smart/2.5.2/json-smart-2.5.2.jar:/home/sadsadsa/.m2/repository/net/minidev/accessors-smart/2.5.2/accessors-smart-2.5.2.jar:/home/sadsadsa/.m2/repository/org/ow2/asm/asm/9.7.1/asm-9.7.1.jar:/home/sadsadsa/.m2/repository/org/assertj/assertj-core/3.26.3/assertj-core-3.26.3.jar:/home/sadsadsa/.m2/repository/org/awaitility/awaitility/4.2.2/awaitility-4.2.2.jar:/home/sadsadsa/.m2/repository/org/hamcrest/hamcrest/2.2/hamcrest-2.2.jar:/home/sadsadsa/.m2/repository/org/skyscreamer/jsonassert/1.5.3/jsonassert-1.5.3.jar:/home/sadsadsa/.m2/repository/com/vaadin/external/google/android-json/0.0.20131108.vaadin1/android-json-0.0.20131108.vaadin1.jar:/home/sadsadsa/.m2/repository/org/springframework/spring-core/6.2.3/spring-core-6.2.3.jar:/home/sadsadsa/.m2/repository/org/springframework/spring-jcl/6.2.3/spring-jcl-6.2.3.jar:/home/sadsadsa/.m2/repository/org/springframework/spring-test/6.2.3/spring-test-6.2.3.jar:/home/sadsadsa/.m2/repository/org/xmlunit/xmlunit-core/2.10.0/xmlunit-core-2.10.0.jar:/home/sadsadsa/.m2/repository/org/springframework/security/spring-security-test/6.4.3/spring-security-test-6.4.3.jar:/home/sadsadsa/.m2/repository/org/springframework/security/spring-security-core/6.4.3/spring-security-core-6.4.3.jar:/home/sadsadsa/.m2/repository/org/springframework/security/spring-security-crypto/6.4.3/spring-security-crypto-6.4.3.jar:/home/sadsadsa/.m2/repository/org/liquibase/liquibase-core/4.29.2/liquibase-core-4.29.2.jar:/home/sadsadsa/.m2/repository/com/opencsv/opencsv/5.9/opencsv-5.9.jar:/home/sadsadsa/.m2/repository/org/yaml/snakeyaml/2.3/snakeyaml-2.3.jar:/home/sadsadsa/.m2/repository/javax/xml/bind/jaxb-api/2.3.1/jaxb-api-2.3.1.jar:/home/sadsadsa/.m2/repository/commons-io/commons-io/2.16.1/commons-io-2.16.1.jar:/home/sadsadsa/.m2/repository/org/apache/commons/commons-collections4/4.4/commons-collections4-4.4.jar:/home/sadsadsa/.m2/repository/org/apache/commons/commons-text/1.12.0/commons-text-1.12.0.jar:/home/sadsadsa/.m2/repository/org/apache/commons/commons-lang3/3.17.0/commons-lang3-3.17.0.jar:/home/sadsadsa/.m2/repository/org/mapstruct/mapstruct/1.5.5.Final/mapstruct-1.5.5.Final.jar:/home/sadsadsa/.m2/repository/io/jsonwebtoken/jjwt-api/0.12.6/jjwt-api-0.12.6.jar:/home/sadsadsa/.m2/repository/io/jsonwebtoken/jjwt-impl/0.12.6/jjwt-impl-0.12.6.jar:/home/sadsadsa/.m2/repository/org/springframework/boot/spring-boot-starter-validation/3.4.3/spring-boot-starter-validation-3.4.3.jar:/home/sadsadsa/.m2/repository/org/apache/tomcat/embed/tomcat-embed-el/10.1.36/tomcat-embed-el-10.1.36.jar:/home/sadsadsa/.m2/repository/org/hibernate/validator/hibernate-validator/8.0.2.Final/hibernate-validator-8.0.2.Final.jar:/home/sadsadsa/.m2/repository/jakarta/validation/jakarta.validation-api/3.0.2/jakarta.validation-api-3.0.2.jar:/home/sadsadsa/.m2/repository/org/springdoc/springdoc-openapi-starter-webmvc-ui/2.8.6/springdoc-openapi-starter-webmvc-ui-2.8.6.jar:/home/sadsadsa/.m2/repository/org/springdoc/springdoc-openapi-starter-webmvc-api/2.8.6/springdoc-openapi-starter-webmvc-api-2.8.6.jar:/home/sadsadsa/.m2/repository/org/springdoc/springdoc-openapi-starter-common/2.8.6/springdoc-openapi-starter-common-2.8.6.jar:/home/sadsadsa/.m2/repository/io/swagger/core/v3/swagger-core-jakarta/2.2.29/swagger-core-jakarta-2.2.29.jar:/home/sadsadsa/.m2/repository/io/swagger/core/v3/swagger-annotations-jakarta/2.2.29/swagger-annotations-jakarta-2.2.29.jar:/home/sadsadsa/.m2/repository/io/swagger/core/v3/swagger-models-jakarta/2.2.29/swagger-models-jakarta-2.2.29.jar:/home/sadsadsa/.m2/repository/com/fasterxml/jackson/dataformat/jackson-dataformat-yaml/2.18.2/jackson-dataformat-yaml-2.18.2.jar:/home/sadsadsa/.m2/repository/org/webjars/swagger-ui/5.20.1/swagger-ui-5.20.1.jar:/home/sadsadsa/.m2/repository/org/webjars/webjars-locator-lite/1.0.1/webjars-locator-lite-1.0.1.jar:/home/sadsadsa/.m2/repository/org/junit/jupiter/junit-jupiter/5.11.4/junit-jupiter-5.11.4.jar:/home/sadsadsa/.m2/repository/org/junit/jupiter/junit-jupiter-api/5.11.4/junit-jupiter-api-5.11.4.jar:/home/sadsadsa/.m2/repository/org/opentest4j/opentest4j/1.3.0/opentest4j-1.3.0.jar:/home/sadsadsa/.m2/repository/org/junit/platform/junit-platform-commons/1.11.4/junit-platform-commons-1.11.4.jar:/home/sadsadsa/.m2/repository/org/junit/jupiter/junit-jupiter-params/5.11.4/junit-jupiter-params-5.11.4.jar:/home/sadsadsa/.m2/repository/org/junit/jupiter/junit-jupiter-engine/5.11.4/junit-jupiter-engine-5.11.4.jar:/home/sadsadsa/.m2/repository/org/junit/platform/junit-platform-launcher/1.11.4/junit-platform-launcher-1.11.4.jar:/home/sadsadsa/.m2/repository/org/junit/platform/junit-platform-engine/1.11.4/junit-platform-engine-1.11.4.jar:/home/sadsadsa/.m2/repository/org/apiguardian/apiguardian-api/1.1.2/apiguardian-api-1.1.2.jar:/home/sadsadsa/.m2/repository/com/h2database/h2/2.3.232/h2-2.3.232.jar:/home/sadsadsa/.m2/repository/org/springframework/boot/spring-boot-starter-actuator/3.4.3/spring-boot-starter-actuator-3.4.3.jar:/home/sadsadsa/.m2/repository/org/springframework/boot/spring-boot-actuator-autoconfigure/3.4.3/spring-boot-actuator-autoconfigure-3.4.3.jar:/home/sadsadsa/.m2/repository/org/springframework/boot/spring-boot-actuator/3.4.3/spring-boot-actuator-3.4.3.jar:/home/sadsadsa/.m2/repository/io/micrometer/micrometer-observation/1.14.4/micrometer-observation-1.14.4.jar:/home/sadsadsa/.m2/repository/io/micrometer/micrometer-commons/1.14.4/micrometer-commons-1.14.4.jar:/home/sadsadsa/.m2/repository/io/micrometer/micrometer-jakarta9/1.14.4/micrometer-jakarta9-1.14.4.jar:/home/sadsadsa/.m2/repository/io/micrometer/micrometer-core/1.14.4/micrometer-core-1.14.4.jar:/home/sadsadsa/.m2/repository/org/hdrhistogram/HdrHistogram/2.2.2/HdrHistogram-2.2.2.jar:/home/sadsadsa/.m2/repository/org/latencyutils/LatencyUtils/2.0.3/LatencyUtils-2.0.3.jar:/home/sadsadsa/.m2/repository/org/springframework/boot/spring-boot-starter-log4j2/3.4.3/spring-boot-starter-log4j2-3.4.3.jar:/home/sadsadsa/.m2/repository/org/apache/logging/log4j/log4j-slf4j2-impl/2.24.3/log4j-slf4j2-impl-2.24.3.jar:/home/sadsadsa/.m2/repository/org/apache/logging/log4j/log4j-api/2.24.3/log4j-api-2.24.3.jar:/home/sadsadsa/.m2/repository/org/apache/logging/log4j/log4j-core/2.24.3/log4j-core-2.24.3.jar:/home/sadsadsa/.m2/repository/org/apache/logging/log4j/log4j-jul/2.24.3/log4j-jul-2.24.3.jar:/home/sadsadsa/.m2/repository/jakarta/activation/jakarta.activation-api/2.1.2/jakarta.activation-api-2.1.2.jar:/home/sadsadsa/.m2/repository/io/jsonwebtoken/jjwt-jackson/0.12.6/jjwt-jackson-0.12.6.jar:/home/sadsadsa/.m2/repository/org/springframework/boot/spring-boot-starter-webflux/3.4.3/spring-boot-starter-webflux-3.4.3.jar:/home/sadsadsa/.m2/repository/org/springframework/boot/spring-boot-starter-reactor-netty/3.4.3/spring-boot-starter-reactor-netty-3.4.3.jar:/home/sadsadsa/.m2/repository/io/projectreactor/netty/reactor-netty-http/1.2.3/reactor-netty-http-1.2.3.jar:/home/sadsadsa/.m2/repository/io/netty/netty-codec-http/4.1.118.Final/netty-codec-http-4.1.118.Final.jar:/home/sadsadsa/.m2/repository/io/netty/netty-common/4.1.118.Final/netty-common-4.1.118.Final.jar:/home/sadsadsa/.m2/repository/io/netty/netty-buffer/4.1.118.Final/netty-buffer-4.1.118.Final.jar:/home/sadsadsa/.m2/repository/io/netty/netty-transport/4.1.118.Final/netty-transport-4.1.118.Final.jar:/home/sadsadsa/.m2/repository/io/netty/netty-codec/4.1.118.Final/netty-codec-4.1.118.Final.jar:/home/sadsadsa/.m2/repository/io/netty/netty-handler/4.1.118.Final/netty-handler-4.1.118.Final.jar:/home/sadsadsa/.m2/repository/io/netty/netty-codec-http2/4.1.118.Final/netty-codec-http2-4.1.118.Final.jar:/home/sadsadsa/.m2/repository/io/netty/netty-resolver-dns/4.1.118.Final/netty-resolver-dns-4.1.118.Final.jar:/home/sadsadsa/.m2/repository/io/netty/netty-resolver/4.1.118.Final/netty-resolver-4.1.118.Final.jar:/home/sadsadsa/.m2/repository/io/netty/netty-codec-dns/4.1.118.Final/netty-codec-dns-4.1.118.Final.jar:/home/sadsadsa/.m2/repository/io/netty/netty-resolver-dns-native-macos/4.1.118.Final/netty-resolver-dns-native-macos-4.1.118.Final-osx-x86_64.jar:/home/sadsadsa/.m2/repository/io/netty/netty-resolver-dns-classes-macos/4.1.118.Final/netty-resolver-dns-classes-macos-4.1.118.Final.jar:/home/sadsadsa/.m2/repository/io/netty/netty-transport-native-epoll/4.1.118.Final/netty-transport-native-epoll-4.1.118.Final-linux-x86_64.jar:/home/sadsadsa/.m2/repository/io/netty/netty-transport-native-unix-common/4.1.118.Final/netty-transport-native-unix-common-4.1.118.Final.jar:/home/sadsadsa/.m2/repository/io/netty/netty-transport-classes-epoll/4.1.118.Final/netty-transport-classes-epoll-4.1.118.Final.jar:/home/sadsadsa/.m2/repository/io/projectreactor/netty/reactor-netty-core/1.2.3/reactor-netty-core-1.2.3.jar:/home/sadsadsa/.m2/repository/io/netty/netty-handler-proxy/4.1.118.Final/netty-handler-proxy-4.1.118.Final.jar:/home/sadsadsa/.m2/repository/io/netty/netty-codec-socks/4.1.118.Final/netty-codec-socks-4.1.118.Final.jar:/home/sadsadsa/.m2/repository/org/springframework/spring-webflux/6.2.3/spring-webflux-6.2.3.jar:/home/sadsadsa/.m2/repository/io/projectreactor/reactor-core/3.7.3/reactor-core-3.7.3.jar:/home/sadsadsa/.m2/repository/org/reactivestreams/reactive-streams/1.0.4/reactive-streams-1.0.4.jar:/home/sadsadsa/.m2/repository/com/google/genai/google-genai/1.0.0/google-genai-1.0.0.jar:/home/sadsadsa/.m2/repository/com/google/auth/google-auth-library-oauth2-http/1.30.1/google-auth-library-oauth2-http-1.30.1.jar:/home/sadsadsa/.m2/repository/com/google/auto/value/auto-value-annotations/1.11.0/auto-value-annotations-1.11.0.jar:/home/sadsadsa/.m2/repository/com/google/code/findbugs/jsr305/3.0.2/jsr305-3.0.2.jar:/home/sadsadsa/.m2/repository/com/google/auth/google-auth-library-credentials/1.30.1/google-auth-library-credentials-1.30.1.jar:/home/sadsadsa/.m2/repository/com/google/http-client/google-http-client/1.45.2/google-http-client-1.45.2.jar:/home/sadsadsa/.m2/repository/io/grpc/grpc-context/1.68.2/grpc-context-1.68.2.jar:/home/sadsadsa/.m2/repository/io/grpc/grpc-api/1.68.2/grpc-api-1.68.2.jar:/home/sadsadsa/.m2/repository/io/opencensus/opencensus-api/0.31.1/opencensus-api-0.31.1.jar:/home/sadsadsa/.m2/repository/io/opencensus/opencensus-contrib-http-util/0.31.1/opencensus-contrib-http-util-0.31.1.jar:/home/sadsadsa/.m2/repository/com/google/http-client/google-http-client-gson/1.45.2/google-http-client-gson-1.45.2.jar:/home/sadsadsa/.m2/repository/com/google/code/gson/gson/2.11.0/gson-2.11.0.jar:/home/sadsadsa/.m2/repository/com/google/guava/guava/33.3.1-android/guava-33.3.1-android.jar:/home/sadsadsa/.m2/repository/com/google/guava/failureaccess/1.0.2/failureaccess-1.0.2.jar:/home/sadsadsa/.m2/repository/com/google/guava/listenablefuture/9999.0-empty-to-avoid-conflict-with-guava/listenablefuture-9999.0-empty-to-avoid-conflict-with-guava.jar:/home/sadsadsa/.m2/repository/com/google/errorprone/error_prone_annotations/2.36.0/error_prone_annotations-2.36.0.jar:/home/sadsadsa/.m2/repository/org/apache/httpcomponents/httpclient/4.5.14/httpclient-4.5.14.jar:/home/sadsadsa/.m2/repository/commons-logging/commons-logging/1.2/commons-logging-1.2.jar:/home/sadsadsa/.m2/repository/commons-codec/commons-codec/1.17.2/commons-codec-1.17.2.jar:/home/sadsadsa/.m2/repository/org/apache/httpcomponents/httpcore/4.4.16/httpcore-4.4.16.jar:/home/sadsadsa/.m2/repository/com/google/auto/value/auto-value/1.11.0/auto-value-1.11.0.jar:/home/sadsadsa/.m2/repository/com/google/api/api-common/2.42.1/api-common-2.42.1.jar:/home/sadsadsa/.m2/repository/javax/annotation/javax.annotation-api/1.3.2/javax.annotation-api-1.3.2.jar:/home/sadsadsa/.m2/repository/com/google/j2objc/j2objc-annotations/3.0.0/j2objc-annotations-3.0.0.jar:/home/sadsadsa/.m2/repository/com/fasterxml/jackson/datatype/jackson-datatype-jdk8/2.18.2/jackson-datatype-jdk8-2.18.2.jar:/home/sadsadsa/.m2/repository/com/fasterxml/jackson/datatype/jackson-datatype-jsr310/2.18.2/jackson-datatype-jsr310-2.18.2.jar:/home/sadsadsa/.m2/repository/org/java-websocket/Java-WebSocket/1.6.0/Java-WebSocket-1.6.0.jar:/home/sadsadsa/.m2/repository/org/jspecify/jspecify/1.0.0/jspecify-1.0.0.jar:/home/sadsadsa/.m2/repository/org/mockito/mockito-core/5.14.2/mockito-core-5.14.2.jar:/home/sadsadsa/.m2/repository/net/bytebuddy/byte-buddy/1.15.11/byte-buddy-1.15.11.jar:/home/sadsadsa/.m2/repository/net/bytebuddy/byte-buddy-agent/1.15.11/byte-buddy-agent-1.15.11.jar:/home/sadsadsa/.m2/repository/org/objenesis/objenesis/3.3/objenesis-3.3.jar:/home/sadsadsa/.m2/repository/org/mockito/mockito-junit-jupiter/5.14.2/mockito-junit-jupiter-5.14.2.jar:/home/sadsadsa/.m2/repository/com/fasterxml/jackson/core/jackson-databind/2.18.2/jackson-databind-2.18.2.jar:/home/sadsadsa/.m2/repository/com/fasterxml/jackson/core/jackson-annotations/2.18.2/jackson-annotations-2.18.2.jar:/home/sadsadsa/.m2/repository/com/fasterxml/jackson/core/jackson-core/2.18.2/jackson-core-2.18.2.jar:"/>
    <property name="sun.cpu.endian" value="little"/>
    <property name="user.home" value="/home/sadsadsa"/>
    <property name="user.language" value="en"/>
    <property name="java.specification.vendor" value="Oracle Corporation"/>
    <property name="java.version.date" value="2025-04-15"/>
    <property name="java.home" value="/usr/lib/jvm/java-17-openjdk-amd64"/>
    <property name="file.separator" value="/"/>
    <property name="basedir" value="/mnt/c/Users/Bohdan-Dymydiuk/projects/my-projects/train-up"/>
    <property name="java.vm.compressedOopsMode" value="32-bit"/>
    <property name="line.separator" value="&#10;"/>
    <property name="java.specification.name" value="Java Platform API Specification"/>
    <property name="java.vm.specification.vendor" value="Oracle Corporation"/>
    <property name="FILE_LOG_CHARSET" value="UTF-8"/>
    <property name="java.awt.headless" value="true"/>
    <property name="surefire.real.class.path" value="/mnt/c/Users/Bohdan-Dymydiuk/projects/my-projects/train-up/target/surefire/surefirebooter-20250613172356162_3.jar"/>
    <property name="sun.management.compiler" value="HotSpot 64-Bit Tiered Compilers"/>
    <property name="java.runtime.version" value="17.0.15+6-Ubuntu-0ubuntu124.04"/>
    <property name="user.name" value="sadsadsa"/>
    <property name="path.separator" value=":"/>
    <property name="os.version" value="6.6.87.1-microsoft-standard-WSL2"/>
    <property name="java.runtime.name" value="OpenJDK Runtime Environment"/>
    <property name="file.encoding" value="UTF-8"/>
    <property name="java.vm.name" value="OpenJDK 64-Bit Server VM"/>
    <property name="localRepository" value="/home/sadsadsa/.m2/repository"/>
    <property name="java.vendor.url.bug" value="https://bugs.launchpad.net/ubuntu/+source/openjdk-17"/>
    <property name="java.io.tmpdir" value="/tmp"/>
    <property name="com.zaxxer.hikari.pool_number" value="2"/>
    <property name="java.version" value="17.0.15"/>
    <property name="user.dir" value="/mnt/c/Users/Bohdan-Dymydiuk/projects/my-projects/train-up"/>
    <property name="os.arch" value="amd64"/>
    <property name="java.vm.specification.name" value="Java Virtual Machine Specification"/>
    <property name="PID" value="2176"/>
    <property name="CONSOLE_LOG_CHARSET" value="UTF-8"/>
    <property name="native.encoding" value="UTF-8"/>
    <property name="java.library.path" value="/usr/java/packages/lib:/usr/lib/x86_64-linux-gnu/jni:/lib/x86_64-linux-gnu:/usr/lib/x86_64-linux-gnu:/usr/lib/jni:/lib:/usr/lib"/>
    <property name="java.vm.info" value="mixed mode, sharing"/>
    <property name="java.vendor" value="Ubuntu"/>
    <property name="java.vm.version" value="17.0.15+6-Ubuntu-0ubuntu124.04"/>
    <property name="java.specification.maintenance.version" value="1"/>
    <property name="sun.io.unicode.encoding" value="UnicodeLittle"/>
    <property name="java.class.version" value="61.0"/>
    <property name="LOGGED_APPLICATION_NAME" value="[train-up] "/>
  </properties>
  <testcase name="contextLoads" classname="TrainUpApplicationTest" time="0.025">
    <system-out><![CDATA[2025-06-13 17:24:36.680 [main] DEBUG org.springframework.boot.test.context.SpringBootTestContextBootstrapper - Neither @ContextConfiguration nor @ContextHierarchy found for test class [TrainUpApplicationTest]: using SpringBootContextLoader
2025-06-13 17:24:36.684 [main] DEBUG org.springframework.test.context.support.AbstractContextLoader - Could not detect default resource locations for test class [TrainUpApplicationTest]: no resource found for suffixes {-context.xml, Context.groovy}.
2025-06-13 17:24:36.685 [main] DEBUG org.springframework.boot.test.context.SpringBootTestContextBootstrapper - Using ContextCustomizerFactory implementations for test class [TrainUpApplicationTest]: [ImportsContextCustomizerFactory, ExcludeFilterContextCustomizerFactory, HttpGraphQlTesterContextCustomizerFactory, DuplicateJsonObjectContextCustomizerFactory, MockitoContextCustomizerFactory, TestRestTemplateContextCustomizerFactory, WebTestClientContextCustomizerFactory, DisableReactorResourceFactoryGlobalResourcesContextCustomizerFactory, OnFailureConditionReportContextCustomizerFactory, OverrideAutoConfigurationContextCustomizerFactory, ObservabilityContextCustomizerFactory, TypeExcludeFiltersContextCustomizerFactory, PropertyMappingContextCustomizerFactory, WebDriverContextCustomizerFactory, BeanOverrideContextCustomizerFactory, MockServerContainerContextCustomizerFactory, DynamicPropertiesContextCustomizerFactory]
2025-06-13 17:24:36.688 [main] DEBUG org.springframework.boot.test.context.SpringBootTestContextBootstrapper - Using ContextCustomizers for test class [TrainUpApplicationTest]: [ExcludeFilterContextCustomizer, DuplicateJsonObjectContextCustomizer, MockitoContextCustomizer, TestRestTemplateContextCustomizer, WebTestClientContextCustomizer, DisableReactorResourceFactoryGlobalResourcesContextCustomizerCustomizer, OnFailureConditionReportContextCustomizer, DisableObservabilityContextCustomizer, PropertyMappingContextCustomizer, WebDriverContextCustomizer, DynamicPropertiesContextCustomizer]
2025-06-13 17:24:36.691 [main] DEBUG org.springframework.test.context.util.TestContextSpringFactoriesUtils - Skipping candidate TestExecutionListener [org.springframework.test.context.observation.MicrometerObservationRegistryTestExecutionListener] due to a missing dependency. Specify custom TestExecutionListener classes or make the default TestExecutionListener classes and their required dependencies available. Offending class: io.micrometer.context.ThreadLocalAccessor. MicrometerObservationRegistryTestExecutionListener requires io.micrometer:micrometer-observation:1.10.8 or higher and io.micrometer:context-propagation:1.0.3 or higher.
2025-06-13 17:24:36.692 [main] DEBUG org.springframework.boot.test.context.SpringBootTestContextBootstrapper - Using TestExecutionListeners for test class [TrainUpApplicationTest]: [ServletTestExecutionListener, DirtiesContextBeforeModesTestExecutionListener, ApplicationEventsTestExecutionListener, MockitoTestExecutionListener, BeanOverrideTestExecutionListener, DependencyInjectionTestExecutionListener, DirtiesContextTestExecutionListener, CommonCachesTestExecutionListener, TransactionalTestExecutionListener, SqlScriptsTestExecutionListener, EventPublishingTestExecutionListener, WithSecurityContextTestExecutionListener, ReactorContextTestExecutionListener, ResetMocksTestExecutionListener, RestDocsTestExecutionListener, MockRestServiceServerResetTestExecutionListener, MockMvcPrintOnlyOnFailureTestExecutionListener, WebDriverTestExecutionListener, MockWebServiceServerTestExecutionListener, MockitoResetTestExecutionListener]
2025-06-13 17:24:36.692 [main] DEBUG org.springframework.test.context.support.DirtiesContextBeforeModesTestExecutionListener - Before test class: class [TrainUpApplicationTest], class annotated with @DirtiesContext [false] with mode [null]
2025-06-13 17:24:36.699 [main] INFO  org.springframework.boot.devtools.restart.RestartApplicationListener - Restart disabled due to context in which it is running
2025-06-13 17:24:36.796 [main] DEBUG org.springframework.boot.web.servlet.context.ApplicationServletEnvironment - Activating profiles [test]
2025-06-13 17:24:36.801 [main] DEBUG org.springframework.core.env.PropertySourcesPropertyResolver - Found key 'spring.application.name' in PropertySource 'configurationProperties' with value of type String

  .   ____          _            __ _ _
 /\\ / ___'_ __ _ _(_)_ __  __ _ \ \ \ \
( ( )\___ | '_ | '_| | '_ \/ _` | \ \ \ \
 \\/  ___)| |_)| | | | | || (_| |  ) ) ) )
  '  |____| .__|_| |_|_| |_\__, | / / / /
 =========|_|==============|___/=/_/_/_/

 :: Spring Boot ::                (v3.4.3)

2025-06-13 17:24:36.813 [main] INFO  TrainUpApplicationTest - Starting TrainUpApplicationTest using Java 17.0.15 with PID 2176 (started by sadsadsa in /mnt/c/Users/Bohdan-Dymydiuk/projects/my-projects/train-up)
2025-06-13 17:24:36.815 [main] DEBUG TrainUpApplicationTest - Running with Spring Boot v3.4.3, Spring v6.2.3
2025-06-13 17:24:36.816 [main] INFO  TrainUpApplicationTest - The following 1 profile is active: "test"
2025-06-13 17:24:36.816 [main] DEBUG org.springframework.boot.SpringApplication - Loading source class com.example.trainup.TrainUpApplication
2025-06-13 17:24:36.827 [main] DEBUG org.springframework.web.context.support.GenericWebApplicationContext - Refreshing org.springframework.web.context.support.GenericWebApplicationContext@4d920a01
2025-06-13 17:24:36.828 [main] DEBUG org.springframework.beans.factory.support.DefaultListableBeanFactory - Creating shared instance of singleton bean 'org.springframework.context.annotation.internalConfigurationAnnotationProcessor'
2025-06-13 17:24:36.828 [main] DEBUG org.springframework.beans.factory.support.DefaultListableBeanFactory - Creating shared instance of singleton bean 'org.springframework.boot.autoconfigure.internalCachingMetadataReaderFactory'
2025-06-13 17:24:36.982 [main] DEBUG org.springframework.context.annotation.ClassPathBeanDefinitionScanner - Identified candidate component class: file [/mnt/c/Users/Bohdan-Dymydiuk/projects/my-projects/train-up/target/classes/com/example/trainup/config/GeminiClientConfig.class]
2025-06-13 17:24:36.988 [main] DEBUG org.springframework.context.annotation.ClassPathBeanDefinitionScanner - Identified candidate component class: file [/mnt/c/Users/Bohdan-Dymydiuk/projects/my-projects/train-up/target/classes/com/example/trainup/config/OpenApiConfig.class]
2025-06-13 17:24:36.992 [main] DEBUG org.springframework.context.annotation.ClassPathBeanDefinitionScanner - Identified candidate component class: file [/mnt/c/Users/Bohdan-Dymydiuk/projects/my-projects/train-up/target/classes/com/example/trainup/config/SecurityConfig.class]
2025-06-13 17:24:36.995 [main] DEBUG org.springframework.context.annotation.ClassPathBeanDefinitionScanner - Identified candidate component class: file [/mnt/c/Users/Bohdan-Dymydiuk/projects/my-projects/train-up/target/classes/com/example/trainup/controller/AthleteController.class]
2025-06-13 17:24:36.999 [main] DEBUG org.springframework.context.annotation.ClassPathBeanDefinitionScanner - Identified candidate component class: file [/mnt/c/Users/Bohdan-Dymydiuk/projects/my-projects/train-up/target/classes/com/example/trainup/controller/AuthenticationController.class]
2025-06-13 17:24:37.003 [main] DEBUG org.springframework.context.annotation.ClassPathBeanDefinitionScanner - Identified candidate component class: file [/mnt/c/Users/Bohdan-Dymydiuk/projects/my-projects/train-up/target/classes/com/example/trainup/controller/ChatController.class]
2025-06-13 17:24:37.007 [main] DEBUG org.springframework.context.annotation.ClassPathBeanDefinitionScanner - Identified candidate component class: file [/mnt/c/Users/Bohdan-Dymydiuk/projects/my-projects/train-up/target/classes/com/example/trainup/controller/EventController.class]
2025-06-13 17:24:37.011 [main] DEBUG org.springframework.context.annotation.ClassPathBeanDefinitionScanner - Identified candidate component class: file [/mnt/c/Users/Bohdan-Dymydiuk/projects/my-projects/train-up/target/classes/com/example/trainup/controller/GymController.class]
2025-06-13 17:24:37.014 [main] DEBUG org.springframework.context.annotation.ClassPathBeanDefinitionScanner - Identified candidate component class: file [/mnt/c/Users/Bohdan-Dymydiuk/projects/my-projects/train-up/target/classes/com/example/trainup/controller/ReviewController.class]
2025-06-13 17:24:37.018 [main] DEBUG org.springframework.context.annotation.ClassPathBeanDefinitionScanner - Identified candidate component class: file [/mnt/c/Users/Bohdan-Dymydiuk/projects/my-projects/train-up/target/classes/com/example/trainup/controller/SportController.class]
2025-06-13 17:24:37.021 [main] DEBUG org.springframework.context.annotation.ClassPathBeanDefinitionScanner - Identified candidate component class: file [/mnt/c/Users/Bohdan-Dymydiuk/projects/my-projects/train-up/target/classes/com/example/trainup/controller/TrainerController.class]
2025-06-13 17:24:37.147 [main] DEBUG org.springframework.context.annotation.ClassPathBeanDefinitionScanner - Identified candidate component class: file [/mnt/c/Users/Bohdan-Dymydiuk/projects/my-projects/train-up/target/classes/com/example/trainup/exception/CustomGlobalExceptionHandler.class]
2025-06-13 17:24:37.152 [main] DEBUG org.springframework.context.annotation.ClassPathBeanDefinitionScanner - Identified candidate component class: file [/mnt/c/Users/Bohdan-Dymydiuk/projects/my-projects/train-up/target/classes/com/example/trainup/mapper/AthleteMapperImpl.class]
2025-06-13 17:24:37.158 [main] DEBUG org.springframework.context.annotation.ClassPathBeanDefinitionScanner - Identified candidate component class: file [/mnt/c/Users/Bohdan-Dymydiuk/projects/my-projects/train-up/target/classes/com/example/trainup/mapper/EventMapperImpl.class]
2025-06-13 17:24:37.163 [main] DEBUG org.springframework.context.annotation.ClassPathBeanDefinitionScanner - Identified candidate component class: file [/mnt/c/Users/Bohdan-Dymydiuk/projects/my-projects/train-up/target/classes/com/example/trainup/mapper/GymMapperImpl.class]
2025-06-13 17:24:37.168 [main] DEBUG org.springframework.context.annotation.ClassPathBeanDefinitionScanner - Identified candidate component class: file [/mnt/c/Users/Bohdan-Dymydiuk/projects/my-projects/train-up/target/classes/com/example/trainup/mapper/GymOwnerMapperImpl.class]
2025-06-13 17:24:37.175 [main] DEBUG org.springframework.context.annotation.ClassPathBeanDefinitionScanner - Identified candidate component class: file [/mnt/c/Users/Bohdan-Dymydiuk/projects/my-projects/train-up/target/classes/com/example/trainup/mapper/ReviewMapperImpl.class]
2025-06-13 17:24:37.181 [main] DEBUG org.springframework.context.annotation.ClassPathBeanDefinitionScanner - Identified candidate component class: file [/mnt/c/Users/Bohdan-Dymydiuk/projects/my-projects/train-up/target/classes/com/example/trainup/mapper/SportMapperImpl.class]
2025-06-13 17:24:37.187 [main] DEBUG org.springframework.context.annotation.ClassPathBeanDefinitionScanner - Identified candidate component class: file [/mnt/c/Users/Bohdan-Dymydiuk/projects/my-projects/train-up/target/classes/com/example/trainup/mapper/TrainerMapperImpl.class]
2025-06-13 17:24:37.193 [main] DEBUG org.springframework.context.annotation.ClassPathBeanDefinitionScanner - Identified candidate component class: file [/mnt/c/Users/Bohdan-Dymydiuk/projects/my-projects/train-up/target/classes/com/example/trainup/model/ChatSession.class]
2025-06-13 17:24:37.294 [main] DEBUG org.springframework.context.annotation.ClassPathBeanDefinitionScanner - Identified candidate component class: file [/mnt/c/Users/Bohdan-Dymydiuk/projects/my-projects/train-up/target/classes/com/example/trainup/security/AuthenticationService.class]
2025-06-13 17:24:37.298 [main] DEBUG org.springframework.context.annotation.ClassPathBeanDefinitionScanner - Identified candidate component class: file [/mnt/c/Users/Bohdan-Dymydiuk/projects/my-projects/train-up/target/classes/com/example/trainup/security/CustomUserDetailsService.class]
2025-06-13 17:24:37.301 [main] DEBUG org.springframework.context.annotation.ClassPathBeanDefinitionScanner - Identified candidate component class: file [/mnt/c/Users/Bohdan-Dymydiuk/projects/my-projects/train-up/target/classes/com/example/trainup/security/JwtAuthenticationFilter.class]
2025-06-13 17:24:37.304 [main] DEBUG org.springframework.context.annotation.ClassPathBeanDefinitionScanner - Identified candidate component class: file [/mnt/c/Users/Bohdan-Dymydiuk/projects/my-projects/train-up/target/classes/com/example/trainup/security/JwtUtil.class]
2025-06-13 17:24:37.317 [main] DEBUG org.springframework.context.annotation.ClassPathBeanDefinitionScanner - Identified candidate component class: file [/mnt/c/Users/Bohdan-Dymydiuk/projects/my-projects/train-up/target/classes/com/example/trainup/service/CurrentUserService.class]
2025-06-13 17:24:37.323 [main] DEBUG org.springframework.context.annotation.ClassPathBeanDefinitionScanner - Identified candidate component class: file [/mnt/c/Users/Bohdan-Dymydiuk/projects/my-projects/train-up/target/classes/com/example/trainup/service/EventServiceImpl.class]
2025-06-13 17:24:37.325 [main] DEBUG org.springframework.context.annotation.ClassPathBeanDefinitionScanner - Identified candidate component class: file [/mnt/c/Users/Bohdan-Dymydiuk/projects/my-projects/train-up/target/classes/com/example/trainup/service/GeminiChatService.class]
2025-06-13 17:24:37.331 [main] DEBUG org.springframework.context.annotation.ClassPathBeanDefinitionScanner - Identified candidate component class: file [/mnt/c/Users/Bohdan-Dymydiuk/projects/my-projects/train-up/target/classes/com/example/trainup/service/GymServiceImpl.class]
2025-06-13 17:24:37.336 [main] DEBUG org.springframework.context.annotation.ClassPathBeanDefinitionScanner - Identified candidate component class: file [/mnt/c/Users/Bohdan-Dymydiuk/projects/my-projects/train-up/target/classes/com/example/trainup/service/ReviewServiceImpl.class]
2025-06-13 17:24:37.341 [main] DEBUG org.springframework.context.annotation.ClassPathBeanDefinitionScanner - Identified candidate component class: file [/mnt/c/Users/Bohdan-Dymydiuk/projects/my-projects/train-up/target/classes/com/example/trainup/service/SportServiceImpl.class]
2025-06-13 17:24:37.344 [main] DEBUG org.springframework.context.annotation.ClassPathBeanDefinitionScanner - Identified candidate component class: file [/mnt/c/Users/Bohdan-Dymydiuk/projects/my-projects/train-up/target/classes/com/example/trainup/service/UserCredentialService.class]
2025-06-13 17:24:37.349 [main] DEBUG org.springframework.context.annotation.ClassPathBeanDefinitionScanner - Identified candidate component class: file [/mnt/c/Users/Bohdan-Dymydiuk/projects/my-projects/train-up/target/classes/com/example/trainup/service/users/AthleteServiceImpl.class]
2025-06-13 17:24:37.355 [main] DEBUG org.springframework.context.annotation.ClassPathBeanDefinitionScanner - Identified candidate component class: file [/mnt/c/Users/Bohdan-Dymydiuk/projects/my-projects/train-up/target/classes/com/example/trainup/service/users/GymOwnerServiceImpl.class]
2025-06-13 17:24:37.360 [main] DEBUG org.springframework.context.annotation.ClassPathBeanDefinitionScanner - Identified candidate component class: file [/mnt/c/Users/Bohdan-Dymydiuk/projects/my-projects/train-up/target/classes/com/example/trainup/service/users/TrainerServiceImpl.class]
2025-06-13 17:24:37.365 [main] DEBUG org.springframework.context.annotation.ClassPathBeanDefinitionScanner - Identified candidate component class: file [/mnt/c/Users/Bohdan-Dymydiuk/projects/my-projects/train-up/target/classes/com/example/trainup/validation/EmailUniqueValidator.class]
2025-06-13 17:24:38.973 [main] INFO  org.springframework.data.repository.config.RepositoryConfigurationDelegate - Multiple Spring Data modules found, entering strict repository configuration mode
2025-06-13 17:24:38.974 [main] INFO  org.springframework.data.repository.config.RepositoryConfigurationDelegate - Bootstrapping Spring Data JDBC repositories in DEFAULT mode.
2025-06-13 17:24:38.977 [main] DEBUG org.springframework.beans.factory.support.DefaultListableBeanFactory - Creating shared instance of singleton bean 'org.springframework.boot.autoconfigure.AutoConfigurationPackages'
2025-06-13 17:24:38.977 [main] DEBUG org.springframework.boot.autoconfigure.AutoConfigurationPackages - @EnableAutoConfiguration was declared on a class in the package 'com.example.trainup'. Automatic @Repository and @Entity scanning is enabled.
2025-06-13 17:24:38.977 [main] DEBUG org.springframework.data.repository.config.RepositoryConfigurationDelegate - Scanning for JDBC repositories in packages com.example.trainup.
2025-06-13 17:24:39.264 [main] DEBUG org.springframework.data.repository.config.RepositoryComponentProvider - Identified candidate component class: file [/mnt/c/Users/Bohdan-Dymydiuk/projects/my-projects/train-up/target/classes/com/example/trainup/repository/AddressRepository.class]
2025-06-13 17:24:39.265 [main] DEBUG org.springframework.data.repository.config.RepositoryComponentProvider - Identified candidate component class: file [/mnt/c/Users/Bohdan-Dymydiuk/projects/my-projects/train-up/target/classes/com/example/trainup/repository/AdminRepository.class]
2025-06-13 17:24:39.265 [main] DEBUG org.springframework.data.repository.config.RepositoryComponentProvider - Identified candidate component class: file [/mnt/c/Users/Bohdan-Dymydiuk/projects/my-projects/train-up/target/classes/com/example/trainup/repository/AthleteRepository.class]
2025-06-13 17:24:39.265 [main] DEBUG org.springframework.data.repository.config.RepositoryComponentProvider - Identified candidate component class: file [/mnt/c/Users/Bohdan-Dymydiuk/projects/my-projects/train-up/target/classes/com/example/trainup/repository/EventRepository.class]
2025-06-13 17:24:39.265 [main] DEBUG org.springframework.data.repository.config.RepositoryComponentProvider - Identified candidate component class: file [/mnt/c/Users/Bohdan-Dymydiuk/projects/my-projects/train-up/target/classes/com/example/trainup/repository/GymOwnerRepository.class]
2025-06-13 17:24:39.265 [main] DEBUG org.springframework.data.repository.config.RepositoryComponentProvider - Identified candidate component class: file [/mnt/c/Users/Bohdan-Dymydiuk/projects/my-projects/train-up/target/classes/com/example/trainup/repository/GymRepository.class]
2025-06-13 17:24:39.266 [main] DEBUG org.springframework.data.repository.config.RepositoryComponentProvider - Identified candidate component class: file [/mnt/c/Users/Bohdan-Dymydiuk/projects/my-projects/train-up/target/classes/com/example/trainup/repository/ReviewRepository.class]
2025-06-13 17:24:39.266 [main] DEBUG org.springframework.data.repository.config.RepositoryComponentProvider - Identified candidate component class: file [/mnt/c/Users/Bohdan-Dymydiuk/projects/my-projects/train-up/target/classes/com/example/trainup/repository/RoleRepository.class]
2025-06-13 17:24:39.266 [main] DEBUG org.springframework.data.repository.config.RepositoryComponentProvider - Identified candidate component class: file [/mnt/c/Users/Bohdan-Dymydiuk/projects/my-projects/train-up/target/classes/com/example/trainup/repository/SportRepository.class]
2025-06-13 17:24:39.266 [main] DEBUG org.springframework.data.repository.config.RepositoryComponentProvider - Identified candidate component class: file [/mnt/c/Users/Bohdan-Dymydiuk/projects/my-projects/train-up/target/classes/com/example/trainup/repository/TrainerRepository.class]
2025-06-13 17:24:39.266 [main] DEBUG org.springframework.data.repository.config.RepositoryComponentProvider - Identified candidate component class: file [/mnt/c/Users/Bohdan-Dymydiuk/projects/my-projects/train-up/target/classes/com/example/trainup/repository/UserCredentialsRepository.class]
2025-06-13 17:24:39.366 [main] INFO  org.springframework.data.repository.config.RepositoryConfigurationExtensionSupport - Spring Data JDBC - Could not safely identify store assignment for repository candidate interface com.example.trainup.repository.AddressRepository; If you want this repository to be a JDBC repository, consider annotating your entities with one of these annotations: org.springframework.data.relational.core.mapping.Table.
2025-06-13 17:24:39.366 [main] INFO  org.springframework.data.repository.config.RepositoryConfigurationExtensionSupport - Spring Data JDBC - Could not safely identify store assignment for repository candidate interface com.example.trainup.repository.AdminRepository; If you want this repository to be a JDBC repository, consider annotating your entities with one of these annotations: org.springframework.data.relational.core.mapping.Table.
2025-06-13 17:24:39.366 [main] INFO  org.springframework.data.repository.config.RepositoryConfigurationExtensionSupport - Spring Data JDBC - Could not safely identify store assignment for repository candidate interface com.example.trainup.repository.AthleteRepository; If you want this repository to be a JDBC repository, consider annotating your entities with one of these annotations: org.springframework.data.relational.core.mapping.Table.
2025-06-13 17:24:39.367 [main] INFO  org.springframework.data.repository.config.RepositoryConfigurationExtensionSupport - Spring Data JDBC - Could not safely identify store assignment for repository candidate interface com.example.trainup.repository.EventRepository; If you want this repository to be a JDBC repository, consider annotating your entities with one of these annotations: org.springframework.data.relational.core.mapping.Table.
2025-06-13 17:24:39.367 [main] INFO  org.springframework.data.repository.config.RepositoryConfigurationExtensionSupport - Spring Data JDBC - Could not safely identify store assignment for repository candidate interface com.example.trainup.repository.GymOwnerRepository; If you want this repository to be a JDBC repository, consider annotating your entities with one of these annotations: org.springframework.data.relational.core.mapping.Table.
2025-06-13 17:24:39.367 [main] INFO  org.springframework.data.repository.config.RepositoryConfigurationExtensionSupport - Spring Data JDBC - Could not safely identify store assignment for repository candidate interface com.example.trainup.repository.GymRepository; If you want this repository to be a JDBC repository, consider annotating your entities with one of these annotations: org.springframework.data.relational.core.mapping.Table.
2025-06-13 17:24:39.367 [main] INFO  org.springframework.data.repository.config.RepositoryConfigurationExtensionSupport - Spring Data JDBC - Could not safely identify store assignment for repository candidate interface com.example.trainup.repository.ReviewRepository; If you want this repository to be a JDBC repository, consider annotating your entities with one of these annotations: org.springframework.data.relational.core.mapping.Table.
2025-06-13 17:24:39.367 [main] INFO  org.springframework.data.repository.config.RepositoryConfigurationExtensionSupport - Spring Data JDBC - Could not safely identify store assignment for repository candidate interface com.example.trainup.repository.RoleRepository; If you want this repository to be a JDBC repository, consider annotating your entities with one of these annotations: org.springframework.data.relational.core.mapping.Table.
2025-06-13 17:24:39.368 [main] INFO  org.springframework.data.repository.config.RepositoryConfigurationExtensionSupport - Spring Data JDBC - Could not safely identify store assignment for repository candidate interface com.example.trainup.repository.SportRepository; If you want this repository to be a JDBC repository, consider annotating your entities with one of these annotations: org.springframework.data.relational.core.mapping.Table.
2025-06-13 17:24:39.368 [main] INFO  org.springframework.data.repository.config.RepositoryConfigurationExtensionSupport - Spring Data JDBC - Could not safely identify store assignment for repository candidate interface com.example.trainup.repository.TrainerRepository; If you want this repository to be a JDBC repository, consider annotating your entities with one of these annotations: org.springframework.data.relational.core.mapping.Table.
2025-06-13 17:24:39.368 [main] INFO  org.springframework.data.repository.config.RepositoryConfigurationExtensionSupport - Spring Data JDBC - Could not safely identify store assignment for repository candidate interface com.example.trainup.repository.UserCredentialsRepository; If you want this repository to be a JDBC repository, consider annotating your entities with one of these annotations: org.springframework.data.relational.core.mapping.Table.
2025-06-13 17:24:39.368 [main] INFO  org.springframework.data.repository.config.RepositoryConfigurationDelegate - Finished Spring Data repository scanning in 390 ms. Found 0 JDBC repository interfaces.
2025-06-13 17:24:39.377 [main] INFO  org.springframework.data.repository.config.RepositoryConfigurationDelegate - Multiple Spring Data modules found, entering strict repository configuration mode
2025-06-13 17:24:39.377 [main] INFO  org.springframework.data.repository.config.RepositoryConfigurationDelegate - Bootstrapping Spring Data JPA repositories in DEFAULT mode.
2025-06-13 17:24:39.380 [main] DEBUG org.springframework.data.repository.config.RepositoryConfigurationDelegate - Scanning for JPA repositories in packages com.example.trainup.
2025-06-13 17:24:39.533 [main] DEBUG org.springframework.data.repository.config.RepositoryComponentProvider - Identified candidate component class: file [/mnt/c/Users/Bohdan-Dymydiuk/projects/my-projects/train-up/target/classes/com/example/trainup/repository/AddressRepository.class]
2025-06-13 17:24:39.534 [main] DEBUG org.springframework.data.repository.config.RepositoryComponentProvider - Identified candidate component class: file [/mnt/c/Users/Bohdan-Dymydiuk/projects/my-projects/train-up/target/classes/com/example/trainup/repository/AdminRepository.class]
2025-06-13 17:24:39.534 [main] DEBUG org.springframework.data.repository.config.RepositoryComponentProvider - Identified candidate component class: file [/mnt/c/Users/Bohdan-Dymydiuk/projects/my-projects/train-up/target/classes/com/example/trainup/repository/AthleteRepository.class]
2025-06-13 17:24:39.534 [main] DEBUG org.springframework.data.repository.config.RepositoryComponentProvider - Identified candidate component class: file [/mnt/c/Users/Bohdan-Dymydiuk/projects/my-projects/train-up/target/classes/com/example/trainup/repository/EventRepository.class]
2025-06-13 17:24:39.535 [main] DEBUG org.springframework.data.repository.config.RepositoryComponentProvider - Identified candidate component class: file [/mnt/c/Users/Bohdan-Dymydiuk/projects/my-projects/train-up/target/classes/com/example/trainup/repository/GymOwnerRepository.class]
2025-06-13 17:24:39.535 [main] DEBUG org.springframework.data.repository.config.RepositoryComponentProvider - Identified candidate component class: file [/mnt/c/Users/Bohdan-Dymydiuk/projects/my-projects/train-up/target/classes/com/example/trainup/repository/GymRepository.class]
2025-06-13 17:24:39.535 [main] DEBUG org.springframework.data.repository.config.RepositoryComponentProvider - Identified candidate component class: file [/mnt/c/Users/Bohdan-Dymydiuk/projects/my-projects/train-up/target/classes/com/example/trainup/repository/ReviewRepository.class]
2025-06-13 17:24:39.535 [main] DEBUG org.springframework.data.repository.config.RepositoryComponentProvider - Identified candidate component class: file [/mnt/c/Users/Bohdan-Dymydiuk/projects/my-projects/train-up/target/classes/com/example/trainup/repository/RoleRepository.class]
2025-06-13 17:24:39.535 [main] DEBUG org.springframework.data.repository.config.RepositoryComponentProvider - Identified candidate component class: file [/mnt/c/Users/Bohdan-Dymydiuk/projects/my-projects/train-up/target/classes/com/example/trainup/repository/SportRepository.class]
2025-06-13 17:24:39.536 [main] DEBUG org.springframework.data.repository.config.RepositoryComponentProvider - Identified candidate component class: file [/mnt/c/Users/Bohdan-Dymydiuk/projects/my-projects/train-up/target/classes/com/example/trainup/repository/TrainerRepository.class]
2025-06-13 17:24:39.536 [main] DEBUG org.springframework.data.repository.config.RepositoryComponentProvider - Identified candidate component class: file [/mnt/c/Users/Bohdan-Dymydiuk/projects/my-projects/train-up/target/classes/com/example/trainup/repository/UserCredentialsRepository.class]
2025-06-13 17:24:39.727 [main] DEBUG org.springframework.context.annotation.ClassPathScanningCandidateComponentProvider - Identified candidate component class: file [/mnt/c/Users/Bohdan-Dymydiuk/projects/my-projects/train-up/target/classes/com/example/trainup/mapper/AthleteMapperImpl.class]
2025-06-13 17:24:39.727 [main] DEBUG org.springframework.context.annotation.ClassPathScanningCandidateComponentProvider - Identified candidate component class: file [/mnt/c/Users/Bohdan-Dymydiuk/projects/my-projects/train-up/target/classes/com/example/trainup/mapper/EventMapperImpl.class]
2025-06-13 17:24:39.727 [main] DEBUG org.springframework.context.annotation.ClassPathScanningCandidateComponentProvider - Identified candidate component class: file [/mnt/c/Users/Bohdan-Dymydiuk/projects/my-projects/train-up/target/classes/com/example/trainup/mapper/GymMapperImpl.class]
2025-06-13 17:24:39.728 [main] DEBUG org.springframework.context.annotation.ClassPathScanningCandidateComponentProvider - Identified candidate component class: file [/mnt/c/Users/Bohdan-Dymydiuk/projects/my-projects/train-up/target/classes/com/example/trainup/mapper/GymOwnerMapperImpl.class]
2025-06-13 17:24:39.728 [main] DEBUG org.springframework.context.annotation.ClassPathScanningCandidateComponentProvider - Identified candidate component class: file [/mnt/c/Users/Bohdan-Dymydiuk/projects/my-projects/train-up/target/classes/com/example/trainup/mapper/ReviewMapperImpl.class]
2025-06-13 17:24:39.728 [main] DEBUG org.springframework.context.annotation.ClassPathScanningCandidateComponentProvider - Identified candidate component class: file [/mnt/c/Users/Bohdan-Dymydiuk/projects/my-projects/train-up/target/classes/com/example/trainup/mapper/SportMapperImpl.class]
2025-06-13 17:24:39.728 [main] DEBUG org.springframework.context.annotation.ClassPathScanningCandidateComponentProvider - Identified candidate component class: file [/mnt/c/Users/Bohdan-Dymydiuk/projects/my-projects/train-up/target/classes/com/example/trainup/mapper/TrainerMapperImpl.class]
2025-06-13 17:24:39.728 [main] DEBUG org.springframework.context.annotation.ClassPathScanningCandidateComponentProvider - Identified candidate component class: file [/mnt/c/Users/Bohdan-Dymydiuk/projects/my-projects/train-up/target/classes/com/example/trainup/service/EventServiceImpl.class]
2025-06-13 17:24:39.728 [main] DEBUG org.springframework.context.annotation.ClassPathScanningCandidateComponentProvider - Identified candidate component class: file [/mnt/c/Users/Bohdan-Dymydiuk/projects/my-projects/train-up/target/classes/com/example/trainup/service/GymServiceImpl.class]
2025-06-13 17:24:39.728 [main] DEBUG org.springframework.context.annotation.ClassPathScanningCandidateComponentProvider - Identified candidate component class: file [/mnt/c/Users/Bohdan-Dymydiuk/projects/my-projects/train-up/target/classes/com/example/trainup/service/ReviewServiceImpl.class]
2025-06-13 17:24:39.729 [main] DEBUG org.springframework.context.annotation.ClassPathScanningCandidateComponentProvider - Identified candidate component class: file [/mnt/c/Users/Bohdan-Dymydiuk/projects/my-projects/train-up/target/classes/com/example/trainup/service/SportServiceImpl.class]
2025-06-13 17:24:39.729 [main] DEBUG org.springframework.context.annotation.ClassPathScanningCandidateComponentProvider - Identified candidate component class: file [/mnt/c/Users/Bohdan-Dymydiuk/projects/my-projects/train-up/target/classes/com/example/trainup/service/users/AthleteServiceImpl.class]
2025-06-13 17:24:39.729 [main] DEBUG org.springframework.context.annotation.ClassPathScanningCandidateComponentProvider - Identified candidate component class: file [/mnt/c/Users/Bohdan-Dymydiuk/projects/my-projects/train-up/target/classes/com/example/trainup/service/users/GymOwnerServiceImpl.class]
2025-06-13 17:24:39.729 [main] DEBUG org.springframework.context.annotation.ClassPathScanningCandidateComponentProvider - Identified candidate component class: file [/mnt/c/Users/Bohdan-Dymydiuk/projects/my-projects/train-up/target/classes/com/example/trainup/service/users/TrainerServiceImpl.class]
2025-06-13 17:24:39.973 [main] INFO  org.springframework.data.repository.config.RepositoryConfigurationDelegate - Finished Spring Data repository scanning in 591 ms. Found 11 JPA repository interfaces.
2025-06-13 17:24:40.003 [main] DEBUG org.springframework.beans.factory.support.DefaultListableBeanFactory - Creating shared instance of singleton bean 'springSecurityHandlerMappingIntrospectorBeanDefinitionRegistryPostProcessor'
2025-06-13 17:24:40.007 [main] DEBUG org.springframework.beans.factory.support.DefaultListableBeanFactory - Creating shared instance of singleton bean 'propertySourcesPlaceholderConfigurer'
2025-06-13 17:24:40.009 [main] DEBUG org.springframework.beans.factory.support.DefaultListableBeanFactory - Creating shared instance of singleton bean 'org.springframework.boot.test.mock.mockito.MockitoPostProcessor'
2025-06-13 17:24:40.010 [main] DEBUG org.springframework.beans.factory.support.DefaultListableBeanFactory - Creating shared instance of singleton bean 'org.springframework.boot.sql.init.dependency.DatabaseInitializationDependencyConfigurer$DependsOnDatabaseInitializationPostProcessor'
2025-06-13 17:24:40.010 [main] DEBUG org.springframework.beans.factory.support.DefaultListableBeanFactory - Creating shared instance of singleton bean 'emBeanDefinitionRegistrarPostProcessor'
2025-06-13 17:24:40.020 [main] DEBUG org.springframework.beans.factory.support.DefaultListableBeanFactory - Creating shared instance of singleton bean 'org.springframework.context.event.internalEventListenerProcessor'
2025-06-13 17:24:40.020 [main] DEBUG org.springframework.beans.factory.support.DefaultListableBeanFactory - Creating shared instance of singleton bean 'preserveErrorControllerTargetClassPostProcessor'
2025-06-13 17:24:40.020 [main] DEBUG org.springframework.beans.factory.support.DefaultListableBeanFactory - Creating shared instance of singleton bean 'conversionServicePostProcessor'
2025-06-13 17:24:40.021 [main] DEBUG org.springframework.beans.factory.support.DefaultListableBeanFactory - Creating shared instance of singleton bean 'org.springframework.context.event.internalEventListenerFactory'
2025-06-13 17:24:40.021 [main] DEBUG org.springframework.beans.factory.support.DefaultListableBeanFactory - Creating shared instance of singleton bean 'org.springframework.transaction.config.internalTransactionalEventListenerFactory'
2025-06-13 17:24:40.023 [main] DEBUG org.springframework.beans.factory.support.DefaultListableBeanFactory - Creating shared instance of singleton bean 'org.springframework.boot.test.mock.mockito.MockitoPostProcessor$SpyPostProcessor'
2025-06-13 17:24:40.024 [main] DEBUG org.springframework.beans.factory.support.DefaultListableBeanFactory - Creating shared instance of singleton bean 'org.springframework.context.annotation.internalAutowiredAnnotationProcessor'
2025-06-13 17:24:40.025 [main] DEBUG org.springframework.beans.factory.support.DefaultListableBeanFactory - Creating shared instance of singleton bean 'org.springframework.context.annotation.internalCommonAnnotationProcessor'
2025-06-13 17:24:40.026 [main] DEBUG org.springframework.beans.factory.support.DefaultListableBeanFactory - Creating shared instance of singleton bean 'org.springframework.context.annotation.internalPersistenceAnnotationProcessor'
2025-06-13 17:24:40.026 [main] DEBUG org.springframework.beans.factory.support.DefaultListableBeanFactory - Creating shared instance of singleton bean 'org.springframework.boot.context.properties.ConfigurationPropertiesBindingPostProcessor'
2025-06-13 17:24:40.026 [main] DEBUG org.springframework.beans.factory.support.DefaultListableBeanFactory - Creating shared instance of singleton bean 'org.springframework.boot.context.internalConfigurationPropertiesBinder'
2025-06-13 17:24:40.027 [main] DEBUG org.springframework.beans.factory.support.DefaultListableBeanFactory - Creating shared instance of singleton bean 'jdbcConnectionDetailsHikariBeanPostProcessor'
2025-06-13 17:24:40.028 [main] DEBUG org.springframework.beans.factory.support.DefaultListableBeanFactory - Creating shared instance of singleton bean 'org.springframework.aop.config.internalAutoProxyCreator'
2025-06-13 17:24:40.029 [main] DEBUG org.springframework.beans.factory.support.DefaultListableBeanFactory - Creating shared instance of singleton bean 'methodValidationPostProcessor'
2025-06-13 17:24:40.029 [main] DEBUG org.springframework.beans.factory.support.DefaultListableBeanFactory - Autowiring by type from bean name 'methodValidationPostProcessor' via factory method to bean named 'environment'
2025-06-13 17:24:40.033 [main] DEBUG org.springframework.beans.factory.support.DefaultListableBeanFactory - Creating shared instance of singleton bean 'org.springframework.boot.context.properties.EnableConfigurationPropertiesRegistrar.methodValidationExcludeFilter'
2025-06-13 17:24:40.035 [main] DEBUG org.springframework.beans.factory.support.DefaultListableBeanFactory - Creating shared instance of singleton bean 'persistenceExceptionTranslationPostProcessor'
2025-06-13 17:24:40.035 [main] DEBUG org.springframework.beans.factory.support.DefaultListableBeanFactory - Autowiring by type from bean name 'persistenceExceptionTranslationPostProcessor' via factory method to bean named 'environment'
2025-06-13 17:24:40.035 [main] DEBUG org.springframework.beans.factory.support.DefaultListableBeanFactory - Creating shared instance of singleton bean 'annotationActionEndpointMapping'
2025-06-13 17:24:40.036 [main] DEBUG org.springframework.beans.factory.support.DefaultListableBeanFactory - Creating shared instance of singleton bean 'org.springframework.ws.config.annotation.DelegatingWsConfiguration'
2025-06-13 17:24:40.038 [main] WARN  org.springframework.context.support.PostProcessorRegistrationDelegate$BeanPostProcessorChecker - Bean 'org.springframework.ws.config.annotation.DelegatingWsConfiguration' of type [org.springframework.ws.config.annotation.DelegatingWsConfiguration$$SpringCGLIB$$0] is not eligible for getting processed by all BeanPostProcessors (for example: not eligible for auto-proxying). The currently created BeanPostProcessor [annotationActionEndpointMapping] is declared through a non-static factory method on that class; consider declaring it as static instead.
2025-06-13 17:24:40.040 [main] INFO  org.springframework.ws.soap.addressing.server.AnnotationActionEndpointMapping - Supporting [WS-Addressing August 2004, WS-Addressing 1.0]
2025-06-13 17:24:40.044 [main] DEBUG org.springframework.beans.factory.support.DefaultListableBeanFactory - Creating shared instance of singleton bean 'webServerFactoryCustomizerBeanPostProcessor'
2025-06-13 17:24:40.044 [main] DEBUG org.springframework.beans.factory.support.DefaultListableBeanFactory - Creating shared instance of singleton bean 'errorPageRegistrarBeanPostProcessor'
2025-06-13 17:24:40.044 [main] DEBUG org.springframework.beans.factory.support.DefaultListableBeanFactory - Creating shared instance of singleton bean 'healthEndpointGroupsBeanPostProcessor'
2025-06-13 17:24:40.045 [main] DEBUG org.springframework.beans.factory.support.DefaultListableBeanFactory - Creating shared instance of singleton bean 'preFilterAuthorizationAdvisor'
2025-06-13 17:24:40.046 [main] DEBUG org.springframework.beans.factory.support.DefaultListableBeanFactory - Creating shared instance of singleton bean 'preFilterAuthorizationMethodInterceptor'
2025-06-13 17:24:40.047 [main] DEBUG org.springframework.beans.factory.support.DefaultListableBeanFactory - Creating shared instance of singleton bean 'preAuthorizeAuthorizationAdvisor'
2025-06-13 17:24:40.047 [main] DEBUG org.springframework.beans.factory.support.DefaultListableBeanFactory - Creating shared instance of singleton bean 'preAuthorizeAuthorizationMethodInterceptor'
2025-06-13 17:24:40.048 [main] DEBUG org.springframework.beans.factory.support.DefaultListableBeanFactory - Creating shared instance of singleton bean 'postFilterAuthorizationAdvisor'
2025-06-13 17:24:40.048 [main] DEBUG org.springframework.beans.factory.support.DefaultListableBeanFactory - Creating shared instance of singleton bean 'postFilterAuthorizationMethodInterceptor'
2025-06-13 17:24:40.048 [main] DEBUG org.springframework.beans.factory.support.DefaultListableBeanFactory - Creating shared instance of singleton bean 'postAuthorizeAuthorizationAdvisor'
2025-06-13 17:24:40.048 [main] DEBUG org.springframework.beans.factory.support.DefaultListableBeanFactory - Creating shared instance of singleton bean 'postAuthorizeAuthorizationMethodInterceptor'
2025-06-13 17:24:40.049 [main] DEBUG org.springframework.beans.factory.support.DefaultListableBeanFactory - Creating shared instance of singleton bean 'authorizeReturnObjectAdvisor'
2025-06-13 17:24:40.049 [main] DEBUG org.springframework.beans.factory.support.DefaultListableBeanFactory - Creating shared instance of singleton bean 'authorizeReturnObjectMethodInterceptor'
2025-06-13 17:24:40.049 [main] DEBUG org.springframework.beans.factory.support.DefaultListableBeanFactory - Creating shared instance of singleton bean 'authorizationProxyFactory'
2025-06-13 17:24:40.050 [main] DEBUG org.springframework.beans.factory.support.DefaultListableBeanFactory - Autowiring by type from bean name 'authorizeReturnObjectMethodInterceptor' via factory method to bean named 'authorizationProxyFactory'
2025-06-13 17:24:40.052 [main] DEBUG org.springframework.beans.factory.support.DefaultListableBeanFactory - Creating shared instance of singleton bean 'org.springframework.transaction.config.internalTransactionAdvisor'
2025-06-13 17:24:40.052 [main] DEBUG org.springframework.beans.factory.support.DefaultListableBeanFactory - Creating shared instance of singleton bean 'org.springframework.transaction.annotation.ProxyTransactionManagementConfiguration'
2025-06-13 17:24:40.055 [main] DEBUG org.springframework.aop.aspectj.annotation.ReflectiveAspectJAdvisorFactory - Found AspectJ method: public java.lang.Object io.micrometer.observation.aop.ObservedAspect.observeClass(org.aspectj.lang.ProceedingJoinPoint) throws java.lang.Throwable
2025-06-13 17:24:40.056 [main] DEBUG org.springframework.aop.aspectj.annotation.ReflectiveAspectJAdvisorFactory - Found AspectJ method: public java.lang.Object io.micrometer.observation.aop.ObservedAspect.observeMethod(org.aspectj.lang.ProceedingJoinPoint) throws java.lang.Throwable
2025-06-13 17:24:40.067 [main] DEBUG org.springframework.beans.factory.support.DefaultListableBeanFactory - Creating shared instance of singleton bean 'transactionAttributeSource'
2025-06-13 17:24:40.074 [main] DEBUG org.springframework.beans.factory.support.DefaultListableBeanFactory - Creating shared instance of singleton bean 'transactionInterceptor'
2025-06-13 17:24:40.074 [main] DEBUG org.springframework.beans.factory.support.DefaultListableBeanFactory - Autowiring by type from bean name 'transactionInterceptor' via factory method to bean named 'transactionAttributeSource'
2025-06-13 17:24:40.075 [main] DEBUG org.springframework.beans.factory.support.DefaultListableBeanFactory - Autowiring by type from bean name 'org.springframework.transaction.config.internalTransactionAdvisor' via factory method to bean named 'transactionAttributeSource'
2025-06-13 17:24:40.076 [main] DEBUG org.springframework.beans.factory.support.DefaultListableBeanFactory - Autowiring by type from bean name 'org.springframework.transaction.config.internalTransactionAdvisor' via factory method to bean named 'transactionInterceptor'
2025-06-13 17:24:40.080 [main] DEBUG org.springframework.beans.factory.support.DefaultListableBeanFactory - Creating shared instance of singleton bean 'meterRegistryPostProcessor'
2025-06-13 17:24:40.082 [main] DEBUG org.springframework.beans.factory.support.DefaultListableBeanFactory - Autowiring by type from bean name 'meterRegistryPostProcessor' via factory method to bean named 'org.springframework.web.context.support.GenericWebApplicationContext@4d920a01'
2025-06-13 17:24:40.086 [main] DEBUG org.springframework.beans.factory.support.DefaultListableBeanFactory - Creating shared instance of singleton bean 'metricsRepositoryMethodInvocationListenerBeanPostProcessor'
2025-06-13 17:24:40.089 [main] DEBUG org.springframework.beans.factory.support.DefaultListableBeanFactory - Creating shared instance of singleton bean 'observationRegistryPostProcessor'
2025-06-13 17:24:40.092 [main] DEBUG org.springframework.beans.factory.support.DefaultListableBeanFactory - Creating shared instance of singleton bean 'projectingArgumentResolverBeanPostProcessor'
2025-06-13 17:24:40.095 [main] DEBUG org.springframework.ui.context.support.UiApplicationContextUtils - Unable to locate ThemeSource with name 'themeSource': using default [org.springframework.ui.context.support.ResourceBundleThemeSource@1dfd414e]
2025-06-13 17:24:40.096 [main] DEBUG org.springframework.beans.factory.support.DefaultListableBeanFactory - Creating shared instance of singleton bean 'org.springframework.test.context.support.internalDynamicPropertyRegistrarBeanInitializer'
2025-06-13 17:24:40.100 [main] DEBUG org.springframework.beans.factory.support.DefaultListableBeanFactory - Creating shared instance of singleton bean 'liquibase'
2025-06-13 17:24:40.101 [main] DEBUG org.springframework.beans.factory.support.DefaultListableBeanFactory - Creating shared instance of singleton bean 'org.springframework.boot.autoconfigure.liquibase.LiquibaseAutoConfiguration$LiquibaseConfiguration'
2025-06-13 17:24:40.104 [main] DEBUG org.springframework.beans.factory.support.DefaultListableBeanFactory - Creating shared instance of singleton bean 'spring.liquibase-org.springframework.boot.autoconfigure.liquibase.LiquibaseProperties'
2025-06-13 17:24:40.105 [main] DEBUG org.springframework.beans.factory.support.DefaultListableBeanFactory - Creating shared instance of singleton bean 'org.springframework.boot.context.properties.BoundConfigurationProperties'
2025-06-13 17:24:40.114 [main] DEBUG org.springframework.beans.factory.support.DefaultListableBeanFactory - Creating shared instance of singleton bean 'liquibaseConnectionDetails'
2025-06-13 17:24:40.115 [main] DEBUG org.springframework.beans.factory.support.DefaultListableBeanFactory - Autowiring by type from bean name 'liquibaseConnectionDetails' via factory method to bean named 'spring.liquibase-org.springframework.boot.autoconfigure.liquibase.LiquibaseProperties'
2025-06-13 17:24:40.117 [main] DEBUG org.springframework.beans.factory.support.DefaultListableBeanFactory - Autowiring by type from bean name 'liquibase' via factory method to bean named 'spring.liquibase-org.springframework.boot.autoconfigure.liquibase.LiquibaseProperties'
2025-06-13 17:24:40.117 [main] DEBUG org.springframework.beans.factory.support.DefaultListableBeanFactory - Autowiring by type from bean name 'liquibase' via factory method to bean named 'liquibaseConnectionDetails'
2025-06-13 17:24:40.119 [main] DEBUG org.springframework.beans.factory.support.DefaultListableBeanFactory - Creating shared instance of singleton bean 'dataSource'
2025-06-13 17:24:40.119 [main] DEBUG org.springframework.beans.factory.support.DefaultListableBeanFactory - Creating shared instance of singleton bean 'org.springframework.boot.autoconfigure.jdbc.DataSourceConfiguration$Hikari'
2025-06-13 17:24:40.122 [main] DEBUG org.springframework.beans.factory.support.DefaultListableBeanFactory - Creating shared instance of singleton bean 'spring.datasource-org.springframework.boot.autoconfigure.jdbc.DataSourceProperties'
2025-06-13 17:24:40.127 [main] DEBUG org.springframework.beans.factory.support.DefaultListableBeanFactory - Creating shared instance of singleton bean 'jdbcConnectionDetails'
2025-06-13 17:24:40.127 [main] DEBUG org.springframework.beans.factory.support.DefaultListableBeanFactory - Creating shared instance of singleton bean 'org.springframework.boot.autoconfigure.jdbc.DataSourceAutoConfiguration$PooledDataSourceConfiguration'
2025-06-13 17:24:40.130 [main] DEBUG org.springframework.beans.factory.support.DefaultListableBeanFactory - Autowiring by type from bean name 'jdbcConnectionDetails' via factory method to bean named 'spring.datasource-org.springframework.boot.autoconfigure.jdbc.DataSourceProperties'
2025-06-13 17:24:40.132 [main] DEBUG org.springframework.beans.factory.support.DefaultListableBeanFactory - Autowiring by type from bean name 'dataSource' via factory method to bean named 'spring.datasource-org.springframework.boot.autoconfigure.jdbc.DataSourceProperties'
2025-06-13 17:24:40.132 [main] DEBUG org.springframework.beans.factory.support.DefaultListableBeanFactory - Autowiring by type from bean name 'dataSource' via factory method to bean named 'jdbcConnectionDetails'
2025-06-13 17:24:40.132 [main] DEBUG com.zaxxer.hikari.HikariConfig - Driver class org.h2.Driver found in Thread context class loader jdk.internal.loader.ClassLoaders$AppClassLoader@30946e09
2025-06-13 17:24:40.144 [main] DEBUG com.zaxxer.hikari.HikariConfig - HikariPool-2 - configuration:
2025-06-13 17:24:40.145 [main] DEBUG com.zaxxer.hikari.HikariConfig - allowPoolSuspension.............false
2025-06-13 17:24:40.145 [main] DEBUG com.zaxxer.hikari.HikariConfig - autoCommit......................true
2025-06-13 17:24:40.145 [main] DEBUG com.zaxxer.hikari.HikariConfig - catalog.........................none
2025-06-13 17:24:40.146 [main] DEBUG com.zaxxer.hikari.HikariConfig - connectionInitSql...............none
2025-06-13 17:24:40.146 [main] DEBUG com.zaxxer.hikari.HikariConfig - connectionTestQuery.............none
2025-06-13 17:24:40.146 [main] DEBUG com.zaxxer.hikari.HikariConfig - connectionTimeout...............30000
2025-06-13 17:24:40.146 [main] DEBUG com.zaxxer.hikari.HikariConfig - dataSource......................none
2025-06-13 17:24:40.146 [main] DEBUG com.zaxxer.hikari.HikariConfig - dataSourceClassName.............none
2025-06-13 17:24:40.147 [main] DEBUG com.zaxxer.hikari.HikariConfig - dataSourceJNDI..................none
2025-06-13 17:24:40.147 [main] DEBUG com.zaxxer.hikari.HikariConfig - dataSourceProperties............{password=<masked>}
2025-06-13 17:24:40.147 [main] DEBUG com.zaxxer.hikari.HikariConfig - driverClassName................."org.h2.Driver"
2025-06-13 17:24:40.147 [main] DEBUG com.zaxxer.hikari.HikariConfig - exceptionOverrideClassName......none
2025-06-13 17:24:40.147 [main] DEBUG com.zaxxer.hikari.HikariConfig - healthCheckProperties...........{}
2025-06-13 17:24:40.147 [main] DEBUG com.zaxxer.hikari.HikariConfig - healthCheckRegistry.............none
2025-06-13 17:24:40.148 [main] DEBUG com.zaxxer.hikari.HikariConfig - idleTimeout.....................600000
2025-06-13 17:24:40.148 [main] DEBUG com.zaxxer.hikari.HikariConfig - initializationFailTimeout.......1
2025-06-13 17:24:40.148 [main] DEBUG com.zaxxer.hikari.HikariConfig - isolateInternalQueries..........false
2025-06-13 17:24:40.148 [main] DEBUG com.zaxxer.hikari.HikariConfig - jdbcUrl.........................jdbc:h2:mem:testdb;DB_CLOSE_DELAY=-1
2025-06-13 17:24:40.148 [main] DEBUG com.zaxxer.hikari.HikariConfig - keepaliveTime...................0
2025-06-13 17:24:40.148 [main] DEBUG com.zaxxer.hikari.HikariConfig - leakDetectionThreshold..........0
2025-06-13 17:24:40.149 [main] DEBUG com.zaxxer.hikari.HikariConfig - maxLifetime.....................1800000
2025-06-13 17:24:40.149 [main] DEBUG com.zaxxer.hikari.HikariConfig - maximumPoolSize.................10
2025-06-13 17:24:40.149 [main] DEBUG com.zaxxer.hikari.HikariConfig - metricRegistry..................none
2025-06-13 17:24:40.149 [main] DEBUG com.zaxxer.hikari.HikariConfig - metricsTrackerFactory...........none
2025-06-13 17:24:40.149 [main] DEBUG com.zaxxer.hikari.HikariConfig - minimumIdle.....................10
2025-06-13 17:24:40.149 [main] DEBUG com.zaxxer.hikari.HikariConfig - password........................<masked>
2025-06-13 17:24:40.150 [main] DEBUG com.zaxxer.hikari.HikariConfig - poolName........................"HikariPool-2"
2025-06-13 17:24:40.150 [main] DEBUG com.zaxxer.hikari.HikariConfig - readOnly........................false
2025-06-13 17:24:40.150 [main] DEBUG com.zaxxer.hikari.HikariConfig - registerMbeans..................false
2025-06-13 17:24:40.150 [main] DEBUG com.zaxxer.hikari.HikariConfig - scheduledExecutor...............none
2025-06-13 17:24:40.150 [main] DEBUG com.zaxxer.hikari.HikariConfig - schema..........................none
2025-06-13 17:24:40.150 [main] DEBUG com.zaxxer.hikari.HikariConfig - threadFactory...................internal
2025-06-13 17:24:40.150 [main] DEBUG com.zaxxer.hikari.HikariConfig - transactionIsolation............default
2025-06-13 17:24:40.151 [main] DEBUG com.zaxxer.hikari.HikariConfig - username........................"sa"
2025-06-13 17:24:40.151 [main] DEBUG com.zaxxer.hikari.HikariConfig - validationTimeout...............5000
2025-06-13 17:24:40.151 [main] INFO  com.zaxxer.hikari.HikariDataSource - HikariPool-2 - Starting...
2025-06-13 17:24:40.152 [main] INFO  com.zaxxer.hikari.pool.HikariPool - HikariPool-2 - Added connection conn10: url=jdbc:h2:mem:testdb user=SA
2025-06-13 17:24:40.153 [main] INFO  com.zaxxer.hikari.HikariDataSource - HikariPool-2 - Start completed.
2025-06-13 17:24:40.154 [main] DEBUG liquibase.database - Connected to SA@jdbc:h2:mem:testdb
2025-06-13 17:24:40.154 [main] DEBUG liquibase.database - Setting auto commit to false from true
2025-06-13 17:24:40.154 [main] INFO  liquibase.database - Set default schema name to PUBLIC
2025-06-13 17:24:40.157 [main] DEBUG liquibase.configuration - Found 'liquibase.command.update.changelogParameters' configuration of 'liquibase.changelog.ChangeLogParameters@6a5af4ca'
    command argument 'changelogParameters' of 'liquibase.changelog.ChangeLogParameters@6a5af4ca'
2025-06-13 17:24:40.160 [main] DEBUG liquibase.configuration - Configuration liquibase.command.update.showSummary is using the default value of SUMMARY
2025-06-13 17:24:40.160 [main] DEBUG liquibase.configuration - Configuration liquibase.command.showSummary is using the default value of SUMMARY
2025-06-13 17:24:40.161 [main] DEBUG liquibase.configuration - Configuration liquibase.command.update.skipDatabaseStep is using the default value of false
2025-06-13 17:24:40.161 [main] DEBUG liquibase.configuration - Configuration liquibase.command.skipDatabaseStep is using the default value of false
2025-06-13 17:24:40.162 [main] DEBUG liquibase.configuration - No configuration value for liquibase.command.update.updateNullChecksums found
2025-06-13 17:24:40.162 [main] DEBUG liquibase.configuration - Configuration liquibase.command.update.updateNullChecksums is using the default value of false
2025-06-13 17:24:40.162 [main] DEBUG liquibase.configuration - Configuration liquibase.command.updateNullChecksums is using the default value of false
2025-06-13 17:24:40.163 [main] DEBUG liquibase.command - Pipeline for command 'update: liquibase.command.core.helpers.DbUrlConnectionArgumentsCommandStep then liquibase.command.core.helpers.ShowSummaryArgument then liquibase.command.core.helpers.DbUrlConnectionCommandStep then liquibase.command.core.helpers.DatabaseChangelogCommandStep then liquibase.command.core.helpers.ChangeExecListenerCommandStep then liquibase.command.core.UpdateCommandStep
2025-06-13 17:24:40.163 [main] DEBUG liquibase.command - Writing output with encoding 'UTF-8'
2025-06-13 17:24:40.163 [main] DEBUG liquibase.command - Executing internal command dbUrlConnectionArguments
2025-06-13 17:24:40.164 [main] DEBUG liquibase.command - Executing internal command showSummary
2025-06-13 17:24:40.164 [main] DEBUG liquibase.configuration - Configuration liquibase.command.update.showSummary is using the default value of SUMMARY
2025-06-13 17:24:40.164 [main] DEBUG liquibase.configuration - Configuration liquibase.command.showSummary is using the default value of SUMMARY
2025-06-13 17:24:40.165 [main] DEBUG liquibase.command - Executing internal command dbUrlConnectionCommandStep
2025-06-13 17:24:40.165 [main] DEBUG liquibase.configuration - Configuration liquibase.command.update.skipDatabaseStep is using the default value of false
2025-06-13 17:24:40.165 [main] DEBUG liquibase.configuration - Configuration liquibase.command.skipDatabaseStep is using the default value of false
2025-06-13 17:24:40.165 [main] DEBUG liquibase.command - Executing internal command changelogCommandStep
2025-06-13 17:24:40.166 [main] DEBUG liquibase.parser - Matched file 'classpath:db.changelog/db.changelog-master.yaml' to parser 'YamlChangeLogParser'
2025-06-13 17:24:40.184 [main] DEBUG liquibase.parser - Matched file 'db.changelog/changes/01-create-roles-table.yaml' to parser 'YamlChangeLogParser'
2025-06-13 17:24:40.203 [main] DEBUG liquibase.parser - Matched file 'db.changelog/changes/02-create-user_credentials-table.yaml' to parser 'YamlChangeLogParser'
2025-06-13 17:24:40.222 [main] DEBUG liquibase.parser - Matched file 'db.changelog/changes/03-create-admins-table.yaml' to parser 'YamlChangeLogParser'
2025-06-13 17:24:40.239 [main] DEBUG liquibase.parser - Matched file 'db.changelog/changes/04-create-athletes-table.yaml' to parser 'YamlChangeLogParser'
2025-06-13 17:24:40.253 [HikariPool-2 housekeeper] DEBUG com.zaxxer.hikari.pool.HikariPool - HikariPool-2 - Pool stats (total=1, active=1, idle=0, waiting=0)
2025-06-13 17:24:40.255 [HikariPool-2 connection adder] DEBUG com.zaxxer.hikari.pool.HikariPool - HikariPool-2 - Added connection conn11: url=jdbc:h2:mem:testdb user=SA
2025-06-13 17:24:40.258 [main] DEBUG liquibase.parser - Matched file 'db.changelog/changes/05-create-athlete_phone_numbers-table.yaml' to parser 'YamlChangeLogParser'
2025-06-13 17:24:40.276 [main] DEBUG liquibase.parser - Matched file 'db.changelog/changes/06-create-sports-table.yaml' to parser 'YamlChangeLogParser'
2025-06-13 17:24:40.285 [HikariPool-2 connection adder] DEBUG com.zaxxer.hikari.pool.HikariPool - HikariPool-2 - After adding stats (total=2, active=1, idle=1, waiting=0)
2025-06-13 17:24:40.286 [HikariPool-2 connection adder] DEBUG com.zaxxer.hikari.pool.HikariPool - HikariPool-2 - Added connection conn12: url=jdbc:h2:mem:testdb user=SA
2025-06-13 17:24:40.296 [main] DEBUG liquibase.parser - Matched file 'db.changelog/changes/07-create-sports_athletes-table.yaml' to parser 'YamlChangeLogParser'
2025-06-13 17:24:40.317 [main] DEBUG liquibase.parser - Matched file 'db.changelog/changes/08-create-gym_owners-table.yaml' to parser 'YamlChangeLogParser'
2025-06-13 17:24:40.317 [HikariPool-2 connection adder] DEBUG com.zaxxer.hikari.pool.HikariPool - HikariPool-2 - After adding stats (total=3, active=1, idle=2, waiting=0)
2025-06-13 17:24:40.318 [HikariPool-2 connection adder] DEBUG com.zaxxer.hikari.pool.HikariPool - HikariPool-2 - Added connection conn13: url=jdbc:h2:mem:testdb user=SA
2025-06-13 17:24:40.334 [main] DEBUG liquibase.parser - Matched file 'db.changelog/changes/09-create-gym_owner_phone_numbers-table.yaml' to parser 'YamlChangeLogParser'
2025-06-13 17:24:40.348 [HikariPool-2 connection adder] DEBUG com.zaxxer.hikari.pool.HikariPool - HikariPool-2 - After adding stats (total=4, active=1, idle=3, waiting=0)
2025-06-13 17:24:40.350 [HikariPool-2 connection adder] DEBUG com.zaxxer.hikari.pool.HikariPool - HikariPool-2 - Added connection conn14: url=jdbc:h2:mem:testdb user=SA
2025-06-13 17:24:40.381 [main] DEBUG liquibase.parser - Matched file 'db.changelog/changes/10-create-addresses-table.yaml' to parser 'YamlChangeLogParser'
2025-06-13 17:24:40.381 [HikariPool-2 connection adder] DEBUG com.zaxxer.hikari.pool.HikariPool - HikariPool-2 - After adding stats (total=5, active=1, idle=4, waiting=0)
2025-06-13 17:24:40.386 [HikariPool-2 connection adder] DEBUG com.zaxxer.hikari.pool.HikariPool - HikariPool-2 - Added connection conn15: url=jdbc:h2:mem:testdb user=SA
2025-06-13 17:24:40.417 [HikariPool-2 connection adder] DEBUG com.zaxxer.hikari.pool.HikariPool - HikariPool-2 - After adding stats (total=6, active=1, idle=5, waiting=0)
2025-06-13 17:24:40.420 [HikariPool-2 connection adder] DEBUG com.zaxxer.hikari.pool.HikariPool - HikariPool-2 - Added connection conn16: url=jdbc:h2:mem:testdb user=SA
2025-06-13 17:24:40.455 [HikariPool-2 connection adder] DEBUG com.zaxxer.hikari.pool.HikariPool - HikariPool-2 - After adding stats (total=7, active=1, idle=6, waiting=0)
2025-06-13 17:24:40.457 [main] DEBUG liquibase.parser - Matched file 'db.changelog/changes/11-create-gyms-table.yaml' to parser 'YamlChangeLogParser'
2025-06-13 17:24:40.460 [HikariPool-2 connection adder] DEBUG com.zaxxer.hikari.pool.HikariPool - HikariPool-2 - Added connection conn17: url=jdbc:h2:mem:testdb user=SA
2025-06-13 17:24:40.490 [HikariPool-2 connection adder] DEBUG com.zaxxer.hikari.pool.HikariPool - HikariPool-2 - After adding stats (total=8, active=1, idle=7, waiting=0)
2025-06-13 17:24:40.492 [HikariPool-2 connection adder] DEBUG com.zaxxer.hikari.pool.HikariPool - HikariPool-2 - Added connection conn18: url=jdbc:h2:mem:testdb user=SA
2025-06-13 17:24:40.497 [main] DEBUG liquibase.parser - Matched file 'db.changelog/changes/12-create-gym_phone_numbers-table.yaml' to parser 'YamlChangeLogParser'
2025-06-13 17:24:40.523 [HikariPool-2 connection adder] DEBUG com.zaxxer.hikari.pool.HikariPool - HikariPool-2 - After adding stats (total=9, active=1, idle=8, waiting=0)
2025-06-13 17:24:40.525 [HikariPool-2 connection adder] DEBUG com.zaxxer.hikari.pool.HikariPool - HikariPool-2 - Added connection conn19: url=jdbc:h2:mem:testdb user=SA
2025-06-13 17:24:40.537 [main] DEBUG liquibase.parser - Matched file 'db.changelog/changes/13-create-gym_working_hours-table.yaml' to parser 'YamlChangeLogParser'
2025-06-13 17:24:40.555 [HikariPool-2 connection adder] DEBUG com.zaxxer.hikari.pool.HikariPool - HikariPool-2 - After adding stats (total=10, active=1, idle=9, waiting=0)
2025-06-13 17:24:40.556 [HikariPool-2 connection adder] DEBUG com.zaxxer.hikari.pool.HikariPool - HikariPool-2 - Connection not added, stats (total=10, active=1, idle=9, waiting=0)
2025-06-13 17:24:40.560 [main] DEBUG liquibase.parser - Matched file 'db.changelog/changes/14-create-sports_gyms-table.yaml' to parser 'YamlChangeLogParser'
2025-06-13 17:24:40.581 [main] DEBUG liquibase.parser - Matched file 'db.changelog/changes/15-create-gym_photos-table.yaml' to parser 'YamlChangeLogParser'
2025-06-13 17:24:40.603 [main] DEBUG liquibase.parser - Matched file 'db.changelog/changes/16-create-trainers-table.yaml' to parser 'YamlChangeLogParser'
2025-06-13 17:24:40.624 [main] DEBUG liquibase.parser - Matched file 'db.changelog/changes/17-create-trainer_phone_numbers-table.yaml' to parser 'YamlChangeLogParser'
2025-06-13 17:24:40.645 [main] DEBUG liquibase.parser - Matched file 'db.changelog/changes/18-create-sports_trainers-table.yaml' to parser 'YamlChangeLogParser'
2025-06-13 17:24:40.666 [main] DEBUG liquibase.parser - Matched file 'db.changelog/changes/19-create-gyms_trainers-table.yaml' to parser 'YamlChangeLogParser'
2025-06-13 17:24:40.689 [main] DEBUG liquibase.parser - Matched file 'db.changelog/changes/20-create-reviews-table.yaml' to parser 'YamlChangeLogParser'
2025-06-13 17:24:40.710 [main] DEBUG liquibase.parser - Matched file 'db.changelog/changes/21-create-events-table.yaml' to parser 'YamlChangeLogParser'
2025-06-13 17:24:40.728 [main] DEBUG liquibase.parser - Matched file 'db.changelog/changes/22-create-user_credentials_roles-table.yaml' to parser 'YamlChangeLogParser'
2025-06-13 17:24:40.747 [main] DEBUG liquibase.parser - Matched file 'db.changelog/changes/23-create-trainer_certificates-table.yaml' to parser 'YamlChangeLogParser'
2025-06-13 17:24:40.764 [main] DEBUG liquibase.parser - Matched file 'db.changelog/changes/24-insert-sports-data.yaml' to parser 'YamlChangeLogParser'
2025-06-13 17:24:40.786 [main] DEBUG liquibase.parser - Matched file 'db.changelog/changes/25-insert-roles-to-roles.yaml' to parser 'YamlChangeLogParser'
2025-06-13 17:24:40.809 [main] DEBUG liquibase.parser - Matched file 'db.changelog/changes/26-insert-admin-to-admins.yaml' to parser 'YamlChangeLogParser'
2025-06-13 17:24:40.833 [main] DEBUG liquibase.parser - Matched file 'db.changelog/changes/27-insert-trainers-for-testing.yaml' to parser 'YamlChangeLogParser'
2025-06-13 17:24:40.870 [main] DEBUG liquibase.parser - Matched file 'db.changelog/changes/28-insert-gym-owner-and-gyms.yaml' to parser 'YamlChangeLogParser'
2025-06-13 17:24:40.902 [main] DEBUG liquibase.configuration - Found 'liquibase.command.update.updateNullChecksums' configuration of 'true'
    command argument 'updateNullChecksums' of 'true'
2025-06-13 17:24:40.934 [main] DEBUG liquibase.servicelocator - Loaded liquibase.diff.compare.DatabaseObjectComparator instance liquibase.diff.compare.core.CatalogComparator
2025-06-13 17:24:40.937 [main] DEBUG liquibase.servicelocator - Loaded liquibase.diff.compare.DatabaseObjectComparator instance liquibase.diff.compare.core.ColumnComparator
2025-06-13 17:24:40.939 [main] DEBUG liquibase.servicelocator - Loaded liquibase.diff.compare.DatabaseObjectComparator instance liquibase.diff.compare.core.DefaultDatabaseObjectComparator
2025-06-13 17:24:40.942 [main] DEBUG liquibase.servicelocator - Loaded liquibase.diff.compare.DatabaseObjectComparator instance liquibase.diff.compare.core.ForeignKeyComparator
2025-06-13 17:24:40.944 [main] DEBUG liquibase.servicelocator - Loaded liquibase.diff.compare.DatabaseObjectComparator instance liquibase.diff.compare.core.IndexComparator
2025-06-13 17:24:40.947 [main] DEBUG liquibase.servicelocator - Loaded liquibase.diff.compare.DatabaseObjectComparator instance liquibase.diff.compare.core.PrimaryKeyComparator
2025-06-13 17:24:40.949 [main] DEBUG liquibase.servicelocator - Loaded liquibase.diff.compare.DatabaseObjectComparator instance liquibase.diff.compare.core.SchemaComparator
2025-06-13 17:24:40.951 [main] DEBUG liquibase.servicelocator - Loaded liquibase.diff.compare.DatabaseObjectComparator instance liquibase.diff.compare.core.TableComparator
2025-06-13 17:24:40.954 [main] DEBUG liquibase.servicelocator - Loaded liquibase.diff.compare.DatabaseObjectComparator instance liquibase.diff.compare.core.UniqueConstraintComparator
2025-06-13 17:24:40.962 [main] DEBUG liquibase.executor - Changelog query completed.
2025-06-13 17:24:40.963 [main] INFO  liquibase.changelog - Reading from PUBLIC.DATABASECHANGELOG
2025-06-13 17:24:40.967 [main] DEBUG liquibase.executor - Changelog query completed.
2025-06-13 17:24:40.970 [main] DEBUG liquibase.servicelocator - Loaded liquibase.lockservice.LockService instance liquibase.lockservice.LockServiceImpl
2025-06-13 17:24:40.970 [main] DEBUG liquibase.servicelocator - Loaded liquibase.lockservice.LockService instance liquibase.lockservice.MockLockService
2025-06-13 17:24:40.970 [main] DEBUG liquibase.servicelocator - Loaded liquibase.lockservice.LockService instance liquibase.lockservice.OfflineLockService
2025-06-13 17:24:40.971 [main] DEBUG liquibase.servicelocator - Loaded liquibase.lockservice.LockService instance liquibase.lockservice.StandardLockService
2025-06-13 17:24:40.972 [main] DEBUG liquibase.executor - Changelog query completed.
2025-06-13 17:24:40.974 [main] DEBUG liquibase.util - Computed checksum for createTable:[
    columns=[
        [
            [
                nullable="false"
                primaryKey="true"
            ]
            autoIncrement="true"
            name="id"
            type="BIGINT"
        ],
        [
            [
                nullable="false"
                unique="true"
            ]
            name="name"
            type="VARCHAR(255)"
        ]
    ]
    tableName="roles"
] as 9d3031c884ba07cdb66eb5a753652c5b
2025-06-13 17:24:40.975 [main] DEBUG liquibase.util - Computed checksum for 9:9d3031c884ba07cdb66eb5a753652c5b: as 89e14b3e9bbfb3a0437b63b3f48a4578
2025-06-13 17:24:40.976 [main] DEBUG liquibase.util - Computed checksum for createTable:[
    columns=[
        [
            [
                nullable="false"
                primaryKey="true"
            ]
            autoIncrement="true"
            name="id"
            type="BIGINT"
        ],
        [
            [
                nullable="false"
                unique="true"
            ]
            name="email"
            type="VARCHAR(255)"
        ],
        [
            [
                nullable="false"
            ]
            name="password"
       ... [truncated in log] as e6e6267c421d7f7057947de393dfa0d7
2025-06-13 17:24:40.976 [main] DEBUG liquibase.util - Computed checksum for 9:e6e6267c421d7f7057947de393dfa0d7: as d9c05a03a1542ac1c442a313831be33d
2025-06-13 17:24:40.977 [main] DEBUG liquibase.util - Computed checksum for createTable:[
    columns=[
        [
            [
                nullable="false"
                primaryKey="true"
            ]
            autoIncrement="true"
            name="id"
            type="BIGINT"
        ],
        [
            [
                nullable="false"
            ]
            name="first_name"
            type="VARCHAR(255)"
        ],
        [
            [
                nullable="false"
            ]
            name="last_name"
            type="VARCHAR(255)"... [truncated in log] as 11aa7df409881a0303ed94634d3b5b4b
2025-06-13 17:24:40.978 [main] DEBUG liquibase.util - Computed checksum for 9:11aa7df409881a0303ed94634d3b5b4b: as bf5b431ae5ea105162190121e6a192ae
2025-06-13 17:24:40.979 [main] DEBUG liquibase.util - Computed checksum for createTable:[
    columns=[
        [
            [
                nullable="false"
                primaryKey="true"
            ]
            autoIncrement="true"
            name="id"
            type="BIGINT"
        ],
        [
            [
                nullable="false"
            ]
            name="first_name"
            type="VARCHAR(255)"
        ],
        [
            [
                nullable="false"
            ]
            name="last_name"
            type="VARCHAR(255)"... [truncated in log] as 8b097651a9c8cdf0f7a378596dce0beb
2025-06-13 17:24:40.979 [main] DEBUG liquibase.util - Computed checksum for 9:8b097651a9c8cdf0f7a378596dce0beb: as 8c67f3d6bbf20ddfdcef1b34f5f205d6
2025-06-13 17:24:40.980 [main] DEBUG liquibase.util - Computed checksum for createTable:[
    columns=[
        [
            [
                foreignKeyName="fk_athlete_phone_athlete"
                nullable="false"
                references="athletes(id)"
            ]
            name="athlete_id"
            type="BIGINT"
        ],
        [
            [
                nullable="false"
            ]
            name="phone_numbers"
            type="VARCHAR(255)"
        ]
    ]
    tableName="athlete_phone_numbers"
] as abdf8138a79cc6a2381bf5f3cdac3c83
2025-06-13 17:24:40.980 [main] DEBUG liquibase.util - Computed checksum for 9:abdf8138a79cc6a2381bf5f3cdac3c83: as 7c5a81e170adc177f9641b66d3e444fc
2025-06-13 17:24:40.981 [main] DEBUG liquibase.util - Computed checksum for createTable:[
    columns=[
        [
            [
                nullable="false"
                primaryKey="true"
            ]
            autoIncrement="true"
            name="id"
            type="BIGINT"
        ],
        [
            [
                nullable="false"
                unique="true"
            ]
            name="sport_name"
            type="VARCHAR(50)"
        ],
        [
            [
                nullable="false"
            ]
            defaultValueBoolean... [truncated in log] as 1608e865bd2466447eb59d76d318f220
2025-06-13 17:24:40.981 [main] DEBUG liquibase.util - Computed checksum for createIndex:[
    columns=[
        [
            name="sport_name"
        ]
    ]
    indexName="idx_sports_sport_name"
    tableName="sports"
] as 1f92050c9422db9be5d1e3dff20ba241
2025-06-13 17:24:40.982 [main] DEBUG liquibase.util - Computed checksum for 9:1608e865bd2466447eb59d76d318f220:9:1f92050c9422db9be5d1e3dff20ba241: as a5006f73ee34e2827b447ac47f9d4d61
2025-06-13 17:24:40.982 [main] DEBUG liquibase.util - Computed checksum for createTable:[
    columns=[
        [
            [
                foreignKeyName="fk_sport_athlete_sport"
                nullable="false"
                references="sports(id)"
            ]
            name="sport_id"
            type="BIGINT"
        ],
        [
            [
                foreignKeyName="fk_sport_athlete_athlete"
                nullable="false"
                references="athletes(id)"
            ]
            name="athlete_id"
            type="BIGINT"
        ]
   ... [truncated in log] as 7f397610fd81e1bbf81ab6acc0ade43a
2025-06-13 17:24:40.982 [main] DEBUG liquibase.util - Computed checksum for addPrimaryKey:[
    columnNames="sport_id,athlete_id"
    tableName="sports_athletes"
] as cd94b1e37aed1eb9d1f20621074afed0
2025-06-13 17:24:40.983 [main] DEBUG liquibase.util - Computed checksum for 9:7f397610fd81e1bbf81ab6acc0ade43a:9:cd94b1e37aed1eb9d1f20621074afed0: as 5a806aa133a19e017ef2586b92106951
2025-06-13 17:24:40.983 [main] DEBUG liquibase.util - Computed checksum for createTable:[
    columns=[
        [
            [
                nullable="false"
                primaryKey="true"
            ]
            autoIncrement="true"
            name="id"
            type="BIGINT"
        ],
        [
            [
                nullable="false"
            ]
            name="first_name"
            type="VARCHAR(255)"
        ],
        [
            [
                nullable="false"
            ]
            name="last_name"
            type="VARCHAR(255)"... [truncated in log] as 504cacbf644e11be681724cbde7f58c1
2025-06-13 17:24:40.984 [main] DEBUG liquibase.util - Computed checksum for 9:504cacbf644e11be681724cbde7f58c1: as 96d86ff05cf002df7d914b3243cb68bb
2025-06-13 17:24:40.984 [main] DEBUG liquibase.util - Computed checksum for createTable:[
    columns=[
        [
            [
                foreignKeyName="fk_gym_owner_phone_gym_owner"
                nullable="false"
                references="gym_owners(id)"
            ]
            name="gym_owner_id"
            type="BIGINT"
        ],
        [
            [
                nullable="false"
            ]
            name="phone_numbers"
            type="VARCHAR(255)"
        ]
    ]
    tableName="gym_owner_phone_numbers"
] as 4570637f5f9cf9fa2bbf87a3563c007b
2025-06-13 17:24:40.985 [main] DEBUG liquibase.util - Computed checksum for 9:4570637f5f9cf9fa2bbf87a3563c007b: as 1a0b5c834dee77ed2f8fd414839749fa
2025-06-13 17:24:40.986 [main] DEBUG liquibase.util - Computed checksum for createTable:[
    columns=[
        [
            [
                nullable="false"
                primaryKey="true"
            ]
            autoIncrement="true"
            name="id"
            type="BIGINT"
        ],
        [
            [
                nullable="false"
            ]
            name="country"
            type="VARCHAR(255)"
        ],
        [
            [
                nullable="false"
            ]
            name="city"
            type="VARCHAR(255)"
       ... [truncated in log] as 7cf4e963ec67998402fad50606724127
2025-06-13 17:24:40.986 [main] DEBUG liquibase.util - Computed checksum for 9:7cf4e963ec67998402fad50606724127: as bb5305c7af5222e50eb36927cb33f7e1
2025-06-13 17:24:40.987 [main] DEBUG liquibase.util - Computed checksum for createTable:[
    columns=[
        [
            [
                nullable="false"
                primaryKey="true"
            ]
            autoIncrement="true"
            name="id"
            type="BIGINT"
        ],
        [
            [
                nullable="false"
            ]
            name="name"
            type="VARCHAR(255)"
        ],
        [
            [
                foreignKeyName="fk_gym_address"
                nullable="false"
                references="addr... [truncated in log] as 05eb5b281eb32b3b0fe81c394f77401a
2025-06-13 17:24:40.988 [main] DEBUG liquibase.util - Computed checksum for 9:05eb5b281eb32b3b0fe81c394f77401a: as dfc9245ca879b7b91ed15c2a33ec295b
2025-06-13 17:24:40.988 [main] DEBUG liquibase.util - Computed checksum for createTable:[
    columns=[
        [
            [
                foreignKeyName="fk_gym_phone_gym"
                nullable="false"
                references="gyms(id)"
            ]
            name="gym_id"
            type="BIGINT"
        ],
        [
            [
                nullable="false"
            ]
            name="phone_numbers"
            type="VARCHAR(255)"
        ]
    ]
    tableName="gym_phone_numbers"
] as 5e8fb6be37d19064b6ca184ce8fcefa7
2025-06-13 17:24:40.988 [main] DEBUG liquibase.util - Computed checksum for 9:5e8fb6be37d19064b6ca184ce8fcefa7: as 77d9fba58149238e9069114507284237
2025-06-13 17:24:40.989 [main] DEBUG liquibase.util - Computed checksum for createTable:[
    columns=[
        [
            [
                foreignKeyName="fk_gym_working_hours_gym"
                nullable="false"
                references="gyms(id)"
            ]
            name="gym_id"
            type="BIGINT"
        ],
        [
            name="day_of_week"
            type="VARCHAR(255)"
        ],
        [
            name="start_time"
            type="TIME"
        ],
        [
            name="end_time"
            type="TIME"
        ]
    ]
    t... [truncated in log] as 4e926c86630e0c1d5e7e45064d83ebcb
2025-06-13 17:24:40.989 [main] DEBUG liquibase.util - Computed checksum for 9:4e926c86630e0c1d5e7e45064d83ebcb: as 43091ebbce4249e25299b3acd520e86d
2025-06-13 17:24:40.990 [main] DEBUG liquibase.util - Computed checksum for createTable:[
    columns=[
        [
            [
                foreignKeyName="fk_sport_gym_sport"
                nullable="false"
                references="sports(id)"
            ]
            name="sport_id"
            type="BIGINT"
        ],
        [
            [
                foreignKeyName="fk_sport_gym_gym"
                nullable="false"
                references="gyms(id)"
            ]
            name="gym_id"
            type="BIGINT"
        ]
    ]
    tableName="sp... [truncated in log] as 85b7266df37d7487c37a41a7b9e1983e
2025-06-13 17:24:40.990 [main] DEBUG liquibase.util - Computed checksum for addPrimaryKey:[
    columnNames="sport_id, gym_id"
    tableName="sports_gyms"
] as 2412d5c38dfbb98c92ef48f3937d10e7
2025-06-13 17:24:40.991 [main] DEBUG liquibase.util - Computed checksum for 9:85b7266df37d7487c37a41a7b9e1983e:9:2412d5c38dfbb98c92ef48f3937d10e7: as 8c4f59e30ebe0117496901e3e6cd85d8
2025-06-13 17:24:40.991 [main] DEBUG liquibase.util - Computed checksum for createTable:[
    columns=[
        [
            [
                nullable="false"
                primaryKey="true"
            ]
            autoIncrement="true"
            name="id"
            type="BIGINT"
        ],
        [
            [
                nullable="false"
            ]
            name="image_url"
            type="VARCHAR(255)"
        ],
        [
            [
                foreignKeyName="fk_gym_photo_gym"
                nullable="false"
                reference... [truncated in log] as d8c4f5cd1a772d501ec3c15af843d61c
2025-06-13 17:24:40.992 [main] DEBUG liquibase.util - Computed checksum for 9:d8c4f5cd1a772d501ec3c15af843d61c: as 765018a82ce0768dd07260a502cb3041
2025-06-13 17:24:40.993 [main] DEBUG liquibase.util - Computed checksum for createTable:[
    columns=[
        [
            [
                nullable="false"
                primaryKey="true"
            ]
            autoIncrement="true"
            name="id"
            type="BIGINT"
        ],
        [
            [
                nullable="false"
            ]
            name="first_name"
            type="VARCHAR(255)"
        ],
        [
            [
                nullable="false"
            ]
            name="last_name"
            type="VARCHAR(255)"... [truncated in log] as b90e0343a59f97898ef8dc43865f3e9e
2025-06-13 17:24:40.993 [main] DEBUG liquibase.util - Computed checksum for 9:b90e0343a59f97898ef8dc43865f3e9e: as a77651a661afcabb4f1ff85de215c60a
2025-06-13 17:24:40.994 [main] DEBUG liquibase.util - Computed checksum for createTable:[
    columns=[
        [
            [
                foreignKeyName="fk_trainer_phone_trainer"
                nullable="false"
                references="trainers(id)"
            ]
            name="trainer_id"
            type="BIGINT"
        ],
        [
            [
                nullable="false"
            ]
            name="phone_numbers"
            type="VARCHAR(255)"
        ]
    ]
    tableName="trainer_phone_numbers"
] as 6eecf1a8c375927cb5fa042fda9c47ca
2025-06-13 17:24:40.994 [main] DEBUG liquibase.util - Computed checksum for 9:6eecf1a8c375927cb5fa042fda9c47ca: as 921277ddc05ebac15718b45849f874d6
2025-06-13 17:24:40.995 [main] DEBUG liquibase.util - Computed checksum for createTable:[
    columns=[
        [
            [
                foreignKeyName="fk_sport_trainer_sport"
                nullable="false"
                references="sports(id)"
            ]
            name="sport_id"
            type="BIGINT"
        ],
        [
            [
                foreignKeyName="fk_sport_trainer_trainer"
                nullable="false"
                references="trainers(id)"
            ]
            name="trainer_id"
            type="BIGINT"
        ]
   ... [truncated in log] as 02996d6c953780bef45cce8ef76614f7
2025-06-13 17:24:40.995 [main] DEBUG liquibase.util - Computed checksum for addPrimaryKey:[
    columnNames="sport_id, trainer_id"
    tableName="sports_trainers"
] as 8a5ad8b6aa5ca7a15174418a738b7153
2025-06-13 17:24:40.996 [main] DEBUG liquibase.util - Computed checksum for 9:02996d6c953780bef45cce8ef76614f7:9:8a5ad8b6aa5ca7a15174418a738b7153: as f7c1995436349b41a0dcf9253b707670
2025-06-13 17:24:40.996 [main] DEBUG liquibase.util - Computed checksum for createTable:[
    columns=[
        [
            [
                foreignKeyName="fk_gym_trainer_gym"
                nullable="false"
                references="gyms(id)"
            ]
            name="gym_id"
            type="BIGINT"
        ],
        [
            [
                foreignKeyName="fk_gym_trainer_trainer"
                nullable="false"
                references="trainers(id)"
            ]
            name="trainer_id"
            type="BIGINT"
        ]
    ]
    tab... [truncated in log] as 3207ae034a7d5944c02f874beb93cbaa
2025-06-13 17:24:40.996 [main] DEBUG liquibase.util - Computed checksum for addPrimaryKey:[
    columnNames="gym_id, trainer_id"
    tableName="gyms_trainers"
] as 141bd742ba3b7f8bf76e6dedbb9ee5e6
2025-06-13 17:24:40.997 [main] DEBUG liquibase.util - Computed checksum for 9:3207ae034a7d5944c02f874beb93cbaa:9:141bd742ba3b7f8bf76e6dedbb9ee5e6: as 9c5b620f4c4767a5d53c1bb19f949568
2025-06-13 17:24:40.998 [main] DEBUG liquibase.util - Computed checksum for createTable:[
    columns=[
        [
            [
                nullable="false"
                primaryKey="true"
            ]
            autoIncrement="true"
            name="id"
            type="BIGINT"
        ],
        [
            [
                nullable="false"
            ]
            name="rating"
            type="INT"
        ],
        [
            name="description"
            type="VARCHAR(255)"
        ],
        [
            [
                foreignKeyName="fk_r... [truncated in log] as 2e7d702aa98cb88facfc1989b94ead80
2025-06-13 17:24:40.998 [main] DEBUG liquibase.util - Computed checksum for 9:2e7d702aa98cb88facfc1989b94ead80: as ee79d17a8ff5a9e7583cfd18c5dbf3af
2025-06-13 17:24:40.999 [main] DEBUG liquibase.util - Computed checksum for createTable:[
    columns=[
        [
            [
                nullable="false"
                primaryKey="true"
            ]
            autoIncrement="true"
            name="id"
            type="BIGINT"
        ],
        [
            [
                nullable="false"
            ]
            name="name"
            type="VARCHAR(255)"
        ],
        [
            [
                foreignKeyName="fk_event_sport"
                nullable="false"
                references="spor... [truncated in log] as 9d9f7aedd21973fa92bfd94f87811133
2025-06-13 17:24:40.999 [main] DEBUG liquibase.util - Computed checksum for 9:9d9f7aedd21973fa92bfd94f87811133: as 77d6c658cec160983089042a91fa03ca
2025-06-13 17:24:41.000 [main] DEBUG liquibase.util - Computed checksum for createTable:[
    columns=[
        [
            [
                foreignKeyName="fk_user_credentials_role_user"
                nullable="false"
                references="user_credentials(id)"
            ]
            name="user_credentials_id"
            type="BIGINT"
        ],
        [
            [
                foreignKeyName="fk_user_credentials_role_role"
                nullable="false"
                references="roles(id)"
            ]
            name="role_id"
            ... [truncated in log] as 89d2f8157a888a4d4095494a33daa267
2025-06-13 17:24:41.001 [main] DEBUG liquibase.util - Computed checksum for addPrimaryKey:[
    columnNames="user_credentials_id, role_id"
    tableName="user_credentials_roles"
] as 108b48105b442cfb7fe94ba44f2529c6
2025-06-13 17:24:41.001 [main] DEBUG liquibase.util - Computed checksum for 9:89d2f8157a888a4d4095494a33daa267:9:108b48105b442cfb7fe94ba44f2529c6: as d0ed0797686dfb5c49cd8db5633f80d6
2025-06-13 17:24:41.001 [main] DEBUG liquibase.util - Computed checksum for createTable:[
    columns=[
        [
            [
                foreignKeyName="fk_trainer_certificate_trainer"
                nullable="false"
                references="trainers(id)"
            ]
            name="trainer_id"
            type="BIGINT"
        ],
        [
            [
                nullable="false"
            ]
            name="certificates"
            type="VARCHAR(255)"
        ]
    ]
    tableName="trainer_certificates"
] as fd78aeb8f5f5ece1c706d4a325f8a6b5
2025-06-13 17:24:41.002 [main] DEBUG liquibase.util - Computed checksum for 9:fd78aeb8f5f5ece1c706d4a325f8a6b5: as 47d44a7a18adbac784c2d097e62fb32f
2025-06-13 17:24:41.002 [main] DEBUG liquibase.util - Computed checksum for insert:[
    columns=[
        [
            name="sport_name"
            value="Тренажерний зал"
        ]
    ]
    tableName="sports"
] as 66413d13a3669fe9f2c3d8a5bcdea4b0
2025-06-13 17:24:41.002 [main] DEBUG liquibase.util - Computed checksum for insert:[
    columns=[
        [
            name="sport_name"
            value="Плавання"
        ]
    ]
    tableName="sports"
] as 25be80afdb242566293082dc7db6a951
2025-06-13 17:24:41.003 [main] DEBUG liquibase.util - Computed checksum for insert:[
    columns=[
        [
            name="sport_name"
            value="Кроссфіт"
        ]
    ]
    tableName="sports"
] as 09c2ac996272d2c81fdde37d20e29fe7
2025-06-13 17:24:41.003 [main] DEBUG liquibase.util - Computed checksum for insert:[
    columns=[
        [
            name="sport_name"
            value="Сквош"
        ]
    ]
    tableName="sports"
] as e8154bdca60e47ec87f4f76be59df100
2025-06-13 17:24:41.003 [main] DEBUG liquibase.util - Computed checksum for insert:[
    columns=[
        [
            name="sport_name"
            value="Бокс"
        ]
    ]
    tableName="sports"
] as b851ae036e92d643c98dcf075e446de6
2025-06-13 17:24:41.004 [main] DEBUG liquibase.util - Computed checksum for insert:[
    columns=[
        [
            name="sport_name"
            value="Стретчинг"
        ]
    ]
    tableName="sports"
] as ac48b4e8db96d399c060f972bc02a896
2025-06-13 17:24:41.004 [main] DEBUG liquibase.util - Computed checksum for insert:[
    columns=[
        [
            name="sport_name"
            value="Йога"
        ]
    ]
    tableName="sports"
] as 3895a541270234ece0fa267c696b0ec9
2025-06-13 17:24:41.004 [main] DEBUG liquibase.util - Computed checksum for insert:[
    columns=[
        [
            name="sport_name"
            value="Сайклінг"
        ]
    ]
    tableName="sports"
] as 806a6b0386bed69e2c3889ff35cdcf69
2025-06-13 17:24:41.005 [main] DEBUG liquibase.util - Computed checksum for insert:[
    columns=[
        [
            name="sport_name"
            value="Дитячий фітнес"
        ]
    ]
    tableName="sports"
] as be829fdf665dfad19e9570cccfad69df
2025-06-13 17:24:41.005 [main] DEBUG liquibase.util - Computed checksum for insert:[
    columns=[
        [
            name="sport_name"
            value="Дитяче плавання"
        ]
    ]
    tableName="sports"
] as cd16e3a60cc295f0a072073b50ca9400
2025-06-13 17:24:41.006 [main] DEBUG liquibase.util - Computed checksum for insert:[
    columns=[
        [
            name="sport_name"
            value="Плавання для немовлят"
        ]
    ]
    tableName="sports"
] as 2959ad132728c9d8404e62f529badc23
2025-06-13 17:24:41.006 [main] DEBUG liquibase.util - Computed checksum for insert:[
    columns=[
        [
            name="sport_name"
            value="Аква аеробіка"
        ]
    ]
    tableName="sports"
] as 0c7daa00f997b86059d340521e3cab54
2025-06-13 17:24:41.006 [main] DEBUG liquibase.util - Computed checksum for insert:[
    columns=[
        [
            name="sport_name"
            value="Пілатес"
        ]
    ]
    tableName="sports"
] as 62a3aa773f19481a876790dd9d97f1a0
2025-06-13 17:24:41.007 [main] DEBUG liquibase.util - Computed checksum for insert:[
    columns=[
        [
            name="sport_name"
            value="Степ аеробіка"
        ]
    ]
    tableName="sports"
] as e53db54307ef228d9d84362c7e1cfc94
2025-06-13 17:24:41.007 [main] DEBUG liquibase.util - Computed checksum for insert:[
    columns=[
        [
            name="sport_name"
            value="Настільний теніс"
        ]
    ]
    tableName="sports"
] as 9379616fa3d85b93d1c0ac36a5373505
2025-06-13 17:24:41.007 [main] DEBUG liquibase.util - Computed checksum for insert:[
    columns=[
        [
            name="sport_name"
            value="TRX"
        ]
    ]
    tableName="sports"
] as 1d6864036782db0d874fb8d9b2ad4fc1
2025-06-13 17:24:41.008 [main] DEBUG liquibase.util - Computed checksum for insert:[
    columns=[
        [
            name="sport_name"
            value="Жіночий бокс"
        ]
    ]
    tableName="sports"
] as f2efef703a78bf94533aa5dcdd03e155
2025-06-13 17:24:41.008 [main] DEBUG liquibase.util - Computed checksum for 9:66413d13a3669fe9f2c3d8a5bcdea4b0:9:25be80afdb242566293082dc7db6a951:9:09c2ac996272d2c81fdde37d20e29fe7:9:e8154bdca60e47ec87f4f76be59df100:9:b851ae036e92d643c98dcf075e446de6:9:ac48b4e8db96d399c060f972bc02a896:9:3895a541270234ece0fa267c696b0ec9:9:806a6b0386bed69e2c3889ff35cdcf69:9:be829fdf665dfad19e9570cccfad69df:9:cd16e3a60cc295f0a072073b50ca9400:9:2959ad132728c9d8404e62f529badc23:9:0c7daa00f997b86059d340521e3cab54:9:62a3aa773f19481a876790dd9d97f1a0:9:e53db54307ef228d9d84362c7e1cfc94:9:9379616f... [truncated in log] as 9ab65fac254bdd27b612be7540a13856
2025-06-13 17:24:41.008 [main] DEBUG liquibase.util - Computed checksum for insert:[
    columns=[
        [
            name="id"
            value="1"
        ],
        [
            name="name"
            value="ROLE_ADMIN"
        ]
    ]
    tableName="roles"
] as ecf6c6cfbd47a4757d0cf45373ee2061
2025-06-13 17:24:41.009 [main] DEBUG liquibase.util - Computed checksum for insert:[
    columns=[
        [
            name="id"
            value="2"
        ],
        [
            name="name"
            value="ROLE_ATHLETE"
        ]
    ]
    tableName="roles"
] as 95d818b01fa89cf0dbc53f9ec047932c
2025-06-13 17:24:41.009 [main] DEBUG liquibase.util - Computed checksum for insert:[
    columns=[
        [
            name="id"
            value="3"
        ],
        [
            name="name"
            value="ROLE_TRAINER"
        ]
    ]
    tableName="roles"
] as d626e5893cb4c9b5517dc355f7f302a3
2025-06-13 17:24:41.009 [main] DEBUG liquibase.util - Computed checksum for insert:[
    columns=[
        [
            name="id"
            value="4"
        ],
        [
            name="name"
            value="ROLE_GYM_OWNER"
        ]
    ]
    tableName="roles"
] as fccab4751b9c36bd6fe4bb4d135565c6
2025-06-13 17:24:41.009 [main] DEBUG liquibase.util - Computed checksum for 9:ecf6c6cfbd47a4757d0cf45373ee2061:9:95d818b01fa89cf0dbc53f9ec047932c:9:d626e5893cb4c9b5517dc355f7f302a3:9:fccab4751b9c36bd6fe4bb4d135565c6: as 70e56b87383493f606906824f528f836
2025-06-13 17:24:41.010 [main] DEBUG liquibase.util - Computed checksum for inputStream as 6fb70ffae83ad39b0eaba7cc05d62223
2025-06-13 17:24:41.010 [main] DEBUG liquibase.util - Computed checksum for insert:[
    columns=[
        [
            name="first_name"
            value="Super"
        ],
        [
            name="last_name"
            value="Admin"
        ],
        [
            name="user_credentials_id"
            valueComputed="(SELECT id FROM user_credentials WHERE email = 'admin@example.com')"
        ]
    ]
    tableName="admins"
] as cdcbea42e7e6691a3fc8f07884ab7955
2025-06-13 17:24:41.011 [main] DEBUG liquibase.util - Computed checksum for insert:[
    columns=[
        [
            name="user_credentials_id"
            valueComputed="(SELECT id FROM user_credentials WHERE email = 'admin@example.com')"
        ],
        [
            name="role_id"
            valueComputed="(SELECT id FROM roles WHERE name = 'ROLE_ADMIN')"
        ]
    ]
    tableName="user_credentials_roles"
] as bc5bed366659a0e25592f2f4ba56b2dc
2025-06-13 17:24:41.011 [main] DEBUG liquibase.util - Computed checksum for 9:6fb70ffae83ad39b0eaba7cc05d62223:9:cdcbea42e7e6691a3fc8f07884ab7955:9:bc5bed366659a0e25592f2f4ba56b2dc: as 6dd6ceb3e49f5d969581e1e63aea8190
2025-06-13 17:24:41.011 [main] DEBUG liquibase.util - Computed checksum for insert:[
    columns=[
        [
            name="email"
            value="ivan.petrenko@example.com"
        ],
        [
            name="password"
            value="$2a$10$2y03kivOdVnunKG2k53YeO8VO6Ks1UFPsWixKvl9PKtQsyXAFncmi"
        ],
        [
            name="user_type"
            value="TRAINER"
        ],
        [
            name="is_deleted"
            value="false"
        ]
    ]
    tableName="user_credentials"
] as 46347dc36c4ba709d4e76b75f317b194
2025-06-13 17:24:41.012 [main] DEBUG liquibase.util - Computed checksum for insert:[
    columns=[
        [
            name="user_credentials_id"
            valueComputed="(SELECT id FROM user_credentials WHERE email = 'ivan.petrenko@example.com')"
        ],
        [
            name="role_id"
            value="3"
        ]
    ]
    tableName="user_credentials_roles"
] as 7b57a43f905c1d30b9aa39b62ebec5d4
2025-06-13 17:24:41.012 [main] DEBUG liquibase.util - Computed checksum for insert:[
    columns=[
        [
            name="country"
            value="Україна"
        ],
        [
            name="city"
            value="Київ"
        ],
        [
            name="street"
            value="Хрещатик"
        ],
        [
            name="house"
            value="10"
        ],
        [
            name="is_deleted"
            value="false"
        ]
    ]
    tableName="addresses"
] as 0cc3f9033240d254be653a86218e6b44
2025-06-13 17:24:41.013 [main] DEBUG liquibase.util - Computed checksum for insert:[
    columns=[
        [
            name="first_name"
            value="Іван"
        ],
        [
            name="last_name"
            value="Петренко_TEST"
        ],
        [
            name="gender"
            value="MALE"
        ],
        [
            name="date_of_birth"
            value="1985-05-15"
        ],
        [
            name="profile_image_url"
            value=""
        ],
        [
            name="user_credentials_id"
            valueComputed="(SELE... [truncated in log] as 381663ba417c2fb84197237f5e332d0d
2025-06-13 17:24:41.014 [main] DEBUG liquibase.util - Computed checksum for insert:[
    columns=[
        [
            name="trainer_id"
            valueComputed="(SELECT id FROM trainers WHERE first_name = 'Іван' AND last_name = 'Петренко_TEST')"
        ],
        [
            name="phone_numbers"
            value="+38(050)-111-2233"
        ]
    ]
    tableName="trainer_phone_numbers"
] as 850ce1de1db5aa351998505fc0ca0f82
2025-06-13 17:24:41.014 [main] DEBUG liquibase.util - Computed checksum for insert:[
    columns=[
        [
            name="trainer_id"
            valueComputed="(SELECT id FROM trainers WHERE first_name = 'Іван' AND last_name = 'Петренко_TEST')"
        ],
        [
            name="certificates"
            value="Сертифікат АФК"
        ]
    ]
    tableName="trainer_certificates"
] as 844e3bd96e796403416699383bdc8c1e
2025-06-13 17:24:41.014 [main] DEBUG liquibase.util - Computed checksum for insert:[
    columns=[
        [
            name="trainer_id"
            valueComputed="(SELECT id FROM trainers WHERE first_name = 'Іван' AND last_name = 'Петренко_TEST')"
        ],
        [
            name="sport_id"
            value="3"
        ]
    ]
    tableName="sports_trainers"
] as 243e43dd4aab5fdbebf00531f4f0a551
2025-06-13 17:24:41.015 [main] DEBUG liquibase.util - Computed checksum for insert:[
    columns=[
        [
            name="trainer_id"
            valueComputed="(SELECT id FROM trainers WHERE first_name = 'Іван' AND last_name = 'Петренко_TEST')"
        ],
        [
            name="sport_id"
            value="1"
        ]
    ]
    tableName="sports_trainers"
] as 8a13fa56f7562ba6f690f4cc6f98c198
2025-06-13 17:24:41.015 [main] DEBUG liquibase.util - Computed checksum for insert:[
    columns=[
        [
            name="email"
            value="olena.kovalchuk@example.com"
        ],
        [
            name="password"
            value="$2a$10$2y03kivOdVnunKG2k53YeO8VO6Ks1UFPsWixKvl9PKtQsyXAFncmi"
        ],
        [
            name="user_type"
            value="TRAINER"
        ],
        [
            name="is_deleted"
            value="false"
        ]
    ]
    tableName="user_credentials"
] as d358c464e1b591896202e75e91d2655a
2025-06-13 17:24:41.015 [main] DEBUG liquibase.util - Computed checksum for insert:[
    columns=[
        [
            name="user_credentials_id"
            valueComputed="(SELECT id FROM user_credentials WHERE email = 'olena.kovalchuk@example.com')"
        ],
        [
            name="role_id"
            value="3"
        ]
    ]
    tableName="user_credentials_roles"
] as 3d1afb454ee3a4469d2dc69e6b2ac732
2025-06-13 17:24:41.016 [main] DEBUG liquibase.util - Computed checksum for insert:[
    columns=[
        [
            name="country"
            value="Україна"
        ],
        [
            name="city"
            value="Львів"
        ],
        [
            name="street"
            value="Просп. Свободи"
        ],
        [
            name="house"
            value="25"
        ],
        [
            name="is_deleted"
            value="false"
        ]
    ]
    tableName="addresses"
] as a3888613964618ed3763f715ee8911f0
2025-06-13 17:24:41.016 [main] DEBUG liquibase.util - Computed checksum for insert:[
    columns=[
        [
            name="first_name"
            value="Олена"
        ],
        [
            name="last_name"
            value="Ковальчук_TEST"
        ],
        [
            name="gender"
            value="FEMALE"
        ],
        [
            name="date_of_birth"
            value="1990-11-20"
        ],
        [
            name="profile_image_url"
            value=""
        ],
        [
            name="user_credentials_id"
            valueComputed="(... [truncated in log] as 08776f31c0cac1c48d171e336eb89d94
2025-06-13 17:24:41.017 [main] DEBUG liquibase.util - Computed checksum for insert:[
    columns=[
        [
            name="trainer_id"
            valueComputed="(SELECT id FROM trainers WHERE first_name = 'Олена' AND last_name = 'Ковальчук_TEST')"
        ],
        [
            name="phone_numbers"
            value="+38(067)-222-3344"
        ]
    ]
    tableName="trainer_phone_numbers"
] as 4ee43f03356033aae8b06a34c3f750bc
2025-06-13 17:24:41.017 [main] DEBUG liquibase.util - Computed checksum for insert:[
    columns=[
        [
            name="trainer_id"
            valueComputed="(SELECT id FROM trainers WHERE first_name = 'Олена' AND last_name = 'Ковальчук_TEST')"
        ],
        [
            name="certificates"
            value="Сертифікат Йога Альянс"
        ]
    ]
    tableName="trainer_certificates"
] as fa128c8a35279b370e7aac464289c5e3
2025-06-13 17:24:41.017 [main] DEBUG liquibase.util - Computed checksum for insert:[
    columns=[
        [
            name="trainer_id"
            valueComputed="(SELECT id FROM trainers WHERE first_name = 'Олена' AND last_name = 'Ковальчук_TEST')"
        ],
        [
            name="sport_id"
            value="7"
        ]
    ]
    tableName="sports_trainers"
] as ba1ada4788017f464238b7edb3a6f276
2025-06-13 17:24:41.018 [main] DEBUG liquibase.util - Computed checksum for insert:[
    columns=[
        [
            name="trainer_id"
            valueComputed="(SELECT id FROM trainers WHERE first_name = 'Олена' AND last_name = 'Ковальчук_TEST')"
        ],
        [
            name="sport_id"
            value="13"
        ]
    ]
    tableName="sports_trainers"
] as b246d38968981e91597206656af1a708
2025-06-13 17:24:41.018 [main] DEBUG liquibase.util - Computed checksum for insert:[
    columns=[
        [
            name="email"
            value="mykhailo.sydorenko@example.com"
        ],
        [
            name="password"
            value="$2a$10$2y03kivOdVnunKG2k53YeO8VO6Ks1UFPsWixKvl9PKtQsyXAFncmi"
        ],
        [
            name="user_type"
            value="TRAINER"
        ],
        [
            name="is_deleted"
            value="false"
        ]
    ]
    tableName="user_credentials"
] as b631912c3ac18de6b6d8a63960bf8dac
2025-06-13 17:24:41.018 [main] DEBUG liquibase.util - Computed checksum for insert:[
    columns=[
        [
            name="user_credentials_id"
            valueComputed="(SELECT id FROM user_credentials WHERE email = 'mykhailo.sydorenko@example.com')"
        ],
        [
            name="role_id"
            value="3"
        ]
    ]
    tableName="user_credentials_roles"
] as 5ecb022a7ad1eeb0705d374e0e359e26
2025-06-13 17:24:41.019 [main] DEBUG liquibase.util - Computed checksum for insert:[
    columns=[
        [
            name="country"
            value="Україна"
        ],
        [
            name="city"
            value="Одеса"
        ],
        [
            name="street"
            value="Дерибасівська"
        ],
        [
            name="house"
            value="5"
        ],
        [
            name="is_deleted"
            value="false"
        ]
    ]
    tableName="addresses"
] as e11f67d219b6e8d9f11e928e96cb2b83
2025-06-13 17:24:41.019 [main] DEBUG liquibase.util - Computed checksum for insert:[
    columns=[
        [
            name="first_name"
            value="Михайло"
        ],
        [
            name="last_name"
            value="Сидоренко_TEST"
        ],
        [
            name="gender"
            value="MALE"
        ],
        [
            name="date_of_birth"
            value="1988-03-01"
        ],
        [
            name="profile_image_url"
            value=""
        ],
        [
            name="user_credentials_id"
            valueComputed="(... [truncated in log] as ccb0e3284da6a0938a3db429dea8a41a
2025-06-13 17:24:41.020 [main] DEBUG liquibase.util - Computed checksum for insert:[
    columns=[
        [
            name="trainer_id"
            valueComputed="(SELECT id FROM trainers WHERE first_name = 'Михайло' AND last_name = 'Сидоренко_TEST')"
        ],
        [
            name="phone_numbers"
            value="+38(095)-333-4455"
        ]
    ]
    tableName="trainer_phone_numbers"
] as e273fc1f26758d035006b9a44b220fd3
2025-06-13 17:24:41.020 [main] DEBUG liquibase.util - Computed checksum for insert:[
    columns=[
        [
            name="trainer_id"
            valueComputed="(SELECT id FROM trainers WHERE first_name = 'Михайло' AND last_name = 'Сидоренко_TEST')"
        ],
        [
            name="certificates"
            value="Сертифікат Федерації Боксу"
        ]
    ]
    tableName="trainer_certificates"
] as 8873840ce0c3d1f499cd69ee9da64e04
2025-06-13 17:24:41.021 [main] DEBUG liquibase.util - Computed checksum for insert:[
    columns=[
        [
            name="trainer_id"
            valueComputed="(SELECT id FROM trainers WHERE first_name = 'Михайло' AND last_name = 'Сидоренко_TEST')"
        ],
        [
            name="sport_id"
            value="5"
        ]
    ]
    tableName="sports_trainers"
] as 95cb53d78748966ccda8236178bb70a7
2025-06-13 17:24:41.022 [main] DEBUG liquibase.util - Computed checksum for insert:[
    columns=[
        [
            name="trainer_id"
            valueComputed="(SELECT id FROM trainers WHERE first_name = 'Михайло' AND last_name = 'Сидоренко_TEST')"
        ],
        [
            name="sport_id"
            value="17"
        ]
    ]
    tableName="sports_trainers"
] as e8248ed7e867135c00d66d3a67fa4a5b
2025-06-13 17:24:41.022 [main] DEBUG liquibase.util - Computed checksum for insert:[
    columns=[
        [
            name="email"
            value="nataliia.melnyk@example.com"
        ],
        [
            name="password"
            value="$2a$10$2y03kivOdVnunKG2k53YeO8VO6Ks1UFPsWixKvl9PKtQsyXAFncmi"
        ],
        [
            name="user_type"
            value="TRAINER"
        ],
        [
            name="is_deleted"
            value="false"
        ]
    ]
    tableName="user_credentials"
] as fac9648147266b7bffd9bef99644ca85
2025-06-13 17:24:41.022 [main] DEBUG liquibase.util - Computed checksum for insert:[
    columns=[
        [
            name="user_credentials_id"
            valueComputed="(SELECT id FROM user_credentials WHERE email = 'nataliia.melnyk@example.com')"
        ],
        [
            name="role_id"
            value="3"
        ]
    ]
    tableName="user_credentials_roles"
] as fcdaae243f79eb8fadba553779707785
2025-06-13 17:24:41.023 [main] DEBUG liquibase.util - Computed checksum for insert:[
    columns=[
        [
            name="country"
            value="Україна"
        ],
        [
            name="city"
            value="Харків"
        ],
        [
            name="street"
            value="Пл. Свободи"
        ],
        [
            name="house"
            value="1"
        ],
        [
            name="is_deleted"
            value="false"
        ]
    ]
    tableName="addresses"
] as 03d63a4564a74836604c3da3ae15ca4c
2025-06-13 17:24:41.023 [main] DEBUG liquibase.util - Computed checksum for insert:[
    columns=[
        [
            name="first_name"
            value="Наталія"
        ],
        [
            name="last_name"
            value="Мельник_TEST"
        ],
        [
            name="gender"
            value="FEMALE"
        ],
        [
            name="date_of_birth"
            value="1992-07-25"
        ],
        [
            name="profile_image_url"
            value=""
        ],
        [
            name="user_credentials_id"
            valueComputed="(... [truncated in log] as af6796aa9dd82a7a494692f3caa92cf0
2025-06-13 17:24:41.024 [main] DEBUG liquibase.util - Computed checksum for insert:[
    columns=[
        [
            name="trainer_id"
            valueComputed="(SELECT id FROM trainers WHERE first_name = 'Наталія' AND last_name = 'Мельник_TEST')"
        ],
        [
            name="phone_numbers"
            value="+38(096)-444-5566"
        ]
    ]
    tableName="trainer_phone_numbers"
] as 84a6ecddd62d13a14b123c41f91778f6
2025-06-13 17:24:41.024 [main] DEBUG liquibase.util - Computed checksum for insert:[
    columns=[
        [
            name="trainer_id"
            valueComputed="(SELECT id FROM trainers WHERE first_name = 'Наталія' AND last_name = 'Мельник_TEST')"
        ],
        [
            name="certificates"
            value="ACE Certified Personal Trainer"
        ]
    ]
    tableName="trainer_certificates"
] as 0e30368bd74936f4580310880bef0955
2025-06-13 17:24:41.024 [main] DEBUG liquibase.util - Computed checksum for insert:[
    columns=[
        [
            name="trainer_id"
            valueComputed="(SELECT id FROM trainers WHERE first_name = 'Наталія' AND last_name = 'Мельник_TEST')"
        ],
        [
            name="sport_id"
            value="6"
        ]
    ]
    tableName="sports_trainers"
] as dcca16231bc14b8514aefb8f3f54698f
2025-06-13 17:24:41.025 [main] DEBUG liquibase.util - Computed checksum for insert:[
    columns=[
        [
            name="trainer_id"
            valueComputed="(SELECT id FROM trainers WHERE first_name = 'Наталія' AND last_name = 'Мельник_TEST')"
        ],
        [
            name="sport_id"
            value="16"
        ]
    ]
    tableName="sports_trainers"
] as fdea958c7a1f60c090d3779730f384a7
2025-06-13 17:24:41.025 [main] DEBUG liquibase.util - Computed checksum for insert:[
    columns=[
        [
            name="email"
            value="andrii.shevchenko@example.com"
        ],
        [
            name="password"
            value="$2a$10$2y03kivOdVnunKG2k53YeO8VO6Ks1UFPsWixKvl9PKtQsyXAFncmi"
        ],
        [
            name="user_type"
            value="TRAINER"
        ],
        [
            name="is_deleted"
            value="false"
        ]
    ]
    tableName="user_credentials"
] as 617149826f837c4e3dfc7fecc3d0b129
2025-06-13 17:24:41.026 [main] DEBUG liquibase.util - Computed checksum for insert:[
    columns=[
        [
            name="user_credentials_id"
            valueComputed="(SELECT id FROM user_credentials WHERE email = 'andrii.shevchenko@example.com')"
        ],
        [
            name="role_id"
            value="3"
        ]
    ]
    tableName="user_credentials_roles"
] as 75470b401c3ab9ac63032fe6a04adbae
2025-06-13 17:24:41.026 [main] DEBUG liquibase.util - Computed checksum for insert:[
    columns=[
        [
            name="country"
            value="Україна"
        ],
        [
            name="city"
            value="Дніпро"
        ],
        [
            name="street"
            value="Січеславська Набережна"
        ],
        [
            name="house"
            value="35"
        ],
        [
            name="is_deleted"
            value="false"
        ]
    ]
    tableName="addresses"
] as 4b8e73bca00dcf511d07f48ca9e18aa8
2025-06-13 17:24:41.027 [main] DEBUG liquibase.util - Computed checksum for insert:[
    columns=[
        [
            name="first_name"
            value="Андрій"
        ],
        [
            name="last_name"
            value="Шевченко_TEST"
        ],
        [
            name="gender"
            value="MALE"
        ],
        [
            name="date_of_birth"
            value="1980-01-01"
        ],
        [
            name="profile_image_url"
            value=""
        ],
        [
            name="user_credentials_id"
            valueComputed="(SE... [truncated in log] as b04cdbdcd9af358eb661728c6e65a656
2025-06-13 17:24:41.028 [main] DEBUG liquibase.util - Computed checksum for insert:[
    columns=[
        [
            name="trainer_id"
            valueComputed="(SELECT id FROM trainers WHERE first_name = 'Андрій' AND last_name = 'Шевченко_TEST')"
        ],
        [
            name="phone_numbers"
            value="+38(050)-555-6677"
        ]
    ]
    tableName="trainer_phone_numbers"
] as 4654244bf7605358e9c055a5c62bf491
2025-06-13 17:24:41.028 [main] DEBUG liquibase.util - Computed checksum for insert:[
    columns=[
        [
            name="trainer_id"
            valueComputed="(SELECT id FROM trainers WHERE first_name = 'Андрій' AND last_name = 'Шевченко_TEST')"
        ],
        [
            name="certificates"
            value="Сертифікат CrossFit Level 1"
        ]
    ]
    tableName="trainer_certificates"
] as 8f8d8e614daefbabc9774dc022ccf5ab
2025-06-13 17:24:41.029 [main] DEBUG liquibase.util - Computed checksum for insert:[
    columns=[
        [
            name="trainer_id"
            valueComputed="(SELECT id FROM trainers WHERE first_name = 'Андрій' AND last_name = 'Шевченко_TEST')"
        ],
        [
            name="sport_id"
            value="3"
        ]
    ]
    tableName="sports_trainers"
] as d823c530aaf51f09de4cda01c37b21ab
2025-06-13 17:24:41.029 [main] DEBUG liquibase.util - Computed checksum for insert:[
    columns=[
        [
            name="email"
            value="yuliia.tkachenko@example.com"
        ],
        [
            name="password"
            value="$2a$10$2y03kivOdVnunKG2k53YeO8VO6Ks1UFPsWixKvl9PKtQsyXAFncmi"
        ],
        [
            name="user_type"
            value="TRAINER"
        ],
        [
            name="is_deleted"
            value="false"
        ]
    ]
    tableName="user_credentials"
] as 247e5921bb2a60bdf0ded86c98a8e76a
2025-06-13 17:24:41.029 [main] DEBUG liquibase.util - Computed checksum for insert:[
    columns=[
        [
            name="user_credentials_id"
            valueComputed="(SELECT id FROM user_credentials WHERE email = 'yuliia.tkachenko@example.com')"
        ],
        [
            name="role_id"
            value="3"
        ]
    ]
    tableName="user_credentials_roles"
] as f067fd904f9fb3e8a8d567bc2949a6d6
2025-06-13 17:24:41.030 [main] DEBUG liquibase.util - Computed checksum for insert:[
    columns=[
        [
            name="country"
            value="Україна"
        ],
        [
            name="city"
            value="Запоріжжя"
        ],
        [
            name="street"
            value="Просп. Соборний"
        ],
        [
            name="house"
            value="150"
        ],
        [
            name="is_deleted"
            value="false"
        ]
    ]
    tableName="addresses"
] as a0da9600d0ecc8c7b1211e268de42554
2025-06-13 17:24:41.030 [main] DEBUG liquibase.util - Computed checksum for insert:[
    columns=[
        [
            name="first_name"
            value="Юлія"
        ],
        [
            name="last_name"
            value="Ткаченко_TEST"
        ],
        [
            name="gender"
            value="FEMALE"
        ],
        [
            name="date_of_birth"
            value="1991-09-05"
        ],
        [
            name="profile_image_url"
            value=""
        ],
        [
            name="user_credentials_id"
            valueComputed="(SE... [truncated in log] as a4459e0f52890c29055bb9697ff40cf6
2025-06-13 17:24:41.031 [main] DEBUG liquibase.util - Computed checksum for insert:[
    columns=[
        [
            name="trainer_id"
            valueComputed="(SELECT id FROM trainers WHERE first_name = 'Юлія' AND last_name = 'Ткаченко_TEST')"
        ],
        [
            name="phone_numbers"
            value="+38(097)-666-7788"
        ]
    ]
    tableName="trainer_phone_numbers"
] as 7ec4dffdc6d4970c23bb83bda6d018d3
2025-06-13 17:24:41.031 [main] DEBUG liquibase.util - Computed checksum for insert:[
    columns=[
        [
            name="trainer_id"
            valueComputed="(SELECT id FROM trainers WHERE first_name = 'Юлія' AND last_name = 'Ткаченко_TEST')"
        ],
        [
            name="certificates"
            value="Сертифікат Zumba Instructor"
        ]
    ]
    tableName="trainer_certificates"
] as c5b23a8e430d745484e93264657e4b9f
2025-06-13 17:24:41.031 [main] DEBUG liquibase.util - Computed checksum for insert:[
    columns=[
        [
            name="trainer_id"
            valueComputed="(SELECT id FROM trainers WHERE first_name = 'Юлія' AND last_name = 'Ткаченко_TEST')"
        ],
        [
            name="sport_id"
            value="14"
        ]
    ]
    tableName="sports_trainers"
] as e67fd391c7db9debf7aaf2a24e934c0f
2025-06-13 17:24:41.031 [main] DEBUG liquibase.util - Computed checksum for insert:[
    columns=[
        [
            name="email"
            value="volodymyr.bondarenko@example.com"
        ],
        [
            name="password"
            value="$2a$10$2y03kivOdVnunKG2k53YeO8VO6Ks1UFPsWixKvl9PKtQsyXAFncmi"
        ],
        [
            name="user_type"
            value="TRAINER"
        ],
        [
            name="is_deleted"
            value="false"
        ]
    ]
    tableName="user_credentials"
] as 542a0e139f3bd9490d67a7abe8815b5f
2025-06-13 17:24:41.032 [main] DEBUG liquibase.util - Computed checksum for insert:[
    columns=[
        [
            name="user_credentials_id"
            valueComputed="(SELECT id FROM user_credentials WHERE email = 'volodymyr.bondarenko@example.com')"
        ],
        [
            name="role_id"
            value="3"
        ]
    ]
    tableName="user_credentials_roles"
] as 700480cb16130e388f5f72bc35e0cdab
2025-06-13 17:24:41.032 [main] DEBUG liquibase.util - Computed checksum for insert:[
    columns=[
        [
            name="country"
            value="Україна"
        ],
        [
            name="city"
            value="Вінниця"
        ],
        [
            name="street"
            value="Соборна"
        ],
        [
            name="house"
            value="80"
        ],
        [
            name="is_deleted"
            value="false"
        ]
    ]
    tableName="addresses"
] as b4e031c29c04166e8bb923178a6599c9
2025-06-13 17:24:41.033 [main] DEBUG liquibase.util - Computed checksum for insert:[
    columns=[
        [
            name="first_name"
            value="Володимир"
        ],
        [
            name="last_name"
            value="Бондаренко_TEST"
        ],
        [
            name="gender"
            value="MALE"
        ],
        [
            name="date_of_birth"
            value="1983-02-10"
        ],
        [
            name="profile_image_url"
            value=""
        ],
        [
            name="user_credentials_id"
            valueComputed... [truncated in log] as 3607be20d320ac6bdc48a6dd38e9e2b2
2025-06-13 17:24:41.033 [main] DEBUG liquibase.util - Computed checksum for insert:[
    columns=[
        [
            name="trainer_id"
            valueComputed="(SELECT id FROM trainers WHERE first_name = 'Володимир' AND last_name = 'Бондаренко_TEST')"
        ],
        [
            name="phone_numbers"
            value="+38(063)-777-8899"
        ]
    ]
    tableName="trainer_phone_numbers"
] as 9bbcc763f8e7e1c88e396aea9b84504d
2025-06-13 17:24:41.034 [main] DEBUG liquibase.util - Computed checksum for insert:[
    columns=[
        [
            name="trainer_id"
            valueComputed="(SELECT id FROM trainers WHERE first_name = 'Володимир' AND last_name = 'Бондаренко_TEST')"
        ],
        [
            name="certificates"
            value="IPF Powerlifting Coach"
        ]
    ]
    tableName="trainer_certificates"
] as abf3bf67b8024b6deba354b966b3f48b
2025-06-13 17:24:41.034 [main] DEBUG liquibase.util - Computed checksum for insert:[
    columns=[
        [
            name="trainer_id"
            valueComputed="(SELECT id FROM trainers WHERE first_name = 'Володимир' AND last_name = 'Бондаренко_TEST')"
        ],
        [
            name="sport_id"
            value="1"
        ]
    ]
    tableName="sports_trainers"
] as 8bbbbfea478fcc62bfce9f77e0fb0a43
2025-06-13 17:24:41.035 [main] DEBUG liquibase.util - Computed checksum for insert:[
    columns=[
        [
            name="email"
            value="iryna.kravchenko@example.com"
        ],
        [
            name="password"
            value="$2a$10$2y03kivOdVnunKG2k53YeO8VO6Ks1UFPsWixKvl9PKtQsyXAFncmi"
        ],
        [
            name="user_type"
            value="TRAINER"
        ],
        [
            name="is_deleted"
            value="false"
        ]
    ]
    tableName="user_credentials"
] as b3ee8a785055d5ce032bc0a784c5d9aa
2025-06-13 17:24:41.035 [main] DEBUG liquibase.util - Computed checksum for insert:[
    columns=[
        [
            name="user_credentials_id"
            valueComputed="(SELECT id FROM user_credentials WHERE email = 'iryna.kravchenko@example.com')"
        ],
        [
            name="role_id"
            value="3"
        ]
    ]
    tableName="user_credentials_roles"
] as 8564ad8735f92dc92c33e90ad7be7dae
2025-06-13 17:24:41.036 [main] DEBUG liquibase.util - Computed checksum for insert:[
    columns=[
        [
            name="country"
            value="Україна"
        ],
        [
            name="city"
            value="Чернігів"
        ],
        [
            name="street"
            value="Просп. Миру"
        ],
        [
            name="house"
            value="49"
        ],
        [
            name="is_deleted"
            value="false"
        ]
    ]
    tableName="addresses"
] as a9a371ae2b559c9fd32fe013c026ce80
2025-06-13 17:24:41.037 [main] DEBUG liquibase.util - Computed checksum for insert:[
    columns=[
        [
            name="first_name"
            value="Ірина"
        ],
        [
            name="last_name"
            value="Кравченко_TEST"
        ],
        [
            name="gender"
            value="FEMALE"
        ],
        [
            name="date_of_birth"
            value="1993-04-12"
        ],
        [
            name="profile_image_url"
            value=""
        ],
        [
            name="user_credentials_id"
            valueComputed="(... [truncated in log] as 76eb7b810b22d151a7eef9eb79ea9532
2025-06-13 17:24:41.037 [main] DEBUG liquibase.util - Computed checksum for insert:[
    columns=[
        [
            name="trainer_id"
            valueComputed="(SELECT id FROM trainers WHERE first_name = 'Ірина' AND last_name = 'Кравченко_TEST')"
        ],
        [
            name="phone_numbers"
            value="+38(098)-888-9900"
        ]
    ]
    tableName="trainer_phone_numbers"
] as 7dffbfb7c4abbd4c7cb85b9bae319ed2
2025-06-13 17:24:41.038 [main] DEBUG liquibase.util - Computed checksum for insert:[
    columns=[
        [
            name="trainer_id"
            valueComputed="(SELECT id FROM trainers WHERE first_name = 'Ірина' AND last_name = 'Кравченко_TEST')"
        ],
        [
            name="certificates"
            value="AFAA Group Fitness Instructor"
        ]
    ]
    tableName="trainer_certificates"
] as 7377a1fede14bc32bf7a8f2bdd053847
2025-06-13 17:24:41.038 [main] DEBUG liquibase.util - Computed checksum for insert:[
    columns=[
        [
            name="trainer_id"
            valueComputed="(SELECT id FROM trainers WHERE first_name = 'Ірина' AND last_name = 'Кравченко_TEST')"
        ],
        [
            name="sport_id"
            value="6"
        ]
    ]
    tableName="sports_trainers"
] as 12653dcbdf322c616969ecdb7bf1c380
2025-06-13 17:24:41.039 [main] DEBUG liquibase.util - Computed checksum for insert:[
    columns=[
        [
            name="trainer_id"
            valueComputed="(SELECT id FROM trainers WHERE first_name = 'Ірина' AND last_name = 'Кравченко_TEST')"
        ],
        [
            name="sport_id"
            value="7"
        ]
    ]
    tableName="sports_trainers"
] as 979f7c45e0a927369e62b469260734e7
2025-06-13 17:24:41.039 [main] DEBUG liquibase.util - Computed checksum for insert:[
    columns=[
        [
            name="email"
            value="serhii.marchenko@example.com"
        ],
        [
            name="password"
            value="$2a$10$2y03kivOdVnunKG2k53YeO8VO6Ks1UFPsWixKvl9PKtQsyXAFncmi"
        ],
        [
            name="user_type"
            value="TRAINER"
        ],
        [
            name="is_deleted"
            value="false"
        ]
    ]
    tableName="user_credentials"
] as 7b99fe434efc3bad6210a0742a35e55b
2025-06-13 17:24:41.040 [main] DEBUG liquibase.util - Computed checksum for insert:[
    columns=[
        [
            name="user_credentials_id"
            valueComputed="(SELECT id FROM user_credentials WHERE email = 'serhii.marchenko@example.com')"
        ],
        [
            name="role_id"
            value="3"
        ]
    ]
    tableName="user_credentials_roles"
] as 35110850724440b0bd2b6d15685ec816
2025-06-13 17:24:41.040 [main] DEBUG liquibase.util - Computed checksum for insert:[
    columns=[
        [
            name="country"
            value="Україна"
        ],
        [
            name="city"
            value="Полтава"
        ],
        [
            name="street"
            value="Європейська"
        ],
        [
            name="house"
            value="10"
        ],
        [
            name="is_deleted"
            value="false"
        ]
    ]
    tableName="addresses"
] as 3e7aaa6e30702a37fb920be87a89eb60
2025-06-13 17:24:41.041 [main] DEBUG liquibase.util - Computed checksum for insert:[
    columns=[
        [
            name="first_name"
            value="Сергій"
        ],
        [
            name="last_name"
            value="Марченко_TEST"
        ],
        [
            name="gender"
            value="MALE"
        ],
        [
            name="date_of_birth"
            value="1987-08-28"
        ],
        [
            name="profile_image_url"
            value=""
        ],
        [
            name="user_credentials_id"
            valueComputed="(SE... [truncated in log] as d994788a0a0b29577dfc970c1f26af74
2025-06-13 17:24:41.042 [main] DEBUG liquibase.util - Computed checksum for insert:[
    columns=[
        [
            name="trainer_id"
            valueComputed="(SELECT id FROM trainers WHERE first_name = 'Сергій' AND last_name = 'Марченко_TEST')"
        ],
        [
            name="phone_numbers"
            value="+38(050)-999-0011"
        ]
    ]
    tableName="trainer_phone_numbers"
] as 11016c25211a61b7426400ead18b3e9a
2025-06-13 17:24:41.042 [main] DEBUG liquibase.util - Computed checksum for insert:[
    columns=[
        [
            name="trainer_id"
            valueComputed="(SELECT id FROM trainers WHERE first_name = 'Сергій' AND last_name = 'Марченко_TEST')"
        ],
        [
            name="certificates"
            value="Сертифікат FINA"
        ]
    ]
    tableName="trainer_certificates"
] as 690290a7b9376150de852d75382f7449
2025-06-13 17:24:41.043 [main] DEBUG liquibase.util - Computed checksum for insert:[
    columns=[
        [
            name="trainer_id"
            valueComputed="(SELECT id FROM trainers WHERE first_name = 'Сергій' AND last_name = 'Марченко_TEST')"
        ],
        [
            name="sport_id"
            value="2"
        ]
    ]
    tableName="sports_trainers"
] as 9a441f458bb18013ae559d75683051d9
2025-06-13 17:24:41.043 [main] DEBUG liquibase.util - Computed checksum for insert:[
    columns=[
        [
            name="trainer_id"
            valueComputed="(SELECT id FROM trainers WHERE first_name = 'Сергій' AND last_name = 'Марченко_TEST')"
        ],
        [
            name="sport_id"
            value="12"
        ]
    ]
    tableName="sports_trainers"
] as 7ea6a9f498a5fe357a4085ffb274df30
2025-06-13 17:24:41.044 [main] DEBUG liquibase.util - Computed checksum for insert:[
    columns=[
        [
            name="email"
            value="halyna.oliynyk@example.com"
        ],
        [
            name="password"
            value="$2a$10$2y03kivOdVnunKG2k53YeO8VO6Ks1UFPsWixKvl9PKtQsyXAFncmi"
        ],
        [
            name="user_type"
            value="TRAINER"
        ],
        [
            name="is_deleted"
            value="false"
        ]
    ]
    tableName="user_credentials"
] as 9885df4aea9848ff95e0dffde4558a59
2025-06-13 17:24:41.044 [main] DEBUG liquibase.util - Computed checksum for insert:[
    columns=[
        [
            name="user_credentials_id"
            valueComputed="(SELECT id FROM user_credentials WHERE email = 'halyna.oliynyk@example.com')"
        ],
        [
            name="role_id"
            value="3"
        ]
    ]
    tableName="user_credentials_roles"
] as 744e40682a5c2faa7c372982a5bd88f7
2025-06-13 17:24:41.044 [main] DEBUG liquibase.util - Computed checksum for insert:[
    columns=[
        [
            name="country"
            value="Україна"
        ],
        [
            name="city"
            value="Черкаси"
        ],
        [
            name="street"
            value="Хрещатик"
        ],
        [
            name="house"
            value="200"
        ],
        [
            name="is_deleted"
            value="false"
        ]
    ]
    tableName="addresses"
] as 68f7f5d7352e3a35c1cf2990d767fec6
2025-06-13 17:24:41.045 [main] DEBUG liquibase.util - Computed checksum for insert:[
    columns=[
        [
            name="first_name"
            value="Галина"
        ],
        [
            name="last_name"
            value="Олійник_TEST"
        ],
        [
            name="gender"
            value="FEMALE"
        ],
        [
            name="date_of_birth"
            value="1994-10-18"
        ],
        [
            name="profile_image_url"
            value=""
        ],
        [
            name="user_credentials_id"
            valueComputed="(S... [truncated in log] as aad6e050ea440790ac31552202160a9a
2025-06-13 17:24:41.047 [main] DEBUG liquibase.util - Computed checksum for insert:[
    columns=[
        [
            name="trainer_id"
            valueComputed="(SELECT id FROM trainers WHERE first_name = 'Галина' AND last_name = 'Олійник_TEST')"
        ],
        [
            name="phone_numbers"
            value="+38(067)-123-4567"
        ]
    ]
    tableName="trainer_phone_numbers"
] as 4eebd43046b67e47738916638af4b52c
2025-06-13 17:24:41.048 [main] DEBUG liquibase.util - Computed checksum for insert:[
    columns=[
        [
            name="trainer_id"
            valueComputed="(SELECT id FROM trainers WHERE first_name = 'Галина' AND last_name = 'Олійник_TEST')"
        ],
        [
            name="certificates"
            value="Certified Rehabilitation Specialist"
        ]
    ]
    tableName="trainer_certificates"
] as 45e95207184bbe128800ef6cae58de11
2025-06-13 17:24:41.049 [main] DEBUG liquibase.util - Computed checksum for insert:[
    columns=[
        [
            name="trainer_id"
            valueComputed="(SELECT id FROM trainers WHERE first_name = 'Галина' AND last_name = 'Олійник_TEST')"
        ],
        [
            name="sport_id"
            value="4"
        ]
    ]
    tableName="sports_trainers"
] as 8e6426be7350ecc5dfa6d125a5c59b3a
2025-06-13 17:24:41.049 [main] DEBUG liquibase.util - Computed checksum for insert:[
    columns=[
        [
            name="trainer_id"
            valueComputed="(SELECT id FROM trainers WHERE first_name = 'Галина' AND last_name = 'Олійник_TEST')"
        ],
        [
            name="sport_id"
            value="15"
        ]
    ]
    tableName="sports_trainers"
] as 0da9c9768da28297345ba6f7c9e08e5f
2025-06-13 17:24:41.050 [main] DEBUG liquibase.util - Computed checksum for 9:46347dc36c4ba709d4e76b75f317b194:9:7b57a43f905c1d30b9aa39b62ebec5d4:9:0cc3f9033240d254be653a86218e6b44:9:381663ba417c2fb84197237f5e332d0d:9:850ce1de1db5aa351998505fc0ca0f82:9:844e3bd96e796403416699383bdc8c1e:9:243e43dd4aab5fdbebf00531f4f0a551:9:8a13fa56f7562ba6f690f4cc6f98c198:9:d358c464e1b591896202e75e91d2655a:9:3d1afb454ee3a4469d2dc69e6b2ac732:9:a3888613964618ed3763f715ee8911f0:9:08776f31c0cac1c48d171e336eb89d94:9:4ee43f03356033aae8b06a34c3f750bc:9:fa128c8a35279b370e7aac464289c5e3:9:ba1ada47... [truncated in log] as 18bb7a6c6d60c3b3d3a8292c3630b15f
2025-06-13 17:24:41.051 [main] DEBUG liquibase.util - Computed checksum for insert:[
    columns=[
        [
            name="email"
            value="oleksii.hryshchenko@example.com"
        ],
        [
            name="password"
            value="$2a$10$2y03kivOdVnunKG2k53YeO8VO6Ks1UFPsWixKvl9PKtQsyXAFncmi"
        ],
        [
            name="user_type"
            value="GYM_OWNER"
        ],
        [
            name="is_deleted"
            value="false"
        ]
    ]
    tableName="user_credentials"
] as a186cdaecbad24427526f8efcbf6b91a
2025-06-13 17:24:41.051 [main] DEBUG liquibase.util - Computed checksum for insert:[
    columns=[
        [
            name="user_credentials_id"
            valueComputed="(SELECT id FROM user_credentials WHERE email = 'oleksii.hryshchenko@example.com')"
        ],
        [
            name="role_id"
            value="4"
        ]
    ]
    tableName="user_credentials_roles"
] as 9ef3126979d0b7e124200225ad552ea0
2025-06-13 17:24:41.052 [main] DEBUG liquibase.util - Computed checksum for insert:[
    columns=[
        [
            name="first_name"
            value="Олексій"
        ],
        [
            name="last_name"
            value="Грищенко_TEST"
        ],
        [
            name="gender"
            value="MALE"
        ],
        [
            name="date_of_birth"
            value="1980-01-01"
        ],
        [
            name="profile_image_url"
            value=""
        ],
        [
            name="user_credentials_id"
            valueComputed="(S... [truncated in log] as 9bb98a0e34b29db65729d2ed3f6a249f
2025-06-13 17:24:41.052 [main] DEBUG liquibase.util - Computed checksum for insert:[
    columns=[
        [
            name="gym_owner_id"
            valueComputed="(SELECT id FROM gym_owners WHERE first_name = 'Олексій' AND last_name = 'Грищенко_TEST')"
        ],
        [
            name="phone_numbers"
            value="+38(044)-111-2233"
        ]
    ]
    tableName="gym_owner_phone_numbers"
] as 0dc361460464624946144961607a0252
2025-06-13 17:24:41.053 [main] DEBUG liquibase.util - Computed checksum for insert:[
    columns=[
        [
            name="country"
            value="Україна"
        ],
        [
            name="city"
            value="Київ"
        ],
        [
            name="street"
            value="вул. Антоновича"
        ],
        [
            name="house"
            value="50"
        ],
        [
            name="is_deleted"
            value="false"
        ]
    ]
    tableName="addresses"
] as 29e45c29b85d6da7c38633e34f4655a8
2025-06-13 17:24:41.054 [main] DEBUG liquibase.util - Computed checksum for insert:[
    columns=[
        [
            name="name"
            value="StrongBody_TEST"
        ],
        [
            name="address_id"
            valueComputed="(SELECT id FROM addresses WHERE country = 'Україна' AND city = 'Київ' AND street = 'вул. Антоновича' AND house = '50')"
        ],
        [
            name="description"
            value="Сучасний тренажерний зал з великим вибором обладнання."
        ],
        [
            name="website"
            value="http://strongbo... [truncated in log] as 2c3d26909d9d4ed5e2357f97e1a2358f
2025-06-13 17:24:41.054 [main] DEBUG liquibase.util - Computed checksum for insert:[
    columns=[
        [
            name="gym_id"
            valueComputed="(SELECT id FROM gyms WHERE name = 'StrongBody_TEST')"
        ],
        [
            name="phone_numbers"
            value="+38(044)-111-2233"
        ]
    ]
    tableName="gym_phone_numbers"
] as 22bdbe6522a4ecd590a576b9e6ef4f69
2025-06-13 17:24:41.054 [main] DEBUG liquibase.util - Computed checksum for insert:[
    columns=[
        [
            name="gym_id"
            valueComputed="(SELECT id FROM gyms WHERE name = 'StrongBody_TEST')"
        ],
        [
            name="day_of_week"
            value="MONDAY"
        ],
        [
            name="start_time"
            value="07:00:00"
        ],
        [
            name="end_time"
            value="22:00:00"
        ]
    ]
    tableName="gym_working_hours"
] as fdd532cb2bf819a4ac986d879e17fb2a
2025-06-13 17:24:41.055 [main] DEBUG liquibase.util - Computed checksum for insert:[
    columns=[
        [
            name="gym_id"
            valueComputed="(SELECT id FROM gyms WHERE name = 'StrongBody_TEST')"
        ],
        [
            name="day_of_week"
            value="TUESDAY"
        ],
        [
            name="start_time"
            value="07:00:00"
        ],
        [
            name="end_time"
            value="22:00:00"
        ]
    ]
    tableName="gym_working_hours"
] as dc696c063f339e0b37f8ad038440ad00
2025-06-13 17:24:41.055 [main] DEBUG liquibase.util - Computed checksum for insert:[
    columns=[
        [
            name="gym_id"
            valueComputed="(SELECT id FROM gyms WHERE name = 'StrongBody_TEST')"
        ],
        [
            name="day_of_week"
            value="WEDNESDAY"
        ],
        [
            name="start_time"
            value="07:00:00"
        ],
        [
            name="end_time"
            value="22:00:00"
        ]
    ]
    tableName="gym_working_hours"
] as e2c6a6d1941fc2e01d41b1d9848894a1
2025-06-13 17:24:41.056 [main] DEBUG liquibase.util - Computed checksum for insert:[
    columns=[
        [
            name="gym_id"
            valueComputed="(SELECT id FROM gyms WHERE name = 'StrongBody_TEST')"
        ],
        [
            name="day_of_week"
            value="THURSDAY"
        ],
        [
            name="start_time"
            value="07:00:00"
        ],
        [
            name="end_time"
            value="22:00:00"
        ]
    ]
    tableName="gym_working_hours"
] as 3336aa01d7a18527f627cf3a86d5d03c
2025-06-13 17:24:41.056 [main] DEBUG liquibase.util - Computed checksum for insert:[
    columns=[
        [
            name="gym_id"
            valueComputed="(SELECT id FROM gyms WHERE name = 'StrongBody_TEST')"
        ],
        [
            name="day_of_week"
            value="FRIDAY"
        ],
        [
            name="start_time"
            value="07:00:00"
        ],
        [
            name="end_time"
            value="22:00:00"
        ]
    ]
    tableName="gym_working_hours"
] as 23f75e170e665544ed5877832f0f82f0
2025-06-13 17:24:41.057 [main] DEBUG liquibase.util - Computed checksum for insert:[
    columns=[
        [
            name="gym_id"
            valueComputed="(SELECT id FROM gyms WHERE name = 'StrongBody_TEST')"
        ],
        [
            name="day_of_week"
            value="SATURDAY"
        ],
        [
            name="start_time"
            value="09:00:00"
        ],
        [
            name="end_time"
            value="18:00:00"
        ]
    ]
    tableName="gym_working_hours"
] as b2578eb066447df75eaddfbe69230296
2025-06-13 17:24:41.057 [main] DEBUG liquibase.util - Computed checksum for insert:[
    columns=[
        [
            name="gym_id"
            valueComputed="(SELECT id FROM gyms WHERE name = 'StrongBody_TEST')"
        ],
        [
            name="day_of_week"
            value="SUNDAY"
        ],
        [
            name="start_time"
            value="09:00:00"
        ],
        [
            name="end_time"
            value="16:00:00"
        ]
    ]
    tableName="gym_working_hours"
] as f3333d5b4b54a5408b0e733d36db7451
2025-06-13 17:24:41.057 [main] DEBUG liquibase.util - Computed checksum for insert:[
    columns=[
        [
            name="gym_id"
            valueComputed="(SELECT id FROM gyms WHERE name = 'StrongBody_TEST')"
        ],
        [
            name="sport_id"
            value="3"
        ]
    ]
    tableName="sports_gyms"
] as b7897eb5898708ff779dce15c75dbbe1
2025-06-13 17:24:41.058 [main] DEBUG liquibase.util - Computed checksum for insert:[
    columns=[
        [
            name="gym_id"
            valueComputed="(SELECT id FROM gyms WHERE name = 'StrongBody_TEST')"
        ],
        [
            name="sport_id"
            value="1"
        ]
    ]
    tableName="sports_gyms"
] as 87fe014fc527f50e1e8379d7bddbaea9
2025-06-13 17:24:41.058 [main] DEBUG liquibase.util - Computed checksum for insert:[
    columns=[
        [
            name="country"
            value="Україна"
        ],
        [
            name="city"
            value="Львів"
        ],
        [
            name="street"
            value="вул. Городоцька"
        ],
        [
            name="house"
            value="17"
        ],
        [
            name="is_deleted"
            value="false"
        ]
    ]
    tableName="addresses"
] as 1904447d7b851e519fa45160330725b8
2025-06-13 17:24:41.059 [main] DEBUG liquibase.util - Computed checksum for insert:[
    columns=[
        [
            name="name"
            value="FitZone_TEST"
        ],
        [
            name="address_id"
            valueComputed="(SELECT id FROM addresses WHERE country = 'Україна' AND city = 'Львів' AND street = 'вул. Городоцька' AND house = '17')"
        ],
        [
            name="description"
            value="Просторий фітнес-центр з зонами для групових тренувань."
        ],
        [
            name="website"
            value="http://fitzone.l... [truncated in log] as f2e14af4ebd0b0699a69c73587d3b45e
2025-06-13 17:24:41.059 [main] DEBUG liquibase.util - Computed checksum for insert:[
    columns=[
        [
            name="gym_id"
            valueComputed="(SELECT id FROM gyms WHERE name = 'FitZone_TEST')"
        ],
        [
            name="phone_numbers"
            value="+38(032)-222-3344"
        ]
    ]
    tableName="gym_phone_numbers"
] as 7a44c4e1168588bc2efed261c38b2a46
2025-06-13 17:24:41.059 [main] DEBUG liquibase.util - Computed checksum for insert:[
    columns=[
        [
            name="gym_id"
            valueComputed="(SELECT id FROM gyms WHERE name = 'FitZone_TEST')"
        ],
        [
            name="day_of_week"
            value="MONDAY"
        ],
        [
            name="start_time"
            value="08:00:00"
        ],
        [
            name="end_time"
            value="21:00:00"
        ]
    ]
    tableName="gym_working_hours"
] as 0bab65249fca8bec2dc55c5e263fc59c
2025-06-13 17:24:41.060 [main] DEBUG liquibase.util - Computed checksum for insert:[
    columns=[
        [
            name="gym_id"
            valueComputed="(SELECT id FROM gyms WHERE name = 'FitZone_TEST')"
        ],
        [
            name="day_of_week"
            value="TUESDAY"
        ],
        [
            name="start_time"
            value="08:00:00"
        ],
        [
            name="end_time"
            value="21:00:00"
        ]
    ]
    tableName="gym_working_hours"
] as 9e2be34af71f2d3e189b317b75490841
2025-06-13 17:24:41.060 [main] DEBUG liquibase.util - Computed checksum for insert:[
    columns=[
        [
            name="gym_id"
            valueComputed="(SELECT id FROM gyms WHERE name = 'FitZone_TEST')"
        ],
        [
            name="day_of_week"
            value="WEDNESDAY"
        ],
        [
            name="start_time"
            value="08:00:00"
        ],
        [
            name="end_time"
            value="21:00:00"
        ]
    ]
    tableName="gym_working_hours"
] as ede8a4a3343c5bdb0c35a198db6e437e
2025-06-13 17:24:41.060 [main] DEBUG liquibase.util - Computed checksum for insert:[
    columns=[
        [
            name="gym_id"
            valueComputed="(SELECT id FROM gyms WHERE name = 'FitZone_TEST')"
        ],
        [
            name="day_of_week"
            value="THURSDAY"
        ],
        [
            name="start_time"
            value="08:00:00"
        ],
        [
            name="end_time"
            value="21:00:00"
        ]
    ]
    tableName="gym_working_hours"
] as 58a6f4c5f3dca4eb5fd5e2b92f3b90f0
2025-06-13 17:24:41.061 [main] DEBUG liquibase.util - Computed checksum for insert:[
    columns=[
        [
            name="gym_id"
            valueComputed="(SELECT id FROM gyms WHERE name = 'FitZone_TEST')"
        ],
        [
            name="day_of_week"
            value="FRIDAY"
        ],
        [
            name="start_time"
            value="08:00:00"
        ],
        [
            name="end_time"
            value="21:00:00"
        ]
    ]
    tableName="gym_working_hours"
] as fd8c4582f5bbe38d18da68cbeda3ceea
2025-06-13 17:24:41.062 [main] DEBUG liquibase.util - Computed checksum for insert:[
    columns=[
        [
            name="gym_id"
            valueComputed="(SELECT id FROM gyms WHERE name = 'FitZone_TEST')"
        ],
        [
            name="day_of_week"
            value="SATURDAY"
        ],
        [
            name="start_time"
            value="10:00:00"
        ],
        [
            name="end_time"
            value="17:00:00"
        ]
    ]
    tableName="gym_working_hours"
] as ecf6da0cf50db3524defe41071744449
2025-06-13 17:24:41.062 [main] DEBUG liquibase.util - Computed checksum for insert:[
    columns=[
        [
            name="gym_id"
            valueComputed="(SELECT id FROM gyms WHERE name = 'FitZone_TEST')"
        ],
        [
            name="sport_id"
            value="7"
        ]
    ]
    tableName="sports_gyms"
] as 6f7d1438af2b7019de9da57fd7df9d44
2025-06-13 17:24:41.063 [main] DEBUG liquibase.util - Computed checksum for insert:[
    columns=[
        [
            name="gym_id"
            valueComputed="(SELECT id FROM gyms WHERE name = 'FitZone_TEST')"
        ],
        [
            name="sport_id"
            value="13"
        ]
    ]
    tableName="sports_gyms"
] as 87bbd099f660cae0e764a75e4a9e8e51
2025-06-13 17:24:41.064 [main] DEBUG liquibase.util - Computed checksum for insert:[
    columns=[
        [
            name="gym_id"
            valueComputed="(SELECT id FROM gyms WHERE name = 'FitZone_TEST')"
        ],
        [
            name="sport_id"
            value="1"
        ]
    ]
    tableName="sports_gyms"
] as b3258160a2da867cab3fb7c2fff8685d
2025-06-13 17:24:41.064 [main] DEBUG liquibase.util - Computed checksum for insert:[
    columns=[
        [
            name="country"
            value="Україна"
        ],
        [
            name="city"
            value="Одеса"
        ],
        [
            name="street"
            value="вул. Катерининська"
        ],
        [
            name="house"
            value="20"
        ],
        [
            name="is_deleted"
            value="false"
        ]
    ]
    tableName="addresses"
] as a886b7a6bde59aafc5d26f305008b40d
2025-06-13 17:24:41.065 [main] DEBUG liquibase.util - Computed checksum for insert:[
    columns=[
        [
            name="name"
            value="Dynamo_TEST"
        ],
        [
            name="address_id"
            valueComputed="(SELECT id FROM addresses WHERE country = 'Україна' AND city = 'Одеса' AND street = 'вул. Катерининська' AND house = '20')"
        ],
        [
            name="description"
            value="Класичний спортивний клуб з басейном та сауною."
        ],
        [
            name="website"
            value="http://dynamo.od.ua"
 ... [truncated in log] as 12e125cb99179e7a89e73b2841ebc08b
2025-06-13 17:24:41.065 [main] DEBUG liquibase.util - Computed checksum for insert:[
    columns=[
        [
            name="gym_id"
            valueComputed="(SELECT id FROM gyms WHERE name = 'Dynamo_TEST')"
        ],
        [
            name="phone_numbers"
            value="+38(048)-333-4455"
        ]
    ]
    tableName="gym_phone_numbers"
] as b6caa5ec433522920b57749d76661096
2025-06-13 17:24:41.065 [main] DEBUG liquibase.util - Computed checksum for insert:[
    columns=[
        [
            name="gym_id"
            valueComputed="(SELECT id FROM gyms WHERE name = 'Dynamo_TEST')"
        ],
        [
            name="day_of_week"
            value="MONDAY"
        ],
        [
            name="start_time"
            value="06:00:00"
        ],
        [
            name="end_time"
            value="23:00:00"
        ]
    ]
    tableName="gym_working_hours"
] as b6e87d8e96d078ccab18203023a36ec7
2025-06-13 17:24:41.066 [main] DEBUG liquibase.util - Computed checksum for insert:[
    columns=[
        [
            name="gym_id"
            valueComputed="(SELECT id FROM gyms WHERE name = 'Dynamo_TEST')"
        ],
        [
            name="day_of_week"
            value="TUESDAY"
        ],
        [
            name="start_time"
            value="06:00:00"
        ],
        [
            name="end_time"
            value="23:00:00"
        ]
    ]
    tableName="gym_working_hours"
] as de59218f70f5fb295b1c90985b7f0f44
2025-06-13 17:24:41.066 [main] DEBUG liquibase.util - Computed checksum for insert:[
    columns=[
        [
            name="gym_id"
            valueComputed="(SELECT id FROM gyms WHERE name = 'Dynamo_TEST')"
        ],
        [
            name="day_of_week"
            value="WEDNESDAY"
        ],
        [
            name="start_time"
            value="06:00:00"
        ],
        [
            name="end_time"
            value="23:00:00"
        ]
    ]
    tableName="gym_working_hours"
] as 9dee3aa84b661e86ad655d67aa064b33
2025-06-13 17:24:41.066 [main] DEBUG liquibase.util - Computed checksum for insert:[
    columns=[
        [
            name="gym_id"
            valueComputed="(SELECT id FROM gyms WHERE name = 'Dynamo_TEST')"
        ],
        [
            name="day_of_week"
            value="THURSDAY"
        ],
        [
            name="start_time"
            value="06:00:00"
        ],
        [
            name="end_time"
            value="23:00:00"
        ]
    ]
    tableName="gym_working_hours"
] as ec14ef8865263b86807d65a440266bf2
2025-06-13 17:24:41.067 [main] DEBUG liquibase.util - Computed checksum for insert:[
    columns=[
        [
            name="gym_id"
            valueComputed="(SELECT id FROM gyms WHERE name = 'Dynamo_TEST')"
        ],
        [
            name="day_of_week"
            value="FRIDAY"
        ],
        [
            name="start_time"
            value="06:00:00"
        ],
        [
            name="end_time"
            value="23:00:00"
        ]
    ]
    tableName="gym_working_hours"
] as 0331175adffb3d4dcfe1d68546d4f548
2025-06-13 17:24:41.067 [main] DEBUG liquibase.util - Computed checksum for insert:[
    columns=[
        [
            name="gym_id"
            valueComputed="(SELECT id FROM gyms WHERE name = 'Dynamo_TEST')"
        ],
        [
            name="day_of_week"
            value="SATURDAY"
        ],
        [
            name="start_time"
            value="08:00:00"
        ],
        [
            name="end_time"
            value="20:00:00"
        ]
    ]
    tableName="gym_working_hours"
] as 710ef1519e1b7b1f4bf64b9d7f46cb9c
2025-06-13 17:24:41.068 [main] DEBUG liquibase.util - Computed checksum for insert:[
    columns=[
        [
            name="gym_id"
            valueComputed="(SELECT id FROM gyms WHERE name = 'Dynamo_TEST')"
        ],
        [
            name="day_of_week"
            value="SUNDAY"
        ],
        [
            name="start_time"
            value="08:00:00"
        ],
        [
            name="end_time"
            value="18:00:00"
        ]
    ]
    tableName="gym_working_hours"
] as fe64c3bd00cbb11d0ff1ec9d5dc78809
2025-06-13 17:24:41.068 [main] DEBUG liquibase.util - Computed checksum for insert:[
    columns=[
        [
            name="gym_id"
            valueComputed="(SELECT id FROM gyms WHERE name = 'Dynamo_TEST')"
        ],
        [
            name="sport_id"
            value="2"
        ]
    ]
    tableName="sports_gyms"
] as 7d9fd06d5aebd1d7fb6c412eec608c0e
2025-06-13 17:24:41.069 [main] DEBUG liquibase.util - Computed checksum for insert:[
    columns=[
        [
            name="gym_id"
            valueComputed="(SELECT id FROM gyms WHERE name = 'Dynamo_TEST')"
        ],
        [
            name="sport_id"
            value="12"
        ]
    ]
    tableName="sports_gyms"
] as bbd9a9aef4b0b0462e211d00334a3886
2025-06-13 17:24:41.069 [main] DEBUG liquibase.util - Computed checksum for insert:[
    columns=[
        [
            name="gym_id"
            valueComputed="(SELECT id FROM gyms WHERE name = 'Dynamo_TEST')"
        ],
        [
            name="sport_id"
            value="1"
        ]
    ]
    tableName="sports_gyms"
] as 9f5012badfbfd9fe0fe97e50f8e9f07a
2025-06-13 17:24:41.070 [main] DEBUG liquibase.util - Computed checksum for insert:[
    columns=[
        [
            name="country"
            value="Україна"
        ],
        [
            name="city"
            value="Харків"
        ],
        [
            name="street"
            value="просп. Науки"
        ],
        [
            name="house"
            value="9"
        ],
        [
            name="is_deleted"
            value="false"
        ]
    ]
    tableName="addresses"
] as faac327685d870ec67bd2406acea346f
2025-06-13 17:24:41.070 [main] DEBUG liquibase.util - Computed checksum for insert:[
    columns=[
        [
            name="name"
            value="SportLife_TEST"
        ],
        [
            name="address_id"
            valueComputed="(SELECT id FROM addresses WHERE country = 'Україна' AND city = 'Харків' AND street = 'просп. Науки' AND house = '9')"
        ],
        [
            name="description"
            value="Велика мережа фітнес-клубів з басейном та спа."
        ],
        [
            name="website"
            value="http://sportlife.ua"
     ... [truncated in log] as b1c6c42c0f25a9d88f361887a253ea48
2025-06-13 17:24:41.071 [main] DEBUG liquibase.util - Computed checksum for insert:[
    columns=[
        [
            name="gym_id"
            valueComputed="(SELECT id FROM gyms WHERE name = 'SportLife_TEST')"
        ],
        [
            name="phone_numbers"
            value="+38(057)-444-5566"
        ]
    ]
    tableName="gym_phone_numbers"
] as e7510a4e1cb33f0dd5d262e98e70f8f8
2025-06-13 17:24:41.071 [main] DEBUG liquibase.util - Computed checksum for insert:[
    columns=[
        [
            name="gym_id"
            valueComputed="(SELECT id FROM gyms WHERE name = 'SportLife_TEST')"
        ],
        [
            name="day_of_week"
            value="MONDAY"
        ],
        [
            name="start_time"
            value="07:00:00"
        ],
        [
            name="end_time"
            value="22:00:00"
        ]
    ]
    tableName="gym_working_hours"
] as 4369b55d3eab1ac1d5597029c3e5e877
2025-06-13 17:24:41.071 [main] DEBUG liquibase.util - Computed checksum for insert:[
    columns=[
        [
            name="gym_id"
            valueComputed="(SELECT id FROM gyms WHERE name = 'SportLife_TEST')"
        ],
        [
            name="day_of_week"
            value="TUESDAY"
        ],
        [
            name="start_time"
            value="07:00:00"
        ],
        [
            name="end_time"
            value="22:00:00"
        ]
    ]
    tableName="gym_working_hours"
] as 0edc8019bf9ae1d523e570663853e388
2025-06-13 17:24:41.072 [main] DEBUG liquibase.util - Computed checksum for insert:[
    columns=[
        [
            name="gym_id"
            valueComputed="(SELECT id FROM gyms WHERE name = 'SportLife_TEST')"
        ],
        [
            name="day_of_week"
            value="WEDNESDAY"
        ],
        [
            name="start_time"
            value="07:00:00"
        ],
        [
            name="end_time"
            value="22:00:00"
        ]
    ]
    tableName="gym_working_hours"
] as b10b239453dc07d5f46cc2c8f6c978da
2025-06-13 17:24:41.072 [main] DEBUG liquibase.util - Computed checksum for insert:[
    columns=[
        [
            name="gym_id"
            valueComputed="(SELECT id FROM gyms WHERE name = 'SportLife_TEST')"
        ],
        [
            name="day_of_week"
            value="THURSDAY"
        ],
        [
            name="start_time"
            value="07:00:00"
        ],
        [
            name="end_time"
            value="22:00:00"
        ]
    ]
    tableName="gym_working_hours"
] as 09854321df3d56492ae4251a4811300c
2025-06-13 17:24:41.072 [main] DEBUG liquibase.util - Computed checksum for insert:[
    columns=[
        [
            name="gym_id"
            valueComputed="(SELECT id FROM gyms WHERE name = 'SportLife_TEST')"
        ],
        [
            name="day_of_week"
            value="FRIDAY"
        ],
        [
            name="start_time"
            value="07:00:00"
        ],
        [
            name="end_time"
            value="22:00:00"
        ]
    ]
    tableName="gym_working_hours"
] as d36a727c6bc9cdcb3bc8da3b882d89a8
2025-06-13 17:24:41.073 [main] DEBUG liquibase.util - Computed checksum for insert:[
    columns=[
        [
            name="gym_id"
            valueComputed="(SELECT id FROM gyms WHERE name = 'SportLife_TEST')"
        ],
        [
            name="day_of_week"
            value="SATURDAY"
        ],
        [
            name="start_time"
            value="09:00:00"
        ],
        [
            name="end_time"
            value="18:00:00"
        ]
    ]
    tableName="gym_working_hours"
] as 7f69e2d84a04b2a48d781a31824d1cba
2025-06-13 17:24:41.073 [main] DEBUG liquibase.util - Computed checksum for insert:[
    columns=[
        [
            name="gym_id"
            valueComputed="(SELECT id FROM gyms WHERE name = 'SportLife_TEST')"
        ],
        [
            name="day_of_week"
            value="SUNDAY"
        ],
        [
            name="start_time"
            value="09:00:00"
        ],
        [
            name="end_time"
            value="16:00:00"
        ]
    ]
    tableName="gym_working_hours"
] as 8ee93f47c13a3749dccb6748d0eef10a
2025-06-13 17:24:41.073 [main] DEBUG liquibase.util - Computed checksum for insert:[
    columns=[
        [
            name="gym_id"
            valueComputed="(SELECT id FROM gyms WHERE name = 'SportLife_TEST')"
        ],
        [
            name="sport_id"
            value="6"
        ]
    ]
    tableName="sports_gyms"
] as 25784dddc04580e07455859cadab9b7a
2025-06-13 17:24:41.074 [main] DEBUG liquibase.util - Computed checksum for insert:[
    columns=[
        [
            name="gym_id"
            valueComputed="(SELECT id FROM gyms WHERE name = 'SportLife_TEST')"
        ],
        [
            name="sport_id"
            value="16"
        ]
    ]
    tableName="sports_gyms"
] as 10b11ca1c5e8d207510c7e150c4a25ee
2025-06-13 17:24:41.074 [main] DEBUG liquibase.util - Computed checksum for insert:[
    columns=[
        [
            name="gym_id"
            valueComputed="(SELECT id FROM gyms WHERE name = 'SportLife_TEST')"
        ],
        [
            name="sport_id"
            value="1"
        ]
    ]
    tableName="sports_gyms"
] as a23984346ad5265ceb897126434f54b0
2025-06-13 17:24:41.074 [main] DEBUG liquibase.util - Computed checksum for insert:[
    columns=[
        [
            name="country"
            value="Україна"
        ],
        [
            name="city"
            value="Дніпро"
        ],
        [
            name="street"
            value="просп. Дмитра Яворницького"
        ],
        [
            name="house"
            value="8"
        ],
        [
            name="is_deleted"
            value="false"
        ]
    ]
    tableName="addresses"
] as 45fedd292e83719824da1f0cc464ef7f
2025-06-13 17:24:41.075 [main] DEBUG liquibase.util - Computed checksum for insert:[
    columns=[
        [
            name="name"
            value="Атлант_TEST"
        ],
        [
            name="address_id"
            valueComputed="(SELECT id FROM addresses WHERE country = 'Україна' AND city = 'Дніпро' AND street = 'просп. Дмитра Яворницького' AND house = '8')"
        ],
        [
            name="description"
            value="Тренажерний зал для силових видів спорту."
        ],
        [
            name="website"
            value="http://atlant.dp.ua"... [truncated in log] as 93a725534042575ad5f69afd785945ac
2025-06-13 17:24:41.075 [main] DEBUG liquibase.util - Computed checksum for insert:[
    columns=[
        [
            name="gym_id"
            valueComputed="(SELECT id FROM gyms WHERE name = 'Атлант_TEST')"
        ],
        [
            name="phone_numbers"
            value="+38(056)-555-6677"
        ]
    ]
    tableName="gym_phone_numbers"
] as 1f6ce2e3592e5a2ffa19ca9d0188db2a
2025-06-13 17:24:41.076 [main] DEBUG liquibase.util - Computed checksum for insert:[
    columns=[
        [
            name="gym_id"
            valueComputed="(SELECT id FROM gyms WHERE name = 'Атлант_TEST')"
        ],
        [
            name="day_of_week"
            value="MONDAY"
        ],
        [
            name="start_time"
            value="08:00:00"
        ],
        [
            name="end_time"
            value="20:00:00"
        ]
    ]
    tableName="gym_working_hours"
] as 55e9294f9c90d56411faba0c340b9d8e
2025-06-13 17:24:41.076 [main] DEBUG liquibase.util - Computed checksum for insert:[
    columns=[
        [
            name="gym_id"
            valueComputed="(SELECT id FROM gyms WHERE name = 'Атлант_TEST')"
        ],
        [
            name="day_of_week"
            value="TUESDAY"
        ],
        [
            name="start_time"
            value="08:00:00"
        ],
        [
            name="end_time"
            value="20:00:00"
        ]
    ]
    tableName="gym_working_hours"
] as d5421612c9f9cdb8984ab967c8d2201d
2025-06-13 17:24:41.077 [main] DEBUG liquibase.util - Computed checksum for insert:[
    columns=[
        [
            name="gym_id"
            valueComputed="(SELECT id FROM gyms WHERE name = 'Атлант_TEST')"
        ],
        [
            name="day_of_week"
            value="WEDNESDAY"
        ],
        [
            name="start_time"
            value="08:00:00"
        ],
        [
            name="end_time"
            value="20:00:00"
        ]
    ]
    tableName="gym_working_hours"
] as 1bda38ca77546c027f7fdf124a7bc1b6
2025-06-13 17:24:41.077 [main] DEBUG liquibase.util - Computed checksum for insert:[
    columns=[
        [
            name="gym_id"
            valueComputed="(SELECT id FROM gyms WHERE name = 'Атлант_TEST')"
        ],
        [
            name="day_of_week"
            value="THURSDAY"
        ],
        [
            name="start_time"
            value="08:00:00"
        ],
        [
            name="end_time"
            value="20:00:00"
        ]
    ]
    tableName="gym_working_hours"
] as 174516c28a42d35326ae0b8262f7f5dd
2025-06-13 17:24:41.078 [main] DEBUG liquibase.util - Computed checksum for insert:[
    columns=[
        [
            name="gym_id"
            valueComputed="(SELECT id FROM gyms WHERE name = 'Атлант_TEST')"
        ],
        [
            name="day_of_week"
            value="FRIDAY"
        ],
        [
            name="start_time"
            value="08:00:00"
        ],
        [
            name="end_time"
            value="20:00:00"
        ]
    ]
    tableName="gym_working_hours"
] as 3d53c09dac6e20d1948ad1a65215f639
2025-06-13 17:24:41.078 [main] DEBUG liquibase.util - Computed checksum for insert:[
    columns=[
        [
            name="gym_id"
            valueComputed="(SELECT id FROM gyms WHERE name = 'Атлант_TEST')"
        ],
        [
            name="day_of_week"
            value="SATURDAY"
        ],
        [
            name="start_time"
            value="09:00:00"
        ],
        [
            name="end_time"
            value="15:00:00"
        ]
    ]
    tableName="gym_working_hours"
] as 80d7d2339b86a1029e14782b53d54c80
2025-06-13 17:24:41.078 [main] DEBUG liquibase.util - Computed checksum for insert:[
    columns=[
        [
            name="gym_id"
            valueComputed="(SELECT id FROM gyms WHERE name = 'Атлант_TEST')"
        ],
        [
            name="sport_id"
            value="5"
        ]
    ]
    tableName="sports_gyms"
] as 197726bee304e61cb39d6ad7b4917691
2025-06-13 17:24:41.079 [main] DEBUG liquibase.util - Computed checksum for insert:[
    columns=[
        [
            name="gym_id"
            valueComputed="(SELECT id FROM gyms WHERE name = 'Атлант_TEST')"
        ],
        [
            name="sport_id"
            value="17"
        ]
    ]
    tableName="sports_gyms"
] as 229cf4a6763ea67c0b6a919fd9db1260
2025-06-13 17:24:41.079 [main] DEBUG liquibase.util - Computed checksum for insert:[
    columns=[
        [
            name="gym_id"
            valueComputed="(SELECT id FROM gyms WHERE name = 'Атлант_TEST')"
        ],
        [
            name="sport_id"
            value="1"
        ]
    ]
    tableName="sports_gyms"
] as 405d5fbc65e494b8f58e9acb0053a8fa
2025-06-13 17:24:41.079 [main] DEBUG liquibase.util - Computed checksum for insert:[
    columns=[
        [
            name="country"
            value="Україна"
        ],
        [
            name="city"
            value="Запоріжжя"
        ],
        [
            name="street"
            value="вул. Незалежної України"
        ],
        [
            name="house"
            value="72"
        ],
        [
            name="is_deleted"
            value="false"
        ]
    ]
    tableName="addresses"
] as 02ee1e41ca412ef30f7ebd72fb4c5e9b
2025-06-13 17:24:41.080 [main] DEBUG liquibase.util - Computed checksum for insert:[
    columns=[
        [
            name="name"
            value="Maximus_TEST"
        ],
        [
            name="address_id"
            valueComputed="(SELECT id FROM addresses WHERE country = 'Україна' AND city = 'Запоріжжя' AND street = 'вул. Незалежної України' AND house = '72')"
        ],
        [
            name="description"
            value="Фітнес-клуб з великим вибором групових програм."
        ],
        [
            name="website"
            value="http://maxim... [truncated in log] as 180227bed642a624dec16ba73f1c5303
2025-06-13 17:24:41.080 [main] DEBUG liquibase.util - Computed checksum for insert:[
    columns=[
        [
            name="gym_id"
            valueComputed="(SELECT id FROM gyms WHERE name = 'Maximus_TEST')"
        ],
        [
            name="phone_numbers"
            value="+38(061)-666-7788"
        ]
    ]
    tableName="gym_phone_numbers"
] as 70fbb919165cf247bd5da41770e2223d
2025-06-13 17:24:41.080 [main] DEBUG liquibase.util - Computed checksum for insert:[
    columns=[
        [
            name="gym_id"
            valueComputed="(SELECT id FROM gyms WHERE name = 'Maximus_TEST')"
        ],
        [
            name="day_of_week"
            value="MONDAY"
        ],
        [
            name="start_time"
            value="07:30:00"
        ],
        [
            name="end_time"
            value="21:30:00"
        ]
    ]
    tableName="gym_working_hours"
] as 353cd5da6a98e9dea521478be2f7ae7e
2025-06-13 17:24:41.080 [main] DEBUG liquibase.util - Computed checksum for insert:[
    columns=[
        [
            name="gym_id"
            valueComputed="(SELECT id FROM gyms WHERE name = 'Maximus_TEST')"
        ],
        [
            name="day_of_week"
            value="TUESDAY"
        ],
        [
            name="start_time"
            value="07:30:00"
        ],
        [
            name="end_time"
            value="21:30:00"
        ]
    ]
    tableName="gym_working_hours"
] as f4d8271629e835cb7866af29881749fc
2025-06-13 17:24:41.081 [main] DEBUG liquibase.util - Computed checksum for insert:[
    columns=[
        [
            name="gym_id"
            valueComputed="(SELECT id FROM gyms WHERE name = 'Maximus_TEST')"
        ],
        [
            name="day_of_week"
            value="WEDNESDAY"
        ],
        [
            name="start_time"
            value="07:30:00"
        ],
        [
            name="end_time"
            value="21:30:00"
        ]
    ]
    tableName="gym_working_hours"
] as 141b681904b0f97092f8089d857ffd9e
2025-06-13 17:24:41.081 [main] DEBUG liquibase.util - Computed checksum for insert:[
    columns=[
        [
            name="gym_id"
            valueComputed="(SELECT id FROM gyms WHERE name = 'Maximus_TEST')"
        ],
        [
            name="day_of_week"
            value="THURSDAY"
        ],
        [
            name="start_time"
            value="07:30:00"
        ],
        [
            name="end_time"
            value="21:30:00"
        ]
    ]
    tableName="gym_working_hours"
] as 565c2f6d4af785a308b9aa5608afbf25
2025-06-13 17:24:41.082 [main] DEBUG liquibase.util - Computed checksum for insert:[
    columns=[
        [
            name="gym_id"
            valueComputed="(SELECT id FROM gyms WHERE name = 'Maximus_TEST')"
        ],
        [
            name="day_of_week"
            value="FRIDAY"
        ],
        [
            name="start_time"
            value="07:30:00"
        ],
        [
            name="end_time"
            value="21:30:00"
        ]
    ]
    tableName="gym_working_hours"
] as 498f970c81e46ffa848455e7d87749ba
2025-06-13 17:24:41.082 [main] DEBUG liquibase.util - Computed checksum for insert:[
    columns=[
        [
            name="gym_id"
            valueComputed="(SELECT id FROM gyms WHERE name = 'Maximus_TEST')"
        ],
        [
            name="day_of_week"
            value="SUNDAY"
        ],
        [
            name="start_time"
            value="10:00:00"
        ],
        [
            name="end_time"
            value="15:00:00"
        ]
    ]
    tableName="gym_working_hours"
] as 9a77fa999025b3f8dda99e3dd715b691
2025-06-13 17:24:41.082 [main] DEBUG liquibase.util - Computed checksum for insert:[
    columns=[
        [
            name="gym_id"
            valueComputed="(SELECT id FROM gyms WHERE name = 'Maximus_TEST')"
        ],
        [
            name="sport_id"
            value="14"
        ]
    ]
    tableName="sports_gyms"
] as 32d2b5edcf2fa63c89ca91fff218bc6f
2025-06-13 17:24:41.083 [main] DEBUG liquibase.util - Computed checksum for insert:[
    columns=[
        [
            name="gym_id"
            valueComputed="(SELECT id FROM gyms WHERE name = 'Maximus_TEST')"
        ],
        [
            name="sport_id"
            value="1"
        ]
    ]
    tableName="sports_gyms"
] as 06da56d1e59529422e0d5b5fa9ebf052
2025-06-13 17:24:41.083 [main] DEBUG liquibase.util - Computed checksum for insert:[
    columns=[
        [
            name="country"
            value="Україна"
        ],
        [
            name="city"
            value="Вінниця"
        ],
        [
            name="street"
            value="вул. Пирогова"
        ],
        [
            name="house"
            value="30"
        ],
        [
            name="is_deleted"
            value="false"
        ]
    ]
    tableName="addresses"
] as 8ee95ed762938b3f6e024aaea702fc8b
2025-06-13 17:24:41.084 [main] DEBUG liquibase.util - Computed checksum for insert:[
    columns=[
        [
            name="name"
            value="GrandFitness_TEST"
        ],
        [
            name="address_id"
            valueComputed="(SELECT id FROM addresses WHERE country = 'Україна' AND city = 'Вінниця' AND street = 'вул. Пирогова' AND house = '30')"
        ],
        [
            name="description"
            value="Елітний фітнес-центр з преміум обладнанням."
        ],
        [
            name="website"
            value="http://grandfitness.vn.... [truncated in log] as 3aaed1a4c0852ff0f979b113c32dff3f
2025-06-13 17:24:41.084 [main] DEBUG liquibase.util - Computed checksum for insert:[
    columns=[
        [
            name="gym_id"
            valueComputed="(SELECT id FROM gyms WHERE name = 'GrandFitness_TEST')"
        ],
        [
            name="phone_numbers"
            value="+38(043)-777-8899"
        ]
    ]
    tableName="gym_phone_numbers"
] as 25d4be338be9c630ddf4067a3245271e
2025-06-13 17:24:41.084 [main] DEBUG liquibase.util - Computed checksum for insert:[
    columns=[
        [
            name="gym_id"
            valueComputed="(SELECT id FROM gyms WHERE name = 'GrandFitness_TEST')"
        ],
        [
            name="day_of_week"
            value="MONDAY"
        ],
        [
            name="start_time"
            value="07:00:00"
        ],
        [
            name="end_time"
            value="22:00:00"
        ]
    ]
    tableName="gym_working_hours"
] as d08bb74b436d827cdba51232d073fafb
2025-06-13 17:24:41.085 [main] DEBUG liquibase.util - Computed checksum for insert:[
    columns=[
        [
            name="gym_id"
            valueComputed="(SELECT id FROM gyms WHERE name = 'GrandFitness_TEST')"
        ],
        [
            name="day_of_week"
            value="TUESDAY"
        ],
        [
            name="start_time"
            value="07:00:00"
        ],
        [
            name="end_time"
            value="22:00:00"
        ]
    ]
    tableName="gym_working_hours"
] as 9827db10f84d8c6c2ffc4487836e8df1
2025-06-13 17:24:41.085 [main] DEBUG liquibase.util - Computed checksum for insert:[
    columns=[
        [
            name="gym_id"
            valueComputed="(SELECT id FROM gyms WHERE name = 'GrandFitness_TEST')"
        ],
        [
            name="day_of_week"
            value="WEDNESDAY"
        ],
        [
            name="start_time"
            value="07:00:00"
        ],
        [
            name="end_time"
            value="22:00:00"
        ]
    ]
    tableName="gym_working_hours"
] as 184eda2f2197332a273da802bce2a467
2025-06-13 17:24:41.085 [main] DEBUG liquibase.util - Computed checksum for insert:[
    columns=[
        [
            name="gym_id"
            valueComputed="(SELECT id FROM gyms WHERE name = 'GrandFitness_TEST')"
        ],
        [
            name="day_of_week"
            value="THURSDAY"
        ],
        [
            name="start_time"
            value="07:00:00"
        ],
        [
            name="end_time"
            value="22:00:00"
        ]
    ]
    tableName="gym_working_hours"
] as e00b7647cd24924e067bd190bd89f2b6
2025-06-13 17:24:41.086 [main] DEBUG liquibase.util - Computed checksum for insert:[
    columns=[
        [
            name="gym_id"
            valueComputed="(SELECT id FROM gyms WHERE name = 'GrandFitness_TEST')"
        ],
        [
            name="day_of_week"
            value="FRIDAY"
        ],
        [
            name="start_time"
            value="07:00:00"
        ],
        [
            name="end_time"
            value="22:00:00"
        ]
    ]
    tableName="gym_working_hours"
] as b5ed1e3604668b467cc3781d89a810a5
2025-06-13 17:24:41.086 [main] DEBUG liquibase.util - Computed checksum for insert:[
    columns=[
        [
            name="gym_id"
            valueComputed="(SELECT id FROM gyms WHERE name = 'GrandFitness_TEST')"
        ],
        [
            name="day_of_week"
            value="SATURDAY"
        ],
        [
            name="start_time"
            value="09:00:00"
        ],
        [
            name="end_time"
            value="19:00:00"
        ]
    ]
    tableName="gym_working_hours"
] as 906834ef981387f5326468fe67a9a228
2025-06-13 17:24:41.087 [main] DEBUG liquibase.util - Computed checksum for insert:[
    columns=[
        [
            name="gym_id"
            valueComputed="(SELECT id FROM gyms WHERE name = 'GrandFitness_TEST')"
        ],
        [
            name="day_of_week"
            value="SUNDAY"
        ],
        [
            name="start_time"
            value="10:00:00"
        ],
        [
            name="end_time"
            value="17:00:00"
        ]
    ]
    tableName="gym_working_hours"
] as 2bd9ce7f945f34a99e4749cc49ac58c7
2025-06-13 17:24:41.087 [main] DEBUG liquibase.util - Computed checksum for insert:[
    columns=[
        [
            name="gym_id"
            valueComputed="(SELECT id FROM gyms WHERE name = 'GrandFitness_TEST')"
        ],
        [
            name="sport_id"
            value="1"
        ]
    ]
    tableName="sports_gyms"
] as 87e983da9925d2bdc4c82d364cc4eca2
2025-06-13 17:24:41.087 [main] DEBUG liquibase.util - Computed checksum for insert:[
    columns=[
        [
            name="country"
            value="Україна"
        ],
        [
            name="city"
            value="Чернігів"
        ],
        [
            name="street"
            value="вул. Київська"
        ],
        [
            name="house"
            value="11"
        ],
        [
            name="is_deleted"
            value="false"
        ]
    ]
    tableName="addresses"
] as 46024a8f776c07b1d476d7ad1a85ae26
2025-06-13 17:24:41.088 [main] DEBUG liquibase.util - Computed checksum for insert:[
    columns=[
        [
            name="name"
            value="EuroSport_TEST"
        ],
        [
            name="address_id"
            valueComputed="(SELECT id FROM addresses WHERE country = 'Україна' AND city = 'Чернігів' AND street = 'вул. Київська' AND house = '11')"
        ],
        [
            name="description"
            value="Доступний спортивний клуб для всієї родини."
        ],
        [
            name="website"
            value="http://eurosport.cn.ua"
 ... [truncated in log] as 8fb6ce1945f574d48c4e5d5789225942
2025-06-13 17:24:41.088 [main] DEBUG liquibase.util - Computed checksum for insert:[
    columns=[
        [
            name="gym_id"
            valueComputed="(SELECT id FROM gyms WHERE name = 'EuroSport_TEST')"
        ],
        [
            name="phone_numbers"
            value="+38(046)-888-9900"
        ]
    ]
    tableName="gym_phone_numbers"
] as 8e0e047e3bea54100f682fc5f7e4e132
2025-06-13 17:24:41.089 [main] DEBUG liquibase.util - Computed checksum for insert:[
    columns=[
        [
            name="gym_id"
            valueComputed="(SELECT id FROM gyms WHERE name = 'EuroSport_TEST')"
        ],
        [
            name="day_of_week"
            value="MONDAY"
        ],
        [
            name="start_time"
            value="08:00:00"
        ],
        [
            name="end_time"
            value="22:00:00"
        ]
    ]
    tableName="gym_working_hours"
] as a0615a1a38d8ed1082a695e66238cfba
2025-06-13 17:24:41.089 [main] DEBUG liquibase.util - Computed checksum for insert:[
    columns=[
        [
            name="gym_id"
            valueComputed="(SELECT id FROM gyms WHERE name = 'EuroSport_TEST')"
        ],
        [
            name="day_of_week"
            value="TUESDAY"
        ],
        [
            name="start_time"
            value="08:00:00"
        ],
        [
            name="end_time"
            value="22:00:00"
        ]
    ]
    tableName="gym_working_hours"
] as 1d752ea451c6ca03528b507471598cf6
2025-06-13 17:24:41.090 [main] DEBUG liquibase.util - Computed checksum for insert:[
    columns=[
        [
            name="gym_id"
            valueComputed="(SELECT id FROM gyms WHERE name = 'EuroSport_TEST')"
        ],
        [
            name="day_of_week"
            value="WEDNESDAY"
        ],
        [
            name="start_time"
            value="08:00:00"
        ],
        [
            name="end_time"
            value="22:00:00"
        ]
    ]
    tableName="gym_working_hours"
] as aca68fbe826fb678c2340805f503ef0e
2025-06-13 17:24:41.090 [main] DEBUG liquibase.util - Computed checksum for insert:[
    columns=[
        [
            name="gym_id"
            valueComputed="(SELECT id FROM gyms WHERE name = 'EuroSport_TEST')"
        ],
        [
            name="day_of_week"
            value="THURSDAY"
        ],
        [
            name="start_time"
            value="08:00:00"
        ],
        [
            name="end_time"
            value="22:00:00"
        ]
    ]
    tableName="gym_working_hours"
] as 8bcc5d17e5efd9faa175150f64245931
2025-06-13 17:24:41.091 [main] DEBUG liquibase.util - Computed checksum for insert:[
    columns=[
        [
            name="gym_id"
            valueComputed="(SELECT id FROM gyms WHERE name = 'EuroSport_TEST')"
        ],
        [
            name="day_of_week"
            value="FRIDAY"
        ],
        [
            name="start_time"
            value="08:00:00"
        ],
        [
            name="end_time"
            value="22:00:00"
        ]
    ]
    tableName="gym_working_hours"
] as e5d5e8d3ef21f688152a526424749630
2025-06-13 17:24:41.091 [main] DEBUG liquibase.util - Computed checksum for insert:[
    columns=[
        [
            name="gym_id"
            valueComputed="(SELECT id FROM gyms WHERE name = 'EuroSport_TEST')"
        ],
        [
            name="day_of_week"
            value="SATURDAY"
        ],
        [
            name="start_time"
            value="09:00:00"
        ],
        [
            name="end_time"
            value="17:00:00"
        ]
    ]
    tableName="gym_working_hours"
] as df2f5979a5e6290551482c94f1f92a70
2025-06-13 17:24:41.092 [main] DEBUG liquibase.util - Computed checksum for insert:[
    columns=[
        [
            name="gym_id"
            valueComputed="(SELECT id FROM gyms WHERE name = 'EuroSport_TEST')"
        ],
        [
            name="sport_id"
            value="6"
        ]
    ]
    tableName="sports_gyms"
] as 4ed4efd326690bd1a4e6b3b557023647
2025-06-13 17:24:41.092 [main] DEBUG liquibase.util - Computed checksum for insert:[
    columns=[
        [
            name="gym_id"
            valueComputed="(SELECT id FROM gyms WHERE name = 'EuroSport_TEST')"
        ],
        [
            name="sport_id"
            value="7"
        ]
    ]
    tableName="sports_gyms"
] as 2f10289e9169ed063caadbe3878eabf9
2025-06-13 17:24:41.092 [main] DEBUG liquibase.util - Computed checksum for insert:[
    columns=[
        [
            name="gym_id"
            valueComputed="(SELECT id FROM gyms WHERE name = 'EuroSport_TEST')"
        ],
        [
            name="sport_id"
            value="1"
        ]
    ]
    tableName="sports_gyms"
] as 3bacf9e6a8a8011cfaffd12179ecfab9
2025-06-13 17:24:41.093 [main] DEBUG liquibase.util - Computed checksum for insert:[
    columns=[
        [
            name="country"
            value="Україна"
        ],
        [
            name="city"
            value="Полтава"
        ],
        [
            name="street"
            value="вул. Соборності"
        ],
        [
            name="house"
            value="33"
        ],
        [
            name="is_deleted"
            value="false"
        ]
    ]
    tableName="addresses"
] as a51654e87b3387a24366baf350d47cfc
2025-06-13 17:24:41.093 [main] DEBUG liquibase.util - Computed checksum for insert:[
    columns=[
        [
            name="name"
            value="Олімп_TEST"
        ],
        [
            name="address_id"
            valueComputed="(SELECT id FROM addresses WHERE country = 'Україна' AND city = 'Полтава' AND street = 'вул. Соборності' AND house = '33')"
        ],
        [
            name="description"
            value="Спортивний комплекс з великим басейном та сучасними тренажерами."
        ],
        [
            name="website"
            value="http://... [truncated in log] as dcbd526a82424c0ba1bd8e5e3d4e3cd2
2025-06-13 17:24:41.094 [main] DEBUG liquibase.util - Computed checksum for insert:[
    columns=[
        [
            name="gym_id"
            valueComputed="(SELECT id FROM gyms WHERE name = 'Олімп_TEST')"
        ],
        [
            name="phone_numbers"
            value="+38(053)-999-0011"
        ]
    ]
    tableName="gym_phone_numbers"
] as 061b097773295219ff7a7dc6b50a6096
2025-06-13 17:24:41.094 [main] DEBUG liquibase.util - Computed checksum for insert:[
    columns=[
        [
            name="gym_id"
            valueComputed="(SELECT id FROM gyms WHERE name = 'Олімп_TEST')"
        ],
        [
            name="day_of_week"
            value="MONDAY"
        ],
        [
            name="start_time"
            value="06:30:00"
        ],
        [
            name="end_time"
            value="22:30:00"
        ]
    ]
    tableName="gym_working_hours"
] as 4a912ec3000b3081b95e52797741ef26
2025-06-13 17:24:41.095 [main] DEBUG liquibase.util - Computed checksum for insert:[
    columns=[
        [
            name="gym_id"
            valueComputed="(SELECT id FROM gyms WHERE name = 'Олімп_TEST')"
        ],
        [
            name="day_of_week"
            value="TUESDAY"
        ],
        [
            name="start_time"
            value="06:30:00"
        ],
        [
            name="end_time"
            value="22:30:00"
        ]
    ]
    tableName="gym_working_hours"
] as 530e80e0e9c78edde42acaa2ec206c7c
2025-06-13 17:24:41.095 [main] DEBUG liquibase.util - Computed checksum for insert:[
    columns=[
        [
            name="gym_id"
            valueComputed="(SELECT id FROM gyms WHERE name = 'Олімп_TEST')"
        ],
        [
            name="day_of_week"
            value="WEDNESDAY"
        ],
        [
            name="start_time"
            value="06:30:00"
        ],
        [
            name="end_time"
            value="22:30:00"
        ]
    ]
    tableName="gym_working_hours"
] as 7f7662d003a4b66b1987badc898fc272
2025-06-13 17:24:41.096 [main] DEBUG liquibase.util - Computed checksum for insert:[
    columns=[
        [
            name="gym_id"
            valueComputed="(SELECT id FROM gyms WHERE name = 'Олімп_TEST')"
        ],
        [
            name="day_of_week"
            value="THURSDAY"
        ],
        [
            name="start_time"
            value="06:30:00"
        ],
        [
            name="end_time"
            value="22:30:00"
        ]
    ]
    tableName="gym_working_hours"
] as be60a340e642c1487eb360ee5bd66224
2025-06-13 17:24:41.096 [main] DEBUG liquibase.util - Computed checksum for insert:[
    columns=[
        [
            name="gym_id"
            valueComputed="(SELECT id FROM gyms WHERE name = 'Олімп_TEST')"
        ],
        [
            name="day_of_week"
            value="FRIDAY"
        ],
        [
            name="start_time"
            value="06:30:00"
        ],
        [
            name="end_time"
            value="22:30:00"
        ]
    ]
    tableName="gym_working_hours"
] as 00337f6bbcb34091ad539daaa6c9b392
2025-06-13 17:24:41.097 [main] DEBUG liquibase.util - Computed checksum for insert:[
    columns=[
        [
            name="gym_id"
            valueComputed="(SELECT id FROM gyms WHERE name = 'Олімп_TEST')"
        ],
        [
            name="day_of_week"
            value="SATURDAY"
        ],
        [
            name="start_time"
            value="08:00:00"
        ],
        [
            name="end_time"
            value="19:00:00"
        ]
    ]
    tableName="gym_working_hours"
] as f79143a1ddc38a5b605283749c0fa9c0
2025-06-13 17:24:41.097 [main] DEBUG liquibase.util - Computed checksum for insert:[
    columns=[
        [
            name="gym_id"
            valueComputed="(SELECT id FROM gyms WHERE name = 'Олімп_TEST')"
        ],
        [
            name="day_of_week"
            value="SUNDAY"
        ],
        [
            name="start_time"
            value="08:00:00"
        ],
        [
            name="end_time"
            value="17:00:00"
        ]
    ]
    tableName="gym_working_hours"
] as 8a68034e61e905d374642c45af844c25
2025-06-13 17:24:41.098 [main] DEBUG liquibase.util - Computed checksum for insert:[
    columns=[
        [
            name="gym_id"
            valueComputed="(SELECT id FROM gyms WHERE name = 'Олімп_TEST')"
        ],
        [
            name="sport_id"
            value="2"
        ]
    ]
    tableName="sports_gyms"
] as 87584ce69d7293d49ccd0af76dd05dce
2025-06-13 17:24:41.098 [main] DEBUG liquibase.util - Computed checksum for insert:[
    columns=[
        [
            name="gym_id"
            valueComputed="(SELECT id FROM gyms WHERE name = 'Олімп_TEST')"
        ],
        [
            name="sport_id"
            value="12"
        ]
    ]
    tableName="sports_gyms"
] as 5d037fc177c772f649e36c62db840ba5
2025-06-13 17:24:41.099 [main] DEBUG liquibase.util - Computed checksum for insert:[
    columns=[
        [
            name="gym_id"
            valueComputed="(SELECT id FROM gyms WHERE name = 'Олімп_TEST')"
        ],
        [
            name="sport_id"
            value="1"
        ]
    ]
    tableName="sports_gyms"
] as 7e4d5c828a63c7ccbade8766a7f9c4d9
2025-06-13 17:24:41.099 [main] DEBUG liquibase.util - Computed checksum for insert:[
    columns=[
        [
            name="country"
            value="Україна"
        ],
        [
            name="city"
            value="Черкаси"
        ],
        [
            name="street"
            value="бульв. Шевченка"
        ],
        [
            name="house"
            value="130"
        ],
        [
            name="is_deleted"
            value="false"
        ]
    ]
    tableName="addresses"
] as 68606d67e0332a0eca747fa537d3573a
2025-06-13 17:24:41.100 [main] DEBUG liquibase.util - Computed checksum for insert:[
    columns=[
        [
            name="name"
            value="Формула_TEST"
        ],
        [
            name="address_id"
            valueComputed="(SELECT id FROM addresses WHERE country = 'Україна' AND city = 'Черкаси' AND street = 'бульв. Шевченка' AND house = '130')"
        ],
        [
            name="description"
            value="Великий вибір кардіо- та силових тренажерів."
        ],
        [
            name="website"
            value="http://formula.ck.ua"
  ... [truncated in log] as 0419307f0e2aec277a8ec2cf491c8ce7
2025-06-13 17:24:41.100 [main] DEBUG liquibase.util - Computed checksum for insert:[
    columns=[
        [
            name="gym_id"
            valueComputed="(SELECT id FROM gyms WHERE name = 'Формула_TEST')"
        ],
        [
            name="phone_numbers"
            value="+38(047)-123-4567"
        ]
    ]
    tableName="gym_phone_numbers"
] as 99518edaa038c91d532506d711794a71
2025-06-13 17:24:41.101 [main] DEBUG liquibase.util - Computed checksum for insert:[
    columns=[
        [
            name="gym_id"
            valueComputed="(SELECT id FROM gyms WHERE name = 'Формула_TEST')"
        ],
        [
            name="day_of_week"
            value="MONDAY"
        ],
        [
            name="start_time"
            value="07:00:00"
        ],
        [
            name="end_time"
            value="22:00:00"
        ]
    ]
    tableName="gym_working_hours"
] as f7597744a8e4c83570559f1fac0daefc
2025-06-13 17:24:41.101 [main] DEBUG liquibase.util - Computed checksum for insert:[
    columns=[
        [
            name="gym_id"
            valueComputed="(SELECT id FROM gyms WHERE name = 'Формула_TEST')"
        ],
        [
            name="day_of_week"
            value="TUESDAY"
        ],
        [
            name="start_time"
            value="07:00:00"
        ],
        [
            name="end_time"
            value="22:00:00"
        ]
    ]
    tableName="gym_working_hours"
] as 607c7983a6bbffb9a924afbcdc481e72
2025-06-13 17:24:41.102 [main] DEBUG liquibase.util - Computed checksum for insert:[
    columns=[
        [
            name="gym_id"
            valueComputed="(SELECT id FROM gyms WHERE name = 'Формула_TEST')"
        ],
        [
            name="day_of_week"
            value="WEDNESDAY"
        ],
        [
            name="start_time"
            value="07:00:00"
        ],
        [
            name="end_time"
            value="22:00:00"
        ]
    ]
    tableName="gym_working_hours"
] as cef00f67ac8773287aa40707b4935420
2025-06-13 17:24:41.102 [main] DEBUG liquibase.util - Computed checksum for insert:[
    columns=[
        [
            name="gym_id"
            valueComputed="(SELECT id FROM gyms WHERE name = 'Формула_TEST')"
        ],
        [
            name="day_of_week"
            value="THURSDAY"
        ],
        [
            name="start_time"
            value="07:00:00"
        ],
        [
            name="end_time"
            value="22:00:00"
        ]
    ]
    tableName="gym_working_hours"
] as d8f6bdc2216fe41ecdeb685858a388d1
2025-06-13 17:24:41.103 [main] DEBUG liquibase.util - Computed checksum for insert:[
    columns=[
        [
            name="gym_id"
            valueComputed="(SELECT id FROM gyms WHERE name = 'Формула_TEST')"
        ],
        [
            name="day_of_week"
            value="FRIDAY"
        ],
        [
            name="start_time"
            value="07:00:00"
        ],
        [
            name="end_time"
            value="22:00:00"
        ]
    ]
    tableName="gym_working_hours"
] as 04fd6a428722b5f998a5d059f3664702
2025-06-13 17:24:41.103 [main] DEBUG liquibase.util - Computed checksum for insert:[
    columns=[
        [
            name="gym_id"
            valueComputed="(SELECT id FROM gyms WHERE name = 'Формула_TEST')"
        ],
        [
            name="day_of_week"
            value="SATURDAY"
        ],
        [
            name="start_time"
            value="09:00:00"
        ],
        [
            name="end_time"
            value="18:00:00"
        ]
    ]
    tableName="gym_working_hours"
] as a8dea33409557d28ab4848f5d7261f5c
2025-06-13 17:24:41.104 [main] DEBUG liquibase.util - Computed checksum for insert:[
    columns=[
        [
            name="gym_id"
            valueComputed="(SELECT id FROM gyms WHERE name = 'Формула_TEST')"
        ],
        [
            name="day_of_week"
            value="SUNDAY"
        ],
        [
            name="start_time"
            value="09:00:00"
        ],
        [
            name="end_time"
            value="16:00:00"
        ]
    ]
    tableName="gym_working_hours"
] as cc6fbdbf3b1e3f2842a310e2ff96742f
2025-06-13 17:24:41.104 [main] DEBUG liquibase.util - Computed checksum for insert:[
    columns=[
        [
            name="gym_id"
            valueComputed="(SELECT id FROM gyms WHERE name = 'Формула_TEST')"
        ],
        [
            name="sport_id"
            value="7"
        ]
    ]
    tableName="sports_gyms"
] as 119c676952a3ce62a0c066e50b8d5d80
2025-06-13 17:24:41.105 [main] DEBUG liquibase.util - Computed checksum for insert:[
    columns=[
        [
            name="gym_id"
            valueComputed="(SELECT id FROM gyms WHERE name = 'Формула_TEST')"
        ],
        [
            name="sport_id"
            value="13"
        ]
    ]
    tableName="sports_gyms"
] as 845290638387f2ec7895ee1330151a53
2025-06-13 17:24:41.105 [main] DEBUG liquibase.util - Computed checksum for insert:[
    columns=[
        [
            name="gym_id"
            valueComputed="(SELECT id FROM gyms WHERE name = 'Формула_TEST')"
        ],
        [
            name="sport_id"
            value="1"
        ]
    ]
    tableName="sports_gyms"
] as 7b535debc0287ae4d45f0810784f0e17
2025-06-13 17:24:41.106 [main] DEBUG liquibase.util - Computed checksum for 9:a186cdaecbad24427526f8efcbf6b91a:9:9ef3126979d0b7e124200225ad552ea0:9:9bb98a0e34b29db65729d2ed3f6a249f:9:0dc361460464624946144961607a0252:9:29e45c29b85d6da7c38633e34f4655a8:9:2c3d26909d9d4ed5e2357f97e1a2358f:9:22bdbe6522a4ecd590a576b9e6ef4f69:9:fdd532cb2bf819a4ac986d879e17fb2a:9:dc696c063f339e0b37f8ad038440ad00:9:e2c6a6d1941fc2e01d41b1d9848894a1:9:3336aa01d7a18527f627cf3a86d5d03c:9:23f75e170e665544ed5877832f0f82f0:9:b2578eb066447df75eaddfbe69230296:9:f3333d5b4b54a5408b0e733d36db7451:9:b7897eb5... [truncated in log] as 9aa04e5c8383a863279f20c1feea129e
2025-06-13 17:24:41.106 [main] DEBUG liquibase.command - Executing internal command changeExecListener
2025-06-13 17:24:41.106 [main] DEBUG liquibase.command - Executing internal command update migrate
2025-06-13 17:24:41.110 [main] DEBUG liquibase.changelog - Fast check found no un-run changesets
2025-06-13 17:24:41.110 [main] INFO  liquibase.ui - Database is up to date, no changesets to execute
2025-06-13 17:24:41.112 [main] INFO  liquibase.changelog - Reading from PUBLIC.DATABASECHANGELOG
2025-06-13 17:24:41.114 [main] DEBUG liquibase.executor - Changelog query completed.
2025-06-13 17:24:41.119 [main] INFO  liquibase.util - UPDATE SUMMARY
2025-06-13 17:24:41.120 [main] INFO  liquibase.util - Run:                          0
2025-06-13 17:24:41.120 [main] INFO  liquibase.util - Previously run:              28
2025-06-13 17:24:41.120 [main] INFO  liquibase.util - Filtered out:                 0
2025-06-13 17:24:41.121 [main] INFO  liquibase.util - -------------------------------
2025-06-13 17:24:41.121 [main] INFO  liquibase.util - Total change sets:           28
2025-06-13 17:24:41.121 [main] INFO  liquibase.util - Update summary generated
2025-06-13 17:24:41.121 [main] INFO  liquibase.command - Command execution complete
2025-06-13 17:24:41.125 [main] DEBUG org.springframework.beans.factory.support.DefaultListableBeanFactory - Creating shared instance of singleton bean 'dataSourceScriptDatabaseInitializer'
2025-06-13 17:24:41.126 [main] DEBUG org.springframework.beans.factory.support.DefaultListableBeanFactory - Creating shared instance of singleton bean 'org.springframework.boot.autoconfigure.sql.init.DataSourceInitializationConfiguration'
2025-06-13 17:24:41.129 [main] DEBUG org.springframework.beans.factory.support.DefaultListableBeanFactory - Creating shared instance of singleton bean 'spring.sql.init-org.springframework.boot.autoconfigure.sql.init.SqlInitializationProperties'
2025-06-13 17:24:41.132 [main] DEBUG org.springframework.beans.factory.support.DefaultListableBeanFactory - Autowiring by type from bean name 'dataSourceScriptDatabaseInitializer' via factory method to bean named 'dataSource'
2025-06-13 17:24:41.133 [main] DEBUG org.springframework.beans.factory.support.DefaultListableBeanFactory - Autowiring by type from bean name 'dataSourceScriptDatabaseInitializer' via factory method to bean named 'spring.sql.init-org.springframework.boot.autoconfigure.sql.init.SqlInitializationProperties'
2025-06-13 17:24:41.143 [main] DEBUG org.springframework.beans.factory.support.DefaultListableBeanFactory - Creating shared instance of singleton bean 'entityManagerFactory'
2025-06-13 17:24:41.144 [main] DEBUG org.springframework.beans.factory.support.DefaultListableBeanFactory - Creating shared instance of singleton bean 'org.springframework.boot.autoconfigure.orm.jpa.HibernateJpaConfiguration'
2025-06-13 17:24:41.145 [main] DEBUG org.springframework.beans.factory.support.DefaultListableBeanFactory - Creating shared instance of singleton bean 'spring.jpa-org.springframework.boot.autoconfigure.orm.jpa.JpaProperties'
2025-06-13 17:24:41.151 [main] DEBUG org.springframework.beans.factory.support.DefaultListableBeanFactory - Creating shared instance of singleton bean 'spring.jpa.hibernate-org.springframework.boot.autoconfigure.orm.jpa.HibernateProperties'
2025-06-13 17:24:41.154 [main] DEBUG org.springframework.beans.factory.support.DefaultListableBeanFactory - Autowiring by type from bean name 'org.springframework.boot.autoconfigure.orm.jpa.HibernateJpaConfiguration' via constructor to bean named 'dataSource'
2025-06-13 17:24:41.154 [main] DEBUG org.springframework.beans.factory.support.DefaultListableBeanFactory - Autowiring by type from bean name 'org.springframework.boot.autoconfigure.orm.jpa.HibernateJpaConfiguration' via constructor to bean named 'spring.jpa-org.springframework.boot.autoconfigure.orm.jpa.JpaProperties'
2025-06-13 17:24:41.154 [main] DEBUG org.springframework.beans.factory.support.DefaultListableBeanFactory - Autowiring by type from bean name 'org.springframework.boot.autoconfigure.orm.jpa.HibernateJpaConfiguration' via constructor to bean named 'org.springframework.beans.factory.support.DefaultListableBeanFactory@208e42da'
2025-06-13 17:24:41.154 [main] DEBUG org.springframework.beans.factory.support.DefaultListableBeanFactory - Autowiring by type from bean name 'org.springframework.boot.autoconfigure.orm.jpa.HibernateJpaConfiguration' via constructor to bean named 'spring.jpa.hibernate-org.springframework.boot.autoconfigure.orm.jpa.HibernateProperties'
2025-06-13 17:24:41.156 [main] DEBUG org.springframework.beans.factory.support.DefaultListableBeanFactory - Creating shared instance of singleton bean 'hikariPoolDataSourceMetadataProvider'
2025-06-13 17:24:41.156 [main] DEBUG org.springframework.beans.factory.support.DefaultListableBeanFactory - Creating shared instance of singleton bean 'org.springframework.boot.autoconfigure.jdbc.metadata.DataSourcePoolMetadataProvidersConfiguration$HikariPoolDataSourceMetadataProviderConfiguration'
2025-06-13 17:24:41.174 [main] DEBUG org.springframework.beans.factory.support.DefaultListableBeanFactory - Creating shared instance of singleton bean 'entityManagerFactoryBuilder'
2025-06-13 17:24:41.174 [main] DEBUG org.springframework.beans.factory.support.DefaultListableBeanFactory - Creating shared instance of singleton bean 'jpaVendorAdapter'
2025-06-13 17:24:41.178 [main] DEBUG org.springframework.beans.factory.support.DefaultListableBeanFactory - Autowiring by type from bean name 'entityManagerFactoryBuilder' via factory method to bean named 'jpaVendorAdapter'
2025-06-13 17:24:41.181 [main] DEBUG org.springframework.beans.factory.support.DefaultListableBeanFactory - Creating shared instance of singleton bean 'persistenceManagedTypes'
2025-06-13 17:24:41.183 [main] DEBUG org.springframework.beans.factory.support.DefaultListableBeanFactory - Autowiring by type from bean name 'persistenceManagedTypes' via factory method to bean named 'org.springframework.beans.factory.support.DefaultListableBeanFactory@208e42da'
2025-06-13 17:24:41.183 [main] DEBUG org.springframework.beans.factory.support.DefaultListableBeanFactory - Autowiring by type from bean name 'persistenceManagedTypes' via factory method to bean named 'org.springframework.web.context.support.GenericWebApplicationContext@4d920a01'
2025-06-13 17:24:41.329 [main] DEBUG org.springframework.beans.factory.support.DefaultListableBeanFactory - Autowiring by type from bean name 'entityManagerFactory' via factory method to bean named 'entityManagerFactoryBuilder'
2025-06-13 17:24:41.329 [main] DEBUG org.springframework.beans.factory.support.DefaultListableBeanFactory - Autowiring by type from bean name 'entityManagerFactory' via factory method to bean named 'persistenceManagedTypes'
2025-06-13 17:24:41.332 [main] DEBUG org.springframework.orm.jpa.LocalContainerEntityManagerFactoryBean - Building JPA container EntityManagerFactory for persistence unit 'default'
2025-06-13 17:24:41.333 [main] DEBUG org.hibernate.jpa.internal.util.LogHelper - PersistenceUnitInfo [
	name: default
	persistence provider classname: null
	classloader: jdk.internal.loader.ClassLoaders$AppClassLoader@30946e09
	excludeUnlistedClasses: true
	JTA datasource: null
	Non JTA datasource: HikariDataSource (HikariPool-2)
	Transaction type: RESOURCE_LOCAL
	PU root URL: file:/mnt/c/Users/Bohdan-Dymydiuk/projects/my-projects/train-up/target/test-classes/
	Shared Cache Mode: UNSPECIFIED
	Validation Mode: AUTO
	Jar files URLs []
	Managed classes names [
		com.example.trainup.model.Address
		com.example.trainup.model.Event
		com.example.trainup.model.Gym
		com.example.trainup.model.GymPhoto
		com.example.trainup.model.Review
		com.example.trainup.model.Role
		com.example.trainup.model.Sport
		com.example.trainup.model.WorkingHoursEntry
		com.example.trainup.model.user.Admin
		com.example.trainup.model.user.Athlete
		com.example.trainup.model.user.BaseUser
		com.example.trainup.model.user.GymOwner
		com.example.trainup.model.user.Trainer
		com.example.trainup.model.user.UserCredentials]
	Mapping files names []
	Properties []
2025-06-13 17:24:41.333 [main] DEBUG org.hibernate.integrator.internal.IntegratorServiceImpl - Adding Integrator [org.hibernate.boot.beanvalidation.BeanValidationIntegrator].
2025-06-13 17:24:41.333 [main] DEBUG org.hibernate.integrator.internal.IntegratorServiceImpl - Adding Integrator [org.hibernate.cache.internal.CollectionCacheInvalidator].
2025-06-13 17:24:41.360 [main] DEBUG org.hibernate.orm.idgen.factory - Registering IdentifierGenerator strategy [uuid2] -> [org.hibernate.id.UUIDGenerator]
2025-06-13 17:24:41.361 [main] DEBUG org.hibernate.orm.idgen.factory - Registering IdentifierGenerator strategy [guid] -> [org.hibernate.id.GUIDGenerator]
2025-06-13 17:24:41.361 [main] DEBUG org.hibernate.orm.idgen.factory - Registering IdentifierGenerator strategy [uuid] -> [org.hibernate.id.UUIDHexGenerator]
2025-06-13 17:24:41.361 [main] DEBUG org.hibernate.orm.idgen.factory - Registering IdentifierGenerator strategy [uuid.hex] -> [org.hibernate.id.UUIDHexGenerator]
2025-06-13 17:24:41.361 [main] DEBUG org.hibernate.orm.idgen.factory - Registering IdentifierGenerator strategy [assigned] -> [org.hibernate.id.Assigned]
2025-06-13 17:24:41.361 [main] DEBUG org.hibernate.orm.idgen.factory - Registering IdentifierGenerator strategy [identity] -> [org.hibernate.id.IdentityGenerator]
2025-06-13 17:24:41.361 [main] DEBUG org.hibernate.orm.idgen.factory - Registering IdentifierGenerator strategy [select] -> [org.hibernate.id.SelectGenerator]
2025-06-13 17:24:41.361 [main] DEBUG org.hibernate.orm.idgen.factory - Registering IdentifierGenerator strategy [sequence] -> [org.hibernate.id.enhanced.SequenceStyleGenerator]
2025-06-13 17:24:41.361 [main] DEBUG org.hibernate.orm.idgen.factory - Registering IdentifierGenerator strategy [increment] -> [org.hibernate.id.IncrementGenerator]
2025-06-13 17:24:41.361 [main] DEBUG org.hibernate.orm.idgen.factory - Registering IdentifierGenerator strategy [foreign] -> [org.hibernate.id.ForeignGenerator]
2025-06-13 17:24:41.362 [main] DEBUG org.hibernate.orm.idgen.factory - Registering IdentifierGenerator strategy [enhanced-sequence] -> [org.hibernate.id.enhanced.SequenceStyleGenerator]
2025-06-13 17:24:41.362 [main] DEBUG org.hibernate.orm.idgen.factory - Registering IdentifierGenerator strategy [enhanced-table] -> [org.hibernate.id.enhanced.TableGenerator]
2025-06-13 17:24:41.362 [main] DEBUG org.hibernate.cache.internal.RegionFactoryInitiator - Cannot default RegionFactory based on registered strategies as `[]` RegionFactory strategies were registered
2025-06-13 17:24:41.362 [main] INFO  org.hibernate.cache.internal.RegionFactoryInitiator - HHH000026: Second-level cache disabled
2025-06-13 17:24:41.363 [main] DEBUG org.hibernate.type.BasicTypeRegistry - Adding type registration boolean -> org.hibernate.type.BasicTypeReference@3f4b52fa
2025-06-13 17:24:41.363 [main] DEBUG org.hibernate.type.BasicTypeRegistry - Adding type registration boolean -> org.hibernate.type.BasicTypeReference@3f4b52fa
2025-06-13 17:24:41.363 [main] DEBUG org.hibernate.type.BasicTypeRegistry - Adding type registration java.lang.Boolean -> org.hibernate.type.BasicTypeReference@3f4b52fa
2025-06-13 17:24:41.363 [main] DEBUG org.hibernate.type.BasicTypeRegistry - Adding type registration numeric_boolean -> org.hibernate.type.BasicTypeReference@3468faa5
2025-06-13 17:24:41.363 [main] DEBUG org.hibernate.type.BasicTypeRegistry - Adding type registration org.hibernate.type.NumericBooleanConverter -> org.hibernate.type.BasicTypeReference@3468faa5
2025-06-13 17:24:41.363 [main] DEBUG org.hibernate.type.BasicTypeRegistry - Adding type registration true_false -> org.hibernate.type.BasicTypeReference@7308c29a
2025-06-13 17:24:41.363 [main] DEBUG org.hibernate.type.BasicTypeRegistry - Adding type registration org.hibernate.type.TrueFalseConverter -> org.hibernate.type.BasicTypeReference@7308c29a
2025-06-13 17:24:41.363 [main] DEBUG org.hibernate.type.BasicTypeRegistry - Adding type registration yes_no -> org.hibernate.type.BasicTypeReference@10c88d11
2025-06-13 17:24:41.364 [main] DEBUG org.hibernate.type.BasicTypeRegistry - Adding type registration org.hibernate.type.YesNoConverter -> org.hibernate.type.BasicTypeReference@10c88d11
2025-06-13 17:24:41.364 [main] DEBUG org.hibernate.type.BasicTypeRegistry - Adding type registration byte -> org.hibernate.type.BasicTypeReference@75f1c170
2025-06-13 17:24:41.364 [main] DEBUG org.hibernate.type.BasicTypeRegistry - Adding type registration byte -> org.hibernate.type.BasicTypeReference@75f1c170
2025-06-13 17:24:41.364 [main] DEBUG org.hibernate.type.BasicTypeRegistry - Adding type registration java.lang.Byte -> org.hibernate.type.BasicTypeReference@75f1c170
2025-06-13 17:24:41.364 [main] DEBUG org.hibernate.type.BasicTypeRegistry - Adding type registration binary -> org.hibernate.type.BasicTypeReference@63fa0b9
2025-06-13 17:24:41.364 [main] DEBUG org.hibernate.type.BasicTypeRegistry - Adding type registration byte[] -> org.hibernate.type.BasicTypeReference@63fa0b9
2025-06-13 17:24:41.364 [main] DEBUG org.hibernate.type.BasicTypeRegistry - Adding type registration [B -> org.hibernate.type.BasicTypeReference@63fa0b9
2025-06-13 17:24:41.364 [main] DEBUG org.hibernate.type.BasicTypeRegistry - Adding type registration binary_wrapper -> org.hibernate.type.BasicTypeReference@3316aef6
2025-06-13 17:24:41.365 [main] DEBUG org.hibernate.type.BasicTypeRegistry - Adding type registration wrapper-binary -> org.hibernate.type.BasicTypeReference@3316aef6
2025-06-13 17:24:41.365 [main] DEBUG org.hibernate.type.BasicTypeRegistry - Adding type registration image -> org.hibernate.type.BasicTypeReference@67620d80
2025-06-13 17:24:41.365 [main] DEBUG org.hibernate.type.BasicTypeRegistry - Adding type registration blob -> org.hibernate.type.BasicTypeReference@1c63aa5d
2025-06-13 17:24:41.365 [main] DEBUG org.hibernate.type.BasicTypeRegistry - Adding type registration java.sql.Blob -> org.hibernate.type.BasicTypeReference@1c63aa5d
2025-06-13 17:24:41.365 [main] DEBUG org.hibernate.type.BasicTypeRegistry - Adding type registration materialized_blob -> org.hibernate.type.BasicTypeReference@67a2fb00
2025-06-13 17:24:41.365 [main] DEBUG org.hibernate.type.BasicTypeRegistry - Adding type registration materialized_blob_wrapper -> org.hibernate.type.BasicTypeReference@6145981c
2025-06-13 17:24:41.365 [main] DEBUG org.hibernate.type.BasicTypeRegistry - Adding type registration short -> org.hibernate.type.BasicTypeReference@16bc97b9
2025-06-13 17:24:41.366 [main] DEBUG org.hibernate.type.BasicTypeRegistry - Adding type registration short -> org.hibernate.type.BasicTypeReference@16bc97b9
2025-06-13 17:24:41.366 [main] DEBUG org.hibernate.type.BasicTypeRegistry - Adding type registration java.lang.Short -> org.hibernate.type.BasicTypeReference@16bc97b9
2025-06-13 17:24:41.366 [main] DEBUG org.hibernate.type.BasicTypeRegistry - Adding type registration integer -> org.hibernate.type.BasicTypeReference@178cf671
2025-06-13 17:24:41.366 [main] DEBUG org.hibernate.type.BasicTypeRegistry - Adding type registration int -> org.hibernate.type.BasicTypeReference@178cf671
2025-06-13 17:24:41.366 [main] DEBUG org.hibernate.type.BasicTypeRegistry - Adding type registration java.lang.Integer -> org.hibernate.type.BasicTypeReference@178cf671
2025-06-13 17:24:41.366 [main] DEBUG org.hibernate.type.BasicTypeRegistry - Adding type registration long -> org.hibernate.type.BasicTypeReference@6706657b
2025-06-13 17:24:41.366 [main] DEBUG org.hibernate.type.BasicTypeRegistry - Adding type registration long -> org.hibernate.type.BasicTypeReference@6706657b
2025-06-13 17:24:41.366 [main] DEBUG org.hibernate.type.BasicTypeRegistry - Adding type registration java.lang.Long -> org.hibernate.type.BasicTypeReference@6706657b
2025-06-13 17:24:41.366 [main] DEBUG org.hibernate.type.BasicTypeRegistry - Adding type registration float -> org.hibernate.type.BasicTypeReference@2ace94ff
2025-06-13 17:24:41.367 [main] DEBUG org.hibernate.type.BasicTypeRegistry - Adding type registration float -> org.hibernate.type.BasicTypeReference@2ace94ff
2025-06-13 17:24:41.367 [main] DEBUG org.hibernate.type.BasicTypeRegistry - Adding type registration java.lang.Float -> org.hibernate.type.BasicTypeReference@2ace94ff
2025-06-13 17:24:41.367 [main] DEBUG org.hibernate.type.BasicTypeRegistry - Adding type registration double -> org.hibernate.type.BasicTypeReference@58bdcf40
2025-06-13 17:24:41.367 [main] DEBUG org.hibernate.type.BasicTypeRegistry - Adding type registration double -> org.hibernate.type.BasicTypeReference@58bdcf40
2025-06-13 17:24:41.367 [main] DEBUG org.hibernate.type.BasicTypeRegistry - Adding type registration java.lang.Double -> org.hibernate.type.BasicTypeReference@58bdcf40
2025-06-13 17:24:41.367 [main] DEBUG org.hibernate.type.BasicTypeRegistry - Adding type registration big_integer -> org.hibernate.type.BasicTypeReference@28728558
2025-06-13 17:24:41.367 [main] DEBUG org.hibernate.type.BasicTypeRegistry - Adding type registration java.math.BigInteger -> org.hibernate.type.BasicTypeReference@28728558
2025-06-13 17:24:41.367 [main] DEBUG org.hibernate.type.BasicTypeRegistry - Adding type registration big_decimal -> org.hibernate.type.BasicTypeReference@7c0b0090
2025-06-13 17:24:41.367 [main] DEBUG org.hibernate.type.BasicTypeRegistry - Adding type registration java.math.BigDecimal -> org.hibernate.type.BasicTypeReference@7c0b0090
2025-06-13 17:24:41.368 [main] DEBUG org.hibernate.type.BasicTypeRegistry - Adding type registration character -> org.hibernate.type.BasicTypeReference@223c1a82
2025-06-13 17:24:41.368 [main] DEBUG org.hibernate.type.BasicTypeRegistry - Adding type registration char -> org.hibernate.type.BasicTypeReference@223c1a82
2025-06-13 17:24:41.368 [main] DEBUG org.hibernate.type.BasicTypeRegistry - Adding type registration java.lang.Character -> org.hibernate.type.BasicTypeReference@223c1a82
2025-06-13 17:24:41.368 [main] DEBUG org.hibernate.type.BasicTypeRegistry - Adding type registration character_nchar -> org.hibernate.type.BasicTypeReference@144d064a
2025-06-13 17:24:41.368 [main] DEBUG org.hibernate.type.BasicTypeRegistry - Adding type registration string -> org.hibernate.type.BasicTypeReference@282919de
2025-06-13 17:24:41.368 [main] DEBUG org.hibernate.type.BasicTypeRegistry - Adding type registration java.lang.String -> org.hibernate.type.BasicTypeReference@282919de
2025-06-13 17:24:41.368 [main] DEBUG org.hibernate.type.BasicTypeRegistry - Adding type registration nstring -> org.hibernate.type.BasicTypeReference@c8293cb
2025-06-13 17:24:41.368 [main] DEBUG org.hibernate.type.BasicTypeRegistry - Adding type registration characters -> org.hibernate.type.BasicTypeReference@4e2860d3
2025-06-13 17:24:41.368 [main] DEBUG org.hibernate.type.BasicTypeRegistry - Adding type registration char[] -> org.hibernate.type.BasicTypeReference@4e2860d3
2025-06-13 17:24:41.369 [main] DEBUG org.hibernate.type.BasicTypeRegistry - Adding type registration [C -> org.hibernate.type.BasicTypeReference@4e2860d3
2025-06-13 17:24:41.369 [main] DEBUG org.hibernate.type.BasicTypeRegistry - Adding type registration wrapper-characters -> org.hibernate.type.BasicTypeReference@322b500a
2025-06-13 17:24:41.369 [main] DEBUG org.hibernate.type.BasicTypeRegistry - Adding type registration text -> org.hibernate.type.BasicTypeReference@52ac4878
2025-06-13 17:24:41.369 [main] DEBUG org.hibernate.type.BasicTypeRegistry - Adding type registration ntext -> org.hibernate.type.BasicTypeReference@4a28852d
2025-06-13 17:24:41.369 [main] DEBUG org.hibernate.type.BasicTypeRegistry - Adding type registration clob -> org.hibernate.type.BasicTypeReference@478b5a43
2025-06-13 17:24:41.369 [main] DEBUG org.hibernate.type.BasicTypeRegistry - Adding type registration java.sql.Clob -> org.hibernate.type.BasicTypeReference@478b5a43
2025-06-13 17:24:41.369 [main] DEBUG org.hibernate.type.BasicTypeRegistry - Adding type registration nclob -> org.hibernate.type.BasicTypeReference@2fc8e9b8
2025-06-13 17:24:41.369 [main] DEBUG org.hibernate.type.BasicTypeRegistry - Adding type registration java.sql.NClob -> org.hibernate.type.BasicTypeReference@2fc8e9b8
2025-06-13 17:24:41.369 [main] DEBUG org.hibernate.type.BasicTypeRegistry - Adding type registration materialized_clob -> org.hibernate.type.BasicTypeReference@1f978bb1
2025-06-13 17:24:41.370 [main] DEBUG org.hibernate.type.BasicTypeRegistry - Adding type registration materialized_clob_char_array -> org.hibernate.type.BasicTypeReference@11987483
2025-06-13 17:24:41.370 [main] DEBUG org.hibernate.type.BasicTypeRegistry - Adding type registration materialized_clob_character_array -> org.hibernate.type.BasicTypeReference@c5c7db1
2025-06-13 17:24:41.370 [main] DEBUG org.hibernate.type.BasicTypeRegistry - Adding type registration materialized_nclob -> org.hibernate.type.BasicTypeReference@64b1d0ab
2025-06-13 17:24:41.370 [main] DEBUG org.hibernate.type.BasicTypeRegistry - Adding type registration materialized_nclob_character_array -> org.hibernate.type.BasicTypeReference@4758158f
2025-06-13 17:24:41.370 [main] DEBUG org.hibernate.type.BasicTypeRegistry - Adding type registration materialized_nclob_char_array -> org.hibernate.type.BasicTypeReference@15364d8b
2025-06-13 17:24:41.370 [main] DEBUG org.hibernate.type.BasicTypeRegistry - Adding type registration Duration -> org.hibernate.type.BasicTypeReference@7a680b69
2025-06-13 17:24:41.370 [main] DEBUG org.hibernate.type.BasicTypeRegistry - Adding type registration java.time.Duration -> org.hibernate.type.BasicTypeReference@7a680b69
2025-06-13 17:24:41.370 [main] DEBUG org.hibernate.type.BasicTypeRegistry - Adding type registration LocalDateTime -> org.hibernate.type.BasicTypeReference@10b6a807
2025-06-13 17:24:41.371 [main] DEBUG org.hibernate.type.BasicTypeRegistry - Adding type registration java.time.LocalDateTime -> org.hibernate.type.BasicTypeReference@10b6a807
2025-06-13 17:24:41.371 [main] DEBUG org.hibernate.type.BasicTypeRegistry - Adding type registration LocalDate -> org.hibernate.type.BasicTypeReference@17c533f3
2025-06-13 17:24:41.371 [main] DEBUG org.hibernate.type.BasicTypeRegistry - Adding type registration java.time.LocalDate -> org.hibernate.type.BasicTypeReference@17c533f3
2025-06-13 17:24:41.371 [main] DEBUG org.hibernate.type.BasicTypeRegistry - Adding type registration LocalTime -> org.hibernate.type.BasicTypeReference@30386e95
2025-06-13 17:24:41.371 [main] DEBUG org.hibernate.type.BasicTypeRegistry - Adding type registration java.time.LocalTime -> org.hibernate.type.BasicTypeReference@30386e95
2025-06-13 17:24:41.371 [main] DEBUG org.hibernate.type.BasicTypeRegistry - Adding type registration OffsetDateTime -> org.hibernate.type.BasicTypeReference@ab118b8
2025-06-13 17:24:41.371 [main] DEBUG org.hibernate.type.BasicTypeRegistry - Adding type registration java.time.OffsetDateTime -> org.hibernate.type.BasicTypeReference@ab118b8
2025-06-13 17:24:41.372 [main] DEBUG org.hibernate.type.BasicTypeRegistry - Adding type registration OffsetDateTimeWithTimezone -> org.hibernate.type.BasicTypeReference@2fe26f79
2025-06-13 17:24:41.372 [main] DEBUG org.hibernate.type.BasicTypeRegistry - Adding type registration OffsetDateTimeWithoutTimezone -> org.hibernate.type.BasicTypeReference@11069bdd
2025-06-13 17:24:41.372 [main] DEBUG org.hibernate.type.BasicTypeRegistry - Adding type registration OffsetTime -> org.hibernate.type.BasicTypeReference@62b903ae
2025-06-13 17:24:41.372 [main] DEBUG org.hibernate.type.BasicTypeRegistry - Adding type registration java.time.OffsetTime -> org.hibernate.type.BasicTypeReference@62b903ae
2025-06-13 17:24:41.372 [main] DEBUG org.hibernate.type.BasicTypeRegistry - Adding type registration OffsetTimeUtc -> org.hibernate.type.BasicTypeReference@60cfa399
2025-06-13 17:24:41.372 [main] DEBUG org.hibernate.type.BasicTypeRegistry - Adding type registration OffsetTimeWithTimezone -> org.hibernate.type.BasicTypeReference@5c6a915e
2025-06-13 17:24:41.372 [main] DEBUG org.hibernate.type.BasicTypeRegistry - Adding type registration OffsetTimeWithoutTimezone -> org.hibernate.type.BasicTypeReference@7917317d
2025-06-13 17:24:41.372 [main] DEBUG org.hibernate.type.BasicTypeRegistry - Adding type registration ZonedDateTime -> org.hibernate.type.BasicTypeReference@5319f982
2025-06-13 17:24:41.373 [main] DEBUG org.hibernate.type.BasicTypeRegistry - Adding type registration java.time.ZonedDateTime -> org.hibernate.type.BasicTypeReference@5319f982
2025-06-13 17:24:41.373 [main] DEBUG org.hibernate.type.BasicTypeRegistry - Adding type registration ZonedDateTimeWithTimezone -> org.hibernate.type.BasicTypeReference@4ed74b13
2025-06-13 17:24:41.373 [main] DEBUG org.hibernate.type.BasicTypeRegistry - Adding type registration ZonedDateTimeWithoutTimezone -> org.hibernate.type.BasicTypeReference@463fc3f6
2025-06-13 17:24:41.373 [main] DEBUG org.hibernate.type.BasicTypeRegistry - Adding type registration date -> org.hibernate.type.BasicTypeReference@6e38e95
2025-06-13 17:24:41.373 [main] DEBUG org.hibernate.type.BasicTypeRegistry - Adding type registration java.sql.Date -> org.hibernate.type.BasicTypeReference@6e38e95
2025-06-13 17:24:41.373 [main] DEBUG org.hibernate.type.BasicTypeRegistry - Adding type registration time -> org.hibernate.type.BasicTypeReference@1aaab222
2025-06-13 17:24:41.373 [main] DEBUG org.hibernate.type.BasicTypeRegistry - Adding type registration java.sql.Time -> org.hibernate.type.BasicTypeReference@1aaab222
2025-06-13 17:24:41.373 [main] DEBUG org.hibernate.type.BasicTypeRegistry - Adding type registration timestamp -> org.hibernate.type.BasicTypeReference@6ed1fdb7
2025-06-13 17:24:41.373 [main] DEBUG org.hibernate.type.BasicTypeRegistry - Adding type registration java.sql.Timestamp -> org.hibernate.type.BasicTypeReference@6ed1fdb7
2025-06-13 17:24:41.373 [main] DEBUG org.hibernate.type.BasicTypeRegistry - Adding type registration java.util.Date -> org.hibernate.type.BasicTypeReference@6ed1fdb7
2025-06-13 17:24:41.374 [main] DEBUG org.hibernate.type.BasicTypeRegistry - Adding type registration calendar -> org.hibernate.type.BasicTypeReference@5649a3e8
2025-06-13 17:24:41.374 [main] DEBUG org.hibernate.type.BasicTypeRegistry - Adding type registration java.util.Calendar -> org.hibernate.type.BasicTypeReference@5649a3e8
2025-06-13 17:24:41.374 [main] DEBUG org.hibernate.type.BasicTypeRegistry - Adding type registration java.util.GregorianCalendar -> org.hibernate.type.BasicTypeReference@5649a3e8
2025-06-13 17:24:41.374 [main] DEBUG org.hibernate.type.BasicTypeRegistry - Adding type registration calendar_date -> org.hibernate.type.BasicTypeReference@4cc40892
2025-06-13 17:24:41.374 [main] DEBUG org.hibernate.type.BasicTypeRegistry - Adding type registration calendar_time -> org.hibernate.type.BasicTypeReference@330888a
2025-06-13 17:24:41.374 [main] DEBUG org.hibernate.type.BasicTypeRegistry - Adding type registration instant -> org.hibernate.type.BasicTypeReference@62edf11e
2025-06-13 17:24:41.374 [main] DEBUG org.hibernate.type.BasicTypeRegistry - Adding type registration java.time.Instant -> org.hibernate.type.BasicTypeReference@62edf11e
2025-06-13 17:24:41.374 [main] DEBUG org.hibernate.type.BasicTypeRegistry - Adding type registration uuid -> org.hibernate.type.BasicTypeReference@79205848
2025-06-13 17:24:41.375 [main] DEBUG org.hibernate.type.BasicTypeRegistry - Adding type registration java.util.UUID -> org.hibernate.type.BasicTypeReference@79205848
2025-06-13 17:24:41.375 [main] DEBUG org.hibernate.type.BasicTypeRegistry - Adding type registration pg-uuid -> org.hibernate.type.BasicTypeReference@79205848
2025-06-13 17:24:41.375 [main] DEBUG org.hibernate.type.BasicTypeRegistry - Adding type registration uuid-binary -> org.hibernate.type.BasicTypeReference@154c4f66
2025-06-13 17:24:41.375 [main] DEBUG org.hibernate.type.BasicTypeRegistry - Adding type registration uuid-char -> org.hibernate.type.BasicTypeReference@12bff19d
2025-06-13 17:24:41.375 [main] DEBUG org.hibernate.type.BasicTypeRegistry - Adding type registration class -> org.hibernate.type.BasicTypeReference@1f5797d5
2025-06-13 17:24:41.375 [main] DEBUG org.hibernate.type.BasicTypeRegistry - Adding type registration java.lang.Class -> org.hibernate.type.BasicTypeReference@1f5797d5
2025-06-13 17:24:41.376 [main] DEBUG org.hibernate.type.BasicTypeRegistry - Adding type registration currency -> org.hibernate.type.BasicTypeReference@64ce7e6f
2025-06-13 17:24:41.376 [main] DEBUG org.hibernate.type.BasicTypeRegistry - Adding type registration Currency -> org.hibernate.type.BasicTypeReference@64ce7e6f
2025-06-13 17:24:41.376 [main] DEBUG org.hibernate.type.BasicTypeRegistry - Adding type registration java.util.Currency -> org.hibernate.type.BasicTypeReference@64ce7e6f
2025-06-13 17:24:41.376 [main] DEBUG org.hibernate.type.BasicTypeRegistry - Adding type registration locale -> org.hibernate.type.BasicTypeReference@130e2aef
2025-06-13 17:24:41.376 [main] DEBUG org.hibernate.type.BasicTypeRegistry - Adding type registration java.util.Locale -> org.hibernate.type.BasicTypeReference@130e2aef
2025-06-13 17:24:41.376 [main] DEBUG org.hibernate.type.BasicTypeRegistry - Adding type registration serializable -> org.hibernate.type.BasicTypeReference@7ed0020a
2025-06-13 17:24:41.376 [main] DEBUG org.hibernate.type.BasicTypeRegistry - Adding type registration java.io.Serializable -> org.hibernate.type.BasicTypeReference@7ed0020a
2025-06-13 17:24:41.376 [main] DEBUG org.hibernate.type.BasicTypeRegistry - Adding type registration timezone -> org.hibernate.type.BasicTypeReference@5d1acb3a
2025-06-13 17:24:41.377 [main] DEBUG org.hibernate.type.BasicTypeRegistry - Adding type registration java.util.TimeZone -> org.hibernate.type.BasicTypeReference@5d1acb3a
2025-06-13 17:24:41.377 [main] DEBUG org.hibernate.type.BasicTypeRegistry - Adding type registration ZoneOffset -> org.hibernate.type.BasicTypeReference@4ab0ebf0
2025-06-13 17:24:41.377 [main] DEBUG org.hibernate.type.BasicTypeRegistry - Adding type registration java.time.ZoneOffset -> org.hibernate.type.BasicTypeReference@4ab0ebf0
2025-06-13 17:24:41.377 [main] DEBUG org.hibernate.type.BasicTypeRegistry - Adding type registration url -> org.hibernate.type.BasicTypeReference@288be91b
2025-06-13 17:24:41.377 [main] DEBUG org.hibernate.type.BasicTypeRegistry - Adding type registration java.net.URL -> org.hibernate.type.BasicTypeReference@288be91b
2025-06-13 17:24:41.377 [main] DEBUG org.hibernate.type.BasicTypeRegistry - Adding type registration vector -> org.hibernate.type.BasicTypeReference@56357e52
2025-06-13 17:24:41.377 [main] DEBUG org.hibernate.type.BasicTypeRegistry - Adding type registration float_vector -> org.hibernate.type.BasicTypeReference@5d7d2cb5
2025-06-13 17:24:41.378 [main] DEBUG org.hibernate.type.BasicTypeRegistry - Adding type registration double_vector -> org.hibernate.type.BasicTypeReference@105fa381
2025-06-13 17:24:41.378 [main] DEBUG org.hibernate.type.BasicTypeRegistry - Adding type registration byte_vector -> org.hibernate.type.BasicTypeReference@67eb43a0
2025-06-13 17:24:41.378 [main] DEBUG org.hibernate.type.BasicTypeRegistry - Adding type registration row_version -> org.hibernate.type.BasicTypeReference@1ad176e1
2025-06-13 17:24:41.378 [main] DEBUG org.hibernate.type.BasicTypeRegistry - Adding type registration object -> org.hibernate.type.JavaObjectType@648ebda1
2025-06-13 17:24:41.378 [main] DEBUG org.hibernate.type.BasicTypeRegistry - Adding type registration java.lang.Object -> org.hibernate.type.JavaObjectType@648ebda1
2025-06-13 17:24:41.378 [main] DEBUG org.hibernate.type.BasicTypeRegistry - Adding type registration null -> org.hibernate.type.NullType@26562718
2025-06-13 17:24:41.378 [main] DEBUG org.hibernate.type.BasicTypeRegistry - Adding type registration imm_date -> org.hibernate.type.BasicTypeReference@16a1632d
2025-06-13 17:24:41.378 [main] DEBUG org.hibernate.type.BasicTypeRegistry - Adding type registration imm_time -> org.hibernate.type.BasicTypeReference@352c54e5
2025-06-13 17:24:41.379 [main] DEBUG org.hibernate.type.BasicTypeRegistry - Adding type registration imm_timestamp -> org.hibernate.type.BasicTypeReference@2b3bdcce
2025-06-13 17:24:41.379 [main] DEBUG org.hibernate.type.BasicTypeRegistry - Adding type registration imm_calendar -> org.hibernate.type.BasicTypeReference@5e2a4dd9
2025-06-13 17:24:41.379 [main] DEBUG org.hibernate.type.BasicTypeRegistry - Adding type registration imm_calendar_date -> org.hibernate.type.BasicTypeReference@438ff53a
2025-06-13 17:24:41.379 [main] DEBUG org.hibernate.type.BasicTypeRegistry - Adding type registration imm_calendar_time -> org.hibernate.type.BasicTypeReference@14530ad2
2025-06-13 17:24:41.379 [main] DEBUG org.hibernate.type.BasicTypeRegistry - Adding type registration imm_binary -> org.hibernate.type.BasicTypeReference@61fb793a
2025-06-13 17:24:41.379 [main] DEBUG org.hibernate.type.BasicTypeRegistry - Adding type registration imm_serializable -> org.hibernate.type.BasicTypeReference@6db3b459
2025-06-13 17:24:41.398 [main] DEBUG org.hibernate.boot.internal.BootstrapContextImpl - Injecting JPA temp ClassLoader [org.springframework.instrument.classloading.SimpleThrowawayClassLoader@5d202f8d] into BootstrapContext; was [null]
2025-06-13 17:24:41.398 [main] DEBUG org.hibernate.boot.internal.ClassLoaderAccessImpl - ClassLoaderAccessImpl#injectTempClassLoader(org.springframework.instrument.classloading.SimpleThrowawayClassLoader@5d202f8d) [was null]
2025-06-13 17:24:41.399 [main] DEBUG org.hibernate.boot.internal.BootstrapContextImpl - Injecting ScanEnvironment [org.hibernate.jpa.boot.internal.StandardJpaScanEnvironmentImpl@67a8afba] into BootstrapContext; was [null]
2025-06-13 17:24:41.399 [main] DEBUG org.hibernate.boot.internal.BootstrapContextImpl - Injecting ScanOptions [org.hibernate.boot.archive.scan.internal.StandardScanOptions@1749ce6a] into BootstrapContext; was [org.hibernate.boot.archive.scan.internal.StandardScanOptions@b2b9849]
2025-06-13 17:24:41.462 [main] DEBUG org.hibernate.jpa.boot.internal.PersistenceUnitInfoDescriptor - Pushing class transformers for PU named 'default' on loading classloader jdk.internal.loader.ClassLoaders$AppClassLoader@30946e09
2025-06-13 17:24:41.482 [main] INFO  org.springframework.orm.jpa.persistenceunit.SpringPersistenceUnitInfo - No LoadTimeWeaver setup: ignoring JPA class transformer
2025-06-13 17:24:41.483 [main] DEBUG org.hibernate.boot.internal.BootstrapContextImpl - Injecting JPA temp ClassLoader [null] into BootstrapContext; was [org.springframework.instrument.classloading.SimpleThrowawayClassLoader@5d202f8d]
2025-06-13 17:24:41.483 [main] DEBUG org.hibernate.boot.internal.ClassLoaderAccessImpl - ClassLoaderAccessImpl#injectTempClassLoader(null) [was org.springframework.instrument.classloading.SimpleThrowawayClassLoader@5d202f8d]
2025-06-13 17:24:41.491 [main] DEBUG org.hibernate.engine.jdbc.env.internal.JdbcEnvironmentInitiator - Database ->
	   name : H2
	version : 2.3.232 (2024-08-11)
	  major : 2
	  minor : 3
2025-06-13 17:24:41.492 [main] DEBUG org.hibernate.engine.jdbc.env.internal.JdbcEnvironmentInitiator - Driver ->
	   name : H2 JDBC Driver
	version : 2.3.232 (2024-08-11)
	  major : 2
	  minor : 3
2025-06-13 17:24:41.492 [main] DEBUG org.hibernate.engine.jdbc.env.internal.JdbcEnvironmentInitiator - JDBC version : 4.3
2025-06-13 17:24:41.493 [main] WARN  org.hibernate.dialect.Dialect - HHH000511: The 2.3.232 version for [org.hibernate.dialect.PostgreSQLDialect] is no longer supported, hence certain features may not work properly. The minimum supported version is 12.0.0. Check the community dialects project for available legacy versions.
2025-06-13 17:24:41.493 [main] WARN  org.hibernate.orm.deprecation - HHH90000025: PostgreSQLDialect does not need to be specified explicitly using 'hibernate.dialect' (remove the property setting and it will be selected by default)
2025-06-13 17:24:41.493 [main] DEBUG org.hibernate.orm.dialect - HHH035001: Using dialect: org.hibernate.dialect.PostgreSQLDialect, version: 2.3.232
2025-06-13 17:24:41.493 [main] DEBUG org.hibernate.engine.jdbc.env.spi.IdentifierHelperBuilder - JDBC driver metadata reported database stores quoted identifiers in neither upper, lower nor mixed case
2025-06-13 17:24:41.494 [main] DEBUG org.hibernate.orm.jdbc.lob - HHH10010004: Disabling contextual LOB creation as Dialect reported it is not supported
2025-06-13 17:24:41.494 [main] INFO  org.hibernate.orm.connections.pooling - HHH10001005: Database info:
	Database JDBC URL [Connecting through datasource 'HikariDataSource (HikariPool-2)']
	Database driver: undefined/unknown
	Database version: 2.3.232
	Autocommit mode: undefined/unknown
	Isolation level: undefined/unknown
	Minimum pool size: undefined/unknown
	Maximum pool size: undefined/unknown
2025-06-13 17:24:41.494 [main] DEBUG org.hibernate.type.descriptor.sql.spi.DdlTypeRegistry - addDescriptor(2003, org.hibernate.type.descriptor.sql.internal.ArrayDdlTypeImpl@2f8757e9) replaced previous registration(org.hibernate.type.descriptor.sql.internal.ArrayDdlTypeImpl@29ddd50f)
2025-06-13 17:24:41.494 [main] DEBUG org.hibernate.type.descriptor.sql.spi.DdlTypeRegistry - addDescriptor(6, org.hibernate.type.descriptor.sql.internal.CapacityDependentDdlType@78fd580b) replaced previous registration(org.hibernate.type.descriptor.sql.internal.DdlTypeImpl@3340f48c)
2025-06-13 17:24:41.495 [main] DEBUG org.hibernate.type.descriptor.jdbc.spi.JdbcTypeRegistry - addDescriptor(2004, BlobTypeDescriptor(BLOB_BINDING)) replaced previous registration(BlobTypeDescriptor(DEFAULT))
2025-06-13 17:24:41.495 [main] DEBUG org.hibernate.type.descriptor.jdbc.spi.JdbcTypeRegistry - addDescriptor(2005, ClobTypeDescriptor(CLOB_BINDING)) replaced previous registration(ClobTypeDescriptor(DEFAULT))
2025-06-13 17:24:41.495 [main] DEBUG org.hibernate.type.BasicTypeRegistry - Adding type registration JAVA_OBJECT -> org.hibernate.type.JavaObjectType@266dd512
2025-06-13 17:24:41.495 [main] DEBUG org.hibernate.type.BasicTypeRegistry - Adding type registration java.lang.Object -> org.hibernate.type.JavaObjectType@266dd512
2025-06-13 17:24:41.495 [main] DEBUG org.hibernate.type.BasicTypeRegistry - Type registration key [java.lang.Object] overrode previous entry : `org.hibernate.type.JavaObjectType@648ebda1`
2025-06-13 17:24:41.495 [main] DEBUG org.hibernate.type.BasicTypeRegistry - Adding type registration org.hibernate.type.DurationType -> basicType@27(java.time.Duration,3015)
2025-06-13 17:24:41.496 [main] DEBUG org.hibernate.type.BasicTypeRegistry - Adding type registration Duration -> basicType@27(java.time.Duration,3015)
2025-06-13 17:24:41.496 [main] DEBUG org.hibernate.type.BasicTypeRegistry - Adding type registration java.time.Duration -> basicType@27(java.time.Duration,3015)
2025-06-13 17:24:41.496 [main] DEBUG org.hibernate.type.BasicTypeRegistry - Adding type registration org.hibernate.type.OffsetDateTimeType -> basicType@28(java.time.OffsetDateTime,3003)
2025-06-13 17:24:41.496 [main] DEBUG org.hibernate.type.BasicTypeRegistry - Adding type registration OffsetDateTime -> basicType@28(java.time.OffsetDateTime,3003)
2025-06-13 17:24:41.496 [main] DEBUG org.hibernate.type.BasicTypeRegistry - Adding type registration java.time.OffsetDateTime -> basicType@28(java.time.OffsetDateTime,3003)
2025-06-13 17:24:41.496 [main] DEBUG org.hibernate.type.BasicTypeRegistry - Adding type registration org.hibernate.type.ZonedDateTimeType -> basicType@29(java.time.ZonedDateTime,3003)
2025-06-13 17:24:41.496 [main] DEBUG org.hibernate.type.BasicTypeRegistry - Adding type registration ZonedDateTime -> basicType@29(java.time.ZonedDateTime,3003)
2025-06-13 17:24:41.496 [main] DEBUG org.hibernate.type.BasicTypeRegistry - Adding type registration java.time.ZonedDateTime -> basicType@29(java.time.ZonedDateTime,3003)
2025-06-13 17:24:41.497 [main] DEBUG org.hibernate.type.BasicTypeRegistry - Adding type registration org.hibernate.type.OffsetTimeType -> basicType@30(java.time.OffsetTime,3007)
2025-06-13 17:24:41.497 [main] DEBUG org.hibernate.type.BasicTypeRegistry - Adding type registration OffsetTime -> basicType@30(java.time.OffsetTime,3007)
2025-06-13 17:24:41.497 [main] DEBUG org.hibernate.type.BasicTypeRegistry - Adding type registration java.time.OffsetTime -> basicType@30(java.time.OffsetTime,3007)
2025-06-13 17:24:41.497 [main] DEBUG org.hibernate.type.spi.TypeConfiguration$Scope - Scoping TypeConfiguration [org.hibernate.type.spi.TypeConfiguration@61df097d] to MetadataBuildingContext [org.hibernate.boot.internal.MetadataBuildingContextRootImpl@73f0284d]
2025-06-13 17:24:41.498 [main] DEBUG org.hibernate.boot.model.relational.Namespace - Created database namespace [logicalName=Name{catalog=null, schema=null}, physicalName=Name{catalog=null, schema=null}]
2025-06-13 17:24:41.498 [main] DEBUG org.hibernate.boot.model.source.internal.annotations.AnnotationMetadataSourceProcessorImpl - Skipping explicit MappedSuperclass com.example.trainup.model.user.BaseUser, the class will be discovered analyzing the implementing class
2025-06-13 17:24:41.499 [main] DEBUG org.hibernate.boot.model.internal.EntityBinder - Binding entity from annotated class: com.example.trainup.model.Address
2025-06-13 17:24:41.499 [main] DEBUG org.hibernate.boot.model.internal.EntityBinder - Import with entity name Address
2025-06-13 17:24:41.499 [main] DEBUG org.hibernate.boot.model.internal.EntityBinder - Bind entity com.example.trainup.model.Address on table addresses
2025-06-13 17:24:41.499 [main] DEBUG org.hibernate.boot.model.internal.AnnotatedColumn - Binding column: AnnotatedDiscriminatorColumn(column='DTYPE')
2025-06-13 17:24:41.500 [main] DEBUG org.hibernate.boot.model.internal.AnnotatedColumn - Binding column: AnnotatedColumn()
2025-06-13 17:24:41.500 [main] DEBUG org.hibernate.boot.internal.ClassLoaderAccessImpl - Not known whether passed class name [com.example.trainup.model.Address] is safe
2025-06-13 17:24:41.500 [main] DEBUG org.hibernate.boot.internal.ClassLoaderAccessImpl - No temp ClassLoader provided; using live ClassLoader for loading potentially unsafe class : com.example.trainup.model.Address
2025-06-13 17:24:41.500 [main] DEBUG org.hibernate.boot.model.internal.PropertyBinder - MetadataSourceProcessor property id with lazy=false
2025-06-13 17:24:41.501 [main] DEBUG org.hibernate.boot.model.internal.AbstractPropertyHolder - Attempting to locate auto-apply AttributeConverter for property [com.example.trainup.model.Address:id]
2025-06-13 17:24:41.501 [main] DEBUG org.hibernate.boot.model.internal.BasicValueBinder - building BasicValue for id
2025-06-13 17:24:41.501 [main] DEBUG org.hibernate.mapping.BasicValue - Skipping column re-registration: addresses.id
2025-06-13 17:24:41.501 [main] DEBUG org.hibernate.boot.model.internal.PropertyBinder - Building property id
2025-06-13 17:24:41.501 [main] DEBUG org.hibernate.boot.model.internal.BinderHelper - #makeIdGenerator(BasicValue([Column(id)]), id, identity, , ...)
2025-06-13 17:24:41.502 [main] DEBUG org.hibernate.boot.model.internal.AnnotatedColumn - Binding column: AnnotatedColumn()
2025-06-13 17:24:41.502 [main] DEBUG org.hibernate.boot.model.internal.PropertyBinder - MetadataSourceProcessor property city with lazy=false
2025-06-13 17:24:41.502 [main] DEBUG org.hibernate.boot.model.internal.AbstractPropertyHolder - Attempting to locate auto-apply AttributeConverter for property [com.example.trainup.model.Address:city]
2025-06-13 17:24:41.502 [main] DEBUG org.hibernate.boot.model.internal.BasicValueBinder - building BasicValue for city
2025-06-13 17:24:41.502 [main] DEBUG org.hibernate.mapping.BasicValue - Skipping column re-registration: addresses.city
2025-06-13 17:24:41.503 [main] DEBUG org.hibernate.boot.model.internal.PropertyBinder - Building property city
2025-06-13 17:24:41.503 [main] DEBUG org.hibernate.boot.model.internal.AnnotatedColumn - Binding column: AnnotatedColumn()
2025-06-13 17:24:41.503 [main] DEBUG org.hibernate.boot.model.internal.PropertyBinder - MetadataSourceProcessor property cityDistrict with lazy=false
2025-06-13 17:24:41.503 [main] DEBUG org.hibernate.boot.model.internal.AbstractPropertyHolder - Attempting to locate auto-apply AttributeConverter for property [com.example.trainup.model.Address:cityDistrict]
2025-06-13 17:24:41.503 [main] DEBUG org.hibernate.boot.model.internal.BasicValueBinder - building BasicValue for cityDistrict
2025-06-13 17:24:41.503 [main] DEBUG org.hibernate.mapping.BasicValue - Skipping column re-registration: addresses.city_district
2025-06-13 17:24:41.504 [main] DEBUG org.hibernate.boot.model.internal.PropertyBinder - Building property cityDistrict
2025-06-13 17:24:41.504 [main] DEBUG org.hibernate.boot.model.internal.AnnotatedColumn - Binding column: AnnotatedColumn()
2025-06-13 17:24:41.504 [main] DEBUG org.hibernate.boot.model.internal.PropertyBinder - MetadataSourceProcessor property country with lazy=false
2025-06-13 17:24:41.504 [main] DEBUG org.hibernate.boot.model.internal.AbstractPropertyHolder - Attempting to locate auto-apply AttributeConverter for property [com.example.trainup.model.Address:country]
2025-06-13 17:24:41.504 [main] DEBUG org.hibernate.boot.model.internal.BasicValueBinder - building BasicValue for country
2025-06-13 17:24:41.504 [main] DEBUG org.hibernate.mapping.BasicValue - Skipping column re-registration: addresses.country
2025-06-13 17:24:41.505 [main] DEBUG org.hibernate.boot.model.internal.PropertyBinder - Building property country
2025-06-13 17:24:41.505 [main] DEBUG org.hibernate.boot.model.internal.AnnotatedColumn - Binding column: AnnotatedJoinColumn()
2025-06-13 17:24:41.505 [main] DEBUG org.hibernate.boot.model.internal.AnnotatedColumn - Binding column: AnnotatedColumn()
2025-06-13 17:24:41.505 [main] DEBUG org.hibernate.boot.model.internal.AnnotatedColumn - Binding column: AnnotatedColumn()
2025-06-13 17:24:41.505 [main] DEBUG org.hibernate.boot.model.internal.PropertyBinder - MetadataSourceProcessor property house with lazy=false
2025-06-13 17:24:41.505 [main] DEBUG org.hibernate.boot.model.internal.AbstractPropertyHolder - Attempting to locate auto-apply AttributeConverter for property [com.example.trainup.model.Address:house]
2025-06-13 17:24:41.506 [main] DEBUG org.hibernate.boot.model.internal.BasicValueBinder - building BasicValue for house
2025-06-13 17:24:41.506 [main] DEBUG org.hibernate.mapping.BasicValue - Skipping column re-registration: addresses.house
2025-06-13 17:24:41.506 [main] DEBUG org.hibernate.boot.model.internal.PropertyBinder - Building property house
2025-06-13 17:24:41.506 [main] DEBUG org.hibernate.boot.model.internal.AnnotatedColumn - Binding column: AnnotatedColumn()
2025-06-13 17:24:41.506 [main] DEBUG org.hibernate.boot.model.internal.PropertyBinder - MetadataSourceProcessor property isDeleted with lazy=false
2025-06-13 17:24:41.506 [main] DEBUG org.hibernate.boot.model.internal.AbstractPropertyHolder - Attempting to locate auto-apply AttributeConverter for property [com.example.trainup.model.Address:isDeleted]
2025-06-13 17:24:41.507 [main] DEBUG org.hibernate.boot.model.internal.BasicValueBinder - building BasicValue for isDeleted
2025-06-13 17:24:41.507 [main] DEBUG org.hibernate.mapping.BasicValue - Skipping column re-registration: addresses.is_deleted
2025-06-13 17:24:41.507 [main] DEBUG org.hibernate.boot.model.internal.PropertyBinder - Building property isDeleted
2025-06-13 17:24:41.507 [main] DEBUG org.hibernate.boot.model.internal.AnnotatedColumn - Binding column: AnnotatedColumn()
2025-06-13 17:24:41.507 [main] DEBUG org.hibernate.boot.model.internal.PropertyBinder - MetadataSourceProcessor property street with lazy=false
2025-06-13 17:24:41.507 [main] DEBUG org.hibernate.boot.model.internal.AbstractPropertyHolder - Attempting to locate auto-apply AttributeConverter for property [com.example.trainup.model.Address:street]
2025-06-13 17:24:41.507 [main] DEBUG org.hibernate.boot.model.internal.BasicValueBinder - building BasicValue for street
2025-06-13 17:24:41.508 [main] DEBUG org.hibernate.mapping.BasicValue - Skipping column re-registration: addresses.street
2025-06-13 17:24:41.508 [main] DEBUG org.hibernate.boot.model.internal.PropertyBinder - Building property street
2025-06-13 17:24:41.508 [main] DEBUG org.hibernate.boot.model.internal.AnnotatedColumn - Binding column: AnnotatedJoinColumn()
2025-06-13 17:24:41.508 [main] DEBUG org.hibernate.boot.model.internal.AnnotatedColumn - Binding column: AnnotatedColumn()
2025-06-13 17:24:41.509 [main] DEBUG org.hibernate.boot.model.internal.AnnotatedColumn - Binding column: IndexColumn(column='trainers_ORDER')
2025-06-13 17:24:41.509 [main] DEBUG org.hibernate.boot.model.internal.AnnotatedColumn - Binding column: AnnotatedColumn()
2025-06-13 17:24:41.509 [main] DEBUG org.hibernate.boot.model.internal.AnnotatedColumn - Binding column: AnnotatedColumn(column='trainers_KEY')
2025-06-13 17:24:41.509 [main] DEBUG org.hibernate.boot.model.internal.AnnotatedColumn - Binding column: AnnotatedJoinColumn(column='trainers_KEY')
2025-06-13 17:24:41.509 [main] DEBUG org.hibernate.boot.model.internal.AnnotatedColumn - Binding column: AnnotatedJoinColumn()
2025-06-13 17:24:41.510 [main] DEBUG org.hibernate.boot.model.internal.AnnotatedColumn - Binding column: AnnotatedJoinColumn()
2025-06-13 17:24:41.510 [main] DEBUG org.hibernate.boot.model.internal.CollectionBinder - Collection role: com.example.trainup.model.Address.trainers
2025-06-13 17:24:41.510 [main] DEBUG org.hibernate.boot.model.internal.PropertyBinder - Building property trainers
2025-06-13 17:24:41.520 [main] DEBUG org.hibernate.boot.registry.classloading.internal.ClassLoaderServiceImpl - HHH000194: Package not found or no package-info.java: com.example.trainup.model
2025-06-13 17:24:41.521 [main] DEBUG org.hibernate.boot.model.internal.EntityBinder - Binding entity from annotated class: com.example.trainup.model.Event
2025-06-13 17:24:41.521 [main] DEBUG org.hibernate.boot.model.internal.EntityBinder - Import with entity name Event
2025-06-13 17:24:41.521 [main] DEBUG org.hibernate.boot.model.internal.EntityBinder - Bind entity com.example.trainup.model.Event on table events
2025-06-13 17:24:41.521 [main] DEBUG org.hibernate.boot.model.internal.AnnotatedColumn - Binding column: AnnotatedDiscriminatorColumn(column='DTYPE')
2025-06-13 17:24:41.522 [main] DEBUG org.hibernate.boot.model.internal.AnnotatedColumn - Binding column: AnnotatedColumn()
2025-06-13 17:24:41.522 [main] DEBUG org.hibernate.boot.internal.ClassLoaderAccessImpl - Not known whether passed class name [com.example.trainup.model.Event] is safe
2025-06-13 17:24:41.522 [main] DEBUG org.hibernate.boot.internal.ClassLoaderAccessImpl - No temp ClassLoader provided; using live ClassLoader for loading potentially unsafe class : com.example.trainup.model.Event
2025-06-13 17:24:41.522 [main] DEBUG org.hibernate.boot.model.internal.PropertyBinder - MetadataSourceProcessor property id with lazy=false
2025-06-13 17:24:41.522 [main] DEBUG org.hibernate.boot.model.internal.AbstractPropertyHolder - Attempting to locate auto-apply AttributeConverter for property [com.example.trainup.model.Event:id]
2025-06-13 17:24:41.523 [main] DEBUG org.hibernate.boot.model.internal.BasicValueBinder - building BasicValue for id
2025-06-13 17:24:41.523 [main] DEBUG org.hibernate.mapping.BasicValue - Skipping column re-registration: events.id
2025-06-13 17:24:41.523 [main] DEBUG org.hibernate.boot.model.internal.PropertyBinder - Building property id
2025-06-13 17:24:41.523 [main] DEBUG org.hibernate.boot.model.internal.BinderHelper - #makeIdGenerator(BasicValue([Column(id)]), id, identity, , ...)
2025-06-13 17:24:41.523 [main] DEBUG org.hibernate.boot.model.internal.AnnotatedColumn - Binding column: AnnotatedColumn()
2025-06-13 17:24:41.524 [main] DEBUG org.hibernate.boot.model.internal.PropertyBinder - MetadataSourceProcessor property dateTime with lazy=false
2025-06-13 17:24:41.524 [main] DEBUG org.hibernate.boot.model.internal.AbstractPropertyHolder - Attempting to locate auto-apply AttributeConverter for property [com.example.trainup.model.Event:dateTime]
2025-06-13 17:24:41.524 [main] DEBUG org.hibernate.boot.model.internal.BasicValueBinder - building BasicValue for dateTime
2025-06-13 17:24:41.524 [main] DEBUG org.hibernate.mapping.BasicValue - Skipping column re-registration: events.date_time
2025-06-13 17:24:41.524 [main] DEBUG org.hibernate.boot.model.internal.PropertyBinder - Building property dateTime
2025-06-13 17:24:41.524 [main] DEBUG org.hibernate.boot.model.internal.AnnotatedColumn - Binding column: AnnotatedColumn()
2025-06-13 17:24:41.524 [main] DEBUG org.hibernate.boot.model.internal.PropertyBinder - MetadataSourceProcessor property description with lazy=false
2025-06-13 17:24:41.525 [main] DEBUG org.hibernate.boot.model.internal.AbstractPropertyHolder - Attempting to locate auto-apply AttributeConverter for property [com.example.trainup.model.Event:description]
2025-06-13 17:24:41.525 [main] DEBUG org.hibernate.boot.model.internal.BasicValueBinder - building BasicValue for description
2025-06-13 17:24:41.525 [main] DEBUG org.hibernate.mapping.BasicValue - Skipping column re-registration: events.description
2025-06-13 17:24:41.525 [main] DEBUG org.hibernate.boot.model.internal.PropertyBinder - Building property description
2025-06-13 17:24:41.525 [main] DEBUG org.hibernate.boot.model.internal.AnnotatedColumn - Binding column: AnnotatedJoinColumn(column='gym_id')
2025-06-13 17:24:41.525 [main] DEBUG org.hibernate.boot.model.internal.AnnotatedColumn - Binding column: AnnotatedColumn()
2025-06-13 17:24:41.526 [main] DEBUG org.hibernate.boot.model.internal.PropertyBinder - Building property gym
2025-06-13 17:24:41.526 [main] DEBUG org.hibernate.boot.model.internal.AnnotatedColumn - Binding column: AnnotatedColumn()
2025-06-13 17:24:41.526 [main] DEBUG org.hibernate.boot.model.internal.PropertyBinder - MetadataSourceProcessor property name with lazy=false
2025-06-13 17:24:41.526 [main] DEBUG org.hibernate.boot.model.internal.AbstractPropertyHolder - Attempting to locate auto-apply AttributeConverter for property [com.example.trainup.model.Event:name]
2025-06-13 17:24:41.526 [main] DEBUG org.hibernate.boot.model.internal.BasicValueBinder - building BasicValue for name
2025-06-13 17:24:41.527 [main] DEBUG org.hibernate.mapping.BasicValue - Skipping column re-registration: events.name
2025-06-13 17:24:41.527 [main] DEBUG org.hibernate.boot.model.internal.PropertyBinder - Building property name
2025-06-13 17:24:41.527 [main] DEBUG org.hibernate.boot.model.internal.AnnotatedColumn - Binding column: AnnotatedJoinColumn(column='sport_id')
2025-06-13 17:24:41.527 [main] DEBUG org.hibernate.boot.model.internal.AnnotatedColumn - Binding column: AnnotatedColumn()
2025-06-13 17:24:41.528 [main] DEBUG org.hibernate.boot.model.internal.PropertyBinder - Building property sport
2025-06-13 17:24:41.528 [main] DEBUG org.hibernate.boot.model.internal.AnnotatedColumn - Binding column: AnnotatedJoinColumn(column='trainer_id')
2025-06-13 17:24:41.528 [main] DEBUG org.hibernate.boot.model.internal.AnnotatedColumn - Binding column: AnnotatedColumn()
2025-06-13 17:24:41.528 [main] DEBUG org.hibernate.boot.model.internal.PropertyBinder - Building property trainer
2025-06-13 17:24:41.540 [main] DEBUG org.hibernate.boot.registry.classloading.internal.ClassLoaderServiceImpl - HHH000194: Package not found or no package-info.java: com.example.trainup.model
2025-06-13 17:24:41.540 [main] DEBUG org.hibernate.boot.model.internal.EntityBinder - Binding entity from annotated class: com.example.trainup.model.Gym
2025-06-13 17:24:41.541 [main] DEBUG org.hibernate.boot.model.internal.EntityBinder - Import with entity name Gym
2025-06-13 17:24:41.541 [main] DEBUG org.hibernate.boot.model.internal.EntityBinder - Bind entity com.example.trainup.model.Gym on table gyms
2025-06-13 17:24:41.541 [main] DEBUG org.hibernate.boot.model.internal.AnnotatedColumn - Binding column: AnnotatedDiscriminatorColumn(column='DTYPE')
2025-06-13 17:24:41.542 [main] DEBUG org.hibernate.boot.model.internal.AnnotatedColumn - Binding column: AnnotatedColumn()
2025-06-13 17:24:41.542 [main] DEBUG org.hibernate.boot.internal.ClassLoaderAccessImpl - Not known whether passed class name [com.example.trainup.model.Gym] is safe
2025-06-13 17:24:41.542 [main] DEBUG org.hibernate.boot.internal.ClassLoaderAccessImpl - No temp ClassLoader provided; using live ClassLoader for loading potentially unsafe class : com.example.trainup.model.Gym
2025-06-13 17:24:41.542 [main] DEBUG org.hibernate.boot.model.internal.PropertyBinder - MetadataSourceProcessor property id with lazy=false
2025-06-13 17:24:41.543 [main] DEBUG org.hibernate.boot.model.internal.AbstractPropertyHolder - Attempting to locate auto-apply AttributeConverter for property [com.example.trainup.model.Gym:id]
2025-06-13 17:24:41.543 [main] DEBUG org.hibernate.boot.model.internal.BasicValueBinder - building BasicValue for id
2025-06-13 17:24:41.543 [main] DEBUG org.hibernate.mapping.BasicValue - Skipping column re-registration: gyms.id
2025-06-13 17:24:41.543 [main] DEBUG org.hibernate.boot.model.internal.PropertyBinder - Building property id
2025-06-13 17:24:41.543 [main] DEBUG org.hibernate.boot.model.internal.BinderHelper - #makeIdGenerator(BasicValue([Column(id)]), id, identity, , ...)
2025-06-13 17:24:41.544 [main] DEBUG org.hibernate.boot.model.internal.AnnotatedColumn - Binding column: AnnotatedColumn()
2025-06-13 17:24:41.544 [main] DEBUG org.hibernate.boot.model.internal.PropertyBinder - MetadataSourceProcessor property description with lazy=false
2025-06-13 17:24:41.544 [main] DEBUG org.hibernate.boot.model.internal.AbstractPropertyHolder - Attempting to locate auto-apply AttributeConverter for property [com.example.trainup.model.Gym:description]
2025-06-13 17:24:41.544 [main] DEBUG org.hibernate.boot.model.internal.BasicValueBinder - building BasicValue for description
2025-06-13 17:24:41.544 [main] DEBUG org.hibernate.mapping.BasicValue - Skipping column re-registration: gyms.description
2025-06-13 17:24:41.544 [main] DEBUG org.hibernate.boot.model.internal.PropertyBinder - Building property description
2025-06-13 17:24:41.545 [main] DEBUG org.hibernate.boot.model.internal.AnnotatedColumn - Binding column: AnnotatedJoinColumn(column='gym_owner_id')
2025-06-13 17:24:41.545 [main] DEBUG org.hibernate.boot.model.internal.AnnotatedColumn - Binding column: AnnotatedColumn()
2025-06-13 17:24:41.545 [main] DEBUG org.hibernate.boot.model.internal.PropertyBinder - Building property gymOwner
2025-06-13 17:24:41.545 [main] DEBUG org.hibernate.boot.model.internal.AnnotatedColumn - Binding column: AnnotatedColumn()
2025-06-13 17:24:41.545 [main] DEBUG org.hibernate.boot.model.internal.PropertyBinder - MetadataSourceProcessor property isDeleted with lazy=false
2025-06-13 17:24:41.545 [main] DEBUG org.hibernate.boot.model.internal.AbstractPropertyHolder - Attempting to locate auto-apply AttributeConverter for property [com.example.trainup.model.Gym:isDeleted]
2025-06-13 17:24:41.546 [main] DEBUG org.hibernate.boot.model.internal.BasicValueBinder - building BasicValue for isDeleted
2025-06-13 17:24:41.546 [main] DEBUG org.hibernate.mapping.BasicValue - Skipping column re-registration: gyms.is_deleted
2025-06-13 17:24:41.546 [main] DEBUG org.hibernate.boot.model.internal.PropertyBinder - Building property isDeleted
2025-06-13 17:24:41.546 [main] DEBUG org.hibernate.boot.model.internal.AnnotatedColumn - Binding column: AnnotatedJoinColumn(column='address_id')
2025-06-13 17:24:41.547 [main] DEBUG org.hibernate.boot.model.internal.AnnotatedColumn - Binding column: AnnotatedColumn()
2025-06-13 17:24:41.547 [main] DEBUG org.hibernate.boot.model.internal.PropertyBinder - Building property location
2025-06-13 17:24:41.547 [main] DEBUG org.hibernate.boot.model.internal.AnnotatedColumn - Binding column: AnnotatedColumn()
2025-06-13 17:24:41.548 [main] DEBUG org.hibernate.boot.model.internal.PropertyBinder - MetadataSourceProcessor property name with lazy=false
2025-06-13 17:24:41.548 [main] DEBUG org.hibernate.boot.model.internal.AbstractPropertyHolder - Attempting to locate auto-apply AttributeConverter for property [com.example.trainup.model.Gym:name]
2025-06-13 17:24:41.548 [main] DEBUG org.hibernate.boot.model.internal.BasicValueBinder - building BasicValue for name
2025-06-13 17:24:41.548 [main] DEBUG org.hibernate.mapping.BasicValue - Skipping column re-registration: gyms.name
2025-06-13 17:24:41.548 [main] DEBUG org.hibernate.boot.model.internal.PropertyBinder - Building property name
2025-06-13 17:24:41.549 [main] DEBUG org.hibernate.boot.model.internal.AnnotatedColumn - Binding column: AnnotatedColumn()
2025-06-13 17:24:41.549 [main] DEBUG org.hibernate.boot.model.internal.PropertyBinder - MetadataSourceProcessor property numberOfReviews with lazy=false
2025-06-13 17:24:41.549 [main] DEBUG org.hibernate.boot.model.internal.AbstractPropertyHolder - Attempting to locate auto-apply AttributeConverter for property [com.example.trainup.model.Gym:numberOfReviews]
2025-06-13 17:24:41.549 [main] DEBUG org.hibernate.boot.model.internal.BasicValueBinder - building BasicValue for numberOfReviews
2025-06-13 17:24:41.550 [main] DEBUG org.hibernate.mapping.BasicValue - Skipping column re-registration: gyms.number_of_reviews
2025-06-13 17:24:41.550 [main] DEBUG org.hibernate.boot.model.internal.PropertyBinder - Building property numberOfReviews
2025-06-13 17:24:41.550 [main] DEBUG org.hibernate.boot.model.internal.AnnotatedColumn - Binding column: AnnotatedColumn()
2025-06-13 17:24:41.550 [main] DEBUG org.hibernate.boot.model.internal.PropertyBinder - MetadataSourceProcessor property overallRating with lazy=false
2025-06-13 17:24:41.550 [main] DEBUG org.hibernate.boot.model.internal.AbstractPropertyHolder - Attempting to locate auto-apply AttributeConverter for property [com.example.trainup.model.Gym:overallRating]
2025-06-13 17:24:41.550 [main] DEBUG org.hibernate.boot.model.internal.BasicValueBinder - building BasicValue for overallRating
2025-06-13 17:24:41.550 [main] DEBUG org.hibernate.mapping.BasicValue - Skipping column re-registration: gyms.overall_rating
2025-06-13 17:24:41.551 [main] DEBUG org.hibernate.boot.model.internal.PropertyBinder - Building property overallRating
2025-06-13 17:24:41.551 [main] DEBUG org.hibernate.boot.model.internal.AnnotatedColumn - Binding column: AnnotatedColumn(column='phone_numbers')
2025-06-13 17:24:41.551 [main] DEBUG org.hibernate.boot.model.internal.AnnotatedColumn - Binding column: AnnotatedJoinColumn()
2025-06-13 17:24:41.551 [main] DEBUG org.hibernate.boot.model.internal.AnnotatedColumn - Binding column: IndexColumn(column='phoneNumbers_ORDER')
2025-06-13 17:24:41.551 [main] DEBUG org.hibernate.boot.model.internal.AnnotatedColumn - Binding column: AnnotatedColumn(column='phone_numbers')
2025-06-13 17:24:41.551 [main] DEBUG org.hibernate.boot.model.internal.AnnotatedColumn - Binding column: AnnotatedColumn(column='phoneNumbers_KEY')
2025-06-13 17:24:41.552 [main] DEBUG org.hibernate.boot.model.internal.AnnotatedColumn - Binding column: AnnotatedJoinColumn(column='phoneNumbers_KEY')
2025-06-13 17:24:41.552 [main] DEBUG org.hibernate.boot.model.internal.AnnotatedColumn - Binding column: AnnotatedJoinColumn(column='gym_id')
2025-06-13 17:24:41.552 [main] DEBUG org.hibernate.boot.model.internal.AnnotatedColumn - Binding column: AnnotatedJoinColumn()
2025-06-13 17:24:41.552 [main] DEBUG org.hibernate.boot.model.internal.CollectionBinder - Collection role: com.example.trainup.model.Gym.phoneNumbers
2025-06-13 17:24:41.552 [main] DEBUG org.hibernate.boot.model.internal.PropertyBinder - Building property phoneNumbers
2025-06-13 17:24:41.552 [main] DEBUG org.hibernate.boot.model.internal.AnnotatedColumn - Binding column: AnnotatedJoinColumn()
2025-06-13 17:24:41.553 [main] DEBUG org.hibernate.boot.model.internal.AnnotatedColumn - Binding column: AnnotatedColumn()
2025-06-13 17:24:41.553 [main] DEBUG org.hibernate.boot.model.internal.AnnotatedColumn - Binding column: IndexColumn(column='photos_ORDER')
2025-06-13 17:24:41.553 [main] DEBUG org.hibernate.boot.model.internal.AnnotatedColumn - Binding column: AnnotatedColumn()
2025-06-13 17:24:41.553 [main] DEBUG org.hibernate.boot.model.internal.AnnotatedColumn - Binding column: AnnotatedColumn(column='photos_KEY')
2025-06-13 17:24:41.553 [main] DEBUG org.hibernate.boot.model.internal.AnnotatedColumn - Binding column: AnnotatedJoinColumn(column='photos_KEY')
2025-06-13 17:24:41.554 [main] DEBUG org.hibernate.boot.model.internal.AnnotatedColumn - Binding column: AnnotatedJoinColumn()
2025-06-13 17:24:41.554 [main] DEBUG org.hibernate.boot.model.internal.AnnotatedColumn - Binding column: AnnotatedJoinColumn()
2025-06-13 17:24:41.554 [main] DEBUG org.hibernate.boot.model.internal.CollectionBinder - Collection role: com.example.trainup.model.Gym.photos
2025-06-13 17:24:41.554 [main] DEBUG org.hibernate.boot.model.internal.PropertyBinder - Building property photos
2025-06-13 17:24:41.554 [main] DEBUG org.hibernate.boot.model.internal.AnnotatedColumn - Binding column: AnnotatedJoinColumn()
2025-06-13 17:24:41.555 [main] DEBUG org.hibernate.boot.model.internal.AnnotatedColumn - Binding column: AnnotatedColumn()
2025-06-13 17:24:41.555 [main] DEBUG org.hibernate.boot.model.internal.AnnotatedColumn - Binding column: IndexColumn(column='reviews_ORDER')
2025-06-13 17:24:41.555 [main] DEBUG org.hibernate.boot.model.internal.AnnotatedColumn - Binding column: AnnotatedColumn()
2025-06-13 17:24:41.555 [main] DEBUG org.hibernate.boot.model.internal.AnnotatedColumn - Binding column: AnnotatedColumn(column='reviews_KEY')
2025-06-13 17:24:41.555 [main] DEBUG org.hibernate.boot.model.internal.AnnotatedColumn - Binding column: AnnotatedJoinColumn(column='reviews_KEY')
2025-06-13 17:24:41.555 [main] DEBUG org.hibernate.boot.model.internal.AnnotatedColumn - Binding column: AnnotatedJoinColumn()
2025-06-13 17:24:41.556 [main] DEBUG org.hibernate.boot.model.internal.AnnotatedColumn - Binding column: AnnotatedJoinColumn()
2025-06-13 17:24:41.556 [main] DEBUG org.hibernate.boot.model.internal.CollectionBinder - Collection role: com.example.trainup.model.Gym.reviews
2025-06-13 17:24:41.556 [main] DEBUG org.hibernate.boot.model.internal.PropertyBinder - Building property reviews
2025-06-13 17:24:41.556 [main] DEBUG org.hibernate.boot.model.internal.AnnotatedColumn - Binding column: IndexColumn(column='sports_ORDER')
2025-06-13 17:24:41.556 [main] DEBUG org.hibernate.boot.model.internal.AnnotatedColumn - Binding column: AnnotatedColumn()
2025-06-13 17:24:41.556 [main] DEBUG org.hibernate.boot.model.internal.AnnotatedColumn - Binding column: AnnotatedColumn(column='sports_KEY')
2025-06-13 17:24:41.557 [main] DEBUG org.hibernate.boot.model.internal.AnnotatedColumn - Binding column: AnnotatedJoinColumn(column='sports_KEY')
2025-06-13 17:24:41.557 [main] DEBUG org.hibernate.boot.model.internal.AnnotatedColumn - Binding column: AnnotatedJoinColumn(column='gym_id')
2025-06-13 17:24:41.557 [main] DEBUG org.hibernate.boot.model.internal.AnnotatedColumn - Binding column: AnnotatedJoinColumn(column='sport_id')
2025-06-13 17:24:41.557 [main] DEBUG org.hibernate.boot.model.internal.CollectionBinder - Collection role: com.example.trainup.model.Gym.sports
2025-06-13 17:24:41.557 [main] DEBUG org.hibernate.boot.model.internal.PropertyBinder - Building property sports
2025-06-13 17:24:41.557 [main] DEBUG org.hibernate.boot.model.internal.AnnotatedColumn - Binding column: IndexColumn(column='trainers_ORDER')
2025-06-13 17:24:41.558 [main] DEBUG org.hibernate.boot.model.internal.AnnotatedColumn - Binding column: AnnotatedColumn()
2025-06-13 17:24:41.558 [main] DEBUG org.hibernate.boot.model.internal.AnnotatedColumn - Binding column: AnnotatedColumn(column='trainers_KEY')
2025-06-13 17:24:41.558 [main] DEBUG org.hibernate.boot.model.internal.AnnotatedColumn - Binding column: AnnotatedJoinColumn(column='trainers_KEY')
2025-06-13 17:24:41.558 [main] DEBUG org.hibernate.boot.model.internal.AnnotatedColumn - Binding column: AnnotatedJoinColumn(column='gym_id')
2025-06-13 17:24:41.558 [main] DEBUG org.hibernate.boot.model.internal.AnnotatedColumn - Binding column: AnnotatedJoinColumn(column='trainer_id')
2025-06-13 17:24:41.558 [main] DEBUG org.hibernate.boot.model.internal.CollectionBinder - Collection role: com.example.trainup.model.Gym.trainers
2025-06-13 17:24:41.559 [main] DEBUG org.hibernate.boot.model.internal.PropertyBinder - Building property trainers
2025-06-13 17:24:41.559 [main] DEBUG org.hibernate.boot.model.internal.AnnotatedColumn - Binding column: AnnotatedColumn()
2025-06-13 17:24:41.559 [main] DEBUG org.hibernate.boot.model.internal.PropertyBinder - MetadataSourceProcessor property website with lazy=false
2025-06-13 17:24:41.559 [main] DEBUG org.hibernate.boot.model.internal.AbstractPropertyHolder - Attempting to locate auto-apply AttributeConverter for property [com.example.trainup.model.Gym:website]
2025-06-13 17:24:41.559 [main] DEBUG org.hibernate.boot.model.internal.BasicValueBinder - building BasicValue for website
2025-06-13 17:24:41.559 [main] DEBUG org.hibernate.mapping.BasicValue - Skipping column re-registration: gyms.website
2025-06-13 17:24:41.559 [main] DEBUG org.hibernate.boot.model.internal.PropertyBinder - Building property website
2025-06-13 17:24:41.560 [main] DEBUG org.hibernate.boot.model.internal.AnnotatedColumn - Binding column: AnnotatedJoinColumn()
2025-06-13 17:24:41.560 [main] DEBUG org.hibernate.boot.model.internal.AnnotatedColumn - Binding column: AnnotatedColumn()
2025-06-13 17:24:41.560 [main] DEBUG org.hibernate.boot.model.internal.AnnotatedColumn - Binding column: IndexColumn(column='workingHours_ORDER')
2025-06-13 17:24:41.560 [main] DEBUG org.hibernate.boot.model.internal.AnnotatedColumn - Binding column: AnnotatedColumn()
2025-06-13 17:24:41.561 [main] DEBUG org.hibernate.boot.model.internal.AnnotatedColumn - Binding column: AnnotatedColumn(column='workingHours_KEY')
2025-06-13 17:24:41.561 [main] DEBUG org.hibernate.boot.model.internal.AnnotatedColumn - Binding column: AnnotatedJoinColumn(column='workingHours_KEY')
2025-06-13 17:24:41.561 [main] DEBUG org.hibernate.boot.model.internal.AnnotatedColumn - Binding column: AnnotatedJoinColumn(column='gym_id')
2025-06-13 17:24:41.561 [main] DEBUG org.hibernate.boot.model.internal.AnnotatedColumn - Binding column: AnnotatedJoinColumn()
2025-06-13 17:24:41.562 [main] DEBUG org.hibernate.boot.model.internal.CollectionBinder - Collection role: com.example.trainup.model.Gym.workingHours
2025-06-13 17:24:41.562 [main] DEBUG org.hibernate.boot.model.internal.PropertyBinder - Building property workingHours
2025-06-13 17:24:41.572 [main] DEBUG org.hibernate.boot.registry.classloading.internal.ClassLoaderServiceImpl - HHH000194: Package not found or no package-info.java: com.example.trainup.model
2025-06-13 17:24:41.573 [main] DEBUG org.hibernate.boot.model.internal.EntityBinder - Binding entity from annotated class: com.example.trainup.model.GymPhoto
2025-06-13 17:24:41.573 [main] DEBUG org.hibernate.boot.model.internal.EntityBinder - Import with entity name GymPhoto
2025-06-13 17:24:41.573 [main] DEBUG org.hibernate.boot.model.internal.EntityBinder - Bind entity com.example.trainup.model.GymPhoto on table gym_photos
2025-06-13 17:24:41.573 [main] DEBUG org.hibernate.boot.model.internal.AnnotatedColumn - Binding column: AnnotatedDiscriminatorColumn(column='DTYPE')
2025-06-13 17:24:41.574 [main] DEBUG org.hibernate.boot.model.internal.AnnotatedColumn - Binding column: AnnotatedColumn()
2025-06-13 17:24:41.574 [main] DEBUG org.hibernate.boot.internal.ClassLoaderAccessImpl - Not known whether passed class name [com.example.trainup.model.GymPhoto] is safe
2025-06-13 17:24:41.574 [main] DEBUG org.hibernate.boot.internal.ClassLoaderAccessImpl - No temp ClassLoader provided; using live ClassLoader for loading potentially unsafe class : com.example.trainup.model.GymPhoto
2025-06-13 17:24:41.574 [main] DEBUG org.hibernate.boot.model.internal.PropertyBinder - MetadataSourceProcessor property id with lazy=false
2025-06-13 17:24:41.575 [main] DEBUG org.hibernate.boot.model.internal.AbstractPropertyHolder - Attempting to locate auto-apply AttributeConverter for property [com.example.trainup.model.GymPhoto:id]
2025-06-13 17:24:41.575 [main] DEBUG org.hibernate.boot.model.internal.BasicValueBinder - building BasicValue for id
2025-06-13 17:24:41.575 [main] DEBUG org.hibernate.mapping.BasicValue - Skipping column re-registration: gym_photos.id
2025-06-13 17:24:41.575 [main] DEBUG org.hibernate.boot.model.internal.PropertyBinder - Building property id
2025-06-13 17:24:41.575 [main] DEBUG org.hibernate.boot.model.internal.BinderHelper - #makeIdGenerator(BasicValue([Column(id)]), id, identity, , ...)
2025-06-13 17:24:41.576 [main] DEBUG org.hibernate.boot.model.internal.AnnotatedColumn - Binding column: AnnotatedJoinColumn(column='gym_id')
2025-06-13 17:24:41.576 [main] DEBUG org.hibernate.boot.model.internal.AnnotatedColumn - Binding column: AnnotatedColumn()
2025-06-13 17:24:41.576 [main] DEBUG org.hibernate.boot.model.internal.PropertyBinder - Building property gym
2025-06-13 17:24:41.576 [main] DEBUG org.hibernate.boot.model.internal.AnnotatedColumn - Binding column: AnnotatedColumn()
2025-06-13 17:24:41.576 [main] DEBUG org.hibernate.boot.model.internal.PropertyBinder - MetadataSourceProcessor property imageUrl with lazy=false
2025-06-13 17:24:41.576 [main] DEBUG org.hibernate.boot.model.internal.AbstractPropertyHolder - Attempting to locate auto-apply AttributeConverter for property [com.example.trainup.model.GymPhoto:imageUrl]
2025-06-13 17:24:41.577 [main] DEBUG org.hibernate.boot.model.internal.BasicValueBinder - building BasicValue for imageUrl
2025-06-13 17:24:41.577 [main] DEBUG org.hibernate.mapping.BasicValue - Skipping column re-registration: gym_photos.image_url
2025-06-13 17:24:41.577 [main] DEBUG org.hibernate.boot.model.internal.PropertyBinder - Building property imageUrl
2025-06-13 17:24:41.577 [main] DEBUG org.hibernate.boot.model.internal.AnnotatedColumn - Binding column: AnnotatedColumn()
2025-06-13 17:24:41.577 [main] DEBUG org.hibernate.boot.model.internal.PropertyBinder - MetadataSourceProcessor property isDeleted with lazy=false
2025-06-13 17:24:41.577 [main] DEBUG org.hibernate.boot.model.internal.AbstractPropertyHolder - Attempting to locate auto-apply AttributeConverter for property [com.example.trainup.model.GymPhoto:isDeleted]
2025-06-13 17:24:41.578 [main] DEBUG org.hibernate.boot.model.internal.BasicValueBinder - building BasicValue for isDeleted
2025-06-13 17:24:41.578 [main] DEBUG org.hibernate.mapping.BasicValue - Skipping column re-registration: gym_photos.is_deleted
2025-06-13 17:24:41.578 [main] DEBUG org.hibernate.boot.model.internal.PropertyBinder - Building property isDeleted
2025-06-13 17:24:41.589 [main] DEBUG org.hibernate.boot.registry.classloading.internal.ClassLoaderServiceImpl - HHH000194: Package not found or no package-info.java: com.example.trainup.model
2025-06-13 17:24:41.589 [main] DEBUG org.hibernate.boot.model.internal.EntityBinder - Binding entity from annotated class: com.example.trainup.model.Review
2025-06-13 17:24:41.589 [main] DEBUG org.hibernate.boot.model.internal.EntityBinder - Import with entity name Review
2025-06-13 17:24:41.590 [main] DEBUG org.hibernate.boot.model.internal.EntityBinder - Bind entity com.example.trainup.model.Review on table reviews
2025-06-13 17:24:41.590 [main] DEBUG org.hibernate.boot.model.internal.AnnotatedColumn - Binding column: AnnotatedDiscriminatorColumn(column='DTYPE')
2025-06-13 17:24:41.590 [main] DEBUG org.hibernate.boot.model.internal.AnnotatedColumn - Binding column: AnnotatedColumn()
2025-06-13 17:24:41.591 [main] DEBUG org.hibernate.boot.internal.ClassLoaderAccessImpl - Not known whether passed class name [com.example.trainup.model.Review] is safe
2025-06-13 17:24:41.591 [main] DEBUG org.hibernate.boot.internal.ClassLoaderAccessImpl - No temp ClassLoader provided; using live ClassLoader for loading potentially unsafe class : com.example.trainup.model.Review
2025-06-13 17:24:41.591 [main] DEBUG org.hibernate.boot.model.internal.PropertyBinder - MetadataSourceProcessor property id with lazy=false
2025-06-13 17:24:41.591 [main] DEBUG org.hibernate.boot.model.internal.AbstractPropertyHolder - Attempting to locate auto-apply AttributeConverter for property [com.example.trainup.model.Review:id]
2025-06-13 17:24:41.591 [main] DEBUG org.hibernate.boot.model.internal.BasicValueBinder - building BasicValue for id
2025-06-13 17:24:41.591 [main] DEBUG org.hibernate.mapping.BasicValue - Skipping column re-registration: reviews.id
2025-06-13 17:24:41.592 [main] DEBUG org.hibernate.boot.model.internal.PropertyBinder - Building property id
2025-06-13 17:24:41.592 [main] DEBUG org.hibernate.boot.model.internal.BinderHelper - #makeIdGenerator(BasicValue([Column(id)]), id, identity, , ...)
2025-06-13 17:24:41.592 [main] DEBUG org.hibernate.boot.model.internal.AnnotatedColumn - Binding column: AnnotatedJoinColumn(column='athlete_id')
2025-06-13 17:24:41.592 [main] DEBUG org.hibernate.boot.model.internal.AnnotatedColumn - Binding column: AnnotatedColumn()
2025-06-13 17:24:41.592 [main] DEBUG org.hibernate.boot.model.internal.PropertyBinder - Building property author
2025-06-13 17:24:41.593 [main] DEBUG org.hibernate.boot.model.internal.AnnotatedColumn - Binding column: AnnotatedColumn()
2025-06-13 17:24:41.593 [main] DEBUG org.hibernate.boot.model.internal.PropertyBinder - MetadataSourceProcessor property description with lazy=false
2025-06-13 17:24:41.594 [main] DEBUG org.hibernate.boot.model.internal.AbstractPropertyHolder - Attempting to locate auto-apply AttributeConverter for property [com.example.trainup.model.Review:description]
2025-06-13 17:24:41.594 [main] DEBUG org.hibernate.boot.model.internal.BasicValueBinder - building BasicValue for description
2025-06-13 17:24:41.594 [main] DEBUG org.hibernate.mapping.BasicValue - Skipping column re-registration: reviews.description
2025-06-13 17:24:41.595 [main] DEBUG org.hibernate.boot.model.internal.PropertyBinder - Building property description
2025-06-13 17:24:41.595 [main] DEBUG org.hibernate.boot.model.internal.AnnotatedColumn - Binding column: AnnotatedJoinColumn(column='gym_id')
2025-06-13 17:24:41.599 [main] DEBUG org.hibernate.boot.model.internal.AnnotatedColumn - Binding column: AnnotatedColumn()
2025-06-13 17:24:41.599 [main] DEBUG org.hibernate.boot.model.internal.PropertyBinder - Building property gym
2025-06-13 17:24:41.600 [main] DEBUG org.hibernate.boot.model.internal.AnnotatedColumn - Binding column: AnnotatedColumn()
2025-06-13 17:24:41.600 [main] DEBUG org.hibernate.boot.model.internal.PropertyBinder - MetadataSourceProcessor property rating with lazy=false
2025-06-13 17:24:41.600 [main] DEBUG org.hibernate.boot.model.internal.AbstractPropertyHolder - Attempting to locate auto-apply AttributeConverter for property [com.example.trainup.model.Review:rating]
2025-06-13 17:24:41.601 [main] DEBUG org.hibernate.boot.model.internal.BasicValueBinder - building BasicValue for rating
2025-06-13 17:24:41.601 [main] DEBUG org.hibernate.mapping.BasicValue - Skipping column re-registration: reviews.rating
2025-06-13 17:24:41.601 [main] DEBUG org.hibernate.boot.model.internal.PropertyBinder - Building property rating
2025-06-13 17:24:41.602 [main] DEBUG org.hibernate.boot.model.internal.AnnotatedColumn - Binding column: AnnotatedJoinColumn(column='trainer_id')
2025-06-13 17:24:41.603 [main] DEBUG org.hibernate.boot.model.internal.AnnotatedColumn - Binding column: AnnotatedColumn()
2025-06-13 17:24:41.603 [main] DEBUG org.hibernate.boot.model.internal.PropertyBinder - Building property trainer
2025-06-13 17:24:41.622 [main] DEBUG org.hibernate.boot.registry.classloading.internal.ClassLoaderServiceImpl - HHH000194: Package not found or no package-info.java: com.example.trainup.model
2025-06-13 17:24:41.622 [main] DEBUG org.hibernate.boot.model.internal.EntityBinder - Binding entity from annotated class: com.example.trainup.model.Role
2025-06-13 17:24:41.623 [main] DEBUG org.hibernate.boot.model.internal.EntityBinder - Import with entity name Role
2025-06-13 17:24:41.623 [main] DEBUG org.hibernate.boot.model.internal.EntityBinder - Bind entity com.example.trainup.model.Role on table roles
2025-06-13 17:24:41.623 [main] DEBUG org.hibernate.boot.model.internal.AnnotatedColumn - Binding column: AnnotatedDiscriminatorColumn(column='DTYPE')
2025-06-13 17:24:41.624 [main] DEBUG org.hibernate.boot.model.internal.AnnotatedColumn - Binding column: AnnotatedColumn()
2025-06-13 17:24:41.624 [main] DEBUG org.hibernate.boot.internal.ClassLoaderAccessImpl - Not known whether passed class name [com.example.trainup.model.Role] is safe
2025-06-13 17:24:41.624 [main] DEBUG org.hibernate.boot.internal.ClassLoaderAccessImpl - No temp ClassLoader provided; using live ClassLoader for loading potentially unsafe class : com.example.trainup.model.Role
2025-06-13 17:24:41.624 [main] DEBUG org.hibernate.boot.model.internal.PropertyBinder - MetadataSourceProcessor property id with lazy=false
2025-06-13 17:24:41.625 [main] DEBUG org.hibernate.boot.model.internal.AbstractPropertyHolder - Attempting to locate auto-apply AttributeConverter for property [com.example.trainup.model.Role:id]
2025-06-13 17:24:41.625 [main] DEBUG org.hibernate.boot.model.internal.BasicValueBinder - building BasicValue for id
2025-06-13 17:24:41.625 [main] DEBUG org.hibernate.mapping.BasicValue - Skipping column re-registration: roles.id
2025-06-13 17:24:41.625 [main] DEBUG org.hibernate.boot.model.internal.PropertyBinder - Building property id
2025-06-13 17:24:41.625 [main] DEBUG org.hibernate.boot.model.internal.BinderHelper - #makeIdGenerator(BasicValue([Column(id)]), id, identity, , ...)
2025-06-13 17:24:41.626 [main] DEBUG org.hibernate.boot.model.internal.AnnotatedColumn - Binding column: AnnotatedColumn()
2025-06-13 17:24:41.626 [main] DEBUG org.hibernate.boot.model.internal.PropertyBinder - MetadataSourceProcessor property name with lazy=false
2025-06-13 17:24:41.626 [main] DEBUG org.hibernate.boot.model.internal.AbstractPropertyHolder - Attempting to locate auto-apply AttributeConverter for property [com.example.trainup.model.Role:name]
2025-06-13 17:24:41.626 [main] DEBUG org.hibernate.boot.model.internal.BasicValueBinder - building BasicValue for name
2025-06-13 17:24:41.626 [main] DEBUG org.hibernate.mapping.BasicValue - Skipping column re-registration: roles.name
2025-06-13 17:24:41.626 [main] DEBUG org.hibernate.boot.model.internal.PropertyBinder - Building property name
2025-06-13 17:24:41.639 [main] DEBUG org.hibernate.boot.registry.classloading.internal.ClassLoaderServiceImpl - HHH000194: Package not found or no package-info.java: com.example.trainup.model
2025-06-13 17:24:41.639 [main] DEBUG org.hibernate.boot.model.internal.EntityBinder - Binding entity from annotated class: com.example.trainup.model.Sport
2025-06-13 17:24:41.639 [main] DEBUG org.hibernate.boot.model.internal.EntityBinder - Import with entity name Sport
2025-06-13 17:24:41.640 [main] DEBUG org.hibernate.boot.model.internal.EntityBinder - Bind entity com.example.trainup.model.Sport on table sports
2025-06-13 17:24:41.640 [main] DEBUG org.hibernate.boot.model.internal.AnnotatedColumn - Binding column: AnnotatedDiscriminatorColumn(column='DTYPE')
2025-06-13 17:24:41.641 [main] DEBUG org.hibernate.boot.model.internal.AnnotatedColumn - Binding column: AnnotatedColumn()
2025-06-13 17:24:41.641 [main] DEBUG org.hibernate.boot.internal.ClassLoaderAccessImpl - Not known whether passed class name [com.example.trainup.model.Sport] is safe
2025-06-13 17:24:41.641 [main] DEBUG org.hibernate.boot.internal.ClassLoaderAccessImpl - No temp ClassLoader provided; using live ClassLoader for loading potentially unsafe class : com.example.trainup.model.Sport
2025-06-13 17:24:41.641 [main] DEBUG org.hibernate.boot.model.internal.PropertyBinder - MetadataSourceProcessor property id with lazy=false
2025-06-13 17:24:41.641 [main] DEBUG org.hibernate.boot.model.internal.AbstractPropertyHolder - Attempting to locate auto-apply AttributeConverter for property [com.example.trainup.model.Sport:id]
2025-06-13 17:24:41.641 [main] DEBUG org.hibernate.boot.model.internal.BasicValueBinder - building BasicValue for id
2025-06-13 17:24:41.642 [main] DEBUG org.hibernate.mapping.BasicValue - Skipping column re-registration: sports.id
2025-06-13 17:24:41.642 [main] DEBUG org.hibernate.boot.model.internal.PropertyBinder - Building property id
2025-06-13 17:24:41.642 [main] DEBUG org.hibernate.boot.model.internal.BinderHelper - #makeIdGenerator(BasicValue([Column(id)]), id, identity, , ...)
2025-06-13 17:24:41.642 [main] DEBUG org.hibernate.boot.model.internal.AnnotatedColumn - Binding column: IndexColumn(column='athletes_ORDER')
2025-06-13 17:24:41.643 [main] DEBUG org.hibernate.boot.model.internal.AnnotatedColumn - Binding column: AnnotatedColumn()
2025-06-13 17:24:41.643 [main] DEBUG org.hibernate.boot.model.internal.AnnotatedColumn - Binding column: AnnotatedColumn(column='athletes_KEY')
2025-06-13 17:24:41.643 [main] DEBUG org.hibernate.boot.model.internal.AnnotatedColumn - Binding column: AnnotatedJoinColumn(column='athletes_KEY')
2025-06-13 17:24:41.643 [main] DEBUG org.hibernate.boot.model.internal.AnnotatedColumn - Binding column: AnnotatedJoinColumn(column='sport_id')
2025-06-13 17:24:41.643 [main] DEBUG org.hibernate.boot.model.internal.AnnotatedColumn - Binding column: AnnotatedJoinColumn(column='athlete_id')
2025-06-13 17:24:41.643 [main] DEBUG org.hibernate.boot.model.internal.CollectionBinder - Collection role: com.example.trainup.model.Sport.athletes
2025-06-13 17:24:41.644 [main] DEBUG org.hibernate.boot.model.internal.PropertyBinder - Building property athletes
2025-06-13 17:24:41.644 [main] DEBUG org.hibernate.boot.model.internal.AnnotatedColumn - Binding column: IndexColumn(column='gyms_ORDER')
2025-06-13 17:24:41.644 [main] DEBUG org.hibernate.boot.model.internal.AnnotatedColumn - Binding column: AnnotatedColumn()
2025-06-13 17:24:41.644 [main] DEBUG org.hibernate.boot.model.internal.AnnotatedColumn - Binding column: AnnotatedColumn(column='gyms_KEY')
2025-06-13 17:24:41.644 [main] DEBUG org.hibernate.boot.model.internal.AnnotatedColumn - Binding column: AnnotatedJoinColumn(column='gyms_KEY')
2025-06-13 17:24:41.644 [main] DEBUG org.hibernate.boot.model.internal.AnnotatedColumn - Binding column: AnnotatedJoinColumn()
2025-06-13 17:24:41.645 [main] DEBUG org.hibernate.boot.model.internal.AnnotatedColumn - Binding column: AnnotatedJoinColumn()
2025-06-13 17:24:41.645 [main] DEBUG org.hibernate.boot.model.internal.CollectionBinder - Collection role: com.example.trainup.model.Sport.gyms
2025-06-13 17:24:41.645 [main] DEBUG org.hibernate.boot.model.internal.PropertyBinder - Building property gyms
2025-06-13 17:24:41.645 [main] DEBUG org.hibernate.boot.model.internal.AnnotatedColumn - Binding column: AnnotatedColumn()
2025-06-13 17:24:41.645 [main] DEBUG org.hibernate.boot.model.internal.PropertyBinder - MetadataSourceProcessor property isDeleted with lazy=false
2025-06-13 17:24:41.645 [main] DEBUG org.hibernate.boot.model.internal.AbstractPropertyHolder - Attempting to locate auto-apply AttributeConverter for property [com.example.trainup.model.Sport:isDeleted]
2025-06-13 17:24:41.646 [main] DEBUG org.hibernate.boot.model.internal.BasicValueBinder - building BasicValue for isDeleted
2025-06-13 17:24:41.646 [main] DEBUG org.hibernate.mapping.BasicValue - Skipping column re-registration: sports.is_deleted
2025-06-13 17:24:41.646 [main] DEBUG org.hibernate.boot.model.internal.PropertyBinder - Building property isDeleted
2025-06-13 17:24:41.646 [main] DEBUG org.hibernate.boot.model.internal.AnnotatedColumn - Binding column: AnnotatedColumn()
2025-06-13 17:24:41.646 [main] DEBUG org.hibernate.boot.model.internal.PropertyBinder - MetadataSourceProcessor property sportName with lazy=false
2025-06-13 17:24:41.647 [main] DEBUG org.hibernate.boot.model.internal.AbstractPropertyHolder - Attempting to locate auto-apply AttributeConverter for property [com.example.trainup.model.Sport:sportName]
2025-06-13 17:24:41.647 [main] DEBUG org.hibernate.boot.model.internal.BasicValueBinder - building BasicValue for sportName
2025-06-13 17:24:41.647 [main] DEBUG org.hibernate.mapping.BasicValue - Skipping column re-registration: sports.sport_name
2025-06-13 17:24:41.647 [main] DEBUG org.hibernate.boot.model.internal.PropertyBinder - Building property sportName
2025-06-13 17:24:41.648 [main] DEBUG org.hibernate.boot.model.internal.AnnotatedColumn - Binding column: IndexColumn(column='trainers_ORDER')
2025-06-13 17:24:41.648 [main] DEBUG org.hibernate.boot.model.internal.AnnotatedColumn - Binding column: AnnotatedColumn()
2025-06-13 17:24:41.648 [main] DEBUG org.hibernate.boot.model.internal.AnnotatedColumn - Binding column: AnnotatedColumn(column='trainers_KEY')
2025-06-13 17:24:41.648 [main] DEBUG org.hibernate.boot.model.internal.AnnotatedColumn - Binding column: AnnotatedJoinColumn(column='trainers_KEY')
2025-06-13 17:24:41.648 [main] DEBUG org.hibernate.boot.model.internal.AnnotatedColumn - Binding column: AnnotatedJoinColumn()
2025-06-13 17:24:41.648 [main] DEBUG org.hibernate.boot.model.internal.AnnotatedColumn - Binding column: AnnotatedJoinColumn()
2025-06-13 17:24:41.649 [main] DEBUG org.hibernate.boot.model.internal.CollectionBinder - Collection role: com.example.trainup.model.Sport.trainers
2025-06-13 17:24:41.649 [main] DEBUG org.hibernate.boot.model.internal.PropertyBinder - Building property trainers
2025-06-13 17:24:41.661 [main] DEBUG org.hibernate.boot.registry.classloading.internal.ClassLoaderServiceImpl - HHH000194: Package not found or no package-info.java: com.example.trainup.model
2025-06-13 17:24:41.662 [main] DEBUG org.hibernate.boot.model.internal.EntityBinder - Binding entity from annotated class: com.example.trainup.model.user.Admin
2025-06-13 17:24:41.662 [main] DEBUG org.hibernate.boot.model.internal.EntityBinder - Import with entity name Admin
2025-06-13 17:24:41.662 [main] DEBUG org.hibernate.boot.model.internal.EntityBinder - Bind entity com.example.trainup.model.user.Admin on table admins
2025-06-13 17:24:41.662 [main] DEBUG org.hibernate.boot.model.internal.AnnotatedColumn - Binding column: AnnotatedDiscriminatorColumn(column='DTYPE')
2025-06-13 17:24:41.663 [main] DEBUG org.hibernate.boot.model.internal.AnnotatedColumn - Binding column: AnnotatedColumn()
2025-06-13 17:24:41.663 [main] DEBUG org.hibernate.boot.internal.ClassLoaderAccessImpl - Not known whether passed class name [com.example.trainup.model.user.Admin] is safe
2025-06-13 17:24:41.663 [main] DEBUG org.hibernate.boot.internal.ClassLoaderAccessImpl - No temp ClassLoader provided; using live ClassLoader for loading potentially unsafe class : com.example.trainup.model.user.Admin
2025-06-13 17:24:41.663 [main] DEBUG org.hibernate.boot.model.internal.PropertyBinder - MetadataSourceProcessor property id with lazy=false
2025-06-13 17:24:41.664 [main] DEBUG org.hibernate.boot.model.internal.AbstractPropertyHolder - Attempting to locate auto-apply AttributeConverter for property [com.example.trainup.model.user.Admin:id]
2025-06-13 17:24:41.664 [main] DEBUG org.hibernate.boot.model.internal.BasicValueBinder - building BasicValue for id
2025-06-13 17:24:41.664 [main] DEBUG org.hibernate.mapping.BasicValue - Skipping column re-registration: admins.id
2025-06-13 17:24:41.664 [main] DEBUG org.hibernate.boot.model.internal.PropertyBinder - Building property id
2025-06-13 17:24:41.664 [main] DEBUG org.hibernate.boot.model.internal.BinderHelper - #makeIdGenerator(BasicValue([Column(id)]), id, identity, , ...)
2025-06-13 17:24:41.665 [main] DEBUG org.hibernate.boot.model.internal.AnnotatedColumn - Binding column: AnnotatedColumn()
2025-06-13 17:24:41.665 [main] DEBUG org.hibernate.boot.model.internal.PropertyBinder - MetadataSourceProcessor property dateOfBirth with lazy=false
2025-06-13 17:24:41.665 [main] DEBUG org.hibernate.boot.model.internal.AbstractPropertyHolder - Attempting to locate auto-apply AttributeConverter for property [com.example.trainup.model.user.Admin:dateOfBirth]
2025-06-13 17:24:41.665 [main] DEBUG org.hibernate.boot.model.internal.BasicValueBinder - building BasicValue for dateOfBirth
2025-06-13 17:24:41.665 [main] DEBUG org.hibernate.mapping.BasicValue - Skipping column re-registration: admins.date_of_birth
2025-06-13 17:24:41.665 [main] DEBUG org.hibernate.boot.model.internal.PropertyBinder - Building property dateOfBirth
2025-06-13 17:24:41.666 [main] DEBUG org.hibernate.boot.model.internal.AnnotatedColumn - Binding column: AnnotatedColumn()
2025-06-13 17:24:41.666 [main] DEBUG org.hibernate.boot.model.internal.PropertyBinder - MetadataSourceProcessor property firstName with lazy=false
2025-06-13 17:24:41.666 [main] DEBUG org.hibernate.boot.model.internal.AbstractPropertyHolder - Attempting to locate auto-apply AttributeConverter for property [com.example.trainup.model.user.Admin:firstName]
2025-06-13 17:24:41.666 [main] DEBUG org.hibernate.boot.model.internal.BasicValueBinder - building BasicValue for firstName
2025-06-13 17:24:41.666 [main] DEBUG org.hibernate.mapping.BasicValue - Skipping column re-registration: admins.first_name
2025-06-13 17:24:41.667 [main] DEBUG org.hibernate.boot.model.internal.PropertyBinder - Building property firstName
2025-06-13 17:24:41.667 [main] DEBUG org.hibernate.boot.model.internal.AnnotatedColumn - Binding column: AnnotatedColumn()
2025-06-13 17:24:41.667 [main] DEBUG org.hibernate.boot.model.internal.PropertyBinder - MetadataSourceProcessor property gender with lazy=false
2025-06-13 17:24:41.667 [main] DEBUG org.hibernate.boot.model.internal.AbstractPropertyHolder - Attempting to locate auto-apply AttributeConverter for property [com.example.trainup.model.user.Admin:gender]
2025-06-13 17:24:41.667 [main] DEBUG org.hibernate.boot.model.internal.BasicValueBinder - building BasicValue for gender
2025-06-13 17:24:41.667 [main] DEBUG org.hibernate.mapping.BasicValue - Skipping column re-registration: admins.gender
2025-06-13 17:24:41.668 [main] DEBUG org.hibernate.boot.model.internal.PropertyBinder - Building property gender
2025-06-13 17:24:41.668 [main] DEBUG org.hibernate.boot.model.internal.AnnotatedColumn - Binding column: AnnotatedColumn()
2025-06-13 17:24:41.668 [main] DEBUG org.hibernate.boot.model.internal.PropertyBinder - MetadataSourceProcessor property isDeleted with lazy=false
2025-06-13 17:24:41.668 [main] DEBUG org.hibernate.boot.model.internal.AbstractPropertyHolder - Attempting to locate auto-apply AttributeConverter for property [com.example.trainup.model.user.Admin:isDeleted]
2025-06-13 17:24:41.668 [main] DEBUG org.hibernate.boot.model.internal.BasicValueBinder - building BasicValue for isDeleted
2025-06-13 17:24:41.669 [main] DEBUG org.hibernate.mapping.BasicValue - Skipping column re-registration: admins.is_deleted
2025-06-13 17:24:41.669 [main] DEBUG org.hibernate.boot.model.internal.PropertyBinder - Building property isDeleted
2025-06-13 17:24:41.669 [main] DEBUG org.hibernate.boot.model.internal.AnnotatedColumn - Binding column: AnnotatedColumn()
2025-06-13 17:24:41.669 [main] DEBUG org.hibernate.boot.model.internal.PropertyBinder - MetadataSourceProcessor property lastName with lazy=false
2025-06-13 17:24:41.669 [main] DEBUG org.hibernate.boot.model.internal.AbstractPropertyHolder - Attempting to locate auto-apply AttributeConverter for property [com.example.trainup.model.user.Admin:lastName]
2025-06-13 17:24:41.670 [main] DEBUG org.hibernate.boot.model.internal.BasicValueBinder - building BasicValue for lastName
2025-06-13 17:24:41.670 [main] DEBUG org.hibernate.mapping.BasicValue - Skipping column re-registration: admins.last_name
2025-06-13 17:24:41.670 [main] DEBUG org.hibernate.boot.model.internal.PropertyBinder - Building property lastName
2025-06-13 17:24:41.670 [main] DEBUG org.hibernate.boot.model.internal.AnnotatedColumn - Binding column: AnnotatedColumn()
2025-06-13 17:24:41.670 [main] DEBUG org.hibernate.boot.model.internal.PropertyBinder - MetadataSourceProcessor property profileImageUrl with lazy=false
2025-06-13 17:24:41.670 [main] DEBUG org.hibernate.boot.model.internal.AbstractPropertyHolder - Attempting to locate auto-apply AttributeConverter for property [com.example.trainup.model.user.Admin:profileImageUrl]
2025-06-13 17:24:41.671 [main] DEBUG org.hibernate.boot.model.internal.BasicValueBinder - building BasicValue for profileImageUrl
2025-06-13 17:24:41.671 [main] DEBUG org.hibernate.mapping.BasicValue - Skipping column re-registration: admins.profile_image_url
2025-06-13 17:24:41.671 [main] DEBUG org.hibernate.boot.model.internal.PropertyBinder - Building property profileImageUrl
2025-06-13 17:24:41.671 [main] DEBUG org.hibernate.boot.model.internal.AnnotatedColumn - Binding column: AnnotatedJoinColumn(column='user_credentials_id')
2025-06-13 17:24:41.671 [main] DEBUG org.hibernate.boot.model.internal.AnnotatedColumn - Binding column: AnnotatedColumn()
2025-06-13 17:24:41.672 [main] DEBUG org.hibernate.boot.model.internal.PropertyBinder - Building property userCredentials
2025-06-13 17:24:41.688 [main] DEBUG org.hibernate.boot.registry.classloading.internal.ClassLoaderServiceImpl - HHH000194: Package not found or no package-info.java: com.example.trainup.model.user
2025-06-13 17:24:41.689 [main] DEBUG org.hibernate.boot.model.internal.EntityBinder - Binding entity from annotated class: com.example.trainup.model.user.Athlete
2025-06-13 17:24:41.690 [main] DEBUG org.hibernate.boot.model.internal.EntityBinder - Import with entity name Athlete
2025-06-13 17:24:41.690 [main] DEBUG org.hibernate.boot.model.internal.EntityBinder - Bind entity com.example.trainup.model.user.Athlete on table athletes
2025-06-13 17:24:41.690 [main] DEBUG org.hibernate.boot.model.internal.AnnotatedColumn - Binding column: AnnotatedDiscriminatorColumn(column='DTYPE')
2025-06-13 17:24:41.691 [main] DEBUG org.hibernate.boot.model.internal.AnnotatedColumn - Binding column: AnnotatedColumn()
2025-06-13 17:24:41.691 [main] DEBUG org.hibernate.boot.internal.ClassLoaderAccessImpl - Not known whether passed class name [com.example.trainup.model.user.Athlete] is safe
2025-06-13 17:24:41.691 [main] DEBUG org.hibernate.boot.internal.ClassLoaderAccessImpl - No temp ClassLoader provided; using live ClassLoader for loading potentially unsafe class : com.example.trainup.model.user.Athlete
2025-06-13 17:24:41.692 [main] DEBUG org.hibernate.boot.model.internal.PropertyBinder - MetadataSourceProcessor property id with lazy=false
2025-06-13 17:24:41.692 [main] DEBUG org.hibernate.boot.model.internal.AbstractPropertyHolder - Attempting to locate auto-apply AttributeConverter for property [com.example.trainup.model.user.Athlete:id]
2025-06-13 17:24:41.692 [main] DEBUG org.hibernate.boot.model.internal.BasicValueBinder - building BasicValue for id
2025-06-13 17:24:41.692 [main] DEBUG org.hibernate.mapping.BasicValue - Skipping column re-registration: athletes.id
2025-06-13 17:24:41.693 [main] DEBUG org.hibernate.boot.model.internal.PropertyBinder - Building property id
2025-06-13 17:24:41.693 [main] DEBUG org.hibernate.boot.model.internal.BinderHelper - #makeIdGenerator(BasicValue([Column(id)]), id, identity, , ...)
2025-06-13 17:24:41.693 [main] DEBUG org.hibernate.boot.model.internal.AnnotatedColumn - Binding column: AnnotatedColumn()
2025-06-13 17:24:41.693 [main] DEBUG org.hibernate.boot.model.internal.PropertyBinder - MetadataSourceProcessor property dateOfBirth with lazy=false
2025-06-13 17:24:41.694 [main] DEBUG org.hibernate.boot.model.internal.AbstractPropertyHolder - Attempting to locate auto-apply AttributeConverter for property [com.example.trainup.model.user.Athlete:dateOfBirth]
2025-06-13 17:24:41.694 [main] DEBUG org.hibernate.boot.model.internal.BasicValueBinder - building BasicValue for dateOfBirth
2025-06-13 17:24:41.694 [main] DEBUG org.hibernate.mapping.BasicValue - Skipping column re-registration: athletes.date_of_birth
2025-06-13 17:24:41.694 [main] DEBUG org.hibernate.boot.model.internal.PropertyBinder - Building property dateOfBirth
2025-06-13 17:24:41.695 [main] DEBUG org.hibernate.boot.model.internal.AnnotatedColumn - Binding column: AnnotatedColumn()
2025-06-13 17:24:41.695 [main] DEBUG org.hibernate.boot.model.internal.PropertyBinder - MetadataSourceProcessor property firstName with lazy=false
2025-06-13 17:24:41.695 [main] DEBUG org.hibernate.boot.model.internal.AbstractPropertyHolder - Attempting to locate auto-apply AttributeConverter for property [com.example.trainup.model.user.Athlete:firstName]
2025-06-13 17:24:41.695 [main] DEBUG org.hibernate.boot.model.internal.BasicValueBinder - building BasicValue for firstName
2025-06-13 17:24:41.695 [main] DEBUG org.hibernate.mapping.BasicValue - Skipping column re-registration: athletes.first_name
2025-06-13 17:24:41.695 [main] DEBUG org.hibernate.boot.model.internal.PropertyBinder - Building property firstName
2025-06-13 17:24:41.696 [main] DEBUG org.hibernate.boot.model.internal.AnnotatedColumn - Binding column: AnnotatedColumn()
2025-06-13 17:24:41.696 [main] DEBUG org.hibernate.boot.model.internal.PropertyBinder - MetadataSourceProcessor property gender with lazy=false
2025-06-13 17:24:41.696 [main] DEBUG org.hibernate.boot.model.internal.AbstractPropertyHolder - Attempting to locate auto-apply AttributeConverter for property [com.example.trainup.model.user.Athlete:gender]
2025-06-13 17:24:41.696 [main] DEBUG org.hibernate.boot.model.internal.BasicValueBinder - building BasicValue for gender
2025-06-13 17:24:41.696 [main] DEBUG org.hibernate.mapping.BasicValue - Skipping column re-registration: athletes.gender
2025-06-13 17:24:41.696 [main] DEBUG org.hibernate.boot.model.internal.PropertyBinder - Building property gender
2025-06-13 17:24:41.697 [main] DEBUG org.hibernate.boot.model.internal.AnnotatedColumn - Binding column: AnnotatedColumn()
2025-06-13 17:24:41.697 [main] DEBUG org.hibernate.boot.model.internal.PropertyBinder - MetadataSourceProcessor property isDeleted with lazy=false
2025-06-13 17:24:41.697 [main] DEBUG org.hibernate.boot.model.internal.AbstractPropertyHolder - Attempting to locate auto-apply AttributeConverter for property [com.example.trainup.model.user.Athlete:isDeleted]
2025-06-13 17:24:41.697 [main] DEBUG org.hibernate.boot.model.internal.BasicValueBinder - building BasicValue for isDeleted
2025-06-13 17:24:41.697 [main] DEBUG org.hibernate.mapping.BasicValue - Skipping column re-registration: athletes.is_deleted
2025-06-13 17:24:41.697 [main] DEBUG org.hibernate.boot.model.internal.PropertyBinder - Building property isDeleted
2025-06-13 17:24:41.698 [main] DEBUG org.hibernate.boot.model.internal.AnnotatedColumn - Binding column: AnnotatedColumn()
2025-06-13 17:24:41.698 [main] DEBUG org.hibernate.boot.model.internal.PropertyBinder - MetadataSourceProcessor property lastName with lazy=false
2025-06-13 17:24:41.698 [main] DEBUG org.hibernate.boot.model.internal.AbstractPropertyHolder - Attempting to locate auto-apply AttributeConverter for property [com.example.trainup.model.user.Athlete:lastName]
2025-06-13 17:24:41.698 [main] DEBUG org.hibernate.boot.model.internal.BasicValueBinder - building BasicValue for lastName
2025-06-13 17:24:41.698 [main] DEBUG org.hibernate.mapping.BasicValue - Skipping column re-registration: athletes.last_name
2025-06-13 17:24:41.698 [main] DEBUG org.hibernate.boot.model.internal.PropertyBinder - Building property lastName
2025-06-13 17:24:41.699 [main] DEBUG org.hibernate.boot.model.internal.AnnotatedColumn - Binding column: AnnotatedColumn()
2025-06-13 17:24:41.699 [main] DEBUG org.hibernate.boot.model.internal.PropertyBinder - MetadataSourceProcessor property profileImageUrl with lazy=false
2025-06-13 17:24:41.699 [main] DEBUG org.hibernate.boot.model.internal.AbstractPropertyHolder - Attempting to locate auto-apply AttributeConverter for property [com.example.trainup.model.user.Athlete:profileImageUrl]
2025-06-13 17:24:41.699 [main] DEBUG org.hibernate.boot.model.internal.BasicValueBinder - building BasicValue for profileImageUrl
2025-06-13 17:24:41.699 [main] DEBUG org.hibernate.mapping.BasicValue - Skipping column re-registration: athletes.profile_image_url
2025-06-13 17:24:41.700 [main] DEBUG org.hibernate.boot.model.internal.PropertyBinder - Building property profileImageUrl
2025-06-13 17:24:41.700 [main] DEBUG org.hibernate.boot.model.internal.AnnotatedColumn - Binding column: AnnotatedJoinColumn(column='user_credentials_id')
2025-06-13 17:24:41.700 [main] DEBUG org.hibernate.boot.model.internal.AnnotatedColumn - Binding column: AnnotatedColumn()
2025-06-13 17:24:41.701 [main] DEBUG org.hibernate.boot.model.internal.PropertyBinder - Building property userCredentials
2025-06-13 17:24:41.701 [main] DEBUG org.hibernate.boot.model.internal.AnnotatedColumn - Binding column: AnnotatedColumn()
2025-06-13 17:24:41.701 [main] DEBUG org.hibernate.boot.model.internal.PropertyBinder - MetadataSourceProcessor property emailPermission with lazy=false
2025-06-13 17:24:41.701 [main] DEBUG org.hibernate.boot.model.internal.AbstractPropertyHolder - Attempting to locate auto-apply AttributeConverter for property [com.example.trainup.model.user.Athlete:emailPermission]
2025-06-13 17:24:41.701 [main] DEBUG org.hibernate.boot.model.internal.BasicValueBinder - building BasicValue for emailPermission
2025-06-13 17:24:41.701 [main] DEBUG org.hibernate.mapping.BasicValue - Skipping column re-registration: athletes.email_permission
2025-06-13 17:24:41.702 [main] DEBUG org.hibernate.boot.model.internal.PropertyBinder - Building property emailPermission
2025-06-13 17:24:41.702 [main] DEBUG org.hibernate.boot.model.internal.AnnotatedColumn - Binding column: AnnotatedJoinColumn()
2025-06-13 17:24:41.702 [main] DEBUG org.hibernate.boot.model.internal.AnnotatedColumn - Binding column: AnnotatedColumn()
2025-06-13 17:24:41.702 [main] DEBUG org.hibernate.boot.model.internal.AnnotatedColumn - Binding column: IndexColumn(column='phoneNumbers_ORDER')
2025-06-13 17:24:41.702 [main] DEBUG org.hibernate.boot.model.internal.AnnotatedColumn - Binding column: AnnotatedColumn()
2025-06-13 17:24:41.702 [main] DEBUG org.hibernate.boot.model.internal.AnnotatedColumn - Binding column: AnnotatedColumn(column='phoneNumbers_KEY')
2025-06-13 17:24:41.703 [main] DEBUG org.hibernate.boot.model.internal.AnnotatedColumn - Binding column: AnnotatedJoinColumn(column='phoneNumbers_KEY')
2025-06-13 17:24:41.703 [main] DEBUG org.hibernate.boot.model.internal.AnnotatedColumn - Binding column: AnnotatedJoinColumn(column='athlete_id')
2025-06-13 17:24:41.703 [main] DEBUG org.hibernate.boot.model.internal.AnnotatedColumn - Binding column: AnnotatedJoinColumn()
2025-06-13 17:24:41.703 [main] DEBUG org.hibernate.boot.model.internal.CollectionBinder - Collection role: com.example.trainup.model.user.Athlete.phoneNumbers
2025-06-13 17:24:41.703 [main] DEBUG org.hibernate.boot.model.internal.PropertyBinder - Building property phoneNumbers
2025-06-13 17:24:41.703 [main] DEBUG org.hibernate.boot.model.internal.AnnotatedColumn - Binding column: AnnotatedColumn()
2025-06-13 17:24:41.704 [main] DEBUG org.hibernate.boot.model.internal.PropertyBinder - MetadataSourceProcessor property phonePermission with lazy=false
2025-06-13 17:24:41.704 [main] DEBUG org.hibernate.boot.model.internal.AbstractPropertyHolder - Attempting to locate auto-apply AttributeConverter for property [com.example.trainup.model.user.Athlete:phonePermission]
2025-06-13 17:24:41.704 [main] DEBUG org.hibernate.boot.model.internal.BasicValueBinder - building BasicValue for phonePermission
2025-06-13 17:24:41.704 [main] DEBUG org.hibernate.mapping.BasicValue - Skipping column re-registration: athletes.phone_permission
2025-06-13 17:24:41.704 [main] DEBUG org.hibernate.boot.model.internal.PropertyBinder - Building property phonePermission
2025-06-13 17:24:41.704 [main] DEBUG org.hibernate.boot.model.internal.AnnotatedColumn - Binding column: IndexColumn(column='sports_ORDER')
2025-06-13 17:24:41.705 [main] DEBUG org.hibernate.boot.model.internal.AnnotatedColumn - Binding column: AnnotatedColumn()
2025-06-13 17:24:41.705 [main] DEBUG org.hibernate.boot.model.internal.AnnotatedColumn - Binding column: AnnotatedColumn(column='sports_KEY')
2025-06-13 17:24:41.705 [main] DEBUG org.hibernate.boot.model.internal.AnnotatedColumn - Binding column: AnnotatedJoinColumn(column='sports_KEY')
2025-06-13 17:24:41.705 [main] DEBUG org.hibernate.boot.model.internal.AnnotatedColumn - Binding column: AnnotatedJoinColumn()
2025-06-13 17:24:41.705 [main] DEBUG org.hibernate.boot.model.internal.AnnotatedColumn - Binding column: AnnotatedJoinColumn()
2025-06-13 17:24:41.705 [main] DEBUG org.hibernate.boot.model.internal.CollectionBinder - Collection role: com.example.trainup.model.user.Athlete.sports
2025-06-13 17:24:41.706 [main] DEBUG org.hibernate.boot.model.internal.PropertyBinder - Building property sports
2025-06-13 17:24:41.719 [main] DEBUG org.hibernate.boot.registry.classloading.internal.ClassLoaderServiceImpl - HHH000194: Package not found or no package-info.java: com.example.trainup.model.user
2025-06-13 17:24:41.719 [main] DEBUG org.hibernate.boot.model.internal.EntityBinder - Binding entity from annotated class: com.example.trainup.model.user.GymOwner
2025-06-13 17:24:41.720 [main] DEBUG org.hibernate.boot.model.internal.EntityBinder - Import with entity name GymOwner
2025-06-13 17:24:41.720 [main] DEBUG org.hibernate.boot.model.internal.EntityBinder - Bind entity com.example.trainup.model.user.GymOwner on table gym_owners
2025-06-13 17:24:41.720 [main] DEBUG org.hibernate.boot.model.internal.AnnotatedColumn - Binding column: AnnotatedDiscriminatorColumn(column='DTYPE')
2025-06-13 17:24:41.720 [main] DEBUG org.hibernate.boot.model.internal.AnnotatedColumn - Binding column: AnnotatedColumn()
2025-06-13 17:24:41.721 [main] DEBUG org.hibernate.boot.internal.ClassLoaderAccessImpl - Not known whether passed class name [com.example.trainup.model.user.GymOwner] is safe
2025-06-13 17:24:41.721 [main] DEBUG org.hibernate.boot.internal.ClassLoaderAccessImpl - No temp ClassLoader provided; using live ClassLoader for loading potentially unsafe class : com.example.trainup.model.user.GymOwner
2025-06-13 17:24:41.721 [main] DEBUG org.hibernate.boot.model.internal.PropertyBinder - MetadataSourceProcessor property id with lazy=false
2025-06-13 17:24:41.721 [main] DEBUG org.hibernate.boot.model.internal.AbstractPropertyHolder - Attempting to locate auto-apply AttributeConverter for property [com.example.trainup.model.user.GymOwner:id]
2025-06-13 17:24:41.721 [main] DEBUG org.hibernate.boot.model.internal.BasicValueBinder - building BasicValue for id
2025-06-13 17:24:41.722 [main] DEBUG org.hibernate.mapping.BasicValue - Skipping column re-registration: gym_owners.id
2025-06-13 17:24:41.722 [main] DEBUG org.hibernate.boot.model.internal.PropertyBinder - Building property id
2025-06-13 17:24:41.722 [main] DEBUG org.hibernate.boot.model.internal.BinderHelper - #makeIdGenerator(BasicValue([Column(id)]), id, identity, , ...)
2025-06-13 17:24:41.722 [main] DEBUG org.hibernate.boot.model.internal.AnnotatedColumn - Binding column: AnnotatedColumn()
2025-06-13 17:24:41.722 [main] DEBUG org.hibernate.boot.model.internal.PropertyBinder - MetadataSourceProcessor property dateOfBirth with lazy=false
2025-06-13 17:24:41.722 [main] DEBUG org.hibernate.boot.model.internal.AbstractPropertyHolder - Attempting to locate auto-apply AttributeConverter for property [com.example.trainup.model.user.GymOwner:dateOfBirth]
2025-06-13 17:24:41.722 [main] DEBUG org.hibernate.boot.model.internal.BasicValueBinder - building BasicValue for dateOfBirth
2025-06-13 17:24:41.723 [main] DEBUG org.hibernate.mapping.BasicValue - Skipping column re-registration: gym_owners.date_of_birth
2025-06-13 17:24:41.723 [main] DEBUG org.hibernate.boot.model.internal.PropertyBinder - Building property dateOfBirth
2025-06-13 17:24:41.723 [main] DEBUG org.hibernate.boot.model.internal.AnnotatedColumn - Binding column: AnnotatedColumn()
2025-06-13 17:24:41.723 [main] DEBUG org.hibernate.boot.model.internal.PropertyBinder - MetadataSourceProcessor property firstName with lazy=false
2025-06-13 17:24:41.723 [main] DEBUG org.hibernate.boot.model.internal.AbstractPropertyHolder - Attempting to locate auto-apply AttributeConverter for property [com.example.trainup.model.user.GymOwner:firstName]
2025-06-13 17:24:41.723 [main] DEBUG org.hibernate.boot.model.internal.BasicValueBinder - building BasicValue for firstName
2025-06-13 17:24:41.724 [main] DEBUG org.hibernate.mapping.BasicValue - Skipping column re-registration: gym_owners.first_name
2025-06-13 17:24:41.724 [main] DEBUG org.hibernate.boot.model.internal.PropertyBinder - Building property firstName
2025-06-13 17:24:41.724 [main] DEBUG org.hibernate.boot.model.internal.AnnotatedColumn - Binding column: AnnotatedColumn()
2025-06-13 17:24:41.724 [main] DEBUG org.hibernate.boot.model.internal.PropertyBinder - MetadataSourceProcessor property gender with lazy=false
2025-06-13 17:24:41.724 [main] DEBUG org.hibernate.boot.model.internal.AbstractPropertyHolder - Attempting to locate auto-apply AttributeConverter for property [com.example.trainup.model.user.GymOwner:gender]
2025-06-13 17:24:41.724 [main] DEBUG org.hibernate.boot.model.internal.BasicValueBinder - building BasicValue for gender
2025-06-13 17:24:41.724 [main] DEBUG org.hibernate.mapping.BasicValue - Skipping column re-registration: gym_owners.gender
2025-06-13 17:24:41.724 [main] DEBUG org.hibernate.boot.model.internal.PropertyBinder - Building property gender
2025-06-13 17:24:41.725 [main] DEBUG org.hibernate.boot.model.internal.AnnotatedColumn - Binding column: AnnotatedColumn()
2025-06-13 17:24:41.725 [main] DEBUG org.hibernate.boot.model.internal.PropertyBinder - MetadataSourceProcessor property isDeleted with lazy=false
2025-06-13 17:24:41.725 [main] DEBUG org.hibernate.boot.model.internal.AbstractPropertyHolder - Attempting to locate auto-apply AttributeConverter for property [com.example.trainup.model.user.GymOwner:isDeleted]
2025-06-13 17:24:41.725 [main] DEBUG org.hibernate.boot.model.internal.BasicValueBinder - building BasicValue for isDeleted
2025-06-13 17:24:41.725 [main] DEBUG org.hibernate.mapping.BasicValue - Skipping column re-registration: gym_owners.is_deleted
2025-06-13 17:24:41.725 [main] DEBUG org.hibernate.boot.model.internal.PropertyBinder - Building property isDeleted
2025-06-13 17:24:41.726 [main] DEBUG org.hibernate.boot.model.internal.AnnotatedColumn - Binding column: AnnotatedColumn()
2025-06-13 17:24:41.726 [main] DEBUG org.hibernate.boot.model.internal.PropertyBinder - MetadataSourceProcessor property lastName with lazy=false
2025-06-13 17:24:41.726 [main] DEBUG org.hibernate.boot.model.internal.AbstractPropertyHolder - Attempting to locate auto-apply AttributeConverter for property [com.example.trainup.model.user.GymOwner:lastName]
2025-06-13 17:24:41.726 [main] DEBUG org.hibernate.boot.model.internal.BasicValueBinder - building BasicValue for lastName
2025-06-13 17:24:41.726 [main] DEBUG org.hibernate.mapping.BasicValue - Skipping column re-registration: gym_owners.last_name
2025-06-13 17:24:41.727 [main] DEBUG org.hibernate.boot.model.internal.PropertyBinder - Building property lastName
2025-06-13 17:24:41.727 [main] DEBUG org.hibernate.boot.model.internal.AnnotatedColumn - Binding column: AnnotatedColumn()
2025-06-13 17:24:41.727 [main] DEBUG org.hibernate.boot.model.internal.PropertyBinder - MetadataSourceProcessor property profileImageUrl with lazy=false
2025-06-13 17:24:41.727 [main] DEBUG org.hibernate.boot.model.internal.AbstractPropertyHolder - Attempting to locate auto-apply AttributeConverter for property [com.example.trainup.model.user.GymOwner:profileImageUrl]
2025-06-13 17:24:41.727 [main] DEBUG org.hibernate.boot.model.internal.BasicValueBinder - building BasicValue for profileImageUrl
2025-06-13 17:24:41.727 [main] DEBUG org.hibernate.mapping.BasicValue - Skipping column re-registration: gym_owners.profile_image_url
2025-06-13 17:24:41.728 [main] DEBUG org.hibernate.boot.model.internal.PropertyBinder - Building property profileImageUrl
2025-06-13 17:24:41.728 [main] DEBUG org.hibernate.boot.model.internal.AnnotatedColumn - Binding column: AnnotatedJoinColumn(column='user_credentials_id')
2025-06-13 17:24:41.728 [main] DEBUG org.hibernate.boot.model.internal.AnnotatedColumn - Binding column: AnnotatedColumn()
2025-06-13 17:24:41.728 [main] DEBUG org.hibernate.boot.model.internal.PropertyBinder - Building property userCredentials
2025-06-13 17:24:41.728 [main] DEBUG org.hibernate.boot.model.internal.AnnotatedColumn - Binding column: AnnotatedJoinColumn()
2025-06-13 17:24:41.728 [main] DEBUG org.hibernate.boot.model.internal.AnnotatedColumn - Binding column: AnnotatedColumn()
2025-06-13 17:24:41.729 [main] DEBUG org.hibernate.boot.model.internal.AnnotatedColumn - Binding column: IndexColumn(column='ownedGyms_ORDER')
2025-06-13 17:24:41.729 [main] DEBUG org.hibernate.boot.model.internal.AnnotatedColumn - Binding column: AnnotatedColumn()
2025-06-13 17:24:41.729 [main] DEBUG org.hibernate.boot.model.internal.AnnotatedColumn - Binding column: AnnotatedColumn(column='ownedGyms_KEY')
2025-06-13 17:24:41.729 [main] DEBUG org.hibernate.boot.model.internal.AnnotatedColumn - Binding column: AnnotatedJoinColumn(column='ownedGyms_KEY')
2025-06-13 17:24:41.729 [main] DEBUG org.hibernate.boot.model.internal.AnnotatedColumn - Binding column: AnnotatedJoinColumn()
2025-06-13 17:24:41.729 [main] DEBUG org.hibernate.boot.model.internal.AnnotatedColumn - Binding column: AnnotatedJoinColumn()
2025-06-13 17:24:41.729 [main] DEBUG org.hibernate.boot.model.internal.CollectionBinder - Collection role: com.example.trainup.model.user.GymOwner.ownedGyms
2025-06-13 17:24:41.730 [main] DEBUG org.hibernate.boot.model.internal.PropertyBinder - Building property ownedGyms
2025-06-13 17:24:41.730 [main] DEBUG org.hibernate.boot.model.internal.AnnotatedColumn - Binding column: AnnotatedJoinColumn()
2025-06-13 17:24:41.730 [main] DEBUG org.hibernate.boot.model.internal.AnnotatedColumn - Binding column: AnnotatedColumn()
2025-06-13 17:24:41.730 [main] DEBUG org.hibernate.boot.model.internal.AnnotatedColumn - Binding column: IndexColumn(column='phoneNumbers_ORDER')
2025-06-13 17:24:41.730 [main] DEBUG org.hibernate.boot.model.internal.AnnotatedColumn - Binding column: AnnotatedColumn()
2025-06-13 17:24:41.730 [main] DEBUG org.hibernate.boot.model.internal.AnnotatedColumn - Binding column: AnnotatedColumn(column='phoneNumbers_KEY')
2025-06-13 17:24:41.731 [main] DEBUG org.hibernate.boot.model.internal.AnnotatedColumn - Binding column: AnnotatedJoinColumn(column='phoneNumbers_KEY')
2025-06-13 17:24:41.731 [main] DEBUG org.hibernate.boot.model.internal.AnnotatedColumn - Binding column: AnnotatedJoinColumn(column='gym_owner_id')
2025-06-13 17:24:41.731 [main] DEBUG org.hibernate.boot.model.internal.AnnotatedColumn - Binding column: AnnotatedJoinColumn()
2025-06-13 17:24:41.731 [main] DEBUG org.hibernate.boot.model.internal.CollectionBinder - Collection role: com.example.trainup.model.user.GymOwner.phoneNumbers
2025-06-13 17:24:41.731 [main] DEBUG org.hibernate.boot.model.internal.PropertyBinder - Building property phoneNumbers
2025-06-13 17:24:41.742 [main] DEBUG org.hibernate.boot.registry.classloading.internal.ClassLoaderServiceImpl - HHH000194: Package not found or no package-info.java: com.example.trainup.model.user
2025-06-13 17:24:41.742 [main] DEBUG org.hibernate.boot.model.internal.EntityBinder - Binding entity from annotated class: com.example.trainup.model.user.Trainer
2025-06-13 17:24:41.743 [main] DEBUG org.hibernate.boot.model.internal.EntityBinder - Import with entity name Trainer
2025-06-13 17:24:41.743 [main] DEBUG org.hibernate.boot.model.internal.EntityBinder - Bind entity com.example.trainup.model.user.Trainer on table trainers
2025-06-13 17:24:41.743 [main] DEBUG org.hibernate.boot.model.internal.AnnotatedColumn - Binding column: AnnotatedDiscriminatorColumn(column='DTYPE')
2025-06-13 17:24:41.744 [main] DEBUG org.hibernate.boot.model.internal.AnnotatedColumn - Binding column: AnnotatedColumn()
2025-06-13 17:24:41.744 [main] DEBUG org.hibernate.boot.internal.ClassLoaderAccessImpl - Not known whether passed class name [com.example.trainup.model.user.Trainer] is safe
2025-06-13 17:24:41.744 [main] DEBUG org.hibernate.boot.internal.ClassLoaderAccessImpl - No temp ClassLoader provided; using live ClassLoader for loading potentially unsafe class : com.example.trainup.model.user.Trainer
2025-06-13 17:24:41.744 [main] DEBUG org.hibernate.boot.model.internal.PropertyBinder - MetadataSourceProcessor property id with lazy=false
2025-06-13 17:24:41.744 [main] DEBUG org.hibernate.boot.model.internal.AbstractPropertyHolder - Attempting to locate auto-apply AttributeConverter for property [com.example.trainup.model.user.Trainer:id]
2025-06-13 17:24:41.745 [main] DEBUG org.hibernate.boot.model.internal.BasicValueBinder - building BasicValue for id
2025-06-13 17:24:41.745 [main] DEBUG org.hibernate.mapping.BasicValue - Skipping column re-registration: trainers.id
2025-06-13 17:24:41.745 [main] DEBUG org.hibernate.boot.model.internal.PropertyBinder - Building property id
2025-06-13 17:24:41.745 [main] DEBUG org.hibernate.boot.model.internal.BinderHelper - #makeIdGenerator(BasicValue([Column(id)]), id, identity, , ...)
2025-06-13 17:24:41.745 [main] DEBUG org.hibernate.boot.model.internal.AnnotatedColumn - Binding column: AnnotatedColumn()
2025-06-13 17:24:41.746 [main] DEBUG org.hibernate.boot.model.internal.PropertyBinder - MetadataSourceProcessor property dateOfBirth with lazy=false
2025-06-13 17:24:41.746 [main] DEBUG org.hibernate.boot.model.internal.AbstractPropertyHolder - Attempting to locate auto-apply AttributeConverter for property [com.example.trainup.model.user.Trainer:dateOfBirth]
2025-06-13 17:24:41.746 [main] DEBUG org.hibernate.boot.model.internal.BasicValueBinder - building BasicValue for dateOfBirth
2025-06-13 17:24:41.746 [main] DEBUG org.hibernate.mapping.BasicValue - Skipping column re-registration: trainers.date_of_birth
2025-06-13 17:24:41.747 [main] DEBUG org.hibernate.boot.model.internal.PropertyBinder - Building property dateOfBirth
2025-06-13 17:24:41.747 [main] DEBUG org.hibernate.boot.model.internal.AnnotatedColumn - Binding column: AnnotatedColumn()
2025-06-13 17:24:41.747 [main] DEBUG org.hibernate.boot.model.internal.PropertyBinder - MetadataSourceProcessor property firstName with lazy=false
2025-06-13 17:24:41.747 [main] DEBUG org.hibernate.boot.model.internal.AbstractPropertyHolder - Attempting to locate auto-apply AttributeConverter for property [com.example.trainup.model.user.Trainer:firstName]
2025-06-13 17:24:41.747 [main] DEBUG org.hibernate.boot.model.internal.BasicValueBinder - building BasicValue for firstName
2025-06-13 17:24:41.747 [main] DEBUG org.hibernate.mapping.BasicValue - Skipping column re-registration: trainers.first_name
2025-06-13 17:24:41.748 [main] DEBUG org.hibernate.boot.model.internal.PropertyBinder - Building property firstName
2025-06-13 17:24:41.748 [main] DEBUG org.hibernate.boot.model.internal.AnnotatedColumn - Binding column: AnnotatedColumn()
2025-06-13 17:24:41.748 [main] DEBUG org.hibernate.boot.model.internal.PropertyBinder - MetadataSourceProcessor property gender with lazy=false
2025-06-13 17:24:41.748 [main] DEBUG org.hibernate.boot.model.internal.AbstractPropertyHolder - Attempting to locate auto-apply AttributeConverter for property [com.example.trainup.model.user.Trainer:gender]
2025-06-13 17:24:41.749 [main] DEBUG org.hibernate.boot.model.internal.BasicValueBinder - building BasicValue for gender
2025-06-13 17:24:41.749 [main] DEBUG org.hibernate.mapping.BasicValue - Skipping column re-registration: trainers.gender
2025-06-13 17:24:41.749 [main] DEBUG org.hibernate.boot.model.internal.PropertyBinder - Building property gender
2025-06-13 17:24:41.749 [main] DEBUG org.hibernate.boot.model.internal.AnnotatedColumn - Binding column: AnnotatedColumn()
2025-06-13 17:24:41.749 [main] DEBUG org.hibernate.boot.model.internal.PropertyBinder - MetadataSourceProcessor property isDeleted with lazy=false
2025-06-13 17:24:41.749 [main] DEBUG org.hibernate.boot.model.internal.AbstractPropertyHolder - Attempting to locate auto-apply AttributeConverter for property [com.example.trainup.model.user.Trainer:isDeleted]
2025-06-13 17:24:41.750 [main] DEBUG org.hibernate.boot.model.internal.BasicValueBinder - building BasicValue for isDeleted
2025-06-13 17:24:41.750 [main] DEBUG org.hibernate.mapping.BasicValue - Skipping column re-registration: trainers.is_deleted
2025-06-13 17:24:41.750 [main] DEBUG org.hibernate.boot.model.internal.PropertyBinder - Building property isDeleted
2025-06-13 17:24:41.750 [main] DEBUG org.hibernate.boot.model.internal.AnnotatedColumn - Binding column: AnnotatedColumn()
2025-06-13 17:24:41.750 [main] DEBUG org.hibernate.boot.model.internal.PropertyBinder - MetadataSourceProcessor property lastName with lazy=false
2025-06-13 17:24:41.750 [main] DEBUG org.hibernate.boot.model.internal.AbstractPropertyHolder - Attempting to locate auto-apply AttributeConverter for property [com.example.trainup.model.user.Trainer:lastName]
2025-06-13 17:24:41.750 [main] DEBUG org.hibernate.boot.model.internal.BasicValueBinder - building BasicValue for lastName
2025-06-13 17:24:41.751 [main] DEBUG org.hibernate.mapping.BasicValue - Skipping column re-registration: trainers.last_name
2025-06-13 17:24:41.751 [main] DEBUG org.hibernate.boot.model.internal.PropertyBinder - Building property lastName
2025-06-13 17:24:41.751 [main] DEBUG org.hibernate.boot.model.internal.AnnotatedColumn - Binding column: AnnotatedColumn()
2025-06-13 17:24:41.751 [main] DEBUG org.hibernate.boot.model.internal.PropertyBinder - MetadataSourceProcessor property profileImageUrl with lazy=false
2025-06-13 17:24:41.751 [main] DEBUG org.hibernate.boot.model.internal.AbstractPropertyHolder - Attempting to locate auto-apply AttributeConverter for property [com.example.trainup.model.user.Trainer:profileImageUrl]
2025-06-13 17:24:41.751 [main] DEBUG org.hibernate.boot.model.internal.BasicValueBinder - building BasicValue for profileImageUrl
2025-06-13 17:24:41.751 [main] DEBUG org.hibernate.mapping.BasicValue - Skipping column re-registration: trainers.profile_image_url
2025-06-13 17:24:41.751 [main] DEBUG org.hibernate.boot.model.internal.PropertyBinder - Building property profileImageUrl
2025-06-13 17:24:41.752 [main] DEBUG org.hibernate.boot.model.internal.AnnotatedColumn - Binding column: AnnotatedJoinColumn(column='user_credentials_id')
2025-06-13 17:24:41.752 [main] DEBUG org.hibernate.boot.model.internal.AnnotatedColumn - Binding column: AnnotatedColumn()
2025-06-13 17:24:41.752 [main] DEBUG org.hibernate.boot.model.internal.PropertyBinder - Building property userCredentials
2025-06-13 17:24:41.752 [main] DEBUG org.hibernate.boot.model.internal.AnnotatedColumn - Binding column: AnnotatedJoinColumn()
2025-06-13 17:24:41.752 [main] DEBUG org.hibernate.boot.model.internal.AnnotatedColumn - Binding column: AnnotatedColumn()
2025-06-13 17:24:41.753 [main] DEBUG org.hibernate.boot.model.internal.AnnotatedColumn - Binding column: IndexColumn(column='certificates_ORDER')
2025-06-13 17:24:41.753 [main] DEBUG org.hibernate.boot.model.internal.AnnotatedColumn - Binding column: AnnotatedColumn()
2025-06-13 17:24:41.753 [main] DEBUG org.hibernate.boot.model.internal.AnnotatedColumn - Binding column: AnnotatedColumn(column='certificates_KEY')
2025-06-13 17:24:41.753 [main] DEBUG org.hibernate.boot.model.internal.AnnotatedColumn - Binding column: AnnotatedJoinColumn(column='certificates_KEY')
2025-06-13 17:24:41.753 [main] DEBUG org.hibernate.boot.model.internal.AnnotatedColumn - Binding column: AnnotatedJoinColumn(column='trainer_id')
2025-06-13 17:24:41.753 [main] DEBUG org.hibernate.boot.model.internal.AnnotatedColumn - Binding column: AnnotatedJoinColumn()
2025-06-13 17:24:41.754 [main] DEBUG org.hibernate.boot.model.internal.CollectionBinder - Collection role: com.example.trainup.model.user.Trainer.certificates
2025-06-13 17:24:41.754 [main] DEBUG org.hibernate.boot.model.internal.PropertyBinder - Building property certificates
2025-06-13 17:24:41.754 [main] DEBUG org.hibernate.boot.model.internal.AnnotatedColumn - Binding column: AnnotatedColumn()
2025-06-13 17:24:41.754 [main] DEBUG org.hibernate.boot.model.internal.PropertyBinder - MetadataSourceProcessor property description with lazy=false
2025-06-13 17:24:41.754 [main] DEBUG org.hibernate.boot.model.internal.AbstractPropertyHolder - Attempting to locate auto-apply AttributeConverter for property [com.example.trainup.model.user.Trainer:description]
2025-06-13 17:24:41.754 [main] DEBUG org.hibernate.boot.model.internal.BasicValueBinder - building BasicValue for description
2025-06-13 17:24:41.754 [main] DEBUG org.hibernate.mapping.BasicValue - Skipping column re-registration: trainers.description
2025-06-13 17:24:41.754 [main] DEBUG org.hibernate.boot.model.internal.PropertyBinder - Building property description
2025-06-13 17:24:41.755 [main] DEBUG org.hibernate.boot.model.internal.AnnotatedColumn - Binding column: IndexColumn(column='gyms_ORDER')
2025-06-13 17:24:41.755 [main] DEBUG org.hibernate.boot.model.internal.AnnotatedColumn - Binding column: AnnotatedColumn()
2025-06-13 17:24:41.755 [main] DEBUG org.hibernate.boot.model.internal.AnnotatedColumn - Binding column: AnnotatedColumn(column='gyms_KEY')
2025-06-13 17:24:41.755 [main] DEBUG org.hibernate.boot.model.internal.AnnotatedColumn - Binding column: AnnotatedJoinColumn(column='gyms_KEY')
2025-06-13 17:24:41.755 [main] DEBUG org.hibernate.boot.model.internal.AnnotatedColumn - Binding column: AnnotatedJoinColumn()
2025-06-13 17:24:41.755 [main] DEBUG org.hibernate.boot.model.internal.AnnotatedColumn - Binding column: AnnotatedJoinColumn()
2025-06-13 17:24:41.756 [main] DEBUG org.hibernate.boot.model.internal.CollectionBinder - Collection role: com.example.trainup.model.user.Trainer.gyms
2025-06-13 17:24:41.756 [main] DEBUG org.hibernate.boot.model.internal.PropertyBinder - Building property gyms
2025-06-13 17:24:41.756 [main] DEBUG org.hibernate.boot.model.internal.AnnotatedColumn - Binding column: AnnotatedJoinColumn(column='address_id')
2025-06-13 17:24:41.756 [main] DEBUG org.hibernate.boot.model.internal.AnnotatedColumn - Binding column: AnnotatedColumn()
2025-06-13 17:24:41.756 [main] DEBUG org.hibernate.boot.model.internal.PropertyBinder - Building property location
2025-06-13 17:24:41.757 [main] DEBUG org.hibernate.boot.model.internal.AnnotatedColumn - Binding column: AnnotatedColumn()
2025-06-13 17:24:41.757 [main] DEBUG org.hibernate.boot.model.internal.PropertyBinder - MetadataSourceProcessor property numberOfReviews with lazy=false
2025-06-13 17:24:41.757 [main] DEBUG org.hibernate.boot.model.internal.AbstractPropertyHolder - Attempting to locate auto-apply AttributeConverter for property [com.example.trainup.model.user.Trainer:numberOfReviews]
2025-06-13 17:24:41.757 [main] DEBUG org.hibernate.boot.model.internal.BasicValueBinder - building BasicValue for numberOfReviews
2025-06-13 17:24:41.757 [main] DEBUG org.hibernate.mapping.BasicValue - Skipping column re-registration: trainers.number_of_reviews
2025-06-13 17:24:41.757 [main] DEBUG org.hibernate.boot.model.internal.PropertyBinder - Building property numberOfReviews
2025-06-13 17:24:41.758 [main] DEBUG org.hibernate.boot.model.internal.AnnotatedColumn - Binding column: AnnotatedColumn()
2025-06-13 17:24:41.758 [main] DEBUG org.hibernate.boot.model.internal.PropertyBinder - MetadataSourceProcessor property onlineTraining with lazy=false
2025-06-13 17:24:41.758 [main] DEBUG org.hibernate.boot.model.internal.AbstractPropertyHolder - Attempting to locate auto-apply AttributeConverter for property [com.example.trainup.model.user.Trainer:onlineTraining]
2025-06-13 17:24:41.758 [main] DEBUG org.hibernate.boot.model.internal.BasicValueBinder - building BasicValue for onlineTraining
2025-06-13 17:24:41.758 [main] DEBUG org.hibernate.mapping.BasicValue - Skipping column re-registration: trainers.online_training
2025-06-13 17:24:41.758 [main] DEBUG org.hibernate.boot.model.internal.PropertyBinder - Building property onlineTraining
2025-06-13 17:24:41.759 [main] DEBUG org.hibernate.boot.model.internal.AnnotatedColumn - Binding column: AnnotatedColumn()
2025-06-13 17:24:41.759 [main] DEBUG org.hibernate.boot.model.internal.PropertyBinder - MetadataSourceProcessor property overallRating with lazy=false
2025-06-13 17:24:41.759 [main] DEBUG org.hibernate.boot.model.internal.AbstractPropertyHolder - Attempting to locate auto-apply AttributeConverter for property [com.example.trainup.model.user.Trainer:overallRating]
2025-06-13 17:24:41.759 [main] DEBUG org.hibernate.boot.model.internal.BasicValueBinder - building BasicValue for overallRating
2025-06-13 17:24:41.759 [main] DEBUG org.hibernate.mapping.BasicValue - Skipping column re-registration: trainers.overall_rating
2025-06-13 17:24:41.759 [main] DEBUG org.hibernate.boot.model.internal.PropertyBinder - Building property overallRating
2025-06-13 17:24:41.759 [main] DEBUG org.hibernate.boot.model.internal.AnnotatedColumn - Binding column: AnnotatedJoinColumn()
2025-06-13 17:24:41.760 [main] DEBUG org.hibernate.boot.model.internal.AnnotatedColumn - Binding column: AnnotatedColumn()
2025-06-13 17:24:41.760 [main] DEBUG org.hibernate.boot.model.internal.AnnotatedColumn - Binding column: IndexColumn(column='phoneNumbers_ORDER')
2025-06-13 17:24:41.760 [main] DEBUG org.hibernate.boot.model.internal.AnnotatedColumn - Binding column: AnnotatedColumn()
2025-06-13 17:24:41.760 [main] DEBUG org.hibernate.boot.model.internal.AnnotatedColumn - Binding column: AnnotatedColumn(column='phoneNumbers_KEY')
2025-06-13 17:24:41.760 [main] DEBUG org.hibernate.boot.model.internal.AnnotatedColumn - Binding column: AnnotatedJoinColumn(column='phoneNumbers_KEY')
2025-06-13 17:24:41.760 [main] DEBUG org.hibernate.boot.model.internal.AnnotatedColumn - Binding column: AnnotatedJoinColumn(column='trainer_id')
2025-06-13 17:24:41.760 [main] DEBUG org.hibernate.boot.model.internal.AnnotatedColumn - Binding column: AnnotatedJoinColumn()
2025-06-13 17:24:41.761 [main] DEBUG org.hibernate.boot.model.internal.CollectionBinder - Collection role: com.example.trainup.model.user.Trainer.phoneNumbers
2025-06-13 17:24:41.761 [main] DEBUG org.hibernate.boot.model.internal.PropertyBinder - Building property phoneNumbers
2025-06-13 17:24:41.761 [main] DEBUG org.hibernate.boot.model.internal.AnnotatedColumn - Binding column: AnnotatedJoinColumn()
2025-06-13 17:24:41.761 [main] DEBUG org.hibernate.boot.model.internal.AnnotatedColumn - Binding column: AnnotatedColumn()
2025-06-13 17:24:41.761 [main] DEBUG org.hibernate.boot.model.internal.AnnotatedColumn - Binding column: IndexColumn(column='reviews_ORDER')
2025-06-13 17:24:41.761 [main] DEBUG org.hibernate.boot.model.internal.AnnotatedColumn - Binding column: AnnotatedColumn()
2025-06-13 17:24:41.761 [main] DEBUG org.hibernate.boot.model.internal.AnnotatedColumn - Binding column: AnnotatedColumn(column='reviews_KEY')
2025-06-13 17:24:41.762 [main] DEBUG org.hibernate.boot.model.internal.AnnotatedColumn - Binding column: AnnotatedJoinColumn(column='reviews_KEY')
2025-06-13 17:24:41.762 [main] DEBUG org.hibernate.boot.model.internal.AnnotatedColumn - Binding column: AnnotatedJoinColumn()
2025-06-13 17:24:41.762 [main] DEBUG org.hibernate.boot.model.internal.AnnotatedColumn - Binding column: AnnotatedJoinColumn()
2025-06-13 17:24:41.762 [main] DEBUG org.hibernate.boot.model.internal.CollectionBinder - Collection role: com.example.trainup.model.user.Trainer.reviews
2025-06-13 17:24:41.762 [main] DEBUG org.hibernate.boot.model.internal.PropertyBinder - Building property reviews
2025-06-13 17:24:41.762 [main] DEBUG org.hibernate.boot.model.internal.AnnotatedColumn - Binding column: AnnotatedColumn()
2025-06-13 17:24:41.762 [main] DEBUG org.hibernate.boot.model.internal.PropertyBinder - MetadataSourceProcessor property socialMediaLinks with lazy=false
2025-06-13 17:24:41.763 [main] DEBUG org.hibernate.boot.model.internal.AbstractPropertyHolder - Attempting to locate auto-apply AttributeConverter for property [com.example.trainup.model.user.Trainer:socialMediaLinks]
2025-06-13 17:24:41.763 [main] DEBUG org.hibernate.boot.model.internal.BasicValueBinder - building BasicValue for socialMediaLinks
2025-06-13 17:24:41.763 [main] DEBUG org.hibernate.mapping.BasicValue - Skipping column re-registration: trainers.social_media_links
2025-06-13 17:24:41.763 [main] DEBUG org.hibernate.boot.model.internal.PropertyBinder - Building property socialMediaLinks
2025-06-13 17:24:41.763 [main] DEBUG org.hibernate.boot.model.internal.AnnotatedColumn - Binding column: IndexColumn(column='sports_ORDER')
2025-06-13 17:24:41.763 [main] DEBUG org.hibernate.boot.model.internal.AnnotatedColumn - Binding column: AnnotatedColumn()
2025-06-13 17:24:41.763 [main] DEBUG org.hibernate.boot.model.internal.AnnotatedColumn - Binding column: AnnotatedColumn(column='sports_KEY')
2025-06-13 17:24:41.764 [main] DEBUG org.hibernate.boot.model.internal.AnnotatedColumn - Binding column: AnnotatedJoinColumn(column='sports_KEY')
2025-06-13 17:24:41.764 [main] DEBUG org.hibernate.boot.model.internal.AnnotatedColumn - Binding column: AnnotatedJoinColumn(column='trainer_id')
2025-06-13 17:24:41.764 [main] DEBUG org.hibernate.boot.model.internal.AnnotatedColumn - Binding column: AnnotatedJoinColumn(column='sport_id')
2025-06-13 17:24:41.764 [main] DEBUG org.hibernate.boot.model.internal.CollectionBinder - Collection role: com.example.trainup.model.user.Trainer.sports
2025-06-13 17:24:41.764 [main] DEBUG org.hibernate.boot.model.internal.PropertyBinder - Building property sports
2025-06-13 17:24:41.775 [main] DEBUG org.hibernate.boot.registry.classloading.internal.ClassLoaderServiceImpl - HHH000194: Package not found or no package-info.java: com.example.trainup.model.user
2025-06-13 17:24:41.775 [main] DEBUG org.hibernate.boot.model.internal.EntityBinder - Binding entity from annotated class: com.example.trainup.model.user.UserCredentials
2025-06-13 17:24:41.775 [main] DEBUG org.hibernate.boot.model.internal.EntityBinder - Import with entity name UserCredentials
2025-06-13 17:24:41.776 [main] DEBUG org.hibernate.boot.model.internal.EntityBinder - Bind entity com.example.trainup.model.user.UserCredentials on table user_credentials
2025-06-13 17:24:41.776 [main] DEBUG org.hibernate.boot.model.internal.AnnotatedColumn - Binding column: AnnotatedDiscriminatorColumn(column='DTYPE')
2025-06-13 17:24:41.776 [main] DEBUG org.hibernate.boot.model.internal.AnnotatedColumn - Binding column: AnnotatedColumn()
2025-06-13 17:24:41.776 [main] DEBUG org.hibernate.boot.internal.ClassLoaderAccessImpl - Not known whether passed class name [com.example.trainup.model.user.UserCredentials] is safe
2025-06-13 17:24:41.776 [main] DEBUG org.hibernate.boot.internal.ClassLoaderAccessImpl - No temp ClassLoader provided; using live ClassLoader for loading potentially unsafe class : com.example.trainup.model.user.UserCredentials
2025-06-13 17:24:41.777 [main] DEBUG org.hibernate.boot.model.internal.PropertyBinder - MetadataSourceProcessor property id with lazy=false
2025-06-13 17:24:41.777 [main] DEBUG org.hibernate.boot.model.internal.AbstractPropertyHolder - Attempting to locate auto-apply AttributeConverter for property [com.example.trainup.model.user.UserCredentials:id]
2025-06-13 17:24:41.777 [main] DEBUG org.hibernate.boot.model.internal.BasicValueBinder - building BasicValue for id
2025-06-13 17:24:41.777 [main] DEBUG org.hibernate.mapping.BasicValue - Skipping column re-registration: user_credentials.id
2025-06-13 17:24:41.777 [main] DEBUG org.hibernate.boot.model.internal.PropertyBinder - Building property id
2025-06-13 17:24:41.778 [main] DEBUG org.hibernate.boot.model.internal.BinderHelper - #makeIdGenerator(BasicValue([Column(id)]), id, identity, , ...)
2025-06-13 17:24:41.778 [main] DEBUG org.hibernate.boot.model.internal.AnnotatedColumn - Binding column: AnnotatedColumn()
2025-06-13 17:24:41.778 [main] DEBUG org.hibernate.boot.model.internal.PropertyBinder - MetadataSourceProcessor property email with lazy=false
2025-06-13 17:24:41.778 [main] DEBUG org.hibernate.boot.model.internal.AbstractPropertyHolder - Attempting to locate auto-apply AttributeConverter for property [com.example.trainup.model.user.UserCredentials:email]
2025-06-13 17:24:41.779 [main] DEBUG org.hibernate.boot.model.internal.BasicValueBinder - building BasicValue for email
2025-06-13 17:24:41.779 [main] DEBUG org.hibernate.mapping.BasicValue - Skipping column re-registration: user_credentials.email
2025-06-13 17:24:41.779 [main] DEBUG org.hibernate.boot.model.internal.PropertyBinder - Building property email
2025-06-13 17:24:41.779 [main] DEBUG org.hibernate.boot.model.internal.AnnotatedColumn - Binding column: AnnotatedColumn()
2025-06-13 17:24:41.779 [main] DEBUG org.hibernate.boot.model.internal.PropertyBinder - MetadataSourceProcessor property isDeleted with lazy=false
2025-06-13 17:24:41.779 [main] DEBUG org.hibernate.boot.model.internal.AbstractPropertyHolder - Attempting to locate auto-apply AttributeConverter for property [com.example.trainup.model.user.UserCredentials:isDeleted]
2025-06-13 17:24:41.780 [main] DEBUG org.hibernate.boot.model.internal.BasicValueBinder - building BasicValue for isDeleted
2025-06-13 17:24:41.780 [main] DEBUG org.hibernate.mapping.BasicValue - Skipping column re-registration: user_credentials.is_deleted
2025-06-13 17:24:41.780 [main] DEBUG org.hibernate.boot.model.internal.PropertyBinder - Building property isDeleted
2025-06-13 17:24:41.780 [main] DEBUG org.hibernate.boot.model.internal.AnnotatedColumn - Binding column: AnnotatedColumn()
2025-06-13 17:24:41.780 [main] DEBUG org.hibernate.boot.model.internal.PropertyBinder - MetadataSourceProcessor property password with lazy=false
2025-06-13 17:24:41.780 [main] DEBUG org.hibernate.boot.model.internal.AbstractPropertyHolder - Attempting to locate auto-apply AttributeConverter for property [com.example.trainup.model.user.UserCredentials:password]
2025-06-13 17:24:41.781 [main] DEBUG org.hibernate.boot.model.internal.BasicValueBinder - building BasicValue for password
2025-06-13 17:24:41.781 [main] DEBUG org.hibernate.mapping.BasicValue - Skipping column re-registration: user_credentials.password
2025-06-13 17:24:41.781 [main] DEBUG org.hibernate.boot.model.internal.PropertyBinder - Building property password
2025-06-13 17:24:41.781 [main] DEBUG org.hibernate.boot.model.internal.AnnotatedColumn - Binding column: IndexColumn(column='roles_ORDER')
2025-06-13 17:24:41.781 [main] DEBUG org.hibernate.boot.model.internal.AnnotatedColumn - Binding column: AnnotatedColumn()
2025-06-13 17:24:41.781 [main] DEBUG org.hibernate.boot.model.internal.AnnotatedColumn - Binding column: AnnotatedColumn(column='roles_KEY')
2025-06-13 17:24:41.782 [main] DEBUG org.hibernate.boot.model.internal.AnnotatedColumn - Binding column: AnnotatedJoinColumn(column='roles_KEY')
2025-06-13 17:24:41.782 [main] DEBUG org.hibernate.boot.model.internal.AnnotatedColumn - Binding column: AnnotatedJoinColumn(column='user_credentials_id')
2025-06-13 17:24:41.782 [main] DEBUG org.hibernate.boot.model.internal.AnnotatedColumn - Binding column: AnnotatedJoinColumn(column='role_id')
2025-06-13 17:24:41.782 [main] DEBUG org.hibernate.boot.model.internal.CollectionBinder - Collection role: com.example.trainup.model.user.UserCredentials.roles
2025-06-13 17:24:41.782 [main] DEBUG org.hibernate.boot.model.internal.PropertyBinder - Building property roles
2025-06-13 17:24:41.782 [main] DEBUG org.hibernate.boot.model.internal.AnnotatedColumn - Binding column: AnnotatedColumn()
2025-06-13 17:24:41.783 [main] DEBUG org.hibernate.boot.model.internal.PropertyBinder - MetadataSourceProcessor property userType with lazy=false
2025-06-13 17:24:41.783 [main] DEBUG org.hibernate.boot.model.internal.AbstractPropertyHolder - Attempting to locate auto-apply AttributeConverter for property [com.example.trainup.model.user.UserCredentials:userType]
2025-06-13 17:24:41.783 [main] DEBUG org.hibernate.boot.model.internal.BasicValueBinder - building BasicValue for userType
2025-06-13 17:24:41.783 [main] DEBUG org.hibernate.mapping.BasicValue - Skipping column re-registration: user_credentials.user_type
2025-06-13 17:24:41.783 [main] DEBUG org.hibernate.boot.model.internal.PropertyBinder - Building property userType
2025-06-13 17:24:41.796 [main] DEBUG org.hibernate.boot.registry.classloading.internal.ClassLoaderServiceImpl - HHH000194: Package not found or no package-info.java: com.example.trainup.model.user
2025-06-13 17:24:41.803 [main] DEBUG org.hibernate.boot.model.internal.BasicValueBinder - Starting `BasicValueBinder#fillSimpleValue` for id
2025-06-13 17:24:41.803 [main] DEBUG org.hibernate.boot.model.internal.BasicValueBinder - Starting `BasicValueBinder#fillSimpleValue` for city
2025-06-13 17:24:41.803 [main] DEBUG org.hibernate.boot.model.internal.BasicValueBinder - Starting `BasicValueBinder#fillSimpleValue` for cityDistrict
2025-06-13 17:24:41.803 [main] DEBUG org.hibernate.boot.model.internal.BasicValueBinder - Starting `BasicValueBinder#fillSimpleValue` for country
2025-06-13 17:24:41.803 [main] DEBUG org.hibernate.boot.model.internal.BasicValueBinder - Starting `BasicValueBinder#fillSimpleValue` for house
2025-06-13 17:24:41.804 [main] DEBUG org.hibernate.boot.model.internal.BasicValueBinder - Starting `BasicValueBinder#fillSimpleValue` for isDeleted
2025-06-13 17:24:41.804 [main] DEBUG org.hibernate.boot.model.internal.BasicValueBinder - Starting `BasicValueBinder#fillSimpleValue` for street
2025-06-13 17:24:41.804 [main] DEBUG org.hibernate.boot.model.internal.BasicValueBinder - Starting `BasicValueBinder#fillSimpleValue` for id
2025-06-13 17:24:41.804 [main] DEBUG org.hibernate.boot.model.internal.BasicValueBinder - Starting `BasicValueBinder#fillSimpleValue` for dateTime
2025-06-13 17:24:41.804 [main] DEBUG org.hibernate.boot.model.internal.BasicValueBinder - Starting `BasicValueBinder#fillSimpleValue` for description
2025-06-13 17:24:41.804 [main] DEBUG org.hibernate.boot.model.internal.BasicValueBinder - Starting `BasicValueBinder#fillSimpleValue` for name
2025-06-13 17:24:41.804 [main] DEBUG org.hibernate.boot.model.internal.BasicValueBinder - Starting `BasicValueBinder#fillSimpleValue` for id
2025-06-13 17:24:41.805 [main] DEBUG org.hibernate.boot.model.internal.BasicValueBinder - Starting `BasicValueBinder#fillSimpleValue` for description
2025-06-13 17:24:41.805 [main] DEBUG org.hibernate.boot.model.internal.BasicValueBinder - Starting `BasicValueBinder#fillSimpleValue` for isDeleted
2025-06-13 17:24:41.805 [main] DEBUG org.hibernate.boot.model.internal.BasicValueBinder - Starting `BasicValueBinder#fillSimpleValue` for name
2025-06-13 17:24:41.805 [main] DEBUG org.hibernate.boot.model.internal.BasicValueBinder - Starting `BasicValueBinder#fillSimpleValue` for numberOfReviews
2025-06-13 17:24:41.805 [main] DEBUG org.hibernate.boot.model.internal.BasicValueBinder - Starting `BasicValueBinder#fillSimpleValue` for overallRating
2025-06-13 17:24:41.805 [main] DEBUG org.hibernate.boot.model.internal.BasicValueBinder - Starting `BasicValueBinder#fillSimpleValue` for website
2025-06-13 17:24:41.805 [main] DEBUG org.hibernate.boot.model.internal.BasicValueBinder - Starting `BasicValueBinder#fillSimpleValue` for id
2025-06-13 17:24:41.805 [main] DEBUG org.hibernate.boot.model.internal.BasicValueBinder - Starting `BasicValueBinder#fillSimpleValue` for imageUrl
2025-06-13 17:24:41.806 [main] DEBUG org.hibernate.boot.model.internal.BasicValueBinder - Starting `BasicValueBinder#fillSimpleValue` for isDeleted
2025-06-13 17:24:41.806 [main] DEBUG org.hibernate.boot.model.internal.BasicValueBinder - Starting `BasicValueBinder#fillSimpleValue` for id
2025-06-13 17:24:41.806 [main] DEBUG org.hibernate.boot.model.internal.BasicValueBinder - Starting `BasicValueBinder#fillSimpleValue` for description
2025-06-13 17:24:41.806 [main] DEBUG org.hibernate.boot.model.internal.BasicValueBinder - Starting `BasicValueBinder#fillSimpleValue` for rating
2025-06-13 17:24:41.806 [main] DEBUG org.hibernate.boot.model.internal.BasicValueBinder - Starting `BasicValueBinder#fillSimpleValue` for id
2025-06-13 17:24:41.806 [main] DEBUG org.hibernate.boot.model.internal.BasicValueBinder - Starting `BasicValueBinder#fillSimpleValue` for name
2025-06-13 17:24:41.806 [main] DEBUG org.hibernate.boot.model.internal.BasicValueBinder - Starting `BasicValueBinder#fillSimpleValue` for id
2025-06-13 17:24:41.807 [main] DEBUG org.hibernate.boot.model.internal.BasicValueBinder - Starting `BasicValueBinder#fillSimpleValue` for isDeleted
2025-06-13 17:24:41.807 [main] DEBUG org.hibernate.boot.model.internal.BasicValueBinder - Starting `BasicValueBinder#fillSimpleValue` for sportName
2025-06-13 17:24:41.807 [main] DEBUG org.hibernate.boot.model.internal.BasicValueBinder - Starting `BasicValueBinder#fillSimpleValue` for id
2025-06-13 17:24:41.807 [main] DEBUG org.hibernate.boot.model.internal.BasicValueBinder - Starting `BasicValueBinder#fillSimpleValue` for dateOfBirth
2025-06-13 17:24:41.807 [main] DEBUG org.hibernate.boot.model.internal.BasicValueBinder - Starting `BasicValueBinder#fillSimpleValue` for firstName
2025-06-13 17:24:41.807 [main] DEBUG org.hibernate.boot.model.internal.BasicValueBinder - Starting `BasicValueBinder#fillSimpleValue` for gender
2025-06-13 17:24:41.808 [main] DEBUG org.hibernate.boot.model.internal.BasicValueBinder - Starting `BasicValueBinder#fillSimpleValue` for isDeleted
2025-06-13 17:24:41.808 [main] DEBUG org.hibernate.boot.model.internal.BasicValueBinder - Starting `BasicValueBinder#fillSimpleValue` for lastName
2025-06-13 17:24:41.808 [main] DEBUG org.hibernate.boot.model.internal.BasicValueBinder - Starting `BasicValueBinder#fillSimpleValue` for profileImageUrl
2025-06-13 17:24:41.808 [main] DEBUG org.hibernate.boot.model.internal.BasicValueBinder - Starting `BasicValueBinder#fillSimpleValue` for id
2025-06-13 17:24:41.808 [main] DEBUG org.hibernate.boot.model.internal.BasicValueBinder - Starting `BasicValueBinder#fillSimpleValue` for dateOfBirth
2025-06-13 17:24:41.808 [main] DEBUG org.hibernate.boot.model.internal.BasicValueBinder - Starting `BasicValueBinder#fillSimpleValue` for firstName
2025-06-13 17:24:41.809 [main] DEBUG org.hibernate.boot.model.internal.BasicValueBinder - Starting `BasicValueBinder#fillSimpleValue` for gender
2025-06-13 17:24:41.809 [main] DEBUG org.hibernate.boot.model.internal.BasicValueBinder - Starting `BasicValueBinder#fillSimpleValue` for isDeleted
2025-06-13 17:24:41.809 [main] DEBUG org.hibernate.boot.model.internal.BasicValueBinder - Starting `BasicValueBinder#fillSimpleValue` for lastName
2025-06-13 17:24:41.809 [main] DEBUG org.hibernate.boot.model.internal.BasicValueBinder - Starting `BasicValueBinder#fillSimpleValue` for profileImageUrl
2025-06-13 17:24:41.809 [main] DEBUG org.hibernate.boot.model.internal.BasicValueBinder - Starting `BasicValueBinder#fillSimpleValue` for emailPermission
2025-06-13 17:24:41.809 [main] DEBUG org.hibernate.boot.model.internal.BasicValueBinder - Starting `BasicValueBinder#fillSimpleValue` for phonePermission
2025-06-13 17:24:41.809 [main] DEBUG org.hibernate.boot.model.internal.BasicValueBinder - Starting `BasicValueBinder#fillSimpleValue` for id
2025-06-13 17:24:41.809 [main] DEBUG org.hibernate.boot.model.internal.BasicValueBinder - Starting `BasicValueBinder#fillSimpleValue` for dateOfBirth
2025-06-13 17:24:41.810 [main] DEBUG org.hibernate.boot.model.internal.BasicValueBinder - Starting `BasicValueBinder#fillSimpleValue` for firstName
2025-06-13 17:24:41.810 [main] DEBUG org.hibernate.boot.model.internal.BasicValueBinder - Starting `BasicValueBinder#fillSimpleValue` for gender
2025-06-13 17:24:41.810 [main] DEBUG org.hibernate.boot.model.internal.BasicValueBinder - Starting `BasicValueBinder#fillSimpleValue` for isDeleted
2025-06-13 17:24:41.810 [main] DEBUG org.hibernate.boot.model.internal.BasicValueBinder - Starting `BasicValueBinder#fillSimpleValue` for lastName
2025-06-13 17:24:41.810 [main] DEBUG org.hibernate.boot.model.internal.BasicValueBinder - Starting `BasicValueBinder#fillSimpleValue` for profileImageUrl
2025-06-13 17:24:41.810 [main] DEBUG org.hibernate.boot.model.internal.BasicValueBinder - Starting `BasicValueBinder#fillSimpleValue` for id
2025-06-13 17:24:41.811 [main] DEBUG org.hibernate.boot.model.internal.BasicValueBinder - Starting `BasicValueBinder#fillSimpleValue` for dateOfBirth
2025-06-13 17:24:41.811 [main] DEBUG org.hibernate.boot.model.internal.BasicValueBinder - Starting `BasicValueBinder#fillSimpleValue` for firstName
2025-06-13 17:24:41.811 [main] DEBUG org.hibernate.boot.model.internal.BasicValueBinder - Starting `BasicValueBinder#fillSimpleValue` for gender
2025-06-13 17:24:41.811 [main] DEBUG org.hibernate.boot.model.internal.BasicValueBinder - Starting `BasicValueBinder#fillSimpleValue` for isDeleted
2025-06-13 17:24:41.811 [main] DEBUG org.hibernate.boot.model.internal.BasicValueBinder - Starting `BasicValueBinder#fillSimpleValue` for lastName
2025-06-13 17:24:41.811 [main] DEBUG org.hibernate.boot.model.internal.BasicValueBinder - Starting `BasicValueBinder#fillSimpleValue` for profileImageUrl
2025-06-13 17:24:41.812 [main] DEBUG org.hibernate.boot.model.internal.BasicValueBinder - Starting `BasicValueBinder#fillSimpleValue` for description
2025-06-13 17:24:41.812 [main] DEBUG org.hibernate.boot.model.internal.BasicValueBinder - Starting `BasicValueBinder#fillSimpleValue` for numberOfReviews
2025-06-13 17:24:41.812 [main] DEBUG org.hibernate.boot.model.internal.BasicValueBinder - Starting `BasicValueBinder#fillSimpleValue` for onlineTraining
2025-06-13 17:24:41.812 [main] DEBUG org.hibernate.boot.model.internal.BasicValueBinder - Starting `BasicValueBinder#fillSimpleValue` for overallRating
2025-06-13 17:24:41.812 [main] DEBUG org.hibernate.boot.model.internal.BasicValueBinder - Starting `BasicValueBinder#fillSimpleValue` for socialMediaLinks
2025-06-13 17:24:41.812 [main] DEBUG org.hibernate.boot.model.internal.BasicValueBinder - Starting `BasicValueBinder#fillSimpleValue` for id
2025-06-13 17:24:41.812 [main] DEBUG org.hibernate.boot.model.internal.BasicValueBinder - Starting `BasicValueBinder#fillSimpleValue` for email
2025-06-13 17:24:41.813 [main] DEBUG org.hibernate.boot.model.internal.BasicValueBinder - Starting `BasicValueBinder#fillSimpleValue` for isDeleted
2025-06-13 17:24:41.813 [main] DEBUG org.hibernate.boot.model.internal.BasicValueBinder - Starting `BasicValueBinder#fillSimpleValue` for password
2025-06-13 17:24:41.813 [main] DEBUG org.hibernate.boot.model.internal.BasicValueBinder - Starting `BasicValueBinder#fillSimpleValue` for userType
2025-06-13 17:24:41.814 [main] DEBUG org.hibernate.mapping.PrimaryKey - Forcing column [id] to be non-null as it is part of the primary key for table [addresses]
2025-06-13 17:24:41.814 [main] DEBUG org.hibernate.mapping.PrimaryKey - Forcing column [id] to be non-null as it is part of the primary key for table [events]
2025-06-13 17:24:41.814 [main] DEBUG org.hibernate.mapping.PrimaryKey - Forcing column [id] to be non-null as it is part of the primary key for table [gyms]
2025-06-13 17:24:41.814 [main] DEBUG org.hibernate.mapping.PrimaryKey - Forcing column [id] to be non-null as it is part of the primary key for table [gym_photos]
2025-06-13 17:24:41.815 [main] DEBUG org.hibernate.mapping.PrimaryKey - Forcing column [id] to be non-null as it is part of the primary key for table [reviews]
2025-06-13 17:24:41.815 [main] DEBUG org.hibernate.mapping.PrimaryKey - Forcing column [id] to be non-null as it is part of the primary key for table [roles]
2025-06-13 17:24:41.815 [main] DEBUG org.hibernate.mapping.PrimaryKey - Forcing column [id] to be non-null as it is part of the primary key for table [sports]
2025-06-13 17:24:41.815 [main] DEBUG org.hibernate.mapping.PrimaryKey - Forcing column [id] to be non-null as it is part of the primary key for table [admins]
2025-06-13 17:24:41.815 [main] DEBUG org.hibernate.mapping.PrimaryKey - Forcing column [id] to be non-null as it is part of the primary key for table [athletes]
2025-06-13 17:24:41.815 [main] DEBUG org.hibernate.mapping.PrimaryKey - Forcing column [id] to be non-null as it is part of the primary key for table [gym_owners]
2025-06-13 17:24:41.815 [main] DEBUG org.hibernate.mapping.PrimaryKey - Forcing column [id] to be non-null as it is part of the primary key for table [trainers]
2025-06-13 17:24:41.816 [main] DEBUG org.hibernate.mapping.PrimaryKey - Forcing column [id] to be non-null as it is part of the primary key for table [user_credentials]
2025-06-13 17:24:41.816 [main] DEBUG org.hibernate.boot.model.internal.CollectionSecondPass - Second pass for collection: com.example.trainup.model.user.UserCredentials.roles
2025-06-13 17:24:41.816 [main] DEBUG org.hibernate.boot.model.internal.CollectionBinder - Binding a ManyToMany: com.example.trainup.model.user.UserCredentials.roles
2025-06-13 17:24:41.828 [main] DEBUG org.hibernate.boot.registry.classloading.internal.ClassLoaderServiceImpl - HHH000194: Package not found or no package-info.java: com.example.trainup.model.user
2025-06-13 17:24:41.828 [main] DEBUG org.hibernate.mapping.PrimaryKey - Forcing column [user_credentials_id] to be non-null as it is part of the primary key for table [user_credentials_roles]
2025-06-13 17:24:41.828 [main] DEBUG org.hibernate.mapping.PrimaryKey - Forcing column [role_id] to be non-null as it is part of the primary key for table [user_credentials_roles]
2025-06-13 17:24:41.829 [main] DEBUG org.hibernate.boot.model.internal.CollectionSecondPass - Mapped collection key: user_credentials_id, element: role_id
2025-06-13 17:24:41.829 [main] DEBUG org.hibernate.boot.model.internal.CollectionSecondPass - Second pass for collection: com.example.trainup.model.user.Trainer.sports
2025-06-13 17:24:41.829 [main] DEBUG org.hibernate.boot.model.internal.CollectionBinder - Binding a ManyToMany: com.example.trainup.model.user.Trainer.sports
2025-06-13 17:24:41.839 [main] DEBUG org.hibernate.boot.registry.classloading.internal.ClassLoaderServiceImpl - HHH000194: Package not found or no package-info.java: com.example.trainup.model.user
2025-06-13 17:24:41.840 [main] DEBUG org.hibernate.mapping.PrimaryKey - Forcing column [trainer_id] to be non-null as it is part of the primary key for table [sports_trainers]
2025-06-13 17:24:41.840 [main] DEBUG org.hibernate.mapping.PrimaryKey - Forcing column [sport_id] to be non-null as it is part of the primary key for table [sports_trainers]
2025-06-13 17:24:41.840 [main] DEBUG org.hibernate.boot.model.internal.CollectionSecondPass - Mapped collection key: trainer_id, element: sport_id
2025-06-13 17:24:41.840 [main] DEBUG org.hibernate.boot.model.internal.CollectionSecondPass - Second pass for collection: com.example.trainup.model.user.Trainer.phoneNumbers
2025-06-13 17:24:41.840 [main] DEBUG org.hibernate.boot.model.internal.CollectionBinder - Binding a collection of element: com.example.trainup.model.user.Trainer.phoneNumbers
2025-06-13 17:24:41.850 [main] DEBUG org.hibernate.boot.registry.classloading.internal.ClassLoaderServiceImpl - HHH000194: Package not found or no package-info.java: com.example.trainup.model.user
2025-06-13 17:24:41.850 [main] DEBUG org.hibernate.boot.model.internal.CollectionPropertyHolder - Attempting to locate auto-apply AttributeConverter for collection element [com.example.trainup.model.user.Trainer.phoneNumbers]
2025-06-13 17:24:41.850 [main] DEBUG org.hibernate.boot.model.internal.BasicValueBinder - building BasicValue for null
2025-06-13 17:24:41.851 [main] DEBUG org.hibernate.mapping.BasicValue - Skipping column re-registration: trainer_phone_numbers.phone_numbers
2025-06-13 17:24:41.851 [main] DEBUG org.hibernate.boot.model.internal.BasicValueBinder - Starting `BasicValueBinder#fillSimpleValue` for null
2025-06-13 17:24:41.851 [main] DEBUG org.hibernate.mapping.PrimaryKey - Forcing column [trainer_id] to be non-null as it is part of the primary key for table [trainer_phone_numbers]
2025-06-13 17:24:41.851 [main] DEBUG org.hibernate.boot.model.internal.CollectionSecondPass - Mapped collection key: trainer_id, element: phone_numbers
2025-06-13 17:24:41.851 [main] DEBUG org.hibernate.boot.model.internal.CollectionSecondPass - Second pass for collection: com.example.trainup.model.user.Trainer.certificates
2025-06-13 17:24:41.851 [main] DEBUG org.hibernate.boot.model.internal.CollectionBinder - Binding a collection of element: com.example.trainup.model.user.Trainer.certificates
2025-06-13 17:24:41.863 [main] DEBUG org.hibernate.boot.registry.classloading.internal.ClassLoaderServiceImpl - HHH000194: Package not found or no package-info.java: com.example.trainup.model.user
2025-06-13 17:24:41.863 [main] DEBUG org.hibernate.boot.model.internal.CollectionPropertyHolder - Attempting to locate auto-apply AttributeConverter for collection element [com.example.trainup.model.user.Trainer.certificates]
2025-06-13 17:24:41.863 [main] DEBUG org.hibernate.boot.model.internal.BasicValueBinder - building BasicValue for null
2025-06-13 17:24:41.863 [main] DEBUG org.hibernate.mapping.BasicValue - Skipping column re-registration: trainer_certificates.certificates
2025-06-13 17:24:41.864 [main] DEBUG org.hibernate.boot.model.internal.BasicValueBinder - Starting `BasicValueBinder#fillSimpleValue` for null
2025-06-13 17:24:41.864 [main] DEBUG org.hibernate.mapping.PrimaryKey - Forcing column [trainer_id] to be non-null as it is part of the primary key for table [trainer_certificates]
2025-06-13 17:24:41.864 [main] DEBUG org.hibernate.boot.model.internal.CollectionSecondPass - Mapped collection key: trainer_id, element: certificates
2025-06-13 17:24:41.864 [main] DEBUG org.hibernate.boot.model.internal.CollectionSecondPass - Second pass for collection: com.example.trainup.model.user.GymOwner.phoneNumbers
2025-06-13 17:24:41.864 [main] DEBUG org.hibernate.boot.model.internal.CollectionBinder - Binding a collection of element: com.example.trainup.model.user.GymOwner.phoneNumbers
2025-06-13 17:24:41.875 [main] DEBUG org.hibernate.boot.registry.classloading.internal.ClassLoaderServiceImpl - HHH000194: Package not found or no package-info.java: com.example.trainup.model.user
2025-06-13 17:24:41.875 [main] DEBUG org.hibernate.boot.model.internal.CollectionPropertyHolder - Attempting to locate auto-apply AttributeConverter for collection element [com.example.trainup.model.user.GymOwner.phoneNumbers]
2025-06-13 17:24:41.875 [main] DEBUG org.hibernate.boot.model.internal.BasicValueBinder - building BasicValue for null
2025-06-13 17:24:41.875 [main] DEBUG org.hibernate.mapping.BasicValue - Skipping column re-registration: gym_owner_phone_numbers.phone_numbers
2025-06-13 17:24:41.875 [main] DEBUG org.hibernate.boot.model.internal.BasicValueBinder - Starting `BasicValueBinder#fillSimpleValue` for null
2025-06-13 17:24:41.875 [main] DEBUG org.hibernate.mapping.PrimaryKey - Forcing column [gym_owner_id] to be non-null as it is part of the primary key for table [gym_owner_phone_numbers]
2025-06-13 17:24:41.876 [main] DEBUG org.hibernate.boot.model.internal.CollectionSecondPass - Mapped collection key: gym_owner_id, element: phone_numbers
2025-06-13 17:24:41.876 [main] DEBUG org.hibernate.boot.model.internal.CollectionSecondPass - Second pass for collection: com.example.trainup.model.user.Athlete.phoneNumbers
2025-06-13 17:24:41.876 [main] DEBUG org.hibernate.boot.model.internal.CollectionBinder - Binding a collection of element: com.example.trainup.model.user.Athlete.phoneNumbers
2025-06-13 17:24:41.888 [main] DEBUG org.hibernate.boot.registry.classloading.internal.ClassLoaderServiceImpl - HHH000194: Package not found or no package-info.java: com.example.trainup.model.user
2025-06-13 17:24:41.888 [main] DEBUG org.hibernate.boot.model.internal.CollectionPropertyHolder - Attempting to locate auto-apply AttributeConverter for collection element [com.example.trainup.model.user.Athlete.phoneNumbers]
2025-06-13 17:24:41.888 [main] DEBUG org.hibernate.boot.model.internal.BasicValueBinder - building BasicValue for null
2025-06-13 17:24:41.888 [main] DEBUG org.hibernate.mapping.BasicValue - Skipping column re-registration: athlete_phone_numbers.phone_numbers
2025-06-13 17:24:41.888 [main] DEBUG org.hibernate.boot.model.internal.BasicValueBinder - Starting `BasicValueBinder#fillSimpleValue` for null
2025-06-13 17:24:41.888 [main] DEBUG org.hibernate.mapping.PrimaryKey - Forcing column [athlete_id] to be non-null as it is part of the primary key for table [athlete_phone_numbers]
2025-06-13 17:24:41.889 [main] DEBUG org.hibernate.boot.model.internal.CollectionSecondPass - Mapped collection key: athlete_id, element: phone_numbers
2025-06-13 17:24:41.889 [main] DEBUG org.hibernate.boot.model.internal.CollectionSecondPass - Second pass for collection: com.example.trainup.model.Sport.athletes
2025-06-13 17:24:41.889 [main] DEBUG org.hibernate.boot.model.internal.CollectionBinder - Binding a ManyToMany: com.example.trainup.model.Sport.athletes
2025-06-13 17:24:41.898 [main] DEBUG org.hibernate.boot.registry.classloading.internal.ClassLoaderServiceImpl - HHH000194: Package not found or no package-info.java: com.example.trainup.model
2025-06-13 17:24:41.898 [main] DEBUG org.hibernate.mapping.PrimaryKey - Forcing column [sport_id] to be non-null as it is part of the primary key for table [sports_athletes]
2025-06-13 17:24:41.899 [main] DEBUG org.hibernate.mapping.PrimaryKey - Forcing column [athlete_id] to be non-null as it is part of the primary key for table [sports_athletes]
2025-06-13 17:24:41.899 [main] DEBUG org.hibernate.boot.model.internal.CollectionSecondPass - Mapped collection key: sport_id, element: athlete_id
2025-06-13 17:24:41.899 [main] DEBUG org.hibernate.boot.model.internal.CollectionSecondPass - Second pass for collection: com.example.trainup.model.Gym.workingHours
2025-06-13 17:24:41.899 [main] DEBUG org.hibernate.boot.model.internal.CollectionBinder - Binding a collection of element: com.example.trainup.model.Gym.workingHours
2025-06-13 17:24:41.908 [main] DEBUG org.hibernate.boot.registry.classloading.internal.ClassLoaderServiceImpl - HHH000194: Package not found or no package-info.java: com.example.trainup.model
2025-06-13 17:24:41.909 [main] DEBUG org.hibernate.boot.model.internal.AnnotatedColumn - Binding column: AnnotatedColumn(column='day_of_week')
2025-06-13 17:24:41.909 [main] DEBUG org.hibernate.boot.model.internal.PropertyBinder - MetadataSourceProcessor property dayOfWeek with lazy=false
2025-06-13 17:24:41.910 [main] DEBUG org.hibernate.boot.model.internal.AbstractPropertyHolder - Attempting to locate auto-apply AttributeConverter for property [com.example.trainup.model.Gym.workingHours.collection&&element:dayOfWeek]
2025-06-13 17:24:41.910 [main] DEBUG org.hibernate.boot.model.internal.BasicValueBinder - building BasicValue for dayOfWeek
2025-06-13 17:24:41.910 [main] DEBUG org.hibernate.mapping.BasicValue - Skipping column re-registration: gym_working_hours.day_of_week
2025-06-13 17:24:41.910 [main] DEBUG org.hibernate.boot.model.internal.BasicValueBinder - Starting `BasicValueBinder#fillSimpleValue` for dayOfWeek
2025-06-13 17:24:41.910 [main] DEBUG org.hibernate.boot.model.internal.PropertyBinder - Building property dayOfWeek
2025-06-13 17:24:41.910 [main] DEBUG org.hibernate.boot.model.internal.AnnotatedColumn - Binding column: AnnotatedColumn(column='end_time')
2025-06-13 17:24:41.911 [main] DEBUG org.hibernate.boot.model.internal.PropertyBinder - MetadataSourceProcessor property endTime with lazy=false
2025-06-13 17:24:41.911 [main] DEBUG org.hibernate.boot.model.internal.AbstractPropertyHolder - Attempting to locate auto-apply AttributeConverter for property [com.example.trainup.model.Gym.workingHours.collection&&element:endTime]
2025-06-13 17:24:41.911 [main] DEBUG org.hibernate.boot.model.internal.BasicValueBinder - building BasicValue for endTime
2025-06-13 17:24:41.911 [main] DEBUG org.hibernate.mapping.BasicValue - Skipping column re-registration: gym_working_hours.end_time
2025-06-13 17:24:41.911 [main] DEBUG org.hibernate.boot.model.internal.BasicValueBinder - Starting `BasicValueBinder#fillSimpleValue` for endTime
2025-06-13 17:24:41.911 [main] DEBUG org.hibernate.boot.model.internal.PropertyBinder - Building property endTime
2025-06-13 17:24:41.912 [main] DEBUG org.hibernate.boot.model.internal.AnnotatedColumn - Binding column: AnnotatedColumn(column='start_time')
2025-06-13 17:24:41.912 [main] DEBUG org.hibernate.boot.model.internal.PropertyBinder - MetadataSourceProcessor property startTime with lazy=false
2025-06-13 17:24:41.912 [main] DEBUG org.hibernate.boot.model.internal.AbstractPropertyHolder - Attempting to locate auto-apply AttributeConverter for property [com.example.trainup.model.Gym.workingHours.collection&&element:startTime]
2025-06-13 17:24:41.912 [main] DEBUG org.hibernate.boot.model.internal.BasicValueBinder - building BasicValue for startTime
2025-06-13 17:24:41.912 [main] DEBUG org.hibernate.mapping.BasicValue - Skipping column re-registration: gym_working_hours.start_time
2025-06-13 17:24:41.912 [main] DEBUG org.hibernate.boot.model.internal.BasicValueBinder - Starting `BasicValueBinder#fillSimpleValue` for startTime
2025-06-13 17:24:41.912 [main] DEBUG org.hibernate.boot.model.internal.PropertyBinder - Building property startTime
2025-06-13 17:24:41.913 [main] DEBUG org.hibernate.mapping.PrimaryKey - Forcing column [gym_id] to be non-null as it is part of the primary key for table [gym_working_hours]
2025-06-13 17:24:41.913 [main] DEBUG org.hibernate.boot.model.internal.CollectionSecondPass - Mapped collection key: gym_id, element: day_of_week, end_time, start_time
2025-06-13 17:24:41.913 [main] DEBUG org.hibernate.boot.model.internal.CollectionSecondPass - Second pass for collection: com.example.trainup.model.Gym.trainers
2025-06-13 17:24:41.913 [main] DEBUG org.hibernate.boot.model.internal.CollectionBinder - Binding a ManyToMany: com.example.trainup.model.Gym.trainers
2025-06-13 17:24:41.922 [main] DEBUG org.hibernate.boot.registry.classloading.internal.ClassLoaderServiceImpl - HHH000194: Package not found or no package-info.java: com.example.trainup.model
2025-06-13 17:24:41.922 [main] DEBUG org.hibernate.mapping.PrimaryKey - Forcing column [gym_id] to be non-null as it is part of the primary key for table [gyms_trainers]
2025-06-13 17:24:41.922 [main] DEBUG org.hibernate.mapping.PrimaryKey - Forcing column [trainer_id] to be non-null as it is part of the primary key for table [gyms_trainers]
2025-06-13 17:24:41.923 [main] DEBUG org.hibernate.boot.model.internal.CollectionSecondPass - Mapped collection key: gym_id, element: trainer_id
2025-06-13 17:24:41.923 [main] DEBUG org.hibernate.boot.model.internal.CollectionSecondPass - Second pass for collection: com.example.trainup.model.Gym.sports
2025-06-13 17:24:41.923 [main] DEBUG org.hibernate.boot.model.internal.CollectionBinder - Binding a ManyToMany: com.example.trainup.model.Gym.sports
2025-06-13 17:24:41.933 [main] DEBUG org.hibernate.boot.registry.classloading.internal.ClassLoaderServiceImpl - HHH000194: Package not found or no package-info.java: com.example.trainup.model
2025-06-13 17:24:41.933 [main] DEBUG org.hibernate.mapping.PrimaryKey - Forcing column [gym_id] to be non-null as it is part of the primary key for table [sports_gyms]
2025-06-13 17:24:41.933 [main] DEBUG org.hibernate.mapping.PrimaryKey - Forcing column [sport_id] to be non-null as it is part of the primary key for table [sports_gyms]
2025-06-13 17:24:41.933 [main] DEBUG org.hibernate.boot.model.internal.CollectionSecondPass - Mapped collection key: gym_id, element: sport_id
2025-06-13 17:24:41.933 [main] DEBUG org.hibernate.boot.model.internal.CollectionSecondPass - Second pass for collection: com.example.trainup.model.Gym.phoneNumbers
2025-06-13 17:24:41.934 [main] DEBUG org.hibernate.boot.model.internal.CollectionBinder - Binding a collection of element: com.example.trainup.model.Gym.phoneNumbers
2025-06-13 17:24:41.944 [main] DEBUG org.hibernate.boot.registry.classloading.internal.ClassLoaderServiceImpl - HHH000194: Package not found or no package-info.java: com.example.trainup.model
2025-06-13 17:24:41.944 [main] DEBUG org.hibernate.boot.model.internal.CollectionPropertyHolder - Attempting to locate auto-apply AttributeConverter for collection element [com.example.trainup.model.Gym.phoneNumbers]
2025-06-13 17:24:41.945 [main] DEBUG org.hibernate.boot.model.internal.BasicValueBinder - building BasicValue for null
2025-06-13 17:24:41.945 [main] DEBUG org.hibernate.mapping.BasicValue - Skipping column re-registration: gym_phone_numbers.phone_numbers
2025-06-13 17:24:41.945 [main] DEBUG org.hibernate.boot.model.internal.BasicValueBinder - Starting `BasicValueBinder#fillSimpleValue` for null
2025-06-13 17:24:41.945 [main] DEBUG org.hibernate.mapping.PrimaryKey - Forcing column [gym_id] to be non-null as it is part of the primary key for table [gym_phone_numbers]
2025-06-13 17:24:41.945 [main] DEBUG org.hibernate.boot.model.internal.CollectionSecondPass - Mapped collection key: gym_id, element: phone_numbers
2025-06-13 17:24:41.945 [main] DEBUG org.hibernate.boot.model.internal.PropertyBinder - Building property gym
2025-06-13 17:24:41.946 [main] DEBUG org.hibernate.boot.model.internal.CollectionSecondPass - Second pass for collection: com.example.trainup.model.Address.trainers
2025-06-13 17:24:41.946 [main] DEBUG org.hibernate.boot.model.internal.CollectionBinder - Binding a OneToMany: com.example.trainup.model.Address.trainers through a foreign key
2025-06-13 17:24:41.946 [main] DEBUG org.hibernate.boot.model.internal.CollectionBinder - Mapping collection: com.example.trainup.model.Address.trainers -> trainers
2025-06-13 17:24:41.946 [main] DEBUG org.hibernate.boot.model.internal.TableBinder - Retrieving property com.example.trainup.model.user.Trainer.location
2025-06-13 17:24:41.946 [main] DEBUG org.hibernate.boot.model.internal.CollectionSecondPass - Mapped collection key: address_id, one-to-many: com.example.trainup.model.user.Trainer
2025-06-13 17:24:41.947 [main] DEBUG org.hibernate.boot.model.internal.CollectionSecondPass - Second pass for collection: com.example.trainup.model.Gym.photos
2025-06-13 17:24:41.947 [main] DEBUG org.hibernate.boot.model.internal.CollectionBinder - Binding a OneToMany: com.example.trainup.model.Gym.photos through a foreign key
2025-06-13 17:24:41.947 [main] DEBUG org.hibernate.boot.model.internal.CollectionBinder - Mapping collection: com.example.trainup.model.Gym.photos -> gym_photos
2025-06-13 17:24:41.947 [main] DEBUG org.hibernate.boot.model.internal.TableBinder - Retrieving property com.example.trainup.model.GymPhoto.gym
2025-06-13 17:24:41.947 [main] DEBUG org.hibernate.boot.model.internal.CollectionSecondPass - Mapped collection key: gym_id, one-to-many: com.example.trainup.model.GymPhoto
2025-06-13 17:24:41.947 [main] DEBUG org.hibernate.boot.model.internal.CollectionSecondPass - Second pass for collection: com.example.trainup.model.Gym.reviews
2025-06-13 17:24:41.948 [main] DEBUG org.hibernate.boot.model.internal.CollectionBinder - Binding a OneToMany: com.example.trainup.model.Gym.reviews through a foreign key
2025-06-13 17:24:41.948 [main] DEBUG org.hibernate.boot.model.internal.CollectionBinder - Mapping collection: com.example.trainup.model.Gym.reviews -> reviews
2025-06-13 17:24:41.948 [main] DEBUG org.hibernate.boot.model.internal.TableBinder - Retrieving property com.example.trainup.model.Review.gym
2025-06-13 17:24:41.948 [main] DEBUG org.hibernate.boot.model.internal.CollectionSecondPass - Mapped collection key: gym_id, one-to-many: com.example.trainup.model.Review
2025-06-13 17:24:41.948 [main] DEBUG org.hibernate.boot.model.internal.CollectionSecondPass - Second pass for collection: com.example.trainup.model.Sport.gyms
2025-06-13 17:24:41.948 [main] DEBUG org.hibernate.boot.model.internal.CollectionBinder - Binding a ManyToMany: com.example.trainup.model.Sport.gyms
2025-06-13 17:24:41.957 [main] DEBUG org.hibernate.boot.registry.classloading.internal.ClassLoaderServiceImpl - HHH000194: Package not found or no package-info.java: com.example.trainup.model
2025-06-13 17:24:41.957 [main] DEBUG org.hibernate.boot.model.internal.TableBinder - Retrieving property com.example.trainup.model.Gym.sports
2025-06-13 17:24:41.958 [main] DEBUG org.hibernate.boot.model.internal.CollectionSecondPass - Mapped collection key: sport_id, element: gym_id
2025-06-13 17:24:41.958 [main] DEBUG org.hibernate.boot.model.internal.CollectionSecondPass - Second pass for collection: com.example.trainup.model.Sport.trainers
2025-06-13 17:24:41.958 [main] DEBUG org.hibernate.boot.model.internal.CollectionBinder - Binding a ManyToMany: com.example.trainup.model.Sport.trainers
2025-06-13 17:24:41.969 [main] DEBUG org.hibernate.boot.registry.classloading.internal.ClassLoaderServiceImpl - HHH000194: Package not found or no package-info.java: com.example.trainup.model
2025-06-13 17:24:41.969 [main] DEBUG org.hibernate.boot.model.internal.TableBinder - Retrieving property com.example.trainup.model.user.Trainer.sports
2025-06-13 17:24:41.969 [main] DEBUG org.hibernate.boot.model.internal.CollectionSecondPass - Mapped collection key: sport_id, element: trainer_id
2025-06-13 17:24:41.969 [main] DEBUG org.hibernate.boot.model.internal.CollectionSecondPass - Second pass for collection: com.example.trainup.model.user.Athlete.sports
2025-06-13 17:24:41.969 [main] DEBUG org.hibernate.boot.model.internal.CollectionBinder - Binding a ManyToMany: com.example.trainup.model.user.Athlete.sports
2025-06-13 17:24:41.981 [main] DEBUG org.hibernate.boot.registry.classloading.internal.ClassLoaderServiceImpl - HHH000194: Package not found or no package-info.java: com.example.trainup.model.user
2025-06-13 17:24:41.981 [main] DEBUG org.hibernate.boot.model.internal.TableBinder - Retrieving property com.example.trainup.model.Sport.athletes
2025-06-13 17:24:41.982 [main] DEBUG org.hibernate.boot.model.internal.CollectionSecondPass - Mapped collection key: athlete_id, element: sport_id
2025-06-13 17:24:41.982 [main] DEBUG org.hibernate.boot.model.internal.CollectionSecondPass - Second pass for collection: com.example.trainup.model.user.GymOwner.ownedGyms
2025-06-13 17:24:41.982 [main] DEBUG org.hibernate.boot.model.internal.CollectionBinder - Binding a OneToMany: com.example.trainup.model.user.GymOwner.ownedGyms through a foreign key
2025-06-13 17:24:41.982 [main] DEBUG org.hibernate.boot.model.internal.CollectionBinder - Mapping collection: com.example.trainup.model.user.GymOwner.ownedGyms -> gyms
2025-06-13 17:24:41.982 [main] DEBUG org.hibernate.boot.model.internal.TableBinder - Retrieving property com.example.trainup.model.Gym.gymOwner
2025-06-13 17:24:41.983 [main] DEBUG org.hibernate.boot.model.internal.CollectionSecondPass - Mapped collection key: gym_owner_id, one-to-many: com.example.trainup.model.Gym
2025-06-13 17:24:41.983 [main] DEBUG org.hibernate.boot.model.internal.CollectionSecondPass - Second pass for collection: com.example.trainup.model.user.Trainer.gyms
2025-06-13 17:24:41.983 [main] DEBUG org.hibernate.boot.model.internal.CollectionBinder - Binding a ManyToMany: com.example.trainup.model.user.Trainer.gyms
2025-06-13 17:24:42.008 [main] DEBUG org.hibernate.boot.registry.classloading.internal.ClassLoaderServiceImpl - HHH000194: Package not found or no package-info.java: com.example.trainup.model.user
2025-06-13 17:24:42.008 [main] DEBUG org.hibernate.boot.model.internal.TableBinder - Retrieving property com.example.trainup.model.Gym.trainers
2025-06-13 17:24:42.008 [main] DEBUG org.hibernate.boot.model.internal.CollectionSecondPass - Mapped collection key: trainer_id, element: gym_id
2025-06-13 17:24:42.008 [main] DEBUG org.hibernate.boot.model.internal.CollectionSecondPass - Second pass for collection: com.example.trainup.model.user.Trainer.reviews
2025-06-13 17:24:42.008 [main] DEBUG org.hibernate.boot.model.internal.CollectionBinder - Binding a OneToMany: com.example.trainup.model.user.Trainer.reviews through a foreign key
2025-06-13 17:24:42.009 [main] DEBUG org.hibernate.boot.model.internal.CollectionBinder - Mapping collection: com.example.trainup.model.user.Trainer.reviews -> reviews
2025-06-13 17:24:42.009 [main] DEBUG org.hibernate.boot.model.internal.TableBinder - Retrieving property com.example.trainup.model.Review.trainer
2025-06-13 17:24:42.009 [main] DEBUG org.hibernate.boot.model.internal.CollectionSecondPass - Mapped collection key: trainer_id, one-to-many: com.example.trainup.model.Review
2025-06-13 17:24:42.009 [main] DEBUG org.hibernate.boot.internal.InFlightMetadataCollectorImpl - Processing association property references
2025-06-13 17:24:42.026 [main] DEBUG org.hibernate.boot.internal.InFlightMetadataCollectorImpl - Processing association property references
2025-06-13 17:24:42.055 [main] DEBUG org.hibernate.internal.SessionFactoryImpl - Building session factory
2025-06-13 17:24:42.066 [main] DEBUG org.hibernate.service.internal.SessionFactoryServiceRegistryImpl - EventListenerRegistry access via ServiceRegistry is deprecated.  Use `sessionFactory.getEventEngine().getListenerRegistry()` instead
2025-06-13 17:24:42.066 [main] DEBUG org.hibernate.internal.SessionFactoryImpl - Instantiating SessionFactory with settings: {hibernate.format_sql=true, java.specification.version=17, hibernate.resource.beans.container=org.springframework.orm.hibernate5.SpringBeanContainer@3095df9c, hibernate.connection.handling_mode=DELAYED_ACQUISITION_AND_HOLD, sun.jnu.encoding=UTF-8, hibernate.dialect=org.hibernate.dialect.PostgreSQLDialect, hibernate.implicit_naming_strategy=org.springframework.boot.orm.jpa.hibernate.SpringImplicitNamingStrategy, java.class.path=/mnt/c/Users/Bohdan-Dymydiuk/projects/my-projects/train-up/target/test-classes:/mnt/c/Users/Bohdan-Dymydiuk/projects/my-projects/train-up/target/classes:/home/sadsadsa/.m2/repository/org/springframework/boot/spring-boot-starter-data-jdbc/3.4.3/spring-boot-starter-data-jdbc-3.4.3.jar:/home/sadsadsa/.m2/repository/org/springframework/boot/spring-boot-starter-jdbc/3.4.3/spring-boot-starter-jdbc-3.4.3.jar:/home/sadsadsa/.m2/repository/com/zaxxer/HikariCP/5.1.0/HikariCP-5.1.0.jar:/home/sadsadsa/.m2/repository/org/springframework/spring-jdbc/6.2.3/spring-jdbc-6.2.3.jar:/home/sadsadsa/.m2/repository/org/springframework/data/spring-data-jdbc/3.4.3/spring-data-jdbc-3.4.3.jar:/home/sadsadsa/.m2/repository/org/springframework/data/spring-data-relational/3.4.3/spring-data-relational-3.4.3.jar:/home/sadsadsa/.m2/repository/org/springframework/data/spring-data-commons/3.4.3/spring-data-commons-3.4.3.jar:/home/sadsadsa/.m2/repository/org/springframework/spring-tx/6.2.3/spring-tx-6.2.3.jar:/home/sadsadsa/.m2/repository/org/springframework/spring-context/6.2.3/spring-context-6.2.3.jar:/home/sadsadsa/.m2/repository/org/springframework/spring-beans/6.2.3/spring-beans-6.2.3.jar:/home/sadsadsa/.m2/repository/org/slf4j/slf4j-api/2.0.16/slf4j-api-2.0.16.jar:/home/sadsadsa/.m2/repository/org/springframework/boot/spring-boot-starter-data-jpa/3.4.3/spring-boot-starter-data-jpa-3.4.3.jar:/home/sadsadsa/.m2/repository/org/springframework/boot/spring-boot-starter/3.4.3/spring-boot-starter-3.4.3.jar:/home/sadsadsa/.m2/repository/jakarta/annotation/jakarta.annotation-api/2.1.1/jakarta.annotation-api-2.1.1.jar:/home/sadsadsa/.m2/repository/org/hibernate/orm/hibernate-core/6.6.8.Final/hibernate-core-6.6.8.Final.jar:/home/sadsadsa/.m2/repository/jakarta/persistence/jakarta.persistence-api/3.1.0/jakarta.persistence-api-3.1.0.jar:/home/sadsadsa/.m2/repository/jakarta/transaction/jakarta.transaction-api/2.0.1/jakarta.transaction-api-2.0.1.jar:/home/sadsadsa/.m2/repository/org/jboss/logging/jboss-logging/3.6.1.Final/jboss-logging-3.6.1.Final.jar:/home/sadsadsa/.m2/repository/org/hibernate/common/hibernate-commons-annotations/7.0.3.Final/hibernate-commons-annotations-7.0.3.Final.jar:/home/sadsadsa/.m2/repository/io/smallrye/jandex/3.2.0/jandex-3.2.0.jar:/home/sadsadsa/.m2/repository/com/fasterxml/classmate/1.7.0/classmate-1.7.0.jar:/home/sadsadsa/.m2/repository/org/glassfish/jaxb/jaxb-runtime/4.0.5/jaxb-runtime-4.0.5.jar:/home/sadsadsa/.m2/repository/org/glassfish/jaxb/jaxb-core/4.0.5/jaxb-core-4.0.5.jar:/home/sadsadsa/.m2/repository/org/glassfish/jaxb/txw2/4.0.5/txw2-4.0.5.jar:/home/sadsadsa/.m2/repository/com/sun/istack/istack-commons-runtime/4.1.2/istack-commons-runtime-4.1.2.jar:/home/sadsadsa/.m2/repository/jakarta/inject/jakarta.inject-api/2.0.1/jakarta.inject-api-2.0.1.jar:/home/sadsadsa/.m2/repository/org/antlr/antlr4-runtime/4.13.0/antlr4-runtime-4.13.0.jar:/home/sadsadsa/.m2/repository/org/springframework/data/spring-data-jpa/3.4.3/spring-data-jpa-3.4.3.jar:/home/sadsadsa/.m2/repository/org/springframework/spring-orm/6.2.3/spring-orm-6.2.3.jar:/home/sadsadsa/.m2/repository/org/springframework/spring-aspects/6.2.3/spring-aspects-6.2.3.jar:/home/sadsadsa/.m2/repository/org/aspectj/aspectjweaver/1.9.22.1/aspectjweaver-1.9.22.1.jar:/home/sadsadsa/.m2/repository/org/springframework/boot/spring-boot-starter-security/3.4.3/spring-boot-starter-security-3.4.3.jar:/home/sadsadsa/.m2/repository/org/springframework/spring-aop/6.2.3/spring-aop-6.2.3.jar:/home/sadsadsa/.m2/repository/org/springframework/security/spring-security-config/6.4.3/spring-security-config-6.4.3.jar:/home/sadsadsa/.m2/repository/org/springframework/security/spring-security-web/6.4.3/spring-security-web-6.4.3.jar:/home/sadsadsa/.m2/repository/org/springframework/spring-expression/6.2.3/spring-expression-6.2.3.jar:/home/sadsadsa/.m2/repository/org/springframework/boot/spring-boot-starter-web/3.4.3/spring-boot-starter-web-3.4.3.jar:/home/sadsadsa/.m2/repository/org/springframework/boot/spring-boot-starter-json/3.4.3/spring-boot-starter-json-3.4.3.jar:/home/sadsadsa/.m2/repository/org/springframework/boot/spring-boot-starter-tomcat/3.4.3/spring-boot-starter-tomcat-3.4.3.jar:/home/sadsadsa/.m2/repository/org/apache/tomcat/embed/tomcat-embed-core/10.1.36/tomcat-embed-core-10.1.36.jar:/home/sadsadsa/.m2/repository/org/apache/tomcat/embed/tomcat-embed-websocket/10.1.36/tomcat-embed-websocket-10.1.36.jar:/home/sadsadsa/.m2/repository/org/springframework/spring-web/6.2.3/spring-web-6.2.3.jar:/home/sadsadsa/.m2/repository/org/springframework/spring-webmvc/6.2.3/spring-webmvc-6.2.3.jar:/home/sadsadsa/.m2/repository/org/springframework/boot/spring-boot-starter-web-services/3.4.3/spring-boot-starter-web-services-3.4.3.jar:/home/sadsadsa/.m2/repository/com/sun/xml/messaging/saaj/saaj-impl/3.0.4/saaj-impl-3.0.4.jar:/home/sadsadsa/.m2/repository/jakarta/xml/soap/jakarta.xml.soap-api/3.0.2/jakarta.xml.soap-api-3.0.2.jar:/home/sadsadsa/.m2/repository/org/jvnet/staxex/stax-ex/2.1.0/stax-ex-2.1.0.jar:/home/sadsadsa/.m2/repository/org/eclipse/angus/angus-activation/2.0.2/angus-activation-2.0.2.jar:/home/sadsadsa/.m2/repository/jakarta/xml/ws/jakarta.xml.ws-api/4.0.2/jakarta.xml.ws-api-4.0.2.jar:/home/sadsadsa/.m2/repository/org/springframework/spring-oxm/6.2.3/spring-oxm-6.2.3.jar:/home/sadsadsa/.m2/repository/org/springframework/ws/spring-ws-core/4.0.11/spring-ws-core-4.0.11.jar:/home/sadsadsa/.m2/repository/org/springframework/ws/spring-xml/4.0.11/spring-xml-4.0.11.jar:/home/sadsadsa/.m2/repository/org/springframework/boot/spring-boot-devtools/3.4.3/spring-boot-devtools-3.4.3.jar:/home/sadsadsa/.m2/repository/org/springframework/boot/spring-boot/3.4.3/spring-boot-3.4.3.jar:/home/sadsadsa/.m2/repository/org/springframework/boot/spring-boot-autoconfigure/3.4.3/spring-boot-autoconfigure-3.4.3.jar:/home/sadsadsa/.m2/repository/org/springframework/boot/spring-boot-docker-compose/3.4.3/spring-boot-docker-compose-3.4.3.jar:/home/sadsadsa/.m2/repository/com/fasterxml/jackson/module/jackson-module-parameter-names/2.18.2/jackson-module-parameter-names-2.18.2.jar:/home/sadsadsa/.m2/repository/org/postgresql/postgresql/42.7.4/postgresql-42.7.4.jar:/home/sadsadsa/.m2/repository/org/checkerframework/checker-qual/3.42.0/checker-qual-3.42.0.jar:/home/sadsadsa/.m2/repository/org/projectlombok/lombok/1.18.34/lombok-1.18.34.jar:/home/sadsadsa/.m2/repository/org/springframework/boot/spring-boot-starter-test/3.4.3/spring-boot-starter-test-3.4.3.jar:/home/sadsadsa/.m2/repository/org/springframework/boot/spring-boot-test/3.4.3/spring-boot-test-3.4.3.jar:/home/sadsadsa/.m2/repository/org/springframework/boot/spring-boot-test-autoconfigure/3.4.3/spring-boot-test-autoconfigure-3.4.3.jar:/home/sadsadsa/.m2/repository/com/jayway/jsonpath/json-path/2.9.0/json-path-2.9.0.jar:/home/sadsadsa/.m2/repository/jakarta/xml/bind/jakarta.xml.bind-api/4.0.2/jakarta.xml.bind-api-4.0.2.jar:/home/sadsadsa/.m2/repository/net/minidev/json-smart/2.5.2/json-smart-2.5.2.jar:/home/sadsadsa/.m2/repository/net/minidev/accessors-smart/2.5.2/accessors-smart-2.5.2.jar:/home/sadsadsa/.m2/repository/org/ow2/asm/asm/9.7.1/asm-9.7.1.jar:/home/sadsadsa/.m2/repository/org/assertj/assertj-core/3.26.3/assertj-core-3.26.3.jar:/home/sadsadsa/.m2/repository/org/awaitility/awaitility/4.2.2/awaitility-4.2.2.jar:/home/sadsadsa/.m2/repository/org/hamcrest/hamcrest/2.2/hamcrest-2.2.jar:/home/sadsadsa/.m2/repository/org/skyscreamer/jsonassert/1.5.3/jsonassert-1.5.3.jar:/home/sadsadsa/.m2/repository/com/vaadin/external/google/android-json/0.0.20131108.vaadin1/android-json-0.0.20131108.vaadin1.jar:/home/sadsadsa/.m2/repository/org/springframework/spring-core/6.2.3/spring-core-6.2.3.jar:/home/sadsadsa/.m2/repository/org/springframework/spring-jcl/6.2.3/spring-jcl-6.2.3.jar:/home/sadsadsa/.m2/repository/org/springframework/spring-test/6.2.3/spring-test-6.2.3.jar:/home/sadsadsa/.m2/repository/org/xmlunit/xmlunit-core/2.10.0/xmlunit-core-2.10.0.jar:/home/sadsadsa/.m2/repository/org/springframework/security/spring-security-test/6.4.3/spring-security-test-6.4.3.jar:/home/sadsadsa/.m2/repository/org/springframework/security/spring-security-core/6.4.3/spring-security-core-6.4.3.jar:/home/sadsadsa/.m2/repository/org/springframework/security/spring-security-crypto/6.4.3/spring-security-crypto-6.4.3.jar:/home/sadsadsa/.m2/repository/org/liquibase/liquibase-core/4.29.2/liquibase-core-4.29.2.jar:/home/sadsadsa/.m2/repository/com/opencsv/opencsv/5.9/opencsv-5.9.jar:/home/sadsadsa/.m2/repository/org/yaml/snakeyaml/2.3/snakeyaml-2.3.jar:/home/sadsadsa/.m2/repository/javax/xml/bind/jaxb-api/2.3.1/jaxb-api-2.3.1.jar:/home/sadsadsa/.m2/repository/commons-io/commons-io/2.16.1/commons-io-2.16.1.jar:/home/sadsadsa/.m2/repository/org/apache/commons/commons-collections4/4.4/commons-collections4-4.4.jar:/home/sadsadsa/.m2/repository/org/apache/commons/commons-text/1.12.0/commons-text-1.12.0.jar:/home/sadsadsa/.m2/repository/org/apache/commons/commons-lang3/3.17.0/commons-lang3-3.17.0.jar:/home/sadsadsa/.m2/repository/org/mapstruct/mapstruct/1.5.5.Final/mapstruct-1.5.5.Final.jar:/home/sadsadsa/.m2/repository/io/jsonwebtoken/jjwt-api/0.12.6/jjwt-api-0.12.6.jar:/home/sadsadsa/.m2/repository/io/jsonwebtoken/jjwt-impl/0.12.6/jjwt-impl-0.12.6.jar:/home/sadsadsa/.m2/repository/org/springframework/boot/spring-boot-starter-validation/3.4.3/spring-boot-starter-validation-3.4.3.jar:/home/sadsadsa/.m2/repository/org/apache/tomcat/embed/tomcat-embed-el/10.1.36/tomcat-embed-el-10.1.36.jar:/home/sadsadsa/.m2/repository/org/hibernate/validator/hibernate-validator/8.0.2.Final/hibernate-validator-8.0.2.Final.jar:/home/sadsadsa/.m2/repository/jakarta/validation/jakarta.validation-api/3.0.2/jakarta.validation-api-3.0.2.jar:/home/sadsadsa/.m2/repository/org/springdoc/springdoc-openapi-starter-webmvc-ui/2.8.6/springdoc-openapi-starter-webmvc-ui-2.8.6.jar:/home/sadsadsa/.m2/repository/org/springdoc/springdoc-openapi-starter-webmvc-api/2.8.6/springdoc-openapi-starter-webmvc-api-2.8.6.jar:/home/sadsadsa/.m2/repository/org/springdoc/springdoc-openapi-starter-common/2.8.6/springdoc-openapi-starter-common-2.8.6.jar:/home/sadsadsa/.m2/repository/io/swagger/core/v3/swagger-core-jakarta/2.2.29/swagger-core-jakarta-2.2.29.jar:/home/sadsadsa/.m2/repository/io/swagger/core/v3/swagger-annotations-jakarta/2.2.29/swagger-annotations-jakarta-2.2.29.jar:/home/sadsadsa/.m2/repository/io/swagger/core/v3/swagger-models-jakarta/2.2.29/swagger-models-jakarta-2.2.29.jar:/home/sadsadsa/.m2/repository/com/fasterxml/jackson/dataformat/jackson-dataformat-yaml/2.18.2/jackson-dataformat-yaml-2.18.2.jar:/home/sadsadsa/.m2/repository/org/webjars/swagger-ui/5.20.1/swagger-ui-5.20.1.jar:/home/sadsadsa/.m2/repository/org/webjars/webjars-locator-lite/1.0.1/webjars-locator-lite-1.0.1.jar:/home/sadsadsa/.m2/repository/org/junit/jupiter/junit-jupiter/5.11.4/junit-jupiter-5.11.4.jar:/home/sadsadsa/.m2/repository/org/junit/jupiter/junit-jupiter-api/5.11.4/junit-jupiter-api-5.11.4.jar:/home/sadsadsa/.m2/repository/org/opentest4j/opentest4j/1.3.0/opentest4j-1.3.0.jar:/home/sadsadsa/.m2/repository/org/junit/platform/junit-platform-commons/1.11.4/junit-platform-commons-1.11.4.jar:/home/sadsadsa/.m2/repository/org/junit/jupiter/junit-jupiter-params/5.11.4/junit-jupiter-params-5.11.4.jar:/home/sadsadsa/.m2/repository/org/junit/jupiter/junit-jupiter-engine/5.11.4/junit-jupiter-engine-5.11.4.jar:/home/sadsadsa/.m2/repository/org/junit/platform/junit-platform-launcher/1.11.4/junit-platform-launcher-1.11.4.jar:/home/sadsadsa/.m2/repository/org/junit/platform/junit-platform-engine/1.11.4/junit-platform-engine-1.11.4.jar:/home/sadsadsa/.m2/repository/org/apiguardian/apiguardian-api/1.1.2/apiguardian-api-1.1.2.jar:/home/sadsadsa/.m2/repository/com/h2database/h2/2.3.232/h2-2.3.232.jar:/home/sadsadsa/.m2/repository/org/springframework/boot/spring-boot-starter-actuator/3.4.3/spring-boot-starter-actuator-3.4.3.jar:/home/sadsadsa/.m2/repository/org/springframework/boot/spring-boot-actuator-autoconfigure/3.4.3/spring-boot-actuator-autoconfigure-3.4.3.jar:/home/sadsadsa/.m2/repository/org/springframework/boot/spring-boot-actuator/3.4.3/spring-boot-actuator-3.4.3.jar:/home/sadsadsa/.m2/repository/io/micrometer/micrometer-observation/1.14.4/micrometer-observation-1.14.4.jar:/home/sadsadsa/.m2/repository/io/micrometer/micrometer-commons/1.14.4/micrometer-commons-1.14.4.jar:/home/sadsadsa/.m2/repository/io/micrometer/micrometer-jakarta9/1.14.4/micrometer-jakarta9-1.14.4.jar:/home/sadsadsa/.m2/repository/io/micrometer/micrometer-core/1.14.4/micrometer-core-1.14.4.jar:/home/sadsadsa/.m2/repository/org/hdrhistogram/HdrHistogram/2.2.2/HdrHistogram-2.2.2.jar:/home/sadsadsa/.m2/repository/org/latencyutils/LatencyUtils/2.0.3/LatencyUtils-2.0.3.jar:/home/sadsadsa/.m2/repository/org/springframework/boot/spring-boot-starter-log4j2/3.4.3/spring-boot-starter-log4j2-3.4.3.jar:/home/sadsadsa/.m2/repository/org/apache/logging/log4j/log4j-slf4j2-impl/2.24.3/log4j-slf4j2-impl-2.24.3.jar:/home/sadsadsa/.m2/repository/org/apache/logging/log4j/log4j-api/2.24.3/log4j-api-2.24.3.jar:/home/sadsadsa/.m2/repository/org/apache/logging/log4j/log4j-core/2.24.3/log4j-core-2.24.3.jar:/home/sadsadsa/.m2/repository/org/apache/logging/log4j/log4j-jul/2.24.3/log4j-jul-2.24.3.jar:/home/sadsadsa/.m2/repository/jakarta/activation/jakarta.activation-api/2.1.2/jakarta.activation-api-2.1.2.jar:/home/sadsadsa/.m2/repository/io/jsonwebtoken/jjwt-jackson/0.12.6/jjwt-jackson-0.12.6.jar:/home/sadsadsa/.m2/repository/org/springframework/boot/spring-boot-starter-webflux/3.4.3/spring-boot-starter-webflux-3.4.3.jar:/home/sadsadsa/.m2/repository/org/springframework/boot/spring-boot-starter-reactor-netty/3.4.3/spring-boot-starter-reactor-netty-3.4.3.jar:/home/sadsadsa/.m2/repository/io/projectreactor/netty/reactor-netty-http/1.2.3/reactor-netty-http-1.2.3.jar:/home/sadsadsa/.m2/repository/io/netty/netty-codec-http/4.1.118.Final/netty-codec-http-4.1.118.Final.jar:/home/sadsadsa/.m2/repository/io/netty/netty-common/4.1.118.Final/netty-common-4.1.118.Final.jar:/home/sadsadsa/.m2/repository/io/netty/netty-buffer/4.1.118.Final/netty-buffer-4.1.118.Final.jar:/home/sadsadsa/.m2/repository/io/netty/netty-transport/4.1.118.Final/netty-transport-4.1.118.Final.jar:/home/sadsadsa/.m2/repository/io/netty/netty-codec/4.1.118.Final/netty-codec-4.1.118.Final.jar:/home/sadsadsa/.m2/repository/io/netty/netty-handler/4.1.118.Final/netty-handler-4.1.118.Final.jar:/home/sadsadsa/.m2/repository/io/netty/netty-codec-http2/4.1.118.Final/netty-codec-http2-4.1.118.Final.jar:/home/sadsadsa/.m2/repository/io/netty/netty-resolver-dns/4.1.118.Final/netty-resolver-dns-4.1.118.Final.jar:/home/sadsadsa/.m2/repository/io/netty/netty-resolver/4.1.118.Final/netty-resolver-4.1.118.Final.jar:/home/sadsadsa/.m2/repository/io/netty/netty-codec-dns/4.1.118.Final/netty-codec-dns-4.1.118.Final.jar:/home/sadsadsa/.m2/repository/io/netty/netty-resolver-dns-native-macos/4.1.118.Final/netty-resolver-dns-native-macos-4.1.118.Final-osx-x86_64.jar:/home/sadsadsa/.m2/repository/io/netty/netty-resolver-dns-classes-macos/4.1.118.Final/netty-resolver-dns-classes-macos-4.1.118.Final.jar:/home/sadsadsa/.m2/repository/io/netty/netty-transport-native-epoll/4.1.118.Final/netty-transport-native-epoll-4.1.118.Final-linux-x86_64.jar:/home/sadsadsa/.m2/repository/io/netty/netty-transport-native-unix-common/4.1.118.Final/netty-transport-native-unix-common-4.1.118.Final.jar:/home/sadsadsa/.m2/repository/io/netty/netty-transport-classes-epoll/4.1.118.Final/netty-transport-classes-epoll-4.1.118.Final.jar:/home/sadsadsa/.m2/repository/io/projectreactor/netty/reactor-netty-core/1.2.3/reactor-netty-core-1.2.3.jar:/home/sadsadsa/.m2/repository/io/netty/netty-handler-proxy/4.1.118.Final/netty-handler-proxy-4.1.118.Final.jar:/home/sadsadsa/.m2/repository/io/netty/netty-codec-socks/4.1.118.Final/netty-codec-socks-4.1.118.Final.jar:/home/sadsadsa/.m2/repository/org/springframework/spring-webflux/6.2.3/spring-webflux-6.2.3.jar:/home/sadsadsa/.m2/repository/io/projectreactor/reactor-core/3.7.3/reactor-core-3.7.3.jar:/home/sadsadsa/.m2/repository/org/reactivestreams/reactive-streams/1.0.4/reactive-streams-1.0.4.jar:/home/sadsadsa/.m2/repository/com/google/genai/google-genai/1.0.0/google-genai-1.0.0.jar:/home/sadsadsa/.m2/repository/com/google/auth/google-auth-library-oauth2-http/1.30.1/google-auth-library-oauth2-http-1.30.1.jar:/home/sadsadsa/.m2/repository/com/google/auto/value/auto-value-annotations/1.11.0/auto-value-annotations-1.11.0.jar:/home/sadsadsa/.m2/repository/com/google/code/findbugs/jsr305/3.0.2/jsr305-3.0.2.jar:/home/sadsadsa/.m2/repository/com/google/auth/google-auth-library-credentials/1.30.1/google-auth-library-credentials-1.30.1.jar:/home/sadsadsa/.m2/repository/com/google/http-client/google-http-client/1.45.2/google-http-client-1.45.2.jar:/home/sadsadsa/.m2/repository/io/grpc/grpc-context/1.68.2/grpc-context-1.68.2.jar:/home/sadsadsa/.m2/repository/io/grpc/grpc-api/1.68.2/grpc-api-1.68.2.jar:/home/sadsadsa/.m2/repository/io/opencensus/opencensus-api/0.31.1/opencensus-api-0.31.1.jar:/home/sadsadsa/.m2/repository/io/opencensus/opencensus-contrib-http-util/0.31.1/opencensus-contrib-http-util-0.31.1.jar:/home/sadsadsa/.m2/repository/com/google/http-client/google-http-client-gson/1.45.2/google-http-client-gson-1.45.2.jar:/home/sadsadsa/.m2/repository/com/google/code/gson/gson/2.11.0/gson-2.11.0.jar:/home/sadsadsa/.m2/repository/com/google/guava/guava/33.3.1-android/guava-33.3.1-android.jar:/home/sadsadsa/.m2/repository/com/google/guava/failureaccess/1.0.2/failureaccess-1.0.2.jar:/home/sadsadsa/.m2/repository/com/google/guava/listenablefuture/9999.0-empty-to-avoid-conflict-with-guava/listenablefuture-9999.0-empty-to-avoid-conflict-with-guava.jar:/home/sadsadsa/.m2/repository/com/google/errorprone/error_prone_annotations/2.36.0/error_prone_annotations-2.36.0.jar:/home/sadsadsa/.m2/repository/org/apache/httpcomponents/httpclient/4.5.14/httpclient-4.5.14.jar:/home/sadsadsa/.m2/repository/commons-logging/commons-logging/1.2/commons-logging-1.2.jar:/home/sadsadsa/.m2/repository/commons-codec/commons-codec/1.17.2/commons-codec-1.17.2.jar:/home/sadsadsa/.m2/repository/org/apache/httpcomponents/httpcore/4.4.16/httpcore-4.4.16.jar:/home/sadsadsa/.m2/repository/com/google/auto/value/auto-value/1.11.0/auto-value-1.11.0.jar:/home/sadsadsa/.m2/repository/com/google/api/api-common/2.42.1/api-common-2.42.1.jar:/home/sadsadsa/.m2/repository/javax/annotation/javax.annotation-api/1.3.2/javax.annotation-api-1.3.2.jar:/home/sadsadsa/.m2/repository/com/google/j2objc/j2objc-annotations/3.0.0/j2objc-annotations-3.0.0.jar:/home/sadsadsa/.m2/repository/com/fasterxml/jackson/datatype/jackson-datatype-jdk8/2.18.2/jackson-datatype-jdk8-2.18.2.jar:/home/sadsadsa/.m2/repository/com/fasterxml/jackson/datatype/jackson-datatype-jsr310/2.18.2/jackson-datatype-jsr310-2.18.2.jar:/home/sadsadsa/.m2/repository/org/java-websocket/Java-WebSocket/1.6.0/Java-WebSocket-1.6.0.jar:/home/sadsadsa/.m2/repository/org/jspecify/jspecify/1.0.0/jspecify-1.0.0.jar:/home/sadsadsa/.m2/repository/org/mockito/mockito-core/5.14.2/mockito-core-5.14.2.jar:/home/sadsadsa/.m2/repository/net/bytebuddy/byte-buddy/1.15.11/byte-buddy-1.15.11.jar:/home/sadsadsa/.m2/repository/net/bytebuddy/byte-buddy-agent/1.15.11/byte-buddy-agent-1.15.11.jar:/home/sadsadsa/.m2/repository/org/objenesis/objenesis/3.3/objenesis-3.3.jar:/home/sadsadsa/.m2/repository/org/mockito/mockito-junit-jupiter/5.14.2/mockito-junit-jupiter-5.14.2.jar:/home/sadsadsa/.m2/repository/com/fasterxml/jackson/core/jackson-databind/2.18.2/jackson-databind-2.18.2.jar:/home/sadsadsa/.m2/repository/com/fasterxml/jackson/core/jackson-annotations/2.18.2/jackson-annotations-2.18.2.jar:/home/sadsadsa/.m2/repository/com/fasterxml/jackson/core/jackson-core/2.18.2/jackson-core-2.18.2.jar:, java.vm.vendor=Ubuntu, sun.arch.data.model=64, java.vendor.url=https://ubuntu.com/, user.timezone=Etc/UTC, jakarta.persistence.sharedCache.mode=UNSPECIFIED, java.vm.specification.version=17, os.name=Linux, APPLICATION_NAME=train-up, jakarta.persistence.nonJtaDataSource=HikariDataSource (HikariPool-2), sun.java.launcher=SUN_STANDARD, sun.boot.library.path=/usr/lib/jvm/java-17-openjdk-amd64/lib, sun.java.command=/mnt/c/Users/Bohdan-Dymydiuk/projects/my-projects/train-up/target/surefire/surefirebooter-20250613172356162_3.jar /mnt/c/Users/Bohdan-Dymydiuk/projects/my-projects/train-up/target/surefire 2025-06-13T17-23-54_681-jvmRun1 surefire-20250613172356162_1tmp surefire_0-20250613172356162_2tmp, javax.persistence.nonJtaDataSource=HikariDataSource (HikariPool-2), hibernate.transaction.jta.platform=org.hibernate.engine.transaction.jta.platform.internal.NoJtaPlatform@4479447c, jdk.debug=release, surefire.test.class.path=/mnt/c/Users/Bohdan-Dymydiuk/projects/my-projects/train-up/target/test-classes:/mnt/c/Users/Bohdan-Dymydiuk/projects/my-projects/train-up/target/classes:/home/sadsadsa/.m2/repository/org/springframework/boot/spring-boot-starter-data-jdbc/3.4.3/spring-boot-starter-data-jdbc-3.4.3.jar:/home/sadsadsa/.m2/repository/org/springframework/boot/spring-boot-starter-jdbc/3.4.3/spring-boot-starter-jdbc-3.4.3.jar:/home/sadsadsa/.m2/repository/com/zaxxer/HikariCP/5.1.0/HikariCP-5.1.0.jar:/home/sadsadsa/.m2/repository/org/springframework/spring-jdbc/6.2.3/spring-jdbc-6.2.3.jar:/home/sadsadsa/.m2/repository/org/springframework/data/spring-data-jdbc/3.4.3/spring-data-jdbc-3.4.3.jar:/home/sadsadsa/.m2/repository/org/springframework/data/spring-data-relational/3.4.3/spring-data-relational-3.4.3.jar:/home/sadsadsa/.m2/repository/org/springframework/data/spring-data-commons/3.4.3/spring-data-commons-3.4.3.jar:/home/sadsadsa/.m2/repository/org/springframework/spring-tx/6.2.3/spring-tx-6.2.3.jar:/home/sadsadsa/.m2/repository/org/springframework/spring-context/6.2.3/spring-context-6.2.3.jar:/home/sadsadsa/.m2/repository/org/springframework/spring-beans/6.2.3/spring-beans-6.2.3.jar:/home/sadsadsa/.m2/repository/org/slf4j/slf4j-api/2.0.16/slf4j-api-2.0.16.jar:/home/sadsadsa/.m2/repository/org/springframework/boot/spring-boot-starter-data-jpa/3.4.3/spring-boot-starter-data-jpa-3.4.3.jar:/home/sadsadsa/.m2/repository/org/springframework/boot/spring-boot-starter/3.4.3/spring-boot-starter-3.4.3.jar:/home/sadsadsa/.m2/repository/jakarta/annotation/jakarta.annotation-api/2.1.1/jakarta.annotation-api-2.1.1.jar:/home/sadsadsa/.m2/repository/org/hibernate/orm/hibernate-core/6.6.8.Final/hibernate-core-6.6.8.Final.jar:/home/sadsadsa/.m2/repository/jakarta/persistence/jakarta.persistence-api/3.1.0/jakarta.persistence-api-3.1.0.jar:/home/sadsadsa/.m2/repository/jakarta/transaction/jakarta.transaction-api/2.0.1/jakarta.transaction-api-2.0.1.jar:/home/sadsadsa/.m2/repository/org/jboss/logging/jboss-logging/3.6.1.Final/jboss-logging-3.6.1.Final.jar:/home/sadsadsa/.m2/repository/org/hibernate/common/hibernate-commons-annotations/7.0.3.Final/hibernate-commons-annotations-7.0.3.Final.jar:/home/sadsadsa/.m2/repository/io/smallrye/jandex/3.2.0/jandex-3.2.0.jar:/home/sadsadsa/.m2/repository/com/fasterxml/classmate/1.7.0/classmate-1.7.0.jar:/home/sadsadsa/.m2/repository/org/glassfish/jaxb/jaxb-runtime/4.0.5/jaxb-runtime-4.0.5.jar:/home/sadsadsa/.m2/repository/org/glassfish/jaxb/jaxb-core/4.0.5/jaxb-core-4.0.5.jar:/home/sadsadsa/.m2/repository/org/glassfish/jaxb/txw2/4.0.5/txw2-4.0.5.jar:/home/sadsadsa/.m2/repository/com/sun/istack/istack-commons-runtime/4.1.2/istack-commons-runtime-4.1.2.jar:/home/sadsadsa/.m2/repository/jakarta/inject/jakarta.inject-api/2.0.1/jakarta.inject-api-2.0.1.jar:/home/sadsadsa/.m2/repository/org/antlr/antlr4-runtime/4.13.0/antlr4-runtime-4.13.0.jar:/home/sadsadsa/.m2/repository/org/springframework/data/spring-data-jpa/3.4.3/spring-data-jpa-3.4.3.jar:/home/sadsadsa/.m2/repository/org/springframework/spring-orm/6.2.3/spring-orm-6.2.3.jar:/home/sadsadsa/.m2/repository/org/springframework/spring-aspects/6.2.3/spring-aspects-6.2.3.jar:/home/sadsadsa/.m2/repository/org/aspectj/aspectjweaver/1.9.22.1/aspectjweaver-1.9.22.1.jar:/home/sadsadsa/.m2/repository/org/springframework/boot/spring-boot-starter-security/3.4.3/spring-boot-starter-security-3.4.3.jar:/home/sadsadsa/.m2/repository/org/springframework/spring-aop/6.2.3/spring-aop-6.2.3.jar:/home/sadsadsa/.m2/repository/org/springframework/security/spring-security-config/6.4.3/spring-security-config-6.4.3.jar:/home/sadsadsa/.m2/repository/org/springframework/security/spring-security-web/6.4.3/spring-security-web-6.4.3.jar:/home/sadsadsa/.m2/repository/org/springframework/spring-expression/6.2.3/spring-expression-6.2.3.jar:/home/sadsadsa/.m2/repository/org/springframework/boot/spring-boot-starter-web/3.4.3/spring-boot-starter-web-3.4.3.jar:/home/sadsadsa/.m2/repository/org/springframework/boot/spring-boot-starter-json/3.4.3/spring-boot-starter-json-3.4.3.jar:/home/sadsadsa/.m2/repository/org/springframework/boot/spring-boot-starter-tomcat/3.4.3/spring-boot-starter-tomcat-3.4.3.jar:/home/sadsadsa/.m2/repository/org/apache/tomcat/embed/tomcat-embed-core/10.1.36/tomcat-embed-core-10.1.36.jar:/home/sadsadsa/.m2/repository/org/apache/tomcat/embed/tomcat-embed-websocket/10.1.36/tomcat-embed-websocket-10.1.36.jar:/home/sadsadsa/.m2/repository/org/springframework/spring-web/6.2.3/spring-web-6.2.3.jar:/home/sadsadsa/.m2/repository/org/springframework/spring-webmvc/6.2.3/spring-webmvc-6.2.3.jar:/home/sadsadsa/.m2/repository/org/springframework/boot/spring-boot-starter-web-services/3.4.3/spring-boot-starter-web-services-3.4.3.jar:/home/sadsadsa/.m2/repository/com/sun/xml/messaging/saaj/saaj-impl/3.0.4/saaj-impl-3.0.4.jar:/home/sadsadsa/.m2/repository/jakarta/xml/soap/jakarta.xml.soap-api/3.0.2/jakarta.xml.soap-api-3.0.2.jar:/home/sadsadsa/.m2/repository/org/jvnet/staxex/stax-ex/2.1.0/stax-ex-2.1.0.jar:/home/sadsadsa/.m2/repository/org/eclipse/angus/angus-activation/2.0.2/angus-activation-2.0.2.jar:/home/sadsadsa/.m2/repository/jakarta/xml/ws/jakarta.xml.ws-api/4.0.2/jakarta.xml.ws-api-4.0.2.jar:/home/sadsadsa/.m2/repository/org/springframework/spring-oxm/6.2.3/spring-oxm-6.2.3.jar:/home/sadsadsa/.m2/repository/org/springframework/ws/spring-ws-core/4.0.11/spring-ws-core-4.0.11.jar:/home/sadsadsa/.m2/repository/org/springframework/ws/spring-xml/4.0.11/spring-xml-4.0.11.jar:/home/sadsadsa/.m2/repository/org/springframework/boot/spring-boot-devtools/3.4.3/spring-boot-devtools-3.4.3.jar:/home/sadsadsa/.m2/repository/org/springframework/boot/spring-boot/3.4.3/spring-boot-3.4.3.jar:/home/sadsadsa/.m2/repository/org/springframework/boot/spring-boot-autoconfigure/3.4.3/spring-boot-autoconfigure-3.4.3.jar:/home/sadsadsa/.m2/repository/org/springframework/boot/spring-boot-docker-compose/3.4.3/spring-boot-docker-compose-3.4.3.jar:/home/sadsadsa/.m2/repository/com/fasterxml/jackson/module/jackson-module-parameter-names/2.18.2/jackson-module-parameter-names-2.18.2.jar:/home/sadsadsa/.m2/repository/org/postgresql/postgresql/42.7.4/postgresql-42.7.4.jar:/home/sadsadsa/.m2/repository/org/checkerframework/checker-qual/3.42.0/checker-qual-3.42.0.jar:/home/sadsadsa/.m2/repository/org/projectlombok/lombok/1.18.34/lombok-1.18.34.jar:/home/sadsadsa/.m2/repository/org/springframework/boot/spring-boot-starter-test/3.4.3/spring-boot-starter-test-3.4.3.jar:/home/sadsadsa/.m2/repository/org/springframework/boot/spring-boot-test/3.4.3/spring-boot-test-3.4.3.jar:/home/sadsadsa/.m2/repository/org/springframework/boot/spring-boot-test-autoconfigure/3.4.3/spring-boot-test-autoconfigure-3.4.3.jar:/home/sadsadsa/.m2/repository/com/jayway/jsonpath/json-path/2.9.0/json-path-2.9.0.jar:/home/sadsadsa/.m2/repository/jakarta/xml/bind/jakarta.xml.bind-api/4.0.2/jakarta.xml.bind-api-4.0.2.jar:/home/sadsadsa/.m2/repository/net/minidev/json-smart/2.5.2/json-smart-2.5.2.jar:/home/sadsadsa/.m2/repository/net/minidev/accessors-smart/2.5.2/accessors-smart-2.5.2.jar:/home/sadsadsa/.m2/repository/org/ow2/asm/asm/9.7.1/asm-9.7.1.jar:/home/sadsadsa/.m2/repository/org/assertj/assertj-core/3.26.3/assertj-core-3.26.3.jar:/home/sadsadsa/.m2/repository/org/awaitility/awaitility/4.2.2/awaitility-4.2.2.jar:/home/sadsadsa/.m2/repository/org/hamcrest/hamcrest/2.2/hamcrest-2.2.jar:/home/sadsadsa/.m2/repository/org/skyscreamer/jsonassert/1.5.3/jsonassert-1.5.3.jar:/home/sadsadsa/.m2/repository/com/vaadin/external/google/android-json/0.0.20131108.vaadin1/android-json-0.0.20131108.vaadin1.jar:/home/sadsadsa/.m2/repository/org/springframework/spring-core/6.2.3/spring-core-6.2.3.jar:/home/sadsadsa/.m2/repository/org/springframework/spring-jcl/6.2.3/spring-jcl-6.2.3.jar:/home/sadsadsa/.m2/repository/org/springframework/spring-test/6.2.3/spring-test-6.2.3.jar:/home/sadsadsa/.m2/repository/org/xmlunit/xmlunit-core/2.10.0/xmlunit-core-2.10.0.jar:/home/sadsadsa/.m2/repository/org/springframework/security/spring-security-test/6.4.3/spring-security-test-6.4.3.jar:/home/sadsadsa/.m2/repository/org/springframework/security/spring-security-core/6.4.3/spring-security-core-6.4.3.jar:/home/sadsadsa/.m2/repository/org/springframework/security/spring-security-crypto/6.4.3/spring-security-crypto-6.4.3.jar:/home/sadsadsa/.m2/repository/org/liquibase/liquibase-core/4.29.2/liquibase-core-4.29.2.jar:/home/sadsadsa/.m2/repository/com/opencsv/opencsv/5.9/opencsv-5.9.jar:/home/sadsadsa/.m2/repository/org/yaml/snakeyaml/2.3/snakeyaml-2.3.jar:/home/sadsadsa/.m2/repository/javax/xml/bind/jaxb-api/2.3.1/jaxb-api-2.3.1.jar:/home/sadsadsa/.m2/repository/commons-io/commons-io/2.16.1/commons-io-2.16.1.jar:/home/sadsadsa/.m2/repository/org/apache/commons/commons-collections4/4.4/commons-collections4-4.4.jar:/home/sadsadsa/.m2/repository/org/apache/commons/commons-text/1.12.0/commons-text-1.12.0.jar:/home/sadsadsa/.m2/repository/org/apache/commons/commons-lang3/3.17.0/commons-lang3-3.17.0.jar:/home/sadsadsa/.m2/repository/org/mapstruct/mapstruct/1.5.5.Final/mapstruct-1.5.5.Final.jar:/home/sadsadsa/.m2/repository/io/jsonwebtoken/jjwt-api/0.12.6/jjwt-api-0.12.6.jar:/home/sadsadsa/.m2/repository/io/jsonwebtoken/jjwt-impl/0.12.6/jjwt-impl-0.12.6.jar:/home/sadsadsa/.m2/repository/org/springframework/boot/spring-boot-starter-validation/3.4.3/spring-boot-starter-validation-3.4.3.jar:/home/sadsadsa/.m2/repository/org/apache/tomcat/embed/tomcat-embed-el/10.1.36/tomcat-embed-el-10.1.36.jar:/home/sadsadsa/.m2/repository/org/hibernate/validator/hibernate-validator/8.0.2.Final/hibernate-validator-8.0.2.Final.jar:/home/sadsadsa/.m2/repository/jakarta/validation/jakarta.validation-api/3.0.2/jakarta.validation-api-3.0.2.jar:/home/sadsadsa/.m2/repository/org/springdoc/springdoc-openapi-starter-webmvc-ui/2.8.6/springdoc-openapi-starter-webmvc-ui-2.8.6.jar:/home/sadsadsa/.m2/repository/org/springdoc/springdoc-openapi-starter-webmvc-api/2.8.6/springdoc-openapi-starter-webmvc-api-2.8.6.jar:/home/sadsadsa/.m2/repository/org/springdoc/springdoc-openapi-starter-common/2.8.6/springdoc-openapi-starter-common-2.8.6.jar:/home/sadsadsa/.m2/repository/io/swagger/core/v3/swagger-core-jakarta/2.2.29/swagger-core-jakarta-2.2.29.jar:/home/sadsadsa/.m2/repository/io/swagger/core/v3/swagger-annotations-jakarta/2.2.29/swagger-annotations-jakarta-2.2.29.jar:/home/sadsadsa/.m2/repository/io/swagger/core/v3/swagger-models-jakarta/2.2.29/swagger-models-jakarta-2.2.29.jar:/home/sadsadsa/.m2/repository/com/fasterxml/jackson/dataformat/jackson-dataformat-yaml/2.18.2/jackson-dataformat-yaml-2.18.2.jar:/home/sadsadsa/.m2/repository/org/webjars/swagger-ui/5.20.1/swagger-ui-5.20.1.jar:/home/sadsadsa/.m2/repository/org/webjars/webjars-locator-lite/1.0.1/webjars-locator-lite-1.0.1.jar:/home/sadsadsa/.m2/repository/org/junit/jupiter/junit-jupiter/5.11.4/junit-jupiter-5.11.4.jar:/home/sadsadsa/.m2/repository/org/junit/jupiter/junit-jupiter-api/5.11.4/junit-jupiter-api-5.11.4.jar:/home/sadsadsa/.m2/repository/org/opentest4j/opentest4j/1.3.0/opentest4j-1.3.0.jar:/home/sadsadsa/.m2/repository/org/junit/platform/junit-platform-commons/1.11.4/junit-platform-commons-1.11.4.jar:/home/sadsadsa/.m2/repository/org/junit/jupiter/junit-jupiter-params/5.11.4/junit-jupiter-params-5.11.4.jar:/home/sadsadsa/.m2/repository/org/junit/jupiter/junit-jupiter-engine/5.11.4/junit-jupiter-engine-5.11.4.jar:/home/sadsadsa/.m2/repository/org/junit/platform/junit-platform-launcher/1.11.4/junit-platform-launcher-1.11.4.jar:/home/sadsadsa/.m2/repository/org/junit/platform/junit-platform-engine/1.11.4/junit-platform-engine-1.11.4.jar:/home/sadsadsa/.m2/repository/org/apiguardian/apiguardian-api/1.1.2/apiguardian-api-1.1.2.jar:/home/sadsadsa/.m2/repository/com/h2database/h2/2.3.232/h2-2.3.232.jar:/home/sadsadsa/.m2/repository/org/springframework/boot/spring-boot-starter-actuator/3.4.3/spring-boot-starter-actuator-3.4.3.jar:/home/sadsadsa/.m2/repository/org/springframework/boot/spring-boot-actuator-autoconfigure/3.4.3/spring-boot-actuator-autoconfigure-3.4.3.jar:/home/sadsadsa/.m2/repository/org/springframework/boot/spring-boot-actuator/3.4.3/spring-boot-actuator-3.4.3.jar:/home/sadsadsa/.m2/repository/io/micrometer/micrometer-observation/1.14.4/micrometer-observation-1.14.4.jar:/home/sadsadsa/.m2/repository/io/micrometer/micrometer-commons/1.14.4/micrometer-commons-1.14.4.jar:/home/sadsadsa/.m2/repository/io/micrometer/micrometer-jakarta9/1.14.4/micrometer-jakarta9-1.14.4.jar:/home/sadsadsa/.m2/repository/io/micrometer/micrometer-core/1.14.4/micrometer-core-1.14.4.jar:/home/sadsadsa/.m2/repository/org/hdrhistogram/HdrHistogram/2.2.2/HdrHistogram-2.2.2.jar:/home/sadsadsa/.m2/repository/org/latencyutils/LatencyUtils/2.0.3/LatencyUtils-2.0.3.jar:/home/sadsadsa/.m2/repository/org/springframework/boot/spring-boot-starter-log4j2/3.4.3/spring-boot-starter-log4j2-3.4.3.jar:/home/sadsadsa/.m2/repository/org/apache/logging/log4j/log4j-slf4j2-impl/2.24.3/log4j-slf4j2-impl-2.24.3.jar:/home/sadsadsa/.m2/repository/org/apache/logging/log4j/log4j-api/2.24.3/log4j-api-2.24.3.jar:/home/sadsadsa/.m2/repository/org/apache/logging/log4j/log4j-core/2.24.3/log4j-core-2.24.3.jar:/home/sadsadsa/.m2/repository/org/apache/logging/log4j/log4j-jul/2.24.3/log4j-jul-2.24.3.jar:/home/sadsadsa/.m2/repository/jakarta/activation/jakarta.activation-api/2.1.2/jakarta.activation-api-2.1.2.jar:/home/sadsadsa/.m2/repository/io/jsonwebtoken/jjwt-jackson/0.12.6/jjwt-jackson-0.12.6.jar:/home/sadsadsa/.m2/repository/org/springframework/boot/spring-boot-starter-webflux/3.4.3/spring-boot-starter-webflux-3.4.3.jar:/home/sadsadsa/.m2/repository/org/springframework/boot/spring-boot-starter-reactor-netty/3.4.3/spring-boot-starter-reactor-netty-3.4.3.jar:/home/sadsadsa/.m2/repository/io/projectreactor/netty/reactor-netty-http/1.2.3/reactor-netty-http-1.2.3.jar:/home/sadsadsa/.m2/repository/io/netty/netty-codec-http/4.1.118.Final/netty-codec-http-4.1.118.Final.jar:/home/sadsadsa/.m2/repository/io/netty/netty-common/4.1.118.Final/netty-common-4.1.118.Final.jar:/home/sadsadsa/.m2/repository/io/netty/netty-buffer/4.1.118.Final/netty-buffer-4.1.118.Final.jar:/home/sadsadsa/.m2/repository/io/netty/netty-transport/4.1.118.Final/netty-transport-4.1.118.Final.jar:/home/sadsadsa/.m2/repository/io/netty/netty-codec/4.1.118.Final/netty-codec-4.1.118.Final.jar:/home/sadsadsa/.m2/repository/io/netty/netty-handler/4.1.118.Final/netty-handler-4.1.118.Final.jar:/home/sadsadsa/.m2/repository/io/netty/netty-codec-http2/4.1.118.Final/netty-codec-http2-4.1.118.Final.jar:/home/sadsadsa/.m2/repository/io/netty/netty-resolver-dns/4.1.118.Final/netty-resolver-dns-4.1.118.Final.jar:/home/sadsadsa/.m2/repository/io/netty/netty-resolver/4.1.118.Final/netty-resolver-4.1.118.Final.jar:/home/sadsadsa/.m2/repository/io/netty/netty-codec-dns/4.1.118.Final/netty-codec-dns-4.1.118.Final.jar:/home/sadsadsa/.m2/repository/io/netty/netty-resolver-dns-native-macos/4.1.118.Final/netty-resolver-dns-native-macos-4.1.118.Final-osx-x86_64.jar:/home/sadsadsa/.m2/repository/io/netty/netty-resolver-dns-classes-macos/4.1.118.Final/netty-resolver-dns-classes-macos-4.1.118.Final.jar:/home/sadsadsa/.m2/repository/io/netty/netty-transport-native-epoll/4.1.118.Final/netty-transport-native-epoll-4.1.118.Final-linux-x86_64.jar:/home/sadsadsa/.m2/repository/io/netty/netty-transport-native-unix-common/4.1.118.Final/netty-transport-native-unix-common-4.1.118.Final.jar:/home/sadsadsa/.m2/repository/io/netty/netty-transport-classes-epoll/4.1.118.Final/netty-transport-classes-epoll-4.1.118.Final.jar:/home/sadsadsa/.m2/repository/io/projectreactor/netty/reactor-netty-core/1.2.3/reactor-netty-core-1.2.3.jar:/home/sadsadsa/.m2/repository/io/netty/netty-handler-proxy/4.1.118.Final/netty-handler-proxy-4.1.118.Final.jar:/home/sadsadsa/.m2/repository/io/netty/netty-codec-socks/4.1.118.Final/netty-codec-socks-4.1.118.Final.jar:/home/sadsadsa/.m2/repository/org/springframework/spring-webflux/6.2.3/spring-webflux-6.2.3.jar:/home/sadsadsa/.m2/repository/io/projectreactor/reactor-core/3.7.3/reactor-core-3.7.3.jar:/home/sadsadsa/.m2/repository/org/reactivestreams/reactive-streams/1.0.4/reactive-streams-1.0.4.jar:/home/sadsadsa/.m2/repository/com/google/genai/google-genai/1.0.0/google-genai-1.0.0.jar:/home/sadsadsa/.m2/repository/com/google/auth/google-auth-library-oauth2-http/1.30.1/google-auth-library-oauth2-http-1.30.1.jar:/home/sadsadsa/.m2/repository/com/google/auto/value/auto-value-annotations/1.11.0/auto-value-annotations-1.11.0.jar:/home/sadsadsa/.m2/repository/com/google/code/findbugs/jsr305/3.0.2/jsr305-3.0.2.jar:/home/sadsadsa/.m2/repository/com/google/auth/google-auth-library-credentials/1.30.1/google-auth-library-credentials-1.30.1.jar:/home/sadsadsa/.m2/repository/com/google/http-client/google-http-client/1.45.2/google-http-client-1.45.2.jar:/home/sadsadsa/.m2/repository/io/grpc/grpc-context/1.68.2/grpc-context-1.68.2.jar:/home/sadsadsa/.m2/repository/io/grpc/grpc-api/1.68.2/grpc-api-1.68.2.jar:/home/sadsadsa/.m2/repository/io/opencensus/opencensus-api/0.31.1/opencensus-api-0.31.1.jar:/home/sadsadsa/.m2/repository/io/opencensus/opencensus-contrib-http-util/0.31.1/opencensus-contrib-http-util-0.31.1.jar:/home/sadsadsa/.m2/repository/com/google/http-client/google-http-client-gson/1.45.2/google-http-client-gson-1.45.2.jar:/home/sadsadsa/.m2/repository/com/google/code/gson/gson/2.11.0/gson-2.11.0.jar:/home/sadsadsa/.m2/repository/com/google/guava/guava/33.3.1-android/guava-33.3.1-android.jar:/home/sadsadsa/.m2/repository/com/google/guava/failureaccess/1.0.2/failureaccess-1.0.2.jar:/home/sadsadsa/.m2/repository/com/google/guava/listenablefuture/9999.0-empty-to-avoid-conflict-with-guava/listenablefuture-9999.0-empty-to-avoid-conflict-with-guava.jar:/home/sadsadsa/.m2/repository/com/google/errorprone/error_prone_annotations/2.36.0/error_prone_annotations-2.36.0.jar:/home/sadsadsa/.m2/repository/org/apache/httpcomponents/httpclient/4.5.14/httpclient-4.5.14.jar:/home/sadsadsa/.m2/repository/commons-logging/commons-logging/1.2/commons-logging-1.2.jar:/home/sadsadsa/.m2/repository/commons-codec/commons-codec/1.17.2/commons-codec-1.17.2.jar:/home/sadsadsa/.m2/repository/org/apache/httpcomponents/httpcore/4.4.16/httpcore-4.4.16.jar:/home/sadsadsa/.m2/repository/com/google/auto/value/auto-value/1.11.0/auto-value-1.11.0.jar:/home/sadsadsa/.m2/repository/com/google/api/api-common/2.42.1/api-common-2.42.1.jar:/home/sadsadsa/.m2/repository/javax/annotation/javax.annotation-api/1.3.2/javax.annotation-api-1.3.2.jar:/home/sadsadsa/.m2/repository/com/google/j2objc/j2objc-annotations/3.0.0/j2objc-annotations-3.0.0.jar:/home/sadsadsa/.m2/repository/com/fasterxml/jackson/datatype/jackson-datatype-jdk8/2.18.2/jackson-datatype-jdk8-2.18.2.jar:/home/sadsadsa/.m2/repository/com/fasterxml/jackson/datatype/jackson-datatype-jsr310/2.18.2/jackson-datatype-jsr310-2.18.2.jar:/home/sadsadsa/.m2/repository/org/java-websocket/Java-WebSocket/1.6.0/Java-WebSocket-1.6.0.jar:/home/sadsadsa/.m2/repository/org/jspecify/jspecify/1.0.0/jspecify-1.0.0.jar:/home/sadsadsa/.m2/repository/org/mockito/mockito-core/5.14.2/mockito-core-5.14.2.jar:/home/sadsadsa/.m2/repository/net/bytebuddy/byte-buddy/1.15.11/byte-buddy-1.15.11.jar:/home/sadsadsa/.m2/repository/net/bytebuddy/byte-buddy-agent/1.15.11/byte-buddy-agent-1.15.11.jar:/home/sadsadsa/.m2/repository/org/objenesis/objenesis/3.3/objenesis-3.3.jar:/home/sadsadsa/.m2/repository/org/mockito/mockito-junit-jupiter/5.14.2/mockito-junit-jupiter-5.14.2.jar:/home/sadsadsa/.m2/repository/com/fasterxml/jackson/core/jackson-databind/2.18.2/jackson-databind-2.18.2.jar:/home/sadsadsa/.m2/repository/com/fasterxml/jackson/core/jackson-annotations/2.18.2/jackson-annotations-2.18.2.jar:/home/sadsadsa/.m2/repository/com/fasterxml/jackson/core/jackson-core/2.18.2/jackson-core-2.18.2.jar:, sun.cpu.endian=little, hibernate.cdi.extensions=true, user.home=/home/sadsadsa, user.language=en, java.specification.vendor=Oracle Corporation, java.version.date=2025-04-15, java.home=/usr/lib/jvm/java-17-openjdk-amd64, file.separator=/, basedir=/mnt/c/Users/Bohdan-Dymydiuk/projects/my-projects/train-up, java.vm.compressedOopsMode=32-bit, line.separator=
, hibernate.persistenceUnitName=default, java.specification.name=Java Platform API Specification, java.vm.specification.vendor=Oracle Corporation, FILE_LOG_CHARSET=UTF-8, hibernate.transaction.coordinator_class=class org.hibernate.resource.transaction.backend.jdbc.internal.JdbcResourceLocalTransactionCoordinatorBuilderImpl, java.awt.headless=true, surefire.real.class.path=/mnt/c/Users/Bohdan-Dymydiuk/projects/my-projects/train-up/target/surefire/surefirebooter-20250613172356162_3.jar, jakarta.persistence.validation.mode=AUTO, hibernate.hbm2ddl.auto=create-drop, sun.management.compiler=HotSpot 64-Bit Tiered Compilers, java.runtime.version=17.0.15+6-Ubuntu-0ubuntu124.04, user.name=sadsadsa, path.separator=:, os.version=6.6.87.1-microsoft-standard-WSL2, java.runtime.name=OpenJDK Runtime Environment, file.encoding=UTF-8, java.vm.name=OpenJDK 64-Bit Server VM, hibernate.show_sql=true, localRepository=/home/sadsadsa/.m2/repository, java.vendor.url.bug=https://bugs.launchpad.net/ubuntu/+source/openjdk-17, java.io.tmpdir=/tmp, com.zaxxer.hikari.pool_number=1, java.version=17.0.15, hibernate.physical_naming_strategy=org.hibernate.boot.model.naming.CamelCaseToUnderscoresNamingStrategy, user.dir=/mnt/c/Users/Bohdan-Dymydiuk/projects/my-projects/train-up, os.arch=amd64, java.vm.specification.name=Java Virtual Machine Specification, PID=2176, CONSOLE_LOG_CHARSET=UTF-8, hibernate.boot.CfgXmlAccessService.key=org.hibernate.boot.registry.StandardServiceRegistryBuilder$1@7d2d5f8c, native.encoding=UTF-8, java.library.path=/usr/java/packages/lib:/usr/lib/x86_64-linux-gnu/jni:/lib/x86_64-linux-gnu:/usr/lib/x86_64-linux-gnu:/usr/lib/jni:/lib:/usr/lib, java.vendor=Ubuntu, java.vm.info=mixed mode, sharing, java.vm.version=17.0.15+6-Ubuntu-0ubuntu124.04, java.specification.maintenance.version=1, sun.io.unicode.encoding=UnicodeLittle, hibernate.archive.scanner=org.hibernate.boot.archive.scan.internal.DisabledScanner, hibernate.connection.datasource=HikariDataSource (HikariPool-2), java.class.version=61.0, LOGGED_APPLICATION_NAME=[train-up] }
2025-06-13 17:24:42.067 [main] DEBUG org.hibernate.internal.SessionFactoryImpl - Session factory constructed with filter configurations : {}
2025-06-13 17:24:42.068 [main] DEBUG org.hibernate.validator.internal.xml.config.ValidationXmlParser - Trying to load META-INF/validation.xml for XML based Validator configuration.
2025-06-13 17:24:42.069 [main] DEBUG org.hibernate.validator.internal.xml.config.ResourceLoaderHelper - Trying to load META-INF/validation.xml via TCCL
2025-06-13 17:24:42.070 [main] DEBUG org.hibernate.validator.internal.xml.config.ResourceLoaderHelper - Trying to load META-INF/validation.xml via Hibernate Validator's class loader
2025-06-13 17:24:42.071 [main] DEBUG org.hibernate.validator.internal.xml.config.ValidationXmlParser - No META-INF/validation.xml found. Using annotation based configuration only.
2025-06-13 17:24:42.071 [main] DEBUG org.hibernate.validator.internal.engine.resolver.TraversableResolvers - Found jakarta.persistence.Persistence on classpath containing 'getPersistenceUtil'. Assuming JPA 2 environment. Trying to instantiate JPA aware TraversableResolver
2025-06-13 17:24:42.071 [main] DEBUG org.hibernate.validator.internal.engine.resolver.TraversableResolvers - Instantiated JPA aware TraversableResolver of type org.hibernate.validator.internal.engine.resolver.JPATraversableResolver.
2025-06-13 17:24:42.072 [main] DEBUG org.hibernate.validator.messageinterpolation.ResourceBundleMessageInterpolator - Loaded expression factory via original TCCL
2025-06-13 17:24:42.074 [main] DEBUG org.hibernate.validator.internal.engine.ValidatorFactoryConfigurationHelper - HV000252: Using org.hibernate.validator.internal.engine.DefaultPropertyNodeNameProvider as property node name provider.
2025-06-13 17:24:42.075 [main] DEBUG org.hibernate.validator.internal.engine.ValidatorFactoryConfigurationHelper - HV000234: Using org.hibernate.validator.messageinterpolation.ResourceBundleMessageInterpolator as ValidatorFactory-scoped message interpolator.
2025-06-13 17:24:42.075 [main] DEBUG org.hibernate.validator.internal.engine.ValidatorFactoryConfigurationHelper - HV000234: Using org.hibernate.validator.internal.engine.resolver.JPATraversableResolver as ValidatorFactory-scoped traversable resolver.
2025-06-13 17:24:42.075 [main] DEBUG org.hibernate.validator.internal.engine.ValidatorFactoryConfigurationHelper - HV000234: Using org.hibernate.validator.internal.util.ExecutableParameterNameProvider as ValidatorFactory-scoped parameter name provider.
2025-06-13 17:24:42.076 [main] DEBUG org.hibernate.validator.internal.engine.ValidatorFactoryConfigurationHelper - HV000234: Using org.hibernate.validator.internal.engine.DefaultClockProvider as ValidatorFactory-scoped clock provider.
2025-06-13 17:24:42.076 [main] DEBUG org.hibernate.validator.internal.engine.ValidatorFactoryConfigurationHelper - HV000234: Using org.hibernate.validator.internal.engine.scripting.DefaultScriptEvaluatorFactory as ValidatorFactory-scoped script evaluator factory.
2025-06-13 17:24:42.076 [main] DEBUG org.hibernate.boot.internal.ClassLoaderAccessImpl - Not known whether passed class name [com.example.trainup.model.Gym] is safe
2025-06-13 17:24:42.076 [main] DEBUG org.hibernate.boot.internal.ClassLoaderAccessImpl - No temp ClassLoader provided; using live ClassLoader for loading potentially unsafe class : com.example.trainup.model.Gym
2025-06-13 17:24:42.080 [main] DEBUG org.hibernate.boot.internal.ClassLoaderAccessImpl - Not known whether passed class name [com.example.trainup.model.user.GymOwner] is safe
2025-06-13 17:24:42.080 [main] DEBUG org.hibernate.boot.internal.ClassLoaderAccessImpl - No temp ClassLoader provided; using live ClassLoader for loading potentially unsafe class : com.example.trainup.model.user.GymOwner
2025-06-13 17:24:42.081 [main] DEBUG org.hibernate.boot.internal.ClassLoaderAccessImpl - Not known whether passed class name [com.example.trainup.model.user.UserCredentials] is safe
2025-06-13 17:24:42.082 [main] DEBUG org.hibernate.boot.internal.ClassLoaderAccessImpl - No temp ClassLoader provided; using live ClassLoader for loading potentially unsafe class : com.example.trainup.model.user.UserCredentials
2025-06-13 17:24:42.083 [main] DEBUG org.hibernate.boot.internal.ClassLoaderAccessImpl - Not known whether passed class name [com.example.trainup.model.Sport] is safe
2025-06-13 17:24:42.083 [main] DEBUG org.hibernate.boot.internal.ClassLoaderAccessImpl - No temp ClassLoader provided; using live ClassLoader for loading potentially unsafe class : com.example.trainup.model.Sport
2025-06-13 17:24:42.084 [main] DEBUG org.hibernate.boot.internal.ClassLoaderAccessImpl - Not known whether passed class name [com.example.trainup.model.Address] is safe
2025-06-13 17:24:42.084 [main] DEBUG org.hibernate.boot.internal.ClassLoaderAccessImpl - No temp ClassLoader provided; using live ClassLoader for loading potentially unsafe class : com.example.trainup.model.Address
2025-06-13 17:24:42.085 [main] DEBUG org.hibernate.boot.internal.ClassLoaderAccessImpl - Not known whether passed class name [com.example.trainup.model.Event] is safe
2025-06-13 17:24:42.086 [main] DEBUG org.hibernate.boot.internal.ClassLoaderAccessImpl - No temp ClassLoader provided; using live ClassLoader for loading potentially unsafe class : com.example.trainup.model.Event
2025-06-13 17:24:42.087 [main] DEBUG org.hibernate.boot.internal.ClassLoaderAccessImpl - Not known whether passed class name [com.example.trainup.model.user.Athlete] is safe
2025-06-13 17:24:42.087 [main] DEBUG org.hibernate.boot.internal.ClassLoaderAccessImpl - No temp ClassLoader provided; using live ClassLoader for loading potentially unsafe class : com.example.trainup.model.user.Athlete
2025-06-13 17:24:42.089 [main] DEBUG org.hibernate.boot.internal.ClassLoaderAccessImpl - Not known whether passed class name [com.example.trainup.model.Review] is safe
2025-06-13 17:24:42.089 [main] DEBUG org.hibernate.boot.internal.ClassLoaderAccessImpl - No temp ClassLoader provided; using live ClassLoader for loading potentially unsafe class : com.example.trainup.model.Review
2025-06-13 17:24:42.091 [main] DEBUG org.hibernate.boot.internal.ClassLoaderAccessImpl - Not known whether passed class name [com.example.trainup.model.Role] is safe
2025-06-13 17:24:42.091 [main] DEBUG org.hibernate.boot.internal.ClassLoaderAccessImpl - No temp ClassLoader provided; using live ClassLoader for loading potentially unsafe class : com.example.trainup.model.Role
2025-06-13 17:24:42.092 [main] DEBUG org.hibernate.boot.internal.ClassLoaderAccessImpl - Not known whether passed class name [com.example.trainup.model.user.Admin] is safe
2025-06-13 17:24:42.092 [main] DEBUG org.hibernate.boot.internal.ClassLoaderAccessImpl - No temp ClassLoader provided; using live ClassLoader for loading potentially unsafe class : com.example.trainup.model.user.Admin
2025-06-13 17:24:42.093 [main] DEBUG org.hibernate.boot.internal.ClassLoaderAccessImpl - Not known whether passed class name [com.example.trainup.model.user.Trainer] is safe
2025-06-13 17:24:42.093 [main] DEBUG org.hibernate.boot.internal.ClassLoaderAccessImpl - No temp ClassLoader provided; using live ClassLoader for loading potentially unsafe class : com.example.trainup.model.user.Trainer
2025-06-13 17:24:42.095 [main] DEBUG org.hibernate.boot.internal.ClassLoaderAccessImpl - Not known whether passed class name [com.example.trainup.model.GymPhoto] is safe
2025-06-13 17:24:42.095 [main] DEBUG org.hibernate.boot.internal.ClassLoaderAccessImpl - No temp ClassLoader provided; using live ClassLoader for loading potentially unsafe class : com.example.trainup.model.GymPhoto
2025-06-13 17:24:42.096 [main] DEBUG org.hibernate.service.internal.SessionFactoryServiceRegistryImpl - EventListenerRegistry access via ServiceRegistry is deprecated.  Use `sessionFactory.getEventEngine().getListenerRegistry()` instead
2025-06-13 17:24:42.104 [main] DEBUG org.hibernate.query.sqm.function.SqmFunctionRegistry - Registered SqmFunctionTemplate [NamedSqmFunctionTemplate(max)] under max; prior registration was null
2025-06-13 17:24:42.104 [main] DEBUG org.hibernate.query.sqm.function.SqmFunctionRegistry - Registered SqmFunctionTemplate [NamedSqmFunctionTemplate(min)] under min; prior registration was null
2025-06-13 17:24:42.104 [main] DEBUG org.hibernate.query.sqm.function.SqmFunctionRegistry - Registered SqmFunctionTemplate [NamedSqmFunctionTemplate(sum)] under sum; prior registration was null
2025-06-13 17:24:42.104 [main] DEBUG org.hibernate.query.sqm.function.SqmFunctionRegistry - Registered SqmFunctionTemplate [NamedSqmFunctionTemplate(avg)] under avg; prior registration was null
2025-06-13 17:24:42.104 [main] DEBUG org.hibernate.query.sqm.function.SqmFunctionRegistry - Registered SqmFunctionTemplate [org.hibernate.dialect.function.CountFunction@6de87816] under count; prior registration was null
2025-06-13 17:24:42.104 [main] DEBUG org.hibernate.query.sqm.function.SqmFunctionRegistry - Registered SqmFunctionTemplate [org.hibernate.dialect.function.EveryAnyEmulation@6e0f11a] under every; prior registration was null
2025-06-13 17:24:42.105 [main] DEBUG org.hibernate.query.sqm.function.SqmFunctionRegistry - Registered SqmFunctionTemplate [org.hibernate.dialect.function.EveryAnyEmulation@5a7a45c0] under any; prior registration was null
2025-06-13 17:24:42.105 [main] DEBUG org.hibernate.query.sqm.function.SqmFunctionRegistry - Registered SqmFunctionTemplate [NamedSqmFunctionTemplate(floor)] under floor; prior registration was null
2025-06-13 17:24:42.105 [main] DEBUG org.hibernate.query.sqm.function.SqmFunctionRegistry - Registered SqmFunctionTemplate [NamedSqmFunctionTemplate(ceiling)] under ceiling; prior registration was null
2025-06-13 17:24:42.105 [main] DEBUG org.hibernate.query.sqm.function.SqmFunctionRegistry - Registered SqmFunctionTemplate [NamedSqmFunctionTemplate(mod)] under mod; prior registration was null
2025-06-13 17:24:42.105 [main] DEBUG org.hibernate.query.sqm.function.SqmFunctionRegistry - Registered SqmFunctionTemplate [NamedSqmFunctionTemplate(abs)] under abs; prior registration was null
2025-06-13 17:24:42.105 [main] DEBUG org.hibernate.query.sqm.function.SqmFunctionRegistry - Registered SqmFunctionTemplate [NamedSqmFunctionTemplate(sign)] under sign; prior registration was null
2025-06-13 17:24:42.105 [main] DEBUG org.hibernate.query.sqm.function.SqmFunctionRegistry - Registered SqmFunctionTemplate [NamedSqmFunctionTemplate(sqrt)] under sqrt; prior registration was null
2025-06-13 17:24:42.105 [main] DEBUG org.hibernate.query.sqm.function.SqmFunctionRegistry - Registered SqmFunctionTemplate [NamedSqmFunctionTemplate(ln)] under ln; prior registration was null
2025-06-13 17:24:42.106 [main] DEBUG org.hibernate.query.sqm.function.SqmFunctionRegistry - Registered SqmFunctionTemplate [NamedSqmFunctionTemplate(exp)] under exp; prior registration was null
2025-06-13 17:24:42.106 [main] DEBUG org.hibernate.query.sqm.function.SqmFunctionRegistry - Registered SqmFunctionTemplate [NamedSqmFunctionTemplate(power)] under power; prior registration was null
2025-06-13 17:24:42.106 [main] DEBUG org.hibernate.query.sqm.function.SqmFunctionRegistry - Registered SqmFunctionTemplate [NamedSqmFunctionTemplate(round)] under round; prior registration was null
2025-06-13 17:24:42.106 [main] DEBUG org.hibernate.query.sqm.function.SqmFunctionRegistry - Registered SqmFunctionTemplate [NamedSqmFunctionTemplate(sin)] under sin; prior registration was null
2025-06-13 17:24:42.106 [main] DEBUG org.hibernate.query.sqm.function.SqmFunctionRegistry - Registered SqmFunctionTemplate [NamedSqmFunctionTemplate(cos)] under cos; prior registration was null
2025-06-13 17:24:42.106 [main] DEBUG org.hibernate.query.sqm.function.SqmFunctionRegistry - Registered SqmFunctionTemplate [NamedSqmFunctionTemplate(tan)] under tan; prior registration was null
2025-06-13 17:24:42.106 [main] DEBUG org.hibernate.query.sqm.function.SqmFunctionRegistry - Registered SqmFunctionTemplate [NamedSqmFunctionTemplate(asin)] under asin; prior registration was null
2025-06-13 17:24:42.106 [main] DEBUG org.hibernate.query.sqm.function.SqmFunctionRegistry - Registered SqmFunctionTemplate [NamedSqmFunctionTemplate(acos)] under acos; prior registration was null
2025-06-13 17:24:42.107 [main] DEBUG org.hibernate.query.sqm.function.SqmFunctionRegistry - Registered SqmFunctionTemplate [NamedSqmFunctionTemplate(atan)] under atan; prior registration was null
2025-06-13 17:24:42.107 [main] DEBUG org.hibernate.query.sqm.function.SqmFunctionRegistry - Registered SqmFunctionTemplate [NamedSqmFunctionTemplate(atan2)] under atan2; prior registration was null
2025-06-13 17:24:42.107 [main] DEBUG org.hibernate.query.sqm.function.SqmFunctionRegistry - Registered SqmFunctionTemplate [org.hibernate.query.sqm.function.PatternBasedSqmFunctionDescriptor@63a1e6df] under sinh; prior registration was null
2025-06-13 17:24:42.107 [main] DEBUG org.hibernate.query.sqm.function.SqmFunctionRegistry - Registered SqmFunctionTemplate [org.hibernate.query.sqm.function.PatternBasedSqmFunctionDescriptor@4d270a75] under cosh; prior registration was null
2025-06-13 17:24:42.107 [main] DEBUG org.hibernate.query.sqm.function.SqmFunctionRegistry - Registered SqmFunctionTemplate [org.hibernate.query.sqm.function.PatternBasedSqmFunctionDescriptor@4cce5aea] under tanh; prior registration was null
2025-06-13 17:24:42.108 [main] DEBUG org.hibernate.query.sqm.function.SqmFunctionRegistry - Registered SqmFunctionTemplate [org.hibernate.query.sqm.function.PatternBasedSqmFunctionDescriptor@441242f6] under pi; prior registration was null
2025-06-13 17:24:42.108 [main] DEBUG org.hibernate.query.sqm.function.SqmFunctionRegistry - Registered SqmFunctionTemplate [org.hibernate.query.sqm.function.PatternBasedSqmFunctionDescriptor@28e9d3b5] under log; prior registration was null
2025-06-13 17:24:42.108 [main] DEBUG org.hibernate.query.sqm.function.SqmFunctionRegistry - Registered SqmFunctionTemplate [NamedSqmFunctionTemplate(coalesce)] under coalesce; prior registration was null
2025-06-13 17:24:42.108 [main] DEBUG org.hibernate.query.sqm.function.SqmFunctionRegistry - Registered SqmFunctionTemplate [NamedSqmFunctionTemplate(nullif)] under nullif; prior registration was null
2025-06-13 17:24:42.108 [main] DEBUG org.hibernate.query.sqm.function.SqmFunctionRegistry - Registered SqmFunctionTemplate [NamedSqmFunctionTemplate(left)] under left; prior registration was null
2025-06-13 17:24:42.108 [main] DEBUG org.hibernate.query.sqm.function.SqmFunctionRegistry - Registered SqmFunctionTemplate [NamedSqmFunctionTemplate(right)] under right; prior registration was null
2025-06-13 17:24:42.108 [main] DEBUG org.hibernate.query.sqm.function.SqmFunctionRegistry - Registered SqmFunctionTemplate [NamedSqmFunctionTemplate(replace)] under replace; prior registration was null
2025-06-13 17:24:42.109 [main] DEBUG org.hibernate.query.sqm.function.SqmFunctionRegistry - Registered SqmFunctionTemplate [NamedSqmFunctionTemplate(concat)] under concat; prior registration was null
2025-06-13 17:24:42.109 [main] DEBUG org.hibernate.query.sqm.function.SqmFunctionRegistry - Registered SqmFunctionTemplate [NamedSqmFunctionTemplate(lower)] under lower; prior registration was null
2025-06-13 17:24:42.109 [main] DEBUG org.hibernate.query.sqm.function.SqmFunctionRegistry - Registered SqmFunctionTemplate [NamedSqmFunctionTemplate(upper)] under upper; prior registration was null
2025-06-13 17:24:42.109 [main] DEBUG org.hibernate.query.sqm.function.SqmFunctionRegistry - Registered SqmFunctionTemplate [NamedSqmFunctionTemplate(substring)] under substring; prior registration was null
2025-06-13 17:24:42.109 [main] DEBUG org.hibernate.query.sqm.function.SqmFunctionRegistry - Registered SqmFunctionTemplate [NamedSqmFunctionTemplate(locate)] under locate; prior registration was null
2025-06-13 17:24:42.109 [main] DEBUG org.hibernate.query.sqm.function.SqmFunctionRegistry - Registered SqmFunctionTemplate [NamedSqmFunctionTemplate(character_length)] under character_length; prior registration was null
2025-06-13 17:24:42.109 [main] DEBUG org.hibernate.query.sqm.function.SqmFunctionRegistry - Registering alternate key : length -> character_length
2025-06-13 17:24:42.109 [main] DEBUG org.hibernate.query.sqm.function.SqmFunctionRegistry - Registered SqmFunctionTemplate [org.hibernate.dialect.function.LocatePositionEmulation@5d68107f] under position; prior registration was null
2025-06-13 17:24:42.110 [main] DEBUG org.hibernate.query.sqm.function.SqmFunctionRegistry - Registered SqmFunctionTemplate [org.hibernate.dialect.function.InsertSubstringOverlayEmulation@634f0832] under overlay; prior registration was null
2025-06-13 17:24:42.110 [main] DEBUG org.hibernate.query.sqm.function.SqmFunctionRegistry - Registered SqmFunctionTemplate [org.hibernate.dialect.function.TrimFunction@351cf35f] under trim; prior registration was null
2025-06-13 17:24:42.110 [main] DEBUG org.hibernate.query.sqm.function.SqmFunctionRegistry - Registered SqmFunctionTemplate [org.hibernate.dialect.function.CastFunction@538efa32] under cast; prior registration was null
2025-06-13 17:24:42.110 [main] DEBUG org.hibernate.query.sqm.function.SqmFunctionRegistry - Registered SqmFunctionTemplate [org.hibernate.query.sqm.function.PatternBasedSqmFunctionDescriptor@4e78e3d4] under collate; prior registration was null
2025-06-13 17:24:42.110 [main] DEBUG org.hibernate.query.sqm.function.SqmFunctionRegistry - Registered SqmFunctionTemplate [org.hibernate.dialect.function.ExtractFunction@556d6cb1] under extract; prior registration was null
2025-06-13 17:24:42.110 [main] DEBUG org.hibernate.query.sqm.function.SqmFunctionRegistry - Registered SqmFunctionTemplate [NamedSqmFunctionTemplate(least)] under least; prior registration was null
2025-06-13 17:24:42.111 [main] DEBUG org.hibernate.query.sqm.function.SqmFunctionRegistry - Registered SqmFunctionTemplate [NamedSqmFunctionTemplate(greatest)] under greatest; prior registration was null
2025-06-13 17:24:42.111 [main] DEBUG org.hibernate.query.sqm.function.SqmFunctionRegistry - Registered SqmFunctionTemplate [org.hibernate.dialect.function.CoalesceIfnullEmulation@739fb48] under ifnull; prior registration was null
2025-06-13 17:24:42.111 [main] DEBUG org.hibernate.query.sqm.function.SqmFunctionRegistry - Registered SqmFunctionTemplate [NamedSqmFunctionTemplate(lpad)] under lpad; prior registration was null
2025-06-13 17:24:42.111 [main] DEBUG org.hibernate.query.sqm.function.SqmFunctionRegistry - Registered SqmFunctionTemplate [NamedSqmFunctionTemplate(rpad)] under rpad; prior registration was null
2025-06-13 17:24:42.111 [main] DEBUG org.hibernate.query.sqm.function.SqmFunctionRegistry - Registered SqmFunctionTemplate [org.hibernate.dialect.function.LpadRpadPadEmulation@23c2cef7] under pad; prior registration was null
2025-06-13 17:24:42.111 [main] DEBUG org.hibernate.query.sqm.function.SqmFunctionRegistry - Registered SqmFunctionTemplate [org.hibernate.dialect.function.CastStrEmulation@2aadff18] under str; prior registration was null
2025-06-13 17:24:42.111 [main] DEBUG org.hibernate.query.sqm.function.SqmFunctionRegistry - Registered SqmFunctionTemplate [org.hibernate.dialect.function.FormatFunction@141b0618] under format; prior registration was null
2025-06-13 17:24:42.112 [main] DEBUG org.hibernate.query.sqm.function.SqmFunctionRegistry - Registered SqmFunctionTemplate [org.hibernate.dialect.function.TimestampaddFunction@5c305c68] under timestampadd; prior registration was null
2025-06-13 17:24:42.112 [main] DEBUG org.hibernate.query.sqm.function.SqmFunctionRegistry - Registered SqmFunctionTemplate [org.hibernate.dialect.function.TimestampdiffFunction@6930846f] under timestampdiff; prior registration was null
2025-06-13 17:24:42.112 [main] DEBUG org.hibernate.query.sqm.function.SqmFunctionRegistry - Registering alternate key : dateadd -> timestampadd
2025-06-13 17:24:42.112 [main] DEBUG org.hibernate.query.sqm.function.SqmFunctionRegistry - Registering alternate key : datediff -> timestampdiff
2025-06-13 17:24:42.112 [main] DEBUG org.hibernate.query.sqm.function.SqmFunctionRegistry - Registered SqmFunctionTemplate [org.hibernate.dialect.function.CurrentFunction@2ca0e36e] under current_date; prior registration was null
2025-06-13 17:24:42.112 [main] DEBUG org.hibernate.query.sqm.function.SqmFunctionRegistry - Registered SqmFunctionTemplate [org.hibernate.dialect.function.CurrentFunction@60471b24] under current_time; prior registration was null
2025-06-13 17:24:42.112 [main] DEBUG org.hibernate.query.sqm.function.SqmFunctionRegistry - Registered SqmFunctionTemplate [org.hibernate.dialect.function.CurrentFunction@3ecad858] under current_timestamp; prior registration was null
2025-06-13 17:24:42.113 [main] DEBUG org.hibernate.query.sqm.function.SqmFunctionRegistry - Registering alternate key : current date -> current_date
2025-06-13 17:24:42.113 [main] DEBUG org.hibernate.query.sqm.function.SqmFunctionRegistry - Registering alternate key : current time -> current_time
2025-06-13 17:24:42.113 [main] DEBUG org.hibernate.query.sqm.function.SqmFunctionRegistry - Registering alternate key : current timestamp -> current_timestamp
2025-06-13 17:24:42.113 [main] DEBUG org.hibernate.query.sqm.function.SqmFunctionRegistry - Registered SqmFunctionTemplate [org.hibernate.dialect.function.CurrentFunction@53343012] under local_date; prior registration was null
2025-06-13 17:24:42.113 [main] DEBUG org.hibernate.query.sqm.function.SqmFunctionRegistry - Registered SqmFunctionTemplate [org.hibernate.dialect.function.CurrentFunction@78240289] under local_time; prior registration was null
2025-06-13 17:24:42.113 [main] DEBUG org.hibernate.query.sqm.function.SqmFunctionRegistry - Registered SqmFunctionTemplate [org.hibernate.dialect.function.CurrentFunction@20e2a892] under local_datetime; prior registration was null
2025-06-13 17:24:42.113 [main] DEBUG org.hibernate.query.sqm.function.SqmFunctionRegistry - Registered SqmFunctionTemplate [org.hibernate.dialect.function.CurrentFunction@4882bcce] under offset_datetime; prior registration was null
2025-06-13 17:24:42.114 [main] DEBUG org.hibernate.query.sqm.function.SqmFunctionRegistry - Registering alternate key : local date -> local_date
2025-06-13 17:24:42.114 [main] DEBUG org.hibernate.query.sqm.function.SqmFunctionRegistry - Registering alternate key : local time -> local_time
2025-06-13 17:24:42.114 [main] DEBUG org.hibernate.query.sqm.function.SqmFunctionRegistry - Registering alternate key : local datetime -> local_datetime
2025-06-13 17:24:42.114 [main] DEBUG org.hibernate.query.sqm.function.SqmFunctionRegistry - Registering alternate key : offset datetime -> offset_datetime
2025-06-13 17:24:42.114 [main] DEBUG org.hibernate.query.sqm.function.SqmFunctionRegistry - Registered SqmFunctionTemplate [org.hibernate.dialect.function.CurrentFunction@3a44a16c] under instant; prior registration was null
2025-06-13 17:24:42.114 [main] DEBUG org.hibernate.query.sqm.function.SqmFunctionRegistry - Registering alternate key : current_instant -> instant
2025-06-13 17:24:42.114 [main] DEBUG org.hibernate.query.sqm.function.SqmFunctionRegistry - Registered SqmFunctionTemplate [org.hibernate.dialect.function.SqlFunction@622cdce7] under sql; prior registration was null
2025-06-13 17:24:42.115 [main] DEBUG org.hibernate.query.sqm.function.SqmFunctionRegistry - Registered SqmFunctionTemplate [NamedSqmFunctionTemplate(cot)] under cot; prior registration was null
2025-06-13 17:24:42.115 [main] DEBUG org.hibernate.query.sqm.function.SqmFunctionRegistry - Registered SqmFunctionTemplate [NamedSqmFunctionTemplate(radians)] under radians; prior registration was null
2025-06-13 17:24:42.115 [main] DEBUG org.hibernate.query.sqm.function.SqmFunctionRegistry - Registered SqmFunctionTemplate [NamedSqmFunctionTemplate(degrees)] under degrees; prior registration was null
2025-06-13 17:24:42.115 [main] DEBUG org.hibernate.query.sqm.function.SqmFunctionRegistry - Registered SqmFunctionTemplate [NamedSqmFunctionTemplate(log)] under log; prior registration was org.hibernate.query.sqm.function.PatternBasedSqmFunctionDescriptor@28e9d3b5
2025-06-13 17:24:42.115 [main] DEBUG org.hibernate.query.sqm.function.SqmFunctionRegistry - Registered SqmFunctionTemplate [org.hibernate.query.sqm.function.PatternBasedSqmFunctionDescriptor@57bf4e08] under mod; prior registration was NamedSqmFunctionTemplate(mod)
2025-06-13 17:24:42.115 [main] DEBUG org.hibernate.query.sqm.function.SqmFunctionRegistry - Registered SqmFunctionTemplate [NamedSqmFunctionTemplate(log10)] under log10; prior registration was null
2025-06-13 17:24:42.116 [main] DEBUG org.hibernate.query.sqm.function.SqmFunctionRegistry - Registered SqmFunctionTemplate [NamedSqmFunctionTemplate(tanh)] under tanh; prior registration was org.hibernate.query.sqm.function.PatternBasedSqmFunctionDescriptor@4cce5aea
2025-06-13 17:24:42.116 [main] DEBUG org.hibernate.query.sqm.function.SqmFunctionRegistry - Registered SqmFunctionTemplate [NamedSqmFunctionTemplate(sinh)] under sinh; prior registration was org.hibernate.query.sqm.function.PatternBasedSqmFunctionDescriptor@63a1e6df
2025-06-13 17:24:42.116 [main] DEBUG org.hibernate.query.sqm.function.SqmFunctionRegistry - Registered SqmFunctionTemplate [NamedSqmFunctionTemplate(cosh)] under cosh; prior registration was org.hibernate.query.sqm.function.PatternBasedSqmFunctionDescriptor@4d270a75
2025-06-13 17:24:42.116 [main] DEBUG org.hibernate.query.sqm.function.SqmFunctionRegistry - Registered SqmFunctionTemplate [NamedSqmFunctionTemplate(acosh)] under acosh; prior registration was null
2025-06-13 17:24:42.116 [main] DEBUG org.hibernate.query.sqm.function.SqmFunctionRegistry - Registered SqmFunctionTemplate [NamedSqmFunctionTemplate(asinh)] under asinh; prior registration was null
2025-06-13 17:24:42.116 [main] DEBUG org.hibernate.query.sqm.function.SqmFunctionRegistry - Registered SqmFunctionTemplate [NamedSqmFunctionTemplate(atanh)] under atanh; prior registration was null
2025-06-13 17:24:42.117 [main] DEBUG org.hibernate.query.sqm.function.SqmFunctionRegistry - Registered SqmFunctionTemplate [NamedSqmFunctionTemplate(cbrt)] under cbrt; prior registration was null
2025-06-13 17:24:42.117 [main] DEBUG org.hibernate.query.sqm.function.SqmFunctionRegistry - Registered SqmFunctionTemplate [NamedSqmFunctionTemplate(pi)] under pi; prior registration was org.hibernate.query.sqm.function.PatternBasedSqmFunctionDescriptor@441242f6
2025-06-13 17:24:42.117 [main] DEBUG org.hibernate.query.sqm.function.SqmFunctionRegistry - Registered SqmFunctionTemplate [NamedSqmFunctionTemplate(ltrim)] under ltrim; prior registration was null
2025-06-13 17:24:42.117 [main] DEBUG org.hibernate.query.sqm.function.SqmFunctionRegistry - Registered SqmFunctionTemplate [NamedSqmFunctionTemplate(rtrim)] under rtrim; prior registration was null
2025-06-13 17:24:42.117 [main] DEBUG org.hibernate.query.sqm.function.SqmFunctionRegistry - Registered SqmFunctionTemplate [NamedSqmFunctionTemplate(repeat)] under repeat; prior registration was null
2025-06-13 17:24:42.117 [main] DEBUG org.hibernate.query.sqm.function.SqmFunctionRegistry - Registered SqmFunctionTemplate [NamedSqmFunctionTemplate(md5)] under md5; prior registration was null
2025-06-13 17:24:42.117 [main] DEBUG org.hibernate.query.sqm.function.SqmFunctionRegistry - Registered SqmFunctionTemplate [NamedSqmFunctionTemplate(initcap)] under initcap; prior registration was null
2025-06-13 17:24:42.118 [main] DEBUG org.hibernate.query.sqm.function.SqmFunctionRegistry - Registered SqmFunctionTemplate [NamedSqmFunctionTemplate(substr)] under substr; prior registration was null
2025-06-13 17:24:42.118 [main] DEBUG org.hibernate.query.sqm.function.SqmFunctionRegistry - Registered SqmFunctionTemplate [NamedSqmFunctionTemplate(substr)] under substring; prior registration was NamedSqmFunctionTemplate(substring)
2025-06-13 17:24:42.118 [main] DEBUG org.hibernate.query.sqm.function.SqmFunctionRegistry - Registered SqmFunctionTemplate [NamedSqmFunctionTemplate(translate)] under translate; prior registration was null
2025-06-13 17:24:42.118 [main] DEBUG org.hibernate.query.sqm.function.SqmFunctionRegistry - Registered SqmFunctionTemplate [NamedSqmFunctionTemplate(to_number)] under to_number; prior registration was null
2025-06-13 17:24:42.118 [main] DEBUG org.hibernate.query.sqm.function.SqmFunctionRegistry - Registered SqmFunctionTemplate [NamedSqmFunctionTemplate(to_char)] under to_char; prior registration was null
2025-06-13 17:24:42.118 [main] DEBUG org.hibernate.query.sqm.function.SqmFunctionRegistry - Registered SqmFunctionTemplate [NamedSqmFunctionTemplate(to_date)] under to_date; prior registration was null
2025-06-13 17:24:42.118 [main] DEBUG org.hibernate.query.sqm.function.SqmFunctionRegistry - Registered SqmFunctionTemplate [NamedSqmFunctionTemplate(to_timestamp)] under to_timestamp; prior registration was null
2025-06-13 17:24:42.119 [main] DEBUG org.hibernate.query.sqm.function.SqmFunctionRegistry - Registered SqmFunctionTemplate [org.hibernate.dialect.function.ConcatPipeFunction@a86ecfd] under concat; prior registration was NamedSqmFunctionTemplate(concat)
2025-06-13 17:24:42.119 [main] DEBUG org.hibernate.query.sqm.function.SqmFunctionRegistry - Registered SqmFunctionTemplate [NamedSqmFunctionTemplate(localtime)] under localtime; prior registration was null
2025-06-13 17:24:42.119 [main] DEBUG org.hibernate.query.sqm.function.SqmFunctionRegistry - Registered SqmFunctionTemplate [NamedSqmFunctionTemplate(localtimestamp)] under localtimestamp; prior registration was null
2025-06-13 17:24:42.119 [main] DEBUG org.hibernate.query.sqm.function.SqmFunctionRegistry - Registered SqmFunctionTemplate [NamedSqmFunctionTemplate(localtime)] under local_time; prior registration was org.hibernate.dialect.function.CurrentFunction@78240289
2025-06-13 17:24:42.119 [main] DEBUG org.hibernate.query.sqm.function.SqmFunctionRegistry - Registered SqmFunctionTemplate [NamedSqmFunctionTemplate(localtimestamp)] under local_datetime; prior registration was org.hibernate.dialect.function.CurrentFunction@20e2a892
2025-06-13 17:24:42.119 [main] DEBUG org.hibernate.query.sqm.function.SqmFunctionRegistry - Registered SqmFunctionTemplate [org.hibernate.dialect.function.LengthFunction@15d66300] under character_length; prior registration was NamedSqmFunctionTemplate(character_length)
2025-06-13 17:24:42.120 [main] DEBUG org.hibernate.query.sqm.function.SqmFunctionRegistry - Registering alternate key : length -> character_length
2025-06-13 17:24:42.120 [main] DEBUG org.hibernate.query.sqm.function.SqmFunctionRegistry - Registered SqmFunctionTemplate [org.hibernate.dialect.function.LengthFunction@11194eb9] under bit_length; prior registration was null
2025-06-13 17:24:42.120 [main] DEBUG org.hibernate.query.sqm.function.SqmFunctionRegistry - Registered SqmFunctionTemplate [org.hibernate.dialect.function.LengthFunction@3c7b8d9c] under octet_length; prior registration was null
2025-06-13 17:24:42.120 [main] DEBUG org.hibernate.query.sqm.function.SqmFunctionRegistry - Registered SqmFunctionTemplate [NamedSqmFunctionTemplate(ascii)] under ascii; prior registration was null
2025-06-13 17:24:42.120 [main] DEBUG org.hibernate.query.sqm.function.SqmFunctionRegistry - Registered SqmFunctionTemplate [NamedSqmFunctionTemplate(chr)] under chr; prior registration was null
2025-06-13 17:24:42.120 [main] DEBUG org.hibernate.query.sqm.function.SqmFunctionRegistry - Registering alternate key : char -> chr
2025-06-13 17:24:42.120 [main] DEBUG org.hibernate.query.sqm.function.SqmFunctionRegistry - Registered SqmFunctionTemplate [org.hibernate.query.sqm.function.PatternBasedSqmFunctionDescriptor@1a77fea] under position; prior registration was org.hibernate.dialect.function.LocatePositionEmulation@5d68107f
2025-06-13 17:24:42.121 [main] DEBUG org.hibernate.query.sqm.function.SqmFunctionRegistry - Registered SqmFunctionTemplate [org.hibernate.query.sqm.function.PatternBasedSqmFunctionDescriptor@27cfc2bd] under bitand; prior registration was null
2025-06-13 17:24:42.121 [main] DEBUG org.hibernate.query.sqm.function.SqmFunctionRegistry - Registered SqmFunctionTemplate [org.hibernate.query.sqm.function.PatternBasedSqmFunctionDescriptor@7c782c7b] under bitor; prior registration was null
2025-06-13 17:24:42.121 [main] DEBUG org.hibernate.query.sqm.function.SqmFunctionRegistry - Registered SqmFunctionTemplate [org.hibernate.query.sqm.function.PatternBasedSqmFunctionDescriptor@1c0f4905] under bitxor; prior registration was null
2025-06-13 17:24:42.121 [main] DEBUG org.hibernate.query.sqm.function.SqmFunctionRegistry - Registered SqmFunctionTemplate [org.hibernate.query.sqm.function.PatternBasedSqmFunctionDescriptor@26ed2d41] under bitnot; prior registration was null
2025-06-13 17:24:42.121 [main] DEBUG org.hibernate.query.sqm.function.SqmFunctionRegistry - Registered SqmFunctionTemplate [NamedSqmFunctionTemplate(bit_and)] under bit_and; prior registration was null
2025-06-13 17:24:42.121 [main] DEBUG org.hibernate.query.sqm.function.SqmFunctionRegistry - Registered SqmFunctionTemplate [NamedSqmFunctionTemplate(bit_or)] under bit_or; prior registration was null
2025-06-13 17:24:42.122 [main] DEBUG org.hibernate.query.sqm.function.SqmFunctionRegistry - Registered SqmFunctionTemplate [NamedSqmFunctionTemplate(bool_and)] under bool_and; prior registration was null
2025-06-13 17:24:42.122 [main] DEBUG org.hibernate.query.sqm.function.SqmFunctionRegistry - Registering alternate key : every -> bool_and
2025-06-13 17:24:42.122 [main] DEBUG org.hibernate.query.sqm.function.SqmFunctionRegistry - Registered SqmFunctionTemplate [NamedSqmFunctionTemplate(bool_or)] under bool_or; prior registration was null
2025-06-13 17:24:42.122 [main] DEBUG org.hibernate.query.sqm.function.SqmFunctionRegistry - Registering alternate key : any -> bool_or
2025-06-13 17:24:42.122 [main] DEBUG org.hibernate.query.sqm.function.SqmFunctionRegistry - Registered SqmFunctionTemplate [org.hibernate.query.sqm.function.PatternBasedSqmFunctionDescriptor@7f6ed90b] under median; prior registration was null
2025-06-13 17:24:42.122 [main] DEBUG org.hibernate.query.sqm.function.SqmFunctionRegistry - Registered SqmFunctionTemplate [NamedSqmFunctionTemplate(stddev)] under stddev; prior registration was null
2025-06-13 17:24:42.123 [main] DEBUG org.hibernate.query.sqm.function.SqmFunctionRegistry - Registered SqmFunctionTemplate [NamedSqmFunctionTemplate(stddev_pop)] under stddev_pop; prior registration was null
2025-06-13 17:24:42.123 [main] DEBUG org.hibernate.query.sqm.function.SqmFunctionRegistry - Registered SqmFunctionTemplate [NamedSqmFunctionTemplate(stddev_samp)] under stddev_samp; prior registration was null
2025-06-13 17:24:42.123 [main] DEBUG org.hibernate.query.sqm.function.SqmFunctionRegistry - Registered SqmFunctionTemplate [NamedSqmFunctionTemplate(variance)] under variance; prior registration was null
2025-06-13 17:24:42.123 [main] DEBUG org.hibernate.query.sqm.function.SqmFunctionRegistry - Registered SqmFunctionTemplate [NamedSqmFunctionTemplate(var_pop)] under var_pop; prior registration was null
2025-06-13 17:24:42.123 [main] DEBUG org.hibernate.query.sqm.function.SqmFunctionRegistry - Registered SqmFunctionTemplate [NamedSqmFunctionTemplate(var_samp)] under var_samp; prior registration was null
2025-06-13 17:24:42.123 [main] DEBUG org.hibernate.query.sqm.function.SqmFunctionRegistry - Registered SqmFunctionTemplate [NamedSqmFunctionTemplate(covar_pop)] under covar_pop; prior registration was null
2025-06-13 17:24:42.123 [main] DEBUG org.hibernate.query.sqm.function.SqmFunctionRegistry - Registered SqmFunctionTemplate [NamedSqmFunctionTemplate(covar_samp)] under covar_samp; prior registration was null
2025-06-13 17:24:42.124 [main] DEBUG org.hibernate.query.sqm.function.SqmFunctionRegistry - Registered SqmFunctionTemplate [NamedSqmFunctionTemplate(corr)] under corr; prior registration was null
2025-06-13 17:24:42.124 [main] DEBUG org.hibernate.query.sqm.function.SqmFunctionRegistry - Registered SqmFunctionTemplate [NamedSqmFunctionTemplate(regr_avgx)] under regr_avgx; prior registration was null
2025-06-13 17:24:42.124 [main] DEBUG org.hibernate.query.sqm.function.SqmFunctionRegistry - Registered SqmFunctionTemplate [NamedSqmFunctionTemplate(regr_avgy)] under regr_avgy; prior registration was null
2025-06-13 17:24:42.124 [main] DEBUG org.hibernate.query.sqm.function.SqmFunctionRegistry - Registered SqmFunctionTemplate [NamedSqmFunctionTemplate(regr_count)] under regr_count; prior registration was null
2025-06-13 17:24:42.124 [main] DEBUG org.hibernate.query.sqm.function.SqmFunctionRegistry - Registered SqmFunctionTemplate [NamedSqmFunctionTemplate(regr_intercept)] under regr_intercept; prior registration was null
2025-06-13 17:24:42.124 [main] DEBUG org.hibernate.query.sqm.function.SqmFunctionRegistry - Registered SqmFunctionTemplate [NamedSqmFunctionTemplate(regr_r2)] under regr_r2; prior registration was null
2025-06-13 17:24:42.125 [main] DEBUG org.hibernate.query.sqm.function.SqmFunctionRegistry - Registered SqmFunctionTemplate [NamedSqmFunctionTemplate(regr_slope)] under regr_slope; prior registration was null
2025-06-13 17:24:42.125 [main] DEBUG org.hibernate.query.sqm.function.SqmFunctionRegistry - Registered SqmFunctionTemplate [NamedSqmFunctionTemplate(regr_sxx)] under regr_sxx; prior registration was null
2025-06-13 17:24:42.125 [main] DEBUG org.hibernate.query.sqm.function.SqmFunctionRegistry - Registered SqmFunctionTemplate [NamedSqmFunctionTemplate(regr_sxy)] under regr_sxy; prior registration was null
2025-06-13 17:24:42.125 [main] DEBUG org.hibernate.query.sqm.function.SqmFunctionRegistry - Registered SqmFunctionTemplate [NamedSqmFunctionTemplate(regr_syy)] under regr_syy; prior registration was null
2025-06-13 17:24:42.125 [main] DEBUG org.hibernate.query.sqm.function.SqmFunctionRegistry - Registered SqmFunctionTemplate [org.hibernate.query.sqm.function.PatternBasedSqmFunctionDescriptor@42483969] under insert; prior registration was null
2025-06-13 17:24:42.125 [main] DEBUG org.hibernate.query.sqm.function.SqmFunctionRegistry - Registered SqmFunctionTemplate [org.hibernate.query.sqm.function.MultipatternSqmFunctionDescriptor@24e91744] under overlay; prior registration was org.hibernate.dialect.function.InsertSubstringOverlayEmulation@634f0832
2025-06-13 17:24:42.126 [main] DEBUG org.hibernate.query.sqm.function.SqmFunctionRegistry - Registered SqmFunctionTemplate [NamedSqmFunctionTemplate(soundex)] under soundex; prior registration was null
2025-06-13 17:24:42.126 [main] DEBUG org.hibernate.query.sqm.function.SqmFunctionRegistry - Registered SqmFunctionTemplate [org.hibernate.query.sqm.function.MultipatternSqmFunctionDescriptor@6b21a1bd] under locate; prior registration was NamedSqmFunctionTemplate(locate)
2025-06-13 17:24:42.126 [main] DEBUG org.hibernate.query.sqm.function.SqmFunctionRegistry - Registered SqmFunctionTemplate [NamedSqmFunctionTemplate(row_number)] under row_number; prior registration was null
2025-06-13 17:24:42.126 [main] DEBUG org.hibernate.query.sqm.function.SqmFunctionRegistry - Registered SqmFunctionTemplate [NamedSqmFunctionTemplate(lag)] under lag; prior registration was null
2025-06-13 17:24:42.126 [main] DEBUG org.hibernate.query.sqm.function.SqmFunctionRegistry - Registered SqmFunctionTemplate [NamedSqmFunctionTemplate(lead)] under lead; prior registration was null
2025-06-13 17:24:42.126 [main] DEBUG org.hibernate.query.sqm.function.SqmFunctionRegistry - Registered SqmFunctionTemplate [NamedSqmFunctionTemplate(first_value)] under first_value; prior registration was null
2025-06-13 17:24:42.126 [main] DEBUG org.hibernate.query.sqm.function.SqmFunctionRegistry - Registered SqmFunctionTemplate [NamedSqmFunctionTemplate(last_value)] under last_value; prior registration was null
2025-06-13 17:24:42.127 [main] DEBUG org.hibernate.query.sqm.function.SqmFunctionRegistry - Registered SqmFunctionTemplate [NamedSqmFunctionTemplate(nth_value)] under nth_value; prior registration was null
2025-06-13 17:24:42.127 [main] DEBUG org.hibernate.query.sqm.function.SqmFunctionRegistry - Registered SqmFunctionTemplate [org.hibernate.dialect.function.ListaggStringAggEmulation@628e9b53] under listagg; prior registration was null
2025-06-13 17:24:42.127 [main] DEBUG org.hibernate.query.sqm.function.SqmFunctionRegistry - Registered SqmFunctionTemplate [org.hibernate.dialect.function.array.PostgreSQLArrayConstructorFunction@610e751a] under array; prior registration was null
2025-06-13 17:24:42.127 [main] DEBUG org.hibernate.query.sqm.function.SqmFunctionRegistry - Registered SqmFunctionTemplate [org.hibernate.dialect.function.array.PostgreSQLArrayConstructorFunction@db10d48] under array_list; prior registration was null
2025-06-13 17:24:42.127 [main] DEBUG org.hibernate.query.sqm.function.SqmFunctionRegistry - Registered SqmFunctionTemplate [org.hibernate.dialect.function.array.ArrayAggFunction@6b7b690a] under array_agg; prior registration was null
2025-06-13 17:24:42.127 [main] DEBUG org.hibernate.query.sqm.function.SqmFunctionRegistry - Registered SqmFunctionTemplate [org.hibernate.dialect.function.array.PostgreSQLArrayPositionFunction@7db92335] under array_position; prior registration was null
2025-06-13 17:24:42.128 [main] DEBUG org.hibernate.query.sqm.function.SqmFunctionRegistry - Registered SqmFunctionTemplate [org.hibernate.dialect.function.array.PostgreSQLArrayPositionsFunction@6ad3a4c9] under array_positions; prior registration was null
2025-06-13 17:24:42.128 [main] DEBUG org.hibernate.query.sqm.function.SqmFunctionRegistry - Registered SqmFunctionTemplate [org.hibernate.dialect.function.array.PostgreSQLArrayPositionsFunction@5ad0a3a0] under array_positions_list; prior registration was null
2025-06-13 17:24:42.128 [main] DEBUG org.hibernate.query.sqm.function.SqmFunctionRegistry - Registered SqmFunctionTemplate [org.hibernate.query.sqm.function.PatternBasedSqmFunctionDescriptor@6ec48344] under array_length; prior registration was null
2025-06-13 17:24:42.128 [main] DEBUG org.hibernate.query.sqm.function.SqmFunctionRegistry - Registered SqmFunctionTemplate [org.hibernate.dialect.function.DynamicDispatchFunction@68b6ad66] under length; prior registration was null
2025-06-13 17:24:42.128 [main] DEBUG org.hibernate.query.sqm.function.SqmFunctionRegistry - Registered SqmFunctionTemplate [org.hibernate.dialect.function.array.PostgreSQLArrayConcatFunction@1fb4b955] under array_concat; prior registration was null
2025-06-13 17:24:42.129 [main] DEBUG org.hibernate.query.sqm.function.SqmFunctionRegistry - Registered SqmFunctionTemplate [org.hibernate.dialect.function.array.PostgreSQLArrayConcatElementFunction@40a6c4a0] under array_prepend; prior registration was null
2025-06-13 17:24:42.129 [main] DEBUG org.hibernate.query.sqm.function.SqmFunctionRegistry - Registered SqmFunctionTemplate [org.hibernate.dialect.function.array.PostgreSQLArrayConcatElementFunction@ab2b153] under array_append; prior registration was null
2025-06-13 17:24:42.129 [main] DEBUG org.hibernate.query.sqm.function.SqmFunctionRegistry - Registered SqmFunctionTemplate [org.hibernate.dialect.function.array.ArrayContainsOperatorFunction@57b2e0fe] under array_contains; prior registration was null
2025-06-13 17:24:42.129 [main] DEBUG org.hibernate.query.sqm.function.SqmFunctionRegistry - Registered SqmFunctionTemplate [org.hibernate.dialect.function.array.ArrayContainsOperatorFunction@6df6854c] under array_contains_nullable; prior registration was null
2025-06-13 17:24:42.129 [main] DEBUG org.hibernate.query.sqm.function.SqmFunctionRegistry - Registered SqmFunctionTemplate [org.hibernate.dialect.function.array.ArrayIncludesOperatorFunction@1b03cf96] under array_includes; prior registration was null
2025-06-13 17:24:42.129 [main] DEBUG org.hibernate.query.sqm.function.SqmFunctionRegistry - Registered SqmFunctionTemplate [org.hibernate.dialect.function.array.ArrayIncludesOperatorFunction@424dd8c] under array_includes_nullable; prior registration was null
2025-06-13 17:24:42.130 [main] DEBUG org.hibernate.query.sqm.function.SqmFunctionRegistry - Registered SqmFunctionTemplate [org.hibernate.dialect.function.array.ArrayIntersectsOperatorFunction@445178e6] under array_intersects; prior registration was null
2025-06-13 17:24:42.130 [main] DEBUG org.hibernate.query.sqm.function.SqmFunctionRegistry - Registered SqmFunctionTemplate [org.hibernate.dialect.function.array.ArrayIntersectsOperatorFunction@1d5459c5] under array_intersects_nullable; prior registration was null
2025-06-13 17:24:42.130 [main] DEBUG org.hibernate.query.sqm.function.SqmFunctionRegistry - Registering alternate key : array_overlaps -> array_intersects
2025-06-13 17:24:42.130 [main] DEBUG org.hibernate.query.sqm.function.SqmFunctionRegistry - Registering alternate key : array_overlaps_nullable -> array_intersects_nullable
2025-06-13 17:24:42.130 [main] DEBUG org.hibernate.query.sqm.function.SqmFunctionRegistry - Registered SqmFunctionTemplate [org.hibernate.query.sqm.function.PatternBasedSqmFunctionDescriptor@182e5a86] under array_get; prior registration was null
2025-06-13 17:24:42.130 [main] DEBUG org.hibernate.query.sqm.function.SqmFunctionRegistry - Registered SqmFunctionTemplate [org.hibernate.dialect.function.array.ArraySetUnnestFunction@3ac42cb2] under array_set; prior registration was null
2025-06-13 17:24:42.130 [main] DEBUG org.hibernate.query.sqm.function.SqmFunctionRegistry - Registered SqmFunctionTemplate [NamedSqmFunctionTemplate(array_remove)] under array_remove; prior registration was null
2025-06-13 17:24:42.131 [main] DEBUG org.hibernate.query.sqm.function.SqmFunctionRegistry - Registered SqmFunctionTemplate [org.hibernate.dialect.function.array.ArrayRemoveIndexUnnestFunction@751df544] under array_remove_index; prior registration was null
2025-06-13 17:24:42.131 [main] DEBUG org.hibernate.query.sqm.function.SqmFunctionRegistry - Registered SqmFunctionTemplate [org.hibernate.query.sqm.function.PatternBasedSqmFunctionDescriptor@4a381053] under array_slice; prior registration was null
2025-06-13 17:24:42.131 [main] DEBUG org.hibernate.query.sqm.function.SqmFunctionRegistry - Registered SqmFunctionTemplate [NamedSqmFunctionTemplate(array_replace)] under array_replace; prior registration was null
2025-06-13 17:24:42.131 [main] DEBUG org.hibernate.query.sqm.function.SqmFunctionRegistry - Registered SqmFunctionTemplate [org.hibernate.dialect.function.array.PostgreSQLArrayTrimEmulation@20a899f8] under array_trim; prior registration was null
2025-06-13 17:24:42.131 [main] DEBUG org.hibernate.query.sqm.function.SqmFunctionRegistry - Registered SqmFunctionTemplate [org.hibernate.dialect.function.array.PostgreSQLArrayFillFunction@3b1290e3] under array_fill; prior registration was null
2025-06-13 17:24:42.131 [main] DEBUG org.hibernate.query.sqm.function.SqmFunctionRegistry - Registered SqmFunctionTemplate [org.hibernate.dialect.function.array.PostgreSQLArrayFillFunction@213fe510] under array_fill_list; prior registration was null
2025-06-13 17:24:42.131 [main] DEBUG org.hibernate.query.sqm.function.SqmFunctionRegistry - Registered SqmFunctionTemplate [org.hibernate.dialect.function.array.ArrayToStringFunction@2b8fd3ec] under array_to_string; prior registration was null
2025-06-13 17:24:42.132 [main] DEBUG org.hibernate.query.sqm.function.SqmFunctionRegistry - Registered SqmFunctionTemplate [NamedSqmFunctionTemplate(make_date)] under make_date; prior registration was null
2025-06-13 17:24:42.132 [main] DEBUG org.hibernate.query.sqm.function.SqmFunctionRegistry - Registered SqmFunctionTemplate [NamedSqmFunctionTemplate(make_time)] under make_time; prior registration was null
2025-06-13 17:24:42.132 [main] DEBUG org.hibernate.query.sqm.function.SqmFunctionRegistry - Registered SqmFunctionTemplate [NamedSqmFunctionTemplate(make_timestamp)] under make_timestamp; prior registration was null
2025-06-13 17:24:42.132 [main] DEBUG org.hibernate.query.sqm.function.SqmFunctionRegistry - Registered SqmFunctionTemplate [NamedSqmFunctionTemplate(make_timestamptz)] under make_timestamptz; prior registration was null
2025-06-13 17:24:42.132 [main] DEBUG org.hibernate.query.sqm.function.SqmFunctionRegistry - Registered SqmFunctionTemplate [org.hibernate.dialect.function.InverseDistributionFunction@4f0ce83c] under mode; prior registration was null
2025-06-13 17:24:42.132 [main] DEBUG org.hibernate.query.sqm.function.SqmFunctionRegistry - Registered SqmFunctionTemplate [org.hibernate.dialect.function.InverseDistributionFunction@60b6ecb6] under percentile_cont; prior registration was null
2025-06-13 17:24:42.132 [main] DEBUG org.hibernate.query.sqm.function.SqmFunctionRegistry - Registered SqmFunctionTemplate [org.hibernate.dialect.function.InverseDistributionFunction@3e7f82d5] under percentile_disc; prior registration was null
2025-06-13 17:24:42.133 [main] DEBUG org.hibernate.query.sqm.function.SqmFunctionRegistry - Registered SqmFunctionTemplate [org.hibernate.dialect.function.HypotheticalSetFunction@6b3a2645] under rank; prior registration was null
2025-06-13 17:24:42.133 [main] DEBUG org.hibernate.query.sqm.function.SqmFunctionRegistry - Registered SqmFunctionTemplate [org.hibernate.dialect.function.HypotheticalSetFunction@43df6e16] under dense_rank; prior registration was null
2025-06-13 17:24:42.133 [main] DEBUG org.hibernate.query.sqm.function.SqmFunctionRegistry - Registered SqmFunctionTemplate [org.hibernate.dialect.function.HypotheticalSetFunction@145bf987] under percent_rank; prior registration was null
2025-06-13 17:24:42.133 [main] DEBUG org.hibernate.query.sqm.function.SqmFunctionRegistry - Registered SqmFunctionTemplate [org.hibernate.dialect.function.HypotheticalSetFunction@56f0a8f3] under cume_dist; prior registration was null
2025-06-13 17:24:42.133 [main] DEBUG org.hibernate.query.sqm.function.SqmFunctionRegistry - Registered SqmFunctionTemplate [org.hibernate.dialect.function.PostgreSQLMinMaxFunction@6c42a466] under min; prior registration was NamedSqmFunctionTemplate(min)
2025-06-13 17:24:42.133 [main] DEBUG org.hibernate.query.sqm.function.SqmFunctionRegistry - Registered SqmFunctionTemplate [org.hibernate.dialect.function.PostgreSQLMinMaxFunction@54d5c826] under max; prior registration was NamedSqmFunctionTemplate(max)
2025-06-13 17:24:42.133 [main] DEBUG org.hibernate.query.sqm.function.SqmFunctionRegistry - Registered SqmFunctionTemplate [org.hibernate.query.sqm.function.PatternBasedSqmFunctionDescriptor@1f0984fa] under bitxor; prior registration was org.hibernate.query.sqm.function.PatternBasedSqmFunctionDescriptor@1c0f4905
2025-06-13 17:24:42.134 [main] DEBUG org.hibernate.query.sqm.function.SqmFunctionRegistry - Registered SqmFunctionTemplate [org.hibernate.dialect.function.PostgreSQLTruncRoundFunction@4c6d10d8] under round; prior registration was NamedSqmFunctionTemplate(round)
2025-06-13 17:24:42.134 [main] DEBUG org.hibernate.query.sqm.function.SqmFunctionRegistry - Registered SqmFunctionTemplate [org.hibernate.dialect.function.PostgreSQLTruncFunction@35f5eca7] under trunc; prior registration was null
2025-06-13 17:24:42.134 [main] DEBUG org.hibernate.query.sqm.function.SqmFunctionRegistry - Registering alternate key : truncate -> trunc
2025-06-13 17:24:42.134 [main] DEBUG org.hibernate.query.sqm.function.SqmFunctionRegistry - Registered SqmFunctionTemplate [org.hibernate.query.sqm.function.PatternBasedSqmFunctionDescriptor@4f1b96c7] under date_trunc; prior registration was null
2025-06-13 17:24:42.134 [main] DEBUG org.hibernate.HQL_FUNCTIONS - abs(NUMERIC arg)
2025-06-13 17:24:42.134 [main] DEBUG org.hibernate.HQL_FUNCTIONS - Double acos(NUMERIC arg)
2025-06-13 17:24:42.135 [main] DEBUG org.hibernate.HQL_FUNCTIONS - Double acosh(NUMERIC arg)
2025-06-13 17:24:42.135 [main] DEBUG org.hibernate.HQL_FUNCTIONS - Boolean any(BOOLEAN predicate)
2025-06-13 17:24:42.135 [main] DEBUG org.hibernate.HQL_FUNCTIONS - array( ... )
2025-06-13 17:24:42.135 [main] DEBUG org.hibernate.HQL_FUNCTIONS - array_agg(arg)
2025-06-13 17:24:42.135 [main] DEBUG org.hibernate.HQL_FUNCTIONS - array_append( ... )
2025-06-13 17:24:42.135 [main] DEBUG org.hibernate.HQL_FUNCTIONS - array_concat( ... )
2025-06-13 17:24:42.135 [main] DEBUG org.hibernate.HQL_FUNCTIONS - Boolean array_contains(ARRAY haystackArray, OBJECT needleElementOrArray)
2025-06-13 17:24:42.136 [main] DEBUG org.hibernate.HQL_FUNCTIONS - Boolean array_contains_nullable(ARRAY haystackArray, OBJECT needleElementOrArray)
2025-06-13 17:24:42.136 [main] DEBUG org.hibernate.HQL_FUNCTIONS - array_fill(OBJECT element, INTEGER elementCount)
2025-06-13 17:24:42.136 [main] DEBUG org.hibernate.HQL_FUNCTIONS - array_fill_list(OBJECT element, INTEGER elementCount)
2025-06-13 17:24:42.136 [main] DEBUG org.hibernate.HQL_FUNCTIONS - array_get(ARRAY array, INTEGER index)
2025-06-13 17:24:42.136 [main] DEBUG org.hibernate.HQL_FUNCTIONS - Boolean array_includes(ARRAY haystackArray, OBJECT needleArray)
2025-06-13 17:24:42.136 [main] DEBUG org.hibernate.HQL_FUNCTIONS - Boolean array_includes_nullable(ARRAY haystackArray, OBJECT needleArray)
2025-06-13 17:24:42.137 [main] DEBUG org.hibernate.HQL_FUNCTIONS - Boolean array_intersects(ARRAY array0, OBJECT array1)
2025-06-13 17:24:42.137 [main] DEBUG org.hibernate.HQL_FUNCTIONS - Boolean array_intersects_nullable(ARRAY array0, OBJECT array1)
2025-06-13 17:24:42.137 [main] DEBUG org.hibernate.HQL_FUNCTIONS - Integer array_length(ARRAY array)
2025-06-13 17:24:42.137 [main] DEBUG org.hibernate.HQL_FUNCTIONS - array_list( ... )
2025-06-13 17:24:42.137 [main] DEBUG org.hibernate.HQL_FUNCTIONS - Boolean array_overlaps(ARRAY array0, OBJECT array1)
2025-06-13 17:24:42.137 [main] DEBUG org.hibernate.HQL_FUNCTIONS - Boolean array_overlaps_nullable(ARRAY array0, OBJECT array1)
2025-06-13 17:24:42.138 [main] DEBUG org.hibernate.HQL_FUNCTIONS - Integer array_position(ARRAY array, OBJECT element[, INTEGER startPosition])
2025-06-13 17:24:42.138 [main] DEBUG org.hibernate.HQL_FUNCTIONS - int[] array_positions(ARRAY array, OBJECT element)
2025-06-13 17:24:42.138 [main] DEBUG org.hibernate.HQL_FUNCTIONS - List array_positions_list(ARRAY array, OBJECT element)
2025-06-13 17:24:42.138 [main] DEBUG org.hibernate.HQL_FUNCTIONS - array_prepend( ... )
2025-06-13 17:24:42.138 [main] DEBUG org.hibernate.HQL_FUNCTIONS - array_remove( ... )
2025-06-13 17:24:42.138 [main] DEBUG org.hibernate.HQL_FUNCTIONS - array_remove_index( ... )
2025-06-13 17:24:42.139 [main] DEBUG org.hibernate.HQL_FUNCTIONS - array_replace(ARRAY array, OBJECT old, OBJECT new)
2025-06-13 17:24:42.139 [main] DEBUG org.hibernate.HQL_FUNCTIONS - array_set( ... )
2025-06-13 17:24:42.139 [main] DEBUG org.hibernate.HQL_FUNCTIONS - array_slice(ARRAY array, INTEGER start, INTEGER end)
2025-06-13 17:24:42.139 [main] DEBUG org.hibernate.HQL_FUNCTIONS - String array_to_string( ... )
2025-06-13 17:24:42.139 [main] DEBUG org.hibernate.HQL_FUNCTIONS - array_trim( ... )
2025-06-13 17:24:42.139 [main] DEBUG org.hibernate.HQL_FUNCTIONS - Integer ascii(STRING arg)
2025-06-13 17:24:42.139 [main] DEBUG org.hibernate.HQL_FUNCTIONS - Double asin(NUMERIC arg)
2025-06-13 17:24:42.139 [main] DEBUG org.hibernate.HQL_FUNCTIONS - Double asinh(NUMERIC arg)
2025-06-13 17:24:42.140 [main] DEBUG org.hibernate.HQL_FUNCTIONS - Double atan(NUMERIC arg)
2025-06-13 17:24:42.140 [main] DEBUG org.hibernate.HQL_FUNCTIONS - Double atan2(NUMERIC arg0, NUMERIC arg1)
2025-06-13 17:24:42.140 [main] DEBUG org.hibernate.HQL_FUNCTIONS - Double atanh(NUMERIC arg)
2025-06-13 17:24:42.140 [main] DEBUG org.hibernate.HQL_FUNCTIONS - avg(arg)
2025-06-13 17:24:42.140 [main] DEBUG org.hibernate.HQL_FUNCTIONS - bit_and(arg)
2025-06-13 17:24:42.140 [main] DEBUG org.hibernate.HQL_FUNCTIONS - Integer bit_length(STRING_OR_CLOB arg)
2025-06-13 17:24:42.140 [main] DEBUG org.hibernate.HQL_FUNCTIONS - bit_or(arg)
2025-06-13 17:24:42.141 [main] DEBUG org.hibernate.HQL_FUNCTIONS - bitand(arg0, arg1)
2025-06-13 17:24:42.141 [main] DEBUG org.hibernate.HQL_FUNCTIONS - bitnot(arg)
2025-06-13 17:24:42.141 [main] DEBUG org.hibernate.HQL_FUNCTIONS - bitor(arg0, arg1)
2025-06-13 17:24:42.141 [main] DEBUG org.hibernate.HQL_FUNCTIONS - bitxor(arg0, arg1)
2025-06-13 17:24:42.141 [main] DEBUG org.hibernate.HQL_FUNCTIONS - Boolean bool_and(BOOLEAN predicate)
2025-06-13 17:24:42.141 [main] DEBUG org.hibernate.HQL_FUNCTIONS - Boolean bool_or(BOOLEAN predicate)
2025-06-13 17:24:42.141 [main] DEBUG org.hibernate.HQL_FUNCTIONS - cast(arg as Type)
2025-06-13 17:24:42.142 [main] DEBUG org.hibernate.HQL_FUNCTIONS - Double cbrt(NUMERIC arg)
2025-06-13 17:24:42.142 [main] DEBUG org.hibernate.HQL_FUNCTIONS - ceiling(NUMERIC arg)
2025-06-13 17:24:42.142 [main] DEBUG org.hibernate.HQL_FUNCTIONS - Character char(INTEGER arg)
2025-06-13 17:24:42.142 [main] DEBUG org.hibernate.HQL_FUNCTIONS - Integer character_length(STRING_OR_CLOB arg)
2025-06-13 17:24:42.142 [main] DEBUG org.hibernate.HQL_FUNCTIONS - Character chr(INTEGER arg)
2025-06-13 17:24:42.142 [main] DEBUG org.hibernate.HQL_FUNCTIONS - coalesce(arg0[, arg1[, ...]])
2025-06-13 17:24:42.142 [main] DEBUG org.hibernate.HQL_FUNCTIONS - String collate(STRING string as COLLATION collation)
2025-06-13 17:24:42.143 [main] DEBUG org.hibernate.HQL_FUNCTIONS - (STRING string0[, STRING string1[, ...]])
2025-06-13 17:24:42.143 [main] DEBUG org.hibernate.HQL_FUNCTIONS - Double corr(NUMERIC arg0, NUMERIC arg1)
2025-06-13 17:24:42.143 [main] DEBUG org.hibernate.HQL_FUNCTIONS - Double cos(NUMERIC arg)
2025-06-13 17:24:42.143 [main] DEBUG org.hibernate.HQL_FUNCTIONS - Double cosh(NUMERIC arg)
2025-06-13 17:24:42.143 [main] DEBUG org.hibernate.HQL_FUNCTIONS - Double cot(NUMERIC arg)
2025-06-13 17:24:42.143 [main] DEBUG org.hibernate.HQL_FUNCTIONS - Long count([distinct ]{arg|*})
2025-06-13 17:24:42.143 [main] DEBUG org.hibernate.HQL_FUNCTIONS - Double covar_pop(NUMERIC arg0, NUMERIC arg1)
2025-06-13 17:24:42.144 [main] DEBUG org.hibernate.HQL_FUNCTIONS - Double covar_samp(NUMERIC arg0, NUMERIC arg1)
2025-06-13 17:24:42.144 [main] DEBUG org.hibernate.HQL_FUNCTIONS - Double cume_dist([arg0[, ...]])
2025-06-13 17:24:42.144 [main] DEBUG org.hibernate.HQL_FUNCTIONS - Date current date
2025-06-13 17:24:42.144 [main] DEBUG org.hibernate.HQL_FUNCTIONS - Time current time
2025-06-13 17:24:42.144 [main] DEBUG org.hibernate.HQL_FUNCTIONS - Timestamp current timestamp
2025-06-13 17:24:42.144 [main] DEBUG org.hibernate.HQL_FUNCTIONS - Date current_date
2025-06-13 17:24:42.145 [main] DEBUG org.hibernate.HQL_FUNCTIONS - Instant current_instant
2025-06-13 17:24:42.145 [main] DEBUG org.hibernate.HQL_FUNCTIONS - Time current_time
2025-06-13 17:24:42.145 [main] DEBUG org.hibernate.HQL_FUNCTIONS - Timestamp current_timestamp
2025-06-13 17:24:42.145 [main] DEBUG org.hibernate.HQL_FUNCTIONS - date_trunc(STRING field, TEMPORAL datetime)
2025-06-13 17:24:42.145 [main] DEBUG org.hibernate.HQL_FUNCTIONS - dateadd(TEMPORAL_UNIT field, INTEGER magnitude, TEMPORAL datetime)
2025-06-13 17:24:42.145 [main] DEBUG org.hibernate.HQL_FUNCTIONS - Long|Double datediff(TEMPORAL_UNIT field, TEMPORAL start, TEMPORAL end)
2025-06-13 17:24:42.146 [main] DEBUG org.hibernate.HQL_FUNCTIONS - Double degrees(NUMERIC arg)
2025-06-13 17:24:42.146 [main] DEBUG org.hibernate.HQL_FUNCTIONS - Long dense_rank([arg0[, ...]])
2025-06-13 17:24:42.146 [main] DEBUG org.hibernate.HQL_FUNCTIONS - Boolean every(BOOLEAN predicate)
2025-06-13 17:24:42.146 [main] DEBUG org.hibernate.HQL_FUNCTIONS - Double exp(NUMERIC arg)
2025-06-13 17:24:42.146 [main] DEBUG org.hibernate.HQL_FUNCTIONS - extract(TEMPORAL_UNIT field from TEMPORAL arg)
2025-06-13 17:24:42.147 [main] DEBUG org.hibernate.HQL_FUNCTIONS - first_valueANY value
2025-06-13 17:24:42.147 [main] DEBUG org.hibernate.HQL_FUNCTIONS - floor(NUMERIC arg)
2025-06-13 17:24:42.147 [main] DEBUG org.hibernate.HQL_FUNCTIONS - String format(TEMPORAL datetime as STRING pattern)
2025-06-13 17:24:42.147 [main] DEBUG org.hibernate.HQL_FUNCTIONS - greatest(COMPARABLE arg0, COMPARABLE arg1[, arg2[, ...]])
2025-06-13 17:24:42.147 [main] DEBUG org.hibernate.HQL_FUNCTIONS - ifnull(arg0, arg1)
2025-06-13 17:24:42.147 [main] DEBUG org.hibernate.HQL_FUNCTIONS - String initcap(arg)
2025-06-13 17:24:42.147 [main] DEBUG org.hibernate.HQL_FUNCTIONS - String insert(STRING string, INTEGER start, INTEGER length, STRING replacement)
2025-06-13 17:24:42.147 [main] DEBUG org.hibernate.HQL_FUNCTIONS - Instant instant
2025-06-13 17:24:42.148 [main] DEBUG org.hibernate.HQL_FUNCTIONS - lagANY value[, INTEGER offset[, ANY default]]
2025-06-13 17:24:42.148 [main] DEBUG org.hibernate.HQL_FUNCTIONS - last_valueANY value
2025-06-13 17:24:42.148 [main] DEBUG org.hibernate.HQL_FUNCTIONS - leadANY value[, INTEGER offset[, ANY default]]
2025-06-13 17:24:42.148 [main] DEBUG org.hibernate.HQL_FUNCTIONS - least(COMPARABLE arg0, COMPARABLE arg1[, arg2[, ...]])
2025-06-13 17:24:42.148 [main] DEBUG org.hibernate.HQL_FUNCTIONS - String left(STRING string, INTEGER length)
2025-06-13 17:24:42.148 [main] DEBUG org.hibernate.HQL_FUNCTIONS - length
2025-06-13 17:24:42.148 [main] DEBUG org.hibernate.HQL_FUNCTIONS - String listagg(STRING arg0, STRING arg1)
2025-06-13 17:24:42.149 [main] DEBUG org.hibernate.HQL_FUNCTIONS - Double ln(NUMERIC arg)
2025-06-13 17:24:42.149 [main] DEBUG org.hibernate.HQL_FUNCTIONS - LocalDate local date
2025-06-13 17:24:42.149 [main] DEBUG org.hibernate.HQL_FUNCTIONS - LocalDateTime local datetime
2025-06-13 17:24:42.149 [main] DEBUG org.hibernate.HQL_FUNCTIONS - LocalTime local time
2025-06-13 17:24:42.149 [main] DEBUG org.hibernate.HQL_FUNCTIONS - LocalDate local_date
2025-06-13 17:24:42.149 [main] DEBUG org.hibernate.HQL_FUNCTIONS - LocalDateTime local_datetime
2025-06-13 17:24:42.149 [main] DEBUG org.hibernate.HQL_FUNCTIONS - LocalTime local_time
2025-06-13 17:24:42.149 [main] DEBUG org.hibernate.HQL_FUNCTIONS - Time localtime
2025-06-13 17:24:42.150 [main] DEBUG org.hibernate.HQL_FUNCTIONS - Timestamp localtimestamp
2025-06-13 17:24:42.150 [main] DEBUG org.hibernate.HQL_FUNCTIONS - Integer locate(STRING pattern, STRING string[, INTEGER start])
2025-06-13 17:24:42.150 [main] DEBUG org.hibernate.HQL_FUNCTIONS - Double log(NUMERIC arg0[, NUMERIC arg1])
2025-06-13 17:24:42.150 [main] DEBUG org.hibernate.HQL_FUNCTIONS - Double log10(NUMERIC arg)
2025-06-13 17:24:42.150 [main] DEBUG org.hibernate.HQL_FUNCTIONS - String lower(STRING string)
2025-06-13 17:24:42.150 [main] DEBUG org.hibernate.HQL_FUNCTIONS - String lpad(STRING string, INTEGER length[, STRING padding])
2025-06-13 17:24:42.150 [main] DEBUG org.hibernate.HQL_FUNCTIONS - String ltrim(STRING string[, STRING characters])
2025-06-13 17:24:42.151 [main] DEBUG org.hibernate.HQL_FUNCTIONS - Date make_date(INTEGER arg0, INTEGER arg1, INTEGER arg2)
2025-06-13 17:24:42.151 [main] DEBUG org.hibernate.HQL_FUNCTIONS - Time make_time(INTEGER arg0, INTEGER arg1, INTEGER arg2)
2025-06-13 17:24:42.151 [main] DEBUG org.hibernate.HQL_FUNCTIONS - Timestamp make_timestamp(INTEGER arg0, INTEGER arg1, INTEGER arg2, INTEGER arg3, INTEGER arg4, INTEGER arg5)
2025-06-13 17:24:42.151 [main] DEBUG org.hibernate.HQL_FUNCTIONS - Timestamp make_timestamptz(INTEGER arg0, INTEGER arg1, INTEGER arg2, INTEGER arg3, INTEGER arg4, INTEGER arg5[, INTEGER arg6])
2025-06-13 17:24:42.151 [main] DEBUG org.hibernate.HQL_FUNCTIONS - max(COMPARABLE arg)
2025-06-13 17:24:42.151 [main] DEBUG org.hibernate.HQL_FUNCTIONS - String md5(arg)
2025-06-13 17:24:42.151 [main] DEBUG org.hibernate.HQL_FUNCTIONS - Double median(NUMERIC arg)
2025-06-13 17:24:42.152 [main] DEBUG org.hibernate.HQL_FUNCTIONS - min(COMPARABLE arg)
2025-06-13 17:24:42.152 [main] DEBUG org.hibernate.HQL_FUNCTIONS - Integer mod(INTEGER arg0, INTEGER arg1)
2025-06-13 17:24:42.152 [main] DEBUG org.hibernate.HQL_FUNCTIONS - mode()
2025-06-13 17:24:42.152 [main] DEBUG org.hibernate.HQL_FUNCTIONS - nth_valueANY value, INTEGER nth
2025-06-13 17:24:42.152 [main] DEBUG org.hibernate.HQL_FUNCTIONS - nullif(arg0, arg1)
2025-06-13 17:24:42.152 [main] DEBUG org.hibernate.HQL_FUNCTIONS - Integer octet_length(STRING_OR_CLOB arg)
2025-06-13 17:24:42.152 [main] DEBUG org.hibernate.HQL_FUNCTIONS - OffsetDateTime offset datetime
2025-06-13 17:24:42.153 [main] DEBUG org.hibernate.HQL_FUNCTIONS - OffsetDateTime offset_datetime
2025-06-13 17:24:42.153 [main] DEBUG org.hibernate.HQL_FUNCTIONS - String overlay(string placing replacement from start[ for length])
2025-06-13 17:24:42.153 [main] DEBUG org.hibernate.HQL_FUNCTIONS - String pad(STRING string with INTEGER length {leading|trailing}[ STRING character])
2025-06-13 17:24:42.153 [main] DEBUG org.hibernate.HQL_FUNCTIONS - Double percent_rank([arg0[, ...]])
2025-06-13 17:24:42.153 [main] DEBUG org.hibernate.HQL_FUNCTIONS - percentile_cont(NUMERIC arg)
2025-06-13 17:24:42.153 [main] DEBUG org.hibernate.HQL_FUNCTIONS - percentile_disc(NUMERIC arg)
2025-06-13 17:24:42.153 [main] DEBUG org.hibernate.HQL_FUNCTIONS - Double pi
2025-06-13 17:24:42.154 [main] DEBUG org.hibernate.HQL_FUNCTIONS - Integer position(STRING pattern in STRING string)
2025-06-13 17:24:42.154 [main] DEBUG org.hibernate.HQL_FUNCTIONS - Double power(NUMERIC arg0, NUMERIC arg1)
2025-06-13 17:24:42.154 [main] DEBUG org.hibernate.HQL_FUNCTIONS - Double radians(NUMERIC arg)
2025-06-13 17:24:42.154 [main] DEBUG org.hibernate.HQL_FUNCTIONS - Long rank([arg0[, ...]])
2025-06-13 17:24:42.154 [main] DEBUG org.hibernate.HQL_FUNCTIONS - Double regr_avgx(NUMERIC arg0, NUMERIC arg1)
2025-06-13 17:24:42.154 [main] DEBUG org.hibernate.HQL_FUNCTIONS - Double regr_avgy(NUMERIC arg0, NUMERIC arg1)
2025-06-13 17:24:42.154 [main] DEBUG org.hibernate.HQL_FUNCTIONS - Double regr_count(NUMERIC arg0, NUMERIC arg1)
2025-06-13 17:24:42.155 [main] DEBUG org.hibernate.HQL_FUNCTIONS - Double regr_intercept(NUMERIC arg0, NUMERIC arg1)
2025-06-13 17:24:42.155 [main] DEBUG org.hibernate.HQL_FUNCTIONS - Double regr_r2(NUMERIC arg0, NUMERIC arg1)
2025-06-13 17:24:42.155 [main] DEBUG org.hibernate.HQL_FUNCTIONS - Double regr_slope(NUMERIC arg0, NUMERIC arg1)
2025-06-13 17:24:42.155 [main] DEBUG org.hibernate.HQL_FUNCTIONS - Double regr_sxx(NUMERIC arg0, NUMERIC arg1)
2025-06-13 17:24:42.155 [main] DEBUG org.hibernate.HQL_FUNCTIONS - Double regr_sxy(NUMERIC arg0, NUMERIC arg1)
2025-06-13 17:24:42.155 [main] DEBUG org.hibernate.HQL_FUNCTIONS - Double regr_syy(NUMERIC arg0, NUMERIC arg1)
2025-06-13 17:24:42.155 [main] DEBUG org.hibernate.HQL_FUNCTIONS - String repeat(STRING string, INTEGER times)
2025-06-13 17:24:42.155 [main] DEBUG org.hibernate.HQL_FUNCTIONS - String replace(STRING string, STRING pattern, STRING replacement)
2025-06-13 17:24:42.156 [main] DEBUG org.hibernate.HQL_FUNCTIONS - String right(STRING string, INTEGER length)
2025-06-13 17:24:42.156 [main] DEBUG org.hibernate.HQL_FUNCTIONS - round(NUMERIC number[, INTEGER places])
2025-06-13 17:24:42.156 [main] DEBUG org.hibernate.HQL_FUNCTIONS - Long row_number()
2025-06-13 17:24:42.156 [main] DEBUG org.hibernate.HQL_FUNCTIONS - String rpad(STRING string, INTEGER length[, STRING padding])
2025-06-13 17:24:42.156 [main] DEBUG org.hibernate.HQL_FUNCTIONS - String rtrim(STRING string[, STRING characters])
2025-06-13 17:24:42.156 [main] DEBUG org.hibernate.HQL_FUNCTIONS - Integer sign(NUMERIC arg)
2025-06-13 17:24:42.156 [main] DEBUG org.hibernate.HQL_FUNCTIONS - Double sin(NUMERIC arg)
2025-06-13 17:24:42.156 [main] DEBUG org.hibernate.HQL_FUNCTIONS - Double sinh(NUMERIC arg)
2025-06-13 17:24:42.156 [main] DEBUG org.hibernate.HQL_FUNCTIONS - String soundex(arg)
2025-06-13 17:24:42.157 [main] DEBUG org.hibernate.HQL_FUNCTIONS - Object sql
2025-06-13 17:24:42.157 [main] DEBUG org.hibernate.HQL_FUNCTIONS - Double sqrt(NUMERIC arg)
2025-06-13 17:24:42.157 [main] DEBUG org.hibernate.HQL_FUNCTIONS - Double stddev(NUMERIC arg)
2025-06-13 17:24:42.157 [main] DEBUG org.hibernate.HQL_FUNCTIONS - Double stddev_pop(NUMERIC arg)
2025-06-13 17:24:42.157 [main] DEBUG org.hibernate.HQL_FUNCTIONS - Double stddev_samp(NUMERIC arg)
2025-06-13 17:24:42.157 [main] DEBUG org.hibernate.HQL_FUNCTIONS - String str(arg)
2025-06-13 17:24:42.157 [main] DEBUG org.hibernate.HQL_FUNCTIONS - String substr(STRING string, INTEGER start[, INTEGER length])
2025-06-13 17:24:42.157 [main] DEBUG org.hibernate.HQL_FUNCTIONS - String substring(STRING string{ from|,} INTEGER start[{ for|,} INTEGER length])
2025-06-13 17:24:42.158 [main] DEBUG org.hibernate.HQL_FUNCTIONS - sum(arg)
2025-06-13 17:24:42.158 [main] DEBUG org.hibernate.HQL_FUNCTIONS - Double tan(NUMERIC arg)
2025-06-13 17:24:42.158 [main] DEBUG org.hibernate.HQL_FUNCTIONS - Double tanh(NUMERIC arg)
2025-06-13 17:24:42.158 [main] DEBUG org.hibernate.HQL_FUNCTIONS - timestampadd(TEMPORAL_UNIT field, INTEGER magnitude, TEMPORAL datetime)
2025-06-13 17:24:42.158 [main] DEBUG org.hibernate.HQL_FUNCTIONS - Long|Double timestampdiff(TEMPORAL_UNIT field, TEMPORAL start, TEMPORAL end)
2025-06-13 17:24:42.158 [main] DEBUG org.hibernate.HQL_FUNCTIONS - String to_char(ANY arg0[, STRING arg1, STRING arg2])
2025-06-13 17:24:42.158 [main] DEBUG org.hibernate.HQL_FUNCTIONS - Date to_date(STRING arg0[, STRING arg1, STRING arg2])
2025-06-13 17:24:42.158 [main] DEBUG org.hibernate.HQL_FUNCTIONS - Double to_number(STRING arg0[, STRING arg1, STRING arg2])
2025-06-13 17:24:42.159 [main] DEBUG org.hibernate.HQL_FUNCTIONS - Timestamp to_timestamp(STRING arg0[, STRING arg1, STRING arg2])
2025-06-13 17:24:42.159 [main] DEBUG org.hibernate.HQL_FUNCTIONS - String translate(STRING arg0, STRING arg1, STRING arg2)
2025-06-13 17:24:42.159 [main] DEBUG org.hibernate.HQL_FUNCTIONS - String trim([[{leading|trailing|both} ][STRING arg0 ]from] STRING arg1)
2025-06-13 17:24:42.159 [main] DEBUG org.hibernate.HQL_FUNCTIONS - trunc( ... )
2025-06-13 17:24:42.159 [main] DEBUG org.hibernate.HQL_FUNCTIONS - truncate( ... )
2025-06-13 17:24:42.159 [main] DEBUG org.hibernate.HQL_FUNCTIONS - String upper(STRING string)
2025-06-13 17:24:42.160 [main] DEBUG org.hibernate.HQL_FUNCTIONS - Double var_pop(NUMERIC arg)
2025-06-13 17:24:42.160 [main] DEBUG org.hibernate.HQL_FUNCTIONS - Double var_samp(NUMERIC arg)
2025-06-13 17:24:42.160 [main] DEBUG org.hibernate.HQL_FUNCTIONS - Double variance(NUMERIC arg)
2025-06-13 17:24:42.160 [main] DEBUG org.hibernate.orm.query.plan.cache - Starting QueryInterpretationCache(2048)
2025-06-13 17:24:42.162 [main] DEBUG org.hibernate.service.internal.SessionFactoryServiceRegistryImpl - EventListenerRegistry access via ServiceRegistry is deprecated.  Use `sessionFactory.getEventEngine().getListenerRegistry()` instead
2025-06-13 17:24:42.162 [main] DEBUG org.hibernate.event.internal.EntityCopyObserverFactoryInitiator - Configured EntityCopyObserver strategy: disallow
2025-06-13 17:24:42.168 [main] DEBUG org.hibernate.boot.internal.ClassLoaderAccessImpl - Not known whether passed class name [com.example.trainup.model.Gym] is safe
2025-06-13 17:24:42.168 [main] DEBUG org.hibernate.boot.internal.ClassLoaderAccessImpl - No temp ClassLoader provided; using live ClassLoader for loading potentially unsafe class : com.example.trainup.model.Gym
2025-06-13 17:24:42.179 [main] DEBUG org.hibernate.bytecode.internal.bytebuddy.BytecodeProviderImpl - HHH000513: Unable to create the ReflectionOptimizer for [com.example.trainup.model.Gym]: private accessor [description]
2025-06-13 17:24:42.180 [main] DEBUG org.hibernate.ormbytecode.interceptor - To-one property `com.example.trainup.model.user.GymOwner#userCredentials` was mapped with LAZY + NO_PROXY but the class was not enhanced
2025-06-13 17:24:42.180 [main] DEBUG org.hibernate.ormbytecode.interceptor - To-one property `com.example.trainup.model.user.GymOwner#userCredentials` was mapped with LAZY + NO_PROXY but the class was not enhanced
2025-06-13 17:24:42.181 [main] DEBUG org.hibernate.boot.internal.ClassLoaderAccessImpl - Not known whether passed class name [com.example.trainup.model.user.GymOwner] is safe
2025-06-13 17:24:42.181 [main] DEBUG org.hibernate.boot.internal.ClassLoaderAccessImpl - No temp ClassLoader provided; using live ClassLoader for loading potentially unsafe class : com.example.trainup.model.user.GymOwner
2025-06-13 17:24:42.188 [main] DEBUG org.hibernate.bytecode.internal.bytebuddy.BytecodeProviderImpl - HHH000513: Unable to create the ReflectionOptimizer for [com.example.trainup.model.user.GymOwner]: private accessor [dateOfBirth]
2025-06-13 17:24:42.188 [main] DEBUG org.hibernate.ormbytecode.interceptor - To-one property `com.example.trainup.model.user.GymOwner#userCredentials` was mapped with LAZY + NO_PROXY but the class was not enhanced
2025-06-13 17:24:42.189 [main] DEBUG org.hibernate.boot.internal.ClassLoaderAccessImpl - Not known whether passed class name [com.example.trainup.model.user.UserCredentials] is safe
2025-06-13 17:24:42.189 [main] DEBUG org.hibernate.boot.internal.ClassLoaderAccessImpl - No temp ClassLoader provided; using live ClassLoader for loading potentially unsafe class : com.example.trainup.model.user.UserCredentials
2025-06-13 17:24:42.195 [main] DEBUG org.hibernate.bytecode.internal.bytebuddy.BytecodeProviderImpl - HHH000513: Unable to create the ReflectionOptimizer for [com.example.trainup.model.user.UserCredentials]: private accessor [email]
2025-06-13 17:24:42.196 [main] DEBUG org.hibernate.boot.internal.ClassLoaderAccessImpl - Not known whether passed class name [com.example.trainup.model.Sport] is safe
2025-06-13 17:24:42.196 [main] DEBUG org.hibernate.boot.internal.ClassLoaderAccessImpl - No temp ClassLoader provided; using live ClassLoader for loading potentially unsafe class : com.example.trainup.model.Sport
2025-06-13 17:24:42.202 [main] DEBUG org.hibernate.bytecode.internal.bytebuddy.BytecodeProviderImpl - HHH000513: Unable to create the ReflectionOptimizer for [com.example.trainup.model.Sport]: private accessor [athletes]
2025-06-13 17:24:42.202 [main] DEBUG org.hibernate.ormbytecode.interceptor - To-one property `com.example.trainup.model.Address#gym` was mapped with LAZY + NO_PROXY but the class was not enhanced
2025-06-13 17:24:42.203 [main] DEBUG org.hibernate.ormbytecode.interceptor - To-one property `com.example.trainup.model.Address#gym` was mapped with LAZY + NO_PROXY but the class was not enhanced
2025-06-13 17:24:42.203 [main] DEBUG org.hibernate.boot.internal.ClassLoaderAccessImpl - Not known whether passed class name [com.example.trainup.model.Address] is safe
2025-06-13 17:24:42.203 [main] DEBUG org.hibernate.boot.internal.ClassLoaderAccessImpl - No temp ClassLoader provided; using live ClassLoader for loading potentially unsafe class : com.example.trainup.model.Address
2025-06-13 17:24:42.209 [main] DEBUG org.hibernate.bytecode.internal.bytebuddy.BytecodeProviderImpl - HHH000513: Unable to create the ReflectionOptimizer for [com.example.trainup.model.Address]: private accessor [city]
2025-06-13 17:24:42.210 [main] DEBUG org.hibernate.ormbytecode.interceptor - To-one property `com.example.trainup.model.Address#gym` was mapped with LAZY + NO_PROXY but the class was not enhanced
2025-06-13 17:24:42.210 [main] DEBUG org.hibernate.ormbytecode.interceptor - To-one property `com.example.trainup.model.Event#gym` was mapped with LAZY + NO_PROXY but the class was not enhanced
2025-06-13 17:24:42.211 [main] DEBUG org.hibernate.ormbytecode.interceptor - To-one property `com.example.trainup.model.Event#gym` was mapped with LAZY + NO_PROXY but the class was not enhanced
2025-06-13 17:24:42.211 [main] DEBUG org.hibernate.ormbytecode.interceptor - To-one property `com.example.trainup.model.Event#trainer` was mapped with LAZY + NO_PROXY but the class was not enhanced
2025-06-13 17:24:42.211 [main] DEBUG org.hibernate.ormbytecode.interceptor - To-one property `com.example.trainup.model.Event#trainer` was mapped with LAZY + NO_PROXY but the class was not enhanced
2025-06-13 17:24:42.211 [main] DEBUG org.hibernate.boot.internal.ClassLoaderAccessImpl - Not known whether passed class name [com.example.trainup.model.Event] is safe
2025-06-13 17:24:42.211 [main] DEBUG org.hibernate.boot.internal.ClassLoaderAccessImpl - No temp ClassLoader provided; using live ClassLoader for loading potentially unsafe class : com.example.trainup.model.Event
2025-06-13 17:24:42.216 [main] DEBUG org.hibernate.bytecode.internal.bytebuddy.BytecodeProviderImpl - HHH000513: Unable to create the ReflectionOptimizer for [com.example.trainup.model.Event]: private accessor [dateTime]
2025-06-13 17:24:42.216 [main] DEBUG org.hibernate.ormbytecode.interceptor - To-one property `com.example.trainup.model.Event#gym` was mapped with LAZY + NO_PROXY but the class was not enhanced
2025-06-13 17:24:42.217 [main] DEBUG org.hibernate.ormbytecode.interceptor - To-one property `com.example.trainup.model.Event#trainer` was mapped with LAZY + NO_PROXY but the class was not enhanced
2025-06-13 17:24:42.217 [main] DEBUG org.hibernate.ormbytecode.interceptor - To-one property `com.example.trainup.model.user.Athlete#userCredentials` was mapped with LAZY + NO_PROXY but the class was not enhanced
2025-06-13 17:24:42.218 [main] DEBUG org.hibernate.ormbytecode.interceptor - To-one property `com.example.trainup.model.user.Athlete#userCredentials` was mapped with LAZY + NO_PROXY but the class was not enhanced
2025-06-13 17:24:42.218 [main] DEBUG org.hibernate.boot.internal.ClassLoaderAccessImpl - Not known whether passed class name [com.example.trainup.model.user.Athlete] is safe
2025-06-13 17:24:42.218 [main] DEBUG org.hibernate.boot.internal.ClassLoaderAccessImpl - No temp ClassLoader provided; using live ClassLoader for loading potentially unsafe class : com.example.trainup.model.user.Athlete
2025-06-13 17:24:42.225 [main] DEBUG org.hibernate.bytecode.internal.bytebuddy.BytecodeProviderImpl - HHH000513: Unable to create the ReflectionOptimizer for [com.example.trainup.model.user.Athlete]: private accessor [dateOfBirth]
2025-06-13 17:24:42.226 [main] DEBUG org.hibernate.ormbytecode.interceptor - To-one property `com.example.trainup.model.user.Athlete#userCredentials` was mapped with LAZY + NO_PROXY but the class was not enhanced
2025-06-13 17:24:42.227 [main] DEBUG org.hibernate.ormbytecode.interceptor - To-one property `com.example.trainup.model.Review#gym` was mapped with LAZY + NO_PROXY but the class was not enhanced
2025-06-13 17:24:42.227 [main] DEBUG org.hibernate.ormbytecode.interceptor - To-one property `com.example.trainup.model.Review#gym` was mapped with LAZY + NO_PROXY but the class was not enhanced
2025-06-13 17:24:42.227 [main] DEBUG org.hibernate.ormbytecode.interceptor - To-one property `com.example.trainup.model.Review#trainer` was mapped with LAZY + NO_PROXY but the class was not enhanced
2025-06-13 17:24:42.227 [main] DEBUG org.hibernate.ormbytecode.interceptor - To-one property `com.example.trainup.model.Review#trainer` was mapped with LAZY + NO_PROXY but the class was not enhanced
2025-06-13 17:24:42.227 [main] DEBUG org.hibernate.boot.internal.ClassLoaderAccessImpl - Not known whether passed class name [com.example.trainup.model.Review] is safe
2025-06-13 17:24:42.227 [main] DEBUG org.hibernate.boot.internal.ClassLoaderAccessImpl - No temp ClassLoader provided; using live ClassLoader for loading potentially unsafe class : com.example.trainup.model.Review
2025-06-13 17:24:42.232 [main] DEBUG org.hibernate.bytecode.internal.bytebuddy.BytecodeProviderImpl - HHH000513: Unable to create the ReflectionOptimizer for [com.example.trainup.model.Review]: private accessor [author]
2025-06-13 17:24:42.232 [main] DEBUG org.hibernate.ormbytecode.interceptor - To-one property `com.example.trainup.model.Review#gym` was mapped with LAZY + NO_PROXY but the class was not enhanced
2025-06-13 17:24:42.233 [main] DEBUG org.hibernate.ormbytecode.interceptor - To-one property `com.example.trainup.model.Review#trainer` was mapped with LAZY + NO_PROXY but the class was not enhanced
2025-06-13 17:24:42.233 [main] DEBUG org.hibernate.boot.internal.ClassLoaderAccessImpl - Not known whether passed class name [com.example.trainup.model.Role] is safe
2025-06-13 17:24:42.233 [main] DEBUG org.hibernate.boot.internal.ClassLoaderAccessImpl - No temp ClassLoader provided; using live ClassLoader for loading potentially unsafe class : com.example.trainup.model.Role
2025-06-13 17:24:42.237 [main] DEBUG org.hibernate.bytecode.internal.bytebuddy.BytecodeProviderImpl - HHH000513: Unable to create the ReflectionOptimizer for [com.example.trainup.model.Role]: private accessor [name]
2025-06-13 17:24:42.237 [main] DEBUG org.hibernate.ormbytecode.interceptor - To-one property `com.example.trainup.model.user.Admin#userCredentials` was mapped with LAZY + NO_PROXY but the class was not enhanced
2025-06-13 17:24:42.238 [main] DEBUG org.hibernate.ormbytecode.interceptor - To-one property `com.example.trainup.model.user.Admin#userCredentials` was mapped with LAZY + NO_PROXY but the class was not enhanced
2025-06-13 17:24:42.238 [main] DEBUG org.hibernate.boot.internal.ClassLoaderAccessImpl - Not known whether passed class name [com.example.trainup.model.user.Admin] is safe
2025-06-13 17:24:42.238 [main] DEBUG org.hibernate.boot.internal.ClassLoaderAccessImpl - No temp ClassLoader provided; using live ClassLoader for loading potentially unsafe class : com.example.trainup.model.user.Admin
2025-06-13 17:24:42.244 [main] DEBUG org.hibernate.bytecode.internal.bytebuddy.BytecodeProviderImpl - HHH000513: Unable to create the ReflectionOptimizer for [com.example.trainup.model.user.Admin]: private accessor [dateOfBirth]
2025-06-13 17:24:42.244 [main] DEBUG org.hibernate.ormbytecode.interceptor - To-one property `com.example.trainup.model.user.Admin#userCredentials` was mapped with LAZY + NO_PROXY but the class was not enhanced
2025-06-13 17:24:42.245 [main] DEBUG org.hibernate.ormbytecode.interceptor - To-one property `com.example.trainup.model.user.Trainer#userCredentials` was mapped with LAZY + NO_PROXY but the class was not enhanced
2025-06-13 17:24:42.245 [main] DEBUG org.hibernate.ormbytecode.interceptor - To-one property `com.example.trainup.model.user.Trainer#userCredentials` was mapped with LAZY + NO_PROXY but the class was not enhanced
2025-06-13 17:24:42.245 [main] DEBUG org.hibernate.boot.internal.ClassLoaderAccessImpl - Not known whether passed class name [com.example.trainup.model.user.Trainer] is safe
2025-06-13 17:24:42.245 [main] DEBUG org.hibernate.boot.internal.ClassLoaderAccessImpl - No temp ClassLoader provided; using live ClassLoader for loading potentially unsafe class : com.example.trainup.model.user.Trainer
2025-06-13 17:24:42.254 [main] DEBUG org.hibernate.bytecode.internal.bytebuddy.BytecodeProviderImpl - HHH000513: Unable to create the ReflectionOptimizer for [com.example.trainup.model.user.Trainer]: private accessor [certificates]
2025-06-13 17:24:42.254 [main] DEBUG org.hibernate.ormbytecode.interceptor - To-one property `com.example.trainup.model.user.Trainer#userCredentials` was mapped with LAZY + NO_PROXY but the class was not enhanced
2025-06-13 17:24:42.255 [main] DEBUG org.hibernate.boot.internal.ClassLoaderAccessImpl - Not known whether passed class name [com.example.trainup.model.GymPhoto] is safe
2025-06-13 17:24:42.255 [main] DEBUG org.hibernate.boot.internal.ClassLoaderAccessImpl - No temp ClassLoader provided; using live ClassLoader for loading potentially unsafe class : com.example.trainup.model.GymPhoto
2025-06-13 17:24:42.259 [main] DEBUG org.hibernate.bytecode.internal.bytebuddy.BytecodeProviderImpl - HHH000513: Unable to create the ReflectionOptimizer for [com.example.trainup.model.GymPhoto]: private accessor [gym]
2025-06-13 17:24:42.260 [main] DEBUG org.hibernate.orm.jdbc.mutation - Skipping collection (re)creation - com.example.trainup.model.user.Trainer.reviews
2025-06-13 17:24:42.260 [main] DEBUG org.hibernate.orm.jdbc.mutation - Skipping collection row deletions - com.example.trainup.model.user.Trainer.reviews
2025-06-13 17:24:42.260 [main] DEBUG org.hibernate.orm.jdbc.mutation - Skipping collection removals - com.example.trainup.model.user.Trainer.reviews
2025-06-13 17:24:42.261 [main] DEBUG org.hibernate.orm.jdbc.mutation - Skipping collection inserts - com.example.trainup.model.Sport.trainers
2025-06-13 17:24:42.261 [main] DEBUG org.hibernate.orm.jdbc.mutation - Skipping collection row updates - com.example.trainup.model.Sport.trainers
2025-06-13 17:24:42.261 [main] DEBUG org.hibernate.orm.jdbc.mutation - Skipping collection row deletions - com.example.trainup.model.Sport.trainers
2025-06-13 17:24:42.261 [main] DEBUG org.hibernate.orm.jdbc.mutation - Skipping collection removals - com.example.trainup.model.Sport.trainers
2025-06-13 17:24:42.261 [main] DEBUG org.hibernate.orm.jdbc.mutation - Skipping collection (re)creation - com.example.trainup.model.Gym.photos
2025-06-13 17:24:42.261 [main] DEBUG org.hibernate.orm.jdbc.mutation - Skipping collection row deletions - com.example.trainup.model.Gym.photos
2025-06-13 17:24:42.262 [main] DEBUG org.hibernate.orm.jdbc.mutation - Skipping collection removals - com.example.trainup.model.Gym.photos
2025-06-13 17:24:42.262 [main] DEBUG org.hibernate.orm.jdbc.mutation - Skipping collection (re)creation - com.example.trainup.model.Gym.reviews
2025-06-13 17:24:42.262 [main] DEBUG org.hibernate.orm.jdbc.mutation - Skipping collection row deletions - com.example.trainup.model.Gym.reviews
2025-06-13 17:24:42.262 [main] DEBUG org.hibernate.orm.jdbc.mutation - Skipping collection removals - com.example.trainup.model.Gym.reviews
2025-06-13 17:24:42.262 [main] DEBUG org.hibernate.orm.jdbc.mutation - Skipping collection row updates - com.example.trainup.model.Gym.phoneNumbers
2025-06-13 17:24:42.263 [main] DEBUG org.hibernate.orm.jdbc.mutation - Skipping collection (re)creation - com.example.trainup.model.user.GymOwner.ownedGyms
2025-06-13 17:24:42.263 [main] DEBUG org.hibernate.orm.jdbc.mutation - Skipping collection row deletions - com.example.trainup.model.user.GymOwner.ownedGyms
2025-06-13 17:24:42.263 [main] DEBUG org.hibernate.orm.jdbc.mutation - Skipping collection removals - com.example.trainup.model.user.GymOwner.ownedGyms
2025-06-13 17:24:42.263 [main] DEBUG org.hibernate.orm.jdbc.mutation - Skipping collection row updates - com.example.trainup.model.user.UserCredentials.roles
2025-06-13 17:24:42.263 [main] DEBUG org.hibernate.orm.jdbc.mutation - Skipping collection row updates - com.example.trainup.model.Sport.athletes
2025-06-13 17:24:42.263 [main] DEBUG org.hibernate.orm.jdbc.mutation - Skipping collection inserts - com.example.trainup.model.user.Athlete.sports
2025-06-13 17:24:42.264 [main] DEBUG org.hibernate.orm.jdbc.mutation - Skipping collection row updates - com.example.trainup.model.user.Athlete.sports
2025-06-13 17:24:42.264 [main] DEBUG org.hibernate.orm.jdbc.mutation - Skipping collection row deletions - com.example.trainup.model.user.Athlete.sports
2025-06-13 17:24:42.264 [main] DEBUG org.hibernate.orm.jdbc.mutation - Skipping collection removals - com.example.trainup.model.user.Athlete.sports
2025-06-13 17:24:42.264 [main] DEBUG org.hibernate.orm.jdbc.mutation - Skipping collection row updates - com.example.trainup.model.user.Trainer.phoneNumbers
2025-06-13 17:24:42.264 [main] DEBUG org.hibernate.orm.jdbc.mutation - Skipping collection row updates - com.example.trainup.model.user.Athlete.phoneNumbers
2025-06-13 17:24:42.265 [main] DEBUG org.hibernate.orm.jdbc.mutation - Skipping collection row updates - com.example.trainup.model.Gym.workingHours
2025-06-13 17:24:42.265 [main] DEBUG org.hibernate.orm.jdbc.mutation - Skipping collection row updates - com.example.trainup.model.Gym.sports
2025-06-13 17:24:42.265 [main] DEBUG org.hibernate.orm.jdbc.mutation - Skipping collection row updates - com.example.trainup.model.user.GymOwner.phoneNumbers
2025-06-13 17:24:42.265 [main] DEBUG org.hibernate.orm.jdbc.mutation - Skipping collection row updates - com.example.trainup.model.Gym.trainers
2025-06-13 17:24:42.265 [main] DEBUG org.hibernate.orm.jdbc.mutation - Skipping collection row updates - com.example.trainup.model.user.Trainer.certificates
2025-06-13 17:24:42.266 [main] DEBUG org.hibernate.orm.jdbc.mutation - Skipping collection inserts - com.example.trainup.model.user.Trainer.gyms
2025-06-13 17:24:42.266 [main] DEBUG org.hibernate.orm.jdbc.mutation - Skipping collection row updates - com.example.trainup.model.user.Trainer.gyms
2025-06-13 17:24:42.266 [main] DEBUG org.hibernate.orm.jdbc.mutation - Skipping collection row deletions - com.example.trainup.model.user.Trainer.gyms
2025-06-13 17:24:42.266 [main] DEBUG org.hibernate.orm.jdbc.mutation - Skipping collection removals - com.example.trainup.model.user.Trainer.gyms
2025-06-13 17:24:42.266 [main] DEBUG org.hibernate.orm.jdbc.mutation - Skipping collection inserts - com.example.trainup.model.Sport.gyms
2025-06-13 17:24:42.266 [main] DEBUG org.hibernate.orm.jdbc.mutation - Skipping collection row updates - com.example.trainup.model.Sport.gyms
2025-06-13 17:24:42.267 [main] DEBUG org.hibernate.orm.jdbc.mutation - Skipping collection row deletions - com.example.trainup.model.Sport.gyms
2025-06-13 17:24:42.267 [main] DEBUG org.hibernate.orm.jdbc.mutation - Skipping collection removals - com.example.trainup.model.Sport.gyms
2025-06-13 17:24:42.267 [main] DEBUG org.hibernate.orm.jdbc.mutation - Skipping collection row updates - com.example.trainup.model.user.Trainer.sports
2025-06-13 17:24:42.267 [main] DEBUG org.hibernate.orm.jdbc.mutation - Skipping collection (re)creation - com.example.trainup.model.Address.trainers
2025-06-13 17:24:42.267 [main] DEBUG org.hibernate.orm.jdbc.mutation - Skipping collection row deletions - com.example.trainup.model.Address.trainers
2025-06-13 17:24:42.267 [main] DEBUG org.hibernate.orm.jdbc.mutation - Skipping collection removals - com.example.trainup.model.Address.trainers
2025-06-13 17:24:42.272 [main] DEBUG org.hibernate.orm.model.mapping.creation - Starting post-init callbacks
2025-06-13 17:24:42.272 [main] DEBUG org.hibernate.orm.model.mapping.creation - Starting PostInitCallbackEntry : To-one key - NavigableRole[com.example.trainup.model.Gym.gymOwner]
2025-06-13 17:24:42.272 [main] DEBUG org.hibernate.orm.model.mapping.creation - Starting PostInitCallbackEntry : To-one key - NavigableRole[com.example.trainup.model.Gym.location]
2025-06-13 17:24:42.272 [main] DEBUG org.hibernate.orm.model.mapping.creation - Starting PostInitCallbackEntry : PluralAttributeMapping(com.example.trainup.model.Gym.phoneNumbers)#finishInitialization
2025-06-13 17:24:42.272 [main] DEBUG org.hibernate.orm.model.mapping.creation - Starting PostInitCallbackEntry : PluralAttributeMapping(com.example.trainup.model.Gym.phoneNumbers) - key descriptor
2025-06-13 17:24:42.272 [main] DEBUG org.hibernate.orm.model.mapping.creation - Starting PostInitCallbackEntry : PluralAttributeMapping( NavigableRole[com.example.trainup.model.Gym.photos#{element}]) - element descriptor
2025-06-13 17:24:42.273 [main] DEBUG org.hibernate.orm.model.mapping.creation - Starting PostInitCallbackEntry : PluralAttributeMapping(com.example.trainup.model.Gym.photos)#finishInitialization
2025-06-13 17:24:42.273 [main] DEBUG org.hibernate.orm.model.mapping.creation - Starting PostInitCallbackEntry : PluralAttributeMapping(com.example.trainup.model.Gym.photos) - key descriptor
2025-06-13 17:24:42.273 [main] DEBUG org.hibernate.orm.model.mapping.creation - Starting PostInitCallbackEntry : PluralAttributeMapping( NavigableRole[com.example.trainup.model.Gym.reviews#{element}]) - element descriptor
2025-06-13 17:24:42.273 [main] DEBUG org.hibernate.orm.model.mapping.creation - Starting PostInitCallbackEntry : PluralAttributeMapping(com.example.trainup.model.Gym.reviews)#finishInitialization
2025-06-13 17:24:42.273 [main] DEBUG org.hibernate.orm.model.mapping.creation - Starting PostInitCallbackEntry : PluralAttributeMapping(com.example.trainup.model.Gym.reviews) - key descriptor
2025-06-13 17:24:42.273 [main] DEBUG org.hibernate.orm.model.mapping.creation - Starting PostInitCallbackEntry : PluralAttributeMapping( NavigableRole[com.example.trainup.model.Gym.sports#{element}]) - element descriptor
2025-06-13 17:24:42.273 [main] DEBUG org.hibernate.orm.model.mapping.creation - Starting PostInitCallbackEntry : PluralAttributeMapping(com.example.trainup.model.Gym.sports)#finishInitialization
2025-06-13 17:24:42.273 [main] DEBUG org.hibernate.orm.model.mapping.creation - Starting PostInitCallbackEntry : PluralAttributeMapping(com.example.trainup.model.Gym.sports) - key descriptor
2025-06-13 17:24:42.274 [main] DEBUG org.hibernate.orm.model.mapping.creation - Starting PostInitCallbackEntry : PluralAttributeMapping( NavigableRole[com.example.trainup.model.Gym.trainers#{element}]) - element descriptor
2025-06-13 17:24:42.274 [main] DEBUG org.hibernate.orm.model.mapping.creation - Starting PostInitCallbackEntry : PluralAttributeMapping(com.example.trainup.model.Gym.trainers)#finishInitialization
2025-06-13 17:24:42.274 [main] DEBUG org.hibernate.orm.model.mapping.creation - Starting PostInitCallbackEntry : PluralAttributeMapping(com.example.trainup.model.Gym.trainers) - key descriptor
2025-06-13 17:24:42.274 [main] DEBUG org.hibernate.orm.model.mapping.creation - Starting PostInitCallbackEntry : EmbeddableMappingType(com.example.trainup.model.Gym.workingHours#{element})#finishInitialization
2025-06-13 17:24:42.274 [main] DEBUG org.hibernate.orm.model.mapping.creation - Starting PostInitCallbackEntry : PluralAttributeMapping(com.example.trainup.model.Gym.workingHours)#finishInitialization
2025-06-13 17:24:42.274 [main] DEBUG org.hibernate.orm.model.mapping.creation - Starting PostInitCallbackEntry : PluralAttributeMapping(com.example.trainup.model.Gym.workingHours) - key descriptor
2025-06-13 17:24:42.275 [main] DEBUG org.hibernate.orm.model.mapping.creation - Starting PostInitCallbackEntry : Entity(com.example.trainup.model.Gym) `staticFetchableList` generator
2025-06-13 17:24:42.275 [main] DEBUG org.hibernate.orm.model.mapping.creation - Starting PostInitCallbackEntry : PluralAttributeMapping( NavigableRole[com.example.trainup.model.user.GymOwner.ownedGyms#{element}]) - element descriptor
2025-06-13 17:24:42.275 [main] DEBUG org.hibernate.orm.model.mapping.creation - Starting PostInitCallbackEntry : PluralAttributeMapping(com.example.trainup.model.user.GymOwner.ownedGyms)#finishInitialization
2025-06-13 17:24:42.275 [main] DEBUG org.hibernate.orm.model.mapping.creation - Starting PostInitCallbackEntry : PluralAttributeMapping(com.example.trainup.model.user.GymOwner.ownedGyms) - key descriptor
2025-06-13 17:24:42.275 [main] DEBUG org.hibernate.orm.model.mapping.creation - Starting PostInitCallbackEntry : PluralAttributeMapping(com.example.trainup.model.user.GymOwner.phoneNumbers)#finishInitialization
2025-06-13 17:24:42.275 [main] DEBUG org.hibernate.orm.model.mapping.creation - Starting PostInitCallbackEntry : PluralAttributeMapping(com.example.trainup.model.user.GymOwner.phoneNumbers) - key descriptor
2025-06-13 17:24:42.276 [main] DEBUG org.hibernate.orm.model.mapping.creation - Starting PostInitCallbackEntry : To-one key - NavigableRole[com.example.trainup.model.user.GymOwner.userCredentials]
2025-06-13 17:24:42.276 [main] DEBUG org.hibernate.orm.model.mapping.creation - Starting PostInitCallbackEntry : Entity(com.example.trainup.model.user.GymOwner) `staticFetchableList` generator
2025-06-13 17:24:42.276 [main] DEBUG org.hibernate.orm.model.mapping.creation - Starting PostInitCallbackEntry : PluralAttributeMapping( NavigableRole[com.example.trainup.model.user.UserCredentials.roles#{element}]) - element descriptor
2025-06-13 17:24:42.276 [main] DEBUG org.hibernate.orm.model.mapping.creation - Starting PostInitCallbackEntry : PluralAttributeMapping(com.example.trainup.model.user.UserCredentials.roles)#finishInitialization
2025-06-13 17:24:42.276 [main] DEBUG org.hibernate.orm.model.mapping.creation - Starting PostInitCallbackEntry : PluralAttributeMapping(com.example.trainup.model.user.UserCredentials.roles) - key descriptor
2025-06-13 17:24:42.277 [main] DEBUG org.hibernate.orm.model.mapping.creation - Starting PostInitCallbackEntry : Entity(com.example.trainup.model.user.UserCredentials) `staticFetchableList` generator
2025-06-13 17:24:42.277 [main] DEBUG org.hibernate.orm.model.mapping.creation - Starting PostInitCallbackEntry : PluralAttributeMapping(com.example.trainup.model.user.Athlete.phoneNumbers)#finishInitialization
2025-06-13 17:24:42.277 [main] DEBUG org.hibernate.orm.model.mapping.creation - Starting PostInitCallbackEntry : PluralAttributeMapping(com.example.trainup.model.user.Athlete.phoneNumbers) - key descriptor
2025-06-13 17:24:42.277 [main] DEBUG org.hibernate.orm.model.mapping.creation - Starting PostInitCallbackEntry : PluralAttributeMapping( NavigableRole[com.example.trainup.model.user.Athlete.sports#{element}]) - element descriptor
2025-06-13 17:24:42.277 [main] DEBUG org.hibernate.orm.model.mapping.creation - Starting PostInitCallbackEntry : PluralAttributeMapping(com.example.trainup.model.user.Athlete.sports)#finishInitialization
2025-06-13 17:24:42.277 [main] DEBUG org.hibernate.orm.model.mapping.creation - Starting PostInitCallbackEntry : PluralAttributeMapping(com.example.trainup.model.user.Athlete.sports) - key descriptor
2025-06-13 17:24:42.277 [main] DEBUG org.hibernate.orm.model.mapping.creation - Starting PostInitCallbackEntry : To-one key - NavigableRole[com.example.trainup.model.user.Athlete.userCredentials]
2025-06-13 17:24:42.278 [main] DEBUG org.hibernate.orm.model.mapping.creation - Starting PostInitCallbackEntry : Entity(com.example.trainup.model.user.Athlete) `staticFetchableList` generator
2025-06-13 17:24:42.278 [main] DEBUG org.hibernate.orm.model.mapping.creation - Starting PostInitCallbackEntry : To-one key - NavigableRole[com.example.trainup.model.Review.author]
2025-06-13 17:24:42.278 [main] DEBUG org.hibernate.orm.model.mapping.creation - Starting PostInitCallbackEntry : To-one key - NavigableRole[com.example.trainup.model.Review.gym]
2025-06-13 17:24:42.278 [main] DEBUG org.hibernate.orm.model.mapping.creation - Starting PostInitCallbackEntry : To-one key - NavigableRole[com.example.trainup.model.Review.trainer]
2025-06-13 17:24:42.278 [main] DEBUG org.hibernate.orm.model.mapping.creation - Starting PostInitCallbackEntry : Entity(com.example.trainup.model.Review) `staticFetchableList` generator
2025-06-13 17:24:42.279 [main] DEBUG org.hibernate.orm.model.mapping.creation - Starting PostInitCallbackEntry : To-one key - NavigableRole[com.example.trainup.model.user.Admin.userCredentials]
2025-06-13 17:24:42.279 [main] DEBUG org.hibernate.orm.model.mapping.creation - Starting PostInitCallbackEntry : Entity(com.example.trainup.model.user.Admin) `staticFetchableList` generator
2025-06-13 17:24:42.279 [main] DEBUG org.hibernate.orm.model.mapping.creation - Starting PostInitCallbackEntry : PluralAttributeMapping(com.example.trainup.model.user.Trainer.certificates)#finishInitialization
2025-06-13 17:24:42.279 [main] DEBUG org.hibernate.orm.model.mapping.creation - Starting PostInitCallbackEntry : PluralAttributeMapping(com.example.trainup.model.user.Trainer.certificates) - key descriptor
2025-06-13 17:24:42.279 [main] DEBUG org.hibernate.orm.model.mapping.creation - Starting PostInitCallbackEntry : PluralAttributeMapping( NavigableRole[com.example.trainup.model.user.Trainer.gyms#{element}]) - element descriptor
2025-06-13 17:24:42.279 [main] DEBUG org.hibernate.orm.model.mapping.creation - Starting PostInitCallbackEntry : PluralAttributeMapping(com.example.trainup.model.user.Trainer.gyms)#finishInitialization
2025-06-13 17:24:42.279 [main] DEBUG org.hibernate.orm.model.mapping.creation - Starting PostInitCallbackEntry : PluralAttributeMapping(com.example.trainup.model.user.Trainer.gyms) - key descriptor
2025-06-13 17:24:42.280 [main] DEBUG org.hibernate.orm.model.mapping.creation - Starting PostInitCallbackEntry : To-one key - NavigableRole[com.example.trainup.model.user.Trainer.location]
2025-06-13 17:24:42.280 [main] DEBUG org.hibernate.orm.model.mapping.creation - Starting PostInitCallbackEntry : PluralAttributeMapping(com.example.trainup.model.user.Trainer.phoneNumbers)#finishInitialization
2025-06-13 17:24:42.280 [main] DEBUG org.hibernate.orm.model.mapping.creation - Starting PostInitCallbackEntry : PluralAttributeMapping(com.example.trainup.model.user.Trainer.phoneNumbers) - key descriptor
2025-06-13 17:24:42.280 [main] DEBUG org.hibernate.orm.model.mapping.creation - Starting PostInitCallbackEntry : PluralAttributeMapping( NavigableRole[com.example.trainup.model.user.Trainer.reviews#{element}]) - element descriptor
2025-06-13 17:24:42.280 [main] DEBUG org.hibernate.orm.model.mapping.creation - Starting PostInitCallbackEntry : PluralAttributeMapping(com.example.trainup.model.user.Trainer.reviews)#finishInitialization
2025-06-13 17:24:42.280 [main] DEBUG org.hibernate.orm.model.mapping.creation - Starting PostInitCallbackEntry : PluralAttributeMapping(com.example.trainup.model.user.Trainer.reviews) - key descriptor
2025-06-13 17:24:42.280 [main] DEBUG org.hibernate.orm.model.mapping.creation - Starting PostInitCallbackEntry : PluralAttributeMapping( NavigableRole[com.example.trainup.model.user.Trainer.sports#{element}]) - element descriptor
2025-06-13 17:24:42.281 [main] DEBUG org.hibernate.orm.model.mapping.creation - Starting PostInitCallbackEntry : PluralAttributeMapping(com.example.trainup.model.user.Trainer.sports)#finishInitialization
2025-06-13 17:24:42.281 [main] DEBUG org.hibernate.orm.model.mapping.creation - Starting PostInitCallbackEntry : PluralAttributeMapping(com.example.trainup.model.user.Trainer.sports) - key descriptor
2025-06-13 17:24:42.281 [main] DEBUG org.hibernate.orm.model.mapping.creation - Starting PostInitCallbackEntry : To-one key - NavigableRole[com.example.trainup.model.user.Trainer.userCredentials]
2025-06-13 17:24:42.281 [main] DEBUG org.hibernate.orm.model.mapping.creation - Starting PostInitCallbackEntry : Entity(com.example.trainup.model.user.Trainer) `staticFetchableList` generator
2025-06-13 17:24:42.281 [main] DEBUG org.hibernate.orm.model.mapping.creation - Starting PostInitCallbackEntry : To-one key - NavigableRole[com.example.trainup.model.GymPhoto.gym]
2025-06-13 17:24:42.281 [main] DEBUG org.hibernate.orm.model.mapping.creation - Starting PostInitCallbackEntry : Entity(com.example.trainup.model.GymPhoto) `staticFetchableList` generator
2025-06-13 17:24:42.281 [main] DEBUG org.hibernate.orm.model.mapping.creation - Starting PostInitCallbackEntry : PluralAttributeMapping( NavigableRole[com.example.trainup.model.Sport.athletes#{element}]) - element descriptor
2025-06-13 17:24:42.282 [main] DEBUG org.hibernate.orm.model.mapping.creation - Starting PostInitCallbackEntry : PluralAttributeMapping(com.example.trainup.model.Sport.athletes)#finishInitialization
2025-06-13 17:24:42.282 [main] DEBUG org.hibernate.orm.model.mapping.creation - Starting PostInitCallbackEntry : PluralAttributeMapping(com.example.trainup.model.Sport.athletes) - key descriptor
2025-06-13 17:24:42.282 [main] DEBUG org.hibernate.orm.model.mapping.creation - Starting PostInitCallbackEntry : PluralAttributeMapping( NavigableRole[com.example.trainup.model.Sport.gyms#{element}]) - element descriptor
2025-06-13 17:24:42.282 [main] DEBUG org.hibernate.orm.model.mapping.creation - Starting PostInitCallbackEntry : PluralAttributeMapping(com.example.trainup.model.Sport.gyms)#finishInitialization
2025-06-13 17:24:42.282 [main] DEBUG org.hibernate.orm.model.mapping.creation - Starting PostInitCallbackEntry : PluralAttributeMapping(com.example.trainup.model.Sport.gyms) - key descriptor
2025-06-13 17:24:42.282 [main] DEBUG org.hibernate.orm.model.mapping.creation - Starting PostInitCallbackEntry : PluralAttributeMapping( NavigableRole[com.example.trainup.model.Sport.trainers#{element}]) - element descriptor
2025-06-13 17:24:42.283 [main] DEBUG org.hibernate.orm.model.mapping.creation - Starting PostInitCallbackEntry : PluralAttributeMapping(com.example.trainup.model.Sport.trainers)#finishInitialization
2025-06-13 17:24:42.283 [main] DEBUG org.hibernate.orm.model.mapping.creation - Starting PostInitCallbackEntry : PluralAttributeMapping(com.example.trainup.model.Sport.trainers) - key descriptor
2025-06-13 17:24:42.283 [main] DEBUG org.hibernate.orm.model.mapping.creation - Starting PostInitCallbackEntry : Entity(com.example.trainup.model.Sport) `staticFetchableList` generator
2025-06-13 17:24:42.283 [main] DEBUG org.hibernate.orm.model.mapping.creation - Starting PostInitCallbackEntry : To-one key - NavigableRole[com.example.trainup.model.Event.gym]
2025-06-13 17:24:42.283 [main] DEBUG org.hibernate.orm.model.mapping.creation - Starting PostInitCallbackEntry : To-one key - NavigableRole[com.example.trainup.model.Event.sport]
2025-06-13 17:24:42.284 [main] DEBUG org.hibernate.orm.model.mapping.creation - Starting PostInitCallbackEntry : To-one key - NavigableRole[com.example.trainup.model.Event.trainer]
2025-06-13 17:24:42.284 [main] DEBUG org.hibernate.orm.model.mapping.creation - Starting PostInitCallbackEntry : Entity(com.example.trainup.model.Event) `staticFetchableList` generator
2025-06-13 17:24:42.284 [main] DEBUG org.hibernate.orm.model.mapping.creation - Starting PostInitCallbackEntry : To-one key - NavigableRole[com.example.trainup.model.Address.gym]
2025-06-13 17:24:42.285 [main] DEBUG org.hibernate.orm.model.mapping.creation - Starting PostInitCallbackEntry : PluralAttributeMapping( NavigableRole[com.example.trainup.model.Address.trainers#{element}]) - element descriptor
2025-06-13 17:24:42.285 [main] DEBUG org.hibernate.orm.model.mapping.creation - Starting PostInitCallbackEntry : PluralAttributeMapping(com.example.trainup.model.Address.trainers)#finishInitialization
2025-06-13 17:24:42.285 [main] DEBUG org.hibernate.orm.model.mapping.creation - Starting PostInitCallbackEntry : PluralAttributeMapping(com.example.trainup.model.Address.trainers) - key descriptor
2025-06-13 17:24:42.285 [main] DEBUG org.hibernate.orm.model.mapping.creation - Starting PostInitCallbackEntry : Entity(com.example.trainup.model.Address) `staticFetchableList` generator
2025-06-13 17:24:42.285 [main] DEBUG org.hibernate.orm.model.mapping.creation - Starting PostInitCallbackEntry : Entity(com.example.trainup.model.Role) `staticFetchableList` generator
2025-06-13 17:24:42.285 [main] DEBUG org.hibernate.orm.model.mapping.creation - Starting PostInitCallbackEntry : PluralAttributeMapping( NavigableRole[com.example.trainup.model.Gym.photos#{element}]) - element descriptor
2025-06-13 17:24:42.285 [main] DEBUG org.hibernate.orm.model.mapping.creation - Starting PostInitCallbackEntry : PluralAttributeMapping( NavigableRole[com.example.trainup.model.Gym.reviews#{element}]) - element descriptor
2025-06-13 17:24:42.285 [main] DEBUG org.hibernate.orm.model.mapping.creation - Starting PostInitCallbackEntry : PluralAttributeMapping( NavigableRole[com.example.trainup.model.user.GymOwner.ownedGyms#{element}]) - element descriptor
2025-06-13 17:24:42.286 [main] DEBUG org.hibernate.orm.model.mapping.creation - Starting PostInitCallbackEntry : PluralAttributeMapping( NavigableRole[com.example.trainup.model.user.Athlete.sports#{element}]) - element descriptor
2025-06-13 17:24:42.286 [main] DEBUG org.hibernate.orm.model.mapping.creation - Starting PostInitCallbackEntry : PluralAttributeMapping( NavigableRole[com.example.trainup.model.user.Trainer.reviews#{element}]) - element descriptor
2025-06-13 17:24:42.286 [main] DEBUG org.hibernate.orm.model.mapping.creation - Starting PostInitCallbackEntry : PluralAttributeMapping( NavigableRole[com.example.trainup.model.Address.trainers#{element}]) - element descriptor
2025-06-13 17:24:42.286 [main] DEBUG org.hibernate.orm.model.mapping.creation - Starting PostInitCallbackEntry : EmbeddableMappingType(com.example.trainup.model.Gym.workingHours#{element})#initColumnMappings
2025-06-13 17:24:42.292 [main] DEBUG org.hibernate.orm.sql.ast.create - Created new SQL alias : g1_0
2025-06-13 17:24:42.292 [main] DEBUG org.hibernate.orm.sql.ast.create - Registration of TableGroup [StandardTableGroup(com.example.trainup.model.Gym)] with identifierForTableGroup [com.example.trainup.model.Gym] for NavigablePath [com.example.trainup.model.Gym] 
2025-06-13 17:24:42.293 [main] DEBUG org.hibernate.orm.sql.ast.create - Registration of TableGroup [org.hibernate.sql.ast.tree.from.LazyTableGroup@4a249556] with identifierForTableGroup [com.example.trainup.model.Gym.gymOwner] for NavigablePath [com.example.trainup.model.Gym.gymOwner] 
2025-06-13 17:24:42.293 [main] DEBUG org.hibernate.orm.sql.ast.create - Registration of TableGroup [org.hibernate.sql.ast.tree.from.LazyTableGroup@737d8b92] with identifierForTableGroup [com.example.trainup.model.Gym.location] for NavigablePath [com.example.trainup.model.Gym.location] 
2025-06-13 17:24:42.293 [main] DEBUG org.hibernate.orm.results.graph.AST - DomainResult Graph:
 \-EntityResultImpl [com.example.trainup.model.Gym]
 |  +-BasicFetch [com.example.trainup.model.Gym.description]
 |  +-EntityDelayedFetchImpl [com.example.trainup.model.Gym.gymOwner]
 |  +-BasicFetch [com.example.trainup.model.Gym.isDeleted]
 |  +-EntityDelayedFetchImpl [com.example.trainup.model.Gym.location]
 |  +-BasicFetch [com.example.trainup.model.Gym.name]
 |  +-BasicFetch [com.example.trainup.model.Gym.numberOfReviews]
 |  +-BasicFetch [com.example.trainup.model.Gym.overallRating]
 |  +-DelayedCollectionFetch [com.example.trainup.model.Gym.phoneNumbers]
 |  +-DelayedCollectionFetch [com.example.trainup.model.Gym.photos]
 |  +-DelayedCollectionFetch [com.example.trainup.model.Gym.reviews]
 |  +-DelayedCollectionFetch [com.example.trainup.model.Gym.sports]
 |  +-DelayedCollectionFetch [com.example.trainup.model.Gym.trainers]
 |  +-BasicFetch [com.example.trainup.model.Gym.website]
 |  \-DelayedCollectionFetch [com.example.trainup.model.Gym.workingHours]

2025-06-13 17:24:42.296 [main] DEBUG org.hibernate.orm.sql.ast.tree - SQL AST Tree:
    SelectStatement {
      FromClause {
        StandardTableGroup (g1 : com.example.trainup.model.Gym) {
          primaryTableReference : gyms as g1_0
          TableGroupJoins {
            left  join LazyTableGroup (go1 : com.example.trainup.model.Gym.gymOwner) {
            }
            left  join LazyTableGroup (l1 : com.example.trainup.model.Gym.location) {
            }
          }
        }
      }
    }

2025-06-13 17:24:42.296 [main] DEBUG org.hibernate.persister.entity.AbstractEntityPersister - Static SQL for entity: com.example.trainup.model.Gym
2025-06-13 17:24:42.297 [main] DEBUG org.hibernate.persister.entity.AbstractEntityPersister -  Version select: select id from gyms where id=?
2025-06-13 17:24:42.297 [main] DEBUG org.hibernate.persister.entity.AbstractEntityPersister -  Insert (0): insert into gyms (description,gym_owner_id,is_deleted,address_id,name,number_of_reviews,overall_rating,website) values (?,?,?,?,?,?,?,?)
2025-06-13 17:24:42.297 [main] DEBUG org.hibernate.persister.entity.AbstractEntityPersister -  Update (0): update gyms set description=?,gym_owner_id=?,is_deleted=?,address_id=?,name=?,number_of_reviews=?,overall_rating=?,website=? where id=?
2025-06-13 17:24:42.297 [main] DEBUG org.hibernate.persister.entity.AbstractEntityPersister -  Delete (0): UPDATE gyms SET is_deleted=true WHERE id=?
2025-06-13 17:24:42.297 [main] DEBUG org.hibernate.orm.sql.ast.create - Created new SQL alias : go1_0
2025-06-13 17:24:42.297 [main] DEBUG org.hibernate.orm.sql.ast.create - Registration of TableGroup [StandardTableGroup(com.example.trainup.model.user.GymOwner)] with identifierForTableGroup [com.example.trainup.model.user.GymOwner] for NavigablePath [com.example.trainup.model.user.GymOwner] 
2025-06-13 17:24:42.298 [main] DEBUG org.hibernate.orm.sql.ast.create - Registration of TableGroup [org.hibernate.sql.ast.tree.from.LazyTableGroup@423ed07f] with identifierForTableGroup [com.example.trainup.model.user.GymOwner.userCredentials] for NavigablePath [com.example.trainup.model.user.GymOwner.userCredentials] 
2025-06-13 17:24:42.299 [main] DEBUG org.hibernate.orm.sql.ast.create - Created new SQL alias : uc1_0
2025-06-13 17:24:42.299 [main] DEBUG org.hibernate.orm.sql.ast.create - Created new SQL alias : r1_0
2025-06-13 17:24:42.299 [main] DEBUG org.hibernate.orm.sql.ast.create - Registration of TableGroup [CollectionTableGroup(com.example.trainup.model.user.GymOwner.userCredentials.roles)] with identifierForTableGroup [com.example.trainup.model.user.GymOwner.userCredentials.roles] for NavigablePath [com.example.trainup.model.user.GymOwner.userCredentials.roles] 
2025-06-13 17:24:42.299 [main] DEBUG org.hibernate.orm.sql.ast.create - Registration of TableGroup [org.hibernate.sql.ast.tree.from.LazyTableGroup@617af54d] with identifierForTableGroup [com.example.trainup.model.user.GymOwner.userCredentials.roles.{element}] for NavigablePath [com.example.trainup.model.user.GymOwner.userCredentials.roles.{element}] 
2025-06-13 17:24:42.300 [main] DEBUG org.hibernate.orm.sql.ast.create - Created new SQL alias : r1_1
2025-06-13 17:24:42.300 [main] DEBUG org.hibernate.orm.results.graph.AST - DomainResult Graph:
 \-EntityResultImpl [com.example.trainup.model.user.GymOwner]
 |  +-BasicFetch [com.example.trainup.model.user.GymOwner.dateOfBirth]
 |  +-BasicFetch [com.example.trainup.model.user.GymOwner.firstName]
 |  +-BasicFetch [com.example.trainup.model.user.GymOwner.gender]
 |  +-BasicFetch [com.example.trainup.model.user.GymOwner.isDeleted]
 |  +-BasicFetch [com.example.trainup.model.user.GymOwner.lastName]
 |  +-DelayedCollectionFetch [com.example.trainup.model.user.GymOwner.ownedGyms]
 |  +-DelayedCollectionFetch [com.example.trainup.model.user.GymOwner.phoneNumbers]
 |  +-BasicFetch [com.example.trainup.model.user.GymOwner.profileImageUrl]
 |  \-EntityFetchJoinedImpl [com.example.trainup.model.user.GymOwner.userCredentials]
 |  |  +-BasicFetch [com.example.trainup.model.user.GymOwner.userCredentials.email]
 |  |  +-BasicFetch [com.example.trainup.model.user.GymOwner.userCredentials.isDeleted]
 |  |  +-BasicFetch [com.example.trainup.model.user.GymOwner.userCredentials.password]
 |  |  +-EagerCollectionFetch [com.example.trainup.model.user.GymOwner.userCredentials.roles]
 |  |  |  \-EntityFetchJoinedImpl [com.example.trainup.model.user.GymOwner.userCredentials.roles.{element}]
 |  |  |  |  \-BasicFetch [com.example.trainup.model.user.GymOwner.userCredentials.roles.{element}.name]
 |  |  \-BasicFetch [com.example.trainup.model.user.GymOwner.userCredentials.userType]

2025-06-13 17:24:42.300 [main] DEBUG org.hibernate.orm.sql.ast.tree - SQL AST Tree:
    SelectStatement {
      FromClause {
        StandardTableGroup (go1 : com.example.trainup.model.user.GymOwner) {
          primaryTableReference : gym_owners as go1_0
          TableGroupJoins {
             join LazyTableGroup (uc1 : com.example.trainup.model.user.GymOwner.userCredentials) {
              primaryTableReference : user_credentials as uc1_0
              TableGroupJoins {
                left  join CollectionTableGroup (r1 : com.example.trainup.model.user.GymOwner.userCredentials.roles) {
                  primaryTableReference : user_credentials_roles as r1_0
                  TableGroupJoins {
                    left  join LazyTableGroup (r1 : com.example.trainup.model.user.GymOwner.userCredentials.roles.{element}) {
                      primaryTableReference : roles as r1_1
                    }
                  }
                }
              }
            }
          }
        }
      }
    }

2025-06-13 17:24:42.301 [main] DEBUG org.hibernate.persister.entity.AbstractEntityPersister - Static SQL for entity: com.example.trainup.model.user.GymOwner
2025-06-13 17:24:42.301 [main] DEBUG org.hibernate.persister.entity.AbstractEntityPersister -  Version select: select id from gym_owners where id=?
2025-06-13 17:24:42.302 [main] DEBUG org.hibernate.persister.entity.AbstractEntityPersister -  Insert (0): insert into gym_owners (date_of_birth,first_name,gender,is_deleted,last_name,profile_image_url,user_credentials_id) values (?,?,?,?,?,?,?)
2025-06-13 17:24:42.302 [main] DEBUG org.hibernate.persister.entity.AbstractEntityPersister -  Update (0): update gym_owners set date_of_birth=?,first_name=?,gender=?,is_deleted=?,last_name=?,profile_image_url=?,user_credentials_id=? where id=?
2025-06-13 17:24:42.302 [main] DEBUG org.hibernate.persister.entity.AbstractEntityPersister -  Delete (0): UPDATE gym_owners SET is_deleted=true WHERE id=?
2025-06-13 17:24:42.302 [main] DEBUG org.hibernate.orm.sql.ast.create - Created new SQL alias : uc1_0
2025-06-13 17:24:42.302 [main] DEBUG org.hibernate.orm.sql.ast.create - Registration of TableGroup [StandardTableGroup(com.example.trainup.model.user.UserCredentials)] with identifierForTableGroup [com.example.trainup.model.user.UserCredentials] for NavigablePath [com.example.trainup.model.user.UserCredentials] 
2025-06-13 17:24:42.302 [main] DEBUG org.hibernate.orm.sql.ast.create - Created new SQL alias : r1_0
2025-06-13 17:24:42.303 [main] DEBUG org.hibernate.orm.sql.ast.create - Registration of TableGroup [CollectionTableGroup(com.example.trainup.model.user.UserCredentials.roles)] with identifierForTableGroup [com.example.trainup.model.user.UserCredentials.roles] for NavigablePath [com.example.trainup.model.user.UserCredentials.roles] 
2025-06-13 17:24:42.303 [main] DEBUG org.hibernate.orm.sql.ast.create - Registration of TableGroup [org.hibernate.sql.ast.tree.from.LazyTableGroup@b4ddcf3] with identifierForTableGroup [com.example.trainup.model.user.UserCredentials.roles.{element}] for NavigablePath [com.example.trainup.model.user.UserCredentials.roles.{element}] 
2025-06-13 17:24:42.303 [main] DEBUG org.hibernate.orm.sql.ast.create - Created new SQL alias : r1_1
2025-06-13 17:24:42.303 [main] DEBUG org.hibernate.orm.results.graph.AST - DomainResult Graph:
 \-EntityResultImpl [com.example.trainup.model.user.UserCredentials]
 |  +-BasicFetch [com.example.trainup.model.user.UserCredentials.email]
 |  +-BasicFetch [com.example.trainup.model.user.UserCredentials.isDeleted]
 |  +-BasicFetch [com.example.trainup.model.user.UserCredentials.password]
 |  +-EagerCollectionFetch [com.example.trainup.model.user.UserCredentials.roles]
 |  |  \-EntityFetchJoinedImpl [com.example.trainup.model.user.UserCredentials.roles.{element}]
 |  |  |  \-BasicFetch [com.example.trainup.model.user.UserCredentials.roles.{element}.name]
 |  \-BasicFetch [com.example.trainup.model.user.UserCredentials.userType]

2025-06-13 17:24:42.304 [main] DEBUG org.hibernate.orm.sql.ast.tree - SQL AST Tree:
    SelectStatement {
      FromClause {
        StandardTableGroup (uc1 : com.example.trainup.model.user.UserCredentials) {
          primaryTableReference : user_credentials as uc1_0
          TableGroupJoins {
            left  join CollectionTableGroup (r1 : com.example.trainup.model.user.UserCredentials.roles) {
              primaryTableReference : user_credentials_roles as r1_0
              TableGroupJoins {
                left  join LazyTableGroup (r1 : com.example.trainup.model.user.UserCredentials.roles.{element}) {
                  primaryTableReference : roles as r1_1
                }
              }
            }
          }
        }
      }
    }

2025-06-13 17:24:42.305 [main] DEBUG org.hibernate.persister.entity.AbstractEntityPersister - Static SQL for entity: com.example.trainup.model.user.UserCredentials
2025-06-13 17:24:42.305 [main] DEBUG org.hibernate.persister.entity.AbstractEntityPersister -  Version select: select id from user_credentials where id=?
2025-06-13 17:24:42.305 [main] DEBUG org.hibernate.persister.entity.AbstractEntityPersister -  Insert (0): insert into user_credentials (email,is_deleted,password,user_type) values (?,?,?,?)
2025-06-13 17:24:42.305 [main] DEBUG org.hibernate.persister.entity.AbstractEntityPersister -  Update (0): update user_credentials set email=?,is_deleted=?,password=?,user_type=? where id=?
2025-06-13 17:24:42.305 [main] DEBUG org.hibernate.persister.entity.AbstractEntityPersister -  Delete (0): UPDATE user_credentials SET is_deleted=true WHERE id=?
2025-06-13 17:24:42.305 [main] DEBUG org.hibernate.orm.sql.ast.create - Created new SQL alias : a1_0
2025-06-13 17:24:42.305 [main] DEBUG org.hibernate.orm.sql.ast.create - Registration of TableGroup [StandardTableGroup(com.example.trainup.model.user.Athlete)] with identifierForTableGroup [com.example.trainup.model.user.Athlete] for NavigablePath [com.example.trainup.model.user.Athlete] 
2025-06-13 17:24:42.306 [main] DEBUG org.hibernate.orm.sql.ast.create - Registration of TableGroup [org.hibernate.sql.ast.tree.from.LazyTableGroup@7589d197] with identifierForTableGroup [com.example.trainup.model.user.Athlete.userCredentials] for NavigablePath [com.example.trainup.model.user.Athlete.userCredentials] 
2025-06-13 17:24:42.306 [main] DEBUG org.hibernate.orm.sql.ast.create - Created new SQL alias : uc1_0
2025-06-13 17:24:42.306 [main] DEBUG org.hibernate.orm.sql.ast.create - Created new SQL alias : r1_0
2025-06-13 17:24:42.306 [main] DEBUG org.hibernate.orm.sql.ast.create - Registration of TableGroup [CollectionTableGroup(com.example.trainup.model.user.Athlete.userCredentials.roles)] with identifierForTableGroup [com.example.trainup.model.user.Athlete.userCredentials.roles] for NavigablePath [com.example.trainup.model.user.Athlete.userCredentials.roles] 
2025-06-13 17:24:42.307 [main] DEBUG org.hibernate.orm.sql.ast.create - Registration of TableGroup [org.hibernate.sql.ast.tree.from.LazyTableGroup@682257c4] with identifierForTableGroup [com.example.trainup.model.user.Athlete.userCredentials.roles.{element}] for NavigablePath [com.example.trainup.model.user.Athlete.userCredentials.roles.{element}] 
2025-06-13 17:24:42.307 [main] DEBUG org.hibernate.orm.sql.ast.create - Created new SQL alias : r1_1
2025-06-13 17:24:42.307 [main] DEBUG org.hibernate.orm.results.graph.AST - DomainResult Graph:
 \-EntityResultImpl [com.example.trainup.model.user.Athlete]
 |  +-BasicFetch [com.example.trainup.model.user.Athlete.dateOfBirth]
 |  +-BasicFetch [com.example.trainup.model.user.Athlete.emailPermission]
 |  +-BasicFetch [com.example.trainup.model.user.Athlete.firstName]
 |  +-BasicFetch [com.example.trainup.model.user.Athlete.gender]
 |  +-BasicFetch [com.example.trainup.model.user.Athlete.isDeleted]
 |  +-BasicFetch [com.example.trainup.model.user.Athlete.lastName]
 |  +-DelayedCollectionFetch [com.example.trainup.model.user.Athlete.phoneNumbers]
 |  +-BasicFetch [com.example.trainup.model.user.Athlete.phonePermission]
 |  +-BasicFetch [com.example.trainup.model.user.Athlete.profileImageUrl]
 |  +-DelayedCollectionFetch [com.example.trainup.model.user.Athlete.sports]
 |  \-EntityFetchJoinedImpl [com.example.trainup.model.user.Athlete.userCredentials]
 |  |  +-BasicFetch [com.example.trainup.model.user.Athlete.userCredentials.email]
 |  |  +-BasicFetch [com.example.trainup.model.user.Athlete.userCredentials.isDeleted]
 |  |  +-BasicFetch [com.example.trainup.model.user.Athlete.userCredentials.password]
 |  |  +-EagerCollectionFetch [com.example.trainup.model.user.Athlete.userCredentials.roles]
 |  |  |  \-EntityFetchJoinedImpl [com.example.trainup.model.user.Athlete.userCredentials.roles.{element}]
 |  |  |  |  \-BasicFetch [com.example.trainup.model.user.Athlete.userCredentials.roles.{element}.name]
 |  |  \-BasicFetch [com.example.trainup.model.user.Athlete.userCredentials.userType]

2025-06-13 17:24:42.307 [main] DEBUG org.hibernate.orm.sql.ast.tree - SQL AST Tree:
    SelectStatement {
      FromClause {
        StandardTableGroup (a1 : com.example.trainup.model.user.Athlete) {
          primaryTableReference : athletes as a1_0
          TableGroupJoins {
             join LazyTableGroup (uc1 : com.example.trainup.model.user.Athlete.userCredentials) {
              primaryTableReference : user_credentials as uc1_0
              TableGroupJoins {
                left  join CollectionTableGroup (r1 : com.example.trainup.model.user.Athlete.userCredentials.roles) {
                  primaryTableReference : user_credentials_roles as r1_0
                  TableGroupJoins {
                    left  join LazyTableGroup (r1 : com.example.trainup.model.user.Athlete.userCredentials.roles.{element}) {
                      primaryTableReference : roles as r1_1
                    }
                  }
                }
              }
            }
          }
        }
      }
    }

2025-06-13 17:24:42.308 [main] DEBUG org.hibernate.persister.entity.AbstractEntityPersister - Static SQL for entity: com.example.trainup.model.user.Athlete
2025-06-13 17:24:42.308 [main] DEBUG org.hibernate.persister.entity.AbstractEntityPersister -  Version select: select id from athletes where id=?
2025-06-13 17:24:42.308 [main] DEBUG org.hibernate.persister.entity.AbstractEntityPersister -  Insert (0): insert into athletes (date_of_birth,email_permission,first_name,gender,is_deleted,last_name,phone_permission,profile_image_url,user_credentials_id) values (?,?,?,?,?,?,?,?,?)
2025-06-13 17:24:42.308 [main] DEBUG org.hibernate.persister.entity.AbstractEntityPersister -  Update (0): update athletes set date_of_birth=?,email_permission=?,first_name=?,gender=?,is_deleted=?,last_name=?,phone_permission=?,profile_image_url=?,user_credentials_id=? where id=?
2025-06-13 17:24:42.308 [main] DEBUG org.hibernate.persister.entity.AbstractEntityPersister -  Delete (0): UPDATE athletes SET is_deleted=true WHERE id=?
2025-06-13 17:24:42.308 [main] DEBUG org.hibernate.orm.sql.ast.create - Created new SQL alias : r1_0
2025-06-13 17:24:42.308 [main] DEBUG org.hibernate.orm.sql.ast.create - Registration of TableGroup [StandardTableGroup(com.example.trainup.model.Review)] with identifierForTableGroup [com.example.trainup.model.Review] for NavigablePath [com.example.trainup.model.Review] 
2025-06-13 17:24:42.309 [main] DEBUG org.hibernate.orm.sql.ast.create - Registration of TableGroup [org.hibernate.sql.ast.tree.from.LazyTableGroup@6c255c40] with identifierForTableGroup [com.example.trainup.model.Review.author] for NavigablePath [com.example.trainup.model.Review.author] 
2025-06-13 17:24:42.309 [main] DEBUG org.hibernate.orm.sql.ast.create - Registration of TableGroup [org.hibernate.sql.ast.tree.from.LazyTableGroup@571b3d3a] with identifierForTableGroup [com.example.trainup.model.Review.gym] for NavigablePath [com.example.trainup.model.Review.gym] 
2025-06-13 17:24:42.309 [main] DEBUG org.hibernate.orm.sql.ast.create - Created new SQL alias : g1_0
2025-06-13 17:24:42.309 [main] DEBUG org.hibernate.orm.sql.ast.create - Registration of TableGroup [org.hibernate.sql.ast.tree.from.LazyTableGroup@2d7ddc6a] with identifierForTableGroup [com.example.trainup.model.Review.gym.gymOwner] for NavigablePath [com.example.trainup.model.Review.gym.gymOwner] 
2025-06-13 17:24:42.309 [main] DEBUG org.hibernate.orm.sql.ast.create - Registration of TableGroup [org.hibernate.sql.ast.tree.from.LazyTableGroup@4d539bae] with identifierForTableGroup [com.example.trainup.model.Review.gym.location] for NavigablePath [com.example.trainup.model.Review.gym.location] 
2025-06-13 17:24:42.310 [main] DEBUG org.hibernate.orm.sql.ast.create - Registration of TableGroup [org.hibernate.sql.ast.tree.from.LazyTableGroup@bd21918] with identifierForTableGroup [com.example.trainup.model.Review.trainer] for NavigablePath [com.example.trainup.model.Review.trainer] 
2025-06-13 17:24:42.310 [main] DEBUG org.hibernate.orm.sql.ast.create - Created new SQL alias : t1_0
2025-06-13 17:24:42.310 [main] DEBUG org.hibernate.orm.sql.ast.create - Registration of TableGroup [org.hibernate.sql.ast.tree.from.LazyTableGroup@5ae17b5] with identifierForTableGroup [com.example.trainup.model.Review.trainer.location] for NavigablePath [com.example.trainup.model.Review.trainer.location] 
2025-06-13 17:24:42.311 [main] DEBUG org.hibernate.orm.sql.ast.create - Registration of TableGroup [org.hibernate.sql.ast.tree.from.LazyTableGroup@467305e6] with identifierForTableGroup [com.example.trainup.model.Review.trainer.userCredentials] for NavigablePath [com.example.trainup.model.Review.trainer.userCredentials] 
2025-06-13 17:24:42.311 [main] DEBUG org.hibernate.orm.sql.ast.create - Created new SQL alias : uc1_0
2025-06-13 17:24:42.311 [main] DEBUG org.hibernate.orm.sql.ast.create - Created new SQL alias : r2_0
2025-06-13 17:24:42.311 [main] DEBUG org.hibernate.orm.sql.ast.create - Registration of TableGroup [CollectionTableGroup(com.example.trainup.model.Review.trainer.userCredentials.roles)] with identifierForTableGroup [com.example.trainup.model.Review.trainer.userCredentials.roles] for NavigablePath [com.example.trainup.model.Review.trainer.userCredentials.roles] 
2025-06-13 17:24:42.311 [main] DEBUG org.hibernate.orm.sql.ast.create - Registration of TableGroup [org.hibernate.sql.ast.tree.from.LazyTableGroup@17ac686d] with identifierForTableGroup [com.example.trainup.model.Review.trainer.userCredentials.roles.{element}] for NavigablePath [com.example.trainup.model.Review.trainer.userCredentials.roles.{element}] 
2025-06-13 17:24:42.312 [main] DEBUG org.hibernate.orm.sql.ast.create - Created new SQL alias : r2_1
2025-06-13 17:24:42.312 [main] DEBUG org.hibernate.orm.results.graph.AST - DomainResult Graph:
 \-EntityResultImpl [com.example.trainup.model.Review]
 |  +-EntityDelayedFetchImpl [com.example.trainup.model.Review.author]
 |  +-BasicFetch [com.example.trainup.model.Review.description]
 |  +-EntityFetchJoinedImpl [com.example.trainup.model.Review.gym]
 |  |  +-BasicFetch [com.example.trainup.model.Review.gym.description]
 |  |  +-EntityDelayedFetchImpl [com.example.trainup.model.Review.gym.gymOwner]
 |  |  +-BasicFetch [com.example.trainup.model.Review.gym.isDeleted]
 |  |  +-EntityDelayedFetchImpl [com.example.trainup.model.Review.gym.location]
 |  |  +-BasicFetch [com.example.trainup.model.Review.gym.name]
 |  |  +-BasicFetch [com.example.trainup.model.Review.gym.numberOfReviews]
 |  |  +-BasicFetch [com.example.trainup.model.Review.gym.overallRating]
 |  |  +-DelayedCollectionFetch [com.example.trainup.model.Review.gym.phoneNumbers]
 |  |  +-DelayedCollectionFetch [com.example.trainup.model.Review.gym.photos]
 |  |  +-DelayedCollectionFetch [com.example.trainup.model.Review.gym.reviews]
 |  |  +-DelayedCollectionFetch [com.example.trainup.model.Review.gym.sports]
 |  |  +-DelayedCollectionFetch [com.example.trainup.model.Review.gym.trainers]
 |  |  +-BasicFetch [com.example.trainup.model.Review.gym.website]
 |  |  \-DelayedCollectionFetch [com.example.trainup.model.Review.gym.workingHours]
 |  +-BasicFetch [com.example.trainup.model.Review.rating]
 |  \-EntityFetchJoinedImpl [com.example.trainup.model.Review.trainer]
 |  |  +-DelayedCollectionFetch [com.example.trainup.model.Review.trainer.certificates]
 |  |  +-BasicFetch [com.example.trainup.model.Review.trainer.dateOfBirth]
 |  |  +-BasicFetch [com.example.trainup.model.Review.trainer.description]
 |  |  +-BasicFetch [com.example.trainup.model.Review.trainer.firstName]
 |  |  +-BasicFetch [com.example.trainup.model.Review.trainer.gender]
 |  |  +-DelayedCollectionFetch [com.example.trainup.model.Review.trainer.gyms]
 |  |  +-BasicFetch [com.example.trainup.model.Review.trainer.isDeleted]
 |  |  +-BasicFetch [com.example.trainup.model.Review.trainer.lastName]
 |  |  +-EntityDelayedFetchImpl [com.example.trainup.model.Review.trainer.location]
 |  |  +-BasicFetch [com.example.trainup.model.Review.trainer.numberOfReviews]
 |  |  +-BasicFetch [com.example.trainup.model.Review.trainer.onlineTraining]
 |  |  +-BasicFetch [com.example.trainup.model.Review.trainer.overallRating]
 |  |  +-DelayedCollectionFetch [com.example.trainup.model.Review.trainer.phoneNumbers]
 |  |  +-BasicFetch [com.example.trainup.model.Review.trainer.profileImageUrl]
 |  |  +-DelayedCollectionFetch [com.example.trainup.model.Review.trainer.reviews]
 |  |  +-BasicFetch [com.example.trainup.model.Review.trainer.socialMediaLinks]
 |  |  +-DelayedCollectionFetch [com.example.trainup.model.Review.trainer.sports]
 |  |  \-EntityFetchJoinedImpl [com.example.trainup.model.Review.trainer.userCredentials]
 |  |  |  +-BasicFetch [com.example.trainup.model.Review.trainer.userCredentials.email]
 |  |  |  +-BasicFetch [com.example.trainup.model.Review.trainer.userCredentials.isDeleted]
 |  |  |  +-BasicFetch [com.example.trainup.model.Review.trainer.userCredentials.password]
 |  |  |  +-EagerCollectionFetch [com.example.trainup.model.Review.trainer.userCredentials.roles]
 |  |  |  |  \-EntityFetchJoinedImpl [com.example.trainup.model.Review.trainer.userCredentials.roles.{element}]
 |  |  |  |  |  \-BasicFetch [com.example.trainup.model.Review.trainer.userCredentials.roles.{element}.name]
 |  |  |  \-BasicFetch [com.example.trainup.model.Review.trainer.userCredentials.userType]

2025-06-13 17:24:42.312 [main] DEBUG org.hibernate.orm.sql.ast.tree - SQL AST Tree:
    SelectStatement {
      FromClause {
        StandardTableGroup (r1 : com.example.trainup.model.Review) {
          primaryTableReference : reviews as r1_0
          TableGroupJoins {
            left  join LazyTableGroup (a1 : com.example.trainup.model.Review.author) {
            }
            left  join LazyTableGroup (g1 : com.example.trainup.model.Review.gym) {
              primaryTableReference : gyms as g1_0
              TableGroupJoins {
                left  join LazyTableGroup (go1 : com.example.trainup.model.Review.gym.gymOwner) {
                }
                left  join LazyTableGroup (l1 : com.example.trainup.model.Review.gym.location) {
                }
              }
            }
            left  join LazyTableGroup (t1 : com.example.trainup.model.Review.trainer) {
              primaryTableReference : trainers as t1_0
              TableGroupJoins {
                left  join LazyTableGroup (l2 : com.example.trainup.model.Review.trainer.location) {
                }
                left  join LazyTableGroup (uc1 : com.example.trainup.model.Review.trainer.userCredentials) {
                  primaryTableReference : user_credentials as uc1_0
                  TableGroupJoins {
                    left  join CollectionTableGroup (r2 : com.example.trainup.model.Review.trainer.userCredentials.roles) {
                      primaryTableReference : user_credentials_roles as r2_0
                      TableGroupJoins {
                        left  join LazyTableGroup (r2 : com.example.trainup.model.Review.trainer.userCredentials.roles.{element}) {
                          primaryTableReference : roles as r2_1
                        }
                      }
                    }
                  }
                }
              }
            }
          }
        }
      }
    }

2025-06-13 17:24:42.313 [main] DEBUG org.hibernate.persister.entity.AbstractEntityPersister - Static SQL for entity: com.example.trainup.model.Review
2025-06-13 17:24:42.313 [main] DEBUG org.hibernate.persister.entity.AbstractEntityPersister -  Version select: select id from reviews where id=?
2025-06-13 17:24:42.313 [main] DEBUG org.hibernate.persister.entity.AbstractEntityPersister -  Insert (0): insert into reviews (athlete_id,description,gym_id,rating,trainer_id) values (?,?,?,?,?)
2025-06-13 17:24:42.313 [main] DEBUG org.hibernate.persister.entity.AbstractEntityPersister -  Update (0): update reviews set athlete_id=?,description=?,gym_id=?,rating=?,trainer_id=? where id=?
2025-06-13 17:24:42.313 [main] DEBUG org.hibernate.persister.entity.AbstractEntityPersister -  Delete (0): delete from reviews where id=?
2025-06-13 17:24:42.313 [main] DEBUG org.hibernate.orm.sql.ast.create - Created new SQL alias : a1_0
2025-06-13 17:24:42.313 [main] DEBUG org.hibernate.orm.sql.ast.create - Registration of TableGroup [StandardTableGroup(com.example.trainup.model.user.Admin)] with identifierForTableGroup [com.example.trainup.model.user.Admin] for NavigablePath [com.example.trainup.model.user.Admin] 
2025-06-13 17:24:42.314 [main] DEBUG org.hibernate.orm.sql.ast.create - Registration of TableGroup [org.hibernate.sql.ast.tree.from.LazyTableGroup@79cb04c6] with identifierForTableGroup [com.example.trainup.model.user.Admin.userCredentials] for NavigablePath [com.example.trainup.model.user.Admin.userCredentials] 
2025-06-13 17:24:42.314 [main] DEBUG org.hibernate.orm.sql.ast.create - Created new SQL alias : uc1_0
2025-06-13 17:24:42.314 [main] DEBUG org.hibernate.orm.sql.ast.create - Created new SQL alias : r1_0
2025-06-13 17:24:42.314 [main] DEBUG org.hibernate.orm.sql.ast.create - Registration of TableGroup [CollectionTableGroup(com.example.trainup.model.user.Admin.userCredentials.roles)] with identifierForTableGroup [com.example.trainup.model.user.Admin.userCredentials.roles] for NavigablePath [com.example.trainup.model.user.Admin.userCredentials.roles] 
2025-06-13 17:24:42.314 [main] DEBUG org.hibernate.orm.sql.ast.create - Registration of TableGroup [org.hibernate.sql.ast.tree.from.LazyTableGroup@2749622c] with identifierForTableGroup [com.example.trainup.model.user.Admin.userCredentials.roles.{element}] for NavigablePath [com.example.trainup.model.user.Admin.userCredentials.roles.{element}] 
2025-06-13 17:24:42.314 [main] DEBUG org.hibernate.orm.sql.ast.create - Created new SQL alias : r1_1
2025-06-13 17:24:42.315 [main] DEBUG org.hibernate.orm.results.graph.AST - DomainResult Graph:
 \-EntityResultImpl [com.example.trainup.model.user.Admin]
 |  +-BasicFetch [com.example.trainup.model.user.Admin.dateOfBirth]
 |  +-BasicFetch [com.example.trainup.model.user.Admin.firstName]
 |  +-BasicFetch [com.example.trainup.model.user.Admin.gender]
 |  +-BasicFetch [com.example.trainup.model.user.Admin.isDeleted]
 |  +-BasicFetch [com.example.trainup.model.user.Admin.lastName]
 |  +-BasicFetch [com.example.trainup.model.user.Admin.profileImageUrl]
 |  \-EntityFetchJoinedImpl [com.example.trainup.model.user.Admin.userCredentials]
 |  |  +-BasicFetch [com.example.trainup.model.user.Admin.userCredentials.email]
 |  |  +-BasicFetch [com.example.trainup.model.user.Admin.userCredentials.isDeleted]
 |  |  +-BasicFetch [com.example.trainup.model.user.Admin.userCredentials.password]
 |  |  +-EagerCollectionFetch [com.example.trainup.model.user.Admin.userCredentials.roles]
 |  |  |  \-EntityFetchJoinedImpl [com.example.trainup.model.user.Admin.userCredentials.roles.{element}]
 |  |  |  |  \-BasicFetch [com.example.trainup.model.user.Admin.userCredentials.roles.{element}.name]
 |  |  \-BasicFetch [com.example.trainup.model.user.Admin.userCredentials.userType]

2025-06-13 17:24:42.315 [main] DEBUG org.hibernate.orm.sql.ast.tree - SQL AST Tree:
    SelectStatement {
      FromClause {
        StandardTableGroup (a1 : com.example.trainup.model.user.Admin) {
          primaryTableReference : admins as a1_0
          TableGroupJoins {
             join LazyTableGroup (uc1 : com.example.trainup.model.user.Admin.userCredentials) {
              primaryTableReference : user_credentials as uc1_0
              TableGroupJoins {
                left  join CollectionTableGroup (r1 : com.example.trainup.model.user.Admin.userCredentials.roles) {
                  primaryTableReference : user_credentials_roles as r1_0
                  TableGroupJoins {
                    left  join LazyTableGroup (r1 : com.example.trainup.model.user.Admin.userCredentials.roles.{element}) {
                      primaryTableReference : roles as r1_1
                    }
                  }
                }
              }
            }
          }
        }
      }
    }

2025-06-13 17:24:42.315 [main] DEBUG org.hibernate.persister.entity.AbstractEntityPersister - Static SQL for entity: com.example.trainup.model.user.Admin
2025-06-13 17:24:42.315 [main] DEBUG org.hibernate.persister.entity.AbstractEntityPersister -  Version select: select id from admins where id=?
2025-06-13 17:24:42.315 [main] DEBUG org.hibernate.persister.entity.AbstractEntityPersister -  Insert (0): insert into admins (date_of_birth,first_name,gender,is_deleted,last_name,profile_image_url,user_credentials_id) values (?,?,?,?,?,?,?)
2025-06-13 17:24:42.316 [main] DEBUG org.hibernate.persister.entity.AbstractEntityPersister -  Update (0): update admins set date_of_birth=?,first_name=?,gender=?,is_deleted=?,last_name=?,profile_image_url=?,user_credentials_id=? where id=?
2025-06-13 17:24:42.316 [main] DEBUG org.hibernate.persister.entity.AbstractEntityPersister -  Delete (0): UPDATE admins SET is_deleted=true WHERE id=?
2025-06-13 17:24:42.316 [main] DEBUG org.hibernate.orm.sql.ast.create - Created new SQL alias : t1_0
2025-06-13 17:24:42.316 [main] DEBUG org.hibernate.orm.sql.ast.create - Registration of TableGroup [StandardTableGroup(com.example.trainup.model.user.Trainer)] with identifierForTableGroup [com.example.trainup.model.user.Trainer] for NavigablePath [com.example.trainup.model.user.Trainer] 
2025-06-13 17:24:42.316 [main] DEBUG org.hibernate.orm.sql.ast.create - Registration of TableGroup [org.hibernate.sql.ast.tree.from.LazyTableGroup@325405ea] with identifierForTableGroup [com.example.trainup.model.user.Trainer.location] for NavigablePath [com.example.trainup.model.user.Trainer.location] 
2025-06-13 17:24:42.316 [main] DEBUG org.hibernate.orm.sql.ast.create - Registration of TableGroup [org.hibernate.sql.ast.tree.from.LazyTableGroup@1398ca52] with identifierForTableGroup [com.example.trainup.model.user.Trainer.userCredentials] for NavigablePath [com.example.trainup.model.user.Trainer.userCredentials] 
2025-06-13 17:24:42.317 [main] DEBUG org.hibernate.orm.sql.ast.create - Created new SQL alias : uc1_0
2025-06-13 17:24:42.317 [main] DEBUG org.hibernate.orm.sql.ast.create - Created new SQL alias : r1_0
2025-06-13 17:24:42.317 [main] DEBUG org.hibernate.orm.sql.ast.create - Registration of TableGroup [CollectionTableGroup(com.example.trainup.model.user.Trainer.userCredentials.roles)] with identifierForTableGroup [com.example.trainup.model.user.Trainer.userCredentials.roles] for NavigablePath [com.example.trainup.model.user.Trainer.userCredentials.roles] 
2025-06-13 17:24:42.317 [main] DEBUG org.hibernate.orm.sql.ast.create - Registration of TableGroup [org.hibernate.sql.ast.tree.from.LazyTableGroup@7f2c820f] with identifierForTableGroup [com.example.trainup.model.user.Trainer.userCredentials.roles.{element}] for NavigablePath [com.example.trainup.model.user.Trainer.userCredentials.roles.{element}] 
2025-06-13 17:24:42.317 [main] DEBUG org.hibernate.orm.sql.ast.create - Created new SQL alias : r1_1
2025-06-13 17:24:42.318 [main] DEBUG org.hibernate.orm.results.graph.AST - DomainResult Graph:
 \-EntityResultImpl [com.example.trainup.model.user.Trainer]
 |  +-DelayedCollectionFetch [com.example.trainup.model.user.Trainer.certificates]
 |  +-BasicFetch [com.example.trainup.model.user.Trainer.dateOfBirth]
 |  +-BasicFetch [com.example.trainup.model.user.Trainer.description]
 |  +-BasicFetch [com.example.trainup.model.user.Trainer.firstName]
 |  +-BasicFetch [com.example.trainup.model.user.Trainer.gender]
 |  +-DelayedCollectionFetch [com.example.trainup.model.user.Trainer.gyms]
 |  +-BasicFetch [com.example.trainup.model.user.Trainer.isDeleted]
 |  +-BasicFetch [com.example.trainup.model.user.Trainer.lastName]
 |  +-EntityDelayedFetchImpl [com.example.trainup.model.user.Trainer.location]
 |  +-BasicFetch [com.example.trainup.model.user.Trainer.numberOfReviews]
 |  +-BasicFetch [com.example.trainup.model.user.Trainer.onlineTraining]
 |  +-BasicFetch [com.example.trainup.model.user.Trainer.overallRating]
 |  +-DelayedCollectionFetch [com.example.trainup.model.user.Trainer.phoneNumbers]
 |  +-BasicFetch [com.example.trainup.model.user.Trainer.profileImageUrl]
 |  +-DelayedCollectionFetch [com.example.trainup.model.user.Trainer.reviews]
 |  +-BasicFetch [com.example.trainup.model.user.Trainer.socialMediaLinks]
 |  +-DelayedCollectionFetch [com.example.trainup.model.user.Trainer.sports]
 |  \-EntityFetchJoinedImpl [com.example.trainup.model.user.Trainer.userCredentials]
 |  |  +-BasicFetch [com.example.trainup.model.user.Trainer.userCredentials.email]
 |  |  +-BasicFetch [com.example.trainup.model.user.Trainer.userCredentials.isDeleted]
 |  |  +-BasicFetch [com.example.trainup.model.user.Trainer.userCredentials.password]
 |  |  +-EagerCollectionFetch [com.example.trainup.model.user.Trainer.userCredentials.roles]
 |  |  |  \-EntityFetchJoinedImpl [com.example.trainup.model.user.Trainer.userCredentials.roles.{element}]
 |  |  |  |  \-BasicFetch [com.example.trainup.model.user.Trainer.userCredentials.roles.{element}.name]
 |  |  \-BasicFetch [com.example.trainup.model.user.Trainer.userCredentials.userType]

2025-06-13 17:24:42.318 [main] DEBUG org.hibernate.orm.sql.ast.tree - SQL AST Tree:
    SelectStatement {
      FromClause {
        StandardTableGroup (t1 : com.example.trainup.model.user.Trainer) {
          primaryTableReference : trainers as t1_0
          TableGroupJoins {
            left  join LazyTableGroup (l1 : com.example.trainup.model.user.Trainer.location) {
            }
             join LazyTableGroup (uc1 : com.example.trainup.model.user.Trainer.userCredentials) {
              primaryTableReference : user_credentials as uc1_0
              TableGroupJoins {
                left  join CollectionTableGroup (r1 : com.example.trainup.model.user.Trainer.userCredentials.roles) {
                  primaryTableReference : user_credentials_roles as r1_0
                  TableGroupJoins {
                    left  join LazyTableGroup (r1 : com.example.trainup.model.user.Trainer.userCredentials.roles.{element}) {
                      primaryTableReference : roles as r1_1
                    }
                  }
                }
              }
            }
          }
        }
      }
    }

2025-06-13 17:24:42.318 [main] DEBUG org.hibernate.persister.entity.AbstractEntityPersister - Static SQL for entity: com.example.trainup.model.user.Trainer
2025-06-13 17:24:42.318 [main] DEBUG org.hibernate.persister.entity.AbstractEntityPersister -  Version select: select id from trainers where id=?
2025-06-13 17:24:42.319 [main] DEBUG org.hibernate.persister.entity.AbstractEntityPersister -  Insert (0): insert into trainers (date_of_birth,description,first_name,gender,is_deleted,last_name,address_id,number_of_reviews,online_training,overall_rating,profile_image_url,social_media_links,user_credentials_id) values (?,?,?,?,?,?,?,?,?,?,?,?,?)
2025-06-13 17:24:42.319 [main] DEBUG org.hibernate.persister.entity.AbstractEntityPersister -  Update (0): update trainers set date_of_birth=?,description=?,first_name=?,gender=?,is_deleted=?,last_name=?,address_id=?,number_of_reviews=?,online_training=?,overall_rating=?,profile_image_url=?,social_media_links=?,user_credentials_id=? where id=?
2025-06-13 17:24:42.319 [main] DEBUG org.hibernate.persister.entity.AbstractEntityPersister -  Delete (0): UPDATE trainers SET is_deleted=true WHERE id=?
2025-06-13 17:24:42.319 [main] DEBUG org.hibernate.orm.sql.ast.create - Created new SQL alias : gp1_0
2025-06-13 17:24:42.319 [main] DEBUG org.hibernate.orm.sql.ast.create - Registration of TableGroup [StandardTableGroup(com.example.trainup.model.GymPhoto)] with identifierForTableGroup [com.example.trainup.model.GymPhoto] for NavigablePath [com.example.trainup.model.GymPhoto] 
2025-06-13 17:24:42.319 [main] DEBUG org.hibernate.orm.sql.ast.create - Registration of TableGroup [org.hibernate.sql.ast.tree.from.LazyTableGroup@2a1d622a] with identifierForTableGroup [com.example.trainup.model.GymPhoto.gym] for NavigablePath [com.example.trainup.model.GymPhoto.gym] 
2025-06-13 17:24:42.320 [main] DEBUG org.hibernate.orm.results.graph.AST - DomainResult Graph:
 \-EntityResultImpl [com.example.trainup.model.GymPhoto]
 |  +-EntityDelayedFetchImpl [com.example.trainup.model.GymPhoto.gym]
 |  +-BasicFetch [com.example.trainup.model.GymPhoto.imageUrl]
 |  \-BasicFetch [com.example.trainup.model.GymPhoto.isDeleted]

2025-06-13 17:24:42.320 [main] DEBUG org.hibernate.orm.sql.ast.tree - SQL AST Tree:
    SelectStatement {
      FromClause {
        StandardTableGroup (gp1 : com.example.trainup.model.GymPhoto) {
          primaryTableReference : gym_photos as gp1_0
          TableGroupJoins {
            left  join LazyTableGroup (g1 : com.example.trainup.model.GymPhoto.gym) {
            }
          }
        }
      }
    }

2025-06-13 17:24:42.320 [main] DEBUG org.hibernate.persister.entity.AbstractEntityPersister - Static SQL for entity: com.example.trainup.model.GymPhoto
2025-06-13 17:24:42.320 [main] DEBUG org.hibernate.persister.entity.AbstractEntityPersister -  Version select: select id from gym_photos where id=?
2025-06-13 17:24:42.320 [main] DEBUG org.hibernate.persister.entity.AbstractEntityPersister -  Insert (0): insert into gym_photos (gym_id,image_url,is_deleted) values (?,?,?)
2025-06-13 17:24:42.320 [main] DEBUG org.hibernate.persister.entity.AbstractEntityPersister -  Update (0): update gym_photos set gym_id=?,image_url=?,is_deleted=? where id=?
2025-06-13 17:24:42.321 [main] DEBUG org.hibernate.persister.entity.AbstractEntityPersister -  Delete (0): UPDATE gym_photos SET is_deleted=true WHERE id=?
2025-06-13 17:24:42.321 [main] DEBUG org.hibernate.orm.sql.ast.create - Created new SQL alias : s1_0
2025-06-13 17:24:42.321 [main] DEBUG org.hibernate.orm.sql.ast.create - Registration of TableGroup [StandardTableGroup(com.example.trainup.model.Sport)] with identifierForTableGroup [com.example.trainup.model.Sport] for NavigablePath [com.example.trainup.model.Sport] 
2025-06-13 17:24:42.321 [main] DEBUG org.hibernate.orm.results.graph.AST - DomainResult Graph:
 \-EntityResultImpl [com.example.trainup.model.Sport]
 |  +-DelayedCollectionFetch [com.example.trainup.model.Sport.athletes]
 |  +-DelayedCollectionFetch [com.example.trainup.model.Sport.gyms]
 |  +-BasicFetch [com.example.trainup.model.Sport.isDeleted]
 |  +-BasicFetch [com.example.trainup.model.Sport.sportName]
 |  \-DelayedCollectionFetch [com.example.trainup.model.Sport.trainers]

2025-06-13 17:24:42.321 [main] DEBUG org.hibernate.orm.sql.ast.tree - SQL AST Tree:
    SelectStatement {
      FromClause {
        StandardTableGroup (s1 : com.example.trainup.model.Sport) {
          primaryTableReference : sports as s1_0
        }
      }
    }

2025-06-13 17:24:42.321 [main] DEBUG org.hibernate.persister.entity.AbstractEntityPersister - Static SQL for entity: com.example.trainup.model.Sport
2025-06-13 17:24:42.321 [main] DEBUG org.hibernate.persister.entity.AbstractEntityPersister -  Version select: select id from sports where id=?
2025-06-13 17:24:42.322 [main] DEBUG org.hibernate.persister.entity.AbstractEntityPersister -  Insert (0): insert into sports (is_deleted,sport_name) values (?,?)
2025-06-13 17:24:42.322 [main] DEBUG org.hibernate.persister.entity.AbstractEntityPersister -  Update (0): update sports set is_deleted=?,sport_name=? where id=?
2025-06-13 17:24:42.322 [main] DEBUG org.hibernate.persister.entity.AbstractEntityPersister -  Delete (0): UPDATE sports SET is_deleted=true WHERE id=?
2025-06-13 17:24:42.322 [main] DEBUG org.hibernate.orm.sql.ast.create - Created new SQL alias : e1_0
2025-06-13 17:24:42.322 [main] DEBUG org.hibernate.orm.sql.ast.create - Registration of TableGroup [StandardTableGroup(com.example.trainup.model.Event)] with identifierForTableGroup [com.example.trainup.model.Event] for NavigablePath [com.example.trainup.model.Event] 
2025-06-13 17:24:42.322 [main] DEBUG org.hibernate.orm.sql.ast.create - Registration of TableGroup [org.hibernate.sql.ast.tree.from.LazyTableGroup@3fdaa822] with identifierForTableGroup [com.example.trainup.model.Event.gym] for NavigablePath [com.example.trainup.model.Event.gym] 
2025-06-13 17:24:42.322 [main] DEBUG org.hibernate.orm.sql.ast.create - Created new SQL alias : g1_0
2025-06-13 17:24:42.323 [main] DEBUG org.hibernate.orm.sql.ast.create - Registration of TableGroup [org.hibernate.sql.ast.tree.from.LazyTableGroup@578b6947] with identifierForTableGroup [com.example.trainup.model.Event.gym.gymOwner] for NavigablePath [com.example.trainup.model.Event.gym.gymOwner] 
2025-06-13 17:24:42.323 [main] DEBUG org.hibernate.orm.sql.ast.create - Registration of TableGroup [org.hibernate.sql.ast.tree.from.LazyTableGroup@1a902bcc] with identifierForTableGroup [com.example.trainup.model.Event.gym.location] for NavigablePath [com.example.trainup.model.Event.gym.location] 
2025-06-13 17:24:42.323 [main] DEBUG org.hibernate.orm.sql.ast.create - Registration of TableGroup [org.hibernate.sql.ast.tree.from.LazyTableGroup@588a392f] with identifierForTableGroup [com.example.trainup.model.Event.sport] for NavigablePath [com.example.trainup.model.Event.sport] 
2025-06-13 17:24:42.324 [main] DEBUG org.hibernate.orm.sql.ast.create - Registration of TableGroup [org.hibernate.sql.ast.tree.from.LazyTableGroup@32fb11a4] with identifierForTableGroup [com.example.trainup.model.Event.trainer] for NavigablePath [com.example.trainup.model.Event.trainer] 
2025-06-13 17:24:42.324 [main] DEBUG org.hibernate.orm.sql.ast.create - Created new SQL alias : t1_0
2025-06-13 17:24:42.324 [main] DEBUG org.hibernate.orm.sql.ast.create - Registration of TableGroup [org.hibernate.sql.ast.tree.from.LazyTableGroup@3e3697ed] with identifierForTableGroup [com.example.trainup.model.Event.trainer.location] for NavigablePath [com.example.trainup.model.Event.trainer.location] 
2025-06-13 17:24:42.324 [main] DEBUG org.hibernate.orm.sql.ast.create - Registration of TableGroup [org.hibernate.sql.ast.tree.from.LazyTableGroup@256305ac] with identifierForTableGroup [com.example.trainup.model.Event.trainer.userCredentials] for NavigablePath [com.example.trainup.model.Event.trainer.userCredentials] 
2025-06-13 17:24:42.324 [main] DEBUG org.hibernate.orm.sql.ast.create - Created new SQL alias : uc1_0
2025-06-13 17:24:42.325 [main] DEBUG org.hibernate.orm.sql.ast.create - Created new SQL alias : r1_0
2025-06-13 17:24:42.325 [main] DEBUG org.hibernate.orm.sql.ast.create - Registration of TableGroup [CollectionTableGroup(com.example.trainup.model.Event.trainer.userCredentials.roles)] with identifierForTableGroup [com.example.trainup.model.Event.trainer.userCredentials.roles] for NavigablePath [com.example.trainup.model.Event.trainer.userCredentials.roles] 
2025-06-13 17:24:42.325 [main] DEBUG org.hibernate.orm.sql.ast.create - Registration of TableGroup [org.hibernate.sql.ast.tree.from.LazyTableGroup@2c29036e] with identifierForTableGroup [com.example.trainup.model.Event.trainer.userCredentials.roles.{element}] for NavigablePath [com.example.trainup.model.Event.trainer.userCredentials.roles.{element}] 
2025-06-13 17:24:42.325 [main] DEBUG org.hibernate.orm.sql.ast.create - Created new SQL alias : r1_1
2025-06-13 17:24:42.325 [main] DEBUG org.hibernate.orm.results.graph.AST - DomainResult Graph:
 \-EntityResultImpl [com.example.trainup.model.Event]
 |  +-BasicFetch [com.example.trainup.model.Event.dateTime]
 |  +-BasicFetch [com.example.trainup.model.Event.description]
 |  +-EntityFetchJoinedImpl [com.example.trainup.model.Event.gym]
 |  |  +-BasicFetch [com.example.trainup.model.Event.gym.description]
 |  |  +-EntityDelayedFetchImpl [com.example.trainup.model.Event.gym.gymOwner]
 |  |  +-BasicFetch [com.example.trainup.model.Event.gym.isDeleted]
 |  |  +-EntityDelayedFetchImpl [com.example.trainup.model.Event.gym.location]
 |  |  +-BasicFetch [com.example.trainup.model.Event.gym.name]
 |  |  +-BasicFetch [com.example.trainup.model.Event.gym.numberOfReviews]
 |  |  +-BasicFetch [com.example.trainup.model.Event.gym.overallRating]
 |  |  +-DelayedCollectionFetch [com.example.trainup.model.Event.gym.phoneNumbers]
 |  |  +-DelayedCollectionFetch [com.example.trainup.model.Event.gym.photos]
 |  |  +-DelayedCollectionFetch [com.example.trainup.model.Event.gym.reviews]
 |  |  +-DelayedCollectionFetch [com.example.trainup.model.Event.gym.sports]
 |  |  +-DelayedCollectionFetch [com.example.trainup.model.Event.gym.trainers]
 |  |  +-BasicFetch [com.example.trainup.model.Event.gym.website]
 |  |  \-DelayedCollectionFetch [com.example.trainup.model.Event.gym.workingHours]
 |  +-BasicFetch [com.example.trainup.model.Event.name]
 |  +-EntityDelayedFetchImpl [com.example.trainup.model.Event.sport]
 |  \-EntityFetchJoinedImpl [com.example.trainup.model.Event.trainer]
 |  |  +-DelayedCollectionFetch [com.example.trainup.model.Event.trainer.certificates]
 |  |  +-BasicFetch [com.example.trainup.model.Event.trainer.dateOfBirth]
 |  |  +-BasicFetch [com.example.trainup.model.Event.trainer.description]
 |  |  +-BasicFetch [com.example.trainup.model.Event.trainer.firstName]
 |  |  +-BasicFetch [com.example.trainup.model.Event.trainer.gender]
 |  |  +-DelayedCollectionFetch [com.example.trainup.model.Event.trainer.gyms]
 |  |  +-BasicFetch [com.example.trainup.model.Event.trainer.isDeleted]
 |  |  +-BasicFetch [com.example.trainup.model.Event.trainer.lastName]
 |  |  +-EntityDelayedFetchImpl [com.example.trainup.model.Event.trainer.location]
 |  |  +-BasicFetch [com.example.trainup.model.Event.trainer.numberOfReviews]
 |  |  +-BasicFetch [com.example.trainup.model.Event.trainer.onlineTraining]
 |  |  +-BasicFetch [com.example.trainup.model.Event.trainer.overallRating]
 |  |  +-DelayedCollectionFetch [com.example.trainup.model.Event.trainer.phoneNumbers]
 |  |  +-BasicFetch [com.example.trainup.model.Event.trainer.profileImageUrl]
 |  |  +-DelayedCollectionFetch [com.example.trainup.model.Event.trainer.reviews]
 |  |  +-BasicFetch [com.example.trainup.model.Event.trainer.socialMediaLinks]
 |  |  +-DelayedCollectionFetch [com.example.trainup.model.Event.trainer.sports]
 |  |  \-EntityFetchJoinedImpl [com.example.trainup.model.Event.trainer.userCredentials]
 |  |  |  +-BasicFetch [com.example.trainup.model.Event.trainer.userCredentials.email]
 |  |  |  +-BasicFetch [com.example.trainup.model.Event.trainer.userCredentials.isDeleted]
 |  |  |  +-BasicFetch [com.example.trainup.model.Event.trainer.userCredentials.password]
 |  |  |  +-EagerCollectionFetch [com.example.trainup.model.Event.trainer.userCredentials.roles]
 |  |  |  |  \-EntityFetchJoinedImpl [com.example.trainup.model.Event.trainer.userCredentials.roles.{element}]
 |  |  |  |  |  \-BasicFetch [com.example.trainup.model.Event.trainer.userCredentials.roles.{element}.name]
 |  |  |  \-BasicFetch [com.example.trainup.model.Event.trainer.userCredentials.userType]

2025-06-13 17:24:42.326 [main] DEBUG org.hibernate.orm.sql.ast.tree - SQL AST Tree:
    SelectStatement {
      FromClause {
        StandardTableGroup (e1 : com.example.trainup.model.Event) {
          primaryTableReference : events as e1_0
          TableGroupJoins {
            left  join LazyTableGroup (g1 : com.example.trainup.model.Event.gym) {
              primaryTableReference : gyms as g1_0
              TableGroupJoins {
                left  join LazyTableGroup (go1 : com.example.trainup.model.Event.gym.gymOwner) {
                }
                left  join LazyTableGroup (l1 : com.example.trainup.model.Event.gym.location) {
                }
              }
            }
            left  join LazyTableGroup (s1 : com.example.trainup.model.Event.sport) {
            }
            left  join LazyTableGroup (t1 : com.example.trainup.model.Event.trainer) {
              primaryTableReference : trainers as t1_0
              TableGroupJoins {
                left  join LazyTableGroup (l2 : com.example.trainup.model.Event.trainer.location) {
                }
                left  join LazyTableGroup (uc1 : com.example.trainup.model.Event.trainer.userCredentials) {
                  primaryTableReference : user_credentials as uc1_0
                  TableGroupJoins {
                    left  join CollectionTableGroup (r1 : com.example.trainup.model.Event.trainer.userCredentials.roles) {
                      primaryTableReference : user_credentials_roles as r1_0
                      TableGroupJoins {
                        left  join LazyTableGroup (r1 : com.example.trainup.model.Event.trainer.userCredentials.roles.{element}) {
                          primaryTableReference : roles as r1_1
                        }
                      }
                    }
                  }
                }
              }
            }
          }
        }
      }
    }

2025-06-13 17:24:42.327 [main] DEBUG org.hibernate.persister.entity.AbstractEntityPersister - Static SQL for entity: com.example.trainup.model.Event
2025-06-13 17:24:42.327 [main] DEBUG org.hibernate.persister.entity.AbstractEntityPersister -  Version select: select id from events where id=?
2025-06-13 17:24:42.328 [main] DEBUG org.hibernate.persister.entity.AbstractEntityPersister -  Insert (0): insert into events (date_time,description,gym_id,name,sport_id,trainer_id) values (?,?,?,?,?,?)
2025-06-13 17:24:42.328 [main] DEBUG org.hibernate.persister.entity.AbstractEntityPersister -  Update (0): update events set date_time=?,description=?,gym_id=?,name=?,sport_id=?,trainer_id=? where id=?
2025-06-13 17:24:42.328 [main] DEBUG org.hibernate.persister.entity.AbstractEntityPersister -  Delete (0): delete from events where id=?
2025-06-13 17:24:42.328 [main] DEBUG org.hibernate.orm.sql.ast.create - Created new SQL alias : a1_0
2025-06-13 17:24:42.328 [main] DEBUG org.hibernate.orm.sql.ast.create - Registration of TableGroup [StandardTableGroup(com.example.trainup.model.Address)] with identifierForTableGroup [com.example.trainup.model.Address] for NavigablePath [com.example.trainup.model.Address] 
2025-06-13 17:24:42.328 [main] DEBUG org.hibernate.orm.sql.ast.create - Registration of TableGroup [org.hibernate.sql.ast.tree.from.LazyTableGroup@4cb63faa] with identifierForTableGroup [com.example.trainup.model.Address.gym] for NavigablePath [com.example.trainup.model.Address.gym] 
2025-06-13 17:24:42.329 [main] DEBUG org.hibernate.orm.sql.ast.create - Created new SQL alias : g1_0
2025-06-13 17:24:42.329 [main] DEBUG org.hibernate.orm.sql.ast.create - Registration of TableGroup [org.hibernate.sql.ast.tree.from.LazyTableGroup@71c51df5] with identifierForTableGroup [com.example.trainup.model.Address.gym.gymOwner] for NavigablePath [com.example.trainup.model.Address.gym.gymOwner] 
2025-06-13 17:24:42.329 [main] DEBUG org.hibernate.orm.sql.ast.create - Registration of TableGroup [org.hibernate.sql.ast.tree.from.LazyTableGroup@159352d0] with identifierForTableGroup [com.example.trainup.model.Address.gym.location] for NavigablePath [com.example.trainup.model.Address.gym.location] 
2025-06-13 17:24:42.329 [main] DEBUG org.hibernate.orm.results.graph.AST - DomainResult Graph:
 \-EntityResultImpl [com.example.trainup.model.Address]
 |  +-BasicFetch [com.example.trainup.model.Address.city]
 |  +-BasicFetch [com.example.trainup.model.Address.cityDistrict]
 |  +-BasicFetch [com.example.trainup.model.Address.country]
 |  +-EntityFetchJoinedImpl [com.example.trainup.model.Address.gym]
 |  |  +-BasicFetch [com.example.trainup.model.Address.gym.description]
 |  |  +-EntityDelayedFetchImpl [com.example.trainup.model.Address.gym.gymOwner]
 |  |  +-BasicFetch [com.example.trainup.model.Address.gym.isDeleted]
 |  |  +-CircularBiDirectionalFetchImpl [com.example.trainup.model.Address.gym.location]
 |  |  +-BasicFetch [com.example.trainup.model.Address.gym.name]
 |  |  +-BasicFetch [com.example.trainup.model.Address.gym.numberOfReviews]
 |  |  +-BasicFetch [com.example.trainup.model.Address.gym.overallRating]
 |  |  +-DelayedCollectionFetch [com.example.trainup.model.Address.gym.phoneNumbers]
 |  |  +-DelayedCollectionFetch [com.example.trainup.model.Address.gym.photos]
 |  |  +-DelayedCollectionFetch [com.example.trainup.model.Address.gym.reviews]
 |  |  +-DelayedCollectionFetch [com.example.trainup.model.Address.gym.sports]
 |  |  +-DelayedCollectionFetch [com.example.trainup.model.Address.gym.trainers]
 |  |  +-BasicFetch [com.example.trainup.model.Address.gym.website]
 |  |  \-DelayedCollectionFetch [com.example.trainup.model.Address.gym.workingHours]
 |  +-BasicFetch [com.example.trainup.model.Address.house]
 |  +-BasicFetch [com.example.trainup.model.Address.isDeleted]
 |  +-BasicFetch [com.example.trainup.model.Address.street]
 |  \-DelayedCollectionFetch [com.example.trainup.model.Address.trainers]

2025-06-13 17:24:42.330 [main] DEBUG org.hibernate.orm.sql.ast.tree - SQL AST Tree:
    SelectStatement {
      FromClause {
        StandardTableGroup (a1 : com.example.trainup.model.Address) {
          primaryTableReference : addresses as a1_0
          TableGroupJoins {
            left  join LazyTableGroup (g1 : com.example.trainup.model.Address.gym) {
              primaryTableReference : gyms as g1_0
              TableGroupJoins {
                left  join LazyTableGroup (go1 : com.example.trainup.model.Address.gym.gymOwner) {
                }
                left  join LazyTableGroup (l1 : com.example.trainup.model.Address.gym.location) {
                }
              }
            }
          }
        }
      }
    }

2025-06-13 17:24:42.330 [main] DEBUG org.hibernate.persister.entity.AbstractEntityPersister - Static SQL for entity: com.example.trainup.model.Address
2025-06-13 17:24:42.330 [main] DEBUG org.hibernate.persister.entity.AbstractEntityPersister -  Version select: select id from addresses where id=?
2025-06-13 17:24:42.330 [main] DEBUG org.hibernate.persister.entity.AbstractEntityPersister -  Insert (0): insert into addresses (city,city_district,country,house,is_deleted,street) values (?,?,?,?,?,?)
2025-06-13 17:24:42.330 [main] DEBUG org.hibernate.persister.entity.AbstractEntityPersister -  Update (0): update addresses set city=?,city_district=?,country=?,house=?,is_deleted=?,street=? where id=?
2025-06-13 17:24:42.330 [main] DEBUG org.hibernate.persister.entity.AbstractEntityPersister -  Delete (0): UPDATE addresses SET is_deleted=true WHERE id=?
2025-06-13 17:24:42.331 [main] DEBUG org.hibernate.orm.sql.ast.create - Created new SQL alias : r1_0
2025-06-13 17:24:42.331 [main] DEBUG org.hibernate.orm.sql.ast.create - Registration of TableGroup [StandardTableGroup(com.example.trainup.model.Role)] with identifierForTableGroup [com.example.trainup.model.Role] for NavigablePath [com.example.trainup.model.Role] 
2025-06-13 17:24:42.331 [main] DEBUG org.hibernate.orm.results.graph.AST - DomainResult Graph:
 \-EntityResultImpl [com.example.trainup.model.Role]
 |  \-BasicFetch [com.example.trainup.model.Role.name]

2025-06-13 17:24:42.331 [main] DEBUG org.hibernate.orm.sql.ast.tree - SQL AST Tree:
    SelectStatement {
      FromClause {
        StandardTableGroup (r1 : com.example.trainup.model.Role) {
          primaryTableReference : roles as r1_0
        }
      }
    }

2025-06-13 17:24:42.331 [main] DEBUG org.hibernate.persister.entity.AbstractEntityPersister - Static SQL for entity: com.example.trainup.model.Role
2025-06-13 17:24:42.331 [main] DEBUG org.hibernate.persister.entity.AbstractEntityPersister -  Version select: select id from roles where id=?
2025-06-13 17:24:42.332 [main] DEBUG org.hibernate.persister.entity.AbstractEntityPersister -  Insert (0): insert into roles (name) values (?)
2025-06-13 17:24:42.332 [main] DEBUG org.hibernate.persister.entity.AbstractEntityPersister -  Update (0): update roles set name=? where id=?
2025-06-13 17:24:42.332 [main] DEBUG org.hibernate.persister.entity.AbstractEntityPersister -  Delete (0): delete from roles where id=?
2025-06-13 17:24:42.332 [main] DEBUG org.hibernate.orm.sql.ast.create - Created new SQL alias : r1_0
2025-06-13 17:24:42.332 [main] DEBUG org.hibernate.orm.sql.ast.create - Registration of TableGroup [org.hibernate.sql.ast.tree.from.OneToManyTableGroup@5d847b9e] with identifierForTableGroup [com.example.trainup.model.user.Trainer.reviews] for NavigablePath [com.example.trainup.model.user.Trainer.reviews] 
2025-06-13 17:24:42.332 [main] DEBUG org.hibernate.orm.sql.ast.create - Registration of TableGroup [StandardTableGroup(com.example.trainup.model.user.Trainer.reviews.{element})] with identifierForTableGroup [com.example.trainup.model.user.Trainer.reviews.{element}] for NavigablePath [com.example.trainup.model.user.Trainer.reviews.{element}] 
2025-06-13 17:24:42.333 [main] DEBUG org.hibernate.orm.sql.ast.create - Registration of TableGroup [org.hibernate.sql.ast.tree.from.LazyTableGroup@520ea72c] with identifierForTableGroup [com.example.trainup.model.user.Trainer.reviews.{element}.author] for NavigablePath [com.example.trainup.model.user.Trainer.reviews.{element}.author] 
2025-06-13 17:24:42.333 [main] DEBUG org.hibernate.orm.sql.ast.create - Registration of TableGroup [org.hibernate.sql.ast.tree.from.LazyTableGroup@2545b677] with identifierForTableGroup [com.example.trainup.model.user.Trainer.reviews.{element}.gym] for NavigablePath [com.example.trainup.model.user.Trainer.reviews.{element}.gym] 
2025-06-13 17:24:42.334 [main] DEBUG org.hibernate.orm.sql.ast.create - Created new SQL alias : g1_0
2025-06-13 17:24:42.334 [main] DEBUG org.hibernate.orm.sql.ast.create - Registration of TableGroup [org.hibernate.sql.ast.tree.from.LazyTableGroup@1e2b837b] with identifierForTableGroup [com.example.trainup.model.user.Trainer.reviews.{element}.gym.gymOwner] for NavigablePath [com.example.trainup.model.user.Trainer.reviews.{element}.gym.gymOwner] 
2025-06-13 17:24:42.334 [main] DEBUG org.hibernate.orm.sql.ast.create - Registration of TableGroup [org.hibernate.sql.ast.tree.from.LazyTableGroup@600d43ab] with identifierForTableGroup [com.example.trainup.model.user.Trainer.reviews.{element}.gym.location] for NavigablePath [com.example.trainup.model.user.Trainer.reviews.{element}.gym.location] 
2025-06-13 17:24:42.334 [main] DEBUG org.hibernate.orm.sql.ast.create - Registration of TableGroup [org.hibernate.sql.ast.tree.from.LazyTableGroup@479daf41] with identifierForTableGroup [com.example.trainup.model.user.Trainer.reviews.{element}.trainer] for NavigablePath [com.example.trainup.model.user.Trainer.reviews.{element}.trainer] 
2025-06-13 17:24:42.335 [main] DEBUG org.hibernate.orm.results.graph.AST - DomainResult Graph:
 \-CollectionDomainResult [com.example.trainup.model.user.Trainer.reviews]

2025-06-13 17:24:42.335 [main] DEBUG org.hibernate.orm.sql.ast.tree - SQL AST Tree:
    SelectStatement {
      FromClause {
        OneToManyTableGroup (r1 : com.example.trainup.model.user.Trainer.reviews) {
          primaryTableReference : reviews as r1_0
          TableGroupJoins {
            left  join LazyTableGroup (a1 : com.example.trainup.model.user.Trainer.reviews.{element}.author) {
            }
            left  join LazyTableGroup (g1 : com.example.trainup.model.user.Trainer.reviews.{element}.gym) {
              primaryTableReference : gyms as g1_0
              TableGroupJoins {
                left  join LazyTableGroup (go1 : com.example.trainup.model.user.Trainer.reviews.{element}.gym.gymOwner) {
                }
                left  join LazyTableGroup (l1 : com.example.trainup.model.user.Trainer.reviews.{element}.gym.location) {
                }
              }
            }
            left  join LazyTableGroup (t1 : com.example.trainup.model.user.Trainer.reviews.{element}.trainer) {
            }
          }
        }
      }
    }

2025-06-13 17:24:42.335 [main] DEBUG org.hibernate.orm.jdbc.mutation - Static SQL for collection: com.example.trainup.model.user.Trainer.reviews
2025-06-13 17:24:42.336 [main] DEBUG org.hibernate.orm.sql.ast.create - Created new SQL alias : t1_0
2025-06-13 17:24:42.336 [main] DEBUG org.hibernate.orm.sql.ast.create - Registration of TableGroup [CollectionTableGroup(com.example.trainup.model.Sport.trainers)] with identifierForTableGroup [com.example.trainup.model.Sport.trainers] for NavigablePath [com.example.trainup.model.Sport.trainers] 
2025-06-13 17:24:42.336 [main] DEBUG org.hibernate.orm.sql.ast.create - Registration of TableGroup [org.hibernate.sql.ast.tree.from.LazyTableGroup@d913d07] with identifierForTableGroup [com.example.trainup.model.Sport.trainers.{element}] for NavigablePath [com.example.trainup.model.Sport.trainers.{element}] 
2025-06-13 17:24:42.336 [main] DEBUG org.hibernate.orm.sql.ast.create - Created new SQL alias : t1_1
2025-06-13 17:24:42.336 [main] DEBUG org.hibernate.orm.sql.ast.create - Registration of TableGroup [org.hibernate.sql.ast.tree.from.LazyTableGroup@70b2705] with identifierForTableGroup [com.example.trainup.model.Sport.trainers.{element}.location] for NavigablePath [com.example.trainup.model.Sport.trainers.{element}.location] 
2025-06-13 17:24:42.338 [main] DEBUG org.hibernate.orm.sql.ast.create - Registration of TableGroup [org.hibernate.sql.ast.tree.from.LazyTableGroup@2d466702] with identifierForTableGroup [com.example.trainup.model.Sport.trainers.{element}.userCredentials] for NavigablePath [com.example.trainup.model.Sport.trainers.{element}.userCredentials] 
2025-06-13 17:24:42.338 [main] DEBUG org.hibernate.orm.sql.ast.create - Created new SQL alias : uc1_0
2025-06-13 17:24:42.338 [main] DEBUG org.hibernate.orm.sql.ast.create - Created new SQL alias : r1_0
2025-06-13 17:24:42.339 [main] DEBUG org.hibernate.orm.sql.ast.create - Registration of TableGroup [CollectionTableGroup(com.example.trainup.model.Sport.trainers.{element}.userCredentials.roles)] with identifierForTableGroup [com.example.trainup.model.Sport.trainers.{element}.userCredentials.roles] for NavigablePath [com.example.trainup.model.Sport.trainers.{element}.userCredentials.roles] 
2025-06-13 17:24:42.339 [main] DEBUG org.hibernate.orm.sql.ast.create - Registration of TableGroup [org.hibernate.sql.ast.tree.from.LazyTableGroup@788ee866] with identifierForTableGroup [com.example.trainup.model.Sport.trainers.{element}.userCredentials.roles.{element}] for NavigablePath [com.example.trainup.model.Sport.trainers.{element}.userCredentials.roles.{element}] 
2025-06-13 17:24:42.339 [main] DEBUG org.hibernate.orm.sql.ast.create - Created new SQL alias : r1_1
2025-06-13 17:24:42.339 [main] DEBUG org.hibernate.orm.results.graph.AST - DomainResult Graph:
 \-CollectionDomainResult [com.example.trainup.model.Sport.trainers]

2025-06-13 17:24:42.340 [main] DEBUG org.hibernate.orm.sql.ast.tree - SQL AST Tree:
    SelectStatement {
      FromClause {
        CollectionTableGroup (t1 : com.example.trainup.model.Sport.trainers) {
          primaryTableReference : sports_trainers as t1_0
          TableGroupJoins {
             join LazyTableGroup (t1 : com.example.trainup.model.Sport.trainers.{element}) {
              primaryTableReference : trainers as t1_1
              TableGroupJoins {
                left  join LazyTableGroup (l1 : com.example.trainup.model.Sport.trainers.{element}.location) {
                }
                left  join LazyTableGroup (uc1 : com.example.trainup.model.Sport.trainers.{element}.userCredentials) {
                  primaryTableReference : user_credentials as uc1_0
                  TableGroupJoins {
                    left  join CollectionTableGroup (r1 : com.example.trainup.model.Sport.trainers.{element}.userCredentials.roles) {
                      primaryTableReference : user_credentials_roles as r1_0
                      TableGroupJoins {
                        left  join LazyTableGroup (r1 : com.example.trainup.model.Sport.trainers.{element}.userCredentials.roles.{element}) {
                          primaryTableReference : roles as r1_1
                        }
                      }
                    }
                  }
                }
              }
            }
          }
        }
      }
    }

2025-06-13 17:24:42.340 [main] DEBUG org.hibernate.orm.jdbc.mutation - Static SQL for collection: com.example.trainup.model.Sport.trainers
2025-06-13 17:24:42.340 [main] DEBUG org.hibernate.orm.sql.ast.create - Created new SQL alias : p1_0
2025-06-13 17:24:42.340 [main] DEBUG org.hibernate.orm.sql.ast.create - Registration of TableGroup [org.hibernate.sql.ast.tree.from.OneToManyTableGroup@229ea8e1] with identifierForTableGroup [com.example.trainup.model.Gym.photos] for NavigablePath [com.example.trainup.model.Gym.photos] 
2025-06-13 17:24:42.340 [main] DEBUG org.hibernate.orm.sql.ast.create - Registration of TableGroup [StandardTableGroup(com.example.trainup.model.Gym.photos.{element})] with identifierForTableGroup [com.example.trainup.model.Gym.photos.{element}] for NavigablePath [com.example.trainup.model.Gym.photos.{element}] 
2025-06-13 17:24:42.341 [main] DEBUG org.hibernate.orm.sql.ast.create - Registration of TableGroup [org.hibernate.sql.ast.tree.from.LazyTableGroup@3c7eb5c7] with identifierForTableGroup [com.example.trainup.model.Gym.photos.{element}.gym] for NavigablePath [com.example.trainup.model.Gym.photos.{element}.gym] 
2025-06-13 17:24:42.341 [main] DEBUG org.hibernate.orm.results.graph.AST - DomainResult Graph:
 \-CollectionDomainResult [com.example.trainup.model.Gym.photos]

2025-06-13 17:24:42.341 [main] DEBUG org.hibernate.orm.sql.ast.tree - SQL AST Tree:
    SelectStatement {
      FromClause {
        OneToManyTableGroup (p1 : com.example.trainup.model.Gym.photos) {
          primaryTableReference : gym_photos as p1_0
          TableGroupJoins {
            left  join LazyTableGroup (g1 : com.example.trainup.model.Gym.photos.{element}.gym) {
            }
          }
        }
      }
    }

2025-06-13 17:24:42.342 [main] DEBUG org.hibernate.orm.jdbc.mutation - Static SQL for collection: com.example.trainup.model.Gym.photos
2025-06-13 17:24:42.342 [main] DEBUG org.hibernate.orm.sql.ast.create - Created new SQL alias : r1_0
2025-06-13 17:24:42.342 [main] DEBUG org.hibernate.orm.sql.ast.create - Registration of TableGroup [org.hibernate.sql.ast.tree.from.OneToManyTableGroup@53f43ac7] with identifierForTableGroup [com.example.trainup.model.Gym.reviews] for NavigablePath [com.example.trainup.model.Gym.reviews] 
2025-06-13 17:24:42.342 [main] DEBUG org.hibernate.orm.sql.ast.create - Registration of TableGroup [StandardTableGroup(com.example.trainup.model.Gym.reviews.{element})] with identifierForTableGroup [com.example.trainup.model.Gym.reviews.{element}] for NavigablePath [com.example.trainup.model.Gym.reviews.{element}] 
2025-06-13 17:24:42.342 [main] DEBUG org.hibernate.orm.sql.ast.create - Registration of TableGroup [org.hibernate.sql.ast.tree.from.LazyTableGroup@47a59f8] with identifierForTableGroup [com.example.trainup.model.Gym.reviews.{element}.author] for NavigablePath [com.example.trainup.model.Gym.reviews.{element}.author] 
2025-06-13 17:24:42.342 [main] DEBUG org.hibernate.orm.sql.ast.create - Registration of TableGroup [org.hibernate.sql.ast.tree.from.LazyTableGroup@4d63143d] with identifierForTableGroup [com.example.trainup.model.Gym.reviews.{element}.gym] for NavigablePath [com.example.trainup.model.Gym.reviews.{element}.gym] 
2025-06-13 17:24:42.342 [main] DEBUG org.hibernate.orm.sql.ast.create - Registration of TableGroup [org.hibernate.sql.ast.tree.from.LazyTableGroup@1b360970] with identifierForTableGroup [com.example.trainup.model.Gym.reviews.{element}.trainer] for NavigablePath [com.example.trainup.model.Gym.reviews.{element}.trainer] 
2025-06-13 17:24:42.343 [main] DEBUG org.hibernate.orm.sql.ast.create - Created new SQL alias : t1_0
2025-06-13 17:24:42.343 [main] DEBUG org.hibernate.orm.sql.ast.create - Registration of TableGroup [org.hibernate.sql.ast.tree.from.LazyTableGroup@69662ad3] with identifierForTableGroup [com.example.trainup.model.Gym.reviews.{element}.trainer.location] for NavigablePath [com.example.trainup.model.Gym.reviews.{element}.trainer.location] 
2025-06-13 17:24:42.343 [main] DEBUG org.hibernate.orm.sql.ast.create - Registration of TableGroup [org.hibernate.sql.ast.tree.from.LazyTableGroup@3f850b9e] with identifierForTableGroup [com.example.trainup.model.Gym.reviews.{element}.trainer.userCredentials] for NavigablePath [com.example.trainup.model.Gym.reviews.{element}.trainer.userCredentials] 
2025-06-13 17:24:42.343 [main] DEBUG org.hibernate.orm.sql.ast.create - Created new SQL alias : uc1_0
2025-06-13 17:24:42.343 [main] DEBUG org.hibernate.orm.results.graph.AST - DomainResult Graph:
 \-CollectionDomainResult [com.example.trainup.model.Gym.reviews]

2025-06-13 17:24:42.344 [main] DEBUG org.hibernate.orm.sql.ast.tree - SQL AST Tree:
    SelectStatement {
      FromClause {
        OneToManyTableGroup (r1 : com.example.trainup.model.Gym.reviews) {
          primaryTableReference : reviews as r1_0
          TableGroupJoins {
            left  join LazyTableGroup (a1 : com.example.trainup.model.Gym.reviews.{element}.author) {
            }
            left  join LazyTableGroup (g1 : com.example.trainup.model.Gym.reviews.{element}.gym) {
            }
            left  join LazyTableGroup (t1 : com.example.trainup.model.Gym.reviews.{element}.trainer) {
              primaryTableReference : trainers as t1_0
              TableGroupJoins {
                left  join LazyTableGroup (l1 : com.example.trainup.model.Gym.reviews.{element}.trainer.location) {
                }
                left  join LazyTableGroup (uc1 : com.example.trainup.model.Gym.reviews.{element}.trainer.userCredentials) {
                  primaryTableReference : user_credentials as uc1_0
                }
              }
            }
          }
        }
      }
    }

2025-06-13 17:24:42.344 [main] DEBUG org.hibernate.orm.jdbc.mutation - Static SQL for collection: com.example.trainup.model.Gym.reviews
2025-06-13 17:24:42.344 [main] DEBUG org.hibernate.orm.sql.ast.create - Created new SQL alias : pn1_0
2025-06-13 17:24:42.344 [main] DEBUG org.hibernate.orm.sql.ast.create - Registration of TableGroup [CollectionTableGroup(com.example.trainup.model.Gym.phoneNumbers)] with identifierForTableGroup [com.example.trainup.model.Gym.phoneNumbers] for NavigablePath [com.example.trainup.model.Gym.phoneNumbers] 
2025-06-13 17:24:42.345 [main] DEBUG org.hibernate.orm.results - Generating Fetch for collection-part : `com.example.trainup.model.Gym.phoneNumbers` -> `{element}`
2025-06-13 17:24:42.345 [main] DEBUG org.hibernate.orm.results.graph.AST - DomainResult Graph:
 \-CollectionDomainResult [com.example.trainup.model.Gym.phoneNumbers]

2025-06-13 17:24:42.345 [main] DEBUG org.hibernate.orm.sql.ast.tree - SQL AST Tree:
    SelectStatement {
      FromClause {
        CollectionTableGroup (pn1 : com.example.trainup.model.Gym.phoneNumbers) {
          primaryTableReference : gym_phone_numbers as pn1_0
        }
      }
    }

2025-06-13 17:24:42.345 [main] DEBUG org.hibernate.orm.jdbc.mutation - Static SQL for collection: com.example.trainup.model.Gym.phoneNumbers
2025-06-13 17:24:42.345 [main] DEBUG org.hibernate.orm.jdbc.mutation -  Row insert: insert into gym_phone_numbers (gym_id,phone_numbers) values (?,?)
2025-06-13 17:24:42.345 [main] DEBUG org.hibernate.orm.jdbc.mutation -  Row delete: delete from gym_phone_numbers where gym_id=? and phone_numbers=?
2025-06-13 17:24:42.346 [main] DEBUG org.hibernate.orm.jdbc.mutation -  One-shot delete: delete from gym_phone_numbers where gym_id=?
2025-06-13 17:24:42.346 [main] DEBUG org.hibernate.orm.sql.ast.create - Created new SQL alias : og1_0
2025-06-13 17:24:42.346 [main] DEBUG org.hibernate.orm.sql.ast.create - Registration of TableGroup [org.hibernate.sql.ast.tree.from.OneToManyTableGroup@7447af72] with identifierForTableGroup [com.example.trainup.model.user.GymOwner.ownedGyms] for NavigablePath [com.example.trainup.model.user.GymOwner.ownedGyms] 
2025-06-13 17:24:42.346 [main] DEBUG org.hibernate.orm.sql.ast.create - Registration of TableGroup [StandardTableGroup(com.example.trainup.model.user.GymOwner.ownedGyms.{element})] with identifierForTableGroup [com.example.trainup.model.user.GymOwner.ownedGyms.{element}] for NavigablePath [com.example.trainup.model.user.GymOwner.ownedGyms.{element}] 
2025-06-13 17:24:42.346 [main] DEBUG org.hibernate.orm.sql.ast.create - Registration of TableGroup [org.hibernate.sql.ast.tree.from.LazyTableGroup@743852d2] with identifierForTableGroup [com.example.trainup.model.user.GymOwner.ownedGyms.{element}.gymOwner] for NavigablePath [com.example.trainup.model.user.GymOwner.ownedGyms.{element}.gymOwner] 
2025-06-13 17:24:42.346 [main] DEBUG org.hibernate.orm.sql.ast.create - Registration of TableGroup [org.hibernate.sql.ast.tree.from.LazyTableGroup@4cca13b8] with identifierForTableGroup [com.example.trainup.model.user.GymOwner.ownedGyms.{element}.location] for NavigablePath [com.example.trainup.model.user.GymOwner.ownedGyms.{element}.location] 
2025-06-13 17:24:42.347 [main] DEBUG org.hibernate.orm.results.graph.AST - DomainResult Graph:
 \-CollectionDomainResult [com.example.trainup.model.user.GymOwner.ownedGyms]

2025-06-13 17:24:42.347 [main] DEBUG org.hibernate.orm.sql.ast.tree - SQL AST Tree:
    SelectStatement {
      FromClause {
        OneToManyTableGroup (og1 : com.example.trainup.model.user.GymOwner.ownedGyms) {
          primaryTableReference : gyms as og1_0
          TableGroupJoins {
            left  join LazyTableGroup (go1 : com.example.trainup.model.user.GymOwner.ownedGyms.{element}.gymOwner) {
            }
            left  join LazyTableGroup (l1 : com.example.trainup.model.user.GymOwner.ownedGyms.{element}.location) {
            }
          }
        }
      }
    }

2025-06-13 17:24:42.347 [main] DEBUG org.hibernate.orm.jdbc.mutation - Static SQL for collection: com.example.trainup.model.user.GymOwner.ownedGyms
2025-06-13 17:24:42.347 [main] DEBUG org.hibernate.orm.sql.ast.create - Created new SQL alias : r1_0
2025-06-13 17:24:42.347 [main] DEBUG org.hibernate.orm.sql.ast.create - Registration of TableGroup [CollectionTableGroup(com.example.trainup.model.user.UserCredentials.roles)] with identifierForTableGroup [com.example.trainup.model.user.UserCredentials.roles] for NavigablePath [com.example.trainup.model.user.UserCredentials.roles] 
2025-06-13 17:24:42.347 [main] DEBUG org.hibernate.orm.sql.ast.create - Registration of TableGroup [org.hibernate.sql.ast.tree.from.LazyTableGroup@2e6a3387] with identifierForTableGroup [com.example.trainup.model.user.UserCredentials.roles.{element}] for NavigablePath [com.example.trainup.model.user.UserCredentials.roles.{element}] 
2025-06-13 17:24:42.347 [main] DEBUG org.hibernate.orm.sql.ast.create - Created new SQL alias : r1_1
2025-06-13 17:24:42.348 [main] DEBUG org.hibernate.orm.results.graph.AST - DomainResult Graph:
 \-CollectionDomainResult [com.example.trainup.model.user.UserCredentials.roles]

2025-06-13 17:24:42.348 [main] DEBUG org.hibernate.orm.sql.ast.tree - SQL AST Tree:
    SelectStatement {
      FromClause {
        CollectionTableGroup (r1 : com.example.trainup.model.user.UserCredentials.roles) {
          primaryTableReference : user_credentials_roles as r1_0
          TableGroupJoins {
             join LazyTableGroup (r1 : com.example.trainup.model.user.UserCredentials.roles.{element}) {
              primaryTableReference : roles as r1_1
            }
          }
        }
      }
    }

2025-06-13 17:24:42.348 [main] DEBUG org.hibernate.orm.jdbc.mutation - Static SQL for collection: com.example.trainup.model.user.UserCredentials.roles
2025-06-13 17:24:42.348 [main] DEBUG org.hibernate.orm.jdbc.mutation -  Row insert: insert into user_credentials_roles (user_credentials_id,role_id) values (?,?)
2025-06-13 17:24:42.348 [main] DEBUG org.hibernate.orm.jdbc.mutation -  Row delete: delete from user_credentials_roles where user_credentials_id=? and role_id=?
2025-06-13 17:24:42.349 [main] DEBUG org.hibernate.orm.jdbc.mutation -  One-shot delete: delete from user_credentials_roles where user_credentials_id=?
2025-06-13 17:24:42.349 [main] DEBUG org.hibernate.orm.sql.ast.create - Created new SQL alias : a1_0
2025-06-13 17:24:42.349 [main] DEBUG org.hibernate.orm.sql.ast.create - Registration of TableGroup [CollectionTableGroup(com.example.trainup.model.Sport.athletes)] with identifierForTableGroup [com.example.trainup.model.Sport.athletes] for NavigablePath [com.example.trainup.model.Sport.athletes] 
2025-06-13 17:24:42.349 [main] DEBUG org.hibernate.orm.sql.ast.create - Registration of TableGroup [org.hibernate.sql.ast.tree.from.LazyTableGroup@75527e8b] with identifierForTableGroup [com.example.trainup.model.Sport.athletes.{element}] for NavigablePath [com.example.trainup.model.Sport.athletes.{element}] 
2025-06-13 17:24:42.349 [main] DEBUG org.hibernate.orm.sql.ast.create - Created new SQL alias : a1_1
2025-06-13 17:24:42.349 [main] DEBUG org.hibernate.orm.sql.ast.create - Registration of TableGroup [org.hibernate.sql.ast.tree.from.LazyTableGroup@152fc43a] with identifierForTableGroup [com.example.trainup.model.Sport.athletes.{element}.userCredentials] for NavigablePath [com.example.trainup.model.Sport.athletes.{element}.userCredentials] 
2025-06-13 17:24:42.349 [main] DEBUG org.hibernate.orm.sql.ast.create - Created new SQL alias : uc1_0
2025-06-13 17:24:42.350 [main] DEBUG org.hibernate.orm.sql.ast.create - Created new SQL alias : r1_0
2025-06-13 17:24:42.350 [main] DEBUG org.hibernate.orm.sql.ast.create - Registration of TableGroup [CollectionTableGroup(com.example.trainup.model.Sport.athletes.{element}.userCredentials.roles)] with identifierForTableGroup [com.example.trainup.model.Sport.athletes.{element}.userCredentials.roles] for NavigablePath [com.example.trainup.model.Sport.athletes.{element}.userCredentials.roles] 
2025-06-13 17:24:42.350 [main] DEBUG org.hibernate.orm.sql.ast.create - Registration of TableGroup [org.hibernate.sql.ast.tree.from.LazyTableGroup@2a141d18] with identifierForTableGroup [com.example.trainup.model.Sport.athletes.{element}.userCredentials.roles.{element}] for NavigablePath [com.example.trainup.model.Sport.athletes.{element}.userCredentials.roles.{element}] 
2025-06-13 17:24:42.350 [main] DEBUG org.hibernate.orm.sql.ast.create - Created new SQL alias : r1_1
2025-06-13 17:24:42.350 [main] DEBUG org.hibernate.orm.results.graph.AST - DomainResult Graph:
 \-CollectionDomainResult [com.example.trainup.model.Sport.athletes]

2025-06-13 17:24:42.350 [main] DEBUG org.hibernate.orm.sql.ast.tree - SQL AST Tree:
    SelectStatement {
      FromClause {
        CollectionTableGroup (a1 : com.example.trainup.model.Sport.athletes) {
          primaryTableReference : sports_athletes as a1_0
          TableGroupJoins {
             join LazyTableGroup (a1 : com.example.trainup.model.Sport.athletes.{element}) {
              primaryTableReference : athletes as a1_1
              TableGroupJoins {
                left  join LazyTableGroup (uc1 : com.example.trainup.model.Sport.athletes.{element}.userCredentials) {
                  primaryTableReference : user_credentials as uc1_0
                  TableGroupJoins {
                    left  join CollectionTableGroup (r1 : com.example.trainup.model.Sport.athletes.{element}.userCredentials.roles) {
                      primaryTableReference : user_credentials_roles as r1_0
                      TableGroupJoins {
                        left  join LazyTableGroup (r1 : com.example.trainup.model.Sport.athletes.{element}.userCredentials.roles.{element}) {
                          primaryTableReference : roles as r1_1
                        }
                      }
                    }
                  }
                }
              }
            }
          }
        }
      }
    }

2025-06-13 17:24:42.351 [main] DEBUG org.hibernate.orm.jdbc.mutation - Static SQL for collection: com.example.trainup.model.Sport.athletes
2025-06-13 17:24:42.351 [main] DEBUG org.hibernate.orm.jdbc.mutation -  Row insert: insert into sports_athletes (sport_id,athlete_id) values (?,?)
2025-06-13 17:24:42.351 [main] DEBUG org.hibernate.orm.jdbc.mutation -  Row delete: delete from sports_athletes where sport_id=? and athlete_id=?
2025-06-13 17:24:42.351 [main] DEBUG org.hibernate.orm.jdbc.mutation -  One-shot delete: delete from sports_athletes where sport_id=?
2025-06-13 17:24:42.351 [main] DEBUG org.hibernate.orm.sql.ast.create - Created new SQL alias : s1_0
2025-06-13 17:24:42.352 [main] DEBUG org.hibernate.orm.sql.ast.create - Registration of TableGroup [CollectionTableGroup(com.example.trainup.model.user.Athlete.sports)] with identifierForTableGroup [com.example.trainup.model.user.Athlete.sports] for NavigablePath [com.example.trainup.model.user.Athlete.sports] 
2025-06-13 17:24:42.352 [main] DEBUG org.hibernate.orm.sql.ast.create - Registration of TableGroup [org.hibernate.sql.ast.tree.from.LazyTableGroup@3ecb6df2] with identifierForTableGroup [com.example.trainup.model.user.Athlete.sports.{element}] for NavigablePath [com.example.trainup.model.user.Athlete.sports.{element}] 
2025-06-13 17:24:42.352 [main] DEBUG org.hibernate.orm.sql.ast.create - Created new SQL alias : s1_1
2025-06-13 17:24:42.352 [main] DEBUG org.hibernate.orm.results.graph.AST - DomainResult Graph:
 \-CollectionDomainResult [com.example.trainup.model.user.Athlete.sports]

2025-06-13 17:24:42.352 [main] DEBUG org.hibernate.orm.sql.ast.tree - SQL AST Tree:
    SelectStatement {
      FromClause {
        CollectionTableGroup (s1 : com.example.trainup.model.user.Athlete.sports) {
          primaryTableReference : sports_athletes as s1_0
          TableGroupJoins {
             join LazyTableGroup (s1 : com.example.trainup.model.user.Athlete.sports.{element}) {
              primaryTableReference : sports as s1_1
            }
          }
        }
      }
    }

2025-06-13 17:24:42.352 [main] DEBUG org.hibernate.orm.jdbc.mutation - Static SQL for collection: com.example.trainup.model.user.Athlete.sports
2025-06-13 17:24:42.352 [main] DEBUG org.hibernate.orm.sql.ast.create - Created new SQL alias : pn1_0
2025-06-13 17:24:42.353 [main] DEBUG org.hibernate.orm.sql.ast.create - Registration of TableGroup [CollectionTableGroup(com.example.trainup.model.user.Trainer.phoneNumbers)] with identifierForTableGroup [com.example.trainup.model.user.Trainer.phoneNumbers] for NavigablePath [com.example.trainup.model.user.Trainer.phoneNumbers] 
2025-06-13 17:24:42.353 [main] DEBUG org.hibernate.orm.results - Generating Fetch for collection-part : `com.example.trainup.model.user.Trainer.phoneNumbers` -> `{element}`
2025-06-13 17:24:42.353 [main] DEBUG org.hibernate.orm.results.graph.AST - DomainResult Graph:
 \-CollectionDomainResult [com.example.trainup.model.user.Trainer.phoneNumbers]

2025-06-13 17:24:42.353 [main] DEBUG org.hibernate.orm.sql.ast.tree - SQL AST Tree:
    SelectStatement {
      FromClause {
        CollectionTableGroup (pn1 : com.example.trainup.model.user.Trainer.phoneNumbers) {
          primaryTableReference : trainer_phone_numbers as pn1_0
        }
      }
    }

2025-06-13 17:24:42.353 [main] DEBUG org.hibernate.orm.jdbc.mutation - Static SQL for collection: com.example.trainup.model.user.Trainer.phoneNumbers
2025-06-13 17:24:42.353 [main] DEBUG org.hibernate.orm.jdbc.mutation -  Row insert: insert into trainer_phone_numbers (trainer_id,phone_numbers) values (?,?)
2025-06-13 17:24:42.353 [main] DEBUG org.hibernate.orm.jdbc.mutation -  Row delete: delete from trainer_phone_numbers where trainer_id=? and phone_numbers=?
2025-06-13 17:24:42.354 [main] DEBUG org.hibernate.orm.jdbc.mutation -  One-shot delete: delete from trainer_phone_numbers where trainer_id=?
2025-06-13 17:24:42.354 [main] DEBUG org.hibernate.orm.sql.ast.create - Created new SQL alias : pn1_0
2025-06-13 17:24:42.354 [main] DEBUG org.hibernate.orm.sql.ast.create - Registration of TableGroup [CollectionTableGroup(com.example.trainup.model.user.Athlete.phoneNumbers)] with identifierForTableGroup [com.example.trainup.model.user.Athlete.phoneNumbers] for NavigablePath [com.example.trainup.model.user.Athlete.phoneNumbers] 
2025-06-13 17:24:42.354 [main] DEBUG org.hibernate.orm.results - Generating Fetch for collection-part : `com.example.trainup.model.user.Athlete.phoneNumbers` -> `{element}`
2025-06-13 17:24:42.354 [main] DEBUG org.hibernate.orm.results.graph.AST - DomainResult Graph:
 \-CollectionDomainResult [com.example.trainup.model.user.Athlete.phoneNumbers]

2025-06-13 17:24:42.355 [main] DEBUG org.hibernate.orm.sql.ast.tree - SQL AST Tree:
    SelectStatement {
      FromClause {
        CollectionTableGroup (pn1 : com.example.trainup.model.user.Athlete.phoneNumbers) {
          primaryTableReference : athlete_phone_numbers as pn1_0
        }
      }
    }

2025-06-13 17:24:42.355 [main] DEBUG org.hibernate.orm.jdbc.mutation - Static SQL for collection: com.example.trainup.model.user.Athlete.phoneNumbers
2025-06-13 17:24:42.355 [main] DEBUG org.hibernate.orm.jdbc.mutation -  Row insert: insert into athlete_phone_numbers (athlete_id,phone_numbers) values (?,?)
2025-06-13 17:24:42.355 [main] DEBUG org.hibernate.orm.jdbc.mutation -  Row delete: delete from athlete_phone_numbers where athlete_id=? and phone_numbers=?
2025-06-13 17:24:42.355 [main] DEBUG org.hibernate.orm.jdbc.mutation -  One-shot delete: delete from athlete_phone_numbers where athlete_id=?
2025-06-13 17:24:42.356 [main] DEBUG org.hibernate.orm.sql.ast.create - Created new SQL alias : wh1_0
2025-06-13 17:24:42.356 [main] DEBUG org.hibernate.orm.sql.ast.create - Registration of TableGroup [CollectionTableGroup(com.example.trainup.model.Gym.workingHours)] with identifierForTableGroup [com.example.trainup.model.Gym.workingHours] for NavigablePath [com.example.trainup.model.Gym.workingHours] 
2025-06-13 17:24:42.356 [main] DEBUG org.hibernate.orm.sql.ast.create - Registration of TableGroup [StandardVirtualTableGroup(com.example.trainup.model.Gym.workingHours.{element})] with identifierForTableGroup [com.example.trainup.model.Gym.workingHours.{element}] for NavigablePath [com.example.trainup.model.Gym.workingHours.{element}] 
2025-06-13 17:24:42.356 [main] DEBUG org.hibernate.orm.results.graph.AST - DomainResult Graph:
 \-CollectionDomainResult [com.example.trainup.model.Gym.workingHours]

2025-06-13 17:24:42.356 [main] DEBUG org.hibernate.orm.sql.ast.tree - SQL AST Tree:
    SelectStatement {
      FromClause {
        CollectionTableGroup (wh1 : com.example.trainup.model.Gym.workingHours) {
          primaryTableReference : gym_working_hours as wh1_0
          TableGroupJoins {
             join StandardVirtualTableGroup (null : com.example.trainup.model.Gym.workingHours.{element}) {
              primaryTableReference : gym_working_hours as wh1_0
            }
          }
        }
      }
    }

2025-06-13 17:24:42.356 [main] DEBUG org.hibernate.orm.jdbc.mutation - Static SQL for collection: com.example.trainup.model.Gym.workingHours
2025-06-13 17:24:42.357 [main] DEBUG org.hibernate.orm.jdbc.mutation -  Row insert: insert into gym_working_hours (gym_id,day_of_week,end_time,start_time) values (?,?,?,?)
2025-06-13 17:24:42.357 [main] DEBUG org.hibernate.orm.jdbc.mutation -  Row delete: delete from gym_working_hours where gym_id=?
2025-06-13 17:24:42.357 [main] DEBUG org.hibernate.orm.jdbc.mutation -  One-shot delete: delete from gym_working_hours where gym_id=?
2025-06-13 17:24:42.357 [main] DEBUG org.hibernate.orm.sql.ast.create - Created new SQL alias : s1_0
2025-06-13 17:24:42.357 [main] DEBUG org.hibernate.orm.sql.ast.create - Registration of TableGroup [CollectionTableGroup(com.example.trainup.model.Gym.sports)] with identifierForTableGroup [com.example.trainup.model.Gym.sports] for NavigablePath [com.example.trainup.model.Gym.sports] 
2025-06-13 17:24:42.357 [main] DEBUG org.hibernate.orm.sql.ast.create - Registration of TableGroup [org.hibernate.sql.ast.tree.from.LazyTableGroup@30598ae5] with identifierForTableGroup [com.example.trainup.model.Gym.sports.{element}] for NavigablePath [com.example.trainup.model.Gym.sports.{element}] 
2025-06-13 17:24:42.358 [main] DEBUG org.hibernate.orm.sql.ast.create - Created new SQL alias : s1_1
2025-06-13 17:24:42.358 [main] DEBUG org.hibernate.orm.results.graph.AST - DomainResult Graph:
 \-CollectionDomainResult [com.example.trainup.model.Gym.sports]

2025-06-13 17:24:42.358 [main] DEBUG org.hibernate.orm.sql.ast.tree - SQL AST Tree:
    SelectStatement {
      FromClause {
        CollectionTableGroup (s1 : com.example.trainup.model.Gym.sports) {
          primaryTableReference : sports_gyms as s1_0
          TableGroupJoins {
             join LazyTableGroup (s1 : com.example.trainup.model.Gym.sports.{element}) {
              primaryTableReference : sports as s1_1
            }
          }
        }
      }
    }

2025-06-13 17:24:42.358 [main] DEBUG org.hibernate.orm.jdbc.mutation - Static SQL for collection: com.example.trainup.model.Gym.sports
2025-06-13 17:24:42.358 [main] DEBUG org.hibernate.orm.jdbc.mutation -  Row insert: insert into sports_gyms (gym_id,sport_id) values (?,?)
2025-06-13 17:24:42.359 [main] DEBUG org.hibernate.orm.jdbc.mutation -  Row delete: delete from sports_gyms where gym_id=? and sport_id=?
2025-06-13 17:24:42.359 [main] DEBUG org.hibernate.orm.jdbc.mutation -  One-shot delete: delete from sports_gyms where gym_id=?
2025-06-13 17:24:42.359 [main] DEBUG org.hibernate.orm.sql.ast.create - Created new SQL alias : pn1_0
2025-06-13 17:24:42.359 [main] DEBUG org.hibernate.orm.sql.ast.create - Registration of TableGroup [CollectionTableGroup(com.example.trainup.model.user.GymOwner.phoneNumbers)] with identifierForTableGroup [com.example.trainup.model.user.GymOwner.phoneNumbers] for NavigablePath [com.example.trainup.model.user.GymOwner.phoneNumbers] 
2025-06-13 17:24:42.359 [main] DEBUG org.hibernate.orm.results - Generating Fetch for collection-part : `com.example.trainup.model.user.GymOwner.phoneNumbers` -> `{element}`
2025-06-13 17:24:42.359 [main] DEBUG org.hibernate.orm.results.graph.AST - DomainResult Graph:
 \-CollectionDomainResult [com.example.trainup.model.user.GymOwner.phoneNumbers]

2025-06-13 17:24:42.359 [main] DEBUG org.hibernate.orm.sql.ast.tree - SQL AST Tree:
    SelectStatement {
      FromClause {
        CollectionTableGroup (pn1 : com.example.trainup.model.user.GymOwner.phoneNumbers) {
          primaryTableReference : gym_owner_phone_numbers as pn1_0
        }
      }
    }

2025-06-13 17:24:42.360 [main] DEBUG org.hibernate.orm.jdbc.mutation - Static SQL for collection: com.example.trainup.model.user.GymOwner.phoneNumbers
2025-06-13 17:24:42.360 [main] DEBUG org.hibernate.orm.jdbc.mutation -  Row insert: insert into gym_owner_phone_numbers (gym_owner_id,phone_numbers) values (?,?)
2025-06-13 17:24:42.360 [main] DEBUG org.hibernate.orm.jdbc.mutation -  Row delete: delete from gym_owner_phone_numbers where gym_owner_id=? and phone_numbers=?
2025-06-13 17:24:42.360 [main] DEBUG org.hibernate.orm.jdbc.mutation -  One-shot delete: delete from gym_owner_phone_numbers where gym_owner_id=?
2025-06-13 17:24:42.361 [main] DEBUG org.hibernate.orm.sql.ast.create - Created new SQL alias : t1_0
2025-06-13 17:24:42.361 [main] DEBUG org.hibernate.orm.sql.ast.create - Registration of TableGroup [CollectionTableGroup(com.example.trainup.model.Gym.trainers)] with identifierForTableGroup [com.example.trainup.model.Gym.trainers] for NavigablePath [com.example.trainup.model.Gym.trainers] 
2025-06-13 17:24:42.361 [main] DEBUG org.hibernate.orm.sql.ast.create - Registration of TableGroup [org.hibernate.sql.ast.tree.from.LazyTableGroup@77085596] with identifierForTableGroup [com.example.trainup.model.Gym.trainers.{element}] for NavigablePath [com.example.trainup.model.Gym.trainers.{element}] 
2025-06-13 17:24:42.361 [main] DEBUG org.hibernate.orm.sql.ast.create - Created new SQL alias : t1_1
2025-06-13 17:24:42.361 [main] DEBUG org.hibernate.orm.sql.ast.create - Registration of TableGroup [org.hibernate.sql.ast.tree.from.LazyTableGroup@1caf3903] with identifierForTableGroup [com.example.trainup.model.Gym.trainers.{element}.location] for NavigablePath [com.example.trainup.model.Gym.trainers.{element}.location] 
2025-06-13 17:24:42.362 [main] DEBUG org.hibernate.orm.sql.ast.create - Registration of TableGroup [org.hibernate.sql.ast.tree.from.LazyTableGroup@6e7156d0] with identifierForTableGroup [com.example.trainup.model.Gym.trainers.{element}.userCredentials] for NavigablePath [com.example.trainup.model.Gym.trainers.{element}.userCredentials] 
2025-06-13 17:24:42.362 [main] DEBUG org.hibernate.orm.sql.ast.create - Created new SQL alias : uc1_0
2025-06-13 17:24:42.362 [main] DEBUG org.hibernate.orm.sql.ast.create - Created new SQL alias : r1_0
2025-06-13 17:24:42.362 [main] DEBUG org.hibernate.orm.sql.ast.create - Registration of TableGroup [CollectionTableGroup(com.example.trainup.model.Gym.trainers.{element}.userCredentials.roles)] with identifierForTableGroup [com.example.trainup.model.Gym.trainers.{element}.userCredentials.roles] for NavigablePath [com.example.trainup.model.Gym.trainers.{element}.userCredentials.roles] 
2025-06-13 17:24:42.362 [main] DEBUG org.hibernate.orm.sql.ast.create - Registration of TableGroup [org.hibernate.sql.ast.tree.from.LazyTableGroup@7176f333] with identifierForTableGroup [com.example.trainup.model.Gym.trainers.{element}.userCredentials.roles.{element}] for NavigablePath [com.example.trainup.model.Gym.trainers.{element}.userCredentials.roles.{element}] 
2025-06-13 17:24:42.362 [main] DEBUG org.hibernate.orm.sql.ast.create - Created new SQL alias : r1_1
2025-06-13 17:24:42.363 [main] DEBUG org.hibernate.orm.results.graph.AST - DomainResult Graph:
 \-CollectionDomainResult [com.example.trainup.model.Gym.trainers]

2025-06-13 17:24:42.363 [main] DEBUG org.hibernate.orm.sql.ast.tree - SQL AST Tree:
    SelectStatement {
      FromClause {
        CollectionTableGroup (t1 : com.example.trainup.model.Gym.trainers) {
          primaryTableReference : gyms_trainers as t1_0
          TableGroupJoins {
             join LazyTableGroup (t1 : com.example.trainup.model.Gym.trainers.{element}) {
              primaryTableReference : trainers as t1_1
              TableGroupJoins {
                left  join LazyTableGroup (l1 : com.example.trainup.model.Gym.trainers.{element}.location) {
                }
                left  join LazyTableGroup (uc1 : com.example.trainup.model.Gym.trainers.{element}.userCredentials) {
                  primaryTableReference : user_credentials as uc1_0
                  TableGroupJoins {
                    left  join CollectionTableGroup (r1 : com.example.trainup.model.Gym.trainers.{element}.userCredentials.roles) {
                      primaryTableReference : user_credentials_roles as r1_0
                      TableGroupJoins {
                        left  join LazyTableGroup (r1 : com.example.trainup.model.Gym.trainers.{element}.userCredentials.roles.{element}) {
                          primaryTableReference : roles as r1_1
                        }
                      }
                    }
                  }
                }
              }
            }
          }
        }
      }
    }

2025-06-13 17:24:42.364 [main] DEBUG org.hibernate.orm.jdbc.mutation - Static SQL for collection: com.example.trainup.model.Gym.trainers
2025-06-13 17:24:42.364 [main] DEBUG org.hibernate.orm.jdbc.mutation -  Row insert: insert into gyms_trainers (gym_id,trainer_id) values (?,?)
2025-06-13 17:24:42.364 [main] DEBUG org.hibernate.orm.jdbc.mutation -  Row delete: delete from gyms_trainers where gym_id=? and trainer_id=?
2025-06-13 17:24:42.364 [main] DEBUG org.hibernate.orm.jdbc.mutation -  One-shot delete: delete from gyms_trainers where gym_id=?
2025-06-13 17:24:42.364 [main] DEBUG org.hibernate.orm.sql.ast.create - Created new SQL alias : c1_0
2025-06-13 17:24:42.365 [main] DEBUG org.hibernate.orm.sql.ast.create - Registration of TableGroup [CollectionTableGroup(com.example.trainup.model.user.Trainer.certificates)] with identifierForTableGroup [com.example.trainup.model.user.Trainer.certificates] for NavigablePath [com.example.trainup.model.user.Trainer.certificates] 
2025-06-13 17:24:42.365 [main] DEBUG org.hibernate.orm.results - Generating Fetch for collection-part : `com.example.trainup.model.user.Trainer.certificates` -> `{element}`
2025-06-13 17:24:42.365 [main] DEBUG org.hibernate.orm.results.graph.AST - DomainResult Graph:
 \-CollectionDomainResult [com.example.trainup.model.user.Trainer.certificates]

2025-06-13 17:24:42.365 [main] DEBUG org.hibernate.orm.sql.ast.tree - SQL AST Tree:
    SelectStatement {
      FromClause {
        CollectionTableGroup (c1 : com.example.trainup.model.user.Trainer.certificates) {
          primaryTableReference : trainer_certificates as c1_0
        }
      }
    }

2025-06-13 17:24:42.365 [main] DEBUG org.hibernate.orm.jdbc.mutation - Static SQL for collection: com.example.trainup.model.user.Trainer.certificates
2025-06-13 17:24:42.366 [main] DEBUG org.hibernate.orm.jdbc.mutation -  Row insert: insert into trainer_certificates (trainer_id,certificates) values (?,?)
2025-06-13 17:24:42.366 [main] DEBUG org.hibernate.orm.jdbc.mutation -  Row delete: delete from trainer_certificates where trainer_id=? and certificates=?
2025-06-13 17:24:42.366 [main] DEBUG org.hibernate.orm.jdbc.mutation -  One-shot delete: delete from trainer_certificates where trainer_id=?
2025-06-13 17:24:42.366 [main] DEBUG org.hibernate.orm.sql.ast.create - Created new SQL alias : g1_0
2025-06-13 17:24:42.366 [main] DEBUG org.hibernate.orm.sql.ast.create - Registration of TableGroup [CollectionTableGroup(com.example.trainup.model.user.Trainer.gyms)] with identifierForTableGroup [com.example.trainup.model.user.Trainer.gyms] for NavigablePath [com.example.trainup.model.user.Trainer.gyms] 
2025-06-13 17:24:42.366 [main] DEBUG org.hibernate.orm.sql.ast.create - Registration of TableGroup [org.hibernate.sql.ast.tree.from.LazyTableGroup@6e9952c9] with identifierForTableGroup [com.example.trainup.model.user.Trainer.gyms.{element}] for NavigablePath [com.example.trainup.model.user.Trainer.gyms.{element}] 
2025-06-13 17:24:42.367 [main] DEBUG org.hibernate.orm.sql.ast.create - Created new SQL alias : g1_1
2025-06-13 17:24:42.367 [main] DEBUG org.hibernate.orm.sql.ast.create - Registration of TableGroup [org.hibernate.sql.ast.tree.from.LazyTableGroup@4d39f428] with identifierForTableGroup [com.example.trainup.model.user.Trainer.gyms.{element}.gymOwner] for NavigablePath [com.example.trainup.model.user.Trainer.gyms.{element}.gymOwner] 
2025-06-13 17:24:42.367 [main] DEBUG org.hibernate.orm.sql.ast.create - Registration of TableGroup [org.hibernate.sql.ast.tree.from.LazyTableGroup@390d1898] with identifierForTableGroup [com.example.trainup.model.user.Trainer.gyms.{element}.location] for NavigablePath [com.example.trainup.model.user.Trainer.gyms.{element}.location] 
2025-06-13 17:24:42.368 [main] DEBUG org.hibernate.orm.results.graph.AST - DomainResult Graph:
 \-CollectionDomainResult [com.example.trainup.model.user.Trainer.gyms]

2025-06-13 17:24:42.368 [main] DEBUG org.hibernate.orm.sql.ast.tree - SQL AST Tree:
    SelectStatement {
      FromClause {
        CollectionTableGroup (g1 : com.example.trainup.model.user.Trainer.gyms) {
          primaryTableReference : gyms_trainers as g1_0
          TableGroupJoins {
             join LazyTableGroup (g1 : com.example.trainup.model.user.Trainer.gyms.{element}) {
              primaryTableReference : gyms as g1_1
              TableGroupJoins {
                left  join LazyTableGroup (go1 : com.example.trainup.model.user.Trainer.gyms.{element}.gymOwner) {
                }
                left  join LazyTableGroup (l1 : com.example.trainup.model.user.Trainer.gyms.{element}.location) {
                }
              }
            }
          }
        }
      }
    }

2025-06-13 17:24:42.368 [main] DEBUG org.hibernate.orm.jdbc.mutation - Static SQL for collection: com.example.trainup.model.user.Trainer.gyms
2025-06-13 17:24:42.368 [main] DEBUG org.hibernate.orm.sql.ast.create - Created new SQL alias : g1_0
2025-06-13 17:24:42.368 [main] DEBUG org.hibernate.orm.sql.ast.create - Registration of TableGroup [CollectionTableGroup(com.example.trainup.model.Sport.gyms)] with identifierForTableGroup [com.example.trainup.model.Sport.gyms] for NavigablePath [com.example.trainup.model.Sport.gyms] 
2025-06-13 17:24:42.369 [main] DEBUG org.hibernate.orm.sql.ast.create - Registration of TableGroup [org.hibernate.sql.ast.tree.from.LazyTableGroup@5c2d4bc8] with identifierForTableGroup [com.example.trainup.model.Sport.gyms.{element}] for NavigablePath [com.example.trainup.model.Sport.gyms.{element}] 
2025-06-13 17:24:42.369 [main] DEBUG org.hibernate.orm.sql.ast.create - Created new SQL alias : g1_1
2025-06-13 17:24:42.369 [main] DEBUG org.hibernate.orm.sql.ast.create - Registration of TableGroup [org.hibernate.sql.ast.tree.from.LazyTableGroup@5eb77cd1] with identifierForTableGroup [com.example.trainup.model.Sport.gyms.{element}.gymOwner] for NavigablePath [com.example.trainup.model.Sport.gyms.{element}.gymOwner] 
2025-06-13 17:24:42.369 [main] DEBUG org.hibernate.orm.sql.ast.create - Registration of TableGroup [org.hibernate.sql.ast.tree.from.LazyTableGroup@f2f7647] with identifierForTableGroup [com.example.trainup.model.Sport.gyms.{element}.location] for NavigablePath [com.example.trainup.model.Sport.gyms.{element}.location] 
2025-06-13 17:24:42.370 [main] DEBUG org.hibernate.orm.results.graph.AST - DomainResult Graph:
 \-CollectionDomainResult [com.example.trainup.model.Sport.gyms]

2025-06-13 17:24:42.370 [main] DEBUG org.hibernate.orm.sql.ast.tree - SQL AST Tree:
    SelectStatement {
      FromClause {
        CollectionTableGroup (g1 : com.example.trainup.model.Sport.gyms) {
          primaryTableReference : sports_gyms as g1_0
          TableGroupJoins {
             join LazyTableGroup (g1 : com.example.trainup.model.Sport.gyms.{element}) {
              primaryTableReference : gyms as g1_1
              TableGroupJoins {
                left  join LazyTableGroup (go1 : com.example.trainup.model.Sport.gyms.{element}.gymOwner) {
                }
                left  join LazyTableGroup (l1 : com.example.trainup.model.Sport.gyms.{element}.location) {
                }
              }
            }
          }
        }
      }
    }

2025-06-13 17:24:42.370 [main] DEBUG org.hibernate.orm.jdbc.mutation - Static SQL for collection: com.example.trainup.model.Sport.gyms
2025-06-13 17:24:42.370 [main] DEBUG org.hibernate.orm.sql.ast.create - Created new SQL alias : s1_0
2025-06-13 17:24:42.370 [main] DEBUG org.hibernate.orm.sql.ast.create - Registration of TableGroup [CollectionTableGroup(com.example.trainup.model.user.Trainer.sports)] with identifierForTableGroup [com.example.trainup.model.user.Trainer.sports] for NavigablePath [com.example.trainup.model.user.Trainer.sports] 
2025-06-13 17:24:42.371 [main] DEBUG org.hibernate.orm.sql.ast.create - Registration of TableGroup [org.hibernate.sql.ast.tree.from.LazyTableGroup@73ae00ce] with identifierForTableGroup [com.example.trainup.model.user.Trainer.sports.{element}] for NavigablePath [com.example.trainup.model.user.Trainer.sports.{element}] 
2025-06-13 17:24:42.371 [main] DEBUG org.hibernate.orm.sql.ast.create - Created new SQL alias : s1_1
2025-06-13 17:24:42.371 [main] DEBUG org.hibernate.orm.results.graph.AST - DomainResult Graph:
 \-CollectionDomainResult [com.example.trainup.model.user.Trainer.sports]

2025-06-13 17:24:42.371 [main] DEBUG org.hibernate.orm.sql.ast.tree - SQL AST Tree:
    SelectStatement {
      FromClause {
        CollectionTableGroup (s1 : com.example.trainup.model.user.Trainer.sports) {
          primaryTableReference : sports_trainers as s1_0
          TableGroupJoins {
             join LazyTableGroup (s1 : com.example.trainup.model.user.Trainer.sports.{element}) {
              primaryTableReference : sports as s1_1
            }
          }
        }
      }
    }

2025-06-13 17:24:42.371 [main] DEBUG org.hibernate.orm.jdbc.mutation - Static SQL for collection: com.example.trainup.model.user.Trainer.sports
2025-06-13 17:24:42.372 [main] DEBUG org.hibernate.orm.jdbc.mutation -  Row insert: insert into sports_trainers (trainer_id,sport_id) values (?,?)
2025-06-13 17:24:42.372 [main] DEBUG org.hibernate.orm.jdbc.mutation -  Row delete: delete from sports_trainers where trainer_id=? and sport_id=?
2025-06-13 17:24:42.372 [main] DEBUG org.hibernate.orm.jdbc.mutation -  One-shot delete: delete from sports_trainers where trainer_id=?
2025-06-13 17:24:42.372 [main] DEBUG org.hibernate.orm.sql.ast.create - Created new SQL alias : t1_0
2025-06-13 17:24:42.373 [main] DEBUG org.hibernate.orm.sql.ast.create - Registration of TableGroup [org.hibernate.sql.ast.tree.from.OneToManyTableGroup@22d7a483] with identifierForTableGroup [com.example.trainup.model.Address.trainers] for NavigablePath [com.example.trainup.model.Address.trainers] 
2025-06-13 17:24:42.373 [main] DEBUG org.hibernate.orm.sql.ast.create - Registration of TableGroup [StandardTableGroup(com.example.trainup.model.Address.trainers.{element})] with identifierForTableGroup [com.example.trainup.model.Address.trainers.{element}] for NavigablePath [com.example.trainup.model.Address.trainers.{element}] 
2025-06-13 17:24:42.373 [main] DEBUG org.hibernate.orm.sql.ast.create - Registration of TableGroup [org.hibernate.sql.ast.tree.from.LazyTableGroup@18ba78a2] with identifierForTableGroup [com.example.trainup.model.Address.trainers.{element}.location] for NavigablePath [com.example.trainup.model.Address.trainers.{element}.location] 
2025-06-13 17:24:42.373 [main] DEBUG org.hibernate.orm.sql.ast.create - Registration of TableGroup [org.hibernate.sql.ast.tree.from.LazyTableGroup@4dac25ec] with identifierForTableGroup [com.example.trainup.model.Address.trainers.{element}.userCredentials] for NavigablePath [com.example.trainup.model.Address.trainers.{element}.userCredentials] 
2025-06-13 17:24:42.374 [main] DEBUG org.hibernate.orm.sql.ast.create - Created new SQL alias : uc1_0
2025-06-13 17:24:42.374 [main] DEBUG org.hibernate.orm.sql.ast.create - Created new SQL alias : r1_0
2025-06-13 17:24:42.374 [main] DEBUG org.hibernate.orm.sql.ast.create - Registration of TableGroup [CollectionTableGroup(com.example.trainup.model.Address.trainers.{element}.userCredentials.roles)] with identifierForTableGroup [com.example.trainup.model.Address.trainers.{element}.userCredentials.roles] for NavigablePath [com.example.trainup.model.Address.trainers.{element}.userCredentials.roles] 
2025-06-13 17:24:42.374 [main] DEBUG org.hibernate.orm.sql.ast.create - Registration of TableGroup [org.hibernate.sql.ast.tree.from.LazyTableGroup@223c6abf] with identifierForTableGroup [com.example.trainup.model.Address.trainers.{element}.userCredentials.roles.{element}] for NavigablePath [com.example.trainup.model.Address.trainers.{element}.userCredentials.roles.{element}] 
2025-06-13 17:24:42.374 [main] DEBUG org.hibernate.orm.sql.ast.create - Created new SQL alias : r1_1
2025-06-13 17:24:42.375 [main] DEBUG org.hibernate.orm.results.graph.AST - DomainResult Graph:
 \-CollectionDomainResult [com.example.trainup.model.Address.trainers]

2025-06-13 17:24:42.375 [main] DEBUG org.hibernate.orm.sql.ast.tree - SQL AST Tree:
    SelectStatement {
      FromClause {
        OneToManyTableGroup (t1 : com.example.trainup.model.Address.trainers) {
          primaryTableReference : trainers as t1_0
          TableGroupJoins {
            left  join LazyTableGroup (l1 : com.example.trainup.model.Address.trainers.{element}.location) {
            }
            left  join LazyTableGroup (uc1 : com.example.trainup.model.Address.trainers.{element}.userCredentials) {
              primaryTableReference : user_credentials as uc1_0
              TableGroupJoins {
                left  join CollectionTableGroup (r1 : com.example.trainup.model.Address.trainers.{element}.userCredentials.roles) {
                  primaryTableReference : user_credentials_roles as r1_0
                  TableGroupJoins {
                    left  join LazyTableGroup (r1 : com.example.trainup.model.Address.trainers.{element}.userCredentials.roles.{element}) {
                      primaryTableReference : roles as r1_1
                    }
                  }
                }
              }
            }
          }
        }
      }
    }

2025-06-13 17:24:42.376 [main] DEBUG org.hibernate.orm.jdbc.mutation - Static SQL for collection: com.example.trainup.model.Address.trainers
2025-06-13 17:24:42.513 [main] INFO  org.hibernate.engine.transaction.jta.platform.internal.JtaPlatformInitiator - HHH000489: No JTA platform available (set 'hibernate.transaction.jta.platform' to enable JTA platform integration)
2025-06-13 17:24:42.513 [main] DEBUG org.hibernate.type.spi.TypeConfiguration$Scope - Scoping TypeConfiguration [org.hibernate.type.spi.TypeConfiguration@61df097d] to SessionFactoryImplementor [org.hibernate.internal.SessionFactoryImpl@3541da3c]
2025-06-13 17:24:42.513 [main] DEBUG org.hibernate.query.named.NamedObjectRepository - Checking 0 named HQL queries
2025-06-13 17:24:42.513 [main] DEBUG org.hibernate.query.named.NamedObjectRepository - Checking 0 named SQL queries
2025-06-13 17:24:42.514 [main] DEBUG org.hibernate.SQL - 
    set client_min_messages = WARNING
Hibernate: 
    set client_min_messages = WARNING
2025-06-13 17:24:42.514 [main] WARN  org.hibernate.tool.schema.internal.ExceptionHandlerLoggedImpl - GenerationTarget encountered exception accepting command : Error executing DDL "
    set client_min_messages = WARNING" via JDBC [Syntax error in SQL statement "\000a    set [*]client_min_messages = WARNING"; expected "@, AUTOCOMMIT, EXCLUSIVE, IGNORECASE, PASSWORD, SALT, MODE, DATABASE, COLLATION, CLUSTER, DATABASE_EVENT_LISTENER, ALLOW_LITERALS, DEFAULT_TABLE_TYPE, SCHEMA, CATALOG, SCHEMA_SEARCH_PATH, JAVA_OBJECT_SERIALIZER, IGNORE_CATALOGS, SESSION, TRANSACTION, TIME, NON_KEYWORDS, DEFAULT_NULL_ORDERING";]
org.hibernate.tool.schema.spi.CommandAcceptanceException: Error executing DDL "
    set client_min_messages = WARNING" via JDBC [Syntax error in SQL statement "\000a    set [*]client_min_messages = WARNING"; expected "@, AUTOCOMMIT, EXCLUSIVE, IGNORECASE, PASSWORD, SALT, MODE, DATABASE, COLLATION, CLUSTER, DATABASE_EVENT_LISTENER, ALLOW_LITERALS, DEFAULT_TABLE_TYPE, SCHEMA, CATALOG, SCHEMA_SEARCH_PATH, JAVA_OBJECT_SERIALIZER, IGNORE_CATALOGS, SESSION, TRANSACTION, TIME, NON_KEYWORDS, DEFAULT_NULL_ORDERING";]
	at org.hibernate.tool.schema.internal.exec.GenerationTargetToDatabase.accept(GenerationTargetToDatabase.java:94) ~[hibernate-core-6.6.8.Final.jar:6.6.8.Final]
	at org.hibernate.tool.schema.internal.Helper.applySqlString(Helper.java:233) ~[hibernate-core-6.6.8.Final.jar:6.6.8.Final]
	at org.hibernate.tool.schema.internal.SchemaDropperImpl.dropFromMetadata(SchemaDropperImpl.java:213) ~[hibernate-core-6.6.8.Final.jar:6.6.8.Final]
	at org.hibernate.tool.schema.internal.SchemaDropperImpl.performDrop(SchemaDropperImpl.java:186) ~[hibernate-core-6.6.8.Final.jar:6.6.8.Final]
	at org.hibernate.tool.schema.internal.SchemaDropperImpl.doDrop(SchemaDropperImpl.java:156) ~[hibernate-core-6.6.8.Final.jar:6.6.8.Final]
	at org.hibernate.tool.schema.internal.SchemaDropperImpl.doDrop(SchemaDropperImpl.java:116) ~[hibernate-core-6.6.8.Final.jar:6.6.8.Final]
	at org.hibernate.tool.schema.spi.SchemaManagementToolCoordinator.performDatabaseAction(SchemaManagementToolCoordinator.java:238) ~[hibernate-core-6.6.8.Final.jar:6.6.8.Final]
	at org.hibernate.tool.schema.spi.SchemaManagementToolCoordinator.lambda$process$5(SchemaManagementToolCoordinator.java:144) ~[hibernate-core-6.6.8.Final.jar:6.6.8.Final]
	at java.base/java.util.HashMap.forEach(HashMap.java:1421) ~[?:?]
	at org.hibernate.tool.schema.spi.SchemaManagementToolCoordinator.process(SchemaManagementToolCoordinator.java:141) ~[hibernate-core-6.6.8.Final.jar:6.6.8.Final]
	at org.hibernate.boot.internal.SessionFactoryObserverForSchemaExport.sessionFactoryCreated(SessionFactoryObserverForSchemaExport.java:37) ~[hibernate-core-6.6.8.Final.jar:6.6.8.Final]
	at org.hibernate.internal.SessionFactoryObserverChain.sessionFactoryCreated(SessionFactoryObserverChain.java:35) ~[hibernate-core-6.6.8.Final.jar:6.6.8.Final]
	at org.hibernate.internal.SessionFactoryImpl.<init>(SessionFactoryImpl.java:324) ~[hibernate-core-6.6.8.Final.jar:6.6.8.Final]
	at org.hibernate.boot.internal.SessionFactoryBuilderImpl.build(SessionFactoryBuilderImpl.java:463) ~[hibernate-core-6.6.8.Final.jar:6.6.8.Final]
	at org.hibernate.jpa.boot.internal.EntityManagerFactoryBuilderImpl.build(EntityManagerFactoryBuilderImpl.java:1517) ~[hibernate-core-6.6.8.Final.jar:6.6.8.Final]
	at org.springframework.orm.jpa.vendor.SpringHibernateJpaPersistenceProvider.createContainerEntityManagerFactory(SpringHibernateJpaPersistenceProvider.java:66) ~[spring-orm-6.2.3.jar:6.2.3]
	at org.springframework.orm.jpa.LocalContainerEntityManagerFactoryBean.createNativeEntityManagerFactory(LocalContainerEntityManagerFactoryBean.java:390) ~[spring-orm-6.2.3.jar:6.2.3]
	at org.springframework.orm.jpa.AbstractEntityManagerFactoryBean.buildNativeEntityManagerFactory(AbstractEntityManagerFactoryBean.java:419) ~[spring-orm-6.2.3.jar:6.2.3]
	at org.springframework.orm.jpa.AbstractEntityManagerFactoryBean.afterPropertiesSet(AbstractEntityManagerFactoryBean.java:400) ~[spring-orm-6.2.3.jar:6.2.3]
	at org.springframework.orm.jpa.LocalContainerEntityManagerFactoryBean.afterPropertiesSet(LocalContainerEntityManagerFactoryBean.java:366) ~[spring-orm-6.2.3.jar:6.2.3]
	at org.springframework.beans.factory.support.AbstractAutowireCapableBeanFactory.invokeInitMethods(AbstractAutowireCapableBeanFactory.java:1859) ~[spring-beans-6.2.3.jar:6.2.3]
	at org.springframework.beans.factory.support.AbstractAutowireCapableBeanFactory.initializeBean(AbstractAutowireCapableBeanFactory.java:1808) ~[spring-beans-6.2.3.jar:6.2.3]
	at org.springframework.beans.factory.support.AbstractAutowireCapableBeanFactory.doCreateBean(AbstractAutowireCapableBeanFactory.java:601) ~[spring-beans-6.2.3.jar:6.2.3]
	at org.springframework.beans.factory.support.AbstractAutowireCapableBeanFactory.createBean(AbstractAutowireCapableBeanFactory.java:523) ~[spring-beans-6.2.3.jar:6.2.3]
	at org.springframework.beans.factory.support.AbstractBeanFactory.lambda$doGetBean$0(AbstractBeanFactory.java:339) ~[spring-beans-6.2.3.jar:6.2.3]
	at org.springframework.beans.factory.support.DefaultSingletonBeanRegistry.getSingleton(DefaultSingletonBeanRegistry.java:346) ~[spring-beans-6.2.3.jar:6.2.3]
	at org.springframework.beans.factory.support.AbstractBeanFactory.doGetBean(AbstractBeanFactory.java:337) ~[spring-beans-6.2.3.jar:6.2.3]
	at org.springframework.beans.factory.support.AbstractBeanFactory.getBean(AbstractBeanFactory.java:207) ~[spring-beans-6.2.3.jar:6.2.3]
	at org.springframework.context.support.AbstractApplicationContext.finishBeanFactoryInitialization(AbstractApplicationContext.java:970) ~[spring-context-6.2.3.jar:6.2.3]
	at org.springframework.context.support.AbstractApplicationContext.refresh(AbstractApplicationContext.java:627) ~[spring-context-6.2.3.jar:6.2.3]
	at org.springframework.boot.SpringApplication.refresh(SpringApplication.java:752) ~[spring-boot-3.4.3.jar:3.4.3]
	at org.springframework.boot.SpringApplication.refreshContext(SpringApplication.java:439) ~[spring-boot-3.4.3.jar:3.4.3]
	at org.springframework.boot.SpringApplication.run(SpringApplication.java:318) ~[spring-boot-3.4.3.jar:3.4.3]
	at org.springframework.boot.test.context.SpringBootContextLoader.lambda$loadContext$3(SpringBootContextLoader.java:137) ~[spring-boot-test-3.4.3.jar:3.4.3]
	at org.springframework.util.function.ThrowingSupplier.get(ThrowingSupplier.java:58) ~[spring-core-6.2.3.jar:6.2.3]
	at org.springframework.util.function.ThrowingSupplier.get(ThrowingSupplier.java:46) ~[spring-core-6.2.3.jar:6.2.3]
	at org.springframework.boot.SpringApplication.withHook(SpringApplication.java:1461) ~[spring-boot-3.4.3.jar:3.4.3]
	at org.springframework.boot.test.context.SpringBootContextLoader$ContextLoaderHook.run(SpringBootContextLoader.java:553) ~[spring-boot-test-3.4.3.jar:3.4.3]
	at org.springframework.boot.test.context.SpringBootContextLoader.loadContext(SpringBootContextLoader.java:137) ~[spring-boot-test-3.4.3.jar:3.4.3]
	at org.springframework.boot.test.context.SpringBootContextLoader.loadContext(SpringBootContextLoader.java:108) ~[spring-boot-test-3.4.3.jar:3.4.3]
	at org.springframework.test.context.cache.DefaultCacheAwareContextLoaderDelegate.loadContextInternal(DefaultCacheAwareContextLoaderDelegate.java:225) ~[spring-test-6.2.3.jar:6.2.3]
	at org.springframework.test.context.cache.DefaultCacheAwareContextLoaderDelegate.loadContext(DefaultCacheAwareContextLoaderDelegate.java:152) ~[spring-test-6.2.3.jar:6.2.3]
	at org.springframework.test.context.support.DefaultTestContext.getApplicationContext(DefaultTestContext.java:130) ~[spring-test-6.2.3.jar:6.2.3]
	at org.springframework.test.context.web.ServletTestExecutionListener.setUpRequestContextIfNecessary(ServletTestExecutionListener.java:200) ~[spring-test-6.2.3.jar:6.2.3]
	at org.springframework.test.context.web.ServletTestExecutionListener.prepareTestInstance(ServletTestExecutionListener.java:139) ~[spring-test-6.2.3.jar:6.2.3]
	at org.springframework.test.context.TestContextManager.prepareTestInstance(TestContextManager.java:260) ~[spring-test-6.2.3.jar:6.2.3]
	at org.springframework.test.context.junit.jupiter.SpringExtension.postProcessTestInstance(SpringExtension.java:160) ~[spring-test-6.2.3.jar:6.2.3]
	at org.junit.jupiter.engine.descriptor.ClassBasedTestDescriptor.lambda$invokeTestInstancePostProcessors$11(ClassBasedTestDescriptor.java:378) ~[junit-jupiter-engine-5.11.4.jar:5.11.4]
	at org.junit.jupiter.engine.descriptor.ClassBasedTestDescriptor.executeAndMaskThrowable(ClassBasedTestDescriptor.java:383) ~[junit-jupiter-engine-5.11.4.jar:5.11.4]
	at org.junit.jupiter.engine.descriptor.ClassBasedTestDescriptor.lambda$invokeTestInstancePostProcessors$12(ClassBasedTestDescriptor.java:378) ~[junit-jupiter-engine-5.11.4.jar:5.11.4]
	at java.base/java.util.stream.ForEachOps$ForEachOp$OfRef.accept(ForEachOps.java:183) ~[?:?]
	at java.base/java.util.stream.ReferencePipeline$3$1.accept(ReferencePipeline.java:197) ~[?:?]
	at java.base/java.util.stream.ReferencePipeline$2$1.accept(ReferencePipeline.java:179) ~[?:?]
	at java.base/java.util.stream.ReferencePipeline$3$1.accept(ReferencePipeline.java:197) ~[?:?]
	at java.base/java.util.ArrayList$ArrayListSpliterator.forEachRemaining(ArrayList.java:1625) ~[?:?]
	at java.base/java.util.stream.AbstractPipeline.copyInto(AbstractPipeline.java:509) ~[?:?]
	at java.base/java.util.stream.AbstractPipeline.wrapAndCopyInto(AbstractPipeline.java:499) ~[?:?]
	at java.base/java.util.stream.ForEachOps$ForEachOp.evaluateSequential(ForEachOps.java:150) ~[?:?]
	at java.base/java.util.stream.ForEachOps$ForEachOp$OfRef.evaluateSequential(ForEachOps.java:173) ~[?:?]
	at java.base/java.util.stream.AbstractPipeline.evaluate(AbstractPipeline.java:234) ~[?:?]
	at java.base/java.util.stream.ReferencePipeline.forEach(ReferencePipeline.java:596) ~[?:?]
	at org.junit.jupiter.engine.descriptor.ClassBasedTestDescriptor.invokeTestInstancePostProcessors(ClassBasedTestDescriptor.java:377) ~[junit-jupiter-engine-5.11.4.jar:5.11.4]
	at org.junit.jupiter.engine.descriptor.ClassBasedTestDescriptor.lambda$instantiateAndPostProcessTestInstance$7(ClassBasedTestDescriptor.java:290) ~[junit-jupiter-engine-5.11.4.jar:5.11.4]
	at org.junit.platform.engine.support.hierarchical.ThrowableCollector.execute(ThrowableCollector.java:73) ~[junit-platform-engine-1.11.4.jar:1.11.4]
	at org.junit.jupiter.engine.descriptor.ClassBasedTestDescriptor.instantiateAndPostProcessTestInstance(ClassBasedTestDescriptor.java:289) ~[junit-jupiter-engine-5.11.4.jar:5.11.4]
	at org.junit.jupiter.engine.descriptor.ClassBasedTestDescriptor.lambda$testInstancesProvider$5(ClassBasedTestDescriptor.java:279) ~[junit-jupiter-engine-5.11.4.jar:5.11.4]
	at java.base/java.util.Optional.orElseGet(Optional.java:364) ~[?:?]
	at org.junit.jupiter.engine.descriptor.ClassBasedTestDescriptor.lambda$testInstancesProvider$6(ClassBasedTestDescriptor.java:278) ~[junit-jupiter-engine-5.11.4.jar:5.11.4]
	at org.junit.jupiter.engine.execution.TestInstancesProvider.getTestInstances(TestInstancesProvider.java:31) ~[junit-jupiter-engine-5.11.4.jar:5.11.4]
	at org.junit.jupiter.engine.descriptor.TestMethodTestDescriptor.lambda$prepare$1(TestMethodTestDescriptor.java:105) ~[junit-jupiter-engine-5.11.4.jar:5.11.4]
	at org.junit.platform.engine.support.hierarchical.ThrowableCollector.execute(ThrowableCollector.java:73) ~[junit-platform-engine-1.11.4.jar:1.11.4]
	at org.junit.jupiter.engine.descriptor.TestMethodTestDescriptor.prepare(TestMethodTestDescriptor.java:104) ~[junit-jupiter-engine-5.11.4.jar:5.11.4]
	at org.junit.jupiter.engine.descriptor.TestMethodTestDescriptor.prepare(TestMethodTestDescriptor.java:68) ~[junit-jupiter-engine-5.11.4.jar:5.11.4]
	at org.junit.platform.engine.support.hierarchical.NodeTestTask.lambda$prepare$2(NodeTestTask.java:128) ~[junit-platform-engine-1.11.4.jar:1.11.4]
	at org.junit.platform.engine.support.hierarchical.ThrowableCollector.execute(ThrowableCollector.java:73) ~[junit-platform-engine-1.11.4.jar:1.11.4]
	at org.junit.platform.engine.support.hierarchical.NodeTestTask.prepare(NodeTestTask.java:128) ~[junit-platform-engine-1.11.4.jar:1.11.4]
	at org.junit.platform.engine.support.hierarchical.NodeTestTask.execute(NodeTestTask.java:95) ~[junit-platform-engine-1.11.4.jar:1.11.4]
	at java.base/java.util.ArrayList.forEach(ArrayList.java:1511) ~[?:?]
	at org.junit.platform.engine.support.hierarchical.SameThreadHierarchicalTestExecutorService.invokeAll(SameThreadHierarchicalTestExecutorService.java:41) ~[junit-platform-engine-1.11.4.jar:1.11.4]
	at org.junit.platform.engine.support.hierarchical.NodeTestTask.lambda$executeRecursively$6(NodeTestTask.java:160) ~[junit-platform-engine-1.11.4.jar:1.11.4]
	at org.junit.platform.engine.support.hierarchical.ThrowableCollector.execute(ThrowableCollector.java:73) ~[junit-platform-engine-1.11.4.jar:1.11.4]
	at org.junit.platform.engine.support.hierarchical.NodeTestTask.lambda$executeRecursively$8(NodeTestTask.java:146) ~[junit-platform-engine-1.11.4.jar:1.11.4]
	at org.junit.platform.engine.support.hierarchical.Node.around(Node.java:137) ~[junit-platform-engine-1.11.4.jar:1.11.4]
	at org.junit.platform.engine.support.hierarchical.NodeTestTask.lambda$executeRecursively$9(NodeTestTask.java:144) ~[junit-platform-engine-1.11.4.jar:1.11.4]
	at org.junit.platform.engine.support.hierarchical.ThrowableCollector.execute(ThrowableCollector.java:73) ~[junit-platform-engine-1.11.4.jar:1.11.4]
	at org.junit.platform.engine.support.hierarchical.NodeTestTask.executeRecursively(NodeTestTask.java:143) ~[junit-platform-engine-1.11.4.jar:1.11.4]
	at org.junit.platform.engine.support.hierarchical.NodeTestTask.execute(NodeTestTask.java:100) ~[junit-platform-engine-1.11.4.jar:1.11.4]
	at java.base/java.util.ArrayList.forEach(ArrayList.java:1511) ~[?:?]
	at org.junit.platform.engine.support.hierarchical.SameThreadHierarchicalTestExecutorService.invokeAll(SameThreadHierarchicalTestExecutorService.java:41) ~[junit-platform-engine-1.11.4.jar:1.11.4]
	at org.junit.platform.engine.support.hierarchical.NodeTestTask.lambda$executeRecursively$6(NodeTestTask.java:160) ~[junit-platform-engine-1.11.4.jar:1.11.4]
	at org.junit.platform.engine.support.hierarchical.ThrowableCollector.execute(ThrowableCollector.java:73) ~[junit-platform-engine-1.11.4.jar:1.11.4]
	at org.junit.platform.engine.support.hierarchical.NodeTestTask.lambda$executeRecursively$8(NodeTestTask.java:146) ~[junit-platform-engine-1.11.4.jar:1.11.4]
	at org.junit.platform.engine.support.hierarchical.Node.around(Node.java:137) ~[junit-platform-engine-1.11.4.jar:1.11.4]
	at org.junit.platform.engine.support.hierarchical.NodeTestTask.lambda$executeRecursively$9(NodeTestTask.java:144) ~[junit-platform-engine-1.11.4.jar:1.11.4]
	at org.junit.platform.engine.support.hierarchical.ThrowableCollector.execute(ThrowableCollector.java:73) ~[junit-platform-engine-1.11.4.jar:1.11.4]
	at org.junit.platform.engine.support.hierarchical.NodeTestTask.executeRecursively(NodeTestTask.java:143) ~[junit-platform-engine-1.11.4.jar:1.11.4]
	at org.junit.platform.engine.support.hierarchical.NodeTestTask.execute(NodeTestTask.java:100) ~[junit-platform-engine-1.11.4.jar:1.11.4]
	at org.junit.platform.engine.support.hierarchical.SameThreadHierarchicalTestExecutorService.submit(SameThreadHierarchicalTestExecutorService.java:35) ~[junit-platform-engine-1.11.4.jar:1.11.4]
	at org.junit.platform.engine.support.hierarchical.HierarchicalTestExecutor.execute(HierarchicalTestExecutor.java:57) ~[junit-platform-engine-1.11.4.jar:1.11.4]
	at org.junit.platform.engine.support.hierarchical.HierarchicalTestEngine.execute(HierarchicalTestEngine.java:54) ~[junit-platform-engine-1.11.4.jar:1.11.4]
	at org.junit.platform.launcher.core.EngineExecutionOrchestrator.execute(EngineExecutionOrchestrator.java:198) ~[junit-platform-launcher-1.11.4.jar:1.11.4]
	at org.junit.platform.launcher.core.EngineExecutionOrchestrator.execute(EngineExecutionOrchestrator.java:169) ~[junit-platform-launcher-1.11.4.jar:1.11.4]
	at org.junit.platform.launcher.core.EngineExecutionOrchestrator.execute(EngineExecutionOrchestrator.java:93) ~[junit-platform-launcher-1.11.4.jar:1.11.4]
	at org.junit.platform.launcher.core.EngineExecutionOrchestrator.lambda$execute$0(EngineExecutionOrchestrator.java:58) ~[junit-platform-launcher-1.11.4.jar:1.11.4]
	at org.junit.platform.launcher.core.EngineExecutionOrchestrator.withInterceptedStreams(EngineExecutionOrchestrator.java:141) [junit-platform-launcher-1.11.4.jar:1.11.4]
	at org.junit.platform.launcher.core.EngineExecutionOrchestrator.execute(EngineExecutionOrchestrator.java:57) [junit-platform-launcher-1.11.4.jar:1.11.4]
	at org.junit.platform.launcher.core.DefaultLauncher.execute(DefaultLauncher.java:103) [junit-platform-launcher-1.11.4.jar:1.11.4]
	at org.junit.platform.launcher.core.DefaultLauncher.execute(DefaultLauncher.java:85) [junit-platform-launcher-1.11.4.jar:1.11.4]
	at org.junit.platform.launcher.core.DelegatingLauncher.execute(DelegatingLauncher.java:47) [junit-platform-launcher-1.11.4.jar:1.11.4]
	at org.apache.maven.surefire.junitplatform.LazyLauncher.execute(LazyLauncher.java:56) [surefire-junit-platform-3.5.2.jar:3.5.2]
	at org.apache.maven.surefire.junitplatform.JUnitPlatformProvider.execute(JUnitPlatformProvider.java:184) [surefire-junit-platform-3.5.2.jar:3.5.2]
	at org.apache.maven.surefire.junitplatform.JUnitPlatformProvider.invokeAllTests(JUnitPlatformProvider.java:148) [surefire-junit-platform-3.5.2.jar:3.5.2]
	at org.apache.maven.surefire.junitplatform.JUnitPlatformProvider.invoke(JUnitPlatformProvider.java:122) [surefire-junit-platform-3.5.2.jar:3.5.2]
	at org.apache.maven.surefire.booter.ForkedBooter.runSuitesInProcess(ForkedBooter.java:385) [surefire-booter-3.5.2.jar:3.5.2]
	at org.apache.maven.surefire.booter.ForkedBooter.execute(ForkedBooter.java:162) [surefire-booter-3.5.2.jar:3.5.2]
	at org.apache.maven.surefire.booter.ForkedBooter.run(ForkedBooter.java:507) [surefire-booter-3.5.2.jar:3.5.2]
	at org.apache.maven.surefire.booter.ForkedBooter.main(ForkedBooter.java:495) [surefire-booter-3.5.2.jar:3.5.2]
Caused by: org.h2.jdbc.JdbcSQLSyntaxErrorException: Syntax error in SQL statement "\000a    set [*]client_min_messages = WARNING"; expected "@, AUTOCOMMIT, EXCLUSIVE, IGNORECASE, PASSWORD, SALT, MODE, DATABASE, COLLATION, CLUSTER, DATABASE_EVENT_LISTENER, ALLOW_LITERALS, DEFAULT_TABLE_TYPE, SCHEMA, CATALOG, SCHEMA_SEARCH_PATH, JAVA_OBJECT_SERIALIZER, IGNORE_CATALOGS, SESSION, TRANSACTION, TIME, NON_KEYWORDS, DEFAULT_NULL_ORDERING"; SQL statement:

    set client_min_messages = WARNING [42001-232]
	at org.h2.message.DbException.getJdbcSQLException(DbException.java:514) ~[h2-2.3.232.jar:2.3.232]
	at org.h2.message.DbException.getJdbcSQLException(DbException.java:489) ~[h2-2.3.232.jar:2.3.232]
	at org.h2.message.DbException.getSyntaxError(DbException.java:261) ~[h2-2.3.232.jar:2.3.232]
	at org.h2.command.ParserBase.getSyntaxError(ParserBase.java:762) ~[h2-2.3.232.jar:2.3.232]
	at org.h2.command.Parser.parseSet(Parser.java:7592) ~[h2-2.3.232.jar:2.3.232]
	at org.h2.command.Parser.parsePrepared(Parser.java:614) ~[h2-2.3.232.jar:2.3.232]
	at org.h2.command.Parser.parse(Parser.java:581) ~[h2-2.3.232.jar:2.3.232]
	at org.h2.command.Parser.parse(Parser.java:561) ~[h2-2.3.232.jar:2.3.232]
	at org.h2.command.Parser.prepareCommand(Parser.java:484) ~[h2-2.3.232.jar:2.3.232]
	at org.h2.engine.SessionLocal.prepareLocal(SessionLocal.java:645) ~[h2-2.3.232.jar:2.3.232]
	at org.h2.engine.SessionLocal.prepareCommand(SessionLocal.java:561) ~[h2-2.3.232.jar:2.3.232]
	at org.h2.jdbc.JdbcConnection.prepareCommand(JdbcConnection.java:1164) ~[h2-2.3.232.jar:2.3.232]
	at org.h2.jdbc.JdbcStatement.executeInternal(JdbcStatement.java:245) ~[h2-2.3.232.jar:2.3.232]
	at org.h2.jdbc.JdbcStatement.execute(JdbcStatement.java:231) ~[h2-2.3.232.jar:2.3.232]
	at com.zaxxer.hikari.pool.ProxyStatement.execute(ProxyStatement.java:94) ~[HikariCP-5.1.0.jar:?]
	at com.zaxxer.hikari.pool.HikariProxyStatement.execute(HikariProxyStatement.java) ~[HikariCP-5.1.0.jar:?]
	at org.hibernate.tool.schema.internal.exec.GenerationTargetToDatabase.accept(GenerationTargetToDatabase.java:80) ~[hibernate-core-6.6.8.Final.jar:6.6.8.Final]
	... 116 more
2025-06-13 17:24:42.517 [main] DEBUG org.hibernate.SQL - 
    alter table if exists admins 
       drop constraint if exists FK600ih02qklqf2htcba7s8kh2x
Hibernate: 
    alter table if exists admins 
       drop constraint if exists FK600ih02qklqf2htcba7s8kh2x
2025-06-13 17:24:42.518 [main] DEBUG org.hibernate.SQL - 
    alter table if exists athlete_phone_numbers 
       drop constraint if exists FKsq6lhkmkpo055uq5v7xvkhawr
Hibernate: 
    alter table if exists athlete_phone_numbers 
       drop constraint if exists FKsq6lhkmkpo055uq5v7xvkhawr
2025-06-13 17:24:42.518 [main] DEBUG org.hibernate.SQL - 
    alter table if exists athletes 
       drop constraint if exists FK3sh1urbr1pvx7bp4gnq9fow1r
Hibernate: 
    alter table if exists athletes 
       drop constraint if exists FK3sh1urbr1pvx7bp4gnq9fow1r
2025-06-13 17:24:42.518 [main] DEBUG org.hibernate.SQL - 
    alter table if exists events 
       drop constraint if exists FK8rwl332ud4cbj46x57xgiybyj
Hibernate: 
    alter table if exists events 
       drop constraint if exists FK8rwl332ud4cbj46x57xgiybyj
2025-06-13 17:24:42.519 [main] DEBUG org.hibernate.SQL - 
    alter table if exists events 
       drop constraint if exists FKlj14dyfl179s92hatm374588t
Hibernate: 
    alter table if exists events 
       drop constraint if exists FKlj14dyfl179s92hatm374588t
2025-06-13 17:24:42.519 [main] DEBUG org.hibernate.SQL - 
    alter table if exists events 
       drop constraint if exists FK72xc2u4739yo6n4t36pqrtd08
Hibernate: 
    alter table if exists events 
       drop constraint if exists FK72xc2u4739yo6n4t36pqrtd08
2025-06-13 17:24:42.520 [main] DEBUG org.hibernate.SQL - 
    alter table if exists gym_owner_phone_numbers 
       drop constraint if exists FK5ko2l4t5yffic7lyimoljo3m6
Hibernate: 
    alter table if exists gym_owner_phone_numbers 
       drop constraint if exists FK5ko2l4t5yffic7lyimoljo3m6
2025-06-13 17:24:42.521 [main] DEBUG org.hibernate.SQL - 
    alter table if exists gym_owners 
       drop constraint if exists FKqhsinx39y7gk4bb82elf24kv9
Hibernate: 
    alter table if exists gym_owners 
       drop constraint if exists FKqhsinx39y7gk4bb82elf24kv9
2025-06-13 17:24:42.521 [main] DEBUG org.hibernate.SQL - 
    alter table if exists gym_phone_numbers 
       drop constraint if exists FKfwr3m96iv0a2gm3t3egg2slaf
Hibernate: 
    alter table if exists gym_phone_numbers 
       drop constraint if exists FKfwr3m96iv0a2gm3t3egg2slaf
2025-06-13 17:24:42.521 [main] DEBUG org.hibernate.SQL - 
    alter table if exists gym_photos 
       drop constraint if exists FKctdwvrpmdcyvor36yjmbmen16
Hibernate: 
    alter table if exists gym_photos 
       drop constraint if exists FKctdwvrpmdcyvor36yjmbmen16
2025-06-13 17:24:42.521 [main] DEBUG org.hibernate.SQL - 
    alter table if exists gym_working_hours 
       drop constraint if exists FKib8y7pyi58d33ip78ih5pvwcf
Hibernate: 
    alter table if exists gym_working_hours 
       drop constraint if exists FKib8y7pyi58d33ip78ih5pvwcf
2025-06-13 17:24:42.522 [main] DEBUG org.hibernate.SQL - 
    alter table if exists gyms 
       drop constraint if exists FKc1litp8g4l35f9oykhmkq77nf
Hibernate: 
    alter table if exists gyms 
       drop constraint if exists FKc1litp8g4l35f9oykhmkq77nf
2025-06-13 17:24:42.522 [main] DEBUG org.hibernate.SQL - 
    alter table if exists gyms 
       drop constraint if exists FKk5nlix7uld6h247s40o39uagc
Hibernate: 
    alter table if exists gyms 
       drop constraint if exists FKk5nlix7uld6h247s40o39uagc
2025-06-13 17:24:42.523 [main] DEBUG org.hibernate.SQL - 
    alter table if exists gyms_trainers 
       drop constraint if exists FKejqehnsyhyqdp5htcwgg735b0
Hibernate: 
    alter table if exists gyms_trainers 
       drop constraint if exists FKejqehnsyhyqdp5htcwgg735b0
2025-06-13 17:24:42.523 [main] DEBUG org.hibernate.SQL - 
    alter table if exists gyms_trainers 
       drop constraint if exists FK3tnw2jc4io90phnywpofojwxl
Hibernate: 
    alter table if exists gyms_trainers 
       drop constraint if exists FK3tnw2jc4io90phnywpofojwxl
2025-06-13 17:24:42.523 [main] DEBUG org.hibernate.SQL - 
    alter table if exists reviews 
       drop constraint if exists FK19vxxg7nchfe2tpifhnjco0pl
Hibernate: 
    alter table if exists reviews 
       drop constraint if exists FK19vxxg7nchfe2tpifhnjco0pl
2025-06-13 17:24:42.524 [main] DEBUG org.hibernate.SQL - 
    alter table if exists reviews 
       drop constraint if exists FKl6ehbeii3m5st1u9cu9j7ynds
Hibernate: 
    alter table if exists reviews 
       drop constraint if exists FKl6ehbeii3m5st1u9cu9j7ynds
2025-06-13 17:24:42.524 [main] DEBUG org.hibernate.SQL - 
    alter table if exists reviews 
       drop constraint if exists FKksna0ysspv7vdf2wujgsle79g
Hibernate: 
    alter table if exists reviews 
       drop constraint if exists FKksna0ysspv7vdf2wujgsle79g
2025-06-13 17:24:42.524 [main] DEBUG org.hibernate.SQL - 
    alter table if exists sports_athletes 
       drop constraint if exists FKhmkebmrp4uwbhe7b9yvwaxhkp
Hibernate: 
    alter table if exists sports_athletes 
       drop constraint if exists FKhmkebmrp4uwbhe7b9yvwaxhkp
2025-06-13 17:24:42.524 [main] DEBUG org.hibernate.SQL - 
    alter table if exists sports_athletes 
       drop constraint if exists FK3ayv9cx986992gx2h7l2hak5w
Hibernate: 
    alter table if exists sports_athletes 
       drop constraint if exists FK3ayv9cx986992gx2h7l2hak5w
2025-06-13 17:24:42.525 [main] DEBUG org.hibernate.SQL - 
    alter table if exists sports_gyms 
       drop constraint if exists FK3q55fm5vgi5ptbod94dhow8na
Hibernate: 
    alter table if exists sports_gyms 
       drop constraint if exists FK3q55fm5vgi5ptbod94dhow8na
2025-06-13 17:24:42.525 [main] DEBUG org.hibernate.SQL - 
    alter table if exists sports_gyms 
       drop constraint if exists FKjq7fyrst4nw8e1e8tp49viuxh
Hibernate: 
    alter table if exists sports_gyms 
       drop constraint if exists FKjq7fyrst4nw8e1e8tp49viuxh
2025-06-13 17:24:42.525 [main] DEBUG org.hibernate.SQL - 
    alter table if exists sports_trainers 
       drop constraint if exists FK2ft20ii6imkr4bp7smdbcgs7y
Hibernate: 
    alter table if exists sports_trainers 
       drop constraint if exists FK2ft20ii6imkr4bp7smdbcgs7y
2025-06-13 17:24:42.526 [main] DEBUG org.hibernate.SQL - 
    alter table if exists sports_trainers 
       drop constraint if exists FKegkuarguvcl7hcno6mj5eke5v
Hibernate: 
    alter table if exists sports_trainers 
       drop constraint if exists FKegkuarguvcl7hcno6mj5eke5v
2025-06-13 17:24:42.526 [main] DEBUG org.hibernate.SQL - 
    alter table if exists trainer_certificates 
       drop constraint if exists FKm41kd81xmctumo707xmkep26i
Hibernate: 
    alter table if exists trainer_certificates 
       drop constraint if exists FKm41kd81xmctumo707xmkep26i
2025-06-13 17:24:42.526 [main] DEBUG org.hibernate.SQL - 
    alter table if exists trainer_phone_numbers 
       drop constraint if exists FKoxkmxdq0g7ha2a80enyhv4yy1
Hibernate: 
    alter table if exists trainer_phone_numbers 
       drop constraint if exists FKoxkmxdq0g7ha2a80enyhv4yy1
2025-06-13 17:24:42.527 [main] DEBUG org.hibernate.SQL - 
    alter table if exists trainers 
       drop constraint if exists FKcnbrnosgtv3xo33vet1d0s387
Hibernate: 
    alter table if exists trainers 
       drop constraint if exists FKcnbrnosgtv3xo33vet1d0s387
2025-06-13 17:24:42.527 [main] DEBUG org.hibernate.SQL - 
    alter table if exists trainers 
       drop constraint if exists FKg82u7ghpjoqnhhkcvx0dn3kn3
Hibernate: 
    alter table if exists trainers 
       drop constraint if exists FKg82u7ghpjoqnhhkcvx0dn3kn3
2025-06-13 17:24:42.528 [main] DEBUG org.hibernate.SQL - 
    alter table if exists user_credentials_roles 
       drop constraint if exists FK3lhrdwn3da5fkkmykcgp2ui6e
Hibernate: 
    alter table if exists user_credentials_roles 
       drop constraint if exists FK3lhrdwn3da5fkkmykcgp2ui6e
2025-06-13 17:24:42.529 [main] DEBUG org.hibernate.SQL - 
    alter table if exists user_credentials_roles 
       drop constraint if exists FK7bu4o4g0mqpf6ajcyaj9rkw6j
Hibernate: 
    alter table if exists user_credentials_roles 
       drop constraint if exists FK7bu4o4g0mqpf6ajcyaj9rkw6j
2025-06-13 17:24:42.530 [main] DEBUG org.hibernate.SQL - 
    drop table if exists addresses cascade
Hibernate: 
    drop table if exists addresses cascade
2025-06-13 17:24:42.532 [main] DEBUG org.hibernate.SQL - 
    drop table if exists admins cascade
Hibernate: 
    drop table if exists admins cascade
2025-06-13 17:24:42.533 [main] DEBUG org.hibernate.SQL - 
    drop table if exists athlete_phone_numbers cascade
Hibernate: 
    drop table if exists athlete_phone_numbers cascade
2025-06-13 17:24:42.533 [main] DEBUG org.hibernate.SQL - 
    drop table if exists athletes cascade
Hibernate: 
    drop table if exists athletes cascade
2025-06-13 17:24:42.534 [main] DEBUG org.hibernate.SQL - 
    drop table if exists events cascade
Hibernate: 
    drop table if exists events cascade
2025-06-13 17:24:42.534 [main] DEBUG org.hibernate.SQL - 
    drop table if exists gym_owner_phone_numbers cascade
Hibernate: 
    drop table if exists gym_owner_phone_numbers cascade
2025-06-13 17:24:42.535 [main] DEBUG org.hibernate.SQL - 
    drop table if exists gym_owners cascade
Hibernate: 
    drop table if exists gym_owners cascade
2025-06-13 17:24:42.536 [main] DEBUG org.hibernate.SQL - 
    drop table if exists gym_phone_numbers cascade
Hibernate: 
    drop table if exists gym_phone_numbers cascade
2025-06-13 17:24:42.536 [main] DEBUG org.hibernate.SQL - 
    drop table if exists gym_photos cascade
Hibernate: 
    drop table if exists gym_photos cascade
2025-06-13 17:24:42.536 [main] DEBUG org.hibernate.SQL - 
    drop table if exists gym_working_hours cascade
Hibernate: 
    drop table if exists gym_working_hours cascade
2025-06-13 17:24:42.538 [main] DEBUG org.hibernate.SQL - 
    drop table if exists gyms cascade
Hibernate: 
    drop table if exists gyms cascade
2025-06-13 17:24:42.538 [main] DEBUG org.hibernate.SQL - 
    drop table if exists gyms_trainers cascade
Hibernate: 
    drop table if exists gyms_trainers cascade
2025-06-13 17:24:42.539 [main] DEBUG org.hibernate.SQL - 
    drop table if exists reviews cascade
Hibernate: 
    drop table if exists reviews cascade
2025-06-13 17:24:42.539 [main] DEBUG org.hibernate.SQL - 
    drop table if exists roles cascade
Hibernate: 
    drop table if exists roles cascade
2025-06-13 17:24:42.540 [main] DEBUG org.hibernate.SQL - 
    drop table if exists sports cascade
Hibernate: 
    drop table if exists sports cascade
2025-06-13 17:24:42.540 [main] DEBUG org.hibernate.SQL - 
    drop table if exists sports_athletes cascade
Hibernate: 
    drop table if exists sports_athletes cascade
2025-06-13 17:24:42.543 [main] DEBUG org.hibernate.SQL - 
    drop table if exists sports_gyms cascade
Hibernate: 
    drop table if exists sports_gyms cascade
2025-06-13 17:24:42.543 [main] DEBUG org.hibernate.SQL - 
    drop table if exists sports_trainers cascade
Hibernate: 
    drop table if exists sports_trainers cascade
2025-06-13 17:24:42.543 [main] DEBUG org.hibernate.SQL - 
    drop table if exists trainer_certificates cascade
Hibernate: 
    drop table if exists trainer_certificates cascade
2025-06-13 17:24:42.544 [main] DEBUG org.hibernate.SQL - 
    drop table if exists trainer_phone_numbers cascade
Hibernate: 
    drop table if exists trainer_phone_numbers cascade
2025-06-13 17:24:42.544 [main] DEBUG org.hibernate.SQL - 
    drop table if exists trainers cascade
Hibernate: 
    drop table if exists trainers cascade
2025-06-13 17:24:42.545 [main] DEBUG org.hibernate.SQL - 
    drop table if exists user_credentials cascade
Hibernate: 
    drop table if exists user_credentials cascade
2025-06-13 17:24:42.545 [main] DEBUG org.hibernate.SQL - 
    drop table if exists user_credentials_roles cascade
Hibernate: 
    drop table if exists user_credentials_roles cascade
2025-06-13 17:24:42.546 [main] DEBUG org.hibernate.SQL - 
    create table addresses (
        is_deleted boolean not null,
        id bigint generated by default as identity,
        city varchar(255) not null,
        city_district varchar(255),
        country varchar(255) not null,
        house varchar(255) not null,
        street varchar(255) not null,
        primary key (id)
    )
Hibernate: 
    create table addresses (
        is_deleted boolean not null,
        id bigint generated by default as identity,
        city varchar(255) not null,
        city_district varchar(255),
        country varchar(255) not null,
        house varchar(255) not null,
        street varchar(255) not null,
        primary key (id)
    )
2025-06-13 17:24:42.546 [main] DEBUG org.hibernate.SQL - 
    create table admins (
        date_of_birth date,
        is_deleted boolean not null,
        id bigint generated by default as identity,
        user_credentials_id bigint not null unique,
        first_name varchar(255) not null,
        gender varchar(255) check (gender in ('MALE','FEMALE')),
        last_name varchar(255) not null,
        profile_image_url varchar(255),
        primary key (id)
    )
Hibernate: 
    create table admins (
        date_of_birth date,
        is_deleted boolean not null,
        id bigint generated by default as identity,
        user_credentials_id bigint not null unique,
        first_name varchar(255) not null,
        gender varchar(255) check (gender in ('MALE','FEMALE')),
        last_name varchar(255) not null,
        profile_image_url varchar(255),
        primary key (id)
    )
2025-06-13 17:24:42.547 [main] DEBUG org.hibernate.SQL - 
    create table athlete_phone_numbers (
        athlete_id bigint not null,
        phone_numbers varchar(255)
    )
Hibernate: 
    create table athlete_phone_numbers (
        athlete_id bigint not null,
        phone_numbers varchar(255)
    )
2025-06-13 17:24:42.548 [main] DEBUG org.hibernate.SQL - 
    create table athletes (
        date_of_birth date,
        email_permission boolean not null,
        is_deleted boolean not null,
        phone_permission boolean not null,
        id bigint generated by default as identity,
        user_credentials_id bigint not null unique,
        first_name varchar(255) not null,
        gender varchar(255) check (gender in ('MALE','FEMALE')),
        last_name varchar(255) not null,
        profile_image_url varchar(255),
        primary key (id)
    )
Hibernate: 
    create table athletes (
        date_of_birth date,
        email_permission boolean not null,
        is_deleted boolean not null,
        phone_permission boolean not null,
        id bigint generated by default as identity,
        user_credentials_id bigint not null unique,
        first_name varchar(255) not null,
        gender varchar(255) check (gender in ('MALE','FEMALE')),
        last_name varchar(255) not null,
        profile_image_url varchar(255),
        primary key (id)
    )
2025-06-13 17:24:42.549 [main] DEBUG org.hibernate.SQL - 
    create table events (
        date_time timestamp(6) not null,
        gym_id bigint,
        id bigint generated by default as identity,
        sport_id bigint not null,
        trainer_id bigint,
        description varchar(255),
        name varchar(255) not null,
        primary key (id)
    )
Hibernate: 
    create table events (
        date_time timestamp(6) not null,
        gym_id bigint,
        id bigint generated by default as identity,
        sport_id bigint not null,
        trainer_id bigint,
        description varchar(255),
        name varchar(255) not null,
        primary key (id)
    )
2025-06-13 17:24:42.549 [main] DEBUG org.hibernate.SQL - 
    create table gym_owner_phone_numbers (
        gym_owner_id bigint not null,
        phone_numbers varchar(255)
    )
Hibernate: 
    create table gym_owner_phone_numbers (
        gym_owner_id bigint not null,
        phone_numbers varchar(255)
    )
2025-06-13 17:24:42.549 [main] DEBUG org.hibernate.SQL - 
    create table gym_owners (
        date_of_birth date,
        is_deleted boolean not null,
        id bigint generated by default as identity,
        user_credentials_id bigint not null unique,
        first_name varchar(255) not null,
        gender varchar(255) check (gender in ('MALE','FEMALE')),
        last_name varchar(255) not null,
        profile_image_url varchar(255),
        primary key (id)
    )
Hibernate: 
    create table gym_owners (
        date_of_birth date,
        is_deleted boolean not null,
        id bigint generated by default as identity,
        user_credentials_id bigint not null unique,
        first_name varchar(255) not null,
        gender varchar(255) check (gender in ('MALE','FEMALE')),
        last_name varchar(255) not null,
        profile_image_url varchar(255),
        primary key (id)
    )
2025-06-13 17:24:42.550 [main] DEBUG org.hibernate.SQL - 
    create table gym_phone_numbers (
        gym_id bigint not null,
        phone_numbers VARCHAR(255)
    )
Hibernate: 
    create table gym_phone_numbers (
        gym_id bigint not null,
        phone_numbers VARCHAR(255)
    )
2025-06-13 17:24:42.551 [main] DEBUG org.hibernate.SQL - 
    create table gym_photos (
        is_deleted boolean not null,
        gym_id bigint not null,
        id bigint generated by default as identity,
        image_url varchar(255) not null,
        primary key (id)
    )
Hibernate: 
    create table gym_photos (
        is_deleted boolean not null,
        gym_id bigint not null,
        id bigint generated by default as identity,
        image_url varchar(255) not null,
        primary key (id)
    )
2025-06-13 17:24:42.551 [main] DEBUG org.hibernate.SQL - 
    create table gym_working_hours (
        end_time time(6),
        start_time time(6),
        gym_id bigint not null,
        day_of_week varchar(255) check (day_of_week in ('MONDAY','TUESDAY','WEDNESDAY','THURSDAY','FRIDAY','SATURDAY','SUNDAY'))
    )
Hibernate: 
    create table gym_working_hours (
        end_time time(6),
        start_time time(6),
        gym_id bigint not null,
        day_of_week varchar(255) check (day_of_week in ('MONDAY','TUESDAY','WEDNESDAY','THURSDAY','FRIDAY','SATURDAY','SUNDAY'))
    )
2025-06-13 17:24:42.552 [main] DEBUG org.hibernate.SQL - 
    create table gyms (
        is_deleted boolean not null,
        number_of_reviews integer,
        overall_rating float4,
        address_id bigint not null unique,
        gym_owner_id bigint not null,
        id bigint generated by default as identity,
        description varchar(255),
        name varchar(255) not null,
        website varchar(255),
        primary key (id)
    )
Hibernate: 
    create table gyms (
        is_deleted boolean not null,
        number_of_reviews integer,
        overall_rating float4,
        address_id bigint not null unique,
        gym_owner_id bigint not null,
        id bigint generated by default as identity,
        description varchar(255),
        name varchar(255) not null,
        website varchar(255),
        primary key (id)
    )
2025-06-13 17:24:42.552 [main] DEBUG org.hibernate.SQL - 
    create table gyms_trainers (
        gym_id bigint not null,
        trainer_id bigint not null,
        primary key (gym_id, trainer_id)
    )
Hibernate: 
    create table gyms_trainers (
        gym_id bigint not null,
        trainer_id bigint not null,
        primary key (gym_id, trainer_id)
    )
2025-06-13 17:24:42.553 [main] DEBUG org.hibernate.SQL - 
    create table reviews (
        rating integer not null check ((rating>=1) and (rating<=5)),
        athlete_id bigint not null,
        gym_id bigint,
        id bigint generated by default as identity,
        trainer_id bigint,
        description varchar(255),
        primary key (id)
    )
Hibernate: 
    create table reviews (
        rating integer not null check ((rating>=1) and (rating<=5)),
        athlete_id bigint not null,
        gym_id bigint,
        id bigint generated by default as identity,
        trainer_id bigint,
        description varchar(255),
        primary key (id)
    )
2025-06-13 17:24:42.554 [main] DEBUG org.hibernate.SQL - 
    create table roles (
        id bigint generated by default as identity,
        name varchar(255) not null unique,
        primary key (id)
    )
Hibernate: 
    create table roles (
        id bigint generated by default as identity,
        name varchar(255) not null unique,
        primary key (id)
    )
2025-06-13 17:24:42.555 [main] DEBUG org.hibernate.SQL - 
    create table sports (
        is_deleted boolean not null,
        id bigint generated by default as identity,
        sport_name varchar(255) not null unique,
        primary key (id)
    )
Hibernate: 
    create table sports (
        is_deleted boolean not null,
        id bigint generated by default as identity,
        sport_name varchar(255) not null unique,
        primary key (id)
    )
2025-06-13 17:24:42.556 [main] DEBUG org.hibernate.SQL - 
    create table sports_athletes (
        athlete_id bigint not null,
        sport_id bigint not null,
        primary key (athlete_id, sport_id)
    )
Hibernate: 
    create table sports_athletes (
        athlete_id bigint not null,
        sport_id bigint not null,
        primary key (athlete_id, sport_id)
    )
2025-06-13 17:24:42.556 [main] DEBUG org.hibernate.SQL - 
    create table sports_gyms (
        gym_id bigint not null,
        sport_id bigint not null,
        primary key (gym_id, sport_id)
    )
Hibernate: 
    create table sports_gyms (
        gym_id bigint not null,
        sport_id bigint not null,
        primary key (gym_id, sport_id)
    )
2025-06-13 17:24:42.557 [main] DEBUG org.hibernate.SQL - 
    create table sports_trainers (
        sport_id bigint not null,
        trainer_id bigint not null,
        primary key (sport_id, trainer_id)
    )
Hibernate: 
    create table sports_trainers (
        sport_id bigint not null,
        trainer_id bigint not null,
        primary key (sport_id, trainer_id)
    )
2025-06-13 17:24:42.557 [main] DEBUG org.hibernate.SQL - 
    create table trainer_certificates (
        trainer_id bigint not null,
        certificates varchar(255)
    )
Hibernate: 
    create table trainer_certificates (
        trainer_id bigint not null,
        certificates varchar(255)
    )
2025-06-13 17:24:42.558 [main] DEBUG org.hibernate.SQL - 
    create table trainer_phone_numbers (
        trainer_id bigint not null,
        phone_numbers varchar(255)
    )
Hibernate: 
    create table trainer_phone_numbers (
        trainer_id bigint not null,
        phone_numbers varchar(255)
    )
2025-06-13 17:24:42.558 [main] DEBUG org.hibernate.SQL - 
    create table trainers (
        date_of_birth date,
        is_deleted boolean not null,
        number_of_reviews integer,
        online_training boolean not null,
        overall_rating float4,
        address_id bigint,
        id bigint generated by default as identity,
        user_credentials_id bigint not null unique,
        description varchar(255),
        first_name varchar(255) not null,
        gender varchar(255) check (gender in ('MALE','FEMALE')),
        last_name varchar(255) not null,
        profile_image_url varchar(255),
        social_media_links varchar(255),
        primary key (id)
    )
Hibernate: 
    create table trainers (
        date_of_birth date,
        is_deleted boolean not null,
        number_of_reviews integer,
        online_training boolean not null,
        overall_rating float4,
        address_id bigint,
        id bigint generated by default as identity,
        user_credentials_id bigint not null unique,
        description varchar(255),
        first_name varchar(255) not null,
        gender varchar(255) check (gender in ('MALE','FEMALE')),
        last_name varchar(255) not null,
        profile_image_url varchar(255),
        social_media_links varchar(255),
        primary key (id)
    )
2025-06-13 17:24:42.559 [main] DEBUG org.hibernate.SQL - 
    create table user_credentials (
        is_deleted boolean not null,
        id bigint generated by default as identity,
        email varchar(255) not null unique,
        password varchar(255) not null,
        user_type varchar(255) not null check (user_type in ('ADMIN','ATHLETE','GYM_OWNER','TRAINER')),
        primary key (id)
    )
Hibernate: 
    create table user_credentials (
        is_deleted boolean not null,
        id bigint generated by default as identity,
        email varchar(255) not null unique,
        password varchar(255) not null,
        user_type varchar(255) not null check (user_type in ('ADMIN','ATHLETE','GYM_OWNER','TRAINER')),
        primary key (id)
    )
2025-06-13 17:24:42.560 [main] DEBUG org.hibernate.SQL - 
    create table user_credentials_roles (
        role_id bigint not null,
        user_credentials_id bigint not null,
        primary key (role_id, user_credentials_id)
    )
Hibernate: 
    create table user_credentials_roles (
        role_id bigint not null,
        user_credentials_id bigint not null,
        primary key (role_id, user_credentials_id)
    )
2025-06-13 17:24:42.561 [main] DEBUG org.hibernate.SQL - 
    alter table if exists admins 
       add constraint FK600ih02qklqf2htcba7s8kh2x 
       foreign key (user_credentials_id) 
       references user_credentials
Hibernate: 
    alter table if exists admins 
       add constraint FK600ih02qklqf2htcba7s8kh2x 
       foreign key (user_credentials_id) 
       references user_credentials
2025-06-13 17:24:42.562 [main] DEBUG org.hibernate.SQL - 
    alter table if exists athlete_phone_numbers 
       add constraint FKsq6lhkmkpo055uq5v7xvkhawr 
       foreign key (athlete_id) 
       references athletes
Hibernate: 
    alter table if exists athlete_phone_numbers 
       add constraint FKsq6lhkmkpo055uq5v7xvkhawr 
       foreign key (athlete_id) 
       references athletes
2025-06-13 17:24:42.563 [main] DEBUG org.hibernate.SQL - 
    alter table if exists athletes 
       add constraint FK3sh1urbr1pvx7bp4gnq9fow1r 
       foreign key (user_credentials_id) 
       references user_credentials
Hibernate: 
    alter table if exists athletes 
       add constraint FK3sh1urbr1pvx7bp4gnq9fow1r 
       foreign key (user_credentials_id) 
       references user_credentials
2025-06-13 17:24:42.564 [main] DEBUG org.hibernate.SQL - 
    alter table if exists events 
       add constraint FK8rwl332ud4cbj46x57xgiybyj 
       foreign key (gym_id) 
       references gyms
Hibernate: 
    alter table if exists events 
       add constraint FK8rwl332ud4cbj46x57xgiybyj 
       foreign key (gym_id) 
       references gyms
2025-06-13 17:24:42.565 [main] DEBUG org.hibernate.SQL - 
    alter table if exists events 
       add constraint FKlj14dyfl179s92hatm374588t 
       foreign key (sport_id) 
       references sports
Hibernate: 
    alter table if exists events 
       add constraint FKlj14dyfl179s92hatm374588t 
       foreign key (sport_id) 
       references sports
2025-06-13 17:24:42.565 [main] DEBUG org.hibernate.SQL - 
    alter table if exists events 
       add constraint FK72xc2u4739yo6n4t36pqrtd08 
       foreign key (trainer_id) 
       references trainers
Hibernate: 
    alter table if exists events 
       add constraint FK72xc2u4739yo6n4t36pqrtd08 
       foreign key (trainer_id) 
       references trainers
2025-06-13 17:24:42.566 [main] DEBUG org.hibernate.SQL - 
    alter table if exists gym_owner_phone_numbers 
       add constraint FK5ko2l4t5yffic7lyimoljo3m6 
       foreign key (gym_owner_id) 
       references gym_owners
Hibernate: 
    alter table if exists gym_owner_phone_numbers 
       add constraint FK5ko2l4t5yffic7lyimoljo3m6 
       foreign key (gym_owner_id) 
       references gym_owners
2025-06-13 17:24:42.567 [main] DEBUG org.hibernate.SQL - 
    alter table if exists gym_owners 
       add constraint FKqhsinx39y7gk4bb82elf24kv9 
       foreign key (user_credentials_id) 
       references user_credentials
Hibernate: 
    alter table if exists gym_owners 
       add constraint FKqhsinx39y7gk4bb82elf24kv9 
       foreign key (user_credentials_id) 
       references user_credentials
2025-06-13 17:24:42.567 [main] DEBUG org.hibernate.SQL - 
    alter table if exists gym_phone_numbers 
       add constraint FKfwr3m96iv0a2gm3t3egg2slaf 
       foreign key (gym_id) 
       references gyms
Hibernate: 
    alter table if exists gym_phone_numbers 
       add constraint FKfwr3m96iv0a2gm3t3egg2slaf 
       foreign key (gym_id) 
       references gyms
2025-06-13 17:24:42.568 [main] DEBUG org.hibernate.SQL - 
    alter table if exists gym_photos 
       add constraint FKctdwvrpmdcyvor36yjmbmen16 
       foreign key (gym_id) 
       references gyms
Hibernate: 
    alter table if exists gym_photos 
       add constraint FKctdwvrpmdcyvor36yjmbmen16 
       foreign key (gym_id) 
       references gyms
2025-06-13 17:24:42.569 [main] DEBUG org.hibernate.SQL - 
    alter table if exists gym_working_hours 
       add constraint FKib8y7pyi58d33ip78ih5pvwcf 
       foreign key (gym_id) 
       references gyms
Hibernate: 
    alter table if exists gym_working_hours 
       add constraint FKib8y7pyi58d33ip78ih5pvwcf 
       foreign key (gym_id) 
       references gyms
2025-06-13 17:24:42.570 [main] DEBUG org.hibernate.SQL - 
    alter table if exists gyms 
       add constraint FKc1litp8g4l35f9oykhmkq77nf 
       foreign key (gym_owner_id) 
       references gym_owners
Hibernate: 
    alter table if exists gyms 
       add constraint FKc1litp8g4l35f9oykhmkq77nf 
       foreign key (gym_owner_id) 
       references gym_owners
2025-06-13 17:24:42.571 [main] DEBUG org.hibernate.SQL - 
    alter table if exists gyms 
       add constraint FKk5nlix7uld6h247s40o39uagc 
       foreign key (address_id) 
       references addresses
Hibernate: 
    alter table if exists gyms 
       add constraint FKk5nlix7uld6h247s40o39uagc 
       foreign key (address_id) 
       references addresses
2025-06-13 17:24:42.572 [main] DEBUG org.hibernate.SQL - 
    alter table if exists gyms_trainers 
       add constraint FKejqehnsyhyqdp5htcwgg735b0 
       foreign key (trainer_id) 
       references trainers
Hibernate: 
    alter table if exists gyms_trainers 
       add constraint FKejqehnsyhyqdp5htcwgg735b0 
       foreign key (trainer_id) 
       references trainers
2025-06-13 17:24:42.573 [main] DEBUG org.hibernate.SQL - 
    alter table if exists gyms_trainers 
       add constraint FK3tnw2jc4io90phnywpofojwxl 
       foreign key (gym_id) 
       references gyms
Hibernate: 
    alter table if exists gyms_trainers 
       add constraint FK3tnw2jc4io90phnywpofojwxl 
       foreign key (gym_id) 
       references gyms
2025-06-13 17:24:42.573 [main] DEBUG org.hibernate.SQL - 
    alter table if exists reviews 
       add constraint FK19vxxg7nchfe2tpifhnjco0pl 
       foreign key (athlete_id) 
       references athletes
Hibernate: 
    alter table if exists reviews 
       add constraint FK19vxxg7nchfe2tpifhnjco0pl 
       foreign key (athlete_id) 
       references athletes
2025-06-13 17:24:42.574 [main] DEBUG org.hibernate.SQL - 
    alter table if exists reviews 
       add constraint FKl6ehbeii3m5st1u9cu9j7ynds 
       foreign key (gym_id) 
       references gyms
Hibernate: 
    alter table if exists reviews 
       add constraint FKl6ehbeii3m5st1u9cu9j7ynds 
       foreign key (gym_id) 
       references gyms
2025-06-13 17:24:42.575 [main] DEBUG org.hibernate.SQL - 
    alter table if exists reviews 
       add constraint FKksna0ysspv7vdf2wujgsle79g 
       foreign key (trainer_id) 
       references trainers
Hibernate: 
    alter table if exists reviews 
       add constraint FKksna0ysspv7vdf2wujgsle79g 
       foreign key (trainer_id) 
       references trainers
2025-06-13 17:24:42.575 [main] DEBUG org.hibernate.SQL - 
    alter table if exists sports_athletes 
       add constraint FKhmkebmrp4uwbhe7b9yvwaxhkp 
       foreign key (athlete_id) 
       references athletes
Hibernate: 
    alter table if exists sports_athletes 
       add constraint FKhmkebmrp4uwbhe7b9yvwaxhkp 
       foreign key (athlete_id) 
       references athletes
2025-06-13 17:24:42.576 [main] DEBUG org.hibernate.SQL - 
    alter table if exists sports_athletes 
       add constraint FK3ayv9cx986992gx2h7l2hak5w 
       foreign key (sport_id) 
       references sports
Hibernate: 
    alter table if exists sports_athletes 
       add constraint FK3ayv9cx986992gx2h7l2hak5w 
       foreign key (sport_id) 
       references sports
2025-06-13 17:24:42.577 [main] DEBUG org.hibernate.SQL - 
    alter table if exists sports_gyms 
       add constraint FK3q55fm5vgi5ptbod94dhow8na 
       foreign key (sport_id) 
       references sports
Hibernate: 
    alter table if exists sports_gyms 
       add constraint FK3q55fm5vgi5ptbod94dhow8na 
       foreign key (sport_id) 
       references sports
2025-06-13 17:24:42.577 [main] DEBUG org.hibernate.SQL - 
    alter table if exists sports_gyms 
       add constraint FKjq7fyrst4nw8e1e8tp49viuxh 
       foreign key (gym_id) 
       references gyms
Hibernate: 
    alter table if exists sports_gyms 
       add constraint FKjq7fyrst4nw8e1e8tp49viuxh 
       foreign key (gym_id) 
       references gyms
2025-06-13 17:24:42.578 [main] DEBUG org.hibernate.SQL - 
    alter table if exists sports_trainers 
       add constraint FK2ft20ii6imkr4bp7smdbcgs7y 
       foreign key (sport_id) 
       references sports
Hibernate: 
    alter table if exists sports_trainers 
       add constraint FK2ft20ii6imkr4bp7smdbcgs7y 
       foreign key (sport_id) 
       references sports
2025-06-13 17:24:42.579 [main] DEBUG org.hibernate.SQL - 
    alter table if exists sports_trainers 
       add constraint FKegkuarguvcl7hcno6mj5eke5v 
       foreign key (trainer_id) 
       references trainers
Hibernate: 
    alter table if exists sports_trainers 
       add constraint FKegkuarguvcl7hcno6mj5eke5v 
       foreign key (trainer_id) 
       references trainers
2025-06-13 17:24:42.579 [main] DEBUG org.hibernate.SQL - 
    alter table if exists trainer_certificates 
       add constraint FKm41kd81xmctumo707xmkep26i 
       foreign key (trainer_id) 
       references trainers
Hibernate: 
    alter table if exists trainer_certificates 
       add constraint FKm41kd81xmctumo707xmkep26i 
       foreign key (trainer_id) 
       references trainers
2025-06-13 17:24:42.580 [main] DEBUG org.hibernate.SQL - 
    alter table if exists trainer_phone_numbers 
       add constraint FKoxkmxdq0g7ha2a80enyhv4yy1 
       foreign key (trainer_id) 
       references trainers
Hibernate: 
    alter table if exists trainer_phone_numbers 
       add constraint FKoxkmxdq0g7ha2a80enyhv4yy1 
       foreign key (trainer_id) 
       references trainers
2025-06-13 17:24:42.581 [main] DEBUG org.hibernate.SQL - 
    alter table if exists trainers 
       add constraint FKcnbrnosgtv3xo33vet1d0s387 
       foreign key (user_credentials_id) 
       references user_credentials
Hibernate: 
    alter table if exists trainers 
       add constraint FKcnbrnosgtv3xo33vet1d0s387 
       foreign key (user_credentials_id) 
       references user_credentials
2025-06-13 17:24:42.581 [main] DEBUG org.hibernate.SQL - 
    alter table if exists trainers 
       add constraint FKg82u7ghpjoqnhhkcvx0dn3kn3 
       foreign key (address_id) 
       references addresses
Hibernate: 
    alter table if exists trainers 
       add constraint FKg82u7ghpjoqnhhkcvx0dn3kn3 
       foreign key (address_id) 
       references addresses
2025-06-13 17:24:42.582 [main] DEBUG org.hibernate.SQL - 
    alter table if exists user_credentials_roles 
       add constraint FK3lhrdwn3da5fkkmykcgp2ui6e 
       foreign key (role_id) 
       references roles
Hibernate: 
    alter table if exists user_credentials_roles 
       add constraint FK3lhrdwn3da5fkkmykcgp2ui6e 
       foreign key (role_id) 
       references roles
2025-06-13 17:24:42.582 [main] DEBUG org.hibernate.SQL - 
    alter table if exists user_credentials_roles 
       add constraint FK7bu4o4g0mqpf6ajcyaj9rkw6j 
       foreign key (user_credentials_id) 
       references user_credentials
Hibernate: 
    alter table if exists user_credentials_roles 
       add constraint FK7bu4o4g0mqpf6ajcyaj9rkw6j 
       foreign key (user_credentials_id) 
       references user_credentials
2025-06-13 17:24:42.587 [main] DEBUG org.hibernate.internal.SessionFactoryRegistry - Registering SessionFactory: ec7c7aff-90d3-4637-a7ef-937f63ee6c3f (<unnamed>)
2025-06-13 17:24:42.587 [main] DEBUG org.hibernate.internal.SessionFactoryRegistry - Not binding SessionFactory to JNDI, no JNDI name configured
2025-06-13 17:24:42.588 [main] DEBUG org.hibernate.internal.SessionFactoryImpl - Instantiated SessionFactory
2025-06-13 17:24:42.588 [main] INFO  org.springframework.orm.jpa.LocalContainerEntityManagerFactoryBean - Initialized JPA EntityManagerFactory for persistence unit 'default'
2025-06-13 17:24:42.592 [main] DEBUG org.springframework.beans.factory.support.DefaultListableBeanFactory - Creating shared instance of singleton bean 'trainUpApplication'
2025-06-13 17:24:42.605 [main] DEBUG org.springframework.beans.factory.support.DefaultListableBeanFactory - Creating shared instance of singleton bean 'geminiClientConfig'
2025-06-13 17:24:42.606 [main] DEBUG org.springframework.core.env.PropertySourcesPropertyResolver - Found key 'gemini.api.key' in PropertySource 'environmentProperties' with value of type String
2025-06-13 17:24:42.619 [main] DEBUG org.springframework.beans.factory.support.DefaultListableBeanFactory - Creating shared instance of singleton bean 'openApiConfig'
2025-06-13 17:24:42.631 [main] DEBUG org.springframework.beans.factory.support.DefaultListableBeanFactory - Creating shared instance of singleton bean 'securityConfig'
2025-06-13 17:24:42.633 [main] DEBUG org.springframework.beans.factory.support.DefaultListableBeanFactory - Creating shared instance of singleton bean 'customUserDetailsService'
2025-06-13 17:24:42.633 [main] DEBUG org.springframework.beans.factory.support.DefaultListableBeanFactory - Creating shared instance of singleton bean 'userCredentialsRepository'
2025-06-13 17:24:42.638 [main] DEBUG org.springframework.beans.factory.support.DefaultListableBeanFactory - Creating shared instance of singleton bean 'jpa.named-queries#1'
2025-06-13 17:24:42.644 [main] DEBUG org.springframework.beans.factory.support.DefaultListableBeanFactory - Creating shared instance of singleton bean 'jpa.UserCredentialsRepository.fragments#0'
2025-06-13 17:24:42.651 [main] DEBUG org.springframework.beans.factory.support.DefaultListableBeanFactory - Creating shared instance of singleton bean 'jpaSharedEM_entityManagerFactory'
2025-06-13 17:24:42.671 [main] DEBUG org.springframework.beans.factory.support.DefaultListableBeanFactory - Creating shared instance of singleton bean 'jpaMappingContext'
2025-06-13 17:24:42.671 [main] DEBUG org.springframework.data.jpa.repository.config.JpaMetamodelMappingContextFactoryBean - Initializing JpaMetamodelMappingContext…
2025-06-13 17:24:42.672 [main] DEBUG org.springframework.data.jpa.repository.config.JpaMetamodelMappingContextFactoryBean - Finished initializing JpaMetamodelMappingContext
2025-06-13 17:24:42.683 [main] DEBUG org.springframework.orm.jpa.SharedEntityManagerCreator$SharedEntityManagerInvocationHandler - Creating new EntityManager for shared EntityManager invocation
2025-06-13 17:24:42.684 [main] DEBUG org.hibernate.stat.internal.StatisticsInitiator - Statistics initialized [enabled=false]
2025-06-13 17:24:42.684 [main] DEBUG org.springframework.beans.factory.support.DefaultListableBeanFactory - Creating shared instance of singleton bean 'metricsRepositoryMethodInvocationListener'
2025-06-13 17:24:42.685 [main] DEBUG org.springframework.beans.factory.support.DefaultListableBeanFactory - Creating shared instance of singleton bean 'org.springframework.boot.actuate.autoconfigure.metrics.data.RepositoryMetricsAutoConfiguration'
2025-06-13 17:24:42.686 [main] DEBUG org.springframework.beans.factory.support.DefaultListableBeanFactory - Creating shared instance of singleton bean 'management.metrics-org.springframework.boot.actuate.autoconfigure.metrics.MetricsProperties'
2025-06-13 17:24:42.689 [main] DEBUG org.springframework.beans.factory.support.DefaultListableBeanFactory - Autowiring by type from bean name 'org.springframework.boot.actuate.autoconfigure.metrics.data.RepositoryMetricsAutoConfiguration' via constructor to bean named 'management.metrics-org.springframework.boot.actuate.autoconfigure.metrics.MetricsProperties'
2025-06-13 17:24:42.692 [main] DEBUG org.springframework.beans.factory.support.DefaultListableBeanFactory - Creating shared instance of singleton bean 'repositoryTagsProvider'
2025-06-13 17:24:42.695 [main] DEBUG org.springframework.beans.factory.support.DefaultListableBeanFactory - Autowiring by type from bean name 'metricsRepositoryMethodInvocationListener' via factory method to bean named 'repositoryTagsProvider'
2025-06-13 17:24:42.701 [main] DEBUG org.springframework.data.repository.core.support.RepositoryFactorySupport - Initializing repository instance for com.example.trainup.repository.UserCredentialsRepository…
2025-06-13 17:24:42.702 [main] DEBUG org.springframework.orm.jpa.SharedEntityManagerCreator$SharedEntityManagerInvocationHandler - Creating new EntityManager for shared EntityManager invocation
2025-06-13 17:24:42.703 [main] DEBUG org.springframework.data.jpa.repository.query.NamedQuery - Looking up named query 'UserCredentials.findByEmail'
2025-06-13 17:24:42.704 [main] DEBUG org.hibernate.resource.transaction.backend.jdbc.internal.JdbcResourceLocalTransactionCoordinatorImpl - JDBC transaction marked for rollback-only (exception provided for stack trace)
java.lang.Exception: exception just for purpose of providing stack trace
	at org.hibernate.resource.transaction.backend.jdbc.internal.JdbcResourceLocalTransactionCoordinatorImpl$TransactionDriverControlImpl.markRollbackOnly(JdbcResourceLocalTransactionCoordinatorImpl.java:309) ~[hibernate-core-6.6.8.Final.jar:6.6.8.Final]
	at org.hibernate.internal.AbstractSharedSessionContract.buildNamedQuery(AbstractSharedSessionContract.java:1141) ~[hibernate-core-6.6.8.Final.jar:6.6.8.Final]
	at org.hibernate.internal.AbstractSharedSessionContract.createNamedQuery(AbstractSharedSessionContract.java:1019) ~[hibernate-core-6.6.8.Final.jar:6.6.8.Final]
	at org.hibernate.internal.AbstractSharedSessionContract.createNamedQuery(AbstractSharedSessionContract.java:143) ~[hibernate-core-6.6.8.Final.jar:6.6.8.Final]
	at jdk.internal.reflect.GeneratedMethodAccessor95.invoke(Unknown Source) ~[?:?]
	at java.base/jdk.internal.reflect.DelegatingMethodAccessorImpl.invoke(DelegatingMethodAccessorImpl.java:43) ~[?:?]
	at java.base/java.lang.reflect.Method.invoke(Method.java:569) ~[?:?]
	at org.springframework.orm.jpa.ExtendedEntityManagerCreator$ExtendedEntityManagerInvocationHandler.invoke(ExtendedEntityManagerCreator.java:364) ~[spring-orm-6.2.3.jar:6.2.3]
	at jdk.proxy2/jdk.proxy2.$Proxy233.createNamedQuery(Unknown Source) ~[?:?]
	at org.springframework.data.jpa.repository.query.NamedQuery.hasNamedQuery(NamedQuery.java:114) ~[spring-data-jpa-3.4.3.jar:3.4.3]
	at org.springframework.data.jpa.repository.query.NamedQuery.lookupFrom(NamedQuery.java:140) ~[spring-data-jpa-3.4.3.jar:3.4.3]
	at org.springframework.data.jpa.repository.query.JpaQueryLookupStrategy$DeclaredQueryLookupStrategy.resolveQuery(JpaQueryLookupStrategy.java:184) ~[spring-data-jpa-3.4.3.jar:3.4.3]
	at org.springframework.data.jpa.repository.query.JpaQueryLookupStrategy$CreateIfNotFoundQueryLookupStrategy.resolveQuery(JpaQueryLookupStrategy.java:256) ~[spring-data-jpa-3.4.3.jar:3.4.3]
	at org.springframework.data.jpa.repository.query.JpaQueryLookupStrategy$AbstractQueryLookupStrategy.resolveQuery(JpaQueryLookupStrategy.java:99) ~[spring-data-jpa-3.4.3.jar:3.4.3]
	at org.springframework.data.repository.core.support.QueryExecutorMethodInterceptor.lookupQuery(QueryExecutorMethodInterceptor.java:116) ~[spring-data-commons-3.4.3.jar:3.4.3]
	at org.springframework.data.repository.core.support.QueryExecutorMethodInterceptor.mapMethodsToQuery(QueryExecutorMethodInterceptor.java:104) ~[spring-data-commons-3.4.3.jar:3.4.3]
	at org.springframework.data.repository.core.support.QueryExecutorMethodInterceptor.lambda$new$0(QueryExecutorMethodInterceptor.java:92) ~[spring-data-commons-3.4.3.jar:3.4.3]
	at java.base/java.util.Optional.map(Optional.java:260) ~[?:?]
	at org.springframework.data.repository.core.support.QueryExecutorMethodInterceptor.<init>(QueryExecutorMethodInterceptor.java:92) ~[spring-data-commons-3.4.3.jar:3.4.3]
	at org.springframework.data.repository.core.support.RepositoryFactorySupport.getRepository(RepositoryFactorySupport.java:440) ~[spring-data-commons-3.4.3.jar:3.4.3]
	at org.springframework.data.repository.core.support.RepositoryFactoryBeanSupport.lambda$afterPropertiesSet$4(RepositoryFactoryBeanSupport.java:350) ~[spring-data-commons-3.4.3.jar:3.4.3]
	at org.springframework.data.util.Lazy.getNullable(Lazy.java:135) ~[spring-data-commons-3.4.3.jar:3.4.3]
	at org.springframework.data.util.Lazy.get(Lazy.java:113) ~[spring-data-commons-3.4.3.jar:3.4.3]
	at org.springframework.data.repository.core.support.RepositoryFactoryBeanSupport.afterPropertiesSet(RepositoryFactoryBeanSupport.java:356) ~[spring-data-commons-3.4.3.jar:3.4.3]
	at org.springframework.data.jpa.repository.support.JpaRepositoryFactoryBean.afterPropertiesSet(JpaRepositoryFactoryBean.java:132) ~[spring-data-jpa-3.4.3.jar:3.4.3]
	at org.springframework.beans.factory.support.AbstractAutowireCapableBeanFactory.invokeInitMethods(AbstractAutowireCapableBeanFactory.java:1859) ~[spring-beans-6.2.3.jar:6.2.3]
	at org.springframework.beans.factory.support.AbstractAutowireCapableBeanFactory.initializeBean(AbstractAutowireCapableBeanFactory.java:1808) ~[spring-beans-6.2.3.jar:6.2.3]
	at org.springframework.beans.factory.support.AbstractAutowireCapableBeanFactory.doCreateBean(AbstractAutowireCapableBeanFactory.java:601) ~[spring-beans-6.2.3.jar:6.2.3]
	at org.springframework.beans.factory.support.AbstractAutowireCapableBeanFactory.createBean(AbstractAutowireCapableBeanFactory.java:523) ~[spring-beans-6.2.3.jar:6.2.3]
	at org.springframework.beans.factory.support.AbstractBeanFactory.lambda$doGetBean$0(AbstractBeanFactory.java:339) ~[spring-beans-6.2.3.jar:6.2.3]
	at org.springframework.beans.factory.support.DefaultSingletonBeanRegistry.getSingleton(DefaultSingletonBeanRegistry.java:346) ~[spring-beans-6.2.3.jar:6.2.3]
	at org.springframework.beans.factory.support.AbstractBeanFactory.doGetBean(AbstractBeanFactory.java:337) ~[spring-beans-6.2.3.jar:6.2.3]
	at org.springframework.beans.factory.support.AbstractBeanFactory.getBean(AbstractBeanFactory.java:202) ~[spring-beans-6.2.3.jar:6.2.3]
	at org.springframework.beans.factory.support.DefaultListableBeanFactory.doResolveDependency(DefaultListableBeanFactory.java:1606) ~[spring-beans-6.2.3.jar:6.2.3]
	at org.springframework.beans.factory.support.DefaultListableBeanFactory.resolveDependency(DefaultListableBeanFactory.java:1552) ~[spring-beans-6.2.3.jar:6.2.3]
	at org.springframework.beans.factory.support.ConstructorResolver.resolveAutowiredArgument(ConstructorResolver.java:913) ~[spring-beans-6.2.3.jar:6.2.3]
	at org.springframework.beans.factory.support.ConstructorResolver.createArgumentArray(ConstructorResolver.java:791) ~[spring-beans-6.2.3.jar:6.2.3]
	at org.springframework.beans.factory.support.ConstructorResolver.autowireConstructor(ConstructorResolver.java:240) ~[spring-beans-6.2.3.jar:6.2.3]
	at org.springframework.beans.factory.support.AbstractAutowireCapableBeanFactory.autowireConstructor(AbstractAutowireCapableBeanFactory.java:1381) ~[spring-beans-6.2.3.jar:6.2.3]
	at org.springframework.beans.factory.support.AbstractAutowireCapableBeanFactory.createBeanInstance(AbstractAutowireCapableBeanFactory.java:1218) ~[spring-beans-6.2.3.jar:6.2.3]
	at org.springframework.beans.factory.support.AbstractAutowireCapableBeanFactory.doCreateBean(AbstractAutowireCapableBeanFactory.java:563) ~[spring-beans-6.2.3.jar:6.2.3]
	at org.springframework.beans.factory.support.AbstractAutowireCapableBeanFactory.createBean(AbstractAutowireCapableBeanFactory.java:523) ~[spring-beans-6.2.3.jar:6.2.3]
	at org.springframework.beans.factory.support.AbstractBeanFactory.lambda$doGetBean$0(AbstractBeanFactory.java:339) ~[spring-beans-6.2.3.jar:6.2.3]
	at org.springframework.beans.factory.support.DefaultSingletonBeanRegistry.getSingleton(DefaultSingletonBeanRegistry.java:346) ~[spring-beans-6.2.3.jar:6.2.3]
	at org.springframework.beans.factory.support.AbstractBeanFactory.doGetBean(AbstractBeanFactory.java:337) ~[spring-beans-6.2.3.jar:6.2.3]
	at org.springframework.beans.factory.support.AbstractBeanFactory.getBean(AbstractBeanFactory.java:202) ~[spring-beans-6.2.3.jar:6.2.3]
	at org.springframework.beans.factory.config.DependencyDescriptor.resolveCandidate(DependencyDescriptor.java:254) ~[spring-beans-6.2.3.jar:6.2.3]
	at org.springframework.beans.factory.support.DefaultListableBeanFactory.doResolveDependency(DefaultListableBeanFactory.java:1664) ~[spring-beans-6.2.3.jar:6.2.3]
	at org.springframework.beans.factory.support.DefaultListableBeanFactory.resolveDependency(DefaultListableBeanFactory.java:1552) ~[spring-beans-6.2.3.jar:6.2.3]
	at org.springframework.beans.factory.support.ConstructorResolver.resolveAutowiredArgument(ConstructorResolver.java:913) ~[spring-beans-6.2.3.jar:6.2.3]
	at org.springframework.beans.factory.support.ConstructorResolver.createArgumentArray(ConstructorResolver.java:791) ~[spring-beans-6.2.3.jar:6.2.3]
	at org.springframework.beans.factory.support.ConstructorResolver.autowireConstructor(ConstructorResolver.java:240) ~[spring-beans-6.2.3.jar:6.2.3]
	at org.springframework.beans.factory.support.AbstractAutowireCapableBeanFactory.autowireConstructor(AbstractAutowireCapableBeanFactory.java:1381) ~[spring-beans-6.2.3.jar:6.2.3]
	at org.springframework.beans.factory.support.AbstractAutowireCapableBeanFactory.createBeanInstance(AbstractAutowireCapableBeanFactory.java:1218) ~[spring-beans-6.2.3.jar:6.2.3]
	at org.springframework.beans.factory.support.AbstractAutowireCapableBeanFactory.doCreateBean(AbstractAutowireCapableBeanFactory.java:563) ~[spring-beans-6.2.3.jar:6.2.3]
	at org.springframework.beans.factory.support.AbstractAutowireCapableBeanFactory.createBean(AbstractAutowireCapableBeanFactory.java:523) ~[spring-beans-6.2.3.jar:6.2.3]
	at org.springframework.beans.factory.support.AbstractBeanFactory.lambda$doGetBean$0(AbstractBeanFactory.java:339) ~[spring-beans-6.2.3.jar:6.2.3]
	at org.springframework.beans.factory.support.DefaultSingletonBeanRegistry.getSingleton(DefaultSingletonBeanRegistry.java:346) ~[spring-beans-6.2.3.jar:6.2.3]
	at org.springframework.beans.factory.support.AbstractBeanFactory.doGetBean(AbstractBeanFactory.java:337) ~[spring-beans-6.2.3.jar:6.2.3]
	at org.springframework.beans.factory.support.AbstractBeanFactory.getBean(AbstractBeanFactory.java:202) ~[spring-beans-6.2.3.jar:6.2.3]
	at org.springframework.beans.factory.support.DefaultListableBeanFactory.instantiateSingleton(DefaultListableBeanFactory.java:1155) ~[spring-beans-6.2.3.jar:6.2.3]
	at org.springframework.beans.factory.support.DefaultListableBeanFactory.preInstantiateSingleton(DefaultListableBeanFactory.java:1121) ~[spring-beans-6.2.3.jar:6.2.3]
	at org.springframework.beans.factory.support.DefaultListableBeanFactory.preInstantiateSingletons(DefaultListableBeanFactory.java:1056) ~[spring-beans-6.2.3.jar:6.2.3]
	at org.springframework.context.support.AbstractApplicationContext.finishBeanFactoryInitialization(AbstractApplicationContext.java:987) ~[spring-context-6.2.3.jar:6.2.3]
	at org.springframework.context.support.AbstractApplicationContext.refresh(AbstractApplicationContext.java:627) ~[spring-context-6.2.3.jar:6.2.3]
	at org.springframework.boot.SpringApplication.refresh(SpringApplication.java:752) ~[spring-boot-3.4.3.jar:3.4.3]
	at org.springframework.boot.SpringApplication.refreshContext(SpringApplication.java:439) ~[spring-boot-3.4.3.jar:3.4.3]
	at org.springframework.boot.SpringApplication.run(SpringApplication.java:318) ~[spring-boot-3.4.3.jar:3.4.3]
	at org.springframework.boot.test.context.SpringBootContextLoader.lambda$loadContext$3(SpringBootContextLoader.java:137) ~[spring-boot-test-3.4.3.jar:3.4.3]
	at org.springframework.util.function.ThrowingSupplier.get(ThrowingSupplier.java:58) ~[spring-core-6.2.3.jar:6.2.3]
	at org.springframework.util.function.ThrowingSupplier.get(ThrowingSupplier.java:46) ~[spring-core-6.2.3.jar:6.2.3]
	at org.springframework.boot.SpringApplication.withHook(SpringApplication.java:1461) ~[spring-boot-3.4.3.jar:3.4.3]
	at org.springframework.boot.test.context.SpringBootContextLoader$ContextLoaderHook.run(SpringBootContextLoader.java:553) ~[spring-boot-test-3.4.3.jar:3.4.3]
	at org.springframework.boot.test.context.SpringBootContextLoader.loadContext(SpringBootContextLoader.java:137) ~[spring-boot-test-3.4.3.jar:3.4.3]
	at org.springframework.boot.test.context.SpringBootContextLoader.loadContext(SpringBootContextLoader.java:108) ~[spring-boot-test-3.4.3.jar:3.4.3]
	at org.springframework.test.context.cache.DefaultCacheAwareContextLoaderDelegate.loadContextInternal(DefaultCacheAwareContextLoaderDelegate.java:225) ~[spring-test-6.2.3.jar:6.2.3]
	at org.springframework.test.context.cache.DefaultCacheAwareContextLoaderDelegate.loadContext(DefaultCacheAwareContextLoaderDelegate.java:152) ~[spring-test-6.2.3.jar:6.2.3]
	at org.springframework.test.context.support.DefaultTestContext.getApplicationContext(DefaultTestContext.java:130) ~[spring-test-6.2.3.jar:6.2.3]
	at org.springframework.test.context.web.ServletTestExecutionListener.setUpRequestContextIfNecessary(ServletTestExecutionListener.java:200) ~[spring-test-6.2.3.jar:6.2.3]
	at org.springframework.test.context.web.ServletTestExecutionListener.prepareTestInstance(ServletTestExecutionListener.java:139) ~[spring-test-6.2.3.jar:6.2.3]
	at org.springframework.test.context.TestContextManager.prepareTestInstance(TestContextManager.java:260) ~[spring-test-6.2.3.jar:6.2.3]
	at org.springframework.test.context.junit.jupiter.SpringExtension.postProcessTestInstance(SpringExtension.java:160) ~[spring-test-6.2.3.jar:6.2.3]
	at org.junit.jupiter.engine.descriptor.ClassBasedTestDescriptor.lambda$invokeTestInstancePostProcessors$11(ClassBasedTestDescriptor.java:378) ~[junit-jupiter-engine-5.11.4.jar:5.11.4]
	at org.junit.jupiter.engine.descriptor.ClassBasedTestDescriptor.executeAndMaskThrowable(ClassBasedTestDescriptor.java:383) ~[junit-jupiter-engine-5.11.4.jar:5.11.4]
	at org.junit.jupiter.engine.descriptor.ClassBasedTestDescriptor.lambda$invokeTestInstancePostProcessors$12(ClassBasedTestDescriptor.java:378) ~[junit-jupiter-engine-5.11.4.jar:5.11.4]
	at java.base/java.util.stream.ForEachOps$ForEachOp$OfRef.accept(ForEachOps.java:183) ~[?:?]
	at java.base/java.util.stream.ReferencePipeline$3$1.accept(ReferencePipeline.java:197) ~[?:?]
	at java.base/java.util.stream.ReferencePipeline$2$1.accept(ReferencePipeline.java:179) ~[?:?]
	at java.base/java.util.stream.ReferencePipeline$3$1.accept(ReferencePipeline.java:197) ~[?:?]
	at java.base/java.util.ArrayList$ArrayListSpliterator.forEachRemaining(ArrayList.java:1625) ~[?:?]
	at java.base/java.util.stream.AbstractPipeline.copyInto(AbstractPipeline.java:509) ~[?:?]
	at java.base/java.util.stream.AbstractPipeline.wrapAndCopyInto(AbstractPipeline.java:499) ~[?:?]
	at java.base/java.util.stream.ForEachOps$ForEachOp.evaluateSequential(ForEachOps.java:150) ~[?:?]
	at java.base/java.util.stream.ForEachOps$ForEachOp$OfRef.evaluateSequential(ForEachOps.java:173) ~[?:?]
	at java.base/java.util.stream.AbstractPipeline.evaluate(AbstractPipeline.java:234) ~[?:?]
	at java.base/java.util.stream.ReferencePipeline.forEach(ReferencePipeline.java:596) ~[?:?]
	at org.junit.jupiter.engine.descriptor.ClassBasedTestDescriptor.invokeTestInstancePostProcessors(ClassBasedTestDescriptor.java:377) ~[junit-jupiter-engine-5.11.4.jar:5.11.4]
	at org.junit.jupiter.engine.descriptor.ClassBasedTestDescriptor.lambda$instantiateAndPostProcessTestInstance$7(ClassBasedTestDescriptor.java:290) ~[junit-jupiter-engine-5.11.4.jar:5.11.4]
	at org.junit.platform.engine.support.hierarchical.ThrowableCollector.execute(ThrowableCollector.java:73) ~[junit-platform-engine-1.11.4.jar:1.11.4]
	at org.junit.jupiter.engine.descriptor.ClassBasedTestDescriptor.instantiateAndPostProcessTestInstance(ClassBasedTestDescriptor.java:289) ~[junit-jupiter-engine-5.11.4.jar:5.11.4]
	at org.junit.jupiter.engine.descriptor.ClassBasedTestDescriptor.lambda$testInstancesProvider$5(ClassBasedTestDescriptor.java:279) ~[junit-jupiter-engine-5.11.4.jar:5.11.4]
	at java.base/java.util.Optional.orElseGet(Optional.java:364) ~[?:?]
	at org.junit.jupiter.engine.descriptor.ClassBasedTestDescriptor.lambda$testInstancesProvider$6(ClassBasedTestDescriptor.java:278) ~[junit-jupiter-engine-5.11.4.jar:5.11.4]
	at org.junit.jupiter.engine.execution.TestInstancesProvider.getTestInstances(TestInstancesProvider.java:31) ~[junit-jupiter-engine-5.11.4.jar:5.11.4]
	at org.junit.jupiter.engine.descriptor.TestMethodTestDescriptor.lambda$prepare$1(TestMethodTestDescriptor.java:105) ~[junit-jupiter-engine-5.11.4.jar:5.11.4]
	at org.junit.platform.engine.support.hierarchical.ThrowableCollector.execute(ThrowableCollector.java:73) ~[junit-platform-engine-1.11.4.jar:1.11.4]
	at org.junit.jupiter.engine.descriptor.TestMethodTestDescriptor.prepare(TestMethodTestDescriptor.java:104) ~[junit-jupiter-engine-5.11.4.jar:5.11.4]
	at org.junit.jupiter.engine.descriptor.TestMethodTestDescriptor.prepare(TestMethodTestDescriptor.java:68) ~[junit-jupiter-engine-5.11.4.jar:5.11.4]
	at org.junit.platform.engine.support.hierarchical.NodeTestTask.lambda$prepare$2(NodeTestTask.java:128) ~[junit-platform-engine-1.11.4.jar:1.11.4]
	at org.junit.platform.engine.support.hierarchical.ThrowableCollector.execute(ThrowableCollector.java:73) ~[junit-platform-engine-1.11.4.jar:1.11.4]
	at org.junit.platform.engine.support.hierarchical.NodeTestTask.prepare(NodeTestTask.java:128) ~[junit-platform-engine-1.11.4.jar:1.11.4]
	at org.junit.platform.engine.support.hierarchical.NodeTestTask.execute(NodeTestTask.java:95) ~[junit-platform-engine-1.11.4.jar:1.11.4]
	at java.base/java.util.ArrayList.forEach(ArrayList.java:1511) ~[?:?]
	at org.junit.platform.engine.support.hierarchical.SameThreadHierarchicalTestExecutorService.invokeAll(SameThreadHierarchicalTestExecutorService.java:41) ~[junit-platform-engine-1.11.4.jar:1.11.4]
	at org.junit.platform.engine.support.hierarchical.NodeTestTask.lambda$executeRecursively$6(NodeTestTask.java:160) ~[junit-platform-engine-1.11.4.jar:1.11.4]
	at org.junit.platform.engine.support.hierarchical.ThrowableCollector.execute(ThrowableCollector.java:73) ~[junit-platform-engine-1.11.4.jar:1.11.4]
	at org.junit.platform.engine.support.hierarchical.NodeTestTask.lambda$executeRecursively$8(NodeTestTask.java:146) ~[junit-platform-engine-1.11.4.jar:1.11.4]
	at org.junit.platform.engine.support.hierarchical.Node.around(Node.java:137) ~[junit-platform-engine-1.11.4.jar:1.11.4]
	at org.junit.platform.engine.support.hierarchical.NodeTestTask.lambda$executeRecursively$9(NodeTestTask.java:144) ~[junit-platform-engine-1.11.4.jar:1.11.4]
	at org.junit.platform.engine.support.hierarchical.ThrowableCollector.execute(ThrowableCollector.java:73) ~[junit-platform-engine-1.11.4.jar:1.11.4]
	at org.junit.platform.engine.support.hierarchical.NodeTestTask.executeRecursively(NodeTestTask.java:143) ~[junit-platform-engine-1.11.4.jar:1.11.4]
	at org.junit.platform.engine.support.hierarchical.NodeTestTask.execute(NodeTestTask.java:100) ~[junit-platform-engine-1.11.4.jar:1.11.4]
	at java.base/java.util.ArrayList.forEach(ArrayList.java:1511) ~[?:?]
	at org.junit.platform.engine.support.hierarchical.SameThreadHierarchicalTestExecutorService.invokeAll(SameThreadHierarchicalTestExecutorService.java:41) ~[junit-platform-engine-1.11.4.jar:1.11.4]
	at org.junit.platform.engine.support.hierarchical.NodeTestTask.lambda$executeRecursively$6(NodeTestTask.java:160) ~[junit-platform-engine-1.11.4.jar:1.11.4]
	at org.junit.platform.engine.support.hierarchical.ThrowableCollector.execute(ThrowableCollector.java:73) ~[junit-platform-engine-1.11.4.jar:1.11.4]
	at org.junit.platform.engine.support.hierarchical.NodeTestTask.lambda$executeRecursively$8(NodeTestTask.java:146) ~[junit-platform-engine-1.11.4.jar:1.11.4]
	at org.junit.platform.engine.support.hierarchical.Node.around(Node.java:137) ~[junit-platform-engine-1.11.4.jar:1.11.4]
	at org.junit.platform.engine.support.hierarchical.NodeTestTask.lambda$executeRecursively$9(NodeTestTask.java:144) ~[junit-platform-engine-1.11.4.jar:1.11.4]
	at org.junit.platform.engine.support.hierarchical.ThrowableCollector.execute(ThrowableCollector.java:73) ~[junit-platform-engine-1.11.4.jar:1.11.4]
	at org.junit.platform.engine.support.hierarchical.NodeTestTask.executeRecursively(NodeTestTask.java:143) ~[junit-platform-engine-1.11.4.jar:1.11.4]
	at org.junit.platform.engine.support.hierarchical.NodeTestTask.execute(NodeTestTask.java:100) ~[junit-platform-engine-1.11.4.jar:1.11.4]
	at org.junit.platform.engine.support.hierarchical.SameThreadHierarchicalTestExecutorService.submit(SameThreadHierarchicalTestExecutorService.java:35) ~[junit-platform-engine-1.11.4.jar:1.11.4]
	at org.junit.platform.engine.support.hierarchical.HierarchicalTestExecutor.execute(HierarchicalTestExecutor.java:57) ~[junit-platform-engine-1.11.4.jar:1.11.4]
	at org.junit.platform.engine.support.hierarchical.HierarchicalTestEngine.execute(HierarchicalTestEngine.java:54) ~[junit-platform-engine-1.11.4.jar:1.11.4]
	at org.junit.platform.launcher.core.EngineExecutionOrchestrator.execute(EngineExecutionOrchestrator.java:198) ~[junit-platform-launcher-1.11.4.jar:1.11.4]
	at org.junit.platform.launcher.core.EngineExecutionOrchestrator.execute(EngineExecutionOrchestrator.java:169) ~[junit-platform-launcher-1.11.4.jar:1.11.4]
	at org.junit.platform.launcher.core.EngineExecutionOrchestrator.execute(EngineExecutionOrchestrator.java:93) ~[junit-platform-launcher-1.11.4.jar:1.11.4]
	at org.junit.platform.launcher.core.EngineExecutionOrchestrator.lambda$execute$0(EngineExecutionOrchestrator.java:58) ~[junit-platform-launcher-1.11.4.jar:1.11.4]
	at org.junit.platform.launcher.core.EngineExecutionOrchestrator.withInterceptedStreams(EngineExecutionOrchestrator.java:141) [junit-platform-launcher-1.11.4.jar:1.11.4]
	at org.junit.platform.launcher.core.EngineExecutionOrchestrator.execute(EngineExecutionOrchestrator.java:57) [junit-platform-launcher-1.11.4.jar:1.11.4]
	at org.junit.platform.launcher.core.DefaultLauncher.execute(DefaultLauncher.java:103) [junit-platform-launcher-1.11.4.jar:1.11.4]
	at org.junit.platform.launcher.core.DefaultLauncher.execute(DefaultLauncher.java:85) [junit-platform-launcher-1.11.4.jar:1.11.4]
	at org.junit.platform.launcher.core.DelegatingLauncher.execute(DelegatingLauncher.java:47) [junit-platform-launcher-1.11.4.jar:1.11.4]
	at org.apache.maven.surefire.junitplatform.LazyLauncher.execute(LazyLauncher.java:56) [surefire-junit-platform-3.5.2.jar:3.5.2]
	at org.apache.maven.surefire.junitplatform.JUnitPlatformProvider.execute(JUnitPlatformProvider.java:184) [surefire-junit-platform-3.5.2.jar:3.5.2]
	at org.apache.maven.surefire.junitplatform.JUnitPlatformProvider.invokeAllTests(JUnitPlatformProvider.java:148) [surefire-junit-platform-3.5.2.jar:3.5.2]
	at org.apache.maven.surefire.junitplatform.JUnitPlatformProvider.invoke(JUnitPlatformProvider.java:122) [surefire-junit-platform-3.5.2.jar:3.5.2]
	at org.apache.maven.surefire.booter.ForkedBooter.runSuitesInProcess(ForkedBooter.java:385) [surefire-booter-3.5.2.jar:3.5.2]
	at org.apache.maven.surefire.booter.ForkedBooter.execute(ForkedBooter.java:162) [surefire-booter-3.5.2.jar:3.5.2]
	at org.apache.maven.surefire.booter.ForkedBooter.run(ForkedBooter.java:507) [surefire-booter-3.5.2.jar:3.5.2]
	at org.apache.maven.surefire.booter.ForkedBooter.main(ForkedBooter.java:495) [surefire-booter-3.5.2.jar:3.5.2]
2025-06-13 17:24:42.706 [main] DEBUG org.springframework.data.jpa.repository.query.NamedQuery - Did not find named query UserCredentials.findByEmail
2025-06-13 17:24:42.706 [main] DEBUG org.springframework.orm.jpa.SharedEntityManagerCreator$SharedEntityManagerInvocationHandler - Creating new EntityManager for shared EntityManager invocation
2025-06-13 17:24:42.708 [main] DEBUG org.springframework.data.jpa.repository.query.NamedQuery - Looking up named query 'UserCredentials.existsByEmail'
2025-06-13 17:24:42.709 [main] DEBUG org.hibernate.resource.transaction.backend.jdbc.internal.JdbcResourceLocalTransactionCoordinatorImpl - JDBC transaction marked for rollback-only (exception provided for stack trace)
java.lang.Exception: exception just for purpose of providing stack trace
	at org.hibernate.resource.transaction.backend.jdbc.internal.JdbcResourceLocalTransactionCoordinatorImpl$TransactionDriverControlImpl.markRollbackOnly(JdbcResourceLocalTransactionCoordinatorImpl.java:309) ~[hibernate-core-6.6.8.Final.jar:6.6.8.Final]
	at org.hibernate.internal.AbstractSharedSessionContract.buildNamedQuery(AbstractSharedSessionContract.java:1141) ~[hibernate-core-6.6.8.Final.jar:6.6.8.Final]
	at org.hibernate.internal.AbstractSharedSessionContract.createNamedQuery(AbstractSharedSessionContract.java:1019) ~[hibernate-core-6.6.8.Final.jar:6.6.8.Final]
	at org.hibernate.internal.AbstractSharedSessionContract.createNamedQuery(AbstractSharedSessionContract.java:143) ~[hibernate-core-6.6.8.Final.jar:6.6.8.Final]
	at jdk.internal.reflect.GeneratedMethodAccessor95.invoke(Unknown Source) ~[?:?]
	at java.base/jdk.internal.reflect.DelegatingMethodAccessorImpl.invoke(DelegatingMethodAccessorImpl.java:43) ~[?:?]
	at java.base/java.lang.reflect.Method.invoke(Method.java:569) ~[?:?]
	at org.springframework.orm.jpa.ExtendedEntityManagerCreator$ExtendedEntityManagerInvocationHandler.invoke(ExtendedEntityManagerCreator.java:364) ~[spring-orm-6.2.3.jar:6.2.3]
	at jdk.proxy2/jdk.proxy2.$Proxy233.createNamedQuery(Unknown Source) ~[?:?]
	at org.springframework.data.jpa.repository.query.NamedQuery.hasNamedQuery(NamedQuery.java:114) ~[spring-data-jpa-3.4.3.jar:3.4.3]
	at org.springframework.data.jpa.repository.query.NamedQuery.lookupFrom(NamedQuery.java:140) ~[spring-data-jpa-3.4.3.jar:3.4.3]
	at org.springframework.data.jpa.repository.query.JpaQueryLookupStrategy$DeclaredQueryLookupStrategy.resolveQuery(JpaQueryLookupStrategy.java:184) ~[spring-data-jpa-3.4.3.jar:3.4.3]
	at org.springframework.data.jpa.repository.query.JpaQueryLookupStrategy$CreateIfNotFoundQueryLookupStrategy.resolveQuery(JpaQueryLookupStrategy.java:256) ~[spring-data-jpa-3.4.3.jar:3.4.3]
	at org.springframework.data.jpa.repository.query.JpaQueryLookupStrategy$AbstractQueryLookupStrategy.resolveQuery(JpaQueryLookupStrategy.java:99) ~[spring-data-jpa-3.4.3.jar:3.4.3]
	at org.springframework.data.repository.core.support.QueryExecutorMethodInterceptor.lookupQuery(QueryExecutorMethodInterceptor.java:116) ~[spring-data-commons-3.4.3.jar:3.4.3]
	at org.springframework.data.repository.core.support.QueryExecutorMethodInterceptor.mapMethodsToQuery(QueryExecutorMethodInterceptor.java:104) ~[spring-data-commons-3.4.3.jar:3.4.3]
	at org.springframework.data.repository.core.support.QueryExecutorMethodInterceptor.lambda$new$0(QueryExecutorMethodInterceptor.java:92) ~[spring-data-commons-3.4.3.jar:3.4.3]
	at java.base/java.util.Optional.map(Optional.java:260) ~[?:?]
	at org.springframework.data.repository.core.support.QueryExecutorMethodInterceptor.<init>(QueryExecutorMethodInterceptor.java:92) ~[spring-data-commons-3.4.3.jar:3.4.3]
	at org.springframework.data.repository.core.support.RepositoryFactorySupport.getRepository(RepositoryFactorySupport.java:440) ~[spring-data-commons-3.4.3.jar:3.4.3]
	at org.springframework.data.repository.core.support.RepositoryFactoryBeanSupport.lambda$afterPropertiesSet$4(RepositoryFactoryBeanSupport.java:350) ~[spring-data-commons-3.4.3.jar:3.4.3]
	at org.springframework.data.util.Lazy.getNullable(Lazy.java:135) ~[spring-data-commons-3.4.3.jar:3.4.3]
	at org.springframework.data.util.Lazy.get(Lazy.java:113) ~[spring-data-commons-3.4.3.jar:3.4.3]
	at org.springframework.data.repository.core.support.RepositoryFactoryBeanSupport.afterPropertiesSet(RepositoryFactoryBeanSupport.java:356) ~[spring-data-commons-3.4.3.jar:3.4.3]
	at org.springframework.data.jpa.repository.support.JpaRepositoryFactoryBean.afterPropertiesSet(JpaRepositoryFactoryBean.java:132) ~[spring-data-jpa-3.4.3.jar:3.4.3]
	at org.springframework.beans.factory.support.AbstractAutowireCapableBeanFactory.invokeInitMethods(AbstractAutowireCapableBeanFactory.java:1859) ~[spring-beans-6.2.3.jar:6.2.3]
	at org.springframework.beans.factory.support.AbstractAutowireCapableBeanFactory.initializeBean(AbstractAutowireCapableBeanFactory.java:1808) ~[spring-beans-6.2.3.jar:6.2.3]
	at org.springframework.beans.factory.support.AbstractAutowireCapableBeanFactory.doCreateBean(AbstractAutowireCapableBeanFactory.java:601) ~[spring-beans-6.2.3.jar:6.2.3]
	at org.springframework.beans.factory.support.AbstractAutowireCapableBeanFactory.createBean(AbstractAutowireCapableBeanFactory.java:523) ~[spring-beans-6.2.3.jar:6.2.3]
	at org.springframework.beans.factory.support.AbstractBeanFactory.lambda$doGetBean$0(AbstractBeanFactory.java:339) ~[spring-beans-6.2.3.jar:6.2.3]
	at org.springframework.beans.factory.support.DefaultSingletonBeanRegistry.getSingleton(DefaultSingletonBeanRegistry.java:346) ~[spring-beans-6.2.3.jar:6.2.3]
	at org.springframework.beans.factory.support.AbstractBeanFactory.doGetBean(AbstractBeanFactory.java:337) ~[spring-beans-6.2.3.jar:6.2.3]
	at org.springframework.beans.factory.support.AbstractBeanFactory.getBean(AbstractBeanFactory.java:202) ~[spring-beans-6.2.3.jar:6.2.3]
	at org.springframework.beans.factory.support.DefaultListableBeanFactory.doResolveDependency(DefaultListableBeanFactory.java:1606) ~[spring-beans-6.2.3.jar:6.2.3]
	at org.springframework.beans.factory.support.DefaultListableBeanFactory.resolveDependency(DefaultListableBeanFactory.java:1552) ~[spring-beans-6.2.3.jar:6.2.3]
	at org.springframework.beans.factory.support.ConstructorResolver.resolveAutowiredArgument(ConstructorResolver.java:913) ~[spring-beans-6.2.3.jar:6.2.3]
	at org.springframework.beans.factory.support.ConstructorResolver.createArgumentArray(ConstructorResolver.java:791) ~[spring-beans-6.2.3.jar:6.2.3]
	at org.springframework.beans.factory.support.ConstructorResolver.autowireConstructor(ConstructorResolver.java:240) ~[spring-beans-6.2.3.jar:6.2.3]
	at org.springframework.beans.factory.support.AbstractAutowireCapableBeanFactory.autowireConstructor(AbstractAutowireCapableBeanFactory.java:1381) ~[spring-beans-6.2.3.jar:6.2.3]
	at org.springframework.beans.factory.support.AbstractAutowireCapableBeanFactory.createBeanInstance(AbstractAutowireCapableBeanFactory.java:1218) ~[spring-beans-6.2.3.jar:6.2.3]
	at org.springframework.beans.factory.support.AbstractAutowireCapableBeanFactory.doCreateBean(AbstractAutowireCapableBeanFactory.java:563) ~[spring-beans-6.2.3.jar:6.2.3]
	at org.springframework.beans.factory.support.AbstractAutowireCapableBeanFactory.createBean(AbstractAutowireCapableBeanFactory.java:523) ~[spring-beans-6.2.3.jar:6.2.3]
	at org.springframework.beans.factory.support.AbstractBeanFactory.lambda$doGetBean$0(AbstractBeanFactory.java:339) ~[spring-beans-6.2.3.jar:6.2.3]
	at org.springframework.beans.factory.support.DefaultSingletonBeanRegistry.getSingleton(DefaultSingletonBeanRegistry.java:346) ~[spring-beans-6.2.3.jar:6.2.3]
	at org.springframework.beans.factory.support.AbstractBeanFactory.doGetBean(AbstractBeanFactory.java:337) ~[spring-beans-6.2.3.jar:6.2.3]
	at org.springframework.beans.factory.support.AbstractBeanFactory.getBean(AbstractBeanFactory.java:202) ~[spring-beans-6.2.3.jar:6.2.3]
	at org.springframework.beans.factory.config.DependencyDescriptor.resolveCandidate(DependencyDescriptor.java:254) ~[spring-beans-6.2.3.jar:6.2.3]
	at org.springframework.beans.factory.support.DefaultListableBeanFactory.doResolveDependency(DefaultListableBeanFactory.java:1664) ~[spring-beans-6.2.3.jar:6.2.3]
	at org.springframework.beans.factory.support.DefaultListableBeanFactory.resolveDependency(DefaultListableBeanFactory.java:1552) ~[spring-beans-6.2.3.jar:6.2.3]
	at org.springframework.beans.factory.support.ConstructorResolver.resolveAutowiredArgument(ConstructorResolver.java:913) ~[spring-beans-6.2.3.jar:6.2.3]
	at org.springframework.beans.factory.support.ConstructorResolver.createArgumentArray(ConstructorResolver.java:791) ~[spring-beans-6.2.3.jar:6.2.3]
	at org.springframework.beans.factory.support.ConstructorResolver.autowireConstructor(ConstructorResolver.java:240) ~[spring-beans-6.2.3.jar:6.2.3]
	at org.springframework.beans.factory.support.AbstractAutowireCapableBeanFactory.autowireConstructor(AbstractAutowireCapableBeanFactory.java:1381) ~[spring-beans-6.2.3.jar:6.2.3]
	at org.springframework.beans.factory.support.AbstractAutowireCapableBeanFactory.createBeanInstance(AbstractAutowireCapableBeanFactory.java:1218) ~[spring-beans-6.2.3.jar:6.2.3]
	at org.springframework.beans.factory.support.AbstractAutowireCapableBeanFactory.doCreateBean(AbstractAutowireCapableBeanFactory.java:563) ~[spring-beans-6.2.3.jar:6.2.3]
	at org.springframework.beans.factory.support.AbstractAutowireCapableBeanFactory.createBean(AbstractAutowireCapableBeanFactory.java:523) ~[spring-beans-6.2.3.jar:6.2.3]
	at org.springframework.beans.factory.support.AbstractBeanFactory.lambda$doGetBean$0(AbstractBeanFactory.java:339) ~[spring-beans-6.2.3.jar:6.2.3]
	at org.springframework.beans.factory.support.DefaultSingletonBeanRegistry.getSingleton(DefaultSingletonBeanRegistry.java:346) ~[spring-beans-6.2.3.jar:6.2.3]
	at org.springframework.beans.factory.support.AbstractBeanFactory.doGetBean(AbstractBeanFactory.java:337) ~[spring-beans-6.2.3.jar:6.2.3]
	at org.springframework.beans.factory.support.AbstractBeanFactory.getBean(AbstractBeanFactory.java:202) ~[spring-beans-6.2.3.jar:6.2.3]
	at org.springframework.beans.factory.support.DefaultListableBeanFactory.instantiateSingleton(DefaultListableBeanFactory.java:1155) ~[spring-beans-6.2.3.jar:6.2.3]
	at org.springframework.beans.factory.support.DefaultListableBeanFactory.preInstantiateSingleton(DefaultListableBeanFactory.java:1121) ~[spring-beans-6.2.3.jar:6.2.3]
	at org.springframework.beans.factory.support.DefaultListableBeanFactory.preInstantiateSingletons(DefaultListableBeanFactory.java:1056) ~[spring-beans-6.2.3.jar:6.2.3]
	at org.springframework.context.support.AbstractApplicationContext.finishBeanFactoryInitialization(AbstractApplicationContext.java:987) ~[spring-context-6.2.3.jar:6.2.3]
	at org.springframework.context.support.AbstractApplicationContext.refresh(AbstractApplicationContext.java:627) ~[spring-context-6.2.3.jar:6.2.3]
	at org.springframework.boot.SpringApplication.refresh(SpringApplication.java:752) ~[spring-boot-3.4.3.jar:3.4.3]
	at org.springframework.boot.SpringApplication.refreshContext(SpringApplication.java:439) ~[spring-boot-3.4.3.jar:3.4.3]
	at org.springframework.boot.SpringApplication.run(SpringApplication.java:318) ~[spring-boot-3.4.3.jar:3.4.3]
	at org.springframework.boot.test.context.SpringBootContextLoader.lambda$loadContext$3(SpringBootContextLoader.java:137) ~[spring-boot-test-3.4.3.jar:3.4.3]
	at org.springframework.util.function.ThrowingSupplier.get(ThrowingSupplier.java:58) ~[spring-core-6.2.3.jar:6.2.3]
	at org.springframework.util.function.ThrowingSupplier.get(ThrowingSupplier.java:46) ~[spring-core-6.2.3.jar:6.2.3]
	at org.springframework.boot.SpringApplication.withHook(SpringApplication.java:1461) ~[spring-boot-3.4.3.jar:3.4.3]
	at org.springframework.boot.test.context.SpringBootContextLoader$ContextLoaderHook.run(SpringBootContextLoader.java:553) ~[spring-boot-test-3.4.3.jar:3.4.3]
	at org.springframework.boot.test.context.SpringBootContextLoader.loadContext(SpringBootContextLoader.java:137) ~[spring-boot-test-3.4.3.jar:3.4.3]
	at org.springframework.boot.test.context.SpringBootContextLoader.loadContext(SpringBootContextLoader.java:108) ~[spring-boot-test-3.4.3.jar:3.4.3]
	at org.springframework.test.context.cache.DefaultCacheAwareContextLoaderDelegate.loadContextInternal(DefaultCacheAwareContextLoaderDelegate.java:225) ~[spring-test-6.2.3.jar:6.2.3]
	at org.springframework.test.context.cache.DefaultCacheAwareContextLoaderDelegate.loadContext(DefaultCacheAwareContextLoaderDelegate.java:152) ~[spring-test-6.2.3.jar:6.2.3]
	at org.springframework.test.context.support.DefaultTestContext.getApplicationContext(DefaultTestContext.java:130) ~[spring-test-6.2.3.jar:6.2.3]
	at org.springframework.test.context.web.ServletTestExecutionListener.setUpRequestContextIfNecessary(ServletTestExecutionListener.java:200) ~[spring-test-6.2.3.jar:6.2.3]
	at org.springframework.test.context.web.ServletTestExecutionListener.prepareTestInstance(ServletTestExecutionListener.java:139) ~[spring-test-6.2.3.jar:6.2.3]
	at org.springframework.test.context.TestContextManager.prepareTestInstance(TestContextManager.java:260) ~[spring-test-6.2.3.jar:6.2.3]
	at org.springframework.test.context.junit.jupiter.SpringExtension.postProcessTestInstance(SpringExtension.java:160) ~[spring-test-6.2.3.jar:6.2.3]
	at org.junit.jupiter.engine.descriptor.ClassBasedTestDescriptor.lambda$invokeTestInstancePostProcessors$11(ClassBasedTestDescriptor.java:378) ~[junit-jupiter-engine-5.11.4.jar:5.11.4]
	at org.junit.jupiter.engine.descriptor.ClassBasedTestDescriptor.executeAndMaskThrowable(ClassBasedTestDescriptor.java:383) ~[junit-jupiter-engine-5.11.4.jar:5.11.4]
	at org.junit.jupiter.engine.descriptor.ClassBasedTestDescriptor.lambda$invokeTestInstancePostProcessors$12(ClassBasedTestDescriptor.java:378) ~[junit-jupiter-engine-5.11.4.jar:5.11.4]
	at java.base/java.util.stream.ForEachOps$ForEachOp$OfRef.accept(ForEachOps.java:183) ~[?:?]
	at java.base/java.util.stream.ReferencePipeline$3$1.accept(ReferencePipeline.java:197) ~[?:?]
	at java.base/java.util.stream.ReferencePipeline$2$1.accept(ReferencePipeline.java:179) ~[?:?]
	at java.base/java.util.stream.ReferencePipeline$3$1.accept(ReferencePipeline.java:197) ~[?:?]
	at java.base/java.util.ArrayList$ArrayListSpliterator.forEachRemaining(ArrayList.java:1625) ~[?:?]
	at java.base/java.util.stream.AbstractPipeline.copyInto(AbstractPipeline.java:509) ~[?:?]
	at java.base/java.util.stream.AbstractPipeline.wrapAndCopyInto(AbstractPipeline.java:499) ~[?:?]
	at java.base/java.util.stream.ForEachOps$ForEachOp.evaluateSequential(ForEachOps.java:150) ~[?:?]
	at java.base/java.util.stream.ForEachOps$ForEachOp$OfRef.evaluateSequential(ForEachOps.java:173) ~[?:?]
	at java.base/java.util.stream.AbstractPipeline.evaluate(AbstractPipeline.java:234) ~[?:?]
	at java.base/java.util.stream.ReferencePipeline.forEach(ReferencePipeline.java:596) ~[?:?]
	at org.junit.jupiter.engine.descriptor.ClassBasedTestDescriptor.invokeTestInstancePostProcessors(ClassBasedTestDescriptor.java:377) ~[junit-jupiter-engine-5.11.4.jar:5.11.4]
	at org.junit.jupiter.engine.descriptor.ClassBasedTestDescriptor.lambda$instantiateAndPostProcessTestInstance$7(ClassBasedTestDescriptor.java:290) ~[junit-jupiter-engine-5.11.4.jar:5.11.4]
	at org.junit.platform.engine.support.hierarchical.ThrowableCollector.execute(ThrowableCollector.java:73) ~[junit-platform-engine-1.11.4.jar:1.11.4]
	at org.junit.jupiter.engine.descriptor.ClassBasedTestDescriptor.instantiateAndPostProcessTestInstance(ClassBasedTestDescriptor.java:289) ~[junit-jupiter-engine-5.11.4.jar:5.11.4]
	at org.junit.jupiter.engine.descriptor.ClassBasedTestDescriptor.lambda$testInstancesProvider$5(ClassBasedTestDescriptor.java:279) ~[junit-jupiter-engine-5.11.4.jar:5.11.4]
	at java.base/java.util.Optional.orElseGet(Optional.java:364) ~[?:?]
	at org.junit.jupiter.engine.descriptor.ClassBasedTestDescriptor.lambda$testInstancesProvider$6(ClassBasedTestDescriptor.java:278) ~[junit-jupiter-engine-5.11.4.jar:5.11.4]
	at org.junit.jupiter.engine.execution.TestInstancesProvider.getTestInstances(TestInstancesProvider.java:31) ~[junit-jupiter-engine-5.11.4.jar:5.11.4]
	at org.junit.jupiter.engine.descriptor.TestMethodTestDescriptor.lambda$prepare$1(TestMethodTestDescriptor.java:105) ~[junit-jupiter-engine-5.11.4.jar:5.11.4]
	at org.junit.platform.engine.support.hierarchical.ThrowableCollector.execute(ThrowableCollector.java:73) ~[junit-platform-engine-1.11.4.jar:1.11.4]
	at org.junit.jupiter.engine.descriptor.TestMethodTestDescriptor.prepare(TestMethodTestDescriptor.java:104) ~[junit-jupiter-engine-5.11.4.jar:5.11.4]
	at org.junit.jupiter.engine.descriptor.TestMethodTestDescriptor.prepare(TestMethodTestDescriptor.java:68) ~[junit-jupiter-engine-5.11.4.jar:5.11.4]
	at org.junit.platform.engine.support.hierarchical.NodeTestTask.lambda$prepare$2(NodeTestTask.java:128) ~[junit-platform-engine-1.11.4.jar:1.11.4]
	at org.junit.platform.engine.support.hierarchical.ThrowableCollector.execute(ThrowableCollector.java:73) ~[junit-platform-engine-1.11.4.jar:1.11.4]
	at org.junit.platform.engine.support.hierarchical.NodeTestTask.prepare(NodeTestTask.java:128) ~[junit-platform-engine-1.11.4.jar:1.11.4]
	at org.junit.platform.engine.support.hierarchical.NodeTestTask.execute(NodeTestTask.java:95) ~[junit-platform-engine-1.11.4.jar:1.11.4]
	at java.base/java.util.ArrayList.forEach(ArrayList.java:1511) ~[?:?]
	at org.junit.platform.engine.support.hierarchical.SameThreadHierarchicalTestExecutorService.invokeAll(SameThreadHierarchicalTestExecutorService.java:41) ~[junit-platform-engine-1.11.4.jar:1.11.4]
	at org.junit.platform.engine.support.hierarchical.NodeTestTask.lambda$executeRecursively$6(NodeTestTask.java:160) ~[junit-platform-engine-1.11.4.jar:1.11.4]
	at org.junit.platform.engine.support.hierarchical.ThrowableCollector.execute(ThrowableCollector.java:73) ~[junit-platform-engine-1.11.4.jar:1.11.4]
	at org.junit.platform.engine.support.hierarchical.NodeTestTask.lambda$executeRecursively$8(NodeTestTask.java:146) ~[junit-platform-engine-1.11.4.jar:1.11.4]
	at org.junit.platform.engine.support.hierarchical.Node.around(Node.java:137) ~[junit-platform-engine-1.11.4.jar:1.11.4]
	at org.junit.platform.engine.support.hierarchical.NodeTestTask.lambda$executeRecursively$9(NodeTestTask.java:144) ~[junit-platform-engine-1.11.4.jar:1.11.4]
	at org.junit.platform.engine.support.hierarchical.ThrowableCollector.execute(ThrowableCollector.java:73) ~[junit-platform-engine-1.11.4.jar:1.11.4]
	at org.junit.platform.engine.support.hierarchical.NodeTestTask.executeRecursively(NodeTestTask.java:143) ~[junit-platform-engine-1.11.4.jar:1.11.4]
	at org.junit.platform.engine.support.hierarchical.NodeTestTask.execute(NodeTestTask.java:100) ~[junit-platform-engine-1.11.4.jar:1.11.4]
	at java.base/java.util.ArrayList.forEach(ArrayList.java:1511) ~[?:?]
	at org.junit.platform.engine.support.hierarchical.SameThreadHierarchicalTestExecutorService.invokeAll(SameThreadHierarchicalTestExecutorService.java:41) ~[junit-platform-engine-1.11.4.jar:1.11.4]
	at org.junit.platform.engine.support.hierarchical.NodeTestTask.lambda$executeRecursively$6(NodeTestTask.java:160) ~[junit-platform-engine-1.11.4.jar:1.11.4]
	at org.junit.platform.engine.support.hierarchical.ThrowableCollector.execute(ThrowableCollector.java:73) ~[junit-platform-engine-1.11.4.jar:1.11.4]
	at org.junit.platform.engine.support.hierarchical.NodeTestTask.lambda$executeRecursively$8(NodeTestTask.java:146) ~[junit-platform-engine-1.11.4.jar:1.11.4]
	at org.junit.platform.engine.support.hierarchical.Node.around(Node.java:137) ~[junit-platform-engine-1.11.4.jar:1.11.4]
	at org.junit.platform.engine.support.hierarchical.NodeTestTask.lambda$executeRecursively$9(NodeTestTask.java:144) ~[junit-platform-engine-1.11.4.jar:1.11.4]
	at org.junit.platform.engine.support.hierarchical.ThrowableCollector.execute(ThrowableCollector.java:73) ~[junit-platform-engine-1.11.4.jar:1.11.4]
	at org.junit.platform.engine.support.hierarchical.NodeTestTask.executeRecursively(NodeTestTask.java:143) ~[junit-platform-engine-1.11.4.jar:1.11.4]
	at org.junit.platform.engine.support.hierarchical.NodeTestTask.execute(NodeTestTask.java:100) ~[junit-platform-engine-1.11.4.jar:1.11.4]
	at org.junit.platform.engine.support.hierarchical.SameThreadHierarchicalTestExecutorService.submit(SameThreadHierarchicalTestExecutorService.java:35) ~[junit-platform-engine-1.11.4.jar:1.11.4]
	at org.junit.platform.engine.support.hierarchical.HierarchicalTestExecutor.execute(HierarchicalTestExecutor.java:57) ~[junit-platform-engine-1.11.4.jar:1.11.4]
	at org.junit.platform.engine.support.hierarchical.HierarchicalTestEngine.execute(HierarchicalTestEngine.java:54) ~[junit-platform-engine-1.11.4.jar:1.11.4]
	at org.junit.platform.launcher.core.EngineExecutionOrchestrator.execute(EngineExecutionOrchestrator.java:198) ~[junit-platform-launcher-1.11.4.jar:1.11.4]
	at org.junit.platform.launcher.core.EngineExecutionOrchestrator.execute(EngineExecutionOrchestrator.java:169) ~[junit-platform-launcher-1.11.4.jar:1.11.4]
	at org.junit.platform.launcher.core.EngineExecutionOrchestrator.execute(EngineExecutionOrchestrator.java:93) ~[junit-platform-launcher-1.11.4.jar:1.11.4]
	at org.junit.platform.launcher.core.EngineExecutionOrchestrator.lambda$execute$0(EngineExecutionOrchestrator.java:58) ~[junit-platform-launcher-1.11.4.jar:1.11.4]
	at org.junit.platform.launcher.core.EngineExecutionOrchestrator.withInterceptedStreams(EngineExecutionOrchestrator.java:141) [junit-platform-launcher-1.11.4.jar:1.11.4]
	at org.junit.platform.launcher.core.EngineExecutionOrchestrator.execute(EngineExecutionOrchestrator.java:57) [junit-platform-launcher-1.11.4.jar:1.11.4]
	at org.junit.platform.launcher.core.DefaultLauncher.execute(DefaultLauncher.java:103) [junit-platform-launcher-1.11.4.jar:1.11.4]
	at org.junit.platform.launcher.core.DefaultLauncher.execute(DefaultLauncher.java:85) [junit-platform-launcher-1.11.4.jar:1.11.4]
	at org.junit.platform.launcher.core.DelegatingLauncher.execute(DelegatingLauncher.java:47) [junit-platform-launcher-1.11.4.jar:1.11.4]
	at org.apache.maven.surefire.junitplatform.LazyLauncher.execute(LazyLauncher.java:56) [surefire-junit-platform-3.5.2.jar:3.5.2]
	at org.apache.maven.surefire.junitplatform.JUnitPlatformProvider.execute(JUnitPlatformProvider.java:184) [surefire-junit-platform-3.5.2.jar:3.5.2]
	at org.apache.maven.surefire.junitplatform.JUnitPlatformProvider.invokeAllTests(JUnitPlatformProvider.java:148) [surefire-junit-platform-3.5.2.jar:3.5.2]
	at org.apache.maven.surefire.junitplatform.JUnitPlatformProvider.invoke(JUnitPlatformProvider.java:122) [surefire-junit-platform-3.5.2.jar:3.5.2]
	at org.apache.maven.surefire.booter.ForkedBooter.runSuitesInProcess(ForkedBooter.java:385) [surefire-booter-3.5.2.jar:3.5.2]
	at org.apache.maven.surefire.booter.ForkedBooter.execute(ForkedBooter.java:162) [surefire-booter-3.5.2.jar:3.5.2]
	at org.apache.maven.surefire.booter.ForkedBooter.run(ForkedBooter.java:507) [surefire-booter-3.5.2.jar:3.5.2]
	at org.apache.maven.surefire.booter.ForkedBooter.main(ForkedBooter.java:495) [surefire-booter-3.5.2.jar:3.5.2]
2025-06-13 17:24:42.710 [main] DEBUG org.springframework.data.jpa.repository.query.NamedQuery - Did not find named query UserCredentials.existsByEmail
2025-06-13 17:24:42.710 [main] DEBUG org.springframework.orm.jpa.SharedEntityManagerCreator$SharedEntityManagerInvocationHandler - Creating new EntityManager for shared EntityManager invocation
2025-06-13 17:24:42.711 [main] DEBUG org.springframework.data.repository.core.support.RepositoryFactorySupport - Finished creation of repository instance for com.example.trainup.repository.UserCredentialsRepository.
2025-06-13 17:24:42.738 [main] DEBUG org.springframework.beans.factory.support.DefaultListableBeanFactory - Autowiring by type from bean name 'customUserDetailsService' via constructor to bean named 'userCredentialsRepository'
2025-06-13 17:24:42.748 [main] DEBUG org.springframework.beans.factory.support.DefaultListableBeanFactory - Creating shared instance of singleton bean 'jwtAuthenticationFilter'
2025-06-13 17:24:42.748 [main] DEBUG org.springframework.beans.factory.support.DefaultListableBeanFactory - Creating shared instance of singleton bean 'jwtUtil'
2025-06-13 17:24:42.749 [main] DEBUG org.springframework.core.env.PropertySourcesPropertyResolver - Found key 'jwt.secret' in PropertySource 'environmentProperties' with value of type String
2025-06-13 17:24:42.749 [main] DEBUG org.springframework.core.env.PropertySourcesPropertyResolver - Found key 'jwt.expiration' in PropertySource 'environmentProperties' with value of type String
2025-06-13 17:24:42.759 [main] DEBUG org.springframework.beans.factory.support.DefaultListableBeanFactory - Autowiring by type from bean name 'jwtAuthenticationFilter' via constructor to bean named 'customUserDetailsService'
2025-06-13 17:24:42.759 [main] DEBUG org.springframework.beans.factory.support.DefaultListableBeanFactory - Autowiring by type from bean name 'jwtAuthenticationFilter' via constructor to bean named 'jwtUtil'
2025-06-13 17:24:42.772 [main] DEBUG org.springframework.beans.factory.support.DefaultListableBeanFactory - Autowiring by type from bean name 'securityConfig' via constructor to bean named 'customUserDetailsService'
2025-06-13 17:24:42.772 [main] DEBUG org.springframework.beans.factory.support.DefaultListableBeanFactory - Autowiring by type from bean name 'securityConfig' via constructor to bean named 'jwtAuthenticationFilter'
2025-06-13 17:24:42.772 [main] DEBUG org.springframework.beans.factory.support.DefaultListableBeanFactory - Autowiring by type from bean name 'securityConfig' via constructor to bean named 'org.springframework.web.context.support.GenericWebApplicationContext@4d920a01'
2025-06-13 17:24:42.785 [main] DEBUG org.springframework.beans.factory.support.DefaultListableBeanFactory - Creating shared instance of singleton bean 'athleteController'
2025-06-13 17:24:42.786 [main] DEBUG org.springframework.beans.factory.support.DefaultListableBeanFactory - Creating shared instance of singleton bean 'athleteServiceImpl'
2025-06-13 17:24:42.787 [main] DEBUG org.springframework.beans.factory.support.DefaultListableBeanFactory - Creating shared instance of singleton bean 'athleteMapperImpl'
2025-06-13 17:24:42.805 [main] DEBUG org.springframework.beans.factory.support.DefaultListableBeanFactory - Creating shared instance of singleton bean 'getPasswordEncoder'
2025-06-13 17:24:42.806 [main] DEBUG org.springframework.beans.factory.support.DefaultListableBeanFactory - Creating shared instance of singleton bean 'athleteRepository'
2025-06-13 17:24:42.808 [main] DEBUG org.springframework.beans.factory.support.DefaultListableBeanFactory - Creating shared instance of singleton bean 'jpa.named-queries#2'
2025-06-13 17:24:42.810 [main] DEBUG org.springframework.beans.factory.support.DefaultListableBeanFactory - Creating shared instance of singleton bean 'jpa.AthleteRepository.fragments#0'
2025-06-13 17:24:42.810 [main] DEBUG org.springframework.orm.jpa.SharedEntityManagerCreator$SharedEntityManagerInvocationHandler - Creating new EntityManager for shared EntityManager invocation
2025-06-13 17:24:42.828 [main] DEBUG org.springframework.data.repository.core.support.RepositoryFactorySupport - Initializing repository instance for com.example.trainup.repository.AthleteRepository…
2025-06-13 17:24:42.829 [main] DEBUG org.springframework.orm.jpa.SharedEntityManagerCreator$SharedEntityManagerInvocationHandler - Creating new EntityManager for shared EntityManager invocation
2025-06-13 17:24:42.830 [main] DEBUG org.hibernate.resource.transaction.backend.jdbc.internal.JdbcResourceLocalTransactionCoordinatorImpl - JDBC transaction marked for rollback-only (exception provided for stack trace)
java.lang.Exception: exception just for purpose of providing stack trace
	at org.hibernate.resource.transaction.backend.jdbc.internal.JdbcResourceLocalTransactionCoordinatorImpl$TransactionDriverControlImpl.markRollbackOnly(JdbcResourceLocalTransactionCoordinatorImpl.java:309) ~[hibernate-core-6.6.8.Final.jar:6.6.8.Final]
	at org.hibernate.internal.AbstractSharedSessionContract.buildNamedQuery(AbstractSharedSessionContract.java:1141) ~[hibernate-core-6.6.8.Final.jar:6.6.8.Final]
	at org.hibernate.internal.AbstractSharedSessionContract.createNamedQuery(AbstractSharedSessionContract.java:1019) ~[hibernate-core-6.6.8.Final.jar:6.6.8.Final]
	at org.hibernate.internal.AbstractSharedSessionContract.createNamedQuery(AbstractSharedSessionContract.java:143) ~[hibernate-core-6.6.8.Final.jar:6.6.8.Final]
	at jdk.internal.reflect.GeneratedMethodAccessor95.invoke(Unknown Source) ~[?:?]
	at java.base/jdk.internal.reflect.DelegatingMethodAccessorImpl.invoke(DelegatingMethodAccessorImpl.java:43) ~[?:?]
	at java.base/java.lang.reflect.Method.invoke(Method.java:569) ~[?:?]
	at org.springframework.orm.jpa.ExtendedEntityManagerCreator$ExtendedEntityManagerInvocationHandler.invoke(ExtendedEntityManagerCreator.java:364) ~[spring-orm-6.2.3.jar:6.2.3]
	at jdk.proxy2/jdk.proxy2.$Proxy233.createNamedQuery(Unknown Source) ~[?:?]
	at org.springframework.data.jpa.repository.query.NamedQuery.hasNamedQuery(NamedQuery.java:114) ~[spring-data-jpa-3.4.3.jar:3.4.3]
	at org.springframework.data.jpa.repository.query.JpaQueryLookupStrategy$DeclaredQueryLookupStrategy.getCountQuery(JpaQueryLookupStrategy.java:208) ~[spring-data-jpa-3.4.3.jar:3.4.3]
	at org.springframework.data.jpa.repository.query.JpaQueryLookupStrategy$DeclaredQueryLookupStrategy.resolveQuery(JpaQueryLookupStrategy.java:175) ~[spring-data-jpa-3.4.3.jar:3.4.3]
	at org.springframework.data.jpa.repository.query.JpaQueryLookupStrategy$CreateIfNotFoundQueryLookupStrategy.resolveQuery(JpaQueryLookupStrategy.java:256) ~[spring-data-jpa-3.4.3.jar:3.4.3]
	at org.springframework.data.jpa.repository.query.JpaQueryLookupStrategy$AbstractQueryLookupStrategy.resolveQuery(JpaQueryLookupStrategy.java:99) ~[spring-data-jpa-3.4.3.jar:3.4.3]
	at org.springframework.data.repository.core.support.QueryExecutorMethodInterceptor.lookupQuery(QueryExecutorMethodInterceptor.java:116) ~[spring-data-commons-3.4.3.jar:3.4.3]
	at org.springframework.data.repository.core.support.QueryExecutorMethodInterceptor.mapMethodsToQuery(QueryExecutorMethodInterceptor.java:104) ~[spring-data-commons-3.4.3.jar:3.4.3]
	at org.springframework.data.repository.core.support.QueryExecutorMethodInterceptor.lambda$new$0(QueryExecutorMethodInterceptor.java:92) ~[spring-data-commons-3.4.3.jar:3.4.3]
	at java.base/java.util.Optional.map(Optional.java:260) ~[?:?]
	at org.springframework.data.repository.core.support.QueryExecutorMethodInterceptor.<init>(QueryExecutorMethodInterceptor.java:92) ~[spring-data-commons-3.4.3.jar:3.4.3]
	at org.springframework.data.repository.core.support.RepositoryFactorySupport.getRepository(RepositoryFactorySupport.java:440) ~[spring-data-commons-3.4.3.jar:3.4.3]
	at org.springframework.data.repository.core.support.RepositoryFactoryBeanSupport.lambda$afterPropertiesSet$4(RepositoryFactoryBeanSupport.java:350) ~[spring-data-commons-3.4.3.jar:3.4.3]
	at org.springframework.data.util.Lazy.getNullable(Lazy.java:135) ~[spring-data-commons-3.4.3.jar:3.4.3]
	at org.springframework.data.util.Lazy.get(Lazy.java:113) ~[spring-data-commons-3.4.3.jar:3.4.3]
	at org.springframework.data.repository.core.support.RepositoryFactoryBeanSupport.afterPropertiesSet(RepositoryFactoryBeanSupport.java:356) ~[spring-data-commons-3.4.3.jar:3.4.3]
	at org.springframework.data.jpa.repository.support.JpaRepositoryFactoryBean.afterPropertiesSet(JpaRepositoryFactoryBean.java:132) ~[spring-data-jpa-3.4.3.jar:3.4.3]
	at org.springframework.beans.factory.support.AbstractAutowireCapableBeanFactory.invokeInitMethods(AbstractAutowireCapableBeanFactory.java:1859) ~[spring-beans-6.2.3.jar:6.2.3]
	at org.springframework.beans.factory.support.AbstractAutowireCapableBeanFactory.initializeBean(AbstractAutowireCapableBeanFactory.java:1808) ~[spring-beans-6.2.3.jar:6.2.3]
	at org.springframework.beans.factory.support.AbstractAutowireCapableBeanFactory.doCreateBean(AbstractAutowireCapableBeanFactory.java:601) ~[spring-beans-6.2.3.jar:6.2.3]
	at org.springframework.beans.factory.support.AbstractAutowireCapableBeanFactory.createBean(AbstractAutowireCapableBeanFactory.java:523) ~[spring-beans-6.2.3.jar:6.2.3]
	at org.springframework.beans.factory.support.AbstractBeanFactory.lambda$doGetBean$0(AbstractBeanFactory.java:339) ~[spring-beans-6.2.3.jar:6.2.3]
	at org.springframework.beans.factory.support.DefaultSingletonBeanRegistry.getSingleton(DefaultSingletonBeanRegistry.java:346) ~[spring-beans-6.2.3.jar:6.2.3]
	at org.springframework.beans.factory.support.AbstractBeanFactory.doGetBean(AbstractBeanFactory.java:337) ~[spring-beans-6.2.3.jar:6.2.3]
	at org.springframework.beans.factory.support.AbstractBeanFactory.getBean(AbstractBeanFactory.java:202) ~[spring-beans-6.2.3.jar:6.2.3]
	at org.springframework.beans.factory.support.DefaultListableBeanFactory.doResolveDependency(DefaultListableBeanFactory.java:1606) ~[spring-beans-6.2.3.jar:6.2.3]
	at org.springframework.beans.factory.support.DefaultListableBeanFactory.resolveDependency(DefaultListableBeanFactory.java:1552) ~[spring-beans-6.2.3.jar:6.2.3]
	at org.springframework.beans.factory.support.ConstructorResolver.resolveAutowiredArgument(ConstructorResolver.java:913) ~[spring-beans-6.2.3.jar:6.2.3]
	at org.springframework.beans.factory.support.ConstructorResolver.createArgumentArray(ConstructorResolver.java:791) ~[spring-beans-6.2.3.jar:6.2.3]
	at org.springframework.beans.factory.support.ConstructorResolver.autowireConstructor(ConstructorResolver.java:240) ~[spring-beans-6.2.3.jar:6.2.3]
	at org.springframework.beans.factory.support.AbstractAutowireCapableBeanFactory.autowireConstructor(AbstractAutowireCapableBeanFactory.java:1381) ~[spring-beans-6.2.3.jar:6.2.3]
	at org.springframework.beans.factory.support.AbstractAutowireCapableBeanFactory.createBeanInstance(AbstractAutowireCapableBeanFactory.java:1218) ~[spring-beans-6.2.3.jar:6.2.3]
	at org.springframework.beans.factory.support.AbstractAutowireCapableBeanFactory.doCreateBean(AbstractAutowireCapableBeanFactory.java:563) ~[spring-beans-6.2.3.jar:6.2.3]
	at org.springframework.beans.factory.support.AbstractAutowireCapableBeanFactory.createBean(AbstractAutowireCapableBeanFactory.java:523) ~[spring-beans-6.2.3.jar:6.2.3]
	at org.springframework.beans.factory.support.AbstractBeanFactory.lambda$doGetBean$0(AbstractBeanFactory.java:339) ~[spring-beans-6.2.3.jar:6.2.3]
	at org.springframework.beans.factory.support.DefaultSingletonBeanRegistry.getSingleton(DefaultSingletonBeanRegistry.java:346) ~[spring-beans-6.2.3.jar:6.2.3]
	at org.springframework.beans.factory.support.AbstractBeanFactory.doGetBean(AbstractBeanFactory.java:337) ~[spring-beans-6.2.3.jar:6.2.3]
	at org.springframework.beans.factory.support.AbstractBeanFactory.getBean(AbstractBeanFactory.java:202) ~[spring-beans-6.2.3.jar:6.2.3]
	at org.springframework.beans.factory.config.DependencyDescriptor.resolveCandidate(DependencyDescriptor.java:254) ~[spring-beans-6.2.3.jar:6.2.3]
	at org.springframework.beans.factory.support.DefaultListableBeanFactory.doResolveDependency(DefaultListableBeanFactory.java:1664) ~[spring-beans-6.2.3.jar:6.2.3]
	at org.springframework.beans.factory.support.DefaultListableBeanFactory.resolveDependency(DefaultListableBeanFactory.java:1552) ~[spring-beans-6.2.3.jar:6.2.3]
	at org.springframework.beans.factory.support.ConstructorResolver.resolveAutowiredArgument(ConstructorResolver.java:913) ~[spring-beans-6.2.3.jar:6.2.3]
	at org.springframework.beans.factory.support.ConstructorResolver.createArgumentArray(ConstructorResolver.java:791) ~[spring-beans-6.2.3.jar:6.2.3]
	at org.springframework.beans.factory.support.ConstructorResolver.autowireConstructor(ConstructorResolver.java:240) ~[spring-beans-6.2.3.jar:6.2.3]
	at org.springframework.beans.factory.support.AbstractAutowireCapableBeanFactory.autowireConstructor(AbstractAutowireCapableBeanFactory.java:1381) ~[spring-beans-6.2.3.jar:6.2.3]
	at org.springframework.beans.factory.support.AbstractAutowireCapableBeanFactory.createBeanInstance(AbstractAutowireCapableBeanFactory.java:1218) ~[spring-beans-6.2.3.jar:6.2.3]
	at org.springframework.beans.factory.support.AbstractAutowireCapableBeanFactory.doCreateBean(AbstractAutowireCapableBeanFactory.java:563) ~[spring-beans-6.2.3.jar:6.2.3]
	at org.springframework.beans.factory.support.AbstractAutowireCapableBeanFactory.createBean(AbstractAutowireCapableBeanFactory.java:523) ~[spring-beans-6.2.3.jar:6.2.3]
	at org.springframework.beans.factory.support.AbstractBeanFactory.lambda$doGetBean$0(AbstractBeanFactory.java:339) ~[spring-beans-6.2.3.jar:6.2.3]
	at org.springframework.beans.factory.support.DefaultSingletonBeanRegistry.getSingleton(DefaultSingletonBeanRegistry.java:346) ~[spring-beans-6.2.3.jar:6.2.3]
	at org.springframework.beans.factory.support.AbstractBeanFactory.doGetBean(AbstractBeanFactory.java:337) ~[spring-beans-6.2.3.jar:6.2.3]
	at org.springframework.beans.factory.support.AbstractBeanFactory.getBean(AbstractBeanFactory.java:202) ~[spring-beans-6.2.3.jar:6.2.3]
	at org.springframework.beans.factory.support.DefaultListableBeanFactory.instantiateSingleton(DefaultListableBeanFactory.java:1155) ~[spring-beans-6.2.3.jar:6.2.3]
	at org.springframework.beans.factory.support.DefaultListableBeanFactory.preInstantiateSingleton(DefaultListableBeanFactory.java:1121) ~[spring-beans-6.2.3.jar:6.2.3]
	at org.springframework.beans.factory.support.DefaultListableBeanFactory.preInstantiateSingletons(DefaultListableBeanFactory.java:1056) ~[spring-beans-6.2.3.jar:6.2.3]
	at org.springframework.context.support.AbstractApplicationContext.finishBeanFactoryInitialization(AbstractApplicationContext.java:987) ~[spring-context-6.2.3.jar:6.2.3]
	at org.springframework.context.support.AbstractApplicationContext.refresh(AbstractApplicationContext.java:627) ~[spring-context-6.2.3.jar:6.2.3]
	at org.springframework.boot.SpringApplication.refresh(SpringApplication.java:752) ~[spring-boot-3.4.3.jar:3.4.3]
	at org.springframework.boot.SpringApplication.refreshContext(SpringApplication.java:439) ~[spring-boot-3.4.3.jar:3.4.3]
	at org.springframework.boot.SpringApplication.run(SpringApplication.java:318) ~[spring-boot-3.4.3.jar:3.4.3]
	at org.springframework.boot.test.context.SpringBootContextLoader.lambda$loadContext$3(SpringBootContextLoader.java:137) ~[spring-boot-test-3.4.3.jar:3.4.3]
	at org.springframework.util.function.ThrowingSupplier.get(ThrowingSupplier.java:58) ~[spring-core-6.2.3.jar:6.2.3]
	at org.springframework.util.function.ThrowingSupplier.get(ThrowingSupplier.java:46) ~[spring-core-6.2.3.jar:6.2.3]
	at org.springframework.boot.SpringApplication.withHook(SpringApplication.java:1461) ~[spring-boot-3.4.3.jar:3.4.3]
	at org.springframework.boot.test.context.SpringBootContextLoader$ContextLoaderHook.run(SpringBootContextLoader.java:553) ~[spring-boot-test-3.4.3.jar:3.4.3]
	at org.springframework.boot.test.context.SpringBootContextLoader.loadContext(SpringBootContextLoader.java:137) ~[spring-boot-test-3.4.3.jar:3.4.3]
	at org.springframework.boot.test.context.SpringBootContextLoader.loadContext(SpringBootContextLoader.java:108) ~[spring-boot-test-3.4.3.jar:3.4.3]
	at org.springframework.test.context.cache.DefaultCacheAwareContextLoaderDelegate.loadContextInternal(DefaultCacheAwareContextLoaderDelegate.java:225) ~[spring-test-6.2.3.jar:6.2.3]
	at org.springframework.test.context.cache.DefaultCacheAwareContextLoaderDelegate.loadContext(DefaultCacheAwareContextLoaderDelegate.java:152) ~[spring-test-6.2.3.jar:6.2.3]
	at org.springframework.test.context.support.DefaultTestContext.getApplicationContext(DefaultTestContext.java:130) ~[spring-test-6.2.3.jar:6.2.3]
	at org.springframework.test.context.web.ServletTestExecutionListener.setUpRequestContextIfNecessary(ServletTestExecutionListener.java:200) ~[spring-test-6.2.3.jar:6.2.3]
	at org.springframework.test.context.web.ServletTestExecutionListener.prepareTestInstance(ServletTestExecutionListener.java:139) ~[spring-test-6.2.3.jar:6.2.3]
	at org.springframework.test.context.TestContextManager.prepareTestInstance(TestContextManager.java:260) ~[spring-test-6.2.3.jar:6.2.3]
	at org.springframework.test.context.junit.jupiter.SpringExtension.postProcessTestInstance(SpringExtension.java:160) ~[spring-test-6.2.3.jar:6.2.3]
	at org.junit.jupiter.engine.descriptor.ClassBasedTestDescriptor.lambda$invokeTestInstancePostProcessors$11(ClassBasedTestDescriptor.java:378) ~[junit-jupiter-engine-5.11.4.jar:5.11.4]
	at org.junit.jupiter.engine.descriptor.ClassBasedTestDescriptor.executeAndMaskThrowable(ClassBasedTestDescriptor.java:383) ~[junit-jupiter-engine-5.11.4.jar:5.11.4]
	at org.junit.jupiter.engine.descriptor.ClassBasedTestDescriptor.lambda$invokeTestInstancePostProcessors$12(ClassBasedTestDescriptor.java:378) ~[junit-jupiter-engine-5.11.4.jar:5.11.4]
	at java.base/java.util.stream.ForEachOps$ForEachOp$OfRef.accept(ForEachOps.java:183) ~[?:?]
	at java.base/java.util.stream.ReferencePipeline$3$1.accept(ReferencePipeline.java:197) ~[?:?]
	at java.base/java.util.stream.ReferencePipeline$2$1.accept(ReferencePipeline.java:179) ~[?:?]
	at java.base/java.util.stream.ReferencePipeline$3$1.accept(ReferencePipeline.java:197) ~[?:?]
	at java.base/java.util.ArrayList$ArrayListSpliterator.forEachRemaining(ArrayList.java:1625) ~[?:?]
	at java.base/java.util.stream.AbstractPipeline.copyInto(AbstractPipeline.java:509) ~[?:?]
	at java.base/java.util.stream.AbstractPipeline.wrapAndCopyInto(AbstractPipeline.java:499) ~[?:?]
	at java.base/java.util.stream.ForEachOps$ForEachOp.evaluateSequential(ForEachOps.java:150) ~[?:?]
	at java.base/java.util.stream.ForEachOps$ForEachOp$OfRef.evaluateSequential(ForEachOps.java:173) ~[?:?]
	at java.base/java.util.stream.AbstractPipeline.evaluate(AbstractPipeline.java:234) ~[?:?]
	at java.base/java.util.stream.ReferencePipeline.forEach(ReferencePipeline.java:596) ~[?:?]
	at org.junit.jupiter.engine.descriptor.ClassBasedTestDescriptor.invokeTestInstancePostProcessors(ClassBasedTestDescriptor.java:377) ~[junit-jupiter-engine-5.11.4.jar:5.11.4]
	at org.junit.jupiter.engine.descriptor.ClassBasedTestDescriptor.lambda$instantiateAndPostProcessTestInstance$7(ClassBasedTestDescriptor.java:290) ~[junit-jupiter-engine-5.11.4.jar:5.11.4]
	at org.junit.platform.engine.support.hierarchical.ThrowableCollector.execute(ThrowableCollector.java:73) ~[junit-platform-engine-1.11.4.jar:1.11.4]
	at org.junit.jupiter.engine.descriptor.ClassBasedTestDescriptor.instantiateAndPostProcessTestInstance(ClassBasedTestDescriptor.java:289) ~[junit-jupiter-engine-5.11.4.jar:5.11.4]
	at org.junit.jupiter.engine.descriptor.ClassBasedTestDescriptor.lambda$testInstancesProvider$5(ClassBasedTestDescriptor.java:279) ~[junit-jupiter-engine-5.11.4.jar:5.11.4]
	at java.base/java.util.Optional.orElseGet(Optional.java:364) ~[?:?]
	at org.junit.jupiter.engine.descriptor.ClassBasedTestDescriptor.lambda$testInstancesProvider$6(ClassBasedTestDescriptor.java:278) ~[junit-jupiter-engine-5.11.4.jar:5.11.4]
	at org.junit.jupiter.engine.execution.TestInstancesProvider.getTestInstances(TestInstancesProvider.java:31) ~[junit-jupiter-engine-5.11.4.jar:5.11.4]
	at org.junit.jupiter.engine.descriptor.TestMethodTestDescriptor.lambda$prepare$1(TestMethodTestDescriptor.java:105) ~[junit-jupiter-engine-5.11.4.jar:5.11.4]
	at org.junit.platform.engine.support.hierarchical.ThrowableCollector.execute(ThrowableCollector.java:73) ~[junit-platform-engine-1.11.4.jar:1.11.4]
	at org.junit.jupiter.engine.descriptor.TestMethodTestDescriptor.prepare(TestMethodTestDescriptor.java:104) ~[junit-jupiter-engine-5.11.4.jar:5.11.4]
	at org.junit.jupiter.engine.descriptor.TestMethodTestDescriptor.prepare(TestMethodTestDescriptor.java:68) ~[junit-jupiter-engine-5.11.4.jar:5.11.4]
	at org.junit.platform.engine.support.hierarchical.NodeTestTask.lambda$prepare$2(NodeTestTask.java:128) ~[junit-platform-engine-1.11.4.jar:1.11.4]
	at org.junit.platform.engine.support.hierarchical.ThrowableCollector.execute(ThrowableCollector.java:73) ~[junit-platform-engine-1.11.4.jar:1.11.4]
	at org.junit.platform.engine.support.hierarchical.NodeTestTask.prepare(NodeTestTask.java:128) ~[junit-platform-engine-1.11.4.jar:1.11.4]
	at org.junit.platform.engine.support.hierarchical.NodeTestTask.execute(NodeTestTask.java:95) ~[junit-platform-engine-1.11.4.jar:1.11.4]
	at java.base/java.util.ArrayList.forEach(ArrayList.java:1511) ~[?:?]
	at org.junit.platform.engine.support.hierarchical.SameThreadHierarchicalTestExecutorService.invokeAll(SameThreadHierarchicalTestExecutorService.java:41) ~[junit-platform-engine-1.11.4.jar:1.11.4]
	at org.junit.platform.engine.support.hierarchical.NodeTestTask.lambda$executeRecursively$6(NodeTestTask.java:160) ~[junit-platform-engine-1.11.4.jar:1.11.4]
	at org.junit.platform.engine.support.hierarchical.ThrowableCollector.execute(ThrowableCollector.java:73) ~[junit-platform-engine-1.11.4.jar:1.11.4]
	at org.junit.platform.engine.support.hierarchical.NodeTestTask.lambda$executeRecursively$8(NodeTestTask.java:146) ~[junit-platform-engine-1.11.4.jar:1.11.4]
	at org.junit.platform.engine.support.hierarchical.Node.around(Node.java:137) ~[junit-platform-engine-1.11.4.jar:1.11.4]
	at org.junit.platform.engine.support.hierarchical.NodeTestTask.lambda$executeRecursively$9(NodeTestTask.java:144) ~[junit-platform-engine-1.11.4.jar:1.11.4]
	at org.junit.platform.engine.support.hierarchical.ThrowableCollector.execute(ThrowableCollector.java:73) ~[junit-platform-engine-1.11.4.jar:1.11.4]
	at org.junit.platform.engine.support.hierarchical.NodeTestTask.executeRecursively(NodeTestTask.java:143) ~[junit-platform-engine-1.11.4.jar:1.11.4]
	at org.junit.platform.engine.support.hierarchical.NodeTestTask.execute(NodeTestTask.java:100) ~[junit-platform-engine-1.11.4.jar:1.11.4]
	at java.base/java.util.ArrayList.forEach(ArrayList.java:1511) ~[?:?]
	at org.junit.platform.engine.support.hierarchical.SameThreadHierarchicalTestExecutorService.invokeAll(SameThreadHierarchicalTestExecutorService.java:41) ~[junit-platform-engine-1.11.4.jar:1.11.4]
	at org.junit.platform.engine.support.hierarchical.NodeTestTask.lambda$executeRecursively$6(NodeTestTask.java:160) ~[junit-platform-engine-1.11.4.jar:1.11.4]
	at org.junit.platform.engine.support.hierarchical.ThrowableCollector.execute(ThrowableCollector.java:73) ~[junit-platform-engine-1.11.4.jar:1.11.4]
	at org.junit.platform.engine.support.hierarchical.NodeTestTask.lambda$executeRecursively$8(NodeTestTask.java:146) ~[junit-platform-engine-1.11.4.jar:1.11.4]
	at org.junit.platform.engine.support.hierarchical.Node.around(Node.java:137) ~[junit-platform-engine-1.11.4.jar:1.11.4]
	at org.junit.platform.engine.support.hierarchical.NodeTestTask.lambda$executeRecursively$9(NodeTestTask.java:144) ~[junit-platform-engine-1.11.4.jar:1.11.4]
	at org.junit.platform.engine.support.hierarchical.ThrowableCollector.execute(ThrowableCollector.java:73) ~[junit-platform-engine-1.11.4.jar:1.11.4]
	at org.junit.platform.engine.support.hierarchical.NodeTestTask.executeRecursively(NodeTestTask.java:143) ~[junit-platform-engine-1.11.4.jar:1.11.4]
	at org.junit.platform.engine.support.hierarchical.NodeTestTask.execute(NodeTestTask.java:100) ~[junit-platform-engine-1.11.4.jar:1.11.4]
	at org.junit.platform.engine.support.hierarchical.SameThreadHierarchicalTestExecutorService.submit(SameThreadHierarchicalTestExecutorService.java:35) ~[junit-platform-engine-1.11.4.jar:1.11.4]
	at org.junit.platform.engine.support.hierarchical.HierarchicalTestExecutor.execute(HierarchicalTestExecutor.java:57) ~[junit-platform-engine-1.11.4.jar:1.11.4]
	at org.junit.platform.engine.support.hierarchical.HierarchicalTestEngine.execute(HierarchicalTestEngine.java:54) ~[junit-platform-engine-1.11.4.jar:1.11.4]
	at org.junit.platform.launcher.core.EngineExecutionOrchestrator.execute(EngineExecutionOrchestrator.java:198) ~[junit-platform-launcher-1.11.4.jar:1.11.4]
	at org.junit.platform.launcher.core.EngineExecutionOrchestrator.execute(EngineExecutionOrchestrator.java:169) ~[junit-platform-launcher-1.11.4.jar:1.11.4]
	at org.junit.platform.launcher.core.EngineExecutionOrchestrator.execute(EngineExecutionOrchestrator.java:93) ~[junit-platform-launcher-1.11.4.jar:1.11.4]
	at org.junit.platform.launcher.core.EngineExecutionOrchestrator.lambda$execute$0(EngineExecutionOrchestrator.java:58) ~[junit-platform-launcher-1.11.4.jar:1.11.4]
	at org.junit.platform.launcher.core.EngineExecutionOrchestrator.withInterceptedStreams(EngineExecutionOrchestrator.java:141) [junit-platform-launcher-1.11.4.jar:1.11.4]
	at org.junit.platform.launcher.core.EngineExecutionOrchestrator.execute(EngineExecutionOrchestrator.java:57) [junit-platform-launcher-1.11.4.jar:1.11.4]
	at org.junit.platform.launcher.core.DefaultLauncher.execute(DefaultLauncher.java:103) [junit-platform-launcher-1.11.4.jar:1.11.4]
	at org.junit.platform.launcher.core.DefaultLauncher.execute(DefaultLauncher.java:85) [junit-platform-launcher-1.11.4.jar:1.11.4]
	at org.junit.platform.launcher.core.DelegatingLauncher.execute(DelegatingLauncher.java:47) [junit-platform-launcher-1.11.4.jar:1.11.4]
	at org.apache.maven.surefire.junitplatform.LazyLauncher.execute(LazyLauncher.java:56) [surefire-junit-platform-3.5.2.jar:3.5.2]
	at org.apache.maven.surefire.junitplatform.JUnitPlatformProvider.execute(JUnitPlatformProvider.java:184) [surefire-junit-platform-3.5.2.jar:3.5.2]
	at org.apache.maven.surefire.junitplatform.JUnitPlatformProvider.invokeAllTests(JUnitPlatformProvider.java:148) [surefire-junit-platform-3.5.2.jar:3.5.2]
	at org.apache.maven.surefire.junitplatform.JUnitPlatformProvider.invoke(JUnitPlatformProvider.java:122) [surefire-junit-platform-3.5.2.jar:3.5.2]
	at org.apache.maven.surefire.booter.ForkedBooter.runSuitesInProcess(ForkedBooter.java:385) [surefire-booter-3.5.2.jar:3.5.2]
	at org.apache.maven.surefire.booter.ForkedBooter.execute(ForkedBooter.java:162) [surefire-booter-3.5.2.jar:3.5.2]
	at org.apache.maven.surefire.booter.ForkedBooter.run(ForkedBooter.java:507) [surefire-booter-3.5.2.jar:3.5.2]
	at org.apache.maven.surefire.booter.ForkedBooter.main(ForkedBooter.java:495) [surefire-booter-3.5.2.jar:3.5.2]
2025-06-13 17:24:42.832 [main] DEBUG org.springframework.data.jpa.repository.query.NamedQuery - Did not find named query Athlete.findByEmail.count
2025-06-13 17:24:42.832 [main] DEBUG org.springframework.orm.jpa.SharedEntityManagerCreator$SharedEntityManagerInvocationHandler - Creating new EntityManager for shared EntityManager invocation
2025-06-13 17:24:42.833 [main] DEBUG org.hibernate.orm.query.hql - HQL : SELECT a FROM Athlete a JOIN a.userCredentials uc WHERE uc.email = :email AND a.isDeleted = false
2025-06-13 17:24:42.834 [main] DEBUG org.hibernate.orm.query.sqm.creation - Applying inferable type to SqmExpression [SqmNamedParameter(email)] : null -> SqmBasicValuedSimplePath(com.example.trainup.model.user.Athlete(a).userCredentials(uc).email)
2025-06-13 17:24:42.834 [main] DEBUG org.hibernate.orm.query.sqm.ast - SqmStatement Tree :
    -> [select]
      -> [query-spec]
        -> [select]
          -> [selection]
            -> [root] - `com.example.trainup.model.user.Athlete(a)`
              -> [joins]
                -> [attribute] - `com.example.trainup.model.user.Athlete(a).userCredentials(uc)`
                    [fetched = false]
                <- [attribute] - `com.example.trainup.model.user.Athlete(a).userCredentials(uc)`
              <- [joins]
            <- [root] - `com.example.trainup.model.user.Athlete(a)`
          <- [selection]
        <- [select]
        -> [from]
          -> [root] - `com.example.trainup.model.user.Athlete(a)`
            -> [joins]
              -> [attribute] - `com.example.trainup.model.user.Athlete(a).userCredentials(uc)`
                  [fetched = false]
              <- [attribute] - `com.example.trainup.model.user.Athlete(a).userCredentials(uc)`
            <- [joins]
          <- [root] - `com.example.trainup.model.user.Athlete(a)`
        <- [from]
        -> [where]
          -> [and]
            -> [EQUAL]
                -> [basic-path] - `com.example.trainup.model.user.Athlete(a).userCredentials(uc).email`
                :email
            <- [EQUAL]
            -> [EQUAL]
                -> [basic-path] - `com.example.trainup.model.user.Athlete(a).isDeleted`
            <- [EQUAL]
          <- [and]
        <- [where]
      <- [query-spec]
    <- [select]

2025-06-13 17:24:42.835 [main] DEBUG org.springframework.data.jpa.repository.query.NamedQuery - Looking up named query 'Athlete.findByUserCredentials'
2025-06-13 17:24:42.835 [main] DEBUG org.hibernate.resource.transaction.backend.jdbc.internal.JdbcResourceLocalTransactionCoordinatorImpl - JDBC transaction marked for rollback-only (exception provided for stack trace)
java.lang.Exception: exception just for purpose of providing stack trace
	at org.hibernate.resource.transaction.backend.jdbc.internal.JdbcResourceLocalTransactionCoordinatorImpl$TransactionDriverControlImpl.markRollbackOnly(JdbcResourceLocalTransactionCoordinatorImpl.java:309) ~[hibernate-core-6.6.8.Final.jar:6.6.8.Final]
	at org.hibernate.internal.AbstractSharedSessionContract.buildNamedQuery(AbstractSharedSessionContract.java:1141) ~[hibernate-core-6.6.8.Final.jar:6.6.8.Final]
	at org.hibernate.internal.AbstractSharedSessionContract.createNamedQuery(AbstractSharedSessionContract.java:1019) ~[hibernate-core-6.6.8.Final.jar:6.6.8.Final]
	at org.hibernate.internal.AbstractSharedSessionContract.createNamedQuery(AbstractSharedSessionContract.java:143) ~[hibernate-core-6.6.8.Final.jar:6.6.8.Final]
	at jdk.internal.reflect.GeneratedMethodAccessor95.invoke(Unknown Source) ~[?:?]
	at java.base/jdk.internal.reflect.DelegatingMethodAccessorImpl.invoke(DelegatingMethodAccessorImpl.java:43) ~[?:?]
	at java.base/java.lang.reflect.Method.invoke(Method.java:569) ~[?:?]
	at org.springframework.orm.jpa.ExtendedEntityManagerCreator$ExtendedEntityManagerInvocationHandler.invoke(ExtendedEntityManagerCreator.java:364) ~[spring-orm-6.2.3.jar:6.2.3]
	at jdk.proxy2/jdk.proxy2.$Proxy233.createNamedQuery(Unknown Source) ~[?:?]
	at org.springframework.data.jpa.repository.query.NamedQuery.hasNamedQuery(NamedQuery.java:114) ~[spring-data-jpa-3.4.3.jar:3.4.3]
	at org.springframework.data.jpa.repository.query.NamedQuery.lookupFrom(NamedQuery.java:140) ~[spring-data-jpa-3.4.3.jar:3.4.3]
	at org.springframework.data.jpa.repository.query.JpaQueryLookupStrategy$DeclaredQueryLookupStrategy.resolveQuery(JpaQueryLookupStrategy.java:184) ~[spring-data-jpa-3.4.3.jar:3.4.3]
	at org.springframework.data.jpa.repository.query.JpaQueryLookupStrategy$CreateIfNotFoundQueryLookupStrategy.resolveQuery(JpaQueryLookupStrategy.java:256) ~[spring-data-jpa-3.4.3.jar:3.4.3]
	at org.springframework.data.jpa.repository.query.JpaQueryLookupStrategy$AbstractQueryLookupStrategy.resolveQuery(JpaQueryLookupStrategy.java:99) ~[spring-data-jpa-3.4.3.jar:3.4.3]
	at org.springframework.data.repository.core.support.QueryExecutorMethodInterceptor.lookupQuery(QueryExecutorMethodInterceptor.java:116) ~[spring-data-commons-3.4.3.jar:3.4.3]
	at org.springframework.data.repository.core.support.QueryExecutorMethodInterceptor.mapMethodsToQuery(QueryExecutorMethodInterceptor.java:104) ~[spring-data-commons-3.4.3.jar:3.4.3]
	at org.springframework.data.repository.core.support.QueryExecutorMethodInterceptor.lambda$new$0(QueryExecutorMethodInterceptor.java:92) ~[spring-data-commons-3.4.3.jar:3.4.3]
	at java.base/java.util.Optional.map(Optional.java:260) ~[?:?]
	at org.springframework.data.repository.core.support.QueryExecutorMethodInterceptor.<init>(QueryExecutorMethodInterceptor.java:92) ~[spring-data-commons-3.4.3.jar:3.4.3]
	at org.springframework.data.repository.core.support.RepositoryFactorySupport.getRepository(RepositoryFactorySupport.java:440) ~[spring-data-commons-3.4.3.jar:3.4.3]
	at org.springframework.data.repository.core.support.RepositoryFactoryBeanSupport.lambda$afterPropertiesSet$4(RepositoryFactoryBeanSupport.java:350) ~[spring-data-commons-3.4.3.jar:3.4.3]
	at org.springframework.data.util.Lazy.getNullable(Lazy.java:135) ~[spring-data-commons-3.4.3.jar:3.4.3]
	at org.springframework.data.util.Lazy.get(Lazy.java:113) ~[spring-data-commons-3.4.3.jar:3.4.3]
	at org.springframework.data.repository.core.support.RepositoryFactoryBeanSupport.afterPropertiesSet(RepositoryFactoryBeanSupport.java:356) ~[spring-data-commons-3.4.3.jar:3.4.3]
	at org.springframework.data.jpa.repository.support.JpaRepositoryFactoryBean.afterPropertiesSet(JpaRepositoryFactoryBean.java:132) ~[spring-data-jpa-3.4.3.jar:3.4.3]
	at org.springframework.beans.factory.support.AbstractAutowireCapableBeanFactory.invokeInitMethods(AbstractAutowireCapableBeanFactory.java:1859) ~[spring-beans-6.2.3.jar:6.2.3]
	at org.springframework.beans.factory.support.AbstractAutowireCapableBeanFactory.initializeBean(AbstractAutowireCapableBeanFactory.java:1808) ~[spring-beans-6.2.3.jar:6.2.3]
	at org.springframework.beans.factory.support.AbstractAutowireCapableBeanFactory.doCreateBean(AbstractAutowireCapableBeanFactory.java:601) ~[spring-beans-6.2.3.jar:6.2.3]
	at org.springframework.beans.factory.support.AbstractAutowireCapableBeanFactory.createBean(AbstractAutowireCapableBeanFactory.java:523) ~[spring-beans-6.2.3.jar:6.2.3]
	at org.springframework.beans.factory.support.AbstractBeanFactory.lambda$doGetBean$0(AbstractBeanFactory.java:339) ~[spring-beans-6.2.3.jar:6.2.3]
	at org.springframework.beans.factory.support.DefaultSingletonBeanRegistry.getSingleton(DefaultSingletonBeanRegistry.java:346) ~[spring-beans-6.2.3.jar:6.2.3]
	at org.springframework.beans.factory.support.AbstractBeanFactory.doGetBean(AbstractBeanFactory.java:337) ~[spring-beans-6.2.3.jar:6.2.3]
	at org.springframework.beans.factory.support.AbstractBeanFactory.getBean(AbstractBeanFactory.java:202) ~[spring-beans-6.2.3.jar:6.2.3]
	at org.springframework.beans.factory.support.DefaultListableBeanFactory.doResolveDependency(DefaultListableBeanFactory.java:1606) ~[spring-beans-6.2.3.jar:6.2.3]
	at org.springframework.beans.factory.support.DefaultListableBeanFactory.resolveDependency(DefaultListableBeanFactory.java:1552) ~[spring-beans-6.2.3.jar:6.2.3]
	at org.springframework.beans.factory.support.ConstructorResolver.resolveAutowiredArgument(ConstructorResolver.java:913) ~[spring-beans-6.2.3.jar:6.2.3]
	at org.springframework.beans.factory.support.ConstructorResolver.createArgumentArray(ConstructorResolver.java:791) ~[spring-beans-6.2.3.jar:6.2.3]
	at org.springframework.beans.factory.support.ConstructorResolver.autowireConstructor(ConstructorResolver.java:240) ~[spring-beans-6.2.3.jar:6.2.3]
	at org.springframework.beans.factory.support.AbstractAutowireCapableBeanFactory.autowireConstructor(AbstractAutowireCapableBeanFactory.java:1381) ~[spring-beans-6.2.3.jar:6.2.3]
	at org.springframework.beans.factory.support.AbstractAutowireCapableBeanFactory.createBeanInstance(AbstractAutowireCapableBeanFactory.java:1218) ~[spring-beans-6.2.3.jar:6.2.3]
	at org.springframework.beans.factory.support.AbstractAutowireCapableBeanFactory.doCreateBean(AbstractAutowireCapableBeanFactory.java:563) ~[spring-beans-6.2.3.jar:6.2.3]
	at org.springframework.beans.factory.support.AbstractAutowireCapableBeanFactory.createBean(AbstractAutowireCapableBeanFactory.java:523) ~[spring-beans-6.2.3.jar:6.2.3]
	at org.springframework.beans.factory.support.AbstractBeanFactory.lambda$doGetBean$0(AbstractBeanFactory.java:339) ~[spring-beans-6.2.3.jar:6.2.3]
	at org.springframework.beans.factory.support.DefaultSingletonBeanRegistry.getSingleton(DefaultSingletonBeanRegistry.java:346) ~[spring-beans-6.2.3.jar:6.2.3]
	at org.springframework.beans.factory.support.AbstractBeanFactory.doGetBean(AbstractBeanFactory.java:337) ~[spring-beans-6.2.3.jar:6.2.3]
	at org.springframework.beans.factory.support.AbstractBeanFactory.getBean(AbstractBeanFactory.java:202) ~[spring-beans-6.2.3.jar:6.2.3]
	at org.springframework.beans.factory.config.DependencyDescriptor.resolveCandidate(DependencyDescriptor.java:254) ~[spring-beans-6.2.3.jar:6.2.3]
	at org.springframework.beans.factory.support.DefaultListableBeanFactory.doResolveDependency(DefaultListableBeanFactory.java:1664) ~[spring-beans-6.2.3.jar:6.2.3]
	at org.springframework.beans.factory.support.DefaultListableBeanFactory.resolveDependency(DefaultListableBeanFactory.java:1552) ~[spring-beans-6.2.3.jar:6.2.3]
	at org.springframework.beans.factory.support.ConstructorResolver.resolveAutowiredArgument(ConstructorResolver.java:913) ~[spring-beans-6.2.3.jar:6.2.3]
	at org.springframework.beans.factory.support.ConstructorResolver.createArgumentArray(ConstructorResolver.java:791) ~[spring-beans-6.2.3.jar:6.2.3]
	at org.springframework.beans.factory.support.ConstructorResolver.autowireConstructor(ConstructorResolver.java:240) ~[spring-beans-6.2.3.jar:6.2.3]
	at org.springframework.beans.factory.support.AbstractAutowireCapableBeanFactory.autowireConstructor(AbstractAutowireCapableBeanFactory.java:1381) ~[spring-beans-6.2.3.jar:6.2.3]
	at org.springframework.beans.factory.support.AbstractAutowireCapableBeanFactory.createBeanInstance(AbstractAutowireCapableBeanFactory.java:1218) ~[spring-beans-6.2.3.jar:6.2.3]
	at org.springframework.beans.factory.support.AbstractAutowireCapableBeanFactory.doCreateBean(AbstractAutowireCapableBeanFactory.java:563) ~[spring-beans-6.2.3.jar:6.2.3]
	at org.springframework.beans.factory.support.AbstractAutowireCapableBeanFactory.createBean(AbstractAutowireCapableBeanFactory.java:523) ~[spring-beans-6.2.3.jar:6.2.3]
	at org.springframework.beans.factory.support.AbstractBeanFactory.lambda$doGetBean$0(AbstractBeanFactory.java:339) ~[spring-beans-6.2.3.jar:6.2.3]
	at org.springframework.beans.factory.support.DefaultSingletonBeanRegistry.getSingleton(DefaultSingletonBeanRegistry.java:346) ~[spring-beans-6.2.3.jar:6.2.3]
	at org.springframework.beans.factory.support.AbstractBeanFactory.doGetBean(AbstractBeanFactory.java:337) ~[spring-beans-6.2.3.jar:6.2.3]
	at org.springframework.beans.factory.support.AbstractBeanFactory.getBean(AbstractBeanFactory.java:202) ~[spring-beans-6.2.3.jar:6.2.3]
	at org.springframework.beans.factory.support.DefaultListableBeanFactory.instantiateSingleton(DefaultListableBeanFactory.java:1155) ~[spring-beans-6.2.3.jar:6.2.3]
	at org.springframework.beans.factory.support.DefaultListableBeanFactory.preInstantiateSingleton(DefaultListableBeanFactory.java:1121) ~[spring-beans-6.2.3.jar:6.2.3]
	at org.springframework.beans.factory.support.DefaultListableBeanFactory.preInstantiateSingletons(DefaultListableBeanFactory.java:1056) ~[spring-beans-6.2.3.jar:6.2.3]
	at org.springframework.context.support.AbstractApplicationContext.finishBeanFactoryInitialization(AbstractApplicationContext.java:987) ~[spring-context-6.2.3.jar:6.2.3]
	at org.springframework.context.support.AbstractApplicationContext.refresh(AbstractApplicationContext.java:627) ~[spring-context-6.2.3.jar:6.2.3]
	at org.springframework.boot.SpringApplication.refresh(SpringApplication.java:752) ~[spring-boot-3.4.3.jar:3.4.3]
	at org.springframework.boot.SpringApplication.refreshContext(SpringApplication.java:439) ~[spring-boot-3.4.3.jar:3.4.3]
	at org.springframework.boot.SpringApplication.run(SpringApplication.java:318) ~[spring-boot-3.4.3.jar:3.4.3]
	at org.springframework.boot.test.context.SpringBootContextLoader.lambda$loadContext$3(SpringBootContextLoader.java:137) ~[spring-boot-test-3.4.3.jar:3.4.3]
	at org.springframework.util.function.ThrowingSupplier.get(ThrowingSupplier.java:58) ~[spring-core-6.2.3.jar:6.2.3]
	at org.springframework.util.function.ThrowingSupplier.get(ThrowingSupplier.java:46) ~[spring-core-6.2.3.jar:6.2.3]
	at org.springframework.boot.SpringApplication.withHook(SpringApplication.java:1461) ~[spring-boot-3.4.3.jar:3.4.3]
	at org.springframework.boot.test.context.SpringBootContextLoader$ContextLoaderHook.run(SpringBootContextLoader.java:553) ~[spring-boot-test-3.4.3.jar:3.4.3]
	at org.springframework.boot.test.context.SpringBootContextLoader.loadContext(SpringBootContextLoader.java:137) ~[spring-boot-test-3.4.3.jar:3.4.3]
	at org.springframework.boot.test.context.SpringBootContextLoader.loadContext(SpringBootContextLoader.java:108) ~[spring-boot-test-3.4.3.jar:3.4.3]
	at org.springframework.test.context.cache.DefaultCacheAwareContextLoaderDelegate.loadContextInternal(DefaultCacheAwareContextLoaderDelegate.java:225) ~[spring-test-6.2.3.jar:6.2.3]
	at org.springframework.test.context.cache.DefaultCacheAwareContextLoaderDelegate.loadContext(DefaultCacheAwareContextLoaderDelegate.java:152) ~[spring-test-6.2.3.jar:6.2.3]
	at org.springframework.test.context.support.DefaultTestContext.getApplicationContext(DefaultTestContext.java:130) ~[spring-test-6.2.3.jar:6.2.3]
	at org.springframework.test.context.web.ServletTestExecutionListener.setUpRequestContextIfNecessary(ServletTestExecutionListener.java:200) ~[spring-test-6.2.3.jar:6.2.3]
	at org.springframework.test.context.web.ServletTestExecutionListener.prepareTestInstance(ServletTestExecutionListener.java:139) ~[spring-test-6.2.3.jar:6.2.3]
	at org.springframework.test.context.TestContextManager.prepareTestInstance(TestContextManager.java:260) ~[spring-test-6.2.3.jar:6.2.3]
	at org.springframework.test.context.junit.jupiter.SpringExtension.postProcessTestInstance(SpringExtension.java:160) ~[spring-test-6.2.3.jar:6.2.3]
	at org.junit.jupiter.engine.descriptor.ClassBasedTestDescriptor.lambda$invokeTestInstancePostProcessors$11(ClassBasedTestDescriptor.java:378) ~[junit-jupiter-engine-5.11.4.jar:5.11.4]
	at org.junit.jupiter.engine.descriptor.ClassBasedTestDescriptor.executeAndMaskThrowable(ClassBasedTestDescriptor.java:383) ~[junit-jupiter-engine-5.11.4.jar:5.11.4]
	at org.junit.jupiter.engine.descriptor.ClassBasedTestDescriptor.lambda$invokeTestInstancePostProcessors$12(ClassBasedTestDescriptor.java:378) ~[junit-jupiter-engine-5.11.4.jar:5.11.4]
	at java.base/java.util.stream.ForEachOps$ForEachOp$OfRef.accept(ForEachOps.java:183) ~[?:?]
	at java.base/java.util.stream.ReferencePipeline$3$1.accept(ReferencePipeline.java:197) ~[?:?]
	at java.base/java.util.stream.ReferencePipeline$2$1.accept(ReferencePipeline.java:179) ~[?:?]
	at java.base/java.util.stream.ReferencePipeline$3$1.accept(ReferencePipeline.java:197) ~[?:?]
	at java.base/java.util.ArrayList$ArrayListSpliterator.forEachRemaining(ArrayList.java:1625) ~[?:?]
	at java.base/java.util.stream.AbstractPipeline.copyInto(AbstractPipeline.java:509) ~[?:?]
	at java.base/java.util.stream.AbstractPipeline.wrapAndCopyInto(AbstractPipeline.java:499) ~[?:?]
	at java.base/java.util.stream.ForEachOps$ForEachOp.evaluateSequential(ForEachOps.java:150) ~[?:?]
	at java.base/java.util.stream.ForEachOps$ForEachOp$OfRef.evaluateSequential(ForEachOps.java:173) ~[?:?]
	at java.base/java.util.stream.AbstractPipeline.evaluate(AbstractPipeline.java:234) ~[?:?]
	at java.base/java.util.stream.ReferencePipeline.forEach(ReferencePipeline.java:596) ~[?:?]
	at org.junit.jupiter.engine.descriptor.ClassBasedTestDescriptor.invokeTestInstancePostProcessors(ClassBasedTestDescriptor.java:377) ~[junit-jupiter-engine-5.11.4.jar:5.11.4]
	at org.junit.jupiter.engine.descriptor.ClassBasedTestDescriptor.lambda$instantiateAndPostProcessTestInstance$7(ClassBasedTestDescriptor.java:290) ~[junit-jupiter-engine-5.11.4.jar:5.11.4]
	at org.junit.platform.engine.support.hierarchical.ThrowableCollector.execute(ThrowableCollector.java:73) ~[junit-platform-engine-1.11.4.jar:1.11.4]
	at org.junit.jupiter.engine.descriptor.ClassBasedTestDescriptor.instantiateAndPostProcessTestInstance(ClassBasedTestDescriptor.java:289) ~[junit-jupiter-engine-5.11.4.jar:5.11.4]
	at org.junit.jupiter.engine.descriptor.ClassBasedTestDescriptor.lambda$testInstancesProvider$5(ClassBasedTestDescriptor.java:279) ~[junit-jupiter-engine-5.11.4.jar:5.11.4]
	at java.base/java.util.Optional.orElseGet(Optional.java:364) ~[?:?]
	at org.junit.jupiter.engine.descriptor.ClassBasedTestDescriptor.lambda$testInstancesProvider$6(ClassBasedTestDescriptor.java:278) ~[junit-jupiter-engine-5.11.4.jar:5.11.4]
	at org.junit.jupiter.engine.execution.TestInstancesProvider.getTestInstances(TestInstancesProvider.java:31) ~[junit-jupiter-engine-5.11.4.jar:5.11.4]
	at org.junit.jupiter.engine.descriptor.TestMethodTestDescriptor.lambda$prepare$1(TestMethodTestDescriptor.java:105) ~[junit-jupiter-engine-5.11.4.jar:5.11.4]
	at org.junit.platform.engine.support.hierarchical.ThrowableCollector.execute(ThrowableCollector.java:73) ~[junit-platform-engine-1.11.4.jar:1.11.4]
	at org.junit.jupiter.engine.descriptor.TestMethodTestDescriptor.prepare(TestMethodTestDescriptor.java:104) ~[junit-jupiter-engine-5.11.4.jar:5.11.4]
	at org.junit.jupiter.engine.descriptor.TestMethodTestDescriptor.prepare(TestMethodTestDescriptor.java:68) ~[junit-jupiter-engine-5.11.4.jar:5.11.4]
	at org.junit.platform.engine.support.hierarchical.NodeTestTask.lambda$prepare$2(NodeTestTask.java:128) ~[junit-platform-engine-1.11.4.jar:1.11.4]
	at org.junit.platform.engine.support.hierarchical.ThrowableCollector.execute(ThrowableCollector.java:73) ~[junit-platform-engine-1.11.4.jar:1.11.4]
	at org.junit.platform.engine.support.hierarchical.NodeTestTask.prepare(NodeTestTask.java:128) ~[junit-platform-engine-1.11.4.jar:1.11.4]
	at org.junit.platform.engine.support.hierarchical.NodeTestTask.execute(NodeTestTask.java:95) ~[junit-platform-engine-1.11.4.jar:1.11.4]
	at java.base/java.util.ArrayList.forEach(ArrayList.java:1511) ~[?:?]
	at org.junit.platform.engine.support.hierarchical.SameThreadHierarchicalTestExecutorService.invokeAll(SameThreadHierarchicalTestExecutorService.java:41) ~[junit-platform-engine-1.11.4.jar:1.11.4]
	at org.junit.platform.engine.support.hierarchical.NodeTestTask.lambda$executeRecursively$6(NodeTestTask.java:160) ~[junit-platform-engine-1.11.4.jar:1.11.4]
	at org.junit.platform.engine.support.hierarchical.ThrowableCollector.execute(ThrowableCollector.java:73) ~[junit-platform-engine-1.11.4.jar:1.11.4]
	at org.junit.platform.engine.support.hierarchical.NodeTestTask.lambda$executeRecursively$8(NodeTestTask.java:146) ~[junit-platform-engine-1.11.4.jar:1.11.4]
	at org.junit.platform.engine.support.hierarchical.Node.around(Node.java:137) ~[junit-platform-engine-1.11.4.jar:1.11.4]
	at org.junit.platform.engine.support.hierarchical.NodeTestTask.lambda$executeRecursively$9(NodeTestTask.java:144) ~[junit-platform-engine-1.11.4.jar:1.11.4]
	at org.junit.platform.engine.support.hierarchical.ThrowableCollector.execute(ThrowableCollector.java:73) ~[junit-platform-engine-1.11.4.jar:1.11.4]
	at org.junit.platform.engine.support.hierarchical.NodeTestTask.executeRecursively(NodeTestTask.java:143) ~[junit-platform-engine-1.11.4.jar:1.11.4]
	at org.junit.platform.engine.support.hierarchical.NodeTestTask.execute(NodeTestTask.java:100) ~[junit-platform-engine-1.11.4.jar:1.11.4]
	at java.base/java.util.ArrayList.forEach(ArrayList.java:1511) ~[?:?]
	at org.junit.platform.engine.support.hierarchical.SameThreadHierarchicalTestExecutorService.invokeAll(SameThreadHierarchicalTestExecutorService.java:41) ~[junit-platform-engine-1.11.4.jar:1.11.4]
	at org.junit.platform.engine.support.hierarchical.NodeTestTask.lambda$executeRecursively$6(NodeTestTask.java:160) ~[junit-platform-engine-1.11.4.jar:1.11.4]
	at org.junit.platform.engine.support.hierarchical.ThrowableCollector.execute(ThrowableCollector.java:73) ~[junit-platform-engine-1.11.4.jar:1.11.4]
	at org.junit.platform.engine.support.hierarchical.NodeTestTask.lambda$executeRecursively$8(NodeTestTask.java:146) ~[junit-platform-engine-1.11.4.jar:1.11.4]
	at org.junit.platform.engine.support.hierarchical.Node.around(Node.java:137) ~[junit-platform-engine-1.11.4.jar:1.11.4]
	at org.junit.platform.engine.support.hierarchical.NodeTestTask.lambda$executeRecursively$9(NodeTestTask.java:144) ~[junit-platform-engine-1.11.4.jar:1.11.4]
	at org.junit.platform.engine.support.hierarchical.ThrowableCollector.execute(ThrowableCollector.java:73) ~[junit-platform-engine-1.11.4.jar:1.11.4]
	at org.junit.platform.engine.support.hierarchical.NodeTestTask.executeRecursively(NodeTestTask.java:143) ~[junit-platform-engine-1.11.4.jar:1.11.4]
	at org.junit.platform.engine.support.hierarchical.NodeTestTask.execute(NodeTestTask.java:100) ~[junit-platform-engine-1.11.4.jar:1.11.4]
	at org.junit.platform.engine.support.hierarchical.SameThreadHierarchicalTestExecutorService.submit(SameThreadHierarchicalTestExecutorService.java:35) ~[junit-platform-engine-1.11.4.jar:1.11.4]
	at org.junit.platform.engine.support.hierarchical.HierarchicalTestExecutor.execute(HierarchicalTestExecutor.java:57) ~[junit-platform-engine-1.11.4.jar:1.11.4]
	at org.junit.platform.engine.support.hierarchical.HierarchicalTestEngine.execute(HierarchicalTestEngine.java:54) ~[junit-platform-engine-1.11.4.jar:1.11.4]
	at org.junit.platform.launcher.core.EngineExecutionOrchestrator.execute(EngineExecutionOrchestrator.java:198) ~[junit-platform-launcher-1.11.4.jar:1.11.4]
	at org.junit.platform.launcher.core.EngineExecutionOrchestrator.execute(EngineExecutionOrchestrator.java:169) ~[junit-platform-launcher-1.11.4.jar:1.11.4]
	at org.junit.platform.launcher.core.EngineExecutionOrchestrator.execute(EngineExecutionOrchestrator.java:93) ~[junit-platform-launcher-1.11.4.jar:1.11.4]
	at org.junit.platform.launcher.core.EngineExecutionOrchestrator.lambda$execute$0(EngineExecutionOrchestrator.java:58) ~[junit-platform-launcher-1.11.4.jar:1.11.4]
	at org.junit.platform.launcher.core.EngineExecutionOrchestrator.withInterceptedStreams(EngineExecutionOrchestrator.java:141) [junit-platform-launcher-1.11.4.jar:1.11.4]
	at org.junit.platform.launcher.core.EngineExecutionOrchestrator.execute(EngineExecutionOrchestrator.java:57) [junit-platform-launcher-1.11.4.jar:1.11.4]
	at org.junit.platform.launcher.core.DefaultLauncher.execute(DefaultLauncher.java:103) [junit-platform-launcher-1.11.4.jar:1.11.4]
	at org.junit.platform.launcher.core.DefaultLauncher.execute(DefaultLauncher.java:85) [junit-platform-launcher-1.11.4.jar:1.11.4]
	at org.junit.platform.launcher.core.DelegatingLauncher.execute(DelegatingLauncher.java:47) [junit-platform-launcher-1.11.4.jar:1.11.4]
	at org.apache.maven.surefire.junitplatform.LazyLauncher.execute(LazyLauncher.java:56) [surefire-junit-platform-3.5.2.jar:3.5.2]
	at org.apache.maven.surefire.junitplatform.JUnitPlatformProvider.execute(JUnitPlatformProvider.java:184) [surefire-junit-platform-3.5.2.jar:3.5.2]
	at org.apache.maven.surefire.junitplatform.JUnitPlatformProvider.invokeAllTests(JUnitPlatformProvider.java:148) [surefire-junit-platform-3.5.2.jar:3.5.2]
	at org.apache.maven.surefire.junitplatform.JUnitPlatformProvider.invoke(JUnitPlatformProvider.java:122) [surefire-junit-platform-3.5.2.jar:3.5.2]
	at org.apache.maven.surefire.booter.ForkedBooter.runSuitesInProcess(ForkedBooter.java:385) [surefire-booter-3.5.2.jar:3.5.2]
	at org.apache.maven.surefire.booter.ForkedBooter.execute(ForkedBooter.java:162) [surefire-booter-3.5.2.jar:3.5.2]
	at org.apache.maven.surefire.booter.ForkedBooter.run(ForkedBooter.java:507) [surefire-booter-3.5.2.jar:3.5.2]
	at org.apache.maven.surefire.booter.ForkedBooter.main(ForkedBooter.java:495) [surefire-booter-3.5.2.jar:3.5.2]
2025-06-13 17:24:42.836 [main] DEBUG org.springframework.data.jpa.repository.query.NamedQuery - Did not find named query Athlete.findByUserCredentials
2025-06-13 17:24:42.837 [main] DEBUG org.springframework.orm.jpa.SharedEntityManagerCreator$SharedEntityManagerInvocationHandler - Creating new EntityManager for shared EntityManager invocation
2025-06-13 17:24:42.839 [main] DEBUG org.hibernate.resource.transaction.backend.jdbc.internal.JdbcResourceLocalTransactionCoordinatorImpl - JDBC transaction marked for rollback-only (exception provided for stack trace)
java.lang.Exception: exception just for purpose of providing stack trace
	at org.hibernate.resource.transaction.backend.jdbc.internal.JdbcResourceLocalTransactionCoordinatorImpl$TransactionDriverControlImpl.markRollbackOnly(JdbcResourceLocalTransactionCoordinatorImpl.java:309) ~[hibernate-core-6.6.8.Final.jar:6.6.8.Final]
	at org.hibernate.internal.AbstractSharedSessionContract.buildNamedQuery(AbstractSharedSessionContract.java:1141) ~[hibernate-core-6.6.8.Final.jar:6.6.8.Final]
	at org.hibernate.internal.AbstractSharedSessionContract.createNamedQuery(AbstractSharedSessionContract.java:1019) ~[hibernate-core-6.6.8.Final.jar:6.6.8.Final]
	at org.hibernate.internal.AbstractSharedSessionContract.createNamedQuery(AbstractSharedSessionContract.java:143) ~[hibernate-core-6.6.8.Final.jar:6.6.8.Final]
	at jdk.internal.reflect.GeneratedMethodAccessor95.invoke(Unknown Source) ~[?:?]
	at java.base/jdk.internal.reflect.DelegatingMethodAccessorImpl.invoke(DelegatingMethodAccessorImpl.java:43) ~[?:?]
	at java.base/java.lang.reflect.Method.invoke(Method.java:569) ~[?:?]
	at org.springframework.orm.jpa.ExtendedEntityManagerCreator$ExtendedEntityManagerInvocationHandler.invoke(ExtendedEntityManagerCreator.java:364) ~[spring-orm-6.2.3.jar:6.2.3]
	at jdk.proxy2/jdk.proxy2.$Proxy233.createNamedQuery(Unknown Source) ~[?:?]
	at org.springframework.data.jpa.repository.query.NamedQuery.hasNamedQuery(NamedQuery.java:114) ~[spring-data-jpa-3.4.3.jar:3.4.3]
	at org.springframework.data.jpa.repository.query.JpaQueryLookupStrategy$DeclaredQueryLookupStrategy.getCountQuery(JpaQueryLookupStrategy.java:208) ~[spring-data-jpa-3.4.3.jar:3.4.3]
	at org.springframework.data.jpa.repository.query.JpaQueryLookupStrategy$DeclaredQueryLookupStrategy.resolveQuery(JpaQueryLookupStrategy.java:175) ~[spring-data-jpa-3.4.3.jar:3.4.3]
	at org.springframework.data.jpa.repository.query.JpaQueryLookupStrategy$CreateIfNotFoundQueryLookupStrategy.resolveQuery(JpaQueryLookupStrategy.java:256) ~[spring-data-jpa-3.4.3.jar:3.4.3]
	at org.springframework.data.jpa.repository.query.JpaQueryLookupStrategy$AbstractQueryLookupStrategy.resolveQuery(JpaQueryLookupStrategy.java:99) ~[spring-data-jpa-3.4.3.jar:3.4.3]
	at org.springframework.data.repository.core.support.QueryExecutorMethodInterceptor.lookupQuery(QueryExecutorMethodInterceptor.java:116) ~[spring-data-commons-3.4.3.jar:3.4.3]
	at org.springframework.data.repository.core.support.QueryExecutorMethodInterceptor.mapMethodsToQuery(QueryExecutorMethodInterceptor.java:104) ~[spring-data-commons-3.4.3.jar:3.4.3]
	at org.springframework.data.repository.core.support.QueryExecutorMethodInterceptor.lambda$new$0(QueryExecutorMethodInterceptor.java:92) ~[spring-data-commons-3.4.3.jar:3.4.3]
	at java.base/java.util.Optional.map(Optional.java:260) ~[?:?]
	at org.springframework.data.repository.core.support.QueryExecutorMethodInterceptor.<init>(QueryExecutorMethodInterceptor.java:92) ~[spring-data-commons-3.4.3.jar:3.4.3]
	at org.springframework.data.repository.core.support.RepositoryFactorySupport.getRepository(RepositoryFactorySupport.java:440) ~[spring-data-commons-3.4.3.jar:3.4.3]
	at org.springframework.data.repository.core.support.RepositoryFactoryBeanSupport.lambda$afterPropertiesSet$4(RepositoryFactoryBeanSupport.java:350) ~[spring-data-commons-3.4.3.jar:3.4.3]
	at org.springframework.data.util.Lazy.getNullable(Lazy.java:135) ~[spring-data-commons-3.4.3.jar:3.4.3]
	at org.springframework.data.util.Lazy.get(Lazy.java:113) ~[spring-data-commons-3.4.3.jar:3.4.3]
	at org.springframework.data.repository.core.support.RepositoryFactoryBeanSupport.afterPropertiesSet(RepositoryFactoryBeanSupport.java:356) ~[spring-data-commons-3.4.3.jar:3.4.3]
	at org.springframework.data.jpa.repository.support.JpaRepositoryFactoryBean.afterPropertiesSet(JpaRepositoryFactoryBean.java:132) ~[spring-data-jpa-3.4.3.jar:3.4.3]
	at org.springframework.beans.factory.support.AbstractAutowireCapableBeanFactory.invokeInitMethods(AbstractAutowireCapableBeanFactory.java:1859) ~[spring-beans-6.2.3.jar:6.2.3]
	at org.springframework.beans.factory.support.AbstractAutowireCapableBeanFactory.initializeBean(AbstractAutowireCapableBeanFactory.java:1808) ~[spring-beans-6.2.3.jar:6.2.3]
	at org.springframework.beans.factory.support.AbstractAutowireCapableBeanFactory.doCreateBean(AbstractAutowireCapableBeanFactory.java:601) ~[spring-beans-6.2.3.jar:6.2.3]
	at org.springframework.beans.factory.support.AbstractAutowireCapableBeanFactory.createBean(AbstractAutowireCapableBeanFactory.java:523) ~[spring-beans-6.2.3.jar:6.2.3]
	at org.springframework.beans.factory.support.AbstractBeanFactory.lambda$doGetBean$0(AbstractBeanFactory.java:339) ~[spring-beans-6.2.3.jar:6.2.3]
	at org.springframework.beans.factory.support.DefaultSingletonBeanRegistry.getSingleton(DefaultSingletonBeanRegistry.java:346) ~[spring-beans-6.2.3.jar:6.2.3]
	at org.springframework.beans.factory.support.AbstractBeanFactory.doGetBean(AbstractBeanFactory.java:337) ~[spring-beans-6.2.3.jar:6.2.3]
	at org.springframework.beans.factory.support.AbstractBeanFactory.getBean(AbstractBeanFactory.java:202) ~[spring-beans-6.2.3.jar:6.2.3]
	at org.springframework.beans.factory.support.DefaultListableBeanFactory.doResolveDependency(DefaultListableBeanFactory.java:1606) ~[spring-beans-6.2.3.jar:6.2.3]
	at org.springframework.beans.factory.support.DefaultListableBeanFactory.resolveDependency(DefaultListableBeanFactory.java:1552) ~[spring-beans-6.2.3.jar:6.2.3]
	at org.springframework.beans.factory.support.ConstructorResolver.resolveAutowiredArgument(ConstructorResolver.java:913) ~[spring-beans-6.2.3.jar:6.2.3]
	at org.springframework.beans.factory.support.ConstructorResolver.createArgumentArray(ConstructorResolver.java:791) ~[spring-beans-6.2.3.jar:6.2.3]
	at org.springframework.beans.factory.support.ConstructorResolver.autowireConstructor(ConstructorResolver.java:240) ~[spring-beans-6.2.3.jar:6.2.3]
	at org.springframework.beans.factory.support.AbstractAutowireCapableBeanFactory.autowireConstructor(AbstractAutowireCapableBeanFactory.java:1381) ~[spring-beans-6.2.3.jar:6.2.3]
	at org.springframework.beans.factory.support.AbstractAutowireCapableBeanFactory.createBeanInstance(AbstractAutowireCapableBeanFactory.java:1218) ~[spring-beans-6.2.3.jar:6.2.3]
	at org.springframework.beans.factory.support.AbstractAutowireCapableBeanFactory.doCreateBean(AbstractAutowireCapableBeanFactory.java:563) ~[spring-beans-6.2.3.jar:6.2.3]
	at org.springframework.beans.factory.support.AbstractAutowireCapableBeanFactory.createBean(AbstractAutowireCapableBeanFactory.java:523) ~[spring-beans-6.2.3.jar:6.2.3]
	at org.springframework.beans.factory.support.AbstractBeanFactory.lambda$doGetBean$0(AbstractBeanFactory.java:339) ~[spring-beans-6.2.3.jar:6.2.3]
	at org.springframework.beans.factory.support.DefaultSingletonBeanRegistry.getSingleton(DefaultSingletonBeanRegistry.java:346) ~[spring-beans-6.2.3.jar:6.2.3]
	at org.springframework.beans.factory.support.AbstractBeanFactory.doGetBean(AbstractBeanFactory.java:337) ~[spring-beans-6.2.3.jar:6.2.3]
	at org.springframework.beans.factory.support.AbstractBeanFactory.getBean(AbstractBeanFactory.java:202) ~[spring-beans-6.2.3.jar:6.2.3]
	at org.springframework.beans.factory.config.DependencyDescriptor.resolveCandidate(DependencyDescriptor.java:254) ~[spring-beans-6.2.3.jar:6.2.3]
	at org.springframework.beans.factory.support.DefaultListableBeanFactory.doResolveDependency(DefaultListableBeanFactory.java:1664) ~[spring-beans-6.2.3.jar:6.2.3]
	at org.springframework.beans.factory.support.DefaultListableBeanFactory.resolveDependency(DefaultListableBeanFactory.java:1552) ~[spring-beans-6.2.3.jar:6.2.3]
	at org.springframework.beans.factory.support.ConstructorResolver.resolveAutowiredArgument(ConstructorResolver.java:913) ~[spring-beans-6.2.3.jar:6.2.3]
	at org.springframework.beans.factory.support.ConstructorResolver.createArgumentArray(ConstructorResolver.java:791) ~[spring-beans-6.2.3.jar:6.2.3]
	at org.springframework.beans.factory.support.ConstructorResolver.autowireConstructor(ConstructorResolver.java:240) ~[spring-beans-6.2.3.jar:6.2.3]
	at org.springframework.beans.factory.support.AbstractAutowireCapableBeanFactory.autowireConstructor(AbstractAutowireCapableBeanFactory.java:1381) ~[spring-beans-6.2.3.jar:6.2.3]
	at org.springframework.beans.factory.support.AbstractAutowireCapableBeanFactory.createBeanInstance(AbstractAutowireCapableBeanFactory.java:1218) ~[spring-beans-6.2.3.jar:6.2.3]
	at org.springframework.beans.factory.support.AbstractAutowireCapableBeanFactory.doCreateBean(AbstractAutowireCapableBeanFactory.java:563) ~[spring-beans-6.2.3.jar:6.2.3]
	at org.springframework.beans.factory.support.AbstractAutowireCapableBeanFactory.createBean(AbstractAutowireCapableBeanFactory.java:523) ~[spring-beans-6.2.3.jar:6.2.3]
	at org.springframework.beans.factory.support.AbstractBeanFactory.lambda$doGetBean$0(AbstractBeanFactory.java:339) ~[spring-beans-6.2.3.jar:6.2.3]
	at org.springframework.beans.factory.support.DefaultSingletonBeanRegistry.getSingleton(DefaultSingletonBeanRegistry.java:346) ~[spring-beans-6.2.3.jar:6.2.3]
	at org.springframework.beans.factory.support.AbstractBeanFactory.doGetBean(AbstractBeanFactory.java:337) ~[spring-beans-6.2.3.jar:6.2.3]
	at org.springframework.beans.factory.support.AbstractBeanFactory.getBean(AbstractBeanFactory.java:202) ~[spring-beans-6.2.3.jar:6.2.3]
	at org.springframework.beans.factory.support.DefaultListableBeanFactory.instantiateSingleton(DefaultListableBeanFactory.java:1155) ~[spring-beans-6.2.3.jar:6.2.3]
	at org.springframework.beans.factory.support.DefaultListableBeanFactory.preInstantiateSingleton(DefaultListableBeanFactory.java:1121) ~[spring-beans-6.2.3.jar:6.2.3]
	at org.springframework.beans.factory.support.DefaultListableBeanFactory.preInstantiateSingletons(DefaultListableBeanFactory.java:1056) ~[spring-beans-6.2.3.jar:6.2.3]
	at org.springframework.context.support.AbstractApplicationContext.finishBeanFactoryInitialization(AbstractApplicationContext.java:987) ~[spring-context-6.2.3.jar:6.2.3]
	at org.springframework.context.support.AbstractApplicationContext.refresh(AbstractApplicationContext.java:627) ~[spring-context-6.2.3.jar:6.2.3]
	at org.springframework.boot.SpringApplication.refresh(SpringApplication.java:752) ~[spring-boot-3.4.3.jar:3.4.3]
	at org.springframework.boot.SpringApplication.refreshContext(SpringApplication.java:439) ~[spring-boot-3.4.3.jar:3.4.3]
	at org.springframework.boot.SpringApplication.run(SpringApplication.java:318) ~[spring-boot-3.4.3.jar:3.4.3]
	at org.springframework.boot.test.context.SpringBootContextLoader.lambda$loadContext$3(SpringBootContextLoader.java:137) ~[spring-boot-test-3.4.3.jar:3.4.3]
	at org.springframework.util.function.ThrowingSupplier.get(ThrowingSupplier.java:58) ~[spring-core-6.2.3.jar:6.2.3]
	at org.springframework.util.function.ThrowingSupplier.get(ThrowingSupplier.java:46) ~[spring-core-6.2.3.jar:6.2.3]
	at org.springframework.boot.SpringApplication.withHook(SpringApplication.java:1461) ~[spring-boot-3.4.3.jar:3.4.3]
	at org.springframework.boot.test.context.SpringBootContextLoader$ContextLoaderHook.run(SpringBootContextLoader.java:553) ~[spring-boot-test-3.4.3.jar:3.4.3]
	at org.springframework.boot.test.context.SpringBootContextLoader.loadContext(SpringBootContextLoader.java:137) ~[spring-boot-test-3.4.3.jar:3.4.3]
	at org.springframework.boot.test.context.SpringBootContextLoader.loadContext(SpringBootContextLoader.java:108) ~[spring-boot-test-3.4.3.jar:3.4.3]
	at org.springframework.test.context.cache.DefaultCacheAwareContextLoaderDelegate.loadContextInternal(DefaultCacheAwareContextLoaderDelegate.java:225) ~[spring-test-6.2.3.jar:6.2.3]
	at org.springframework.test.context.cache.DefaultCacheAwareContextLoaderDelegate.loadContext(DefaultCacheAwareContextLoaderDelegate.java:152) ~[spring-test-6.2.3.jar:6.2.3]
	at org.springframework.test.context.support.DefaultTestContext.getApplicationContext(DefaultTestContext.java:130) ~[spring-test-6.2.3.jar:6.2.3]
	at org.springframework.test.context.web.ServletTestExecutionListener.setUpRequestContextIfNecessary(ServletTestExecutionListener.java:200) ~[spring-test-6.2.3.jar:6.2.3]
	at org.springframework.test.context.web.ServletTestExecutionListener.prepareTestInstance(ServletTestExecutionListener.java:139) ~[spring-test-6.2.3.jar:6.2.3]
	at org.springframework.test.context.TestContextManager.prepareTestInstance(TestContextManager.java:260) ~[spring-test-6.2.3.jar:6.2.3]
	at org.springframework.test.context.junit.jupiter.SpringExtension.postProcessTestInstance(SpringExtension.java:160) ~[spring-test-6.2.3.jar:6.2.3]
	at org.junit.jupiter.engine.descriptor.ClassBasedTestDescriptor.lambda$invokeTestInstancePostProcessors$11(ClassBasedTestDescriptor.java:378) ~[junit-jupiter-engine-5.11.4.jar:5.11.4]
	at org.junit.jupiter.engine.descriptor.ClassBasedTestDescriptor.executeAndMaskThrowable(ClassBasedTestDescriptor.java:383) ~[junit-jupiter-engine-5.11.4.jar:5.11.4]
	at org.junit.jupiter.engine.descriptor.ClassBasedTestDescriptor.lambda$invokeTestInstancePostProcessors$12(ClassBasedTestDescriptor.java:378) ~[junit-jupiter-engine-5.11.4.jar:5.11.4]
	at java.base/java.util.stream.ForEachOps$ForEachOp$OfRef.accept(ForEachOps.java:183) ~[?:?]
	at java.base/java.util.stream.ReferencePipeline$3$1.accept(ReferencePipeline.java:197) ~[?:?]
	at java.base/java.util.stream.ReferencePipeline$2$1.accept(ReferencePipeline.java:179) ~[?:?]
	at java.base/java.util.stream.ReferencePipeline$3$1.accept(ReferencePipeline.java:197) ~[?:?]
	at java.base/java.util.ArrayList$ArrayListSpliterator.forEachRemaining(ArrayList.java:1625) ~[?:?]
	at java.base/java.util.stream.AbstractPipeline.copyInto(AbstractPipeline.java:509) ~[?:?]
	at java.base/java.util.stream.AbstractPipeline.wrapAndCopyInto(AbstractPipeline.java:499) ~[?:?]
	at java.base/java.util.stream.ForEachOps$ForEachOp.evaluateSequential(ForEachOps.java:150) ~[?:?]
	at java.base/java.util.stream.ForEachOps$ForEachOp$OfRef.evaluateSequential(ForEachOps.java:173) ~[?:?]
	at java.base/java.util.stream.AbstractPipeline.evaluate(AbstractPipeline.java:234) ~[?:?]
	at java.base/java.util.stream.ReferencePipeline.forEach(ReferencePipeline.java:596) ~[?:?]
	at org.junit.jupiter.engine.descriptor.ClassBasedTestDescriptor.invokeTestInstancePostProcessors(ClassBasedTestDescriptor.java:377) ~[junit-jupiter-engine-5.11.4.jar:5.11.4]
	at org.junit.jupiter.engine.descriptor.ClassBasedTestDescriptor.lambda$instantiateAndPostProcessTestInstance$7(ClassBasedTestDescriptor.java:290) ~[junit-jupiter-engine-5.11.4.jar:5.11.4]
	at org.junit.platform.engine.support.hierarchical.ThrowableCollector.execute(ThrowableCollector.java:73) ~[junit-platform-engine-1.11.4.jar:1.11.4]
	at org.junit.jupiter.engine.descriptor.ClassBasedTestDescriptor.instantiateAndPostProcessTestInstance(ClassBasedTestDescriptor.java:289) ~[junit-jupiter-engine-5.11.4.jar:5.11.4]
	at org.junit.jupiter.engine.descriptor.ClassBasedTestDescriptor.lambda$testInstancesProvider$5(ClassBasedTestDescriptor.java:279) ~[junit-jupiter-engine-5.11.4.jar:5.11.4]
	at java.base/java.util.Optional.orElseGet(Optional.java:364) ~[?:?]
	at org.junit.jupiter.engine.descriptor.ClassBasedTestDescriptor.lambda$testInstancesProvider$6(ClassBasedTestDescriptor.java:278) ~[junit-jupiter-engine-5.11.4.jar:5.11.4]
	at org.junit.jupiter.engine.execution.TestInstancesProvider.getTestInstances(TestInstancesProvider.java:31) ~[junit-jupiter-engine-5.11.4.jar:5.11.4]
	at org.junit.jupiter.engine.descriptor.TestMethodTestDescriptor.lambda$prepare$1(TestMethodTestDescriptor.java:105) ~[junit-jupiter-engine-5.11.4.jar:5.11.4]
	at org.junit.platform.engine.support.hierarchical.ThrowableCollector.execute(ThrowableCollector.java:73) ~[junit-platform-engine-1.11.4.jar:1.11.4]
	at org.junit.jupiter.engine.descriptor.TestMethodTestDescriptor.prepare(TestMethodTestDescriptor.java:104) ~[junit-jupiter-engine-5.11.4.jar:5.11.4]
	at org.junit.jupiter.engine.descriptor.TestMethodTestDescriptor.prepare(TestMethodTestDescriptor.java:68) ~[junit-jupiter-engine-5.11.4.jar:5.11.4]
	at org.junit.platform.engine.support.hierarchical.NodeTestTask.lambda$prepare$2(NodeTestTask.java:128) ~[junit-platform-engine-1.11.4.jar:1.11.4]
	at org.junit.platform.engine.support.hierarchical.ThrowableCollector.execute(ThrowableCollector.java:73) ~[junit-platform-engine-1.11.4.jar:1.11.4]
	at org.junit.platform.engine.support.hierarchical.NodeTestTask.prepare(NodeTestTask.java:128) ~[junit-platform-engine-1.11.4.jar:1.11.4]
	at org.junit.platform.engine.support.hierarchical.NodeTestTask.execute(NodeTestTask.java:95) ~[junit-platform-engine-1.11.4.jar:1.11.4]
	at java.base/java.util.ArrayList.forEach(ArrayList.java:1511) ~[?:?]
	at org.junit.platform.engine.support.hierarchical.SameThreadHierarchicalTestExecutorService.invokeAll(SameThreadHierarchicalTestExecutorService.java:41) ~[junit-platform-engine-1.11.4.jar:1.11.4]
	at org.junit.platform.engine.support.hierarchical.NodeTestTask.lambda$executeRecursively$6(NodeTestTask.java:160) ~[junit-platform-engine-1.11.4.jar:1.11.4]
	at org.junit.platform.engine.support.hierarchical.ThrowableCollector.execute(ThrowableCollector.java:73) ~[junit-platform-engine-1.11.4.jar:1.11.4]
	at org.junit.platform.engine.support.hierarchical.NodeTestTask.lambda$executeRecursively$8(NodeTestTask.java:146) ~[junit-platform-engine-1.11.4.jar:1.11.4]
	at org.junit.platform.engine.support.hierarchical.Node.around(Node.java:137) ~[junit-platform-engine-1.11.4.jar:1.11.4]
	at org.junit.platform.engine.support.hierarchical.NodeTestTask.lambda$executeRecursively$9(NodeTestTask.java:144) ~[junit-platform-engine-1.11.4.jar:1.11.4]
	at org.junit.platform.engine.support.hierarchical.ThrowableCollector.execute(ThrowableCollector.java:73) ~[junit-platform-engine-1.11.4.jar:1.11.4]
	at org.junit.platform.engine.support.hierarchical.NodeTestTask.executeRecursively(NodeTestTask.java:143) ~[junit-platform-engine-1.11.4.jar:1.11.4]
	at org.junit.platform.engine.support.hierarchical.NodeTestTask.execute(NodeTestTask.java:100) ~[junit-platform-engine-1.11.4.jar:1.11.4]
	at java.base/java.util.ArrayList.forEach(ArrayList.java:1511) ~[?:?]
	at org.junit.platform.engine.support.hierarchical.SameThreadHierarchicalTestExecutorService.invokeAll(SameThreadHierarchicalTestExecutorService.java:41) ~[junit-platform-engine-1.11.4.jar:1.11.4]
	at org.junit.platform.engine.support.hierarchical.NodeTestTask.lambda$executeRecursively$6(NodeTestTask.java:160) ~[junit-platform-engine-1.11.4.jar:1.11.4]
	at org.junit.platform.engine.support.hierarchical.ThrowableCollector.execute(ThrowableCollector.java:73) ~[junit-platform-engine-1.11.4.jar:1.11.4]
	at org.junit.platform.engine.support.hierarchical.NodeTestTask.lambda$executeRecursively$8(NodeTestTask.java:146) ~[junit-platform-engine-1.11.4.jar:1.11.4]
	at org.junit.platform.engine.support.hierarchical.Node.around(Node.java:137) ~[junit-platform-engine-1.11.4.jar:1.11.4]
	at org.junit.platform.engine.support.hierarchical.NodeTestTask.lambda$executeRecursively$9(NodeTestTask.java:144) ~[junit-platform-engine-1.11.4.jar:1.11.4]
	at org.junit.platform.engine.support.hierarchical.ThrowableCollector.execute(ThrowableCollector.java:73) ~[junit-platform-engine-1.11.4.jar:1.11.4]
	at org.junit.platform.engine.support.hierarchical.NodeTestTask.executeRecursively(NodeTestTask.java:143) ~[junit-platform-engine-1.11.4.jar:1.11.4]
	at org.junit.platform.engine.support.hierarchical.NodeTestTask.execute(NodeTestTask.java:100) ~[junit-platform-engine-1.11.4.jar:1.11.4]
	at org.junit.platform.engine.support.hierarchical.SameThreadHierarchicalTestExecutorService.submit(SameThreadHierarchicalTestExecutorService.java:35) ~[junit-platform-engine-1.11.4.jar:1.11.4]
	at org.junit.platform.engine.support.hierarchical.HierarchicalTestExecutor.execute(HierarchicalTestExecutor.java:57) ~[junit-platform-engine-1.11.4.jar:1.11.4]
	at org.junit.platform.engine.support.hierarchical.HierarchicalTestEngine.execute(HierarchicalTestEngine.java:54) ~[junit-platform-engine-1.11.4.jar:1.11.4]
	at org.junit.platform.launcher.core.EngineExecutionOrchestrator.execute(EngineExecutionOrchestrator.java:198) ~[junit-platform-launcher-1.11.4.jar:1.11.4]
	at org.junit.platform.launcher.core.EngineExecutionOrchestrator.execute(EngineExecutionOrchestrator.java:169) ~[junit-platform-launcher-1.11.4.jar:1.11.4]
	at org.junit.platform.launcher.core.EngineExecutionOrchestrator.execute(EngineExecutionOrchestrator.java:93) ~[junit-platform-launcher-1.11.4.jar:1.11.4]
	at org.junit.platform.launcher.core.EngineExecutionOrchestrator.lambda$execute$0(EngineExecutionOrchestrator.java:58) ~[junit-platform-launcher-1.11.4.jar:1.11.4]
	at org.junit.platform.launcher.core.EngineExecutionOrchestrator.withInterceptedStreams(EngineExecutionOrchestrator.java:141) [junit-platform-launcher-1.11.4.jar:1.11.4]
	at org.junit.platform.launcher.core.EngineExecutionOrchestrator.execute(EngineExecutionOrchestrator.java:57) [junit-platform-launcher-1.11.4.jar:1.11.4]
	at org.junit.platform.launcher.core.DefaultLauncher.execute(DefaultLauncher.java:103) [junit-platform-launcher-1.11.4.jar:1.11.4]
	at org.junit.platform.launcher.core.DefaultLauncher.execute(DefaultLauncher.java:85) [junit-platform-launcher-1.11.4.jar:1.11.4]
	at org.junit.platform.launcher.core.DelegatingLauncher.execute(DelegatingLauncher.java:47) [junit-platform-launcher-1.11.4.jar:1.11.4]
	at org.apache.maven.surefire.junitplatform.LazyLauncher.execute(LazyLauncher.java:56) [surefire-junit-platform-3.5.2.jar:3.5.2]
	at org.apache.maven.surefire.junitplatform.JUnitPlatformProvider.execute(JUnitPlatformProvider.java:184) [surefire-junit-platform-3.5.2.jar:3.5.2]
	at org.apache.maven.surefire.junitplatform.JUnitPlatformProvider.invokeAllTests(JUnitPlatformProvider.java:148) [surefire-junit-platform-3.5.2.jar:3.5.2]
	at org.apache.maven.surefire.junitplatform.JUnitPlatformProvider.invoke(JUnitPlatformProvider.java:122) [surefire-junit-platform-3.5.2.jar:3.5.2]
	at org.apache.maven.surefire.booter.ForkedBooter.runSuitesInProcess(ForkedBooter.java:385) [surefire-booter-3.5.2.jar:3.5.2]
	at org.apache.maven.surefire.booter.ForkedBooter.execute(ForkedBooter.java:162) [surefire-booter-3.5.2.jar:3.5.2]
	at org.apache.maven.surefire.booter.ForkedBooter.run(ForkedBooter.java:507) [surefire-booter-3.5.2.jar:3.5.2]
	at org.apache.maven.surefire.booter.ForkedBooter.main(ForkedBooter.java:495) [surefire-booter-3.5.2.jar:3.5.2]
2025-06-13 17:24:42.840 [main] DEBUG org.springframework.data.jpa.repository.query.NamedQuery - Did not find named query Athlete.findAthleteByCriteria.count
2025-06-13 17:24:42.841 [main] DEBUG org.springframework.orm.jpa.SharedEntityManagerCreator$SharedEntityManagerInvocationHandler - Creating new EntityManager for shared EntityManager invocation
2025-06-13 17:24:42.842 [main] DEBUG org.hibernate.orm.query.hql - HQL : SELECT DISTINCT a FROM Athlete a LEFT JOIN a.sports s WHERE a.isDeleted = false AND (:firstName IS NULL OR (CAST(a.firstName AS string) LIKE CONCAT('%', CAST(:firstName AS string), '%'))) AND (:lastName IS NULL OR (CAST(a.lastName AS string) LIKE CONCAT('%', CAST(:lastName AS string), '%'))) AND (:gender IS NULL OR a.gender = :gender) AND (:dateOfBirth IS NULL OR a.dateOfBirth = :dateOfBirth) AND (:sportIds IS NULL OR s.id IN :sportIds_1) AND (:emailPermission IS NULL OR a.emailPermission = :emailPermission) AND (:phonePermission IS NULL OR a.phonePermission = :phonePermission)
2025-06-13 17:24:42.843 [main] DEBUG org.hibernate.orm.query.hql.reservedWordAsIdentifier - Encountered use of reserved word as identifier : IN
2025-06-13 17:24:42.844 [main] DEBUG org.hibernate.orm.query.sqm.creation - Applying inferable type to SqmExpression [SqmNamedParameter(gender)] : null -> SqmBasicValuedSimplePath(com.example.trainup.model.user.Athlete(a).gender)
2025-06-13 17:24:42.844 [main] DEBUG org.hibernate.orm.query.sqm.creation - Applying inferable type to SqmExpression [SqmNamedParameter(dateOfBirth)] : null -> SqmBasicValuedSimplePath(com.example.trainup.model.user.Athlete(a).dateOfBirth)
2025-06-13 17:24:42.845 [main] DEBUG org.hibernate.orm.query.sqm.creation - Applying inferable type to SqmExpression [SqmNamedParameter(sportIds_1)] : null -> SqmBasicValuedSimplePath(com.example.trainup.model.user.Athlete(a).sports(s).{element}.id)
2025-06-13 17:24:42.845 [main] DEBUG org.hibernate.orm.query.sqm.creation - Applying inferable type to SqmExpression [SqmNamedParameter(emailPermission)] : null -> SqmBasicValuedSimplePath(com.example.trainup.model.user.Athlete(a).emailPermission)
2025-06-13 17:24:42.845 [main] DEBUG org.hibernate.orm.query.sqm.creation - Applying inferable type to SqmExpression [SqmNamedParameter(phonePermission)] : null -> SqmBasicValuedSimplePath(com.example.trainup.model.user.Athlete(a).phonePermission)
2025-06-13 17:24:42.845 [main] DEBUG org.hibernate.orm.query.sqm.ast - SqmStatement Tree :
    -> [select]
      -> [query-spec]
        -> [select(distinct)]
          -> [selection]
            -> [root] - `com.example.trainup.model.user.Athlete(a)`
              -> [joins]
                -> [attribute] - `com.example.trainup.model.user.Athlete(a).sports(s)`
                    [fetched = false]
                <- [attribute] - `com.example.trainup.model.user.Athlete(a).sports(s)`
              <- [joins]
            <- [root] - `com.example.trainup.model.user.Athlete(a)`
          <- [selection]
        <- [select(distinct)]
        -> [from]
          -> [root] - `com.example.trainup.model.user.Athlete(a)`
            -> [joins]
              -> [attribute] - `com.example.trainup.model.user.Athlete(a).sports(s)`
                  [fetched = false]
              <- [attribute] - `com.example.trainup.model.user.Athlete(a).sports(s)`
            <- [joins]
          <- [root] - `com.example.trainup.model.user.Athlete(a)`
        <- [from]
        -> [where]
          -> [and]
            -> [EQUAL]
                -> [basic-path] - `com.example.trainup.model.user.Athlete(a).isDeleted`
            <- [EQUAL]
            -> [grouped]
                -> [or]
                  -> [is-null]
                      :firstName
                  <- [is-null]
                  -> [grouped]
                      -> [is-like]
                      <- [is-like]
                  <- [grouped]
                <- [or]
            <- [grouped]
            -> [grouped]
                -> [or]
                  -> [is-null]
                      :lastName
                  <- [is-null]
                  -> [grouped]
                      -> [is-like]
                      <- [is-like]
                  <- [grouped]
                <- [or]
            <- [grouped]
            -> [grouped]
                -> [or]
                  -> [is-null]
                      :gender
                  <- [is-null]
                  -> [EQUAL]
                      -> [basic-path] - `com.example.trainup.model.user.Athlete(a).gender`
                      :gender
                  <- [EQUAL]
                <- [or]
            <- [grouped]
            -> [grouped]
                -> [or]
                  -> [is-null]
                      :dateOfBirth
                  <- [is-null]
                  -> [EQUAL]
                      -> [basic-path] - `com.example.trainup.model.user.Athlete(a).dateOfBirth`
                      :dateOfBirth
                  <- [EQUAL]
                <- [or]
            <- [grouped]
            -> [grouped]
                -> [or]
                  -> [is-null]
                      :sportIds
                  <- [is-null]
                <- [or]
            <- [grouped]
            -> [grouped]
                -> [or]
                  -> [is-null]
                      :emailPermission
                  <- [is-null]
                  -> [EQUAL]
                      -> [basic-path] - `com.example.trainup.model.user.Athlete(a).emailPermission`
                      :emailPermission
                  <- [EQUAL]
                <- [or]
            <- [grouped]
            -> [grouped]
                -> [or]
                  -> [is-null]
                      :phonePermission
                  <- [is-null]
                  -> [EQUAL]
                      -> [basic-path] - `com.example.trainup.model.user.Athlete(a).phonePermission`
                      :phonePermission
                  <- [EQUAL]
                <- [or]
            <- [grouped]
          <- [and]
        <- [where]
      <- [query-spec]
    <- [select]

2025-06-13 17:24:42.849 [main] DEBUG org.hibernate.orm.query.hql - HQL : SELECT count(DISTINCT a) FROM Athlete a LEFT JOIN a.sports s WHERE a.isDeleted = false AND (:firstName IS NULL OR (CAST(a.firstName AS string) LIKE CONCAT('%', CAST(:firstName AS string), '%'))) AND (:lastName IS NULL OR (CAST(a.lastName AS string) LIKE CONCAT('%', CAST(:lastName AS string), '%'))) AND (:gender IS NULL OR a.gender = :gender) AND (:dateOfBirth IS NULL OR a.dateOfBirth = :dateOfBirth) AND (:sportIds IS NULL OR s.id IN :sportIds_1) AND (:emailPermission IS NULL OR a.emailPermission = :emailPermission) AND (:phonePermission IS NULL OR a.phonePermission = :phonePermission)
2025-06-13 17:24:42.849 [main] DEBUG org.hibernate.orm.query.hql.reservedWordAsIdentifier - Encountered use of reserved word as identifier : (
2025-06-13 17:24:42.850 [main] DEBUG org.hibernate.orm.query.hql.reservedWordAsIdentifier - Encountered use of reserved word as identifier : IN
2025-06-13 17:24:42.852 [main] DEBUG org.hibernate.orm.query.sqm.creation - Applying inferable type to SqmExpression [SqmNamedParameter(gender)] : null -> SqmBasicValuedSimplePath(com.example.trainup.model.user.Athlete(a).gender)
2025-06-13 17:24:42.854 [main] DEBUG org.hibernate.orm.query.sqm.creation - Applying inferable type to SqmExpression [SqmNamedParameter(dateOfBirth)] : null -> SqmBasicValuedSimplePath(com.example.trainup.model.user.Athlete(a).dateOfBirth)
2025-06-13 17:24:42.854 [main] DEBUG org.hibernate.orm.query.sqm.creation - Applying inferable type to SqmExpression [SqmNamedParameter(sportIds_1)] : null -> SqmBasicValuedSimplePath(com.example.trainup.model.user.Athlete(a).sports(s).{element}.id)
2025-06-13 17:24:42.855 [main] DEBUG org.hibernate.orm.query.sqm.creation - Applying inferable type to SqmExpression [SqmNamedParameter(emailPermission)] : null -> SqmBasicValuedSimplePath(com.example.trainup.model.user.Athlete(a).emailPermission)
2025-06-13 17:24:42.855 [main] DEBUG org.hibernate.orm.query.sqm.creation - Applying inferable type to SqmExpression [SqmNamedParameter(phonePermission)] : null -> SqmBasicValuedSimplePath(com.example.trainup.model.user.Athlete(a).phonePermission)
2025-06-13 17:24:42.855 [main] DEBUG org.hibernate.orm.query.sqm.ast - SqmStatement Tree :
    -> [select]
      -> [query-spec]
        -> [select]
          -> [selection]
          <- [selection]
        <- [select]
        -> [from]
          -> [root] - `com.example.trainup.model.user.Athlete(a)`
            -> [joins]
              -> [attribute] - `com.example.trainup.model.user.Athlete(a).sports(s)`
                  [fetched = false]
              <- [attribute] - `com.example.trainup.model.user.Athlete(a).sports(s)`
            <- [joins]
          <- [root] - `com.example.trainup.model.user.Athlete(a)`
        <- [from]
        -> [where]
          -> [and]
            -> [EQUAL]
                -> [basic-path] - `com.example.trainup.model.user.Athlete(a).isDeleted`
            <- [EQUAL]
            -> [grouped]
                -> [or]
                  -> [is-null]
                      :firstName
                  <- [is-null]
                  -> [grouped]
                      -> [is-like]
                      <- [is-like]
                  <- [grouped]
                <- [or]
            <- [grouped]
            -> [grouped]
                -> [or]
                  -> [is-null]
                      :lastName
                  <- [is-null]
                  -> [grouped]
                      -> [is-like]
                      <- [is-like]
                  <- [grouped]
                <- [or]
            <- [grouped]
            -> [grouped]
                -> [or]
                  -> [is-null]
                      :gender
                  <- [is-null]
                  -> [EQUAL]
                      -> [basic-path] - `com.example.trainup.model.user.Athlete(a).gender`
                      :gender
                  <- [EQUAL]
                <- [or]
            <- [grouped]
            -> [grouped]
                -> [or]
                  -> [is-null]
                      :dateOfBirth
                  <- [is-null]
                  -> [EQUAL]
                      -> [basic-path] - `com.example.trainup.model.user.Athlete(a).dateOfBirth`
                      :dateOfBirth
                  <- [EQUAL]
                <- [or]
            <- [grouped]
            -> [grouped]
                -> [or]
                  -> [is-null]
                      :sportIds
                  <- [is-null]
                <- [or]
            <- [grouped]
            -> [grouped]
                -> [or]
                  -> [is-null]
                      :emailPermission
                  <- [is-null]
                  -> [EQUAL]
                      -> [basic-path] - `com.example.trainup.model.user.Athlete(a).emailPermission`
                      :emailPermission
                  <- [EQUAL]
                <- [or]
            <- [grouped]
            -> [grouped]
                -> [or]
                  -> [is-null]
                      :phonePermission
                  <- [is-null]
                  -> [EQUAL]
                      -> [basic-path] - `com.example.trainup.model.user.Athlete(a).phonePermission`
                      :phonePermission
                  <- [EQUAL]
                <- [or]
            <- [grouped]
          <- [and]
        <- [where]
      <- [query-spec]
    <- [select]

2025-06-13 17:24:42.856 [main] DEBUG org.springframework.data.repository.core.support.RepositoryFactorySupport - Finished creation of repository instance for com.example.trainup.repository.AthleteRepository.
2025-06-13 17:24:42.876 [main] DEBUG org.springframework.beans.factory.support.DefaultListableBeanFactory - Creating shared instance of singleton bean 'sportRepository'
2025-06-13 17:24:42.878 [main] DEBUG org.springframework.beans.factory.support.DefaultListableBeanFactory - Creating shared instance of singleton bean 'jpa.named-queries#4'
2025-06-13 17:24:42.881 [main] DEBUG org.springframework.beans.factory.support.DefaultListableBeanFactory - Creating shared instance of singleton bean 'jpa.SportRepository.fragments#0'
2025-06-13 17:24:42.883 [main] DEBUG org.springframework.orm.jpa.SharedEntityManagerCreator$SharedEntityManagerInvocationHandler - Creating new EntityManager for shared EntityManager invocation
2025-06-13 17:24:42.884 [main] DEBUG org.springframework.data.repository.core.support.RepositoryFactorySupport - Initializing repository instance for com.example.trainup.repository.SportRepository…
2025-06-13 17:24:42.885 [main] DEBUG org.springframework.orm.jpa.SharedEntityManagerCreator$SharedEntityManagerInvocationHandler - Creating new EntityManager for shared EntityManager invocation
2025-06-13 17:24:42.890 [main] DEBUG org.hibernate.resource.transaction.backend.jdbc.internal.JdbcResourceLocalTransactionCoordinatorImpl - JDBC transaction marked for rollback-only (exception provided for stack trace)
java.lang.Exception: exception just for purpose of providing stack trace
	at org.hibernate.resource.transaction.backend.jdbc.internal.JdbcResourceLocalTransactionCoordinatorImpl$TransactionDriverControlImpl.markRollbackOnly(JdbcResourceLocalTransactionCoordinatorImpl.java:309) ~[hibernate-core-6.6.8.Final.jar:6.6.8.Final]
	at org.hibernate.internal.AbstractSharedSessionContract.buildNamedQuery(AbstractSharedSessionContract.java:1141) ~[hibernate-core-6.6.8.Final.jar:6.6.8.Final]
	at org.hibernate.internal.AbstractSharedSessionContract.createNamedQuery(AbstractSharedSessionContract.java:1019) ~[hibernate-core-6.6.8.Final.jar:6.6.8.Final]
	at org.hibernate.internal.AbstractSharedSessionContract.createNamedQuery(AbstractSharedSessionContract.java:143) ~[hibernate-core-6.6.8.Final.jar:6.6.8.Final]
	at jdk.internal.reflect.GeneratedMethodAccessor95.invoke(Unknown Source) ~[?:?]
	at java.base/jdk.internal.reflect.DelegatingMethodAccessorImpl.invoke(DelegatingMethodAccessorImpl.java:43) ~[?:?]
	at java.base/java.lang.reflect.Method.invoke(Method.java:569) ~[?:?]
	at org.springframework.orm.jpa.ExtendedEntityManagerCreator$ExtendedEntityManagerInvocationHandler.invoke(ExtendedEntityManagerCreator.java:364) ~[spring-orm-6.2.3.jar:6.2.3]
	at jdk.proxy2/jdk.proxy2.$Proxy233.createNamedQuery(Unknown Source) ~[?:?]
	at org.springframework.data.jpa.repository.query.NamedQuery.hasNamedQuery(NamedQuery.java:114) ~[spring-data-jpa-3.4.3.jar:3.4.3]
	at org.springframework.data.jpa.repository.query.JpaQueryLookupStrategy$DeclaredQueryLookupStrategy.getCountQuery(JpaQueryLookupStrategy.java:208) ~[spring-data-jpa-3.4.3.jar:3.4.3]
	at org.springframework.data.jpa.repository.query.JpaQueryLookupStrategy$DeclaredQueryLookupStrategy.resolveQuery(JpaQueryLookupStrategy.java:175) ~[spring-data-jpa-3.4.3.jar:3.4.3]
	at org.springframework.data.jpa.repository.query.JpaQueryLookupStrategy$CreateIfNotFoundQueryLookupStrategy.resolveQuery(JpaQueryLookupStrategy.java:256) ~[spring-data-jpa-3.4.3.jar:3.4.3]
	at org.springframework.data.jpa.repository.query.JpaQueryLookupStrategy$AbstractQueryLookupStrategy.resolveQuery(JpaQueryLookupStrategy.java:99) ~[spring-data-jpa-3.4.3.jar:3.4.3]
	at org.springframework.data.repository.core.support.QueryExecutorMethodInterceptor.lookupQuery(QueryExecutorMethodInterceptor.java:116) ~[spring-data-commons-3.4.3.jar:3.4.3]
	at org.springframework.data.repository.core.support.QueryExecutorMethodInterceptor.mapMethodsToQuery(QueryExecutorMethodInterceptor.java:104) ~[spring-data-commons-3.4.3.jar:3.4.3]
	at org.springframework.data.repository.core.support.QueryExecutorMethodInterceptor.lambda$new$0(QueryExecutorMethodInterceptor.java:92) ~[spring-data-commons-3.4.3.jar:3.4.3]
	at java.base/java.util.Optional.map(Optional.java:260) ~[?:?]
	at org.springframework.data.repository.core.support.QueryExecutorMethodInterceptor.<init>(QueryExecutorMethodInterceptor.java:92) ~[spring-data-commons-3.4.3.jar:3.4.3]
	at org.springframework.data.repository.core.support.RepositoryFactorySupport.getRepository(RepositoryFactorySupport.java:440) ~[spring-data-commons-3.4.3.jar:3.4.3]
	at org.springframework.data.repository.core.support.RepositoryFactoryBeanSupport.lambda$afterPropertiesSet$4(RepositoryFactoryBeanSupport.java:350) ~[spring-data-commons-3.4.3.jar:3.4.3]
	at org.springframework.data.util.Lazy.getNullable(Lazy.java:135) ~[spring-data-commons-3.4.3.jar:3.4.3]
	at org.springframework.data.util.Lazy.get(Lazy.java:113) ~[spring-data-commons-3.4.3.jar:3.4.3]
	at org.springframework.data.repository.core.support.RepositoryFactoryBeanSupport.afterPropertiesSet(RepositoryFactoryBeanSupport.java:356) ~[spring-data-commons-3.4.3.jar:3.4.3]
	at org.springframework.data.jpa.repository.support.JpaRepositoryFactoryBean.afterPropertiesSet(JpaRepositoryFactoryBean.java:132) ~[spring-data-jpa-3.4.3.jar:3.4.3]
	at org.springframework.beans.factory.support.AbstractAutowireCapableBeanFactory.invokeInitMethods(AbstractAutowireCapableBeanFactory.java:1859) ~[spring-beans-6.2.3.jar:6.2.3]
	at org.springframework.beans.factory.support.AbstractAutowireCapableBeanFactory.initializeBean(AbstractAutowireCapableBeanFactory.java:1808) ~[spring-beans-6.2.3.jar:6.2.3]
	at org.springframework.beans.factory.support.AbstractAutowireCapableBeanFactory.doCreateBean(AbstractAutowireCapableBeanFactory.java:601) ~[spring-beans-6.2.3.jar:6.2.3]
	at org.springframework.beans.factory.support.AbstractAutowireCapableBeanFactory.createBean(AbstractAutowireCapableBeanFactory.java:523) ~[spring-beans-6.2.3.jar:6.2.3]
	at org.springframework.beans.factory.support.AbstractBeanFactory.lambda$doGetBean$0(AbstractBeanFactory.java:339) ~[spring-beans-6.2.3.jar:6.2.3]
	at org.springframework.beans.factory.support.DefaultSingletonBeanRegistry.getSingleton(DefaultSingletonBeanRegistry.java:346) ~[spring-beans-6.2.3.jar:6.2.3]
	at org.springframework.beans.factory.support.AbstractBeanFactory.doGetBean(AbstractBeanFactory.java:337) ~[spring-beans-6.2.3.jar:6.2.3]
	at org.springframework.beans.factory.support.AbstractBeanFactory.getBean(AbstractBeanFactory.java:202) ~[spring-beans-6.2.3.jar:6.2.3]
	at org.springframework.beans.factory.support.DefaultListableBeanFactory.doResolveDependency(DefaultListableBeanFactory.java:1606) ~[spring-beans-6.2.3.jar:6.2.3]
	at org.springframework.beans.factory.support.DefaultListableBeanFactory.resolveDependency(DefaultListableBeanFactory.java:1552) ~[spring-beans-6.2.3.jar:6.2.3]
	at org.springframework.beans.factory.support.ConstructorResolver.resolveAutowiredArgument(ConstructorResolver.java:913) ~[spring-beans-6.2.3.jar:6.2.3]
	at org.springframework.beans.factory.support.ConstructorResolver.createArgumentArray(ConstructorResolver.java:791) ~[spring-beans-6.2.3.jar:6.2.3]
	at org.springframework.beans.factory.support.ConstructorResolver.autowireConstructor(ConstructorResolver.java:240) ~[spring-beans-6.2.3.jar:6.2.3]
	at org.springframework.beans.factory.support.AbstractAutowireCapableBeanFactory.autowireConstructor(AbstractAutowireCapableBeanFactory.java:1381) ~[spring-beans-6.2.3.jar:6.2.3]
	at org.springframework.beans.factory.support.AbstractAutowireCapableBeanFactory.createBeanInstance(AbstractAutowireCapableBeanFactory.java:1218) ~[spring-beans-6.2.3.jar:6.2.3]
	at org.springframework.beans.factory.support.AbstractAutowireCapableBeanFactory.doCreateBean(AbstractAutowireCapableBeanFactory.java:563) ~[spring-beans-6.2.3.jar:6.2.3]
	at org.springframework.beans.factory.support.AbstractAutowireCapableBeanFactory.createBean(AbstractAutowireCapableBeanFactory.java:523) ~[spring-beans-6.2.3.jar:6.2.3]
	at org.springframework.beans.factory.support.AbstractBeanFactory.lambda$doGetBean$0(AbstractBeanFactory.java:339) ~[spring-beans-6.2.3.jar:6.2.3]
	at org.springframework.beans.factory.support.DefaultSingletonBeanRegistry.getSingleton(DefaultSingletonBeanRegistry.java:346) ~[spring-beans-6.2.3.jar:6.2.3]
	at org.springframework.beans.factory.support.AbstractBeanFactory.doGetBean(AbstractBeanFactory.java:337) ~[spring-beans-6.2.3.jar:6.2.3]
	at org.springframework.beans.factory.support.AbstractBeanFactory.getBean(AbstractBeanFactory.java:202) ~[spring-beans-6.2.3.jar:6.2.3]
	at org.springframework.beans.factory.config.DependencyDescriptor.resolveCandidate(DependencyDescriptor.java:254) ~[spring-beans-6.2.3.jar:6.2.3]
	at org.springframework.beans.factory.support.DefaultListableBeanFactory.doResolveDependency(DefaultListableBeanFactory.java:1664) ~[spring-beans-6.2.3.jar:6.2.3]
	at org.springframework.beans.factory.support.DefaultListableBeanFactory.resolveDependency(DefaultListableBeanFactory.java:1552) ~[spring-beans-6.2.3.jar:6.2.3]
	at org.springframework.beans.factory.support.ConstructorResolver.resolveAutowiredArgument(ConstructorResolver.java:913) ~[spring-beans-6.2.3.jar:6.2.3]
	at org.springframework.beans.factory.support.ConstructorResolver.createArgumentArray(ConstructorResolver.java:791) ~[spring-beans-6.2.3.jar:6.2.3]
	at org.springframework.beans.factory.support.ConstructorResolver.autowireConstructor(ConstructorResolver.java:240) ~[spring-beans-6.2.3.jar:6.2.3]
	at org.springframework.beans.factory.support.AbstractAutowireCapableBeanFactory.autowireConstructor(AbstractAutowireCapableBeanFactory.java:1381) ~[spring-beans-6.2.3.jar:6.2.3]
	at org.springframework.beans.factory.support.AbstractAutowireCapableBeanFactory.createBeanInstance(AbstractAutowireCapableBeanFactory.java:1218) ~[spring-beans-6.2.3.jar:6.2.3]
	at org.springframework.beans.factory.support.AbstractAutowireCapableBeanFactory.doCreateBean(AbstractAutowireCapableBeanFactory.java:563) ~[spring-beans-6.2.3.jar:6.2.3]
	at org.springframework.beans.factory.support.AbstractAutowireCapableBeanFactory.createBean(AbstractAutowireCapableBeanFactory.java:523) ~[spring-beans-6.2.3.jar:6.2.3]
	at org.springframework.beans.factory.support.AbstractBeanFactory.lambda$doGetBean$0(AbstractBeanFactory.java:339) ~[spring-beans-6.2.3.jar:6.2.3]
	at org.springframework.beans.factory.support.DefaultSingletonBeanRegistry.getSingleton(DefaultSingletonBeanRegistry.java:346) ~[spring-beans-6.2.3.jar:6.2.3]
	at org.springframework.beans.factory.support.AbstractBeanFactory.doGetBean(AbstractBeanFactory.java:337) ~[spring-beans-6.2.3.jar:6.2.3]
	at org.springframework.beans.factory.support.AbstractBeanFactory.getBean(AbstractBeanFactory.java:202) ~[spring-beans-6.2.3.jar:6.2.3]
	at org.springframework.beans.factory.support.DefaultListableBeanFactory.instantiateSingleton(DefaultListableBeanFactory.java:1155) ~[spring-beans-6.2.3.jar:6.2.3]
	at org.springframework.beans.factory.support.DefaultListableBeanFactory.preInstantiateSingleton(DefaultListableBeanFactory.java:1121) ~[spring-beans-6.2.3.jar:6.2.3]
	at org.springframework.beans.factory.support.DefaultListableBeanFactory.preInstantiateSingletons(DefaultListableBeanFactory.java:1056) ~[spring-beans-6.2.3.jar:6.2.3]
	at org.springframework.context.support.AbstractApplicationContext.finishBeanFactoryInitialization(AbstractApplicationContext.java:987) ~[spring-context-6.2.3.jar:6.2.3]
	at org.springframework.context.support.AbstractApplicationContext.refresh(AbstractApplicationContext.java:627) ~[spring-context-6.2.3.jar:6.2.3]
	at org.springframework.boot.SpringApplication.refresh(SpringApplication.java:752) ~[spring-boot-3.4.3.jar:3.4.3]
	at org.springframework.boot.SpringApplication.refreshContext(SpringApplication.java:439) ~[spring-boot-3.4.3.jar:3.4.3]
	at org.springframework.boot.SpringApplication.run(SpringApplication.java:318) ~[spring-boot-3.4.3.jar:3.4.3]
	at org.springframework.boot.test.context.SpringBootContextLoader.lambda$loadContext$3(SpringBootContextLoader.java:137) ~[spring-boot-test-3.4.3.jar:3.4.3]
	at org.springframework.util.function.ThrowingSupplier.get(ThrowingSupplier.java:58) ~[spring-core-6.2.3.jar:6.2.3]
	at org.springframework.util.function.ThrowingSupplier.get(ThrowingSupplier.java:46) ~[spring-core-6.2.3.jar:6.2.3]
	at org.springframework.boot.SpringApplication.withHook(SpringApplication.java:1461) ~[spring-boot-3.4.3.jar:3.4.3]
	at org.springframework.boot.test.context.SpringBootContextLoader$ContextLoaderHook.run(SpringBootContextLoader.java:553) ~[spring-boot-test-3.4.3.jar:3.4.3]
	at org.springframework.boot.test.context.SpringBootContextLoader.loadContext(SpringBootContextLoader.java:137) ~[spring-boot-test-3.4.3.jar:3.4.3]
	at org.springframework.boot.test.context.SpringBootContextLoader.loadContext(SpringBootContextLoader.java:108) ~[spring-boot-test-3.4.3.jar:3.4.3]
	at org.springframework.test.context.cache.DefaultCacheAwareContextLoaderDelegate.loadContextInternal(DefaultCacheAwareContextLoaderDelegate.java:225) ~[spring-test-6.2.3.jar:6.2.3]
	at org.springframework.test.context.cache.DefaultCacheAwareContextLoaderDelegate.loadContext(DefaultCacheAwareContextLoaderDelegate.java:152) ~[spring-test-6.2.3.jar:6.2.3]
	at org.springframework.test.context.support.DefaultTestContext.getApplicationContext(DefaultTestContext.java:130) ~[spring-test-6.2.3.jar:6.2.3]
	at org.springframework.test.context.web.ServletTestExecutionListener.setUpRequestContextIfNecessary(ServletTestExecutionListener.java:200) ~[spring-test-6.2.3.jar:6.2.3]
	at org.springframework.test.context.web.ServletTestExecutionListener.prepareTestInstance(ServletTestExecutionListener.java:139) ~[spring-test-6.2.3.jar:6.2.3]
	at org.springframework.test.context.TestContextManager.prepareTestInstance(TestContextManager.java:260) ~[spring-test-6.2.3.jar:6.2.3]
	at org.springframework.test.context.junit.jupiter.SpringExtension.postProcessTestInstance(SpringExtension.java:160) ~[spring-test-6.2.3.jar:6.2.3]
	at org.junit.jupiter.engine.descriptor.ClassBasedTestDescriptor.lambda$invokeTestInstancePostProcessors$11(ClassBasedTestDescriptor.java:378) ~[junit-jupiter-engine-5.11.4.jar:5.11.4]
	at org.junit.jupiter.engine.descriptor.ClassBasedTestDescriptor.executeAndMaskThrowable(ClassBasedTestDescriptor.java:383) ~[junit-jupiter-engine-5.11.4.jar:5.11.4]
	at org.junit.jupiter.engine.descriptor.ClassBasedTestDescriptor.lambda$invokeTestInstancePostProcessors$12(ClassBasedTestDescriptor.java:378) ~[junit-jupiter-engine-5.11.4.jar:5.11.4]
	at java.base/java.util.stream.ForEachOps$ForEachOp$OfRef.accept(ForEachOps.java:183) ~[?:?]
	at java.base/java.util.stream.ReferencePipeline$3$1.accept(ReferencePipeline.java:197) ~[?:?]
	at java.base/java.util.stream.ReferencePipeline$2$1.accept(ReferencePipeline.java:179) ~[?:?]
	at java.base/java.util.stream.ReferencePipeline$3$1.accept(ReferencePipeline.java:197) ~[?:?]
	at java.base/java.util.ArrayList$ArrayListSpliterator.forEachRemaining(ArrayList.java:1625) ~[?:?]
	at java.base/java.util.stream.AbstractPipeline.copyInto(AbstractPipeline.java:509) ~[?:?]
	at java.base/java.util.stream.AbstractPipeline.wrapAndCopyInto(AbstractPipeline.java:499) ~[?:?]
	at java.base/java.util.stream.ForEachOps$ForEachOp.evaluateSequential(ForEachOps.java:150) ~[?:?]
	at java.base/java.util.stream.ForEachOps$ForEachOp$OfRef.evaluateSequential(ForEachOps.java:173) ~[?:?]
	at java.base/java.util.stream.AbstractPipeline.evaluate(AbstractPipeline.java:234) ~[?:?]
	at java.base/java.util.stream.ReferencePipeline.forEach(ReferencePipeline.java:596) ~[?:?]
	at org.junit.jupiter.engine.descriptor.ClassBasedTestDescriptor.invokeTestInstancePostProcessors(ClassBasedTestDescriptor.java:377) ~[junit-jupiter-engine-5.11.4.jar:5.11.4]
	at org.junit.jupiter.engine.descriptor.ClassBasedTestDescriptor.lambda$instantiateAndPostProcessTestInstance$7(ClassBasedTestDescriptor.java:290) ~[junit-jupiter-engine-5.11.4.jar:5.11.4]
	at org.junit.platform.engine.support.hierarchical.ThrowableCollector.execute(ThrowableCollector.java:73) ~[junit-platform-engine-1.11.4.jar:1.11.4]
	at org.junit.jupiter.engine.descriptor.ClassBasedTestDescriptor.instantiateAndPostProcessTestInstance(ClassBasedTestDescriptor.java:289) ~[junit-jupiter-engine-5.11.4.jar:5.11.4]
	at org.junit.jupiter.engine.descriptor.ClassBasedTestDescriptor.lambda$testInstancesProvider$5(ClassBasedTestDescriptor.java:279) ~[junit-jupiter-engine-5.11.4.jar:5.11.4]
	at java.base/java.util.Optional.orElseGet(Optional.java:364) ~[?:?]
	at org.junit.jupiter.engine.descriptor.ClassBasedTestDescriptor.lambda$testInstancesProvider$6(ClassBasedTestDescriptor.java:278) ~[junit-jupiter-engine-5.11.4.jar:5.11.4]
	at org.junit.jupiter.engine.execution.TestInstancesProvider.getTestInstances(TestInstancesProvider.java:31) ~[junit-jupiter-engine-5.11.4.jar:5.11.4]
	at org.junit.jupiter.engine.descriptor.TestMethodTestDescriptor.lambda$prepare$1(TestMethodTestDescriptor.java:105) ~[junit-jupiter-engine-5.11.4.jar:5.11.4]
	at org.junit.platform.engine.support.hierarchical.ThrowableCollector.execute(ThrowableCollector.java:73) ~[junit-platform-engine-1.11.4.jar:1.11.4]
	at org.junit.jupiter.engine.descriptor.TestMethodTestDescriptor.prepare(TestMethodTestDescriptor.java:104) ~[junit-jupiter-engine-5.11.4.jar:5.11.4]
	at org.junit.jupiter.engine.descriptor.TestMethodTestDescriptor.prepare(TestMethodTestDescriptor.java:68) ~[junit-jupiter-engine-5.11.4.jar:5.11.4]
	at org.junit.platform.engine.support.hierarchical.NodeTestTask.lambda$prepare$2(NodeTestTask.java:128) ~[junit-platform-engine-1.11.4.jar:1.11.4]
	at org.junit.platform.engine.support.hierarchical.ThrowableCollector.execute(ThrowableCollector.java:73) ~[junit-platform-engine-1.11.4.jar:1.11.4]
	at org.junit.platform.engine.support.hierarchical.NodeTestTask.prepare(NodeTestTask.java:128) ~[junit-platform-engine-1.11.4.jar:1.11.4]
	at org.junit.platform.engine.support.hierarchical.NodeTestTask.execute(NodeTestTask.java:95) ~[junit-platform-engine-1.11.4.jar:1.11.4]
	at java.base/java.util.ArrayList.forEach(ArrayList.java:1511) ~[?:?]
	at org.junit.platform.engine.support.hierarchical.SameThreadHierarchicalTestExecutorService.invokeAll(SameThreadHierarchicalTestExecutorService.java:41) ~[junit-platform-engine-1.11.4.jar:1.11.4]
	at org.junit.platform.engine.support.hierarchical.NodeTestTask.lambda$executeRecursively$6(NodeTestTask.java:160) ~[junit-platform-engine-1.11.4.jar:1.11.4]
	at org.junit.platform.engine.support.hierarchical.ThrowableCollector.execute(ThrowableCollector.java:73) ~[junit-platform-engine-1.11.4.jar:1.11.4]
	at org.junit.platform.engine.support.hierarchical.NodeTestTask.lambda$executeRecursively$8(NodeTestTask.java:146) ~[junit-platform-engine-1.11.4.jar:1.11.4]
	at org.junit.platform.engine.support.hierarchical.Node.around(Node.java:137) ~[junit-platform-engine-1.11.4.jar:1.11.4]
	at org.junit.platform.engine.support.hierarchical.NodeTestTask.lambda$executeRecursively$9(NodeTestTask.java:144) ~[junit-platform-engine-1.11.4.jar:1.11.4]
	at org.junit.platform.engine.support.hierarchical.ThrowableCollector.execute(ThrowableCollector.java:73) ~[junit-platform-engine-1.11.4.jar:1.11.4]
	at org.junit.platform.engine.support.hierarchical.NodeTestTask.executeRecursively(NodeTestTask.java:143) ~[junit-platform-engine-1.11.4.jar:1.11.4]
	at org.junit.platform.engine.support.hierarchical.NodeTestTask.execute(NodeTestTask.java:100) ~[junit-platform-engine-1.11.4.jar:1.11.4]
	at java.base/java.util.ArrayList.forEach(ArrayList.java:1511) ~[?:?]
	at org.junit.platform.engine.support.hierarchical.SameThreadHierarchicalTestExecutorService.invokeAll(SameThreadHierarchicalTestExecutorService.java:41) ~[junit-platform-engine-1.11.4.jar:1.11.4]
	at org.junit.platform.engine.support.hierarchical.NodeTestTask.lambda$executeRecursively$6(NodeTestTask.java:160) ~[junit-platform-engine-1.11.4.jar:1.11.4]
	at org.junit.platform.engine.support.hierarchical.ThrowableCollector.execute(ThrowableCollector.java:73) ~[junit-platform-engine-1.11.4.jar:1.11.4]
	at org.junit.platform.engine.support.hierarchical.NodeTestTask.lambda$executeRecursively$8(NodeTestTask.java:146) ~[junit-platform-engine-1.11.4.jar:1.11.4]
	at org.junit.platform.engine.support.hierarchical.Node.around(Node.java:137) ~[junit-platform-engine-1.11.4.jar:1.11.4]
	at org.junit.platform.engine.support.hierarchical.NodeTestTask.lambda$executeRecursively$9(NodeTestTask.java:144) ~[junit-platform-engine-1.11.4.jar:1.11.4]
	at org.junit.platform.engine.support.hierarchical.ThrowableCollector.execute(ThrowableCollector.java:73) ~[junit-platform-engine-1.11.4.jar:1.11.4]
	at org.junit.platform.engine.support.hierarchical.NodeTestTask.executeRecursively(NodeTestTask.java:143) ~[junit-platform-engine-1.11.4.jar:1.11.4]
	at org.junit.platform.engine.support.hierarchical.NodeTestTask.execute(NodeTestTask.java:100) ~[junit-platform-engine-1.11.4.jar:1.11.4]
	at org.junit.platform.engine.support.hierarchical.SameThreadHierarchicalTestExecutorService.submit(SameThreadHierarchicalTestExecutorService.java:35) ~[junit-platform-engine-1.11.4.jar:1.11.4]
	at org.junit.platform.engine.support.hierarchical.HierarchicalTestExecutor.execute(HierarchicalTestExecutor.java:57) ~[junit-platform-engine-1.11.4.jar:1.11.4]
	at org.junit.platform.engine.support.hierarchical.HierarchicalTestEngine.execute(HierarchicalTestEngine.java:54) ~[junit-platform-engine-1.11.4.jar:1.11.4]
	at org.junit.platform.launcher.core.EngineExecutionOrchestrator.execute(EngineExecutionOrchestrator.java:198) ~[junit-platform-launcher-1.11.4.jar:1.11.4]
	at org.junit.platform.launcher.core.EngineExecutionOrchestrator.execute(EngineExecutionOrchestrator.java:169) ~[junit-platform-launcher-1.11.4.jar:1.11.4]
	at org.junit.platform.launcher.core.EngineExecutionOrchestrator.execute(EngineExecutionOrchestrator.java:93) ~[junit-platform-launcher-1.11.4.jar:1.11.4]
	at org.junit.platform.launcher.core.EngineExecutionOrchestrator.lambda$execute$0(EngineExecutionOrchestrator.java:58) ~[junit-platform-launcher-1.11.4.jar:1.11.4]
	at org.junit.platform.launcher.core.EngineExecutionOrchestrator.withInterceptedStreams(EngineExecutionOrchestrator.java:141) [junit-platform-launcher-1.11.4.jar:1.11.4]
	at org.junit.platform.launcher.core.EngineExecutionOrchestrator.execute(EngineExecutionOrchestrator.java:57) [junit-platform-launcher-1.11.4.jar:1.11.4]
	at org.junit.platform.launcher.core.DefaultLauncher.execute(DefaultLauncher.java:103) [junit-platform-launcher-1.11.4.jar:1.11.4]
	at org.junit.platform.launcher.core.DefaultLauncher.execute(DefaultLauncher.java:85) [junit-platform-launcher-1.11.4.jar:1.11.4]
	at org.junit.platform.launcher.core.DelegatingLauncher.execute(DelegatingLauncher.java:47) [junit-platform-launcher-1.11.4.jar:1.11.4]
	at org.apache.maven.surefire.junitplatform.LazyLauncher.execute(LazyLauncher.java:56) [surefire-junit-platform-3.5.2.jar:3.5.2]
	at org.apache.maven.surefire.junitplatform.JUnitPlatformProvider.execute(JUnitPlatformProvider.java:184) [surefire-junit-platform-3.5.2.jar:3.5.2]
	at org.apache.maven.surefire.junitplatform.JUnitPlatformProvider.invokeAllTests(JUnitPlatformProvider.java:148) [surefire-junit-platform-3.5.2.jar:3.5.2]
	at org.apache.maven.surefire.junitplatform.JUnitPlatformProvider.invoke(JUnitPlatformProvider.java:122) [surefire-junit-platform-3.5.2.jar:3.5.2]
	at org.apache.maven.surefire.booter.ForkedBooter.runSuitesInProcess(ForkedBooter.java:385) [surefire-booter-3.5.2.jar:3.5.2]
	at org.apache.maven.surefire.booter.ForkedBooter.execute(ForkedBooter.java:162) [surefire-booter-3.5.2.jar:3.5.2]
	at org.apache.maven.surefire.booter.ForkedBooter.run(ForkedBooter.java:507) [surefire-booter-3.5.2.jar:3.5.2]
	at org.apache.maven.surefire.booter.ForkedBooter.main(ForkedBooter.java:495) [surefire-booter-3.5.2.jar:3.5.2]
2025-06-13 17:24:42.893 [main] DEBUG org.springframework.data.jpa.repository.query.NamedQuery - Did not find named query Sport.findSportsByCriteria.count
2025-06-13 17:24:42.894 [main] DEBUG org.springframework.orm.jpa.SharedEntityManagerCreator$SharedEntityManagerInvocationHandler - Creating new EntityManager for shared EntityManager invocation
2025-06-13 17:24:42.896 [main] DEBUG org.hibernate.orm.query.hql - HQL : SELECT DISTINCT s FROM Sport s WHERE (:id IS NULL OR s.id = :id) AND (:sportName IS NULL OR (CAST(s.sportName AS string)) LIKE CONCAT('%', CAST(:sportName AS string), '%'))
2025-06-13 17:24:42.897 [main] DEBUG org.hibernate.orm.query.hql.reservedWordAsIdentifier - Encountered use of reserved word as identifier : IS
2025-06-13 17:24:42.897 [main] DEBUG org.hibernate.orm.query.hql.reservedWordAsIdentifier - Encountered use of reserved word as identifier : =
2025-06-13 17:24:42.897 [main] DEBUG org.hibernate.orm.query.hql.reservedWordAsIdentifier - Encountered use of reserved word as identifier : )
2025-06-13 17:24:42.898 [main] DEBUG org.hibernate.orm.query.sqm.creation - Applying inferable type to SqmExpression [SqmNamedParameter(id)] : null -> SqmBasicValuedSimplePath(com.example.trainup.model.Sport(s).id)
2025-06-13 17:24:42.898 [main] DEBUG org.hibernate.orm.query.sqm.ast - SqmStatement Tree :
    -> [select]
      -> [query-spec]
        -> [select(distinct)]
          -> [selection]
            -> [root] - `com.example.trainup.model.Sport(s)`
            <- [root] - `com.example.trainup.model.Sport(s)`
          <- [selection]
        <- [select(distinct)]
        -> [from]
          -> [root] - `com.example.trainup.model.Sport(s)`
          <- [root] - `com.example.trainup.model.Sport(s)`
        <- [from]
        -> [where]
          -> [and]
            -> [grouped]
                -> [or]
                  -> [is-null]
                      :id
                  <- [is-null]
                  -> [EQUAL]
                      -> [basic-path] - `com.example.trainup.model.Sport(s).id`
                      :id
                  <- [EQUAL]
                <- [or]
            <- [grouped]
            -> [grouped]
                -> [or]
                  -> [is-null]
                      :sportName
                  <- [is-null]
                  -> [is-like]
                  <- [is-like]
                <- [or]
            <- [grouped]
          <- [and]
        <- [where]
      <- [query-spec]
    <- [select]

2025-06-13 17:24:42.901 [main] DEBUG org.hibernate.orm.query.hql - HQL : SELECT count(DISTINCT s) FROM Sport s WHERE (:id IS NULL OR s.id = :id) AND (:sportName IS NULL OR (CAST(s.sportName AS string)) LIKE CONCAT('%', CAST(:sportName AS string), '%'))
2025-06-13 17:24:42.901 [main] DEBUG org.hibernate.orm.query.hql.reservedWordAsIdentifier - Encountered use of reserved word as identifier : (
2025-06-13 17:24:42.901 [main] DEBUG org.hibernate.orm.query.hql.reservedWordAsIdentifier - Encountered use of reserved word as identifier : IS
2025-06-13 17:24:42.901 [main] DEBUG org.hibernate.orm.query.hql.reservedWordAsIdentifier - Encountered use of reserved word as identifier : =
2025-06-13 17:24:42.902 [main] DEBUG org.hibernate.orm.query.hql.reservedWordAsIdentifier - Encountered use of reserved word as identifier : )
2025-06-13 17:24:42.902 [main] DEBUG org.hibernate.orm.query.sqm.creation - Applying inferable type to SqmExpression [SqmNamedParameter(id)] : null -> SqmBasicValuedSimplePath(com.example.trainup.model.Sport(s).id)
2025-06-13 17:24:42.903 [main] DEBUG org.hibernate.orm.query.sqm.ast - SqmStatement Tree :
    -> [select]
      -> [query-spec]
        -> [select]
          -> [selection]
          <- [selection]
        <- [select]
        -> [from]
          -> [root] - `com.example.trainup.model.Sport(s)`
          <- [root] - `com.example.trainup.model.Sport(s)`
        <- [from]
        -> [where]
          -> [and]
            -> [grouped]
                -> [or]
                  -> [is-null]
                      :id
                  <- [is-null]
                  -> [EQUAL]
                      -> [basic-path] - `com.example.trainup.model.Sport(s).id`
                      :id
                  <- [EQUAL]
                <- [or]
            <- [grouped]
            -> [grouped]
                -> [or]
                  -> [is-null]
                      :sportName
                  <- [is-null]
                  -> [is-like]
                  <- [is-like]
                <- [or]
            <- [grouped]
          <- [and]
        <- [where]
      <- [query-spec]
    <- [select]

2025-06-13 17:24:42.903 [main] DEBUG org.springframework.data.jpa.repository.query.NamedQuery - Looking up named query 'Sport.findBySportName'
2025-06-13 17:24:42.904 [main] DEBUG org.hibernate.resource.transaction.backend.jdbc.internal.JdbcResourceLocalTransactionCoordinatorImpl - JDBC transaction marked for rollback-only (exception provided for stack trace)
java.lang.Exception: exception just for purpose of providing stack trace
	at org.hibernate.resource.transaction.backend.jdbc.internal.JdbcResourceLocalTransactionCoordinatorImpl$TransactionDriverControlImpl.markRollbackOnly(JdbcResourceLocalTransactionCoordinatorImpl.java:309) ~[hibernate-core-6.6.8.Final.jar:6.6.8.Final]
	at org.hibernate.internal.AbstractSharedSessionContract.buildNamedQuery(AbstractSharedSessionContract.java:1141) ~[hibernate-core-6.6.8.Final.jar:6.6.8.Final]
	at org.hibernate.internal.AbstractSharedSessionContract.createNamedQuery(AbstractSharedSessionContract.java:1019) ~[hibernate-core-6.6.8.Final.jar:6.6.8.Final]
	at org.hibernate.internal.AbstractSharedSessionContract.createNamedQuery(AbstractSharedSessionContract.java:143) ~[hibernate-core-6.6.8.Final.jar:6.6.8.Final]
	at jdk.internal.reflect.GeneratedMethodAccessor95.invoke(Unknown Source) ~[?:?]
	at java.base/jdk.internal.reflect.DelegatingMethodAccessorImpl.invoke(DelegatingMethodAccessorImpl.java:43) ~[?:?]
	at java.base/java.lang.reflect.Method.invoke(Method.java:569) ~[?:?]
	at org.springframework.orm.jpa.ExtendedEntityManagerCreator$ExtendedEntityManagerInvocationHandler.invoke(ExtendedEntityManagerCreator.java:364) ~[spring-orm-6.2.3.jar:6.2.3]
	at jdk.proxy2/jdk.proxy2.$Proxy233.createNamedQuery(Unknown Source) ~[?:?]
	at org.springframework.data.jpa.repository.query.NamedQuery.hasNamedQuery(NamedQuery.java:114) ~[spring-data-jpa-3.4.3.jar:3.4.3]
	at org.springframework.data.jpa.repository.query.NamedQuery.lookupFrom(NamedQuery.java:140) ~[spring-data-jpa-3.4.3.jar:3.4.3]
	at org.springframework.data.jpa.repository.query.JpaQueryLookupStrategy$DeclaredQueryLookupStrategy.resolveQuery(JpaQueryLookupStrategy.java:184) ~[spring-data-jpa-3.4.3.jar:3.4.3]
	at org.springframework.data.jpa.repository.query.JpaQueryLookupStrategy$CreateIfNotFoundQueryLookupStrategy.resolveQuery(JpaQueryLookupStrategy.java:256) ~[spring-data-jpa-3.4.3.jar:3.4.3]
	at org.springframework.data.jpa.repository.query.JpaQueryLookupStrategy$AbstractQueryLookupStrategy.resolveQuery(JpaQueryLookupStrategy.java:99) ~[spring-data-jpa-3.4.3.jar:3.4.3]
	at org.springframework.data.repository.core.support.QueryExecutorMethodInterceptor.lookupQuery(QueryExecutorMethodInterceptor.java:116) ~[spring-data-commons-3.4.3.jar:3.4.3]
	at org.springframework.data.repository.core.support.QueryExecutorMethodInterceptor.mapMethodsToQuery(QueryExecutorMethodInterceptor.java:104) ~[spring-data-commons-3.4.3.jar:3.4.3]
	at org.springframework.data.repository.core.support.QueryExecutorMethodInterceptor.lambda$new$0(QueryExecutorMethodInterceptor.java:92) ~[spring-data-commons-3.4.3.jar:3.4.3]
	at java.base/java.util.Optional.map(Optional.java:260) ~[?:?]
	at org.springframework.data.repository.core.support.QueryExecutorMethodInterceptor.<init>(QueryExecutorMethodInterceptor.java:92) ~[spring-data-commons-3.4.3.jar:3.4.3]
	at org.springframework.data.repository.core.support.RepositoryFactorySupport.getRepository(RepositoryFactorySupport.java:440) ~[spring-data-commons-3.4.3.jar:3.4.3]
	at org.springframework.data.repository.core.support.RepositoryFactoryBeanSupport.lambda$afterPropertiesSet$4(RepositoryFactoryBeanSupport.java:350) ~[spring-data-commons-3.4.3.jar:3.4.3]
	at org.springframework.data.util.Lazy.getNullable(Lazy.java:135) ~[spring-data-commons-3.4.3.jar:3.4.3]
	at org.springframework.data.util.Lazy.get(Lazy.java:113) ~[spring-data-commons-3.4.3.jar:3.4.3]
	at org.springframework.data.repository.core.support.RepositoryFactoryBeanSupport.afterPropertiesSet(RepositoryFactoryBeanSupport.java:356) ~[spring-data-commons-3.4.3.jar:3.4.3]
	at org.springframework.data.jpa.repository.support.JpaRepositoryFactoryBean.afterPropertiesSet(JpaRepositoryFactoryBean.java:132) ~[spring-data-jpa-3.4.3.jar:3.4.3]
	at org.springframework.beans.factory.support.AbstractAutowireCapableBeanFactory.invokeInitMethods(AbstractAutowireCapableBeanFactory.java:1859) ~[spring-beans-6.2.3.jar:6.2.3]
	at org.springframework.beans.factory.support.AbstractAutowireCapableBeanFactory.initializeBean(AbstractAutowireCapableBeanFactory.java:1808) ~[spring-beans-6.2.3.jar:6.2.3]
	at org.springframework.beans.factory.support.AbstractAutowireCapableBeanFactory.doCreateBean(AbstractAutowireCapableBeanFactory.java:601) ~[spring-beans-6.2.3.jar:6.2.3]
	at org.springframework.beans.factory.support.AbstractAutowireCapableBeanFactory.createBean(AbstractAutowireCapableBeanFactory.java:523) ~[spring-beans-6.2.3.jar:6.2.3]
	at org.springframework.beans.factory.support.AbstractBeanFactory.lambda$doGetBean$0(AbstractBeanFactory.java:339) ~[spring-beans-6.2.3.jar:6.2.3]
	at org.springframework.beans.factory.support.DefaultSingletonBeanRegistry.getSingleton(DefaultSingletonBeanRegistry.java:346) ~[spring-beans-6.2.3.jar:6.2.3]
	at org.springframework.beans.factory.support.AbstractBeanFactory.doGetBean(AbstractBeanFactory.java:337) ~[spring-beans-6.2.3.jar:6.2.3]
	at org.springframework.beans.factory.support.AbstractBeanFactory.getBean(AbstractBeanFactory.java:202) ~[spring-beans-6.2.3.jar:6.2.3]
	at org.springframework.beans.factory.support.DefaultListableBeanFactory.doResolveDependency(DefaultListableBeanFactory.java:1606) ~[spring-beans-6.2.3.jar:6.2.3]
	at org.springframework.beans.factory.support.DefaultListableBeanFactory.resolveDependency(DefaultListableBeanFactory.java:1552) ~[spring-beans-6.2.3.jar:6.2.3]
	at org.springframework.beans.factory.support.ConstructorResolver.resolveAutowiredArgument(ConstructorResolver.java:913) ~[spring-beans-6.2.3.jar:6.2.3]
	at org.springframework.beans.factory.support.ConstructorResolver.createArgumentArray(ConstructorResolver.java:791) ~[spring-beans-6.2.3.jar:6.2.3]
	at org.springframework.beans.factory.support.ConstructorResolver.autowireConstructor(ConstructorResolver.java:240) ~[spring-beans-6.2.3.jar:6.2.3]
	at org.springframework.beans.factory.support.AbstractAutowireCapableBeanFactory.autowireConstructor(AbstractAutowireCapableBeanFactory.java:1381) ~[spring-beans-6.2.3.jar:6.2.3]
	at org.springframework.beans.factory.support.AbstractAutowireCapableBeanFactory.createBeanInstance(AbstractAutowireCapableBeanFactory.java:1218) ~[spring-beans-6.2.3.jar:6.2.3]
	at org.springframework.beans.factory.support.AbstractAutowireCapableBeanFactory.doCreateBean(AbstractAutowireCapableBeanFactory.java:563) ~[spring-beans-6.2.3.jar:6.2.3]
	at org.springframework.beans.factory.support.AbstractAutowireCapableBeanFactory.createBean(AbstractAutowireCapableBeanFactory.java:523) ~[spring-beans-6.2.3.jar:6.2.3]
	at org.springframework.beans.factory.support.AbstractBeanFactory.lambda$doGetBean$0(AbstractBeanFactory.java:339) ~[spring-beans-6.2.3.jar:6.2.3]
	at org.springframework.beans.factory.support.DefaultSingletonBeanRegistry.getSingleton(DefaultSingletonBeanRegistry.java:346) ~[spring-beans-6.2.3.jar:6.2.3]
	at org.springframework.beans.factory.support.AbstractBeanFactory.doGetBean(AbstractBeanFactory.java:337) ~[spring-beans-6.2.3.jar:6.2.3]
	at org.springframework.beans.factory.support.AbstractBeanFactory.getBean(AbstractBeanFactory.java:202) ~[spring-beans-6.2.3.jar:6.2.3]
	at org.springframework.beans.factory.config.DependencyDescriptor.resolveCandidate(DependencyDescriptor.java:254) ~[spring-beans-6.2.3.jar:6.2.3]
	at org.springframework.beans.factory.support.DefaultListableBeanFactory.doResolveDependency(DefaultListableBeanFactory.java:1664) ~[spring-beans-6.2.3.jar:6.2.3]
	at org.springframework.beans.factory.support.DefaultListableBeanFactory.resolveDependency(DefaultListableBeanFactory.java:1552) ~[spring-beans-6.2.3.jar:6.2.3]
	at org.springframework.beans.factory.support.ConstructorResolver.resolveAutowiredArgument(ConstructorResolver.java:913) ~[spring-beans-6.2.3.jar:6.2.3]
	at org.springframework.beans.factory.support.ConstructorResolver.createArgumentArray(ConstructorResolver.java:791) ~[spring-beans-6.2.3.jar:6.2.3]
	at org.springframework.beans.factory.support.ConstructorResolver.autowireConstructor(ConstructorResolver.java:240) ~[spring-beans-6.2.3.jar:6.2.3]
	at org.springframework.beans.factory.support.AbstractAutowireCapableBeanFactory.autowireConstructor(AbstractAutowireCapableBeanFactory.java:1381) ~[spring-beans-6.2.3.jar:6.2.3]
	at org.springframework.beans.factory.support.AbstractAutowireCapableBeanFactory.createBeanInstance(AbstractAutowireCapableBeanFactory.java:1218) ~[spring-beans-6.2.3.jar:6.2.3]
	at org.springframework.beans.factory.support.AbstractAutowireCapableBeanFactory.doCreateBean(AbstractAutowireCapableBeanFactory.java:563) ~[spring-beans-6.2.3.jar:6.2.3]
	at org.springframework.beans.factory.support.AbstractAutowireCapableBeanFactory.createBean(AbstractAutowireCapableBeanFactory.java:523) ~[spring-beans-6.2.3.jar:6.2.3]
	at org.springframework.beans.factory.support.AbstractBeanFactory.lambda$doGetBean$0(AbstractBeanFactory.java:339) ~[spring-beans-6.2.3.jar:6.2.3]
	at org.springframework.beans.factory.support.DefaultSingletonBeanRegistry.getSingleton(DefaultSingletonBeanRegistry.java:346) ~[spring-beans-6.2.3.jar:6.2.3]
	at org.springframework.beans.factory.support.AbstractBeanFactory.doGetBean(AbstractBeanFactory.java:337) ~[spring-beans-6.2.3.jar:6.2.3]
	at org.springframework.beans.factory.support.AbstractBeanFactory.getBean(AbstractBeanFactory.java:202) ~[spring-beans-6.2.3.jar:6.2.3]
	at org.springframework.beans.factory.support.DefaultListableBeanFactory.instantiateSingleton(DefaultListableBeanFactory.java:1155) ~[spring-beans-6.2.3.jar:6.2.3]
	at org.springframework.beans.factory.support.DefaultListableBeanFactory.preInstantiateSingleton(DefaultListableBeanFactory.java:1121) ~[spring-beans-6.2.3.jar:6.2.3]
	at org.springframework.beans.factory.support.DefaultListableBeanFactory.preInstantiateSingletons(DefaultListableBeanFactory.java:1056) ~[spring-beans-6.2.3.jar:6.2.3]
	at org.springframework.context.support.AbstractApplicationContext.finishBeanFactoryInitialization(AbstractApplicationContext.java:987) ~[spring-context-6.2.3.jar:6.2.3]
	at org.springframework.context.support.AbstractApplicationContext.refresh(AbstractApplicationContext.java:627) ~[spring-context-6.2.3.jar:6.2.3]
	at org.springframework.boot.SpringApplication.refresh(SpringApplication.java:752) ~[spring-boot-3.4.3.jar:3.4.3]
	at org.springframework.boot.SpringApplication.refreshContext(SpringApplication.java:439) ~[spring-boot-3.4.3.jar:3.4.3]
	at org.springframework.boot.SpringApplication.run(SpringApplication.java:318) ~[spring-boot-3.4.3.jar:3.4.3]
	at org.springframework.boot.test.context.SpringBootContextLoader.lambda$loadContext$3(SpringBootContextLoader.java:137) ~[spring-boot-test-3.4.3.jar:3.4.3]
	at org.springframework.util.function.ThrowingSupplier.get(ThrowingSupplier.java:58) ~[spring-core-6.2.3.jar:6.2.3]
	at org.springframework.util.function.ThrowingSupplier.get(ThrowingSupplier.java:46) ~[spring-core-6.2.3.jar:6.2.3]
	at org.springframework.boot.SpringApplication.withHook(SpringApplication.java:1461) ~[spring-boot-3.4.3.jar:3.4.3]
	at org.springframework.boot.test.context.SpringBootContextLoader$ContextLoaderHook.run(SpringBootContextLoader.java:553) ~[spring-boot-test-3.4.3.jar:3.4.3]
	at org.springframework.boot.test.context.SpringBootContextLoader.loadContext(SpringBootContextLoader.java:137) ~[spring-boot-test-3.4.3.jar:3.4.3]
	at org.springframework.boot.test.context.SpringBootContextLoader.loadContext(SpringBootContextLoader.java:108) ~[spring-boot-test-3.4.3.jar:3.4.3]
	at org.springframework.test.context.cache.DefaultCacheAwareContextLoaderDelegate.loadContextInternal(DefaultCacheAwareContextLoaderDelegate.java:225) ~[spring-test-6.2.3.jar:6.2.3]
	at org.springframework.test.context.cache.DefaultCacheAwareContextLoaderDelegate.loadContext(DefaultCacheAwareContextLoaderDelegate.java:152) ~[spring-test-6.2.3.jar:6.2.3]
	at org.springframework.test.context.support.DefaultTestContext.getApplicationContext(DefaultTestContext.java:130) ~[spring-test-6.2.3.jar:6.2.3]
	at org.springframework.test.context.web.ServletTestExecutionListener.setUpRequestContextIfNecessary(ServletTestExecutionListener.java:200) ~[spring-test-6.2.3.jar:6.2.3]
	at org.springframework.test.context.web.ServletTestExecutionListener.prepareTestInstance(ServletTestExecutionListener.java:139) ~[spring-test-6.2.3.jar:6.2.3]
	at org.springframework.test.context.TestContextManager.prepareTestInstance(TestContextManager.java:260) ~[spring-test-6.2.3.jar:6.2.3]
	at org.springframework.test.context.junit.jupiter.SpringExtension.postProcessTestInstance(SpringExtension.java:160) ~[spring-test-6.2.3.jar:6.2.3]
	at org.junit.jupiter.engine.descriptor.ClassBasedTestDescriptor.lambda$invokeTestInstancePostProcessors$11(ClassBasedTestDescriptor.java:378) ~[junit-jupiter-engine-5.11.4.jar:5.11.4]
	at org.junit.jupiter.engine.descriptor.ClassBasedTestDescriptor.executeAndMaskThrowable(ClassBasedTestDescriptor.java:383) ~[junit-jupiter-engine-5.11.4.jar:5.11.4]
	at org.junit.jupiter.engine.descriptor.ClassBasedTestDescriptor.lambda$invokeTestInstancePostProcessors$12(ClassBasedTestDescriptor.java:378) ~[junit-jupiter-engine-5.11.4.jar:5.11.4]
	at java.base/java.util.stream.ForEachOps$ForEachOp$OfRef.accept(ForEachOps.java:183) ~[?:?]
	at java.base/java.util.stream.ReferencePipeline$3$1.accept(ReferencePipeline.java:197) ~[?:?]
	at java.base/java.util.stream.ReferencePipeline$2$1.accept(ReferencePipeline.java:179) ~[?:?]
	at java.base/java.util.stream.ReferencePipeline$3$1.accept(ReferencePipeline.java:197) ~[?:?]
	at java.base/java.util.ArrayList$ArrayListSpliterator.forEachRemaining(ArrayList.java:1625) ~[?:?]
	at java.base/java.util.stream.AbstractPipeline.copyInto(AbstractPipeline.java:509) ~[?:?]
	at java.base/java.util.stream.AbstractPipeline.wrapAndCopyInto(AbstractPipeline.java:499) ~[?:?]
	at java.base/java.util.stream.ForEachOps$ForEachOp.evaluateSequential(ForEachOps.java:150) ~[?:?]
	at java.base/java.util.stream.ForEachOps$ForEachOp$OfRef.evaluateSequential(ForEachOps.java:173) ~[?:?]
	at java.base/java.util.stream.AbstractPipeline.evaluate(AbstractPipeline.java:234) ~[?:?]
	at java.base/java.util.stream.ReferencePipeline.forEach(ReferencePipeline.java:596) ~[?:?]
	at org.junit.jupiter.engine.descriptor.ClassBasedTestDescriptor.invokeTestInstancePostProcessors(ClassBasedTestDescriptor.java:377) ~[junit-jupiter-engine-5.11.4.jar:5.11.4]
	at org.junit.jupiter.engine.descriptor.ClassBasedTestDescriptor.lambda$instantiateAndPostProcessTestInstance$7(ClassBasedTestDescriptor.java:290) ~[junit-jupiter-engine-5.11.4.jar:5.11.4]
	at org.junit.platform.engine.support.hierarchical.ThrowableCollector.execute(ThrowableCollector.java:73) ~[junit-platform-engine-1.11.4.jar:1.11.4]
	at org.junit.jupiter.engine.descriptor.ClassBasedTestDescriptor.instantiateAndPostProcessTestInstance(ClassBasedTestDescriptor.java:289) ~[junit-jupiter-engine-5.11.4.jar:5.11.4]
	at org.junit.jupiter.engine.descriptor.ClassBasedTestDescriptor.lambda$testInstancesProvider$5(ClassBasedTestDescriptor.java:279) ~[junit-jupiter-engine-5.11.4.jar:5.11.4]
	at java.base/java.util.Optional.orElseGet(Optional.java:364) ~[?:?]
	at org.junit.jupiter.engine.descriptor.ClassBasedTestDescriptor.lambda$testInstancesProvider$6(ClassBasedTestDescriptor.java:278) ~[junit-jupiter-engine-5.11.4.jar:5.11.4]
	at org.junit.jupiter.engine.execution.TestInstancesProvider.getTestInstances(TestInstancesProvider.java:31) ~[junit-jupiter-engine-5.11.4.jar:5.11.4]
	at org.junit.jupiter.engine.descriptor.TestMethodTestDescriptor.lambda$prepare$1(TestMethodTestDescriptor.java:105) ~[junit-jupiter-engine-5.11.4.jar:5.11.4]
	at org.junit.platform.engine.support.hierarchical.ThrowableCollector.execute(ThrowableCollector.java:73) ~[junit-platform-engine-1.11.4.jar:1.11.4]
	at org.junit.jupiter.engine.descriptor.TestMethodTestDescriptor.prepare(TestMethodTestDescriptor.java:104) ~[junit-jupiter-engine-5.11.4.jar:5.11.4]
	at org.junit.jupiter.engine.descriptor.TestMethodTestDescriptor.prepare(TestMethodTestDescriptor.java:68) ~[junit-jupiter-engine-5.11.4.jar:5.11.4]
	at org.junit.platform.engine.support.hierarchical.NodeTestTask.lambda$prepare$2(NodeTestTask.java:128) ~[junit-platform-engine-1.11.4.jar:1.11.4]
	at org.junit.platform.engine.support.hierarchical.ThrowableCollector.execute(ThrowableCollector.java:73) ~[junit-platform-engine-1.11.4.jar:1.11.4]
	at org.junit.platform.engine.support.hierarchical.NodeTestTask.prepare(NodeTestTask.java:128) ~[junit-platform-engine-1.11.4.jar:1.11.4]
	at org.junit.platform.engine.support.hierarchical.NodeTestTask.execute(NodeTestTask.java:95) ~[junit-platform-engine-1.11.4.jar:1.11.4]
	at java.base/java.util.ArrayList.forEach(ArrayList.java:1511) ~[?:?]
	at org.junit.platform.engine.support.hierarchical.SameThreadHierarchicalTestExecutorService.invokeAll(SameThreadHierarchicalTestExecutorService.java:41) ~[junit-platform-engine-1.11.4.jar:1.11.4]
	at org.junit.platform.engine.support.hierarchical.NodeTestTask.lambda$executeRecursively$6(NodeTestTask.java:160) ~[junit-platform-engine-1.11.4.jar:1.11.4]
	at org.junit.platform.engine.support.hierarchical.ThrowableCollector.execute(ThrowableCollector.java:73) ~[junit-platform-engine-1.11.4.jar:1.11.4]
	at org.junit.platform.engine.support.hierarchical.NodeTestTask.lambda$executeRecursively$8(NodeTestTask.java:146) ~[junit-platform-engine-1.11.4.jar:1.11.4]
	at org.junit.platform.engine.support.hierarchical.Node.around(Node.java:137) ~[junit-platform-engine-1.11.4.jar:1.11.4]
	at org.junit.platform.engine.support.hierarchical.NodeTestTask.lambda$executeRecursively$9(NodeTestTask.java:144) ~[junit-platform-engine-1.11.4.jar:1.11.4]
	at org.junit.platform.engine.support.hierarchical.ThrowableCollector.execute(ThrowableCollector.java:73) ~[junit-platform-engine-1.11.4.jar:1.11.4]
	at org.junit.platform.engine.support.hierarchical.NodeTestTask.executeRecursively(NodeTestTask.java:143) ~[junit-platform-engine-1.11.4.jar:1.11.4]
	at org.junit.platform.engine.support.hierarchical.NodeTestTask.execute(NodeTestTask.java:100) ~[junit-platform-engine-1.11.4.jar:1.11.4]
	at java.base/java.util.ArrayList.forEach(ArrayList.java:1511) ~[?:?]
	at org.junit.platform.engine.support.hierarchical.SameThreadHierarchicalTestExecutorService.invokeAll(SameThreadHierarchicalTestExecutorService.java:41) ~[junit-platform-engine-1.11.4.jar:1.11.4]
	at org.junit.platform.engine.support.hierarchical.NodeTestTask.lambda$executeRecursively$6(NodeTestTask.java:160) ~[junit-platform-engine-1.11.4.jar:1.11.4]
	at org.junit.platform.engine.support.hierarchical.ThrowableCollector.execute(ThrowableCollector.java:73) ~[junit-platform-engine-1.11.4.jar:1.11.4]
	at org.junit.platform.engine.support.hierarchical.NodeTestTask.lambda$executeRecursively$8(NodeTestTask.java:146) ~[junit-platform-engine-1.11.4.jar:1.11.4]
	at org.junit.platform.engine.support.hierarchical.Node.around(Node.java:137) ~[junit-platform-engine-1.11.4.jar:1.11.4]
	at org.junit.platform.engine.support.hierarchical.NodeTestTask.lambda$executeRecursively$9(NodeTestTask.java:144) ~[junit-platform-engine-1.11.4.jar:1.11.4]
	at org.junit.platform.engine.support.hierarchical.ThrowableCollector.execute(ThrowableCollector.java:73) ~[junit-platform-engine-1.11.4.jar:1.11.4]
	at org.junit.platform.engine.support.hierarchical.NodeTestTask.executeRecursively(NodeTestTask.java:143) ~[junit-platform-engine-1.11.4.jar:1.11.4]
	at org.junit.platform.engine.support.hierarchical.NodeTestTask.execute(NodeTestTask.java:100) ~[junit-platform-engine-1.11.4.jar:1.11.4]
	at org.junit.platform.engine.support.hierarchical.SameThreadHierarchicalTestExecutorService.submit(SameThreadHierarchicalTestExecutorService.java:35) ~[junit-platform-engine-1.11.4.jar:1.11.4]
	at org.junit.platform.engine.support.hierarchical.HierarchicalTestExecutor.execute(HierarchicalTestExecutor.java:57) ~[junit-platform-engine-1.11.4.jar:1.11.4]
	at org.junit.platform.engine.support.hierarchical.HierarchicalTestEngine.execute(HierarchicalTestEngine.java:54) ~[junit-platform-engine-1.11.4.jar:1.11.4]
	at org.junit.platform.launcher.core.EngineExecutionOrchestrator.execute(EngineExecutionOrchestrator.java:198) ~[junit-platform-launcher-1.11.4.jar:1.11.4]
	at org.junit.platform.launcher.core.EngineExecutionOrchestrator.execute(EngineExecutionOrchestrator.java:169) ~[junit-platform-launcher-1.11.4.jar:1.11.4]
	at org.junit.platform.launcher.core.EngineExecutionOrchestrator.execute(EngineExecutionOrchestrator.java:93) ~[junit-platform-launcher-1.11.4.jar:1.11.4]
	at org.junit.platform.launcher.core.EngineExecutionOrchestrator.lambda$execute$0(EngineExecutionOrchestrator.java:58) ~[junit-platform-launcher-1.11.4.jar:1.11.4]
	at org.junit.platform.launcher.core.EngineExecutionOrchestrator.withInterceptedStreams(EngineExecutionOrchestrator.java:141) [junit-platform-launcher-1.11.4.jar:1.11.4]
	at org.junit.platform.launcher.core.EngineExecutionOrchestrator.execute(EngineExecutionOrchestrator.java:57) [junit-platform-launcher-1.11.4.jar:1.11.4]
	at org.junit.platform.launcher.core.DefaultLauncher.execute(DefaultLauncher.java:103) [junit-platform-launcher-1.11.4.jar:1.11.4]
	at org.junit.platform.launcher.core.DefaultLauncher.execute(DefaultLauncher.java:85) [junit-platform-launcher-1.11.4.jar:1.11.4]
	at org.junit.platform.launcher.core.DelegatingLauncher.execute(DelegatingLauncher.java:47) [junit-platform-launcher-1.11.4.jar:1.11.4]
	at org.apache.maven.surefire.junitplatform.LazyLauncher.execute(LazyLauncher.java:56) [surefire-junit-platform-3.5.2.jar:3.5.2]
	at org.apache.maven.surefire.junitplatform.JUnitPlatformProvider.execute(JUnitPlatformProvider.java:184) [surefire-junit-platform-3.5.2.jar:3.5.2]
	at org.apache.maven.surefire.junitplatform.JUnitPlatformProvider.invokeAllTests(JUnitPlatformProvider.java:148) [surefire-junit-platform-3.5.2.jar:3.5.2]
	at org.apache.maven.surefire.junitplatform.JUnitPlatformProvider.invoke(JUnitPlatformProvider.java:122) [surefire-junit-platform-3.5.2.jar:3.5.2]
	at org.apache.maven.surefire.booter.ForkedBooter.runSuitesInProcess(ForkedBooter.java:385) [surefire-booter-3.5.2.jar:3.5.2]
	at org.apache.maven.surefire.booter.ForkedBooter.execute(ForkedBooter.java:162) [surefire-booter-3.5.2.jar:3.5.2]
	at org.apache.maven.surefire.booter.ForkedBooter.run(ForkedBooter.java:507) [surefire-booter-3.5.2.jar:3.5.2]
	at org.apache.maven.surefire.booter.ForkedBooter.main(ForkedBooter.java:495) [surefire-booter-3.5.2.jar:3.5.2]
2025-06-13 17:24:42.906 [main] DEBUG org.springframework.data.jpa.repository.query.NamedQuery - Did not find named query Sport.findBySportName
2025-06-13 17:24:42.906 [main] DEBUG org.springframework.orm.jpa.SharedEntityManagerCreator$SharedEntityManagerInvocationHandler - Creating new EntityManager for shared EntityManager invocation
2025-06-13 17:24:42.907 [main] DEBUG org.springframework.data.repository.core.support.RepositoryFactorySupport - Finished creation of repository instance for com.example.trainup.repository.SportRepository.
2025-06-13 17:24:42.924 [main] DEBUG org.springframework.beans.factory.support.DefaultListableBeanFactory - Creating shared instance of singleton bean 'userCredentialService'
2025-06-13 17:24:42.925 [main] DEBUG org.springframework.beans.factory.support.DefaultListableBeanFactory - Creating shared instance of singleton bean 'roleRepository'
2025-06-13 17:24:42.928 [main] DEBUG org.springframework.beans.factory.support.DefaultListableBeanFactory - Creating shared instance of singleton bean 'jpa.named-queries#5'
2025-06-13 17:24:42.931 [main] DEBUG org.springframework.beans.factory.support.DefaultListableBeanFactory - Creating shared instance of singleton bean 'jpa.RoleRepository.fragments#0'
2025-06-13 17:24:42.933 [main] DEBUG org.springframework.orm.jpa.SharedEntityManagerCreator$SharedEntityManagerInvocationHandler - Creating new EntityManager for shared EntityManager invocation
2025-06-13 17:24:42.934 [main] DEBUG org.springframework.data.repository.core.support.RepositoryFactorySupport - Initializing repository instance for com.example.trainup.repository.RoleRepository…
2025-06-13 17:24:42.935 [main] DEBUG org.springframework.orm.jpa.SharedEntityManagerCreator$SharedEntityManagerInvocationHandler - Creating new EntityManager for shared EntityManager invocation
2025-06-13 17:24:42.938 [main] DEBUG org.springframework.data.jpa.repository.query.NamedQuery - Looking up named query 'Role.findByName'
2025-06-13 17:24:42.939 [main] DEBUG org.hibernate.resource.transaction.backend.jdbc.internal.JdbcResourceLocalTransactionCoordinatorImpl - JDBC transaction marked for rollback-only (exception provided for stack trace)
java.lang.Exception: exception just for purpose of providing stack trace
	at org.hibernate.resource.transaction.backend.jdbc.internal.JdbcResourceLocalTransactionCoordinatorImpl$TransactionDriverControlImpl.markRollbackOnly(JdbcResourceLocalTransactionCoordinatorImpl.java:309) ~[hibernate-core-6.6.8.Final.jar:6.6.8.Final]
	at org.hibernate.internal.AbstractSharedSessionContract.buildNamedQuery(AbstractSharedSessionContract.java:1141) ~[hibernate-core-6.6.8.Final.jar:6.6.8.Final]
	at org.hibernate.internal.AbstractSharedSessionContract.createNamedQuery(AbstractSharedSessionContract.java:1019) ~[hibernate-core-6.6.8.Final.jar:6.6.8.Final]
	at org.hibernate.internal.AbstractSharedSessionContract.createNamedQuery(AbstractSharedSessionContract.java:143) ~[hibernate-core-6.6.8.Final.jar:6.6.8.Final]
	at jdk.internal.reflect.GeneratedMethodAccessor95.invoke(Unknown Source) ~[?:?]
	at java.base/jdk.internal.reflect.DelegatingMethodAccessorImpl.invoke(DelegatingMethodAccessorImpl.java:43) ~[?:?]
	at java.base/java.lang.reflect.Method.invoke(Method.java:569) ~[?:?]
	at org.springframework.orm.jpa.ExtendedEntityManagerCreator$ExtendedEntityManagerInvocationHandler.invoke(ExtendedEntityManagerCreator.java:364) ~[spring-orm-6.2.3.jar:6.2.3]
	at jdk.proxy2/jdk.proxy2.$Proxy233.createNamedQuery(Unknown Source) ~[?:?]
	at org.springframework.data.jpa.repository.query.NamedQuery.hasNamedQuery(NamedQuery.java:114) ~[spring-data-jpa-3.4.3.jar:3.4.3]
	at org.springframework.data.jpa.repository.query.NamedQuery.lookupFrom(NamedQuery.java:140) ~[spring-data-jpa-3.4.3.jar:3.4.3]
	at org.springframework.data.jpa.repository.query.JpaQueryLookupStrategy$DeclaredQueryLookupStrategy.resolveQuery(JpaQueryLookupStrategy.java:184) ~[spring-data-jpa-3.4.3.jar:3.4.3]
	at org.springframework.data.jpa.repository.query.JpaQueryLookupStrategy$CreateIfNotFoundQueryLookupStrategy.resolveQuery(JpaQueryLookupStrategy.java:256) ~[spring-data-jpa-3.4.3.jar:3.4.3]
	at org.springframework.data.jpa.repository.query.JpaQueryLookupStrategy$AbstractQueryLookupStrategy.resolveQuery(JpaQueryLookupStrategy.java:99) ~[spring-data-jpa-3.4.3.jar:3.4.3]
	at org.springframework.data.repository.core.support.QueryExecutorMethodInterceptor.lookupQuery(QueryExecutorMethodInterceptor.java:116) ~[spring-data-commons-3.4.3.jar:3.4.3]
	at org.springframework.data.repository.core.support.QueryExecutorMethodInterceptor.mapMethodsToQuery(QueryExecutorMethodInterceptor.java:104) ~[spring-data-commons-3.4.3.jar:3.4.3]
	at org.springframework.data.repository.core.support.QueryExecutorMethodInterceptor.lambda$new$0(QueryExecutorMethodInterceptor.java:92) ~[spring-data-commons-3.4.3.jar:3.4.3]
	at java.base/java.util.Optional.map(Optional.java:260) ~[?:?]
	at org.springframework.data.repository.core.support.QueryExecutorMethodInterceptor.<init>(QueryExecutorMethodInterceptor.java:92) ~[spring-data-commons-3.4.3.jar:3.4.3]
	at org.springframework.data.repository.core.support.RepositoryFactorySupport.getRepository(RepositoryFactorySupport.java:440) ~[spring-data-commons-3.4.3.jar:3.4.3]
	at org.springframework.data.repository.core.support.RepositoryFactoryBeanSupport.lambda$afterPropertiesSet$4(RepositoryFactoryBeanSupport.java:350) ~[spring-data-commons-3.4.3.jar:3.4.3]
	at org.springframework.data.util.Lazy.getNullable(Lazy.java:135) ~[spring-data-commons-3.4.3.jar:3.4.3]
	at org.springframework.data.util.Lazy.get(Lazy.java:113) ~[spring-data-commons-3.4.3.jar:3.4.3]
	at org.springframework.data.repository.core.support.RepositoryFactoryBeanSupport.afterPropertiesSet(RepositoryFactoryBeanSupport.java:356) ~[spring-data-commons-3.4.3.jar:3.4.3]
	at org.springframework.data.jpa.repository.support.JpaRepositoryFactoryBean.afterPropertiesSet(JpaRepositoryFactoryBean.java:132) ~[spring-data-jpa-3.4.3.jar:3.4.3]
	at org.springframework.beans.factory.support.AbstractAutowireCapableBeanFactory.invokeInitMethods(AbstractAutowireCapableBeanFactory.java:1859) ~[spring-beans-6.2.3.jar:6.2.3]
	at org.springframework.beans.factory.support.AbstractAutowireCapableBeanFactory.initializeBean(AbstractAutowireCapableBeanFactory.java:1808) ~[spring-beans-6.2.3.jar:6.2.3]
	at org.springframework.beans.factory.support.AbstractAutowireCapableBeanFactory.doCreateBean(AbstractAutowireCapableBeanFactory.java:601) ~[spring-beans-6.2.3.jar:6.2.3]
	at org.springframework.beans.factory.support.AbstractAutowireCapableBeanFactory.createBean(AbstractAutowireCapableBeanFactory.java:523) ~[spring-beans-6.2.3.jar:6.2.3]
	at org.springframework.beans.factory.support.AbstractBeanFactory.lambda$doGetBean$0(AbstractBeanFactory.java:339) ~[spring-beans-6.2.3.jar:6.2.3]
	at org.springframework.beans.factory.support.DefaultSingletonBeanRegistry.getSingleton(DefaultSingletonBeanRegistry.java:346) ~[spring-beans-6.2.3.jar:6.2.3]
	at org.springframework.beans.factory.support.AbstractBeanFactory.doGetBean(AbstractBeanFactory.java:337) ~[spring-beans-6.2.3.jar:6.2.3]
	at org.springframework.beans.factory.support.AbstractBeanFactory.getBean(AbstractBeanFactory.java:202) ~[spring-beans-6.2.3.jar:6.2.3]
	at org.springframework.beans.factory.support.DefaultListableBeanFactory.doResolveDependency(DefaultListableBeanFactory.java:1606) ~[spring-beans-6.2.3.jar:6.2.3]
	at org.springframework.beans.factory.support.DefaultListableBeanFactory.resolveDependency(DefaultListableBeanFactory.java:1552) ~[spring-beans-6.2.3.jar:6.2.3]
	at org.springframework.beans.factory.support.ConstructorResolver.resolveAutowiredArgument(ConstructorResolver.java:913) ~[spring-beans-6.2.3.jar:6.2.3]
	at org.springframework.beans.factory.support.ConstructorResolver.createArgumentArray(ConstructorResolver.java:791) ~[spring-beans-6.2.3.jar:6.2.3]
	at org.springframework.beans.factory.support.ConstructorResolver.autowireConstructor(ConstructorResolver.java:240) ~[spring-beans-6.2.3.jar:6.2.3]
	at org.springframework.beans.factory.support.AbstractAutowireCapableBeanFactory.autowireConstructor(AbstractAutowireCapableBeanFactory.java:1381) ~[spring-beans-6.2.3.jar:6.2.3]
	at org.springframework.beans.factory.support.AbstractAutowireCapableBeanFactory.createBeanInstance(AbstractAutowireCapableBeanFactory.java:1218) ~[spring-beans-6.2.3.jar:6.2.3]
	at org.springframework.beans.factory.support.AbstractAutowireCapableBeanFactory.doCreateBean(AbstractAutowireCapableBeanFactory.java:563) ~[spring-beans-6.2.3.jar:6.2.3]
	at org.springframework.beans.factory.support.AbstractAutowireCapableBeanFactory.createBean(AbstractAutowireCapableBeanFactory.java:523) ~[spring-beans-6.2.3.jar:6.2.3]
	at org.springframework.beans.factory.support.AbstractBeanFactory.lambda$doGetBean$0(AbstractBeanFactory.java:339) ~[spring-beans-6.2.3.jar:6.2.3]
	at org.springframework.beans.factory.support.DefaultSingletonBeanRegistry.getSingleton(DefaultSingletonBeanRegistry.java:346) ~[spring-beans-6.2.3.jar:6.2.3]
	at org.springframework.beans.factory.support.AbstractBeanFactory.doGetBean(AbstractBeanFactory.java:337) ~[spring-beans-6.2.3.jar:6.2.3]
	at org.springframework.beans.factory.support.AbstractBeanFactory.getBean(AbstractBeanFactory.java:202) ~[spring-beans-6.2.3.jar:6.2.3]
	at org.springframework.beans.factory.support.DefaultListableBeanFactory.doResolveDependency(DefaultListableBeanFactory.java:1606) ~[spring-beans-6.2.3.jar:6.2.3]
	at org.springframework.beans.factory.support.DefaultListableBeanFactory.resolveDependency(DefaultListableBeanFactory.java:1552) ~[spring-beans-6.2.3.jar:6.2.3]
	at org.springframework.beans.factory.support.ConstructorResolver.resolveAutowiredArgument(ConstructorResolver.java:913) ~[spring-beans-6.2.3.jar:6.2.3]
	at org.springframework.beans.factory.support.ConstructorResolver.createArgumentArray(ConstructorResolver.java:791) ~[spring-beans-6.2.3.jar:6.2.3]
	at org.springframework.beans.factory.support.ConstructorResolver.autowireConstructor(ConstructorResolver.java:240) ~[spring-beans-6.2.3.jar:6.2.3]
	at org.springframework.beans.factory.support.AbstractAutowireCapableBeanFactory.autowireConstructor(AbstractAutowireCapableBeanFactory.java:1381) ~[spring-beans-6.2.3.jar:6.2.3]
	at org.springframework.beans.factory.support.AbstractAutowireCapableBeanFactory.createBeanInstance(AbstractAutowireCapableBeanFactory.java:1218) ~[spring-beans-6.2.3.jar:6.2.3]
	at org.springframework.beans.factory.support.AbstractAutowireCapableBeanFactory.doCreateBean(AbstractAutowireCapableBeanFactory.java:563) ~[spring-beans-6.2.3.jar:6.2.3]
	at org.springframework.beans.factory.support.AbstractAutowireCapableBeanFactory.createBean(AbstractAutowireCapableBeanFactory.java:523) ~[spring-beans-6.2.3.jar:6.2.3]
	at org.springframework.beans.factory.support.AbstractBeanFactory.lambda$doGetBean$0(AbstractBeanFactory.java:339) ~[spring-beans-6.2.3.jar:6.2.3]
	at org.springframework.beans.factory.support.DefaultSingletonBeanRegistry.getSingleton(DefaultSingletonBeanRegistry.java:346) ~[spring-beans-6.2.3.jar:6.2.3]
	at org.springframework.beans.factory.support.AbstractBeanFactory.doGetBean(AbstractBeanFactory.java:337) ~[spring-beans-6.2.3.jar:6.2.3]
	at org.springframework.beans.factory.support.AbstractBeanFactory.getBean(AbstractBeanFactory.java:202) ~[spring-beans-6.2.3.jar:6.2.3]
	at org.springframework.beans.factory.config.DependencyDescriptor.resolveCandidate(DependencyDescriptor.java:254) ~[spring-beans-6.2.3.jar:6.2.3]
	at org.springframework.beans.factory.support.DefaultListableBeanFactory.doResolveDependency(DefaultListableBeanFactory.java:1664) ~[spring-beans-6.2.3.jar:6.2.3]
	at org.springframework.beans.factory.support.DefaultListableBeanFactory.resolveDependency(DefaultListableBeanFactory.java:1552) ~[spring-beans-6.2.3.jar:6.2.3]
	at org.springframework.beans.factory.support.ConstructorResolver.resolveAutowiredArgument(ConstructorResolver.java:913) ~[spring-beans-6.2.3.jar:6.2.3]
	at org.springframework.beans.factory.support.ConstructorResolver.createArgumentArray(ConstructorResolver.java:791) ~[spring-beans-6.2.3.jar:6.2.3]
	at org.springframework.beans.factory.support.ConstructorResolver.autowireConstructor(ConstructorResolver.java:240) ~[spring-beans-6.2.3.jar:6.2.3]
	at org.springframework.beans.factory.support.AbstractAutowireCapableBeanFactory.autowireConstructor(AbstractAutowireCapableBeanFactory.java:1381) ~[spring-beans-6.2.3.jar:6.2.3]
	at org.springframework.beans.factory.support.AbstractAutowireCapableBeanFactory.createBeanInstance(AbstractAutowireCapableBeanFactory.java:1218) ~[spring-beans-6.2.3.jar:6.2.3]
	at org.springframework.beans.factory.support.AbstractAutowireCapableBeanFactory.doCreateBean(AbstractAutowireCapableBeanFactory.java:563) ~[spring-beans-6.2.3.jar:6.2.3]
	at org.springframework.beans.factory.support.AbstractAutowireCapableBeanFactory.createBean(AbstractAutowireCapableBeanFactory.java:523) ~[spring-beans-6.2.3.jar:6.2.3]
	at org.springframework.beans.factory.support.AbstractBeanFactory.lambda$doGetBean$0(AbstractBeanFactory.java:339) ~[spring-beans-6.2.3.jar:6.2.3]
	at org.springframework.beans.factory.support.DefaultSingletonBeanRegistry.getSingleton(DefaultSingletonBeanRegistry.java:346) ~[spring-beans-6.2.3.jar:6.2.3]
	at org.springframework.beans.factory.support.AbstractBeanFactory.doGetBean(AbstractBeanFactory.java:337) ~[spring-beans-6.2.3.jar:6.2.3]
	at org.springframework.beans.factory.support.AbstractBeanFactory.getBean(AbstractBeanFactory.java:202) ~[spring-beans-6.2.3.jar:6.2.3]
	at org.springframework.beans.factory.support.DefaultListableBeanFactory.instantiateSingleton(DefaultListableBeanFactory.java:1155) ~[spring-beans-6.2.3.jar:6.2.3]
	at org.springframework.beans.factory.support.DefaultListableBeanFactory.preInstantiateSingleton(DefaultListableBeanFactory.java:1121) ~[spring-beans-6.2.3.jar:6.2.3]
	at org.springframework.beans.factory.support.DefaultListableBeanFactory.preInstantiateSingletons(DefaultListableBeanFactory.java:1056) ~[spring-beans-6.2.3.jar:6.2.3]
	at org.springframework.context.support.AbstractApplicationContext.finishBeanFactoryInitialization(AbstractApplicationContext.java:987) ~[spring-context-6.2.3.jar:6.2.3]
	at org.springframework.context.support.AbstractApplicationContext.refresh(AbstractApplicationContext.java:627) ~[spring-context-6.2.3.jar:6.2.3]
	at org.springframework.boot.SpringApplication.refresh(SpringApplication.java:752) ~[spring-boot-3.4.3.jar:3.4.3]
	at org.springframework.boot.SpringApplication.refreshContext(SpringApplication.java:439) ~[spring-boot-3.4.3.jar:3.4.3]
	at org.springframework.boot.SpringApplication.run(SpringApplication.java:318) ~[spring-boot-3.4.3.jar:3.4.3]
	at org.springframework.boot.test.context.SpringBootContextLoader.lambda$loadContext$3(SpringBootContextLoader.java:137) ~[spring-boot-test-3.4.3.jar:3.4.3]
	at org.springframework.util.function.ThrowingSupplier.get(ThrowingSupplier.java:58) ~[spring-core-6.2.3.jar:6.2.3]
	at org.springframework.util.function.ThrowingSupplier.get(ThrowingSupplier.java:46) ~[spring-core-6.2.3.jar:6.2.3]
	at org.springframework.boot.SpringApplication.withHook(SpringApplication.java:1461) ~[spring-boot-3.4.3.jar:3.4.3]
	at org.springframework.boot.test.context.SpringBootContextLoader$ContextLoaderHook.run(SpringBootContextLoader.java:553) ~[spring-boot-test-3.4.3.jar:3.4.3]
	at org.springframework.boot.test.context.SpringBootContextLoader.loadContext(SpringBootContextLoader.java:137) ~[spring-boot-test-3.4.3.jar:3.4.3]
	at org.springframework.boot.test.context.SpringBootContextLoader.loadContext(SpringBootContextLoader.java:108) ~[spring-boot-test-3.4.3.jar:3.4.3]
	at org.springframework.test.context.cache.DefaultCacheAwareContextLoaderDelegate.loadContextInternal(DefaultCacheAwareContextLoaderDelegate.java:225) ~[spring-test-6.2.3.jar:6.2.3]
	at org.springframework.test.context.cache.DefaultCacheAwareContextLoaderDelegate.loadContext(DefaultCacheAwareContextLoaderDelegate.java:152) ~[spring-test-6.2.3.jar:6.2.3]
	at org.springframework.test.context.support.DefaultTestContext.getApplicationContext(DefaultTestContext.java:130) ~[spring-test-6.2.3.jar:6.2.3]
	at org.springframework.test.context.web.ServletTestExecutionListener.setUpRequestContextIfNecessary(ServletTestExecutionListener.java:200) ~[spring-test-6.2.3.jar:6.2.3]
	at org.springframework.test.context.web.ServletTestExecutionListener.prepareTestInstance(ServletTestExecutionListener.java:139) ~[spring-test-6.2.3.jar:6.2.3]
	at org.springframework.test.context.TestContextManager.prepareTestInstance(TestContextManager.java:260) ~[spring-test-6.2.3.jar:6.2.3]
	at org.springframework.test.context.junit.jupiter.SpringExtension.postProcessTestInstance(SpringExtension.java:160) ~[spring-test-6.2.3.jar:6.2.3]
	at org.junit.jupiter.engine.descriptor.ClassBasedTestDescriptor.lambda$invokeTestInstancePostProcessors$11(ClassBasedTestDescriptor.java:378) ~[junit-jupiter-engine-5.11.4.jar:5.11.4]
	at org.junit.jupiter.engine.descriptor.ClassBasedTestDescriptor.executeAndMaskThrowable(ClassBasedTestDescriptor.java:383) ~[junit-jupiter-engine-5.11.4.jar:5.11.4]
	at org.junit.jupiter.engine.descriptor.ClassBasedTestDescriptor.lambda$invokeTestInstancePostProcessors$12(ClassBasedTestDescriptor.java:378) ~[junit-jupiter-engine-5.11.4.jar:5.11.4]
	at java.base/java.util.stream.ForEachOps$ForEachOp$OfRef.accept(ForEachOps.java:183) ~[?:?]
	at java.base/java.util.stream.ReferencePipeline$3$1.accept(ReferencePipeline.java:197) ~[?:?]
	at java.base/java.util.stream.ReferencePipeline$2$1.accept(ReferencePipeline.java:179) ~[?:?]
	at java.base/java.util.stream.ReferencePipeline$3$1.accept(ReferencePipeline.java:197) ~[?:?]
	at java.base/java.util.ArrayList$ArrayListSpliterator.forEachRemaining(ArrayList.java:1625) ~[?:?]
	at java.base/java.util.stream.AbstractPipeline.copyInto(AbstractPipeline.java:509) ~[?:?]
	at java.base/java.util.stream.AbstractPipeline.wrapAndCopyInto(AbstractPipeline.java:499) ~[?:?]
	at java.base/java.util.stream.ForEachOps$ForEachOp.evaluateSequential(ForEachOps.java:150) ~[?:?]
	at java.base/java.util.stream.ForEachOps$ForEachOp$OfRef.evaluateSequential(ForEachOps.java:173) ~[?:?]
	at java.base/java.util.stream.AbstractPipeline.evaluate(AbstractPipeline.java:234) ~[?:?]
	at java.base/java.util.stream.ReferencePipeline.forEach(ReferencePipeline.java:596) ~[?:?]
	at org.junit.jupiter.engine.descriptor.ClassBasedTestDescriptor.invokeTestInstancePostProcessors(ClassBasedTestDescriptor.java:377) ~[junit-jupiter-engine-5.11.4.jar:5.11.4]
	at org.junit.jupiter.engine.descriptor.ClassBasedTestDescriptor.lambda$instantiateAndPostProcessTestInstance$7(ClassBasedTestDescriptor.java:290) ~[junit-jupiter-engine-5.11.4.jar:5.11.4]
	at org.junit.platform.engine.support.hierarchical.ThrowableCollector.execute(ThrowableCollector.java:73) ~[junit-platform-engine-1.11.4.jar:1.11.4]
	at org.junit.jupiter.engine.descriptor.ClassBasedTestDescriptor.instantiateAndPostProcessTestInstance(ClassBasedTestDescriptor.java:289) ~[junit-jupiter-engine-5.11.4.jar:5.11.4]
	at org.junit.jupiter.engine.descriptor.ClassBasedTestDescriptor.lambda$testInstancesProvider$5(ClassBasedTestDescriptor.java:279) ~[junit-jupiter-engine-5.11.4.jar:5.11.4]
	at java.base/java.util.Optional.orElseGet(Optional.java:364) ~[?:?]
	at org.junit.jupiter.engine.descriptor.ClassBasedTestDescriptor.lambda$testInstancesProvider$6(ClassBasedTestDescriptor.java:278) ~[junit-jupiter-engine-5.11.4.jar:5.11.4]
	at org.junit.jupiter.engine.execution.TestInstancesProvider.getTestInstances(TestInstancesProvider.java:31) ~[junit-jupiter-engine-5.11.4.jar:5.11.4]
	at org.junit.jupiter.engine.descriptor.TestMethodTestDescriptor.lambda$prepare$1(TestMethodTestDescriptor.java:105) ~[junit-jupiter-engine-5.11.4.jar:5.11.4]
	at org.junit.platform.engine.support.hierarchical.ThrowableCollector.execute(ThrowableCollector.java:73) ~[junit-platform-engine-1.11.4.jar:1.11.4]
	at org.junit.jupiter.engine.descriptor.TestMethodTestDescriptor.prepare(TestMethodTestDescriptor.java:104) ~[junit-jupiter-engine-5.11.4.jar:5.11.4]
	at org.junit.jupiter.engine.descriptor.TestMethodTestDescriptor.prepare(TestMethodTestDescriptor.java:68) ~[junit-jupiter-engine-5.11.4.jar:5.11.4]
	at org.junit.platform.engine.support.hierarchical.NodeTestTask.lambda$prepare$2(NodeTestTask.java:128) ~[junit-platform-engine-1.11.4.jar:1.11.4]
	at org.junit.platform.engine.support.hierarchical.ThrowableCollector.execute(ThrowableCollector.java:73) ~[junit-platform-engine-1.11.4.jar:1.11.4]
	at org.junit.platform.engine.support.hierarchical.NodeTestTask.prepare(NodeTestTask.java:128) ~[junit-platform-engine-1.11.4.jar:1.11.4]
	at org.junit.platform.engine.support.hierarchical.NodeTestTask.execute(NodeTestTask.java:95) ~[junit-platform-engine-1.11.4.jar:1.11.4]
	at java.base/java.util.ArrayList.forEach(ArrayList.java:1511) ~[?:?]
	at org.junit.platform.engine.support.hierarchical.SameThreadHierarchicalTestExecutorService.invokeAll(SameThreadHierarchicalTestExecutorService.java:41) ~[junit-platform-engine-1.11.4.jar:1.11.4]
	at org.junit.platform.engine.support.hierarchical.NodeTestTask.lambda$executeRecursively$6(NodeTestTask.java:160) ~[junit-platform-engine-1.11.4.jar:1.11.4]
	at org.junit.platform.engine.support.hierarchical.ThrowableCollector.execute(ThrowableCollector.java:73) ~[junit-platform-engine-1.11.4.jar:1.11.4]
	at org.junit.platform.engine.support.hierarchical.NodeTestTask.lambda$executeRecursively$8(NodeTestTask.java:146) ~[junit-platform-engine-1.11.4.jar:1.11.4]
	at org.junit.platform.engine.support.hierarchical.Node.around(Node.java:137) ~[junit-platform-engine-1.11.4.jar:1.11.4]
	at org.junit.platform.engine.support.hierarchical.NodeTestTask.lambda$executeRecursively$9(NodeTestTask.java:144) ~[junit-platform-engine-1.11.4.jar:1.11.4]
	at org.junit.platform.engine.support.hierarchical.ThrowableCollector.execute(ThrowableCollector.java:73) ~[junit-platform-engine-1.11.4.jar:1.11.4]
	at org.junit.platform.engine.support.hierarchical.NodeTestTask.executeRecursively(NodeTestTask.java:143) ~[junit-platform-engine-1.11.4.jar:1.11.4]
	at org.junit.platform.engine.support.hierarchical.NodeTestTask.execute(NodeTestTask.java:100) ~[junit-platform-engine-1.11.4.jar:1.11.4]
	at java.base/java.util.ArrayList.forEach(ArrayList.java:1511) ~[?:?]
	at org.junit.platform.engine.support.hierarchical.SameThreadHierarchicalTestExecutorService.invokeAll(SameThreadHierarchicalTestExecutorService.java:41) ~[junit-platform-engine-1.11.4.jar:1.11.4]
	at org.junit.platform.engine.support.hierarchical.NodeTestTask.lambda$executeRecursively$6(NodeTestTask.java:160) ~[junit-platform-engine-1.11.4.jar:1.11.4]
	at org.junit.platform.engine.support.hierarchical.ThrowableCollector.execute(ThrowableCollector.java:73) ~[junit-platform-engine-1.11.4.jar:1.11.4]
	at org.junit.platform.engine.support.hierarchical.NodeTestTask.lambda$executeRecursively$8(NodeTestTask.java:146) ~[junit-platform-engine-1.11.4.jar:1.11.4]
	at org.junit.platform.engine.support.hierarchical.Node.around(Node.java:137) ~[junit-platform-engine-1.11.4.jar:1.11.4]
	at org.junit.platform.engine.support.hierarchical.NodeTestTask.lambda$executeRecursively$9(NodeTestTask.java:144) ~[junit-platform-engine-1.11.4.jar:1.11.4]
	at org.junit.platform.engine.support.hierarchical.ThrowableCollector.execute(ThrowableCollector.java:73) ~[junit-platform-engine-1.11.4.jar:1.11.4]
	at org.junit.platform.engine.support.hierarchical.NodeTestTask.executeRecursively(NodeTestTask.java:143) ~[junit-platform-engine-1.11.4.jar:1.11.4]
	at org.junit.platform.engine.support.hierarchical.NodeTestTask.execute(NodeTestTask.java:100) ~[junit-platform-engine-1.11.4.jar:1.11.4]
	at org.junit.platform.engine.support.hierarchical.SameThreadHierarchicalTestExecutorService.submit(SameThreadHierarchicalTestExecutorService.java:35) ~[junit-platform-engine-1.11.4.jar:1.11.4]
	at org.junit.platform.engine.support.hierarchical.HierarchicalTestExecutor.execute(HierarchicalTestExecutor.java:57) ~[junit-platform-engine-1.11.4.jar:1.11.4]
	at org.junit.platform.engine.support.hierarchical.HierarchicalTestEngine.execute(HierarchicalTestEngine.java:54) ~[junit-platform-engine-1.11.4.jar:1.11.4]
	at org.junit.platform.launcher.core.EngineExecutionOrchestrator.execute(EngineExecutionOrchestrator.java:198) ~[junit-platform-launcher-1.11.4.jar:1.11.4]
	at org.junit.platform.launcher.core.EngineExecutionOrchestrator.execute(EngineExecutionOrchestrator.java:169) ~[junit-platform-launcher-1.11.4.jar:1.11.4]
	at org.junit.platform.launcher.core.EngineExecutionOrchestrator.execute(EngineExecutionOrchestrator.java:93) ~[junit-platform-launcher-1.11.4.jar:1.11.4]
	at org.junit.platform.launcher.core.EngineExecutionOrchestrator.lambda$execute$0(EngineExecutionOrchestrator.java:58) ~[junit-platform-launcher-1.11.4.jar:1.11.4]
	at org.junit.platform.launcher.core.EngineExecutionOrchestrator.withInterceptedStreams(EngineExecutionOrchestrator.java:141) [junit-platform-launcher-1.11.4.jar:1.11.4]
	at org.junit.platform.launcher.core.EngineExecutionOrchestrator.execute(EngineExecutionOrchestrator.java:57) [junit-platform-launcher-1.11.4.jar:1.11.4]
	at org.junit.platform.launcher.core.DefaultLauncher.execute(DefaultLauncher.java:103) [junit-platform-launcher-1.11.4.jar:1.11.4]
	at org.junit.platform.launcher.core.DefaultLauncher.execute(DefaultLauncher.java:85) [junit-platform-launcher-1.11.4.jar:1.11.4]
	at org.junit.platform.launcher.core.DelegatingLauncher.execute(DelegatingLauncher.java:47) [junit-platform-launcher-1.11.4.jar:1.11.4]
	at org.apache.maven.surefire.junitplatform.LazyLauncher.execute(LazyLauncher.java:56) [surefire-junit-platform-3.5.2.jar:3.5.2]
	at org.apache.maven.surefire.junitplatform.JUnitPlatformProvider.execute(JUnitPlatformProvider.java:184) [surefire-junit-platform-3.5.2.jar:3.5.2]
	at org.apache.maven.surefire.junitplatform.JUnitPlatformProvider.invokeAllTests(JUnitPlatformProvider.java:148) [surefire-junit-platform-3.5.2.jar:3.5.2]
	at org.apache.maven.surefire.junitplatform.JUnitPlatformProvider.invoke(JUnitPlatformProvider.java:122) [surefire-junit-platform-3.5.2.jar:3.5.2]
	at org.apache.maven.surefire.booter.ForkedBooter.runSuitesInProcess(ForkedBooter.java:385) [surefire-booter-3.5.2.jar:3.5.2]
	at org.apache.maven.surefire.booter.ForkedBooter.execute(ForkedBooter.java:162) [surefire-booter-3.5.2.jar:3.5.2]
	at org.apache.maven.surefire.booter.ForkedBooter.run(ForkedBooter.java:507) [surefire-booter-3.5.2.jar:3.5.2]
	at org.apache.maven.surefire.booter.ForkedBooter.main(ForkedBooter.java:495) [surefire-booter-3.5.2.jar:3.5.2]
2025-06-13 17:24:42.944 [main] DEBUG org.springframework.data.jpa.repository.query.NamedQuery - Did not find named query Role.findByName
2025-06-13 17:24:42.944 [main] DEBUG org.springframework.orm.jpa.SharedEntityManagerCreator$SharedEntityManagerInvocationHandler - Creating new EntityManager for shared EntityManager invocation
2025-06-13 17:24:42.948 [main] DEBUG org.springframework.data.repository.core.support.RepositoryFactorySupport - Finished creation of repository instance for com.example.trainup.repository.RoleRepository.
2025-06-13 17:24:42.969 [main] DEBUG org.springframework.beans.factory.support.DefaultListableBeanFactory - Autowiring by type from bean name 'userCredentialService' via constructor to bean named 'roleRepository'
2025-06-13 17:24:42.969 [main] DEBUG org.springframework.beans.factory.support.DefaultListableBeanFactory - Autowiring by type from bean name 'userCredentialService' via constructor to bean named 'userCredentialsRepository'
2025-06-13 17:24:42.982 [main] DEBUG org.springframework.beans.factory.support.DefaultListableBeanFactory - Autowiring by type from bean name 'athleteServiceImpl' via constructor to bean named 'athleteMapperImpl'
2025-06-13 17:24:42.982 [main] DEBUG org.springframework.beans.factory.support.DefaultListableBeanFactory - Autowiring by type from bean name 'athleteServiceImpl' via constructor to bean named 'getPasswordEncoder'
2025-06-13 17:24:42.982 [main] DEBUG org.springframework.beans.factory.support.DefaultListableBeanFactory - Autowiring by type from bean name 'athleteServiceImpl' via constructor to bean named 'athleteRepository'
2025-06-13 17:24:42.982 [main] DEBUG org.springframework.beans.factory.support.DefaultListableBeanFactory - Autowiring by type from bean name 'athleteServiceImpl' via constructor to bean named 'sportRepository'
2025-06-13 17:24:42.982 [main] DEBUG org.springframework.beans.factory.support.DefaultListableBeanFactory - Autowiring by type from bean name 'athleteServiceImpl' via constructor to bean named 'userCredentialService'
2025-06-13 17:24:42.994 [main] DEBUG org.springframework.beans.factory.support.DefaultListableBeanFactory - Autowiring by type from bean name 'athleteController' via constructor to bean named 'athleteServiceImpl'
2025-06-13 17:24:43.009 [main] DEBUG org.springframework.beans.factory.support.DefaultListableBeanFactory - Creating shared instance of singleton bean 'authenticationController'
2025-06-13 17:24:43.010 [main] DEBUG org.springframework.beans.factory.support.DefaultListableBeanFactory - Creating shared instance of singleton bean 'authenticationService'
2025-06-13 17:24:43.010 [main] DEBUG org.springframework.beans.factory.support.DefaultListableBeanFactory - Creating shared instance of singleton bean 'authenticationManager'
2025-06-13 17:24:43.011 [main] DEBUG org.springframework.beans.factory.support.DefaultListableBeanFactory - Creating shared instance of singleton bean 'org.springframework.security.config.annotation.authentication.configuration.AuthenticationConfiguration'
2025-06-13 17:24:43.013 [main] DEBUG org.springframework.beans.factory.support.DefaultListableBeanFactory - Creating shared instance of singleton bean 'enableGlobalAuthenticationAutowiredConfigurer'
2025-06-13 17:24:43.014 [main] DEBUG org.springframework.beans.factory.support.DefaultListableBeanFactory - Autowiring by type from bean name 'enableGlobalAuthenticationAutowiredConfigurer' via factory method to bean named 'org.springframework.web.context.support.GenericWebApplicationContext@4d920a01'
2025-06-13 17:24:43.016 [main] DEBUG org.springframework.beans.factory.support.DefaultListableBeanFactory - Creating shared instance of singleton bean 'initializeUserDetailsBeanManagerConfigurer'
2025-06-13 17:24:43.017 [main] DEBUG org.springframework.beans.factory.support.DefaultListableBeanFactory - Autowiring by type from bean name 'initializeUserDetailsBeanManagerConfigurer' via factory method to bean named 'org.springframework.web.context.support.GenericWebApplicationContext@4d920a01'
2025-06-13 17:24:43.018 [main] DEBUG org.springframework.beans.factory.support.DefaultListableBeanFactory - Creating shared instance of singleton bean 'initializeAuthenticationProviderBeanManagerConfigurer'
2025-06-13 17:24:43.018 [main] DEBUG org.springframework.beans.factory.support.DefaultListableBeanFactory - Autowiring by type from bean name 'initializeAuthenticationProviderBeanManagerConfigurer' via factory method to bean named 'org.springframework.web.context.support.GenericWebApplicationContext@4d920a01'
2025-06-13 17:24:43.020 [main] DEBUG org.springframework.beans.factory.support.DefaultListableBeanFactory - Creating shared instance of singleton bean 'objectPostProcessor'
2025-06-13 17:24:43.020 [main] DEBUG org.springframework.beans.factory.support.DefaultListableBeanFactory - Creating shared instance of singleton bean 'org.springframework.security.config.annotation.configuration.ObjectPostProcessorConfiguration'
2025-06-13 17:24:43.022 [main] DEBUG org.springframework.beans.factory.support.DefaultListableBeanFactory - Autowiring by type from bean name 'objectPostProcessor' via factory method to bean named 'org.springframework.beans.factory.support.DefaultListableBeanFactory@208e42da'
2025-06-13 17:24:43.026 [main] DEBUG org.springframework.beans.factory.support.DefaultListableBeanFactory - Autowiring by type from bean name 'authenticationManager' via factory method to bean named 'org.springframework.security.config.annotation.authentication.configuration.AuthenticationConfiguration'
2025-06-13 17:24:43.027 [main] DEBUG org.springframework.beans.factory.support.DefaultListableBeanFactory - Creating shared instance of singleton bean 'authenticationManagerBuilder'
2025-06-13 17:24:43.028 [main] DEBUG org.springframework.beans.factory.support.DefaultListableBeanFactory - Autowiring by type from bean name 'authenticationManagerBuilder' via factory method to bean named 'objectPostProcessor'
2025-06-13 17:24:43.028 [main] DEBUG org.springframework.beans.factory.support.DefaultListableBeanFactory - Autowiring by type from bean name 'authenticationManagerBuilder' via factory method to bean named 'org.springframework.web.context.support.GenericWebApplicationContext@4d920a01'
2025-06-13 17:24:43.028 [main] DEBUG org.springframework.beans.factory.support.DefaultListableBeanFactory - Creating shared instance of singleton bean 'authenticationEventPublisher'
2025-06-13 17:24:43.028 [main] DEBUG org.springframework.beans.factory.support.DefaultListableBeanFactory - Creating shared instance of singleton bean 'org.springframework.boot.autoconfigure.security.servlet.SecurityAutoConfiguration'
2025-06-13 17:24:43.030 [main] DEBUG org.springframework.beans.factory.support.DefaultListableBeanFactory - Autowiring by type from bean name 'authenticationEventPublisher' via factory method to bean named 'org.springframework.web.context.support.GenericWebApplicationContext@4d920a01'
2025-06-13 17:24:43.038 [main] DEBUG org.springframework.beans.factory.support.DefaultListableBeanFactory - Creating shared instance of singleton bean 'chatSession'
2025-06-13 17:24:43.041 [main] DEBUG org.springframework.beans.factory.support.DefaultListableBeanFactory - Creating shared instance of singleton bean 'org.springframework.boot.autoconfigure.security.servlet.SpringBootWebSecurityConfiguration$WebSecurityEnablerConfiguration'
2025-06-13 17:24:43.044 [main] INFO  org.springframework.security.config.annotation.authentication.configuration.InitializeUserDetailsBeanManagerConfigurer$InitializeUserDetailsManagerConfigurer - Global AuthenticationManager configured with UserDetailsService bean with name customUserDetailsService
2025-06-13 17:24:43.046 [main] DEBUG org.springframework.beans.factory.support.DefaultListableBeanFactory - Autowiring by type from bean name 'authenticationService' via constructor to bean named 'authenticationManager'
2025-06-13 17:24:43.046 [main] DEBUG org.springframework.beans.factory.support.DefaultListableBeanFactory - Autowiring by type from bean name 'authenticationService' via constructor to bean named 'jwtUtil'
2025-06-13 17:24:43.056 [main] DEBUG org.springframework.beans.factory.support.DefaultListableBeanFactory - Creating shared instance of singleton bean 'trainerServiceImpl'
2025-06-13 17:24:43.056 [main] DEBUG org.springframework.beans.factory.support.DefaultListableBeanFactory - Creating shared instance of singleton bean 'trainerRepository'
2025-06-13 17:24:43.059 [main] DEBUG org.springframework.beans.factory.support.DefaultListableBeanFactory - Creating shared instance of singleton bean 'jpa.named-queries#7'
2025-06-13 17:24:43.061 [main] DEBUG org.springframework.beans.factory.support.DefaultListableBeanFactory - Creating shared instance of singleton bean 'jpa.TrainerRepository.fragments#0'
2025-06-13 17:24:43.064 [main] DEBUG org.springframework.orm.jpa.SharedEntityManagerCreator$SharedEntityManagerInvocationHandler - Creating new EntityManager for shared EntityManager invocation
2025-06-13 17:24:43.064 [main] DEBUG org.springframework.data.repository.core.support.RepositoryFactorySupport - Initializing repository instance for com.example.trainup.repository.TrainerRepository…
2025-06-13 17:24:43.065 [main] DEBUG org.springframework.orm.jpa.SharedEntityManagerCreator$SharedEntityManagerInvocationHandler - Creating new EntityManager for shared EntityManager invocation
2025-06-13 17:24:43.066 [main] DEBUG org.springframework.data.jpa.repository.query.NamedQuery - Looking up named query 'Trainer.getTrainerById'
2025-06-13 17:24:43.067 [main] DEBUG org.hibernate.resource.transaction.backend.jdbc.internal.JdbcResourceLocalTransactionCoordinatorImpl - JDBC transaction marked for rollback-only (exception provided for stack trace)
java.lang.Exception: exception just for purpose of providing stack trace
	at org.hibernate.resource.transaction.backend.jdbc.internal.JdbcResourceLocalTransactionCoordinatorImpl$TransactionDriverControlImpl.markRollbackOnly(JdbcResourceLocalTransactionCoordinatorImpl.java:309) ~[hibernate-core-6.6.8.Final.jar:6.6.8.Final]
	at org.hibernate.internal.AbstractSharedSessionContract.buildNamedQuery(AbstractSharedSessionContract.java:1141) ~[hibernate-core-6.6.8.Final.jar:6.6.8.Final]
	at org.hibernate.internal.AbstractSharedSessionContract.createNamedQuery(AbstractSharedSessionContract.java:1019) ~[hibernate-core-6.6.8.Final.jar:6.6.8.Final]
	at org.hibernate.internal.AbstractSharedSessionContract.createNamedQuery(AbstractSharedSessionContract.java:143) ~[hibernate-core-6.6.8.Final.jar:6.6.8.Final]
	at jdk.internal.reflect.GeneratedMethodAccessor95.invoke(Unknown Source) ~[?:?]
	at java.base/jdk.internal.reflect.DelegatingMethodAccessorImpl.invoke(DelegatingMethodAccessorImpl.java:43) ~[?:?]
	at java.base/java.lang.reflect.Method.invoke(Method.java:569) ~[?:?]
	at org.springframework.orm.jpa.ExtendedEntityManagerCreator$ExtendedEntityManagerInvocationHandler.invoke(ExtendedEntityManagerCreator.java:364) ~[spring-orm-6.2.3.jar:6.2.3]
	at jdk.proxy2/jdk.proxy2.$Proxy233.createNamedQuery(Unknown Source) ~[?:?]
	at org.springframework.data.jpa.repository.query.NamedQuery.hasNamedQuery(NamedQuery.java:114) ~[spring-data-jpa-3.4.3.jar:3.4.3]
	at org.springframework.data.jpa.repository.query.NamedQuery.lookupFrom(NamedQuery.java:140) ~[spring-data-jpa-3.4.3.jar:3.4.3]
	at org.springframework.data.jpa.repository.query.JpaQueryLookupStrategy$DeclaredQueryLookupStrategy.resolveQuery(JpaQueryLookupStrategy.java:184) ~[spring-data-jpa-3.4.3.jar:3.4.3]
	at org.springframework.data.jpa.repository.query.JpaQueryLookupStrategy$CreateIfNotFoundQueryLookupStrategy.resolveQuery(JpaQueryLookupStrategy.java:256) ~[spring-data-jpa-3.4.3.jar:3.4.3]
	at org.springframework.data.jpa.repository.query.JpaQueryLookupStrategy$AbstractQueryLookupStrategy.resolveQuery(JpaQueryLookupStrategy.java:99) ~[spring-data-jpa-3.4.3.jar:3.4.3]
	at org.springframework.data.repository.core.support.QueryExecutorMethodInterceptor.lookupQuery(QueryExecutorMethodInterceptor.java:116) ~[spring-data-commons-3.4.3.jar:3.4.3]
	at org.springframework.data.repository.core.support.QueryExecutorMethodInterceptor.mapMethodsToQuery(QueryExecutorMethodInterceptor.java:104) ~[spring-data-commons-3.4.3.jar:3.4.3]
	at org.springframework.data.repository.core.support.QueryExecutorMethodInterceptor.lambda$new$0(QueryExecutorMethodInterceptor.java:92) ~[spring-data-commons-3.4.3.jar:3.4.3]
	at java.base/java.util.Optional.map(Optional.java:260) ~[?:?]
	at org.springframework.data.repository.core.support.QueryExecutorMethodInterceptor.<init>(QueryExecutorMethodInterceptor.java:92) ~[spring-data-commons-3.4.3.jar:3.4.3]
	at org.springframework.data.repository.core.support.RepositoryFactorySupport.getRepository(RepositoryFactorySupport.java:440) ~[spring-data-commons-3.4.3.jar:3.4.3]
	at org.springframework.data.repository.core.support.RepositoryFactoryBeanSupport.lambda$afterPropertiesSet$4(RepositoryFactoryBeanSupport.java:350) ~[spring-data-commons-3.4.3.jar:3.4.3]
	at org.springframework.data.util.Lazy.getNullable(Lazy.java:135) ~[spring-data-commons-3.4.3.jar:3.4.3]
	at org.springframework.data.util.Lazy.get(Lazy.java:113) ~[spring-data-commons-3.4.3.jar:3.4.3]
	at org.springframework.data.repository.core.support.RepositoryFactoryBeanSupport.afterPropertiesSet(RepositoryFactoryBeanSupport.java:356) ~[spring-data-commons-3.4.3.jar:3.4.3]
	at org.springframework.data.jpa.repository.support.JpaRepositoryFactoryBean.afterPropertiesSet(JpaRepositoryFactoryBean.java:132) ~[spring-data-jpa-3.4.3.jar:3.4.3]
	at org.springframework.beans.factory.support.AbstractAutowireCapableBeanFactory.invokeInitMethods(AbstractAutowireCapableBeanFactory.java:1859) ~[spring-beans-6.2.3.jar:6.2.3]
	at org.springframework.beans.factory.support.AbstractAutowireCapableBeanFactory.initializeBean(AbstractAutowireCapableBeanFactory.java:1808) ~[spring-beans-6.2.3.jar:6.2.3]
	at org.springframework.beans.factory.support.AbstractAutowireCapableBeanFactory.doCreateBean(AbstractAutowireCapableBeanFactory.java:601) ~[spring-beans-6.2.3.jar:6.2.3]
	at org.springframework.beans.factory.support.AbstractAutowireCapableBeanFactory.createBean(AbstractAutowireCapableBeanFactory.java:523) ~[spring-beans-6.2.3.jar:6.2.3]
	at org.springframework.beans.factory.support.AbstractBeanFactory.lambda$doGetBean$0(AbstractBeanFactory.java:339) ~[spring-beans-6.2.3.jar:6.2.3]
	at org.springframework.beans.factory.support.DefaultSingletonBeanRegistry.getSingleton(DefaultSingletonBeanRegistry.java:346) ~[spring-beans-6.2.3.jar:6.2.3]
	at org.springframework.beans.factory.support.AbstractBeanFactory.doGetBean(AbstractBeanFactory.java:337) ~[spring-beans-6.2.3.jar:6.2.3]
	at org.springframework.beans.factory.support.AbstractBeanFactory.getBean(AbstractBeanFactory.java:202) ~[spring-beans-6.2.3.jar:6.2.3]
	at org.springframework.beans.factory.support.DefaultListableBeanFactory.doResolveDependency(DefaultListableBeanFactory.java:1606) ~[spring-beans-6.2.3.jar:6.2.3]
	at org.springframework.beans.factory.support.DefaultListableBeanFactory.resolveDependency(DefaultListableBeanFactory.java:1552) ~[spring-beans-6.2.3.jar:6.2.3]
	at org.springframework.beans.factory.support.ConstructorResolver.resolveAutowiredArgument(ConstructorResolver.java:913) ~[spring-beans-6.2.3.jar:6.2.3]
	at org.springframework.beans.factory.support.ConstructorResolver.createArgumentArray(ConstructorResolver.java:791) ~[spring-beans-6.2.3.jar:6.2.3]
	at org.springframework.beans.factory.support.ConstructorResolver.autowireConstructor(ConstructorResolver.java:240) ~[spring-beans-6.2.3.jar:6.2.3]
	at org.springframework.beans.factory.support.AbstractAutowireCapableBeanFactory.autowireConstructor(AbstractAutowireCapableBeanFactory.java:1381) ~[spring-beans-6.2.3.jar:6.2.3]
	at org.springframework.beans.factory.support.AbstractAutowireCapableBeanFactory.createBeanInstance(AbstractAutowireCapableBeanFactory.java:1218) ~[spring-beans-6.2.3.jar:6.2.3]
	at org.springframework.beans.factory.support.AbstractAutowireCapableBeanFactory.doCreateBean(AbstractAutowireCapableBeanFactory.java:563) ~[spring-beans-6.2.3.jar:6.2.3]
	at org.springframework.beans.factory.support.AbstractAutowireCapableBeanFactory.createBean(AbstractAutowireCapableBeanFactory.java:523) ~[spring-beans-6.2.3.jar:6.2.3]
	at org.springframework.beans.factory.support.AbstractBeanFactory.lambda$doGetBean$0(AbstractBeanFactory.java:339) ~[spring-beans-6.2.3.jar:6.2.3]
	at org.springframework.beans.factory.support.DefaultSingletonBeanRegistry.getSingleton(DefaultSingletonBeanRegistry.java:346) ~[spring-beans-6.2.3.jar:6.2.3]
	at org.springframework.beans.factory.support.AbstractBeanFactory.doGetBean(AbstractBeanFactory.java:337) ~[spring-beans-6.2.3.jar:6.2.3]
	at org.springframework.beans.factory.support.AbstractBeanFactory.getBean(AbstractBeanFactory.java:202) ~[spring-beans-6.2.3.jar:6.2.3]
	at org.springframework.beans.factory.config.DependencyDescriptor.resolveCandidate(DependencyDescriptor.java:254) ~[spring-beans-6.2.3.jar:6.2.3]
	at org.springframework.beans.factory.support.DefaultListableBeanFactory.doResolveDependency(DefaultListableBeanFactory.java:1664) ~[spring-beans-6.2.3.jar:6.2.3]
	at org.springframework.beans.factory.support.DefaultListableBeanFactory.resolveDependency(DefaultListableBeanFactory.java:1552) ~[spring-beans-6.2.3.jar:6.2.3]
	at org.springframework.beans.factory.support.ConstructorResolver.resolveAutowiredArgument(ConstructorResolver.java:913) ~[spring-beans-6.2.3.jar:6.2.3]
	at org.springframework.beans.factory.support.ConstructorResolver.createArgumentArray(ConstructorResolver.java:791) ~[spring-beans-6.2.3.jar:6.2.3]
	at org.springframework.beans.factory.support.ConstructorResolver.autowireConstructor(ConstructorResolver.java:240) ~[spring-beans-6.2.3.jar:6.2.3]
	at org.springframework.beans.factory.support.AbstractAutowireCapableBeanFactory.autowireConstructor(AbstractAutowireCapableBeanFactory.java:1381) ~[spring-beans-6.2.3.jar:6.2.3]
	at org.springframework.beans.factory.support.AbstractAutowireCapableBeanFactory.createBeanInstance(AbstractAutowireCapableBeanFactory.java:1218) ~[spring-beans-6.2.3.jar:6.2.3]
	at org.springframework.beans.factory.support.AbstractAutowireCapableBeanFactory.doCreateBean(AbstractAutowireCapableBeanFactory.java:563) ~[spring-beans-6.2.3.jar:6.2.3]
	at org.springframework.beans.factory.support.AbstractAutowireCapableBeanFactory.createBean(AbstractAutowireCapableBeanFactory.java:523) ~[spring-beans-6.2.3.jar:6.2.3]
	at org.springframework.beans.factory.support.AbstractBeanFactory.lambda$doGetBean$0(AbstractBeanFactory.java:339) ~[spring-beans-6.2.3.jar:6.2.3]
	at org.springframework.beans.factory.support.DefaultSingletonBeanRegistry.getSingleton(DefaultSingletonBeanRegistry.java:346) ~[spring-beans-6.2.3.jar:6.2.3]
	at org.springframework.beans.factory.support.AbstractBeanFactory.doGetBean(AbstractBeanFactory.java:337) ~[spring-beans-6.2.3.jar:6.2.3]
	at org.springframework.beans.factory.support.AbstractBeanFactory.getBean(AbstractBeanFactory.java:202) ~[spring-beans-6.2.3.jar:6.2.3]
	at org.springframework.beans.factory.support.DefaultListableBeanFactory.instantiateSingleton(DefaultListableBeanFactory.java:1155) ~[spring-beans-6.2.3.jar:6.2.3]
	at org.springframework.beans.factory.support.DefaultListableBeanFactory.preInstantiateSingleton(DefaultListableBeanFactory.java:1121) ~[spring-beans-6.2.3.jar:6.2.3]
	at org.springframework.beans.factory.support.DefaultListableBeanFactory.preInstantiateSingletons(DefaultListableBeanFactory.java:1056) ~[spring-beans-6.2.3.jar:6.2.3]
	at org.springframework.context.support.AbstractApplicationContext.finishBeanFactoryInitialization(AbstractApplicationContext.java:987) ~[spring-context-6.2.3.jar:6.2.3]
	at org.springframework.context.support.AbstractApplicationContext.refresh(AbstractApplicationContext.java:627) ~[spring-context-6.2.3.jar:6.2.3]
	at org.springframework.boot.SpringApplication.refresh(SpringApplication.java:752) ~[spring-boot-3.4.3.jar:3.4.3]
	at org.springframework.boot.SpringApplication.refreshContext(SpringApplication.java:439) ~[spring-boot-3.4.3.jar:3.4.3]
	at org.springframework.boot.SpringApplication.run(SpringApplication.java:318) ~[spring-boot-3.4.3.jar:3.4.3]
	at org.springframework.boot.test.context.SpringBootContextLoader.lambda$loadContext$3(SpringBootContextLoader.java:137) ~[spring-boot-test-3.4.3.jar:3.4.3]
	at org.springframework.util.function.ThrowingSupplier.get(ThrowingSupplier.java:58) ~[spring-core-6.2.3.jar:6.2.3]
	at org.springframework.util.function.ThrowingSupplier.get(ThrowingSupplier.java:46) ~[spring-core-6.2.3.jar:6.2.3]
	at org.springframework.boot.SpringApplication.withHook(SpringApplication.java:1461) ~[spring-boot-3.4.3.jar:3.4.3]
	at org.springframework.boot.test.context.SpringBootContextLoader$ContextLoaderHook.run(SpringBootContextLoader.java:553) ~[spring-boot-test-3.4.3.jar:3.4.3]
	at org.springframework.boot.test.context.SpringBootContextLoader.loadContext(SpringBootContextLoader.java:137) ~[spring-boot-test-3.4.3.jar:3.4.3]
	at org.springframework.boot.test.context.SpringBootContextLoader.loadContext(SpringBootContextLoader.java:108) ~[spring-boot-test-3.4.3.jar:3.4.3]
	at org.springframework.test.context.cache.DefaultCacheAwareContextLoaderDelegate.loadContextInternal(DefaultCacheAwareContextLoaderDelegate.java:225) ~[spring-test-6.2.3.jar:6.2.3]
	at org.springframework.test.context.cache.DefaultCacheAwareContextLoaderDelegate.loadContext(DefaultCacheAwareContextLoaderDelegate.java:152) ~[spring-test-6.2.3.jar:6.2.3]
	at org.springframework.test.context.support.DefaultTestContext.getApplicationContext(DefaultTestContext.java:130) ~[spring-test-6.2.3.jar:6.2.3]
	at org.springframework.test.context.web.ServletTestExecutionListener.setUpRequestContextIfNecessary(ServletTestExecutionListener.java:200) ~[spring-test-6.2.3.jar:6.2.3]
	at org.springframework.test.context.web.ServletTestExecutionListener.prepareTestInstance(ServletTestExecutionListener.java:139) ~[spring-test-6.2.3.jar:6.2.3]
	at org.springframework.test.context.TestContextManager.prepareTestInstance(TestContextManager.java:260) ~[spring-test-6.2.3.jar:6.2.3]
	at org.springframework.test.context.junit.jupiter.SpringExtension.postProcessTestInstance(SpringExtension.java:160) ~[spring-test-6.2.3.jar:6.2.3]
	at org.junit.jupiter.engine.descriptor.ClassBasedTestDescriptor.lambda$invokeTestInstancePostProcessors$11(ClassBasedTestDescriptor.java:378) ~[junit-jupiter-engine-5.11.4.jar:5.11.4]
	at org.junit.jupiter.engine.descriptor.ClassBasedTestDescriptor.executeAndMaskThrowable(ClassBasedTestDescriptor.java:383) ~[junit-jupiter-engine-5.11.4.jar:5.11.4]
	at org.junit.jupiter.engine.descriptor.ClassBasedTestDescriptor.lambda$invokeTestInstancePostProcessors$12(ClassBasedTestDescriptor.java:378) ~[junit-jupiter-engine-5.11.4.jar:5.11.4]
	at java.base/java.util.stream.ForEachOps$ForEachOp$OfRef.accept(ForEachOps.java:183) ~[?:?]
	at java.base/java.util.stream.ReferencePipeline$3$1.accept(ReferencePipeline.java:197) ~[?:?]
	at java.base/java.util.stream.ReferencePipeline$2$1.accept(ReferencePipeline.java:179) ~[?:?]
	at java.base/java.util.stream.ReferencePipeline$3$1.accept(ReferencePipeline.java:197) ~[?:?]
	at java.base/java.util.ArrayList$ArrayListSpliterator.forEachRemaining(ArrayList.java:1625) ~[?:?]
	at java.base/java.util.stream.AbstractPipeline.copyInto(AbstractPipeline.java:509) ~[?:?]
	at java.base/java.util.stream.AbstractPipeline.wrapAndCopyInto(AbstractPipeline.java:499) ~[?:?]
	at java.base/java.util.stream.ForEachOps$ForEachOp.evaluateSequential(ForEachOps.java:150) ~[?:?]
	at java.base/java.util.stream.ForEachOps$ForEachOp$OfRef.evaluateSequential(ForEachOps.java:173) ~[?:?]
	at java.base/java.util.stream.AbstractPipeline.evaluate(AbstractPipeline.java:234) ~[?:?]
	at java.base/java.util.stream.ReferencePipeline.forEach(ReferencePipeline.java:596) ~[?:?]
	at org.junit.jupiter.engine.descriptor.ClassBasedTestDescriptor.invokeTestInstancePostProcessors(ClassBasedTestDescriptor.java:377) ~[junit-jupiter-engine-5.11.4.jar:5.11.4]
	at org.junit.jupiter.engine.descriptor.ClassBasedTestDescriptor.lambda$instantiateAndPostProcessTestInstance$7(ClassBasedTestDescriptor.java:290) ~[junit-jupiter-engine-5.11.4.jar:5.11.4]
	at org.junit.platform.engine.support.hierarchical.ThrowableCollector.execute(ThrowableCollector.java:73) ~[junit-platform-engine-1.11.4.jar:1.11.4]
	at org.junit.jupiter.engine.descriptor.ClassBasedTestDescriptor.instantiateAndPostProcessTestInstance(ClassBasedTestDescriptor.java:289) ~[junit-jupiter-engine-5.11.4.jar:5.11.4]
	at org.junit.jupiter.engine.descriptor.ClassBasedTestDescriptor.lambda$testInstancesProvider$5(ClassBasedTestDescriptor.java:279) ~[junit-jupiter-engine-5.11.4.jar:5.11.4]
	at java.base/java.util.Optional.orElseGet(Optional.java:364) ~[?:?]
	at org.junit.jupiter.engine.descriptor.ClassBasedTestDescriptor.lambda$testInstancesProvider$6(ClassBasedTestDescriptor.java:278) ~[junit-jupiter-engine-5.11.4.jar:5.11.4]
	at org.junit.jupiter.engine.execution.TestInstancesProvider.getTestInstances(TestInstancesProvider.java:31) ~[junit-jupiter-engine-5.11.4.jar:5.11.4]
	at org.junit.jupiter.engine.descriptor.TestMethodTestDescriptor.lambda$prepare$1(TestMethodTestDescriptor.java:105) ~[junit-jupiter-engine-5.11.4.jar:5.11.4]
	at org.junit.platform.engine.support.hierarchical.ThrowableCollector.execute(ThrowableCollector.java:73) ~[junit-platform-engine-1.11.4.jar:1.11.4]
	at org.junit.jupiter.engine.descriptor.TestMethodTestDescriptor.prepare(TestMethodTestDescriptor.java:104) ~[junit-jupiter-engine-5.11.4.jar:5.11.4]
	at org.junit.jupiter.engine.descriptor.TestMethodTestDescriptor.prepare(TestMethodTestDescriptor.java:68) ~[junit-jupiter-engine-5.11.4.jar:5.11.4]
	at org.junit.platform.engine.support.hierarchical.NodeTestTask.lambda$prepare$2(NodeTestTask.java:128) ~[junit-platform-engine-1.11.4.jar:1.11.4]
	at org.junit.platform.engine.support.hierarchical.ThrowableCollector.execute(ThrowableCollector.java:73) ~[junit-platform-engine-1.11.4.jar:1.11.4]
	at org.junit.platform.engine.support.hierarchical.NodeTestTask.prepare(NodeTestTask.java:128) ~[junit-platform-engine-1.11.4.jar:1.11.4]
	at org.junit.platform.engine.support.hierarchical.NodeTestTask.execute(NodeTestTask.java:95) ~[junit-platform-engine-1.11.4.jar:1.11.4]
	at java.base/java.util.ArrayList.forEach(ArrayList.java:1511) ~[?:?]
	at org.junit.platform.engine.support.hierarchical.SameThreadHierarchicalTestExecutorService.invokeAll(SameThreadHierarchicalTestExecutorService.java:41) ~[junit-platform-engine-1.11.4.jar:1.11.4]
	at org.junit.platform.engine.support.hierarchical.NodeTestTask.lambda$executeRecursively$6(NodeTestTask.java:160) ~[junit-platform-engine-1.11.4.jar:1.11.4]
	at org.junit.platform.engine.support.hierarchical.ThrowableCollector.execute(ThrowableCollector.java:73) ~[junit-platform-engine-1.11.4.jar:1.11.4]
	at org.junit.platform.engine.support.hierarchical.NodeTestTask.lambda$executeRecursively$8(NodeTestTask.java:146) ~[junit-platform-engine-1.11.4.jar:1.11.4]
	at org.junit.platform.engine.support.hierarchical.Node.around(Node.java:137) ~[junit-platform-engine-1.11.4.jar:1.11.4]
	at org.junit.platform.engine.support.hierarchical.NodeTestTask.lambda$executeRecursively$9(NodeTestTask.java:144) ~[junit-platform-engine-1.11.4.jar:1.11.4]
	at org.junit.platform.engine.support.hierarchical.ThrowableCollector.execute(ThrowableCollector.java:73) ~[junit-platform-engine-1.11.4.jar:1.11.4]
	at org.junit.platform.engine.support.hierarchical.NodeTestTask.executeRecursively(NodeTestTask.java:143) ~[junit-platform-engine-1.11.4.jar:1.11.4]
	at org.junit.platform.engine.support.hierarchical.NodeTestTask.execute(NodeTestTask.java:100) ~[junit-platform-engine-1.11.4.jar:1.11.4]
	at java.base/java.util.ArrayList.forEach(ArrayList.java:1511) ~[?:?]
	at org.junit.platform.engine.support.hierarchical.SameThreadHierarchicalTestExecutorService.invokeAll(SameThreadHierarchicalTestExecutorService.java:41) ~[junit-platform-engine-1.11.4.jar:1.11.4]
	at org.junit.platform.engine.support.hierarchical.NodeTestTask.lambda$executeRecursively$6(NodeTestTask.java:160) ~[junit-platform-engine-1.11.4.jar:1.11.4]
	at org.junit.platform.engine.support.hierarchical.ThrowableCollector.execute(ThrowableCollector.java:73) ~[junit-platform-engine-1.11.4.jar:1.11.4]
	at org.junit.platform.engine.support.hierarchical.NodeTestTask.lambda$executeRecursively$8(NodeTestTask.java:146) ~[junit-platform-engine-1.11.4.jar:1.11.4]
	at org.junit.platform.engine.support.hierarchical.Node.around(Node.java:137) ~[junit-platform-engine-1.11.4.jar:1.11.4]
	at org.junit.platform.engine.support.hierarchical.NodeTestTask.lambda$executeRecursively$9(NodeTestTask.java:144) ~[junit-platform-engine-1.11.4.jar:1.11.4]
	at org.junit.platform.engine.support.hierarchical.ThrowableCollector.execute(ThrowableCollector.java:73) ~[junit-platform-engine-1.11.4.jar:1.11.4]
	at org.junit.platform.engine.support.hierarchical.NodeTestTask.executeRecursively(NodeTestTask.java:143) ~[junit-platform-engine-1.11.4.jar:1.11.4]
	at org.junit.platform.engine.support.hierarchical.NodeTestTask.execute(NodeTestTask.java:100) ~[junit-platform-engine-1.11.4.jar:1.11.4]
	at org.junit.platform.engine.support.hierarchical.SameThreadHierarchicalTestExecutorService.submit(SameThreadHierarchicalTestExecutorService.java:35) ~[junit-platform-engine-1.11.4.jar:1.11.4]
	at org.junit.platform.engine.support.hierarchical.HierarchicalTestExecutor.execute(HierarchicalTestExecutor.java:57) ~[junit-platform-engine-1.11.4.jar:1.11.4]
	at org.junit.platform.engine.support.hierarchical.HierarchicalTestEngine.execute(HierarchicalTestEngine.java:54) ~[junit-platform-engine-1.11.4.jar:1.11.4]
	at org.junit.platform.launcher.core.EngineExecutionOrchestrator.execute(EngineExecutionOrchestrator.java:198) ~[junit-platform-launcher-1.11.4.jar:1.11.4]
	at org.junit.platform.launcher.core.EngineExecutionOrchestrator.execute(EngineExecutionOrchestrator.java:169) ~[junit-platform-launcher-1.11.4.jar:1.11.4]
	at org.junit.platform.launcher.core.EngineExecutionOrchestrator.execute(EngineExecutionOrchestrator.java:93) ~[junit-platform-launcher-1.11.4.jar:1.11.4]
	at org.junit.platform.launcher.core.EngineExecutionOrchestrator.lambda$execute$0(EngineExecutionOrchestrator.java:58) ~[junit-platform-launcher-1.11.4.jar:1.11.4]
	at org.junit.platform.launcher.core.EngineExecutionOrchestrator.withInterceptedStreams(EngineExecutionOrchestrator.java:141) [junit-platform-launcher-1.11.4.jar:1.11.4]
	at org.junit.platform.launcher.core.EngineExecutionOrchestrator.execute(EngineExecutionOrchestrator.java:57) [junit-platform-launcher-1.11.4.jar:1.11.4]
	at org.junit.platform.launcher.core.DefaultLauncher.execute(DefaultLauncher.java:103) [junit-platform-launcher-1.11.4.jar:1.11.4]
	at org.junit.platform.launcher.core.DefaultLauncher.execute(DefaultLauncher.java:85) [junit-platform-launcher-1.11.4.jar:1.11.4]
	at org.junit.platform.launcher.core.DelegatingLauncher.execute(DelegatingLauncher.java:47) [junit-platform-launcher-1.11.4.jar:1.11.4]
	at org.apache.maven.surefire.junitplatform.LazyLauncher.execute(LazyLauncher.java:56) [surefire-junit-platform-3.5.2.jar:3.5.2]
	at org.apache.maven.surefire.junitplatform.JUnitPlatformProvider.execute(JUnitPlatformProvider.java:184) [surefire-junit-platform-3.5.2.jar:3.5.2]
	at org.apache.maven.surefire.junitplatform.JUnitPlatformProvider.invokeAllTests(JUnitPlatformProvider.java:148) [surefire-junit-platform-3.5.2.jar:3.5.2]
	at org.apache.maven.surefire.junitplatform.JUnitPlatformProvider.invoke(JUnitPlatformProvider.java:122) [surefire-junit-platform-3.5.2.jar:3.5.2]
	at org.apache.maven.surefire.booter.ForkedBooter.runSuitesInProcess(ForkedBooter.java:385) [surefire-booter-3.5.2.jar:3.5.2]
	at org.apache.maven.surefire.booter.ForkedBooter.execute(ForkedBooter.java:162) [surefire-booter-3.5.2.jar:3.5.2]
	at org.apache.maven.surefire.booter.ForkedBooter.run(ForkedBooter.java:507) [surefire-booter-3.5.2.jar:3.5.2]
	at org.apache.maven.surefire.booter.ForkedBooter.main(ForkedBooter.java:495) [surefire-booter-3.5.2.jar:3.5.2]
2025-06-13 17:24:43.068 [main] DEBUG org.springframework.data.jpa.repository.query.NamedQuery - Did not find named query Trainer.getTrainerById
2025-06-13 17:24:43.068 [main] DEBUG org.springframework.orm.jpa.SharedEntityManagerCreator$SharedEntityManagerInvocationHandler - Creating new EntityManager for shared EntityManager invocation
2025-06-13 17:24:43.069 [main] DEBUG org.hibernate.resource.transaction.backend.jdbc.internal.JdbcResourceLocalTransactionCoordinatorImpl - JDBC transaction marked for rollback-only (exception provided for stack trace)
java.lang.Exception: exception just for purpose of providing stack trace
	at org.hibernate.resource.transaction.backend.jdbc.internal.JdbcResourceLocalTransactionCoordinatorImpl$TransactionDriverControlImpl.markRollbackOnly(JdbcResourceLocalTransactionCoordinatorImpl.java:309) ~[hibernate-core-6.6.8.Final.jar:6.6.8.Final]
	at org.hibernate.internal.AbstractSharedSessionContract.buildNamedQuery(AbstractSharedSessionContract.java:1141) ~[hibernate-core-6.6.8.Final.jar:6.6.8.Final]
	at org.hibernate.internal.AbstractSharedSessionContract.createNamedQuery(AbstractSharedSessionContract.java:1019) ~[hibernate-core-6.6.8.Final.jar:6.6.8.Final]
	at org.hibernate.internal.AbstractSharedSessionContract.createNamedQuery(AbstractSharedSessionContract.java:143) ~[hibernate-core-6.6.8.Final.jar:6.6.8.Final]
	at jdk.internal.reflect.GeneratedMethodAccessor95.invoke(Unknown Source) ~[?:?]
	at java.base/jdk.internal.reflect.DelegatingMethodAccessorImpl.invoke(DelegatingMethodAccessorImpl.java:43) ~[?:?]
	at java.base/java.lang.reflect.Method.invoke(Method.java:569) ~[?:?]
	at org.springframework.orm.jpa.ExtendedEntityManagerCreator$ExtendedEntityManagerInvocationHandler.invoke(ExtendedEntityManagerCreator.java:364) ~[spring-orm-6.2.3.jar:6.2.3]
	at jdk.proxy2/jdk.proxy2.$Proxy233.createNamedQuery(Unknown Source) ~[?:?]
	at org.springframework.data.jpa.repository.query.NamedQuery.hasNamedQuery(NamedQuery.java:114) ~[spring-data-jpa-3.4.3.jar:3.4.3]
	at org.springframework.data.jpa.repository.query.JpaQueryLookupStrategy$DeclaredQueryLookupStrategy.getCountQuery(JpaQueryLookupStrategy.java:208) ~[spring-data-jpa-3.4.3.jar:3.4.3]
	at org.springframework.data.jpa.repository.query.JpaQueryLookupStrategy$DeclaredQueryLookupStrategy.resolveQuery(JpaQueryLookupStrategy.java:175) ~[spring-data-jpa-3.4.3.jar:3.4.3]
	at org.springframework.data.jpa.repository.query.JpaQueryLookupStrategy$CreateIfNotFoundQueryLookupStrategy.resolveQuery(JpaQueryLookupStrategy.java:256) ~[spring-data-jpa-3.4.3.jar:3.4.3]
	at org.springframework.data.jpa.repository.query.JpaQueryLookupStrategy$AbstractQueryLookupStrategy.resolveQuery(JpaQueryLookupStrategy.java:99) ~[spring-data-jpa-3.4.3.jar:3.4.3]
	at org.springframework.data.repository.core.support.QueryExecutorMethodInterceptor.lookupQuery(QueryExecutorMethodInterceptor.java:116) ~[spring-data-commons-3.4.3.jar:3.4.3]
	at org.springframework.data.repository.core.support.QueryExecutorMethodInterceptor.mapMethodsToQuery(QueryExecutorMethodInterceptor.java:104) ~[spring-data-commons-3.4.3.jar:3.4.3]
	at org.springframework.data.repository.core.support.QueryExecutorMethodInterceptor.lambda$new$0(QueryExecutorMethodInterceptor.java:92) ~[spring-data-commons-3.4.3.jar:3.4.3]
	at java.base/java.util.Optional.map(Optional.java:260) ~[?:?]
	at org.springframework.data.repository.core.support.QueryExecutorMethodInterceptor.<init>(QueryExecutorMethodInterceptor.java:92) ~[spring-data-commons-3.4.3.jar:3.4.3]
	at org.springframework.data.repository.core.support.RepositoryFactorySupport.getRepository(RepositoryFactorySupport.java:440) ~[spring-data-commons-3.4.3.jar:3.4.3]
	at org.springframework.data.repository.core.support.RepositoryFactoryBeanSupport.lambda$afterPropertiesSet$4(RepositoryFactoryBeanSupport.java:350) ~[spring-data-commons-3.4.3.jar:3.4.3]
	at org.springframework.data.util.Lazy.getNullable(Lazy.java:135) ~[spring-data-commons-3.4.3.jar:3.4.3]
	at org.springframework.data.util.Lazy.get(Lazy.java:113) ~[spring-data-commons-3.4.3.jar:3.4.3]
	at org.springframework.data.repository.core.support.RepositoryFactoryBeanSupport.afterPropertiesSet(RepositoryFactoryBeanSupport.java:356) ~[spring-data-commons-3.4.3.jar:3.4.3]
	at org.springframework.data.jpa.repository.support.JpaRepositoryFactoryBean.afterPropertiesSet(JpaRepositoryFactoryBean.java:132) ~[spring-data-jpa-3.4.3.jar:3.4.3]
	at org.springframework.beans.factory.support.AbstractAutowireCapableBeanFactory.invokeInitMethods(AbstractAutowireCapableBeanFactory.java:1859) ~[spring-beans-6.2.3.jar:6.2.3]
	at org.springframework.beans.factory.support.AbstractAutowireCapableBeanFactory.initializeBean(AbstractAutowireCapableBeanFactory.java:1808) ~[spring-beans-6.2.3.jar:6.2.3]
	at org.springframework.beans.factory.support.AbstractAutowireCapableBeanFactory.doCreateBean(AbstractAutowireCapableBeanFactory.java:601) ~[spring-beans-6.2.3.jar:6.2.3]
	at org.springframework.beans.factory.support.AbstractAutowireCapableBeanFactory.createBean(AbstractAutowireCapableBeanFactory.java:523) ~[spring-beans-6.2.3.jar:6.2.3]
	at org.springframework.beans.factory.support.AbstractBeanFactory.lambda$doGetBean$0(AbstractBeanFactory.java:339) ~[spring-beans-6.2.3.jar:6.2.3]
	at org.springframework.beans.factory.support.DefaultSingletonBeanRegistry.getSingleton(DefaultSingletonBeanRegistry.java:346) ~[spring-beans-6.2.3.jar:6.2.3]
	at org.springframework.beans.factory.support.AbstractBeanFactory.doGetBean(AbstractBeanFactory.java:337) ~[spring-beans-6.2.3.jar:6.2.3]
	at org.springframework.beans.factory.support.AbstractBeanFactory.getBean(AbstractBeanFactory.java:202) ~[spring-beans-6.2.3.jar:6.2.3]
	at org.springframework.beans.factory.support.DefaultListableBeanFactory.doResolveDependency(DefaultListableBeanFactory.java:1606) ~[spring-beans-6.2.3.jar:6.2.3]
	at org.springframework.beans.factory.support.DefaultListableBeanFactory.resolveDependency(DefaultListableBeanFactory.java:1552) ~[spring-beans-6.2.3.jar:6.2.3]
	at org.springframework.beans.factory.support.ConstructorResolver.resolveAutowiredArgument(ConstructorResolver.java:913) ~[spring-beans-6.2.3.jar:6.2.3]
	at org.springframework.beans.factory.support.ConstructorResolver.createArgumentArray(ConstructorResolver.java:791) ~[spring-beans-6.2.3.jar:6.2.3]
	at org.springframework.beans.factory.support.ConstructorResolver.autowireConstructor(ConstructorResolver.java:240) ~[spring-beans-6.2.3.jar:6.2.3]
	at org.springframework.beans.factory.support.AbstractAutowireCapableBeanFactory.autowireConstructor(AbstractAutowireCapableBeanFactory.java:1381) ~[spring-beans-6.2.3.jar:6.2.3]
	at org.springframework.beans.factory.support.AbstractAutowireCapableBeanFactory.createBeanInstance(AbstractAutowireCapableBeanFactory.java:1218) ~[spring-beans-6.2.3.jar:6.2.3]
	at org.springframework.beans.factory.support.AbstractAutowireCapableBeanFactory.doCreateBean(AbstractAutowireCapableBeanFactory.java:563) ~[spring-beans-6.2.3.jar:6.2.3]
	at org.springframework.beans.factory.support.AbstractAutowireCapableBeanFactory.createBean(AbstractAutowireCapableBeanFactory.java:523) ~[spring-beans-6.2.3.jar:6.2.3]
	at org.springframework.beans.factory.support.AbstractBeanFactory.lambda$doGetBean$0(AbstractBeanFactory.java:339) ~[spring-beans-6.2.3.jar:6.2.3]
	at org.springframework.beans.factory.support.DefaultSingletonBeanRegistry.getSingleton(DefaultSingletonBeanRegistry.java:346) ~[spring-beans-6.2.3.jar:6.2.3]
	at org.springframework.beans.factory.support.AbstractBeanFactory.doGetBean(AbstractBeanFactory.java:337) ~[spring-beans-6.2.3.jar:6.2.3]
	at org.springframework.beans.factory.support.AbstractBeanFactory.getBean(AbstractBeanFactory.java:202) ~[spring-beans-6.2.3.jar:6.2.3]
	at org.springframework.beans.factory.config.DependencyDescriptor.resolveCandidate(DependencyDescriptor.java:254) ~[spring-beans-6.2.3.jar:6.2.3]
	at org.springframework.beans.factory.support.DefaultListableBeanFactory.doResolveDependency(DefaultListableBeanFactory.java:1664) ~[spring-beans-6.2.3.jar:6.2.3]
	at org.springframework.beans.factory.support.DefaultListableBeanFactory.resolveDependency(DefaultListableBeanFactory.java:1552) ~[spring-beans-6.2.3.jar:6.2.3]
	at org.springframework.beans.factory.support.ConstructorResolver.resolveAutowiredArgument(ConstructorResolver.java:913) ~[spring-beans-6.2.3.jar:6.2.3]
	at org.springframework.beans.factory.support.ConstructorResolver.createArgumentArray(ConstructorResolver.java:791) ~[spring-beans-6.2.3.jar:6.2.3]
	at org.springframework.beans.factory.support.ConstructorResolver.autowireConstructor(ConstructorResolver.java:240) ~[spring-beans-6.2.3.jar:6.2.3]
	at org.springframework.beans.factory.support.AbstractAutowireCapableBeanFactory.autowireConstructor(AbstractAutowireCapableBeanFactory.java:1381) ~[spring-beans-6.2.3.jar:6.2.3]
	at org.springframework.beans.factory.support.AbstractAutowireCapableBeanFactory.createBeanInstance(AbstractAutowireCapableBeanFactory.java:1218) ~[spring-beans-6.2.3.jar:6.2.3]
	at org.springframework.beans.factory.support.AbstractAutowireCapableBeanFactory.doCreateBean(AbstractAutowireCapableBeanFactory.java:563) ~[spring-beans-6.2.3.jar:6.2.3]
	at org.springframework.beans.factory.support.AbstractAutowireCapableBeanFactory.createBean(AbstractAutowireCapableBeanFactory.java:523) ~[spring-beans-6.2.3.jar:6.2.3]
	at org.springframework.beans.factory.support.AbstractBeanFactory.lambda$doGetBean$0(AbstractBeanFactory.java:339) ~[spring-beans-6.2.3.jar:6.2.3]
	at org.springframework.beans.factory.support.DefaultSingletonBeanRegistry.getSingleton(DefaultSingletonBeanRegistry.java:346) ~[spring-beans-6.2.3.jar:6.2.3]
	at org.springframework.beans.factory.support.AbstractBeanFactory.doGetBean(AbstractBeanFactory.java:337) ~[spring-beans-6.2.3.jar:6.2.3]
	at org.springframework.beans.factory.support.AbstractBeanFactory.getBean(AbstractBeanFactory.java:202) ~[spring-beans-6.2.3.jar:6.2.3]
	at org.springframework.beans.factory.support.DefaultListableBeanFactory.instantiateSingleton(DefaultListableBeanFactory.java:1155) ~[spring-beans-6.2.3.jar:6.2.3]
	at org.springframework.beans.factory.support.DefaultListableBeanFactory.preInstantiateSingleton(DefaultListableBeanFactory.java:1121) ~[spring-beans-6.2.3.jar:6.2.3]
	at org.springframework.beans.factory.support.DefaultListableBeanFactory.preInstantiateSingletons(DefaultListableBeanFactory.java:1056) ~[spring-beans-6.2.3.jar:6.2.3]
	at org.springframework.context.support.AbstractApplicationContext.finishBeanFactoryInitialization(AbstractApplicationContext.java:987) ~[spring-context-6.2.3.jar:6.2.3]
	at org.springframework.context.support.AbstractApplicationContext.refresh(AbstractApplicationContext.java:627) ~[spring-context-6.2.3.jar:6.2.3]
	at org.springframework.boot.SpringApplication.refresh(SpringApplication.java:752) ~[spring-boot-3.4.3.jar:3.4.3]
	at org.springframework.boot.SpringApplication.refreshContext(SpringApplication.java:439) ~[spring-boot-3.4.3.jar:3.4.3]
	at org.springframework.boot.SpringApplication.run(SpringApplication.java:318) ~[spring-boot-3.4.3.jar:3.4.3]
	at org.springframework.boot.test.context.SpringBootContextLoader.lambda$loadContext$3(SpringBootContextLoader.java:137) ~[spring-boot-test-3.4.3.jar:3.4.3]
	at org.springframework.util.function.ThrowingSupplier.get(ThrowingSupplier.java:58) ~[spring-core-6.2.3.jar:6.2.3]
	at org.springframework.util.function.ThrowingSupplier.get(ThrowingSupplier.java:46) ~[spring-core-6.2.3.jar:6.2.3]
	at org.springframework.boot.SpringApplication.withHook(SpringApplication.java:1461) ~[spring-boot-3.4.3.jar:3.4.3]
	at org.springframework.boot.test.context.SpringBootContextLoader$ContextLoaderHook.run(SpringBootContextLoader.java:553) ~[spring-boot-test-3.4.3.jar:3.4.3]
	at org.springframework.boot.test.context.SpringBootContextLoader.loadContext(SpringBootContextLoader.java:137) ~[spring-boot-test-3.4.3.jar:3.4.3]
	at org.springframework.boot.test.context.SpringBootContextLoader.loadContext(SpringBootContextLoader.java:108) ~[spring-boot-test-3.4.3.jar:3.4.3]
	at org.springframework.test.context.cache.DefaultCacheAwareContextLoaderDelegate.loadContextInternal(DefaultCacheAwareContextLoaderDelegate.java:225) ~[spring-test-6.2.3.jar:6.2.3]
	at org.springframework.test.context.cache.DefaultCacheAwareContextLoaderDelegate.loadContext(DefaultCacheAwareContextLoaderDelegate.java:152) ~[spring-test-6.2.3.jar:6.2.3]
	at org.springframework.test.context.support.DefaultTestContext.getApplicationContext(DefaultTestContext.java:130) ~[spring-test-6.2.3.jar:6.2.3]
	at org.springframework.test.context.web.ServletTestExecutionListener.setUpRequestContextIfNecessary(ServletTestExecutionListener.java:200) ~[spring-test-6.2.3.jar:6.2.3]
	at org.springframework.test.context.web.ServletTestExecutionListener.prepareTestInstance(ServletTestExecutionListener.java:139) ~[spring-test-6.2.3.jar:6.2.3]
	at org.springframework.test.context.TestContextManager.prepareTestInstance(TestContextManager.java:260) ~[spring-test-6.2.3.jar:6.2.3]
	at org.springframework.test.context.junit.jupiter.SpringExtension.postProcessTestInstance(SpringExtension.java:160) ~[spring-test-6.2.3.jar:6.2.3]
	at org.junit.jupiter.engine.descriptor.ClassBasedTestDescriptor.lambda$invokeTestInstancePostProcessors$11(ClassBasedTestDescriptor.java:378) ~[junit-jupiter-engine-5.11.4.jar:5.11.4]
	at org.junit.jupiter.engine.descriptor.ClassBasedTestDescriptor.executeAndMaskThrowable(ClassBasedTestDescriptor.java:383) ~[junit-jupiter-engine-5.11.4.jar:5.11.4]
	at org.junit.jupiter.engine.descriptor.ClassBasedTestDescriptor.lambda$invokeTestInstancePostProcessors$12(ClassBasedTestDescriptor.java:378) ~[junit-jupiter-engine-5.11.4.jar:5.11.4]
	at java.base/java.util.stream.ForEachOps$ForEachOp$OfRef.accept(ForEachOps.java:183) ~[?:?]
	at java.base/java.util.stream.ReferencePipeline$3$1.accept(ReferencePipeline.java:197) ~[?:?]
	at java.base/java.util.stream.ReferencePipeline$2$1.accept(ReferencePipeline.java:179) ~[?:?]
	at java.base/java.util.stream.ReferencePipeline$3$1.accept(ReferencePipeline.java:197) ~[?:?]
	at java.base/java.util.ArrayList$ArrayListSpliterator.forEachRemaining(ArrayList.java:1625) ~[?:?]
	at java.base/java.util.stream.AbstractPipeline.copyInto(AbstractPipeline.java:509) ~[?:?]
	at java.base/java.util.stream.AbstractPipeline.wrapAndCopyInto(AbstractPipeline.java:499) ~[?:?]
	at java.base/java.util.stream.ForEachOps$ForEachOp.evaluateSequential(ForEachOps.java:150) ~[?:?]
	at java.base/java.util.stream.ForEachOps$ForEachOp$OfRef.evaluateSequential(ForEachOps.java:173) ~[?:?]
	at java.base/java.util.stream.AbstractPipeline.evaluate(AbstractPipeline.java:234) ~[?:?]
	at java.base/java.util.stream.ReferencePipeline.forEach(ReferencePipeline.java:596) ~[?:?]
	at org.junit.jupiter.engine.descriptor.ClassBasedTestDescriptor.invokeTestInstancePostProcessors(ClassBasedTestDescriptor.java:377) ~[junit-jupiter-engine-5.11.4.jar:5.11.4]
	at org.junit.jupiter.engine.descriptor.ClassBasedTestDescriptor.lambda$instantiateAndPostProcessTestInstance$7(ClassBasedTestDescriptor.java:290) ~[junit-jupiter-engine-5.11.4.jar:5.11.4]
	at org.junit.platform.engine.support.hierarchical.ThrowableCollector.execute(ThrowableCollector.java:73) ~[junit-platform-engine-1.11.4.jar:1.11.4]
	at org.junit.jupiter.engine.descriptor.ClassBasedTestDescriptor.instantiateAndPostProcessTestInstance(ClassBasedTestDescriptor.java:289) ~[junit-jupiter-engine-5.11.4.jar:5.11.4]
	at org.junit.jupiter.engine.descriptor.ClassBasedTestDescriptor.lambda$testInstancesProvider$5(ClassBasedTestDescriptor.java:279) ~[junit-jupiter-engine-5.11.4.jar:5.11.4]
	at java.base/java.util.Optional.orElseGet(Optional.java:364) ~[?:?]
	at org.junit.jupiter.engine.descriptor.ClassBasedTestDescriptor.lambda$testInstancesProvider$6(ClassBasedTestDescriptor.java:278) ~[junit-jupiter-engine-5.11.4.jar:5.11.4]
	at org.junit.jupiter.engine.execution.TestInstancesProvider.getTestInstances(TestInstancesProvider.java:31) ~[junit-jupiter-engine-5.11.4.jar:5.11.4]
	at org.junit.jupiter.engine.descriptor.TestMethodTestDescriptor.lambda$prepare$1(TestMethodTestDescriptor.java:105) ~[junit-jupiter-engine-5.11.4.jar:5.11.4]
	at org.junit.platform.engine.support.hierarchical.ThrowableCollector.execute(ThrowableCollector.java:73) ~[junit-platform-engine-1.11.4.jar:1.11.4]
	at org.junit.jupiter.engine.descriptor.TestMethodTestDescriptor.prepare(TestMethodTestDescriptor.java:104) ~[junit-jupiter-engine-5.11.4.jar:5.11.4]
	at org.junit.jupiter.engine.descriptor.TestMethodTestDescriptor.prepare(TestMethodTestDescriptor.java:68) ~[junit-jupiter-engine-5.11.4.jar:5.11.4]
	at org.junit.platform.engine.support.hierarchical.NodeTestTask.lambda$prepare$2(NodeTestTask.java:128) ~[junit-platform-engine-1.11.4.jar:1.11.4]
	at org.junit.platform.engine.support.hierarchical.ThrowableCollector.execute(ThrowableCollector.java:73) ~[junit-platform-engine-1.11.4.jar:1.11.4]
	at org.junit.platform.engine.support.hierarchical.NodeTestTask.prepare(NodeTestTask.java:128) ~[junit-platform-engine-1.11.4.jar:1.11.4]
	at org.junit.platform.engine.support.hierarchical.NodeTestTask.execute(NodeTestTask.java:95) ~[junit-platform-engine-1.11.4.jar:1.11.4]
	at java.base/java.util.ArrayList.forEach(ArrayList.java:1511) ~[?:?]
	at org.junit.platform.engine.support.hierarchical.SameThreadHierarchicalTestExecutorService.invokeAll(SameThreadHierarchicalTestExecutorService.java:41) ~[junit-platform-engine-1.11.4.jar:1.11.4]
	at org.junit.platform.engine.support.hierarchical.NodeTestTask.lambda$executeRecursively$6(NodeTestTask.java:160) ~[junit-platform-engine-1.11.4.jar:1.11.4]
	at org.junit.platform.engine.support.hierarchical.ThrowableCollector.execute(ThrowableCollector.java:73) ~[junit-platform-engine-1.11.4.jar:1.11.4]
	at org.junit.platform.engine.support.hierarchical.NodeTestTask.lambda$executeRecursively$8(NodeTestTask.java:146) ~[junit-platform-engine-1.11.4.jar:1.11.4]
	at org.junit.platform.engine.support.hierarchical.Node.around(Node.java:137) ~[junit-platform-engine-1.11.4.jar:1.11.4]
	at org.junit.platform.engine.support.hierarchical.NodeTestTask.lambda$executeRecursively$9(NodeTestTask.java:144) ~[junit-platform-engine-1.11.4.jar:1.11.4]
	at org.junit.platform.engine.support.hierarchical.ThrowableCollector.execute(ThrowableCollector.java:73) ~[junit-platform-engine-1.11.4.jar:1.11.4]
	at org.junit.platform.engine.support.hierarchical.NodeTestTask.executeRecursively(NodeTestTask.java:143) ~[junit-platform-engine-1.11.4.jar:1.11.4]
	at org.junit.platform.engine.support.hierarchical.NodeTestTask.execute(NodeTestTask.java:100) ~[junit-platform-engine-1.11.4.jar:1.11.4]
	at java.base/java.util.ArrayList.forEach(ArrayList.java:1511) ~[?:?]
	at org.junit.platform.engine.support.hierarchical.SameThreadHierarchicalTestExecutorService.invokeAll(SameThreadHierarchicalTestExecutorService.java:41) ~[junit-platform-engine-1.11.4.jar:1.11.4]
	at org.junit.platform.engine.support.hierarchical.NodeTestTask.lambda$executeRecursively$6(NodeTestTask.java:160) ~[junit-platform-engine-1.11.4.jar:1.11.4]
	at org.junit.platform.engine.support.hierarchical.ThrowableCollector.execute(ThrowableCollector.java:73) ~[junit-platform-engine-1.11.4.jar:1.11.4]
	at org.junit.platform.engine.support.hierarchical.NodeTestTask.lambda$executeRecursively$8(NodeTestTask.java:146) ~[junit-platform-engine-1.11.4.jar:1.11.4]
	at org.junit.platform.engine.support.hierarchical.Node.around(Node.java:137) ~[junit-platform-engine-1.11.4.jar:1.11.4]
	at org.junit.platform.engine.support.hierarchical.NodeTestTask.lambda$executeRecursively$9(NodeTestTask.java:144) ~[junit-platform-engine-1.11.4.jar:1.11.4]
	at org.junit.platform.engine.support.hierarchical.ThrowableCollector.execute(ThrowableCollector.java:73) ~[junit-platform-engine-1.11.4.jar:1.11.4]
	at org.junit.platform.engine.support.hierarchical.NodeTestTask.executeRecursively(NodeTestTask.java:143) ~[junit-platform-engine-1.11.4.jar:1.11.4]
	at org.junit.platform.engine.support.hierarchical.NodeTestTask.execute(NodeTestTask.java:100) ~[junit-platform-engine-1.11.4.jar:1.11.4]
	at org.junit.platform.engine.support.hierarchical.SameThreadHierarchicalTestExecutorService.submit(SameThreadHierarchicalTestExecutorService.java:35) ~[junit-platform-engine-1.11.4.jar:1.11.4]
	at org.junit.platform.engine.support.hierarchical.HierarchicalTestExecutor.execute(HierarchicalTestExecutor.java:57) ~[junit-platform-engine-1.11.4.jar:1.11.4]
	at org.junit.platform.engine.support.hierarchical.HierarchicalTestEngine.execute(HierarchicalTestEngine.java:54) ~[junit-platform-engine-1.11.4.jar:1.11.4]
	at org.junit.platform.launcher.core.EngineExecutionOrchestrator.execute(EngineExecutionOrchestrator.java:198) ~[junit-platform-launcher-1.11.4.jar:1.11.4]
	at org.junit.platform.launcher.core.EngineExecutionOrchestrator.execute(EngineExecutionOrchestrator.java:169) ~[junit-platform-launcher-1.11.4.jar:1.11.4]
	at org.junit.platform.launcher.core.EngineExecutionOrchestrator.execute(EngineExecutionOrchestrator.java:93) ~[junit-platform-launcher-1.11.4.jar:1.11.4]
	at org.junit.platform.launcher.core.EngineExecutionOrchestrator.lambda$execute$0(EngineExecutionOrchestrator.java:58) ~[junit-platform-launcher-1.11.4.jar:1.11.4]
	at org.junit.platform.launcher.core.EngineExecutionOrchestrator.withInterceptedStreams(EngineExecutionOrchestrator.java:141) [junit-platform-launcher-1.11.4.jar:1.11.4]
	at org.junit.platform.launcher.core.EngineExecutionOrchestrator.execute(EngineExecutionOrchestrator.java:57) [junit-platform-launcher-1.11.4.jar:1.11.4]
	at org.junit.platform.launcher.core.DefaultLauncher.execute(DefaultLauncher.java:103) [junit-platform-launcher-1.11.4.jar:1.11.4]
	at org.junit.platform.launcher.core.DefaultLauncher.execute(DefaultLauncher.java:85) [junit-platform-launcher-1.11.4.jar:1.11.4]
	at org.junit.platform.launcher.core.DelegatingLauncher.execute(DelegatingLauncher.java:47) [junit-platform-launcher-1.11.4.jar:1.11.4]
	at org.apache.maven.surefire.junitplatform.LazyLauncher.execute(LazyLauncher.java:56) [surefire-junit-platform-3.5.2.jar:3.5.2]
	at org.apache.maven.surefire.junitplatform.JUnitPlatformProvider.execute(JUnitPlatformProvider.java:184) [surefire-junit-platform-3.5.2.jar:3.5.2]
	at org.apache.maven.surefire.junitplatform.JUnitPlatformProvider.invokeAllTests(JUnitPlatformProvider.java:148) [surefire-junit-platform-3.5.2.jar:3.5.2]
	at org.apache.maven.surefire.junitplatform.JUnitPlatformProvider.invoke(JUnitPlatformProvider.java:122) [surefire-junit-platform-3.5.2.jar:3.5.2]
	at org.apache.maven.surefire.booter.ForkedBooter.runSuitesInProcess(ForkedBooter.java:385) [surefire-booter-3.5.2.jar:3.5.2]
	at org.apache.maven.surefire.booter.ForkedBooter.execute(ForkedBooter.java:162) [surefire-booter-3.5.2.jar:3.5.2]
	at org.apache.maven.surefire.booter.ForkedBooter.run(ForkedBooter.java:507) [surefire-booter-3.5.2.jar:3.5.2]
	at org.apache.maven.surefire.booter.ForkedBooter.main(ForkedBooter.java:495) [surefire-booter-3.5.2.jar:3.5.2]
2025-06-13 17:24:43.071 [main] DEBUG org.springframework.data.jpa.repository.query.NamedQuery - Did not find named query Trainer.findByEmail.count
2025-06-13 17:24:43.071 [main] DEBUG org.springframework.orm.jpa.SharedEntityManagerCreator$SharedEntityManagerInvocationHandler - Creating new EntityManager for shared EntityManager invocation
2025-06-13 17:24:43.072 [main] DEBUG org.hibernate.orm.query.hql - HQL : SELECT t FROM Trainer t JOIN t.userCredentials uc WHERE uc.email = :email AND t.isDeleted = false
2025-06-13 17:24:43.073 [main] DEBUG org.hibernate.orm.query.sqm.creation - Applying inferable type to SqmExpression [SqmNamedParameter(email)] : null -> SqmBasicValuedSimplePath(com.example.trainup.model.user.Trainer(t).userCredentials(uc).email)
2025-06-13 17:24:43.073 [main] DEBUG org.hibernate.orm.query.sqm.ast - SqmStatement Tree :
    -> [select]
      -> [query-spec]
        -> [select]
          -> [selection]
            -> [root] - `com.example.trainup.model.user.Trainer(t)`
              -> [joins]
                -> [attribute] - `com.example.trainup.model.user.Trainer(t).userCredentials(uc)`
                    [fetched = false]
                <- [attribute] - `com.example.trainup.model.user.Trainer(t).userCredentials(uc)`
              <- [joins]
            <- [root] - `com.example.trainup.model.user.Trainer(t)`
          <- [selection]
        <- [select]
        -> [from]
          -> [root] - `com.example.trainup.model.user.Trainer(t)`
            -> [joins]
              -> [attribute] - `com.example.trainup.model.user.Trainer(t).userCredentials(uc)`
                  [fetched = false]
              <- [attribute] - `com.example.trainup.model.user.Trainer(t).userCredentials(uc)`
            <- [joins]
          <- [root] - `com.example.trainup.model.user.Trainer(t)`
        <- [from]
        -> [where]
          -> [and]
            -> [EQUAL]
                -> [basic-path] - `com.example.trainup.model.user.Trainer(t).userCredentials(uc).email`
                :email
            <- [EQUAL]
            -> [EQUAL]
                -> [basic-path] - `com.example.trainup.model.user.Trainer(t).isDeleted`
            <- [EQUAL]
          <- [and]
        <- [where]
      <- [query-spec]
    <- [select]

2025-06-13 17:24:43.073 [main] DEBUG org.springframework.data.jpa.repository.query.NamedQuery - Looking up named query 'Trainer.findByUserCredentials'
2025-06-13 17:24:43.074 [main] DEBUG org.hibernate.resource.transaction.backend.jdbc.internal.JdbcResourceLocalTransactionCoordinatorImpl - JDBC transaction marked for rollback-only (exception provided for stack trace)
java.lang.Exception: exception just for purpose of providing stack trace
	at org.hibernate.resource.transaction.backend.jdbc.internal.JdbcResourceLocalTransactionCoordinatorImpl$TransactionDriverControlImpl.markRollbackOnly(JdbcResourceLocalTransactionCoordinatorImpl.java:309) ~[hibernate-core-6.6.8.Final.jar:6.6.8.Final]
	at org.hibernate.internal.AbstractSharedSessionContract.buildNamedQuery(AbstractSharedSessionContract.java:1141) ~[hibernate-core-6.6.8.Final.jar:6.6.8.Final]
	at org.hibernate.internal.AbstractSharedSessionContract.createNamedQuery(AbstractSharedSessionContract.java:1019) ~[hibernate-core-6.6.8.Final.jar:6.6.8.Final]
	at org.hibernate.internal.AbstractSharedSessionContract.createNamedQuery(AbstractSharedSessionContract.java:143) ~[hibernate-core-6.6.8.Final.jar:6.6.8.Final]
	at jdk.internal.reflect.GeneratedMethodAccessor95.invoke(Unknown Source) ~[?:?]
	at java.base/jdk.internal.reflect.DelegatingMethodAccessorImpl.invoke(DelegatingMethodAccessorImpl.java:43) ~[?:?]
	at java.base/java.lang.reflect.Method.invoke(Method.java:569) ~[?:?]
	at org.springframework.orm.jpa.ExtendedEntityManagerCreator$ExtendedEntityManagerInvocationHandler.invoke(ExtendedEntityManagerCreator.java:364) ~[spring-orm-6.2.3.jar:6.2.3]
	at jdk.proxy2/jdk.proxy2.$Proxy233.createNamedQuery(Unknown Source) ~[?:?]
	at org.springframework.data.jpa.repository.query.NamedQuery.hasNamedQuery(NamedQuery.java:114) ~[spring-data-jpa-3.4.3.jar:3.4.3]
	at org.springframework.data.jpa.repository.query.NamedQuery.lookupFrom(NamedQuery.java:140) ~[spring-data-jpa-3.4.3.jar:3.4.3]
	at org.springframework.data.jpa.repository.query.JpaQueryLookupStrategy$DeclaredQueryLookupStrategy.resolveQuery(JpaQueryLookupStrategy.java:184) ~[spring-data-jpa-3.4.3.jar:3.4.3]
	at org.springframework.data.jpa.repository.query.JpaQueryLookupStrategy$CreateIfNotFoundQueryLookupStrategy.resolveQuery(JpaQueryLookupStrategy.java:256) ~[spring-data-jpa-3.4.3.jar:3.4.3]
	at org.springframework.data.jpa.repository.query.JpaQueryLookupStrategy$AbstractQueryLookupStrategy.resolveQuery(JpaQueryLookupStrategy.java:99) ~[spring-data-jpa-3.4.3.jar:3.4.3]
	at org.springframework.data.repository.core.support.QueryExecutorMethodInterceptor.lookupQuery(QueryExecutorMethodInterceptor.java:116) ~[spring-data-commons-3.4.3.jar:3.4.3]
	at org.springframework.data.repository.core.support.QueryExecutorMethodInterceptor.mapMethodsToQuery(QueryExecutorMethodInterceptor.java:104) ~[spring-data-commons-3.4.3.jar:3.4.3]
	at org.springframework.data.repository.core.support.QueryExecutorMethodInterceptor.lambda$new$0(QueryExecutorMethodInterceptor.java:92) ~[spring-data-commons-3.4.3.jar:3.4.3]
	at java.base/java.util.Optional.map(Optional.java:260) ~[?:?]
	at org.springframework.data.repository.core.support.QueryExecutorMethodInterceptor.<init>(QueryExecutorMethodInterceptor.java:92) ~[spring-data-commons-3.4.3.jar:3.4.3]
	at org.springframework.data.repository.core.support.RepositoryFactorySupport.getRepository(RepositoryFactorySupport.java:440) ~[spring-data-commons-3.4.3.jar:3.4.3]
	at org.springframework.data.repository.core.support.RepositoryFactoryBeanSupport.lambda$afterPropertiesSet$4(RepositoryFactoryBeanSupport.java:350) ~[spring-data-commons-3.4.3.jar:3.4.3]
	at org.springframework.data.util.Lazy.getNullable(Lazy.java:135) ~[spring-data-commons-3.4.3.jar:3.4.3]
	at org.springframework.data.util.Lazy.get(Lazy.java:113) ~[spring-data-commons-3.4.3.jar:3.4.3]
	at org.springframework.data.repository.core.support.RepositoryFactoryBeanSupport.afterPropertiesSet(RepositoryFactoryBeanSupport.java:356) ~[spring-data-commons-3.4.3.jar:3.4.3]
	at org.springframework.data.jpa.repository.support.JpaRepositoryFactoryBean.afterPropertiesSet(JpaRepositoryFactoryBean.java:132) ~[spring-data-jpa-3.4.3.jar:3.4.3]
	at org.springframework.beans.factory.support.AbstractAutowireCapableBeanFactory.invokeInitMethods(AbstractAutowireCapableBeanFactory.java:1859) ~[spring-beans-6.2.3.jar:6.2.3]
	at org.springframework.beans.factory.support.AbstractAutowireCapableBeanFactory.initializeBean(AbstractAutowireCapableBeanFactory.java:1808) ~[spring-beans-6.2.3.jar:6.2.3]
	at org.springframework.beans.factory.support.AbstractAutowireCapableBeanFactory.doCreateBean(AbstractAutowireCapableBeanFactory.java:601) ~[spring-beans-6.2.3.jar:6.2.3]
	at org.springframework.beans.factory.support.AbstractAutowireCapableBeanFactory.createBean(AbstractAutowireCapableBeanFactory.java:523) ~[spring-beans-6.2.3.jar:6.2.3]
	at org.springframework.beans.factory.support.AbstractBeanFactory.lambda$doGetBean$0(AbstractBeanFactory.java:339) ~[spring-beans-6.2.3.jar:6.2.3]
	at org.springframework.beans.factory.support.DefaultSingletonBeanRegistry.getSingleton(DefaultSingletonBeanRegistry.java:346) ~[spring-beans-6.2.3.jar:6.2.3]
	at org.springframework.beans.factory.support.AbstractBeanFactory.doGetBean(AbstractBeanFactory.java:337) ~[spring-beans-6.2.3.jar:6.2.3]
	at org.springframework.beans.factory.support.AbstractBeanFactory.getBean(AbstractBeanFactory.java:202) ~[spring-beans-6.2.3.jar:6.2.3]
	at org.springframework.beans.factory.support.DefaultListableBeanFactory.doResolveDependency(DefaultListableBeanFactory.java:1606) ~[spring-beans-6.2.3.jar:6.2.3]
	at org.springframework.beans.factory.support.DefaultListableBeanFactory.resolveDependency(DefaultListableBeanFactory.java:1552) ~[spring-beans-6.2.3.jar:6.2.3]
	at org.springframework.beans.factory.support.ConstructorResolver.resolveAutowiredArgument(ConstructorResolver.java:913) ~[spring-beans-6.2.3.jar:6.2.3]
	at org.springframework.beans.factory.support.ConstructorResolver.createArgumentArray(ConstructorResolver.java:791) ~[spring-beans-6.2.3.jar:6.2.3]
	at org.springframework.beans.factory.support.ConstructorResolver.autowireConstructor(ConstructorResolver.java:240) ~[spring-beans-6.2.3.jar:6.2.3]
	at org.springframework.beans.factory.support.AbstractAutowireCapableBeanFactory.autowireConstructor(AbstractAutowireCapableBeanFactory.java:1381) ~[spring-beans-6.2.3.jar:6.2.3]
	at org.springframework.beans.factory.support.AbstractAutowireCapableBeanFactory.createBeanInstance(AbstractAutowireCapableBeanFactory.java:1218) ~[spring-beans-6.2.3.jar:6.2.3]
	at org.springframework.beans.factory.support.AbstractAutowireCapableBeanFactory.doCreateBean(AbstractAutowireCapableBeanFactory.java:563) ~[spring-beans-6.2.3.jar:6.2.3]
	at org.springframework.beans.factory.support.AbstractAutowireCapableBeanFactory.createBean(AbstractAutowireCapableBeanFactory.java:523) ~[spring-beans-6.2.3.jar:6.2.3]
	at org.springframework.beans.factory.support.AbstractBeanFactory.lambda$doGetBean$0(AbstractBeanFactory.java:339) ~[spring-beans-6.2.3.jar:6.2.3]
	at org.springframework.beans.factory.support.DefaultSingletonBeanRegistry.getSingleton(DefaultSingletonBeanRegistry.java:346) ~[spring-beans-6.2.3.jar:6.2.3]
	at org.springframework.beans.factory.support.AbstractBeanFactory.doGetBean(AbstractBeanFactory.java:337) ~[spring-beans-6.2.3.jar:6.2.3]
	at org.springframework.beans.factory.support.AbstractBeanFactory.getBean(AbstractBeanFactory.java:202) ~[spring-beans-6.2.3.jar:6.2.3]
	at org.springframework.beans.factory.config.DependencyDescriptor.resolveCandidate(DependencyDescriptor.java:254) ~[spring-beans-6.2.3.jar:6.2.3]
	at org.springframework.beans.factory.support.DefaultListableBeanFactory.doResolveDependency(DefaultListableBeanFactory.java:1664) ~[spring-beans-6.2.3.jar:6.2.3]
	at org.springframework.beans.factory.support.DefaultListableBeanFactory.resolveDependency(DefaultListableBeanFactory.java:1552) ~[spring-beans-6.2.3.jar:6.2.3]
	at org.springframework.beans.factory.support.ConstructorResolver.resolveAutowiredArgument(ConstructorResolver.java:913) ~[spring-beans-6.2.3.jar:6.2.3]
	at org.springframework.beans.factory.support.ConstructorResolver.createArgumentArray(ConstructorResolver.java:791) ~[spring-beans-6.2.3.jar:6.2.3]
	at org.springframework.beans.factory.support.ConstructorResolver.autowireConstructor(ConstructorResolver.java:240) ~[spring-beans-6.2.3.jar:6.2.3]
	at org.springframework.beans.factory.support.AbstractAutowireCapableBeanFactory.autowireConstructor(AbstractAutowireCapableBeanFactory.java:1381) ~[spring-beans-6.2.3.jar:6.2.3]
	at org.springframework.beans.factory.support.AbstractAutowireCapableBeanFactory.createBeanInstance(AbstractAutowireCapableBeanFactory.java:1218) ~[spring-beans-6.2.3.jar:6.2.3]
	at org.springframework.beans.factory.support.AbstractAutowireCapableBeanFactory.doCreateBean(AbstractAutowireCapableBeanFactory.java:563) ~[spring-beans-6.2.3.jar:6.2.3]
	at org.springframework.beans.factory.support.AbstractAutowireCapableBeanFactory.createBean(AbstractAutowireCapableBeanFactory.java:523) ~[spring-beans-6.2.3.jar:6.2.3]
	at org.springframework.beans.factory.support.AbstractBeanFactory.lambda$doGetBean$0(AbstractBeanFactory.java:339) ~[spring-beans-6.2.3.jar:6.2.3]
	at org.springframework.beans.factory.support.DefaultSingletonBeanRegistry.getSingleton(DefaultSingletonBeanRegistry.java:346) ~[spring-beans-6.2.3.jar:6.2.3]
	at org.springframework.beans.factory.support.AbstractBeanFactory.doGetBean(AbstractBeanFactory.java:337) ~[spring-beans-6.2.3.jar:6.2.3]
	at org.springframework.beans.factory.support.AbstractBeanFactory.getBean(AbstractBeanFactory.java:202) ~[spring-beans-6.2.3.jar:6.2.3]
	at org.springframework.beans.factory.support.DefaultListableBeanFactory.instantiateSingleton(DefaultListableBeanFactory.java:1155) ~[spring-beans-6.2.3.jar:6.2.3]
	at org.springframework.beans.factory.support.DefaultListableBeanFactory.preInstantiateSingleton(DefaultListableBeanFactory.java:1121) ~[spring-beans-6.2.3.jar:6.2.3]
	at org.springframework.beans.factory.support.DefaultListableBeanFactory.preInstantiateSingletons(DefaultListableBeanFactory.java:1056) ~[spring-beans-6.2.3.jar:6.2.3]
	at org.springframework.context.support.AbstractApplicationContext.finishBeanFactoryInitialization(AbstractApplicationContext.java:987) ~[spring-context-6.2.3.jar:6.2.3]
	at org.springframework.context.support.AbstractApplicationContext.refresh(AbstractApplicationContext.java:627) ~[spring-context-6.2.3.jar:6.2.3]
	at org.springframework.boot.SpringApplication.refresh(SpringApplication.java:752) ~[spring-boot-3.4.3.jar:3.4.3]
	at org.springframework.boot.SpringApplication.refreshContext(SpringApplication.java:439) ~[spring-boot-3.4.3.jar:3.4.3]
	at org.springframework.boot.SpringApplication.run(SpringApplication.java:318) ~[spring-boot-3.4.3.jar:3.4.3]
	at org.springframework.boot.test.context.SpringBootContextLoader.lambda$loadContext$3(SpringBootContextLoader.java:137) ~[spring-boot-test-3.4.3.jar:3.4.3]
	at org.springframework.util.function.ThrowingSupplier.get(ThrowingSupplier.java:58) ~[spring-core-6.2.3.jar:6.2.3]
	at org.springframework.util.function.ThrowingSupplier.get(ThrowingSupplier.java:46) ~[spring-core-6.2.3.jar:6.2.3]
	at org.springframework.boot.SpringApplication.withHook(SpringApplication.java:1461) ~[spring-boot-3.4.3.jar:3.4.3]
	at org.springframework.boot.test.context.SpringBootContextLoader$ContextLoaderHook.run(SpringBootContextLoader.java:553) ~[spring-boot-test-3.4.3.jar:3.4.3]
	at org.springframework.boot.test.context.SpringBootContextLoader.loadContext(SpringBootContextLoader.java:137) ~[spring-boot-test-3.4.3.jar:3.4.3]
	at org.springframework.boot.test.context.SpringBootContextLoader.loadContext(SpringBootContextLoader.java:108) ~[spring-boot-test-3.4.3.jar:3.4.3]
	at org.springframework.test.context.cache.DefaultCacheAwareContextLoaderDelegate.loadContextInternal(DefaultCacheAwareContextLoaderDelegate.java:225) ~[spring-test-6.2.3.jar:6.2.3]
	at org.springframework.test.context.cache.DefaultCacheAwareContextLoaderDelegate.loadContext(DefaultCacheAwareContextLoaderDelegate.java:152) ~[spring-test-6.2.3.jar:6.2.3]
	at org.springframework.test.context.support.DefaultTestContext.getApplicationContext(DefaultTestContext.java:130) ~[spring-test-6.2.3.jar:6.2.3]
	at org.springframework.test.context.web.ServletTestExecutionListener.setUpRequestContextIfNecessary(ServletTestExecutionListener.java:200) ~[spring-test-6.2.3.jar:6.2.3]
	at org.springframework.test.context.web.ServletTestExecutionListener.prepareTestInstance(ServletTestExecutionListener.java:139) ~[spring-test-6.2.3.jar:6.2.3]
	at org.springframework.test.context.TestContextManager.prepareTestInstance(TestContextManager.java:260) ~[spring-test-6.2.3.jar:6.2.3]
	at org.springframework.test.context.junit.jupiter.SpringExtension.postProcessTestInstance(SpringExtension.java:160) ~[spring-test-6.2.3.jar:6.2.3]
	at org.junit.jupiter.engine.descriptor.ClassBasedTestDescriptor.lambda$invokeTestInstancePostProcessors$11(ClassBasedTestDescriptor.java:378) ~[junit-jupiter-engine-5.11.4.jar:5.11.4]
	at org.junit.jupiter.engine.descriptor.ClassBasedTestDescriptor.executeAndMaskThrowable(ClassBasedTestDescriptor.java:383) ~[junit-jupiter-engine-5.11.4.jar:5.11.4]
	at org.junit.jupiter.engine.descriptor.ClassBasedTestDescriptor.lambda$invokeTestInstancePostProcessors$12(ClassBasedTestDescriptor.java:378) ~[junit-jupiter-engine-5.11.4.jar:5.11.4]
	at java.base/java.util.stream.ForEachOps$ForEachOp$OfRef.accept(ForEachOps.java:183) ~[?:?]
	at java.base/java.util.stream.ReferencePipeline$3$1.accept(ReferencePipeline.java:197) ~[?:?]
	at java.base/java.util.stream.ReferencePipeline$2$1.accept(ReferencePipeline.java:179) ~[?:?]
	at java.base/java.util.stream.ReferencePipeline$3$1.accept(ReferencePipeline.java:197) ~[?:?]
	at java.base/java.util.ArrayList$ArrayListSpliterator.forEachRemaining(ArrayList.java:1625) ~[?:?]
	at java.base/java.util.stream.AbstractPipeline.copyInto(AbstractPipeline.java:509) ~[?:?]
	at java.base/java.util.stream.AbstractPipeline.wrapAndCopyInto(AbstractPipeline.java:499) ~[?:?]
	at java.base/java.util.stream.ForEachOps$ForEachOp.evaluateSequential(ForEachOps.java:150) ~[?:?]
	at java.base/java.util.stream.ForEachOps$ForEachOp$OfRef.evaluateSequential(ForEachOps.java:173) ~[?:?]
	at java.base/java.util.stream.AbstractPipeline.evaluate(AbstractPipeline.java:234) ~[?:?]
	at java.base/java.util.stream.ReferencePipeline.forEach(ReferencePipeline.java:596) ~[?:?]
	at org.junit.jupiter.engine.descriptor.ClassBasedTestDescriptor.invokeTestInstancePostProcessors(ClassBasedTestDescriptor.java:377) ~[junit-jupiter-engine-5.11.4.jar:5.11.4]
	at org.junit.jupiter.engine.descriptor.ClassBasedTestDescriptor.lambda$instantiateAndPostProcessTestInstance$7(ClassBasedTestDescriptor.java:290) ~[junit-jupiter-engine-5.11.4.jar:5.11.4]
	at org.junit.platform.engine.support.hierarchical.ThrowableCollector.execute(ThrowableCollector.java:73) ~[junit-platform-engine-1.11.4.jar:1.11.4]
	at org.junit.jupiter.engine.descriptor.ClassBasedTestDescriptor.instantiateAndPostProcessTestInstance(ClassBasedTestDescriptor.java:289) ~[junit-jupiter-engine-5.11.4.jar:5.11.4]
	at org.junit.jupiter.engine.descriptor.ClassBasedTestDescriptor.lambda$testInstancesProvider$5(ClassBasedTestDescriptor.java:279) ~[junit-jupiter-engine-5.11.4.jar:5.11.4]
	at java.base/java.util.Optional.orElseGet(Optional.java:364) ~[?:?]
	at org.junit.jupiter.engine.descriptor.ClassBasedTestDescriptor.lambda$testInstancesProvider$6(ClassBasedTestDescriptor.java:278) ~[junit-jupiter-engine-5.11.4.jar:5.11.4]
	at org.junit.jupiter.engine.execution.TestInstancesProvider.getTestInstances(TestInstancesProvider.java:31) ~[junit-jupiter-engine-5.11.4.jar:5.11.4]
	at org.junit.jupiter.engine.descriptor.TestMethodTestDescriptor.lambda$prepare$1(TestMethodTestDescriptor.java:105) ~[junit-jupiter-engine-5.11.4.jar:5.11.4]
	at org.junit.platform.engine.support.hierarchical.ThrowableCollector.execute(ThrowableCollector.java:73) ~[junit-platform-engine-1.11.4.jar:1.11.4]
	at org.junit.jupiter.engine.descriptor.TestMethodTestDescriptor.prepare(TestMethodTestDescriptor.java:104) ~[junit-jupiter-engine-5.11.4.jar:5.11.4]
	at org.junit.jupiter.engine.descriptor.TestMethodTestDescriptor.prepare(TestMethodTestDescriptor.java:68) ~[junit-jupiter-engine-5.11.4.jar:5.11.4]
	at org.junit.platform.engine.support.hierarchical.NodeTestTask.lambda$prepare$2(NodeTestTask.java:128) ~[junit-platform-engine-1.11.4.jar:1.11.4]
	at org.junit.platform.engine.support.hierarchical.ThrowableCollector.execute(ThrowableCollector.java:73) ~[junit-platform-engine-1.11.4.jar:1.11.4]
	at org.junit.platform.engine.support.hierarchical.NodeTestTask.prepare(NodeTestTask.java:128) ~[junit-platform-engine-1.11.4.jar:1.11.4]
	at org.junit.platform.engine.support.hierarchical.NodeTestTask.execute(NodeTestTask.java:95) ~[junit-platform-engine-1.11.4.jar:1.11.4]
	at java.base/java.util.ArrayList.forEach(ArrayList.java:1511) ~[?:?]
	at org.junit.platform.engine.support.hierarchical.SameThreadHierarchicalTestExecutorService.invokeAll(SameThreadHierarchicalTestExecutorService.java:41) ~[junit-platform-engine-1.11.4.jar:1.11.4]
	at org.junit.platform.engine.support.hierarchical.NodeTestTask.lambda$executeRecursively$6(NodeTestTask.java:160) ~[junit-platform-engine-1.11.4.jar:1.11.4]
	at org.junit.platform.engine.support.hierarchical.ThrowableCollector.execute(ThrowableCollector.java:73) ~[junit-platform-engine-1.11.4.jar:1.11.4]
	at org.junit.platform.engine.support.hierarchical.NodeTestTask.lambda$executeRecursively$8(NodeTestTask.java:146) ~[junit-platform-engine-1.11.4.jar:1.11.4]
	at org.junit.platform.engine.support.hierarchical.Node.around(Node.java:137) ~[junit-platform-engine-1.11.4.jar:1.11.4]
	at org.junit.platform.engine.support.hierarchical.NodeTestTask.lambda$executeRecursively$9(NodeTestTask.java:144) ~[junit-platform-engine-1.11.4.jar:1.11.4]
	at org.junit.platform.engine.support.hierarchical.ThrowableCollector.execute(ThrowableCollector.java:73) ~[junit-platform-engine-1.11.4.jar:1.11.4]
	at org.junit.platform.engine.support.hierarchical.NodeTestTask.executeRecursively(NodeTestTask.java:143) ~[junit-platform-engine-1.11.4.jar:1.11.4]
	at org.junit.platform.engine.support.hierarchical.NodeTestTask.execute(NodeTestTask.java:100) ~[junit-platform-engine-1.11.4.jar:1.11.4]
	at java.base/java.util.ArrayList.forEach(ArrayList.java:1511) ~[?:?]
	at org.junit.platform.engine.support.hierarchical.SameThreadHierarchicalTestExecutorService.invokeAll(SameThreadHierarchicalTestExecutorService.java:41) ~[junit-platform-engine-1.11.4.jar:1.11.4]
	at org.junit.platform.engine.support.hierarchical.NodeTestTask.lambda$executeRecursively$6(NodeTestTask.java:160) ~[junit-platform-engine-1.11.4.jar:1.11.4]
	at org.junit.platform.engine.support.hierarchical.ThrowableCollector.execute(ThrowableCollector.java:73) ~[junit-platform-engine-1.11.4.jar:1.11.4]
	at org.junit.platform.engine.support.hierarchical.NodeTestTask.lambda$executeRecursively$8(NodeTestTask.java:146) ~[junit-platform-engine-1.11.4.jar:1.11.4]
	at org.junit.platform.engine.support.hierarchical.Node.around(Node.java:137) ~[junit-platform-engine-1.11.4.jar:1.11.4]
	at org.junit.platform.engine.support.hierarchical.NodeTestTask.lambda$executeRecursively$9(NodeTestTask.java:144) ~[junit-platform-engine-1.11.4.jar:1.11.4]
	at org.junit.platform.engine.support.hierarchical.ThrowableCollector.execute(ThrowableCollector.java:73) ~[junit-platform-engine-1.11.4.jar:1.11.4]
	at org.junit.platform.engine.support.hierarchical.NodeTestTask.executeRecursively(NodeTestTask.java:143) ~[junit-platform-engine-1.11.4.jar:1.11.4]
	at org.junit.platform.engine.support.hierarchical.NodeTestTask.execute(NodeTestTask.java:100) ~[junit-platform-engine-1.11.4.jar:1.11.4]
	at org.junit.platform.engine.support.hierarchical.SameThreadHierarchicalTestExecutorService.submit(SameThreadHierarchicalTestExecutorService.java:35) ~[junit-platform-engine-1.11.4.jar:1.11.4]
	at org.junit.platform.engine.support.hierarchical.HierarchicalTestExecutor.execute(HierarchicalTestExecutor.java:57) ~[junit-platform-engine-1.11.4.jar:1.11.4]
	at org.junit.platform.engine.support.hierarchical.HierarchicalTestEngine.execute(HierarchicalTestEngine.java:54) ~[junit-platform-engine-1.11.4.jar:1.11.4]
	at org.junit.platform.launcher.core.EngineExecutionOrchestrator.execute(EngineExecutionOrchestrator.java:198) ~[junit-platform-launcher-1.11.4.jar:1.11.4]
	at org.junit.platform.launcher.core.EngineExecutionOrchestrator.execute(EngineExecutionOrchestrator.java:169) ~[junit-platform-launcher-1.11.4.jar:1.11.4]
	at org.junit.platform.launcher.core.EngineExecutionOrchestrator.execute(EngineExecutionOrchestrator.java:93) ~[junit-platform-launcher-1.11.4.jar:1.11.4]
	at org.junit.platform.launcher.core.EngineExecutionOrchestrator.lambda$execute$0(EngineExecutionOrchestrator.java:58) ~[junit-platform-launcher-1.11.4.jar:1.11.4]
	at org.junit.platform.launcher.core.EngineExecutionOrchestrator.withInterceptedStreams(EngineExecutionOrchestrator.java:141) [junit-platform-launcher-1.11.4.jar:1.11.4]
	at org.junit.platform.launcher.core.EngineExecutionOrchestrator.execute(EngineExecutionOrchestrator.java:57) [junit-platform-launcher-1.11.4.jar:1.11.4]
	at org.junit.platform.launcher.core.DefaultLauncher.execute(DefaultLauncher.java:103) [junit-platform-launcher-1.11.4.jar:1.11.4]
	at org.junit.platform.launcher.core.DefaultLauncher.execute(DefaultLauncher.java:85) [junit-platform-launcher-1.11.4.jar:1.11.4]
	at org.junit.platform.launcher.core.DelegatingLauncher.execute(DelegatingLauncher.java:47) [junit-platform-launcher-1.11.4.jar:1.11.4]
	at org.apache.maven.surefire.junitplatform.LazyLauncher.execute(LazyLauncher.java:56) [surefire-junit-platform-3.5.2.jar:3.5.2]
	at org.apache.maven.surefire.junitplatform.JUnitPlatformProvider.execute(JUnitPlatformProvider.java:184) [surefire-junit-platform-3.5.2.jar:3.5.2]
	at org.apache.maven.surefire.junitplatform.JUnitPlatformProvider.invokeAllTests(JUnitPlatformProvider.java:148) [surefire-junit-platform-3.5.2.jar:3.5.2]
	at org.apache.maven.surefire.junitplatform.JUnitPlatformProvider.invoke(JUnitPlatformProvider.java:122) [surefire-junit-platform-3.5.2.jar:3.5.2]
	at org.apache.maven.surefire.booter.ForkedBooter.runSuitesInProcess(ForkedBooter.java:385) [surefire-booter-3.5.2.jar:3.5.2]
	at org.apache.maven.surefire.booter.ForkedBooter.execute(ForkedBooter.java:162) [surefire-booter-3.5.2.jar:3.5.2]
	at org.apache.maven.surefire.booter.ForkedBooter.run(ForkedBooter.java:507) [surefire-booter-3.5.2.jar:3.5.2]
	at org.apache.maven.surefire.booter.ForkedBooter.main(ForkedBooter.java:495) [surefire-booter-3.5.2.jar:3.5.2]
2025-06-13 17:24:43.075 [main] DEBUG org.springframework.data.jpa.repository.query.NamedQuery - Did not find named query Trainer.findByUserCredentials
2025-06-13 17:24:43.075 [main] DEBUG org.springframework.orm.jpa.SharedEntityManagerCreator$SharedEntityManagerInvocationHandler - Creating new EntityManager for shared EntityManager invocation
2025-06-13 17:24:43.077 [main] DEBUG org.hibernate.resource.transaction.backend.jdbc.internal.JdbcResourceLocalTransactionCoordinatorImpl - JDBC transaction marked for rollback-only (exception provided for stack trace)
java.lang.Exception: exception just for purpose of providing stack trace
	at org.hibernate.resource.transaction.backend.jdbc.internal.JdbcResourceLocalTransactionCoordinatorImpl$TransactionDriverControlImpl.markRollbackOnly(JdbcResourceLocalTransactionCoordinatorImpl.java:309) ~[hibernate-core-6.6.8.Final.jar:6.6.8.Final]
	at org.hibernate.internal.AbstractSharedSessionContract.buildNamedQuery(AbstractSharedSessionContract.java:1141) ~[hibernate-core-6.6.8.Final.jar:6.6.8.Final]
	at org.hibernate.internal.AbstractSharedSessionContract.createNamedQuery(AbstractSharedSessionContract.java:1019) ~[hibernate-core-6.6.8.Final.jar:6.6.8.Final]
	at org.hibernate.internal.AbstractSharedSessionContract.createNamedQuery(AbstractSharedSessionContract.java:143) ~[hibernate-core-6.6.8.Final.jar:6.6.8.Final]
	at jdk.internal.reflect.GeneratedMethodAccessor95.invoke(Unknown Source) ~[?:?]
	at java.base/jdk.internal.reflect.DelegatingMethodAccessorImpl.invoke(DelegatingMethodAccessorImpl.java:43) ~[?:?]
	at java.base/java.lang.reflect.Method.invoke(Method.java:569) ~[?:?]
	at org.springframework.orm.jpa.ExtendedEntityManagerCreator$ExtendedEntityManagerInvocationHandler.invoke(ExtendedEntityManagerCreator.java:364) ~[spring-orm-6.2.3.jar:6.2.3]
	at jdk.proxy2/jdk.proxy2.$Proxy233.createNamedQuery(Unknown Source) ~[?:?]
	at org.springframework.data.jpa.repository.query.NamedQuery.hasNamedQuery(NamedQuery.java:114) ~[spring-data-jpa-3.4.3.jar:3.4.3]
	at org.springframework.data.jpa.repository.query.JpaQueryLookupStrategy$DeclaredQueryLookupStrategy.getCountQuery(JpaQueryLookupStrategy.java:208) ~[spring-data-jpa-3.4.3.jar:3.4.3]
	at org.springframework.data.jpa.repository.query.JpaQueryLookupStrategy$DeclaredQueryLookupStrategy.resolveQuery(JpaQueryLookupStrategy.java:175) ~[spring-data-jpa-3.4.3.jar:3.4.3]
	at org.springframework.data.jpa.repository.query.JpaQueryLookupStrategy$CreateIfNotFoundQueryLookupStrategy.resolveQuery(JpaQueryLookupStrategy.java:256) ~[spring-data-jpa-3.4.3.jar:3.4.3]
	at org.springframework.data.jpa.repository.query.JpaQueryLookupStrategy$AbstractQueryLookupStrategy.resolveQuery(JpaQueryLookupStrategy.java:99) ~[spring-data-jpa-3.4.3.jar:3.4.3]
	at org.springframework.data.repository.core.support.QueryExecutorMethodInterceptor.lookupQuery(QueryExecutorMethodInterceptor.java:116) ~[spring-data-commons-3.4.3.jar:3.4.3]
	at org.springframework.data.repository.core.support.QueryExecutorMethodInterceptor.mapMethodsToQuery(QueryExecutorMethodInterceptor.java:104) ~[spring-data-commons-3.4.3.jar:3.4.3]
	at org.springframework.data.repository.core.support.QueryExecutorMethodInterceptor.lambda$new$0(QueryExecutorMethodInterceptor.java:92) ~[spring-data-commons-3.4.3.jar:3.4.3]
	at java.base/java.util.Optional.map(Optional.java:260) ~[?:?]
	at org.springframework.data.repository.core.support.QueryExecutorMethodInterceptor.<init>(QueryExecutorMethodInterceptor.java:92) ~[spring-data-commons-3.4.3.jar:3.4.3]
	at org.springframework.data.repository.core.support.RepositoryFactorySupport.getRepository(RepositoryFactorySupport.java:440) ~[spring-data-commons-3.4.3.jar:3.4.3]
	at org.springframework.data.repository.core.support.RepositoryFactoryBeanSupport.lambda$afterPropertiesSet$4(RepositoryFactoryBeanSupport.java:350) ~[spring-data-commons-3.4.3.jar:3.4.3]
	at org.springframework.data.util.Lazy.getNullable(Lazy.java:135) ~[spring-data-commons-3.4.3.jar:3.4.3]
	at org.springframework.data.util.Lazy.get(Lazy.java:113) ~[spring-data-commons-3.4.3.jar:3.4.3]
	at org.springframework.data.repository.core.support.RepositoryFactoryBeanSupport.afterPropertiesSet(RepositoryFactoryBeanSupport.java:356) ~[spring-data-commons-3.4.3.jar:3.4.3]
	at org.springframework.data.jpa.repository.support.JpaRepositoryFactoryBean.afterPropertiesSet(JpaRepositoryFactoryBean.java:132) ~[spring-data-jpa-3.4.3.jar:3.4.3]
	at org.springframework.beans.factory.support.AbstractAutowireCapableBeanFactory.invokeInitMethods(AbstractAutowireCapableBeanFactory.java:1859) ~[spring-beans-6.2.3.jar:6.2.3]
	at org.springframework.beans.factory.support.AbstractAutowireCapableBeanFactory.initializeBean(AbstractAutowireCapableBeanFactory.java:1808) ~[spring-beans-6.2.3.jar:6.2.3]
	at org.springframework.beans.factory.support.AbstractAutowireCapableBeanFactory.doCreateBean(AbstractAutowireCapableBeanFactory.java:601) ~[spring-beans-6.2.3.jar:6.2.3]
	at org.springframework.beans.factory.support.AbstractAutowireCapableBeanFactory.createBean(AbstractAutowireCapableBeanFactory.java:523) ~[spring-beans-6.2.3.jar:6.2.3]
	at org.springframework.beans.factory.support.AbstractBeanFactory.lambda$doGetBean$0(AbstractBeanFactory.java:339) ~[spring-beans-6.2.3.jar:6.2.3]
	at org.springframework.beans.factory.support.DefaultSingletonBeanRegistry.getSingleton(DefaultSingletonBeanRegistry.java:346) ~[spring-beans-6.2.3.jar:6.2.3]
	at org.springframework.beans.factory.support.AbstractBeanFactory.doGetBean(AbstractBeanFactory.java:337) ~[spring-beans-6.2.3.jar:6.2.3]
	at org.springframework.beans.factory.support.AbstractBeanFactory.getBean(AbstractBeanFactory.java:202) ~[spring-beans-6.2.3.jar:6.2.3]
	at org.springframework.beans.factory.support.DefaultListableBeanFactory.doResolveDependency(DefaultListableBeanFactory.java:1606) ~[spring-beans-6.2.3.jar:6.2.3]
	at org.springframework.beans.factory.support.DefaultListableBeanFactory.resolveDependency(DefaultListableBeanFactory.java:1552) ~[spring-beans-6.2.3.jar:6.2.3]
	at org.springframework.beans.factory.support.ConstructorResolver.resolveAutowiredArgument(ConstructorResolver.java:913) ~[spring-beans-6.2.3.jar:6.2.3]
	at org.springframework.beans.factory.support.ConstructorResolver.createArgumentArray(ConstructorResolver.java:791) ~[spring-beans-6.2.3.jar:6.2.3]
	at org.springframework.beans.factory.support.ConstructorResolver.autowireConstructor(ConstructorResolver.java:240) ~[spring-beans-6.2.3.jar:6.2.3]
	at org.springframework.beans.factory.support.AbstractAutowireCapableBeanFactory.autowireConstructor(AbstractAutowireCapableBeanFactory.java:1381) ~[spring-beans-6.2.3.jar:6.2.3]
	at org.springframework.beans.factory.support.AbstractAutowireCapableBeanFactory.createBeanInstance(AbstractAutowireCapableBeanFactory.java:1218) ~[spring-beans-6.2.3.jar:6.2.3]
	at org.springframework.beans.factory.support.AbstractAutowireCapableBeanFactory.doCreateBean(AbstractAutowireCapableBeanFactory.java:563) ~[spring-beans-6.2.3.jar:6.2.3]
	at org.springframework.beans.factory.support.AbstractAutowireCapableBeanFactory.createBean(AbstractAutowireCapableBeanFactory.java:523) ~[spring-beans-6.2.3.jar:6.2.3]
	at org.springframework.beans.factory.support.AbstractBeanFactory.lambda$doGetBean$0(AbstractBeanFactory.java:339) ~[spring-beans-6.2.3.jar:6.2.3]
	at org.springframework.beans.factory.support.DefaultSingletonBeanRegistry.getSingleton(DefaultSingletonBeanRegistry.java:346) ~[spring-beans-6.2.3.jar:6.2.3]
	at org.springframework.beans.factory.support.AbstractBeanFactory.doGetBean(AbstractBeanFactory.java:337) ~[spring-beans-6.2.3.jar:6.2.3]
	at org.springframework.beans.factory.support.AbstractBeanFactory.getBean(AbstractBeanFactory.java:202) ~[spring-beans-6.2.3.jar:6.2.3]
	at org.springframework.beans.factory.config.DependencyDescriptor.resolveCandidate(DependencyDescriptor.java:254) ~[spring-beans-6.2.3.jar:6.2.3]
	at org.springframework.beans.factory.support.DefaultListableBeanFactory.doResolveDependency(DefaultListableBeanFactory.java:1664) ~[spring-beans-6.2.3.jar:6.2.3]
	at org.springframework.beans.factory.support.DefaultListableBeanFactory.resolveDependency(DefaultListableBeanFactory.java:1552) ~[spring-beans-6.2.3.jar:6.2.3]
	at org.springframework.beans.factory.support.ConstructorResolver.resolveAutowiredArgument(ConstructorResolver.java:913) ~[spring-beans-6.2.3.jar:6.2.3]
	at org.springframework.beans.factory.support.ConstructorResolver.createArgumentArray(ConstructorResolver.java:791) ~[spring-beans-6.2.3.jar:6.2.3]
	at org.springframework.beans.factory.support.ConstructorResolver.autowireConstructor(ConstructorResolver.java:240) ~[spring-beans-6.2.3.jar:6.2.3]
	at org.springframework.beans.factory.support.AbstractAutowireCapableBeanFactory.autowireConstructor(AbstractAutowireCapableBeanFactory.java:1381) ~[spring-beans-6.2.3.jar:6.2.3]
	at org.springframework.beans.factory.support.AbstractAutowireCapableBeanFactory.createBeanInstance(AbstractAutowireCapableBeanFactory.java:1218) ~[spring-beans-6.2.3.jar:6.2.3]
	at org.springframework.beans.factory.support.AbstractAutowireCapableBeanFactory.doCreateBean(AbstractAutowireCapableBeanFactory.java:563) ~[spring-beans-6.2.3.jar:6.2.3]
	at org.springframework.beans.factory.support.AbstractAutowireCapableBeanFactory.createBean(AbstractAutowireCapableBeanFactory.java:523) ~[spring-beans-6.2.3.jar:6.2.3]
	at org.springframework.beans.factory.support.AbstractBeanFactory.lambda$doGetBean$0(AbstractBeanFactory.java:339) ~[spring-beans-6.2.3.jar:6.2.3]
	at org.springframework.beans.factory.support.DefaultSingletonBeanRegistry.getSingleton(DefaultSingletonBeanRegistry.java:346) ~[spring-beans-6.2.3.jar:6.2.3]
	at org.springframework.beans.factory.support.AbstractBeanFactory.doGetBean(AbstractBeanFactory.java:337) ~[spring-beans-6.2.3.jar:6.2.3]
	at org.springframework.beans.factory.support.AbstractBeanFactory.getBean(AbstractBeanFactory.java:202) ~[spring-beans-6.2.3.jar:6.2.3]
	at org.springframework.beans.factory.support.DefaultListableBeanFactory.instantiateSingleton(DefaultListableBeanFactory.java:1155) ~[spring-beans-6.2.3.jar:6.2.3]
	at org.springframework.beans.factory.support.DefaultListableBeanFactory.preInstantiateSingleton(DefaultListableBeanFactory.java:1121) ~[spring-beans-6.2.3.jar:6.2.3]
	at org.springframework.beans.factory.support.DefaultListableBeanFactory.preInstantiateSingletons(DefaultListableBeanFactory.java:1056) ~[spring-beans-6.2.3.jar:6.2.3]
	at org.springframework.context.support.AbstractApplicationContext.finishBeanFactoryInitialization(AbstractApplicationContext.java:987) ~[spring-context-6.2.3.jar:6.2.3]
	at org.springframework.context.support.AbstractApplicationContext.refresh(AbstractApplicationContext.java:627) ~[spring-context-6.2.3.jar:6.2.3]
	at org.springframework.boot.SpringApplication.refresh(SpringApplication.java:752) ~[spring-boot-3.4.3.jar:3.4.3]
	at org.springframework.boot.SpringApplication.refreshContext(SpringApplication.java:439) ~[spring-boot-3.4.3.jar:3.4.3]
	at org.springframework.boot.SpringApplication.run(SpringApplication.java:318) ~[spring-boot-3.4.3.jar:3.4.3]
	at org.springframework.boot.test.context.SpringBootContextLoader.lambda$loadContext$3(SpringBootContextLoader.java:137) ~[spring-boot-test-3.4.3.jar:3.4.3]
	at org.springframework.util.function.ThrowingSupplier.get(ThrowingSupplier.java:58) ~[spring-core-6.2.3.jar:6.2.3]
	at org.springframework.util.function.ThrowingSupplier.get(ThrowingSupplier.java:46) ~[spring-core-6.2.3.jar:6.2.3]
	at org.springframework.boot.SpringApplication.withHook(SpringApplication.java:1461) ~[spring-boot-3.4.3.jar:3.4.3]
	at org.springframework.boot.test.context.SpringBootContextLoader$ContextLoaderHook.run(SpringBootContextLoader.java:553) ~[spring-boot-test-3.4.3.jar:3.4.3]
	at org.springframework.boot.test.context.SpringBootContextLoader.loadContext(SpringBootContextLoader.java:137) ~[spring-boot-test-3.4.3.jar:3.4.3]
	at org.springframework.boot.test.context.SpringBootContextLoader.loadContext(SpringBootContextLoader.java:108) ~[spring-boot-test-3.4.3.jar:3.4.3]
	at org.springframework.test.context.cache.DefaultCacheAwareContextLoaderDelegate.loadContextInternal(DefaultCacheAwareContextLoaderDelegate.java:225) ~[spring-test-6.2.3.jar:6.2.3]
	at org.springframework.test.context.cache.DefaultCacheAwareContextLoaderDelegate.loadContext(DefaultCacheAwareContextLoaderDelegate.java:152) ~[spring-test-6.2.3.jar:6.2.3]
	at org.springframework.test.context.support.DefaultTestContext.getApplicationContext(DefaultTestContext.java:130) ~[spring-test-6.2.3.jar:6.2.3]
	at org.springframework.test.context.web.ServletTestExecutionListener.setUpRequestContextIfNecessary(ServletTestExecutionListener.java:200) ~[spring-test-6.2.3.jar:6.2.3]
	at org.springframework.test.context.web.ServletTestExecutionListener.prepareTestInstance(ServletTestExecutionListener.java:139) ~[spring-test-6.2.3.jar:6.2.3]
	at org.springframework.test.context.TestContextManager.prepareTestInstance(TestContextManager.java:260) ~[spring-test-6.2.3.jar:6.2.3]
	at org.springframework.test.context.junit.jupiter.SpringExtension.postProcessTestInstance(SpringExtension.java:160) ~[spring-test-6.2.3.jar:6.2.3]
	at org.junit.jupiter.engine.descriptor.ClassBasedTestDescriptor.lambda$invokeTestInstancePostProcessors$11(ClassBasedTestDescriptor.java:378) ~[junit-jupiter-engine-5.11.4.jar:5.11.4]
	at org.junit.jupiter.engine.descriptor.ClassBasedTestDescriptor.executeAndMaskThrowable(ClassBasedTestDescriptor.java:383) ~[junit-jupiter-engine-5.11.4.jar:5.11.4]
	at org.junit.jupiter.engine.descriptor.ClassBasedTestDescriptor.lambda$invokeTestInstancePostProcessors$12(ClassBasedTestDescriptor.java:378) ~[junit-jupiter-engine-5.11.4.jar:5.11.4]
	at java.base/java.util.stream.ForEachOps$ForEachOp$OfRef.accept(ForEachOps.java:183) ~[?:?]
	at java.base/java.util.stream.ReferencePipeline$3$1.accept(ReferencePipeline.java:197) ~[?:?]
	at java.base/java.util.stream.ReferencePipeline$2$1.accept(ReferencePipeline.java:179) ~[?:?]
	at java.base/java.util.stream.ReferencePipeline$3$1.accept(ReferencePipeline.java:197) ~[?:?]
	at java.base/java.util.ArrayList$ArrayListSpliterator.forEachRemaining(ArrayList.java:1625) ~[?:?]
	at java.base/java.util.stream.AbstractPipeline.copyInto(AbstractPipeline.java:509) ~[?:?]
	at java.base/java.util.stream.AbstractPipeline.wrapAndCopyInto(AbstractPipeline.java:499) ~[?:?]
	at java.base/java.util.stream.ForEachOps$ForEachOp.evaluateSequential(ForEachOps.java:150) ~[?:?]
	at java.base/java.util.stream.ForEachOps$ForEachOp$OfRef.evaluateSequential(ForEachOps.java:173) ~[?:?]
	at java.base/java.util.stream.AbstractPipeline.evaluate(AbstractPipeline.java:234) ~[?:?]
	at java.base/java.util.stream.ReferencePipeline.forEach(ReferencePipeline.java:596) ~[?:?]
	at org.junit.jupiter.engine.descriptor.ClassBasedTestDescriptor.invokeTestInstancePostProcessors(ClassBasedTestDescriptor.java:377) ~[junit-jupiter-engine-5.11.4.jar:5.11.4]
	at org.junit.jupiter.engine.descriptor.ClassBasedTestDescriptor.lambda$instantiateAndPostProcessTestInstance$7(ClassBasedTestDescriptor.java:290) ~[junit-jupiter-engine-5.11.4.jar:5.11.4]
	at org.junit.platform.engine.support.hierarchical.ThrowableCollector.execute(ThrowableCollector.java:73) ~[junit-platform-engine-1.11.4.jar:1.11.4]
	at org.junit.jupiter.engine.descriptor.ClassBasedTestDescriptor.instantiateAndPostProcessTestInstance(ClassBasedTestDescriptor.java:289) ~[junit-jupiter-engine-5.11.4.jar:5.11.4]
	at org.junit.jupiter.engine.descriptor.ClassBasedTestDescriptor.lambda$testInstancesProvider$5(ClassBasedTestDescriptor.java:279) ~[junit-jupiter-engine-5.11.4.jar:5.11.4]
	at java.base/java.util.Optional.orElseGet(Optional.java:364) ~[?:?]
	at org.junit.jupiter.engine.descriptor.ClassBasedTestDescriptor.lambda$testInstancesProvider$6(ClassBasedTestDescriptor.java:278) ~[junit-jupiter-engine-5.11.4.jar:5.11.4]
	at org.junit.jupiter.engine.execution.TestInstancesProvider.getTestInstances(TestInstancesProvider.java:31) ~[junit-jupiter-engine-5.11.4.jar:5.11.4]
	at org.junit.jupiter.engine.descriptor.TestMethodTestDescriptor.lambda$prepare$1(TestMethodTestDescriptor.java:105) ~[junit-jupiter-engine-5.11.4.jar:5.11.4]
	at org.junit.platform.engine.support.hierarchical.ThrowableCollector.execute(ThrowableCollector.java:73) ~[junit-platform-engine-1.11.4.jar:1.11.4]
	at org.junit.jupiter.engine.descriptor.TestMethodTestDescriptor.prepare(TestMethodTestDescriptor.java:104) ~[junit-jupiter-engine-5.11.4.jar:5.11.4]
	at org.junit.jupiter.engine.descriptor.TestMethodTestDescriptor.prepare(TestMethodTestDescriptor.java:68) ~[junit-jupiter-engine-5.11.4.jar:5.11.4]
	at org.junit.platform.engine.support.hierarchical.NodeTestTask.lambda$prepare$2(NodeTestTask.java:128) ~[junit-platform-engine-1.11.4.jar:1.11.4]
	at org.junit.platform.engine.support.hierarchical.ThrowableCollector.execute(ThrowableCollector.java:73) ~[junit-platform-engine-1.11.4.jar:1.11.4]
	at org.junit.platform.engine.support.hierarchical.NodeTestTask.prepare(NodeTestTask.java:128) ~[junit-platform-engine-1.11.4.jar:1.11.4]
	at org.junit.platform.engine.support.hierarchical.NodeTestTask.execute(NodeTestTask.java:95) ~[junit-platform-engine-1.11.4.jar:1.11.4]
	at java.base/java.util.ArrayList.forEach(ArrayList.java:1511) ~[?:?]
	at org.junit.platform.engine.support.hierarchical.SameThreadHierarchicalTestExecutorService.invokeAll(SameThreadHierarchicalTestExecutorService.java:41) ~[junit-platform-engine-1.11.4.jar:1.11.4]
	at org.junit.platform.engine.support.hierarchical.NodeTestTask.lambda$executeRecursively$6(NodeTestTask.java:160) ~[junit-platform-engine-1.11.4.jar:1.11.4]
	at org.junit.platform.engine.support.hierarchical.ThrowableCollector.execute(ThrowableCollector.java:73) ~[junit-platform-engine-1.11.4.jar:1.11.4]
	at org.junit.platform.engine.support.hierarchical.NodeTestTask.lambda$executeRecursively$8(NodeTestTask.java:146) ~[junit-platform-engine-1.11.4.jar:1.11.4]
	at org.junit.platform.engine.support.hierarchical.Node.around(Node.java:137) ~[junit-platform-engine-1.11.4.jar:1.11.4]
	at org.junit.platform.engine.support.hierarchical.NodeTestTask.lambda$executeRecursively$9(NodeTestTask.java:144) ~[junit-platform-engine-1.11.4.jar:1.11.4]
	at org.junit.platform.engine.support.hierarchical.ThrowableCollector.execute(ThrowableCollector.java:73) ~[junit-platform-engine-1.11.4.jar:1.11.4]
	at org.junit.platform.engine.support.hierarchical.NodeTestTask.executeRecursively(NodeTestTask.java:143) ~[junit-platform-engine-1.11.4.jar:1.11.4]
	at org.junit.platform.engine.support.hierarchical.NodeTestTask.execute(NodeTestTask.java:100) ~[junit-platform-engine-1.11.4.jar:1.11.4]
	at java.base/java.util.ArrayList.forEach(ArrayList.java:1511) ~[?:?]
	at org.junit.platform.engine.support.hierarchical.SameThreadHierarchicalTestExecutorService.invokeAll(SameThreadHierarchicalTestExecutorService.java:41) ~[junit-platform-engine-1.11.4.jar:1.11.4]
	at org.junit.platform.engine.support.hierarchical.NodeTestTask.lambda$executeRecursively$6(NodeTestTask.java:160) ~[junit-platform-engine-1.11.4.jar:1.11.4]
	at org.junit.platform.engine.support.hierarchical.ThrowableCollector.execute(ThrowableCollector.java:73) ~[junit-platform-engine-1.11.4.jar:1.11.4]
	at org.junit.platform.engine.support.hierarchical.NodeTestTask.lambda$executeRecursively$8(NodeTestTask.java:146) ~[junit-platform-engine-1.11.4.jar:1.11.4]
	at org.junit.platform.engine.support.hierarchical.Node.around(Node.java:137) ~[junit-platform-engine-1.11.4.jar:1.11.4]
	at org.junit.platform.engine.support.hierarchical.NodeTestTask.lambda$executeRecursively$9(NodeTestTask.java:144) ~[junit-platform-engine-1.11.4.jar:1.11.4]
	at org.junit.platform.engine.support.hierarchical.ThrowableCollector.execute(ThrowableCollector.java:73) ~[junit-platform-engine-1.11.4.jar:1.11.4]
	at org.junit.platform.engine.support.hierarchical.NodeTestTask.executeRecursively(NodeTestTask.java:143) ~[junit-platform-engine-1.11.4.jar:1.11.4]
	at org.junit.platform.engine.support.hierarchical.NodeTestTask.execute(NodeTestTask.java:100) ~[junit-platform-engine-1.11.4.jar:1.11.4]
	at org.junit.platform.engine.support.hierarchical.SameThreadHierarchicalTestExecutorService.submit(SameThreadHierarchicalTestExecutorService.java:35) ~[junit-platform-engine-1.11.4.jar:1.11.4]
	at org.junit.platform.engine.support.hierarchical.HierarchicalTestExecutor.execute(HierarchicalTestExecutor.java:57) ~[junit-platform-engine-1.11.4.jar:1.11.4]
	at org.junit.platform.engine.support.hierarchical.HierarchicalTestEngine.execute(HierarchicalTestEngine.java:54) ~[junit-platform-engine-1.11.4.jar:1.11.4]
	at org.junit.platform.launcher.core.EngineExecutionOrchestrator.execute(EngineExecutionOrchestrator.java:198) ~[junit-platform-launcher-1.11.4.jar:1.11.4]
	at org.junit.platform.launcher.core.EngineExecutionOrchestrator.execute(EngineExecutionOrchestrator.java:169) ~[junit-platform-launcher-1.11.4.jar:1.11.4]
	at org.junit.platform.launcher.core.EngineExecutionOrchestrator.execute(EngineExecutionOrchestrator.java:93) ~[junit-platform-launcher-1.11.4.jar:1.11.4]
	at org.junit.platform.launcher.core.EngineExecutionOrchestrator.lambda$execute$0(EngineExecutionOrchestrator.java:58) ~[junit-platform-launcher-1.11.4.jar:1.11.4]
	at org.junit.platform.launcher.core.EngineExecutionOrchestrator.withInterceptedStreams(EngineExecutionOrchestrator.java:141) [junit-platform-launcher-1.11.4.jar:1.11.4]
	at org.junit.platform.launcher.core.EngineExecutionOrchestrator.execute(EngineExecutionOrchestrator.java:57) [junit-platform-launcher-1.11.4.jar:1.11.4]
	at org.junit.platform.launcher.core.DefaultLauncher.execute(DefaultLauncher.java:103) [junit-platform-launcher-1.11.4.jar:1.11.4]
	at org.junit.platform.launcher.core.DefaultLauncher.execute(DefaultLauncher.java:85) [junit-platform-launcher-1.11.4.jar:1.11.4]
	at org.junit.platform.launcher.core.DelegatingLauncher.execute(DelegatingLauncher.java:47) [junit-platform-launcher-1.11.4.jar:1.11.4]
	at org.apache.maven.surefire.junitplatform.LazyLauncher.execute(LazyLauncher.java:56) [surefire-junit-platform-3.5.2.jar:3.5.2]
	at org.apache.maven.surefire.junitplatform.JUnitPlatformProvider.execute(JUnitPlatformProvider.java:184) [surefire-junit-platform-3.5.2.jar:3.5.2]
	at org.apache.maven.surefire.junitplatform.JUnitPlatformProvider.invokeAllTests(JUnitPlatformProvider.java:148) [surefire-junit-platform-3.5.2.jar:3.5.2]
	at org.apache.maven.surefire.junitplatform.JUnitPlatformProvider.invoke(JUnitPlatformProvider.java:122) [surefire-junit-platform-3.5.2.jar:3.5.2]
	at org.apache.maven.surefire.booter.ForkedBooter.runSuitesInProcess(ForkedBooter.java:385) [surefire-booter-3.5.2.jar:3.5.2]
	at org.apache.maven.surefire.booter.ForkedBooter.execute(ForkedBooter.java:162) [surefire-booter-3.5.2.jar:3.5.2]
	at org.apache.maven.surefire.booter.ForkedBooter.run(ForkedBooter.java:507) [surefire-booter-3.5.2.jar:3.5.2]
	at org.apache.maven.surefire.booter.ForkedBooter.main(ForkedBooter.java:495) [surefire-booter-3.5.2.jar:3.5.2]
2025-06-13 17:24:43.080 [main] DEBUG org.springframework.data.jpa.repository.query.NamedQuery - Did not find named query Trainer.findTrainersByCriteria.count
2025-06-13 17:24:43.081 [main] DEBUG org.springframework.orm.jpa.SharedEntityManagerCreator$SharedEntityManagerInvocationHandler - Creating new EntityManager for shared EntityManager invocation
2025-06-13 17:24:43.087 [main] DEBUG org.hibernate.orm.query.hql - HQL : SELECT DISTINCT t FROM Trainer t LEFT JOIN t.location a LEFT JOIN t.sports s LEFT JOIN t.gyms g WHERE t.isDeleted = false AND (:firstName IS NULL OR (CAST(t.firstName AS string) LIKE CONCAT('%', CAST(:firstName AS string), '%'))) AND (:lastName IS NULL OR (CAST(t.lastName AS string) LIKE CONCAT('%', CAST(:lastName AS string), '%'))) AND (:gender IS NULL OR t.gender = :gender) AND (:sportIds IS NULL OR s.id IN :sportIds_1) AND (:gymIds IS NULL OR g.id IN :gymIds_1) AND (:locationCountry IS NULL OR (a.country LIKE CONCAT('%', CAST(:locationCountry AS string), '%'))) AND (:locationCity IS NULL OR (a.city LIKE CONCAT('%', CAST(:locationCity AS string), '%'))) AND (:locationCityDistrict IS NULL OR (a.cityDistrict LIKE CONCAT('%', CAST(:locationCityDistrict AS string), '%'))) AND (:locationStreet IS NULL OR (a.street LIKE CONCAT('%', CAST(:locationStreet AS string), '%'))) AND (:locationHouse IS NULL OR (a.house LIKE CONCAT('%', CAST(:locationHouse AS string), '%'))) AND (:onlineTraining IS NULL OR t.onlineTraining = :onlineTraining) 
2025-06-13 17:24:43.088 [main] DEBUG org.hibernate.orm.query.hql.reservedWordAsIdentifier - Encountered use of reserved word as identifier : IN
2025-06-13 17:24:43.089 [main] DEBUG org.hibernate.orm.query.hql.reservedWordAsIdentifier - Encountered use of reserved word as identifier : IN
2025-06-13 17:24:43.090 [main] DEBUG org.hibernate.orm.query.sqm.creation - Applying inferable type to SqmExpression [SqmNamedParameter(gender)] : null -> SqmBasicValuedSimplePath(com.example.trainup.model.user.Trainer(t).gender)
2025-06-13 17:24:43.090 [main] DEBUG org.hibernate.orm.query.sqm.creation - Applying inferable type to SqmExpression [SqmNamedParameter(sportIds_1)] : null -> SqmBasicValuedSimplePath(com.example.trainup.model.user.Trainer(t).sports(s).{element}.id)
2025-06-13 17:24:43.090 [main] DEBUG org.hibernate.orm.query.sqm.creation - Applying inferable type to SqmExpression [SqmNamedParameter(gymIds_1)] : null -> SqmBasicValuedSimplePath(com.example.trainup.model.user.Trainer(t).gyms(g).{element}.id)
2025-06-13 17:24:43.091 [main] DEBUG org.hibernate.orm.query.sqm.creation - Applying inferable type to SqmExpression [SqmNamedParameter(onlineTraining)] : null -> SqmBasicValuedSimplePath(com.example.trainup.model.user.Trainer(t).onlineTraining)
2025-06-13 17:24:43.091 [main] DEBUG org.hibernate.orm.query.sqm.ast - SqmStatement Tree :
    -> [select]
      -> [query-spec]
        -> [select(distinct)]
          -> [selection]
            -> [root] - `com.example.trainup.model.user.Trainer(t)`
              -> [joins]
                -> [attribute] - `com.example.trainup.model.user.Trainer(t).location(a)`
                    [fetched = false]
                <- [attribute] - `com.example.trainup.model.user.Trainer(t).location(a)`
                -> [attribute] - `com.example.trainup.model.user.Trainer(t).sports(s)`
                    [fetched = false]
                <- [attribute] - `com.example.trainup.model.user.Trainer(t).sports(s)`
                -> [attribute] - `com.example.trainup.model.user.Trainer(t).gyms(g)`
                    [fetched = false]
                <- [attribute] - `com.example.trainup.model.user.Trainer(t).gyms(g)`
              <- [joins]
            <- [root] - `com.example.trainup.model.user.Trainer(t)`
          <- [selection]
        <- [select(distinct)]
        -> [from]
          -> [root] - `com.example.trainup.model.user.Trainer(t)`
            -> [joins]
              -> [attribute] - `com.example.trainup.model.user.Trainer(t).location(a)`
                  [fetched = false]
              <- [attribute] - `com.example.trainup.model.user.Trainer(t).location(a)`
              -> [attribute] - `com.example.trainup.model.user.Trainer(t).sports(s)`
                  [fetched = false]
              <- [attribute] - `com.example.trainup.model.user.Trainer(t).sports(s)`
              -> [attribute] - `com.example.trainup.model.user.Trainer(t).gyms(g)`
                  [fetched = false]
              <- [attribute] - `com.example.trainup.model.user.Trainer(t).gyms(g)`
            <- [joins]
          <- [root] - `com.example.trainup.model.user.Trainer(t)`
        <- [from]
        -> [where]
          -> [and]
            -> [EQUAL]
                -> [basic-path] - `com.example.trainup.model.user.Trainer(t).isDeleted`
            <- [EQUAL]
            -> [grouped]
                -> [or]
                  -> [is-null]
                      :firstName
                  <- [is-null]
                  -> [grouped]
                      -> [is-like]
                      <- [is-like]
                  <- [grouped]
                <- [or]
            <- [grouped]
            -> [grouped]
                -> [or]
                  -> [is-null]
                      :lastName
                  <- [is-null]
                  -> [grouped]
                      -> [is-like]
                      <- [is-like]
                  <- [grouped]
                <- [or]
            <- [grouped]
            -> [grouped]
                -> [or]
                  -> [is-null]
                      :gender
                  <- [is-null]
                  -> [EQUAL]
                      -> [basic-path] - `com.example.trainup.model.user.Trainer(t).gender`
                      :gender
                  <- [EQUAL]
                <- [or]
            <- [grouped]
            -> [grouped]
                -> [or]
                  -> [is-null]
                      :sportIds
                  <- [is-null]
                <- [or]
            <- [grouped]
            -> [grouped]
                -> [or]
                  -> [is-null]
                      :gymIds
                  <- [is-null]
                <- [or]
            <- [grouped]
            -> [grouped]
                -> [or]
                  -> [is-null]
                      :locationCountry
                  <- [is-null]
                  -> [grouped]
                      -> [is-like]
                        -> [basic-path] - `com.example.trainup.model.user.Trainer(t).location(a).country`
                      <- [is-like]
                  <- [grouped]
                <- [or]
            <- [grouped]
            -> [grouped]
                -> [or]
                  -> [is-null]
                      :locationCity
                  <- [is-null]
                  -> [grouped]
                      -> [is-like]
                        -> [basic-path] - `com.example.trainup.model.user.Trainer(t).location(a).city`
                      <- [is-like]
                  <- [grouped]
                <- [or]
            <- [grouped]
            -> [grouped]
                -> [or]
                  -> [is-null]
                      :locationCityDistrict
                  <- [is-null]
                  -> [grouped]
                      -> [is-like]
                        -> [basic-path] - `com.example.trainup.model.user.Trainer(t).location(a).cityDistrict`
                      <- [is-like]
                  <- [grouped]
                <- [or]
            <- [grouped]
            -> [grouped]
                -> [or]
                  -> [is-null]
                      :locationStreet
                  <- [is-null]
                  -> [grouped]
                      -> [is-like]
                        -> [basic-path] - `com.example.trainup.model.user.Trainer(t).location(a).street`
                      <- [is-like]
                  <- [grouped]
                <- [or]
            <- [grouped]
            -> [grouped]
                -> [or]
                  -> [is-null]
                      :locationHouse
                  <- [is-null]
                  -> [grouped]
                      -> [is-like]
                        -> [basic-path] - `com.example.trainup.model.user.Trainer(t).location(a).house`
                      <- [is-like]
                  <- [grouped]
                <- [or]
            <- [grouped]
            -> [grouped]
                -> [or]
                  -> [is-null]
                      :onlineTraining
                  <- [is-null]
                  -> [EQUAL]
                      -> [basic-path] - `com.example.trainup.model.user.Trainer(t).onlineTraining`
                      :onlineTraining
                  <- [EQUAL]
                <- [or]
            <- [grouped]
          <- [and]
        <- [where]
      <- [query-spec]
    <- [select]

2025-06-13 17:24:43.095 [main] DEBUG org.hibernate.orm.query.hql - HQL : SELECT count(DISTINCT t) FROM Trainer t LEFT JOIN t.location a LEFT JOIN t.sports s LEFT JOIN t.gyms g WHERE t.isDeleted = false AND (:firstName IS NULL OR (CAST(t.firstName AS string) LIKE CONCAT('%', CAST(:firstName AS string), '%'))) AND (:lastName IS NULL OR (CAST(t.lastName AS string) LIKE CONCAT('%', CAST(:lastName AS string), '%'))) AND (:gender IS NULL OR t.gender = :gender) AND (:sportIds IS NULL OR s.id IN :sportIds_1) AND (:gymIds IS NULL OR g.id IN :gymIds_1) AND (:locationCountry IS NULL OR (a.country LIKE CONCAT('%', CAST(:locationCountry AS string), '%'))) AND (:locationCity IS NULL OR (a.city LIKE CONCAT('%', CAST(:locationCity AS string), '%'))) AND (:locationCityDistrict IS NULL OR (a.cityDistrict LIKE CONCAT('%', CAST(:locationCityDistrict AS string), '%'))) AND (:locationStreet IS NULL OR (a.street LIKE CONCAT('%', CAST(:locationStreet AS string), '%'))) AND (:locationHouse IS NULL OR (a.house LIKE CONCAT('%', CAST(:locationHouse AS string), '%'))) AND (:onlineTraining IS NULL OR t.onlineTraining = :onlineTraining)
2025-06-13 17:24:43.096 [main] DEBUG org.hibernate.orm.query.hql.reservedWordAsIdentifier - Encountered use of reserved word as identifier : (
2025-06-13 17:24:43.096 [main] DEBUG org.hibernate.orm.query.hql.reservedWordAsIdentifier - Encountered use of reserved word as identifier : IN
2025-06-13 17:24:43.096 [main] DEBUG org.hibernate.orm.query.hql.reservedWordAsIdentifier - Encountered use of reserved word as identifier : IN
2025-06-13 17:24:43.097 [main] DEBUG org.hibernate.orm.query.sqm.creation - Applying inferable type to SqmExpression [SqmNamedParameter(gender)] : null -> SqmBasicValuedSimplePath(com.example.trainup.model.user.Trainer(t).gender)
2025-06-13 17:24:43.097 [main] DEBUG org.hibernate.orm.query.sqm.creation - Applying inferable type to SqmExpression [SqmNamedParameter(sportIds_1)] : null -> SqmBasicValuedSimplePath(com.example.trainup.model.user.Trainer(t).sports(s).{element}.id)
2025-06-13 17:24:43.098 [main] DEBUG org.hibernate.orm.query.sqm.creation - Applying inferable type to SqmExpression [SqmNamedParameter(gymIds_1)] : null -> SqmBasicValuedSimplePath(com.example.trainup.model.user.Trainer(t).gyms(g).{element}.id)
2025-06-13 17:24:43.098 [main] DEBUG org.hibernate.orm.query.sqm.creation - Applying inferable type to SqmExpression [SqmNamedParameter(onlineTraining)] : null -> SqmBasicValuedSimplePath(com.example.trainup.model.user.Trainer(t).onlineTraining)
2025-06-13 17:24:43.099 [main] DEBUG org.hibernate.orm.query.sqm.ast - SqmStatement Tree :
    -> [select]
      -> [query-spec]
        -> [select]
          -> [selection]
          <- [selection]
        <- [select]
        -> [from]
          -> [root] - `com.example.trainup.model.user.Trainer(t)`
            -> [joins]
              -> [attribute] - `com.example.trainup.model.user.Trainer(t).location(a)`
                  [fetched = false]
              <- [attribute] - `com.example.trainup.model.user.Trainer(t).location(a)`
              -> [attribute] - `com.example.trainup.model.user.Trainer(t).sports(s)`
                  [fetched = false]
              <- [attribute] - `com.example.trainup.model.user.Trainer(t).sports(s)`
              -> [attribute] - `com.example.trainup.model.user.Trainer(t).gyms(g)`
                  [fetched = false]
              <- [attribute] - `com.example.trainup.model.user.Trainer(t).gyms(g)`
            <- [joins]
          <- [root] - `com.example.trainup.model.user.Trainer(t)`
        <- [from]
        -> [where]
          -> [and]
            -> [EQUAL]
                -> [basic-path] - `com.example.trainup.model.user.Trainer(t).isDeleted`
            <- [EQUAL]
            -> [grouped]
                -> [or]
                  -> [is-null]
                      :firstName
                  <- [is-null]
                  -> [grouped]
                      -> [is-like]
                      <- [is-like]
                  <- [grouped]
                <- [or]
            <- [grouped]
            -> [grouped]
                -> [or]
                  -> [is-null]
                      :lastName
                  <- [is-null]
                  -> [grouped]
                      -> [is-like]
                      <- [is-like]
                  <- [grouped]
                <- [or]
            <- [grouped]
            -> [grouped]
                -> [or]
                  -> [is-null]
                      :gender
                  <- [is-null]
                  -> [EQUAL]
                      -> [basic-path] - `com.example.trainup.model.user.Trainer(t).gender`
                      :gender
                  <- [EQUAL]
                <- [or]
            <- [grouped]
            -> [grouped]
                -> [or]
                  -> [is-null]
                      :sportIds
                  <- [is-null]
                <- [or]
            <- [grouped]
            -> [grouped]
                -> [or]
                  -> [is-null]
                      :gymIds
                  <- [is-null]
                <- [or]
            <- [grouped]
            -> [grouped]
                -> [or]
                  -> [is-null]
                      :locationCountry
                  <- [is-null]
                  -> [grouped]
                      -> [is-like]
                        -> [basic-path] - `com.example.trainup.model.user.Trainer(t).location(a).country`
                      <- [is-like]
                  <- [grouped]
                <- [or]
            <- [grouped]
            -> [grouped]
                -> [or]
                  -> [is-null]
                      :locationCity
                  <- [is-null]
                  -> [grouped]
                      -> [is-like]
                        -> [basic-path] - `com.example.trainup.model.user.Trainer(t).location(a).city`
                      <- [is-like]
                  <- [grouped]
                <- [or]
            <- [grouped]
            -> [grouped]
                -> [or]
                  -> [is-null]
                      :locationCityDistrict
                  <- [is-null]
                  -> [grouped]
                      -> [is-like]
                        -> [basic-path] - `com.example.trainup.model.user.Trainer(t).location(a).cityDistrict`
                      <- [is-like]
                  <- [grouped]
                <- [or]
            <- [grouped]
            -> [grouped]
                -> [or]
                  -> [is-null]
                      :locationStreet
                  <- [is-null]
                  -> [grouped]
                      -> [is-like]
                        -> [basic-path] - `com.example.trainup.model.user.Trainer(t).location(a).street`
                      <- [is-like]
                  <- [grouped]
                <- [or]
            <- [grouped]
            -> [grouped]
                -> [or]
                  -> [is-null]
                      :locationHouse
                  <- [is-null]
                  -> [grouped]
                      -> [is-like]
                        -> [basic-path] - `com.example.trainup.model.user.Trainer(t).location(a).house`
                      <- [is-like]
                  <- [grouped]
                <- [or]
            <- [grouped]
            -> [grouped]
                -> [or]
                  -> [is-null]
                      :onlineTraining
                  <- [is-null]
                  -> [EQUAL]
                      -> [basic-path] - `com.example.trainup.model.user.Trainer(t).onlineTraining`
                      :onlineTraining
                  <- [EQUAL]
                <- [or]
            <- [grouped]
          <- [and]
        <- [where]
      <- [query-spec]
    <- [select]

2025-06-13 17:24:43.100 [main] DEBUG org.springframework.data.jpa.repository.query.NamedQuery - Looking up named query 'Trainer.findTrainerById'
2025-06-13 17:24:43.100 [main] DEBUG org.hibernate.resource.transaction.backend.jdbc.internal.JdbcResourceLocalTransactionCoordinatorImpl - JDBC transaction marked for rollback-only (exception provided for stack trace)
java.lang.Exception: exception just for purpose of providing stack trace
	at org.hibernate.resource.transaction.backend.jdbc.internal.JdbcResourceLocalTransactionCoordinatorImpl$TransactionDriverControlImpl.markRollbackOnly(JdbcResourceLocalTransactionCoordinatorImpl.java:309) ~[hibernate-core-6.6.8.Final.jar:6.6.8.Final]
	at org.hibernate.internal.AbstractSharedSessionContract.buildNamedQuery(AbstractSharedSessionContract.java:1141) ~[hibernate-core-6.6.8.Final.jar:6.6.8.Final]
	at org.hibernate.internal.AbstractSharedSessionContract.createNamedQuery(AbstractSharedSessionContract.java:1019) ~[hibernate-core-6.6.8.Final.jar:6.6.8.Final]
	at org.hibernate.internal.AbstractSharedSessionContract.createNamedQuery(AbstractSharedSessionContract.java:143) ~[hibernate-core-6.6.8.Final.jar:6.6.8.Final]
	at jdk.internal.reflect.GeneratedMethodAccessor95.invoke(Unknown Source) ~[?:?]
	at java.base/jdk.internal.reflect.DelegatingMethodAccessorImpl.invoke(DelegatingMethodAccessorImpl.java:43) ~[?:?]
	at java.base/java.lang.reflect.Method.invoke(Method.java:569) ~[?:?]
	at org.springframework.orm.jpa.ExtendedEntityManagerCreator$ExtendedEntityManagerInvocationHandler.invoke(ExtendedEntityManagerCreator.java:364) ~[spring-orm-6.2.3.jar:6.2.3]
	at jdk.proxy2/jdk.proxy2.$Proxy233.createNamedQuery(Unknown Source) ~[?:?]
	at org.springframework.data.jpa.repository.query.NamedQuery.hasNamedQuery(NamedQuery.java:114) ~[spring-data-jpa-3.4.3.jar:3.4.3]
	at org.springframework.data.jpa.repository.query.NamedQuery.lookupFrom(NamedQuery.java:140) ~[spring-data-jpa-3.4.3.jar:3.4.3]
	at org.springframework.data.jpa.repository.query.JpaQueryLookupStrategy$DeclaredQueryLookupStrategy.resolveQuery(JpaQueryLookupStrategy.java:184) ~[spring-data-jpa-3.4.3.jar:3.4.3]
	at org.springframework.data.jpa.repository.query.JpaQueryLookupStrategy$CreateIfNotFoundQueryLookupStrategy.resolveQuery(JpaQueryLookupStrategy.java:256) ~[spring-data-jpa-3.4.3.jar:3.4.3]
	at org.springframework.data.jpa.repository.query.JpaQueryLookupStrategy$AbstractQueryLookupStrategy.resolveQuery(JpaQueryLookupStrategy.java:99) ~[spring-data-jpa-3.4.3.jar:3.4.3]
	at org.springframework.data.repository.core.support.QueryExecutorMethodInterceptor.lookupQuery(QueryExecutorMethodInterceptor.java:116) ~[spring-data-commons-3.4.3.jar:3.4.3]
	at org.springframework.data.repository.core.support.QueryExecutorMethodInterceptor.mapMethodsToQuery(QueryExecutorMethodInterceptor.java:104) ~[spring-data-commons-3.4.3.jar:3.4.3]
	at org.springframework.data.repository.core.support.QueryExecutorMethodInterceptor.lambda$new$0(QueryExecutorMethodInterceptor.java:92) ~[spring-data-commons-3.4.3.jar:3.4.3]
	at java.base/java.util.Optional.map(Optional.java:260) ~[?:?]
	at org.springframework.data.repository.core.support.QueryExecutorMethodInterceptor.<init>(QueryExecutorMethodInterceptor.java:92) ~[spring-data-commons-3.4.3.jar:3.4.3]
	at org.springframework.data.repository.core.support.RepositoryFactorySupport.getRepository(RepositoryFactorySupport.java:440) ~[spring-data-commons-3.4.3.jar:3.4.3]
	at org.springframework.data.repository.core.support.RepositoryFactoryBeanSupport.lambda$afterPropertiesSet$4(RepositoryFactoryBeanSupport.java:350) ~[spring-data-commons-3.4.3.jar:3.4.3]
	at org.springframework.data.util.Lazy.getNullable(Lazy.java:135) ~[spring-data-commons-3.4.3.jar:3.4.3]
	at org.springframework.data.util.Lazy.get(Lazy.java:113) ~[spring-data-commons-3.4.3.jar:3.4.3]
	at org.springframework.data.repository.core.support.RepositoryFactoryBeanSupport.afterPropertiesSet(RepositoryFactoryBeanSupport.java:356) ~[spring-data-commons-3.4.3.jar:3.4.3]
	at org.springframework.data.jpa.repository.support.JpaRepositoryFactoryBean.afterPropertiesSet(JpaRepositoryFactoryBean.java:132) ~[spring-data-jpa-3.4.3.jar:3.4.3]
	at org.springframework.beans.factory.support.AbstractAutowireCapableBeanFactory.invokeInitMethods(AbstractAutowireCapableBeanFactory.java:1859) ~[spring-beans-6.2.3.jar:6.2.3]
	at org.springframework.beans.factory.support.AbstractAutowireCapableBeanFactory.initializeBean(AbstractAutowireCapableBeanFactory.java:1808) ~[spring-beans-6.2.3.jar:6.2.3]
	at org.springframework.beans.factory.support.AbstractAutowireCapableBeanFactory.doCreateBean(AbstractAutowireCapableBeanFactory.java:601) ~[spring-beans-6.2.3.jar:6.2.3]
	at org.springframework.beans.factory.support.AbstractAutowireCapableBeanFactory.createBean(AbstractAutowireCapableBeanFactory.java:523) ~[spring-beans-6.2.3.jar:6.2.3]
	at org.springframework.beans.factory.support.AbstractBeanFactory.lambda$doGetBean$0(AbstractBeanFactory.java:339) ~[spring-beans-6.2.3.jar:6.2.3]
	at org.springframework.beans.factory.support.DefaultSingletonBeanRegistry.getSingleton(DefaultSingletonBeanRegistry.java:346) ~[spring-beans-6.2.3.jar:6.2.3]
	at org.springframework.beans.factory.support.AbstractBeanFactory.doGetBean(AbstractBeanFactory.java:337) ~[spring-beans-6.2.3.jar:6.2.3]
	at org.springframework.beans.factory.support.AbstractBeanFactory.getBean(AbstractBeanFactory.java:202) ~[spring-beans-6.2.3.jar:6.2.3]
	at org.springframework.beans.factory.support.DefaultListableBeanFactory.doResolveDependency(DefaultListableBeanFactory.java:1606) ~[spring-beans-6.2.3.jar:6.2.3]
	at org.springframework.beans.factory.support.DefaultListableBeanFactory.resolveDependency(DefaultListableBeanFactory.java:1552) ~[spring-beans-6.2.3.jar:6.2.3]
	at org.springframework.beans.factory.support.ConstructorResolver.resolveAutowiredArgument(ConstructorResolver.java:913) ~[spring-beans-6.2.3.jar:6.2.3]
	at org.springframework.beans.factory.support.ConstructorResolver.createArgumentArray(ConstructorResolver.java:791) ~[spring-beans-6.2.3.jar:6.2.3]
	at org.springframework.beans.factory.support.ConstructorResolver.autowireConstructor(ConstructorResolver.java:240) ~[spring-beans-6.2.3.jar:6.2.3]
	at org.springframework.beans.factory.support.AbstractAutowireCapableBeanFactory.autowireConstructor(AbstractAutowireCapableBeanFactory.java:1381) ~[spring-beans-6.2.3.jar:6.2.3]
	at org.springframework.beans.factory.support.AbstractAutowireCapableBeanFactory.createBeanInstance(AbstractAutowireCapableBeanFactory.java:1218) ~[spring-beans-6.2.3.jar:6.2.3]
	at org.springframework.beans.factory.support.AbstractAutowireCapableBeanFactory.doCreateBean(AbstractAutowireCapableBeanFactory.java:563) ~[spring-beans-6.2.3.jar:6.2.3]
	at org.springframework.beans.factory.support.AbstractAutowireCapableBeanFactory.createBean(AbstractAutowireCapableBeanFactory.java:523) ~[spring-beans-6.2.3.jar:6.2.3]
	at org.springframework.beans.factory.support.AbstractBeanFactory.lambda$doGetBean$0(AbstractBeanFactory.java:339) ~[spring-beans-6.2.3.jar:6.2.3]
	at org.springframework.beans.factory.support.DefaultSingletonBeanRegistry.getSingleton(DefaultSingletonBeanRegistry.java:346) ~[spring-beans-6.2.3.jar:6.2.3]
	at org.springframework.beans.factory.support.AbstractBeanFactory.doGetBean(AbstractBeanFactory.java:337) ~[spring-beans-6.2.3.jar:6.2.3]
	at org.springframework.beans.factory.support.AbstractBeanFactory.getBean(AbstractBeanFactory.java:202) ~[spring-beans-6.2.3.jar:6.2.3]
	at org.springframework.beans.factory.config.DependencyDescriptor.resolveCandidate(DependencyDescriptor.java:254) ~[spring-beans-6.2.3.jar:6.2.3]
	at org.springframework.beans.factory.support.DefaultListableBeanFactory.doResolveDependency(DefaultListableBeanFactory.java:1664) ~[spring-beans-6.2.3.jar:6.2.3]
	at org.springframework.beans.factory.support.DefaultListableBeanFactory.resolveDependency(DefaultListableBeanFactory.java:1552) ~[spring-beans-6.2.3.jar:6.2.3]
	at org.springframework.beans.factory.support.ConstructorResolver.resolveAutowiredArgument(ConstructorResolver.java:913) ~[spring-beans-6.2.3.jar:6.2.3]
	at org.springframework.beans.factory.support.ConstructorResolver.createArgumentArray(ConstructorResolver.java:791) ~[spring-beans-6.2.3.jar:6.2.3]
	at org.springframework.beans.factory.support.ConstructorResolver.autowireConstructor(ConstructorResolver.java:240) ~[spring-beans-6.2.3.jar:6.2.3]
	at org.springframework.beans.factory.support.AbstractAutowireCapableBeanFactory.autowireConstructor(AbstractAutowireCapableBeanFactory.java:1381) ~[spring-beans-6.2.3.jar:6.2.3]
	at org.springframework.beans.factory.support.AbstractAutowireCapableBeanFactory.createBeanInstance(AbstractAutowireCapableBeanFactory.java:1218) ~[spring-beans-6.2.3.jar:6.2.3]
	at org.springframework.beans.factory.support.AbstractAutowireCapableBeanFactory.doCreateBean(AbstractAutowireCapableBeanFactory.java:563) ~[spring-beans-6.2.3.jar:6.2.3]
	at org.springframework.beans.factory.support.AbstractAutowireCapableBeanFactory.createBean(AbstractAutowireCapableBeanFactory.java:523) ~[spring-beans-6.2.3.jar:6.2.3]
	at org.springframework.beans.factory.support.AbstractBeanFactory.lambda$doGetBean$0(AbstractBeanFactory.java:339) ~[spring-beans-6.2.3.jar:6.2.3]
	at org.springframework.beans.factory.support.DefaultSingletonBeanRegistry.getSingleton(DefaultSingletonBeanRegistry.java:346) ~[spring-beans-6.2.3.jar:6.2.3]
	at org.springframework.beans.factory.support.AbstractBeanFactory.doGetBean(AbstractBeanFactory.java:337) ~[spring-beans-6.2.3.jar:6.2.3]
	at org.springframework.beans.factory.support.AbstractBeanFactory.getBean(AbstractBeanFactory.java:202) ~[spring-beans-6.2.3.jar:6.2.3]
	at org.springframework.beans.factory.support.DefaultListableBeanFactory.instantiateSingleton(DefaultListableBeanFactory.java:1155) ~[spring-beans-6.2.3.jar:6.2.3]
	at org.springframework.beans.factory.support.DefaultListableBeanFactory.preInstantiateSingleton(DefaultListableBeanFactory.java:1121) ~[spring-beans-6.2.3.jar:6.2.3]
	at org.springframework.beans.factory.support.DefaultListableBeanFactory.preInstantiateSingletons(DefaultListableBeanFactory.java:1056) ~[spring-beans-6.2.3.jar:6.2.3]
	at org.springframework.context.support.AbstractApplicationContext.finishBeanFactoryInitialization(AbstractApplicationContext.java:987) ~[spring-context-6.2.3.jar:6.2.3]
	at org.springframework.context.support.AbstractApplicationContext.refresh(AbstractApplicationContext.java:627) ~[spring-context-6.2.3.jar:6.2.3]
	at org.springframework.boot.SpringApplication.refresh(SpringApplication.java:752) ~[spring-boot-3.4.3.jar:3.4.3]
	at org.springframework.boot.SpringApplication.refreshContext(SpringApplication.java:439) ~[spring-boot-3.4.3.jar:3.4.3]
	at org.springframework.boot.SpringApplication.run(SpringApplication.java:318) ~[spring-boot-3.4.3.jar:3.4.3]
	at org.springframework.boot.test.context.SpringBootContextLoader.lambda$loadContext$3(SpringBootContextLoader.java:137) ~[spring-boot-test-3.4.3.jar:3.4.3]
	at org.springframework.util.function.ThrowingSupplier.get(ThrowingSupplier.java:58) ~[spring-core-6.2.3.jar:6.2.3]
	at org.springframework.util.function.ThrowingSupplier.get(ThrowingSupplier.java:46) ~[spring-core-6.2.3.jar:6.2.3]
	at org.springframework.boot.SpringApplication.withHook(SpringApplication.java:1461) ~[spring-boot-3.4.3.jar:3.4.3]
	at org.springframework.boot.test.context.SpringBootContextLoader$ContextLoaderHook.run(SpringBootContextLoader.java:553) ~[spring-boot-test-3.4.3.jar:3.4.3]
	at org.springframework.boot.test.context.SpringBootContextLoader.loadContext(SpringBootContextLoader.java:137) ~[spring-boot-test-3.4.3.jar:3.4.3]
	at org.springframework.boot.test.context.SpringBootContextLoader.loadContext(SpringBootContextLoader.java:108) ~[spring-boot-test-3.4.3.jar:3.4.3]
	at org.springframework.test.context.cache.DefaultCacheAwareContextLoaderDelegate.loadContextInternal(DefaultCacheAwareContextLoaderDelegate.java:225) ~[spring-test-6.2.3.jar:6.2.3]
	at org.springframework.test.context.cache.DefaultCacheAwareContextLoaderDelegate.loadContext(DefaultCacheAwareContextLoaderDelegate.java:152) ~[spring-test-6.2.3.jar:6.2.3]
	at org.springframework.test.context.support.DefaultTestContext.getApplicationContext(DefaultTestContext.java:130) ~[spring-test-6.2.3.jar:6.2.3]
	at org.springframework.test.context.web.ServletTestExecutionListener.setUpRequestContextIfNecessary(ServletTestExecutionListener.java:200) ~[spring-test-6.2.3.jar:6.2.3]
	at org.springframework.test.context.web.ServletTestExecutionListener.prepareTestInstance(ServletTestExecutionListener.java:139) ~[spring-test-6.2.3.jar:6.2.3]
	at org.springframework.test.context.TestContextManager.prepareTestInstance(TestContextManager.java:260) ~[spring-test-6.2.3.jar:6.2.3]
	at org.springframework.test.context.junit.jupiter.SpringExtension.postProcessTestInstance(SpringExtension.java:160) ~[spring-test-6.2.3.jar:6.2.3]
	at org.junit.jupiter.engine.descriptor.ClassBasedTestDescriptor.lambda$invokeTestInstancePostProcessors$11(ClassBasedTestDescriptor.java:378) ~[junit-jupiter-engine-5.11.4.jar:5.11.4]
	at org.junit.jupiter.engine.descriptor.ClassBasedTestDescriptor.executeAndMaskThrowable(ClassBasedTestDescriptor.java:383) ~[junit-jupiter-engine-5.11.4.jar:5.11.4]
	at org.junit.jupiter.engine.descriptor.ClassBasedTestDescriptor.lambda$invokeTestInstancePostProcessors$12(ClassBasedTestDescriptor.java:378) ~[junit-jupiter-engine-5.11.4.jar:5.11.4]
	at java.base/java.util.stream.ForEachOps$ForEachOp$OfRef.accept(ForEachOps.java:183) ~[?:?]
	at java.base/java.util.stream.ReferencePipeline$3$1.accept(ReferencePipeline.java:197) ~[?:?]
	at java.base/java.util.stream.ReferencePipeline$2$1.accept(ReferencePipeline.java:179) ~[?:?]
	at java.base/java.util.stream.ReferencePipeline$3$1.accept(ReferencePipeline.java:197) ~[?:?]
	at java.base/java.util.ArrayList$ArrayListSpliterator.forEachRemaining(ArrayList.java:1625) ~[?:?]
	at java.base/java.util.stream.AbstractPipeline.copyInto(AbstractPipeline.java:509) ~[?:?]
	at java.base/java.util.stream.AbstractPipeline.wrapAndCopyInto(AbstractPipeline.java:499) ~[?:?]
	at java.base/java.util.stream.ForEachOps$ForEachOp.evaluateSequential(ForEachOps.java:150) ~[?:?]
	at java.base/java.util.stream.ForEachOps$ForEachOp$OfRef.evaluateSequential(ForEachOps.java:173) ~[?:?]
	at java.base/java.util.stream.AbstractPipeline.evaluate(AbstractPipeline.java:234) ~[?:?]
	at java.base/java.util.stream.ReferencePipeline.forEach(ReferencePipeline.java:596) ~[?:?]
	at org.junit.jupiter.engine.descriptor.ClassBasedTestDescriptor.invokeTestInstancePostProcessors(ClassBasedTestDescriptor.java:377) ~[junit-jupiter-engine-5.11.4.jar:5.11.4]
	at org.junit.jupiter.engine.descriptor.ClassBasedTestDescriptor.lambda$instantiateAndPostProcessTestInstance$7(ClassBasedTestDescriptor.java:290) ~[junit-jupiter-engine-5.11.4.jar:5.11.4]
	at org.junit.platform.engine.support.hierarchical.ThrowableCollector.execute(ThrowableCollector.java:73) ~[junit-platform-engine-1.11.4.jar:1.11.4]
	at org.junit.jupiter.engine.descriptor.ClassBasedTestDescriptor.instantiateAndPostProcessTestInstance(ClassBasedTestDescriptor.java:289) ~[junit-jupiter-engine-5.11.4.jar:5.11.4]
	at org.junit.jupiter.engine.descriptor.ClassBasedTestDescriptor.lambda$testInstancesProvider$5(ClassBasedTestDescriptor.java:279) ~[junit-jupiter-engine-5.11.4.jar:5.11.4]
	at java.base/java.util.Optional.orElseGet(Optional.java:364) ~[?:?]
	at org.junit.jupiter.engine.descriptor.ClassBasedTestDescriptor.lambda$testInstancesProvider$6(ClassBasedTestDescriptor.java:278) ~[junit-jupiter-engine-5.11.4.jar:5.11.4]
	at org.junit.jupiter.engine.execution.TestInstancesProvider.getTestInstances(TestInstancesProvider.java:31) ~[junit-jupiter-engine-5.11.4.jar:5.11.4]
	at org.junit.jupiter.engine.descriptor.TestMethodTestDescriptor.lambda$prepare$1(TestMethodTestDescriptor.java:105) ~[junit-jupiter-engine-5.11.4.jar:5.11.4]
	at org.junit.platform.engine.support.hierarchical.ThrowableCollector.execute(ThrowableCollector.java:73) ~[junit-platform-engine-1.11.4.jar:1.11.4]
	at org.junit.jupiter.engine.descriptor.TestMethodTestDescriptor.prepare(TestMethodTestDescriptor.java:104) ~[junit-jupiter-engine-5.11.4.jar:5.11.4]
	at org.junit.jupiter.engine.descriptor.TestMethodTestDescriptor.prepare(TestMethodTestDescriptor.java:68) ~[junit-jupiter-engine-5.11.4.jar:5.11.4]
	at org.junit.platform.engine.support.hierarchical.NodeTestTask.lambda$prepare$2(NodeTestTask.java:128) ~[junit-platform-engine-1.11.4.jar:1.11.4]
	at org.junit.platform.engine.support.hierarchical.ThrowableCollector.execute(ThrowableCollector.java:73) ~[junit-platform-engine-1.11.4.jar:1.11.4]
	at org.junit.platform.engine.support.hierarchical.NodeTestTask.prepare(NodeTestTask.java:128) ~[junit-platform-engine-1.11.4.jar:1.11.4]
	at org.junit.platform.engine.support.hierarchical.NodeTestTask.execute(NodeTestTask.java:95) ~[junit-platform-engine-1.11.4.jar:1.11.4]
	at java.base/java.util.ArrayList.forEach(ArrayList.java:1511) ~[?:?]
	at org.junit.platform.engine.support.hierarchical.SameThreadHierarchicalTestExecutorService.invokeAll(SameThreadHierarchicalTestExecutorService.java:41) ~[junit-platform-engine-1.11.4.jar:1.11.4]
	at org.junit.platform.engine.support.hierarchical.NodeTestTask.lambda$executeRecursively$6(NodeTestTask.java:160) ~[junit-platform-engine-1.11.4.jar:1.11.4]
	at org.junit.platform.engine.support.hierarchical.ThrowableCollector.execute(ThrowableCollector.java:73) ~[junit-platform-engine-1.11.4.jar:1.11.4]
	at org.junit.platform.engine.support.hierarchical.NodeTestTask.lambda$executeRecursively$8(NodeTestTask.java:146) ~[junit-platform-engine-1.11.4.jar:1.11.4]
	at org.junit.platform.engine.support.hierarchical.Node.around(Node.java:137) ~[junit-platform-engine-1.11.4.jar:1.11.4]
	at org.junit.platform.engine.support.hierarchical.NodeTestTask.lambda$executeRecursively$9(NodeTestTask.java:144) ~[junit-platform-engine-1.11.4.jar:1.11.4]
	at org.junit.platform.engine.support.hierarchical.ThrowableCollector.execute(ThrowableCollector.java:73) ~[junit-platform-engine-1.11.4.jar:1.11.4]
	at org.junit.platform.engine.support.hierarchical.NodeTestTask.executeRecursively(NodeTestTask.java:143) ~[junit-platform-engine-1.11.4.jar:1.11.4]
	at org.junit.platform.engine.support.hierarchical.NodeTestTask.execute(NodeTestTask.java:100) ~[junit-platform-engine-1.11.4.jar:1.11.4]
	at java.base/java.util.ArrayList.forEach(ArrayList.java:1511) ~[?:?]
	at org.junit.platform.engine.support.hierarchical.SameThreadHierarchicalTestExecutorService.invokeAll(SameThreadHierarchicalTestExecutorService.java:41) ~[junit-platform-engine-1.11.4.jar:1.11.4]
	at org.junit.platform.engine.support.hierarchical.NodeTestTask.lambda$executeRecursively$6(NodeTestTask.java:160) ~[junit-platform-engine-1.11.4.jar:1.11.4]
	at org.junit.platform.engine.support.hierarchical.ThrowableCollector.execute(ThrowableCollector.java:73) ~[junit-platform-engine-1.11.4.jar:1.11.4]
	at org.junit.platform.engine.support.hierarchical.NodeTestTask.lambda$executeRecursively$8(NodeTestTask.java:146) ~[junit-platform-engine-1.11.4.jar:1.11.4]
	at org.junit.platform.engine.support.hierarchical.Node.around(Node.java:137) ~[junit-platform-engine-1.11.4.jar:1.11.4]
	at org.junit.platform.engine.support.hierarchical.NodeTestTask.lambda$executeRecursively$9(NodeTestTask.java:144) ~[junit-platform-engine-1.11.4.jar:1.11.4]
	at org.junit.platform.engine.support.hierarchical.ThrowableCollector.execute(ThrowableCollector.java:73) ~[junit-platform-engine-1.11.4.jar:1.11.4]
	at org.junit.platform.engine.support.hierarchical.NodeTestTask.executeRecursively(NodeTestTask.java:143) ~[junit-platform-engine-1.11.4.jar:1.11.4]
	at org.junit.platform.engine.support.hierarchical.NodeTestTask.execute(NodeTestTask.java:100) ~[junit-platform-engine-1.11.4.jar:1.11.4]
	at org.junit.platform.engine.support.hierarchical.SameThreadHierarchicalTestExecutorService.submit(SameThreadHierarchicalTestExecutorService.java:35) ~[junit-platform-engine-1.11.4.jar:1.11.4]
	at org.junit.platform.engine.support.hierarchical.HierarchicalTestExecutor.execute(HierarchicalTestExecutor.java:57) ~[junit-platform-engine-1.11.4.jar:1.11.4]
	at org.junit.platform.engine.support.hierarchical.HierarchicalTestEngine.execute(HierarchicalTestEngine.java:54) ~[junit-platform-engine-1.11.4.jar:1.11.4]
	at org.junit.platform.launcher.core.EngineExecutionOrchestrator.execute(EngineExecutionOrchestrator.java:198) ~[junit-platform-launcher-1.11.4.jar:1.11.4]
	at org.junit.platform.launcher.core.EngineExecutionOrchestrator.execute(EngineExecutionOrchestrator.java:169) ~[junit-platform-launcher-1.11.4.jar:1.11.4]
	at org.junit.platform.launcher.core.EngineExecutionOrchestrator.execute(EngineExecutionOrchestrator.java:93) ~[junit-platform-launcher-1.11.4.jar:1.11.4]
	at org.junit.platform.launcher.core.EngineExecutionOrchestrator.lambda$execute$0(EngineExecutionOrchestrator.java:58) ~[junit-platform-launcher-1.11.4.jar:1.11.4]
	at org.junit.platform.launcher.core.EngineExecutionOrchestrator.withInterceptedStreams(EngineExecutionOrchestrator.java:141) [junit-platform-launcher-1.11.4.jar:1.11.4]
	at org.junit.platform.launcher.core.EngineExecutionOrchestrator.execute(EngineExecutionOrchestrator.java:57) [junit-platform-launcher-1.11.4.jar:1.11.4]
	at org.junit.platform.launcher.core.DefaultLauncher.execute(DefaultLauncher.java:103) [junit-platform-launcher-1.11.4.jar:1.11.4]
	at org.junit.platform.launcher.core.DefaultLauncher.execute(DefaultLauncher.java:85) [junit-platform-launcher-1.11.4.jar:1.11.4]
	at org.junit.platform.launcher.core.DelegatingLauncher.execute(DelegatingLauncher.java:47) [junit-platform-launcher-1.11.4.jar:1.11.4]
	at org.apache.maven.surefire.junitplatform.LazyLauncher.execute(LazyLauncher.java:56) [surefire-junit-platform-3.5.2.jar:3.5.2]
	at org.apache.maven.surefire.junitplatform.JUnitPlatformProvider.execute(JUnitPlatformProvider.java:184) [surefire-junit-platform-3.5.2.jar:3.5.2]
	at org.apache.maven.surefire.junitplatform.JUnitPlatformProvider.invokeAllTests(JUnitPlatformProvider.java:148) [surefire-junit-platform-3.5.2.jar:3.5.2]
	at org.apache.maven.surefire.junitplatform.JUnitPlatformProvider.invoke(JUnitPlatformProvider.java:122) [surefire-junit-platform-3.5.2.jar:3.5.2]
	at org.apache.maven.surefire.booter.ForkedBooter.runSuitesInProcess(ForkedBooter.java:385) [surefire-booter-3.5.2.jar:3.5.2]
	at org.apache.maven.surefire.booter.ForkedBooter.execute(ForkedBooter.java:162) [surefire-booter-3.5.2.jar:3.5.2]
	at org.apache.maven.surefire.booter.ForkedBooter.run(ForkedBooter.java:507) [surefire-booter-3.5.2.jar:3.5.2]
	at org.apache.maven.surefire.booter.ForkedBooter.main(ForkedBooter.java:495) [surefire-booter-3.5.2.jar:3.5.2]
2025-06-13 17:24:43.101 [main] DEBUG org.springframework.data.jpa.repository.query.NamedQuery - Did not find named query Trainer.findTrainerById
2025-06-13 17:24:43.102 [main] DEBUG org.springframework.orm.jpa.SharedEntityManagerCreator$SharedEntityManagerInvocationHandler - Creating new EntityManager for shared EntityManager invocation
2025-06-13 17:24:43.103 [main] DEBUG org.springframework.data.repository.core.support.RepositoryFactorySupport - Finished creation of repository instance for com.example.trainup.repository.TrainerRepository.
2025-06-13 17:24:43.120 [main] DEBUG org.springframework.beans.factory.support.DefaultListableBeanFactory - Creating shared instance of singleton bean 'trainerMapperImpl'
2025-06-13 17:24:43.137 [main] DEBUG org.springframework.beans.factory.support.DefaultListableBeanFactory - Creating shared instance of singleton bean 'gymRepository'
2025-06-13 17:24:43.139 [main] DEBUG org.springframework.beans.factory.support.DefaultListableBeanFactory - Creating shared instance of singleton bean 'jpa.named-queries#9'
2025-06-13 17:24:43.141 [main] DEBUG org.springframework.beans.factory.support.DefaultListableBeanFactory - Creating shared instance of singleton bean 'jpa.GymRepository.fragments#0'
2025-06-13 17:24:43.142 [main] DEBUG org.springframework.orm.jpa.SharedEntityManagerCreator$SharedEntityManagerInvocationHandler - Creating new EntityManager for shared EntityManager invocation
2025-06-13 17:24:43.143 [main] DEBUG org.springframework.data.repository.core.support.RepositoryFactorySupport - Initializing repository instance for com.example.trainup.repository.GymRepository…
2025-06-13 17:24:43.143 [main] DEBUG org.springframework.orm.jpa.SharedEntityManagerCreator$SharedEntityManagerInvocationHandler - Creating new EntityManager for shared EntityManager invocation
2025-06-13 17:24:43.144 [main] DEBUG org.springframework.data.jpa.repository.query.NamedQuery - Looking up named query 'Gym.getGymsByGymOwner'
2025-06-13 17:24:43.144 [main] DEBUG org.hibernate.resource.transaction.backend.jdbc.internal.JdbcResourceLocalTransactionCoordinatorImpl - JDBC transaction marked for rollback-only (exception provided for stack trace)
java.lang.Exception: exception just for purpose of providing stack trace
	at org.hibernate.resource.transaction.backend.jdbc.internal.JdbcResourceLocalTransactionCoordinatorImpl$TransactionDriverControlImpl.markRollbackOnly(JdbcResourceLocalTransactionCoordinatorImpl.java:309) ~[hibernate-core-6.6.8.Final.jar:6.6.8.Final]
	at org.hibernate.internal.AbstractSharedSessionContract.buildNamedQuery(AbstractSharedSessionContract.java:1141) ~[hibernate-core-6.6.8.Final.jar:6.6.8.Final]
	at org.hibernate.internal.AbstractSharedSessionContract.createNamedQuery(AbstractSharedSessionContract.java:1019) ~[hibernate-core-6.6.8.Final.jar:6.6.8.Final]
	at org.hibernate.internal.AbstractSharedSessionContract.createNamedQuery(AbstractSharedSessionContract.java:143) ~[hibernate-core-6.6.8.Final.jar:6.6.8.Final]
	at jdk.internal.reflect.GeneratedMethodAccessor95.invoke(Unknown Source) ~[?:?]
	at java.base/jdk.internal.reflect.DelegatingMethodAccessorImpl.invoke(DelegatingMethodAccessorImpl.java:43) ~[?:?]
	at java.base/java.lang.reflect.Method.invoke(Method.java:569) ~[?:?]
	at org.springframework.orm.jpa.ExtendedEntityManagerCreator$ExtendedEntityManagerInvocationHandler.invoke(ExtendedEntityManagerCreator.java:364) ~[spring-orm-6.2.3.jar:6.2.3]
	at jdk.proxy2/jdk.proxy2.$Proxy233.createNamedQuery(Unknown Source) ~[?:?]
	at org.springframework.data.jpa.repository.query.NamedQuery.hasNamedQuery(NamedQuery.java:114) ~[spring-data-jpa-3.4.3.jar:3.4.3]
	at org.springframework.data.jpa.repository.query.NamedQuery.lookupFrom(NamedQuery.java:140) ~[spring-data-jpa-3.4.3.jar:3.4.3]
	at org.springframework.data.jpa.repository.query.JpaQueryLookupStrategy$DeclaredQueryLookupStrategy.resolveQuery(JpaQueryLookupStrategy.java:184) ~[spring-data-jpa-3.4.3.jar:3.4.3]
	at org.springframework.data.jpa.repository.query.JpaQueryLookupStrategy$CreateIfNotFoundQueryLookupStrategy.resolveQuery(JpaQueryLookupStrategy.java:256) ~[spring-data-jpa-3.4.3.jar:3.4.3]
	at org.springframework.data.jpa.repository.query.JpaQueryLookupStrategy$AbstractQueryLookupStrategy.resolveQuery(JpaQueryLookupStrategy.java:99) ~[spring-data-jpa-3.4.3.jar:3.4.3]
	at org.springframework.data.repository.core.support.QueryExecutorMethodInterceptor.lookupQuery(QueryExecutorMethodInterceptor.java:116) ~[spring-data-commons-3.4.3.jar:3.4.3]
	at org.springframework.data.repository.core.support.QueryExecutorMethodInterceptor.mapMethodsToQuery(QueryExecutorMethodInterceptor.java:104) ~[spring-data-commons-3.4.3.jar:3.4.3]
	at org.springframework.data.repository.core.support.QueryExecutorMethodInterceptor.lambda$new$0(QueryExecutorMethodInterceptor.java:92) ~[spring-data-commons-3.4.3.jar:3.4.3]
	at java.base/java.util.Optional.map(Optional.java:260) ~[?:?]
	at org.springframework.data.repository.core.support.QueryExecutorMethodInterceptor.<init>(QueryExecutorMethodInterceptor.java:92) ~[spring-data-commons-3.4.3.jar:3.4.3]
	at org.springframework.data.repository.core.support.RepositoryFactorySupport.getRepository(RepositoryFactorySupport.java:440) ~[spring-data-commons-3.4.3.jar:3.4.3]
	at org.springframework.data.repository.core.support.RepositoryFactoryBeanSupport.lambda$afterPropertiesSet$4(RepositoryFactoryBeanSupport.java:350) ~[spring-data-commons-3.4.3.jar:3.4.3]
	at org.springframework.data.util.Lazy.getNullable(Lazy.java:135) ~[spring-data-commons-3.4.3.jar:3.4.3]
	at org.springframework.data.util.Lazy.get(Lazy.java:113) ~[spring-data-commons-3.4.3.jar:3.4.3]
	at org.springframework.data.repository.core.support.RepositoryFactoryBeanSupport.afterPropertiesSet(RepositoryFactoryBeanSupport.java:356) ~[spring-data-commons-3.4.3.jar:3.4.3]
	at org.springframework.data.jpa.repository.support.JpaRepositoryFactoryBean.afterPropertiesSet(JpaRepositoryFactoryBean.java:132) ~[spring-data-jpa-3.4.3.jar:3.4.3]
	at org.springframework.beans.factory.support.AbstractAutowireCapableBeanFactory.invokeInitMethods(AbstractAutowireCapableBeanFactory.java:1859) ~[spring-beans-6.2.3.jar:6.2.3]
	at org.springframework.beans.factory.support.AbstractAutowireCapableBeanFactory.initializeBean(AbstractAutowireCapableBeanFactory.java:1808) ~[spring-beans-6.2.3.jar:6.2.3]
	at org.springframework.beans.factory.support.AbstractAutowireCapableBeanFactory.doCreateBean(AbstractAutowireCapableBeanFactory.java:601) ~[spring-beans-6.2.3.jar:6.2.3]
	at org.springframework.beans.factory.support.AbstractAutowireCapableBeanFactory.createBean(AbstractAutowireCapableBeanFactory.java:523) ~[spring-beans-6.2.3.jar:6.2.3]
	at org.springframework.beans.factory.support.AbstractBeanFactory.lambda$doGetBean$0(AbstractBeanFactory.java:339) ~[spring-beans-6.2.3.jar:6.2.3]
	at org.springframework.beans.factory.support.DefaultSingletonBeanRegistry.getSingleton(DefaultSingletonBeanRegistry.java:346) ~[spring-beans-6.2.3.jar:6.2.3]
	at org.springframework.beans.factory.support.AbstractBeanFactory.doGetBean(AbstractBeanFactory.java:337) ~[spring-beans-6.2.3.jar:6.2.3]
	at org.springframework.beans.factory.support.AbstractBeanFactory.getBean(AbstractBeanFactory.java:202) ~[spring-beans-6.2.3.jar:6.2.3]
	at org.springframework.beans.factory.support.DefaultListableBeanFactory.doResolveDependency(DefaultListableBeanFactory.java:1606) ~[spring-beans-6.2.3.jar:6.2.3]
	at org.springframework.beans.factory.support.DefaultListableBeanFactory.resolveDependency(DefaultListableBeanFactory.java:1552) ~[spring-beans-6.2.3.jar:6.2.3]
	at org.springframework.beans.factory.support.ConstructorResolver.resolveAutowiredArgument(ConstructorResolver.java:913) ~[spring-beans-6.2.3.jar:6.2.3]
	at org.springframework.beans.factory.support.ConstructorResolver.createArgumentArray(ConstructorResolver.java:791) ~[spring-beans-6.2.3.jar:6.2.3]
	at org.springframework.beans.factory.support.ConstructorResolver.autowireConstructor(ConstructorResolver.java:240) ~[spring-beans-6.2.3.jar:6.2.3]
	at org.springframework.beans.factory.support.AbstractAutowireCapableBeanFactory.autowireConstructor(AbstractAutowireCapableBeanFactory.java:1381) ~[spring-beans-6.2.3.jar:6.2.3]
	at org.springframework.beans.factory.support.AbstractAutowireCapableBeanFactory.createBeanInstance(AbstractAutowireCapableBeanFactory.java:1218) ~[spring-beans-6.2.3.jar:6.2.3]
	at org.springframework.beans.factory.support.AbstractAutowireCapableBeanFactory.doCreateBean(AbstractAutowireCapableBeanFactory.java:563) ~[spring-beans-6.2.3.jar:6.2.3]
	at org.springframework.beans.factory.support.AbstractAutowireCapableBeanFactory.createBean(AbstractAutowireCapableBeanFactory.java:523) ~[spring-beans-6.2.3.jar:6.2.3]
	at org.springframework.beans.factory.support.AbstractBeanFactory.lambda$doGetBean$0(AbstractBeanFactory.java:339) ~[spring-beans-6.2.3.jar:6.2.3]
	at org.springframework.beans.factory.support.DefaultSingletonBeanRegistry.getSingleton(DefaultSingletonBeanRegistry.java:346) ~[spring-beans-6.2.3.jar:6.2.3]
	at org.springframework.beans.factory.support.AbstractBeanFactory.doGetBean(AbstractBeanFactory.java:337) ~[spring-beans-6.2.3.jar:6.2.3]
	at org.springframework.beans.factory.support.AbstractBeanFactory.getBean(AbstractBeanFactory.java:202) ~[spring-beans-6.2.3.jar:6.2.3]
	at org.springframework.beans.factory.config.DependencyDescriptor.resolveCandidate(DependencyDescriptor.java:254) ~[spring-beans-6.2.3.jar:6.2.3]
	at org.springframework.beans.factory.support.DefaultListableBeanFactory.doResolveDependency(DefaultListableBeanFactory.java:1664) ~[spring-beans-6.2.3.jar:6.2.3]
	at org.springframework.beans.factory.support.DefaultListableBeanFactory.resolveDependency(DefaultListableBeanFactory.java:1552) ~[spring-beans-6.2.3.jar:6.2.3]
	at org.springframework.beans.factory.support.ConstructorResolver.resolveAutowiredArgument(ConstructorResolver.java:913) ~[spring-beans-6.2.3.jar:6.2.3]
	at org.springframework.beans.factory.support.ConstructorResolver.createArgumentArray(ConstructorResolver.java:791) ~[spring-beans-6.2.3.jar:6.2.3]
	at org.springframework.beans.factory.support.ConstructorResolver.autowireConstructor(ConstructorResolver.java:240) ~[spring-beans-6.2.3.jar:6.2.3]
	at org.springframework.beans.factory.support.AbstractAutowireCapableBeanFactory.autowireConstructor(AbstractAutowireCapableBeanFactory.java:1381) ~[spring-beans-6.2.3.jar:6.2.3]
	at org.springframework.beans.factory.support.AbstractAutowireCapableBeanFactory.createBeanInstance(AbstractAutowireCapableBeanFactory.java:1218) ~[spring-beans-6.2.3.jar:6.2.3]
	at org.springframework.beans.factory.support.AbstractAutowireCapableBeanFactory.doCreateBean(AbstractAutowireCapableBeanFactory.java:563) ~[spring-beans-6.2.3.jar:6.2.3]
	at org.springframework.beans.factory.support.AbstractAutowireCapableBeanFactory.createBean(AbstractAutowireCapableBeanFactory.java:523) ~[spring-beans-6.2.3.jar:6.2.3]
	at org.springframework.beans.factory.support.AbstractBeanFactory.lambda$doGetBean$0(AbstractBeanFactory.java:339) ~[spring-beans-6.2.3.jar:6.2.3]
	at org.springframework.beans.factory.support.DefaultSingletonBeanRegistry.getSingleton(DefaultSingletonBeanRegistry.java:346) ~[spring-beans-6.2.3.jar:6.2.3]
	at org.springframework.beans.factory.support.AbstractBeanFactory.doGetBean(AbstractBeanFactory.java:337) ~[spring-beans-6.2.3.jar:6.2.3]
	at org.springframework.beans.factory.support.AbstractBeanFactory.getBean(AbstractBeanFactory.java:202) ~[spring-beans-6.2.3.jar:6.2.3]
	at org.springframework.beans.factory.support.DefaultListableBeanFactory.instantiateSingleton(DefaultListableBeanFactory.java:1155) ~[spring-beans-6.2.3.jar:6.2.3]
	at org.springframework.beans.factory.support.DefaultListableBeanFactory.preInstantiateSingleton(DefaultListableBeanFactory.java:1121) ~[spring-beans-6.2.3.jar:6.2.3]
	at org.springframework.beans.factory.support.DefaultListableBeanFactory.preInstantiateSingletons(DefaultListableBeanFactory.java:1056) ~[spring-beans-6.2.3.jar:6.2.3]
	at org.springframework.context.support.AbstractApplicationContext.finishBeanFactoryInitialization(AbstractApplicationContext.java:987) ~[spring-context-6.2.3.jar:6.2.3]
	at org.springframework.context.support.AbstractApplicationContext.refresh(AbstractApplicationContext.java:627) ~[spring-context-6.2.3.jar:6.2.3]
	at org.springframework.boot.SpringApplication.refresh(SpringApplication.java:752) ~[spring-boot-3.4.3.jar:3.4.3]
	at org.springframework.boot.SpringApplication.refreshContext(SpringApplication.java:439) ~[spring-boot-3.4.3.jar:3.4.3]
	at org.springframework.boot.SpringApplication.run(SpringApplication.java:318) ~[spring-boot-3.4.3.jar:3.4.3]
	at org.springframework.boot.test.context.SpringBootContextLoader.lambda$loadContext$3(SpringBootContextLoader.java:137) ~[spring-boot-test-3.4.3.jar:3.4.3]
	at org.springframework.util.function.ThrowingSupplier.get(ThrowingSupplier.java:58) ~[spring-core-6.2.3.jar:6.2.3]
	at org.springframework.util.function.ThrowingSupplier.get(ThrowingSupplier.java:46) ~[spring-core-6.2.3.jar:6.2.3]
	at org.springframework.boot.SpringApplication.withHook(SpringApplication.java:1461) ~[spring-boot-3.4.3.jar:3.4.3]
	at org.springframework.boot.test.context.SpringBootContextLoader$ContextLoaderHook.run(SpringBootContextLoader.java:553) ~[spring-boot-test-3.4.3.jar:3.4.3]
	at org.springframework.boot.test.context.SpringBootContextLoader.loadContext(SpringBootContextLoader.java:137) ~[spring-boot-test-3.4.3.jar:3.4.3]
	at org.springframework.boot.test.context.SpringBootContextLoader.loadContext(SpringBootContextLoader.java:108) ~[spring-boot-test-3.4.3.jar:3.4.3]
	at org.springframework.test.context.cache.DefaultCacheAwareContextLoaderDelegate.loadContextInternal(DefaultCacheAwareContextLoaderDelegate.java:225) ~[spring-test-6.2.3.jar:6.2.3]
	at org.springframework.test.context.cache.DefaultCacheAwareContextLoaderDelegate.loadContext(DefaultCacheAwareContextLoaderDelegate.java:152) ~[spring-test-6.2.3.jar:6.2.3]
	at org.springframework.test.context.support.DefaultTestContext.getApplicationContext(DefaultTestContext.java:130) ~[spring-test-6.2.3.jar:6.2.3]
	at org.springframework.test.context.web.ServletTestExecutionListener.setUpRequestContextIfNecessary(ServletTestExecutionListener.java:200) ~[spring-test-6.2.3.jar:6.2.3]
	at org.springframework.test.context.web.ServletTestExecutionListener.prepareTestInstance(ServletTestExecutionListener.java:139) ~[spring-test-6.2.3.jar:6.2.3]
	at org.springframework.test.context.TestContextManager.prepareTestInstance(TestContextManager.java:260) ~[spring-test-6.2.3.jar:6.2.3]
	at org.springframework.test.context.junit.jupiter.SpringExtension.postProcessTestInstance(SpringExtension.java:160) ~[spring-test-6.2.3.jar:6.2.3]
	at org.junit.jupiter.engine.descriptor.ClassBasedTestDescriptor.lambda$invokeTestInstancePostProcessors$11(ClassBasedTestDescriptor.java:378) ~[junit-jupiter-engine-5.11.4.jar:5.11.4]
	at org.junit.jupiter.engine.descriptor.ClassBasedTestDescriptor.executeAndMaskThrowable(ClassBasedTestDescriptor.java:383) ~[junit-jupiter-engine-5.11.4.jar:5.11.4]
	at org.junit.jupiter.engine.descriptor.ClassBasedTestDescriptor.lambda$invokeTestInstancePostProcessors$12(ClassBasedTestDescriptor.java:378) ~[junit-jupiter-engine-5.11.4.jar:5.11.4]
	at java.base/java.util.stream.ForEachOps$ForEachOp$OfRef.accept(ForEachOps.java:183) ~[?:?]
	at java.base/java.util.stream.ReferencePipeline$3$1.accept(ReferencePipeline.java:197) ~[?:?]
	at java.base/java.util.stream.ReferencePipeline$2$1.accept(ReferencePipeline.java:179) ~[?:?]
	at java.base/java.util.stream.ReferencePipeline$3$1.accept(ReferencePipeline.java:197) ~[?:?]
	at java.base/java.util.ArrayList$ArrayListSpliterator.forEachRemaining(ArrayList.java:1625) ~[?:?]
	at java.base/java.util.stream.AbstractPipeline.copyInto(AbstractPipeline.java:509) ~[?:?]
	at java.base/java.util.stream.AbstractPipeline.wrapAndCopyInto(AbstractPipeline.java:499) ~[?:?]
	at java.base/java.util.stream.ForEachOps$ForEachOp.evaluateSequential(ForEachOps.java:150) ~[?:?]
	at java.base/java.util.stream.ForEachOps$ForEachOp$OfRef.evaluateSequential(ForEachOps.java:173) ~[?:?]
	at java.base/java.util.stream.AbstractPipeline.evaluate(AbstractPipeline.java:234) ~[?:?]
	at java.base/java.util.stream.ReferencePipeline.forEach(ReferencePipeline.java:596) ~[?:?]
	at org.junit.jupiter.engine.descriptor.ClassBasedTestDescriptor.invokeTestInstancePostProcessors(ClassBasedTestDescriptor.java:377) ~[junit-jupiter-engine-5.11.4.jar:5.11.4]
	at org.junit.jupiter.engine.descriptor.ClassBasedTestDescriptor.lambda$instantiateAndPostProcessTestInstance$7(ClassBasedTestDescriptor.java:290) ~[junit-jupiter-engine-5.11.4.jar:5.11.4]
	at org.junit.platform.engine.support.hierarchical.ThrowableCollector.execute(ThrowableCollector.java:73) ~[junit-platform-engine-1.11.4.jar:1.11.4]
	at org.junit.jupiter.engine.descriptor.ClassBasedTestDescriptor.instantiateAndPostProcessTestInstance(ClassBasedTestDescriptor.java:289) ~[junit-jupiter-engine-5.11.4.jar:5.11.4]
	at org.junit.jupiter.engine.descriptor.ClassBasedTestDescriptor.lambda$testInstancesProvider$5(ClassBasedTestDescriptor.java:279) ~[junit-jupiter-engine-5.11.4.jar:5.11.4]
	at java.base/java.util.Optional.orElseGet(Optional.java:364) ~[?:?]
	at org.junit.jupiter.engine.descriptor.ClassBasedTestDescriptor.lambda$testInstancesProvider$6(ClassBasedTestDescriptor.java:278) ~[junit-jupiter-engine-5.11.4.jar:5.11.4]
	at org.junit.jupiter.engine.execution.TestInstancesProvider.getTestInstances(TestInstancesProvider.java:31) ~[junit-jupiter-engine-5.11.4.jar:5.11.4]
	at org.junit.jupiter.engine.descriptor.TestMethodTestDescriptor.lambda$prepare$1(TestMethodTestDescriptor.java:105) ~[junit-jupiter-engine-5.11.4.jar:5.11.4]
	at org.junit.platform.engine.support.hierarchical.ThrowableCollector.execute(ThrowableCollector.java:73) ~[junit-platform-engine-1.11.4.jar:1.11.4]
	at org.junit.jupiter.engine.descriptor.TestMethodTestDescriptor.prepare(TestMethodTestDescriptor.java:104) ~[junit-jupiter-engine-5.11.4.jar:5.11.4]
	at org.junit.jupiter.engine.descriptor.TestMethodTestDescriptor.prepare(TestMethodTestDescriptor.java:68) ~[junit-jupiter-engine-5.11.4.jar:5.11.4]
	at org.junit.platform.engine.support.hierarchical.NodeTestTask.lambda$prepare$2(NodeTestTask.java:128) ~[junit-platform-engine-1.11.4.jar:1.11.4]
	at org.junit.platform.engine.support.hierarchical.ThrowableCollector.execute(ThrowableCollector.java:73) ~[junit-platform-engine-1.11.4.jar:1.11.4]
	at org.junit.platform.engine.support.hierarchical.NodeTestTask.prepare(NodeTestTask.java:128) ~[junit-platform-engine-1.11.4.jar:1.11.4]
	at org.junit.platform.engine.support.hierarchical.NodeTestTask.execute(NodeTestTask.java:95) ~[junit-platform-engine-1.11.4.jar:1.11.4]
	at java.base/java.util.ArrayList.forEach(ArrayList.java:1511) ~[?:?]
	at org.junit.platform.engine.support.hierarchical.SameThreadHierarchicalTestExecutorService.invokeAll(SameThreadHierarchicalTestExecutorService.java:41) ~[junit-platform-engine-1.11.4.jar:1.11.4]
	at org.junit.platform.engine.support.hierarchical.NodeTestTask.lambda$executeRecursively$6(NodeTestTask.java:160) ~[junit-platform-engine-1.11.4.jar:1.11.4]
	at org.junit.platform.engine.support.hierarchical.ThrowableCollector.execute(ThrowableCollector.java:73) ~[junit-platform-engine-1.11.4.jar:1.11.4]
	at org.junit.platform.engine.support.hierarchical.NodeTestTask.lambda$executeRecursively$8(NodeTestTask.java:146) ~[junit-platform-engine-1.11.4.jar:1.11.4]
	at org.junit.platform.engine.support.hierarchical.Node.around(Node.java:137) ~[junit-platform-engine-1.11.4.jar:1.11.4]
	at org.junit.platform.engine.support.hierarchical.NodeTestTask.lambda$executeRecursively$9(NodeTestTask.java:144) ~[junit-platform-engine-1.11.4.jar:1.11.4]
	at org.junit.platform.engine.support.hierarchical.ThrowableCollector.execute(ThrowableCollector.java:73) ~[junit-platform-engine-1.11.4.jar:1.11.4]
	at org.junit.platform.engine.support.hierarchical.NodeTestTask.executeRecursively(NodeTestTask.java:143) ~[junit-platform-engine-1.11.4.jar:1.11.4]
	at org.junit.platform.engine.support.hierarchical.NodeTestTask.execute(NodeTestTask.java:100) ~[junit-platform-engine-1.11.4.jar:1.11.4]
	at java.base/java.util.ArrayList.forEach(ArrayList.java:1511) ~[?:?]
	at org.junit.platform.engine.support.hierarchical.SameThreadHierarchicalTestExecutorService.invokeAll(SameThreadHierarchicalTestExecutorService.java:41) ~[junit-platform-engine-1.11.4.jar:1.11.4]
	at org.junit.platform.engine.support.hierarchical.NodeTestTask.lambda$executeRecursively$6(NodeTestTask.java:160) ~[junit-platform-engine-1.11.4.jar:1.11.4]
	at org.junit.platform.engine.support.hierarchical.ThrowableCollector.execute(ThrowableCollector.java:73) ~[junit-platform-engine-1.11.4.jar:1.11.4]
	at org.junit.platform.engine.support.hierarchical.NodeTestTask.lambda$executeRecursively$8(NodeTestTask.java:146) ~[junit-platform-engine-1.11.4.jar:1.11.4]
	at org.junit.platform.engine.support.hierarchical.Node.around(Node.java:137) ~[junit-platform-engine-1.11.4.jar:1.11.4]
	at org.junit.platform.engine.support.hierarchical.NodeTestTask.lambda$executeRecursively$9(NodeTestTask.java:144) ~[junit-platform-engine-1.11.4.jar:1.11.4]
	at org.junit.platform.engine.support.hierarchical.ThrowableCollector.execute(ThrowableCollector.java:73) ~[junit-platform-engine-1.11.4.jar:1.11.4]
	at org.junit.platform.engine.support.hierarchical.NodeTestTask.executeRecursively(NodeTestTask.java:143) ~[junit-platform-engine-1.11.4.jar:1.11.4]
	at org.junit.platform.engine.support.hierarchical.NodeTestTask.execute(NodeTestTask.java:100) ~[junit-platform-engine-1.11.4.jar:1.11.4]
	at org.junit.platform.engine.support.hierarchical.SameThreadHierarchicalTestExecutorService.submit(SameThreadHierarchicalTestExecutorService.java:35) ~[junit-platform-engine-1.11.4.jar:1.11.4]
	at org.junit.platform.engine.support.hierarchical.HierarchicalTestExecutor.execute(HierarchicalTestExecutor.java:57) ~[junit-platform-engine-1.11.4.jar:1.11.4]
	at org.junit.platform.engine.support.hierarchical.HierarchicalTestEngine.execute(HierarchicalTestEngine.java:54) ~[junit-platform-engine-1.11.4.jar:1.11.4]
	at org.junit.platform.launcher.core.EngineExecutionOrchestrator.execute(EngineExecutionOrchestrator.java:198) ~[junit-platform-launcher-1.11.4.jar:1.11.4]
	at org.junit.platform.launcher.core.EngineExecutionOrchestrator.execute(EngineExecutionOrchestrator.java:169) ~[junit-platform-launcher-1.11.4.jar:1.11.4]
	at org.junit.platform.launcher.core.EngineExecutionOrchestrator.execute(EngineExecutionOrchestrator.java:93) ~[junit-platform-launcher-1.11.4.jar:1.11.4]
	at org.junit.platform.launcher.core.EngineExecutionOrchestrator.lambda$execute$0(EngineExecutionOrchestrator.java:58) ~[junit-platform-launcher-1.11.4.jar:1.11.4]
	at org.junit.platform.launcher.core.EngineExecutionOrchestrator.withInterceptedStreams(EngineExecutionOrchestrator.java:141) [junit-platform-launcher-1.11.4.jar:1.11.4]
	at org.junit.platform.launcher.core.EngineExecutionOrchestrator.execute(EngineExecutionOrchestrator.java:57) [junit-platform-launcher-1.11.4.jar:1.11.4]
	at org.junit.platform.launcher.core.DefaultLauncher.execute(DefaultLauncher.java:103) [junit-platform-launcher-1.11.4.jar:1.11.4]
	at org.junit.platform.launcher.core.DefaultLauncher.execute(DefaultLauncher.java:85) [junit-platform-launcher-1.11.4.jar:1.11.4]
	at org.junit.platform.launcher.core.DelegatingLauncher.execute(DelegatingLauncher.java:47) [junit-platform-launcher-1.11.4.jar:1.11.4]
	at org.apache.maven.surefire.junitplatform.LazyLauncher.execute(LazyLauncher.java:56) [surefire-junit-platform-3.5.2.jar:3.5.2]
	at org.apache.maven.surefire.junitplatform.JUnitPlatformProvider.execute(JUnitPlatformProvider.java:184) [surefire-junit-platform-3.5.2.jar:3.5.2]
	at org.apache.maven.surefire.junitplatform.JUnitPlatformProvider.invokeAllTests(JUnitPlatformProvider.java:148) [surefire-junit-platform-3.5.2.jar:3.5.2]
	at org.apache.maven.surefire.junitplatform.JUnitPlatformProvider.invoke(JUnitPlatformProvider.java:122) [surefire-junit-platform-3.5.2.jar:3.5.2]
	at org.apache.maven.surefire.booter.ForkedBooter.runSuitesInProcess(ForkedBooter.java:385) [surefire-booter-3.5.2.jar:3.5.2]
	at org.apache.maven.surefire.booter.ForkedBooter.execute(ForkedBooter.java:162) [surefire-booter-3.5.2.jar:3.5.2]
	at org.apache.maven.surefire.booter.ForkedBooter.run(ForkedBooter.java:507) [surefire-booter-3.5.2.jar:3.5.2]
	at org.apache.maven.surefire.booter.ForkedBooter.main(ForkedBooter.java:495) [surefire-booter-3.5.2.jar:3.5.2]
2025-06-13 17:24:43.146 [main] DEBUG org.springframework.data.jpa.repository.query.NamedQuery - Did not find named query Gym.getGymsByGymOwner
2025-06-13 17:24:43.146 [main] DEBUG org.springframework.orm.jpa.SharedEntityManagerCreator$SharedEntityManagerInvocationHandler - Creating new EntityManager for shared EntityManager invocation
2025-06-13 17:24:43.147 [main] DEBUG org.springframework.data.jpa.repository.query.NamedQuery - Looking up named query 'Gym.getGymById'
2025-06-13 17:24:43.147 [main] DEBUG org.hibernate.resource.transaction.backend.jdbc.internal.JdbcResourceLocalTransactionCoordinatorImpl - JDBC transaction marked for rollback-only (exception provided for stack trace)
java.lang.Exception: exception just for purpose of providing stack trace
	at org.hibernate.resource.transaction.backend.jdbc.internal.JdbcResourceLocalTransactionCoordinatorImpl$TransactionDriverControlImpl.markRollbackOnly(JdbcResourceLocalTransactionCoordinatorImpl.java:309) ~[hibernate-core-6.6.8.Final.jar:6.6.8.Final]
	at org.hibernate.internal.AbstractSharedSessionContract.buildNamedQuery(AbstractSharedSessionContract.java:1141) ~[hibernate-core-6.6.8.Final.jar:6.6.8.Final]
	at org.hibernate.internal.AbstractSharedSessionContract.createNamedQuery(AbstractSharedSessionContract.java:1019) ~[hibernate-core-6.6.8.Final.jar:6.6.8.Final]
	at org.hibernate.internal.AbstractSharedSessionContract.createNamedQuery(AbstractSharedSessionContract.java:143) ~[hibernate-core-6.6.8.Final.jar:6.6.8.Final]
	at jdk.internal.reflect.GeneratedMethodAccessor95.invoke(Unknown Source) ~[?:?]
	at java.base/jdk.internal.reflect.DelegatingMethodAccessorImpl.invoke(DelegatingMethodAccessorImpl.java:43) ~[?:?]
	at java.base/java.lang.reflect.Method.invoke(Method.java:569) ~[?:?]
	at org.springframework.orm.jpa.ExtendedEntityManagerCreator$ExtendedEntityManagerInvocationHandler.invoke(ExtendedEntityManagerCreator.java:364) ~[spring-orm-6.2.3.jar:6.2.3]
	at jdk.proxy2/jdk.proxy2.$Proxy233.createNamedQuery(Unknown Source) ~[?:?]
	at org.springframework.data.jpa.repository.query.NamedQuery.hasNamedQuery(NamedQuery.java:114) ~[spring-data-jpa-3.4.3.jar:3.4.3]
	at org.springframework.data.jpa.repository.query.NamedQuery.lookupFrom(NamedQuery.java:140) ~[spring-data-jpa-3.4.3.jar:3.4.3]
	at org.springframework.data.jpa.repository.query.JpaQueryLookupStrategy$DeclaredQueryLookupStrategy.resolveQuery(JpaQueryLookupStrategy.java:184) ~[spring-data-jpa-3.4.3.jar:3.4.3]
	at org.springframework.data.jpa.repository.query.JpaQueryLookupStrategy$CreateIfNotFoundQueryLookupStrategy.resolveQuery(JpaQueryLookupStrategy.java:256) ~[spring-data-jpa-3.4.3.jar:3.4.3]
	at org.springframework.data.jpa.repository.query.JpaQueryLookupStrategy$AbstractQueryLookupStrategy.resolveQuery(JpaQueryLookupStrategy.java:99) ~[spring-data-jpa-3.4.3.jar:3.4.3]
	at org.springframework.data.repository.core.support.QueryExecutorMethodInterceptor.lookupQuery(QueryExecutorMethodInterceptor.java:116) ~[spring-data-commons-3.4.3.jar:3.4.3]
	at org.springframework.data.repository.core.support.QueryExecutorMethodInterceptor.mapMethodsToQuery(QueryExecutorMethodInterceptor.java:104) ~[spring-data-commons-3.4.3.jar:3.4.3]
	at org.springframework.data.repository.core.support.QueryExecutorMethodInterceptor.lambda$new$0(QueryExecutorMethodInterceptor.java:92) ~[spring-data-commons-3.4.3.jar:3.4.3]
	at java.base/java.util.Optional.map(Optional.java:260) ~[?:?]
	at org.springframework.data.repository.core.support.QueryExecutorMethodInterceptor.<init>(QueryExecutorMethodInterceptor.java:92) ~[spring-data-commons-3.4.3.jar:3.4.3]
	at org.springframework.data.repository.core.support.RepositoryFactorySupport.getRepository(RepositoryFactorySupport.java:440) ~[spring-data-commons-3.4.3.jar:3.4.3]
	at org.springframework.data.repository.core.support.RepositoryFactoryBeanSupport.lambda$afterPropertiesSet$4(RepositoryFactoryBeanSupport.java:350) ~[spring-data-commons-3.4.3.jar:3.4.3]
	at org.springframework.data.util.Lazy.getNullable(Lazy.java:135) ~[spring-data-commons-3.4.3.jar:3.4.3]
	at org.springframework.data.util.Lazy.get(Lazy.java:113) ~[spring-data-commons-3.4.3.jar:3.4.3]
	at org.springframework.data.repository.core.support.RepositoryFactoryBeanSupport.afterPropertiesSet(RepositoryFactoryBeanSupport.java:356) ~[spring-data-commons-3.4.3.jar:3.4.3]
	at org.springframework.data.jpa.repository.support.JpaRepositoryFactoryBean.afterPropertiesSet(JpaRepositoryFactoryBean.java:132) ~[spring-data-jpa-3.4.3.jar:3.4.3]
	at org.springframework.beans.factory.support.AbstractAutowireCapableBeanFactory.invokeInitMethods(AbstractAutowireCapableBeanFactory.java:1859) ~[spring-beans-6.2.3.jar:6.2.3]
	at org.springframework.beans.factory.support.AbstractAutowireCapableBeanFactory.initializeBean(AbstractAutowireCapableBeanFactory.java:1808) ~[spring-beans-6.2.3.jar:6.2.3]
	at org.springframework.beans.factory.support.AbstractAutowireCapableBeanFactory.doCreateBean(AbstractAutowireCapableBeanFactory.java:601) ~[spring-beans-6.2.3.jar:6.2.3]
	at org.springframework.beans.factory.support.AbstractAutowireCapableBeanFactory.createBean(AbstractAutowireCapableBeanFactory.java:523) ~[spring-beans-6.2.3.jar:6.2.3]
	at org.springframework.beans.factory.support.AbstractBeanFactory.lambda$doGetBean$0(AbstractBeanFactory.java:339) ~[spring-beans-6.2.3.jar:6.2.3]
	at org.springframework.beans.factory.support.DefaultSingletonBeanRegistry.getSingleton(DefaultSingletonBeanRegistry.java:346) ~[spring-beans-6.2.3.jar:6.2.3]
	at org.springframework.beans.factory.support.AbstractBeanFactory.doGetBean(AbstractBeanFactory.java:337) ~[spring-beans-6.2.3.jar:6.2.3]
	at org.springframework.beans.factory.support.AbstractBeanFactory.getBean(AbstractBeanFactory.java:202) ~[spring-beans-6.2.3.jar:6.2.3]
	at org.springframework.beans.factory.support.DefaultListableBeanFactory.doResolveDependency(DefaultListableBeanFactory.java:1606) ~[spring-beans-6.2.3.jar:6.2.3]
	at org.springframework.beans.factory.support.DefaultListableBeanFactory.resolveDependency(DefaultListableBeanFactory.java:1552) ~[spring-beans-6.2.3.jar:6.2.3]
	at org.springframework.beans.factory.support.ConstructorResolver.resolveAutowiredArgument(ConstructorResolver.java:913) ~[spring-beans-6.2.3.jar:6.2.3]
	at org.springframework.beans.factory.support.ConstructorResolver.createArgumentArray(ConstructorResolver.java:791) ~[spring-beans-6.2.3.jar:6.2.3]
	at org.springframework.beans.factory.support.ConstructorResolver.autowireConstructor(ConstructorResolver.java:240) ~[spring-beans-6.2.3.jar:6.2.3]
	at org.springframework.beans.factory.support.AbstractAutowireCapableBeanFactory.autowireConstructor(AbstractAutowireCapableBeanFactory.java:1381) ~[spring-beans-6.2.3.jar:6.2.3]
	at org.springframework.beans.factory.support.AbstractAutowireCapableBeanFactory.createBeanInstance(AbstractAutowireCapableBeanFactory.java:1218) ~[spring-beans-6.2.3.jar:6.2.3]
	at org.springframework.beans.factory.support.AbstractAutowireCapableBeanFactory.doCreateBean(AbstractAutowireCapableBeanFactory.java:563) ~[spring-beans-6.2.3.jar:6.2.3]
	at org.springframework.beans.factory.support.AbstractAutowireCapableBeanFactory.createBean(AbstractAutowireCapableBeanFactory.java:523) ~[spring-beans-6.2.3.jar:6.2.3]
	at org.springframework.beans.factory.support.AbstractBeanFactory.lambda$doGetBean$0(AbstractBeanFactory.java:339) ~[spring-beans-6.2.3.jar:6.2.3]
	at org.springframework.beans.factory.support.DefaultSingletonBeanRegistry.getSingleton(DefaultSingletonBeanRegistry.java:346) ~[spring-beans-6.2.3.jar:6.2.3]
	at org.springframework.beans.factory.support.AbstractBeanFactory.doGetBean(AbstractBeanFactory.java:337) ~[spring-beans-6.2.3.jar:6.2.3]
	at org.springframework.beans.factory.support.AbstractBeanFactory.getBean(AbstractBeanFactory.java:202) ~[spring-beans-6.2.3.jar:6.2.3]
	at org.springframework.beans.factory.config.DependencyDescriptor.resolveCandidate(DependencyDescriptor.java:254) ~[spring-beans-6.2.3.jar:6.2.3]
	at org.springframework.beans.factory.support.DefaultListableBeanFactory.doResolveDependency(DefaultListableBeanFactory.java:1664) ~[spring-beans-6.2.3.jar:6.2.3]
	at org.springframework.beans.factory.support.DefaultListableBeanFactory.resolveDependency(DefaultListableBeanFactory.java:1552) ~[spring-beans-6.2.3.jar:6.2.3]
	at org.springframework.beans.factory.support.ConstructorResolver.resolveAutowiredArgument(ConstructorResolver.java:913) ~[spring-beans-6.2.3.jar:6.2.3]
	at org.springframework.beans.factory.support.ConstructorResolver.createArgumentArray(ConstructorResolver.java:791) ~[spring-beans-6.2.3.jar:6.2.3]
	at org.springframework.beans.factory.support.ConstructorResolver.autowireConstructor(ConstructorResolver.java:240) ~[spring-beans-6.2.3.jar:6.2.3]
	at org.springframework.beans.factory.support.AbstractAutowireCapableBeanFactory.autowireConstructor(AbstractAutowireCapableBeanFactory.java:1381) ~[spring-beans-6.2.3.jar:6.2.3]
	at org.springframework.beans.factory.support.AbstractAutowireCapableBeanFactory.createBeanInstance(AbstractAutowireCapableBeanFactory.java:1218) ~[spring-beans-6.2.3.jar:6.2.3]
	at org.springframework.beans.factory.support.AbstractAutowireCapableBeanFactory.doCreateBean(AbstractAutowireCapableBeanFactory.java:563) ~[spring-beans-6.2.3.jar:6.2.3]
	at org.springframework.beans.factory.support.AbstractAutowireCapableBeanFactory.createBean(AbstractAutowireCapableBeanFactory.java:523) ~[spring-beans-6.2.3.jar:6.2.3]
	at org.springframework.beans.factory.support.AbstractBeanFactory.lambda$doGetBean$0(AbstractBeanFactory.java:339) ~[spring-beans-6.2.3.jar:6.2.3]
	at org.springframework.beans.factory.support.DefaultSingletonBeanRegistry.getSingleton(DefaultSingletonBeanRegistry.java:346) ~[spring-beans-6.2.3.jar:6.2.3]
	at org.springframework.beans.factory.support.AbstractBeanFactory.doGetBean(AbstractBeanFactory.java:337) ~[spring-beans-6.2.3.jar:6.2.3]
	at org.springframework.beans.factory.support.AbstractBeanFactory.getBean(AbstractBeanFactory.java:202) ~[spring-beans-6.2.3.jar:6.2.3]
	at org.springframework.beans.factory.support.DefaultListableBeanFactory.instantiateSingleton(DefaultListableBeanFactory.java:1155) ~[spring-beans-6.2.3.jar:6.2.3]
	at org.springframework.beans.factory.support.DefaultListableBeanFactory.preInstantiateSingleton(DefaultListableBeanFactory.java:1121) ~[spring-beans-6.2.3.jar:6.2.3]
	at org.springframework.beans.factory.support.DefaultListableBeanFactory.preInstantiateSingletons(DefaultListableBeanFactory.java:1056) ~[spring-beans-6.2.3.jar:6.2.3]
	at org.springframework.context.support.AbstractApplicationContext.finishBeanFactoryInitialization(AbstractApplicationContext.java:987) ~[spring-context-6.2.3.jar:6.2.3]
	at org.springframework.context.support.AbstractApplicationContext.refresh(AbstractApplicationContext.java:627) ~[spring-context-6.2.3.jar:6.2.3]
	at org.springframework.boot.SpringApplication.refresh(SpringApplication.java:752) ~[spring-boot-3.4.3.jar:3.4.3]
	at org.springframework.boot.SpringApplication.refreshContext(SpringApplication.java:439) ~[spring-boot-3.4.3.jar:3.4.3]
	at org.springframework.boot.SpringApplication.run(SpringApplication.java:318) ~[spring-boot-3.4.3.jar:3.4.3]
	at org.springframework.boot.test.context.SpringBootContextLoader.lambda$loadContext$3(SpringBootContextLoader.java:137) ~[spring-boot-test-3.4.3.jar:3.4.3]
	at org.springframework.util.function.ThrowingSupplier.get(ThrowingSupplier.java:58) ~[spring-core-6.2.3.jar:6.2.3]
	at org.springframework.util.function.ThrowingSupplier.get(ThrowingSupplier.java:46) ~[spring-core-6.2.3.jar:6.2.3]
	at org.springframework.boot.SpringApplication.withHook(SpringApplication.java:1461) ~[spring-boot-3.4.3.jar:3.4.3]
	at org.springframework.boot.test.context.SpringBootContextLoader$ContextLoaderHook.run(SpringBootContextLoader.java:553) ~[spring-boot-test-3.4.3.jar:3.4.3]
	at org.springframework.boot.test.context.SpringBootContextLoader.loadContext(SpringBootContextLoader.java:137) ~[spring-boot-test-3.4.3.jar:3.4.3]
	at org.springframework.boot.test.context.SpringBootContextLoader.loadContext(SpringBootContextLoader.java:108) ~[spring-boot-test-3.4.3.jar:3.4.3]
	at org.springframework.test.context.cache.DefaultCacheAwareContextLoaderDelegate.loadContextInternal(DefaultCacheAwareContextLoaderDelegate.java:225) ~[spring-test-6.2.3.jar:6.2.3]
	at org.springframework.test.context.cache.DefaultCacheAwareContextLoaderDelegate.loadContext(DefaultCacheAwareContextLoaderDelegate.java:152) ~[spring-test-6.2.3.jar:6.2.3]
	at org.springframework.test.context.support.DefaultTestContext.getApplicationContext(DefaultTestContext.java:130) ~[spring-test-6.2.3.jar:6.2.3]
	at org.springframework.test.context.web.ServletTestExecutionListener.setUpRequestContextIfNecessary(ServletTestExecutionListener.java:200) ~[spring-test-6.2.3.jar:6.2.3]
	at org.springframework.test.context.web.ServletTestExecutionListener.prepareTestInstance(ServletTestExecutionListener.java:139) ~[spring-test-6.2.3.jar:6.2.3]
	at org.springframework.test.context.TestContextManager.prepareTestInstance(TestContextManager.java:260) ~[spring-test-6.2.3.jar:6.2.3]
	at org.springframework.test.context.junit.jupiter.SpringExtension.postProcessTestInstance(SpringExtension.java:160) ~[spring-test-6.2.3.jar:6.2.3]
	at org.junit.jupiter.engine.descriptor.ClassBasedTestDescriptor.lambda$invokeTestInstancePostProcessors$11(ClassBasedTestDescriptor.java:378) ~[junit-jupiter-engine-5.11.4.jar:5.11.4]
	at org.junit.jupiter.engine.descriptor.ClassBasedTestDescriptor.executeAndMaskThrowable(ClassBasedTestDescriptor.java:383) ~[junit-jupiter-engine-5.11.4.jar:5.11.4]
	at org.junit.jupiter.engine.descriptor.ClassBasedTestDescriptor.lambda$invokeTestInstancePostProcessors$12(ClassBasedTestDescriptor.java:378) ~[junit-jupiter-engine-5.11.4.jar:5.11.4]
	at java.base/java.util.stream.ForEachOps$ForEachOp$OfRef.accept(ForEachOps.java:183) ~[?:?]
	at java.base/java.util.stream.ReferencePipeline$3$1.accept(ReferencePipeline.java:197) ~[?:?]
	at java.base/java.util.stream.ReferencePipeline$2$1.accept(ReferencePipeline.java:179) ~[?:?]
	at java.base/java.util.stream.ReferencePipeline$3$1.accept(ReferencePipeline.java:197) ~[?:?]
	at java.base/java.util.ArrayList$ArrayListSpliterator.forEachRemaining(ArrayList.java:1625) ~[?:?]
	at java.base/java.util.stream.AbstractPipeline.copyInto(AbstractPipeline.java:509) ~[?:?]
	at java.base/java.util.stream.AbstractPipeline.wrapAndCopyInto(AbstractPipeline.java:499) ~[?:?]
	at java.base/java.util.stream.ForEachOps$ForEachOp.evaluateSequential(ForEachOps.java:150) ~[?:?]
	at java.base/java.util.stream.ForEachOps$ForEachOp$OfRef.evaluateSequential(ForEachOps.java:173) ~[?:?]
	at java.base/java.util.stream.AbstractPipeline.evaluate(AbstractPipeline.java:234) ~[?:?]
	at java.base/java.util.stream.ReferencePipeline.forEach(ReferencePipeline.java:596) ~[?:?]
	at org.junit.jupiter.engine.descriptor.ClassBasedTestDescriptor.invokeTestInstancePostProcessors(ClassBasedTestDescriptor.java:377) ~[junit-jupiter-engine-5.11.4.jar:5.11.4]
	at org.junit.jupiter.engine.descriptor.ClassBasedTestDescriptor.lambda$instantiateAndPostProcessTestInstance$7(ClassBasedTestDescriptor.java:290) ~[junit-jupiter-engine-5.11.4.jar:5.11.4]
	at org.junit.platform.engine.support.hierarchical.ThrowableCollector.execute(ThrowableCollector.java:73) ~[junit-platform-engine-1.11.4.jar:1.11.4]
	at org.junit.jupiter.engine.descriptor.ClassBasedTestDescriptor.instantiateAndPostProcessTestInstance(ClassBasedTestDescriptor.java:289) ~[junit-jupiter-engine-5.11.4.jar:5.11.4]
	at org.junit.jupiter.engine.descriptor.ClassBasedTestDescriptor.lambda$testInstancesProvider$5(ClassBasedTestDescriptor.java:279) ~[junit-jupiter-engine-5.11.4.jar:5.11.4]
	at java.base/java.util.Optional.orElseGet(Optional.java:364) ~[?:?]
	at org.junit.jupiter.engine.descriptor.ClassBasedTestDescriptor.lambda$testInstancesProvider$6(ClassBasedTestDescriptor.java:278) ~[junit-jupiter-engine-5.11.4.jar:5.11.4]
	at org.junit.jupiter.engine.execution.TestInstancesProvider.getTestInstances(TestInstancesProvider.java:31) ~[junit-jupiter-engine-5.11.4.jar:5.11.4]
	at org.junit.jupiter.engine.descriptor.TestMethodTestDescriptor.lambda$prepare$1(TestMethodTestDescriptor.java:105) ~[junit-jupiter-engine-5.11.4.jar:5.11.4]
	at org.junit.platform.engine.support.hierarchical.ThrowableCollector.execute(ThrowableCollector.java:73) ~[junit-platform-engine-1.11.4.jar:1.11.4]
	at org.junit.jupiter.engine.descriptor.TestMethodTestDescriptor.prepare(TestMethodTestDescriptor.java:104) ~[junit-jupiter-engine-5.11.4.jar:5.11.4]
	at org.junit.jupiter.engine.descriptor.TestMethodTestDescriptor.prepare(TestMethodTestDescriptor.java:68) ~[junit-jupiter-engine-5.11.4.jar:5.11.4]
	at org.junit.platform.engine.support.hierarchical.NodeTestTask.lambda$prepare$2(NodeTestTask.java:128) ~[junit-platform-engine-1.11.4.jar:1.11.4]
	at org.junit.platform.engine.support.hierarchical.ThrowableCollector.execute(ThrowableCollector.java:73) ~[junit-platform-engine-1.11.4.jar:1.11.4]
	at org.junit.platform.engine.support.hierarchical.NodeTestTask.prepare(NodeTestTask.java:128) ~[junit-platform-engine-1.11.4.jar:1.11.4]
	at org.junit.platform.engine.support.hierarchical.NodeTestTask.execute(NodeTestTask.java:95) ~[junit-platform-engine-1.11.4.jar:1.11.4]
	at java.base/java.util.ArrayList.forEach(ArrayList.java:1511) ~[?:?]
	at org.junit.platform.engine.support.hierarchical.SameThreadHierarchicalTestExecutorService.invokeAll(SameThreadHierarchicalTestExecutorService.java:41) ~[junit-platform-engine-1.11.4.jar:1.11.4]
	at org.junit.platform.engine.support.hierarchical.NodeTestTask.lambda$executeRecursively$6(NodeTestTask.java:160) ~[junit-platform-engine-1.11.4.jar:1.11.4]
	at org.junit.platform.engine.support.hierarchical.ThrowableCollector.execute(ThrowableCollector.java:73) ~[junit-platform-engine-1.11.4.jar:1.11.4]
	at org.junit.platform.engine.support.hierarchical.NodeTestTask.lambda$executeRecursively$8(NodeTestTask.java:146) ~[junit-platform-engine-1.11.4.jar:1.11.4]
	at org.junit.platform.engine.support.hierarchical.Node.around(Node.java:137) ~[junit-platform-engine-1.11.4.jar:1.11.4]
	at org.junit.platform.engine.support.hierarchical.NodeTestTask.lambda$executeRecursively$9(NodeTestTask.java:144) ~[junit-platform-engine-1.11.4.jar:1.11.4]
	at org.junit.platform.engine.support.hierarchical.ThrowableCollector.execute(ThrowableCollector.java:73) ~[junit-platform-engine-1.11.4.jar:1.11.4]
	at org.junit.platform.engine.support.hierarchical.NodeTestTask.executeRecursively(NodeTestTask.java:143) ~[junit-platform-engine-1.11.4.jar:1.11.4]
	at org.junit.platform.engine.support.hierarchical.NodeTestTask.execute(NodeTestTask.java:100) ~[junit-platform-engine-1.11.4.jar:1.11.4]
	at java.base/java.util.ArrayList.forEach(ArrayList.java:1511) ~[?:?]
	at org.junit.platform.engine.support.hierarchical.SameThreadHierarchicalTestExecutorService.invokeAll(SameThreadHierarchicalTestExecutorService.java:41) ~[junit-platform-engine-1.11.4.jar:1.11.4]
	at org.junit.platform.engine.support.hierarchical.NodeTestTask.lambda$executeRecursively$6(NodeTestTask.java:160) ~[junit-platform-engine-1.11.4.jar:1.11.4]
	at org.junit.platform.engine.support.hierarchical.ThrowableCollector.execute(ThrowableCollector.java:73) ~[junit-platform-engine-1.11.4.jar:1.11.4]
	at org.junit.platform.engine.support.hierarchical.NodeTestTask.lambda$executeRecursively$8(NodeTestTask.java:146) ~[junit-platform-engine-1.11.4.jar:1.11.4]
	at org.junit.platform.engine.support.hierarchical.Node.around(Node.java:137) ~[junit-platform-engine-1.11.4.jar:1.11.4]
	at org.junit.platform.engine.support.hierarchical.NodeTestTask.lambda$executeRecursively$9(NodeTestTask.java:144) ~[junit-platform-engine-1.11.4.jar:1.11.4]
	at org.junit.platform.engine.support.hierarchical.ThrowableCollector.execute(ThrowableCollector.java:73) ~[junit-platform-engine-1.11.4.jar:1.11.4]
	at org.junit.platform.engine.support.hierarchical.NodeTestTask.executeRecursively(NodeTestTask.java:143) ~[junit-platform-engine-1.11.4.jar:1.11.4]
	at org.junit.platform.engine.support.hierarchical.NodeTestTask.execute(NodeTestTask.java:100) ~[junit-platform-engine-1.11.4.jar:1.11.4]
	at org.junit.platform.engine.support.hierarchical.SameThreadHierarchicalTestExecutorService.submit(SameThreadHierarchicalTestExecutorService.java:35) ~[junit-platform-engine-1.11.4.jar:1.11.4]
	at org.junit.platform.engine.support.hierarchical.HierarchicalTestExecutor.execute(HierarchicalTestExecutor.java:57) ~[junit-platform-engine-1.11.4.jar:1.11.4]
	at org.junit.platform.engine.support.hierarchical.HierarchicalTestEngine.execute(HierarchicalTestEngine.java:54) ~[junit-platform-engine-1.11.4.jar:1.11.4]
	at org.junit.platform.launcher.core.EngineExecutionOrchestrator.execute(EngineExecutionOrchestrator.java:198) ~[junit-platform-launcher-1.11.4.jar:1.11.4]
	at org.junit.platform.launcher.core.EngineExecutionOrchestrator.execute(EngineExecutionOrchestrator.java:169) ~[junit-platform-launcher-1.11.4.jar:1.11.4]
	at org.junit.platform.launcher.core.EngineExecutionOrchestrator.execute(EngineExecutionOrchestrator.java:93) ~[junit-platform-launcher-1.11.4.jar:1.11.4]
	at org.junit.platform.launcher.core.EngineExecutionOrchestrator.lambda$execute$0(EngineExecutionOrchestrator.java:58) ~[junit-platform-launcher-1.11.4.jar:1.11.4]
	at org.junit.platform.launcher.core.EngineExecutionOrchestrator.withInterceptedStreams(EngineExecutionOrchestrator.java:141) [junit-platform-launcher-1.11.4.jar:1.11.4]
	at org.junit.platform.launcher.core.EngineExecutionOrchestrator.execute(EngineExecutionOrchestrator.java:57) [junit-platform-launcher-1.11.4.jar:1.11.4]
	at org.junit.platform.launcher.core.DefaultLauncher.execute(DefaultLauncher.java:103) [junit-platform-launcher-1.11.4.jar:1.11.4]
	at org.junit.platform.launcher.core.DefaultLauncher.execute(DefaultLauncher.java:85) [junit-platform-launcher-1.11.4.jar:1.11.4]
	at org.junit.platform.launcher.core.DelegatingLauncher.execute(DelegatingLauncher.java:47) [junit-platform-launcher-1.11.4.jar:1.11.4]
	at org.apache.maven.surefire.junitplatform.LazyLauncher.execute(LazyLauncher.java:56) [surefire-junit-platform-3.5.2.jar:3.5.2]
	at org.apache.maven.surefire.junitplatform.JUnitPlatformProvider.execute(JUnitPlatformProvider.java:184) [surefire-junit-platform-3.5.2.jar:3.5.2]
	at org.apache.maven.surefire.junitplatform.JUnitPlatformProvider.invokeAllTests(JUnitPlatformProvider.java:148) [surefire-junit-platform-3.5.2.jar:3.5.2]
	at org.apache.maven.surefire.junitplatform.JUnitPlatformProvider.invoke(JUnitPlatformProvider.java:122) [surefire-junit-platform-3.5.2.jar:3.5.2]
	at org.apache.maven.surefire.booter.ForkedBooter.runSuitesInProcess(ForkedBooter.java:385) [surefire-booter-3.5.2.jar:3.5.2]
	at org.apache.maven.surefire.booter.ForkedBooter.execute(ForkedBooter.java:162) [surefire-booter-3.5.2.jar:3.5.2]
	at org.apache.maven.surefire.booter.ForkedBooter.run(ForkedBooter.java:507) [surefire-booter-3.5.2.jar:3.5.2]
	at org.apache.maven.surefire.booter.ForkedBooter.main(ForkedBooter.java:495) [surefire-booter-3.5.2.jar:3.5.2]
2025-06-13 17:24:43.148 [main] DEBUG org.springframework.data.jpa.repository.query.NamedQuery - Did not find named query Gym.getGymById
2025-06-13 17:24:43.148 [main] DEBUG org.springframework.orm.jpa.SharedEntityManagerCreator$SharedEntityManagerInvocationHandler - Creating new EntityManager for shared EntityManager invocation
2025-06-13 17:24:43.149 [main] DEBUG org.hibernate.resource.transaction.backend.jdbc.internal.JdbcResourceLocalTransactionCoordinatorImpl - JDBC transaction marked for rollback-only (exception provided for stack trace)
java.lang.Exception: exception just for purpose of providing stack trace
	at org.hibernate.resource.transaction.backend.jdbc.internal.JdbcResourceLocalTransactionCoordinatorImpl$TransactionDriverControlImpl.markRollbackOnly(JdbcResourceLocalTransactionCoordinatorImpl.java:309) ~[hibernate-core-6.6.8.Final.jar:6.6.8.Final]
	at org.hibernate.internal.AbstractSharedSessionContract.buildNamedQuery(AbstractSharedSessionContract.java:1141) ~[hibernate-core-6.6.8.Final.jar:6.6.8.Final]
	at org.hibernate.internal.AbstractSharedSessionContract.createNamedQuery(AbstractSharedSessionContract.java:1019) ~[hibernate-core-6.6.8.Final.jar:6.6.8.Final]
	at org.hibernate.internal.AbstractSharedSessionContract.createNamedQuery(AbstractSharedSessionContract.java:143) ~[hibernate-core-6.6.8.Final.jar:6.6.8.Final]
	at jdk.internal.reflect.GeneratedMethodAccessor95.invoke(Unknown Source) ~[?:?]
	at java.base/jdk.internal.reflect.DelegatingMethodAccessorImpl.invoke(DelegatingMethodAccessorImpl.java:43) ~[?:?]
	at java.base/java.lang.reflect.Method.invoke(Method.java:569) ~[?:?]
	at org.springframework.orm.jpa.ExtendedEntityManagerCreator$ExtendedEntityManagerInvocationHandler.invoke(ExtendedEntityManagerCreator.java:364) ~[spring-orm-6.2.3.jar:6.2.3]
	at jdk.proxy2/jdk.proxy2.$Proxy233.createNamedQuery(Unknown Source) ~[?:?]
	at org.springframework.data.jpa.repository.query.NamedQuery.hasNamedQuery(NamedQuery.java:114) ~[spring-data-jpa-3.4.3.jar:3.4.3]
	at org.springframework.data.jpa.repository.query.JpaQueryLookupStrategy$DeclaredQueryLookupStrategy.getCountQuery(JpaQueryLookupStrategy.java:208) ~[spring-data-jpa-3.4.3.jar:3.4.3]
	at org.springframework.data.jpa.repository.query.JpaQueryLookupStrategy$DeclaredQueryLookupStrategy.resolveQuery(JpaQueryLookupStrategy.java:175) ~[spring-data-jpa-3.4.3.jar:3.4.3]
	at org.springframework.data.jpa.repository.query.JpaQueryLookupStrategy$CreateIfNotFoundQueryLookupStrategy.resolveQuery(JpaQueryLookupStrategy.java:256) ~[spring-data-jpa-3.4.3.jar:3.4.3]
	at org.springframework.data.jpa.repository.query.JpaQueryLookupStrategy$AbstractQueryLookupStrategy.resolveQuery(JpaQueryLookupStrategy.java:99) ~[spring-data-jpa-3.4.3.jar:3.4.3]
	at org.springframework.data.repository.core.support.QueryExecutorMethodInterceptor.lookupQuery(QueryExecutorMethodInterceptor.java:116) ~[spring-data-commons-3.4.3.jar:3.4.3]
	at org.springframework.data.repository.core.support.QueryExecutorMethodInterceptor.mapMethodsToQuery(QueryExecutorMethodInterceptor.java:104) ~[spring-data-commons-3.4.3.jar:3.4.3]
	at org.springframework.data.repository.core.support.QueryExecutorMethodInterceptor.lambda$new$0(QueryExecutorMethodInterceptor.java:92) ~[spring-data-commons-3.4.3.jar:3.4.3]
	at java.base/java.util.Optional.map(Optional.java:260) ~[?:?]
	at org.springframework.data.repository.core.support.QueryExecutorMethodInterceptor.<init>(QueryExecutorMethodInterceptor.java:92) ~[spring-data-commons-3.4.3.jar:3.4.3]
	at org.springframework.data.repository.core.support.RepositoryFactorySupport.getRepository(RepositoryFactorySupport.java:440) ~[spring-data-commons-3.4.3.jar:3.4.3]
	at org.springframework.data.repository.core.support.RepositoryFactoryBeanSupport.lambda$afterPropertiesSet$4(RepositoryFactoryBeanSupport.java:350) ~[spring-data-commons-3.4.3.jar:3.4.3]
	at org.springframework.data.util.Lazy.getNullable(Lazy.java:135) ~[spring-data-commons-3.4.3.jar:3.4.3]
	at org.springframework.data.util.Lazy.get(Lazy.java:113) ~[spring-data-commons-3.4.3.jar:3.4.3]
	at org.springframework.data.repository.core.support.RepositoryFactoryBeanSupport.afterPropertiesSet(RepositoryFactoryBeanSupport.java:356) ~[spring-data-commons-3.4.3.jar:3.4.3]
	at org.springframework.data.jpa.repository.support.JpaRepositoryFactoryBean.afterPropertiesSet(JpaRepositoryFactoryBean.java:132) ~[spring-data-jpa-3.4.3.jar:3.4.3]
	at org.springframework.beans.factory.support.AbstractAutowireCapableBeanFactory.invokeInitMethods(AbstractAutowireCapableBeanFactory.java:1859) ~[spring-beans-6.2.3.jar:6.2.3]
	at org.springframework.beans.factory.support.AbstractAutowireCapableBeanFactory.initializeBean(AbstractAutowireCapableBeanFactory.java:1808) ~[spring-beans-6.2.3.jar:6.2.3]
	at org.springframework.beans.factory.support.AbstractAutowireCapableBeanFactory.doCreateBean(AbstractAutowireCapableBeanFactory.java:601) ~[spring-beans-6.2.3.jar:6.2.3]
	at org.springframework.beans.factory.support.AbstractAutowireCapableBeanFactory.createBean(AbstractAutowireCapableBeanFactory.java:523) ~[spring-beans-6.2.3.jar:6.2.3]
	at org.springframework.beans.factory.support.AbstractBeanFactory.lambda$doGetBean$0(AbstractBeanFactory.java:339) ~[spring-beans-6.2.3.jar:6.2.3]
	at org.springframework.beans.factory.support.DefaultSingletonBeanRegistry.getSingleton(DefaultSingletonBeanRegistry.java:346) ~[spring-beans-6.2.3.jar:6.2.3]
	at org.springframework.beans.factory.support.AbstractBeanFactory.doGetBean(AbstractBeanFactory.java:337) ~[spring-beans-6.2.3.jar:6.2.3]
	at org.springframework.beans.factory.support.AbstractBeanFactory.getBean(AbstractBeanFactory.java:202) ~[spring-beans-6.2.3.jar:6.2.3]
	at org.springframework.beans.factory.support.DefaultListableBeanFactory.doResolveDependency(DefaultListableBeanFactory.java:1606) ~[spring-beans-6.2.3.jar:6.2.3]
	at org.springframework.beans.factory.support.DefaultListableBeanFactory.resolveDependency(DefaultListableBeanFactory.java:1552) ~[spring-beans-6.2.3.jar:6.2.3]
	at org.springframework.beans.factory.support.ConstructorResolver.resolveAutowiredArgument(ConstructorResolver.java:913) ~[spring-beans-6.2.3.jar:6.2.3]
	at org.springframework.beans.factory.support.ConstructorResolver.createArgumentArray(ConstructorResolver.java:791) ~[spring-beans-6.2.3.jar:6.2.3]
	at org.springframework.beans.factory.support.ConstructorResolver.autowireConstructor(ConstructorResolver.java:240) ~[spring-beans-6.2.3.jar:6.2.3]
	at org.springframework.beans.factory.support.AbstractAutowireCapableBeanFactory.autowireConstructor(AbstractAutowireCapableBeanFactory.java:1381) ~[spring-beans-6.2.3.jar:6.2.3]
	at org.springframework.beans.factory.support.AbstractAutowireCapableBeanFactory.createBeanInstance(AbstractAutowireCapableBeanFactory.java:1218) ~[spring-beans-6.2.3.jar:6.2.3]
	at org.springframework.beans.factory.support.AbstractAutowireCapableBeanFactory.doCreateBean(AbstractAutowireCapableBeanFactory.java:563) ~[spring-beans-6.2.3.jar:6.2.3]
	at org.springframework.beans.factory.support.AbstractAutowireCapableBeanFactory.createBean(AbstractAutowireCapableBeanFactory.java:523) ~[spring-beans-6.2.3.jar:6.2.3]
	at org.springframework.beans.factory.support.AbstractBeanFactory.lambda$doGetBean$0(AbstractBeanFactory.java:339) ~[spring-beans-6.2.3.jar:6.2.3]
	at org.springframework.beans.factory.support.DefaultSingletonBeanRegistry.getSingleton(DefaultSingletonBeanRegistry.java:346) ~[spring-beans-6.2.3.jar:6.2.3]
	at org.springframework.beans.factory.support.AbstractBeanFactory.doGetBean(AbstractBeanFactory.java:337) ~[spring-beans-6.2.3.jar:6.2.3]
	at org.springframework.beans.factory.support.AbstractBeanFactory.getBean(AbstractBeanFactory.java:202) ~[spring-beans-6.2.3.jar:6.2.3]
	at org.springframework.beans.factory.config.DependencyDescriptor.resolveCandidate(DependencyDescriptor.java:254) ~[spring-beans-6.2.3.jar:6.2.3]
	at org.springframework.beans.factory.support.DefaultListableBeanFactory.doResolveDependency(DefaultListableBeanFactory.java:1664) ~[spring-beans-6.2.3.jar:6.2.3]
	at org.springframework.beans.factory.support.DefaultListableBeanFactory.resolveDependency(DefaultListableBeanFactory.java:1552) ~[spring-beans-6.2.3.jar:6.2.3]
	at org.springframework.beans.factory.support.ConstructorResolver.resolveAutowiredArgument(ConstructorResolver.java:913) ~[spring-beans-6.2.3.jar:6.2.3]
	at org.springframework.beans.factory.support.ConstructorResolver.createArgumentArray(ConstructorResolver.java:791) ~[spring-beans-6.2.3.jar:6.2.3]
	at org.springframework.beans.factory.support.ConstructorResolver.autowireConstructor(ConstructorResolver.java:240) ~[spring-beans-6.2.3.jar:6.2.3]
	at org.springframework.beans.factory.support.AbstractAutowireCapableBeanFactory.autowireConstructor(AbstractAutowireCapableBeanFactory.java:1381) ~[spring-beans-6.2.3.jar:6.2.3]
	at org.springframework.beans.factory.support.AbstractAutowireCapableBeanFactory.createBeanInstance(AbstractAutowireCapableBeanFactory.java:1218) ~[spring-beans-6.2.3.jar:6.2.3]
	at org.springframework.beans.factory.support.AbstractAutowireCapableBeanFactory.doCreateBean(AbstractAutowireCapableBeanFactory.java:563) ~[spring-beans-6.2.3.jar:6.2.3]
	at org.springframework.beans.factory.support.AbstractAutowireCapableBeanFactory.createBean(AbstractAutowireCapableBeanFactory.java:523) ~[spring-beans-6.2.3.jar:6.2.3]
	at org.springframework.beans.factory.support.AbstractBeanFactory.lambda$doGetBean$0(AbstractBeanFactory.java:339) ~[spring-beans-6.2.3.jar:6.2.3]
	at org.springframework.beans.factory.support.DefaultSingletonBeanRegistry.getSingleton(DefaultSingletonBeanRegistry.java:346) ~[spring-beans-6.2.3.jar:6.2.3]
	at org.springframework.beans.factory.support.AbstractBeanFactory.doGetBean(AbstractBeanFactory.java:337) ~[spring-beans-6.2.3.jar:6.2.3]
	at org.springframework.beans.factory.support.AbstractBeanFactory.getBean(AbstractBeanFactory.java:202) ~[spring-beans-6.2.3.jar:6.2.3]
	at org.springframework.beans.factory.support.DefaultListableBeanFactory.instantiateSingleton(DefaultListableBeanFactory.java:1155) ~[spring-beans-6.2.3.jar:6.2.3]
	at org.springframework.beans.factory.support.DefaultListableBeanFactory.preInstantiateSingleton(DefaultListableBeanFactory.java:1121) ~[spring-beans-6.2.3.jar:6.2.3]
	at org.springframework.beans.factory.support.DefaultListableBeanFactory.preInstantiateSingletons(DefaultListableBeanFactory.java:1056) ~[spring-beans-6.2.3.jar:6.2.3]
	at org.springframework.context.support.AbstractApplicationContext.finishBeanFactoryInitialization(AbstractApplicationContext.java:987) ~[spring-context-6.2.3.jar:6.2.3]
	at org.springframework.context.support.AbstractApplicationContext.refresh(AbstractApplicationContext.java:627) ~[spring-context-6.2.3.jar:6.2.3]
	at org.springframework.boot.SpringApplication.refresh(SpringApplication.java:752) ~[spring-boot-3.4.3.jar:3.4.3]
	at org.springframework.boot.SpringApplication.refreshContext(SpringApplication.java:439) ~[spring-boot-3.4.3.jar:3.4.3]
	at org.springframework.boot.SpringApplication.run(SpringApplication.java:318) ~[spring-boot-3.4.3.jar:3.4.3]
	at org.springframework.boot.test.context.SpringBootContextLoader.lambda$loadContext$3(SpringBootContextLoader.java:137) ~[spring-boot-test-3.4.3.jar:3.4.3]
	at org.springframework.util.function.ThrowingSupplier.get(ThrowingSupplier.java:58) ~[spring-core-6.2.3.jar:6.2.3]
	at org.springframework.util.function.ThrowingSupplier.get(ThrowingSupplier.java:46) ~[spring-core-6.2.3.jar:6.2.3]
	at org.springframework.boot.SpringApplication.withHook(SpringApplication.java:1461) ~[spring-boot-3.4.3.jar:3.4.3]
	at org.springframework.boot.test.context.SpringBootContextLoader$ContextLoaderHook.run(SpringBootContextLoader.java:553) ~[spring-boot-test-3.4.3.jar:3.4.3]
	at org.springframework.boot.test.context.SpringBootContextLoader.loadContext(SpringBootContextLoader.java:137) ~[spring-boot-test-3.4.3.jar:3.4.3]
	at org.springframework.boot.test.context.SpringBootContextLoader.loadContext(SpringBootContextLoader.java:108) ~[spring-boot-test-3.4.3.jar:3.4.3]
	at org.springframework.test.context.cache.DefaultCacheAwareContextLoaderDelegate.loadContextInternal(DefaultCacheAwareContextLoaderDelegate.java:225) ~[spring-test-6.2.3.jar:6.2.3]
	at org.springframework.test.context.cache.DefaultCacheAwareContextLoaderDelegate.loadContext(DefaultCacheAwareContextLoaderDelegate.java:152) ~[spring-test-6.2.3.jar:6.2.3]
	at org.springframework.test.context.support.DefaultTestContext.getApplicationContext(DefaultTestContext.java:130) ~[spring-test-6.2.3.jar:6.2.3]
	at org.springframework.test.context.web.ServletTestExecutionListener.setUpRequestContextIfNecessary(ServletTestExecutionListener.java:200) ~[spring-test-6.2.3.jar:6.2.3]
	at org.springframework.test.context.web.ServletTestExecutionListener.prepareTestInstance(ServletTestExecutionListener.java:139) ~[spring-test-6.2.3.jar:6.2.3]
	at org.springframework.test.context.TestContextManager.prepareTestInstance(TestContextManager.java:260) ~[spring-test-6.2.3.jar:6.2.3]
	at org.springframework.test.context.junit.jupiter.SpringExtension.postProcessTestInstance(SpringExtension.java:160) ~[spring-test-6.2.3.jar:6.2.3]
	at org.junit.jupiter.engine.descriptor.ClassBasedTestDescriptor.lambda$invokeTestInstancePostProcessors$11(ClassBasedTestDescriptor.java:378) ~[junit-jupiter-engine-5.11.4.jar:5.11.4]
	at org.junit.jupiter.engine.descriptor.ClassBasedTestDescriptor.executeAndMaskThrowable(ClassBasedTestDescriptor.java:383) ~[junit-jupiter-engine-5.11.4.jar:5.11.4]
	at org.junit.jupiter.engine.descriptor.ClassBasedTestDescriptor.lambda$invokeTestInstancePostProcessors$12(ClassBasedTestDescriptor.java:378) ~[junit-jupiter-engine-5.11.4.jar:5.11.4]
	at java.base/java.util.stream.ForEachOps$ForEachOp$OfRef.accept(ForEachOps.java:183) ~[?:?]
	at java.base/java.util.stream.ReferencePipeline$3$1.accept(ReferencePipeline.java:197) ~[?:?]
	at java.base/java.util.stream.ReferencePipeline$2$1.accept(ReferencePipeline.java:179) ~[?:?]
	at java.base/java.util.stream.ReferencePipeline$3$1.accept(ReferencePipeline.java:197) ~[?:?]
	at java.base/java.util.ArrayList$ArrayListSpliterator.forEachRemaining(ArrayList.java:1625) ~[?:?]
	at java.base/java.util.stream.AbstractPipeline.copyInto(AbstractPipeline.java:509) ~[?:?]
	at java.base/java.util.stream.AbstractPipeline.wrapAndCopyInto(AbstractPipeline.java:499) ~[?:?]
	at java.base/java.util.stream.ForEachOps$ForEachOp.evaluateSequential(ForEachOps.java:150) ~[?:?]
	at java.base/java.util.stream.ForEachOps$ForEachOp$OfRef.evaluateSequential(ForEachOps.java:173) ~[?:?]
	at java.base/java.util.stream.AbstractPipeline.evaluate(AbstractPipeline.java:234) ~[?:?]
	at java.base/java.util.stream.ReferencePipeline.forEach(ReferencePipeline.java:596) ~[?:?]
	at org.junit.jupiter.engine.descriptor.ClassBasedTestDescriptor.invokeTestInstancePostProcessors(ClassBasedTestDescriptor.java:377) ~[junit-jupiter-engine-5.11.4.jar:5.11.4]
	at org.junit.jupiter.engine.descriptor.ClassBasedTestDescriptor.lambda$instantiateAndPostProcessTestInstance$7(ClassBasedTestDescriptor.java:290) ~[junit-jupiter-engine-5.11.4.jar:5.11.4]
	at org.junit.platform.engine.support.hierarchical.ThrowableCollector.execute(ThrowableCollector.java:73) ~[junit-platform-engine-1.11.4.jar:1.11.4]
	at org.junit.jupiter.engine.descriptor.ClassBasedTestDescriptor.instantiateAndPostProcessTestInstance(ClassBasedTestDescriptor.java:289) ~[junit-jupiter-engine-5.11.4.jar:5.11.4]
	at org.junit.jupiter.engine.descriptor.ClassBasedTestDescriptor.lambda$testInstancesProvider$5(ClassBasedTestDescriptor.java:279) ~[junit-jupiter-engine-5.11.4.jar:5.11.4]
	at java.base/java.util.Optional.orElseGet(Optional.java:364) ~[?:?]
	at org.junit.jupiter.engine.descriptor.ClassBasedTestDescriptor.lambda$testInstancesProvider$6(ClassBasedTestDescriptor.java:278) ~[junit-jupiter-engine-5.11.4.jar:5.11.4]
	at org.junit.jupiter.engine.execution.TestInstancesProvider.getTestInstances(TestInstancesProvider.java:31) ~[junit-jupiter-engine-5.11.4.jar:5.11.4]
	at org.junit.jupiter.engine.descriptor.TestMethodTestDescriptor.lambda$prepare$1(TestMethodTestDescriptor.java:105) ~[junit-jupiter-engine-5.11.4.jar:5.11.4]
	at org.junit.platform.engine.support.hierarchical.ThrowableCollector.execute(ThrowableCollector.java:73) ~[junit-platform-engine-1.11.4.jar:1.11.4]
	at org.junit.jupiter.engine.descriptor.TestMethodTestDescriptor.prepare(TestMethodTestDescriptor.java:104) ~[junit-jupiter-engine-5.11.4.jar:5.11.4]
	at org.junit.jupiter.engine.descriptor.TestMethodTestDescriptor.prepare(TestMethodTestDescriptor.java:68) ~[junit-jupiter-engine-5.11.4.jar:5.11.4]
	at org.junit.platform.engine.support.hierarchical.NodeTestTask.lambda$prepare$2(NodeTestTask.java:128) ~[junit-platform-engine-1.11.4.jar:1.11.4]
	at org.junit.platform.engine.support.hierarchical.ThrowableCollector.execute(ThrowableCollector.java:73) ~[junit-platform-engine-1.11.4.jar:1.11.4]
	at org.junit.platform.engine.support.hierarchical.NodeTestTask.prepare(NodeTestTask.java:128) ~[junit-platform-engine-1.11.4.jar:1.11.4]
	at org.junit.platform.engine.support.hierarchical.NodeTestTask.execute(NodeTestTask.java:95) ~[junit-platform-engine-1.11.4.jar:1.11.4]
	at java.base/java.util.ArrayList.forEach(ArrayList.java:1511) ~[?:?]
	at org.junit.platform.engine.support.hierarchical.SameThreadHierarchicalTestExecutorService.invokeAll(SameThreadHierarchicalTestExecutorService.java:41) ~[junit-platform-engine-1.11.4.jar:1.11.4]
	at org.junit.platform.engine.support.hierarchical.NodeTestTask.lambda$executeRecursively$6(NodeTestTask.java:160) ~[junit-platform-engine-1.11.4.jar:1.11.4]
	at org.junit.platform.engine.support.hierarchical.ThrowableCollector.execute(ThrowableCollector.java:73) ~[junit-platform-engine-1.11.4.jar:1.11.4]
	at org.junit.platform.engine.support.hierarchical.NodeTestTask.lambda$executeRecursively$8(NodeTestTask.java:146) ~[junit-platform-engine-1.11.4.jar:1.11.4]
	at org.junit.platform.engine.support.hierarchical.Node.around(Node.java:137) ~[junit-platform-engine-1.11.4.jar:1.11.4]
	at org.junit.platform.engine.support.hierarchical.NodeTestTask.lambda$executeRecursively$9(NodeTestTask.java:144) ~[junit-platform-engine-1.11.4.jar:1.11.4]
	at org.junit.platform.engine.support.hierarchical.ThrowableCollector.execute(ThrowableCollector.java:73) ~[junit-platform-engine-1.11.4.jar:1.11.4]
	at org.junit.platform.engine.support.hierarchical.NodeTestTask.executeRecursively(NodeTestTask.java:143) ~[junit-platform-engine-1.11.4.jar:1.11.4]
	at org.junit.platform.engine.support.hierarchical.NodeTestTask.execute(NodeTestTask.java:100) ~[junit-platform-engine-1.11.4.jar:1.11.4]
	at java.base/java.util.ArrayList.forEach(ArrayList.java:1511) ~[?:?]
	at org.junit.platform.engine.support.hierarchical.SameThreadHierarchicalTestExecutorService.invokeAll(SameThreadHierarchicalTestExecutorService.java:41) ~[junit-platform-engine-1.11.4.jar:1.11.4]
	at org.junit.platform.engine.support.hierarchical.NodeTestTask.lambda$executeRecursively$6(NodeTestTask.java:160) ~[junit-platform-engine-1.11.4.jar:1.11.4]
	at org.junit.platform.engine.support.hierarchical.ThrowableCollector.execute(ThrowableCollector.java:73) ~[junit-platform-engine-1.11.4.jar:1.11.4]
	at org.junit.platform.engine.support.hierarchical.NodeTestTask.lambda$executeRecursively$8(NodeTestTask.java:146) ~[junit-platform-engine-1.11.4.jar:1.11.4]
	at org.junit.platform.engine.support.hierarchical.Node.around(Node.java:137) ~[junit-platform-engine-1.11.4.jar:1.11.4]
	at org.junit.platform.engine.support.hierarchical.NodeTestTask.lambda$executeRecursively$9(NodeTestTask.java:144) ~[junit-platform-engine-1.11.4.jar:1.11.4]
	at org.junit.platform.engine.support.hierarchical.ThrowableCollector.execute(ThrowableCollector.java:73) ~[junit-platform-engine-1.11.4.jar:1.11.4]
	at org.junit.platform.engine.support.hierarchical.NodeTestTask.executeRecursively(NodeTestTask.java:143) ~[junit-platform-engine-1.11.4.jar:1.11.4]
	at org.junit.platform.engine.support.hierarchical.NodeTestTask.execute(NodeTestTask.java:100) ~[junit-platform-engine-1.11.4.jar:1.11.4]
	at org.junit.platform.engine.support.hierarchical.SameThreadHierarchicalTestExecutorService.submit(SameThreadHierarchicalTestExecutorService.java:35) ~[junit-platform-engine-1.11.4.jar:1.11.4]
	at org.junit.platform.engine.support.hierarchical.HierarchicalTestExecutor.execute(HierarchicalTestExecutor.java:57) ~[junit-platform-engine-1.11.4.jar:1.11.4]
	at org.junit.platform.engine.support.hierarchical.HierarchicalTestEngine.execute(HierarchicalTestEngine.java:54) ~[junit-platform-engine-1.11.4.jar:1.11.4]
	at org.junit.platform.launcher.core.EngineExecutionOrchestrator.execute(EngineExecutionOrchestrator.java:198) ~[junit-platform-launcher-1.11.4.jar:1.11.4]
	at org.junit.platform.launcher.core.EngineExecutionOrchestrator.execute(EngineExecutionOrchestrator.java:169) ~[junit-platform-launcher-1.11.4.jar:1.11.4]
	at org.junit.platform.launcher.core.EngineExecutionOrchestrator.execute(EngineExecutionOrchestrator.java:93) ~[junit-platform-launcher-1.11.4.jar:1.11.4]
	at org.junit.platform.launcher.core.EngineExecutionOrchestrator.lambda$execute$0(EngineExecutionOrchestrator.java:58) ~[junit-platform-launcher-1.11.4.jar:1.11.4]
	at org.junit.platform.launcher.core.EngineExecutionOrchestrator.withInterceptedStreams(EngineExecutionOrchestrator.java:141) [junit-platform-launcher-1.11.4.jar:1.11.4]
	at org.junit.platform.launcher.core.EngineExecutionOrchestrator.execute(EngineExecutionOrchestrator.java:57) [junit-platform-launcher-1.11.4.jar:1.11.4]
	at org.junit.platform.launcher.core.DefaultLauncher.execute(DefaultLauncher.java:103) [junit-platform-launcher-1.11.4.jar:1.11.4]
	at org.junit.platform.launcher.core.DefaultLauncher.execute(DefaultLauncher.java:85) [junit-platform-launcher-1.11.4.jar:1.11.4]
	at org.junit.platform.launcher.core.DelegatingLauncher.execute(DelegatingLauncher.java:47) [junit-platform-launcher-1.11.4.jar:1.11.4]
	at org.apache.maven.surefire.junitplatform.LazyLauncher.execute(LazyLauncher.java:56) [surefire-junit-platform-3.5.2.jar:3.5.2]
	at org.apache.maven.surefire.junitplatform.JUnitPlatformProvider.execute(JUnitPlatformProvider.java:184) [surefire-junit-platform-3.5.2.jar:3.5.2]
	at org.apache.maven.surefire.junitplatform.JUnitPlatformProvider.invokeAllTests(JUnitPlatformProvider.java:148) [surefire-junit-platform-3.5.2.jar:3.5.2]
	at org.apache.maven.surefire.junitplatform.JUnitPlatformProvider.invoke(JUnitPlatformProvider.java:122) [surefire-junit-platform-3.5.2.jar:3.5.2]
	at org.apache.maven.surefire.booter.ForkedBooter.runSuitesInProcess(ForkedBooter.java:385) [surefire-booter-3.5.2.jar:3.5.2]
	at org.apache.maven.surefire.booter.ForkedBooter.execute(ForkedBooter.java:162) [surefire-booter-3.5.2.jar:3.5.2]
	at org.apache.maven.surefire.booter.ForkedBooter.run(ForkedBooter.java:507) [surefire-booter-3.5.2.jar:3.5.2]
	at org.apache.maven.surefire.booter.ForkedBooter.main(ForkedBooter.java:495) [surefire-booter-3.5.2.jar:3.5.2]
2025-06-13 17:24:43.150 [main] DEBUG org.springframework.data.jpa.repository.query.NamedQuery - Did not find named query Gym.findGymsByCriteria.count
2025-06-13 17:24:43.150 [main] DEBUG org.springframework.orm.jpa.SharedEntityManagerCreator$SharedEntityManagerInvocationHandler - Creating new EntityManager for shared EntityManager invocation
2025-06-13 17:24:43.152 [main] DEBUG org.hibernate.orm.query.hql - HQL : SELECT DISTINCT g FROM Gym g LEFT JOIN g.location a LEFT JOIN g.sports s LEFT JOIN g.trainers t WHERE (:name IS NULL OR (g.name) LIKE (CONCAT('%', CAST(:name AS string), '%'))) AND (:locationCountry IS NULL OR (a.country) LIKE (CONCAT('%', CAST(:locationCountry AS string), '%'))) AND (:locationCity IS NULL OR (a.city) LIKE (CONCAT('%', CAST(:locationCity AS string), '%'))) AND (:locationCityDistrict IS NULL OR (a.cityDistrict) LIKE (CONCAT('%', CAST(:locationCityDistrict AS string), '%'))) AND (:locationStreet IS NULL OR (a.street) LIKE (CONCAT('%', CAST(:locationStreet AS string), '%'))) AND (:locationHouse IS NULL OR (a.house) LIKE (CONCAT('%', CAST(:locationHouse AS string), '%'))) AND (:sportIds IS NULL OR s.id IN :sportIds_1) AND (:trainerIds IS NULL OR t.id IN :trainerIds_1) AND (:overallRating IS NULL OR g.overallRating >= :overallRating)
2025-06-13 17:24:43.153 [main] DEBUG org.hibernate.orm.query.hql.reservedWordAsIdentifier - Encountered use of reserved word as identifier : IN
2025-06-13 17:24:43.154 [main] DEBUG org.hibernate.orm.query.hql.reservedWordAsIdentifier - Encountered use of reserved word as identifier : IN
2025-06-13 17:24:43.155 [main] DEBUG org.hibernate.orm.query.sqm.creation - Applying inferable type to SqmExpression [SqmNamedParameter(sportIds_1)] : null -> SqmBasicValuedSimplePath(com.example.trainup.model.Gym(g).sports(s).{element}.id)
2025-06-13 17:24:43.155 [main] DEBUG org.hibernate.orm.query.sqm.creation - Applying inferable type to SqmExpression [SqmNamedParameter(trainerIds_1)] : null -> SqmBasicValuedSimplePath(com.example.trainup.model.Gym(g).trainers(t).{element}.id)
2025-06-13 17:24:43.156 [main] DEBUG org.hibernate.orm.query.sqm.creation - Applying inferable type to SqmExpression [SqmNamedParameter(overallRating)] : null -> SqmBasicValuedSimplePath(com.example.trainup.model.Gym(g).overallRating)
2025-06-13 17:24:43.156 [main] DEBUG org.hibernate.orm.query.sqm.ast - SqmStatement Tree :
    -> [select]
      -> [query-spec]
        -> [select(distinct)]
          -> [selection]
            -> [root] - `com.example.trainup.model.Gym(g)`
              -> [joins]
                -> [attribute] - `com.example.trainup.model.Gym(g).location(a)`
                    [fetched = false]
                <- [attribute] - `com.example.trainup.model.Gym(g).location(a)`
                -> [attribute] - `com.example.trainup.model.Gym(g).sports(s)`
                    [fetched = false]
                <- [attribute] - `com.example.trainup.model.Gym(g).sports(s)`
                -> [attribute] - `com.example.trainup.model.Gym(g).trainers(t)`
                    [fetched = false]
                <- [attribute] - `com.example.trainup.model.Gym(g).trainers(t)`
              <- [joins]
            <- [root] - `com.example.trainup.model.Gym(g)`
          <- [selection]
        <- [select(distinct)]
        -> [from]
          -> [root] - `com.example.trainup.model.Gym(g)`
            -> [joins]
              -> [attribute] - `com.example.trainup.model.Gym(g).location(a)`
                  [fetched = false]
              <- [attribute] - `com.example.trainup.model.Gym(g).location(a)`
              -> [attribute] - `com.example.trainup.model.Gym(g).sports(s)`
                  [fetched = false]
              <- [attribute] - `com.example.trainup.model.Gym(g).sports(s)`
              -> [attribute] - `com.example.trainup.model.Gym(g).trainers(t)`
                  [fetched = false]
              <- [attribute] - `com.example.trainup.model.Gym(g).trainers(t)`
            <- [joins]
          <- [root] - `com.example.trainup.model.Gym(g)`
        <- [from]
        -> [where]
          -> [and]
            -> [grouped]
                -> [or]
                  -> [is-null]
                      :name
                  <- [is-null]
                  -> [is-like]
                    -> [basic-path] - `com.example.trainup.model.Gym(g).name`
                  <- [is-like]
                <- [or]
            <- [grouped]
            -> [grouped]
                -> [or]
                  -> [is-null]
                      :locationCountry
                  <- [is-null]
                  -> [is-like]
                    -> [basic-path] - `com.example.trainup.model.Gym(g).location(a).country`
                  <- [is-like]
                <- [or]
            <- [grouped]
            -> [grouped]
                -> [or]
                  -> [is-null]
                      :locationCity
                  <- [is-null]
                  -> [is-like]
                    -> [basic-path] - `com.example.trainup.model.Gym(g).location(a).city`
                  <- [is-like]
                <- [or]
            <- [grouped]
            -> [grouped]
                -> [or]
                  -> [is-null]
                      :locationCityDistrict
                  <- [is-null]
                  -> [is-like]
                    -> [basic-path] - `com.example.trainup.model.Gym(g).location(a).cityDistrict`
                  <- [is-like]
                <- [or]
            <- [grouped]
            -> [grouped]
                -> [or]
                  -> [is-null]
                      :locationStreet
                  <- [is-null]
                  -> [is-like]
                    -> [basic-path] - `com.example.trainup.model.Gym(g).location(a).street`
                  <- [is-like]
                <- [or]
            <- [grouped]
            -> [grouped]
                -> [or]
                  -> [is-null]
                      :locationHouse
                  <- [is-null]
                  -> [is-like]
                    -> [basic-path] - `com.example.trainup.model.Gym(g).location(a).house`
                  <- [is-like]
                <- [or]
            <- [grouped]
            -> [grouped]
                -> [or]
                  -> [is-null]
                      :sportIds
                  <- [is-null]
                <- [or]
            <- [grouped]
            -> [grouped]
                -> [or]
                  -> [is-null]
                      :trainerIds
                  <- [is-null]
                <- [or]
            <- [grouped]
            -> [grouped]
                -> [or]
                  -> [is-null]
                      :overallRating
                  <- [is-null]
                  -> [GREATER_THAN_OR_EQUAL]
                      -> [basic-path] - `com.example.trainup.model.Gym(g).overallRating`
                      :overallRating
                  <- [GREATER_THAN_OR_EQUAL]
                <- [or]
            <- [grouped]
          <- [and]
        <- [where]
      <- [query-spec]
    <- [select]

2025-06-13 17:24:43.160 [main] DEBUG org.hibernate.orm.query.hql - HQL : SELECT count(DISTINCT g) FROM Gym g LEFT JOIN g.location a LEFT JOIN g.sports s LEFT JOIN g.trainers t WHERE (:name IS NULL OR (g.name) LIKE (CONCAT('%', CAST(:name AS string), '%'))) AND (:locationCountry IS NULL OR (a.country) LIKE (CONCAT('%', CAST(:locationCountry AS string), '%'))) AND (:locationCity IS NULL OR (a.city) LIKE (CONCAT('%', CAST(:locationCity AS string), '%'))) AND (:locationCityDistrict IS NULL OR (a.cityDistrict) LIKE (CONCAT('%', CAST(:locationCityDistrict AS string), '%'))) AND (:locationStreet IS NULL OR (a.street) LIKE (CONCAT('%', CAST(:locationStreet AS string), '%'))) AND (:locationHouse IS NULL OR (a.house) LIKE (CONCAT('%', CAST(:locationHouse AS string), '%'))) AND (:sportIds IS NULL OR s.id IN :sportIds_1) AND (:trainerIds IS NULL OR t.id IN :trainerIds_1) AND (:overallRating IS NULL OR g.overallRating >= :overallRating)
2025-06-13 17:24:43.160 [main] DEBUG org.hibernate.orm.query.hql.reservedWordAsIdentifier - Encountered use of reserved word as identifier : (
2025-06-13 17:24:43.161 [main] DEBUG org.hibernate.orm.query.hql.reservedWordAsIdentifier - Encountered use of reserved word as identifier : IN
2025-06-13 17:24:43.161 [main] DEBUG org.hibernate.orm.query.hql.reservedWordAsIdentifier - Encountered use of reserved word as identifier : IN
2025-06-13 17:24:43.162 [main] DEBUG org.hibernate.orm.query.sqm.creation - Applying inferable type to SqmExpression [SqmNamedParameter(sportIds_1)] : null -> SqmBasicValuedSimplePath(com.example.trainup.model.Gym(g).sports(s).{element}.id)
2025-06-13 17:24:43.163 [main] DEBUG org.hibernate.orm.query.sqm.creation - Applying inferable type to SqmExpression [SqmNamedParameter(trainerIds_1)] : null -> SqmBasicValuedSimplePath(com.example.trainup.model.Gym(g).trainers(t).{element}.id)
2025-06-13 17:24:43.164 [main] DEBUG org.hibernate.orm.query.sqm.creation - Applying inferable type to SqmExpression [SqmNamedParameter(overallRating)] : null -> SqmBasicValuedSimplePath(com.example.trainup.model.Gym(g).overallRating)
2025-06-13 17:24:43.164 [main] DEBUG org.hibernate.orm.query.sqm.ast - SqmStatement Tree :
    -> [select]
      -> [query-spec]
        -> [select]
          -> [selection]
          <- [selection]
        <- [select]
        -> [from]
          -> [root] - `com.example.trainup.model.Gym(g)`
            -> [joins]
              -> [attribute] - `com.example.trainup.model.Gym(g).location(a)`
                  [fetched = false]
              <- [attribute] - `com.example.trainup.model.Gym(g).location(a)`
              -> [attribute] - `com.example.trainup.model.Gym(g).sports(s)`
                  [fetched = false]
              <- [attribute] - `com.example.trainup.model.Gym(g).sports(s)`
              -> [attribute] - `com.example.trainup.model.Gym(g).trainers(t)`
                  [fetched = false]
              <- [attribute] - `com.example.trainup.model.Gym(g).trainers(t)`
            <- [joins]
          <- [root] - `com.example.trainup.model.Gym(g)`
        <- [from]
        -> [where]
          -> [and]
            -> [grouped]
                -> [or]
                  -> [is-null]
                      :name
                  <- [is-null]
                  -> [is-like]
                    -> [basic-path] - `com.example.trainup.model.Gym(g).name`
                  <- [is-like]
                <- [or]
            <- [grouped]
            -> [grouped]
                -> [or]
                  -> [is-null]
                      :locationCountry
                  <- [is-null]
                  -> [is-like]
                    -> [basic-path] - `com.example.trainup.model.Gym(g).location(a).country`
                  <- [is-like]
                <- [or]
            <- [grouped]
            -> [grouped]
                -> [or]
                  -> [is-null]
                      :locationCity
                  <- [is-null]
                  -> [is-like]
                    -> [basic-path] - `com.example.trainup.model.Gym(g).location(a).city`
                  <- [is-like]
                <- [or]
            <- [grouped]
            -> [grouped]
                -> [or]
                  -> [is-null]
                      :locationCityDistrict
                  <- [is-null]
                  -> [is-like]
                    -> [basic-path] - `com.example.trainup.model.Gym(g).location(a).cityDistrict`
                  <- [is-like]
                <- [or]
            <- [grouped]
            -> [grouped]
                -> [or]
                  -> [is-null]
                      :locationStreet
                  <- [is-null]
                  -> [is-like]
                    -> [basic-path] - `com.example.trainup.model.Gym(g).location(a).street`
                  <- [is-like]
                <- [or]
            <- [grouped]
            -> [grouped]
                -> [or]
                  -> [is-null]
                      :locationHouse
                  <- [is-null]
                  -> [is-like]
                    -> [basic-path] - `com.example.trainup.model.Gym(g).location(a).house`
                  <- [is-like]
                <- [or]
            <- [grouped]
            -> [grouped]
                -> [or]
                  -> [is-null]
                      :sportIds
                  <- [is-null]
                <- [or]
            <- [grouped]
            -> [grouped]
                -> [or]
                  -> [is-null]
                      :trainerIds
                  <- [is-null]
                <- [or]
            <- [grouped]
            -> [grouped]
                -> [or]
                  -> [is-null]
                      :overallRating
                  <- [is-null]
                  -> [GREATER_THAN_OR_EQUAL]
                      -> [basic-path] - `com.example.trainup.model.Gym(g).overallRating`
                      :overallRating
                  <- [GREATER_THAN_OR_EQUAL]
                <- [or]
            <- [grouped]
          <- [and]
        <- [where]
      <- [query-spec]
    <- [select]

2025-06-13 17:24:43.165 [main] DEBUG org.springframework.data.repository.core.support.RepositoryFactorySupport - Finished creation of repository instance for com.example.trainup.repository.GymRepository.
2025-06-13 17:24:43.186 [main] DEBUG org.springframework.beans.factory.support.DefaultListableBeanFactory - Creating shared instance of singleton bean 'addressRepository'
2025-06-13 17:24:43.189 [main] DEBUG org.springframework.beans.factory.support.DefaultListableBeanFactory - Creating shared instance of singleton bean 'jpa.named-queries#0'
2025-06-13 17:24:43.192 [main] DEBUG org.springframework.beans.factory.support.DefaultListableBeanFactory - Creating shared instance of singleton bean 'jpa.AddressRepository.fragments#0'
2025-06-13 17:24:43.195 [main] DEBUG org.springframework.orm.jpa.SharedEntityManagerCreator$SharedEntityManagerInvocationHandler - Creating new EntityManager for shared EntityManager invocation
2025-06-13 17:24:43.195 [main] DEBUG org.springframework.data.repository.core.support.RepositoryFactorySupport - Initializing repository instance for com.example.trainup.repository.AddressRepository…
2025-06-13 17:24:43.196 [main] DEBUG org.springframework.orm.jpa.SharedEntityManagerCreator$SharedEntityManagerInvocationHandler - Creating new EntityManager for shared EntityManager invocation
2025-06-13 17:24:43.198 [main] DEBUG org.springframework.data.jpa.repository.query.NamedQuery - Looking up named query 'Address.findByCountryAndCityAndStreetAndHouse'
2025-06-13 17:24:43.199 [main] DEBUG org.hibernate.resource.transaction.backend.jdbc.internal.JdbcResourceLocalTransactionCoordinatorImpl - JDBC transaction marked for rollback-only (exception provided for stack trace)
java.lang.Exception: exception just for purpose of providing stack trace
	at org.hibernate.resource.transaction.backend.jdbc.internal.JdbcResourceLocalTransactionCoordinatorImpl$TransactionDriverControlImpl.markRollbackOnly(JdbcResourceLocalTransactionCoordinatorImpl.java:309) ~[hibernate-core-6.6.8.Final.jar:6.6.8.Final]
	at org.hibernate.internal.AbstractSharedSessionContract.buildNamedQuery(AbstractSharedSessionContract.java:1141) ~[hibernate-core-6.6.8.Final.jar:6.6.8.Final]
	at org.hibernate.internal.AbstractSharedSessionContract.createNamedQuery(AbstractSharedSessionContract.java:1019) ~[hibernate-core-6.6.8.Final.jar:6.6.8.Final]
	at org.hibernate.internal.AbstractSharedSessionContract.createNamedQuery(AbstractSharedSessionContract.java:143) ~[hibernate-core-6.6.8.Final.jar:6.6.8.Final]
	at jdk.internal.reflect.GeneratedMethodAccessor95.invoke(Unknown Source) ~[?:?]
	at java.base/jdk.internal.reflect.DelegatingMethodAccessorImpl.invoke(DelegatingMethodAccessorImpl.java:43) ~[?:?]
	at java.base/java.lang.reflect.Method.invoke(Method.java:569) ~[?:?]
	at org.springframework.orm.jpa.ExtendedEntityManagerCreator$ExtendedEntityManagerInvocationHandler.invoke(ExtendedEntityManagerCreator.java:364) ~[spring-orm-6.2.3.jar:6.2.3]
	at jdk.proxy2/jdk.proxy2.$Proxy233.createNamedQuery(Unknown Source) ~[?:?]
	at org.springframework.data.jpa.repository.query.NamedQuery.hasNamedQuery(NamedQuery.java:114) ~[spring-data-jpa-3.4.3.jar:3.4.3]
	at org.springframework.data.jpa.repository.query.NamedQuery.lookupFrom(NamedQuery.java:140) ~[spring-data-jpa-3.4.3.jar:3.4.3]
	at org.springframework.data.jpa.repository.query.JpaQueryLookupStrategy$DeclaredQueryLookupStrategy.resolveQuery(JpaQueryLookupStrategy.java:184) ~[spring-data-jpa-3.4.3.jar:3.4.3]
	at org.springframework.data.jpa.repository.query.JpaQueryLookupStrategy$CreateIfNotFoundQueryLookupStrategy.resolveQuery(JpaQueryLookupStrategy.java:256) ~[spring-data-jpa-3.4.3.jar:3.4.3]
	at org.springframework.data.jpa.repository.query.JpaQueryLookupStrategy$AbstractQueryLookupStrategy.resolveQuery(JpaQueryLookupStrategy.java:99) ~[spring-data-jpa-3.4.3.jar:3.4.3]
	at org.springframework.data.repository.core.support.QueryExecutorMethodInterceptor.lookupQuery(QueryExecutorMethodInterceptor.java:116) ~[spring-data-commons-3.4.3.jar:3.4.3]
	at org.springframework.data.repository.core.support.QueryExecutorMethodInterceptor.mapMethodsToQuery(QueryExecutorMethodInterceptor.java:104) ~[spring-data-commons-3.4.3.jar:3.4.3]
	at org.springframework.data.repository.core.support.QueryExecutorMethodInterceptor.lambda$new$0(QueryExecutorMethodInterceptor.java:92) ~[spring-data-commons-3.4.3.jar:3.4.3]
	at java.base/java.util.Optional.map(Optional.java:260) ~[?:?]
	at org.springframework.data.repository.core.support.QueryExecutorMethodInterceptor.<init>(QueryExecutorMethodInterceptor.java:92) ~[spring-data-commons-3.4.3.jar:3.4.3]
	at org.springframework.data.repository.core.support.RepositoryFactorySupport.getRepository(RepositoryFactorySupport.java:440) ~[spring-data-commons-3.4.3.jar:3.4.3]
	at org.springframework.data.repository.core.support.RepositoryFactoryBeanSupport.lambda$afterPropertiesSet$4(RepositoryFactoryBeanSupport.java:350) ~[spring-data-commons-3.4.3.jar:3.4.3]
	at org.springframework.data.util.Lazy.getNullable(Lazy.java:135) ~[spring-data-commons-3.4.3.jar:3.4.3]
	at org.springframework.data.util.Lazy.get(Lazy.java:113) ~[spring-data-commons-3.4.3.jar:3.4.3]
	at org.springframework.data.repository.core.support.RepositoryFactoryBeanSupport.afterPropertiesSet(RepositoryFactoryBeanSupport.java:356) ~[spring-data-commons-3.4.3.jar:3.4.3]
	at org.springframework.data.jpa.repository.support.JpaRepositoryFactoryBean.afterPropertiesSet(JpaRepositoryFactoryBean.java:132) ~[spring-data-jpa-3.4.3.jar:3.4.3]
	at org.springframework.beans.factory.support.AbstractAutowireCapableBeanFactory.invokeInitMethods(AbstractAutowireCapableBeanFactory.java:1859) ~[spring-beans-6.2.3.jar:6.2.3]
	at org.springframework.beans.factory.support.AbstractAutowireCapableBeanFactory.initializeBean(AbstractAutowireCapableBeanFactory.java:1808) ~[spring-beans-6.2.3.jar:6.2.3]
	at org.springframework.beans.factory.support.AbstractAutowireCapableBeanFactory.doCreateBean(AbstractAutowireCapableBeanFactory.java:601) ~[spring-beans-6.2.3.jar:6.2.3]
	at org.springframework.beans.factory.support.AbstractAutowireCapableBeanFactory.createBean(AbstractAutowireCapableBeanFactory.java:523) ~[spring-beans-6.2.3.jar:6.2.3]
	at org.springframework.beans.factory.support.AbstractBeanFactory.lambda$doGetBean$0(AbstractBeanFactory.java:339) ~[spring-beans-6.2.3.jar:6.2.3]
	at org.springframework.beans.factory.support.DefaultSingletonBeanRegistry.getSingleton(DefaultSingletonBeanRegistry.java:346) ~[spring-beans-6.2.3.jar:6.2.3]
	at org.springframework.beans.factory.support.AbstractBeanFactory.doGetBean(AbstractBeanFactory.java:337) ~[spring-beans-6.2.3.jar:6.2.3]
	at org.springframework.beans.factory.support.AbstractBeanFactory.getBean(AbstractBeanFactory.java:202) ~[spring-beans-6.2.3.jar:6.2.3]
	at org.springframework.beans.factory.support.DefaultListableBeanFactory.doResolveDependency(DefaultListableBeanFactory.java:1606) ~[spring-beans-6.2.3.jar:6.2.3]
	at org.springframework.beans.factory.support.DefaultListableBeanFactory.resolveDependency(DefaultListableBeanFactory.java:1552) ~[spring-beans-6.2.3.jar:6.2.3]
	at org.springframework.beans.factory.support.ConstructorResolver.resolveAutowiredArgument(ConstructorResolver.java:913) ~[spring-beans-6.2.3.jar:6.2.3]
	at org.springframework.beans.factory.support.ConstructorResolver.createArgumentArray(ConstructorResolver.java:791) ~[spring-beans-6.2.3.jar:6.2.3]
	at org.springframework.beans.factory.support.ConstructorResolver.autowireConstructor(ConstructorResolver.java:240) ~[spring-beans-6.2.3.jar:6.2.3]
	at org.springframework.beans.factory.support.AbstractAutowireCapableBeanFactory.autowireConstructor(AbstractAutowireCapableBeanFactory.java:1381) ~[spring-beans-6.2.3.jar:6.2.3]
	at org.springframework.beans.factory.support.AbstractAutowireCapableBeanFactory.createBeanInstance(AbstractAutowireCapableBeanFactory.java:1218) ~[spring-beans-6.2.3.jar:6.2.3]
	at org.springframework.beans.factory.support.AbstractAutowireCapableBeanFactory.doCreateBean(AbstractAutowireCapableBeanFactory.java:563) ~[spring-beans-6.2.3.jar:6.2.3]
	at org.springframework.beans.factory.support.AbstractAutowireCapableBeanFactory.createBean(AbstractAutowireCapableBeanFactory.java:523) ~[spring-beans-6.2.3.jar:6.2.3]
	at org.springframework.beans.factory.support.AbstractBeanFactory.lambda$doGetBean$0(AbstractBeanFactory.java:339) ~[spring-beans-6.2.3.jar:6.2.3]
	at org.springframework.beans.factory.support.DefaultSingletonBeanRegistry.getSingleton(DefaultSingletonBeanRegistry.java:346) ~[spring-beans-6.2.3.jar:6.2.3]
	at org.springframework.beans.factory.support.AbstractBeanFactory.doGetBean(AbstractBeanFactory.java:337) ~[spring-beans-6.2.3.jar:6.2.3]
	at org.springframework.beans.factory.support.AbstractBeanFactory.getBean(AbstractBeanFactory.java:202) ~[spring-beans-6.2.3.jar:6.2.3]
	at org.springframework.beans.factory.config.DependencyDescriptor.resolveCandidate(DependencyDescriptor.java:254) ~[spring-beans-6.2.3.jar:6.2.3]
	at org.springframework.beans.factory.support.DefaultListableBeanFactory.doResolveDependency(DefaultListableBeanFactory.java:1664) ~[spring-beans-6.2.3.jar:6.2.3]
	at org.springframework.beans.factory.support.DefaultListableBeanFactory.resolveDependency(DefaultListableBeanFactory.java:1552) ~[spring-beans-6.2.3.jar:6.2.3]
	at org.springframework.beans.factory.support.ConstructorResolver.resolveAutowiredArgument(ConstructorResolver.java:913) ~[spring-beans-6.2.3.jar:6.2.3]
	at org.springframework.beans.factory.support.ConstructorResolver.createArgumentArray(ConstructorResolver.java:791) ~[spring-beans-6.2.3.jar:6.2.3]
	at org.springframework.beans.factory.support.ConstructorResolver.autowireConstructor(ConstructorResolver.java:240) ~[spring-beans-6.2.3.jar:6.2.3]
	at org.springframework.beans.factory.support.AbstractAutowireCapableBeanFactory.autowireConstructor(AbstractAutowireCapableBeanFactory.java:1381) ~[spring-beans-6.2.3.jar:6.2.3]
	at org.springframework.beans.factory.support.AbstractAutowireCapableBeanFactory.createBeanInstance(AbstractAutowireCapableBeanFactory.java:1218) ~[spring-beans-6.2.3.jar:6.2.3]
	at org.springframework.beans.factory.support.AbstractAutowireCapableBeanFactory.doCreateBean(AbstractAutowireCapableBeanFactory.java:563) ~[spring-beans-6.2.3.jar:6.2.3]
	at org.springframework.beans.factory.support.AbstractAutowireCapableBeanFactory.createBean(AbstractAutowireCapableBeanFactory.java:523) ~[spring-beans-6.2.3.jar:6.2.3]
	at org.springframework.beans.factory.support.AbstractBeanFactory.lambda$doGetBean$0(AbstractBeanFactory.java:339) ~[spring-beans-6.2.3.jar:6.2.3]
	at org.springframework.beans.factory.support.DefaultSingletonBeanRegistry.getSingleton(DefaultSingletonBeanRegistry.java:346) ~[spring-beans-6.2.3.jar:6.2.3]
	at org.springframework.beans.factory.support.AbstractBeanFactory.doGetBean(AbstractBeanFactory.java:337) ~[spring-beans-6.2.3.jar:6.2.3]
	at org.springframework.beans.factory.support.AbstractBeanFactory.getBean(AbstractBeanFactory.java:202) ~[spring-beans-6.2.3.jar:6.2.3]
	at org.springframework.beans.factory.support.DefaultListableBeanFactory.instantiateSingleton(DefaultListableBeanFactory.java:1155) ~[spring-beans-6.2.3.jar:6.2.3]
	at org.springframework.beans.factory.support.DefaultListableBeanFactory.preInstantiateSingleton(DefaultListableBeanFactory.java:1121) ~[spring-beans-6.2.3.jar:6.2.3]
	at org.springframework.beans.factory.support.DefaultListableBeanFactory.preInstantiateSingletons(DefaultListableBeanFactory.java:1056) ~[spring-beans-6.2.3.jar:6.2.3]
	at org.springframework.context.support.AbstractApplicationContext.finishBeanFactoryInitialization(AbstractApplicationContext.java:987) ~[spring-context-6.2.3.jar:6.2.3]
	at org.springframework.context.support.AbstractApplicationContext.refresh(AbstractApplicationContext.java:627) ~[spring-context-6.2.3.jar:6.2.3]
	at org.springframework.boot.SpringApplication.refresh(SpringApplication.java:752) ~[spring-boot-3.4.3.jar:3.4.3]
	at org.springframework.boot.SpringApplication.refreshContext(SpringApplication.java:439) ~[spring-boot-3.4.3.jar:3.4.3]
	at org.springframework.boot.SpringApplication.run(SpringApplication.java:318) ~[spring-boot-3.4.3.jar:3.4.3]
	at org.springframework.boot.test.context.SpringBootContextLoader.lambda$loadContext$3(SpringBootContextLoader.java:137) ~[spring-boot-test-3.4.3.jar:3.4.3]
	at org.springframework.util.function.ThrowingSupplier.get(ThrowingSupplier.java:58) ~[spring-core-6.2.3.jar:6.2.3]
	at org.springframework.util.function.ThrowingSupplier.get(ThrowingSupplier.java:46) ~[spring-core-6.2.3.jar:6.2.3]
	at org.springframework.boot.SpringApplication.withHook(SpringApplication.java:1461) ~[spring-boot-3.4.3.jar:3.4.3]
	at org.springframework.boot.test.context.SpringBootContextLoader$ContextLoaderHook.run(SpringBootContextLoader.java:553) ~[spring-boot-test-3.4.3.jar:3.4.3]
	at org.springframework.boot.test.context.SpringBootContextLoader.loadContext(SpringBootContextLoader.java:137) ~[spring-boot-test-3.4.3.jar:3.4.3]
	at org.springframework.boot.test.context.SpringBootContextLoader.loadContext(SpringBootContextLoader.java:108) ~[spring-boot-test-3.4.3.jar:3.4.3]
	at org.springframework.test.context.cache.DefaultCacheAwareContextLoaderDelegate.loadContextInternal(DefaultCacheAwareContextLoaderDelegate.java:225) ~[spring-test-6.2.3.jar:6.2.3]
	at org.springframework.test.context.cache.DefaultCacheAwareContextLoaderDelegate.loadContext(DefaultCacheAwareContextLoaderDelegate.java:152) ~[spring-test-6.2.3.jar:6.2.3]
	at org.springframework.test.context.support.DefaultTestContext.getApplicationContext(DefaultTestContext.java:130) ~[spring-test-6.2.3.jar:6.2.3]
	at org.springframework.test.context.web.ServletTestExecutionListener.setUpRequestContextIfNecessary(ServletTestExecutionListener.java:200) ~[spring-test-6.2.3.jar:6.2.3]
	at org.springframework.test.context.web.ServletTestExecutionListener.prepareTestInstance(ServletTestExecutionListener.java:139) ~[spring-test-6.2.3.jar:6.2.3]
	at org.springframework.test.context.TestContextManager.prepareTestInstance(TestContextManager.java:260) ~[spring-test-6.2.3.jar:6.2.3]
	at org.springframework.test.context.junit.jupiter.SpringExtension.postProcessTestInstance(SpringExtension.java:160) ~[spring-test-6.2.3.jar:6.2.3]
	at org.junit.jupiter.engine.descriptor.ClassBasedTestDescriptor.lambda$invokeTestInstancePostProcessors$11(ClassBasedTestDescriptor.java:378) ~[junit-jupiter-engine-5.11.4.jar:5.11.4]
	at org.junit.jupiter.engine.descriptor.ClassBasedTestDescriptor.executeAndMaskThrowable(ClassBasedTestDescriptor.java:383) ~[junit-jupiter-engine-5.11.4.jar:5.11.4]
	at org.junit.jupiter.engine.descriptor.ClassBasedTestDescriptor.lambda$invokeTestInstancePostProcessors$12(ClassBasedTestDescriptor.java:378) ~[junit-jupiter-engine-5.11.4.jar:5.11.4]
	at java.base/java.util.stream.ForEachOps$ForEachOp$OfRef.accept(ForEachOps.java:183) ~[?:?]
	at java.base/java.util.stream.ReferencePipeline$3$1.accept(ReferencePipeline.java:197) ~[?:?]
	at java.base/java.util.stream.ReferencePipeline$2$1.accept(ReferencePipeline.java:179) ~[?:?]
	at java.base/java.util.stream.ReferencePipeline$3$1.accept(ReferencePipeline.java:197) ~[?:?]
	at java.base/java.util.ArrayList$ArrayListSpliterator.forEachRemaining(ArrayList.java:1625) ~[?:?]
	at java.base/java.util.stream.AbstractPipeline.copyInto(AbstractPipeline.java:509) ~[?:?]
	at java.base/java.util.stream.AbstractPipeline.wrapAndCopyInto(AbstractPipeline.java:499) ~[?:?]
	at java.base/java.util.stream.ForEachOps$ForEachOp.evaluateSequential(ForEachOps.java:150) ~[?:?]
	at java.base/java.util.stream.ForEachOps$ForEachOp$OfRef.evaluateSequential(ForEachOps.java:173) ~[?:?]
	at java.base/java.util.stream.AbstractPipeline.evaluate(AbstractPipeline.java:234) ~[?:?]
	at java.base/java.util.stream.ReferencePipeline.forEach(ReferencePipeline.java:596) ~[?:?]
	at org.junit.jupiter.engine.descriptor.ClassBasedTestDescriptor.invokeTestInstancePostProcessors(ClassBasedTestDescriptor.java:377) ~[junit-jupiter-engine-5.11.4.jar:5.11.4]
	at org.junit.jupiter.engine.descriptor.ClassBasedTestDescriptor.lambda$instantiateAndPostProcessTestInstance$7(ClassBasedTestDescriptor.java:290) ~[junit-jupiter-engine-5.11.4.jar:5.11.4]
	at org.junit.platform.engine.support.hierarchical.ThrowableCollector.execute(ThrowableCollector.java:73) ~[junit-platform-engine-1.11.4.jar:1.11.4]
	at org.junit.jupiter.engine.descriptor.ClassBasedTestDescriptor.instantiateAndPostProcessTestInstance(ClassBasedTestDescriptor.java:289) ~[junit-jupiter-engine-5.11.4.jar:5.11.4]
	at org.junit.jupiter.engine.descriptor.ClassBasedTestDescriptor.lambda$testInstancesProvider$5(ClassBasedTestDescriptor.java:279) ~[junit-jupiter-engine-5.11.4.jar:5.11.4]
	at java.base/java.util.Optional.orElseGet(Optional.java:364) ~[?:?]
	at org.junit.jupiter.engine.descriptor.ClassBasedTestDescriptor.lambda$testInstancesProvider$6(ClassBasedTestDescriptor.java:278) ~[junit-jupiter-engine-5.11.4.jar:5.11.4]
	at org.junit.jupiter.engine.execution.TestInstancesProvider.getTestInstances(TestInstancesProvider.java:31) ~[junit-jupiter-engine-5.11.4.jar:5.11.4]
	at org.junit.jupiter.engine.descriptor.TestMethodTestDescriptor.lambda$prepare$1(TestMethodTestDescriptor.java:105) ~[junit-jupiter-engine-5.11.4.jar:5.11.4]
	at org.junit.platform.engine.support.hierarchical.ThrowableCollector.execute(ThrowableCollector.java:73) ~[junit-platform-engine-1.11.4.jar:1.11.4]
	at org.junit.jupiter.engine.descriptor.TestMethodTestDescriptor.prepare(TestMethodTestDescriptor.java:104) ~[junit-jupiter-engine-5.11.4.jar:5.11.4]
	at org.junit.jupiter.engine.descriptor.TestMethodTestDescriptor.prepare(TestMethodTestDescriptor.java:68) ~[junit-jupiter-engine-5.11.4.jar:5.11.4]
	at org.junit.platform.engine.support.hierarchical.NodeTestTask.lambda$prepare$2(NodeTestTask.java:128) ~[junit-platform-engine-1.11.4.jar:1.11.4]
	at org.junit.platform.engine.support.hierarchical.ThrowableCollector.execute(ThrowableCollector.java:73) ~[junit-platform-engine-1.11.4.jar:1.11.4]
	at org.junit.platform.engine.support.hierarchical.NodeTestTask.prepare(NodeTestTask.java:128) ~[junit-platform-engine-1.11.4.jar:1.11.4]
	at org.junit.platform.engine.support.hierarchical.NodeTestTask.execute(NodeTestTask.java:95) ~[junit-platform-engine-1.11.4.jar:1.11.4]
	at java.base/java.util.ArrayList.forEach(ArrayList.java:1511) ~[?:?]
	at org.junit.platform.engine.support.hierarchical.SameThreadHierarchicalTestExecutorService.invokeAll(SameThreadHierarchicalTestExecutorService.java:41) ~[junit-platform-engine-1.11.4.jar:1.11.4]
	at org.junit.platform.engine.support.hierarchical.NodeTestTask.lambda$executeRecursively$6(NodeTestTask.java:160) ~[junit-platform-engine-1.11.4.jar:1.11.4]
	at org.junit.platform.engine.support.hierarchical.ThrowableCollector.execute(ThrowableCollector.java:73) ~[junit-platform-engine-1.11.4.jar:1.11.4]
	at org.junit.platform.engine.support.hierarchical.NodeTestTask.lambda$executeRecursively$8(NodeTestTask.java:146) ~[junit-platform-engine-1.11.4.jar:1.11.4]
	at org.junit.platform.engine.support.hierarchical.Node.around(Node.java:137) ~[junit-platform-engine-1.11.4.jar:1.11.4]
	at org.junit.platform.engine.support.hierarchical.NodeTestTask.lambda$executeRecursively$9(NodeTestTask.java:144) ~[junit-platform-engine-1.11.4.jar:1.11.4]
	at org.junit.platform.engine.support.hierarchical.ThrowableCollector.execute(ThrowableCollector.java:73) ~[junit-platform-engine-1.11.4.jar:1.11.4]
	at org.junit.platform.engine.support.hierarchical.NodeTestTask.executeRecursively(NodeTestTask.java:143) ~[junit-platform-engine-1.11.4.jar:1.11.4]
	at org.junit.platform.engine.support.hierarchical.NodeTestTask.execute(NodeTestTask.java:100) ~[junit-platform-engine-1.11.4.jar:1.11.4]
	at java.base/java.util.ArrayList.forEach(ArrayList.java:1511) ~[?:?]
	at org.junit.platform.engine.support.hierarchical.SameThreadHierarchicalTestExecutorService.invokeAll(SameThreadHierarchicalTestExecutorService.java:41) ~[junit-platform-engine-1.11.4.jar:1.11.4]
	at org.junit.platform.engine.support.hierarchical.NodeTestTask.lambda$executeRecursively$6(NodeTestTask.java:160) ~[junit-platform-engine-1.11.4.jar:1.11.4]
	at org.junit.platform.engine.support.hierarchical.ThrowableCollector.execute(ThrowableCollector.java:73) ~[junit-platform-engine-1.11.4.jar:1.11.4]
	at org.junit.platform.engine.support.hierarchical.NodeTestTask.lambda$executeRecursively$8(NodeTestTask.java:146) ~[junit-platform-engine-1.11.4.jar:1.11.4]
	at org.junit.platform.engine.support.hierarchical.Node.around(Node.java:137) ~[junit-platform-engine-1.11.4.jar:1.11.4]
	at org.junit.platform.engine.support.hierarchical.NodeTestTask.lambda$executeRecursively$9(NodeTestTask.java:144) ~[junit-platform-engine-1.11.4.jar:1.11.4]
	at org.junit.platform.engine.support.hierarchical.ThrowableCollector.execute(ThrowableCollector.java:73) ~[junit-platform-engine-1.11.4.jar:1.11.4]
	at org.junit.platform.engine.support.hierarchical.NodeTestTask.executeRecursively(NodeTestTask.java:143) ~[junit-platform-engine-1.11.4.jar:1.11.4]
	at org.junit.platform.engine.support.hierarchical.NodeTestTask.execute(NodeTestTask.java:100) ~[junit-platform-engine-1.11.4.jar:1.11.4]
	at org.junit.platform.engine.support.hierarchical.SameThreadHierarchicalTestExecutorService.submit(SameThreadHierarchicalTestExecutorService.java:35) ~[junit-platform-engine-1.11.4.jar:1.11.4]
	at org.junit.platform.engine.support.hierarchical.HierarchicalTestExecutor.execute(HierarchicalTestExecutor.java:57) ~[junit-platform-engine-1.11.4.jar:1.11.4]
	at org.junit.platform.engine.support.hierarchical.HierarchicalTestEngine.execute(HierarchicalTestEngine.java:54) ~[junit-platform-engine-1.11.4.jar:1.11.4]
	at org.junit.platform.launcher.core.EngineExecutionOrchestrator.execute(EngineExecutionOrchestrator.java:198) ~[junit-platform-launcher-1.11.4.jar:1.11.4]
	at org.junit.platform.launcher.core.EngineExecutionOrchestrator.execute(EngineExecutionOrchestrator.java:169) ~[junit-platform-launcher-1.11.4.jar:1.11.4]
	at org.junit.platform.launcher.core.EngineExecutionOrchestrator.execute(EngineExecutionOrchestrator.java:93) ~[junit-platform-launcher-1.11.4.jar:1.11.4]
	at org.junit.platform.launcher.core.EngineExecutionOrchestrator.lambda$execute$0(EngineExecutionOrchestrator.java:58) ~[junit-platform-launcher-1.11.4.jar:1.11.4]
	at org.junit.platform.launcher.core.EngineExecutionOrchestrator.withInterceptedStreams(EngineExecutionOrchestrator.java:141) [junit-platform-launcher-1.11.4.jar:1.11.4]
	at org.junit.platform.launcher.core.EngineExecutionOrchestrator.execute(EngineExecutionOrchestrator.java:57) [junit-platform-launcher-1.11.4.jar:1.11.4]
	at org.junit.platform.launcher.core.DefaultLauncher.execute(DefaultLauncher.java:103) [junit-platform-launcher-1.11.4.jar:1.11.4]
	at org.junit.platform.launcher.core.DefaultLauncher.execute(DefaultLauncher.java:85) [junit-platform-launcher-1.11.4.jar:1.11.4]
	at org.junit.platform.launcher.core.DelegatingLauncher.execute(DelegatingLauncher.java:47) [junit-platform-launcher-1.11.4.jar:1.11.4]
	at org.apache.maven.surefire.junitplatform.LazyLauncher.execute(LazyLauncher.java:56) [surefire-junit-platform-3.5.2.jar:3.5.2]
	at org.apache.maven.surefire.junitplatform.JUnitPlatformProvider.execute(JUnitPlatformProvider.java:184) [surefire-junit-platform-3.5.2.jar:3.5.2]
	at org.apache.maven.surefire.junitplatform.JUnitPlatformProvider.invokeAllTests(JUnitPlatformProvider.java:148) [surefire-junit-platform-3.5.2.jar:3.5.2]
	at org.apache.maven.surefire.junitplatform.JUnitPlatformProvider.invoke(JUnitPlatformProvider.java:122) [surefire-junit-platform-3.5.2.jar:3.5.2]
	at org.apache.maven.surefire.booter.ForkedBooter.runSuitesInProcess(ForkedBooter.java:385) [surefire-booter-3.5.2.jar:3.5.2]
	at org.apache.maven.surefire.booter.ForkedBooter.execute(ForkedBooter.java:162) [surefire-booter-3.5.2.jar:3.5.2]
	at org.apache.maven.surefire.booter.ForkedBooter.run(ForkedBooter.java:507) [surefire-booter-3.5.2.jar:3.5.2]
	at org.apache.maven.surefire.booter.ForkedBooter.main(ForkedBooter.java:495) [surefire-booter-3.5.2.jar:3.5.2]
2025-06-13 17:24:43.202 [main] DEBUG org.springframework.data.jpa.repository.query.NamedQuery - Did not find named query Address.findByCountryAndCityAndStreetAndHouse
2025-06-13 17:24:43.202 [main] DEBUG org.springframework.orm.jpa.SharedEntityManagerCreator$SharedEntityManagerInvocationHandler - Creating new EntityManager for shared EntityManager invocation
2025-06-13 17:24:43.204 [main] DEBUG org.springframework.data.repository.core.support.RepositoryFactorySupport - Finished creation of repository instance for com.example.trainup.repository.AddressRepository.
2025-06-13 17:24:43.210 [HikariPool-1 housekeeper] DEBUG com.zaxxer.hikari.pool.HikariPool - HikariPool-1 - Pool stats (total=10, active=0, idle=10, waiting=0)
2025-06-13 17:24:43.210 [HikariPool-1 housekeeper] DEBUG com.zaxxer.hikari.pool.HikariPool - HikariPool-1 - Fill pool skipped, pool has sufficient level or currently being filled.
2025-06-13 17:24:43.219 [main] DEBUG org.springframework.beans.factory.support.DefaultListableBeanFactory - Creating shared instance of singleton bean 'currentUserService'
2025-06-13 17:24:43.219 [main] DEBUG org.springframework.beans.factory.support.DefaultListableBeanFactory - Creating shared instance of singleton bean 'gymOwnerRepository'
2025-06-13 17:24:43.221 [main] DEBUG org.springframework.beans.factory.support.DefaultListableBeanFactory - Creating shared instance of singleton bean 'jpa.named-queries#8'
2025-06-13 17:24:43.222 [main] DEBUG org.springframework.beans.factory.support.DefaultListableBeanFactory - Creating shared instance of singleton bean 'jpa.GymOwnerRepository.fragments#0'
2025-06-13 17:24:43.223 [main] DEBUG org.springframework.orm.jpa.SharedEntityManagerCreator$SharedEntityManagerInvocationHandler - Creating new EntityManager for shared EntityManager invocation
2025-06-13 17:24:43.224 [main] DEBUG org.springframework.data.repository.core.support.RepositoryFactorySupport - Initializing repository instance for com.example.trainup.repository.GymOwnerRepository…
2025-06-13 17:24:43.224 [main] DEBUG org.springframework.orm.jpa.SharedEntityManagerCreator$SharedEntityManagerInvocationHandler - Creating new EntityManager for shared EntityManager invocation
2025-06-13 17:24:43.225 [main] DEBUG org.springframework.data.jpa.repository.query.NamedQuery - Looking up named query 'GymOwner.findByUserCredentials'
2025-06-13 17:24:43.226 [main] DEBUG org.hibernate.resource.transaction.backend.jdbc.internal.JdbcResourceLocalTransactionCoordinatorImpl - JDBC transaction marked for rollback-only (exception provided for stack trace)
java.lang.Exception: exception just for purpose of providing stack trace
	at org.hibernate.resource.transaction.backend.jdbc.internal.JdbcResourceLocalTransactionCoordinatorImpl$TransactionDriverControlImpl.markRollbackOnly(JdbcResourceLocalTransactionCoordinatorImpl.java:309) ~[hibernate-core-6.6.8.Final.jar:6.6.8.Final]
	at org.hibernate.internal.AbstractSharedSessionContract.buildNamedQuery(AbstractSharedSessionContract.java:1141) ~[hibernate-core-6.6.8.Final.jar:6.6.8.Final]
	at org.hibernate.internal.AbstractSharedSessionContract.createNamedQuery(AbstractSharedSessionContract.java:1019) ~[hibernate-core-6.6.8.Final.jar:6.6.8.Final]
	at org.hibernate.internal.AbstractSharedSessionContract.createNamedQuery(AbstractSharedSessionContract.java:143) ~[hibernate-core-6.6.8.Final.jar:6.6.8.Final]
	at jdk.internal.reflect.GeneratedMethodAccessor95.invoke(Unknown Source) ~[?:?]
	at java.base/jdk.internal.reflect.DelegatingMethodAccessorImpl.invoke(DelegatingMethodAccessorImpl.java:43) ~[?:?]
	at java.base/java.lang.reflect.Method.invoke(Method.java:569) ~[?:?]
	at org.springframework.orm.jpa.ExtendedEntityManagerCreator$ExtendedEntityManagerInvocationHandler.invoke(ExtendedEntityManagerCreator.java:364) ~[spring-orm-6.2.3.jar:6.2.3]
	at jdk.proxy2/jdk.proxy2.$Proxy233.createNamedQuery(Unknown Source) ~[?:?]
	at org.springframework.data.jpa.repository.query.NamedQuery.hasNamedQuery(NamedQuery.java:114) ~[spring-data-jpa-3.4.3.jar:3.4.3]
	at org.springframework.data.jpa.repository.query.NamedQuery.lookupFrom(NamedQuery.java:140) ~[spring-data-jpa-3.4.3.jar:3.4.3]
	at org.springframework.data.jpa.repository.query.JpaQueryLookupStrategy$DeclaredQueryLookupStrategy.resolveQuery(JpaQueryLookupStrategy.java:184) ~[spring-data-jpa-3.4.3.jar:3.4.3]
	at org.springframework.data.jpa.repository.query.JpaQueryLookupStrategy$CreateIfNotFoundQueryLookupStrategy.resolveQuery(JpaQueryLookupStrategy.java:256) ~[spring-data-jpa-3.4.3.jar:3.4.3]
	at org.springframework.data.jpa.repository.query.JpaQueryLookupStrategy$AbstractQueryLookupStrategy.resolveQuery(JpaQueryLookupStrategy.java:99) ~[spring-data-jpa-3.4.3.jar:3.4.3]
	at org.springframework.data.repository.core.support.QueryExecutorMethodInterceptor.lookupQuery(QueryExecutorMethodInterceptor.java:116) ~[spring-data-commons-3.4.3.jar:3.4.3]
	at org.springframework.data.repository.core.support.QueryExecutorMethodInterceptor.mapMethodsToQuery(QueryExecutorMethodInterceptor.java:104) ~[spring-data-commons-3.4.3.jar:3.4.3]
	at org.springframework.data.repository.core.support.QueryExecutorMethodInterceptor.lambda$new$0(QueryExecutorMethodInterceptor.java:92) ~[spring-data-commons-3.4.3.jar:3.4.3]
	at java.base/java.util.Optional.map(Optional.java:260) ~[?:?]
	at org.springframework.data.repository.core.support.QueryExecutorMethodInterceptor.<init>(QueryExecutorMethodInterceptor.java:92) ~[spring-data-commons-3.4.3.jar:3.4.3]
	at org.springframework.data.repository.core.support.RepositoryFactorySupport.getRepository(RepositoryFactorySupport.java:440) ~[spring-data-commons-3.4.3.jar:3.4.3]
	at org.springframework.data.repository.core.support.RepositoryFactoryBeanSupport.lambda$afterPropertiesSet$4(RepositoryFactoryBeanSupport.java:350) ~[spring-data-commons-3.4.3.jar:3.4.3]
	at org.springframework.data.util.Lazy.getNullable(Lazy.java:135) ~[spring-data-commons-3.4.3.jar:3.4.3]
	at org.springframework.data.util.Lazy.get(Lazy.java:113) ~[spring-data-commons-3.4.3.jar:3.4.3]
	at org.springframework.data.repository.core.support.RepositoryFactoryBeanSupport.afterPropertiesSet(RepositoryFactoryBeanSupport.java:356) ~[spring-data-commons-3.4.3.jar:3.4.3]
	at org.springframework.data.jpa.repository.support.JpaRepositoryFactoryBean.afterPropertiesSet(JpaRepositoryFactoryBean.java:132) ~[spring-data-jpa-3.4.3.jar:3.4.3]
	at org.springframework.beans.factory.support.AbstractAutowireCapableBeanFactory.invokeInitMethods(AbstractAutowireCapableBeanFactory.java:1859) ~[spring-beans-6.2.3.jar:6.2.3]
	at org.springframework.beans.factory.support.AbstractAutowireCapableBeanFactory.initializeBean(AbstractAutowireCapableBeanFactory.java:1808) ~[spring-beans-6.2.3.jar:6.2.3]
	at org.springframework.beans.factory.support.AbstractAutowireCapableBeanFactory.doCreateBean(AbstractAutowireCapableBeanFactory.java:601) ~[spring-beans-6.2.3.jar:6.2.3]
	at org.springframework.beans.factory.support.AbstractAutowireCapableBeanFactory.createBean(AbstractAutowireCapableBeanFactory.java:523) ~[spring-beans-6.2.3.jar:6.2.3]
	at org.springframework.beans.factory.support.AbstractBeanFactory.lambda$doGetBean$0(AbstractBeanFactory.java:339) ~[spring-beans-6.2.3.jar:6.2.3]
	at org.springframework.beans.factory.support.DefaultSingletonBeanRegistry.getSingleton(DefaultSingletonBeanRegistry.java:346) ~[spring-beans-6.2.3.jar:6.2.3]
	at org.springframework.beans.factory.support.AbstractBeanFactory.doGetBean(AbstractBeanFactory.java:337) ~[spring-beans-6.2.3.jar:6.2.3]
	at org.springframework.beans.factory.support.AbstractBeanFactory.getBean(AbstractBeanFactory.java:202) ~[spring-beans-6.2.3.jar:6.2.3]
	at org.springframework.beans.factory.support.DefaultListableBeanFactory.doResolveDependency(DefaultListableBeanFactory.java:1606) ~[spring-beans-6.2.3.jar:6.2.3]
	at org.springframework.beans.factory.support.DefaultListableBeanFactory.resolveDependency(DefaultListableBeanFactory.java:1552) ~[spring-beans-6.2.3.jar:6.2.3]
	at org.springframework.beans.factory.support.ConstructorResolver.resolveAutowiredArgument(ConstructorResolver.java:913) ~[spring-beans-6.2.3.jar:6.2.3]
	at org.springframework.beans.factory.support.ConstructorResolver.createArgumentArray(ConstructorResolver.java:791) ~[spring-beans-6.2.3.jar:6.2.3]
	at org.springframework.beans.factory.support.ConstructorResolver.autowireConstructor(ConstructorResolver.java:240) ~[spring-beans-6.2.3.jar:6.2.3]
	at org.springframework.beans.factory.support.AbstractAutowireCapableBeanFactory.autowireConstructor(AbstractAutowireCapableBeanFactory.java:1381) ~[spring-beans-6.2.3.jar:6.2.3]
	at org.springframework.beans.factory.support.AbstractAutowireCapableBeanFactory.createBeanInstance(AbstractAutowireCapableBeanFactory.java:1218) ~[spring-beans-6.2.3.jar:6.2.3]
	at org.springframework.beans.factory.support.AbstractAutowireCapableBeanFactory.doCreateBean(AbstractAutowireCapableBeanFactory.java:563) ~[spring-beans-6.2.3.jar:6.2.3]
	at org.springframework.beans.factory.support.AbstractAutowireCapableBeanFactory.createBean(AbstractAutowireCapableBeanFactory.java:523) ~[spring-beans-6.2.3.jar:6.2.3]
	at org.springframework.beans.factory.support.AbstractBeanFactory.lambda$doGetBean$0(AbstractBeanFactory.java:339) ~[spring-beans-6.2.3.jar:6.2.3]
	at org.springframework.beans.factory.support.DefaultSingletonBeanRegistry.getSingleton(DefaultSingletonBeanRegistry.java:346) ~[spring-beans-6.2.3.jar:6.2.3]
	at org.springframework.beans.factory.support.AbstractBeanFactory.doGetBean(AbstractBeanFactory.java:337) ~[spring-beans-6.2.3.jar:6.2.3]
	at org.springframework.beans.factory.support.AbstractBeanFactory.getBean(AbstractBeanFactory.java:202) ~[spring-beans-6.2.3.jar:6.2.3]
	at org.springframework.beans.factory.support.DefaultListableBeanFactory.doResolveDependency(DefaultListableBeanFactory.java:1606) ~[spring-beans-6.2.3.jar:6.2.3]
	at org.springframework.beans.factory.support.DefaultListableBeanFactory.resolveDependency(DefaultListableBeanFactory.java:1552) ~[spring-beans-6.2.3.jar:6.2.3]
	at org.springframework.beans.factory.support.ConstructorResolver.resolveAutowiredArgument(ConstructorResolver.java:913) ~[spring-beans-6.2.3.jar:6.2.3]
	at org.springframework.beans.factory.support.ConstructorResolver.createArgumentArray(ConstructorResolver.java:791) ~[spring-beans-6.2.3.jar:6.2.3]
	at org.springframework.beans.factory.support.ConstructorResolver.autowireConstructor(ConstructorResolver.java:240) ~[spring-beans-6.2.3.jar:6.2.3]
	at org.springframework.beans.factory.support.AbstractAutowireCapableBeanFactory.autowireConstructor(AbstractAutowireCapableBeanFactory.java:1381) ~[spring-beans-6.2.3.jar:6.2.3]
	at org.springframework.beans.factory.support.AbstractAutowireCapableBeanFactory.createBeanInstance(AbstractAutowireCapableBeanFactory.java:1218) ~[spring-beans-6.2.3.jar:6.2.3]
	at org.springframework.beans.factory.support.AbstractAutowireCapableBeanFactory.doCreateBean(AbstractAutowireCapableBeanFactory.java:563) ~[spring-beans-6.2.3.jar:6.2.3]
	at org.springframework.beans.factory.support.AbstractAutowireCapableBeanFactory.createBean(AbstractAutowireCapableBeanFactory.java:523) ~[spring-beans-6.2.3.jar:6.2.3]
	at org.springframework.beans.factory.support.AbstractBeanFactory.lambda$doGetBean$0(AbstractBeanFactory.java:339) ~[spring-beans-6.2.3.jar:6.2.3]
	at org.springframework.beans.factory.support.DefaultSingletonBeanRegistry.getSingleton(DefaultSingletonBeanRegistry.java:346) ~[spring-beans-6.2.3.jar:6.2.3]
	at org.springframework.beans.factory.support.AbstractBeanFactory.doGetBean(AbstractBeanFactory.java:337) ~[spring-beans-6.2.3.jar:6.2.3]
	at org.springframework.beans.factory.support.AbstractBeanFactory.getBean(AbstractBeanFactory.java:202) ~[spring-beans-6.2.3.jar:6.2.3]
	at org.springframework.beans.factory.config.DependencyDescriptor.resolveCandidate(DependencyDescriptor.java:254) ~[spring-beans-6.2.3.jar:6.2.3]
	at org.springframework.beans.factory.support.DefaultListableBeanFactory.doResolveDependency(DefaultListableBeanFactory.java:1664) ~[spring-beans-6.2.3.jar:6.2.3]
	at org.springframework.beans.factory.support.DefaultListableBeanFactory.resolveDependency(DefaultListableBeanFactory.java:1552) ~[spring-beans-6.2.3.jar:6.2.3]
	at org.springframework.beans.factory.support.ConstructorResolver.resolveAutowiredArgument(ConstructorResolver.java:913) ~[spring-beans-6.2.3.jar:6.2.3]
	at org.springframework.beans.factory.support.ConstructorResolver.createArgumentArray(ConstructorResolver.java:791) ~[spring-beans-6.2.3.jar:6.2.3]
	at org.springframework.beans.factory.support.ConstructorResolver.autowireConstructor(ConstructorResolver.java:240) ~[spring-beans-6.2.3.jar:6.2.3]
	at org.springframework.beans.factory.support.AbstractAutowireCapableBeanFactory.autowireConstructor(AbstractAutowireCapableBeanFactory.java:1381) ~[spring-beans-6.2.3.jar:6.2.3]
	at org.springframework.beans.factory.support.AbstractAutowireCapableBeanFactory.createBeanInstance(AbstractAutowireCapableBeanFactory.java:1218) ~[spring-beans-6.2.3.jar:6.2.3]
	at org.springframework.beans.factory.support.AbstractAutowireCapableBeanFactory.doCreateBean(AbstractAutowireCapableBeanFactory.java:563) ~[spring-beans-6.2.3.jar:6.2.3]
	at org.springframework.beans.factory.support.AbstractAutowireCapableBeanFactory.createBean(AbstractAutowireCapableBeanFactory.java:523) ~[spring-beans-6.2.3.jar:6.2.3]
	at org.springframework.beans.factory.support.AbstractBeanFactory.lambda$doGetBean$0(AbstractBeanFactory.java:339) ~[spring-beans-6.2.3.jar:6.2.3]
	at org.springframework.beans.factory.support.DefaultSingletonBeanRegistry.getSingleton(DefaultSingletonBeanRegistry.java:346) ~[spring-beans-6.2.3.jar:6.2.3]
	at org.springframework.beans.factory.support.AbstractBeanFactory.doGetBean(AbstractBeanFactory.java:337) ~[spring-beans-6.2.3.jar:6.2.3]
	at org.springframework.beans.factory.support.AbstractBeanFactory.getBean(AbstractBeanFactory.java:202) ~[spring-beans-6.2.3.jar:6.2.3]
	at org.springframework.beans.factory.support.DefaultListableBeanFactory.instantiateSingleton(DefaultListableBeanFactory.java:1155) ~[spring-beans-6.2.3.jar:6.2.3]
	at org.springframework.beans.factory.support.DefaultListableBeanFactory.preInstantiateSingleton(DefaultListableBeanFactory.java:1121) ~[spring-beans-6.2.3.jar:6.2.3]
	at org.springframework.beans.factory.support.DefaultListableBeanFactory.preInstantiateSingletons(DefaultListableBeanFactory.java:1056) ~[spring-beans-6.2.3.jar:6.2.3]
	at org.springframework.context.support.AbstractApplicationContext.finishBeanFactoryInitialization(AbstractApplicationContext.java:987) ~[spring-context-6.2.3.jar:6.2.3]
	at org.springframework.context.support.AbstractApplicationContext.refresh(AbstractApplicationContext.java:627) ~[spring-context-6.2.3.jar:6.2.3]
	at org.springframework.boot.SpringApplication.refresh(SpringApplication.java:752) ~[spring-boot-3.4.3.jar:3.4.3]
	at org.springframework.boot.SpringApplication.refreshContext(SpringApplication.java:439) ~[spring-boot-3.4.3.jar:3.4.3]
	at org.springframework.boot.SpringApplication.run(SpringApplication.java:318) ~[spring-boot-3.4.3.jar:3.4.3]
	at org.springframework.boot.test.context.SpringBootContextLoader.lambda$loadContext$3(SpringBootContextLoader.java:137) ~[spring-boot-test-3.4.3.jar:3.4.3]
	at org.springframework.util.function.ThrowingSupplier.get(ThrowingSupplier.java:58) ~[spring-core-6.2.3.jar:6.2.3]
	at org.springframework.util.function.ThrowingSupplier.get(ThrowingSupplier.java:46) ~[spring-core-6.2.3.jar:6.2.3]
	at org.springframework.boot.SpringApplication.withHook(SpringApplication.java:1461) ~[spring-boot-3.4.3.jar:3.4.3]
	at org.springframework.boot.test.context.SpringBootContextLoader$ContextLoaderHook.run(SpringBootContextLoader.java:553) ~[spring-boot-test-3.4.3.jar:3.4.3]
	at org.springframework.boot.test.context.SpringBootContextLoader.loadContext(SpringBootContextLoader.java:137) ~[spring-boot-test-3.4.3.jar:3.4.3]
	at org.springframework.boot.test.context.SpringBootContextLoader.loadContext(SpringBootContextLoader.java:108) ~[spring-boot-test-3.4.3.jar:3.4.3]
	at org.springframework.test.context.cache.DefaultCacheAwareContextLoaderDelegate.loadContextInternal(DefaultCacheAwareContextLoaderDelegate.java:225) ~[spring-test-6.2.3.jar:6.2.3]
	at org.springframework.test.context.cache.DefaultCacheAwareContextLoaderDelegate.loadContext(DefaultCacheAwareContextLoaderDelegate.java:152) ~[spring-test-6.2.3.jar:6.2.3]
	at org.springframework.test.context.support.DefaultTestContext.getApplicationContext(DefaultTestContext.java:130) ~[spring-test-6.2.3.jar:6.2.3]
	at org.springframework.test.context.web.ServletTestExecutionListener.setUpRequestContextIfNecessary(ServletTestExecutionListener.java:200) ~[spring-test-6.2.3.jar:6.2.3]
	at org.springframework.test.context.web.ServletTestExecutionListener.prepareTestInstance(ServletTestExecutionListener.java:139) ~[spring-test-6.2.3.jar:6.2.3]
	at org.springframework.test.context.TestContextManager.prepareTestInstance(TestContextManager.java:260) ~[spring-test-6.2.3.jar:6.2.3]
	at org.springframework.test.context.junit.jupiter.SpringExtension.postProcessTestInstance(SpringExtension.java:160) ~[spring-test-6.2.3.jar:6.2.3]
	at org.junit.jupiter.engine.descriptor.ClassBasedTestDescriptor.lambda$invokeTestInstancePostProcessors$11(ClassBasedTestDescriptor.java:378) ~[junit-jupiter-engine-5.11.4.jar:5.11.4]
	at org.junit.jupiter.engine.descriptor.ClassBasedTestDescriptor.executeAndMaskThrowable(ClassBasedTestDescriptor.java:383) ~[junit-jupiter-engine-5.11.4.jar:5.11.4]
	at org.junit.jupiter.engine.descriptor.ClassBasedTestDescriptor.lambda$invokeTestInstancePostProcessors$12(ClassBasedTestDescriptor.java:378) ~[junit-jupiter-engine-5.11.4.jar:5.11.4]
	at java.base/java.util.stream.ForEachOps$ForEachOp$OfRef.accept(ForEachOps.java:183) ~[?:?]
	at java.base/java.util.stream.ReferencePipeline$3$1.accept(ReferencePipeline.java:197) ~[?:?]
	at java.base/java.util.stream.ReferencePipeline$2$1.accept(ReferencePipeline.java:179) ~[?:?]
	at java.base/java.util.stream.ReferencePipeline$3$1.accept(ReferencePipeline.java:197) ~[?:?]
	at java.base/java.util.ArrayList$ArrayListSpliterator.forEachRemaining(ArrayList.java:1625) ~[?:?]
	at java.base/java.util.stream.AbstractPipeline.copyInto(AbstractPipeline.java:509) ~[?:?]
	at java.base/java.util.stream.AbstractPipeline.wrapAndCopyInto(AbstractPipeline.java:499) ~[?:?]
	at java.base/java.util.stream.ForEachOps$ForEachOp.evaluateSequential(ForEachOps.java:150) ~[?:?]
	at java.base/java.util.stream.ForEachOps$ForEachOp$OfRef.evaluateSequential(ForEachOps.java:173) ~[?:?]
	at java.base/java.util.stream.AbstractPipeline.evaluate(AbstractPipeline.java:234) ~[?:?]
	at java.base/java.util.stream.ReferencePipeline.forEach(ReferencePipeline.java:596) ~[?:?]
	at org.junit.jupiter.engine.descriptor.ClassBasedTestDescriptor.invokeTestInstancePostProcessors(ClassBasedTestDescriptor.java:377) ~[junit-jupiter-engine-5.11.4.jar:5.11.4]
	at org.junit.jupiter.engine.descriptor.ClassBasedTestDescriptor.lambda$instantiateAndPostProcessTestInstance$7(ClassBasedTestDescriptor.java:290) ~[junit-jupiter-engine-5.11.4.jar:5.11.4]
	at org.junit.platform.engine.support.hierarchical.ThrowableCollector.execute(ThrowableCollector.java:73) ~[junit-platform-engine-1.11.4.jar:1.11.4]
	at org.junit.jupiter.engine.descriptor.ClassBasedTestDescriptor.instantiateAndPostProcessTestInstance(ClassBasedTestDescriptor.java:289) ~[junit-jupiter-engine-5.11.4.jar:5.11.4]
	at org.junit.jupiter.engine.descriptor.ClassBasedTestDescriptor.lambda$testInstancesProvider$5(ClassBasedTestDescriptor.java:279) ~[junit-jupiter-engine-5.11.4.jar:5.11.4]
	at java.base/java.util.Optional.orElseGet(Optional.java:364) ~[?:?]
	at org.junit.jupiter.engine.descriptor.ClassBasedTestDescriptor.lambda$testInstancesProvider$6(ClassBasedTestDescriptor.java:278) ~[junit-jupiter-engine-5.11.4.jar:5.11.4]
	at org.junit.jupiter.engine.execution.TestInstancesProvider.getTestInstances(TestInstancesProvider.java:31) ~[junit-jupiter-engine-5.11.4.jar:5.11.4]
	at org.junit.jupiter.engine.descriptor.TestMethodTestDescriptor.lambda$prepare$1(TestMethodTestDescriptor.java:105) ~[junit-jupiter-engine-5.11.4.jar:5.11.4]
	at org.junit.platform.engine.support.hierarchical.ThrowableCollector.execute(ThrowableCollector.java:73) ~[junit-platform-engine-1.11.4.jar:1.11.4]
	at org.junit.jupiter.engine.descriptor.TestMethodTestDescriptor.prepare(TestMethodTestDescriptor.java:104) ~[junit-jupiter-engine-5.11.4.jar:5.11.4]
	at org.junit.jupiter.engine.descriptor.TestMethodTestDescriptor.prepare(TestMethodTestDescriptor.java:68) ~[junit-jupiter-engine-5.11.4.jar:5.11.4]
	at org.junit.platform.engine.support.hierarchical.NodeTestTask.lambda$prepare$2(NodeTestTask.java:128) ~[junit-platform-engine-1.11.4.jar:1.11.4]
	at org.junit.platform.engine.support.hierarchical.ThrowableCollector.execute(ThrowableCollector.java:73) ~[junit-platform-engine-1.11.4.jar:1.11.4]
	at org.junit.platform.engine.support.hierarchical.NodeTestTask.prepare(NodeTestTask.java:128) ~[junit-platform-engine-1.11.4.jar:1.11.4]
	at org.junit.platform.engine.support.hierarchical.NodeTestTask.execute(NodeTestTask.java:95) ~[junit-platform-engine-1.11.4.jar:1.11.4]
	at java.base/java.util.ArrayList.forEach(ArrayList.java:1511) ~[?:?]
	at org.junit.platform.engine.support.hierarchical.SameThreadHierarchicalTestExecutorService.invokeAll(SameThreadHierarchicalTestExecutorService.java:41) ~[junit-platform-engine-1.11.4.jar:1.11.4]
	at org.junit.platform.engine.support.hierarchical.NodeTestTask.lambda$executeRecursively$6(NodeTestTask.java:160) ~[junit-platform-engine-1.11.4.jar:1.11.4]
	at org.junit.platform.engine.support.hierarchical.ThrowableCollector.execute(ThrowableCollector.java:73) ~[junit-platform-engine-1.11.4.jar:1.11.4]
	at org.junit.platform.engine.support.hierarchical.NodeTestTask.lambda$executeRecursively$8(NodeTestTask.java:146) ~[junit-platform-engine-1.11.4.jar:1.11.4]
	at org.junit.platform.engine.support.hierarchical.Node.around(Node.java:137) ~[junit-platform-engine-1.11.4.jar:1.11.4]
	at org.junit.platform.engine.support.hierarchical.NodeTestTask.lambda$executeRecursively$9(NodeTestTask.java:144) ~[junit-platform-engine-1.11.4.jar:1.11.4]
	at org.junit.platform.engine.support.hierarchical.ThrowableCollector.execute(ThrowableCollector.java:73) ~[junit-platform-engine-1.11.4.jar:1.11.4]
	at org.junit.platform.engine.support.hierarchical.NodeTestTask.executeRecursively(NodeTestTask.java:143) ~[junit-platform-engine-1.11.4.jar:1.11.4]
	at org.junit.platform.engine.support.hierarchical.NodeTestTask.execute(NodeTestTask.java:100) ~[junit-platform-engine-1.11.4.jar:1.11.4]
	at java.base/java.util.ArrayList.forEach(ArrayList.java:1511) ~[?:?]
	at org.junit.platform.engine.support.hierarchical.SameThreadHierarchicalTestExecutorService.invokeAll(SameThreadHierarchicalTestExecutorService.java:41) ~[junit-platform-engine-1.11.4.jar:1.11.4]
	at org.junit.platform.engine.support.hierarchical.NodeTestTask.lambda$executeRecursively$6(NodeTestTask.java:160) ~[junit-platform-engine-1.11.4.jar:1.11.4]
	at org.junit.platform.engine.support.hierarchical.ThrowableCollector.execute(ThrowableCollector.java:73) ~[junit-platform-engine-1.11.4.jar:1.11.4]
	at org.junit.platform.engine.support.hierarchical.NodeTestTask.lambda$executeRecursively$8(NodeTestTask.java:146) ~[junit-platform-engine-1.11.4.jar:1.11.4]
	at org.junit.platform.engine.support.hierarchical.Node.around(Node.java:137) ~[junit-platform-engine-1.11.4.jar:1.11.4]
	at org.junit.platform.engine.support.hierarchical.NodeTestTask.lambda$executeRecursively$9(NodeTestTask.java:144) ~[junit-platform-engine-1.11.4.jar:1.11.4]
	at org.junit.platform.engine.support.hierarchical.ThrowableCollector.execute(ThrowableCollector.java:73) ~[junit-platform-engine-1.11.4.jar:1.11.4]
	at org.junit.platform.engine.support.hierarchical.NodeTestTask.executeRecursively(NodeTestTask.java:143) ~[junit-platform-engine-1.11.4.jar:1.11.4]
	at org.junit.platform.engine.support.hierarchical.NodeTestTask.execute(NodeTestTask.java:100) ~[junit-platform-engine-1.11.4.jar:1.11.4]
	at org.junit.platform.engine.support.hierarchical.SameThreadHierarchicalTestExecutorService.submit(SameThreadHierarchicalTestExecutorService.java:35) ~[junit-platform-engine-1.11.4.jar:1.11.4]
	at org.junit.platform.engine.support.hierarchical.HierarchicalTestExecutor.execute(HierarchicalTestExecutor.java:57) ~[junit-platform-engine-1.11.4.jar:1.11.4]
	at org.junit.platform.engine.support.hierarchical.HierarchicalTestEngine.execute(HierarchicalTestEngine.java:54) ~[junit-platform-engine-1.11.4.jar:1.11.4]
	at org.junit.platform.launcher.core.EngineExecutionOrchestrator.execute(EngineExecutionOrchestrator.java:198) ~[junit-platform-launcher-1.11.4.jar:1.11.4]
	at org.junit.platform.launcher.core.EngineExecutionOrchestrator.execute(EngineExecutionOrchestrator.java:169) ~[junit-platform-launcher-1.11.4.jar:1.11.4]
	at org.junit.platform.launcher.core.EngineExecutionOrchestrator.execute(EngineExecutionOrchestrator.java:93) ~[junit-platform-launcher-1.11.4.jar:1.11.4]
	at org.junit.platform.launcher.core.EngineExecutionOrchestrator.lambda$execute$0(EngineExecutionOrchestrator.java:58) ~[junit-platform-launcher-1.11.4.jar:1.11.4]
	at org.junit.platform.launcher.core.EngineExecutionOrchestrator.withInterceptedStreams(EngineExecutionOrchestrator.java:141) [junit-platform-launcher-1.11.4.jar:1.11.4]
	at org.junit.platform.launcher.core.EngineExecutionOrchestrator.execute(EngineExecutionOrchestrator.java:57) [junit-platform-launcher-1.11.4.jar:1.11.4]
	at org.junit.platform.launcher.core.DefaultLauncher.execute(DefaultLauncher.java:103) [junit-platform-launcher-1.11.4.jar:1.11.4]
	at org.junit.platform.launcher.core.DefaultLauncher.execute(DefaultLauncher.java:85) [junit-platform-launcher-1.11.4.jar:1.11.4]
	at org.junit.platform.launcher.core.DelegatingLauncher.execute(DelegatingLauncher.java:47) [junit-platform-launcher-1.11.4.jar:1.11.4]
	at org.apache.maven.surefire.junitplatform.LazyLauncher.execute(LazyLauncher.java:56) [surefire-junit-platform-3.5.2.jar:3.5.2]
	at org.apache.maven.surefire.junitplatform.JUnitPlatformProvider.execute(JUnitPlatformProvider.java:184) [surefire-junit-platform-3.5.2.jar:3.5.2]
	at org.apache.maven.surefire.junitplatform.JUnitPlatformProvider.invokeAllTests(JUnitPlatformProvider.java:148) [surefire-junit-platform-3.5.2.jar:3.5.2]
	at org.apache.maven.surefire.junitplatform.JUnitPlatformProvider.invoke(JUnitPlatformProvider.java:122) [surefire-junit-platform-3.5.2.jar:3.5.2]
	at org.apache.maven.surefire.booter.ForkedBooter.runSuitesInProcess(ForkedBooter.java:385) [surefire-booter-3.5.2.jar:3.5.2]
	at org.apache.maven.surefire.booter.ForkedBooter.execute(ForkedBooter.java:162) [surefire-booter-3.5.2.jar:3.5.2]
	at org.apache.maven.surefire.booter.ForkedBooter.run(ForkedBooter.java:507) [surefire-booter-3.5.2.jar:3.5.2]
	at org.apache.maven.surefire.booter.ForkedBooter.main(ForkedBooter.java:495) [surefire-booter-3.5.2.jar:3.5.2]
2025-06-13 17:24:43.227 [main] DEBUG org.springframework.data.jpa.repository.query.NamedQuery - Did not find named query GymOwner.findByUserCredentials
2025-06-13 17:24:43.228 [main] DEBUG org.springframework.orm.jpa.SharedEntityManagerCreator$SharedEntityManagerInvocationHandler - Creating new EntityManager for shared EntityManager invocation
2025-06-13 17:24:43.228 [main] DEBUG org.springframework.data.repository.core.support.RepositoryFactorySupport - Finished creation of repository instance for com.example.trainup.repository.GymOwnerRepository.
2025-06-13 17:24:43.242 [main] DEBUG org.springframework.beans.factory.support.DefaultListableBeanFactory - Autowiring by type from bean name 'currentUserService' via constructor to bean named 'gymOwnerRepository'
2025-06-13 17:24:43.242 [main] DEBUG org.springframework.beans.factory.support.DefaultListableBeanFactory - Autowiring by type from bean name 'currentUserService' via constructor to bean named 'athleteRepository'
2025-06-13 17:24:43.242 [main] DEBUG org.springframework.beans.factory.support.DefaultListableBeanFactory - Autowiring by type from bean name 'currentUserService' via constructor to bean named 'trainerRepository'
2025-06-13 17:24:43.254 [main] DEBUG org.springframework.beans.factory.support.DefaultListableBeanFactory - Autowiring by type from bean name 'trainerServiceImpl' via constructor to bean named 'trainerRepository'
2025-06-13 17:24:43.254 [main] DEBUG org.springframework.beans.factory.support.DefaultListableBeanFactory - Autowiring by type from bean name 'trainerServiceImpl' via constructor to bean named 'trainerMapperImpl'
2025-06-13 17:24:43.254 [main] DEBUG org.springframework.beans.factory.support.DefaultListableBeanFactory - Autowiring by type from bean name 'trainerServiceImpl' via constructor to bean named 'getPasswordEncoder'
2025-06-13 17:24:43.254 [main] DEBUG org.springframework.beans.factory.support.DefaultListableBeanFactory - Autowiring by type from bean name 'trainerServiceImpl' via constructor to bean named 'sportRepository'
2025-06-13 17:24:43.254 [main] DEBUG org.springframework.beans.factory.support.DefaultListableBeanFactory - Autowiring by type from bean name 'trainerServiceImpl' via constructor to bean named 'gymRepository'
2025-06-13 17:24:43.254 [main] DEBUG org.springframework.beans.factory.support.DefaultListableBeanFactory - Autowiring by type from bean name 'trainerServiceImpl' via constructor to bean named 'addressRepository'
2025-06-13 17:24:43.255 [main] DEBUG org.springframework.beans.factory.support.DefaultListableBeanFactory - Autowiring by type from bean name 'trainerServiceImpl' via constructor to bean named 'userCredentialService'
2025-06-13 17:24:43.255 [main] DEBUG org.springframework.beans.factory.support.DefaultListableBeanFactory - Autowiring by type from bean name 'trainerServiceImpl' via constructor to bean named 'currentUserService'
2025-06-13 17:24:43.255 [main] DEBUG org.springframework.beans.factory.support.DefaultListableBeanFactory - Autowiring by type from bean name 'trainerServiceImpl' via constructor to bean named 'userCredentialsRepository'
2025-06-13 17:24:43.266 [main] DEBUG org.springframework.beans.factory.support.DefaultListableBeanFactory - Creating shared instance of singleton bean 'gymOwnerServiceImpl'
2025-06-13 17:24:43.267 [main] DEBUG org.springframework.beans.factory.support.DefaultListableBeanFactory - Creating shared instance of singleton bean 'gymOwnerMapperImpl'
2025-06-13 17:24:43.282 [main] DEBUG org.springframework.beans.factory.support.DefaultListableBeanFactory - Autowiring by type from bean name 'gymOwnerServiceImpl' via constructor to bean named 'gymOwnerRepository'
2025-06-13 17:24:43.282 [main] DEBUG org.springframework.beans.factory.support.DefaultListableBeanFactory - Autowiring by type from bean name 'gymOwnerServiceImpl' via constructor to bean named 'gymOwnerMapperImpl'
2025-06-13 17:24:43.283 [main] DEBUG org.springframework.beans.factory.support.DefaultListableBeanFactory - Autowiring by type from bean name 'gymOwnerServiceImpl' via constructor to bean named 'getPasswordEncoder'
2025-06-13 17:24:43.283 [main] DEBUG org.springframework.beans.factory.support.DefaultListableBeanFactory - Autowiring by type from bean name 'gymOwnerServiceImpl' via constructor to bean named 'userCredentialService'
2025-06-13 17:24:43.291 [main] DEBUG org.springframework.beans.factory.support.DefaultListableBeanFactory - Autowiring by type from bean name 'authenticationController' via constructor to bean named 'authenticationService'
2025-06-13 17:24:43.292 [main] DEBUG org.springframework.beans.factory.support.DefaultListableBeanFactory - Autowiring by type from bean name 'authenticationController' via constructor to bean named 'athleteServiceImpl'
2025-06-13 17:24:43.292 [main] DEBUG org.springframework.beans.factory.support.DefaultListableBeanFactory - Autowiring by type from bean name 'authenticationController' via constructor to bean named 'trainerServiceImpl'
2025-06-13 17:24:43.292 [main] DEBUG org.springframework.beans.factory.support.DefaultListableBeanFactory - Autowiring by type from bean name 'authenticationController' via constructor to bean named 'gymOwnerServiceImpl'
2025-06-13 17:24:43.301 [main] DEBUG org.springframework.beans.factory.support.DefaultListableBeanFactory - Creating shared instance of singleton bean 'chatController'
2025-06-13 17:24:43.301 [main] DEBUG org.springframework.beans.factory.support.DefaultListableBeanFactory - Creating shared instance of singleton bean 'geminiChatService'
2025-06-13 17:24:43.302 [main] DEBUG org.springframework.beans.factory.support.DefaultListableBeanFactory - Creating shared instance of singleton bean 'geminiClient'
2025-06-13 17:24:43.306 [main] DEBUG org.springframework.beans.factory.support.DefaultListableBeanFactory - Autowiring by type from bean name 'geminiChatService' via constructor to bean named 'org.springframework.web.context.support.GenericWebApplicationContext@4d920a01'
2025-06-13 17:24:43.306 [main] DEBUG org.springframework.beans.factory.support.DefaultListableBeanFactory - Autowiring by type from bean name 'geminiChatService' via constructor to bean named 'chatSession'
2025-06-13 17:24:43.306 [main] DEBUG org.springframework.beans.factory.support.DefaultListableBeanFactory - Autowiring by type from bean name 'geminiChatService' via constructor to bean named 'geminiClient'
2025-06-13 17:24:43.307 [main] DEBUG org.springframework.core.env.PropertySourcesPropertyResolver - Found key 'app.system-prompt-file' in PropertySource 'environmentProperties' with value of type String
2025-06-13 17:24:43.307 [main] DEBUG org.springframework.core.env.PropertySourcesPropertyResolver - Found key 'gemini.model.name' in PropertySource 'environmentProperties' with value of type String
2025-06-13 17:24:43.311 [main] INFO  com.example.trainup.service.GeminiChatService - System prompt loaded.
2025-06-13 17:24:43.318 [main] DEBUG org.springframework.beans.factory.support.DefaultListableBeanFactory - Autowiring by type from bean name 'chatController' via constructor to bean named 'geminiChatService'
2025-06-13 17:24:43.319 [main] DEBUG org.springframework.beans.factory.support.DefaultListableBeanFactory - Autowiring by type from bean name 'chatController' via constructor to bean named 'chatSession'
2025-06-13 17:24:43.326 [main] DEBUG org.springframework.beans.factory.support.DefaultListableBeanFactory - Creating shared instance of singleton bean 'eventController'
2025-06-13 17:24:43.327 [main] DEBUG org.springframework.beans.factory.support.DefaultListableBeanFactory - Creating shared instance of singleton bean 'eventServiceImpl'
2025-06-13 17:24:43.328 [main] DEBUG org.springframework.beans.factory.support.DefaultListableBeanFactory - Creating shared instance of singleton bean 'eventMapperImpl'
2025-06-13 17:24:43.335 [main] DEBUG org.springframework.beans.factory.support.DefaultListableBeanFactory - Creating shared instance of singleton bean 'eventRepository'
2025-06-13 17:24:43.336 [main] DEBUG org.springframework.beans.factory.support.DefaultListableBeanFactory - Creating shared instance of singleton bean 'jpa.named-queries#3'
2025-06-13 17:24:43.338 [main] DEBUG org.springframework.beans.factory.support.DefaultListableBeanFactory - Creating shared instance of singleton bean 'jpa.EventRepository.fragments#0'
2025-06-13 17:24:43.339 [main] DEBUG org.springframework.orm.jpa.SharedEntityManagerCreator$SharedEntityManagerInvocationHandler - Creating new EntityManager for shared EntityManager invocation
2025-06-13 17:24:43.341 [main] DEBUG org.springframework.data.repository.core.support.RepositoryFactorySupport - Initializing repository instance for com.example.trainup.repository.EventRepository…
2025-06-13 17:24:43.341 [main] DEBUG org.springframework.orm.jpa.SharedEntityManagerCreator$SharedEntityManagerInvocationHandler - Creating new EntityManager for shared EntityManager invocation
2025-06-13 17:24:43.343 [main] DEBUG org.hibernate.resource.transaction.backend.jdbc.internal.JdbcResourceLocalTransactionCoordinatorImpl - JDBC transaction marked for rollback-only (exception provided for stack trace)
java.lang.Exception: exception just for purpose of providing stack trace
	at org.hibernate.resource.transaction.backend.jdbc.internal.JdbcResourceLocalTransactionCoordinatorImpl$TransactionDriverControlImpl.markRollbackOnly(JdbcResourceLocalTransactionCoordinatorImpl.java:309) ~[hibernate-core-6.6.8.Final.jar:6.6.8.Final]
	at org.hibernate.internal.AbstractSharedSessionContract.buildNamedQuery(AbstractSharedSessionContract.java:1141) ~[hibernate-core-6.6.8.Final.jar:6.6.8.Final]
	at org.hibernate.internal.AbstractSharedSessionContract.createNamedQuery(AbstractSharedSessionContract.java:1019) ~[hibernate-core-6.6.8.Final.jar:6.6.8.Final]
	at org.hibernate.internal.AbstractSharedSessionContract.createNamedQuery(AbstractSharedSessionContract.java:143) ~[hibernate-core-6.6.8.Final.jar:6.6.8.Final]
	at jdk.internal.reflect.GeneratedMethodAccessor95.invoke(Unknown Source) ~[?:?]
	at java.base/jdk.internal.reflect.DelegatingMethodAccessorImpl.invoke(DelegatingMethodAccessorImpl.java:43) ~[?:?]
	at java.base/java.lang.reflect.Method.invoke(Method.java:569) ~[?:?]
	at org.springframework.orm.jpa.ExtendedEntityManagerCreator$ExtendedEntityManagerInvocationHandler.invoke(ExtendedEntityManagerCreator.java:364) ~[spring-orm-6.2.3.jar:6.2.3]
	at jdk.proxy2/jdk.proxy2.$Proxy233.createNamedQuery(Unknown Source) ~[?:?]
	at org.springframework.data.jpa.repository.query.NamedQuery.hasNamedQuery(NamedQuery.java:114) ~[spring-data-jpa-3.4.3.jar:3.4.3]
	at org.springframework.data.jpa.repository.query.JpaQueryLookupStrategy$DeclaredQueryLookupStrategy.getCountQuery(JpaQueryLookupStrategy.java:208) ~[spring-data-jpa-3.4.3.jar:3.4.3]
	at org.springframework.data.jpa.repository.query.JpaQueryLookupStrategy$DeclaredQueryLookupStrategy.resolveQuery(JpaQueryLookupStrategy.java:175) ~[spring-data-jpa-3.4.3.jar:3.4.3]
	at org.springframework.data.jpa.repository.query.JpaQueryLookupStrategy$CreateIfNotFoundQueryLookupStrategy.resolveQuery(JpaQueryLookupStrategy.java:256) ~[spring-data-jpa-3.4.3.jar:3.4.3]
	at org.springframework.data.jpa.repository.query.JpaQueryLookupStrategy$AbstractQueryLookupStrategy.resolveQuery(JpaQueryLookupStrategy.java:99) ~[spring-data-jpa-3.4.3.jar:3.4.3]
	at org.springframework.data.repository.core.support.QueryExecutorMethodInterceptor.lookupQuery(QueryExecutorMethodInterceptor.java:116) ~[spring-data-commons-3.4.3.jar:3.4.3]
	at org.springframework.data.repository.core.support.QueryExecutorMethodInterceptor.mapMethodsToQuery(QueryExecutorMethodInterceptor.java:104) ~[spring-data-commons-3.4.3.jar:3.4.3]
	at org.springframework.data.repository.core.support.QueryExecutorMethodInterceptor.lambda$new$0(QueryExecutorMethodInterceptor.java:92) ~[spring-data-commons-3.4.3.jar:3.4.3]
	at java.base/java.util.Optional.map(Optional.java:260) ~[?:?]
	at org.springframework.data.repository.core.support.QueryExecutorMethodInterceptor.<init>(QueryExecutorMethodInterceptor.java:92) ~[spring-data-commons-3.4.3.jar:3.4.3]
	at org.springframework.data.repository.core.support.RepositoryFactorySupport.getRepository(RepositoryFactorySupport.java:440) ~[spring-data-commons-3.4.3.jar:3.4.3]
	at org.springframework.data.repository.core.support.RepositoryFactoryBeanSupport.lambda$afterPropertiesSet$4(RepositoryFactoryBeanSupport.java:350) ~[spring-data-commons-3.4.3.jar:3.4.3]
	at org.springframework.data.util.Lazy.getNullable(Lazy.java:135) ~[spring-data-commons-3.4.3.jar:3.4.3]
	at org.springframework.data.util.Lazy.get(Lazy.java:113) ~[spring-data-commons-3.4.3.jar:3.4.3]
	at org.springframework.data.repository.core.support.RepositoryFactoryBeanSupport.afterPropertiesSet(RepositoryFactoryBeanSupport.java:356) ~[spring-data-commons-3.4.3.jar:3.4.3]
	at org.springframework.data.jpa.repository.support.JpaRepositoryFactoryBean.afterPropertiesSet(JpaRepositoryFactoryBean.java:132) ~[spring-data-jpa-3.4.3.jar:3.4.3]
	at org.springframework.beans.factory.support.AbstractAutowireCapableBeanFactory.invokeInitMethods(AbstractAutowireCapableBeanFactory.java:1859) ~[spring-beans-6.2.3.jar:6.2.3]
	at org.springframework.beans.factory.support.AbstractAutowireCapableBeanFactory.initializeBean(AbstractAutowireCapableBeanFactory.java:1808) ~[spring-beans-6.2.3.jar:6.2.3]
	at org.springframework.beans.factory.support.AbstractAutowireCapableBeanFactory.doCreateBean(AbstractAutowireCapableBeanFactory.java:601) ~[spring-beans-6.2.3.jar:6.2.3]
	at org.springframework.beans.factory.support.AbstractAutowireCapableBeanFactory.createBean(AbstractAutowireCapableBeanFactory.java:523) ~[spring-beans-6.2.3.jar:6.2.3]
	at org.springframework.beans.factory.support.AbstractBeanFactory.lambda$doGetBean$0(AbstractBeanFactory.java:339) ~[spring-beans-6.2.3.jar:6.2.3]
	at org.springframework.beans.factory.support.DefaultSingletonBeanRegistry.getSingleton(DefaultSingletonBeanRegistry.java:346) ~[spring-beans-6.2.3.jar:6.2.3]
	at org.springframework.beans.factory.support.AbstractBeanFactory.doGetBean(AbstractBeanFactory.java:337) ~[spring-beans-6.2.3.jar:6.2.3]
	at org.springframework.beans.factory.support.AbstractBeanFactory.getBean(AbstractBeanFactory.java:202) ~[spring-beans-6.2.3.jar:6.2.3]
	at org.springframework.beans.factory.support.DefaultListableBeanFactory.doResolveDependency(DefaultListableBeanFactory.java:1606) ~[spring-beans-6.2.3.jar:6.2.3]
	at org.springframework.beans.factory.support.DefaultListableBeanFactory.resolveDependency(DefaultListableBeanFactory.java:1552) ~[spring-beans-6.2.3.jar:6.2.3]
	at org.springframework.beans.factory.support.ConstructorResolver.resolveAutowiredArgument(ConstructorResolver.java:913) ~[spring-beans-6.2.3.jar:6.2.3]
	at org.springframework.beans.factory.support.ConstructorResolver.createArgumentArray(ConstructorResolver.java:791) ~[spring-beans-6.2.3.jar:6.2.3]
	at org.springframework.beans.factory.support.ConstructorResolver.autowireConstructor(ConstructorResolver.java:240) ~[spring-beans-6.2.3.jar:6.2.3]
	at org.springframework.beans.factory.support.AbstractAutowireCapableBeanFactory.autowireConstructor(AbstractAutowireCapableBeanFactory.java:1381) ~[spring-beans-6.2.3.jar:6.2.3]
	at org.springframework.beans.factory.support.AbstractAutowireCapableBeanFactory.createBeanInstance(AbstractAutowireCapableBeanFactory.java:1218) ~[spring-beans-6.2.3.jar:6.2.3]
	at org.springframework.beans.factory.support.AbstractAutowireCapableBeanFactory.doCreateBean(AbstractAutowireCapableBeanFactory.java:563) ~[spring-beans-6.2.3.jar:6.2.3]
	at org.springframework.beans.factory.support.AbstractAutowireCapableBeanFactory.createBean(AbstractAutowireCapableBeanFactory.java:523) ~[spring-beans-6.2.3.jar:6.2.3]
	at org.springframework.beans.factory.support.AbstractBeanFactory.lambda$doGetBean$0(AbstractBeanFactory.java:339) ~[spring-beans-6.2.3.jar:6.2.3]
	at org.springframework.beans.factory.support.DefaultSingletonBeanRegistry.getSingleton(DefaultSingletonBeanRegistry.java:346) ~[spring-beans-6.2.3.jar:6.2.3]
	at org.springframework.beans.factory.support.AbstractBeanFactory.doGetBean(AbstractBeanFactory.java:337) ~[spring-beans-6.2.3.jar:6.2.3]
	at org.springframework.beans.factory.support.AbstractBeanFactory.getBean(AbstractBeanFactory.java:202) ~[spring-beans-6.2.3.jar:6.2.3]
	at org.springframework.beans.factory.config.DependencyDescriptor.resolveCandidate(DependencyDescriptor.java:254) ~[spring-beans-6.2.3.jar:6.2.3]
	at org.springframework.beans.factory.support.DefaultListableBeanFactory.doResolveDependency(DefaultListableBeanFactory.java:1664) ~[spring-beans-6.2.3.jar:6.2.3]
	at org.springframework.beans.factory.support.DefaultListableBeanFactory.resolveDependency(DefaultListableBeanFactory.java:1552) ~[spring-beans-6.2.3.jar:6.2.3]
	at org.springframework.beans.factory.support.ConstructorResolver.resolveAutowiredArgument(ConstructorResolver.java:913) ~[spring-beans-6.2.3.jar:6.2.3]
	at org.springframework.beans.factory.support.ConstructorResolver.createArgumentArray(ConstructorResolver.java:791) ~[spring-beans-6.2.3.jar:6.2.3]
	at org.springframework.beans.factory.support.ConstructorResolver.autowireConstructor(ConstructorResolver.java:240) ~[spring-beans-6.2.3.jar:6.2.3]
	at org.springframework.beans.factory.support.AbstractAutowireCapableBeanFactory.autowireConstructor(AbstractAutowireCapableBeanFactory.java:1381) ~[spring-beans-6.2.3.jar:6.2.3]
	at org.springframework.beans.factory.support.AbstractAutowireCapableBeanFactory.createBeanInstance(AbstractAutowireCapableBeanFactory.java:1218) ~[spring-beans-6.2.3.jar:6.2.3]
	at org.springframework.beans.factory.support.AbstractAutowireCapableBeanFactory.doCreateBean(AbstractAutowireCapableBeanFactory.java:563) ~[spring-beans-6.2.3.jar:6.2.3]
	at org.springframework.beans.factory.support.AbstractAutowireCapableBeanFactory.createBean(AbstractAutowireCapableBeanFactory.java:523) ~[spring-beans-6.2.3.jar:6.2.3]
	at org.springframework.beans.factory.support.AbstractBeanFactory.lambda$doGetBean$0(AbstractBeanFactory.java:339) ~[spring-beans-6.2.3.jar:6.2.3]
	at org.springframework.beans.factory.support.DefaultSingletonBeanRegistry.getSingleton(DefaultSingletonBeanRegistry.java:346) ~[spring-beans-6.2.3.jar:6.2.3]
	at org.springframework.beans.factory.support.AbstractBeanFactory.doGetBean(AbstractBeanFactory.java:337) ~[spring-beans-6.2.3.jar:6.2.3]
	at org.springframework.beans.factory.support.AbstractBeanFactory.getBean(AbstractBeanFactory.java:202) ~[spring-beans-6.2.3.jar:6.2.3]
	at org.springframework.beans.factory.support.DefaultListableBeanFactory.instantiateSingleton(DefaultListableBeanFactory.java:1155) ~[spring-beans-6.2.3.jar:6.2.3]
	at org.springframework.beans.factory.support.DefaultListableBeanFactory.preInstantiateSingleton(DefaultListableBeanFactory.java:1121) ~[spring-beans-6.2.3.jar:6.2.3]
	at org.springframework.beans.factory.support.DefaultListableBeanFactory.preInstantiateSingletons(DefaultListableBeanFactory.java:1056) ~[spring-beans-6.2.3.jar:6.2.3]
	at org.springframework.context.support.AbstractApplicationContext.finishBeanFactoryInitialization(AbstractApplicationContext.java:987) ~[spring-context-6.2.3.jar:6.2.3]
	at org.springframework.context.support.AbstractApplicationContext.refresh(AbstractApplicationContext.java:627) ~[spring-context-6.2.3.jar:6.2.3]
	at org.springframework.boot.SpringApplication.refresh(SpringApplication.java:752) ~[spring-boot-3.4.3.jar:3.4.3]
	at org.springframework.boot.SpringApplication.refreshContext(SpringApplication.java:439) ~[spring-boot-3.4.3.jar:3.4.3]
	at org.springframework.boot.SpringApplication.run(SpringApplication.java:318) ~[spring-boot-3.4.3.jar:3.4.3]
	at org.springframework.boot.test.context.SpringBootContextLoader.lambda$loadContext$3(SpringBootContextLoader.java:137) ~[spring-boot-test-3.4.3.jar:3.4.3]
	at org.springframework.util.function.ThrowingSupplier.get(ThrowingSupplier.java:58) ~[spring-core-6.2.3.jar:6.2.3]
	at org.springframework.util.function.ThrowingSupplier.get(ThrowingSupplier.java:46) ~[spring-core-6.2.3.jar:6.2.3]
	at org.springframework.boot.SpringApplication.withHook(SpringApplication.java:1461) ~[spring-boot-3.4.3.jar:3.4.3]
	at org.springframework.boot.test.context.SpringBootContextLoader$ContextLoaderHook.run(SpringBootContextLoader.java:553) ~[spring-boot-test-3.4.3.jar:3.4.3]
	at org.springframework.boot.test.context.SpringBootContextLoader.loadContext(SpringBootContextLoader.java:137) ~[spring-boot-test-3.4.3.jar:3.4.3]
	at org.springframework.boot.test.context.SpringBootContextLoader.loadContext(SpringBootContextLoader.java:108) ~[spring-boot-test-3.4.3.jar:3.4.3]
	at org.springframework.test.context.cache.DefaultCacheAwareContextLoaderDelegate.loadContextInternal(DefaultCacheAwareContextLoaderDelegate.java:225) ~[spring-test-6.2.3.jar:6.2.3]
	at org.springframework.test.context.cache.DefaultCacheAwareContextLoaderDelegate.loadContext(DefaultCacheAwareContextLoaderDelegate.java:152) ~[spring-test-6.2.3.jar:6.2.3]
	at org.springframework.test.context.support.DefaultTestContext.getApplicationContext(DefaultTestContext.java:130) ~[spring-test-6.2.3.jar:6.2.3]
	at org.springframework.test.context.web.ServletTestExecutionListener.setUpRequestContextIfNecessary(ServletTestExecutionListener.java:200) ~[spring-test-6.2.3.jar:6.2.3]
	at org.springframework.test.context.web.ServletTestExecutionListener.prepareTestInstance(ServletTestExecutionListener.java:139) ~[spring-test-6.2.3.jar:6.2.3]
	at org.springframework.test.context.TestContextManager.prepareTestInstance(TestContextManager.java:260) ~[spring-test-6.2.3.jar:6.2.3]
	at org.springframework.test.context.junit.jupiter.SpringExtension.postProcessTestInstance(SpringExtension.java:160) ~[spring-test-6.2.3.jar:6.2.3]
	at org.junit.jupiter.engine.descriptor.ClassBasedTestDescriptor.lambda$invokeTestInstancePostProcessors$11(ClassBasedTestDescriptor.java:378) ~[junit-jupiter-engine-5.11.4.jar:5.11.4]
	at org.junit.jupiter.engine.descriptor.ClassBasedTestDescriptor.executeAndMaskThrowable(ClassBasedTestDescriptor.java:383) ~[junit-jupiter-engine-5.11.4.jar:5.11.4]
	at org.junit.jupiter.engine.descriptor.ClassBasedTestDescriptor.lambda$invokeTestInstancePostProcessors$12(ClassBasedTestDescriptor.java:378) ~[junit-jupiter-engine-5.11.4.jar:5.11.4]
	at java.base/java.util.stream.ForEachOps$ForEachOp$OfRef.accept(ForEachOps.java:183) ~[?:?]
	at java.base/java.util.stream.ReferencePipeline$3$1.accept(ReferencePipeline.java:197) ~[?:?]
	at java.base/java.util.stream.ReferencePipeline$2$1.accept(ReferencePipeline.java:179) ~[?:?]
	at java.base/java.util.stream.ReferencePipeline$3$1.accept(ReferencePipeline.java:197) ~[?:?]
	at java.base/java.util.ArrayList$ArrayListSpliterator.forEachRemaining(ArrayList.java:1625) ~[?:?]
	at java.base/java.util.stream.AbstractPipeline.copyInto(AbstractPipeline.java:509) ~[?:?]
	at java.base/java.util.stream.AbstractPipeline.wrapAndCopyInto(AbstractPipeline.java:499) ~[?:?]
	at java.base/java.util.stream.ForEachOps$ForEachOp.evaluateSequential(ForEachOps.java:150) ~[?:?]
	at java.base/java.util.stream.ForEachOps$ForEachOp$OfRef.evaluateSequential(ForEachOps.java:173) ~[?:?]
	at java.base/java.util.stream.AbstractPipeline.evaluate(AbstractPipeline.java:234) ~[?:?]
	at java.base/java.util.stream.ReferencePipeline.forEach(ReferencePipeline.java:596) ~[?:?]
	at org.junit.jupiter.engine.descriptor.ClassBasedTestDescriptor.invokeTestInstancePostProcessors(ClassBasedTestDescriptor.java:377) ~[junit-jupiter-engine-5.11.4.jar:5.11.4]
	at org.junit.jupiter.engine.descriptor.ClassBasedTestDescriptor.lambda$instantiateAndPostProcessTestInstance$7(ClassBasedTestDescriptor.java:290) ~[junit-jupiter-engine-5.11.4.jar:5.11.4]
	at org.junit.platform.engine.support.hierarchical.ThrowableCollector.execute(ThrowableCollector.java:73) ~[junit-platform-engine-1.11.4.jar:1.11.4]
	at org.junit.jupiter.engine.descriptor.ClassBasedTestDescriptor.instantiateAndPostProcessTestInstance(ClassBasedTestDescriptor.java:289) ~[junit-jupiter-engine-5.11.4.jar:5.11.4]
	at org.junit.jupiter.engine.descriptor.ClassBasedTestDescriptor.lambda$testInstancesProvider$5(ClassBasedTestDescriptor.java:279) ~[junit-jupiter-engine-5.11.4.jar:5.11.4]
	at java.base/java.util.Optional.orElseGet(Optional.java:364) ~[?:?]
	at org.junit.jupiter.engine.descriptor.ClassBasedTestDescriptor.lambda$testInstancesProvider$6(ClassBasedTestDescriptor.java:278) ~[junit-jupiter-engine-5.11.4.jar:5.11.4]
	at org.junit.jupiter.engine.execution.TestInstancesProvider.getTestInstances(TestInstancesProvider.java:31) ~[junit-jupiter-engine-5.11.4.jar:5.11.4]
	at org.junit.jupiter.engine.descriptor.TestMethodTestDescriptor.lambda$prepare$1(TestMethodTestDescriptor.java:105) ~[junit-jupiter-engine-5.11.4.jar:5.11.4]
	at org.junit.platform.engine.support.hierarchical.ThrowableCollector.execute(ThrowableCollector.java:73) ~[junit-platform-engine-1.11.4.jar:1.11.4]
	at org.junit.jupiter.engine.descriptor.TestMethodTestDescriptor.prepare(TestMethodTestDescriptor.java:104) ~[junit-jupiter-engine-5.11.4.jar:5.11.4]
	at org.junit.jupiter.engine.descriptor.TestMethodTestDescriptor.prepare(TestMethodTestDescriptor.java:68) ~[junit-jupiter-engine-5.11.4.jar:5.11.4]
	at org.junit.platform.engine.support.hierarchical.NodeTestTask.lambda$prepare$2(NodeTestTask.java:128) ~[junit-platform-engine-1.11.4.jar:1.11.4]
	at org.junit.platform.engine.support.hierarchical.ThrowableCollector.execute(ThrowableCollector.java:73) ~[junit-platform-engine-1.11.4.jar:1.11.4]
	at org.junit.platform.engine.support.hierarchical.NodeTestTask.prepare(NodeTestTask.java:128) ~[junit-platform-engine-1.11.4.jar:1.11.4]
	at org.junit.platform.engine.support.hierarchical.NodeTestTask.execute(NodeTestTask.java:95) ~[junit-platform-engine-1.11.4.jar:1.11.4]
	at java.base/java.util.ArrayList.forEach(ArrayList.java:1511) ~[?:?]
	at org.junit.platform.engine.support.hierarchical.SameThreadHierarchicalTestExecutorService.invokeAll(SameThreadHierarchicalTestExecutorService.java:41) ~[junit-platform-engine-1.11.4.jar:1.11.4]
	at org.junit.platform.engine.support.hierarchical.NodeTestTask.lambda$executeRecursively$6(NodeTestTask.java:160) ~[junit-platform-engine-1.11.4.jar:1.11.4]
	at org.junit.platform.engine.support.hierarchical.ThrowableCollector.execute(ThrowableCollector.java:73) ~[junit-platform-engine-1.11.4.jar:1.11.4]
	at org.junit.platform.engine.support.hierarchical.NodeTestTask.lambda$executeRecursively$8(NodeTestTask.java:146) ~[junit-platform-engine-1.11.4.jar:1.11.4]
	at org.junit.platform.engine.support.hierarchical.Node.around(Node.java:137) ~[junit-platform-engine-1.11.4.jar:1.11.4]
	at org.junit.platform.engine.support.hierarchical.NodeTestTask.lambda$executeRecursively$9(NodeTestTask.java:144) ~[junit-platform-engine-1.11.4.jar:1.11.4]
	at org.junit.platform.engine.support.hierarchical.ThrowableCollector.execute(ThrowableCollector.java:73) ~[junit-platform-engine-1.11.4.jar:1.11.4]
	at org.junit.platform.engine.support.hierarchical.NodeTestTask.executeRecursively(NodeTestTask.java:143) ~[junit-platform-engine-1.11.4.jar:1.11.4]
	at org.junit.platform.engine.support.hierarchical.NodeTestTask.execute(NodeTestTask.java:100) ~[junit-platform-engine-1.11.4.jar:1.11.4]
	at java.base/java.util.ArrayList.forEach(ArrayList.java:1511) ~[?:?]
	at org.junit.platform.engine.support.hierarchical.SameThreadHierarchicalTestExecutorService.invokeAll(SameThreadHierarchicalTestExecutorService.java:41) ~[junit-platform-engine-1.11.4.jar:1.11.4]
	at org.junit.platform.engine.support.hierarchical.NodeTestTask.lambda$executeRecursively$6(NodeTestTask.java:160) ~[junit-platform-engine-1.11.4.jar:1.11.4]
	at org.junit.platform.engine.support.hierarchical.ThrowableCollector.execute(ThrowableCollector.java:73) ~[junit-platform-engine-1.11.4.jar:1.11.4]
	at org.junit.platform.engine.support.hierarchical.NodeTestTask.lambda$executeRecursively$8(NodeTestTask.java:146) ~[junit-platform-engine-1.11.4.jar:1.11.4]
	at org.junit.platform.engine.support.hierarchical.Node.around(Node.java:137) ~[junit-platform-engine-1.11.4.jar:1.11.4]
	at org.junit.platform.engine.support.hierarchical.NodeTestTask.lambda$executeRecursively$9(NodeTestTask.java:144) ~[junit-platform-engine-1.11.4.jar:1.11.4]
	at org.junit.platform.engine.support.hierarchical.ThrowableCollector.execute(ThrowableCollector.java:73) ~[junit-platform-engine-1.11.4.jar:1.11.4]
	at org.junit.platform.engine.support.hierarchical.NodeTestTask.executeRecursively(NodeTestTask.java:143) ~[junit-platform-engine-1.11.4.jar:1.11.4]
	at org.junit.platform.engine.support.hierarchical.NodeTestTask.execute(NodeTestTask.java:100) ~[junit-platform-engine-1.11.4.jar:1.11.4]
	at org.junit.platform.engine.support.hierarchical.SameThreadHierarchicalTestExecutorService.submit(SameThreadHierarchicalTestExecutorService.java:35) ~[junit-platform-engine-1.11.4.jar:1.11.4]
	at org.junit.platform.engine.support.hierarchical.HierarchicalTestExecutor.execute(HierarchicalTestExecutor.java:57) ~[junit-platform-engine-1.11.4.jar:1.11.4]
	at org.junit.platform.engine.support.hierarchical.HierarchicalTestEngine.execute(HierarchicalTestEngine.java:54) ~[junit-platform-engine-1.11.4.jar:1.11.4]
	at org.junit.platform.launcher.core.EngineExecutionOrchestrator.execute(EngineExecutionOrchestrator.java:198) ~[junit-platform-launcher-1.11.4.jar:1.11.4]
	at org.junit.platform.launcher.core.EngineExecutionOrchestrator.execute(EngineExecutionOrchestrator.java:169) ~[junit-platform-launcher-1.11.4.jar:1.11.4]
	at org.junit.platform.launcher.core.EngineExecutionOrchestrator.execute(EngineExecutionOrchestrator.java:93) ~[junit-platform-launcher-1.11.4.jar:1.11.4]
	at org.junit.platform.launcher.core.EngineExecutionOrchestrator.lambda$execute$0(EngineExecutionOrchestrator.java:58) ~[junit-platform-launcher-1.11.4.jar:1.11.4]
	at org.junit.platform.launcher.core.EngineExecutionOrchestrator.withInterceptedStreams(EngineExecutionOrchestrator.java:141) [junit-platform-launcher-1.11.4.jar:1.11.4]
	at org.junit.platform.launcher.core.EngineExecutionOrchestrator.execute(EngineExecutionOrchestrator.java:57) [junit-platform-launcher-1.11.4.jar:1.11.4]
	at org.junit.platform.launcher.core.DefaultLauncher.execute(DefaultLauncher.java:103) [junit-platform-launcher-1.11.4.jar:1.11.4]
	at org.junit.platform.launcher.core.DefaultLauncher.execute(DefaultLauncher.java:85) [junit-platform-launcher-1.11.4.jar:1.11.4]
	at org.junit.platform.launcher.core.DelegatingLauncher.execute(DelegatingLauncher.java:47) [junit-platform-launcher-1.11.4.jar:1.11.4]
	at org.apache.maven.surefire.junitplatform.LazyLauncher.execute(LazyLauncher.java:56) [surefire-junit-platform-3.5.2.jar:3.5.2]
	at org.apache.maven.surefire.junitplatform.JUnitPlatformProvider.execute(JUnitPlatformProvider.java:184) [surefire-junit-platform-3.5.2.jar:3.5.2]
	at org.apache.maven.surefire.junitplatform.JUnitPlatformProvider.invokeAllTests(JUnitPlatformProvider.java:148) [surefire-junit-platform-3.5.2.jar:3.5.2]
	at org.apache.maven.surefire.junitplatform.JUnitPlatformProvider.invoke(JUnitPlatformProvider.java:122) [surefire-junit-platform-3.5.2.jar:3.5.2]
	at org.apache.maven.surefire.booter.ForkedBooter.runSuitesInProcess(ForkedBooter.java:385) [surefire-booter-3.5.2.jar:3.5.2]
	at org.apache.maven.surefire.booter.ForkedBooter.execute(ForkedBooter.java:162) [surefire-booter-3.5.2.jar:3.5.2]
	at org.apache.maven.surefire.booter.ForkedBooter.run(ForkedBooter.java:507) [surefire-booter-3.5.2.jar:3.5.2]
	at org.apache.maven.surefire.booter.ForkedBooter.main(ForkedBooter.java:495) [surefire-booter-3.5.2.jar:3.5.2]
2025-06-13 17:24:43.344 [main] DEBUG org.springframework.data.jpa.repository.query.NamedQuery - Did not find named query Event.findEventsByCriteria.count
2025-06-13 17:24:43.345 [main] DEBUG org.springframework.orm.jpa.SharedEntityManagerCreator$SharedEntityManagerInvocationHandler - Creating new EntityManager for shared EntityManager invocation
2025-06-13 17:24:43.346 [main] DEBUG org.hibernate.orm.query.hql - HQL : SELECT DISTINCT e FROM Event e LEFT JOIN e.sport s LEFT JOIN e.gym g LEFT JOIN e.trainer t WHERE (:id IS NULL OR e.id = :id) AND (:name IS NULL OR (CAST(e.name AS string) LIKE CONCAT('%', CAST(:name AS string), '%'))) AND (:sportId IS NULL OR s.id = :sportId) AND ((CAST(:startOfDay AS timestamp) IS NULL AND CAST(:endOfDay AS timestamp) IS NULL) OR (e.dateTime >= :startOfDay AND e.dateTime < :endOfDay)) AND (:gymId IS NULL OR g.id = :gymId) AND (:trainerId IS NULL OR t.id = :trainerId)
2025-06-13 17:24:43.346 [main] DEBUG org.hibernate.orm.query.hql.reservedWordAsIdentifier - Encountered use of reserved word as identifier : IS
2025-06-13 17:24:43.346 [main] DEBUG org.hibernate.orm.query.hql.reservedWordAsIdentifier - Encountered use of reserved word as identifier : =
2025-06-13 17:24:43.347 [main] DEBUG org.hibernate.orm.query.hql.reservedWordAsIdentifier - Encountered use of reserved word as identifier : )
2025-06-13 17:24:43.347 [main] DEBUG org.hibernate.orm.query.hql.reservedWordAsIdentifier - Encountered use of reserved word as identifier : =
2025-06-13 17:24:43.347 [main] DEBUG org.hibernate.orm.query.hql.reservedWordAsIdentifier - Encountered use of reserved word as identifier : )
2025-06-13 17:24:43.347 [main] DEBUG org.hibernate.orm.query.hql.reservedWordAsIdentifier - Encountered use of reserved word as identifier : )
2025-06-13 17:24:43.347 [main] DEBUG org.hibernate.orm.query.hql.reservedWordAsIdentifier - Encountered use of reserved word as identifier : >=
2025-06-13 17:24:43.347 [main] DEBUG org.hibernate.orm.query.hql.reservedWordAsIdentifier - Encountered use of reserved word as identifier : <
2025-06-13 17:24:43.348 [main] DEBUG org.hibernate.orm.query.hql.reservedWordAsIdentifier - Encountered use of reserved word as identifier : =
2025-06-13 17:24:43.348 [main] DEBUG org.hibernate.orm.query.hql.reservedWordAsIdentifier - Encountered use of reserved word as identifier : =
2025-06-13 17:24:43.348 [main] DEBUG org.hibernate.orm.query.sqm.creation - Applying inferable type to SqmExpression [SqmNamedParameter(id)] : null -> SqmBasicValuedSimplePath(com.example.trainup.model.Event(e).id)
2025-06-13 17:24:43.348 [main] DEBUG org.hibernate.orm.query.sqm.creation - Applying inferable type to SqmExpression [SqmNamedParameter(sportId)] : null -> SqmBasicValuedSimplePath(com.example.trainup.model.Event(e).sport(s).id)
2025-06-13 17:24:43.349 [main] DEBUG org.hibernate.orm.query.sqm.creation - Applying inferable type to SqmExpression [SqmNamedParameter(startOfDay)] : null -> SqmBasicValuedSimplePath(com.example.trainup.model.Event(e).dateTime)
2025-06-13 17:24:43.349 [main] DEBUG org.hibernate.orm.query.sqm.creation - Applying inferable type to SqmExpression [SqmNamedParameter(endOfDay)] : null -> SqmBasicValuedSimplePath(com.example.trainup.model.Event(e).dateTime)
2025-06-13 17:24:43.349 [main] DEBUG org.hibernate.orm.query.sqm.creation - Applying inferable type to SqmExpression [SqmNamedParameter(gymId)] : null -> SqmBasicValuedSimplePath(com.example.trainup.model.Event(e).gym(g).id)
2025-06-13 17:24:43.349 [main] DEBUG org.hibernate.orm.query.sqm.creation - Applying inferable type to SqmExpression [SqmNamedParameter(trainerId)] : null -> SqmBasicValuedSimplePath(com.example.trainup.model.Event(e).trainer(t).id)
2025-06-13 17:24:43.350 [main] DEBUG org.hibernate.orm.query.sqm.ast - SqmStatement Tree :
    -> [select]
      -> [query-spec]
        -> [select(distinct)]
          -> [selection]
            -> [root] - `com.example.trainup.model.Event(e)`
              -> [joins]
                -> [attribute] - `com.example.trainup.model.Event(e).sport(s)`
                    [fetched = false]
                <- [attribute] - `com.example.trainup.model.Event(e).sport(s)`
                -> [attribute] - `com.example.trainup.model.Event(e).gym(g)`
                    [fetched = false]
                <- [attribute] - `com.example.trainup.model.Event(e).gym(g)`
                -> [attribute] - `com.example.trainup.model.Event(e).trainer(t)`
                    [fetched = false]
                <- [attribute] - `com.example.trainup.model.Event(e).trainer(t)`
              <- [joins]
            <- [root] - `com.example.trainup.model.Event(e)`
          <- [selection]
        <- [select(distinct)]
        -> [from]
          -> [root] - `com.example.trainup.model.Event(e)`
            -> [joins]
              -> [attribute] - `com.example.trainup.model.Event(e).sport(s)`
                  [fetched = false]
              <- [attribute] - `com.example.trainup.model.Event(e).sport(s)`
              -> [attribute] - `com.example.trainup.model.Event(e).gym(g)`
                  [fetched = false]
              <- [attribute] - `com.example.trainup.model.Event(e).gym(g)`
              -> [attribute] - `com.example.trainup.model.Event(e).trainer(t)`
                  [fetched = false]
              <- [attribute] - `com.example.trainup.model.Event(e).trainer(t)`
            <- [joins]
          <- [root] - `com.example.trainup.model.Event(e)`
        <- [from]
        -> [where]
          -> [and]
            -> [grouped]
                -> [or]
                  -> [is-null]
                      :id
                  <- [is-null]
                  -> [EQUAL]
                      -> [basic-path] - `com.example.trainup.model.Event(e).id`
                      :id
                  <- [EQUAL]
                <- [or]
            <- [grouped]
            -> [grouped]
                -> [or]
                  -> [is-null]
                      :name
                  <- [is-null]
                  -> [grouped]
                      -> [is-like]
                      <- [is-like]
                  <- [grouped]
                <- [or]
            <- [grouped]
            -> [grouped]
                -> [or]
                  -> [is-null]
                      :sportId
                  <- [is-null]
                  -> [EQUAL]
                      -> [basic-path] - `com.example.trainup.model.Event(e).sport(s).id`
                      :sportId
                  <- [EQUAL]
                <- [or]
            <- [grouped]
            -> [grouped]
                -> [or]
                  -> [grouped]
                      -> [and]
                        -> [is-null]
                        <- [is-null]
                        -> [is-null]
                        <- [is-null]
                      <- [and]
                  <- [grouped]
                  -> [grouped]
                      -> [and]
                        -> [GREATER_THAN_OR_EQUAL]
                            -> [basic-path] - `com.example.trainup.model.Event(e).dateTime`
                            :startOfDay
                        <- [GREATER_THAN_OR_EQUAL]
                        -> [LESS_THAN]
                            -> [basic-path] - `com.example.trainup.model.Event(e).dateTime`
                            :endOfDay
                        <- [LESS_THAN]
                      <- [and]
                  <- [grouped]
                <- [or]
            <- [grouped]
            -> [grouped]
                -> [or]
                  -> [is-null]
                      :gymId
                  <- [is-null]
                  -> [EQUAL]
                      -> [basic-path] - `com.example.trainup.model.Event(e).gym(g).id`
                      :gymId
                  <- [EQUAL]
                <- [or]
            <- [grouped]
            -> [grouped]
                -> [or]
                  -> [is-null]
                      :trainerId
                  <- [is-null]
                  -> [EQUAL]
                      -> [basic-path] - `com.example.trainup.model.Event(e).trainer(t).id`
                      :trainerId
                  <- [EQUAL]
                <- [or]
            <- [grouped]
          <- [and]
        <- [where]
      <- [query-spec]
    <- [select]

2025-06-13 17:24:43.352 [main] DEBUG org.hibernate.orm.query.hql - HQL : SELECT count(DISTINCT e) FROM Event e LEFT JOIN e.sport s LEFT JOIN e.gym g LEFT JOIN e.trainer t WHERE (:id IS NULL OR e.id = :id) AND (:name IS NULL OR (CAST(e.name AS string) LIKE CONCAT('%', CAST(:name AS string), '%'))) AND (:sportId IS NULL OR s.id = :sportId) AND ((CAST(:startOfDay AS timestamp) IS NULL AND CAST(:endOfDay AS timestamp) IS NULL) OR (e.dateTime >= :startOfDay AND e.dateTime < :endOfDay)) AND (:gymId IS NULL OR g.id = :gymId) AND (:trainerId IS NULL OR t.id = :trainerId)
2025-06-13 17:24:43.352 [main] DEBUG org.hibernate.orm.query.hql.reservedWordAsIdentifier - Encountered use of reserved word as identifier : (
2025-06-13 17:24:43.352 [main] DEBUG org.hibernate.orm.query.hql.reservedWordAsIdentifier - Encountered use of reserved word as identifier : IS
2025-06-13 17:24:43.353 [main] DEBUG org.hibernate.orm.query.hql.reservedWordAsIdentifier - Encountered use of reserved word as identifier : =
2025-06-13 17:24:43.353 [main] DEBUG org.hibernate.orm.query.hql.reservedWordAsIdentifier - Encountered use of reserved word as identifier : )
2025-06-13 17:24:43.353 [main] DEBUG org.hibernate.orm.query.hql.reservedWordAsIdentifier - Encountered use of reserved word as identifier : =
2025-06-13 17:24:43.353 [main] DEBUG org.hibernate.orm.query.hql.reservedWordAsIdentifier - Encountered use of reserved word as identifier : )
2025-06-13 17:24:43.353 [main] DEBUG org.hibernate.orm.query.hql.reservedWordAsIdentifier - Encountered use of reserved word as identifier : )
2025-06-13 17:24:43.354 [main] DEBUG org.hibernate.orm.query.hql.reservedWordAsIdentifier - Encountered use of reserved word as identifier : >=
2025-06-13 17:24:43.354 [main] DEBUG org.hibernate.orm.query.hql.reservedWordAsIdentifier - Encountered use of reserved word as identifier : <
2025-06-13 17:24:43.354 [main] DEBUG org.hibernate.orm.query.hql.reservedWordAsIdentifier - Encountered use of reserved word as identifier : =
2025-06-13 17:24:43.354 [main] DEBUG org.hibernate.orm.query.hql.reservedWordAsIdentifier - Encountered use of reserved word as identifier : =
2025-06-13 17:24:43.354 [main] DEBUG org.hibernate.orm.query.sqm.creation - Applying inferable type to SqmExpression [SqmNamedParameter(id)] : null -> SqmBasicValuedSimplePath(com.example.trainup.model.Event(e).id)
2025-06-13 17:24:43.355 [main] DEBUG org.hibernate.orm.query.sqm.creation - Applying inferable type to SqmExpression [SqmNamedParameter(sportId)] : null -> SqmBasicValuedSimplePath(com.example.trainup.model.Event(e).sport(s).id)
2025-06-13 17:24:43.355 [main] DEBUG org.hibernate.orm.query.sqm.creation - Applying inferable type to SqmExpression [SqmNamedParameter(startOfDay)] : null -> SqmBasicValuedSimplePath(com.example.trainup.model.Event(e).dateTime)
2025-06-13 17:24:43.355 [main] DEBUG org.hibernate.orm.query.sqm.creation - Applying inferable type to SqmExpression [SqmNamedParameter(endOfDay)] : null -> SqmBasicValuedSimplePath(com.example.trainup.model.Event(e).dateTime)
2025-06-13 17:24:43.355 [main] DEBUG org.hibernate.orm.query.sqm.creation - Applying inferable type to SqmExpression [SqmNamedParameter(gymId)] : null -> SqmBasicValuedSimplePath(com.example.trainup.model.Event(e).gym(g).id)
2025-06-13 17:24:43.356 [main] DEBUG org.hibernate.orm.query.sqm.creation - Applying inferable type to SqmExpression [SqmNamedParameter(trainerId)] : null -> SqmBasicValuedSimplePath(com.example.trainup.model.Event(e).trainer(t).id)
2025-06-13 17:24:43.356 [main] DEBUG org.hibernate.orm.query.sqm.ast - SqmStatement Tree :
    -> [select]
      -> [query-spec]
        -> [select]
          -> [selection]
          <- [selection]
        <- [select]
        -> [from]
          -> [root] - `com.example.trainup.model.Event(e)`
            -> [joins]
              -> [attribute] - `com.example.trainup.model.Event(e).sport(s)`
                  [fetched = false]
              <- [attribute] - `com.example.trainup.model.Event(e).sport(s)`
              -> [attribute] - `com.example.trainup.model.Event(e).gym(g)`
                  [fetched = false]
              <- [attribute] - `com.example.trainup.model.Event(e).gym(g)`
              -> [attribute] - `com.example.trainup.model.Event(e).trainer(t)`
                  [fetched = false]
              <- [attribute] - `com.example.trainup.model.Event(e).trainer(t)`
            <- [joins]
          <- [root] - `com.example.trainup.model.Event(e)`
        <- [from]
        -> [where]
          -> [and]
            -> [grouped]
                -> [or]
                  -> [is-null]
                      :id
                  <- [is-null]
                  -> [EQUAL]
                      -> [basic-path] - `com.example.trainup.model.Event(e).id`
                      :id
                  <- [EQUAL]
                <- [or]
            <- [grouped]
            -> [grouped]
                -> [or]
                  -> [is-null]
                      :name
                  <- [is-null]
                  -> [grouped]
                      -> [is-like]
                      <- [is-like]
                  <- [grouped]
                <- [or]
            <- [grouped]
            -> [grouped]
                -> [or]
                  -> [is-null]
                      :sportId
                  <- [is-null]
                  -> [EQUAL]
                      -> [basic-path] - `com.example.trainup.model.Event(e).sport(s).id`
                      :sportId
                  <- [EQUAL]
                <- [or]
            <- [grouped]
            -> [grouped]
                -> [or]
                  -> [grouped]
                      -> [and]
                        -> [is-null]
                        <- [is-null]
                        -> [is-null]
                        <- [is-null]
                      <- [and]
                  <- [grouped]
                  -> [grouped]
                      -> [and]
                        -> [GREATER_THAN_OR_EQUAL]
                            -> [basic-path] - `com.example.trainup.model.Event(e).dateTime`
                            :startOfDay
                        <- [GREATER_THAN_OR_EQUAL]
                        -> [LESS_THAN]
                            -> [basic-path] - `com.example.trainup.model.Event(e).dateTime`
                            :endOfDay
                        <- [LESS_THAN]
                      <- [and]
                  <- [grouped]
                <- [or]
            <- [grouped]
            -> [grouped]
                -> [or]
                  -> [is-null]
                      :gymId
                  <- [is-null]
                  -> [EQUAL]
                      -> [basic-path] - `com.example.trainup.model.Event(e).gym(g).id`
                      :gymId
                  <- [EQUAL]
                <- [or]
            <- [grouped]
            -> [grouped]
                -> [or]
                  -> [is-null]
                      :trainerId
                  <- [is-null]
                  -> [EQUAL]
                      -> [basic-path] - `com.example.trainup.model.Event(e).trainer(t).id`
                      :trainerId
                  <- [EQUAL]
                <- [or]
            <- [grouped]
          <- [and]
        <- [where]
      <- [query-spec]
    <- [select]

2025-06-13 17:24:43.357 [main] DEBUG org.hibernate.resource.transaction.backend.jdbc.internal.JdbcResourceLocalTransactionCoordinatorImpl - JDBC transaction marked for rollback-only (exception provided for stack trace)
java.lang.Exception: exception just for purpose of providing stack trace
	at org.hibernate.resource.transaction.backend.jdbc.internal.JdbcResourceLocalTransactionCoordinatorImpl$TransactionDriverControlImpl.markRollbackOnly(JdbcResourceLocalTransactionCoordinatorImpl.java:309) ~[hibernate-core-6.6.8.Final.jar:6.6.8.Final]
	at org.hibernate.internal.AbstractSharedSessionContract.buildNamedQuery(AbstractSharedSessionContract.java:1141) ~[hibernate-core-6.6.8.Final.jar:6.6.8.Final]
	at org.hibernate.internal.AbstractSharedSessionContract.createNamedQuery(AbstractSharedSessionContract.java:1019) ~[hibernate-core-6.6.8.Final.jar:6.6.8.Final]
	at org.hibernate.internal.AbstractSharedSessionContract.createNamedQuery(AbstractSharedSessionContract.java:143) ~[hibernate-core-6.6.8.Final.jar:6.6.8.Final]
	at jdk.internal.reflect.GeneratedMethodAccessor95.invoke(Unknown Source) ~[?:?]
	at java.base/jdk.internal.reflect.DelegatingMethodAccessorImpl.invoke(DelegatingMethodAccessorImpl.java:43) ~[?:?]
	at java.base/java.lang.reflect.Method.invoke(Method.java:569) ~[?:?]
	at org.springframework.orm.jpa.ExtendedEntityManagerCreator$ExtendedEntityManagerInvocationHandler.invoke(ExtendedEntityManagerCreator.java:364) ~[spring-orm-6.2.3.jar:6.2.3]
	at jdk.proxy2/jdk.proxy2.$Proxy233.createNamedQuery(Unknown Source) ~[?:?]
	at org.springframework.data.jpa.repository.query.NamedQuery.hasNamedQuery(NamedQuery.java:114) ~[spring-data-jpa-3.4.3.jar:3.4.3]
	at org.springframework.data.jpa.repository.query.JpaQueryLookupStrategy$DeclaredQueryLookupStrategy.getCountQuery(JpaQueryLookupStrategy.java:208) ~[spring-data-jpa-3.4.3.jar:3.4.3]
	at org.springframework.data.jpa.repository.query.JpaQueryLookupStrategy$DeclaredQueryLookupStrategy.resolveQuery(JpaQueryLookupStrategy.java:175) ~[spring-data-jpa-3.4.3.jar:3.4.3]
	at org.springframework.data.jpa.repository.query.JpaQueryLookupStrategy$CreateIfNotFoundQueryLookupStrategy.resolveQuery(JpaQueryLookupStrategy.java:256) ~[spring-data-jpa-3.4.3.jar:3.4.3]
	at org.springframework.data.jpa.repository.query.JpaQueryLookupStrategy$AbstractQueryLookupStrategy.resolveQuery(JpaQueryLookupStrategy.java:99) ~[spring-data-jpa-3.4.3.jar:3.4.3]
	at org.springframework.data.repository.core.support.QueryExecutorMethodInterceptor.lookupQuery(QueryExecutorMethodInterceptor.java:116) ~[spring-data-commons-3.4.3.jar:3.4.3]
	at org.springframework.data.repository.core.support.QueryExecutorMethodInterceptor.mapMethodsToQuery(QueryExecutorMethodInterceptor.java:104) ~[spring-data-commons-3.4.3.jar:3.4.3]
	at org.springframework.data.repository.core.support.QueryExecutorMethodInterceptor.lambda$new$0(QueryExecutorMethodInterceptor.java:92) ~[spring-data-commons-3.4.3.jar:3.4.3]
	at java.base/java.util.Optional.map(Optional.java:260) ~[?:?]
	at org.springframework.data.repository.core.support.QueryExecutorMethodInterceptor.<init>(QueryExecutorMethodInterceptor.java:92) ~[spring-data-commons-3.4.3.jar:3.4.3]
	at org.springframework.data.repository.core.support.RepositoryFactorySupport.getRepository(RepositoryFactorySupport.java:440) ~[spring-data-commons-3.4.3.jar:3.4.3]
	at org.springframework.data.repository.core.support.RepositoryFactoryBeanSupport.lambda$afterPropertiesSet$4(RepositoryFactoryBeanSupport.java:350) ~[spring-data-commons-3.4.3.jar:3.4.3]
	at org.springframework.data.util.Lazy.getNullable(Lazy.java:135) ~[spring-data-commons-3.4.3.jar:3.4.3]
	at org.springframework.data.util.Lazy.get(Lazy.java:113) ~[spring-data-commons-3.4.3.jar:3.4.3]
	at org.springframework.data.repository.core.support.RepositoryFactoryBeanSupport.afterPropertiesSet(RepositoryFactoryBeanSupport.java:356) ~[spring-data-commons-3.4.3.jar:3.4.3]
	at org.springframework.data.jpa.repository.support.JpaRepositoryFactoryBean.afterPropertiesSet(JpaRepositoryFactoryBean.java:132) ~[spring-data-jpa-3.4.3.jar:3.4.3]
	at org.springframework.beans.factory.support.AbstractAutowireCapableBeanFactory.invokeInitMethods(AbstractAutowireCapableBeanFactory.java:1859) ~[spring-beans-6.2.3.jar:6.2.3]
	at org.springframework.beans.factory.support.AbstractAutowireCapableBeanFactory.initializeBean(AbstractAutowireCapableBeanFactory.java:1808) ~[spring-beans-6.2.3.jar:6.2.3]
	at org.springframework.beans.factory.support.AbstractAutowireCapableBeanFactory.doCreateBean(AbstractAutowireCapableBeanFactory.java:601) ~[spring-beans-6.2.3.jar:6.2.3]
	at org.springframework.beans.factory.support.AbstractAutowireCapableBeanFactory.createBean(AbstractAutowireCapableBeanFactory.java:523) ~[spring-beans-6.2.3.jar:6.2.3]
	at org.springframework.beans.factory.support.AbstractBeanFactory.lambda$doGetBean$0(AbstractBeanFactory.java:339) ~[spring-beans-6.2.3.jar:6.2.3]
	at org.springframework.beans.factory.support.DefaultSingletonBeanRegistry.getSingleton(DefaultSingletonBeanRegistry.java:346) ~[spring-beans-6.2.3.jar:6.2.3]
	at org.springframework.beans.factory.support.AbstractBeanFactory.doGetBean(AbstractBeanFactory.java:337) ~[spring-beans-6.2.3.jar:6.2.3]
	at org.springframework.beans.factory.support.AbstractBeanFactory.getBean(AbstractBeanFactory.java:202) ~[spring-beans-6.2.3.jar:6.2.3]
	at org.springframework.beans.factory.support.DefaultListableBeanFactory.doResolveDependency(DefaultListableBeanFactory.java:1606) ~[spring-beans-6.2.3.jar:6.2.3]
	at org.springframework.beans.factory.support.DefaultListableBeanFactory.resolveDependency(DefaultListableBeanFactory.java:1552) ~[spring-beans-6.2.3.jar:6.2.3]
	at org.springframework.beans.factory.support.ConstructorResolver.resolveAutowiredArgument(ConstructorResolver.java:913) ~[spring-beans-6.2.3.jar:6.2.3]
	at org.springframework.beans.factory.support.ConstructorResolver.createArgumentArray(ConstructorResolver.java:791) ~[spring-beans-6.2.3.jar:6.2.3]
	at org.springframework.beans.factory.support.ConstructorResolver.autowireConstructor(ConstructorResolver.java:240) ~[spring-beans-6.2.3.jar:6.2.3]
	at org.springframework.beans.factory.support.AbstractAutowireCapableBeanFactory.autowireConstructor(AbstractAutowireCapableBeanFactory.java:1381) ~[spring-beans-6.2.3.jar:6.2.3]
	at org.springframework.beans.factory.support.AbstractAutowireCapableBeanFactory.createBeanInstance(AbstractAutowireCapableBeanFactory.java:1218) ~[spring-beans-6.2.3.jar:6.2.3]
	at org.springframework.beans.factory.support.AbstractAutowireCapableBeanFactory.doCreateBean(AbstractAutowireCapableBeanFactory.java:563) ~[spring-beans-6.2.3.jar:6.2.3]
	at org.springframework.beans.factory.support.AbstractAutowireCapableBeanFactory.createBean(AbstractAutowireCapableBeanFactory.java:523) ~[spring-beans-6.2.3.jar:6.2.3]
	at org.springframework.beans.factory.support.AbstractBeanFactory.lambda$doGetBean$0(AbstractBeanFactory.java:339) ~[spring-beans-6.2.3.jar:6.2.3]
	at org.springframework.beans.factory.support.DefaultSingletonBeanRegistry.getSingleton(DefaultSingletonBeanRegistry.java:346) ~[spring-beans-6.2.3.jar:6.2.3]
	at org.springframework.beans.factory.support.AbstractBeanFactory.doGetBean(AbstractBeanFactory.java:337) ~[spring-beans-6.2.3.jar:6.2.3]
	at org.springframework.beans.factory.support.AbstractBeanFactory.getBean(AbstractBeanFactory.java:202) ~[spring-beans-6.2.3.jar:6.2.3]
	at org.springframework.beans.factory.config.DependencyDescriptor.resolveCandidate(DependencyDescriptor.java:254) ~[spring-beans-6.2.3.jar:6.2.3]
	at org.springframework.beans.factory.support.DefaultListableBeanFactory.doResolveDependency(DefaultListableBeanFactory.java:1664) ~[spring-beans-6.2.3.jar:6.2.3]
	at org.springframework.beans.factory.support.DefaultListableBeanFactory.resolveDependency(DefaultListableBeanFactory.java:1552) ~[spring-beans-6.2.3.jar:6.2.3]
	at org.springframework.beans.factory.support.ConstructorResolver.resolveAutowiredArgument(ConstructorResolver.java:913) ~[spring-beans-6.2.3.jar:6.2.3]
	at org.springframework.beans.factory.support.ConstructorResolver.createArgumentArray(ConstructorResolver.java:791) ~[spring-beans-6.2.3.jar:6.2.3]
	at org.springframework.beans.factory.support.ConstructorResolver.autowireConstructor(ConstructorResolver.java:240) ~[spring-beans-6.2.3.jar:6.2.3]
	at org.springframework.beans.factory.support.AbstractAutowireCapableBeanFactory.autowireConstructor(AbstractAutowireCapableBeanFactory.java:1381) ~[spring-beans-6.2.3.jar:6.2.3]
	at org.springframework.beans.factory.support.AbstractAutowireCapableBeanFactory.createBeanInstance(AbstractAutowireCapableBeanFactory.java:1218) ~[spring-beans-6.2.3.jar:6.2.3]
	at org.springframework.beans.factory.support.AbstractAutowireCapableBeanFactory.doCreateBean(AbstractAutowireCapableBeanFactory.java:563) ~[spring-beans-6.2.3.jar:6.2.3]
	at org.springframework.beans.factory.support.AbstractAutowireCapableBeanFactory.createBean(AbstractAutowireCapableBeanFactory.java:523) ~[spring-beans-6.2.3.jar:6.2.3]
	at org.springframework.beans.factory.support.AbstractBeanFactory.lambda$doGetBean$0(AbstractBeanFactory.java:339) ~[spring-beans-6.2.3.jar:6.2.3]
	at org.springframework.beans.factory.support.DefaultSingletonBeanRegistry.getSingleton(DefaultSingletonBeanRegistry.java:346) ~[spring-beans-6.2.3.jar:6.2.3]
	at org.springframework.beans.factory.support.AbstractBeanFactory.doGetBean(AbstractBeanFactory.java:337) ~[spring-beans-6.2.3.jar:6.2.3]
	at org.springframework.beans.factory.support.AbstractBeanFactory.getBean(AbstractBeanFactory.java:202) ~[spring-beans-6.2.3.jar:6.2.3]
	at org.springframework.beans.factory.support.DefaultListableBeanFactory.instantiateSingleton(DefaultListableBeanFactory.java:1155) ~[spring-beans-6.2.3.jar:6.2.3]
	at org.springframework.beans.factory.support.DefaultListableBeanFactory.preInstantiateSingleton(DefaultListableBeanFactory.java:1121) ~[spring-beans-6.2.3.jar:6.2.3]
	at org.springframework.beans.factory.support.DefaultListableBeanFactory.preInstantiateSingletons(DefaultListableBeanFactory.java:1056) ~[spring-beans-6.2.3.jar:6.2.3]
	at org.springframework.context.support.AbstractApplicationContext.finishBeanFactoryInitialization(AbstractApplicationContext.java:987) ~[spring-context-6.2.3.jar:6.2.3]
	at org.springframework.context.support.AbstractApplicationContext.refresh(AbstractApplicationContext.java:627) ~[spring-context-6.2.3.jar:6.2.3]
	at org.springframework.boot.SpringApplication.refresh(SpringApplication.java:752) ~[spring-boot-3.4.3.jar:3.4.3]
	at org.springframework.boot.SpringApplication.refreshContext(SpringApplication.java:439) ~[spring-boot-3.4.3.jar:3.4.3]
	at org.springframework.boot.SpringApplication.run(SpringApplication.java:318) ~[spring-boot-3.4.3.jar:3.4.3]
	at org.springframework.boot.test.context.SpringBootContextLoader.lambda$loadContext$3(SpringBootContextLoader.java:137) ~[spring-boot-test-3.4.3.jar:3.4.3]
	at org.springframework.util.function.ThrowingSupplier.get(ThrowingSupplier.java:58) ~[spring-core-6.2.3.jar:6.2.3]
	at org.springframework.util.function.ThrowingSupplier.get(ThrowingSupplier.java:46) ~[spring-core-6.2.3.jar:6.2.3]
	at org.springframework.boot.SpringApplication.withHook(SpringApplication.java:1461) ~[spring-boot-3.4.3.jar:3.4.3]
	at org.springframework.boot.test.context.SpringBootContextLoader$ContextLoaderHook.run(SpringBootContextLoader.java:553) ~[spring-boot-test-3.4.3.jar:3.4.3]
	at org.springframework.boot.test.context.SpringBootContextLoader.loadContext(SpringBootContextLoader.java:137) ~[spring-boot-test-3.4.3.jar:3.4.3]
	at org.springframework.boot.test.context.SpringBootContextLoader.loadContext(SpringBootContextLoader.java:108) ~[spring-boot-test-3.4.3.jar:3.4.3]
	at org.springframework.test.context.cache.DefaultCacheAwareContextLoaderDelegate.loadContextInternal(DefaultCacheAwareContextLoaderDelegate.java:225) ~[spring-test-6.2.3.jar:6.2.3]
	at org.springframework.test.context.cache.DefaultCacheAwareContextLoaderDelegate.loadContext(DefaultCacheAwareContextLoaderDelegate.java:152) ~[spring-test-6.2.3.jar:6.2.3]
	at org.springframework.test.context.support.DefaultTestContext.getApplicationContext(DefaultTestContext.java:130) ~[spring-test-6.2.3.jar:6.2.3]
	at org.springframework.test.context.web.ServletTestExecutionListener.setUpRequestContextIfNecessary(ServletTestExecutionListener.java:200) ~[spring-test-6.2.3.jar:6.2.3]
	at org.springframework.test.context.web.ServletTestExecutionListener.prepareTestInstance(ServletTestExecutionListener.java:139) ~[spring-test-6.2.3.jar:6.2.3]
	at org.springframework.test.context.TestContextManager.prepareTestInstance(TestContextManager.java:260) ~[spring-test-6.2.3.jar:6.2.3]
	at org.springframework.test.context.junit.jupiter.SpringExtension.postProcessTestInstance(SpringExtension.java:160) ~[spring-test-6.2.3.jar:6.2.3]
	at org.junit.jupiter.engine.descriptor.ClassBasedTestDescriptor.lambda$invokeTestInstancePostProcessors$11(ClassBasedTestDescriptor.java:378) ~[junit-jupiter-engine-5.11.4.jar:5.11.4]
	at org.junit.jupiter.engine.descriptor.ClassBasedTestDescriptor.executeAndMaskThrowable(ClassBasedTestDescriptor.java:383) ~[junit-jupiter-engine-5.11.4.jar:5.11.4]
	at org.junit.jupiter.engine.descriptor.ClassBasedTestDescriptor.lambda$invokeTestInstancePostProcessors$12(ClassBasedTestDescriptor.java:378) ~[junit-jupiter-engine-5.11.4.jar:5.11.4]
	at java.base/java.util.stream.ForEachOps$ForEachOp$OfRef.accept(ForEachOps.java:183) ~[?:?]
	at java.base/java.util.stream.ReferencePipeline$3$1.accept(ReferencePipeline.java:197) ~[?:?]
	at java.base/java.util.stream.ReferencePipeline$2$1.accept(ReferencePipeline.java:179) ~[?:?]
	at java.base/java.util.stream.ReferencePipeline$3$1.accept(ReferencePipeline.java:197) ~[?:?]
	at java.base/java.util.ArrayList$ArrayListSpliterator.forEachRemaining(ArrayList.java:1625) ~[?:?]
	at java.base/java.util.stream.AbstractPipeline.copyInto(AbstractPipeline.java:509) ~[?:?]
	at java.base/java.util.stream.AbstractPipeline.wrapAndCopyInto(AbstractPipeline.java:499) ~[?:?]
	at java.base/java.util.stream.ForEachOps$ForEachOp.evaluateSequential(ForEachOps.java:150) ~[?:?]
	at java.base/java.util.stream.ForEachOps$ForEachOp$OfRef.evaluateSequential(ForEachOps.java:173) ~[?:?]
	at java.base/java.util.stream.AbstractPipeline.evaluate(AbstractPipeline.java:234) ~[?:?]
	at java.base/java.util.stream.ReferencePipeline.forEach(ReferencePipeline.java:596) ~[?:?]
	at org.junit.jupiter.engine.descriptor.ClassBasedTestDescriptor.invokeTestInstancePostProcessors(ClassBasedTestDescriptor.java:377) ~[junit-jupiter-engine-5.11.4.jar:5.11.4]
	at org.junit.jupiter.engine.descriptor.ClassBasedTestDescriptor.lambda$instantiateAndPostProcessTestInstance$7(ClassBasedTestDescriptor.java:290) ~[junit-jupiter-engine-5.11.4.jar:5.11.4]
	at org.junit.platform.engine.support.hierarchical.ThrowableCollector.execute(ThrowableCollector.java:73) ~[junit-platform-engine-1.11.4.jar:1.11.4]
	at org.junit.jupiter.engine.descriptor.ClassBasedTestDescriptor.instantiateAndPostProcessTestInstance(ClassBasedTestDescriptor.java:289) ~[junit-jupiter-engine-5.11.4.jar:5.11.4]
	at org.junit.jupiter.engine.descriptor.ClassBasedTestDescriptor.lambda$testInstancesProvider$5(ClassBasedTestDescriptor.java:279) ~[junit-jupiter-engine-5.11.4.jar:5.11.4]
	at java.base/java.util.Optional.orElseGet(Optional.java:364) ~[?:?]
	at org.junit.jupiter.engine.descriptor.ClassBasedTestDescriptor.lambda$testInstancesProvider$6(ClassBasedTestDescriptor.java:278) ~[junit-jupiter-engine-5.11.4.jar:5.11.4]
	at org.junit.jupiter.engine.execution.TestInstancesProvider.getTestInstances(TestInstancesProvider.java:31) ~[junit-jupiter-engine-5.11.4.jar:5.11.4]
	at org.junit.jupiter.engine.descriptor.TestMethodTestDescriptor.lambda$prepare$1(TestMethodTestDescriptor.java:105) ~[junit-jupiter-engine-5.11.4.jar:5.11.4]
	at org.junit.platform.engine.support.hierarchical.ThrowableCollector.execute(ThrowableCollector.java:73) ~[junit-platform-engine-1.11.4.jar:1.11.4]
	at org.junit.jupiter.engine.descriptor.TestMethodTestDescriptor.prepare(TestMethodTestDescriptor.java:104) ~[junit-jupiter-engine-5.11.4.jar:5.11.4]
	at org.junit.jupiter.engine.descriptor.TestMethodTestDescriptor.prepare(TestMethodTestDescriptor.java:68) ~[junit-jupiter-engine-5.11.4.jar:5.11.4]
	at org.junit.platform.engine.support.hierarchical.NodeTestTask.lambda$prepare$2(NodeTestTask.java:128) ~[junit-platform-engine-1.11.4.jar:1.11.4]
	at org.junit.platform.engine.support.hierarchical.ThrowableCollector.execute(ThrowableCollector.java:73) ~[junit-platform-engine-1.11.4.jar:1.11.4]
	at org.junit.platform.engine.support.hierarchical.NodeTestTask.prepare(NodeTestTask.java:128) ~[junit-platform-engine-1.11.4.jar:1.11.4]
	at org.junit.platform.engine.support.hierarchical.NodeTestTask.execute(NodeTestTask.java:95) ~[junit-platform-engine-1.11.4.jar:1.11.4]
	at java.base/java.util.ArrayList.forEach(ArrayList.java:1511) ~[?:?]
	at org.junit.platform.engine.support.hierarchical.SameThreadHierarchicalTestExecutorService.invokeAll(SameThreadHierarchicalTestExecutorService.java:41) ~[junit-platform-engine-1.11.4.jar:1.11.4]
	at org.junit.platform.engine.support.hierarchical.NodeTestTask.lambda$executeRecursively$6(NodeTestTask.java:160) ~[junit-platform-engine-1.11.4.jar:1.11.4]
	at org.junit.platform.engine.support.hierarchical.ThrowableCollector.execute(ThrowableCollector.java:73) ~[junit-platform-engine-1.11.4.jar:1.11.4]
	at org.junit.platform.engine.support.hierarchical.NodeTestTask.lambda$executeRecursively$8(NodeTestTask.java:146) ~[junit-platform-engine-1.11.4.jar:1.11.4]
	at org.junit.platform.engine.support.hierarchical.Node.around(Node.java:137) ~[junit-platform-engine-1.11.4.jar:1.11.4]
	at org.junit.platform.engine.support.hierarchical.NodeTestTask.lambda$executeRecursively$9(NodeTestTask.java:144) ~[junit-platform-engine-1.11.4.jar:1.11.4]
	at org.junit.platform.engine.support.hierarchical.ThrowableCollector.execute(ThrowableCollector.java:73) ~[junit-platform-engine-1.11.4.jar:1.11.4]
	at org.junit.platform.engine.support.hierarchical.NodeTestTask.executeRecursively(NodeTestTask.java:143) ~[junit-platform-engine-1.11.4.jar:1.11.4]
	at org.junit.platform.engine.support.hierarchical.NodeTestTask.execute(NodeTestTask.java:100) ~[junit-platform-engine-1.11.4.jar:1.11.4]
	at java.base/java.util.ArrayList.forEach(ArrayList.java:1511) ~[?:?]
	at org.junit.platform.engine.support.hierarchical.SameThreadHierarchicalTestExecutorService.invokeAll(SameThreadHierarchicalTestExecutorService.java:41) ~[junit-platform-engine-1.11.4.jar:1.11.4]
	at org.junit.platform.engine.support.hierarchical.NodeTestTask.lambda$executeRecursively$6(NodeTestTask.java:160) ~[junit-platform-engine-1.11.4.jar:1.11.4]
	at org.junit.platform.engine.support.hierarchical.ThrowableCollector.execute(ThrowableCollector.java:73) ~[junit-platform-engine-1.11.4.jar:1.11.4]
	at org.junit.platform.engine.support.hierarchical.NodeTestTask.lambda$executeRecursively$8(NodeTestTask.java:146) ~[junit-platform-engine-1.11.4.jar:1.11.4]
	at org.junit.platform.engine.support.hierarchical.Node.around(Node.java:137) ~[junit-platform-engine-1.11.4.jar:1.11.4]
	at org.junit.platform.engine.support.hierarchical.NodeTestTask.lambda$executeRecursively$9(NodeTestTask.java:144) ~[junit-platform-engine-1.11.4.jar:1.11.4]
	at org.junit.platform.engine.support.hierarchical.ThrowableCollector.execute(ThrowableCollector.java:73) ~[junit-platform-engine-1.11.4.jar:1.11.4]
	at org.junit.platform.engine.support.hierarchical.NodeTestTask.executeRecursively(NodeTestTask.java:143) ~[junit-platform-engine-1.11.4.jar:1.11.4]
	at org.junit.platform.engine.support.hierarchical.NodeTestTask.execute(NodeTestTask.java:100) ~[junit-platform-engine-1.11.4.jar:1.11.4]
	at org.junit.platform.engine.support.hierarchical.SameThreadHierarchicalTestExecutorService.submit(SameThreadHierarchicalTestExecutorService.java:35) ~[junit-platform-engine-1.11.4.jar:1.11.4]
	at org.junit.platform.engine.support.hierarchical.HierarchicalTestExecutor.execute(HierarchicalTestExecutor.java:57) ~[junit-platform-engine-1.11.4.jar:1.11.4]
	at org.junit.platform.engine.support.hierarchical.HierarchicalTestEngine.execute(HierarchicalTestEngine.java:54) ~[junit-platform-engine-1.11.4.jar:1.11.4]
	at org.junit.platform.launcher.core.EngineExecutionOrchestrator.execute(EngineExecutionOrchestrator.java:198) ~[junit-platform-launcher-1.11.4.jar:1.11.4]
	at org.junit.platform.launcher.core.EngineExecutionOrchestrator.execute(EngineExecutionOrchestrator.java:169) ~[junit-platform-launcher-1.11.4.jar:1.11.4]
	at org.junit.platform.launcher.core.EngineExecutionOrchestrator.execute(EngineExecutionOrchestrator.java:93) ~[junit-platform-launcher-1.11.4.jar:1.11.4]
	at org.junit.platform.launcher.core.EngineExecutionOrchestrator.lambda$execute$0(EngineExecutionOrchestrator.java:58) ~[junit-platform-launcher-1.11.4.jar:1.11.4]
	at org.junit.platform.launcher.core.EngineExecutionOrchestrator.withInterceptedStreams(EngineExecutionOrchestrator.java:141) [junit-platform-launcher-1.11.4.jar:1.11.4]
	at org.junit.platform.launcher.core.EngineExecutionOrchestrator.execute(EngineExecutionOrchestrator.java:57) [junit-platform-launcher-1.11.4.jar:1.11.4]
	at org.junit.platform.launcher.core.DefaultLauncher.execute(DefaultLauncher.java:103) [junit-platform-launcher-1.11.4.jar:1.11.4]
	at org.junit.platform.launcher.core.DefaultLauncher.execute(DefaultLauncher.java:85) [junit-platform-launcher-1.11.4.jar:1.11.4]
	at org.junit.platform.launcher.core.DelegatingLauncher.execute(DelegatingLauncher.java:47) [junit-platform-launcher-1.11.4.jar:1.11.4]
	at org.apache.maven.surefire.junitplatform.LazyLauncher.execute(LazyLauncher.java:56) [surefire-junit-platform-3.5.2.jar:3.5.2]
	at org.apache.maven.surefire.junitplatform.JUnitPlatformProvider.execute(JUnitPlatformProvider.java:184) [surefire-junit-platform-3.5.2.jar:3.5.2]
	at org.apache.maven.surefire.junitplatform.JUnitPlatformProvider.invokeAllTests(JUnitPlatformProvider.java:148) [surefire-junit-platform-3.5.2.jar:3.5.2]
	at org.apache.maven.surefire.junitplatform.JUnitPlatformProvider.invoke(JUnitPlatformProvider.java:122) [surefire-junit-platform-3.5.2.jar:3.5.2]
	at org.apache.maven.surefire.booter.ForkedBooter.runSuitesInProcess(ForkedBooter.java:385) [surefire-booter-3.5.2.jar:3.5.2]
	at org.apache.maven.surefire.booter.ForkedBooter.execute(ForkedBooter.java:162) [surefire-booter-3.5.2.jar:3.5.2]
	at org.apache.maven.surefire.booter.ForkedBooter.run(ForkedBooter.java:507) [surefire-booter-3.5.2.jar:3.5.2]
	at org.apache.maven.surefire.booter.ForkedBooter.main(ForkedBooter.java:495) [surefire-booter-3.5.2.jar:3.5.2]
2025-06-13 17:24:43.358 [main] DEBUG org.springframework.data.jpa.repository.query.NamedQuery - Did not find named query Event.findByIdWithDetails.count
2025-06-13 17:24:43.359 [main] DEBUG org.springframework.orm.jpa.SharedEntityManagerCreator$SharedEntityManagerInvocationHandler - Creating new EntityManager for shared EntityManager invocation
2025-06-13 17:24:43.359 [main] DEBUG org.hibernate.orm.query.hql - HQL : SELECT e FROM Event e LEFT JOIN FETCH e.trainer t LEFT JOIN FETCH t.userCredentials uc LEFT JOIN FETCH e.gym g LEFT JOIN FETCH g.gymOwner go LEFT JOIN FETCH go.userCredentials gou WHERE e.id = :id
2025-06-13 17:24:43.360 [main] DEBUG org.hibernate.orm.query.hql.reservedWordAsIdentifier - Encountered use of reserved word as identifier : =
2025-06-13 17:24:43.360 [main] DEBUG org.hibernate.orm.query.hql.reservedWordAsIdentifier - Encountered use of reserved word as identifier : <EOF>
2025-06-13 17:24:43.361 [main] DEBUG org.hibernate.orm.query.sqm.creation - Applying inferable type to SqmExpression [SqmNamedParameter(id)] : null -> SqmBasicValuedSimplePath(com.example.trainup.model.Event(e).id)
2025-06-13 17:24:43.361 [main] DEBUG org.hibernate.orm.query.sqm.ast - SqmStatement Tree :
    -> [select]
      -> [query-spec]
        -> [select]
          -> [selection]
            -> [root] - `com.example.trainup.model.Event(e)`
              -> [joins]
                -> [attribute] - `com.example.trainup.model.Event(e).trainer(t)`
                    [fetched = true]
                  -> [joins]
                    -> [attribute] - `com.example.trainup.model.Event(e).trainer(t).userCredentials(uc)`
                        [fetched = true]
                    <- [attribute] - `com.example.trainup.model.Event(e).trainer(t).userCredentials(uc)`
                  <- [joins]
                <- [attribute] - `com.example.trainup.model.Event(e).trainer(t)`
                -> [attribute] - `com.example.trainup.model.Event(e).gym(g)`
                    [fetched = true]
                  -> [joins]
                    -> [attribute] - `com.example.trainup.model.Event(e).gym(g).gymOwner(go)`
                        [fetched = true]
                      -> [joins]
                        -> [attribute] - `com.example.trainup.model.Event(e).gym(g).gymOwner(go).userCredentials(gou)`
                            [fetched = true]
                        <- [attribute] - `com.example.trainup.model.Event(e).gym(g).gymOwner(go).userCredentials(gou)`
                      <- [joins]
                    <- [attribute] - `com.example.trainup.model.Event(e).gym(g).gymOwner(go)`
                  <- [joins]
                <- [attribute] - `com.example.trainup.model.Event(e).gym(g)`
              <- [joins]
            <- [root] - `com.example.trainup.model.Event(e)`
          <- [selection]
        <- [select]
        -> [from]
          -> [root] - `com.example.trainup.model.Event(e)`
            -> [joins]
              -> [attribute] - `com.example.trainup.model.Event(e).trainer(t)`
                  [fetched = true]
                -> [joins]
                  -> [attribute] - `com.example.trainup.model.Event(e).trainer(t).userCredentials(uc)`
                      [fetched = true]
                  <- [attribute] - `com.example.trainup.model.Event(e).trainer(t).userCredentials(uc)`
                <- [joins]
              <- [attribute] - `com.example.trainup.model.Event(e).trainer(t)`
              -> [attribute] - `com.example.trainup.model.Event(e).gym(g)`
                  [fetched = true]
                -> [joins]
                  -> [attribute] - `com.example.trainup.model.Event(e).gym(g).gymOwner(go)`
                      [fetched = true]
                    -> [joins]
                      -> [attribute] - `com.example.trainup.model.Event(e).gym(g).gymOwner(go).userCredentials(gou)`
                          [fetched = true]
                      <- [attribute] - `com.example.trainup.model.Event(e).gym(g).gymOwner(go).userCredentials(gou)`
                    <- [joins]
                  <- [attribute] - `com.example.trainup.model.Event(e).gym(g).gymOwner(go)`
                <- [joins]
              <- [attribute] - `com.example.trainup.model.Event(e).gym(g)`
            <- [joins]
          <- [root] - `com.example.trainup.model.Event(e)`
        <- [from]
        -> [where]
          -> [EQUAL]
              -> [basic-path] - `com.example.trainup.model.Event(e).id`
              :id
          <- [EQUAL]
        <- [where]
      <- [query-spec]
    <- [select]

2025-06-13 17:24:43.361 [main] DEBUG org.springframework.data.repository.core.support.RepositoryFactorySupport - Finished creation of repository instance for com.example.trainup.repository.EventRepository.
2025-06-13 17:24:43.374 [main] DEBUG org.springframework.beans.factory.support.DefaultListableBeanFactory - Autowiring by type from bean name 'eventServiceImpl' via constructor to bean named 'eventMapperImpl'
2025-06-13 17:24:43.375 [main] DEBUG org.springframework.beans.factory.support.DefaultListableBeanFactory - Autowiring by type from bean name 'eventServiceImpl' via constructor to bean named 'eventRepository'
2025-06-13 17:24:43.375 [main] DEBUG org.springframework.beans.factory.support.DefaultListableBeanFactory - Autowiring by type from bean name 'eventServiceImpl' via constructor to bean named 'userCredentialsRepository'
2025-06-13 17:24:43.375 [main] DEBUG org.springframework.beans.factory.support.DefaultListableBeanFactory - Autowiring by type from bean name 'eventServiceImpl' via constructor to bean named 'trainerRepository'
2025-06-13 17:24:43.375 [main] DEBUG org.springframework.beans.factory.support.DefaultListableBeanFactory - Autowiring by type from bean name 'eventServiceImpl' via constructor to bean named 'sportRepository'
2025-06-13 17:24:43.375 [main] DEBUG org.springframework.beans.factory.support.DefaultListableBeanFactory - Autowiring by type from bean name 'eventServiceImpl' via constructor to bean named 'gymRepository'
2025-06-13 17:24:43.384 [main] DEBUG org.springframework.beans.factory.support.DefaultListableBeanFactory - Autowiring by type from bean name 'eventController' via constructor to bean named 'eventServiceImpl'
2025-06-13 17:24:43.393 [main] DEBUG org.springframework.beans.factory.support.DefaultListableBeanFactory - Creating shared instance of singleton bean 'gymController'
2025-06-13 17:24:43.394 [main] DEBUG org.springframework.beans.factory.support.DefaultListableBeanFactory - Creating shared instance of singleton bean 'gymServiceImpl'
2025-06-13 17:24:43.394 [main] DEBUG org.springframework.beans.factory.support.DefaultListableBeanFactory - Creating shared instance of singleton bean 'gymMapperImpl'
2025-06-13 17:24:43.410 [main] DEBUG org.springframework.beans.factory.support.DefaultListableBeanFactory - Autowiring by type from bean name 'gymServiceImpl' via constructor to bean named 'gymRepository'
2025-06-13 17:24:43.410 [main] DEBUG org.springframework.beans.factory.support.DefaultListableBeanFactory - Autowiring by type from bean name 'gymServiceImpl' via constructor to bean named 'gymMapperImpl'
2025-06-13 17:24:43.410 [main] DEBUG org.springframework.beans.factory.support.DefaultListableBeanFactory - Autowiring by type from bean name 'gymServiceImpl' via constructor to bean named 'sportRepository'
2025-06-13 17:24:43.410 [main] DEBUG org.springframework.beans.factory.support.DefaultListableBeanFactory - Autowiring by type from bean name 'gymServiceImpl' via constructor to bean named 'trainerRepository'
2025-06-13 17:24:43.410 [main] DEBUG org.springframework.beans.factory.support.DefaultListableBeanFactory - Autowiring by type from bean name 'gymServiceImpl' via constructor to bean named 'addressRepository'
2025-06-13 17:24:43.411 [main] DEBUG org.springframework.beans.factory.support.DefaultListableBeanFactory - Autowiring by type from bean name 'gymServiceImpl' via constructor to bean named 'userCredentialsRepository'
2025-06-13 17:24:43.411 [main] DEBUG org.springframework.beans.factory.support.DefaultListableBeanFactory - Autowiring by type from bean name 'gymServiceImpl' via constructor to bean named 'currentUserService'
2025-06-13 17:24:43.419 [main] DEBUG org.springframework.beans.factory.support.DefaultListableBeanFactory - Autowiring by type from bean name 'gymController' via constructor to bean named 'gymServiceImpl'
2025-06-13 17:24:43.419 [main] DEBUG org.springframework.beans.factory.support.DefaultListableBeanFactory - Autowiring by type from bean name 'gymController' via constructor to bean named 'currentUserService'
2025-06-13 17:24:43.428 [main] DEBUG org.springframework.beans.factory.support.DefaultListableBeanFactory - Creating shared instance of singleton bean 'reviewController'
2025-06-13 17:24:43.429 [main] DEBUG org.springframework.beans.factory.support.DefaultListableBeanFactory - Creating shared instance of singleton bean 'reviewServiceImpl'
2025-06-13 17:24:43.429 [main] DEBUG org.springframework.beans.factory.support.DefaultListableBeanFactory - Creating shared instance of singleton bean 'reviewRepository'
2025-06-13 17:24:43.430 [main] DEBUG org.springframework.beans.factory.support.DefaultListableBeanFactory - Creating shared instance of singleton bean 'jpa.named-queries#10'
2025-06-13 17:24:43.432 [main] DEBUG org.springframework.beans.factory.support.DefaultListableBeanFactory - Creating shared instance of singleton bean 'jpa.ReviewRepository.fragments#0'
2025-06-13 17:24:43.433 [main] DEBUG org.springframework.orm.jpa.SharedEntityManagerCreator$SharedEntityManagerInvocationHandler - Creating new EntityManager for shared EntityManager invocation
2025-06-13 17:24:43.433 [main] DEBUG org.springframework.data.repository.core.support.RepositoryFactorySupport - Initializing repository instance for com.example.trainup.repository.ReviewRepository…
2025-06-13 17:24:43.434 [main] DEBUG org.springframework.orm.jpa.SharedEntityManagerCreator$SharedEntityManagerInvocationHandler - Creating new EntityManager for shared EntityManager invocation
2025-06-13 17:24:43.435 [main] DEBUG org.hibernate.resource.transaction.backend.jdbc.internal.JdbcResourceLocalTransactionCoordinatorImpl - JDBC transaction marked for rollback-only (exception provided for stack trace)
java.lang.Exception: exception just for purpose of providing stack trace
	at org.hibernate.resource.transaction.backend.jdbc.internal.JdbcResourceLocalTransactionCoordinatorImpl$TransactionDriverControlImpl.markRollbackOnly(JdbcResourceLocalTransactionCoordinatorImpl.java:309) ~[hibernate-core-6.6.8.Final.jar:6.6.8.Final]
	at org.hibernate.internal.AbstractSharedSessionContract.buildNamedQuery(AbstractSharedSessionContract.java:1141) ~[hibernate-core-6.6.8.Final.jar:6.6.8.Final]
	at org.hibernate.internal.AbstractSharedSessionContract.createNamedQuery(AbstractSharedSessionContract.java:1019) ~[hibernate-core-6.6.8.Final.jar:6.6.8.Final]
	at org.hibernate.internal.AbstractSharedSessionContract.createNamedQuery(AbstractSharedSessionContract.java:143) ~[hibernate-core-6.6.8.Final.jar:6.6.8.Final]
	at jdk.internal.reflect.GeneratedMethodAccessor95.invoke(Unknown Source) ~[?:?]
	at java.base/jdk.internal.reflect.DelegatingMethodAccessorImpl.invoke(DelegatingMethodAccessorImpl.java:43) ~[?:?]
	at java.base/java.lang.reflect.Method.invoke(Method.java:569) ~[?:?]
	at org.springframework.orm.jpa.ExtendedEntityManagerCreator$ExtendedEntityManagerInvocationHandler.invoke(ExtendedEntityManagerCreator.java:364) ~[spring-orm-6.2.3.jar:6.2.3]
	at jdk.proxy2/jdk.proxy2.$Proxy233.createNamedQuery(Unknown Source) ~[?:?]
	at org.springframework.data.jpa.repository.query.NamedQuery.hasNamedQuery(NamedQuery.java:114) ~[spring-data-jpa-3.4.3.jar:3.4.3]
	at org.springframework.data.jpa.repository.query.JpaQueryLookupStrategy$DeclaredQueryLookupStrategy.getCountQuery(JpaQueryLookupStrategy.java:208) ~[spring-data-jpa-3.4.3.jar:3.4.3]
	at org.springframework.data.jpa.repository.query.JpaQueryLookupStrategy$DeclaredQueryLookupStrategy.resolveQuery(JpaQueryLookupStrategy.java:175) ~[spring-data-jpa-3.4.3.jar:3.4.3]
	at org.springframework.data.jpa.repository.query.JpaQueryLookupStrategy$CreateIfNotFoundQueryLookupStrategy.resolveQuery(JpaQueryLookupStrategy.java:256) ~[spring-data-jpa-3.4.3.jar:3.4.3]
	at org.springframework.data.jpa.repository.query.JpaQueryLookupStrategy$AbstractQueryLookupStrategy.resolveQuery(JpaQueryLookupStrategy.java:99) ~[spring-data-jpa-3.4.3.jar:3.4.3]
	at org.springframework.data.repository.core.support.QueryExecutorMethodInterceptor.lookupQuery(QueryExecutorMethodInterceptor.java:116) ~[spring-data-commons-3.4.3.jar:3.4.3]
	at org.springframework.data.repository.core.support.QueryExecutorMethodInterceptor.mapMethodsToQuery(QueryExecutorMethodInterceptor.java:104) ~[spring-data-commons-3.4.3.jar:3.4.3]
	at org.springframework.data.repository.core.support.QueryExecutorMethodInterceptor.lambda$new$0(QueryExecutorMethodInterceptor.java:92) ~[spring-data-commons-3.4.3.jar:3.4.3]
	at java.base/java.util.Optional.map(Optional.java:260) ~[?:?]
	at org.springframework.data.repository.core.support.QueryExecutorMethodInterceptor.<init>(QueryExecutorMethodInterceptor.java:92) ~[spring-data-commons-3.4.3.jar:3.4.3]
	at org.springframework.data.repository.core.support.RepositoryFactorySupport.getRepository(RepositoryFactorySupport.java:440) ~[spring-data-commons-3.4.3.jar:3.4.3]
	at org.springframework.data.repository.core.support.RepositoryFactoryBeanSupport.lambda$afterPropertiesSet$4(RepositoryFactoryBeanSupport.java:350) ~[spring-data-commons-3.4.3.jar:3.4.3]
	at org.springframework.data.util.Lazy.getNullable(Lazy.java:135) ~[spring-data-commons-3.4.3.jar:3.4.3]
	at org.springframework.data.util.Lazy.get(Lazy.java:113) ~[spring-data-commons-3.4.3.jar:3.4.3]
	at org.springframework.data.repository.core.support.RepositoryFactoryBeanSupport.afterPropertiesSet(RepositoryFactoryBeanSupport.java:356) ~[spring-data-commons-3.4.3.jar:3.4.3]
	at org.springframework.data.jpa.repository.support.JpaRepositoryFactoryBean.afterPropertiesSet(JpaRepositoryFactoryBean.java:132) ~[spring-data-jpa-3.4.3.jar:3.4.3]
	at org.springframework.beans.factory.support.AbstractAutowireCapableBeanFactory.invokeInitMethods(AbstractAutowireCapableBeanFactory.java:1859) ~[spring-beans-6.2.3.jar:6.2.3]
	at org.springframework.beans.factory.support.AbstractAutowireCapableBeanFactory.initializeBean(AbstractAutowireCapableBeanFactory.java:1808) ~[spring-beans-6.2.3.jar:6.2.3]
	at org.springframework.beans.factory.support.AbstractAutowireCapableBeanFactory.doCreateBean(AbstractAutowireCapableBeanFactory.java:601) ~[spring-beans-6.2.3.jar:6.2.3]
	at org.springframework.beans.factory.support.AbstractAutowireCapableBeanFactory.createBean(AbstractAutowireCapableBeanFactory.java:523) ~[spring-beans-6.2.3.jar:6.2.3]
	at org.springframework.beans.factory.support.AbstractBeanFactory.lambda$doGetBean$0(AbstractBeanFactory.java:339) ~[spring-beans-6.2.3.jar:6.2.3]
	at org.springframework.beans.factory.support.DefaultSingletonBeanRegistry.getSingleton(DefaultSingletonBeanRegistry.java:346) ~[spring-beans-6.2.3.jar:6.2.3]
	at org.springframework.beans.factory.support.AbstractBeanFactory.doGetBean(AbstractBeanFactory.java:337) ~[spring-beans-6.2.3.jar:6.2.3]
	at org.springframework.beans.factory.support.AbstractBeanFactory.getBean(AbstractBeanFactory.java:202) ~[spring-beans-6.2.3.jar:6.2.3]
	at org.springframework.beans.factory.support.DefaultListableBeanFactory.doResolveDependency(DefaultListableBeanFactory.java:1606) ~[spring-beans-6.2.3.jar:6.2.3]
	at org.springframework.beans.factory.support.DefaultListableBeanFactory.resolveDependency(DefaultListableBeanFactory.java:1552) ~[spring-beans-6.2.3.jar:6.2.3]
	at org.springframework.beans.factory.support.ConstructorResolver.resolveAutowiredArgument(ConstructorResolver.java:913) ~[spring-beans-6.2.3.jar:6.2.3]
	at org.springframework.beans.factory.support.ConstructorResolver.createArgumentArray(ConstructorResolver.java:791) ~[spring-beans-6.2.3.jar:6.2.3]
	at org.springframework.beans.factory.support.ConstructorResolver.autowireConstructor(ConstructorResolver.java:240) ~[spring-beans-6.2.3.jar:6.2.3]
	at org.springframework.beans.factory.support.AbstractAutowireCapableBeanFactory.autowireConstructor(AbstractAutowireCapableBeanFactory.java:1381) ~[spring-beans-6.2.3.jar:6.2.3]
	at org.springframework.beans.factory.support.AbstractAutowireCapableBeanFactory.createBeanInstance(AbstractAutowireCapableBeanFactory.java:1218) ~[spring-beans-6.2.3.jar:6.2.3]
	at org.springframework.beans.factory.support.AbstractAutowireCapableBeanFactory.doCreateBean(AbstractAutowireCapableBeanFactory.java:563) ~[spring-beans-6.2.3.jar:6.2.3]
	at org.springframework.beans.factory.support.AbstractAutowireCapableBeanFactory.createBean(AbstractAutowireCapableBeanFactory.java:523) ~[spring-beans-6.2.3.jar:6.2.3]
	at org.springframework.beans.factory.support.AbstractBeanFactory.lambda$doGetBean$0(AbstractBeanFactory.java:339) ~[spring-beans-6.2.3.jar:6.2.3]
	at org.springframework.beans.factory.support.DefaultSingletonBeanRegistry.getSingleton(DefaultSingletonBeanRegistry.java:346) ~[spring-beans-6.2.3.jar:6.2.3]
	at org.springframework.beans.factory.support.AbstractBeanFactory.doGetBean(AbstractBeanFactory.java:337) ~[spring-beans-6.2.3.jar:6.2.3]
	at org.springframework.beans.factory.support.AbstractBeanFactory.getBean(AbstractBeanFactory.java:202) ~[spring-beans-6.2.3.jar:6.2.3]
	at org.springframework.beans.factory.config.DependencyDescriptor.resolveCandidate(DependencyDescriptor.java:254) ~[spring-beans-6.2.3.jar:6.2.3]
	at org.springframework.beans.factory.support.DefaultListableBeanFactory.doResolveDependency(DefaultListableBeanFactory.java:1664) ~[spring-beans-6.2.3.jar:6.2.3]
	at org.springframework.beans.factory.support.DefaultListableBeanFactory.resolveDependency(DefaultListableBeanFactory.java:1552) ~[spring-beans-6.2.3.jar:6.2.3]
	at org.springframework.beans.factory.support.ConstructorResolver.resolveAutowiredArgument(ConstructorResolver.java:913) ~[spring-beans-6.2.3.jar:6.2.3]
	at org.springframework.beans.factory.support.ConstructorResolver.createArgumentArray(ConstructorResolver.java:791) ~[spring-beans-6.2.3.jar:6.2.3]
	at org.springframework.beans.factory.support.ConstructorResolver.autowireConstructor(ConstructorResolver.java:240) ~[spring-beans-6.2.3.jar:6.2.3]
	at org.springframework.beans.factory.support.AbstractAutowireCapableBeanFactory.autowireConstructor(AbstractAutowireCapableBeanFactory.java:1381) ~[spring-beans-6.2.3.jar:6.2.3]
	at org.springframework.beans.factory.support.AbstractAutowireCapableBeanFactory.createBeanInstance(AbstractAutowireCapableBeanFactory.java:1218) ~[spring-beans-6.2.3.jar:6.2.3]
	at org.springframework.beans.factory.support.AbstractAutowireCapableBeanFactory.doCreateBean(AbstractAutowireCapableBeanFactory.java:563) ~[spring-beans-6.2.3.jar:6.2.3]
	at org.springframework.beans.factory.support.AbstractAutowireCapableBeanFactory.createBean(AbstractAutowireCapableBeanFactory.java:523) ~[spring-beans-6.2.3.jar:6.2.3]
	at org.springframework.beans.factory.support.AbstractBeanFactory.lambda$doGetBean$0(AbstractBeanFactory.java:339) ~[spring-beans-6.2.3.jar:6.2.3]
	at org.springframework.beans.factory.support.DefaultSingletonBeanRegistry.getSingleton(DefaultSingletonBeanRegistry.java:346) ~[spring-beans-6.2.3.jar:6.2.3]
	at org.springframework.beans.factory.support.AbstractBeanFactory.doGetBean(AbstractBeanFactory.java:337) ~[spring-beans-6.2.3.jar:6.2.3]
	at org.springframework.beans.factory.support.AbstractBeanFactory.getBean(AbstractBeanFactory.java:202) ~[spring-beans-6.2.3.jar:6.2.3]
	at org.springframework.beans.factory.support.DefaultListableBeanFactory.instantiateSingleton(DefaultListableBeanFactory.java:1155) ~[spring-beans-6.2.3.jar:6.2.3]
	at org.springframework.beans.factory.support.DefaultListableBeanFactory.preInstantiateSingleton(DefaultListableBeanFactory.java:1121) ~[spring-beans-6.2.3.jar:6.2.3]
	at org.springframework.beans.factory.support.DefaultListableBeanFactory.preInstantiateSingletons(DefaultListableBeanFactory.java:1056) ~[spring-beans-6.2.3.jar:6.2.3]
	at org.springframework.context.support.AbstractApplicationContext.finishBeanFactoryInitialization(AbstractApplicationContext.java:987) ~[spring-context-6.2.3.jar:6.2.3]
	at org.springframework.context.support.AbstractApplicationContext.refresh(AbstractApplicationContext.java:627) ~[spring-context-6.2.3.jar:6.2.3]
	at org.springframework.boot.SpringApplication.refresh(SpringApplication.java:752) ~[spring-boot-3.4.3.jar:3.4.3]
	at org.springframework.boot.SpringApplication.refreshContext(SpringApplication.java:439) ~[spring-boot-3.4.3.jar:3.4.3]
	at org.springframework.boot.SpringApplication.run(SpringApplication.java:318) ~[spring-boot-3.4.3.jar:3.4.3]
	at org.springframework.boot.test.context.SpringBootContextLoader.lambda$loadContext$3(SpringBootContextLoader.java:137) ~[spring-boot-test-3.4.3.jar:3.4.3]
	at org.springframework.util.function.ThrowingSupplier.get(ThrowingSupplier.java:58) ~[spring-core-6.2.3.jar:6.2.3]
	at org.springframework.util.function.ThrowingSupplier.get(ThrowingSupplier.java:46) ~[spring-core-6.2.3.jar:6.2.3]
	at org.springframework.boot.SpringApplication.withHook(SpringApplication.java:1461) ~[spring-boot-3.4.3.jar:3.4.3]
	at org.springframework.boot.test.context.SpringBootContextLoader$ContextLoaderHook.run(SpringBootContextLoader.java:553) ~[spring-boot-test-3.4.3.jar:3.4.3]
	at org.springframework.boot.test.context.SpringBootContextLoader.loadContext(SpringBootContextLoader.java:137) ~[spring-boot-test-3.4.3.jar:3.4.3]
	at org.springframework.boot.test.context.SpringBootContextLoader.loadContext(SpringBootContextLoader.java:108) ~[spring-boot-test-3.4.3.jar:3.4.3]
	at org.springframework.test.context.cache.DefaultCacheAwareContextLoaderDelegate.loadContextInternal(DefaultCacheAwareContextLoaderDelegate.java:225) ~[spring-test-6.2.3.jar:6.2.3]
	at org.springframework.test.context.cache.DefaultCacheAwareContextLoaderDelegate.loadContext(DefaultCacheAwareContextLoaderDelegate.java:152) ~[spring-test-6.2.3.jar:6.2.3]
	at org.springframework.test.context.support.DefaultTestContext.getApplicationContext(DefaultTestContext.java:130) ~[spring-test-6.2.3.jar:6.2.3]
	at org.springframework.test.context.web.ServletTestExecutionListener.setUpRequestContextIfNecessary(ServletTestExecutionListener.java:200) ~[spring-test-6.2.3.jar:6.2.3]
	at org.springframework.test.context.web.ServletTestExecutionListener.prepareTestInstance(ServletTestExecutionListener.java:139) ~[spring-test-6.2.3.jar:6.2.3]
	at org.springframework.test.context.TestContextManager.prepareTestInstance(TestContextManager.java:260) ~[spring-test-6.2.3.jar:6.2.3]
	at org.springframework.test.context.junit.jupiter.SpringExtension.postProcessTestInstance(SpringExtension.java:160) ~[spring-test-6.2.3.jar:6.2.3]
	at org.junit.jupiter.engine.descriptor.ClassBasedTestDescriptor.lambda$invokeTestInstancePostProcessors$11(ClassBasedTestDescriptor.java:378) ~[junit-jupiter-engine-5.11.4.jar:5.11.4]
	at org.junit.jupiter.engine.descriptor.ClassBasedTestDescriptor.executeAndMaskThrowable(ClassBasedTestDescriptor.java:383) ~[junit-jupiter-engine-5.11.4.jar:5.11.4]
	at org.junit.jupiter.engine.descriptor.ClassBasedTestDescriptor.lambda$invokeTestInstancePostProcessors$12(ClassBasedTestDescriptor.java:378) ~[junit-jupiter-engine-5.11.4.jar:5.11.4]
	at java.base/java.util.stream.ForEachOps$ForEachOp$OfRef.accept(ForEachOps.java:183) ~[?:?]
	at java.base/java.util.stream.ReferencePipeline$3$1.accept(ReferencePipeline.java:197) ~[?:?]
	at java.base/java.util.stream.ReferencePipeline$2$1.accept(ReferencePipeline.java:179) ~[?:?]
	at java.base/java.util.stream.ReferencePipeline$3$1.accept(ReferencePipeline.java:197) ~[?:?]
	at java.base/java.util.ArrayList$ArrayListSpliterator.forEachRemaining(ArrayList.java:1625) ~[?:?]
	at java.base/java.util.stream.AbstractPipeline.copyInto(AbstractPipeline.java:509) ~[?:?]
	at java.base/java.util.stream.AbstractPipeline.wrapAndCopyInto(AbstractPipeline.java:499) ~[?:?]
	at java.base/java.util.stream.ForEachOps$ForEachOp.evaluateSequential(ForEachOps.java:150) ~[?:?]
	at java.base/java.util.stream.ForEachOps$ForEachOp$OfRef.evaluateSequential(ForEachOps.java:173) ~[?:?]
	at java.base/java.util.stream.AbstractPipeline.evaluate(AbstractPipeline.java:234) ~[?:?]
	at java.base/java.util.stream.ReferencePipeline.forEach(ReferencePipeline.java:596) ~[?:?]
	at org.junit.jupiter.engine.descriptor.ClassBasedTestDescriptor.invokeTestInstancePostProcessors(ClassBasedTestDescriptor.java:377) ~[junit-jupiter-engine-5.11.4.jar:5.11.4]
	at org.junit.jupiter.engine.descriptor.ClassBasedTestDescriptor.lambda$instantiateAndPostProcessTestInstance$7(ClassBasedTestDescriptor.java:290) ~[junit-jupiter-engine-5.11.4.jar:5.11.4]
	at org.junit.platform.engine.support.hierarchical.ThrowableCollector.execute(ThrowableCollector.java:73) ~[junit-platform-engine-1.11.4.jar:1.11.4]
	at org.junit.jupiter.engine.descriptor.ClassBasedTestDescriptor.instantiateAndPostProcessTestInstance(ClassBasedTestDescriptor.java:289) ~[junit-jupiter-engine-5.11.4.jar:5.11.4]
	at org.junit.jupiter.engine.descriptor.ClassBasedTestDescriptor.lambda$testInstancesProvider$5(ClassBasedTestDescriptor.java:279) ~[junit-jupiter-engine-5.11.4.jar:5.11.4]
	at java.base/java.util.Optional.orElseGet(Optional.java:364) ~[?:?]
	at org.junit.jupiter.engine.descriptor.ClassBasedTestDescriptor.lambda$testInstancesProvider$6(ClassBasedTestDescriptor.java:278) ~[junit-jupiter-engine-5.11.4.jar:5.11.4]
	at org.junit.jupiter.engine.execution.TestInstancesProvider.getTestInstances(TestInstancesProvider.java:31) ~[junit-jupiter-engine-5.11.4.jar:5.11.4]
	at org.junit.jupiter.engine.descriptor.TestMethodTestDescriptor.lambda$prepare$1(TestMethodTestDescriptor.java:105) ~[junit-jupiter-engine-5.11.4.jar:5.11.4]
	at org.junit.platform.engine.support.hierarchical.ThrowableCollector.execute(ThrowableCollector.java:73) ~[junit-platform-engine-1.11.4.jar:1.11.4]
	at org.junit.jupiter.engine.descriptor.TestMethodTestDescriptor.prepare(TestMethodTestDescriptor.java:104) ~[junit-jupiter-engine-5.11.4.jar:5.11.4]
	at org.junit.jupiter.engine.descriptor.TestMethodTestDescriptor.prepare(TestMethodTestDescriptor.java:68) ~[junit-jupiter-engine-5.11.4.jar:5.11.4]
	at org.junit.platform.engine.support.hierarchical.NodeTestTask.lambda$prepare$2(NodeTestTask.java:128) ~[junit-platform-engine-1.11.4.jar:1.11.4]
	at org.junit.platform.engine.support.hierarchical.ThrowableCollector.execute(ThrowableCollector.java:73) ~[junit-platform-engine-1.11.4.jar:1.11.4]
	at org.junit.platform.engine.support.hierarchical.NodeTestTask.prepare(NodeTestTask.java:128) ~[junit-platform-engine-1.11.4.jar:1.11.4]
	at org.junit.platform.engine.support.hierarchical.NodeTestTask.execute(NodeTestTask.java:95) ~[junit-platform-engine-1.11.4.jar:1.11.4]
	at java.base/java.util.ArrayList.forEach(ArrayList.java:1511) ~[?:?]
	at org.junit.platform.engine.support.hierarchical.SameThreadHierarchicalTestExecutorService.invokeAll(SameThreadHierarchicalTestExecutorService.java:41) ~[junit-platform-engine-1.11.4.jar:1.11.4]
	at org.junit.platform.engine.support.hierarchical.NodeTestTask.lambda$executeRecursively$6(NodeTestTask.java:160) ~[junit-platform-engine-1.11.4.jar:1.11.4]
	at org.junit.platform.engine.support.hierarchical.ThrowableCollector.execute(ThrowableCollector.java:73) ~[junit-platform-engine-1.11.4.jar:1.11.4]
	at org.junit.platform.engine.support.hierarchical.NodeTestTask.lambda$executeRecursively$8(NodeTestTask.java:146) ~[junit-platform-engine-1.11.4.jar:1.11.4]
	at org.junit.platform.engine.support.hierarchical.Node.around(Node.java:137) ~[junit-platform-engine-1.11.4.jar:1.11.4]
	at org.junit.platform.engine.support.hierarchical.NodeTestTask.lambda$executeRecursively$9(NodeTestTask.java:144) ~[junit-platform-engine-1.11.4.jar:1.11.4]
	at org.junit.platform.engine.support.hierarchical.ThrowableCollector.execute(ThrowableCollector.java:73) ~[junit-platform-engine-1.11.4.jar:1.11.4]
	at org.junit.platform.engine.support.hierarchical.NodeTestTask.executeRecursively(NodeTestTask.java:143) ~[junit-platform-engine-1.11.4.jar:1.11.4]
	at org.junit.platform.engine.support.hierarchical.NodeTestTask.execute(NodeTestTask.java:100) ~[junit-platform-engine-1.11.4.jar:1.11.4]
	at java.base/java.util.ArrayList.forEach(ArrayList.java:1511) ~[?:?]
	at org.junit.platform.engine.support.hierarchical.SameThreadHierarchicalTestExecutorService.invokeAll(SameThreadHierarchicalTestExecutorService.java:41) ~[junit-platform-engine-1.11.4.jar:1.11.4]
	at org.junit.platform.engine.support.hierarchical.NodeTestTask.lambda$executeRecursively$6(NodeTestTask.java:160) ~[junit-platform-engine-1.11.4.jar:1.11.4]
	at org.junit.platform.engine.support.hierarchical.ThrowableCollector.execute(ThrowableCollector.java:73) ~[junit-platform-engine-1.11.4.jar:1.11.4]
	at org.junit.platform.engine.support.hierarchical.NodeTestTask.lambda$executeRecursively$8(NodeTestTask.java:146) ~[junit-platform-engine-1.11.4.jar:1.11.4]
	at org.junit.platform.engine.support.hierarchical.Node.around(Node.java:137) ~[junit-platform-engine-1.11.4.jar:1.11.4]
	at org.junit.platform.engine.support.hierarchical.NodeTestTask.lambda$executeRecursively$9(NodeTestTask.java:144) ~[junit-platform-engine-1.11.4.jar:1.11.4]
	at org.junit.platform.engine.support.hierarchical.ThrowableCollector.execute(ThrowableCollector.java:73) ~[junit-platform-engine-1.11.4.jar:1.11.4]
	at org.junit.platform.engine.support.hierarchical.NodeTestTask.executeRecursively(NodeTestTask.java:143) ~[junit-platform-engine-1.11.4.jar:1.11.4]
	at org.junit.platform.engine.support.hierarchical.NodeTestTask.execute(NodeTestTask.java:100) ~[junit-platform-engine-1.11.4.jar:1.11.4]
	at org.junit.platform.engine.support.hierarchical.SameThreadHierarchicalTestExecutorService.submit(SameThreadHierarchicalTestExecutorService.java:35) ~[junit-platform-engine-1.11.4.jar:1.11.4]
	at org.junit.platform.engine.support.hierarchical.HierarchicalTestExecutor.execute(HierarchicalTestExecutor.java:57) ~[junit-platform-engine-1.11.4.jar:1.11.4]
	at org.junit.platform.engine.support.hierarchical.HierarchicalTestEngine.execute(HierarchicalTestEngine.java:54) ~[junit-platform-engine-1.11.4.jar:1.11.4]
	at org.junit.platform.launcher.core.EngineExecutionOrchestrator.execute(EngineExecutionOrchestrator.java:198) ~[junit-platform-launcher-1.11.4.jar:1.11.4]
	at org.junit.platform.launcher.core.EngineExecutionOrchestrator.execute(EngineExecutionOrchestrator.java:169) ~[junit-platform-launcher-1.11.4.jar:1.11.4]
	at org.junit.platform.launcher.core.EngineExecutionOrchestrator.execute(EngineExecutionOrchestrator.java:93) ~[junit-platform-launcher-1.11.4.jar:1.11.4]
	at org.junit.platform.launcher.core.EngineExecutionOrchestrator.lambda$execute$0(EngineExecutionOrchestrator.java:58) ~[junit-platform-launcher-1.11.4.jar:1.11.4]
	at org.junit.platform.launcher.core.EngineExecutionOrchestrator.withInterceptedStreams(EngineExecutionOrchestrator.java:141) [junit-platform-launcher-1.11.4.jar:1.11.4]
	at org.junit.platform.launcher.core.EngineExecutionOrchestrator.execute(EngineExecutionOrchestrator.java:57) [junit-platform-launcher-1.11.4.jar:1.11.4]
	at org.junit.platform.launcher.core.DefaultLauncher.execute(DefaultLauncher.java:103) [junit-platform-launcher-1.11.4.jar:1.11.4]
	at org.junit.platform.launcher.core.DefaultLauncher.execute(DefaultLauncher.java:85) [junit-platform-launcher-1.11.4.jar:1.11.4]
	at org.junit.platform.launcher.core.DelegatingLauncher.execute(DelegatingLauncher.java:47) [junit-platform-launcher-1.11.4.jar:1.11.4]
	at org.apache.maven.surefire.junitplatform.LazyLauncher.execute(LazyLauncher.java:56) [surefire-junit-platform-3.5.2.jar:3.5.2]
	at org.apache.maven.surefire.junitplatform.JUnitPlatformProvider.execute(JUnitPlatformProvider.java:184) [surefire-junit-platform-3.5.2.jar:3.5.2]
	at org.apache.maven.surefire.junitplatform.JUnitPlatformProvider.invokeAllTests(JUnitPlatformProvider.java:148) [surefire-junit-platform-3.5.2.jar:3.5.2]
	at org.apache.maven.surefire.junitplatform.JUnitPlatformProvider.invoke(JUnitPlatformProvider.java:122) [surefire-junit-platform-3.5.2.jar:3.5.2]
	at org.apache.maven.surefire.booter.ForkedBooter.runSuitesInProcess(ForkedBooter.java:385) [surefire-booter-3.5.2.jar:3.5.2]
	at org.apache.maven.surefire.booter.ForkedBooter.execute(ForkedBooter.java:162) [surefire-booter-3.5.2.jar:3.5.2]
	at org.apache.maven.surefire.booter.ForkedBooter.run(ForkedBooter.java:507) [surefire-booter-3.5.2.jar:3.5.2]
	at org.apache.maven.surefire.booter.ForkedBooter.main(ForkedBooter.java:495) [surefire-booter-3.5.2.jar:3.5.2]
2025-06-13 17:24:43.436 [main] DEBUG org.springframework.data.jpa.repository.query.NamedQuery - Did not find named query Review.findReviewsByCriteria.count
2025-06-13 17:24:43.437 [main] DEBUG org.springframework.orm.jpa.SharedEntityManagerCreator$SharedEntityManagerInvocationHandler - Creating new EntityManager for shared EntityManager invocation
2025-06-13 17:24:43.438 [main] DEBUG org.hibernate.orm.query.hql - HQL : SELECT DISTINCT r FROM Review r LEFT JOIN r.author a LEFT JOIN r.gym g LEFT JOIN r.trainer t WHERE (:id IS NULL OR r.id = :id) AND (:rating = 0 OR r.rating = :rating) AND (:authorId IS NULL OR a.id = :authorId) AND (:gymId IS NULL OR g.id = :gymId) AND (:trainerId IS NULL OR t.id = :trainerId)
2025-06-13 17:24:43.438 [main] DEBUG org.hibernate.orm.query.hql.reservedWordAsIdentifier - Encountered use of reserved word as identifier : IS
2025-06-13 17:24:43.438 [main] DEBUG org.hibernate.orm.query.hql.reservedWordAsIdentifier - Encountered use of reserved word as identifier : =
2025-06-13 17:24:43.438 [main] DEBUG org.hibernate.orm.query.hql.reservedWordAsIdentifier - Encountered use of reserved word as identifier : )
2025-06-13 17:24:43.438 [main] DEBUG org.hibernate.orm.query.hql.reservedWordAsIdentifier - Encountered use of reserved word as identifier : =
2025-06-13 17:24:43.439 [main] DEBUG org.hibernate.orm.query.hql.reservedWordAsIdentifier - Encountered use of reserved word as identifier : =
2025-06-13 17:24:43.439 [main] DEBUG org.hibernate.orm.query.hql.reservedWordAsIdentifier - Encountered use of reserved word as identifier : =
2025-06-13 17:24:43.439 [main] DEBUG org.hibernate.orm.query.sqm.creation - Applying inferable type to SqmExpression [SqmNamedParameter(id)] : null -> SqmBasicValuedSimplePath(com.example.trainup.model.Review(r).id)
2025-06-13 17:24:43.440 [main] DEBUG org.hibernate.orm.query.sqm.creation - Applying inferable type to SqmExpression [SqmNamedParameter(rating)] : null -> basicType@35(java.lang.Integer,4)
2025-06-13 17:24:43.440 [main] DEBUG org.hibernate.orm.query.sqm.creation - Applying inferable type to SqmExpression [SqmNamedParameter(rating)] : basicType@35(java.lang.Integer,4) -> SqmBasicValuedSimplePath(com.example.trainup.model.Review(r).rating)
2025-06-13 17:24:43.440 [main] DEBUG org.hibernate.orm.query.sqm.creation - Applying inferable type to SqmExpression [SqmNamedParameter(authorId)] : null -> SqmBasicValuedSimplePath(com.example.trainup.model.Review(r).author(a).id)
2025-06-13 17:24:43.440 [main] DEBUG org.hibernate.orm.query.sqm.creation - Applying inferable type to SqmExpression [SqmNamedParameter(gymId)] : null -> SqmBasicValuedSimplePath(com.example.trainup.model.Review(r).gym(g).id)
2025-06-13 17:24:43.440 [main] DEBUG org.hibernate.orm.query.sqm.creation - Applying inferable type to SqmExpression [SqmNamedParameter(trainerId)] : null -> SqmBasicValuedSimplePath(com.example.trainup.model.Review(r).trainer(t).id)
2025-06-13 17:24:43.441 [main] DEBUG org.hibernate.orm.query.sqm.ast - SqmStatement Tree :
    -> [select]
      -> [query-spec]
        -> [select(distinct)]
          -> [selection]
            -> [root] - `com.example.trainup.model.Review(r)`
              -> [joins]
                -> [attribute] - `com.example.trainup.model.Review(r).author(a)`
                    [fetched = false]
                <- [attribute] - `com.example.trainup.model.Review(r).author(a)`
                -> [attribute] - `com.example.trainup.model.Review(r).gym(g)`
                    [fetched = false]
                <- [attribute] - `com.example.trainup.model.Review(r).gym(g)`
                -> [attribute] - `com.example.trainup.model.Review(r).trainer(t)`
                    [fetched = false]
                <- [attribute] - `com.example.trainup.model.Review(r).trainer(t)`
              <- [joins]
            <- [root] - `com.example.trainup.model.Review(r)`
          <- [selection]
        <- [select(distinct)]
        -> [from]
          -> [root] - `com.example.trainup.model.Review(r)`
            -> [joins]
              -> [attribute] - `com.example.trainup.model.Review(r).author(a)`
                  [fetched = false]
              <- [attribute] - `com.example.trainup.model.Review(r).author(a)`
              -> [attribute] - `com.example.trainup.model.Review(r).gym(g)`
                  [fetched = false]
              <- [attribute] - `com.example.trainup.model.Review(r).gym(g)`
              -> [attribute] - `com.example.trainup.model.Review(r).trainer(t)`
                  [fetched = false]
              <- [attribute] - `com.example.trainup.model.Review(r).trainer(t)`
            <- [joins]
          <- [root] - `com.example.trainup.model.Review(r)`
        <- [from]
        -> [where]
          -> [and]
            -> [grouped]
                -> [or]
                  -> [is-null]
                      :id
                  <- [is-null]
                  -> [EQUAL]
                      -> [basic-path] - `com.example.trainup.model.Review(r).id`
                      :id
                  <- [EQUAL]
                <- [or]
            <- [grouped]
            -> [grouped]
                -> [or]
                  -> [EQUAL]
                      :rating
                  <- [EQUAL]
                  -> [EQUAL]
                      -> [basic-path] - `com.example.trainup.model.Review(r).rating`
                      :rating
                  <- [EQUAL]
                <- [or]
            <- [grouped]
            -> [grouped]
                -> [or]
                  -> [is-null]
                      :authorId
                  <- [is-null]
                  -> [EQUAL]
                      -> [basic-path] - `com.example.trainup.model.Review(r).author(a).id`
                      :authorId
                  <- [EQUAL]
                <- [or]
            <- [grouped]
            -> [grouped]
                -> [or]
                  -> [is-null]
                      :gymId
                  <- [is-null]
                  -> [EQUAL]
                      -> [basic-path] - `com.example.trainup.model.Review(r).gym(g).id`
                      :gymId
                  <- [EQUAL]
                <- [or]
            <- [grouped]
            -> [grouped]
                -> [or]
                  -> [is-null]
                      :trainerId
                  <- [is-null]
                  -> [EQUAL]
                      -> [basic-path] - `com.example.trainup.model.Review(r).trainer(t).id`
                      :trainerId
                  <- [EQUAL]
                <- [or]
            <- [grouped]
          <- [and]
        <- [where]
      <- [query-spec]
    <- [select]

2025-06-13 17:24:43.442 [main] DEBUG org.hibernate.orm.query.hql - HQL : SELECT count(DISTINCT r) FROM Review r LEFT JOIN r.author a LEFT JOIN r.gym g LEFT JOIN r.trainer t WHERE (:id IS NULL OR r.id = :id) AND (:rating = 0 OR r.rating = :rating) AND (:authorId IS NULL OR a.id = :authorId) AND (:gymId IS NULL OR g.id = :gymId) AND (:trainerId IS NULL OR t.id = :trainerId)
2025-06-13 17:24:43.442 [main] DEBUG org.hibernate.orm.query.hql.reservedWordAsIdentifier - Encountered use of reserved word as identifier : (
2025-06-13 17:24:43.443 [main] DEBUG org.hibernate.orm.query.hql.reservedWordAsIdentifier - Encountered use of reserved word as identifier : IS
2025-06-13 17:24:43.443 [main] DEBUG org.hibernate.orm.query.hql.reservedWordAsIdentifier - Encountered use of reserved word as identifier : =
2025-06-13 17:24:43.443 [main] DEBUG org.hibernate.orm.query.hql.reservedWordAsIdentifier - Encountered use of reserved word as identifier : )
2025-06-13 17:24:43.443 [main] DEBUG org.hibernate.orm.query.hql.reservedWordAsIdentifier - Encountered use of reserved word as identifier : =
2025-06-13 17:24:43.443 [main] DEBUG org.hibernate.orm.query.hql.reservedWordAsIdentifier - Encountered use of reserved word as identifier : =
2025-06-13 17:24:43.443 [main] DEBUG org.hibernate.orm.query.hql.reservedWordAsIdentifier - Encountered use of reserved word as identifier : =
2025-06-13 17:24:43.444 [main] DEBUG org.hibernate.orm.query.sqm.creation - Applying inferable type to SqmExpression [SqmNamedParameter(id)] : null -> SqmBasicValuedSimplePath(com.example.trainup.model.Review(r).id)
2025-06-13 17:24:43.444 [main] DEBUG org.hibernate.orm.query.sqm.creation - Applying inferable type to SqmExpression [SqmNamedParameter(rating)] : null -> basicType@35(java.lang.Integer,4)
2025-06-13 17:24:43.444 [main] DEBUG org.hibernate.orm.query.sqm.creation - Applying inferable type to SqmExpression [SqmNamedParameter(rating)] : basicType@35(java.lang.Integer,4) -> SqmBasicValuedSimplePath(com.example.trainup.model.Review(r).rating)
2025-06-13 17:24:43.444 [main] DEBUG org.hibernate.orm.query.sqm.creation - Applying inferable type to SqmExpression [SqmNamedParameter(authorId)] : null -> SqmBasicValuedSimplePath(com.example.trainup.model.Review(r).author(a).id)
2025-06-13 17:24:43.445 [main] DEBUG org.hibernate.orm.query.sqm.creation - Applying inferable type to SqmExpression [SqmNamedParameter(gymId)] : null -> SqmBasicValuedSimplePath(com.example.trainup.model.Review(r).gym(g).id)
2025-06-13 17:24:43.445 [main] DEBUG org.hibernate.orm.query.sqm.creation - Applying inferable type to SqmExpression [SqmNamedParameter(trainerId)] : null -> SqmBasicValuedSimplePath(com.example.trainup.model.Review(r).trainer(t).id)
2025-06-13 17:24:43.445 [main] DEBUG org.hibernate.orm.query.sqm.ast - SqmStatement Tree :
    -> [select]
      -> [query-spec]
        -> [select]
          -> [selection]
          <- [selection]
        <- [select]
        -> [from]
          -> [root] - `com.example.trainup.model.Review(r)`
            -> [joins]
              -> [attribute] - `com.example.trainup.model.Review(r).author(a)`
                  [fetched = false]
              <- [attribute] - `com.example.trainup.model.Review(r).author(a)`
              -> [attribute] - `com.example.trainup.model.Review(r).gym(g)`
                  [fetched = false]
              <- [attribute] - `com.example.trainup.model.Review(r).gym(g)`
              -> [attribute] - `com.example.trainup.model.Review(r).trainer(t)`
                  [fetched = false]
              <- [attribute] - `com.example.trainup.model.Review(r).trainer(t)`
            <- [joins]
          <- [root] - `com.example.trainup.model.Review(r)`
        <- [from]
        -> [where]
          -> [and]
            -> [grouped]
                -> [or]
                  -> [is-null]
                      :id
                  <- [is-null]
                  -> [EQUAL]
                      -> [basic-path] - `com.example.trainup.model.Review(r).id`
                      :id
                  <- [EQUAL]
                <- [or]
            <- [grouped]
            -> [grouped]
                -> [or]
                  -> [EQUAL]
                      :rating
                  <- [EQUAL]
                  -> [EQUAL]
                      -> [basic-path] - `com.example.trainup.model.Review(r).rating`
                      :rating
                  <- [EQUAL]
                <- [or]
            <- [grouped]
            -> [grouped]
                -> [or]
                  -> [is-null]
                      :authorId
                  <- [is-null]
                  -> [EQUAL]
                      -> [basic-path] - `com.example.trainup.model.Review(r).author(a).id`
                      :authorId
                  <- [EQUAL]
                <- [or]
            <- [grouped]
            -> [grouped]
                -> [or]
                  -> [is-null]
                      :gymId
                  <- [is-null]
                  -> [EQUAL]
                      -> [basic-path] - `com.example.trainup.model.Review(r).gym(g).id`
                      :gymId
                  <- [EQUAL]
                <- [or]
            <- [grouped]
            -> [grouped]
                -> [or]
                  -> [is-null]
                      :trainerId
                  <- [is-null]
                  -> [EQUAL]
                      -> [basic-path] - `com.example.trainup.model.Review(r).trainer(t).id`
                      :trainerId
                  <- [EQUAL]
                <- [or]
            <- [grouped]
          <- [and]
        <- [where]
      <- [query-spec]
    <- [select]

2025-06-13 17:24:43.445 [main] DEBUG org.springframework.data.repository.core.support.RepositoryFactorySupport - Finished creation of repository instance for com.example.trainup.repository.ReviewRepository.
2025-06-13 17:24:43.459 [main] DEBUG org.springframework.beans.factory.support.DefaultListableBeanFactory - Creating shared instance of singleton bean 'reviewMapperImpl'
2025-06-13 17:24:43.467 [main] DEBUG org.springframework.beans.factory.support.DefaultListableBeanFactory - Autowiring by type from bean name 'reviewServiceImpl' via constructor to bean named 'reviewRepository'
2025-06-13 17:24:43.468 [main] DEBUG org.springframework.beans.factory.support.DefaultListableBeanFactory - Autowiring by type from bean name 'reviewServiceImpl' via constructor to bean named 'reviewMapperImpl'
2025-06-13 17:24:43.468 [main] DEBUG org.springframework.beans.factory.support.DefaultListableBeanFactory - Autowiring by type from bean name 'reviewServiceImpl' via constructor to bean named 'athleteRepository'
2025-06-13 17:24:43.468 [main] DEBUG org.springframework.beans.factory.support.DefaultListableBeanFactory - Autowiring by type from bean name 'reviewServiceImpl' via constructor to bean named 'gymRepository'
2025-06-13 17:24:43.468 [main] DEBUG org.springframework.beans.factory.support.DefaultListableBeanFactory - Autowiring by type from bean name 'reviewServiceImpl' via constructor to bean named 'trainerRepository'
2025-06-13 17:24:43.468 [main] DEBUG org.springframework.beans.factory.support.DefaultListableBeanFactory - Autowiring by type from bean name 'reviewServiceImpl' via constructor to bean named 'athleteServiceImpl'
2025-06-13 17:24:43.476 [main] DEBUG org.springframework.beans.factory.support.DefaultListableBeanFactory - Autowiring by type from bean name 'reviewController' via constructor to bean named 'reviewServiceImpl'
2025-06-13 17:24:43.484 [main] DEBUG org.springframework.beans.factory.support.DefaultListableBeanFactory - Creating shared instance of singleton bean 'sportController'
2025-06-13 17:24:43.485 [main] DEBUG org.springframework.beans.factory.support.DefaultListableBeanFactory - Creating shared instance of singleton bean 'sportServiceImpl'
2025-06-13 17:24:43.485 [main] DEBUG org.springframework.beans.factory.support.DefaultListableBeanFactory - Creating shared instance of singleton bean 'sportMapperImpl'
2025-06-13 17:24:43.493 [main] DEBUG org.springframework.beans.factory.support.DefaultListableBeanFactory - Autowiring by type from bean name 'sportServiceImpl' via constructor to bean named 'sportRepository'
2025-06-13 17:24:43.493 [main] DEBUG org.springframework.beans.factory.support.DefaultListableBeanFactory - Autowiring by type from bean name 'sportServiceImpl' via constructor to bean named 'sportMapperImpl'
2025-06-13 17:24:43.500 [main] DEBUG org.springframework.beans.factory.support.DefaultListableBeanFactory - Autowiring by type from bean name 'sportController' via constructor to bean named 'sportServiceImpl'
2025-06-13 17:24:43.516 [main] DEBUG org.springframework.beans.factory.support.DefaultListableBeanFactory - Creating shared instance of singleton bean 'trainerController'
2025-06-13 17:24:43.516 [main] DEBUG org.springframework.beans.factory.support.DefaultListableBeanFactory - Autowiring by type from bean name 'trainerController' via constructor to bean named 'trainerServiceImpl'
2025-06-13 17:24:43.524 [main] DEBUG org.springframework.beans.factory.support.DefaultListableBeanFactory - Creating shared instance of singleton bean 'customGlobalExceptionHandler'
2025-06-13 17:24:43.534 [main] DEBUG org.springframework.beans.factory.support.DefaultListableBeanFactory - Creating shared instance of singleton bean 'emailUniqueValidator'
2025-06-13 17:24:43.534 [main] DEBUG org.springframework.beans.factory.support.DefaultListableBeanFactory - Autowiring by type from bean name 'emailUniqueValidator' via constructor to bean named 'userCredentialsRepository'
2025-06-13 17:24:43.541 [main] DEBUG org.springframework.beans.factory.support.DefaultListableBeanFactory - Creating shared instance of singleton bean 'customOpenApi'
2025-06-13 17:24:43.543 [main] DEBUG org.springframework.beans.factory.support.DefaultListableBeanFactory - Creating shared instance of singleton bean '_prePostMethodSecurityConfiguration'
2025-06-13 17:24:43.544 [main] DEBUG org.springframework.beans.factory.support.DefaultListableBeanFactory - Creating shared instance of singleton bean 'methodAuthorizationManagerPostProcessor'
2025-06-13 17:24:43.546 [main] DEBUG org.springframework.beans.factory.support.DefaultListableBeanFactory - Creating shared instance of singleton bean 'observationRegistry'
2025-06-13 17:24:43.546 [main] DEBUG org.springframework.beans.factory.support.DefaultListableBeanFactory - Creating shared instance of singleton bean 'org.springframework.boot.actuate.autoconfigure.observation.ObservationAutoConfiguration'
2025-06-13 17:24:43.550 [main] DEBUG org.springframework.beans.factory.support.DefaultListableBeanFactory - Creating shared instance of singleton bean 'propertiesObservationFilter'
2025-06-13 17:24:43.550 [main] DEBUG org.springframework.beans.factory.support.DefaultListableBeanFactory - Creating shared instance of singleton bean 'management.observations-org.springframework.boot.actuate.autoconfigure.observation.ObservationProperties'
2025-06-13 17:24:43.552 [main] DEBUG org.springframework.beans.factory.support.DefaultListableBeanFactory - Autowiring by type from bean name 'propertiesObservationFilter' via factory method to bean named 'management.observations-org.springframework.boot.actuate.autoconfigure.observation.ObservationProperties'
2025-06-13 17:24:43.555 [main] DEBUG org.springframework.beans.factory.support.DefaultListableBeanFactory - Creating shared instance of singleton bean 'metricsObservationHandlerGrouping'
2025-06-13 17:24:43.555 [main] DEBUG org.springframework.beans.factory.support.DefaultListableBeanFactory - Creating shared instance of singleton bean 'org.springframework.boot.actuate.autoconfigure.observation.ObservationAutoConfiguration$OnlyMetricsConfiguration'
2025-06-13 17:24:43.558 [main] DEBUG org.springframework.beans.factory.support.DefaultListableBeanFactory - Creating shared instance of singleton bean 'defaultMeterObservationHandler'
2025-06-13 17:24:43.558 [main] DEBUG org.springframework.beans.factory.support.DefaultListableBeanFactory - Creating shared instance of singleton bean 'org.springframework.boot.actuate.autoconfigure.observation.ObservationAutoConfiguration$MeterObservationHandlerConfiguration$OnlyMetricsMeterObservationHandlerConfiguration'
2025-06-13 17:24:43.559 [main] DEBUG org.springframework.beans.factory.support.DefaultListableBeanFactory - Creating shared instance of singleton bean 'simpleMeterRegistry'
2025-06-13 17:24:43.559 [main] DEBUG org.springframework.beans.factory.support.DefaultListableBeanFactory - Creating shared instance of singleton bean 'org.springframework.boot.actuate.autoconfigure.metrics.export.simple.SimpleMetricsExportAutoConfiguration'
2025-06-13 17:24:43.561 [main] DEBUG org.springframework.beans.factory.support.DefaultListableBeanFactory - Creating shared instance of singleton bean 'simpleConfig'
2025-06-13 17:24:43.561 [main] DEBUG org.springframework.beans.factory.support.DefaultListableBeanFactory - Creating shared instance of singleton bean 'management.simple.metrics.export-org.springframework.boot.actuate.autoconfigure.metrics.export.simple.SimpleProperties'
2025-06-13 17:24:43.563 [main] DEBUG org.springframework.beans.factory.support.DefaultListableBeanFactory - Autowiring by type from bean name 'simpleConfig' via factory method to bean named 'management.simple.metrics.export-org.springframework.boot.actuate.autoconfigure.metrics.export.simple.SimpleProperties'
2025-06-13 17:24:43.566 [main] DEBUG org.springframework.beans.factory.support.DefaultListableBeanFactory - Creating shared instance of singleton bean 'micrometerClock'
2025-06-13 17:24:43.567 [main] DEBUG org.springframework.beans.factory.support.DefaultListableBeanFactory - Creating shared instance of singleton bean 'org.springframework.boot.actuate.autoconfigure.metrics.MetricsAutoConfiguration'
2025-06-13 17:24:43.569 [main] DEBUG org.springframework.beans.factory.support.DefaultListableBeanFactory - Autowiring by type from bean name 'simpleMeterRegistry' via factory method to bean named 'simpleConfig'
2025-06-13 17:24:43.569 [main] DEBUG org.springframework.beans.factory.support.DefaultListableBeanFactory - Autowiring by type from bean name 'simpleMeterRegistry' via factory method to bean named 'micrometerClock'
2025-06-13 17:24:43.573 [main] DEBUG org.springframework.beans.factory.support.DefaultListableBeanFactory - Creating shared instance of singleton bean 'propertiesMeterFilter'
2025-06-13 17:24:43.573 [main] DEBUG org.springframework.beans.factory.support.DefaultListableBeanFactory - Autowiring by type from bean name 'propertiesMeterFilter' via factory method to bean named 'management.metrics-org.springframework.boot.actuate.autoconfigure.metrics.MetricsProperties'
2025-06-13 17:24:43.575 [main] DEBUG org.springframework.beans.factory.support.DefaultListableBeanFactory - Creating shared instance of singleton bean 'metricsHttpClientUriTagFilter'
2025-06-13 17:24:43.575 [main] DEBUG org.springframework.beans.factory.support.DefaultListableBeanFactory - Creating shared instance of singleton bean 'org.springframework.boot.actuate.autoconfigure.observation.web.client.HttpClientObservationsAutoConfiguration$MeterFilterConfiguration'
2025-06-13 17:24:43.577 [main] DEBUG org.springframework.beans.factory.support.DefaultListableBeanFactory - Autowiring by type from bean name 'metricsHttpClientUriTagFilter' via factory method to bean named 'management.observations-org.springframework.boot.actuate.autoconfigure.observation.ObservationProperties'
2025-06-13 17:24:43.577 [main] DEBUG org.springframework.beans.factory.support.DefaultListableBeanFactory - Autowiring by type from bean name 'metricsHttpClientUriTagFilter' via factory method to bean named 'management.metrics-org.springframework.boot.actuate.autoconfigure.metrics.MetricsProperties'
2025-06-13 17:24:43.578 [main] DEBUG org.springframework.beans.factory.support.DefaultListableBeanFactory - Creating shared instance of singleton bean 'metricsHttpServerUriTagFilter'
2025-06-13 17:24:43.578 [main] DEBUG org.springframework.beans.factory.support.DefaultListableBeanFactory - Creating shared instance of singleton bean 'org.springframework.boot.actuate.autoconfigure.observation.web.servlet.WebMvcObservationAutoConfiguration$MeterFilterConfiguration'
2025-06-13 17:24:43.579 [main] DEBUG org.springframework.beans.factory.support.DefaultListableBeanFactory - Autowiring by type from bean name 'metricsHttpServerUriTagFilter' via factory method to bean named 'management.observations-org.springframework.boot.actuate.autoconfigure.observation.ObservationProperties'
2025-06-13 17:24:43.579 [main] DEBUG org.springframework.beans.factory.support.DefaultListableBeanFactory - Autowiring by type from bean name 'metricsHttpServerUriTagFilter' via factory method to bean named 'management.metrics-org.springframework.boot.actuate.autoconfigure.metrics.MetricsProperties'
2025-06-13 17:24:43.580 [main] DEBUG org.springframework.beans.factory.support.DefaultListableBeanFactory - Autowiring by type from bean name 'defaultMeterObservationHandler' via factory method to bean named 'simpleMeterRegistry'
2025-06-13 17:24:43.580 [main] DEBUG org.springframework.beans.factory.support.DefaultListableBeanFactory - Autowiring by type from bean name 'defaultMeterObservationHandler' via factory method to bean named 'management.observations-org.springframework.boot.actuate.autoconfigure.observation.ObservationProperties'
2025-06-13 17:24:43.585 [main] DEBUG org.springframework.beans.factory.support.DefaultListableBeanFactory - Creating shared instance of singleton bean 'methodResultAuthorizationManagerPostProcessor'
2025-06-13 17:24:43.591 [main] DEBUG org.springframework.beans.factory.support.DefaultListableBeanFactory - Creating shared instance of singleton bean 'methodSecurityExpressionHandler'
2025-06-13 17:24:43.592 [main] DEBUG org.springframework.beans.factory.support.DefaultListableBeanFactory - Creating shared instance of singleton bean 'prePostAuthorizeExpressionHintsRegistrar'
2025-06-13 17:24:43.593 [main] DEBUG org.springframework.beans.factory.support.DefaultListableBeanFactory - Creating shared instance of singleton bean 'org.springframework.security.config.annotation.method.configuration.AuthorizationProxyConfiguration'
2025-06-13 17:24:43.593 [main] DEBUG org.springframework.beans.factory.support.DefaultListableBeanFactory - Creating shared instance of singleton bean 'authorizeReturnObjectHintsRegistrar'
2025-06-13 17:24:43.593 [main] DEBUG org.springframework.beans.factory.support.DefaultListableBeanFactory - Autowiring by type from bean name 'authorizeReturnObjectHintsRegistrar' via factory method to bean named 'authorizationProxyFactory'
2025-06-13 17:24:43.595 [main] DEBUG org.springframework.beans.factory.support.DefaultListableBeanFactory - Creating shared instance of singleton bean 'org.springframework.security.config.annotation.method.configuration.MethodObservationConfiguration'
2025-06-13 17:24:43.596 [main] DEBUG org.springframework.beans.factory.support.DefaultListableBeanFactory - Creating shared instance of singleton bean 'securityFilterChain'
2025-06-13 17:24:43.596 [main] DEBUG org.springframework.beans.factory.support.DefaultListableBeanFactory - Creating shared instance of singleton bean 'org.springframework.security.config.annotation.web.configuration.HttpSecurityConfiguration'
2025-06-13 17:24:43.597 [main] DEBUG org.springframework.beans.factory.support.DefaultListableBeanFactory - Creating shared instance of singleton bean 'mvcContentNegotiationManager'
2025-06-13 17:24:43.598 [main] DEBUG org.springframework.beans.factory.support.DefaultListableBeanFactory - Creating shared instance of singleton bean 'org.springframework.boot.autoconfigure.web.servlet.WebMvcAutoConfiguration$EnableWebMvcConfiguration'
2025-06-13 17:24:43.598 [main] DEBUG org.springframework.beans.factory.support.DefaultListableBeanFactory - Creating shared instance of singleton bean 'spring.mvc-org.springframework.boot.autoconfigure.web.servlet.WebMvcProperties'
2025-06-13 17:24:43.600 [main] DEBUG org.springframework.beans.factory.support.DefaultListableBeanFactory - Creating shared instance of singleton bean 'spring.web-org.springframework.boot.autoconfigure.web.WebProperties'
2025-06-13 17:24:43.603 [main] DEBUG org.springframework.beans.factory.support.DefaultListableBeanFactory - Autowiring by type from bean name 'org.springframework.boot.autoconfigure.web.servlet.WebMvcAutoConfiguration$EnableWebMvcConfiguration' via constructor to bean named 'spring.mvc-org.springframework.boot.autoconfigure.web.servlet.WebMvcProperties'
2025-06-13 17:24:43.603 [main] DEBUG org.springframework.beans.factory.support.DefaultListableBeanFactory - Autowiring by type from bean name 'org.springframework.boot.autoconfigure.web.servlet.WebMvcAutoConfiguration$EnableWebMvcConfiguration' via constructor to bean named 'spring.web-org.springframework.boot.autoconfigure.web.WebProperties'
2025-06-13 17:24:43.604 [main] DEBUG org.springframework.beans.factory.support.DefaultListableBeanFactory - Autowiring by type from bean name 'org.springframework.boot.autoconfigure.web.servlet.WebMvcAutoConfiguration$EnableWebMvcConfiguration' via constructor to bean named 'org.springframework.beans.factory.support.DefaultListableBeanFactory@208e42da'
2025-06-13 17:24:43.605 [main] DEBUG org.springframework.beans.factory.support.DefaultListableBeanFactory - Creating shared instance of singleton bean 'org.springframework.boot.autoconfigure.web.servlet.WebMvcAutoConfiguration$WebMvcAutoConfigurationAdapter'
2025-06-13 17:24:43.606 [main] DEBUG org.springframework.beans.factory.support.DefaultListableBeanFactory - Autowiring by type from bean name 'org.springframework.boot.autoconfigure.web.servlet.WebMvcAutoConfiguration$WebMvcAutoConfigurationAdapter' via constructor to bean named 'spring.web-org.springframework.boot.autoconfigure.web.WebProperties'
2025-06-13 17:24:43.606 [main] DEBUG org.springframework.beans.factory.support.DefaultListableBeanFactory - Autowiring by type from bean name 'org.springframework.boot.autoconfigure.web.servlet.WebMvcAutoConfiguration$WebMvcAutoConfigurationAdapter' via constructor to bean named 'spring.mvc-org.springframework.boot.autoconfigure.web.servlet.WebMvcProperties'
2025-06-13 17:24:43.606 [main] DEBUG org.springframework.beans.factory.support.DefaultListableBeanFactory - Autowiring by type from bean name 'org.springframework.boot.autoconfigure.web.servlet.WebMvcAutoConfiguration$WebMvcAutoConfigurationAdapter' via constructor to bean named 'org.springframework.beans.factory.support.DefaultListableBeanFactory@208e42da'
2025-06-13 17:24:43.607 [main] DEBUG org.springframework.beans.factory.support.DefaultListableBeanFactory - Creating shared instance of singleton bean 'resourceHandlerRegistrationCustomizer'
2025-06-13 17:24:43.607 [main] DEBUG org.springframework.beans.factory.support.DefaultListableBeanFactory - Creating shared instance of singleton bean 'org.springframework.boot.autoconfigure.web.servlet.WebMvcAutoConfiguration$ResourceChainCustomizerConfiguration'
2025-06-13 17:24:43.608 [main] DEBUG org.springframework.beans.factory.support.DefaultListableBeanFactory - Autowiring by type from bean name 'resourceHandlerRegistrationCustomizer' via factory method to bean named 'spring.web-org.springframework.boot.autoconfigure.web.WebProperties'
2025-06-13 17:24:43.612 [main] DEBUG org.springframework.beans.factory.support.DefaultListableBeanFactory - Creating shared instance of singleton bean 'swaggerWebMvcConfigurer'
2025-06-13 17:24:43.613 [main] DEBUG org.springframework.beans.factory.support.DefaultListableBeanFactory - Creating shared instance of singleton bean 'org.springdoc.webmvc.ui.SwaggerConfig'
2025-06-13 17:24:43.615 [main] DEBUG org.springframework.beans.factory.support.DefaultListableBeanFactory - Creating shared instance of singleton bean 'org.springdoc.core.properties.SwaggerUiConfigProperties'
2025-06-13 17:24:43.621 [main] DEBUG org.springframework.beans.factory.support.DefaultListableBeanFactory - Creating shared instance of singleton bean 'indexPageTransformer'
2025-06-13 17:24:43.622 [main] DEBUG org.springframework.beans.factory.support.DefaultListableBeanFactory - Creating shared instance of singleton bean 'org.springdoc.core.properties.SwaggerUiOAuthProperties'
2025-06-13 17:24:43.625 [main] DEBUG org.springframework.beans.factory.support.DefaultListableBeanFactory - Creating shared instance of singleton bean 'swaggerWelcome'
2025-06-13 17:24:43.625 [main] DEBUG org.springframework.beans.factory.support.DefaultListableBeanFactory - Creating shared instance of singleton bean 'org.springdoc.core.properties.SpringDocConfigProperties'
2025-06-13 17:24:43.631 [main] DEBUG org.springframework.beans.factory.support.DefaultListableBeanFactory - Creating shared instance of singleton bean 'springWebProvider'
2025-06-13 17:24:43.631 [main] DEBUG org.springframework.beans.factory.support.DefaultListableBeanFactory - Creating shared instance of singleton bean 'org.springdoc.webmvc.core.configuration.SpringDocWebMvcConfiguration'
2025-06-13 17:24:43.635 [main] DEBUG org.springframework.beans.factory.support.DefaultListableBeanFactory - Autowiring by type from bean name 'swaggerWelcome' via factory method to bean named 'org.springdoc.core.properties.SwaggerUiConfigProperties'
2025-06-13 17:24:43.635 [main] DEBUG org.springframework.beans.factory.support.DefaultListableBeanFactory - Autowiring by type from bean name 'swaggerWelcome' via factory method to bean named 'org.springdoc.core.properties.SpringDocConfigProperties'
2025-06-13 17:24:43.635 [main] DEBUG org.springframework.beans.factory.support.DefaultListableBeanFactory - Autowiring by type from bean name 'swaggerWelcome' via factory method to bean named 'springWebProvider'
2025-06-13 17:24:43.640 [main] DEBUG org.springframework.beans.factory.support.DefaultListableBeanFactory - Creating shared instance of singleton bean 'springdocObjectMapperProvider'
2025-06-13 17:24:43.640 [main] DEBUG org.springframework.beans.factory.support.DefaultListableBeanFactory - Creating shared instance of singleton bean 'org.springdoc.core.configuration.SpringDocConfiguration'
2025-06-13 17:24:43.642 [main] DEBUG org.springframework.beans.factory.support.DefaultListableBeanFactory - Autowiring by type from bean name 'springdocObjectMapperProvider' via factory method to bean named 'org.springdoc.core.properties.SpringDocConfigProperties'
2025-06-13 17:24:43.645 [main] DEBUG org.springframework.beans.factory.support.DefaultListableBeanFactory - Autowiring by type from bean name 'indexPageTransformer' via factory method to bean named 'org.springdoc.core.properties.SwaggerUiConfigProperties'
2025-06-13 17:24:43.645 [main] DEBUG org.springframework.beans.factory.support.DefaultListableBeanFactory - Autowiring by type from bean name 'indexPageTransformer' via factory method to bean named 'org.springdoc.core.properties.SwaggerUiOAuthProperties'
2025-06-13 17:24:43.645 [main] DEBUG org.springframework.beans.factory.support.DefaultListableBeanFactory - Autowiring by type from bean name 'indexPageTransformer' via factory method to bean named 'swaggerWelcome'
2025-06-13 17:24:43.646 [main] DEBUG org.springframework.beans.factory.support.DefaultListableBeanFactory - Autowiring by type from bean name 'indexPageTransformer' via factory method to bean named 'springdocObjectMapperProvider'
2025-06-13 17:24:43.650 [main] DEBUG org.springframework.beans.factory.support.DefaultListableBeanFactory - Creating shared instance of singleton bean 'swaggerResourceResolver'
2025-06-13 17:24:43.650 [main] DEBUG org.springframework.beans.factory.support.DefaultListableBeanFactory - Autowiring by type from bean name 'swaggerResourceResolver' via factory method to bean named 'org.springdoc.core.properties.SwaggerUiConfigProperties'
2025-06-13 17:24:43.654 [main] DEBUG org.springframework.beans.factory.support.DefaultListableBeanFactory - Autowiring by type from bean name 'swaggerWebMvcConfigurer' via factory method to bean named 'org.springdoc.core.properties.SwaggerUiConfigProperties'
2025-06-13 17:24:43.654 [main] DEBUG org.springframework.beans.factory.support.DefaultListableBeanFactory - Autowiring by type from bean name 'swaggerWebMvcConfigurer' via factory method to bean named 'indexPageTransformer'
2025-06-13 17:24:43.654 [main] DEBUG org.springframework.beans.factory.support.DefaultListableBeanFactory - Autowiring by type from bean name 'swaggerWebMvcConfigurer' via factory method to bean named 'swaggerResourceResolver'
2025-06-13 17:24:43.656 [main] DEBUG org.springframework.beans.factory.support.DefaultListableBeanFactory - Creating shared instance of singleton bean 'openEntityManagerInViewInterceptorConfigurer'
2025-06-13 17:24:43.657 [main] DEBUG org.springframework.beans.factory.support.DefaultListableBeanFactory - Creating shared instance of singleton bean 'org.springframework.boot.autoconfigure.orm.jpa.JpaBaseConfiguration$JpaWebConfiguration'
2025-06-13 17:24:43.658 [main] DEBUG org.springframework.beans.factory.support.DefaultListableBeanFactory - Autowiring by type from bean name 'org.springframework.boot.autoconfigure.orm.jpa.JpaBaseConfiguration$JpaWebConfiguration' via constructor to bean named 'spring.jpa-org.springframework.boot.autoconfigure.orm.jpa.JpaProperties'
2025-06-13 17:24:43.661 [main] DEBUG org.springframework.beans.factory.support.DefaultListableBeanFactory - Creating shared instance of singleton bean 'openEntityManagerInViewInterceptor'
2025-06-13 17:24:43.661 [main] WARN  org.springframework.boot.autoconfigure.orm.jpa.JpaBaseConfiguration$JpaWebConfiguration - spring.jpa.open-in-view is enabled by default. Therefore, database queries may be performed during view rendering. Explicitly configure spring.jpa.open-in-view to disable this warning
2025-06-13 17:24:43.663 [main] DEBUG org.springframework.beans.factory.support.DefaultListableBeanFactory - Autowiring by type from bean name 'openEntityManagerInViewInterceptorConfigurer' via factory method to bean named 'openEntityManagerInViewInterceptor'
2025-06-13 17:24:43.665 [main] DEBUG org.springframework.beans.factory.support.DefaultListableBeanFactory - Creating shared instance of singleton bean 'org.springframework.data.web.config.SpringDataWebConfiguration'
2025-06-13 17:24:43.666 [main] DEBUG org.springframework.beans.factory.support.DefaultListableBeanFactory - Autowiring by type from bean name 'org.springframework.data.web.config.SpringDataWebConfiguration' via constructor to bean named 'org.springframework.web.context.support.GenericWebApplicationContext@4d920a01'
2025-06-13 17:24:43.668 [main] DEBUG org.springframework.beans.factory.support.DefaultListableBeanFactory - Creating shared instance of singleton bean 'org.springframework.security.config.annotation.web.configuration.WebMvcSecurityConfiguration'
2025-06-13 17:24:43.669 [main] DEBUG org.springframework.beans.factory.support.DefaultListableBeanFactory - Creating shared instance of singleton bean 'endpointObjectMapperWebMvcConfigurer'
2025-06-13 17:24:43.669 [main] DEBUG org.springframework.beans.factory.support.DefaultListableBeanFactory - Creating shared instance of singleton bean 'endpointObjectMapper'
2025-06-13 17:24:43.670 [main] DEBUG org.springframework.beans.factory.support.DefaultListableBeanFactory - Creating shared instance of singleton bean 'org.springframework.boot.actuate.autoconfigure.endpoint.jackson.JacksonEndpointAutoConfiguration'
2025-06-13 17:24:43.676 [main] DEBUG org.springframework.beans.factory.support.DefaultListableBeanFactory - Autowiring by type from bean name 'endpointObjectMapperWebMvcConfigurer' via factory method to bean named 'endpointObjectMapper'
2025-06-13 17:24:43.693 [main] DEBUG org.springframework.beans.factory.support.DefaultListableBeanFactory - Autowiring by type from bean name 'securityFilterChain' via factory method to bean named 'org.springframework.security.config.annotation.web.configuration.HttpSecurityConfiguration.httpSecurity'
2025-06-13 17:24:43.694 [main] DEBUG org.springframework.beans.factory.support.DefaultListableBeanFactory - Creating shared instance of singleton bean 'corsConfigurationSource'
2025-06-13 17:24:43.698 [main] DEBUG org.springframework.beans.factory.support.DefaultListableBeanFactory - Creating shared instance of singleton bean 'webAuthorizationManagerPostProcessor'
2025-06-13 17:24:43.701 [main] DEBUG org.springframework.beans.factory.support.DefaultListableBeanFactory - Creating shared instance of singleton bean 'mvcHandlerMappingIntrospector'
2025-06-13 17:24:43.702 [main] DEBUG org.springframework.beans.factory.support.DefaultListableBeanFactory - Creating shared instance of singleton bean 'welcomePageHandlerMapping'
2025-06-13 17:24:43.702 [main] DEBUG org.springframework.beans.factory.support.DefaultListableBeanFactory - Creating shared instance of singleton bean 'mvcConversionService'
2025-06-13 17:24:43.709 [main] DEBUG org.springframework.beans.factory.support.DefaultListableBeanFactory - Creating shared instance of singleton bean 'mvcResourceUrlProvider'
2025-06-13 17:24:43.713 [main] DEBUG org.springframework.beans.factory.support.DefaultListableBeanFactory - Autowiring by type from bean name 'welcomePageHandlerMapping' via factory method to bean named 'org.springframework.web.context.support.GenericWebApplicationContext@4d920a01'
2025-06-13 17:24:43.714 [main] DEBUG org.springframework.beans.factory.support.DefaultListableBeanFactory - Autowiring by type from bean name 'welcomePageHandlerMapping' via factory method to bean named 'mvcConversionService'
2025-06-13 17:24:43.714 [main] DEBUG org.springframework.beans.factory.support.DefaultListableBeanFactory - Autowiring by type from bean name 'welcomePageHandlerMapping' via factory method to bean named 'mvcResourceUrlProvider'
2025-06-13 17:24:43.737 [main] DEBUG org.springframework.beans.factory.support.DefaultListableBeanFactory - Creating shared instance of singleton bean 'welcomePageNotAcceptableHandlerMapping'
2025-06-13 17:24:43.738 [main] DEBUG org.springframework.beans.factory.support.DefaultListableBeanFactory - Autowiring by type from bean name 'welcomePageNotAcceptableHandlerMapping' via factory method to bean named 'org.springframework.web.context.support.GenericWebApplicationContext@4d920a01'
2025-06-13 17:24:43.738 [main] DEBUG org.springframework.beans.factory.support.DefaultListableBeanFactory - Autowiring by type from bean name 'welcomePageNotAcceptableHandlerMapping' via factory method to bean named 'mvcConversionService'
2025-06-13 17:24:43.738 [main] DEBUG org.springframework.beans.factory.support.DefaultListableBeanFactory - Autowiring by type from bean name 'welcomePageNotAcceptableHandlerMapping' via factory method to bean named 'mvcResourceUrlProvider'
2025-06-13 17:24:43.757 [main] DEBUG org.springframework.beans.factory.support.DefaultListableBeanFactory - Creating shared instance of singleton bean 'requestMappingHandlerMapping'
2025-06-13 17:24:43.758 [main] DEBUG org.springframework.beans.factory.support.DefaultListableBeanFactory - Autowiring by type from bean name 'requestMappingHandlerMapping' via factory method to bean named 'mvcContentNegotiationManager'
2025-06-13 17:24:43.758 [main] DEBUG org.springframework.beans.factory.support.DefaultListableBeanFactory - Autowiring by type from bean name 'requestMappingHandlerMapping' via factory method to bean named 'mvcConversionService'
2025-06-13 17:24:43.758 [main] DEBUG org.springframework.beans.factory.support.DefaultListableBeanFactory - Autowiring by type from bean name 'requestMappingHandlerMapping' via factory method to bean named 'mvcResourceUrlProvider'
2025-06-13 17:24:43.761 [main] DEBUG _org.springframework.web.servlet.HandlerMapping.Mappings - 
	c.e.t.c.AthleteController:
	{PATCH [/athlete/{id}]}: updateAthleteById(AthleteUpdateRequestDto,Authentication,Long)
	{GET [/athlete/{id}]}: getAthleteById(Long,Authentication)
	{GET [/athlete]}: getAllAthlete(String,String,Gender,LocalDate,Set,Boolean,Boolean,Pageable)
	{DELETE [/athlete/{id}]}: deleteAthleteById(Long,Authentication)
2025-06-13 17:24:43.762 [main] DEBUG _org.springframework.web.servlet.HandlerMapping.Mappings - 
	c.e.t.c.AuthenticationController:
	{POST [/auth/login]}: loginAthlete(UserLoginRequestDto)
	{POST [/auth/register/athlete]}: registerAthlete(AthleteRegistrationRequestDto)
	{POST [/auth/register/trainer]}: registerTrainer(TrainerRegistrationRequestDto)
	{POST [/auth/register/gym_owner]}: registerGymOwner(GymOwnerRegistrationRequestDto)
2025-06-13 17:24:43.764 [main] DEBUG _org.springframework.web.servlet.HandlerMapping.Mappings - 
	c.e.t.c.ChatController:
	{POST [/chat/ask]}: askAi(ChatRequestDto)
	{GET [/chat/history]}: getChatHistory()
	{POST [/chat/clear-history]}: clearChatHistory()
2025-06-13 17:24:43.765 [main] DEBUG _org.springframework.web.servlet.HandlerMapping.Mappings - 
	c.e.t.c.EventController:
	{POST [/event/trainer]}: createEventByTrainer(EventRegistrationRequestDto,Authentication)
	{POST [/event/gym/{gymId}]}: createEventByGymOwner(Long,EventRegistrationRequestDto,Authentication)
	{PATCH [/event/{id}]}: updateEvent(Long,EventUpdateRequestDto,Authentication)
	{DELETE [/event/{id}]}: deleteEvent(Long,Authentication)
	{GET [/event]}: getAllEvents(Long,String,Long,LocalDate,Long,Long,Pageable)
2025-06-13 17:24:43.766 [main] DEBUG _org.springframework.web.servlet.HandlerMapping.Mappings - 
	c.e.t.c.GymController:
	{GET [/gym]}: getAllGyms(String,String,String,String,String,String,Set,Set,Float,Pageable)
	{GET [/gym/{id}]}: getGymById(Long)
	{DELETE [/gym/{id}]}: deleteGymById(Long,Authentication)
	{PATCH [/gym/{id}]}: updateGym(Long,GymUpdateRequestDto,Authentication)
	{POST [/gym]}: createGym(GymRegistrationRequestDto)
	{GET [/gym/my]}: getGymsByGymsOwnerId(Pageable,Authentication)
2025-06-13 17:24:43.767 [main] DEBUG _org.springframework.web.servlet.HandlerMapping.Mappings - 
	c.e.t.c.ReviewController:
	{POST [/review/trainer/{trainerId}]}: createTrainerReview(Long,ReviewRegistrationRequestDto,Authentication)
	{POST [/review/gym/{gymId}]}: createGymReview(Long,ReviewRegistrationRequestDto,Authentication)
	{GET [/review]}: getAllReview(Long,Integer,Long,Long,Long,Pageable)
	{DELETE [/review/{id}]}: deleteReviewById(Long)
2025-06-13 17:24:43.768 [main] DEBUG _org.springframework.web.servlet.HandlerMapping.Mappings - 
	c.e.t.c.SportController:
	{PATCH [/sport/{id}]}: updateSport(Long,SportRequestDto)
	{DELETE [/sport/{id}]}: deleteSport(Long)
	{GET [/sport]}: getAllSports(Long,String,Pageable)
	{POST [/sport]}: createSport(SportRequestDto)
2025-06-13 17:24:43.769 [main] DEBUG _org.springframework.web.servlet.HandlerMapping.Mappings - 
	c.e.t.c.TrainerController:
	{GET [/trainer]}: getAllTrainers(String,String,Gender,Set,Set,String,String,String,String,String,Boolean,Pageable)
	{GET [/trainer/{id}]}: getTrainerById(Long)
	{DELETE [/trainer/{id}]}: deleteTrainerById(Long,Authentication)
	{GET [/trainer/my]}: getCurrentTrainer(Authentication)
	{PATCH [/trainer/{id}]}: updateTrainerById(TrainerUpdateRequestDto,Long,Authentication)
2025-06-13 17:24:43.771 [main] DEBUG _org.springframework.web.servlet.HandlerMapping.Mappings - 
	o.s.b.a.w.s.e.BasicErrorController:
	{ [/error]}: error(HttpServletRequest)
	{ [/error], produces [text/html]}: errorHtml(HttpServletRequest,HttpServletResponse)
2025-06-13 17:24:43.772 [main] DEBUG org.springframework.core.env.PropertySourcesPropertyResolver - Found key 'springdoc.api-docs.path' in PropertySource 'environmentProperties' with value of type String
2025-06-13 17:24:43.772 [main] DEBUG org.springframework.core.env.PropertySourcesPropertyResolver - Found key 'springdoc.api-docs.path' in PropertySource 'environmentProperties' with value of type String
2025-06-13 17:24:43.773 [main] DEBUG org.springframework.core.env.PropertySourcesPropertyResolver - Found key 'springdoc.api-docs.path' in PropertySource 'environmentProperties' with value of type String
2025-06-13 17:24:43.773 [main] DEBUG org.springframework.core.env.PropertySourcesPropertyResolver - Found key 'springdoc.api-docs.path' in PropertySource 'environmentProperties' with value of type String
2025-06-13 17:24:43.773 [main] DEBUG _org.springframework.web.servlet.HandlerMapping.Mappings - 
	o.s.w.a.OpenApiWebMvcResource:
	{GET [/v3/api-docs], produces [application/json]}: openapiJson(HttpServletRequest,String,Locale)
	{GET [/v3/api-docs.yaml], produces [application/vnd.oai.openapi]}: openapiYaml(HttpServletRequest,String,Locale)
2025-06-13 17:24:43.775 [main] DEBUG org.springframework.core.env.PropertySourcesPropertyResolver - Found key 'springdoc.swagger-ui.path' in PropertySource 'environmentProperties' with value of type String
2025-06-13 17:24:43.775 [main] DEBUG org.springframework.core.env.PropertySourcesPropertyResolver - Found key 'springdoc.swagger-ui.path' in PropertySource 'environmentProperties' with value of type String
2025-06-13 17:24:43.775 [main] DEBUG _org.springframework.web.servlet.HandlerMapping.Mappings - 
	o.s.w.u.SwaggerWelcomeWebMvc:
	{GET [/swagger-ui.html]}: redirectToUi(HttpServletRequest)
2025-06-13 17:24:43.776 [main] DEBUG org.springframework.core.env.PropertySourcesPropertyResolver - Found key 'springdoc.api-docs.path' in PropertySource 'environmentProperties' with value of type String
2025-06-13 17:24:43.776 [main] DEBUG _org.springframework.web.servlet.HandlerMapping.Mappings - 
	o.s.w.u.SwaggerConfigResource:
	{GET [/v3/api-docs/swagger-config], produces [application/json]}: openapiJson(HttpServletRequest)
2025-06-13 17:24:43.778 [main] DEBUG org.springframework.web.servlet.mvc.method.annotation.RequestMappingHandlerMapping - 41 mappings in 'requestMappingHandlerMapping'
2025-06-13 17:24:43.785 [main] DEBUG org.springframework.beans.factory.support.DefaultListableBeanFactory - Creating shared instance of singleton bean 'viewControllerHandlerMapping'
2025-06-13 17:24:43.786 [main] DEBUG org.springframework.beans.factory.support.DefaultListableBeanFactory - Autowiring by type from bean name 'viewControllerHandlerMapping' via factory method to bean named 'mvcConversionService'
2025-06-13 17:24:43.786 [main] DEBUG org.springframework.beans.factory.support.DefaultListableBeanFactory - Autowiring by type from bean name 'viewControllerHandlerMapping' via factory method to bean named 'mvcResourceUrlProvider'
2025-06-13 17:24:43.788 [main] DEBUG org.springframework.beans.factory.support.DefaultListableBeanFactory - Creating shared instance of singleton bean 'beanNameHandlerMapping'
2025-06-13 17:24:43.788 [main] DEBUG org.springframework.beans.factory.support.DefaultListableBeanFactory - Autowiring by type from bean name 'beanNameHandlerMapping' via factory method to bean named 'mvcConversionService'
2025-06-13 17:24:43.789 [main] DEBUG org.springframework.beans.factory.support.DefaultListableBeanFactory - Autowiring by type from bean name 'beanNameHandlerMapping' via factory method to bean named 'mvcResourceUrlProvider'
2025-06-13 17:24:43.791 [main] DEBUG _org.springframework.web.servlet.HandlerMapping.Mappings - 'beanNameHandlerMapping' {}
2025-06-13 17:24:43.795 [main] DEBUG org.springframework.beans.factory.support.DefaultListableBeanFactory - Creating shared instance of singleton bean 'routerFunctionMapping'
2025-06-13 17:24:43.796 [main] DEBUG org.springframework.beans.factory.support.DefaultListableBeanFactory - Autowiring by type from bean name 'routerFunctionMapping' via factory method to bean named 'mvcConversionService'
2025-06-13 17:24:43.796 [main] DEBUG org.springframework.beans.factory.support.DefaultListableBeanFactory - Autowiring by type from bean name 'routerFunctionMapping' via factory method to bean named 'mvcResourceUrlProvider'
2025-06-13 17:24:43.797 [main] DEBUG org.springframework.beans.factory.support.DefaultListableBeanFactory - Creating shared instance of singleton bean 'messageConverters'
2025-06-13 17:24:43.797 [main] DEBUG org.springframework.beans.factory.support.DefaultListableBeanFactory - Creating shared instance of singleton bean 'org.springframework.boot.autoconfigure.http.HttpMessageConvertersAutoConfiguration'
2025-06-13 17:24:43.800 [main] DEBUG org.springframework.beans.factory.support.DefaultListableBeanFactory - Creating shared instance of singleton bean 'stringHttpMessageConverter'
2025-06-13 17:24:43.800 [main] DEBUG org.springframework.beans.factory.support.DefaultListableBeanFactory - Creating shared instance of singleton bean 'org.springframework.boot.autoconfigure.http.HttpMessageConvertersAutoConfiguration$StringHttpMessageConverterConfiguration'
2025-06-13 17:24:43.801 [main] DEBUG org.springframework.beans.factory.support.DefaultListableBeanFactory - Autowiring by type from bean name 'stringHttpMessageConverter' via factory method to bean named 'environment'
2025-06-13 17:24:43.806 [main] DEBUG org.springframework.beans.factory.support.DefaultListableBeanFactory - Creating shared instance of singleton bean 'mappingJackson2HttpMessageConverter'
2025-06-13 17:24:43.806 [main] DEBUG org.springframework.beans.factory.support.DefaultListableBeanFactory - Creating shared instance of singleton bean 'org.springframework.boot.autoconfigure.http.JacksonHttpMessageConvertersConfiguration$MappingJackson2HttpMessageConverterConfiguration'
2025-06-13 17:24:43.809 [main] DEBUG org.springframework.beans.factory.support.DefaultListableBeanFactory - Creating shared instance of singleton bean 'jacksonObjectMapper'
2025-06-13 17:24:43.809 [main] DEBUG org.springframework.beans.factory.support.DefaultListableBeanFactory - Creating shared instance of singleton bean 'org.springframework.boot.autoconfigure.jackson.JacksonAutoConfiguration$JacksonObjectMapperConfiguration'
2025-06-13 17:24:43.811 [main] DEBUG org.springframework.beans.factory.support.DefaultListableBeanFactory - Creating shared instance of singleton bean 'org.springframework.boot.autoconfigure.jackson.JacksonAutoConfiguration$JacksonObjectMapperBuilderConfiguration'
2025-06-13 17:24:43.814 [main] DEBUG org.springframework.beans.factory.support.DefaultListableBeanFactory - Creating shared instance of singleton bean 'standardJacksonObjectMapperBuilderCustomizer'
2025-06-13 17:24:43.814 [main] DEBUG org.springframework.beans.factory.support.DefaultListableBeanFactory - Creating shared instance of singleton bean 'org.springframework.boot.autoconfigure.jackson.JacksonAutoConfiguration$Jackson2ObjectMapperBuilderCustomizerConfiguration'
2025-06-13 17:24:43.816 [main] DEBUG org.springframework.beans.factory.support.DefaultListableBeanFactory - Creating shared instance of singleton bean 'spring.jackson-org.springframework.boot.autoconfigure.jackson.JacksonProperties'
2025-06-13 17:24:43.820 [main] DEBUG org.springframework.beans.factory.support.DefaultListableBeanFactory - Autowiring by type from bean name 'standardJacksonObjectMapperBuilderCustomizer' via factory method to bean named 'spring.jackson-org.springframework.boot.autoconfigure.jackson.JacksonProperties'
2025-06-13 17:24:43.821 [main] DEBUG org.springframework.beans.factory.support.DefaultListableBeanFactory - Creating shared instance of singleton bean 'parameterNamesModule'
2025-06-13 17:24:43.822 [main] DEBUG org.springframework.beans.factory.support.DefaultListableBeanFactory - Creating shared instance of singleton bean 'org.springframework.boot.autoconfigure.jackson.JacksonAutoConfiguration$ParameterNamesModuleConfiguration'
2025-06-13 17:24:43.830 [main] DEBUG org.springframework.beans.factory.support.DefaultListableBeanFactory - Creating shared instance of singleton bean 'jsonMixinModule'
2025-06-13 17:24:43.830 [main] DEBUG org.springframework.beans.factory.support.DefaultListableBeanFactory - Creating shared instance of singleton bean 'org.springframework.boot.autoconfigure.jackson.JacksonAutoConfiguration$JacksonMixinConfiguration'
2025-06-13 17:24:43.832 [main] DEBUG org.springframework.beans.factory.support.DefaultListableBeanFactory - Creating shared instance of singleton bean 'jsonMixinModuleEntries'
2025-06-13 17:24:43.833 [main] DEBUG org.springframework.beans.factory.support.DefaultListableBeanFactory - Autowiring by type from bean name 'jsonMixinModuleEntries' via factory method to bean named 'org.springframework.web.context.support.GenericWebApplicationContext@4d920a01'
2025-06-13 17:24:43.975 [main] DEBUG org.springframework.beans.factory.support.DefaultListableBeanFactory - Autowiring by type from bean name 'jsonMixinModule' via factory method to bean named 'org.springframework.web.context.support.GenericWebApplicationContext@4d920a01'
2025-06-13 17:24:43.975 [main] DEBUG org.springframework.beans.factory.support.DefaultListableBeanFactory - Autowiring by type from bean name 'jsonMixinModule' via factory method to bean named 'jsonMixinModuleEntries'
2025-06-13 17:24:43.978 [main] DEBUG org.springframework.beans.factory.support.DefaultListableBeanFactory - Creating shared instance of singleton bean 'jsonComponentModule'
2025-06-13 17:24:43.978 [main] DEBUG org.springframework.beans.factory.support.DefaultListableBeanFactory - Creating shared instance of singleton bean 'org.springframework.boot.autoconfigure.jackson.JacksonAutoConfiguration'
2025-06-13 17:24:43.985 [main] DEBUG org.springframework.beans.factory.support.DefaultListableBeanFactory - Creating shared instance of singleton bean 'jacksonGeoModule'
2025-06-13 17:24:43.985 [main] DEBUG org.springframework.beans.factory.support.DefaultListableBeanFactory - Creating shared instance of singleton bean 'org.springframework.data.web.config.SpringDataJacksonConfiguration'
2025-06-13 17:24:43.987 [main] DEBUG org.springframework.beans.factory.support.DefaultListableBeanFactory - Creating shared instance of singleton bean 'springDataWebSettings'
2025-06-13 17:24:43.987 [main] DEBUG org.springframework.beans.factory.support.DefaultListableBeanFactory - Creating shared instance of singleton bean 'org.springframework.boot.autoconfigure.data.web.SpringDataWebAutoConfiguration'
2025-06-13 17:24:43.988 [main] DEBUG org.springframework.beans.factory.support.DefaultListableBeanFactory - Creating shared instance of singleton bean 'spring.data.web-org.springframework.boot.autoconfigure.data.web.SpringDataWebProperties'
2025-06-13 17:24:43.990 [main] DEBUG org.springframework.beans.factory.support.DefaultListableBeanFactory - Autowiring by type from bean name 'org.springframework.boot.autoconfigure.data.web.SpringDataWebAutoConfiguration' via constructor to bean named 'spring.data.web-org.springframework.boot.autoconfigure.data.web.SpringDataWebProperties'
2025-06-13 17:24:43.995 [main] DEBUG org.springframework.beans.factory.support.DefaultListableBeanFactory - Creating shared instance of singleton bean 'pageModule'
2025-06-13 17:24:43.999 [main] DEBUG org.springframework.beans.factory.support.DefaultListableBeanFactory - Autowiring by type from bean name 'jacksonObjectMapperBuilder' via factory method to bean named 'org.springframework.web.context.support.GenericWebApplicationContext@4d920a01'
2025-06-13 17:24:43.999 [main] DEBUG org.springframework.beans.factory.support.DefaultListableBeanFactory - Autowiring by type from bean name 'jacksonObjectMapperBuilder' via factory method to bean named 'standardJacksonObjectMapperBuilderCustomizer'
2025-06-13 17:24:44.001 [main] DEBUG org.springframework.beans.factory.support.DefaultListableBeanFactory - Autowiring by type from bean name 'jacksonObjectMapper' via factory method to bean named 'jacksonObjectMapperBuilder'
2025-06-13 17:24:44.014 [main] DEBUG org.springframework.beans.factory.support.DefaultListableBeanFactory - Autowiring by type from bean name 'mappingJackson2HttpMessageConverter' via factory method to bean named 'jacksonObjectMapper'
2025-06-13 17:24:44.032 [main] DEBUG org.springframework.beans.factory.support.DefaultListableBeanFactory - Creating shared instance of singleton bean 'resourceHandlerMapping'
2025-06-13 17:24:44.032 [main] DEBUG org.springframework.beans.factory.support.DefaultListableBeanFactory - Autowiring by type from bean name 'resourceHandlerMapping' via factory method to bean named 'mvcContentNegotiationManager'
2025-06-13 17:24:44.033 [main] DEBUG org.springframework.beans.factory.support.DefaultListableBeanFactory - Autowiring by type from bean name 'resourceHandlerMapping' via factory method to bean named 'mvcConversionService'
2025-06-13 17:24:44.033 [main] DEBUG org.springframework.beans.factory.support.DefaultListableBeanFactory - Autowiring by type from bean name 'resourceHandlerMapping' via factory method to bean named 'mvcResourceUrlProvider'
2025-06-13 17:24:44.040 [main] DEBUG _org.springframework.web.servlet.HandlerMapping.Mappings - 'resourceHandlerMapping' {/webjars/**=ResourceHttpRequestHandler [classpath [META-INF/resources/webjars/]], /**=ResourceHttpRequestHandler [classpath [META-INF/resources/], classpath [resources/], classpath [static/], classpath [public/], ServletContext [/]], /swagger-ui*/*swagger-initializer.js=ResourceHttpRequestHandler [classpath [META-INF/resources/webjars/]], /swagger-ui*/**=ResourceHttpRequestHandler [classpath [META-INF/resources/webjars/]]}
2025-06-13 17:24:44.044 [main] DEBUG org.springframework.beans.factory.support.DefaultListableBeanFactory - Creating shared instance of singleton bean 'defaultServletHandlerMapping'
2025-06-13 17:24:44.044 [main] DEBUG org.springframework.beans.factory.support.DefaultListableBeanFactory - Creating shared instance of singleton bean 'healthEndpointWebMvcHandlerMapping'
2025-06-13 17:24:44.044 [main] DEBUG org.springframework.beans.factory.support.DefaultListableBeanFactory - Creating shared instance of singleton bean 'org.springframework.boot.actuate.autoconfigure.health.HealthEndpointWebExtensionConfiguration$MvcAdditionalHealthEndpointPathsConfiguration'
2025-06-13 17:24:44.046 [main] DEBUG org.springframework.beans.factory.support.DefaultListableBeanFactory - Creating shared instance of singleton bean 'webEndpointDiscoverer'
2025-06-13 17:24:44.047 [main] DEBUG org.springframework.beans.factory.support.DefaultListableBeanFactory - Creating shared instance of singleton bean 'org.springframework.boot.actuate.autoconfigure.endpoint.web.WebEndpointAutoConfiguration'
2025-06-13 17:24:44.048 [main] DEBUG org.springframework.beans.factory.support.DefaultListableBeanFactory - Creating shared instance of singleton bean 'management.endpoints.web-org.springframework.boot.actuate.autoconfigure.endpoint.web.WebEndpointProperties'
2025-06-13 17:24:44.051 [main] DEBUG org.springframework.beans.factory.support.DefaultListableBeanFactory - Autowiring by type from bean name 'org.springframework.boot.actuate.autoconfigure.endpoint.web.WebEndpointAutoConfiguration' via constructor to bean named 'org.springframework.web.context.support.GenericWebApplicationContext@4d920a01'
2025-06-13 17:24:44.051 [main] DEBUG org.springframework.beans.factory.support.DefaultListableBeanFactory - Autowiring by type from bean name 'org.springframework.boot.actuate.autoconfigure.endpoint.web.WebEndpointAutoConfiguration' via constructor to bean named 'management.endpoints.web-org.springframework.boot.actuate.autoconfigure.endpoint.web.WebEndpointProperties'
2025-06-13 17:24:44.054 [main] DEBUG org.springframework.beans.factory.support.DefaultListableBeanFactory - Creating shared instance of singleton bean 'endpointOperationParameterMapper'
2025-06-13 17:24:44.055 [main] DEBUG org.springframework.beans.factory.support.DefaultListableBeanFactory - Creating shared instance of singleton bean 'org.springframework.boot.actuate.autoconfigure.endpoint.EndpointAutoConfiguration'
2025-06-13 17:24:44.059 [main] DEBUG org.springframework.beans.factory.support.DefaultListableBeanFactory - Creating shared instance of singleton bean 'endpointMediaTypes'
2025-06-13 17:24:44.060 [main] DEBUG org.springframework.beans.factory.support.DefaultListableBeanFactory - Autowiring by type from bean name 'webEndpointDiscoverer' via factory method to bean named 'endpointOperationParameterMapper'
2025-06-13 17:24:44.061 [main] DEBUG org.springframework.beans.factory.support.DefaultListableBeanFactory - Autowiring by type from bean name 'webEndpointDiscoverer' via factory method to bean named 'endpointMediaTypes'
2025-06-13 17:24:44.061 [main] DEBUG org.springframework.beans.factory.support.DefaultListableBeanFactory - Creating shared instance of singleton bean 'webEndpointPathMapper'
2025-06-13 17:24:44.064 [main] DEBUG org.springframework.beans.factory.support.DefaultListableBeanFactory - Creating shared instance of singleton bean 'healthEndpointGroups'
2025-06-13 17:24:44.064 [main] DEBUG org.springframework.beans.factory.support.DefaultListableBeanFactory - Creating shared instance of singleton bean 'org.springframework.boot.actuate.autoconfigure.health.HealthEndpointConfiguration'
2025-06-13 17:24:44.066 [main] DEBUG org.springframework.beans.factory.support.DefaultListableBeanFactory - Creating shared instance of singleton bean 'management.endpoint.health-org.springframework.boot.actuate.autoconfigure.health.HealthEndpointProperties'
2025-06-13 17:24:44.101 [main] DEBUG org.springframework.beans.factory.support.DefaultListableBeanFactory - Autowiring by type from bean name 'healthEndpointGroups' via factory method to bean named 'org.springframework.web.context.support.GenericWebApplicationContext@4d920a01'
2025-06-13 17:24:44.101 [main] DEBUG org.springframework.beans.factory.support.DefaultListableBeanFactory - Autowiring by type from bean name 'healthEndpointGroups' via factory method to bean named 'management.endpoint.health-org.springframework.boot.actuate.autoconfigure.health.HealthEndpointProperties'
2025-06-13 17:24:44.102 [main] DEBUG org.springframework.beans.factory.support.DefaultListableBeanFactory - Creating shared instance of singleton bean 'healthStatusAggregator'
2025-06-13 17:24:44.102 [main] DEBUG org.springframework.beans.factory.support.DefaultListableBeanFactory - Autowiring by type from bean name 'healthStatusAggregator' via factory method to bean named 'management.endpoint.health-org.springframework.boot.actuate.autoconfigure.health.HealthEndpointProperties'
2025-06-13 17:24:44.107 [main] DEBUG org.springframework.beans.factory.support.DefaultListableBeanFactory - Creating shared instance of singleton bean 'healthHttpCodeStatusMapper'
2025-06-13 17:24:44.107 [main] DEBUG org.springframework.beans.factory.support.DefaultListableBeanFactory - Autowiring by type from bean name 'healthHttpCodeStatusMapper' via factory method to bean named 'management.endpoint.health-org.springframework.boot.actuate.autoconfigure.health.HealthEndpointProperties'
2025-06-13 17:24:44.113 [main] DEBUG org.springframework.beans.factory.support.DefaultListableBeanFactory - Creating shared instance of singleton bean 'endpointCachingOperationInvokerAdvisor'
2025-06-13 17:24:44.114 [main] DEBUG org.springframework.beans.factory.support.DefaultListableBeanFactory - Autowiring by type from bean name 'endpointCachingOperationInvokerAdvisor' via factory method to bean named 'environment'
2025-06-13 17:24:44.117 [main] DEBUG org.springframework.beans.factory.support.DefaultListableBeanFactory - Creating shared instance of singleton bean 'webExposeExcludePropertyEndpointFilter'
2025-06-13 17:24:44.120 [main] DEBUG org.springframework.beans.factory.support.DefaultListableBeanFactory - Creating shared instance of singleton bean 'webAccessPropertiesOperationFilter'
2025-06-13 17:24:44.121 [main] DEBUG org.springframework.beans.factory.support.DefaultListableBeanFactory - Creating shared instance of singleton bean 'propertiesEndpointAccessResolver'
2025-06-13 17:24:44.121 [main] DEBUG org.springframework.beans.factory.support.DefaultListableBeanFactory - Autowiring by type from bean name 'propertiesEndpointAccessResolver' via factory method to bean named 'environment'
2025-06-13 17:24:44.124 [main] DEBUG org.springframework.beans.factory.support.DefaultListableBeanFactory - Autowiring by type from bean name 'webAccessPropertiesOperationFilter' via factory method to bean named 'propertiesEndpointAccessResolver'
2025-06-13 17:24:44.136 [main] DEBUG org.springframework.beans.factory.support.DefaultListableBeanFactory - Autowiring by type from bean name 'healthEndpointWebMvcHandlerMapping' via factory method to bean named 'webEndpointDiscoverer'
2025-06-13 17:24:44.136 [main] DEBUG org.springframework.beans.factory.support.DefaultListableBeanFactory - Autowiring by type from bean name 'healthEndpointWebMvcHandlerMapping' via factory method to bean named 'healthEndpointGroups'
2025-06-13 17:24:44.140 [main] DEBUG org.springframework.beans.factory.support.DefaultListableBeanFactory - Creating shared instance of singleton bean 'healthEndpoint'
2025-06-13 17:24:44.140 [main] DEBUG org.springframework.beans.factory.support.DefaultListableBeanFactory - Creating shared instance of singleton bean 'healthContributorRegistry'
2025-06-13 17:24:44.141 [main] DEBUG org.springframework.beans.factory.support.DefaultListableBeanFactory - Creating shared instance of singleton bean 'sslHealthIndicator'
2025-06-13 17:24:44.141 [main] DEBUG org.springframework.beans.factory.support.DefaultListableBeanFactory - Creating shared instance of singleton bean 'org.springframework.boot.actuate.autoconfigure.ssl.SslHealthContributorAutoConfiguration'
2025-06-13 17:24:44.143 [main] DEBUG org.springframework.beans.factory.support.DefaultListableBeanFactory - Creating shared instance of singleton bean 'sslInfo'
2025-06-13 17:24:44.144 [main] DEBUG org.springframework.beans.factory.support.DefaultListableBeanFactory - Creating shared instance of singleton bean 'sslBundleRegistry'
2025-06-13 17:24:44.144 [main] DEBUG org.springframework.beans.factory.support.DefaultListableBeanFactory - Creating shared instance of singleton bean 'org.springframework.boot.autoconfigure.ssl.SslAutoConfiguration'
2025-06-13 17:24:44.145 [main] DEBUG org.springframework.beans.factory.support.DefaultListableBeanFactory - Creating shared instance of singleton bean 'spring.ssl-org.springframework.boot.autoconfigure.ssl.SslProperties'
2025-06-13 17:24:44.148 [main] DEBUG org.springframework.beans.factory.support.DefaultListableBeanFactory - Autowiring by type from bean name 'org.springframework.boot.autoconfigure.ssl.SslAutoConfiguration' via constructor to bean named 'org.springframework.web.context.support.GenericWebApplicationContext@4d920a01'
2025-06-13 17:24:44.148 [main] DEBUG org.springframework.beans.factory.support.DefaultListableBeanFactory - Autowiring by type from bean name 'org.springframework.boot.autoconfigure.ssl.SslAutoConfiguration' via constructor to bean named 'spring.ssl-org.springframework.boot.autoconfigure.ssl.SslProperties'
2025-06-13 17:24:44.150 [main] DEBUG org.springframework.beans.factory.support.DefaultListableBeanFactory - Creating shared instance of singleton bean 'sslPropertiesSslBundleRegistrar'
2025-06-13 17:24:44.150 [main] DEBUG org.springframework.beans.factory.support.DefaultListableBeanFactory - Creating shared instance of singleton bean 'fileWatcher'
2025-06-13 17:24:44.152 [main] DEBUG org.springframework.beans.factory.support.DefaultListableBeanFactory - Autowiring by type from bean name 'sslPropertiesSslBundleRegistrar' via factory method to bean named 'fileWatcher'
2025-06-13 17:24:44.156 [main] DEBUG org.springframework.beans.factory.support.DefaultListableBeanFactory - Creating shared instance of singleton bean 'management.health.ssl-org.springframework.boot.actuate.autoconfigure.ssl.SslHealthIndicatorProperties'
2025-06-13 17:24:44.159 [main] DEBUG org.springframework.beans.factory.support.DefaultListableBeanFactory - Autowiring by type from bean name 'sslInfo' via factory method to bean named 'sslBundleRegistry'
2025-06-13 17:24:44.159 [main] DEBUG org.springframework.beans.factory.support.DefaultListableBeanFactory - Autowiring by type from bean name 'sslInfo' via factory method to bean named 'management.health.ssl-org.springframework.boot.actuate.autoconfigure.ssl.SslHealthIndicatorProperties'
2025-06-13 17:24:44.160 [main] DEBUG org.springframework.beans.factory.support.DefaultListableBeanFactory - Autowiring by type from bean name 'sslHealthIndicator' via factory method to bean named 'sslInfo'
2025-06-13 17:24:44.165 [main] DEBUG org.springframework.beans.factory.support.DefaultListableBeanFactory - Creating shared instance of singleton bean 'diskSpaceHealthIndicator'
2025-06-13 17:24:44.165 [main] DEBUG org.springframework.beans.factory.support.DefaultListableBeanFactory - Creating shared instance of singleton bean 'org.springframework.boot.actuate.autoconfigure.system.DiskSpaceHealthContributorAutoConfiguration'
2025-06-13 17:24:44.167 [main] DEBUG org.springframework.beans.factory.support.DefaultListableBeanFactory - Creating shared instance of singleton bean 'management.health.diskspace-org.springframework.boot.actuate.autoconfigure.system.DiskSpaceHealthIndicatorProperties'
2025-06-13 17:24:44.169 [main] DEBUG org.springframework.beans.factory.support.DefaultListableBeanFactory - Autowiring by type from bean name 'diskSpaceHealthIndicator' via factory method to bean named 'management.health.diskspace-org.springframework.boot.actuate.autoconfigure.system.DiskSpaceHealthIndicatorProperties'
2025-06-13 17:24:44.171 [main] DEBUG org.springframework.beans.factory.support.DefaultListableBeanFactory - Creating shared instance of singleton bean 'pingHealthContributor'
2025-06-13 17:24:44.172 [main] DEBUG org.springframework.beans.factory.support.DefaultListableBeanFactory - Creating shared instance of singleton bean 'org.springframework.boot.actuate.autoconfigure.health.HealthContributorAutoConfiguration'
2025-06-13 17:24:44.176 [main] DEBUG org.springframework.beans.factory.support.DefaultListableBeanFactory - Creating shared instance of singleton bean 'dbHealthContributor'
2025-06-13 17:24:44.176 [main] DEBUG org.springframework.beans.factory.support.DefaultListableBeanFactory - Creating shared instance of singleton bean 'org.springframework.boot.actuate.autoconfigure.jdbc.DataSourceHealthContributorAutoConfiguration'
2025-06-13 17:24:44.180 [main] DEBUG org.springframework.beans.factory.support.DefaultListableBeanFactory - Creating shared instance of singleton bean 'management.health.db-org.springframework.boot.actuate.autoconfigure.jdbc.DataSourceHealthIndicatorProperties'
2025-06-13 17:24:44.182 [main] DEBUG org.springframework.beans.factory.support.DefaultListableBeanFactory - Autowiring by type from bean name 'dbHealthContributor' via factory method to bean named 'org.springframework.beans.factory.support.DefaultListableBeanFactory@208e42da'
2025-06-13 17:24:44.182 [main] DEBUG org.springframework.beans.factory.support.DefaultListableBeanFactory - Autowiring by type from bean name 'dbHealthContributor' via factory method to bean named 'management.health.db-org.springframework.boot.actuate.autoconfigure.jdbc.DataSourceHealthIndicatorProperties'
2025-06-13 17:24:44.186 [main] DEBUG org.springframework.beans.factory.support.DefaultListableBeanFactory - Autowiring by type from bean name 'healthContributorRegistry' via factory method to bean named 'org.springframework.web.context.support.GenericWebApplicationContext@4d920a01'
2025-06-13 17:24:44.186 [main] DEBUG org.springframework.beans.factory.support.DefaultListableBeanFactory - Autowiring by type from bean name 'healthContributorRegistry' via factory method to bean named 'healthEndpointGroups'
2025-06-13 17:24:44.187 [main] DEBUG org.springframework.beans.factory.support.DefaultListableBeanFactory - Autowiring by type from bean name 'healthContributorRegistry' via factory method to bean named 'sslHealthIndicator'
2025-06-13 17:24:44.187 [main] DEBUG org.springframework.beans.factory.support.DefaultListableBeanFactory - Autowiring by type from bean name 'healthContributorRegistry' via factory method to bean named 'diskSpaceHealthIndicator'
2025-06-13 17:24:44.187 [main] DEBUG org.springframework.beans.factory.support.DefaultListableBeanFactory - Autowiring by type from bean name 'healthContributorRegistry' via factory method to bean named 'pingHealthContributor'
2025-06-13 17:24:44.187 [main] DEBUG org.springframework.beans.factory.support.DefaultListableBeanFactory - Autowiring by type from bean name 'healthContributorRegistry' via factory method to bean named 'dbHealthContributor'
2025-06-13 17:24:44.193 [main] DEBUG org.springframework.beans.factory.support.DefaultListableBeanFactory - Autowiring by type from bean name 'healthEndpoint' via factory method to bean named 'healthContributorRegistry'
2025-06-13 17:24:44.193 [main] DEBUG org.springframework.beans.factory.support.DefaultListableBeanFactory - Autowiring by type from bean name 'healthEndpoint' via factory method to bean named 'healthEndpointGroups'
2025-06-13 17:24:44.194 [main] DEBUG org.springframework.beans.factory.support.DefaultListableBeanFactory - Autowiring by type from bean name 'healthEndpoint' via factory method to bean named 'management.endpoint.health-org.springframework.boot.actuate.autoconfigure.health.HealthEndpointProperties'
2025-06-13 17:24:44.199 [main] DEBUG org.springframework.beans.factory.support.DefaultListableBeanFactory - Creating shared instance of singleton bean 'healthEndpointWebExtension'
2025-06-13 17:24:44.199 [main] DEBUG org.springframework.beans.factory.support.DefaultListableBeanFactory - Creating shared instance of singleton bean 'org.springframework.boot.actuate.autoconfigure.health.HealthEndpointWebExtensionConfiguration'
2025-06-13 17:24:44.202 [main] DEBUG org.springframework.beans.factory.support.DefaultListableBeanFactory - Autowiring by type from bean name 'healthEndpointWebExtension' via factory method to bean named 'healthContributorRegistry'
2025-06-13 17:24:44.202 [main] DEBUG org.springframework.beans.factory.support.DefaultListableBeanFactory - Autowiring by type from bean name 'healthEndpointWebExtension' via factory method to bean named 'healthEndpointGroups'
2025-06-13 17:24:44.202 [main] DEBUG org.springframework.beans.factory.support.DefaultListableBeanFactory - Autowiring by type from bean name 'healthEndpointWebExtension' via factory method to bean named 'management.endpoint.health-org.springframework.boot.actuate.autoconfigure.health.HealthEndpointProperties'
2025-06-13 17:24:44.221 [main] DEBUG org.springframework.beans.factory.support.DefaultListableBeanFactory - Creating shared instance of singleton bean 'webEndpointServletHandlerMapping'
2025-06-13 17:24:44.221 [main] DEBUG org.springframework.beans.factory.support.DefaultListableBeanFactory - Creating shared instance of singleton bean 'org.springframework.boot.actuate.autoconfigure.endpoint.web.servlet.WebMvcEndpointManagementContextConfiguration'
2025-06-13 17:24:44.224 [main] DEBUG org.springframework.beans.factory.support.DefaultListableBeanFactory - Creating shared instance of singleton bean 'servletEndpointDiscoverer'
2025-06-13 17:24:44.225 [main] DEBUG org.springframework.beans.factory.support.DefaultListableBeanFactory - Creating shared instance of singleton bean 'org.springframework.boot.actuate.autoconfigure.endpoint.web.WebEndpointAutoConfiguration$WebEndpointServletConfiguration'
2025-06-13 17:24:44.227 [main] DEBUG org.springframework.beans.factory.support.DefaultListableBeanFactory - Autowiring by type from bean name 'servletEndpointDiscoverer' via factory method to bean named 'org.springframework.web.context.support.GenericWebApplicationContext@4d920a01'
2025-06-13 17:24:44.228 [main] DEBUG org.springframework.beans.factory.support.DefaultListableBeanFactory - Creating shared instance of singleton bean 'servletExposeExcludePropertyEndpointFilter'
2025-06-13 17:24:44.228 [main] DEBUG org.springframework.beans.factory.support.DefaultListableBeanFactory - Creating shared instance of singleton bean 'org.springframework.boot.actuate.autoconfigure.endpoint.web.ServletEndpointManagementContextConfiguration'
2025-06-13 17:24:44.230 [main] DEBUG org.springframework.beans.factory.support.DefaultListableBeanFactory - Autowiring by type from bean name 'servletExposeExcludePropertyEndpointFilter' via factory method to bean named 'management.endpoints.web-org.springframework.boot.actuate.autoconfigure.endpoint.web.WebEndpointProperties'
2025-06-13 17:24:44.235 [main] DEBUG org.springframework.beans.factory.support.DefaultListableBeanFactory - Creating shared instance of singleton bean 'controllerEndpointDiscoverer'
2025-06-13 17:24:44.236 [main] DEBUG org.springframework.beans.factory.support.DefaultListableBeanFactory - Creating shared instance of singleton bean 'controllerExposeExcludePropertyEndpointFilter'
2025-06-13 17:24:44.241 [main] DEBUG org.springframework.beans.factory.support.DefaultListableBeanFactory - Creating shared instance of singleton bean 'management.endpoints.web.cors-org.springframework.boot.actuate.autoconfigure.endpoint.web.CorsEndpointProperties'
2025-06-13 17:24:44.245 [main] DEBUG org.springframework.beans.factory.support.DefaultListableBeanFactory - Autowiring by type from bean name 'webEndpointServletHandlerMapping' via factory method to bean named 'webEndpointDiscoverer'
2025-06-13 17:24:44.245 [main] DEBUG org.springframework.beans.factory.support.DefaultListableBeanFactory - Autowiring by type from bean name 'webEndpointServletHandlerMapping' via factory method to bean named 'servletEndpointDiscoverer'
2025-06-13 17:24:44.245 [main] DEBUG org.springframework.beans.factory.support.DefaultListableBeanFactory - Autowiring by type from bean name 'webEndpointServletHandlerMapping' via factory method to bean named 'controllerEndpointDiscoverer'
2025-06-13 17:24:44.245 [main] DEBUG org.springframework.beans.factory.support.DefaultListableBeanFactory - Autowiring by type from bean name 'webEndpointServletHandlerMapping' via factory method to bean named 'endpointMediaTypes'
2025-06-13 17:24:44.245 [main] DEBUG org.springframework.beans.factory.support.DefaultListableBeanFactory - Autowiring by type from bean name 'webEndpointServletHandlerMapping' via factory method to bean named 'management.endpoints.web.cors-org.springframework.boot.actuate.autoconfigure.endpoint.web.CorsEndpointProperties'
2025-06-13 17:24:44.246 [main] DEBUG org.springframework.beans.factory.support.DefaultListableBeanFactory - Autowiring by type from bean name 'webEndpointServletHandlerMapping' via factory method to bean named 'management.endpoints.web-org.springframework.boot.actuate.autoconfigure.endpoint.web.WebEndpointProperties'
2025-06-13 17:24:44.246 [main] DEBUG org.springframework.beans.factory.support.DefaultListableBeanFactory - Autowiring by type from bean name 'webEndpointServletHandlerMapping' via factory method to bean named 'environment'
2025-06-13 17:24:44.254 [main] INFO  org.springframework.boot.actuate.endpoint.web.EndpointLinksResolver - Exposing 1 endpoint beneath base path '/actuator'
2025-06-13 17:24:44.260 [main] DEBUG org.springframework.beans.factory.support.DefaultListableBeanFactory - Creating shared instance of singleton bean 'controllerEndpointHandlerMapping'
2025-06-13 17:24:44.261 [main] DEBUG org.springframework.beans.factory.support.DefaultListableBeanFactory - Autowiring by type from bean name 'controllerEndpointHandlerMapping' via factory method to bean named 'controllerEndpointDiscoverer'
2025-06-13 17:24:44.261 [main] DEBUG org.springframework.beans.factory.support.DefaultListableBeanFactory - Autowiring by type from bean name 'controllerEndpointHandlerMapping' via factory method to bean named 'management.endpoints.web.cors-org.springframework.boot.actuate.autoconfigure.endpoint.web.CorsEndpointProperties'
2025-06-13 17:24:44.261 [main] DEBUG org.springframework.beans.factory.support.DefaultListableBeanFactory - Autowiring by type from bean name 'controllerEndpointHandlerMapping' via factory method to bean named 'management.endpoints.web-org.springframework.boot.actuate.autoconfigure.endpoint.web.WebEndpointProperties'
2025-06-13 17:24:44.261 [main] DEBUG org.springframework.beans.factory.support.DefaultListableBeanFactory - Autowiring by type from bean name 'controllerEndpointHandlerMapping' via factory method to bean named 'propertiesEndpointAccessResolver'
2025-06-13 17:24:44.291 [main] DEBUG org.springframework.beans.factory.support.DefaultListableBeanFactory - Creating shared instance of singleton bean 'authenticationManagerPostProcessor'
2025-06-13 17:24:44.324 [main] DEBUG org.springframework.security.web.DefaultSecurityFilterChain - Will secure any request with filters: DisableEncodeUrlFilter, WebAsyncManagerIntegrationFilter, SecurityContextHolderFilter, HeaderWriterFilter, CorsFilter, LogoutFilter, JwtAuthenticationFilter, RequestCacheAwareFilter, SecurityContextHolderAwareRequestFilter, AnonymousAuthenticationFilter, SessionManagementFilter, ExceptionTranslationFilter, AuthorizationFilter
2025-06-13 17:24:44.325 [main] DEBUG org.springframework.beans.factory.support.DefaultListableBeanFactory - Creating shared instance of singleton bean 'org.springframework.boot.autoconfigure.context.PropertyPlaceholderAutoConfiguration'
2025-06-13 17:24:44.327 [main] DEBUG org.springframework.beans.factory.support.DefaultListableBeanFactory - Creating shared instance of singleton bean 'org.springframework.boot.autoconfigure.websocket.servlet.WebSocketServletAutoConfiguration$TomcatWebSocketConfiguration'
2025-06-13 17:24:44.328 [main] DEBUG org.springframework.beans.factory.support.DefaultListableBeanFactory - Creating shared instance of singleton bean 'websocketServletWebServerCustomizer'
2025-06-13 17:24:44.330 [main] DEBUG org.springframework.beans.factory.support.DefaultListableBeanFactory - Creating shared instance of singleton bean 'org.springframework.boot.autoconfigure.websocket.servlet.WebSocketServletAutoConfiguration'
2025-06-13 17:24:44.332 [main] DEBUG org.springframework.beans.factory.support.DefaultListableBeanFactory - Creating shared instance of singleton bean 'org.springframework.boot.autoconfigure.web.servlet.ServletWebServerFactoryAutoConfiguration$ForwardedHeaderFilterConfiguration'
2025-06-13 17:24:44.334 [main] DEBUG org.springframework.beans.factory.support.DefaultListableBeanFactory - Creating shared instance of singleton bean 'tomcatForwardedHeaderFilterCustomizer'
2025-06-13 17:24:44.334 [main] DEBUG org.springframework.beans.factory.support.DefaultListableBeanFactory - Creating shared instance of singleton bean 'server-org.springframework.boot.autoconfigure.web.ServerProperties'
2025-06-13 17:24:44.339 [main] DEBUG org.springframework.beans.factory.support.DefaultListableBeanFactory - Autowiring by type from bean name 'tomcatForwardedHeaderFilterCustomizer' via factory method to bean named 'server-org.springframework.boot.autoconfigure.web.ServerProperties'
2025-06-13 17:24:44.346 [main] DEBUG org.springframework.beans.factory.support.DefaultListableBeanFactory - Creating shared instance of singleton bean 'forwardedHeaderFilter'
2025-06-13 17:24:44.352 [main] DEBUG org.springframework.beans.factory.support.DefaultListableBeanFactory - Creating shared instance of singleton bean 'org.springframework.boot.autoconfigure.web.servlet.ServletWebServerFactoryConfiguration$EmbeddedTomcat'
2025-06-13 17:24:44.354 [main] DEBUG org.springframework.beans.factory.support.DefaultListableBeanFactory - Creating shared instance of singleton bean 'tomcatServletWebServerFactory'
2025-06-13 17:24:44.355 [main] DEBUG org.springframework.beans.factory.support.DefaultListableBeanFactory - Creating shared instance of singleton bean 'servletWebServerFactoryCustomizer'
2025-06-13 17:24:44.355 [main] DEBUG org.springframework.beans.factory.support.DefaultListableBeanFactory - Creating shared instance of singleton bean 'org.springframework.boot.autoconfigure.web.servlet.ServletWebServerFactoryAutoConfiguration'
2025-06-13 17:24:44.357 [main] DEBUG org.springframework.beans.factory.support.DefaultListableBeanFactory - Autowiring by type from bean name 'servletWebServerFactoryCustomizer' via factory method to bean named 'server-org.springframework.boot.autoconfigure.web.ServerProperties'
2025-06-13 17:24:44.359 [main] DEBUG org.springframework.beans.factory.support.DefaultListableBeanFactory - Creating shared instance of singleton bean 'tomcatServletWebServerFactoryCustomizer'
2025-06-13 17:24:44.359 [main] DEBUG org.springframework.beans.factory.support.DefaultListableBeanFactory - Autowiring by type from bean name 'tomcatServletWebServerFactoryCustomizer' via factory method to bean named 'server-org.springframework.boot.autoconfigure.web.ServerProperties'
2025-06-13 17:24:44.361 [main] DEBUG org.springframework.beans.factory.support.DefaultListableBeanFactory - Creating shared instance of singleton bean 'localeCharsetMappingsCustomizer'
2025-06-13 17:24:44.361 [main] DEBUG org.springframework.beans.factory.support.DefaultListableBeanFactory - Creating shared instance of singleton bean 'org.springframework.boot.autoconfigure.web.servlet.HttpEncodingAutoConfiguration'
2025-06-13 17:24:44.361 [main] DEBUG org.springframework.beans.factory.support.DefaultListableBeanFactory - Autowiring by type from bean name 'org.springframework.boot.autoconfigure.web.servlet.HttpEncodingAutoConfiguration' via constructor to bean named 'server-org.springframework.boot.autoconfigure.web.ServerProperties'
2025-06-13 17:24:44.364 [main] DEBUG org.springframework.beans.factory.support.DefaultListableBeanFactory - Creating shared instance of singleton bean 'errorPageCustomizer'
2025-06-13 17:24:44.365 [main] DEBUG org.springframework.beans.factory.support.DefaultListableBeanFactory - Creating shared instance of singleton bean 'org.springframework.boot.autoconfigure.web.servlet.error.ErrorMvcAutoConfiguration'
2025-06-13 17:24:44.365 [main] DEBUG org.springframework.beans.factory.support.DefaultListableBeanFactory - Autowiring by type from bean name 'org.springframework.boot.autoconfigure.web.servlet.error.ErrorMvcAutoConfiguration' via constructor to bean named 'server-org.springframework.boot.autoconfigure.web.ServerProperties'
2025-06-13 17:24:44.367 [main] DEBUG org.springframework.beans.factory.support.DefaultListableBeanFactory - Creating shared instance of singleton bean 'dispatcherServletRegistration'
2025-06-13 17:24:44.367 [main] DEBUG org.springframework.beans.factory.support.DefaultListableBeanFactory - Creating shared instance of singleton bean 'org.springframework.boot.autoconfigure.web.servlet.DispatcherServletAutoConfiguration$DispatcherServletRegistrationConfiguration'
2025-06-13 17:24:44.368 [main] DEBUG org.springframework.beans.factory.support.DefaultListableBeanFactory - Creating shared instance of singleton bean 'dispatcherServlet'
2025-06-13 17:24:44.368 [main] DEBUG org.springframework.beans.factory.support.DefaultListableBeanFactory - Creating shared instance of singleton bean 'org.springframework.boot.autoconfigure.web.servlet.DispatcherServletAutoConfiguration$DispatcherServletConfiguration'
2025-06-13 17:24:44.370 [main] DEBUG org.springframework.beans.factory.support.DefaultListableBeanFactory - Autowiring by type from bean name 'dispatcherServlet' via factory method to bean named 'spring.mvc-org.springframework.boot.autoconfigure.web.servlet.WebMvcProperties'
2025-06-13 17:24:44.378 [main] DEBUG org.springframework.beans.factory.support.DefaultListableBeanFactory - Autowiring by type from bean name 'dispatcherServletRegistration' via factory method to bean named 'dispatcherServlet'
2025-06-13 17:24:44.378 [main] DEBUG org.springframework.beans.factory.support.DefaultListableBeanFactory - Autowiring by type from bean name 'dispatcherServletRegistration' via factory method to bean named 'spring.mvc-org.springframework.boot.autoconfigure.web.servlet.WebMvcProperties'
2025-06-13 17:24:44.378 [main] DEBUG org.springframework.beans.factory.support.DefaultListableBeanFactory - Creating shared instance of singleton bean 'multipartConfigElement'
2025-06-13 17:24:44.379 [main] DEBUG org.springframework.beans.factory.support.DefaultListableBeanFactory - Creating shared instance of singleton bean 'org.springframework.boot.autoconfigure.web.servlet.MultipartAutoConfiguration'
2025-06-13 17:24:44.379 [main] DEBUG org.springframework.beans.factory.support.DefaultListableBeanFactory - Creating shared instance of singleton bean 'spring.servlet.multipart-org.springframework.boot.autoconfigure.web.servlet.MultipartProperties'
2025-06-13 17:24:44.382 [main] DEBUG org.springframework.beans.factory.support.DefaultListableBeanFactory - Autowiring by type from bean name 'org.springframework.boot.autoconfigure.web.servlet.MultipartAutoConfiguration' via constructor to bean named 'spring.servlet.multipart-org.springframework.boot.autoconfigure.web.servlet.MultipartProperties'
2025-06-13 17:24:44.388 [main] DEBUG org.springframework.beans.factory.support.DefaultListableBeanFactory - Autowiring by type from bean name 'errorPageCustomizer' via factory method to bean named 'dispatcherServletRegistration'
2025-06-13 17:24:44.397 [main] DEBUG org.springframework.beans.factory.support.DefaultListableBeanFactory - Creating shared instance of singleton bean 'org.springframework.boot.autoconfigure.web.servlet.DispatcherServletAutoConfiguration'
2025-06-13 17:24:44.398 [main] DEBUG org.springframework.beans.factory.support.DefaultListableBeanFactory - Creating shared instance of singleton bean 'org.springframework.boot.autoconfigure.http.codec.CodecsAutoConfiguration$DefaultCodecsConfiguration'
2025-06-13 17:24:44.400 [main] DEBUG org.springframework.beans.factory.support.DefaultListableBeanFactory - Creating shared instance of singleton bean 'defaultCodecCustomizer'
2025-06-13 17:24:44.400 [main] DEBUG org.springframework.beans.factory.support.DefaultListableBeanFactory - Creating shared instance of singleton bean 'spring.codec-org.springframework.boot.autoconfigure.codec.CodecProperties'
2025-06-13 17:24:44.402 [main] DEBUG org.springframework.beans.factory.support.DefaultListableBeanFactory - Autowiring by type from bean name 'defaultCodecCustomizer' via factory method to bean named 'spring.codec-org.springframework.boot.autoconfigure.codec.CodecProperties'
2025-06-13 17:24:44.409 [main] DEBUG org.springframework.beans.factory.support.DefaultListableBeanFactory - Creating shared instance of singleton bean 'org.springframework.boot.autoconfigure.http.codec.CodecsAutoConfiguration$JacksonCodecConfiguration'
2025-06-13 17:24:44.411 [main] DEBUG org.springframework.beans.factory.support.DefaultListableBeanFactory - Creating shared instance of singleton bean 'jacksonCodecCustomizer'
2025-06-13 17:24:44.411 [main] DEBUG org.springframework.beans.factory.support.DefaultListableBeanFactory - Autowiring by type from bean name 'jacksonCodecCustomizer' via factory method to bean named 'jacksonObjectMapper'
2025-06-13 17:24:44.417 [main] DEBUG org.springframework.beans.factory.support.DefaultListableBeanFactory - Creating shared instance of singleton bean 'org.springframework.boot.autoconfigure.http.codec.CodecsAutoConfiguration'
2025-06-13 17:24:44.419 [main] DEBUG org.springframework.beans.factory.support.DefaultListableBeanFactory - Creating shared instance of singleton bean 'org.springframework.boot.autoconfigure.validation.ValidationAutoConfiguration'
2025-06-13 17:24:44.421 [main] DEBUG org.springframework.beans.factory.support.DefaultListableBeanFactory - Creating shared instance of singleton bean 'defaultValidator'
2025-06-13 17:24:44.421 [main] DEBUG org.springframework.beans.factory.support.DefaultListableBeanFactory - Autowiring by type from bean name 'defaultValidator' via factory method to bean named 'org.springframework.web.context.support.GenericWebApplicationContext@4d920a01'
2025-06-13 17:24:44.421 [main] DEBUG org.hibernate.validator.messageinterpolation.ResourceBundleMessageInterpolator - Loaded expression factory via original TCCL
2025-06-13 17:24:44.422 [main] DEBUG org.hibernate.validator.internal.engine.AbstractConfigurationImpl - Setting custom MessageInterpolator of type org.springframework.validation.beanvalidation.LocaleContextMessageInterpolator
2025-06-13 17:24:44.422 [main] DEBUG org.hibernate.validator.internal.engine.AbstractConfigurationImpl - Setting custom ConstraintValidatorFactory of type org.springframework.validation.beanvalidation.SpringConstraintValidatorFactory
2025-06-13 17:24:44.424 [main] DEBUG org.hibernate.validator.internal.xml.config.ValidationXmlParser - Trying to load META-INF/validation.xml for XML based Validator configuration.
2025-06-13 17:24:44.424 [main] DEBUG org.hibernate.validator.internal.xml.config.ResourceLoaderHelper - Trying to load META-INF/validation.xml via user class loader
2025-06-13 17:24:44.425 [main] DEBUG org.hibernate.validator.internal.xml.config.ResourceLoaderHelper - Trying to load META-INF/validation.xml via TCCL
2025-06-13 17:24:44.427 [main] DEBUG org.hibernate.validator.internal.xml.config.ResourceLoaderHelper - Trying to load META-INF/validation.xml via Hibernate Validator's class loader
2025-06-13 17:24:44.428 [main] DEBUG org.hibernate.validator.internal.xml.config.ValidationXmlParser - No META-INF/validation.xml found. Using annotation based configuration only.
2025-06-13 17:24:44.428 [main] DEBUG org.hibernate.validator.internal.engine.resolver.TraversableResolvers - Found jakarta.persistence.Persistence on classpath containing 'getPersistenceUtil'. Assuming JPA 2 environment. Trying to instantiate JPA aware TraversableResolver
2025-06-13 17:24:44.428 [main] DEBUG org.hibernate.validator.internal.engine.resolver.TraversableResolvers - Instantiated JPA aware TraversableResolver of type org.hibernate.validator.internal.engine.resolver.JPATraversableResolver.
2025-06-13 17:24:44.431 [main] DEBUG org.hibernate.validator.internal.engine.ValidatorFactoryConfigurationHelper - HV000252: Using org.hibernate.validator.internal.engine.DefaultPropertyNodeNameProvider as property node name provider.
2025-06-13 17:24:44.432 [main] DEBUG org.hibernate.validator.internal.engine.ValidatorFactoryConfigurationHelper - HV000234: Using org.springframework.validation.beanvalidation.LocaleContextMessageInterpolator as ValidatorFactory-scoped message interpolator.
2025-06-13 17:24:44.432 [main] DEBUG org.hibernate.validator.internal.engine.ValidatorFactoryConfigurationHelper - HV000234: Using org.hibernate.validator.internal.engine.resolver.JPATraversableResolver as ValidatorFactory-scoped traversable resolver.
2025-06-13 17:24:44.432 [main] DEBUG org.hibernate.validator.internal.engine.ValidatorFactoryConfigurationHelper - HV000234: Using org.hibernate.validator.internal.util.ExecutableParameterNameProvider as ValidatorFactory-scoped parameter name provider.
2025-06-13 17:24:44.433 [main] DEBUG org.hibernate.validator.internal.engine.ValidatorFactoryConfigurationHelper - HV000234: Using org.hibernate.validator.internal.engine.DefaultClockProvider as ValidatorFactory-scoped clock provider.
2025-06-13 17:24:44.433 [main] DEBUG org.hibernate.validator.internal.engine.ValidatorFactoryConfigurationHelper - HV000234: Using org.hibernate.validator.internal.engine.scripting.DefaultScriptEvaluatorFactory as ValidatorFactory-scoped script evaluator factory.
2025-06-13 17:24:44.439 [main] DEBUG org.springframework.beans.factory.support.DefaultListableBeanFactory - Creating shared instance of singleton bean 'org.springframework.boot.autoconfigure.task.TaskExecutorConfigurations$ThreadPoolTaskExecutorBuilderConfiguration'
2025-06-13 17:24:44.442 [main] DEBUG org.springframework.beans.factory.support.DefaultListableBeanFactory - Creating shared instance of singleton bean 'threadPoolTaskExecutorBuilder'
2025-06-13 17:24:44.442 [main] DEBUG org.springframework.beans.factory.support.DefaultListableBeanFactory - Creating shared instance of singleton bean 'spring.task.execution-org.springframework.boot.autoconfigure.task.TaskExecutionProperties'
2025-06-13 17:24:44.445 [main] DEBUG org.springframework.beans.factory.support.DefaultListableBeanFactory - Autowiring by type from bean name 'threadPoolTaskExecutorBuilder' via factory method to bean named 'spring.task.execution-org.springframework.boot.autoconfigure.task.TaskExecutionProperties'
2025-06-13 17:24:44.448 [main] DEBUG org.springframework.beans.factory.support.DefaultListableBeanFactory - Creating shared instance of singleton bean 'org.springframework.boot.autoconfigure.task.TaskExecutorConfigurations$SimpleAsyncTaskExecutorBuilderConfiguration'
2025-06-13 17:24:44.448 [main] DEBUG org.springframework.beans.factory.support.DefaultListableBeanFactory - Autowiring by type from bean name 'org.springframework.boot.autoconfigure.task.TaskExecutorConfigurations$SimpleAsyncTaskExecutorBuilderConfiguration' via constructor to bean named 'spring.task.execution-org.springframework.boot.autoconfigure.task.TaskExecutionProperties'
2025-06-13 17:24:44.450 [main] DEBUG org.springframework.beans.factory.support.DefaultListableBeanFactory - Creating shared instance of singleton bean 'simpleAsyncTaskExecutorBuilder'
2025-06-13 17:24:44.452 [main] DEBUG org.springframework.beans.factory.support.DefaultListableBeanFactory - Creating shared instance of singleton bean 'org.springframework.boot.autoconfigure.task.TaskExecutorConfigurations$TaskExecutorConfiguration'
2025-06-13 17:24:44.454 [main] DEBUG org.springframework.beans.factory.support.DefaultListableBeanFactory - Creating shared instance of singleton bean 'org.springframework.boot.autoconfigure.task.TaskExecutionAutoConfiguration'
2025-06-13 17:24:44.456 [main] DEBUG org.springframework.beans.factory.support.DefaultListableBeanFactory - Creating shared instance of singleton bean 'org.springframework.boot.autoconfigure.web.servlet.error.ErrorMvcAutoConfiguration$WhitelabelErrorViewConfiguration'
2025-06-13 17:24:44.457 [main] DEBUG org.springframework.beans.factory.support.DefaultListableBeanFactory - Creating shared instance of singleton bean 'error'
2025-06-13 17:24:44.459 [main] DEBUG org.springframework.beans.factory.support.DefaultListableBeanFactory - Creating shared instance of singleton bean 'beanNameViewResolver'
2025-06-13 17:24:44.460 [main] DEBUG org.springframework.beans.factory.support.DefaultListableBeanFactory - Creating shared instance of singleton bean 'org.springframework.boot.autoconfigure.web.servlet.error.ErrorMvcAutoConfiguration$DefaultErrorViewResolverConfiguration'
2025-06-13 17:24:44.461 [main] DEBUG org.springframework.beans.factory.support.DefaultListableBeanFactory - Autowiring by type from bean name 'org.springframework.boot.autoconfigure.web.servlet.error.ErrorMvcAutoConfiguration$DefaultErrorViewResolverConfiguration' via constructor to bean named 'org.springframework.web.context.support.GenericWebApplicationContext@4d920a01'
2025-06-13 17:24:44.461 [main] DEBUG org.springframework.beans.factory.support.DefaultListableBeanFactory - Autowiring by type from bean name 'org.springframework.boot.autoconfigure.web.servlet.error.ErrorMvcAutoConfiguration$DefaultErrorViewResolverConfiguration' via constructor to bean named 'spring.web-org.springframework.boot.autoconfigure.web.WebProperties'
2025-06-13 17:24:44.463 [main] DEBUG org.springframework.beans.factory.support.DefaultListableBeanFactory - Creating shared instance of singleton bean 'conventionErrorViewResolver'
2025-06-13 17:24:44.465 [main] DEBUG org.springframework.beans.factory.support.DefaultListableBeanFactory - Creating shared instance of singleton bean 'errorAttributes'
2025-06-13 17:24:44.467 [main] DEBUG org.springframework.beans.factory.support.DefaultListableBeanFactory - Creating shared instance of singleton bean 'basicErrorController'
2025-06-13 17:24:44.467 [main] DEBUG org.springframework.beans.factory.support.DefaultListableBeanFactory - Autowiring by type from bean name 'basicErrorController' via factory method to bean named 'errorAttributes'
2025-06-13 17:24:44.472 [main] DEBUG org.springframework.beans.factory.support.DefaultListableBeanFactory - Creating shared instance of singleton bean 'localeResolver'
2025-06-13 17:24:44.474 [main] DEBUG org.springframework.beans.factory.support.DefaultListableBeanFactory - Creating shared instance of singleton bean 'themeResolver'
2025-06-13 17:24:44.477 [main] DEBUG org.springframework.beans.factory.support.DefaultListableBeanFactory - Creating shared instance of singleton bean 'flashMapManager'
2025-06-13 17:24:44.480 [main] DEBUG org.springframework.beans.factory.support.DefaultListableBeanFactory - Creating shared instance of singleton bean 'viewNameTranslator'
2025-06-13 17:24:44.482 [main] DEBUG org.springframework.beans.factory.support.DefaultListableBeanFactory - Creating shared instance of singleton bean 'mvcValidator'
2025-06-13 17:24:44.486 [main] DEBUG org.springframework.beans.factory.support.DefaultListableBeanFactory - Creating shared instance of singleton bean 'mvcPatternParser'
2025-06-13 17:24:44.488 [main] DEBUG org.springframework.beans.factory.support.DefaultListableBeanFactory - Creating shared instance of singleton bean 'mvcUrlPathHelper'
2025-06-13 17:24:44.490 [main] DEBUG org.springframework.beans.factory.support.DefaultListableBeanFactory - Creating shared instance of singleton bean 'mvcPathMatcher'
2025-06-13 17:24:44.492 [main] DEBUG org.springframework.beans.factory.support.DefaultListableBeanFactory - Creating shared instance of singleton bean 'requestMappingHandlerAdapter'
2025-06-13 17:24:44.493 [main] DEBUG org.springframework.beans.factory.support.DefaultListableBeanFactory - Autowiring by type from bean name 'requestMappingHandlerAdapter' via factory method to bean named 'mvcContentNegotiationManager'
2025-06-13 17:24:44.493 [main] DEBUG org.springframework.beans.factory.support.DefaultListableBeanFactory - Autowiring by type from bean name 'requestMappingHandlerAdapter' via factory method to bean named 'mvcConversionService'
2025-06-13 17:24:44.493 [main] DEBUG org.springframework.beans.factory.support.DefaultListableBeanFactory - Autowiring by type from bean name 'requestMappingHandlerAdapter' via factory method to bean named 'mvcValidator'
2025-06-13 17:24:44.494 [main] DEBUG org.springframework.beans.factory.support.DefaultListableBeanFactory - Creating shared instance of singleton bean 'sortResolver'
2025-06-13 17:24:44.494 [main] DEBUG org.springframework.beans.factory.support.DefaultListableBeanFactory - Creating shared instance of singleton bean 'sortCustomizer'
2025-06-13 17:24:44.504 [main] DEBUG org.springframework.beans.factory.support.DefaultListableBeanFactory - Creating shared instance of singleton bean 'pageableResolver'
2025-06-13 17:24:44.505 [main] DEBUG org.springframework.beans.factory.support.DefaultListableBeanFactory - Creating shared instance of singleton bean 'pageableCustomizer'
2025-06-13 17:24:44.516 [main] DEBUG org.springframework.beans.factory.support.DefaultListableBeanFactory - Creating shared instance of singleton bean 'applicationTaskExecutor'
2025-06-13 17:24:44.517 [main] DEBUG org.springframework.beans.factory.support.DefaultListableBeanFactory - Autowiring by type from bean name 'applicationTaskExecutor' via factory method to bean named 'threadPoolTaskExecutorBuilder'
2025-06-13 17:24:44.517 [main] DEBUG org.springframework.scheduling.concurrent.ThreadPoolTaskExecutor - Initializing ExecutorService 'applicationTaskExecutor'
2025-06-13 17:24:44.530 [main] DEBUG org.springframework.beans.factory.support.DefaultListableBeanFactory - Creating shared instance of singleton bean 'org.springdoc.core.configuration.SpringDocConfiguration$OpenApiResourceAdvice'
2025-06-13 17:24:44.531 [main] DEBUG org.springframework.beans.factory.support.DefaultListableBeanFactory - Autowiring by type from bean name 'org.springdoc.core.configuration.SpringDocConfiguration$OpenApiResourceAdvice' via constructor to bean named 'org.springdoc.core.configuration.SpringDocConfiguration'
2025-06-13 17:24:44.534 [main] DEBUG org.springframework.web.servlet.mvc.method.annotation.RequestMappingHandlerAdapter - ControllerAdvice beans: 0 @ModelAttribute, 0 @InitBinder, 1 RequestBodyAdvice, 1 ResponseBodyAdvice
2025-06-13 17:24:44.535 [main] DEBUG org.springframework.beans.factory.support.DefaultListableBeanFactory - Creating shared instance of singleton bean 'mvcViewResolver'
2025-06-13 17:24:44.535 [main] DEBUG org.springframework.beans.factory.support.DefaultListableBeanFactory - Autowiring by type from bean name 'mvcViewResolver' via factory method to bean named 'mvcContentNegotiationManager'
2025-06-13 17:24:44.538 [main] DEBUG org.springframework.beans.factory.support.DefaultListableBeanFactory - Creating shared instance of singleton bean 'defaultViewResolver'
2025-06-13 17:24:44.545 [main] DEBUG org.springframework.beans.factory.support.DefaultListableBeanFactory - Creating shared instance of singleton bean 'viewResolver'
2025-06-13 17:24:44.546 [main] DEBUG org.springframework.beans.factory.support.DefaultListableBeanFactory - Autowiring by type from bean name 'viewResolver' via factory method to bean named 'org.springframework.beans.factory.support.DefaultListableBeanFactory@208e42da'
2025-06-13 17:24:44.546 [main] DEBUG org.springframework.beans.factory.support.DefaultListableBeanFactory - Creating shared instance of singleton bean 'viewResolver'
2025-06-13 17:24:44.555 [main] DEBUG org.springframework.beans.factory.support.DefaultListableBeanFactory - Creating shared instance of singleton bean 'handlerFunctionAdapter'
2025-06-13 17:24:44.556 [main] DEBUG org.springframework.beans.factory.support.DefaultListableBeanFactory - Creating shared instance of singleton bean 'mvcUriComponentsContributor'
2025-06-13 17:24:44.557 [main] DEBUG org.springframework.beans.factory.support.DefaultListableBeanFactory - Autowiring by type from bean name 'mvcUriComponentsContributor' via factory method to bean named 'mvcConversionService'
2025-06-13 17:24:44.557 [main] DEBUG org.springframework.beans.factory.support.DefaultListableBeanFactory - Autowiring by type from bean name 'mvcUriComponentsContributor' via factory method to bean named 'requestMappingHandlerAdapter'
2025-06-13 17:24:44.558 [main] DEBUG org.springframework.beans.factory.support.DefaultListableBeanFactory - Creating shared instance of singleton bean 'httpRequestHandlerAdapter'
2025-06-13 17:24:44.560 [main] DEBUG org.springframework.beans.factory.support.DefaultListableBeanFactory - Creating shared instance of singleton bean 'simpleControllerHandlerAdapter'
2025-06-13 17:24:44.562 [main] DEBUG org.springframework.beans.factory.support.DefaultListableBeanFactory - Creating shared instance of singleton bean 'handlerExceptionResolver'
2025-06-13 17:24:44.562 [main] DEBUG org.springframework.beans.factory.support.DefaultListableBeanFactory - Autowiring by type from bean name 'handlerExceptionResolver' via factory method to bean named 'mvcContentNegotiationManager'
2025-06-13 17:24:44.564 [main] DEBUG org.springframework.web.servlet.mvc.method.annotation.ExceptionHandlerExceptionResolver - ControllerAdvice beans: 2 @ExceptionHandler, 1 ResponseBodyAdvice
2025-06-13 17:24:44.566 [main] DEBUG org.springframework.beans.factory.support.DefaultListableBeanFactory - Creating shared instance of singleton bean 'requestContextFilter'
2025-06-13 17:24:44.570 [main] DEBUG org.springframework.beans.factory.support.DefaultListableBeanFactory - Creating shared instance of singleton bean 'org.springframework.boot.autoconfigure.web.servlet.WebMvcAutoConfiguration'
2025-06-13 17:24:44.572 [main] DEBUG org.springframework.beans.factory.support.DefaultListableBeanFactory - Creating shared instance of singleton bean 'formContentFilter'
2025-06-13 17:24:44.576 [main] DEBUG org.springframework.beans.factory.support.DefaultListableBeanFactory - Creating shared instance of singleton bean 'org.springdoc.core.configuration.SpringDocConfiguration$QuerydslProvider'
2025-06-13 17:24:44.577 [main] DEBUG org.springframework.beans.factory.support.DefaultListableBeanFactory - Creating shared instance of singleton bean 'queryDslQuerydslPredicateOperationCustomizer'
2025-06-13 17:24:44.578 [main] DEBUG org.springframework.beans.factory.support.DefaultListableBeanFactory - Autowiring by type from bean name 'queryDslQuerydslPredicateOperationCustomizer' via factory method to bean named 'org.springdoc.core.properties.SpringDocConfigProperties'
2025-06-13 17:24:44.579 [main] DEBUG org.springframework.beans.factory.support.DefaultListableBeanFactory - Creating shared instance of singleton bean 'org.springdoc.core.configuration.SpringDocConfiguration$SpringDocWebFluxSupportConfiguration'
2025-06-13 17:24:44.580 [main] DEBUG org.springframework.beans.factory.support.DefaultListableBeanFactory - Creating shared instance of singleton bean 'webFluxSupportConverter'
2025-06-13 17:24:44.581 [main] DEBUG org.springframework.beans.factory.support.DefaultListableBeanFactory - Autowiring by type from bean name 'webFluxSupportConverter' via factory method to bean named 'springdocObjectMapperProvider'
2025-06-13 17:24:44.583 [main] DEBUG org.springframework.beans.factory.support.DefaultListableBeanFactory - Creating shared instance of singleton bean 'org.springdoc.core.configuration.SpringDocConfiguration$SpringDocSpringDataWebPropertiesProvider'
2025-06-13 17:24:44.584 [main] DEBUG org.springframework.beans.factory.support.DefaultListableBeanFactory - Creating shared instance of singleton bean 'springDataWebPropertiesProvider'
2025-06-13 17:24:44.585 [main] DEBUG org.springframework.beans.factory.support.DefaultListableBeanFactory - Creating shared instance of singleton bean 'org.springdoc.core.configuration.SpringDocConfiguration$WebConversionServiceConfiguration'
2025-06-13 17:24:44.587 [main] DEBUG org.springframework.beans.factory.support.DefaultListableBeanFactory - Creating shared instance of singleton bean 'webConversionServiceProvider'
2025-06-13 17:24:44.588 [main] DEBUG org.springframework.beans.factory.support.DefaultListableBeanFactory - Creating shared instance of singleton bean 'initExtraSchemas'
2025-06-13 17:24:44.588 [main] DEBUG org.springframework.beans.factory.support.DefaultListableBeanFactory - Creating shared instance of singleton bean 'localSpringDocParameterNameDiscoverer'
2025-06-13 17:24:44.592 [main] DEBUG org.springframework.beans.factory.support.DefaultListableBeanFactory - Creating shared instance of singleton bean 'additionalModelsConverter'
2025-06-13 17:24:44.592 [main] DEBUG org.springframework.beans.factory.support.DefaultListableBeanFactory - Autowiring by type from bean name 'additionalModelsConverter' via factory method to bean named 'springdocObjectMapperProvider'
2025-06-13 17:24:44.593 [main] DEBUG org.springframework.beans.factory.support.DefaultListableBeanFactory - Creating shared instance of singleton bean 'fileSupportConverter'
2025-06-13 17:24:44.593 [main] DEBUG org.springframework.beans.factory.support.DefaultListableBeanFactory - Autowiring by type from bean name 'fileSupportConverter' via factory method to bean named 'springdocObjectMapperProvider'
2025-06-13 17:24:44.595 [main] DEBUG org.springframework.beans.factory.support.DefaultListableBeanFactory - Creating shared instance of singleton bean 'responseSupportConverter'
2025-06-13 17:24:44.595 [main] DEBUG org.springframework.beans.factory.support.DefaultListableBeanFactory - Autowiring by type from bean name 'responseSupportConverter' via factory method to bean named 'springdocObjectMapperProvider'
2025-06-13 17:24:44.596 [main] DEBUG org.springframework.beans.factory.support.DefaultListableBeanFactory - Creating shared instance of singleton bean 'schemaPropertyDeprecatingConverter'
2025-06-13 17:24:44.598 [main] DEBUG org.springframework.beans.factory.support.DefaultListableBeanFactory - Creating shared instance of singleton bean 'polymorphicModelConverter'
2025-06-13 17:24:44.598 [main] DEBUG org.springframework.beans.factory.support.DefaultListableBeanFactory - Autowiring by type from bean name 'polymorphicModelConverter' via factory method to bean named 'springdocObjectMapperProvider'
2025-06-13 17:24:44.600 [main] DEBUG org.springframework.beans.factory.support.DefaultListableBeanFactory - Creating shared instance of singleton bean 'openAPIBuilder'
2025-06-13 17:24:44.600 [main] DEBUG org.springframework.beans.factory.support.DefaultListableBeanFactory - Creating shared instance of singleton bean 'securityParser'
2025-06-13 17:24:44.600 [main] DEBUG org.springframework.beans.factory.support.DefaultListableBeanFactory - Creating shared instance of singleton bean 'propertyResolverUtils'
2025-06-13 17:24:44.601 [main] DEBUG org.springframework.beans.factory.support.DefaultListableBeanFactory - Autowiring by type from bean name 'propertyResolverUtils' via factory method to bean named 'org.springframework.beans.factory.support.DefaultListableBeanFactory@208e42da'
2025-06-13 17:24:44.601 [main] DEBUG org.springframework.beans.factory.support.DefaultListableBeanFactory - Autowiring by type from bean name 'propertyResolverUtils' via factory method to bean named 'messageSource'
2025-06-13 17:24:44.601 [main] DEBUG org.springframework.beans.factory.support.DefaultListableBeanFactory - Autowiring by type from bean name 'propertyResolverUtils' via factory method to bean named 'org.springdoc.core.properties.SpringDocConfigProperties'
2025-06-13 17:24:44.603 [main] DEBUG org.springframework.beans.factory.support.DefaultListableBeanFactory - Autowiring by type from bean name 'securityParser' via factory method to bean named 'propertyResolverUtils'
2025-06-13 17:24:44.605 [main] DEBUG org.springframework.beans.factory.support.DefaultListableBeanFactory - Autowiring by type from bean name 'openAPIBuilder' via factory method to bean named 'securityParser'
2025-06-13 17:24:44.605 [main] DEBUG org.springframework.beans.factory.support.DefaultListableBeanFactory - Autowiring by type from bean name 'openAPIBuilder' via factory method to bean named 'org.springdoc.core.properties.SpringDocConfigProperties'
2025-06-13 17:24:44.605 [main] DEBUG org.springframework.beans.factory.support.DefaultListableBeanFactory - Autowiring by type from bean name 'openAPIBuilder' via factory method to bean named 'propertyResolverUtils'
2025-06-13 17:24:44.608 [main] DEBUG org.springframework.beans.factory.support.DefaultListableBeanFactory - Creating shared instance of singleton bean 'modelConverterRegistrar'
2025-06-13 17:24:44.608 [main] DEBUG org.springframework.beans.factory.support.DefaultListableBeanFactory - Creating shared instance of singleton bean 'oas31ModelConverter'
2025-06-13 17:24:44.608 [main] DEBUG org.springframework.beans.factory.support.DefaultListableBeanFactory - Autowiring by type from bean name 'oas31ModelConverter' via factory method to bean named 'org.springdoc.core.properties.SpringDocConfigProperties'
2025-06-13 17:24:44.610 [main] DEBUG org.springframework.beans.factory.support.DefaultListableBeanFactory - Creating shared instance of singleton bean 'pageableOpenAPIConverter'
2025-06-13 17:24:44.610 [main] DEBUG org.springframework.beans.factory.support.DefaultListableBeanFactory - Creating shared instance of singleton bean 'org.springdoc.core.configuration.SpringDocPageableConfiguration'
2025-06-13 17:24:44.611 [main] DEBUG org.springframework.beans.factory.support.DefaultListableBeanFactory - Autowiring by type from bean name 'pageableOpenAPIConverter' via factory method to bean named 'springdocObjectMapperProvider'
2025-06-13 17:24:44.613 [main] DEBUG org.springframework.beans.factory.support.DefaultListableBeanFactory - Creating shared instance of singleton bean 'pageOpenAPIConverter'
2025-06-13 17:24:44.613 [main] DEBUG org.springframework.beans.factory.support.DefaultListableBeanFactory - Autowiring by type from bean name 'pageOpenAPIConverter' via factory method to bean named 'springdocObjectMapperProvider'
2025-06-13 17:24:44.614 [main] DEBUG org.springframework.beans.factory.support.DefaultListableBeanFactory - Creating shared instance of singleton bean 'sortOpenAPIConverter'
2025-06-13 17:24:44.614 [main] DEBUG org.springframework.beans.factory.support.DefaultListableBeanFactory - Creating shared instance of singleton bean 'org.springdoc.core.configuration.SpringDocSortConfiguration'
2025-06-13 17:24:44.616 [main] DEBUG org.springframework.beans.factory.support.DefaultListableBeanFactory - Autowiring by type from bean name 'sortOpenAPIConverter' via factory method to bean named 'springdocObjectMapperProvider'
2025-06-13 17:24:44.617 [main] DEBUG org.springframework.beans.factory.support.DefaultListableBeanFactory - Autowiring by type from bean name 'modelConverterRegistrar' via factory method to bean named 'org.springdoc.core.properties.SpringDocConfigProperties'
2025-06-13 17:24:44.619 [main] DEBUG org.springframework.beans.factory.support.DefaultListableBeanFactory - Creating shared instance of singleton bean 'operationBuilder'
2025-06-13 17:24:44.619 [main] DEBUG org.springframework.beans.factory.support.DefaultListableBeanFactory - Creating shared instance of singleton bean 'parameterBuilder'
2025-06-13 17:24:44.619 [main] DEBUG org.springframework.beans.factory.support.DefaultListableBeanFactory - Creating shared instance of singleton bean 'parameterObjectNamingStrategyCustomizer'
2025-06-13 17:24:44.621 [main] DEBUG org.springframework.beans.factory.support.DefaultListableBeanFactory - Creating shared instance of singleton bean 'dataRestDelegatingMethodParameterCustomizer'
2025-06-13 17:24:44.623 [main] DEBUG org.springframework.beans.factory.support.DefaultListableBeanFactory - Autowiring by type from bean name 'parameterBuilder' via factory method to bean named 'propertyResolverUtils'
2025-06-13 17:24:44.623 [main] DEBUG org.springframework.beans.factory.support.DefaultListableBeanFactory - Autowiring by type from bean name 'parameterBuilder' via factory method to bean named 'springdocObjectMapperProvider'
2025-06-13 17:24:44.625 [main] DEBUG org.springframework.beans.factory.support.DefaultListableBeanFactory - Creating shared instance of singleton bean 'requestBodyBuilder'
2025-06-13 17:24:44.625 [main] DEBUG org.springframework.beans.factory.support.DefaultListableBeanFactory - Autowiring by type from bean name 'requestBodyBuilder' via factory method to bean named 'parameterBuilder'
2025-06-13 17:24:44.625 [main] DEBUG org.springframework.beans.factory.support.DefaultListableBeanFactory - Autowiring by type from bean name 'requestBodyBuilder' via factory method to bean named 'propertyResolverUtils'
2025-06-13 17:24:44.627 [main] DEBUG org.springframework.beans.factory.support.DefaultListableBeanFactory - Autowiring by type from bean name 'operationBuilder' via factory method to bean named 'parameterBuilder'
2025-06-13 17:24:44.627 [main] DEBUG org.springframework.beans.factory.support.DefaultListableBeanFactory - Autowiring by type from bean name 'operationBuilder' via factory method to bean named 'requestBodyBuilder'
2025-06-13 17:24:44.627 [main] DEBUG org.springframework.beans.factory.support.DefaultListableBeanFactory - Autowiring by type from bean name 'operationBuilder' via factory method to bean named 'securityParser'
2025-06-13 17:24:44.627 [main] DEBUG org.springframework.beans.factory.support.DefaultListableBeanFactory - Autowiring by type from bean name 'operationBuilder' via factory method to bean named 'propertyResolverUtils'
2025-06-13 17:24:44.629 [main] DEBUG org.springframework.beans.factory.support.DefaultListableBeanFactory - Creating shared instance of singleton bean 'springDocProviders'
2025-06-13 17:24:44.630 [main] DEBUG org.springframework.beans.factory.support.DefaultListableBeanFactory - Creating shared instance of singleton bean 'routerFunctionProvider'
2025-06-13 17:24:44.630 [main] DEBUG org.springframework.beans.factory.support.DefaultListableBeanFactory - Creating shared instance of singleton bean 'org.springdoc.webmvc.core.configuration.SpringDocWebMvcConfiguration$SpringDocWebMvcRouterConfiguration'
2025-06-13 17:24:44.632 [main] DEBUG org.springframework.beans.factory.support.DefaultListableBeanFactory - Autowiring by type from bean name 'springDocProviders' via factory method to bean named 'springdocObjectMapperProvider'
2025-06-13 17:24:44.634 [main] DEBUG org.springframework.beans.factory.support.DefaultListableBeanFactory - Creating shared instance of singleton bean 'springDocCustomizers'
2025-06-13 17:24:44.634 [main] DEBUG org.springframework.beans.factory.support.DefaultListableBeanFactory - Creating shared instance of singleton bean 'globalOpenApiCustomizer'
2025-06-13 17:24:44.639 [main] DEBUG org.springframework.beans.factory.support.DefaultListableBeanFactory - Creating shared instance of singleton bean 'org.springdoc.core.configuration.SpringDocSecurityConfiguration$SpringSecurityLoginEndpointConfiguration'
2025-06-13 17:24:44.639 [main] DEBUG org.springframework.beans.factory.support.DefaultListableBeanFactory - Creating shared instance of singleton bean 'org.springdoc.core.configuration.SpringDocSecurityConfiguration'
2025-06-13 17:24:44.641 [main] DEBUG org.springframework.beans.factory.support.DefaultListableBeanFactory - Autowiring by type from bean name 'org.springdoc.core.configuration.SpringDocSecurityConfiguration$SpringSecurityLoginEndpointConfiguration' via constructor to bean named 'org.springdoc.core.configuration.SpringDocSecurityConfiguration'
2025-06-13 17:24:44.642 [main] DEBUG org.springframework.beans.factory.support.DefaultListableBeanFactory - Creating shared instance of singleton bean 'org.springdoc.webmvc.core.configuration.SpringDocWebMvcConfiguration$SpringDocWebMvcActuatorConfiguration'
2025-06-13 17:24:44.644 [main] DEBUG org.springframework.beans.factory.support.DefaultListableBeanFactory - Creating shared instance of singleton bean 'openApiResource'
2025-06-13 17:24:44.644 [main] DEBUG org.springframework.beans.factory.support.DefaultListableBeanFactory - Creating shared instance of singleton bean 'requestBuilder'
2025-06-13 17:24:44.645 [main] DEBUG org.springframework.beans.factory.support.DefaultListableBeanFactory - Autowiring by type from bean name 'requestBuilder' via factory method to bean named 'parameterBuilder'
2025-06-13 17:24:44.645 [main] DEBUG org.springframework.beans.factory.support.DefaultListableBeanFactory - Autowiring by type from bean name 'requestBuilder' via factory method to bean named 'requestBodyBuilder'
2025-06-13 17:24:44.645 [main] DEBUG org.springframework.beans.factory.support.DefaultListableBeanFactory - Autowiring by type from bean name 'requestBuilder' via factory method to bean named 'localSpringDocParameterNameDiscoverer'
2025-06-13 17:24:44.648 [main] DEBUG org.springframework.beans.factory.support.DefaultListableBeanFactory - Creating shared instance of singleton bean 'responseBuilder'
2025-06-13 17:24:44.648 [main] DEBUG org.springframework.beans.factory.support.DefaultListableBeanFactory - Autowiring by type from bean name 'responseBuilder' via factory method to bean named 'operationBuilder'
2025-06-13 17:24:44.648 [main] DEBUG org.springframework.beans.factory.support.DefaultListableBeanFactory - Autowiring by type from bean name 'responseBuilder' via factory method to bean named 'org.springdoc.core.properties.SpringDocConfigProperties'
2025-06-13 17:24:44.648 [main] DEBUG org.springframework.beans.factory.support.DefaultListableBeanFactory - Autowiring by type from bean name 'responseBuilder' via factory method to bean named 'propertyResolverUtils'
2025-06-13 17:24:44.652 [main] DEBUG org.springframework.beans.factory.support.DefaultListableBeanFactory - Autowiring by type from bean name 'openApiResource' via factory method to bean named 'requestBuilder'
2025-06-13 17:24:44.652 [main] DEBUG org.springframework.beans.factory.support.DefaultListableBeanFactory - Autowiring by type from bean name 'openApiResource' via factory method to bean named 'responseBuilder'
2025-06-13 17:24:44.652 [main] DEBUG org.springframework.beans.factory.support.DefaultListableBeanFactory - Autowiring by type from bean name 'openApiResource' via factory method to bean named 'operationBuilder'
2025-06-13 17:24:44.652 [main] DEBUG org.springframework.beans.factory.support.DefaultListableBeanFactory - Autowiring by type from bean name 'openApiResource' via factory method to bean named 'org.springdoc.core.properties.SpringDocConfigProperties'
2025-06-13 17:24:44.652 [main] DEBUG org.springframework.beans.factory.support.DefaultListableBeanFactory - Autowiring by type from bean name 'openApiResource' via factory method to bean named 'springDocProviders'
2025-06-13 17:24:44.652 [main] DEBUG org.springframework.beans.factory.support.DefaultListableBeanFactory - Autowiring by type from bean name 'openApiResource' via factory method to bean named 'springDocCustomizers'
2025-06-13 17:24:44.659 [main] DEBUG org.springframework.beans.factory.support.DefaultListableBeanFactory - Creating shared instance of singleton bean 'swaggerConfigResource'
2025-06-13 17:24:44.659 [main] DEBUG org.springframework.beans.factory.support.DefaultListableBeanFactory - Autowiring by type from bean name 'swaggerConfigResource' via factory method to bean named 'swaggerWelcome'
2025-06-13 17:24:44.661 [main] DEBUG org.springframework.beans.factory.support.DefaultListableBeanFactory - Creating shared instance of singleton bean 'org.springframework.boot.autoconfigure.availability.ApplicationAvailabilityAutoConfiguration'
2025-06-13 17:24:44.662 [main] DEBUG org.springframework.beans.factory.support.DefaultListableBeanFactory - Creating shared instance of singleton bean 'applicationAvailability'
2025-06-13 17:24:44.665 [main] DEBUG org.springframework.beans.factory.support.DefaultListableBeanFactory - Creating shared instance of singleton bean 'org.springframework.boot.actuate.autoconfigure.availability.AvailabilityHealthContributorAutoConfiguration'
2025-06-13 17:24:44.666 [main] DEBUG org.springframework.beans.factory.support.DefaultListableBeanFactory - Creating shared instance of singleton bean 'org.springframework.boot.autoconfigure.transaction.jta.JtaAutoConfiguration'
2025-06-13 17:24:44.667 [main] DEBUG org.springframework.beans.factory.support.DefaultListableBeanFactory - Creating shared instance of singleton bean 'org.springframework.boot.autoconfigure.jdbc.metadata.DataSourcePoolMetadataProvidersConfiguration'
2025-06-13 17:24:44.669 [main] DEBUG org.springframework.beans.factory.support.DefaultListableBeanFactory - Creating shared instance of singleton bean 'org.springframework.boot.autoconfigure.jdbc.DataSourceAutoConfiguration'
2025-06-13 17:24:44.670 [main] DEBUG org.springframework.beans.factory.support.DefaultListableBeanFactory - Creating shared instance of singleton bean 'org.springframework.boot.autoconfigure.transaction.TransactionManagerCustomizationAutoConfiguration'
2025-06-13 17:24:44.671 [main] DEBUG org.springframework.beans.factory.support.DefaultListableBeanFactory - Creating shared instance of singleton bean 'platformTransactionManagerCustomizers'
2025-06-13 17:24:44.672 [main] DEBUG org.springframework.beans.factory.support.DefaultListableBeanFactory - Creating shared instance of singleton bean 'transactionExecutionListeners'
2025-06-13 17:24:44.674 [main] DEBUG org.springframework.beans.factory.support.DefaultListableBeanFactory - Creating shared instance of singleton bean 'spring.transaction-org.springframework.boot.autoconfigure.transaction.TransactionProperties'
2025-06-13 17:24:44.677 [main] DEBUG org.springframework.beans.factory.support.DefaultListableBeanFactory - Creating shared instance of singleton bean 'org.springframework.boot.autoconfigure.orm.jpa.JpaBaseConfiguration$PersistenceManagedTypesConfiguration'
2025-06-13 17:24:44.678 [main] DEBUG org.springframework.beans.factory.support.DefaultListableBeanFactory - Creating shared instance of singleton bean 'transactionManager'
2025-06-13 17:24:44.683 [main] DEBUG org.springframework.beans.factory.support.DefaultListableBeanFactory - Creating shared instance of singleton bean 'org.springframework.boot.autoconfigure.orm.jpa.HibernateJpaAutoConfiguration'
2025-06-13 17:24:44.684 [main] DEBUG org.springframework.beans.factory.support.DefaultListableBeanFactory - Creating shared instance of singleton bean 'healthEndpointGroupMembershipValidator'
2025-06-13 17:24:44.684 [main] DEBUG org.springframework.beans.factory.support.DefaultListableBeanFactory - Autowiring by type from bean name 'healthEndpointGroupMembershipValidator' via factory method to bean named 'management.endpoint.health-org.springframework.boot.actuate.autoconfigure.health.HealthEndpointProperties'
2025-06-13 17:24:44.684 [main] DEBUG org.springframework.beans.factory.support.DefaultListableBeanFactory - Autowiring by type from bean name 'healthEndpointGroupMembershipValidator' via factory method to bean named 'healthContributorRegistry'
2025-06-13 17:24:44.686 [main] DEBUG org.springframework.beans.factory.support.DefaultListableBeanFactory - Creating shared instance of singleton bean 'org.springframework.boot.actuate.autoconfigure.health.ReactiveHealthEndpointConfiguration'
2025-06-13 17:24:44.687 [main] DEBUG org.springframework.beans.factory.support.DefaultListableBeanFactory - Creating shared instance of singleton bean 'reactiveHealthContributorRegistry'
2025-06-13 17:24:44.688 [main] DEBUG org.springframework.beans.factory.support.DefaultListableBeanFactory - Autowiring by type from bean name 'reactiveHealthContributorRegistry' via factory method to bean named 'sslHealthIndicator'
2025-06-13 17:24:44.688 [main] DEBUG org.springframework.beans.factory.support.DefaultListableBeanFactory - Autowiring by type from bean name 'reactiveHealthContributorRegistry' via factory method to bean named 'diskSpaceHealthIndicator'
2025-06-13 17:24:44.688 [main] DEBUG org.springframework.beans.factory.support.DefaultListableBeanFactory - Autowiring by type from bean name 'reactiveHealthContributorRegistry' via factory method to bean named 'pingHealthContributor'
2025-06-13 17:24:44.688 [main] DEBUG org.springframework.beans.factory.support.DefaultListableBeanFactory - Autowiring by type from bean name 'reactiveHealthContributorRegistry' via factory method to bean named 'dbHealthContributor'
2025-06-13 17:24:44.688 [main] DEBUG org.springframework.beans.factory.support.DefaultListableBeanFactory - Autowiring by type from bean name 'reactiveHealthContributorRegistry' via factory method to bean named 'healthEndpointGroups'
2025-06-13 17:24:44.691 [main] DEBUG org.springframework.beans.factory.support.DefaultListableBeanFactory - Creating shared instance of singleton bean 'org.springframework.boot.actuate.autoconfigure.health.HealthEndpointAutoConfiguration'
2025-06-13 17:24:44.692 [main] DEBUG org.springframework.beans.factory.support.DefaultListableBeanFactory - Creating shared instance of singleton bean 'org.springframework.boot.autoconfigure.info.ProjectInfoAutoConfiguration'
2025-06-13 17:24:44.693 [main] DEBUG org.springframework.beans.factory.support.DefaultListableBeanFactory - Creating shared instance of singleton bean 'spring.info-org.springframework.boot.autoconfigure.info.ProjectInfoProperties'
2025-06-13 17:24:44.694 [main] DEBUG org.springframework.beans.factory.support.DefaultListableBeanFactory - Autowiring by type from bean name 'org.springframework.boot.autoconfigure.info.ProjectInfoAutoConfiguration' via constructor to bean named 'spring.info-org.springframework.boot.autoconfigure.info.ProjectInfoProperties'
2025-06-13 17:24:44.696 [main] DEBUG org.springframework.beans.factory.support.DefaultListableBeanFactory - Creating shared instance of singleton bean 'org.springframework.boot.actuate.autoconfigure.info.InfoContributorAutoConfiguration'
2025-06-13 17:24:44.697 [main] DEBUG org.springframework.beans.factory.support.DefaultListableBeanFactory - Creating shared instance of singleton bean 'management.info-org.springframework.boot.actuate.autoconfigure.info.InfoContributorProperties'
2025-06-13 17:24:44.699 [main] DEBUG org.springframework.beans.factory.support.DefaultListableBeanFactory - Creating shared instance of singleton bean 'org.springframework.boot.actuate.autoconfigure.web.servlet.ServletManagementContextAutoConfiguration'
2025-06-13 17:24:44.701 [main] DEBUG org.springframework.beans.factory.support.DefaultListableBeanFactory - Creating shared instance of singleton bean 'servletWebChildContextFactory'
2025-06-13 17:24:44.702 [main] DEBUG org.springframework.beans.factory.support.DefaultListableBeanFactory - Creating shared instance of singleton bean 'managementServletContext'
2025-06-13 17:24:44.702 [main] DEBUG org.springframework.beans.factory.support.DefaultListableBeanFactory - Autowiring by type from bean name 'managementServletContext' via factory method to bean named 'management.endpoints.web-org.springframework.boot.actuate.autoconfigure.endpoint.web.WebEndpointProperties'
2025-06-13 17:24:44.707 [main] DEBUG org.springframework.beans.factory.support.DefaultListableBeanFactory - Creating shared instance of singleton bean 'pathMappedEndpoints'
2025-06-13 17:24:44.708 [main] DEBUG org.springframework.beans.factory.support.DefaultListableBeanFactory - Autowiring by type from bean name 'pathMappedEndpoints' via factory method to bean named 'servletEndpointDiscoverer'
2025-06-13 17:24:44.709 [main] DEBUG org.springframework.beans.factory.support.DefaultListableBeanFactory - Autowiring by type from bean name 'pathMappedEndpoints' via factory method to bean named 'webEndpointDiscoverer'
2025-06-13 17:24:44.709 [main] DEBUG org.springframework.beans.factory.support.DefaultListableBeanFactory - Autowiring by type from bean name 'pathMappedEndpoints' via factory method to bean named 'controllerEndpointDiscoverer'
2025-06-13 17:24:44.711 [main] DEBUG org.springframework.beans.factory.support.DefaultListableBeanFactory - Creating shared instance of singleton bean 'org.springframework.boot.autoconfigure.liquibase.LiquibaseAutoConfiguration$CustomizerConfiguration'
2025-06-13 17:24:44.712 [main] DEBUG org.springframework.beans.factory.support.DefaultListableBeanFactory - Creating shared instance of singleton bean 'org.springframework.boot.autoconfigure.liquibase.LiquibaseAutoConfiguration'
2025-06-13 17:24:44.714 [main] DEBUG org.springframework.beans.factory.support.DefaultListableBeanFactory - Creating shared instance of singleton bean 'liquibaseDefaultDdlModeProvider'
2025-06-13 17:24:44.716 [main] DEBUG org.springframework.beans.factory.support.DefaultListableBeanFactory - Creating shared instance of singleton bean 'meterRegistryCloser'
2025-06-13 17:24:44.717 [main] DEBUG org.springframework.beans.factory.support.DefaultListableBeanFactory - Creating shared instance of singleton bean 'org.springframework.boot.actuate.autoconfigure.metrics.CompositeMeterRegistryAutoConfiguration'
2025-06-13 17:24:44.719 [main] DEBUG org.springframework.beans.factory.support.DefaultListableBeanFactory - Creating shared instance of singleton bean 'org.springframework.boot.actuate.autoconfigure.metrics.JvmMetricsAutoConfiguration'
2025-06-13 17:24:44.720 [main] DEBUG org.springframework.beans.factory.support.DefaultListableBeanFactory - Creating shared instance of singleton bean 'jvmGcMetrics'
2025-06-13 17:24:44.722 [main] DEBUG org.springframework.beans.factory.support.DefaultListableBeanFactory - Creating shared instance of singleton bean 'jvmHeapPressureMetrics'
2025-06-13 17:24:44.724 [main] DEBUG org.springframework.beans.factory.support.DefaultListableBeanFactory - Creating shared instance of singleton bean 'jvmMemoryMetrics'
2025-06-13 17:24:44.726 [main] DEBUG org.springframework.beans.factory.support.DefaultListableBeanFactory - Creating shared instance of singleton bean 'jvmThreadMetrics'
2025-06-13 17:24:44.728 [main] DEBUG org.springframework.beans.factory.support.DefaultListableBeanFactory - Creating shared instance of singleton bean 'classLoaderMetrics'
2025-06-13 17:24:44.729 [main] DEBUG org.springframework.beans.factory.support.DefaultListableBeanFactory - Creating shared instance of singleton bean 'jvmInfoMetrics'
2025-06-13 17:24:44.731 [main] DEBUG org.springframework.beans.factory.support.DefaultListableBeanFactory - Creating shared instance of singleton bean 'jvmCompilationMetrics'
2025-06-13 17:24:44.733 [main] DEBUG org.springframework.beans.factory.support.DefaultListableBeanFactory - Creating shared instance of singleton bean 'org.springframework.boot.actuate.autoconfigure.metrics.Log4J2MetricsAutoConfiguration'
2025-06-13 17:24:44.734 [main] DEBUG org.springframework.beans.factory.support.DefaultListableBeanFactory - Creating shared instance of singleton bean 'log4j2Metrics'
2025-06-13 17:24:44.736 [main] DEBUG org.springframework.beans.factory.support.DefaultListableBeanFactory - Creating shared instance of singleton bean 'org.springframework.boot.actuate.autoconfigure.metrics.SystemMetricsAutoConfiguration'
2025-06-13 17:24:44.737 [main] DEBUG org.springframework.beans.factory.support.DefaultListableBeanFactory - Creating shared instance of singleton bean 'uptimeMetrics'
2025-06-13 17:24:44.739 [main] DEBUG org.springframework.beans.factory.support.DefaultListableBeanFactory - Creating shared instance of singleton bean 'processorMetrics'
2025-06-13 17:24:44.742 [main] DEBUG org.springframework.beans.factory.support.DefaultListableBeanFactory - Creating shared instance of singleton bean 'fileDescriptorMetrics'
2025-06-13 17:24:44.744 [main] DEBUG org.springframework.beans.factory.support.DefaultListableBeanFactory - Creating shared instance of singleton bean 'diskSpaceMetrics'
2025-06-13 17:24:44.744 [main] DEBUG org.springframework.beans.factory.support.DefaultListableBeanFactory - Autowiring by type from bean name 'diskSpaceMetrics' via factory method to bean named 'management.metrics-org.springframework.boot.actuate.autoconfigure.metrics.MetricsProperties'
2025-06-13 17:24:44.745 [main] DEBUG org.springframework.beans.factory.support.DefaultListableBeanFactory - Creating shared instance of singleton bean 'org.springframework.boot.actuate.autoconfigure.metrics.integration.IntegrationMetricsAutoConfiguration'
2025-06-13 17:24:44.747 [main] DEBUG org.springframework.beans.factory.support.DefaultListableBeanFactory - Creating shared instance of singleton bean 'org.springframework.boot.actuate.autoconfigure.metrics.jdbc.DataSourcePoolMetricsAutoConfiguration$HikariDataSourceMetricsConfiguration'
2025-06-13 17:24:44.748 [main] DEBUG org.springframework.beans.factory.support.DefaultListableBeanFactory - Creating shared instance of singleton bean 'hikariDataSourceMeterBinder'
2025-06-13 17:24:44.750 [main] DEBUG org.springframework.beans.factory.support.DefaultListableBeanFactory - Creating shared instance of singleton bean 'org.springframework.boot.actuate.autoconfigure.metrics.jdbc.DataSourcePoolMetricsAutoConfiguration$DataSourcePoolMetadataMetricsConfiguration'
2025-06-13 17:24:44.751 [main] DEBUG org.springframework.beans.factory.support.DefaultListableBeanFactory - Creating shared instance of singleton bean 'dataSourcePoolMetadataMeterBinder'
2025-06-13 17:24:44.751 [main] DEBUG org.springframework.beans.factory.support.DefaultListableBeanFactory - Autowiring by type from bean name 'dataSourcePoolMetadataMeterBinder' via factory method to bean named 'org.springframework.beans.factory.support.DefaultListableBeanFactory@208e42da'
2025-06-13 17:24:44.753 [main] DEBUG org.springframework.beans.factory.support.DefaultListableBeanFactory - Creating shared instance of singleton bean 'org.springframework.boot.actuate.autoconfigure.metrics.jdbc.DataSourcePoolMetricsAutoConfiguration'
2025-06-13 17:24:44.754 [main] DEBUG org.springframework.beans.factory.support.DefaultListableBeanFactory - Creating shared instance of singleton bean 'org.springframework.boot.actuate.autoconfigure.metrics.startup.StartupTimeMetricsListenerAutoConfiguration'
2025-06-13 17:24:44.755 [main] DEBUG org.springframework.beans.factory.support.DefaultListableBeanFactory - Creating shared instance of singleton bean 'startupTimeMetrics'
2025-06-13 17:24:44.756 [main] DEBUG org.springframework.beans.factory.support.DefaultListableBeanFactory - Autowiring by type from bean name 'startupTimeMetrics' via factory method to bean named 'simpleMeterRegistry'
2025-06-13 17:24:44.758 [main] DEBUG org.springframework.beans.factory.support.DefaultListableBeanFactory - Creating shared instance of singleton bean 'org.springframework.boot.autoconfigure.task.TaskSchedulingConfigurations$ThreadPoolTaskSchedulerBuilderConfiguration'
2025-06-13 17:24:44.760 [main] DEBUG org.springframework.beans.factory.support.DefaultListableBeanFactory - Creating shared instance of singleton bean 'threadPoolTaskSchedulerBuilder'
2025-06-13 17:24:44.760 [main] DEBUG org.springframework.beans.factory.support.DefaultListableBeanFactory - Creating shared instance of singleton bean 'spring.task.scheduling-org.springframework.boot.autoconfigure.task.TaskSchedulingProperties'
2025-06-13 17:24:44.763 [main] DEBUG org.springframework.beans.factory.support.DefaultListableBeanFactory - Autowiring by type from bean name 'threadPoolTaskSchedulerBuilder' via factory method to bean named 'spring.task.scheduling-org.springframework.boot.autoconfigure.task.TaskSchedulingProperties'
2025-06-13 17:24:44.765 [main] DEBUG org.springframework.beans.factory.support.DefaultListableBeanFactory - Creating shared instance of singleton bean 'org.springframework.boot.autoconfigure.task.TaskSchedulingConfigurations$SimpleAsyncTaskSchedulerBuilderConfiguration'
2025-06-13 17:24:44.766 [main] DEBUG org.springframework.beans.factory.support.DefaultListableBeanFactory - Autowiring by type from bean name 'org.springframework.boot.autoconfigure.task.TaskSchedulingConfigurations$SimpleAsyncTaskSchedulerBuilderConfiguration' via constructor to bean named 'spring.task.scheduling-org.springframework.boot.autoconfigure.task.TaskSchedulingProperties'
2025-06-13 17:24:44.767 [main] DEBUG org.springframework.beans.factory.support.DefaultListableBeanFactory - Creating shared instance of singleton bean 'simpleAsyncTaskSchedulerBuilder'
2025-06-13 17:24:44.769 [main] DEBUG org.springframework.beans.factory.support.DefaultListableBeanFactory - Creating shared instance of singleton bean 'org.springframework.boot.autoconfigure.task.TaskSchedulingAutoConfiguration'
2025-06-13 17:24:44.771 [main] DEBUG org.springframework.beans.factory.support.DefaultListableBeanFactory - Creating shared instance of singleton bean 'org.springframework.boot.actuate.autoconfigure.metrics.task.TaskExecutorMetricsAutoConfiguration'
2025-06-13 17:24:44.773 [main] DEBUG org.springframework.beans.factory.support.DefaultListableBeanFactory - Creating shared instance of singleton bean 'eagerTaskExecutorMetrics'
2025-06-13 17:24:44.779 [main] DEBUG org.springframework.beans.factory.support.DefaultListableBeanFactory - Creating shared instance of singleton bean 'org.springframework.boot.actuate.autoconfigure.metrics.web.tomcat.TomcatMetricsAutoConfiguration'
2025-06-13 17:24:44.780 [main] DEBUG org.springframework.beans.factory.support.DefaultListableBeanFactory - Creating shared instance of singleton bean 'tomcatMetricsBinder'
2025-06-13 17:24:44.780 [main] DEBUG org.springframework.beans.factory.support.DefaultListableBeanFactory - Autowiring by type from bean name 'tomcatMetricsBinder' via factory method to bean named 'simpleMeterRegistry'
2025-06-13 17:24:44.781 [main] DEBUG org.springframework.beans.factory.support.DefaultListableBeanFactory - Creating shared instance of singleton bean 'org.springframework.boot.actuate.autoconfigure.observation.ObservationAutoConfiguration$ObservedAspectConfiguration'
2025-06-13 17:24:44.783 [main] DEBUG org.springframework.beans.factory.support.DefaultListableBeanFactory - Creating shared instance of singleton bean 'observedAspect'
2025-06-13 17:24:44.783 [main] DEBUG org.springframework.beans.factory.support.DefaultListableBeanFactory - Autowiring by type from bean name 'observedAspect' via factory method to bean named 'observationRegistry'
2025-06-13 17:24:44.783 [main] DEBUG org.springframework.beans.factory.support.DefaultListableBeanFactory - Creating shared instance of singleton bean 'org.springframework.boot.actuate.autoconfigure.observation.ObservationAutoConfiguration$MeterObservationHandlerConfiguration'
2025-06-13 17:24:44.784 [main] DEBUG org.springframework.beans.factory.support.DefaultListableBeanFactory - Creating shared instance of singleton bean 'org.springframework.boot.autoconfigure.gson.GsonAutoConfiguration'
2025-06-13 17:24:44.786 [main] DEBUG org.springframework.beans.factory.support.DefaultListableBeanFactory - Creating shared instance of singleton bean 'gsonBuilder'
2025-06-13 17:24:44.786 [main] DEBUG org.springframework.beans.factory.support.DefaultListableBeanFactory - Creating shared instance of singleton bean 'standardGsonBuilderCustomizer'
2025-06-13 17:24:44.787 [main] DEBUG org.springframework.beans.factory.support.DefaultListableBeanFactory - Creating shared instance of singleton bean 'spring.gson-org.springframework.boot.autoconfigure.gson.GsonProperties'
2025-06-13 17:24:44.789 [main] DEBUG org.springframework.beans.factory.support.DefaultListableBeanFactory - Autowiring by type from bean name 'standardGsonBuilderCustomizer' via factory method to bean named 'spring.gson-org.springframework.boot.autoconfigure.gson.GsonProperties'
2025-06-13 17:24:44.791 [main] DEBUG org.springframework.beans.factory.support.DefaultListableBeanFactory - Autowiring by type from bean name 'gsonBuilder' via factory method to bean named 'standardGsonBuilderCustomizer'
2025-06-13 17:24:44.793 [main] DEBUG org.springframework.beans.factory.support.DefaultListableBeanFactory - Creating shared instance of singleton bean 'gson'
2025-06-13 17:24:44.793 [main] DEBUG org.springframework.beans.factory.support.DefaultListableBeanFactory - Autowiring by type from bean name 'gson' via factory method to bean named 'gsonBuilder'
2025-06-13 17:24:44.797 [main] DEBUG org.springframework.beans.factory.support.DefaultListableBeanFactory - Creating shared instance of singleton bean 'org.springframework.boot.autoconfigure.http.JacksonHttpMessageConvertersConfiguration'
2025-06-13 17:24:44.798 [main] DEBUG org.springframework.beans.factory.support.DefaultListableBeanFactory - Creating shared instance of singleton bean 'org.springframework.boot.autoconfigure.http.GsonHttpMessageConvertersConfiguration'
2025-06-13 17:24:44.800 [main] DEBUG org.springframework.beans.factory.support.DefaultListableBeanFactory - Creating shared instance of singleton bean 'org.springframework.boot.autoconfigure.http.client.HttpClientAutoConfiguration'
2025-06-13 17:24:44.801 [main] DEBUG org.springframework.beans.factory.support.DefaultListableBeanFactory - Creating shared instance of singleton bean 'clientHttpRequestFactoryBuilder'
2025-06-13 17:24:44.802 [main] DEBUG org.springframework.beans.factory.support.DefaultListableBeanFactory - Creating shared instance of singleton bean 'spring.http.client-org.springframework.boot.autoconfigure.http.client.HttpClientProperties'
2025-06-13 17:24:44.804 [main] DEBUG org.springframework.beans.factory.support.DefaultListableBeanFactory - Autowiring by type from bean name 'clientHttpRequestFactoryBuilder' via factory method to bean named 'spring.http.client-org.springframework.boot.autoconfigure.http.client.HttpClientProperties'
2025-06-13 17:24:44.808 [main] DEBUG org.springframework.beans.factory.support.DefaultListableBeanFactory - Creating shared instance of singleton bean 'clientHttpRequestFactorySettings'
2025-06-13 17:24:44.809 [main] DEBUG org.springframework.beans.factory.support.DefaultListableBeanFactory - Autowiring by type from bean name 'clientHttpRequestFactorySettings' via factory method to bean named 'spring.http.client-org.springframework.boot.autoconfigure.http.client.HttpClientProperties'
2025-06-13 17:24:44.811 [main] DEBUG org.springframework.beans.factory.support.DefaultListableBeanFactory - Creating shared instance of singleton bean 'org.springframework.boot.autoconfigure.web.client.RestClientAutoConfiguration'
2025-06-13 17:24:44.813 [main] DEBUG org.springframework.beans.factory.support.DefaultListableBeanFactory - Creating shared instance of singleton bean 'httpMessageConvertersRestClientCustomizer'
2025-06-13 17:24:44.814 [main] DEBUG org.springframework.beans.factory.support.DefaultListableBeanFactory - Creating shared instance of singleton bean 'restClientSsl'
2025-06-13 17:24:44.814 [main] DEBUG org.springframework.beans.factory.support.DefaultListableBeanFactory - Autowiring by type from bean name 'restClientSsl' via factory method to bean named 'sslBundleRegistry'
2025-06-13 17:24:44.816 [main] DEBUG org.springframework.beans.factory.support.DefaultListableBeanFactory - Creating shared instance of singleton bean 'restClientBuilderConfigurer'
2025-06-13 17:24:44.817 [main] DEBUG org.springframework.beans.factory.support.DefaultListableBeanFactory - Creating shared instance of singleton bean 'observationRestClientCustomizer'
2025-06-13 17:24:44.817 [main] DEBUG org.springframework.beans.factory.support.DefaultListableBeanFactory - Creating shared instance of singleton bean 'org.springframework.boot.actuate.autoconfigure.observation.web.client.RestClientObservationConfiguration'
2025-06-13 17:24:44.819 [main] DEBUG org.springframework.beans.factory.support.DefaultListableBeanFactory - Autowiring by type from bean name 'observationRestClientCustomizer' via factory method to bean named 'observationRegistry'
2025-06-13 17:24:44.819 [main] DEBUG org.springframework.beans.factory.support.DefaultListableBeanFactory - Autowiring by type from bean name 'observationRestClientCustomizer' via factory method to bean named 'management.observations-org.springframework.boot.actuate.autoconfigure.observation.ObservationProperties'
2025-06-13 17:24:44.822 [main] DEBUG org.springframework.beans.factory.support.DefaultListableBeanFactory - Creating shared instance of singleton bean 'org.springframework.boot.autoconfigure.web.client.RestTemplateAutoConfiguration'
2025-06-13 17:24:44.824 [main] DEBUG org.springframework.beans.factory.support.DefaultListableBeanFactory - Creating shared instance of singleton bean 'org.springframework.boot.autoconfigure.reactor.netty.ReactorNettyConfigurations$ReactorResourceFactoryConfiguration'
2025-06-13 17:24:44.825 [main] DEBUG org.springframework.beans.factory.support.DefaultListableBeanFactory - Creating shared instance of singleton bean 'reactorResourceFactory'
2025-06-13 17:24:44.826 [main] DEBUG org.springframework.beans.factory.support.DefaultListableBeanFactory - Creating shared instance of singleton bean 'spring.reactor.netty-org.springframework.boot.autoconfigure.reactor.netty.ReactorNettyProperties'
2025-06-13 17:24:44.827 [main] DEBUG org.springframework.beans.factory.support.DefaultListableBeanFactory - Autowiring by type from bean name 'reactorResourceFactory' via factory method to bean named 'spring.reactor.netty-org.springframework.boot.autoconfigure.reactor.netty.ReactorNettyProperties'
2025-06-13 17:24:44.829 [main] DEBUG org.springframework.beans.factory.support.DefaultListableBeanFactory - Creating shared instance of singleton bean 'org.springframework.boot.autoconfigure.web.reactive.function.client.ClientHttpConnectorFactoryConfiguration$ReactorNetty'
2025-06-13 17:24:44.831 [main] DEBUG org.springframework.beans.factory.support.DefaultListableBeanFactory - Creating shared instance of singleton bean 'reactorClientHttpConnectorFactory'
2025-06-13 17:24:44.831 [main] DEBUG org.springframework.beans.factory.support.DefaultListableBeanFactory - Autowiring by type from bean name 'reactorClientHttpConnectorFactory' via factory method to bean named 'reactorResourceFactory'
2025-06-13 17:24:44.833 [main] DEBUG org.springframework.beans.factory.support.DefaultListableBeanFactory - Creating shared instance of singleton bean 'org.springframework.boot.autoconfigure.web.reactive.function.client.ClientHttpConnectorAutoConfiguration'
2025-06-13 17:24:44.835 [main] DEBUG org.springframework.beans.factory.support.DefaultListableBeanFactory - Creating shared instance of singleton bean 'org.springframework.boot.autoconfigure.web.reactive.function.client.WebClientAutoConfiguration$WebClientCodecsConfiguration'
2025-06-13 17:24:44.836 [main] DEBUG org.springframework.beans.factory.support.DefaultListableBeanFactory - Creating shared instance of singleton bean 'exchangeStrategiesCustomizer'
2025-06-13 17:24:44.839 [main] DEBUG org.springframework.beans.factory.support.DefaultListableBeanFactory - Creating shared instance of singleton bean 'org.springframework.boot.autoconfigure.web.reactive.function.client.WebClientAutoConfiguration'
2025-06-13 17:24:44.840 [main] DEBUG org.springframework.beans.factory.support.DefaultListableBeanFactory - Creating shared instance of singleton bean 'webClientSsl'
2025-06-13 17:24:44.841 [main] DEBUG org.springframework.beans.factory.support.DefaultListableBeanFactory - Autowiring by type from bean name 'webClientSsl' via factory method to bean named 'reactorClientHttpConnectorFactory'
2025-06-13 17:24:44.841 [main] DEBUG org.springframework.beans.factory.support.DefaultListableBeanFactory - Autowiring by type from bean name 'webClientSsl' via factory method to bean named 'sslBundleRegistry'
2025-06-13 17:24:44.842 [main] DEBUG org.springframework.beans.factory.support.DefaultListableBeanFactory - Creating shared instance of singleton bean 'org.springframework.boot.actuate.autoconfigure.observation.web.client.RestTemplateObservationConfiguration'
2025-06-13 17:24:44.843 [main] DEBUG org.springframework.beans.factory.support.DefaultListableBeanFactory - Creating shared instance of singleton bean 'observationRestTemplateCustomizer'
2025-06-13 17:24:44.844 [main] DEBUG org.springframework.beans.factory.support.DefaultListableBeanFactory - Autowiring by type from bean name 'observationRestTemplateCustomizer' via factory method to bean named 'observationRegistry'
2025-06-13 17:24:44.844 [main] DEBUG org.springframework.beans.factory.support.DefaultListableBeanFactory - Autowiring by type from bean name 'observationRestTemplateCustomizer' via factory method to bean named 'management.observations-org.springframework.boot.actuate.autoconfigure.observation.ObservationProperties'
2025-06-13 17:24:44.845 [main] DEBUG org.springframework.beans.factory.support.DefaultListableBeanFactory - Creating shared instance of singleton bean 'org.springframework.boot.actuate.autoconfigure.observation.web.client.WebClientObservationConfiguration'
2025-06-13 17:24:44.846 [main] DEBUG org.springframework.beans.factory.support.DefaultListableBeanFactory - Creating shared instance of singleton bean 'observationWebClientCustomizer'
2025-06-13 17:24:44.847 [main] DEBUG org.springframework.beans.factory.support.DefaultListableBeanFactory - Autowiring by type from bean name 'observationWebClientCustomizer' via factory method to bean named 'observationRegistry'
2025-06-13 17:24:44.847 [main] DEBUG org.springframework.beans.factory.support.DefaultListableBeanFactory - Autowiring by type from bean name 'observationWebClientCustomizer' via factory method to bean named 'management.observations-org.springframework.boot.actuate.autoconfigure.observation.ObservationProperties'
2025-06-13 17:24:44.847 [main] DEBUG org.springframework.beans.factory.support.DefaultListableBeanFactory - Autowiring by type from bean name 'observationWebClientCustomizer' via factory method to bean named 'management.metrics-org.springframework.boot.actuate.autoconfigure.metrics.MetricsProperties'
2025-06-13 17:24:44.848 [main] DEBUG org.springframework.beans.factory.support.DefaultListableBeanFactory - Creating shared instance of singleton bean 'org.springframework.boot.actuate.autoconfigure.observation.web.client.HttpClientObservationsAutoConfiguration'
2025-06-13 17:24:44.850 [main] DEBUG org.springframework.beans.factory.support.DefaultListableBeanFactory - Creating shared instance of singleton bean 'org.springframework.boot.actuate.autoconfigure.observation.web.servlet.WebMvcObservationAutoConfiguration'
2025-06-13 17:24:44.851 [main] DEBUG org.springframework.beans.factory.support.DefaultListableBeanFactory - Creating shared instance of singleton bean 'webMvcObservationFilter'
2025-06-13 17:24:44.851 [main] DEBUG org.springframework.beans.factory.support.DefaultListableBeanFactory - Autowiring by type from bean name 'webMvcObservationFilter' via factory method to bean named 'observationRegistry'
2025-06-13 17:24:44.851 [main] DEBUG org.springframework.beans.factory.support.DefaultListableBeanFactory - Autowiring by type from bean name 'webMvcObservationFilter' via factory method to bean named 'management.observations-org.springframework.boot.actuate.autoconfigure.observation.ObservationProperties'
2025-06-13 17:24:44.852 [main] DEBUG org.springframework.beans.factory.support.DefaultListableBeanFactory - Creating shared instance of singleton bean 'org.springframework.boot.actuate.autoconfigure.scheduling.ScheduledTasksObservabilityAutoConfiguration'
2025-06-13 17:24:44.853 [main] DEBUG org.springframework.beans.factory.support.DefaultListableBeanFactory - Creating shared instance of singleton bean 'observabilitySchedulingConfigurer'
2025-06-13 17:24:44.854 [main] DEBUG org.springframework.beans.factory.support.DefaultListableBeanFactory - Autowiring by type from bean name 'observabilitySchedulingConfigurer' via factory method to bean named 'observationRegistry'
2025-06-13 17:24:44.855 [main] DEBUG org.springframework.beans.factory.support.DefaultListableBeanFactory - Creating shared instance of singleton bean 'org.springframework.boot.autoconfigure.aop.AopAutoConfiguration$AspectJAutoProxyingConfiguration$CglibAutoProxyConfiguration'
2025-06-13 17:24:44.856 [main] DEBUG org.springframework.beans.factory.support.DefaultListableBeanFactory - Creating shared instance of singleton bean 'org.springframework.boot.autoconfigure.aop.AopAutoConfiguration$AspectJAutoProxyingConfiguration'
2025-06-13 17:24:44.858 [main] DEBUG org.springframework.beans.factory.support.DefaultListableBeanFactory - Creating shared instance of singleton bean 'org.springframework.boot.autoconfigure.aop.AopAutoConfiguration'
2025-06-13 17:24:44.859 [main] DEBUG org.springframework.beans.factory.support.DefaultListableBeanFactory - Creating shared instance of singleton bean 'org.springframework.boot.autoconfigure.context.ConfigurationPropertiesAutoConfiguration'
2025-06-13 17:24:44.860 [main] DEBUG org.springframework.beans.factory.support.DefaultListableBeanFactory - Creating shared instance of singleton bean 'org.springframework.boot.autoconfigure.context.LifecycleAutoConfiguration'
2025-06-13 17:24:44.861 [main] DEBUG org.springframework.beans.factory.support.DefaultListableBeanFactory - Creating shared instance of singleton bean 'lifecycleProcessor'
2025-06-13 17:24:44.862 [main] DEBUG org.springframework.beans.factory.support.DefaultListableBeanFactory - Creating shared instance of singleton bean 'spring.lifecycle-org.springframework.boot.autoconfigure.context.LifecycleProperties'
2025-06-13 17:24:44.863 [main] DEBUG org.springframework.beans.factory.support.DefaultListableBeanFactory - Autowiring by type from bean name 'lifecycleProcessor' via factory method to bean named 'spring.lifecycle-org.springframework.boot.autoconfigure.context.LifecycleProperties'
2025-06-13 17:24:44.866 [main] DEBUG org.springframework.beans.factory.support.DefaultListableBeanFactory - Creating shared instance of singleton bean 'org.springframework.boot.autoconfigure.dao.PersistenceExceptionTranslationAutoConfiguration'
2025-06-13 17:24:44.867 [main] DEBUG org.springframework.beans.factory.support.DefaultListableBeanFactory - Creating shared instance of singleton bean 'org.springframework.boot.autoconfigure.jdbc.JdbcTemplateConfiguration'
2025-06-13 17:24:44.868 [main] DEBUG org.springframework.beans.factory.support.DefaultListableBeanFactory - Creating shared instance of singleton bean 'jdbcTemplate'
2025-06-13 17:24:44.869 [main] DEBUG org.springframework.beans.factory.support.DefaultListableBeanFactory - Creating shared instance of singleton bean 'spring.jdbc-org.springframework.boot.autoconfigure.jdbc.JdbcProperties'
2025-06-13 17:24:44.870 [main] DEBUG org.springframework.beans.factory.support.DefaultListableBeanFactory - Autowiring by type from bean name 'jdbcTemplate' via factory method to bean named 'dataSource'
2025-06-13 17:24:44.870 [main] DEBUG org.springframework.beans.factory.support.DefaultListableBeanFactory - Autowiring by type from bean name 'jdbcTemplate' via factory method to bean named 'spring.jdbc-org.springframework.boot.autoconfigure.jdbc.JdbcProperties'
2025-06-13 17:24:44.875 [main] DEBUG org.springframework.beans.factory.support.DefaultListableBeanFactory - Creating shared instance of singleton bean 'org.springframework.boot.autoconfigure.jdbc.NamedParameterJdbcTemplateConfiguration'
2025-06-13 17:24:44.876 [main] DEBUG org.springframework.beans.factory.support.DefaultListableBeanFactory - Creating shared instance of singleton bean 'namedParameterJdbcTemplate'
2025-06-13 17:24:44.876 [main] DEBUG org.springframework.beans.factory.support.DefaultListableBeanFactory - Autowiring by type from bean name 'namedParameterJdbcTemplate' via factory method to bean named 'jdbcTemplate'
2025-06-13 17:24:44.878 [main] DEBUG org.springframework.beans.factory.support.DefaultListableBeanFactory - Creating shared instance of singleton bean 'org.springframework.boot.autoconfigure.jdbc.JdbcTemplateAutoConfiguration'
2025-06-13 17:24:44.879 [main] DEBUG org.springframework.beans.factory.support.DefaultListableBeanFactory - Creating shared instance of singleton bean 'org.springframework.boot.autoconfigure.jdbc.DataSourceTransactionManagerAutoConfiguration$JdbcTransactionManagerConfiguration'
2025-06-13 17:24:44.881 [main] DEBUG org.springframework.beans.factory.support.DefaultListableBeanFactory - Creating shared instance of singleton bean 'org.springframework.boot.autoconfigure.jdbc.DataSourceTransactionManagerAutoConfiguration'
2025-06-13 17:24:44.882 [main] DEBUG org.springframework.beans.factory.support.DefaultListableBeanFactory - Creating shared instance of singleton bean 'org.springframework.boot.autoconfigure.data.jdbc.JdbcRepositoriesAutoConfiguration$SpringBootJdbcConfiguration'
2025-06-13 17:24:44.882 [main] DEBUG org.springframework.beans.factory.support.DefaultListableBeanFactory - Creating shared instance of singleton bean 'spring.data.jdbc-org.springframework.boot.autoconfigure.data.jdbc.JdbcDataProperties'
2025-06-13 17:24:44.884 [main] DEBUG org.springframework.beans.factory.support.DefaultListableBeanFactory - Autowiring by type from bean name 'org.springframework.boot.autoconfigure.data.jdbc.JdbcRepositoriesAutoConfiguration$SpringBootJdbcConfiguration' via constructor to bean named 'org.springframework.web.context.support.GenericWebApplicationContext@4d920a01'
2025-06-13 17:24:44.884 [main] DEBUG org.springframework.beans.factory.support.DefaultListableBeanFactory - Autowiring by type from bean name 'org.springframework.boot.autoconfigure.data.jdbc.JdbcRepositoriesAutoConfiguration$SpringBootJdbcConfiguration' via constructor to bean named 'spring.data.jdbc-org.springframework.boot.autoconfigure.data.jdbc.JdbcDataProperties'
2025-06-13 17:24:44.887 [main] DEBUG org.springframework.beans.factory.support.DefaultListableBeanFactory - Creating shared instance of singleton bean 'jdbcManagedTypes'
2025-06-13 17:24:45.007 [main] DEBUG org.springframework.beans.factory.support.DefaultListableBeanFactory - Creating shared instance of singleton bean 'jdbcMappingContext'
2025-06-13 17:24:45.008 [main] DEBUG org.springframework.beans.factory.support.DefaultListableBeanFactory - Creating shared instance of singleton bean 'jdbcCustomConversions'
2025-06-13 17:24:45.009 [main] DEBUG org.springframework.beans.factory.support.DefaultListableBeanFactory - Creating shared instance of singleton bean 'jdbcDialect'
2025-06-13 17:24:45.009 [main] DEBUG org.springframework.beans.factory.support.DefaultListableBeanFactory - Autowiring by type from bean name 'jdbcDialect' via factory method to bean named 'namedParameterJdbcTemplate'
2025-06-13 17:24:45.009 [main] DEBUG org.springframework.jdbc.datasource.DataSourceUtils - Fetching JDBC Connection from DataSource
2025-06-13 17:24:45.014 [main] DEBUG org.springframework.data.convert.CustomConversions - Adding converter from class java.sql.Timestamp to class java.time.LocalDateTime as reading converter
2025-06-13 17:24:45.014 [main] DEBUG org.springframework.data.convert.CustomConversions - Adding converter from class java.sql.Timestamp to class java.time.LocalDate as reading converter
2025-06-13 17:24:45.015 [main] DEBUG org.springframework.data.convert.CustomConversions - Adding converter from class java.time.LocalDate to class java.sql.Timestamp as writing converter
2025-06-13 17:24:45.015 [main] DEBUG org.springframework.data.convert.CustomConversions - Adding converter from class java.sql.Timestamp to class java.time.LocalTime as reading converter
2025-06-13 17:24:45.015 [main] DEBUG org.springframework.data.convert.CustomConversions - Adding converter from class java.time.LocalTime to class java.sql.Timestamp as writing converter
2025-06-13 17:24:45.015 [main] DEBUG org.springframework.data.convert.CustomConversions - Adding converter from class java.sql.Timestamp to class java.time.Instant as reading converter
2025-06-13 17:24:45.015 [main] DEBUG org.springframework.data.convert.CustomConversions - Adding converter from class java.time.Instant to class java.sql.Timestamp as writing converter
2025-06-13 17:24:45.015 [main] DEBUG org.springframework.data.convert.CustomConversions - Adding converter from class java.util.Date to class java.time.LocalDateTime as reading converter
2025-06-13 17:24:45.015 [main] DEBUG org.springframework.data.convert.CustomConversions - Adding converter from class java.time.LocalDateTime to class java.util.Date as writing converter
2025-06-13 17:24:45.016 [main] DEBUG org.springframework.data.convert.CustomConversions - Adding converter from class java.util.Date to class java.time.LocalDate as reading converter
2025-06-13 17:24:45.016 [main] DEBUG org.springframework.data.convert.CustomConversions - Adding converter from class java.time.LocalDate to class java.util.Date as writing converter
2025-06-13 17:24:45.016 [main] DEBUG org.springframework.data.convert.CustomConversions - Adding converter from class java.util.Date to class java.time.LocalTime as reading converter
2025-06-13 17:24:45.016 [main] DEBUG org.springframework.data.convert.CustomConversions - Adding converter from class java.time.LocalTime to class java.util.Date as writing converter
2025-06-13 17:24:45.017 [main] DEBUG org.springframework.data.convert.CustomConversions - Adding converter from class java.util.Date to class java.time.Instant as reading converter
2025-06-13 17:24:45.017 [main] DEBUG org.springframework.data.convert.CustomConversions - Adding converter from class java.time.Instant to class java.util.Date as writing converter
2025-06-13 17:24:45.017 [main] DEBUG org.springframework.data.convert.CustomConversions - Adding converter from class java.time.LocalDateTime to class java.time.Instant as reading converter
2025-06-13 17:24:45.017 [main] DEBUG org.springframework.data.convert.CustomConversions - Adding converter from class java.time.Instant to class java.time.LocalDateTime as reading converter
2025-06-13 17:24:45.018 [main] DEBUG org.springframework.data.convert.CustomConversions - Adding converter from class java.time.ZoneId to class java.lang.String as writing converter
2025-06-13 17:24:45.018 [main] DEBUG org.springframework.data.convert.CustomConversions - Adding converter from class java.lang.String to class java.time.ZoneId as reading converter
2025-06-13 17:24:45.018 [main] DEBUG org.springframework.data.convert.CustomConversions - Adding converter from class java.time.Duration to class java.lang.String as writing converter
2025-06-13 17:24:45.018 [main] DEBUG org.springframework.data.convert.CustomConversions - Adding converter from class java.lang.String to class java.time.Duration as reading converter
2025-06-13 17:24:45.018 [main] DEBUG org.springframework.data.convert.CustomConversions - Adding converter from class java.time.Period to class java.lang.String as writing converter
2025-06-13 17:24:45.018 [main] DEBUG org.springframework.data.convert.CustomConversions - Adding converter from class java.lang.String to class java.time.Period as reading converter
2025-06-13 17:24:45.018 [main] DEBUG org.springframework.data.convert.CustomConversions - Adding converter from class java.lang.String to class java.time.LocalDate as reading converter
2025-06-13 17:24:45.019 [main] DEBUG org.springframework.data.convert.CustomConversions - Adding converter from class java.lang.String to class java.time.LocalDateTime as reading converter
2025-06-13 17:24:45.019 [main] DEBUG org.springframework.data.convert.CustomConversions - Adding converter from class java.lang.String to class java.time.Instant as reading converter
2025-06-13 17:24:45.022 [main] DEBUG org.springframework.beans.factory.support.DefaultListableBeanFactory - Autowiring by type from bean name 'jdbcMappingContext' via factory method to bean named 'jdbcCustomConversions'
2025-06-13 17:24:45.022 [main] DEBUG org.springframework.beans.factory.support.DefaultListableBeanFactory - Autowiring by type from bean name 'jdbcMappingContext' via factory method to bean named 'jdbcManagedTypes'
2025-06-13 17:24:45.027 [main] DEBUG org.springframework.beans.factory.support.DefaultListableBeanFactory - Creating shared instance of singleton bean 'jdbcConverter'
2025-06-13 17:24:45.028 [main] DEBUG org.springframework.beans.factory.support.DefaultListableBeanFactory - Autowiring by type from bean name 'jdbcConverter' via factory method to bean named 'jdbcMappingContext'
2025-06-13 17:24:45.028 [main] DEBUG org.springframework.beans.factory.support.DefaultListableBeanFactory - Autowiring by type from bean name 'jdbcConverter' via factory method to bean named 'namedParameterJdbcTemplate'
2025-06-13 17:24:45.028 [main] DEBUG org.springframework.beans.factory.support.DefaultListableBeanFactory - Autowiring by type from bean name 'jdbcConverter' via factory method to bean named 'jdbcCustomConversions'
2025-06-13 17:24:45.028 [main] DEBUG org.springframework.beans.factory.support.DefaultListableBeanFactory - Autowiring by type from bean name 'jdbcConverter' via factory method to bean named 'jdbcDialect'
2025-06-13 17:24:45.034 [main] DEBUG org.springframework.beans.factory.support.DefaultListableBeanFactory - Creating shared instance of singleton bean 'jdbcAggregateTemplate'
2025-06-13 17:24:45.035 [main] DEBUG org.springframework.beans.factory.support.DefaultListableBeanFactory - Creating shared instance of singleton bean 'dataAccessStrategyBean'
2025-06-13 17:24:45.036 [main] DEBUG org.springframework.beans.factory.support.DefaultListableBeanFactory - Autowiring by type from bean name 'dataAccessStrategyBean' via factory method to bean named 'namedParameterJdbcTemplate'
2025-06-13 17:24:45.036 [main] DEBUG org.springframework.beans.factory.support.DefaultListableBeanFactory - Autowiring by type from bean name 'dataAccessStrategyBean' via factory method to bean named 'jdbcConverter'
2025-06-13 17:24:45.036 [main] DEBUG org.springframework.beans.factory.support.DefaultListableBeanFactory - Autowiring by type from bean name 'dataAccessStrategyBean' via factory method to bean named 'jdbcMappingContext'
2025-06-13 17:24:45.036 [main] DEBUG org.springframework.beans.factory.support.DefaultListableBeanFactory - Autowiring by type from bean name 'dataAccessStrategyBean' via factory method to bean named 'jdbcDialect'
2025-06-13 17:24:45.039 [main] DEBUG org.springframework.beans.factory.support.DefaultListableBeanFactory - Autowiring by type from bean name 'jdbcAggregateTemplate' via factory method to bean named 'org.springframework.web.context.support.GenericWebApplicationContext@4d920a01'
2025-06-13 17:24:45.039 [main] DEBUG org.springframework.beans.factory.support.DefaultListableBeanFactory - Autowiring by type from bean name 'jdbcAggregateTemplate' via factory method to bean named 'jdbcMappingContext'
2025-06-13 17:24:45.039 [main] DEBUG org.springframework.beans.factory.support.DefaultListableBeanFactory - Autowiring by type from bean name 'jdbcAggregateTemplate' via factory method to bean named 'jdbcConverter'
2025-06-13 17:24:45.039 [main] DEBUG org.springframework.beans.factory.support.DefaultListableBeanFactory - Autowiring by type from bean name 'jdbcAggregateTemplate' via factory method to bean named 'dataAccessStrategyBean'
2025-06-13 17:24:45.042 [main] DEBUG org.springframework.beans.factory.support.DefaultListableBeanFactory - Creating shared instance of singleton bean 'org.springframework.boot.autoconfigure.data.jdbc.JdbcRepositoriesAutoConfiguration$JdbcRepositoriesConfiguration'
2025-06-13 17:24:45.043 [main] DEBUG org.springframework.beans.factory.support.DefaultListableBeanFactory - Creating shared instance of singleton bean 'data-jdbc.repository-aot-processor#0'
2025-06-13 17:24:45.047 [main] DEBUG org.springframework.beans.factory.support.DefaultListableBeanFactory - Creating shared instance of singleton bean 'org.springframework.boot.autoconfigure.data.jdbc.JdbcRepositoriesAutoConfiguration'
2025-06-13 17:24:45.049 [main] DEBUG org.springframework.beans.factory.support.DefaultListableBeanFactory - Creating shared instance of singleton bean 'org.springframework.boot.autoconfigure.data.jpa.JpaRepositoriesAutoConfiguration'
2025-06-13 17:24:45.050 [main] DEBUG org.springframework.beans.factory.support.DefaultListableBeanFactory - Creating shared instance of singleton bean 'org.springframework.data.jpa.util.JpaMetamodelCacheCleanup'
2025-06-13 17:24:45.051 [main] DEBUG org.springframework.beans.factory.support.DefaultListableBeanFactory - Creating shared instance of singleton bean 'org.springframework.data.jpa.repository.support.JpaEvaluationContextExtension'
2025-06-13 17:24:45.054 [main] DEBUG org.springframework.beans.factory.support.DefaultListableBeanFactory - Creating shared instance of singleton bean 'jpa.named-queries#6'
2025-06-13 17:24:45.057 [main] DEBUG org.springframework.beans.factory.support.DefaultListableBeanFactory - Creating shared instance of singleton bean 'jpa.AdminRepository.fragments#0'
2025-06-13 17:24:45.058 [main] DEBUG org.springframework.beans.factory.support.DefaultListableBeanFactory - Creating shared instance of singleton bean 'adminRepository'
2025-06-13 17:24:45.062 [main] DEBUG org.springframework.orm.jpa.SharedEntityManagerCreator$SharedEntityManagerInvocationHandler - Creating new EntityManager for shared EntityManager invocation
2025-06-13 17:24:45.064 [main] DEBUG org.springframework.data.repository.core.support.RepositoryFactorySupport - Initializing repository instance for com.example.trainup.repository.AdminRepository…
2025-06-13 17:24:45.065 [main] DEBUG org.springframework.orm.jpa.SharedEntityManagerCreator$SharedEntityManagerInvocationHandler - Creating new EntityManager for shared EntityManager invocation
2025-06-13 17:24:45.066 [main] DEBUG org.springframework.data.repository.core.support.RepositoryFactorySupport - Finished creation of repository instance for com.example.trainup.repository.AdminRepository.
2025-06-13 17:24:45.068 [main] DEBUG org.springframework.beans.factory.support.DefaultListableBeanFactory - Creating shared instance of singleton bean 'data-jpa.repository-aot-processor#0'
2025-06-13 17:24:45.070 [main] DEBUG org.springframework.beans.factory.support.DefaultListableBeanFactory - Creating shared instance of singleton bean 'org.springframework.data.web.config.ProjectingArgumentResolverRegistrar'
2025-06-13 17:24:45.072 [main] DEBUG org.springframework.beans.factory.support.DefaultListableBeanFactory - Creating shared instance of singleton bean 'offsetResolver'
2025-06-13 17:24:45.075 [main] DEBUG org.springframework.beans.factory.support.DefaultListableBeanFactory - Creating shared instance of singleton bean 'org.springframework.boot.autoconfigure.jdbc.JdbcClientAutoConfiguration'
2025-06-13 17:24:45.076 [main] DEBUG org.springframework.beans.factory.support.DefaultListableBeanFactory - Creating shared instance of singleton bean 'jdbcClient'
2025-06-13 17:24:45.077 [main] DEBUG org.springframework.beans.factory.support.DefaultListableBeanFactory - Autowiring by type from bean name 'jdbcClient' via factory method to bean named 'namedParameterJdbcTemplate'
2025-06-13 17:24:45.079 [main] DEBUG org.springframework.beans.factory.support.DefaultListableBeanFactory - Creating shared instance of singleton bean 'org.springframework.boot.autoconfigure.netty.NettyAutoConfiguration'
2025-06-13 17:24:45.079 [main] DEBUG org.springframework.beans.factory.support.DefaultListableBeanFactory - Creating shared instance of singleton bean 'spring.netty-org.springframework.boot.autoconfigure.netty.NettyProperties'
2025-06-13 17:24:45.081 [main] DEBUG org.springframework.beans.factory.support.DefaultListableBeanFactory - Autowiring by type from bean name 'org.springframework.boot.autoconfigure.netty.NettyAutoConfiguration' via constructor to bean named 'spring.netty-org.springframework.boot.autoconfigure.netty.NettyProperties'
2025-06-13 17:24:45.082 [main] DEBUG org.springframework.beans.factory.support.DefaultListableBeanFactory - Creating shared instance of singleton bean 'org.springframework.boot.autoconfigure.reactor.ReactorAutoConfiguration'
2025-06-13 17:24:45.083 [main] DEBUG org.springframework.beans.factory.support.DefaultListableBeanFactory - Creating shared instance of singleton bean 'spring.reactor-org.springframework.boot.autoconfigure.reactor.ReactorProperties'
2025-06-13 17:24:45.084 [main] DEBUG org.springframework.beans.factory.support.DefaultListableBeanFactory - Autowiring by type from bean name 'org.springframework.boot.autoconfigure.reactor.ReactorAutoConfiguration' via constructor to bean named 'spring.reactor-org.springframework.boot.autoconfigure.reactor.ReactorProperties'
2025-06-13 17:24:45.086 [main] DEBUG org.springframework.beans.factory.support.DefaultListableBeanFactory - Creating shared instance of singleton bean 'org.springframework.boot.autoconfigure.security.reactive.ReactiveSecurityAutoConfiguration'
2025-06-13 17:24:45.087 [main] DEBUG org.springframework.beans.factory.support.DefaultListableBeanFactory - Creating shared instance of singleton bean 'spring.security-org.springframework.boot.autoconfigure.security.SecurityProperties'
2025-06-13 17:24:45.089 [main] DEBUG org.springframework.beans.factory.support.DefaultListableBeanFactory - Creating shared instance of singleton bean 'org.springframework.security.config.annotation.web.configuration.WebSecurityConfiguration'
2025-06-13 17:24:45.093 [main] DEBUG org.springframework.beans.factory.support.DefaultListableBeanFactory - Creating shared instance of singleton bean 'filterChainDecoratorPostProcessor'
2025-06-13 17:24:45.095 [main] DEBUG org.springframework.beans.factory.support.DefaultListableBeanFactory - Creating shared instance of singleton bean 'mvcHandlerMappingIntrospectorRequestTransformer'
2025-06-13 17:24:45.104 [main] DEBUG org.springframework.beans.factory.support.DefaultListableBeanFactory - Creating shared instance of singleton bean 'delegatingApplicationListener'
2025-06-13 17:24:45.105 [main] DEBUG org.springframework.beans.factory.support.DefaultListableBeanFactory - Creating shared instance of singleton bean 'springSecurityFilterChain'
2025-06-13 17:24:45.118 [main] DEBUG org.springframework.beans.factory.support.DefaultListableBeanFactory - Creating shared instance of singleton bean 'webSecurityExpressionHandler'
2025-06-13 17:24:45.118 [main] DEBUG org.springframework.beans.factory.support.DefaultListableBeanFactory - Creating shared instance of singleton bean 'privilegeEvaluator'
2025-06-13 17:24:45.119 [main] DEBUG org.springframework.beans.factory.support.DefaultListableBeanFactory - Creating shared instance of singleton bean 'requestDataValueProcessor'
2025-06-13 17:24:45.121 [main] DEBUG org.springframework.beans.factory.support.DefaultListableBeanFactory - Creating shared instance of singleton bean 'org.springframework.security.config.annotation.web.configuration.ObservationConfiguration'
2025-06-13 17:24:45.123 [main] DEBUG org.springframework.beans.factory.support.DefaultListableBeanFactory - Creating shared instance of singleton bean 'org.springframework.boot.autoconfigure.security.servlet.SpringBootWebSecurityConfiguration'
2025-06-13 17:24:45.125 [main] DEBUG org.springframework.beans.factory.support.DefaultListableBeanFactory - Creating shared instance of singleton bean 'org.springframework.boot.autoconfigure.security.servlet.SecurityFilterAutoConfiguration'
2025-06-13 17:24:45.127 [main] DEBUG org.springframework.beans.factory.support.DefaultListableBeanFactory - Creating shared instance of singleton bean 'securityFilterChainRegistration'
2025-06-13 17:24:45.128 [main] DEBUG org.springframework.beans.factory.support.DefaultListableBeanFactory - Autowiring by type from bean name 'securityFilterChainRegistration' via factory method to bean named 'spring.security-org.springframework.boot.autoconfigure.security.SecurityProperties'
2025-06-13 17:24:45.130 [main] DEBUG org.springframework.beans.factory.support.DefaultListableBeanFactory - Creating shared instance of singleton bean 'org.springframework.boot.autoconfigure.sql.init.SqlInitializationAutoConfiguration'
2025-06-13 17:24:45.131 [main] DEBUG org.springframework.beans.factory.support.DefaultListableBeanFactory - Creating shared instance of singleton bean 'org.springframework.boot.autoconfigure.transaction.TransactionAutoConfiguration$EnableTransactionManagementConfiguration$CglibAutoProxyConfiguration'
2025-06-13 17:24:45.132 [main] DEBUG org.springframework.beans.factory.support.DefaultListableBeanFactory - Creating shared instance of singleton bean 'org.springframework.boot.autoconfigure.transaction.TransactionAutoConfiguration$EnableTransactionManagementConfiguration'
2025-06-13 17:24:45.133 [main] DEBUG org.springframework.beans.factory.support.DefaultListableBeanFactory - Creating shared instance of singleton bean 'org.springframework.boot.autoconfigure.transaction.TransactionAutoConfiguration$TransactionTemplateConfiguration'
2025-06-13 17:24:45.135 [main] DEBUG org.springframework.beans.factory.support.DefaultListableBeanFactory - Creating shared instance of singleton bean 'transactionTemplate'
2025-06-13 17:24:45.135 [main] DEBUG org.springframework.beans.factory.support.DefaultListableBeanFactory - Autowiring by type from bean name 'transactionTemplate' via factory method to bean named 'transactionManager'
2025-06-13 17:24:45.139 [main] DEBUG org.springframework.beans.factory.support.DefaultListableBeanFactory - Creating shared instance of singleton bean 'org.springframework.boot.autoconfigure.transaction.TransactionAutoConfiguration'
2025-06-13 17:24:45.140 [main] DEBUG org.springframework.beans.factory.support.DefaultListableBeanFactory - Creating shared instance of singleton bean 'characterEncodingFilter'
2025-06-13 17:24:45.144 [main] DEBUG org.springframework.beans.factory.support.DefaultListableBeanFactory - Creating shared instance of singleton bean 'multipartResolver'
2025-06-13 17:24:45.145 [main] DEBUG org.springframework.beans.factory.support.DefaultListableBeanFactory - Creating shared instance of singleton bean 'payloadRootAnnotationMethodEndpointMapping'
2025-06-13 17:24:45.146 [main] DEBUG org.springframework.ws.server.endpoint.mapping.PayloadRootAnnotationMethodEndpointMapping - Looking for endpoints in application context: org.springframework.web.context.support.GenericWebApplicationContext@4d920a01, started on Fri Jun 13 17:24:36 UTC 2025
2025-06-13 17:24:45.152 [main] DEBUG org.springframework.beans.factory.support.DefaultListableBeanFactory - Creating shared instance of singleton bean 'soapActionAnnotationMethodEndpointMapping'
2025-06-13 17:24:45.153 [main] DEBUG org.springframework.ws.soap.server.endpoint.mapping.SoapActionAnnotationMethodEndpointMapping - Looking for endpoints in application context: org.springframework.web.context.support.GenericWebApplicationContext@4d920a01, started on Fri Jun 13 17:24:36 UTC 2025
2025-06-13 17:24:45.156 [main] DEBUG org.springframework.beans.factory.support.DefaultListableBeanFactory - Creating shared instance of singleton bean 'defaultMethodEndpointAdapter'
2025-06-13 17:24:45.163 [main] DEBUG org.springframework.ws.server.endpoint.adapter.DefaultMethodEndpointAdapter - No MethodArgumentResolvers set, using defaults: [org.springframework.ws.server.endpoint.adapter.method.dom.DomPayloadMethodProcessor@5fb8411a, org.springframework.ws.server.endpoint.adapter.method.MessageContextMethodArgumentResolver@27430d1f, org.springframework.ws.server.endpoint.adapter.method.SourcePayloadMethodProcessor@7a6754df, org.springframework.ws.server.endpoint.adapter.method.XPathParamMethodArgumentResolver@6cb55ac0, org.springframework.ws.soap.server.endpoint.adapter.method.SoapMethodArgumentResolver@711866dd, org.springframework.ws.soap.server.endpoint.adapter.method.SoapHeaderElementMethodArgumentResolver@4e8ca614, org.springframework.ws.server.endpoint.adapter.method.jaxb.XmlRootElementPayloadMethodProcessor@e0dc2b6, org.springframework.ws.server.endpoint.adapter.method.jaxb.JaxbElementPayloadMethodProcessor@4828faed, org.springframework.ws.server.endpoint.adapter.method.StaxPayloadMethodArgumentResolver@7a3453bb]
2025-06-13 17:24:45.167 [main] DEBUG org.springframework.ws.server.endpoint.adapter.DefaultMethodEndpointAdapter - No MethodReturnValueHandlers set, using defaults: [org.springframework.ws.server.endpoint.adapter.method.dom.DomPayloadMethodProcessor@51a3e6ef, org.springframework.ws.server.endpoint.adapter.method.SourcePayloadMethodProcessor@31db861f, org.springframework.ws.server.endpoint.adapter.method.jaxb.XmlRootElementPayloadMethodProcessor@3e2bed5b, org.springframework.ws.server.endpoint.adapter.method.jaxb.JaxbElementPayloadMethodProcessor@665ac8ae]
2025-06-13 17:24:45.171 [main] DEBUG org.springframework.beans.factory.support.DefaultListableBeanFactory - Creating shared instance of singleton bean 'soapFaultAnnotationExceptionResolver'
2025-06-13 17:24:45.175 [main] DEBUG org.springframework.beans.factory.support.DefaultListableBeanFactory - Creating shared instance of singleton bean 'simpleSoapExceptionResolver'
2025-06-13 17:24:45.176 [main] DEBUG org.springframework.beans.factory.support.DefaultListableBeanFactory - Creating shared instance of singleton bean 'org.springframework.boot.autoconfigure.webservices.WebServicesAutoConfiguration$WsConfiguration'
2025-06-13 17:24:45.178 [main] DEBUG org.springframework.beans.factory.support.DefaultListableBeanFactory - Creating shared instance of singleton bean 'org.springframework.boot.autoconfigure.webservices.WebServicesAutoConfiguration'
2025-06-13 17:24:45.179 [main] DEBUG org.springframework.beans.factory.support.DefaultListableBeanFactory - Creating shared instance of singleton bean 'messageDispatcherServlet'
2025-06-13 17:24:45.180 [main] DEBUG org.springframework.beans.factory.support.DefaultListableBeanFactory - Creating shared instance of singleton bean 'spring.webservices-org.springframework.boot.autoconfigure.webservices.WebServicesProperties'
2025-06-13 17:24:45.181 [main] DEBUG org.springframework.beans.factory.support.DefaultListableBeanFactory - Autowiring by type from bean name 'messageDispatcherServlet' via factory method to bean named 'org.springframework.web.context.support.GenericWebApplicationContext@4d920a01'
2025-06-13 17:24:45.182 [main] DEBUG org.springframework.beans.factory.support.DefaultListableBeanFactory - Autowiring by type from bean name 'messageDispatcherServlet' via factory method to bean named 'spring.webservices-org.springframework.boot.autoconfigure.webservices.WebServicesProperties'
2025-06-13 17:24:45.183 [main] DEBUG org.springframework.beans.factory.support.DefaultListableBeanFactory - Creating shared instance of singleton bean 'org.springframework.boot.autoconfigure.webservices.client.WebServiceTemplateAutoConfiguration'
2025-06-13 17:24:45.184 [main] DEBUG org.springframework.beans.factory.support.DefaultListableBeanFactory - Creating shared instance of singleton bean 'webServiceHttpMessageSenderFactory'
2025-06-13 17:24:45.191 [main] DEBUG org.springframework.beans.factory.support.DefaultListableBeanFactory - Creating shared instance of singleton bean 'webServiceTemplateBuilder'
2025-06-13 17:24:45.193 [main] DEBUG org.springframework.beans.factory.support.DefaultListableBeanFactory - Creating shared instance of singleton bean 'org.springframework.boot.actuate.autoconfigure.endpoint.web.ServletEndpointManagementContextConfiguration$WebMvcServletEndpointManagementContextConfiguration'
2025-06-13 17:24:45.195 [main] DEBUG org.springframework.beans.factory.support.DefaultListableBeanFactory - Creating shared instance of singleton bean 'servletEndpointRegistrar'
2025-06-13 17:24:45.195 [main] DEBUG org.springframework.beans.factory.support.DefaultListableBeanFactory - Autowiring by type from bean name 'servletEndpointRegistrar' via factory method to bean named 'management.endpoints.web-org.springframework.boot.actuate.autoconfigure.endpoint.web.WebEndpointProperties'
2025-06-13 17:24:45.195 [main] DEBUG org.springframework.beans.factory.support.DefaultListableBeanFactory - Autowiring by type from bean name 'servletEndpointRegistrar' via factory method to bean named 'servletEndpointDiscoverer'
2025-06-13 17:24:45.195 [main] DEBUG org.springframework.beans.factory.support.DefaultListableBeanFactory - Autowiring by type from bean name 'servletEndpointRegistrar' via factory method to bean named 'dispatcherServletRegistration'
2025-06-13 17:24:45.195 [main] DEBUG org.springframework.beans.factory.support.DefaultListableBeanFactory - Autowiring by type from bean name 'servletEndpointRegistrar' via factory method to bean named 'propertiesEndpointAccessResolver'
2025-06-13 17:24:45.197 [main] DEBUG org.springframework.beans.factory.support.DefaultListableBeanFactory - Creating shared instance of singleton bean 'org.springframework.boot.actuate.autoconfigure.security.servlet.SecurityRequestMatchersManagementContextConfiguration$MvcRequestMatcherConfiguration'
2025-06-13 17:24:45.198 [main] DEBUG org.springframework.beans.factory.support.DefaultListableBeanFactory - Creating shared instance of singleton bean 'requestMatcherProvider'
2025-06-13 17:24:45.198 [main] DEBUG org.springframework.beans.factory.support.DefaultListableBeanFactory - Autowiring by type from bean name 'requestMatcherProvider' via factory method to bean named 'dispatcherServletRegistration'
2025-06-13 17:24:45.199 [main] DEBUG org.springframework.beans.factory.support.DefaultListableBeanFactory - Creating shared instance of singleton bean 'org.springframework.boot.actuate.autoconfigure.security.servlet.SecurityRequestMatchersManagementContextConfiguration'
2025-06-13 17:24:45.201 [main] DEBUG org.springframework.beans.factory.support.DefaultListableBeanFactory - Creating shared instance of singleton bean 'org.springframework.boot.actuate.autoconfigure.web.server.ManagementContextAutoConfiguration$SameManagementContextConfiguration$EnableSameManagementContextConfiguration'
2025-06-13 17:24:45.202 [main] DEBUG org.springframework.beans.factory.support.DefaultListableBeanFactory - Creating shared instance of singleton bean 'org.springframework.boot.actuate.autoconfigure.web.server.ManagementContextAutoConfiguration$SameManagementContextConfiguration'
2025-06-13 17:24:45.202 [main] DEBUG org.springframework.beans.factory.support.DefaultListableBeanFactory - Autowiring by type from bean name 'org.springframework.boot.actuate.autoconfigure.web.server.ManagementContextAutoConfiguration$SameManagementContextConfiguration' via constructor to bean named 'environment'
2025-06-13 17:24:45.203 [main] DEBUG org.springframework.beans.factory.support.DefaultListableBeanFactory - Creating shared instance of singleton bean 'org.springframework.boot.actuate.autoconfigure.web.server.ManagementContextAutoConfiguration'
2025-06-13 17:24:45.205 [main] DEBUG org.springframework.beans.factory.support.DefaultListableBeanFactory - Creating shared instance of singleton bean 'management.server-org.springframework.boot.actuate.autoconfigure.web.server.ManagementServerProperties'
2025-06-13 17:24:45.216 [main] DEBUG org.springframework.context.support.DefaultLifecycleProcessor - Starting beans in phase -2147483647
2025-06-13 17:24:45.216 [main] DEBUG org.springframework.context.support.DefaultLifecycleProcessor - Successfully started bean 'springBootLoggingLifecycle'
2025-06-13 17:24:45.216 [main] DEBUG org.springframework.context.support.DefaultLifecycleProcessor - Starting beans in phase 0
2025-06-13 17:24:45.217 [main] DEBUG org.springframework.context.support.DefaultLifecycleProcessor - Successfully started bean 'reactorResourceFactory'
2025-06-13 17:24:45.217 [main] DEBUG org.springframework.context.support.DefaultLifecycleProcessor - Starting beans in phase 1073741823
2025-06-13 17:24:45.224 [main] DEBUG org.springframework.boot.autoconfigure.logging.ConditionEvaluationReportLogger - 


============================
CONDITIONS EVALUATION REPORT
============================


Positive matches:
-----------------

   AopAutoConfiguration matched:
      - @ConditionalOnProperty (spring.aop.auto=true) matched (OnPropertyCondition)

   AopAutoConfiguration.AspectJAutoProxyingConfiguration matched:
      - @ConditionalOnClass found required class 'org.aspectj.weaver.Advice' (OnClassCondition)

   AopAutoConfiguration.AspectJAutoProxyingConfiguration.CglibAutoProxyConfiguration matched:
      - @ConditionalOnProperty (spring.aop.proxy-target-class=true) matched (OnPropertyCondition)

   ApplicationAvailabilityAutoConfiguration#applicationAvailability matched:
      - @ConditionalOnMissingBean (types: org.springframework.boot.availability.ApplicationAvailability; SearchStrategy: all) did not find any beans (OnBeanCondition)

   CacheMeterBinderProvidersConfiguration matched:
      - @ConditionalOnClass found required class 'io.micrometer.core.instrument.binder.MeterBinder' (OnClassCondition)

   ClientHttpConnectorAutoConfiguration matched:
      - @ConditionalOnClass found required class 'org.springframework.web.reactive.function.client.WebClient' (OnClassCondition)

   ClientHttpConnectorAutoConfiguration#webClientHttpConnector matched:
      - @ConditionalOnMissingBean (types: org.springframework.http.client.reactive.ClientHttpConnector; SearchStrategy: all) did not find any beans (OnBeanCondition)

   ClientHttpConnectorAutoConfiguration#webClientHttpConnectorCustomizer matched:
      - @ConditionalOnBean (types: org.springframework.http.client.reactive.ClientHttpConnector; SearchStrategy: all) found bean 'webClientHttpConnector' (OnBeanCondition)

   ClientHttpConnectorFactoryConfiguration.ReactorNetty matched:
      - @ConditionalOnClass found required class 'reactor.netty.http.client.HttpClient' (OnClassCondition)
      - @ConditionalOnMissingBean (types: org.springframework.boot.autoconfigure.web.reactive.function.client.ClientHttpConnectorFactory; SearchStrategy: all) did not find any beans (OnBeanCondition)

   CodecsAutoConfiguration matched:
      - @ConditionalOnClass found required classes 'org.springframework.http.codec.CodecConfigurer', 'org.springframework.web.reactive.function.client.WebClient' (OnClassCondition)

   CodecsAutoConfiguration.JacksonCodecConfiguration matched:
      - @ConditionalOnClass found required class 'com.fasterxml.jackson.databind.ObjectMapper' (OnClassCondition)

   CodecsAutoConfiguration.JacksonCodecConfiguration#jacksonCodecCustomizer matched:
      - @ConditionalOnBean (types: com.fasterxml.jackson.databind.ObjectMapper; SearchStrategy: all) found bean 'jacksonObjectMapper' (OnBeanCondition)

   CompositeMeterRegistryAutoConfiguration matched:
      - @ConditionalOnClass found required class 'io.micrometer.core.instrument.composite.CompositeMeterRegistry' (OnClassCondition)

   DataSourceAutoConfiguration matched:
      - @ConditionalOnClass found required classes 'javax.sql.DataSource', 'org.springframework.jdbc.datasource.embedded.EmbeddedDatabaseType' (OnClassCondition)
      - @ConditionalOnMissingBean (types: io.r2dbc.spi.ConnectionFactory; SearchStrategy: all) did not find any beans (OnBeanCondition)

   DataSourceAutoConfiguration.PooledDataSourceConfiguration matched:
      - AnyNestedCondition 1 matched 1 did not; NestedCondition on DataSourceAutoConfiguration.PooledDataSourceCondition.PooledDataSourceAvailable PooledDataSource found supported DataSource; NestedCondition on DataSourceAutoConfiguration.PooledDataSourceCondition.ExplicitType @ConditionalOnProperty (spring.datasource.type) did not find property 'type' (DataSourceAutoConfiguration.PooledDataSourceCondition)
      - @ConditionalOnMissingBean (types: javax.sql.DataSource,javax.sql.XADataSource; SearchStrategy: all) did not find any beans (OnBeanCondition)

   DataSourceAutoConfiguration.PooledDataSourceConfiguration#jdbcConnectionDetails matched:
      - @ConditionalOnMissingBean (types: org.springframework.boot.autoconfigure.jdbc.JdbcConnectionDetails; SearchStrategy: all) did not find any beans (OnBeanCondition)

   DataSourceConfiguration.Hikari matched:
      - @ConditionalOnClass found required class 'com.zaxxer.hikari.HikariDataSource' (OnClassCondition)
      - @ConditionalOnProperty (spring.datasource.type=com.zaxxer.hikari.HikariDataSource) matched (OnPropertyCondition)
      - @ConditionalOnMissingBean (types: javax.sql.DataSource; SearchStrategy: all) did not find any beans (OnBeanCondition)

   DataSourceHealthContributorAutoConfiguration matched:
      - @ConditionalOnClass found required classes 'org.springframework.jdbc.core.JdbcTemplate', 'org.springframework.jdbc.datasource.lookup.AbstractRoutingDataSource' (OnClassCondition)
      - @ConditionalOnEnabledHealthIndicator management.health.defaults.enabled is considered true (OnEnabledHealthIndicatorCondition)
      - @ConditionalOnBean (types: javax.sql.DataSource; SearchStrategy: all) found bean 'dataSource' (OnBeanCondition)

   DataSourceHealthContributorAutoConfiguration#dbHealthContributor matched:
      - @ConditionalOnMissingBean (names: dbHealthIndicator,dbHealthContributor; SearchStrategy: all) did not find any beans (OnBeanCondition)

   DataSourceInitializationConfiguration matched:
      - @ConditionalOnClass found required class 'org.springframework.jdbc.datasource.init.DatabasePopulator' (OnClassCondition)
      - @ConditionalOnSingleCandidate (types: javax.sql.DataSource; SearchStrategy: all) found a single bean 'dataSource'; @ConditionalOnMissingBean (types: org.springframework.boot.autoconfigure.sql.init.SqlDataSourceScriptDatabaseInitializer,org.springframework.boot.autoconfigure.sql.init.SqlR2dbcScriptDatabaseInitializer; SearchStrategy: all) did not find any beans (OnBeanCondition)

   DataSourcePoolMetadataProvidersConfiguration.HikariPoolDataSourceMetadataProviderConfiguration matched:
      - @ConditionalOnClass found required class 'com.zaxxer.hikari.HikariDataSource' (OnClassCondition)

   DataSourcePoolMetricsAutoConfiguration matched:
      - @ConditionalOnClass found required classes 'javax.sql.DataSource', 'io.micrometer.core.instrument.MeterRegistry' (OnClassCondition)
      - @ConditionalOnBean (types: javax.sql.DataSource,io.micrometer.core.instrument.MeterRegistry; SearchStrategy: all) found beans 'simpleMeterRegistry', 'dataSource' (OnBeanCondition)

   DataSourcePoolMetricsAutoConfiguration.DataSourcePoolMetadataMetricsConfiguration matched:
      - @ConditionalOnBean (types: org.springframework.boot.jdbc.metadata.DataSourcePoolMetadataProvider; SearchStrategy: all) found bean 'hikariPoolDataSourceMetadataProvider' (OnBeanCondition)

   DataSourcePoolMetricsAutoConfiguration.HikariDataSourceMetricsConfiguration matched:
      - @ConditionalOnClass found required class 'com.zaxxer.hikari.HikariDataSource' (OnClassCondition)

   DataSourceTransactionManagerAutoConfiguration matched:
      - @ConditionalOnClass found required classes 'javax.sql.DataSource', 'org.springframework.jdbc.core.JdbcTemplate', 'org.springframework.transaction.TransactionManager' (OnClassCondition)

   DataSourceTransactionManagerAutoConfiguration.JdbcTransactionManagerConfiguration matched:
      - @ConditionalOnSingleCandidate (types: javax.sql.DataSource; SearchStrategy: all) found a single bean 'dataSource' (OnBeanCondition)

   DiskSpaceHealthContributorAutoConfiguration matched:
      - @ConditionalOnEnabledHealthIndicator management.health.defaults.enabled is considered true (OnEnabledHealthIndicatorCondition)

   DiskSpaceHealthContributorAutoConfiguration#diskSpaceHealthIndicator matched:
      - @ConditionalOnMissingBean (names: diskSpaceHealthIndicator; SearchStrategy: all) did not find any beans (OnBeanCondition)

   DispatcherServletAutoConfiguration matched:
      - @ConditionalOnClass found required class 'org.springframework.web.servlet.DispatcherServlet' (OnClassCondition)
      - found 'session' scope (OnWebApplicationCondition)

   DispatcherServletAutoConfiguration.DispatcherServletConfiguration matched:
      - @ConditionalOnClass found required class 'jakarta.servlet.ServletRegistration' (OnClassCondition)
      - Default DispatcherServlet did not find dispatcher servlet beans (DispatcherServletAutoConfiguration.DefaultDispatcherServletCondition)

   DispatcherServletAutoConfiguration.DispatcherServletRegistrationConfiguration matched:
      - @ConditionalOnClass found required class 'jakarta.servlet.ServletRegistration' (OnClassCondition)
      - DispatcherServlet Registration did not find servlet registration bean (DispatcherServletAutoConfiguration.DispatcherServletRegistrationCondition)

   DispatcherServletAutoConfiguration.DispatcherServletRegistrationConfiguration#dispatcherServletRegistration matched:
      - @ConditionalOnBean (names: dispatcherServlet types: org.springframework.web.servlet.DispatcherServlet; SearchStrategy: all) found bean 'dispatcherServlet' (OnBeanCondition)

   EndpointAutoConfiguration#endpointCachingOperationInvokerAdvisor matched:
      - @ConditionalOnMissingBean (types: org.springframework.boot.actuate.endpoint.invoker.cache.CachingOperationInvokerAdvisor; SearchStrategy: all) did not find any beans (OnBeanCondition)

   EndpointAutoConfiguration#endpointOperationParameterMapper matched:
      - @ConditionalOnMissingBean (types: org.springframework.boot.actuate.endpoint.invoke.ParameterValueMapper; SearchStrategy: all) did not find any beans (OnBeanCondition)

   EndpointAutoConfiguration#propertiesEndpointAccessResolver matched:
      - @ConditionalOnMissingBean (types: org.springframework.boot.actuate.endpoint.EndpointAccessResolver; SearchStrategy: all) did not find any beans (OnBeanCondition)

   ErrorMvcAutoConfiguration matched:
      - @ConditionalOnClass found required classes 'jakarta.servlet.Servlet', 'org.springframework.web.servlet.DispatcherServlet' (OnClassCondition)
      - found 'session' scope (OnWebApplicationCondition)

   ErrorMvcAutoConfiguration#basicErrorController matched:
      - @ConditionalOnMissingBean (types: org.springframework.boot.web.servlet.error.ErrorController; SearchStrategy: current) did not find any beans (OnBeanCondition)

   ErrorMvcAutoConfiguration#errorAttributes matched:
      - @ConditionalOnMissingBean (types: org.springframework.boot.web.servlet.error.ErrorAttributes; SearchStrategy: current) did not find any beans (OnBeanCondition)

   ErrorMvcAutoConfiguration.DefaultErrorViewResolverConfiguration#conventionErrorViewResolver matched:
      - @ConditionalOnBean (types: org.springframework.web.servlet.DispatcherServlet; SearchStrategy: all) found bean 'dispatcherServlet'; @ConditionalOnMissingBean (types: org.springframework.boot.autoconfigure.web.servlet.error.ErrorViewResolver; SearchStrategy: all) did not find any beans (OnBeanCondition)

   ErrorMvcAutoConfiguration.WhitelabelErrorViewConfiguration matched:
      - @ConditionalOnProperty (server.error.whitelabel.enabled) matched (OnPropertyCondition)
      - ErrorTemplate Missing did not find error template view (ErrorMvcAutoConfiguration.ErrorTemplateMissingCondition)

   ErrorMvcAutoConfiguration.WhitelabelErrorViewConfiguration#beanNameViewResolver matched:
      - @ConditionalOnMissingBean (types: org.springframework.web.servlet.view.BeanNameViewResolver; SearchStrategy: all) did not find any beans (OnBeanCondition)

   ErrorMvcAutoConfiguration.WhitelabelErrorViewConfiguration#defaultErrorView matched:
      - @ConditionalOnMissingBean (names: error; SearchStrategy: all) did not find any beans (OnBeanCondition)

   GenericCacheConfiguration matched:
      - Cache org.springframework.boot.autoconfigure.cache.GenericCacheConfiguration automatic cache type (CacheCondition)

   GsonAutoConfiguration matched:
      - @ConditionalOnClass found required class 'com.google.gson.Gson' (OnClassCondition)

   GsonAutoConfiguration#gson matched:
      - @ConditionalOnMissingBean (types: com.google.gson.Gson; SearchStrategy: all) did not find any beans (OnBeanCondition)

   GsonAutoConfiguration#gsonBuilder matched:
      - @ConditionalOnMissingBean (types: com.google.gson.GsonBuilder; SearchStrategy: all) did not find any beans (OnBeanCondition)

   GsonHttpMessageConvertersConfiguration matched:
      - @ConditionalOnClass found required class 'com.google.gson.Gson' (OnClassCondition)

   HealthContributorAutoConfiguration#pingHealthContributor matched:
      - @ConditionalOnEnabledHealthIndicator management.health.defaults.enabled is considered true (OnEnabledHealthIndicatorCondition)

   HealthEndpointAutoConfiguration matched:
      - @ConditionalOnAvailableEndpoint marked as exposed by a 'management.endpoints.web.exposure' property (OnAvailableEndpointCondition)

   HealthEndpointConfiguration#healthContributorRegistry matched:
      - @ConditionalOnMissingBean (types: org.springframework.boot.actuate.health.HealthContributorRegistry; SearchStrategy: all) did not find any beans (OnBeanCondition)

   HealthEndpointConfiguration#healthEndpoint matched:
      - @ConditionalOnMissingBean (types: org.springframework.boot.actuate.health.HealthEndpoint; SearchStrategy: all) did not find any beans (OnBeanCondition)

   HealthEndpointConfiguration#healthEndpointGroupMembershipValidator matched:
      - @ConditionalOnProperty (management.endpoint.health.validate-group-membership=true) matched (OnPropertyCondition)

   HealthEndpointConfiguration#healthEndpointGroups matched:
      - @ConditionalOnMissingBean (types: org.springframework.boot.actuate.health.HealthEndpointGroups; SearchStrategy: all) did not find any beans (OnBeanCondition)

   HealthEndpointConfiguration#healthHttpCodeStatusMapper matched:
      - @ConditionalOnMissingBean (types: org.springframework.boot.actuate.health.HttpCodeStatusMapper; SearchStrategy: all) did not find any beans (OnBeanCondition)

   HealthEndpointConfiguration#healthStatusAggregator matched:
      - @ConditionalOnMissingBean (types: org.springframework.boot.actuate.health.StatusAggregator; SearchStrategy: all) did not find any beans (OnBeanCondition)

   HealthEndpointWebExtensionConfiguration matched:
      - found 'session' scope (OnWebApplicationCondition)
      - @ConditionalOnAvailableEndpoint marked as exposed by a 'management.endpoints.web.exposure' property (OnAvailableEndpointCondition)
      - @ConditionalOnBean (types: org.springframework.boot.actuate.health.HealthEndpoint; SearchStrategy: all) found bean 'healthEndpoint' (OnBeanCondition)

   HealthEndpointWebExtensionConfiguration#healthEndpointWebExtension matched:
      - @ConditionalOnMissingBean (types: org.springframework.boot.actuate.health.HealthEndpointWebExtension; SearchStrategy: all) did not find any beans (OnBeanCondition)

   HealthEndpointWebExtensionConfiguration.MvcAdditionalHealthEndpointPathsConfiguration matched:
      - @ConditionalOnBean (types: org.springframework.web.servlet.DispatcherServlet; SearchStrategy: all) found bean 'dispatcherServlet' (OnBeanCondition)

   HibernateJpaAutoConfiguration matched:
      - @ConditionalOnClass found required classes 'org.springframework.orm.jpa.LocalContainerEntityManagerFactoryBean', 'jakarta.persistence.EntityManager', 'org.hibernate.engine.spi.SessionImplementor' (OnClassCondition)

   HibernateJpaConfiguration matched:
      - @ConditionalOnSingleCandidate (types: javax.sql.DataSource; SearchStrategy: all) found a single bean 'dataSource' (OnBeanCondition)

   HttpClientAutoConfiguration matched:
      - @ConditionalOnClass found required class 'org.springframework.http.client.ClientHttpRequestFactory' (OnClassCondition)
      - NoneNestedConditions 0 matched 1 did not; NestedCondition on NotReactiveWebApplicationCondition.ReactiveWebApplication not a reactive web application (NotReactiveWebApplicationCondition)

   HttpClientAutoConfiguration#clientHttpRequestFactoryBuilder matched:
      - @ConditionalOnMissingBean (types: org.springframework.boot.http.client.ClientHttpRequestFactoryBuilder; SearchStrategy: all) did not find any beans (OnBeanCondition)

   HttpClientAutoConfiguration#clientHttpRequestFactorySettings matched:
      - @ConditionalOnMissingBean (types: org.springframework.boot.http.client.ClientHttpRequestFactorySettings; SearchStrategy: all) did not find any beans (OnBeanCondition)

   HttpClientObservationsAutoConfiguration matched:
      - @ConditionalOnClass found required class 'io.micrometer.observation.Observation' (OnClassCondition)
      - @ConditionalOnBean (types: io.micrometer.observation.ObservationRegistry; SearchStrategy: all) found bean 'observationRegistry' (OnBeanCondition)

   HttpClientObservationsAutoConfiguration.MeterFilterConfiguration matched:
      - @ConditionalOnClass found required class 'io.micrometer.core.instrument.MeterRegistry' (OnClassCondition)
      - @ConditionalOnBean (types: io.micrometer.core.instrument.MeterRegistry; SearchStrategy: all) found bean 'simpleMeterRegistry' (OnBeanCondition)

   HttpEncodingAutoConfiguration matched:
      - @ConditionalOnClass found required class 'org.springframework.web.filter.CharacterEncodingFilter' (OnClassCondition)
      - found 'session' scope (OnWebApplicationCondition)
      - @ConditionalOnProperty (server.servlet.encoding.enabled) matched (OnPropertyCondition)

   HttpEncodingAutoConfiguration#characterEncodingFilter matched:
      - @ConditionalOnMissingBean (types: org.springframework.web.filter.CharacterEncodingFilter; SearchStrategy: all) did not find any beans (OnBeanCondition)

   HttpMessageConvertersAutoConfiguration matched:
      - @ConditionalOnClass found required class 'org.springframework.http.converter.HttpMessageConverter' (OnClassCondition)
      - NoneNestedConditions 0 matched 1 did not; NestedCondition on HttpMessageConvertersAutoConfiguration.NotReactiveWebApplicationCondition.ReactiveWebApplication not a reactive web application (HttpMessageConvertersAutoConfiguration.NotReactiveWebApplicationCondition)

   HttpMessageConvertersAutoConfiguration#messageConverters matched:
      - @ConditionalOnMissingBean (types: org.springframework.boot.autoconfigure.http.HttpMessageConverters; SearchStrategy: all) did not find any beans (OnBeanCondition)

   HttpMessageConvertersAutoConfiguration.StringHttpMessageConverterConfiguration matched:
      - @ConditionalOnClass found required class 'org.springframework.http.converter.StringHttpMessageConverter' (OnClassCondition)

   HttpMessageConvertersAutoConfiguration.StringHttpMessageConverterConfiguration#stringHttpMessageConverter matched:
      - @ConditionalOnMissingBean (types: org.springframework.http.converter.StringHttpMessageConverter; SearchStrategy: all) did not find any beans (OnBeanCondition)

   JacksonAutoConfiguration matched:
      - @ConditionalOnClass found required class 'com.fasterxml.jackson.databind.ObjectMapper' (OnClassCondition)

   JacksonAutoConfiguration.Jackson2ObjectMapperBuilderCustomizerConfiguration matched:
      - @ConditionalOnClass found required class 'org.springframework.http.converter.json.Jackson2ObjectMapperBuilder' (OnClassCondition)

   JacksonAutoConfiguration.JacksonObjectMapperBuilderConfiguration matched:
      - @ConditionalOnClass found required class 'org.springframework.http.converter.json.Jackson2ObjectMapperBuilder' (OnClassCondition)

   JacksonAutoConfiguration.JacksonObjectMapperBuilderConfiguration#jacksonObjectMapperBuilder matched:
      - @ConditionalOnMissingBean (types: org.springframework.http.converter.json.Jackson2ObjectMapperBuilder; SearchStrategy: all) did not find any beans (OnBeanCondition)

   JacksonAutoConfiguration.JacksonObjectMapperConfiguration matched:
      - @ConditionalOnClass found required class 'org.springframework.http.converter.json.Jackson2ObjectMapperBuilder' (OnClassCondition)

   JacksonAutoConfiguration.JacksonObjectMapperConfiguration#jacksonObjectMapper matched:
      - @ConditionalOnMissingBean (types: com.fasterxml.jackson.databind.ObjectMapper; SearchStrategy: all) did not find any beans (OnBeanCondition)

   JacksonAutoConfiguration.ParameterNamesModuleConfiguration matched:
      - @ConditionalOnClass found required class 'com.fasterxml.jackson.module.paramnames.ParameterNamesModule' (OnClassCondition)

   JacksonAutoConfiguration.ParameterNamesModuleConfiguration#parameterNamesModule matched:
      - @ConditionalOnMissingBean (types: com.fasterxml.jackson.module.paramnames.ParameterNamesModule; SearchStrategy: all) did not find any beans (OnBeanCondition)

   JacksonEndpointAutoConfiguration#endpointObjectMapper matched:
      - @ConditionalOnClass found required classes 'com.fasterxml.jackson.databind.ObjectMapper', 'org.springframework.http.converter.json.Jackson2ObjectMapperBuilder' (OnClassCondition)
      - @ConditionalOnProperty (management.endpoints.jackson.isolated-object-mapper) matched (OnPropertyCondition)

   JacksonHttpMessageConvertersConfiguration.MappingJackson2HttpMessageConverterConfiguration matched:
      - @ConditionalOnClass found required class 'com.fasterxml.jackson.databind.ObjectMapper' (OnClassCondition)
      - @ConditionalOnProperty (spring.mvc.converters.preferred-json-mapper=jackson) matched (OnPropertyCondition)
      - @ConditionalOnBean (types: com.fasterxml.jackson.databind.ObjectMapper; SearchStrategy: all) found bean 'jacksonObjectMapper' (OnBeanCondition)

   JacksonHttpMessageConvertersConfiguration.MappingJackson2HttpMessageConverterConfiguration#mappingJackson2HttpMessageConverter matched:
      - @ConditionalOnMissingBean (types: org.springframework.http.converter.json.MappingJackson2HttpMessageConverter ignored: org.springframework.hateoas.server.mvc.TypeConstrainedMappingJackson2HttpMessageConverter,org.springframework.data.rest.webmvc.alps.AlpsJsonHttpMessageConverter; SearchStrategy: all) did not find any beans (OnBeanCondition)

   JdbcClientAutoConfiguration matched:
      - @ConditionalOnSingleCandidate (types: org.springframework.jdbc.core.namedparam.NamedParameterJdbcTemplate; SearchStrategy: all) found a single bean 'namedParameterJdbcTemplate'; @ConditionalOnMissingBean (types: org.springframework.jdbc.core.simple.JdbcClient; SearchStrategy: all) did not find any beans (OnBeanCondition)

   JdbcRepositoriesAutoConfiguration matched:
      - @ConditionalOnClass found required classes 'org.springframework.jdbc.core.namedparam.NamedParameterJdbcOperations', 'org.springframework.data.jdbc.repository.config.AbstractJdbcConfiguration' (OnClassCondition)
      - @ConditionalOnProperty (spring.data.jdbc.repositories.enabled=true) matched (OnPropertyCondition)
      - @ConditionalOnBean (types: org.springframework.jdbc.core.namedparam.NamedParameterJdbcOperations,org.springframework.transaction.PlatformTransactionManager; SearchStrategy: all) found beans 'transactionManager', 'namedParameterJdbcTemplate' (OnBeanCondition)

   JdbcRepositoriesAutoConfiguration.JdbcRepositoriesConfiguration matched:
      - @ConditionalOnMissingBean (types: org.springframework.data.jdbc.repository.config.JdbcRepositoryConfigExtension; SearchStrategy: all) did not find any beans (OnBeanCondition)

   JdbcRepositoriesAutoConfiguration.SpringBootJdbcConfiguration matched:
      - @ConditionalOnMissingBean (types: org.springframework.data.jdbc.repository.config.AbstractJdbcConfiguration; SearchStrategy: all) did not find any beans (OnBeanCondition)

   JdbcRepositoriesAutoConfiguration.SpringBootJdbcConfiguration#dataAccessStrategyBean matched:
      - @ConditionalOnMissingBean (types: org.springframework.data.jdbc.core.convert.DataAccessStrategy; SearchStrategy: all) did not find any beans (OnBeanCondition)

   JdbcRepositoriesAutoConfiguration.SpringBootJdbcConfiguration#jdbcAggregateTemplate matched:
      - @ConditionalOnMissingBean (types: org.springframework.data.jdbc.core.JdbcAggregateTemplate; SearchStrategy: all) did not find any beans (OnBeanCondition)

   JdbcRepositoriesAutoConfiguration.SpringBootJdbcConfiguration#jdbcConverter matched:
      - @ConditionalOnMissingBean (types: org.springframework.data.jdbc.core.convert.JdbcConverter; SearchStrategy: all) did not find any beans (OnBeanCondition)

   JdbcRepositoriesAutoConfiguration.SpringBootJdbcConfiguration#jdbcCustomConversions matched:
      - @ConditionalOnMissingBean (types: org.springframework.data.jdbc.core.convert.JdbcCustomConversions; SearchStrategy: all) did not find any beans (OnBeanCondition)

   JdbcRepositoriesAutoConfiguration.SpringBootJdbcConfiguration#jdbcDialect matched:
      - @ConditionalOnMissingBean (types: org.springframework.data.relational.core.dialect.Dialect; SearchStrategy: all) did not find any beans (OnBeanCondition)

   JdbcRepositoriesAutoConfiguration.SpringBootJdbcConfiguration#jdbcManagedTypes matched:
      - @ConditionalOnMissingBean (types: org.springframework.data.relational.RelationalManagedTypes; SearchStrategy: all) did not find any beans (OnBeanCondition)

   JdbcRepositoriesAutoConfiguration.SpringBootJdbcConfiguration#jdbcMappingContext matched:
      - @ConditionalOnMissingBean (types: org.springframework.data.jdbc.core.mapping.JdbcMappingContext; SearchStrategy: all) did not find any beans (OnBeanCondition)

   JdbcTemplateAutoConfiguration matched:
      - @ConditionalOnClass found required classes 'javax.sql.DataSource', 'org.springframework.jdbc.core.JdbcTemplate' (OnClassCondition)
      - @ConditionalOnSingleCandidate (types: javax.sql.DataSource; SearchStrategy: all) found a single bean 'dataSource' (OnBeanCondition)

   JdbcTemplateConfiguration matched:
      - @ConditionalOnMissingBean (types: org.springframework.jdbc.core.JdbcOperations; SearchStrategy: all) did not find any beans (OnBeanCondition)

   JpaBaseConfiguration#entityManagerFactory matched:
      - @ConditionalOnMissingBean (types: org.springframework.orm.jpa.LocalContainerEntityManagerFactoryBean,jakarta.persistence.EntityManagerFactory; SearchStrategy: all) did not find any beans (OnBeanCondition)

   JpaBaseConfiguration#entityManagerFactoryBuilder matched:
      - @ConditionalOnMissingBean (types: org.springframework.boot.orm.jpa.EntityManagerFactoryBuilder; SearchStrategy: all) did not find any beans (OnBeanCondition)

   JpaBaseConfiguration#jpaVendorAdapter matched:
      - @ConditionalOnMissingBean (types: org.springframework.orm.jpa.JpaVendorAdapter; SearchStrategy: all) did not find any beans (OnBeanCondition)

   JpaBaseConfiguration#transactionManager matched:
      - @ConditionalOnMissingBean (types: org.springframework.transaction.TransactionManager; SearchStrategy: all) did not find any beans (OnBeanCondition)

   JpaBaseConfiguration.JpaWebConfiguration matched:
      - @ConditionalOnClass found required class 'org.springframework.web.servlet.config.annotation.WebMvcConfigurer' (OnClassCondition)
      - found 'session' scope (OnWebApplicationCondition)
      - @ConditionalOnProperty (spring.jpa.open-in-view=true) matched (OnPropertyCondition)
      - @ConditionalOnMissingBean (types: org.springframework.orm.jpa.support.OpenEntityManagerInViewInterceptor,org.springframework.orm.jpa.support.OpenEntityManagerInViewFilter; SearchStrategy: all) did not find any beans (OnBeanCondition)

   JpaBaseConfiguration.PersistenceManagedTypesConfiguration matched:
      - @ConditionalOnMissingBean (types: org.springframework.orm.jpa.LocalContainerEntityManagerFactoryBean,jakarta.persistence.EntityManagerFactory; SearchStrategy: all) did not find any beans (OnBeanCondition)

   JpaBaseConfiguration.PersistenceManagedTypesConfiguration#persistenceManagedTypes matched:
      - @ConditionalOnMissingBean (types: org.springframework.orm.jpa.persistenceunit.PersistenceManagedTypes; SearchStrategy: all) did not find any beans (OnBeanCondition)

   JpaRepositoriesAutoConfiguration matched:
      - @ConditionalOnClass found required class 'org.springframework.data.jpa.repository.JpaRepository' (OnClassCondition)
      - @ConditionalOnProperty (spring.data.jpa.repositories.enabled=true) matched (OnPropertyCondition)
      - @ConditionalOnBean (types: javax.sql.DataSource; SearchStrategy: all) found bean 'dataSource'; @ConditionalOnMissingBean (types: org.springframework.data.jpa.repository.support.JpaRepositoryFactoryBean,org.springframework.data.jpa.repository.config.JpaRepositoryConfigExtension; SearchStrategy: all) did not find any beans (OnBeanCondition)

   JtaAutoConfiguration matched:
      - @ConditionalOnClass found required class 'jakarta.transaction.Transaction' (OnClassCondition)
      - @ConditionalOnProperty (spring.jta.enabled) matched (OnPropertyCondition)

   JvmMetricsAutoConfiguration matched:
      - @ConditionalOnClass found required class 'io.micrometer.core.instrument.MeterRegistry' (OnClassCondition)
      - @ConditionalOnBean (types: io.micrometer.core.instrument.MeterRegistry; SearchStrategy: all) found bean 'simpleMeterRegistry' (OnBeanCondition)

   JvmMetricsAutoConfiguration#classLoaderMetrics matched:
      - @ConditionalOnMissingBean (types: io.micrometer.core.instrument.binder.jvm.ClassLoaderMetrics; SearchStrategy: all) did not find any beans (OnBeanCondition)

   JvmMetricsAutoConfiguration#jvmCompilationMetrics matched:
      - @ConditionalOnMissingBean (types: io.micrometer.core.instrument.binder.jvm.JvmCompilationMetrics; SearchStrategy: all) did not find any beans (OnBeanCondition)

   JvmMetricsAutoConfiguration#jvmGcMetrics matched:
      - @ConditionalOnMissingBean (types: io.micrometer.core.instrument.binder.jvm.JvmGcMetrics; SearchStrategy: all) did not find any beans (OnBeanCondition)

   JvmMetricsAutoConfiguration#jvmHeapPressureMetrics matched:
      - @ConditionalOnMissingBean (types: io.micrometer.core.instrument.binder.jvm.JvmHeapPressureMetrics; SearchStrategy: all) did not find any beans (OnBeanCondition)

   JvmMetricsAutoConfiguration#jvmInfoMetrics matched:
      - @ConditionalOnMissingBean (types: io.micrometer.core.instrument.binder.jvm.JvmInfoMetrics; SearchStrategy: all) did not find any beans (OnBeanCondition)

   JvmMetricsAutoConfiguration#jvmMemoryMetrics matched:
      - @ConditionalOnMissingBean (types: io.micrometer.core.instrument.binder.jvm.JvmMemoryMetrics; SearchStrategy: all) did not find any beans (OnBeanCondition)

   JvmMetricsAutoConfiguration#jvmThreadMetrics matched:
      - @ConditionalOnMissingBean (types: io.micrometer.core.instrument.binder.jvm.JvmThreadMetrics; SearchStrategy: all) did not find any beans (OnBeanCondition)

   LifecycleAutoConfiguration#defaultLifecycleProcessor matched:
      - @ConditionalOnMissingBean (names: lifecycleProcessor; SearchStrategy: current) did not find any beans (OnBeanCondition)

   LiquibaseAutoConfiguration matched:
      - @ConditionalOnClass found required classes 'liquibase.integration.spring.SpringLiquibase', 'liquibase.change.DatabaseChange' (OnClassCondition)
      - @ConditionalOnProperty (spring.liquibase.enabled) matched (OnPropertyCondition)
      - AnyNestedCondition 2 matched 1 did not; NestedCondition on LiquibaseAutoConfiguration.LiquibaseDataSourceCondition.LiquibaseUrlCondition @ConditionalOnProperty (spring.liquibase.url) did not find property 'url'; NestedCondition on LiquibaseAutoConfiguration.LiquibaseDataSourceCondition.JdbcConnectionDetailsCondition @ConditionalOnBean (types: org.springframework.boot.autoconfigure.jdbc.JdbcConnectionDetails; SearchStrategy: all) found bean 'jdbcConnectionDetails'; NestedCondition on LiquibaseAutoConfiguration.LiquibaseDataSourceCondition.DataSourceBeanCondition @ConditionalOnBean (types: javax.sql.DataSource; SearchStrategy: all) found bean 'dataSource' (LiquibaseAutoConfiguration.LiquibaseDataSourceCondition)

   LiquibaseAutoConfiguration.CustomizerConfiguration matched:
      - @ConditionalOnClass found required class 'liquibase.integration.spring.Customizer' (OnClassCondition)

   LiquibaseAutoConfiguration.LiquibaseConfiguration matched:
      - @ConditionalOnClass found required class 'org.springframework.jdbc.core.ConnectionCallback' (OnClassCondition)
      - @ConditionalOnMissingBean (types: liquibase.integration.spring.SpringLiquibase; SearchStrategy: all) did not find any beans (OnBeanCondition)

   LiquibaseAutoConfiguration.LiquibaseConfiguration#liquibaseConnectionDetails matched:
      - @ConditionalOnMissingBean (types: org.springframework.boot.autoconfigure.liquibase.LiquibaseConnectionDetails; SearchStrategy: all) did not find any beans (OnBeanCondition)

   Log4J2MetricsAutoConfiguration matched:
      - @ConditionalOnClass found required classes 'io.micrometer.core.instrument.binder.logging.Log4j2Metrics', 'org.apache.logging.log4j.LogManager', 'org.apache.logging.log4j.core.LoggerContext' (OnClassCondition)
      - LoggerContext was an instance of org.apache.logging.log4j.core.LoggerContext (Log4J2MetricsAutoConfiguration.Log4JCoreLoggerContextCondition)
      - @ConditionalOnBean (types: io.micrometer.core.instrument.MeterRegistry; SearchStrategy: all) found bean 'simpleMeterRegistry' (OnBeanCondition)

   Log4J2MetricsAutoConfiguration#log4j2Metrics matched:
      - @ConditionalOnMissingBean (types: io.micrometer.core.instrument.binder.logging.Log4j2Metrics; SearchStrategy: all) did not find any beans (OnBeanCondition)

   ManagementContextAutoConfiguration.SameManagementContextConfiguration matched:
      - Management Port actual port type (SAME) matched required type (OnManagementPortCondition)

   MetricsAutoConfiguration matched:
      - @ConditionalOnClass found required class 'io.micrometer.core.annotation.Timed' (OnClassCondition)

   MetricsAutoConfiguration#micrometerClock matched:
      - @ConditionalOnMissingBean (types: io.micrometer.core.instrument.Clock; SearchStrategy: all) did not find any beans (OnBeanCondition)

   MultipartAutoConfiguration matched:
      - @ConditionalOnClass found required classes 'jakarta.servlet.Servlet', 'org.springframework.web.multipart.support.StandardServletMultipartResolver', 'jakarta.servlet.MultipartConfigElement' (OnClassCondition)
      - found 'session' scope (OnWebApplicationCondition)
      - @ConditionalOnProperty (spring.servlet.multipart.enabled) matched (OnPropertyCondition)

   MultipartAutoConfiguration#multipartConfigElement matched:
      - @ConditionalOnMissingBean (types: jakarta.servlet.MultipartConfigElement; SearchStrategy: all) did not find any beans (OnBeanCondition)

   MultipartAutoConfiguration#multipartResolver matched:
      - @ConditionalOnMissingBean (types: org.springframework.web.multipart.MultipartResolver; SearchStrategy: all) did not find any beans (OnBeanCondition)

   NamedParameterJdbcTemplateConfiguration matched:
      - @ConditionalOnSingleCandidate (types: org.springframework.jdbc.core.JdbcTemplate; SearchStrategy: all) found a single bean 'jdbcTemplate'; @ConditionalOnMissingBean (types: org.springframework.jdbc.core.namedparam.NamedParameterJdbcOperations; SearchStrategy: all) did not find any beans (OnBeanCondition)

   NettyAutoConfiguration matched:
      - @ConditionalOnClass found required class 'io.netty.util.NettyRuntime' (OnClassCondition)

   NoOpCacheConfiguration matched:
      - Cache org.springframework.boot.autoconfigure.cache.NoOpCacheConfiguration automatic cache type (CacheCondition)

   ObservationAutoConfiguration matched:
      - @ConditionalOnClass found required class 'io.micrometer.observation.ObservationRegistry' (OnClassCondition)

   ObservationAutoConfiguration#observationRegistry matched:
      - @ConditionalOnMissingBean (types: io.micrometer.observation.ObservationRegistry; SearchStrategy: all) did not find any beans (OnBeanCondition)

   ObservationAutoConfiguration.MeterObservationHandlerConfiguration matched:
      - @ConditionalOnBean (types: io.micrometer.core.instrument.MeterRegistry; SearchStrategy: all) found bean 'simpleMeterRegistry'; @ConditionalOnMissingBean (types: io.micrometer.core.instrument.observation.MeterObservationHandler; SearchStrategy: all) did not find any beans (OnBeanCondition)

   ObservationAutoConfiguration.MeterObservationHandlerConfiguration.OnlyMetricsMeterObservationHandlerConfiguration matched:
      - @ConditionalOnMissingBean (types: io.micrometer.tracing.Tracer; SearchStrategy: all) did not find any beans (OnBeanCondition)

   ObservationAutoConfiguration.ObservedAspectConfiguration matched:
      - @ConditionalOnClass found required class 'org.aspectj.weaver.Advice' (OnClassCondition)

   ObservationAutoConfiguration.ObservedAspectConfiguration#observedAspect matched:
      - @ConditionalOnMissingBean (types: io.micrometer.observation.aop.ObservedAspect; SearchStrategy: all) did not find any beans (OnBeanCondition)

   ObservationAutoConfiguration.OnlyMetricsConfiguration matched:
      - @ConditionalOnClass found required class 'io.micrometer.core.instrument.MeterRegistry'; @ConditionalOnMissingClass did not find unwanted class 'io.micrometer.tracing.Tracer' (OnClassCondition)

   PersistenceExceptionTranslationAutoConfiguration matched:
      - @ConditionalOnClass found required class 'org.springframework.dao.annotation.PersistenceExceptionTranslationPostProcessor' (OnClassCondition)

   PersistenceExceptionTranslationAutoConfiguration#persistenceExceptionTranslationPostProcessor matched:
      - @ConditionalOnProperty (spring.dao.exceptiontranslation.enabled) matched (OnPropertyCondition)
      - @ConditionalOnMissingBean (types: org.springframework.dao.annotation.PersistenceExceptionTranslationPostProcessor; SearchStrategy: all) did not find any beans (OnBeanCondition)

   PropertyPlaceholderAutoConfiguration#propertySourcesPlaceholderConfigurer matched:
      - @ConditionalOnMissingBean (types: org.springframework.context.support.PropertySourcesPlaceholderConfigurer; SearchStrategy: current) did not find any beans (OnBeanCondition)

   ReactiveHealthEndpointConfiguration matched:
      - @ConditionalOnClass found required class 'reactor.core.publisher.Flux' (OnClassCondition)
      - @ConditionalOnBean (types: org.springframework.boot.actuate.health.HealthEndpoint; SearchStrategy: all) found bean 'healthEndpoint' (OnBeanCondition)

   ReactiveHealthEndpointConfiguration#reactiveHealthContributorRegistry matched:
      - @ConditionalOnMissingBean (types: org.springframework.boot.actuate.health.ReactiveHealthContributorRegistry; SearchStrategy: all) did not find any beans (OnBeanCondition)

   ReactiveSecurityAutoConfiguration matched:
      - @ConditionalOnClass found required classes 'reactor.core.publisher.Flux', 'org.springframework.security.config.annotation.web.reactive.EnableWebFluxSecurity', 'org.springframework.security.web.server.WebFilterChainProxy', 'org.springframework.web.reactive.config.WebFluxConfigurer' (OnClassCondition)

   ReactorAutoConfiguration matched:
      - @ConditionalOnClass found required class 'reactor.core.publisher.Hooks' (OnClassCondition)

   ReactorNettyConfigurations.ReactorResourceFactoryConfiguration#reactorResourceFactory matched:
      - @ConditionalOnMissingBean (types: org.springframework.http.client.ReactorResourceFactory; SearchStrategy: all) did not find any beans (OnBeanCondition)

   RepositoryMetricsAutoConfiguration matched:
      - @ConditionalOnClass found required class 'org.springframework.data.repository.Repository' (OnClassCondition)
      - @ConditionalOnBean (types: io.micrometer.core.instrument.MeterRegistry; SearchStrategy: all) found bean 'simpleMeterRegistry' (OnBeanCondition)

   RepositoryMetricsAutoConfiguration#metricsRepositoryMethodInvocationListener matched:
      - @ConditionalOnMissingBean (types: org.springframework.boot.actuate.metrics.data.MetricsRepositoryMethodInvocationListener; SearchStrategy: all) did not find any beans (OnBeanCondition)

   RepositoryMetricsAutoConfiguration#repositoryTagsProvider matched:
      - @ConditionalOnMissingBean (types: org.springframework.boot.actuate.metrics.data.RepositoryTagsProvider; SearchStrategy: all) did not find any beans (OnBeanCondition)

   RestClientAutoConfiguration matched:
      - @ConditionalOnClass found required class 'org.springframework.web.client.RestClient' (OnClassCondition)
      - NoneNestedConditions 0 matched 1 did not; NestedCondition on NotReactiveWebApplicationCondition.ReactiveWebApplication not a reactive web application (NotReactiveWebApplicationCondition)

   RestClientAutoConfiguration#httpMessageConvertersRestClientCustomizer matched:
      - @ConditionalOnMissingBean (types: org.springframework.boot.autoconfigure.web.client.HttpMessageConvertersRestClientCustomizer; SearchStrategy: all) did not find any beans (OnBeanCondition)

   RestClientAutoConfiguration#restClientBuilder matched:
      - @ConditionalOnMissingBean (types: org.springframework.web.client.RestClient$Builder; SearchStrategy: all) did not find any beans (OnBeanCondition)

   RestClientAutoConfiguration#restClientBuilderConfigurer matched:
      - @ConditionalOnMissingBean (types: org.springframework.boot.autoconfigure.web.client.RestClientBuilderConfigurer; SearchStrategy: all) did not find any beans (OnBeanCondition)

   RestClientAutoConfiguration#restClientSsl matched:
      - @ConditionalOnBean (types: org.springframework.boot.ssl.SslBundles; SearchStrategy: all) found bean 'sslBundleRegistry'; @ConditionalOnMissingBean (types: org.springframework.boot.autoconfigure.web.client.RestClientSsl; SearchStrategy: all) did not find any beans (OnBeanCondition)

   RestClientObservationConfiguration matched:
      - @ConditionalOnClass found required class 'org.springframework.web.client.RestClient' (OnClassCondition)
      - @ConditionalOnBean (types: org.springframework.web.client.RestClient$Builder; SearchStrategy: all) found bean 'restClientBuilder' (OnBeanCondition)

   RestTemplateAutoConfiguration matched:
      - @ConditionalOnClass found required class 'org.springframework.web.client.RestTemplate' (OnClassCondition)
      - NoneNestedConditions 0 matched 1 did not; NestedCondition on NotReactiveWebApplicationCondition.ReactiveWebApplication not a reactive web application (NotReactiveWebApplicationCondition)

   RestTemplateAutoConfiguration#restTemplateBuilder matched:
      - @ConditionalOnMissingBean (types: org.springframework.boot.web.client.RestTemplateBuilder; SearchStrategy: all) did not find any beans (OnBeanCondition)

   RestTemplateObservationConfiguration matched:
      - @ConditionalOnClass found required class 'org.springframework.web.client.RestTemplate' (OnClassCondition)
      - @ConditionalOnBean (types: org.springframework.boot.web.client.RestTemplateBuilder; SearchStrategy: all) found bean 'restTemplateBuilder' (OnBeanCondition)

   ScheduledTasksObservabilityAutoConfiguration matched:
      - @ConditionalOnClass found required class 'org.springframework.scheduling.concurrent.ThreadPoolTaskScheduler' (OnClassCondition)
      - @ConditionalOnBean (types: io.micrometer.observation.ObservationRegistry; SearchStrategy: all) found bean 'observationRegistry' (OnBeanCondition)

   SecurityAutoConfiguration matched:
      - @ConditionalOnClass found required class 'org.springframework.security.authentication.DefaultAuthenticationEventPublisher' (OnClassCondition)

   SecurityAutoConfiguration#authenticationEventPublisher matched:
      - @ConditionalOnMissingBean (types: org.springframework.security.authentication.AuthenticationEventPublisher; SearchStrategy: all) did not find any beans (OnBeanCondition)

   SecurityFilterAutoConfiguration matched:
      - @ConditionalOnClass found required classes 'org.springframework.security.web.context.AbstractSecurityWebApplicationInitializer', 'org.springframework.security.config.http.SessionCreationPolicy' (OnClassCondition)
      - found 'session' scope (OnWebApplicationCondition)

   SecurityFilterAutoConfiguration#securityFilterChainRegistration matched:
      - @ConditionalOnBean (names: springSecurityFilterChain; SearchStrategy: all) found bean 'springSecurityFilterChain' (OnBeanCondition)

   SecurityRequestMatchersManagementContextConfiguration matched:
      - @ConditionalOnClass found required class 'org.springframework.security.web.util.matcher.RequestMatcher' (OnClassCondition)
      - found 'session' scope (OnWebApplicationCondition)

   SecurityRequestMatchersManagementContextConfiguration.MvcRequestMatcherConfiguration matched:
      - @ConditionalOnClass found required class 'org.springframework.web.servlet.DispatcherServlet' (OnClassCondition)
      - @ConditionalOnBean (types: org.springframework.boot.autoconfigure.web.servlet.DispatcherServletPath; SearchStrategy: all) found bean 'dispatcherServletRegistration' (OnBeanCondition)

   SecurityRequestMatchersManagementContextConfiguration.MvcRequestMatcherConfiguration#requestMatcherProvider matched:
      - @ConditionalOnClass found required class 'org.springframework.web.servlet.DispatcherServlet' (OnClassCondition)
      - @ConditionalOnMissingBean (types: org.springframework.boot.autoconfigure.security.servlet.RequestMatcherProvider; SearchStrategy: all) did not find any beans (OnBeanCondition)

   ServletEndpointManagementContextConfiguration matched:
      - found 'session' scope (OnWebApplicationCondition)

   ServletEndpointManagementContextConfiguration.WebMvcServletEndpointManagementContextConfiguration matched:
      - @ConditionalOnClass found required class 'org.springframework.web.servlet.DispatcherServlet' (OnClassCondition)

   ServletManagementContextAutoConfiguration matched:
      - @ConditionalOnClass found required class 'jakarta.servlet.Servlet' (OnClassCondition)
      - found 'session' scope (OnWebApplicationCondition)

   ServletWebServerFactoryAutoConfiguration matched:
      - @ConditionalOnClass found required class 'jakarta.servlet.ServletRequest' (OnClassCondition)
      - found 'session' scope (OnWebApplicationCondition)

   ServletWebServerFactoryAutoConfiguration#tomcatServletWebServerFactoryCustomizer matched:
      - @ConditionalOnClass found required class 'org.apache.catalina.startup.Tomcat' (OnClassCondition)

   ServletWebServerFactoryAutoConfiguration.ForwardedHeaderFilterConfiguration matched:
      - @ConditionalOnProperty (server.forward-headers-strategy=framework) matched (OnPropertyCondition)
      - @ConditionalOnMissingBean (types: org.springframework.web.filter.ForwardedHeaderFilter; SearchStrategy: all) did not find any beans (OnBeanCondition)

   ServletWebServerFactoryAutoConfiguration.ForwardedHeaderFilterConfiguration#tomcatForwardedHeaderFilterCustomizer matched:
      - @ConditionalOnClass found required class 'org.apache.catalina.startup.Tomcat' (OnClassCondition)

   ServletWebServerFactoryConfiguration.EmbeddedTomcat matched:
      - @ConditionalOnClass found required classes 'jakarta.servlet.Servlet', 'org.apache.catalina.startup.Tomcat', 'org.apache.coyote.UpgradeProtocol' (OnClassCondition)
      - @ConditionalOnMissingBean (types: org.springframework.boot.web.servlet.server.ServletWebServerFactory; SearchStrategy: current) did not find any beans (OnBeanCondition)

   SimpleCacheConfiguration matched:
      - Cache org.springframework.boot.autoconfigure.cache.SimpleCacheConfiguration automatic cache type (CacheCondition)

   SimpleMetricsExportAutoConfiguration matched:
      - @ConditionalOnEnabledMetricsExport management.simple.metrics.export.enabled is true (OnMetricsExportEnabledCondition)
      - @ConditionalOnBean (types: io.micrometer.core.instrument.Clock; SearchStrategy: all) found bean 'micrometerClock'; @ConditionalOnMissingBean (types: io.micrometer.core.instrument.MeterRegistry; SearchStrategy: all) did not find any beans (OnBeanCondition)

   SimpleMetricsExportAutoConfiguration#simpleConfig matched:
      - @ConditionalOnMissingBean (types: io.micrometer.core.instrument.simple.SimpleConfig; SearchStrategy: all) did not find any beans (OnBeanCondition)

   SpringBootWebSecurityConfiguration matched:
      - found 'session' scope (OnWebApplicationCondition)

   SpringBootWebSecurityConfiguration.WebSecurityEnablerConfiguration matched:
      - @ConditionalOnClass found required class 'org.springframework.security.config.annotation.web.configuration.EnableWebSecurity' (OnClassCondition)
      - @ConditionalOnMissingBean (names: springSecurityFilterChain; SearchStrategy: all) did not find any beans (OnBeanCondition)

   SpringDataWebAutoConfiguration matched:
      - @ConditionalOnClass found required classes 'org.springframework.data.web.PageableHandlerMethodArgumentResolver', 'org.springframework.web.servlet.config.annotation.WebMvcConfigurer' (OnClassCondition)
      - found 'session' scope (OnWebApplicationCondition)
      - @ConditionalOnMissingBean (types: org.springframework.data.web.PageableHandlerMethodArgumentResolver; SearchStrategy: all) did not find any beans (OnBeanCondition)

   SpringDataWebAutoConfiguration#pageableCustomizer matched:
      - @ConditionalOnMissingBean (types: org.springframework.data.web.config.PageableHandlerMethodArgumentResolverCustomizer; SearchStrategy: all) did not find any beans (OnBeanCondition)

   SpringDataWebAutoConfiguration#sortCustomizer matched:
      - @ConditionalOnMissingBean (types: org.springframework.data.web.config.SortHandlerMethodArgumentResolverCustomizer; SearchStrategy: all) did not find any beans (OnBeanCondition)

   SpringDataWebAutoConfiguration#springDataWebSettings matched:
      - @ConditionalOnMissingBean (types: org.springframework.data.web.config.SpringDataWebSettings; SearchStrategy: all) did not find any beans (OnBeanCondition)

   SpringDocConfigProperties matched:
      - @ConditionalOnProperty (springdoc.api-docs.enabled) matched (OnPropertyCondition)
      - @ConditionalOnBean (types: org.springdoc.core.configuration.SpringDocConfiguration; SearchStrategy: all) found bean 'org.springdoc.core.configuration.SpringDocConfiguration' (OnBeanCondition)

   SpringDocConfiguration matched:
      - @ConditionalOnWebApplication (required) found 'session' scope (OnWebApplicationCondition)
      - @ConditionalOnProperty (springdoc.api-docs.enabled) matched (OnPropertyCondition)

   SpringDocConfiguration#fileSupportConverter matched:
      - @ConditionalOnMissingBean (types: org.springdoc.core.converters.FileSupportConverter; SearchStrategy: all) did not find any beans (OnBeanCondition)

   SpringDocConfiguration#globalOpenApiCustomizer matched:
      - @ConditionalOnMissingBean (names: globalOpenApiCustomizer; SearchStrategy: all) did not find any beans (OnBeanCondition)

   SpringDocConfiguration#initExtraSchemas matched:
      - @ConditionalOnProperty (springdoc.enable-extra-schemas) matched (OnPropertyCondition)

   SpringDocConfiguration#oas31ModelConverter matched:
      - @ConditionalOnMissingBean (types: org.springdoc.core.converters.OAS31ModelConverter; SearchStrategy: all) did not find any beans (OnBeanCondition)

   SpringDocConfiguration#openAPIBuilder matched:
      - @ConditionalOnMissingBean (types: org.springdoc.core.service.OpenAPIService; SearchStrategy: all) did not find any beans (OnBeanCondition)

   SpringDocConfiguration#operationBuilder matched:
      - @ConditionalOnMissingBean (types: org.springdoc.core.service.OperationService; SearchStrategy: all) did not find any beans (OnBeanCondition)

   SpringDocConfiguration#parameterBuilder matched:
      - @ConditionalOnMissingBean (types: org.springdoc.core.service.GenericParameterService; SearchStrategy: all) did not find any beans (OnBeanCondition)

   SpringDocConfiguration#parameterObjectNamingStrategyCustomizer matched:
      - @ConditionalOnMissingBean (types: org.springdoc.core.customizers.ParameterObjectNamingStrategyCustomizer; SearchStrategy: all) did not find any beans (OnBeanCondition)

   SpringDocConfiguration#polymorphicModelConverter matched:
      - @ConditionalOnProperty (springdoc.model-converters.polymorphic-converter.enabled) matched (OnPropertyCondition)
      - @ConditionalOnMissingBean (types: org.springdoc.core.converters.PolymorphicModelConverter; SearchStrategy: all) did not find any beans (OnBeanCondition)

   SpringDocConfiguration#requestBodyBuilder matched:
      - @ConditionalOnMissingBean (types: org.springdoc.core.service.RequestBodyService; SearchStrategy: all) did not find any beans (OnBeanCondition)

   SpringDocConfiguration#responseSupportConverter matched:
      - @ConditionalOnMissingBean (types: org.springdoc.core.converters.ResponseSupportConverter; SearchStrategy: all) did not find any beans (OnBeanCondition)

   SpringDocConfiguration#schemaPropertyDeprecatingConverter matched:
      - @ConditionalOnProperty (springdoc.model-converters.deprecating-converter.enabled) matched (OnPropertyCondition)
      - @ConditionalOnMissingBean (types: org.springdoc.core.converters.SchemaPropertyDeprecatingConverter; SearchStrategy: all) did not find any beans (OnBeanCondition)

   SpringDocConfiguration#securityParser matched:
      - @ConditionalOnMissingBean (types: org.springdoc.core.service.SecurityService; SearchStrategy: all) did not find any beans (OnBeanCondition)

   SpringDocConfiguration#springDocCustomizers matched:
      - @ConditionalOnMissingBean (types: org.springdoc.core.customizers.SpringDocCustomizers; SearchStrategy: all) did not find any beans (OnBeanCondition)

   SpringDocConfiguration#springDocProviders matched:
      - @ConditionalOnMissingBean (types: org.springdoc.core.providers.SpringDocProviders; SearchStrategy: all) did not find any beans (OnBeanCondition)

   SpringDocConfiguration#springdocObjectMapperProvider matched:
      - @ConditionalOnMissingBean (types: org.springdoc.core.providers.ObjectMapperProvider; SearchStrategy: all) did not find any beans (OnBeanCondition)

   SpringDocConfiguration.QuerydslProvider matched:
      - @ConditionalOnClass found required class 'org.springframework.data.querydsl.binding.QuerydslBindingsFactory' (OnClassCondition)

   SpringDocConfiguration.QuerydslProvider#queryDslQuerydslPredicateOperationCustomizer matched:
      - @ConditionalOnMissingBean (types: org.springdoc.core.customizers.QuerydslPredicateOperationCustomizer; SearchStrategy: all) did not find any beans (OnBeanCondition)

   SpringDocConfiguration.SpringDocSpringDataWebPropertiesProvider matched:
      - @ConditionalOnClass found required class 'org.springframework.boot.autoconfigure.data.web.SpringDataWebProperties' (OnClassCondition)

   SpringDocConfiguration.SpringDocSpringDataWebPropertiesProvider#springDataWebPropertiesProvider matched:
      - @ConditionalOnMissingBean (types: org.springdoc.core.providers.SpringDataWebPropertiesProvider; SearchStrategy: all) did not find any beans (OnBeanCondition)

   SpringDocConfiguration.SpringDocWebFluxSupportConfiguration matched:
      - @ConditionalOnClass found required class 'reactor.core.publisher.Flux' (OnClassCondition)

   SpringDocConfiguration.SpringDocWebFluxSupportConfiguration#webFluxSupportConverter matched:
      - @ConditionalOnMissingBean (types: org.springdoc.core.converters.WebFluxSupportConverter; SearchStrategy: all) did not find any beans (OnBeanCondition)

   SpringDocConfiguration.WebConversionServiceConfiguration matched:
      - @ConditionalOnClass found required class 'org.springframework.boot.autoconfigure.web.format.WebConversionService' (OnClassCondition)

   SpringDocPageableConfiguration matched:
      - @ConditionalOnClass found required class 'org.springframework.data.domain.Pageable' (OnClassCondition)
      - @ConditionalOnWebApplication (required) found 'session' scope (OnWebApplicationCondition)
      - @ConditionalOnProperty (springdoc.api-docs.enabled) matched (OnPropertyCondition)
      - @ConditionalOnBean (types: org.springdoc.core.configuration.SpringDocConfiguration; SearchStrategy: all) found bean 'org.springdoc.core.configuration.SpringDocConfiguration' (OnBeanCondition)

   SpringDocPageableConfiguration#dataRestDelegatingMethodParameterCustomizer matched:
      - @ConditionalOnMissingBean (types: org.springdoc.core.customizers.DataRestDelegatingMethodParameterCustomizer; SearchStrategy: all) did not find any beans (OnBeanCondition)

   SpringDocPageableConfiguration#pageOpenAPIConverter matched:
      - @ConditionalOnClass found required classes 'org.springframework.data.web.PagedModel', 'org.springframework.data.web.config.SpringDataWebSettings' (OnClassCondition)
      - @ConditionalOnMissingBean (types: org.springdoc.core.converters.PageOpenAPIConverter; SearchStrategy: all) did not find any beans (OnBeanCondition)

   SpringDocPageableConfiguration#pageableOpenAPIConverter matched:
      - @ConditionalOnProperty (springdoc.model-converters.pageable-converter.enabled) matched (OnPropertyCondition)
      - @ConditionalOnMissingBean (types: org.springdoc.core.converters.PageableOpenAPIConverter; SearchStrategy: all) did not find any beans (OnBeanCondition)

   SpringDocSecurityConfiguration matched:
      - @ConditionalOnClass found required class 'org.springframework.security.web.SecurityFilterChain' (OnClassCondition)
      - @ConditionalOnWebApplication (required) found 'session' scope (OnWebApplicationCondition)
      - @ConditionalOnExpression (#{${springdoc.api-docs.enabled:true} and ${springdoc.enable-spring-security:true}}) resulted in true (OnExpressionCondition)
      - @ConditionalOnBean (types: org.springdoc.core.configuration.SpringDocConfiguration; SearchStrategy: all) found bean 'org.springdoc.core.configuration.SpringDocConfiguration' (OnBeanCondition)

   SpringDocSecurityConfiguration.SpringSecurityLoginEndpointConfiguration matched:
      - @ConditionalOnClass found required class 'jakarta.servlet.Filter' (OnClassCondition)

   SpringDocSortConfiguration matched:
      - @ConditionalOnClass found required class 'org.springframework.data.domain.Sort' (OnClassCondition)
      - @ConditionalOnWebApplication (required) found 'session' scope (OnWebApplicationCondition)
      - @ConditionalOnProperty (springdoc.api-docs.enabled) matched (OnPropertyCondition)
      - @ConditionalOnBean (types: org.springdoc.core.configuration.SpringDocConfiguration; SearchStrategy: all) found bean 'org.springdoc.core.configuration.SpringDocConfiguration' (OnBeanCondition)

   SpringDocSortConfiguration#sortOpenAPIConverter matched:
      - @ConditionalOnProperty (springdoc.sort-converter.enabled) matched (OnPropertyCondition)
      - @ConditionalOnMissingBean (types: org.springdoc.core.converters.SortOpenAPIConverter; SearchStrategy: all) did not find any beans (OnBeanCondition)

   SpringDocWebMvcConfiguration matched:
      - found 'session' scope (OnWebApplicationCondition)
      - @ConditionalOnProperty (springdoc.api-docs.enabled) matched (OnPropertyCondition)
      - @ConditionalOnBean (types: org.springdoc.core.configuration.SpringDocConfiguration; SearchStrategy: all) found bean 'org.springdoc.core.configuration.SpringDocConfiguration' (OnBeanCondition)

   SpringDocWebMvcConfiguration#openApiResource matched:
      - @ConditionalOnExpression (#{(${springdoc.use-management-port:false} == false ) and ${springdoc.enable-default-api-docs:true}}) resulted in true (OnExpressionCondition)
      - @ConditionalOnMissingBean (types: org.springdoc.webmvc.api.OpenApiWebMvcResource; SearchStrategy: all) did not find any beans (OnBeanCondition)

   SpringDocWebMvcConfiguration#requestBuilder matched:
      - @ConditionalOnMissingBean (types: org.springdoc.webmvc.core.service.RequestService; SearchStrategy: all) did not find any beans (OnBeanCondition)

   SpringDocWebMvcConfiguration#responseBuilder matched:
      - @ConditionalOnMissingBean (types: org.springdoc.core.service.GenericResponseService; SearchStrategy: all) did not find any beans (OnBeanCondition)

   SpringDocWebMvcConfiguration#springWebProvider matched:
      - @ConditionalOnMissingBean (types: org.springdoc.core.providers.SpringWebProvider; SearchStrategy: all) did not find any beans (OnBeanCondition)

   SpringDocWebMvcConfiguration.SpringDocWebMvcActuatorConfiguration matched:
      - @ConditionalOnClass found required class 'org.springframework.boot.actuate.endpoint.web.servlet.WebMvcEndpointHandlerMapping' (OnClassCondition)

   SpringDocWebMvcConfiguration.SpringDocWebMvcRouterConfiguration matched:
      - @ConditionalOnClass found required class 'org.springframework.web.servlet.function.RouterFunction' (OnClassCondition)

   SpringDocWebMvcConfiguration.SpringDocWebMvcRouterConfiguration#routerFunctionProvider matched:
      - @ConditionalOnMissingBean (types: org.springdoc.webmvc.core.providers.RouterFunctionWebMvcProvider; SearchStrategy: all) did not find any beans (OnBeanCondition)

   SqlInitializationAutoConfiguration matched:
      - @ConditionalOnProperty (spring.sql.init.enabled) matched (OnPropertyCondition)
      - NoneNestedConditions 0 matched 1 did not; NestedCondition on SqlInitializationAutoConfiguration.SqlInitializationModeCondition.ModeIsNever @ConditionalOnProperty (spring.sql.init.mode=never) did not find property 'mode' (SqlInitializationAutoConfiguration.SqlInitializationModeCondition)

   SslAutoConfiguration#sslBundleRegistry matched:
      - @ConditionalOnMissingBean (types: org.springframework.boot.ssl.SslBundleRegistry,org.springframework.boot.ssl.SslBundles; SearchStrategy: all) did not find any beans (OnBeanCondition)

   SslHealthContributorAutoConfiguration matched:
      - @ConditionalOnEnabledHealthIndicator management.health.defaults.enabled is considered true (OnEnabledHealthIndicatorCondition)

   SslHealthContributorAutoConfiguration#sslHealthIndicator matched:
      - @ConditionalOnMissingBean (names: sslHealthIndicator; SearchStrategy: all) did not find any beans (OnBeanCondition)

   SslHealthContributorAutoConfiguration#sslInfo matched:
      - @ConditionalOnMissingBean (types: org.springframework.boot.info.SslInfo; SearchStrategy: all) did not find any beans (OnBeanCondition)

   StartupTimeMetricsListenerAutoConfiguration matched:
      - @ConditionalOnClass found required class 'io.micrometer.core.instrument.MeterRegistry' (OnClassCondition)
      - @ConditionalOnBean (types: io.micrometer.core.instrument.MeterRegistry; SearchStrategy: all) found bean 'simpleMeterRegistry' (OnBeanCondition)

   StartupTimeMetricsListenerAutoConfiguration#startupTimeMetrics matched:
      - @ConditionalOnMissingBean (types: org.springframework.boot.actuate.metrics.startup.StartupTimeMetricsListener; SearchStrategy: all) did not find any beans (OnBeanCondition)

   SwaggerConfig matched:
      - found 'session' scope (OnWebApplicationCondition)
      - @ConditionalOnProperty (springdoc.swagger-ui.enabled) matched (OnPropertyCondition)
      - @ConditionalOnBean (types: org.springdoc.core.configuration.SpringDocConfiguration; SearchStrategy: all) found bean 'org.springdoc.core.configuration.SpringDocConfiguration' (OnBeanCondition)

   SwaggerConfig#indexPageTransformer matched:
      - @ConditionalOnMissingBean (types: org.springdoc.webmvc.ui.SwaggerIndexTransformer; SearchStrategy: all) did not find any beans (OnBeanCondition)

   SwaggerConfig#swaggerConfigResource matched:
      - @ConditionalOnProperty (springdoc.use-management-port=false) matched (OnPropertyCondition)
      - @ConditionalOnMissingBean (types: org.springdoc.webmvc.ui.SwaggerConfigResource; SearchStrategy: all) did not find any beans (OnBeanCondition)

   SwaggerConfig#swaggerResourceResolver matched:
      - @ConditionalOnMissingBean (types: org.springdoc.webmvc.ui.SwaggerResourceResolver; SearchStrategy: all) did not find any beans (OnBeanCondition)

   SwaggerConfig#swaggerWebMvcConfigurer matched:
      - @ConditionalOnMissingBean (types: org.springdoc.webmvc.ui.SwaggerWebMvcConfigurer; SearchStrategy: all) did not find any beans (OnBeanCondition)

   SwaggerConfig#swaggerWelcome matched:
      - @ConditionalOnProperty (springdoc.use-management-port=false) matched (OnPropertyCondition)
      - @ConditionalOnMissingBean (types: org.springdoc.webmvc.ui.SwaggerWelcomeWebMvc; SearchStrategy: all) did not find any beans (OnBeanCondition)

   SwaggerUiConfigProperties matched:
      - @ConditionalOnProperty (springdoc.swagger-ui.enabled) matched (OnPropertyCondition)
      - @ConditionalOnBean (types: org.springdoc.core.configuration.SpringDocConfiguration; SearchStrategy: all) found bean 'org.springdoc.core.configuration.SpringDocConfiguration' (OnBeanCondition)

   SwaggerUiOAuthProperties matched:
      - @ConditionalOnProperty (springdoc.swagger-ui.enabled) matched (OnPropertyCondition)
      - @ConditionalOnBean (types: org.springdoc.core.configuration.SpringDocConfiguration; SearchStrategy: all) found bean 'org.springdoc.core.configuration.SpringDocConfiguration' (OnBeanCondition)

   SystemMetricsAutoConfiguration matched:
      - @ConditionalOnClass found required class 'io.micrometer.core.instrument.MeterRegistry' (OnClassCondition)
      - @ConditionalOnBean (types: io.micrometer.core.instrument.MeterRegistry; SearchStrategy: all) found bean 'simpleMeterRegistry' (OnBeanCondition)

   SystemMetricsAutoConfiguration#diskSpaceMetrics matched:
      - @ConditionalOnMissingBean (types: org.springframework.boot.actuate.metrics.system.DiskSpaceMetricsBinder; SearchStrategy: all) did not find any beans (OnBeanCondition)

   SystemMetricsAutoConfiguration#fileDescriptorMetrics matched:
      - @ConditionalOnMissingBean (types: io.micrometer.core.instrument.binder.system.FileDescriptorMetrics; SearchStrategy: all) did not find any beans (OnBeanCondition)

   SystemMetricsAutoConfiguration#processorMetrics matched:
      - @ConditionalOnMissingBean (types: io.micrometer.core.instrument.binder.system.ProcessorMetrics; SearchStrategy: all) did not find any beans (OnBeanCondition)

   SystemMetricsAutoConfiguration#uptimeMetrics matched:
      - @ConditionalOnMissingBean (types: io.micrometer.core.instrument.binder.system.UptimeMetrics; SearchStrategy: all) did not find any beans (OnBeanCondition)

   TaskExecutionAutoConfiguration matched:
      - @ConditionalOnClass found required class 'org.springframework.scheduling.concurrent.ThreadPoolTaskExecutor' (OnClassCondition)

   TaskExecutorConfigurations.SimpleAsyncTaskExecutorBuilderConfiguration#simpleAsyncTaskExecutorBuilder matched:
      - @ConditionalOnMissingBean (types: org.springframework.boot.task.SimpleAsyncTaskExecutorBuilder; SearchStrategy: all) did not find any beans (OnBeanCondition)
      - @ConditionalOnThreading found PLATFORM (OnThreadingCondition)

   TaskExecutorConfigurations.TaskExecutorConfiguration matched:
      - @ConditionalOnMissingBean (types: java.util.concurrent.Executor; SearchStrategy: all) did not find any beans (OnBeanCondition)

   TaskExecutorConfigurations.TaskExecutorConfiguration#applicationTaskExecutor matched:
      - @ConditionalOnThreading found PLATFORM (OnThreadingCondition)

   TaskExecutorConfigurations.ThreadPoolTaskExecutorBuilderConfiguration#threadPoolTaskExecutorBuilder matched:
      - @ConditionalOnMissingBean (types: org.springframework.boot.task.ThreadPoolTaskExecutorBuilder; SearchStrategy: all) did not find any beans (OnBeanCondition)

   TaskExecutorMetricsAutoConfiguration matched:
      - @ConditionalOnClass found required class 'io.micrometer.core.instrument.binder.jvm.ExecutorServiceMetrics' (OnClassCondition)
      - @ConditionalOnBean (types: java.util.concurrent.Executor,io.micrometer.core.instrument.MeterRegistry; SearchStrategy: all) found beans 'applicationTaskExecutor', 'simpleMeterRegistry' (OnBeanCondition)

   TaskSchedulingAutoConfiguration matched:
      - @ConditionalOnClass found required class 'org.springframework.scheduling.concurrent.ThreadPoolTaskScheduler' (OnClassCondition)

   TaskSchedulingConfigurations.SimpleAsyncTaskSchedulerBuilderConfiguration#simpleAsyncTaskSchedulerBuilder matched:
      - @ConditionalOnMissingBean (types: org.springframework.boot.task.SimpleAsyncTaskSchedulerBuilder; SearchStrategy: all) did not find any beans (OnBeanCondition)
      - @ConditionalOnThreading found PLATFORM (OnThreadingCondition)

   TaskSchedulingConfigurations.ThreadPoolTaskSchedulerBuilderConfiguration#threadPoolTaskSchedulerBuilder matched:
      - @ConditionalOnMissingBean (types: org.springframework.boot.task.ThreadPoolTaskSchedulerBuilder; SearchStrategy: all) did not find any beans (OnBeanCondition)

   TomcatMetricsAutoConfiguration matched:
      - @ConditionalOnClass found required classes 'io.micrometer.core.instrument.binder.tomcat.TomcatMetrics', 'org.apache.catalina.Manager' (OnClassCondition)
      - @ConditionalOnWebApplication (required) found 'session' scope (OnWebApplicationCondition)

   TomcatMetricsAutoConfiguration#tomcatMetricsBinder matched:
      - @ConditionalOnBean (types: io.micrometer.core.instrument.MeterRegistry; SearchStrategy: all) found bean 'simpleMeterRegistry'; @ConditionalOnMissingBean (types: io.micrometer.core.instrument.binder.tomcat.TomcatMetrics,org.springframework.boot.actuate.metrics.web.tomcat.TomcatMetricsBinder; SearchStrategy: all) did not find any beans (OnBeanCondition)

   TransactionAutoConfiguration matched:
      - @ConditionalOnClass found required class 'org.springframework.transaction.PlatformTransactionManager' (OnClassCondition)

   TransactionAutoConfiguration.EnableTransactionManagementConfiguration matched:
      - @ConditionalOnBean (types: org.springframework.transaction.TransactionManager; SearchStrategy: all) found bean 'transactionManager'; @ConditionalOnMissingBean (types: org.springframework.transaction.annotation.AbstractTransactionManagementConfiguration; SearchStrategy: all) did not find any beans (OnBeanCondition)

   TransactionAutoConfiguration.EnableTransactionManagementConfiguration.CglibAutoProxyConfiguration matched:
      - @ConditionalOnProperty (spring.aop.proxy-target-class=true) matched (OnPropertyCondition)

   TransactionAutoConfiguration.TransactionTemplateConfiguration matched:
      - @ConditionalOnSingleCandidate (types: org.springframework.transaction.PlatformTransactionManager; SearchStrategy: all) found a single bean 'transactionManager' (OnBeanCondition)

   TransactionAutoConfiguration.TransactionTemplateConfiguration#transactionTemplate matched:
      - @ConditionalOnMissingBean (types: org.springframework.transaction.support.TransactionOperations; SearchStrategy: all) did not find any beans (OnBeanCondition)

   TransactionManagerCustomizationAutoConfiguration matched:
      - @ConditionalOnClass found required class 'org.springframework.transaction.PlatformTransactionManager' (OnClassCondition)

   TransactionManagerCustomizationAutoConfiguration#platformTransactionManagerCustomizers matched:
      - @ConditionalOnMissingBean (types: org.springframework.boot.autoconfigure.transaction.TransactionManagerCustomizers; SearchStrategy: all) did not find any beans (OnBeanCondition)

   ValidationAutoConfiguration matched:
      - @ConditionalOnClass found required class 'jakarta.validation.executable.ExecutableValidator' (OnClassCondition)
      - @ConditionalOnResource found location classpath:META-INF/services/jakarta.validation.spi.ValidationProvider (OnResourceCondition)

   ValidationAutoConfiguration#defaultValidator matched:
      - @ConditionalOnMissingBean (types: jakarta.validation.Validator; SearchStrategy: all) did not find any beans (OnBeanCondition)

   ValidationAutoConfiguration#methodValidationPostProcessor matched:
      - @ConditionalOnMissingBean (types: org.springframework.validation.beanvalidation.MethodValidationPostProcessor; SearchStrategy: current) did not find any beans (OnBeanCondition)

   WebClientAutoConfiguration matched:
      - @ConditionalOnClass found required class 'org.springframework.web.reactive.function.client.WebClient' (OnClassCondition)

   WebClientAutoConfiguration#webClientBuilder matched:
      - @ConditionalOnMissingBean (types: org.springframework.web.reactive.function.client.WebClient$Builder; SearchStrategy: all) did not find any beans (OnBeanCondition)

   WebClientAutoConfiguration#webClientSsl matched:
      - @ConditionalOnBean (types: org.springframework.boot.ssl.SslBundles; SearchStrategy: all) found bean 'sslBundleRegistry'; @ConditionalOnMissingBean (types: org.springframework.boot.autoconfigure.web.reactive.function.client.WebClientSsl; SearchStrategy: all) did not find any beans (OnBeanCondition)

   WebClientAutoConfiguration.WebClientCodecsConfiguration matched:
      - @ConditionalOnBean (types: org.springframework.boot.web.codec.CodecCustomizer; SearchStrategy: all) found beans 'jacksonCodecCustomizer', 'defaultCodecCustomizer' (OnBeanCondition)

   WebClientAutoConfiguration.WebClientCodecsConfiguration#exchangeStrategiesCustomizer matched:
      - @ConditionalOnMissingBean (types: org.springframework.boot.autoconfigure.web.reactive.function.client.WebClientCodecCustomizer; SearchStrategy: all) did not find any beans (OnBeanCondition)

   WebClientObservationConfiguration matched:
      - @ConditionalOnClass found required class 'org.springframework.web.reactive.function.client.WebClient' (OnClassCondition)

   WebEndpointAutoConfiguration matched:
      - @ConditionalOnWebApplication (required) found 'session' scope (OnWebApplicationCondition)

   WebEndpointAutoConfiguration#controllerEndpointDiscoverer matched:
      - @ConditionalOnMissingBean (types: org.springframework.boot.actuate.endpoint.web.annotation.ControllerEndpointsSupplier; SearchStrategy: all) did not find any beans (OnBeanCondition)

   WebEndpointAutoConfiguration#endpointMediaTypes matched:
      - @ConditionalOnMissingBean (types: org.springframework.boot.actuate.endpoint.web.EndpointMediaTypes; SearchStrategy: all) did not find any beans (OnBeanCondition)

   WebEndpointAutoConfiguration#pathMappedEndpoints matched:
      - @ConditionalOnMissingBean (types: org.springframework.boot.actuate.endpoint.web.PathMappedEndpoints; SearchStrategy: all) did not find any beans (OnBeanCondition)

   WebEndpointAutoConfiguration#webEndpointDiscoverer matched:
      - @ConditionalOnMissingBean (types: org.springframework.boot.actuate.endpoint.web.WebEndpointsSupplier; SearchStrategy: all) did not find any beans (OnBeanCondition)

   WebEndpointAutoConfiguration.WebEndpointServletConfiguration matched:
      - found 'session' scope (OnWebApplicationCondition)

   WebEndpointAutoConfiguration.WebEndpointServletConfiguration#servletEndpointDiscoverer matched:
      - @ConditionalOnMissingBean (types: org.springframework.boot.actuate.endpoint.web.annotation.ServletEndpointsSupplier; SearchStrategy: all) did not find any beans (OnBeanCondition)

   WebMvcAutoConfiguration matched:
      - @ConditionalOnClass found required classes 'jakarta.servlet.Servlet', 'org.springframework.web.servlet.DispatcherServlet', 'org.springframework.web.servlet.config.annotation.WebMvcConfigurer' (OnClassCondition)
      - found 'session' scope (OnWebApplicationCondition)
      - @ConditionalOnMissingBean (types: org.springframework.web.servlet.config.annotation.WebMvcConfigurationSupport; SearchStrategy: all) did not find any beans (OnBeanCondition)

   WebMvcAutoConfiguration#formContentFilter matched:
      - @ConditionalOnProperty (spring.mvc.formcontent.filter.enabled) matched (OnPropertyCondition)
      - @ConditionalOnMissingBean (types: org.springframework.web.filter.FormContentFilter; SearchStrategy: all) did not find any beans (OnBeanCondition)

   WebMvcAutoConfiguration.EnableWebMvcConfiguration#flashMapManager matched:
      - @ConditionalOnMissingBean (names: flashMapManager; SearchStrategy: all) did not find any beans (OnBeanCondition)

   WebMvcAutoConfiguration.EnableWebMvcConfiguration#localeResolver matched:
      - @ConditionalOnMissingBean (names: localeResolver; SearchStrategy: all) did not find any beans (OnBeanCondition)

   WebMvcAutoConfiguration.EnableWebMvcConfiguration#themeResolver matched:
      - @ConditionalOnMissingBean (names: themeResolver; SearchStrategy: all) did not find any beans (OnBeanCondition)

   WebMvcAutoConfiguration.EnableWebMvcConfiguration#viewNameTranslator matched:
      - @ConditionalOnMissingBean (names: viewNameTranslator; SearchStrategy: all) did not find any beans (OnBeanCondition)

   WebMvcAutoConfiguration.ResourceChainCustomizerConfiguration matched:
      - @ConditionalOnEnabledResourceChain found class org.webjars.WebJarVersionLocator (OnEnabledResourceChainCondition)

   WebMvcAutoConfiguration.WebMvcAutoConfigurationAdapter#defaultViewResolver matched:
      - @ConditionalOnMissingBean (types: org.springframework.web.servlet.view.InternalResourceViewResolver; SearchStrategy: all) did not find any beans (OnBeanCondition)

   WebMvcAutoConfiguration.WebMvcAutoConfigurationAdapter#requestContextFilter matched:
      - @ConditionalOnMissingBean (types: org.springframework.web.context.request.RequestContextListener,org.springframework.web.filter.RequestContextFilter; SearchStrategy: all) did not find any beans (OnBeanCondition)

   WebMvcAutoConfiguration.WebMvcAutoConfigurationAdapter#viewResolver matched:
      - @ConditionalOnBean (types: org.springframework.web.servlet.ViewResolver; SearchStrategy: all) found beans 'defaultViewResolver', 'beanNameViewResolver', 'mvcViewResolver'; @ConditionalOnMissingBean (names: viewResolver types: org.springframework.web.servlet.view.ContentNegotiatingViewResolver; SearchStrategy: all) did not find any beans (OnBeanCondition)

   WebMvcEndpointManagementContextConfiguration matched:
      - @ConditionalOnClass found required class 'org.springframework.web.servlet.DispatcherServlet' (OnClassCondition)
      - found 'session' scope (OnWebApplicationCondition)
      - @ConditionalOnBean (types: org.springframework.web.servlet.DispatcherServlet,org.springframework.boot.actuate.endpoint.web.WebEndpointsSupplier; SearchStrategy: all) found beans 'webEndpointDiscoverer', 'dispatcherServlet' (OnBeanCondition)

   WebMvcEndpointManagementContextConfiguration#controllerEndpointHandlerMapping matched:
      - @ConditionalOnMissingBean (types: org.springframework.boot.actuate.endpoint.web.servlet.ControllerEndpointHandlerMapping; SearchStrategy: all) did not find any beans (OnBeanCondition)

   WebMvcEndpointManagementContextConfiguration#endpointObjectMapperWebMvcConfigurer matched:
      - @ConditionalOnBean (types: org.springframework.boot.actuate.endpoint.jackson.EndpointObjectMapper; SearchStrategy: all) found bean 'endpointObjectMapper' (OnBeanCondition)

   WebMvcEndpointManagementContextConfiguration#webEndpointServletHandlerMapping matched:
      - @ConditionalOnMissingBean (types: org.springframework.boot.actuate.endpoint.web.servlet.WebMvcEndpointHandlerMapping; SearchStrategy: all) did not find any beans (OnBeanCondition)

   WebMvcObservationAutoConfiguration matched:
      - @ConditionalOnClass found required classes 'org.springframework.web.servlet.DispatcherServlet', 'io.micrometer.observation.Observation' (OnClassCondition)
      - found 'session' scope (OnWebApplicationCondition)
      - @ConditionalOnBean (types: io.micrometer.observation.ObservationRegistry; SearchStrategy: all) found bean 'observationRegistry' (OnBeanCondition)

   WebMvcObservationAutoConfiguration#webMvcObservationFilter matched:
      - @ConditionalOnMissingBean (types: org.springframework.web.filter.ServerHttpObservationFilter; SearchStrategy: all) did not find any beans (OnBeanCondition)

   WebMvcObservationAutoConfiguration.MeterFilterConfiguration matched:
      - @ConditionalOnClass found required class 'io.micrometer.core.instrument.MeterRegistry' (OnClassCondition)
      - @ConditionalOnBean (types: io.micrometer.core.instrument.MeterRegistry; SearchStrategy: all) found bean 'simpleMeterRegistry' (OnBeanCondition)

   WebServiceTemplateAutoConfiguration matched:
      - @ConditionalOnClass found required classes 'org.springframework.ws.client.core.WebServiceTemplate', 'org.springframework.oxm.Unmarshaller', 'org.springframework.oxm.Marshaller' (OnClassCondition)

   WebServiceTemplateAutoConfiguration#webServiceHttpMessageSenderFactory matched:
      - @ConditionalOnMissingBean (types: org.springframework.boot.webservices.client.WebServiceMessageSenderFactory; SearchStrategy: all) did not find any beans (OnBeanCondition)

   WebServiceTemplateAutoConfiguration#webServiceTemplateBuilder matched:
      - @ConditionalOnMissingBean (types: org.springframework.boot.webservices.client.WebServiceTemplateBuilder; SearchStrategy: all) did not find any beans (OnBeanCondition)

   WebServicesAutoConfiguration matched:
      - @ConditionalOnClass found required class 'org.springframework.ws.transport.http.MessageDispatcherServlet' (OnClassCondition)
      - found 'session' scope (OnWebApplicationCondition)
      - @ConditionalOnMissingBean (types: org.springframework.ws.config.annotation.WsConfigurationSupport; SearchStrategy: all) did not find any beans (OnBeanCondition)

   WebSocketServletAutoConfiguration matched:
      - @ConditionalOnClass found required classes 'jakarta.servlet.Servlet', 'jakarta.websocket.server.ServerContainer' (OnClassCondition)
      - found 'session' scope (OnWebApplicationCondition)

   WebSocketServletAutoConfiguration.TomcatWebSocketConfiguration matched:
      - @ConditionalOnClass found required classes 'org.apache.catalina.startup.Tomcat', 'org.apache.tomcat.websocket.server.WsSci' (OnClassCondition)

   WebSocketServletAutoConfiguration.TomcatWebSocketConfiguration#websocketServletWebServerCustomizer matched:
      - @ConditionalOnMissingBean (names: websocketServletWebServerCustomizer; SearchStrategy: all) did not find any beans (OnBeanCondition)


Negative matches:
-----------------

   ActiveMQAutoConfiguration:
      Did not match:
         - @ConditionalOnClass did not find required class 'jakarta.jms.ConnectionFactory' (OnClassCondition)

   AopAutoConfiguration.AspectJAutoProxyingConfiguration.JdkDynamicAutoProxyConfiguration:
      Did not match:
         - @ConditionalOnProperty (spring.aop.proxy-target-class=false) did not find property 'proxy-target-class' (OnPropertyCondition)

   AopAutoConfiguration.ClassProxyingConfiguration:
      Did not match:
         - @ConditionalOnMissingClass found unwanted class 'org.aspectj.weaver.Advice' (OnClassCondition)

   AppOpticsMetricsExportAutoConfiguration:
      Did not match:
         - @ConditionalOnClass did not find required class 'io.micrometer.appoptics.AppOpticsMeterRegistry' (OnClassCondition)

   ArtemisAutoConfiguration:
      Did not match:
         - @ConditionalOnClass did not find required class 'jakarta.jms.ConnectionFactory' (OnClassCondition)

   AtlasMetricsExportAutoConfiguration:
      Did not match:
         - @ConditionalOnClass did not find required class 'io.micrometer.atlas.AtlasMeterRegistry' (OnClassCondition)

   AuditAutoConfiguration:
      Did not match:
         - @ConditionalOnBean (types: org.springframework.boot.actuate.audit.AuditEventRepository; SearchStrategy: all) did not find any beans of type org.springframework.boot.actuate.audit.AuditEventRepository (OnBeanCondition)
      Matched:
         - @ConditionalOnProperty (management.auditevents.enabled) matched (OnPropertyCondition)

   AuditEventsEndpointAutoConfiguration:
      Did not match:
         - @ConditionalOnAvailableEndpoint not exposed (OnAvailableEndpointCondition)

   AvailabilityHealthContributorAutoConfiguration#livenessStateHealthIndicator:
      Did not match:
         - @ConditionalOnProperty (management.health.livenessstate.enabled=true) did not find property 'enabled' (OnPropertyCondition)

   AvailabilityHealthContributorAutoConfiguration#readinessStateHealthIndicator:
      Did not match:
         - @ConditionalOnProperty (management.health.readinessstate.enabled=true) did not find property 'enabled' (OnPropertyCondition)

   AvailabilityProbesAutoConfiguration:
      Did not match:
         - Probes availability not running on a supported cloud platform (AvailabilityProbesAutoConfiguration.ProbesCondition)

   BatchAutoConfiguration:
      Did not match:
         - @ConditionalOnClass did not find required class 'org.springframework.batch.core.launch.JobLauncher' (OnClassCondition)

   BatchObservationAutoConfiguration:
      Did not match:
         - @ConditionalOnClass did not find required class 'org.springframework.batch.core.configuration.annotation.BatchObservabilityBeanPostProcessor' (OnClassCondition)

   BeansEndpointAutoConfiguration:
      Did not match:
         - @ConditionalOnAvailableEndpoint not exposed (OnAvailableEndpointCondition)

   BraveAutoConfiguration:
      Did not match:
         - @ConditionalOnClass did not find required class 'brave.Tracer' (OnClassCondition)

   Cache2kCacheConfiguration:
      Did not match:
         - @ConditionalOnClass did not find required class 'org.cache2k.Cache2kBuilder' (OnClassCondition)

   CacheAutoConfiguration:
      Did not match:
         - @ConditionalOnBean (types: org.springframework.cache.interceptor.CacheAspectSupport; SearchStrategy: all) did not find any beans of type org.springframework.cache.interceptor.CacheAspectSupport (OnBeanCondition)
      Matched:
         - @ConditionalOnClass found required class 'org.springframework.cache.CacheManager' (OnClassCondition)

   CacheAutoConfiguration.CacheManagerEntityManagerFactoryDependsOnPostProcessor:
      Did not match:
         - Ancestor org.springframework.boot.autoconfigure.cache.CacheAutoConfiguration did not match (ConditionEvaluationReport.AncestorsMatchedCondition)
      Matched:
         - @ConditionalOnClass found required class 'org.springframework.orm.jpa.LocalContainerEntityManagerFactoryBean' (OnClassCondition)

   CacheMeterBinderProvidersConfiguration.Cache2kCacheMeterBinderProviderConfiguration:
      Did not match:
         - @ConditionalOnClass did not find required classes 'org.cache2k.Cache2kBuilder', 'org.cache2k.extra.spring.SpringCache2kCache', 'org.cache2k.extra.micrometer.Cache2kCacheMetrics' (OnClassCondition)

   CacheMeterBinderProvidersConfiguration.CaffeineCacheMeterBinderProviderConfiguration:
      Did not match:
         - @ConditionalOnClass did not find required classes 'org.springframework.cache.caffeine.CaffeineCache', 'com.github.benmanes.caffeine.cache.Cache' (OnClassCondition)

   CacheMeterBinderProvidersConfiguration.HazelcastCacheMeterBinderProviderConfiguration:
      Did not match:
         - @ConditionalOnClass did not find required classes 'com.hazelcast.spring.cache.HazelcastCache', 'com.hazelcast.core.Hazelcast' (OnClassCondition)

   CacheMeterBinderProvidersConfiguration.JCacheCacheMeterBinderProviderConfiguration:
      Did not match:
         - @ConditionalOnClass did not find required classes 'org.springframework.cache.jcache.JCacheCache', 'javax.cache.CacheManager' (OnClassCondition)

   CacheMeterBinderProvidersConfiguration.RedisCacheMeterBinderProviderConfiguration:
      Did not match:
         - @ConditionalOnClass did not find required class 'org.springframework.data.redis.cache.RedisCache' (OnClassCondition)

   CacheMetricsAutoConfiguration:
      Did not match:
         - @ConditionalOnBean (types: org.springframework.cache.CacheManager; SearchStrategy: all) did not find any beans of type org.springframework.cache.CacheManager (OnBeanCondition)

   CachesEndpointAutoConfiguration:
      Did not match:
         - @ConditionalOnAvailableEndpoint not exposed (OnAvailableEndpointCondition)
      Matched:
         - @ConditionalOnClass found required class 'org.springframework.cache.CacheManager' (OnClassCondition)

   CaffeineCacheConfiguration:
      Did not match:
         - @ConditionalOnClass did not find required class 'com.github.benmanes.caffeine.cache.Caffeine' (OnClassCondition)

   CassandraAutoConfiguration:
      Did not match:
         - @ConditionalOnClass did not find required class 'com.datastax.oss.driver.api.core.CqlSession' (OnClassCondition)

   CassandraDataAutoConfiguration:
      Did not match:
         - @ConditionalOnClass did not find required class 'com.datastax.oss.driver.api.core.CqlSession' (OnClassCondition)

   CassandraHealthContributorAutoConfiguration:
      Did not match:
         - @ConditionalOnClass did not find required class 'com.datastax.oss.driver.api.core.CqlSession' (OnClassCondition)

   CassandraReactiveDataAutoConfiguration:
      Did not match:
         - @ConditionalOnClass did not find required class 'com.datastax.oss.driver.api.core.CqlSession' (OnClassCondition)

   CassandraReactiveHealthContributorAutoConfiguration:
      Did not match:
         - @ConditionalOnClass did not find required class 'com.datastax.oss.driver.api.core.CqlSession' (OnClassCondition)

   CassandraReactiveRepositoriesAutoConfiguration:
      Did not match:
         - @ConditionalOnClass did not find required class 'org.springframework.data.cassandra.ReactiveSession' (OnClassCondition)

   CassandraRepositoriesAutoConfiguration:
      Did not match:
         - @ConditionalOnClass did not find required class 'com.datastax.oss.driver.api.core.CqlSession' (OnClassCondition)

   ClientHttpConnectorFactoryConfiguration.HttpClient5:
      Did not match:
         - @ConditionalOnClass did not find required classes 'org.apache.hc.client5.http.impl.async.HttpAsyncClients', 'org.apache.hc.core5.http.nio.AsyncRequestProducer', 'org.apache.hc.core5.reactive.ReactiveResponseConsumer' (OnClassCondition)

   ClientHttpConnectorFactoryConfiguration.JdkClient:
      Did not match:
         - @ConditionalOnMissingBean (types: org.springframework.boot.autoconfigure.web.reactive.function.client.ClientHttpConnectorFactory; SearchStrategy: all) found beans of type 'org.springframework.boot.autoconfigure.web.reactive.function.client.ClientHttpConnectorFactory' reactorClientHttpConnectorFactory (OnBeanCondition)
      Matched:
         - @ConditionalOnClass found required class 'java.net.http.HttpClient' (OnClassCondition)

   CloudFoundryActuatorAutoConfiguration:
      Did not match:
         - @ConditionalOnCloudPlatform did not find CLOUD_FOUNDRY (OnCloudPlatformCondition)
      Matched:
         - @ConditionalOnClass found required class 'org.springframework.web.servlet.DispatcherServlet' (OnClassCondition)
         - found 'session' scope (OnWebApplicationCondition)
         - @ConditionalOnProperty (management.cloudfoundry.enabled) matched (OnPropertyCondition)

   CompositeMeterRegistryConfiguration:
      Did not match:
         - NoneNestedConditions 1 matched 1 did not; NestedCondition on CompositeMeterRegistryConfiguration.MultipleNonPrimaryMeterRegistriesCondition.SingleInjectableMeterRegistry @ConditionalOnSingleCandidate (types: io.micrometer.core.instrument.MeterRegistry; SearchStrategy: all) found a single bean 'simpleMeterRegistry'; NestedCondition on CompositeMeterRegistryConfiguration.MultipleNonPrimaryMeterRegistriesCondition.NoMeterRegistryCondition @ConditionalOnMissingBean (types: io.micrometer.core.instrument.MeterRegistry; SearchStrategy: all) found beans of type 'io.micrometer.core.instrument.MeterRegistry' simpleMeterRegistry (CompositeMeterRegistryConfiguration.MultipleNonPrimaryMeterRegistriesCondition)

   ConditionsReportEndpointAutoConfiguration:
      Did not match:
         - @ConditionalOnAvailableEndpoint not exposed (OnAvailableEndpointCondition)

   ConfigurationPropertiesReportEndpointAutoConfiguration:
      Did not match:
         - @ConditionalOnAvailableEndpoint not exposed (OnAvailableEndpointCondition)

   ConnectionFactoryHealthContributorAutoConfiguration:
      Did not match:
         - @ConditionalOnClass did not find required class 'io.r2dbc.spi.ConnectionFactory' (OnClassCondition)

   ConnectionPoolMetricsAutoConfiguration:
      Did not match:
         - @ConditionalOnClass did not find required class 'io.r2dbc.pool.ConnectionPool' (OnClassCondition)

   CouchbaseAutoConfiguration:
      Did not match:
         - @ConditionalOnClass did not find required class 'com.couchbase.client.java.Cluster' (OnClassCondition)

   CouchbaseCacheConfiguration:
      Did not match:
         - @ConditionalOnClass did not find required class 'com.couchbase.client.java.Cluster' (OnClassCondition)

   CouchbaseDataAutoConfiguration:
      Did not match:
         - @ConditionalOnClass did not find required class 'com.couchbase.client.java.Bucket' (OnClassCondition)

   CouchbaseHealthContributorAutoConfiguration:
      Did not match:
         - @ConditionalOnClass did not find required class 'com.couchbase.client.java.Cluster' (OnClassCondition)

   CouchbaseReactiveDataAutoConfiguration:
      Did not match:
         - @ConditionalOnClass did not find required class 'com.couchbase.client.java.Cluster' (OnClassCondition)

   CouchbaseReactiveHealthContributorAutoConfiguration:
      Did not match:
         - @ConditionalOnClass did not find required class 'com.couchbase.client.java.Cluster' (OnClassCondition)

   CouchbaseReactiveRepositoriesAutoConfiguration:
      Did not match:
         - @ConditionalOnClass did not find required class 'com.couchbase.client.java.Cluster' (OnClassCondition)

   CouchbaseRepositoriesAutoConfiguration:
      Did not match:
         - @ConditionalOnClass did not find required class 'com.couchbase.client.java.Bucket' (OnClassCondition)

   DataSourceAutoConfiguration.EmbeddedDatabaseConfiguration:
      Did not match:
         - EmbeddedDataSource spring.datasource.url is set (DataSourceAutoConfiguration.EmbeddedDatabaseCondition)

   DataSourceCheckpointRestoreConfiguration:
      Did not match:
         - @ConditionalOnClass did not find required class 'org.crac.Resource' (OnClassCondition)

   DataSourceConfiguration.Dbcp2:
      Did not match:
         - @ConditionalOnClass did not find required class 'org.apache.commons.dbcp2.BasicDataSource' (OnClassCondition)

   DataSourceConfiguration.Generic:
      Did not match:
         - @ConditionalOnProperty (spring.datasource.type) did not find property 'spring.datasource.type' (OnPropertyCondition)

   DataSourceConfiguration.OracleUcp:
      Did not match:
         - @ConditionalOnClass did not find required classes 'oracle.ucp.jdbc.PoolDataSourceImpl', 'oracle.jdbc.OracleConnection' (OnClassCondition)

   DataSourceConfiguration.Tomcat:
      Did not match:
         - @ConditionalOnClass did not find required class 'org.apache.tomcat.jdbc.pool.DataSource' (OnClassCondition)

   DataSourceJmxConfiguration:
      Did not match:
         - @ConditionalOnProperty (spring.jmx.enabled=true) found different value in property 'enabled' (OnPropertyCondition)

   DataSourcePoolMetadataProvidersConfiguration.CommonsDbcp2PoolDataSourceMetadataProviderConfiguration:
      Did not match:
         - @ConditionalOnClass did not find required class 'org.apache.commons.dbcp2.BasicDataSource' (OnClassCondition)

   DataSourcePoolMetadataProvidersConfiguration.OracleUcpPoolDataSourceMetadataProviderConfiguration:
      Did not match:
         - @ConditionalOnClass did not find required classes 'oracle.ucp.jdbc.PoolDataSource', 'oracle.jdbc.OracleConnection' (OnClassCondition)

   DataSourcePoolMetadataProvidersConfiguration.TomcatDataSourcePoolMetadataProviderConfiguration:
      Did not match:
         - @ConditionalOnClass did not find required class 'org.apache.tomcat.jdbc.pool.DataSource' (OnClassCondition)

   DataSourceTransactionManagerAutoConfiguration.JdbcTransactionManagerConfiguration#transactionManager:
      Did not match:
         - @ConditionalOnMissingBean (types: org.springframework.transaction.TransactionManager; SearchStrategy: all) found beans of type 'org.springframework.transaction.TransactionManager' transactionManager (OnBeanCondition)

   DatadogMetricsExportAutoConfiguration:
      Did not match:
         - @ConditionalOnClass did not find required class 'io.micrometer.datadog.DatadogMeterRegistry' (OnClassCondition)

   DevToolsDataSourceAutoConfiguration:
      Did not match:
         - Devtools devtools is disabled for current context. (OnEnabledDevToolsCondition)
      Matched:
         - @ConditionalOnClass found required class 'javax.sql.DataSource' (OnClassCondition)

   DevToolsR2dbcAutoConfiguration:
      Did not match:
         - @ConditionalOnClass did not find required class 'io.r2dbc.spi.ConnectionFactory' (OnClassCondition)

   DispatcherServletAutoConfiguration.DispatcherServletConfiguration#multipartResolver:
      Did not match:
         - @ConditionalOnBean (types: org.springframework.web.multipart.MultipartResolver; SearchStrategy: all) did not find any beans of type org.springframework.web.multipart.MultipartResolver (OnBeanCondition)

   DynatraceMetricsExportAutoConfiguration:
      Did not match:
         - @ConditionalOnClass did not find required class 'io.micrometer.dynatrace.DynatraceMeterRegistry' (OnClassCondition)

   ElasticMetricsExportAutoConfiguration:
      Did not match:
         - @ConditionalOnClass did not find required class 'io.micrometer.elastic.ElasticMeterRegistry' (OnClassCondition)

   ElasticsearchClientAutoConfiguration:
      Did not match:
         - @ConditionalOnClass did not find required class 'co.elastic.clients.elasticsearch.ElasticsearchClient' (OnClassCondition)

   ElasticsearchDataAutoConfiguration:
      Did not match:
         - @ConditionalOnClass did not find required class 'org.springframework.data.elasticsearch.client.elc.ElasticsearchTemplate' (OnClassCondition)

   ElasticsearchReactiveHealthContributorAutoConfiguration:
      Did not match:
         - @ConditionalOnClass did not find required class 'org.springframework.data.elasticsearch.client.elc.ReactiveElasticsearchClient' (OnClassCondition)

   ElasticsearchRepositoriesAutoConfiguration:
      Did not match:
         - @ConditionalOnClass did not find required class 'org.springframework.data.elasticsearch.repository.ElasticsearchRepository' (OnClassCondition)

   ElasticsearchRestClientAutoConfiguration:
      Did not match:
         - @ConditionalOnClass did not find required class 'org.elasticsearch.client.RestClientBuilder' (OnClassCondition)

   ElasticsearchRestHealthContributorAutoConfiguration:
      Did not match:
         - @ConditionalOnClass did not find required class 'org.elasticsearch.client.RestClient' (OnClassCondition)

   EmbeddedLdapAutoConfiguration:
      Did not match:
         - @ConditionalOnClass did not find required class 'com.unboundid.ldap.listener.InMemoryDirectoryServer' (OnClassCondition)

   EmbeddedWebServerFactoryCustomizerAutoConfiguration:
      Did not match:
         - Application is deployed as a WAR file. (OnWarDeploymentCondition)
      Matched:
         - @ConditionalOnWebApplication (required) found 'session' scope (OnWebApplicationCondition)

   EnvironmentEndpointAutoConfiguration:
      Did not match:
         - @ConditionalOnAvailableEndpoint not exposed (OnAvailableEndpointCondition)

   ErrorWebFluxAutoConfiguration:
      Did not match:
         - not a reactive web application (OnWebApplicationCondition)
      Matched:
         - @ConditionalOnClass found required class 'org.springframework.web.reactive.config.WebFluxConfigurer' (OnClassCondition)

   FlywayAutoConfiguration:
      Did not match:
         - @ConditionalOnClass did not find required class 'org.flywaydb.core.Flyway' (OnClassCondition)

   FlywayEndpointAutoConfiguration:
      Did not match:
         - @ConditionalOnClass did not find required class 'org.flywaydb.core.Flyway' (OnClassCondition)

   FreeMarkerAutoConfiguration:
      Did not match:
         - @ConditionalOnClass did not find required class 'freemarker.template.Configuration' (OnClassCondition)

   GangliaMetricsExportAutoConfiguration:
      Did not match:
         - @ConditionalOnClass did not find required class 'io.micrometer.ganglia.GangliaMeterRegistry' (OnClassCondition)

   GraphQlAutoConfiguration:
      Did not match:
         - @ConditionalOnClass did not find required class 'graphql.GraphQL' (OnClassCondition)

   GraphQlObservationAutoConfiguration:
      Did not match:
         - @ConditionalOnClass did not find required class 'graphql.GraphQL' (OnClassCondition)

   GraphQlQueryByExampleAutoConfiguration:
      Did not match:
         - @ConditionalOnClass did not find required class 'graphql.GraphQL' (OnClassCondition)

   GraphQlQuerydslAutoConfiguration:
      Did not match:
         - @ConditionalOnClass did not find required class 'com.querydsl.core.Query' (OnClassCondition)

   GraphQlRSocketAutoConfiguration:
      Did not match:
         - @ConditionalOnClass did not find required class 'graphql.GraphQL' (OnClassCondition)

   GraphQlReactiveQueryByExampleAutoConfiguration:
      Did not match:
         - @ConditionalOnClass did not find required class 'graphql.GraphQL' (OnClassCondition)

   GraphQlReactiveQuerydslAutoConfiguration:
      Did not match:
         - @ConditionalOnClass did not find required class 'com.querydsl.core.Query' (OnClassCondition)

   GraphQlWebFluxAutoConfiguration:
      Did not match:
         - @ConditionalOnClass did not find required class 'graphql.GraphQL' (OnClassCondition)

   GraphQlWebFluxSecurityAutoConfiguration:
      Did not match:
         - @ConditionalOnClass did not find required class 'graphql.GraphQL' (OnClassCondition)

   GraphQlWebMvcAutoConfiguration:
      Did not match:
         - @ConditionalOnClass did not find required class 'graphql.GraphQL' (OnClassCondition)

   GraphQlWebMvcSecurityAutoConfiguration:
      Did not match:
         - @ConditionalOnClass did not find required class 'graphql.GraphQL' (OnClassCondition)

   GraphiteMetricsExportAutoConfiguration:
      Did not match:
         - @ConditionalOnClass did not find required class 'io.micrometer.graphite.GraphiteMeterRegistry' (OnClassCondition)

   GroovyTemplateAutoConfiguration:
      Did not match:
         - @ConditionalOnClass did not find required class 'groovy.text.markup.MarkupTemplateEngine' (OnClassCondition)

   GsonHttpMessageConvertersConfiguration.GsonHttpMessageConverterConfiguration:
      Did not match:
         - AnyNestedCondition 0 matched 2 did not; NestedCondition on GsonHttpMessageConvertersConfiguration.PreferGsonOrJacksonAndJsonbUnavailableCondition.JacksonJsonbUnavailable NoneNestedConditions 1 matched 1 did not; NestedCondition on GsonHttpMessageConvertersConfiguration.JacksonAndJsonbUnavailableCondition.JsonbPreferred @ConditionalOnProperty (spring.mvc.converters.preferred-json-mapper=jsonb) did not find property 'spring.mvc.converters.preferred-json-mapper'; NestedCondition on GsonHttpMessageConvertersConfiguration.JacksonAndJsonbUnavailableCondition.JacksonAvailable @ConditionalOnBean (types: org.springframework.http.converter.json.MappingJackson2HttpMessageConverter; SearchStrategy: all) found bean 'mappingJackson2HttpMessageConverter'; NestedCondition on GsonHttpMessageConvertersConfiguration.PreferGsonOrJacksonAndJsonbUnavailableCondition.GsonPreferred @ConditionalOnProperty (spring.mvc.converters.preferred-json-mapper=gson) did not find property 'spring.mvc.converters.preferred-json-mapper' (GsonHttpMessageConvertersConfiguration.PreferGsonOrJacksonAndJsonbUnavailableCondition)

   H2ConsoleAutoConfiguration:
      Did not match:
         - @ConditionalOnProperty (spring.h2.console.enabled=true) did not find property 'enabled' (OnPropertyCondition)
      Matched:
         - @ConditionalOnClass found required class 'org.h2.server.web.JakartaWebServlet' (OnClassCondition)
         - found 'session' scope (OnWebApplicationCondition)

   HazelcastAutoConfiguration:
      Did not match:
         - @ConditionalOnClass did not find required class 'com.hazelcast.core.HazelcastInstance' (OnClassCondition)

   HazelcastCacheConfiguration:
      Did not match:
         - @ConditionalOnClass did not find required class 'com.hazelcast.core.HazelcastInstance' (OnClassCondition)

   HazelcastHealthContributorAutoConfiguration:
      Did not match:
         - @ConditionalOnClass did not find required class 'com.hazelcast.core.HazelcastInstance' (OnClassCondition)

   HazelcastJpaDependencyAutoConfiguration:
      Did not match:
         - @ConditionalOnClass did not find required class 'com.hazelcast.core.HazelcastInstance' (OnClassCondition)

   HealthEndpointReactiveWebExtensionConfiguration:
      Did not match:
         - not a reactive web application (OnWebApplicationCondition)

   HealthEndpointWebExtensionConfiguration.JerseyAdditionalHealthEndpointPathsConfiguration:
      Did not match:
         - @ConditionalOnClass did not find required class 'org.glassfish.jersey.server.ResourceConfig' (OnClassCondition)

   HeapDumpWebEndpointAutoConfiguration:
      Did not match:
         - @ConditionalOnAvailableEndpoint not exposed (OnAvailableEndpointCondition)

   HibernateMetricsAutoConfiguration:
      Did not match:
         - @ConditionalOnClass did not find required class 'org.hibernate.stat.HibernateMetrics' (OnClassCondition)

   HttpExchangesAutoConfiguration:
      Did not match:
         - @ConditionalOnBean (types: org.springframework.boot.actuate.web.exchanges.HttpExchangeRepository; SearchStrategy: all) did not find any beans of type org.springframework.boot.actuate.web.exchanges.HttpExchangeRepository (OnBeanCondition)
      Matched:
         - @ConditionalOnWebApplication (required) found 'session' scope (OnWebApplicationCondition)
         - @ConditionalOnProperty (management.httpexchanges.recording.enabled) matched (OnPropertyCondition)

   HttpExchangesAutoConfiguration.ReactiveHttpExchangesConfiguration:
      Did not match:
         - not a reactive web application (OnWebApplicationCondition)
         - Ancestor org.springframework.boot.actuate.autoconfigure.web.exchanges.HttpExchangesAutoConfiguration did not match (ConditionEvaluationReport.AncestorsMatchedCondition)

   HttpExchangesAutoConfiguration.ServletHttpExchangesConfiguration:
      Did not match:
         - Ancestor org.springframework.boot.actuate.autoconfigure.web.exchanges.HttpExchangesAutoConfiguration did not match (ConditionEvaluationReport.AncestorsMatchedCondition)
      Matched:
         - found 'session' scope (OnWebApplicationCondition)

   HttpExchangesEndpointAutoConfiguration:
      Did not match:
         - @ConditionalOnAvailableEndpoint not exposed (OnAvailableEndpointCondition)

   HttpHandlerAutoConfiguration:
      Did not match:
         - not a reactive web application (OnWebApplicationCondition)
      Matched:
         - @ConditionalOnClass found required classes 'org.springframework.web.reactive.DispatcherHandler', 'org.springframework.http.server.reactive.HttpHandler' (OnClassCondition)

   HumioMetricsExportAutoConfiguration:
      Did not match:
         - @ConditionalOnClass did not find required class 'io.micrometer.humio.HumioMeterRegistry' (OnClassCondition)

   HypermediaAutoConfiguration:
      Did not match:
         - @ConditionalOnClass did not find required class 'org.springframework.hateoas.EntityModel' (OnClassCondition)

   InfinispanCacheConfiguration:
      Did not match:
         - @ConditionalOnClass did not find required class 'org.infinispan.spring.embedded.provider.SpringEmbeddedCacheManager' (OnClassCondition)

   InfluxMetricsExportAutoConfiguration:
      Did not match:
         - @ConditionalOnClass did not find required class 'io.micrometer.influx.InfluxMeterRegistry' (OnClassCondition)

   InfoContributorAutoConfiguration#buildInfoContributor:
      Did not match:
         - @ConditionalOnSingleCandidate (types: org.springframework.boot.info.BuildProperties; SearchStrategy: all) did not find any beans (OnBeanCondition)
      Matched:
         - @ConditionalOnEnabledInfoContributor management.info.defaults.enabled is considered true (OnEnabledInfoContributorCondition)

   InfoContributorAutoConfiguration#envInfoContributor:
      Did not match:
         - @ConditionalOnEnabledInfoContributor management.info.env.enabled is not true (OnEnabledInfoContributorCondition)

   InfoContributorAutoConfiguration#gitInfoContributor:
      Did not match:
         - @ConditionalOnSingleCandidate (types: org.springframework.boot.info.GitProperties; SearchStrategy: all) did not find any beans (OnBeanCondition)
      Matched:
         - @ConditionalOnEnabledInfoContributor management.info.defaults.enabled is considered true (OnEnabledInfoContributorCondition)

   InfoContributorAutoConfiguration#javaInfoContributor:
      Did not match:
         - @ConditionalOnEnabledInfoContributor management.info.java.enabled is not true (OnEnabledInfoContributorCondition)

   InfoContributorAutoConfiguration#osInfoContributor:
      Did not match:
         - @ConditionalOnEnabledInfoContributor management.info.os.enabled is not true (OnEnabledInfoContributorCondition)

   InfoContributorAutoConfiguration#processInfoContributor:
      Did not match:
         - @ConditionalOnEnabledInfoContributor management.info.process.enabled is not true (OnEnabledInfoContributorCondition)

   InfoContributorAutoConfiguration#sslInfo:
      Did not match:
         - @ConditionalOnEnabledInfoContributor management.info.ssl.enabled is not true (OnEnabledInfoContributorCondition)
      Matched:
         - @ConditionalOnMissingBean (types: org.springframework.boot.info.SslInfo; SearchStrategy: all) did not find any beans (OnBeanCondition)

   InfoContributorAutoConfiguration#sslInfoContributor:
      Did not match:
         - @ConditionalOnEnabledInfoContributor management.info.ssl.enabled is not true (OnEnabledInfoContributorCondition)

   InfoEndpointAutoConfiguration:
      Did not match:
         - @ConditionalOnAvailableEndpoint not exposed (OnAvailableEndpointCondition)

   IntegrationAutoConfiguration:
      Did not match:
         - @ConditionalOnClass did not find required class 'org.springframework.integration.config.EnableIntegration' (OnClassCondition)

   IntegrationGraphEndpointAutoConfiguration:
      Did not match:
         - @ConditionalOnClass did not find required class 'org.springframework.integration.graph.IntegrationGraphServer' (OnClassCondition)

   JCacheCacheConfiguration:
      Did not match:
         - @ConditionalOnClass did not find required class 'javax.cache.Caching' (OnClassCondition)

   JacksonHttpMessageConvertersConfiguration.MappingJackson2XmlHttpMessageConverterConfiguration:
      Did not match:
         - @ConditionalOnClass did not find required class 'com.fasterxml.jackson.dataformat.xml.XmlMapper' (OnClassCondition)

   JerseyAutoConfiguration:
      Did not match:
         - @ConditionalOnClass did not find required class 'org.glassfish.jersey.server.spring.SpringComponentProvider' (OnClassCondition)

   JerseySameManagementContextConfiguration:
      Did not match:
         - @ConditionalOnClass did not find required class 'org.glassfish.jersey.server.ResourceConfig' (OnClassCondition)

   JerseyServerMetricsAutoConfiguration:
      Did not match:
         - @ConditionalOnClass did not find required class 'org.glassfish.jersey.micrometer.server.ObservationApplicationEventListener' (OnClassCondition)

   JerseyWebEndpointManagementContextConfiguration:
      Did not match:
         - @ConditionalOnClass did not find required class 'org.glassfish.jersey.server.ResourceConfig' (OnClassCondition)

   JettyMetricsAutoConfiguration:
      Did not match:
         - @ConditionalOnClass did not find required class 'org.eclipse.jetty.server.Server' (OnClassCondition)

   JmsAutoConfiguration:
      Did not match:
         - @ConditionalOnClass did not find required class 'jakarta.jms.Message' (OnClassCondition)

   JmsHealthContributorAutoConfiguration:
      Did not match:
         - @ConditionalOnClass did not find required class 'jakarta.jms.ConnectionFactory' (OnClassCondition)

   JmxAutoConfiguration:
      Did not match:
         - @ConditionalOnProperty (spring.jmx.enabled=true) found different value in property 'enabled' (OnPropertyCondition)
      Matched:
         - @ConditionalOnClass found required class 'org.springframework.jmx.export.MBeanExporter' (OnClassCondition)

   JmxEndpointAutoConfiguration:
      Did not match:
         - @ConditionalOnProperty (spring.jmx.enabled=true) found different value in property 'enabled' (OnPropertyCondition)

   JmxMetricsExportAutoConfiguration:
      Did not match:
         - @ConditionalOnClass did not find required class 'io.micrometer.jmx.JmxMeterRegistry' (OnClassCondition)

   JndiConnectionFactoryAutoConfiguration:
      Did not match:
         - @ConditionalOnClass did not find required class 'org.springframework.jms.core.JmsTemplate' (OnClassCondition)

   JndiDataSourceAutoConfiguration:
      Did not match:
         - @ConditionalOnProperty (spring.datasource.jndi-name) did not find property 'jndi-name' (OnPropertyCondition)
      Matched:
         - @ConditionalOnClass found required classes 'javax.sql.DataSource', 'org.springframework.jdbc.datasource.embedded.EmbeddedDatabaseType' (OnClassCondition)

   JndiJtaConfiguration:
      Did not match:
         - @ConditionalOnJndi JNDI environment is not available (OnJndiCondition)
      Matched:
         - @ConditionalOnClass found required class 'org.springframework.transaction.jta.JtaTransactionManager' (OnClassCondition)

   JooqAutoConfiguration:
      Did not match:
         - @ConditionalOnClass did not find required class 'org.jooq.DSLContext' (OnClassCondition)

   JpaRepositoriesAutoConfiguration#entityManagerFactoryBootstrapExecutorCustomizer:
      Did not match:
         - AnyNestedCondition 0 matched 2 did not; NestedCondition on JpaRepositoriesAutoConfiguration.BootstrapExecutorCondition.LazyBootstrapMode @ConditionalOnProperty (spring.data.jpa.repositories.bootstrap-mode=lazy) did not find property 'bootstrap-mode'; NestedCondition on JpaRepositoriesAutoConfiguration.BootstrapExecutorCondition.DeferredBootstrapMode @ConditionalOnProperty (spring.data.jpa.repositories.bootstrap-mode=deferred) did not find property 'bootstrap-mode' (JpaRepositoriesAutoConfiguration.BootstrapExecutorCondition)

   JsonbAutoConfiguration:
      Did not match:
         - @ConditionalOnClass did not find required class 'jakarta.json.bind.Jsonb' (OnClassCondition)

   JsonbHttpMessageConvertersConfiguration:
      Did not match:
         - @ConditionalOnClass did not find required class 'jakarta.json.bind.Jsonb' (OnClassCondition)

   KafkaAutoConfiguration:
      Did not match:
         - @ConditionalOnClass did not find required class 'org.springframework.kafka.core.KafkaTemplate' (OnClassCondition)

   KafkaMetricsAutoConfiguration:
      Did not match:
         - @ConditionalOnClass did not find required class 'org.springframework.kafka.core.ProducerFactory' (OnClassCondition)

   KairosMetricsExportAutoConfiguration:
      Did not match:
         - @ConditionalOnClass did not find required class 'io.micrometer.kairos.KairosMeterRegistry' (OnClassCondition)

   LdapAutoConfiguration:
      Did not match:
         - @ConditionalOnClass did not find required class 'org.springframework.ldap.core.ContextSource' (OnClassCondition)

   LdapHealthContributorAutoConfiguration:
      Did not match:
         - @ConditionalOnClass did not find required class 'org.springframework.ldap.core.LdapOperations' (OnClassCondition)

   LdapRepositoriesAutoConfiguration:
      Did not match:
         - @ConditionalOnClass did not find required class 'org.springframework.data.ldap.repository.LdapRepository' (OnClassCondition)

   LettuceMetricsAutoConfiguration:
      Did not match:
         - @ConditionalOnClass did not find required class 'io.lettuce.core.metrics.MicrometerCommandLatencyRecorder' (OnClassCondition)

   LiquibaseAutoConfiguration.CustomizerConfiguration#springLiquibaseCustomizer:
      Did not match:
         - @ConditionalOnBean (types: liquibase.integration.spring.Customizer; SearchStrategy: all) did not find any beans of type liquibase.integration.spring.Customizer (OnBeanCondition)

   LiquibaseEndpointAutoConfiguration:
      Did not match:
         - @ConditionalOnAvailableEndpoint not exposed (OnAvailableEndpointCondition)
      Matched:
         - @ConditionalOnClass found required class 'liquibase.integration.spring.SpringLiquibase' (OnClassCondition)

   LocalDevToolsAutoConfiguration:
      Did not match:
         - Initialized Restarter Condition initialized without URLs (OnInitializedRestarterCondition)

   LogFileWebEndpointAutoConfiguration:
      Did not match:
         - @ConditionalOnAvailableEndpoint not exposed (OnAvailableEndpointCondition)

   LogbackMetricsAutoConfiguration:
      Did not match:
         - @ConditionalOnClass did not find required class 'ch.qos.logback.classic.LoggerContext' (OnClassCondition)

   LoggersEndpointAutoConfiguration:
      Did not match:
         - @ConditionalOnAvailableEndpoint not exposed (OnAvailableEndpointCondition)

   MailHealthContributorAutoConfiguration:
      Did not match:
         - @ConditionalOnClass did not find required class 'org.springframework.mail.javamail.JavaMailSenderImpl' (OnClassCondition)

   MailSenderAutoConfiguration:
      Did not match:
         - @ConditionalOnClass did not find required class 'jakarta.mail.internet.MimeMessage' (OnClassCondition)

   MailSenderValidatorAutoConfiguration:
      Did not match:
         - @ConditionalOnSingleCandidate did not find required type 'org.springframework.mail.javamail.JavaMailSenderImpl' (OnBeanCondition)

   ManagementContextAutoConfiguration.DifferentManagementContextConfiguration:
      Did not match:
         - Management Port actual port type (SAME) did not match required type (DIFFERENT) (OnManagementPortCondition)

   ManagementWebSecurityAutoConfiguration:
      Did not match:
         - AllNestedConditions 1 matched 1 did not; NestedCondition on DefaultWebSecurityCondition.Beans @ConditionalOnMissingBean (types: org.springframework.security.web.SecurityFilterChain; SearchStrategy: all) found beans of type 'org.springframework.security.web.SecurityFilterChain' securityFilterChain; NestedCondition on DefaultWebSecurityCondition.Classes @ConditionalOnClass found required classes 'org.springframework.security.web.SecurityFilterChain', 'org.springframework.security.config.annotation.web.builders.HttpSecurity' (DefaultWebSecurityCondition)
      Matched:
         - found 'session' scope (OnWebApplicationCondition)

   MappingsEndpointAutoConfiguration:
      Did not match:
         - @ConditionalOnAvailableEndpoint not exposed (OnAvailableEndpointCondition)

   MessageSourceAutoConfiguration:
      Did not match:
         - ResourceBundle did not find bundle with basename messages (MessageSourceAutoConfiguration.ResourceBundleCondition)

   MetricsAspectsAutoConfiguration:
      Did not match:
         - AnyNestedCondition 0 matched 2 did not; NestedCondition on MetricsAspectsAutoConfiguration.ObservationAnnotationsEnabledCondition.ManagementObservationsEnabledCondition @ConditionalOnProperty (management.observations.annotations.enabled=true) did not find property 'enabled'; NestedCondition on MetricsAspectsAutoConfiguration.ObservationAnnotationsEnabledCondition.MicrometerObservationsEnabledCondition @ConditionalOnProperty (micrometer.observations.annotations.enabled=true) did not find property 'enabled' (MetricsAspectsAutoConfiguration.ObservationAnnotationsEnabledCondition)
      Matched:
         - @ConditionalOnClass found required classes 'io.micrometer.core.instrument.MeterRegistry', 'org.aspectj.weaver.Advice' (OnClassCondition)

   MetricsEndpointAutoConfiguration:
      Did not match:
         - @ConditionalOnAvailableEndpoint not exposed (OnAvailableEndpointCondition)
      Matched:
         - @ConditionalOnClass found required class 'io.micrometer.core.annotation.Timed' (OnClassCondition)

   MicrometerTracingAutoConfiguration:
      Did not match:
         - @ConditionalOnClass did not find required class 'io.micrometer.tracing.Tracer' (OnClassCondition)

   MongoAutoConfiguration:
      Did not match:
         - @ConditionalOnClass did not find required class 'com.mongodb.client.MongoClient' (OnClassCondition)

   MongoDataAutoConfiguration:
      Did not match:
         - @ConditionalOnClass did not find required class 'com.mongodb.client.MongoClient' (OnClassCondition)

   MongoHealthContributorAutoConfiguration:
      Did not match:
         - @ConditionalOnClass did not find required class 'org.springframework.data.mongodb.core.MongoTemplate' (OnClassCondition)

   MongoMetricsAutoConfiguration:
      Did not match:
         - @ConditionalOnClass did not find required class 'com.mongodb.MongoClientSettings' (OnClassCondition)

   MongoReactiveAutoConfiguration:
      Did not match:
         - @ConditionalOnClass did not find required class 'com.mongodb.reactivestreams.client.MongoClient' (OnClassCondition)

   MongoReactiveDataAutoConfiguration:
      Did not match:
         - @ConditionalOnClass did not find required class 'com.mongodb.reactivestreams.client.MongoClient' (OnClassCondition)

   MongoReactiveHealthContributorAutoConfiguration:
      Did not match:
         - @ConditionalOnClass did not find required class 'org.springframework.data.mongodb.core.ReactiveMongoTemplate' (OnClassCondition)

   MongoReactiveRepositoriesAutoConfiguration:
      Did not match:
         - @ConditionalOnClass did not find required class 'com.mongodb.reactivestreams.client.MongoClient' (OnClassCondition)

   MongoRepositoriesAutoConfiguration:
      Did not match:
         - @ConditionalOnClass did not find required class 'com.mongodb.client.MongoClient' (OnClassCondition)

   MultipleOpenApiSupportConfiguration:
      Did not match:
         - AnyNestedCondition 0 matched 2 did not; NestedCondition on MultipleOpenApiSupportCondition.OnActuatorDifferentPort found non-matching nested conditions Management Port actual port type (SAME) did not match required type (DIFFERENT), @ConditionalOnProperty (springdoc.show-actuator) did not find property 'springdoc.show-actuator'; NestedCondition on MultipleOpenApiSupportCondition.OnMultipleOpenApiSupportCondition AnyNestedCondition 0 matched 3 did not; NestedCondition on MultipleOpenApiGroupsCondition.OnListGroupedOpenApiBean @ConditionalOnBean (types: org.springdoc.core.models.GroupedOpenApi; SearchStrategy: all) did not find any beans of type org.springdoc.core.models.GroupedOpenApi; NestedCondition on MultipleOpenApiGroupsCondition.OnGroupConfigProperty @ConditionalOnProperty (springdoc.group-configs[0].group) did not find property 'springdoc.group-configs[0].group'; NestedCondition on MultipleOpenApiGroupsCondition.OnGroupedOpenApiBean @ConditionalOnBean (types: org.springdoc.core.models.GroupedOpenApi; SearchStrategy: all) did not find any beans of type org.springdoc.core.models.GroupedOpenApi (MultipleOpenApiSupportCondition)
      Matched:
         - found 'session' scope (OnWebApplicationCondition)
         - @ConditionalOnProperty (springdoc.api-docs.enabled) matched (OnPropertyCondition)

   MultipleOpenApiSupportConfiguration.SpringDocWebMvcActuatorDifferentConfiguration:
      Did not match:
         - Management Port actual port type (SAME) did not match required type (DIFFERENT) (OnManagementPortCondition)
         - Ancestor org.springdoc.webmvc.core.configuration.MultipleOpenApiSupportConfiguration did not match (ConditionEvaluationReport.AncestorsMatchedCondition)
      Matched:
         - @ConditionalOnClass found required class 'org.springframework.boot.actuate.endpoint.web.servlet.WebMvcEndpointHandlerMapping' (OnClassCondition)

   MustacheAutoConfiguration:
      Did not match:
         - @ConditionalOnClass did not find required class 'com.samskivert.mustache.Mustache' (OnClassCondition)

   Neo4jAutoConfiguration:
      Did not match:
         - @ConditionalOnClass did not find required class 'org.neo4j.driver.Driver' (OnClassCondition)

   Neo4jDataAutoConfiguration:
      Did not match:
         - @ConditionalOnClass did not find required class 'org.neo4j.driver.Driver' (OnClassCondition)

   Neo4jHealthContributorAutoConfiguration:
      Did not match:
         - @ConditionalOnClass did not find required class 'org.neo4j.driver.Driver' (OnClassCondition)

   Neo4jReactiveDataAutoConfiguration:
      Did not match:
         - @ConditionalOnClass did not find required class 'org.neo4j.driver.Driver' (OnClassCondition)

   Neo4jReactiveRepositoriesAutoConfiguration:
      Did not match:
         - @ConditionalOnClass did not find required class 'org.neo4j.driver.Driver' (OnClassCondition)

   Neo4jRepositoriesAutoConfiguration:
      Did not match:
         - @ConditionalOnClass did not find required class 'org.neo4j.driver.Driver' (OnClassCondition)

   NewRelicMetricsExportAutoConfiguration:
      Did not match:
         - @ConditionalOnClass did not find required class 'io.micrometer.newrelic.NewRelicMeterRegistry' (OnClassCondition)

   NoOpMeterRegistryConfiguration:
      Did not match:
         - @ConditionalOnMissingBean (types: io.micrometer.core.instrument.MeterRegistry; SearchStrategy: all) found beans of type 'io.micrometer.core.instrument.MeterRegistry' simpleMeterRegistry (OnBeanCondition)

   NoopTracerAutoConfiguration:
      Did not match:
         - @ConditionalOnClass did not find required class 'io.micrometer.tracing.Tracer' (OnClassCondition)

   OAuth2AuthorizationServerAutoConfiguration:
      Did not match:
         - @ConditionalOnClass did not find required class 'org.springframework.security.oauth2.server.authorization.OAuth2Authorization' (OnClassCondition)

   OAuth2AuthorizationServerJwtAutoConfiguration:
      Did not match:
         - @ConditionalOnClass did not find required class 'org.springframework.security.oauth2.server.authorization.OAuth2Authorization' (OnClassCondition)

   OAuth2ClientAutoConfiguration:
      Did not match:
         - @ConditionalOnClass did not find required class 'org.springframework.security.oauth2.client.registration.ClientRegistration' (OnClassCondition)

   OAuth2ResourceServerAutoConfiguration:
      Did not match:
         - @ConditionalOnClass did not find required class 'org.springframework.security.oauth2.server.resource.authentication.BearerTokenAuthenticationToken' (OnClassCondition)

   ObservationAutoConfiguration.MeterObservationHandlerConfiguration.TracingAndMetricsObservationHandlerConfiguration:
      Did not match:
         - @ConditionalOnBean did not find required type 'io.micrometer.tracing.Tracer' (OnBeanCondition)
         - @ConditionalOnBean (types: io.micrometer.tracing.Tracer; SearchStrategy: all) did not find any beans of type io.micrometer.tracing.Tracer (OnBeanCondition)

   ObservationAutoConfiguration.MetricsWithTracingConfiguration:
      Did not match:
         - @ConditionalOnClass did not find required class 'io.micrometer.tracing.Tracer' (OnClassCondition)

   ObservationAutoConfiguration.OnlyTracingConfiguration:
      Did not match:
         - @ConditionalOnClass did not find required class 'io.micrometer.tracing.Tracer' (OnClassCondition)

   OpenTelemetryAutoConfiguration:
      Did not match:
         - @ConditionalOnClass did not find required class 'io.opentelemetry.sdk.OpenTelemetrySdk' (OnClassCondition)

   OpenTelemetryLoggingAutoConfiguration:
      Did not match:
         - @ConditionalOnClass did not find required class 'io.opentelemetry.api.OpenTelemetry' (OnClassCondition)

   OpenTelemetryTracingAutoConfiguration:
      Did not match:
         - @ConditionalOnClass did not find required class 'io.micrometer.tracing.otel.bridge.OtelTracer' (OnClassCondition)

   OtlpLoggingAutoConfiguration:
      Did not match:
         - @ConditionalOnClass did not find required class 'io.opentelemetry.api.OpenTelemetry' (OnClassCondition)

   OtlpMetricsExportAutoConfiguration:
      Did not match:
         - @ConditionalOnClass did not find required class 'io.micrometer.registry.otlp.OtlpMeterRegistry' (OnClassCondition)

   OtlpTracingAutoConfiguration:
      Did not match:
         - @ConditionalOnClass did not find required class 'io.micrometer.tracing.otel.bridge.OtelTracer' (OnClassCondition)

   ProjectInfoAutoConfiguration#buildProperties:
      Did not match:
         - @ConditionalOnResource did not find resource '${spring.info.build.location:classpath:META-INF/build-info.properties}' (OnResourceCondition)

   ProjectInfoAutoConfiguration#gitProperties:
      Did not match:
         - GitResource did not find git info at classpath:git.properties (ProjectInfoAutoConfiguration.GitResourceAvailableCondition)

   PrometheusExemplarsAutoConfiguration:
      Did not match:
         - @ConditionalOnClass did not find required class 'io.micrometer.tracing.Tracer' (OnClassCondition)

   PrometheusMetricsExportAutoConfiguration:
      Did not match:
         - @ConditionalOnClass did not find required class 'io.micrometer.prometheusmetrics.PrometheusMeterRegistry' (OnClassCondition)

   PrometheusSimpleclientExemplarsAutoConfiguration:
      Did not match:
         - @ConditionalOnClass did not find required class 'io.micrometer.tracing.Tracer' (OnClassCondition)

   PrometheusSimpleclientMetricsExportAutoConfiguration:
      Did not match:
         - @ConditionalOnClass did not find required class 'io.micrometer.prometheus.PrometheusMeterRegistry' (OnClassCondition)

   PulsarAutoConfiguration:
      Did not match:
         - @ConditionalOnClass did not find required class 'org.apache.pulsar.client.api.PulsarClient' (OnClassCondition)

   PulsarReactiveAutoConfiguration:
      Did not match:
         - @ConditionalOnClass did not find required class 'org.apache.pulsar.client.api.PulsarClient' (OnClassCondition)

   QuartzAutoConfiguration:
      Did not match:
         - @ConditionalOnClass did not find required class 'org.quartz.Scheduler' (OnClassCondition)

   QuartzEndpointAutoConfiguration:
      Did not match:
         - @ConditionalOnClass did not find required class 'org.quartz.Scheduler' (OnClassCondition)

   R2dbcAutoConfiguration:
      Did not match:
         - @ConditionalOnClass did not find required class 'io.r2dbc.spi.ConnectionFactory' (OnClassCondition)

   R2dbcDataAutoConfiguration:
      Did not match:
         - @ConditionalOnClass did not find required class 'org.springframework.data.r2dbc.core.R2dbcEntityTemplate' (OnClassCondition)

   R2dbcInitializationConfiguration:
      Did not match:
         - @ConditionalOnClass did not find required classes 'io.r2dbc.spi.ConnectionFactory', 'org.springframework.r2dbc.connection.init.DatabasePopulator' (OnClassCondition)

   R2dbcObservationAutoConfiguration:
      Did not match:
         - @ConditionalOnClass did not find required class 'io.r2dbc.proxy.ProxyConnectionFactory' (OnClassCondition)

   R2dbcProxyAutoConfiguration:
      Did not match:
         - @ConditionalOnClass did not find required class 'io.r2dbc.proxy.ProxyConnectionFactory' (OnClassCondition)

   R2dbcRepositoriesAutoConfiguration:
      Did not match:
         - @ConditionalOnClass did not find required class 'io.r2dbc.spi.ConnectionFactory' (OnClassCondition)

   R2dbcTransactionManagerAutoConfiguration:
      Did not match:
         - @ConditionalOnClass did not find required class 'org.springframework.r2dbc.connection.R2dbcTransactionManager' (OnClassCondition)

   RSocketGraphQlClientAutoConfiguration:
      Did not match:
         - @ConditionalOnClass did not find required class 'graphql.GraphQL' (OnClassCondition)

   RSocketMessagingAutoConfiguration:
      Did not match:
         - @ConditionalOnClass did not find required class 'io.rsocket.RSocket' (OnClassCondition)

   RSocketRequesterAutoConfiguration:
      Did not match:
         - @ConditionalOnClass did not find required class 'io.rsocket.RSocket' (OnClassCondition)

   RSocketSecurityAutoConfiguration:
      Did not match:
         - @ConditionalOnClass did not find required class 'org.springframework.security.rsocket.core.SecuritySocketAcceptorInterceptor' (OnClassCondition)

   RSocketServerAutoConfiguration:
      Did not match:
         - @ConditionalOnClass did not find required class 'io.rsocket.core.RSocketServer' (OnClassCondition)

   RSocketStrategiesAutoConfiguration:
      Did not match:
         - @ConditionalOnClass did not find required class 'io.rsocket.RSocket' (OnClassCondition)

   RabbitAutoConfiguration:
      Did not match:
         - @ConditionalOnClass did not find required class 'com.rabbitmq.client.Channel' (OnClassCondition)

   RabbitHealthContributorAutoConfiguration:
      Did not match:
         - @ConditionalOnClass did not find required class 'org.springframework.amqp.rabbit.core.RabbitTemplate' (OnClassCondition)

   RabbitMetricsAutoConfiguration:
      Did not match:
         - @ConditionalOnClass did not find required class 'com.rabbitmq.client.ConnectionFactory' (OnClassCondition)

   ReactiveCloudFoundryActuatorAutoConfiguration:
      Did not match:
         - not a reactive web application (OnWebApplicationCondition)

   ReactiveElasticsearchClientAutoConfiguration:
      Did not match:
         - @ConditionalOnClass did not find required class 'co.elastic.clients.transport.ElasticsearchTransport' (OnClassCondition)

   ReactiveElasticsearchRepositoriesAutoConfiguration:
      Did not match:
         - @ConditionalOnClass did not find required class 'org.springframework.data.elasticsearch.client.elc.ReactiveElasticsearchClient' (OnClassCondition)

   ReactiveManagementContextAutoConfiguration:
      Did not match:
         - not a reactive web application (OnWebApplicationCondition)
      Matched:
         - @ConditionalOnClass found required class 'reactor.core.publisher.Flux' (OnClassCondition)

   ReactiveManagementWebSecurityAutoConfiguration:
      Did not match:
         - not a reactive web application (OnWebApplicationCondition)
      Matched:
         - @ConditionalOnClass found required classes 'org.springframework.security.config.annotation.web.reactive.EnableWebFluxSecurity', 'org.springframework.security.web.server.WebFilterChainProxy' (OnClassCondition)

   ReactiveMultipartAutoConfiguration:
      Did not match:
         - not a reactive web application (OnWebApplicationCondition)
      Matched:
         - @ConditionalOnClass found required classes 'org.springframework.http.codec.multipart.DefaultPartHttpMessageReader', 'org.springframework.web.reactive.config.WebFluxConfigurer' (OnClassCondition)

   ReactiveOAuth2ClientAutoConfiguration:
      Did not match:
         - @ConditionalOnClass did not find required class 'org.springframework.security.oauth2.client.registration.ClientRegistration' (OnClassCondition)

   ReactiveOAuth2ResourceServerAutoConfiguration:
      Did not match:
         - not a reactive web application (OnWebApplicationCondition)
      Matched:
         - @ConditionalOnClass found required class 'org.springframework.security.config.annotation.web.reactive.EnableWebFluxSecurity' (OnClassCondition)

   ReactiveSecurityAutoConfiguration.SpringBootWebFluxSecurityConfiguration:
      Did not match:
         - not a reactive web application (OnWebApplicationCondition)

   ReactiveUserDetailsServiceAutoConfiguration:
      Did not match:
         - AnyNestedCondition 0 matched 2 did not; NestedCondition on ReactiveUserDetailsServiceAutoConfiguration.RSocketEnabledOrReactiveWebApplication.ReactiveWebApplicationCondition not a reactive web application; NestedCondition on ReactiveUserDetailsServiceAutoConfiguration.RSocketEnabledOrReactiveWebApplication.RSocketSecurityEnabledCondition @ConditionalOnBean (types: org.springframework.messaging.rsocket.annotation.support.RSocketMessageHandler; SearchStrategy: all) did not find any beans of type org.springframework.messaging.rsocket.annotation.support.RSocketMessageHandler (ReactiveUserDetailsServiceAutoConfiguration.RSocketEnabledOrReactiveWebApplication)
      Matched:
         - @ConditionalOnClass found required class 'org.springframework.security.authentication.ReactiveAuthenticationManager' (OnClassCondition)
         - AnyNestedCondition 1 matched 2 did not; NestedCondition on ReactiveUserDetailsServiceAutoConfiguration.MissingAlternativeOrUserPropertiesConfigured.PasswordConfigured @ConditionalOnProperty (spring.security.user.password) did not find property 'password'; NestedCondition on ReactiveUserDetailsServiceAutoConfiguration.MissingAlternativeOrUserPropertiesConfigured.NameConfigured @ConditionalOnProperty (spring.security.user.name) did not find property 'name'; NestedCondition on ReactiveUserDetailsServiceAutoConfiguration.MissingAlternativeOrUserPropertiesConfigured.MissingAlternative @ConditionalOnMissingClass did not find unwanted classes 'org.springframework.security.oauth2.client.registration.ClientRegistrationRepository', 'org.springframework.security.oauth2.server.resource.introspection.ReactiveOpaqueTokenIntrospector' (ReactiveUserDetailsServiceAutoConfiguration.MissingAlternativeOrUserPropertiesConfigured)

   ReactiveWebServerFactoryAutoConfiguration:
      Did not match:
         - not a reactive web application (OnWebApplicationCondition)
      Matched:
         - @ConditionalOnClass found required class 'org.springframework.http.ReactiveHttpInputMessage' (OnClassCondition)

   RedisAutoConfiguration:
      Did not match:
         - @ConditionalOnClass did not find required class 'org.springframework.data.redis.core.RedisOperations' (OnClassCondition)

   RedisCacheConfiguration:
      Did not match:
         - @ConditionalOnClass did not find required class 'org.springframework.data.redis.connection.RedisConnectionFactory' (OnClassCondition)

   RedisHealthContributorAutoConfiguration:
      Did not match:
         - @ConditionalOnClass did not find required class 'org.springframework.data.redis.connection.RedisConnectionFactory' (OnClassCondition)

   RedisReactiveAutoConfiguration:
      Did not match:
         - @ConditionalOnClass did not find required class 'org.springframework.data.redis.connection.ReactiveRedisConnectionFactory' (OnClassCondition)

   RedisReactiveHealthContributorAutoConfiguration:
      Did not match:
         - @ConditionalOnClass did not find required class 'org.springframework.data.redis.connection.ReactiveRedisConnectionFactory' (OnClassCondition)

   RedisRepositoriesAutoConfiguration:
      Did not match:
         - @ConditionalOnClass did not find required class 'org.springframework.data.redis.repository.configuration.EnableRedisRepositories' (OnClassCondition)

   RemoteDevToolsAutoConfiguration:
      Did not match:
         - @ConditionalOnProperty (spring.devtools.remote.secret) did not find property 'secret' (OnPropertyCondition)
      Matched:
         - @ConditionalOnClass found required classes 'jakarta.servlet.Filter', 'org.springframework.http.server.ServerHttpRequest' (OnClassCondition)

   RepositoryRestMvcAutoConfiguration:
      Did not match:
         - @ConditionalOnClass did not find required class 'org.springframework.data.rest.webmvc.config.RepositoryRestMvcConfiguration' (OnClassCondition)

   Saml2RelyingPartyAutoConfiguration:
      Did not match:
         - @ConditionalOnClass did not find required class 'org.springframework.security.saml2.provider.service.registration.RelyingPartyRegistrationRepository' (OnClassCondition)

   SbomEndpointAutoConfiguration:
      Did not match:
         - @ConditionalOnAvailableEndpoint not exposed (OnAvailableEndpointCondition)

   ScheduledTasksEndpointAutoConfiguration:
      Did not match:
         - @ConditionalOnAvailableEndpoint not exposed (OnAvailableEndpointCondition)

   SecurityDataConfiguration:
      Did not match:
         - @ConditionalOnClass did not find required class 'org.springframework.security.data.repository.query.SecurityEvaluationContextExtension' (OnClassCondition)

   SecurityRequestMatchersManagementContextConfiguration.JerseyRequestMatcherConfiguration:
      Did not match:
         - @ConditionalOnClass did not find required class 'org.glassfish.jersey.server.ResourceConfig' (OnClassCondition)

   SendGridAutoConfiguration:
      Did not match:
         - @ConditionalOnClass did not find required class 'com.sendgrid.SendGrid' (OnClassCondition)

   ServletEndpointManagementContextConfiguration.JerseyServletEndpointManagementContextConfiguration:
      Did not match:
         - @ConditionalOnClass did not find required class 'org.glassfish.jersey.server.ResourceConfig' (OnClassCondition)

   ServletManagementContextAutoConfiguration.ApplicationContextFilterConfiguration:
      Did not match:
         - @ConditionalOnProperty (management.server.add-application-context-header=true) did not find property 'add-application-context-header' (OnPropertyCondition)

   ServletWebServerFactoryConfiguration.EmbeddedJetty:
      Did not match:
         - @ConditionalOnClass did not find required classes 'org.eclipse.jetty.server.Server', 'org.eclipse.jetty.util.Loader', 'org.eclipse.jetty.ee10.webapp.WebAppContext' (OnClassCondition)

   ServletWebServerFactoryConfiguration.EmbeddedUndertow:
      Did not match:
         - @ConditionalOnClass did not find required classes 'io.undertow.Undertow', 'org.xnio.SslClientAuthMode' (OnClassCondition)

   SessionAutoConfiguration:
      Did not match:
         - @ConditionalOnClass did not find required class 'org.springframework.session.Session' (OnClassCondition)

   SessionsEndpointAutoConfiguration:
      Did not match:
         - @ConditionalOnClass did not find required class 'org.springframework.session.Session' (OnClassCondition)

   ShutdownEndpointAutoConfiguration:
      Did not match:
         - @ConditionalOnAvailableEndpoint the configured access for endpoint 'shutdown' is NONE (OnAvailableEndpointCondition)

   SignalFxMetricsExportAutoConfiguration:
      Did not match:
         - @ConditionalOnClass did not find required class 'io.micrometer.signalfx.SignalFxMeterRegistry' (OnClassCondition)

   SpringApplicationAdminJmxAutoConfiguration:
      Did not match:
         - @ConditionalOnProperty (spring.application.admin.enabled=true) did not find property 'enabled' (OnPropertyCondition)

   SpringBootWebSecurityConfiguration.SecurityFilterChainConfiguration:
      Did not match:
         - AllNestedConditions 1 matched 1 did not; NestedCondition on DefaultWebSecurityCondition.Beans @ConditionalOnMissingBean (types: org.springframework.security.web.SecurityFilterChain; SearchStrategy: all) found beans of type 'org.springframework.security.web.SecurityFilterChain' securityFilterChain; NestedCondition on DefaultWebSecurityCondition.Classes @ConditionalOnClass found required classes 'org.springframework.security.web.SecurityFilterChain', 'org.springframework.security.config.annotation.web.builders.HttpSecurity' (DefaultWebSecurityCondition)

   SpringDocConfiguration#propertiesResolverForSchema:
      Did not match:
         - @ConditionalOnProperty (springdoc.api-docs.resolve-schema-properties) did not find property 'springdoc.api-docs.resolve-schema-properties' (OnPropertyCondition)

   SpringDocConfiguration#propertyCustomizingConverter:
      Did not match:
         - @ConditionalOnBean (types: org.springdoc.core.customizers.PropertyCustomizer; SearchStrategy: all) did not find any beans of type org.springdoc.core.customizers.PropertyCustomizer (OnBeanCondition)

   SpringDocConfiguration#springdocBeanFactoryPostProcessor:
      Did not match:
         - AnyNestedCondition 0 matched 2 did not; NestedCondition on CacheOrGroupedOpenApiCondition.OnCacheDisabled found non-matching nested conditions @ConditionalOnProperty (springdoc.cache.disabled) did not find property 'springdoc.cache.disabled'; NestedCondition on CacheOrGroupedOpenApiCondition.OnMultipleOpenApiSupportCondition AnyNestedCondition 0 matched 2 did not; NestedCondition on MultipleOpenApiSupportCondition.OnActuatorDifferentPort found non-matching nested conditions Management Port actual port type (SAME) did not match required type (DIFFERENT), @ConditionalOnProperty (springdoc.show-actuator) did not find property 'springdoc.show-actuator'; NestedCondition on MultipleOpenApiSupportCondition.OnMultipleOpenApiSupportCondition AnyNestedCondition 0 matched 3 did not; NestedCondition on MultipleOpenApiGroupsCondition.OnListGroupedOpenApiBean @ConditionalOnBean (types: org.springdoc.core.models.GroupedOpenApi; SearchStrategy: all) did not find any beans of type org.springdoc.core.models.GroupedOpenApi; NestedCondition on MultipleOpenApiGroupsCondition.OnGroupConfigProperty @ConditionalOnProperty (springdoc.group-configs[0].group) did not find property 'springdoc.group-configs[0].group'; NestedCondition on MultipleOpenApiGroupsCondition.OnGroupedOpenApiBean @ConditionalOnBean (types: org.springdoc.core.models.GroupedOpenApi; SearchStrategy: all) did not find any beans of type org.springdoc.core.models.GroupedOpenApi (CacheOrGroupedOpenApiCondition)
      Matched:
         - @ConditionalOnClass found required class 'org.springframework.boot.context.properties.bind.BindResult' (OnClassCondition)

   SpringDocConfiguration#springdocBeanFactoryPostProcessor2:
      Did not match:
         - @ConditionalOnMissingClass found unwanted class 'org.springframework.boot.context.properties.bind.BindResult' (OnClassCondition)

   SpringDocConfiguration.SpringDocActuatorConfiguration:
      Did not match:
         - @ConditionalOnProperty (springdoc.show-actuator) did not find property 'springdoc.show-actuator' (OnPropertyCondition)
      Matched:
         - @ConditionalOnClass found required class 'org.springframework.boot.actuate.autoconfigure.endpoint.web.WebEndpointProperties' (OnClassCondition)

   SpringDocConfiguration.SpringDocRepositoryRestConfiguration:
      Did not match:
         - @ConditionalOnClass did not find required class 'org.springframework.data.rest.core.config.RepositoryRestConfiguration' (OnClassCondition)

   SpringDocDataRestConfiguration:
      Did not match:
         - @ConditionalOnClass did not find required class 'org.springframework.data.rest.core.config.RepositoryRestConfiguration' (OnClassCondition)

   SpringDocFunctionCatalogConfiguration:
      Did not match:
         - @ConditionalOnClass did not find required class 'org.springframework.cloud.function.web.function.FunctionEndpointInitializer' (OnClassCondition)

   SpringDocGroovyConfiguration:
      Did not match:
         - @ConditionalOnClass did not find required class 'groovy.lang.MetaClass' (OnClassCondition)

   SpringDocHateoasConfiguration:
      Did not match:
         - @ConditionalOnClass did not find required class 'org.springframework.hateoas.server.LinkRelationProvider' (OnClassCondition)

   SpringDocJacksonKotlinModuleConfiguration:
      Did not match:
         - @ConditionalOnClass did not find required class 'com.fasterxml.jackson.module.kotlin.KotlinModule' (OnClassCondition)

   SpringDocJavadocConfiguration:
      Did not match:
         - @ConditionalOnClass did not find required class 'com.github.therapi.runtimejavadoc.CommentFormatter' (OnClassCondition)

   SpringDocKotlinConfiguration:
      Did not match:
         - @ConditionalOnClass did not find required class 'kotlin.coroutines.Continuation' (OnClassCondition)

   SpringDocKotlinxConfiguration:
      Did not match:
         - @ConditionalOnClass did not find required class 'kotlinx.coroutines.flow.Flow' (OnClassCondition)

   SpringDocSecurityConfiguration.SpringDocSecurityOAuth2ClientConfiguration:
      Did not match:
         - @ConditionalOnClass did not find required class 'org.springframework.security.oauth2.client.annotation.RegisteredOAuth2AuthorizedClient' (OnClassCondition)

   SpringDocSecurityConfiguration.SpringDocSecurityOAuth2Configuration:
      Did not match:
         - @ConditionalOnClass did not find required class 'org.springframework.security.oauth2.server.authorization.OAuth2AuthorizationService' (OnClassCondition)

   SpringDocSecurityConfiguration.SpringSecurityLoginEndpointConfiguration#springSecurityLoginEndpointCustomizer:
      Did not match:
         - @ConditionalOnProperty (springdoc.show-login-endpoint) did not find property 'springdoc.show-login-endpoint' (OnPropertyCondition)

   SpringDocSortConfiguration#dataRestDelegatingMethodParameterCustomizer:
      Did not match:
         - @ConditionalOnMissingBean (types: org.springdoc.core.customizers.DataRestDelegatingMethodParameterCustomizer; SearchStrategy: all) found beans of type 'org.springdoc.core.customizers.DataRestDelegatingMethodParameterCustomizer' dataRestDelegatingMethodParameterCustomizer (OnBeanCondition)

   SpringDocWebMvcConfiguration.SpringDocWebMvcActuatorConfiguration#actuatorProvider:
      Did not match:
         - @ConditionalOnExpression (#{${springdoc.show-actuator:false} or ${springdoc.use-management-port:false}}) resulted in false (OnExpressionCondition)

   SpringDocWebMvcConfiguration.SpringDocWebMvcActuatorConfiguration#openApiActuatorResource:
      Did not match:
         - @ConditionalOnExpression (#{${springdoc.use-management-port:false} and ${springdoc.enable-default-api-docs:true}}) resulted in false (OnExpressionCondition)

   StackdriverMetricsExportAutoConfiguration:
      Did not match:
         - @ConditionalOnClass did not find required class 'io.micrometer.stackdriver.StackdriverMeterRegistry' (OnClassCondition)

   StartupEndpointAutoConfiguration:
      Did not match:
         - ApplicationStartup configured applicationStartup is of type class org.springframework.core.metrics.DefaultApplicationStartup, expected BufferingApplicationStartup. (StartupEndpointAutoConfiguration.ApplicationStartupCondition)

   StatsdMetricsExportAutoConfiguration:
      Did not match:
         - @ConditionalOnClass did not find required class 'io.micrometer.statsd.StatsdMeterRegistry' (OnClassCondition)

   SwaggerConfig#springWebProvider:
      Did not match:
         - @ConditionalOnMissingBean (types: org.springdoc.core.providers.SpringWebProvider; SearchStrategy: all) found beans of type 'org.springdoc.core.providers.SpringWebProvider' springWebProvider (OnBeanCondition)

   SwaggerConfig#swaggerUiHome:
      Did not match:
         - @ConditionalOnProperty (springdoc.swagger-ui.use-root-path=true) did not find property 'springdoc.swagger-ui.use-root-path' (OnPropertyCondition)

   SwaggerConfig.SwaggerActuatorWelcomeConfiguration:
      Did not match:
         - @ConditionalOnProperty (springdoc.use-management-port) did not find property 'springdoc.use-management-port' (OnPropertyCondition)
      Matched:
         - @ConditionalOnClass found required class 'org.springframework.boot.actuate.endpoint.web.servlet.WebMvcEndpointHandlerMapping' (OnClassCondition)

   TaskExecutorConfigurations.SimpleAsyncTaskExecutorBuilderConfiguration#simpleAsyncTaskExecutorBuilderVirtualThreads:
      Did not match:
         - @ConditionalOnMissingBean (types: org.springframework.boot.task.SimpleAsyncTaskExecutorBuilder; SearchStrategy: all) found beans of type 'org.springframework.boot.task.SimpleAsyncTaskExecutorBuilder' simpleAsyncTaskExecutorBuilder (OnBeanCondition)

   TaskExecutorConfigurations.TaskExecutorConfiguration#applicationTaskExecutorVirtualThreads:
      Did not match:
         - @ConditionalOnThreading did not find VIRTUAL (OnThreadingCondition)

   TaskSchedulingAutoConfiguration#scheduledBeanLazyInitializationExcludeFilter:
      Did not match:
         - @ConditionalOnBean (names: org.springframework.context.annotation.internalScheduledAnnotationProcessor; SearchStrategy: all) did not find any beans named org.springframework.context.annotation.internalScheduledAnnotationProcessor (OnBeanCondition)

   TaskSchedulingConfigurations.SimpleAsyncTaskSchedulerBuilderConfiguration#simpleAsyncTaskSchedulerBuilderVirtualThreads:
      Did not match:
         - @ConditionalOnMissingBean (types: org.springframework.boot.task.SimpleAsyncTaskSchedulerBuilder; SearchStrategy: all) found beans of type 'org.springframework.boot.task.SimpleAsyncTaskSchedulerBuilder' simpleAsyncTaskSchedulerBuilder (OnBeanCondition)

   TaskSchedulingConfigurations.TaskSchedulerConfiguration:
      Did not match:
         - @ConditionalOnBean (names: org.springframework.context.annotation.internalScheduledAnnotationProcessor; SearchStrategy: all) did not find any beans named org.springframework.context.annotation.internalScheduledAnnotationProcessor (OnBeanCondition)

   ThreadDumpEndpointAutoConfiguration:
      Did not match:
         - @ConditionalOnAvailableEndpoint not exposed (OnAvailableEndpointCondition)

   ThymeleafAutoConfiguration:
      Did not match:
         - @ConditionalOnClass did not find required class 'org.thymeleaf.spring6.SpringTemplateEngine' (OnClassCondition)

   TransactionAutoConfiguration#transactionalOperator:
      Did not match:
         - @ConditionalOnSingleCandidate (types: org.springframework.transaction.ReactiveTransactionManager; SearchStrategy: all) did not find any beans (OnBeanCondition)

   TransactionAutoConfiguration.AspectJTransactionManagementConfiguration:
      Did not match:
         - @ConditionalOnBean (types: org.springframework.transaction.aspectj.AbstractTransactionAspect; SearchStrategy: all) did not find any beans of type org.springframework.transaction.aspectj.AbstractTransactionAspect (OnBeanCondition)

   TransactionAutoConfiguration.EnableTransactionManagementConfiguration.JdkDynamicAutoProxyConfiguration:
      Did not match:
         - @ConditionalOnProperty (spring.aop.proxy-target-class=false) did not find property 'proxy-target-class' (OnPropertyCondition)

   UserDetailsServiceAutoConfiguration:
      Did not match:
         - @ConditionalOnMissingBean (types: org.springframework.security.authentication.AuthenticationManager,org.springframework.security.authentication.AuthenticationProvider,org.springframework.security.core.userdetails.UserDetailsService,org.springframework.security.authentication.AuthenticationManagerResolver,org.springframework.security.oauth2.jwt.JwtDecoder; SearchStrategy: all) found beans of type 'org.springframework.security.authentication.AuthenticationManager' authenticationManager and found beans of type 'org.springframework.security.core.userdetails.UserDetailsService' customUserDetailsService (OnBeanCondition)
      Matched:
         - @ConditionalOnClass found required class 'org.springframework.security.authentication.AuthenticationManager' (OnClassCondition)
         - found 'session' scope (OnWebApplicationCondition)
         - AnyNestedCondition 1 matched 2 did not; NestedCondition on UserDetailsServiceAutoConfiguration.MissingAlternativeOrUserPropertiesConfigured.PasswordConfigured @ConditionalOnProperty (spring.security.user.password) did not find property 'password'; NestedCondition on UserDetailsServiceAutoConfiguration.MissingAlternativeOrUserPropertiesConfigured.NameConfigured @ConditionalOnProperty (spring.security.user.name) did not find property 'name'; NestedCondition on UserDetailsServiceAutoConfiguration.MissingAlternativeOrUserPropertiesConfigured.MissingAlternative @ConditionalOnMissingClass did not find unwanted classes 'org.springframework.security.oauth2.client.registration.ClientRegistrationRepository', 'org.springframework.security.oauth2.server.resource.introspection.OpaqueTokenIntrospector', 'org.springframework.security.saml2.provider.service.registration.RelyingPartyRegistrationRepository' (UserDetailsServiceAutoConfiguration.MissingAlternativeOrUserPropertiesConfigured)

   WavefrontAutoConfiguration:
      Did not match:
         - @ConditionalOnClass did not find required class 'com.wavefront.sdk.common.application.ApplicationTags' (OnClassCondition)

   WavefrontMetricsExportAutoConfiguration:
      Did not match:
         - @ConditionalOnClass did not find required class 'com.wavefront.sdk.common.WavefrontSender' (OnClassCondition)

   WavefrontTracingAutoConfiguration:
      Did not match:
         - @ConditionalOnClass did not find required class 'com.wavefront.sdk.common.WavefrontSender' (OnClassCondition)

   WebFluxAutoConfiguration:
      Did not match:
         - not a reactive web application (OnWebApplicationCondition)
      Matched:
         - @ConditionalOnClass found required class 'org.springframework.web.reactive.config.WebFluxConfigurer' (OnClassCondition)

   WebFluxEndpointManagementContextConfiguration:
      Did not match:
         - not a reactive web application (OnWebApplicationCondition)
      Matched:
         - @ConditionalOnClass found required classes 'org.springframework.web.reactive.DispatcherHandler', 'org.springframework.http.server.reactive.HttpHandler' (OnClassCondition)

   WebFluxObservationAutoConfiguration:
      Did not match:
         - not a reactive web application (OnWebApplicationCondition)
      Matched:
         - @ConditionalOnClass found required classes 'io.micrometer.observation.Observation', 'io.micrometer.core.instrument.MeterRegistry' (OnClassCondition)

   WebMvcAutoConfiguration#hiddenHttpMethodFilter:
      Did not match:
         - @ConditionalOnProperty (spring.mvc.hiddenmethod.filter.enabled) did not find property 'enabled' (OnPropertyCondition)

   WebMvcAutoConfiguration.ProblemDetailsErrorHandlingConfiguration:
      Did not match:
         - @ConditionalOnProperty (spring.mvc.problemdetails.enabled=true) did not find property 'enabled' (OnPropertyCondition)

   WebMvcAutoConfiguration.WebMvcAutoConfigurationAdapter#beanNameViewResolver:
      Did not match:
         - @ConditionalOnMissingBean (types: org.springframework.web.servlet.view.BeanNameViewResolver; SearchStrategy: all) found beans of type 'org.springframework.web.servlet.view.BeanNameViewResolver' beanNameViewResolver (OnBeanCondition)

   WebMvcEndpointManagementContextConfiguration#managementHealthEndpointWebMvcHandlerMapping:
      Did not match:
         - Management Port actual port type (SAME) did not match required type (DIFFERENT) (OnManagementPortCondition)

   WebServicesAutoConfiguration#wsdlDefinitionBeanFactoryPostProcessor:
      Did not match:
         - WSDL locations did not find property spring.webservices.wsdl-locations (OnWsdlLocationsCondition)

   WebSessionIdResolverAutoConfiguration:
      Did not match:
         - not a reactive web application (OnWebApplicationCondition)
      Matched:
         - @ConditionalOnClass found required classes 'org.springframework.web.server.session.WebSessionManager', 'reactor.core.publisher.Mono' (OnClassCondition)

   WebSocketMessagingAutoConfiguration:
      Did not match:
         - @ConditionalOnClass did not find required class 'org.springframework.web.socket.config.annotation.WebSocketMessageBrokerConfigurer' (OnClassCondition)

   WebSocketReactiveAutoConfiguration:
      Did not match:
         - not a reactive web application (OnWebApplicationCondition)
      Matched:
         - @ConditionalOnClass found required classes 'jakarta.servlet.Servlet', 'jakarta.websocket.server.ServerContainer' (OnClassCondition)

   WebSocketServletAutoConfiguration.JettyWebSocketConfiguration:
      Did not match:
         - @ConditionalOnClass did not find required class 'org.eclipse.jetty.ee10.websocket.jakarta.server.config.JakartaWebSocketServletContainerInitializer' (OnClassCondition)

   WebSocketServletAutoConfiguration.UndertowWebSocketConfiguration:
      Did not match:
         - @ConditionalOnClass did not find required class 'io.undertow.websockets.jsr.Bootstrap' (OnClassCondition)

   XADataSourceAutoConfiguration:
      Did not match:
         - @ConditionalOnBean (types: org.springframework.boot.jdbc.XADataSourceWrapper; SearchStrategy: all) did not find any beans of type org.springframework.boot.jdbc.XADataSourceWrapper (OnBeanCondition)
      Matched:
         - @ConditionalOnClass found required classes 'javax.sql.DataSource', 'jakarta.transaction.TransactionManager', 'org.springframework.jdbc.datasource.embedded.EmbeddedDatabaseType' (OnClassCondition)

   ZipkinAutoConfiguration:
      Did not match:
         - @ConditionalOnClass did not find required class 'zipkin2.reporter.Encoding' (OnClassCondition)


Exclusions:
-----------

    None


Unconditional classes:
----------------------

    org.springframework.boot.autoconfigure.context.ConfigurationPropertiesAutoConfiguration

    org.springframework.boot.actuate.autoconfigure.availability.AvailabilityHealthContributorAutoConfiguration

    org.springframework.boot.autoconfigure.ssl.SslAutoConfiguration

    org.springframework.boot.actuate.autoconfigure.info.InfoContributorAutoConfiguration

    org.springframework.boot.autoconfigure.context.PropertyPlaceholderAutoConfiguration

    org.springframework.boot.autoconfigure.context.LifecycleAutoConfiguration

    org.springframework.boot.actuate.autoconfigure.metrics.integration.IntegrationMetricsAutoConfiguration

    org.springframework.boot.actuate.autoconfigure.endpoint.EndpointAutoConfiguration

    org.springframework.boot.actuate.autoconfigure.web.server.ManagementContextAutoConfiguration

    org.springframework.boot.actuate.autoconfigure.health.HealthContributorAutoConfiguration

    org.springframework.boot.actuate.autoconfigure.endpoint.jackson.JacksonEndpointAutoConfiguration

    org.springdoc.core.configuration.SpringDocSpecPropertiesConfiguration

    org.springframework.boot.autoconfigure.availability.ApplicationAvailabilityAutoConfiguration

    org.springframework.boot.autoconfigure.info.ProjectInfoAutoConfiguration



2025-06-13 17:24:45.232 [main] INFO  TrainUpApplicationTest - Started TrainUpApplicationTest in 8.534 seconds (process running for 48.965)
2025-06-13 17:24:45.233 [main] DEBUG org.springframework.boot.availability.ApplicationAvailabilityBean - Application availability state LivenessState changed to CORRECT
2025-06-13 17:24:45.235 [main] DEBUG org.springframework.boot.availability.ApplicationAvailabilityBean - Application availability state ReadinessState changed to ACCEPTING_TRAFFIC
2025-06-13 17:24:45.235 [main] DEBUG org.springframework.test.context.cache - Spring test ApplicationContext cache statistics: [DefaultContextCache@4b22cb3d size = 2, maxSize = 32, parentContextCount = 0, hitCount = 145, missCount = 2, failureCount = 0]
2025-06-13 17:24:45.235 [main] DEBUG org.springframework.test.context.web.ServletTestExecutionListener - Setting up MockHttpServletRequest, MockHttpServletResponse, ServletWebRequest, and RequestContextHolder for test class TrainUpApplicationTest
2025-06-13 17:24:45.236 [main] DEBUG org.springframework.test.context.support.DependencyInjectionTestExecutionListener - Performing dependency injection for test class TrainUpApplicationTest
2025-06-13 17:24:45.236 [main] DEBUG org.springframework.test.context.cache - Spring test ApplicationContext cache statistics: [DefaultContextCache@4b22cb3d size = 2, maxSize = 32, parentContextCount = 0, hitCount = 146, missCount = 2, failureCount = 0]
2025-06-13 17:24:45.236 [main] DEBUG org.springframework.test.context.cache - Spring test ApplicationContext cache statistics: [DefaultContextCache@4b22cb3d size = 2, maxSize = 32, parentContextCount = 0, hitCount = 147, missCount = 2, failureCount = 0]
2025-06-13 17:24:45.237 [main] DEBUG org.springframework.test.context.support.DirtiesContextBeforeModesTestExecutionListener - Before test method: class [TrainUpApplicationTest], method [contextLoads], class annotated with @DirtiesContext [false] with mode [null], method annotated with @DirtiesContext [false] with mode [null]
2025-06-13 17:24:45.238 [main] DEBUG org.springframework.test.context.cache - Spring test ApplicationContext cache statistics: [DefaultContextCache@4b22cb3d size = 2, maxSize = 32, parentContextCount = 0, hitCount = 148, missCount = 2, failureCount = 0]
2025-06-13 17:24:45.238 [main] DEBUG reactor.core.publisher.Hooks - Hooking onLastOperator: org.springframework.security.core.context.SecurityContext
2025-06-13 17:24:45.238 [main] DEBUG org.springframework.test.context.cache - Spring test ApplicationContext cache statistics: [DefaultContextCache@4b22cb3d size = 2, maxSize = 32, parentContextCount = 0, hitCount = 149, missCount = 2, failureCount = 0]
2025-06-13 17:24:45.255 [main] DEBUG org.springframework.test.context.cache - Spring test ApplicationContext cache statistics: [DefaultContextCache@4b22cb3d size = 2, maxSize = 32, parentContextCount = 0, hitCount = 150, missCount = 2, failureCount = 0]
2025-06-13 17:24:45.257 [main] DEBUG org.springframework.test.context.cache - Spring test ApplicationContext cache statistics: [DefaultContextCache@4b22cb3d size = 2, maxSize = 32, parentContextCount = 0, hitCount = 151, missCount = 2, failureCount = 0]
2025-06-13 17:24:45.257 [main] DEBUG org.springframework.test.context.cache - Spring test ApplicationContext cache statistics: [DefaultContextCache@4b22cb3d size = 2, maxSize = 32, parentContextCount = 0, hitCount = 152, missCount = 2, failureCount = 0]
2025-06-13 17:24:45.257 [main] DEBUG org.springframework.test.context.cache - Spring test ApplicationContext cache statistics: [DefaultContextCache@4b22cb3d size = 2, maxSize = 32, parentContextCount = 0, hitCount = 153, missCount = 2, failureCount = 0]
2025-06-13 17:24:45.258 [main] DEBUG org.springframework.test.context.cache - Spring test ApplicationContext cache statistics: [DefaultContextCache@4b22cb3d size = 2, maxSize = 32, parentContextCount = 0, hitCount = 154, missCount = 2, failureCount = 0]
2025-06-13 17:24:45.258 [main] DEBUG org.springframework.test.context.cache - Spring test ApplicationContext cache statistics: [DefaultContextCache@4b22cb3d size = 2, maxSize = 32, parentContextCount = 0, hitCount = 155, missCount = 2, failureCount = 0]
2025-06-13 17:24:45.259 [main] DEBUG org.springframework.test.context.cache - Spring test ApplicationContext cache statistics: [DefaultContextCache@4b22cb3d size = 2, maxSize = 32, parentContextCount = 0, hitCount = 156, missCount = 2, failureCount = 0]
2025-06-13 17:24:45.259 [main] DEBUG org.springframework.test.context.cache - Spring test ApplicationContext cache statistics: [DefaultContextCache@4b22cb3d size = 2, maxSize = 32, parentContextCount = 0, hitCount = 157, missCount = 2, failureCount = 0]
2025-06-13 17:24:45.261 [main] DEBUG reactor.core.publisher.Hooks - Reset onLastOperator: org.springframework.security.core.context.SecurityContext
2025-06-13 17:24:45.261 [main] DEBUG org.springframework.test.context.cache - Spring test ApplicationContext cache statistics: [DefaultContextCache@4b22cb3d size = 2, maxSize = 32, parentContextCount = 0, hitCount = 158, missCount = 2, failureCount = 0]
2025-06-13 17:24:45.261 [main] DEBUG org.springframework.test.context.cache - Spring test ApplicationContext cache statistics: [DefaultContextCache@4b22cb3d size = 2, maxSize = 32, parentContextCount = 0, hitCount = 159, missCount = 2, failureCount = 0]
2025-06-13 17:24:45.261 [main] DEBUG org.springframework.test.context.support.DirtiesContextTestExecutionListener - After test method: class [TrainUpApplicationTest], method [contextLoads], class annotated with @DirtiesContext [false] with mode [null], method annotated with @DirtiesContext [false] with mode [null]
2025-06-13 17:24:45.262 [main] DEBUG org.springframework.test.context.web.ServletTestExecutionListener - Resetting RequestContextHolder for test class TrainUpApplicationTest
]]></system-out>
  </testcase>
</testsuite>